[I 2026-03-03 20:24:53,137] Trial 6 finished with value: 0.05833633308405059 and parameters: {'sigma_noise': 0.20368632046209778, 'A_repulsion': 0.4559426701430546, 'gamma': 0.7114529490961298, 'sigma_update': 0.5382205089955631, 'eta_learning': 0.4829126070179762, 'sigma_boundary': 6.056037532172199, 'alpha': 0.560119703627982}. Best is trial 35 with value: 0.0414124453269231.
[I 2026-03-03 20:24:55,971] Trial 8 finished with value: 0.10513715789228092 and parameters: {'sigma_noise': 0.3066913096500445, 'A_repulsion': 0.1725808762603286, 'gamma': 0.9789071656350321, 'sigma_update': 0.2179307864158345, 'eta_learning': 0.2635755175825922, 'sigma_boundary': 6.268110993116386, 'alpha': 0.2864582694075909}. Best is trial 35 with value: 0.0414124453269231.
[I 2026-03-03 20:25:07,407] Trial 30 finished with value: 1.2252518770862402 and parameters: {'sigma_noise': 0.32322747449055395, 'A_repulsion': 0.1524930850762271, 'gamma': 0.10789150357991117, 'sigma_update': 0.4137876643773199, 'eta_learning': 0.6919045994875622, 'sigma_boundary': 9.775514987403197, 'alpha': 0.17180983078897538}. Best is trial 35 with value: 0.0414124453269231.
[I 2026-03-03 20:25:09,791] Trial 18 finished with value: 0.0705492867319616 and parameters: {'sigma_noise': 0.274120044518479, 'A_repulsion': 0.31773197192352653, 'gamma': 0.7356337488496021, 'sigma_update': 0.42375687070331, 'eta_learning': 0.12147742682391363, 'sigma_boundary': 7.79681778085839, 'alpha': 0.9709674709845137}. Best is trial 35 with value: 0.0414124453269231.
[I 2026-03-03 20:25:17,718] Trial 39 finished with value: 1.1373578572289778 and parameters: {'sigma_noise': 0.18202287133091982, 'A_repulsion': 0.46232260368253636, 'gamma': 0.3231949744573246, 'sigma_update': 0.616483437533021, 'eta_learning': 1.7535999692124906, 'sigma_boundary': 4.247832180273185, 'alpha': 0.24642063785574153}. Best is trial 35 with value: 0.0414124453269231.
[I 2026-03-03 20:25:24,940] Trial 10 finished with value: 1.3154244809860585 and parameters: {'sigma_noise': 0.3264227212155946, 'A_repulsion': 0.23466890638450172, 'gamma': 0.9443530794990499, 'sigma_update': 0.2515106838156474, 'eta_learning': 1.1670491802132892, 'sigma_boundary': 4.572950945058122, 'alpha': 0.2268522476279723}. Best is trial 35 with value: 0.0414124453269231.
[I 2026-03-03 20:25:36,187] Trial 9 finished with value: 0.052762462723126666 and parameters: {'sigma_noise': 0.431347192958768, 'A_repulsion': 0.16095855333360737, 'gamma': 0.731047834239784, 'sigma_update': 0.5492558518728407, 'eta_learning': 1.1206627875498827, 'sigma_boundary': 8.412190411321044, 'alpha': 0.848171224152132}. Best is trial 35 with value: 0.0414124453269231.
[I 2026-03-03 20:25:41,047] Trial 17 finished with value: 0.945167899492033 and parameters: {'sigma_noise': 0.3495201187667633, 'A_repulsion': 0.22387684494012156, 'gamma': 0.7592677235287093, 'sigma_update': 0.06386152931157571, 'eta_learning': 2.26261077464235, 'sigma_boundary': 6.641759559266883, 'alpha': 0.37304672955526663}. Best is trial 35 with value: 0.0414124453269231.
[I 2026-03-03 20:25:50,811] Trial 25 finished with value: 0.17158440331964792 and parameters: {'sigma_noise': 0.38742790570567903, 'A_repulsion': 0.2764257935475895, 'gamma': 0.9610894762962354, 'sigma_update': 0.5635159255637752, 'eta_learning': 0.6451627364395021, 'sigma_boundary': 4.931683582495339, 'alpha': 0.45297759119203573}. Best is trial 35 with value: 0.0414124453269231.
[I 2026-03-03 20:25:52,640] Trial 0 finished with value: 0.10130075075077395 and parameters: {'sigma_noise': 0.2524412912302419, 'A_repulsion': 0.4775681386004891, 'gamma': 0.19551156941367936, 'sigma_update': 0.5128359649926263, 'eta_learning': 0.055937969625631905, 'sigma_boundary': 7.869489355530931, 'alpha': 0.05697556185529751}. Best is trial 35 with value: 0.0414124453269231.
[I 2026-03-03 20:25:56,549] Trial 24 finished with value: 0.7040012431349256 and parameters: {'sigma_noise': 0.2781009526591815, 'A_repulsion': 0.4436626414083221, 'gamma': 0.661758681971, 'sigma_update': 0.6784353222532772, 'eta_learning': 0.8568392230549202, 'sigma_boundary': 3.963322059275615, 'alpha': 0.38171456947045723}. Best is trial 35 with value: 0.0414124453269231.
[I 2026-03-03 20:26:08,946] Trial 36 finished with value: 0.06451722133145525 and parameters: {'sigma_noise': 0.3617624590016581, 'A_repulsion': 0.3615247027751687, 'gamma': 0.9963008249389319, 'sigma_update': 0.19994426969567827, 'eta_learning': 1.6789193816219905, 'sigma_boundary': 8.807695233143878, 'alpha': 0.6427422151420931}. Best is trial 35 with value: 0.0414124453269231.
[I 2026-03-03 20:26:20,441] Trial 15 finished with value: 0.06848188876416104 and parameters: {'sigma_noise': 0.38469455105841505, 'A_repulsion': 0.3700265535028349, 'gamma': 0.43991779576999623, 'sigma_update': 0.4023754331182992, 'eta_learning': 2.0629520066145575, 'sigma_boundary': 3.1303040528074138, 'alpha': 0.8346993553371731}. Best is trial 35 with value: 0.0414124453269231.
[I 2026-03-03 20:26:21,844] Trial 13 finished with value: 0.1026144294281827 and parameters: {'sigma_noise': 0.388363787597168, 'A_repulsion': 0.39942316154305557, 'gamma': 0.9043545351129635, 'sigma_update': 0.20126625724410716, 'eta_learning': 0.9068489140468836, 'sigma_boundary': 9.634209796381596, 'alpha': 0.9267822619823518}. Best is trial 35 with value: 0.0414124453269231.
[I 2026-03-03 20:26:52,517] Trial 28 finished with value: 1.3177847619701946 and parameters: {'sigma_noise': 0.4448692549218069, 'A_repulsion': 0.4504306948498358, 'gamma': 0.6729893391217803, 'sigma_update': 0.04408014094853523, 'eta_learning': 2.6258351477395774, 'sigma_boundary': 1.4408717132592037, 'alpha': 0.16058146578931942}. Best is trial 35 with value: 0.0414124453269231.
[I 2026-03-03 20:29:37,494] Trial 41 finished with value: 0.24101088536569587 and parameters: {'sigma_noise': 0.1817231857826006, 'A_repulsion': 0.04161107997553287, 'gamma': 0.2322474779813949, 'sigma_update': 0.043841639687651916, 'eta_learning': 0.5506063033751983, 'sigma_boundary': 2.719475564700364, 'alpha': 0.9938357828359776}. Best is trial 35 with value: 0.0414124453269231.
[I 2026-03-03 20:30:28,212] Trial 40 finished with value: 1.3275756741655533 and parameters: {'sigma_noise': 0.2988113721049389, 'A_repulsion': 0.04965397408829253, 'gamma': 0.8292864440855379, 'sigma_update': 0.025251322061001946, 'eta_learning': 2.3368719284174047, 'sigma_boundary': 6.204344899622061, 'alpha': 0.012624881375587704}. Best is trial 35 with value: 0.0414124453269231.
[I 2026-03-03 20:30:42,234] Trial 45 finished with value: 1.0112379729874632 and parameters: {'sigma_noise': 0.11531530284276315, 'A_repulsion': 0.18263788652256374, 'gamma': 0.965679127019667, 'sigma_update': 0.47018078048700224, 'eta_learning': 2.444712210354836, 'sigma_boundary': 6.387708705506507, 'alpha': 0.0370417172822044}. Best is trial 35 with value: 0.0414124453269231.
[I 2026-03-03 20:31:08,902] Trial 43 finished with value: 0.14199202901030689 and parameters: {'sigma_noise': 0.18700751797154808, 'A_repulsion': 0.1935716455844596, 'gamma': 0.7458388482109787, 'sigma_update': 0.44031552766715304, 'eta_learning': 1.074153637795937, 'sigma_boundary': 3.699280422770397, 'alpha': 0.38232817549827947}. Best is trial 35 with value: 0.0414124453269231.
[I 2026-03-03 20:31:32,092] Trial 48 finished with value: 0.21434093450271133 and parameters: {'sigma_noise': 0.09645353691589334, 'A_repulsion': 0.3976891397474686, 'gamma': 0.7740111696249905, 'sigma_update': 0.6017397466128699, 'eta_learning': 0.37440999040428213, 'sigma_boundary': 1.2030856344527718, 'alpha': 0.9796750289953012}. Best is trial 35 with value: 0.0414124453269231.
[I 2026-03-03 20:32:02,593] Trial 46 finished with value: 1.4083807946458506 and parameters: {'sigma_noise': 0.145979504440775, 'A_repulsion': 0.3860466964908987, 'gamma': 0.669899379640766, 'sigma_update': 0.6975884883827498, 'eta_learning': 2.64560350467143, 'sigma_boundary': 7.742887189036725, 'alpha': 0.019814739908513346}. Best is trial 35 with value: 0.0414124453269231.
[I 2026-03-03 20:32:05,303] Trial 44 finished with value: 0.08792118546609254 and parameters: {'sigma_noise': 0.23170726645792405, 'A_repulsion': 0.25663989615246735, 'gamma': 0.12733982176199893, 'sigma_update': 0.23669874365986512, 'eta_learning': 2.4874411746061105, 'sigma_boundary': 3.500480179694128, 'alpha': 0.7018116769257434}. Best is trial 35 with value: 0.0414124453269231.
[I 2026-03-03 20:32:47,427] Trial 42 finished with value: 0.06433042573214524 and parameters: {'sigma_noise': 0.308908769756583, 'A_repulsion': 0.4395895696137906, 'gamma': 0.9792088581713041, 'sigma_update': 0.2190927155852552, 'eta_learning': 0.3212994636640963, 'sigma_boundary': 3.47593403138386, 'alpha': 0.5725092337749901}. Best is trial 35 with value: 0.0414124453269231.
[I 2026-03-03 20:33:06,759] Trial 47 finished with value: 0.20011657590839485 and parameters: {'sigma_noise': 0.2106334812606287, 'A_repulsion': 0.43789479351496435, 'gamma': 0.0985310016810653, 'sigma_update': 0.18436600609711007, 'eta_learning': 0.23580799090609772, 'sigma_boundary': 0.27488765468113363, 'alpha': 0.81393287923236}. Best is trial 35 with value: 0.0414124453269231.
[I 2026-03-03 20:33:46,995] Trial 52 finished with value: 0.5274424937217534 and parameters: {'sigma_noise': 0.37242840872822003, 'A_repulsion': 0.16749580035799044, 'gamma': 0.9873807701314021, 'sigma_update': 0.5676899192297382, 'eta_learning': 2.475871862683307, 'sigma_boundary': 4.975856453390066, 'alpha': 0.3600499405602623}. Best is trial 35 with value: 0.0414124453269231.
[I 2026-03-03 20:33:50,903] Trial 50 finished with value: 0.7907810159341173 and parameters: {'sigma_noise': 0.3908219587271768, 'A_repulsion': 0.1863136531602411, 'gamma': 0.9357792125819281, 'sigma_update': 0.6794241966683064, 'eta_learning': 2.7908332939232263, 'sigma_boundary': 9.223492946705955, 'alpha': 0.35279640974750337}. Best is trial 35 with value: 0.0414124453269231.
[I 2026-03-03 20:33:59,226] Trial 72 finished with value: 0.03586004684733608 and parameters: {'sigma_noise': 0.2419993763061206, 'A_repulsion': 0.0011523566707033629, 'gamma': 0.8060993327533856, 'sigma_update': 0.4946760626072207, 'eta_learning': 2.9192804851670378, 'sigma_boundary': 8.53549120927187, 'alpha': 0.747159667868878}. Best is trial 72 with value: 0.03586004684733608.
[I 2026-03-03 20:34:06,544] Trial 53 finished with value: 0.2720903601482403 and parameters: {'sigma_noise': 0.38833616728690457, 'A_repulsion': 0.1704634046539987, 'gamma': 0.8045292304857304, 'sigma_update': 0.5534236228678238, 'eta_learning': 2.5580066913195103, 'sigma_boundary': 0.16454305520890333, 'alpha': 0.3537173921553747}. Best is trial 72 with value: 0.03586004684733608.
[I 2026-03-03 20:34:27,118] Trial 75 finished with value: 0.0523074417031173 and parameters: {'sigma_noise': 0.2107159023721989, 'A_repulsion': 0.0597002182177502, 'gamma': 0.831317853835999, 'sigma_update': 0.3104268900861756, 'eta_learning': 2.8288779540340565, 'sigma_boundary': 8.772951945352524, 'alpha': 0.726334770258475}. Best is trial 72 with value: 0.03586004684733608.
[I 2026-03-03 20:34:35,773] Trial 71 finished with value: 0.03592970145964512 and parameters: {'sigma_noise': 0.2413755321768426, 'A_repulsion': 0.060758524630216894, 'gamma': 0.8090855128569628, 'sigma_update': 0.31057453150101866, 'eta_learning': 2.979995396384703, 'sigma_boundary': 3.8711249509076797, 'alpha': 0.7382520487020352}. Best is trial 72 with value: 0.03586004684733608.
[I 2026-03-03 20:34:44,258] Trial 73 finished with value: 0.04379259479438293 and parameters: {'sigma_noise': 0.23998945706928015, 'A_repulsion': 0.058978572601055344, 'gamma': 0.6170009667359583, 'sigma_update': 0.4839196686655125, 'eta_learning': 2.8899257531657403, 'sigma_boundary': 8.742797548738226, 'alpha': 0.7017295861136046}. Best is trial 72 with value: 0.03586004684733608.
[I 2026-03-03 20:34:46,976] Trial 54 finished with value: 0.7241106077471917 and parameters: {'sigma_noise': 0.40415810943798575, 'A_repulsion': 0.17372870371780874, 'gamma': 0.16244156140226707, 'sigma_update': 0.5686628226007937, 'eta_learning': 2.4849355827967505, 'sigma_boundary': 5.240728821807069, 'alpha': 0.3774970754115287}. Best is trial 72 with value: 0.03586004684733608.
[I 2026-03-03 20:34:48,866] Trial 74 finished with value: 0.03614338760566779 and parameters: {'sigma_noise': 0.2367127578001187, 'A_repulsion': 0.0625225512376271, 'gamma': 0.8086912302260763, 'sigma_update': 0.3170364161349145, 'eta_learning': 2.9301281334583793, 'sigma_boundary': 8.816014771747541, 'alpha': 0.7412575348677239}. Best is trial 72 with value: 0.03586004684733608.
[I 2026-03-03 20:35:10,451] Trial 77 finished with value: 0.043334603547747874 and parameters: {'sigma_noise': 0.21922816631981512, 'A_repulsion': 0.05346632848590397, 'gamma': 0.8109654608193307, 'sigma_update': 0.31321136288498175, 'eta_learning': 2.9380014030123864, 'sigma_boundary': 7.174371243715536, 'alpha': 0.7109836726281461}. Best is trial 72 with value: 0.03586004684733608.
[I 2026-03-03 20:35:17,434] Trial 76 finished with value: 1.2774643091672813 and parameters: {'sigma_noise': 0.2333986279347951, 'A_repulsion': 0.060524646687654705, 'gamma': 0.8033608538552099, 'sigma_update': 0.3025274442903939, 'eta_learning': 2.9239806530843886, 'sigma_boundary': 7.1610643171143, 'alpha': 0.002122810571303979}. Best is trial 72 with value: 0.03586004684733608.
[I 2026-03-03 20:35:25,304] Trial 49 finished with value: 1.070896632187166 and parameters: {'sigma_noise': 0.4096633759794488, 'A_repulsion': 0.4645132500762785, 'gamma': 0.9690804183161668, 'sigma_update': 0.6946581749948041, 'eta_learning': 0.7929917290459843, 'sigma_boundary': 9.63069407068958, 'alpha': 0.3492248517080977}. Best is trial 72 with value: 0.03586004684733608.
[I 2026-03-03 20:35:27,642] Trial 64 finished with value: 0.0514960646735974 and parameters: {'sigma_noise': 0.35482777851431796, 'A_repulsion': 0.15897422568052327, 'gamma': 0.7923793757168633, 'sigma_update': 0.5330650430213952, 'eta_learning': 2.9506657121600846, 'sigma_boundary': 3.8610519931040375, 'alpha': 0.9907909806719875}. Best is trial 72 with value: 0.03586004684733608.
[I 2026-03-03 20:35:30,691] Trial 55 finished with value: 0.752376156674792 and parameters: {'sigma_noise': 0.43692470613505585, 'A_repulsion': 0.18395737478407073, 'gamma': 0.1417588210470156, 'sigma_update': 0.5586150945600414, 'eta_learning': 0.9599021986287554, 'sigma_boundary': 4.968791752843376, 'alpha': 0.3679587985778525}. Best is trial 72 with value: 0.03586004684733608.
[I 2026-03-03 20:35:33,155] Trial 51 finished with value: 0.7168602651577201 and parameters: {'sigma_noise': 0.3857397261137083, 'A_repulsion': 0.49153925344943833, 'gamma': 0.9765857299816818, 'sigma_update': 0.5826640869230532, 'eta_learning': 2.656214884573585, 'sigma_boundary': 9.861682973335585, 'alpha': 0.38318219497889444}. Best is trial 72 with value: 0.03586004684733608.
[I 2026-03-03 20:35:49,769] Trial 59 finished with value: 0.23811338935181542 and parameters: {'sigma_noise': 0.4067713282799617, 'A_repulsion': 0.1549552603063011, 'gamma': 0.8520854051993448, 'sigma_update': 0.5499726113145204, 'eta_learning': 2.915119822770081, 'sigma_boundary': 0.15684180181288543, 'alpha': 0.3570262096077594}. Best is trial 72 with value: 0.03586004684733608.
[I 2026-03-03 20:35:52,697] Trial 56 finished with value: 0.17817038812607705 and parameters: {'sigma_noise': 0.39433717021157416, 'A_repulsion': 0.18921042837435106, 'gamma': 0.14537195137318926, 'sigma_update': 0.5377720880104261, 'eta_learning': 0.8631070804247922, 'sigma_boundary': 0.08311301947311289, 'alpha': 0.36430229364620836}. Best is trial 72 with value: 0.03586004684733608.
[I 2026-03-03 20:36:01,139] Trial 78 finished with value: 1.282383535580447 and parameters: {'sigma_noise': 0.23666609437017067, 'A_repulsion': 0.06631105593336675, 'gamma': 0.808905331579171, 'sigma_update': 0.3060306292321716, 'eta_learning': 2.876811657439741, 'sigma_boundary': 5.595007666340797, 'alpha': 0.02432689417816744}. Best is trial 72 with value: 0.03586004684733608.
[I 2026-03-03 20:36:02,152] Trial 63 finished with value: 0.05680648687178658 and parameters: {'sigma_noise': 0.3320344894398744, 'A_repulsion': 0.17993656513003775, 'gamma': 0.784670735263413, 'sigma_update': 0.5277896412904025, 'eta_learning': 2.996496978605726, 'sigma_boundary': 5.292461831470394, 'alpha': 0.9961875917582509}. Best is trial 72 with value: 0.03586004684733608.
[I 2026-03-03 20:36:09,407] Trial 62 finished with value: 0.48638924375587195 and parameters: {'sigma_noise': 0.3942964564761047, 'A_repulsion': 0.1657823502907807, 'gamma': 0.7993120289820899, 'sigma_update': 0.5228740702430993, 'eta_learning': 2.9710214112923694, 'sigma_boundary': 4.058157752761105, 'alpha': 0.3909020640655258}. Best is trial 72 with value: 0.03586004684733608.
[I 2026-03-03 20:36:13,995] Trial 58 finished with value: 0.053025228439110395 and parameters: {'sigma_noise': 0.39979073372429136, 'A_repulsion': 0.18226067412407668, 'gamma': 0.8334239398424637, 'sigma_update': 0.5467113169807974, 'eta_learning': 1.1189267723049992, 'sigma_boundary': 0.04696716694372549, 'alpha': 0.38666600037021714}. Best is trial 72 with value: 0.03586004684733608.
[I 2026-03-03 20:36:16,329] Trial 57 finished with value: 0.6823390728484748 and parameters: {'sigma_noise': 0.4223661633626553, 'A_repulsion': 0.173386241570319, 'gamma': 0.17250669605636787, 'sigma_update': 0.5411678491488959, 'eta_learning': 1.1123698767628176, 'sigma_boundary': 5.311307289207591, 'alpha': 0.37217279249113183}. Best is trial 72 with value: 0.03586004684733608.
[I 2026-03-03 20:36:18,748] Trial 61 finished with value: 0.5536221014571119 and parameters: {'sigma_noise': 0.4096092548586896, 'A_repulsion': 0.17869387306847945, 'gamma': 0.8305943924009129, 'sigma_update': 0.5352979870780565, 'eta_learning': 2.999372855855304, 'sigma_boundary': 4.248799742588089, 'alpha': 0.38185503889382977}. Best is trial 72 with value: 0.03586004684733608.
[I 2026-03-03 20:36:21,034] Trial 60 finished with value: 0.5809298823898366 and parameters: {'sigma_noise': 0.40862947775940295, 'A_repulsion': 0.1784519034120004, 'gamma': 0.8565212251582919, 'sigma_update': 0.5294608865394482, 'eta_learning': 2.998275015370639, 'sigma_boundary': 4.238349734958604, 'alpha': 0.37580416839763386}. Best is trial 72 with value: 0.03586004684733608.
[I 2026-03-03 20:36:22,036] Trial 65 finished with value: 0.05293991246510077 and parameters: {'sigma_noise': 0.3377091425496594, 'A_repulsion': 0.15579961887433136, 'gamma': 0.8125191178859745, 'sigma_update': 0.5327356279404727, 'eta_learning': 2.909882535331745, 'sigma_boundary': 4.328865030966485, 'alpha': 0.9937815496090434}. Best is trial 72 with value: 0.03586004684733608.
[I 2026-03-03 20:36:36,880] Trial 79 finished with value: 1.2849802715893117 and parameters: {'sigma_noise': 0.23338278883803232, 'A_repulsion': 0.05550515447654522, 'gamma': 0.8157862221523025, 'sigma_update': 0.49858025572791487, 'eta_learning': 2.97985971329061, 'sigma_boundary': 5.6049381144884665, 'alpha': 0.008212826924029748}. Best is trial 72 with value: 0.03586004684733608.
[I 2026-03-03 20:36:37,116] Trial 69 finished with value: 0.0297113241706128 and parameters: {'sigma_noise': 0.352546846467855, 'A_repulsion': 0.123349766171154, 'gamma': 0.8143407821409077, 'sigma_update': 0.524322853501868, 'eta_learning': 2.950185193853583, 'sigma_boundary': 3.9955335244320764, 'alpha': 0.7035982607207438}. Best is trial 69 with value: 0.0297113241706128.
[I 2026-03-03 20:36:56,397] Trial 66 finished with value: 1.370008865397077 and parameters: {'sigma_noise': 0.4156895012965607, 'A_repulsion': 0.14073943660499016, 'gamma': 0.42610333578682796, 'sigma_update': 0.5334925603289336, 'eta_learning': 2.9751156630396123, 'sigma_boundary': 4.758087728890454, 'alpha': 0.001515028502756699}. Best is trial 69 with value: 0.0297113241706128.
[I 2026-03-03 20:37:03,336] Trial 70 finished with value: 0.04513294152642329 and parameters: {'sigma_noise': 0.44644775959011085, 'A_repulsion': 0.06618530274622629, 'gamma': 0.8224049563259982, 'sigma_update': 0.5112833227808069, 'eta_learning': 2.975152791463319, 'sigma_boundary': 3.686098332775564, 'alpha': 0.7195951474156692}. Best is trial 69 with value: 0.0297113241706128.
[I 2026-03-03 20:37:04,424] Trial 67 finished with value: 0.047409307800534775 and parameters: {'sigma_noise': 0.43108579352325027, 'A_repulsion': 0.13260421395641853, 'gamma': 0.810918805215821, 'sigma_update': 0.5114483204993631, 'eta_learning': 2.847319920735028, 'sigma_boundary': 4.919183806874121, 'alpha': 0.9906329432361596}. Best is trial 69 with value: 0.0297113241706128.
[I 2026-03-03 20:37:06,997] Trial 68 finished with value: 0.03681177697254586 and parameters: {'sigma_noise': 0.42899581037852, 'A_repulsion': 0.12191461039025069, 'gamma': 0.8509240992789422, 'sigma_update': 0.5166006458640696, 'eta_learning': 2.9631017565902833, 'sigma_boundary': 3.8222167498316804, 'alpha': 0.6889596192054069}. Best is trial 69 with value: 0.0297113241706128.
[I 2026-03-03 20:39:30,584] Trial 80 finished with value: 0.045627904882609635 and parameters: {'sigma_noise': 0.23141969139582852, 'A_repulsion': 0.06204367495238727, 'gamma': 0.5924086650775113, 'sigma_update': 0.49690583163583724, 'eta_learning': 2.8582714981743638, 'sigma_boundary': 8.76459139759273, 'alpha': 0.7543826159864624}. Best is trial 69 with value: 0.0297113241706128.
[I 2026-03-03 20:40:04,313] Trial 81 finished with value: 0.04666918983806911 and parameters: {'sigma_noise': 0.23073873424131064, 'A_repulsion': 0.003441380746502784, 'gamma': 0.593311631410856, 'sigma_update': 0.5010209067708782, 'eta_learning': 2.726702606223342, 'sigma_boundary': 8.816989731220868, 'alpha': 0.6991660970405565}. Best is trial 69 with value: 0.0297113241706128.
