[I 2026-03-03 19:58:16,983] Trial 113 finished with value: 0.047667753121642786 and parameters: {'sigma_noise': 0.31801893671793086, 'A_repulsion': 0.038168545269017605, 'gamma': 0.8301965506830855, 'sigma_update': 0.14393928682546325, 'eta_learning': 0.9381005178255235, 'sigma_boundary': 4.963510780073944, 'alpha': 0.874613462881194}. Best is trial 88 with value: 0.045064091984971966.
[I 2026-03-03 19:58:20,970] Trial 115 finished with value: 0.04939523371369736 and parameters: {'sigma_noise': 0.32888396242218826, 'A_repulsion': 0.03839532513177226, 'gamma': 0.9002398409914341, 'sigma_update': 0.14200643961211334, 'eta_learning': 2.1337574430788573, 'sigma_boundary': 5.066812128256673, 'alpha': 0.8751035457820009}. Best is trial 88 with value: 0.045064091984971966.
[I 2026-03-03 19:58:22,925] Trial 114 finished with value: 0.048814597540259644 and parameters: {'sigma_noise': 0.3138200591884455, 'A_repulsion': 0.050182305317106456, 'gamma': 0.9125769202195421, 'sigma_update': 0.15129512263428638, 'eta_learning': 0.34429338049927594, 'sigma_boundary': 5.030734761293399, 'alpha': 0.8741111207230907}. Best is trial 88 with value: 0.045064091984971966.
[I 2026-03-03 19:58:33,874] Trial 116 finished with value: 0.05218557305388717 and parameters: {'sigma_noise': 0.32424463922178454, 'A_repulsion': 0.04548415821078691, 'gamma': 0.9089139017778803, 'sigma_update': 0.1527696995393756, 'eta_learning': 0.3247904279365954, 'sigma_boundary': 5.0376051983534404, 'alpha': 0.8741440614921945}. Best is trial 88 with value: 0.045064091984971966.
[I 2026-03-03 19:58:35,809] Trial 118 finished with value: 0.04968982032151538 and parameters: {'sigma_noise': 0.323115257279227, 'A_repulsion': 0.04273234400026149, 'gamma': 0.9184136003077842, 'sigma_update': 0.1457758579409702, 'eta_learning': 0.9515168314064757, 'sigma_boundary': 4.959360189830612, 'alpha': 0.867484995212178}. Best is trial 88 with value: 0.045064091984971966.
[I 2026-03-03 19:58:46,430] Trial 117 finished with value: 0.04580627518891799 and parameters: {'sigma_noise': 0.3193015731731669, 'A_repulsion': 0.042405542106014125, 'gamma': 0.9367514687730086, 'sigma_update': 0.14467304665083358, 'eta_learning': 0.9862208820152465, 'sigma_boundary': 5.096314725017201, 'alpha': 0.8669193004476461}. Best is trial 88 with value: 0.045064091984971966.
[I 2026-03-03 19:58:47,763] Trial 119 finished with value: 0.05326099917469828 and parameters: {'sigma_noise': 0.32220248176882704, 'A_repulsion': 0.04094981293214889, 'gamma': 0.9195252082463592, 'sigma_update': 0.23772877880128807, 'eta_learning': 2.415900003129909, 'sigma_boundary': 5.1046345292440005, 'alpha': 0.8732961604260622}. Best is trial 88 with value: 0.045064091984971966.
[I 2026-03-03 20:01:06,586] Trial 120 finished with value: 0.054706141595922145 and parameters: {'sigma_noise': 0.32535354110956827, 'A_repulsion': 0.04166061724405108, 'gamma': 0.9352834618088299, 'sigma_update': 0.14252642944048008, 'eta_learning': 0.8976806883564988, 'sigma_boundary': 4.861118894885013, 'alpha': 0.8752845727085575}. Best is trial 88 with value: 0.045064091984971966.
[I 2026-03-03 20:01:11,829] Trial 121 finished with value: 0.052186628932486614 and parameters: {'sigma_noise': 0.32371601810127426, 'A_repulsion': 0.0404023035630226, 'gamma': 0.9114958856261093, 'sigma_update': 0.14349256810825378, 'eta_learning': 0.967634114703431, 'sigma_boundary': 5.157711924447755, 'alpha': 0.9390103377380666}. Best is trial 88 with value: 0.045064091984971966.
[I 2026-03-03 20:02:07,172] Trial 123 finished with value: 0.04953339443006309 and parameters: {'sigma_noise': 0.3171319743173587, 'A_repulsion': 0.041248162139077026, 'gamma': 0.9135737992106538, 'sigma_update': 0.1474318359780753, 'eta_learning': 2.0080456630508063, 'sigma_boundary': 5.044200974091626, 'alpha': 0.8715211255969197}. Best is trial 88 with value: 0.045064091984971966.
[I 2026-03-03 20:02:21,801] Trial 122 finished with value: 0.05167883983233629 and parameters: {'sigma_noise': 0.32479706222775595, 'A_repulsion': 0.04557249129506187, 'gamma': 0.9136621316794991, 'sigma_update': 0.1453442315787546, 'eta_learning': 0.9462783619371475, 'sigma_boundary': 4.843700198977085, 'alpha': 0.8768959186374367}. Best is trial 88 with value: 0.045064091984971966.
[I 2026-03-03 20:02:34,896] Trial 124 finished with value: 0.05250312466742816 and parameters: {'sigma_noise': 0.32499288088723705, 'A_repulsion': 0.04015737325492491, 'gamma': 0.8283206330653441, 'sigma_update': 0.1525553280430857, 'eta_learning': 2.3856419090761865, 'sigma_boundary': 4.5867028745308565, 'alpha': 0.9413462812202334}. Best is trial 88 with value: 0.045064091984971966.
[I 2026-03-03 20:02:40,008] Trial 125 finished with value: 0.05407529976827406 and parameters: {'sigma_noise': 0.3230171791663863, 'A_repulsion': 0.0414663982494774, 'gamma': 0.9290526634910867, 'sigma_update': 0.2425215548140629, 'eta_learning': 1.011540927111187, 'sigma_boundary': 9.443235382953848, 'alpha': 0.8764399810301096}. Best is trial 88 with value: 0.045064091984971966.
[I 2026-03-03 20:03:26,228] Trial 126 finished with value: 0.054698939711394313 and parameters: {'sigma_noise': 0.3236148290383895, 'A_repulsion': 0.04915397605950158, 'gamma': 0.9268534841674406, 'sigma_update': 0.15523412452740493, 'eta_learning': 2.464782809165524, 'sigma_boundary': 5.037454625666628, 'alpha': 0.9429750534910903}. Best is trial 88 with value: 0.045064091984971966.
[I 2026-03-03 20:03:41,026] Trial 127 finished with value: 0.047839913105934995 and parameters: {'sigma_noise': 0.32625321084101816, 'A_repulsion': 0.05191396649303597, 'gamma': 0.9225538671287165, 'sigma_update': 0.15014046298399464, 'eta_learning': 2.4056225848265385, 'sigma_boundary': 5.007197349526321, 'alpha': 0.9489220272615428}. Best is trial 88 with value: 0.045064091984971966.
[I 2026-03-03 20:03:51,610] Trial 128 finished with value: 0.0467385610391896 and parameters: {'sigma_noise': 0.3216327489568616, 'A_repulsion': 0.03403464900111536, 'gamma': 0.8962763955636657, 'sigma_update': 0.2473626768504904, 'eta_learning': 2.4602537821626647, 'sigma_boundary': 5.056075282797808, 'alpha': 0.9414880698475779}. Best is trial 88 with value: 0.045064091984971966.
[I 2026-03-03 20:04:44,658] Trial 129 finished with value: 0.04881643028918785 and parameters: {'sigma_noise': 0.3212394874551964, 'A_repulsion': 0.05558857874836545, 'gamma': 0.9266551864232675, 'sigma_update': 0.1478332737647471, 'eta_learning': 0.9191185401656632, 'sigma_boundary': 5.088303895088526, 'alpha': 0.8769854717157203}. Best is trial 88 with value: 0.045064091984971966.
[I 2026-03-03 20:04:50,427] Trial 136 finished with value: 0.058433039976887986 and parameters: {'sigma_noise': 0.2739696800968674, 'A_repulsion': 0.05467105428609142, 'gamma': 0.9006880742111255, 'sigma_update': 0.2403643389552356, 'eta_learning': 1.117121903307579, 'sigma_boundary': 4.636717267142271, 'alpha': 0.942059033396014}. Best is trial 88 with value: 0.045064091984971966.
[I 2026-03-03 20:05:02,558] Trial 141 finished with value: 0.042357829799654204 and parameters: {'sigma_noise': 0.27441442618276524, 'A_repulsion': 0.061761289298872535, 'gamma': 0.8419671269724965, 'sigma_update': 0.14388568209156039, 'eta_learning': 2.448128265949758, 'sigma_boundary': 4.159765681337927, 'alpha': 0.9417849256989876}. Best is trial 141 with value: 0.042357829799654204.
[I 2026-03-03 20:05:03,418] Trial 135 finished with value: 0.06224286150458796 and parameters: {'sigma_noise': 0.2718267119989677, 'A_repulsion': 0.061832428786400453, 'gamma': 0.9115421179410749, 'sigma_update': 0.24553285263118468, 'eta_learning': 2.4456335008902457, 'sigma_boundary': 4.52523979014879, 'alpha': 0.9418890598658639}. Best is trial 141 with value: 0.042357829799654204.
[I 2026-03-03 20:05:06,174] Trial 138 finished with value: 0.0495049206658084 and parameters: {'sigma_noise': 0.2742994181162485, 'A_repulsion': 0.05614289899029768, 'gamma': 0.8344294693158124, 'sigma_update': 0.14708292122710948, 'eta_learning': 2.0761503281571496, 'sigma_boundary': 4.2458036817878755, 'alpha': 0.9376534243993592}. Best is trial 141 with value: 0.042357829799654204.
[I 2026-03-03 20:05:07,819] Trial 134 finished with value: 0.05185044639842086 and parameters: {'sigma_noise': 0.2724161461124092, 'A_repulsion': 0.05536809023889327, 'gamma': 0.8962536104675612, 'sigma_update': 0.14297956115191282, 'eta_learning': 1.027116887800599, 'sigma_boundary': 4.991990456595382, 'alpha': 0.9386123675712382}. Best is trial 141 with value: 0.042357829799654204.
[I 2026-03-03 20:05:08,321] Trial 137 finished with value: 0.05403101946729617 and parameters: {'sigma_noise': 0.2716852882939227, 'A_repulsion': 0.056599861814838864, 'gamma': 0.9120814510730573, 'sigma_update': 0.1384470360711975, 'eta_learning': 2.1196939448531085, 'sigma_boundary': 4.571063767715397, 'alpha': 0.9434761818232335}. Best is trial 141 with value: 0.042357829799654204.
[I 2026-03-03 20:05:13,868] Trial 131 finished with value: 0.05382980531507761 and parameters: {'sigma_noise': 0.31912592227246345, 'A_repulsion': 0.056852959052462036, 'gamma': 0.8256764824636941, 'sigma_update': 0.2395370676179988, 'eta_learning': 0.9720655726264864, 'sigma_boundary': 4.99629080009569, 'alpha': 0.8749258610489767}. Best is trial 141 with value: 0.042357829799654204.
[I 2026-03-03 20:05:14,720] Trial 143 finished with value: 0.04655271649712099 and parameters: {'sigma_noise': 0.270041658452095, 'A_repulsion': 0.028970565940841943, 'gamma': 0.8507039587746391, 'sigma_update': 0.2545088842663149, 'eta_learning': 2.1301275023840063, 'sigma_boundary': 3.7936810170134425, 'alpha': 0.932990604837737}. Best is trial 141 with value: 0.042357829799654204.
[I 2026-03-03 20:05:22,370] Trial 133 finished with value: 0.04360110472399854 and parameters: {'sigma_noise': 0.3032149936693667, 'A_repulsion': 0.05665866580001468, 'gamma': 0.8372315428646692, 'sigma_update': 0.24385280519253355, 'eta_learning': 0.9728852461246204, 'sigma_boundary': 5.019948623381486, 'alpha': 0.9443373718571991}. Best is trial 141 with value: 0.042357829799654204.
[I 2026-03-03 20:05:22,953] Trial 132 finished with value: 0.05960519543856087 and parameters: {'sigma_noise': 0.3162350316132004, 'A_repulsion': 0.04900794874218489, 'gamma': 0.9307090236394266, 'sigma_update': 0.2421846063216116, 'eta_learning': 0.9469224845848878, 'sigma_boundary': 4.984099025787862, 'alpha': 0.9389039214506768}. Best is trial 141 with value: 0.042357829799654204.
[I 2026-03-03 20:05:24,539] Trial 130 finished with value: 0.05098303595487616 and parameters: {'sigma_noise': 0.32321550477826577, 'A_repulsion': 0.05233219018547812, 'gamma': 0.9262478869030032, 'sigma_update': 0.1458827699066847, 'eta_learning': 0.9210384020832274, 'sigma_boundary': 4.989159018528755, 'alpha': 0.8764381981521127}. Best is trial 141 with value: 0.042357829799654204.
[I 2026-03-03 20:05:24,983] Trial 144 finished with value: 0.051374315891217076 and parameters: {'sigma_noise': 0.27682225849928016, 'A_repulsion': 0.05962215032759485, 'gamma': 0.8383206974410374, 'sigma_update': 0.24920613740228653, 'eta_learning': 1.9395104763444042, 'sigma_boundary': 4.219655027150347, 'alpha': 0.9420585225212919}. Best is trial 141 with value: 0.042357829799654204.
[I 2026-03-03 20:05:31,377] Trial 139 finished with value: 0.04475901012559227 and parameters: {'sigma_noise': 0.3011311781503411, 'A_repulsion': 0.058391680755631246, 'gamma': 0.8326878303589058, 'sigma_update': 0.14468750563260147, 'eta_learning': 2.418932040797185, 'sigma_boundary': 4.426077903506692, 'alpha': 0.9391787431922971}. Best is trial 141 with value: 0.042357829799654204.
[I 2026-03-03 20:05:42,765] Trial 147 finished with value: 0.047433798565719804 and parameters: {'sigma_noise': 0.27314929356625006, 'A_repulsion': 0.06890046996701614, 'gamma': 0.8436162183133069, 'sigma_update': 0.24825451557258277, 'eta_learning': 1.9224998927270867, 'sigma_boundary': 3.805839726195175, 'alpha': 0.9451043439292866}. Best is trial 141 with value: 0.042357829799654204.
[I 2026-03-03 20:05:57,118] Trial 140 finished with value: 0.04686755939743521 and parameters: {'sigma_noise': 0.31198493126940974, 'A_repulsion': 0.058101813838234366, 'gamma': 0.8342448879503629, 'sigma_update': 0.14220976145833064, 'eta_learning': 2.4401871061695943, 'sigma_boundary': 4.523707729476502, 'alpha': 0.9388755168335413}. Best is trial 141 with value: 0.042357829799654204.
[I 2026-03-03 20:05:57,419] Trial 142 finished with value: 0.04412398030234727 and parameters: {'sigma_noise': 0.30463375578423785, 'A_repulsion': 0.06251850808072953, 'gamma': 0.8885579651676192, 'sigma_update': 0.24940256338697867, 'eta_learning': 2.4498110108576343, 'sigma_boundary': 4.202947159329146, 'alpha': 0.9374455102522254}. Best is trial 141 with value: 0.042357829799654204.
[I 2026-03-03 20:06:13,531] Trial 146 finished with value: 0.04883039487472573 and parameters: {'sigma_noise': 0.3051507142347286, 'A_repulsion': 0.056522066242817325, 'gamma': 0.8341720734397464, 'sigma_update': 0.4315340388619694, 'eta_learning': 2.008914853842864, 'sigma_boundary': 4.336891971857674, 'alpha': 0.9452344437424074}. Best is trial 141 with value: 0.042357829799654204.
[I 2026-03-03 20:06:14,815] Trial 148 finished with value: 0.04593796712035307 and parameters: {'sigma_noise': 0.2748508966763585, 'A_repulsion': 0.07908409853053908, 'gamma': 0.8395290905667651, 'sigma_update': 0.44964429293107416, 'eta_learning': 1.9509188120076617, 'sigma_boundary': 4.122945328985113, 'alpha': 0.9425434192651025}. Best is trial 141 with value: 0.042357829799654204.
[I 2026-03-03 20:06:16,725] Trial 145 finished with value: 0.04081615610315169 and parameters: {'sigma_noise': 0.3021398483352602, 'A_repulsion': 0.05536433603813945, 'gamma': 0.8381194729084429, 'sigma_update': 0.2696398661072291, 'eta_learning': 2.0872213432644684, 'sigma_boundary': 4.341113445173023, 'alpha': 0.9515165800902472}. Best is trial 145 with value: 0.04081615610315169.
[I 2026-03-03 20:06:17,357] Trial 151 finished with value: 0.04688692486074904 and parameters: {'sigma_noise': 0.27471033888252233, 'A_repulsion': 0.05958941970976284, 'gamma': 0.8276697341425614, 'sigma_update': 0.43434772398318505, 'eta_learning': 1.931673445080711, 'sigma_boundary': 3.8914171741869295, 'alpha': 0.9420609302720441}. Best is trial 145 with value: 0.04081615610315169.
[I 2026-03-03 20:06:20,510] Trial 154 finished with value: 0.0397090468005737 and parameters: {'sigma_noise': 0.274878004968718, 'A_repulsion': 0.05562903552990161, 'gamma': 0.8395819746706243, 'sigma_update': 0.13913683462034446, 'eta_learning': 2.087347552324167, 'sigma_boundary': 4.252237818970186, 'alpha': 0.9386082117210924}. Best is trial 154 with value: 0.0397090468005737.
[I 2026-03-03 20:06:25,165] Trial 156 finished with value: 0.05373492514873371 and parameters: {'sigma_noise': 0.27598046609815285, 'A_repulsion': 0.06024234048276898, 'gamma': 0.8466140423760097, 'sigma_update': 0.13247352440440271, 'eta_learning': 2.0021415859046368, 'sigma_boundary': 4.251853091186148, 'alpha': 0.9390767125695498}. Best is trial 154 with value: 0.0397090468005737.
[I 2026-03-03 20:06:30,393] Trial 155 finished with value: 0.045614141985412124 and parameters: {'sigma_noise': 0.3031894902539009, 'A_repulsion': 0.02530692269062601, 'gamma': 0.833947279954732, 'sigma_update': 0.13169604815174757, 'eta_learning': 2.021301412306593, 'sigma_boundary': 4.20501783040087, 'alpha': 0.9325264591002755}. Best is trial 154 with value: 0.0397090468005737.
[I 2026-03-03 20:06:35,851] Trial 153 finished with value: 0.04634589498269635 and parameters: {'sigma_noise': 0.27444872604598136, 'A_repulsion': 0.07720394839428316, 'gamma': 0.8435222162244705, 'sigma_update': 0.44400830771037963, 'eta_learning': 2.0115595883148454, 'sigma_boundary': 3.972530862339315, 'alpha': 0.9509391395641366}. Best is trial 154 with value: 0.0397090468005737.
[I 2026-03-03 20:06:42,266] Trial 149 finished with value: 0.04299981745598596 and parameters: {'sigma_noise': 0.302224163847299, 'A_repulsion': 0.07325400598048187, 'gamma': 0.830591804865201, 'sigma_update': 0.4446654395911164, 'eta_learning': 1.9472698901279897, 'sigma_boundary': 4.16249002617417, 'alpha': 0.9497839079974479}. Best is trial 154 with value: 0.0397090468005737.
[I 2026-03-03 20:06:44,414] Trial 152 finished with value: 0.04329990838753342 and parameters: {'sigma_noise': 0.3059773427753025, 'A_repulsion': 0.0590294912918181, 'gamma': 0.8306995122893907, 'sigma_update': 0.4257426457108875, 'eta_learning': 1.9356680785251714, 'sigma_boundary': 4.100628971371343, 'alpha': 0.9427782259967165}. Best is trial 154 with value: 0.0397090468005737.
[I 2026-03-03 20:06:48,559] Trial 150 finished with value: 0.04573114875340212 and parameters: {'sigma_noise': 0.30513180325624967, 'A_repulsion': 0.06425284194307627, 'gamma': 0.8526875634563674, 'sigma_update': 0.43657761219973373, 'eta_learning': 2.078447140352996, 'sigma_boundary': 3.8696267850726254, 'alpha': 0.9430884300921294}. Best is trial 154 with value: 0.0397090468005737.
[I 2026-03-03 20:07:01,109] Trial 159 finished with value: 0.04109903689937064 and parameters: {'sigma_noise': 0.2761634478179832, 'A_repulsion': 0.06423738717786404, 'gamma': 0.846127970675798, 'sigma_update': 0.1370684597065612, 'eta_learning': 2.1077663923008885, 'sigma_boundary': 4.224772722252501, 'alpha': 0.941422176209373}. Best is trial 154 with value: 0.0397090468005737.
[I 2026-03-03 20:07:02,409] Trial 158 finished with value: 0.04145131617129234 and parameters: {'sigma_noise': 0.27291246006361874, 'A_repulsion': 0.06311025531277889, 'gamma': 0.8484942867281442, 'sigma_update': 0.13295659230645354, 'eta_learning': 1.920985731944117, 'sigma_boundary': 4.2814551516726, 'alpha': 0.9455993308413807}. Best is trial 154 with value: 0.0397090468005737.
[I 2026-03-03 20:07:10,782] Trial 157 finished with value: 0.05161452740894202 and parameters: {'sigma_noise': 0.3016833982265292, 'A_repulsion': 0.06303932890448975, 'gamma': 0.8815054241099206, 'sigma_update': 0.12699210495047245, 'eta_learning': 0.29637593390733497, 'sigma_boundary': 4.289119920958637, 'alpha': 0.9329488852052943}. Best is trial 154 with value: 0.0397090468005737.
[I 2026-03-03 20:09:48,642] Trial 160 finished with value: 0.05410580526925753 and parameters: {'sigma_noise': 0.3015904600988718, 'A_repulsion': 0.059519937648444876, 'gamma': 0.8860644852284558, 'sigma_update': 0.12502476939244922, 'eta_learning': 2.0900896886026237, 'sigma_boundary': 4.282025175900375, 'alpha': 0.9474435614337252}. Best is trial 154 with value: 0.0397090468005737.
[I 2026-03-03 20:09:50,530] Trial 161 finished with value: 0.03664429413507307 and parameters: {'sigma_noise': 0.30714211862236446, 'A_repulsion': 0.06548360271776475, 'gamma': 0.8357039293737124, 'sigma_update': 0.12087274442361033, 'eta_learning': 0.2847628432652885, 'sigma_boundary': 4.282107790506403, 'alpha': 0.843796939277781}. Best is trial 161 with value: 0.03664429413507307.
[I 2026-03-03 20:10:30,017] Trial 162 finished with value: 0.05319037166389938 and parameters: {'sigma_noise': 0.30170346943277104, 'A_repulsion': 0.06455351661242276, 'gamma': 0.8388893529779898, 'sigma_update': 0.0963668147888285, 'eta_learning': 2.080172624131737, 'sigma_boundary': 4.100295169631901, 'alpha': 0.932018781575253}. Best is trial 161 with value: 0.03664429413507307.
[I 2026-03-03 20:10:43,219] Trial 163 finished with value: 0.047263813957903064 and parameters: {'sigma_noise': 0.30037605605210616, 'A_repulsion': 0.06838731433432622, 'gamma': 0.8367460483903595, 'sigma_update': 0.12572674910066217, 'eta_learning': 2.150483684242572, 'sigma_boundary': 5.581734897357316, 'alpha': 0.9322681793632451}. Best is trial 161 with value: 0.03664429413507307.
[I 2026-03-03 20:11:01,111] Trial 165 finished with value: 0.04856902677071624 and parameters: {'sigma_noise': 0.30669112256607206, 'A_repulsion': 0.0612939793700284, 'gamma': 0.8799936146937676, 'sigma_update': 0.12232734529432714, 'eta_learning': 2.1198997669369803, 'sigma_boundary': 4.415751245046328, 'alpha': 0.8433538595697642}. Best is trial 161 with value: 0.03664429413507307.
[I 2026-03-03 20:11:03,216] Trial 164 finished with value: 0.05131875469790677 and parameters: {'sigma_noise': 0.3026603994772606, 'A_repulsion': 0.06673632156235379, 'gamma': 0.8845564394987915, 'sigma_update': 0.12706304767572868, 'eta_learning': 2.1255192968245193, 'sigma_boundary': 4.368734746909611, 'alpha': 0.8467435631478362}. Best is trial 161 with value: 0.03664429413507307.
[I 2026-03-03 20:11:51,355] Trial 166 finished with value: 0.04563584928795061 and parameters: {'sigma_noise': 0.2982728124253694, 'A_repulsion': 0.06572431762323272, 'gamma': 0.8816652918485949, 'sigma_update': 0.12628335106007035, 'eta_learning': 2.1066012730241552, 'sigma_boundary': 4.2829648939151435, 'alpha': 0.8470705054695762}. Best is trial 161 with value: 0.03664429413507307.
[I 2026-03-03 20:11:53,083] Trial 167 finished with value: 0.04764921122179705 and parameters: {'sigma_noise': 0.30335767433617383, 'A_repulsion': 0.06019544880676134, 'gamma': 0.8536201608493388, 'sigma_update': 0.12980681940672642, 'eta_learning': 2.146095537394789, 'sigma_boundary': 4.1385117070512925, 'alpha': 0.9052853440319237}. Best is trial 161 with value: 0.03664429413507307.
[I 2026-03-03 20:12:03,698] Trial 168 finished with value: 0.043504067293983775 and parameters: {'sigma_noise': 0.3009552255208683, 'A_repulsion': 0.06643867489481886, 'gamma': 0.8495470685566667, 'sigma_update': 0.09892737036489146, 'eta_learning': 2.079695161716548, 'sigma_boundary': 3.983957574345019, 'alpha': 0.845159575835432}. Best is trial 161 with value: 0.03664429413507307.
