[I 2026-03-03 20:12:21,566] Trial 174 finished with value: 0.043993975510492035 and parameters: {'sigma_noise': 0.25413806804402905, 'A_repulsion': 0.02331869868255186, 'gamma': 0.8582004419485572, 'sigma_update': 0.128813016371724, 'eta_learning': 2.1108353392610644, 'sigma_boundary': 3.853767279392046, 'alpha': 0.9153298137217908}. Best is trial 161 with value: 0.03664429413507307.
[I 2026-03-03 20:12:37,858] Trial 169 finished with value: 0.04831575046137294 and parameters: {'sigma_noise': 0.2755413265986418, 'A_repulsion': 0.07147071144221676, 'gamma': 0.8762826959501344, 'sigma_update': 0.12810455313195185, 'eta_learning': 1.9819648425022276, 'sigma_boundary': 3.996626129029801, 'alpha': 0.906099184867043}. Best is trial 161 with value: 0.03664429413507307.
[I 2026-03-03 20:12:40,496] Trial 177 finished with value: 0.040388577439617934 and parameters: {'sigma_noise': 0.2543425682017334, 'A_repulsion': 0.07656163681249686, 'gamma': 0.9571086501013647, 'sigma_update': 0.10317456822142015, 'eta_learning': 2.288593063291922, 'sigma_boundary': 3.901174383132349, 'alpha': 0.8418016377288998}. Best is trial 161 with value: 0.03664429413507307.
[I 2026-03-03 20:12:45,949] Trial 170 finished with value: 0.07884310867377818 and parameters: {'sigma_noise': 0.308375373070172, 'A_repulsion': 0.06604857068125314, 'gamma': 0.9987423036756338, 'sigma_update': 0.10088696762942911, 'eta_learning': 2.1300026131283896, 'sigma_boundary': 4.0290157053842925, 'alpha': 0.9116064864493924}. Best is trial 161 with value: 0.03664429413507307.
[I 2026-03-03 20:12:50,186] Trial 179 finished with value: 0.051755088203863285 and parameters: {'sigma_noise': 0.2530970872440007, 'A_repulsion': 0.07683118065057205, 'gamma': 0.8517595858783898, 'sigma_update': 0.12388337877936398, 'eta_learning': 1.9526871100412695, 'sigma_boundary': 3.987324769174779, 'alpha': 0.9047199834183391}. Best is trial 161 with value: 0.03664429413507307.
[I 2026-03-03 20:13:06,292] Trial 171 finished with value: 0.050318544342607865 and parameters: {'sigma_noise': 0.3046357026777918, 'A_repulsion': 0.06602693945105928, 'gamma': 0.8572376212530458, 'sigma_update': 0.127979398153575, 'eta_learning': 2.080173877961891, 'sigma_boundary': 4.253037603908281, 'alpha': 0.8430397618239273}. Best is trial 161 with value: 0.03664429413507307.
[I 2026-03-03 20:13:08,113] Trial 182 finished with value: 0.05064693815613838 and parameters: {'sigma_noise': 0.25478099846835356, 'A_repulsion': 0.0813954948282212, 'gamma': 0.8659296585228613, 'sigma_update': 0.0992108911493979, 'eta_learning': 2.1797304798303427, 'sigma_boundary': 3.8976236455147393, 'alpha': 0.9001208680733588}. Best is trial 161 with value: 0.03664429413507307.
[I 2026-03-03 20:13:09,746] Trial 176 finished with value: 0.0621874904706732 and parameters: {'sigma_noise': 0.3004049724975429, 'A_repulsion': 0.08063778621389084, 'gamma': 0.9579644292710664, 'sigma_update': 0.1280559254124338, 'eta_learning': 2.312195540162294, 'sigma_boundary': 3.9019996828778942, 'alpha': 0.9150902487344239}. Best is trial 161 with value: 0.03664429413507307.
[I 2026-03-03 20:13:14,802] Trial 178 finished with value: 0.0547310913300088 and parameters: {'sigma_noise': 0.3019577684325821, 'A_repulsion': 0.0755139100037244, 'gamma': 0.8475829355627201, 'sigma_update': 0.09535453230600785, 'eta_learning': 1.9379244918441465, 'sigma_boundary': 3.971614473234184, 'alpha': 0.9099119817829663}. Best is trial 161 with value: 0.03664429413507307.
[I 2026-03-03 20:13:16,608] Trial 173 finished with value: 0.060516635658919314 and parameters: {'sigma_noise': 0.30399450923415794, 'A_repulsion': 0.08231277379581747, 'gamma': 0.8659647054558123, 'sigma_update': 0.09876547766644628, 'eta_learning': 2.126310644471173, 'sigma_boundary': 3.91786093770369, 'alpha': 0.9126205346894003}. Best is trial 161 with value: 0.03664429413507307.
[I 2026-03-03 20:13:17,131] Trial 175 finished with value: 0.04823399458913617 and parameters: {'sigma_noise': 0.3002945100091765, 'A_repulsion': 0.0780886896827935, 'gamma': 0.8550010568566179, 'sigma_update': 0.12294173329599872, 'eta_learning': 1.9477817884353996, 'sigma_boundary': 3.801555750797302, 'alpha': 0.9062343394003434}. Best is trial 161 with value: 0.03664429413507307.
[I 2026-03-03 20:13:20,385] Trial 181 finished with value: 0.06195493875333499 and parameters: {'sigma_noise': 0.30047536720095763, 'A_repulsion': 0.07943458403039767, 'gamma': 0.8717121900449418, 'sigma_update': 0.09885527594481575, 'eta_learning': 2.03917196733115, 'sigma_boundary': 4.036677499978678, 'alpha': 0.9077542777539669}. Best is trial 161 with value: 0.03664429413507307.
[I 2026-03-03 20:13:20,948] Trial 172 finished with value: 0.04827854677591867 and parameters: {'sigma_noise': 0.3024085456738701, 'A_repulsion': 0.07970554977703323, 'gamma': 0.8573990095800249, 'sigma_update': 0.12686590345025583, 'eta_learning': 2.088365022476279, 'sigma_boundary': 3.9870937409617233, 'alpha': 0.9076716328379506}. Best is trial 161 with value: 0.03664429413507307.
[I 2026-03-03 20:13:25,165] Trial 186 finished with value: 0.052638352751093666 and parameters: {'sigma_noise': 0.2550633454780044, 'A_repulsion': 0.07944270974038847, 'gamma': 0.8668139835638689, 'sigma_update': 0.12332404277152902, 'eta_learning': 2.298116665031699, 'sigma_boundary': 3.8219361221817225, 'alpha': 0.9052077525518601}. Best is trial 161 with value: 0.03664429413507307.
[I 2026-03-03 20:13:28,251] Trial 190 finished with value: 0.05166844254220461 and parameters: {'sigma_noise': 0.2522080100640814, 'A_repulsion': 0.08384299749787094, 'gamma': 0.8629807546814585, 'sigma_update': 0.2715020313364373, 'eta_learning': 2.294510279218177, 'sigma_boundary': 3.7539828333071963, 'alpha': 0.910122048133293}. Best is trial 161 with value: 0.03664429413507307.
[I 2026-03-03 20:13:28,790] Trial 180 finished with value: 0.044818032616226126 and parameters: {'sigma_noise': 0.3049651339703471, 'A_repulsion': 0.07626089231356067, 'gamma': 0.8512275978151793, 'sigma_update': 0.10970279162542823, 'eta_learning': 1.9463232405323247, 'sigma_boundary': 3.842719289027963, 'alpha': 0.9133173195591687}. Best is trial 161 with value: 0.03664429413507307.
[I 2026-03-03 20:13:29,421] Trial 184 finished with value: 0.048250490546074776 and parameters: {'sigma_noise': 0.2529756732277561, 'A_repulsion': 0.0799921763150774, 'gamma': 0.8636983838976207, 'sigma_update': 0.10030493519032702, 'eta_learning': 2.3287633847003804, 'sigma_boundary': 5.492544528080013, 'alpha': 0.904627231869116}. Best is trial 161 with value: 0.03664429413507307.
[I 2026-03-03 20:13:36,761] Trial 191 finished with value: 0.049325840862869355 and parameters: {'sigma_noise': 0.2540680513541109, 'A_repulsion': 0.07595784594805015, 'gamma': 0.8671905731057084, 'sigma_update': 0.09666695950655538, 'eta_learning': 1.8818236443139569, 'sigma_boundary': 3.773924260755312, 'alpha': 0.8999163842668445}. Best is trial 161 with value: 0.03664429413507307.
[I 2026-03-03 20:13:37,737] Trial 192 finished with value: 0.05257954421172867 and parameters: {'sigma_noise': 0.25687227114731115, 'A_repulsion': 0.07757125863285175, 'gamma': 0.8678469400312749, 'sigma_update': 0.27308110382333517, 'eta_learning': 2.322850967721328, 'sigma_boundary': 3.88944968349273, 'alpha': 0.9072183802496595}. Best is trial 161 with value: 0.03664429413507307.
[I 2026-03-03 20:13:38,557] Trial 183 finished with value: 0.05389445484252467 and parameters: {'sigma_noise': 0.30365545288845125, 'A_repulsion': 0.07697649772114332, 'gamma': 0.9570186595945961, 'sigma_update': 0.12211949825227711, 'eta_learning': 2.286069372348424, 'sigma_boundary': 3.9162262485106387, 'alpha': 0.9133551972619445}. Best is trial 161 with value: 0.03664429413507307.
[I 2026-03-03 20:13:42,936] Trial 193 finished with value: 0.05335275828638936 and parameters: {'sigma_noise': 0.24926958459347415, 'A_repulsion': 0.08066862573017615, 'gamma': 0.8707659444100904, 'sigma_update': 0.2750299256542619, 'eta_learning': 2.321859370869113, 'sigma_boundary': 3.9475250590185467, 'alpha': 0.9125608108907373}. Best is trial 161 with value: 0.03664429413507307.
[I 2026-03-03 20:13:44,874] Trial 188 finished with value: 0.06195283061170678 and parameters: {'sigma_noise': 0.24907311708790017, 'A_repulsion': 0.07901626089740099, 'gamma': 0.8815185876646507, 'sigma_update': 0.26809686149806755, 'eta_learning': 2.31554299847213, 'sigma_boundary': 3.783874003124926, 'alpha': 0.9611460540152771}. Best is trial 161 with value: 0.03664429413507307.
[I 2026-03-03 20:13:45,793] Trial 195 finished with value: 0.05180021947390828 and parameters: {'sigma_noise': 0.2575258031722831, 'A_repulsion': 0.07845507844705242, 'gamma': 0.8707707268430434, 'sigma_update': 0.4752758378703371, 'eta_learning': 2.2734740613671836, 'sigma_boundary': 3.5150978897145544, 'alpha': 0.9162689552509996}. Best is trial 161 with value: 0.03664429413507307.
[I 2026-03-03 20:13:48,989] Trial 189 finished with value: 0.05452832820477216 and parameters: {'sigma_noise': 0.2546770613459711, 'A_repulsion': 0.07886764704347822, 'gamma': 0.8729666389825329, 'sigma_update': 0.2721898191670237, 'eta_learning': 2.3178793001123053, 'sigma_boundary': 3.8306103866850654, 'alpha': 0.9009115874387723}. Best is trial 161 with value: 0.03664429413507307.
[I 2026-03-03 20:13:53,729] Trial 187 finished with value: 0.06007285420339968 and parameters: {'sigma_noise': 0.2993657444975048, 'A_repulsion': 0.07943917145976553, 'gamma': 0.8688664071857614, 'sigma_update': 0.10140404987456167, 'eta_learning': 2.3221737377152625, 'sigma_boundary': 3.93449539107383, 'alpha': 0.9111902928807647}. Best is trial 161 with value: 0.03664429413507307.
[I 2026-03-03 20:13:53,848] Trial 185 finished with value: 0.05740046856519692 and parameters: {'sigma_noise': 0.301752488456676, 'A_repulsion': 0.07971170077799285, 'gamma': 0.8660712292436786, 'sigma_update': 0.10185448361688931, 'eta_learning': 2.319918770302412, 'sigma_boundary': 3.771550884750226, 'alpha': 0.9076448371181153}. Best is trial 161 with value: 0.03664429413507307.
[I 2026-03-03 20:13:55,616] Trial 196 finished with value: 0.052555538007490424 and parameters: {'sigma_noise': 0.2620270776968332, 'A_repulsion': 0.07753352771909355, 'gamma': 0.8722801537425571, 'sigma_update': 0.4609371848241965, 'eta_learning': 1.869004345086351, 'sigma_boundary': 3.543241379310896, 'alpha': 0.9087811562730312}. Best is trial 161 with value: 0.03664429413507307.
[I 2026-03-03 20:13:55,928] Trial 194 finished with value: 0.05085357642007443 and parameters: {'sigma_noise': 0.25933960383732035, 'A_repulsion': 0.07730786978183576, 'gamma': 0.8690043886246789, 'sigma_update': 0.271933234065438, 'eta_learning': 2.2921506716878017, 'sigma_boundary': 3.589911683653976, 'alpha': 0.9057740013443892}. Best is trial 161 with value: 0.03664429413507307.
[I 2026-03-03 20:13:58,875] Trial 198 finished with value: 0.045409880840863545 and parameters: {'sigma_noise': 0.25418893537552495, 'A_repulsion': 0.08286574120004607, 'gamma': 0.7998339877330496, 'sigma_update': 0.4641737236553489, 'eta_learning': 2.294878198789032, 'sigma_boundary': 3.429758318382503, 'alpha': 0.9056074082357168}. Best is trial 161 with value: 0.03664429413507307.
[I 2026-03-03 20:14:00,283] Trial 199 finished with value: 0.05611864727387683 and parameters: {'sigma_noise': 0.24654071079477358, 'A_repulsion': 0.08407250962617238, 'gamma': 0.8672091385616515, 'sigma_update': 0.1054418803990731, 'eta_learning': 2.2945921851928306, 'sigma_boundary': 3.5317250594622047, 'alpha': 0.9101220949161372}. Best is trial 161 with value: 0.03664429413507307.
[I 2026-03-03 20:14:00,449] Trial 197 finished with value: 0.05842102515555153 and parameters: {'sigma_noise': 0.24986913659869348, 'A_repulsion': 0.07835417437797032, 'gamma': 0.8725042394473658, 'sigma_update': 0.374052974287281, 'eta_learning': 2.2951043613854205, 'sigma_boundary': 3.6830009846567693, 'alpha': 0.9056765694052868}. Best is trial 161 with value: 0.03664429413507307.
[I 2026-03-03 20:14:09,352] A new study created in memory with name: no-name-7cd5f2d8-700a-44f7-907a-8b060a257a09
[I 2026-03-03 20:20:08,326] Trial 7 finished with value: 0.32222362625068696 and parameters: {'sigma_noise': 0.05787127373868337, 'A_repulsion': 0.09257970104088947, 'gamma': 0.5457144116781043, 'sigma_update': 0.6542097494711235, 'eta_learning': 1.614797367548748, 'sigma_boundary': 5.103922396028988, 'alpha': 0.10534261251528299}. Best is trial 7 with value: 0.32222362625068696.
[I 2026-03-03 20:20:39,324] Trial 37 finished with value: 0.1823400212614769 and parameters: {'sigma_noise': 0.08728690814997037, 'A_repulsion': 0.09009605035065044, 'gamma': 0.6956121039142508, 'sigma_update': 0.47659477226733676, 'eta_learning': 0.10443999553596695, 'sigma_boundary': 1.7756061531301324, 'alpha': 0.6246236872186139}. Best is trial 37 with value: 0.1823400212614769.
[I 2026-03-03 20:20:40,109] Trial 3 finished with value: 0.128915215404107 and parameters: {'sigma_noise': 0.10931769727280827, 'A_repulsion': 0.02979690348301156, 'gamma': 0.34273397656387483, 'sigma_update': 0.36398367286826533, 'eta_learning': 2.960208839176361, 'sigma_boundary': 9.322784228352308, 'alpha': 0.8197658857688351}. Best is trial 3 with value: 0.128915215404107.
[I 2026-03-03 20:21:09,456] Trial 4 finished with value: 0.4107088053713057 and parameters: {'sigma_noise': 0.1576699464134329, 'A_repulsion': 0.029568882637309057, 'gamma': 0.5874626432775492, 'sigma_update': 0.4560772799257807, 'eta_learning': 1.6444778590413864, 'sigma_boundary': 6.434621862805026, 'alpha': 0.1754824988604048}. Best is trial 3 with value: 0.128915215404107.
[I 2026-03-03 20:21:18,391] Trial 27 finished with value: 0.1849817551066454 and parameters: {'sigma_noise': 0.05746303776172637, 'A_repulsion': 0.2753855319236253, 'gamma': 0.05899393054105384, 'sigma_update': 0.42241004096315926, 'eta_learning': 2.109894283918016, 'sigma_boundary': 8.006352113012772, 'alpha': 0.6039763611195359}. Best is trial 3 with value: 0.128915215404107.
[I 2026-03-03 20:21:38,557] Trial 35 finished with value: 0.0414124453269231 and parameters: {'sigma_noise': 0.193649632081132, 'A_repulsion': 0.011183281798103628, 'gamma': 0.9157348890578308, 'sigma_update': 0.6440639371956507, 'eta_learning': 0.08425383506523955, 'sigma_boundary': 8.365390936116672, 'alpha': 0.21412276824864307}. Best is trial 35 with value: 0.0414124453269231.
[I 2026-03-03 20:21:46,145] Trial 21 finished with value: 0.265887868382201 and parameters: {'sigma_noise': 0.08881362231625972, 'A_repulsion': 0.20024548221880634, 'gamma': 0.36984660207650216, 'sigma_update': 0.04521716793953176, 'eta_learning': 1.48632334130941, 'sigma_boundary': 7.588079165232722, 'alpha': 0.2099469865325524}. Best is trial 35 with value: 0.0414124453269231.
[I 2026-03-03 20:22:01,048] Trial 1 finished with value: 0.057544332282936164 and parameters: {'sigma_noise': 0.2392959588595831, 'A_repulsion': 0.0074471008057075405, 'gamma': 0.6804365104476089, 'sigma_update': 0.2422431340032363, 'eta_learning': 0.31871575487899073, 'sigma_boundary': 3.1298808423256705, 'alpha': 0.9030936567683596}. Best is trial 35 with value: 0.0414124453269231.
[I 2026-03-03 20:22:07,651] Trial 33 finished with value: 0.13492464295680534 and parameters: {'sigma_noise': 0.17339328605029758, 'A_repulsion': 0.08744444808829138, 'gamma': 0.47965494299119293, 'sigma_update': 0.15615433725556258, 'eta_learning': 0.7637900221593136, 'sigma_boundary': 6.84482167951527, 'alpha': 0.8685227178009792}. Best is trial 35 with value: 0.0414124453269231.
[I 2026-03-03 20:22:15,019] Trial 34 finished with value: 0.1493260010416546 and parameters: {'sigma_noise': 0.06202621015525285, 'A_repulsion': 0.37496064060524287, 'gamma': 0.3423285979022741, 'sigma_update': 0.5471784049871283, 'eta_learning': 1.5236723898921962, 'sigma_boundary': 2.6095629267353084, 'alpha': 0.564522124839179}. Best is trial 35 with value: 0.0414124453269231.
[I 2026-03-03 20:22:29,545] Trial 26 finished with value: 0.05143790785774265 and parameters: {'sigma_noise': 0.212269585333197, 'A_repulsion': 0.05471481681642004, 'gamma': 0.4937440726775255, 'sigma_update': 0.47632561293590675, 'eta_learning': 2.3182652447378915, 'sigma_boundary': 6.795701645742765, 'alpha': 0.8755301675534576}. Best is trial 35 with value: 0.0414124453269231.
[I 2026-03-03 20:22:30,878] Trial 29 finished with value: 0.12546352403207456 and parameters: {'sigma_noise': 0.08902357233099459, 'A_repulsion': 0.29950050355039165, 'gamma': 0.9465609477438358, 'sigma_update': 0.6548962021804332, 'eta_learning': 1.8261128669523665, 'sigma_boundary': 2.555591095395524, 'alpha': 0.5761599164221358}. Best is trial 35 with value: 0.0414124453269231.
[I 2026-03-03 20:22:42,602] Trial 5 finished with value: 0.051810363700222094 and parameters: {'sigma_noise': 0.25828508557976665, 'A_repulsion': 0.05530208327745251, 'gamma': 0.5693889954681579, 'sigma_update': 0.3773755080512104, 'eta_learning': 1.6704836864993717, 'sigma_boundary': 9.524345856361267, 'alpha': 0.5873297512211743}. Best is trial 35 with value: 0.0414124453269231.
[I 2026-03-03 20:22:49,760] Trial 38 finished with value: 0.22652515968617276 and parameters: {'sigma_noise': 0.1061802867497522, 'A_repulsion': 0.38672343186026475, 'gamma': 0.988793178994049, 'sigma_update': 0.13907968250642108, 'eta_learning': 1.0299088979302855, 'sigma_boundary': 9.282873066136855, 'alpha': 0.7627936947346097}. Best is trial 35 with value: 0.0414124453269231.
[I 2026-03-03 20:23:00,066] Trial 19 finished with value: 0.6786684884797405 and parameters: {'sigma_noise': 0.2926599965088865, 'A_repulsion': 0.020354218274655722, 'gamma': 0.7480480666215311, 'sigma_update': 0.3640998393531189, 'eta_learning': 2.5023636891552656, 'sigma_boundary': 8.20583446464929, 'alpha': 0.23557205147641547}. Best is trial 35 with value: 0.0414124453269231.
[I 2026-03-03 20:23:25,564] Trial 12 finished with value: 0.12531409525967707 and parameters: {'sigma_noise': 0.12013154752244155, 'A_repulsion': 0.40914815475694627, 'gamma': 0.6849969215320839, 'sigma_update': 0.6027574458474059, 'eta_learning': 2.435593733599524, 'sigma_boundary': 7.81996966465703, 'alpha': 0.8863385413746696}. Best is trial 35 with value: 0.0414124453269231.
[I 2026-03-03 20:23:48,697] Trial 11 finished with value: 0.19529002809590013 and parameters: {'sigma_noise': 0.13112452738713853, 'A_repulsion': 0.4351222436177359, 'gamma': 0.8972472500517401, 'sigma_update': 0.3926718244932137, 'eta_learning': 2.238662611063576, 'sigma_boundary': 9.588818318172619, 'alpha': 0.8416852169491019}. Best is trial 35 with value: 0.0414124453269231.
[I 2026-03-03 20:23:56,512] Trial 2 finished with value: 0.472123179047444 and parameters: {'sigma_noise': 0.16693328428038123, 'A_repulsion': 0.3356003044110729, 'gamma': 0.992254823500121, 'sigma_update': 0.31086011963150334, 'eta_learning': 0.4937721771436358, 'sigma_boundary': 1.0928509532243753, 'alpha': 0.18550178620826885}. Best is trial 35 with value: 0.0414124453269231.
[I 2026-03-03 20:24:03,239] Trial 20 finished with value: 0.04279584881931804 and parameters: {'sigma_noise': 0.3700781030605391, 'A_repulsion': 0.01871950193349292, 'gamma': 0.8923687525326296, 'sigma_update': 0.5042330665129868, 'eta_learning': 2.9221534888321963, 'sigma_boundary': 2.1033177287097593, 'alpha': 0.8822210486490429}. Best is trial 35 with value: 0.0414124453269231.
[I 2026-03-03 20:24:05,837] Trial 14 finished with value: 0.13789620936955796 and parameters: {'sigma_noise': 0.13272360955038415, 'A_repulsion': 0.4812933998314447, 'gamma': 0.08807985290166227, 'sigma_update': 0.43567301204227205, 'eta_learning': 1.357227539015361, 'sigma_boundary': 2.036379084588063, 'alpha': 0.891755059318489}. Best is trial 35 with value: 0.0414124453269231.
[I 2026-03-03 20:24:09,206] Trial 31 finished with value: 0.20530923530888368 and parameters: {'sigma_noise': 0.20698757142842011, 'A_repulsion': 0.2594942829556923, 'gamma': 0.23024065975720698, 'sigma_update': 0.07254777666303652, 'eta_learning': 1.7493540099086775, 'sigma_boundary': 9.525067836565674, 'alpha': 0.8402575294958509}. Best is trial 35 with value: 0.0414124453269231.
[I 2026-03-03 20:24:12,238] Trial 32 finished with value: 0.24535911740801036 and parameters: {'sigma_noise': 0.13542041428475693, 'A_repulsion': 0.47626130668879785, 'gamma': 0.8806115161023675, 'sigma_update': 0.1941070795801963, 'eta_learning': 0.8425299528673633, 'sigma_boundary': 0.34391034480880783, 'alpha': 0.24316048560971748}. Best is trial 35 with value: 0.0414124453269231.
[I 2026-03-03 20:24:21,109] Trial 16 finished with value: 0.9906101952722939 and parameters: {'sigma_noise': 0.17310503157057006, 'A_repulsion': 0.3756804254731529, 'gamma': 0.8616966408816711, 'sigma_update': 0.3843568204894019, 'eta_learning': 1.9516374701200474, 'sigma_boundary': 9.527249819653212, 'alpha': 0.21589908807974212}. Best is trial 35 with value: 0.0414124453269231.
[I 2026-03-03 20:24:26,800] Trial 22 finished with value: 0.4996698896043885 and parameters: {'sigma_noise': 0.38944572942030276, 'A_repulsion': 0.03337163040698288, 'gamma': 0.47948834016131364, 'sigma_update': 0.6512443024743566, 'eta_learning': 1.025692345387565, 'sigma_boundary': 0.6894435566455567, 'alpha': 0.4079322117946931}. Best is trial 35 with value: 0.0414124453269231.
[I 2026-03-03 20:24:29,039] Trial 23 finished with value: 0.11668555612212644 and parameters: {'sigma_noise': 0.1875684476533645, 'A_repulsion': 0.35454751308841065, 'gamma': 0.050662790881660105, 'sigma_update': 0.061517243812987246, 'eta_learning': 2.003068075631022, 'sigma_boundary': 2.3301996285228657, 'alpha': 0.41649136513610596}. Best is trial 35 with value: 0.0414124453269231.
