/nfs/nhome/live/apourdehghan/Hybrid_hpc_utils.py:56: DtypeWarning: Columns (16) have mixed types. Specify dtype option on import or set low_memory=False.
  data = pd.read_csv(data_path)
[I 2026-03-03 19:31:14,370] A new study created in memory with name: no-name-16d8491f-d761-4465-a076-83f262c45a63
[I 2026-03-03 19:36:04,013] Trial 35 finished with value: 0.21945599992331882 and parameters: {'sigma_noise': 0.050345532894004744, 'A_repulsion': 0.06716636733344533, 'gamma': 0.981671287380283, 'sigma_update': 0.10573245280835648, 'eta_learning': 2.6327533608764924, 'sigma_boundary': 2.1477551223061484, 'alpha': 0.6894002964735723}. Best is trial 35 with value: 0.21945599992331882.
[I 2026-03-03 19:36:41,534] Trial 17 finished with value: 0.1775673528711899 and parameters: {'sigma_noise': 0.10466405009403733, 'A_repulsion': 0.0731141651966366, 'gamma': 0.9830940533701199, 'sigma_update': 0.40507573289168075, 'eta_learning': 1.8145834114513355, 'sigma_boundary': 1.804694601941042, 'alpha': 0.4279839526692658}. Best is trial 17 with value: 0.1775673528711899.
[I 2026-03-03 19:36:48,430] Trial 8 finished with value: 1.019528862326819 and parameters: {'sigma_noise': 0.08581657881399907, 'A_repulsion': 0.1286533861747805, 'gamma': 0.8517628179256154, 'sigma_update': 0.04908727426702937, 'eta_learning': 2.348997269346923, 'sigma_boundary': 9.743176187332208, 'alpha': 0.01605070232773953}. Best is trial 17 with value: 0.1775673528711899.
[I 2026-03-03 19:37:06,351] Trial 21 finished with value: 0.6185477705512415 and parameters: {'sigma_noise': 0.08394689277307613, 'A_repulsion': 0.2317482982726231, 'gamma': 0.8724436774693376, 'sigma_update': 0.29335998236823496, 'eta_learning': 0.8234962604341662, 'sigma_boundary': 5.381883905008867, 'alpha': 0.1102628128444968}. Best is trial 17 with value: 0.1775673528711899.
[I 2026-03-03 19:37:08,975] Trial 9 finished with value: 0.11402557140842795 and parameters: {'sigma_noise': 0.13928692286025424, 'A_repulsion': 0.0850781675089688, 'gamma': 0.8081559839691822, 'sigma_update': 0.14140843318733606, 'eta_learning': 2.068453298899012, 'sigma_boundary': 2.906600435138143, 'alpha': 0.9070631714593089}. Best is trial 9 with value: 0.11402557140842795.
[I 2026-03-03 19:37:15,985] Trial 0 finished with value: 0.10671961264527699 and parameters: {'sigma_noise': 0.14927746095978017, 'A_repulsion': 0.07540151301191539, 'gamma': 0.10382822014621021, 'sigma_update': 0.2196965236435784, 'eta_learning': 2.5272121633552764, 'sigma_boundary': 4.151105005442218, 'alpha': 0.865441563484584}. Best is trial 0 with value: 0.10671961264527699.
[I 2026-03-03 19:37:27,518] Trial 22 finished with value: 0.3891424318319624 and parameters: {'sigma_noise': 0.16304401507820987, 'A_repulsion': 0.09053620111528299, 'gamma': 0.18938063821516968, 'sigma_update': 0.39605661401120834, 'eta_learning': 2.025701313467515, 'sigma_boundary': 2.817655905504771, 'alpha': 0.3393018041195155}. Best is trial 0 with value: 0.10671961264527699.
[I 2026-03-03 19:37:35,979] Trial 14 finished with value: 0.08054614587812797 and parameters: {'sigma_noise': 0.13158059648417153, 'A_repulsion': 0.185602621983671, 'gamma': 0.011370361477647707, 'sigma_update': 0.08464942688807062, 'eta_learning': 1.1900537969205534, 'sigma_boundary': 3.148896404083895, 'alpha': 0.9761827314583885}. Best is trial 14 with value: 0.08054614587812797.
[I 2026-03-03 19:37:41,153] Trial 12 finished with value: 0.10157940511787875 and parameters: {'sigma_noise': 0.07383070620406298, 'A_repulsion': 0.3311259252776357, 'gamma': 0.3277711633179955, 'sigma_update': 0.07615368729582496, 'eta_learning': 0.99415766603682, 'sigma_boundary': 4.824521449303552, 'alpha': 0.675666608301483}. Best is trial 14 with value: 0.08054614587812797.
[I 2026-03-03 19:37:46,934] Trial 33 finished with value: 0.23534651315656502 and parameters: {'sigma_noise': 0.2327543223350818, 'A_repulsion': 0.029349577307565378, 'gamma': 0.25750670602966325, 'sigma_update': 0.3871615708619266, 'eta_learning': 0.2990808183136471, 'sigma_boundary': 8.385458752469242, 'alpha': 0.18876694912709358}. Best is trial 14 with value: 0.08054614587812797.
[I 2026-03-03 19:38:04,603] Trial 27 finished with value: 0.04990093471338863 and parameters: {'sigma_noise': 0.285842929916265, 'A_repulsion': 0.006565464193321768, 'gamma': 0.8090045011544789, 'sigma_update': 0.5423363047122075, 'eta_learning': 2.2280106908150965, 'sigma_boundary': 9.482424172975692, 'alpha': 0.9199277299691345}. Best is trial 27 with value: 0.04990093471338863.
[I 2026-03-03 19:38:09,998] Trial 31 finished with value: 0.07117052069862956 and parameters: {'sigma_noise': 0.28548126029610627, 'A_repulsion': 0.005830325840128214, 'gamma': 0.5609188292915042, 'sigma_update': 0.17132943207334797, 'eta_learning': 0.8495389338513296, 'sigma_boundary': 5.304887654320465, 'alpha': 0.7163278288217552}. Best is trial 27 with value: 0.04990093471338863.
[I 2026-03-03 19:38:35,702] Trial 10 finished with value: 0.0818044143863062 and parameters: {'sigma_noise': 0.19506009091510484, 'A_repulsion': 0.20981472415289926, 'gamma': 0.8571135248458795, 'sigma_update': 0.4496075965926874, 'eta_learning': 2.225143013605183, 'sigma_boundary': 2.7253514467345408, 'alpha': 0.9702764243605272}. Best is trial 27 with value: 0.04990093471338863.
[I 2026-03-03 19:38:45,335] Trial 32 finished with value: 0.0623519134661348 and parameters: {'sigma_noise': 0.28245810200481924, 'A_repulsion': 0.10656312412088131, 'gamma': 0.8032424114435561, 'sigma_update': 0.1173929113586272, 'eta_learning': 2.637645889131815, 'sigma_boundary': 0.17823203875589821, 'alpha': 0.9761074297898489}. Best is trial 27 with value: 0.04990093471338863.
[I 2026-03-03 19:38:59,106] Trial 28 finished with value: 0.11658239952683783 and parameters: {'sigma_noise': 0.240910312426932, 'A_repulsion': 0.19890634625130177, 'gamma': 0.17474092079586734, 'sigma_update': 0.3417677029036445, 'eta_learning': 2.830201280817069, 'sigma_boundary': 0.11201433165523762, 'alpha': 0.6256319021559664}. Best is trial 27 with value: 0.04990093471338863.
[I 2026-03-03 19:39:01,987] Trial 38 finished with value: 0.0969202761049457 and parameters: {'sigma_noise': 0.23498682176132413, 'A_repulsion': 0.21337209691107029, 'gamma': 0.08741151589496927, 'sigma_update': 0.29054861213365185, 'eta_learning': 0.09569804800877488, 'sigma_boundary': 8.574687693329462, 'alpha': 0.9116235616377556}. Best is trial 27 with value: 0.04990093471338863.
[I 2026-03-03 19:39:06,812] Trial 36 finished with value: 1.848100904905746 and parameters: {'sigma_noise': 0.3043494088640355, 'A_repulsion': 0.10183675804889514, 'gamma': 0.5529664237714775, 'sigma_update': 0.07566530882799515, 'eta_learning': 2.9782057709782825, 'sigma_boundary': 7.083780007191097, 'alpha': 0.056333734550286785}. Best is trial 27 with value: 0.04990093471338863.
[I 2026-03-03 19:39:19,843] Trial 24 finished with value: 0.6030839151538167 and parameters: {'sigma_noise': 0.2051425440615226, 'A_repulsion': 0.3127155296281405, 'gamma': 0.9707469374234696, 'sigma_update': 0.34803351095228363, 'eta_learning': 2.6831849780845123, 'sigma_boundary': 3.472095749027561, 'alpha': 0.32683929949754376}. Best is trial 27 with value: 0.04990093471338863.
[I 2026-03-03 19:39:26,305] Trial 26 finished with value: 0.3937145616112016 and parameters: {'sigma_noise': 0.389142335481614, 'A_repulsion': 0.048328337605841265, 'gamma': 0.48260118954767, 'sigma_update': 0.6377114475963082, 'eta_learning': 0.11220466273875906, 'sigma_boundary': 2.327504576437082, 'alpha': 0.07176136671004096}. Best is trial 27 with value: 0.04990093471338863.
[I 2026-03-03 19:39:37,518] Trial 25 finished with value: 0.0817854546094475 and parameters: {'sigma_noise': 0.3116803221776784, 'A_repulsion': 0.16619405175630858, 'gamma': 0.8292304036179257, 'sigma_update': 0.3437570505369276, 'eta_learning': 1.3575164162528244, 'sigma_boundary': 8.74993495362608, 'alpha': 0.5919678165784195}. Best is trial 27 with value: 0.04990093471338863.
[I 2026-03-03 19:39:42,476] Trial 23 finished with value: 0.13400760492688019 and parameters: {'sigma_noise': 0.4302110082958165, 'A_repulsion': 0.07249194345710708, 'gamma': 0.6949537500409364, 'sigma_update': 0.2298823579654781, 'eta_learning': 1.816935607119186, 'sigma_boundary': 1.1682557704895669, 'alpha': 0.9131551025841441}. Best is trial 27 with value: 0.04990093471338863.
[I 2026-03-03 19:39:44,719] Trial 2 finished with value: 0.2632381865590879 and parameters: {'sigma_noise': 0.3458208312548573, 'A_repulsion': 0.1279807864465643, 'gamma': 0.7024188232938638, 'sigma_update': 0.3663181402782954, 'eta_learning': 1.1202326181652913, 'sigma_boundary': 5.683990753407239, 'alpha': 0.4518900768226014}. Best is trial 27 with value: 0.04990093471338863.
[I 2026-03-03 19:40:00,838] Trial 16 finished with value: 0.11745774828389527 and parameters: {'sigma_noise': 0.26248607066191, 'A_repulsion': 0.2614744414988888, 'gamma': 0.024191822965961063, 'sigma_update': 0.13272366440953928, 'eta_learning': 2.43173622024834, 'sigma_boundary': 3.087283132106585, 'alpha': 0.8024895192255564}. Best is trial 27 with value: 0.04990093471338863.
[I 2026-03-03 19:40:02,286] Trial 34 finished with value: 0.11339193858599914 and parameters: {'sigma_noise': 0.2501082918433932, 'A_repulsion': 0.3466106453074058, 'gamma': 0.23792180763678145, 'sigma_update': 0.554135586780737, 'eta_learning': 0.20325333883378424, 'sigma_boundary': 9.951751852258555, 'alpha': 0.9729531207710199}. Best is trial 27 with value: 0.04990093471338863.
[I 2026-03-03 19:40:02,486] Trial 5 finished with value: 1.5139080758572119 and parameters: {'sigma_noise': 0.19308130446193733, 'A_repulsion': 0.47159127688088365, 'gamma': 0.5913970381934636, 'sigma_update': 0.4954288569584855, 'eta_learning': 2.5942912721054854, 'sigma_boundary': 7.213753051179517, 'alpha': 0.23408031444083788}. Best is trial 27 with value: 0.04990093471338863.
[I 2026-03-03 19:40:05,520] Trial 20 finished with value: 0.5856207210760664 and parameters: {'sigma_noise': 0.4319934687840789, 'A_repulsion': 0.05393329056380469, 'gamma': 0.6859791559119253, 'sigma_update': 0.2888053338085187, 'eta_learning': 2.1830840969469536, 'sigma_boundary': 3.306985068438864, 'alpha': 0.3897795768786433}. Best is trial 27 with value: 0.04990093471338863.
[I 2026-03-03 19:40:08,817] Trial 37 finished with value: 0.13177590502817033 and parameters: {'sigma_noise': 0.20921843273515395, 'A_repulsion': 0.4611349698904624, 'gamma': 0.07853850238376282, 'sigma_update': 0.30840584429815365, 'eta_learning': 2.5823824238616577, 'sigma_boundary': 4.309477943126351, 'alpha': 0.5774231657755176}. Best is trial 27 with value: 0.04990093471338863.
[I 2026-03-03 19:40:10,591] Trial 3 finished with value: 0.7182801769604401 and parameters: {'sigma_noise': 0.2816812858192583, 'A_repulsion': 0.2772130109854028, 'gamma': 0.8204811824749224, 'sigma_update': 0.021808852171247187, 'eta_learning': 0.38616153342270526, 'sigma_boundary': 8.045821543603374, 'alpha': 0.473621933511164}. Best is trial 27 with value: 0.04990093471338863.
[I 2026-03-03 19:40:20,979] Trial 18 finished with value: 0.11131752509783904 and parameters: {'sigma_noise': 0.2762380782527479, 'A_repulsion': 0.36336650624403355, 'gamma': 0.45703203080746435, 'sigma_update': 0.2581311395367254, 'eta_learning': 1.9277820717806937, 'sigma_boundary': 7.100740717487364, 'alpha': 0.4824268119706808}. Best is trial 27 with value: 0.04990093471338863.
[I 2026-03-03 19:40:25,037] Trial 1 finished with value: 0.08310346034476243 and parameters: {'sigma_noise': 0.24270494141838878, 'A_repulsion': 0.3967487575116628, 'gamma': 0.9069065940320729, 'sigma_update': 0.06533501020789852, 'eta_learning': 0.13944223802910372, 'sigma_boundary': 7.7229747786387515, 'alpha': 0.36985058987896413}. Best is trial 27 with value: 0.04990093471338863.
[I 2026-03-03 19:40:26,735] Trial 11 finished with value: 0.0819456957383431 and parameters: {'sigma_noise': 0.2865273751309724, 'A_repulsion': 0.34549415241615167, 'gamma': 0.623460811249366, 'sigma_update': 0.32215590434428887, 'eta_learning': 0.10717020933222621, 'sigma_boundary': 0.25398084773011315, 'alpha': 0.8020125332968582}. Best is trial 27 with value: 0.04990093471338863.
[I 2026-03-03 19:40:30,426] Trial 39 finished with value: 0.12100921741851185 and parameters: {'sigma_noise': 0.20978504685580018, 'A_repulsion': 0.49418972876292294, 'gamma': 0.31965037591379014, 'sigma_update': 0.09596894133971656, 'eta_learning': 0.8391540325228658, 'sigma_boundary': 1.3614143532290535, 'alpha': 0.7073227448672385}. Best is trial 27 with value: 0.04990093471338863.
[I 2026-03-03 19:40:40,700] Trial 15 finished with value: 1.91075753781264 and parameters: {'sigma_noise': 0.24551988216678727, 'A_repulsion': 0.49270446711410953, 'gamma': 0.42300922535392405, 'sigma_update': 0.4127775539458255, 'eta_learning': 2.2442722702963085, 'sigma_boundary': 8.040792183464442, 'alpha': 0.07820816671215836}. Best is trial 27 with value: 0.04990093471338863.
[I 2026-03-03 19:40:46,415] Trial 29 finished with value: 0.12315549191608627 and parameters: {'sigma_noise': 0.4401324351966364, 'A_repulsion': 0.15119738215010198, 'gamma': 0.4452492711990018, 'sigma_update': 0.11749634250806733, 'eta_learning': 0.13366993513765868, 'sigma_boundary': 3.760406866511247, 'alpha': 0.4304736058927756}. Best is trial 27 with value: 0.04990093471338863.
[I 2026-03-03 19:41:02,331] Trial 4 finished with value: 1.4740774169294837 and parameters: {'sigma_noise': 0.3184854488958826, 'A_repulsion': 0.34499752706265097, 'gamma': 0.7375066695193766, 'sigma_update': 0.05396696678485967, 'eta_learning': 1.0182754052870968, 'sigma_boundary': 8.659929429498336, 'alpha': 0.32949925222700926}. Best is trial 27 with value: 0.04990093471338863.
[I 2026-03-03 19:41:08,641] Trial 6 finished with value: 0.13652289446745017 and parameters: {'sigma_noise': 0.43342433111782863, 'A_repulsion': 0.31723101160137046, 'gamma': 0.581791058864107, 'sigma_update': 0.41859978567990075, 'eta_learning': 1.7941474051887307, 'sigma_boundary': 0.9278965021130188, 'alpha': 0.8477695245431879}. Best is trial 27 with value: 0.04990093471338863.
[I 2026-03-03 19:41:17,131] Trial 13 finished with value: 1.91075753781264 and parameters: {'sigma_noise': 0.43432939798471487, 'A_repulsion': 0.32043149577957575, 'gamma': 0.26889757769368744, 'sigma_update': 0.03389370742868307, 'eta_learning': 2.2599824226433203, 'sigma_boundary': 4.641220084803345, 'alpha': 0.024068842801604817}. Best is trial 27 with value: 0.04990093471338863.
[I 2026-03-03 19:41:21,793] Trial 19 finished with value: 1.91075753781264 and parameters: {'sigma_noise': 0.4157639557580883, 'A_repulsion': 0.38667005815789596, 'gamma': 0.29824108652423226, 'sigma_update': 0.6649790252137905, 'eta_learning': 1.8654358648706646, 'sigma_boundary': 6.937409585645813, 'alpha': 0.0908442738231614}. Best is trial 27 with value: 0.04990093471338863.
[I 2026-03-03 19:41:24,991] Trial 30 finished with value: 1.91075753781264 and parameters: {'sigma_noise': 0.3893366420287957, 'A_repulsion': 0.4040745165027397, 'gamma': 0.511832770351515, 'sigma_update': 0.030956741355559987, 'eta_learning': 0.6872386041448617, 'sigma_boundary': 7.749024492355674, 'alpha': 0.0891938446096402}. Best is trial 27 with value: 0.04990093471338863.
[I 2026-03-03 19:41:33,764] Trial 7 finished with value: 0.24682229289794871 and parameters: {'sigma_noise': 0.4230130258266923, 'A_repulsion': 0.459609487912981, 'gamma': 0.05119654400744604, 'sigma_update': 0.4624986420389837, 'eta_learning': 1.3816528261655414, 'sigma_boundary': 5.300501599866784, 'alpha': 0.6370768331700706}. Best is trial 27 with value: 0.04990093471338863.
[I 2026-03-03 19:44:05,149] Trial 44 finished with value: 0.3556733806696314 and parameters: {'sigma_noise': 0.05852305307912786, 'A_repulsion': 0.2703117464207265, 'gamma': 0.4687909926618091, 'sigma_update': 0.6871798401920073, 'eta_learning': 2.2893605650095292, 'sigma_boundary': 7.232196755774231, 'alpha': 0.509794854221623}. Best is trial 27 with value: 0.04990093471338863.
[I 2026-03-03 19:44:19,208] Trial 46 finished with value: 0.28777969033968487 and parameters: {'sigma_noise': 0.13618943259475447, 'A_repulsion': 0.08843957159011534, 'gamma': 0.9744012171405358, 'sigma_update': 0.27558030862197913, 'eta_learning': 2.54921106614579, 'sigma_boundary': 9.124842934212358, 'alpha': 0.3273991023713475}. Best is trial 27 with value: 0.04990093471338863.
[I 2026-03-03 19:45:14,041] Trial 40 finished with value: 1.1760845492459997 and parameters: {'sigma_noise': 0.2114439912364196, 'A_repulsion': 0.34726882917331237, 'gamma': 0.5956242840713921, 'sigma_update': 0.31766690134392445, 'eta_learning': 1.5133805370661795, 'sigma_boundary': 0.8771543820072086, 'alpha': 0.22876215632615826}. Best is trial 27 with value: 0.04990093471338863.
[I 2026-03-03 19:45:22,675] Trial 42 finished with value: 1.8935523068030111 and parameters: {'sigma_noise': 0.26688797505324074, 'A_repulsion': 0.11864120966388247, 'gamma': 0.7838681669478891, 'sigma_update': 0.04777462751382402, 'eta_learning': 2.793815700039614, 'sigma_boundary': 0.42217022613771105, 'alpha': 0.1024159691500861}. Best is trial 27 with value: 0.04990093471338863.
[I 2026-03-03 19:45:31,681] Trial 48 finished with value: 0.6462370178035077 and parameters: {'sigma_noise': 0.17531732785105086, 'A_repulsion': 0.22566182230223808, 'gamma': 0.12284088598652805, 'sigma_update': 0.5602680072383469, 'eta_learning': 2.9369983281553997, 'sigma_boundary': 5.647246534434559, 'alpha': 0.39633877712080057}. Best is trial 27 with value: 0.04990093471338863.
[I 2026-03-03 19:45:53,235] Trial 47 finished with value: 0.6215361612353054 and parameters: {'sigma_noise': 0.10788425234673796, 'A_repulsion': 0.47609005069762456, 'gamma': 0.06730658003007035, 'sigma_update': 0.1905330556067795, 'eta_learning': 0.4389262506788318, 'sigma_boundary': 9.285126603719759, 'alpha': 0.12781609478133293}. Best is trial 27 with value: 0.04990093471338863.
[I 2026-03-03 19:46:21,100] Trial 45 finished with value: 1.9071716424574663 and parameters: {'sigma_noise': 0.28831716982572364, 'A_repulsion': 0.2876786451732983, 'gamma': 0.7954870471503184, 'sigma_update': 0.6049173565485989, 'eta_learning': 1.0721327054459215, 'sigma_boundary': 5.456771239875114, 'alpha': 0.04200371013871751}. Best is trial 27 with value: 0.04990093471338863.
[I 2026-03-03 19:46:40,109] Trial 41 finished with value: 0.09930933373002612 and parameters: {'sigma_noise': 0.3407714149036209, 'A_repulsion': 0.3483085376670252, 'gamma': 0.7762293966189894, 'sigma_update': 0.1205332698322122, 'eta_learning': 0.0939084856772069, 'sigma_boundary': 7.40375622668822, 'alpha': 0.320411000406325}. Best is trial 27 with value: 0.04990093471338863.
[I 2026-03-03 19:46:43,231] Trial 43 finished with value: 1.6151065384893986 and parameters: {'sigma_noise': 0.34565449509648516, 'A_repulsion': 0.25713982031803806, 'gamma': 0.870257151287724, 'sigma_update': 0.4783543605122167, 'eta_learning': 1.3409573413334022, 'sigma_boundary': 7.364559057811359, 'alpha': 0.248596548559205}. Best is trial 27 with value: 0.04990093471338863.
[I 2026-03-03 19:47:17,567] Trial 60 finished with value: 0.08661504047091745 and parameters: {'sigma_noise': 0.29737114149308874, 'A_repulsion': 0.0017678288545602385, 'gamma': 0.6676682331544945, 'sigma_update': 0.5765136124165091, 'eta_learning': 0.81421065645705, 'sigma_boundary': 6.322244143853419, 'alpha': 0.7713399053993459}. Best is trial 27 with value: 0.04990093471338863.
[I 2026-03-03 19:47:18,848] Trial 64 finished with value: 0.2505169600069197 and parameters: {'sigma_noise': 0.29045333554939484, 'A_repulsion': 0.0035302636726730935, 'gamma': 0.42558735347230703, 'sigma_update': 0.6763801736005176, 'eta_learning': 0.51490833835132, 'sigma_boundary': 6.403971390091003, 'alpha': 0.7799177865477673}. Best is trial 27 with value: 0.04990093471338863.
[I 2026-03-03 19:47:29,486] Trial 65 finished with value: 0.2641428530051807 and parameters: {'sigma_noise': 0.29257356813727187, 'A_repulsion': 0.017501242216419046, 'gamma': 0.42432298388673845, 'sigma_update': 0.6912737837948298, 'eta_learning': 0.5701393101856407, 'sigma_boundary': 7.00818730366637, 'alpha': 0.8003077846189535}. Best is trial 27 with value: 0.04990093471338863.
[I 2026-03-03 19:47:58,226] Trial 66 finished with value: 0.6804327762225204 and parameters: {'sigma_noise': 0.28878703939870715, 'A_repulsion': 0.001885876111959641, 'gamma': 0.4332694154287132, 'sigma_update': 0.011065607126198043, 'eta_learning': 0.5457160491358628, 'sigma_boundary': 6.597511455833746, 'alpha': 0.7852195626139278}. Best is trial 27 with value: 0.04990093471338863.
[I 2026-03-03 19:47:59,376] Trial 71 finished with value: 0.15721325479080947 and parameters: {'sigma_noise': 0.3342751464313983, 'A_repulsion': 0.002128548466733201, 'gamma': 0.39789163414068823, 'sigma_update': 0.17357002379427655, 'eta_learning': 1.3836292000834058, 'sigma_boundary': 6.123017450468028, 'alpha': 0.8250849424065002}. Best is trial 27 with value: 0.04990093471338863.
[I 2026-03-03 19:48:10,044] Trial 68 finished with value: 0.10128234668821831 and parameters: {'sigma_noise': 0.3638620882939021, 'A_repulsion': 0.0033259912864233208, 'gamma': 0.3642175566564236, 'sigma_update': 0.17367060437989398, 'eta_learning': 0.7043421169798183, 'sigma_boundary': 6.160862882642169, 'alpha': 0.8023658726825623}. Best is trial 27 with value: 0.04990093471338863.
[I 2026-03-03 19:48:18,802] Trial 49 finished with value: 0.1881434592571667 and parameters: {'sigma_noise': 0.4146861002238328, 'A_repulsion': 0.4519181712364565, 'gamma': 0.49442124951669303, 'sigma_update': 0.6075997120155106, 'eta_learning': 1.2801326495712406, 'sigma_boundary': 0.32043123801470985, 'alpha': 0.9831745466776297}. Best is trial 27 with value: 0.04990093471338863.
