[I 2026-03-03 20:40:11,078] Trial 82 finished with value: 0.04083842730408428 and parameters: {'sigma_noise': 0.23496722134813594, 'A_repulsion': 0.0015627244864831469, 'gamma': 0.6087003112715389, 'sigma_update': 0.5074748296186389, 'eta_learning': 2.9401134199866092, 'sigma_boundary': 8.65800040642201, 'alpha': 0.7478188004912575}. Best is trial 69 with value: 0.0297113241706128.
[I 2026-03-03 20:41:06,290] Trial 84 finished with value: 0.03759669055252118 and parameters: {'sigma_noise': 0.2329078280958851, 'A_repulsion': 0.003573031387690743, 'gamma': 0.5917592281498186, 'sigma_update': 0.325776947774729, 'eta_learning': 2.766158552664253, 'sigma_boundary': 8.7152006647153, 'alpha': 0.7581429599187567}. Best is trial 69 with value: 0.0297113241706128.
[I 2026-03-03 20:41:38,957] Trial 83 finished with value: 0.05210748760392563 and parameters: {'sigma_noise': 0.22803828995976935, 'A_repulsion': 0.1209709301267059, 'gamma': 0.6160741745510339, 'sigma_update': 0.31198995739033003, 'eta_learning': 2.9189433180239925, 'sigma_boundary': 8.682281425116209, 'alpha': 0.7562147755994928}. Best is trial 69 with value: 0.0297113241706128.
[I 2026-03-03 20:42:17,576] Trial 88 finished with value: 0.04572289965319891 and parameters: {'sigma_noise': 0.22936798526675928, 'A_repulsion': 0.0013928629537362097, 'gamma': 0.6106490236824368, 'sigma_update': 0.516308913727704, 'eta_learning': 2.8973780011454027, 'sigma_boundary': 5.611770223595256, 'alpha': 0.7616353792453283}. Best is trial 69 with value: 0.0297113241706128.
[I 2026-03-03 20:42:36,579] Trial 85 finished with value: 0.0499160787345958 and parameters: {'sigma_noise': 0.2286791933735722, 'A_repulsion': 0.1206148950415732, 'gamma': 0.5924637445984151, 'sigma_update': 0.32144350003544186, 'eta_learning': 2.8105770190405224, 'sigma_boundary': 8.661684081094512, 'alpha': 0.7659258198432378}. Best is trial 69 with value: 0.0297113241706128.
[I 2026-03-03 20:42:47,086] Trial 87 finished with value: 0.033810707151458605 and parameters: {'sigma_noise': 0.2384917831426554, 'A_repulsion': 0.06540760967761185, 'gamma': 0.5805498043675672, 'sigma_update': 0.32718585280108414, 'eta_learning': 2.8140585001984784, 'sigma_boundary': 8.665267054669128, 'alpha': 0.7712986988240165}. Best is trial 69 with value: 0.0297113241706128.
[I 2026-03-03 20:43:11,912] Trial 90 finished with value: 0.05354427738517727 and parameters: {'sigma_noise': 0.23517570106266322, 'A_repulsion': 0.002124244666138978, 'gamma': 0.5693232418452558, 'sigma_update': 0.3205412148226166, 'eta_learning': 2.8689125860080456, 'sigma_boundary': 8.565830060162146, 'alpha': 0.9372978435360787}. Best is trial 69 with value: 0.0297113241706128.
[I 2026-03-03 20:43:33,478] Trial 92 finished with value: 0.043801851651206744 and parameters: {'sigma_noise': 0.23447985084091447, 'A_repulsion': 0.004445641845703773, 'gamma': 0.6061934525080018, 'sigma_update': 0.5070193999005714, 'eta_learning': 2.9783264672448397, 'sigma_boundary': 8.43962780434857, 'alpha': 0.7659938489220408}. Best is trial 69 with value: 0.0297113241706128.
[I 2026-03-03 20:43:44,344] Trial 91 finished with value: 0.05145514440489972 and parameters: {'sigma_noise': 0.24736986062595284, 'A_repulsion': 0.006921882335287735, 'gamma': 0.5788393878461475, 'sigma_update': 0.5119989697022845, 'eta_learning': 2.9624123178230857, 'sigma_boundary': 8.515235426129042, 'alpha': 0.7737676012420276}. Best is trial 69 with value: 0.0297113241706128.
[I 2026-03-03 20:44:01,579] Trial 94 finished with value: 0.03723658593566674 and parameters: {'sigma_noise': 0.24032708868544825, 'A_repulsion': 0.0032075085680298133, 'gamma': 0.5887214047880902, 'sigma_update': 0.5046117984849506, 'eta_learning': 2.954595186044843, 'sigma_boundary': 7.077047560180938, 'alpha': 0.9339127738381343}. Best is trial 69 with value: 0.0297113241706128.
[I 2026-03-03 20:44:06,982] Trial 93 finished with value: 0.03585704466819553 and parameters: {'sigma_noise': 0.23375229643322343, 'A_repulsion': 0.0029662518932148003, 'gamma': 0.5916549009595371, 'sigma_update': 0.313649233022693, 'eta_learning': 2.985740620549776, 'sigma_boundary': 7.206004717960335, 'alpha': 0.7610402334829365}. Best is trial 69 with value: 0.0297113241706128.
[I 2026-03-03 20:44:10,208] Trial 96 finished with value: 0.04214356450104956 and parameters: {'sigma_noise': 0.24242952549675587, 'A_repulsion': 0.0014500571495311401, 'gamma': 0.6217755215761962, 'sigma_update': 0.5100529965972216, 'eta_learning': 2.997574430676499, 'sigma_boundary': 7.12522496093868, 'alpha': 0.772505793667794}. Best is trial 69 with value: 0.0297113241706128.
[I 2026-03-03 20:44:28,129] Trial 97 finished with value: 0.03521544703102956 and parameters: {'sigma_noise': 0.2441212903930357, 'A_repulsion': 0.0023899179714973393, 'gamma': 0.5710656549590973, 'sigma_update': 0.33141706186804576, 'eta_learning': 2.959900399107001, 'sigma_boundary': 7.4086856215449695, 'alpha': 0.6755749097137365}. Best is trial 69 with value: 0.0297113241706128.
[I 2026-03-03 20:44:32,159] Trial 101 finished with value: 0.03915178463629938 and parameters: {'sigma_noise': 0.25232991486735007, 'A_repulsion': 0.00022212466357886262, 'gamma': 0.854277207147744, 'sigma_update': 0.3391710178735249, 'eta_learning': 2.778172347663176, 'sigma_boundary': 8.586657872559401, 'alpha': 0.5115049348057233}. Best is trial 69 with value: 0.0297113241706128.
[I 2026-03-03 20:44:34,407] Trial 95 finished with value: 0.0391690417158694 and parameters: {'sigma_noise': 0.23975549492199383, 'A_repulsion': 0.005668617935930029, 'gamma': 0.6153533640419702, 'sigma_update': 0.510306811976804, 'eta_learning': 2.948449585811429, 'sigma_boundary': 5.691620676298613, 'alpha': 0.7892821836177957}. Best is trial 69 with value: 0.0297113241706128.
[I 2026-03-03 20:45:04,260] Trial 102 finished with value: 0.040666269811052924 and parameters: {'sigma_noise': 0.25358974718862826, 'A_repulsion': 0.003433485224396556, 'gamma': 0.9211330427512625, 'sigma_update': 0.34069277399932774, 'eta_learning': 2.7582064896443304, 'sigma_boundary': 5.678435891633468, 'alpha': 0.520441519664341}. Best is trial 69 with value: 0.0297113241706128.
[I 2026-03-03 20:45:08,690] Trial 86 finished with value: 0.09705858414292612 and parameters: {'sigma_noise': 0.44817704038647416, 'A_repulsion': 0.13080595491558641, 'gamma': 0.5739886539139113, 'sigma_update': 0.29522728720683733, 'eta_learning': 2.9078067317376903, 'sigma_boundary': 8.596294098537538, 'alpha': 0.7680575044724436}. Best is trial 69 with value: 0.0297113241706128.
[I 2026-03-03 20:45:09,517] Trial 99 finished with value: 0.03933045132368674 and parameters: {'sigma_noise': 0.2704729861510043, 'A_repulsion': 0.007340843652501663, 'gamma': 0.912906336947104, 'sigma_update': 0.3338886441995529, 'eta_learning': 2.7231587913624082, 'sigma_boundary': 8.441590354578917, 'alpha': 0.5020471481431636}. Best is trial 69 with value: 0.0297113241706128.
[I 2026-03-03 20:45:30,829] Trial 100 finished with value: 0.046981141655931896 and parameters: {'sigma_noise': 0.25069291448159486, 'A_repulsion': 0.0038353929874511052, 'gamma': 0.9123042375536543, 'sigma_update': 0.34489354530931193, 'eta_learning': 2.981831662963527, 'sigma_boundary': 8.410798198722878, 'alpha': 0.7838448996274402}. Best is trial 69 with value: 0.0297113241706128.
[I 2026-03-03 20:45:33,402] Trial 98 finished with value: 0.036357040334967006 and parameters: {'sigma_noise': 0.2639981779415631, 'A_repulsion': 0.010635775942899507, 'gamma': 0.7926090167342935, 'sigma_update': 0.3163606009637206, 'eta_learning': 2.9393867048336326, 'sigma_boundary': 8.519492091880243, 'alpha': 0.5137598829912781}. Best is trial 69 with value: 0.0297113241706128.
[I 2026-03-03 20:45:44,285] Trial 105 finished with value: 0.04493235143861573 and parameters: {'sigma_noise': 0.25461836632949486, 'A_repulsion': 0.0015157262721831669, 'gamma': 0.6047634289749217, 'sigma_update': 0.3371975231446931, 'eta_learning': 2.7266751574509454, 'sigma_boundary': 5.680278811981972, 'alpha': 0.5128845266637702}. Best is trial 69 with value: 0.0297113241706128.
[I 2026-03-03 20:45:49,049] Trial 103 finished with value: 0.04476589373753111 and parameters: {'sigma_noise': 0.25575921659123274, 'A_repulsion': 0.008553101657431535, 'gamma': 0.6030256377996612, 'sigma_update': 0.286731598370052, 'eta_learning': 2.811658670875775, 'sigma_boundary': 8.540767200555253, 'alpha': 0.5118745122684983}. Best is trial 69 with value: 0.0297113241706128.
[I 2026-03-03 20:45:57,600] Trial 104 finished with value: 0.04896006722171295 and parameters: {'sigma_noise': 0.25695410821868075, 'A_repulsion': 0.0017724550861776597, 'gamma': 0.9145698587407891, 'sigma_update': 0.2840083916543947, 'eta_learning': 2.752759650596399, 'sigma_boundary': 8.446810919566277, 'alpha': 0.7843907001248607}. Best is trial 69 with value: 0.0297113241706128.
[I 2026-03-03 20:46:00,359] Trial 107 finished with value: 0.03747573513538109 and parameters: {'sigma_noise': 0.25360785915780804, 'A_repulsion': 0.00685247863855556, 'gamma': 0.5924788297194721, 'sigma_update': 0.28455553907407594, 'eta_learning': 2.7475491353903423, 'sigma_boundary': 8.399406601072926, 'alpha': 0.7868714627175828}. Best is trial 69 with value: 0.0297113241706128.
[I 2026-03-03 20:46:03,961] Trial 109 finished with value: 0.04536354762232146 and parameters: {'sigma_noise': 0.25386299112782357, 'A_repulsion': 0.003540376668480404, 'gamma': 0.6289871521096411, 'sigma_update': 0.2728934930043729, 'eta_learning': 2.734245193368038, 'sigma_boundary': 8.438604148050118, 'alpha': 0.503388264000651}. Best is trial 69 with value: 0.0297113241706128.
[I 2026-03-03 20:46:06,032] Trial 108 finished with value: 0.03830378538364213 and parameters: {'sigma_noise': 0.2556565630562941, 'A_repulsion': 0.005361160321700864, 'gamma': 0.5987917816710949, 'sigma_update': 0.33589733516010967, 'eta_learning': 2.710325214338322, 'sigma_boundary': 8.45960921990246, 'alpha': 0.6720130690404941}. Best is trial 69 with value: 0.0297113241706128.
[I 2026-03-03 20:46:07,097] Trial 112 finished with value: 0.031922620047597494 and parameters: {'sigma_noise': 0.25725827168682547, 'A_repulsion': 0.0009257709145005285, 'gamma': 0.6194930237239076, 'sigma_update': 0.3346707220440635, 'eta_learning': 2.834672532038328, 'sigma_boundary': 8.598932112440052, 'alpha': 0.790785292512107}. Best is trial 69 with value: 0.0297113241706128.
[I 2026-03-03 20:46:10,252] Trial 114 finished with value: 0.04217597385307166 and parameters: {'sigma_noise': 0.25383517470498274, 'A_repulsion': 0.0035030240592922035, 'gamma': 0.6074492403106306, 'sigma_update': 0.3679687801074336, 'eta_learning': 2.7331810915619865, 'sigma_boundary': 8.428580884847245, 'alpha': 0.9280082941124553}. Best is trial 69 with value: 0.0297113241706128.
[I 2026-03-03 20:46:10,989] Trial 106 finished with value: 0.048166483423621155 and parameters: {'sigma_noise': 0.25150737017924113, 'A_repulsion': 0.0011754605737233081, 'gamma': 0.6088081393112021, 'sigma_update': 0.34417436657594286, 'eta_learning': 2.7199074998381563, 'sigma_boundary': 8.591849051861528, 'alpha': 0.5180994244213464}. Best is trial 69 with value: 0.0297113241706128.
[I 2026-03-03 20:46:15,457] Trial 110 finished with value: 0.03941349978860831 and parameters: {'sigma_noise': 0.25946016416729056, 'A_repulsion': 0.0060999663463066345, 'gamma': 0.6155595775594538, 'sigma_update': 0.3424501764074206, 'eta_learning': 2.754393915485598, 'sigma_boundary': 7.343387401944122, 'alpha': 0.9294443594671136}. Best is trial 69 with value: 0.0297113241706128.
[I 2026-03-03 20:46:18,558] Trial 111 finished with value: 0.04508378170520427 and parameters: {'sigma_noise': 0.2505100134547668, 'A_repulsion': 0.003982332025484279, 'gamma': 0.5692662457091608, 'sigma_update': 0.3371632859984197, 'eta_learning': 2.7401167192993374, 'sigma_boundary': 8.428398011501635, 'alpha': 0.929357398910351}. Best is trial 69 with value: 0.0297113241706128.
[I 2026-03-03 20:46:27,149] Trial 113 finished with value: 0.0503362501476928 and parameters: {'sigma_noise': 0.25515660853263444, 'A_repulsion': 0.009755224788181307, 'gamma': 0.6125649773238664, 'sigma_update': 0.2711234139669698, 'eta_learning': 2.7180969279711396, 'sigma_boundary': 8.436136921724996, 'alpha': 0.9241425123347959}. Best is trial 69 with value: 0.0297113241706128.
[I 2026-03-03 20:46:28,361] Trial 115 finished with value: 0.031070394107286285 and parameters: {'sigma_noise': 0.25562548371634003, 'A_repulsion': 0.005816658808253661, 'gamma': 0.6016164181461152, 'sigma_update': 0.3386190472709497, 'eta_learning': 2.726661552376574, 'sigma_boundary': 8.542918554083984, 'alpha': 0.7908284668398949}. Best is trial 69 with value: 0.0297113241706128.
[I 2026-03-03 20:46:31,496] Trial 117 finished with value: 0.03964033170359417 and parameters: {'sigma_noise': 0.24699530485739313, 'A_repulsion': 0.0003091242020698378, 'gamma': 0.5899230422430383, 'sigma_update': 0.2629424918211318, 'eta_learning': 2.7242806420178853, 'sigma_boundary': 8.535215285963089, 'alpha': 0.7770689488426482}. Best is trial 69 with value: 0.0297113241706128.
[I 2026-03-03 20:46:49,975] Trial 116 finished with value: 0.03610500504678277 and parameters: {'sigma_noise': 0.25280303286782124, 'A_repulsion': 0.0002648334897167974, 'gamma': 0.6267669261589227, 'sigma_update': 0.3317668278334081, 'eta_learning': 2.7465444125775016, 'sigma_boundary': 8.51862236852797, 'alpha': 0.6767973087748443}. Best is trial 69 with value: 0.0297113241706128.
[I 2026-03-03 20:46:50,799] Trial 118 finished with value: 0.05076035883685393 and parameters: {'sigma_noise': 0.252619614623593, 'A_repulsion': 0.004930448245135076, 'gamma': 0.6307115469733356, 'sigma_update': 0.3694101472038025, 'eta_learning': 2.736848047489524, 'sigma_boundary': 8.474373232361078, 'alpha': 0.5191580086812733}. Best is trial 69 with value: 0.0297113241706128.
[I 2026-03-03 20:47:19,480] Trial 119 finished with value: 0.038672745201324195 and parameters: {'sigma_noise': 0.2694737158339463, 'A_repulsion': 0.003062688078205214, 'gamma': 0.8838741320463502, 'sigma_update': 0.3397371034437888, 'eta_learning': 2.7542704331849053, 'sigma_boundary': 8.364471096323067, 'alpha': 0.78946080587453}. Best is trial 69 with value: 0.0297113241706128.
[I 2026-03-03 20:47:21,605] Trial 89 finished with value: 0.0870050376111596 and parameters: {'sigma_noise': 0.42677010118916475, 'A_repulsion': 0.12602977439584917, 'gamma': 0.5778363904952213, 'sigma_update': 0.3107971124315255, 'eta_learning': 2.9011291519190645, 'sigma_boundary': 8.53095628297093, 'alpha': 0.7674544379642573}. Best is trial 69 with value: 0.0297113241706128.
[I 2026-03-03 20:49:41,170] Trial 120 finished with value: 0.03275113480051279 and parameters: {'sigma_noise': 0.25631818017234503, 'A_repulsion': 0.00427283829087069, 'gamma': 0.9037345768296479, 'sigma_update': 0.34470616935598386, 'eta_learning': 2.7374153435439172, 'sigma_boundary': 8.285225257090097, 'alpha': 0.6639360585260285}. Best is trial 69 with value: 0.0297113241706128.
[I 2026-03-03 20:50:08,463] Trial 121 finished with value: 0.02671582377334676 and parameters: {'sigma_noise': 0.253124490819123, 'A_repulsion': 0.0206350119807244, 'gamma': 0.8937435285433707, 'sigma_update': 0.2790115705406303, 'eta_learning': 2.7329065951448728, 'sigma_boundary': 3.0956589550180738, 'alpha': 0.530791873264431}. Best is trial 121 with value: 0.02671582377334676.
[I 2026-03-03 20:50:33,533] Trial 122 finished with value: 0.051939424866040335 and parameters: {'sigma_noise': 0.2566315397194135, 'A_repulsion': 0.02363329483912672, 'gamma': 0.9175569115424357, 'sigma_update': 0.3394538230604004, 'eta_learning': 2.7540906668469733, 'sigma_boundary': 8.348561048173412, 'alpha': 0.8097181083390307}. Best is trial 121 with value: 0.02671582377334676.
[I 2026-03-03 20:51:19,299] Trial 123 finished with value: 0.024082779939121612 and parameters: {'sigma_noise': 0.2596209408696756, 'A_repulsion': 0.015790120080070108, 'gamma': 0.8952553844533787, 'sigma_update': 0.2737549179904508, 'eta_learning': 2.7240089447525127, 'sigma_boundary': 8.358005048792151, 'alpha': 0.5185292764621242}. Best is trial 123 with value: 0.024082779939121612.
[I 2026-03-03 20:51:52,331] Trial 124 finished with value: 0.045684079111477746 and parameters: {'sigma_noise': 0.260311679690631, 'A_repulsion': 0.018829486070903168, 'gamma': 0.9087111237296982, 'sigma_update': 0.34683333213480566, 'eta_learning': 2.7363646941770723, 'sigma_boundary': 8.298953634542904, 'alpha': 0.8009309395903697}. Best is trial 123 with value: 0.024082779939121612.
[I 2026-03-03 20:52:21,525] Trial 125 finished with value: 0.05454509667105745 and parameters: {'sigma_noise': 0.26521924489001153, 'A_repulsion': 0.026412125910055557, 'gamma': 0.9154235542743964, 'sigma_update': 0.28427982996566636, 'eta_learning': 2.7440704555942155, 'sigma_boundary': 8.274355991916424, 'alpha': 0.7969050581201568}. Best is trial 123 with value: 0.024082779939121612.
[I 2026-03-03 20:52:44,659] Trial 126 finished with value: 0.04516341477593903 and parameters: {'sigma_noise': 0.2614176163799608, 'A_repulsion': 0.021465610080307597, 'gamma': 0.9059396456249276, 'sigma_update': 0.34341998584669253, 'eta_learning': 2.721885510927392, 'sigma_boundary': 8.331602992171607, 'alpha': 0.799394030401567}. Best is trial 123 with value: 0.024082779939121612.
[I 2026-03-03 20:52:45,975] Trial 127 finished with value: 0.03635383780713168 and parameters: {'sigma_noise': 0.26440456880391705, 'A_repulsion': 0.026860445294442897, 'gamma': 0.5517354230860584, 'sigma_update': 0.27681964451979957, 'eta_learning': 2.7316673945877428, 'sigma_boundary': 8.370674583055237, 'alpha': 0.6599761243321701}. Best is trial 123 with value: 0.024082779939121612.
[I 2026-03-03 20:53:17,863] Trial 128 finished with value: 0.032858365622475155 and parameters: {'sigma_noise': 0.2579455610070355, 'A_repulsion': 0.01637027261523008, 'gamma': 0.5215463685040126, 'sigma_update': 0.34549432860810864, 'eta_learning': 2.772523665877022, 'sigma_boundary': 8.334018379778307, 'alpha': 0.6602456133141705}. Best is trial 123 with value: 0.024082779939121612.
[I 2026-03-03 20:53:44,822] Trial 129 finished with value: 0.035294015760160224 and parameters: {'sigma_noise': 0.26473414509543974, 'A_repulsion': 0.018142882883608182, 'gamma': 0.9171680623161401, 'sigma_update': 0.34115247014499167, 'eta_learning': 2.7692497136883643, 'sigma_boundary': 3.1652155330187033, 'alpha': 0.5279789851731567}. Best is trial 123 with value: 0.024082779939121612.
[I 2026-03-03 20:53:51,436] Trial 130 finished with value: 0.03635529961224182 and parameters: {'sigma_noise': 0.2571497814022297, 'A_repulsion': 0.022709868161710757, 'gamma': 0.897240178738574, 'sigma_update': 0.27755633623255327, 'eta_learning': 2.7458025608993504, 'sigma_boundary': 9.140602020384382, 'alpha': 0.6620387628187974}. Best is trial 123 with value: 0.024082779939121612.
[I 2026-03-03 20:54:09,467] Trial 131 finished with value: 0.048185422051264616 and parameters: {'sigma_noise': 0.2690707284028151, 'A_repulsion': 0.018537766266347545, 'gamma': 0.9223036843245276, 'sigma_update': 0.3390046152975919, 'eta_learning': 2.7805060478977235, 'sigma_boundary': 9.065343888667549, 'alpha': 0.8066580902963993}. Best is trial 123 with value: 0.024082779939121612.
[I 2026-03-03 20:54:18,591] Trial 133 finished with value: 0.03785353361259456 and parameters: {'sigma_noise': 0.26007061838000733, 'A_repulsion': 0.027885362299264124, 'gamma': 0.5201297669230439, 'sigma_update': 0.28290604398146535, 'eta_learning': 2.7285198723229196, 'sigma_boundary': 9.042402953080096, 'alpha': 0.6504265618595305}. Best is trial 123 with value: 0.024082779939121612.
[I 2026-03-03 20:54:19,013] Trial 132 finished with value: 0.03434205547120516 and parameters: {'sigma_noise': 0.27037069050712964, 'A_repulsion': 0.024561047709710963, 'gamma': 0.5478256366349205, 'sigma_update': 0.27953296453672133, 'eta_learning': 2.7389835614109277, 'sigma_boundary': 8.096039193007138, 'alpha': 0.6571992914953363}. Best is trial 123 with value: 0.024082779939121612.
[I 2026-03-03 20:54:30,877] Trial 134 finished with value: 0.03606508651171618 and parameters: {'sigma_noise': 0.26212905972753076, 'A_repulsion': 0.026543366632270273, 'gamma': 0.5358677697180009, 'sigma_update': 0.28076191980717863, 'eta_learning': 2.7386168637695714, 'sigma_boundary': 8.124586695594838, 'alpha': 0.6689995589567057}. Best is trial 123 with value: 0.024082779939121612.
[I 2026-03-03 20:54:39,613] Trial 136 finished with value: 0.04082675029000661 and parameters: {'sigma_noise': 0.26217059814741406, 'A_repulsion': 0.026868357897700115, 'gamma': 0.5118007924927969, 'sigma_update': 0.27675537722247545, 'eta_learning': 2.7099951538643365, 'sigma_boundary': 7.528180259028021, 'alpha': 0.650636115018533}. Best is trial 123 with value: 0.024082779939121612.
[I 2026-03-03 20:54:53,202] Trial 135 finished with value: 0.03972505716539766 and parameters: {'sigma_noise': 0.2649783132921527, 'A_repulsion': 0.027933481568964223, 'gamma': 0.5243669529352866, 'sigma_update': 0.3682154775516626, 'eta_learning': 2.7148203294211717, 'sigma_boundary': 3.04700955824185, 'alpha': 0.6591505038477153}. Best is trial 123 with value: 0.024082779939121612.
[I 2026-03-03 20:55:18,273] Trial 139 finished with value: 0.035622661363507856 and parameters: {'sigma_noise': 0.2698489869466753, 'A_repulsion': 0.02708650275622239, 'gamma': 0.5319122159257003, 'sigma_update': 0.2814687828514643, 'eta_learning': 2.594350849258344, 'sigma_boundary': 3.055459864814211, 'alpha': 0.6769581993947116}. Best is trial 123 with value: 0.024082779939121612.
