[I 2026-03-03 21:05:28,398] Trial 194 finished with value: 0.04242872088469925 and parameters: {'sigma_noise': 0.28158959638944775, 'A_repulsion': 0.04333789553333693, 'gamma': 0.47154453500248567, 'sigma_update': 0.23087710750622276, 'eta_learning': 2.8272685395295154, 'sigma_boundary': 7.705423424813119, 'alpha': 0.617594773789508}. Best is trial 123 with value: 0.024082779939121612.
[I 2026-03-03 21:05:34,217] Trial 195 finished with value: 0.04070582156659598 and parameters: {'sigma_noise': 0.2974189091270029, 'A_repulsion': 0.04457276306004758, 'gamma': 0.4863062332018826, 'sigma_update': 0.23087888382510532, 'eta_learning': 2.3768998746381698, 'sigma_boundary': 7.800137902705211, 'alpha': 0.6194329097381339}. Best is trial 123 with value: 0.024082779939121612.
[I 2026-03-03 21:05:35,198] Trial 197 finished with value: 0.029312193316173518 and parameters: {'sigma_noise': 0.30206732718433416, 'A_repulsion': 0.04146930319821113, 'gamma': 0.7068364839968465, 'sigma_update': 0.2364386414342085, 'eta_learning': 2.3430669950808793, 'sigma_boundary': 7.642767132760329, 'alpha': 0.6133382375474921}. Best is trial 123 with value: 0.024082779939121612.
[I 2026-03-03 21:05:35,890] Trial 196 finished with value: 0.04401882040590288 and parameters: {'sigma_noise': 0.3049958775820064, 'A_repulsion': 0.042130539809372036, 'gamma': 0.4719487242817949, 'sigma_update': 0.23804170045880912, 'eta_learning': 2.445895018137211, 'sigma_boundary': 7.819400523704176, 'alpha': 0.6158136708241193}. Best is trial 123 with value: 0.024082779939121612.
[I 2026-03-03 21:05:38,045] Trial 198 finished with value: 0.04287735891499714 and parameters: {'sigma_noise': 0.30199481437818276, 'A_repulsion': 0.043499606587633424, 'gamma': 0.4777124026643328, 'sigma_update': 0.23235163500750008, 'eta_learning': 2.450654208286494, 'sigma_boundary': 7.624048261521619, 'alpha': 0.5915413168593733}. Best is trial 123 with value: 0.024082779939121612.
[I 2026-03-03 21:05:39,070] Trial 199 finished with value: 0.03931206531423176 and parameters: {'sigma_noise': 0.294035453195493, 'A_repulsion': 0.08336644764228397, 'gamma': 0.49103819488527595, 'sigma_update': 0.23589774940703073, 'eta_learning': 2.42605956758769, 'sigma_boundary': 7.725828082123276, 'alpha': 0.598379978160283}. Best is trial 123 with value: 0.024082779939121612.
