[I 2026-03-03 20:55:30,762] Trial 137 finished with value: 0.037104667758231284 and parameters: {'sigma_noise': 0.27195535880442356, 'A_repulsion': 0.023346365099005124, 'gamma': 0.5373971224298429, 'sigma_update': 0.2821536126605283, 'eta_learning': 2.7113628643079735, 'sigma_boundary': 8.092378337605856, 'alpha': 0.6642828434615214}. Best is trial 123 with value: 0.024082779939121612.
[I 2026-03-03 20:55:34,860] Trial 138 finished with value: 0.03506295985619362 and parameters: {'sigma_noise': 0.2687911763595296, 'A_repulsion': 0.02585298760500766, 'gamma': 0.5455877041619404, 'sigma_update': 0.27654054658600924, 'eta_learning': 2.701728082421094, 'sigma_boundary': 8.061860120947228, 'alpha': 0.6744362315911219}. Best is trial 123 with value: 0.024082779939121612.
[I 2026-03-03 20:55:40,940] Trial 140 finished with value: 0.035560034484908576 and parameters: {'sigma_noise': 0.26089814497442365, 'A_repulsion': 0.024192379117427415, 'gamma': 0.542097330715323, 'sigma_update': 0.27674603607201986, 'eta_learning': 2.685793655308818, 'sigma_boundary': 8.08341955803527, 'alpha': 0.6801474310749398}. Best is trial 123 with value: 0.024082779939121612.
[I 2026-03-03 20:55:56,223] Trial 141 finished with value: 0.03299901755121812 and parameters: {'sigma_noise': 0.2655221299929082, 'A_repulsion': 0.025395377752005385, 'gamma': 0.717159078608075, 'sigma_update': 0.28377062088949034, 'eta_learning': 2.6055381802786086, 'sigma_boundary': 8.083852908889636, 'alpha': 0.6711811262110864}. Best is trial 123 with value: 0.024082779939121612.
[I 2026-03-03 20:55:58,280] Trial 149 finished with value: 0.04681120146659795 and parameters: {'sigma_noise': 0.266120562796681, 'A_repulsion': 0.026543514685200713, 'gamma': 0.5240350254039101, 'sigma_update': 0.38816172274804217, 'eta_learning': 2.5800739255965484, 'sigma_boundary': 8.025987847681803, 'alpha': 0.6616224664758122}. Best is trial 123 with value: 0.024082779939121612.
[I 2026-03-03 20:56:13,953] Trial 150 finished with value: 0.0399592356613738 and parameters: {'sigma_noise': 0.269437303691331, 'A_repulsion': 0.026586222991023416, 'gamma': 0.5252217850255467, 'sigma_update': 0.25921213395114445, 'eta_learning': 2.5800864961294705, 'sigma_boundary': 8.073947151159542, 'alpha': 0.6697345771409831}. Best is trial 123 with value: 0.024082779939121612.
[I 2026-03-03 20:56:14,267] Trial 145 finished with value: 0.042924183822121584 and parameters: {'sigma_noise': 0.26571561125399085, 'A_repulsion': 0.026582127546857293, 'gamma': 0.5278501874533996, 'sigma_update': 0.37500674560107816, 'eta_learning': 2.569345026950891, 'sigma_boundary': 8.028346733616067, 'alpha': 0.6694885412822978}. Best is trial 123 with value: 0.024082779939121612.
[I 2026-03-03 20:56:16,958] Trial 147 finished with value: 0.03276934956919162 and parameters: {'sigma_noise': 0.2660664429940987, 'A_repulsion': 0.0288673449259099, 'gamma': 0.5250772281508268, 'sigma_update': 0.369663086398434, 'eta_learning': 2.6386713340147474, 'sigma_boundary': 8.165626219436618, 'alpha': 0.8187921596538722}. Best is trial 123 with value: 0.024082779939121612.
[I 2026-03-03 20:56:17,630] Trial 144 finished with value: 0.040920458805674464 and parameters: {'sigma_noise': 0.2688922357440423, 'A_repulsion': 0.030016081057669147, 'gamma': 0.5319972094904022, 'sigma_update': 0.2686164683117652, 'eta_learning': 2.5623537387847684, 'sigma_boundary': 8.079201888102576, 'alpha': 0.6773682191569896}. Best is trial 123 with value: 0.024082779939121612.
[I 2026-03-03 20:56:18,148] Trial 148 finished with value: 0.052325287785393804 and parameters: {'sigma_noise': 0.2703541111229304, 'A_repulsion': 0.026263032883550225, 'gamma': 0.553529974365633, 'sigma_update': 0.3640465523067306, 'eta_learning': 2.6404666208157415, 'sigma_boundary': 8.061004376408683, 'alpha': 0.6427381664348745}. Best is trial 123 with value: 0.024082779939121612.
[I 2026-03-03 20:56:22,713] Trial 142 finished with value: 0.029513846957001866 and parameters: {'sigma_noise': 0.2830672891165015, 'A_repulsion': 0.03283797610994332, 'gamma': 0.7229992043972515, 'sigma_update': 0.26705588015720055, 'eta_learning': 2.595135073213757, 'sigma_boundary': 9.087290209974892, 'alpha': 0.6694756912191535}. Best is trial 123 with value: 0.024082779939121612.
[I 2026-03-03 20:56:28,922] Trial 143 finished with value: 0.03597648318953387 and parameters: {'sigma_noise': 0.2622164173819467, 'A_repulsion': 0.024482197213508087, 'gamma': 0.5141171717662845, 'sigma_update': 0.27785950733341175, 'eta_learning': 2.5459760509642915, 'sigma_boundary': 8.065154079969842, 'alpha': 0.6711570627307031}. Best is trial 123 with value: 0.024082779939121612.
[I 2026-03-03 20:56:31,589] Trial 159 finished with value: 0.04398074250854601 and parameters: {'sigma_noise': 0.21806621109221105, 'A_repulsion': 0.02756326518237001, 'gamma': 0.5345163131483104, 'sigma_update': 0.39724276090269695, 'eta_learning': 2.5916658893358764, 'sigma_boundary': 9.109467400215356, 'alpha': 0.6702395701635994}. Best is trial 123 with value: 0.024082779939121612.
[I 2026-03-03 20:56:36,176] Trial 146 finished with value: 0.03907933783054556 and parameters: {'sigma_noise': 0.26943662944595986, 'A_repulsion': 0.020834348220712503, 'gamma': 0.5208849913766238, 'sigma_update': 0.24971764073407196, 'eta_learning': 2.6418502242544335, 'sigma_boundary': 9.010080474987213, 'alpha': 0.6707204595056726}. Best is trial 123 with value: 0.024082779939121612.
[I 2026-03-03 20:56:36,415] Trial 153 finished with value: 0.04369702533004276 and parameters: {'sigma_noise': 0.283820551410126, 'A_repulsion': 0.025926221638101814, 'gamma': 0.5264793733375212, 'sigma_update': 0.39265875164806, 'eta_learning': 2.5970058971244487, 'sigma_boundary': 8.058446469855443, 'alpha': 0.6567059313779638}. Best is trial 123 with value: 0.024082779939121612.
[I 2026-03-03 20:56:41,936] Trial 151 finished with value: 0.031179592056068947 and parameters: {'sigma_noise': 0.2827859310632693, 'A_repulsion': 0.025925969112663066, 'gamma': 0.5454472315675282, 'sigma_update': 0.39108659678767765, 'eta_learning': 2.585223706499226, 'sigma_boundary': 8.090316454600739, 'alpha': 0.8183142828847547}. Best is trial 123 with value: 0.024082779939121612.
[I 2026-03-03 20:56:55,255] Trial 154 finished with value: 0.03797084105032727 and parameters: {'sigma_noise': 0.28528319471024743, 'A_repulsion': 0.027309649472332165, 'gamma': 0.5446993302983285, 'sigma_update': 0.38363750977324634, 'eta_learning': 2.561926498943537, 'sigma_boundary': 9.16631703090478, 'alpha': 0.8201147636687519}. Best is trial 123 with value: 0.024082779939121612.
[I 2026-03-03 20:56:59,726] Trial 155 finished with value: 0.048934818965908775 and parameters: {'sigma_noise': 0.28545448953126745, 'A_repulsion': 0.024108769774412293, 'gamma': 0.5175275545375841, 'sigma_update': 0.39647890588355067, 'eta_learning': 2.63269880222752, 'sigma_boundary': 9.085492159172105, 'alpha': 0.6655839348328707}. Best is trial 123 with value: 0.024082779939121612.
[I 2026-03-03 20:57:00,188] Trial 152 finished with value: 0.04288214853234652 and parameters: {'sigma_noise': 0.2692157265206554, 'A_repulsion': 0.02564749277018477, 'gamma': 0.6498361526367683, 'sigma_update': 0.25815994368631057, 'eta_learning': 2.6075431123264465, 'sigma_boundary': 8.086721289245885, 'alpha': 0.8120354309919959}. Best is trial 123 with value: 0.024082779939121612.
[I 2026-03-03 20:57:08,137] Trial 157 finished with value: 0.039261512125499456 and parameters: {'sigma_noise': 0.2838743967100807, 'A_repulsion': 0.025595045135982826, 'gamma': 0.5268403978938478, 'sigma_update': 0.4086538113580602, 'eta_learning': 2.6156498869859073, 'sigma_boundary': 7.945294125284845, 'alpha': 0.8143323070889738}. Best is trial 123 with value: 0.024082779939121612.
[I 2026-03-03 20:57:20,457] Trial 156 finished with value: 0.03601989912904657 and parameters: {'sigma_noise': 0.283374459737606, 'A_repulsion': 0.02405073229539108, 'gamma': 0.5402802521767277, 'sigma_update': 0.38389299795957477, 'eta_learning': 2.5816064381519146, 'sigma_boundary': 8.021952202019573, 'alpha': 0.8183206577769233}. Best is trial 123 with value: 0.024082779939121612.
[I 2026-03-03 20:57:54,637] Trial 158 finished with value: 0.04208759101984365 and parameters: {'sigma_noise': 0.2826377135339816, 'A_repulsion': 0.024431614086773575, 'gamma': 0.5303693585272066, 'sigma_update': 0.35588126360286515, 'eta_learning': 2.615583591727816, 'sigma_boundary': 9.064643783394818, 'alpha': 0.6492338618906013}. Best is trial 123 with value: 0.024082779939121612.
[I 2026-03-03 21:00:09,994] Trial 160 finished with value: 0.026239082958359333 and parameters: {'sigma_noise': 0.2853520990845489, 'A_repulsion': 0.025718303985407427, 'gamma': 0.7626290999981051, 'sigma_update': 0.3949661196002739, 'eta_learning': 2.57777121360892, 'sigma_boundary': 9.055474326733142, 'alpha': 0.6714587901792404}. Best is trial 123 with value: 0.024082779939121612.
[I 2026-03-03 21:00:18,507] Trial 162 finished with value: 0.04928210049899664 and parameters: {'sigma_noise': 0.21823794282497883, 'A_repulsion': 0.03519372758984056, 'gamma': 0.6987066664446221, 'sigma_update': 0.3810831223923568, 'eta_learning': 2.8326764936358155, 'sigma_boundary': 9.094371094647338, 'alpha': 0.6588503606857247}. Best is trial 123 with value: 0.024082779939121612.
[I 2026-03-03 21:00:38,614] Trial 161 finished with value: 0.04905117241310285 and parameters: {'sigma_noise': 0.2919230904906256, 'A_repulsion': 0.024898307576894374, 'gamma': 0.5297528932231023, 'sigma_update': 0.3934361037312448, 'eta_learning': 2.5808574373460167, 'sigma_boundary': 8.024130071439197, 'alpha': 0.6549352665092445}. Best is trial 123 with value: 0.024082779939121612.
[I 2026-03-03 21:01:09,584] Trial 164 finished with value: 0.04998950280252721 and parameters: {'sigma_noise': 0.19488181097631452, 'A_repulsion': 0.0316279292464086, 'gamma': 0.516609344694799, 'sigma_update': 0.3963770782323988, 'eta_learning': 2.635451380490598, 'sigma_boundary': 8.12900963089011, 'alpha': 0.6602476050655272}. Best is trial 123 with value: 0.024082779939121612.
[I 2026-03-03 21:01:32,816] Trial 163 finished with value: 0.0367669190776599 and parameters: {'sigma_noise': 0.2921460331476251, 'A_repulsion': 0.035454429706489515, 'gamma': 0.5217481927551124, 'sigma_update': 0.2490132649821563, 'eta_learning': 2.6129671339626808, 'sigma_boundary': 8.105221858208237, 'alpha': 0.6595449559707123}. Best is trial 123 with value: 0.024082779939121612.
[I 2026-03-03 21:02:17,420] Trial 165 finished with value: 0.03899040641686129 and parameters: {'sigma_noise': 0.28026313370297556, 'A_repulsion': 0.037971798816633005, 'gamma': 0.5405120409670316, 'sigma_update': 0.3913175953586622, 'eta_learning': 2.5760378437496945, 'sigma_boundary': 8.052187846596823, 'alpha': 0.7332502893982699}. Best is trial 123 with value: 0.024082779939121612.
[I 2026-03-03 21:02:38,319] Trial 166 finished with value: 0.04407263417244572 and parameters: {'sigma_noise': 0.2789259183085429, 'A_repulsion': 0.041127483800837986, 'gamma': 0.5429887597973213, 'sigma_update': 0.3921341832949208, 'eta_learning': 2.5493683130127804, 'sigma_boundary': 9.0783675118518, 'alpha': 0.6541750905959351}. Best is trial 123 with value: 0.024082779939121612.
[I 2026-03-03 21:02:42,134] Trial 169 finished with value: 0.11618392006850727 and parameters: {'sigma_noise': 0.21965559684332067, 'A_repulsion': 0.03851192436509361, 'gamma': 0.502326811470068, 'sigma_update': 0.3910589562681097, 'eta_learning': 2.5994243982624994, 'sigma_boundary': 7.9931038589975625, 'alpha': 0.4641429003151949}. Best is trial 123 with value: 0.024082779939121612.
[I 2026-03-03 21:02:54,805] Trial 167 finished with value: 0.03932828956535088 and parameters: {'sigma_noise': 0.28530203417259536, 'A_repulsion': 0.038855002790719836, 'gamma': 0.7109537801951238, 'sigma_update': 0.4006238402529129, 'eta_learning': 2.568566606736609, 'sigma_boundary': 9.063240230506334, 'alpha': 0.623897204937822}. Best is trial 123 with value: 0.024082779939121612.
[I 2026-03-03 21:03:09,205] Trial 168 finished with value: 0.06128830670155015 and parameters: {'sigma_noise': 0.27919032946446554, 'A_repulsion': 0.04213192264633528, 'gamma': 0.5185979685831477, 'sigma_update': 0.40521501163394896, 'eta_learning': 2.5756891541154054, 'sigma_boundary': 7.990578276896514, 'alpha': 0.6266034405475399}. Best is trial 123 with value: 0.024082779939121612.
[I 2026-03-03 21:03:39,120] Trial 170 finished with value: 0.10970485717945502 and parameters: {'sigma_noise': 0.27603090025641275, 'A_repulsion': 0.036003418543830656, 'gamma': 0.5141385016963567, 'sigma_update': 0.3815279806800359, 'eta_learning': 2.583640368222087, 'sigma_boundary': 8.015799037840834, 'alpha': 0.4607481113655996}. Best is trial 123 with value: 0.024082779939121612.
[I 2026-03-03 21:03:47,442] Trial 172 finished with value: 0.03893321520718651 and parameters: {'sigma_noise': 0.283807767625538, 'A_repulsion': 0.036539434483801814, 'gamma': 0.7265526354566058, 'sigma_update': 0.3883303970899677, 'eta_learning': 2.59943138565389, 'sigma_boundary': 7.9645311318294, 'alpha': 0.5973955654084531}. Best is trial 123 with value: 0.024082779939121612.
[I 2026-03-03 21:03:53,671] Trial 171 finished with value: 0.06538590949676919 and parameters: {'sigma_noise': 0.28218154622708613, 'A_repulsion': 0.04045212873741539, 'gamma': 0.5286448541071513, 'sigma_update': 0.4011739722419828, 'eta_learning': 2.563630934020824, 'sigma_boundary': 8.095049393970754, 'alpha': 0.5988934719427323}. Best is trial 123 with value: 0.024082779939121612.
[I 2026-03-03 21:04:07,314] Trial 175 finished with value: 0.03680677106202156 and parameters: {'sigma_noise': 0.27925791974943276, 'A_repulsion': 0.04243333128499809, 'gamma': 0.7176619371236139, 'sigma_update': 0.39038443903765363, 'eta_learning': 2.616064723337609, 'sigma_boundary': 3.1400867391695564, 'alpha': 0.6231579346115469}. Best is trial 123 with value: 0.024082779939121612.
[I 2026-03-03 21:04:08,791] Trial 173 finished with value: 0.08742447628065281 and parameters: {'sigma_noise': 0.28397182077950356, 'A_repulsion': 0.038393672391440106, 'gamma': 0.712636929306465, 'sigma_update': 0.37651639875749054, 'eta_learning': 2.536628785875215, 'sigma_boundary': 8.04771110478411, 'alpha': 0.46022801446395745}. Best is trial 123 with value: 0.024082779939121612.
[I 2026-03-03 21:04:09,667] Trial 174 finished with value: 0.042100521518596015 and parameters: {'sigma_noise': 0.2863404522597509, 'A_repulsion': 0.04353924582358658, 'gamma': 0.6558844997931735, 'sigma_update': 0.40146802304358165, 'eta_learning': 2.621813571585307, 'sigma_boundary': 7.910333002040047, 'alpha': 0.6088744758625669}. Best is trial 123 with value: 0.024082779939121612.
[I 2026-03-03 21:04:16,782] Trial 176 finished with value: 0.03137462162257745 and parameters: {'sigma_noise': 0.2893861460790149, 'A_repulsion': 0.03852706324044624, 'gamma': 0.6624112246188427, 'sigma_update': 0.2399342945083435, 'eta_learning': 2.5715165417527834, 'sigma_boundary': 7.974954523518112, 'alpha': 0.601448796498701}. Best is trial 123 with value: 0.024082779939121612.
[I 2026-03-03 21:04:34,600] Trial 177 finished with value: 0.07070112777982603 and parameters: {'sigma_noise': 0.2839851778377313, 'A_repulsion': 0.042888169331427424, 'gamma': 0.46735216777769095, 'sigma_update': 0.3953717049350997, 'eta_learning': 2.623234376795729, 'sigma_boundary': 3.080248133139781, 'alpha': 0.6213868439922057}. Best is trial 123 with value: 0.024082779939121612.
[I 2026-03-03 21:04:40,739] Trial 178 finished with value: 0.030472064037402342 and parameters: {'sigma_noise': 0.2860715085213934, 'A_repulsion': 0.04192516740947152, 'gamma': 0.7147752218196313, 'sigma_update': 0.22482171102548718, 'eta_learning': 2.6308910996329886, 'sigma_boundary': 2.952483310388276, 'alpha': 0.6049064985729196}. Best is trial 123 with value: 0.024082779939121612.
[I 2026-03-03 21:04:48,522] Trial 179 finished with value: 0.0860353049432371 and parameters: {'sigma_noise': 0.28421813543556784, 'A_repulsion': 0.041093746133180085, 'gamma': 0.44119184408768636, 'sigma_update': 0.39987626646223356, 'eta_learning': 2.586621010301575, 'sigma_boundary': 7.910209983324558, 'alpha': 0.6118867732422307}. Best is trial 123 with value: 0.024082779939121612.
[I 2026-03-03 21:05:01,208] Trial 182 finished with value: 0.04315437331106234 and parameters: {'sigma_noise': 0.28506249134844247, 'A_repulsion': 0.04632344613885722, 'gamma': 0.4506490398923295, 'sigma_update': 0.2430646625267578, 'eta_learning': 2.6064678985350196, 'sigma_boundary': 7.806428366283444, 'alpha': 0.6246682486113168}. Best is trial 123 with value: 0.024082779939121612.
[I 2026-03-03 21:05:07,900] Trial 188 finished with value: 0.04314470316323729 and parameters: {'sigma_noise': 0.28013336954155277, 'A_repulsion': 0.041693858545323786, 'gamma': 0.45186271367008335, 'sigma_update': 0.23911837934973, 'eta_learning': 2.369185038295444, 'sigma_boundary': 7.698608717624309, 'alpha': 0.6054203872619248}. Best is trial 123 with value: 0.024082779939121612.
[I 2026-03-03 21:05:08,532] Trial 184 finished with value: 0.03766041282947031 and parameters: {'sigma_noise': 0.28640377294703145, 'A_repulsion': 0.04271311586046521, 'gamma': 0.47989990609548655, 'sigma_update': 0.23937524289690318, 'eta_learning': 2.6257560176225536, 'sigma_boundary': 7.707031172621982, 'alpha': 0.6112861741346682}. Best is trial 123 with value: 0.024082779939121612.
[I 2026-03-03 21:05:09,881] Trial 183 finished with value: 0.04281557029177899 and parameters: {'sigma_noise': 0.2816875377151858, 'A_repulsion': 0.041207610586275346, 'gamma': 0.454756098648724, 'sigma_update': 0.23419378969075133, 'eta_learning': 2.5522687251201375, 'sigma_boundary': 7.830226881068788, 'alpha': 0.6116448884021141}. Best is trial 123 with value: 0.024082779939121612.
[I 2026-03-03 21:05:10,850] Trial 181 finished with value: 0.040588549523995474 and parameters: {'sigma_noise': 0.28083022760069487, 'A_repulsion': 0.04177147010706224, 'gamma': 0.44613408293354295, 'sigma_update': 0.23886883815319754, 'eta_learning': 2.595989033501325, 'sigma_boundary': 7.750204338339723, 'alpha': 0.6062123874703829}. Best is trial 123 with value: 0.024082779939121612.
[I 2026-03-03 21:05:15,637] Trial 190 finished with value: 0.037026451128432836 and parameters: {'sigma_noise': 0.28438352268317196, 'A_repulsion': 0.04329044945986843, 'gamma': 0.9473768031307336, 'sigma_update': 0.22419247155575311, 'eta_learning': 2.3510651742616475, 'sigma_boundary': 7.693956145331371, 'alpha': 0.615912330133206}. Best is trial 123 with value: 0.024082779939121612.
[I 2026-03-03 21:05:15,883] Trial 180 finished with value: 0.07987627406856669 and parameters: {'sigma_noise': 0.29223921888170623, 'A_repulsion': 0.04146579362601301, 'gamma': 0.4610261973760051, 'sigma_update': 0.3917351795651637, 'eta_learning': 2.5900191943280095, 'sigma_boundary': 7.878820769770604, 'alpha': 0.6033118892530343}. Best is trial 123 with value: 0.024082779939121612.
[I 2026-03-03 21:05:16,012] Trial 187 finished with value: 0.04137319396473797 and parameters: {'sigma_noise': 0.28254065530760575, 'A_repulsion': 0.03694040830604755, 'gamma': 0.46862954401559576, 'sigma_update': 0.23324681224431154, 'eta_learning': 2.3875375024723886, 'sigma_boundary': 7.813725473647646, 'alpha': 0.6097800545850627}. Best is trial 123 with value: 0.024082779939121612.
[I 2026-03-03 21:05:16,410] Trial 186 finished with value: 0.039882276928838646 and parameters: {'sigma_noise': 0.28295100395968364, 'A_repulsion': 0.038613426521928215, 'gamma': 0.4687381988152701, 'sigma_update': 0.2394955111581485, 'eta_learning': 2.365480074891107, 'sigma_boundary': 7.756303766337062, 'alpha': 0.6092336449699705}. Best is trial 123 with value: 0.024082779939121612.
[I 2026-03-03 21:05:18,821] Trial 185 finished with value: 0.07830960459293579 and parameters: {'sigma_noise': 0.27991478461396796, 'A_repulsion': 0.0412313985227641, 'gamma': 0.4621751675028752, 'sigma_update': 0.3992771947637536, 'eta_learning': 2.369400294495521, 'sigma_boundary': 7.654633530584988, 'alpha': 0.6106889417378503}. Best is trial 123 with value: 0.024082779939121612.
[I 2026-03-03 21:05:20,366] Trial 192 finished with value: 0.0306486367085424 and parameters: {'sigma_noise': 0.2830557280550751, 'A_repulsion': 0.04482966243294531, 'gamma': 0.709873449645267, 'sigma_update': 0.23632365468866084, 'eta_learning': 2.376260225247073, 'sigma_boundary': 7.737185348549585, 'alpha': 0.6069883261063269}. Best is trial 123 with value: 0.024082779939121612.
[I 2026-03-03 21:05:24,992] Trial 189 finished with value: 0.04091691570943291 and parameters: {'sigma_noise': 0.28449649278975553, 'A_repulsion': 0.043107216726593636, 'gamma': 0.45356163603969074, 'sigma_update': 0.24202145268976902, 'eta_learning': 2.4003418029446943, 'sigma_boundary': 7.8006640370966105, 'alpha': 0.5961495528419802}. Best is trial 123 with value: 0.024082779939121612.
[I 2026-03-03 21:05:25,309] Trial 193 finished with value: 0.06015589335223645 and parameters: {'sigma_noise': 0.28303494965867804, 'A_repulsion': 0.040669274137835096, 'gamma': 0.4497177969814212, 'sigma_update': 0.22701566984654648, 'eta_learning': 2.5101862496529876, 'sigma_boundary': 9.437763220447598, 'alpha': 0.47018793441887935}. Best is trial 123 with value: 0.024082779939121612.
[I 2026-03-03 21:05:26,072] Trial 191 finished with value: 0.03853916794462391 and parameters: {'sigma_noise': 0.28455985644994575, 'A_repulsion': 0.04342558309673768, 'gamma': 0.7016695403157801, 'sigma_update': 0.23353144160534348, 'eta_learning': 2.399942775908575, 'sigma_boundary': 7.642088755599333, 'alpha': 0.615009442618052}. Best is trial 123 with value: 0.024082779939121612.
