[I 2026-03-03 19:48:22,078] Trial 67 finished with value: 0.38320316096744544 and parameters: {'sigma_noise': 0.3629616175344013, 'A_repulsion': 0.024899976985359087, 'gamma': 0.4231534371735608, 'sigma_update': 0.6396714433469018, 'eta_learning': 1.5754222235868822, 'sigma_boundary': 6.280221690256143, 'alpha': 0.7877208198008069}. Best is trial 27 with value: 0.04990093471338863.
[I 2026-03-03 19:48:24,500] Trial 70 finished with value: 0.0631914484224113 and parameters: {'sigma_noise': 0.3471850363047114, 'A_repulsion': 0.0059368825552272705, 'gamma': 0.7629502025902285, 'sigma_update': 0.16291826548332272, 'eta_learning': 0.5578428494615506, 'sigma_boundary': 6.114429303213964, 'alpha': 0.8154254786711042}. Best is trial 27 with value: 0.04990093471338863.
[I 2026-03-03 19:48:25,778] Trial 69 finished with value: 0.0685483960882605 and parameters: {'sigma_noise': 0.34217028621416234, 'A_repulsion': 0.03742908306865043, 'gamma': 0.742691301226455, 'sigma_update': 0.1839989156063982, 'eta_learning': 0.6370645482176622, 'sigma_boundary': 0.8248441211565938, 'alpha': 0.8074914138544345}. Best is trial 27 with value: 0.04990093471338863.
[I 2026-03-03 19:48:28,726] Trial 50 finished with value: 0.13063932257258498 and parameters: {'sigma_noise': 0.3936383737416016, 'A_repulsion': 0.4359694704406102, 'gamma': 0.5727895501266309, 'sigma_update': 0.6152269783307054, 'eta_learning': 1.2075449004449412, 'sigma_boundary': 7.4562505596437365, 'alpha': 0.9960923274057523}. Best is trial 27 with value: 0.04990093471338863.
[I 2026-03-03 19:48:37,239] Trial 73 finished with value: 0.07890489709339989 and parameters: {'sigma_noise': 0.34223504338087024, 'A_repulsion': 0.002016099923091902, 'gamma': 0.7247992322488596, 'sigma_update': 0.17994633624427456, 'eta_learning': 1.5085681537425777, 'sigma_boundary': 6.5338228272492165, 'alpha': 0.8299461907145864}. Best is trial 27 with value: 0.04990093471338863.
[I 2026-03-03 19:48:41,458] Trial 57 finished with value: 0.10653722166297647 and parameters: {'sigma_noise': 0.3833860846108308, 'A_repulsion': 0.14181295954802486, 'gamma': 0.6964719264102192, 'sigma_update': 0.6073326732538059, 'eta_learning': 1.5258054394233955, 'sigma_boundary': 0.6998858344140186, 'alpha': 0.7874086273032127}. Best is trial 27 with value: 0.04990093471338863.
[I 2026-03-03 19:48:42,136] Trial 72 finished with value: 0.07269806695226777 and parameters: {'sigma_noise': 0.3365122596517559, 'A_repulsion': 0.013896314049612786, 'gamma': 0.7706481612890316, 'sigma_update': 0.1879239120093395, 'eta_learning': 1.5018604217315445, 'sigma_boundary': 6.182212385382813, 'alpha': 0.8191495756263669}. Best is trial 27 with value: 0.04990093471338863.
[I 2026-03-03 19:48:45,157] Trial 51 finished with value: 0.1798829741517662 and parameters: {'sigma_noise': 0.38412723790300707, 'A_repulsion': 0.4343314422914215, 'gamma': 0.5758659801028694, 'sigma_update': 0.5993288149549564, 'eta_learning': 0.17572914316336163, 'sigma_boundary': 6.94949729974875, 'alpha': 0.6871435298038615}. Best is trial 27 with value: 0.04990093471338863.
[I 2026-03-03 19:49:04,834] Trial 52 finished with value: 0.17963687930643069 and parameters: {'sigma_noise': 0.3415211091187941, 'A_repulsion': 0.4587588780405651, 'gamma': 0.6065109829765866, 'sigma_update': 0.6239417878934728, 'eta_learning': 1.5370389783421148, 'sigma_boundary': 6.902637103455141, 'alpha': 0.7294614675294353}. Best is trial 27 with value: 0.04990093471338863.
[I 2026-03-03 19:49:11,772] Trial 54 finished with value: 0.14537408732625237 and parameters: {'sigma_noise': 0.3830306327722329, 'A_repulsion': 0.307026653999871, 'gamma': 0.6321669456379262, 'sigma_update': 0.6062964236439895, 'eta_learning': 2.974971904841332, 'sigma_boundary': 8.288506144558774, 'alpha': 0.8155040440468204}. Best is trial 27 with value: 0.04990093471338863.
[I 2026-03-03 19:49:13,073] Trial 78 finished with value: 0.06926693346560772 and parameters: {'sigma_noise': 0.33132875633918735, 'A_repulsion': 0.00012063385407499929, 'gamma': 0.7560780029261212, 'sigma_update': 0.18193811171773816, 'eta_learning': 1.5497261892475704, 'sigma_boundary': 6.466793292024225, 'alpha': 0.7605090327880448}. Best is trial 27 with value: 0.04990093471338863.
[I 2026-03-03 19:49:22,234] Trial 76 finished with value: 0.13846516150772298 and parameters: {'sigma_noise': 0.3497676444693394, 'A_repulsion': 0.004538787213772824, 'gamma': 0.6527650219096026, 'sigma_update': 0.17587094165733944, 'eta_learning': 1.5170178514998, 'sigma_boundary': 5.935296210426113, 'alpha': 0.7710059841682905}. Best is trial 27 with value: 0.04990093471338863.
[I 2026-03-03 19:49:22,736] Trial 75 finished with value: 0.07925804756843804 and parameters: {'sigma_noise': 0.34569020905799314, 'A_repulsion': 0.0007748428374849924, 'gamma': 0.7640732489333253, 'sigma_update': 0.181109419268565, 'eta_learning': 0.5594055809855889, 'sigma_boundary': 5.8689994074931775, 'alpha': 0.775576373806485}. Best is trial 27 with value: 0.04990093471338863.
[I 2026-03-03 19:49:29,325] Trial 53 finished with value: 0.16637801598070834 and parameters: {'sigma_noise': 0.38489674033036625, 'A_repulsion': 0.4338687495207123, 'gamma': 0.5865234320140543, 'sigma_update': 0.6282684043168509, 'eta_learning': 2.9331788741280116, 'sigma_boundary': 0.6871584577609496, 'alpha': 0.7948568037182456}. Best is trial 27 with value: 0.04990093471338863.
[I 2026-03-03 19:49:37,159] Trial 77 finished with value: 0.07601219953752941 and parameters: {'sigma_noise': 0.34280750297585166, 'A_repulsion': 0.008533360168011072, 'gamma': 0.7662918594096184, 'sigma_update': 0.18983494648991828, 'eta_learning': 0.5524903799105056, 'sigma_boundary': 5.909073867610279, 'alpha': 0.7994988150295026}. Best is trial 27 with value: 0.04990093471338863.
[I 2026-03-03 19:49:37,898] Trial 74 finished with value: 0.0808209546186286 and parameters: {'sigma_noise': 0.3488035277251841, 'A_repulsion': 0.015657342835249485, 'gamma': 0.6411297947396222, 'sigma_update': 0.2067574350679116, 'eta_learning': 0.5690223175872824, 'sigma_boundary': 6.13116244048742, 'alpha': 0.7846287354947987}. Best is trial 27 with value: 0.04990093471338863.
[I 2026-03-03 19:49:38,288] Trial 79 finished with value: 0.0872399740587982 and parameters: {'sigma_noise': 0.35395120652090084, 'A_repulsion': 0.006566395805990166, 'gamma': 0.7677761584864997, 'sigma_update': 0.21426591516644333, 'eta_learning': 1.6119503461404203, 'sigma_boundary': 6.028605879559036, 'alpha': 0.7604904770949255}. Best is trial 27 with value: 0.04990093471338863.
[I 2026-03-03 19:49:56,013] Trial 56 finished with value: 0.1456894382717775 and parameters: {'sigma_noise': 0.393180329547719, 'A_repulsion': 0.4372954008748692, 'gamma': 0.6845408773541224, 'sigma_update': 0.6982955498215054, 'eta_learning': 1.713018523366134, 'sigma_boundary': 0.7056502807294734, 'alpha': 0.7819978140010159}. Best is trial 27 with value: 0.04990093471338863.
[I 2026-03-03 19:50:00,686] Trial 59 finished with value: 0.12068806516065457 and parameters: {'sigma_noise': 0.40386791241715847, 'A_repulsion': 0.27676733580187196, 'gamma': 0.7108976072012108, 'sigma_update': 0.5387889119980757, 'eta_learning': 1.6743649593567942, 'sigma_boundary': 6.547357901365568, 'alpha': 0.8018752130932538}. Best is trial 27 with value: 0.04990093471338863.
[I 2026-03-03 19:50:06,841] Trial 55 finished with value: 0.18227568158633126 and parameters: {'sigma_noise': 0.4214767347040745, 'A_repulsion': 0.4654863569138613, 'gamma': 0.6362844582804255, 'sigma_update': 0.6021743843167564, 'eta_learning': 2.963865976593589, 'sigma_boundary': 6.4754867596607095, 'alpha': 0.8097187551022744}. Best is trial 27 with value: 0.04990093471338863.
[I 2026-03-03 19:50:07,863] Trial 61 finished with value: 0.09787978450238899 and parameters: {'sigma_noise': 0.2926295853586493, 'A_repulsion': 0.4794868863197096, 'gamma': 0.6085072202477921, 'sigma_update': 0.5295496580016925, 'eta_learning': 0.5980745542759297, 'sigma_boundary': 6.9764998657539135, 'alpha': 0.776268574798769}. Best is trial 27 with value: 0.04990093471338863.
[I 2026-03-03 19:50:15,948] Trial 63 finished with value: 0.09722629576400986 and parameters: {'sigma_noise': 0.2921663700975237, 'A_repulsion': 0.4827207363805259, 'gamma': 0.5710538700676983, 'sigma_update': 0.5184341182610306, 'eta_learning': 0.5973603674991634, 'sigma_boundary': 6.7744524582532915, 'alpha': 0.7810121776480256}. Best is trial 27 with value: 0.04990093471338863.
[I 2026-03-03 19:50:16,596] Trial 58 finished with value: 0.08674514065361937 and parameters: {'sigma_noise': 0.36372197891484187, 'A_repulsion': 0.4959655129898301, 'gamma': 0.7105947709273845, 'sigma_update': 0.5674923333042128, 'eta_learning': 1.5898919073897346, 'sigma_boundary': 0.27995392959841503, 'alpha': 0.8031536238044957}. Best is trial 27 with value: 0.04990093471338863.
[I 2026-03-03 19:50:19,259] Trial 62 finished with value: 0.10550968633882588 and parameters: {'sigma_noise': 0.3081246705688516, 'A_repulsion': 0.4701068840669881, 'gamma': 0.5957376896723057, 'sigma_update': 0.5773346523793691, 'eta_learning': 0.6386648629426734, 'sigma_boundary': 7.095713023473578, 'alpha': 0.7821161150173278}. Best is trial 27 with value: 0.04990093471338863.
[I 2026-03-03 19:52:30,026] Trial 80 finished with value: 0.06895170990800384 and parameters: {'sigma_noise': 0.3365075467682052, 'A_repulsion': 0.007541357946746382, 'gamma': 0.7923753826378309, 'sigma_update': 0.18377716180835588, 'eta_learning': 1.3710802534691309, 'sigma_boundary': 9.179126046773213, 'alpha': 0.7674847038982389}. Best is trial 27 with value: 0.04990093471338863.
[I 2026-03-03 19:52:43,332] Trial 81 finished with value: 0.05532998444460815 and parameters: {'sigma_noise': 0.3420195746336538, 'A_repulsion': 0.007893290225767853, 'gamma': 0.8040076919866834, 'sigma_update': 0.17381783203880175, 'eta_learning': 1.4375002175882095, 'sigma_boundary': 6.242029259634448, 'alpha': 0.9967020691776536}. Best is trial 27 with value: 0.04990093471338863.
[I 2026-03-03 19:53:37,384] Trial 82 finished with value: 0.0552651384044401 and parameters: {'sigma_noise': 0.34806364656673355, 'A_repulsion': 0.0054305911091409725, 'gamma': 0.7680819498843026, 'sigma_update': 0.17328838252265913, 'eta_learning': 1.351033541050834, 'sigma_boundary': 6.299599481869841, 'alpha': 0.9972503954530596}. Best is trial 27 with value: 0.04990093471338863.
[I 2026-03-03 19:53:45,983] Trial 84 finished with value: 0.05847120179486279 and parameters: {'sigma_noise': 0.31785586599007487, 'A_repulsion': 0.002565567692130767, 'gamma': 0.7561894813681417, 'sigma_update': 0.17021548679443443, 'eta_learning': 1.3261136767793835, 'sigma_boundary': 6.232150031137963, 'alpha': 0.7562843832947155}. Best is trial 27 with value: 0.04990093471338863.
[I 2026-03-03 19:53:58,036] Trial 83 finished with value: 0.0767270806100345 and parameters: {'sigma_noise': 0.3374992847185207, 'A_repulsion': 0.01437517359032987, 'gamma': 0.7625028022229184, 'sigma_update': 0.17013352204982157, 'eta_learning': 1.3759894640405281, 'sigma_boundary': 6.158350524246197, 'alpha': 0.7641010871210705}. Best is trial 27 with value: 0.04990093471338863.
[I 2026-03-03 19:54:10,973] Trial 85 finished with value: 0.0836058175989738 and parameters: {'sigma_noise': 0.3539423373153154, 'A_repulsion': 0.004634931471902519, 'gamma': 0.765185690780006, 'sigma_update': 0.18532031486558492, 'eta_learning': 1.3349446125445747, 'sigma_boundary': 6.367077654053554, 'alpha': 0.7596822586962528}. Best is trial 27 with value: 0.04990093471338863.
[I 2026-03-03 19:54:55,778] Trial 87 finished with value: 0.050787274608403175 and parameters: {'sigma_noise': 0.3307375882648334, 'A_repulsion': 0.005127528605731485, 'gamma': 0.9204950874554181, 'sigma_update': 0.1593023710881324, 'eta_learning': 1.4068685100047111, 'sigma_boundary': 6.485507776658531, 'alpha': 0.763010767574241}. Best is trial 27 with value: 0.04990093471338863.
[I 2026-03-03 19:55:11,598] Trial 88 finished with value: 0.045064091984971966 and parameters: {'sigma_noise': 0.32276486855386366, 'A_repulsion': 0.006789422806809382, 'gamma': 0.9209214102946381, 'sigma_update': 0.17318438051267546, 'eta_learning': 1.6595503149916633, 'sigma_boundary': 5.91465062150025, 'alpha': 0.7719612324647546}. Best is trial 88 with value: 0.045064091984971966.
[I 2026-03-03 19:55:29,192] Trial 86 finished with value: 0.08073586195240771 and parameters: {'sigma_noise': 0.34036503571565635, 'A_repulsion': 0.17646444304108713, 'gamma': 0.7509985386202643, 'sigma_update': 0.16190598193607858, 'eta_learning': 1.5247225076113318, 'sigma_boundary': 6.467654343658793, 'alpha': 0.7584490371190817}. Best is trial 88 with value: 0.045064091984971966.
[I 2026-03-03 19:56:06,668] Trial 99 finished with value: 0.04638166181863106 and parameters: {'sigma_noise': 0.26831851041671856, 'A_repulsion': 0.04099723840579749, 'gamma': 0.7340440072278218, 'sigma_update': 0.15320851197130347, 'eta_learning': 1.0119522539406258, 'sigma_boundary': 5.049198304399428, 'alpha': 0.8681423662204416}. Best is trial 88 with value: 0.045064091984971966.
[I 2026-03-03 19:56:30,996] Trial 98 finished with value: 0.05806955544266072 and parameters: {'sigma_noise': 0.32836096762541356, 'A_repulsion': 0.04408512209218559, 'gamma': 0.7387906426289422, 'sigma_update': 0.15700027280287016, 'eta_learning': 0.998577473385486, 'sigma_boundary': 5.11360039265937, 'alpha': 0.8794801420924412}. Best is trial 88 with value: 0.045064091984971966.
[I 2026-03-03 19:56:31,326] Trial 89 finished with value: 0.0769530114270637 and parameters: {'sigma_noise': 0.3241954138726199, 'A_repulsion': 0.17089178951341705, 'gamma': 0.7328934042433701, 'sigma_update': 0.1660253324185439, 'eta_learning': 1.6501170265624188, 'sigma_boundary': 9.240858006914742, 'alpha': 0.9936918739012658}. Best is trial 88 with value: 0.045064091984971966.
[I 2026-03-03 19:56:38,097] Trial 90 finished with value: 0.05868240992367768 and parameters: {'sigma_noise': 0.32359470539172497, 'A_repulsion': 0.15297834653200038, 'gamma': 0.9101859585933001, 'sigma_update': 0.18446731735917382, 'eta_learning': 1.5287617661129913, 'sigma_boundary': 9.408172626837578, 'alpha': 0.9767847999659155}. Best is trial 88 with value: 0.045064091984971966.
[I 2026-03-03 19:56:40,482] Trial 91 finished with value: 0.09146912514272357 and parameters: {'sigma_noise': 0.316252469947725, 'A_repulsion': 0.17582787141665768, 'gamma': 0.9348038517145922, 'sigma_update': 0.16532894933174172, 'eta_learning': 1.6411298679969328, 'sigma_boundary': 9.461795028033503, 'alpha': 0.9778565452619021}. Best is trial 88 with value: 0.045064091984971966.
[I 2026-03-03 19:56:41,381] Trial 103 finished with value: 0.05428746786641677 and parameters: {'sigma_noise': 0.3264767736330958, 'A_repulsion': 0.0437280914972249, 'gamma': 0.9150063565466777, 'sigma_update': 0.22520374878000618, 'eta_learning': 2.4186174746337983, 'sigma_boundary': 4.683383302431919, 'alpha': 0.8809517636095839}. Best is trial 88 with value: 0.045064091984971966.
[I 2026-03-03 19:56:41,780] Trial 102 finished with value: 0.060261337470868655 and parameters: {'sigma_noise': 0.32648534289777625, 'A_repulsion': 0.04207544256232754, 'gamma': 0.738396704342313, 'sigma_update': 0.20777873456096305, 'eta_learning': 1.6653522717617912, 'sigma_boundary': 5.124136239724709, 'alpha': 0.8736025228966036}. Best is trial 88 with value: 0.045064091984971966.
[I 2026-03-03 19:56:49,440] Trial 100 finished with value: 0.0597567790451959 and parameters: {'sigma_noise': 0.32357554110314535, 'A_repulsion': 0.04010586277875154, 'gamma': 0.7403242563096122, 'sigma_update': 0.22330730441920515, 'eta_learning': 0.9466562053260001, 'sigma_boundary': 4.945829772422139, 'alpha': 0.8749013176281549}. Best is trial 88 with value: 0.045064091984971966.
[I 2026-03-03 19:57:01,414] Trial 97 finished with value: 0.06384901662532053 and parameters: {'sigma_noise': 0.26366702789785146, 'A_repulsion': 0.17704102694200405, 'gamma': 0.7359949066244441, 'sigma_update': 0.23690152754233756, 'eta_learning': 1.1769211860185416, 'sigma_boundary': 9.104830879263686, 'alpha': 0.87179428971371}. Best is trial 88 with value: 0.045064091984971966.
[I 2026-03-03 19:57:07,942] Trial 101 finished with value: 0.05257814182164894 and parameters: {'sigma_noise': 0.3275843961628152, 'A_repulsion': 0.05418019578817869, 'gamma': 0.9187856662811678, 'sigma_update': 0.21627640867202746, 'eta_learning': 1.6324171038365942, 'sigma_boundary': 4.762641888195908, 'alpha': 0.9289962824750254}. Best is trial 88 with value: 0.045064091984971966.
[I 2026-03-03 19:57:10,252] Trial 104 finished with value: 0.057150809129193486 and parameters: {'sigma_noise': 0.3238250066770822, 'A_repulsion': 0.04382273267110959, 'gamma': 0.7488929609950453, 'sigma_update': 0.21699491724976955, 'eta_learning': 2.4352549611530616, 'sigma_boundary': 4.936003731471381, 'alpha': 0.8781593539445384}. Best is trial 88 with value: 0.045064091984971966.
[I 2026-03-03 19:57:15,410] Trial 107 finished with value: 0.054891196207770755 and parameters: {'sigma_noise': 0.3154691127703226, 'A_repulsion': 0.03920341850346635, 'gamma': 0.7475118046560397, 'sigma_update': 0.23250260806762, 'eta_learning': 2.4541077859862663, 'sigma_boundary': 4.996365738311155, 'alpha': 0.8817799159028924}. Best is trial 88 with value: 0.045064091984971966.
[I 2026-03-03 19:57:17,298] Trial 105 finished with value: 0.05910668449596041 and parameters: {'sigma_noise': 0.32366436751517974, 'A_repulsion': 0.04351002244997323, 'gamma': 0.733230191541178, 'sigma_update': 0.22230182074694804, 'eta_learning': 1.6777158826951077, 'sigma_boundary': 4.656765907909739, 'alpha': 0.8723529077047812}. Best is trial 88 with value: 0.045064091984971966.
[I 2026-03-03 19:57:20,195] Trial 106 finished with value: 0.05508011954536 and parameters: {'sigma_noise': 0.32399822079302343, 'A_repulsion': 0.0477432683975803, 'gamma': 0.7524054960770098, 'sigma_update': 0.21853371437862518, 'eta_learning': 1.7046628836142865, 'sigma_boundary': 5.192472583485148, 'alpha': 0.8814692088661648}. Best is trial 88 with value: 0.045064091984971966.
[I 2026-03-03 19:57:29,478] Trial 108 finished with value: 0.0511545181915007 and parameters: {'sigma_noise': 0.3239204804181396, 'A_repulsion': 0.045100572637760634, 'gamma': 0.9115997154154513, 'sigma_update': 0.22535643344253756, 'eta_learning': 1.702278892114786, 'sigma_boundary': 5.011122608890749, 'alpha': 0.8754067721362531}. Best is trial 88 with value: 0.045064091984971966.
[I 2026-03-03 19:57:32,008] Trial 109 finished with value: 0.059443246682060864 and parameters: {'sigma_noise': 0.32239547803316004, 'A_repulsion': 0.04442516080374042, 'gamma': 0.7419667824622013, 'sigma_update': 0.15005040061159383, 'eta_learning': 0.9270939620289304, 'sigma_boundary': 4.996600414273471, 'alpha': 0.8631311998424285}. Best is trial 88 with value: 0.045064091984971966.
[I 2026-03-03 19:57:39,503] Trial 92 finished with value: 0.07434311976012932 and parameters: {'sigma_noise': 0.3169090687892297, 'A_repulsion': 0.16445938417722566, 'gamma': 0.7341547664431605, 'sigma_update': 0.1714304032784239, 'eta_learning': 1.5592946789968716, 'sigma_boundary': 9.246632976561173, 'alpha': 0.98572804509033}. Best is trial 88 with value: 0.045064091984971966.
[I 2026-03-03 19:57:39,919] Trial 93 finished with value: 0.05408981065323524 and parameters: {'sigma_noise': 0.31977914223983883, 'A_repulsion': 0.1741176226455447, 'gamma': 0.7388592879938, 'sigma_update': 0.4358189395629405, 'eta_learning': 1.6351508891724995, 'sigma_boundary': 9.338541324128432, 'alpha': 0.999131347861465}. Best is trial 88 with value: 0.045064091984971966.
[I 2026-03-03 19:57:46,478] Trial 94 finished with value: 0.054764896815476014 and parameters: {'sigma_noise': 0.3275936243708086, 'A_repulsion': 0.16914896761831416, 'gamma': 0.7489579540755157, 'sigma_update': 0.4420255650595811, 'eta_learning': 1.6429855342776885, 'sigma_boundary': 9.399735006329847, 'alpha': 0.9945347522977519}. Best is trial 88 with value: 0.045064091984971966.
[I 2026-03-03 19:57:52,772] Trial 95 finished with value: 0.050685364469090666 and parameters: {'sigma_noise': 0.3224189888755986, 'A_repulsion': 0.17255903762562605, 'gamma': 0.7420295449442375, 'sigma_update': 0.5055399858242905, 'eta_learning': 1.6562751428186293, 'sigma_boundary': 9.310178113389439, 'alpha': 0.8806235466353757}. Best is trial 88 with value: 0.045064091984971966.
[I 2026-03-03 19:57:56,029] Trial 96 finished with value: 0.060501942538761525 and parameters: {'sigma_noise': 0.32682320156485334, 'A_repulsion': 0.15462214531722324, 'gamma': 0.9260314840163713, 'sigma_update': 0.5175699169812886, 'eta_learning': 1.6684360762418227, 'sigma_boundary': 9.444329987701863, 'alpha': 0.8749573517018612}. Best is trial 88 with value: 0.045064091984971966.
[I 2026-03-03 19:58:07,894] Trial 111 finished with value: 0.051186001247367205 and parameters: {'sigma_noise': 0.32708051667622234, 'A_repulsion': 0.03858430101608158, 'gamma': 0.9053240633124242, 'sigma_update': 0.148864120054537, 'eta_learning': 0.38765547287027785, 'sigma_boundary': 5.054449995794867, 'alpha': 0.8721398265044272}. Best is trial 88 with value: 0.045064091984971966.
[I 2026-03-03 19:58:09,121] Trial 110 finished with value: 0.055143648200416104 and parameters: {'sigma_noise': 0.31563578918959895, 'A_repulsion': 0.04325612945347887, 'gamma': 0.7459131752698538, 'sigma_update': 0.21947991331838762, 'eta_learning': 0.9760088758980643, 'sigma_boundary': 4.926885717570947, 'alpha': 0.8675601721868975}. Best is trial 88 with value: 0.045064091984971966.
[I 2026-03-03 19:58:14,157] Trial 112 finished with value: 0.06313489183679388 and parameters: {'sigma_noise': 0.32421735890570075, 'A_repulsion': 0.04311312501155706, 'gamma': 0.7329323326268019, 'sigma_update': 0.2421038902531903, 'eta_learning': 0.9690299718667335, 'sigma_boundary': 5.019931311606395, 'alpha': 0.8775360052136835}. Best is trial 88 with value: 0.045064091984971966.
