[I 2026-03-25 06:23:01,197] A new study created in memory with name: no-name-95d62477-7689-4719-82f8-13f15470ad93
[I 2026-03-25 06:23:51,684] Trial 12 finished with value: 0.07540643970895791 and parameters: {'sigma_noise': 0.04172569553339123, 'A_repulsion': 0.09328807943970169, 'gamma': 0.3588013049657968, 'sigma_update': 0.09534794014043345, 'eta_learning': 0.16126526973668986, 'sigma_boundary': 5.485345363365692, 'alpha': 0.5706535629594196}. Best is trial 12 with value: 0.07540643970895791.
[I 2026-03-25 06:23:54,571] Trial 8 finished with value: 0.11572135614503475 and parameters: {'sigma_noise': 0.06286776709839867, 'A_repulsion': 0.13558531363379844, 'gamma': 0.2746078217143699, 'sigma_update': 0.6277937103609625, 'eta_learning': 0.011406254648964234, 'sigma_boundary': 3.680916126089101, 'alpha': 0.9217479907382817}. Best is trial 12 with value: 0.07540643970895791.
[I 2026-03-25 06:23:54,927] Trial 7 finished with value: 0.19110111707822572 and parameters: {'sigma_noise': 0.05241257517136918, 'A_repulsion': 0.11974960228091325, 'gamma': 0.43347797384187725, 'sigma_update': 0.09952712729877247, 'eta_learning': 0.4176607449093215, 'sigma_boundary': 6.15752488578531, 'alpha': 0.14786773793204777}. Best is trial 12 with value: 0.07540643970895791.
[I 2026-03-25 06:23:56,906] Trial 22 finished with value: 0.13585486401667202 and parameters: {'sigma_noise': 0.14306471617632863, 'A_repulsion': 0.048562133368168225, 'gamma': 0.2662579550386585, 'sigma_update': 0.3898417981227333, 'eta_learning': 0.904843877199763, 'sigma_boundary': 4.090684641055103, 'alpha': 0.9260968406964333}. Best is trial 12 with value: 0.07540643970895791.
[I 2026-03-25 06:24:01,911] Trial 17 finished with value: 0.11097148634191306 and parameters: {'sigma_noise': 0.09829727622222502, 'A_repulsion': 0.18209491992197663, 'gamma': 0.5588294762777523, 'sigma_update': 0.17127679912763832, 'eta_learning': 0.6229404239162941, 'sigma_boundary': 6.81917679872389, 'alpha': 0.4461222274697134}. Best is trial 12 with value: 0.07540643970895791.
[I 2026-03-25 06:24:05,526] Trial 1 finished with value: 0.15487618118986402 and parameters: {'sigma_noise': 0.30685972289092855, 'A_repulsion': 0.05996785407791855, 'gamma': 0.932259152065643, 'sigma_update': 0.38203548157265316, 'eta_learning': 0.9536882198858451, 'sigma_boundary': 2.809158605283416, 'alpha': 0.6977353328423769}. Best is trial 12 with value: 0.07540643970895791.
[I 2026-03-25 06:24:05,915] Trial 21 finished with value: 0.1044424127864633 and parameters: {'sigma_noise': 0.06948377273914627, 'A_repulsion': 0.33153285560101303, 'gamma': 0.9865763956922441, 'sigma_update': 0.10967589645345373, 'eta_learning': 0.9207219915155351, 'sigma_boundary': 9.763156752253817, 'alpha': 0.782560265590934}. Best is trial 12 with value: 0.07540643970895791.
[I 2026-03-25 06:24:07,273] Trial 6 finished with value: 0.07888466745177435 and parameters: {'sigma_noise': 0.2021098820382182, 'A_repulsion': 0.21529425763693627, 'gamma': 0.4803019414439784, 'sigma_update': 0.08912520629288873, 'eta_learning': 0.8680700487513787, 'sigma_boundary': 8.785275315237264, 'alpha': 0.6086404457193592}. Best is trial 12 with value: 0.07540643970895791.
[I 2026-03-25 06:24:10,305] Trial 23 finished with value: 0.040193417116612416 and parameters: {'sigma_noise': 0.0907751074202178, 'A_repulsion': 0.43950112537988933, 'gamma': 0.08630351841864542, 'sigma_update': 0.15313588338489345, 'eta_learning': 0.8519453208811606, 'sigma_boundary': 4.072175158191389, 'alpha': 0.6884701896752936}. Best is trial 23 with value: 0.040193417116612416.
[I 2026-03-25 06:24:13,849] Trial 19 finished with value: 0.1700965955057719 and parameters: {'sigma_noise': 0.22801617156468748, 'A_repulsion': 0.29213872391493184, 'gamma': 0.09896454599696826, 'sigma_update': 0.5482582887421826, 'eta_learning': 0.6704885743884721, 'sigma_boundary': 2.8942371476651543, 'alpha': 0.9772667091717173}. Best is trial 23 with value: 0.040193417116612416.
[I 2026-03-25 06:24:14,571] Trial 9 finished with value: 0.7182990379026053 and parameters: {'sigma_noise': 0.3073401721110042, 'A_repulsion': 0.06571654532353005, 'gamma': 0.01293362063695304, 'sigma_update': 0.29395589927427446, 'eta_learning': 0.42520639856690484, 'sigma_boundary': 6.3898551648619515, 'alpha': 0.13279020701629274}. Best is trial 23 with value: 0.040193417116612416.
[I 2026-03-25 06:24:16,893] Trial 18 finished with value: 0.10135136564362476 and parameters: {'sigma_noise': 0.26589593277178375, 'A_repulsion': 0.18388073548442951, 'gamma': 0.8600595870216412, 'sigma_update': 0.12506391294677974, 'eta_learning': 0.8560740223241108, 'sigma_boundary': 3.596114645059463, 'alpha': 0.8411054849305224}. Best is trial 23 with value: 0.040193417116612416.
[I 2026-03-25 06:24:17,869] Trial 4 finished with value: 0.21113009038353775 and parameters: {'sigma_noise': 0.38231105008550936, 'A_repulsion': 0.12698173927971373, 'gamma': 0.036846178699570464, 'sigma_update': 0.30762704016071085, 'eta_learning': 0.7667373990151876, 'sigma_boundary': 0.3028229860112277, 'alpha': 0.4475569723088224}. Best is trial 23 with value: 0.040193417116612416.
[I 2026-03-25 06:24:18,719] Trial 2 finished with value: 0.14259155097340237 and parameters: {'sigma_noise': 0.328361484407914, 'A_repulsion': 0.23721010809775822, 'gamma': 0.9247619721038557, 'sigma_update': 0.5150547842964471, 'eta_learning': 0.9831095006376243, 'sigma_boundary': 5.692661724782561, 'alpha': 0.7805223357366364}. Best is trial 23 with value: 0.040193417116612416.
[I 2026-03-25 06:24:19,974] Trial 10 finished with value: 0.12285775703256958 and parameters: {'sigma_noise': 0.3205608918265424, 'A_repulsion': 0.2008765376031642, 'gamma': 0.11251147627671948, 'sigma_update': 0.19750826694761128, 'eta_learning': 0.4403414455104469, 'sigma_boundary': 8.638776729483421, 'alpha': 0.5129555778339351}. Best is trial 23 with value: 0.040193417116612416.
[I 2026-03-25 06:24:20,187] Trial 3 finished with value: 0.770764752884868 and parameters: {'sigma_noise': 0.36357176766135574, 'A_repulsion': 0.07101550879117735, 'gamma': 0.5722550078404919, 'sigma_update': 0.26873740390326684, 'eta_learning': 0.4566098062883287, 'sigma_boundary': 7.027913691804862, 'alpha': 0.21541859675392905}. Best is trial 23 with value: 0.040193417116612416.
[I 2026-03-25 06:24:24,877] Trial 0 finished with value: 0.6584458012196402 and parameters: {'sigma_noise': 0.39427670124983216, 'A_repulsion': 0.08093313113757611, 'gamma': 0.8161805001093425, 'sigma_update': 0.6558200309572279, 'eta_learning': 0.29038915370721574, 'sigma_boundary': 0.5963743226507059, 'alpha': 0.15695524357489798}. Best is trial 23 with value: 0.040193417116612416.
[I 2026-03-25 06:24:26,321] Trial 5 finished with value: 1.1387626337912906 and parameters: {'sigma_noise': 0.41818247805971404, 'A_repulsion': 0.19404349121658493, 'gamma': 0.8553197133758823, 'sigma_update': 0.4624831786112471, 'eta_learning': 0.6946141633115268, 'sigma_boundary': 1.3480297251982083, 'alpha': 0.15848124533356023}. Best is trial 23 with value: 0.040193417116612416.
[I 2026-03-25 06:24:31,933] Trial 15 finished with value: 0.4581170504939239 and parameters: {'sigma_noise': 0.415416010704634, 'A_repulsion': 0.1629216820035806, 'gamma': 0.1888513700487358, 'sigma_update': 0.6444586135863439, 'eta_learning': 0.9655882644302306, 'sigma_boundary': 5.486702846837164, 'alpha': 0.7110534836187054}. Best is trial 23 with value: 0.040193417116612416.
[I 2026-03-25 06:24:33,928] Trial 14 finished with value: 0.2446975554490411 and parameters: {'sigma_noise': 0.385609277080411, 'A_repulsion': 0.24998731127994556, 'gamma': 0.31060332464630186, 'sigma_update': 0.5542204973619146, 'eta_learning': 0.1875089499498009, 'sigma_boundary': 4.239602366853644, 'alpha': 0.7774058869211716}. Best is trial 23 with value: 0.040193417116612416.
[I 2026-03-25 06:24:37,643] Trial 20 finished with value: 0.49108796094104307 and parameters: {'sigma_noise': 0.3728942420353889, 'A_repulsion': 0.38487817021272397, 'gamma': 0.3191114298856388, 'sigma_update': 0.6210797712212661, 'eta_learning': 0.555378836859315, 'sigma_boundary': 7.637152484898578, 'alpha': 0.58544174467426}. Best is trial 23 with value: 0.040193417116612416.
[I 2026-03-25 06:24:39,260] Trial 13 finished with value: 1.148848358287624 and parameters: {'sigma_noise': 0.27881194767455075, 'A_repulsion': 0.457708355013108, 'gamma': 0.42220923599225935, 'sigma_update': 0.02959279836256814, 'eta_learning': 0.7965595627946894, 'sigma_boundary': 6.060468592468939, 'alpha': 0.14609788204148666}. Best is trial 23 with value: 0.040193417116612416.
[I 2026-03-25 06:24:40,818] Trial 16 finished with value: 1.1169849746773284 and parameters: {'sigma_noise': 0.3712055158382792, 'A_repulsion': 0.34795536390653725, 'gamma': 0.2784859128551756, 'sigma_update': 0.07487347089770598, 'eta_learning': 0.37426683042040665, 'sigma_boundary': 9.113145439315693, 'alpha': 0.17901498010868866}. Best is trial 23 with value: 0.040193417116612416.
[I 2026-03-25 06:24:50,587] Trial 11 finished with value: 0.2672192679179307 and parameters: {'sigma_noise': 0.4233130643413933, 'A_repulsion': 0.4757876358429772, 'gamma': 0.098012420459843, 'sigma_update': 0.3595559461066399, 'eta_learning': 0.7614906920605953, 'sigma_boundary': 2.9916374899723484, 'alpha': 0.48307701016135063}. Best is trial 23 with value: 0.040193417116612416.
[I 2026-03-25 06:24:54,733] Trial 26 finished with value: 0.08469629841787629 and parameters: {'sigma_noise': 0.031289138604637105, 'A_repulsion': 0.34161859260588273, 'gamma': 0.6662358826863851, 'sigma_update': 0.3855739661431729, 'eta_learning': 0.19311139280123601, 'sigma_boundary': 0.260678094741055, 'alpha': 0.01697892240846266}. Best is trial 23 with value: 0.040193417116612416.
[I 2026-03-25 06:24:54,915] Trial 27 finished with value: 0.11544578713676767 and parameters: {'sigma_noise': 0.09451106548809475, 'A_repulsion': 0.15660786819125727, 'gamma': 0.9589329770149987, 'sigma_update': 0.38984345066109555, 'eta_learning': 0.08797542544605746, 'sigma_boundary': 6.560022651627521, 'alpha': 0.27436819538935775}. Best is trial 23 with value: 0.040193417116612416.
[I 2026-03-25 06:24:59,722] Trial 29 finished with value: 0.22791389855298066 and parameters: {'sigma_noise': 0.07251446269099061, 'A_repulsion': 0.03928964839762328, 'gamma': 0.11107875760729342, 'sigma_update': 0.5197340406372853, 'eta_learning': 0.5446186116270042, 'sigma_boundary': 4.44407976623386, 'alpha': 0.3433254114479757}. Best is trial 23 with value: 0.040193417116612416.
[I 2026-03-25 06:25:15,659] Trial 24 finished with value: 0.3450648175469705 and parameters: {'sigma_noise': 0.3043822419835912, 'A_repulsion': 0.23160381823625897, 'gamma': 0.3953240725588663, 'sigma_update': 0.5838325489643387, 'eta_learning': 0.862530982324669, 'sigma_boundary': 5.287871046193098, 'alpha': 0.6909604962981739}. Best is trial 23 with value: 0.040193417116612416.
[I 2026-03-25 06:25:18,426] Trial 25 finished with value: 0.2938364475055575 and parameters: {'sigma_noise': 0.3952432014431487, 'A_repulsion': 0.09684050819259854, 'gamma': 0.5240726319928379, 'sigma_update': 0.6479093348590269, 'eta_learning': 0.16254015227084984, 'sigma_boundary': 9.47654675213662, 'alpha': 0.842497536163239}. Best is trial 23 with value: 0.040193417116612416.
[I 2026-03-25 06:25:22,008] Trial 36 finished with value: 0.0347582868079507 and parameters: {'sigma_noise': 0.010312799166117131, 'A_repulsion': 0.4890916958149916, 'gamma': 0.23160633328162444, 'sigma_update': 0.014815821676298219, 'eta_learning': 0.10803092748835745, 'sigma_boundary': 1.3887403410326478, 'alpha': 0.31321930050546753}. Best is trial 36 with value: 0.0347582868079507.
[I 2026-03-25 06:25:22,016] Trial 31 finished with value: 0.740818438870171 and parameters: {'sigma_noise': 0.3024113261304121, 'A_repulsion': 0.08235558835214124, 'gamma': 0.9553346534570817, 'sigma_update': 0.19499164269308608, 'eta_learning': 0.5449455621073321, 'sigma_boundary': 7.498024297316376, 'alpha': 0.18585065704130854}. Best is trial 36 with value: 0.0347582868079507.
[I 2026-03-25 06:25:22,243] Trial 32 finished with value: 0.13517976210235172 and parameters: {'sigma_noise': 0.33814421339783923, 'A_repulsion': 0.004880600307198224, 'gamma': 0.8982073204294431, 'sigma_update': 0.07022748054430142, 'eta_learning': 0.4854819311867758, 'sigma_boundary': 0.23159199120648558, 'alpha': 0.6592478660946326}. Best is trial 36 with value: 0.0347582868079507.
[I 2026-03-25 06:25:24,523] Trial 38 finished with value: 0.076499012716894 and parameters: {'sigma_noise': 0.02067261171388418, 'A_repulsion': 0.46788796878853833, 'gamma': 0.27405160582311167, 'sigma_update': 0.010748858688333252, 'eta_learning': 0.2209540853546928, 'sigma_boundary': 1.0219606463214235, 'alpha': 0.311165952956995}. Best is trial 36 with value: 0.0347582868079507.
[I 2026-03-25 06:25:36,414] Trial 42 finished with value: 0.07242646385906484 and parameters: {'sigma_noise': 0.010198049101384297, 'A_repulsion': 0.4719260943636851, 'gamma': 0.35232920619574637, 'sigma_update': 0.031065607650325983, 'eta_learning': 0.07733926691722881, 'sigma_boundary': 4.631234287943175, 'alpha': 0.32087455453077257}. Best is trial 36 with value: 0.0347582868079507.
[I 2026-03-25 06:25:38,775] Trial 39 finished with value: 0.14829015424779782 and parameters: {'sigma_noise': 0.14663350868696703, 'A_repulsion': 0.40226494208355335, 'gamma': 0.23543694452523878, 'sigma_update': 0.02345432318426892, 'eta_learning': 0.1919696214117367, 'sigma_boundary': 1.4520849947055954, 'alpha': 0.3212974877726144}. Best is trial 36 with value: 0.0347582868079507.
[I 2026-03-25 06:25:39,171] Trial 40 finished with value: 0.24343176891984475 and parameters: {'sigma_noise': 0.018834862327911508, 'A_repulsion': 0.49533813294034446, 'gamma': 0.24800104509475912, 'sigma_update': 0.023193829064583837, 'eta_learning': 0.15784572975285702, 'sigma_boundary': 1.8040371548150822, 'alpha': 0.5985219674090341}. Best is trial 36 with value: 0.0347582868079507.
[I 2026-03-25 06:25:40,012] Trial 28 finished with value: 0.059676378956942784 and parameters: {'sigma_noise': 0.2540280481252925, 'A_repulsion': 0.4948419203582496, 'gamma': 0.7616328434557356, 'sigma_update': 0.11939092806697109, 'eta_learning': 0.6780477567040917, 'sigma_boundary': 5.372049099756181, 'alpha': 0.9239897425707196}. Best is trial 36 with value: 0.0347582868079507.
[I 2026-03-25 06:25:41,834] Trial 46 finished with value: 0.05844402833526831 and parameters: {'sigma_noise': 0.017044213856797025, 'A_repulsion': 0.4455656311677981, 'gamma': 0.6571256159508285, 'sigma_update': 0.014471223040340792, 'eta_learning': 0.1113975831659304, 'sigma_boundary': 4.867490405759398, 'alpha': 0.33566583025474495}. Best is trial 36 with value: 0.0347582868079507.
[I 2026-03-25 06:25:44,012] Trial 44 finished with value: 0.2329765545471814 and parameters: {'sigma_noise': 0.015626202651205456, 'A_repulsion': 0.4605112271740692, 'gamma': 0.6919497963768018, 'sigma_update': 0.025109063516685334, 'eta_learning': 0.7898371484089729, 'sigma_boundary': 8.46455669980603, 'alpha': 0.3205764196001792}. Best is trial 36 with value: 0.0347582868079507.
[I 2026-03-25 06:25:45,384] Trial 37 finished with value: 0.3484588141973406 and parameters: {'sigma_noise': 0.15083491653389686, 'A_repulsion': 0.4840872774936356, 'gamma': 0.22831684753290332, 'sigma_update': 0.011583169579122976, 'eta_learning': 0.19915301508740355, 'sigma_boundary': 7.772189347389841, 'alpha': 0.5465087408534645}. Best is trial 36 with value: 0.0347582868079507.
[I 2026-03-25 06:25:45,609] Trial 43 finished with value: 0.05857117037061367 and parameters: {'sigma_noise': 0.018311362887468523, 'A_repulsion': 0.4776132023367822, 'gamma': 0.6898328330967469, 'sigma_update': 0.01663035222568876, 'eta_learning': 0.08409136295304337, 'sigma_boundary': 2.1899678194528045, 'alpha': 0.3217586322210217}. Best is trial 36 with value: 0.0347582868079507.
[I 2026-03-25 06:25:46,651] Trial 45 finished with value: 0.05304538175454013 and parameters: {'sigma_noise': 0.010856478639367787, 'A_repulsion': 0.48798058369018693, 'gamma': 0.6922688981830469, 'sigma_update': 0.028048810953290107, 'eta_learning': 0.014368876214506554, 'sigma_boundary': 8.61425576351753, 'alpha': 0.3521326224651589}. Best is trial 36 with value: 0.0347582868079507.
[I 2026-03-25 06:25:46,818] Trial 30 finished with value: 0.41415892513514224 and parameters: {'sigma_noise': 0.3058957120460128, 'A_repulsion': 0.4765303455832766, 'gamma': 0.5612517438888875, 'sigma_update': 0.06604480242012857, 'eta_learning': 0.9538038879198742, 'sigma_boundary': 6.243823958480032, 'alpha': 0.42618282504511906}. Best is trial 36 with value: 0.0347582868079507.
[I 2026-03-25 06:25:48,236] Trial 41 finished with value: 0.07090665593409401 and parameters: {'sigma_noise': 0.14060217368732297, 'A_repulsion': 0.4616263987897567, 'gamma': 0.2567883472280834, 'sigma_update': 0.037366273878395515, 'eta_learning': 0.11573848111531408, 'sigma_boundary': 5.10206159612067, 'alpha': 0.31037613282684695}. Best is trial 36 with value: 0.0347582868079507.
[I 2026-03-25 06:25:49,957] Trial 47 finished with value: 0.10174687545473038 and parameters: {'sigma_noise': 0.1666356605616916, 'A_repulsion': 0.019663378827984995, 'gamma': 0.6828251533887789, 'sigma_update': 0.2096906566391059, 'eta_learning': 0.02116713670297038, 'sigma_boundary': 4.790258893890014, 'alpha': 0.5945582849198043}. Best is trial 36 with value: 0.0347582868079507.
[I 2026-03-25 06:26:03,351] Trial 49 finished with value: 0.2481846761355782 and parameters: {'sigma_noise': 0.16266338849786627, 'A_repulsion': 0.01775102592139749, 'gamma': 0.6801513095221206, 'sigma_update': 0.013283981068049011, 'eta_learning': 0.5760280178464733, 'sigma_boundary': 7.960330772284003, 'alpha': 0.6338307022639413}. Best is trial 36 with value: 0.0347582868079507.
[I 2026-03-25 06:26:09,542] Trial 33 finished with value: 0.451792487145794 and parameters: {'sigma_noise': 0.40055044684080743, 'A_repulsion': 0.4994705949637134, 'gamma': 0.062656911965224, 'sigma_update': 0.25395151291499474, 'eta_learning': 0.3958604729511638, 'sigma_boundary': 0.6087760472242989, 'alpha': 0.3387422453325141}. Best is trial 36 with value: 0.0347582868079507.
[I 2026-03-25 06:26:18,452] Trial 52 finished with value: 0.14452271507872394 and parameters: {'sigma_noise': 0.16238600011542648, 'A_repulsion': 0.014862851386395343, 'gamma': 0.6847420753036264, 'sigma_update': 0.025282942505535783, 'eta_learning': 0.31639749664314, 'sigma_boundary': 8.031473881127644, 'alpha': 0.5958646974696696}. Best is trial 36 with value: 0.0347582868079507.
[I 2026-03-25 06:26:19,771] Trial 48 finished with value: 0.43715756753787083 and parameters: {'sigma_noise': 0.15115092832942217, 'A_repulsion': 0.42121999503718743, 'gamma': 0.6881349039854954, 'sigma_update': 0.012819777418648592, 'eta_learning': 0.5724330016959741, 'sigma_boundary': 4.8741597535437595, 'alpha': 0.6060625453957297}. Best is trial 36 with value: 0.0347582868079507.
[I 2026-03-25 06:26:21,739] Trial 34 finished with value: 0.6492005062666046 and parameters: {'sigma_noise': 0.40563148687478506, 'A_repulsion': 0.45612703218601025, 'gamma': 0.6943148543061706, 'sigma_update': 0.010258364226682692, 'eta_learning': 0.14792906781347281, 'sigma_boundary': 1.1359632274219393, 'alpha': 0.4141470581945489}. Best is trial 36 with value: 0.0347582868079507.
[I 2026-03-25 06:26:23,225] Trial 50 finished with value: 0.20483387610966625 and parameters: {'sigma_noise': 0.16877613120677734, 'A_repulsion': 0.40096169406193705, 'gamma': 0.6530094244367682, 'sigma_update': 0.017920034112769767, 'eta_learning': 0.2964841833359858, 'sigma_boundary': 7.765064558836092, 'alpha': 0.6106594698082981}. Best is trial 36 with value: 0.0347582868079507.
[I 2026-03-25 06:26:23,239] Trial 35 finished with value: 0.5157584346255887 and parameters: {'sigma_noise': 0.43668523642186713, 'A_repulsion': 0.47040529146878796, 'gamma': 0.22550069214340715, 'sigma_update': 0.012678266259042364, 'eta_learning': 0.17055330305216881, 'sigma_boundary': 0.7082754489433265, 'alpha': 0.41173961733029}. Best is trial 36 with value: 0.0347582868079507.
[I 2026-03-25 06:26:33,334] Trial 56 finished with value: 0.07245074006322264 and parameters: {'sigma_noise': 0.011175405989796744, 'A_repulsion': 0.4296093766716069, 'gamma': 0.2027516012636903, 'sigma_update': 0.021374952670695536, 'eta_learning': 0.27663984786094736, 'sigma_boundary': 1.3532682287246816, 'alpha': 0.35827393815327874}. Best is trial 36 with value: 0.0347582868079507.
[I 2026-03-25 06:26:36,147] Trial 57 finished with value: 0.07782637440313318 and parameters: {'sigma_noise': 0.01153738730134145, 'A_repulsion': 0.42524902974819007, 'gamma': 0.1649802736544373, 'sigma_update': 0.032341906044124354, 'eta_learning': 0.26086582542135534, 'sigma_boundary': 1.8885623239870037, 'alpha': 0.3853823581256208}. Best is trial 36 with value: 0.0347582868079507.
[I 2026-03-25 06:26:36,860] Trial 51 finished with value: 0.06352432600066032 and parameters: {'sigma_noise': 0.15799872728473274, 'A_repulsion': 0.41697364814937465, 'gamma': 0.7080565996690532, 'sigma_update': 0.21494956062215853, 'eta_learning': 0.32850470016372135, 'sigma_boundary': 7.884861834209271, 'alpha': 0.556199306058211}. Best is trial 36 with value: 0.0347582868079507.
[I 2026-03-25 06:26:37,282] Trial 58 finished with value: 0.036791781049344295 and parameters: {'sigma_noise': 0.021066275593572707, 'A_repulsion': 0.4968318493809353, 'gamma': 0.16966766317019058, 'sigma_update': 0.1376030790645566, 'eta_learning': 0.08342917812967748, 'sigma_boundary': 1.9796882569032275, 'alpha': 0.3692925503217672}. Best is trial 36 with value: 0.0347582868079507.
