[I 2026-03-25 06:29:10,392] Trial 112 finished with value: 0.04265262703160027 and parameters: {'sigma_noise': 0.07925876809438272, 'A_repulsion': 0.3937737494883689, 'gamma': 0.06558913733607524, 'sigma_update': 0.1828159628319186, 'eta_learning': 0.12079154521920925, 'sigma_boundary': 4.115797244354494, 'alpha': 0.5212180980147949}. Best is trial 108 with value: 0.03331910051280826.
[I 2026-03-25 06:29:10,760] Trial 113 finished with value: 0.055288656801909045 and parameters: {'sigma_noise': 0.07139762636233199, 'A_repulsion': 0.31914019988242354, 'gamma': 0.06116059847535149, 'sigma_update': 0.18179623720760005, 'eta_learning': 0.11764201861800896, 'sigma_boundary': 3.879047963737419, 'alpha': 0.45858651439960796}. Best is trial 108 with value: 0.03331910051280826.
[I 2026-03-25 06:29:12,830] Trial 117 finished with value: 0.0438008056619275 and parameters: {'sigma_noise': 0.03218400022463027, 'A_repulsion': 0.3105767400629643, 'gamma': 0.060732188395935374, 'sigma_update': 0.17955820725686716, 'eta_learning': 0.10142717900058222, 'sigma_boundary': 2.8174820556981137, 'alpha': 0.44086665719369056}. Best is trial 108 with value: 0.03331910051280826.
[I 2026-03-25 06:29:13,242] Trial 115 finished with value: 0.04939496614354427 and parameters: {'sigma_noise': 0.07998426480694265, 'A_repulsion': 0.3132259778792137, 'gamma': 0.0689370515877369, 'sigma_update': 0.193061298931628, 'eta_learning': 0.12959809321639776, 'sigma_boundary': 3.9047002667777306, 'alpha': 0.5198885032165101}. Best is trial 108 with value: 0.03331910051280826.
[I 2026-03-25 06:29:16,566] Trial 114 finished with value: 0.05124476383505392 and parameters: {'sigma_noise': 0.07819389675075526, 'A_repulsion': 0.3175066800933707, 'gamma': 0.04427734096457511, 'sigma_update': 0.1875334050486083, 'eta_learning': 0.12028779724474471, 'sigma_boundary': 3.9580384654074003, 'alpha': 0.43975520484082486}. Best is trial 108 with value: 0.03331910051280826.
[I 2026-03-25 06:29:17,758] Trial 116 finished with value: 0.03932850453259977 and parameters: {'sigma_noise': 0.08464410162209116, 'A_repulsion': 0.3303447514287533, 'gamma': 0.06382669974742713, 'sigma_update': 0.19208722374317755, 'eta_learning': 0.1222497450568136, 'sigma_boundary': 4.041988006310923, 'alpha': 0.5262837873269578}. Best is trial 108 with value: 0.03331910051280826.
[I 2026-03-25 06:29:28,088] Trial 119 finished with value: 0.049879071211684486 and parameters: {'sigma_noise': 0.06903147861800127, 'A_repulsion': 0.3348519424585018, 'gamma': 0.07697451091274775, 'sigma_update': 0.17378872588164804, 'eta_learning': 0.12293416121376438, 'sigma_boundary': 4.04571669120374, 'alpha': 0.5279974217244672}. Best is trial 108 with value: 0.03331910051280826.
[I 2026-03-25 06:29:29,373] Trial 118 finished with value: 0.05336258173777325 and parameters: {'sigma_noise': 0.07589573303469473, 'A_repulsion': 0.3050045486283022, 'gamma': 0.07394603029135871, 'sigma_update': 0.18550214402201515, 'eta_learning': 0.12206194134253655, 'sigma_boundary': 3.908388391892194, 'alpha': 0.519700043544811}. Best is trial 108 with value: 0.03331910051280826.
[I 2026-03-25 06:29:34,542] Trial 120 finished with value: 0.045111471700927545 and parameters: {'sigma_noise': 0.07957221651981494, 'A_repulsion': 0.32170126186879566, 'gamma': 0.05522793200048623, 'sigma_update': 0.17517905334305023, 'eta_learning': 0.08872516268591385, 'sigma_boundary': 4.1507695218751754, 'alpha': 0.44457004981330955}. Best is trial 108 with value: 0.03331910051280826.
[I 2026-03-25 06:29:43,084] Trial 121 finished with value: 0.050310930181854244 and parameters: {'sigma_noise': 0.08196945068345111, 'A_repulsion': 0.31025318236775945, 'gamma': 0.08917186234690194, 'sigma_update': 0.17154692507733585, 'eta_learning': 0.12923648426393392, 'sigma_boundary': 3.8839405396389806, 'alpha': 0.44309346385364456}. Best is trial 108 with value: 0.03331910051280826.
[I 2026-03-25 06:29:43,943] Trial 125 finished with value: 0.03954139624185951 and parameters: {'sigma_noise': 0.027418607269892186, 'A_repulsion': 0.314326656483173, 'gamma': 0.07340525301563167, 'sigma_update': 0.1799856431881113, 'eta_learning': 0.09939576435932972, 'sigma_boundary': 3.89678417621895, 'alpha': 0.5243313567622017}. Best is trial 108 with value: 0.03331910051280826.
[I 2026-03-25 06:29:44,627] Trial 123 finished with value: 0.04876922244702007 and parameters: {'sigma_noise': 0.07862417984079591, 'A_repulsion': 0.32589897275261626, 'gamma': 0.042575349813404925, 'sigma_update': 0.17594561583467755, 'eta_learning': 0.12426208836910936, 'sigma_boundary': 4.035167332003266, 'alpha': 0.5351598500320051}. Best is trial 108 with value: 0.03331910051280826.
[I 2026-03-25 06:29:45,389] Trial 122 finished with value: 0.0417297320930015 and parameters: {'sigma_noise': 0.0823224792481173, 'A_repulsion': 0.35330538491656666, 'gamma': 0.07564470559028134, 'sigma_update': 0.1812535473079636, 'eta_learning': 0.11392220990210306, 'sigma_boundary': 2.749091678695683, 'alpha': 0.4411935975482209}. Best is trial 108 with value: 0.03331910051280826.
[I 2026-03-25 06:29:50,980] Trial 126 finished with value: 0.04516641402742804 and parameters: {'sigma_noise': 0.030268033578557244, 'A_repulsion': 0.31824667778417837, 'gamma': 0.06845286262671667, 'sigma_update': 0.18317576652783457, 'eta_learning': 0.09862742705376196, 'sigma_boundary': 4.042355650409163, 'alpha': 0.28919193764598705}. Best is trial 108 with value: 0.03331910051280826.
[I 2026-03-25 06:29:54,847] Trial 124 finished with value: 0.0440755723485219 and parameters: {'sigma_noise': 0.08328946346459623, 'A_repulsion': 0.31242200365218953, 'gamma': 0.07054293735741163, 'sigma_update': 0.18102946674121795, 'eta_learning': 0.08108811569387618, 'sigma_boundary': 2.7707213656698935, 'alpha': 0.5343960779417699}. Best is trial 108 with value: 0.03331910051280826.
[I 2026-03-25 06:29:57,829] Trial 128 finished with value: 0.05384672139141545 and parameters: {'sigma_noise': 0.028851893566929576, 'A_repulsion': 0.31873684961815313, 'gamma': 0.06938660416412855, 'sigma_update': 0.17719653476489192, 'eta_learning': 0.09591302390933629, 'sigma_boundary': 4.183620406558479, 'alpha': 0.5235851275197628}. Best is trial 108 with value: 0.03331910051280826.
[I 2026-03-25 06:30:00,672] Trial 129 finished with value: 0.05643183060563774 and parameters: {'sigma_noise': 0.031056334720765803, 'A_repulsion': 0.3266037331624698, 'gamma': 0.07119557894155738, 'sigma_update': 0.1816797434340964, 'eta_learning': 0.09583505822272008, 'sigma_boundary': 3.958410878763306, 'alpha': 0.5397040571504811}. Best is trial 108 with value: 0.03331910051280826.
[I 2026-03-25 06:30:05,251] Trial 132 finished with value: 0.049679205445095125 and parameters: {'sigma_noise': 0.03504847870150236, 'A_repulsion': 0.3931694051032977, 'gamma': 0.07071854381734104, 'sigma_update': 0.21811476271003064, 'eta_learning': 0.07286441478338752, 'sigma_boundary': 2.713502941090339, 'alpha': 0.517833039668914}. Best is trial 108 with value: 0.03331910051280826.
[I 2026-03-25 06:30:06,313] Trial 134 finished with value: 0.05097527516130557 and parameters: {'sigma_noise': 0.02655174580950167, 'A_repulsion': 0.3291995706108736, 'gamma': 0.04992220886585917, 'sigma_update': 0.2128483440529793, 'eta_learning': 0.079777226193291, 'sigma_boundary': 4.088979978302189, 'alpha': 0.5252022095987249}. Best is trial 108 with value: 0.03331910051280826.
[I 2026-03-25 06:30:06,374] Trial 131 finished with value: 0.04979930331949881 and parameters: {'sigma_noise': 0.03213791502743851, 'A_repulsion': 0.3921521213759877, 'gamma': 0.06537713157662196, 'sigma_update': 0.19562834200903628, 'eta_learning': 0.07791742948673859, 'sigma_boundary': 4.041348806193067, 'alpha': 0.5332476117091299}. Best is trial 108 with value: 0.03331910051280826.
[I 2026-03-25 06:30:06,471] Trial 130 finished with value: 0.04991263306718173 and parameters: {'sigma_noise': 0.02855654381388762, 'A_repulsion': 0.3240933182982253, 'gamma': 0.04435296839461844, 'sigma_update': 0.18561532413914988, 'eta_learning': 0.08825228168082763, 'sigma_boundary': 3.968951359647253, 'alpha': 0.43848471615077866}. Best is trial 108 with value: 0.03331910051280826.
[I 2026-03-25 06:30:07,238] Trial 135 finished with value: 0.05279663738775301 and parameters: {'sigma_noise': 0.02815745205396067, 'A_repulsion': 0.3224768454528415, 'gamma': 0.030766385753747627, 'sigma_update': 0.21095940462466434, 'eta_learning': 0.07594164464445588, 'sigma_boundary': 2.8037353280074027, 'alpha': 0.5270170336882654}. Best is trial 108 with value: 0.03331910051280826.
[I 2026-03-25 06:30:07,320] Trial 127 finished with value: 0.03706072318069301 and parameters: {'sigma_noise': 0.11850044481518884, 'A_repulsion': 0.3944256417697038, 'gamma': 0.0547754232741947, 'sigma_update': 0.17851909503499827, 'eta_learning': 0.09891057552456058, 'sigma_boundary': 2.9120024841670147, 'alpha': 0.4380171065940852}. Best is trial 108 with value: 0.03331910051280826.
[I 2026-03-25 06:30:08,990] Trial 138 finished with value: 0.06103678587504338 and parameters: {'sigma_noise': 0.031296052637932906, 'A_repulsion': 0.2760863147089303, 'gamma': 0.09905379899999182, 'sigma_update': 0.21569976298865706, 'eta_learning': 0.07640334135163043, 'sigma_boundary': 2.698817021462097, 'alpha': 0.4402416020361705}. Best is trial 108 with value: 0.03331910051280826.
[I 2026-03-25 06:30:11,844] Trial 136 finished with value: 0.04742625387714378 and parameters: {'sigma_noise': 0.03136685319643742, 'A_repulsion': 0.3960544167275331, 'gamma': 0.09370958058722142, 'sigma_update': 0.2207484428050411, 'eta_learning': 0.08774355944358937, 'sigma_boundary': 2.8205619459910896, 'alpha': 0.5174494177604945}. Best is trial 108 with value: 0.03331910051280826.
[I 2026-03-25 06:30:13,217] Trial 137 finished with value: 0.05404207139324606 and parameters: {'sigma_noise': 0.025763174652412006, 'A_repulsion': 0.456013427005853, 'gamma': 0.013857002326022265, 'sigma_update': 0.23019259928210434, 'eta_learning': 0.09061579658937888, 'sigma_boundary': 2.7015163957899633, 'alpha': 0.2868010539837588}. Best is trial 108 with value: 0.03331910051280826.
[I 2026-03-25 06:30:14,905] Trial 139 finished with value: 0.06652754794650892 and parameters: {'sigma_noise': 0.02584033550410919, 'A_repulsion': 0.2756761956750825, 'gamma': 0.011742879614677126, 'sigma_update': 0.21899369374976338, 'eta_learning': 0.07430818356345512, 'sigma_boundary': 2.7286400768245134, 'alpha': 0.4345001180500343}. Best is trial 108 with value: 0.03331910051280826.
[I 2026-03-25 06:30:15,581] Trial 133 finished with value: 0.03872932814887029 and parameters: {'sigma_noise': 0.11228263333988057, 'A_repulsion': 0.39272325714892553, 'gamma': 0.05233574583000791, 'sigma_update': 0.21307215706516683, 'eta_learning': 0.07815502666704824, 'sigma_boundary': 4.163019699211757, 'alpha': 0.5300168219648377}. Best is trial 108 with value: 0.03331910051280826.
[I 2026-03-25 06:30:17,946] Trial 140 finished with value: 0.05811237605846635 and parameters: {'sigma_noise': 0.03042686121457349, 'A_repulsion': 0.2713636655969336, 'gamma': 0.11384132381347542, 'sigma_update': 0.20538582952733508, 'eta_learning': 0.07905127688197125, 'sigma_boundary': 2.7720787261021105, 'alpha': 0.28749883797283093}. Best is trial 108 with value: 0.03331910051280826.
[I 2026-03-25 06:30:18,757] Trial 141 finished with value: 0.06573472718799453 and parameters: {'sigma_noise': 0.02780186064814927, 'A_repulsion': 0.28309520436268687, 'gamma': 0.017312025443642604, 'sigma_update': 0.22581813521223298, 'eta_learning': 0.08442921557188235, 'sigma_boundary': 4.311477604748803, 'alpha': 0.5305705513237464}. Best is trial 108 with value: 0.03331910051280826.
[I 2026-03-25 06:30:24,346] Trial 143 finished with value: 0.06342047678767282 and parameters: {'sigma_noise': 0.028283731319316358, 'A_repulsion': 0.2675107595492403, 'gamma': 0.020694203392141272, 'sigma_update': 0.21187877511992273, 'eta_learning': 0.08315251292883162, 'sigma_boundary': 2.686385582445439, 'alpha': 0.4345687997720215}. Best is trial 108 with value: 0.03331910051280826.
[I 2026-03-25 06:30:26,523] Trial 142 finished with value: 0.06186860609293803 and parameters: {'sigma_noise': 0.028434841333441686, 'A_repulsion': 0.27746908258558134, 'gamma': 0.1143624258071195, 'sigma_update': 0.21881308430208443, 'eta_learning': 0.09024527825882216, 'sigma_boundary': 2.692172003930506, 'alpha': 0.4383582465585403}. Best is trial 108 with value: 0.03331910051280826.
[I 2026-03-25 06:30:32,070] Trial 144 finished with value: 0.060872144175331655 and parameters: {'sigma_noise': 0.028461510294594896, 'A_repulsion': 0.25638042586300147, 'gamma': 0.11424928294555117, 'sigma_update': 0.21327571167295983, 'eta_learning': 0.07716963842040955, 'sigma_boundary': 2.718682865189503, 'alpha': 0.4358026603035781}. Best is trial 108 with value: 0.03331910051280826.
[I 2026-03-25 06:30:39,077] Trial 145 finished with value: 0.06240881261492116 and parameters: {'sigma_noise': 0.02737750663773024, 'A_repulsion': 0.2879606933651143, 'gamma': 0.026025934845419527, 'sigma_update': 0.22379297240631013, 'eta_learning': 0.07530027289497389, 'sigma_boundary': 4.362130718481279, 'alpha': 0.4298787080254431}. Best is trial 108 with value: 0.03331910051280826.
[I 2026-03-25 06:30:40,533] Trial 146 finished with value: 0.05963499788759715 and parameters: {'sigma_noise': 0.028889151167276778, 'A_repulsion': 0.26742933274702396, 'gamma': 0.11944745144731544, 'sigma_update': 0.21707056914620154, 'eta_learning': 0.07792520287085836, 'sigma_boundary': 2.8863001704634037, 'alpha': 0.5611921803562895}. Best is trial 108 with value: 0.03331910051280826.
[I 2026-03-25 06:30:44,082] Trial 147 finished with value: 0.05558606149402782 and parameters: {'sigma_noise': 0.028245914994733928, 'A_repulsion': 0.27407509385056544, 'gamma': 0.011313158116377349, 'sigma_update': 0.21796244383615948, 'eta_learning': 0.08317741816308852, 'sigma_boundary': 4.591941782605005, 'alpha': 0.7181911251587803}. Best is trial 108 with value: 0.03331910051280826.
[I 2026-03-25 06:30:51,499] Trial 148 finished with value: 0.07228623166513541 and parameters: {'sigma_noise': 0.11098796497763033, 'A_repulsion': 0.24953394868572704, 'gamma': 0.03202449355190805, 'sigma_update': 0.22494289493995304, 'eta_learning': 0.07227604639679644, 'sigma_boundary': 4.553745422166088, 'alpha': 0.2902140332284839}. Best is trial 108 with value: 0.03331910051280826.
[I 2026-03-25 06:31:00,134] Trial 150 finished with value: 0.04753925128371603 and parameters: {'sigma_noise': 0.11321942450864886, 'A_repulsion': 0.27431376669546403, 'gamma': 0.11107993548734515, 'sigma_update': 0.22187905393027604, 'eta_learning': 0.07340148453028608, 'sigma_boundary': 4.353659661860555, 'alpha': 0.5710548390050354}. Best is trial 108 with value: 0.03331910051280826.
[I 2026-03-25 06:31:02,959] Trial 151 finished with value: 0.05327429579338951 and parameters: {'sigma_noise': 0.12494299848802409, 'A_repulsion': 0.26972413084747277, 'gamma': 0.11186511444572281, 'sigma_update': 0.22278594575356037, 'eta_learning': 0.07289134792731655, 'sigma_boundary': 4.463840684481235, 'alpha': 0.5728450713794139}. Best is trial 108 with value: 0.03331910051280826.
[I 2026-03-25 06:31:03,547] Trial 149 finished with value: 0.0529366505470263 and parameters: {'sigma_noise': 0.11876856299688204, 'A_repulsion': 0.45683816790308834, 'gamma': 0.010502361908869953, 'sigma_update': 0.2249115221164919, 'eta_learning': 0.08411939111253636, 'sigma_boundary': 1.6401676306674906, 'alpha': 0.7551757860564053}. Best is trial 108 with value: 0.03331910051280826.
[I 2026-03-25 06:31:11,517] Trial 152 finished with value: 0.16469772515340814 and parameters: {'sigma_noise': 0.11982736389056228, 'A_repulsion': 0.39310471390542534, 'gamma': 0.010312109209505899, 'sigma_update': 0.21811377543048152, 'eta_learning': 0.7221323826306751, 'sigma_boundary': 4.470172649095595, 'alpha': 0.35905613028848776}. Best is trial 108 with value: 0.03331910051280826.
[I 2026-03-25 06:31:11,525] Trial 154 finished with value: 0.0811072950823523 and parameters: {'sigma_noise': 0.1033319682755003, 'A_repulsion': 0.28235395429251126, 'gamma': 0.10996024153827175, 'sigma_update': 0.42372039053148275, 'eta_learning': 0.06659499533989455, 'sigma_boundary': 4.477934004508588, 'alpha': 0.3630430995914915}. Best is trial 108 with value: 0.03331910051280826.
[I 2026-03-25 06:31:11,778] Trial 156 finished with value: 0.08505522828494369 and parameters: {'sigma_noise': 0.11512863219497922, 'A_repulsion': 0.27664264183562803, 'gamma': 0.019880673069104182, 'sigma_update': 0.23205837297325346, 'eta_learning': 0.172095801871278, 'sigma_boundary': 4.3769214121684215, 'alpha': 0.36136689047088016}. Best is trial 108 with value: 0.03331910051280826.
[I 2026-03-25 06:31:13,451] Trial 153 finished with value: 0.0525184798436103 and parameters: {'sigma_noise': 0.1142100981974148, 'A_repulsion': 0.2869179781441304, 'gamma': 0.12161438346030373, 'sigma_update': 0.20418510506688695, 'eta_learning': 0.15142659363818384, 'sigma_boundary': 4.560794526278206, 'alpha': 0.7457432091277721}. Best is trial 108 with value: 0.03331910051280826.
[I 2026-03-25 06:31:14,579] Trial 158 finished with value: 0.04588538855941415 and parameters: {'sigma_noise': 0.11439493336093559, 'A_repulsion': 0.34356847177266725, 'gamma': 0.11500290949023387, 'sigma_update': 0.23014639676079718, 'eta_learning': 0.1689993008007142, 'sigma_boundary': 4.34845635227603, 'alpha': 0.557913357535636}. Best is trial 108 with value: 0.03331910051280826.
[I 2026-03-25 06:31:15,668] Trial 155 finished with value: 0.059479791531648125 and parameters: {'sigma_noise': 0.12213675587804959, 'A_repulsion': 0.2884980957794491, 'gamma': 0.019552325881756663, 'sigma_update': 0.2067459874398707, 'eta_learning': 0.17611379908290908, 'sigma_boundary': 4.419938117646971, 'alpha': 0.5706739189419379}. Best is trial 108 with value: 0.03331910051280826.
[I 2026-03-25 06:31:16,823] Trial 159 finished with value: 0.07296809478090907 and parameters: {'sigma_noise': 0.11314309608233711, 'A_repulsion': 0.3605806550118231, 'gamma': 0.12260965498245699, 'sigma_update': 0.2319982222343277, 'eta_learning': 0.16498755613646104, 'sigma_boundary': 4.517578808256353, 'alpha': 0.3574498453284313}. Best is trial 108 with value: 0.03331910051280826.
[I 2026-03-25 06:31:19,559] Trial 157 finished with value: 0.13446448854845697 and parameters: {'sigma_noise': 0.11235222234010252, 'A_repulsion': 0.4545682149008487, 'gamma': 0.11165921281859756, 'sigma_update': 0.4160735726049205, 'eta_learning': 0.17375094258750362, 'sigma_boundary': 1.7370835957543629, 'alpha': 0.36430213708447}. Best is trial 108 with value: 0.03331910051280826.
[I 2026-03-25 06:31:23,890] Trial 161 finished with value: 0.045185943105595865 and parameters: {'sigma_noise': 0.11235331275195327, 'A_repulsion': 0.4107105158879801, 'gamma': 0.1222358751762163, 'sigma_update': 0.12864602060143926, 'eta_learning': 0.15214788910920612, 'sigma_boundary': 4.419337254040924, 'alpha': 0.5630075157236782}. Best is trial 108 with value: 0.03331910051280826.
[I 2026-03-25 06:31:24,467] Trial 163 finished with value: 0.10392238663178924 and parameters: {'sigma_noise': 0.10994814125392942, 'A_repulsion': 0.35489587768268105, 'gamma': 0.1219404305897417, 'sigma_update': 0.4230756577050053, 'eta_learning': 0.15404116605141072, 'sigma_boundary': 1.6254335955206778, 'alpha': 0.5609895522367476}. Best is trial 108 with value: 0.03331910051280826.
[I 2026-03-25 06:31:25,564] Trial 160 finished with value: 0.04603454045178947 and parameters: {'sigma_noise': 0.11336774496938895, 'A_repulsion': 0.48385618451054774, 'gamma': 0.012365952291493051, 'sigma_update': 0.116570341863657, 'eta_learning': 0.16097205847250437, 'sigma_boundary': 4.570438000563686, 'alpha': 0.7293691243029102}. Best is trial 108 with value: 0.03331910051280826.
[I 2026-03-25 06:31:27,526] Trial 162 finished with value: 0.04557331287147813 and parameters: {'sigma_noise': 0.11212136715274704, 'A_repulsion': 0.48643054314098505, 'gamma': 0.10797643509630397, 'sigma_update': 0.2692746744664778, 'eta_learning': 0.21767642964569237, 'sigma_boundary': 4.528584956072868, 'alpha': 0.5628970705086184}. Best is trial 108 with value: 0.03331910051280826.
[I 2026-03-25 06:31:29,102] Trial 165 finished with value: 0.10877329159360544 and parameters: {'sigma_noise': 0.11106480877813799, 'A_repulsion': 0.35818375210300224, 'gamma': 0.12051905528606108, 'sigma_update': 0.4210381233968312, 'eta_learning': 0.17417406130499982, 'sigma_boundary': 4.5337773540885244, 'alpha': 0.5600684627207226}. Best is trial 108 with value: 0.03331910051280826.
[I 2026-03-25 06:31:30,055] Trial 164 finished with value: 0.052256790457034526 and parameters: {'sigma_noise': 0.11135016394374361, 'A_repulsion': 0.4861871811001274, 'gamma': 0.12113434544870419, 'sigma_update': 0.11340872731384882, 'eta_learning': 0.17695453507516484, 'sigma_boundary': 1.69800080788928, 'alpha': 0.7313847365403758}. Best is trial 108 with value: 0.03331910051280826.
[I 2026-03-25 06:31:30,188] Trial 167 finished with value: 0.044260621125324556 and parameters: {'sigma_noise': 0.11224434242475151, 'A_repulsion': 0.35645771484099875, 'gamma': 0.5807924858085167, 'sigma_update': 0.11674312904468989, 'eta_learning': 0.17185653258469297, 'sigma_boundary': 1.6496613960133701, 'alpha': 0.5682634211918535}. Best is trial 108 with value: 0.03331910051280826.
[I 2026-03-25 06:31:31,349] Trial 166 finished with value: 0.047627589968857575 and parameters: {'sigma_noise': 0.11570721009558402, 'A_repulsion': 0.35859854464984475, 'gamma': 0.12055570177103178, 'sigma_update': 0.1327653846914888, 'eta_learning': 0.1679333236118991, 'sigma_boundary': 4.477152966906757, 'alpha': 0.35561988867172006}. Best is trial 108 with value: 0.03331910051280826.
