[I 2026-03-25 06:26:48,753] Trial 54 finished with value: 0.38493015491273097 and parameters: {'sigma_noise': 0.15345355954197576, 'A_repulsion': 0.4281445588392512, 'gamma': 0.19448412848094834, 'sigma_update': 0.01344974548387741, 'eta_learning': 0.26710371412095285, 'sigma_boundary': 1.4206216418919313, 'alpha': 0.571831472627492}. Best is trial 36 with value: 0.0347582868079507.
[I 2026-03-25 06:26:51,727] Trial 55 finished with value: 0.2793408979432471 and parameters: {'sigma_noise': 0.15860232137883679, 'A_repulsion': 0.43600837320693486, 'gamma': 0.6970807854046959, 'sigma_update': 0.016585013945100625, 'eta_learning': 0.3007140484690618, 'sigma_boundary': 1.6842198450554533, 'alpha': 0.6021875774066984}. Best is trial 36 with value: 0.0347582868079507.
[I 2026-03-25 06:26:52,729] Trial 59 finished with value: 0.05710906505836974 and parameters: {'sigma_noise': 0.13313797834909044, 'A_repulsion': 0.42131613391140277, 'gamma': 0.18404859872364776, 'sigma_update': 0.15913141762587454, 'eta_learning': 0.3178695767041723, 'sigma_boundary': 4.978390223954076, 'alpha': 0.3831522071551546}. Best is trial 36 with value: 0.0347582868079507.
[I 2026-03-25 06:26:52,949] Trial 53 finished with value: 0.36931032135703984 and parameters: {'sigma_noise': 0.14735291524727198, 'A_repulsion': 0.4101204196356446, 'gamma': 0.2146471908346568, 'sigma_update': 0.01543136992708602, 'eta_learning': 0.2992285042296005, 'sigma_boundary': 2.300804434153128, 'alpha': 0.5931984010485453}. Best is trial 36 with value: 0.0347582868079507.
[I 2026-03-25 06:26:53,337] Trial 65 finished with value: 0.039596346036781804 and parameters: {'sigma_noise': 0.09970619751677026, 'A_repulsion': 0.43099679652650313, 'gamma': 0.6175968126503487, 'sigma_update': 0.14962675521076474, 'eta_learning': 0.010328943880080307, 'sigma_boundary': 2.272491064931206, 'alpha': 0.3946236479669818}. Best is trial 36 with value: 0.0347582868079507.
[I 2026-03-25 06:26:56,637] Trial 68 finished with value: 0.05990637013710337 and parameters: {'sigma_noise': 0.09890572504106612, 'A_repulsion': 0.41706625121403545, 'gamma': 0.6207613488615747, 'sigma_update': 0.1493024273393918, 'eta_learning': 0.280452956346511, 'sigma_boundary': 2.2349264196109084, 'alpha': 0.38023239242645457}. Best is trial 36 with value: 0.0347582868079507.
[I 2026-03-25 06:26:56,768] Trial 61 finished with value: 0.12894316459873473 and parameters: {'sigma_noise': 0.13799017385085016, 'A_repulsion': 0.40450604556213343, 'gamma': 0.7353739741039603, 'sigma_update': 0.250777158200832, 'eta_learning': 0.3037512242289719, 'sigma_boundary': 2.0613651129164308, 'alpha': 0.3926081575990087}. Best is trial 36 with value: 0.0347582868079507.
[I 2026-03-25 06:26:57,707] Trial 60 finished with value: 0.08038111855862475 and parameters: {'sigma_noise': 0.1538250365766052, 'A_repulsion': 0.42050939227134987, 'gamma': 0.7326757980766555, 'sigma_update': 0.15445071005386246, 'eta_learning': 0.29509166265541714, 'sigma_boundary': 2.0659427797660688, 'alpha': 0.3849021789249881}. Best is trial 36 with value: 0.0347582868079507.
[I 2026-03-25 06:26:59,442] Trial 66 finished with value: 0.13530832023033873 and parameters: {'sigma_noise': 0.095934599176333, 'A_repulsion': 0.4396575528586808, 'gamma': 0.644084356778964, 'sigma_update': 0.15618425264523886, 'eta_learning': 0.2856582638806161, 'sigma_boundary': 2.4638313931482894, 'alpha': 0.24451477297761737}. Best is trial 36 with value: 0.0347582868079507.
[I 2026-03-25 06:27:00,075] Trial 67 finished with value: 0.03964575054826058 and parameters: {'sigma_noise': 0.09811688936619303, 'A_repulsion': 0.42615300348974117, 'gamma': 0.6392567195498857, 'sigma_update': 0.15152750873956056, 'eta_learning': 0.013713547209388955, 'sigma_boundary': 2.2684014167831834, 'alpha': 0.39589248099903646}. Best is trial 36 with value: 0.0347582868079507.
[I 2026-03-25 06:27:02,524] Trial 64 finished with value: 0.06251183015596423 and parameters: {'sigma_noise': 0.114302199466913, 'A_repulsion': 0.43494229284034214, 'gamma': 0.758753739478765, 'sigma_update': 0.15353872655056258, 'eta_learning': 0.2956847055168596, 'sigma_boundary': 2.238551353833379, 'alpha': 0.39842357529117844}. Best is trial 36 with value: 0.0347582868079507.
[I 2026-03-25 06:27:07,311] Trial 62 finished with value: 0.10953223340734444 and parameters: {'sigma_noise': 0.14676202249776082, 'A_repulsion': 0.40351233488848787, 'gamma': 0.7412857681066861, 'sigma_update': 0.24396156471703406, 'eta_learning': 0.31181064592278684, 'sigma_boundary': 2.402941400001572, 'alpha': 0.39520135076516283}. Best is trial 36 with value: 0.0347582868079507.
[I 2026-03-25 06:27:08,532] Trial 69 finished with value: 0.05280866264370057 and parameters: {'sigma_noise': 0.04603311965887104, 'A_repulsion': 0.43048765046395615, 'gamma': 0.6226537224384454, 'sigma_update': 0.143233367522772, 'eta_learning': 0.27004450903879873, 'sigma_boundary': 2.2126793658149686, 'alpha': 0.41347345183291717}. Best is trial 36 with value: 0.0347582868079507.
[I 2026-03-25 06:27:10,110] Trial 63 finished with value: 0.8170910298937721 and parameters: {'sigma_noise': 0.18837875082973965, 'A_repulsion': 0.4270037108365338, 'gamma': 0.769029598876013, 'sigma_update': 0.24631694207772856, 'eta_learning': 0.3127103507420679, 'sigma_boundary': 4.856466293083054, 'alpha': 0.07297434856313828}. Best is trial 36 with value: 0.0347582868079507.
[I 2026-03-25 06:27:23,737] Trial 70 finished with value: 0.12586485253169458 and parameters: {'sigma_noise': 0.09555739833562583, 'A_repulsion': 0.43389544997524515, 'gamma': 0.6190890564566378, 'sigma_update': 0.14861762342566862, 'eta_learning': 0.273612118067886, 'sigma_boundary': 2.1223113648991427, 'alpha': 0.2535268427541212}. Best is trial 36 with value: 0.0347582868079507.
[I 2026-03-25 06:27:24,237] Trial 71 finished with value: 0.09974031440850475 and parameters: {'sigma_noise': 0.0507866834592398, 'A_repulsion': 0.428112558607321, 'gamma': 0.7603503651848986, 'sigma_update': 0.15427271927144928, 'eta_learning': 0.24298347743588847, 'sigma_boundary': 2.283200271788238, 'alpha': 0.39313344009712875}. Best is trial 36 with value: 0.0347582868079507.
[I 2026-03-25 06:27:27,246] Trial 73 finished with value: 0.08324135069236815 and parameters: {'sigma_noise': 0.045616460784048456, 'A_repulsion': 0.4284636978103519, 'gamma': 0.7578344640115292, 'sigma_update': 0.1462714613357487, 'eta_learning': 0.2515198534831229, 'sigma_boundary': 2.2852872376141344, 'alpha': 0.2629065424002592}. Best is trial 36 with value: 0.0347582868079507.
[I 2026-03-25 06:27:29,723] Trial 74 finished with value: 0.05360158286446725 and parameters: {'sigma_noise': 0.04352910977639521, 'A_repulsion': 0.43280647827288776, 'gamma': 0.7587930503466185, 'sigma_update': 0.11962005142420624, 'eta_learning': 0.05608875411297324, 'sigma_boundary': 2.2185960271516785, 'alpha': 0.23957132619425034}. Best is trial 36 with value: 0.0347582868079507.
[I 2026-03-25 06:27:30,022] Trial 75 finished with value: 0.05455178529223024 and parameters: {'sigma_noise': 0.047650098016870944, 'A_repulsion': 0.4377678975004221, 'gamma': 0.7357877500703879, 'sigma_update': 0.1400841113710648, 'eta_learning': 0.04083897384748811, 'sigma_boundary': 2.071458646007458, 'alpha': 0.22607295668934768}. Best is trial 36 with value: 0.0347582868079507.
[I 2026-03-25 06:27:33,438] Trial 72 finished with value: 0.0638137841319205 and parameters: {'sigma_noise': 0.09893567587762483, 'A_repulsion': 0.4380425453445318, 'gamma': 0.7754758188731663, 'sigma_update': 0.1526648981363691, 'eta_learning': 0.27404359051399163, 'sigma_boundary': 2.3625937780530286, 'alpha': 0.3807496303546479}. Best is trial 36 with value: 0.0347582868079507.
[I 2026-03-25 06:27:37,933] Trial 78 finished with value: 0.05437662184491365 and parameters: {'sigma_noise': 0.045935502476771216, 'A_repulsion': 0.43842767385685655, 'gamma': 0.7719042431858248, 'sigma_update': 0.1381149062565073, 'eta_learning': 0.047884283069535065, 'sigma_boundary': 2.395200944689159, 'alpha': 0.24596868532676092}. Best is trial 36 with value: 0.0347582868079507.
[I 2026-03-25 06:27:40,435] Trial 77 finished with value: 0.05565721997900271 and parameters: {'sigma_noise': 0.05526465135315976, 'A_repulsion': 0.3683630236385737, 'gamma': 0.7643359141912385, 'sigma_update': 0.13027420386783378, 'eta_learning': 0.042545313586966865, 'sigma_boundary': 2.4822520673078476, 'alpha': 0.25765964224092414}. Best is trial 36 with value: 0.0347582868079507.
[I 2026-03-25 06:27:41,726] Trial 76 finished with value: 0.05995417822237886 and parameters: {'sigma_noise': 0.05592351026238024, 'A_repulsion': 0.4333216905692438, 'gamma': 0.7668323518899204, 'sigma_update': 0.05957552973329786, 'eta_learning': 0.04959666559195975, 'sigma_boundary': 2.0438271501268335, 'alpha': 0.24548589279721372}. Best is trial 36 with value: 0.0347582868079507.
[I 2026-03-25 06:27:48,759] Trial 79 finished with value: 0.03828815714696976 and parameters: {'sigma_noise': 0.09705678855251368, 'A_repulsion': 0.44861635778615594, 'gamma': 0.6129826366534691, 'sigma_update': 0.15110869453077927, 'eta_learning': 0.052541222908726884, 'sigma_boundary': 2.4174608391492507, 'alpha': 0.4932543023692143}. Best is trial 36 with value: 0.0347582868079507.
[I 2026-03-25 06:27:55,228] Trial 81 finished with value: 0.050248784456890495 and parameters: {'sigma_noise': 0.04998740823324063, 'A_repulsion': 0.36994382367769135, 'gamma': 0.6295701121743776, 'sigma_update': 0.15417320987686092, 'eta_learning': 0.03960689904703344, 'sigma_boundary': 2.419029574826717, 'alpha': 0.24878125362757003}. Best is trial 36 with value: 0.0347582868079507.
[I 2026-03-25 06:27:55,906] Trial 80 finished with value: 0.05442891980718353 and parameters: {'sigma_noise': 0.048057230833635424, 'A_repulsion': 0.4452155347448674, 'gamma': 0.6223083145053194, 'sigma_update': 0.14768590595210193, 'eta_learning': 0.041959298641903474, 'sigma_boundary': 2.447873238945935, 'alpha': 0.2388136112197504}. Best is trial 36 with value: 0.0347582868079507.
[I 2026-03-25 06:27:56,031] Trial 86 finished with value: 0.04525143738618252 and parameters: {'sigma_noise': 0.046397694372387534, 'A_repulsion': 0.3799181592731057, 'gamma': 0.14164450163600054, 'sigma_update': 0.14415697610876274, 'eta_learning': 0.04301312144004387, 'sigma_boundary': 3.3323170233634105, 'alpha': 0.25441628839721253}. Best is trial 36 with value: 0.0347582868079507.
[I 2026-03-25 06:27:57,398] Trial 82 finished with value: 0.055998864710507114 and parameters: {'sigma_noise': 0.047395999201761276, 'A_repulsion': 0.3764555388201702, 'gamma': 0.6088691803552903, 'sigma_update': 0.14016337763826042, 'eta_learning': 0.04802696275028843, 'sigma_boundary': 3.628459431675832, 'alpha': 0.2407754397839974}. Best is trial 36 with value: 0.0347582868079507.
[I 2026-03-25 06:27:58,506] Trial 85 finished with value: 0.04660681986531413 and parameters: {'sigma_noise': 0.05062719856655595, 'A_repulsion': 0.37427481718063454, 'gamma': 0.15536409320998446, 'sigma_update': 0.1511119150534029, 'eta_learning': 0.0475336627010423, 'sigma_boundary': 3.221811599581976, 'alpha': 0.24598244645255135}. Best is trial 36 with value: 0.0347582868079507.
[I 2026-03-25 06:27:58,620] Trial 83 finished with value: 0.04936933799761445 and parameters: {'sigma_noise': 0.048360644700453745, 'A_repulsion': 0.3736141243827479, 'gamma': 0.15083208913085064, 'sigma_update': 0.14928699432835482, 'eta_learning': 0.046091425411454716, 'sigma_boundary': 3.573826834850381, 'alpha': 0.23714191561687833}. Best is trial 36 with value: 0.0347582868079507.
[I 2026-03-25 06:28:02,603] Trial 84 finished with value: 0.03770666964750105 and parameters: {'sigma_noise': 0.04994343488482767, 'A_repulsion': 0.3803681677458872, 'gamma': 0.14373419866279302, 'sigma_update': 0.15034958031589574, 'eta_learning': 0.025117118813535705, 'sigma_boundary': 3.8238357388480955, 'alpha': 0.48394290597299666}. Best is trial 36 with value: 0.0347582868079507.
[I 2026-03-25 06:28:05,366] Trial 87 finished with value: 0.05153304155014585 and parameters: {'sigma_noise': 0.05170428181591942, 'A_repulsion': 0.4443137355582778, 'gamma': 0.14715838153608868, 'sigma_update': 0.05598538706531274, 'eta_learning': 0.024837726625051917, 'sigma_boundary': 3.2339682700492207, 'alpha': 0.26076135368815806}. Best is trial 36 with value: 0.0347582868079507.
[I 2026-03-25 06:28:05,655] Trial 90 finished with value: 0.048944473795974296 and parameters: {'sigma_noise': 0.050550586337341115, 'A_repulsion': 0.37296666516973703, 'gamma': 0.15085750892508676, 'sigma_update': 0.08824023693266526, 'eta_learning': 0.03920584514577628, 'sigma_boundary': 3.3191740137251964, 'alpha': 0.49992474883379323}. Best is trial 36 with value: 0.0347582868079507.
[I 2026-03-25 06:28:06,011] Trial 89 finished with value: 0.045411357271975206 and parameters: {'sigma_noise': 0.054803267739168715, 'A_repulsion': 0.37179886444511345, 'gamma': 0.13967059434644863, 'sigma_update': 0.13426900437810424, 'eta_learning': 0.03183275864297169, 'sigma_boundary': 3.452651672876744, 'alpha': 0.49550941528563175}. Best is trial 36 with value: 0.0347582868079507.
[I 2026-03-25 06:28:08,710] Trial 88 finished with value: 0.0693194438784885 and parameters: {'sigma_noise': 0.04715172148933155, 'A_repulsion': 0.37987464044713104, 'gamma': 0.15669709040224683, 'sigma_update': 0.06505379970730976, 'eta_learning': 0.041617229430675945, 'sigma_boundary': 3.405085964752092, 'alpha': 0.4765901172873469}. Best is trial 36 with value: 0.0347582868079507.
[I 2026-03-25 06:28:11,601] Trial 91 finished with value: 0.06556060544003217 and parameters: {'sigma_noise': 0.04989705664285429, 'A_repulsion': 0.38107704202127446, 'gamma': 0.14813833792553807, 'sigma_update': 0.3075728042061958, 'eta_learning': 0.03402624065461752, 'sigma_boundary': 3.5425706191339135, 'alpha': 0.467579858237716}. Best is trial 36 with value: 0.0347582868079507.
[I 2026-03-25 06:28:11,617] Trial 93 finished with value: 0.05026192128756759 and parameters: {'sigma_noise': 0.055771006362249104, 'A_repulsion': 0.3793028576684397, 'gamma': 0.5056294911320081, 'sigma_update': 0.09003352319937036, 'eta_learning': 0.041827920484401405, 'sigma_boundary': 3.613051440039653, 'alpha': 0.47648616772030805}. Best is trial 36 with value: 0.0347582868079507.
[I 2026-03-25 06:28:15,283] Trial 92 finished with value: 0.057190434923427694 and parameters: {'sigma_noise': 0.048810192146010456, 'A_repulsion': 0.37138438094659926, 'gamma': 0.6159414178755063, 'sigma_update': 0.08937659937888554, 'eta_learning': 0.040822418910903865, 'sigma_boundary': 3.3271902414944745, 'alpha': 0.49463649176204405}. Best is trial 36 with value: 0.0347582868079507.
[I 2026-03-25 06:28:23,820] Trial 94 finished with value: 0.08828032482174185 and parameters: {'sigma_noise': 0.03698362096800763, 'A_repulsion': 0.37133966586845013, 'gamma': 0.15514847149374572, 'sigma_update': 0.6997741827672852, 'eta_learning': 0.038379902969977515, 'sigma_boundary': 3.185446439349899, 'alpha': 0.48198368030680827}. Best is trial 36 with value: 0.0347582868079507.
[I 2026-03-25 06:28:25,425] Trial 95 finished with value: 0.05421489711385158 and parameters: {'sigma_noise': 0.03979337514803426, 'A_repulsion': 0.37579910722676846, 'gamma': 0.4787554128027345, 'sigma_update': 0.09863443776699791, 'eta_learning': 0.038028573242708794, 'sigma_boundary': 3.5819814991163508, 'alpha': 0.4752073373162776}. Best is trial 36 with value: 0.0347582868079507.
[I 2026-03-25 06:28:32,649] Trial 96 finished with value: 0.0416535407739081 and parameters: {'sigma_noise': 0.07527645547406667, 'A_repulsion': 0.3677708384981494, 'gamma': 0.1401768973065578, 'sigma_update': 0.09051001684776222, 'eta_learning': 0.044725644495796156, 'sigma_boundary': 3.2879059686368945, 'alpha': 0.48887265916971373}. Best is trial 36 with value: 0.0347582868079507.
[I 2026-03-25 06:28:37,840] Trial 99 finished with value: 0.0663826250292819 and parameters: {'sigma_noise': 0.06253760705344652, 'A_repulsion': 0.37448494767324264, 'gamma': 0.8307116941470154, 'sigma_update': 0.09106629132959165, 'eta_learning': 0.05233155672208431, 'sigma_boundary': 3.2554412044517447, 'alpha': 0.46895871221705426}. Best is trial 36 with value: 0.0347582868079507.
[I 2026-03-25 06:28:38,038] Trial 97 finished with value: 0.06308253786086047 and parameters: {'sigma_noise': 0.06342376218155837, 'A_repulsion': 0.3710970340825668, 'gamma': 0.8084291519348106, 'sigma_update': 0.09147064909776456, 'eta_learning': 0.03965780144325913, 'sigma_boundary': 3.194374485652907, 'alpha': 0.48181563229651553}. Best is trial 36 with value: 0.0347582868079507.
[I 2026-03-25 06:28:39,096] Trial 98 finished with value: 0.06315938820681713 and parameters: {'sigma_noise': 0.0656299062554247, 'A_repulsion': 0.35246974174687795, 'gamma': 0.8141882577507984, 'sigma_update': 0.0922276433931577, 'eta_learning': 0.04380000317428571, 'sigma_boundary': 3.2526651966469884, 'alpha': 0.4861781799111734}. Best is trial 36 with value: 0.0347582868079507.
[I 2026-03-25 06:28:44,000] Trial 101 finished with value: 0.06019717886551407 and parameters: {'sigma_noise': 0.07798912485646443, 'A_repulsion': 0.38614598674882317, 'gamma': 0.809723671112429, 'sigma_update': 0.08908171538267887, 'eta_learning': 0.12896564362732105, 'sigma_boundary': 3.4602170321723937, 'alpha': 0.483246698853653}. Best is trial 36 with value: 0.0347582868079507.
[I 2026-03-25 06:28:45,663] Trial 100 finished with value: 0.048499330081016125 and parameters: {'sigma_noise': 0.07487490665599929, 'A_repulsion': 0.3638465351065059, 'gamma': 0.47001240577328435, 'sigma_update': 0.0998323523122729, 'eta_learning': 0.012203830927376619, 'sigma_boundary': 3.1728016887154595, 'alpha': 0.4654082102945023}. Best is trial 36 with value: 0.0347582868079507.
[I 2026-03-25 06:28:51,407] Trial 102 finished with value: 0.049389431647032946 and parameters: {'sigma_noise': 0.07993632006133652, 'A_repulsion': 0.3806079950869857, 'gamma': 0.5097928576222415, 'sigma_update': 0.09076430529989808, 'eta_learning': 0.013961196558557945, 'sigma_boundary': 3.269086227283288, 'alpha': 0.4662659666414474}. Best is trial 36 with value: 0.0347582868079507.
[I 2026-03-25 06:28:54,874] Trial 103 finished with value: 0.049115425472029656 and parameters: {'sigma_noise': 0.07358311660467358, 'A_repulsion': 0.3788129049174533, 'gamma': 0.46800073113734636, 'sigma_update': 0.08935848398273784, 'eta_learning': 0.1305618904212203, 'sigma_boundary': 3.302358084504325, 'alpha': 0.4787221283661517}. Best is trial 36 with value: 0.0347582868079507.
[I 2026-03-25 06:29:00,234] Trial 108 finished with value: 0.03331910051280826 and parameters: {'sigma_noise': 0.03053645672151102, 'A_repulsion': 0.3233642750856479, 'gamma': 0.15513255498040998, 'sigma_update': 0.1828039875423646, 'eta_learning': 0.11313366596404732, 'sigma_boundary': 3.2351489741408255, 'alpha': 0.4799765438105085}. Best is trial 108 with value: 0.03331910051280826.
[I 2026-03-25 06:29:01,249] Trial 107 finished with value: 0.053528935041837505 and parameters: {'sigma_noise': 0.07940020100990357, 'A_repulsion': 0.29813895450691064, 'gamma': 0.48526826963471503, 'sigma_update': 0.1855512432739279, 'eta_learning': 0.11099109323362925, 'sigma_boundary': 3.2404891684538115, 'alpha': 0.47997149621865337}. Best is trial 108 with value: 0.03331910051280826.
[I 2026-03-25 06:29:01,467] Trial 104 finished with value: 0.059285020929254514 and parameters: {'sigma_noise': 0.07769149265848702, 'A_repulsion': 0.3112161312175178, 'gamma': 0.5113736410078908, 'sigma_update': 0.09968348052335932, 'eta_learning': 0.011157765430514272, 'sigma_boundary': 3.0784728314542886, 'alpha': 0.48936242923854817}. Best is trial 108 with value: 0.03331910051280826.
[I 2026-03-25 06:29:03,636] Trial 109 finished with value: 0.05191063662598342 and parameters: {'sigma_noise': 0.0733194101884202, 'A_repulsion': 0.30962597873424824, 'gamma': 0.14244596279089466, 'sigma_update': 0.1774380958598791, 'eta_learning': 0.11421194901195514, 'sigma_boundary': 3.3077271024906585, 'alpha': 0.4918502386436115}. Best is trial 108 with value: 0.03331910051280826.
[I 2026-03-25 06:29:03,877] Trial 106 finished with value: 0.04680729411886615 and parameters: {'sigma_noise': 0.06924760879717241, 'A_repulsion': 0.38321704769971315, 'gamma': 0.5059486549001444, 'sigma_update': 0.18763393184921617, 'eta_learning': 0.12888666790013464, 'sigma_boundary': 3.318532361514959, 'alpha': 0.4867862186169607}. Best is trial 108 with value: 0.03331910051280826.
[I 2026-03-25 06:29:07,522] Trial 110 finished with value: 0.0465544998323951 and parameters: {'sigma_noise': 0.08233543347910889, 'A_repulsion': 0.3303326585600482, 'gamma': 0.0577474335780265, 'sigma_update': 0.1858154977026462, 'eta_learning': 0.11442933021715655, 'sigma_boundary': 3.393286363669251, 'alpha': 0.49151399938004003}. Best is trial 108 with value: 0.03331910051280826.
[I 2026-03-25 06:29:07,571] Trial 105 finished with value: 0.047145738160426956 and parameters: {'sigma_noise': 0.07933151672977413, 'A_repulsion': 0.38138002739662114, 'gamma': 0.5048929891125215, 'sigma_update': 0.18211577993533848, 'eta_learning': 0.12096736506707464, 'sigma_boundary': 3.250455666704041, 'alpha': 0.482434708768944}. Best is trial 108 with value: 0.03331910051280826.
[I 2026-03-25 06:29:09,411] Trial 111 finished with value: 0.04800293182542882 and parameters: {'sigma_noise': 0.07521208375484671, 'A_repulsion': 0.3508972596458346, 'gamma': 0.06899990904154925, 'sigma_update': 0.17673359080560677, 'eta_learning': 0.1221298641346953, 'sigma_boundary': 3.9684172460767893, 'alpha': 0.4821083893245232}. Best is trial 108 with value: 0.03331910051280826.
