[I 2026-03-25 06:31:45,783] Trial 168 finished with value: 0.053183196875496164 and parameters: {'sigma_noise': 0.1166363872290359, 'A_repulsion': 0.35716145678063066, 'gamma': 0.17787889870029328, 'sigma_update': 0.11285975108612213, 'eta_learning': 0.1691864179485395, 'sigma_boundary': 4.645490478703661, 'alpha': 0.8146350053383051}. Best is trial 108 with value: 0.03331910051280826.
[I 2026-03-25 06:31:50,299] Trial 171 finished with value: 0.044691550933157125 and parameters: {'sigma_noise': 0.10894729938413497, 'A_repulsion': 0.3585730339371164, 'gamma': 0.1808095667689032, 'sigma_update': 0.11168005955082291, 'eta_learning': 0.1665768787554641, 'sigma_boundary': 1.681177095674665, 'alpha': 0.3628024607413004}. Best is trial 108 with value: 0.03331910051280826.
[I 2026-03-25 06:31:51,363] Trial 169 finished with value: 0.039413175095479785 and parameters: {'sigma_noise': 0.11781182370302751, 'A_repulsion': 0.484637950065084, 'gamma': 0.5903608467517557, 'sigma_update': 0.11765535115343415, 'eta_learning': 0.1662256228731528, 'sigma_boundary': 1.548221473507117, 'alpha': 0.5681888919132023}. Best is trial 108 with value: 0.03331910051280826.
[I 2026-03-25 06:31:54,467] Trial 170 finished with value: 0.10732109381161906 and parameters: {'sigma_noise': 0.1123755019126634, 'A_repulsion': 0.48813345359592375, 'gamma': 0.5810937268341987, 'sigma_update': 0.4190423668618717, 'eta_learning': 0.16878956190469235, 'sigma_boundary': 1.7712579353167843, 'alpha': 0.3677759822163111}. Best is trial 108 with value: 0.03331910051280826.
[I 2026-03-25 06:31:58,016] Trial 172 finished with value: 0.04832215086788418 and parameters: {'sigma_noise': 0.11467582732769531, 'A_repulsion': 0.35949204726681944, 'gamma': 0.5517086555669983, 'sigma_update': 0.11696511171884608, 'eta_learning': 0.17678832469550862, 'sigma_boundary': 1.1217498614414998, 'alpha': 0.36949531126626256}. Best is trial 108 with value: 0.03331910051280826.
[I 2026-03-25 06:32:06,197] Trial 173 finished with value: 0.04468270963538534 and parameters: {'sigma_noise': 0.12135491904170297, 'A_repulsion': 0.3592481829506489, 'gamma': 0.1803705395665443, 'sigma_update': 0.11991923911996688, 'eta_learning': 0.17645488096984874, 'sigma_boundary': 1.781099928594501, 'alpha': 0.36166131608794116}. Best is trial 108 with value: 0.03331910051280826.
[I 2026-03-25 06:32:13,118] Trial 174 finished with value: 0.05448516248373223 and parameters: {'sigma_noise': 0.09170788654682761, 'A_repulsion': 0.4851179015072797, 'gamma': 0.17807009961740666, 'sigma_update': 0.27590556837316527, 'eta_learning': 0.1530463502841264, 'sigma_boundary': 1.1988210569537556, 'alpha': 0.36772450939350837}. Best is trial 108 with value: 0.03331910051280826.
[I 2026-03-25 06:32:17,115] Trial 175 finished with value: 0.035723590723348124 and parameters: {'sigma_noise': 0.1037784171915676, 'A_repulsion': 0.484613285565995, 'gamma': 0.18172034731320283, 'sigma_update': 0.12117916834971953, 'eta_learning': 0.15443139371948622, 'sigma_boundary': 0.8413447607386682, 'alpha': 0.4126154088525909}. Best is trial 108 with value: 0.03331910051280826.
[I 2026-03-25 06:32:19,443] Trial 177 finished with value: 0.04089628200488298 and parameters: {'sigma_noise': 0.08836330895090214, 'A_repulsion': 0.34346221112816233, 'gamma': 0.17757580010882365, 'sigma_update': 0.1085867175799122, 'eta_learning': 0.1521495097419838, 'sigma_boundary': 1.092299361043319, 'alpha': 0.4048317552916392}. Best is trial 108 with value: 0.03331910051280826.
[I 2026-03-25 06:32:19,517] Trial 179 finished with value: 0.040031097297749195 and parameters: {'sigma_noise': 0.09083357836889042, 'A_repulsion': 0.3582288669249235, 'gamma': 0.1711593103461581, 'sigma_update': 0.12008698533636447, 'eta_learning': 0.21566328377686547, 'sigma_boundary': 0.7990429037574227, 'alpha': 0.4150979990997185}. Best is trial 108 with value: 0.03331910051280826.
[I 2026-03-25 06:32:22,693] Trial 180 finished with value: 0.0761303965628024 and parameters: {'sigma_noise': 0.08834515896983848, 'A_repulsion': 0.3568943433125768, 'gamma': 0.5613990035912089, 'sigma_update': 0.11683408605342693, 'eta_learning': 0.8349834078568767, 'sigma_boundary': 0.8682546791144017, 'alpha': 0.41483713654048765}. Best is trial 108 with value: 0.03331910051280826.
[I 2026-03-25 06:32:23,119] Trial 178 finished with value: 0.023299657104535937 and parameters: {'sigma_noise': 0.10150596367464434, 'A_repulsion': 0.48885515517206657, 'gamma': 0.19506884055115487, 'sigma_update': 0.11972650620670655, 'eta_learning': 0.17676463342789722, 'sigma_boundary': 1.9005046791776645, 'alpha': 0.4050019855472131}. Best is trial 178 with value: 0.023299657104535937.
[I 2026-03-25 06:32:23,409] Trial 181 finished with value: 0.039358301220373725 and parameters: {'sigma_noise': 0.10280409864587937, 'A_repulsion': 0.3602002456958184, 'gamma': 0.17950523080914724, 'sigma_update': 0.12162001604516676, 'eta_learning': 0.14812622094722305, 'sigma_boundary': 1.8907279142552427, 'alpha': 0.6434190079023971}. Best is trial 178 with value: 0.023299657104535937.
[I 2026-03-25 06:32:23,676] Trial 176 finished with value: 0.04771490172392453 and parameters: {'sigma_noise': 0.12995362812945516, 'A_repulsion': 0.3553123883160189, 'gamma': 0.5945305637147547, 'sigma_update': 0.11721762847014439, 'eta_learning': 0.17285827102815504, 'sigma_boundary': 1.0494259139869402, 'alpha': 0.4173039484575552}. Best is trial 178 with value: 0.023299657104535937.
[I 2026-03-25 06:32:28,104] Trial 190 finished with value: 0.03607806087522615 and parameters: {'sigma_noise': 0.017161692465754306, 'A_repulsion': 0.34147807480468395, 'gamma': 0.1788670214795372, 'sigma_update': 0.16176940512272892, 'eta_learning': 0.8366732882898067, 'sigma_boundary': 1.0056494064256152, 'alpha': 0.6654348744057853}. Best is trial 178 with value: 0.023299657104535937.
[I 2026-03-25 06:32:28,304] Trial 183 finished with value: 0.0375095235476813 and parameters: {'sigma_noise': 0.1011602029412917, 'A_repulsion': 0.4856522113885995, 'gamma': 0.5975148657912911, 'sigma_update': 0.11816624493923093, 'eta_learning': 0.14979950522044522, 'sigma_boundary': 0.9034122793614354, 'alpha': 0.6641656996714536}. Best is trial 178 with value: 0.023299657104535937.
[I 2026-03-25 06:32:28,358] Trial 182 finished with value: 0.04164432165430003 and parameters: {'sigma_noise': 0.09091430912987683, 'A_repulsion': 0.486444561199286, 'gamma': 0.16890525182482918, 'sigma_update': 0.11261366687360896, 'eta_learning': 0.9954914557666618, 'sigma_boundary': 1.0268059547306576, 'alpha': 0.3986344230297798}. Best is trial 178 with value: 0.023299657104535937.
[I 2026-03-25 06:32:28,970] Trial 186 finished with value: 0.03685189981424023 and parameters: {'sigma_noise': 0.08873707387178803, 'A_repulsion': 0.4066998730083034, 'gamma': 0.17814598032607243, 'sigma_update': 0.1673868652346264, 'eta_learning': 0.20134824381952343, 'sigma_boundary': 3.755343390091516, 'alpha': 0.6789304804862684}. Best is trial 178 with value: 0.023299657104535937.
[I 2026-03-25 06:32:31,332] Trial 189 finished with value: 0.04222206481262089 and parameters: {'sigma_noise': 0.09209151774172467, 'A_repulsion': 0.33804075586384663, 'gamma': 0.19347985562205203, 'sigma_update': 0.16516689638546242, 'eta_learning': 0.9973764852096831, 'sigma_boundary': 1.0778046200475828, 'alpha': 0.6764167329388957}. Best is trial 178 with value: 0.023299657104535937.
[I 2026-03-25 06:32:31,605] Trial 184 finished with value: 0.0412375504024808 and parameters: {'sigma_noise': 0.0919035448874551, 'A_repulsion': 0.48151872737140367, 'gamma': 0.5842565526609066, 'sigma_update': 0.11514753059518901, 'eta_learning': 0.21131576258925744, 'sigma_boundary': 2.957744386399825, 'alpha': 0.4121059092843057}. Best is trial 178 with value: 0.023299657104535937.
[I 2026-03-25 06:32:32,530] Trial 187 finished with value: 0.04731738257475716 and parameters: {'sigma_noise': 0.08857794363634908, 'A_repulsion': 0.4104903186856389, 'gamma': 0.17100453375546526, 'sigma_update': 0.16577512872972391, 'eta_learning': 0.8349312550623076, 'sigma_boundary': 2.9884074883886855, 'alpha': 0.8161449322592961}. Best is trial 178 with value: 0.023299657104535937.
[I 2026-03-25 06:32:32,531] Trial 188 finished with value: 0.04221806805877101 and parameters: {'sigma_noise': 0.09396997996175442, 'A_repulsion': 0.41078154679595064, 'gamma': 0.5910682672040914, 'sigma_update': 0.1655958805227803, 'eta_learning': 0.5089740740576679, 'sigma_boundary': 1.9389404122161085, 'alpha': 0.6523121327778914}. Best is trial 178 with value: 0.023299657104535937.
[I 2026-03-25 06:32:32,683] Trial 185 finished with value: 0.044960603160848676 and parameters: {'sigma_noise': 0.09144171373724348, 'A_repulsion': 0.47828626253202483, 'gamma': 0.19994099160202322, 'sigma_update': 0.11631143945222405, 'eta_learning': 0.020839906831388182, 'sigma_boundary': 3.72935694402509, 'alpha': 0.5056819861070382}. Best is trial 178 with value: 0.023299657104535937.
[I 2026-03-25 06:32:36,001] Trial 191 finished with value: 0.11826502359191161 and parameters: {'sigma_noise': 0.09053921291823079, 'A_repulsion': 0.34039098551256197, 'gamma': 0.1838132612658205, 'sigma_update': 0.041541385988614406, 'eta_learning': 0.48744773806620767, 'sigma_boundary': 0.8138927495893116, 'alpha': 0.8385986191170186}. Best is trial 178 with value: 0.023299657104535937.
[I 2026-03-25 06:32:38,450] Trial 192 finished with value: 0.04043888320539322 and parameters: {'sigma_noise': 0.09068049623276107, 'A_repulsion': 0.33948379035103776, 'gamma': 0.21137557344346486, 'sigma_update': 0.16345511583801728, 'eta_learning': 0.011816693896238727, 'sigma_boundary': 3.0135904581240007, 'alpha': 0.6692006132220601}. Best is trial 178 with value: 0.023299657104535937.
[I 2026-03-25 06:32:40,062] Trial 193 finished with value: 0.04144327388691694 and parameters: {'sigma_noise': 0.09567324666026188, 'A_repulsion': 0.4107182229979566, 'gamma': 0.20189118031304282, 'sigma_update': 0.16511290238385645, 'eta_learning': 0.8430938068444498, 'sigma_boundary': 3.662274086199717, 'alpha': 0.6293439165031461}. Best is trial 178 with value: 0.023299657104535937.
[I 2026-03-25 06:32:41,477] Trial 195 finished with value: 0.042516969720909216 and parameters: {'sigma_noise': 0.0945560484154532, 'A_repulsion': 0.4675740144120747, 'gamma': 0.09067205148001088, 'sigma_update': 0.16518775832633928, 'eta_learning': 0.6132827210717353, 'sigma_boundary': 3.7314350094763573, 'alpha': 0.6340295786417856}. Best is trial 178 with value: 0.023299657104535937.
[I 2026-03-25 06:32:41,676] Trial 196 finished with value: 0.048511489682647145 and parameters: {'sigma_noise': 0.08856794465402475, 'A_repulsion': 0.3410764458226853, 'gamma': 0.643186998883809, 'sigma_update': 0.1647016588012955, 'eta_learning': 0.01847993203383952, 'sigma_boundary': 3.7364004190086493, 'alpha': 0.4012731473531277}. Best is trial 178 with value: 0.023299657104535937.
[I 2026-03-25 06:32:42,399] Trial 194 finished with value: 0.09196359425220915 and parameters: {'sigma_noise': 0.09092735417748188, 'A_repulsion': 0.47006783513534384, 'gamma': 0.5834560450668194, 'sigma_update': 0.05088562545410617, 'eta_learning': 0.9862586424345893, 'sigma_boundary': 1.9057069802529054, 'alpha': 0.6709041309972317}. Best is trial 178 with value: 0.023299657104535937.
[I 2026-03-25 06:32:43,213] Trial 197 finished with value: 0.06573105009356334 and parameters: {'sigma_noise': 0.0875435081371973, 'A_repulsion': 0.4719687577971829, 'gamma': 0.6457487583705744, 'sigma_update': 0.1633015296439628, 'eta_learning': 0.4643316860593668, 'sigma_boundary': 2.972795193843803, 'alpha': 0.4138662242556378}. Best is trial 178 with value: 0.023299657104535937.
[I 2026-03-25 06:32:43,789] Trial 198 finished with value: 0.04465019778478474 and parameters: {'sigma_noise': 0.08936030077000982, 'A_repulsion': 0.47164614009860883, 'gamma': 0.08934810196984871, 'sigma_update': 0.16166032007159234, 'eta_learning': 0.46823686827756694, 'sigma_boundary': 2.9713251792456603, 'alpha': 0.6335499210247468}. Best is trial 178 with value: 0.023299657104535937.
[I 2026-03-25 06:32:44,073] Trial 199 finished with value: 0.061634424014622505 and parameters: {'sigma_noise': 0.09320227805004895, 'A_repulsion': 0.47109422867588785, 'gamma': 0.21191327250982273, 'sigma_update': 0.16816321542057255, 'eta_learning': 0.49271915501675057, 'sigma_boundary': 3.755623350843176, 'alpha': 0.4135412694815508}. Best is trial 178 with value: 0.023299657104535937.
