[I 2026-03-20 03:20:41,638] Trial 62 finished with value: 0.7552691128915276 and parameters: {'sigma_noise': 0.13028150693410323, 'A_repulsion': 0.2901170548903851, 'gamma': 0.26675045488784244, 'sigma_update': 0.2059946636055219, 'eta_learning': 1.1120482272213013, 'sigma_boundary': 7.309889055110642, 'alpha': 0.0}. Best is trial 0 with value: 0.04210622792118997.
[I 2026-03-20 03:20:41,998] Trial 60 finished with value: 0.8265440758429891 and parameters: {'sigma_noise': 0.19751081323395214, 'A_repulsion': 0.19811180956593902, 'gamma': 0.5115043922081488, 'sigma_update': 0.27197506745391725, 'eta_learning': 2.095101916676863, 'sigma_boundary': 4.5265950537480215, 'alpha': 0.0}. Best is trial 0 with value: 0.04210622792118997.
[I 2026-03-20 03:21:21,702] Trial 52 finished with value: 0.889934145188987 and parameters: {'sigma_noise': 0.306706141486172, 'A_repulsion': 0.325941977610169, 'gamma': 0.6546391206171384, 'sigma_update': 0.4910429061064715, 'eta_learning': 1.307256205222302, 'sigma_boundary': 5.178895757032742, 'alpha': 0.0}. Best is trial 0 with value: 0.04210622792118997.
[I 2026-03-20 03:21:38,971] Trial 61 finished with value: 0.8093347597113705 and parameters: {'sigma_noise': 0.20170843261855004, 'A_repulsion': 0.18941488191706854, 'gamma': 0.6932577778445794, 'sigma_update': 0.4185044400856794, 'eta_learning': 1.1157307706385, 'sigma_boundary': 8.626175618369647, 'alpha': 0.0}. Best is trial 0 with value: 0.04210622792118997.
[I 2026-03-20 03:22:20,473] Trial 54 finished with value: 0.8899695955298497 and parameters: {'sigma_noise': 0.303428404267897, 'A_repulsion': 0.324022245068857, 'gamma': 0.08600141411821308, 'sigma_update': 0.3035611451976983, 'eta_learning': 1.0988247629912034, 'sigma_boundary': 4.731486403919282, 'alpha': 0.0}. Best is trial 0 with value: 0.04210622792118997.
[I 2026-03-20 03:24:06,270] Trial 66 finished with value: 0.8067489037734025 and parameters: {'sigma_noise': 0.16189326792519892, 'A_repulsion': 0.25170434740112924, 'gamma': 0.04324965351730647, 'sigma_update': 0.36361558854434584, 'eta_learning': 1.3448387103975579, 'sigma_boundary': 6.721092426703866, 'alpha': 0.0}. Best is trial 0 with value: 0.04210622792118997.
[I 2026-03-20 03:24:34,260] Trial 63 finished with value: 0.8107877483923016 and parameters: {'sigma_noise': 0.21516378049008855, 'A_repulsion': 0.2642190443524603, 'gamma': 0.22816330381212682, 'sigma_update': 0.2876508812405273, 'eta_learning': 0.5587596182562797, 'sigma_boundary': 5.650821997784067, 'alpha': 0.0}. Best is trial 0 with value: 0.04210622792118997.
[I 2026-03-20 03:25:27,027] Trial 69 finished with value: 0.766352198101703 and parameters: {'sigma_noise': 0.16584097259300679, 'A_repulsion': 0.2265093072406231, 'gamma': 0.4815657490061592, 'sigma_update': 0.15209582942565839, 'eta_learning': 0.925364855735368, 'sigma_boundary': 4.7398856470925095, 'alpha': 0.0}. Best is trial 0 with value: 0.04210622792118997.
[I 2026-03-20 03:26:28,629] Trial 73 finished with value: 0.3513705284978588 and parameters: {'sigma_noise': 0.12252522603302991, 'A_repulsion': 0.03359893020824867, 'gamma': 0.055578704907576944, 'sigma_update': 0.6714369484847574, 'eta_learning': 1.1368474478382662, 'sigma_boundary': 3.8365975115624535, 'alpha': 0.0}. Best is trial 0 with value: 0.04210622792118997.
[I 2026-03-20 03:27:59,281] Trial 70 finished with value: 0.8673784235579007 and parameters: {'sigma_noise': 0.20660536538763358, 'A_repulsion': 0.24377696120043565, 'gamma': 0.30792767322696013, 'sigma_update': 0.3686907083650365, 'eta_learning': 1.4393514291459408, 'sigma_boundary': 5.211675451000315, 'alpha': 0.0}. Best is trial 0 with value: 0.04210622792118997.
[I 2026-03-20 03:28:42,881] Trial 64 finished with value: 0.8881271198170768 and parameters: {'sigma_noise': 0.3550623701441721, 'A_repulsion': 0.20569211705302057, 'gamma': 0.5326443640632893, 'sigma_update': 0.30343889291379, 'eta_learning': 2.5044693841861863, 'sigma_boundary': 5.271647366328369, 'alpha': 0.0}. Best is trial 0 with value: 0.04210622792118997.
[I 2026-03-20 03:30:22,923] Trial 67 finished with value: 0.8225006188194244 and parameters: {'sigma_noise': 0.2880140078443317, 'A_repulsion': 0.3628373422262838, 'gamma': 0.4108311431670774, 'sigma_update': 0.4304774879664879, 'eta_learning': 0.32098853422083623, 'sigma_boundary': 5.328873242021412, 'alpha': 0.0}. Best is trial 0 with value: 0.04210622792118997.
[I 2026-03-20 03:30:28,515] Trial 74 finished with value: 0.6725982098729646 and parameters: {'sigma_noise': 0.15218361786418558, 'A_repulsion': 0.18048340314646216, 'gamma': 0.31477429963362374, 'sigma_update': 0.3304754768555745, 'eta_learning': 0.9243323680743302, 'sigma_boundary': 3.870507081818127, 'alpha': 0.0}. Best is trial 0 with value: 0.04210622792118997.
[I 2026-03-20 03:30:30,990] Trial 72 finished with value: 0.7915716242242063 and parameters: {'sigma_noise': 0.21130579839405794, 'A_repulsion': 0.186998327521775, 'gamma': 0.5181717135567097, 'sigma_update': 0.4870747520226879, 'eta_learning': 0.7796161173859545, 'sigma_boundary': 5.781282180959904, 'alpha': 0.0}. Best is trial 0 with value: 0.04210622792118997.
[I 2026-03-20 03:31:55,260] Trial 71 finished with value: 0.8832025435449639 and parameters: {'sigma_noise': 0.29147173381923547, 'A_repulsion': 0.19823893128838974, 'gamma': 0.7524994684573793, 'sigma_update': 0.32566258801121284, 'eta_learning': 1.1794322137853446, 'sigma_boundary': 5.664618194692999, 'alpha': 0.0}. Best is trial 0 with value: 0.04210622792118997.
[I 2026-03-20 03:33:25,934] Trial 75 finished with value: 0.8535732351228106 and parameters: {'sigma_noise': 0.22616410921463498, 'A_repulsion': 0.2101612259822809, 'gamma': 0.687511524407794, 'sigma_update': 0.2716326459798351, 'eta_learning': 1.0745475173323786, 'sigma_boundary': 3.427805797570018, 'alpha': 0.0}. Best is trial 0 with value: 0.04210622792118997.
[I 2026-03-20 03:33:33,645] Trial 68 finished with value: 0.7539409152748447 and parameters: {'sigma_noise': 0.30351462375369564, 'A_repulsion': 0.42831908052715806, 'gamma': 0.6053628878136743, 'sigma_update': 0.38297732883686086, 'eta_learning': 0.24287820727884016, 'sigma_boundary': 8.906445624768809, 'alpha': 0.0}. Best is trial 0 with value: 0.04210622792118997.
[I 2026-03-20 03:35:52,781] Trial 77 finished with value: 0.8196696682759753 and parameters: {'sigma_noise': 0.2556040130579373, 'A_repulsion': 0.15515185215580446, 'gamma': 0.3615438364525243, 'sigma_update': 0.44743066367768636, 'eta_learning': 0.7572270083435161, 'sigma_boundary': 8.456637480708405, 'alpha': 0.0}. Best is trial 0 with value: 0.04210622792118997.
[I 2026-03-20 03:36:35,928] Trial 80 finished with value: 0.729437343736154 and parameters: {'sigma_noise': 0.1790560703328053, 'A_repulsion': 0.236306619582922, 'gamma': 0.3201532670868603, 'sigma_update': 0.11141864303728716, 'eta_learning': 0.6297920131467024, 'sigma_boundary': 7.100675932215955, 'alpha': 0.0}. Best is trial 0 with value: 0.04210622792118997.
[I 2026-03-20 03:36:49,342] Trial 79 finished with value: 0.804461891887653 and parameters: {'sigma_noise': 0.22366975413415285, 'A_repulsion': 0.15066495485561557, 'gamma': 0.29703891682496125, 'sigma_update': 0.08549340624994484, 'eta_learning': 1.18045623353125, 'sigma_boundary': 7.913995827436221, 'alpha': 0.0}. Best is trial 0 with value: 0.04210622792118997.
[I 2026-03-20 03:36:57,339] Trial 82 finished with value: 0.4913755680699474 and parameters: {'sigma_noise': 0.20648954093590355, 'A_repulsion': 0.15446793889236254, 'gamma': 0.48495027533289226, 'sigma_update': 0.444472576975284, 'eta_learning': 0.41871516220069016, 'sigma_boundary': 6.670997410989172, 'alpha': 0.0}. Best is trial 0 with value: 0.04210622792118997.
[I 2026-03-20 03:37:14,787] Trial 81 finished with value: 0.8257363598156667 and parameters: {'sigma_noise': 0.17029365136641822, 'A_repulsion': 0.24762527208106502, 'gamma': 0.7202547957823194, 'sigma_update': 0.34130906366002517, 'eta_learning': 1.394391756392391, 'sigma_boundary': 6.80370023734442, 'alpha': 0.0}. Best is trial 0 with value: 0.04210622792118997.
[I 2026-03-20 03:38:38,361] Trial 78 finished with value: 0.8858752367707128 and parameters: {'sigma_noise': 0.21272433813792863, 'A_repulsion': 0.38634444682539815, 'gamma': 0.5998653062105282, 'sigma_update': 0.2957658613491403, 'eta_learning': 0.6791427789592089, 'sigma_boundary': 4.292092575867984, 'alpha': 0.0}. Best is trial 0 with value: 0.04210622792118997.
[I 2026-03-20 03:38:41,561] Trial 86 finished with value: 0.787295696698167 and parameters: {'sigma_noise': 0.2071671619462438, 'A_repulsion': 0.18555292236648074, 'gamma': 0.4122548024018871, 'sigma_update': 0.3499008755217797, 'eta_learning': 0.797130394366973, 'sigma_boundary': 6.44140434290768, 'alpha': 0.0}. Best is trial 0 with value: 0.04210622792118997.
[I 2026-03-20 03:38:59,865] Trial 88 finished with value: 0.5927836484900253 and parameters: {'sigma_noise': 0.10976476977225445, 'A_repulsion': 0.2222655251044085, 'gamma': 0.44624901081217166, 'sigma_update': 0.1616003998099434, 'eta_learning': 1.0227682132207703, 'sigma_boundary': 2.860578341731764, 'alpha': 0.0}. Best is trial 0 with value: 0.04210622792118997.
[I 2026-03-20 03:39:29,866] Trial 83 finished with value: 0.8728022302938692 and parameters: {'sigma_noise': 0.2605016729459528, 'A_repulsion': 0.19380774597003889, 'gamma': 0.27449000179286903, 'sigma_update': 0.5774052863863165, 'eta_learning': 0.9563184935568003, 'sigma_boundary': 3.4756148562612292, 'alpha': 0.0}. Best is trial 0 with value: 0.04210622792118997.
[I 2026-03-20 03:39:31,737] Trial 76 finished with value: 0.8898279311092485 and parameters: {'sigma_noise': 0.28664635245577413, 'A_repulsion': 0.3710640091583185, 'gamma': 0.5658912283761329, 'sigma_update': 0.40631416499226886, 'eta_learning': 0.6968701534259845, 'sigma_boundary': 7.321166278961217, 'alpha': 0.0}. Best is trial 0 with value: 0.04210622792118997.
[I 2026-03-20 03:39:59,785] Trial 84 finished with value: 0.887219620024885 and parameters: {'sigma_noise': 0.2743988785941221, 'A_repulsion': 0.22974568653147448, 'gamma': 0.7218349828213401, 'sigma_update': 0.4234164460744814, 'eta_learning': 1.0393605871082217, 'sigma_boundary': 3.593289689314045, 'alpha': 0.0}. Best is trial 0 with value: 0.04210622792118997.
[I 2026-03-20 03:41:22,012] Trial 91 finished with value: 0.5166420768599932 and parameters: {'sigma_noise': 0.11056723457756962, 'A_repulsion': 0.23207186298907256, 'gamma': 0.5428058303481312, 'sigma_update': 0.4619588704957509, 'eta_learning': 0.7558981379861058, 'sigma_boundary': 4.858604929688829, 'alpha': 0.0}. Best is trial 0 with value: 0.04210622792118997.
[I 2026-03-20 03:42:01,124] Trial 93 finished with value: 0.19989660345359841 and parameters: {'sigma_noise': 0.08018978411033206, 'A_repulsion': 0.16671421761176233, 'gamma': 0.6474454232735861, 'sigma_update': 0.3290344680316412, 'eta_learning': 0.5820492359999817, 'sigma_boundary': 6.0757601737955325, 'alpha': 0.0}. Best is trial 0 with value: 0.04210622792118997.
[I 2026-03-20 03:42:43,885] Trial 89 finished with value: 0.01928637074799407 and parameters: {'sigma_noise': 0.17325249996496983, 'A_repulsion': 0.3141768088799949, 'gamma': 0.7027542107304325, 'sigma_update': 0.25826800661771, 'eta_learning': 0.054628105353968115, 'sigma_boundary': 4.564074333762713, 'alpha': 0.0}. Best is trial 89 with value: 0.01928637074799407.
[I 2026-03-20 03:42:51,839] Trial 90 finished with value: 0.846897918085264 and parameters: {'sigma_noise': 0.171722248860989, 'A_repulsion': 0.2769141065890076, 'gamma': 0.3331365194609354, 'sigma_update': 0.3820176063834722, 'eta_learning': 1.386336680147647, 'sigma_boundary': 7.589527955831652, 'alpha': 0.0}. Best is trial 89 with value: 0.01928637074799407.
[I 2026-03-20 03:43:07,537] Trial 85 finished with value: 0.8814715228086231 and parameters: {'sigma_noise': 0.2997236867543168, 'A_repulsion': 0.25267443841590675, 'gamma': 0.4501489132567961, 'sigma_update': 0.11672939600913894, 'eta_learning': 0.5559790942161074, 'sigma_boundary': 7.930831759849695, 'alpha': 0.0}. Best is trial 89 with value: 0.01928637074799407.
[I 2026-03-20 03:44:05,167] Trial 95 finished with value: 0.2464377655621382 and parameters: {'sigma_noise': 0.13255944989860757, 'A_repulsion': 0.09937901295112317, 'gamma': 0.5755387467011046, 'sigma_update': 0.44037603025063177, 'eta_learning': 0.46972000609672415, 'sigma_boundary': 3.194826531698776, 'alpha': 0.0}. Best is trial 89 with value: 0.01928637074799407.
[I 2026-03-20 03:44:28,989] Trial 92 finished with value: 0.6974689162687102 and parameters: {'sigma_noise': 0.14834967762992707, 'A_repulsion': 0.20100225427529606, 'gamma': 0.02208238282077695, 'sigma_update': 0.342553178725769, 'eta_learning': 1.025820850376579, 'sigma_boundary': 6.867571115653188, 'alpha': 0.0}. Best is trial 89 with value: 0.01928637074799407.
[I 2026-03-20 03:46:08,403] Trial 94 finished with value: 0.7198830922692075 and parameters: {'sigma_noise': 0.11935204399076693, 'A_repulsion': 0.26841627523840905, 'gamma': 0.5327144976639863, 'sigma_update': 0.5565611063059184, 'eta_learning': 1.541053554194743, 'sigma_boundary': 8.47227071104754, 'alpha': 0.0}. Best is trial 89 with value: 0.01928637074799407.
[I 2026-03-20 03:46:45,685] Trial 97 finished with value: 0.5843534516178448 and parameters: {'sigma_noise': 0.1056466693647701, 'A_repulsion': 0.23627867885222872, 'gamma': 0.5602092124224717, 'sigma_update': 0.21006183134196338, 'eta_learning': 1.0978984917243877, 'sigma_boundary': 7.882209789796712, 'alpha': 0.0}. Best is trial 89 with value: 0.01928637074799407.
[I 2026-03-20 03:47:38,741] Trial 87 finished with value: 0.8900502080415418 and parameters: {'sigma_noise': 0.3013975255409823, 'A_repulsion': 0.4248515775882148, 'gamma': 0.33656481410564654, 'sigma_update': 0.4371528003355463, 'eta_learning': 1.5111397598335916, 'sigma_boundary': 4.723666308353391, 'alpha': 0.0}. Best is trial 89 with value: 0.01928637074799407.
[I 2026-03-20 03:47:42,206] Trial 99 finished with value: 0.5432373035771876 and parameters: {'sigma_noise': 0.1231616127999349, 'A_repulsion': 0.12973249424530858, 'gamma': 0.11895509996158052, 'sigma_update': 0.5743049821793139, 'eta_learning': 1.7868538077832408, 'sigma_boundary': 8.515657681871538, 'alpha': 0.0}. Best is trial 89 with value: 0.01928637074799407.
[I 2026-03-20 03:48:20,639] Trial 96 finished with value: 0.852596600142565 and parameters: {'sigma_noise': 0.21928625586170325, 'A_repulsion': 0.21111266560956216, 'gamma': 0.9355014100244271, 'sigma_update': 0.5016517057622195, 'eta_learning': 1.2519166161026534, 'sigma_boundary': 3.197563190091009, 'alpha': 0.0}. Best is trial 89 with value: 0.01928637074799407.
[I 2026-03-20 03:48:32,228] Trial 100 finished with value: 0.38515334921242583 and parameters: {'sigma_noise': 0.08263139201742215, 'A_repulsion': 0.11860470007518613, 'gamma': 0.38003982828602745, 'sigma_update': 0.3049402113080666, 'eta_learning': 1.9226708464674118, 'sigma_boundary': 4.714323612780771, 'alpha': 0.0}. Best is trial 89 with value: 0.01928637074799407.
[I 2026-03-20 03:49:57,794] Trial 101 finished with value: 0.27041307814557336 and parameters: {'sigma_noise': 0.10829866212638826, 'A_repulsion': 0.12935318387301203, 'gamma': 0.48196286138055994, 'sigma_update': 0.3141422366450395, 'eta_learning': 0.606376453229486, 'sigma_boundary': 5.7305496308796116, 'alpha': 0.0}. Best is trial 89 with value: 0.01928637074799407.
[I 2026-03-20 03:50:17,489] Trial 98 finished with value: 0.7803160039465532 and parameters: {'sigma_noise': 0.14775423495242745, 'A_repulsion': 0.24980681901204468, 'gamma': 0.7132532084866053, 'sigma_update': 0.4895602245473258, 'eta_learning': 1.6201208813898478, 'sigma_boundary': 4.603906702014148, 'alpha': 0.0}. Best is trial 89 with value: 0.01928637074799407.
[I 2026-03-20 03:50:18,089] Trial 104 finished with value: 0.3865836302977411 and parameters: {'sigma_noise': 0.08687966963529303, 'A_repulsion': 0.13342054819663302, 'gamma': 0.3058125546076916, 'sigma_update': 0.3975086004999775, 'eta_learning': 1.4561078231746263, 'sigma_boundary': 6.623108450653908, 'alpha': 0.0}. Best is trial 89 with value: 0.01928637074799407.
[I 2026-03-20 03:53:48,590] Trial 103 finished with value: 0.4384326143092214 and parameters: {'sigma_noise': 0.14402147941198634, 'A_repulsion': 0.2825025156374985, 'gamma': 0.36275499682196394, 'sigma_update': 0.29405305815255667, 'eta_learning': 0.40016956874374604, 'sigma_boundary': 4.669298561332714, 'alpha': 0.0}. Best is trial 89 with value: 0.01928637074799407.
[I 2026-03-20 03:54:05,549] Trial 108 finished with value: 0.5583417251174347 and parameters: {'sigma_noise': 0.08759915170408156, 'A_repulsion': 0.2510148492773979, 'gamma': 0.35001640274074786, 'sigma_update': 0.27691614874335985, 'eta_learning': 1.4474303423698929, 'sigma_boundary': 4.5674435984151005, 'alpha': 0.0}. Best is trial 89 with value: 0.01928637074799407.
[I 2026-03-20 03:54:46,576] Trial 105 finished with value: 0.7877397134169009 and parameters: {'sigma_noise': 0.19103279978292492, 'A_repulsion': 0.1578662787312176, 'gamma': 0.6666801920736573, 'sigma_update': 0.5266450397707689, 'eta_learning': 1.4828730551075977, 'sigma_boundary': 1.6133288643314392, 'alpha': 0.0}. Best is trial 89 with value: 0.01928637074799407.
[I 2026-03-20 03:55:21,850] Trial 111 finished with value: 0.027343373028930792 and parameters: {'sigma_noise': 0.09768265666711756, 'A_repulsion': 0.1772002932135529, 'gamma': 0.33640030400820525, 'sigma_update': 0.49811151450309943, 'eta_learning': 0.13714626846250522, 'sigma_boundary': 2.58618125037885, 'alpha': 0.0}. Best is trial 89 with value: 0.01928637074799407.
[I 2026-03-20 03:56:00,264] Trial 112 finished with value: 0.4701996515693666 and parameters: {'sigma_noise': 0.08217568761382948, 'A_repulsion': 0.21718994302704678, 'gamma': 0.7353264435087388, 'sigma_update': 0.2107599268976042, 'eta_learning': 1.3121878834422063, 'sigma_boundary': 5.345049181059301, 'alpha': 0.0}. Best is trial 89 with value: 0.01928637074799407.
[I 2026-03-20 03:56:01,728] Trial 113 finished with value: 0.4014091728967964 and parameters: {'sigma_noise': 0.12256347771998014, 'A_repulsion': 0.05930713944352428, 'gamma': 0.2512371020081498, 'sigma_update': 0.17320638123884077, 'eta_learning': 1.3515772891770352, 'sigma_boundary': 5.644332608750859, 'alpha': 0.0}. Best is trial 89 with value: 0.01928637074799407.
[I 2026-03-20 03:56:05,664] Trial 114 finished with value: 0.391804585623863 and parameters: {'sigma_noise': 0.13420340609854764, 'A_repulsion': 0.04313066255028103, 'gamma': 0.20548046449325305, 'sigma_update': 0.23709295391213514, 'eta_learning': 1.1609227255867596, 'sigma_boundary': 6.395504930160788, 'alpha': 0.0}. Best is trial 89 with value: 0.01928637074799407.
[I 2026-03-20 03:57:02,642] Trial 110 finished with value: 0.7883710456219266 and parameters: {'sigma_noise': 0.2306658460952276, 'A_repulsion': 0.12272116992485707, 'gamma': 0.49973112179696205, 'sigma_update': 0.21644518217756692, 'eta_learning': 1.1960544606420633, 'sigma_boundary': 4.5535998940765525, 'alpha': 0.0}. Best is trial 89 with value: 0.01928637074799407.
[I 2026-03-20 03:57:23,319] Trial 107 finished with value: 0.861814883851999 and parameters: {'sigma_noise': 0.18877776488506542, 'A_repulsion': 0.27143713096149735, 'gamma': 0.5535310447226105, 'sigma_update': 0.27503759887683044, 'eta_learning': 1.2757518040741078, 'sigma_boundary': 5.830894558168549, 'alpha': 0.0}. Best is trial 89 with value: 0.01928637074799407.
[I 2026-03-20 03:57:28,343] Trial 102 finished with value: 0.8810807949772781 and parameters: {'sigma_noise': 0.28411910690207104, 'A_repulsion': 0.24139898232923632, 'gamma': 0.26638582582761994, 'sigma_update': 0.4122837607506973, 'eta_learning': 0.598525105215128, 'sigma_boundary': 3.471309132917208, 'alpha': 0.0}. Best is trial 89 with value: 0.01928637074799407.
[I 2026-03-20 03:57:35,632] Trial 117 finished with value: 0.2700562152885057 and parameters: {'sigma_noise': 0.07915737420432016, 'A_repulsion': 0.18580132789883844, 'gamma': 0.23839536569858794, 'sigma_update': 0.6115082176644094, 'eta_learning': 0.7016755523574558, 'sigma_boundary': 6.0843212144159455, 'alpha': 0.0}. Best is trial 89 with value: 0.01928637074799407.
[I 2026-03-20 03:57:42,800] Trial 115 finished with value: 0.5477364802345146 and parameters: {'sigma_noise': 0.1109763734843167, 'A_repulsion': 0.1951249952661642, 'gamma': 0.2662599021138327, 'sigma_update': 0.47855910058094553, 'eta_learning': 1.0942993530600342, 'sigma_boundary': 5.257716511141225, 'alpha': 0.0}. Best is trial 89 with value: 0.01928637074799407.
[I 2026-03-20 03:58:08,643] Trial 116 finished with value: 0.24340816492712913 and parameters: {'sigma_noise': 0.12798874501079016, 'A_repulsion': 0.1304723476389572, 'gamma': 0.5202252909359195, 'sigma_update': 0.5428197426598731, 'eta_learning': 0.48879125030816767, 'sigma_boundary': 8.247520464379368, 'alpha': 0.0}. Best is trial 89 with value: 0.01928637074799407.
[I 2026-03-20 03:58:10,474] Trial 106 finished with value: 0.12637113431560548 and parameters: {'sigma_noise': 0.21402099033621313, 'A_repulsion': 0.3193416420540544, 'gamma': 0.23736667244572837, 'sigma_update': 0.4284994892641168, 'eta_learning': 0.12595162895682016, 'sigma_boundary': 4.7518762042892035, 'alpha': 0.0}. Best is trial 89 with value: 0.01928637074799407.
[I 2026-03-20 03:59:25,359] Trial 109 finished with value: 0.8827009188697503 and parameters: {'sigma_noise': 0.33367128931056195, 'A_repulsion': 0.1648323793116661, 'gamma': 0.37463480528049836, 'sigma_update': 0.4232368145103156, 'eta_learning': 1.0289280784800376, 'sigma_boundary': 7.389888469921729, 'alpha': 0.0}. Best is trial 89 with value: 0.01928637074799407.
