[I 2026-03-20 03:59:39,219] Trial 118 finished with value: 0.39032357027107883 and parameters: {'sigma_noise': 0.09460098570557403, 'A_repulsion': 0.11351006082392778, 'gamma': 0.4570167586584963, 'sigma_update': 0.5396514555401377, 'eta_learning': 1.4423063931054168, 'sigma_boundary': 5.943385554905964, 'alpha': 0.0}. Best is trial 89 with value: 0.01928637074799407.
[I 2026-03-20 04:02:33,562] Trial 122 finished with value: 0.47550509862538376 and parameters: {'sigma_noise': 0.09811620376461848, 'A_repulsion': 0.1994730621513946, 'gamma': 0.6175044411506408, 'sigma_update': 0.5026710519756927, 'eta_learning': 0.9596380149882627, 'sigma_boundary': 3.920240999646606, 'alpha': 0.0}. Best is trial 89 with value: 0.01928637074799407.
[I 2026-03-20 04:03:36,951] Trial 119 finished with value: 0.7091958998840457 and parameters: {'sigma_noise': 0.15043554438729823, 'A_repulsion': 0.27994730557808706, 'gamma': 0.6139105234980582, 'sigma_update': 0.1808463277328918, 'eta_learning': 0.6539324985497108, 'sigma_boundary': 8.15532382754553, 'alpha': 0.0}. Best is trial 89 with value: 0.01928637074799407.
[I 2026-03-20 04:04:20,293] Trial 126 finished with value: 0.0831598982603651 and parameters: {'sigma_noise': 0.06624664521408272, 'A_repulsion': 0.28649432881138553, 'gamma': 0.6812175273353364, 'sigma_update': 0.24729469501703205, 'eta_learning': 0.2811531633837473, 'sigma_boundary': 1.419332194978146, 'alpha': 0.0}. Best is trial 89 with value: 0.01928637074799407.
[I 2026-03-20 04:06:35,801] Trial 124 finished with value: 0.7740016538551183 and parameters: {'sigma_noise': 0.12011277956060962, 'A_repulsion': 0.3205257969771431, 'gamma': 0.4790576397975903, 'sigma_update': 0.46900684265544657, 'eta_learning': 1.296818793742085, 'sigma_boundary': 2.779277753388101, 'alpha': 0.0}. Best is trial 89 with value: 0.01928637074799407.
[I 2026-03-20 04:07:00,004] Trial 128 finished with value: 0.35782564292417324 and parameters: {'sigma_noise': 0.0832346610690384, 'A_repulsion': 0.13821718881070982, 'gamma': 0.8296760600211135, 'sigma_update': 0.4118607478833784, 'eta_learning': 1.2474954938991953, 'sigma_boundary': 5.835841251275312, 'alpha': 0.0}. Best is trial 89 with value: 0.01928637074799407.
[I 2026-03-20 04:07:32,696] Trial 121 finished with value: 0.7697149734369513 and parameters: {'sigma_noise': 0.24133249280542207, 'A_repulsion': 0.2665129453910043, 'gamma': 0.4366997837954694, 'sigma_update': 0.4188002833901216, 'eta_learning': 0.3892301430131138, 'sigma_boundary': 3.140448947333298, 'alpha': 0.0}. Best is trial 89 with value: 0.01928637074799407.
[I 2026-03-20 04:07:51,620] Trial 120 finished with value: 0.5525730104479255 and parameters: {'sigma_noise': 0.2214825391995523, 'A_repulsion': 0.31909536572977504, 'gamma': 0.3155807728453212, 'sigma_update': 0.3924871355732876, 'eta_learning': 0.29865039989442077, 'sigma_boundary': 7.94740268647193, 'alpha': 0.0}. Best is trial 89 with value: 0.01928637074799407.
[I 2026-03-20 04:08:09,415] Trial 123 finished with value: 0.768932341143885 and parameters: {'sigma_noise': 0.3171573015717149, 'A_repulsion': 0.14266859679588567, 'gamma': 0.5122539282279259, 'sigma_update': 0.28478729256425783, 'eta_learning': 0.44070585638233695, 'sigma_boundary': 8.845728786914597, 'alpha': 0.0}. Best is trial 89 with value: 0.01928637074799407.
[I 2026-03-20 04:08:53,161] Trial 125 finished with value: 0.21209645859610576 and parameters: {'sigma_noise': 0.20239974890100715, 'A_repulsion': 0.26073363173241715, 'gamma': 0.7995304204100863, 'sigma_update': 0.20935495764491344, 'eta_learning': 0.20604626042323923, 'sigma_boundary': 4.858682124104813, 'alpha': 0.0}. Best is trial 89 with value: 0.01928637074799407.
[I 2026-03-20 04:10:41,873] Trial 138 finished with value: 0.3618139565660458 and parameters: {'sigma_noise': 0.0709810786112713, 'A_repulsion': 0.19040081856645374, 'gamma': 0.4450825659026353, 'sigma_update': 0.2675239084596698, 'eta_learning': 1.1012206188217684, 'sigma_boundary': 4.255446601240725, 'alpha': 0.0}. Best is trial 89 with value: 0.01928637074799407.
[I 2026-03-20 04:10:50,153] Trial 127 finished with value: 0.7894795970348517 and parameters: {'sigma_noise': 0.15975504640339938, 'A_repulsion': 0.2634676645941111, 'gamma': 0.9369115222730712, 'sigma_update': 0.3840595191221446, 'eta_learning': 0.7523666287481817, 'sigma_boundary': 1.6696550242510548, 'alpha': 0.0}. Best is trial 89 with value: 0.01928637074799407.
[I 2026-03-20 04:11:51,886] Trial 139 finished with value: 0.06625359696580736 and parameters: {'sigma_noise': 0.11299519252993945, 'A_repulsion': 0.1359010844335669, 'gamma': 0.519344768407138, 'sigma_update': 0.20729813774615677, 'eta_learning': 0.2479638916859627, 'sigma_boundary': 6.066015782683441, 'alpha': 0.0}. Best is trial 89 with value: 0.01928637074799407.
[I 2026-03-20 04:11:59,681] Trial 130 finished with value: 0.7563309336904982 and parameters: {'sigma_noise': 0.21615450549314646, 'A_repulsion': 0.1364888484576978, 'gamma': 0.8840400532099887, 'sigma_update': 0.19798695248026177, 'eta_learning': 0.8953981915439535, 'sigma_boundary': 5.44543988466851, 'alpha': 0.0}. Best is trial 89 with value: 0.01928637074799407.
[I 2026-03-20 04:12:00,458] Trial 131 finished with value: 0.28135800293003993 and parameters: {'sigma_noise': 0.17275014819136847, 'A_repulsion': 0.18247015048290272, 'gamma': 0.6989620645424783, 'sigma_update': 0.4126465869337686, 'eta_learning': 0.32506432002908653, 'sigma_boundary': 4.6558895694216345, 'alpha': 0.0}. Best is trial 89 with value: 0.01928637074799407.
[I 2026-03-20 04:12:30,849] Trial 132 finished with value: 0.5741990049161616 and parameters: {'sigma_noise': 0.10670249678658157, 'A_repulsion': 0.3459504224121121, 'gamma': 0.4235417404042372, 'sigma_update': 0.2577868404808242, 'eta_learning': 0.5977395407162521, 'sigma_boundary': 5.144500332859093, 'alpha': 0.0}. Best is trial 89 with value: 0.01928637074799407.
[I 2026-03-20 04:13:00,323] Trial 129 finished with value: 0.8178526137753475 and parameters: {'sigma_noise': 0.2359517032055244, 'A_repulsion': 0.19804630673543103, 'gamma': 0.6163453662204686, 'sigma_update': 0.5429025128526112, 'eta_learning': 0.6784768537886162, 'sigma_boundary': 6.095650454328519, 'alpha': 0.0}. Best is trial 89 with value: 0.01928637074799407.
[I 2026-03-20 04:13:44,270] Trial 142 finished with value: 0.29470509933714323 and parameters: {'sigma_noise': 0.08660437550805057, 'A_repulsion': 0.23825016064991145, 'gamma': 0.5859270657860559, 'sigma_update': 0.36744197034033327, 'eta_learning': 0.5501013290213158, 'sigma_boundary': 4.011907041141338, 'alpha': 0.0}. Best is trial 89 with value: 0.01928637074799407.
[I 2026-03-20 04:13:44,944] Trial 133 finished with value: 0.07541684990796901 and parameters: {'sigma_noise': 0.20613790608913174, 'A_repulsion': 0.24058457958384288, 'gamma': 0.7892915326234283, 'sigma_update': 0.35401337194693094, 'eta_learning': 0.10893929835767742, 'sigma_boundary': 4.339190814916834, 'alpha': 0.0}. Best is trial 89 with value: 0.01928637074799407.
[I 2026-03-20 04:15:18,260] Trial 136 finished with value: 0.023930660306252717 and parameters: {'sigma_noise': 0.20220454841308033, 'A_repulsion': 0.25342511865749245, 'gamma': 0.5896738154200247, 'sigma_update': 0.3775800129056289, 'eta_learning': 0.05600630191459529, 'sigma_boundary': 4.959423923738218, 'alpha': 0.0}. Best is trial 89 with value: 0.01928637074799407.
[I 2026-03-20 04:17:18,315] Trial 143 finished with value: 0.008112357222619996 and parameters: {'sigma_noise': 0.07618971987841766, 'A_repulsion': 0.31769606159098807, 'gamma': 0.5024134721887326, 'sigma_update': 0.30024642690983533, 'eta_learning': 0.07764704229093947, 'sigma_boundary': 4.838231893215286, 'alpha': 0.0}. Best is trial 143 with value: 0.008112357222619996.
[I 2026-03-20 04:17:28,614] Trial 134 finished with value: 0.8857381400088191 and parameters: {'sigma_noise': 0.2174000176299522, 'A_repulsion': 0.3880794775821967, 'gamma': 0.8493067648389876, 'sigma_update': 0.6322035349414178, 'eta_learning': 0.539120309726635, 'sigma_boundary': 4.313471927982089, 'alpha': 0.0}. Best is trial 143 with value: 0.008112357222619996.
[I 2026-03-20 04:17:29,665] Trial 137 finished with value: 0.8884630051777862 and parameters: {'sigma_noise': 0.22761778883841738, 'A_repulsion': 0.31119151430953684, 'gamma': 0.44900559970172427, 'sigma_update': 0.6024565380422267, 'eta_learning': 1.7327946446617097, 'sigma_boundary': 6.699498414731033, 'alpha': 0.0}. Best is trial 143 with value: 0.008112357222619996.
[I 2026-03-20 04:17:49,789] Trial 141 finished with value: 0.8372486984544333 and parameters: {'sigma_noise': 0.17416597012481794, 'A_repulsion': 0.3462975649210208, 'gamma': 0.9863731015452559, 'sigma_update': 0.44444146639856896, 'eta_learning': 0.6836801200651933, 'sigma_boundary': 6.046181346276118, 'alpha': 0.0}. Best is trial 143 with value: 0.008112357222619996.
[I 2026-03-20 04:18:42,331] Trial 135 finished with value: 0.8513360160004889 and parameters: {'sigma_noise': 0.3153846403931135, 'A_repulsion': 0.21395350619527592, 'gamma': 0.5477656330704287, 'sigma_update': 0.37428754941138886, 'eta_learning': 0.40752275934442056, 'sigma_boundary': 1.528335754601952, 'alpha': 0.0}. Best is trial 143 with value: 0.008112357222619996.
[I 2026-03-20 04:20:34,084] Trial 145 finished with value: 0.30041024079813233 and parameters: {'sigma_noise': 0.2076336870979309, 'A_repulsion': 0.13198780650654052, 'gamma': 0.5705920232925111, 'sigma_update': 0.46015058985885493, 'eta_learning': 0.29416469257803296, 'sigma_boundary': 3.0259916295152918, 'alpha': 0.0}. Best is trial 143 with value: 0.008112357222619996.
[I 2026-03-20 04:21:25,200] Trial 151 finished with value: 0.028574511470694508 and parameters: {'sigma_noise': 0.07588935251462685, 'A_repulsion': 0.11981694063217549, 'gamma': 0.692403034835591, 'sigma_update': 0.4459895570702479, 'eta_learning': 0.20707268012040353, 'sigma_boundary': 5.074731563665926, 'alpha': 0.0}. Best is trial 143 with value: 0.008112357222619996.
[I 2026-03-20 04:21:33,577] Trial 148 finished with value: 0.39548647633216255 and parameters: {'sigma_noise': 0.05897259698375971, 'A_repulsion': 0.29986260850001034, 'gamma': 0.7902181758636762, 'sigma_update': 0.26783515072358466, 'eta_learning': 0.9081322736476728, 'sigma_boundary': 3.251396539012559, 'alpha': 0.0}. Best is trial 143 with value: 0.008112357222619996.
[I 2026-03-20 04:21:36,840] Trial 140 finished with value: 0.04533694822795987 and parameters: {'sigma_noise': 0.2726469850510326, 'A_repulsion': 0.34080005687654846, 'gamma': 0.5976215166515602, 'sigma_update': 0.03356849667963481, 'eta_learning': 0.04534016472095268, 'sigma_boundary': 7.072063352791695, 'alpha': 0.0}. Best is trial 143 with value: 0.008112357222619996.
[I 2026-03-20 04:22:41,399] Trial 149 finished with value: 0.040812491912320684 and parameters: {'sigma_noise': 0.09727018660446753, 'A_repulsion': 0.26392441936818517, 'gamma': 0.7868875305612406, 'sigma_update': 0.09687724511789038, 'eta_learning': 0.1398629582217405, 'sigma_boundary': 0.9404406913657458, 'alpha': 0.0}. Best is trial 143 with value: 0.008112357222619996.
[I 2026-03-20 04:23:15,815] Trial 150 finished with value: 0.21279120807935906 and parameters: {'sigma_noise': 0.09723852263350208, 'A_repulsion': 0.2962250143232857, 'gamma': 0.28952689420914735, 'sigma_update': 0.3920477045491039, 'eta_learning': 0.35629373811878684, 'sigma_boundary': 3.633625366279068, 'alpha': 0.0}. Best is trial 143 with value: 0.008112357222619996.
[I 2026-03-20 04:24:47,653] Trial 147 finished with value: 0.7383320974444953 and parameters: {'sigma_noise': 0.23192627222437595, 'A_repulsion': 0.16903399857342125, 'gamma': 0.5893974847759789, 'sigma_update': 0.12219260316485767, 'eta_learning': 0.5515876728755746, 'sigma_boundary': 4.482220218928313, 'alpha': 0.0}. Best is trial 143 with value: 0.008112357222619996.
[I 2026-03-20 04:24:59,297] Trial 152 finished with value: 0.559506890053639 and parameters: {'sigma_noise': 0.08613442923762789, 'A_repulsion': 0.2254327156462845, 'gamma': 0.20742799813104243, 'sigma_update': 0.1079266841026163, 'eta_learning': 2.593622253947353, 'sigma_boundary': 3.342340461375343, 'alpha': 0.0}. Best is trial 143 with value: 0.008112357222619996.
[I 2026-03-20 04:25:25,509] Trial 144 finished with value: 0.8894807902167898 and parameters: {'sigma_noise': 0.26005613180279336, 'A_repulsion': 0.3349775884240543, 'gamma': 0.624024877280754, 'sigma_update': 0.2862026785555997, 'eta_learning': 1.5363778960525247, 'sigma_boundary': 9.438721535170783, 'alpha': 0.0}. Best is trial 143 with value: 0.008112357222619996.
[I 2026-03-20 04:25:31,403] Trial 146 finished with value: 0.8643598223580573 and parameters: {'sigma_noise': 0.20025222673472332, 'A_repulsion': 0.2963936395278117, 'gamma': 0.46425550409947447, 'sigma_update': 0.34984293652615117, 'eta_learning': 0.8400270079448321, 'sigma_boundary': 6.89826669602048, 'alpha': 0.0}. Best is trial 143 with value: 0.008112357222619996.
[I 2026-03-20 04:26:05,024] Trial 160 finished with value: 0.05628555641016933 and parameters: {'sigma_noise': 0.11446479687743048, 'A_repulsion': 0.029048556082381216, 'gamma': 0.4313241195600612, 'sigma_update': 0.18491881482031525, 'eta_learning': 0.27617290865899496, 'sigma_boundary': 5.098253306217776, 'alpha': 0.0}. Best is trial 143 with value: 0.008112357222619996.
[I 2026-03-20 04:27:19,455] Trial 154 finished with value: 0.34221684880865155 and parameters: {'sigma_noise': 0.14336542509034333, 'A_repulsion': 0.20770864420751392, 'gamma': 0.6256848944185379, 'sigma_update': 0.32656948651820894, 'eta_learning': 0.3930882228118304, 'sigma_boundary': 1.0751598863913332, 'alpha': 0.0}. Best is trial 143 with value: 0.008112357222619996.
[I 2026-03-20 04:27:37,512] Trial 153 finished with value: 0.7480252784403743 and parameters: {'sigma_noise': 0.1730048736118696, 'A_repulsion': 0.1975203967385867, 'gamma': 0.563841213662939, 'sigma_update': 0.5770587803699305, 'eta_learning': 0.8101822865390819, 'sigma_boundary': 2.221736767650676, 'alpha': 0.0}. Best is trial 143 with value: 0.008112357222619996.
[I 2026-03-20 04:28:28,938] Trial 155 finished with value: 0.7622613851463282 and parameters: {'sigma_noise': 0.14958649244750843, 'A_repulsion': 0.24944818548235673, 'gamma': 0.5407567680376457, 'sigma_update': 0.23019897767037925, 'eta_learning': 0.9145602871416285, 'sigma_boundary': 2.6376672469375153, 'alpha': 0.0}. Best is trial 143 with value: 0.008112357222619996.
[I 2026-03-20 04:29:01,597] Trial 156 finished with value: 0.8180083944939752 and parameters: {'sigma_noise': 0.16170010808047164, 'A_repulsion': 0.26419629491599017, 'gamma': 0.4906114858246581, 'sigma_update': 0.2204811633145047, 'eta_learning': 1.2627019476885404, 'sigma_boundary': 7.702029780649221, 'alpha': 0.0}. Best is trial 143 with value: 0.008112357222619996.
[I 2026-03-20 04:29:50,561] Trial 157 finished with value: 0.562427786311451 and parameters: {'sigma_noise': 0.1458553489033425, 'A_repulsion': 0.3089268120894919, 'gamma': 0.5517869157385812, 'sigma_update': 0.2787779195246641, 'eta_learning': 0.4261553814977068, 'sigma_boundary': 3.311938961583511, 'alpha': 0.0}. Best is trial 143 with value: 0.008112357222619996.
[I 2026-03-20 04:30:26,220] Trial 163 finished with value: 0.008026216090003663 and parameters: {'sigma_noise': 0.06137847161492149, 'A_repulsion': 0.18987877304850798, 'gamma': 0.5246430021007787, 'sigma_update': 0.636632649523674, 'eta_learning': 0.08067535765813776, 'sigma_boundary': 3.7642195233652482, 'alpha': 0.0}. Best is trial 163 with value: 0.008026216090003663.
[I 2026-03-20 04:32:22,930] Trial 161 finished with value: 0.8610156890291532 and parameters: {'sigma_noise': 0.12024804319371162, 'A_repulsion': 0.35591275584150683, 'gamma': 0.8885635537391638, 'sigma_update': 0.4018949325910624, 'eta_learning': 1.204503207761249, 'sigma_boundary': 0.40500056255061745, 'alpha': 0.0}. Best is trial 163 with value: 0.008026216090003663.
[I 2026-03-20 04:32:31,419] Trial 158 finished with value: 0.8056382753820839 and parameters: {'sigma_noise': 0.20530570677894655, 'A_repulsion': 0.3231208330615214, 'gamma': 0.884642325084804, 'sigma_update': 0.3578640109868228, 'eta_learning': 0.48520007239925844, 'sigma_boundary': 5.725759206415044, 'alpha': 0.0}. Best is trial 163 with value: 0.008026216090003663.
[I 2026-03-20 04:33:26,410] Trial 162 finished with value: 0.10427093120772121 and parameters: {'sigma_noise': 0.14830712658833012, 'A_repulsion': 0.24366653647564185, 'gamma': 0.49854359319221253, 'sigma_update': 0.36676886486689, 'eta_learning': 0.16827973306763847, 'sigma_boundary': 2.7509212134293968, 'alpha': 0.0}. Best is trial 163 with value: 0.008026216090003663.
[I 2026-03-20 04:34:46,725] Trial 165 finished with value: 0.092512248653915 and parameters: {'sigma_noise': 0.1060301192056715, 'A_repulsion': 0.4108845810981289, 'gamma': 0.7789035252155375, 'sigma_update': 0.12338273033241293, 'eta_learning': 0.1946324359218036, 'sigma_boundary': 5.622252406408261, 'alpha': 0.0}. Best is trial 163 with value: 0.008026216090003663.
[I 2026-03-20 04:35:33,441] Trial 169 finished with value: 0.53697475871445 and parameters: {'sigma_noise': 0.10085211403423845, 'A_repulsion': 0.1854761846561469, 'gamma': 0.6452745170994565, 'sigma_update': 0.3873307417022178, 'eta_learning': 1.6531699219341138, 'sigma_boundary': 5.588798206223595, 'alpha': 0.0}. Best is trial 163 with value: 0.008026216090003663.
[I 2026-03-20 04:36:38,196] Trial 168 finished with value: 0.6003104824020584 and parameters: {'sigma_noise': 0.11467745060668666, 'A_repulsion': 0.22644908953207615, 'gamma': 0.9648485144428803, 'sigma_update': 0.3774803412284429, 'eta_learning': 0.9796246215830511, 'sigma_boundary': 4.950280946344895, 'alpha': 0.0}. Best is trial 163 with value: 0.008026216090003663.
[I 2026-03-20 04:36:53,001] Trial 170 finished with value: 0.5215636601348876 and parameters: {'sigma_noise': 0.1095572057843687, 'A_repulsion': 0.21432365809811452, 'gamma': 0.751251993017999, 'sigma_update': 0.4373095546011147, 'eta_learning': 0.8756257422198379, 'sigma_boundary': 6.0732184100434425, 'alpha': 0.0}. Best is trial 163 with value: 0.008026216090003663.
[I 2026-03-20 04:37:55,766] Trial 166 finished with value: 0.43131072654686775 and parameters: {'sigma_noise': 0.21230332675778335, 'A_repulsion': 0.28145760499984157, 'gamma': 0.7164132064649477, 'sigma_update': 0.1394124500855757, 'eta_learning': 0.24352050437037315, 'sigma_boundary': 2.168558459258556, 'alpha': 0.0}. Best is trial 163 with value: 0.008026216090003663.
[I 2026-03-20 04:38:13,963] Trial 177 finished with value: 0.280661101260665 and parameters: {'sigma_noise': 0.08467397510543001, 'A_repulsion': 0.08984745656441817, 'gamma': 0.4061403508747276, 'sigma_update': 0.07659600861074371, 'eta_learning': 1.0467673151778967, 'sigma_boundary': 7.531241432167511, 'alpha': 0.0}. Best is trial 163 with value: 0.008026216090003663.
[I 2026-03-20 04:38:45,987] Trial 174 finished with value: 0.0713049476278067 and parameters: {'sigma_noise': 0.09786388412922593, 'A_repulsion': 0.1883271794099019, 'gamma': 0.8716043538088877, 'sigma_update': 0.42968489263272014, 'eta_learning': 0.2776160526048991, 'sigma_boundary': 9.068600739101766, 'alpha': 0.0}. Best is trial 163 with value: 0.008026216090003663.
[I 2026-03-20 04:38:58,047] Trial 164 finished with value: 0.7166076101935244 and parameters: {'sigma_noise': 0.21585571617750987, 'A_repulsion': 0.3455541115876981, 'gamma': 0.7644254930783912, 'sigma_update': 0.016389922677880205, 'eta_learning': 0.3533026138354753, 'sigma_boundary': 5.127802125546653, 'alpha': 0.0}. Best is trial 163 with value: 0.008026216090003663.
[I 2026-03-20 04:39:15,932] Trial 171 finished with value: 0.8604059270731349 and parameters: {'sigma_noise': 0.1659068810431969, 'A_repulsion': 0.23204134401085935, 'gamma': 0.6814326027583609, 'sigma_update': 0.1584332136991223, 'eta_learning': 1.6913995948607654, 'sigma_boundary': 0.4681023746502603, 'alpha': 0.0}. Best is trial 163 with value: 0.008026216090003663.
[I 2026-03-20 04:39:54,676] Trial 167 finished with value: 0.886163858569407 and parameters: {'sigma_noise': 0.19591150220216386, 'A_repulsion': 0.334745598446565, 'gamma': 0.8355817896907768, 'sigma_update': 0.1760094995187476, 'eta_learning': 1.311750145522307, 'sigma_boundary': 1.0898408290985324, 'alpha': 0.0}. Best is trial 163 with value: 0.008026216090003663.
[I 2026-03-20 04:39:59,792] Trial 176 finished with value: 0.5530746187922443 and parameters: {'sigma_noise': 0.10595789823515091, 'A_repulsion': 0.19857367804270576, 'gamma': 0.7085416571611297, 'sigma_update': 0.38257826141712953, 'eta_learning': 1.0330112135690284, 'sigma_boundary': 1.8436832447252813, 'alpha': 0.0}. Best is trial 163 with value: 0.008026216090003663.
[I 2026-03-20 04:40:54,827] Trial 159 finished with value: 0.8900502080415418 and parameters: {'sigma_noise': 0.39539520982670023, 'A_repulsion': 0.34383872014445294, 'gamma': 0.4588574239203624, 'sigma_update': 0.41139431711301455, 'eta_learning': 1.2381979851670315, 'sigma_boundary': 2.342986525303714, 'alpha': 0.0}. Best is trial 163 with value: 0.008026216090003663.
[I 2026-03-20 04:41:03,441] Trial 172 finished with value: 0.7800536415844297 and parameters: {'sigma_noise': 0.17780201380190047, 'A_repulsion': 0.27179791884654125, 'gamma': 0.8332219077978001, 'sigma_update': 0.1649139054388159, 'eta_learning': 0.5840677266649389, 'sigma_boundary': 2.716740526265625, 'alpha': 0.0}. Best is trial 163 with value: 0.008026216090003663.
[I 2026-03-20 04:41:59,399] Trial 173 finished with value: 0.08746997952693433 and parameters: {'sigma_noise': 0.20392497270142423, 'A_repulsion': 0.18034431532754014, 'gamma': 0.9479908746661344, 'sigma_update': 0.21428208814698008, 'eta_learning': 0.09748513287888405, 'sigma_boundary': 1.6500295055766827, 'alpha': 0.0}. Best is trial 163 with value: 0.008026216090003663.
