/nfs/nhome/live/apourdehghan/Hybrid_hpc_utils.py:56: DtypeWarning: Columns (16) have mixed types. Specify dtype option on import or set low_memory=False.
  data = pd.read_csv(data_path)
[I 2026-03-20 02:23:52,231] A new study created in memory with name: no-name-e9cb02ba-ff8c-4712-803a-4d755dabfad4
[I 2026-03-20 02:35:54,330] Trial 9 finished with value: 0.2475514299471741 and parameters: {'sigma_noise': 0.06607256073140717, 'A_repulsion': 0.12760449023772813, 'gamma': 0.4905054890212602, 'sigma_update': 0.24785016417793396, 'eta_learning': 1.0125248255056498, 'sigma_boundary': 8.261600306613394, 'alpha': 0.0}. Best is trial 9 with value: 0.2475514299471741.
[I 2026-03-20 02:36:47,446] Trial 19 finished with value: 0.4602944315241787 and parameters: {'sigma_noise': 0.1563305121493518, 'A_repulsion': 0.02454014052024661, 'gamma': 0.1364888353445502, 'sigma_update': 0.12501184992135342, 'eta_learning': 1.5665758601771225, 'sigma_boundary': 9.318842485307117, 'alpha': 0.0}. Best is trial 9 with value: 0.2475514299471741.
[I 2026-03-20 02:36:47,692] Trial 0 finished with value: 0.04210622792118997 and parameters: {'sigma_noise': 0.09864001949543302, 'A_repulsion': 0.13793563210703885, 'gamma': 0.2710968878802387, 'sigma_update': 0.6387762473832402, 'eta_learning': 0.14742755459583787, 'sigma_boundary': 0.18852033056582398, 'alpha': 0.0}. Best is trial 0 with value: 0.04210622792118997.
[I 2026-03-20 02:39:38,020] Trial 5 finished with value: 0.4124537772816459 and parameters: {'sigma_noise': 0.11780221716647446, 'A_repulsion': 0.25369509945771757, 'gamma': 0.6267967857788113, 'sigma_update': 0.02483850574883736, 'eta_learning': 0.5225933418010595, 'sigma_boundary': 5.94543715845279, 'alpha': 0.0}. Best is trial 0 with value: 0.04210622792118997.
[I 2026-03-20 02:40:09,001] Trial 17 finished with value: 0.2115287559678391 and parameters: {'sigma_noise': 0.21813418446171773, 'A_repulsion': 0.15321436827161278, 'gamma': 0.850085958513425, 'sigma_update': 0.5184153468062814, 'eta_learning': 0.1827292232753189, 'sigma_boundary': 1.5506760732943092, 'alpha': 0.0}. Best is trial 0 with value: 0.04210622792118997.
[I 2026-03-20 02:40:40,797] Trial 6 finished with value: 0.11244930663499729 and parameters: {'sigma_noise': 0.2839497436979162, 'A_repulsion': 0.09532843352017112, 'gamma': 0.23101192767482884, 'sigma_update': 0.6785476043056007, 'eta_learning': 0.09855161519817708, 'sigma_boundary': 2.237920023279261, 'alpha': 0.0}. Best is trial 0 with value: 0.04210622792118997.
[I 2026-03-20 02:40:41,399] Trial 18 finished with value: 0.8403291602713441 and parameters: {'sigma_noise': 0.18967025860488324, 'A_repulsion': 0.23304748538191045, 'gamma': 0.4843982908297399, 'sigma_update': 0.4616431827686813, 'eta_learning': 1.5679403422593592, 'sigma_boundary': 7.539940267975446, 'alpha': 0.0}. Best is trial 0 with value: 0.04210622792118997.
[I 2026-03-20 02:41:02,813] Trial 22 finished with value: 0.852106456474187 and parameters: {'sigma_noise': 0.25567753712442476, 'A_repulsion': 0.15295762570832294, 'gamma': 0.011918553419534114, 'sigma_update': 0.26443311805674746, 'eta_learning': 1.092942749388136, 'sigma_boundary': 1.1860803154798838, 'alpha': 0.0}. Best is trial 0 with value: 0.04210622792118997.
[I 2026-03-20 02:41:22,532] Trial 20 finished with value: 0.8711022702336997 and parameters: {'sigma_noise': 0.1096232979257791, 'A_repulsion': 0.4972570029924722, 'gamma': 0.9000113018086555, 'sigma_update': 0.611763461565119, 'eta_learning': 1.390653040519383, 'sigma_boundary': 2.97147209428891, 'alpha': 0.0}. Best is trial 0 with value: 0.04210622792118997.
[I 2026-03-20 02:42:00,795] Trial 14 finished with value: 0.8338726425921836 and parameters: {'sigma_noise': 0.25009506875778903, 'A_repulsion': 0.14334947184937336, 'gamma': 0.5963193963622976, 'sigma_update': 0.013521676871261191, 'eta_learning': 2.177857188967313, 'sigma_boundary': 8.146260036199632, 'alpha': 0.0}. Best is trial 0 with value: 0.04210622792118997.
[I 2026-03-20 02:43:12,880] Trial 8 finished with value: 0.8733485978899126 and parameters: {'sigma_noise': 0.32716743348939475, 'A_repulsion': 0.14615347295417402, 'gamma': 0.35866965226471453, 'sigma_update': 0.5244387961990641, 'eta_learning': 0.5649842605391545, 'sigma_boundary': 0.8704153607506785, 'alpha': 0.0}. Best is trial 0 with value: 0.04210622792118997.
[I 2026-03-20 02:43:19,626] Trial 15 finished with value: 0.8899620583555377 and parameters: {'sigma_noise': 0.16672557364760776, 'A_repulsion': 0.48226710747639034, 'gamma': 0.46669327386494897, 'sigma_update': 0.6167555962140084, 'eta_learning': 2.12347035002535, 'sigma_boundary': 2.701632793080422, 'alpha': 0.0}. Best is trial 0 with value: 0.04210622792118997.
[I 2026-03-20 02:43:21,125] Trial 2 finished with value: 0.8884533716955436 and parameters: {'sigma_noise': 0.24884862472339003, 'A_repulsion': 0.29028658840641225, 'gamma': 0.5399351654862845, 'sigma_update': 0.26315102269396135, 'eta_learning': 2.023144601920707, 'sigma_boundary': 3.8745847667976347, 'alpha': 0.0}. Best is trial 0 with value: 0.04210622792118997.
[I 2026-03-20 02:43:32,918] Trial 11 finished with value: 0.5808393875057098 and parameters: {'sigma_noise': 0.15584859465801454, 'A_repulsion': 0.49634960095668895, 'gamma': 0.4145722134077785, 'sigma_update': 0.6041275348768036, 'eta_learning': 0.31380879134087925, 'sigma_boundary': 5.27129329593167, 'alpha': 0.0}. Best is trial 0 with value: 0.04210622792118997.
[I 2026-03-20 02:44:04,339] Trial 16 finished with value: 0.8884531008284001 and parameters: {'sigma_noise': 0.21516088119208054, 'A_repulsion': 0.3425366043546535, 'gamma': 0.21272116345020553, 'sigma_update': 0.029783661864501966, 'eta_learning': 1.5164507412052524, 'sigma_boundary': 9.384300224008529, 'alpha': 0.0}. Best is trial 0 with value: 0.04210622792118997.
[I 2026-03-20 02:46:04,696] Trial 1 finished with value: 0.8897906254831288 and parameters: {'sigma_noise': 0.3169135736361834, 'A_repulsion': 0.3011801947161787, 'gamma': 0.40072007859030717, 'sigma_update': 0.33843993535083605, 'eta_learning': 1.667922955764731, 'sigma_boundary': 5.789876479135479, 'alpha': 0.0}. Best is trial 0 with value: 0.04210622792118997.
[I 2026-03-20 02:46:50,878] Trial 23 finished with value: 0.8899643437449395 and parameters: {'sigma_noise': 0.34941138783633047, 'A_repulsion': 0.2892486069255367, 'gamma': 0.8042970237768051, 'sigma_update': 0.22236755850378806, 'eta_learning': 1.1110551503087565, 'sigma_boundary': 6.865813684641337, 'alpha': 0.0}. Best is trial 0 with value: 0.04210622792118997.
[I 2026-03-20 02:47:07,719] Trial 13 finished with value: 0.8895732497030014 and parameters: {'sigma_noise': 0.37637706099104257, 'A_repulsion': 0.2515542603866988, 'gamma': 0.8901057041372046, 'sigma_update': 0.15434317866589242, 'eta_learning': 1.2799430987972018, 'sigma_boundary': 6.576990714103341, 'alpha': 0.0}. Best is trial 0 with value: 0.04210622792118997.
[I 2026-03-20 02:47:11,740] Trial 4 finished with value: 0.8900652362089558 and parameters: {'sigma_noise': 0.31206355803068286, 'A_repulsion': 0.3684257247716676, 'gamma': 0.07903176445910032, 'sigma_update': 0.17564509576187995, 'eta_learning': 2.399991715839361, 'sigma_boundary': 2.9708359129106827, 'alpha': 0.0}. Best is trial 0 with value: 0.04210622792118997.
[I 2026-03-20 02:48:53,785] Trial 21 finished with value: 0.7132090316534723 and parameters: {'sigma_noise': 0.3726126062033906, 'A_repulsion': 0.3147714533303232, 'gamma': 0.2955253718143496, 'sigma_update': 0.6826514836603944, 'eta_learning': 0.222625468016788, 'sigma_boundary': 9.915185362308819, 'alpha': 0.0}. Best is trial 0 with value: 0.04210622792118997.
[I 2026-03-20 02:48:54,881] Trial 7 finished with value: 0.8900449405356086 and parameters: {'sigma_noise': 0.27943266808840145, 'A_repulsion': 0.4964937140896298, 'gamma': 0.8580314277982319, 'sigma_update': 0.23229609841113005, 'eta_learning': 2.182227826107159, 'sigma_boundary': 7.318333270825115, 'alpha': 0.0}. Best is trial 0 with value: 0.04210622792118997.
[I 2026-03-20 02:49:43,658] Trial 10 finished with value: 0.8900449405356086 and parameters: {'sigma_noise': 0.3525518633984081, 'A_repulsion': 0.4046085603219945, 'gamma': 0.21613515583481288, 'sigma_update': 0.548279610578185, 'eta_learning': 1.6489141611908582, 'sigma_boundary': 6.404421903238425, 'alpha': 0.0}. Best is trial 0 with value: 0.04210622792118997.
[I 2026-03-20 02:51:39,450] Trial 3 finished with value: 0.8900449405356086 and parameters: {'sigma_noise': 0.35024715904232806, 'A_repulsion': 0.4762154108544536, 'gamma': 0.6943539100582747, 'sigma_update': 0.269116186313931, 'eta_learning': 1.2362215055843981, 'sigma_boundary': 2.7876706554437662, 'alpha': 0.0}. Best is trial 0 with value: 0.04210622792118997.
[I 2026-03-20 02:55:01,154] Trial 24 finished with value: 0.879854098816509 and parameters: {'sigma_noise': 0.2720197495429201, 'A_repulsion': 0.194340365369029, 'gamma': 0.5034556773170027, 'sigma_update': 0.3421204610668761, 'eta_learning': 1.0863356251224627, 'sigma_boundary': 7.2477346643129685, 'alpha': 0.0}. Best is trial 0 with value: 0.04210622792118997.
[I 2026-03-20 02:55:35,477] Trial 12 finished with value: 0.8900449405356086 and parameters: {'sigma_noise': 0.41963851871150104, 'A_repulsion': 0.48848415559306396, 'gamma': 0.19487303936683856, 'sigma_update': 0.15654838321748854, 'eta_learning': 1.4235513067448786, 'sigma_boundary': 7.554154431635975, 'alpha': 0.0}. Best is trial 0 with value: 0.04210622792118997.
[I 2026-03-20 02:57:07,972] Trial 26 finished with value: 0.8841408496454899 and parameters: {'sigma_noise': 0.3496534808329311, 'A_repulsion': 0.15792977408060369, 'gamma': 0.4260516888933252, 'sigma_update': 0.38006971299260056, 'eta_learning': 2.1254776698258753, 'sigma_boundary': 3.328580566670377, 'alpha': 0.0}. Best is trial 0 with value: 0.04210622792118997.
[I 2026-03-20 02:57:19,741] Trial 25 finished with value: 0.8887787347837727 and parameters: {'sigma_noise': 0.23949161948610115, 'A_repulsion': 0.3236660213564523, 'gamma': 0.6388131485883944, 'sigma_update': 0.4498332142133486, 'eta_learning': 0.7966667810665921, 'sigma_boundary': 3.733265124113729, 'alpha': 0.0}. Best is trial 0 with value: 0.04210622792118997.
[I 2026-03-20 02:58:24,677] Trial 34 finished with value: 0.5659873883423905 and parameters: {'sigma_noise': 0.14114617265748808, 'A_repulsion': 0.18367649733211291, 'gamma': 0.23940303651380307, 'sigma_update': 0.49403755817732026, 'eta_learning': 0.6526414438388678, 'sigma_boundary': 2.5542937313946044, 'alpha': 0.0}. Best is trial 0 with value: 0.04210622792118997.
[I 2026-03-20 02:58:31,045] Trial 30 finished with value: 0.8369226232124677 and parameters: {'sigma_noise': 0.1916474120378971, 'A_repulsion': 0.262182741496404, 'gamma': 0.5674066046463424, 'sigma_update': 0.26773138823602105, 'eta_learning': 0.8381403710888852, 'sigma_boundary': 7.8408983166114465, 'alpha': 0.0}. Best is trial 0 with value: 0.04210622792118997.
[I 2026-03-20 02:58:48,453] Trial 31 finished with value: 0.8450382394559615 and parameters: {'sigma_noise': 0.2504648738197273, 'A_repulsion': 0.15897494302579218, 'gamma': 0.2381295178272655, 'sigma_update': 0.3159870671936868, 'eta_learning': 1.366963447739566, 'sigma_boundary': 6.133132199227448, 'alpha': 0.0}. Best is trial 0 with value: 0.04210622792118997.
[I 2026-03-20 02:59:27,054] Trial 33 finished with value: 0.8624017965500026 and parameters: {'sigma_noise': 0.19784086713239074, 'A_repulsion': 0.2464895001598551, 'gamma': 0.34276241219236453, 'sigma_update': 0.4862193889270911, 'eta_learning': 2.0307273393928646, 'sigma_boundary': 4.892730223809021, 'alpha': 0.0}. Best is trial 0 with value: 0.04210622792118997.
[I 2026-03-20 02:59:54,048] Trial 27 finished with value: 0.8884190160178331 and parameters: {'sigma_noise': 0.2691812915200171, 'A_repulsion': 0.2739403651406558, 'gamma': 0.22810335748347915, 'sigma_update': 0.5137527840260199, 'eta_learning': 1.9782472055233156, 'sigma_boundary': 2.4954438404921335, 'alpha': 0.0}. Best is trial 0 with value: 0.04210622792118997.
[I 2026-03-20 03:00:24,129] Trial 37 finished with value: 0.8207872207299683 and parameters: {'sigma_noise': 0.18467461291341797, 'A_repulsion': 0.21132777539154132, 'gamma': 0.4902921040695882, 'sigma_update': 0.4009075147383617, 'eta_learning': 2.084449143554334, 'sigma_boundary': 5.100365818458607, 'alpha': 0.0}. Best is trial 0 with value: 0.04210622792118997.
[I 2026-03-20 03:00:43,776] Trial 28 finished with value: 0.8882136342899304 and parameters: {'sigma_noise': 0.3076359743778272, 'A_repulsion': 0.22523356410064824, 'gamma': 0.6099495965565385, 'sigma_update': 0.43757181856762745, 'eta_learning': 1.7622952133756726, 'sigma_boundary': 5.850725889236356, 'alpha': 0.0}. Best is trial 0 with value: 0.04210622792118997.
[I 2026-03-20 03:01:03,400] Trial 32 finished with value: 0.8827918966276227 and parameters: {'sigma_noise': 0.29300042021769646, 'A_repulsion': 0.1921011705141805, 'gamma': 0.33329635189944573, 'sigma_update': 0.3119086736703117, 'eta_learning': 1.9673794847428219, 'sigma_boundary': 2.9187405366404655, 'alpha': 0.0}. Best is trial 0 with value: 0.04210622792118997.
[I 2026-03-20 03:02:48,375] Trial 36 finished with value: 0.8819789850374761 and parameters: {'sigma_noise': 0.2864124841794015, 'A_repulsion': 0.19176388041360323, 'gamma': 0.38353264795441294, 'sigma_update': 0.35271644365477267, 'eta_learning': 1.8895989493085736, 'sigma_boundary': 3.362471074207411, 'alpha': 0.0}. Best is trial 0 with value: 0.04210622792118997.
[I 2026-03-20 03:03:43,857] Trial 29 finished with value: 0.8898001213570816 and parameters: {'sigma_noise': 0.30767997504542816, 'A_repulsion': 0.339019724672208, 'gamma': 0.3293048287625842, 'sigma_update': 0.2540258313430826, 'eta_learning': 0.8240110752911173, 'sigma_boundary': 4.541938736753616, 'alpha': 0.0}. Best is trial 0 with value: 0.04210622792118997.
[I 2026-03-20 03:04:12,442] Trial 42 finished with value: 0.823947364389407 and parameters: {'sigma_noise': 0.14723414317018763, 'A_repulsion': 0.3208998599129514, 'gamma': 0.3608728651891803, 'sigma_update': 0.38459804455476115, 'eta_learning': 1.0652355954741977, 'sigma_boundary': 5.345113236375011, 'alpha': 0.0}. Best is trial 0 with value: 0.04210622792118997.
[I 2026-03-20 03:04:15,188] Trial 43 finished with value: 0.6838458868819648 and parameters: {'sigma_noise': 0.11753199216143262, 'A_repulsion': 0.25385214165153186, 'gamma': 0.7330057510853071, 'sigma_update': 0.3596157508583997, 'eta_learning': 1.1579696595146014, 'sigma_boundary': 3.684797384535332, 'alpha': 0.0}. Best is trial 0 with value: 0.04210622792118997.
[I 2026-03-20 03:05:52,171] Trial 40 finished with value: 0.8844250356789612 and parameters: {'sigma_noise': 0.22573094892960793, 'A_repulsion': 0.2818565359972528, 'gamma': 0.5612571612663102, 'sigma_update': 0.36992868540446344, 'eta_learning': 1.3733179087926808, 'sigma_boundary': 5.948306877114712, 'alpha': 0.0}. Best is trial 0 with value: 0.04210622792118997.
[I 2026-03-20 03:06:36,383] Trial 38 finished with value: 0.8888598537766186 and parameters: {'sigma_noise': 0.35734059327361106, 'A_repulsion': 0.23590847406426085, 'gamma': 0.44893997689230347, 'sigma_update': 0.2431666023443121, 'eta_learning': 1.748828212202754, 'sigma_boundary': 5.364263303333172, 'alpha': 0.0}. Best is trial 0 with value: 0.04210622792118997.
[I 2026-03-20 03:06:43,394] Trial 44 finished with value: 0.8417261061724662 and parameters: {'sigma_noise': 0.277949171831628, 'A_repulsion': 0.1317445158345027, 'gamma': 0.731492053261637, 'sigma_update': 0.2150689638351519, 'eta_learning': 1.126160477418059, 'sigma_boundary': 3.15246401606091, 'alpha': 0.0}. Best is trial 0 with value: 0.04210622792118997.
[I 2026-03-20 03:07:19,596] Trial 39 finished with value: 0.8881299686568124 and parameters: {'sigma_noise': 0.27695260854506987, 'A_repulsion': 0.3023710297485997, 'gamma': 0.567621479808735, 'sigma_update': 0.34028603149511766, 'eta_learning': 2.4639408881067126, 'sigma_boundary': 5.604179485750495, 'alpha': 0.0}. Best is trial 0 with value: 0.04210622792118997.
[I 2026-03-20 03:07:26,886] Trial 45 finished with value: 0.8222784541718963 and parameters: {'sigma_noise': 0.2831607946664963, 'A_repulsion': 0.1141956419763836, 'gamma': 0.650338459926638, 'sigma_update': 0.41492591876206897, 'eta_learning': 0.9967439752096976, 'sigma_boundary': 6.329443976485286, 'alpha': 0.0}. Best is trial 0 with value: 0.04210622792118997.
[I 2026-03-20 03:08:25,469] Trial 41 finished with value: 0.8882113693567367 and parameters: {'sigma_noise': 0.33086357880680506, 'A_repulsion': 0.22326265094774933, 'gamma': 0.2598687678493193, 'sigma_update': 0.3751749982749517, 'eta_learning': 1.1363823754693372, 'sigma_boundary': 2.414688529795705, 'alpha': 0.0}. Best is trial 0 with value: 0.04210622792118997.
[I 2026-03-20 03:08:54,012] Trial 35 finished with value: 0.8900652362089558 and parameters: {'sigma_noise': 0.3851602563037941, 'A_repulsion': 0.32978585950115624, 'gamma': 0.5448549979224004, 'sigma_update': 0.5570174193703801, 'eta_learning': 1.6335015621539528, 'sigma_boundary': 7.832724346642936, 'alpha': 0.0}. Best is trial 0 with value: 0.04210622792118997.
[I 2026-03-20 03:09:36,709] Trial 46 finished with value: 0.8396068180815637 and parameters: {'sigma_noise': 0.23263565251934715, 'A_repulsion': 0.17036048197872142, 'gamma': 0.8520089492746352, 'sigma_update': 0.5097430641383006, 'eta_learning': 1.7394022601531365, 'sigma_boundary': 4.602556071134074, 'alpha': 0.0}. Best is trial 0 with value: 0.04210622792118997.
[I 2026-03-20 03:12:11,982] Trial 47 finished with value: 0.8401854175846558 and parameters: {'sigma_noise': 0.190255234978219, 'A_repulsion': 0.22806404601058272, 'gamma': 0.742472602521835, 'sigma_update': 0.21513450826828848, 'eta_learning': 1.6643172128035792, 'sigma_boundary': 3.5158967111226276, 'alpha': 0.0}. Best is trial 0 with value: 0.04210622792118997.
[I 2026-03-20 03:13:10,871] Trial 50 finished with value: 0.7084367147502022 and parameters: {'sigma_noise': 0.21903257032029888, 'A_repulsion': 0.06892618651437618, 'gamma': 0.3756831256628627, 'sigma_update': 0.38534489110540937, 'eta_learning': 1.3186930402593222, 'sigma_boundary': 4.787104640663913, 'alpha': 0.0}. Best is trial 0 with value: 0.04210622792118997.
[I 2026-03-20 03:13:58,953] Trial 56 finished with value: 0.42263068773468915 and parameters: {'sigma_noise': 0.06745239667853159, 'A_repulsion': 0.26104733609306974, 'gamma': 0.38196377186090485, 'sigma_update': 0.5334793423774588, 'eta_learning': 1.0203130413575148, 'sigma_boundary': 3.14405580271906, 'alpha': 0.0}. Best is trial 0 with value: 0.04210622792118997.
[I 2026-03-20 03:15:05,237] Trial 48 finished with value: 0.8875536456697595 and parameters: {'sigma_noise': 0.2362794090998982, 'A_repulsion': 0.2852674256946838, 'gamma': 0.5641690804862585, 'sigma_update': 0.28416566215403116, 'eta_learning': 1.3645045610405062, 'sigma_boundary': 2.891945393246899, 'alpha': 0.0}. Best is trial 0 with value: 0.04210622792118997.
[I 2026-03-20 03:15:20,426] Trial 58 finished with value: 0.5399984858658646 and parameters: {'sigma_noise': 0.18053503471730725, 'A_repulsion': 0.0636684488972086, 'gamma': 0.338471235082567, 'sigma_update': 0.26341034752540604, 'eta_learning': 0.9191250586220779, 'sigma_boundary': 8.555513726807575, 'alpha': 0.0}. Best is trial 0 with value: 0.04210622792118997.
[I 2026-03-20 03:16:15,749] Trial 49 finished with value: 0.8850492547339354 and parameters: {'sigma_noise': 0.2299854498475538, 'A_repulsion': 0.28298399778173683, 'gamma': 0.3883818839783422, 'sigma_update': 0.23138418215244977, 'eta_learning': 1.367981918309507, 'sigma_boundary': 5.944889947982977, 'alpha': 0.0}. Best is trial 0 with value: 0.04210622792118997.
[I 2026-03-20 03:17:35,027] Trial 59 finished with value: 0.6386369206338207 and parameters: {'sigma_noise': 0.11600178452814099, 'A_repulsion': 0.21306153437650957, 'gamma': 0.6993899107773116, 'sigma_update': 0.45888744435340517, 'eta_learning': 1.4198077806793077, 'sigma_boundary': 4.871729374754638, 'alpha': 0.0}. Best is trial 0 with value: 0.04210622792118997.
[I 2026-03-20 03:18:09,901] Trial 57 finished with value: 0.8409964227603299 and parameters: {'sigma_noise': 0.20537666373740426, 'A_repulsion': 0.20771947535492463, 'gamma': 0.2584216202742262, 'sigma_update': 0.41756175120177114, 'eta_learning': 1.826340956184234, 'sigma_boundary': 6.6973958319334645, 'alpha': 0.0}. Best is trial 0 with value: 0.04210622792118997.
[I 2026-03-20 03:19:22,316] Trial 51 finished with value: 0.8886924934158567 and parameters: {'sigma_noise': 0.2894557360634113, 'A_repulsion': 0.2627583799194788, 'gamma': 0.5173718896812123, 'sigma_update': 0.35086777586579526, 'eta_learning': 1.3138479031167358, 'sigma_boundary': 3.680418814244957, 'alpha': 0.0}. Best is trial 0 with value: 0.04210622792118997.
[I 2026-03-20 03:19:37,695] Trial 53 finished with value: 0.8881332369279991 and parameters: {'sigma_noise': 0.24937520096047439, 'A_repulsion': 0.32747626765426807, 'gamma': 0.5482655807498533, 'sigma_update': 0.3445831819847883, 'eta_learning': 1.8639880907499875, 'sigma_boundary': 8.016475866006715, 'alpha': 0.0}. Best is trial 0 with value: 0.04210622792118997.
[I 2026-03-20 03:20:02,011] Trial 65 finished with value: 0.24717040240680926 and parameters: {'sigma_noise': 0.10729965327554443, 'A_repulsion': 0.13381656582386708, 'gamma': 0.36019612897999886, 'sigma_update': 0.16616025471269025, 'eta_learning': 0.5366707441506239, 'sigma_boundary': 3.6713850878724346, 'alpha': 0.0}. Best is trial 0 with value: 0.04210622792118997.
[I 2026-03-20 03:20:29,952] Trial 55 finished with value: 0.8883385965505628 and parameters: {'sigma_noise': 0.27490843021412065, 'A_repulsion': 0.26774807246013743, 'gamma': 0.7485065832118406, 'sigma_update': 0.2882617594547738, 'eta_learning': 1.5907293152183362, 'sigma_boundary': 5.243743483710036, 'alpha': 0.0}. Best is trial 0 with value: 0.04210622792118997.
