[I 2026-03-20 04:44:16,068] Trial 179 finished with value: 0.7895502566314234 and parameters: {'sigma_noise': 0.14761767959369476, 'A_repulsion': 0.2730440235435047, 'gamma': 0.5753643429902433, 'sigma_update': 0.3088026092423265, 'eta_learning': 1.1261414314040366, 'sigma_boundary': 3.953745667517795, 'alpha': 0.0}. Best is trial 163 with value: 0.008026216090003663.
[I 2026-03-20 04:44:20,114] Trial 184 finished with value: 0.022824463318159793 and parameters: {'sigma_noise': 0.06914329117031821, 'A_repulsion': 0.05762193672101062, 'gamma': 0.4535769281253803, 'sigma_update': 0.3054594332740242, 'eta_learning': 0.01878519177658238, 'sigma_boundary': 5.544587555676572, 'alpha': 0.0}. Best is trial 163 with value: 0.008026216090003663.
[I 2026-03-20 04:44:52,151] Trial 175 finished with value: 0.884786129706944 and parameters: {'sigma_noise': 0.2084577096948519, 'A_repulsion': 0.3384004492337642, 'gamma': 0.46934751884326126, 'sigma_update': 0.24073606589024282, 'eta_learning': 0.8155851114613705, 'sigma_boundary': 3.9628835894490946, 'alpha': 0.0}. Best is trial 163 with value: 0.008026216090003663.
[I 2026-03-20 04:45:09,347] Trial 180 finished with value: 0.78316193723292 and parameters: {'sigma_noise': 0.12624730237531667, 'A_repulsion': 0.3057088582160799, 'gamma': 0.363395948329935, 'sigma_update': 0.07479582892506763, 'eta_learning': 1.6468586495767086, 'sigma_boundary': 4.385348761284777, 'alpha': 0.0}. Best is trial 163 with value: 0.008026216090003663.
[I 2026-03-20 04:45:27,473] Trial 183 finished with value: 0.028082754109291747 and parameters: {'sigma_noise': 0.11396466355605356, 'A_repulsion': 0.27098661805142166, 'gamma': 0.44199153429786675, 'sigma_update': 0.5155352726830914, 'eta_learning': 0.11993958897164407, 'sigma_boundary': 4.487713910554513, 'alpha': 0.0}. Best is trial 163 with value: 0.008026216090003663.
[I 2026-03-20 04:46:00,796] Trial 185 finished with value: 0.44845672837471695 and parameters: {'sigma_noise': 0.0885771931205969, 'A_repulsion': 0.20702412332432363, 'gamma': 0.3445854705770992, 'sigma_update': 0.38055469065547154, 'eta_learning': 0.9713275662559242, 'sigma_boundary': 2.746242825496328, 'alpha': 0.0}. Best is trial 163 with value: 0.008026216090003663.
[I 2026-03-20 04:46:19,735] Trial 182 finished with value: 0.018513520289730204 and parameters: {'sigma_noise': 0.1544970293455914, 'A_repulsion': 0.2810297040075468, 'gamma': 0.6855088325128592, 'sigma_update': 0.25659040959260754, 'eta_learning': 0.030598761639658023, 'sigma_boundary': 0.9966686284185492, 'alpha': 0.0}. Best is trial 163 with value: 0.008026216090003663.
[I 2026-03-20 04:47:44,144] Trial 186 finished with value: 0.7335965142337199 and parameters: {'sigma_noise': 0.16461558927230335, 'A_repulsion': 0.16405244788740475, 'gamma': 0.7017311151063859, 'sigma_update': 0.16474967889438302, 'eta_learning': 1.7471780383787407, 'sigma_boundary': 4.317250774564185, 'alpha': 0.0}. Best is trial 163 with value: 0.008026216090003663.
[I 2026-03-20 04:48:17,797] Trial 178 finished with value: 0.8895443263727433 and parameters: {'sigma_noise': 0.27364410600248495, 'A_repulsion': 0.3370738461661261, 'gamma': 0.7639602513515199, 'sigma_update': 0.40852733896607757, 'eta_learning': 0.6313977324344595, 'sigma_boundary': 1.177663399448808, 'alpha': 0.0}. Best is trial 163 with value: 0.008026216090003663.
[I 2026-03-20 04:48:37,158] Trial 195 finished with value: 0.26016245511543784 and parameters: {'sigma_noise': 0.06904500657686188, 'A_repulsion': 0.015195993901167257, 'gamma': 0.5210082241701838, 'sigma_update': 0.25978876798195755, 'eta_learning': 2.365768079259697, 'sigma_boundary': 3.6891705027880537, 'alpha': 0.0}. Best is trial 163 with value: 0.008026216090003663.
[I 2026-03-20 04:48:50,713] Trial 188 finished with value: 0.34893759279049097 and parameters: {'sigma_noise': 0.16954397727693582, 'A_repulsion': 0.13880628419762167, 'gamma': 0.43558951249169425, 'sigma_update': 0.2011725352179004, 'eta_learning': 0.3826516406346729, 'sigma_boundary': 1.3779895205476818, 'alpha': 0.0}. Best is trial 163 with value: 0.008026216090003663.
[I 2026-03-20 04:49:14,634] Trial 190 finished with value: 0.2655939112471939 and parameters: {'sigma_noise': 0.1699910243019993, 'A_repulsion': 0.08701904812039643, 'gamma': 0.9946661553601737, 'sigma_update': 0.4477917232207502, 'eta_learning': 0.4086216600788737, 'sigma_boundary': 4.388802741182702, 'alpha': 0.0}. Best is trial 163 with value: 0.008026216090003663.
[I 2026-03-20 04:49:32,659] Trial 181 finished with value: 0.8899288854470022 and parameters: {'sigma_noise': 0.2681298486079401, 'A_repulsion': 0.4182897606602227, 'gamma': 0.8359221290649386, 'sigma_update': 0.4926376611168811, 'eta_learning': 1.2815456080087537, 'sigma_boundary': 7.195561587006486, 'alpha': 0.0}. Best is trial 163 with value: 0.008026216090003663.
[I 2026-03-20 04:49:45,893] Trial 194 finished with value: 0.029921953315363913 and parameters: {'sigma_noise': 0.10127833065821036, 'A_repulsion': 0.1630839704712778, 'gamma': 0.7238322420286533, 'sigma_update': 0.2671669905312104, 'eta_learning': 0.1398600372133732, 'sigma_boundary': 2.2600709375268404, 'alpha': 0.0}. Best is trial 163 with value: 0.008026216090003663.
[I 2026-03-20 04:49:46,152] Trial 199 finished with value: 0.2704266054478608 and parameters: {'sigma_noise': 0.08258652621558776, 'A_repulsion': 0.03967938784399683, 'gamma': 0.4127804461771072, 'sigma_update': 0.29524622963643016, 'eta_learning': 1.2272510462334973, 'sigma_boundary': 2.7628571822423895, 'alpha': 0.0}. Best is trial 163 with value: 0.008026216090003663.
[I 2026-03-20 04:49:50,212] Trial 192 finished with value: 0.06373223570480914 and parameters: {'sigma_noise': 0.16897989123013846, 'A_repulsion': 0.12241350976587657, 'gamma': 0.5498330496690781, 'sigma_update': 0.31303247632479836, 'eta_learning': 0.1762870898110069, 'sigma_boundary': 7.427318382215054, 'alpha': 0.0}. Best is trial 163 with value: 0.008026216090003663.
[I 2026-03-20 04:50:03,965] Trial 187 finished with value: 0.19266223561968168 and parameters: {'sigma_noise': 0.22789075844494888, 'A_repulsion': 0.26578104564964494, 'gamma': 0.24708513016514294, 'sigma_update': 0.2864662726569538, 'eta_learning': 0.17936729767331386, 'sigma_boundary': 7.672593269548944, 'alpha': 0.0}. Best is trial 163 with value: 0.008026216090003663.
[I 2026-03-20 04:50:12,372] Trial 191 finished with value: 0.6805273183567621 and parameters: {'sigma_noise': 0.1656249958527717, 'A_repulsion': 0.20927726236223015, 'gamma': 0.5106159593037914, 'sigma_update': 0.162460654770561, 'eta_learning': 0.6646691844321636, 'sigma_boundary': 4.201211503266026, 'alpha': 0.0}. Best is trial 163 with value: 0.008026216090003663.
[I 2026-03-20 04:50:16,127] Trial 196 finished with value: 0.5293226817260482 and parameters: {'sigma_noise': 0.12420944426365449, 'A_repulsion': 0.18067310931822286, 'gamma': 0.6610303039096875, 'sigma_update': 0.43323700686030525, 'eta_learning': 0.8397672543611295, 'sigma_boundary': 4.9101417369196385, 'alpha': 0.0}. Best is trial 163 with value: 0.008026216090003663.
[I 2026-03-20 04:50:21,067] Trial 198 finished with value: 0.1068655155564596 and parameters: {'sigma_noise': 0.17875424960949826, 'A_repulsion': 0.051533462521195464, 'gamma': 0.5067822657180676, 'sigma_update': 0.5526561263098707, 'eta_learning': 0.5512881518406855, 'sigma_boundary': 0.2595792429444128, 'alpha': 0.0}. Best is trial 163 with value: 0.008026216090003663.
[I 2026-03-20 04:50:22,388] Trial 193 finished with value: 0.6988803599432714 and parameters: {'sigma_noise': 0.11819553264967131, 'A_repulsion': 0.3199071202246665, 'gamma': 0.6559409119761485, 'sigma_update': 0.3388682818585997, 'eta_learning': 0.6412432132698757, 'sigma_boundary': 1.4144417917781864, 'alpha': 0.0}. Best is trial 163 with value: 0.008026216090003663.
[I 2026-03-20 04:50:23,483] Trial 189 finished with value: 0.12643713608077628 and parameters: {'sigma_noise': 0.20307207974727876, 'A_repulsion': 0.2996403228443747, 'gamma': 0.5552299471978963, 'sigma_update': 0.37750695279566093, 'eta_learning': 0.10032947597855535, 'sigma_boundary': 1.8524300231622, 'alpha': 0.0}. Best is trial 163 with value: 0.008026216090003663.
[I 2026-03-20 04:50:26,578] Trial 197 finished with value: 0.8031822781465913 and parameters: {'sigma_noise': 0.2181503538437281, 'A_repulsion': 0.14584107933670393, 'gamma': 0.7084890527428795, 'sigma_update': 0.22282047512407369, 'eta_learning': 1.4624979159764764, 'sigma_boundary': 3.2803004884514317, 'alpha': 0.0}. Best is trial 163 with value: 0.008026216090003663.
