[I 2026-03-06 09:27:53,018] Trial 137 finished with value: 0.028215623238182656 and parameters: {'sigma_noise': 0.25556674951057645, 'A_repulsion': 0.1972272563329423, 'gamma': 0.9895178817815565, 'sigma_update': 0.3457007935486913, 'eta_learning': 1.6766777109439674, 'sigma_boundary': 4.773725203439135, 'alpha': 0.9183465114004525}. Best is trial 131 with value: 0.013252584532027078.
[I 2026-03-06 09:28:10,865] Trial 135 finished with value: 0.03267091950351503 and parameters: {'sigma_noise': 0.28320805947890343, 'A_repulsion': 0.252089957998302, 'gamma': 0.8752307133124242, 'sigma_update': 0.2160417242929274, 'eta_learning': 0.6268856589251515, 'sigma_boundary': 4.708860803690064, 'alpha': 0.9100071662188172}. Best is trial 131 with value: 0.013252584532027078.
[I 2026-03-06 09:28:24,315] Trial 139 finished with value: 0.03808948063968179 and parameters: {'sigma_noise': 0.2779865875655873, 'A_repulsion': 0.286724721931205, 'gamma': 0.8251718813065111, 'sigma_update': 0.39719419147278373, 'eta_learning': 1.3508311675402576, 'sigma_boundary': 7.076233294905479, 'alpha': 0.9687230598020382}. Best is trial 131 with value: 0.013252584532027078.
[I 2026-03-06 09:29:32,910] Trial 142 finished with value: 0.08915005480622004 and parameters: {'sigma_noise': 0.2029946945861159, 'A_repulsion': 0.20791273902980434, 'gamma': 0.4613667457837034, 'sigma_update': 0.3981025602378679, 'eta_learning': 0.48473166016556984, 'sigma_boundary': 3.4953513257704754, 'alpha': 0.6510958332999661}. Best is trial 131 with value: 0.013252584532027078.
[I 2026-03-06 09:30:04,420] Trial 143 finished with value: 0.07490473299182238 and parameters: {'sigma_noise': 0.2819335632279357, 'A_repulsion': 0.1785914627186527, 'gamma': 0.7400226402608295, 'sigma_update': 0.3817102333782109, 'eta_learning': 1.4027388427752039, 'sigma_boundary': 6.390043430486073, 'alpha': 0.6376956363739675}. Best is trial 131 with value: 0.013252584532027078.
[I 2026-03-06 09:30:20,048] Trial 141 finished with value: 0.23154887320586198 and parameters: {'sigma_noise': 0.38809335042230153, 'A_repulsion': 0.09714737152883977, 'gamma': 0.7300456994188361, 'sigma_update': 0.23741148714851076, 'eta_learning': 1.2053249228787704, 'sigma_boundary': 5.725287881719181, 'alpha': 0.5178454077340189}. Best is trial 131 with value: 0.013252584532027078.
[I 2026-03-06 09:31:55,771] Trial 148 finished with value: 0.1046910277977173 and parameters: {'sigma_noise': 0.0687043129373671, 'A_repulsion': 0.13019845387777168, 'gamma': 0.8023730376745977, 'sigma_update': 0.1962276182394684, 'eta_learning': 0.6174751667400966, 'sigma_boundary': 6.763227240546085, 'alpha': 0.7910366514573449}. Best is trial 131 with value: 0.013252584532027078.
[I 2026-03-06 09:32:51,064] Trial 144 finished with value: 0.016079964346536267 and parameters: {'sigma_noise': 0.24444773605574904, 'A_repulsion': 0.18493496051535918, 'gamma': 0.7834038210420328, 'sigma_update': 0.3443863759602866, 'eta_learning': 0.8364330204512953, 'sigma_boundary': 4.641015994743748, 'alpha': 0.7667384485766738}. Best is trial 131 with value: 0.013252584532027078.
[I 2026-03-06 09:33:16,459] Trial 145 finished with value: 0.14603481223441966 and parameters: {'sigma_noise': 0.3422216392301486, 'A_repulsion': 0.09161687570903831, 'gamma': 0.20113332599291842, 'sigma_update': 0.2660333287240266, 'eta_learning': 0.7028588482036369, 'sigma_boundary': 6.718516566004094, 'alpha': 0.5843705698925951}. Best is trial 131 with value: 0.013252584532027078.
[I 2026-03-06 09:33:37,109] Trial 151 finished with value: 0.12202184600774874 and parameters: {'sigma_noise': 0.22436161242407032, 'A_repulsion': 0.06892192350749043, 'gamma': 0.6255427552357846, 'sigma_update': 0.4518723484706035, 'eta_learning': 1.5761170466805174, 'sigma_boundary': 3.2577908115929537, 'alpha': 0.6172260720506451}. Best is trial 131 with value: 0.013252584532027078.
[I 2026-03-06 09:34:07,594] Trial 146 finished with value: 0.03530914009516954 and parameters: {'sigma_noise': 0.2008307941776622, 'A_repulsion': 0.32519659102441884, 'gamma': 0.8948612879890456, 'sigma_update': 0.5555852285211, 'eta_learning': 0.4178546729971722, 'sigma_boundary': 3.580128572128109, 'alpha': 0.8648654301424087}. Best is trial 131 with value: 0.013252584532027078.
[I 2026-03-06 09:34:08,546] Trial 149 finished with value: 0.09516212350084116 and parameters: {'sigma_noise': 0.19625446449289102, 'A_repulsion': 0.1914283731550371, 'gamma': 0.6266921866287174, 'sigma_update': 0.44775693853242193, 'eta_learning': 1.8332757655315952, 'sigma_boundary': 8.362045750714165, 'alpha': 0.6230351958154945}. Best is trial 131 with value: 0.013252584532027078.
[I 2026-03-06 09:34:35,421] Trial 150 finished with value: 0.02387466843013329 and parameters: {'sigma_noise': 0.2409030554849962, 'A_repulsion': 0.1704578430331613, 'gamma': 0.9105014460419085, 'sigma_update': 0.21991822151688933, 'eta_learning': 0.1898501905140832, 'sigma_boundary': 4.838903984939878, 'alpha': 0.9441178129208189}. Best is trial 131 with value: 0.013252584532027078.
[I 2026-03-06 09:34:35,830] Trial 147 finished with value: 0.0882555078307882 and parameters: {'sigma_noise': 0.30467830646871796, 'A_repulsion': 0.32732668503795614, 'gamma': 0.6336024776134965, 'sigma_update': 0.5921890134493693, 'eta_learning': 0.5078552188731943, 'sigma_boundary': 4.616560419487238, 'alpha': 0.9162704607170007}. Best is trial 131 with value: 0.013252584532027078.
[I 2026-03-06 09:34:40,820] Trial 152 finished with value: 0.07808597249351565 and parameters: {'sigma_noise': 0.14837002097557922, 'A_repulsion': 0.2839578193788522, 'gamma': 0.9464979120979737, 'sigma_update': 0.4042541443443029, 'eta_learning': 0.05601412337262843, 'sigma_boundary': 2.9075438502742497, 'alpha': 0.8797751939555742}. Best is trial 131 with value: 0.013252584532027078.
[I 2026-03-06 09:34:54,353] Trial 153 finished with value: 0.01304282108603505 and parameters: {'sigma_noise': 0.24924442963715454, 'A_repulsion': 0.06788866613896145, 'gamma': 0.8372707289463402, 'sigma_update': 0.35175343569586826, 'eta_learning': 0.26039200951865527, 'sigma_boundary': 7.129913719942184, 'alpha': 0.8820075767499251}. Best is trial 153 with value: 0.01304282108603505.
[I 2026-03-06 09:35:41,169] Trial 155 finished with value: 0.03840906018492249 and parameters: {'sigma_noise': 0.18778023630194612, 'A_repulsion': 0.23133292191504073, 'gamma': 0.7678656471611086, 'sigma_update': 0.3690713282988722, 'eta_learning': 0.31589986003102044, 'sigma_boundary': 2.677641801139634, 'alpha': 0.9422579238121478}. Best is trial 153 with value: 0.01304282108603505.
[I 2026-03-06 09:35:44,669] Trial 157 finished with value: 0.015796481478651564 and parameters: {'sigma_noise': 0.24803575627005897, 'A_repulsion': 0.0683659952204021, 'gamma': 0.9135040121801649, 'sigma_update': 0.3639533484663994, 'eta_learning': 0.4462040659573554, 'sigma_boundary': 3.796149640038152, 'alpha': 0.6604022234141103}. Best is trial 153 with value: 0.01304282108603505.
[I 2026-03-06 09:36:20,012] Trial 156 finished with value: 0.038304996588714384 and parameters: {'sigma_noise': 0.3431364537104199, 'A_repulsion': 0.05063362567757804, 'gamma': 0.8749761543861388, 'sigma_update': 0.45790953826496283, 'eta_learning': 0.03402774188328481, 'sigma_boundary': 3.976360548156274, 'alpha': 0.6389456294424168}. Best is trial 153 with value: 0.01304282108603505.
[I 2026-03-06 09:36:37,266] Trial 154 finished with value: 0.20574183567471696 and parameters: {'sigma_noise': 0.3448408644523152, 'A_repulsion': 0.12506247522817238, 'gamma': 0.5865296734117494, 'sigma_update': 0.5040720509713309, 'eta_learning': 0.33017982265464507, 'sigma_boundary': 6.883545673127511, 'alpha': 0.703135303795613}. Best is trial 153 with value: 0.01304282108603505.
[I 2026-03-06 09:36:52,205] Trial 158 finished with value: 0.07156721342150191 and parameters: {'sigma_noise': 0.2526319057765087, 'A_repulsion': 0.1956214605103803, 'gamma': 0.6663604767960413, 'sigma_update': 0.2751592140848097, 'eta_learning': 0.8879551406779055, 'sigma_boundary': 4.684232642715271, 'alpha': 0.5627558156197279}. Best is trial 153 with value: 0.01304282108603505.
[I 2026-03-06 09:37:23,463] Trial 164 finished with value: 0.018240050803028388 and parameters: {'sigma_noise': 0.2267101669122809, 'A_repulsion': 0.09196272914135753, 'gamma': 0.7124257113930736, 'sigma_update': 0.3244266798630671, 'eta_learning': 0.03188764272867957, 'sigma_boundary': 6.350039699810435, 'alpha': 0.7748790672192716}. Best is trial 153 with value: 0.01304282108603505.
[I 2026-03-06 09:37:24,860] Trial 162 finished with value: 0.020083423027462754 and parameters: {'sigma_noise': 0.2730827682989898, 'A_repulsion': 0.10624217518217167, 'gamma': 0.9559071830775199, 'sigma_update': 0.5460639902548543, 'eta_learning': 0.17783377800996256, 'sigma_boundary': 7.012963227373675, 'alpha': 0.9142605506760405}. Best is trial 153 with value: 0.01304282108603505.
[I 2026-03-06 09:38:19,124] Trial 159 finished with value: 0.11665943291507999 and parameters: {'sigma_noise': 0.3502548147435456, 'A_repulsion': 0.3260487147508074, 'gamma': 0.7189320986288625, 'sigma_update': 0.5168200624282353, 'eta_learning': 1.4501383061575222, 'sigma_boundary': 4.207373410636249, 'alpha': 0.7368223531866706}. Best is trial 153 with value: 0.01304282108603505.
[I 2026-03-06 09:38:33,403] Trial 161 finished with value: 0.027585032814070716 and parameters: {'sigma_noise': 0.282814406941861, 'A_repulsion': 0.2955421928534384, 'gamma': 0.7957644292579876, 'sigma_update': 0.5260817639647286, 'eta_learning': 0.5777118080907462, 'sigma_boundary': 4.737556829961312, 'alpha': 0.9077474736459844}. Best is trial 153 with value: 0.01304282108603505.
[I 2026-03-06 09:38:40,424] Trial 163 finished with value: 0.038986380816592336 and parameters: {'sigma_noise': 0.2666781453929617, 'A_repulsion': 0.2085935833643531, 'gamma': 0.8837806370646263, 'sigma_update': 0.4034103068808085, 'eta_learning': 0.8471205420586854, 'sigma_boundary': 4.917102767416848, 'alpha': 0.5882659375760809}. Best is trial 153 with value: 0.01304282108603505.
[I 2026-03-06 09:38:43,973] Trial 160 finished with value: 0.40901328832705763 and parameters: {'sigma_noise': 0.3456199574571845, 'A_repulsion': 0.24154048480392426, 'gamma': 0.4446119555465374, 'sigma_update': 0.4715747100677404, 'eta_learning': 0.916957000931054, 'sigma_boundary': 3.899361388256377, 'alpha': 0.5842343868349641}. Best is trial 153 with value: 0.01304282108603505.
[I 2026-03-06 09:40:25,074] Trial 165 finished with value: 0.10860357482245497 and parameters: {'sigma_noise': 0.2777718132387617, 'A_repulsion': 0.30431761798802975, 'gamma': 0.6217330508244625, 'sigma_update': 0.36837333787751664, 'eta_learning': 0.7809810033709985, 'sigma_boundary': 3.7366419210112007, 'alpha': 0.6062038665386091}. Best is trial 153 with value: 0.01304282108603505.
[I 2026-03-06 09:41:06,856] Trial 166 finished with value: 0.05897041308416975 and parameters: {'sigma_noise': 0.32293241461504485, 'A_repulsion': 0.2529506265310522, 'gamma': 0.8146233428301356, 'sigma_update': 0.28250045467246065, 'eta_learning': 1.084648436824178, 'sigma_boundary': 6.158647044955639, 'alpha': 0.6325893628810317}. Best is trial 153 with value: 0.01304282108603505.
[I 2026-03-06 09:41:10,346] Trial 167 finished with value: 0.053622210448676474 and parameters: {'sigma_noise': 0.2233810223001872, 'A_repulsion': 0.433813951643796, 'gamma': 0.6288781961613995, 'sigma_update': 0.34302811326498084, 'eta_learning': 1.5529961101837144, 'sigma_boundary': 6.608903814110577, 'alpha': 0.6301827533807787}. Best is trial 153 with value: 0.01304282108603505.
[I 2026-03-06 09:42:20,109] Trial 168 finished with value: 0.019567093061536436 and parameters: {'sigma_noise': 0.2610147319494219, 'A_repulsion': 0.20281469072338093, 'gamma': 0.8475854413282754, 'sigma_update': 0.3094375963748363, 'eta_learning': 0.1276695782108139, 'sigma_boundary': 5.67006600521814, 'alpha': 0.7435860039230575}. Best is trial 153 with value: 0.01304282108603505.
[I 2026-03-06 09:43:27,086] Trial 176 finished with value: 0.0401683633030631 and parameters: {'sigma_noise': 0.17927146109552478, 'A_repulsion': 0.040033434077950625, 'gamma': 0.9408178700708957, 'sigma_update': 0.3436769275623857, 'eta_learning': 0.20099897819614387, 'sigma_boundary': 5.285677754858047, 'alpha': 0.9536257955464736}. Best is trial 153 with value: 0.01304282108603505.
[I 2026-03-06 09:43:30,230] Trial 172 finished with value: 0.028128450105965878 and parameters: {'sigma_noise': 0.1879744779592351, 'A_repulsion': 0.21862401410986812, 'gamma': 0.8378920029522999, 'sigma_update': 0.35159639318534547, 'eta_learning': 0.06278383192153614, 'sigma_boundary': 5.659457023989935, 'alpha': 0.6097492005522646}. Best is trial 153 with value: 0.01304282108603505.
[I 2026-03-06 09:43:49,551] Trial 170 finished with value: 0.07556128118502443 and parameters: {'sigma_noise': 0.20739381500455645, 'A_repulsion': 0.33545387856379494, 'gamma': 0.49917085684718016, 'sigma_update': 0.41253067640941093, 'eta_learning': 1.6398643341667964, 'sigma_boundary': 5.656511084091089, 'alpha': 0.7109540898787}. Best is trial 153 with value: 0.01304282108603505.
[I 2026-03-06 09:43:53,336] Trial 169 finished with value: 0.03722747158152272 and parameters: {'sigma_noise': 0.3094851344116195, 'A_repulsion': 0.2527664261049831, 'gamma': 0.7788095952730527, 'sigma_update': 0.5080862294897379, 'eta_learning': 0.6625647856497304, 'sigma_boundary': 7.747048141357756, 'alpha': 0.796313410766877}. Best is trial 153 with value: 0.01304282108603505.
[I 2026-03-06 09:44:08,150] Trial 173 finished with value: 0.025568862803746983 and parameters: {'sigma_noise': 0.240661540705304, 'A_repulsion': 0.18646528130102918, 'gamma': 0.7074047273585626, 'sigma_update': 0.6617975177369364, 'eta_learning': 0.9267582048904116, 'sigma_boundary': 4.47442753487129, 'alpha': 0.8697884614202975}. Best is trial 153 with value: 0.01304282108603505.
[I 2026-03-06 09:44:33,502] Trial 171 finished with value: 0.3325335264317276 and parameters: {'sigma_noise': 0.38888660196963765, 'A_repulsion': 0.13381086566962488, 'gamma': 0.6929245412135644, 'sigma_update': 0.4673733978986014, 'eta_learning': 0.4190762014860921, 'sigma_boundary': 4.231631899196369, 'alpha': 0.5027076532531951}. Best is trial 153 with value: 0.01304282108603505.
[I 2026-03-06 09:45:22,689] Trial 174 finished with value: 0.07820261995342781 and parameters: {'sigma_noise': 0.22151111718056143, 'A_repulsion': 0.4099377581899318, 'gamma': 0.5070412745721357, 'sigma_update': 0.43258577990080493, 'eta_learning': 1.2962988889203515, 'sigma_boundary': 6.884162648849455, 'alpha': 0.7608527410754302}. Best is trial 153 with value: 0.01304282108603505.
[I 2026-03-06 09:45:24,143] Trial 184 finished with value: 0.06901112257323627 and parameters: {'sigma_noise': 0.10452726734162764, 'A_repulsion': 0.16101187581551488, 'gamma': 0.5893644165488556, 'sigma_update': 0.28375255467286864, 'eta_learning': 0.7944805438790741, 'sigma_boundary': 5.7573891162271265, 'alpha': 0.8929206338819995}. Best is trial 153 with value: 0.01304282108603505.
[I 2026-03-06 09:45:37,982] Trial 175 finished with value: 0.06277218973290771 and parameters: {'sigma_noise': 0.27462443098735706, 'A_repulsion': 0.2715464134067441, 'gamma': 0.6267372293964207, 'sigma_update': 0.17222968371406083, 'eta_learning': 1.0295476825100318, 'sigma_boundary': 6.740211716021242, 'alpha': 0.8742797436692693}. Best is trial 153 with value: 0.01304282108603505.
[I 2026-03-06 09:45:39,226] Trial 177 finished with value: 0.03908276225251516 and parameters: {'sigma_noise': 0.2491317061561134, 'A_repulsion': 0.25114920389153017, 'gamma': 0.6783319572198262, 'sigma_update': 0.2535682546047602, 'eta_learning': 1.095168741737684, 'sigma_boundary': 2.954674485803244, 'alpha': 0.8445003351077239}. Best is trial 153 with value: 0.01304282108603505.
[I 2026-03-06 09:45:48,841] Trial 180 finished with value: 0.03903139404461883 and parameters: {'sigma_noise': 0.16131189090859266, 'A_repulsion': 0.2425042109119092, 'gamma': 0.7728844792558645, 'sigma_update': 0.6171526975049948, 'eta_learning': 0.5604576844748342, 'sigma_boundary': 3.780935168146367, 'alpha': 0.8694503013559228}. Best is trial 153 with value: 0.01304282108603505.
[I 2026-03-06 09:46:24,739] Trial 179 finished with value: 0.10972962153038501 and parameters: {'sigma_noise': 0.3679156584777323, 'A_repulsion': 0.08814143494857409, 'gamma': 0.8121889339725663, 'sigma_update': 0.3721317653360372, 'eta_learning': 1.3815942268486843, 'sigma_boundary': 5.915071175988354, 'alpha': 0.6197352803557149}. Best is trial 153 with value: 0.01304282108603505.
[I 2026-03-06 09:46:29,699] Trial 178 finished with value: 0.05144834886736241 and parameters: {'sigma_noise': 0.32067005317538955, 'A_repulsion': 0.2232158990389859, 'gamma': 0.7855355932200504, 'sigma_update': 0.4206096295016598, 'eta_learning': 1.0258968294477306, 'sigma_boundary': 3.518334760081422, 'alpha': 0.7549295702867302}. Best is trial 153 with value: 0.01304282108603505.
[I 2026-03-06 09:46:38,094] Trial 181 finished with value: 0.3537944674466963 and parameters: {'sigma_noise': 0.29634064382245734, 'A_repulsion': 0.10979257530049481, 'gamma': 0.5381305796483381, 'sigma_update': 0.45551657309203186, 'eta_learning': 0.9076507781944139, 'sigma_boundary': 8.719164112005206, 'alpha': 0.5161826828560688}. Best is trial 153 with value: 0.01304282108603505.
[I 2026-03-06 09:47:08,745] Trial 187 finished with value: 0.03655744973574407 and parameters: {'sigma_noise': 0.18484840904247707, 'A_repulsion': 0.09380147825618686, 'gamma': 0.6156488781789605, 'sigma_update': 0.4435338463913689, 'eta_learning': 0.5392078757216331, 'sigma_boundary': 1.1818361023882569, 'alpha': 0.8443892183726535}. Best is trial 153 with value: 0.01304282108603505.
[I 2026-03-06 09:47:09,750] Trial 183 finished with value: 0.052799284532272735 and parameters: {'sigma_noise': 0.2825985032395725, 'A_repulsion': 0.1071457488488164, 'gamma': 0.841397507302674, 'sigma_update': 0.5164543170287903, 'eta_learning': 0.5627470255960048, 'sigma_boundary': 2.6208694408437196, 'alpha': 0.6557798801363806}. Best is trial 153 with value: 0.01304282108603505.
[I 2026-03-06 09:47:27,226] Trial 185 finished with value: 0.022615160507195906 and parameters: {'sigma_noise': 0.2942058917540787, 'A_repulsion': 0.02130979960230167, 'gamma': 0.9094853940204478, 'sigma_update': 0.5893343294946972, 'eta_learning': 0.996498500006587, 'sigma_boundary': 7.920481983761928, 'alpha': 0.8572703782696193}. Best is trial 153 with value: 0.01304282108603505.
[I 2026-03-06 09:47:28,317] Trial 188 finished with value: 0.036992447948103295 and parameters: {'sigma_noise': 0.16756995290505877, 'A_repulsion': 0.17234547538418366, 'gamma': 0.6177081296648924, 'sigma_update': 0.23716048910168702, 'eta_learning': 0.47370812574835874, 'sigma_boundary': 6.7903005022577805, 'alpha': 0.9144973913070267}. Best is trial 153 with value: 0.01304282108603505.
[I 2026-03-06 09:47:46,786] Trial 186 finished with value: 0.01943699004426272 and parameters: {'sigma_noise': 0.2604134538541483, 'A_repulsion': 0.12606103363395138, 'gamma': 0.8546527128472828, 'sigma_update': 0.42530268338651334, 'eta_learning': 0.13246012317683484, 'sigma_boundary': 4.901296489948736, 'alpha': 0.9213641728628161}. Best is trial 153 with value: 0.01304282108603505.
[I 2026-03-06 09:47:48,525] Trial 182 finished with value: 0.04225436990281532 and parameters: {'sigma_noise': 0.29498205288493157, 'A_repulsion': 0.3894782685029532, 'gamma': 0.8208203513575185, 'sigma_update': 0.5195188130894843, 'eta_learning': 0.7266276752504742, 'sigma_boundary': 3.7351466712290833, 'alpha': 0.6612770620168913}. Best is trial 153 with value: 0.01304282108603505.
[I 2026-03-06 09:48:41,687] Trial 189 finished with value: 0.027577560709209428 and parameters: {'sigma_noise': 0.3203613560576315, 'A_repulsion': 0.06129049518778182, 'gamma': 0.9820553291608577, 'sigma_update': 0.44713650306705266, 'eta_learning': 0.07721965540763769, 'sigma_boundary': 5.564485892187584, 'alpha': 0.8199603370639796}. Best is trial 153 with value: 0.01304282108603505.
[I 2026-03-06 09:49:04,750] Trial 192 finished with value: 0.0782400726241218 and parameters: {'sigma_noise': 0.1631541126935861, 'A_repulsion': 0.13030942997634806, 'gamma': 0.8481198672463364, 'sigma_update': 0.4781094265308155, 'eta_learning': 1.192754991217393, 'sigma_boundary': 6.808082750225316, 'alpha': 0.6176900674648722}. Best is trial 153 with value: 0.01304282108603505.
[I 2026-03-06 09:49:11,376] Trial 191 finished with value: 0.06531297412408281 and parameters: {'sigma_noise': 0.32162787796336356, 'A_repulsion': 0.06916393258581585, 'gamma': 0.7523832846004243, 'sigma_update': 0.3709098974941634, 'eta_learning': 0.935972593619074, 'sigma_boundary': 5.347895752582725, 'alpha': 0.773859455192181}. Best is trial 153 with value: 0.01304282108603505.
[I 2026-03-06 09:49:12,555] Trial 190 finished with value: 0.02279210545721742 and parameters: {'sigma_noise': 0.2407951372617681, 'A_repulsion': 0.20038422700722963, 'gamma': 0.7484979644639546, 'sigma_update': 0.4276053443223956, 'eta_learning': 1.4366974553087637, 'sigma_boundary': 6.06362879997348, 'alpha': 0.9549903932389319}. Best is trial 153 with value: 0.01304282108603505.
[I 2026-03-06 09:49:34,683] Trial 194 finished with value: 0.06197312353599309 and parameters: {'sigma_noise': 0.29482774960207503, 'A_repulsion': 0.03836518281308776, 'gamma': 0.7465823231303832, 'sigma_update': 0.13120631050727583, 'eta_learning': 0.10152794321740759, 'sigma_boundary': 3.8890127091634588, 'alpha': 0.26018974921587124}. Best is trial 153 with value: 0.01304282108603505.
