[I 2026-03-06 07:16:36,471] Trial 137 finished with value: 0.04355090873822589 and parameters: {'sigma_noise': 0.2279505875417604, 'A_repulsion': 0.22788079405028872, 'gamma': 0.699721461011679, 'sigma_update': 0.3338329682520897, 'eta_learning': 0.26780082774607955, 'sigma_boundary': 7.266944868786781, 'alpha': 0.664026428713514}. Best is trial 98 with value: 0.0268757579487303.
[I 2026-03-06 07:16:54,494] Trial 138 finished with value: 0.30103734668479554 and parameters: {'sigma_noise': 0.20102287997918855, 'A_repulsion': 0.2935259024688168, 'gamma': 0.6863074152789099, 'sigma_update': 0.038430159180452964, 'eta_learning': 0.8289366548966232, 'sigma_boundary': 2.938271328993709, 'alpha': 0.939327288492606}. Best is trial 98 with value: 0.0268757579487303.
[I 2026-03-06 07:17:07,758] Trial 143 finished with value: 0.017785122832609565 and parameters: {'sigma_noise': 0.21748714674685377, 'A_repulsion': 0.14352015458078127, 'gamma': 0.9458332516913349, 'sigma_update': 0.35160073010565845, 'eta_learning': 1.246536032977725, 'sigma_boundary': 8.176562256128259, 'alpha': 0.7878630975587453}. Best is trial 143 with value: 0.017785122832609565.
[I 2026-03-06 07:17:42,284] Trial 144 finished with value: 0.07338503885233741 and parameters: {'sigma_noise': 0.12088868803626716, 'A_repulsion': 0.3534769406796572, 'gamma': 0.8087187879586033, 'sigma_update': 0.2048849904457162, 'eta_learning': 0.5718124185026543, 'sigma_boundary': 4.640882479823758, 'alpha': 0.7053038859757925}. Best is trial 143 with value: 0.017785122832609565.
[I 2026-03-06 07:17:48,376] Trial 139 finished with value: 0.031739083860056846 and parameters: {'sigma_noise': 0.2864784858076063, 'A_repulsion': 0.2720374981248544, 'gamma': 0.8787603208468385, 'sigma_update': 0.4881141209300846, 'eta_learning': 0.992610586275102, 'sigma_boundary': 9.647554107141543, 'alpha': 0.8946372450375035}. Best is trial 143 with value: 0.017785122832609565.
[I 2026-03-06 07:18:38,099] Trial 142 finished with value: 0.09902103086517824 and parameters: {'sigma_noise': 0.2830513091423165, 'A_repulsion': 0.17272723622636288, 'gamma': 0.6678252824764326, 'sigma_update': 0.5176710370004992, 'eta_learning': 0.7135228190122873, 'sigma_boundary': 6.196484536148592, 'alpha': 0.7788133620719803}. Best is trial 143 with value: 0.017785122832609565.
[I 2026-03-06 07:19:48,713] Trial 146 finished with value: 0.14966035680630357 and parameters: {'sigma_noise': 0.10960877574512096, 'A_repulsion': 0.24959037505928594, 'gamma': 0.7374022456964753, 'sigma_update': 0.5069128279868791, 'eta_learning': 0.8891168732224553, 'sigma_boundary': 6.100385880951865, 'alpha': 0.5365243103830928}. Best is trial 143 with value: 0.017785122832609565.
[I 2026-03-06 07:21:59,279] Trial 149 finished with value: 0.07743843489879182 and parameters: {'sigma_noise': 0.10828952295098988, 'A_repulsion': 0.12794953914368706, 'gamma': 0.6598972128314984, 'sigma_update': 0.3445780391970954, 'eta_learning': 0.9977708855719652, 'sigma_boundary': 3.0953502181889796, 'alpha': 0.7393142266890581}. Best is trial 143 with value: 0.017785122832609565.
[I 2026-03-06 07:22:28,172] Trial 145 finished with value: 0.09443597225506978 and parameters: {'sigma_noise': 0.3223745274200795, 'A_repulsion': 0.29470127003336016, 'gamma': 0.6712606793740103, 'sigma_update': 0.294032495553672, 'eta_learning': 1.3804611166553145, 'sigma_boundary': 4.676998954785815, 'alpha': 0.7864095321862105}. Best is trial 143 with value: 0.017785122832609565.
[I 2026-03-06 07:22:51,284] Trial 147 finished with value: 0.03154154558206873 and parameters: {'sigma_noise': 0.16329208512424837, 'A_repulsion': 0.15807503599065537, 'gamma': 0.9299765257898588, 'sigma_update': 0.4522349575174214, 'eta_learning': 1.447720926931906, 'sigma_boundary': 6.795283154071287, 'alpha': 0.7631782889291175}. Best is trial 143 with value: 0.017785122832609565.
[I 2026-03-06 07:23:25,193] Trial 148 finished with value: 0.4559560267453015 and parameters: {'sigma_noise': 0.178759526835174, 'A_repulsion': 0.22014228691012, 'gamma': 0.9543208265932752, 'sigma_update': 0.40295389499303486, 'eta_learning': 2.009363044948643, 'sigma_boundary': 3.0880165250639786, 'alpha': 0.35454041718670604}. Best is trial 143 with value: 0.017785122832609565.
[I 2026-03-06 07:24:08,831] Trial 152 finished with value: 0.01681350363695286 and parameters: {'sigma_noise': 0.24195430601959755, 'A_repulsion': 0.05963990934626097, 'gamma': 0.8611545151193065, 'sigma_update': 0.5002964734482668, 'eta_learning': 0.733917683905391, 'sigma_boundary': 7.599947529237474, 'alpha': 0.9130490665735504}. Best is trial 152 with value: 0.01681350363695286.
[I 2026-03-06 07:24:17,331] Trial 151 finished with value: 0.25337089080072484 and parameters: {'sigma_noise': 0.15121756519209095, 'A_repulsion': 0.2534798637023508, 'gamma': 0.7032460595027216, 'sigma_update': 0.03174622835416374, 'eta_learning': 1.8135018161301444, 'sigma_boundary': 7.964537191754406, 'alpha': 0.743397351130762}. Best is trial 152 with value: 0.01681350363695286.
[I 2026-03-06 07:24:30,025] Trial 153 finished with value: 0.04971736217120826 and parameters: {'sigma_noise': 0.19196131295301222, 'A_repulsion': 0.14163790077572525, 'gamma': 0.8070275599941018, 'sigma_update': 0.49578941420039646, 'eta_learning': 1.3670139163368324, 'sigma_boundary': 6.131992165266271, 'alpha': 0.7206912618672154}. Best is trial 152 with value: 0.01681350363695286.
[I 2026-03-06 07:25:08,250] Trial 157 finished with value: 0.15396251999014698 and parameters: {'sigma_noise': 0.11372105256477211, 'A_repulsion': 0.34038591952443176, 'gamma': 0.5027540792303399, 'sigma_update': 0.37563404208107887, 'eta_learning': 1.5747622715432041, 'sigma_boundary': 4.260278985430027, 'alpha': 0.5234344318908676}. Best is trial 152 with value: 0.01681350363695286.
[I 2026-03-06 07:25:32,550] Trial 154 finished with value: 0.04329565796947149 and parameters: {'sigma_noise': 0.18455252507043218, 'A_repulsion': 0.24240229602074131, 'gamma': 0.7717218235971846, 'sigma_update': 0.33185480500194015, 'eta_learning': 1.3491193118537337, 'sigma_boundary': 6.770670998389263, 'alpha': 0.6719279314111035}. Best is trial 152 with value: 0.01681350363695286.
[I 2026-03-06 07:26:12,664] Trial 150 finished with value: 2.3568663476067844 and parameters: {'sigma_noise': 0.2711182997992866, 'A_repulsion': 0.28039358227989153, 'gamma': 0.802437283622635, 'sigma_update': 0.31746348717168194, 'eta_learning': 2.028258438744674, 'sigma_boundary': 6.98727223191361, 'alpha': 0.21342044572993957}. Best is trial 152 with value: 0.01681350363695286.
[I 2026-03-06 07:26:30,375] Trial 162 finished with value: 0.06808101742808793 and parameters: {'sigma_noise': 0.10356069278077806, 'A_repulsion': 0.23651616326157232, 'gamma': 0.7557489698322614, 'sigma_update': 0.37459711026567133, 'eta_learning': 1.1773169541065192, 'sigma_boundary': 2.9996028675141844, 'alpha': 0.7000482269380865}. Best is trial 152 with value: 0.01681350363695286.
[I 2026-03-06 07:26:47,472] Trial 156 finished with value: 0.047358864703983775 and parameters: {'sigma_noise': 0.16383261407385902, 'A_repulsion': 0.3838544130370255, 'gamma': 0.975182095217653, 'sigma_update': 0.24519695999756347, 'eta_learning': 1.2874889272983063, 'sigma_boundary': 2.2288929943084703, 'alpha': 0.4539584110698856}. Best is trial 152 with value: 0.01681350363695286.
[I 2026-03-06 07:26:47,753] Trial 160 finished with value: 0.051822638180932364 and parameters: {'sigma_noise': 0.18336692394521703, 'A_repulsion': 0.21172814125604186, 'gamma': 0.6905315771887345, 'sigma_update': 0.3136468753096992, 'eta_learning': 2.361080819899983, 'sigma_boundary': 4.28780631669513, 'alpha': 0.9639164101633998}. Best is trial 152 with value: 0.01681350363695286.
[I 2026-03-06 07:26:56,251] Trial 161 finished with value: 0.048711552110602456 and parameters: {'sigma_noise': 0.18071451075902129, 'A_repulsion': 0.2298564502904199, 'gamma': 0.7501694669001855, 'sigma_update': 0.28647570378467835, 'eta_learning': 0.6441698552796018, 'sigma_boundary': 8.040676821050004, 'alpha': 0.617557255007507}. Best is trial 152 with value: 0.01681350363695286.
[I 2026-03-06 07:27:21,923] Trial 155 finished with value: 0.02466830303455313 and parameters: {'sigma_noise': 0.2231301035845773, 'A_repulsion': 0.3123409768860358, 'gamma': 0.8824447645688105, 'sigma_update': 0.36952171436254566, 'eta_learning': 0.7186549747851645, 'sigma_boundary': 3.7209179013388547, 'alpha': 0.7302022010312779}. Best is trial 152 with value: 0.01681350363695286.
[I 2026-03-06 07:28:19,810] Trial 158 finished with value: 0.022345420863464895 and parameters: {'sigma_noise': 0.29537543340269484, 'A_repulsion': 0.22745846768642045, 'gamma': 0.9902165950786407, 'sigma_update': 0.2548597018323659, 'eta_learning': 1.4054295015607416, 'sigma_boundary': 8.41251345239369, 'alpha': 0.7457870804616921}. Best is trial 152 with value: 0.01681350363695286.
[I 2026-03-06 07:28:50,847] Trial 159 finished with value: 0.12122720290236691 and parameters: {'sigma_noise': 0.31175978969156903, 'A_repulsion': 0.29567588394747396, 'gamma': 0.5001883701652657, 'sigma_update': 0.15365481940371342, 'eta_learning': 0.1244102808926963, 'sigma_boundary': 4.419787227603508, 'alpha': 0.7716166035727585}. Best is trial 152 with value: 0.01681350363695286.
[I 2026-03-06 07:28:52,538] Trial 165 finished with value: 0.09201564068293515 and parameters: {'sigma_noise': 0.12493146543204228, 'A_repulsion': 0.3363070788703969, 'gamma': 0.9079955962958808, 'sigma_update': 0.1662205640909204, 'eta_learning': 0.7501635686003818, 'sigma_boundary': 3.6477681282030354, 'alpha': 0.9089141938504989}. Best is trial 152 with value: 0.01681350363695286.
[I 2026-03-06 07:29:51,996] Trial 168 finished with value: 0.02226000288596967 and parameters: {'sigma_noise': 0.20777721681455313, 'A_repulsion': 0.10627723563245318, 'gamma': 0.9257542532441193, 'sigma_update': 0.4105698519674575, 'eta_learning': 0.11965579306709612, 'sigma_boundary': 7.617924869719434, 'alpha': 0.9762864948249849}. Best is trial 152 with value: 0.01681350363695286.
[I 2026-03-06 07:30:05,000] Trial 167 finished with value: 0.04093259406765043 and parameters: {'sigma_noise': 0.19769707444573242, 'A_repulsion': 0.2560842887696998, 'gamma': 0.7402292037200106, 'sigma_update': 0.5222845575145922, 'eta_learning': 0.1377759645721732, 'sigma_boundary': 7.451908545451149, 'alpha': 0.9577815011140319}. Best is trial 152 with value: 0.01681350363695286.
[I 2026-03-06 07:30:07,553] Trial 166 finished with value: 0.021253557481448006 and parameters: {'sigma_noise': 0.19438269635302519, 'A_repulsion': 0.2209192010289273, 'gamma': 0.9140378519087671, 'sigma_update': 0.5326195007187742, 'eta_learning': 0.6987830720369377, 'sigma_boundary': 6.434907934385827, 'alpha': 0.886200400260518}. Best is trial 152 with value: 0.01681350363695286.
[I 2026-03-06 07:30:36,329] Trial 163 finished with value: 0.2959143139073138 and parameters: {'sigma_noise': 0.38395182833446007, 'A_repulsion': 0.08957590323649361, 'gamma': 0.5743337868548248, 'sigma_update': 0.44071559183912007, 'eta_learning': 1.2666466339223121, 'sigma_boundary': 1.1827225261205052, 'alpha': 0.6818271975107368}. Best is trial 152 with value: 0.01681350363695286.
[I 2026-03-06 07:31:30,130] Trial 164 finished with value: 0.04886710497343551 and parameters: {'sigma_noise': 0.22572006036265452, 'A_repulsion': 0.4912449688859257, 'gamma': 0.7349800601756044, 'sigma_update': 0.6481718182683037, 'eta_learning': 0.7099042199014437, 'sigma_boundary': 6.660560641189509, 'alpha': 0.8835265727973554}. Best is trial 152 with value: 0.01681350363695286.
[I 2026-03-06 07:33:00,115] Trial 170 finished with value: 0.036371968684926856 and parameters: {'sigma_noise': 0.15138337010595704, 'A_repulsion': 0.1625237850310473, 'gamma': 0.8935856909556623, 'sigma_update': 0.3257143219650513, 'eta_learning': 1.9417185057057553, 'sigma_boundary': 4.56004972945117, 'alpha': 0.8052740680701063}. Best is trial 152 with value: 0.01681350363695286.
[I 2026-03-06 07:33:20,872] Trial 169 finished with value: 0.10011172652116929 and parameters: {'sigma_noise': 0.34194732092022784, 'A_repulsion': 0.13647682932892993, 'gamma': 0.7144354885427348, 'sigma_update': 0.4065591162683605, 'eta_learning': 1.227359060939544, 'sigma_boundary': 3.8243363038712914, 'alpha': 0.8302613204867112}. Best is trial 152 with value: 0.01681350363695286.
[I 2026-03-06 07:34:42,398] Trial 171 finished with value: 0.10321456913602688 and parameters: {'sigma_noise': 0.3033987798869291, 'A_repulsion': 0.08630388619566139, 'gamma': 0.4170923458733356, 'sigma_update': 0.2697188316078366, 'eta_learning': 0.5987921643915056, 'sigma_boundary': 6.7762741625585745, 'alpha': 0.9803286588736689}. Best is trial 152 with value: 0.01681350363695286.
[I 2026-03-06 07:35:08,322] Trial 174 finished with value: 0.07360926924638461 and parameters: {'sigma_noise': 0.26973022447602096, 'A_repulsion': 0.01273590034547041, 'gamma': 0.623837181164023, 'sigma_update': 0.31803225183322104, 'eta_learning': 0.5860600057511514, 'sigma_boundary': 6.439783641294958, 'alpha': 0.8394197574104137}. Best is trial 152 with value: 0.01681350363695286.
[I 2026-03-06 07:35:21,512] Trial 176 finished with value: 0.07035898968680046 and parameters: {'sigma_noise': 0.1421715283946916, 'A_repulsion': 0.19111087312060338, 'gamma': 0.6844293792825307, 'sigma_update': 0.30432443799749587, 'eta_learning': 1.2716240958711167, 'sigma_boundary': 8.938819353241493, 'alpha': 0.6092825772040407}. Best is trial 152 with value: 0.01681350363695286.
[I 2026-03-06 07:36:07,339] Trial 175 finished with value: 0.0315723684456834 and parameters: {'sigma_noise': 0.28945296867449516, 'A_repulsion': 0.05714671681785857, 'gamma': 0.7806655862650813, 'sigma_update': 0.5626179746729966, 'eta_learning': 0.5085735794821347, 'sigma_boundary': 4.871639170811266, 'alpha': 0.9375164867135067}. Best is trial 152 with value: 0.01681350363695286.
[I 2026-03-06 07:36:23,455] Trial 172 finished with value: 0.03259590456249155 and parameters: {'sigma_noise': 0.2710094242332414, 'A_repulsion': 0.22438093010573937, 'gamma': 0.7777684483422341, 'sigma_update': 0.5584046631888864, 'eta_learning': 0.4852285220003176, 'sigma_boundary': 4.855766343044434, 'alpha': 0.9454149771948157}. Best is trial 152 with value: 0.01681350363695286.
[I 2026-03-06 07:36:32,456] Trial 182 finished with value: 0.1253934900967879 and parameters: {'sigma_noise': 0.05893078518042941, 'A_repulsion': 0.20890989475070157, 'gamma': 0.872702927239699, 'sigma_update': 0.5486515185259786, 'eta_learning': 0.7699652299070783, 'sigma_boundary': 8.606048841523066, 'alpha': 0.936576463075228}. Best is trial 152 with value: 0.01681350363695286.
[I 2026-03-06 07:36:41,460] Trial 173 finished with value: 0.28382413413019464 and parameters: {'sigma_noise': 0.14205923792840777, 'A_repulsion': 0.48936897615540564, 'gamma': 0.5083839017050386, 'sigma_update': 0.6799129606124327, 'eta_learning': 1.7228641621599914, 'sigma_boundary': 6.493364595107285, 'alpha': 0.645098111714202}. Best is trial 152 with value: 0.01681350363695286.
[I 2026-03-06 07:37:14,887] Trial 180 finished with value: 0.07677809205154572 and parameters: {'sigma_noise': 0.13382107947021732, 'A_repulsion': 0.1879469544280362, 'gamma': 0.5792915809553959, 'sigma_update': 0.2747285563280625, 'eta_learning': 0.6506330572821647, 'sigma_boundary': 7.8808845645784, 'alpha': 0.9440966698609432}. Best is trial 152 with value: 0.01681350363695286.
[I 2026-03-06 07:37:31,677] Trial 178 finished with value: 0.06178299698281868 and parameters: {'sigma_noise': 0.16997273521689696, 'A_repulsion': 0.29425307787477484, 'gamma': 0.6459621000450536, 'sigma_update': 0.3605780058943825, 'eta_learning': 0.8224119378689468, 'sigma_boundary': 6.3217648677943865, 'alpha': 0.8825331813462803}. Best is trial 152 with value: 0.01681350363695286.
[I 2026-03-06 07:38:45,160] Trial 177 finished with value: 0.04595183295374197 and parameters: {'sigma_noise': 0.28924153141761483, 'A_repulsion': 0.23860448955914934, 'gamma': 0.7762559793741972, 'sigma_update': 0.3472303099105494, 'eta_learning': 1.9924330097476997, 'sigma_boundary': 8.849601244596364, 'alpha': 0.8461375282017144}. Best is trial 152 with value: 0.01681350363695286.
[I 2026-03-06 07:39:11,456] Trial 179 finished with value: 0.11072978693405364 and parameters: {'sigma_noise': 0.3040715267232847, 'A_repulsion': 0.2290651504755132, 'gamma': 0.5419141408966434, 'sigma_update': 0.16393570356453852, 'eta_learning': 1.1748721368910209, 'sigma_boundary': 8.013162964922326, 'alpha': 0.8508416891569253}. Best is trial 152 with value: 0.01681350363695286.
[I 2026-03-06 07:39:17,960] Trial 181 finished with value: 0.08188865036350504 and parameters: {'sigma_noise': 0.2604906029316849, 'A_repulsion': 0.19411494397364223, 'gamma': 0.627478747669507, 'sigma_update': 0.5063511435373086, 'eta_learning': 0.2626254387142738, 'sigma_boundary': 5.086945818726478, 'alpha': 0.7977730964417397}. Best is trial 152 with value: 0.01681350363695286.
[I 2026-03-06 07:39:24,160] Trial 183 finished with value: 0.08397157269768013 and parameters: {'sigma_noise': 0.2415127920255588, 'A_repulsion': 0.24972389327119857, 'gamma': 0.529118557887493, 'sigma_update': 0.3290693862619389, 'eta_learning': 0.5565345351874781, 'sigma_boundary': 6.514740419901059, 'alpha': 0.7238738197497694}. Best is trial 152 with value: 0.01681350363695286.
[I 2026-03-06 07:39:27,951] Trial 187 finished with value: 0.06602620298464111 and parameters: {'sigma_noise': 0.17167245413321208, 'A_repulsion': 0.18885438571149687, 'gamma': 0.5056698520855896, 'sigma_update': 0.2918425315622266, 'eta_learning': 0.3021387189214616, 'sigma_boundary': 4.989356368453778, 'alpha': 0.9454832814107575}. Best is trial 152 with value: 0.01681350363695286.
[I 2026-03-06 07:40:08,831] Trial 190 finished with value: 0.041203958597846826 and parameters: {'sigma_noise': 0.23264417514141644, 'A_repulsion': 0.02973531646663008, 'gamma': 0.993489968361061, 'sigma_update': 0.48574375151079574, 'eta_learning': 1.3690066131089527, 'sigma_boundary': 9.469477058220633, 'alpha': 0.7390200790117167}. Best is trial 152 with value: 0.01681350363695286.
[I 2026-03-06 07:40:38,783] Trial 184 finished with value: 0.14700502912834484 and parameters: {'sigma_noise': 0.3812358460009871, 'A_repulsion': 0.27391884871466, 'gamma': 0.6119716735051336, 'sigma_update': 0.34790176674747286, 'eta_learning': 0.8372608269149399, 'sigma_boundary': 5.18891207445905, 'alpha': 0.8343385940271756}. Best is trial 152 with value: 0.01681350363695286.
[I 2026-03-06 07:40:42,720] Trial 191 finished with value: 0.04815552638195704 and parameters: {'sigma_noise': 0.14333811225644927, 'A_repulsion': 0.2698959729907528, 'gamma': 0.8330010935065116, 'sigma_update': 0.3283572771462243, 'eta_learning': 1.445223696505984, 'sigma_boundary': 7.529361487119762, 'alpha': 0.7634062113370629}. Best is trial 152 with value: 0.01681350363695286.
[I 2026-03-06 07:40:58,328] Trial 185 finished with value: 0.22588545815085834 and parameters: {'sigma_noise': 0.3266609594058335, 'A_repulsion': 0.2318982822170098, 'gamma': 0.4785436662903168, 'sigma_update': 0.55728095083089, 'eta_learning': 0.16206589041983133, 'sigma_boundary': 6.08633791436994, 'alpha': 0.9364066074201576}. Best is trial 152 with value: 0.01681350363695286.
[I 2026-03-06 07:41:06,212] Trial 186 finished with value: 0.02348652975464157 and parameters: {'sigma_noise': 0.29898669542727363, 'A_repulsion': 0.25781756306434767, 'gamma': 0.9865403333288867, 'sigma_update': 0.5135226575709061, 'eta_learning': 0.8210285544940923, 'sigma_boundary': 8.008836651496225, 'alpha': 0.7430960015336864}. Best is trial 152 with value: 0.01681350363695286.
[I 2026-03-06 07:41:06,556] Trial 192 finished with value: 0.019251260105092385 and parameters: {'sigma_noise': 0.24224322942398796, 'A_repulsion': 0.022056202701060457, 'gamma': 0.8510525476092659, 'sigma_update': 0.41521054919829403, 'eta_learning': 1.1426033711037131, 'sigma_boundary': 8.800243479398745, 'alpha': 0.9255773375485534}. Best is trial 152 with value: 0.01681350363695286.
[I 2026-03-06 07:41:24,445] Trial 188 finished with value: 0.04771111252883283 and parameters: {'sigma_noise': 0.2928161203221484, 'A_repulsion': 0.1896705608459384, 'gamma': 0.7604780722719372, 'sigma_update': 0.3586654844668177, 'eta_learning': 2.7504824407058903, 'sigma_boundary': 4.7317249310686655, 'alpha': 0.9481843438724695}. Best is trial 152 with value: 0.01681350363695286.
[I 2026-03-06 07:41:39,339] Trial 189 finished with value: 0.11087837735211171 and parameters: {'sigma_noise': 0.24501306061128997, 'A_repulsion': 0.2930835688286888, 'gamma': 0.8635829635231101, 'sigma_update': 0.41674768920384375, 'eta_learning': 0.31265471991598665, 'sigma_boundary': 7.828425292398593, 'alpha': 0.4402952239532299}. Best is trial 152 with value: 0.01681350363695286.
[I 2026-03-06 07:41:39,671] Trial 193 finished with value: 0.03919615641519072 and parameters: {'sigma_noise': 0.2023789200751595, 'A_repulsion': 0.09213712286406812, 'gamma': 0.9121359714519592, 'sigma_update': 0.5432752746507685, 'eta_learning': 0.3518798355402875, 'sigma_boundary': 6.9113026578598635, 'alpha': 0.6522004008054001}. Best is trial 152 with value: 0.01681350363695286.
[I 2026-03-06 07:41:51,473] Trial 195 finished with value: 0.03026001917946101 and parameters: {'sigma_noise': 0.1608531875520335, 'A_repulsion': 0.05733336071341455, 'gamma': 0.9291405365425242, 'sigma_update': 0.38597244134364167, 'eta_learning': 0.3747536056781992, 'sigma_boundary': 7.852435746032423, 'alpha': 0.949328453469194}. Best is trial 152 with value: 0.01681350363695286.
