[I 2026-03-06 06:48:29,211] Trial 83 finished with value: 0.04886206909827981 and parameters: {'sigma_noise': 0.23318483013398922, 'A_repulsion': 0.1961105746134043, 'gamma': 0.6776713221270106, 'sigma_update': 0.2837317444373613, 'eta_learning': 1.415459719910509, 'sigma_boundary': 5.070615656918298, 'alpha': 0.7853429693966122}. Best is trial 4 with value: 0.040042802347178726.
[I 2026-03-06 06:48:49,899] Trial 84 finished with value: 1.803894267828908 and parameters: {'sigma_noise': 0.18768826295619684, 'A_repulsion': 0.2540689206452363, 'gamma': 0.3696865673650586, 'sigma_update': 0.21327057246505632, 'eta_learning': 0.6385778293925862, 'sigma_boundary': 3.564953971248405, 'alpha': 0.13960742632685624}. Best is trial 4 with value: 0.040042802347178726.
[I 2026-03-06 06:48:58,413] Trial 82 finished with value: 0.08633345979968474 and parameters: {'sigma_noise': 0.19548610739524025, 'A_repulsion': 0.28112719219883325, 'gamma': 0.4679205729827681, 'sigma_update': 0.11406881667041877, 'eta_learning': 1.899485937664396, 'sigma_boundary': 6.400774001379553, 'alpha': 0.4540604587428049}. Best is trial 4 with value: 0.040042802347178726.
[I 2026-03-06 06:49:22,317] Trial 88 finished with value: 0.07678568542569425 and parameters: {'sigma_noise': 0.11913640662888281, 'A_repulsion': 0.334138274101556, 'gamma': 0.6929114796818855, 'sigma_update': 0.29883485887228417, 'eta_learning': 1.3883808952699108, 'sigma_boundary': 1.728753110064624, 'alpha': 0.7168101872956811}. Best is trial 4 with value: 0.040042802347178726.
[I 2026-03-06 06:49:50,651] Trial 91 finished with value: 0.05442076354665051 and parameters: {'sigma_noise': 0.1525987848471697, 'A_repulsion': 0.10137803004104556, 'gamma': 0.7715257077683886, 'sigma_update': 0.4238109726224255, 'eta_learning': 1.4932246898896329, 'sigma_boundary': 6.022278128162238, 'alpha': 0.7399879281834931}. Best is trial 4 with value: 0.040042802347178726.
[I 2026-03-06 06:50:08,896] Trial 89 finished with value: 0.32380396800209454 and parameters: {'sigma_noise': 0.19061565233001487, 'A_repulsion': 0.16592785060978232, 'gamma': 0.9600846363841291, 'sigma_update': 0.3459730884681719, 'eta_learning': 1.060607967146361, 'sigma_boundary': 4.1886892709364085, 'alpha': 0.36517365627712084}. Best is trial 4 with value: 0.040042802347178726.
[I 2026-03-06 06:50:24,789] Trial 85 finished with value: 0.0599572926348272 and parameters: {'sigma_noise': 0.26070115076108014, 'A_repulsion': 0.2431669563733134, 'gamma': 0.7002327850703205, 'sigma_update': 0.2636972329961485, 'eta_learning': 0.9641518778148128, 'sigma_boundary': 3.900286679754833, 'alpha': 0.6980397168843924}. Best is trial 4 with value: 0.040042802347178726.
[I 2026-03-06 06:50:30,944] Trial 90 finished with value: 0.07304941565632217 and parameters: {'sigma_noise': 0.13447757422834744, 'A_repulsion': 0.3253739499719398, 'gamma': 0.6227811415443583, 'sigma_update': 0.2092198696219149, 'eta_learning': 1.5317776977797262, 'sigma_boundary': 3.373312894642407, 'alpha': 0.6386760273254638}. Best is trial 4 with value: 0.040042802347178726.
[I 2026-03-06 06:50:46,348] Trial 93 finished with value: 0.04415606938465607 and parameters: {'sigma_noise': 0.1479186484031308, 'A_repulsion': 0.18329351331458144, 'gamma': 0.909455189401723, 'sigma_update': 0.2388529871296758, 'eta_learning': 0.8644755766870504, 'sigma_boundary': 6.732905010168108, 'alpha': 0.8636593385609929}. Best is trial 4 with value: 0.040042802347178726.
[I 2026-03-06 06:51:11,924] Trial 87 finished with value: 0.10788660251487456 and parameters: {'sigma_noise': 0.24001845372080355, 'A_repulsion': 0.26193877877081706, 'gamma': 0.7076913161030531, 'sigma_update': 0.3442377559235312, 'eta_learning': 1.515784376115469, 'sigma_boundary': 6.4384924422201815, 'alpha': 0.5673214174562304}. Best is trial 4 with value: 0.040042802347178726.
[I 2026-03-06 06:51:39,207] Trial 86 finished with value: 0.09203708062989799 and parameters: {'sigma_noise': 0.27388261658562535, 'A_repulsion': 0.3350409716297672, 'gamma': 0.38171298108260754, 'sigma_update': 0.23100809434308653, 'eta_learning': 1.7625427535606122, 'sigma_boundary': 3.2670932658839846, 'alpha': 0.7137396208305048}. Best is trial 4 with value: 0.040042802347178726.
[I 2026-03-06 06:51:58,749] Trial 92 finished with value: 1.2671451927931296 and parameters: {'sigma_noise': 0.20397066388200685, 'A_repulsion': 0.22947236187598224, 'gamma': 0.6617015155797036, 'sigma_update': 0.0777872253318318, 'eta_learning': 1.8656741620889512, 'sigma_boundary': 4.680921798705271, 'alpha': 0.2777125378673056}. Best is trial 4 with value: 0.040042802347178726.
[I 2026-03-06 06:51:59,556] Trial 95 finished with value: 0.1152300990194685 and parameters: {'sigma_noise': 0.13748294149300533, 'A_repulsion': 0.3157625833797837, 'gamma': 0.6860162934987739, 'sigma_update': 0.06246925282400605, 'eta_learning': 1.364813241833959, 'sigma_boundary': 2.5497285208062257, 'alpha': 0.7287037505538239}. Best is trial 4 with value: 0.040042802347178726.
[I 2026-03-06 06:52:20,490] Trial 94 finished with value: 0.5824927859602258 and parameters: {'sigma_noise': 0.24257113838277572, 'A_repulsion': 0.12767754265307762, 'gamma': 0.5518051533570103, 'sigma_update': 0.02473420599083228, 'eta_learning': 2.332421847466994, 'sigma_boundary': 3.595182348263355, 'alpha': 0.5049840002710129}. Best is trial 4 with value: 0.040042802347178726.
[I 2026-03-06 06:56:19,512] Trial 97 finished with value: 0.16741640623455917 and parameters: {'sigma_noise': 0.15175242097270103, 'A_repulsion': 0.24134757942746518, 'gamma': 0.7878361817603254, 'sigma_update': 0.04046912953678351, 'eta_learning': 1.7374123997732407, 'sigma_boundary': 3.9914974571713855, 'alpha': 0.543916726964315}. Best is trial 4 with value: 0.040042802347178726.
[I 2026-03-06 06:56:53,910] Trial 96 finished with value: 0.27546211599293013 and parameters: {'sigma_noise': 0.19286807495981562, 'A_repulsion': 0.3201928503731239, 'gamma': 0.5289736588656591, 'sigma_update': 0.04070305705879848, 'eta_learning': 1.8047877428297514, 'sigma_boundary': 4.552037340255156, 'alpha': 0.47457962498727674}. Best is trial 4 with value: 0.040042802347178726.
[I 2026-03-06 06:57:42,579] Trial 99 finished with value: 0.08519902194995387 and parameters: {'sigma_noise': 0.1761567308803993, 'A_repulsion': 0.18793351493688432, 'gamma': 0.45461262402003116, 'sigma_update': 0.2846867943599127, 'eta_learning': 2.2328410767096534, 'sigma_boundary': 3.9250095554861506, 'alpha': 0.6570463414345741}. Best is trial 4 with value: 0.040042802347178726.
[I 2026-03-06 06:58:53,465] Trial 98 finished with value: 0.0268757579487303 and parameters: {'sigma_noise': 0.21979041764227747, 'A_repulsion': 0.27281532254861174, 'gamma': 0.9636228544281676, 'sigma_update': 0.12720554442464313, 'eta_learning': 2.595485660677199, 'sigma_boundary': 0.411744878397422, 'alpha': 0.43426771838284567}. Best is trial 98 with value: 0.0268757579487303.
[I 2026-03-06 06:59:01,859] Trial 102 finished with value: 0.05568994844005528 and parameters: {'sigma_noise': 0.19200305932405026, 'A_repulsion': 0.1737993526484804, 'gamma': 0.5922311940016269, 'sigma_update': 0.18517172749426528, 'eta_learning': 1.3069863043080607, 'sigma_boundary': 3.9529418347724947, 'alpha': 0.7430416670804251}. Best is trial 98 with value: 0.0268757579487303.
[I 2026-03-06 06:59:38,903] Trial 107 finished with value: 0.06936372357702575 and parameters: {'sigma_noise': 0.13086008135395988, 'A_repulsion': 0.1445270230655754, 'gamma': 0.6324395827074832, 'sigma_update': 0.23113470176557474, 'eta_learning': 1.9285616688072613, 'sigma_boundary': 3.033859064243251, 'alpha': 0.6095498394840078}. Best is trial 98 with value: 0.0268757579487303.
[I 2026-03-06 06:59:41,539] Trial 105 finished with value: 0.039910531770273525 and parameters: {'sigma_noise': 0.21781208703154487, 'A_repulsion': 0.10772649956843564, 'gamma': 0.8261943519977659, 'sigma_update': 0.13888692906201602, 'eta_learning': 1.900556698581257, 'sigma_boundary': 1.8920713444616135, 'alpha': 0.8535394400782425}. Best is trial 98 with value: 0.0268757579487303.
[I 2026-03-06 06:59:56,092] Trial 103 finished with value: 0.03557211795949608 and parameters: {'sigma_noise': 0.16612349821059397, 'A_repulsion': 0.2869792833492422, 'gamma': 0.8602942041200768, 'sigma_update': 0.39567549574363886, 'eta_learning': 1.7940611333078424, 'sigma_boundary': 1.293712298541775, 'alpha': 0.6417716852364094}. Best is trial 98 with value: 0.0268757579487303.
[I 2026-03-06 07:00:04,547] Trial 101 finished with value: 0.05421121388250914 and parameters: {'sigma_noise': 0.2326481831483505, 'A_repulsion': 0.223788500391568, 'gamma': 0.6852883087168878, 'sigma_update': 0.1862250784981645, 'eta_learning': 1.3583961695622093, 'sigma_boundary': 5.165404643625055, 'alpha': 0.7944079423789221}. Best is trial 98 with value: 0.0268757579487303.
[I 2026-03-06 07:00:27,337] Trial 106 finished with value: 0.08321255294737595 and parameters: {'sigma_noise': 0.15285725214232587, 'A_repulsion': 0.2674412189317299, 'gamma': 0.5375284225619491, 'sigma_update': 0.09498340590607418, 'eta_learning': 1.5923083331217414, 'sigma_boundary': 1.5590005144597618, 'alpha': 0.6385300903795119}. Best is trial 98 with value: 0.0268757579487303.
[I 2026-03-06 07:00:37,310] Trial 100 finished with value: 0.21964219058096213 and parameters: {'sigma_noise': 0.25192791377017315, 'A_repulsion': 0.33478950818099656, 'gamma': 0.6669835744172038, 'sigma_update': 0.27460879540846556, 'eta_learning': 1.2582246195105788, 'sigma_boundary': 0.8774415427371794, 'alpha': 0.4061735753592229}. Best is trial 98 with value: 0.0268757579487303.
[I 2026-03-06 07:01:11,742] Trial 111 finished with value: 0.06961089530838899 and parameters: {'sigma_noise': 0.1511290541168673, 'A_repulsion': 0.1688493255473598, 'gamma': 0.4854115149168561, 'sigma_update': 0.18413314868756148, 'eta_learning': 1.011475389039227, 'sigma_boundary': 4.015024759845081, 'alpha': 0.8424562845542238}. Best is trial 98 with value: 0.0268757579487303.
[I 2026-03-06 07:02:02,822] Trial 104 finished with value: 0.4699621862999521 and parameters: {'sigma_noise': 0.24303565017922524, 'A_repulsion': 0.2807800703193222, 'gamma': 0.7224452103599444, 'sigma_update': 0.18197158242163872, 'eta_learning': 1.983430920925994, 'sigma_boundary': 2.746886687659584, 'alpha': 0.3847921827589237}. Best is trial 98 with value: 0.0268757579487303.
[I 2026-03-06 07:02:07,856] Trial 113 finished with value: 0.058671589634552664 and parameters: {'sigma_noise': 0.1632007124901001, 'A_repulsion': 0.23734094667722988, 'gamma': 0.5922562543619863, 'sigma_update': 0.16942394464067506, 'eta_learning': 1.3231926818316528, 'sigma_boundary': 2.3221029174778707, 'alpha': 0.7142029847307105}. Best is trial 98 with value: 0.0268757579487303.
[I 2026-03-06 07:02:20,866] Trial 108 finished with value: 0.03448002464204165 and parameters: {'sigma_noise': 0.1808717874851254, 'A_repulsion': 0.34962547891838835, 'gamma': 0.8901400313904461, 'sigma_update': 0.2625005544783977, 'eta_learning': 1.7233571888059425, 'sigma_boundary': 2.673311581833647, 'alpha': 0.6880742180855555}. Best is trial 98 with value: 0.0268757579487303.
[I 2026-03-06 07:02:25,550] Trial 115 finished with value: 0.06513292268687904 and parameters: {'sigma_noise': 0.129400257038369, 'A_repulsion': 0.25470646498653554, 'gamma': 0.9178179122524811, 'sigma_update': 0.07665978390488462, 'eta_learning': 2.092470302189608, 'sigma_boundary': 2.7647186650152564, 'alpha': 0.6675083958334915}. Best is trial 98 with value: 0.0268757579487303.
[I 2026-03-06 07:02:54,750] Trial 110 finished with value: 0.08786135977244923 and parameters: {'sigma_noise': 0.15063137494525242, 'A_repulsion': 0.38672233858168237, 'gamma': 0.761855377959104, 'sigma_update': 0.07865361607237378, 'eta_learning': 1.428217307836144, 'sigma_boundary': 2.562581386776916, 'alpha': 0.7352801146862815}. Best is trial 98 with value: 0.0268757579487303.
[I 2026-03-06 07:03:19,806] Trial 112 finished with value: 1.35198357099971 and parameters: {'sigma_noise': 0.2044844771912006, 'A_repulsion': 0.26780382501781025, 'gamma': 0.46553419871568996, 'sigma_update': 0.36434363247758655, 'eta_learning': 1.6950281060841876, 'sigma_boundary': 6.132035651728357, 'alpha': 0.25827792176983994}. Best is trial 98 with value: 0.0268757579487303.
[I 2026-03-06 07:03:24,817] Trial 116 finished with value: 0.10294883371901284 and parameters: {'sigma_noise': 0.11938609035406078, 'A_repulsion': 0.363168021771457, 'gamma': 0.653495515734305, 'sigma_update': 0.12070921278499867, 'eta_learning': 1.9223110371561822, 'sigma_boundary': 3.976038838199281, 'alpha': 0.7288991941192334}. Best is trial 98 with value: 0.0268757579487303.
[I 2026-03-06 07:03:30,632] Trial 114 finished with value: 0.4327983348870741 and parameters: {'sigma_noise': 0.1669018439915793, 'A_repulsion': 0.31517048327955377, 'gamma': 0.7586292544551227, 'sigma_update': 0.03589738362932671, 'eta_learning': 2.11549271788163, 'sigma_boundary': 5.159633568735051, 'alpha': 0.4517096289830127}. Best is trial 98 with value: 0.0268757579487303.
[I 2026-03-06 07:03:46,061] Trial 118 finished with value: 0.06995783267033842 and parameters: {'sigma_noise': 0.23547316016383502, 'A_repulsion': 0.12540238059222963, 'gamma': 0.3528163914085539, 'sigma_update': 0.23919592773802945, 'eta_learning': 1.1230212019454333, 'sigma_boundary': 5.65363426867637, 'alpha': 0.899154680153411}. Best is trial 98 with value: 0.0268757579487303.
[I 2026-03-06 07:03:49,682] Trial 109 finished with value: 0.08488601257441697 and parameters: {'sigma_noise': 0.2528973908565301, 'A_repulsion': 0.3616994036855044, 'gamma': 0.6537886455217861, 'sigma_update': 0.17602722008577348, 'eta_learning': 2.0480366003664368, 'sigma_boundary': 3.550623810530125, 'alpha': 0.8164439019040318}. Best is trial 98 with value: 0.0268757579487303.
[I 2026-03-06 07:05:07,782] Trial 119 finished with value: 0.028234224782019 and parameters: {'sigma_noise': 0.2215409926726672, 'A_repulsion': 0.22771297752461572, 'gamma': 0.9796007035986182, 'sigma_update': 0.29073921870865366, 'eta_learning': 1.1516774721513086, 'sigma_boundary': 3.66955999483821, 'alpha': 0.8623025426937512}. Best is trial 98 with value: 0.0268757579487303.
[I 2026-03-06 07:05:12,176] Trial 120 finished with value: 0.10348545195068168 and parameters: {'sigma_noise': 0.07583041213485375, 'A_repulsion': 0.0011520733445753717, 'gamma': 0.5969873752065543, 'sigma_update': 0.4714859158718845, 'eta_learning': 0.7247826777561214, 'sigma_boundary': 7.120246650949278, 'alpha': 0.7181778503390964}. Best is trial 98 with value: 0.0268757579487303.
[I 2026-03-06 07:05:35,953] Trial 117 finished with value: 0.09613995571997566 and parameters: {'sigma_noise': 0.26100905578724226, 'A_repulsion': 0.21301322913120108, 'gamma': 0.43794825816581184, 'sigma_update': 0.12122236822093597, 'eta_learning': 1.913800073173154, 'sigma_boundary': 6.133364056422888, 'alpha': 0.5357081704173141}. Best is trial 98 with value: 0.0268757579487303.
[I 2026-03-06 07:07:49,331] Trial 121 finished with value: 0.04420095570908684 and parameters: {'sigma_noise': 0.13565317624504175, 'A_repulsion': 0.17045462489233337, 'gamma': 0.8162057833420147, 'sigma_update': 0.2995831304869742, 'eta_learning': 1.1584811574986675, 'sigma_boundary': 4.629728727757314, 'alpha': 0.6573252067338851}. Best is trial 98 with value: 0.0268757579487303.
[I 2026-03-06 07:08:46,784] Trial 122 finished with value: 0.1037407239285466 and parameters: {'sigma_noise': 0.08520536449556794, 'A_repulsion': 0.2698958709144294, 'gamma': 0.8035953879826626, 'sigma_update': 0.15172126681312242, 'eta_learning': 1.5696268895865038, 'sigma_boundary': 6.472852755726506, 'alpha': 0.8304212639741633}. Best is trial 98 with value: 0.0268757579487303.
[I 2026-03-06 07:11:30,286] Trial 130 finished with value: 0.06830896329394459 and parameters: {'sigma_noise': 0.20381501838029153, 'A_repulsion': 0.08170045230368192, 'gamma': 0.5547685837614996, 'sigma_update': 0.38031568267623983, 'eta_learning': 0.5327502603121413, 'sigma_boundary': 7.406432710925098, 'alpha': 0.8729230948842404}. Best is trial 98 with value: 0.0268757579487303.
[I 2026-03-06 07:11:34,589] Trial 126 finished with value: 0.03702750684812605 and parameters: {'sigma_noise': 0.18865868156141274, 'A_repulsion': 0.1866728262987721, 'gamma': 0.7350015790099538, 'sigma_update': 0.37559657117664014, 'eta_learning': 0.20744397321607133, 'sigma_boundary': 9.374241626624737, 'alpha': 0.8993528859047654}. Best is trial 98 with value: 0.0268757579487303.
[I 2026-03-06 07:11:44,533] Trial 131 finished with value: 0.11257487351772288 and parameters: {'sigma_noise': 0.0710968715534858, 'A_repulsion': 0.23614460681553012, 'gamma': 0.8264599046594152, 'sigma_update': 0.1573577364375545, 'eta_learning': 1.6875921636238034, 'sigma_boundary': 4.995708886372675, 'alpha': 0.6703553685262009}. Best is trial 98 with value: 0.0268757579487303.
[I 2026-03-06 07:12:12,867] Trial 123 finished with value: 0.45565631980687127 and parameters: {'sigma_noise': 0.25955869134420567, 'A_repulsion': 0.19477659896917807, 'gamma': 0.4522499932034837, 'sigma_update': 0.5629033102078308, 'eta_learning': 1.0232347976448446, 'sigma_boundary': 8.612135780590847, 'alpha': 0.5956987560956366}. Best is trial 98 with value: 0.0268757579487303.
[I 2026-03-06 07:12:18,581] Trial 125 finished with value: 0.030740507083303253 and parameters: {'sigma_noise': 0.23481139194761047, 'A_repulsion': 0.16958149919900045, 'gamma': 0.7893146062524975, 'sigma_update': 0.3690431241115245, 'eta_learning': 0.5090086255318198, 'sigma_boundary': 6.496966165277124, 'alpha': 0.9722915190562974}. Best is trial 98 with value: 0.0268757579487303.
[I 2026-03-06 07:13:01,623] Trial 133 finished with value: 0.036504131189922656 and parameters: {'sigma_noise': 0.2285389818067034, 'A_repulsion': 0.012835178189775087, 'gamma': 0.7011448889943914, 'sigma_update': 0.41784667579158463, 'eta_learning': 0.8634017160740559, 'sigma_boundary': 7.123984360610617, 'alpha': 0.9052094981481894}. Best is trial 98 with value: 0.0268757579487303.
[I 2026-03-06 07:13:04,407] Trial 132 finished with value: 0.049513512601303045 and parameters: {'sigma_noise': 0.13801922241726824, 'A_repulsion': 0.13269289591731392, 'gamma': 0.9225550678699921, 'sigma_update': 0.22509320501461325, 'eta_learning': 1.8233068857471544, 'sigma_boundary': 7.012882990651275, 'alpha': 0.9378384260726004}. Best is trial 98 with value: 0.0268757579487303.
[I 2026-03-06 07:13:23,017] Trial 129 finished with value: 0.0281938481316576 and parameters: {'sigma_noise': 0.2056290388726269, 'A_repulsion': 0.25464764406596757, 'gamma': 0.8501599184873431, 'sigma_update': 0.2897611993833893, 'eta_learning': 1.4570931350803122, 'sigma_boundary': 8.183610219771849, 'alpha': 0.7984396255067525}. Best is trial 98 with value: 0.0268757579487303.
[I 2026-03-06 07:13:24,245] Trial 124 finished with value: 0.1464841591320104 and parameters: {'sigma_noise': 0.29913858444681635, 'A_repulsion': 0.20010500031337694, 'gamma': 0.6878702505361316, 'sigma_update': 0.33015151997034464, 'eta_learning': 1.3240022452604632, 'sigma_boundary': 7.350197771570563, 'alpha': 0.5716412327676611}. Best is trial 98 with value: 0.0268757579487303.
[I 2026-03-06 07:13:34,171] Trial 135 finished with value: 0.04884099516263512 and parameters: {'sigma_noise': 0.15521123490041838, 'A_repulsion': 0.146443286088468, 'gamma': 0.8543563440472608, 'sigma_update': 0.4452174916721519, 'eta_learning': 1.3761273541541301, 'sigma_boundary': 4.731353565691464, 'alpha': 0.6996577393668629}. Best is trial 98 with value: 0.0268757579487303.
[I 2026-03-06 07:13:49,072] Trial 136 finished with value: 0.05266292183833705 and parameters: {'sigma_noise': 0.13776820067651224, 'A_repulsion': 0.13242263872300225, 'gamma': 0.9258201437589926, 'sigma_update': 0.12431801009369388, 'eta_learning': 0.7710716611071335, 'sigma_boundary': 7.488792386606308, 'alpha': 0.8761091322322603}. Best is trial 98 with value: 0.0268757579487303.
[I 2026-03-06 07:14:01,819] Trial 128 finished with value: 0.05932800024515639 and parameters: {'sigma_noise': 0.19128942712449287, 'A_repulsion': 0.35246682811237007, 'gamma': 0.6802583980966305, 'sigma_update': 0.297841149771487, 'eta_learning': 1.1723387723809067, 'sigma_boundary': 6.531014459960467, 'alpha': 0.6188615358092666}. Best is trial 98 with value: 0.0268757579487303.
[I 2026-03-06 07:14:13,610] Trial 134 finished with value: 0.09465240225277305 and parameters: {'sigma_noise': 0.2442809586280285, 'A_repulsion': 0.10087508810891894, 'gamma': 0.5708665346707086, 'sigma_update': 0.34182159859179073, 'eta_learning': 1.5012666128166117, 'sigma_boundary': 7.228089807647516, 'alpha': 0.7893852957270485}. Best is trial 98 with value: 0.0268757579487303.
[I 2026-03-06 07:14:50,232] Trial 127 finished with value: 0.11802000605555912 and parameters: {'sigma_noise': 0.2898000256737163, 'A_repulsion': 0.36426488242080063, 'gamma': 0.5069411570879035, 'sigma_update': 0.31282415561307414, 'eta_learning': 1.3877504996574725, 'sigma_boundary': 7.03487813212336, 'alpha': 0.6554582493335157}. Best is trial 98 with value: 0.0268757579487303.
[I 2026-03-06 07:15:00,126] Trial 141 finished with value: 0.0845895615988318 and parameters: {'sigma_noise': 0.12260174640599653, 'A_repulsion': 0.19847858893434245, 'gamma': 0.7286539677963162, 'sigma_update': 0.12048560141030225, 'eta_learning': 1.4049934771416954, 'sigma_boundary': 5.020428612686847, 'alpha': 0.8389939450273245}. Best is trial 98 with value: 0.0268757579487303.
[I 2026-03-06 07:15:47,633] Trial 140 finished with value: 0.06232206283062222 and parameters: {'sigma_noise': 0.16580315542190321, 'A_repulsion': 0.23264435020198335, 'gamma': 0.6189958518918698, 'sigma_update': 0.25526406496163156, 'eta_learning': 0.9485525870152912, 'sigma_boundary': 6.3784943987594405, 'alpha': 0.7693520655535879}. Best is trial 98 with value: 0.0268757579487303.
