[I 2026-03-06 08:43:04,953] Trial 24 finished with value: 1.1351508444249614 and parameters: {'sigma_noise': 0.23351974421490734, 'A_repulsion': 0.2245142652252949, 'gamma': 0.4821333285955318, 'sigma_update': 0.5426900388879156, 'eta_learning': 2.0651718316720005, 'sigma_boundary': 4.605034510181735, 'alpha': 0.34404126565844073}. Best is trial 21 with value: 0.04515224264697015.
[I 2026-03-06 08:43:24,054] Trial 25 finished with value: 0.09856209373794596 and parameters: {'sigma_noise': 0.22951799765398012, 'A_repulsion': 0.21339000133448507, 'gamma': 0.44973143047219705, 'sigma_update': 0.37463232319275924, 'eta_learning': 1.8825660220577303, 'sigma_boundary': 4.846999347913483, 'alpha': 0.6680940416952296}. Best is trial 21 with value: 0.04515224264697015.
[I 2026-03-06 08:44:03,283] Trial 32 finished with value: 0.25373391947343793 and parameters: {'sigma_noise': 0.16323064052241287, 'A_repulsion': 0.11515481174383396, 'gamma': 0.7301962977141548, 'sigma_update': 0.41854122061585697, 'eta_learning': 0.8939588720997085, 'sigma_boundary': 3.256619467013423, 'alpha': 0.37844074164791264}. Best is trial 21 with value: 0.04515224264697015.
[I 2026-03-06 08:44:12,263] Trial 28 finished with value: 0.0714159227959117 and parameters: {'sigma_noise': 0.2709997330182187, 'A_repulsion': 0.12728097388669846, 'gamma': 0.7846067149157498, 'sigma_update': 0.3470696899468725, 'eta_learning': 1.1793904602050276, 'sigma_boundary': 3.974645879234879, 'alpha': 0.569186374919298}. Best is trial 21 with value: 0.04515224264697015.
[I 2026-03-06 08:44:34,239] Trial 30 finished with value: 0.12076452268123204 and parameters: {'sigma_noise': 0.2688898095154805, 'A_repulsion': 0.12949361587419017, 'gamma': 0.33085235878761643, 'sigma_update': 0.2589734515147907, 'eta_learning': 1.642385963269761, 'sigma_boundary': 7.3011027800571515, 'alpha': 0.5570746294133071}. Best is trial 21 with value: 0.04515224264697015.
[I 2026-03-06 08:44:38,330] Trial 27 finished with value: 0.3638522040011187 and parameters: {'sigma_noise': 0.24503424136873742, 'A_repulsion': 0.35890992116165055, 'gamma': 0.33350972931035894, 'sigma_update': 0.3858608751359304, 'eta_learning': 1.090154604307502, 'sigma_boundary': 5.122308948075061, 'alpha': 0.4393467268526502}. Best is trial 21 with value: 0.04515224264697015.
[I 2026-03-06 08:44:51,005] Trial 37 finished with value: 0.2752022512004948 and parameters: {'sigma_noise': 0.16357272496219089, 'A_repulsion': 0.14723489986420307, 'gamma': 0.4457221552925042, 'sigma_update': 0.5066971921389418, 'eta_learning': 1.5586281763469747, 'sigma_boundary': 1.7181515222692996, 'alpha': 0.5152382954899961}. Best is trial 21 with value: 0.04515224264697015.
[I 2026-03-06 08:45:12,887] Trial 40 finished with value: 0.52835918600542 and parameters: {'sigma_noise': 0.17899606706624804, 'A_repulsion': 0.14504773657073533, 'gamma': 0.5362747558867952, 'sigma_update': 0.4043410387422669, 'eta_learning': 0.6586646451307916, 'sigma_boundary': 6.04578684164848, 'alpha': 0.28055813118876405}. Best is trial 21 with value: 0.04515224264697015.
[I 2026-03-06 08:45:23,265] Trial 33 finished with value: 0.2509218080220488 and parameters: {'sigma_noise': 0.22451003227904648, 'A_repulsion': 0.20776951656205137, 'gamma': 0.39828800200803216, 'sigma_update': 0.3769377254548698, 'eta_learning': 2.0704823102499943, 'sigma_boundary': 5.040174630814188, 'alpha': 0.4944989052964002}. Best is trial 21 with value: 0.04515224264697015.
[I 2026-03-06 08:45:32,773] Trial 34 finished with value: 0.18149675837523682 and parameters: {'sigma_noise': 0.26499450801043817, 'A_repulsion': 0.16115134161427735, 'gamma': 0.4927804057821401, 'sigma_update': 0.17093178062642692, 'eta_learning': 1.1315698382890131, 'sigma_boundary': 5.747620265038941, 'alpha': 0.41873425355443517}. Best is trial 21 with value: 0.04515224264697015.
[I 2026-03-06 08:45:38,535] Trial 29 finished with value: 0.15237577873056002 and parameters: {'sigma_noise': 0.3385695279603421, 'A_repulsion': 0.15255270719119923, 'gamma': 0.7344941630931151, 'sigma_update': 0.36712911163143075, 'eta_learning': 1.5376864683807343, 'sigma_boundary': 5.514291987242088, 'alpha': 0.5711739965250497}. Best is trial 21 with value: 0.04515224264697015.
[I 2026-03-06 08:45:58,449] Trial 41 finished with value: 0.25991524199070437 and parameters: {'sigma_noise': 0.2730827568998135, 'A_repulsion': 0.11178148115118097, 'gamma': 0.24689707819011839, 'sigma_update': 0.4706630016684397, 'eta_learning': 1.821053870966161, 'sigma_boundary': 4.778616116772034, 'alpha': 0.6869301919124922}. Best is trial 21 with value: 0.04515224264697015.
[I 2026-03-06 08:46:02,143] Trial 43 finished with value: 0.35904536397549924 and parameters: {'sigma_noise': 0.17769383978762182, 'A_repulsion': 0.24951945935347192, 'gamma': 0.39744784442049536, 'sigma_update': 0.5880421702320665, 'eta_learning': 0.8700944054630219, 'sigma_boundary': 6.516322061095406, 'alpha': 0.5697754669853397}. Best is trial 21 with value: 0.04515224264697015.
[I 2026-03-06 08:46:13,106] Trial 31 finished with value: 0.9870964356691123 and parameters: {'sigma_noise': 0.2891523764286616, 'A_repulsion': 0.3690603266938871, 'gamma': 0.5489036422195375, 'sigma_update': 0.22381735179317527, 'eta_learning': 1.7628879778747868, 'sigma_boundary': 2.1657127017038986, 'alpha': 0.35709134872631165}. Best is trial 21 with value: 0.04515224264697015.
[I 2026-03-06 08:46:16,176] Trial 39 finished with value: 0.2518622016380961 and parameters: {'sigma_noise': 0.22085873730745403, 'A_repulsion': 0.2231619649099231, 'gamma': 0.44894647857676817, 'sigma_update': 0.4048845691793325, 'eta_learning': 1.838305813901496, 'sigma_boundary': 1.9205399771363691, 'alpha': 0.4816914281649153}. Best is trial 21 with value: 0.04515224264697015.
[I 2026-03-06 08:46:37,578] Trial 45 finished with value: 0.10925055097086495 and parameters: {'sigma_noise': 0.1566542538851171, 'A_repulsion': 0.3188132985848453, 'gamma': 0.5978414926387141, 'sigma_update': 0.3125654559607384, 'eta_learning': 1.38972513972605, 'sigma_boundary': 3.762288025207857, 'alpha': 0.4620256754810561}. Best is trial 21 with value: 0.04515224264697015.
[I 2026-03-06 08:47:01,400] Trial 36 finished with value: 0.5189510604308326 and parameters: {'sigma_noise': 0.2875863160136261, 'A_repulsion': 0.33218293252762965, 'gamma': 0.5389318923121552, 'sigma_update': 0.5718184006323204, 'eta_learning': 1.2195711099724558, 'sigma_boundary': 3.5512368591624877, 'alpha': 0.5280729557689265}. Best is trial 21 with value: 0.04515224264697015.
[I 2026-03-06 08:47:05,385] Trial 38 finished with value: 0.2055027178101323 and parameters: {'sigma_noise': 0.3069927635461126, 'A_repulsion': 0.2908419795772318, 'gamma': 0.423637213317901, 'sigma_update': 0.4210819441017867, 'eta_learning': 1.192694841174049, 'sigma_boundary': 3.748082876838156, 'alpha': 0.6412702998019681}. Best is trial 21 with value: 0.04515224264697015.
[I 2026-03-06 08:47:14,008] Trial 35 finished with value: 2.6480019358466027 and parameters: {'sigma_noise': 0.372527862503168, 'A_repulsion': 0.25319477252467404, 'gamma': 0.2338368978342083, 'sigma_update': 0.19186893475900454, 'eta_learning': 0.787143489794783, 'sigma_boundary': 0.7055442594418264, 'alpha': 0.15842441236144106}. Best is trial 21 with value: 0.04515224264697015.
[I 2026-03-06 08:47:25,020] Trial 42 finished with value: 0.045344761141742275 and parameters: {'sigma_noise': 0.21821821633733618, 'A_repulsion': 0.34419600525127503, 'gamma': 0.42352414679589234, 'sigma_update': 0.11547213889823642, 'eta_learning': 1.2053512969430742, 'sigma_boundary': 5.321870962246535, 'alpha': 0.5076436406037538}. Best is trial 21 with value: 0.04515224264697015.
[I 2026-03-06 08:47:37,856] Trial 46 finished with value: 0.17893675345163715 and parameters: {'sigma_noise': 0.29643302992792736, 'A_repulsion': 0.16999478784303493, 'gamma': 0.4942080584067045, 'sigma_update': 0.3238690559817864, 'eta_learning': 0.7344932332833782, 'sigma_boundary': 4.094685587421055, 'alpha': 0.5343028638761487}. Best is trial 21 with value: 0.04515224264697015.
[I 2026-03-06 08:47:58,872] Trial 47 finished with value: 0.7652560269779227 and parameters: {'sigma_noise': 0.32669746281521217, 'A_repulsion': 0.21848722994888375, 'gamma': 0.524595588647958, 'sigma_update': 0.5483466548190845, 'eta_learning': 1.1778585759492755, 'sigma_boundary': 2.4002072626264486, 'alpha': 0.4593354391529321}. Best is trial 21 with value: 0.04515224264697015.
[I 2026-03-06 08:48:14,155] Trial 44 finished with value: 1.0930014839102573 and parameters: {'sigma_noise': 0.33859426624264277, 'A_repulsion': 0.37034594611301574, 'gamma': 0.38476053687845063, 'sigma_update': 0.3987971474474017, 'eta_learning': 2.1022467710898303, 'sigma_boundary': 6.97949836217811, 'alpha': 0.37752769005653847}. Best is trial 21 with value: 0.04515224264697015.
[I 2026-03-06 08:52:36,393] Trial 49 finished with value: 1.365039083439481 and parameters: {'sigma_noise': 0.15789526363442768, 'A_repulsion': 0.26633372231593794, 'gamma': 0.2143274541310716, 'sigma_update': 0.5291377964253136, 'eta_learning': 1.9520637632499025, 'sigma_boundary': 4.953238403800808, 'alpha': 0.2259339525417421}. Best is trial 21 with value: 0.04515224264697015.
[I 2026-03-06 08:53:43,536] Trial 55 finished with value: 0.1108029256028342 and parameters: {'sigma_noise': 0.2346133459854985, 'A_repulsion': 0.09222493881019539, 'gamma': 0.38703085241359153, 'sigma_update': 0.2586191245921861, 'eta_learning': 1.0174463403102076, 'sigma_boundary': 3.5046299548169997, 'alpha': 0.5032748220422841}. Best is trial 21 with value: 0.04515224264697015.
[I 2026-03-06 08:53:52,725] Trial 56 finished with value: 0.07090925551899967 and parameters: {'sigma_noise': 0.12902131356501279, 'A_repulsion': 0.19554327662442716, 'gamma': 0.3477739829984079, 'sigma_update': 0.28590053208688626, 'eta_learning': 1.9010369952583213, 'sigma_boundary': 5.004968864124056, 'alpha': 0.7444392191948448}. Best is trial 21 with value: 0.04515224264697015.
[I 2026-03-06 08:54:07,430] Trial 48 finished with value: 0.06082138659833898 and parameters: {'sigma_noise': 0.3318255828955657, 'A_repulsion': 0.33472743404165095, 'gamma': 0.7823952025563338, 'sigma_update': 0.32158122323126953, 'eta_learning': 1.7768579244175098, 'sigma_boundary': 4.102995693402347, 'alpha': 0.7532159594722743}. Best is trial 21 with value: 0.04515224264697015.
[I 2026-03-06 08:54:11,141] Trial 50 finished with value: 0.0791190107312995 and parameters: {'sigma_noise': 0.2751758703486784, 'A_repulsion': 0.28007699065297403, 'gamma': 0.46556792469424874, 'sigma_update': 0.121884255378249, 'eta_learning': 2.0653410770071634, 'sigma_boundary': 7.312377611258545, 'alpha': 0.5085850293455578}. Best is trial 21 with value: 0.04515224264697015.
[I 2026-03-06 08:54:23,304] Trial 52 finished with value: 0.0604405495002044 and parameters: {'sigma_noise': 0.13927182863194468, 'A_repulsion': 0.4257681216085699, 'gamma': 0.6137497946417333, 'sigma_update': 0.42796503078424303, 'eta_learning': 2.017151707944942, 'sigma_boundary': 3.491936108449009, 'alpha': 0.7291647653326989}. Best is trial 21 with value: 0.04515224264697015.
[I 2026-03-06 08:54:51,774] Trial 58 finished with value: 0.033033833139934216 and parameters: {'sigma_noise': 0.20797361703428802, 'A_repulsion': 0.15282171589707452, 'gamma': 0.6158532473363645, 'sigma_update': 0.4168869212963754, 'eta_learning': 1.9400249627010537, 'sigma_boundary': 2.2495704419157514, 'alpha': 0.910616888138339}. Best is trial 58 with value: 0.033033833139934216.
[I 2026-03-06 08:55:15,836] Trial 51 finished with value: 0.3272507560884351 and parameters: {'sigma_noise': 0.37836571305991995, 'A_repulsion': 0.19912752780633525, 'gamma': 0.40371970311265104, 'sigma_update': 0.4417661963984184, 'eta_learning': 2.239036223276686, 'sigma_boundary': 5.298816466519266, 'alpha': 0.6673189228674639}. Best is trial 58 with value: 0.033033833139934216.
[I 2026-03-06 08:55:21,376] Trial 53 finished with value: 0.5223441249113512 and parameters: {'sigma_noise': 0.2498164959626758, 'A_repulsion': 0.3410862479507099, 'gamma': 0.6071797888869793, 'sigma_update': 0.42800622152287127, 'eta_learning': 2.055770745575297, 'sigma_boundary': 6.444924146894498, 'alpha': 0.42351648509389755}. Best is trial 58 with value: 0.033033833139934216.
[I 2026-03-06 08:55:39,011] Trial 62 finished with value: 0.2011644849481948 and parameters: {'sigma_noise': 0.2988882009744049, 'A_repulsion': 0.058868141311136504, 'gamma': 0.59984063128818, 'sigma_update': 0.5114314258036082, 'eta_learning': 1.7225811121574124, 'sigma_boundary': 7.049779818171452, 'alpha': 0.6752544800469165}. Best is trial 58 with value: 0.033033833139934216.
[I 2026-03-06 08:55:46,382] Trial 54 finished with value: 0.2590678269122364 and parameters: {'sigma_noise': 0.3014885311709935, 'A_repulsion': 0.3022819280514863, 'gamma': 0.2646417798106186, 'sigma_update': 0.38320006219711, 'eta_learning': 1.0531243989867545, 'sigma_boundary': 4.101512794588769, 'alpha': 0.5302604703481588}. Best is trial 58 with value: 0.033033833139934216.
[I 2026-03-06 08:55:46,621] Trial 59 finished with value: 0.1413143480899267 and parameters: {'sigma_noise': 0.2898197530337292, 'A_repulsion': 0.12946915622777316, 'gamma': 0.6250033681834536, 'sigma_update': 0.3047608057068241, 'eta_learning': 1.5204547522578902, 'sigma_boundary': 6.119090626421765, 'alpha': 0.5482368703739317}. Best is trial 58 with value: 0.033033833139934216.
[I 2026-03-06 08:55:49,106] Trial 61 finished with value: 0.7684608518449112 and parameters: {'sigma_noise': 0.23741477086069357, 'A_repulsion': 0.16157514271576284, 'gamma': 0.580222976192406, 'sigma_update': 0.4357402277269624, 'eta_learning': 1.350114321238794, 'sigma_boundary': 5.338081448941, 'alpha': 0.34011499509684723}. Best is trial 58 with value: 0.033033833139934216.
[I 2026-03-06 08:56:06,130] Trial 57 finished with value: 0.14129390307661396 and parameters: {'sigma_noise': 0.30330371128510086, 'A_repulsion': 0.17574851446850895, 'gamma': 0.6542763504149663, 'sigma_update': 0.5370340643687873, 'eta_learning': 1.4950273821221622, 'sigma_boundary': 5.788986786966204, 'alpha': 0.7054293625395813}. Best is trial 58 with value: 0.033033833139934216.
[I 2026-03-06 08:56:17,617] Trial 67 finished with value: 0.03718794769365914 and parameters: {'sigma_noise': 0.18835140044001303, 'A_repulsion': 0.10469119529283145, 'gamma': 0.7924510510252619, 'sigma_update': 0.25754150175235524, 'eta_learning': 1.1914117423175927, 'sigma_boundary': 4.841091531946144, 'alpha': 0.5745036473946407}. Best is trial 58 with value: 0.033033833139934216.
[I 2026-03-06 08:56:20,446] Trial 60 finished with value: 0.07939848423636894 and parameters: {'sigma_noise': 0.2978497967246222, 'A_repulsion': 0.13535558744388507, 'gamma': 0.7875747536012732, 'sigma_update': 0.2890221013219062, 'eta_learning': 1.660659762516311, 'sigma_boundary': 4.092740799943231, 'alpha': 0.5753277979013502}. Best is trial 58 with value: 0.033033833139934216.
[I 2026-03-06 08:56:59,702] Trial 65 finished with value: 0.17619211458916184 and parameters: {'sigma_noise': 0.21115889146604827, 'A_repulsion': 0.21374234121134825, 'gamma': 0.6165651305192297, 'sigma_update': 0.45542405783339884, 'eta_learning': 1.1380969232116835, 'sigma_boundary': 3.646278304904539, 'alpha': 0.5420737077887097}. Best is trial 58 with value: 0.033033833139934216.
[I 2026-03-06 08:57:02,587] Trial 69 finished with value: 0.1298775199869414 and parameters: {'sigma_noise': 0.19686804771948663, 'A_repulsion': 0.17966025789805867, 'gamma': 0.9331475979001688, 'sigma_update': 0.4554343558403716, 'eta_learning': 1.6832149238435947, 'sigma_boundary': 5.436546779853052, 'alpha': 0.5168900519802191}. Best is trial 58 with value: 0.033033833139934216.
[I 2026-03-06 08:57:06,258] Trial 64 finished with value: 0.024096244210922914 and parameters: {'sigma_noise': 0.2518959202725019, 'A_repulsion': 0.20176724119981182, 'gamma': 0.7636735944210137, 'sigma_update': 0.37295176155709037, 'eta_learning': 1.643270491289927, 'sigma_boundary': 6.874163493690664, 'alpha': 0.7489758746003043}. Best is trial 64 with value: 0.024096244210922914.
[I 2026-03-06 08:57:14,516] Trial 63 finished with value: 0.164679810417248 and parameters: {'sigma_noise': 0.31853306285526883, 'A_repulsion': 0.21731124742577024, 'gamma': 0.6556799769990652, 'sigma_update': 0.3214253735048174, 'eta_learning': 1.6675966831152425, 'sigma_boundary': 1.1859177033958237, 'alpha': 0.5061739216060024}. Best is trial 64 with value: 0.024096244210922914.
[I 2026-03-06 08:58:09,029] Trial 66 finished with value: 0.8609368314586647 and parameters: {'sigma_noise': 0.3132029255120613, 'A_repulsion': 0.1940251221619468, 'gamma': 0.7056206104896429, 'sigma_update': 0.3425276365271009, 'eta_learning': 0.8889930836278277, 'sigma_boundary': 6.588395928431497, 'alpha': 0.35245260102780906}. Best is trial 64 with value: 0.024096244210922914.
[I 2026-03-06 08:58:15,069] Trial 70 finished with value: 0.24389810527063904 and parameters: {'sigma_noise': 0.30738941279004395, 'A_repulsion': 0.12205497525448276, 'gamma': 0.5718471911879035, 'sigma_update': 0.2507008052493919, 'eta_learning': 1.881445152328732, 'sigma_boundary': 6.337248760029785, 'alpha': 0.4589724049927256}. Best is trial 64 with value: 0.024096244210922914.
[I 2026-03-06 08:58:38,519] Trial 71 finished with value: 0.09723677126219657 and parameters: {'sigma_noise': 0.3015201008983778, 'A_repulsion': 0.13282113909865398, 'gamma': 0.6014072097436909, 'sigma_update': 0.26638229148296566, 'eta_learning': 0.7188233197762326, 'sigma_boundary': 6.111035813956576, 'alpha': 0.5987092945260991}. Best is trial 64 with value: 0.024096244210922914.
[I 2026-03-06 08:58:49,617] Trial 68 finished with value: 0.28219786059965857 and parameters: {'sigma_noise': 0.36639460417006414, 'A_repulsion': 0.23479026422640478, 'gamma': 0.4955046018376157, 'sigma_update': 0.44062993333742356, 'eta_learning': 2.0195701722891344, 'sigma_boundary': 2.2556028288093963, 'alpha': 0.6758635661871848}. Best is trial 64 with value: 0.024096244210922914.
[I 2026-03-06 09:02:41,208] Trial 74 finished with value: 0.30732405342615776 and parameters: {'sigma_noise': 0.1986159676693089, 'A_repulsion': 0.004019109357559697, 'gamma': 0.5306412924930121, 'sigma_update': 0.41576613842093935, 'eta_learning': 1.2253433050434215, 'sigma_boundary': 3.5204816700585133, 'alpha': 0.4149216097284546}. Best is trial 64 with value: 0.024096244210922914.
[I 2026-03-06 09:03:12,026] Trial 76 finished with value: 0.0701340430857648 and parameters: {'sigma_noise': 0.10146579918554322, 'A_repulsion': 0.21510594729014787, 'gamma': 0.604307251455786, 'sigma_update': 0.3211428547993951, 'eta_learning': 1.5993676637623253, 'sigma_boundary': 6.619901252604025, 'alpha': 0.7987232939250344}. Best is trial 64 with value: 0.024096244210922914.
[I 2026-03-06 09:03:30,978] Trial 73 finished with value: 0.0503895670037259 and parameters: {'sigma_noise': 0.19306841212072412, 'A_repulsion': 0.18870426940111126, 'gamma': 0.5333401770069361, 'sigma_update': 0.378847691226334, 'eta_learning': 1.8597807752361448, 'sigma_boundary': 3.8031235867637996, 'alpha': 0.8535564252473566}. Best is trial 64 with value: 0.024096244210922914.
[I 2026-03-06 09:03:54,369] Trial 78 finished with value: 0.06560860721291138 and parameters: {'sigma_noise': 0.2093358520718191, 'A_repulsion': 0.031055796882070427, 'gamma': 0.39830295914115005, 'sigma_update': 0.27258440491221797, 'eta_learning': 1.1999706234942882, 'sigma_boundary': 7.38178709754491, 'alpha': 0.6761935278537404}. Best is trial 64 with value: 0.024096244210922914.
[I 2026-03-06 09:03:55,197] Trial 72 finished with value: 0.08599543648377969 and parameters: {'sigma_noise': 0.34705395536914524, 'A_repulsion': 0.1768788552804547, 'gamma': 0.7277774631748155, 'sigma_update': 0.3039575819228629, 'eta_learning': 1.4366449378695325, 'sigma_boundary': 6.092568756822517, 'alpha': 0.7164334090237858}. Best is trial 64 with value: 0.024096244210922914.
[I 2026-03-06 09:03:58,978] Trial 79 finished with value: 0.7341093496014754 and parameters: {'sigma_noise': 0.11183222541638019, 'A_repulsion': 0.11481805419808327, 'gamma': 0.8496121360271595, 'sigma_update': 0.5554489370166635, 'eta_learning': 1.5482378052509047, 'sigma_boundary': 5.309223367068084, 'alpha': 0.23636866482972363}. Best is trial 64 with value: 0.024096244210922914.
[I 2026-03-06 09:04:11,584] Trial 77 finished with value: 0.22956494824719736 and parameters: {'sigma_noise': 0.28638276422254594, 'A_repulsion': 0.036645355305288424, 'gamma': 0.5543718082542447, 'sigma_update': 0.3229498441619292, 'eta_learning': 1.8084289786144288, 'sigma_boundary': 2.307686699549319, 'alpha': 0.47376144606328097}. Best is trial 64 with value: 0.024096244210922914.
[I 2026-03-06 09:04:20,697] Trial 75 finished with value: 0.0412793549578054 and parameters: {'sigma_noise': 0.24889289377477242, 'A_repulsion': 0.15061934381531006, 'gamma': 0.7414425594884172, 'sigma_update': 0.24534427415774746, 'eta_learning': 1.3601472482636157, 'sigma_boundary': 4.760271328656891, 'alpha': 0.5943702091075895}. Best is trial 64 with value: 0.024096244210922914.
[I 2026-03-06 09:04:36,218] Trial 81 finished with value: 0.11271592054224078 and parameters: {'sigma_noise': 0.18574528996604883, 'A_repulsion': 0.07480582625526765, 'gamma': 0.543716571966079, 'sigma_update': 0.26625427622664666, 'eta_learning': 2.482596112068837, 'sigma_boundary': 4.451624010833367, 'alpha': 0.48402124631471444}. Best is trial 64 with value: 0.024096244210922914.
[I 2026-03-06 09:05:22,180] Trial 80 finished with value: 0.08754435235927502 and parameters: {'sigma_noise': 0.2541446679469469, 'A_repulsion': 0.11362444296649535, 'gamma': 0.39892193715988766, 'sigma_update': 0.23045868671674707, 'eta_learning': 1.7589326416576645, 'sigma_boundary': 4.5624617194455155, 'alpha': 0.5381751115760525}. Best is trial 64 with value: 0.024096244210922914.
