[I 2026-03-06 07:42:13,439] Trial 199 finished with value: 0.06494308996913165 and parameters: {'sigma_noise': 0.14321868364403434, 'A_repulsion': 0.13245525512826978, 'gamma': 0.737831020198371, 'sigma_update': 0.3674675109458961, 'eta_learning': 0.7234701629960346, 'sigma_boundary': 8.300152063349126, 'alpha': 0.6529778591417702}. Best is trial 152 with value: 0.01681350363695286.
[I 2026-03-06 07:42:14,687] Trial 196 finished with value: 0.11704693757893048 and parameters: {'sigma_noise': 0.19448464029105472, 'A_repulsion': 0.22105291723131787, 'gamma': 0.6770900664808541, 'sigma_update': 0.31568596477409483, 'eta_learning': 0.8290821590886813, 'sigma_boundary': 7.63117805833448, 'alpha': 0.506643563280965}. Best is trial 152 with value: 0.01681350363695286.
[I 2026-03-06 07:42:16,115] Trial 194 finished with value: 0.03442135018011745 and parameters: {'sigma_noise': 0.3518013484887789, 'A_repulsion': 0.12817675103406576, 'gamma': 0.9471212964464437, 'sigma_update': 0.4764317136556588, 'eta_learning': 1.4549911305362857, 'sigma_boundary': 5.183669306563599, 'alpha': 0.8550160721579841}. Best is trial 152 with value: 0.01681350363695286.
[I 2026-03-06 07:42:23,215] Trial 197 finished with value: 0.10382175391373094 and parameters: {'sigma_noise': 0.40938637912127585, 'A_repulsion': 0.07301511961793095, 'gamma': 0.8457778930603478, 'sigma_update': 0.20895842542886878, 'eta_learning': 1.6891093742841574, 'sigma_boundary': 6.134818410681091, 'alpha': 0.9038188378419236}. Best is trial 152 with value: 0.01681350363695286.
[I 2026-03-06 07:42:25,095] Trial 198 finished with value: 0.0861142026396922 and parameters: {'sigma_noise': 0.30070227281719275, 'A_repulsion': 0.31474389547957393, 'gamma': 0.7050618500681413, 'sigma_update': 0.21314344263605456, 'eta_learning': 0.8389791578535212, 'sigma_boundary': 4.149360699380728, 'alpha': 0.875108331852771}. Best is trial 152 with value: 0.01681350363695286.
