[I 2026-03-06 04:55:38,511] Trial 53 finished with value: 1.2447870836765955 and parameters: {'sigma_noise': 0.31515381768395534, 'A_repulsion': 0.2208692846259022, 'gamma': 0.510155720136377, 'sigma_update': 0.38711136051849826, 'eta_learning': 1.2072633812311593, 'sigma_boundary': 4.555092737598216, 'alpha': 0.31884292827932126}. Best is trial 26 with value: 0.039108933811177284.
[I 2026-03-06 04:56:04,970] Trial 56 finished with value: 0.04085411904283613 and parameters: {'sigma_noise': 0.20732165116690404, 'A_repulsion': 0.2386009812811783, 'gamma': 0.6513620652506639, 'sigma_update': 0.2656048020926103, 'eta_learning': 1.3686093563808412, 'sigma_boundary': 2.742721080410944, 'alpha': 0.6928705002292229}. Best is trial 26 with value: 0.039108933811177284.
[I 2026-03-06 04:56:18,431] Trial 57 finished with value: 0.06253673599233373 and parameters: {'sigma_noise': 0.2217145670550214, 'A_repulsion': 0.20324982415070836, 'gamma': 0.521762645353633, 'sigma_update': 0.23524337786276364, 'eta_learning': 1.9391381868860857, 'sigma_boundary': 3.712444267871309, 'alpha': 0.5081252434462282}. Best is trial 26 with value: 0.039108933811177284.
[I 2026-03-06 04:57:02,627] Trial 65 finished with value: 0.2190388699348615 and parameters: {'sigma_noise': 0.13993186253302237, 'A_repulsion': 0.28123476641386913, 'gamma': 0.6409367258533156, 'sigma_update': 0.23948166807641583, 'eta_learning': 2.273284766019695, 'sigma_boundary': 4.311817244941636, 'alpha': 0.3617446706788544}. Best is trial 26 with value: 0.039108933811177284.
[I 2026-03-06 04:57:22,396] Trial 59 finished with value: 0.08738774972092508 and parameters: {'sigma_noise': 0.2584002274053586, 'A_repulsion': 0.22935930498969445, 'gamma': 0.4743273685404443, 'sigma_update': 0.3242461079504933, 'eta_learning': 1.1323547184320664, 'sigma_boundary': 2.876590718898751, 'alpha': 0.5905424136142792}. Best is trial 26 with value: 0.039108933811177284.
[I 2026-03-06 04:57:52,363] Trial 63 finished with value: 0.06039044214382989 and parameters: {'sigma_noise': 0.29446113119492745, 'A_repulsion': 0.13907958327929967, 'gamma': 0.6672484269068666, 'sigma_update': 0.2993530992215995, 'eta_learning': 2.5590600201310765, 'sigma_boundary': 2.992761285333131, 'alpha': 0.6396130734759451}. Best is trial 26 with value: 0.039108933811177284.
[I 2026-03-06 04:58:02,243] Trial 62 finished with value: 0.1078549902454013 and parameters: {'sigma_noise': 0.1792198606220166, 'A_repulsion': 0.35351788674539936, 'gamma': 0.4163484798272769, 'sigma_update': 0.28395112192259914, 'eta_learning': 2.7571736871054218, 'sigma_boundary': 4.131247074874118, 'alpha': 0.4581963286683268}. Best is trial 26 with value: 0.039108933811177284.
[I 2026-03-06 04:58:18,874] Trial 60 finished with value: 0.23632995815629745 and parameters: {'sigma_noise': 0.28205398352121186, 'A_repulsion': 0.3208654261819793, 'gamma': 0.5992389206553025, 'sigma_update': 0.2973968122619187, 'eta_learning': 2.491085466326889, 'sigma_boundary': 4.954647974973944, 'alpha': 0.4471654768780038}. Best is trial 26 with value: 0.039108933811177284.
[I 2026-03-06 04:58:19,141] Trial 66 finished with value: 0.34990099135128633 and parameters: {'sigma_noise': 0.15584320829504278, 'A_repulsion': 0.3897338008498545, 'gamma': 0.6108496262169938, 'sigma_update': 0.16480226134267126, 'eta_learning': 2.2990387671165045, 'sigma_boundary': 3.591249503201304, 'alpha': 0.35238652827956407}. Best is trial 26 with value: 0.039108933811177284.
[I 2026-03-06 04:58:45,326] Trial 61 finished with value: 0.22811490253512895 and parameters: {'sigma_noise': 0.3030632217474194, 'A_repulsion': 0.2576559230658452, 'gamma': 0.3381241280517349, 'sigma_update': 0.33775201696848545, 'eta_learning': 2.4616466087210336, 'sigma_boundary': 4.956116216511586, 'alpha': 0.47794442194246506}. Best is trial 26 with value: 0.039108933811177284.
[I 2026-03-06 04:58:49,699] Trial 71 finished with value: 0.05059655083045552 and parameters: {'sigma_noise': 0.21428061681591998, 'A_repulsion': 0.1921431106144864, 'gamma': 0.6458633486937895, 'sigma_update': 0.23767054065441268, 'eta_learning': 1.842075392662426, 'sigma_boundary': 4.337039169665185, 'alpha': 0.5227411246916573}. Best is trial 26 with value: 0.039108933811177284.
[I 2026-03-06 04:59:03,084] Trial 64 finished with value: 0.0731544489083194 and parameters: {'sigma_noise': 0.29412866119574127, 'A_repulsion': 0.1940591440341022, 'gamma': 0.44826983651806585, 'sigma_update': 0.27433023570722626, 'eta_learning': 2.1419259350000655, 'sigma_boundary': 5.220150553344411, 'alpha': 0.6429437901347057}. Best is trial 26 with value: 0.039108933811177284.
[I 2026-03-06 04:59:04,117] Trial 67 finished with value: 0.037504430190689754 and parameters: {'sigma_noise': 0.21547275347168848, 'A_repulsion': 0.28069561234764323, 'gamma': 0.711553177080755, 'sigma_update': 0.22704712348528888, 'eta_learning': 1.4522920862323518, 'sigma_boundary': 1.9974831341575938, 'alpha': 0.7328179400225532}. Best is trial 67 with value: 0.037504430190689754.
[I 2026-03-06 04:59:31,801] Trial 69 finished with value: 0.30217834769766794 and parameters: {'sigma_noise': 0.24060185772230264, 'A_repulsion': 0.25280921861352434, 'gamma': 0.658235284226605, 'sigma_update': 0.4264732582172418, 'eta_learning': 1.9608718306859991, 'sigma_boundary': 2.220608334390322, 'alpha': 0.43392929153334503}. Best is trial 67 with value: 0.037504430190689754.
[I 2026-03-06 04:59:46,712] Trial 68 finished with value: 1.506705692509813 and parameters: {'sigma_noise': 0.20259309904912665, 'A_repulsion': 0.3962624625714246, 'gamma': 0.6336919037386519, 'sigma_update': 0.33390127648183254, 'eta_learning': 2.5137273586150246, 'sigma_boundary': 2.649046598908236, 'alpha': 0.2742919047000991}. Best is trial 67 with value: 0.037504430190689754.
[I 2026-03-06 05:00:25,708] Trial 70 finished with value: 0.05170621451727336 and parameters: {'sigma_noise': 0.24711267360079636, 'A_repulsion': 0.2820615273754009, 'gamma': 0.6593871313658154, 'sigma_update': 0.31910163815909265, 'eta_learning': 2.078300444792961, 'sigma_boundary': 3.254098752328125, 'alpha': 0.622417623068318}. Best is trial 67 with value: 0.037504430190689754.
[I 2026-03-06 05:02:43,000] Trial 72 finished with value: 0.05245769084754279 and parameters: {'sigma_noise': 0.14456559627548227, 'A_repulsion': 0.19069279165563946, 'gamma': 0.8524861803441159, 'sigma_update': 0.26500285042446325, 'eta_learning': 2.351750060600897, 'sigma_boundary': 3.0403278695133396, 'alpha': 0.6116219162463928}. Best is trial 67 with value: 0.037504430190689754.
[I 2026-03-06 05:04:43,933] Trial 75 finished with value: 0.059213940181496755 and parameters: {'sigma_noise': 0.1662554884002168, 'A_repulsion': 0.3655190661767758, 'gamma': 0.7761016735434465, 'sigma_update': 0.36704698487054616, 'eta_learning': 2.695593545761112, 'sigma_boundary': 3.7523801986354024, 'alpha': 0.5551963400501903}. Best is trial 67 with value: 0.037504430190689754.
[I 2026-03-06 05:04:59,740] Trial 73 finished with value: 0.46236106002652566 and parameters: {'sigma_noise': 0.26621184773970363, 'A_repulsion': 0.2539929707581479, 'gamma': 0.5251753835695304, 'sigma_update': 0.3724122435422063, 'eta_learning': 2.2525702682953486, 'sigma_boundary': 1.9932697455922002, 'alpha': 0.3920793971159233}. Best is trial 67 with value: 0.037504430190689754.
[I 2026-03-06 05:05:18,164] Trial 76 finished with value: 0.04864844851088219 and parameters: {'sigma_noise': 0.25173544922138724, 'A_repulsion': 0.16538370328932978, 'gamma': 0.5630836778248072, 'sigma_update': 0.2880531025685634, 'eta_learning': 1.8261995644516023, 'sigma_boundary': 1.5934584389287274, 'alpha': 0.6921641967779825}. Best is trial 67 with value: 0.037504430190689754.
[I 2026-03-06 05:05:20,281] Trial 74 finished with value: 0.43740598108607953 and parameters: {'sigma_noise': 0.35394878765530263, 'A_repulsion': 0.16773177582892065, 'gamma': 0.8500929206865094, 'sigma_update': 0.36883447510852974, 'eta_learning': 2.2402607899925804, 'sigma_boundary': 3.823660178064138, 'alpha': 0.4001072853736025}. Best is trial 67 with value: 0.037504430190689754.
[I 2026-03-06 05:06:38,226] Trial 81 finished with value: 0.06255205499125105 and parameters: {'sigma_noise': 0.16143593860907363, 'A_repulsion': 0.28025754752390714, 'gamma': 0.5419781916540283, 'sigma_update': 0.2958835312127559, 'eta_learning': 2.753579497766392, 'sigma_boundary': 4.514044778482598, 'alpha': 0.7423342441537215}. Best is trial 67 with value: 0.037504430190689754.
[I 2026-03-06 05:06:53,196] Trial 82 finished with value: 0.4837078526948327 and parameters: {'sigma_noise': 0.17364133384986707, 'A_repulsion': 0.22534054712929272, 'gamma': 0.731565023343695, 'sigma_update': 0.2865342928590343, 'eta_learning': 1.818367772878996, 'sigma_boundary': 6.222728948505145, 'alpha': 0.3207938265417819}. Best is trial 67 with value: 0.037504430190689754.
[I 2026-03-06 05:06:56,705] Trial 78 finished with value: 0.18267010064642075 and parameters: {'sigma_noise': 0.22609643362299564, 'A_repulsion': 0.28326392036034165, 'gamma': 0.5261600911067802, 'sigma_update': 0.23663798607691652, 'eta_learning': 1.9592622160890998, 'sigma_boundary': 3.938576727792533, 'alpha': 0.4128617550132446}. Best is trial 67 with value: 0.037504430190689754.
[I 2026-03-06 05:07:12,098] Trial 77 finished with value: 0.06417089706579034 and parameters: {'sigma_noise': 0.22995175598831624, 'A_repulsion': 0.3180184860563786, 'gamma': 0.4303166110877046, 'sigma_update': 0.16873703312818988, 'eta_learning': 1.181276325856732, 'sigma_boundary': 4.40331511597736, 'alpha': 0.6744978805539744}. Best is trial 67 with value: 0.037504430190689754.
[I 2026-03-06 05:07:26,226] Trial 80 finished with value: 0.1147060266851363 and parameters: {'sigma_noise': 0.2596335930094799, 'A_repulsion': 0.23051734978639704, 'gamma': 0.667122116299128, 'sigma_update': 0.3358267914012591, 'eta_learning': 1.8363227766371282, 'sigma_boundary': 7.637326752903248, 'alpha': 0.5172545385909437}. Best is trial 67 with value: 0.037504430190689754.
[I 2026-03-06 05:07:36,524] Trial 79 finished with value: 0.06122067610704447 and parameters: {'sigma_noise': 0.23941719970006653, 'A_repulsion': 0.32566966734739716, 'gamma': 0.7158335793943476, 'sigma_update': 0.2373371343453608, 'eta_learning': 2.555898629517357, 'sigma_boundary': 3.915022725776656, 'alpha': 0.9343652343454429}. Best is trial 67 with value: 0.037504430190689754.
[I 2026-03-06 05:08:13,065] Trial 83 finished with value: 0.5339020946613547 and parameters: {'sigma_noise': 0.19541932299111697, 'A_repulsion': 0.2731634917014794, 'gamma': 0.37057687840227904, 'sigma_update': 0.38666122085322163, 'eta_learning': 2.087119400252658, 'sigma_boundary': 2.9806916453867287, 'alpha': 0.35570983382339716}. Best is trial 67 with value: 0.037504430190689754.
[I 2026-03-06 05:08:56,664] Trial 89 finished with value: 0.15681374494420303 and parameters: {'sigma_noise': 0.13945432267128607, 'A_repulsion': 0.23632543425059674, 'gamma': 0.6973853006373565, 'sigma_update': 0.037051362472275334, 'eta_learning': 1.5613134186241533, 'sigma_boundary': 2.8157018036475177, 'alpha': 0.5569699256260324}. Best is trial 67 with value: 0.037504430190689754.
[I 2026-03-06 05:09:05,655] Trial 87 finished with value: 0.23674464552777794 and parameters: {'sigma_noise': 0.22530466828095602, 'A_repulsion': 0.19130759632698974, 'gamma': 0.374374102289595, 'sigma_update': 0.27965052619373904, 'eta_learning': 1.6948771702438565, 'sigma_boundary': 4.158819346050671, 'alpha': 0.3867808718139053}. Best is trial 67 with value: 0.037504430190689754.
[I 2026-03-06 05:09:16,463] Trial 90 finished with value: 0.04570724808909721 and parameters: {'sigma_noise': 0.1921401516293912, 'A_repulsion': 0.22200011913959983, 'gamma': 0.5980228884458362, 'sigma_update': 0.24906372339923744, 'eta_learning': 1.6085311152632196, 'sigma_boundary': 2.319244040878258, 'alpha': 0.7301305035746044}. Best is trial 67 with value: 0.037504430190689754.
[I 2026-03-06 05:10:17,157] Trial 88 finished with value: 0.07095785423938954 and parameters: {'sigma_noise': 0.3124795514127852, 'A_repulsion': 0.21853320743892216, 'gamma': 0.5467712677161856, 'sigma_update': 0.28738861770941815, 'eta_learning': 1.8723595720053792, 'sigma_boundary': 4.19881858595024, 'alpha': 0.8302050853212769}. Best is trial 67 with value: 0.037504430190689754.
[I 2026-03-06 05:10:20,019] Trial 86 finished with value: 0.2458834584669171 and parameters: {'sigma_noise': 0.2563119487485451, 'A_repulsion': 0.26008492283182555, 'gamma': 0.7910204766992822, 'sigma_update': 0.4191319155151819, 'eta_learning': 1.8461382362544685, 'sigma_boundary': 2.477627223201197, 'alpha': 0.4342269134144438}. Best is trial 67 with value: 0.037504430190689754.
[I 2026-03-06 05:10:21,764] Trial 85 finished with value: 1.1684672415165243 and parameters: {'sigma_noise': 0.2824946155109483, 'A_repulsion': 0.30869662036409734, 'gamma': 0.39821843308261545, 'sigma_update': 0.3588763992874297, 'eta_learning': 2.137634700282787, 'sigma_boundary': 3.0892606637409554, 'alpha': 0.3247975920175075}. Best is trial 67 with value: 0.037504430190689754.
[I 2026-03-06 05:10:27,331] Trial 84 finished with value: 0.6072179959673522 and parameters: {'sigma_noise': 0.3575962173800992, 'A_repulsion': 0.33027465125006294, 'gamma': 0.6291824664889987, 'sigma_update': 0.38386308547996634, 'eta_learning': 1.7118348160180081, 'sigma_boundary': 8.74929315025844, 'alpha': 0.4359200504623114}. Best is trial 67 with value: 0.037504430190689754.
[I 2026-03-06 05:10:46,449] Trial 92 finished with value: 0.04636793975437385 and parameters: {'sigma_noise': 0.25358084539811027, 'A_repulsion': 0.22451715137888487, 'gamma': 0.5835894394864848, 'sigma_update': 0.3277403491283195, 'eta_learning': 1.0644106594559557, 'sigma_boundary': 0.6755084379243951, 'alpha': 0.7341395628931777}. Best is trial 67 with value: 0.037504430190689754.
[I 2026-03-06 05:11:05,993] Trial 93 finished with value: 0.05694193499092576 and parameters: {'sigma_noise': 0.20959537030957304, 'A_repulsion': 0.2781150929828411, 'gamma': 0.6106959147550803, 'sigma_update': 0.327953839639322, 'eta_learning': 2.1809433953082813, 'sigma_boundary': 6.265824502971808, 'alpha': 0.9132363126264533}. Best is trial 67 with value: 0.037504430190689754.
[I 2026-03-06 05:11:32,522] Trial 91 finished with value: 0.12645244512201773 and parameters: {'sigma_noise': 0.3218117414029177, 'A_repulsion': 0.18772718435257457, 'gamma': 0.6676597356168367, 'sigma_update': 0.436854271064716, 'eta_learning': 2.4615724934534127, 'sigma_boundary': 3.796307340029596, 'alpha': 0.6289045742648043}. Best is trial 67 with value: 0.037504430190689754.
[I 2026-03-06 05:11:55,995] Trial 94 finished with value: 0.0305850526331572 and parameters: {'sigma_noise': 0.30141504790126505, 'A_repulsion': 0.20030835824651405, 'gamma': 0.8130751449475653, 'sigma_update': 0.1994667649342966, 'eta_learning': 0.8031126848916107, 'sigma_boundary': 1.8889243478113424, 'alpha': 0.6922793008377219}. Best is trial 94 with value: 0.0305850526331572.
[I 2026-03-06 05:12:03,228] Trial 95 finished with value: 0.0440774791747118 and parameters: {'sigma_noise': 0.2491924570277551, 'A_repulsion': 0.20585554864174727, 'gamma': 0.5524004857024916, 'sigma_update': 0.14138959024977824, 'eta_learning': 2.1900458429206098, 'sigma_boundary': 2.700921674542335, 'alpha': 0.6274844239548228}. Best is trial 94 with value: 0.0305850526331572.
[I 2026-03-06 05:14:30,985] Trial 96 finished with value: 0.05184345211158261 and parameters: {'sigma_noise': 0.2568303897174468, 'A_repulsion': 0.21077368754040812, 'gamma': 0.45232519663449505, 'sigma_update': 0.1867342728385347, 'eta_learning': 1.2161484902099025, 'sigma_boundary': 1.6630291896626352, 'alpha': 0.66347838610401}. Best is trial 94 with value: 0.0305850526331572.
[I 2026-03-06 05:16:06,137] Trial 99 finished with value: 0.05477825752324792 and parameters: {'sigma_noise': 0.2343817305044118, 'A_repulsion': 0.12336699020100714, 'gamma': 0.7029879279089722, 'sigma_update': 0.25996626721541777, 'eta_learning': 1.0750960217023204, 'sigma_boundary': 4.50786488705421, 'alpha': 0.5312959665240626}. Best is trial 94 with value: 0.0305850526331572.
[I 2026-03-06 05:16:16,011] Trial 97 finished with value: 0.03937718512773609 and parameters: {'sigma_noise': 0.25548633584963076, 'A_repulsion': 0.19975979865897905, 'gamma': 0.6229817928354707, 'sigma_update': 0.2385358931939026, 'eta_learning': 1.7350861342632837, 'sigma_boundary': 1.7807349823250735, 'alpha': 0.8002168664103052}. Best is trial 94 with value: 0.0305850526331572.
[I 2026-03-06 05:17:14,287] Trial 98 finished with value: 0.0780486902392287 and parameters: {'sigma_noise': 0.3758233445720733, 'A_repulsion': 0.09409415795926993, 'gamma': 0.7340513860253965, 'sigma_update': 0.350716819213602, 'eta_learning': 1.9461408601056478, 'sigma_boundary': 0.21192516896307692, 'alpha': 0.6219528453668054}. Best is trial 94 with value: 0.0305850526331572.
[I 2026-03-06 05:17:24,194] Trial 100 finished with value: 0.9952232279448595 and parameters: {'sigma_noise': 0.29715387950581856, 'A_repulsion': 0.2420961411245301, 'gamma': 0.5341328932867903, 'sigma_update': 0.37896500858107024, 'eta_learning': 1.9659340437707185, 'sigma_boundary': 1.6022063982432848, 'alpha': 0.3322870700792543}. Best is trial 94 with value: 0.0305850526331572.
[I 2026-03-06 05:18:08,723] Trial 103 finished with value: 0.26369964200861296 and parameters: {'sigma_noise': 0.2806635846211208, 'A_repulsion': 0.11302782702899114, 'gamma': 0.6521188071626297, 'sigma_update': 0.4179128374991312, 'eta_learning': 2.359861733217657, 'sigma_boundary': 3.7118464632118333, 'alpha': 0.4689313252851932}. Best is trial 94 with value: 0.0305850526331572.
[I 2026-03-06 05:18:40,558] Trial 102 finished with value: 0.0331814285480721 and parameters: {'sigma_noise': 0.23541917548714025, 'A_repulsion': 0.2526161303030655, 'gamma': 0.7086130078465848, 'sigma_update': 0.22742258055386855, 'eta_learning': 1.6247049025016966, 'sigma_boundary': 4.579698492813709, 'alpha': 0.6192479824629218}. Best is trial 94 with value: 0.0305850526331572.
[I 2026-03-06 05:18:49,970] Trial 106 finished with value: 0.04940574660221357 and parameters: {'sigma_noise': 0.24340969181081773, 'A_repulsion': 0.18980426571802173, 'gamma': 0.6520587656776826, 'sigma_update': 0.1476908429676499, 'eta_learning': 1.816434122115694, 'sigma_boundary': 2.22577413077434, 'alpha': 0.4919529616172809}. Best is trial 94 with value: 0.0305850526331572.
[I 2026-03-06 05:18:56,424] Trial 107 finished with value: 0.02409959246138045 and parameters: {'sigma_noise': 0.21363515821773316, 'A_repulsion': 0.1453127512306428, 'gamma': 0.8062182285106955, 'sigma_update': 0.2880382377863073, 'eta_learning': 1.538759215306745, 'sigma_boundary': 3.4186333876376382, 'alpha': 0.6122223691287574}. Best is trial 107 with value: 0.02409959246138045.
[I 2026-03-06 05:19:17,666] Trial 101 finished with value: 0.053306088407812036 and parameters: {'sigma_noise': 0.2782364120209638, 'A_repulsion': 0.2625253932889612, 'gamma': 0.5966899479058987, 'sigma_update': 0.2481183921469113, 'eta_learning': 1.6478157818870893, 'sigma_boundary': 5.214401436327015, 'alpha': 0.7096156652878012}. Best is trial 107 with value: 0.02409959246138045.
[I 2026-03-06 05:19:36,202] Trial 104 finished with value: 0.12193964424946066 and parameters: {'sigma_noise': 0.3130993591753395, 'A_repulsion': 0.1878240693858974, 'gamma': 0.5858218836400735, 'sigma_update': 0.35822117692116945, 'eta_learning': 1.460524596356607, 'sigma_boundary': 1.3621303840187302, 'alpha': 0.5712543651893581}. Best is trial 107 with value: 0.02409959246138045.
[I 2026-03-06 05:19:47,578] Trial 112 finished with value: 0.07840108541997345 and parameters: {'sigma_noise': 0.1539070698120487, 'A_repulsion': 0.11520533161726598, 'gamma': 0.5472722172471582, 'sigma_update': 0.18830281418834152, 'eta_learning': 1.4990816385631556, 'sigma_boundary': 5.304120361962145, 'alpha': 0.412975887474895}. Best is trial 107 with value: 0.02409959246138045.
[I 2026-03-06 05:19:59,983] Trial 105 finished with value: 0.021634326978427612 and parameters: {'sigma_noise': 0.3245390267612988, 'A_repulsion': 0.1931164329305368, 'gamma': 0.9390262991708153, 'sigma_update': 0.22421402707995258, 'eta_learning': 1.9443032315567057, 'sigma_boundary': 4.250091737835433, 'alpha': 0.6795708389294615}. Best is trial 105 with value: 0.021634326978427612.
[I 2026-03-06 05:20:33,116] Trial 108 finished with value: 0.031139211354983667 and parameters: {'sigma_noise': 0.21015058473621118, 'A_repulsion': 0.2719577652258428, 'gamma': 0.8349225082971398, 'sigma_update': 0.2844985548259389, 'eta_learning': 1.3958014411578838, 'sigma_boundary': 3.1787309423039973, 'alpha': 0.7168377973675861}. Best is trial 105 with value: 0.021634326978427612.
[I 2026-03-06 05:21:04,190] Trial 111 finished with value: 0.06838014598281851 and parameters: {'sigma_noise': 0.27856053500134553, 'A_repulsion': 0.09820023105067424, 'gamma': 0.48819283825508436, 'sigma_update': 0.3450371863714705, 'eta_learning': 1.8447218567848531, 'sigma_boundary': 1.9587344258482042, 'alpha': 0.7982483820897355}. Best is trial 105 with value: 0.021634326978427612.
[I 2026-03-06 05:21:14,940] Trial 110 finished with value: 0.045982491090229186 and parameters: {'sigma_noise': 0.23445178367510883, 'A_repulsion': 0.26254311444891326, 'gamma': 0.6094643346640815, 'sigma_update': 0.22430152020562472, 'eta_learning': 0.9568943018469469, 'sigma_boundary': 2.8518588453018934, 'alpha': 0.7213989070790293}. Best is trial 105 with value: 0.021634326978427612.
[I 2026-03-06 05:21:23,378] Trial 109 finished with value: 0.06519873041606036 and parameters: {'sigma_noise': 0.3298722108544626, 'A_repulsion': 0.14612623560574856, 'gamma': 0.6049204214595468, 'sigma_update': 0.30145901851914986, 'eta_learning': 1.7460383881088646, 'sigma_boundary': 0.71439875750914, 'alpha': 0.7924581698723602}. Best is trial 105 with value: 0.021634326978427612.
