/nfs/nhome/live/apourdehghan/Hybrid_hpc_utils.py:56: DtypeWarning: Columns (16) have mixed types. Specify dtype option on import or set low_memory=False.
  data = pd.read_csv(data_path)
[I 2026-03-06 07:03:15,763] A new study created in memory with name: no-name-b93fb2d2-53e8-4378-b0a5-656da745a034
[I 2026-03-06 07:10:11,898] Trial 4 finished with value: 0.7379123129711103 and parameters: {'sigma_noise': 0.11071529685947286, 'A_repulsion': 0.03584533906672749, 'gamma': 0.200855206311525, 'sigma_update': 0.3298256066866179, 'eta_learning': 0.9624331983480839, 'sigma_boundary': 8.762789997622036, 'alpha': 0.061518901328888376}. Best is trial 4 with value: 0.7379123129711103.
[I 2026-03-06 07:10:43,929] Trial 18 finished with value: 0.13059020298484222 and parameters: {'sigma_noise': 0.21725352991940383, 'A_repulsion': 0.0020965832706006937, 'gamma': 0.07858449646241021, 'sigma_update': 0.40913085967838875, 'eta_learning': 1.8745213144078137, 'sigma_boundary': 2.6093064625897098, 'alpha': 0.9741470394080222}. Best is trial 18 with value: 0.13059020298484222.
[I 2026-03-06 07:11:27,100] Trial 8 finished with value: 0.2873945572687402 and parameters: {'sigma_noise': 0.09058973329822453, 'A_repulsion': 0.46018110982796684, 'gamma': 0.4817143270986436, 'sigma_update': 0.6179925226140358, 'eta_learning': 2.8535346292370494, 'sigma_boundary': 7.1617998182532885, 'alpha': 0.5399927323321776}. Best is trial 18 with value: 0.13059020298484222.
[I 2026-03-06 07:11:30,334] Trial 16 finished with value: 0.030820008793213734 and parameters: {'sigma_noise': 0.3052462571100365, 'A_repulsion': 0.01355585016013161, 'gamma': 0.7933953981804638, 'sigma_update': 0.38255575691794325, 'eta_learning': 1.5720953455444113, 'sigma_boundary': 5.137435748860998, 'alpha': 0.8493101253678992}. Best is trial 16 with value: 0.030820008793213734.
[I 2026-03-06 07:11:32,321] Trial 10 finished with value: 1.2228282978847151 and parameters: {'sigma_noise': 0.17394621864312235, 'A_repulsion': 0.15640191490350103, 'gamma': 0.9563095566293609, 'sigma_update': 0.18317311953607227, 'eta_learning': 1.2495949267972501, 'sigma_boundary': 0.287930713441072, 'alpha': 0.111236134167495}. Best is trial 16 with value: 0.030820008793213734.
[I 2026-03-06 07:11:33,658] Trial 20 finished with value: 0.4663193683227279 and parameters: {'sigma_noise': 0.28209892210499243, 'A_repulsion': 0.063382270053148, 'gamma': 0.020482355293634076, 'sigma_update': 0.6273690398119809, 'eta_learning': 0.8450593904825097, 'sigma_boundary': 7.8384543234784445, 'alpha': 0.7724142033658931}. Best is trial 16 with value: 0.030820008793213734.
[I 2026-03-06 07:11:36,252] Trial 1 finished with value: 0.07970358994415347 and parameters: {'sigma_noise': 0.15129236603655466, 'A_repulsion': 0.27040805121788897, 'gamma': 0.4938333986306614, 'sigma_update': 0.20743384889114158, 'eta_learning': 2.154820796329361, 'sigma_boundary': 8.551244331967387, 'alpha': 0.8421175662567797}. Best is trial 16 with value: 0.030820008793213734.
[I 2026-03-06 07:11:39,470] Trial 19 finished with value: 0.15458380552871614 and parameters: {'sigma_noise': 0.12249743529085531, 'A_repulsion': 0.3565782808497699, 'gamma': 0.13942842474452846, 'sigma_update': 0.37654626227804305, 'eta_learning': 1.3442609006839938, 'sigma_boundary': 4.545762819373987, 'alpha': 0.8542810272908175}. Best is trial 16 with value: 0.030820008793213734.
[I 2026-03-06 07:11:58,765] Trial 7 finished with value: 1.0654493327989916 and parameters: {'sigma_noise': 0.18215250423534213, 'A_repulsion': 0.26477003181482944, 'gamma': 0.20402301621294403, 'sigma_update': 0.09536727139962455, 'eta_learning': 1.6242430755560824, 'sigma_boundary': 3.781822431200795, 'alpha': 0.25893472972486364}. Best is trial 16 with value: 0.030820008793213734.
[I 2026-03-06 07:11:59,238] Trial 3 finished with value: 1.5498486142405727 and parameters: {'sigma_noise': 0.2901841143879957, 'A_repulsion': 0.07497409377667402, 'gamma': 0.7773596354003426, 'sigma_update': 0.2802672580703795, 'eta_learning': 2.1823693265294146, 'sigma_boundary': 4.0240823169817395, 'alpha': 0.2185648509965965}. Best is trial 16 with value: 0.030820008793213734.
[I 2026-03-06 07:12:19,261] Trial 12 finished with value: 1.0153326366414388 and parameters: {'sigma_noise': 0.15733856764357768, 'A_repulsion': 0.3549352947310711, 'gamma': 0.504280935862511, 'sigma_update': 0.02289539394743484, 'eta_learning': 1.4095904748523458, 'sigma_boundary': 1.8078241370375074, 'alpha': 0.30837956228200114}. Best is trial 16 with value: 0.030820008793213734.
[I 2026-03-06 07:12:32,953] Trial 13 finished with value: 0.1384725553185433 and parameters: {'sigma_noise': 0.42305352801446444, 'A_repulsion': 0.01372333145704513, 'gamma': 0.8126638809659611, 'sigma_update': 0.16336743041207402, 'eta_learning': 2.106262486997489, 'sigma_boundary': 4.634011427197192, 'alpha': 0.8996374755902795}. Best is trial 16 with value: 0.030820008793213734.
[I 2026-03-06 07:12:42,859] Trial 21 finished with value: 0.07558204282442402 and parameters: {'sigma_noise': 0.24352171723758687, 'A_repulsion': 0.2575445499179226, 'gamma': 0.3425677317423203, 'sigma_update': 0.19622340893227128, 'eta_learning': 1.1533571407627166, 'sigma_boundary': 8.978887501789611, 'alpha': 0.506633566799948}. Best is trial 16 with value: 0.030820008793213734.
[I 2026-03-06 07:13:05,812] Trial 11 finished with value: 0.2926144684201652 and parameters: {'sigma_noise': 0.32223823856665534, 'A_repulsion': 0.2371798935594741, 'gamma': 0.44009710651427975, 'sigma_update': 0.5931961334153807, 'eta_learning': 2.9224170730334653, 'sigma_boundary': 9.072723667529507, 'alpha': 0.8341565442941327}. Best is trial 16 with value: 0.030820008793213734.
[I 2026-03-06 07:13:09,941] Trial 15 finished with value: 0.9549667741564842 and parameters: {'sigma_noise': 0.35476323766053053, 'A_repulsion': 0.19110117406782196, 'gamma': 0.6539825641050685, 'sigma_update': 0.5977389536618638, 'eta_learning': 0.9304540163639685, 'sigma_boundary': 6.389901363666242, 'alpha': 0.40873472027062496}. Best is trial 16 with value: 0.030820008793213734.
[I 2026-03-06 07:13:11,464] Trial 17 finished with value: 0.07063133771186879 and parameters: {'sigma_noise': 0.3603585036728086, 'A_repulsion': 0.17381677907486098, 'gamma': 0.7073182845812617, 'sigma_update': 0.10887593253556356, 'eta_learning': 0.04423999260616983, 'sigma_boundary': 7.655226487016386, 'alpha': 0.39963471908340265}. Best is trial 16 with value: 0.030820008793213734.
[I 2026-03-06 07:13:11,708] Trial 9 finished with value: 2.6612267205622198 and parameters: {'sigma_noise': 0.39864606725617713, 'A_repulsion': 0.15937908090104447, 'gamma': 0.6321575336781772, 'sigma_update': 0.6418278988027655, 'eta_learning': 1.926331796126586, 'sigma_boundary': 2.588130424145235, 'alpha': 0.08191037566010395}. Best is trial 16 with value: 0.030820008793213734.
[I 2026-03-06 07:13:20,650] Trial 14 finished with value: 0.3697389712686877 and parameters: {'sigma_noise': 0.17930596470843002, 'A_repulsion': 0.4627486646208081, 'gamma': 0.5066874049179583, 'sigma_update': 0.033000703579834895, 'eta_learning': 0.9295295413508535, 'sigma_boundary': 0.8779097692594025, 'alpha': 0.4937026716119415}. Best is trial 16 with value: 0.030820008793213734.
[I 2026-03-06 07:13:37,074] Trial 6 finished with value: 2.694306624329794 and parameters: {'sigma_noise': 0.26627211164798914, 'A_repulsion': 0.46838633961193427, 'gamma': 0.6110995152458274, 'sigma_update': 0.45250498661338806, 'eta_learning': 1.41546559913402, 'sigma_boundary': 3.051455163949778, 'alpha': 0.14937745937535207}. Best is trial 16 with value: 0.030820008793213734.
[I 2026-03-06 07:13:48,382] Trial 2 finished with value: 0.506675413248471 and parameters: {'sigma_noise': 0.4074916006734456, 'A_repulsion': 0.19695684522372875, 'gamma': 0.2562475258165689, 'sigma_update': 0.05054671067518862, 'eta_learning': 0.730403055861418, 'sigma_boundary': 9.888838127381241, 'alpha': 0.7872729813434075}. Best is trial 16 with value: 0.030820008793213734.
[I 2026-03-06 07:14:05,960] Trial 5 finished with value: 0.17552839393945496 and parameters: {'sigma_noise': 0.38646178515125684, 'A_repulsion': 0.3704599923033771, 'gamma': 0.2815472428304641, 'sigma_update': 0.24505640324694247, 'eta_learning': 0.9111602331846256, 'sigma_boundary': 4.144598455736622, 'alpha': 0.865955549903942}. Best is trial 16 with value: 0.030820008793213734.
[I 2026-03-06 07:14:06,779] Trial 22 finished with value: 0.12214974377930918 and parameters: {'sigma_noise': 0.3801325301490283, 'A_repulsion': 0.39616201374655485, 'gamma': 0.999796503870442, 'sigma_update': 0.061558236821942926, 'eta_learning': 2.5907976557821133, 'sigma_boundary': 9.92293951225189, 'alpha': 0.9718078698117761}. Best is trial 16 with value: 0.030820008793213734.
[I 2026-03-06 07:14:11,467] Trial 0 finished with value: 0.3598574060351508 and parameters: {'sigma_noise': 0.4389590963090907, 'A_repulsion': 0.3163146291918457, 'gamma': 0.051179973817339755, 'sigma_update': 0.2636082791733199, 'eta_learning': 1.985881930014833, 'sigma_boundary': 3.71655153043617, 'alpha': 0.42878584899714123}. Best is trial 16 with value: 0.030820008793213734.
[I 2026-03-06 07:14:47,088] Trial 23 finished with value: 0.38072416146429333 and parameters: {'sigma_noise': 0.4479540195279152, 'A_repulsion': 0.40821015678480055, 'gamma': 0.40434039319849246, 'sigma_update': 0.5814929499602858, 'eta_learning': 0.5152696886057757, 'sigma_boundary': 0.054630915122098764, 'alpha': 0.7256080288427071}. Best is trial 16 with value: 0.030820008793213734.
[I 2026-03-06 07:20:17,564] Trial 24 finished with value: 1.093953476575999 and parameters: {'sigma_noise': 0.23351974421490734, 'A_repulsion': 0.2245142652252949, 'gamma': 0.4821333285955318, 'sigma_update': 0.5426900388879156, 'eta_learning': 2.0651718316720005, 'sigma_boundary': 4.605034510181735, 'alpha': 0.34404126565844073}. Best is trial 16 with value: 0.030820008793213734.
[I 2026-03-06 07:20:23,715] Trial 26 finished with value: 0.20756358291317697 and parameters: {'sigma_noise': 0.17056718524944742, 'A_repulsion': 0.2036109286732498, 'gamma': 0.020447571682942686, 'sigma_update': 0.3429422867359461, 'eta_learning': 2.1723386522482095, 'sigma_boundary': 3.7790007511703343, 'alpha': 0.47488364697390045}. Best is trial 16 with value: 0.030820008793213734.
[I 2026-03-06 07:20:25,963] Trial 25 finished with value: 0.12161645447227498 and parameters: {'sigma_noise': 0.22951799765398012, 'A_repulsion': 0.21339000133448507, 'gamma': 0.44973143047219705, 'sigma_update': 0.37463232319275924, 'eta_learning': 1.8825660220577303, 'sigma_boundary': 4.846999347913483, 'alpha': 0.6680940416952296}. Best is trial 16 with value: 0.030820008793213734.
[I 2026-03-06 07:20:41,600] Trial 32 finished with value: 0.2569952835456807 and parameters: {'sigma_noise': 0.16323064052241287, 'A_repulsion': 0.11515481174383396, 'gamma': 0.7301962977141548, 'sigma_update': 0.41854122061585697, 'eta_learning': 0.8939588720997085, 'sigma_boundary': 3.256619467013423, 'alpha': 0.37844074164791264}. Best is trial 16 with value: 0.030820008793213734.
[I 2026-03-06 07:21:08,464] Trial 30 finished with value: 0.11276117005846031 and parameters: {'sigma_noise': 0.2688898095154805, 'A_repulsion': 0.12949361587419017, 'gamma': 0.33085235878761643, 'sigma_update': 0.2589734515147907, 'eta_learning': 1.642385963269761, 'sigma_boundary': 7.3011027800571515, 'alpha': 0.5570746294133071}. Best is trial 16 with value: 0.030820008793213734.
[I 2026-03-06 07:21:14,789] Trial 28 finished with value: 0.0775994311038629 and parameters: {'sigma_noise': 0.2709997330182187, 'A_repulsion': 0.12728097388669846, 'gamma': 0.7846067149157498, 'sigma_update': 0.3470696899468725, 'eta_learning': 1.1793904602050276, 'sigma_boundary': 3.974645879234879, 'alpha': 0.569186374919298}. Best is trial 16 with value: 0.030820008793213734.
[I 2026-03-06 07:21:26,795] Trial 33 finished with value: 0.23799863945096023 and parameters: {'sigma_noise': 0.22451003227904648, 'A_repulsion': 0.20776951656205137, 'gamma': 0.39828800200803216, 'sigma_update': 0.3769377254548698, 'eta_learning': 2.0704823102499943, 'sigma_boundary': 5.040174630814188, 'alpha': 0.4944989052964002}. Best is trial 16 with value: 0.030820008793213734.
[I 2026-03-06 07:21:46,687] Trial 37 finished with value: 0.2800099046853004 and parameters: {'sigma_noise': 0.16357272496219089, 'A_repulsion': 0.14723489986420307, 'gamma': 0.4457221552925042, 'sigma_update': 0.5066971921389418, 'eta_learning': 1.5586281763469747, 'sigma_boundary': 1.7181515222692996, 'alpha': 0.5152382954899961}. Best is trial 16 with value: 0.030820008793213734.
[I 2026-03-06 07:21:46,979] Trial 40 finished with value: 0.5687212769092158 and parameters: {'sigma_noise': 0.17899606706624804, 'A_repulsion': 0.14504773657073533, 'gamma': 0.5362747558867952, 'sigma_update': 0.4043410387422669, 'eta_learning': 0.6586646451307916, 'sigma_boundary': 6.04578684164848, 'alpha': 0.28055813118876405}. Best is trial 16 with value: 0.030820008793213734.
[I 2026-03-06 07:22:03,202] Trial 34 finished with value: 0.17802714043209047 and parameters: {'sigma_noise': 0.26499450801043817, 'A_repulsion': 0.16115134161427735, 'gamma': 0.4927804057821401, 'sigma_update': 0.17093178062642692, 'eta_learning': 1.1315698382890131, 'sigma_boundary': 5.747620265038941, 'alpha': 0.41873425355443517}. Best is trial 16 with value: 0.030820008793213734.
[I 2026-03-06 07:22:08,012] Trial 27 finished with value: 0.3610143000414025 and parameters: {'sigma_noise': 0.24503424136873742, 'A_repulsion': 0.35890992116165055, 'gamma': 0.33350972931035894, 'sigma_update': 0.3858608751359304, 'eta_learning': 1.090154604307502, 'sigma_boundary': 5.122308948075061, 'alpha': 0.4393467268526502}. Best is trial 16 with value: 0.030820008793213734.
[I 2026-03-06 07:22:12,664] Trial 29 finished with value: 0.16744781739040604 and parameters: {'sigma_noise': 0.3385695279603421, 'A_repulsion': 0.15255270719119923, 'gamma': 0.7344941630931151, 'sigma_update': 0.36712911163143075, 'eta_learning': 1.5376864683807343, 'sigma_boundary': 5.514291987242088, 'alpha': 0.5711739965250497}. Best is trial 16 with value: 0.030820008793213734.
[I 2026-03-06 07:22:36,274] Trial 41 finished with value: 0.2568949201124875 and parameters: {'sigma_noise': 0.2730827568998135, 'A_repulsion': 0.11178148115118097, 'gamma': 0.24689707819011839, 'sigma_update': 0.4706630016684397, 'eta_learning': 1.821053870966161, 'sigma_boundary': 4.778616116772034, 'alpha': 0.6869301919124922}. Best is trial 16 with value: 0.030820008793213734.
[I 2026-03-06 07:22:44,273] Trial 31 finished with value: 0.9314801772853257 and parameters: {'sigma_noise': 0.2891523764286616, 'A_repulsion': 0.3690603266938871, 'gamma': 0.5489036422195375, 'sigma_update': 0.22381735179317527, 'eta_learning': 1.7628879778747868, 'sigma_boundary': 2.1657127017038986, 'alpha': 0.35709134872631165}. Best is trial 16 with value: 0.030820008793213734.
[I 2026-03-06 07:22:46,386] Trial 39 finished with value: 0.24748574104623786 and parameters: {'sigma_noise': 0.22085873730745403, 'A_repulsion': 0.2231619649099231, 'gamma': 0.44894647857676817, 'sigma_update': 0.4048845691793325, 'eta_learning': 1.838305813901496, 'sigma_boundary': 1.9205399771363691, 'alpha': 0.4816914281649153}. Best is trial 16 with value: 0.030820008793213734.
[I 2026-03-06 07:23:08,454] Trial 43 finished with value: 0.3675147257677948 and parameters: {'sigma_noise': 0.17769383978762182, 'A_repulsion': 0.24951945935347192, 'gamma': 0.39744784442049536, 'sigma_update': 0.5880421702320665, 'eta_learning': 0.8700944054630219, 'sigma_boundary': 6.516322061095406, 'alpha': 0.5697754669853397}. Best is trial 16 with value: 0.030820008793213734.
[I 2026-03-06 07:23:18,956] Trial 45 finished with value: 0.12140512686671542 and parameters: {'sigma_noise': 0.1566542538851171, 'A_repulsion': 0.3188132985848453, 'gamma': 0.5978414926387141, 'sigma_update': 0.3125654559607384, 'eta_learning': 1.38972513972605, 'sigma_boundary': 3.762288025207857, 'alpha': 0.4620256754810561}. Best is trial 16 with value: 0.030820008793213734.
[I 2026-03-06 07:23:30,824] Trial 36 finished with value: 0.5352848140429772 and parameters: {'sigma_noise': 0.2875863160136261, 'A_repulsion': 0.33218293252762965, 'gamma': 0.5389318923121552, 'sigma_update': 0.5718184006323204, 'eta_learning': 1.2195711099724558, 'sigma_boundary': 3.5512368591624877, 'alpha': 0.5280729557689265}. Best is trial 16 with value: 0.030820008793213734.
[I 2026-03-06 07:23:43,511] Trial 35 finished with value: 2.632316174591468 and parameters: {'sigma_noise': 0.372527862503168, 'A_repulsion': 0.25319477252467404, 'gamma': 0.2338368978342083, 'sigma_update': 0.19186893475900454, 'eta_learning': 0.787143489794783, 'sigma_boundary': 0.7055442594418264, 'alpha': 0.15842441236144106}. Best is trial 16 with value: 0.030820008793213734.
[I 2026-03-06 07:23:55,106] Trial 38 finished with value: 0.23827563659400702 and parameters: {'sigma_noise': 0.3069927635461126, 'A_repulsion': 0.2908419795772318, 'gamma': 0.423637213317901, 'sigma_update': 0.4210819441017867, 'eta_learning': 1.192694841174049, 'sigma_boundary': 3.748082876838156, 'alpha': 0.6412702998019681}. Best is trial 16 with value: 0.030820008793213734.
[I 2026-03-06 07:24:10,982] Trial 42 finished with value: 0.0664475487073529 and parameters: {'sigma_noise': 0.21821821633733618, 'A_repulsion': 0.34419600525127503, 'gamma': 0.42352414679589234, 'sigma_update': 0.11547213889823642, 'eta_learning': 1.2053512969430742, 'sigma_boundary': 5.321870962246535, 'alpha': 0.5076436406037538}. Best is trial 16 with value: 0.030820008793213734.
[I 2026-03-06 07:24:16,351] Trial 46 finished with value: 0.19221197536160184 and parameters: {'sigma_noise': 0.29643302992792736, 'A_repulsion': 0.16999478784303493, 'gamma': 0.4942080584067045, 'sigma_update': 0.3238690559817864, 'eta_learning': 0.7344932332833782, 'sigma_boundary': 4.094685587421055, 'alpha': 0.5343028638761487}. Best is trial 16 with value: 0.030820008793213734.
[I 2026-03-06 07:25:22,727] Trial 44 finished with value: 1.056684303461609 and parameters: {'sigma_noise': 0.33859426624264277, 'A_repulsion': 0.37034594611301574, 'gamma': 0.38476053687845063, 'sigma_update': 0.3987971474474017, 'eta_learning': 2.1022467710898303, 'sigma_boundary': 6.97949836217811, 'alpha': 0.37752769005653847}. Best is trial 16 with value: 0.030820008793213734.
[I 2026-03-06 07:25:24,915] Trial 47 finished with value: 0.765636634761232 and parameters: {'sigma_noise': 0.32669746281521217, 'A_repulsion': 0.21848722994888375, 'gamma': 0.524595588647958, 'sigma_update': 0.5483466548190845, 'eta_learning': 1.1778585759492755, 'sigma_boundary': 2.4002072626264486, 'alpha': 0.4593354391529321}. Best is trial 16 with value: 0.030820008793213734.
[I 2026-03-06 07:29:41,752] Trial 49 finished with value: 1.381469887085328 and parameters: {'sigma_noise': 0.15789526363442768, 'A_repulsion': 0.26633372231593794, 'gamma': 0.2143274541310716, 'sigma_update': 0.5291377964253136, 'eta_learning': 1.9520637632499025, 'sigma_boundary': 4.953238403800808, 'alpha': 0.2259339525417421}. Best is trial 16 with value: 0.030820008793213734.
[I 2026-03-06 07:30:28,455] Trial 58 finished with value: 0.08814420217376918 and parameters: {'sigma_noise': 0.17105103638189856, 'A_repulsion': 0.06754241893172086, 'gamma': 0.29292337819756, 'sigma_update': 0.3064381686481784, 'eta_learning': 1.9240338514832076, 'sigma_boundary': 6.697563706515359, 'alpha': 0.7265309094282042}. Best is trial 16 with value: 0.030820008793213734.
[I 2026-03-06 07:30:54,134] Trial 56 finished with value: 0.07273697226582743 and parameters: {'sigma_noise': 0.2744611310653635, 'A_repulsion': 0.0544039886846481, 'gamma': 0.8449802294577325, 'sigma_update': 0.2221029683776097, 'eta_learning': 1.6856170218936384, 'sigma_boundary': 2.919870340131998, 'alpha': 0.47955928334512976}. Best is trial 16 with value: 0.030820008793213734.
[I 2026-03-06 07:30:55,139] Trial 55 finished with value: 0.10703165122087561 and parameters: {'sigma_noise': 0.2346133459854985, 'A_repulsion': 0.09222493881019539, 'gamma': 0.38703085241359153, 'sigma_update': 0.2586191245921861, 'eta_learning': 1.0174463403102076, 'sigma_boundary': 3.5046299548169997, 'alpha': 0.5032748220422841}. Best is trial 16 with value: 0.030820008793213734.
[I 2026-03-06 07:31:03,395] Trial 50 finished with value: 0.08770463097882177 and parameters: {'sigma_noise': 0.2751758703486784, 'A_repulsion': 0.28007699065297403, 'gamma': 0.46556792469424874, 'sigma_update': 0.121884255378249, 'eta_learning': 2.0653410770071634, 'sigma_boundary': 7.312377611258545, 'alpha': 0.5085850293455578}. Best is trial 16 with value: 0.030820008793213734.
[I 2026-03-06 07:31:12,350] Trial 52 finished with value: 0.06461712942487896 and parameters: {'sigma_noise': 0.13927182863194468, 'A_repulsion': 0.4257681216085699, 'gamma': 0.6137497946417333, 'sigma_update': 0.42796503078424303, 'eta_learning': 2.017151707944942, 'sigma_boundary': 3.491936108449009, 'alpha': 0.7291647653326989}. Best is trial 16 with value: 0.030820008793213734.
[I 2026-03-06 07:31:41,762] Trial 48 finished with value: 0.06117167044170438 and parameters: {'sigma_noise': 0.3318255828955657, 'A_repulsion': 0.33472743404165095, 'gamma': 0.7823952025563338, 'sigma_update': 0.32158122323126953, 'eta_learning': 1.7768579244175098, 'sigma_boundary': 4.102995693402347, 'alpha': 0.7532159594722743}. Best is trial 16 with value: 0.030820008793213734.
[I 2026-03-06 07:31:47,843] Trial 51 finished with value: 0.335469550771622 and parameters: {'sigma_noise': 0.37836571305991995, 'A_repulsion': 0.19912752780633525, 'gamma': 0.40371970311265104, 'sigma_update': 0.4417661963984184, 'eta_learning': 2.239036223276686, 'sigma_boundary': 5.298816466519266, 'alpha': 0.6673189228674639}. Best is trial 16 with value: 0.030820008793213734.
