[I 2026-03-06 09:49:44,049] Trial 199 finished with value: 0.07129993759829026 and parameters: {'sigma_noise': 0.09686791970293931, 'A_repulsion': 0.17991333222723888, 'gamma': 0.7470890830275276, 'sigma_update': 0.4742423249221701, 'eta_learning': 0.2711426037355504, 'sigma_boundary': 5.292548053542319, 'alpha': 0.7719055740186894}. Best is trial 153 with value: 0.01304282108603505.
[I 2026-03-06 09:49:44,472] Trial 196 finished with value: 0.03534195247383308 and parameters: {'sigma_noise': 0.22564305482736752, 'A_repulsion': 0.11857886144033244, 'gamma': 0.8831055646210338, 'sigma_update': 0.09326432440185367, 'eta_learning': 0.8084610901989776, 'sigma_boundary': 4.37637427484468, 'alpha': 0.9579300537256342}. Best is trial 153 with value: 0.01304282108603505.
[I 2026-03-06 09:49:47,947] Trial 193 finished with value: 0.0457688319345559 and parameters: {'sigma_noise': 0.35359102092587635, 'A_repulsion': 0.03708315164542526, 'gamma': 0.796628668600151, 'sigma_update': 0.4939790037143791, 'eta_learning': 0.10623912049248305, 'sigma_boundary': 4.2503029675526705, 'alpha': 0.8631224987112417}. Best is trial 153 with value: 0.01304282108603505.
[I 2026-03-06 09:49:48,153] Trial 197 finished with value: 0.0480490032598198 and parameters: {'sigma_noise': 0.22098461370609696, 'A_repulsion': 0.15357984293509572, 'gamma': 0.793174153328835, 'sigma_update': 0.33882966149111854, 'eta_learning': 0.9369150492440214, 'sigma_boundary': 7.215328325266111, 'alpha': 0.5609967485635554}. Best is trial 153 with value: 0.01304282108603505.
[I 2026-03-06 09:49:51,173] Trial 195 finished with value: 0.8840873727127302 and parameters: {'sigma_noise': 0.26446600424483374, 'A_repulsion': 0.16976851395403397, 'gamma': 0.6081804867414946, 'sigma_update': 0.6547341611037598, 'eta_learning': 0.6906611982218143, 'sigma_boundary': 3.3354380335030145, 'alpha': 0.3857922206698246}. Best is trial 153 with value: 0.01304282108603505.
[I 2026-03-06 09:49:51,656] Trial 198 finished with value: 0.03649473451499999 and parameters: {'sigma_noise': 0.17852599958856763, 'A_repulsion': 0.26250377534070635, 'gamma': 0.8292248487534775, 'sigma_update': 0.49769678864475153, 'eta_learning': 0.14692738504059832, 'sigma_boundary': 6.073252804695769, 'alpha': 0.7794920526376217}. Best is trial 153 with value: 0.01304282108603505.
