[I 2026-03-06 07:32:01,932] Trial 53 finished with value: 0.500201637258345 and parameters: {'sigma_noise': 0.2498164959626758, 'A_repulsion': 0.3410862479507099, 'gamma': 0.6071797888869793, 'sigma_update': 0.42800622152287127, 'eta_learning': 2.055770745575297, 'sigma_boundary': 6.444924146894498, 'alpha': 0.42351648509389755}. Best is trial 16 with value: 0.030820008793213734.
[I 2026-03-06 07:32:16,952] Trial 59 finished with value: 0.15411430081406147 and parameters: {'sigma_noise': 0.2866424036836294, 'A_repulsion': 0.1313846078211208, 'gamma': 0.5888976288841608, 'sigma_update': 0.2716076565122419, 'eta_learning': 1.5661751033875526, 'sigma_boundary': 6.326640788466556, 'alpha': 0.518040863731805}. Best is trial 16 with value: 0.030820008793213734.
[I 2026-03-06 07:32:25,897] Trial 62 finished with value: 0.050105328383569764 and parameters: {'sigma_noise': 0.21350191486527148, 'A_repulsion': 0.1957415773071614, 'gamma': 0.5743481531441584, 'sigma_update': 0.16704537037219486, 'eta_learning': 1.2215097749705146, 'sigma_boundary': 6.90643881348707, 'alpha': 0.7985498863649378}. Best is trial 16 with value: 0.030820008793213734.
[I 2026-03-06 07:32:36,828] Trial 54 finished with value: 0.27709205760179867 and parameters: {'sigma_noise': 0.3014885311709935, 'A_repulsion': 0.3022819280514863, 'gamma': 0.2646417798106186, 'sigma_update': 0.38320006219711, 'eta_learning': 1.0531243989867545, 'sigma_boundary': 4.101512794588769, 'alpha': 0.5302604703481588}. Best is trial 16 with value: 0.030820008793213734.
[I 2026-03-06 07:32:41,922] Trial 60 finished with value: 0.09132442111339988 and parameters: {'sigma_noise': 0.30757654937385387, 'A_repulsion': 0.1110253072178791, 'gamma': 0.7636027204214616, 'sigma_update': 0.2707172178040458, 'eta_learning': 1.605663230612486, 'sigma_boundary': 4.430653898556872, 'alpha': 0.5671498390278711}. Best is trial 16 with value: 0.030820008793213734.
[I 2026-03-06 07:32:50,070] Trial 57 finished with value: 0.08101731508916021 and parameters: {'sigma_noise': 0.28092849637490114, 'A_repulsion': 0.21951483282542988, 'gamma': 0.45888376088285604, 'sigma_update': 0.18028854340248904, 'eta_learning': 1.635912599175435, 'sigma_boundary': 2.8304846573010365, 'alpha': 0.5786049019636562}. Best is trial 16 with value: 0.030820008793213734.
[I 2026-03-06 07:33:01,231] Trial 66 finished with value: 0.0485188797903088 and parameters: {'sigma_noise': 0.20849084410166396, 'A_repulsion': 0.1482441220911095, 'gamma': 0.6252702629906582, 'sigma_update': 0.442606201205832, 'eta_learning': 1.2451380031823513, 'sigma_boundary': 2.8547494296575353, 'alpha': 0.8105136898417363}. Best is trial 16 with value: 0.030820008793213734.
[I 2026-03-06 07:33:11,441] Trial 61 finished with value: 0.6464452099200602 and parameters: {'sigma_noise': 0.2879137723576542, 'A_repulsion': 0.16993899170941568, 'gamma': 0.5564336636958442, 'sigma_update': 0.36382131248109395, 'eta_learning': 2.0628299704157467, 'sigma_boundary': 5.439168480877627, 'alpha': 0.37887183562282545}. Best is trial 16 with value: 0.030820008793213734.
[I 2026-03-06 07:33:19,942] Trial 63 finished with value: 1.1380690534029418 and parameters: {'sigma_noise': 0.26126012871712473, 'A_repulsion': 0.1598626929714224, 'gamma': 0.6800989422083621, 'sigma_update': 0.29128817501772, 'eta_learning': 1.8856408529893276, 'sigma_boundary': 2.612144161730327, 'alpha': 0.28030174660773755}. Best is trial 16 with value: 0.030820008793213734.
[I 2026-03-06 07:33:20,290] Trial 68 finished with value: 0.5151399139398778 and parameters: {'sigma_noise': 0.2031757472925218, 'A_repulsion': 0.11137792188015572, 'gamma': 0.8088033524305159, 'sigma_update': 0.14312811956774632, 'eta_learning': 1.8429488311963496, 'sigma_boundary': 4.415855220051838, 'alpha': 0.3191821334107827}. Best is trial 16 with value: 0.030820008793213734.
[I 2026-03-06 07:33:49,135] Trial 64 finished with value: 0.033729800205146175 and parameters: {'sigma_noise': 0.26742859695077387, 'A_repulsion': 0.19183592689845302, 'gamma': 0.7847165600514459, 'sigma_update': 0.3793324444469747, 'eta_learning': 1.5020286154050655, 'sigma_boundary': 7.032206689843789, 'alpha': 0.7208290489802728}. Best is trial 16 with value: 0.030820008793213734.
[I 2026-03-06 07:33:53,720] Trial 65 finished with value: 0.22261412071186054 and parameters: {'sigma_noise': 0.2842484667598389, 'A_repulsion': 0.1615571783532634, 'gamma': 0.6993889425192414, 'sigma_update': 0.3417338237102695, 'eta_learning': 0.7560704094338943, 'sigma_boundary': 4.219758076290077, 'alpha': 0.4573002071286773}. Best is trial 16 with value: 0.030820008793213734.
[I 2026-03-06 07:34:30,553] Trial 71 finished with value: 0.1688634852273337 and parameters: {'sigma_noise': 0.19634503676144344, 'A_repulsion': 0.10897958891801628, 'gamma': 0.47387971908146276, 'sigma_update': 0.4683849688518198, 'eta_learning': 1.3473172256356842, 'sigma_boundary': 5.210787944861547, 'alpha': 0.6722337175282804}. Best is trial 16 with value: 0.030820008793213734.
[I 2026-03-06 07:34:36,661] Trial 67 finished with value: 0.35993397582421033 and parameters: {'sigma_noise': 0.3318237855903964, 'A_repulsion': 0.2141447410168844, 'gamma': 0.47222255765948556, 'sigma_update': 0.46524311493720233, 'eta_learning': 1.3663430864211306, 'sigma_boundary': 5.327940778641252, 'alpha': 0.5966524879694776}. Best is trial 16 with value: 0.030820008793213734.
[I 2026-03-06 07:35:08,072] Trial 70 finished with value: 0.07341398177306879 and parameters: {'sigma_noise': 0.27549578848414186, 'A_repulsion': 0.09659057650265807, 'gamma': 0.5390744429309559, 'sigma_update': 0.28760842514859536, 'eta_learning': 1.979433882665323, 'sigma_boundary': 4.483731882331868, 'alpha': 0.7901926870178686}. Best is trial 16 with value: 0.030820008793213734.
[I 2026-03-06 07:35:33,860] Trial 69 finished with value: 0.06426262553028886 and parameters: {'sigma_noise': 0.3328978532341387, 'A_repulsion': 0.3024078226870664, 'gamma': 0.7667150310871652, 'sigma_update': 0.35318377762037273, 'eta_learning': 1.1708914610310721, 'sigma_boundary': 4.763416525432801, 'alpha': 0.6944298326301497}. Best is trial 16 with value: 0.030820008793213734.
[I 2026-03-06 07:39:03,024] Trial 72 finished with value: 0.06401877429457875 and parameters: {'sigma_noise': 0.19092215943336593, 'A_repulsion': 0.16687773771503434, 'gamma': 0.6797685185867122, 'sigma_update': 0.387966377133947, 'eta_learning': 1.9203225948740184, 'sigma_boundary': 5.99787175481656, 'alpha': 0.6664522699048818}. Best is trial 16 with value: 0.030820008793213734.
[I 2026-03-06 07:40:01,242] Trial 73 finished with value: 0.07429162368737918 and parameters: {'sigma_noise': 0.20909870285281762, 'A_repulsion': 0.19592912962134607, 'gamma': 0.5441629088038191, 'sigma_update': 0.22043847212619805, 'eta_learning': 1.4643771021806287, 'sigma_boundary': 3.5555450281860477, 'alpha': 0.5014195668049618}. Best is trial 16 with value: 0.030820008793213734.
[I 2026-03-06 07:40:32,649] Trial 76 finished with value: 0.18707460443717625 and parameters: {'sigma_noise': 0.2889400653361593, 'A_repulsion': 0.10317090974984916, 'gamma': 0.4612426777530896, 'sigma_update': 0.38068493650899, 'eta_learning': 1.2443469257172874, 'sigma_boundary': 6.439031790624967, 'alpha': 0.6481977353794698}. Best is trial 16 with value: 0.030820008793213734.
[I 2026-03-06 07:40:55,851] Trial 75 finished with value: 0.11334472258743206 and parameters: {'sigma_noise': 0.23603656004235773, 'A_repulsion': 0.18181837214363541, 'gamma': 0.6807363523507944, 'sigma_update': 0.32185528792682183, 'eta_learning': 1.8486709216765043, 'sigma_boundary': 7.60146561803188, 'alpha': 0.5206382659611395}. Best is trial 16 with value: 0.030820008793213734.
[I 2026-03-06 07:40:57,338] Trial 74 finished with value: 1.4504753518008058 and parameters: {'sigma_noise': 0.2259375931013981, 'A_repulsion': 0.2264916719918718, 'gamma': 0.6328322730439767, 'sigma_update': 0.13571468321335842, 'eta_learning': 1.4359322052133539, 'sigma_boundary': 5.283836794124749, 'alpha': 0.2583055150762091}. Best is trial 16 with value: 0.030820008793213734.
[I 2026-03-06 07:40:59,846] Trial 79 finished with value: 0.16596738953764567 and parameters: {'sigma_noise': 0.1596551061932926, 'A_repulsion': 0.19450012045001785, 'gamma': 0.5840213778721071, 'sigma_update': 0.18592712496679545, 'eta_learning': 1.0290400410308806, 'sigma_boundary': 3.5425124518151807, 'alpha': 0.36367739919849434}. Best is trial 16 with value: 0.030820008793213734.
[I 2026-03-06 07:41:16,810] Trial 80 finished with value: 0.06792524251263693 and parameters: {'sigma_noise': 0.2964835843636496, 'A_repulsion': 0.03881429345233808, 'gamma': 0.6291467768087579, 'sigma_update': 0.27385128409857684, 'eta_learning': 2.1021737121759614, 'sigma_boundary': 2.43240000433065, 'alpha': 0.8076796969492951}. Best is trial 16 with value: 0.030820008793213734.
[I 2026-03-06 07:41:25,087] Trial 81 finished with value: 1.2753138655010459 and parameters: {'sigma_noise': 0.214615855716768, 'A_repulsion': 0.11461211112935467, 'gamma': 0.6809344857500492, 'sigma_update': 0.5340502821827912, 'eta_learning': 1.7534060869838826, 'sigma_boundary': 4.109770981609408, 'alpha': 0.23125169279475866}. Best is trial 16 with value: 0.030820008793213734.
[I 2026-03-06 07:41:35,581] Trial 77 finished with value: 0.23491131700023568 and parameters: {'sigma_noise': 0.27598390981987164, 'A_repulsion': 0.17142317743708727, 'gamma': 0.5138827056004264, 'sigma_update': 0.376086170061609, 'eta_learning': 1.708444639313636, 'sigma_boundary': 4.558701643115805, 'alpha': 0.5256891343453574}. Best is trial 16 with value: 0.030820008793213734.
[I 2026-03-06 07:42:03,539] Trial 84 finished with value: 0.0986110228396499 and parameters: {'sigma_noise': 0.23924311544730137, 'A_repulsion': 0.1278990315020303, 'gamma': 0.2381729464158372, 'sigma_update': 0.291594723372266, 'eta_learning': 0.3208258081828436, 'sigma_boundary': 3.5492686995939344, 'alpha': 0.6301166946248659}. Best is trial 16 with value: 0.030820008793213734.
[I 2026-03-06 07:42:05,665] Trial 87 finished with value: 0.06842286133460226 and parameters: {'sigma_noise': 0.24549623998976494, 'A_repulsion': 0.03482138346116839, 'gamma': 0.35956795028213895, 'sigma_update': 0.19803269680290722, 'eta_learning': 0.9527666969095535, 'sigma_boundary': 5.3060972765967485, 'alpha': 0.7014643886202863}. Best is trial 16 with value: 0.030820008793213734.
[I 2026-03-06 07:42:06,458] Trial 89 finished with value: 0.0767830205706089 and parameters: {'sigma_noise': 0.19942659387108191, 'A_repulsion': 0.05696205209969217, 'gamma': 0.4973755640138216, 'sigma_update': 0.25222402209850026, 'eta_learning': 1.6348662394797793, 'sigma_boundary': 3.652391291189853, 'alpha': 0.5661584593522253}. Best is trial 16 with value: 0.030820008793213734.
[I 2026-03-06 07:42:33,157] Trial 78 finished with value: 0.187365511898394 and parameters: {'sigma_noise': 0.32354855854246056, 'A_repulsion': 0.15596387136401224, 'gamma': 0.4172475472344231, 'sigma_update': 0.33568137631558986, 'eta_learning': 1.4089609294275207, 'sigma_boundary': 2.70310742884395, 'alpha': 0.6017209540011016}. Best is trial 16 with value: 0.030820008793213734.
[I 2026-03-06 07:42:58,567] Trial 88 finished with value: 0.09054739076857612 and parameters: {'sigma_noise': 0.18155857311406515, 'A_repulsion': 0.29975211077199004, 'gamma': 0.38992187743558926, 'sigma_update': 0.14809548978254744, 'eta_learning': 1.6063903378025675, 'sigma_boundary': 4.189338971802267, 'alpha': 0.8216182720642865}. Best is trial 16 with value: 0.030820008793213734.
[I 2026-03-06 07:43:01,504] Trial 91 finished with value: 0.03741295984235431 and parameters: {'sigma_noise': 0.20997070266706835, 'A_repulsion': 0.14622018282056892, 'gamma': 0.6997905895086495, 'sigma_update': 0.20128604955242205, 'eta_learning': 1.7630758756816711, 'sigma_boundary': 6.70171229872446, 'alpha': 0.7097776503591685}. Best is trial 16 with value: 0.030820008793213734.
[I 2026-03-06 07:43:08,503] Trial 82 finished with value: 0.04115776075376221 and parameters: {'sigma_noise': 0.3441696732241535, 'A_repulsion': 0.1336903109271267, 'gamma': 0.8463544767719299, 'sigma_update': 0.37655863629110464, 'eta_learning': 1.501561132874148, 'sigma_boundary': 5.893612069221527, 'alpha': 0.7409407257073595}. Best is trial 16 with value: 0.030820008793213734.
[I 2026-03-06 07:43:17,650] Trial 85 finished with value: 0.1692611573175528 and parameters: {'sigma_noise': 0.37371923174276506, 'A_repulsion': 0.06223926406238718, 'gamma': 0.1930726449984729, 'sigma_update': 0.16886156071414543, 'eta_learning': 1.4297697294039633, 'sigma_boundary': 6.718468540435147, 'alpha': 0.4870530250740471}. Best is trial 16 with value: 0.030820008793213734.
[I 2026-03-06 07:43:24,515] Trial 90 finished with value: 0.05077011439093851 and parameters: {'sigma_noise': 0.24821418418180508, 'A_repulsion': 0.15428538458169377, 'gamma': 0.6591608146216685, 'sigma_update': 0.393573608829828, 'eta_learning': 1.5552678722604565, 'sigma_boundary': 5.368013479941953, 'alpha': 0.7882638936340884}. Best is trial 16 with value: 0.030820008793213734.
[I 2026-03-06 07:43:36,141] Trial 83 finished with value: 0.08860263349695213 and parameters: {'sigma_noise': 0.33501563417046176, 'A_repulsion': 0.2247641514959124, 'gamma': 0.652197268820802, 'sigma_update': 0.19314857950670736, 'eta_learning': 1.147655597995767, 'sigma_boundary': 3.868279870233897, 'alpha': 0.8234891031804551}. Best is trial 16 with value: 0.030820008793213734.
[I 2026-03-06 07:43:53,376] Trial 86 finished with value: 0.3316991802254138 and parameters: {'sigma_noise': 0.3105708819859257, 'A_repulsion': 0.26917797579147273, 'gamma': 0.49841363313688, 'sigma_update': 0.35867451803052675, 'eta_learning': 1.5649628640714361, 'sigma_boundary': 1.821155049478407, 'alpha': 0.46631219197256846}. Best is trial 16 with value: 0.030820008793213734.
[I 2026-03-06 07:44:58,942] Trial 94 finished with value: 0.06907800256325575 and parameters: {'sigma_noise': 0.243779678465241, 'A_repulsion': 0.20818480212743232, 'gamma': 0.49712252684144553, 'sigma_update': 0.29424734790404455, 'eta_learning': 0.8113416258063785, 'sigma_boundary': 4.869485546920799, 'alpha': 0.9075748816586732}. Best is trial 16 with value: 0.030820008793213734.
[I 2026-03-06 07:45:13,971] Trial 92 finished with value: 0.17363404999365828 and parameters: {'sigma_noise': 0.27597622531487004, 'A_repulsion': 0.2838159412476107, 'gamma': 0.8127459224964478, 'sigma_update': 0.058557208161372866, 'eta_learning': 1.2962245372465282, 'sigma_boundary': 5.10187566368573, 'alpha': 0.7147504051897088}. Best is trial 16 with value: 0.030820008793213734.
[I 2026-03-06 07:45:24,507] Trial 93 finished with value: 0.13511148407071744 and parameters: {'sigma_noise': 0.32951621922385754, 'A_repulsion': 0.18200681461569027, 'gamma': 0.9224589629589734, 'sigma_update': 0.43799047291473353, 'eta_learning': 1.404466559043962, 'sigma_boundary': 4.795505567396155, 'alpha': 0.5208210626627021}. Best is trial 16 with value: 0.030820008793213734.
[I 2026-03-06 07:45:47,612] Trial 95 finished with value: 0.3019536327779254 and parameters: {'sigma_noise': 0.2662300011343304, 'A_repulsion': 0.18174746715694326, 'gamma': 0.540403496031031, 'sigma_update': 0.04544433713629385, 'eta_learning': 1.5451266603071088, 'sigma_boundary': 3.8611747534224876, 'alpha': 0.7337162776921025}. Best is trial 16 with value: 0.030820008793213734.
[I 2026-03-06 07:49:20,202] Trial 99 finished with value: 0.10017426713018168 and parameters: {'sigma_noise': 0.07969973497783307, 'A_repulsion': 0.16201056008992376, 'gamma': 0.49211386113127625, 'sigma_update': 0.2776965161433132, 'eta_learning': 1.6219258891375579, 'sigma_boundary': 2.471188351025251, 'alpha': 0.788370623579862}. Best is trial 16 with value: 0.030820008793213734.
[I 2026-03-06 07:49:32,157] Trial 96 finished with value: 0.11207403463478607 and parameters: {'sigma_noise': 0.3143927368943248, 'A_repulsion': 0.21215235779689154, 'gamma': 0.5973833175935487, 'sigma_update': 0.27914718321346843, 'eta_learning': 2.2024736890815952, 'sigma_boundary': 7.409582066488345, 'alpha': 0.6176989287697113}. Best is trial 16 with value: 0.030820008793213734.
[I 2026-03-06 07:50:32,900] Trial 104 finished with value: 0.046036386001380845 and parameters: {'sigma_noise': 0.26327494105426685, 'A_repulsion': 0.08143644244324044, 'gamma': 0.7267829667049529, 'sigma_update': 0.18999686622136847, 'eta_learning': 1.2945397680473834, 'sigma_boundary': 5.614789597456853, 'alpha': 0.6047985023283844}. Best is trial 16 with value: 0.030820008793213734.
[I 2026-03-06 07:50:39,510] Trial 103 finished with value: 0.21826617266557397 and parameters: {'sigma_noise': 0.20230591902015427, 'A_repulsion': 0.21762225372896787, 'gamma': 0.5151294912350349, 'sigma_update': 0.37253620573758234, 'eta_learning': 1.558578284142369, 'sigma_boundary': 5.619148642877128, 'alpha': 0.4726727930022562}. Best is trial 16 with value: 0.030820008793213734.
[I 2026-03-06 07:50:44,003] Trial 98 finished with value: 0.08105426327255694 and parameters: {'sigma_noise': 0.2872258634398858, 'A_repulsion': 0.16551563310493786, 'gamma': 0.41575403393387433, 'sigma_update': 0.18160896001102322, 'eta_learning': 1.2462982804470346, 'sigma_boundary': 5.819817306693824, 'alpha': 0.5823772568459157}. Best is trial 16 with value: 0.030820008793213734.
[I 2026-03-06 07:50:55,229] Trial 97 finished with value: 0.06858901727495832 and parameters: {'sigma_noise': 0.29233495958692046, 'A_repulsion': 0.2868433402109146, 'gamma': 0.6439587297222206, 'sigma_update': 0.27817410180829866, 'eta_learning': 1.789667429776721, 'sigma_boundary': 6.924372253806627, 'alpha': 0.765322706704056}. Best is trial 16 with value: 0.030820008793213734.
[I 2026-03-06 07:51:18,299] Trial 101 finished with value: 0.03728268924484686 and parameters: {'sigma_noise': 0.23630793668027888, 'A_repulsion': 0.25265690905725624, 'gamma': 0.8330375926085317, 'sigma_update': 0.27130473724645693, 'eta_learning': 1.7963217753268126, 'sigma_boundary': 7.11704585289089, 'alpha': 0.8506142407219577}. Best is trial 16 with value: 0.030820008793213734.
[I 2026-03-06 07:51:23,136] Trial 108 finished with value: 0.0417775746333431 and parameters: {'sigma_noise': 0.18813071213618132, 'A_repulsion': 0.12105175234256249, 'gamma': 0.6418746234117226, 'sigma_update': 0.262021947391355, 'eta_learning': 1.5445952593907601, 'sigma_boundary': 3.5388533287488713, 'alpha': 0.8872660741876276}. Best is trial 16 with value: 0.030820008793213734.
[I 2026-03-06 07:51:39,539] Trial 100 finished with value: 0.061849463569001756 and parameters: {'sigma_noise': 0.2685026302592974, 'A_repulsion': 0.24349026867553053, 'gamma': 0.7398230013470751, 'sigma_update': 0.3593309207606823, 'eta_learning': 1.8859981111210162, 'sigma_boundary': 6.271143208664963, 'alpha': 0.6375406226000018}. Best is trial 16 with value: 0.030820008793213734.
[I 2026-03-06 07:52:17,558] Trial 107 finished with value: 0.05273068344450252 and parameters: {'sigma_noise': 0.2548086246069132, 'A_repulsion': 0.21391266728457045, 'gamma': 0.7355665976900917, 'sigma_update': 0.17986957131106768, 'eta_learning': 0.800403773602306, 'sigma_boundary': 4.136005245447612, 'alpha': 0.5504582818106483}. Best is trial 16 with value: 0.030820008793213734.
[I 2026-03-06 07:52:20,179] Trial 102 finished with value: 0.11058985846571455 and parameters: {'sigma_noise': 0.2955306057675511, 'A_repulsion': 0.3186392869946617, 'gamma': 0.648113183148097, 'sigma_update': 0.22720829843387697, 'eta_learning': 2.600525874733959, 'sigma_boundary': 7.460097495329679, 'alpha': 0.5541046241966769}. Best is trial 16 with value: 0.030820008793213734.
[I 2026-03-06 07:52:43,216] Trial 112 finished with value: 0.23057454911382197 and parameters: {'sigma_noise': 0.20104057924808183, 'A_repulsion': 0.22389475530632522, 'gamma': 0.22032801133521954, 'sigma_update': 0.34856580365992285, 'eta_learning': 0.8846947699708338, 'sigma_boundary': 5.16101509680264, 'alpha': 0.43192239502073093}. Best is trial 16 with value: 0.030820008793213734.
[I 2026-03-06 07:52:49,861] Trial 105 finished with value: 0.24567655938759456 and parameters: {'sigma_noise': 0.3799579246899472, 'A_repulsion': 0.16413013828788603, 'gamma': 0.7556893520564635, 'sigma_update': 0.25292395157278835, 'eta_learning': 1.10764627283893, 'sigma_boundary': 7.243847229258265, 'alpha': 0.5100916708922402}. Best is trial 16 with value: 0.030820008793213734.
[I 2026-03-06 07:52:51,695] Trial 115 finished with value: 0.04188640921038812 and parameters: {'sigma_noise': 0.15682335825490956, 'A_repulsion': 0.14227991081531624, 'gamma': 0.7571892837171047, 'sigma_update': 0.5735815657550064, 'eta_learning': 2.0509061232938977, 'sigma_boundary': 5.176989673607968, 'alpha': 0.856166095324751}. Best is trial 16 with value: 0.030820008793213734.
[I 2026-03-06 07:52:56,656] Trial 106 finished with value: 0.235464112299274 and parameters: {'sigma_noise': 0.35837948848020823, 'A_repulsion': 0.1271577518212069, 'gamma': 0.6947508082562573, 'sigma_update': 0.3560238475391332, 'eta_learning': 0.6193092788063719, 'sigma_boundary': 5.102000393263037, 'alpha': 0.5413767321768161}. Best is trial 16 with value: 0.030820008793213734.
[I 2026-03-06 07:53:03,421] Trial 109 finished with value: 0.1986252138071735 and parameters: {'sigma_noise': 0.29397026836444573, 'A_repulsion': 0.14603817893922158, 'gamma': 0.7103244156277843, 'sigma_update': 0.49429261424136034, 'eta_learning': 1.8419796504465495, 'sigma_boundary': 5.6603694232206525, 'alpha': 0.5720215301470917}. Best is trial 16 with value: 0.030820008793213734.
[I 2026-03-06 07:53:44,283] Trial 110 finished with value: 0.10807878237235104 and parameters: {'sigma_noise': 0.24619593055072975, 'A_repulsion': 0.2744023343512383, 'gamma': 0.7626593962776087, 'sigma_update': 0.10484808839798562, 'eta_learning': 1.7800050683481163, 'sigma_boundary': 6.211930123851215, 'alpha': 0.9968597317477339}. Best is trial 16 with value: 0.030820008793213734.
