[I 2026-03-06 06:20:29,090] Trial 25 finished with value: 0.12679858103501995 and parameters: {'sigma_noise': 0.25535695938024355, 'A_repulsion': 0.16275039937462954, 'gamma': 0.5739623321169673, 'sigma_update': 0.19502512550708312, 'eta_learning': 1.0392678581115165, 'sigma_boundary': 3.309921092312026, 'alpha': 0.48467674156237267}. Best is trial 4 with value: 0.040042802347178726.
[I 2026-03-06 06:20:52,980] Trial 32 finished with value: 0.17761145211462423 and parameters: {'sigma_noise': 0.132830512336971, 'A_repulsion': 0.10198962965341485, 'gamma': 0.3009176423179008, 'sigma_update': 0.42854175860277915, 'eta_learning': 2.2356149666769385, 'sigma_boundary': 3.553163682785994, 'alpha': 0.6709483038313457}. Best is trial 4 with value: 0.040042802347178726.
[I 2026-03-06 06:21:01,073] Trial 29 finished with value: 0.18190343086433272 and parameters: {'sigma_noise': 0.15875276528064203, 'A_repulsion': 0.299603964821552, 'gamma': 0.5276582446909026, 'sigma_update': 0.25214744050283566, 'eta_learning': 1.7980987076442456, 'sigma_boundary': 6.838285655134791, 'alpha': 0.4171758935882023}. Best is trial 4 with value: 0.040042802347178726.
[I 2026-03-06 06:22:05,770] Trial 24 finished with value: 2.1692744020045427 and parameters: {'sigma_noise': 0.35835400460170325, 'A_repulsion': 0.3135618855677095, 'gamma': 0.6449023957879174, 'sigma_update': 0.22398283965818722, 'eta_learning': 1.16267046613064, 'sigma_boundary': 2.7034136192117213, 'alpha': 0.29658063946042335}. Best is trial 4 with value: 0.040042802347178726.
[I 2026-03-06 06:22:06,736] Trial 28 finished with value: 0.08775416212276936 and parameters: {'sigma_noise': 0.15926747460302637, 'A_repulsion': 0.4115407371304476, 'gamma': 0.5709240876037901, 'sigma_update': 0.15618974953634832, 'eta_learning': 1.4172046929845092, 'sigma_boundary': 2.1123769269700383, 'alpha': 0.4243573076544669}. Best is trial 4 with value: 0.040042802347178726.
[I 2026-03-06 06:22:14,228] Trial 26 finished with value: 0.06521598025644308 and parameters: {'sigma_noise': 0.23470671113010227, 'A_repulsion': 0.2993784512313587, 'gamma': 0.7058717249868792, 'sigma_update': 0.33218424487370873, 'eta_learning': 2.591741204675267, 'sigma_boundary': 4.693525153732657, 'alpha': 0.6360689231809906}. Best is trial 4 with value: 0.040042802347178726.
[I 2026-03-06 06:22:20,227] Trial 27 finished with value: 0.2571907544635902 and parameters: {'sigma_noise': 0.25408847515694494, 'A_repulsion': 0.24138609699557148, 'gamma': 0.45999463754493614, 'sigma_update': 0.2946004196740591, 'eta_learning': 1.1169954964790563, 'sigma_boundary': 6.165874291783571, 'alpha': 0.45830461313995263}. Best is trial 4 with value: 0.040042802347178726.
[I 2026-03-06 06:23:27,806] Trial 31 finished with value: 0.2757516460126363 and parameters: {'sigma_noise': 0.30094846538036235, 'A_repulsion': 0.25876616433835314, 'gamma': 0.4815699904005741, 'sigma_update': 0.36368777738028374, 'eta_learning': 1.2981273474437967, 'sigma_boundary': 4.13626915925795, 'alpha': 0.5530148133332643}. Best is trial 4 with value: 0.040042802347178726.
[I 2026-03-06 06:23:45,828] Trial 43 finished with value: 0.06689421756795536 and parameters: {'sigma_noise': 0.14536585446870864, 'A_repulsion': 0.22444928407586492, 'gamma': 0.7001912487659907, 'sigma_update': 0.2759683052093002, 'eta_learning': 1.0928984038239427, 'sigma_boundary': 6.533147545244783, 'alpha': 0.5893168303156339}. Best is trial 4 with value: 0.040042802347178726.
[I 2026-03-06 06:24:11,086] Trial 34 finished with value: 0.16878128456066482 and parameters: {'sigma_noise': 0.22323128997472214, 'A_repulsion': 0.2996661935320966, 'gamma': 0.33171221822606073, 'sigma_update': 0.32270223460828273, 'eta_learning': 1.7353552024207857, 'sigma_boundary': 5.300077118716715, 'alpha': 0.5237262040355168}. Best is trial 4 with value: 0.040042802347178726.
[I 2026-03-06 06:24:12,601] Trial 44 finished with value: 0.07936543597939855 and parameters: {'sigma_noise': 0.2003701592524691, 'A_repulsion': 0.1841984534031521, 'gamma': 0.6388134120137686, 'sigma_update': 0.31131169594390246, 'eta_learning': 1.6558411176490164, 'sigma_boundary': 5.892806786614524, 'alpha': 0.6269252197538886}. Best is trial 4 with value: 0.040042802347178726.
[I 2026-03-06 06:24:17,319] Trial 39 finished with value: 0.12963374291874974 and parameters: {'sigma_noise': 0.24611252915477605, 'A_repulsion': 0.15759722534124385, 'gamma': 0.34234846270324065, 'sigma_update': 0.39678355118030495, 'eta_learning': 2.249641652323813, 'sigma_boundary': 5.261171336191435, 'alpha': 0.9544164395104412}. Best is trial 4 with value: 0.040042802347178726.
[I 2026-03-06 06:24:51,364] Trial 33 finished with value: 0.31918259850657016 and parameters: {'sigma_noise': 0.2989317869760038, 'A_repulsion': 0.3039489980876144, 'gamma': 0.3900596410241859, 'sigma_update': 0.36497303223924804, 'eta_learning': 0.5473060902563585, 'sigma_boundary': 8.658741621958207, 'alpha': 0.4902590303890871}. Best is trial 4 with value: 0.040042802347178726.
[I 2026-03-06 06:25:28,202] Trial 35 finished with value: 0.2708022252515154 and parameters: {'sigma_noise': 0.34456787060146465, 'A_repulsion': 0.16513880721428223, 'gamma': 0.7126669015600713, 'sigma_update': 0.43091736561870886, 'eta_learning': 1.4324081030621032, 'sigma_boundary': 3.6492339600265375, 'alpha': 0.5563707333665533}. Best is trial 4 with value: 0.040042802347178726.
[I 2026-03-06 06:25:29,161] Trial 36 finished with value: 0.09623773389296922 and parameters: {'sigma_noise': 0.28468747530610805, 'A_repulsion': 0.29232766506612146, 'gamma': 0.45230608498149155, 'sigma_update': 0.22680126549718402, 'eta_learning': 1.6152048677099424, 'sigma_boundary': 5.648273607597261, 'alpha': 0.6478328055228468}. Best is trial 4 with value: 0.040042802347178726.
[I 2026-03-06 06:26:03,430] Trial 46 finished with value: 0.3498605976493403 and parameters: {'sigma_noise': 0.2299240725557894, 'A_repulsion': 0.26822679143856926, 'gamma': 0.6652939594876593, 'sigma_update': 0.5343509458844276, 'eta_learning': 1.6169692496535057, 'sigma_boundary': 7.128151999566079, 'alpha': 0.4998185552120315}. Best is trial 4 with value: 0.040042802347178726.
[I 2026-03-06 06:26:05,163] Trial 42 finished with value: 0.1845802917530096 and parameters: {'sigma_noise': 0.2469583158235482, 'A_repulsion': 0.3456245293232717, 'gamma': 0.5066538042095253, 'sigma_update': 0.30482940596059893, 'eta_learning': 0.7325798678491712, 'sigma_boundary': 1.410185078701673, 'alpha': 0.46294630688159805}. Best is trial 4 with value: 0.040042802347178726.
[I 2026-03-06 06:26:09,986] Trial 38 finished with value: 2.1975885466941554 and parameters: {'sigma_noise': 0.23219400181484134, 'A_repulsion': 0.3535328936544105, 'gamma': 0.3873687456847766, 'sigma_update': 0.5086116899310168, 'eta_learning': 1.430544889929661, 'sigma_boundary': 4.87004174872203, 'alpha': 0.22545142627466008}. Best is trial 4 with value: 0.040042802347178726.
[I 2026-03-06 06:26:16,384] Trial 41 finished with value: 0.08394816328825899 and parameters: {'sigma_noise': 0.27184336467704967, 'A_repulsion': 0.33807951501712047, 'gamma': 0.572333671002594, 'sigma_update': 0.18716407318079975, 'eta_learning': 1.4625533232551369, 'sigma_boundary': 4.6101509291391, 'alpha': 0.6244028678561314}. Best is trial 4 with value: 0.040042802347178726.
[I 2026-03-06 06:26:25,650] Trial 45 finished with value: 0.58689431887073 and parameters: {'sigma_noise': 0.29118189997957294, 'A_repulsion': 0.1955534173191677, 'gamma': 0.27319069223337694, 'sigma_update': 0.5363975156398471, 'eta_learning': 1.3833906977548942, 'sigma_boundary': 6.19590447953165, 'alpha': 0.5476589860029406}. Best is trial 4 with value: 0.040042802347178726.
[I 2026-03-06 06:26:26,989] Trial 40 finished with value: 0.19055924146976266 and parameters: {'sigma_noise': 0.29540128152898454, 'A_repulsion': 0.23171871768474225, 'gamma': 0.6723481401431395, 'sigma_update': 0.31977973904625884, 'eta_learning': 0.4567853700731906, 'sigma_boundary': 5.73981285121483, 'alpha': 0.49271623245588736}. Best is trial 4 with value: 0.040042802347178726.
[I 2026-03-06 06:26:38,098] Trial 37 finished with value: 1.7487488854382534 and parameters: {'sigma_noise': 0.3974270111443185, 'A_repulsion': 0.22659835648765927, 'gamma': 0.08001164143988916, 'sigma_update': 0.5937427104322647, 'eta_learning': 2.647712653009189, 'sigma_boundary': 7.158728740445413, 'alpha': 0.3341065977731914}. Best is trial 4 with value: 0.040042802347178726.
[I 2026-03-06 06:26:50,954] Trial 47 finished with value: 0.09282661742605869 and parameters: {'sigma_noise': 0.20393112722156942, 'A_repulsion': 0.2704252570398856, 'gamma': 0.5541111920965371, 'sigma_update': 0.12763840205594232, 'eta_learning': 1.8732573124418737, 'sigma_boundary': 6.06702538934642, 'alpha': 0.47150230092040624}. Best is trial 4 with value: 0.040042802347178726.
[I 2026-03-06 06:31:46,156] Trial 51 finished with value: 0.22175335195261187 and parameters: {'sigma_noise': 0.18928555333634256, 'A_repulsion': 0.16364303002438685, 'gamma': 0.41030870379356627, 'sigma_update': 0.387069417599296, 'eta_learning': 2.0008592391187388, 'sigma_boundary': 2.2155329009361964, 'alpha': 0.5061170939020845}. Best is trial 4 with value: 0.040042802347178726.
[I 2026-03-06 06:31:47,197] Trial 50 finished with value: 0.33478811649267104 and parameters: {'sigma_noise': 0.1748195195294508, 'A_repulsion': 0.1997200153066761, 'gamma': 0.2797790835355171, 'sigma_update': 0.2979343932264321, 'eta_learning': 1.6461054444479504, 'sigma_boundary': 4.4050942724005955, 'alpha': 0.36650484063658584}. Best is trial 4 with value: 0.040042802347178726.
[I 2026-03-06 06:32:50,847] Trial 48 finished with value: 0.08846579767239318 and parameters: {'sigma_noise': 0.18785386082731104, 'A_repulsion': 0.32027276929505233, 'gamma': 0.3002075677063676, 'sigma_update': 0.2552841981355654, 'eta_learning': 1.5046130628093126, 'sigma_boundary': 5.497926343196287, 'alpha': 0.6985158196690193}. Best is trial 4 with value: 0.040042802347178726.
[I 2026-03-06 06:33:34,832] Trial 52 finished with value: 0.07789387170373416 and parameters: {'sigma_noise': 0.23352729371703562, 'A_repulsion': 0.15499575405058696, 'gamma': 0.5809073942715337, 'sigma_update': 0.40488101854324077, 'eta_learning': 2.0284331069105597, 'sigma_boundary': 4.4585432322261225, 'alpha': 0.8532977691067904}. Best is trial 4 with value: 0.040042802347178726.
[I 2026-03-06 06:33:35,339] Trial 54 finished with value: 0.48186367967975463 and parameters: {'sigma_noise': 0.19073766780657653, 'A_repulsion': 0.1943940486221381, 'gamma': 0.5428265356353066, 'sigma_update': 0.32311570428824393, 'eta_learning': 2.240596621534446, 'sigma_boundary': 3.2196853386926647, 'alpha': 0.35152130964204537}. Best is trial 4 with value: 0.040042802347178726.
[I 2026-03-06 06:34:25,933] Trial 49 finished with value: 0.4312102426220199 and parameters: {'sigma_noise': 0.2863058162802494, 'A_repulsion': 0.36073729482583505, 'gamma': 0.20576977702363555, 'sigma_update': 0.39092909642987406, 'eta_learning': 0.8167899882766673, 'sigma_boundary': 4.994620546668234, 'alpha': 0.44290481753572053}. Best is trial 4 with value: 0.040042802347178726.
[I 2026-03-06 06:34:42,854] Trial 55 finished with value: 0.7797857942972948 and parameters: {'sigma_noise': 0.21471001276209584, 'A_repulsion': 0.24725832993953656, 'gamma': 0.4967228698396738, 'sigma_update': 0.30191971809972895, 'eta_learning': 1.4356915407691933, 'sigma_boundary': 5.595714743664282, 'alpha': 0.32133072079257496}. Best is trial 4 with value: 0.040042802347178726.
[I 2026-03-06 06:34:47,738] Trial 58 finished with value: 0.06895952950691989 and parameters: {'sigma_noise': 0.15226792168651565, 'A_repulsion': 0.17615717832198066, 'gamma': 0.7116123226572739, 'sigma_update': 0.28315661149168864, 'eta_learning': 2.3257051505182638, 'sigma_boundary': 5.1539098617943955, 'alpha': 0.584849611517938}. Best is trial 4 with value: 0.040042802347178726.
[I 2026-03-06 06:35:26,818] Trial 53 finished with value: 1.3329952517659 and parameters: {'sigma_noise': 0.31515381768395534, 'A_repulsion': 0.2208692846259022, 'gamma': 0.510155720136377, 'sigma_update': 0.38711136051849826, 'eta_learning': 1.2072633812311593, 'sigma_boundary': 4.555092737598216, 'alpha': 0.31884292827932126}. Best is trial 4 with value: 0.040042802347178726.
[I 2026-03-06 06:36:03,566] Trial 62 finished with value: 0.05103920005980099 and parameters: {'sigma_noise': 0.14299040847077543, 'A_repulsion': 0.19304772192178996, 'gamma': 0.8166252000045686, 'sigma_update': 0.16437273253475024, 'eta_learning': 1.5389910456190496, 'sigma_boundary': 3.3798142406305214, 'alpha': 0.7090536777059744}. Best is trial 4 with value: 0.040042802347178726.
[I 2026-03-06 06:36:05,106] Trial 56 finished with value: 0.06445085407101835 and parameters: {'sigma_noise': 0.18063428041720736, 'A_repulsion': 0.34593648380766134, 'gamma': 0.4726898261385714, 'sigma_update': 0.1745135278151468, 'eta_learning': 1.608230345210587, 'sigma_boundary': 4.086235813962624, 'alpha': 0.5073631291093583}. Best is trial 4 with value: 0.040042802347178726.
[I 2026-03-06 06:36:13,573] Trial 60 finished with value: 0.0564368905981444 and parameters: {'sigma_noise': 0.17647027885181665, 'A_repulsion': 0.2985026538874085, 'gamma': 0.6409376721356248, 'sigma_update': 0.16863996589640626, 'eta_learning': 1.2151498380780725, 'sigma_boundary': 2.8914905196793894, 'alpha': 0.5373362130648732}. Best is trial 4 with value: 0.040042802347178726.
[I 2026-03-06 06:36:16,956] Trial 61 finished with value: 0.06927700622499564 and parameters: {'sigma_noise': 0.16196692870468044, 'A_repulsion': 0.27233681664669745, 'gamma': 0.7282983189186212, 'sigma_update': 0.3322956899161693, 'eta_learning': 0.8167234789688397, 'sigma_boundary': 3.994590304554597, 'alpha': 0.5750689889578626}. Best is trial 4 with value: 0.040042802347178726.
[I 2026-03-06 06:36:50,956] Trial 57 finished with value: 0.07573506672422219 and parameters: {'sigma_noise': 0.2123487709028833, 'A_repulsion': 0.3170045084865449, 'gamma': 0.7046889464863002, 'sigma_update': 0.3087948416714199, 'eta_learning': 1.8974682827662686, 'sigma_boundary': 5.047918860158626, 'alpha': 0.5737007191086968}. Best is trial 4 with value: 0.040042802347178726.
[I 2026-03-06 06:37:22,341] Trial 59 finished with value: 0.08316110969343327 and parameters: {'sigma_noise': 0.163235287176211, 'A_repulsion': 0.45520290310089884, 'gamma': 0.8477934706625649, 'sigma_update': 0.22589461697755212, 'eta_learning': 1.789474600228218, 'sigma_boundary': 3.3429295462425004, 'alpha': 0.8544539514801375}. Best is trial 4 with value: 0.040042802347178726.
[I 2026-03-06 06:37:38,239] Trial 64 finished with value: 0.2139688316175453 and parameters: {'sigma_noise': 0.15185605326442497, 'A_repulsion': 0.3336754529347974, 'gamma': 0.6807126773095198, 'sigma_update': 0.40043310295058593, 'eta_learning': 1.3973248350645573, 'sigma_boundary': 4.163588860314376, 'alpha': 0.45056366033853035}. Best is trial 4 with value: 0.040042802347178726.
[I 2026-03-06 06:37:46,655] Trial 65 finished with value: 0.07281306251400174 and parameters: {'sigma_noise': 0.18690656476251905, 'A_repulsion': 0.255437106736351, 'gamma': 0.6721383643953962, 'sigma_update': 0.09435905586272594, 'eta_learning': 2.0882330278260284, 'sigma_boundary': 5.153417098214473, 'alpha': 0.6418503507851558}. Best is trial 4 with value: 0.040042802347178726.
[I 2026-03-06 06:38:26,636] Trial 66 finished with value: 0.3738653183393082 and parameters: {'sigma_noise': 0.22498038782202484, 'A_repulsion': 0.22052836327773048, 'gamma': 0.8169377206005609, 'sigma_update': 0.03386359625600083, 'eta_learning': 2.069624233606509, 'sigma_boundary': 3.5291205421024148, 'alpha': 0.6145515430838756}. Best is trial 4 with value: 0.040042802347178726.
[I 2026-03-06 06:38:43,696] Trial 63 finished with value: 0.07745356805663414 and parameters: {'sigma_noise': 0.15576991786686595, 'A_repulsion': 0.4553246194139775, 'gamma': 0.602529397937139, 'sigma_update': 0.35372580778175994, 'eta_learning': 1.692371358238545, 'sigma_boundary': 3.459136242681777, 'alpha': 0.6878051564990175}. Best is trial 4 with value: 0.040042802347178726.
[I 2026-03-06 06:39:11,700] Trial 68 finished with value: 0.26489807750903066 and parameters: {'sigma_noise': 0.24300594228235672, 'A_repulsion': 0.2272077672170018, 'gamma': 0.6610946275450418, 'sigma_update': 0.045139230793972786, 'eta_learning': 1.5157368097346384, 'sigma_boundary': 2.787874245495645, 'alpha': 0.7975093085361508}. Best is trial 4 with value: 0.040042802347178726.
[I 2026-03-06 06:39:16,085] Trial 70 finished with value: 0.07579683944691037 and parameters: {'sigma_noise': 0.20693655095654784, 'A_repulsion': 0.3121832323264134, 'gamma': 0.5733125288662203, 'sigma_update': 0.2871696930532049, 'eta_learning': 1.9218361163704454, 'sigma_boundary': 2.4969062200705068, 'alpha': 0.6074253692531923}. Best is trial 4 with value: 0.040042802347178726.
[I 2026-03-06 06:39:40,404] Trial 69 finished with value: 0.07577939008318696 and parameters: {'sigma_noise': 0.26035011597279595, 'A_repulsion': 0.30192905054717656, 'gamma': 0.4657443515292094, 'sigma_update': 0.27235983799527225, 'eta_learning': 1.6676134370620825, 'sigma_boundary': 3.669397260064366, 'alpha': 0.7790120084346412}. Best is trial 4 with value: 0.040042802347178726.
[I 2026-03-06 06:39:43,353] Trial 67 finished with value: 0.17952595797311793 and parameters: {'sigma_noise': 0.27093574030390144, 'A_repulsion': 0.31752719845147276, 'gamma': 0.6153819767048401, 'sigma_update': 0.3446036596367728, 'eta_learning': 2.6903423721048676, 'sigma_boundary': 2.326035065012184, 'alpha': 0.5423510892706295}. Best is trial 4 with value: 0.040042802347178726.
[I 2026-03-06 06:39:50,522] Trial 71 finished with value: 0.10658133313065946 and parameters: {'sigma_noise': 0.20470789986750842, 'A_repulsion': 0.33925111869097907, 'gamma': 0.6041124618817126, 'sigma_update': 0.27407154139734075, 'eta_learning': 2.080934098197561, 'sigma_boundary': 5.127140332093268, 'alpha': 0.510750932766118}. Best is trial 4 with value: 0.040042802347178726.
[I 2026-03-06 06:43:43,764] Trial 72 finished with value: 0.07368341259453615 and parameters: {'sigma_noise': 0.15478615646106386, 'A_repulsion': 0.3780835501386794, 'gamma': 0.5317609814185611, 'sigma_update': 0.19227507035716224, 'eta_learning': 2.722016647194333, 'sigma_boundary': 4.063154274790507, 'alpha': 0.7173776964158958}. Best is trial 4 with value: 0.040042802347178726.
[I 2026-03-06 06:44:33,414] Trial 75 finished with value: 0.09003903561122283 and parameters: {'sigma_noise': 0.14258111139589813, 'A_repulsion': 0.2504832053081273, 'gamma': 0.5224637892148837, 'sigma_update': 0.09341432813968074, 'eta_learning': 2.0757133418034153, 'sigma_boundary': 1.8176062142081044, 'alpha': 0.7367518148691028}. Best is trial 4 with value: 0.040042802347178726.
[I 2026-03-06 06:45:26,054] Trial 73 finished with value: 2.4223046350825737 and parameters: {'sigma_noise': 0.20556273206441866, 'A_repulsion': 0.3903908968779498, 'gamma': 0.8765191387054124, 'sigma_update': 0.26235939949826204, 'eta_learning': 2.086835155410629, 'sigma_boundary': 4.655155352953568, 'alpha': 0.1976761288065466}. Best is trial 4 with value: 0.040042802347178726.
[I 2026-03-06 06:45:54,466] Trial 79 finished with value: 0.07431717211954603 and parameters: {'sigma_noise': 0.10533838935238338, 'A_repulsion': 0.33329769507169793, 'gamma': 0.6643250467607393, 'sigma_update': 0.3019428130140322, 'eta_learning': 2.3663327134541445, 'sigma_boundary': 0.07205908471010208, 'alpha': 0.5127204822187967}. Best is trial 4 with value: 0.040042802347178726.
[I 2026-03-06 06:46:30,951] Trial 81 finished with value: 0.10124657759811057 and parameters: {'sigma_noise': 0.07349572644174412, 'A_repulsion': 0.25350804313171077, 'gamma': 0.6995541445148478, 'sigma_update': 0.27050939601995333, 'eta_learning': 2.141708020568523, 'sigma_boundary': 2.8037654771340605, 'alpha': 0.6568863233811272}. Best is trial 4 with value: 0.040042802347178726.
[I 2026-03-06 06:47:04,501] Trial 74 finished with value: 0.07433694086785096 and parameters: {'sigma_noise': 0.22845750890206812, 'A_repulsion': 0.478896013936275, 'gamma': 0.3810036112333173, 'sigma_update': 0.22818529148160246, 'eta_learning': 1.1920160625472607, 'sigma_boundary': 3.7545424605242657, 'alpha': 0.6010384347122452}. Best is trial 4 with value: 0.040042802347178726.
[I 2026-03-06 06:47:11,690] Trial 80 finished with value: 0.6509070533699903 and parameters: {'sigma_noise': 0.149116454828848, 'A_repulsion': 0.2915256266524929, 'gamma': 0.4150167769342623, 'sigma_update': 0.2434856355325947, 'eta_learning': 1.4576808873188387, 'sigma_boundary': 4.950764018025731, 'alpha': 0.28917961139927156}. Best is trial 4 with value: 0.040042802347178726.
[I 2026-03-06 06:47:28,389] Trial 76 finished with value: 0.09798102906172058 and parameters: {'sigma_noise': 0.23667881211794561, 'A_repulsion': 0.3746772384388517, 'gamma': 0.6485446169373611, 'sigma_update': 0.45290761173736893, 'eta_learning': 2.1659331683997483, 'sigma_boundary': 3.6662744411066677, 'alpha': 0.6913699223607518}. Best is trial 4 with value: 0.040042802347178726.
[I 2026-03-06 06:47:51,471] Trial 77 finished with value: 1.1585096353357647 and parameters: {'sigma_noise': 0.2613428516228344, 'A_repulsion': 0.2113984509241243, 'gamma': 0.7712094726768837, 'sigma_update': 0.3823344044567427, 'eta_learning': 2.1679291778860645, 'sigma_boundary': 3.5800472113968373, 'alpha': 0.3047808667120962}. Best is trial 4 with value: 0.040042802347178726.
[I 2026-03-06 06:48:12,963] Trial 78 finished with value: 0.07082972335029246 and parameters: {'sigma_noise': 0.23518287385277337, 'A_repulsion': 0.27060497120930277, 'gamma': 0.7184074280802992, 'sigma_update': 0.21928433147415735, 'eta_learning': 1.6947683105541693, 'sigma_boundary': 4.470906108662615, 'alpha': 0.5543788813483537}. Best is trial 4 with value: 0.040042802347178726.
