/nfs/nhome/live/apourdehghan/Hybrid_hpc_utils.py:56: DtypeWarning: Columns (16) have mixed types. Specify dtype option on import or set low_memory=False.
  data = pd.read_csv(data_path)
[I 2026-03-06 04:22:27,464] A new study created in memory with name: no-name-378e2c58-8cfd-410d-8211-50463d36b632
[I 2026-03-06 04:29:39,393] Trial 16 finished with value: 0.1269684488375591 and parameters: {'sigma_noise': 0.08405753222245732, 'A_repulsion': 0.002036847602197689, 'gamma': 0.07006051867395041, 'sigma_update': 0.5980085698225787, 'eta_learning': 1.2428911710138395, 'sigma_boundary': 1.0686542919665027, 'alpha': 0.8518965929738735}. Best is trial 16 with value: 0.1269684488375591.
[I 2026-03-06 04:31:06,782] Trial 3 finished with value: 0.5183775313985856 and parameters: {'sigma_noise': 0.18750811762094155, 'A_repulsion': 0.06731542738145274, 'gamma': 0.20074023605076163, 'sigma_update': 0.27939774642054455, 'eta_learning': 2.889012954001403, 'sigma_boundary': 7.060504063359428, 'alpha': 0.2706598055787689}. Best is trial 16 with value: 0.1269684488375591.
[I 2026-03-06 04:31:19,561] Trial 2 finished with value: 0.14051695401520195 and parameters: {'sigma_noise': 0.05128278439139997, 'A_repulsion': 0.364174643177545, 'gamma': 0.8115099958051335, 'sigma_update': 0.16880947877596506, 'eta_learning': 0.3049452282301384, 'sigma_boundary': 3.732492419620292, 'alpha': 0.06900227672052262}. Best is trial 16 with value: 0.1269684488375591.
[I 2026-03-06 04:31:45,324] Trial 18 finished with value: 0.08408155778459946 and parameters: {'sigma_noise': 0.1311505618765174, 'A_repulsion': 0.2082369447101966, 'gamma': 0.6745995037453832, 'sigma_update': 0.421046121173464, 'eta_learning': 0.9565336310069293, 'sigma_boundary': 8.204733991088741, 'alpha': 0.9767206604080851}. Best is trial 18 with value: 0.08408155778459946.
[I 2026-03-06 04:31:47,788] Trial 19 finished with value: 1.57088709679227 and parameters: {'sigma_noise': 0.2634694594414079, 'A_repulsion': 0.010662800815264883, 'gamma': 0.4078751383642245, 'sigma_update': 0.5720675212870883, 'eta_learning': 2.926694821561195, 'sigma_boundary': 4.692133851149542, 'alpha': 0.14581909321821296}. Best is trial 18 with value: 0.08408155778459946.
[I 2026-03-06 04:31:56,294] Trial 21 finished with value: 0.10775608717381424 and parameters: {'sigma_noise': 0.3112994380802827, 'A_repulsion': 0.0056816518062625665, 'gamma': 0.49543050571912106, 'sigma_update': 0.5747098745202421, 'eta_learning': 0.05085849396535512, 'sigma_boundary': 8.65621817903594, 'alpha': 0.9266278076472263}. Best is trial 18 with value: 0.08408155778459946.
[I 2026-03-06 04:32:10,178] Trial 13 finished with value: 1.9343569192872847 and parameters: {'sigma_noise': 0.08348610528382783, 'A_repulsion': 0.45201385611407485, 'gamma': 0.19505724657372536, 'sigma_update': 0.5463999392416244, 'eta_learning': 1.0247823761502812, 'sigma_boundary': 7.573406528100495, 'alpha': 0.059001935802053485}. Best is trial 18 with value: 0.08408155778459946.
[I 2026-03-06 04:32:31,553] Trial 0 finished with value: 0.17022750363869338 and parameters: {'sigma_noise': 0.2041074112497554, 'A_repulsion': 0.1839869828673672, 'gamma': 0.16248363914733993, 'sigma_update': 0.5166125114544471, 'eta_learning': 0.8949491840358589, 'sigma_boundary': 9.196645354067186, 'alpha': 0.7980871804672214}. Best is trial 18 with value: 0.08408155778459946.
[I 2026-03-06 04:32:35,730] Trial 15 finished with value: 0.3411056395574524 and parameters: {'sigma_noise': 0.19563390296454258, 'A_repulsion': 0.19417210493389137, 'gamma': 0.7103263939081438, 'sigma_update': 0.31865762088944155, 'eta_learning': 2.9219617308095205, 'sigma_boundary': 8.795828778373595, 'alpha': 0.36684068300294526}. Best is trial 18 with value: 0.08408155778459946.
[I 2026-03-06 04:32:48,132] Trial 1 finished with value: 0.041269555840803857 and parameters: {'sigma_noise': 0.22772100896881958, 'A_repulsion': 0.17629652162730558, 'gamma': 0.8652665023870524, 'sigma_update': 0.40703769464739714, 'eta_learning': 1.5055705370330896, 'sigma_boundary': 0.7977154031255846, 'alpha': 0.5201178236207623}. Best is trial 1 with value: 0.041269555840803857.
[I 2026-03-06 04:33:36,122] Trial 14 finished with value: 0.06510730869718549 and parameters: {'sigma_noise': 0.31323110274209165, 'A_repulsion': 0.12673745808067788, 'gamma': 0.4505422550084198, 'sigma_update': 0.31421915807361495, 'eta_learning': 0.18118901588571729, 'sigma_boundary': 8.986455066921547, 'alpha': 0.6761291585173652}. Best is trial 1 with value: 0.041269555840803857.
[I 2026-03-06 04:33:40,317] Trial 4 finished with value: 0.296893326789895 and parameters: {'sigma_noise': 0.3823536207509426, 'A_repulsion': 0.06526375613880636, 'gamma': 0.6928280702572932, 'sigma_update': 0.42950839114160067, 'eta_learning': 1.5007443452449527, 'sigma_boundary': 8.347021110169479, 'alpha': 0.5004253598024696}. Best is trial 1 with value: 0.041269555840803857.
[I 2026-03-06 04:33:54,546] Trial 8 finished with value: 0.7825451066335023 and parameters: {'sigma_noise': 0.23438074533272885, 'A_repulsion': 0.35150275651188173, 'gamma': 0.10321240640405012, 'sigma_update': 0.6598219327563211, 'eta_learning': 2.6143497137170812, 'sigma_boundary': 2.8827267957484026, 'alpha': 0.5064690611552375}. Best is trial 1 with value: 0.041269555840803857.
[I 2026-03-06 04:34:07,612] Trial 17 finished with value: 1.063658145397186 and parameters: {'sigma_noise': 0.3001622828344969, 'A_repulsion': 0.18977210622309132, 'gamma': 0.5024843587279838, 'sigma_update': 0.5498667056086197, 'eta_learning': 2.599162720024161, 'sigma_boundary': 1.619278377177037, 'alpha': 0.3583908540661759}. Best is trial 1 with value: 0.041269555840803857.
[I 2026-03-06 04:34:07,870] Trial 5 finished with value: 0.3475887396360968 and parameters: {'sigma_noise': 0.3729411584819153, 'A_repulsion': 0.10201558051669041, 'gamma': 0.4347519151911177, 'sigma_update': 0.4004877966683858, 'eta_learning': 2.2826958857035695, 'sigma_boundary': 3.7048156186354917, 'alpha': 0.5121707572087482}. Best is trial 1 with value: 0.041269555840803857.
[I 2026-03-06 04:34:10,497] Trial 23 finished with value: 1.489317150745416 and parameters: {'sigma_noise': 0.19548937357436902, 'A_repulsion': 0.4607779106185975, 'gamma': 0.6515052555333009, 'sigma_update': 0.5018782393059485, 'eta_learning': 1.825197791823689, 'sigma_boundary': 3.980427904973679, 'alpha': 0.29161137404705006}. Best is trial 1 with value: 0.041269555840803857.
[I 2026-03-06 04:34:15,030] Trial 10 finished with value: 0.08157361702068872 and parameters: {'sigma_noise': 0.4013564846376127, 'A_repulsion': 0.0675488473613286, 'gamma': 0.7054609479284011, 'sigma_update': 0.46374697910333945, 'eta_learning': 0.21277127563020679, 'sigma_boundary': 4.399431199082633, 'alpha': 0.921282048036459}. Best is trial 1 with value: 0.041269555840803857.
[I 2026-03-06 04:34:15,157] Trial 12 finished with value: 0.1275150793453635 and parameters: {'sigma_noise': 0.343243415827559, 'A_repulsion': 0.19765329268862591, 'gamma': 0.32606069464134013, 'sigma_update': 0.16288923343718362, 'eta_learning': 1.6042622240440727, 'sigma_boundary': 0.5813517279215932, 'alpha': 0.8116691677947804}. Best is trial 1 with value: 0.041269555840803857.
[I 2026-03-06 04:34:53,462] Trial 20 finished with value: 0.14806733682354634 and parameters: {'sigma_noise': 0.3292098642189773, 'A_repulsion': 0.3614899011061819, 'gamma': 0.7325290590903598, 'sigma_update': 0.6512531594178148, 'eta_learning': 0.6979034921842703, 'sigma_boundary': 1.783890447063467, 'alpha': 0.6311202606673173}. Best is trial 1 with value: 0.041269555840803857.
[I 2026-03-06 04:35:28,957] Trial 11 finished with value: 2.739176121801363 and parameters: {'sigma_noise': 0.4393737714934007, 'A_repulsion': 0.34358310569740075, 'gamma': 0.4920929565574686, 'sigma_update': 0.139447941342321, 'eta_learning': 0.858559154919088, 'sigma_boundary': 5.849362851956173, 'alpha': 0.02184027979775849}. Best is trial 1 with value: 0.041269555840803857.
[I 2026-03-06 04:35:37,988] Trial 9 finished with value: 0.21241602479177624 and parameters: {'sigma_noise': 0.3764180141044641, 'A_repulsion': 0.39054299187429653, 'gamma': 0.1696308918479183, 'sigma_update': 0.5151348105187701, 'eta_learning': 0.10209301352442691, 'sigma_boundary': 0.16003610996400378, 'alpha': 0.6530853020779543}. Best is trial 1 with value: 0.041269555840803857.
[I 2026-03-06 04:35:43,198] Trial 6 finished with value: 0.39521636490089596 and parameters: {'sigma_noise': 0.3985973506950135, 'A_repulsion': 0.4111127156593318, 'gamma': 0.4309464103698476, 'sigma_update': 0.6753083460518733, 'eta_learning': 2.8598860080694357, 'sigma_boundary': 2.1965068436086446, 'alpha': 0.9454389807786066}. Best is trial 1 with value: 0.041269555840803857.
[I 2026-03-06 04:35:51,780] Trial 7 finished with value: 2.5962494109874577 and parameters: {'sigma_noise': 0.42173481608057695, 'A_repulsion': 0.4512380777370137, 'gamma': 0.9183582542950693, 'sigma_update': 0.3106733460267344, 'eta_learning': 2.1473493780817927, 'sigma_boundary': 1.302977439687134, 'alpha': 0.2802718815209313}. Best is trial 1 with value: 0.041269555840803857.
[I 2026-03-06 04:36:00,650] Trial 22 finished with value: 0.9741796301513801 and parameters: {'sigma_noise': 0.38155671955776566, 'A_repulsion': 0.43668666647636817, 'gamma': 0.7885603633645091, 'sigma_update': 0.020262591796072343, 'eta_learning': 2.6893277617837215, 'sigma_boundary': 9.685103041960005, 'alpha': 0.646519954347225}. Best is trial 1 with value: 0.041269555840803857.
[I 2026-03-06 04:41:26,304] Trial 30 finished with value: 0.18215565807400702 and parameters: {'sigma_noise': 0.16628184468356627, 'A_repulsion': 0.11049775659088931, 'gamma': 0.3925004577801005, 'sigma_update': 0.44603385155984226, 'eta_learning': 1.6691151175571017, 'sigma_boundary': 6.606801957243004, 'alpha': 0.5513146473902613}. Best is trial 1 with value: 0.041269555840803857.
[I 2026-03-06 04:41:45,508] Trial 32 finished with value: 0.12322247501588873 and parameters: {'sigma_noise': 0.132830512336971, 'A_repulsion': 0.10198962965341485, 'gamma': 0.3009176423179008, 'sigma_update': 0.42854175860277915, 'eta_learning': 2.2356149666769385, 'sigma_boundary': 3.553163682785994, 'alpha': 0.6709483038313457}. Best is trial 1 with value: 0.041269555840803857.
[I 2026-03-06 04:42:16,533] Trial 25 finished with value: 0.0569231567914424 and parameters: {'sigma_noise': 0.25535695938024355, 'A_repulsion': 0.16275039937462954, 'gamma': 0.5739623321169673, 'sigma_update': 0.19502512550708312, 'eta_learning': 1.0392678581115165, 'sigma_boundary': 3.309921092312026, 'alpha': 0.48467674156237267}. Best is trial 1 with value: 0.041269555840803857.
[I 2026-03-06 04:42:30,537] Trial 29 finished with value: 0.1274869110985184 and parameters: {'sigma_noise': 0.15875276528064203, 'A_repulsion': 0.299603964821552, 'gamma': 0.5276582446909026, 'sigma_update': 0.25214744050283566, 'eta_learning': 1.7980987076442456, 'sigma_boundary': 6.838285655134791, 'alpha': 0.4171758935882023}. Best is trial 1 with value: 0.041269555840803857.
[I 2026-03-06 04:42:42,111] Trial 24 finished with value: 2.0681953156527655 and parameters: {'sigma_noise': 0.35835400460170325, 'A_repulsion': 0.3135618855677095, 'gamma': 0.6449023957879174, 'sigma_update': 0.22398283965818722, 'eta_learning': 1.16267046613064, 'sigma_boundary': 2.7034136192117213, 'alpha': 0.29658063946042335}. Best is trial 1 with value: 0.041269555840803857.
[I 2026-03-06 04:43:11,847] Trial 28 finished with value: 0.061918320373312866 and parameters: {'sigma_noise': 0.15926747460302637, 'A_repulsion': 0.4115407371304476, 'gamma': 0.5709240876037901, 'sigma_update': 0.15618974953634832, 'eta_learning': 1.4172046929845092, 'sigma_boundary': 2.1123769269700383, 'alpha': 0.4243573076544669}. Best is trial 1 with value: 0.041269555840803857.
[I 2026-03-06 04:43:22,572] Trial 26 finished with value: 0.039108933811177284 and parameters: {'sigma_noise': 0.23470671113010227, 'A_repulsion': 0.2993784512313587, 'gamma': 0.7058717249868792, 'sigma_update': 0.33218424487370873, 'eta_learning': 2.591741204675267, 'sigma_boundary': 4.693525153732657, 'alpha': 0.6360689231809906}. Best is trial 26 with value: 0.039108933811177284.
[I 2026-03-06 04:43:36,977] Trial 27 finished with value: 0.15828009732550835 and parameters: {'sigma_noise': 0.25408847515694494, 'A_repulsion': 0.24138609699557148, 'gamma': 0.45999463754493614, 'sigma_update': 0.2946004196740591, 'eta_learning': 1.1169954964790563, 'sigma_boundary': 6.165874291783571, 'alpha': 0.45830461313995263}. Best is trial 26 with value: 0.039108933811177284.
[I 2026-03-06 04:44:52,396] Trial 39 finished with value: 0.08298088798819483 and parameters: {'sigma_noise': 0.24611252915477605, 'A_repulsion': 0.15759722534124385, 'gamma': 0.34234846270324065, 'sigma_update': 0.39678355118030495, 'eta_learning': 2.249641652323813, 'sigma_boundary': 5.261171336191435, 'alpha': 0.9544164395104412}. Best is trial 26 with value: 0.039108933811177284.
[I 2026-03-06 04:44:54,181] Trial 31 finished with value: 0.1571761569511399 and parameters: {'sigma_noise': 0.30094846538036235, 'A_repulsion': 0.25876616433835314, 'gamma': 0.4815699904005741, 'sigma_update': 0.36368777738028374, 'eta_learning': 1.2981273474437967, 'sigma_boundary': 4.13626915925795, 'alpha': 0.5530148133332643}. Best is trial 26 with value: 0.039108933811177284.
[I 2026-03-06 04:45:16,768] Trial 33 finished with value: 0.2016761522395512 and parameters: {'sigma_noise': 0.2989317869760038, 'A_repulsion': 0.3039489980876144, 'gamma': 0.3900596410241859, 'sigma_update': 0.36497303223924804, 'eta_learning': 0.5473060902563585, 'sigma_boundary': 8.658741621958207, 'alpha': 0.4902590303890871}. Best is trial 26 with value: 0.039108933811177284.
[I 2026-03-06 04:45:22,262] Trial 34 finished with value: 0.10876750140709568 and parameters: {'sigma_noise': 0.22323128997472214, 'A_repulsion': 0.2996661935320966, 'gamma': 0.33171221822606073, 'sigma_update': 0.32270223460828273, 'eta_learning': 1.7353552024207857, 'sigma_boundary': 5.300077118716715, 'alpha': 0.5237262040355168}. Best is trial 26 with value: 0.039108933811177284.
[I 2026-03-06 04:45:28,585] Trial 43 finished with value: 0.05632902990637141 and parameters: {'sigma_noise': 0.14536585446870864, 'A_repulsion': 0.22444928407586492, 'gamma': 0.7001912487659907, 'sigma_update': 0.2759683052093002, 'eta_learning': 1.0928984038239427, 'sigma_boundary': 6.533147545244783, 'alpha': 0.5893168303156339}. Best is trial 26 with value: 0.039108933811177284.
[I 2026-03-06 04:46:00,720] Trial 44 finished with value: 0.04884667236838354 and parameters: {'sigma_noise': 0.2003701592524691, 'A_repulsion': 0.1841984534031521, 'gamma': 0.6388134120137686, 'sigma_update': 0.31131169594390246, 'eta_learning': 1.6558411176490164, 'sigma_boundary': 5.892806786614524, 'alpha': 0.6269252197538886}. Best is trial 26 with value: 0.039108933811177284.
[I 2026-03-06 04:46:16,886] Trial 35 finished with value: 0.16973578638012238 and parameters: {'sigma_noise': 0.34456787060146465, 'A_repulsion': 0.16513880721428223, 'gamma': 0.7126669015600713, 'sigma_update': 0.43091736561870886, 'eta_learning': 1.4324081030621032, 'sigma_boundary': 3.6492339600265375, 'alpha': 0.5563707333665533}. Best is trial 26 with value: 0.039108933811177284.
[I 2026-03-06 04:46:20,123] Trial 36 finished with value: 0.06546764090607973 and parameters: {'sigma_noise': 0.28468747530610805, 'A_repulsion': 0.29232766506612146, 'gamma': 0.45230608498149155, 'sigma_update': 0.22680126549718402, 'eta_learning': 1.6152048677099424, 'sigma_boundary': 5.648273607597261, 'alpha': 0.6478328055228468}. Best is trial 26 with value: 0.039108933811177284.
[I 2026-03-06 04:46:47,693] Trial 41 finished with value: 0.057180592138140085 and parameters: {'sigma_noise': 0.27184336467704967, 'A_repulsion': 0.33807951501712047, 'gamma': 0.572333671002594, 'sigma_update': 0.18716407318079975, 'eta_learning': 1.4625533232551369, 'sigma_boundary': 4.6101509291391, 'alpha': 0.6244028678561314}. Best is trial 26 with value: 0.039108933811177284.
[I 2026-03-06 04:46:49,085] Trial 40 finished with value: 0.12049472209660872 and parameters: {'sigma_noise': 0.29540128152898454, 'A_repulsion': 0.23171871768474225, 'gamma': 0.6723481401431395, 'sigma_update': 0.31977973904625884, 'eta_learning': 0.4567853700731906, 'sigma_boundary': 5.73981285121483, 'alpha': 0.49271623245588736}. Best is trial 26 with value: 0.039108933811177284.
[I 2026-03-06 04:46:51,735] Trial 38 finished with value: 2.0922112293165713 and parameters: {'sigma_noise': 0.23219400181484134, 'A_repulsion': 0.3535328936544105, 'gamma': 0.3873687456847766, 'sigma_update': 0.5086116899310168, 'eta_learning': 1.430544889929661, 'sigma_boundary': 4.87004174872203, 'alpha': 0.22545142627466008}. Best is trial 26 with value: 0.039108933811177284.
[I 2026-03-06 04:47:13,982] Trial 47 finished with value: 0.04189502828699164 and parameters: {'sigma_noise': 0.20393112722156942, 'A_repulsion': 0.2704252570398856, 'gamma': 0.5541111920965371, 'sigma_update': 0.12763840205594232, 'eta_learning': 1.8732573124418737, 'sigma_boundary': 6.06702538934642, 'alpha': 0.47150230092040624}. Best is trial 26 with value: 0.039108933811177284.
[I 2026-03-06 04:47:17,169] Trial 42 finished with value: 0.10172288672214858 and parameters: {'sigma_noise': 0.2469583158235482, 'A_repulsion': 0.3456245293232717, 'gamma': 0.5066538042095253, 'sigma_update': 0.30482940596059893, 'eta_learning': 0.7325798678491712, 'sigma_boundary': 1.410185078701673, 'alpha': 0.46294630688159805}. Best is trial 26 with value: 0.039108933811177284.
[I 2026-03-06 04:47:24,066] Trial 37 finished with value: 1.6088891153222025 and parameters: {'sigma_noise': 0.3974270111443185, 'A_repulsion': 0.22659835648765927, 'gamma': 0.08001164143988916, 'sigma_update': 0.5937427104322647, 'eta_learning': 2.647712653009189, 'sigma_boundary': 7.158728740445413, 'alpha': 0.3341065977731914}. Best is trial 26 with value: 0.039108933811177284.
[I 2026-03-06 04:47:54,053] Trial 46 finished with value: 0.27120966824821857 and parameters: {'sigma_noise': 0.2299240725557894, 'A_repulsion': 0.26822679143856926, 'gamma': 0.6652939594876593, 'sigma_update': 0.5343509458844276, 'eta_learning': 1.6169692496535057, 'sigma_boundary': 7.128151999566079, 'alpha': 0.4998185552120315}. Best is trial 26 with value: 0.039108933811177284.
[I 2026-03-06 04:47:57,944] Trial 45 finished with value: 0.4805428499830907 and parameters: {'sigma_noise': 0.29118189997957294, 'A_repulsion': 0.1955534173191677, 'gamma': 0.27319069223337694, 'sigma_update': 0.5363975156398471, 'eta_learning': 1.3833906977548942, 'sigma_boundary': 6.19590447953165, 'alpha': 0.5476589860029406}. Best is trial 26 with value: 0.039108933811177284.
[I 2026-03-06 04:52:39,850] Trial 50 finished with value: 0.24015510923390773 and parameters: {'sigma_noise': 0.1748195195294508, 'A_repulsion': 0.1997200153066761, 'gamma': 0.2797790835355171, 'sigma_update': 0.2979343932264321, 'eta_learning': 1.6461054444479504, 'sigma_boundary': 4.4050942724005955, 'alpha': 0.36650484063658584}. Best is trial 26 with value: 0.039108933811177284.
[I 2026-03-06 04:52:44,677] Trial 51 finished with value: 0.15476057110905136 and parameters: {'sigma_noise': 0.18928555333634256, 'A_repulsion': 0.16364303002438685, 'gamma': 0.41030870379356627, 'sigma_update': 0.387069417599296, 'eta_learning': 2.0008592391187388, 'sigma_boundary': 2.2155329009361964, 'alpha': 0.5061170939020845}. Best is trial 26 with value: 0.039108933811177284.
[I 2026-03-06 04:53:09,680] Trial 48 finished with value: 0.07194938448266153 and parameters: {'sigma_noise': 0.18785386082731104, 'A_repulsion': 0.32027276929505233, 'gamma': 0.3002075677063676, 'sigma_update': 0.2552841981355654, 'eta_learning': 1.5046130628093126, 'sigma_boundary': 5.497926343196287, 'alpha': 0.6985158196690193}. Best is trial 26 with value: 0.039108933811177284.
[I 2026-03-06 04:53:32,780] Trial 52 finished with value: 0.04946562501260454 and parameters: {'sigma_noise': 0.23352729371703562, 'A_repulsion': 0.15499575405058696, 'gamma': 0.5809073942715337, 'sigma_update': 0.40488101854324077, 'eta_learning': 2.0284331069105597, 'sigma_boundary': 4.4585432322261225, 'alpha': 0.8532977691067904}. Best is trial 26 with value: 0.039108933811177284.
[I 2026-03-06 04:54:08,031] Trial 54 finished with value: 0.3811119268151275 and parameters: {'sigma_noise': 0.19073766780657653, 'A_repulsion': 0.1943940486221381, 'gamma': 0.5428265356353066, 'sigma_update': 0.32311570428824393, 'eta_learning': 2.240596621534446, 'sigma_boundary': 3.2196853386926647, 'alpha': 0.35152130964204537}. Best is trial 26 with value: 0.039108933811177284.
[I 2026-03-06 04:54:55,532] Trial 49 finished with value: 0.34893797438988794 and parameters: {'sigma_noise': 0.2863058162802494, 'A_repulsion': 0.36073729482583505, 'gamma': 0.20576977702363555, 'sigma_update': 0.39092909642987406, 'eta_learning': 0.8167899882766673, 'sigma_boundary': 4.994620546668234, 'alpha': 0.44290481753572053}. Best is trial 26 with value: 0.039108933811177284.
[I 2026-03-06 04:55:01,162] Trial 55 finished with value: 0.6692972788326585 and parameters: {'sigma_noise': 0.21471001276209584, 'A_repulsion': 0.24725832993953656, 'gamma': 0.4967228698396738, 'sigma_update': 0.30191971809972895, 'eta_learning': 1.4356915407691933, 'sigma_boundary': 5.595714743664282, 'alpha': 0.32133072079257496}. Best is trial 26 with value: 0.039108933811177284.
[I 2026-03-06 04:55:11,482] Trial 58 finished with value: 0.09988930454067156 and parameters: {'sigma_noise': 0.11094199891222517, 'A_repulsion': 0.2667450076032285, 'gamma': 0.44414791559112854, 'sigma_update': 0.2692046515097087, 'eta_learning': 1.9763818293958826, 'sigma_boundary': 4.692106340154604, 'alpha': 0.5926043187550832}. Best is trial 26 with value: 0.039108933811177284.
