[I 2026-03-06 09:05:42,527] Trial 83 finished with value: 0.3026489760352798 and parameters: {'sigma_noise': 0.2658805284938974, 'A_repulsion': 0.11622618354914183, 'gamma': 0.6089503218153691, 'sigma_update': 0.45385888405965236, 'eta_learning': 1.9704146159004314, 'sigma_boundary': 4.344935033795599, 'alpha': 0.5099443717167362}. Best is trial 64 with value: 0.024096244210922914.
[I 2026-03-06 09:05:43,871] Trial 82 finished with value: 0.04964417259223421 and parameters: {'sigma_noise': 0.16512226971257704, 'A_repulsion': 0.28915953679059214, 'gamma': 0.36832901317449934, 'sigma_update': 0.20491428160513356, 'eta_learning': 1.3518649180365063, 'sigma_boundary': 5.863819572816137, 'alpha': 0.4832677949786208}. Best is trial 64 with value: 0.024096244210922914.
[I 2026-03-06 09:05:47,160] Trial 87 finished with value: 0.19547351625104292 and parameters: {'sigma_noise': 0.25183655395589094, 'A_repulsion': 0.055701503732958554, 'gamma': 0.6430640995470975, 'sigma_update': 0.043861099288757574, 'eta_learning': 2.0927416250250412, 'sigma_boundary': 3.2689779350737234, 'alpha': 0.699453011112323}. Best is trial 64 with value: 0.024096244210922914.
[I 2026-03-06 09:05:47,757] Trial 86 finished with value: 0.02529442286466886 and parameters: {'sigma_noise': 0.2214764980577663, 'A_repulsion': 0.05585870983236835, 'gamma': 0.7022003105993674, 'sigma_update': 0.3167734574965867, 'eta_learning': 1.8021743656643214, 'sigma_boundary': 7.0456895561836035, 'alpha': 0.8438320266374174}. Best is trial 64 with value: 0.024096244210922914.
[I 2026-03-06 09:06:25,873] Trial 85 finished with value: 0.037187909420537735 and parameters: {'sigma_noise': 0.235866787275748, 'A_repulsion': 0.19869402110593182, 'gamma': 0.6652847020102365, 'sigma_update': 0.25621209595545347, 'eta_learning': 1.4658376863573277, 'sigma_boundary': 2.2791286011215415, 'alpha': 0.6606119963067634}. Best is trial 64 with value: 0.024096244210922914.
[I 2026-03-06 09:06:39,736] Trial 88 finished with value: 0.06706262293245166 and parameters: {'sigma_noise': 0.25456420647673766, 'A_repulsion': 0.07000925705908552, 'gamma': 0.43023995416464134, 'sigma_update': 0.14878225581062238, 'eta_learning': 1.3968588095340055, 'sigma_boundary': 4.830066035532422, 'alpha': 0.8260442138526857}. Best is trial 64 with value: 0.024096244210922914.
[I 2026-03-06 09:07:14,095] Trial 84 finished with value: 0.0722675831492964 and parameters: {'sigma_noise': 0.33265286743739225, 'A_repulsion': 0.2402214695232588, 'gamma': 0.7637808251377616, 'sigma_update': 0.3920369881847057, 'eta_learning': 1.711480982010209, 'sigma_boundary': 4.9495161385641095, 'alpha': 0.7631860888860418}. Best is trial 64 with value: 0.024096244210922914.
[I 2026-03-06 09:08:05,913] Trial 89 finished with value: 0.09198298324899501 and parameters: {'sigma_noise': 0.2958314141359268, 'A_repulsion': 0.2458553487911963, 'gamma': 0.5693803307492941, 'sigma_update': 0.27524509275891335, 'eta_learning': 1.7451197788460984, 'sigma_boundary': 6.3993404127039595, 'alpha': 0.6130660159064567}. Best is trial 64 with value: 0.024096244210922914.
[I 2026-03-06 09:08:12,678] Trial 93 finished with value: 0.04076464526723349 and parameters: {'sigma_noise': 0.189623916307259, 'A_repulsion': 0.23780222649934307, 'gamma': 0.8225543099779614, 'sigma_update': 0.16115067454724868, 'eta_learning': 1.1994173649932829, 'sigma_boundary': 5.787518430411582, 'alpha': 0.9659996679010521}. Best is trial 64 with value: 0.024096244210922914.
[I 2026-03-06 09:08:20,848] Trial 90 finished with value: 0.10257856836614107 and parameters: {'sigma_noise': 0.2867097781351092, 'A_repulsion': 0.2162505201296431, 'gamma': 0.4351679652166402, 'sigma_update': 0.34186524839620475, 'eta_learning': 1.543099156596209, 'sigma_boundary': 5.913769468296068, 'alpha': 0.7539190348289805}. Best is trial 64 with value: 0.024096244210922914.
[I 2026-03-06 09:08:36,372] Trial 91 finished with value: 0.2084596456653925 and parameters: {'sigma_noise': 0.26505480866549774, 'A_repulsion': 0.33537817180879004, 'gamma': 0.6496093530833538, 'sigma_update': 0.5096294743572919, 'eta_learning': 1.283132601310791, 'sigma_boundary': 6.326907517732043, 'alpha': 0.5674060047176074}. Best is trial 64 with value: 0.024096244210922914.
[I 2026-03-06 09:08:40,104] Trial 92 finished with value: 0.037122661695284415 and parameters: {'sigma_noise': 0.2837948089679493, 'A_repulsion': 0.12954512758141556, 'gamma': 0.7274524416202482, 'sigma_update': 0.35062119169972356, 'eta_learning': 0.16479401651503592, 'sigma_boundary': 3.355562478594293, 'alpha': 0.7783440634873391}. Best is trial 64 with value: 0.024096244210922914.
[I 2026-03-06 09:09:31,897] Trial 95 finished with value: 0.06510907676346951 and parameters: {'sigma_noise': 0.253838300560457, 'A_repulsion': 0.21313042299973234, 'gamma': 0.4241930253297542, 'sigma_update': 0.2989595480196581, 'eta_learning': 1.2434671713763255, 'sigma_boundary': 5.952954841781827, 'alpha': 0.778417529666456}. Best is trial 64 with value: 0.024096244210922914.
[I 2026-03-06 09:09:53,991] Trial 94 finished with value: 0.06687555080028518 and parameters: {'sigma_noise': 0.284402323694578, 'A_repulsion': 0.226226800856058, 'gamma': 0.5741915892735289, 'sigma_update': 0.32113669585239557, 'eta_learning': 1.150103254955019, 'sigma_boundary': 6.666475381431101, 'alpha': 0.7406727809894276}. Best is trial 64 with value: 0.024096244210922914.
[I 2026-03-06 09:12:48,173] Trial 102 finished with value: 0.06863760574800856 and parameters: {'sigma_noise': 0.14220883901796738, 'A_repulsion': 0.08556849369630133, 'gamma': 0.5010680492516311, 'sigma_update': 0.35295614814300674, 'eta_learning': 1.4005950556747984, 'sigma_boundary': 6.2982826650208095, 'alpha': 0.7580386019629716}. Best is trial 64 with value: 0.024096244210922914.
[I 2026-03-06 09:13:08,509] Trial 97 finished with value: 0.05110115860801748 and parameters: {'sigma_noise': 0.21838737019965193, 'A_repulsion': 0.14093868865780107, 'gamma': 0.5267153299663946, 'sigma_update': 0.31293754142455, 'eta_learning': 1.3574893083605621, 'sigma_boundary': 5.835182920303588, 'alpha': 0.8425582728089657}. Best is trial 64 with value: 0.024096244210922914.
[I 2026-03-06 09:13:11,450] Trial 101 finished with value: 0.03298244762814996 and parameters: {'sigma_noise': 0.23586004522421639, 'A_repulsion': 0.03886357508483723, 'gamma': 0.9687758844409083, 'sigma_update': 0.4321471662398088, 'eta_learning': 1.6739999494451538, 'sigma_boundary': 3.5904507068001714, 'alpha': 0.6750504478458873}. Best is trial 64 with value: 0.024096244210922914.
[I 2026-03-06 09:13:13,535] Trial 100 finished with value: 0.04798121958422093 and parameters: {'sigma_noise': 0.14413252007381683, 'A_repulsion': 0.17578648822436907, 'gamma': 0.6951415979311873, 'sigma_update': 0.4434749050836181, 'eta_learning': 1.9799446453866545, 'sigma_boundary': 4.653371120078818, 'alpha': 0.88070292198766}. Best is trial 64 with value: 0.024096244210922914.
[I 2026-03-06 09:13:29,221] Trial 99 finished with value: 0.04745758320602538 and parameters: {'sigma_noise': 0.19011583529034826, 'A_repulsion': 0.13860055854080008, 'gamma': 0.693180382963718, 'sigma_update': 0.5423218598887882, 'eta_learning': 1.5459428251471286, 'sigma_boundary': 5.561258716058733, 'alpha': 0.776467546934521}. Best is trial 64 with value: 0.024096244210922914.
[I 2026-03-06 09:13:49,620] Trial 96 finished with value: 0.05993727061728824 and parameters: {'sigma_noise': 0.27499172388162835, 'A_repulsion': 0.19488317091136717, 'gamma': 0.8153407180987834, 'sigma_update': 0.6100062096836623, 'eta_learning': 1.3546078275316462, 'sigma_boundary': 5.339206144634992, 'alpha': 0.701129811174306}. Best is trial 64 with value: 0.024096244210922914.
[I 2026-03-06 09:14:21,936] Trial 104 finished with value: 0.035526838826886606 and parameters: {'sigma_noise': 0.30283305149475037, 'A_repulsion': 0.029843990734126802, 'gamma': 0.8910448426738077, 'sigma_update': 0.3492230596791413, 'eta_learning': 1.4650801524124761, 'sigma_boundary': 5.106453916095516, 'alpha': 0.6888180162332014}. Best is trial 64 with value: 0.024096244210922914.
[I 2026-03-06 09:15:00,934] Trial 98 finished with value: 0.2764379962619693 and parameters: {'sigma_noise': 0.32854831219368485, 'A_repulsion': 0.1757003133800596, 'gamma': 0.3447435013129445, 'sigma_update': 0.5531342699775887, 'eta_learning': 1.7284168903505974, 'sigma_boundary': 3.168547280178436, 'alpha': 0.9141356849596467}. Best is trial 64 with value: 0.024096244210922914.
[I 2026-03-06 09:15:03,473] Trial 108 finished with value: 0.07868325998818515 and parameters: {'sigma_noise': 0.11891782427937925, 'A_repulsion': 0.2530830789847392, 'gamma': 0.3617853439510993, 'sigma_update': 0.3681412419759326, 'eta_learning': 2.4630156966455363, 'sigma_boundary': 4.81188420095928, 'alpha': 0.8690196349813198}. Best is trial 64 with value: 0.024096244210922914.
[I 2026-03-06 09:15:21,619] Trial 107 finished with value: 0.02368990244258823 and parameters: {'sigma_noise': 0.2057650988467865, 'A_repulsion': 0.16300300063006454, 'gamma': 0.8440737889901133, 'sigma_update': 0.3890441138936093, 'eta_learning': 1.291526805251985, 'sigma_boundary': 3.1583305324009414, 'alpha': 0.6614514273997406}. Best is trial 107 with value: 0.02368990244258823.
[I 2026-03-06 09:15:46,704] Trial 103 finished with value: 0.2474042087508461 and parameters: {'sigma_noise': 0.339120229434355, 'A_repulsion': 0.2354627144268949, 'gamma': 0.8963303526243781, 'sigma_update': 0.3012596015912649, 'eta_learning': 1.4555172326013626, 'sigma_boundary': 3.9713080684308504, 'alpha': 0.439878134437799}. Best is trial 107 with value: 0.02368990244258823.
[I 2026-03-06 09:15:47,913] Trial 105 finished with value: 0.04104174506980035 and parameters: {'sigma_noise': 0.24794411349301504, 'A_repulsion': 0.19072607705206251, 'gamma': 0.6332054777029923, 'sigma_update': 0.4143159277516272, 'eta_learning': 1.739862352458683, 'sigma_boundary': 4.865130203123824, 'alpha': 0.9616915817845723}. Best is trial 107 with value: 0.02368990244258823.
[I 2026-03-06 09:15:51,476] Trial 109 finished with value: 0.04841052891783194 and parameters: {'sigma_noise': 0.19770868062454133, 'A_repulsion': 0.21148623766299385, 'gamma': 0.5420230574608839, 'sigma_update': 0.3384458738719084, 'eta_learning': 0.8722860384830126, 'sigma_boundary': 6.537476164722988, 'alpha': 0.8636889759273114}. Best is trial 107 with value: 0.02368990244258823.
[I 2026-03-06 09:16:15,059] Trial 115 finished with value: 0.07925859779318911 and parameters: {'sigma_noise': 0.08588109128223845, 'A_repulsion': 0.027216255835971426, 'gamma': 0.6022055292714497, 'sigma_update': 0.335197670563862, 'eta_learning': 2.1612706173852962, 'sigma_boundary': 4.2561100771180795, 'alpha': 0.9027639359550648}. Best is trial 107 with value: 0.02368990244258823.
[I 2026-03-06 09:16:51,250] Trial 111 finished with value: 0.027909930229879372 and parameters: {'sigma_noise': 0.19566496658993277, 'A_repulsion': 0.24561084024907065, 'gamma': 0.9846199228034604, 'sigma_update': 0.37482312488696684, 'eta_learning': 1.942737270585468, 'sigma_boundary': 5.527090477467265, 'alpha': 0.7618763150598142}. Best is trial 107 with value: 0.02368990244258823.
[I 2026-03-06 09:16:59,209] Trial 106 finished with value: 0.18225350649702549 and parameters: {'sigma_noise': 0.3144996714853895, 'A_repulsion': 0.17945980071577086, 'gamma': 0.773763748972813, 'sigma_update': 0.3290500414065655, 'eta_learning': 1.9449289092607, 'sigma_boundary': 5.268217524473155, 'alpha': 0.49535090155789746}. Best is trial 107 with value: 0.02368990244258823.
[I 2026-03-06 09:17:00,277] Trial 116 finished with value: 0.10131385544723127 and parameters: {'sigma_noise': 0.12482242045228194, 'A_repulsion': 0.009411853725454972, 'gamma': 0.6102219173891386, 'sigma_update': 0.44954858734602754, 'eta_learning': 1.8306738743324478, 'sigma_boundary': 2.872951864063977, 'alpha': 0.6441883989640067}. Best is trial 107 with value: 0.02368990244258823.
[I 2026-03-06 09:17:27,654] Trial 110 finished with value: 0.06408303234130311 and parameters: {'sigma_noise': 0.2924078233945065, 'A_repulsion': 0.1860596507880716, 'gamma': 0.6037501468053879, 'sigma_update': 0.3825152362860664, 'eta_learning': 1.6844188976457795, 'sigma_boundary': 6.870286734068441, 'alpha': 0.9212032054360382}. Best is trial 107 with value: 0.02368990244258823.
[I 2026-03-06 09:17:28,669] Trial 112 finished with value: 0.13460451974206264 and parameters: {'sigma_noise': 0.30241555611127136, 'A_repulsion': 0.08200793031227614, 'gamma': 0.6404775280996085, 'sigma_update': 0.32779488000060264, 'eta_learning': 1.2869603930509834, 'sigma_boundary': 4.1446536161556855, 'alpha': 0.5843623417566698}. Best is trial 107 with value: 0.02368990244258823.
[I 2026-03-06 09:17:40,556] Trial 114 finished with value: 0.06314637985456949 and parameters: {'sigma_noise': 0.20212265121403777, 'A_repulsion': 0.1335777377585559, 'gamma': 0.5111063464059188, 'sigma_update': 0.41877938601314996, 'eta_learning': 2.2361950132236803, 'sigma_boundary': 4.336193743616022, 'alpha': 0.8184933958726716}. Best is trial 107 with value: 0.02368990244258823.
[I 2026-03-06 09:17:53,076] Trial 113 finished with value: 0.05472224182104326 and parameters: {'sigma_noise': 0.2196430985395807, 'A_repulsion': 0.14128697192639667, 'gamma': 0.6697350673385701, 'sigma_update': 0.2885247084091586, 'eta_learning': 2.3195256016447443, 'sigma_boundary': 5.328435693549923, 'alpha': 0.6237031726849256}. Best is trial 107 with value: 0.02368990244258823.
[I 2026-03-06 09:19:23,632] Trial 118 finished with value: 0.0815272566790156 and parameters: {'sigma_noise': 0.20513288223072834, 'A_repulsion': 0.22699549818555081, 'gamma': 0.9520283445410854, 'sigma_update': 0.5225347675854585, 'eta_learning': 1.7924369927148527, 'sigma_boundary': 7.382555556050258, 'alpha': 0.6053838053344547}. Best is trial 107 with value: 0.02368990244258823.
[I 2026-03-06 09:19:42,405] Trial 117 finished with value: 0.12072943542676652 and parameters: {'sigma_noise': 0.2655839774978321, 'A_repulsion': 0.24576472133773541, 'gamma': 0.39771153370582396, 'sigma_update': 0.44976100320337925, 'eta_learning': 1.084679670419523, 'sigma_boundary': 5.478751690287281, 'alpha': 0.8508060235862586}. Best is trial 107 with value: 0.02368990244258823.
[I 2026-03-06 09:19:44,058] Trial 119 finished with value: 0.055380162311590375 and parameters: {'sigma_noise': 0.26220640124693373, 'A_repulsion': 0.10405366444954056, 'gamma': 0.5849445386866002, 'sigma_update': 0.34580710483875127, 'eta_learning': 1.639143876528261, 'sigma_boundary': 2.795753405732324, 'alpha': 0.9489426010832646}. Best is trial 107 with value: 0.02368990244258823.
[I 2026-03-06 09:22:45,496] Trial 125 finished with value: 0.07089521284933639 and parameters: {'sigma_noise': 0.13872859019381734, 'A_repulsion': 0.16311638406234427, 'gamma': 0.5162947560678168, 'sigma_update': 0.38751961882959357, 'eta_learning': 1.0004080247192915, 'sigma_boundary': 5.004085716350545, 'alpha': 0.7460210339899652}. Best is trial 107 with value: 0.02368990244258823.
[I 2026-03-06 09:22:53,381] Trial 124 finished with value: 0.024265845542069963 and parameters: {'sigma_noise': 0.29140953230493943, 'A_repulsion': 0.09283078366191246, 'gamma': 0.7793543249525778, 'sigma_update': 0.5250474707521711, 'eta_learning': 0.014398418683993029, 'sigma_boundary': 5.8864379903635795, 'alpha': 0.8790067490698446}. Best is trial 107 with value: 0.02368990244258823.
[I 2026-03-06 09:23:15,499] Trial 120 finished with value: 0.050114135943096924 and parameters: {'sigma_noise': 0.2786481335812054, 'A_repulsion': 0.17012327107129094, 'gamma': 0.6590631322259817, 'sigma_update': 0.13905824050508375, 'eta_learning': 1.5315335899623654, 'sigma_boundary': 6.110497768402123, 'alpha': 0.7080251716994437}. Best is trial 107 with value: 0.02368990244258823.
[I 2026-03-06 09:23:20,364] Trial 121 finished with value: 0.035658814618577075 and parameters: {'sigma_noise': 0.19696257069865702, 'A_repulsion': 0.2850272762437567, 'gamma': 0.6642142897350739, 'sigma_update': 0.39188259520734287, 'eta_learning': 1.389161686705615, 'sigma_boundary': 4.840327139523266, 'alpha': 0.7526614929353017}. Best is trial 107 with value: 0.02368990244258823.
[I 2026-03-06 09:23:54,852] Trial 123 finished with value: 0.0848031888331025 and parameters: {'sigma_noise': 0.2970027425813119, 'A_repulsion': 0.16399835378150907, 'gamma': 0.5070054404858041, 'sigma_update': 0.3326861399852911, 'eta_learning': 0.25901880691815565, 'sigma_boundary': 2.988518996366544, 'alpha': 0.7522982091652763}. Best is trial 107 with value: 0.02368990244258823.
[I 2026-03-06 09:24:29,227] Trial 122 finished with value: 0.03386185666888259 and parameters: {'sigma_noise': 0.23279964028621253, 'A_repulsion': 0.34200901848702336, 'gamma': 0.7469343656212881, 'sigma_update': 0.17921625575204292, 'eta_learning': 0.3275096425933902, 'sigma_boundary': 3.7511126852981347, 'alpha': 0.7159259631018163}. Best is trial 107 with value: 0.02368990244258823.
[I 2026-03-06 09:24:32,442] Trial 129 finished with value: 0.06606032228770564 and parameters: {'sigma_noise': 0.25928939409327567, 'A_repulsion': 0.04496576698631205, 'gamma': 0.7586234981180718, 'sigma_update': 0.19351351399273078, 'eta_learning': 1.2614543460624488, 'sigma_boundary': 4.683246868192885, 'alpha': 0.5297159033331437}. Best is trial 107 with value: 0.02368990244258823.
[I 2026-03-06 09:24:45,202] Trial 131 finished with value: 0.013252584532027078 and parameters: {'sigma_noise': 0.2602833241418036, 'A_repulsion': 0.04355253161231029, 'gamma': 0.8984233438882286, 'sigma_update': 0.40694377132097326, 'eta_learning': 0.2256413035742278, 'sigma_boundary': 3.9004310805555713, 'alpha': 0.8009498262932123}. Best is trial 131 with value: 0.013252584532027078.
[I 2026-03-06 09:24:59,145] Trial 133 finished with value: 0.021359076994377706 and parameters: {'sigma_noise': 0.20885975136981555, 'A_repulsion': 0.07143227522879345, 'gamma': 0.9780095277376696, 'sigma_update': 0.3464782342571178, 'eta_learning': 0.22115567210295745, 'sigma_boundary': 2.8399847130336076, 'alpha': 0.7572939791648491}. Best is trial 131 with value: 0.013252584532027078.
[I 2026-03-06 09:25:39,134] Trial 126 finished with value: 0.04900385538110359 and parameters: {'sigma_noise': 0.3088088381716368, 'A_repulsion': 0.32911331996380283, 'gamma': 0.8209117725427407, 'sigma_update': 0.2616458285945627, 'eta_learning': 0.6170677019278693, 'sigma_boundary': 6.485173040101745, 'alpha': 0.9146042603640692}. Best is trial 131 with value: 0.013252584532027078.
[I 2026-03-06 09:25:40,307] Trial 128 finished with value: 0.03867703901641349 and parameters: {'sigma_noise': 0.21036098763331407, 'A_repulsion': 0.3267759709783248, 'gamma': 0.6659214126430382, 'sigma_update': 0.34643551575642384, 'eta_learning': 0.9580995752098603, 'sigma_boundary': 3.823200776088439, 'alpha': 0.8721711109290907}. Best is trial 131 with value: 0.013252584532027078.
[I 2026-03-06 09:25:55,895] Trial 132 finished with value: 0.06778761880889247 and parameters: {'sigma_noise': 0.2912456053171217, 'A_repulsion': 0.13406338485871394, 'gamma': 0.7025682338705737, 'sigma_update': 0.3567531596573191, 'eta_learning': 0.9113479385670669, 'sigma_boundary': 3.337656482116789, 'alpha': 0.7325254174973246}. Best is trial 131 with value: 0.013252584532027078.
[I 2026-03-06 09:26:27,401] Trial 127 finished with value: 0.13434102962481173 and parameters: {'sigma_noise': 0.35532078210330503, 'A_repulsion': 0.27515406232152095, 'gamma': 0.6085797113778748, 'sigma_update': 0.37276773767260785, 'eta_learning': 0.45649749490603037, 'sigma_boundary': 5.202119837959976, 'alpha': 0.7674820585947133}. Best is trial 131 with value: 0.013252584532027078.
[I 2026-03-06 09:26:31,793] Trial 130 finished with value: 0.11493250033505667 and parameters: {'sigma_noise': 0.3249989643989918, 'A_repulsion': 0.21667398381551053, 'gamma': 0.7829814448643075, 'sigma_update': 0.21097194774724204, 'eta_learning': 0.8190343321934123, 'sigma_boundary': 5.749462867767514, 'alpha': 0.5377087821173754}. Best is trial 131 with value: 0.013252584532027078.
[I 2026-03-06 09:26:38,458] Trial 134 finished with value: 0.027683051950647863 and parameters: {'sigma_noise': 0.2737271440202262, 'A_repulsion': 0.09630585669043722, 'gamma': 0.7618909029851367, 'sigma_update': 0.2247175950220256, 'eta_learning': 0.705524486778269, 'sigma_boundary': 4.414254271536921, 'alpha': 0.8240033404319677}. Best is trial 131 with value: 0.013252584532027078.
[I 2026-03-06 09:26:53,874] Trial 140 finished with value: 0.09729760030868702 and parameters: {'sigma_noise': 0.22414872462254282, 'A_repulsion': 0.056998244660719635, 'gamma': 0.4367512353092459, 'sigma_update': 0.4216803083502265, 'eta_learning': 0.3520461770738519, 'sigma_boundary': 7.4860730029928, 'alpha': 0.71114980349846}. Best is trial 131 with value: 0.013252584532027078.
[I 2026-03-06 09:27:33,105] Trial 136 finished with value: 0.04216088736029493 and parameters: {'sigma_noise': 0.24733411190968774, 'A_repulsion': 0.24431714166444155, 'gamma': 0.6663789098242843, 'sigma_update': 0.2743124314708986, 'eta_learning': 1.019034525275847, 'sigma_boundary': 6.252389829886613, 'alpha': 0.7298867119683115}. Best is trial 131 with value: 0.013252584532027078.
[I 2026-03-06 09:27:41,886] Trial 138 finished with value: 0.04414928526871697 and parameters: {'sigma_noise': 0.24390882145686027, 'A_repulsion': 0.2211459321810325, 'gamma': 0.5889420536151968, 'sigma_update': 0.2483624341462262, 'eta_learning': 1.6236019737384633, 'sigma_boundary': 2.9926431196611682, 'alpha': 0.8436437814411176}. Best is trial 131 with value: 0.013252584532027078.
