[I 2026-03-06 07:53:46,799] Trial 111 finished with value: 0.4779645474529758 and parameters: {'sigma_noise': 0.2959709111489536, 'A_repulsion': 0.2585900499742818, 'gamma': 0.6768995806678831, 'sigma_update': 0.3044158099442783, 'eta_learning': 1.1815693276459425, 'sigma_boundary': 7.32600771396966, 'alpha': 0.4017081270644547}. Best is trial 16 with value: 0.030820008793213734.
[I 2026-03-06 07:53:49,997] Trial 116 finished with value: 0.06652920905180053 and parameters: {'sigma_noise': 0.12392226609019093, 'A_repulsion': 0.20627305429488527, 'gamma': 0.6057078617829725, 'sigma_update': 0.3990447247907361, 'eta_learning': 0.9862023436985727, 'sigma_boundary': 6.594813719854841, 'alpha': 0.8396030308733016}. Best is trial 16 with value: 0.030820008793213734.
[I 2026-03-06 07:54:35,042] Trial 114 finished with value: 0.029714456072085445 and parameters: {'sigma_noise': 0.30889899766956397, 'A_repulsion': 0.21605051295240718, 'gamma': 0.8956893232857663, 'sigma_update': 0.28057605573730277, 'eta_learning': 1.1743728951578667, 'sigma_boundary': 7.276012161728365, 'alpha': 0.8124013536468504}. Best is trial 114 with value: 0.029714456072085445.
[I 2026-03-06 07:54:40,102] Trial 118 finished with value: 0.06005451981069651 and parameters: {'sigma_noise': 0.2674384297667124, 'A_repulsion': 0.05010766371169642, 'gamma': 0.6210370539764799, 'sigma_update': 0.32671544097810234, 'eta_learning': 1.1090488947743506, 'sigma_boundary': 6.090694286356104, 'alpha': 0.9203531576894781}. Best is trial 114 with value: 0.029714456072085445.
[I 2026-03-06 07:54:51,263] Trial 113 finished with value: 0.059554704744171356 and parameters: {'sigma_noise': 0.34099151765128854, 'A_repulsion': 0.32113693609704336, 'gamma': 0.786930199244895, 'sigma_update': 0.33117392582549576, 'eta_learning': 0.8164791962658899, 'sigma_boundary': 4.474776388622245, 'alpha': 0.7361197199822742}. Best is trial 114 with value: 0.029714456072085445.
[I 2026-03-06 07:55:04,740] Trial 117 finished with value: 0.7076677793483108 and parameters: {'sigma_noise': 0.23966423663235403, 'A_repulsion': 0.16918754929760524, 'gamma': 0.4177697851877099, 'sigma_update': 0.4522689819320452, 'eta_learning': 1.5623249848229082, 'sigma_boundary': 3.714030298828407, 'alpha': 0.37332039424785846}. Best is trial 114 with value: 0.029714456072085445.
[I 2026-03-06 07:56:01,196] Trial 119 finished with value: 0.05183096319956451 and parameters: {'sigma_noise': 0.2598766114096993, 'A_repulsion': 0.17994471790644564, 'gamma': 0.954861743026849, 'sigma_update': 0.42133345486042173, 'eta_learning': 1.1204209420589177, 'sigma_boundary': 6.737511732467545, 'alpha': 0.5803981981448437}. Best is trial 114 with value: 0.029714456072085445.
[I 2026-03-06 07:58:52,988] Trial 121 finished with value: 0.09488536857969801 and parameters: {'sigma_noise': 0.08968679216622427, 'A_repulsion': 0.24233603835678727, 'gamma': 0.5503622119220781, 'sigma_update': 0.25069899490671105, 'eta_learning': 1.7901949137078335, 'sigma_boundary': 6.221664846697737, 'alpha': 0.7178355536885409}. Best is trial 114 with value: 0.029714456072085445.
[I 2026-03-06 08:00:10,343] Trial 126 finished with value: 0.09182930702762615 and parameters: {'sigma_noise': 0.18081119947077057, 'A_repulsion': 0.10174524240095992, 'gamma': 0.28177662766621236, 'sigma_update': 0.3105328597920906, 'eta_learning': 1.7318267502293812, 'sigma_boundary': 3.93655929243972, 'alpha': 0.7939711388411812}. Best is trial 114 with value: 0.029714456072085445.
[I 2026-03-06 08:00:19,404] Trial 122 finished with value: 0.039997329572938 and parameters: {'sigma_noise': 0.21207781767179262, 'A_repulsion': 0.16523172497523356, 'gamma': 0.6332146578169521, 'sigma_update': 0.15888130122493002, 'eta_learning': 1.2204034213293582, 'sigma_boundary': 4.952097084512932, 'alpha': 0.5962521833471482}. Best is trial 114 with value: 0.029714456072085445.
[I 2026-03-06 08:00:34,530] Trial 120 finished with value: 0.06698928425716122 and parameters: {'sigma_noise': 0.3056906022174034, 'A_repulsion': 0.17841751137458237, 'gamma': 0.6635177116120918, 'sigma_update': 0.2778289349305497, 'eta_learning': 1.1584087790001, 'sigma_boundary': 5.950251726567552, 'alpha': 0.9176447225596762}. Best is trial 114 with value: 0.029714456072085445.
[I 2026-03-06 08:00:45,396] Trial 124 finished with value: 0.04975138269640905 and parameters: {'sigma_noise': 0.23417142467879876, 'A_repulsion': 0.17781090034846156, 'gamma': 0.5898111850672014, 'sigma_update': 0.25351454765332626, 'eta_learning': 1.7009292119216013, 'sigma_boundary': 5.856581670896142, 'alpha': 0.766042824101789}. Best is trial 114 with value: 0.029714456072085445.
[I 2026-03-06 08:00:47,331] Trial 128 finished with value: 0.19106424119524681 and parameters: {'sigma_noise': 0.1723025492138847, 'A_repulsion': 0.06510628078179312, 'gamma': 0.44632617346534603, 'sigma_update': 0.3037190063948747, 'eta_learning': 1.6550000367346387, 'sigma_boundary': 5.040983037553622, 'alpha': 0.42531740754885217}. Best is trial 114 with value: 0.029714456072085445.
[I 2026-03-06 08:01:11,725] Trial 127 finished with value: 0.05135933609099941 and parameters: {'sigma_noise': 0.21455124229666628, 'A_repulsion': 0.18554941385372758, 'gamma': 0.5154879099424017, 'sigma_update': 0.21723879453836067, 'eta_learning': 1.4316626561786276, 'sigma_boundary': 7.429679344874751, 'alpha': 0.7290713307773135}. Best is trial 114 with value: 0.029714456072085445.
[I 2026-03-06 08:01:22,568] Trial 123 finished with value: 0.21142008031742346 and parameters: {'sigma_noise': 0.28670813777356235, 'A_repulsion': 0.17492208272800058, 'gamma': 0.5026116288663974, 'sigma_update': 0.41449196455917525, 'eta_learning': 1.8410378914035144, 'sigma_boundary': 4.499635247702994, 'alpha': 0.6218548729514464}. Best is trial 114 with value: 0.029714456072085445.
[I 2026-03-06 08:01:56,634] Trial 125 finished with value: 0.07245998382388819 and parameters: {'sigma_noise': 0.2746324011453477, 'A_repulsion': 0.20365662154517028, 'gamma': 0.6873791866693132, 'sigma_update': 0.29857760439759506, 'eta_learning': 1.4324797515632022, 'sigma_boundary': 5.844995765594237, 'alpha': 0.6110963358721087}. Best is trial 114 with value: 0.029714456072085445.
[I 2026-03-06 08:01:58,025] Trial 130 finished with value: 0.06133525426910877 and parameters: {'sigma_noise': 0.2637815472837317, 'A_repulsion': 0.057282504638918874, 'gamma': 0.5627745559412148, 'sigma_update': 0.26413589719423836, 'eta_learning': 1.7454533106034233, 'sigma_boundary': 4.542010067800539, 'alpha': 0.9130322445920265}. Best is trial 114 with value: 0.029714456072085445.
[I 2026-03-06 08:02:03,299] Trial 131 finished with value: 0.046210382676703264 and parameters: {'sigma_noise': 0.15612101172453763, 'A_repulsion': 0.15512834160428807, 'gamma': 0.6689356522606942, 'sigma_update': 0.2439306882549731, 'eta_learning': 1.027781778891443, 'sigma_boundary': 5.679081769428486, 'alpha': 0.6357049936742841}. Best is trial 114 with value: 0.029714456072085445.
[I 2026-03-06 08:02:15,896] Trial 134 finished with value: 0.04142962772781156 and parameters: {'sigma_noise': 0.1574520662632184, 'A_repulsion': 0.12894661227736423, 'gamma': 0.7743137324355192, 'sigma_update': 0.3658279406461675, 'eta_learning': 1.4198993850871775, 'sigma_boundary': 5.78403487351566, 'alpha': 0.7836924748479372}. Best is trial 114 with value: 0.029714456072085445.
[I 2026-03-06 08:02:19,764] Trial 133 finished with value: 0.1281127362245473 and parameters: {'sigma_noise': 0.22811591675414844, 'A_repulsion': 0.06126214080788128, 'gamma': 0.060844450681673636, 'sigma_update': 0.32746060444531083, 'eta_learning': 1.4466106334063686, 'sigma_boundary': 5.8281111391331555, 'alpha': 0.7753107803348652}. Best is trial 114 with value: 0.029714456072085445.
[I 2026-03-06 08:02:27,615] Trial 136 finished with value: 0.045973019668132414 and parameters: {'sigma_noise': 0.18808934843055258, 'A_repulsion': 0.02103745206395044, 'gamma': 0.638299087103221, 'sigma_update': 0.2688684246591963, 'eta_learning': 1.2075910624789283, 'sigma_boundary': 5.575635123819533, 'alpha': 0.7036624869883503}. Best is trial 114 with value: 0.029714456072085445.
[I 2026-03-06 08:02:52,141] Trial 129 finished with value: 0.03490615595383177 and parameters: {'sigma_noise': 0.2849207310353467, 'A_repulsion': 0.1287993772036194, 'gamma': 0.7763758374783265, 'sigma_update': 0.28493538344456903, 'eta_learning': 1.2253512110778766, 'sigma_boundary': 5.164230512726441, 'alpha': 0.8322211309101826}. Best is trial 114 with value: 0.029714456072085445.
[I 2026-03-06 08:02:53,565] Trial 137 finished with value: 0.03910524840217361 and parameters: {'sigma_noise': 0.1594076631702263, 'A_repulsion': 0.07402427625389478, 'gamma': 0.7961127914826344, 'sigma_update': 0.18724286858683278, 'eta_learning': 1.7639420238894155, 'sigma_boundary': 5.914468113340425, 'alpha': 0.6207005659257987}. Best is trial 114 with value: 0.029714456072085445.
[I 2026-03-06 08:03:23,590] Trial 138 finished with value: 0.036512003467287515 and parameters: {'sigma_noise': 0.20023695341389391, 'A_repulsion': 0.12209770543832965, 'gamma': 0.9041153378500894, 'sigma_update': 0.372398760500361, 'eta_learning': 1.5789673633940624, 'sigma_boundary': 6.200825314211418, 'alpha': 0.9489599017825421}. Best is trial 114 with value: 0.029714456072085445.
[I 2026-03-06 08:03:26,671] Trial 135 finished with value: 0.06292650908788022 and parameters: {'sigma_noise': 0.27684843784368535, 'A_repulsion': 0.14505551147530596, 'gamma': 0.7966491491620545, 'sigma_update': 0.11895373810127241, 'eta_learning': 2.016035270374332, 'sigma_boundary': 8.144018580899496, 'alpha': 0.8912996506935953}. Best is trial 114 with value: 0.029714456072085445.
[I 2026-03-06 08:03:48,029] Trial 132 finished with value: 0.03693867634762926 and parameters: {'sigma_noise': 0.24311165323727352, 'A_repulsion': 0.26174946442858676, 'gamma': 0.7640463380385523, 'sigma_update': 0.23687964284424373, 'eta_learning': 1.5250254315086318, 'sigma_boundary': 3.6304177252286918, 'alpha': 0.7239586821252316}. Best is trial 114 with value: 0.029714456072085445.
[I 2026-03-06 08:04:08,197] Trial 139 finished with value: 0.05414778966819318 and parameters: {'sigma_noise': 0.19284250880697595, 'A_repulsion': 0.16811110168183183, 'gamma': 0.5328131646253172, 'sigma_update': 0.3184589465740174, 'eta_learning': 1.4604267386045093, 'sigma_boundary': 5.865974303737273, 'alpha': 0.8115845012712264}. Best is trial 114 with value: 0.029714456072085445.
[I 2026-03-06 08:04:22,326] Trial 141 finished with value: 0.11440713801492086 and parameters: {'sigma_noise': 0.2612587236700198, 'A_repulsion': 0.042689690875539726, 'gamma': 0.6015502659780287, 'sigma_update': 0.3874393829986845, 'eta_learning': 0.915101970623495, 'sigma_boundary': 6.350517261924038, 'alpha': 0.6448073180618957}. Best is trial 114 with value: 0.029714456072085445.
[I 2026-03-06 08:04:40,633] Trial 140 finished with value: 0.042117860210301145 and parameters: {'sigma_noise': 0.18968220599476554, 'A_repulsion': 0.24220203266265863, 'gamma': 0.7791199978178217, 'sigma_update': 0.2435893552659016, 'eta_learning': 1.6840437472430023, 'sigma_boundary': 8.16825953504334, 'alpha': 0.7229572634645614}. Best is trial 114 with value: 0.029714456072085445.
[I 2026-03-06 08:04:47,610] Trial 142 finished with value: 0.051337393254870314 and parameters: {'sigma_noise': 0.19470239713266552, 'A_repulsion': 0.20282755168709526, 'gamma': 0.5909312862547124, 'sigma_update': 0.2052392040980369, 'eta_learning': 1.8638174007954085, 'sigma_boundary': 7.6821558692810585, 'alpha': 0.7484291795298488}. Best is trial 114 with value: 0.029714456072085445.
[I 2026-03-06 08:05:29,971] Trial 143 finished with value: 0.05264042028555547 and parameters: {'sigma_noise': 0.26193403963584183, 'A_repulsion': 0.03295160855260161, 'gamma': 0.5593688686336482, 'sigma_update': 0.1440572180022384, 'eta_learning': 1.4047913075401175, 'sigma_boundary': 3.967181794835583, 'alpha': 0.7499435084971804}. Best is trial 114 with value: 0.029714456072085445.
[I 2026-03-06 08:08:10,868] Trial 144 finished with value: 0.02724359557837855 and parameters: {'sigma_noise': 0.23320407575665997, 'A_repulsion': 0.03942747549067799, 'gamma': 0.7974426892622417, 'sigma_update': 0.25885681340836586, 'eta_learning': 0.7197737798408123, 'sigma_boundary': 5.845247697253666, 'alpha': 0.682472817602123}. Best is trial 144 with value: 0.02724359557837855.
[I 2026-03-06 08:10:11,552] Trial 145 finished with value: 0.0798136723221568 and parameters: {'sigma_noise': 0.27964819722557216, 'A_repulsion': 0.11001926332266843, 'gamma': 0.5411666125930802, 'sigma_update': 0.2887795178877981, 'eta_learning': 2.008497307931282, 'sigma_boundary': 5.288194441936841, 'alpha': 0.7428385104370422}. Best is trial 144 with value: 0.02724359557837855.
[I 2026-03-06 08:10:12,462] Trial 149 finished with value: 0.032869581748575544 and parameters: {'sigma_noise': 0.23818540038063335, 'A_repulsion': 0.058047116091884385, 'gamma': 0.793060780080791, 'sigma_update': 0.16772298923182008, 'eta_learning': 2.1349013744440457, 'sigma_boundary': 6.062368260093292, 'alpha': 0.9613213684097835}. Best is trial 144 with value: 0.02724359557837855.
[I 2026-03-06 08:10:23,246] Trial 146 finished with value: 0.07163411877998459 and parameters: {'sigma_noise': 0.267991503210152, 'A_repulsion': 0.11266350748959938, 'gamma': 0.5688245865769948, 'sigma_update': 0.12309266717017821, 'eta_learning': 2.287196396529884, 'sigma_boundary': 6.904844251346346, 'alpha': 0.5164466779490946}. Best is trial 144 with value: 0.02724359557837855.
[I 2026-03-06 08:10:44,343] Trial 150 finished with value: 0.06897737127677123 and parameters: {'sigma_noise': 0.24573168200131018, 'A_repulsion': 0.08174054238457577, 'gamma': 0.3468287323915979, 'sigma_update': 0.21018516991899355, 'eta_learning': 1.3985355698702047, 'sigma_boundary': 5.503536355625497, 'alpha': 0.7366372836190869}. Best is trial 144 with value: 0.02724359557837855.
[I 2026-03-06 08:11:17,742] Trial 147 finished with value: 0.10369839758445853 and parameters: {'sigma_noise': 0.3294460287084761, 'A_repulsion': 0.09141722001818564, 'gamma': 0.6141915030694279, 'sigma_update': 0.3359650663510221, 'eta_learning': 1.2139413672055814, 'sigma_boundary': 6.085277089622902, 'alpha': 0.7726763169040921}. Best is trial 144 with value: 0.02724359557837855.
[I 2026-03-06 08:11:21,131] Trial 148 finished with value: 0.04995103489039293 and parameters: {'sigma_noise': 0.24115416382002858, 'A_repulsion': 0.21499723361862072, 'gamma': 0.5921466776822512, 'sigma_update': 0.2270958396728785, 'eta_learning': 1.8572058156740041, 'sigma_boundary': 7.174958967151103, 'alpha': 0.8360214810279132}. Best is trial 144 with value: 0.02724359557837855.
[I 2026-03-06 08:11:22,651] Trial 155 finished with value: 0.06070823285747784 and parameters: {'sigma_noise': 0.14234733224772833, 'A_repulsion': 0.19952442058928802, 'gamma': 0.6405339679364203, 'sigma_update': 0.2033958235127483, 'eta_learning': 1.6457012236233972, 'sigma_boundary': 4.627903890710447, 'alpha': 0.7171413625492675}. Best is trial 144 with value: 0.02724359557837855.
[I 2026-03-06 08:11:43,957] Trial 153 finished with value: 0.03692220501891364 and parameters: {'sigma_noise': 0.2326437709390155, 'A_repulsion': 0.12496958054297702, 'gamma': 0.675709308206957, 'sigma_update': 0.20174232833635836, 'eta_learning': 1.4954733746872415, 'sigma_boundary': 5.626073152695026, 'alpha': 0.8922375042748769}. Best is trial 144 with value: 0.02724359557837855.
[I 2026-03-06 08:11:44,662] Trial 154 finished with value: 0.053774018772697274 and parameters: {'sigma_noise': 0.17046020766963416, 'A_repulsion': 0.21871796280249395, 'gamma': 0.551021682904316, 'sigma_update': 0.19094541267829954, 'eta_learning': 1.2529363851327942, 'sigma_boundary': 4.70847852088457, 'alpha': 0.558218632204698}. Best is trial 144 with value: 0.02724359557837855.
[I 2026-03-06 08:11:54,044] Trial 152 finished with value: 0.07532137001191153 and parameters: {'sigma_noise': 0.1631686318684577, 'A_repulsion': 0.28785481503136645, 'gamma': 0.8309311320138983, 'sigma_update': 0.11405786859542084, 'eta_learning': 2.214134341778192, 'sigma_boundary': 7.5383437704148815, 'alpha': 0.887797952955069}. Best is trial 144 with value: 0.02724359557837855.
[I 2026-03-06 08:12:11,432] Trial 158 finished with value: 0.054509294270342214 and parameters: {'sigma_noise': 0.1944619582115334, 'A_repulsion': 0.12686752999052722, 'gamma': 0.5907263595439876, 'sigma_update': 0.08658387506451318, 'eta_learning': 2.0766277200114254, 'sigma_boundary': 3.5293638541166095, 'alpha': 0.5679178722907654}. Best is trial 144 with value: 0.02724359557837855.
[I 2026-03-06 08:12:25,320] Trial 156 finished with value: 0.03340904204244053 and parameters: {'sigma_noise': 0.2260971233319014, 'A_repulsion': 0.19594964850679675, 'gamma': 0.768424820524354, 'sigma_update': 0.1754722154262649, 'eta_learning': 1.1631120686056002, 'sigma_boundary': 6.1883898560849095, 'alpha': 0.650406889757571}. Best is trial 144 with value: 0.02724359557837855.
[I 2026-03-06 08:12:26,639] Trial 159 finished with value: 0.03299024008044919 and parameters: {'sigma_noise': 0.20887955589672952, 'A_repulsion': 0.12773967103350237, 'gamma': 0.7594932397500566, 'sigma_update': 0.18298539252630233, 'eta_learning': 1.3990088911279053, 'sigma_boundary': 7.067131837627018, 'alpha': 0.6492467742554391}. Best is trial 144 with value: 0.02724359557837855.
[I 2026-03-06 08:12:45,867] Trial 157 finished with value: 0.03627846653888417 and parameters: {'sigma_noise': 0.22245660171915144, 'A_repulsion': 0.22083214411824892, 'gamma': 0.823352509137977, 'sigma_update': 0.14973675410500492, 'eta_learning': 1.1968462380040936, 'sigma_boundary': 7.005994033346918, 'alpha': 0.7491886365263855}. Best is trial 144 with value: 0.02724359557837855.
[I 2026-03-06 08:12:48,218] Trial 161 finished with value: 0.06605175668215975 and parameters: {'sigma_noise': 0.16709741874416006, 'A_repulsion': 0.17120685326824425, 'gamma': 0.511515395506306, 'sigma_update': 0.20611854631611629, 'eta_learning': 1.7347517103106285, 'sigma_boundary': 7.552158987596897, 'alpha': 0.8416065691413662}. Best is trial 144 with value: 0.02724359557837855.
[I 2026-03-06 08:12:58,176] Trial 160 finished with value: 0.06904987768116322 and parameters: {'sigma_noise': 0.14222693639604134, 'A_repulsion': 0.256171198886486, 'gamma': 0.6052529510749296, 'sigma_update': 0.23260069253991347, 'eta_learning': 1.014299380736548, 'sigma_boundary': 5.880239446359292, 'alpha': 0.8287054054136073}. Best is trial 144 with value: 0.02724359557837855.
[I 2026-03-06 08:13:05,489] Trial 151 finished with value: 0.10946765909718864 and parameters: {'sigma_noise': 0.30651343845141055, 'A_repulsion': 0.21757537065267757, 'gamma': 0.5670752073918579, 'sigma_update': 0.4024880838631088, 'eta_learning': 1.655839057423433, 'sigma_boundary': 7.054211915358134, 'alpha': 0.8037308567233143}. Best is trial 144 with value: 0.02724359557837855.
[I 2026-03-06 08:13:32,515] Trial 164 finished with value: 0.033092103556993616 and parameters: {'sigma_noise': 0.18942418687644758, 'A_repulsion': 0.08538307050117255, 'gamma': 0.7378552995120491, 'sigma_update': 0.11903419484225781, 'eta_learning': 0.969818937133175, 'sigma_boundary': 6.131773507839065, 'alpha': 0.6144379154298035}. Best is trial 144 with value: 0.02724359557837855.
[I 2026-03-06 08:13:50,434] Trial 163 finished with value: 0.0611224733825571 and parameters: {'sigma_noise': 0.19332808565850867, 'A_repulsion': 0.20930966354874403, 'gamma': 0.5534858971580634, 'sigma_update': 0.22019498688094374, 'eta_learning': 0.9571717971252547, 'sigma_boundary': 3.8156329454282316, 'alpha': 0.5325714201842513}. Best is trial 144 with value: 0.02724359557837855.
[I 2026-03-06 08:14:11,344] Trial 162 finished with value: 0.04811137823519562 and parameters: {'sigma_noise': 0.2705614772023553, 'A_repulsion': 0.15165691460905587, 'gamma': 0.6803594435232289, 'sigma_update': 0.23342812660290946, 'eta_learning': 1.135334115652544, 'sigma_boundary': 6.091948261178959, 'alpha': 0.8569211559051213}. Best is trial 144 with value: 0.02724359557837855.
[I 2026-03-06 08:14:29,753] Trial 165 finished with value: 0.057454254193166895 and parameters: {'sigma_noise': 0.1740037599898965, 'A_repulsion': 0.25064860525792076, 'gamma': 0.662249339954335, 'sigma_update': 0.24225219716482818, 'eta_learning': 1.6037744908482032, 'sigma_boundary': 5.1704130155864565, 'alpha': 0.8489582884097374}. Best is trial 144 with value: 0.02724359557837855.
[I 2026-03-06 08:14:35,671] Trial 167 finished with value: 0.08211158571002908 and parameters: {'sigma_noise': 0.1391259366357338, 'A_repulsion': 0.1304830918683499, 'gamma': 0.43201711703392087, 'sigma_update': 0.07958025607217374, 'eta_learning': 1.2276207691980974, 'sigma_boundary': 8.252235705481317, 'alpha': 0.3931136907251535}. Best is trial 144 with value: 0.02724359557837855.
[I 2026-03-06 08:14:49,784] Trial 166 finished with value: 0.05840354172313561 and parameters: {'sigma_noise': 0.26662593311475136, 'A_repulsion': 0.10186188770194875, 'gamma': 0.5374220724596407, 'sigma_update': 0.13047590298276956, 'eta_learning': 0.7445774409489572, 'sigma_boundary': 7.800795660957251, 'alpha': 0.5750798749250526}. Best is trial 144 with value: 0.02724359557837855.
[I 2026-03-06 08:17:54,601] Trial 168 finished with value: 0.056025487378394925 and parameters: {'sigma_noise': 0.17797817368917107, 'A_repulsion': 0.23211747819540207, 'gamma': 0.7588295671045415, 'sigma_update': 0.25799488482233673, 'eta_learning': 1.6634861927676008, 'sigma_boundary': 6.511108392370024, 'alpha': 0.5218595343461723}. Best is trial 144 with value: 0.02724359557837855.
