[I 2026-03-06 08:19:40,961] Trial 171 finished with value: 0.041910571238527386 and parameters: {'sigma_noise': 0.18930096896281562, 'A_repulsion': 0.1496540323286828, 'gamma': 0.6498789502337978, 'sigma_update': 0.15034774861994216, 'eta_learning': 2.14955535419054, 'sigma_boundary': 7.44673023043902, 'alpha': 0.6809396207611018}. Best is trial 144 with value: 0.02724359557837855.
[I 2026-03-06 08:20:01,663] Trial 170 finished with value: 0.07105654483067989 and parameters: {'sigma_noise': 0.22414966570908695, 'A_repulsion': 0.1643909276081545, 'gamma': 0.5619561561027636, 'sigma_update': 0.25815731657648616, 'eta_learning': 1.5571093225098562, 'sigma_boundary': 4.336986476073897, 'alpha': 0.5724365544191485}. Best is trial 144 with value: 0.02724359557837855.
[I 2026-03-06 08:20:36,644] Trial 172 finished with value: 0.14581874343473678 and parameters: {'sigma_noise': 0.24935146682939385, 'A_repulsion': 0.14864061421935093, 'gamma': 0.662860204710226, 'sigma_update': 0.1956813983997154, 'eta_learning': 1.408771516775045, 'sigma_boundary': 7.296721173583892, 'alpha': 0.44825066041214184}. Best is trial 144 with value: 0.02724359557837855.
[I 2026-03-06 08:20:46,776] Trial 169 finished with value: 0.10089549282353788 and parameters: {'sigma_noise': 0.2559454805403548, 'A_repulsion': 0.22180734756548248, 'gamma': 0.17240950276561184, 'sigma_update': 0.20660930808487762, 'eta_learning': 1.2227126024167638, 'sigma_boundary': 7.029490543017573, 'alpha': 0.6315019333059191}. Best is trial 144 with value: 0.02724359557837855.
[I 2026-03-06 08:20:52,890] Trial 178 finished with value: 0.05977084242365777 and parameters: {'sigma_noise': 0.1626653075129214, 'A_repulsion': 0.19690570884130912, 'gamma': 0.635747196732054, 'sigma_update': 0.10262955551475426, 'eta_learning': 1.3459182619869312, 'sigma_boundary': 6.963463825665409, 'alpha': 0.7417823056977912}. Best is trial 144 with value: 0.02724359557837855.
[I 2026-03-06 08:21:12,518] Trial 175 finished with value: 0.11383708868112488 and parameters: {'sigma_noise': 0.22469756932347268, 'A_repulsion': 0.19890392140079982, 'gamma': 0.559954176841679, 'sigma_update': 0.2854430123615634, 'eta_learning': 1.353516414216004, 'sigma_boundary': 6.067449429597227, 'alpha': 0.5044736673246301}. Best is trial 144 with value: 0.02724359557837855.
[I 2026-03-06 08:21:16,476] Trial 176 finished with value: 0.04799186008526176 and parameters: {'sigma_noise': 0.18296612227509873, 'A_repulsion': 0.19930008633629429, 'gamma': 0.7614826717630887, 'sigma_update': 0.2280257887752142, 'eta_learning': 1.925412611879315, 'sigma_boundary': 5.127299542321979, 'alpha': 0.8674907175350506}. Best is trial 144 with value: 0.02724359557837855.
[I 2026-03-06 08:21:44,264] Trial 177 finished with value: 0.03274941792503475 and parameters: {'sigma_noise': 0.2267729998507263, 'A_repulsion': 0.20239119309174725, 'gamma': 0.7745223424630344, 'sigma_update': 0.19522313251336193, 'eta_learning': 1.4559762400272331, 'sigma_boundary': 3.947570608017593, 'alpha': 0.6898429989268988}. Best is trial 144 with value: 0.02724359557837855.
[I 2026-03-06 08:21:58,596] Trial 173 finished with value: 0.08319683401266462 and parameters: {'sigma_noise': 0.3107234461336562, 'A_repulsion': 0.13928620970263048, 'gamma': 0.5903799200126467, 'sigma_update': 0.1963435166748991, 'eta_learning': 0.9246216709242282, 'sigma_boundary': 4.954425383746294, 'alpha': 0.6260154829600089}. Best is trial 144 with value: 0.02724359557837855.
[I 2026-03-06 08:22:04,592] Trial 174 finished with value: 0.09260135362637 and parameters: {'sigma_noise': 0.261606294187753, 'A_repulsion': 0.22783808942310546, 'gamma': 0.6462197569967271, 'sigma_update': 0.08656504143176373, 'eta_learning': 1.531453245152541, 'sigma_boundary': 4.497261906838723, 'alpha': 0.7748155393590388}. Best is trial 144 with value: 0.02724359557837855.
[I 2026-03-06 08:22:13,530] Trial 181 finished with value: 0.06774588980158601 and parameters: {'sigma_noise': 0.1936756207623302, 'A_repulsion': 0.23709172659438676, 'gamma': 0.43697263445973517, 'sigma_update': 0.18746704974097608, 'eta_learning': 1.6454991998606436, 'sigma_boundary': 6.256270015883176, 'alpha': 0.47727130952669466}. Best is trial 144 with value: 0.02724359557837855.
[I 2026-03-06 08:22:34,307] Trial 179 finished with value: 0.03948100414116534 and parameters: {'sigma_noise': 0.2329891679356506, 'A_repulsion': 0.25040890461612225, 'gamma': 0.744451298276334, 'sigma_update': 0.28729607942315616, 'eta_learning': 1.2420156033105936, 'sigma_boundary': 7.4741398783745, 'alpha': 0.7024808531567709}. Best is trial 144 with value: 0.02724359557837855.
[I 2026-03-06 08:22:36,127] Trial 180 finished with value: 0.04970225084506584 and parameters: {'sigma_noise': 0.20129268279626794, 'A_repulsion': 0.2984990933532611, 'gamma': 0.6096457160734272, 'sigma_update': 0.20568224106860386, 'eta_learning': 1.0779087364965565, 'sigma_boundary': 6.461552712847213, 'alpha': 0.6135538413478171}. Best is trial 144 with value: 0.02724359557837855.
[I 2026-03-06 08:22:50,194] Trial 185 finished with value: 0.03618896522469866 and parameters: {'sigma_noise': 0.24463861170540274, 'A_repulsion': 0.17234691597952406, 'gamma': 0.9163461348125148, 'sigma_update': 0.13663374759373897, 'eta_learning': 1.9102227277383605, 'sigma_boundary': 6.157644842221642, 'alpha': 0.84542828622571}. Best is trial 144 with value: 0.02724359557837855.
[I 2026-03-06 08:22:52,901] Trial 183 finished with value: 0.050420131236319284 and parameters: {'sigma_noise': 0.2732849006177286, 'A_repulsion': 0.16882886088190174, 'gamma': 0.7458587673327479, 'sigma_update': 0.14702145332287384, 'eta_learning': 1.5602659714136982, 'sigma_boundary': 7.581204030863847, 'alpha': 0.6157428020153412}. Best is trial 144 with value: 0.02724359557837855.
[I 2026-03-06 08:23:10,269] Trial 187 finished with value: 0.04602690688501072 and parameters: {'sigma_noise': 0.2122594516751073, 'A_repulsion': 0.15184233572670147, 'gamma': 0.878905388404344, 'sigma_update': 0.07277130289398138, 'eta_learning': 1.2751326893063735, 'sigma_boundary': 5.604578472179159, 'alpha': 0.6664442755562053}. Best is trial 144 with value: 0.02724359557837855.
[I 2026-03-06 08:23:12,043] Trial 182 finished with value: 0.06656040022398271 and parameters: {'sigma_noise': 0.2411115271598998, 'A_repulsion': 0.26761109117346493, 'gamma': 0.5546455849864771, 'sigma_update': 0.2502197616592479, 'eta_learning': 1.4923470123562061, 'sigma_boundary': 5.516532035006933, 'alpha': 0.6517898960021681}. Best is trial 144 with value: 0.02724359557837855.
[I 2026-03-06 08:23:24,123] Trial 189 finished with value: 0.034168825881803824 and parameters: {'sigma_noise': 0.2085007787366639, 'A_repulsion': 0.10797964165001772, 'gamma': 0.7893590254278421, 'sigma_update': 0.1384840029617084, 'eta_learning': 1.8291820813922535, 'sigma_boundary': 4.707490051130144, 'alpha': 0.7481678067350874}. Best is trial 144 with value: 0.02724359557837855.
[I 2026-03-06 08:23:24,370] Trial 188 finished with value: 0.036451330310086266 and parameters: {'sigma_noise': 0.2688225362715417, 'A_repulsion': 0.10017096965280739, 'gamma': 0.9281444725636782, 'sigma_update': 0.21052338779049753, 'eta_learning': 1.5100184028628527, 'sigma_boundary': 5.560295277068199, 'alpha': 0.5002234088677566}. Best is trial 144 with value: 0.02724359557837855.
[I 2026-03-06 08:23:26,037] Trial 184 finished with value: 0.02452853164945714 and parameters: {'sigma_noise': 0.2222616869931155, 'A_repulsion': 0.30848802865375374, 'gamma': 0.9452581220722458, 'sigma_update': 0.35158773297930795, 'eta_learning': 0.6611255129200815, 'sigma_boundary': 7.274431664297043, 'alpha': 0.5712658765742176}. Best is trial 184 with value: 0.02452853164945714.
[I 2026-03-06 08:23:47,093] Trial 186 finished with value: 0.0913461343266761 and parameters: {'sigma_noise': 0.2860757713394713, 'A_repulsion': 0.28234206877226964, 'gamma': 0.5544005421253271, 'sigma_update': 0.195903196326545, 'eta_learning': 1.1606384624938466, 'sigma_boundary': 5.715094842282014, 'alpha': 0.8965251102068694}. Best is trial 184 with value: 0.02452853164945714.
[I 2026-03-06 08:23:51,373] Trial 190 finished with value: 0.06911517689831445 and parameters: {'sigma_noise': 0.2780929153721154, 'A_repulsion': 0.12335116130688215, 'gamma': 0.6653918346020361, 'sigma_update': 0.10409718709690087, 'eta_learning': 1.4287859183395375, 'sigma_boundary': 5.356920655453514, 'alpha': 0.7260016707521666}. Best is trial 184 with value: 0.02452853164945714.
[I 2026-03-06 08:24:01,952] Trial 191 finished with value: 0.2820146491977423 and parameters: {'sigma_noise': 0.2611580000065583, 'A_repulsion': 0.17025862963266464, 'gamma': 0.5994633153847817, 'sigma_update': 0.1506257202632818, 'eta_learning': 0.6845151539983285, 'sigma_boundary': 6.867612236711039, 'alpha': 0.3813831616894154}. Best is trial 184 with value: 0.02452853164945714.
[I 2026-03-06 08:24:42,897] Trial 192 finished with value: 0.06133619896416546 and parameters: {'sigma_noise': 0.17046693956460304, 'A_repulsion': 0.2085295424652447, 'gamma': 0.5398676493769865, 'sigma_update': 0.18145476826058207, 'eta_learning': 1.1602372051924235, 'sigma_boundary': 5.977860276143519, 'alpha': 0.6961126443654314}. Best is trial 184 with value: 0.02452853164945714.
[I 2026-03-06 08:25:15,623] Trial 194 finished with value: 0.05810305720173828 and parameters: {'sigma_noise': 0.17215538158030702, 'A_repulsion': 0.25852632865077496, 'gamma': 0.5985410492469676, 'sigma_update': 0.2087099787085154, 'eta_learning': 1.612873819111928, 'sigma_boundary': 6.8499069331919955, 'alpha': 0.7060905217172048}. Best is trial 184 with value: 0.02452853164945714.
[I 2026-03-06 08:25:17,606] Trial 195 finished with value: 0.04773710972668861 and parameters: {'sigma_noise': 0.1924062519704694, 'A_repulsion': 0.1391801200319608, 'gamma': 0.49845776850732354, 'sigma_update': 0.18735666945804755, 'eta_learning': 0.7394976031397555, 'sigma_boundary': 5.9365346231774225, 'alpha': 0.6411911636519382}. Best is trial 184 with value: 0.02452853164945714.
[I 2026-03-06 08:25:27,588] Trial 193 finished with value: 0.0334106352606688 and parameters: {'sigma_noise': 0.22561672507322755, 'A_repulsion': 0.23210075966215638, 'gamma': 0.8113122907524171, 'sigma_update': 0.17745807571661923, 'eta_learning': 1.5084668143780828, 'sigma_boundary': 5.493264612549245, 'alpha': 0.7475151140766941}. Best is trial 184 with value: 0.02452853164945714.
[I 2026-03-06 08:25:29,261] Trial 197 finished with value: 0.025614446612788028 and parameters: {'sigma_noise': 0.2524442532929742, 'A_repulsion': 0.13298584739153124, 'gamma': 0.9070717830825007, 'sigma_update': 0.19033654718794307, 'eta_learning': 1.335655178459806, 'sigma_boundary': 7.797264543357521, 'alpha': 0.8448859097377862}. Best is trial 184 with value: 0.02452853164945714.
[I 2026-03-06 08:25:30,118] Trial 196 finished with value: 0.14612280966556476 and parameters: {'sigma_noise': 0.1858302596920724, 'A_repulsion': 0.25486445939756086, 'gamma': 0.7054113802745392, 'sigma_update': 0.2096533252665107, 'eta_learning': 1.3547175574810186, 'sigma_boundary': 4.0280383531929145, 'alpha': 0.4147997599829852}. Best is trial 184 with value: 0.02452853164945714.
[I 2026-03-06 08:25:34,323] Trial 199 finished with value: 0.023350252091408494 and parameters: {'sigma_noise': 0.22572605269532459, 'A_repulsion': 0.1805931284911544, 'gamma': 0.9697436963795267, 'sigma_update': 0.060185740223733686, 'eta_learning': 1.0554054433437503, 'sigma_boundary': 7.880668548365283, 'alpha': 0.6111727626038939}. Best is trial 199 with value: 0.023350252091408494.
[I 2026-03-06 08:25:34,647] Trial 198 finished with value: 0.05725753914466844 and parameters: {'sigma_noise': 0.2073481425781472, 'A_repulsion': 0.22700470621858987, 'gamma': 0.48455740955421434, 'sigma_update': 0.23345837758962648, 'eta_learning': 1.331860319462173, 'sigma_boundary': 6.398743355698195, 'alpha': 0.6192677488666438}. Best is trial 199 with value: 0.023350252091408494.
[I 2026-03-06 08:25:56,859] A new study created in memory with name: no-name-fbc4f482-dbc9-4641-a03d-4ee0399f2cab
[I 2026-03-06 08:32:52,178] Trial 14 finished with value: 0.7973876427312987 and parameters: {'sigma_noise': 0.10562872759607274, 'A_repulsion': 0.04029319787076113, 'gamma': 0.9747059568293496, 'sigma_update': 0.5554827761831269, 'eta_learning': 2.5046844275120392, 'sigma_boundary': 0.8362731409982429, 'alpha': 0.22479462364833636}. Best is trial 14 with value: 0.7973876427312987.
[I 2026-03-06 08:33:21,506] Trial 15 finished with value: 0.20335260213234246 and parameters: {'sigma_noise': 0.1558373116088855, 'A_repulsion': 0.04102912710648443, 'gamma': 0.23210101400112818, 'sigma_update': 0.6111979733171335, 'eta_learning': 2.6172901057418705, 'sigma_boundary': 2.2571484085713487, 'alpha': 0.8170526054772983}. Best is trial 15 with value: 0.20335260213234246.
[I 2026-03-06 08:33:38,963] Trial 2 finished with value: 0.13693361711169347 and parameters: {'sigma_noise': 0.15440530766495053, 'A_repulsion': 0.10080466248440184, 'gamma': 0.06792426424702565, 'sigma_update': 0.314426099167339, 'eta_learning': 2.4902939508530704, 'sigma_boundary': 5.46033904383758, 'alpha': 0.5511130404361428}. Best is trial 2 with value: 0.13693361711169347.
[I 2026-03-06 08:33:45,799] Trial 18 finished with value: 0.9093939089856122 and parameters: {'sigma_noise': 0.0893938431774211, 'A_repulsion': 0.28149119867754946, 'gamma': 0.6717356868204579, 'sigma_update': 0.6513224096632629, 'eta_learning': 0.8179978872208926, 'sigma_boundary': 9.193248117792757, 'alpha': 0.16805594009147296}. Best is trial 2 with value: 0.13693361711169347.
[I 2026-03-06 08:34:22,290] Trial 22 finished with value: 0.17993045705693478 and parameters: {'sigma_noise': 0.10376881494214314, 'A_repulsion': 0.43960327723987397, 'gamma': 0.44480633418428545, 'sigma_update': 0.15751395026557222, 'eta_learning': 1.7376921818918194, 'sigma_boundary': 8.12417960125978, 'alpha': 0.35533142004791674}. Best is trial 2 with value: 0.13693361711169347.
[I 2026-03-06 08:34:40,563] Trial 0 finished with value: 0.938652305474013 and parameters: {'sigma_noise': 0.19628952801818123, 'A_repulsion': 0.21369254072327637, 'gamma': 0.19336363232374176, 'sigma_update': 0.4986199479956699, 'eta_learning': 1.20139933614905, 'sigma_boundary': 3.5145552465322454, 'alpha': 0.3184607212250046}. Best is trial 2 with value: 0.13693361711169347.
[I 2026-03-06 08:34:41,533] Trial 11 finished with value: 0.10536108965532234 and parameters: {'sigma_noise': 0.25485310001037015, 'A_repulsion': 0.13754193736038506, 'gamma': 0.026030441752280725, 'sigma_update': 0.188698847702345, 'eta_learning': 1.2044785844157335, 'sigma_boundary': 7.5681284393534725, 'alpha': 0.8059771934789794}. Best is trial 11 with value: 0.10536108965532234.
[I 2026-03-06 08:34:58,681] Trial 21 finished with value: 0.04515224264697015 and parameters: {'sigma_noise': 0.1539753411681522, 'A_repulsion': 0.39022813512485305, 'gamma': 0.840387251326828, 'sigma_update': 0.6942902370587759, 'eta_learning': 2.654452192921878, 'sigma_boundary': 9.678959079309129, 'alpha': 0.8457055894386041}. Best is trial 21 with value: 0.04515224264697015.
[I 2026-03-06 08:35:06,182] Trial 5 finished with value: 0.12880902486587004 and parameters: {'sigma_noise': 0.3793920638927961, 'A_repulsion': 0.026633983861730992, 'gamma': 0.6917702817305768, 'sigma_update': 0.21063693323553284, 'eta_learning': 0.7544369139119458, 'sigma_boundary': 3.739803337833394, 'alpha': 0.9740232806836289}. Best is trial 21 with value: 0.04515224264697015.
[I 2026-03-06 08:35:31,979] Trial 3 finished with value: 2.1606018470790467 and parameters: {'sigma_noise': 0.3246259447207719, 'A_repulsion': 0.12748163320453954, 'gamma': 0.2927212043469685, 'sigma_update': 0.4206457155701036, 'eta_learning': 1.737447943232455, 'sigma_boundary': 5.411949635596051, 'alpha': 0.1776465922641599}. Best is trial 21 with value: 0.04515224264697015.
[I 2026-03-06 08:35:33,546] Trial 10 finished with value: 2.8093778797600826 and parameters: {'sigma_noise': 0.3290182447415307, 'A_repulsion': 0.20748162638716416, 'gamma': 0.8924413953904181, 'sigma_update': 0.218196163148626, 'eta_learning': 1.2205880165117837, 'sigma_boundary': 8.433071648106559, 'alpha': 0.01642527455123921}. Best is trial 21 with value: 0.04515224264697015.
[I 2026-03-06 08:35:48,549] Trial 4 finished with value: 2.757337332704574 and parameters: {'sigma_noise': 0.2389427896157691, 'A_repulsion': 0.3823159777310828, 'gamma': 0.02481287380517567, 'sigma_update': 0.6933117462789012, 'eta_learning': 1.515071600992502, 'sigma_boundary': 7.87102051148484, 'alpha': 0.08748080579762563}. Best is trial 21 with value: 0.04515224264697015.
[I 2026-03-06 08:35:58,288] Trial 23 finished with value: 0.15961829789986548 and parameters: {'sigma_noise': 0.22786784759003637, 'A_repulsion': 0.45268645944230645, 'gamma': 0.4141166687076186, 'sigma_update': 0.5525288815458393, 'eta_learning': 0.6680005294595309, 'sigma_boundary': 6.193949554514944, 'alpha': 0.7740749558095471}. Best is trial 21 with value: 0.04515224264697015.
[I 2026-03-06 08:36:02,371] Trial 9 finished with value: 0.13467379621203399 and parameters: {'sigma_noise': 0.18959725304404523, 'A_repulsion': 0.4518281372082327, 'gamma': 0.14176407152573997, 'sigma_update': 0.43445887916701525, 'eta_learning': 0.23611952420539006, 'sigma_boundary': 5.045017814905415, 'alpha': 0.5543714881410109}. Best is trial 21 with value: 0.04515224264697015.
[I 2026-03-06 08:36:04,605] Trial 8 finished with value: 0.1594738170455091 and parameters: {'sigma_noise': 0.42372690927696977, 'A_repulsion': 0.13738703576340178, 'gamma': 0.6633198190036599, 'sigma_update': 0.43166769129152605, 'eta_learning': 2.1074712438400307, 'sigma_boundary': 5.986892676159695, 'alpha': 0.9948721202556927}. Best is trial 21 with value: 0.04515224264697015.
[I 2026-03-06 08:36:20,021] Trial 20 finished with value: 1.0846403037269758 and parameters: {'sigma_noise': 0.2723969578209137, 'A_repulsion': 0.35623884911501325, 'gamma': 0.1396300930984468, 'sigma_update': 0.5637856482458667, 'eta_learning': 0.2789911193283405, 'sigma_boundary': 9.936435571211646, 'alpha': 0.2697231558363252}. Best is trial 21 with value: 0.04515224264697015.
[I 2026-03-06 08:36:23,357] Trial 19 finished with value: 0.17654801214123317 and parameters: {'sigma_noise': 0.3786760555441885, 'A_repulsion': 0.27802190868035553, 'gamma': 0.9307038499125387, 'sigma_update': 0.29040194117944707, 'eta_learning': 0.6283318986561318, 'sigma_boundary': 3.1959872735171277, 'alpha': 0.455356587317984}. Best is trial 21 with value: 0.04515224264697015.
[I 2026-03-06 08:36:30,594] Trial 16 finished with value: 2.100253646659713 and parameters: {'sigma_noise': 0.3357783627033947, 'A_repulsion': 0.3073877919666549, 'gamma': 0.3142077555215542, 'sigma_update': 0.24067902937074723, 'eta_learning': 0.8003239939764965, 'sigma_boundary': 9.604806931644475, 'alpha': 0.2612493818948076}. Best is trial 21 with value: 0.04515224264697015.
[I 2026-03-06 08:36:40,440] Trial 13 finished with value: 0.09838933140604378 and parameters: {'sigma_noise': 0.41219901188546165, 'A_repulsion': 0.3167935705046916, 'gamma': 0.96403001814213, 'sigma_update': 0.592694370631829, 'eta_learning': 2.779848844865534, 'sigma_boundary': 2.2784608212287747, 'alpha': 0.6366934068397552}. Best is trial 21 with value: 0.04515224264697015.
[I 2026-03-06 08:36:42,501] Trial 17 finished with value: 0.06510504896162983 and parameters: {'sigma_noise': 0.34927794487928177, 'A_repulsion': 0.3995793449446908, 'gamma': 0.9878352313873, 'sigma_update': 0.695110104630168, 'eta_learning': 2.182095303201778, 'sigma_boundary': 0.8899986000733223, 'alpha': 0.9183933461155729}. Best is trial 21 with value: 0.04515224264697015.
[I 2026-03-06 08:36:43,117] Trial 6 finished with value: 0.13453767002685116 and parameters: {'sigma_noise': 0.3086084561069176, 'A_repulsion': 0.42434678280326377, 'gamma': 0.6652512112716292, 'sigma_update': 0.12631198977381378, 'eta_learning': 0.9270304502483981, 'sigma_boundary': 2.6777230511219323, 'alpha': 0.9256506661514436}. Best is trial 21 with value: 0.04515224264697015.
[I 2026-03-06 08:37:03,868] Trial 1 finished with value: 2.819341809007766 and parameters: {'sigma_noise': 0.43411271328223733, 'A_repulsion': 0.3428855121439199, 'gamma': 0.13081083145862463, 'sigma_update': 0.5787310081735944, 'eta_learning': 2.2158712604300805, 'sigma_boundary': 9.116140183568378, 'alpha': 0.09524543984112854}. Best is trial 21 with value: 0.04515224264697015.
[I 2026-03-06 08:37:08,898] Trial 12 finished with value: 2.8194590287071373 and parameters: {'sigma_noise': 0.4485958009962229, 'A_repulsion': 0.31133584289068095, 'gamma': 0.1894339656582711, 'sigma_update': 0.010406812275091045, 'eta_learning': 0.6776489152640995, 'sigma_boundary': 6.927637353340428, 'alpha': 0.0802149047051699}. Best is trial 21 with value: 0.04515224264697015.
[I 2026-03-06 08:37:14,513] Trial 7 finished with value: 0.20010218360854287 and parameters: {'sigma_noise': 0.3761857568752997, 'A_repulsion': 0.49632769489127815, 'gamma': 0.1847586797999362, 'sigma_update': 0.2906755827370096, 'eta_learning': 2.384936592382699, 'sigma_boundary': 7.153292240629876, 'alpha': 0.8231645470928273}. Best is trial 21 with value: 0.04515224264697015.
[I 2026-03-06 08:42:43,069] Trial 26 finished with value: 0.20364710574845665 and parameters: {'sigma_noise': 0.17056718524944742, 'A_repulsion': 0.2036109286732498, 'gamma': 0.020447571682942686, 'sigma_update': 0.3429422867359461, 'eta_learning': 2.1723386522482095, 'sigma_boundary': 3.7790007511703343, 'alpha': 0.47488364697390045}. Best is trial 21 with value: 0.04515224264697015.
