[I 2026-03-06 05:51:27,608] Trial 168 finished with value: 0.07198107038183374 and parameters: {'sigma_noise': 0.22676332277385508, 'A_repulsion': 0.19790317407797636, 'gamma': 0.6190637250363321, 'sigma_update': 0.32756573672077394, 'eta_learning': 0.5488811353429831, 'sigma_boundary': 1.732303173178567, 'alpha': 0.5152101651782485}. Best is trial 151 with value: 0.019426354158191418.
[I 2026-03-06 05:52:13,970] Trial 174 finished with value: 0.05357807570784488 and parameters: {'sigma_noise': 0.16977628095073066, 'A_repulsion': 0.19397165538954925, 'gamma': 0.46206044708303995, 'sigma_update': 0.20350471921132868, 'eta_learning': 1.1891488822664966, 'sigma_boundary': 0.932668320269805, 'alpha': 0.7104845575810746}. Best is trial 151 with value: 0.019426354158191418.
[I 2026-03-06 05:52:52,028] Trial 178 finished with value: 0.035008373748708084 and parameters: {'sigma_noise': 0.19058698638815558, 'A_repulsion': 0.14576590585817692, 'gamma': 0.6262278176559534, 'sigma_update': 0.22347922981606966, 'eta_learning': 1.3021083946325533, 'sigma_boundary': 2.8761388714601113, 'alpha': 0.6298710971408397}. Best is trial 151 with value: 0.019426354158191418.
[I 2026-03-06 05:52:53,371] Trial 177 finished with value: 0.10396266661221601 and parameters: {'sigma_noise': 0.09273749695556897, 'A_repulsion': 0.3281727157945946, 'gamma': 0.5284619316499685, 'sigma_update': 0.2707238414980999, 'eta_learning': 0.6627955358597594, 'sigma_boundary': 3.9289755809168105, 'alpha': 0.6466901000959135}. Best is trial 151 with value: 0.019426354158191418.
[I 2026-03-06 05:52:55,281] Trial 171 finished with value: 0.08080056868021127 and parameters: {'sigma_noise': 0.2539745222201104, 'A_repulsion': 0.19334367236281894, 'gamma': 0.7909761014019178, 'sigma_update': 0.4035791089370943, 'eta_learning': 0.3218687399362435, 'sigma_boundary': 3.862423319658612, 'alpha': 0.4703393130937493}. Best is trial 151 with value: 0.019426354158191418.
[I 2026-03-06 05:53:19,179] Trial 170 finished with value: 0.054109952952645826 and parameters: {'sigma_noise': 0.1914056317807794, 'A_repulsion': 0.3403214945654308, 'gamma': 0.6119146254114646, 'sigma_update': 0.25616428314920253, 'eta_learning': 1.6038195714586188, 'sigma_boundary': 1.0434842303334027, 'alpha': 0.5938578969900689}. Best is trial 151 with value: 0.019426354158191418.
[I 2026-03-06 05:53:31,538] Trial 172 finished with value: 0.059237217502715434 and parameters: {'sigma_noise': 0.27225129629877126, 'A_repulsion': 0.1828101838911353, 'gamma': 0.6401629323431657, 'sigma_update': 0.33844130852926285, 'eta_learning': 0.568142055949577, 'sigma_boundary': 4.740996835516485, 'alpha': 0.6401965664765594}. Best is trial 151 with value: 0.019426354158191418.
[I 2026-03-06 05:53:33,270] Trial 176 finished with value: 0.07204748775973338 and parameters: {'sigma_noise': 0.19300958453004424, 'A_repulsion': 0.23280128477885384, 'gamma': 0.6307977957162828, 'sigma_update': 0.06504864713868738, 'eta_learning': 1.127985079741639, 'sigma_boundary': 3.200660609567881, 'alpha': 0.6100650872914972}. Best is trial 151 with value: 0.019426354158191418.
[I 2026-03-06 05:54:08,998] Trial 181 finished with value: 0.035241644712054 and parameters: {'sigma_noise': 0.2161785024642835, 'A_repulsion': 0.09244146878949171, 'gamma': 0.7272927089379065, 'sigma_update': 0.2953618389254768, 'eta_learning': 1.2616361331912451, 'sigma_boundary': 1.1423430573257751, 'alpha': 0.5757135621009233}. Best is trial 151 with value: 0.019426354158191418.
[I 2026-03-06 05:54:44,112] Trial 175 finished with value: 0.0656283451342157 and parameters: {'sigma_noise': 0.23396595403247594, 'A_repulsion': 0.28999809645711033, 'gamma': 0.6473120805780189, 'sigma_update': 0.30609474586816054, 'eta_learning': 0.8677699692450624, 'sigma_boundary': 3.654687526529116, 'alpha': 0.5379331629755063}. Best is trial 151 with value: 0.019426354158191418.
[I 2026-03-06 05:55:16,702] Trial 173 finished with value: 0.05780839469612404 and parameters: {'sigma_noise': 0.3027183121558511, 'A_repulsion': 0.34436033428253154, 'gamma': 0.6857839478564914, 'sigma_update': 0.26809436840803713, 'eta_learning': 0.035102081819503514, 'sigma_boundary': 2.6428650250256296, 'alpha': 0.3143021996385353}. Best is trial 151 with value: 0.019426354158191418.
[I 2026-03-06 05:55:25,841] Trial 180 finished with value: 0.0484878991143486 and parameters: {'sigma_noise': 0.26235762299114745, 'A_repulsion': 0.20228386980555083, 'gamma': 0.514081660840303, 'sigma_update': 0.1441890791586947, 'eta_learning': 1.0551663264804079, 'sigma_boundary': 2.933255806823609, 'alpha': 0.5619518879590861}. Best is trial 151 with value: 0.019426354158191418.
[I 2026-03-06 05:55:26,447] Trial 182 finished with value: 0.04261874285255672 and parameters: {'sigma_noise': 0.1666798429672376, 'A_repulsion': 0.2507700050397878, 'gamma': 0.7119280141750406, 'sigma_update': 0.09262640871754738, 'eta_learning': 0.4839891560141561, 'sigma_boundary': 1.7626360246035273, 'alpha': 0.5325844152099243}. Best is trial 151 with value: 0.019426354158191418.
[I 2026-03-06 05:55:47,932] Trial 185 finished with value: 0.033232080538081285 and parameters: {'sigma_noise': 0.17924872249692325, 'A_repulsion': 0.18305809319719987, 'gamma': 0.8492001752383749, 'sigma_update': 0.15258953327986155, 'eta_learning': 1.852977488141661, 'sigma_boundary': 3.496851016721938, 'alpha': 0.6677874904664604}. Best is trial 151 with value: 0.019426354158191418.
[I 2026-03-06 05:55:50,909] Trial 184 finished with value: 0.03321283620672387 and parameters: {'sigma_noise': 0.20360790739024814, 'A_repulsion': 0.1641077360861745, 'gamma': 0.8313632895678067, 'sigma_update': 0.2620598742172232, 'eta_learning': 0.6087051436325024, 'sigma_boundary': 1.0748077006564172, 'alpha': 0.8192504345576572}. Best is trial 151 with value: 0.019426354158191418.
[I 2026-03-06 05:55:55,056] Trial 179 finished with value: 1.0570967953448716 and parameters: {'sigma_noise': 0.2953936192501491, 'A_repulsion': 0.31888298451257213, 'gamma': 0.7839923783611602, 'sigma_update': 0.19655659097081582, 'eta_learning': 0.9079646531177593, 'sigma_boundary': 4.63830759386791, 'alpha': 0.3499763223145367}. Best is trial 151 with value: 0.019426354158191418.
[I 2026-03-06 05:56:20,830] Trial 186 finished with value: 0.0521409195520488 and parameters: {'sigma_noise': 0.21992346841085825, 'A_repulsion': 0.1420401313844383, 'gamma': 0.9729152622336851, 'sigma_update': 0.12849435741288917, 'eta_learning': 1.0447849764844985, 'sigma_boundary': 2.3652973517618596, 'alpha': 0.992513610843432}. Best is trial 151 with value: 0.019426354158191418.
[I 2026-03-06 05:56:25,964] Trial 187 finished with value: 0.04130679378200273 and parameters: {'sigma_noise': 0.16935667966489093, 'A_repulsion': 0.23458541170350605, 'gamma': 0.7322094129570066, 'sigma_update': 0.27059413095381474, 'eta_learning': 1.1835167059669776, 'sigma_boundary': 2.446918714270315, 'alpha': 0.5888425740868336}. Best is trial 151 with value: 0.019426354158191418.
[I 2026-03-06 05:56:36,160] Trial 183 finished with value: 0.04194405693365803 and parameters: {'sigma_noise': 0.2792072114967434, 'A_repulsion': 0.13698436116823284, 'gamma': 0.7027713859630842, 'sigma_update': 0.2270806300321796, 'eta_learning': 1.4536436515351507, 'sigma_boundary': 2.69659685062941, 'alpha': 0.600600993606454}. Best is trial 151 with value: 0.019426354158191418.
[I 2026-03-06 05:57:02,163] Trial 189 finished with value: 0.03707559670358945 and parameters: {'sigma_noise': 0.2046501646783504, 'A_repulsion': 0.25236554442750525, 'gamma': 0.8352511890887782, 'sigma_update': 0.22868074301786642, 'eta_learning': 1.7866467631630538, 'sigma_boundary': 1.8047594455136573, 'alpha': 0.7597849747419977}. Best is trial 151 with value: 0.019426354158191418.
[I 2026-03-06 05:57:03,170] Trial 188 finished with value: 0.04376295287879865 and parameters: {'sigma_noise': 0.18511954076903642, 'A_repulsion': 0.2617391163261821, 'gamma': 0.9278166439692798, 'sigma_update': 0.14927651065871875, 'eta_learning': 2.042534253721166, 'sigma_boundary': 2.840008825841111, 'alpha': 0.622357734956048}. Best is trial 151 with value: 0.019426354158191418.
[I 2026-03-06 05:57:21,852] Trial 190 finished with value: 0.13801606159477298 and parameters: {'sigma_noise': 0.2858682718986344, 'A_repulsion': 0.14702808585405527, 'gamma': 0.5082312313900554, 'sigma_update': 0.07404009207253638, 'eta_learning': 1.9383730490812183, 'sigma_boundary': 0.9020759625870487, 'alpha': 0.7076338571892123}. Best is trial 151 with value: 0.019426354158191418.
[I 2026-03-06 05:57:49,958] Trial 191 finished with value: 0.07114590888674907 and parameters: {'sigma_noise': 0.1460738457710422, 'A_repulsion': 0.3671705513979442, 'gamma': 0.7019928021351245, 'sigma_update': 0.07218506708002405, 'eta_learning': 0.4238665727114592, 'sigma_boundary': 3.3231690527736, 'alpha': 0.5865019147669025}. Best is trial 151 with value: 0.019426354158191418.
[I 2026-03-06 05:58:48,365] Trial 194 finished with value: 0.038270584865322574 and parameters: {'sigma_noise': 0.16658448514559987, 'A_repulsion': 0.16886578169383687, 'gamma': 0.7361513447395887, 'sigma_update': 0.2874700725762798, 'eta_learning': 2.3685001131392895, 'sigma_boundary': 2.0665650160497546, 'alpha': 0.6337739304108495}. Best is trial 151 with value: 0.019426354158191418.
[I 2026-03-06 05:58:51,620] Trial 192 finished with value: 0.11780550876796267 and parameters: {'sigma_noise': 0.19719597440510367, 'A_repulsion': 0.34632109466766864, 'gamma': 0.6485382328456345, 'sigma_update': 0.07479928487743018, 'eta_learning': 2.2804030888197224, 'sigma_boundary': 0.41062030082340584, 'alpha': 0.7515115722813099}. Best is trial 151 with value: 0.019426354158191418.
[I 2026-03-06 05:58:55,837] Trial 193 finished with value: 0.081453859856643 and parameters: {'sigma_noise': 0.22293366712016133, 'A_repulsion': 0.17906874054083305, 'gamma': 0.8806783431875658, 'sigma_update': 0.14265676933925164, 'eta_learning': 1.3425120487066786, 'sigma_boundary': 1.8257242292470846, 'alpha': 0.40404190047956134}. Best is trial 151 with value: 0.019426354158191418.
[I 2026-03-06 05:58:56,187] Trial 197 finished with value: 0.04746430711980805 and parameters: {'sigma_noise': 0.14420200666837746, 'A_repulsion': 0.13928734636216406, 'gamma': 0.8147148225733661, 'sigma_update': 0.14685338044566104, 'eta_learning': 1.6149062481043646, 'sigma_boundary': 4.556292482690047, 'alpha': 0.612131826951234}. Best is trial 151 with value: 0.019426354158191418.
[I 2026-03-06 05:59:08,734] Trial 195 finished with value: 0.028611564176912255 and parameters: {'sigma_noise': 0.20885449638556314, 'A_repulsion': 0.1898252356844711, 'gamma': 0.9589983004797172, 'sigma_update': 0.18170056154588163, 'eta_learning': 1.8107081879816547, 'sigma_boundary': 1.6938634856868022, 'alpha': 0.6431696699203251}. Best is trial 151 with value: 0.019426354158191418.
[I 2026-03-06 05:59:10,732] Trial 198 finished with value: 0.01880621067358056 and parameters: {'sigma_noise': 0.26166946988064943, 'A_repulsion': 0.09552369392086732, 'gamma': 0.9010291790528755, 'sigma_update': 0.22887655543508612, 'eta_learning': 1.4145627281313127, 'sigma_boundary': 1.3064146605423321, 'alpha': 0.8802035022596486}. Best is trial 198 with value: 0.01880621067358056.
[I 2026-03-06 05:59:13,568] Trial 196 finished with value: 0.07110510399563966 and parameters: {'sigma_noise': 0.21819187740434715, 'A_repulsion': 0.2435192466816095, 'gamma': 0.5666868234628465, 'sigma_update': 0.3539013127365512, 'eta_learning': 1.8724465475949812, 'sigma_boundary': 0.4224793141003487, 'alpha': 0.510419121727675}. Best is trial 198 with value: 0.01880621067358056.
[I 2026-03-06 05:59:15,733] Trial 199 finished with value: 0.04209863855131625 and parameters: {'sigma_noise': 0.2646255070726911, 'A_repulsion': 0.33452280421503555, 'gamma': 0.6879502301865771, 'sigma_update': 0.23407114504129564, 'eta_learning': 1.0204924029270455, 'sigma_boundary': 2.1559137952744685, 'alpha': 0.5981159561134703}. Best is trial 198 with value: 0.01880621067358056.
[I 2026-03-06 05:59:34,366] A new study created in memory with name: no-name-0ff39487-911f-42b4-8c1f-46ae374804b4
[I 2026-03-06 06:07:36,265] Trial 21 finished with value: 0.1187464729331531 and parameters: {'sigma_noise': 0.05310915575841216, 'A_repulsion': 0.07951258093979718, 'gamma': 0.697963875952729, 'sigma_update': 0.4487821937321901, 'eta_learning': 0.8963180131717653, 'sigma_boundary': 9.496970885312715, 'alpha': 0.6512133617131616}. Best is trial 21 with value: 0.1187464729331531.
[I 2026-03-06 06:08:32,839] Trial 7 finished with value: 1.2255362631166233 and parameters: {'sigma_noise': 0.11616281580737096, 'A_repulsion': 0.04103000132938306, 'gamma': 0.6646262634476241, 'sigma_update': 0.02326181010321109, 'eta_learning': 2.7059588937833774, 'sigma_boundary': 5.662671156985823, 'alpha': 0.05849352695917909}. Best is trial 21 with value: 0.1187464729331531.
[I 2026-03-06 06:09:04,865] Trial 18 finished with value: 0.10718597607233846 and parameters: {'sigma_noise': 0.13311384955939237, 'A_repulsion': 0.1043927355296958, 'gamma': 0.6072525487445979, 'sigma_update': 0.05210790038564729, 'eta_learning': 1.0490410866023478, 'sigma_boundary': 8.930548357615399, 'alpha': 0.5077952050123229}. Best is trial 18 with value: 0.10718597607233846.
[I 2026-03-06 06:09:16,579] Trial 6 finished with value: 0.09698016129244755 and parameters: {'sigma_noise': 0.08685416206995256, 'A_repulsion': 0.19855712187683422, 'gamma': 0.872275719178752, 'sigma_update': 0.09543487964466664, 'eta_learning': 1.5429509305619467, 'sigma_boundary': 3.2143278035419582, 'alpha': 0.633918553037348}. Best is trial 6 with value: 0.09698016129244755.
[I 2026-03-06 06:09:38,848] Trial 1 finished with value: 0.14062038448658615 and parameters: {'sigma_noise': 0.1156693149633663, 'A_repulsion': 0.2905516857668835, 'gamma': 0.3928759083957208, 'sigma_update': 0.46470954202346876, 'eta_learning': 2.3182249248106648, 'sigma_boundary': 3.358952303963339, 'alpha': 0.7140591881002424}. Best is trial 6 with value: 0.09698016129244755.
[I 2026-03-06 06:09:48,135] Trial 4 finished with value: 0.040042802347178726 and parameters: {'sigma_noise': 0.16082417777723768, 'A_repulsion': 0.21759229662717383, 'gamma': 0.7067528007597597, 'sigma_update': 0.6869517407199025, 'eta_learning': 1.5475490463371475, 'sigma_boundary': 1.8920233284333434, 'alpha': 0.9814745668032852}. Best is trial 4 with value: 0.040042802347178726.
[I 2026-03-06 06:10:07,133] Trial 20 finished with value: 0.06697820112051828 and parameters: {'sigma_noise': 0.17797696069008673, 'A_repulsion': 0.2211465295363279, 'gamma': 0.5370252705380104, 'sigma_update': 0.44754929925008335, 'eta_learning': 0.2042235015687361, 'sigma_boundary': 1.0740094725814797, 'alpha': 0.8816880009522264}. Best is trial 4 with value: 0.040042802347178726.
[I 2026-03-06 06:10:07,808] Trial 8 finished with value: 2.182218732670221 and parameters: {'sigma_noise': 0.30260308857571006, 'A_repulsion': 0.0017654837848096738, 'gamma': 0.07079141322565456, 'sigma_update': 0.2014656018143138, 'eta_learning': 2.314610082126252, 'sigma_boundary': 7.638035990099683, 'alpha': 0.05763395693061424}. Best is trial 4 with value: 0.040042802347178726.
[I 2026-03-06 06:11:12,375] Trial 0 finished with value: 0.07219494488483245 and parameters: {'sigma_noise': 0.11682279628171073, 'A_repulsion': 0.4943228661781941, 'gamma': 0.724647246492012, 'sigma_update': 0.4689871122449622, 'eta_learning': 0.9546203191794964, 'sigma_boundary': 9.09580763391335, 'alpha': 0.6709247809525177}. Best is trial 4 with value: 0.040042802347178726.
[I 2026-03-06 06:11:15,984] Trial 14 finished with value: 2.014451947216614 and parameters: {'sigma_noise': 0.36023308999973885, 'A_repulsion': 0.01038188805659851, 'gamma': 0.1648194271950737, 'sigma_update': 0.05031823493203294, 'eta_learning': 1.775299046118842, 'sigma_boundary': 2.5138919967905946, 'alpha': 0.17429555613224623}. Best is trial 4 with value: 0.040042802347178726.
[I 2026-03-06 06:11:19,273] Trial 9 finished with value: 0.18454395995098982 and parameters: {'sigma_noise': 0.33537158297243536, 'A_repulsion': 0.04690764834476674, 'gamma': 0.5453232652097919, 'sigma_update': 0.08311420905222247, 'eta_learning': 0.6004971203172376, 'sigma_boundary': 4.941957831861471, 'alpha': 0.7245539808286482}. Best is trial 4 with value: 0.040042802347178726.
[I 2026-03-06 06:11:48,012] Trial 10 finished with value: 0.08762349959192192 and parameters: {'sigma_noise': 0.16531282286586846, 'A_repulsion': 0.40151226342187096, 'gamma': 0.9935270467463891, 'sigma_update': 0.42464168056553764, 'eta_learning': 0.1253278080806197, 'sigma_boundary': 6.488948912855166, 'alpha': 0.9076627080117298}. Best is trial 4 with value: 0.040042802347178726.
[I 2026-03-06 06:12:06,888] Trial 15 finished with value: 0.18667851842381125 and parameters: {'sigma_noise': 0.3338005472568849, 'A_repulsion': 0.18788208906848114, 'gamma': 0.5360696994904691, 'sigma_update': 0.4548517639994123, 'eta_learning': 1.2724113147035456, 'sigma_boundary': 4.576020963827468, 'alpha': 0.8741169974799451}. Best is trial 4 with value: 0.040042802347178726.
[I 2026-03-06 06:12:19,550] Trial 2 finished with value: 0.4725935640347177 and parameters: {'sigma_noise': 0.3272505619153002, 'A_repulsion': 0.19369307927949597, 'gamma': 0.30793000127311954, 'sigma_update': 0.6625608186208809, 'eta_learning': 0.808214102985104, 'sigma_boundary': 2.8268437416858596, 'alpha': 0.8963929139316088}. Best is trial 4 with value: 0.040042802347178726.
[I 2026-03-06 06:12:31,925] Trial 19 finished with value: 0.5393842455162778 and parameters: {'sigma_noise': 0.1991957188901789, 'A_repulsion': 0.34311426015881485, 'gamma': 0.5583649489197637, 'sigma_update': 0.02063997078682537, 'eta_learning': 1.0220648160659072, 'sigma_boundary': 6.314320023589394, 'alpha': 0.6710292443864171}. Best is trial 4 with value: 0.040042802347178726.
[I 2026-03-06 06:12:44,729] Trial 22 finished with value: 0.9931009819965742 and parameters: {'sigma_noise': 0.2813334043370406, 'A_repulsion': 0.24104143775689785, 'gamma': 0.2611494563688302, 'sigma_update': 0.15935876591982692, 'eta_learning': 0.5083141359014978, 'sigma_boundary': 5.775661350634667, 'alpha': 0.2871474286377971}. Best is trial 4 with value: 0.040042802347178726.
[I 2026-03-06 06:12:45,516] Trial 5 finished with value: 0.5003923172672126 and parameters: {'sigma_noise': 0.38532197122479256, 'A_repulsion': 0.16258422902266118, 'gamma': 0.5614768375803436, 'sigma_update': 0.5623461889831282, 'eta_learning': 2.275527598530024, 'sigma_boundary': 3.1992680227884644, 'alpha': 0.6510201300697157}. Best is trial 4 with value: 0.040042802347178726.
[I 2026-03-06 06:12:46,275] Trial 17 finished with value: 0.11701360630373543 and parameters: {'sigma_noise': 0.16934767372921683, 'A_repulsion': 0.4700408290098936, 'gamma': 0.06666411553396294, 'sigma_update': 0.10663304618691988, 'eta_learning': 0.062078516992937656, 'sigma_boundary': 3.455181859596294, 'alpha': 0.4029280107459251}. Best is trial 4 with value: 0.040042802347178726.
[I 2026-03-06 06:13:02,128] Trial 12 finished with value: 0.17603417168836266 and parameters: {'sigma_noise': 0.3896737730586061, 'A_repulsion': 0.1763233217119703, 'gamma': 0.298235021026094, 'sigma_update': 0.21516211020743253, 'eta_learning': 0.5908719391194232, 'sigma_boundary': 8.995666330186067, 'alpha': 0.6576347005596659}. Best is trial 4 with value: 0.040042802347178726.
[I 2026-03-06 06:13:02,523] Trial 16 finished with value: 0.5203541568658703 and parameters: {'sigma_noise': 0.26619103540401906, 'A_repulsion': 0.26381304237731007, 'gamma': 0.5638964296170831, 'sigma_update': 0.08385121512054197, 'eta_learning': 2.567021428029793, 'sigma_boundary': 3.5991668057493578, 'alpha': 0.39717742441665094}. Best is trial 4 with value: 0.040042802347178726.
[I 2026-03-06 06:13:03,604] Trial 13 finished with value: 2.6164897561707785 and parameters: {'sigma_noise': 0.30151658936585835, 'A_repulsion': 0.33573033632339677, 'gamma': 0.7375247208129806, 'sigma_update': 0.179127860325999, 'eta_learning': 1.0139346339502366, 'sigma_boundary': 2.120487961954781, 'alpha': 0.17457876465532263}. Best is trial 4 with value: 0.040042802347178726.
[I 2026-03-06 06:13:25,234] Trial 11 finished with value: 0.22699143491927173 and parameters: {'sigma_noise': 0.2867201792777501, 'A_repulsion': 0.4437788445295422, 'gamma': 0.42503528956546793, 'sigma_update': 0.5463428206044744, 'eta_learning': 2.9676071886288846, 'sigma_boundary': 0.6831095945556653, 'alpha': 0.8369600542595506}. Best is trial 4 with value: 0.040042802347178726.
[I 2026-03-06 06:13:26,863] Trial 23 finished with value: 0.09323783880756585 and parameters: {'sigma_noise': 0.2557564253768201, 'A_repulsion': 0.49447921085921076, 'gamma': 0.48787199978689716, 'sigma_update': 0.21922627068830525, 'eta_learning': 1.5628463235526175, 'sigma_boundary': 6.202734121526846, 'alpha': 0.7647130512468434}. Best is trial 4 with value: 0.040042802347178726.
[I 2026-03-06 06:14:25,567] Trial 3 finished with value: 2.447243519830508 and parameters: {'sigma_noise': 0.40785772741500464, 'A_repulsion': 0.46831759286007363, 'gamma': 0.12480496043305407, 'sigma_update': 0.6731665841187686, 'eta_learning': 0.1912856140521634, 'sigma_boundary': 6.871753888941369, 'alpha': 0.02394617477494343}. Best is trial 4 with value: 0.040042802347178726.
[I 2026-03-06 06:20:13,327] Trial 30 finished with value: 0.2677101516366364 and parameters: {'sigma_noise': 0.16628184468356627, 'A_repulsion': 0.11049775659088931, 'gamma': 0.3925004577801005, 'sigma_update': 0.44603385155984226, 'eta_learning': 1.6691151175571017, 'sigma_boundary': 6.606801957243004, 'alpha': 0.5513146473902613}. Best is trial 4 with value: 0.040042802347178726.
