[I 2026-03-06 05:21:48,739] Trial 116 finished with value: 0.04263717866299273 and parameters: {'sigma_noise': 0.2469517669479872, 'A_repulsion': 0.1234195565044419, 'gamma': 0.4441605583500706, 'sigma_update': 0.16108021675351838, 'eta_learning': 1.8898139097627706, 'sigma_boundary': 3.3043823914174584, 'alpha': 0.679409745936953}. Best is trial 105 with value: 0.021634326978427612.
[I 2026-03-06 05:22:06,768] Trial 115 finished with value: 0.037677647388415336 and parameters: {'sigma_noise': 0.28706060028621055, 'A_repulsion': 0.12383696430898271, 'gamma': 0.681715828200773, 'sigma_update': 0.2380206760642503, 'eta_learning': 2.1321977198826945, 'sigma_boundary': 2.185019637550622, 'alpha': 0.7974325638802995}. Best is trial 105 with value: 0.021634326978427612.
[I 2026-03-06 05:22:07,188] Trial 113 finished with value: 0.05387482126557652 and parameters: {'sigma_noise': 0.2599988337634831, 'A_repulsion': 0.20103401455228773, 'gamma': 0.5659433077843617, 'sigma_update': 0.322169428958722, 'eta_learning': 1.6563009286495864, 'sigma_boundary': 1.684115180641276, 'alpha': 0.6893349063372065}. Best is trial 105 with value: 0.021634326978427612.
[I 2026-03-06 05:22:23,273] Trial 114 finished with value: 1.466750750256658 and parameters: {'sigma_noise': 0.21148307557009066, 'A_repulsion': 0.31079714403923087, 'gamma': 0.7546112416358034, 'sigma_update': 0.32108885397476516, 'eta_learning': 1.0343692425659603, 'sigma_boundary': 4.895431955124099, 'alpha': 0.24368801932985934}. Best is trial 105 with value: 0.021634326978427612.
[I 2026-03-06 05:23:42,316] Trial 118 finished with value: 0.0395775674012596 and parameters: {'sigma_noise': 0.21657080388117755, 'A_repulsion': 0.3031508765147636, 'gamma': 0.7062318639907043, 'sigma_update': 0.1710652352981057, 'eta_learning': 1.1129366186160243, 'sigma_boundary': 7.022111139545293, 'alpha': 0.5701835619427683}. Best is trial 105 with value: 0.021634326978427612.
[I 2026-03-06 05:23:48,467] Trial 117 finished with value: 0.05281852404829461 and parameters: {'sigma_noise': 0.2697606755299212, 'A_repulsion': 0.2452604858060878, 'gamma': 0.558835265617487, 'sigma_update': 0.23005057726531083, 'eta_learning': 0.6273650937348358, 'sigma_boundary': 3.5738627133596, 'alpha': 0.6831619190461813}. Best is trial 105 with value: 0.021634326978427612.
[I 2026-03-06 05:24:21,304] Trial 119 finished with value: 0.06144170935208288 and parameters: {'sigma_noise': 0.30543400959817835, 'A_repulsion': 0.24624920756850444, 'gamma': 0.6624650540226882, 'sigma_update': 0.36262182185448244, 'eta_learning': 2.4721878381575295, 'sigma_boundary': 5.579175384899296, 'alpha': 0.7073064622144392}. Best is trial 105 with value: 0.021634326978427612.
[I 2026-03-06 05:26:54,417] Trial 120 finished with value: 0.05793509286783363 and parameters: {'sigma_noise': 0.2165067894492393, 'A_repulsion': 0.4244402123098652, 'gamma': 0.5831793416426481, 'sigma_update': 0.2098888246741279, 'eta_learning': 2.0812570804178008, 'sigma_boundary': 1.4482048715056133, 'alpha': 0.6140981014948235}. Best is trial 105 with value: 0.021634326978427612.
[I 2026-03-06 05:27:15,139] Trial 121 finished with value: 0.03132251100157957 and parameters: {'sigma_noise': 0.23535690434516748, 'A_repulsion': 0.1899754221020731, 'gamma': 0.631566805969581, 'sigma_update': 0.2421336933426814, 'eta_learning': 1.505043196381729, 'sigma_boundary': 1.6735330747765598, 'alpha': 0.633210301917841}. Best is trial 105 with value: 0.021634326978427612.
[I 2026-03-06 05:28:01,371] Trial 122 finished with value: 0.2560723640335283 and parameters: {'sigma_noise': 0.2837709477406168, 'A_repulsion': 0.1649339714730268, 'gamma': 0.8800013289718497, 'sigma_update': 0.03578068755824369, 'eta_learning': 1.4165674943801236, 'sigma_boundary': 1.586166287440073, 'alpha': 0.8818700026601746}. Best is trial 105 with value: 0.021634326978427612.
[I 2026-03-06 05:28:26,880] Trial 124 finished with value: 0.038358735647082885 and parameters: {'sigma_noise': 0.22519575830990468, 'A_repulsion': 0.19362834552991162, 'gamma': 0.7540425519048174, 'sigma_update': 0.2667126113613569, 'eta_learning': 0.4132301758696015, 'sigma_boundary': 2.764145939784475, 'alpha': 0.48031235503026165}. Best is trial 105 with value: 0.021634326978427612.
[I 2026-03-06 05:28:59,245] Trial 123 finished with value: 0.05228044311446546 and parameters: {'sigma_noise': 0.3015659764864661, 'A_repulsion': 0.15305737276734288, 'gamma': 0.5158118506614869, 'sigma_update': 0.34643249482088945, 'eta_learning': 0.05543650275539289, 'sigma_boundary': 3.6214478195880093, 'alpha': 0.5739505272414823}. Best is trial 105 with value: 0.021634326978427612.
[I 2026-03-06 05:30:28,557] Trial 125 finished with value: 0.09618200632823051 and parameters: {'sigma_noise': 0.348656628406433, 'A_repulsion': 0.18923229272892392, 'gamma': 0.6884943145058312, 'sigma_update': 0.12587084568205195, 'eta_learning': 0.814196571886462, 'sigma_boundary': 1.04702164358388, 'alpha': 0.5858687146395087}. Best is trial 105 with value: 0.021634326978427612.
[I 2026-03-06 05:30:55,390] Trial 130 finished with value: 0.10037847592573887 and parameters: {'sigma_noise': 0.31210896457625015, 'A_repulsion': 0.11283106197869867, 'gamma': 0.5272983975051747, 'sigma_update': 0.11208562251894877, 'eta_learning': 0.5849223941600649, 'sigma_boundary': 2.1547140112623766, 'alpha': 0.6520360513069756}. Best is trial 105 with value: 0.021634326978427612.
[I 2026-03-06 05:31:00,594] Trial 126 finished with value: 0.06790756010408168 and parameters: {'sigma_noise': 0.37527585182946827, 'A_repulsion': 0.09714326283035905, 'gamma': 0.7636818683968508, 'sigma_update': 0.1854126764338063, 'eta_learning': 0.6146672431925936, 'sigma_boundary': 2.191910606974153, 'alpha': 0.7130100745481477}. Best is trial 105 with value: 0.021634326978427612.
[I 2026-03-06 05:31:16,906] Trial 127 finished with value: 0.2537906125832925 and parameters: {'sigma_noise': 0.28894384555342056, 'A_repulsion': 0.24840242370734872, 'gamma': 0.7778691846250034, 'sigma_update': 0.26986846252785057, 'eta_learning': 0.6082761026908533, 'sigma_boundary': 5.2597819646865425, 'alpha': 0.41008289174980034}. Best is trial 105 with value: 0.021634326978427612.
[I 2026-03-06 05:31:20,227] Trial 128 finished with value: 0.6982197645391253 and parameters: {'sigma_noise': 0.28982946557243205, 'A_repulsion': 0.19247126268212356, 'gamma': 0.4725388594496563, 'sigma_update': 0.021463673626488877, 'eta_learning': 1.679470506333749, 'sigma_boundary': 0.7414040979289075, 'alpha': 0.7826842170448989}. Best is trial 105 with value: 0.021634326978427612.
[I 2026-03-06 05:31:25,858] Trial 131 finished with value: 0.15706717693316077 and parameters: {'sigma_noise': 0.2980474822536919, 'A_repulsion': 0.1518587144631534, 'gamma': 0.8545937188846277, 'sigma_update': 0.057407690924330124, 'eta_learning': 1.84672753294461, 'sigma_boundary': 0.497221114954613, 'alpha': 0.9211797784905642}. Best is trial 105 with value: 0.021634326978427612.
[I 2026-03-06 05:31:28,902] Trial 132 finished with value: 0.07788260472916078 and parameters: {'sigma_noise': 0.2270837577074606, 'A_repulsion': 0.2559889279024722, 'gamma': 0.7765453769474278, 'sigma_update': 0.11094845971500848, 'eta_learning': 1.1208079857563427, 'sigma_boundary': 1.9126757353626533, 'alpha': 0.8778160372328974}. Best is trial 105 with value: 0.021634326978427612.
[I 2026-03-06 05:31:46,763] Trial 129 finished with value: 0.033194910743690575 and parameters: {'sigma_noise': 0.28199249407405164, 'A_repulsion': 0.3108474341550123, 'gamma': 0.8489099153119325, 'sigma_update': 0.23847938099692395, 'eta_learning': 0.863986516144498, 'sigma_boundary': 0.7974222464500748, 'alpha': 0.7142374566287012}. Best is trial 105 with value: 0.021634326978427612.
[I 2026-03-06 05:32:09,117] Trial 133 finished with value: 0.09652906562200934 and parameters: {'sigma_noise': 0.27695891322353067, 'A_repulsion': 0.15518565024949177, 'gamma': 0.5183537146774175, 'sigma_update': 0.10341186972621924, 'eta_learning': 0.42885690318938585, 'sigma_boundary': 0.618490357684108, 'alpha': 0.6996841006264677}. Best is trial 105 with value: 0.021634326978427612.
[I 2026-03-06 05:32:23,535] Trial 136 finished with value: 0.047396593962184055 and parameters: {'sigma_noise': 0.26467199685017684, 'A_repulsion': 0.12708397820040607, 'gamma': 0.878470858060845, 'sigma_update': 0.0829154762502788, 'eta_learning': 1.3055167103326215, 'sigma_boundary': 1.6000372443386377, 'alpha': 0.7651395690510626}. Best is trial 105 with value: 0.021634326978427612.
[I 2026-03-06 05:33:17,912] Trial 137 finished with value: 0.10886433585262682 and parameters: {'sigma_noise': 0.3229064163114416, 'A_repulsion': 0.10453007145428302, 'gamma': 0.7509808955511232, 'sigma_update': 0.25218468596050925, 'eta_learning': 0.8614822776584801, 'sigma_boundary': 2.3551159451202874, 'alpha': 0.48992956886485983}. Best is trial 105 with value: 0.021634326978427612.
[I 2026-03-06 05:33:31,056] Trial 135 finished with value: 0.2596184224004065 and parameters: {'sigma_noise': 0.373477057585627, 'A_repulsion': 0.14755852113315043, 'gamma': 0.5709795601656591, 'sigma_update': 0.06262054671204269, 'eta_learning': 0.5965565669334291, 'sigma_boundary': 1.8570059756812112, 'alpha': 0.7530527354529291}. Best is trial 105 with value: 0.021634326978427612.
[I 2026-03-06 05:33:32,928] Trial 134 finished with value: 0.09032161130393757 and parameters: {'sigma_noise': 0.29989273228558594, 'A_repulsion': 0.3268587737042679, 'gamma': 0.7254830098355689, 'sigma_update': 0.13059266808683614, 'eta_learning': 1.0899473752150313, 'sigma_boundary': 2.993120095219022, 'alpha': 0.8584208831999409}. Best is trial 105 with value: 0.021634326978427612.
[I 2026-03-06 05:33:53,147] Trial 140 finished with value: 0.050852577153589 and parameters: {'sigma_noise': 0.2892338352052305, 'A_repulsion': 0.1704901467401343, 'gamma': 0.6909916439851916, 'sigma_update': 0.17566741585414286, 'eta_learning': 1.1823391291031402, 'sigma_boundary': 3.663070156218183, 'alpha': 0.606914625532597}. Best is trial 105 with value: 0.021634326978427612.
[I 2026-03-06 05:34:14,520] Trial 138 finished with value: 0.08346782991062943 and parameters: {'sigma_noise': 0.30338583489645155, 'A_repulsion': 0.18794342001153397, 'gamma': 0.7077818676696334, 'sigma_update': 0.10133855910716937, 'eta_learning': 1.571690122681672, 'sigma_boundary': 0.23290048508398395, 'alpha': 0.694891405192741}. Best is trial 105 with value: 0.021634326978427612.
[I 2026-03-06 05:34:22,636] Trial 139 finished with value: 0.05527212748536462 and parameters: {'sigma_noise': 0.2748692526624099, 'A_repulsion': 0.255510863671551, 'gamma': 0.7452619908392499, 'sigma_update': 0.15784128367493783, 'eta_learning': 2.1136211556047795, 'sigma_boundary': 0.2168139953892731, 'alpha': 0.8009492637920347}. Best is trial 105 with value: 0.021634326978427612.
[I 2026-03-06 05:34:51,807] Trial 141 finished with value: 0.05563468829896347 and parameters: {'sigma_noise': 0.2336971866013144, 'A_repulsion': 0.21587446436133378, 'gamma': 0.726631528680673, 'sigma_update': 0.08862103606715811, 'eta_learning': 1.632519367682843, 'sigma_boundary': 3.32098637751912, 'alpha': 0.6807154292592914}. Best is trial 105 with value: 0.021634326978427612.
[I 2026-03-06 05:35:22,489] Trial 143 finished with value: 0.02670737021813032 and parameters: {'sigma_noise': 0.2768902786174802, 'A_repulsion': 0.09682758042231275, 'gamma': 0.7499752505265532, 'sigma_update': 0.1844761109564539, 'eta_learning': 0.824287698631003, 'sigma_boundary': 1.550091586053749, 'alpha': 0.6364649584496169}. Best is trial 105 with value: 0.021634326978427612.
[I 2026-03-06 05:36:00,596] Trial 142 finished with value: 0.11424933076602334 and parameters: {'sigma_noise': 0.3257306742025034, 'A_repulsion': 0.20074299109162771, 'gamma': 0.5506736746325719, 'sigma_update': 0.24828578197883275, 'eta_learning': 0.45358446078447207, 'sigma_boundary': 1.2756339393533138, 'alpha': 0.4841118732038182}. Best is trial 105 with value: 0.021634326978427612.
[I 2026-03-06 05:39:36,011] Trial 145 finished with value: 0.9036376930269117 and parameters: {'sigma_noise': 0.27448334225472015, 'A_repulsion': 0.30259932735794154, 'gamma': 0.7405205981376132, 'sigma_update': 0.17804944206173837, 'eta_learning': 0.8205832276933611, 'sigma_boundary': 2.976452675558889, 'alpha': 0.34321690184279935}. Best is trial 105 with value: 0.021634326978427612.
[I 2026-03-06 05:39:42,944] Trial 144 finished with value: 0.11188992394184546 and parameters: {'sigma_noise': 0.38926509899424283, 'A_repulsion': 0.18763540685670274, 'gamma': 0.5571592888653443, 'sigma_update': 0.2569751189528037, 'eta_learning': 1.6226373123954192, 'sigma_boundary': 0.6630718863338055, 'alpha': 0.972616342763422}. Best is trial 105 with value: 0.021634326978427612.
[I 2026-03-06 05:40:51,366] Trial 147 finished with value: 0.04881298379204887 and parameters: {'sigma_noise': 0.315282948449239, 'A_repulsion': 0.23206474475866054, 'gamma': 0.9642454867266, 'sigma_update': 0.24305931737330314, 'eta_learning': 1.7983738025848872, 'sigma_boundary': 0.39489714397943687, 'alpha': 0.9009579070542716}. Best is trial 105 with value: 0.021634326978427612.
[I 2026-03-06 05:40:51,572] Trial 150 finished with value: 0.10797485461823336 and parameters: {'sigma_noise': 0.13535930736914736, 'A_repulsion': 0.22324482417434982, 'gamma': 0.851531132370473, 'sigma_update': 0.4693356572903126, 'eta_learning': 0.6856339901491265, 'sigma_boundary': 3.431233888690463, 'alpha': 0.4721695792599694}. Best is trial 105 with value: 0.021634326978427612.
[I 2026-03-06 05:41:05,355] Trial 146 finished with value: 0.09258382097462761 and parameters: {'sigma_noise': 0.3863778884722078, 'A_repulsion': 0.2627910317290388, 'gamma': 0.7619572507251553, 'sigma_update': 0.1911455350381693, 'eta_learning': 0.9511923939630649, 'sigma_boundary': 3.021869949497719, 'alpha': 0.7874317707606278}. Best is trial 105 with value: 0.021634326978427612.
[I 2026-03-06 05:41:51,039] Trial 152 finished with value: 0.08573193984243405 and parameters: {'sigma_noise': 0.2945304567709352, 'A_repulsion': 0.02159104483734184, 'gamma': 0.6843869775942117, 'sigma_update': 0.28661450607821753, 'eta_learning': 0.9412915910270324, 'sigma_boundary': 2.006600679198759, 'alpha': 0.5203257869252667}. Best is trial 105 with value: 0.021634326978427612.
[I 2026-03-06 05:41:51,813] Trial 155 finished with value: 0.043404281487554985 and parameters: {'sigma_noise': 0.1586717304921628, 'A_repulsion': 0.2330956046011946, 'gamma': 0.7130653490950073, 'sigma_update': 0.12513313078763835, 'eta_learning': 1.3593362619877305, 'sigma_boundary': 2.642675213554438, 'alpha': 0.43783721882449733}. Best is trial 105 with value: 0.021634326978427612.
[I 2026-03-06 05:41:54,680] Trial 151 finished with value: 0.019426354158191418 and parameters: {'sigma_noise': 0.20967950702439525, 'A_repulsion': 0.162218878630491, 'gamma': 0.8812156312586541, 'sigma_update': 0.12597542195287822, 'eta_learning': 1.917118571737172, 'sigma_boundary': 4.321633015292948, 'alpha': 0.6052854225602441}. Best is trial 151 with value: 0.019426354158191418.
[I 2026-03-06 05:42:00,867] Trial 154 finished with value: 0.10082867565679635 and parameters: {'sigma_noise': 0.209527106182762, 'A_repulsion': 0.14467965377612702, 'gamma': 0.7938569409515247, 'sigma_update': 0.4594612818512788, 'eta_learning': 0.4191166994210456, 'sigma_boundary': 3.989209236717125, 'alpha': 0.4636682244122533}. Best is trial 151 with value: 0.019426354158191418.
[I 2026-03-06 05:42:26,821] Trial 149 finished with value: 0.048013225203238585 and parameters: {'sigma_noise': 0.2546368776499105, 'A_repulsion': 0.18756836760046172, 'gamma': 0.4241762150307135, 'sigma_update': 0.18351226776937704, 'eta_learning': 1.6709725024392574, 'sigma_boundary': 1.7330964701288738, 'alpha': 0.614658301223355}. Best is trial 151 with value: 0.019426354158191418.
[I 2026-03-06 05:42:28,757] Trial 148 finished with value: 0.160210510615847 and parameters: {'sigma_noise': 0.3524151074151014, 'A_repulsion': 0.21873406260413097, 'gamma': 0.676651168750469, 'sigma_update': 0.07845285059754792, 'eta_learning': 0.263934389069388, 'sigma_boundary': 2.036110959325247, 'alpha': 0.796154029364554}. Best is trial 151 with value: 0.019426354158191418.
[I 2026-03-06 05:42:56,882] Trial 156 finished with value: 0.04880578945078566 and parameters: {'sigma_noise': 0.153280696703397, 'A_repulsion': 0.3417759228534457, 'gamma': 0.8319780989547882, 'sigma_update': 0.1412562678545116, 'eta_learning': 1.8364695473223074, 'sigma_boundary': 4.214331687291014, 'alpha': 0.46667246932423223}. Best is trial 151 with value: 0.019426354158191418.
[I 2026-03-06 05:43:13,748] Trial 157 finished with value: 0.022590310880626085 and parameters: {'sigma_noise': 0.2482399672940775, 'A_repulsion': 0.1175553198754304, 'gamma': 0.816920443840918, 'sigma_update': 0.2513685537309236, 'eta_learning': 0.8322441354115739, 'sigma_boundary': 0.6601097339863843, 'alpha': 0.8400263363790125}. Best is trial 151 with value: 0.019426354158191418.
[I 2026-03-06 05:43:44,687] Trial 153 finished with value: 0.12924226998617705 and parameters: {'sigma_noise': 0.2540939554579569, 'A_repulsion': 0.24592108386133368, 'gamma': 0.46225821393528355, 'sigma_update': 0.1077020023297141, 'eta_learning': 0.6508463883601188, 'sigma_boundary': 0.47909097278255447, 'alpha': 0.9828338629035231}. Best is trial 151 with value: 0.019426354158191418.
[I 2026-03-06 05:44:10,699] Trial 164 finished with value: 0.08018566889765008 and parameters: {'sigma_noise': 0.15756268347647528, 'A_repulsion': 0.11729504384871693, 'gamma': 0.9799553304798875, 'sigma_update': 0.1493580565930261, 'eta_learning': 0.9628043564567681, 'sigma_boundary': 2.6700024166123297, 'alpha': 0.8962205038794265}. Best is trial 151 with value: 0.019426354158191418.
[I 2026-03-06 05:45:11,105] Trial 159 finished with value: 0.31375854053888863 and parameters: {'sigma_noise': 0.16967604442254464, 'A_repulsion': 0.3197168867546092, 'gamma': 0.5625755457651496, 'sigma_update': 0.28686727754437524, 'eta_learning': 0.7355329294705348, 'sigma_boundary': 2.3505699589314064, 'alpha': 0.3355454843145455}. Best is trial 151 with value: 0.019426354158191418.
[I 2026-03-06 05:45:12,867] Trial 165 finished with value: 0.17649222832724049 and parameters: {'sigma_noise': 0.26213067779058735, 'A_repulsion': 0.07228806622773501, 'gamma': 0.6562669839384495, 'sigma_update': 0.30480780271953706, 'eta_learning': 1.4322499165418268, 'sigma_boundary': 4.101611461791691, 'alpha': 0.4448283630087855}. Best is trial 151 with value: 0.019426354158191418.
[I 2026-03-06 05:45:25,758] Trial 158 finished with value: 0.06400237899300039 and parameters: {'sigma_noise': 0.3098369975750788, 'A_repulsion': 0.2869900262267997, 'gamma': 0.738593105949664, 'sigma_update': 0.19810885962506108, 'eta_learning': 0.9087077027649153, 'sigma_boundary': 1.7758464129541616, 'alpha': 0.5727924749388739}. Best is trial 151 with value: 0.019426354158191418.
[I 2026-03-06 05:45:52,591] Trial 162 finished with value: 0.18705423754433181 and parameters: {'sigma_noise': 0.25014621697747774, 'A_repulsion': 0.19306275600167164, 'gamma': 0.533144144437726, 'sigma_update': 0.054551531468351774, 'eta_learning': 0.6376781695821716, 'sigma_boundary': 4.460866920707014, 'alpha': 0.7373768707299742}. Best is trial 151 with value: 0.019426354158191418.
[I 2026-03-06 05:45:53,062] Trial 160 finished with value: 0.11782441307926458 and parameters: {'sigma_noise': 0.21574535527810262, 'A_repulsion': 0.26375648641438015, 'gamma': 0.42425993970799686, 'sigma_update': 0.3857315979281173, 'eta_learning': 0.5655619454008133, 'sigma_boundary': 2.0620187360094575, 'alpha': 0.5302938180245531}. Best is trial 151 with value: 0.019426354158191418.
[I 2026-03-06 05:46:27,729] Trial 163 finished with value: 0.03242915400811495 and parameters: {'sigma_noise': 0.26413695616732863, 'A_repulsion': 0.20600759530396895, 'gamma': 0.7040902160413945, 'sigma_update': 0.2871352329191961, 'eta_learning': 1.2093629439242197, 'sigma_boundary': 0.5902474326615245, 'alpha': 0.6491801145413298}. Best is trial 151 with value: 0.019426354158191418.
[I 2026-03-06 05:46:28,689] Trial 161 finished with value: 0.08629438564482143 and parameters: {'sigma_noise': 0.28007011129600295, 'A_repulsion': 0.23032803065408256, 'gamma': 0.7674068295771865, 'sigma_update': 0.2171783582116149, 'eta_learning': 1.1812602847224143, 'sigma_boundary': 3.356367292006516, 'alpha': 0.4896714132636378}. Best is trial 151 with value: 0.019426354158191418.
[I 2026-03-06 05:46:29,083] Trial 166 finished with value: 0.03485008415915061 and parameters: {'sigma_noise': 0.17695886403201505, 'A_repulsion': 0.20641909810913692, 'gamma': 0.7693551725687734, 'sigma_update': 0.2636644958744829, 'eta_learning': 0.8420968150958009, 'sigma_boundary': 1.337729510764099, 'alpha': 0.6202439285706397}. Best is trial 151 with value: 0.019426354158191418.
[I 2026-03-06 05:48:07,859] Trial 167 finished with value: 0.03736731927228008 and parameters: {'sigma_noise': 0.25181368170136376, 'A_repulsion': 0.1940903897732801, 'gamma': 0.5932059415710602, 'sigma_update': 0.2457548254010206, 'eta_learning': 0.44233533405888836, 'sigma_boundary': 0.5086904560979666, 'alpha': 0.6377897600236103}. Best is trial 151 with value: 0.019426354158191418.
[I 2026-03-06 05:49:42,373] Trial 169 finished with value: 0.0704367058208718 and parameters: {'sigma_noise': 0.11769928077116353, 'A_repulsion': 0.14311460175793728, 'gamma': 0.5543499586448323, 'sigma_update': 0.25070050740574334, 'eta_learning': 1.3839065421597785, 'sigma_boundary': 1.706304987904869, 'alpha': 0.5179304150319517}. Best is trial 151 with value: 0.019426354158191418.
