[I 2026-03-24 18:16:38,812] Trial 112 finished with value: 0.020836013497662263 and parameters: {'sigma_noise': 0.15454691080939753, 'A_repulsion': 0.4455452181292482, 'gamma': 0.4525998100057181, 'sigma_update': 0.2793443159306555, 'eta_learning': 0.08232744620104232, 'sigma_boundary': 8.270671721968156, 'alpha': 0.9092018715132715}. Best is trial 100 with value: 0.015416549176138852.
[I 2026-03-24 18:16:42,710] Trial 117 finished with value: 0.02292208125265213 and parameters: {'sigma_noise': 0.05588574934919198, 'A_repulsion': 0.47387279640565183, 'gamma': 0.3872923594635926, 'sigma_update': 0.27988377323338914, 'eta_learning': 0.13721892932760282, 'sigma_boundary': 8.050262597332166, 'alpha': 0.899290546730974}. Best is trial 100 with value: 0.015416549176138852.
[I 2026-03-24 18:16:43,139] Trial 113 finished with value: 0.020488075561174553 and parameters: {'sigma_noise': 0.15882301926248354, 'A_repulsion': 0.3966815174492362, 'gamma': 0.398878908132707, 'sigma_update': 0.2777075673783113, 'eta_learning': 0.13874114579289834, 'sigma_boundary': 8.178319634217106, 'alpha': 0.8966971573087181}. Best is trial 100 with value: 0.015416549176138852.
[I 2026-03-24 18:16:44,718] Trial 114 finished with value: 0.02314078458213266 and parameters: {'sigma_noise': 0.15729581801025366, 'A_repulsion': 0.3943706894291653, 'gamma': 0.3980545060163757, 'sigma_update': 0.28530852523538736, 'eta_learning': 0.11671470257494795, 'sigma_boundary': 8.032619064075678, 'alpha': 0.9181079163308965}. Best is trial 100 with value: 0.015416549176138852.
[I 2026-03-24 18:16:48,281] Trial 115 finished with value: 0.019314544445293944 and parameters: {'sigma_noise': 0.15946223267297763, 'A_repulsion': 0.4708794024037455, 'gamma': 0.43385238508144985, 'sigma_update': 0.28307144630992237, 'eta_learning': 0.11585677350647863, 'sigma_boundary': 8.136311153284629, 'alpha': 0.9013953340831565}. Best is trial 100 with value: 0.015416549176138852.
[I 2026-03-24 18:16:49,058] Trial 118 finished with value: 0.0195412348743521 and parameters: {'sigma_noise': 0.15872487362069287, 'A_repulsion': 0.39565251778129384, 'gamma': 0.39407381518305795, 'sigma_update': 0.2729414724779488, 'eta_learning': 0.0807244642336591, 'sigma_boundary': 8.411145816738568, 'alpha': 0.9074911045287557}. Best is trial 100 with value: 0.015416549176138852.
[I 2026-03-24 18:16:49,571] Trial 116 finished with value: 0.016372210113984417 and parameters: {'sigma_noise': 0.1628688567073694, 'A_repulsion': 0.43998446487892734, 'gamma': 0.5163926464304938, 'sigma_update': 0.27615812230219194, 'eta_learning': 0.08018905313838734, 'sigma_boundary': 8.391345150022385, 'alpha': 0.9037839697955506}. Best is trial 100 with value: 0.015416549176138852.
[I 2026-03-24 18:17:04,409] Trial 120 finished with value: 0.02017328447876262 and parameters: {'sigma_noise': 0.1571076400485488, 'A_repulsion': 0.39325997742734026, 'gamma': 0.43816850517799, 'sigma_update': 0.2781579892817179, 'eta_learning': 0.11512714429690935, 'sigma_boundary': 8.048238938389312, 'alpha': 0.9096794814210456}. Best is trial 100 with value: 0.015416549176138852.
[I 2026-03-24 18:17:05,410] Trial 119 finished with value: 0.01629677644968628 and parameters: {'sigma_noise': 0.16160974913438916, 'A_repulsion': 0.38996084994313174, 'gamma': 0.429491572880454, 'sigma_update': 0.23276418016555117, 'eta_learning': 0.11590401947949826, 'sigma_boundary': 8.243189800358484, 'alpha': 0.8979343035748211}. Best is trial 100 with value: 0.015416549176138852.
[I 2026-03-24 18:17:06,658] Trial 121 finished with value: 0.026868562762035385 and parameters: {'sigma_noise': 0.15507815277938677, 'A_repulsion': 0.39434625717156313, 'gamma': 0.38773546421219907, 'sigma_update': 0.2797881177922492, 'eta_learning': 0.058496219162549774, 'sigma_boundary': 1.1571804810421562, 'alpha': 0.905320767291421}. Best is trial 100 with value: 0.015416549176138852.
[I 2026-03-24 18:17:12,607] Trial 122 finished with value: 0.0180671048196092 and parameters: {'sigma_noise': 0.15297996433857225, 'A_repulsion': 0.3929770726575388, 'gamma': 0.48253880435750174, 'sigma_update': 0.2748866752351273, 'eta_learning': 0.11608465742093235, 'sigma_boundary': 8.12294083051644, 'alpha': 0.9003234141881697}. Best is trial 100 with value: 0.015416549176138852.
[I 2026-03-24 18:17:15,627] Trial 124 finished with value: 0.027261286455325127 and parameters: {'sigma_noise': 0.055176086957594725, 'A_repulsion': 0.39374245085762094, 'gamma': 0.398706613036212, 'sigma_update': 0.2870193433419422, 'eta_learning': 0.07880789494521757, 'sigma_boundary': 1.2053097450286625, 'alpha': 0.8972425558935242}. Best is trial 100 with value: 0.015416549176138852.
[I 2026-03-24 18:17:17,031] Trial 123 finished with value: 0.017066046620930687 and parameters: {'sigma_noise': 0.15138302439499712, 'A_repulsion': 0.39420948784149445, 'gamma': 0.5172495132132575, 'sigma_update': 0.2751395341182395, 'eta_learning': 0.1177080237804602, 'sigma_boundary': 8.791294384276917, 'alpha': 0.9079722188820408}. Best is trial 100 with value: 0.015416549176138852.
[I 2026-03-24 18:17:17,989] Trial 125 finished with value: 0.019215164339957957 and parameters: {'sigma_noise': 0.05480278303503365, 'A_repulsion': 0.3927532739125708, 'gamma': 0.7644902412736189, 'sigma_update': 0.37930749454858664, 'eta_learning': 0.11752353471707089, 'sigma_boundary': 9.080851650999985, 'alpha': 0.8968079881431547}. Best is trial 100 with value: 0.015416549176138852.
[I 2026-03-24 18:17:29,246] Trial 127 finished with value: 0.026165234797975438 and parameters: {'sigma_noise': 0.15090277214252776, 'A_repulsion': 0.390293869582936, 'gamma': 0.5018955974559868, 'sigma_update': 0.37515458072050367, 'eta_learning': 0.07892710823016894, 'sigma_boundary': 8.945159664912572, 'alpha': 0.9364892514112629}. Best is trial 100 with value: 0.015416549176138852.
[I 2026-03-24 18:17:30,932] Trial 129 finished with value: 0.02046835540088669 and parameters: {'sigma_noise': 0.05720464825110402, 'A_repulsion': 0.38992545759083086, 'gamma': 0.7649076652225746, 'sigma_update': 0.2920507984494294, 'eta_learning': 0.11577443600926231, 'sigma_boundary': 8.713631123627241, 'alpha': 0.9455062526668154}. Best is trial 100 with value: 0.015416549176138852.
[I 2026-03-24 18:17:32,781] Trial 126 finished with value: 0.02069502044893556 and parameters: {'sigma_noise': 0.14905965140053146, 'A_repulsion': 0.3931022007705089, 'gamma': 0.7721547928528459, 'sigma_update': 0.37159114649871183, 'eta_learning': 0.07845978660609484, 'sigma_boundary': 8.788633384305031, 'alpha': 0.9201004979933436}. Best is trial 100 with value: 0.015416549176138852.
[I 2026-03-24 18:17:35,137] Trial 128 finished with value: 0.04311057684251185 and parameters: {'sigma_noise': 0.19928736493191432, 'A_repulsion': 0.3933018890562659, 'gamma': 0.5017812069071136, 'sigma_update': 0.38512644228222004, 'eta_learning': 0.11724176042525059, 'sigma_boundary': 8.86927615907835, 'alpha': 0.9358618573086911}. Best is trial 100 with value: 0.015416549176138852.
[I 2026-03-24 18:17:42,511] Trial 131 finished with value: 0.01695721855969066 and parameters: {'sigma_noise': 0.19000124445811858, 'A_repulsion': 0.39519050683009227, 'gamma': 0.5012633574780763, 'sigma_update': 0.22865333979202504, 'eta_learning': 0.07838512562526936, 'sigma_boundary': 8.759342985421585, 'alpha': 0.9356483587296053}. Best is trial 100 with value: 0.015416549176138852.
[I 2026-03-24 18:17:43,185] Trial 130 finished with value: 0.02003438699090633 and parameters: {'sigma_noise': 0.18073423061175503, 'A_repulsion': 0.3938424148688092, 'gamma': 0.4885842815707768, 'sigma_update': 0.24981821300573318, 'eta_learning': 0.11730338788787248, 'sigma_boundary': 0.15088839794036746, 'alpha': 0.9370353654358216}. Best is trial 100 with value: 0.015416549176138852.
[I 2026-03-24 18:17:47,113] Trial 132 finished with value: 0.01871675394987269 and parameters: {'sigma_noise': 0.1840273893140533, 'A_repulsion': 0.48013487364766333, 'gamma': 0.47897182387813625, 'sigma_update': 0.23031869677710715, 'eta_learning': 0.11666087638264712, 'sigma_boundary': 8.93613597391753, 'alpha': 0.935142447092861}. Best is trial 100 with value: 0.015416549176138852.
[I 2026-03-24 18:17:54,370] Trial 135 finished with value: 0.012217167660486892 and parameters: {'sigma_noise': 0.17375515271172895, 'A_repulsion': 0.3874062604311582, 'gamma': 0.5164159833530605, 'sigma_update': 0.22996477014244243, 'eta_learning': 0.11526275526838657, 'sigma_boundary': 8.915098802557843, 'alpha': 0.9413205412850765}. Best is trial 135 with value: 0.012217167660486892.
[I 2026-03-24 18:17:54,920] Trial 134 finished with value: 0.016323774820696652 and parameters: {'sigma_noise': 0.17772237859426884, 'A_repulsion': 0.4886619401404645, 'gamma': 0.49940212824477637, 'sigma_update': 0.21756499708177934, 'eta_learning': 0.12827139665193463, 'sigma_boundary': 8.865623508360356, 'alpha': 0.9322376758911042}. Best is trial 135 with value: 0.012217167660486892.
[I 2026-03-24 18:17:55,794] Trial 137 finished with value: 0.015572390572113421 and parameters: {'sigma_noise': 0.14786388085479593, 'A_repulsion': 0.3908223306973472, 'gamma': 0.5071607595395853, 'sigma_update': 0.2390984764356756, 'eta_learning': 0.1154460915976952, 'sigma_boundary': 7.439169613063992, 'alpha': 0.9352964899574716}. Best is trial 135 with value: 0.012217167660486892.
[I 2026-03-24 18:17:57,531] Trial 136 finished with value: 0.015323466941853464 and parameters: {'sigma_noise': 0.18015177431277263, 'A_repulsion': 0.3941647685929311, 'gamma': 0.4953755311194733, 'sigma_update': 0.23568365712704314, 'eta_learning': 0.11574498610021586, 'sigma_boundary': 8.957831155244877, 'alpha': 0.9364270554203237}. Best is trial 135 with value: 0.012217167660486892.
[I 2026-03-24 18:18:01,038] Trial 133 finished with value: 0.02467233074205631 and parameters: {'sigma_noise': 0.200505271059498, 'A_repulsion': 0.48157957906309984, 'gamma': 0.5141234577063823, 'sigma_update': 0.22554371222681388, 'eta_learning': 0.11561667849693487, 'sigma_boundary': 8.877676282783899, 'alpha': 0.9402932448522425}. Best is trial 135 with value: 0.012217167660486892.
[I 2026-03-24 18:18:07,294] Trial 141 finished with value: 0.014474851583935846 and parameters: {'sigma_noise': 0.17795026302212652, 'A_repulsion': 0.48627018627035207, 'gamma': 0.5159760138255218, 'sigma_update': 0.24429598987587575, 'eta_learning': 0.12834817287957292, 'sigma_boundary': 8.779443700221622, 'alpha': 0.9424667496007417}. Best is trial 135 with value: 0.012217167660486892.
[I 2026-03-24 18:18:09,666] Trial 138 finished with value: 0.020311732658512112 and parameters: {'sigma_noise': 0.18694904631927237, 'A_repulsion': 0.48769193743105166, 'gamma': 0.4877494461902105, 'sigma_update': 0.22148060802983816, 'eta_learning': 0.11611886973999527, 'sigma_boundary': 8.79134845804462, 'alpha': 0.8606926235297376}. Best is trial 135 with value: 0.012217167660486892.
[I 2026-03-24 18:18:11,331] Trial 139 finished with value: 0.01628633290698027 and parameters: {'sigma_noise': 0.18545964572230578, 'A_repulsion': 0.48463457863386233, 'gamma': 0.5173612544458869, 'sigma_update': 0.23335473476670127, 'eta_learning': 0.11549331681222749, 'sigma_boundary': 8.972517327774865, 'alpha': 0.9356412473318494}. Best is trial 135 with value: 0.012217167660486892.
[I 2026-03-24 18:18:11,820] Trial 140 finished with value: 0.017734885676081412 and parameters: {'sigma_noise': 0.1803375030680012, 'A_repulsion': 0.49397505564059374, 'gamma': 0.5176783056207594, 'sigma_update': 0.2363804141147181, 'eta_learning': 0.12672860377531442, 'sigma_boundary': 8.766228356899022, 'alpha': 0.9320966671175871}. Best is trial 135 with value: 0.012217167660486892.
[I 2026-03-24 18:18:12,121] Trial 142 finished with value: 0.014321467843671368 and parameters: {'sigma_noise': 0.1804614042333748, 'A_repulsion': 0.4803877764519565, 'gamma': 0.5087638662460248, 'sigma_update': 0.2341150358211878, 'eta_learning': 0.07536120351006853, 'sigma_boundary': 8.861217684966931, 'alpha': 0.9451230022823335}. Best is trial 135 with value: 0.012217167660486892.
[I 2026-03-24 18:18:18,079] Trial 145 finished with value: 0.014418400914855118 and parameters: {'sigma_noise': 0.17629060866235943, 'A_repulsion': 0.35884856543202537, 'gamma': 0.4934386326019344, 'sigma_update': 0.24403770601857805, 'eta_learning': 0.12595427918137275, 'sigma_boundary': 8.813013449545, 'alpha': 0.9425457571830564}. Best is trial 135 with value: 0.012217167660486892.
[I 2026-03-24 18:18:22,300] Trial 143 finished with value: 0.018673297242420797 and parameters: {'sigma_noise': 0.18167944729857777, 'A_repulsion': 0.4825686859869949, 'gamma': 0.4862816515347214, 'sigma_update': 0.2466625821868082, 'eta_learning': 0.12372441674802334, 'sigma_boundary': 8.949199454351435, 'alpha': 0.9354216299187197}. Best is trial 135 with value: 0.012217167660486892.
[I 2026-03-24 18:18:22,950] Trial 144 finished with value: 0.015473281416050443 and parameters: {'sigma_noise': 0.17844310030321536, 'A_repulsion': 0.35650995279738856, 'gamma': 0.5025133842957332, 'sigma_update': 0.22873044182554947, 'eta_learning': 0.07542484772955316, 'sigma_boundary': 8.831468227352165, 'alpha': 0.9419024825551527}. Best is trial 135 with value: 0.012217167660486892.
[I 2026-03-24 18:18:33,642] Trial 146 finished with value: 0.014012457925759121 and parameters: {'sigma_noise': 0.1823952667202075, 'A_repulsion': 0.48146356521629263, 'gamma': 0.5034095155717371, 'sigma_update': 0.22870142362086923, 'eta_learning': 0.07551996706972823, 'sigma_boundary': 8.88365818820868, 'alpha': 0.8643123316289764}. Best is trial 135 with value: 0.012217167660486892.
[I 2026-03-24 18:18:37,448] Trial 149 finished with value: 0.020421211991520184 and parameters: {'sigma_noise': 0.1881609163279845, 'A_repulsion': 0.4842620726281917, 'gamma': 0.5178943866710308, 'sigma_update': 0.22308963896019104, 'eta_learning': 0.12554101931486403, 'sigma_boundary': 8.705755077817113, 'alpha': 0.9415411999572899}. Best is trial 135 with value: 0.012217167660486892.
[I 2026-03-24 18:18:38,898] Trial 147 finished with value: 0.023285085412162797 and parameters: {'sigma_noise': 0.18125987029235394, 'A_repulsion': 0.49073861054818413, 'gamma': 0.3193972269619818, 'sigma_update': 0.23342801076679354, 'eta_learning': 0.12650120120179206, 'sigma_boundary': 8.857221036216336, 'alpha': 0.9519365057169932}. Best is trial 135 with value: 0.012217167660486892.
[I 2026-03-24 18:18:40,617] Trial 148 finished with value: 0.026412072106233263 and parameters: {'sigma_noise': 0.19727521673600557, 'A_repulsion': 0.4892971388378863, 'gamma': 0.4989883034396722, 'sigma_update': 0.21834665893067978, 'eta_learning': 0.12768533656076517, 'sigma_boundary': 8.794876278593737, 'alpha': 0.9431856258667379}. Best is trial 135 with value: 0.012217167660486892.
[I 2026-03-24 18:18:43,682] Trial 150 finished with value: 0.018966104759461262 and parameters: {'sigma_noise': 0.17871136068550703, 'A_repulsion': 0.3521197402274716, 'gamma': 0.5254334334043065, 'sigma_update': 0.20199669123439168, 'eta_learning': 0.12166553192943863, 'sigma_boundary': 8.599834022186796, 'alpha': 0.9488725684930427}. Best is trial 135 with value: 0.012217167660486892.
[I 2026-03-24 18:18:46,647] Trial 153 finished with value: 0.014528586425419977 and parameters: {'sigma_noise': 0.1820589760741178, 'A_repulsion': 0.35260062301405665, 'gamma': 0.5339888454049946, 'sigma_update': 0.22538360693728252, 'eta_learning': 0.12172380628809748, 'sigma_boundary': 7.486102031549377, 'alpha': 0.8589488165241654}. Best is trial 135 with value: 0.012217167660486892.
[I 2026-03-24 18:18:52,287] Trial 152 finished with value: 0.013318162226791677 and parameters: {'sigma_noise': 0.17617598562672157, 'A_repulsion': 0.4794403711511347, 'gamma': 0.526371328766793, 'sigma_update': 0.230594382094327, 'eta_learning': 0.07425682446980995, 'sigma_boundary': 7.552055870804683, 'alpha': 0.9537505891328724}. Best is trial 135 with value: 0.012217167660486892.
[I 2026-03-24 18:18:54,344] Trial 154 finished with value: 0.012000842569043567 and parameters: {'sigma_noise': 0.1779110506586524, 'A_repulsion': 0.35312976397127993, 'gamma': 0.518492831847022, 'sigma_update': 0.23453999258108482, 'eta_learning': 0.12303795349231623, 'sigma_boundary': 0.1396294640862848, 'alpha': 0.8682852860540282}. Best is trial 154 with value: 0.012000842569043567.
[I 2026-03-24 18:18:56,715] Trial 151 finished with value: 0.01987112446317414 and parameters: {'sigma_noise': 0.1889962596123238, 'A_repulsion': 0.4852983405876714, 'gamma': 0.5306275615394904, 'sigma_update': 0.22577443063933955, 'eta_learning': 0.12056737771399244, 'sigma_boundary': 7.4208145436311295, 'alpha': 0.9785297579670831}. Best is trial 154 with value: 0.012000842569043567.
[I 2026-03-24 18:18:57,123] Trial 155 finished with value: 0.014629703910837668 and parameters: {'sigma_noise': 0.1877696545809562, 'A_repulsion': 0.35449558311593216, 'gamma': 0.5305304144092919, 'sigma_update': 0.2198626363734325, 'eta_learning': 0.1256876427419231, 'sigma_boundary': 7.6155499338531065, 'alpha': 0.8625845822841639}. Best is trial 154 with value: 0.012000842569043567.
[I 2026-03-24 18:19:06,521] Trial 156 finished with value: 0.011198489343136848 and parameters: {'sigma_noise': 0.1739924462806765, 'A_repulsion': 0.4369232877112716, 'gamma': 0.527937199515644, 'sigma_update': 0.22485486715523548, 'eta_learning': 0.1225385340376069, 'sigma_boundary': 7.455857031829625, 'alpha': 0.8602698844310899}. Best is trial 156 with value: 0.011198489343136848.
[I 2026-03-24 18:19:11,141] Trial 159 finished with value: 0.014681859263456465 and parameters: {'sigma_noise': 0.18622424379694577, 'A_repulsion': 0.36754266166293753, 'gamma': 0.5299207531131724, 'sigma_update': 0.22287158260448678, 'eta_learning': 0.12484945642671375, 'sigma_boundary': 7.390713365853697, 'alpha': 0.8606838448033282}. Best is trial 156 with value: 0.011198489343136848.
[I 2026-03-24 18:19:12,977] Trial 161 finished with value: 0.018048502357686055 and parameters: {'sigma_noise': 0.17560811209659233, 'A_repulsion': 0.3540971440495997, 'gamma': 0.5433303257394341, 'sigma_update': 0.180705185940406, 'eta_learning': 0.12295639876811522, 'sigma_boundary': 7.681355560395424, 'alpha': 0.8606921168997862}. Best is trial 156 with value: 0.011198489343136848.
[I 2026-03-24 18:19:13,013] Trial 157 finished with value: 0.014990327592962918 and parameters: {'sigma_noise': 0.19032037902434204, 'A_repulsion': 0.35465882569373924, 'gamma': 0.5262881632284041, 'sigma_update': 0.21887719190168342, 'eta_learning': 0.12823541428893767, 'sigma_boundary': 7.547845318533895, 'alpha': 0.8574047351485038}. Best is trial 156 with value: 0.011198489343136848.
[I 2026-03-24 18:19:15,303] Trial 160 finished with value: 0.013402789248074195 and parameters: {'sigma_noise': 0.1910772609376729, 'A_repulsion': 0.3706798624984466, 'gamma': 0.5451267462933439, 'sigma_update': 0.2190571149151916, 'eta_learning': 0.12520586019268667, 'sigma_boundary': 7.464689461208281, 'alpha': 0.8588310245074261}. Best is trial 156 with value: 0.011198489343136848.
[I 2026-03-24 18:19:15,887] Trial 158 finished with value: 0.014219239086536713 and parameters: {'sigma_noise': 0.17473949249371631, 'A_repulsion': 0.4947148300489298, 'gamma': 0.5465515161537016, 'sigma_update': 0.22066783000585855, 'eta_learning': 0.12635869852980547, 'sigma_boundary': 7.603854360548551, 'alpha': 0.8551795585409434}. Best is trial 156 with value: 0.011198489343136848.
[I 2026-03-24 18:19:23,753] Trial 165 finished with value: 0.01852536687644742 and parameters: {'sigma_noise': 0.17230213779757803, 'A_repulsion': 0.36687332658129385, 'gamma': 0.5732700996816096, 'sigma_update': 0.18551223326121857, 'eta_learning': 0.12228253081286307, 'sigma_boundary': 9.241244136526376, 'alpha': 0.9699253813152938}. Best is trial 156 with value: 0.011198489343136848.
[I 2026-03-24 18:19:27,650] Trial 162 finished with value: 0.01582243417589105 and parameters: {'sigma_noise': 0.19135096789051526, 'A_repulsion': 0.36809206274360284, 'gamma': 0.5512417615953957, 'sigma_update': 0.1910173834790368, 'eta_learning': 0.1263440798112337, 'sigma_boundary': 7.438288386813058, 'alpha': 0.8650423732535453}. Best is trial 156 with value: 0.011198489343136848.
[I 2026-03-24 18:19:29,374] Trial 166 finished with value: 0.022437122076326994 and parameters: {'sigma_noise': 0.17479245477143732, 'A_repulsion': 0.3653551738659747, 'gamma': 0.5499847864693562, 'sigma_update': 0.19623140590158944, 'eta_learning': 0.12466877639637597, 'sigma_boundary': 7.570529211094584, 'alpha': 0.9784581808657579}. Best is trial 156 with value: 0.011198489343136848.
[I 2026-03-24 18:19:30,250] Trial 163 finished with value: 0.021622313068909993 and parameters: {'sigma_noise': 0.17404018447456499, 'A_repulsion': 0.43585005771767615, 'gamma': 0.5516251035752592, 'sigma_update': 0.16954388898489062, 'eta_learning': 0.12588605072662923, 'sigma_boundary': 8.534169393672535, 'alpha': 0.9791234991275474}. Best is trial 156 with value: 0.011198489343136848.
[I 2026-03-24 18:19:32,199] Trial 164 finished with value: 0.019667079927264203 and parameters: {'sigma_noise': 0.1742958266495593, 'A_repulsion': 0.49716194926960167, 'gamma': 0.5376501618469924, 'sigma_update': 0.17987527702730288, 'eta_learning': 0.12557742315054815, 'sigma_boundary': 7.634008647166424, 'alpha': 0.9845177692388124}. Best is trial 156 with value: 0.011198489343136848.
[I 2026-03-24 18:19:32,958] Trial 167 finished with value: 0.023477524106623435 and parameters: {'sigma_noise': 0.17551910284222064, 'A_repulsion': 0.36142757350125315, 'gamma': 0.5443167513181324, 'sigma_update': 0.17895811114042717, 'eta_learning': 0.12347498941105882, 'sigma_boundary': 7.507215370273396, 'alpha': 0.9724581641016694}. Best is trial 156 with value: 0.011198489343136848.
