[I 2026-03-24 18:19:37,405] Trial 168 finished with value: 0.02541198423157544 and parameters: {'sigma_noise': 0.1737059728878223, 'A_repulsion': 0.35923618828653425, 'gamma': 0.5433031265285961, 'sigma_update': 0.19461640383759304, 'eta_learning': 0.13177913432738744, 'sigma_boundary': 7.572720770650264, 'alpha': 0.9649859453929548}. Best is trial 156 with value: 0.011198489343136848.
[I 2026-03-24 18:19:42,826] Trial 169 finished with value: 0.022928155998046595 and parameters: {'sigma_noise': 0.21930310425461547, 'A_repulsion': 0.36891807346955047, 'gamma': 0.5491678839133544, 'sigma_update': 0.18946300494470775, 'eta_learning': 0.1319212552672738, 'sigma_boundary': 7.633894781358336, 'alpha': 0.9760020678339583}. Best is trial 156 with value: 0.011198489343136848.
[I 2026-03-24 18:19:50,627] Trial 170 finished with value: 0.026003889971328582 and parameters: {'sigma_noise': 0.17361049895470196, 'A_repulsion': 0.3583415404793838, 'gamma': 0.544395871040696, 'sigma_update': 0.18937247163191878, 'eta_learning': 0.13333583566343082, 'sigma_boundary': 7.644351336586344, 'alpha': 0.9789487345432393}. Best is trial 156 with value: 0.011198489343136848.
[I 2026-03-24 18:19:51,250] Trial 171 finished with value: 0.01556326456994559 and parameters: {'sigma_noise': 0.17408494805373814, 'A_repulsion': 0.3544855665834621, 'gamma': 0.5539492348359414, 'sigma_update': 0.19545665071608737, 'eta_learning': 0.13074061560270647, 'sigma_boundary': 7.441487026165172, 'alpha': 0.9624391427550215}. Best is trial 156 with value: 0.011198489343136848.
[I 2026-03-24 18:19:52,821] Trial 172 finished with value: 0.01756327698480418 and parameters: {'sigma_noise': 0.19289920207173522, 'A_repulsion': 0.348056299249066, 'gamma': 0.563770600803525, 'sigma_update': 0.17816277820639342, 'eta_learning': 0.12139617979428295, 'sigma_boundary': 9.245977121397399, 'alpha': 0.9800027936373894}. Best is trial 156 with value: 0.011198489343136848.
[I 2026-03-24 18:19:55,032] Trial 173 finished with value: 0.020512770620558216 and parameters: {'sigma_noise': 0.17187360730753362, 'A_repulsion': 0.3681989719213402, 'gamma': 0.5523276744509843, 'sigma_update': 0.1846106643845477, 'eta_learning': 0.13224264286387857, 'sigma_boundary': 7.669455660326356, 'alpha': 0.9639316046855241}. Best is trial 156 with value: 0.011198489343136848.
[I 2026-03-24 18:19:58,487] Trial 175 finished with value: 0.01725232038101786 and parameters: {'sigma_noise': 0.17314316563972376, 'A_repulsion': 0.37383702662524887, 'gamma': 0.5514709570510647, 'sigma_update': 0.17556090286923845, 'eta_learning': 0.1333454406280537, 'sigma_boundary': 7.577484707176474, 'alpha': 0.9823822686915339}. Best is trial 156 with value: 0.011198489343136848.
[I 2026-03-24 18:20:02,531] Trial 174 finished with value: 0.02381883012601903 and parameters: {'sigma_noise': 0.17352343066449138, 'A_repulsion': 0.36486898518555433, 'gamma': 0.5517641450891202, 'sigma_update': 0.17531404405932982, 'eta_learning': 0.13344658640350465, 'sigma_boundary': 7.469683879167571, 'alpha': 0.9706695036874444}. Best is trial 156 with value: 0.011198489343136848.
[I 2026-03-24 18:20:07,647] Trial 179 finished with value: 0.02180783932112324 and parameters: {'sigma_noise': 0.17463685623534186, 'A_repulsion': 0.3625541111783843, 'gamma': 0.5815549763938722, 'sigma_update': 0.1754480657582639, 'eta_learning': 0.13302382314934605, 'sigma_boundary': 7.582766142218957, 'alpha': 0.9766539481910709}. Best is trial 156 with value: 0.011198489343136848.
[I 2026-03-24 18:20:08,530] Trial 176 finished with value: 0.02592874360878423 and parameters: {'sigma_noise': 0.1728915076147141, 'A_repulsion': 0.3662486718860201, 'gamma': 0.5571394890432392, 'sigma_update': 0.1571550595498643, 'eta_learning': 0.11305450692727466, 'sigma_boundary': 7.539115237288709, 'alpha': 0.9784355428820314}. Best is trial 156 with value: 0.011198489343136848.
[I 2026-03-24 18:20:15,014] Trial 177 finished with value: 0.016896379429608137 and parameters: {'sigma_noise': 0.2185975302116859, 'A_repulsion': 0.36979878677908495, 'gamma': 0.5551964315670008, 'sigma_update': 0.18040755013881, 'eta_learning': 0.11191162991293482, 'sigma_boundary': 9.212173789217047, 'alpha': 0.8645348335198888}. Best is trial 156 with value: 0.011198489343136848.
[I 2026-03-24 18:20:16,521] Trial 178 finished with value: 0.021406795037714647 and parameters: {'sigma_noise': 0.2125996057138031, 'A_repulsion': 0.3546997396338717, 'gamma': 0.5639180151758624, 'sigma_update': 0.1724966558799597, 'eta_learning': 0.07426362800879638, 'sigma_boundary': 7.575491184828756, 'alpha': 0.9740284234774634}. Best is trial 156 with value: 0.011198489343136848.
[I 2026-03-24 18:20:19,908] Trial 180 finished with value: 0.01776921068473665 and parameters: {'sigma_noise': 0.17536014466722608, 'A_repulsion': 0.36560846590874163, 'gamma': 0.5781648928670696, 'sigma_update': 0.1775314999043677, 'eta_learning': 0.1341726444234953, 'sigma_boundary': 7.627545457382223, 'alpha': 0.8507092547284917}. Best is trial 156 with value: 0.011198489343136848.
[I 2026-03-24 18:20:22,346] Trial 183 finished with value: 0.01552343202624461 and parameters: {'sigma_noise': 0.17186539836032624, 'A_repulsion': 0.2975551278631884, 'gamma': 0.5816214120131201, 'sigma_update': 0.1703054733224353, 'eta_learning': 0.13202697513667697, 'sigma_boundary': 7.434899856165037, 'alpha': 0.968829375428201}. Best is trial 156 with value: 0.011198489343136848.
[I 2026-03-24 18:20:22,697] Trial 184 finished with value: 0.015755046368873385 and parameters: {'sigma_noise': 0.17209110096611901, 'A_repulsion': 0.3653154697515408, 'gamma': 0.5715813164227429, 'sigma_update': 0.18704149590489247, 'eta_learning': 0.13298761348416285, 'sigma_boundary': 7.779918171341149, 'alpha': 0.7749491955518635}. Best is trial 156 with value: 0.011198489343136848.
[I 2026-03-24 18:20:25,219] Trial 181 finished with value: 0.011921340597325173 and parameters: {'sigma_noise': 0.17188194852533192, 'A_repulsion': 0.35799585776787274, 'gamma': 0.5800545024113865, 'sigma_update': 0.2005428163917839, 'eta_learning': 0.07450930384715168, 'sigma_boundary': 7.477458847418593, 'alpha': 0.8449461785248891}. Best is trial 156 with value: 0.011198489343136848.
[I 2026-03-24 18:20:26,507] Trial 182 finished with value: 0.02234798899925789 and parameters: {'sigma_noise': 0.20784531712354906, 'A_repulsion': 0.3341100173029843, 'gamma': 0.5798710000647921, 'sigma_update': 0.17653017450729974, 'eta_learning': 0.133299533344118, 'sigma_boundary': 7.485742071173604, 'alpha': 0.9734025632922153}. Best is trial 156 with value: 0.011198489343136848.
[I 2026-03-24 18:20:31,351] Trial 185 finished with value: 0.015851054835352284 and parameters: {'sigma_noise': 0.2095144346803003, 'A_repulsion': 0.3696183149684419, 'gamma': 0.5901947802250409, 'sigma_update': 0.1722625133630357, 'eta_learning': 0.1373935993278734, 'sigma_boundary': 7.329048559572899, 'alpha': 0.8397973881462822}. Best is trial 156 with value: 0.011198489343136848.
[I 2026-03-24 18:20:34,193] Trial 186 finished with value: 0.017543218657301306 and parameters: {'sigma_noise': 0.21759597394623348, 'A_repulsion': 0.3345188697451608, 'gamma': 0.5577401967242559, 'sigma_update': 0.19594355810489572, 'eta_learning': 0.13132183823746565, 'sigma_boundary': 7.760735230309838, 'alpha': 0.8442149845401469}. Best is trial 156 with value: 0.011198489343136848.
[I 2026-03-24 18:20:35,748] Trial 190 finished with value: 0.01644098445487085 and parameters: {'sigma_noise': 0.19460596857515444, 'A_repulsion': 0.33693925282736004, 'gamma': 0.5804119949479585, 'sigma_update': 0.20694939864502987, 'eta_learning': 0.13393330432794937, 'sigma_boundary': 7.2973368675694985, 'alpha': 0.8723668166315477}. Best is trial 156 with value: 0.011198489343136848.
[I 2026-03-24 18:20:36,555] Trial 187 finished with value: 0.01948177013594709 and parameters: {'sigma_noise': 0.2133646182194284, 'A_repulsion': 0.33901754380765897, 'gamma': 0.5835150390110881, 'sigma_update': 0.1561864377495653, 'eta_learning': 0.13250724346208134, 'sigma_boundary': 7.5977683621997265, 'alpha': 0.8446304366461912}. Best is trial 156 with value: 0.011198489343136848.
[I 2026-03-24 18:20:36,893] Trial 189 finished with value: 0.019666697349318456 and parameters: {'sigma_noise': 0.21158652788807816, 'A_repulsion': 0.3391853861747087, 'gamma': 0.5762806965817643, 'sigma_update': 0.20695442704834083, 'eta_learning': 0.13464257211813815, 'sigma_boundary': 7.7613114688631875, 'alpha': 0.774012029844662}. Best is trial 156 with value: 0.011198489343136848.
[I 2026-03-24 18:20:38,669] Trial 191 finished with value: 0.018701158378038173 and parameters: {'sigma_noise': 0.21546027046644262, 'A_repulsion': 0.3419070603586605, 'gamma': 0.5954893870855076, 'sigma_update': 0.20886551041204704, 'eta_learning': 0.1340798920576693, 'sigma_boundary': 9.439221932917235, 'alpha': 0.8442721947655605}. Best is trial 156 with value: 0.011198489343136848.
[I 2026-03-24 18:20:39,768] Trial 188 finished with value: 0.022078190953009388 and parameters: {'sigma_noise': 0.20990382005221403, 'A_repulsion': 0.4994358371309513, 'gamma': 0.596283427584505, 'sigma_update': 0.1596389152346839, 'eta_learning': 0.13513038723865192, 'sigma_boundary': 7.291204131759275, 'alpha': 0.7772126801871515}. Best is trial 156 with value: 0.011198489343136848.
[I 2026-03-24 18:20:40,016] Trial 192 finished with value: 0.016969480785152227 and parameters: {'sigma_noise': 0.19440098817035195, 'A_repulsion': 0.33559493675254193, 'gamma': 0.5977769337465924, 'sigma_update': 0.20726420598019202, 'eta_learning': 0.13438989086584388, 'sigma_boundary': 7.818799308981565, 'alpha': 0.844551730912123}. Best is trial 156 with value: 0.011198489343136848.
[I 2026-03-24 18:20:41,194] Trial 193 finished with value: 0.019899575296894643 and parameters: {'sigma_noise': 0.19556022555318375, 'A_repulsion': 0.3373417576170953, 'gamma': 0.6067873248363663, 'sigma_update': 0.25258909250700773, 'eta_learning': 0.135896804300498, 'sigma_boundary': 7.2367097784279135, 'alpha': 0.784560157442234}. Best is trial 156 with value: 0.011198489343136848.
[I 2026-03-24 18:20:43,446] Trial 194 finished with value: 0.018191958683333967 and parameters: {'sigma_noise': 0.21272201868626336, 'A_repulsion': 0.34257124366860686, 'gamma': 0.601471835496284, 'sigma_update': 0.24945416381027313, 'eta_learning': 0.07234759407705799, 'sigma_boundary': 7.842605945730546, 'alpha': 0.7789549911095397}. Best is trial 156 with value: 0.011198489343136848.
[I 2026-03-24 18:20:43,514] Trial 195 finished with value: 0.02054178456520556 and parameters: {'sigma_noise': 0.2062937630422683, 'A_repulsion': 0.3382717265631043, 'gamma': 0.5921545649073511, 'sigma_update': 0.158214271757018, 'eta_learning': 0.14266260201500858, 'sigma_boundary': 7.172038114012772, 'alpha': 0.8742148567628729}. Best is trial 156 with value: 0.011198489343136848.
[I 2026-03-24 18:20:43,761] Trial 197 finished with value: 0.017529400680814166 and parameters: {'sigma_noise': 0.20532538307292406, 'A_repulsion': 0.33450776130313614, 'gamma': 0.5900443451997373, 'sigma_update': 0.2090850314355444, 'eta_learning': 0.07398722375343134, 'sigma_boundary': 7.178890215941195, 'alpha': 0.846451845301694}. Best is trial 156 with value: 0.011198489343136848.
[I 2026-03-24 18:20:43,897] Trial 198 finished with value: 0.01500720907387854 and parameters: {'sigma_noise': 0.20999439866703282, 'A_repulsion': 0.29778606814576253, 'gamma': 0.5794331258112883, 'sigma_update': 0.21069222823857353, 'eta_learning': 0.13823243224710574, 'sigma_boundary': 7.270270106404259, 'alpha': 0.8448994861865348}. Best is trial 156 with value: 0.011198489343136848.
[I 2026-03-24 18:20:44,013] Trial 196 finished with value: 0.01717103288840857 and parameters: {'sigma_noise': 0.2088781555730441, 'A_repulsion': 0.37592973785672934, 'gamma': 0.6021826654552683, 'sigma_update': 0.20812858285902644, 'eta_learning': 0.13524889535248527, 'sigma_boundary': 7.228916263987918, 'alpha': 0.783946715747492}. Best is trial 156 with value: 0.011198489343136848.
[I 2026-03-24 18:20:44,234] Trial 199 finished with value: 0.01775580714319464 and parameters: {'sigma_noise': 0.21139424287248715, 'A_repulsion': 0.3355194301610798, 'gamma': 0.5977556280627093, 'sigma_update': 0.20967094167001118, 'eta_learning': 0.07280659937108258, 'sigma_boundary': 7.253432743090965, 'alpha': 0.8707254603410777}. Best is trial 156 with value: 0.011198489343136848.
