[I 2026-03-24 18:13:54,654] Trial 55 finished with value: 0.017261001207315923 and parameters: {'sigma_noise': 0.10551413711830684, 'A_repulsion': 0.43375705839134626, 'gamma': 0.9807170238859688, 'sigma_update': 0.526275347591035, 'eta_learning': 0.06852994961874607, 'sigma_boundary': 1.864151001389403, 'alpha': 0.4415767068070008}. Best is trial 34 with value: 0.015997066057047767.
[I 2026-03-24 18:13:55,641] Trial 58 finished with value: 0.01834176587335094 and parameters: {'sigma_noise': 0.0939068939190846, 'A_repulsion': 0.441242362645501, 'gamma': 0.7398940865979683, 'sigma_update': 0.3182141661392941, 'eta_learning': 0.06543355933275306, 'sigma_boundary': 1.8053401376655063, 'alpha': 0.40943246222794333}. Best is trial 34 with value: 0.015997066057047767.
[I 2026-03-24 18:13:56,397] Trial 59 finished with value: 0.026105941549977082 and parameters: {'sigma_noise': 0.1333329923593774, 'A_repulsion': 0.4381986811493297, 'gamma': 0.7218027288676274, 'sigma_update': 0.3042681969529994, 'eta_learning': 0.1097104431363277, 'sigma_boundary': 2.282950805587995, 'alpha': 0.41248148185254585}. Best is trial 34 with value: 0.015997066057047767.
[I 2026-03-24 18:14:01,474] Trial 56 finished with value: 0.03274115701984122 and parameters: {'sigma_noise': 0.09822236721182155, 'A_repulsion': 0.4934048689086772, 'gamma': 0.9921452054054277, 'sigma_update': 0.3052745251021286, 'eta_learning': 0.06784674226877171, 'sigma_boundary': 1.8639316161437132, 'alpha': 0.9985749567569971}. Best is trial 34 with value: 0.015997066057047767.
[I 2026-03-24 18:14:01,922] Trial 60 finished with value: 0.023351571486300272 and parameters: {'sigma_noise': 0.1378238416726726, 'A_repulsion': 0.4228155422030663, 'gamma': 0.729178851221855, 'sigma_update': 0.31096136999278695, 'eta_learning': 0.1075230640539127, 'sigma_boundary': 1.775231319167613, 'alpha': 0.4545349223105686}. Best is trial 34 with value: 0.015997066057047767.
[I 2026-03-24 18:14:04,720] Trial 61 finished with value: 0.022247803470735586 and parameters: {'sigma_noise': 0.14503635992125608, 'A_repulsion': 0.42640730906997015, 'gamma': 0.9945531145504125, 'sigma_update': 0.3279745827545364, 'eta_learning': 0.10724355590776977, 'sigma_boundary': 1.5465087997829658, 'alpha': 0.4195141890602804}. Best is trial 34 with value: 0.015997066057047767.
[I 2026-03-24 18:14:08,590] Trial 62 finished with value: 0.022429230286855596 and parameters: {'sigma_noise': 0.1312756983079866, 'A_repulsion': 0.42320329164077886, 'gamma': 0.9854889271817289, 'sigma_update': 0.3098691821739445, 'eta_learning': 0.10432605731684094, 'sigma_boundary': 1.9086863958884734, 'alpha': 0.7544051271573595}. Best is trial 34 with value: 0.015997066057047767.
[I 2026-03-24 18:14:11,683] Trial 64 finished with value: 0.02139414901031643 and parameters: {'sigma_noise': 0.12619832818994636, 'A_repulsion': 0.43207542236552704, 'gamma': 0.7171815175602525, 'sigma_update': 0.11181665309652256, 'eta_learning': 0.10764513690016506, 'sigma_boundary': 6.9557428224754005, 'alpha': 0.8453040652641127}. Best is trial 34 with value: 0.015997066057047767.
[I 2026-03-24 18:14:12,502] Trial 63 finished with value: 0.02101427420667387 and parameters: {'sigma_noise': 0.11799067771937946, 'A_repulsion': 0.4237567272120109, 'gamma': 0.9982998723889842, 'sigma_update': 0.32362753311247056, 'eta_learning': 0.10761372607856723, 'sigma_boundary': 6.983891098871721, 'alpha': 0.7545826035674539}. Best is trial 34 with value: 0.015997066057047767.
[I 2026-03-24 18:14:17,101] Trial 66 finished with value: 0.021833123323888662 and parameters: {'sigma_noise': 0.13635833168263814, 'A_repulsion': 0.42113997664795033, 'gamma': 0.715151220902834, 'sigma_update': 0.31707770434963195, 'eta_learning': 0.10652669581338188, 'sigma_boundary': 7.073420057695391, 'alpha': 0.8140751591701085}. Best is trial 34 with value: 0.015997066057047767.
[I 2026-03-24 18:14:21,847] Trial 65 finished with value: 0.05197961568090225 and parameters: {'sigma_noise': 0.13901591351927486, 'A_repulsion': 0.40990259503536935, 'gamma': 0.9921476524113211, 'sigma_update': 0.0109763392255402, 'eta_learning': 0.10986997375373489, 'sigma_boundary': 1.6783080801795829, 'alpha': 0.7543118681089689}. Best is trial 34 with value: 0.015997066057047767.
[I 2026-03-24 18:14:23,035] Trial 70 finished with value: 0.018652072908419515 and parameters: {'sigma_noise': 0.13265919540767981, 'A_repulsion': 0.41426211889207104, 'gamma': 0.7215621453073054, 'sigma_update': 0.31112432499575055, 'eta_learning': 0.10984567261597847, 'sigma_boundary': 7.035969174060153, 'alpha': 0.8132891118371609}. Best is trial 34 with value: 0.015997066057047767.
[I 2026-03-24 18:14:23,335] Trial 67 finished with value: 0.022437449316501656 and parameters: {'sigma_noise': 0.13470372740477662, 'A_repulsion': 0.4115152443449499, 'gamma': 0.7302178093892516, 'sigma_update': 0.3189768264393737, 'eta_learning': 0.10838035733074147, 'sigma_boundary': 6.9708962526709914, 'alpha': 0.8176872216630582}. Best is trial 34 with value: 0.015997066057047767.
[I 2026-03-24 18:14:24,231] Trial 68 finished with value: 0.020823747327988633 and parameters: {'sigma_noise': 0.13672969691807574, 'A_repulsion': 0.42087953593704513, 'gamma': 0.7194226751061915, 'sigma_update': 0.3297248001366715, 'eta_learning': 0.10276556866380387, 'sigma_boundary': 6.930943108000305, 'alpha': 0.8229782226779512}. Best is trial 34 with value: 0.015997066057047767.
[I 2026-03-24 18:14:25,792] Trial 69 finished with value: 0.021002142667182797 and parameters: {'sigma_noise': 0.14027516967072826, 'A_repulsion': 0.41509243642917165, 'gamma': 0.7379153542456988, 'sigma_update': 0.3203457507397294, 'eta_learning': 0.10896502618807116, 'sigma_boundary': 4.993558558187159, 'alpha': 0.825122301469538}. Best is trial 34 with value: 0.015997066057047767.
[I 2026-03-24 18:14:27,388] Trial 71 finished with value: 0.020059151590052074 and parameters: {'sigma_noise': 0.13272325209410643, 'A_repulsion': 0.4138318718307415, 'gamma': 0.713906680647468, 'sigma_update': 0.32861817509961144, 'eta_learning': 0.1054322748441113, 'sigma_boundary': 6.991893474572459, 'alpha': 0.8121402224963232}. Best is trial 34 with value: 0.015997066057047767.
[I 2026-03-24 18:14:42,594] Trial 72 finished with value: 0.02189340269336542 and parameters: {'sigma_noise': 0.13161269323489275, 'A_repulsion': 0.41884962104040313, 'gamma': 0.7201951309230408, 'sigma_update': 0.32075918781587726, 'eta_learning': 0.14411900867706096, 'sigma_boundary': 6.972697409217272, 'alpha': 0.8156984093165656}. Best is trial 34 with value: 0.015997066057047767.
[I 2026-03-24 18:14:45,637] Trial 73 finished with value: 0.02348935613670719 and parameters: {'sigma_noise': 0.13794827532163398, 'A_repulsion': 0.4084294361187449, 'gamma': 0.727276502126488, 'sigma_update': 0.3214422808643674, 'eta_learning': 0.10761401335814827, 'sigma_boundary': 4.845854291879826, 'alpha': 0.7970735233955449}. Best is trial 34 with value: 0.015997066057047767.
[I 2026-03-24 18:14:46,044] Trial 74 finished with value: 0.015752442089380186 and parameters: {'sigma_noise': 0.12756897674867715, 'A_repulsion': 0.4129015835192411, 'gamma': 0.7415522553383285, 'sigma_update': 0.3222230213822491, 'eta_learning': 0.10760228997199614, 'sigma_boundary': 8.407694826004956, 'alpha': 0.8410729682725194}. Best is trial 74 with value: 0.015752442089380186.
[I 2026-03-24 18:14:49,951] Trial 76 finished with value: 0.019026811695294903 and parameters: {'sigma_noise': 0.13023614940932868, 'A_repulsion': 0.4232162791053738, 'gamma': 0.5487377202623875, 'sigma_update': 0.31134802539700834, 'eta_learning': 0.1027774764102429, 'sigma_boundary': 8.382255021380711, 'alpha': 0.8124198471080694}. Best is trial 74 with value: 0.015752442089380186.
[I 2026-03-24 18:14:52,610] Trial 75 finished with value: 0.01685037488728716 and parameters: {'sigma_noise': 0.13123877238699155, 'A_repulsion': 0.4152773262359119, 'gamma': 0.7340193880873543, 'sigma_update': 0.3117360632922599, 'eta_learning': 0.09111647523216557, 'sigma_boundary': 8.222200179472942, 'alpha': 0.8195608234532681}. Best is trial 74 with value: 0.015752442089380186.
[I 2026-03-24 18:14:56,535] Trial 77 finished with value: 0.017609553086562174 and parameters: {'sigma_noise': 0.1362838683981874, 'A_repulsion': 0.41893948720587076, 'gamma': 0.5214749730735353, 'sigma_update': 0.3043281443573667, 'eta_learning': 0.10700764193775603, 'sigma_boundary': 8.270976862340197, 'alpha': 0.8187726502446104}. Best is trial 74 with value: 0.015752442089380186.
[I 2026-03-24 18:15:01,753] Trial 78 finished with value: 0.016677234450149125 and parameters: {'sigma_noise': 0.13947703070932577, 'A_repulsion': 0.4138859105994677, 'gamma': 0.5243063682798098, 'sigma_update': 0.3047902245169912, 'eta_learning': 0.08988645591717845, 'sigma_boundary': 1.3117061944184112, 'alpha': 0.8237462230315428}. Best is trial 74 with value: 0.015752442089380186.
[I 2026-03-24 18:15:03,140] Trial 79 finished with value: 0.019018217483251658 and parameters: {'sigma_noise': 0.1344312388008071, 'A_repulsion': 0.41396016880368547, 'gamma': 0.8585417225790907, 'sigma_update': 0.3192030675201599, 'eta_learning': 0.09369437481047731, 'sigma_boundary': 1.6635295215812875, 'alpha': 0.7259133025088083}. Best is trial 74 with value: 0.015752442089380186.
[I 2026-03-24 18:15:06,184] Trial 80 finished with value: 0.024558630192119103 and parameters: {'sigma_noise': 0.13717897043160218, 'A_repulsion': 0.4139730202666248, 'gamma': 0.8380509898711688, 'sigma_update': 0.5486526292161313, 'eta_learning': 0.0883649867959467, 'sigma_boundary': 1.7712553199787617, 'alpha': 0.5131781744009094}. Best is trial 74 with value: 0.015752442089380186.
[I 2026-03-24 18:15:08,753] Trial 85 finished with value: 0.02248874924719546 and parameters: {'sigma_noise': 0.07568350197112166, 'A_repulsion': 0.404066653106166, 'gamma': 0.7890101257791585, 'sigma_update': 0.43852644332930524, 'eta_learning': 0.08693369201540502, 'sigma_boundary': 5.026186521012337, 'alpha': 0.5134788523435767}. Best is trial 74 with value: 0.015752442089380186.
[I 2026-03-24 18:15:09,419] Trial 84 finished with value: 0.020800266549341022 and parameters: {'sigma_noise': 0.07594034610239023, 'A_repulsion': 0.4090714099070474, 'gamma': 0.8399114228161948, 'sigma_update': 0.44224029158110917, 'eta_learning': 0.08776452467232343, 'sigma_boundary': 0.9053333599739317, 'alpha': 0.5179936398838585}. Best is trial 74 with value: 0.015752442089380186.
[I 2026-03-24 18:15:11,880] Trial 81 finished with value: 0.02277315215978962 and parameters: {'sigma_noise': 0.13874666714130696, 'A_repulsion': 0.40884839156547526, 'gamma': 0.8416300726342189, 'sigma_update': 0.3251969905710148, 'eta_learning': 0.09022095384806215, 'sigma_boundary': 1.7259531173969092, 'alpha': 0.5308403466301548}. Best is trial 74 with value: 0.015752442089380186.
[I 2026-03-24 18:15:12,768] Trial 82 finished with value: 0.021842973447092975 and parameters: {'sigma_noise': 0.1390701464860914, 'A_repulsion': 0.4096867939520439, 'gamma': 0.862455709473971, 'sigma_update': 0.43421235732204444, 'eta_learning': 0.10069993969215504, 'sigma_boundary': 1.407003545644754, 'alpha': 0.511353469692092}. Best is trial 74 with value: 0.015752442089380186.
[I 2026-03-24 18:15:17,073] Trial 87 finished with value: 0.017802427382460396 and parameters: {'sigma_noise': 0.07691926523281563, 'A_repulsion': 0.45400399206314357, 'gamma': 0.8343913406968246, 'sigma_update': 0.5334412173902214, 'eta_learning': 0.0891785486064477, 'sigma_boundary': 0.9031465757369787, 'alpha': 0.5101761278031937}. Best is trial 74 with value: 0.015752442089380186.
[I 2026-03-24 18:15:17,335] Trial 83 finished with value: 0.01962845173748975 and parameters: {'sigma_noise': 0.1396489417838645, 'A_repulsion': 0.4178387982484448, 'gamma': 0.8245337334370247, 'sigma_update': 0.44331553556730924, 'eta_learning': 0.09354488940313614, 'sigma_boundary': 0.8093492813285976, 'alpha': 0.5168496190033152}. Best is trial 74 with value: 0.015752442089380186.
[I 2026-03-24 18:15:19,379] Trial 86 finished with value: 0.021128114891400134 and parameters: {'sigma_noise': 0.07653526376999537, 'A_repulsion': 0.454537168103816, 'gamma': 0.8432251973894669, 'sigma_update': 0.4438721562129923, 'eta_learning': 0.08913598515197314, 'sigma_boundary': 0.5248697316389543, 'alpha': 0.49324605039379943}. Best is trial 74 with value: 0.015752442089380186.
[I 2026-03-24 18:15:22,014] Trial 88 finished with value: 0.026240578716027252 and parameters: {'sigma_noise': 0.07531681819226763, 'A_repulsion': 0.45828296468770807, 'gamma': 0.8339797892583557, 'sigma_update': 0.4346602307612842, 'eta_learning': 0.09442817632469537, 'sigma_boundary': 5.12774972759205, 'alpha': 0.5218158963573405}. Best is trial 74 with value: 0.015752442089380186.
[I 2026-03-24 18:15:27,010] Trial 89 finished with value: 0.02313513363891289 and parameters: {'sigma_noise': 0.07713333083971206, 'A_repulsion': 0.4549782885157039, 'gamma': 0.8512854030123723, 'sigma_update': 0.5443689443496361, 'eta_learning': 0.08598608328311269, 'sigma_boundary': 0.5050602680857974, 'alpha': 0.5146872803683822}. Best is trial 74 with value: 0.015752442089380186.
[I 2026-03-24 18:15:29,971] Trial 90 finished with value: 0.023891935014031536 and parameters: {'sigma_noise': 0.07579475251926496, 'A_repulsion': 0.453909570086904, 'gamma': 0.8485130329151144, 'sigma_update': 0.43966255383902103, 'eta_learning': 0.09470654018583695, 'sigma_boundary': 4.930736837481831, 'alpha': 0.5207786662252794}. Best is trial 74 with value: 0.015752442089380186.
[I 2026-03-24 18:15:30,592] Trial 91 finished with value: 0.021774664222818103 and parameters: {'sigma_noise': 0.08000876311787408, 'A_repulsion': 0.4545614389621454, 'gamma': 0.831816131304635, 'sigma_update': 0.4470028942054711, 'eta_learning': 0.08746228654833005, 'sigma_boundary': 5.132777640947403, 'alpha': 0.518218223733775}. Best is trial 74 with value: 0.015752442089380186.
[I 2026-03-24 18:15:33,073] Trial 94 finished with value: 0.0253469114847893 and parameters: {'sigma_noise': 0.08195119822890412, 'A_repulsion': 0.45209913222573955, 'gamma': 0.8565610001878079, 'sigma_update': 0.563607483511153, 'eta_learning': 0.08810245500947644, 'sigma_boundary': 0.589121322670235, 'alpha': 0.5099493062729761}. Best is trial 74 with value: 0.015752442089380186.
[I 2026-03-24 18:15:36,472] Trial 93 finished with value: 0.022287660332934313 and parameters: {'sigma_noise': 0.07224344675369748, 'A_repulsion': 0.45419562265191904, 'gamma': 0.8362297078684866, 'sigma_update': 0.43487655918877327, 'eta_learning': 0.08872163020598575, 'sigma_boundary': 5.16710317655809, 'alpha': 0.5245249488713578}. Best is trial 74 with value: 0.015752442089380186.
[I 2026-03-24 18:15:39,111] Trial 95 finished with value: 0.018933875514781054 and parameters: {'sigma_noise': 0.08044205128362933, 'A_repulsion': 0.46770294392651485, 'gamma': 0.8294032449419962, 'sigma_update': 0.43795685927982353, 'eta_learning': 0.09325182749659078, 'sigma_boundary': 0.5172783731078026, 'alpha': 0.5192760722938649}. Best is trial 74 with value: 0.015752442089380186.
[I 2026-03-24 18:15:46,805] Trial 92 finished with value: 0.01964972047050884 and parameters: {'sigma_noise': 0.16685038308578037, 'A_repulsion': 0.45618284822096905, 'gamma': 0.8517662269425553, 'sigma_update': 0.44137709776523393, 'eta_learning': 0.08571120467271104, 'sigma_boundary': 0.7368207775007944, 'alpha': 0.507689100493981}. Best is trial 74 with value: 0.015752442089380186.
[I 2026-03-24 18:15:47,689] Trial 96 finished with value: 0.022079489205480314 and parameters: {'sigma_noise': 0.07479700611425746, 'A_repulsion': 0.4563989090950309, 'gamma': 0.8522438876444585, 'sigma_update': 0.5400518707307932, 'eta_learning': 0.0969627556907712, 'sigma_boundary': 0.6517615347930663, 'alpha': 0.5179396529999363}. Best is trial 74 with value: 0.015752442089380186.
[I 2026-03-24 18:15:51,984] Trial 97 finished with value: 0.020217195603820737 and parameters: {'sigma_noise': 0.06594783504194374, 'A_repulsion': 0.4604152047117697, 'gamma': 0.8368943521710493, 'sigma_update': 0.44019836625311515, 'eta_learning': 0.09588253655901488, 'sigma_boundary': 0.7375507287509633, 'alpha': 0.49951263817533553}. Best is trial 74 with value: 0.015752442089380186.
[I 2026-03-24 18:16:00,984] Trial 100 finished with value: 0.015416549176138852 and parameters: {'sigma_noise': 0.07784003858324431, 'A_repulsion': 0.47198858340599187, 'gamma': 0.8011036232064093, 'sigma_update': 0.2767014576715798, 'eta_learning': 0.08736864568059625, 'sigma_boundary': 8.17872868418216, 'alpha': 0.8812153152340906}. Best is trial 100 with value: 0.015416549176138852.
[I 2026-03-24 18:16:03,904] Trial 98 finished with value: 0.020920164671112913 and parameters: {'sigma_noise': 0.15807831223698815, 'A_repulsion': 0.45321215359853717, 'gamma': 0.8267124830914794, 'sigma_update': 0.4420553559854985, 'eta_learning': 0.08958530685021743, 'sigma_boundary': 8.15779662372537, 'alpha': 0.5123103347814072}. Best is trial 100 with value: 0.015416549176138852.
[I 2026-03-24 18:16:09,655] Trial 99 finished with value: 0.02014801588569102 and parameters: {'sigma_noise': 0.15949212310252003, 'A_repulsion': 0.4623822383095759, 'gamma': 0.8190876977678689, 'sigma_update': 0.27212247178007004, 'eta_learning': 0.09611473171622184, 'sigma_boundary': 0.8703124967111964, 'alpha': 0.524800093401499}. Best is trial 100 with value: 0.015416549176138852.
[I 2026-03-24 18:16:12,991] Trial 101 finished with value: 0.019468281912383204 and parameters: {'sigma_noise': 0.1618430005383497, 'A_repulsion': 0.45783784803126953, 'gamma': 0.4086311474342524, 'sigma_update': 0.2742795888437218, 'eta_learning': 0.08766045477622994, 'sigma_boundary': 8.048426416344787, 'alpha': 0.9004391846637546}. Best is trial 100 with value: 0.015416549176138852.
[I 2026-03-24 18:16:15,253] Trial 103 finished with value: 0.0249732698425328 and parameters: {'sigma_noise': 0.16019744561101823, 'A_repulsion': 0.4512752655995656, 'gamma': 0.3692319072952516, 'sigma_update': 0.27087552003572657, 'eta_learning': 0.08611102018884596, 'sigma_boundary': 0.6398727027295334, 'alpha': 0.8876956903784331}. Best is trial 100 with value: 0.015416549176138852.
[I 2026-03-24 18:16:17,764] Trial 102 finished with value: 0.017581088568228216 and parameters: {'sigma_noise': 0.1554755210139001, 'A_repulsion': 0.4625302516850088, 'gamma': 0.37466072711158344, 'sigma_update': 0.259482856116792, 'eta_learning': 0.09023401027882008, 'sigma_boundary': 8.271298615588968, 'alpha': 0.8956122954314591}. Best is trial 100 with value: 0.015416549176138852.
[I 2026-03-24 18:16:20,115] Trial 104 finished with value: 0.01948913735268491 and parameters: {'sigma_noise': 0.15614598998245535, 'A_repulsion': 0.4579358579730484, 'gamma': 0.41678530785775775, 'sigma_update': 0.275875960799442, 'eta_learning': 0.08467519934480378, 'sigma_boundary': 8.074976959804241, 'alpha': 0.8611730626512766}. Best is trial 100 with value: 0.015416549176138852.
[I 2026-03-24 18:16:25,361] Trial 107 finished with value: 0.02107694001351951 and parameters: {'sigma_noise': 0.15836954770418174, 'A_repulsion': 0.45395414080539825, 'gamma': 0.3821092480371846, 'sigma_update': 0.27654136798157414, 'eta_learning': 0.0957477445676123, 'sigma_boundary': 8.391158413137203, 'alpha': 0.8870095200505919}. Best is trial 100 with value: 0.015416549176138852.
[I 2026-03-24 18:16:26,897] Trial 105 finished with value: 0.016272603045623314 and parameters: {'sigma_noise': 0.1574520293421726, 'A_repulsion': 0.45284079760114404, 'gamma': 0.5036023978909773, 'sigma_update': 0.27465298805176763, 'eta_learning': 0.0937669174276672, 'sigma_boundary': 0.6382102493747747, 'alpha': 0.8913067018016774}. Best is trial 100 with value: 0.015416549176138852.
[I 2026-03-24 18:16:27,671] Trial 108 finished with value: 0.01947880015383988 and parameters: {'sigma_noise': 0.1606536341537398, 'A_repulsion': 0.4510967128654707, 'gamma': 0.4298155670629709, 'sigma_update': 0.2779269280654722, 'eta_learning': 0.09565348475335055, 'sigma_boundary': 8.229933802158442, 'alpha': 0.9047083788485839}. Best is trial 100 with value: 0.015416549176138852.
[I 2026-03-24 18:16:29,128] Trial 106 finished with value: 0.017064070424988954 and parameters: {'sigma_noise': 0.16488173629093378, 'A_repulsion': 0.44717931472541894, 'gamma': 0.4413415081795943, 'sigma_update': 0.27443313594315977, 'eta_learning': 0.09766122027673547, 'sigma_boundary': 7.970253768694856, 'alpha': 0.9084175902231799}. Best is trial 100 with value: 0.015416549176138852.
[I 2026-03-24 18:16:34,428] Trial 110 finished with value: 0.017783568065476728 and parameters: {'sigma_noise': 0.1562032440273255, 'A_repulsion': 0.45417266263665973, 'gamma': 0.4529368216149485, 'sigma_update': 0.26296849139570166, 'eta_learning': 0.08141028939529318, 'sigma_boundary': 8.196851060865615, 'alpha': 0.8985285639976506}. Best is trial 100 with value: 0.015416549176138852.
[I 2026-03-24 18:16:35,346] Trial 109 finished with value: 0.017104911520492164 and parameters: {'sigma_noise': 0.16712853404205943, 'A_repulsion': 0.45728879370418224, 'gamma': 0.4993490812161956, 'sigma_update': 0.2827215285943625, 'eta_learning': 0.11593974329782865, 'sigma_boundary': 8.126400451112127, 'alpha': 0.914881916101767}. Best is trial 100 with value: 0.015416549176138852.
[I 2026-03-24 18:16:38,356] Trial 111 finished with value: 0.028145138792600864 and parameters: {'sigma_noise': 0.1626585891182266, 'A_repulsion': 0.45654510563151657, 'gamma': 0.4024497797387309, 'sigma_update': 0.38280980060440506, 'eta_learning': 0.08115472587793, 'sigma_boundary': 8.072774289475785, 'alpha': 0.8888549449719909}. Best is trial 100 with value: 0.015416549176138852.
