[I 2026-03-24 18:10:31,054] A new study created in memory with name: no-name-cc765e61-8964-4898-b31e-24246fd9877d
[I 2026-03-24 18:11:21,212] Trial 8 finished with value: 0.03257812086444235 and parameters: {'sigma_noise': 0.027064934738456455, 'A_repulsion': 0.030569569478168468, 'gamma': 0.05931862137949098, 'sigma_update': 0.14693284144140867, 'eta_learning': 0.19694570555261384, 'sigma_boundary': 7.464514787778335, 'alpha': 0.6313174183758835}. Best is trial 8 with value: 0.03257812086444235.
[I 2026-03-24 18:11:22,675] Trial 4 finished with value: 0.05038865425170853 and parameters: {'sigma_noise': 0.04034454311539458, 'A_repulsion': 0.0055112606926560614, 'gamma': 0.8160010829752161, 'sigma_update': 0.6532864622921642, 'eta_learning': 0.09093530927244224, 'sigma_boundary': 2.3463462531441204, 'alpha': 0.26505930774566755}. Best is trial 8 with value: 0.03257812086444235.
[I 2026-03-24 18:11:25,360] Trial 9 finished with value: 0.04643425576160408 and parameters: {'sigma_noise': 0.04770763413630377, 'A_repulsion': 0.148284378468439, 'gamma': 0.4625750336127932, 'sigma_update': 0.4277593763380655, 'eta_learning': 0.14280816802238105, 'sigma_boundary': 4.522028026222008, 'alpha': 0.1452404434926391}. Best is trial 8 with value: 0.03257812086444235.
[I 2026-03-24 18:11:26,206] Trial 20 finished with value: 0.048694525174498945 and parameters: {'sigma_noise': 0.03592539386984761, 'A_repulsion': 0.04247110853636615, 'gamma': 0.011523467170780287, 'sigma_update': 0.6139595024494271, 'eta_learning': 0.04168606997935862, 'sigma_boundary': 3.421019491752761, 'alpha': 0.6682684920363337}. Best is trial 8 with value: 0.03257812086444235.
[I 2026-03-24 18:11:26,306] Trial 14 finished with value: 0.05179569590192538 and parameters: {'sigma_noise': 0.025070703128509023, 'A_repulsion': 0.11848740875853181, 'gamma': 0.3245868675325922, 'sigma_update': 0.6787045582032291, 'eta_learning': 0.1832662457933241, 'sigma_boundary': 5.680421300110989, 'alpha': 0.04972262402371197}. Best is trial 8 with value: 0.03257812086444235.
[I 2026-03-24 18:11:27,005] Trial 7 finished with value: 0.5043107809672261 and parameters: {'sigma_noise': 0.055512937073085224, 'A_repulsion': 0.16044257839660941, 'gamma': 0.12007462949558709, 'sigma_update': 0.6973916825858606, 'eta_learning': 0.023871803287138185, 'sigma_boundary': 0.04682568035178981, 'alpha': 0.10939978586324961}. Best is trial 8 with value: 0.03257812086444235.
[I 2026-03-24 18:11:29,531] Trial 11 finished with value: 0.05097911781008386 and parameters: {'sigma_noise': 0.04035148820781057, 'A_repulsion': 0.01779539701425492, 'gamma': 0.885967484982152, 'sigma_update': 0.6960868309046913, 'eta_learning': 0.16206280481534355, 'sigma_boundary': 8.745612260702027, 'alpha': 0.0672154103645406}. Best is trial 8 with value: 0.03257812086444235.
[I 2026-03-24 18:11:29,655] Trial 10 finished with value: 0.059513745189725506 and parameters: {'sigma_noise': 0.025517250808432545, 'A_repulsion': 0.16920505213569376, 'gamma': 0.9298026642185342, 'sigma_update': 0.6281206239220687, 'eta_learning': 0.0803528148436486, 'sigma_boundary': 0.08727903057613577, 'alpha': 0.788638284879429}. Best is trial 8 with value: 0.03257812086444235.
[I 2026-03-24 18:11:32,158] Trial 2 finished with value: 0.028609134428802918 and parameters: {'sigma_noise': 0.013037643070936192, 'A_repulsion': 0.21325903589872125, 'gamma': 0.41648073852816314, 'sigma_update': 0.36542039961619366, 'eta_learning': 0.12152018839513247, 'sigma_boundary': 5.404690873138719, 'alpha': 0.7992165814024472}. Best is trial 2 with value: 0.028609134428802918.
[I 2026-03-24 18:11:32,316] Trial 23 finished with value: 0.0374613564293715 and parameters: {'sigma_noise': 0.03718695838262771, 'A_repulsion': 0.1223802900399194, 'gamma': 0.2273111627187679, 'sigma_update': 0.20766297902015002, 'eta_learning': 0.1313678634550978, 'sigma_boundary': 7.842026976449523, 'alpha': 0.07103405154946363}. Best is trial 2 with value: 0.028609134428802918.
[I 2026-03-24 18:11:33,559] Trial 17 finished with value: 0.030385587182192326 and parameters: {'sigma_noise': 0.16967315525486787, 'A_repulsion': 0.05888907586360759, 'gamma': 0.1805227298111395, 'sigma_update': 0.24685067506209407, 'eta_learning': 0.05269733821610388, 'sigma_boundary': 8.833309488949034, 'alpha': 0.6201029512953263}. Best is trial 2 with value: 0.028609134428802918.
[I 2026-03-24 18:11:33,760] Trial 3 finished with value: 0.023146545059908034 and parameters: {'sigma_noise': 0.09149254299742525, 'A_repulsion': 0.315476417385644, 'gamma': 0.9202091334412864, 'sigma_update': 0.4550679206687976, 'eta_learning': 0.17030245574577557, 'sigma_boundary': 8.546261507061358, 'alpha': 0.6128640775490498}. Best is trial 3 with value: 0.023146545059908034.
[I 2026-03-24 18:11:34,824] Trial 21 finished with value: 0.055829584951686946 and parameters: {'sigma_noise': 0.1502064058960721, 'A_repulsion': 0.06853137276635624, 'gamma': 0.789255313731535, 'sigma_update': 0.4677826266628116, 'eta_learning': 0.1003018599437296, 'sigma_boundary': 6.445864854468038, 'alpha': 0.06410408022138525}. Best is trial 3 with value: 0.023146545059908034.
[I 2026-03-24 18:11:35,812] Trial 1 finished with value: 0.05040359251211104 and parameters: {'sigma_noise': 0.293684153694381, 'A_repulsion': 0.0088993319759465, 'gamma': 0.6597343408771705, 'sigma_update': 0.3066085397415609, 'eta_learning': 0.15946467338329184, 'sigma_boundary': 0.5716705938180018, 'alpha': 0.6670590709583214}. Best is trial 3 with value: 0.023146545059908034.
[I 2026-03-24 18:11:36,591] Trial 0 finished with value: 0.03255146638795729 and parameters: {'sigma_noise': 0.16939869278309255, 'A_repulsion': 0.2649085861256863, 'gamma': 0.28574005025747184, 'sigma_update': 0.39300962148471, 'eta_learning': 0.09100634441246686, 'sigma_boundary': 0.36175734999838216, 'alpha': 0.6735835275550881}. Best is trial 3 with value: 0.023146545059908034.
[I 2026-03-24 18:11:39,453] Trial 15 finished with value: 0.024722068165651916 and parameters: {'sigma_noise': 0.20166594542744307, 'A_repulsion': 0.16144393593265322, 'gamma': 0.6757282257636944, 'sigma_update': 0.2604234193669497, 'eta_learning': 0.01202391863841908, 'sigma_boundary': 6.19890184482527, 'alpha': 0.26318571055331996}. Best is trial 3 with value: 0.023146545059908034.
[I 2026-03-24 18:11:41,198] Trial 18 finished with value: 0.07415768962494203 and parameters: {'sigma_noise': 0.24735419982700946, 'A_repulsion': 0.1087396106361081, 'gamma': 0.47424670876015523, 'sigma_update': 0.4806369023149839, 'eta_learning': 0.13215940083558092, 'sigma_boundary': 2.9397095210824244, 'alpha': 0.6032943041621223}. Best is trial 3 with value: 0.023146545059908034.
[I 2026-03-24 18:11:41,813] Trial 19 finished with value: 0.018791519102630386 and parameters: {'sigma_noise': 0.10071137620460285, 'A_repulsion': 0.41759830782034346, 'gamma': 0.8409726406574248, 'sigma_update': 0.06726046562336459, 'eta_learning': 0.038368735344529684, 'sigma_boundary': 2.334548010808773, 'alpha': 0.4919686565522451}. Best is trial 19 with value: 0.018791519102630386.
[I 2026-03-24 18:11:51,826] Trial 13 finished with value: 0.3242036179820575 and parameters: {'sigma_noise': 0.26842298508722373, 'A_repulsion': 0.21479064616510046, 'gamma': 0.220533406444304, 'sigma_update': 0.6018709477614228, 'eta_learning': 0.1321064585988554, 'sigma_boundary': 3.251225047508224, 'alpha': 0.009949901958265173}. Best is trial 19 with value: 0.018791519102630386.
[I 2026-03-24 18:11:53,136] Trial 6 finished with value: 0.02685903494696971 and parameters: {'sigma_noise': 0.17594904572038755, 'A_repulsion': 0.4762460597488589, 'gamma': 0.28160972555881036, 'sigma_update': 0.1865906632808764, 'eta_learning': 0.048605233769085175, 'sigma_boundary': 0.9288698793785273, 'alpha': 0.8620461594011564}. Best is trial 19 with value: 0.018791519102630386.
[I 2026-03-24 18:11:54,439] Trial 5 finished with value: 0.029520547834431483 and parameters: {'sigma_noise': 0.2614458908041365, 'A_repulsion': 0.37976962965761296, 'gamma': 0.9178504979655872, 'sigma_update': 0.6024457770796705, 'eta_learning': 0.03594726966548895, 'sigma_boundary': 7.762043014107762, 'alpha': 0.7133303767998976}. Best is trial 19 with value: 0.018791519102630386.
[I 2026-03-24 18:11:58,271] Trial 16 finished with value: 0.035606415374130077 and parameters: {'sigma_noise': 0.2687520781833044, 'A_repulsion': 0.27427392299359443, 'gamma': 0.7691753109054384, 'sigma_update': 0.03377131079287424, 'eta_learning': 0.019089451578282852, 'sigma_boundary': 4.177529730744227, 'alpha': 0.18126910868522106}. Best is trial 19 with value: 0.018791519102630386.
[I 2026-03-24 18:12:00,731] Trial 12 finished with value: 0.030258047313393967 and parameters: {'sigma_noise': 0.2874213933588707, 'A_repulsion': 0.37528151576626123, 'gamma': 0.84615620218614, 'sigma_update': 0.6692306735043246, 'eta_learning': 0.024943477937242747, 'sigma_boundary': 4.460628060689044, 'alpha': 0.6386616866703964}. Best is trial 19 with value: 0.018791519102630386.
[I 2026-03-24 18:12:01,264] Trial 22 finished with value: 0.28758772401603705 and parameters: {'sigma_noise': 0.20328433123869247, 'A_repulsion': 0.4354112920216327, 'gamma': 0.09194736797180421, 'sigma_update': 0.14261967979202234, 'eta_learning': 0.1713987636756543, 'sigma_boundary': 5.820402458520727, 'alpha': 0.05912431876554003}. Best is trial 19 with value: 0.018791519102630386.
[I 2026-03-24 18:12:19,856] Trial 25 finished with value: 0.04845065161659292 and parameters: {'sigma_noise': 0.016405789811429723, 'A_repulsion': 0.3339067071118555, 'gamma': 0.2399359068425582, 'sigma_update': 0.5717178085821587, 'eta_learning': 0.15711829468409055, 'sigma_boundary': 1.0741913191722292, 'alpha': 0.9018364478109383}. Best is trial 19 with value: 0.018791519102630386.
[I 2026-03-24 18:12:21,564] Trial 28 finished with value: 0.04268004633729193 and parameters: {'sigma_noise': 0.01464045189017588, 'A_repulsion': 0.26721769032166265, 'gamma': 0.0581714971827875, 'sigma_update': 0.6137788804812241, 'eta_learning': 0.15328519656207648, 'sigma_boundary': 5.93955215539426, 'alpha': 0.6069225761719679}. Best is trial 19 with value: 0.018791519102630386.
[I 2026-03-24 18:12:24,636] Trial 24 finished with value: 0.04965457838787461 and parameters: {'sigma_noise': 0.0681025445541267, 'A_repulsion': 0.19962551703110726, 'gamma': 0.23530965240274748, 'sigma_update': 0.3600092379459053, 'eta_learning': 0.03759976792305467, 'sigma_boundary': 9.400579494915252, 'alpha': 0.010332811195316594}. Best is trial 19 with value: 0.018791519102630386.
[I 2026-03-24 18:12:26,333] Trial 31 finished with value: 0.03781705121610303 and parameters: {'sigma_noise': 0.06745507826558367, 'A_repulsion': 0.03300642414221283, 'gamma': 0.6229202916849587, 'sigma_update': 0.4049259749164614, 'eta_learning': 0.19183834736802796, 'sigma_boundary': 5.534181518823867, 'alpha': 0.6280345477731293}. Best is trial 19 with value: 0.018791519102630386.
[I 2026-03-24 18:12:31,006] Trial 30 finished with value: 0.1293373066178365 and parameters: {'sigma_noise': 0.2531928715731164, 'A_repulsion': 0.030451147973154125, 'gamma': 0.6757784909353647, 'sigma_update': 0.6463781505054612, 'eta_learning': 0.12538598967846315, 'sigma_boundary': 9.959307256332906, 'alpha': 0.06471982890943695}. Best is trial 19 with value: 0.018791519102630386.
[I 2026-03-24 18:12:31,440] Trial 27 finished with value: 0.10877069814941517 and parameters: {'sigma_noise': 0.2494359284752263, 'A_repulsion': 0.0409992981928749, 'gamma': 0.14974651717279505, 'sigma_update': 0.5954622259943784, 'eta_learning': 0.04662631107609777, 'sigma_boundary': 7.573831791366764, 'alpha': 0.5625232208741476}. Best is trial 19 with value: 0.018791519102630386.
[I 2026-03-24 18:12:37,533] Trial 29 finished with value: 0.020812115082620184 and parameters: {'sigma_noise': 0.0907033613372408, 'A_repulsion': 0.46731406510137496, 'gamma': 0.7451785259682723, 'sigma_update': 0.4103102856992615, 'eta_learning': 0.07599206975059428, 'sigma_boundary': 3.4693291581178736, 'alpha': 0.3114111475901983}. Best is trial 19 with value: 0.018791519102630386.
[I 2026-03-24 18:12:40,731] Trial 34 finished with value: 0.015997066057047767 and parameters: {'sigma_noise': 0.10767756621967378, 'A_repulsion': 0.37220814759130605, 'gamma': 0.6353301915265711, 'sigma_update': 0.4153789610098757, 'eta_learning': 0.11601475547606552, 'sigma_boundary': 6.327026280999229, 'alpha': 0.9515153356058696}. Best is trial 34 with value: 0.015997066057047767.
[I 2026-03-24 18:12:42,251] Trial 37 finished with value: 0.04304545073797797 and parameters: {'sigma_noise': 0.11233540146485677, 'A_repulsion': 0.34301599926047727, 'gamma': 0.5779410099846942, 'sigma_update': 0.5050684247833398, 'eta_learning': 0.12194159453391532, 'sigma_boundary': 9.779590523491414, 'alpha': 0.4531499252211191}. Best is trial 34 with value: 0.015997066057047767.
[I 2026-03-24 18:12:44,375] Trial 35 finished with value: 0.017188737806858898 and parameters: {'sigma_noise': 0.11961665728627223, 'A_repulsion': 0.34947193764544504, 'gamma': 0.6740170541567942, 'sigma_update': 0.4255980178283024, 'eta_learning': 0.12808454331611102, 'sigma_boundary': 6.120473597419875, 'alpha': 0.9978350964209614}. Best is trial 34 with value: 0.015997066057047767.
[I 2026-03-24 18:12:44,422] Trial 26 finished with value: 0.03537646830878184 and parameters: {'sigma_noise': 0.11875445363372941, 'A_repulsion': 0.4816624251082763, 'gamma': 0.07391578056844673, 'sigma_update': 0.19182528963218898, 'eta_learning': 0.07921338271052626, 'sigma_boundary': 9.222894500186609, 'alpha': 0.9641581684516558}. Best is trial 34 with value: 0.015997066057047767.
[I 2026-03-24 18:12:45,183] Trial 38 finished with value: 0.021664943073667804 and parameters: {'sigma_noise': 0.10138173088511979, 'A_repulsion': 0.3805237203397149, 'gamma': 0.5567185604100998, 'sigma_update': 0.50990794684504, 'eta_learning': 0.12203350716460575, 'sigma_boundary': 9.780229628222116, 'alpha': 0.9702705908288574}. Best is trial 34 with value: 0.015997066057047767.
[I 2026-03-24 18:12:47,461] Trial 36 finished with value: 0.019721496654867946 and parameters: {'sigma_noise': 0.11821056308676446, 'A_repulsion': 0.37681105735491793, 'gamma': 0.6300628284474419, 'sigma_update': 0.34192065062146765, 'eta_learning': 0.12953479556932498, 'sigma_boundary': 9.850095661127437, 'alpha': 0.9737784304455334}. Best is trial 34 with value: 0.015997066057047767.
[I 2026-03-24 18:12:48,970] Trial 41 finished with value: 0.021488146123905823 and parameters: {'sigma_noise': 0.09890322477056762, 'A_repulsion': 0.3778709014080242, 'gamma': 0.6380045741707543, 'sigma_update': 0.07484043096653684, 'eta_learning': 0.0661717214496973, 'sigma_boundary': 9.635243765121572, 'alpha': 0.9619195639069154}. Best is trial 34 with value: 0.015997066057047767.
[I 2026-03-24 18:12:53,207] Trial 40 finished with value: 0.020133301440033523 and parameters: {'sigma_noise': 0.09914579998482553, 'A_repulsion': 0.3631977253640344, 'gamma': 0.65364764496307, 'sigma_update': 0.06088484568195307, 'eta_learning': 0.06460860588216909, 'sigma_boundary': 9.928544726041123, 'alpha': 0.3927341645077627}. Best is trial 34 with value: 0.015997066057047767.
[I 2026-03-24 18:12:57,882] Trial 33 finished with value: 0.032530541890399736 and parameters: {'sigma_noise': 0.2637519941236165, 'A_repulsion': 0.38815648633122807, 'gamma': 0.6386684234450593, 'sigma_update': 0.3517540976542743, 'eta_learning': 0.11491757462659603, 'sigma_boundary': 6.1151082598164965, 'alpha': 0.9894148927249916}. Best is trial 34 with value: 0.015997066057047767.
[I 2026-03-24 18:12:58,987] Trial 39 finished with value: 0.020081167511876864 and parameters: {'sigma_noise': 0.11499930709703837, 'A_repulsion': 0.36757375572562434, 'gamma': 0.6371621905103275, 'sigma_update': 0.018608894117044972, 'eta_learning': 0.015117690152551877, 'sigma_boundary': 9.561025055981668, 'alpha': 0.3787183079271473}. Best is trial 34 with value: 0.015997066057047767.
[I 2026-03-24 18:13:02,560] Trial 44 finished with value: 0.022324595067571076 and parameters: {'sigma_noise': 0.09124897844160933, 'A_repulsion': 0.32675760927400815, 'gamma': 0.6437401709014621, 'sigma_update': 0.11191073160990869, 'eta_learning': 0.018967396158125087, 'sigma_boundary': 6.560513480311274, 'alpha': 0.38738996528577097}. Best is trial 34 with value: 0.015997066057047767.
[I 2026-03-24 18:13:03,002] Trial 32 finished with value: 0.04095001183030114 and parameters: {'sigma_noise': 0.279647885254046, 'A_repulsion': 0.3804120242167001, 'gamma': 0.601547510721517, 'sigma_update': 0.3789596902885316, 'eta_learning': 0.06539207128503399, 'sigma_boundary': 6.133970131708504, 'alpha': 0.9385813290298726}. Best is trial 34 with value: 0.015997066057047767.
[I 2026-03-24 18:13:08,419] Trial 45 finished with value: 0.027258373171146634 and parameters: {'sigma_noise': 0.0959280233967488, 'A_repulsion': 0.34930520999932557, 'gamma': 0.6294575873411139, 'sigma_update': 0.04533490932452594, 'eta_learning': 0.07024165819137704, 'sigma_boundary': 9.815884730294023, 'alpha': 0.3676067502469986}. Best is trial 34 with value: 0.015997066057047767.
[I 2026-03-24 18:13:08,909] Trial 42 finished with value: 0.026958510949687365 and parameters: {'sigma_noise': 0.09379117710995893, 'A_repulsion': 0.3806367258937661, 'gamma': 0.9883184011537248, 'sigma_update': 0.040640994390351605, 'eta_learning': 0.05543110607446737, 'sigma_boundary': 9.833256146965201, 'alpha': 0.4527835470244278}. Best is trial 34 with value: 0.015997066057047767.
[I 2026-03-24 18:13:09,757] Trial 47 finished with value: 0.02363778716554476 and parameters: {'sigma_noise': 0.09231661267656723, 'A_repulsion': 0.34052585717210254, 'gamma': 0.6468835283536465, 'sigma_update': 0.0740566882420775, 'eta_learning': 0.06398813894473186, 'sigma_boundary': 9.54201672793705, 'alpha': 0.4320020277268768}. Best is trial 34 with value: 0.015997066057047767.
[I 2026-03-24 18:13:09,979] Trial 43 finished with value: 0.027443400566523658 and parameters: {'sigma_noise': 0.1072526312156548, 'A_repulsion': 0.36346123692966364, 'gamma': 0.9898521706899746, 'sigma_update': 0.030415542063843073, 'eta_learning': 0.07380802752784463, 'sigma_boundary': 9.5485152464086, 'alpha': 0.4480992769077914}. Best is trial 34 with value: 0.015997066057047767.
[I 2026-03-24 18:13:12,945] Trial 46 finished with value: 0.02369592462362604 and parameters: {'sigma_noise': 0.08990319952487488, 'A_repulsion': 0.32591333748064866, 'gamma': 0.6281172858329144, 'sigma_update': 0.01875228930636702, 'eta_learning': 0.06841167505236115, 'sigma_boundary': 9.929556517826034, 'alpha': 0.3729567214560729}. Best is trial 34 with value: 0.015997066057047767.
[I 2026-03-24 18:13:30,319] Trial 49 finished with value: 0.023368361151208453 and parameters: {'sigma_noise': 0.08512782274712304, 'A_repulsion': 0.32807480532259625, 'gamma': 0.6557576152225422, 'sigma_update': 0.019594858190091435, 'eta_learning': 0.06634182420610711, 'sigma_boundary': 9.3091794004929, 'alpha': 0.40507534381844623}. Best is trial 34 with value: 0.015997066057047767.
[I 2026-03-24 18:13:32,282] Trial 50 finished with value: 0.020551273692539902 and parameters: {'sigma_noise': 0.0936328036781223, 'A_repulsion': 0.319698629180584, 'gamma': 0.6770643505364048, 'sigma_update': 0.052119114045227025, 'eta_learning': 0.07198232982441254, 'sigma_boundary': 7.140024982659266, 'alpha': 0.38797482331411115}. Best is trial 34 with value: 0.015997066057047767.
[I 2026-03-24 18:13:33,926] Trial 48 finished with value: 0.03137849709532136 and parameters: {'sigma_noise': 0.09621938520006332, 'A_repulsion': 0.3245881978486187, 'gamma': 0.665951037232027, 'sigma_update': 0.015598627626869081, 'eta_learning': 0.07065186714532648, 'sigma_boundary': 9.731161005983061, 'alpha': 0.4076928159160379}. Best is trial 34 with value: 0.015997066057047767.
[I 2026-03-24 18:13:38,705] Trial 52 finished with value: 0.024753343380729074 and parameters: {'sigma_noise': 0.10432808157595286, 'A_repulsion': 0.3102428199495728, 'gamma': 0.6142746546362641, 'sigma_update': 0.02559859393710997, 'eta_learning': 0.06708306483611293, 'sigma_boundary': 6.815842577917113, 'alpha': 0.39693740704967917}. Best is trial 34 with value: 0.015997066057047767.
[I 2026-03-24 18:13:39,130] Trial 51 finished with value: 0.027002866246170723 and parameters: {'sigma_noise': 0.10931087880687011, 'A_repulsion': 0.30664221107501843, 'gamma': 0.704436443492174, 'sigma_update': 0.027067233112946176, 'eta_learning': 0.06244763319288267, 'sigma_boundary': 6.875423941556866, 'alpha': 0.39347007642805243}. Best is trial 34 with value: 0.015997066057047767.
[I 2026-03-24 18:13:41,090] Trial 53 finished with value: 0.02357153148317277 and parameters: {'sigma_noise': 0.12432159004303565, 'A_repulsion': 0.3135203127207055, 'gamma': 0.5764574346971625, 'sigma_update': 0.024730655422917386, 'eta_learning': 0.06661035882848666, 'sigma_boundary': 6.683691138531716, 'alpha': 0.3938853227766871}. Best is trial 34 with value: 0.015997066057047767.
[I 2026-03-24 18:13:49,461] Trial 54 finished with value: 0.019035937484059913 and parameters: {'sigma_noise': 0.10307383011170057, 'A_repulsion': 0.49453549811127223, 'gamma': 0.7192356725342689, 'sigma_update': 0.5274091774997333, 'eta_learning': 0.06498543981992402, 'sigma_boundary': 1.905227191888253, 'alpha': 0.43069265839124804}. Best is trial 34 with value: 0.015997066057047767.
[I 2026-03-24 18:13:51,859] Trial 57 finished with value: 0.018464922599879304 and parameters: {'sigma_noise': 0.09364844417025882, 'A_repulsion': 0.4315445854393813, 'gamma': 0.7293435469901381, 'sigma_update': 0.3277734954506576, 'eta_learning': 0.06318991686493006, 'sigma_boundary': 2.209936688820838, 'alpha': 0.4217217060871097}. Best is trial 34 with value: 0.015997066057047767.
