[I 2026-03-24 17:00:34,427] A new study created in memory with name: no-name-86b87a39-0d52-44e2-8dc2-9f2fa65d4312
[I 2026-03-24 17:01:25,039] Trial 7 finished with value: 0.014586527684746102 and parameters: {'sigma_noise': 0.014167255907985232, 'A_repulsion': 0.015438281345180882, 'gamma': 0.04433108573758784, 'sigma_update': 0.36153911953052265, 'eta_learning': 0.1893561937624164, 'sigma_boundary': 7.076842152860585, 'alpha': 0.7518967415530278}. Best is trial 7 with value: 0.014586527684746102.
[I 2026-03-24 17:01:29,160] Trial 17 finished with value: 0.010898112559192576 and parameters: {'sigma_noise': 0.10292603364086836, 'A_repulsion': 0.13316053005897566, 'gamma': 0.09893869661172229, 'sigma_update': 0.2760839161888825, 'eta_learning': 0.12486260391494797, 'sigma_boundary': 5.484188570120311, 'alpha': 0.4634251923143544}. Best is trial 17 with value: 0.010898112559192576.
[I 2026-03-24 17:01:29,213] Trial 10 finished with value: 0.0626620881349978 and parameters: {'sigma_noise': 0.05303942327650391, 'A_repulsion': 0.02396185944573581, 'gamma': 0.9614652902568122, 'sigma_update': 0.3327736340000212, 'eta_learning': 0.0810121008584012, 'sigma_boundary': 0.9742226668468709, 'alpha': 0.6857789657545289}. Best is trial 17 with value: 0.010898112559192576.
[I 2026-03-24 17:01:29,783] Trial 2 finished with value: 0.008235027780314048 and parameters: {'sigma_noise': 0.08440577244785344, 'A_repulsion': 0.1654339637408937, 'gamma': 0.37907548552884335, 'sigma_update': 0.5228676601003139, 'eta_learning': 0.11881914767154127, 'sigma_boundary': 3.4768707727873696, 'alpha': 0.8155221457806975}. Best is trial 2 with value: 0.008235027780314048.
[I 2026-03-24 17:01:30,353] Trial 0 finished with value: 0.008309220873498141 and parameters: {'sigma_noise': 0.10306634801771011, 'A_repulsion': 0.11805972738205672, 'gamma': 0.48790717524368443, 'sigma_update': 0.5130567638197506, 'eta_learning': 0.11316003729092437, 'sigma_boundary': 8.751509287651656, 'alpha': 0.7157607249408593}. Best is trial 2 with value: 0.008235027780314048.
[I 2026-03-24 17:01:30,701] Trial 21 finished with value: 0.02031260650013323 and parameters: {'sigma_noise': 0.027830489057704598, 'A_repulsion': 0.056934791896565196, 'gamma': 0.6053203368960334, 'sigma_update': 0.34826528048618877, 'eta_learning': 0.01236696890135151, 'sigma_boundary': 4.398880998841524, 'alpha': 0.7107845897811382}. Best is trial 2 with value: 0.008235027780314048.
[I 2026-03-24 17:01:33,703] Trial 12 finished with value: 0.016493956100806655 and parameters: {'sigma_noise': 0.12547830914309593, 'A_repulsion': 0.11566116799134929, 'gamma': 0.752017518373269, 'sigma_update': 0.5676393227473574, 'eta_learning': 0.06091618343069123, 'sigma_boundary': 6.889118892104392, 'alpha': 0.2723011586926799}. Best is trial 2 with value: 0.008235027780314048.
[I 2026-03-24 17:01:35,119] Trial 5 finished with value: 0.04245523040252708 and parameters: {'sigma_noise': 0.16301337227624102, 'A_repulsion': 0.14261511411974231, 'gamma': 0.6482072702241161, 'sigma_update': 0.642430345565896, 'eta_learning': 0.057839518822838054, 'sigma_boundary': 2.5663495408398074, 'alpha': 0.1004007590180751}. Best is trial 2 with value: 0.008235027780314048.
[I 2026-03-24 17:01:36,156] Trial 19 finished with value: 0.010827121655833043 and parameters: {'sigma_noise': 0.04400263324458361, 'A_repulsion': 0.45249873865692236, 'gamma': 0.12557356704300632, 'sigma_update': 0.38159104859221843, 'eta_learning': 0.03383543806880451, 'sigma_boundary': 4.435624853804636, 'alpha': 0.22822586401918332}. Best is trial 2 with value: 0.008235027780314048.
[I 2026-03-24 17:01:36,325] Trial 8 finished with value: 0.032535015950401314 and parameters: {'sigma_noise': 0.03389330364725297, 'A_repulsion': 0.3886461168403853, 'gamma': 0.9421339904686921, 'sigma_update': 0.15993608798746492, 'eta_learning': 0.09051740800354717, 'sigma_boundary': 3.082080614453193, 'alpha': 0.866454044489728}. Best is trial 2 with value: 0.008235027780314048.
[I 2026-03-24 17:01:36,680] Trial 18 finished with value: 0.02487628835273472 and parameters: {'sigma_noise': 0.09820112048603302, 'A_repulsion': 0.19642838040582428, 'gamma': 0.25299960714591135, 'sigma_update': 0.48362230239597337, 'eta_learning': 0.15279485353183783, 'sigma_boundary': 0.09962385240875139, 'alpha': 0.7200350920816637}. Best is trial 2 with value: 0.008235027780314048.
[I 2026-03-24 17:01:38,562] Trial 1 finished with value: 0.03058789028737723 and parameters: {'sigma_noise': 0.04501762026898214, 'A_repulsion': 0.44166315585750304, 'gamma': 0.7844021156521649, 'sigma_update': 0.14537908397709, 'eta_learning': 0.11919477603049067, 'sigma_boundary': 1.970740588519434, 'alpha': 0.8429706523971444}. Best is trial 2 with value: 0.008235027780314048.
[I 2026-03-24 17:01:40,654] Trial 23 finished with value: 0.060548586230374166 and parameters: {'sigma_noise': 0.1782705963213833, 'A_repulsion': 0.20152158185193875, 'gamma': 0.3273697318519735, 'sigma_update': 0.4143355745700424, 'eta_learning': 0.13638621042566923, 'sigma_boundary': 1.3281571655496918, 'alpha': 0.25475441615547745}. Best is trial 2 with value: 0.008235027780314048.
[I 2026-03-24 17:01:48,379] Trial 14 finished with value: 0.03290105185982291 and parameters: {'sigma_noise': 0.14648963721137714, 'A_repulsion': 0.4723533378011973, 'gamma': 0.09354803691328355, 'sigma_update': 0.13732962702137433, 'eta_learning': 0.11992354054098132, 'sigma_boundary': 7.966040705975523, 'alpha': 0.8211169121522404}. Best is trial 2 with value: 0.008235027780314048.
[I 2026-03-24 17:01:49,631] Trial 22 finished with value: 0.06603127465987632 and parameters: {'sigma_noise': 0.2818702338867624, 'A_repulsion': 0.12976788992046195, 'gamma': 0.37414993902981303, 'sigma_update': 0.400499226076746, 'eta_learning': 0.11060111006376114, 'sigma_boundary': 9.975104679199141, 'alpha': 0.8124237393148976}. Best is trial 2 with value: 0.008235027780314048.
[I 2026-03-24 17:01:50,630] Trial 3 finished with value: 0.02326200659156109 and parameters: {'sigma_noise': 0.17104802749168596, 'A_repulsion': 0.4878341804335002, 'gamma': 0.8801648554939001, 'sigma_update': 0.30140447906476747, 'eta_learning': 0.06504077331052284, 'sigma_boundary': 6.5603268510557005, 'alpha': 0.5580957502410901}. Best is trial 2 with value: 0.008235027780314048.
[I 2026-03-24 17:01:51,137] Trial 9 finished with value: 0.028037971097862557 and parameters: {'sigma_noise': 0.2326398788548098, 'A_repulsion': 0.3303894942289989, 'gamma': 0.7810364733487781, 'sigma_update': 0.2701699379938505, 'eta_learning': 0.09038710993351147, 'sigma_boundary': 3.3060003304225827, 'alpha': 0.982872201621672}. Best is trial 2 with value: 0.008235027780314048.
[I 2026-03-24 17:01:54,620] Trial 4 finished with value: 0.03433785484566782 and parameters: {'sigma_noise': 0.2198420064080588, 'A_repulsion': 0.4066455494576476, 'gamma': 0.2975091612050623, 'sigma_update': 0.20289693047451712, 'eta_learning': 0.11560032668745261, 'sigma_boundary': 2.1434121939376793, 'alpha': 0.2879181968635497}. Best is trial 2 with value: 0.008235027780314048.
[I 2026-03-24 17:01:55,290] Trial 20 finished with value: 0.1642805597317929 and parameters: {'sigma_noise': 0.20360917524967728, 'A_repulsion': 0.27110204333437943, 'gamma': 0.75151516856544, 'sigma_update': 0.01796693761301997, 'eta_learning': 0.03136553334640952, 'sigma_boundary': 8.083607762470809, 'alpha': 0.7078884840690145}. Best is trial 2 with value: 0.008235027780314048.
[I 2026-03-24 17:01:55,363] Trial 13 finished with value: 0.037610816889603715 and parameters: {'sigma_noise': 0.2758096166647027, 'A_repulsion': 0.2730446150982833, 'gamma': 0.6263884416531589, 'sigma_update': 0.1858053629928168, 'eta_learning': 0.04412881079269795, 'sigma_boundary': 3.1982608367317242, 'alpha': 0.6279931317396671}. Best is trial 2 with value: 0.008235027780314048.
[I 2026-03-24 17:01:55,763] Trial 11 finished with value: 0.10262138365640758 and parameters: {'sigma_noise': 0.23841180860992398, 'A_repulsion': 0.41511259044194027, 'gamma': 0.6853226260575923, 'sigma_update': 0.6699208934444323, 'eta_learning': 0.1120060365500737, 'sigma_boundary': 4.019765120085114, 'alpha': 0.29468470728520746}. Best is trial 2 with value: 0.008235027780314048.
[I 2026-03-24 17:02:02,826] Trial 16 finished with value: 0.18340352812821997 and parameters: {'sigma_noise': 0.21824716512267126, 'A_repulsion': 0.4246012620258114, 'gamma': 0.4140664617252183, 'sigma_update': 0.2867418497131018, 'eta_learning': 0.15741994733107778, 'sigma_boundary': 6.490133448115483, 'alpha': 0.13998634415523026}. Best is trial 2 with value: 0.008235027780314048.
[I 2026-03-24 17:02:07,013] Trial 15 finished with value: 0.08702018364503254 and parameters: {'sigma_noise': 0.269656238106568, 'A_repulsion': 0.3548150270027689, 'gamma': 0.5114667522112157, 'sigma_update': 0.5647625911329768, 'eta_learning': 0.1923925203570193, 'sigma_boundary': 7.351861214157386, 'alpha': 0.7425733526967282}. Best is trial 2 with value: 0.008235027780314048.
[I 2026-03-24 17:02:13,427] Trial 6 finished with value: 0.0347342671132027 and parameters: {'sigma_noise': 0.23080036120868377, 'A_repulsion': 0.47134384084808995, 'gamma': 0.8150283413818246, 'sigma_update': 0.059238679747665224, 'eta_learning': 0.096420530911658, 'sigma_boundary': 1.648996069480439, 'alpha': 0.47459087101043695}. Best is trial 2 with value: 0.008235027780314048.
[I 2026-03-24 17:02:23,901] Trial 24 finished with value: 0.006010515178151547 and parameters: {'sigma_noise': 0.06465471044801602, 'A_repulsion': 0.1375723727393151, 'gamma': 0.5439239423400474, 'sigma_update': 0.4102771761897825, 'eta_learning': 0.048364353226748806, 'sigma_boundary': 0.8514644888640367, 'alpha': 0.9136284450000538}. Best is trial 24 with value: 0.006010515178151547.
[I 2026-03-24 17:02:28,158] Trial 29 finished with value: 0.004144163162958995 and parameters: {'sigma_noise': 0.03844351200729786, 'A_repulsion': 0.12899681533759771, 'gamma': 0.19382957533544923, 'sigma_update': 0.24297659917737122, 'eta_learning': 0.18881017818929852, 'sigma_boundary': 8.928503920947676, 'alpha': 0.37967256035555397}. Best is trial 29 with value: 0.004144163162958995.
[I 2026-03-24 17:02:31,177] Trial 28 finished with value: 0.015127762122194322 and parameters: {'sigma_noise': 0.05652075385073684, 'A_repulsion': 0.30983073660320687, 'gamma': 0.03344517609320963, 'sigma_update': 0.11935144182011402, 'eta_learning': 0.19760603541244415, 'sigma_boundary': 3.0400363250181623, 'alpha': 0.5359055973932605}. Best is trial 29 with value: 0.004144163162958995.
[I 2026-03-24 17:02:31,601] Trial 31 finished with value: 0.09707987978062707 and parameters: {'sigma_noise': 0.19670760599108256, 'A_repulsion': 0.008396181160573835, 'gamma': 0.14168550588317302, 'sigma_update': 0.587161292573334, 'eta_learning': 0.12271513983121232, 'sigma_boundary': 6.163854690068513, 'alpha': 0.1312285666506916}. Best is trial 29 with value: 0.004144163162958995.
[I 2026-03-24 17:02:36,077] Trial 32 finished with value: 0.030084692886955748 and parameters: {'sigma_noise': 0.1614316289956928, 'A_repulsion': 0.038300630809463776, 'gamma': 0.6481273615900619, 'sigma_update': 0.07417839662171746, 'eta_learning': 0.013101530714974392, 'sigma_boundary': 1.5889217973743808, 'alpha': 0.6853810908800888}. Best is trial 29 with value: 0.004144163162958995.
[I 2026-03-24 17:02:41,596] Trial 26 finished with value: 0.03216747916173794 and parameters: {'sigma_noise': 0.2603247801495031, 'A_repulsion': 0.22545405585072048, 'gamma': 0.6231885145540004, 'sigma_update': 0.24684630753969627, 'eta_learning': 0.053750703138831145, 'sigma_boundary': 3.8671840977645258, 'alpha': 0.6301756347991334}. Best is trial 29 with value: 0.004144163162958995.
[I 2026-03-24 17:02:46,782] Trial 30 finished with value: 0.011969795561296667 and parameters: {'sigma_noise': 0.09838461895001889, 'A_repulsion': 0.43165783163111915, 'gamma': 0.7525614246614292, 'sigma_update': 0.15408030383149854, 'eta_learning': 0.14681302437505586, 'sigma_boundary': 1.1690432687927483, 'alpha': 0.22726036469735744}. Best is trial 29 with value: 0.004144163162958995.
[I 2026-03-24 17:02:52,371] Trial 25 finished with value: 0.06618038189603109 and parameters: {'sigma_noise': 0.24816118363508377, 'A_repulsion': 0.34618943169785993, 'gamma': 0.5155127011628741, 'sigma_update': 0.6185709229827618, 'eta_learning': 0.043001134281264355, 'sigma_boundary': 2.5515988761384887, 'alpha': 0.2847317973798015}. Best is trial 29 with value: 0.004144163162958995.
[I 2026-03-24 17:02:53,099] Trial 39 finished with value: 0.009246896095600496 and parameters: {'sigma_noise': 0.08437197625589445, 'A_repulsion': 0.32794765400843495, 'gamma': 0.45351126941660896, 'sigma_update': 0.5275912667902104, 'eta_learning': 0.1570259881534117, 'sigma_boundary': 9.964376610160066, 'alpha': 0.9648483956300373}. Best is trial 29 with value: 0.004144163162958995.
[I 2026-03-24 17:02:54,314] Trial 43 finished with value: 0.013827317271978976 and parameters: {'sigma_noise': 0.07755600313360986, 'A_repulsion': 0.07401614956866684, 'gamma': 0.4697696059518633, 'sigma_update': 0.5128043154010503, 'eta_learning': 0.1491772154320331, 'sigma_boundary': 9.215257565477831, 'alpha': 0.43846539054448597}. Best is trial 29 with value: 0.004144163162958995.
[I 2026-03-24 17:02:54,353] Trial 44 finished with value: 0.012601567771420113 and parameters: {'sigma_noise': 0.07435373855314656, 'A_repulsion': 0.20262162909973697, 'gamma': 0.4703638135413173, 'sigma_update': 0.505973118500383, 'eta_learning': 0.15324766499064613, 'sigma_boundary': 5.367770537919592, 'alpha': 0.4324879414717082}. Best is trial 29 with value: 0.004144163162958995.
[I 2026-03-24 17:02:54,606] Trial 34 finished with value: 0.052500382063319084 and parameters: {'sigma_noise': 0.2238737973154934, 'A_repulsion': 0.2857107814463271, 'gamma': 0.39819236078055775, 'sigma_update': 0.5032066318047372, 'eta_learning': 0.12748910229929494, 'sigma_boundary': 9.75913337257601, 'alpha': 0.941437526015267}. Best is trial 29 with value: 0.004144163162958995.
[I 2026-03-24 17:02:54,769] Trial 42 finished with value: 0.010786688457510532 and parameters: {'sigma_noise': 0.07892736306084892, 'A_repulsion': 0.2055038288541457, 'gamma': 0.46733628916684966, 'sigma_update': 0.5075413656827132, 'eta_learning': 0.1523548271773265, 'sigma_boundary': 9.839295042215783, 'alpha': 0.46790172472678304}. Best is trial 29 with value: 0.004144163162958995.
[I 2026-03-24 17:02:55,835] Trial 40 finished with value: 0.01575987165468929 and parameters: {'sigma_noise': 0.07485061634991541, 'A_repulsion': 0.28623892447555027, 'gamma': 0.48479058715961126, 'sigma_update': 0.6876087975702913, 'eta_learning': 0.17262313126389894, 'sigma_boundary': 9.409747846039087, 'alpha': 0.5491681635015224}. Best is trial 29 with value: 0.004144163162958995.
[I 2026-03-24 17:02:56,027] Trial 35 finished with value: 0.07536940131541943 and parameters: {'sigma_noise': 0.2504833953756376, 'A_repulsion': 0.3005460796685035, 'gamma': 0.38516649616959137, 'sigma_update': 0.5024998696991023, 'eta_learning': 0.1462457322446986, 'sigma_boundary': 9.791339371629551, 'alpha': 0.9664884561851015}. Best is trial 29 with value: 0.004144163162958995.
[I 2026-03-24 17:02:56,852] Trial 27 finished with value: 0.19074348020375256 and parameters: {'sigma_noise': 0.2637389416926523, 'A_repulsion': 0.3914380949828711, 'gamma': 0.08635165347622366, 'sigma_update': 0.5560720947898521, 'eta_learning': 0.0721778584328903, 'sigma_boundary': 1.9334754463206154, 'alpha': 0.24810173833218052}. Best is trial 29 with value: 0.004144163162958995.
[I 2026-03-24 17:03:01,369] Trial 41 finished with value: 0.012060348064464725 and parameters: {'sigma_noise': 0.08123765187926549, 'A_repulsion': 0.3037349499435798, 'gamma': 0.4967284192733575, 'sigma_update': 0.541213362524891, 'eta_learning': 0.17144389568746382, 'sigma_boundary': 8.496020056618743, 'alpha': 0.5524740611425003}. Best is trial 29 with value: 0.004144163162958995.
[I 2026-03-24 17:03:01,763] Trial 36 finished with value: 0.06396868875955021 and parameters: {'sigma_noise': 0.24091258182175793, 'A_repulsion': 0.30534336991942573, 'gamma': 0.4336349949300015, 'sigma_update': 0.5406493357625404, 'eta_learning': 0.1626933693945343, 'sigma_boundary': 9.610283793903573, 'alpha': 0.9583941073001784}. Best is trial 29 with value: 0.004144163162958995.
[I 2026-03-24 17:03:02,069] Trial 33 finished with value: 0.24584515131607365 and parameters: {'sigma_noise': 0.22985060935724652, 'A_repulsion': 0.2769355740566658, 'gamma': 0.3460082348440575, 'sigma_update': 0.020550291439060786, 'eta_learning': 0.15478101718206, 'sigma_boundary': 0.7473172257215763, 'alpha': 0.990703904401826}. Best is trial 29 with value: 0.004144163162958995.
[I 2026-03-24 17:03:04,796] Trial 45 finished with value: 0.011321532309201403 and parameters: {'sigma_noise': 0.07023748369203166, 'A_repulsion': 0.22024612538138066, 'gamma': 0.482923348197483, 'sigma_update': 0.5027862441576841, 'eta_learning': 0.14613563695798718, 'sigma_boundary': 5.053835830669182, 'alpha': 0.46153682439896}. Best is trial 29 with value: 0.004144163162958995.
[I 2026-03-24 17:03:06,651] Trial 38 finished with value: 0.1026548012310539 and parameters: {'sigma_noise': 0.20359115468237177, 'A_repulsion': 0.29496707540961287, 'gamma': 0.47819950979051007, 'sigma_update': 0.6686289327008454, 'eta_learning': 0.16630109418485867, 'sigma_boundary': 9.87785593952741, 'alpha': 0.49081613718381983}. Best is trial 29 with value: 0.004144163162958995.
[I 2026-03-24 17:03:10,065] Trial 37 finished with value: 0.06383997046559743 and parameters: {'sigma_noise': 0.2441433506310941, 'A_repulsion': 0.30422459690783604, 'gamma': 0.4181857958274919, 'sigma_update': 0.5229266076251486, 'eta_learning': 0.16489604759231458, 'sigma_boundary': 9.662121619071135, 'alpha': 0.9891539329408477}. Best is trial 29 with value: 0.004144163162958995.
[I 2026-03-24 17:03:10,120] Trial 46 finished with value: 0.02274623556156813 and parameters: {'sigma_noise': 0.07175946112556716, 'A_repulsion': 0.19916362629676704, 'gamma': 0.20379330601091264, 'sigma_update': 0.49338601093155404, 'eta_learning': 0.14052183587185704, 'sigma_boundary': 5.37318837885982, 'alpha': 0.4165026876667307}. Best is trial 29 with value: 0.004144163162958995.
[I 2026-03-24 17:03:14,531] Trial 47 finished with value: 0.0319760291576762 and parameters: {'sigma_noise': 0.07003178789635042, 'A_repulsion': 0.20429036815471063, 'gamma': 0.19601249961411973, 'sigma_update': 0.4833545814025345, 'eta_learning': 0.15072842378194073, 'sigma_boundary': 5.5040774484888555, 'alpha': 0.01393404772272322}. Best is trial 29 with value: 0.004144163162958995.
[I 2026-03-24 17:03:20,469] Trial 48 finished with value: 0.008733102368831647 and parameters: {'sigma_noise': 0.07914748707433931, 'A_repulsion': 0.08230353601815035, 'gamma': 0.49251517102391695, 'sigma_update': 0.47315229389375474, 'eta_learning': 0.1526379043590828, 'sigma_boundary': 9.961185867133796, 'alpha': 0.9827683543876908}. Best is trial 29 with value: 0.004144163162958995.
[I 2026-03-24 17:03:28,333] Trial 49 finished with value: 0.012212144009283828 and parameters: {'sigma_noise': 0.07146407530530266, 'A_repulsion': 0.18733984553906097, 'gamma': 0.20465579759487176, 'sigma_update': 0.46973894120636583, 'eta_learning': 0.1706710437136809, 'sigma_boundary': 5.543756466155107, 'alpha': 0.9961691701697157}. Best is trial 29 with value: 0.004144163162958995.
[I 2026-03-24 17:03:28,965] Trial 51 finished with value: 0.03614646225057879 and parameters: {'sigma_noise': 0.07795703158990082, 'A_repulsion': 0.1889147048050803, 'gamma': 0.2420132501888909, 'sigma_update': 0.465735870687899, 'eta_learning': 0.17331711119150423, 'sigma_boundary': 0.14166336360660603, 'alpha': 0.3984459968794261}. Best is trial 29 with value: 0.004144163162958995.
[I 2026-03-24 17:03:31,921] Trial 50 finished with value: 0.010870373887455823 and parameters: {'sigma_noise': 0.0863180869178696, 'A_repulsion': 0.19112628456825057, 'gamma': 0.1719528698391894, 'sigma_update': 0.46141731737049985, 'eta_learning': 0.17475074227595053, 'sigma_boundary': 0.4234607320881181, 'alpha': 0.40817985735272166}. Best is trial 29 with value: 0.004144163162958995.
[I 2026-03-24 17:03:38,120] Trial 52 finished with value: 0.012833412584463163 and parameters: {'sigma_noise': 0.08564886643936964, 'A_repulsion': 0.07862202852519617, 'gamma': 0.212906765535436, 'sigma_update': 0.46038509347731665, 'eta_learning': 0.16819679793577205, 'sigma_boundary': 9.67938544161361, 'alpha': 0.9538983112838277}. Best is trial 29 with value: 0.004144163162958995.
[I 2026-03-24 17:03:40,627] Trial 53 finished with value: 0.0070855620840166705 and parameters: {'sigma_noise': 0.07693133781914684, 'A_repulsion': 0.09855822148319024, 'gamma': 0.4723655844981945, 'sigma_update': 0.4774537286372892, 'eta_learning': 0.1711217176616399, 'sigma_boundary': 9.772635929483313, 'alpha': 0.9928749496858907}. Best is trial 29 with value: 0.004144163162958995.
[I 2026-03-24 17:03:43,205] Trial 54 finished with value: 0.00834078486266977 and parameters: {'sigma_noise': 0.07589814129264681, 'A_repulsion': 0.07999678532613642, 'gamma': 0.46639862717157504, 'sigma_update': 0.4900693447619613, 'eta_learning': 0.17082180139226066, 'sigma_boundary': 9.73280098480223, 'alpha': 0.9464426374437489}. Best is trial 29 with value: 0.004144163162958995.
[I 2026-03-24 17:03:48,827] Trial 56 finished with value: 0.017794291445653056 and parameters: {'sigma_noise': 0.06248004563857992, 'A_repulsion': 0.09064463498553327, 'gamma': 0.2124043661673325, 'sigma_update': 0.4604309512402368, 'eta_learning': 0.17599767252399198, 'sigma_boundary': 9.333039991619666, 'alpha': 0.3976630583057508}. Best is trial 29 with value: 0.004144163162958995.
