[I 2026-03-24 17:06:01,556] Trial 113 finished with value: 0.012529919785840792 and parameters: {'sigma_noise': 0.04411058471677773, 'A_repulsion': 0.14255941031577912, 'gamma': 0.6528584031457189, 'sigma_update': 0.35876162077935, 'eta_learning': 0.11593899143680174, 'sigma_boundary': 8.006639764142239, 'alpha': 0.8420705346029814}. Best is trial 29 with value: 0.004144163162958995.
[I 2026-03-24 17:06:02,378] Trial 110 finished with value: 0.0077841209530191 and parameters: {'sigma_noise': 0.14185165134068076, 'A_repulsion': 0.1332543708597417, 'gamma': 0.6930648821610623, 'sigma_update': 0.3741363486726457, 'eta_learning': 0.1151440280433009, 'sigma_boundary': 8.250146014951675, 'alpha': 0.8340096068839308}. Best is trial 29 with value: 0.004144163162958995.
[I 2026-03-24 17:06:02,997] Trial 114 finished with value: 0.012654920691669328 and parameters: {'sigma_noise': 0.03636712729803128, 'A_repulsion': 0.14297531555268347, 'gamma': 0.6823851119362813, 'sigma_update': 0.3505014089824272, 'eta_learning': 0.11148173753443101, 'sigma_boundary': 8.419138909105861, 'alpha': 0.8412609015635741}. Best is trial 29 with value: 0.004144163162958995.
[I 2026-03-24 17:06:03,941] Trial 115 finished with value: 0.011274055431620534 and parameters: {'sigma_noise': 0.035670508767692094, 'A_repulsion': 0.143725606070967, 'gamma': 0.6551906371780236, 'sigma_update': 0.3494740268955534, 'eta_learning': 0.11421362852860574, 'sigma_boundary': 8.245820984536177, 'alpha': 0.839927353361899}. Best is trial 29 with value: 0.004144163162958995.
[I 2026-03-24 17:06:07,524] Trial 117 finished with value: 0.012045767373802896 and parameters: {'sigma_noise': 0.03956716772547951, 'A_repulsion': 0.14674660533770756, 'gamma': 0.686491493588511, 'sigma_update': 0.3518302938505182, 'eta_learning': 0.08875531465613483, 'sigma_boundary': 8.26735622697614, 'alpha': 0.8452793703960796}. Best is trial 29 with value: 0.004144163162958995.
[I 2026-03-24 17:06:09,995] Trial 116 finished with value: 0.012966370249354374 and parameters: {'sigma_noise': 0.042335221901171026, 'A_repulsion': 0.1362007569945713, 'gamma': 0.6844044579767736, 'sigma_update': 0.3525831859421297, 'eta_learning': 0.0882058584160545, 'sigma_boundary': 8.203877564299178, 'alpha': 0.8493852855804116}. Best is trial 29 with value: 0.004144163162958995.
[I 2026-03-24 17:06:10,127] Trial 118 finished with value: 0.01797770994617473 and parameters: {'sigma_noise': 0.0422529153498665, 'A_repulsion': 0.05810107827207255, 'gamma': 0.6877778853771994, 'sigma_update': 0.23202673071069607, 'eta_learning': 0.08754942188244003, 'sigma_boundary': 8.477389083559924, 'alpha': 0.8572942104866841}. Best is trial 29 with value: 0.004144163162958995.
[I 2026-03-24 17:06:12,415] Trial 119 finished with value: 0.007170148438839591 and parameters: {'sigma_noise': 0.04294698982173827, 'A_repulsion': 0.0639807254179858, 'gamma': 0.16337477117094223, 'sigma_update': 0.23865356925658854, 'eta_learning': 0.19434745287383373, 'sigma_boundary': 7.023545693390974, 'alpha': 0.847876479535781}. Best is trial 29 with value: 0.004144163162958995.
[I 2026-03-24 17:06:22,273] Trial 121 finished with value: 0.01199805581080836 and parameters: {'sigma_noise': 0.053807103184505135, 'A_repulsion': 0.04848045292066605, 'gamma': 0.6308085002905108, 'sigma_update': 0.2375107690625337, 'eta_learning': 0.1957711935098874, 'sigma_boundary': 8.322466960363672, 'alpha': 0.8539536986186822}. Best is trial 29 with value: 0.004144163162958995.
[I 2026-03-24 17:06:22,437] Trial 120 finished with value: 0.013292704757721234 and parameters: {'sigma_noise': 0.04066933671766476, 'A_repulsion': 0.13070169508673316, 'gamma': 0.6991309909941553, 'sigma_update': 0.3554854607510582, 'eta_learning': 0.1991071252356806, 'sigma_boundary': 8.255810050719926, 'alpha': 0.8487251820781785}. Best is trial 29 with value: 0.004144163162958995.
[I 2026-03-24 17:06:24,615] Trial 122 finished with value: 0.005052600575905206 and parameters: {'sigma_noise': 0.043350700686391797, 'A_repulsion': 0.06063882164490603, 'gamma': 0.3444380119584178, 'sigma_update': 0.35209224383262716, 'eta_learning': 0.11527570686986223, 'sigma_boundary': 8.353605817847459, 'alpha': 0.8550548072251966}. Best is trial 29 with value: 0.004144163162958995.
[I 2026-03-24 17:06:25,576] Trial 123 finished with value: 0.00686777448736648 and parameters: {'sigma_noise': 0.037414249471946534, 'A_repulsion': 0.14594843180356484, 'gamma': 0.16780208475316474, 'sigma_update': 0.2382470568004921, 'eta_learning': 0.19780081297928015, 'sigma_boundary': 8.269901471030149, 'alpha': 0.8512705043524392}. Best is trial 29 with value: 0.004144163162958995.
[I 2026-03-24 17:06:35,785] Trial 124 finished with value: 0.016822309983250218 and parameters: {'sigma_noise': 0.04275669961322495, 'A_repulsion': 0.05030174945804472, 'gamma': 0.6156218582344952, 'sigma_update': 0.20897662806146394, 'eta_learning': 0.1952593248570491, 'sigma_boundary': 8.347102884026443, 'alpha': 0.8490939510316786}. Best is trial 29 with value: 0.004144163162958995.
[I 2026-03-24 17:06:41,016] Trial 125 finished with value: 0.014363104952603954 and parameters: {'sigma_noise': 0.037891630981315025, 'A_repulsion': 0.06337710625449916, 'gamma': 0.6192537364815507, 'sigma_update': 0.19139720202402744, 'eta_learning': 0.19506605564188806, 'sigma_boundary': 8.249241829395244, 'alpha': 0.928587930422972}. Best is trial 29 with value: 0.004144163162958995.
[I 2026-03-24 17:06:43,409] Trial 127 finished with value: 0.008011654039422106 and parameters: {'sigma_noise': 0.04556378186851168, 'A_repulsion': 0.14763898272595272, 'gamma': 0.6090582284492349, 'sigma_update': 0.22893405135931377, 'eta_learning': 0.1965917594133693, 'sigma_boundary': 8.284143015079962, 'alpha': 0.9252738303878364}. Best is trial 29 with value: 0.004144163162958995.
[I 2026-03-24 17:06:43,828] Trial 126 finished with value: 0.01812909520786892 and parameters: {'sigma_noise': 0.0447382194756426, 'A_repulsion': 0.05739758087061591, 'gamma': 0.6243510153548714, 'sigma_update': 0.22411544178090181, 'eta_learning': 0.10908378273274028, 'sigma_boundary': 8.373045147677036, 'alpha': 0.9337587299288418}. Best is trial 29 with value: 0.004144163162958995.
[I 2026-03-24 17:06:44,902] Trial 129 finished with value: 0.005233048856947409 and parameters: {'sigma_noise': 0.04019959002395883, 'A_repulsion': 0.06799599492758426, 'gamma': 0.27206994187619504, 'sigma_update': 0.2822533321165159, 'eta_learning': 0.11079216116748526, 'sigma_boundary': 8.328726543700887, 'alpha': 0.8547509094518819}. Best is trial 29 with value: 0.004144163162958995.
[I 2026-03-24 17:06:48,717] Trial 128 finished with value: 0.016581050447798954 and parameters: {'sigma_noise': 0.04130718669027232, 'A_repulsion': 0.06189121661610778, 'gamma': 0.6195022258890431, 'sigma_update': 0.2607075054312515, 'eta_learning': 0.11567055885646857, 'sigma_boundary': 8.319490497387724, 'alpha': 0.8526465862855849}. Best is trial 29 with value: 0.004144163162958995.
[I 2026-03-24 17:06:49,563] Trial 130 finished with value: 0.018074766144722244 and parameters: {'sigma_noise': 0.042278505428712844, 'A_repulsion': 0.044389765747029644, 'gamma': 0.6146062770437739, 'sigma_update': 0.25861152329160186, 'eta_learning': 0.19659605868240806, 'sigma_boundary': 8.387774297018952, 'alpha': 0.929029677068866}. Best is trial 29 with value: 0.004144163162958995.
[I 2026-03-24 17:06:53,151] Trial 131 finished with value: 0.006812299029514244 and parameters: {'sigma_noise': 0.14033404169726257, 'A_repulsion': 0.0483358677713798, 'gamma': 0.6217234838335796, 'sigma_update': 0.34594971058975593, 'eta_learning': 0.11646144857852656, 'sigma_boundary': 8.431767741127402, 'alpha': 0.9261648162430528}. Best is trial 29 with value: 0.004144163162958995.
[I 2026-03-24 17:06:56,919] Trial 133 finished with value: 0.017301443306394854 and parameters: {'sigma_noise': 0.15380399978756823, 'A_repulsion': 0.05346643489913412, 'gamma': 0.1620349436346905, 'sigma_update': 0.24575254527522056, 'eta_learning': 0.19921242013815152, 'sigma_boundary': 7.166146238637481, 'alpha': 0.9331911705838252}. Best is trial 29 with value: 0.004144163162958995.
[I 2026-03-24 17:06:59,559] Trial 135 finished with value: 0.014121239436101728 and parameters: {'sigma_noise': 0.13899986477000642, 'A_repulsion': 0.05672358008845712, 'gamma': 0.17342765663039464, 'sigma_update': 0.25511062833002757, 'eta_learning': 0.19496270644884575, 'sigma_boundary': 9.245528375907279, 'alpha': 0.9248486491919715}. Best is trial 29 with value: 0.004144163162958995.
[I 2026-03-24 17:07:00,829] Trial 137 finished with value: 0.008491871143365835 and parameters: {'sigma_noise': 0.10695184930491586, 'A_repulsion': 0.045938479525322595, 'gamma': 0.2705758152518041, 'sigma_update': 0.2363247530486403, 'eta_learning': 0.19407659767312094, 'sigma_boundary': 6.874567474894021, 'alpha': 0.9381286682799392}. Best is trial 29 with value: 0.004144163162958995.
[I 2026-03-24 17:07:01,184] Trial 138 finished with value: 0.0068656369553959365 and parameters: {'sigma_noise': 0.05226498839144478, 'A_repulsion': 0.0656680934491862, 'gamma': 0.14638411988531208, 'sigma_update': 0.34005796164213564, 'eta_learning': 0.1982141141783272, 'sigma_boundary': 6.998826516322376, 'alpha': 0.9241034364486918}. Best is trial 29 with value: 0.004144163162958995.
[I 2026-03-24 17:07:02,779] Trial 134 finished with value: 0.011183180960041374 and parameters: {'sigma_noise': 0.1458661468300798, 'A_repulsion': 0.15063226706637944, 'gamma': 0.17270777138382837, 'sigma_update': 0.21309964366697187, 'eta_learning': 0.19914908493924055, 'sigma_boundary': 7.189000512826382, 'alpha': 0.9258681345488672}. Best is trial 29 with value: 0.004144163162958995.
[I 2026-03-24 17:07:03,679] Trial 141 finished with value: 0.007305570731104728 and parameters: {'sigma_noise': 0.0511598857252447, 'A_repulsion': 0.06701861387548665, 'gamma': 0.16394845036068514, 'sigma_update': 0.25257470309290875, 'eta_learning': 0.19630074952129115, 'sigma_boundary': 9.170950676493176, 'alpha': 0.9311300341824713}. Best is trial 29 with value: 0.004144163162958995.
[I 2026-03-24 17:07:06,318] Trial 139 finished with value: 0.012978926886509024 and parameters: {'sigma_noise': 0.1063496897094601, 'A_repulsion': 0.2444584096485578, 'gamma': 0.17003615103977476, 'sigma_update': 0.2400996360228445, 'eta_learning': 0.19668695157896215, 'sigma_boundary': 9.358898955775853, 'alpha': 0.9260915392338551}. Best is trial 29 with value: 0.004144163162958995.
[I 2026-03-24 17:07:07,200] Trial 132 finished with value: 0.012263971489666015 and parameters: {'sigma_noise': 0.15068839632479503, 'A_repulsion': 0.24181801975915246, 'gamma': 0.6079237356341042, 'sigma_update': 0.24531076586560513, 'eta_learning': 0.10912936987344604, 'sigma_boundary': 7.119324779262447, 'alpha': 0.925850781536304}. Best is trial 29 with value: 0.004144163162958995.
[I 2026-03-24 17:07:07,553] Trial 140 finished with value: 0.010492125542387546 and parameters: {'sigma_noise': 0.11035996725767246, 'A_repulsion': 0.06286675469760561, 'gamma': 0.16709685707086028, 'sigma_update': 0.25500217760467897, 'eta_learning': 0.10871882461616551, 'sigma_boundary': 9.309617595519327, 'alpha': 0.9307864341339945}. Best is trial 29 with value: 0.004144163162958995.
[I 2026-03-24 17:07:09,716] Trial 136 finished with value: 0.013811411660540288 and parameters: {'sigma_noise': 0.13956706785527037, 'A_repulsion': 0.0690178493996198, 'gamma': 0.1717357096792668, 'sigma_update': 0.25761903335040165, 'eta_learning': 0.19779321496499502, 'sigma_boundary': 9.332674915881185, 'alpha': 0.9230010054815363}. Best is trial 29 with value: 0.004144163162958995.
[I 2026-03-24 17:07:10,260] Trial 143 finished with value: 0.0110642712785452 and parameters: {'sigma_noise': 0.09620388398181574, 'A_repulsion': 0.039613020451136655, 'gamma': 0.26819219161498553, 'sigma_update': 0.2584710401572196, 'eta_learning': 0.19921899490593378, 'sigma_boundary': 9.16405694290813, 'alpha': 0.9331664334836536}. Best is trial 29 with value: 0.004144163162958995.
[I 2026-03-24 17:07:11,839] Trial 142 finished with value: 0.011954621208528275 and parameters: {'sigma_noise': 0.09313335925432144, 'A_repulsion': 0.18149739664169423, 'gamma': 0.16877067730483655, 'sigma_update': 0.24339635230053952, 'eta_learning': 0.10826045256911877, 'sigma_boundary': 9.377004131221364, 'alpha': 0.9252488526402095}. Best is trial 29 with value: 0.004144163162958995.
[I 2026-03-24 17:07:25,880] Trial 145 finished with value: 0.013197304484955034 and parameters: {'sigma_noise': 0.14349276085902865, 'A_repulsion': 0.08992054845543984, 'gamma': 0.27607076765618094, 'sigma_update': 0.2765799270026522, 'eta_learning': 0.10981202087565757, 'sigma_boundary': 9.269292318522137, 'alpha': 0.9232588886818422}. Best is trial 29 with value: 0.004144163162958995.
[I 2026-03-24 17:07:27,975] Trial 144 finished with value: 0.013468331312240645 and parameters: {'sigma_noise': 0.1005462122610234, 'A_repulsion': 0.21621647381532988, 'gamma': 0.1286998834947917, 'sigma_update': 0.27795084387421887, 'eta_learning': 0.06809698481990945, 'sigma_boundary': 9.236272317861328, 'alpha': 0.9323124734848339}. Best is trial 29 with value: 0.004144163162958995.
[I 2026-03-24 17:07:29,789] Trial 146 finished with value: 0.010898093623402143 and parameters: {'sigma_noise': 0.13778114350378612, 'A_repulsion': 0.2498312748303027, 'gamma': 0.2779077058640187, 'sigma_update': 0.2845052869410668, 'eta_learning': 0.1329045107151272, 'sigma_boundary': 9.203604749874918, 'alpha': 0.3217870150993031}. Best is trial 29 with value: 0.004144163162958995.
[I 2026-03-24 17:07:33,551] Trial 147 finished with value: 0.008911590328232567 and parameters: {'sigma_noise': 0.10779459681577731, 'A_repulsion': 0.18509889342925223, 'gamma': 0.32584184123918336, 'sigma_update': 0.29440107170858826, 'eta_learning': 0.024856499853493932, 'sigma_boundary': 9.321429105891761, 'alpha': 0.9238439673162064}. Best is trial 29 with value: 0.004144163162958995.
[I 2026-03-24 17:07:34,440] Trial 148 finished with value: 0.009535624067346002 and parameters: {'sigma_noise': 0.1111177298726599, 'A_repulsion': 0.07100592173659546, 'gamma': 0.2786982663846673, 'sigma_update': 0.29089109816818776, 'eta_learning': 0.1084634828483783, 'sigma_boundary': 9.44579455791953, 'alpha': 0.9141284647046275}. Best is trial 29 with value: 0.004144163162958995.
[I 2026-03-24 17:07:38,493] Trial 152 finished with value: 0.012337868766325087 and parameters: {'sigma_noise': 0.10739820179625037, 'A_repulsion': 0.03289948755502972, 'gamma': 0.2749349195743081, 'sigma_update': 0.26761158444396216, 'eta_learning': 0.13099766651153644, 'sigma_boundary': 9.360036731622257, 'alpha': 0.7541845919739107}. Best is trial 29 with value: 0.004144163162958995.
[I 2026-03-24 17:07:43,334] Trial 151 finished with value: 0.009014177707289265 and parameters: {'sigma_noise': 0.10957264063267601, 'A_repulsion': 0.03057715131349151, 'gamma': 0.27602514246158505, 'sigma_update': 0.2914841190225875, 'eta_learning': 0.12690925917661064, 'sigma_boundary': 9.229954493919386, 'alpha': 0.7501162871366283}. Best is trial 29 with value: 0.004144163162958995.
[I 2026-03-24 17:07:46,304] Trial 149 finished with value: 0.0096612927605834 and parameters: {'sigma_noise': 0.10398269733756252, 'A_repulsion': 0.18042166187899203, 'gamma': 0.27851478477460806, 'sigma_update': 0.2741856559859135, 'eta_learning': 0.13194378604050883, 'sigma_boundary': 9.411506467457194, 'alpha': 0.9193093830390968}. Best is trial 29 with value: 0.004144163162958995.
[I 2026-03-24 17:07:47,674] Trial 150 finished with value: 0.00917380706308884 and parameters: {'sigma_noise': 0.10913519759780221, 'A_repulsion': 0.1813809121875757, 'gamma': 0.27005401321484407, 'sigma_update': 0.26877804682574313, 'eta_learning': 0.10731309724300189, 'sigma_boundary': 9.489685546773513, 'alpha': 0.7473697702917328}. Best is trial 29 with value: 0.004144163162958995.
[I 2026-03-24 17:07:47,885] Trial 153 finished with value: 0.009946546259847755 and parameters: {'sigma_noise': 0.11387507128023366, 'A_repulsion': 0.03482005661135268, 'gamma': 0.2697157837964553, 'sigma_update': 0.28626139202476014, 'eta_learning': 0.05522696793461857, 'sigma_boundary': 9.214527627562832, 'alpha': 0.917884992782115}. Best is trial 29 with value: 0.004144163162958995.
[I 2026-03-24 17:07:51,260] Trial 154 finished with value: 0.013269076063302259 and parameters: {'sigma_noise': 0.14089676717937522, 'A_repulsion': 0.03406573948192712, 'gamma': 0.28056168127793957, 'sigma_update': 0.29351402895026346, 'eta_learning': 0.1305393497620151, 'sigma_boundary': 8.602500407189924, 'alpha': 0.7508886546563098}. Best is trial 29 with value: 0.004144163162958995.
[I 2026-03-24 17:07:54,912] Trial 155 finished with value: 0.01374437542624362 and parameters: {'sigma_noise': 0.1046902779572833, 'A_repulsion': 0.02643366265996336, 'gamma': 0.27596728573477936, 'sigma_update': 0.29919027238837326, 'eta_learning': 0.1260854348621216, 'sigma_boundary': 9.27188136984668, 'alpha': 0.3339464505549798}. Best is trial 29 with value: 0.004144163162958995.
[I 2026-03-24 17:07:57,334] Trial 158 finished with value: 0.007382703019635102 and parameters: {'sigma_noise': 0.10823496877537397, 'A_repulsion': 0.08780391624088826, 'gamma': 0.34318488194585633, 'sigma_update': 0.2859850358130463, 'eta_learning': 0.050333658486600735, 'sigma_boundary': 9.459652306628135, 'alpha': 0.9710811692533113}. Best is trial 29 with value: 0.004144163162958995.
[I 2026-03-24 17:07:59,847] Trial 156 finished with value: 0.008802413369223048 and parameters: {'sigma_noise': 0.10595365603251553, 'A_repulsion': 0.0885854959689257, 'gamma': 0.2658054346585681, 'sigma_update': 0.2943787846363963, 'eta_learning': 0.10763887858539398, 'sigma_boundary': 9.36017810021263, 'alpha': 0.9751713847724026}. Best is trial 29 with value: 0.004144163162958995.
[I 2026-03-24 17:08:00,469] Trial 159 finished with value: 0.009217449556852693 and parameters: {'sigma_noise': 0.09368618529236847, 'A_repulsion': 0.1809581315309156, 'gamma': 0.3419875561108142, 'sigma_update': 0.2849512718409606, 'eta_learning': 0.13260046818492635, 'sigma_boundary': 9.139699255983581, 'alpha': 0.9694294079205785}. Best is trial 29 with value: 0.004144163162958995.
[I 2026-03-24 17:08:02,761] Trial 160 finished with value: 0.009519183954226795 and parameters: {'sigma_noise': 0.10555283065754388, 'A_repulsion': 0.1791515789303888, 'gamma': 0.3508217092621222, 'sigma_update': 0.2921679528230662, 'eta_learning': 0.10771933308882234, 'sigma_boundary': 9.33953102537911, 'alpha': 0.7421871626289304}. Best is trial 29 with value: 0.004144163162958995.
[I 2026-03-24 17:08:03,071] Trial 157 finished with value: 0.008802593051442834 and parameters: {'sigma_noise': 0.11057196131414301, 'A_repulsion': 0.1789787413907587, 'gamma': 0.340509697483586, 'sigma_update': 0.27901417373844833, 'eta_learning': 0.1076954400972401, 'sigma_boundary': 9.323698909668158, 'alpha': 0.740916743869054}. Best is trial 29 with value: 0.004144163162958995.
[I 2026-03-24 17:08:03,736] Trial 163 finished with value: 0.007768095093645767 and parameters: {'sigma_noise': 0.0626184915485295, 'A_repulsion': 0.09340585193216233, 'gamma': 0.3522767755445496, 'sigma_update': 0.29780838475904947, 'eta_learning': 0.023057177229917902, 'sigma_boundary': 9.50579871332247, 'alpha': 0.6006833227914323}. Best is trial 29 with value: 0.004144163162958995.
[I 2026-03-24 17:08:03,975] Trial 164 finished with value: 0.0098433988127645 and parameters: {'sigma_noise': 0.09291110627071347, 'A_repulsion': 0.0860647724786213, 'gamma': 0.3535139401167259, 'sigma_update': 0.4300700890220812, 'eta_learning': 0.12563816738762637, 'sigma_boundary': 8.601223068966403, 'alpha': 0.970810945682117}. Best is trial 29 with value: 0.004144163162958995.
[I 2026-03-24 17:08:04,521] Trial 162 finished with value: 0.014759859697511122 and parameters: {'sigma_noise': 0.09344407229714903, 'A_repulsion': 0.031159995231807458, 'gamma': 0.35349207272015815, 'sigma_update': 0.42358002090188096, 'eta_learning': 0.10673062487085745, 'sigma_boundary': 9.541045397744096, 'alpha': 0.3089607110684264}. Best is trial 29 with value: 0.004144163162958995.
[I 2026-03-24 17:08:04,699] Trial 161 finished with value: 0.008147984868349539 and parameters: {'sigma_noise': 0.11155892744385294, 'A_repulsion': 0.18030949483662811, 'gamma': 0.3428839640004211, 'sigma_update': 0.432766389436438, 'eta_learning': 0.05058242547133604, 'sigma_boundary': 9.332208587242778, 'alpha': 0.5948854427126862}. Best is trial 29 with value: 0.004144163162958995.
[I 2026-03-24 17:08:07,866] Trial 166 finished with value: 0.016085421200430626 and parameters: {'sigma_noise': 0.1636842941654663, 'A_repulsion': 0.03287953690294751, 'gamma': 0.3669311631920026, 'sigma_update': 0.290539688967926, 'eta_learning': 0.13251592540632234, 'sigma_boundary': 8.734465636196052, 'alpha': 0.9592430073018611}. Best is trial 29 with value: 0.004144163162958995.
[I 2026-03-24 17:08:10,072] Trial 167 finished with value: 0.012473521840995644 and parameters: {'sigma_noise': 0.06282567582470833, 'A_repulsion': 0.029199627090031592, 'gamma': 0.5185931528138246, 'sigma_update': 0.29636343190328923, 'eta_learning': 0.12320469767151615, 'sigma_boundary': 8.613811012354985, 'alpha': 0.7562371534830955}. Best is trial 29 with value: 0.004144163162958995.
[I 2026-03-24 17:08:13,414] Trial 165 finished with value: 0.006127773392154838 and parameters: {'sigma_noise': 0.0927997309773668, 'A_repulsion': 0.1782573344612974, 'gamma': 0.5080569350851106, 'sigma_update': 0.2970563947761045, 'eta_learning': 0.12448851955816126, 'sigma_boundary': 8.626858689930486, 'alpha': 0.75140113492593}. Best is trial 29 with value: 0.004144163162958995.
