[I 2026-03-24 17:03:50,102] Trial 55 finished with value: 0.008648520472155722 and parameters: {'sigma_noise': 0.07672959355521328, 'A_repulsion': 0.08273465520171983, 'gamma': 0.4470259213078843, 'sigma_update': 0.4878638051742668, 'eta_learning': 0.17607600644852156, 'sigma_boundary': 9.547072557394543, 'alpha': 0.9517413427412813}. Best is trial 29 with value: 0.004144163162958995.
[I 2026-03-24 17:03:50,920] Trial 62 finished with value: 0.007014018796853172 and parameters: {'sigma_noise': 0.010048264346307907, 'A_repulsion': 0.16643736439484497, 'gamma': 0.21658470513440647, 'sigma_update': 0.4586078396579464, 'eta_learning': 0.07393979955622457, 'sigma_boundary': 8.628716367372231, 'alpha': 0.8823448947103999}. Best is trial 29 with value: 0.004144163162958995.
[I 2026-03-24 17:03:52,577] Trial 57 finished with value: 0.006678451913642558 and parameters: {'sigma_noise': 0.010705820221244833, 'A_repulsion': 0.16804662952837143, 'gamma': 0.23023415368040356, 'sigma_update': 0.4581886925631152, 'eta_learning': 0.17587810762251005, 'sigma_boundary': 9.103931667391082, 'alpha': 0.8836926707642072}. Best is trial 29 with value: 0.004144163162958995.
[I 2026-03-24 17:03:57,649] Trial 58 finished with value: 0.015738770107535126 and parameters: {'sigma_noise': 0.1224958974606974, 'A_repulsion': 0.16496586063741026, 'gamma': 0.2190020762074783, 'sigma_update': 0.4417975414248897, 'eta_learning': 0.1808477369772575, 'sigma_boundary': 0.06388830009907909, 'alpha': 0.8917883457585695}. Best is trial 29 with value: 0.004144163162958995.
[I 2026-03-24 17:03:58,989] Trial 59 finished with value: 0.02447603345744067 and parameters: {'sigma_noise': 0.12487251680677534, 'A_repulsion': 0.17091840538642722, 'gamma': 0.22143060463027314, 'sigma_update': 0.4387566723015128, 'eta_learning': 0.1720291923465568, 'sigma_boundary': 8.719959051946777, 'alpha': 0.904239830153412}. Best is trial 29 with value: 0.004144163162958995.
[I 2026-03-24 17:03:59,114] Trial 63 finished with value: 0.023810795507323998 and parameters: {'sigma_noise': 0.12428216360782496, 'A_repulsion': 0.1717999609356822, 'gamma': 0.22889034229913421, 'sigma_update': 0.4614487199281042, 'eta_learning': 0.17666772875787262, 'sigma_boundary': 8.666398732636903, 'alpha': 0.8964129545845094}. Best is trial 29 with value: 0.004144163162958995.
[I 2026-03-24 17:03:59,753] Trial 60 finished with value: 0.033840907169949815 and parameters: {'sigma_noise': 0.12889122511693696, 'A_repulsion': 0.16393539458701534, 'gamma': 0.2391374899283711, 'sigma_update': 0.45062791894034243, 'eta_learning': 0.1775085919237539, 'sigma_boundary': 8.86096875053177, 'alpha': 0.367875609420277}. Best is trial 29 with value: 0.004144163162958995.
[I 2026-03-24 17:04:00,645] Trial 61 finished with value: 0.024590786522728364 and parameters: {'sigma_noise': 0.1312457998387815, 'A_repulsion': 0.16262857940451128, 'gamma': 0.2170827648019501, 'sigma_update': 0.4476250700230348, 'eta_learning': 0.07417677664510525, 'sigma_boundary': 8.489305186283742, 'alpha': 0.8898228920682428}. Best is trial 29 with value: 0.004144163162958995.
[I 2026-03-24 17:04:02,951] Trial 64 finished with value: 0.025563142037318937 and parameters: {'sigma_noise': 0.1275517435492515, 'A_repulsion': 0.16853422598467752, 'gamma': 0.22178996483304514, 'sigma_update': 0.4440600580366817, 'eta_learning': 0.18032600829780845, 'sigma_boundary': 8.81901289197814, 'alpha': 0.8828540741450489}. Best is trial 29 with value: 0.004144163162958995.
[I 2026-03-24 17:04:04,018] Trial 65 finished with value: 0.017481076405562748 and parameters: {'sigma_noise': 0.11483435051480959, 'A_repulsion': 0.16334628486500583, 'gamma': 0.20532910974095733, 'sigma_update': 0.44921856939642846, 'eta_learning': 0.10195130219477291, 'sigma_boundary': 8.925292447790032, 'alpha': 0.8833683664889562}. Best is trial 29 with value: 0.004144163162958995.
[I 2026-03-24 17:04:04,788] Trial 68 finished with value: 0.005980172869140091 and parameters: {'sigma_noise': 0.01199910832617293, 'A_repulsion': 0.15732860306833477, 'gamma': 0.19992857379347964, 'sigma_update': 0.44873005099054697, 'eta_learning': 0.18231949515886675, 'sigma_boundary': 8.912012593260283, 'alpha': 0.8955447094754052}. Best is trial 29 with value: 0.004144163162958995.
[I 2026-03-24 17:04:06,866] Trial 66 finished with value: 0.017817761829086412 and parameters: {'sigma_noise': 0.11934058581747274, 'A_repulsion': 0.0940692967980733, 'gamma': 0.2466220581578002, 'sigma_update': 0.4584774613461365, 'eta_learning': 0.10409716830268421, 'sigma_boundary': 8.805169870432014, 'alpha': 0.8779145489679923}. Best is trial 29 with value: 0.004144163162958995.
[I 2026-03-24 17:04:08,175] Trial 70 finished with value: 0.012537310031800182 and parameters: {'sigma_noise': 0.010953423172595914, 'A_repulsion': 0.15817877735557767, 'gamma': 0.5703067142428643, 'sigma_update': 0.4530791137497669, 'eta_learning': 0.10175017602068501, 'sigma_boundary': 8.791802912502403, 'alpha': 0.9012582460139366}. Best is trial 29 with value: 0.004144163162958995.
[I 2026-03-24 17:04:09,147] Trial 69 finished with value: 0.011695832813864689 and parameters: {'sigma_noise': 0.012544689934359088, 'A_repulsion': 0.16835973483346617, 'gamma': 0.5738182179343393, 'sigma_update': 0.4485097513164093, 'eta_learning': 0.09793189032101601, 'sigma_boundary': 8.882923553032208, 'alpha': 0.9200460537985998}. Best is trial 29 with value: 0.004144163162958995.
[I 2026-03-24 17:04:11,460] Trial 67 finished with value: 0.018922428683345423 and parameters: {'sigma_noise': 0.12055644717258068, 'A_repulsion': 0.17329096233416613, 'gamma': 0.267197693229279, 'sigma_update': 0.4509849422151749, 'eta_learning': 0.09542556039296107, 'sigma_boundary': 9.08415012475064, 'alpha': 0.8788942875001262}. Best is trial 29 with value: 0.004144163162958995.
[I 2026-03-24 17:04:19,721] Trial 71 finished with value: 0.006902166692592734 and parameters: {'sigma_noise': 0.12329135262558491, 'A_repulsion': 0.0996726820786432, 'gamma': 0.5478331111057991, 'sigma_update': 0.41631645276005186, 'eta_learning': 0.10081980174145552, 'sigma_boundary': 8.997523942297548, 'alpha': 0.8997545207871381}. Best is trial 29 with value: 0.004144163162958995.
[I 2026-03-24 17:04:20,258] Trial 72 finished with value: 0.006636903472637622 and parameters: {'sigma_noise': 0.12261447391628141, 'A_repulsion': 0.09963396521807809, 'gamma': 0.570228239316104, 'sigma_update': 0.4564915524456689, 'eta_learning': 0.10069181580430969, 'sigma_boundary': 8.794225906504266, 'alpha': 0.898983876826012}. Best is trial 29 with value: 0.004144163162958995.
[I 2026-03-24 17:04:28,299] Trial 74 finished with value: 0.007110526351898053 and parameters: {'sigma_noise': 0.11787636229818996, 'A_repulsion': 0.09861839684078064, 'gamma': 0.5912922650480277, 'sigma_update': 0.43400075028941415, 'eta_learning': 0.09872517850639585, 'sigma_boundary': 9.034377619294101, 'alpha': 0.8797188123752013}. Best is trial 29 with value: 0.004144163162958995.
[I 2026-03-24 17:04:30,037] Trial 75 finished with value: 0.006273870963071505 and parameters: {'sigma_noise': 0.12162876060399162, 'A_repulsion': 0.0956154371277757, 'gamma': 0.5716944256795171, 'sigma_update': 0.43224850375139734, 'eta_learning': 0.09821779246974102, 'sigma_boundary': 8.93867378451097, 'alpha': 0.9137348350415491}. Best is trial 29 with value: 0.004144163162958995.
[I 2026-03-24 17:04:31,380] Trial 73 finished with value: 0.007863041699808707 and parameters: {'sigma_noise': 0.12627741400180886, 'A_repulsion': 0.10240239540694683, 'gamma': 0.5539745262345172, 'sigma_update': 0.4607173160126881, 'eta_learning': 0.10211920823568463, 'sigma_boundary': 8.905571107227182, 'alpha': 0.8987908537054553}. Best is trial 29 with value: 0.004144163162958995.
[I 2026-03-24 17:04:37,351] Trial 77 finished with value: 0.006532390239985333 and parameters: {'sigma_noise': 0.11560524609110367, 'A_repulsion': 0.10461580120933332, 'gamma': 0.5492526328501524, 'sigma_update': 0.4347849948670786, 'eta_learning': 0.09306235171562632, 'sigma_boundary': 8.942010860792957, 'alpha': 0.8857619065190571}. Best is trial 29 with value: 0.004144163162958995.
[I 2026-03-24 17:04:43,310] Trial 76 finished with value: 0.008074756358997369 and parameters: {'sigma_noise': 0.12773649983295873, 'A_repulsion': 0.16081060973674285, 'gamma': 0.5411802494829105, 'sigma_update': 0.43159297645822087, 'eta_learning': 0.10503212132554357, 'sigma_boundary': 8.951740096705056, 'alpha': 0.886216986777252}. Best is trial 29 with value: 0.004144163162958995.
[I 2026-03-24 17:04:49,713] Trial 79 finished with value: 0.006511823378552023 and parameters: {'sigma_noise': 0.11978515739751269, 'A_repulsion': 0.1581277375803108, 'gamma': 0.5617297268820765, 'sigma_update': 0.41940317802068106, 'eta_learning': 0.10179145809736974, 'sigma_boundary': 8.751291818406832, 'alpha': 0.9053724195337414}. Best is trial 29 with value: 0.004144163162958995.
[I 2026-03-24 17:04:49,981] Trial 78 finished with value: 0.007316987106947512 and parameters: {'sigma_noise': 0.12028859367386996, 'A_repulsion': 0.1635522073796576, 'gamma': 0.5533167750060115, 'sigma_update': 0.438611473297306, 'eta_learning': 0.09808049703188722, 'sigma_boundary': 8.885029590797318, 'alpha': 0.8822533799101555}. Best is trial 29 with value: 0.004144163162958995.
[I 2026-03-24 17:04:51,839] Trial 81 finished with value: 0.012126785892113532 and parameters: {'sigma_noise': 0.0100377837689824, 'A_repulsion': 0.15894878682926636, 'gamma': 0.5712533177866391, 'sigma_update': 0.4236647988044664, 'eta_learning': 0.09848966632172843, 'sigma_boundary': 8.837925808561952, 'alpha': 0.8829300050820341}. Best is trial 29 with value: 0.004144163162958995.
[I 2026-03-24 17:04:52,605] Trial 80 finished with value: 0.006477075200299434 and parameters: {'sigma_noise': 0.11881730545440927, 'A_repulsion': 0.16633532801513196, 'gamma': 0.551694683426852, 'sigma_update': 0.43319411096705496, 'eta_learning': 0.09847222719349022, 'sigma_boundary': 8.426330567430044, 'alpha': 0.8919148458740911}. Best is trial 29 with value: 0.004144163162958995.
[I 2026-03-24 17:04:52,822] Trial 82 finished with value: 0.010327740315627219 and parameters: {'sigma_noise': 0.013048153333299024, 'A_repulsion': 0.16184355673594503, 'gamma': 0.5547734318777612, 'sigma_update': 0.4069164180493914, 'eta_learning': 0.18662282469606362, 'sigma_boundary': 8.866380478847903, 'alpha': 0.8889585971733225}. Best is trial 29 with value: 0.004144163162958995.
[I 2026-03-24 17:04:55,774] Trial 87 finished with value: 0.011898126845558276 and parameters: {'sigma_noise': 0.014292472158108006, 'A_repulsion': 0.11890651967572086, 'gamma': 0.5498736900248713, 'sigma_update': 0.4111593504891049, 'eta_learning': 0.10193695280045444, 'sigma_boundary': 7.508840995128774, 'alpha': 0.8162069512716617}. Best is trial 29 with value: 0.004144163162958995.
[I 2026-03-24 17:04:56,220] Trial 84 finished with value: 0.010082067723390124 and parameters: {'sigma_noise': 0.01940044435111237, 'A_repulsion': 0.1085964326015863, 'gamma': 0.5412559873173409, 'sigma_update': 0.37940584585525045, 'eta_learning': 0.09922459543424443, 'sigma_boundary': 7.715136582916401, 'alpha': 0.7982256777404182}. Best is trial 29 with value: 0.004144163162958995.
[I 2026-03-24 17:04:57,334] Trial 83 finished with value: 0.005198901907232068 and parameters: {'sigma_noise': 0.02139764451433876, 'A_repulsion': 0.15695313847021278, 'gamma': 0.2753383630509669, 'sigma_update': 0.4123460258562196, 'eta_learning': 0.10147238207672511, 'sigma_boundary': 8.908107243215614, 'alpha': 0.8852656983159874}. Best is trial 29 with value: 0.004144163162958995.
[I 2026-03-24 17:04:57,815] Trial 86 finished with value: 0.01010884872494848 and parameters: {'sigma_noise': 0.010873266957148195, 'A_repulsion': 0.11267385357539461, 'gamma': 0.5611744195713689, 'sigma_update': 0.317888403117201, 'eta_learning': 0.08272384497722944, 'sigma_boundary': 7.683306096900322, 'alpha': 0.783959735836202}. Best is trial 29 with value: 0.004144163162958995.
[I 2026-03-24 17:04:58,057] Trial 85 finished with value: 0.009213303911497415 and parameters: {'sigma_noise': 0.016055014808794343, 'A_repulsion': 0.11240193136418958, 'gamma': 0.5766691271240817, 'sigma_update': 0.32160429642129634, 'eta_learning': 0.10036075462568546, 'sigma_boundary': 7.543092384025561, 'alpha': 0.7974533177854226}. Best is trial 29 with value: 0.004144163162958995.
[I 2026-03-24 17:04:58,461] Trial 89 finished with value: 0.01403454917138388 and parameters: {'sigma_noise': 0.012967212711493446, 'A_repulsion': 0.11158277413471338, 'gamma': 0.555693400702553, 'sigma_update': 0.376015171012697, 'eta_learning': 0.09512159277865764, 'sigma_boundary': 7.971522613738839, 'alpha': 0.7795732604467966}. Best is trial 29 with value: 0.004144163162958995.
[I 2026-03-24 17:05:02,153] Trial 88 finished with value: 0.008218779752138907 and parameters: {'sigma_noise': 0.015177077115648125, 'A_repulsion': 0.11231402869087342, 'gamma': 0.5432699556178598, 'sigma_update': 0.32869466797625113, 'eta_learning': 0.10006995195261717, 'sigma_boundary': 7.823339623658786, 'alpha': 0.7891311389247905}. Best is trial 29 with value: 0.004144163162958995.
[I 2026-03-24 17:05:05,285] Trial 90 finished with value: 0.00840960670941654 and parameters: {'sigma_noise': 0.012218976811248483, 'A_repulsion': 0.10966934874798, 'gamma': 0.5512961201435356, 'sigma_update': 0.3239557218971037, 'eta_learning': 0.1890593617686003, 'sigma_boundary': 7.641404182841168, 'alpha': 0.8152813600586583}. Best is trial 29 with value: 0.004144163162958995.
[I 2026-03-24 17:05:05,525] Trial 91 finished with value: 0.00769397321318996 and parameters: {'sigma_noise': 0.01291776195055878, 'A_repulsion': 0.11749191914875563, 'gamma': 0.553959675320914, 'sigma_update': 0.32148976210055275, 'eta_learning': 0.18619348532881577, 'sigma_boundary': 7.936300328790548, 'alpha': 0.7803855136571247}. Best is trial 29 with value: 0.004144163162958995.
[I 2026-03-24 17:05:07,855] Trial 94 finished with value: 0.008394872023634106 and parameters: {'sigma_noise': 0.0282205064532449, 'A_repulsion': 0.11632775436310541, 'gamma': 0.3032785828841921, 'sigma_update': 0.4118262024532383, 'eta_learning': 0.18664526782096422, 'sigma_boundary': 7.700804606548529, 'alpha': 0.8326849369464685}. Best is trial 29 with value: 0.004144163162958995.
[I 2026-03-24 17:05:08,143] Trial 92 finished with value: 0.008544609456005152 and parameters: {'sigma_noise': 0.020774063246657672, 'A_repulsion': 0.13983811239915378, 'gamma': 0.3013901756620652, 'sigma_update': 0.4087283057363319, 'eta_learning': 0.18725808402614164, 'sigma_boundary': 7.658473837080186, 'alpha': 0.7798018623876833}. Best is trial 29 with value: 0.004144163162958995.
[I 2026-03-24 17:05:09,215] Trial 93 finished with value: 0.004895711202884499 and parameters: {'sigma_noise': 0.03364493084142904, 'A_repulsion': 0.11450778245341683, 'gamma': 0.3033097519394966, 'sigma_update': 0.3119598294108754, 'eta_learning': 0.19192136622912917, 'sigma_boundary': 7.879565597689525, 'alpha': 0.796297126848787}. Best is trial 29 with value: 0.004144163162958995.
[I 2026-03-24 17:05:16,043] Trial 95 finished with value: 0.004895204000253499 and parameters: {'sigma_noise': 0.022228906916964455, 'A_repulsion': 0.1097653136437726, 'gamma': 0.29504283322618907, 'sigma_update': 0.3224207235524347, 'eta_learning': 0.18698669405805893, 'sigma_boundary': 7.716424445517534, 'alpha': 0.8280313571956948}. Best is trial 29 with value: 0.004144163162958995.
[I 2026-03-24 17:05:21,064] Trial 96 finished with value: 0.009403569422945079 and parameters: {'sigma_noise': 0.025929474665470513, 'A_repulsion': 0.10465813468912485, 'gamma': 0.5387044543717949, 'sigma_update': 0.38152004128472405, 'eta_learning': 0.08484417412204881, 'sigma_boundary': 7.855154853812959, 'alpha': 0.8335839156017206}. Best is trial 29 with value: 0.004144163162958995.
[I 2026-03-24 17:05:25,906] Trial 98 finished with value: 0.009521012790206469 and parameters: {'sigma_noise': 0.02611988842449343, 'A_repulsion': 0.12092906559526916, 'gamma': 0.5352628663552137, 'sigma_update': 0.3890911455409165, 'eta_learning': 0.08722909816793101, 'sigma_boundary': 8.073037202313202, 'alpha': 0.7873573813287159}. Best is trial 29 with value: 0.004144163162958995.
[I 2026-03-24 17:05:28,710] Trial 99 finished with value: 0.014237616622893468 and parameters: {'sigma_noise': 0.02399597809227176, 'A_repulsion': 0.1207579737364757, 'gamma': 0.680785176109144, 'sigma_update': 0.374763188219385, 'eta_learning': 0.08650653697131981, 'sigma_boundary': 7.627136397405369, 'alpha': 0.8321233693647188}. Best is trial 29 with value: 0.004144163162958995.
[I 2026-03-24 17:05:28,928] Trial 97 finished with value: 0.0080800354130296 and parameters: {'sigma_noise': 0.03002085679465377, 'A_repulsion': 0.10995413581180628, 'gamma': 0.5373246016822893, 'sigma_update': 0.3841432240076935, 'eta_learning': 0.18818316272134544, 'sigma_boundary': 7.797657722690878, 'alpha': 0.7914062359005096}. Best is trial 29 with value: 0.004144163162958995.
[I 2026-03-24 17:05:36,824] Trial 100 finished with value: 0.015301838091034248 and parameters: {'sigma_noise': 0.02412815768218289, 'A_repulsion': 0.11877638747192759, 'gamma': 0.6905291598622665, 'sigma_update': 0.3705420077152015, 'eta_learning': 0.08660026664977, 'sigma_boundary': 7.681312166827988, 'alpha': 0.7968333534191038}. Best is trial 29 with value: 0.004144163162958995.
[I 2026-03-24 17:05:41,588] Trial 101 finished with value: 0.01468274463870474 and parameters: {'sigma_noise': 0.024095532860981594, 'A_repulsion': 0.12197699312340896, 'gamma': 0.703590104155633, 'sigma_update': 0.3203630458076502, 'eta_learning': 0.08839785783455087, 'sigma_boundary': 7.732989719006568, 'alpha': 0.7863284596798638}. Best is trial 29 with value: 0.004144163162958995.
[I 2026-03-24 17:05:46,708] Trial 103 finished with value: 0.013277899169801514 and parameters: {'sigma_noise': 0.03009400731422089, 'A_repulsion': 0.12346127051125194, 'gamma': 0.691546634103559, 'sigma_update': 0.369449095570916, 'eta_learning': 0.08656186659722304, 'sigma_boundary': 7.81338435179144, 'alpha': 0.7918437630549457}. Best is trial 29 with value: 0.004144163162958995.
[I 2026-03-24 17:05:48,091] Trial 105 finished with value: 0.017466471410031905 and parameters: {'sigma_noise': 0.023832248347342353, 'A_repulsion': 0.12246525692679536, 'gamma': 0.6880301349558132, 'sigma_update': 0.38807771209088376, 'eta_learning': 0.1864352856898106, 'sigma_boundary': 7.7205317593144365, 'alpha': 0.8322037076128945}. Best is trial 29 with value: 0.004144163162958995.
[I 2026-03-24 17:05:50,389] Trial 106 finished with value: 0.014145618813095543 and parameters: {'sigma_noise': 0.02534206465668905, 'A_repulsion': 0.12865147302745913, 'gamma': 0.6948751651847831, 'sigma_update': 0.38438165989274853, 'eta_learning': 0.08446863169938598, 'sigma_boundary': 7.727224372467187, 'alpha': 0.8336269720143253}. Best is trial 29 with value: 0.004144163162958995.
[I 2026-03-24 17:05:50,516] Trial 104 finished with value: 0.013829492075814668 and parameters: {'sigma_noise': 0.022221258760499064, 'A_repulsion': 0.13824229559376042, 'gamma': 0.676697343229505, 'sigma_update': 0.40061881638909685, 'eta_learning': 0.1875410346882384, 'sigma_boundary': 7.738462721263749, 'alpha': 0.8288738748664375}. Best is trial 29 with value: 0.004144163162958995.
[I 2026-03-24 17:05:52,193] Trial 102 finished with value: 0.012238667833515843 and parameters: {'sigma_noise': 0.029742213506107406, 'A_repulsion': 0.14027748611856228, 'gamma': 0.6902483263293919, 'sigma_update': 0.36229377082234165, 'eta_learning': 0.0912117127213234, 'sigma_boundary': 7.896998467750384, 'alpha': 0.839503765495337}. Best is trial 29 with value: 0.004144163162958995.
[I 2026-03-24 17:05:55,012] Trial 108 finished with value: 0.012639867381875166 and parameters: {'sigma_noise': 0.03905780560735585, 'A_repulsion': 0.13924467282359887, 'gamma': 0.6456317616968726, 'sigma_update': 0.38553872375342835, 'eta_learning': 0.0863294944799103, 'sigma_boundary': 8.236624295488276, 'alpha': 0.842850630563502}. Best is trial 29 with value: 0.004144163162958995.
[I 2026-03-24 17:05:56,679] Trial 111 finished with value: 0.012139616884203345 and parameters: {'sigma_noise': 0.04098610113015058, 'A_repulsion': 0.14016003622416845, 'gamma': 0.6653371489617678, 'sigma_update': 0.3536616914067448, 'eta_learning': 0.08812299876272571, 'sigma_boundary': 8.31113282084371, 'alpha': 0.8451820389223867}. Best is trial 29 with value: 0.004144163162958995.
[I 2026-03-24 17:05:57,162] Trial 109 finished with value: 0.011699393361831416 and parameters: {'sigma_noise': 0.03877177886240309, 'A_repulsion': 0.13596633554010626, 'gamma': 0.6898175122635672, 'sigma_update': 0.31271807450642886, 'eta_learning': 0.08623872149732452, 'sigma_boundary': 8.09484931632502, 'alpha': 0.8527537273610368}. Best is trial 29 with value: 0.004144163162958995.
[I 2026-03-24 17:05:59,649] Trial 107 finished with value: 0.012785274125500774 and parameters: {'sigma_noise': 0.04016010010620292, 'A_repulsion': 0.13100980146735833, 'gamma': 0.6449130663448145, 'sigma_update': 0.37833006779653877, 'eta_learning': 0.11508484267705696, 'sigma_boundary': 8.223452835261822, 'alpha': 0.8438318576538586}. Best is trial 29 with value: 0.004144163162958995.
[I 2026-03-24 17:05:59,726] Trial 112 finished with value: 0.012450029208174694 and parameters: {'sigma_noise': 0.042504842973985615, 'A_repulsion': 0.14484465837536453, 'gamma': 0.656733886115566, 'sigma_update': 0.39196490365960723, 'eta_learning': 0.11377430362530339, 'sigma_boundary': 8.306940222734054, 'alpha': 0.8440608731024718}. Best is trial 29 with value: 0.004144163162958995.
