[I 2026-03-24 17:08:24,864] Trial 169 finished with value: 0.014050471529778567 and parameters: {'sigma_noise': 0.06272231500035691, 'A_repulsion': 0.02203808193122817, 'gamma': 0.3412745369677377, 'sigma_update': 0.3030833703255643, 'eta_learning': 0.12984146987339662, 'sigma_boundary': 8.64009210141872, 'alpha': 0.33648390682978374}. Best is trial 29 with value: 0.004144163162958995.
[I 2026-03-24 17:08:26,884] Trial 168 finished with value: 0.007940177057325554 and parameters: {'sigma_noise': 0.06342609388397347, 'A_repulsion': 0.08280899499087221, 'gamma': 0.3472122356996929, 'sigma_update': 0.2976756543455211, 'eta_learning': 0.0468039852867089, 'sigma_boundary': 8.576910441771542, 'alpha': 0.9640411889514882}. Best is trial 29 with value: 0.004144163162958995.
[I 2026-03-24 17:08:31,553] Trial 171 finished with value: 0.009547765821157675 and parameters: {'sigma_noise': 0.13533692405713574, 'A_repulsion': 0.004290115138406575, 'gamma': 0.5167142616613909, 'sigma_update': 0.30767686096857233, 'eta_learning': 0.12186790451319404, 'sigma_boundary': 8.677860168562232, 'alpha': 0.7542795315463455}. Best is trial 29 with value: 0.004144163162958995.
[I 2026-03-24 17:08:32,706] Trial 170 finished with value: 0.020222697967597004 and parameters: {'sigma_noise': 0.18413617170350266, 'A_repulsion': 0.004705979897572897, 'gamma': 0.34611221824274213, 'sigma_update': 0.30479092025522325, 'eta_learning': 0.12079327048898855, 'sigma_boundary': 8.570339101315403, 'alpha': 0.7474974098099716}. Best is trial 29 with value: 0.004144163162958995.
[I 2026-03-24 17:08:33,449] Trial 172 finished with value: 0.015050142799310842 and parameters: {'sigma_noise': 0.0625616237286226, 'A_repulsion': 0.01350301060933521, 'gamma': 0.5166770631757599, 'sigma_update': 0.4235049133858686, 'eta_learning': 0.12378529626310619, 'sigma_boundary': 8.631637619573203, 'alpha': 0.7465399514659212}. Best is trial 29 with value: 0.004144163162958995.
[I 2026-03-24 17:08:35,890] Trial 173 finished with value: 0.008528996493422323 and parameters: {'sigma_noise': 0.057512169150533116, 'A_repulsion': 0.08653647682274275, 'gamma': 0.3372146164517399, 'sigma_update': 0.4226665724731248, 'eta_learning': 0.12252066858867688, 'sigma_boundary': 8.555047096515109, 'alpha': 0.5888302104399812}. Best is trial 29 with value: 0.004144163162958995.
[I 2026-03-24 17:08:42,364] Trial 176 finished with value: 0.01088722425861949 and parameters: {'sigma_noise': 0.06333646931129323, 'A_repulsion': 0.006524566491268757, 'gamma': 0.07098224821274385, 'sigma_update': 0.3042327242992782, 'eta_learning': 0.07960134877702943, 'sigma_boundary': 6.300271738295343, 'alpha': 0.975794827871136}. Best is trial 29 with value: 0.004144163162958995.
[I 2026-03-24 17:08:44,250] Trial 175 finished with value: 0.01089716999753377 and parameters: {'sigma_noise': 0.05805317156149046, 'A_repulsion': 0.011195737069244413, 'gamma': 0.37102193903538083, 'sigma_update': 0.4292358374644674, 'eta_learning': 0.12119696462687357, 'sigma_boundary': 8.633167114442015, 'alpha': 0.9682012069628378}. Best is trial 29 with value: 0.004144163162958995.
[I 2026-03-24 17:08:45,193] Trial 177 finished with value: 0.009450988280717557 and parameters: {'sigma_noise': 0.05975731696041814, 'A_repulsion': 0.0907770528931651, 'gamma': 0.5191844340895452, 'sigma_update': 0.3101420830355368, 'eta_learning': 0.09385548949929542, 'sigma_boundary': 8.615998934354193, 'alpha': 0.9751396198553848}. Best is trial 29 with value: 0.004144163162958995.
[I 2026-03-24 17:08:46,649] Trial 174 finished with value: 0.008280161386972426 and parameters: {'sigma_noise': 0.1607430477600067, 'A_repulsion': 0.08888317049791247, 'gamma': 0.518229319589983, 'sigma_update': 0.3359575052654204, 'eta_learning': 0.12280027098202378, 'sigma_boundary': 8.63111297446184, 'alpha': 0.9726461670060069}. Best is trial 29 with value: 0.004144163162958995.
[I 2026-03-24 17:08:50,460] Trial 178 finished with value: 0.009235539153454648 and parameters: {'sigma_noise': 0.0593246031462079, 'A_repulsion': 0.08455619171449819, 'gamma': 0.5195026139720714, 'sigma_update': 0.3359748942113788, 'eta_learning': 0.1811515266436598, 'sigma_boundary': 8.70994319650651, 'alpha': 0.9796157043780906}. Best is trial 29 with value: 0.004144163162958995.
[I 2026-03-24 17:08:52,047] Trial 181 finished with value: 0.02753383418670871 and parameters: {'sigma_noise': 0.058084592753332644, 'A_repulsion': 0.01767933685160373, 'gamma': 0.5216089398698421, 'sigma_update': 0.42065566127327997, 'eta_learning': 0.09352171342315126, 'sigma_boundary': 6.118307239076953, 'alpha': 0.18710796418529382}. Best is trial 29 with value: 0.004144163162958995.
[I 2026-03-24 17:08:54,634] Trial 185 finished with value: 0.01518362141904972 and parameters: {'sigma_noise': 0.06095905061257392, 'A_repulsion': 0.0001390098010890517, 'gamma': 0.5050440458559334, 'sigma_update': 0.33527696756353853, 'eta_learning': 0.18181048314900597, 'sigma_boundary': 3.5604049552037176, 'alpha': 0.8744932848192817}. Best is trial 29 with value: 0.004144163162958995.
[I 2026-03-24 17:08:56,728] Trial 179 finished with value: 0.008633825621912438 and parameters: {'sigma_noise': 0.13185754597064603, 'A_repulsion': 0.011478055823222054, 'gamma': 0.512864371580572, 'sigma_update': 0.42575627940407684, 'eta_learning': 0.1820191857124299, 'sigma_boundary': 6.207620437982532, 'alpha': 0.9728086959718651}. Best is trial 29 with value: 0.004144163162958995.
[I 2026-03-24 17:08:56,752] Trial 182 finished with value: 0.015033848785504351 and parameters: {'sigma_noise': 0.06022605916434966, 'A_repulsion': 0.0031734540559061816, 'gamma': 0.5069497422669673, 'sigma_update': 0.337639867204584, 'eta_learning': 0.09406341358960014, 'sigma_boundary': 5.864521507129072, 'alpha': 0.8728893764374455}. Best is trial 29 with value: 0.004144163162958995.
[I 2026-03-24 17:08:57,817] Trial 188 finished with value: 0.0147624511961339 and parameters: {'sigma_noise': 0.06280808489158583, 'A_repulsion': 0.017165699059421884, 'gamma': 0.515547343393868, 'sigma_update': 0.4765646370486545, 'eta_learning': 0.18054974287646458, 'sigma_boundary': 6.366639289496197, 'alpha': 0.8723488358621649}. Best is trial 29 with value: 0.004144163162958995.
[I 2026-03-24 17:08:58,747] Trial 184 finished with value: 0.01757289763052866 and parameters: {'sigma_noise': 0.05702905679353296, 'A_repulsion': 0.005399491523709929, 'gamma': 0.586560539426498, 'sigma_update': 0.41824590913700016, 'eta_learning': 0.09427206310161937, 'sigma_boundary': 8.653250751044732, 'alpha': 0.6417043007023572}. Best is trial 29 with value: 0.004144163162958995.
[I 2026-03-24 17:08:59,062] Trial 187 finished with value: 0.009284630396164164 and parameters: {'sigma_noise': 0.060663049271369444, 'A_repulsion': 0.15615620643754566, 'gamma': 0.06333178985548922, 'sigma_update': 0.3368303167433086, 'eta_learning': 0.11962279096012554, 'sigma_boundary': 6.348643749664554, 'alpha': 0.8775787010915808}. Best is trial 29 with value: 0.004144163162958995.
[I 2026-03-24 17:08:59,129] Trial 180 finished with value: 0.013760256565392643 and parameters: {'sigma_noise': 0.1594494179138431, 'A_repulsion': 0.07878454909935258, 'gamma': 0.5141039672998303, 'sigma_update': 0.4300957081800154, 'eta_learning': 0.12077789298055155, 'sigma_boundary': 6.095505663595649, 'alpha': 0.5950535550592919}. Best is trial 29 with value: 0.004144163162958995.
[I 2026-03-24 17:08:59,635] Trial 183 finished with value: 0.014762685297236452 and parameters: {'sigma_noise': 0.06575482439927346, 'A_repulsion': 0.017132096883609768, 'gamma': 0.5181589642701679, 'sigma_update': 0.3377613361931547, 'eta_learning': 0.12110686636342731, 'sigma_boundary': 8.65558265535453, 'alpha': 0.8728604394474955}. Best is trial 29 with value: 0.004144163162958995.
[I 2026-03-24 17:08:59,695] Trial 189 finished with value: 0.014653875509660158 and parameters: {'sigma_noise': 0.06002169729058247, 'A_repulsion': 0.008947981708064795, 'gamma': 0.5000398810338263, 'sigma_update': 0.3386632025993318, 'eta_learning': 0.18026282008144995, 'sigma_boundary': 2.2134724397176173, 'alpha': 0.8708692376160211}. Best is trial 29 with value: 0.004144163162958995.
[I 2026-03-24 17:09:02,057] Trial 190 finished with value: 0.006148667913605433 and parameters: {'sigma_noise': 0.03177637317911022, 'A_repulsion': 0.10030253679583451, 'gamma': 0.10800962942957604, 'sigma_update': 0.3394549566726216, 'eta_learning': 0.09311119368258673, 'sigma_boundary': 2.9709052182017506, 'alpha': 0.8767549693993535}. Best is trial 29 with value: 0.004144163162958995.
[I 2026-03-24 17:09:04,151] Trial 191 finished with value: 0.008317170996032415 and parameters: {'sigma_noise': 0.05137871550823116, 'A_repulsion': 0.07664142331552193, 'gamma': 0.5017994833066027, 'sigma_update': 0.3345377142506953, 'eta_learning': 0.11903077391163865, 'sigma_boundary': 3.653839887696875, 'alpha': 0.8727079600034271}. Best is trial 29 with value: 0.004144163162958995.
[I 2026-03-24 17:09:08,704] Trial 192 finished with value: 0.006177798110223372 and parameters: {'sigma_noise': 0.13444815048459652, 'A_repulsion': 0.07672520583882714, 'gamma': 0.5897413875338575, 'sigma_update': 0.39712537708975665, 'eta_learning': 0.1813909890780018, 'sigma_boundary': 2.4845146836859846, 'alpha': 0.8768496647639183}. Best is trial 29 with value: 0.004144163162958995.
[I 2026-03-24 17:09:09,196] Trial 186 finished with value: 0.06630499663597461 and parameters: {'sigma_noise': 0.2958489620554924, 'A_repulsion': 0.1538706666469691, 'gamma': 0.5933568508275044, 'sigma_update': 0.4203754967084103, 'eta_learning': 0.12020143575298134, 'sigma_boundary': 8.660673326379483, 'alpha': 0.8731611781360966}. Best is trial 29 with value: 0.004144163162958995.
[I 2026-03-24 17:09:10,038] Trial 193 finished with value: 0.013856605113478554 and parameters: {'sigma_noise': 0.13121133345544198, 'A_repulsion': 0.15432147181745426, 'gamma': 0.07392960243753816, 'sigma_update': 0.3407427031418561, 'eta_learning': 0.09289832084999142, 'sigma_boundary': 3.6869724522559437, 'alpha': 0.86962353154181}. Best is trial 29 with value: 0.004144163162958995.
[I 2026-03-24 17:09:10,575] Trial 194 finished with value: 0.009653289564423274 and parameters: {'sigma_noise': 0.05731072299078658, 'A_repulsion': 0.15517909612256223, 'gamma': 0.10512888625044295, 'sigma_update': 0.3386666551163554, 'eta_learning': 0.1830618377573805, 'sigma_boundary': 5.992607490672317, 'alpha': 0.871140150908604}. Best is trial 29 with value: 0.004144163162958995.
[I 2026-03-24 17:09:10,625] Trial 195 finished with value: 0.007167772979067632 and parameters: {'sigma_noise': 0.05360924368975984, 'A_repulsion': 0.15804378147224485, 'gamma': 0.5927011413302733, 'sigma_update': 0.3326113611807315, 'eta_learning': 0.18072976100697521, 'sigma_boundary': 8.932202123952068, 'alpha': 0.8709702406763749}. Best is trial 29 with value: 0.004144163162958995.
[I 2026-03-24 17:09:10,953] Trial 196 finished with value: 0.008266350268051191 and parameters: {'sigma_noise': 0.049886744070620985, 'A_repulsion': 0.14964572758433753, 'gamma': 0.060346405489457355, 'sigma_update': 0.3334516623030112, 'eta_learning': 0.1807948382050804, 'sigma_boundary': 6.427498461751389, 'alpha': 0.8715739869384759}. Best is trial 29 with value: 0.004144163162958995.
[I 2026-03-24 17:09:11,049] Trial 197 finished with value: 0.005693816620139923 and parameters: {'sigma_noise': 0.05003404474744933, 'A_repulsion': 0.15522629597743037, 'gamma': 0.31342289747074437, 'sigma_update': 0.4061563451092694, 'eta_learning': 0.18056797365730617, 'sigma_boundary': 2.9145400650238247, 'alpha': 0.8646104629818422}. Best is trial 29 with value: 0.004144163162958995.
[I 2026-03-24 17:09:11,651] Trial 198 finished with value: 0.00568321340447973 and parameters: {'sigma_noise': 0.0518208887475346, 'A_repulsion': 0.15234710147529548, 'gamma': 0.3103425282820435, 'sigma_update': 0.48630496165279996, 'eta_learning': 0.09302893013863704, 'sigma_boundary': 3.847431354792405, 'alpha': 0.8722970517106464}. Best is trial 29 with value: 0.004144163162958995.
[I 2026-03-24 17:09:11,698] Trial 199 finished with value: 0.0055651994647842075 and parameters: {'sigma_noise': 0.03325217571893775, 'A_repulsion': 0.1518161252566927, 'gamma': 0.11275443041440872, 'sigma_update': 0.33837713668791697, 'eta_learning': 0.1819662720950385, 'sigma_boundary': 2.2748049934431873, 'alpha': 0.8713584626435209}. Best is trial 29 with value: 0.004144163162958995.
