[I 2026-03-25 08:17:24,452] Trial 111 finished with value: 0.011293544934584425 and parameters: {'sigma_noise': 0.15441581096474571, 'A_repulsion': 0.3454999511625661, 'gamma': 0.7703576510533068, 'sigma_update': 0.17138701282490576, 'eta_learning': 0.35437098894178903, 'sigma_boundary': 8.459185542421281, 'alpha': 0.6652596232618008}. Best is trial 88 with value: 0.008186494101924619.
[I 2026-03-25 08:17:28,696] Trial 114 finished with value: 0.013162093591080537 and parameters: {'sigma_noise': 0.15976408908017617, 'A_repulsion': 0.34951521050884427, 'gamma': 0.7729694639436695, 'sigma_update': 0.1684862040864774, 'eta_learning': 0.4649484965048472, 'sigma_boundary': 8.534091597455923, 'alpha': 0.6691449665522147}. Best is trial 88 with value: 0.008186494101924619.
[I 2026-03-25 08:17:29,980] Trial 113 finished with value: 0.010859045171694587 and parameters: {'sigma_noise': 0.15964612345137227, 'A_repulsion': 0.3471099833138583, 'gamma': 0.772418101872168, 'sigma_update': 0.16104431856846757, 'eta_learning': 0.4689898560639178, 'sigma_boundary': 8.424858330715601, 'alpha': 0.4787230433836147}. Best is trial 88 with value: 0.008186494101924619.
[I 2026-03-25 08:17:32,379] Trial 115 finished with value: 0.010805343001302353 and parameters: {'sigma_noise': 0.15842835437197714, 'A_repulsion': 0.3520710547394653, 'gamma': 0.7648177039196304, 'sigma_update': 0.1678576279116233, 'eta_learning': 0.3575324571809739, 'sigma_boundary': 8.543065344609122, 'alpha': 0.4989136093879978}. Best is trial 88 with value: 0.008186494101924619.
[I 2026-03-25 08:17:35,330] Trial 116 finished with value: 0.013913696258414703 and parameters: {'sigma_noise': 0.1794029708034286, 'A_repulsion': 0.34888754676258454, 'gamma': 0.7657719225638587, 'sigma_update': 0.18038744157156697, 'eta_learning': 0.4673645051105116, 'sigma_boundary': 8.599188331756052, 'alpha': 0.6728812183845501}. Best is trial 88 with value: 0.008186494101924619.
[I 2026-03-25 08:17:43,904] Trial 117 finished with value: 0.014634536448706133 and parameters: {'sigma_noise': 0.19274099693146796, 'A_repulsion': 0.3487455706488707, 'gamma': 0.7748292659030901, 'sigma_update': 0.17688398454736257, 'eta_learning': 0.4655290150991205, 'sigma_boundary': 8.57319931499466, 'alpha': 0.6637101393704075}. Best is trial 88 with value: 0.008186494101924619.
[I 2026-03-25 08:17:47,172] Trial 118 finished with value: 0.018701266415226864 and parameters: {'sigma_noise': 0.1852351328782172, 'A_repulsion': 0.23932338830123417, 'gamma': 0.5593828703019222, 'sigma_update': 0.18470277412302466, 'eta_learning': 0.4638891313075846, 'sigma_boundary': 8.384933806012377, 'alpha': 0.6684880933795716}. Best is trial 88 with value: 0.008186494101924619.
[I 2026-03-25 08:17:52,215] Trial 119 finished with value: 0.010844788602692551 and parameters: {'sigma_noise': 0.18400423005840683, 'A_repulsion': 0.23838705839572116, 'gamma': 0.7710543701899756, 'sigma_update': 0.1690288732038126, 'eta_learning': 0.46314747638051257, 'sigma_boundary': 8.512791985553584, 'alpha': 0.6679222812552053}. Best is trial 88 with value: 0.008186494101924619.
[I 2026-03-25 08:17:58,305] Trial 120 finished with value: 0.015536911215804198 and parameters: {'sigma_noise': 0.1802161619808447, 'A_repulsion': 0.23403474956882578, 'gamma': 0.7710852437363604, 'sigma_update': 0.17473875040571835, 'eta_learning': 0.28695409599447164, 'sigma_boundary': 8.471591257445205, 'alpha': 0.6687314380755283}. Best is trial 88 with value: 0.008186494101924619.
[I 2026-03-25 08:18:02,665] Trial 121 finished with value: 0.01301785923978045 and parameters: {'sigma_noise': 0.18422245362392756, 'A_repulsion': 0.23862888427867346, 'gamma': 0.7771399112652033, 'sigma_update': 0.17529959902870135, 'eta_learning': 0.29595534398711654, 'sigma_boundary': 8.447436431745283, 'alpha': 0.6567202492852946}. Best is trial 88 with value: 0.008186494101924619.
[I 2026-03-25 08:18:03,497] Trial 125 finished with value: 0.019372347568285958 and parameters: {'sigma_noise': 0.1819320604419399, 'A_repulsion': 0.24250811697235017, 'gamma': 0.5598945858630093, 'sigma_update': 0.1636248763723258, 'eta_learning': 0.28820742210458133, 'sigma_boundary': 8.45382072436343, 'alpha': 0.6569084337452543}. Best is trial 88 with value: 0.008186494101924619.
[I 2026-03-25 08:18:04,098] Trial 122 finished with value: 0.011092912776282611 and parameters: {'sigma_noise': 0.17266205628218312, 'A_repulsion': 0.34727342184817334, 'gamma': 0.7728087643799461, 'sigma_update': 0.18046206491439304, 'eta_learning': 0.28286971719160153, 'sigma_boundary': 8.552496529950579, 'alpha': 0.6648876708958792}. Best is trial 88 with value: 0.008186494101924619.
[I 2026-03-25 08:18:09,921] Trial 127 finished with value: 0.012055841936128102 and parameters: {'sigma_noise': 0.18153029550169367, 'A_repulsion': 0.24648613335502176, 'gamma': 0.7661824392049836, 'sigma_update': 0.33538881234754603, 'eta_learning': 0.29715859624861174, 'sigma_boundary': 9.458949826028768, 'alpha': 0.6738392537521358}. Best is trial 88 with value: 0.008186494101924619.
[I 2026-03-25 08:18:10,230] Trial 123 finished with value: 0.013876297037140967 and parameters: {'sigma_noise': 0.18339558645082676, 'A_repulsion': 0.348391149876199, 'gamma': 0.7771806691771816, 'sigma_update': 0.16914544654004832, 'eta_learning': 0.29214469866316756, 'sigma_boundary': 8.50551189666284, 'alpha': 0.4972660197095985}. Best is trial 88 with value: 0.008186494101924619.
[I 2026-03-25 08:18:11,368] Trial 126 finished with value: 0.011803014703103978 and parameters: {'sigma_noise': 0.17978564278692422, 'A_repulsion': 0.2361117434752504, 'gamma': 0.7809020731948919, 'sigma_update': 0.17314385535763985, 'eta_learning': 0.4646800452388812, 'sigma_boundary': 8.39659462609713, 'alpha': 0.6732956590027095}. Best is trial 88 with value: 0.008186494101924619.
[I 2026-03-25 08:18:11,837] Trial 128 finished with value: 0.013400976643663519 and parameters: {'sigma_noise': 0.1851177350234288, 'A_repulsion': 0.23361756155666238, 'gamma': 0.7618670003808035, 'sigma_update': 0.1489065620110005, 'eta_learning': 0.284523179398135, 'sigma_boundary': 8.582236252800028, 'alpha': 0.6748800074808388}. Best is trial 88 with value: 0.008186494101924619.
[I 2026-03-25 08:18:16,288] Trial 124 finished with value: 0.01741678511698419 and parameters: {'sigma_noise': 0.18951473038358765, 'A_repulsion': 0.34491434742160054, 'gamma': 0.7663988920468235, 'sigma_update': 0.17141018823711296, 'eta_learning': 0.2804107209210231, 'sigma_boundary': 9.448211036255135, 'alpha': 0.6477753487551644}. Best is trial 88 with value: 0.008186494101924619.
[I 2026-03-25 08:18:22,954] Trial 129 finished with value: 0.0288671713570249 and parameters: {'sigma_noise': 0.1819091957593551, 'A_repulsion': 0.2209964825086013, 'gamma': 0.7683742896556895, 'sigma_update': 0.3421943760411726, 'eta_learning': 0.4619571651221092, 'sigma_boundary': 8.346969290725621, 'alpha': 0.48483586151599245}. Best is trial 88 with value: 0.008186494101924619.
[I 2026-03-25 08:18:29,397] Trial 130 finished with value: 0.014169989866273377 and parameters: {'sigma_noise': 0.18576091648816784, 'A_repulsion': 0.2885720850879283, 'gamma': 0.7670664321344032, 'sigma_update': 0.33471165925840207, 'eta_learning': 0.2801586267762737, 'sigma_boundary': 8.531389595515337, 'alpha': 0.5099526160405045}. Best is trial 88 with value: 0.008186494101924619.
[I 2026-03-25 08:18:31,028] Trial 131 finished with value: 0.013454388109370838 and parameters: {'sigma_noise': 0.18033514627628075, 'A_repulsion': 0.24631630758668718, 'gamma': 0.7768230051346643, 'sigma_update': 0.14097453426463014, 'eta_learning': 0.4723434314503751, 'sigma_boundary': 8.142598043466489, 'alpha': 0.47298599570330563}. Best is trial 88 with value: 0.008186494101924619.
[I 2026-03-25 08:18:35,659] Trial 132 finished with value: 0.027508475218075795 and parameters: {'sigma_noise': 0.1814627004969745, 'A_repulsion': 0.24710652740841405, 'gamma': 0.7864582295048139, 'sigma_update': 0.33395906856444396, 'eta_learning': 0.467000487745811, 'sigma_boundary': 9.432234617779597, 'alpha': 0.4741804544953422}. Best is trial 88 with value: 0.008186494101924619.
[I 2026-03-25 08:18:36,316] Trial 134 finished with value: 0.020439009812165357 and parameters: {'sigma_noise': 0.18024366357096544, 'A_repulsion': 0.24342117713878178, 'gamma': 0.7816355572910044, 'sigma_update': 0.11262481823117335, 'eta_learning': 0.46668444903171186, 'sigma_boundary': 9.418403807738555, 'alpha': 0.47199097173674426}. Best is trial 88 with value: 0.008186494101924619.
[I 2026-03-25 08:18:40,042] Trial 133 finished with value: 0.023294191972951503 and parameters: {'sigma_noise': 0.18664326451913726, 'A_repulsion': 0.39041422119031044, 'gamma': 0.7655452310868338, 'sigma_update': 0.3402251751919815, 'eta_learning': 0.45205397346884546, 'sigma_boundary': 9.493606871586188, 'alpha': 0.49147452596530683}. Best is trial 88 with value: 0.008186494101924619.
[I 2026-03-25 08:18:40,499] Trial 135 finished with value: 0.01705276835991105 and parameters: {'sigma_noise': 0.18447710654506605, 'A_repulsion': 0.40164094539796413, 'gamma': 0.7824542095276685, 'sigma_update': 0.12019904296704004, 'eta_learning': 0.2868887671320952, 'sigma_boundary': 8.137062595860861, 'alpha': 0.4633607405882176}. Best is trial 88 with value: 0.008186494101924619.
[I 2026-03-25 08:18:41,592] Trial 136 finished with value: 0.01676998929760809 and parameters: {'sigma_noise': 0.1806675051190042, 'A_repulsion': 0.3879643130277626, 'gamma': 0.7691778727619265, 'sigma_update': 0.11983629937722814, 'eta_learning': 0.28199783676574264, 'sigma_boundary': 8.201423677292388, 'alpha': 0.4524479081846846}. Best is trial 88 with value: 0.008186494101924619.
[I 2026-03-25 08:18:43,357] Trial 137 finished with value: 0.017939550367764033 and parameters: {'sigma_noise': 0.1850223073934416, 'A_repulsion': 0.38884464074199887, 'gamma': 0.8052419556510145, 'sigma_update': 0.34265742085629675, 'eta_learning': 0.2850956442512177, 'sigma_boundary': 8.164198327800925, 'alpha': 0.4613310097329636}. Best is trial 88 with value: 0.008186494101924619.
[I 2026-03-25 08:18:46,538] Trial 139 finished with value: 0.02078125661195604 and parameters: {'sigma_noise': 0.18533331136453146, 'A_repulsion': 0.38907704574515206, 'gamma': 0.8103227439494944, 'sigma_update': 0.33732856361037666, 'eta_learning': 0.2839744445845085, 'sigma_boundary': 8.089063673250847, 'alpha': 0.4314955614702918}. Best is trial 88 with value: 0.008186494101924619.
[I 2026-03-25 08:18:49,581] Trial 138 finished with value: 0.02170584720911989 and parameters: {'sigma_noise': 0.1830377284117758, 'A_repulsion': 0.3846363898533058, 'gamma': 0.8041975007494025, 'sigma_update': 0.12149078472350294, 'eta_learning': 0.28585918916599545, 'sigma_boundary': 8.034079384955644, 'alpha': 0.41007075963521844}. Best is trial 88 with value: 0.008186494101924619.
[I 2026-03-25 08:19:00,080] Trial 140 finished with value: 0.018869397986070922 and parameters: {'sigma_noise': 0.19133751894523465, 'A_repulsion': 0.3970702903763971, 'gamma': 0.8029470319133415, 'sigma_update': 0.11809544470394141, 'eta_learning': 0.2895955766811662, 'sigma_boundary': 8.150014933009992, 'alpha': 0.5421063747739078}. Best is trial 88 with value: 0.008186494101924619.
[I 2026-03-25 08:19:02,049] Trial 142 finished with value: 0.012426053483770448 and parameters: {'sigma_noise': 0.13765225092021377, 'A_repulsion': 0.3816774280020774, 'gamma': 0.8148175032817535, 'sigma_update': 0.1389469149636673, 'eta_learning': 0.2779110913481708, 'sigma_boundary': 8.131968358857716, 'alpha': 0.5555504811057749}. Best is trial 88 with value: 0.008186494101924619.
[I 2026-03-25 08:19:08,474] Trial 141 finished with value: 0.019913859227859293 and parameters: {'sigma_noise': 0.2073613676358186, 'A_repulsion': 0.38395903886340876, 'gamma': 0.7945658160385587, 'sigma_update': 0.11904011089948079, 'eta_learning': 0.2852299046720415, 'sigma_boundary': 8.140943236490997, 'alpha': 0.5222565715308727}. Best is trial 88 with value: 0.008186494101924619.
[I 2026-03-25 08:19:10,042] Trial 145 finished with value: 0.012504750251874532 and parameters: {'sigma_noise': 0.1338310310077988, 'A_repulsion': 0.3857171889919766, 'gamma': 0.8125394882130632, 'sigma_update': 0.12844242934114464, 'eta_learning': 0.3711596188000383, 'sigma_boundary': 8.172357177149353, 'alpha': 0.5421924332437951}. Best is trial 88 with value: 0.008186494101924619.
[I 2026-03-25 08:19:14,920] Trial 143 finished with value: 0.02965556947036823 and parameters: {'sigma_noise': 0.22233199010621535, 'A_repulsion': 0.38138639608080155, 'gamma': 0.7982863007333618, 'sigma_update': 0.11947354600477524, 'eta_learning': 0.287237760485132, 'sigma_boundary': 8.036914036860834, 'alpha': 0.42214544272315835}. Best is trial 88 with value: 0.008186494101924619.
[I 2026-03-25 08:19:16,961] Trial 144 finished with value: 0.01640477063801135 and parameters: {'sigma_noise': 0.20009366382222302, 'A_repulsion': 0.3943347126434587, 'gamma': 0.7992433143146068, 'sigma_update': 0.15141642118416557, 'eta_learning': 0.5144186107333228, 'sigma_boundary': 8.10338038189462, 'alpha': 0.5438954296699767}. Best is trial 88 with value: 0.008186494101924619.
[I 2026-03-25 08:19:18,640] Trial 146 finished with value: 0.021956147312608306 and parameters: {'sigma_noise': 0.19997419542984518, 'A_repulsion': 0.39659186783293715, 'gamma': 0.8102566222834595, 'sigma_update': 0.12867326755017158, 'eta_learning': 0.380416381165316, 'sigma_boundary': 8.125531601419075, 'alpha': 0.5325931028378678}. Best is trial 88 with value: 0.008186494101924619.
[I 2026-03-25 08:19:21,938] Trial 149 finished with value: 0.014191659623219197 and parameters: {'sigma_noise': 0.13682657787701, 'A_repulsion': 0.38585374730685756, 'gamma': 0.7984281657714598, 'sigma_update': 0.12858618825830567, 'eta_learning': 0.37177991246708864, 'sigma_boundary': 7.98240188775703, 'alpha': 0.3938307104869351}. Best is trial 88 with value: 0.008186494101924619.
[I 2026-03-25 08:19:24,045] Trial 150 finished with value: 0.012040770872782556 and parameters: {'sigma_noise': 0.13548678182328597, 'A_repulsion': 0.38039299954368233, 'gamma': 0.8152802520943894, 'sigma_update': 0.13512276319923988, 'eta_learning': 0.37421430675787565, 'sigma_boundary': 8.10362944848596, 'alpha': 0.43821372039016715}. Best is trial 88 with value: 0.008186494101924619.
[I 2026-03-25 08:19:25,413] Trial 147 finished with value: 0.02134616881496959 and parameters: {'sigma_noise': 0.20150675794720468, 'A_repulsion': 0.3933008383906041, 'gamma': 0.8092136342676054, 'sigma_update': 0.11703326990260396, 'eta_learning': 0.3784630707490196, 'sigma_boundary': 8.055308010034917, 'alpha': 0.5501431198707204}. Best is trial 88 with value: 0.008186494101924619.
[I 2026-03-25 08:19:27,946] Trial 148 finished with value: 0.06391977175280418 and parameters: {'sigma_noise': 0.2084906154631853, 'A_repulsion': 0.39510931975675995, 'gamma': 0.8051898839517061, 'sigma_update': 0.12550118884516337, 'eta_learning': 0.3751141513338803, 'sigma_boundary': 8.0347733832261, 'alpha': 0.3859970275956919}. Best is trial 88 with value: 0.008186494101924619.
[I 2026-03-25 08:19:28,147] Trial 151 finished with value: 0.019556516456431892 and parameters: {'sigma_noise': 0.16754116427532925, 'A_repulsion': 0.39579112214178364, 'gamma': 0.8118976057556959, 'sigma_update': 0.12344517006410508, 'eta_learning': 0.3710762466954205, 'sigma_boundary': 8.1676828156787, 'alpha': 0.430889553532695}. Best is trial 88 with value: 0.008186494101924619.
[I 2026-03-25 08:19:38,248] Trial 152 finished with value: 0.029961795459234178 and parameters: {'sigma_noise': 0.19807186488983022, 'A_repulsion': 0.38734124541804704, 'gamma': 0.8297665846677992, 'sigma_update': 0.11044362804282937, 'eta_learning': 0.37803554752364366, 'sigma_boundary': 7.591951547052021, 'alpha': 0.4369060267011218}. Best is trial 88 with value: 0.008186494101924619.
[I 2026-03-25 08:19:42,991] Trial 153 finished with value: 0.02152756107050391 and parameters: {'sigma_noise': 0.20535979478082778, 'A_repulsion': 0.3800365034401862, 'gamma': 0.8151012782759145, 'sigma_update': 0.11153520009680411, 'eta_learning': 0.3766779673736115, 'sigma_boundary': 8.125783516677275, 'alpha': 0.5439539700577782}. Best is trial 88 with value: 0.008186494101924619.
[I 2026-03-25 08:19:43,566] Trial 154 finished with value: 0.033104852719003486 and parameters: {'sigma_noise': 0.20103804808665557, 'A_repulsion': 0.38060544544223096, 'gamma': 0.816848078549829, 'sigma_update': 0.12051323291303692, 'eta_learning': 0.36990808947911236, 'sigma_boundary': 8.105530655785097, 'alpha': 0.4258934073797718}. Best is trial 88 with value: 0.008186494101924619.
[I 2026-03-25 08:19:47,984] Trial 155 finished with value: 0.02080631626647609 and parameters: {'sigma_noise': 0.20243020450139704, 'A_repulsion': 0.3828546976107217, 'gamma': 0.8029577751141859, 'sigma_update': 0.1060955936851375, 'eta_learning': 0.38031963591184353, 'sigma_boundary': 7.881109569798138, 'alpha': 0.5562933342861789}. Best is trial 88 with value: 0.008186494101924619.
[I 2026-03-25 08:19:49,453] Trial 158 finished with value: 0.012127631821452605 and parameters: {'sigma_noise': 0.13526607061653323, 'A_repulsion': 0.3811841555156915, 'gamma': 0.8140803240170852, 'sigma_update': 0.12803164137163578, 'eta_learning': 0.37744498881789695, 'sigma_boundary': 7.4476612586766535, 'alpha': 0.5597419571285204}. Best is trial 88 with value: 0.008186494101924619.
[I 2026-03-25 08:19:49,810] Trial 161 finished with value: 0.017185862928939706 and parameters: {'sigma_noise': 0.13667329411155527, 'A_repulsion': 0.313283405127248, 'gamma': 0.8431394017716786, 'sigma_update': 0.14064167101137248, 'eta_learning': 0.3776802519281592, 'sigma_boundary': 7.7875965100566695, 'alpha': 0.5541654023736341}. Best is trial 88 with value: 0.008186494101924619.
[I 2026-03-25 08:19:52,365] Trial 157 finished with value: 0.01906788228268563 and parameters: {'sigma_noise': 0.2106650536402579, 'A_repulsion': 0.3891335250215152, 'gamma': 0.8119124736018916, 'sigma_update': 0.12683521456495722, 'eta_learning': 0.5101742272052425, 'sigma_boundary': 7.551787212871187, 'alpha': 0.5592978257542741}. Best is trial 88 with value: 0.008186494101924619.
[I 2026-03-25 08:19:52,415] Trial 160 finished with value: 0.0156801508098 and parameters: {'sigma_noise': 0.13265337970513927, 'A_repulsion': 0.3648426971513733, 'gamma': 0.8125436569849903, 'sigma_update': 0.0917030690725083, 'eta_learning': 0.37161492827222886, 'sigma_boundary': 7.551638880056477, 'alpha': 0.5625919997328579}. Best is trial 88 with value: 0.008186494101924619.
[I 2026-03-25 08:19:55,327] Trial 156 finished with value: 0.03526041097847967 and parameters: {'sigma_noise': 0.19846926212183302, 'A_repulsion': 0.3828873329520914, 'gamma': 0.8566810558976105, 'sigma_update': 0.09218602155625953, 'eta_learning': 0.37809365820493024, 'sigma_boundary': 7.573061578463421, 'alpha': 0.4420625243637498}. Best is trial 88 with value: 0.008186494101924619.
[I 2026-03-25 08:19:56,188] Trial 162 finished with value: 0.011446547853604681 and parameters: {'sigma_noise': 0.20626354920827322, 'A_repulsion': 0.19000460906390548, 'gamma': 0.8530028963206434, 'sigma_update': 0.1335007695336524, 'eta_learning': 0.37286716557613114, 'sigma_boundary': 7.416303484371994, 'alpha': 0.5520348975196019}. Best is trial 88 with value: 0.008186494101924619.
[I 2026-03-25 08:19:57,932] Trial 159 finished with value: 0.01730061620019695 and parameters: {'sigma_noise': 0.2121095131251199, 'A_repulsion': 0.37608796656466037, 'gamma': 0.8109814796959923, 'sigma_update': 0.12755601472436315, 'eta_learning': 0.37344025198628306, 'sigma_boundary': 7.454988011755388, 'alpha': 0.5536785148681079}. Best is trial 88 with value: 0.008186494101924619.
[I 2026-03-25 08:20:06,230] Trial 163 finished with value: 0.022436009384807633 and parameters: {'sigma_noise': 0.2068135384582337, 'A_repulsion': 0.36324017697010097, 'gamma': 0.8503917392751307, 'sigma_update': 0.10010352684498246, 'eta_learning': 0.3778269707745133, 'sigma_boundary': 7.665403929902192, 'alpha': 0.5427220350110753}. Best is trial 88 with value: 0.008186494101924619.
[I 2026-03-25 08:20:12,263] Trial 164 finished with value: 0.023932622303500593 and parameters: {'sigma_noise': 0.2054717735298883, 'A_repulsion': 0.3692393656013724, 'gamma': 0.8208634070147943, 'sigma_update': 0.2496034213743641, 'eta_learning': 0.5186953506007197, 'sigma_boundary': 7.648174042200162, 'alpha': 0.557606069809476}. Best is trial 88 with value: 0.008186494101924619.
[I 2026-03-25 08:20:17,880] Trial 166 finished with value: 0.02763403945000053 and parameters: {'sigma_noise': 0.1678101362222016, 'A_repulsion': 0.36754332550761476, 'gamma': 0.8523779289166261, 'sigma_update': 0.24498523466240985, 'eta_learning': 0.37767294658248796, 'sigma_boundary': 7.816711456490693, 'alpha': 0.38397075512314754}. Best is trial 88 with value: 0.008186494101924619.
[I 2026-03-25 08:20:18,654] Trial 165 finished with value: 0.04084821355065504 and parameters: {'sigma_noise': 0.20485247637626633, 'A_repulsion': 0.36139002547966487, 'gamma': 0.684520143558982, 'sigma_update': 0.09199259767184648, 'eta_learning': 0.38199454066774585, 'sigma_boundary': 7.795981406244431, 'alpha': 0.6281893782578207}. Best is trial 88 with value: 0.008186494101924619.
[I 2026-03-25 08:20:21,534] Trial 168 finished with value: 0.011577726808217713 and parameters: {'sigma_noise': 0.16903981435968107, 'A_repulsion': 0.3143749916596162, 'gamma': 0.8474576601243108, 'sigma_update': 0.1961485282426391, 'eta_learning': 0.41826305213452103, 'sigma_boundary': 7.484159606813646, 'alpha': 0.6319555555677363}. Best is trial 88 with value: 0.008186494101924619.
