[I 2026-03-25 08:14:55,941] Trial 62 finished with value: 0.03321931388293937 and parameters: {'sigma_noise': 0.010273395163003685, 'A_repulsion': 0.32222587128402924, 'gamma': 0.7212235646755196, 'sigma_update': 0.27667513588993226, 'eta_learning': 0.3944021564656819, 'sigma_boundary': 9.044452430806068, 'alpha': 0.7598555901644144}. Best is trial 56 with value: 0.014072151427924142.
[I 2026-03-25 08:14:56,055] Trial 57 finished with value: 0.019386540269451257 and parameters: {'sigma_noise': 0.09587074048568302, 'A_repulsion': 0.30303499955463054, 'gamma': 0.423192595028301, 'sigma_update': 0.26127549931328736, 'eta_learning': 0.01621699670305765, 'sigma_boundary': 8.838688515530015, 'alpha': 0.7679077631510035}. Best is trial 56 with value: 0.014072151427924142.
[I 2026-03-25 08:14:59,097] Trial 55 finished with value: 0.012731076425663537 and parameters: {'sigma_noise': 0.11582769044373868, 'A_repulsion': 0.30593447483913505, 'gamma': 0.7255687337406544, 'sigma_update': 0.2737588627715065, 'eta_learning': 0.4024238658743707, 'sigma_boundary': 9.01189594592955, 'alpha': 0.7604034578524732}. Best is trial 55 with value: 0.012731076425663537.
[I 2026-03-25 08:15:03,541] Trial 59 finished with value: 0.011924232530164135 and parameters: {'sigma_noise': 0.15112435876669644, 'A_repulsion': 0.30612374650097696, 'gamma': 0.7175065686465381, 'sigma_update': 0.2704517434671088, 'eta_learning': 0.425448437387149, 'sigma_boundary': 8.709264515407108, 'alpha': 0.7513967165198738}. Best is trial 59 with value: 0.011924232530164135.
[I 2026-03-25 08:15:03,833] Trial 63 finished with value: 0.034548565014319674 and parameters: {'sigma_noise': 0.041045070883703676, 'A_repulsion': 0.3299270201516954, 'gamma': 0.7341493787188575, 'sigma_update': 0.2753043165414594, 'eta_learning': 0.11797418107380403, 'sigma_boundary': 9.234206500080841, 'alpha': 0.7506936622540159}. Best is trial 59 with value: 0.011924232530164135.
[I 2026-03-25 08:15:04,082] Trial 60 finished with value: 0.017301326718743196 and parameters: {'sigma_noise': 0.14208829385963398, 'A_repulsion': 0.31666555569437266, 'gamma': 0.7140172035222895, 'sigma_update': 0.2767978086839206, 'eta_learning': 0.011293343135870632, 'sigma_boundary': 9.15620636546083, 'alpha': 0.7822604836155649}. Best is trial 59 with value: 0.011924232530164135.
[I 2026-03-25 08:15:04,407] Trial 65 finished with value: 0.014220244861135644 and parameters: {'sigma_noise': 0.04863514596315252, 'A_repulsion': 0.3096163546001736, 'gamma': 0.6789043229467879, 'sigma_update': 0.3069558906565707, 'eta_learning': 0.38969442227954265, 'sigma_boundary': 9.123304126992053, 'alpha': 0.7588272734421904}. Best is trial 59 with value: 0.011924232530164135.
[I 2026-03-25 08:15:04,874] Trial 58 finished with value: 0.010917042487475263 and parameters: {'sigma_noise': 0.1403394487770397, 'A_repulsion': 0.3144392358435609, 'gamma': 0.7131866680806809, 'sigma_update': 0.24938024704143613, 'eta_learning': 0.40076941137184124, 'sigma_boundary': 9.091784294573898, 'alpha': 0.7572507810608544}. Best is trial 58 with value: 0.010917042487475263.
[I 2026-03-25 08:15:06,159] Trial 64 finished with value: 0.03529209997911719 and parameters: {'sigma_noise': 0.04266070808988374, 'A_repulsion': 0.3305106021762224, 'gamma': 0.7372815843323183, 'sigma_update': 0.28082503829644034, 'eta_learning': 0.11774863942291938, 'sigma_boundary': 9.236042462162816, 'alpha': 0.7431173777012355}. Best is trial 58 with value: 0.010917042487475263.
[I 2026-03-25 08:15:07,342] Trial 61 finished with value: 0.010149795140825358 and parameters: {'sigma_noise': 0.14433850727135494, 'A_repulsion': 0.31577631714242427, 'gamma': 0.7260914147759111, 'sigma_update': 0.2724987782704665, 'eta_learning': 0.377697929429591, 'sigma_boundary': 8.973249554909067, 'alpha': 0.7518296493271597}. Best is trial 61 with value: 0.010149795140825358.
[I 2026-03-25 08:15:07,559] Trial 67 finished with value: 0.033149315186473995 and parameters: {'sigma_noise': 0.03123307839152603, 'A_repulsion': 0.32676630173267984, 'gamma': 0.691661064008456, 'sigma_update': 0.27491142712374017, 'eta_learning': 0.13829132513045078, 'sigma_boundary': 9.2502894341018, 'alpha': 0.784811914886962}. Best is trial 61 with value: 0.010149795140825358.
[I 2026-03-25 08:15:08,413] Trial 68 finished with value: 0.034315992089729 and parameters: {'sigma_noise': 0.029675007960318762, 'A_repulsion': 0.3239765701698146, 'gamma': 0.7330752245199912, 'sigma_update': 0.29842866711455873, 'eta_learning': 0.09707343784600343, 'sigma_boundary': 9.08326669286213, 'alpha': 0.7849510965666134}. Best is trial 61 with value: 0.010149795140825358.
[I 2026-03-25 08:15:12,145] Trial 69 finished with value: 0.02762908315292614 and parameters: {'sigma_noise': 0.033068464521793996, 'A_repulsion': 0.32169326370751206, 'gamma': 0.7059138395151027, 'sigma_update': 0.285689418000697, 'eta_learning': 0.10298966019938888, 'sigma_boundary': 8.967089618000674, 'alpha': 0.790719534227013}. Best is trial 61 with value: 0.010149795140825358.
[I 2026-03-25 08:15:18,783] Trial 70 finished with value: 0.03451512111150928 and parameters: {'sigma_noise': 0.030552887541842794, 'A_repulsion': 0.31966760977688247, 'gamma': 0.7131122936248557, 'sigma_update': 0.2820455033858905, 'eta_learning': 0.11665148100063763, 'sigma_boundary': 8.953833884365805, 'alpha': 0.8030569350893247}. Best is trial 61 with value: 0.010149795140825358.
[I 2026-03-25 08:15:18,961] Trial 66 finished with value: 0.01452861376808284 and parameters: {'sigma_noise': 0.18627853371686745, 'A_repulsion': 0.3275543454695505, 'gamma': 0.7007226485273018, 'sigma_update': 0.28333266212210506, 'eta_learning': 0.10233349653400764, 'sigma_boundary': 8.835697798522023, 'alpha': 0.7988810038571986}. Best is trial 61 with value: 0.010149795140825358.
[I 2026-03-25 08:15:38,382] Trial 74 finished with value: 0.03112378625596943 and parameters: {'sigma_noise': 0.03832663672261273, 'A_repulsion': 0.29717246808394104, 'gamma': 0.7408109300282628, 'sigma_update': 0.2873936886080388, 'eta_learning': 0.420579711614798, 'sigma_boundary': 8.879204260255836, 'alpha': 0.797829266444866}. Best is trial 61 with value: 0.010149795140825358.
[I 2026-03-25 08:15:39,893] Trial 73 finished with value: 0.011432462122565518 and parameters: {'sigma_noise': 0.08231854826283169, 'A_repulsion': 0.31728745538180103, 'gamma': 0.7440672039867304, 'sigma_update': 0.28425841675648883, 'eta_learning': 0.41575868243053127, 'sigma_boundary': 9.111038524677541, 'alpha': 0.7921086360575802}. Best is trial 61 with value: 0.010149795140825358.
[I 2026-03-25 08:15:44,220] Trial 75 finished with value: 0.024446797606973467 and parameters: {'sigma_noise': 0.04898711326205215, 'A_repulsion': 0.3268584764498489, 'gamma': 0.7268880717877831, 'sigma_update': 0.29453076881690005, 'eta_learning': 0.4021155803693468, 'sigma_boundary': 8.93762743648539, 'alpha': 0.5943487352080659}. Best is trial 61 with value: 0.010149795140825358.
[I 2026-03-25 08:15:44,606] Trial 78 finished with value: 0.02537390021553486 and parameters: {'sigma_noise': 0.04701113056920442, 'A_repulsion': 0.26838086137120504, 'gamma': 0.7265797413814372, 'sigma_update': 0.3113945509913517, 'eta_learning': 0.4197683401491391, 'sigma_boundary': 8.88973785298893, 'alpha': 0.6073461601852688}. Best is trial 61 with value: 0.010149795140825358.
[I 2026-03-25 08:15:49,414] Trial 77 finished with value: 0.015304291558022817 and parameters: {'sigma_noise': 0.0444039989552166, 'A_repulsion': 0.26864719898381934, 'gamma': 0.7257226647270074, 'sigma_update': 0.3085653293791237, 'eta_learning': 0.5569058594581326, 'sigma_boundary': 8.883560544021302, 'alpha': 0.5827420340358243}. Best is trial 61 with value: 0.010149795140825358.
[I 2026-03-25 08:15:51,226] Trial 71 finished with value: 0.010247759289485635 and parameters: {'sigma_noise': 0.1558638038662644, 'A_repulsion': 0.32356928810148544, 'gamma': 0.6885326468300386, 'sigma_update': 0.2811184653473484, 'eta_learning': 0.3802663911337628, 'sigma_boundary': 8.90962631420652, 'alpha': 0.597460200869792}. Best is trial 61 with value: 0.010149795140825358.
[I 2026-03-25 08:15:51,312] Trial 80 finished with value: 0.015477716270981693 and parameters: {'sigma_noise': 0.046634671941200745, 'A_repulsion': 0.26575829415413355, 'gamma': 0.3204784926708169, 'sigma_update': 0.21231619521214357, 'eta_learning': 0.5510870814484947, 'sigma_boundary': 8.895035003064917, 'alpha': 0.804754006034127}. Best is trial 61 with value: 0.010149795140825358.
[I 2026-03-25 08:15:51,456] Trial 81 finished with value: 0.016914457350881675 and parameters: {'sigma_noise': 0.05066112825938774, 'A_repulsion': 0.2761069428401413, 'gamma': 0.4709588181250089, 'sigma_update': 0.20826720412955016, 'eta_learning': 0.13719768745649252, 'sigma_boundary': 4.52624738394902, 'alpha': 0.601778457749673}. Best is trial 61 with value: 0.010149795140825358.
[I 2026-03-25 08:15:52,611] Trial 72 finished with value: 0.010890735667568529 and parameters: {'sigma_noise': 0.15277288658252905, 'A_repulsion': 0.32418564970443603, 'gamma': 0.7266779791841868, 'sigma_update': 0.2860489406842246, 'eta_learning': 0.41776127036972055, 'sigma_boundary': 8.929515383808353, 'alpha': 0.782334947848646}. Best is trial 61 with value: 0.010149795140825358.
[I 2026-03-25 08:15:54,563] Trial 79 finished with value: 0.029397583733329173 and parameters: {'sigma_noise': 0.04286695016338744, 'A_repulsion': 0.2681525789227047, 'gamma': 0.7317734743591695, 'sigma_update': 0.30301015135153453, 'eta_learning': 0.5497910525803309, 'sigma_boundary': 9.170582151752184, 'alpha': 0.8135496885294409}. Best is trial 61 with value: 0.010149795140825358.
[I 2026-03-25 08:16:02,811] Trial 83 finished with value: 0.017805235982425137 and parameters: {'sigma_noise': 0.04758335348012014, 'A_repulsion': 0.2704540574520977, 'gamma': 0.47091285851901954, 'sigma_update': 0.20356852242826676, 'eta_learning': 0.555718077909382, 'sigma_boundary': 9.583123928450629, 'alpha': 0.8353445284227092}. Best is trial 61 with value: 0.010149795140825358.
[I 2026-03-25 08:16:06,047] Trial 87 finished with value: 0.015249173911533721 and parameters: {'sigma_noise': 0.08080326481148477, 'A_repulsion': 0.26697347155023166, 'gamma': 0.3336547185242794, 'sigma_update': 0.20727288700970753, 'eta_learning': 0.4373948079054276, 'sigma_boundary': 9.973218546207606, 'alpha': 0.8255620147104339}. Best is trial 61 with value: 0.010149795140825358.
[I 2026-03-25 08:16:06,794] Trial 86 finished with value: 0.027878495642438307 and parameters: {'sigma_noise': 0.08547577209216631, 'A_repulsion': 0.2651443366684463, 'gamma': 0.47738757521194736, 'sigma_update': 0.21560466130767736, 'eta_learning': 0.5440550313889345, 'sigma_boundary': 8.683256041369587, 'alpha': 0.8240728748987601}. Best is trial 61 with value: 0.010149795140825358.
[I 2026-03-25 08:16:06,880] Trial 88 finished with value: 0.008186494101924619 and parameters: {'sigma_noise': 0.08031716242685799, 'A_repulsion': 0.2746032068370825, 'gamma': 0.46713632980610187, 'sigma_update': 0.2049886166965697, 'eta_learning': 0.44583940926647236, 'sigma_boundary': 8.64044434597254, 'alpha': 0.60763095511894}. Best is trial 88 with value: 0.008186494101924619.
[I 2026-03-25 08:16:07,697] Trial 76 finished with value: 0.013538062707727559 and parameters: {'sigma_noise': 0.15378604901252024, 'A_repulsion': 0.3321200403029702, 'gamma': 0.7214226029150466, 'sigma_update': 0.3182235620547684, 'eta_learning': 0.5516382184902253, 'sigma_boundary': 4.727177664237473, 'alpha': 0.5908649035268017}. Best is trial 88 with value: 0.008186494101924619.
[I 2026-03-25 08:16:08,317] Trial 90 finished with value: 0.02790090904610646 and parameters: {'sigma_noise': 0.0795184063539471, 'A_repulsion': 0.2728218185450558, 'gamma': 0.6126685489857673, 'sigma_update': 0.21926972315171145, 'eta_learning': 0.3307711387676442, 'sigma_boundary': 9.999002830921903, 'alpha': 0.8307690681218671}. Best is trial 88 with value: 0.008186494101924619.
[I 2026-03-25 08:16:09,173] Trial 82 finished with value: 0.015689196332459143 and parameters: {'sigma_noise': 0.14682802500714978, 'A_repulsion': 0.27274408384979726, 'gamma': 0.4654031224779693, 'sigma_update': 0.2105852452275518, 'eta_learning': 0.5633900007121218, 'sigma_boundary': 4.442388131228165, 'alpha': 0.8150908098883833}. Best is trial 88 with value: 0.008186494101924619.
[I 2026-03-25 08:16:11,637] Trial 84 finished with value: 0.01507941997303196 and parameters: {'sigma_noise': 0.14347506174115837, 'A_repulsion': 0.2676335176844514, 'gamma': 0.47223479205276564, 'sigma_update': 0.22470221293540532, 'eta_learning': 0.553388002668807, 'sigma_boundary': 9.944207435589288, 'alpha': 0.8380275315394314}. Best is trial 88 with value: 0.008186494101924619.
[I 2026-03-25 08:16:14,097] Trial 92 finished with value: 0.014431161041498537 and parameters: {'sigma_noise': 0.08240799901425427, 'A_repulsion': 0.26702500077147034, 'gamma': 0.5988631490165479, 'sigma_update': 0.21427813719430414, 'eta_learning': 0.33764325718350385, 'sigma_boundary': 9.836358507337513, 'alpha': 0.8326918186661657}. Best is trial 88 with value: 0.008186494101924619.
[I 2026-03-25 08:16:14,341] Trial 85 finished with value: 0.01512647438212132 and parameters: {'sigma_noise': 0.15060128800545602, 'A_repulsion': 0.26765645534268795, 'gamma': 0.4635363270252335, 'sigma_update': 0.21335497443936471, 'eta_learning': 0.5649415485466724, 'sigma_boundary': 9.981658176748255, 'alpha': 0.8203342028019467}. Best is trial 88 with value: 0.008186494101924619.
[I 2026-03-25 08:16:15,117] Trial 91 finished with value: 0.013722035261411816 and parameters: {'sigma_noise': 0.15881730318478818, 'A_repulsion': 0.27948607272009657, 'gamma': 0.6464064878097024, 'sigma_update': 0.22117945219410218, 'eta_learning': 0.3470778739607978, 'sigma_boundary': 9.724016930010698, 'alpha': 0.60613570095347}. Best is trial 88 with value: 0.008186494101924619.
[I 2026-03-25 08:16:17,807] Trial 89 finished with value: 0.012705527726844735 and parameters: {'sigma_noise': 0.15012178881548854, 'A_repulsion': 0.2736562858222625, 'gamma': 0.6651444093980724, 'sigma_update': 0.22226887585325242, 'eta_learning': 0.34280077588254965, 'sigma_boundary': 9.675345466228322, 'alpha': 0.8250250492213891}. Best is trial 88 with value: 0.008186494101924619.
[I 2026-03-25 08:16:30,179] Trial 94 finished with value: 0.010164558330863016 and parameters: {'sigma_noise': 0.152832045704504, 'A_repulsion': 0.2765605609931711, 'gamma': 0.6215676426970735, 'sigma_update': 0.2240106547261583, 'eta_learning': 0.3392130772595904, 'sigma_boundary': 9.636603294468845, 'alpha': 0.5988321236650289}. Best is trial 88 with value: 0.008186494101924619.
[I 2026-03-25 08:16:31,591] Trial 93 finished with value: 0.013904163640633623 and parameters: {'sigma_noise': 0.1544532878820975, 'A_repulsion': 0.27246790631648454, 'gamma': 0.6206459618581153, 'sigma_update': 0.21314902517161138, 'eta_learning': 0.3476656257906082, 'sigma_boundary': 9.955104682459984, 'alpha': 0.6123222717689302}. Best is trial 88 with value: 0.008186494101924619.
[I 2026-03-25 08:16:39,706] Trial 96 finished with value: 0.024628056577200318 and parameters: {'sigma_noise': 0.0784976844897114, 'A_repulsion': 0.28046914398205103, 'gamma': 0.6323587171361588, 'sigma_update': 0.22640363452013296, 'eta_learning': 0.3403433671142675, 'sigma_boundary': 9.92169490036789, 'alpha': 0.5937136137700892}. Best is trial 88 with value: 0.008186494101924619.
[I 2026-03-25 08:16:46,683] Trial 98 finished with value: 0.017086241739861074 and parameters: {'sigma_noise': 0.07858693109103816, 'A_repulsion': 0.28045453509900076, 'gamma': 0.6243785418183707, 'sigma_update': 0.2189366871959224, 'eta_learning': 0.3475130896091126, 'sigma_boundary': 9.832295074664676, 'alpha': 0.8441451956755167}. Best is trial 88 with value: 0.008186494101924619.
[I 2026-03-25 08:16:48,715] Trial 95 finished with value: 0.012526203421913348 and parameters: {'sigma_noise': 0.16052180604709543, 'A_repulsion': 0.2662327804314426, 'gamma': 0.6335113431188885, 'sigma_update': 0.2279842238582257, 'eta_learning': 0.335020990483688, 'sigma_boundary': 9.702792243467616, 'alpha': 0.6196689955383134}. Best is trial 88 with value: 0.008186494101924619.
[I 2026-03-25 08:16:51,329] Trial 101 finished with value: 0.013436371904249072 and parameters: {'sigma_noise': 0.08308088492246032, 'A_repulsion': 0.24243043371138367, 'gamma': 0.5941078998618882, 'sigma_update': 0.22527170144538078, 'eta_learning': 0.3455031479374523, 'sigma_boundary': 9.602152965003842, 'alpha': 0.84952025301955}. Best is trial 88 with value: 0.008186494101924619.
[I 2026-03-25 08:16:55,146] Trial 97 finished with value: 0.015923365598007787 and parameters: {'sigma_noise': 0.14972306965762971, 'A_repulsion': 0.2662314018729975, 'gamma': 0.6273383033851759, 'sigma_update': 0.19943586467918048, 'eta_learning': 0.3469313865075832, 'sigma_boundary': 9.913169724283563, 'alpha': 0.838648848532552}. Best is trial 88 with value: 0.008186494101924619.
[I 2026-03-25 08:16:55,657] Trial 102 finished with value: 0.018365193068582357 and parameters: {'sigma_noise': 0.07505474385110236, 'A_repulsion': 0.3472288264266918, 'gamma': 0.6509299688675574, 'sigma_update': 0.23594655658972294, 'eta_learning': 0.3484796863389019, 'sigma_boundary': 9.940470148240049, 'alpha': 0.8500420147808433}. Best is trial 88 with value: 0.008186494101924619.
[I 2026-03-25 08:16:56,750] Trial 99 finished with value: 0.03432959036068919 and parameters: {'sigma_noise': 0.08121749374221461, 'A_repulsion': 0.34741697374967434, 'gamma': 0.32974064837397327, 'sigma_update': 0.2285903071193925, 'eta_learning': 0.33629338395490455, 'sigma_boundary': 9.77160280109243, 'alpha': 0.8362721557833938}. Best is trial 88 with value: 0.008186494101924619.
[I 2026-03-25 08:16:59,397] Trial 100 finished with value: 0.024627555008492726 and parameters: {'sigma_noise': 0.07909610375477918, 'A_repulsion': 0.3470976944712155, 'gamma': 0.5948961638523729, 'sigma_update': 0.17001191712843333, 'eta_learning': 0.35754957171022284, 'sigma_boundary': 9.877516466514999, 'alpha': 0.8382483817904088}. Best is trial 88 with value: 0.008186494101924619.
[I 2026-03-25 08:16:59,999] Trial 104 finished with value: 0.013704058396007066 and parameters: {'sigma_noise': 0.08112234123770676, 'A_repulsion': 0.3482634640696985, 'gamma': 0.6186825342551063, 'sigma_update': 0.23324115740987209, 'eta_learning': 0.33129512055699045, 'sigma_boundary': 9.788770340473075, 'alpha': 0.6514350050125809}. Best is trial 88 with value: 0.008186494101924619.
[I 2026-03-25 08:17:01,005] Trial 103 finished with value: 0.014682480289697469 and parameters: {'sigma_noise': 0.15059104458790112, 'A_repulsion': 0.3496034198360906, 'gamma': 0.6335506760318345, 'sigma_update': 0.23859634678106093, 'eta_learning': 0.3447167731747664, 'sigma_boundary': 9.79136594357988, 'alpha': 0.8483460337798464}. Best is trial 88 with value: 0.008186494101924619.
[I 2026-03-25 08:17:10,839] Trial 105 finished with value: 0.035362913190811175 and parameters: {'sigma_noise': 0.07876377015399622, 'A_repulsion': 0.35115242492097903, 'gamma': 0.6438463970701642, 'sigma_update': 0.17787430341098115, 'eta_learning': 0.34688771381488614, 'sigma_boundary': 9.83745355279089, 'alpha': 0.8657034289082047}. Best is trial 88 with value: 0.008186494101924619.
[I 2026-03-25 08:17:15,913] Trial 108 finished with value: 0.029340654549861674 and parameters: {'sigma_noise': 0.156840439779761, 'A_repulsion': 0.22975680424715622, 'gamma': 0.6145578510917795, 'sigma_update': 0.17533279954275466, 'eta_learning': 0.3580212644823923, 'sigma_boundary': 8.479989085907562, 'alpha': 0.8655807167320663}. Best is trial 88 with value: 0.008186494101924619.
[I 2026-03-25 08:17:18,122] Trial 109 finished with value: 0.01614970853645328 and parameters: {'sigma_noise': 0.15803255591311968, 'A_repulsion': 0.34637401431688314, 'gamma': 0.6298331061170674, 'sigma_update': 0.173919862375417, 'eta_learning': 0.3127959799050768, 'sigma_boundary': 8.532798449067542, 'alpha': 0.6648667181870797}. Best is trial 88 with value: 0.008186494101924619.
[I 2026-03-25 08:17:20,360] Trial 107 finished with value: 0.01503807664852808 and parameters: {'sigma_noise': 0.14424839051176097, 'A_repulsion': 0.3519537112936361, 'gamma': 0.6391372476300604, 'sigma_update': 0.17453060088584485, 'eta_learning': 0.344836733912117, 'sigma_boundary': 8.480466497191143, 'alpha': 0.6638441953562096}. Best is trial 88 with value: 0.008186494101924619.
[I 2026-03-25 08:17:21,532] Trial 106 finished with value: 0.01375743757825172 and parameters: {'sigma_noise': 0.15662137666984394, 'A_repulsion': 0.35503447411344286, 'gamma': 0.5932957091425883, 'sigma_update': 0.23328211496706847, 'eta_learning': 0.35328888362739175, 'sigma_boundary': 8.563430514215952, 'alpha': 0.6656739747577354}. Best is trial 88 with value: 0.008186494101924619.
[I 2026-03-25 08:17:21,760] Trial 110 finished with value: 0.012702096421401885 and parameters: {'sigma_noise': 0.1710279447155464, 'A_repulsion': 0.3494946141156813, 'gamma': 0.7657465067336757, 'sigma_update': 0.16606591156182, 'eta_learning': 0.45970297031382706, 'sigma_boundary': 8.51084495041778, 'alpha': 0.4795881249435153}. Best is trial 88 with value: 0.008186494101924619.
[I 2026-03-25 08:17:23,534] Trial 112 finished with value: 0.01077374182184613 and parameters: {'sigma_noise': 0.15821320096710775, 'A_repulsion': 0.3486365875878249, 'gamma': 0.7707675028670412, 'sigma_update': 0.16360489587919186, 'eta_learning': 0.34902333886514403, 'sigma_boundary': 7.4934220609066315, 'alpha': 0.48823139121804027}. Best is trial 88 with value: 0.008186494101924619.
