[I 2026-03-25 08:20:27,499] Trial 167 finished with value: 0.026371819408742763 and parameters: {'sigma_noise': 0.16864734098561185, 'A_repulsion': 0.3678591186349691, 'gamma': 0.6855696674780466, 'sigma_update': 0.08918660878213198, 'eta_learning': 0.428069472705838, 'sigma_boundary': 7.595543481124521, 'alpha': 0.6359664561595142}. Best is trial 88 with value: 0.008186494101924619.
[I 2026-03-25 08:20:28,513] Trial 172 finished with value: 0.011972617026770938 and parameters: {'sigma_noise': 0.16636228402645206, 'A_repulsion': 0.367223092684241, 'gamma': 0.6853674357813622, 'sigma_update': 0.25059154401523376, 'eta_learning': 0.42459906568818745, 'sigma_boundary': 7.2349007005740305, 'alpha': 0.6307105078984593}. Best is trial 88 with value: 0.008186494101924619.
[I 2026-03-25 08:20:29,579] Trial 170 finished with value: 0.038194893106456934 and parameters: {'sigma_noise': 0.16934326793818985, 'A_repulsion': 0.3661140398208925, 'gamma': 0.6798892698886074, 'sigma_update': 0.261618690800991, 'eta_learning': 0.43049119453438567, 'sigma_boundary': 7.343429882231599, 'alpha': 0.38582181379154373}. Best is trial 88 with value: 0.008186494101924619.
[I 2026-03-25 08:20:32,712] Trial 169 finished with value: 0.01744195331299525 and parameters: {'sigma_noise': 0.1664586685929529, 'A_repulsion': 0.3646543614271341, 'gamma': 0.8522489038673595, 'sigma_update': 0.0804410916193061, 'eta_learning': 0.3834955139036108, 'sigma_boundary': 7.565772747792057, 'alpha': 0.5721598239886311}. Best is trial 88 with value: 0.008186494101924619.
[I 2026-03-25 08:20:33,148] Trial 171 finished with value: 0.010469660742175464 and parameters: {'sigma_noise': 0.1682462138852425, 'A_repulsion': 0.31369870587370424, 'gamma': 0.8443487389409592, 'sigma_update': 0.24601002801080246, 'eta_learning': 0.42741401862642464, 'sigma_boundary': 8.736796764853809, 'alpha': 0.6269558869040489}. Best is trial 88 with value: 0.008186494101924619.
[I 2026-03-25 08:20:33,856] Trial 175 finished with value: 0.013310780476798205 and parameters: {'sigma_noise': 0.1663770045055098, 'A_repulsion': 0.31003086445834277, 'gamma': 0.8495211974305982, 'sigma_update': 0.15659311022461758, 'eta_learning': 0.42183934210986007, 'sigma_boundary': 8.738236814225893, 'alpha': 0.5698651412434343}. Best is trial 88 with value: 0.008186494101924619.
[I 2026-03-25 08:20:36,298] Trial 173 finished with value: 0.009702370900646733 and parameters: {'sigma_noise': 0.1691558540495141, 'A_repulsion': 0.368173695042482, 'gamma': 0.8647731384266757, 'sigma_update': 0.25221935915007265, 'eta_learning': 0.4306248940266506, 'sigma_boundary': 7.664745043972591, 'alpha': 0.6309048599973157}. Best is trial 88 with value: 0.008186494101924619.
[I 2026-03-25 08:20:42,552] Trial 174 finished with value: 0.011305441144180367 and parameters: {'sigma_noise': 0.17008967508488373, 'A_repulsion': 0.36458306124991785, 'gamma': 0.8449418439757955, 'sigma_update': 0.19395744734382378, 'eta_learning': 0.4305575326349638, 'sigma_boundary': 7.78438699857676, 'alpha': 0.7070186787129659}. Best is trial 88 with value: 0.008186494101924619.
[I 2026-03-25 08:20:49,603] Trial 176 finished with value: 0.02173179120024226 and parameters: {'sigma_noise': 0.16476190675453128, 'A_repulsion': 0.37064340798563655, 'gamma': 0.8810639438005543, 'sigma_update': 0.2532128426754365, 'eta_learning': 0.42648297317670475, 'sigma_boundary': 7.7889105240715795, 'alpha': 0.6369454538447475}. Best is trial 88 with value: 0.008186494101924619.
[I 2026-03-25 08:20:54,877] Trial 178 finished with value: 0.00983362200401348 and parameters: {'sigma_noise': 0.16806212367710582, 'A_repulsion': 0.36753271592105113, 'gamma': 0.8899624272932369, 'sigma_update': 0.1931236157587048, 'eta_learning': 0.42910172003234903, 'sigma_boundary': 7.356298912130508, 'alpha': 0.6299001039669614}. Best is trial 88 with value: 0.008186494101924619.
[I 2026-03-25 08:20:54,919] Trial 177 finished with value: 0.015053021464129695 and parameters: {'sigma_noise': 0.1667290532453414, 'A_repulsion': 0.366291526088729, 'gamma': 0.8830577691700896, 'sigma_update': 0.082499887964288, 'eta_learning': 0.4366536638607652, 'sigma_boundary': 7.840025263949219, 'alpha': 0.626969984898204}. Best is trial 88 with value: 0.008186494101924619.
[I 2026-03-25 08:20:56,080] Trial 180 finished with value: 0.023802711118038847 and parameters: {'sigma_noise': 0.1002804715672117, 'A_repulsion': 0.36377562600625923, 'gamma': 0.6900459859839205, 'sigma_update': 0.0861253271282248, 'eta_learning': 0.425584164532712, 'sigma_boundary': 8.77773701496575, 'alpha': 0.6929976163685903}. Best is trial 88 with value: 0.008186494101924619.
[I 2026-03-25 08:20:58,159] Trial 179 finished with value: 0.007987758830748043 and parameters: {'sigma_noise': 0.16417157453079934, 'A_repulsion': 0.3697264061329726, 'gamma': 0.8571622740908871, 'sigma_update': 0.2501437402915742, 'eta_learning': 0.42423415968878414, 'sigma_boundary': 8.770145366660136, 'alpha': 0.6262218864752541}. Best is trial 179 with value: 0.007987758830748043.
[I 2026-03-25 08:21:00,521] Trial 181 finished with value: 0.022361990575760535 and parameters: {'sigma_noise': 0.16902783748262223, 'A_repulsion': 0.3367569217878012, 'gamma': 0.6861711411201069, 'sigma_update': 0.08866214691822882, 'eta_learning': 0.4302544664326774, 'sigma_boundary': 8.784986155372872, 'alpha': 0.6278504915303363}. Best is trial 179 with value: 0.007987758830748043.
[I 2026-03-25 08:21:01,304] Trial 186 finished with value: 0.011294482019522791 and parameters: {'sigma_noise': 0.166183889384184, 'A_repulsion': 0.211553435161314, 'gamma': 0.9091140031539791, 'sigma_update': 0.1936526135237022, 'eta_learning': 0.4079800631613037, 'sigma_boundary': 8.737863271246242, 'alpha': 0.632124541333644}. Best is trial 179 with value: 0.007987758830748043.
[I 2026-03-25 08:21:02,485] Trial 182 finished with value: 0.007582915028799481 and parameters: {'sigma_noise': 0.16565006603971455, 'A_repulsion': 0.33775111108134614, 'gamma': 0.8799177609401989, 'sigma_update': 0.24611618141323996, 'eta_learning': 0.4405558564059089, 'sigma_boundary': 8.82257046485767, 'alpha': 0.6367337315683272}. Best is trial 182 with value: 0.007582915028799481.
[I 2026-03-25 08:21:05,070] Trial 184 finished with value: 0.010686951351308866 and parameters: {'sigma_noise': 0.16707376237636684, 'A_repulsion': 0.3662263174111488, 'gamma': 0.8932903308029427, 'sigma_update': 0.19373074529462755, 'eta_learning': 0.41891347235512255, 'sigma_boundary': 8.762590871080556, 'alpha': 0.6972417816396507}. Best is trial 182 with value: 0.007582915028799481.
[I 2026-03-25 08:21:06,589] Trial 183 finished with value: 0.023169365246821824 and parameters: {'sigma_noise': 0.24048070184514309, 'A_repulsion': 0.36414269679529826, 'gamma': 0.6781352273004397, 'sigma_update': 0.24825728288399965, 'eta_learning': 0.4326636395077132, 'sigma_boundary': 8.778789569256908, 'alpha': 0.7068785137010832}. Best is trial 182 with value: 0.007582915028799481.
[I 2026-03-25 08:21:07,754] Trial 185 finished with value: 0.017002193821418193 and parameters: {'sigma_noise': 0.24165850262964728, 'A_repulsion': 0.3354421364548745, 'gamma': 0.8880895154720347, 'sigma_update': 0.19472642630843381, 'eta_learning': 0.4252214861703939, 'sigma_boundary': 8.741158181866192, 'alpha': 0.6968111753491426}. Best is trial 182 with value: 0.007582915028799481.
[I 2026-03-25 08:21:08,407] Trial 187 finished with value: 0.014602910684874734 and parameters: {'sigma_noise': 0.16891846953093914, 'A_repulsion': 0.1763900306424505, 'gamma': 0.6843850670026712, 'sigma_update': 0.1918183413090409, 'eta_learning': 0.4279905617506716, 'sigma_boundary': 6.668690878624898, 'alpha': 0.694853516973349}. Best is trial 182 with value: 0.007582915028799481.
[I 2026-03-25 08:21:09,796] Trial 188 finished with value: 0.014065251182756502 and parameters: {'sigma_noise': 0.16947122640104453, 'A_repulsion': 0.17519240422434765, 'gamma': 0.6861008883827344, 'sigma_update': 0.19586414625233423, 'eta_learning': 0.4388745958207962, 'sigma_boundary': 7.099145037379527, 'alpha': 0.6299175403430419}. Best is trial 182 with value: 0.007582915028799481.
[I 2026-03-25 08:21:10,676] Trial 189 finished with value: 0.0181587352845258 and parameters: {'sigma_noise': 0.10051476934462329, 'A_repulsion': 0.2052447271011278, 'gamma': 0.9118333070589255, 'sigma_update': 0.19410403451170516, 'eta_learning': 0.42687448239677134, 'sigma_boundary': 9.282014264295189, 'alpha': 0.6310624928936502}. Best is trial 182 with value: 0.007582915028799481.
[I 2026-03-25 08:21:10,965] Trial 191 finished with value: 0.0469946110123945 and parameters: {'sigma_noise': 0.06490023404277459, 'A_repulsion': 0.16991563813971688, 'gamma': 0.9286403786475271, 'sigma_update': 0.1957697127732534, 'eta_learning': 0.4186226655754263, 'sigma_boundary': 7.088915588256289, 'alpha': 0.6325225595714132}. Best is trial 182 with value: 0.007582915028799481.
[I 2026-03-25 08:21:12,178] Trial 190 finished with value: 0.011206908101787162 and parameters: {'sigma_noise': 0.09832090188423276, 'A_repulsion': 0.2022408409772751, 'gamma': 0.6705371018916573, 'sigma_update': 0.1933333270433344, 'eta_learning': 0.42851481433833905, 'sigma_boundary': 8.74470234758872, 'alpha': 0.7069842624632187}. Best is trial 182 with value: 0.007582915028799481.
[I 2026-03-25 08:21:12,881] Trial 192 finished with value: 0.025138101004109605 and parameters: {'sigma_noise': 0.06050982397945537, 'A_repulsion': 0.16408086720432363, 'gamma': 0.7508105781005306, 'sigma_update': 0.18718669221605203, 'eta_learning': 0.4137235482761063, 'sigma_boundary': 8.751415060426886, 'alpha': 0.6963323156604843}. Best is trial 182 with value: 0.007582915028799481.
[I 2026-03-25 08:21:15,050] Trial 197 finished with value: 0.0328414221287751 and parameters: {'sigma_noise': 0.06395832450293541, 'A_repulsion': 0.16501084742831362, 'gamma': 0.7461286176616493, 'sigma_update': 0.1944204501188643, 'eta_learning': 0.4039912975376488, 'sigma_boundary': 9.305649137086382, 'alpha': 0.6965442337652402}. Best is trial 182 with value: 0.007582915028799481.
[I 2026-03-25 08:21:16,252] Trial 194 finished with value: 0.013710263023930436 and parameters: {'sigma_noise': 0.1625403580740592, 'A_repulsion': 0.2102999398720043, 'gamma': 0.7028874785354533, 'sigma_update': 0.19482068322748192, 'eta_learning': 0.41010170474504853, 'sigma_boundary': 6.78265663595962, 'alpha': 0.6959316583310902}. Best is trial 182 with value: 0.007582915028799481.
[I 2026-03-25 08:21:16,779] Trial 195 finished with value: 0.010209629440026985 and parameters: {'sigma_noise': 0.09880788092594842, 'A_repulsion': 0.3368777673871125, 'gamma': 0.7061541216861538, 'sigma_update': 0.20337121092179736, 'eta_learning': 0.4190393209328697, 'sigma_boundary': 6.847440269600263, 'alpha': 0.6306803135968263}. Best is trial 182 with value: 0.007582915028799481.
[I 2026-03-25 08:21:16,846] Trial 193 finished with value: 0.01579565457152801 and parameters: {'sigma_noise': 0.2376820250055174, 'A_repulsion': 0.1875912649480129, 'gamma': 0.9010393874066821, 'sigma_update': 0.19443189583830336, 'eta_learning': 0.241648430064568, 'sigma_boundary': 6.740116353295012, 'alpha': 0.7289112095171648}. Best is trial 182 with value: 0.007582915028799481.
[I 2026-03-25 08:21:16,875] Trial 196 finished with value: 0.019980594511918512 and parameters: {'sigma_noise': 0.14803376065268478, 'A_repulsion': 0.1816656768316354, 'gamma': 0.8973058595058373, 'sigma_update': 0.20162254358045084, 'eta_learning': 0.49358554150705414, 'sigma_boundary': 8.745481525009895, 'alpha': 0.7257707085443202}. Best is trial 182 with value: 0.007582915028799481.
[I 2026-03-25 08:21:17,313] Trial 198 finished with value: 0.025628714452626294 and parameters: {'sigma_noise': 0.145561584422787, 'A_repulsion': 0.1799855414033975, 'gamma': 0.8966798845965988, 'sigma_update': 0.1873285154684373, 'eta_learning': 0.4868345098189344, 'sigma_boundary': 3.7380295038889546, 'alpha': 0.6995127329502498}. Best is trial 182 with value: 0.007582915028799481.
[I 2026-03-25 08:21:17,394] Trial 199 finished with value: 0.032552805106155394 and parameters: {'sigma_noise': 0.06606881897424902, 'A_repulsion': 0.3354362944061634, 'gamma': 0.8940888578589754, 'sigma_update': 0.1892216247497996, 'eta_learning': 0.40898173838276036, 'sigma_boundary': 9.214984242461924, 'alpha': 0.6942096243069078}. Best is trial 182 with value: 0.007582915028799481.
