[I 2026-03-25 08:11:33,532] A new study created in memory with name: no-name-914b565f-d897-417c-8b06-45ab89c9962d
[I 2026-03-25 08:12:21,376] Trial 1 finished with value: 0.024435221931395152 and parameters: {'sigma_noise': 0.03177426832601531, 'A_repulsion': 0.030557589438288846, 'gamma': 0.7573643434130358, 'sigma_update': 0.5837921759921486, 'eta_learning': 0.51618340208272, 'sigma_boundary': 6.62054493616742, 'alpha': 0.4747895305986235}. Best is trial 1 with value: 0.024435221931395152.
[I 2026-03-25 08:12:22,567] Trial 15 finished with value: 0.060255065139165336 and parameters: {'sigma_noise': 0.06459839308047566, 'A_repulsion': 0.027645193375684496, 'gamma': 0.0675515168826938, 'sigma_update': 0.69819357577326, 'eta_learning': 0.49165569094521644, 'sigma_boundary': 8.248073001050972, 'alpha': 0.3011121747348172}. Best is trial 1 with value: 0.024435221931395152.
[I 2026-03-25 08:12:24,264] Trial 10 finished with value: 0.041213411735986846 and parameters: {'sigma_noise': 0.023010049535845623, 'A_repulsion': 0.04590688287605044, 'gamma': 0.6149714922804365, 'sigma_update': 0.3077727710881084, 'eta_learning': 0.06965640722462169, 'sigma_boundary': 9.916078897629397, 'alpha': 0.05065195998194727}. Best is trial 1 with value: 0.024435221931395152.
[I 2026-03-25 08:12:25,507] Trial 12 finished with value: 0.014685783399067886 and parameters: {'sigma_noise': 0.0944301587475599, 'A_repulsion': 0.09456069374517223, 'gamma': 0.4743310404658651, 'sigma_update': 0.31568158707738847, 'eta_learning': 0.5287961292867462, 'sigma_boundary': 9.024391974728145, 'alpha': 0.8221562493496515}. Best is trial 12 with value: 0.014685783399067886.
[I 2026-03-25 08:12:26,639] Trial 8 finished with value: 0.02400577357812195 and parameters: {'sigma_noise': 0.07384199921241333, 'A_repulsion': 0.10994235256584933, 'gamma': 0.5876691594984443, 'sigma_update': 0.5899218856307324, 'eta_learning': 0.7667280165570524, 'sigma_boundary': 1.9823227618840502, 'alpha': 0.6726424442890406}. Best is trial 12 with value: 0.014685783399067886.
[I 2026-03-25 08:12:31,796] Trial 16 finished with value: 0.016499610384654573 and parameters: {'sigma_noise': 0.055048117058153705, 'A_repulsion': 0.30342068516437665, 'gamma': 0.7872318909537275, 'sigma_update': 0.6931041836736588, 'eta_learning': 0.49623095035226994, 'sigma_boundary': 5.498405822364188, 'alpha': 0.9257502259398734}. Best is trial 12 with value: 0.014685783399067886.
[I 2026-03-25 08:12:34,051] Trial 9 finished with value: 0.15963819363692824 and parameters: {'sigma_noise': 0.17138385761503025, 'A_repulsion': 0.12254017374378401, 'gamma': 0.38869285465964803, 'sigma_update': 0.12005500702560182, 'eta_learning': 0.8635183771573349, 'sigma_boundary': 2.0336238000835745, 'alpha': 0.25734311943126975}. Best is trial 12 with value: 0.014685783399067886.
[I 2026-03-25 08:12:39,205] Trial 7 finished with value: 0.43145213746607614 and parameters: {'sigma_noise': 0.267079255960851, 'A_repulsion': 0.19267252140174967, 'gamma': 0.6520330981612421, 'sigma_update': 0.5779367963622022, 'eta_learning': 0.8852918322594024, 'sigma_boundary': 3.108178233473162, 'alpha': 0.3061547168990415}. Best is trial 12 with value: 0.014685783399067886.
[I 2026-03-25 08:12:41,237] Trial 17 finished with value: 0.2033580365229762 and parameters: {'sigma_noise': 0.3067907252831525, 'A_repulsion': 0.0004948997780246933, 'gamma': 0.11127306411295552, 'sigma_update': 0.686470079509403, 'eta_learning': 0.8396363027538316, 'sigma_boundary': 4.330283419862952, 'alpha': 0.8588104300811016}. Best is trial 12 with value: 0.014685783399067886.
[I 2026-03-25 08:12:43,119] Trial 22 finished with value: 0.31607730249421423 and parameters: {'sigma_noise': 0.20114330943976017, 'A_repulsion': 0.2966816247574915, 'gamma': 0.8501922537499977, 'sigma_update': 0.4172300442159882, 'eta_learning': 0.6663997698399297, 'sigma_boundary': 2.928828448906467, 'alpha': 0.2936233835468738}. Best is trial 12 with value: 0.014685783399067886.
[I 2026-03-25 08:12:43,614] Trial 21 finished with value: 0.07342915659169333 and parameters: {'sigma_noise': 0.4124512425484731, 'A_repulsion': 0.00137352402625468, 'gamma': 0.5329757565112659, 'sigma_update': 0.22662658601908003, 'eta_learning': 0.1879800585077563, 'sigma_boundary': 7.471983392875743, 'alpha': 0.8029230731109873}. Best is trial 12 with value: 0.014685783399067886.
[I 2026-03-25 08:12:43,749] Trial 2 finished with value: 0.020224830081517643 and parameters: {'sigma_noise': 0.19363829385170905, 'A_repulsion': 0.30679024489916473, 'gamma': 0.6436649511002134, 'sigma_update': 0.3214730823460642, 'eta_learning': 0.3934678957705967, 'sigma_boundary': 7.9542916776602715, 'alpha': 0.5710410076960913}. Best is trial 12 with value: 0.014685783399067886.
[I 2026-03-25 08:12:46,250] Trial 11 finished with value: 0.024669258464114167 and parameters: {'sigma_noise': 0.17124170301224495, 'A_repulsion': 0.3970957532298141, 'gamma': 0.2656267181654214, 'sigma_update': 0.19142771100752318, 'eta_learning': 0.378708752647018, 'sigma_boundary': 7.30624787104224, 'alpha': 0.8461603392695866}. Best is trial 12 with value: 0.014685783399067886.
[I 2026-03-25 08:12:46,420] Trial 18 finished with value: 0.028659013493909744 and parameters: {'sigma_noise': 0.3028361846130747, 'A_repulsion': 0.17368818063559294, 'gamma': 0.8509804101384205, 'sigma_update': 0.14561764105658978, 'eta_learning': 0.20945588796338555, 'sigma_boundary': 0.13375382098945365, 'alpha': 0.2967361299673825}. Best is trial 12 with value: 0.014685783399067886.
[I 2026-03-25 08:12:48,187] Trial 0 finished with value: 0.02262277142821951 and parameters: {'sigma_noise': 0.2584726347922431, 'A_repulsion': 0.3511773303457831, 'gamma': 0.7653790954349149, 'sigma_update': 0.48470479884424666, 'eta_learning': 0.05390271392915656, 'sigma_boundary': 9.613743387853326, 'alpha': 0.8309858245715026}. Best is trial 12 with value: 0.014685783399067886.
[I 2026-03-25 08:12:48,254] Trial 3 finished with value: 0.0654503042399105 and parameters: {'sigma_noise': 0.41648517290899145, 'A_repulsion': 0.1423436614621667, 'gamma': 0.8250184812840993, 'sigma_update': 0.403849835820213, 'eta_learning': 0.5213065796065589, 'sigma_boundary': 7.068201636402034, 'alpha': 0.748682495136288}. Best is trial 12 with value: 0.014685783399067886.
[I 2026-03-25 08:12:50,937] Trial 5 finished with value: 0.03415787807771161 and parameters: {'sigma_noise': 0.23804991073411813, 'A_repulsion': 0.37809107021988375, 'gamma': 0.02513445072522128, 'sigma_update': 0.2008720736270463, 'eta_learning': 0.30907593287632734, 'sigma_boundary': 7.120846645997987, 'alpha': 0.6259726563653703}. Best is trial 12 with value: 0.014685783399067886.
[I 2026-03-25 08:12:51,954] Trial 14 finished with value: 0.02859462122891978 and parameters: {'sigma_noise': 0.21113899296728453, 'A_repulsion': 0.41645139195751313, 'gamma': 0.8030970839976045, 'sigma_update': 0.15263373406679032, 'eta_learning': 0.494005117238617, 'sigma_boundary': 0.824261307261525, 'alpha': 0.9591465239737851}. Best is trial 12 with value: 0.014685783399067886.
[I 2026-03-25 08:12:53,672] Trial 13 finished with value: 0.29442975074487254 and parameters: {'sigma_noise': 0.22686572889885964, 'A_repulsion': 0.41815838615103107, 'gamma': 0.6574811396257946, 'sigma_update': 0.2664275664187442, 'eta_learning': 0.4885480714331678, 'sigma_boundary': 1.67066249135999, 'alpha': 0.2981945861399825}. Best is trial 12 with value: 0.014685783399067886.
[I 2026-03-25 08:12:55,193] Trial 19 finished with value: 0.05125295232391158 and parameters: {'sigma_noise': 0.4205768620629523, 'A_repulsion': 0.14998237151516947, 'gamma': 0.8239283100988781, 'sigma_update': 0.5733661763603417, 'eta_learning': 0.5115471636750687, 'sigma_boundary': 2.218303109328596, 'alpha': 0.96540051846966}. Best is trial 12 with value: 0.014685783399067886.
[I 2026-03-25 08:12:56,916] Trial 20 finished with value: 0.019515574055503075 and parameters: {'sigma_noise': 0.2137180697738161, 'A_repulsion': 0.47364305800007195, 'gamma': 0.5667794758789343, 'sigma_update': 0.2659437023959995, 'eta_learning': 0.18250527631934083, 'sigma_boundary': 7.161055985943081, 'alpha': 0.65862644574011}. Best is trial 12 with value: 0.014685783399067886.
[I 2026-03-25 08:13:01,659] Trial 6 finished with value: 0.9098802427512386 and parameters: {'sigma_noise': 0.27640432013949967, 'A_repulsion': 0.42602262625882303, 'gamma': 0.8788367321202502, 'sigma_update': 0.04419578131917764, 'eta_learning': 0.5395530186047703, 'sigma_boundary': 4.4068410276993095, 'alpha': 0.2419102124569813}. Best is trial 12 with value: 0.014685783399067886.
[I 2026-03-25 08:13:04,005] Trial 4 finished with value: 0.05043405907930197 and parameters: {'sigma_noise': 0.4133748182815847, 'A_repulsion': 0.29040037195558216, 'gamma': 0.8327157873572437, 'sigma_update': 0.3104479032231087, 'eta_learning': 0.9507297946770654, 'sigma_boundary': 7.094705611424726, 'alpha': 0.8768643213146539}. Best is trial 12 with value: 0.014685783399067886.
[I 2026-03-25 08:13:13,019] Trial 23 finished with value: 0.3840082014347485 and parameters: {'sigma_noise': 0.3777560824033276, 'A_repulsion': 0.3745051731777924, 'gamma': 0.5276340606320666, 'sigma_update': 0.46685988630057784, 'eta_learning': 0.9343130497545848, 'sigma_boundary': 7.743645531582774, 'alpha': 0.4108498172474925}. Best is trial 12 with value: 0.014685783399067886.
[I 2026-03-25 08:13:28,030] Trial 30 finished with value: 0.081958980727039 and parameters: {'sigma_noise': 0.061495758085791156, 'A_repulsion': 0.20952520570242938, 'gamma': 0.13582376036942667, 'sigma_update': 0.5977658127135652, 'eta_learning': 0.7502983131480364, 'sigma_boundary': 8.303391766719956, 'alpha': 0.5282813892170848}. Best is trial 12 with value: 0.014685783399067886.
[I 2026-03-25 08:13:28,894] Trial 26 finished with value: 0.590364040915797 and parameters: {'sigma_noise': 0.16830890683798078, 'A_repulsion': 0.19068287378177845, 'gamma': 0.8635080872177127, 'sigma_update': 0.34125013671883775, 'eta_learning': 0.7566879601257935, 'sigma_boundary': 7.76143212512945, 'alpha': 0.06302001792208167}. Best is trial 12 with value: 0.014685783399067886.
[I 2026-03-25 08:13:36,627] Trial 25 finished with value: 0.9240268278093831 and parameters: {'sigma_noise': 0.2163026104809517, 'A_repulsion': 0.37028253603811606, 'gamma': 0.9392953038221297, 'sigma_update': 0.3614191554992259, 'eta_learning': 0.8692195946311195, 'sigma_boundary': 6.083762467636841, 'alpha': 0.0738842559750803}. Best is trial 12 with value: 0.014685783399067886.
[I 2026-03-25 08:13:39,100] Trial 27 finished with value: 0.04610331312762873 and parameters: {'sigma_noise': 0.24020166505542934, 'A_repulsion': 0.3539506677121875, 'gamma': 0.08030256944247587, 'sigma_update': 0.3445626424741476, 'eta_learning': 0.2698848130287973, 'sigma_boundary': 7.879323869648572, 'alpha': 0.6899627414244776}. Best is trial 12 with value: 0.014685783399067886.
[I 2026-03-25 08:13:40,767] Trial 31 finished with value: 0.18519831557070557 and parameters: {'sigma_noise': 0.2738603737302852, 'A_repulsion': 0.13005128552530565, 'gamma': 0.1559487033513973, 'sigma_update': 0.4952800483506218, 'eta_learning': 0.16885438394628793, 'sigma_boundary': 9.588687327876197, 'alpha': 0.038109343559985076}. Best is trial 12 with value: 0.014685783399067886.
[I 2026-03-25 08:13:48,307] Trial 29 finished with value: 0.13577174442477985 and parameters: {'sigma_noise': 0.26485527911905915, 'A_repulsion': 0.22767254169524004, 'gamma': 0.0266585385869317, 'sigma_update': 0.050332521768662146, 'eta_learning': 0.8880943055112895, 'sigma_boundary': 6.6757369729941285, 'alpha': 0.5527509008653471}. Best is trial 12 with value: 0.014685783399067886.
[I 2026-03-25 08:13:48,605] Trial 35 finished with value: 0.039521967451624396 and parameters: {'sigma_noise': 0.1178389952509129, 'A_repulsion': 0.4975849941148115, 'gamma': 0.9828196415990861, 'sigma_update': 0.03741292827113629, 'eta_learning': 0.32299718408094025, 'sigma_boundary': 0.0576366496202132, 'alpha': 0.9526535546339707}. Best is trial 12 with value: 0.014685783399067886.
[I 2026-03-25 08:13:50,443] Trial 34 finished with value: 0.03013420315749366 and parameters: {'sigma_noise': 0.12981949079433489, 'A_repulsion': 0.4264428043696694, 'gamma': 0.9456459725373836, 'sigma_update': 0.4142386505790504, 'eta_learning': 0.44966323917612605, 'sigma_boundary': 5.8928802391248, 'alpha': 0.996117578073068}. Best is trial 12 with value: 0.014685783399067886.
[I 2026-03-25 08:13:53,234] Trial 36 finished with value: 0.04175514907281733 and parameters: {'sigma_noise': 0.11139471595935428, 'A_repulsion': 0.48529537734354866, 'gamma': 0.9499135459752097, 'sigma_update': 0.39590937919252045, 'eta_learning': 0.5908217137481244, 'sigma_boundary': 0.21159341835069334, 'alpha': 0.9979101619848751}. Best is trial 12 with value: 0.014685783399067886.
[I 2026-03-25 08:13:54,512] Trial 28 finished with value: 0.09793732834232835 and parameters: {'sigma_noise': 0.2803050753148297, 'A_repulsion': 0.4915868186964999, 'gamma': 0.7835910838850092, 'sigma_update': 0.5020025675439158, 'eta_learning': 0.2500009381046699, 'sigma_boundary': 8.366921189349235, 'alpha': 0.41896243061466354}. Best is trial 12 with value: 0.014685783399067886.
[I 2026-03-25 08:13:56,256] Trial 37 finished with value: 0.039325564629451824 and parameters: {'sigma_noise': 0.10246303647824351, 'A_repulsion': 0.4457780621555099, 'gamma': 0.9793778470940482, 'sigma_update': 0.4135486341360895, 'eta_learning': 0.6017530871700338, 'sigma_boundary': 5.604588962758714, 'alpha': 0.9140760174687554}. Best is trial 12 with value: 0.014685783399067886.
[I 2026-03-25 08:13:57,296] Trial 38 finished with value: 0.09423415854990833 and parameters: {'sigma_noise': 0.11043706248433405, 'A_repulsion': 0.45935102632441654, 'gamma': 0.3990847565399562, 'sigma_update': 0.041046530854402796, 'eta_learning': 0.996488266600314, 'sigma_boundary': 5.608365357912856, 'alpha': 0.9737831175550818}. Best is trial 12 with value: 0.014685783399067886.
[I 2026-03-25 08:13:58,791] Trial 43 finished with value: 0.030142147825528744 and parameters: {'sigma_noise': 0.1156427861285794, 'A_repulsion': 0.25585384843886533, 'gamma': 0.969742240431241, 'sigma_update': 0.4816718003249807, 'eta_learning': 0.6493470985428583, 'sigma_boundary': 5.713168388590956, 'alpha': 0.9731406132674678}. Best is trial 12 with value: 0.014685783399067886.
[I 2026-03-25 08:14:01,369] Trial 24 finished with value: 0.06711979687920684 and parameters: {'sigma_noise': 0.44621016371030586, 'A_repulsion': 0.465831579958401, 'gamma': 0.8303695321164623, 'sigma_update': 0.38801789853918744, 'eta_learning': 0.04447131427188868, 'sigma_boundary': 3.3594776700330584, 'alpha': 0.6415210587356301}. Best is trial 12 with value: 0.014685783399067886.
[I 2026-03-25 08:14:03,041] Trial 39 finished with value: 0.13406070049463484 and parameters: {'sigma_noise': 0.12687169673678422, 'A_repulsion': 0.4899980262018937, 'gamma': 0.9662322274212154, 'sigma_update': 0.016834421592340887, 'eta_learning': 0.6634570044406183, 'sigma_boundary': 5.579286856930772, 'alpha': 0.9777228746221341}. Best is trial 12 with value: 0.014685783399067886.
[I 2026-03-25 08:14:03,047] Trial 40 finished with value: 0.11314876708598935 and parameters: {'sigma_noise': 0.12324893255011718, 'A_repulsion': 0.48596871983361245, 'gamma': 0.9834862184234974, 'sigma_update': 0.011250215785269857, 'eta_learning': 0.6594893711984267, 'sigma_boundary': 5.308942750826967, 'alpha': 0.9814315526381555}. Best is trial 12 with value: 0.014685783399067886.
[I 2026-03-25 08:14:03,244] Trial 32 finished with value: 0.03182663737636737 and parameters: {'sigma_noise': 0.34999568932779107, 'A_repulsion': 0.36916149884149163, 'gamma': 0.8956329954953549, 'sigma_update': 0.5511019238160586, 'eta_learning': 0.4940073989169782, 'sigma_boundary': 8.051600837273813, 'alpha': 0.8930939622062011}. Best is trial 12 with value: 0.014685783399067886.
[I 2026-03-25 08:14:05,235] Trial 42 finished with value: 0.05567463680719383 and parameters: {'sigma_noise': 0.10676496941116904, 'A_repulsion': 0.4975470131157193, 'gamma': 0.9861486431233359, 'sigma_update': 0.01729116555269833, 'eta_learning': 0.6571635000044337, 'sigma_boundary': 5.521819012907147, 'alpha': 0.9882701111344548}. Best is trial 12 with value: 0.014685783399067886.
[I 2026-03-25 08:14:09,421] Trial 46 finished with value: 0.03113276359575728 and parameters: {'sigma_noise': 0.11362015741969236, 'A_repulsion': 0.491927317988365, 'gamma': 0.9935686730193722, 'sigma_update': 0.389728970530847, 'eta_learning': 0.6531371759717971, 'sigma_boundary': 5.572109052180247, 'alpha': 0.7163695823591124}. Best is trial 12 with value: 0.014685783399067886.
[I 2026-03-25 08:14:10,922] Trial 41 finished with value: 0.05032060121551651 and parameters: {'sigma_noise': 0.12094529160880044, 'A_repulsion': 0.49252846995613164, 'gamma': 0.9836392495498036, 'sigma_update': 0.020756664506312972, 'eta_learning': 0.6593531070480907, 'sigma_boundary': 5.626108245011337, 'alpha': 0.9804427942632885}. Best is trial 12 with value: 0.014685783399067886.
[I 2026-03-25 08:14:11,370] Trial 45 finished with value: 0.02312785072975283 and parameters: {'sigma_noise': 0.11493812376194391, 'A_repulsion': 0.47303785869834525, 'gamma': 0.9666304201432784, 'sigma_update': 0.38417694804695013, 'eta_learning': 0.9918149609038871, 'sigma_boundary': 6.156012003146678, 'alpha': 0.7130790951043878}. Best is trial 12 with value: 0.014685783399067886.
[I 2026-03-25 08:14:14,285] Trial 44 finished with value: 0.0823311594801987 and parameters: {'sigma_noise': 0.12508404223628924, 'A_repulsion': 0.4633843505920869, 'gamma': 0.41394049429799434, 'sigma_update': 0.04787320829951747, 'eta_learning': 0.6447395441567961, 'sigma_boundary': 5.611791555893605, 'alpha': 0.6979671089312507}. Best is trial 12 with value: 0.014685783399067886.
[I 2026-03-25 08:14:19,446] Trial 47 finished with value: 0.02748921821762384 and parameters: {'sigma_noise': 0.12200565875102799, 'A_repulsion': 0.4788677754951109, 'gamma': 0.9613025678818755, 'sigma_update': 0.3696826773657235, 'eta_learning': 0.6997426527213306, 'sigma_boundary': 5.9469109915246445, 'alpha': 0.7431033200791799}. Best is trial 12 with value: 0.014685783399067886.
[I 2026-03-25 08:14:38,150] Trial 48 finished with value: 0.01756673617772915 and parameters: {'sigma_noise': 0.13535166333184934, 'A_repulsion': 0.486852539137796, 'gamma': 0.4087183000543625, 'sigma_update': 0.3686749703556241, 'eta_learning': 0.6119135576992007, 'sigma_boundary': 5.7042673103071495, 'alpha': 0.7003178721386236}. Best is trial 12 with value: 0.014685783399067886.
[I 2026-03-25 08:14:40,445] Trial 49 finished with value: 0.029967557084834767 and parameters: {'sigma_noise': 0.11332159113324541, 'A_repulsion': 0.4978916978654387, 'gamma': 0.9717961133849353, 'sigma_update': 0.38964403054396557, 'eta_learning': 0.22844066545050595, 'sigma_boundary': 5.839098822456302, 'alpha': 0.7212148724944398}. Best is trial 12 with value: 0.014685783399067886.
[I 2026-03-25 08:14:40,682] Trial 50 finished with value: 0.02252236248849299 and parameters: {'sigma_noise': 0.12299290350789652, 'A_repulsion': 0.470828085816926, 'gamma': 0.37939294808402524, 'sigma_update': 0.4841896600997436, 'eta_learning': 0.6047713406129126, 'sigma_boundary': 5.591445550423298, 'alpha': 0.7228375137208127}. Best is trial 12 with value: 0.014685783399067886.
[I 2026-03-25 08:14:40,765] Trial 33 finished with value: 0.3932399000403607 and parameters: {'sigma_noise': 0.44522944548528026, 'A_repulsion': 0.4723227058812491, 'gamma': 0.37025450821611733, 'sigma_update': 0.025032343899390352, 'eta_learning': 0.19880322598827516, 'sigma_boundary': 0.38611237330422554, 'alpha': 0.7114875868842027}. Best is trial 12 with value: 0.014685783399067886.
[I 2026-03-25 08:14:48,673] Trial 51 finished with value: 0.022756705743727658 and parameters: {'sigma_noise': 0.11890353004385514, 'A_repulsion': 0.4745371095860753, 'gamma': 0.4169451389887362, 'sigma_update': 0.25965327107794456, 'eta_learning': 0.6106715116606997, 'sigma_boundary': 5.796054306231354, 'alpha': 0.7401198778866493}. Best is trial 12 with value: 0.014685783399067886.
[I 2026-03-25 08:14:49,743] Trial 54 finished with value: 0.025654598430157657 and parameters: {'sigma_noise': 0.11566725262097641, 'A_repulsion': 0.30166396870710815, 'gamma': 0.4050557389759344, 'sigma_update': 0.26450767856854823, 'eta_learning': 0.40060950737491263, 'sigma_boundary': 8.931301413375792, 'alpha': 0.765547302987728}. Best is trial 12 with value: 0.014685783399067886.
[I 2026-03-25 08:14:51,370] Trial 52 finished with value: 0.030948391390987717 and parameters: {'sigma_noise': 0.12154951171628725, 'A_repulsion': 0.48865670693294355, 'gamma': 0.38840201362356275, 'sigma_update': 0.27082549023038427, 'eta_learning': 0.6262097635389026, 'sigma_boundary': 5.746142683936688, 'alpha': 0.7578960468689903}. Best is trial 12 with value: 0.014685783399067886.
[I 2026-03-25 08:14:51,539] Trial 56 finished with value: 0.014072151427924142 and parameters: {'sigma_noise': 0.08890261624996185, 'A_repulsion': 0.2973453005282823, 'gamma': 0.42951390884207263, 'sigma_update': 0.2539767898976835, 'eta_learning': 0.4052421736192892, 'sigma_boundary': 9.030203192767743, 'alpha': 0.7618598391897311}. Best is trial 56 with value: 0.014072151427924142.
[I 2026-03-25 08:14:54,767] Trial 53 finished with value: 0.014121573137294079 and parameters: {'sigma_noise': 0.1281368765477624, 'A_repulsion': 0.30501792745333056, 'gamma': 0.3998809194576327, 'sigma_update': 0.25143085733434023, 'eta_learning': 0.6214481213379744, 'sigma_boundary': 8.863958140331977, 'alpha': 0.7430385309403021}. Best is trial 56 with value: 0.014072151427924142.
