/nfs/nhome/live/apourdehghan/Hybrid_hpc_utils.py:56: DtypeWarning: Columns (16) have mixed types. Specify dtype option on import or set low_memory=False.
  data = pd.read_csv(data_path)
[I 2026-03-17 02:04:38,881] A new study created in memory with name: no-name-59672c2d-97a7-462b-9316-35c30d82776c
[I 2026-03-17 02:18:30,199] Trial 6 finished with value: 0.08120738684904887 and parameters: {'sigma_noise': 0.0823637710144118, 'A_repulsion': 0.07835776379291493, 'gamma': 0.5486529850700282, 'sigma_update': 0.4400529718315721, 'eta_learning': 2.9802949846841154, 'sigma_boundary': 0.14590597618416015, 'alpha': 0.17917898513803532}. Best is trial 6 with value: 0.08120738684904887.
[I 2026-03-17 02:19:08,897] Trial 7 finished with value: 0.19028502764240574 and parameters: {'sigma_noise': 0.12294616001627677, 'A_repulsion': 0.012594735738569174, 'gamma': 0.08474769586372757, 'sigma_update': 0.21629316733400356, 'eta_learning': 2.6438968516429338, 'sigma_boundary': 8.432794579191023, 'alpha': 0.3097893381740078}. Best is trial 6 with value: 0.08120738684904887.
[I 2026-03-17 02:19:11,905] Trial 8 finished with value: 0.5040001082187547 and parameters: {'sigma_noise': 0.14232375678138057, 'A_repulsion': 0.0016091845209733613, 'gamma': 0.9940856385423559, 'sigma_update': 0.6865426582311677, 'eta_learning': 2.659706304429725, 'sigma_boundary': 1.8893167761167484, 'alpha': 0.32200446522004933}. Best is trial 6 with value: 0.08120738684904887.
[I 2026-03-17 02:22:57,924] Trial 18 finished with value: 0.12225141983443728 and parameters: {'sigma_noise': 0.12357822667144598, 'A_repulsion': 0.30594816250498763, 'gamma': 0.9141886957881685, 'sigma_update': 0.5089356672813259, 'eta_learning': 2.4996371431398905, 'sigma_boundary': 6.392121421157284, 'alpha': 0.6186269298051816}. Best is trial 6 with value: 0.08120738684904887.
[I 2026-03-17 02:24:08,273] Trial 11 finished with value: 0.13073526866771593 and parameters: {'sigma_noise': 0.24490194343747484, 'A_repulsion': 0.11597042221930265, 'gamma': 0.8322729172265483, 'sigma_update': 0.5281823284195033, 'eta_learning': 0.5049863055775216, 'sigma_boundary': 8.438916953100314, 'alpha': 0.9801254660568341}. Best is trial 6 with value: 0.08120738684904887.
[I 2026-03-17 02:24:17,138] Trial 4 finished with value: 0.7030477127055554 and parameters: {'sigma_noise': 0.2336670719882959, 'A_repulsion': 0.14286497344339988, 'gamma': 0.707708300634251, 'sigma_update': 0.5760115026063195, 'eta_learning': 0.7735913717004502, 'sigma_boundary': 7.817719513992364, 'alpha': 0.304607736427291}. Best is trial 6 with value: 0.08120738684904887.
[I 2026-03-17 02:24:37,901] Trial 1 finished with value: 0.23287792072889424 and parameters: {'sigma_noise': 0.11424511442895793, 'A_repulsion': 0.4311211513202532, 'gamma': 0.5464107056247585, 'sigma_update': 0.07510497235237133, 'eta_learning': 1.181697358182417, 'sigma_boundary': 6.8696799033319635, 'alpha': 0.6122608190512449}. Best is trial 6 with value: 0.08120738684904887.
[I 2026-03-17 02:25:56,629] Trial 3 finished with value: 0.1181196794907294 and parameters: {'sigma_noise': 0.2551338053304885, 'A_repulsion': 0.22537640963030697, 'gamma': 0.5623630098444199, 'sigma_update': 0.6356419779220867, 'eta_learning': 0.8402707892083534, 'sigma_boundary': 9.770674387248988, 'alpha': 0.9831860048886522}. Best is trial 6 with value: 0.08120738684904887.
[I 2026-03-17 02:26:08,407] Trial 15 finished with value: 0.11571796113107716 and parameters: {'sigma_noise': 0.3739800946442737, 'A_repulsion': 0.15916933233005148, 'gamma': 0.6612818144162508, 'sigma_update': 0.3664264069490361, 'eta_learning': 0.014508309549637421, 'sigma_boundary': 7.961675290999683, 'alpha': 0.17450027501276089}. Best is trial 6 with value: 0.08120738684904887.
[I 2026-03-17 02:26:09,624] Trial 17 finished with value: 0.127641185300152 and parameters: {'sigma_noise': 0.22175931941834615, 'A_repulsion': 0.43117194657969254, 'gamma': 0.5598778359571336, 'sigma_update': 0.625319017112394, 'eta_learning': 0.7741525179942861, 'sigma_boundary': 9.395577834491574, 'alpha': 0.8691012603223608}. Best is trial 6 with value: 0.08120738684904887.
[I 2026-03-17 02:26:23,875] Trial 19 finished with value: 0.4823317557846239 and parameters: {'sigma_noise': 0.311215711017903, 'A_repulsion': 0.1534954413048904, 'gamma': 0.06425054209603699, 'sigma_update': 0.40496468766223126, 'eta_learning': 1.0794815883420588, 'sigma_boundary': 6.072227585618906, 'alpha': 0.3782601111840841}. Best is trial 6 with value: 0.08120738684904887.
[I 2026-03-17 02:26:33,500] Trial 5 finished with value: 1.3460564815882057 and parameters: {'sigma_noise': 0.35060451115649005, 'A_repulsion': 0.10616982048168994, 'gamma': 0.5384850608748671, 'sigma_update': 0.0505484864724959, 'eta_learning': 2.496678823804774, 'sigma_boundary': 3.8545511979467477, 'alpha': 0.2996940132024625}. Best is trial 6 with value: 0.08120738684904887.
[I 2026-03-17 02:26:37,314] Trial 16 finished with value: 0.11197575751812497 and parameters: {'sigma_noise': 0.2676939221285945, 'A_repulsion': 0.39062051105470996, 'gamma': 0.9722021434368344, 'sigma_update': 0.45774230284291173, 'eta_learning': 2.5547351992809553, 'sigma_boundary': 8.96606616453228, 'alpha': 0.6852191450161359}. Best is trial 6 with value: 0.08120738684904887.
[I 2026-03-17 02:26:39,878] Trial 14 finished with value: 0.12747106305357447 and parameters: {'sigma_noise': 0.3302763851642631, 'A_repulsion': 0.17354058074758322, 'gamma': 0.6016326132825232, 'sigma_update': 0.25384689094356233, 'eta_learning': 1.1346804386247908, 'sigma_boundary': 4.972365202473692, 'alpha': 0.6740909197920152}. Best is trial 6 with value: 0.08120738684904887.
[I 2026-03-17 02:26:49,075] Trial 2 finished with value: 2.574859756457796 and parameters: {'sigma_noise': 0.18944950628209634, 'A_repulsion': 0.42944710835759664, 'gamma': 0.5245477356306039, 'sigma_update': 0.43839381757091506, 'eta_learning': 1.396017914005875, 'sigma_boundary': 7.582221633997111, 'alpha': 0.029666296403520476}. Best is trial 6 with value: 0.08120738684904887.
[I 2026-03-17 02:26:49,701] Trial 13 finished with value: 0.6455108746185363 and parameters: {'sigma_noise': 0.42635163337723875, 'A_repulsion': 0.15490486998041647, 'gamma': 0.22917988852272383, 'sigma_update': 0.3507086139770013, 'eta_learning': 1.0681084159492062, 'sigma_boundary': 1.6215741230112628, 'alpha': 0.36278091911623245}. Best is trial 6 with value: 0.08120738684904887.
[I 2026-03-17 02:26:50,215] Trial 9 finished with value: 0.16736261604434483 and parameters: {'sigma_noise': 0.30711307942361393, 'A_repulsion': 0.19133267841166302, 'gamma': 0.45282391048764664, 'sigma_update': 0.19696421002176268, 'eta_learning': 0.1869587252770166, 'sigma_boundary': 2.506247534406581, 'alpha': 0.8470304368152198}. Best is trial 6 with value: 0.08120738684904887.
[I 2026-03-17 02:27:05,768] Trial 12 finished with value: 0.4342768328444665 and parameters: {'sigma_noise': 0.3450912330405804, 'A_repulsion': 0.2640376574766823, 'gamma': 0.08981232498317242, 'sigma_update': 0.06615456878753731, 'eta_learning': 1.2903516246062792, 'sigma_boundary': 5.234099687365986, 'alpha': 0.9866361115525047}. Best is trial 6 with value: 0.08120738684904887.
[I 2026-03-17 02:27:25,869] Trial 0 finished with value: 2.576716883535824 and parameters: {'sigma_noise': 0.3343408392806057, 'A_repulsion': 0.40666250527389314, 'gamma': 0.5342162584244803, 'sigma_update': 0.4931296057180747, 'eta_learning': 2.2075360639028756, 'sigma_boundary': 7.535687939899635, 'alpha': 0.0562282432222021}. Best is trial 6 with value: 0.08120738684904887.
[I 2026-03-17 02:27:40,880] Trial 10 finished with value: 1.6807832333289978 and parameters: {'sigma_noise': 0.43572197707729027, 'A_repulsion': 0.31531667159064797, 'gamma': 0.8605813653877702, 'sigma_update': 0.5326465559066389, 'eta_learning': 2.8648315877078234, 'sigma_boundary': 2.321553911127285, 'alpha': 0.3269859893209581}. Best is trial 6 with value: 0.08120738684904887.
[I 2026-03-17 02:35:58,215] Trial 21 finished with value: 0.12127455882824226 and parameters: {'sigma_noise': 0.07517302117050062, 'A_repulsion': 0.316654760316236, 'gamma': 0.9152603390346328, 'sigma_update': 0.02310332636862642, 'eta_learning': 0.040814359902585085, 'sigma_boundary': 7.838531537997806, 'alpha': 0.14621805256190434}. Best is trial 6 with value: 0.08120738684904887.
[I 2026-03-17 02:37:46,417] Trial 20 finished with value: 0.1582152595420483 and parameters: {'sigma_noise': 0.21436693634077864, 'A_repulsion': 0.155207091880666, 'gamma': 0.7560334703533143, 'sigma_update': 0.5146065266812998, 'eta_learning': 0.20169348209860355, 'sigma_boundary': 5.892271693846199, 'alpha': 0.20591178468617943}. Best is trial 6 with value: 0.08120738684904887.
[I 2026-03-17 02:42:21,820] Trial 29 finished with value: 0.26670091213052194 and parameters: {'sigma_noise': 0.051494618795657754, 'A_repulsion': 0.3108827405518369, 'gamma': 0.251271386188644, 'sigma_update': 0.39574754225911357, 'eta_learning': 1.98349738065121, 'sigma_boundary': 0.15705068765012675, 'alpha': 0.02177208560569338}. Best is trial 6 with value: 0.08120738684904887.
[I 2026-03-17 02:42:31,252] Trial 22 finished with value: 2.5766598730468564 and parameters: {'sigma_noise': 0.3254816234050326, 'A_repulsion': 0.4888798035138556, 'gamma': 0.06014981213075526, 'sigma_update': 0.6980852317389016, 'eta_learning': 2.617442313776907, 'sigma_boundary': 2.266252316847899, 'alpha': 0.02688963790444776}. Best is trial 6 with value: 0.08120738684904887.
[I 2026-03-17 02:43:05,891] Trial 34 finished with value: 0.26672008529087843 and parameters: {'sigma_noise': 0.05192944631583651, 'A_repulsion': 0.3458314126298242, 'gamma': 0.30752835834767955, 'sigma_update': 0.2880860874854668, 'eta_learning': 1.9468619297126515, 'sigma_boundary': 0.1665604150108324, 'alpha': 0.7712667519264103}. Best is trial 6 with value: 0.08120738684904887.
[I 2026-03-17 02:43:33,191] Trial 35 finished with value: 0.25621184754325255 and parameters: {'sigma_noise': 0.06950472457916693, 'A_repulsion': 0.3391511475163566, 'gamma': 0.282718092429742, 'sigma_update': 0.2705151371402995, 'eta_learning': 1.949019977268688, 'sigma_boundary': 0.1006198820457308, 'alpha': 0.73301485063062}. Best is trial 6 with value: 0.08120738684904887.
[I 2026-03-17 02:43:33,535] Trial 36 finished with value: 0.14481328580487512 and parameters: {'sigma_noise': 0.06822988924573307, 'A_repulsion': 0.3283138634323261, 'gamma': 0.3522284239567878, 'sigma_update': 0.4734872945968194, 'eta_learning': 2.056651296785324, 'sigma_boundary': 0.1684650720465515, 'alpha': 0.49833750581445696}. Best is trial 6 with value: 0.08120738684904887.
[I 2026-03-17 02:43:34,043] Trial 38 finished with value: 0.19026744132566956 and parameters: {'sigma_noise': 0.0625287884218682, 'A_repulsion': 0.3372729138151657, 'gamma': 0.36281096506297683, 'sigma_update': 0.2989795655695146, 'eta_learning': 2.0322165865131567, 'sigma_boundary': 0.1933136533864314, 'alpha': 0.4910395990168496}. Best is trial 6 with value: 0.08120738684904887.
[I 2026-03-17 02:44:03,205] Trial 37 finished with value: 0.19488735819923342 and parameters: {'sigma_noise': 0.061628405040546785, 'A_repulsion': 0.35454410520184243, 'gamma': 0.376822123011461, 'sigma_update': 0.2964390458490067, 'eta_learning': 2.010459133439629, 'sigma_boundary': 0.2636735754469918, 'alpha': 0.5408919563423504}. Best is trial 6 with value: 0.08120738684904887.
[I 2026-03-17 02:45:10,965] Trial 23 finished with value: 2.45733923116918 and parameters: {'sigma_noise': 0.4088658687359535, 'A_repulsion': 0.16597213659673016, 'gamma': 0.586228615480208, 'sigma_update': 0.6923097463962162, 'eta_learning': 0.7029780499247025, 'sigma_boundary': 1.5760204399477402, 'alpha': 0.1273319938841736}. Best is trial 6 with value: 0.08120738684904887.
[I 2026-03-17 02:45:27,501] Trial 39 finished with value: 0.2721786288143169 and parameters: {'sigma_noise': 0.05212509663863399, 'A_repulsion': 0.4931529227325042, 'gamma': 0.3747027249004907, 'sigma_update': 0.28736102580838796, 'eta_learning': 1.8690616188206566, 'sigma_boundary': 0.07084911935949972, 'alpha': 0.5066906691036293}. Best is trial 6 with value: 0.08120738684904887.
[I 2026-03-17 02:46:28,332] Trial 26 finished with value: 0.21978178625930522 and parameters: {'sigma_noise': 0.42394474821093925, 'A_repulsion': 0.128149444177809, 'gamma': 0.339128176300135, 'sigma_update': 0.23260360303138441, 'eta_learning': 1.9690738186839791, 'sigma_boundary': 9.8816201090827, 'alpha': 0.7076689638122288}. Best is trial 6 with value: 0.08120738684904887.
[I 2026-03-17 02:46:53,062] Trial 25 finished with value: 0.6864890395848071 and parameters: {'sigma_noise': 0.37439688086023426, 'A_repulsion': 0.22764490760446204, 'gamma': 0.7447151412836956, 'sigma_update': 0.029638246780308568, 'eta_learning': 2.0807942787018567, 'sigma_boundary': 0.0809236869667114, 'alpha': 0.4872231581404304}. Best is trial 6 with value: 0.08120738684904887.
[I 2026-03-17 02:47:04,665] Trial 24 finished with value: 2.390312999060386 and parameters: {'sigma_noise': 0.42715893805495325, 'A_repulsion': 0.309561932271976, 'gamma': 0.3523452160896309, 'sigma_update': 0.6226860880227644, 'eta_learning': 1.39113266281374, 'sigma_boundary': 6.80500518109115, 'alpha': 0.2511755982203113}. Best is trial 6 with value: 0.08120738684904887.
[I 2026-03-17 02:47:36,519] Trial 28 finished with value: 0.2938793895457167 and parameters: {'sigma_noise': 0.4185833558359438, 'A_repulsion': 0.020651664161298267, 'gamma': 0.7641918194944403, 'sigma_update': 0.1985981674956736, 'eta_learning': 0.08449252752031919, 'sigma_boundary': 6.962774811630394, 'alpha': 0.04435877337188576}. Best is trial 6 with value: 0.08120738684904887.
[I 2026-03-17 02:47:51,557] Trial 30 finished with value: 0.2032041277238272 and parameters: {'sigma_noise': 0.4490243380116, 'A_repulsion': 0.08180251462519145, 'gamma': 0.32062951408043183, 'sigma_update': 0.335739531086582, 'eta_learning': 0.02370556694928306, 'sigma_boundary': 3.143903090025905, 'alpha': 0.07604426739834803}. Best is trial 6 with value: 0.08120738684904887.
[I 2026-03-17 02:48:07,852] Trial 27 finished with value: 0.19504223519709563 and parameters: {'sigma_noise': 0.4042406922366845, 'A_repulsion': 0.21753965719915663, 'gamma': 0.6040281555395617, 'sigma_update': 0.46995804709908146, 'eta_learning': 0.3319457267086754, 'sigma_boundary': 0.23947746205936488, 'alpha': 0.6617644049296663}. Best is trial 6 with value: 0.08120738684904887.
[I 2026-03-17 02:49:11,523] Trial 31 finished with value: 2.5768182740568673 and parameters: {'sigma_noise': 0.43064293115023555, 'A_repulsion': 0.2709300528840404, 'gamma': 0.3114850541616371, 'sigma_update': 0.341193267494202, 'eta_learning': 1.8938029823748552, 'sigma_boundary': 1.5973998711294706, 'alpha': 0.0005329811288873609}. Best is trial 6 with value: 0.08120738684904887.
[I 2026-03-17 02:49:23,449] Trial 32 finished with value: 2.576041254319273 and parameters: {'sigma_noise': 0.44148388297702706, 'A_repulsion': 0.3079836005233227, 'gamma': 0.2990937172681184, 'sigma_update': 0.4401360400235563, 'eta_learning': 2.0597776902321816, 'sigma_boundary': 0.10075820016400261, 'alpha': 0.03404623377491445}. Best is trial 6 with value: 0.08120738684904887.
[I 2026-03-17 02:49:28,810] Trial 33 finished with value: 2.576665734526905 and parameters: {'sigma_noise': 0.4339423536465461, 'A_repulsion': 0.3166393474436474, 'gamma': 0.28328312722448745, 'sigma_update': 0.4506183979037311, 'eta_learning': 2.0336304099642653, 'sigma_boundary': 0.41193895003788417, 'alpha': 0.012723074260369865}. Best is trial 6 with value: 0.08120738684904887.
[I 2026-03-17 02:57:49,584] Trial 40 finished with value: 1.6259905401364458 and parameters: {'sigma_noise': 0.39335883806169675, 'A_repulsion': 0.06060451821060453, 'gamma': 0.3588290646486566, 'sigma_update': 0.315681970735307, 'eta_learning': 1.7666071550421896, 'sigma_boundary': 0.16907246361412426, 'alpha': 0.18499658375169725}. Best is trial 6 with value: 0.08120738684904887.
[I 2026-03-17 03:01:11,963] Trial 41 finished with value: 0.21763947911091902 and parameters: {'sigma_noise': 0.3998310138705782, 'A_repulsion': 0.4946238455783011, 'gamma': 0.4157497951795602, 'sigma_update': 0.3406582323156958, 'eta_learning': 1.8372135228522175, 'sigma_boundary': 0.170185161414234, 'alpha': 0.4892553987925153}. Best is trial 6 with value: 0.08120738684904887.
[I 2026-03-17 03:04:03,477] Trial 42 finished with value: 0.2567665215232598 and parameters: {'sigma_noise': 0.3916210895010886, 'A_repulsion': 0.06363156328432902, 'gamma': 0.4043942849984695, 'sigma_update': 0.3152508963149999, 'eta_learning': 1.7545532608869971, 'sigma_boundary': 9.056589351454248, 'alpha': 0.5133220919105083}. Best is trial 6 with value: 0.08120738684904887.
[I 2026-03-17 03:04:04,127] Trial 43 finished with value: 0.27434547430396766 and parameters: {'sigma_noise': 0.397372450993163, 'A_repulsion': 0.053771532591456894, 'gamma': 0.7154969586358689, 'sigma_update': 0.31998281910816373, 'eta_learning': 1.7150400148003513, 'sigma_boundary': 9.105453953748317, 'alpha': 0.4728422494834894}. Best is trial 6 with value: 0.08120738684904887.
[I 2026-03-17 03:04:26,055] Trial 44 finished with value: 0.2082549612920483 and parameters: {'sigma_noise': 0.381816105452768, 'A_repulsion': 0.04494743697327311, 'gamma': 0.7064367456645705, 'sigma_update': 0.34791649423489707, 'eta_learning': 2.9981872712459845, 'sigma_boundary': 3.6756113799556833, 'alpha': 0.5307098077184575}. Best is trial 6 with value: 0.08120738684904887.
[I 2026-03-17 03:04:30,202] Trial 49 finished with value: 1.1069353590684918 and parameters: {'sigma_noise': 0.2830463731214663, 'A_repulsion': 0.057054533354999104, 'gamma': 0.6603621450081941, 'sigma_update': 0.35261270281329954, 'eta_learning': 1.663468286069571, 'sigma_boundary': 9.076197081243405, 'alpha': 0.22187106560311787}. Best is trial 6 with value: 0.08120738684904887.
[I 2026-03-17 03:04:32,119] Trial 50 finished with value: 1.2008362254934446 and parameters: {'sigma_noise': 0.269958795521914, 'A_repulsion': 0.0549389952409504, 'gamma': 0.6969012102808694, 'sigma_update': 0.34704980230527444, 'eta_learning': 2.9723645189314136, 'sigma_boundary': 9.408655538375545, 'alpha': 0.20300108837053427}. Best is trial 6 with value: 0.08120738684904887.
[I 2026-03-17 03:04:58,625] Trial 46 finished with value: 0.2798704502326444 and parameters: {'sigma_noise': 0.3968974926011438, 'A_repulsion': 0.06335111176393479, 'gamma': 0.6810698334271534, 'sigma_update': 0.330868146195631, 'eta_learning': 1.6805794171423216, 'sigma_boundary': 4.0868647627877035, 'alpha': 0.48170029979669515}. Best is trial 6 with value: 0.08120738684904887.
[I 2026-03-17 03:05:01,352] Trial 45 finished with value: 0.3518424538722963 and parameters: {'sigma_noise': 0.3914378264726867, 'A_repulsion': 0.05752533153265679, 'gamma': 0.39759337166605035, 'sigma_update': 0.3343706065027035, 'eta_learning': 2.867593569993845, 'sigma_boundary': 8.993965354765683, 'alpha': 0.4549038489882907}. Best is trial 6 with value: 0.08120738684904887.
[I 2026-03-17 03:05:09,737] Trial 47 finished with value: 1.822521246606668 and parameters: {'sigma_noise': 0.39876534351589454, 'A_repulsion': 0.053725649003353596, 'gamma': 0.6935646771632183, 'sigma_update': 0.3403407044077563, 'eta_learning': 1.603093759355594, 'sigma_boundary': 8.933893428507803, 'alpha': 0.19279717278031802}. Best is trial 6 with value: 0.08120738684904887.
[I 2026-03-17 03:06:01,958] Trial 48 finished with value: 2.273466723653552 and parameters: {'sigma_noise': 0.4006909428996912, 'A_repulsion': 0.09142927186310897, 'gamma': 0.6680961677338431, 'sigma_update': 0.3575633249525426, 'eta_learning': 2.956408235250996, 'sigma_boundary': 8.854380351805109, 'alpha': 0.14164425000444397}. Best is trial 6 with value: 0.08120738684904887.
[I 2026-03-17 03:06:29,332] Trial 53 finished with value: 1.8063107922922073 and parameters: {'sigma_noise': 0.2658608376947137, 'A_repulsion': 0.05634857484755555, 'gamma': 0.6613496890143068, 'sigma_update': 0.14510350901725402, 'eta_learning': 2.995081669288984, 'sigma_boundary': 8.953113661943307, 'alpha': 0.10584202842055525}. Best is trial 6 with value: 0.08120738684904887.
[I 2026-03-17 03:06:44,481] Trial 52 finished with value: 1.2729606694344895 and parameters: {'sigma_noise': 0.2893317258482504, 'A_repulsion': 0.06566830995509294, 'gamma': 0.6621172113712868, 'sigma_update': 0.1654769219176493, 'eta_learning': 2.9773532731072603, 'sigma_boundary': 9.087992547240365, 'alpha': 0.2227728359091975}. Best is trial 6 with value: 0.08120738684904887.
[I 2026-03-17 03:06:52,190] Trial 55 finished with value: 0.09088473620457585 and parameters: {'sigma_noise': 0.2756181177509214, 'A_repulsion': 0.0667960827712724, 'gamma': 0.685253659860762, 'sigma_update': 0.45832728570943215, 'eta_learning': 1.644011496685882, 'sigma_boundary': 9.342947335784453, 'alpha': 0.8443536932193324}. Best is trial 6 with value: 0.08120738684904887.
[I 2026-03-17 03:07:14,452] Trial 54 finished with value: 1.7934966781814532 and parameters: {'sigma_noise': 0.2706275659235125, 'A_repulsion': 0.07532893375496147, 'gamma': 0.6465164023316337, 'sigma_update': 0.45154449782886436, 'eta_learning': 1.6575629062787922, 'sigma_boundary': 8.68847756785754, 'alpha': 0.11265362059085175}. Best is trial 6 with value: 0.08120738684904887.
[I 2026-03-17 03:07:40,320] Trial 56 finished with value: 0.15543164556104275 and parameters: {'sigma_noise': 0.2790928296199193, 'A_repulsion': 0.08864844694329452, 'gamma': 0.662872908226117, 'sigma_update': 0.12970172905269073, 'eta_learning': 1.6344509481810379, 'sigma_boundary': 9.065806052163492, 'alpha': 0.9210365457920187}. Best is trial 6 with value: 0.08120738684904887.
