[I 2026-03-17 05:06:35,971] Trial 171 finished with value: 0.08023705237239706 and parameters: {'sigma_noise': 0.19597713770706707, 'A_repulsion': 0.018224653405711253, 'gamma': 0.945065750176108, 'sigma_update': 0.5350612871466848, 'eta_learning': 1.0340062867941704, 'sigma_boundary': 6.145935764034909, 'alpha': 0.6550601716546978}. Best is trial 152 with value: 0.07385492932790338.
[I 2026-03-17 05:06:52,727] Trial 167 finished with value: 0.07724113194023692 and parameters: {'sigma_noise': 0.21080340945036685, 'A_repulsion': 0.04775977988496283, 'gamma': 0.9366666929556999, 'sigma_update': 0.5259317711467769, 'eta_learning': 1.329765514773818, 'sigma_boundary': 6.9840534053273, 'alpha': 0.67868499355926}. Best is trial 152 with value: 0.07385492932790338.
[I 2026-03-17 05:07:11,036] Trial 170 finished with value: 0.07502491679387739 and parameters: {'sigma_noise': 0.23399751947912134, 'A_repulsion': 0.014906659093161453, 'gamma': 0.9426323318321085, 'sigma_update': 0.5291461243486532, 'eta_learning': 1.5556040982157582, 'sigma_boundary': 6.092398856206438, 'alpha': 0.6882127725635773}. Best is trial 152 with value: 0.07385492932790338.
[I 2026-03-17 05:07:19,756] Trial 169 finished with value: 0.07929717023787025 and parameters: {'sigma_noise': 0.23416057003149257, 'A_repulsion': 0.016886207641151743, 'gamma': 0.9480994522782927, 'sigma_update': 0.54286799636943, 'eta_learning': 1.0443193241169664, 'sigma_boundary': 5.94454862089677, 'alpha': 0.659288006655909}. Best is trial 152 with value: 0.07385492932790338.
[I 2026-03-17 05:08:31,035] Trial 173 finished with value: 0.08402445294014192 and parameters: {'sigma_noise': 0.23446489219163724, 'A_repulsion': 0.014113016288928294, 'gamma': 0.9436611186939574, 'sigma_update': 0.5373840612025818, 'eta_learning': 1.029267068688937, 'sigma_boundary': 6.11649981802387, 'alpha': 0.6436498886806984}. Best is trial 152 with value: 0.07385492932790338.
[I 2026-03-17 05:09:24,794] Trial 174 finished with value: 0.09031440938741753 and parameters: {'sigma_noise': 0.19602872576746097, 'A_repulsion': 0.01631694042887316, 'gamma': 0.9432533632099572, 'sigma_update': 0.5775714493601272, 'eta_learning': 1.3217812707497054, 'sigma_boundary': 7.073825929620677, 'alpha': 0.648587215508966}. Best is trial 152 with value: 0.07385492932790338.
[I 2026-03-17 05:10:11,155] Trial 175 finished with value: 0.07991301580342255 and parameters: {'sigma_noise': 0.2317737862586816, 'A_repulsion': 0.016628464083487973, 'gamma': 0.9461067003675723, 'sigma_update': 0.5328463647657574, 'eta_learning': 1.0264685577212587, 'sigma_boundary': 6.131940149896599, 'alpha': 0.6495975030588231}. Best is trial 152 with value: 0.07385492932790338.
[I 2026-03-17 05:10:44,116] Trial 176 finished with value: 0.0717694454121224 and parameters: {'sigma_noise': 0.19663270540404268, 'A_repulsion': 0.01714951224038681, 'gamma': 0.9594017717602177, 'sigma_update': 0.5366333540230133, 'eta_learning': 0.6366682027594031, 'sigma_boundary': 6.325115290463892, 'alpha': 0.6426359742842548}. Best is trial 176 with value: 0.0717694454121224.
[I 2026-03-17 05:11:25,771] Trial 177 finished with value: 0.079177810995094 and parameters: {'sigma_noise': 0.19387371876585538, 'A_repulsion': 0.046312020306999116, 'gamma': 0.9560413828274054, 'sigma_update': 0.5304841096957086, 'eta_learning': 1.026293252404703, 'sigma_boundary': 6.285794235625308, 'alpha': 0.6507704836756106}. Best is trial 176 with value: 0.0717694454121224.
[I 2026-03-17 05:12:55,254] Trial 178 finished with value: 0.08099985217888345 and parameters: {'sigma_noise': 0.23276868788951355, 'A_repulsion': 0.019677842033658022, 'gamma': 0.9494737425954908, 'sigma_update': 0.5686657927270178, 'eta_learning': 1.0177342671273992, 'sigma_boundary': 6.2590194214739014, 'alpha': 0.6669411172683177}. Best is trial 176 with value: 0.0717694454121224.
[I 2026-03-17 05:13:06,272] Trial 179 finished with value: 0.08375499123045722 and parameters: {'sigma_noise': 0.19242519210594844, 'A_repulsion': 0.049781573755448026, 'gamma': 0.9639775791241751, 'sigma_update': 0.5742426734235649, 'eta_learning': 1.0524148814740861, 'sigma_boundary': 6.262416114053847, 'alpha': 0.7862882563299425}. Best is trial 176 with value: 0.0717694454121224.
[I 2026-03-17 05:18:32,796] Trial 180 finished with value: 0.08071369064214864 and parameters: {'sigma_noise': 0.19561062004293578, 'A_repulsion': 0.016713791425121687, 'gamma': 0.9631642484750949, 'sigma_update': 0.5705928809319024, 'eta_learning': 1.3195755470123716, 'sigma_boundary': 7.003003461478623, 'alpha': 0.7868213982279864}. Best is trial 176 with value: 0.0717694454121224.
[I 2026-03-17 05:23:22,737] Trial 182 finished with value: 0.08753566345491005 and parameters: {'sigma_noise': 0.19090152980219582, 'A_repulsion': 0.019555534653802303, 'gamma': 0.9579648971109769, 'sigma_update': 0.49639421215514123, 'eta_learning': 1.0231831947667807, 'sigma_boundary': 4.76661389150643, 'alpha': 0.7877272786946318}. Best is trial 176 with value: 0.0717694454121224.
[I 2026-03-17 05:24:07,652] Trial 181 finished with value: 0.07447436676927327 and parameters: {'sigma_noise': 0.23575624147712176, 'A_repulsion': 0.017678718242937784, 'gamma': 0.9658516696465987, 'sigma_update': 0.5739784791907356, 'eta_learning': 1.3122981428886789, 'sigma_boundary': 6.967754926278031, 'alpha': 0.7902364518270457}. Best is trial 176 with value: 0.0717694454121224.
[I 2026-03-17 05:24:11,566] Trial 183 finished with value: 0.08475712045321224 and parameters: {'sigma_noise': 0.19124613047519154, 'A_repulsion': 0.04935680805436754, 'gamma': 0.9606450875148413, 'sigma_update': 0.5723752202559911, 'eta_learning': 1.025888149133481, 'sigma_boundary': 7.098983804754433, 'alpha': 0.7878479266525963}. Best is trial 176 with value: 0.0717694454121224.
[I 2026-03-17 05:24:22,247] Trial 185 finished with value: 0.08218281586187841 and parameters: {'sigma_noise': 0.19427768758705974, 'A_repulsion': 0.04852539149760526, 'gamma': 0.96284765056595, 'sigma_update': 0.577263119928941, 'eta_learning': 1.3220719401887138, 'sigma_boundary': 6.5820740842876715, 'alpha': 0.7841888763271664}. Best is trial 176 with value: 0.0717694454121224.
[I 2026-03-17 05:24:45,620] Trial 184 finished with value: 0.08383589645246203 and parameters: {'sigma_noise': 0.1911566631695988, 'A_repulsion': 0.04985393917337816, 'gamma': 0.9663206785602567, 'sigma_update': 0.5747692741532425, 'eta_learning': 1.3226543198948415, 'sigma_boundary': 6.361315972107866, 'alpha': 0.7910785007890988}. Best is trial 176 with value: 0.0717694454121224.
[I 2026-03-17 05:24:49,867] Trial 186 finished with value: 0.08985188261519991 and parameters: {'sigma_noise': 0.19178838658031455, 'A_repulsion': 0.04669600683691142, 'gamma': 0.9737455811940096, 'sigma_update': 0.5702456625721969, 'eta_learning': 0.6153497739132685, 'sigma_boundary': 6.428894017333889, 'alpha': 0.7895767892589762}. Best is trial 176 with value: 0.0717694454121224.
[I 2026-03-17 05:25:08,462] Trial 188 finished with value: 0.08190289641865228 and parameters: {'sigma_noise': 0.1964680747868749, 'A_repulsion': 0.04243961083076952, 'gamma': 0.9646251841556751, 'sigma_update': 0.571089056182335, 'eta_learning': 1.3061272452996326, 'sigma_boundary': 6.474200795525554, 'alpha': 0.7857404486228371}. Best is trial 176 with value: 0.0717694454121224.
[I 2026-03-17 05:25:44,194] Trial 192 finished with value: 0.08324721649576046 and parameters: {'sigma_noise': 0.1944635950565143, 'A_repulsion': 0.048096416129512425, 'gamma': 0.9662397980762525, 'sigma_update': 0.573087406511665, 'eta_learning': 1.3002236463724577, 'sigma_boundary': 4.642029978603928, 'alpha': 0.7885827812279191}. Best is trial 176 with value: 0.0717694454121224.
[I 2026-03-17 05:26:13,985] Trial 187 finished with value: 0.07910619252601597 and parameters: {'sigma_noise': 0.24275237283892076, 'A_repulsion': 0.04526959060896252, 'gamma': 0.8533375390365228, 'sigma_update': 0.5742753484386272, 'eta_learning': 1.3229100568334178, 'sigma_boundary': 6.434289458629015, 'alpha': 0.7993631180126766}. Best is trial 176 with value: 0.0717694454121224.
[I 2026-03-17 05:26:21,428] Trial 189 finished with value: 0.12089580984677195 and parameters: {'sigma_noise': 0.24547208500989054, 'A_repulsion': 0.049746571592317795, 'gamma': 0.8410879149235861, 'sigma_update': 0.5743943414853117, 'eta_learning': 1.3120711819352806, 'sigma_boundary': 6.580213723430478, 'alpha': 0.5962858331061628}. Best is trial 176 with value: 0.0717694454121224.
[I 2026-03-17 05:26:31,710] Trial 190 finished with value: 0.07679659318866679 and parameters: {'sigma_noise': 0.24468595971592946, 'A_repulsion': 0.05432437399404371, 'gamma': 0.9635180641223515, 'sigma_update': 0.5711073658010917, 'eta_learning': 1.322182010625814, 'sigma_boundary': 7.043265471811054, 'alpha': 0.7851042850767438}. Best is trial 176 with value: 0.0717694454121224.
[I 2026-03-17 05:26:32,173] Trial 191 finished with value: 0.12156418197497117 and parameters: {'sigma_noise': 0.24404199969332538, 'A_repulsion': 0.05204350238683772, 'gamma': 0.8426353754522492, 'sigma_update': 0.5739499095905016, 'eta_learning': 1.3211137421413777, 'sigma_boundary': 7.129486095954587, 'alpha': 0.5950597415576282}. Best is trial 176 with value: 0.0717694454121224.
[I 2026-03-17 05:26:56,267] Trial 197 finished with value: 0.09570935865755974 and parameters: {'sigma_noise': 0.17796269737470324, 'A_repulsion': 0.04919646421739076, 'gamma': 0.8448418070432796, 'sigma_update': 0.4967752048922236, 'eta_learning': 1.2971841706837894, 'sigma_boundary': 6.533949255367517, 'alpha': 0.7919514393084165}. Best is trial 176 with value: 0.0717694454121224.
[I 2026-03-17 05:26:58,038] Trial 193 finished with value: 0.08017643112460437 and parameters: {'sigma_noise': 0.24493526994416667, 'A_repulsion': 0.04626039917458993, 'gamma': 0.8478754479184114, 'sigma_update': 0.512171761238204, 'eta_learning': 1.3315810959329748, 'sigma_boundary': 6.5704249324234025, 'alpha': 0.7883317684741865}. Best is trial 176 with value: 0.0717694454121224.
[I 2026-03-17 05:27:15,845] Trial 194 finished with value: 0.07949385488653482 and parameters: {'sigma_noise': 0.24581458406633638, 'A_repulsion': 0.04857049667743757, 'gamma': 0.8411707311120141, 'sigma_update': 0.49004302623179596, 'eta_learning': 1.318514174502229, 'sigma_boundary': 6.517004683568691, 'alpha': 0.7809777318230584}. Best is trial 176 with value: 0.0717694454121224.
[I 2026-03-17 05:27:27,276] Trial 198 finished with value: 0.09658805910130239 and parameters: {'sigma_noise': 0.17972082913137707, 'A_repulsion': 0.049376588600504055, 'gamma': 0.8432002170287026, 'sigma_update': 0.5118457765532322, 'eta_learning': 1.299625358427802, 'sigma_boundary': 6.565482732647383, 'alpha': 0.6060944308614347}. Best is trial 176 with value: 0.0717694454121224.
[I 2026-03-17 05:27:31,860] Trial 195 finished with value: 0.08191635186994442 and parameters: {'sigma_noise': 0.26854646240606916, 'A_repulsion': 0.04472132385790649, 'gamma': 0.8429066839724239, 'sigma_update': 0.4881583805838246, 'eta_learning': 0.6316072191759383, 'sigma_boundary': 5.009744731745583, 'alpha': 0.7945627021376275}. Best is trial 176 with value: 0.0717694454121224.
[I 2026-03-17 05:27:33,324] Trial 196 finished with value: 0.08286451889698468 and parameters: {'sigma_noise': 0.244621141173638, 'A_repulsion': 0.047191072722977165, 'gamma': 0.8400045753044312, 'sigma_update': 0.4825265837461638, 'eta_learning': 1.3619000719539331, 'sigma_boundary': 6.517579492318038, 'alpha': 0.7956947393497947}. Best is trial 176 with value: 0.0717694454121224.
[I 2026-03-17 05:27:36,263] Trial 199 finished with value: 0.08080303560097421 and parameters: {'sigma_noise': 0.24567701242412848, 'A_repulsion': 0.04770661051558943, 'gamma': 0.8477125190581312, 'sigma_update': 0.510691728029396, 'eta_learning': 1.3008347228087696, 'sigma_boundary': 6.497710819968982, 'alpha': 0.7896179140190083}. Best is trial 176 with value: 0.0717694454121224.
