[I 2026-03-17 03:08:29,971] Trial 51 finished with value: 2.0326215978809086 and parameters: {'sigma_noise': 0.27891173051525237, 'A_repulsion': 0.21997721861918765, 'gamma': 0.661563034962204, 'sigma_update': 0.349577702777851, 'eta_learning': 2.2915136957595537, 'sigma_boundary': 8.984760104802223, 'alpha': 0.19055221138985984}. Best is trial 6 with value: 0.08120738684904887.
[I 2026-03-17 03:08:43,698] Trial 58 finished with value: 0.08954781163615468 and parameters: {'sigma_noise': 0.2729004188791672, 'A_repulsion': 0.06574637239347561, 'gamma': 0.6577228305438619, 'sigma_update': 0.5738619420559906, 'eta_learning': 1.7146142721434872, 'sigma_boundary': 9.214429935816748, 'alpha': 0.9065496874724012}. Best is trial 6 with value: 0.08120738684904887.
[I 2026-03-17 03:08:50,023] Trial 57 finished with value: 0.14500187013436816 and parameters: {'sigma_noise': 0.2764825251974785, 'A_repulsion': 0.07391076262157845, 'gamma': 0.6490252497456797, 'sigma_update': 0.13593222023409823, 'eta_learning': 2.970764355715193, 'sigma_boundary': 8.91480377896826, 'alpha': 0.9048262565588776}. Best is trial 6 with value: 0.08120738684904887.
[I 2026-03-17 03:09:00,825] Trial 59 finished with value: 0.12946125075711262 and parameters: {'sigma_noise': 0.27669529954290845, 'A_repulsion': 0.0674078891182599, 'gamma': 0.6651792271344206, 'sigma_update': 0.1534561638519705, 'eta_learning': 2.966069478210744, 'sigma_boundary': 8.942985550187588, 'alpha': 0.9090356004978637}. Best is trial 6 with value: 0.08120738684904887.
[I 2026-03-17 03:20:13,177] Trial 60 finished with value: 2.555620127377514 and parameters: {'sigma_noise': 0.28429850996068995, 'A_repulsion': 0.3918182244821826, 'gamma': 0.9967672486342128, 'sigma_update': 0.14285457091248238, 'eta_learning': 2.8800671478113373, 'sigma_boundary': 8.789741952407288, 'alpha': 0.16651952120655353}. Best is trial 6 with value: 0.08120738684904887.
[I 2026-03-17 03:23:37,639] Trial 61 finished with value: 2.5761995570171705 and parameters: {'sigma_noise': 0.27091193824395177, 'A_repulsion': 0.3791178766707529, 'gamma': 0.6527449746260365, 'sigma_update': 0.16649801353800456, 'eta_learning': 2.8738545012292493, 'sigma_boundary': 8.858665173173323, 'alpha': 0.11686146078531562}. Best is trial 6 with value: 0.08120738684904887.
[I 2026-03-17 03:23:52,136] Trial 73 finished with value: 0.1300562573916484 and parameters: {'sigma_noise': 0.14724542454757106, 'A_repulsion': 0.18624283009289308, 'gamma': 0.49030739300264475, 'sigma_update': 0.39692885999080657, 'eta_learning': 2.334513259235271, 'sigma_boundary': 7.840206782772427, 'alpha': 0.8892542081276975}. Best is trial 6 with value: 0.08120738684904887.
[I 2026-03-17 03:25:00,790] Trial 71 finished with value: 0.2860343779103267 and parameters: {'sigma_noise': 0.09508264934804297, 'A_repulsion': 0.3823085494693147, 'gamma': 0.9857179335670314, 'sigma_update': 0.5607690682360958, 'eta_learning': 2.3427697185168745, 'sigma_boundary': 8.023425023733315, 'alpha': 0.4148680039300471}. Best is trial 6 with value: 0.08120738684904887.
[I 2026-03-17 03:25:03,318] Trial 70 finished with value: 0.2616266485769399 and parameters: {'sigma_noise': 0.10305695296172218, 'A_repulsion': 0.38300662198902113, 'gamma': 0.9897775939500219, 'sigma_update': 0.10080674684460617, 'eta_learning': 2.24872092386122, 'sigma_boundary': 8.011015087402047, 'alpha': 0.5925860374059858}. Best is trial 6 with value: 0.08120738684904887.
[I 2026-03-17 03:25:36,466] Trial 66 finished with value: 2.216767913782827 and parameters: {'sigma_noise': 0.1563584125836261, 'A_repulsion': 0.3855709262633998, 'gamma': 0.9898400612090787, 'sigma_update': 0.16456287740387052, 'eta_learning': 2.3236812319683584, 'sigma_boundary': 8.00041387656644, 'alpha': 0.1156356410233919}. Best is trial 6 with value: 0.08120738684904887.
[I 2026-03-17 03:25:52,932] Trial 65 finished with value: 2.3403491462874166 and parameters: {'sigma_noise': 0.1630639080257928, 'A_repulsion': 0.40258705515145154, 'gamma': 0.9887772492018476, 'sigma_update': 0.11121356275407218, 'eta_learning': 2.2580896000595705, 'sigma_boundary': 8.056955199390528, 'alpha': 0.11905440600573214}. Best is trial 6 with value: 0.08120738684904887.
[I 2026-03-17 03:26:24,179] Trial 68 finished with value: 2.3476633957344046 and parameters: {'sigma_noise': 0.15977111889407428, 'A_repulsion': 0.39828956299282275, 'gamma': 0.9757242015236263, 'sigma_update': 0.5548509404983669, 'eta_learning': 2.356012314641486, 'sigma_boundary': 8.12657582365616, 'alpha': 0.09930129772231094}. Best is trial 6 with value: 0.08120738684904887.
[I 2026-03-17 03:26:27,844] Trial 79 finished with value: 0.11939140153607239 and parameters: {'sigma_noise': 0.17591408930829486, 'A_repulsion': 0.12451948399287777, 'gamma': 0.47236520947556, 'sigma_update': 0.5614869930813493, 'eta_learning': 0.954853779835878, 'sigma_boundary': 8.109241520739802, 'alpha': 0.8217712931083472}. Best is trial 6 with value: 0.08120738684904887.
[I 2026-03-17 03:26:30,042] Trial 62 finished with value: 2.5563007123690022 and parameters: {'sigma_noise': 0.2659238158482789, 'A_repulsion': 0.3779613000379498, 'gamma': 0.6645771693852097, 'sigma_update': 0.13637600552596274, 'eta_learning': 2.9465200933738873, 'sigma_boundary': 8.070167418726335, 'alpha': 0.14709592254035392}. Best is trial 6 with value: 0.08120738684904887.
[I 2026-03-17 03:26:34,452] Trial 63 finished with value: 2.405626290737051 and parameters: {'sigma_noise': 0.2707296877820313, 'A_repulsion': 0.3816590620761786, 'gamma': 0.9873622632805353, 'sigma_update': 0.1225584654916963, 'eta_learning': 0.46221548028057846, 'sigma_boundary': 8.036457417622682, 'alpha': 0.12191065760337333}. Best is trial 6 with value: 0.08120738684904887.
[I 2026-03-17 03:26:35,722] Trial 67 finished with value: 0.27824841213459534 and parameters: {'sigma_noise': 0.15987607038085516, 'A_repulsion': 0.4162034988193977, 'gamma': 0.9736798440582707, 'sigma_update': 0.09898674596487739, 'eta_learning': 0.4420166667598973, 'sigma_boundary': 8.06902973160839, 'alpha': 0.8886185743951474}. Best is trial 6 with value: 0.08120738684904887.
[I 2026-03-17 03:26:54,416] Trial 69 finished with value: 0.27361258479069744 and parameters: {'sigma_noise': 0.1867430131476688, 'A_repulsion': 0.38034318765043773, 'gamma': 0.995923421666862, 'sigma_update': 0.13131771064579284, 'eta_learning': 2.302664359743106, 'sigma_boundary': 8.096554361982564, 'alpha': 0.9338193739934835}. Best is trial 6 with value: 0.08120738684904887.
[I 2026-03-17 03:26:58,067] Trial 64 finished with value: 2.57232916635866 and parameters: {'sigma_noise': 0.2651205897576446, 'A_repulsion': 0.38228861199556685, 'gamma': 0.9263937837581623, 'sigma_update': 0.1375739481022205, 'eta_learning': 2.2850080347534103, 'sigma_boundary': 7.980917333116497, 'alpha': 0.12154339270359096}. Best is trial 6 with value: 0.08120738684904887.
[I 2026-03-17 03:28:15,894] Trial 78 finished with value: 0.12471648436877777 and parameters: {'sigma_noise': 0.18585659342455227, 'A_repulsion': 0.18615103660799717, 'gamma': 0.4947173657897528, 'sigma_update': 0.5788032358632558, 'eta_learning': 2.319130998350021, 'sigma_boundary': 8.045483313755533, 'alpha': 0.8054586821035769}. Best is trial 6 with value: 0.08120738684904887.
[I 2026-03-17 03:28:24,459] Trial 72 finished with value: 0.24884140126190138 and parameters: {'sigma_noise': 0.1695990860493348, 'A_repulsion': 0.3912195137020524, 'gamma': 0.9893617570798918, 'sigma_update': 0.5791845562589371, 'eta_learning': 2.3822125278627677, 'sigma_boundary': 8.170196801787377, 'alpha': 0.9152603768126649}. Best is trial 6 with value: 0.08120738684904887.
[I 2026-03-17 03:28:43,098] Trial 74 finished with value: 0.13975891254130166 and parameters: {'sigma_noise': 0.17423549719677933, 'A_repulsion': 0.3683607383347447, 'gamma': 0.4927166952987345, 'sigma_update': 0.5570115680333394, 'eta_learning': 2.312850186998956, 'sigma_boundary': 7.849630480700016, 'alpha': 0.9401576005552302}. Best is trial 6 with value: 0.08120738684904887.
[I 2026-03-17 03:28:46,261] Trial 75 finished with value: 0.22110073055410595 and parameters: {'sigma_noise': 0.14950814021673706, 'A_repulsion': 0.39586020369515673, 'gamma': 0.9988075851015584, 'sigma_update': 0.5530699573801081, 'eta_learning': 2.2448209882865107, 'sigma_boundary': 8.014645221873636, 'alpha': 0.8514630116612957}. Best is trial 6 with value: 0.08120738684904887.
[I 2026-03-17 03:29:46,703] Trial 76 finished with value: 0.13053269828389547 and parameters: {'sigma_noise': 0.15815694685867798, 'A_repulsion': 0.3785548683909109, 'gamma': 0.4953808541329301, 'sigma_update': 0.5608561985079127, 'eta_learning': 0.5006737880139465, 'sigma_boundary': 7.95468244484354, 'alpha': 0.8308305376413476}. Best is trial 6 with value: 0.08120738684904887.
[I 2026-03-17 03:29:55,940] Trial 77 finished with value: 0.1535809731573413 and parameters: {'sigma_noise': 0.24052094325971296, 'A_repulsion': 0.18909611589827577, 'gamma': 0.49558377492228467, 'sigma_update': 0.6144438762374653, 'eta_learning': 0.9223204505070586, 'sigma_boundary': 7.874829845265048, 'alpha': 0.8245543506268621}. Best is trial 6 with value: 0.08120738684904887.
[I 2026-03-17 03:38:32,055] Trial 80 finished with value: 0.11675362182362853 and parameters: {'sigma_noise': 0.15207080301603482, 'A_repulsion': 0.18592828708478365, 'gamma': 0.5208635185230537, 'sigma_update': 0.5601216390762754, 'eta_learning': 0.45332799687726827, 'sigma_boundary': 7.92692738850336, 'alpha': 0.9582107529693623}. Best is trial 6 with value: 0.08120738684904887.
[I 2026-03-17 03:43:34,567] Trial 81 finished with value: 0.20181895369432226 and parameters: {'sigma_noise': 0.17316595095146167, 'A_repulsion': 0.19684897554013026, 'gamma': 0.9477357768491865, 'sigma_update': 0.5537789044285049, 'eta_learning': 0.5851573530266999, 'sigma_boundary': 7.968696660054477, 'alpha': 0.9546823553833463}. Best is trial 6 with value: 0.08120738684904887.
[I 2026-03-17 03:44:16,920] Trial 84 finished with value: 0.09284682584820766 and parameters: {'sigma_noise': 0.20243356060804002, 'A_repulsion': 0.12130455331053969, 'gamma': 0.8488556396987159, 'sigma_update': 0.6292473702722609, 'eta_learning': 0.9468706915454146, 'sigma_boundary': 9.968537977585024, 'alpha': 0.813006391338945}. Best is trial 6 with value: 0.08120738684904887.
[I 2026-03-17 03:44:27,171] Trial 85 finished with value: 0.10086636958027417 and parameters: {'sigma_noise': 0.20303658264914745, 'A_repulsion': 0.1155252488438174, 'gamma': 0.8839343689841614, 'sigma_update': 0.6151966306669956, 'eta_learning': 0.4563141025953651, 'sigma_boundary': 9.680988648447137, 'alpha': 0.8178983718358205}. Best is trial 6 with value: 0.08120738684904887.
[I 2026-03-17 03:44:48,611] Trial 82 finished with value: 0.09837047135836807 and parameters: {'sigma_noise': 0.24741684355286203, 'A_repulsion': 0.12394389950091417, 'gamma': 0.9529675131508972, 'sigma_update': 0.560487112193271, 'eta_learning': 0.9480653127106804, 'sigma_boundary': 8.067715614490096, 'alpha': 0.8223975441625626}. Best is trial 6 with value: 0.08120738684904887.
[I 2026-03-17 03:45:04,800] Trial 89 finished with value: 0.11799118017338178 and parameters: {'sigma_noise': 0.2005207601861184, 'A_repulsion': 0.10452197570476185, 'gamma': 0.5281406534223777, 'sigma_update': 0.6163895120769447, 'eta_learning': 0.7352163946138316, 'sigma_boundary': 9.917452019245939, 'alpha': 0.8043070288089195}. Best is trial 6 with value: 0.08120738684904887.
[I 2026-03-17 03:45:24,557] Trial 88 finished with value: 0.1283410360448633 and parameters: {'sigma_noise': 0.20019427863367814, 'A_repulsion': 0.13053660257264452, 'gamma': 0.5070584012417472, 'sigma_update': 0.6125482157642158, 'eta_learning': 0.8193512918520709, 'sigma_boundary': 9.824191517849284, 'alpha': 0.7992217905138428}. Best is trial 6 with value: 0.08120738684904887.
[I 2026-03-17 03:47:01,721] Trial 90 finished with value: 0.08365676354819598 and parameters: {'sigma_noise': 0.24247872511471863, 'A_repulsion': 0.10796015181865459, 'gamma': 0.8053713364431625, 'sigma_update': 0.6149087188998456, 'eta_learning': 0.8917278994981716, 'sigma_boundary': 9.827799323757695, 'alpha': 0.812687589803527}. Best is trial 6 with value: 0.08120738684904887.
[I 2026-03-17 03:47:21,958] Trial 83 finished with value: 0.1924269092362337 and parameters: {'sigma_noise': 0.18860645068766144, 'A_repulsion': 0.28210888544624835, 'gamma': 0.8141635571542589, 'sigma_update': 0.6535352076073997, 'eta_learning': 0.44432910500002315, 'sigma_boundary': 9.780857619845536, 'alpha': 0.9583452123687852}. Best is trial 6 with value: 0.08120738684904887.
[I 2026-03-17 03:47:26,855] Trial 87 finished with value: 0.0910319850844777 and parameters: {'sigma_noise': 0.2458202438680578, 'A_repulsion': 0.12274578153937735, 'gamma': 0.8316130120705155, 'sigma_update': 0.6152979445803, 'eta_learning': 0.4673496115056737, 'sigma_boundary': 9.979823914933805, 'alpha': 0.8319268708285267}. Best is trial 6 with value: 0.08120738684904887.
[I 2026-03-17 03:47:38,367] Trial 91 finished with value: 0.15067877974987093 and parameters: {'sigma_noise': 0.24429275976764483, 'A_repulsion': 0.13228980544466323, 'gamma': 0.5112589741558108, 'sigma_update': 0.6134521184550878, 'eta_learning': 0.9534736087205347, 'sigma_boundary': 9.757482841270848, 'alpha': 0.8184887305615295}. Best is trial 6 with value: 0.08120738684904887.
[I 2026-03-17 03:47:57,078] Trial 92 finished with value: 0.0882135240947548 and parameters: {'sigma_noise': 0.2482289025231642, 'A_repulsion': 0.12502779158880578, 'gamma': 0.8104754237348896, 'sigma_update': 0.616808339962947, 'eta_learning': 0.7726238422606198, 'sigma_boundary': 7.397042473858047, 'alpha': 0.8314511167280207}. Best is trial 6 with value: 0.08120738684904887.
[I 2026-03-17 03:48:07,274] Trial 93 finished with value: 0.08493750347907153 and parameters: {'sigma_noise': 0.24952594023923175, 'A_repulsion': 0.11201306281242199, 'gamma': 0.8097833676894813, 'sigma_update': 0.6144328037642588, 'eta_learning': 0.7933487155352805, 'sigma_boundary': 7.4039391469191065, 'alpha': 0.8194566689928213}. Best is trial 6 with value: 0.08120738684904887.
[I 2026-03-17 03:48:58,076] Trial 95 finished with value: 0.12497641596323317 and parameters: {'sigma_noise': 0.23593736679529337, 'A_repulsion': 0.1226965162259461, 'gamma': 0.8188822779259447, 'sigma_update': 0.6667055500078265, 'eta_learning': 0.9667522428111867, 'sigma_boundary': 7.491470054461353, 'alpha': 0.9633825352297494}. Best is trial 6 with value: 0.08120738684904887.
[I 2026-03-17 03:49:17,953] Trial 94 finished with value: 0.13426093703822123 and parameters: {'sigma_noise': 0.23082413724993847, 'A_repulsion': 0.12778214915255637, 'gamma': 0.8431002695396459, 'sigma_update': 0.6621907882604583, 'eta_learning': 0.8527903791153018, 'sigma_boundary': 7.3478740915340115, 'alpha': 0.9618263745836245}. Best is trial 6 with value: 0.08120738684904887.
[I 2026-03-17 03:49:19,209] Trial 86 finished with value: 0.10205938932517519 and parameters: {'sigma_noise': 0.23941923703397316, 'A_repulsion': 0.27991208414421537, 'gamma': 0.822582858194206, 'sigma_update': 0.6528411936604532, 'eta_learning': 0.9265573556702335, 'sigma_boundary': 9.852214715945143, 'alpha': 0.8156770989727421}. Best is trial 6 with value: 0.08120738684904887.
[I 2026-03-17 03:49:23,853] Trial 97 finished with value: 0.8977139028293268 and parameters: {'sigma_noise': 0.24128774705832837, 'A_repulsion': 0.12014581341202352, 'gamma': 0.8081040564476387, 'sigma_update': 0.6419043974334777, 'eta_learning': 0.9448955761699933, 'sigma_boundary': 9.935201128518033, 'alpha': 0.27670417031221006}. Best is trial 6 with value: 0.08120738684904887.
[I 2026-03-17 03:50:04,430] Trial 96 finished with value: 0.14078176235082931 and parameters: {'sigma_noise': 0.24179364137040016, 'A_repulsion': 0.13515671894202091, 'gamma': 0.5341073716485251, 'sigma_update': 0.6585559041626163, 'eta_learning': 0.9193799322143341, 'sigma_boundary': 9.96467664655797, 'alpha': 0.8370157204259354}. Best is trial 6 with value: 0.08120738684904887.
[I 2026-03-17 03:50:11,810] Trial 99 finished with value: 0.1541756038906846 and parameters: {'sigma_noise': 0.2135655168595729, 'A_repulsion': 0.12971909032786072, 'gamma': 0.8176537469170662, 'sigma_update': 0.6407567882363877, 'eta_learning': 1.287842678517782, 'sigma_boundary': 7.4543345037983, 'alpha': 0.9964147088451478}. Best is trial 6 with value: 0.08120738684904887.
[I 2026-03-17 03:50:23,348] Trial 98 finished with value: 0.1319232115848012 and parameters: {'sigma_noise': 0.23493965666921776, 'A_repulsion': 0.1078425636044652, 'gamma': 0.8020095554277087, 'sigma_update': 0.6240404969005232, 'eta_learning': 0.866557661837812, 'sigma_boundary': 9.956586493904744, 'alpha': 0.9973536459241509}. Best is trial 6 with value: 0.08120738684904887.
[I 2026-03-17 03:59:08,642] Trial 100 finished with value: 0.10352418530148848 and parameters: {'sigma_noise': 0.21081053198490995, 'A_repulsion': 0.13274446608229792, 'gamma': 0.5649932014485382, 'sigma_update': 0.49498484033395834, 'eta_learning': 0.6796037768880694, 'sigma_boundary': 7.439251580666599, 'alpha': 0.9630535932892846}. Best is trial 6 with value: 0.08120738684904887.
[I 2026-03-17 04:03:47,313] Trial 106 finished with value: 0.07922391563211104 and parameters: {'sigma_noise': 0.22812779532536692, 'A_repulsion': 0.02927594432967312, 'gamma': 0.8712757290913998, 'sigma_update': 0.6671768275726625, 'eta_learning': 1.3288260670662824, 'sigma_boundary': 7.368162173452018, 'alpha': 0.7554940953615246}. Best is trial 106 with value: 0.07922391563211104.
[I 2026-03-17 04:03:48,536] Trial 101 finished with value: 0.16093438936551996 and parameters: {'sigma_noise': 0.202887119828528, 'A_repulsion': 0.1341441951176952, 'gamma': 0.8239237059852401, 'sigma_update': 0.6466362829071379, 'eta_learning': 0.12794960919105403, 'sigma_boundary': 9.843624233854426, 'alpha': 0.9962818873991166}. Best is trial 106 with value: 0.07922391563211104.
[I 2026-03-17 04:05:26,372] Trial 103 finished with value: 0.14727504091311144 and parameters: {'sigma_noise': 0.2286498838359938, 'A_repulsion': 0.1063327090331408, 'gamma': 0.8615379805308587, 'sigma_update': 0.6660097549144988, 'eta_learning': 1.2213820792810677, 'sigma_boundary': 9.936612247377106, 'alpha': 0.9903911129569871}. Best is trial 106 with value: 0.07922391563211104.
[I 2026-03-17 04:05:38,380] Trial 107 finished with value: 0.0763997182026206 and parameters: {'sigma_noise': 0.22516139989052944, 'A_repulsion': 0.02628877408904126, 'gamma': 0.8429341345869167, 'sigma_update': 0.6371929850854985, 'eta_learning': 1.2305571622762868, 'sigma_boundary': 9.403272539305378, 'alpha': 0.7750324174670081}. Best is trial 107 with value: 0.0763997182026206.
[I 2026-03-17 04:05:41,918] Trial 102 finished with value: 0.10330340009952096 and parameters: {'sigma_noise': 0.21976308936870778, 'A_repulsion': 0.1316727997050342, 'gamma': 0.5517805586629146, 'sigma_update': 0.6656667674715901, 'eta_learning': 0.96701795151024, 'sigma_boundary': 7.340731457592833, 'alpha': 0.9880118328182724}. Best is trial 107 with value: 0.0763997182026206.
[I 2026-03-17 04:05:59,083] Trial 104 finished with value: 0.0807985515885142 and parameters: {'sigma_noise': 0.21685034656453805, 'A_repulsion': 0.14049164607824033, 'gamma': 0.8638757451072719, 'sigma_update': 0.6624558493762491, 'eta_learning': 1.2405631548475555, 'sigma_boundary': 7.408076044593772, 'alpha': 0.7828206846156547}. Best is trial 107 with value: 0.0763997182026206.
[I 2026-03-17 04:05:59,745] Trial 109 finished with value: 0.07918178235540918 and parameters: {'sigma_noise': 0.2226202866197138, 'A_repulsion': 0.02922963439343934, 'gamma': 0.8702289828210434, 'sigma_update': 0.6591181696420044, 'eta_learning': 1.2325523180279867, 'sigma_boundary': 9.46429691336183, 'alpha': 0.760480362853745}. Best is trial 107 with value: 0.0763997182026206.
[I 2026-03-17 04:06:46,373] Trial 111 finished with value: 0.07764231946459108 and parameters: {'sigma_noise': 0.22699333595185303, 'A_repulsion': 0.029693962439488797, 'gamma': 0.8818040938288635, 'sigma_update': 0.6474392315799433, 'eta_learning': 1.2458183492866863, 'sigma_boundary': 7.451370419641678, 'alpha': 0.7523317685464458}. Best is trial 107 with value: 0.0763997182026206.
[I 2026-03-17 04:07:01,063] Trial 105 finished with value: 0.086107832143681 and parameters: {'sigma_noise': 0.22421422031458066, 'A_repulsion': 0.1453428692493742, 'gamma': 0.858346054435999, 'sigma_update': 0.5073817863451828, 'eta_learning': 1.2664582864872764, 'sigma_boundary': 9.5976566221275, 'alpha': 0.7442585618038549}. Best is trial 107 with value: 0.0763997182026206.
[I 2026-03-17 04:07:07,158] Trial 112 finished with value: 0.07871605837950632 and parameters: {'sigma_noise': 0.2220265801467987, 'A_repulsion': 0.03394364560816859, 'gamma': 0.8672737083252797, 'sigma_update': 0.6535770292304216, 'eta_learning': 1.258977932024028, 'sigma_boundary': 7.4021752380647206, 'alpha': 0.7600484207817239}. Best is trial 107 with value: 0.0763997182026206.
[I 2026-03-17 04:07:51,161] Trial 115 finished with value: 0.07670805894465735 and parameters: {'sigma_noise': 0.22077962293859096, 'A_repulsion': 0.03446249480648919, 'gamma': 0.8832783995777161, 'sigma_update': 0.5941562871843967, 'eta_learning': 1.2160612875149601, 'sigma_boundary': 9.389227369953662, 'alpha': 0.7552060952792368}. Best is trial 107 with value: 0.0763997182026206.
[I 2026-03-17 04:08:32,150] Trial 110 finished with value: 0.07749204075309236 and parameters: {'sigma_noise': 0.22281388702918997, 'A_repulsion': 0.11094726930204245, 'gamma': 0.8867515936935773, 'sigma_update': 0.6455522731460923, 'eta_learning': 1.3422542118207788, 'sigma_boundary': 9.350726092982262, 'alpha': 0.7634826611456529}. Best is trial 107 with value: 0.0763997182026206.
