[I 2026-03-17 04:08:55,454] Trial 113 finished with value: 0.0781521223636861 and parameters: {'sigma_noise': 0.21808598979092908, 'A_repulsion': 0.10297079484324614, 'gamma': 0.8791487792394123, 'sigma_update': 0.5954585888933943, 'eta_learning': 1.2030244930731544, 'sigma_boundary': 9.379760670463469, 'alpha': 0.7415846332213316}. Best is trial 107 with value: 0.0763997182026206.
[I 2026-03-17 04:09:03,926] Trial 116 finished with value: 0.07564085863651204 and parameters: {'sigma_noise': 0.25305501687154885, 'A_repulsion': 0.035138671660449164, 'gamma': 0.8849815390371947, 'sigma_update': 0.5923490967359409, 'eta_learning': 0.6381093950598705, 'sigma_boundary': 9.454845264364568, 'alpha': 0.7642916797545576}. Best is trial 116 with value: 0.07564085863651204.
[I 2026-03-17 04:09:04,539] Trial 108 finished with value: 0.08073840139060134 and parameters: {'sigma_noise': 0.22235534128231857, 'A_repulsion': 0.1427608499855606, 'gamma': 0.8709873025509716, 'sigma_update': 0.6414814365018885, 'eta_learning': 1.2248038386351583, 'sigma_boundary': 9.410483943050835, 'alpha': 0.7494931734017707}. Best is trial 116 with value: 0.07564085863651204.
[I 2026-03-17 04:09:21,998] Trial 114 finished with value: 0.0768008853324436 and parameters: {'sigma_noise': 0.2542021093750281, 'A_repulsion': 0.03318740732263928, 'gamma': 0.8907105634673451, 'sigma_update': 0.5934090165603567, 'eta_learning': 1.1809461392430756, 'sigma_boundary': 9.427163081089208, 'alpha': 0.7625410057953936}. Best is trial 116 with value: 0.07564085863651204.
[I 2026-03-17 04:10:22,551] Trial 119 finished with value: 0.07730904197543892 and parameters: {'sigma_noise': 0.25659151773805916, 'A_repulsion': 0.037181262018154235, 'gamma': 0.8870821810688938, 'sigma_update': 0.5873083116719251, 'eta_learning': 0.6417916410050553, 'sigma_boundary': 9.42560912322147, 'alpha': 0.7601753165011661}. Best is trial 116 with value: 0.07564085863651204.
[I 2026-03-17 04:11:56,294] Trial 118 finished with value: 0.09106831715421258 and parameters: {'sigma_noise': 0.2543657591266488, 'A_repulsion': 0.10035148850175024, 'gamma': 0.8893423652350012, 'sigma_update': 0.5879775631015481, 'eta_learning': 0.3403958033468817, 'sigma_boundary': 9.464102764365826, 'alpha': 0.7822884410748538}. Best is trial 116 with value: 0.07564085863651204.
[I 2026-03-17 04:13:17,380] Trial 117 finished with value: 0.0837666430232517 and parameters: {'sigma_noise': 0.2963482496774867, 'A_repulsion': 0.10567883731643671, 'gamma': 0.8858493212604552, 'sigma_update': 0.5934978761282952, 'eta_learning': 1.2508272725093152, 'sigma_boundary': 9.537863518043597, 'alpha': 0.7591521341343263}. Best is trial 116 with value: 0.07564085863651204.
[I 2026-03-17 04:19:18,581] Trial 120 finished with value: 0.07708817496667572 and parameters: {'sigma_noise': 0.2559643696138238, 'A_repulsion': 0.037858145925140564, 'gamma': 0.8668146798645027, 'sigma_update': 0.5963831333731711, 'eta_learning': 1.083025481539491, 'sigma_boundary': 9.46969219633139, 'alpha': 0.7581365113143458}. Best is trial 116 with value: 0.07564085863651204.
[I 2026-03-17 04:24:04,299] Trial 122 finished with value: 0.07800697620654776 and parameters: {'sigma_noise': 0.2540067816334438, 'A_repulsion': 0.039729269929344294, 'gamma': 0.8643440388035903, 'sigma_update': 0.5905613237826768, 'eta_learning': 1.0573701405635472, 'sigma_boundary': 9.44504251298827, 'alpha': 0.7694702026370581}. Best is trial 116 with value: 0.07564085863651204.
[I 2026-03-17 04:25:38,317] Trial 123 finished with value: 0.07564175806374447 and parameters: {'sigma_noise': 0.25481360248537765, 'A_repulsion': 0.04058670926155453, 'gamma': 0.8839462635960883, 'sigma_update': 0.6017849848219619, 'eta_learning': 1.4033634294407962, 'sigma_boundary': 7.0787233321895515, 'alpha': 0.7603255741105062}. Best is trial 116 with value: 0.07564085863651204.
[I 2026-03-17 04:25:49,482] Trial 126 finished with value: 0.0902156457096557 and parameters: {'sigma_noise': 0.2563573190767563, 'A_repulsion': 0.032133445665525236, 'gamma': 0.7299921868565773, 'sigma_update': 0.5970679759138168, 'eta_learning': 1.373845616892453, 'sigma_boundary': 8.486057731465591, 'alpha': 0.751038437680276}. Best is trial 116 with value: 0.07564085863651204.
[I 2026-03-17 04:26:04,139] Trial 124 finished with value: 0.08696341854166592 and parameters: {'sigma_noise': 0.2537694830766406, 'A_repulsion': 0.03818093217547204, 'gamma': 0.7348065673004686, 'sigma_update': 0.5924696736802023, 'eta_learning': 1.0628132732531153, 'sigma_boundary': 9.465357682463132, 'alpha': 0.7535343150810675}. Best is trial 116 with value: 0.07564085863651204.
[I 2026-03-17 04:26:08,540] Trial 125 finished with value: 0.08040301708913244 and parameters: {'sigma_noise': 0.2522004446626705, 'A_repulsion': 0.040852421558549415, 'gamma': 0.7751543209879043, 'sigma_update': 0.5939367492910419, 'eta_learning': 1.4636995234304413, 'sigma_boundary': 9.310997412864577, 'alpha': 0.7662437813628663}. Best is trial 116 with value: 0.07564085863651204.
[I 2026-03-17 04:26:14,025] Trial 127 finished with value: 0.0846518401134142 and parameters: {'sigma_noise': 0.2581694580667992, 'A_repulsion': 0.03138667431160745, 'gamma': 0.7777520083655892, 'sigma_update': 0.5952883899239487, 'eta_learning': 1.4950788625206077, 'sigma_boundary': 9.438830383079289, 'alpha': 0.7420725247168053}. Best is trial 116 with value: 0.07564085863651204.
[I 2026-03-17 04:26:52,860] Trial 128 finished with value: 0.08100632035103959 and parameters: {'sigma_noise': 0.25452321089358426, 'A_repulsion': 0.02856003292864157, 'gamma': 0.7851634901656107, 'sigma_update': 0.5945556894377723, 'eta_learning': 1.454662261879386, 'sigma_boundary': 6.781090265626347, 'alpha': 0.7566547863314316}. Best is trial 116 with value: 0.07564085863651204.
[I 2026-03-17 04:27:17,978] Trial 129 finished with value: 0.08512578907747122 and parameters: {'sigma_noise': 0.2588247141892411, 'A_repulsion': 0.03410583979052765, 'gamma': 0.7764757063576062, 'sigma_update': 0.5955812143427208, 'eta_learning': 1.471401511477743, 'sigma_boundary': 6.722943312069774, 'alpha': 0.7454756658393284}. Best is trial 116 with value: 0.07564085863651204.
[I 2026-03-17 04:27:24,856] Trial 132 finished with value: 0.0753739348159016 and parameters: {'sigma_noise': 0.2239709141153917, 'A_repulsion': 0.0260226028635127, 'gamma': 0.8875043737059708, 'sigma_update': 0.5904785435240127, 'eta_learning': 1.4492656210767862, 'sigma_boundary': 6.673152616051931, 'alpha': 0.7506329157758757}. Best is trial 132 with value: 0.0753739348159016.
[I 2026-03-17 04:27:34,718] Trial 121 finished with value: 0.08290815066314701 and parameters: {'sigma_noise': 0.2561477189159853, 'A_repulsion': 0.14826548171919912, 'gamma': 0.8807878496470571, 'sigma_update': 0.5941980857293109, 'eta_learning': 1.1315329448626148, 'sigma_boundary': 9.420774938659555, 'alpha': 0.7582277143709858}. Best is trial 132 with value: 0.0753739348159016.
[I 2026-03-17 04:27:51,166] Trial 130 finished with value: 0.09154056413185024 and parameters: {'sigma_noise': 0.26023441003050996, 'A_repulsion': 0.029046994402899595, 'gamma': 0.7756537701590485, 'sigma_update': 0.6822767367736614, 'eta_learning': 1.4755110611284208, 'sigma_boundary': 6.4903370803261495, 'alpha': 0.7456385204510114}. Best is trial 132 with value: 0.0753739348159016.
[I 2026-03-17 04:27:55,727] Trial 135 finished with value: 0.07555808974579822 and parameters: {'sigma_noise': 0.2194539190336581, 'A_repulsion': 0.029390354352197536, 'gamma': 0.9024097162205705, 'sigma_update': 0.6824509833320741, 'eta_learning': 1.3930618434483188, 'sigma_boundary': 8.483390845824713, 'alpha': 0.7676297395642209}. Best is trial 132 with value: 0.0753739348159016.
[I 2026-03-17 04:28:00,938] Trial 131 finished with value: 0.08205898717471809 and parameters: {'sigma_noise': 0.25595558568993787, 'A_repulsion': 0.03104082794290773, 'gamma': 0.8924547684987496, 'sigma_update': 0.6836026181569196, 'eta_learning': 1.488341288429972, 'sigma_boundary': 6.6681685084931726, 'alpha': 0.7478903741767161}. Best is trial 132 with value: 0.0753739348159016.
[I 2026-03-17 04:28:43,981] Trial 134 finished with value: 0.07844450524593088 and parameters: {'sigma_noise': 0.25838391692568724, 'A_repulsion': 0.02655234151054726, 'gamma': 0.8826611231717366, 'sigma_update': 0.6904952087652453, 'eta_learning': 1.4340372502443242, 'sigma_boundary': 8.522256516423322, 'alpha': 0.7684936585811396}. Best is trial 132 with value: 0.0753739348159016.
[I 2026-03-17 04:29:06,388] Trial 133 finished with value: 0.07585417342141866 and parameters: {'sigma_noise': 0.25716543839961037, 'A_repulsion': 0.033892123162183915, 'gamma': 0.892245851756284, 'sigma_update': 0.6832918687064566, 'eta_learning': 1.4110139789741099, 'sigma_boundary': 6.709364459404377, 'alpha': 0.7649293988541003}. Best is trial 132 with value: 0.0753739348159016.
[I 2026-03-17 04:29:37,574] Trial 136 finished with value: 0.07524083551759592 and parameters: {'sigma_noise': 0.25781666262640063, 'A_repulsion': 0.03395375324085936, 'gamma': 0.8950463857556521, 'sigma_update': 0.6833954373458655, 'eta_learning': 1.4066506232333071, 'sigma_boundary': 8.459948273757853, 'alpha': 0.7698342417423172}. Best is trial 136 with value: 0.07524083551759592.
[I 2026-03-17 04:30:15,443] Trial 137 finished with value: 0.09248023390184944 and parameters: {'sigma_noise': 0.25704325635472286, 'A_repulsion': 0.027122111148184656, 'gamma': 0.8970298237211194, 'sigma_update': 0.6842516202434119, 'eta_learning': 1.424371313402389, 'sigma_boundary': 8.571622436002615, 'alpha': 0.7166318061585735}. Best is trial 136 with value: 0.07524083551759592.
[I 2026-03-17 04:33:19,322] Trial 138 finished with value: 0.10499713740170603 and parameters: {'sigma_noise': 0.29660420825906164, 'A_repulsion': 0.0203148695382731, 'gamma': 0.9007343498465407, 'sigma_update': 0.6885855300703249, 'eta_learning': 1.4068692530942628, 'sigma_boundary': 8.617174655600687, 'alpha': 0.7025997166925078}. Best is trial 136 with value: 0.07524083551759592.
[I 2026-03-17 04:33:55,950] Trial 139 finished with value: 0.07994231298746009 and parameters: {'sigma_noise': 0.25805811664546185, 'A_repulsion': 0.03415272031359893, 'gamma': 0.9116601994485819, 'sigma_update': 0.5961582056715277, 'eta_learning': 1.4023132775896439, 'sigma_boundary': 8.552565092751468, 'alpha': 0.7076184051447152}. Best is trial 136 with value: 0.07524083551759592.
[I 2026-03-17 04:40:10,327] Trial 140 finished with value: 0.10752204825639487 and parameters: {'sigma_noise': 0.26041970193721675, 'A_repulsion': 0.02922465562052666, 'gamma': 0.7813233750103621, 'sigma_update': 0.6927360095392221, 'eta_learning': 1.3634584661051388, 'sigma_boundary': 8.586879869503912, 'alpha': 0.7075727428281162}. Best is trial 136 with value: 0.07524083551759592.
[I 2026-03-17 04:44:57,932] Trial 141 finished with value: 0.09110732596382842 and parameters: {'sigma_noise': 0.25994497075604983, 'A_repulsion': 0.028191321957770805, 'gamma': 0.910032490563105, 'sigma_update': 0.6821458449767152, 'eta_learning': 1.415279158058056, 'sigma_boundary': 8.563081470450811, 'alpha': 0.7138490023980355}. Best is trial 136 with value: 0.07524083551759592.
[I 2026-03-17 04:45:42,690] Trial 142 finished with value: 0.09370493971746985 and parameters: {'sigma_noise': 0.26079297235258897, 'A_repulsion': 0.0018121375251322139, 'gamma': 0.9123984169923433, 'sigma_update': 0.6839565285976767, 'eta_learning': 1.4875213020679583, 'sigma_boundary': 8.540763299083775, 'alpha': 0.7120178084539776}. Best is trial 136 with value: 0.07524083551759592.
[I 2026-03-17 04:45:46,323] Trial 143 finished with value: 0.1116261626232495 and parameters: {'sigma_noise': 0.25861548158936565, 'A_repulsion': 0.0013233757247980982, 'gamma': 0.7743685774439766, 'sigma_update': 0.6871832737093909, 'eta_learning': 1.4763669669284252, 'sigma_boundary': 5.3906343013495945, 'alpha': 0.7015498029970099}. Best is trial 136 with value: 0.07524083551759592.
[I 2026-03-17 04:46:09,863] Trial 149 finished with value: 0.07454290115673343 and parameters: {'sigma_noise': 0.20988257285204356, 'A_repulsion': 0.0004234231892241841, 'gamma': 0.9102003420818445, 'sigma_update': 0.5218081558530941, 'eta_learning': 1.1441449533773553, 'sigma_boundary': 7.019487430105303, 'alpha': 0.7148025481666592}. Best is trial 149 with value: 0.07454290115673343.
[I 2026-03-17 04:46:14,272] Trial 144 finished with value: 0.10496728086081801 and parameters: {'sigma_noise': 0.2559120870955665, 'A_repulsion': 0.006569100857886298, 'gamma': 0.7753804892355304, 'sigma_update': 0.6908438044721817, 'eta_learning': 1.138709624434964, 'sigma_boundary': 8.594303938181937, 'alpha': 0.7137308725113856}. Best is trial 149 with value: 0.07454290115673343.
[I 2026-03-17 04:46:18,829] Trial 150 finished with value: 0.07720439735146115 and parameters: {'sigma_noise': 0.21370818483143925, 'A_repulsion': 0.0008290440010805256, 'gamma': 0.9094510343331262, 'sigma_update': 0.5768978504999726, 'eta_learning': 1.156151323674856, 'sigma_boundary': 8.4029151375567, 'alpha': 0.7064199778651338}. Best is trial 149 with value: 0.07454290115673343.
[I 2026-03-17 04:46:21,749] Trial 145 finished with value: 0.09088787341525348 and parameters: {'sigma_noise': 0.26145634963791914, 'A_repulsion': 0.011316916478680505, 'gamma': 0.9278424871952219, 'sigma_update': 0.6854927178658144, 'eta_learning': 1.1287675791617702, 'sigma_boundary': 8.629767682579132, 'alpha': 0.7097286812481467}. Best is trial 149 with value: 0.07454290115673343.
[I 2026-03-17 04:46:28,035] Trial 152 finished with value: 0.07385492932790338 and parameters: {'sigma_noise': 0.21025705845782092, 'A_repulsion': 0.000632564058074065, 'gamma': 0.9268068302839494, 'sigma_update': 0.5352092929198468, 'eta_learning': 1.1324783039103765, 'sigma_boundary': 5.8748136731787195, 'alpha': 0.7026834972998087}. Best is trial 152 with value: 0.07385492932790338.
[I 2026-03-17 04:46:47,816] Trial 153 finished with value: 0.09440837307037492 and parameters: {'sigma_noise': 0.20790175220501458, 'A_repulsion': 0.0014253047414062477, 'gamma': 0.9140432529414558, 'sigma_update': 0.6972532361624684, 'eta_learning': 1.5702479489459018, 'sigma_boundary': 8.589535364360303, 'alpha': 0.7071524188372329}. Best is trial 152 with value: 0.07385492932790338.
[I 2026-03-17 04:46:51,408] Trial 146 finished with value: 0.07405056608126215 and parameters: {'sigma_noise': 0.2615073849673479, 'A_repulsion': 0.0058473814874713745, 'gamma': 0.9114089490576343, 'sigma_update': 0.537204212343882, 'eta_learning': 1.0963432408061806, 'sigma_boundary': 6.542700840365441, 'alpha': 0.7092056333648521}. Best is trial 152 with value: 0.07385492932790338.
[I 2026-03-17 04:47:10,451] Trial 151 finished with value: 0.09306569602773926 and parameters: {'sigma_noise': 0.21416191976905655, 'A_repulsion': 0.006374686044054431, 'gamma': 0.9079392375950851, 'sigma_update': 0.6841928116133895, 'eta_learning': 1.555514666433951, 'sigma_boundary': 7.018789030721686, 'alpha': 0.7068633067434921}. Best is trial 152 with value: 0.07385492932790338.
[I 2026-03-17 04:47:32,816] Trial 155 finished with value: 0.07698266063563818 and parameters: {'sigma_noise': 0.20951445166385055, 'A_repulsion': 0.003738436623872205, 'gamma': 0.9161645962893764, 'sigma_update': 0.5318434603971682, 'eta_learning': 1.140452281947007, 'sigma_boundary': 5.917656909837936, 'alpha': 0.6734181378063522}. Best is trial 152 with value: 0.07385492932790338.
[I 2026-03-17 04:48:11,551] Trial 147 finished with value: 0.08298971837664265 and parameters: {'sigma_noise': 0.29434090726681683, 'A_repulsion': 0.0001744942712282871, 'gamma': 0.9115294045087963, 'sigma_update': 0.5337470247393299, 'eta_learning': 1.0996363286269768, 'sigma_boundary': 8.601366403744613, 'alpha': 0.7108114791725068}. Best is trial 152 with value: 0.07385492932790338.
[I 2026-03-17 04:49:46,411] Trial 148 finished with value: 0.10371404700728344 and parameters: {'sigma_noise': 0.31048320108105376, 'A_repulsion': 0.008915010160115585, 'gamma': 0.9068213020621811, 'sigma_update': 0.6850675154925375, 'eta_learning': 1.1394816164854114, 'sigma_boundary': 5.687284061500422, 'alpha': 0.7085339588448921}. Best is trial 152 with value: 0.07385492932790338.
[I 2026-03-17 04:50:01,635] Trial 154 finished with value: 0.09764008792028028 and parameters: {'sigma_noise': 0.2907369319208696, 'A_repulsion': 3.7354895011804112e-06, 'gamma': 0.9142833058700739, 'sigma_update': 0.6958528157146749, 'eta_learning': 1.1528973080065636, 'sigma_boundary': 9.112323828424458, 'alpha': 0.7128271252172782}. Best is trial 152 with value: 0.07385492932790338.
[I 2026-03-17 04:51:37,251] Trial 156 finished with value: 0.09260353302446915 and parameters: {'sigma_noise': 0.2974291410175654, 'A_repulsion': 0.0011521653227745468, 'gamma': 0.9249526457442057, 'sigma_update': 0.632259911053588, 'eta_learning': 1.5685439782250588, 'sigma_boundary': 6.039286868509999, 'alpha': 0.708743322432553}. Best is trial 152 with value: 0.07385492932790338.
[I 2026-03-17 04:51:49,039] Trial 157 finished with value: 0.0852234156006281 and parameters: {'sigma_noise': 0.294061864187439, 'A_repulsion': 0.0009248819690673496, 'gamma': 0.9200306064687893, 'sigma_update': 0.5431842680932064, 'eta_learning': 1.1114134825419435, 'sigma_boundary': 8.349255442082848, 'alpha': 0.6866344352456806}. Best is trial 152 with value: 0.07385492932790338.
[I 2026-03-17 04:52:57,999] Trial 159 finished with value: 0.09925888238031377 and parameters: {'sigma_noise': 0.23426883082926317, 'A_repulsion': 0.0016733549514038187, 'gamma': 0.9315353502815402, 'sigma_update': 0.6327775856672561, 'eta_learning': 1.1300367097399961, 'sigma_boundary': 5.825695619341434, 'alpha': 0.6492638430105077}. Best is trial 152 with value: 0.07385492932790338.
[I 2026-03-17 04:53:07,559] Trial 158 finished with value: 0.08543128358505492 and parameters: {'sigma_noise': 0.2331218988588516, 'A_repulsion': 0.002334876975758418, 'gamma': 0.930623008207357, 'sigma_update': 0.5272457501343766, 'eta_learning': 1.562260114159143, 'sigma_boundary': 8.340306805583678, 'alpha': 0.6439507539428582}. Best is trial 152 with value: 0.07385492932790338.
[I 2026-03-17 04:59:13,417] Trial 160 finished with value: 0.09339866101682731 and parameters: {'sigma_noise': 0.2097632815493062, 'A_repulsion': 0.0030983111974757643, 'gamma': 0.9407672003634198, 'sigma_update': 0.6323407910043131, 'eta_learning': 1.139424770198649, 'sigma_boundary': 6.182993836494608, 'alpha': 0.6585994857856201}. Best is trial 152 with value: 0.07385492932790338.
[I 2026-03-17 05:04:14,332] Trial 161 finished with value: 0.09029800844803355 and parameters: {'sigma_noise': 0.21247384230769084, 'A_repulsion': 0.0058996297145205885, 'gamma': 0.9355437709272174, 'sigma_update': 0.6345055687459726, 'eta_learning': 1.16262890173199, 'sigma_boundary': 5.8893964368843, 'alpha': 0.6676572465075234}. Best is trial 152 with value: 0.07385492932790338.
[I 2026-03-17 05:05:32,303] Trial 163 finished with value: 0.07794039491796481 and parameters: {'sigma_noise': 0.23313562550680447, 'A_repulsion': 0.011628066926338651, 'gamma': 0.943064000849496, 'sigma_update': 0.5278444504185411, 'eta_learning': 1.5741320709440663, 'sigma_boundary': 6.134554851102176, 'alpha': 0.669147975631545}. Best is trial 152 with value: 0.07385492932790338.
[I 2026-03-17 05:05:35,403] Trial 162 finished with value: 0.08574652337982393 and parameters: {'sigma_noise': 0.2305576449776363, 'A_repulsion': 0.007994254077907673, 'gamma': 0.9381029057653844, 'sigma_update': 0.5398794335113781, 'eta_learning': 1.1315762808071568, 'sigma_boundary': 5.792790058139409, 'alpha': 0.6346093181660545}. Best is trial 152 with value: 0.07385492932790338.
[I 2026-03-17 05:05:56,716] Trial 166 finished with value: 0.08084175549367281 and parameters: {'sigma_noise': 0.20890267832060028, 'A_repulsion': 0.015700524270293448, 'gamma': 0.9345268555926544, 'sigma_update': 0.5402070337477792, 'eta_learning': 1.5888381708052022, 'sigma_boundary': 6.982752535649419, 'alpha': 0.6611381502797133}. Best is trial 152 with value: 0.07385492932790338.
[I 2026-03-17 05:06:04,903] Trial 172 finished with value: 0.07778096620626238 and parameters: {'sigma_noise': 0.19062436212334313, 'A_repulsion': 0.017221727697808248, 'gamma': 0.9466120297855838, 'sigma_update': 0.5329727620978416, 'eta_learning': 1.0332383505264733, 'sigma_boundary': 6.0336255785597235, 'alpha': 0.6758457732387436}. Best is trial 152 with value: 0.07385492932790338.
[I 2026-03-17 05:06:16,726] Trial 168 finished with value: 0.08542303684971356 and parameters: {'sigma_noise': 0.20990445753571585, 'A_repulsion': 0.015342613298621036, 'gamma': 0.9524838222892748, 'sigma_update': 0.5322229336381177, 'eta_learning': 1.5654764563311585, 'sigma_boundary': 6.053116394511775, 'alpha': 0.637743066001473}. Best is trial 152 with value: 0.07385492932790338.
[I 2026-03-17 05:06:25,673] Trial 165 finished with value: 0.07737371002131517 and parameters: {'sigma_noise': 0.23353037194682186, 'A_repulsion': 0.014045052712228627, 'gamma': 0.9413939447100916, 'sigma_update': 0.5353698065678218, 'eta_learning': 1.557034788261133, 'sigma_boundary': 6.315759799744379, 'alpha': 0.6789314239913876}. Best is trial 152 with value: 0.07385492932790338.
[I 2026-03-17 05:06:26,925] Trial 164 finished with value: 0.09980124476389934 and parameters: {'sigma_noise': 0.2295707339636386, 'A_repulsion': 0.011709593622707858, 'gamma': 0.9424719021737996, 'sigma_update': 0.6328665782737498, 'eta_learning': 1.5691161098656583, 'sigma_boundary': 6.262255845435349, 'alpha': 0.6576693108532625}. Best is trial 152 with value: 0.07385492932790338.
