[I 2026-03-06 13:07:50,377] Trial 171 finished with value: 0.042854308118937194 and parameters: {'sigma_noise': 0.20758210343663486, 'A_repulsion': 0.04130310402345696, 'gamma': 0.7585474383713062, 'sigma_update': 0.6301263435966288, 'eta_learning': 0.39296407851321113, 'sigma_boundary': 7.293295452636761, 'alpha': 0.624050463190068}. Best is trial 95 with value: 0.0229780885866591.
[I 2026-03-06 13:07:58,741] Trial 178 finished with value: 0.03641746816103269 and parameters: {'sigma_noise': 0.20351636961274533, 'A_repulsion': 0.041504001368574114, 'gamma': 0.8429190834278403, 'sigma_update': 0.6401731473485448, 'eta_learning': 0.38075477156018944, 'sigma_boundary': 9.046256239940018, 'alpha': 0.6246380992850536}. Best is trial 95 with value: 0.0229780885866591.
[I 2026-03-06 13:08:08,486] Trial 167 finished with value: 0.0749201821962528 and parameters: {'sigma_noise': 0.2275920473234457, 'A_repulsion': 0.04298228294043685, 'gamma': 0.755744748470129, 'sigma_update': 0.310088737008819, 'eta_learning': 0.5012213573083588, 'sigma_boundary': 9.129637004767302, 'alpha': 0.4163437701386229}. Best is trial 95 with value: 0.0229780885866591.
[I 2026-03-06 13:08:11,972] Trial 168 finished with value: 0.050878751335688616 and parameters: {'sigma_noise': 0.24338772034282014, 'A_repulsion': 0.03790819491060125, 'gamma': 0.7683323748780486, 'sigma_update': 0.3026106187657717, 'eta_learning': 0.39293874714139865, 'sigma_boundary': 9.104679889850967, 'alpha': 0.4498903522687705}. Best is trial 95 with value: 0.0229780885866591.
[I 2026-03-06 13:08:14,043] Trial 166 finished with value: 0.04970388105373019 and parameters: {'sigma_noise': 0.24262497790424276, 'A_repulsion': 0.03874061009377208, 'gamma': 0.8437424810613825, 'sigma_update': 0.583784475119714, 'eta_learning': 0.47927758624145167, 'sigma_boundary': 9.274555752733988, 'alpha': 0.612476496662162}. Best is trial 95 with value: 0.0229780885866591.
[I 2026-03-06 13:08:32,934] Trial 174 finished with value: 0.038129345071032855 and parameters: {'sigma_noise': 0.24491914481597096, 'A_repulsion': 0.041969370549097995, 'gamma': 0.8468649816019292, 'sigma_update': 0.5156586248542998, 'eta_learning': 0.3963578617230131, 'sigma_boundary': 9.079611090988097, 'alpha': 0.5769780639747811}. Best is trial 95 with value: 0.0229780885866591.
[I 2026-03-06 13:08:37,180] Trial 172 finished with value: 0.03370008718061798 and parameters: {'sigma_noise': 0.2427082740122731, 'A_repulsion': 0.039007304738678604, 'gamma': 0.8430235456064034, 'sigma_update': 0.3020130367733773, 'eta_learning': 0.3901643500724009, 'sigma_boundary': 9.055007369086093, 'alpha': 0.6207933228456245}. Best is trial 95 with value: 0.0229780885866591.
[I 2026-03-06 13:08:38,050] Trial 177 finished with value: 0.04317390357561324 and parameters: {'sigma_noise': 0.20717466032435894, 'A_repulsion': 0.0390049099316781, 'gamma': 0.7544937941102049, 'sigma_update': 0.5765510674329793, 'eta_learning': 0.3756797505325432, 'sigma_boundary': 8.903760185581945, 'alpha': 0.5805648540286504}. Best is trial 95 with value: 0.0229780885866591.
[I 2026-03-06 13:09:02,938] Trial 175 finished with value: 0.03313098059619264 and parameters: {'sigma_noise': 0.2299625105502846, 'A_repulsion': 0.03940882832697949, 'gamma': 0.8478020475009411, 'sigma_update': 0.5836810709705618, 'eta_learning': 0.3733802740161283, 'sigma_boundary': 7.107323068265642, 'alpha': 0.6328563241278291}. Best is trial 95 with value: 0.0229780885866591.
[I 2026-03-06 13:09:22,058] Trial 185 finished with value: 0.029634832788140726 and parameters: {'sigma_noise': 0.204345465533108, 'A_repulsion': 0.03838582858108319, 'gamma': 0.8512177930114772, 'sigma_update': 0.5827247550018189, 'eta_learning': 0.36158077712647974, 'sigma_boundary': 9.154360944380656, 'alpha': 0.6259725474761361}. Best is trial 95 with value: 0.0229780885866591.
[I 2026-03-06 13:09:23,817] Trial 182 finished with value: 0.02681722430916503 and parameters: {'sigma_noise': 0.2056580122532592, 'A_repulsion': 0.035694021979040286, 'gamma': 0.961088865620135, 'sigma_update': 0.3091423027081567, 'eta_learning': 0.37559123941108247, 'sigma_boundary': 9.028962548619338, 'alpha': 0.6176695861234032}. Best is trial 95 with value: 0.0229780885866591.
[I 2026-03-06 13:09:27,386] Trial 187 finished with value: 0.04606743848788654 and parameters: {'sigma_noise': 0.20784438798250754, 'A_repulsion': 0.028929220253929338, 'gamma': 0.7389712218218731, 'sigma_update': 0.6354705400973513, 'eta_learning': 0.3721231562273916, 'sigma_boundary': 9.012650421215522, 'alpha': 0.5975934617613766}. Best is trial 95 with value: 0.0229780885866591.
[I 2026-03-06 13:09:30,484] Trial 176 finished with value: 0.03324935292908005 and parameters: {'sigma_noise': 0.2416863724306714, 'A_repulsion': 0.042740939554042054, 'gamma': 0.846798761414716, 'sigma_update': 0.31794830532311696, 'eta_learning': 0.360377914850957, 'sigma_boundary': 9.118702625226975, 'alpha': 0.6283812585841352}. Best is trial 95 with value: 0.0229780885866591.
[I 2026-03-06 13:09:34,368] Trial 180 finished with value: 0.039967252830965326 and parameters: {'sigma_noise': 0.24420902943807465, 'A_repulsion': 0.03979381198629283, 'gamma': 0.7562999711018735, 'sigma_update': 0.3075572152406182, 'eta_learning': 0.375701668946156, 'sigma_boundary': 9.017204811078358, 'alpha': 0.5835867833354876}. Best is trial 95 with value: 0.0229780885866591.
[I 2026-03-06 13:09:38,434] Trial 189 finished with value: 0.03714484103652551 and parameters: {'sigma_noise': 0.20429986949733323, 'A_repulsion': 0.02989937777315941, 'gamma': 0.7469712328757512, 'sigma_update': 0.6336725778061237, 'eta_learning': 0.3570819836337765, 'sigma_boundary': 9.020475922979546, 'alpha': 0.6292265952755038}. Best is trial 95 with value: 0.0229780885866591.
[I 2026-03-06 13:09:41,525] Trial 188 finished with value: 0.028577541440690975 and parameters: {'sigma_noise': 0.2088260384929583, 'A_repulsion': 0.035436306325456454, 'gamma': 0.8423952174255855, 'sigma_update': 0.5113883174783356, 'eta_learning': 0.37578887917113046, 'sigma_boundary': 6.577578167389558, 'alpha': 0.6198464956307489}. Best is trial 95 with value: 0.0229780885866591.
[I 2026-03-06 13:09:42,084] Trial 194 finished with value: 0.05110811582391435 and parameters: {'sigma_noise': 0.203574399599173, 'A_repulsion': 0.02703915322274493, 'gamma': 0.8519652017666888, 'sigma_update': 0.5084876305599697, 'eta_learning': 1.4468915109407248, 'sigma_boundary': 9.03465312354854, 'alpha': 0.6325026096754093}. Best is trial 95 with value: 0.0229780885866591.
[I 2026-03-06 13:09:48,470] Trial 183 finished with value: 0.04581114077403154 and parameters: {'sigma_noise': 0.24187703970893304, 'A_repulsion': 0.03778439148098944, 'gamma': 0.7677121686253487, 'sigma_update': 0.5780131738217693, 'eta_learning': 0.36076688933278545, 'sigma_boundary': 9.26155084405828, 'alpha': 0.6147275601364387}. Best is trial 95 with value: 0.0229780885866591.
[I 2026-03-06 13:09:56,048] Trial 181 finished with value: 0.027195879628327282 and parameters: {'sigma_noise': 0.24451685235048984, 'A_repulsion': 0.04356244560049992, 'gamma': 0.9663445086119745, 'sigma_update': 0.5126492059716544, 'eta_learning': 0.37509818411973206, 'sigma_boundary': 9.070290077734393, 'alpha': 0.6300786918433374}. Best is trial 95 with value: 0.0229780885866591.
[I 2026-03-06 13:10:03,157] Trial 186 finished with value: 0.031976040391618415 and parameters: {'sigma_noise': 0.2434862282485443, 'A_repulsion': 0.03869380535511221, 'gamma': 0.847982716606059, 'sigma_update': 0.312156204250593, 'eta_learning': 0.3770660334016868, 'sigma_boundary': 9.416558460359573, 'alpha': 0.5918078225275354}. Best is trial 95 with value: 0.0229780885866591.
[I 2026-03-06 13:10:03,895] Trial 184 finished with value: 0.03253571020455896 and parameters: {'sigma_noise': 0.2444168971508728, 'A_repulsion': 0.03625788829066744, 'gamma': 0.849146325591894, 'sigma_update': 0.30140350875613775, 'eta_learning': 0.3690819640079358, 'sigma_boundary': 8.909853190795632, 'alpha': 0.5794621205491327}. Best is trial 95 with value: 0.0229780885866591.
[I 2026-03-06 13:10:12,991] Trial 193 finished with value: 0.03185330225057591 and parameters: {'sigma_noise': 0.24404164334601164, 'A_repulsion': 0.03180054120556556, 'gamma': 0.9036091126222994, 'sigma_update': 0.2907368569077139, 'eta_learning': 0.3663618485011854, 'sigma_boundary': 9.095976326691941, 'alpha': 0.6315532849042053}. Best is trial 95 with value: 0.0229780885866591.
[I 2026-03-06 13:10:15,726] Trial 190 finished with value: 0.026154719018466582 and parameters: {'sigma_noise': 0.24130226715943173, 'A_repulsion': 0.031063212760562186, 'gamma': 0.9064124007384364, 'sigma_update': 0.4325837771678359, 'eta_learning': 0.35954968256772407, 'sigma_boundary': 4.023802456224493, 'alpha': 0.6143702598820358}. Best is trial 95 with value: 0.0229780885866591.
[I 2026-03-06 13:10:17,147] Trial 191 finished with value: 0.031667324379494405 and parameters: {'sigma_noise': 0.2451530603946495, 'A_repulsion': 0.0323616969342213, 'gamma': 0.850787845878736, 'sigma_update': 0.5102133489762831, 'eta_learning': 0.365516843710082, 'sigma_boundary': 9.135861168318822, 'alpha': 0.6285117234391343}. Best is trial 95 with value: 0.0229780885866591.
[I 2026-03-06 13:10:26,389] Trial 199 finished with value: 0.0247238808749565 and parameters: {'sigma_noise': 0.2066633437629929, 'A_repulsion': 0.024572720679618233, 'gamma': 0.9018611667106171, 'sigma_update': 0.3023705179609734, 'eta_learning': 1.4407300523157358, 'sigma_boundary': 8.877427110780461, 'alpha': 0.613783969823139}. Best is trial 95 with value: 0.0229780885866591.
[I 2026-03-06 13:10:26,708] Trial 195 finished with value: 0.03291876014029173 and parameters: {'sigma_noise': 0.24531126764693914, 'A_repulsion': 0.026227933859116894, 'gamma': 0.853139814645189, 'sigma_update': 0.5137041092067857, 'eta_learning': 0.1639249451992396, 'sigma_boundary': 6.660687792967101, 'alpha': 0.6197764904181824}. Best is trial 95 with value: 0.0229780885866591.
[I 2026-03-06 13:10:37,399] Trial 198 finished with value: 0.03193433248857769 and parameters: {'sigma_noise': 0.20352538720620544, 'A_repulsion': 0.12282149328028198, 'gamma': 0.907702641343099, 'sigma_update': 0.6214808021768536, 'eta_learning': 0.17010056090878878, 'sigma_boundary': 8.823024696824017, 'alpha': 0.6181550442578438}. Best is trial 95 with value: 0.0229780885866591.
[I 2026-03-06 13:10:39,924] Trial 197 finished with value: 0.04299175319543537 and parameters: {'sigma_noise': 0.2072806327901492, 'A_repulsion': 0.14398864136539885, 'gamma': 0.8533534597852462, 'sigma_update': 0.3082829474269755, 'eta_learning': 0.1590270014280652, 'sigma_boundary': 8.765919836642341, 'alpha': 0.6195428029881936}. Best is trial 95 with value: 0.0229780885866591.
[I 2026-03-06 13:10:40,329] Trial 192 finished with value: 0.03525806566604583 and parameters: {'sigma_noise': 0.24488909323402885, 'A_repulsion': 0.14362685204727635, 'gamma': 0.8516204773632816, 'sigma_update': 0.3114622061964787, 'eta_learning': 0.36089576631823006, 'sigma_boundary': 6.570260482048615, 'alpha': 0.5757148231085357}. Best is trial 95 with value: 0.0229780885866591.
[I 2026-03-06 13:10:40,744] Trial 196 finished with value: 0.03689259832762885 and parameters: {'sigma_noise': 0.24049110330990167, 'A_repulsion': 0.11807278505113378, 'gamma': 0.9042886119251855, 'sigma_update': 0.5062079356602404, 'eta_learning': 0.18285275134926693, 'sigma_boundary': 9.010536051088845, 'alpha': 0.6255410206964723}. Best is trial 95 with value: 0.0229780885866591.
[I 2026-03-06 13:11:01,182] A new study created in memory with name: no-name-880d41d4-1fc5-4f6e-ab69-aacc8601d0c4
[I 2026-03-06 13:28:41,153] Trial 36 finished with value: 0.08376661548299627 and parameters: {'sigma_noise': 0.07716687619765748, 'A_repulsion': 0.06953436410715635, 'gamma': 0.6323332633662488, 'sigma_update': 0.21506407625295554, 'eta_learning': 1.9718320372570146, 'sigma_boundary': 1.205521662588959, 'alpha': 0.8605976566564283}. Best is trial 36 with value: 0.08376661548299627.
[I 2026-03-06 13:28:50,115] Trial 24 finished with value: 0.851271783060517 and parameters: {'sigma_noise': 0.08838436680560378, 'A_repulsion': 0.024250338757333678, 'gamma': 0.9670838982401753, 'sigma_update': 0.5831019635657192, 'eta_learning': 2.217780556166323, 'sigma_boundary': 1.3855113523722329, 'alpha': 0.04465673566447104}. Best is trial 36 with value: 0.08376661548299627.
[I 2026-03-06 13:29:20,721] Trial 26 finished with value: 0.13057591380920944 and parameters: {'sigma_noise': 0.07461019559035323, 'A_repulsion': 0.07916153170119711, 'gamma': 0.01611969151788771, 'sigma_update': 0.1172000818650704, 'eta_learning': 2.3010102615850903, 'sigma_boundary': 0.9776349614605032, 'alpha': 0.7892488193471843}. Best is trial 36 with value: 0.08376661548299627.
[I 2026-03-06 13:31:36,639] Trial 14 finished with value: 0.023878325966052077 and parameters: {'sigma_noise': 0.12960890123025187, 'A_repulsion': 0.17220299438897885, 'gamma': 0.02244758393895384, 'sigma_update': 0.5301639230876369, 'eta_learning': 0.03291590986180768, 'sigma_boundary': 8.185889241276419, 'alpha': 0.05765283327876358}. Best is trial 14 with value: 0.023878325966052077.
[I 2026-03-06 13:31:38,012] Trial 30 finished with value: 0.07610205673280684 and parameters: {'sigma_noise': 0.12005902808292133, 'A_repulsion': 0.15540722746557883, 'gamma': 0.43481857213654307, 'sigma_update': 0.30651084523145655, 'eta_learning': 1.1961023953671612, 'sigma_boundary': 0.5836799048624774, 'alpha': 0.5630334336904835}. Best is trial 14 with value: 0.023878325966052077.
[I 2026-03-06 13:31:55,604] Trial 5 finished with value: 0.09543579006638406 and parameters: {'sigma_noise': 0.23020510689781415, 'A_repulsion': 0.014056652300248496, 'gamma': 0.5456420788264504, 'sigma_update': 0.4126556882602214, 'eta_learning': 1.0922422046796425, 'sigma_boundary': 2.760266210277676, 'alpha': 0.7408297860923152}. Best is trial 14 with value: 0.023878325966052077.
[I 2026-03-06 13:32:25,177] Trial 12 finished with value: 0.6767966443122464 and parameters: {'sigma_noise': 0.09143082261291068, 'A_repulsion': 0.2606812457584996, 'gamma': 0.5639128044926333, 'sigma_update': 0.05375406769028644, 'eta_learning': 2.0471888188900147, 'sigma_boundary': 7.389031757455453, 'alpha': 0.2177559344227824}. Best is trial 14 with value: 0.023878325966052077.
[I 2026-03-06 13:32:49,177] Trial 10 finished with value: 0.10546030060217015 and parameters: {'sigma_noise': 0.09578366058035699, 'A_repulsion': 0.33303138997283543, 'gamma': 0.714330159625219, 'sigma_update': 0.4663731774811884, 'eta_learning': 0.03732856449599021, 'sigma_boundary': 2.004802397804719, 'alpha': 0.6212371192910027}. Best is trial 14 with value: 0.023878325966052077.
[I 2026-03-06 13:32:57,832] Trial 23 finished with value: 0.08321464308923873 and parameters: {'sigma_noise': 0.22386811547734647, 'A_repulsion': 0.013027808365225657, 'gamma': 0.45252687947389775, 'sigma_update': 0.18899699594778824, 'eta_learning': 1.0663578538402254, 'sigma_boundary': 5.747091009082311, 'alpha': 0.9449183081288275}. Best is trial 14 with value: 0.023878325966052077.
[I 2026-03-06 13:32:58,265] Trial 11 finished with value: 0.40186469452696183 and parameters: {'sigma_noise': 0.10577217361414158, 'A_repulsion': 0.28434131031160637, 'gamma': 0.8990441267618239, 'sigma_update': 0.684403524197329, 'eta_learning': 0.5310902363982173, 'sigma_boundary': 8.248692537450463, 'alpha': 0.2566297931631014}. Best is trial 14 with value: 0.023878325966052077.
[I 2026-03-06 13:33:11,251] Trial 27 finished with value: 0.2602310449535151 and parameters: {'sigma_noise': 0.05585132063866314, 'A_repulsion': 0.4661642112749302, 'gamma': 0.3955301802645304, 'sigma_update': 0.3970155547887291, 'eta_learning': 2.26003582385005, 'sigma_boundary': 8.871717846934077, 'alpha': 0.3442356939524329}. Best is trial 14 with value: 0.023878325966052077.
[I 2026-03-06 13:33:17,539] Trial 3 finished with value: 0.080521429325143 and parameters: {'sigma_noise': 0.09739159611567683, 'A_repulsion': 0.36772143821732106, 'gamma': 0.6145379178312437, 'sigma_update': 0.6537250456111208, 'eta_learning': 0.242087635416333, 'sigma_boundary': 0.5142916618298135, 'alpha': 0.700407142912509}. Best is trial 14 with value: 0.023878325966052077.
[I 2026-03-06 13:34:03,633] Trial 16 finished with value: 1.8731978271111158 and parameters: {'sigma_noise': 0.08544481294232181, 'A_repulsion': 0.3621912869278904, 'gamma': 0.2632785867648823, 'sigma_update': 0.6451482015242587, 'eta_learning': 2.5421232195728916, 'sigma_boundary': 1.180490230208256, 'alpha': 0.0007095191853748739}. Best is trial 14 with value: 0.023878325966052077.
[I 2026-03-06 13:34:14,837] Trial 1 finished with value: 0.9221390742645563 and parameters: {'sigma_noise': 0.24708554883291595, 'A_repulsion': 0.06869923041469267, 'gamma': 0.22421564954180986, 'sigma_update': 0.48410116387758223, 'eta_learning': 2.8872769797817943, 'sigma_boundary': 7.768244662274702, 'alpha': 0.26029231156156085}. Best is trial 14 with value: 0.023878325966052077.
[I 2026-03-06 13:34:28,281] Trial 28 finished with value: 0.3005541513115693 and parameters: {'sigma_noise': 0.25846612314284406, 'A_repulsion': 0.049000905983854925, 'gamma': 0.18048143585807125, 'sigma_update': 0.627392545067617, 'eta_learning': 0.8168127804523646, 'sigma_boundary': 4.265952956193645, 'alpha': 0.8432869823294407}. Best is trial 14 with value: 0.023878325966052077.
[I 2026-03-06 13:35:15,003] Trial 2 finished with value: 0.4068760655565147 and parameters: {'sigma_noise': 0.12095158464619354, 'A_repulsion': 0.37537598308408926, 'gamma': 0.39010631317100475, 'sigma_update': 0.030358137143792874, 'eta_learning': 1.377562263266387, 'sigma_boundary': 4.612918133359693, 'alpha': 0.7765627066667183}. Best is trial 14 with value: 0.023878325966052077.
[I 2026-03-06 13:35:25,545] Trial 25 finished with value: 0.06964290010420933 and parameters: {'sigma_noise': 0.3698471268663827, 'A_repulsion': 0.003326717988552663, 'gamma': 0.9859918462150945, 'sigma_update': 0.6470671061709716, 'eta_learning': 2.2160814489870146, 'sigma_boundary': 7.517132468821457, 'alpha': 0.9321719947168693}. Best is trial 14 with value: 0.023878325966052077.
[I 2026-03-06 13:35:27,321] Trial 17 finished with value: 1.0911566576804637 and parameters: {'sigma_noise': 0.30740648813776805, 'A_repulsion': 0.04797079009115979, 'gamma': 0.18551895753039976, 'sigma_update': 0.6066834791215104, 'eta_learning': 1.3071676713306803, 'sigma_boundary': 1.5942413867928173, 'alpha': 0.2815771862677602}. Best is trial 14 with value: 0.023878325966052077.
[I 2026-03-06 13:35:30,810] Trial 21 finished with value: 0.0668317393820351 and parameters: {'sigma_noise': 0.21351861644947961, 'A_repulsion': 0.21215378415260883, 'gamma': 0.5485796162140381, 'sigma_update': 0.31642183760488596, 'eta_learning': 0.13294547706569662, 'sigma_boundary': 5.59220724804516, 'alpha': 0.37347545241385194}. Best is trial 14 with value: 0.023878325966052077.
[I 2026-03-06 13:35:47,113] Trial 0 finished with value: 0.07971471929363687 and parameters: {'sigma_noise': 0.10544458683655372, 'A_repulsion': 0.46742717300291753, 'gamma': 0.9013456359358243, 'sigma_update': 0.09727028512696476, 'eta_learning': 2.2844477563373977, 'sigma_boundary': 4.151248167883046, 'alpha': 0.5895294584254654}. Best is trial 14 with value: 0.023878325966052077.
[I 2026-03-06 13:36:39,240] Trial 15 finished with value: 0.6119683280057675 and parameters: {'sigma_noise': 0.38058339459560514, 'A_repulsion': 0.00713961379803929, 'gamma': 0.5378522232214125, 'sigma_update': 0.38841555067602856, 'eta_learning': 0.8301961362742143, 'sigma_boundary': 4.286806761337016, 'alpha': 0.3600782537442636}. Best is trial 14 with value: 0.023878325966052077.
[I 2026-03-06 13:36:44,807] Trial 31 finished with value: 0.103839576429723 and parameters: {'sigma_noise': 0.16340317454286452, 'A_repulsion': 0.3462157592862122, 'gamma': 0.5350011355936004, 'sigma_update': 0.3219338298385208, 'eta_learning': 0.8367127435147613, 'sigma_boundary': 0.21729913017792463, 'alpha': 0.8323562982625031}. Best is trial 14 with value: 0.023878325966052077.
[I 2026-03-06 13:37:09,858] Trial 19 finished with value: 0.20327567533216026 and parameters: {'sigma_noise': 0.28442244996899885, 'A_repulsion': 0.17821428778418386, 'gamma': 0.5312512969329531, 'sigma_update': 0.6189401248872446, 'eta_learning': 2.4826579670835978, 'sigma_boundary': 1.522053258447864, 'alpha': 0.792095203939142}. Best is trial 14 with value: 0.023878325966052077.
[I 2026-03-06 13:37:25,364] Trial 18 finished with value: 0.12023284553999558 and parameters: {'sigma_noise': 0.3895059369331467, 'A_repulsion': 0.04920498709743343, 'gamma': 0.8150474763184145, 'sigma_update': 0.21508990729939692, 'eta_learning': 1.3240381937388137, 'sigma_boundary': 2.5053453857174937, 'alpha': 0.8023591315789356}. Best is trial 14 with value: 0.023878325966052077.
[I 2026-03-06 13:37:39,368] Trial 37 finished with value: 2.078742919597187 and parameters: {'sigma_noise': 0.2335210354680377, 'A_repulsion': 0.28885085753410367, 'gamma': 0.3126473894992824, 'sigma_update': 0.5956308720209453, 'eta_learning': 2.2741866838765845, 'sigma_boundary': 4.352707594612309, 'alpha': 0.06231532676633866}. Best is trial 14 with value: 0.023878325966052077.
[I 2026-03-06 13:37:42,930] Trial 4 finished with value: 2.0812764412548455 and parameters: {'sigma_noise': 0.23069757256716888, 'A_repulsion': 0.29220769181479145, 'gamma': 0.48660767318954495, 'sigma_update': 0.5996933303504917, 'eta_learning': 2.50807897555798, 'sigma_boundary': 6.973126112984129, 'alpha': 0.009119276259323073}. Best is trial 14 with value: 0.023878325966052077.
