[I 2026-03-06 15:17:06,401] Trial 193 finished with value: 0.03428803170793863 and parameters: {'sigma_noise': 0.2494219311550271, 'A_repulsion': 0.059941642043748584, 'gamma': 0.9823205766054941, 'sigma_update': 0.14333771463458822, 'eta_learning': 0.2782710976461458, 'sigma_boundary': 6.891644032735703, 'alpha': 0.59706971056187}. Best is trial 194 with value: 0.023007481088766032.
[I 2026-03-06 15:17:11,912] Trial 199 finished with value: 0.03822557083960201 and parameters: {'sigma_noise': 0.24575436611301546, 'A_repulsion': 0.03608617082904549, 'gamma': 0.8264619068787887, 'sigma_update': 0.15854150888300114, 'eta_learning': 0.1910242324153344, 'sigma_boundary': 6.859893269765856, 'alpha': 0.5196493873405694}. Best is trial 194 with value: 0.023007481088766032.
[I 2026-03-06 15:17:12,797] Trial 198 finished with value: 0.03437427579379979 and parameters: {'sigma_noise': 0.25095266900730295, 'A_repulsion': 0.03233542214648591, 'gamma': 0.9701053240430032, 'sigma_update': 0.1679212412590961, 'eta_learning': 0.21071634047505494, 'sigma_boundary': 8.062018009680614, 'alpha': 0.6128673932753704}. Best is trial 194 with value: 0.023007481088766032.
[I 2026-03-06 15:17:14,339] Trial 197 finished with value: 0.0355108204145786 and parameters: {'sigma_noise': 0.2648730247436446, 'A_repulsion': 0.03616669355334737, 'gamma': 0.9753687146454402, 'sigma_update': 0.14518814515584064, 'eta_learning': 0.1751865944073705, 'sigma_boundary': 8.123500500229309, 'alpha': 0.5213450999297431}. Best is trial 194 with value: 0.023007481088766032.
[I 2026-03-06 15:17:14,528] Trial 196 finished with value: 0.022877029314777197 and parameters: {'sigma_noise': 0.23629972369269053, 'A_repulsion': 0.03175293769163237, 'gamma': 0.982363444469282, 'sigma_update': 0.1760225636517156, 'eta_learning': 1.0013966469376698, 'sigma_boundary': 6.7733006979805825, 'alpha': 0.6032360527470051}. Best is trial 196 with value: 0.022877029314777197.
