[I 2026-03-06 11:55:47,210] Trial 76 finished with value: 0.03716598480463073 and parameters: {'sigma_noise': 0.18578100853383694, 'A_repulsion': 0.07463493778572908, 'gamma': 0.9039514268049982, 'sigma_update': 0.47697067971220286, 'eta_learning': 0.08969436812802334, 'sigma_boundary': 7.55056288386192, 'alpha': 0.005874817698872936}. Best is trial 61 with value: 0.03387088935454136.
[I 2026-03-06 11:55:57,087] Trial 45 finished with value: 0.4506878261552581 and parameters: {'sigma_noise': 0.4094500806456081, 'A_repulsion': 0.3840697965215514, 'gamma': 0.4154512578755294, 'sigma_update': 0.04947177057214943, 'eta_learning': 0.18609228559129232, 'sigma_boundary': 1.056055881246029, 'alpha': 0.5713479500150803}. Best is trial 61 with value: 0.03387088935454136.
[I 2026-03-06 11:56:02,371] Trial 78 finished with value: 0.04868242875974082 and parameters: {'sigma_noise': 0.18487448194842782, 'A_repulsion': 0.061326732700700465, 'gamma': 0.9969798005530202, 'sigma_update': 0.48792413475165197, 'eta_learning': 0.11788714013593939, 'sigma_boundary': 7.655187994855019, 'alpha': 0.02486126412046205}. Best is trial 61 with value: 0.03387088935454136.
[I 2026-03-06 11:56:04,204] Trial 79 finished with value: 0.05263691736827109 and parameters: {'sigma_noise': 0.18501172658879744, 'A_repulsion': 0.0759545016428704, 'gamma': 0.8784968676427236, 'sigma_update': 0.48263538564153396, 'eta_learning': 0.1209913215226808, 'sigma_boundary': 7.797146236372901, 'alpha': 0.8759118757155996}. Best is trial 61 with value: 0.03387088935454136.
[I 2026-03-06 11:56:39,037] Trial 50 finished with value: 0.641553520839247 and parameters: {'sigma_noise': 0.40201327255800356, 'A_repulsion': 0.2674957114410783, 'gamma': 0.9500781582979767, 'sigma_update': 0.4328344246939876, 'eta_learning': 0.05098312101742808, 'sigma_boundary': 0.09769492469641805, 'alpha': 0.09929976912682731}. Best is trial 61 with value: 0.03387088935454136.
[I 2026-03-06 11:57:02,382] Trial 52 finished with value: 1.8529394397542154 and parameters: {'sigma_noise': 0.3640914813949909, 'A_repulsion': 0.24108899844307924, 'gamma': 0.9928382379655839, 'sigma_update': 0.384654788235442, 'eta_learning': 0.9772531121651661, 'sigma_boundary': 6.739651919359486, 'alpha': 0.04657824271053973}. Best is trial 61 with value: 0.03387088935454136.
[I 2026-03-06 11:57:28,391] Trial 49 finished with value: 1.621859331209361 and parameters: {'sigma_noise': 0.42500952355423904, 'A_repulsion': 0.34537846736805544, 'gamma': 0.9931858094150287, 'sigma_update': 0.4458116556704687, 'eta_learning': 0.8809940095135237, 'sigma_boundary': 5.309627030320568, 'alpha': 0.28773861093786646}. Best is trial 61 with value: 0.03387088935454136.
[I 2026-03-06 11:57:40,868] Trial 51 finished with value: 0.27211821577651907 and parameters: {'sigma_noise': 0.39281171748373367, 'A_repulsion': 0.25989997772461376, 'gamma': 0.9830179479150091, 'sigma_update': 0.4272322671773583, 'eta_learning': 0.062363035842462465, 'sigma_boundary': 6.637114359632404, 'alpha': 0.021757591670019283}. Best is trial 61 with value: 0.03387088935454136.
[I 2026-03-06 11:57:46,621] Trial 53 finished with value: 0.14719330331559183 and parameters: {'sigma_noise': 0.3596402979195414, 'A_repulsion': 0.2719356404873059, 'gamma': 0.9731537053272742, 'sigma_update': 0.4237160613820444, 'eta_learning': 0.027340068639318565, 'sigma_boundary': 7.406638285622123, 'alpha': 0.04838264765291804}. Best is trial 61 with value: 0.03387088935454136.
[I 2026-03-06 11:58:13,208] Trial 62 finished with value: 0.18648663043939273 and parameters: {'sigma_noise': 0.42907393171120944, 'A_repulsion': 0.05503673413312041, 'gamma': 0.8866682203657262, 'sigma_update': 0.41571023228697507, 'eta_learning': 0.15882491596868487, 'sigma_boundary': 0.053783341198110124, 'alpha': 0.3408727292499288}. Best is trial 61 with value: 0.03387088935454136.
[I 2026-03-06 11:58:37,000] Trial 60 finished with value: 0.12410064795156223 and parameters: {'sigma_noise': 0.4439135394155669, 'A_repulsion': 0.05553666635809147, 'gamma': 0.8917224223346746, 'sigma_update': 0.4266590836163795, 'eta_learning': 0.04644003692702725, 'sigma_boundary': 5.769401797237524, 'alpha': 0.3279658930796128}. Best is trial 61 with value: 0.03387088935454136.
[I 2026-03-06 11:58:37,648] Trial 55 finished with value: 0.887173547146884 and parameters: {'sigma_noise': 0.3926860351687421, 'A_repulsion': 0.2775684242716793, 'gamma': 0.846144633345483, 'sigma_update': 0.3892669896908487, 'eta_learning': 0.03949917679835191, 'sigma_boundary': 0.0711560869843817, 'alpha': 0.023423378720433374}. Best is trial 61 with value: 0.03387088935454136.
[I 2026-03-06 11:58:46,256] Trial 64 finished with value: 1.7991186318912233 and parameters: {'sigma_noise': 0.4219252289391984, 'A_repulsion': 0.05019299265594082, 'gamma': 0.8676497571383948, 'sigma_update': 0.3835120405752611, 'eta_learning': 1.2168787295000554, 'sigma_boundary': 5.239575055056111, 'alpha': 0.0176886793846667}. Best is trial 61 with value: 0.03387088935454136.
[I 2026-03-06 11:59:02,410] Trial 59 finished with value: 0.09072622343228272 and parameters: {'sigma_noise': 0.372757357604063, 'A_repulsion': 0.20499474759541697, 'gamma': 0.9027823939117439, 'sigma_update': 0.4197830157754498, 'eta_learning': 0.053723413466624015, 'sigma_boundary': 6.054385364948514, 'alpha': 0.370772044804683}. Best is trial 61 with value: 0.03387088935454136.
[I 2026-03-06 11:59:21,470] Trial 54 finished with value: 1.290966893599873 and parameters: {'sigma_noise': 0.40949444127180357, 'A_repulsion': 0.2345576029982542, 'gamma': 0.9922848815883378, 'sigma_update': 0.4077395688879603, 'eta_learning': 0.031411152236793805, 'sigma_boundary': 0.028179488601641545, 'alpha': 0.021347541042470608}. Best is trial 61 with value: 0.03387088935454136.
[I 2026-03-06 11:59:39,658] Trial 57 finished with value: 0.9455387446163503 and parameters: {'sigma_noise': 0.3689267234014005, 'A_repulsion': 0.3284509223173865, 'gamma': 0.8931697517748974, 'sigma_update': 0.6666248741948901, 'eta_learning': 1.1371569344502876, 'sigma_boundary': 5.667295160635547, 'alpha': 0.3732153728751762}. Best is trial 61 with value: 0.03387088935454136.
[I 2026-03-06 12:00:09,220] Trial 68 finished with value: 1.8468247543866592 and parameters: {'sigma_noise': 0.4398550214707524, 'A_repulsion': 0.05764972862114692, 'gamma': 0.6965695767331923, 'sigma_update': 0.38943761818020234, 'eta_learning': 1.2228041592293655, 'sigma_boundary': 5.53214216393655, 'alpha': 0.0005296273740175717}. Best is trial 61 with value: 0.03387088935454136.
[I 2026-03-06 12:00:13,724] Trial 69 finished with value: 0.1966317440497599 and parameters: {'sigma_noise': 0.4393250944702981, 'A_repulsion': 0.05717513136406793, 'gamma': 0.7111637211099597, 'sigma_update': 0.38641626561518744, 'eta_learning': 0.033254072917273586, 'sigma_boundary': 5.1141570286571545, 'alpha': 0.012740752465296934}. Best is trial 61 with value: 0.03387088935454136.
[I 2026-03-06 12:00:25,339] Trial 65 finished with value: 1.0324425239169202 and parameters: {'sigma_noise': 0.43797583036017373, 'A_repulsion': 0.050875428627031774, 'gamma': 0.8629565278387666, 'sigma_update': 0.17136199208985903, 'eta_learning': 1.1481732277108023, 'sigma_boundary': 5.010206688634374, 'alpha': 0.34988289980145576}. Best is trial 61 with value: 0.03387088935454136.
[I 2026-03-06 12:00:26,377] Trial 58 finished with value: 0.38880541512586064 and parameters: {'sigma_noise': 0.425344919490436, 'A_repulsion': 0.33323209166491624, 'gamma': 0.8902202931238119, 'sigma_update': 0.6978935735414742, 'eta_learning': 1.0153762508812205, 'sigma_boundary': 0.11147738638425375, 'alpha': 0.38062204482269946}. Best is trial 61 with value: 0.03387088935454136.
[I 2026-03-06 12:00:35,426] Trial 70 finished with value: 0.3016746941212029 and parameters: {'sigma_noise': 0.42480402039572546, 'A_repulsion': 0.0516300140420812, 'gamma': 0.883809295577028, 'sigma_update': 0.4087005192536714, 'eta_learning': 0.0983888429246856, 'sigma_boundary': 5.339205842325869, 'alpha': 0.035676703204046034}. Best is trial 61 with value: 0.03387088935454136.
[I 2026-03-06 12:01:03,054] Trial 73 finished with value: 0.17561076414833898 and parameters: {'sigma_noise': 0.4295247000663632, 'A_repulsion': 0.06296666326371456, 'gamma': 0.8887533249731214, 'sigma_update': 0.45673294352078586, 'eta_learning': 0.011814761704547608, 'sigma_boundary': 8.04072470565834, 'alpha': 0.02318506908707385}. Best is trial 61 with value: 0.03387088935454136.
[I 2026-03-06 12:01:27,182] Trial 75 finished with value: 0.11892591071339123 and parameters: {'sigma_noise': 0.43860233825107736, 'A_repulsion': 0.07004588305826961, 'gamma': 0.889960516894757, 'sigma_update': 0.38090653216050957, 'eta_learning': 0.06418426721876164, 'sigma_boundary': 8.30041702743488, 'alpha': 0.8301072036861876}. Best is trial 61 with value: 0.03387088935454136.
[I 2026-03-06 12:02:05,965] Trial 74 finished with value: 0.2914689836060919 and parameters: {'sigma_noise': 0.4297900069130074, 'A_repulsion': 0.06954730860066925, 'gamma': 0.6909612504197871, 'sigma_update': 0.4950692677935543, 'eta_learning': 0.08537941386905334, 'sigma_boundary': 8.092784337163703, 'alpha': 0.017228591759614942}. Best is trial 61 with value: 0.03387088935454136.
[I 2026-03-06 12:11:22,517] Trial 80 finished with value: 0.09115734970503396 and parameters: {'sigma_noise': 0.34177857061472805, 'A_repulsion': 0.0564943773133676, 'gamma': 0.9986414142399284, 'sigma_update': 0.4944142836252618, 'eta_learning': 0.02257824355324053, 'sigma_boundary': 7.492442607573041, 'alpha': 0.8763818478456864}. Best is trial 61 with value: 0.03387088935454136.
[I 2026-03-06 12:12:29,051] Trial 81 finished with value: 0.08577314347723661 and parameters: {'sigma_noise': 0.18399907403015076, 'A_repulsion': 0.3180510574427378, 'gamma': 0.9915542198137259, 'sigma_update': 0.4842768559606672, 'eta_learning': 0.09404119751602324, 'sigma_boundary': 5.8739156483396595, 'alpha': 0.6522865462445764}. Best is trial 61 with value: 0.03387088935454136.
[I 2026-03-06 12:15:49,521] Trial 85 finished with value: 0.05624075819239233 and parameters: {'sigma_noise': 0.18665065325401486, 'A_repulsion': 0.030239894415938454, 'gamma': 0.9838702396620447, 'sigma_update': 0.5215485964859073, 'eta_learning': 0.04137473944081882, 'sigma_boundary': 5.964514726609246, 'alpha': 0.8768055936660313}. Best is trial 61 with value: 0.03387088935454136.
[I 2026-03-06 12:16:19,159] Trial 88 finished with value: 0.05516147693906896 and parameters: {'sigma_noise': 0.1820409133739446, 'A_repulsion': 0.001067269520717437, 'gamma': 0.9994488991838584, 'sigma_update': 0.49813421949100417, 'eta_learning': 0.022687624727804303, 'sigma_boundary': 5.937497977232045, 'alpha': 0.866736106402382}. Best is trial 61 with value: 0.03387088935454136.
[I 2026-03-06 12:16:22,041] Trial 82 finished with value: 0.047324017624096985 and parameters: {'sigma_noise': 0.18543152782159888, 'A_repulsion': 0.22124468520321364, 'gamma': 0.9940769151924488, 'sigma_update': 0.5015530205038017, 'eta_learning': 0.03942300223228501, 'sigma_boundary': 5.986561025368501, 'alpha': 0.016007909415849342}. Best is trial 61 with value: 0.03387088935454136.
[I 2026-03-06 12:17:12,972] Trial 90 finished with value: 0.03352168849227143 and parameters: {'sigma_noise': 0.1710260448418487, 'A_repulsion': 0.016903116764771325, 'gamma': 0.9797222842369534, 'sigma_update': 0.4722071863977072, 'eta_learning': 0.18163005205841953, 'sigma_boundary': 6.254678116832147, 'alpha': 0.6494883828004091}. Best is trial 90 with value: 0.03352168849227143.
[I 2026-03-06 12:17:16,295] Trial 89 finished with value: 0.05168795655825878 and parameters: {'sigma_noise': 0.18066771391073064, 'A_repulsion': 0.0200183090197431, 'gamma': 0.993215115451228, 'sigma_update': 0.4793596851900343, 'eta_learning': 0.21573961506232003, 'sigma_boundary': 6.056766343518815, 'alpha': 0.9139427230969626}. Best is trial 90 with value: 0.03352168849227143.
[I 2026-03-06 12:17:41,593] Trial 92 finished with value: 0.03463488685810756 and parameters: {'sigma_noise': 0.16391943480951018, 'A_repulsion': 0.0006063014821595797, 'gamma': 0.9789336090349259, 'sigma_update': 0.4720752567221377, 'eta_learning': 0.2164158828488452, 'sigma_boundary': 5.905790412051994, 'alpha': 0.6769665746680674}. Best is trial 90 with value: 0.03352168849227143.
[I 2026-03-06 12:17:50,503] Trial 91 finished with value: 0.03722635004404813 and parameters: {'sigma_noise': 0.17526724133005317, 'A_repulsion': 0.005516141486835172, 'gamma': 0.9975299472059096, 'sigma_update': 0.4764305529457701, 'eta_learning': 0.14152525499124893, 'sigma_boundary': 5.851751593988032, 'alpha': 0.6606049946362653}. Best is trial 90 with value: 0.03352168849227143.
[I 2026-03-06 12:18:29,968] Trial 84 finished with value: 0.07699058066836154 and parameters: {'sigma_noise': 0.33135776058481364, 'A_repulsion': 0.027904363193616194, 'gamma': 0.9914492982929652, 'sigma_update': 0.509759117217506, 'eta_learning': 0.07290993483312147, 'sigma_boundary': 6.25256000828858, 'alpha': 0.868456642911506}. Best is trial 90 with value: 0.03352168849227143.
[I 2026-03-06 12:18:57,877] Trial 94 finished with value: 0.0274815326966951 and parameters: {'sigma_noise': 0.17376830489768727, 'A_repulsion': 0.025457279839041884, 'gamma': 0.9740340598632469, 'sigma_update': 0.44824598869597004, 'eta_learning': 0.20717799532039016, 'sigma_boundary': 6.006281626177184, 'alpha': 0.2778506933321374}. Best is trial 94 with value: 0.0274815326966951.
[I 2026-03-06 12:19:05,501] Trial 96 finished with value: 0.08452990423796336 and parameters: {'sigma_noise': 0.17403176906182807, 'A_repulsion': 0.0009384886920413421, 'gamma': 0.8175687041607529, 'sigma_update': 0.4438395235135241, 'eta_learning': 0.1824400557027237, 'sigma_boundary': 5.676999512472147, 'alpha': 0.0008185191331325087}. Best is trial 94 with value: 0.0274815326966951.
[I 2026-03-06 12:19:15,695] Trial 95 finished with value: 0.0229780885866591 and parameters: {'sigma_noise': 0.1734017201763508, 'A_repulsion': 0.018201016482144373, 'gamma': 0.9996131874243465, 'sigma_update': 0.443572614972564, 'eta_learning': 0.16415996216387296, 'sigma_boundary': 5.876232822406539, 'alpha': 0.28683529843967126}. Best is trial 95 with value: 0.0229780885866591.
[I 2026-03-06 12:19:16,981] Trial 98 finished with value: 0.04986319322144834 and parameters: {'sigma_noise': 0.1764690228905748, 'A_repulsion': 0.011356329574968405, 'gamma': 0.8199517253007413, 'sigma_update': 0.44948845612244537, 'eta_learning': 0.28091217963423587, 'sigma_boundary': 5.733254880752208, 'alpha': 0.28383774095220765}. Best is trial 95 with value: 0.0229780885866591.
[I 2026-03-06 12:19:30,004] Trial 101 finished with value: 0.08146381587498104 and parameters: {'sigma_noise': 0.17115913758315368, 'A_repulsion': 0.010340829244218388, 'gamma': 0.8289926156053038, 'sigma_update': 0.5260702050961801, 'eta_learning': 0.2537674410642043, 'sigma_boundary': 8.476670638914634, 'alpha': 0.12993614924512442}. Best is trial 95 with value: 0.0229780885866591.
[I 2026-03-06 12:19:45,219] Trial 102 finished with value: 0.05809694712884848 and parameters: {'sigma_noise': 0.16586011869057052, 'A_repulsion': 0.013743702107817946, 'gamma': 0.8170001547858223, 'sigma_update': 0.4687745199211878, 'eta_learning': 0.21266763793884297, 'sigma_boundary': 5.910631102463967, 'alpha': 0.14630182594638616}. Best is trial 95 with value: 0.0229780885866591.
[I 2026-03-06 12:19:49,420] Trial 97 finished with value: 0.08102579129959275 and parameters: {'sigma_noise': 0.1816997748332406, 'A_repulsion': 0.0034784370176916962, 'gamma': 0.9831971097315274, 'sigma_update': 0.44991408118122544, 'eta_learning': 0.2671929695919335, 'sigma_boundary': 8.38596932775014, 'alpha': 0.1418156527100048}. Best is trial 95 with value: 0.0229780885866591.
[I 2026-03-06 12:19:56,658] Trial 104 finished with value: 0.03436792417642433 and parameters: {'sigma_noise': 0.13734223704799398, 'A_repulsion': 0.02168670690198521, 'gamma': 0.8291755637477833, 'sigma_update': 0.5265994812092183, 'eta_learning': 0.31188871628654674, 'sigma_boundary': 5.82344950448618, 'alpha': 0.6321554462531247}. Best is trial 95 with value: 0.0229780885866591.
[I 2026-03-06 12:19:59,327] Trial 99 finished with value: 0.17130076231501326 and parameters: {'sigma_noise': 0.2545282541818287, 'A_repulsion': 0.00041375949504186826, 'gamma': 0.8192846385169434, 'sigma_update': 0.4461737088348466, 'eta_learning': 0.25823129881805273, 'sigma_boundary': 5.955944552329247, 'alpha': 0.14740903508089587}. Best is trial 95 with value: 0.0229780885866591.
[I 2026-03-06 12:20:01,090] Trial 100 finished with value: 0.10705197434415545 and parameters: {'sigma_noise': 0.16929522416511444, 'A_repulsion': 0.015953892095968453, 'gamma': 0.8139264761727202, 'sigma_update': 0.5268067083062405, 'eta_learning': 0.29024772461012205, 'sigma_boundary': 5.797974865094397, 'alpha': 0.14493793290086363}. Best is trial 95 with value: 0.0229780885866591.
[I 2026-03-06 12:20:30,234] Trial 93 finished with value: 0.037043100071829885 and parameters: {'sigma_noise': 0.17852828990798222, 'A_repulsion': 0.09421785110076158, 'gamma': 0.9800315243847296, 'sigma_update': 0.45982996251139735, 'eta_learning': 0.2148486751967304, 'sigma_boundary': 5.864429004437575, 'alpha': 0.2740591527513962}. Best is trial 95 with value: 0.0229780885866591.
[I 2026-03-06 12:21:08,253] Trial 87 finished with value: 0.05667611847974707 and parameters: {'sigma_noise': 0.33038666587607296, 'A_repulsion': 0.011421288417175546, 'gamma': 0.9611357085590451, 'sigma_update': 0.4975328613646951, 'eta_learning': 0.17868091100658576, 'sigma_boundary': 5.819898336654122, 'alpha': 0.6577324645839017}. Best is trial 95 with value: 0.0229780885866591.
[I 2026-03-06 12:21:11,943] Trial 108 finished with value: 0.10690417416814103 and parameters: {'sigma_noise': 0.1683586279344686, 'A_repulsion': 0.021144314376302632, 'gamma': 0.9275965010262179, 'sigma_update': 0.5326378005440172, 'eta_learning': 0.2985491576401452, 'sigma_boundary': 8.361538313850895, 'alpha': 0.1363115796198833}. Best is trial 95 with value: 0.0229780885866591.
[I 2026-03-06 12:21:57,064] Trial 103 finished with value: 0.02581823621836723 and parameters: {'sigma_noise': 0.21594287115053595, 'A_repulsion': 0.003816619360252179, 'gamma': 0.824487988617005, 'sigma_update': 0.5331606657871988, 'eta_learning': 0.252650999831455, 'sigma_boundary': 5.854719242542305, 'alpha': 0.668898494000226}. Best is trial 95 with value: 0.0229780885866591.
[I 2026-03-06 12:22:07,593] Trial 111 finished with value: 0.08230179572784127 and parameters: {'sigma_noise': 0.16976321106971498, 'A_repulsion': 0.005652227041960237, 'gamma': 0.9277914626761373, 'sigma_update': 0.5284556257833264, 'eta_learning': 0.2632269506714611, 'sigma_boundary': 8.333388322223957, 'alpha': 0.1374038180787935}. Best is trial 95 with value: 0.0229780885866591.
[I 2026-03-06 12:22:34,938] Trial 110 finished with value: 0.09089839862996006 and parameters: {'sigma_noise': 0.166890386440155, 'A_repulsion': 0.027341211641415283, 'gamma': 0.9292484092164964, 'sigma_update': 0.5487583470378689, 'eta_learning': 0.2624699512831168, 'sigma_boundary': 8.537453850041855, 'alpha': 0.12253746849373745}. Best is trial 95 with value: 0.0229780885866591.
[I 2026-03-06 12:23:00,690] Trial 107 finished with value: 0.17588291514097215 and parameters: {'sigma_noise': 0.21759891611920207, 'A_repulsion': 0.007205398484659321, 'gamma': 0.927022258129198, 'sigma_update': 0.5570342831131855, 'eta_learning': 0.27979731435767274, 'sigma_boundary': 5.997049231772156, 'alpha': 0.13650010749010516}. Best is trial 95 with value: 0.0229780885866591.
[I 2026-03-06 12:23:08,634] Trial 83 finished with value: 0.1330798717016564 and parameters: {'sigma_noise': 0.3360900172960662, 'A_repulsion': 0.31135758240870803, 'gamma': 0.9715257986930025, 'sigma_update': 0.47935031908400044, 'eta_learning': 0.07245205232201923, 'sigma_boundary': 5.9950323408014725, 'alpha': 0.8809319074136006}. Best is trial 95 with value: 0.0229780885866591.
[I 2026-03-06 12:23:10,496] Trial 115 finished with value: 0.07603392890619504 and parameters: {'sigma_noise': 0.17130369420307798, 'A_repulsion': 0.016670711831499284, 'gamma': 0.935365261847628, 'sigma_update': 0.528401124305016, 'eta_learning': 0.24701301957572805, 'sigma_boundary': 8.329072572208016, 'alpha': 0.1403022857504067}. Best is trial 95 with value: 0.0229780885866591.
[I 2026-03-06 12:23:20,823] Trial 113 finished with value: 0.02874687161190003 and parameters: {'sigma_noise': 0.16955334168486855, 'A_repulsion': 0.02104583488227265, 'gamma': 0.9311716360028646, 'sigma_update': 0.5368032619504506, 'eta_learning': 0.2526539527369936, 'sigma_boundary': 8.347538327534654, 'alpha': 0.6573421544707125}. Best is trial 95 with value: 0.0229780885866591.
[I 2026-03-06 12:23:23,408] Trial 105 finished with value: 0.10932230341725477 and parameters: {'sigma_noise': 0.1702856035068299, 'A_repulsion': 0.09299444103457055, 'gamma': 0.8295995981579114, 'sigma_update': 0.5326688075015754, 'eta_learning': 0.24199279869574575, 'sigma_boundary': 5.879347926806638, 'alpha': 0.14018661005052455}. Best is trial 95 with value: 0.0229780885866591.
[I 2026-03-06 12:23:34,701] Trial 112 finished with value: 0.09920799564940319 and parameters: {'sigma_noise': 0.16799046222595615, 'A_repulsion': 0.007730050859858045, 'gamma': 0.7977278311767356, 'sigma_update': 0.5279968222379076, 'eta_learning': 0.288453913254432, 'sigma_boundary': 8.380487432174993, 'alpha': 0.13244259665237965}. Best is trial 95 with value: 0.0229780885866591.
[I 2026-03-06 12:23:43,689] Trial 106 finished with value: 0.02645426038371501 and parameters: {'sigma_noise': 0.2190155707842203, 'A_repulsion': 0.010560058852150212, 'gamma': 0.8285410251729013, 'sigma_update': 0.5370762074849637, 'eta_learning': 0.2737730491699796, 'sigma_boundary': 8.35035837070862, 'alpha': 0.6550102400878202}. Best is trial 95 with value: 0.0229780885866591.
