[I 2026-03-06 13:38:04,410] Trial 33 finished with value: 0.8065949528527596 and parameters: {'sigma_noise': 0.42220710211922885, 'A_repulsion': 0.0036214672261602465, 'gamma': 0.13855302438155467, 'sigma_update': 0.032701013027683336, 'eta_learning': 2.6339984044069586, 'sigma_boundary': 5.2105279510328515, 'alpha': 0.8578986785663177}. Best is trial 14 with value: 0.023878325966052077.
[I 2026-03-06 13:38:18,114] Trial 29 finished with value: 0.1927212628599716 and parameters: {'sigma_noise': 0.35762518754294675, 'A_repulsion': 0.11080106339338486, 'gamma': 0.06119458010345754, 'sigma_update': 0.18153860272205602, 'eta_learning': 2.4697701697701775, 'sigma_boundary': 9.771915356622321, 'alpha': 0.6087049687685829}. Best is trial 14 with value: 0.023878325966052077.
[I 2026-03-06 13:38:29,580] Trial 7 finished with value: 1.6685681758391007 and parameters: {'sigma_noise': 0.4373583431088451, 'A_repulsion': 0.06915966969128956, 'gamma': 0.01988422427226703, 'sigma_update': 0.6113421193081529, 'eta_learning': 1.0408915389178008, 'sigma_boundary': 5.504807107624261, 'alpha': 0.20779171918629658}. Best is trial 14 with value: 0.023878325966052077.
[I 2026-03-06 13:38:38,175] Trial 38 finished with value: 0.24186939004570107 and parameters: {'sigma_noise': 0.3427143525824059, 'A_repulsion': 0.15038916921481593, 'gamma': 0.15234930009065173, 'sigma_update': 0.3136882218992553, 'eta_learning': 2.4251009350558266, 'sigma_boundary': 5.468202098921207, 'alpha': 0.48650893733348655}. Best is trial 14 with value: 0.023878325966052077.
[I 2026-03-06 13:39:09,373] Trial 8 finished with value: 0.4902564660914187 and parameters: {'sigma_noise': 0.3385946857517646, 'A_repulsion': 0.2442959483489992, 'gamma': 0.3808754590241077, 'sigma_update': 0.5904646753951684, 'eta_learning': 1.9773519976735066, 'sigma_boundary': 7.695473660573908, 'alpha': 0.61553459235458}. Best is trial 14 with value: 0.023878325966052077.
[I 2026-03-06 13:39:26,558] Trial 13 finished with value: 0.14251861625919635 and parameters: {'sigma_noise': 0.24393783204850655, 'A_repulsion': 0.4475706865421278, 'gamma': 0.06694469143904899, 'sigma_update': 0.1803686426788371, 'eta_learning': 2.796113968551743, 'sigma_boundary': 3.116013101976345, 'alpha': 0.5103890874073778}. Best is trial 14 with value: 0.023878325966052077.
[I 2026-03-06 13:39:27,620] Trial 20 finished with value: 0.09453423735825489 and parameters: {'sigma_noise': 0.37922197300365434, 'A_repulsion': 0.2612958066566386, 'gamma': 0.947338437920647, 'sigma_update': 0.6440563376623227, 'eta_learning': 2.0538968434464504, 'sigma_boundary': 0.1297185680877295, 'alpha': 0.8809389719949225}. Best is trial 14 with value: 0.023878325966052077.
[I 2026-03-06 13:39:53,374] Trial 6 finished with value: 2.080527415570507 and parameters: {'sigma_noise': 0.32147265114304585, 'A_repulsion': 0.3600338508859515, 'gamma': 0.3499711271642582, 'sigma_update': 0.6814147358403488, 'eta_learning': 0.8770669189324688, 'sigma_boundary': 0.19893603289679437, 'alpha': 0.08885697046472574}. Best is trial 14 with value: 0.023878325966052077.
[I 2026-03-06 13:40:03,234] Trial 35 finished with value: 1.189607972795805 and parameters: {'sigma_noise': 0.3993420488716612, 'A_repulsion': 0.22342566510731887, 'gamma': 0.42042643353562403, 'sigma_update': 0.4649464365263395, 'eta_learning': 1.4099759186587861, 'sigma_boundary': 4.982563110122345, 'alpha': 0.34988012381012445}. Best is trial 14 with value: 0.023878325966052077.
[I 2026-03-06 13:40:41,565] Trial 32 finished with value: 1.4446611350368301 and parameters: {'sigma_noise': 0.3495774614080044, 'A_repulsion': 0.3703948465842821, 'gamma': 0.22918385615557071, 'sigma_update': 0.21071055904957986, 'eta_learning': 0.19700154658270155, 'sigma_boundary': 1.1376716347627973, 'alpha': 0.14831499918264357}. Best is trial 14 with value: 0.023878325966052077.
[I 2026-03-06 13:41:00,516] Trial 22 finished with value: 0.4579770169487841 and parameters: {'sigma_noise': 0.4111486018319616, 'A_repulsion': 0.3130397428511339, 'gamma': 0.27342059161310717, 'sigma_update': 0.6816717417212046, 'eta_learning': 1.9424914876562653, 'sigma_boundary': 4.924665525866297, 'alpha': 0.9398068972062721}. Best is trial 14 with value: 0.023878325966052077.
[I 2026-03-06 13:41:20,145] Trial 9 finished with value: 0.1498041932560496 and parameters: {'sigma_noise': 0.38922228480859383, 'A_repulsion': 0.4188976698196477, 'gamma': 0.7455991581654434, 'sigma_update': 0.567360328240555, 'eta_learning': 0.8596376166860868, 'sigma_boundary': 2.482471720667854, 'alpha': 0.8667551226010322}. Best is trial 14 with value: 0.023878325966052077.
[I 2026-03-06 13:42:19,990] Trial 39 finished with value: 1.0472115946986391 and parameters: {'sigma_noise': 0.38774333186105386, 'A_repulsion': 0.4887766351726217, 'gamma': 0.056248323922199125, 'sigma_update': 0.4420486510877645, 'eta_learning': 2.6613355018993867, 'sigma_boundary': 0.013052494649421384, 'alpha': 0.12408689002525108}. Best is trial 14 with value: 0.023878325966052077.
[I 2026-03-06 13:42:23,013] Trial 34 finished with value: 0.572237777340581 and parameters: {'sigma_noise': 0.41131637564481915, 'A_repulsion': 0.4660332698332066, 'gamma': 0.5123145230036001, 'sigma_update': 0.10841755858035673, 'eta_learning': 1.4121235936055594, 'sigma_boundary': 5.060214517124814, 'alpha': 0.45054048334405494}. Best is trial 14 with value: 0.023878325966052077.
[I 2026-03-06 13:53:54,327] Trial 41 finished with value: 0.0694171870559212 and parameters: {'sigma_noise': 0.30100224625663335, 'A_repulsion': 0.04863202693845392, 'gamma': 0.7032376382738335, 'sigma_update': 0.19005123545230057, 'eta_learning': 1.2478981378295975, 'sigma_boundary': 3.6767136795433046, 'alpha': 0.751400996570143}. Best is trial 14 with value: 0.023878325966052077.
[I 2026-03-06 13:56:37,465] Trial 40 finished with value: 2.082816299777014 and parameters: {'sigma_noise': 0.3059139914937208, 'A_repulsion': 0.25344894536350787, 'gamma': 0.3897822176403798, 'sigma_update': 0.4357386694089601, 'eta_learning': 2.256979243282641, 'sigma_boundary': 3.3832429919446145, 'alpha': 0.007207651020284089}. Best is trial 14 with value: 0.023878325966052077.
[I 2026-03-06 13:56:49,391] Trial 42 finished with value: 0.1431915608599006 and parameters: {'sigma_noise': 0.2674944981148914, 'A_repulsion': 0.2881405583334421, 'gamma': 0.5640293171653786, 'sigma_update': 0.1772135889103419, 'eta_learning': 2.550040978602078, 'sigma_boundary': 0.6287082692540151, 'alpha': 0.929500765383327}. Best is trial 14 with value: 0.023878325966052077.
[I 2026-03-06 13:58:09,098] Trial 53 finished with value: 0.14902300512956446 and parameters: {'sigma_noise': 0.171749682140151, 'A_repulsion': 0.17062356558826813, 'gamma': 0.0299347904129301, 'sigma_update': 0.291217227233645, 'eta_learning': 1.4779628670228673, 'sigma_boundary': 3.9671436415030525, 'alpha': 0.489366714132868}. Best is trial 14 with value: 0.023878325966052077.
[I 2026-03-06 13:58:40,192] Trial 55 finished with value: 0.1420485649016942 and parameters: {'sigma_noise': 0.17292016691637913, 'A_repulsion': 0.16201247842624508, 'gamma': 0.0715920464138736, 'sigma_update': 0.29665468665525924, 'eta_learning': 1.5511335048541268, 'sigma_boundary': 9.733739632172838, 'alpha': 0.497903985486397}. Best is trial 14 with value: 0.023878325966052077.
[I 2026-03-06 13:58:57,764] Trial 58 finished with value: 0.13633336920278336 and parameters: {'sigma_noise': 0.17431340759016273, 'A_repulsion': 0.17144761409219866, 'gamma': 0.013469874152531414, 'sigma_update': 0.3030058527272797, 'eta_learning': 0.5033744632388655, 'sigma_boundary': 9.793882989217478, 'alpha': 0.43450918595982724}. Best is trial 14 with value: 0.023878325966052077.
[I 2026-03-06 13:59:18,066] Trial 59 finished with value: 0.07460051713144251 and parameters: {'sigma_noise': 0.18272223335081164, 'A_repulsion': 0.16604013925447886, 'gamma': 0.7556641360722888, 'sigma_update': 0.30232169108810514, 'eta_learning': 0.49708770612903685, 'sigma_boundary': 9.800826377211946, 'alpha': 0.42748418737066635}. Best is trial 14 with value: 0.023878325966052077.
[I 2026-03-06 14:00:05,351] Trial 44 finished with value: 0.2397946902898543 and parameters: {'sigma_noise': 0.3784788081878235, 'A_repulsion': 0.16225015444305324, 'gamma': 0.04231527914487624, 'sigma_update': 0.33730415299055266, 'eta_learning': 1.8448723938480223, 'sigma_boundary': 6.343744480474237, 'alpha': 0.6799232581432545}. Best is trial 14 with value: 0.023878325966052077.
[I 2026-03-06 14:00:09,873] Trial 60 finished with value: 0.2092044806523649 and parameters: {'sigma_noise': 0.16189297893776103, 'A_repulsion': 0.17623156777885698, 'gamma': 0.79154231689246, 'sigma_update': 0.5484750317309854, 'eta_learning': 1.6518881172374444, 'sigma_boundary': 9.988207995304226, 'alpha': 0.47090062824081846}. Best is trial 14 with value: 0.023878325966052077.
[I 2026-03-06 14:00:25,755] Trial 43 finished with value: 0.22899615760497746 and parameters: {'sigma_noise': 0.3919104877781978, 'A_repulsion': 0.17454253293605188, 'gamma': 0.22336072219858596, 'sigma_update': 0.38102099218449337, 'eta_learning': 1.8428767294208985, 'sigma_boundary': 3.925560983088668, 'alpha': 0.9038869296956547}. Best is trial 14 with value: 0.023878325966052077.
[I 2026-03-06 14:00:48,785] Trial 48 finished with value: 2.0611717007968426 and parameters: {'sigma_noise': 0.3691669812661275, 'A_repulsion': 0.0878298847199056, 'gamma': 0.7270733956117253, 'sigma_update': 0.1078653358227714, 'eta_learning': 2.731438823708026, 'sigma_boundary': 2.131892140040953, 'alpha': 0.09302889282495341}. Best is trial 14 with value: 0.023878325966052077.
[I 2026-03-06 14:01:00,899] Trial 46 finished with value: 0.7411761249655869 and parameters: {'sigma_noise': 0.36518020924018824, 'A_repulsion': 0.15000652100361367, 'gamma': 0.01897318486233821, 'sigma_update': 0.028746221290044838, 'eta_learning': 1.824870022080326, 'sigma_boundary': 1.3594075403294306, 'alpha': 0.8344844168840596}. Best is trial 14 with value: 0.023878325966052077.
[I 2026-03-06 14:01:39,675] Trial 47 finished with value: 0.19464070886934784 and parameters: {'sigma_noise': 0.33644706089502197, 'A_repulsion': 0.24338679617640607, 'gamma': 0.338801197649841, 'sigma_update': 0.3657839661693336, 'eta_learning': 1.827333238419138, 'sigma_boundary': 2.258238688303123, 'alpha': 0.6631551414414086}. Best is trial 14 with value: 0.023878325966052077.
[I 2026-03-06 14:02:18,741] Trial 51 finished with value: 0.24664793202973842 and parameters: {'sigma_noise': 0.4227968568632908, 'A_repulsion': 0.16029434129017112, 'gamma': 0.049995205549786176, 'sigma_update': 0.2843637093227836, 'eta_learning': 2.8366240574122417, 'sigma_boundary': 4.312061499428051, 'alpha': 0.5010922468817446}. Best is trial 14 with value: 0.023878325966052077.
[I 2026-03-06 14:02:46,789] Trial 67 finished with value: 0.2495440330061796 and parameters: {'sigma_noise': 0.16911259075959467, 'A_repulsion': 0.20390408067728594, 'gamma': 0.7257744816739833, 'sigma_update': 0.5353727293527017, 'eta_learning': 1.800226168507689, 'sigma_boundary': 6.584655615645538, 'alpha': 0.4499831514907129}. Best is trial 14 with value: 0.023878325966052077.
[I 2026-03-06 14:02:50,972] Trial 66 finished with value: 1.5537494296888956 and parameters: {'sigma_noise': 0.18317035317843383, 'A_repulsion': 0.19039788714395264, 'gamma': 0.06890649594706087, 'sigma_update': 0.5260252366412383, 'eta_learning': 1.705186066089149, 'sigma_boundary': 9.870831765159188, 'alpha': 0.1244570714203048}. Best is trial 14 with value: 0.023878325966052077.
[I 2026-03-06 14:02:57,536] Trial 45 finished with value: 0.8128832867586875 and parameters: {'sigma_noise': 0.3808811940124943, 'A_repulsion': 0.34734852590493115, 'gamma': 0.6228374514824733, 'sigma_update': 0.6606497650760206, 'eta_learning': 0.1903873166795333, 'sigma_boundary': 6.157320897394301, 'alpha': 0.3034970496363336}. Best is trial 14 with value: 0.023878325966052077.
[I 2026-03-06 14:03:00,564] Trial 69 finished with value: 0.07403569371991721 and parameters: {'sigma_noise': 0.17353601733560478, 'A_repulsion': 0.23291234941157624, 'gamma': 0.7719402005159183, 'sigma_update': 0.5376156652896843, 'eta_learning': 1.7714640432815192, 'sigma_boundary': 6.497993697016414, 'alpha': 0.9977433317057531}. Best is trial 14 with value: 0.023878325966052077.
[I 2026-03-06 14:03:05,003] Trial 72 finished with value: 0.06994837349218692 and parameters: {'sigma_noise': 0.15630779121475818, 'A_repulsion': 0.20225503723817756, 'gamma': 0.7629855442299789, 'sigma_update': 0.5228054076028622, 'eta_learning': 1.6537278506644184, 'sigma_boundary': 6.569387381988665, 'alpha': 0.9946100364511083}. Best is trial 14 with value: 0.023878325966052077.
[I 2026-03-06 14:03:07,824] Trial 68 finished with value: 0.2473214892579178 and parameters: {'sigma_noise': 0.18675209286760636, 'A_repulsion': 0.19273114516679338, 'gamma': 0.7464347162778164, 'sigma_update': 0.5286853204458255, 'eta_learning': 1.720827773751344, 'sigma_boundary': 6.560810120462336, 'alpha': 0.4511788710280173}. Best is trial 14 with value: 0.023878325966052077.
[I 2026-03-06 14:03:08,909] Trial 50 finished with value: 0.28016407293737133 and parameters: {'sigma_noise': 0.44889042536847645, 'A_repulsion': 0.17880658189993795, 'gamma': 0.026165298755716174, 'sigma_update': 0.2964352233562222, 'eta_learning': 2.9084706591699154, 'sigma_boundary': 4.448962357403611, 'alpha': 0.48189304259246063}. Best is trial 14 with value: 0.023878325966052077.
[I 2026-03-06 14:03:48,583] Trial 52 finished with value: 0.2668087402760004 and parameters: {'sigma_noise': 0.44065588299704594, 'A_repulsion': 0.16105165534929333, 'gamma': 0.028172198241914168, 'sigma_update': 0.2935965148568877, 'eta_learning': 1.330647162823451, 'sigma_boundary': 3.796667442565288, 'alpha': 0.504149855526532}. Best is trial 14 with value: 0.023878325966052077.
[I 2026-03-06 14:03:57,661] Trial 71 finished with value: 1.5770006634835496 and parameters: {'sigma_noise': 0.17778966443283298, 'A_repulsion': 0.21228006743345637, 'gamma': 0.7463949646362458, 'sigma_update': 0.5193443780440568, 'eta_learning': 1.7370714036654418, 'sigma_boundary': 6.468840420957508, 'alpha': 0.13134564068844953}. Best is trial 14 with value: 0.023878325966052077.
[I 2026-03-06 14:03:58,227] Trial 70 finished with value: 0.04648597647837427 and parameters: {'sigma_noise': 0.1788221513534, 'A_repulsion': 0.20575635443774853, 'gamma': 0.7440646114439411, 'sigma_update': 0.2771426605415635, 'eta_learning': 0.40205512909027574, 'sigma_boundary': 6.465589544162201, 'alpha': 0.5005808466829942}. Best is trial 14 with value: 0.023878325966052077.
[I 2026-03-06 14:04:09,227] Trial 74 finished with value: 0.06902820668614673 and parameters: {'sigma_noise': 0.15351658283660868, 'A_repulsion': 0.18951758235348862, 'gamma': 0.7600025451211361, 'sigma_update': 0.520926268660772, 'eta_learning': 0.42454430309785846, 'sigma_boundary': 6.477276936259052, 'alpha': 0.9924631894870626}. Best is trial 14 with value: 0.023878325966052077.
[I 2026-03-06 14:04:21,140] Trial 73 finished with value: 0.09760177401505087 and parameters: {'sigma_noise': 0.14734363071455953, 'A_repulsion': 0.21709684243707092, 'gamma': 0.7476914983562554, 'sigma_update': 0.2626711478026537, 'eta_learning': 1.5978258193127202, 'sigma_boundary': 6.5905874670572056, 'alpha': 0.4288308821596257}. Best is trial 14 with value: 0.023878325966052077.
[I 2026-03-06 14:04:24,293] Trial 75 finished with value: 0.17295001940149884 and parameters: {'sigma_noise': 0.14927522942606894, 'A_repulsion': 0.17585219553937062, 'gamma': 0.7316552394500739, 'sigma_update': 0.5335277425581988, 'eta_learning': 1.6615486429479362, 'sigma_boundary': 6.630501999305689, 'alpha': 0.49618957627283605}. Best is trial 14 with value: 0.023878325966052077.
[I 2026-03-06 14:04:47,412] Trial 54 finished with value: 0.26103830091470237 and parameters: {'sigma_noise': 0.4472605016629237, 'A_repulsion': 0.18000919674909593, 'gamma': 0.04297826595152928, 'sigma_update': 0.28521156032173617, 'eta_learning': 1.5573471623939068, 'sigma_boundary': 5.085733833809704, 'alpha': 0.4889245219939314}. Best is trial 14 with value: 0.023878325966052077.
[I 2026-03-06 14:05:01,986] Trial 76 finished with value: 0.12368515054935589 and parameters: {'sigma_noise': 0.1520571940255562, 'A_repulsion': 0.19319087383521155, 'gamma': 0.7091359759560426, 'sigma_update': 0.5312650750089316, 'eta_learning': 0.5082104892588517, 'sigma_boundary': 6.64570873973576, 'alpha': 0.4728981126782156}. Best is trial 14 with value: 0.023878325966052077.
[I 2026-03-06 14:05:09,168] Trial 57 finished with value: 0.6314286089979526 and parameters: {'sigma_noise': 0.4399671426319848, 'A_repulsion': 0.16333967656939205, 'gamma': 0.8061066493646215, 'sigma_update': 0.5004528551851802, 'eta_learning': 1.7457711346531952, 'sigma_boundary': 9.652867914405928, 'alpha': 0.42478986691403364}. Best is trial 14 with value: 0.023878325966052077.
[I 2026-03-06 14:05:26,684] Trial 56 finished with value: 0.5443643755018126 and parameters: {'sigma_noise': 0.4419395934978509, 'A_repulsion': 0.1618334045872479, 'gamma': 0.8172795947267184, 'sigma_update': 0.5511203028464359, 'eta_learning': 1.6309701492936823, 'sigma_boundary': 6.456632359163788, 'alpha': 0.4457933457098544}. Best is trial 14 with value: 0.023878325966052077.
[I 2026-03-06 14:05:44,532] Trial 49 finished with value: 0.687155605996794 and parameters: {'sigma_noise': 0.4428735288394977, 'A_repulsion': 0.4072965352567821, 'gamma': 0.0759830195761172, 'sigma_update': 0.5353754246984738, 'eta_learning': 0.14962947130454318, 'sigma_boundary': 9.962333481188038, 'alpha': 0.3380335409087454}. Best is trial 14 with value: 0.023878325966052077.
[I 2026-03-06 14:06:00,840] Trial 77 finished with value: 0.0444562630843661 and parameters: {'sigma_noise': 0.16872741442007327, 'A_repulsion': 0.19523047251842202, 'gamma': 0.857828068437845, 'sigma_update': 0.2627874392065142, 'eta_learning': 1.6946990890827913, 'sigma_boundary': 6.2527461277247784, 'alpha': 0.5111557820284035}. Best is trial 14 with value: 0.023878325966052077.
[I 2026-03-06 14:06:18,578] Trial 79 finished with value: 0.10840141718559779 and parameters: {'sigma_noise': 0.14496806146679153, 'A_repulsion': 0.20703150313292143, 'gamma': 0.6587941645715489, 'sigma_update': 0.533890183856832, 'eta_learning': 0.36625957455746333, 'sigma_boundary': 6.20986567921072, 'alpha': 0.4185329968861465}. Best is trial 14 with value: 0.023878325966052077.
[I 2026-03-06 14:06:32,622] Trial 78 finished with value: 0.22267609079005724 and parameters: {'sigma_noise': 0.143774041156566, 'A_repulsion': 0.1847492486545544, 'gamma': 0.656400844568855, 'sigma_update': 0.5299369608161149, 'eta_learning': 1.7225112565087142, 'sigma_boundary': 6.3340524550864785, 'alpha': 0.4574610518464171}. Best is trial 14 with value: 0.023878325966052077.
[I 2026-03-06 14:06:40,364] Trial 61 finished with value: 0.4664485028625584 and parameters: {'sigma_noise': 0.42804137316663743, 'A_repulsion': 0.17356908881098018, 'gamma': 0.7581987933794279, 'sigma_update': 0.554326203406573, 'eta_learning': 0.4103525638658347, 'sigma_boundary': 6.4696784986875056, 'alpha': 0.4616361830976928}. Best is trial 14 with value: 0.023878325966052077.
[I 2026-03-06 14:07:21,263] Trial 62 finished with value: 2.07610810053821 and parameters: {'sigma_noise': 0.438717991076416, 'A_repulsion': 0.18515723764622147, 'gamma': 0.7669491330939397, 'sigma_update': 0.4931599745051254, 'eta_learning': 1.7965966243435942, 'sigma_boundary': 6.241277619815268, 'alpha': 0.12155338543355872}. Best is trial 14 with value: 0.023878325966052077.
[I 2026-03-06 14:07:29,542] Trial 63 finished with value: 2.0700350889699033 and parameters: {'sigma_noise': 0.44180660520977083, 'A_repulsion': 0.15538261470885043, 'gamma': 0.014839311085001545, 'sigma_update': 0.5075880915135752, 'eta_learning': 1.7202665462143587, 'sigma_boundary': 9.90709800986033, 'alpha': 0.11827245623034882}. Best is trial 14 with value: 0.023878325966052077.
[I 2026-03-06 14:08:27,825] Trial 64 finished with value: 0.7465460718935732 and parameters: {'sigma_noise': 0.4492551055432372, 'A_repulsion': 0.18537843006586122, 'gamma': 0.06273280382141773, 'sigma_update': 0.5318264926307292, 'eta_learning': 1.7444529804500406, 'sigma_boundary': 9.8194299424601, 'alpha': 0.45769087949477966}. Best is trial 14 with value: 0.023878325966052077.
[I 2026-03-06 14:08:31,996] Trial 65 finished with value: 0.7252523639494404 and parameters: {'sigma_noise': 0.44265160280785304, 'A_repulsion': 0.19334297727772334, 'gamma': 0.055981062982070985, 'sigma_update': 0.5238205114441941, 'eta_learning': 1.7487688262597734, 'sigma_boundary': 9.983669571443379, 'alpha': 0.4548438893271473}. Best is trial 14 with value: 0.023878325966052077.
[I 2026-03-06 14:18:35,231] Trial 80 finished with value: 0.06365461663571284 and parameters: {'sigma_noise': 0.14955086625256606, 'A_repulsion': 0.19720534688602293, 'gamma': 0.638564513581891, 'sigma_update': 0.5353257848821282, 'eta_learning': 0.4727081978580556, 'sigma_boundary': 6.252524142750061, 'alpha': 0.7103541674992477}. Best is trial 14 with value: 0.023878325966052077.
[I 2026-03-06 14:20:58,975] Trial 81 finished with value: 0.07582974172427062 and parameters: {'sigma_noise': 0.1460454665788852, 'A_repulsion': 0.19159840066887268, 'gamma': 0.6459568920505494, 'sigma_update': 0.5239941317664358, 'eta_learning': 1.7427513707105882, 'sigma_boundary': 6.506257246515907, 'alpha': 0.7078288052303209}. Best is trial 14 with value: 0.023878325966052077.
[I 2026-03-06 14:21:06,275] Trial 82 finished with value: 0.07586014139943581 and parameters: {'sigma_noise': 0.13929275251833695, 'A_repulsion': 0.1931311930853396, 'gamma': 0.6732901230755688, 'sigma_update': 0.5281915958697754, 'eta_learning': 1.7165630652697006, 'sigma_boundary': 6.275924054259269, 'alpha': 0.6771298929406031}. Best is trial 14 with value: 0.023878325966052077.
