/nfs/nhome/live/apourdehghan/Hybrid_hpc_utils.py:56: DtypeWarning: Columns (16) have mixed types. Specify dtype option on import or set low_memory=False.
  data = pd.read_csv(data_path)
[I 2026-03-06 11:02:19,590] A new study created in memory with name: no-name-77703a88-c69c-4580-b310-d0b2986ea5ca
[I 2026-03-06 11:20:36,190] Trial 11 finished with value: 0.08472868694614273 and parameters: {'sigma_noise': 0.07410621326173886, 'A_repulsion': 0.08966720534944173, 'gamma': 0.725996464058532, 'sigma_update': 0.05059724888131872, 'eta_learning': 1.665392506218958, 'sigma_boundary': 0.9300502522212918, 'alpha': 0.604036448166761}. Best is trial 11 with value: 0.08472868694614273.
[I 2026-03-06 11:21:37,418] Trial 8 finished with value: 0.32032313013420644 and parameters: {'sigma_noise': 0.1669502097197862, 'A_repulsion': 0.007056796841662827, 'gamma': 0.782328797049167, 'sigma_update': 0.24909217655025534, 'eta_learning': 0.8228169296352599, 'sigma_boundary': 1.9094772400347986, 'alpha': 0.18388159829501372}. Best is trial 11 with value: 0.08472868694614273.
[I 2026-03-06 11:22:29,303] Trial 26 finished with value: 0.09849636729203112 and parameters: {'sigma_noise': 0.0831254622981576, 'A_repulsion': 0.21056127346606857, 'gamma': 0.23592062862681704, 'sigma_update': 0.21984163321192396, 'eta_learning': 2.7205397105265092, 'sigma_boundary': 9.401257897150865, 'alpha': 0.48167519937803727}. Best is trial 11 with value: 0.08472868694614273.
[I 2026-03-06 11:22:36,026] Trial 0 finished with value: 0.0899152512019653 and parameters: {'sigma_noise': 0.10818238952323274, 'A_repulsion': 0.10992453265667895, 'gamma': 0.517222934409838, 'sigma_update': 0.23467833507004526, 'eta_learning': 2.6028743869272635, 'sigma_boundary': 7.645303741768222, 'alpha': 0.9747600489050663}. Best is trial 11 with value: 0.08472868694614273.
[I 2026-03-06 11:22:46,837] Trial 28 finished with value: 0.04767456344962521 and parameters: {'sigma_noise': 0.12816952849399288, 'A_repulsion': 0.11559974847797072, 'gamma': 0.9309720272878069, 'sigma_update': 0.566179214412555, 'eta_learning': 2.03639531719047, 'sigma_boundary': 7.342481600017142, 'alpha': 0.7305523690483556}. Best is trial 28 with value: 0.04767456344962521.
[I 2026-03-06 11:23:19,543] Trial 2 finished with value: 0.0673516675718902 and parameters: {'sigma_noise': 0.159292239455604, 'A_repulsion': 0.13380370868217145, 'gamma': 0.7650531623289406, 'sigma_update': 0.13341672136098526, 'eta_learning': 1.5662397201167464, 'sigma_boundary': 9.503459286909182, 'alpha': 0.8294018476399951}. Best is trial 28 with value: 0.04767456344962521.
[I 2026-03-06 11:24:43,504] Trial 39 finished with value: 0.04760150783009814 and parameters: {'sigma_noise': 0.25951194248975185, 'A_repulsion': 0.03402040955271168, 'gamma': 0.8022109214105407, 'sigma_update': 0.12338053043268563, 'eta_learning': 0.029996217383545076, 'sigma_boundary': 8.045747083925994, 'alpha': 0.16567980276461836}. Best is trial 39 with value: 0.04760150783009814.
[I 2026-03-06 11:24:53,637] Trial 37 finished with value: 0.04443002217644483 and parameters: {'sigma_noise': 0.21193092652175888, 'A_repulsion': 0.12447954741677597, 'gamma': 0.9672302430252606, 'sigma_update': 0.37992009743033456, 'eta_learning': 0.22237253354597572, 'sigma_boundary': 1.538919502124457, 'alpha': 0.6145258053815159}. Best is trial 37 with value: 0.04443002217644483.
[I 2026-03-06 11:25:16,853] Trial 7 finished with value: 0.42961357107600456 and parameters: {'sigma_noise': 0.2904622375918033, 'A_repulsion': 0.033954472954830894, 'gamma': 0.46415117966000985, 'sigma_update': 0.5695217985811738, 'eta_learning': 1.6292468981910364, 'sigma_boundary': 3.8557152849242735, 'alpha': 0.4949317323029687}. Best is trial 37 with value: 0.04443002217644483.
[I 2026-03-06 11:25:40,711] Trial 21 finished with value: 0.13065667213544732 and parameters: {'sigma_noise': 0.10581160202388484, 'A_repulsion': 0.402953535156931, 'gamma': 0.06327371427329008, 'sigma_update': 0.3264718299737222, 'eta_learning': 0.5286452118021204, 'sigma_boundary': 3.042185909486604, 'alpha': 0.491738414161318}. Best is trial 37 with value: 0.04443002217644483.
[I 2026-03-06 11:25:51,726] Trial 29 finished with value: 0.08674530437846312 and parameters: {'sigma_noise': 0.11448717462243369, 'A_repulsion': 0.38186487311107986, 'gamma': 0.5880855353701689, 'sigma_update': 0.44224767191995434, 'eta_learning': 0.43161272309299614, 'sigma_boundary': 5.002871356811482, 'alpha': 0.7418114129561002}. Best is trial 37 with value: 0.04443002217644483.
[I 2026-03-06 11:27:01,625] Trial 24 finished with value: 0.09097631347460076 and parameters: {'sigma_noise': 0.2679727349561217, 'A_repulsion': 0.1365884269860918, 'gamma': 0.3851733020527061, 'sigma_update': 0.2299127921609517, 'eta_learning': 2.006078241253924, 'sigma_boundary': 2.2101890315486274, 'alpha': 0.6300404499468393}. Best is trial 37 with value: 0.04443002217644483.
[I 2026-03-06 11:27:18,877] Trial 38 finished with value: 0.0605851991646522 and parameters: {'sigma_noise': 0.20438535680781195, 'A_repulsion': 0.2668675866603387, 'gamma': 0.5682191909062794, 'sigma_update': 0.10921218325583248, 'eta_learning': 2.4918141749270877, 'sigma_boundary': 3.033660036279245, 'alpha': 0.47182000783647016}. Best is trial 37 with value: 0.04443002217644483.
[I 2026-03-06 11:27:33,332] Trial 18 finished with value: 0.17807210837333307 and parameters: {'sigma_noise': 0.2717304814626826, 'A_repulsion': 0.13793721284498556, 'gamma': 0.6109039600688904, 'sigma_update': 0.05509138181615885, 'eta_learning': 0.7267653531891057, 'sigma_boundary': 5.295719015807829, 'alpha': 0.6001172772783624}. Best is trial 37 with value: 0.04443002217644483.
[I 2026-03-06 11:28:01,110] Trial 33 finished with value: 1.1107793759238067 and parameters: {'sigma_noise': 0.1470036672400407, 'A_repulsion': 0.4411308318502204, 'gamma': 0.382970457893275, 'sigma_update': 0.5304008496977255, 'eta_learning': 2.5633730367074277, 'sigma_boundary': 8.743605005201221, 'alpha': 0.2500979984591253}. Best is trial 37 with value: 0.04443002217644483.
[I 2026-03-06 11:28:01,877] Trial 5 finished with value: 1.5069033868677755 and parameters: {'sigma_noise': 0.2851787150327762, 'A_repulsion': 0.15951819043690124, 'gamma': 0.987956842062652, 'sigma_update': 0.5016542408184278, 'eta_learning': 2.864850846359199, 'sigma_boundary': 1.1705375787988528, 'alpha': 0.1655023309695981}. Best is trial 37 with value: 0.04443002217644483.
[I 2026-03-06 11:28:05,771] Trial 12 finished with value: 1.4569749262816059 and parameters: {'sigma_noise': 0.21268026325090367, 'A_repulsion': 0.2757645552842632, 'gamma': 0.3401232547967153, 'sigma_update': 0.31292679441096133, 'eta_learning': 2.9828694278260532, 'sigma_boundary': 1.7087939422658651, 'alpha': 0.18062593592270748}. Best is trial 37 with value: 0.04443002217644483.
[I 2026-03-06 11:28:24,386] Trial 4 finished with value: 0.04725984732528342 and parameters: {'sigma_noise': 0.27868270739475437, 'A_repulsion': 0.18374053725984085, 'gamma': 0.9400548141736744, 'sigma_update': 0.35236814167881075, 'eta_learning': 0.900959310714821, 'sigma_boundary': 6.121064685466597, 'alpha': 0.73191180398801}. Best is trial 37 with value: 0.04443002217644483.
[I 2026-03-06 11:28:32,183] Trial 3 finished with value: 0.17192145410414278 and parameters: {'sigma_noise': 0.35132218428290346, 'A_repulsion': 0.09474732337804859, 'gamma': 0.5210604252650436, 'sigma_update': 0.5460286974522646, 'eta_learning': 0.7514886023022561, 'sigma_boundary': 3.4338142572171058, 'alpha': 0.875598434190153}. Best is trial 37 with value: 0.04443002217644483.
[I 2026-03-06 11:29:24,895] Trial 14 finished with value: 0.15724009566528552 and parameters: {'sigma_noise': 0.15513264674708294, 'A_repulsion': 0.49603611557473937, 'gamma': 0.7982178426749256, 'sigma_update': 0.6758734839349159, 'eta_learning': 2.662149388424212, 'sigma_boundary': 6.553320397136343, 'alpha': 0.969976946303174}. Best is trial 37 with value: 0.04443002217644483.
[I 2026-03-06 11:29:28,243] Trial 16 finished with value: 0.19327930608815033 and parameters: {'sigma_noise': 0.37089356622649017, 'A_repulsion': 0.15443943072055483, 'gamma': 0.5014907374903748, 'sigma_update': 0.40604768131960806, 'eta_learning': 2.431404991037365, 'sigma_boundary': 8.763606386912665, 'alpha': 0.7028074193878889}. Best is trial 37 with value: 0.04443002217644483.
[I 2026-03-06 11:29:39,834] Trial 22 finished with value: 0.6116168176635935 and parameters: {'sigma_noise': 0.38687932557563764, 'A_repulsion': 0.12731757329936372, 'gamma': 0.46255259908777957, 'sigma_update': 0.6111464672785146, 'eta_learning': 0.8484793375838005, 'sigma_boundary': 7.604792195474262, 'alpha': 0.5194566295005424}. Best is trial 37 with value: 0.04443002217644483.
[I 2026-03-06 11:29:44,106] Trial 13 finished with value: 0.05253158288258055 and parameters: {'sigma_noise': 0.3217172643196726, 'A_repulsion': 0.24339281165915982, 'gamma': 0.9709384390391048, 'sigma_update': 0.5920688888317388, 'eta_learning': 0.5396763234923679, 'sigma_boundary': 6.505434775280131, 'alpha': 0.6622846052360317}. Best is trial 37 with value: 0.04443002217644483.
[I 2026-03-06 11:29:45,290] Trial 30 finished with value: 1.5248658565888724 and parameters: {'sigma_noise': 0.31379253611754226, 'A_repulsion': 0.1895775170309238, 'gamma': 0.9425287634200202, 'sigma_update': 0.658009809497079, 'eta_learning': 1.740057317492977, 'sigma_boundary': 3.763280299932027, 'alpha': 0.21361616794475946}. Best is trial 37 with value: 0.04443002217644483.
[I 2026-03-06 11:30:22,175] Trial 1 finished with value: 0.11374978145649899 and parameters: {'sigma_noise': 0.23584747237205012, 'A_repulsion': 0.41387103072386694, 'gamma': 0.13392523522256994, 'sigma_update': 0.08783254030984189, 'eta_learning': 0.10320496230904277, 'sigma_boundary': 8.952584094041487, 'alpha': 0.13141970533415026}. Best is trial 37 with value: 0.04443002217644483.
[I 2026-03-06 11:30:39,240] Trial 15 finished with value: 0.23094484548402705 and parameters: {'sigma_noise': 0.23075790410747027, 'A_repulsion': 0.45795118866797013, 'gamma': 0.6241847611263976, 'sigma_update': 0.44702081107203, 'eta_learning': 0.23981364513766817, 'sigma_boundary': 9.521131523725893, 'alpha': 0.3236584446304197}. Best is trial 37 with value: 0.04443002217644483.
[I 2026-03-06 11:30:43,702] Trial 36 finished with value: 0.07326800104986261 and parameters: {'sigma_noise': 0.29014046610628463, 'A_repulsion': 0.3877418135045472, 'gamma': 0.8223438987698928, 'sigma_update': 0.28429683314757753, 'eta_learning': 0.3759591846401726, 'sigma_boundary': 3.947474955214704, 'alpha': 0.5181716652331109}. Best is trial 37 with value: 0.04443002217644483.
[I 2026-03-06 11:30:50,247] Trial 20 finished with value: 0.12666123515323024 and parameters: {'sigma_noise': 0.37094242511084136, 'A_repulsion': 0.2738842393249879, 'gamma': 0.8734868007873683, 'sigma_update': 0.5880798395651631, 'eta_learning': 1.070850902846955, 'sigma_boundary': 9.943101831903762, 'alpha': 0.5872297036018964}. Best is trial 37 with value: 0.04443002217644483.
[I 2026-03-06 11:31:00,003] Trial 34 finished with value: 0.15382345798244582 and parameters: {'sigma_noise': 0.26657763709386206, 'A_repulsion': 0.43310699891647386, 'gamma': 0.8550593842282788, 'sigma_update': 0.14386834931913026, 'eta_learning': 1.6023264652312195, 'sigma_boundary': 7.028229815069763, 'alpha': 0.502391881569376}. Best is trial 37 with value: 0.04443002217644483.
[I 2026-03-06 11:31:06,726] Trial 6 finished with value: 0.20363090912092252 and parameters: {'sigma_noise': 0.3041784382191135, 'A_repulsion': 0.3862107591458967, 'gamma': 0.5881510325208638, 'sigma_update': 0.18390543647491986, 'eta_learning': 1.0613007303221567, 'sigma_boundary': 0.22904251792041386, 'alpha': 0.33876501657897984}. Best is trial 37 with value: 0.04443002217644483.
[I 2026-03-06 11:31:33,387] Trial 19 finished with value: 0.8033436246650785 and parameters: {'sigma_noise': 0.30772490861330654, 'A_repulsion': 0.40783484761722094, 'gamma': 0.5256961274344268, 'sigma_update': 0.301310530739392, 'eta_learning': 1.3472276403305288, 'sigma_boundary': 1.8130124668893233, 'alpha': 0.35508452822474235}. Best is trial 37 with value: 0.04443002217644483.
[I 2026-03-06 11:31:34,142] Trial 17 finished with value: 0.2477029785143393 and parameters: {'sigma_noise': 0.29149691794320576, 'A_repulsion': 0.45518883336745786, 'gamma': 0.06982506963786356, 'sigma_update': 0.1579631608336155, 'eta_learning': 0.6715917880496801, 'sigma_boundary': 5.208426527324429, 'alpha': 0.7822362683565102}. Best is trial 37 with value: 0.04443002217644483.
[I 2026-03-06 11:31:36,505] Trial 32 finished with value: 1.8552237931105124 and parameters: {'sigma_noise': 0.30985482291099653, 'A_repulsion': 0.4483695266708525, 'gamma': 0.7498551938080958, 'sigma_update': 0.37416639236479793, 'eta_learning': 2.4159032297218954, 'sigma_boundary': 9.201476865226358, 'alpha': 0.09071949286426473}. Best is trial 37 with value: 0.04443002217644483.
[I 2026-03-06 11:31:57,458] Trial 9 finished with value: 0.07770819769843584 and parameters: {'sigma_noise': 0.36859714460724063, 'A_repulsion': 0.4145205536735334, 'gamma': 0.9564847883647646, 'sigma_update': 0.6835865229631565, 'eta_learning': 0.5574900472334244, 'sigma_boundary': 1.4336999089245868, 'alpha': 0.7276286267876645}. Best is trial 37 with value: 0.04443002217644483.
[I 2026-03-06 11:32:16,389] Trial 35 finished with value: 1.8552237931105124 and parameters: {'sigma_noise': 0.3212354947705661, 'A_repulsion': 0.4911324542331752, 'gamma': 0.20904627227136158, 'sigma_update': 0.19281955110891932, 'eta_learning': 1.2667871494129739, 'sigma_boundary': 3.2885810478904807, 'alpha': 0.09149043724696881}. Best is trial 37 with value: 0.04443002217644483.
[I 2026-03-06 11:32:45,649] Trial 31 finished with value: 1.8207362000776068 and parameters: {'sigma_noise': 0.4043130785461192, 'A_repulsion': 0.441362687724016, 'gamma': 0.6707986676161798, 'sigma_update': 0.6006784303370525, 'eta_learning': 0.3075869959761987, 'sigma_boundary': 6.16548333455501, 'alpha': 0.1763369392664753}. Best is trial 37 with value: 0.04443002217644483.
[I 2026-03-06 11:33:04,394] Trial 27 finished with value: 0.18575487086163134 and parameters: {'sigma_noise': 0.42225412470176993, 'A_repulsion': 0.4291113643406607, 'gamma': 0.5886235260159461, 'sigma_update': 0.2525412636564146, 'eta_learning': 2.4362046840439833, 'sigma_boundary': 8.165517956739526, 'alpha': 0.7028306128336795}. Best is trial 37 with value: 0.04443002217644483.
[I 2026-03-06 11:33:24,494] Trial 25 finished with value: 0.819958082255946 and parameters: {'sigma_noise': 0.41423611023994605, 'A_repulsion': 0.48513859774202467, 'gamma': 0.9111232309746103, 'sigma_update': 0.6540903210372329, 'eta_learning': 2.0638010628964967, 'sigma_boundary': 0.808140384115289, 'alpha': 0.3803144067705203}. Best is trial 37 with value: 0.04443002217644483.
[I 2026-03-06 11:33:34,487] Trial 10 finished with value: 1.415720809793232 and parameters: {'sigma_noise': 0.4395072610644963, 'A_repulsion': 0.3678939417482786, 'gamma': 0.20783167226466173, 'sigma_update': 0.0213543697989904, 'eta_learning': 2.940077345199347, 'sigma_boundary': 2.155688859217546, 'alpha': 0.3579905617735136}. Best is trial 37 with value: 0.04443002217644483.
[I 2026-03-06 11:33:36,777] Trial 23 finished with value: 0.238285972758647 and parameters: {'sigma_noise': 0.43995442796530426, 'A_repulsion': 0.4968689405751775, 'gamma': 0.345546688410681, 'sigma_update': 0.18190821876878874, 'eta_learning': 0.5819208843438027, 'sigma_boundary': 3.1988141738831906, 'alpha': 0.5300017469426093}. Best is trial 37 with value: 0.04443002217644483.
[I 2026-03-06 11:43:07,383] Trial 46 finished with value: 0.1524682009893781 and parameters: {'sigma_noise': 0.05228973816515059, 'A_repulsion': 0.07406125829842042, 'gamma': 0.05403982993829029, 'sigma_update': 0.3570407294480867, 'eta_learning': 2.7614241993596838, 'sigma_boundary': 5.217007278749108, 'alpha': 0.9942200928756011}. Best is trial 37 with value: 0.04443002217644483.
[I 2026-03-06 11:43:22,470] Trial 42 finished with value: 0.1768277560429841 and parameters: {'sigma_noise': 0.12195850897517949, 'A_repulsion': 0.0625128465873297, 'gamma': 0.023062502489529107, 'sigma_update': 0.6148910160292026, 'eta_learning': 1.0230431519799907, 'sigma_boundary': 7.2602502989941895, 'alpha': 0.7800945380079478}. Best is trial 37 with value: 0.04443002217644483.
[I 2026-03-06 11:48:40,151] Trial 43 finished with value: 0.21446189405202892 and parameters: {'sigma_noise': 0.25108058122546306, 'A_repulsion': 0.11839079643414435, 'gamma': 0.03246710081855101, 'sigma_update': 0.06351124739710141, 'eta_learning': 0.39737840043708905, 'sigma_boundary': 4.691627283746142, 'alpha': 0.4992020881856911}. Best is trial 37 with value: 0.04443002217644483.
[I 2026-03-06 11:49:05,055] Trial 40 finished with value: 0.2883244410194567 and parameters: {'sigma_noise': 0.26833538923374295, 'A_repulsion': 0.23223453375810066, 'gamma': 0.05976378941888537, 'sigma_update': 0.6105735812652674, 'eta_learning': 1.6400788946456104, 'sigma_boundary': 2.474674980006634, 'alpha': 0.7785775712094887}. Best is trial 37 with value: 0.04443002217644483.
[I 2026-03-06 11:50:08,129] Trial 41 finished with value: 0.1499149443798009 and parameters: {'sigma_noise': 0.2849232246655422, 'A_repulsion': 0.2977460618115495, 'gamma': 0.17999661184303936, 'sigma_update': 0.3407810305849626, 'eta_learning': 2.266237309361463, 'sigma_boundary': 6.8906061050423695, 'alpha': 0.5465399995224121}. Best is trial 37 with value: 0.04443002217644483.
[I 2026-03-06 11:51:34,191] Trial 44 finished with value: 0.09404815340108713 and parameters: {'sigma_noise': 0.22614306600999307, 'A_repulsion': 0.4035055753742295, 'gamma': 0.48987764090301983, 'sigma_update': 0.23286973719916434, 'eta_learning': 1.8778986710330663, 'sigma_boundary': 6.797277140883788, 'alpha': 0.745261025442994}. Best is trial 37 with value: 0.04443002217644483.
[I 2026-03-06 11:52:53,180] Trial 66 finished with value: 0.22800078109350821 and parameters: {'sigma_noise': 0.19569392024675136, 'A_repulsion': 0.05848838847151905, 'gamma': 0.8775210902077621, 'sigma_update': 0.36547281935851794, 'eta_learning': 1.2449502636842982, 'sigma_boundary': 0.1275755350843144, 'alpha': 0.0484005176715641}. Best is trial 37 with value: 0.04443002217644483.
[I 2026-03-06 11:52:57,491] Trial 63 finished with value: 0.0605531575146867 and parameters: {'sigma_noise': 0.2352910203101761, 'A_repulsion': 0.05293344826828744, 'gamma': 0.8649198695949989, 'sigma_update': 0.4003547651046803, 'eta_learning': 0.08693297067504463, 'sigma_boundary': 5.095875299409551, 'alpha': 0.061826558689679234}. Best is trial 37 with value: 0.04443002217644483.
[I 2026-03-06 11:53:19,292] Trial 71 finished with value: 0.03453754176895538 and parameters: {'sigma_noise': 0.18659925217771078, 'A_repulsion': 0.0666363004188249, 'gamma': 0.9061080183504907, 'sigma_update': 0.3760393806275163, 'eta_learning': 0.0269333957313016, 'sigma_boundary': 7.85730610009712, 'alpha': 0.07339448588374181}. Best is trial 71 with value: 0.03453754176895538.
[I 2026-03-06 11:53:35,652] Trial 67 finished with value: 0.21726806855862812 and parameters: {'sigma_noise': 0.19555785865500547, 'A_repulsion': 0.05719394500488366, 'gamma': 0.6813818269550533, 'sigma_update': 0.3968472134678101, 'eta_learning': 1.1611197142809295, 'sigma_boundary': 5.393032129189277, 'alpha': 0.37182706398208953}. Best is trial 71 with value: 0.03453754176895538.
[I 2026-03-06 11:53:57,203] Trial 72 finished with value: 0.05269273742175408 and parameters: {'sigma_noise': 0.20015611569429864, 'A_repulsion': 0.046261531760014976, 'gamma': 0.9086317593016858, 'sigma_update': 0.4919915397934783, 'eta_learning': 0.10303564175154668, 'sigma_boundary': 7.950866385159413, 'alpha': 0.9048431738230527}. Best is trial 71 with value: 0.03453754176895538.
[I 2026-03-06 11:54:47,546] Trial 47 finished with value: 0.24297109206257894 and parameters: {'sigma_noise': 0.40879569333984156, 'A_repulsion': 0.1512657133326537, 'gamma': 0.14019192731159752, 'sigma_update': 0.21356361369527546, 'eta_learning': 0.04263761389582466, 'sigma_boundary': 0.4610606566158134, 'alpha': 0.8700980967706029}. Best is trial 71 with value: 0.03453754176895538.
[I 2026-03-06 11:55:16,075] Trial 56 finished with value: 0.2641790362115646 and parameters: {'sigma_noise': 0.37101100584467406, 'A_repulsion': 0.05663359222734651, 'gamma': 0.8891741710331169, 'sigma_update': 0.6889109743153113, 'eta_learning': 0.10802872326090888, 'sigma_boundary': 6.428762130633994, 'alpha': 0.0037619987427182644}. Best is trial 71 with value: 0.03453754176895538.
[I 2026-03-06 11:55:20,367] Trial 61 finished with value: 0.03387088935454136 and parameters: {'sigma_noise': 0.2121644806412055, 'A_repulsion': 0.20245290044247893, 'gamma': 0.9035894048007048, 'sigma_update': 0.43120911892098235, 'eta_learning': 0.11274164402119577, 'sigma_boundary': 5.813509207303104, 'alpha': 0.34354923608348387}. Best is trial 61 with value: 0.03387088935454136.
[I 2026-03-06 11:55:33,720] Trial 77 finished with value: 0.05463943128152779 and parameters: {'sigma_noise': 0.18716050005032966, 'A_repulsion': 0.06431880292989746, 'gamma': 0.8780231583095822, 'sigma_update': 0.4800410605772222, 'eta_learning': 0.016098271987297914, 'sigma_boundary': 7.86923447918146, 'alpha': 0.866033207664783}. Best is trial 61 with value: 0.03387088935454136.
[I 2026-03-06 11:55:37,549] Trial 48 finished with value: 0.12183249013009209 and parameters: {'sigma_noise': 0.2983415286565665, 'A_repulsion': 0.4500737699210994, 'gamma': 0.8752949725746272, 'sigma_update': 0.6038627705269115, 'eta_learning': 2.6358622812204757, 'sigma_boundary': 0.2201243912398936, 'alpha': 0.9012609093382167}. Best is trial 61 with value: 0.03387088935454136.
