[I 2026-03-06 14:21:41,190] Trial 83 finished with value: 0.07358729635068831 and parameters: {'sigma_noise': 0.13934180014653955, 'A_repulsion': 0.13023043354506994, 'gamma': 0.6688618776762801, 'sigma_update': 0.5468812341557489, 'eta_learning': 1.706633485773609, 'sigma_boundary': 8.314128607584697, 'alpha': 0.7038927413044381}. Best is trial 14 with value: 0.023878325966052077.
[I 2026-03-06 14:21:44,897] Trial 84 finished with value: 0.06037390563466018 and parameters: {'sigma_noise': 0.12508398246330352, 'A_repulsion': 0.12821380801191556, 'gamma': 0.6734356540533619, 'sigma_update': 0.5478574109250783, 'eta_learning': 0.5224332618533891, 'sigma_boundary': 6.350606473874218, 'alpha': 0.7353996277575966}. Best is trial 14 with value: 0.023878325966052077.
[I 2026-03-06 14:24:17,480] Trial 90 finished with value: 0.06542677120717758 and parameters: {'sigma_noise': 0.13546649914341202, 'A_repulsion': 0.1243052705157407, 'gamma': 0.6557384858850518, 'sigma_update': 0.25889516371608906, 'eta_learning': 0.42316974418861475, 'sigma_boundary': 8.30493371660887, 'alpha': 0.9944047532420782}. Best is trial 14 with value: 0.023878325966052077.
[I 2026-03-06 14:24:22,381] Trial 86 finished with value: 0.061142469734241624 and parameters: {'sigma_noise': 0.2039329764687746, 'A_repulsion': 0.11658100945398193, 'gamma': 0.6874044392094751, 'sigma_update': 0.5377962097433231, 'eta_learning': 0.42667750423558715, 'sigma_boundary': 6.310572230709118, 'alpha': 0.672328409620507}. Best is trial 14 with value: 0.023878325966052077.
[I 2026-03-06 14:24:38,150] Trial 96 finished with value: 0.05807120624257511 and parameters: {'sigma_noise': 0.13212207999739692, 'A_repulsion': 0.12339911553597668, 'gamma': 0.6760894251901527, 'sigma_update': 0.2672632299358242, 'eta_learning': 0.01144178787953326, 'sigma_boundary': 8.290549014379064, 'alpha': 0.5734738775342018}. Best is trial 14 with value: 0.023878325966052077.
[I 2026-03-06 14:25:17,827] Trial 85 finished with value: 0.06000231102404014 and parameters: {'sigma_noise': 0.19424093808380583, 'A_repulsion': 0.21067433924062792, 'gamma': 0.6719353260271709, 'sigma_update': 0.25209432188343034, 'eta_learning': 1.749008241019, 'sigma_boundary': 6.466000853058819, 'alpha': 0.6933719252382002}. Best is trial 14 with value: 0.023878325966052077.
[I 2026-03-06 14:25:35,172] Trial 91 finished with value: 0.07103488470982272 and parameters: {'sigma_noise': 0.14376464002445352, 'A_repulsion': 0.20757552788491404, 'gamma': 0.6578289315483998, 'sigma_update': 0.5333081663136177, 'eta_learning': 0.4404590579916371, 'sigma_boundary': 8.601908012906762, 'alpha': 0.9906054526879465}. Best is trial 14 with value: 0.023878325966052077.
[I 2026-03-06 14:25:39,852] Trial 100 finished with value: 0.06930006966191518 and parameters: {'sigma_noise': 0.14222589816907139, 'A_repulsion': 0.11772879251626428, 'gamma': 0.8846346648495544, 'sigma_update': 0.4939252318911003, 'eta_learning': 0.45414879977078737, 'sigma_boundary': 8.288645471645033, 'alpha': 0.9904444193608268}. Best is trial 14 with value: 0.023878325966052077.
[I 2026-03-06 14:25:41,398] Trial 94 finished with value: 0.06385872376974423 and parameters: {'sigma_noise': 0.13906112643105237, 'A_repulsion': 0.11942303173807482, 'gamma': 0.6668994393803154, 'sigma_update': 0.25775070805357014, 'eta_learning': 2.993762609198386, 'sigma_boundary': 8.642635213568514, 'alpha': 0.9946044528735001}. Best is trial 14 with value: 0.023878325966052077.
[I 2026-03-06 14:25:56,132] Trial 102 finished with value: 0.06228294192263469 and parameters: {'sigma_noise': 0.1422693194404453, 'A_repulsion': 0.11338846888678039, 'gamma': 0.8693369060786759, 'sigma_update': 0.2568191434566892, 'eta_learning': 0.011281463069463878, 'sigma_boundary': 7.139645684553371, 'alpha': 0.9989224400356226}. Best is trial 14 with value: 0.023878325966052077.
[I 2026-03-06 14:25:58,578] Trial 95 finished with value: 0.06850015772428404 and parameters: {'sigma_noise': 0.14322029222033855, 'A_repulsion': 0.1202437575126534, 'gamma': 0.6234304246660555, 'sigma_update': 0.25856481279230265, 'eta_learning': 0.496215524270596, 'sigma_boundary': 8.242470102753561, 'alpha': 0.999059186668382}. Best is trial 14 with value: 0.023878325966052077.
[I 2026-03-06 14:26:18,610] Trial 93 finished with value: 0.07486007631049844 and parameters: {'sigma_noise': 0.13392883703091749, 'A_repulsion': 0.20559208369211834, 'gamma': 0.6332254424930371, 'sigma_update': 0.5231831565126511, 'eta_learning': 0.4012979027138951, 'sigma_boundary': 8.322198573235282, 'alpha': 0.5750697481957823}. Best is trial 14 with value: 0.023878325966052077.
[I 2026-03-06 14:26:23,432] Trial 92 finished with value: 0.06078500005346592 and parameters: {'sigma_noise': 0.1426606460327861, 'A_repulsion': 0.20527913374420426, 'gamma': 0.6532880431265201, 'sigma_update': 0.5338901178995206, 'eta_learning': 0.38189383637856067, 'sigma_boundary': 8.396922697668316, 'alpha': 0.7371714571303947}. Best is trial 14 with value: 0.023878325966052077.
[I 2026-03-06 14:26:49,999] Trial 101 finished with value: 0.065604299793837 and parameters: {'sigma_noise': 0.13919194024459716, 'A_repulsion': 0.12454068048124722, 'gamma': 0.8785886971151016, 'sigma_update': 0.2530513558540983, 'eta_learning': 0.3931694332578104, 'sigma_boundary': 7.230851706956432, 'alpha': 0.9952351831830171}. Best is trial 14 with value: 0.023878325966052077.
[I 2026-03-06 14:27:04,477] Trial 99 finished with value: 0.05932564144973134 and parameters: {'sigma_noise': 0.15019257911229644, 'A_repulsion': 0.11940953799714799, 'gamma': 0.8792889372214852, 'sigma_update': 0.500241081151621, 'eta_learning': 2.9759860202606836, 'sigma_boundary': 7.23665921780207, 'alpha': 0.995814272243738}. Best is trial 14 with value: 0.023878325966052077.
[I 2026-03-06 14:27:24,601] Trial 104 finished with value: 0.0654741727182646 and parameters: {'sigma_noise': 0.1412517697940277, 'A_repulsion': 0.12616434549601216, 'gamma': 0.8759070717424873, 'sigma_update': 0.25317650664057795, 'eta_learning': 0.35331423684168417, 'sigma_boundary': 7.207475318801267, 'alpha': 0.99993967806335}. Best is trial 14 with value: 0.023878325966052077.
[I 2026-03-06 14:27:27,027] Trial 88 finished with value: 0.056773782754687876 and parameters: {'sigma_noise': 0.20098641582815038, 'A_repulsion': 0.20510985250585925, 'gamma': 0.6358065076362251, 'sigma_update': 0.5250853658251572, 'eta_learning': 0.019171861349843056, 'sigma_boundary': 8.894717690119222, 'alpha': 0.6947713307199765}. Best is trial 14 with value: 0.023878325966052077.
[I 2026-03-06 14:27:36,370] Trial 87 finished with value: 0.06755248122663 and parameters: {'sigma_noise': 0.2114407504498652, 'A_repulsion': 0.20972795983070527, 'gamma': 0.688235521953283, 'sigma_update': 0.5304256121656454, 'eta_learning': 0.45734044562468956, 'sigma_boundary': 8.321184737486249, 'alpha': 0.6920339972576682}. Best is trial 14 with value: 0.023878325966052077.
[I 2026-03-06 14:27:44,315] Trial 97 finished with value: 0.05127090690641456 and parameters: {'sigma_noise': 0.20247223059642358, 'A_repulsion': 0.12272606956914488, 'gamma': 0.6724511292518154, 'sigma_update': 0.2704974408246694, 'eta_learning': 0.030864089528911457, 'sigma_boundary': 8.410279729458649, 'alpha': 0.7193124963240503}. Best is trial 14 with value: 0.023878325966052077.
[I 2026-03-06 14:28:08,649] Trial 89 finished with value: 0.061274580167503735 and parameters: {'sigma_noise': 0.20104305003669146, 'A_repulsion': 0.21704156146476944, 'gamma': 0.6655372920794875, 'sigma_update': 0.5193359356184748, 'eta_learning': 0.4418980549775399, 'sigma_boundary': 8.353679910289868, 'alpha': 0.7346422151149802}. Best is trial 14 with value: 0.023878325966052077.
[I 2026-03-06 14:28:33,638] Trial 98 finished with value: 0.05429342958766711 and parameters: {'sigma_noise': 0.2053386245389561, 'A_repulsion': 0.1334575405573299, 'gamma': 0.859081086558684, 'sigma_update': 0.48573731626121175, 'eta_learning': 2.9882694875362086, 'sigma_boundary': 7.246112141471995, 'alpha': 0.9901027850241423}. Best is trial 14 with value: 0.023878325966052077.
[I 2026-03-06 14:29:11,840] Trial 103 finished with value: 0.056027634407575064 and parameters: {'sigma_noise': 0.20434797954630793, 'A_repulsion': 0.13012352601826943, 'gamma': 0.8847547071071862, 'sigma_update': 0.2546488292604981, 'eta_learning': 0.015354399027224654, 'sigma_boundary': 7.221660036388681, 'alpha': 0.9931965000517025}. Best is trial 14 with value: 0.023878325966052077.
[I 2026-03-06 14:29:20,222] Trial 106 finished with value: 0.04935133745510349 and parameters: {'sigma_noise': 0.20030731647617872, 'A_repulsion': 0.13690155065165305, 'gamma': 0.8547481968777119, 'sigma_update': 0.26100210472930546, 'eta_learning': 0.016888285601722723, 'sigma_boundary': 7.13535047061299, 'alpha': 0.7442712176107391}. Best is trial 14 with value: 0.023878325966052077.
[I 2026-03-06 14:29:29,276] Trial 107 finished with value: 0.04806829415185005 and parameters: {'sigma_noise': 0.20416070487165267, 'A_repulsion': 0.11211462467175981, 'gamma': 0.8664318131266131, 'sigma_update': 0.4908331898671434, 'eta_learning': 0.4026903710468503, 'sigma_boundary': 7.338578912298961, 'alpha': 0.9703245352578282}. Best is trial 14 with value: 0.023878325966052077.
[I 2026-03-06 14:29:51,741] Trial 105 finished with value: 0.046681098203883484 and parameters: {'sigma_noise': 0.20897130151232504, 'A_repulsion': 0.1301430850980945, 'gamma': 0.8629918128057831, 'sigma_update': 0.49777965500895144, 'eta_learning': 0.026000826411903575, 'sigma_boundary': 7.253711566175898, 'alpha': 0.7451436660051683}. Best is trial 14 with value: 0.023878325966052077.
[I 2026-03-06 14:29:55,997] Trial 108 finished with value: 0.04700687793977899 and parameters: {'sigma_noise': 0.210855469379786, 'A_repulsion': 0.12779838222222117, 'gamma': 0.8495459284006962, 'sigma_update': 0.5764651311369848, 'eta_learning': 0.012910020827103658, 'sigma_boundary': 7.404760807505681, 'alpha': 0.73461889832091}. Best is trial 14 with value: 0.023878325966052077.
[I 2026-03-06 14:30:47,826] Trial 110 finished with value: 0.05724347590663737 and parameters: {'sigma_noise': 0.20617089063598434, 'A_repulsion': 0.13692230734748628, 'gamma': 0.869017287255669, 'sigma_update': 0.48259212183785527, 'eta_learning': 0.05711928498934382, 'sigma_boundary': 7.41413371572759, 'alpha': 0.976487743113636}. Best is trial 14 with value: 0.023878325966052077.
[I 2026-03-06 14:30:50,608] Trial 111 finished with value: 0.06516310207426342 and parameters: {'sigma_noise': 0.20400380737526408, 'A_repulsion': 0.11854526721752398, 'gamma': 0.6686491624346806, 'sigma_update': 0.24219382851874682, 'eta_learning': 0.37267538309135445, 'sigma_boundary': 7.178457348563626, 'alpha': 0.9937671208190544}. Best is trial 14 with value: 0.023878325966052077.
[I 2026-03-06 14:31:17,542] Trial 112 finished with value: 0.05214418694802593 and parameters: {'sigma_noise': 0.21267763332166456, 'A_repulsion': 0.13055633788821583, 'gamma': 0.8705799464302042, 'sigma_update': 0.24357311538140924, 'eta_learning': 0.033749591212604804, 'sigma_boundary': 7.321497578538508, 'alpha': 0.9743496141865065}. Best is trial 14 with value: 0.023878325966052077.
[I 2026-03-06 14:31:37,805] Trial 113 finished with value: 0.04838426918190842 and parameters: {'sigma_noise': 0.20129452507150003, 'A_repulsion': 0.14023227392324095, 'gamma': 0.8671281283713295, 'sigma_update': 0.2547800839751036, 'eta_learning': 0.05446394735168564, 'sigma_boundary': 7.486183785160081, 'alpha': 0.7352439019999092}. Best is trial 14 with value: 0.023878325966052077.
[I 2026-03-06 14:31:59,136] Trial 115 finished with value: 0.0561467378506489 and parameters: {'sigma_noise': 0.20180121211165813, 'A_repulsion': 0.13612752382802173, 'gamma': 0.8713041561914316, 'sigma_update': 0.25305079615671744, 'eta_learning': 0.07003987498601688, 'sigma_boundary': 7.44409766115277, 'alpha': 0.9778098582530056}. Best is trial 14 with value: 0.023878325966052077.
[I 2026-03-06 14:32:09,500] Trial 114 finished with value: 0.05542752734226368 and parameters: {'sigma_noise': 0.20196535332066692, 'A_repulsion': 0.13823015441334058, 'gamma': 0.8649097098828432, 'sigma_update': 0.23781263830165839, 'eta_learning': 0.02551355274905802, 'sigma_boundary': 7.21461064810504, 'alpha': 0.9963003235564818}. Best is trial 14 with value: 0.023878325966052077.
[I 2026-03-06 14:32:38,023] Trial 117 finished with value: 0.05298746272442262 and parameters: {'sigma_noise': 0.2065728482495672, 'A_repulsion': 0.1296729503174205, 'gamma': 0.8651746100774019, 'sigma_update': 0.2539664303168757, 'eta_learning': 0.04799007341564876, 'sigma_boundary': 7.260305447016701, 'alpha': 0.9865613778104061}. Best is trial 14 with value: 0.023878325966052077.
[I 2026-03-06 14:33:22,278] Trial 116 finished with value: 0.051193466163867114 and parameters: {'sigma_noise': 0.22532666998450476, 'A_repulsion': 0.13214728219634383, 'gamma': 0.8808665091810465, 'sigma_update': 0.24711331509836837, 'eta_learning': 0.04015935880956065, 'sigma_boundary': 7.387959703437101, 'alpha': 0.7369619548289437}. Best is trial 14 with value: 0.023878325966052077.
[I 2026-03-06 14:33:31,246] Trial 118 finished with value: 0.029850233282236398 and parameters: {'sigma_noise': 0.20123858118472693, 'A_repulsion': 0.13514771436010753, 'gamma': 0.8878110822694646, 'sigma_update': 0.24350344425740467, 'eta_learning': 0.9809630002900901, 'sigma_boundary': 7.338767431384323, 'alpha': 0.5444234950718587}. Best is trial 14 with value: 0.023878325966052077.
[I 2026-03-06 14:33:33,618] Trial 119 finished with value: 0.04346792822722171 and parameters: {'sigma_noise': 0.2026641152545458, 'A_repulsion': 0.12846143772718144, 'gamma': 0.899950528505645, 'sigma_update': 0.2456501229838554, 'eta_learning': 0.03830306449022416, 'sigma_boundary': 7.1434527349309365, 'alpha': 0.5629239950304052}. Best is trial 14 with value: 0.023878325966052077.
[I 2026-03-06 14:33:58,978] Trial 109 finished with value: 0.09183752396360183 and parameters: {'sigma_noise': 0.20312419067332943, 'A_repulsion': 0.31079831063832697, 'gamma': 0.871384432131392, 'sigma_update': 0.2514395614075199, 'eta_learning': 0.3682540274332834, 'sigma_boundary': 7.319529025822577, 'alpha': 0.9912011102351859}. Best is trial 14 with value: 0.023878325966052077.
[I 2026-03-06 14:44:06,012] Trial 120 finished with value: 0.04994436884528944 and parameters: {'sigma_noise': 0.202200874780188, 'A_repulsion': 0.13894900832786075, 'gamma': 0.8567919549208104, 'sigma_update': 0.2504843166327769, 'eta_learning': 0.04436940699878465, 'sigma_boundary': 7.3109336939697345, 'alpha': 0.7510635808447192}. Best is trial 14 with value: 0.023878325966052077.
[I 2026-03-06 14:44:45,919] Trial 124 finished with value: 0.037077859648729096 and parameters: {'sigma_noise': 0.2156420285951176, 'A_repulsion': 0.030302733971115797, 'gamma': 0.9022221307256031, 'sigma_update': 0.14846876757618216, 'eta_learning': 0.06147854784832474, 'sigma_boundary': 7.161003542732754, 'alpha': 0.7551898596685656}. Best is trial 14 with value: 0.023878325966052077.
[I 2026-03-06 14:45:12,334] Trial 123 finished with value: 0.036013582362305716 and parameters: {'sigma_noise': 0.19289150885110348, 'A_repulsion': 0.030854446411444837, 'gamma': 0.8391969877359369, 'sigma_update': 0.2494918976367116, 'eta_learning': 0.01580981003588, 'sigma_boundary': 7.2243276916609975, 'alpha': 0.9993653565550202}. Best is trial 14 with value: 0.023878325966052077.
[I 2026-03-06 14:46:15,369] Trial 129 finished with value: 0.06259616602896392 and parameters: {'sigma_noise': 0.11430618548072048, 'A_repulsion': 0.11180050378894607, 'gamma': 0.5932119183676549, 'sigma_update': 0.2378675374369098, 'eta_learning': 0.6644050035044373, 'sigma_boundary': 7.01771991039227, 'alpha': 0.5570589580136952}. Best is trial 14 with value: 0.023878325966052077.
[I 2026-03-06 14:46:55,220] Trial 132 finished with value: 0.06467501023874656 and parameters: {'sigma_noise': 0.11076387161430086, 'A_repulsion': 0.09751382803594821, 'gamma': 0.6078545302940042, 'sigma_update': 0.26072553654408887, 'eta_learning': 0.011289790347340574, 'sigma_boundary': 7.2067135766682915, 'alpha': 0.576003695312822}. Best is trial 14 with value: 0.023878325966052077.
[I 2026-03-06 14:46:56,025] Trial 122 finished with value: 0.030203520201973526 and parameters: {'sigma_noise': 0.20188324932288088, 'A_repulsion': 0.12134047693497259, 'gamma': 0.8690942334000652, 'sigma_update': 0.23392184996047916, 'eta_learning': 0.6725832541935091, 'sigma_boundary': 7.175663669180469, 'alpha': 0.5482060552326637}. Best is trial 14 with value: 0.023878325966052077.
[I 2026-03-06 14:47:07,192] Trial 121 finished with value: 0.05195836484157651 and parameters: {'sigma_noise': 0.20521469264218747, 'A_repulsion': 0.1305815063813947, 'gamma': 0.8633664458107675, 'sigma_update': 0.2560865023770801, 'eta_learning': 0.6955971842835993, 'sigma_boundary': 7.329403204129811, 'alpha': 0.981273100999495}. Best is trial 14 with value: 0.023878325966052077.
[I 2026-03-06 14:47:58,208] Trial 128 finished with value: 0.06619105946602791 and parameters: {'sigma_noise': 0.12107784311905917, 'A_repulsion': 0.1301425255719369, 'gamma': 0.6001814683382983, 'sigma_update': 0.25039174299457545, 'eta_learning': 0.7574964016172332, 'sigma_boundary': 7.1031963755808984, 'alpha': 0.5428026088576571}. Best is trial 14 with value: 0.023878325966052077.
[I 2026-03-06 14:49:45,665] Trial 127 finished with value: 0.05934859512689882 and parameters: {'sigma_noise': 0.20845256950287, 'A_repulsion': 0.13348702013855457, 'gamma': 0.5910719355953786, 'sigma_update': 0.25574929971537513, 'eta_learning': 0.670810021612313, 'sigma_boundary': 7.237466367613301, 'alpha': 0.5740009138685209}. Best is trial 14 with value: 0.023878325966052077.
[I 2026-03-06 14:50:03,718] Trial 142 finished with value: 0.0539185070399497 and parameters: {'sigma_noise': 0.11384453682615864, 'A_repulsion': 0.13776551058594066, 'gamma': 0.5946673259495909, 'sigma_update': 0.5755563714241627, 'eta_learning': 0.10488577647612174, 'sigma_boundary': 7.849010089546094, 'alpha': 0.6435630144154719}. Best is trial 14 with value: 0.023878325966052077.
[I 2026-03-06 14:50:12,195] Trial 125 finished with value: 0.03256356892859964 and parameters: {'sigma_noise': 0.20384534749531028, 'A_repulsion': 0.11586821219425263, 'gamma': 0.847801830022546, 'sigma_update': 0.2484145707451792, 'eta_learning': 0.6734483336962966, 'sigma_boundary': 5.789157785081107, 'alpha': 0.5463374824838495}. Best is trial 14 with value: 0.023878325966052077.
[I 2026-03-06 14:50:31,122] Trial 135 finished with value: 0.044211587896714824 and parameters: {'sigma_noise': 0.2023615558487193, 'A_repulsion': 0.09797039454383434, 'gamma': 0.5836137381980971, 'sigma_update': 0.244528476257333, 'eta_learning': 0.012957828267411044, 'sigma_boundary': 7.260791152014015, 'alpha': 0.5451186280963142}. Best is trial 14 with value: 0.023878325966052077.
[I 2026-03-06 14:50:44,826] Trial 133 finished with value: 0.05856978752151494 and parameters: {'sigma_noise': 0.19836929913095303, 'A_repulsion': 0.09826807443281083, 'gamma': 0.5897153266080863, 'sigma_update': 0.2399198252795384, 'eta_learning': 0.6312470396193355, 'sigma_boundary': 7.110537323552536, 'alpha': 0.5360551339650776}. Best is trial 14 with value: 0.023878325966052077.
[I 2026-03-06 14:50:47,590] Trial 126 finished with value: 0.03211352609268004 and parameters: {'sigma_noise': 0.21220851384633466, 'A_repulsion': 0.12904127056808562, 'gamma': 0.8613764076185965, 'sigma_update': 0.24477014742403533, 'eta_learning': 0.7120935344650571, 'sigma_boundary': 7.066684400496512, 'alpha': 0.5539391246163134}. Best is trial 14 with value: 0.023878325966052077.
[I 2026-03-06 14:50:49,033] Trial 144 finished with value: 0.05490231401593608 and parameters: {'sigma_noise': 0.11566965095079633, 'A_repulsion': 0.09334023969810121, 'gamma': 0.5987278446025178, 'sigma_update': 0.23274514249264408, 'eta_learning': 0.07091174714978282, 'sigma_boundary': 7.886889430875449, 'alpha': 0.5293759695473447}. Best is trial 14 with value: 0.023878325966052077.
[I 2026-03-06 14:50:49,214] Trial 143 finished with value: 0.10499372622984207 and parameters: {'sigma_noise': 0.11733772534692764, 'A_repulsion': 0.13629464861611618, 'gamma': 0.5729540058133682, 'sigma_update': 0.5765425060251841, 'eta_learning': 0.6927527831362619, 'sigma_boundary': 7.647228194377028, 'alpha': 0.6208156922162278}. Best is trial 14 with value: 0.023878325966052077.
[I 2026-03-06 14:50:58,994] Trial 130 finished with value: 0.05913713699620721 and parameters: {'sigma_noise': 0.20260593050136172, 'A_repulsion': 0.1367170421041276, 'gamma': 0.59325443357429, 'sigma_update': 0.25234668368295804, 'eta_learning': 0.6580505651722302, 'sigma_boundary': 7.062961279199957, 'alpha': 0.546466704489342}. Best is trial 14 with value: 0.023878325966052077.
[I 2026-03-06 14:51:07,278] Trial 134 finished with value: 0.034847306972146115 and parameters: {'sigma_noise': 0.20316413868407804, 'A_repulsion': 0.10588255305534006, 'gamma': 0.5818005109781624, 'sigma_update': 0.5803507586411845, 'eta_learning': 0.01028343298817307, 'sigma_boundary': 6.97210108041009, 'alpha': 0.5327056946329467}. Best is trial 14 with value: 0.023878325966052077.
[I 2026-03-06 14:51:21,451] Trial 146 finished with value: 0.07324189245035256 and parameters: {'sigma_noise': 0.10684492270062637, 'A_repulsion': 0.09440059876813815, 'gamma': 0.9338872884907848, 'sigma_update': 0.22637121451625716, 'eta_learning': 0.0853952870934242, 'sigma_boundary': 7.800216101450761, 'alpha': 0.5548350686643619}. Best is trial 14 with value: 0.023878325966052077.
