[I 2026-03-06 12:24:02,083] Trial 117 finished with value: 0.07834680959271384 and parameters: {'sigma_noise': 0.16917743206673683, 'A_repulsion': 0.006675486720451734, 'gamma': 0.9347745200152022, 'sigma_update': 0.5280542837894084, 'eta_learning': 0.26534239276922666, 'sigma_boundary': 8.376478910364465, 'alpha': 0.14904059854203733}. Best is trial 95 with value: 0.0229780885866591.
[I 2026-03-06 12:24:37,861] Trial 109 finished with value: 0.04040321128865901 and parameters: {'sigma_noise': 0.21912001447143337, 'A_repulsion': 0.015432257524261014, 'gamma': 0.8131019146844232, 'sigma_update': 0.5336443267283101, 'eta_learning': 0.6176588245452956, 'sigma_boundary': 8.550183857516046, 'alpha': 0.6508322883239361}. Best is trial 95 with value: 0.0229780885866591.
[I 2026-03-06 12:24:51,190] Trial 114 finished with value: 0.16675911717183886 and parameters: {'sigma_noise': 0.21817424731344992, 'A_repulsion': 0.018236938774635197, 'gamma': 0.9371240595867324, 'sigma_update': 0.5490609490335214, 'eta_learning': 0.2791603768978192, 'sigma_boundary': 8.618671386169327, 'alpha': 0.1391265481623678}. Best is trial 95 with value: 0.0229780885866591.
[I 2026-03-06 12:25:04,820] Trial 86 finished with value: 0.09949326822409996 and parameters: {'sigma_noise': 0.3388263604511492, 'A_repulsion': 0.1831413340570014, 'gamma': 0.9655196076839249, 'sigma_update': 0.4910342037174395, 'eta_learning': 0.14872159428979892, 'sigma_boundary': 6.127739595506024, 'alpha': 0.8734107246690788}. Best is trial 95 with value: 0.0229780885866591.
[I 2026-03-06 12:25:33,784] Trial 116 finished with value: 0.02960491127188771 and parameters: {'sigma_noise': 0.2179677163561104, 'A_repulsion': 0.010701394885466259, 'gamma': 0.9344531307768914, 'sigma_update': 0.5166793369139324, 'eta_learning': 0.2648475196780371, 'sigma_boundary': 8.442306202949595, 'alpha': 0.4370390312598186}. Best is trial 95 with value: 0.0229780885866591.
[I 2026-03-06 12:25:37,198] Trial 119 finished with value: 0.08603319504358196 and parameters: {'sigma_noise': 0.1676875505486337, 'A_repulsion': 0.010371983556285415, 'gamma': 0.9284609952669177, 'sigma_update': 0.46767935791941667, 'eta_learning': 0.2839021382646175, 'sigma_boundary': 8.384728699566729, 'alpha': 0.1325677856669032}. Best is trial 95 with value: 0.0229780885866591.
[I 2026-03-06 12:26:09,549] Trial 118 finished with value: 0.17831555200720578 and parameters: {'sigma_noise': 0.2185487970035636, 'A_repulsion': 0.024083756594597938, 'gamma': 0.9319378761771198, 'sigma_update': 0.5298897770893587, 'eta_learning': 0.29097696248586413, 'sigma_boundary': 8.502396078898476, 'alpha': 0.140365589891332}. Best is trial 95 with value: 0.0229780885866591.
[I 2026-03-06 12:34:40,654] Trial 120 finished with value: 0.028658253917438835 and parameters: {'sigma_noise': 0.17003032873144194, 'A_repulsion': 0.005631582892797936, 'gamma': 0.9334630071087953, 'sigma_update': 0.5325942170126015, 'eta_learning': 0.2627694545857192, 'sigma_boundary': 8.581176838027742, 'alpha': 0.6474588404539013}. Best is trial 95 with value: 0.0229780885866591.
[I 2026-03-06 12:38:17,100] Trial 121 finished with value: 0.024897516102194428 and parameters: {'sigma_noise': 0.21878587993918394, 'A_repulsion': 0.0161987622294403, 'gamma': 0.927873019937264, 'sigma_update': 0.5487320249351303, 'eta_learning': 0.2661268044153998, 'sigma_boundary': 7.14103531100431, 'alpha': 0.6631793806074671}. Best is trial 95 with value: 0.0229780885866591.
[I 2026-03-06 12:40:10,966] Trial 124 finished with value: 0.090898345260647 and parameters: {'sigma_noise': 0.14457858099567641, 'A_repulsion': 0.09327201311644948, 'gamma': 0.9333581023153854, 'sigma_update': 0.5649982524099126, 'eta_learning': 0.27293418934480085, 'sigma_boundary': 8.48307815895651, 'alpha': 0.14217228302843882}. Best is trial 95 with value: 0.0229780885866591.
[I 2026-03-06 12:40:47,248] Trial 123 finished with value: 0.152934067807882 and parameters: {'sigma_noise': 0.1643655435311669, 'A_repulsion': 0.10120514878916255, 'gamma': 0.933406282177385, 'sigma_update': 0.5843480040626289, 'eta_learning': 0.2992215812175836, 'sigma_boundary': 6.312607557776997, 'alpha': 0.1470839281434121}. Best is trial 95 with value: 0.0229780885866591.
[I 2026-03-06 12:41:50,571] Trial 132 finished with value: 0.04274174443860918 and parameters: {'sigma_noise': 0.15342942114064695, 'A_repulsion': 0.014218278569049829, 'gamma': 0.9262513857678261, 'sigma_update': 0.33601391085874927, 'eta_learning': 0.2559664846502543, 'sigma_boundary': 4.30779123538835, 'alpha': 0.7067532490942963}. Best is trial 95 with value: 0.0229780885866591.
[I 2026-03-06 12:42:30,144] Trial 127 finished with value: 0.1415210054088968 and parameters: {'sigma_noise': 0.16052533304139885, 'A_repulsion': 0.09885582662974665, 'gamma': 0.794659197933524, 'sigma_update': 0.46096676880700654, 'eta_learning': 0.3056918041039557, 'sigma_boundary': 6.355002500636478, 'alpha': 0.13666731574948046}. Best is trial 95 with value: 0.0229780885866591.
[I 2026-03-06 12:43:02,321] Trial 128 finished with value: 0.035325205948538774 and parameters: {'sigma_noise': 0.16402849165910327, 'A_repulsion': 0.09348575819657519, 'gamma': 0.9357622079609504, 'sigma_update': 0.5228861867231552, 'eta_learning': 0.3083189840399089, 'sigma_boundary': 4.584016261200311, 'alpha': 0.700161757881996}. Best is trial 95 with value: 0.0229780885866591.
[I 2026-03-06 12:43:23,796] Trial 135 finished with value: 0.0345881821203107 and parameters: {'sigma_noise': 0.1447904214988177, 'A_repulsion': 0.09806336946756278, 'gamma': 0.9275135629027387, 'sigma_update': 0.3420921868461637, 'eta_learning': 0.3600305027859556, 'sigma_boundary': 7.14801887824214, 'alpha': 0.43027923743116175}. Best is trial 95 with value: 0.0229780885866591.
[I 2026-03-06 12:43:29,703] Trial 134 finished with value: 0.05777087148611551 and parameters: {'sigma_noise': 0.15543124044954437, 'A_repulsion': 0.09820046737962093, 'gamma': 0.9270554091362028, 'sigma_update': 0.464475297243758, 'eta_learning': 0.4524465627415787, 'sigma_boundary': 4.677015104322725, 'alpha': 0.4268807778009772}. Best is trial 95 with value: 0.0229780885866591.
[I 2026-03-06 12:43:43,612] Trial 138 finished with value: 0.07277930799893087 and parameters: {'sigma_noise': 0.14341061038209016, 'A_repulsion': 0.08492032345185177, 'gamma': 0.9411069579069554, 'sigma_update': 0.5485293000092601, 'eta_learning': 0.4871394726427769, 'sigma_boundary': 4.600532168770046, 'alpha': 0.43768502402720044}. Best is trial 95 with value: 0.0229780885866591.
[I 2026-03-06 12:43:46,110] Trial 137 finished with value: 0.0750943403989148 and parameters: {'sigma_noise': 0.1438159439194399, 'A_repulsion': 0.09811633882129983, 'gamma': 0.9351772792927568, 'sigma_update': 0.5628588942802999, 'eta_learning': 0.466486530175809, 'sigma_boundary': 4.653768853349975, 'alpha': 0.4318183746723978}. Best is trial 95 with value: 0.0229780885866591.
[I 2026-03-06 12:43:56,298] Trial 129 finished with value: 0.035538120469051686 and parameters: {'sigma_noise': 0.16675384047715355, 'A_repulsion': 0.10258533080977406, 'gamma': 0.9392130755541481, 'sigma_update': 0.5605455350664237, 'eta_learning': 0.35897820602210784, 'sigma_boundary': 4.639200728561339, 'alpha': 0.6871012509828466}. Best is trial 95 with value: 0.0229780885866591.
[I 2026-03-06 12:44:02,791] Trial 136 finished with value: 0.04635321994229921 and parameters: {'sigma_noise': 0.14639355833692613, 'A_repulsion': 0.10253849890168953, 'gamma': 0.9361322716422227, 'sigma_update': 0.34164873719691063, 'eta_learning': 0.4897538577796635, 'sigma_boundary': 4.645324716852949, 'alpha': 0.4154121897950931}. Best is trial 95 with value: 0.0229780885866591.
[I 2026-03-06 12:44:05,033] Trial 130 finished with value: 0.03794581559292433 and parameters: {'sigma_noise': 0.1616741031933708, 'A_repulsion': 0.09774254823204435, 'gamma': 0.9347449722643328, 'sigma_update': 0.46291765134459484, 'eta_learning': 0.28833481915448733, 'sigma_boundary': 4.498291998707051, 'alpha': 0.6884097379535458}. Best is trial 95 with value: 0.0229780885866591.
[I 2026-03-06 12:44:44,797] Trial 140 finished with value: 0.0714755261880489 and parameters: {'sigma_noise': 0.14526299513777996, 'A_repulsion': 0.09676126396794311, 'gamma': 0.9318074818295471, 'sigma_update': 0.5517439049463155, 'eta_learning': 0.45416219818593306, 'sigma_boundary': 4.577993531887632, 'alpha': 0.42784189659110733}. Best is trial 95 with value: 0.0229780885866591.
[I 2026-03-06 12:45:03,535] Trial 142 finished with value: 0.0452068925027068 and parameters: {'sigma_noise': 0.1422840221054696, 'A_repulsion': 0.09980766741096965, 'gamma': 0.9298098483744248, 'sigma_update': 0.4678532128102757, 'eta_learning': 0.454924733218099, 'sigma_boundary': 4.409962930929461, 'alpha': 0.4522826798299531}. Best is trial 95 with value: 0.0229780885866591.
[I 2026-03-06 12:45:06,045] Trial 133 finished with value: 0.04221955084122167 and parameters: {'sigma_noise': 0.15075301158299226, 'A_repulsion': 0.1668100825102632, 'gamma': 0.9269649546059315, 'sigma_update': 0.46687493792706736, 'eta_learning': 0.4728980069352754, 'sigma_boundary': 4.708442077913688, 'alpha': 0.6868095015495239}. Best is trial 95 with value: 0.0229780885866591.
[I 2026-03-06 12:45:07,223] Trial 139 finished with value: 0.0548460355422919 and parameters: {'sigma_noise': 0.14373701881282988, 'A_repulsion': 0.09601659799921426, 'gamma': 0.9373221282498296, 'sigma_update': 0.4644451125298728, 'eta_learning': 0.45361444917668525, 'sigma_boundary': 4.403519479038154, 'alpha': 0.429670596554932}. Best is trial 95 with value: 0.0229780885866591.
[I 2026-03-06 12:45:11,193] Trial 126 finished with value: 0.2357345280020753 and parameters: {'sigma_noise': 0.21947497410798555, 'A_repulsion': 0.09904975361822675, 'gamma': 0.9288262786083127, 'sigma_update': 0.5678709498927934, 'eta_learning': 0.2783791984873626, 'sigma_boundary': 8.45385684412611, 'alpha': 0.13249335583267668}. Best is trial 95 with value: 0.0229780885866591.
[I 2026-03-06 12:45:28,439] Trial 141 finished with value: 0.05368918227346458 and parameters: {'sigma_noise': 0.14230122178713123, 'A_repulsion': 0.09999277328081954, 'gamma': 0.9290420973531331, 'sigma_update': 0.4664266510245304, 'eta_learning': 0.4449653662383031, 'sigma_boundary': 4.810352417143471, 'alpha': 0.41984208688538716}. Best is trial 95 with value: 0.0229780885866591.
[I 2026-03-06 12:45:39,753] Trial 125 finished with value: 0.03496783842719696 and parameters: {'sigma_noise': 0.2206723521359603, 'A_repulsion': 0.1070114438348039, 'gamma': 0.9408572563393818, 'sigma_update': 0.5384546650485137, 'eta_learning': 0.25116578719115484, 'sigma_boundary': 4.517505116051631, 'alpha': 0.4415465159095753}. Best is trial 95 with value: 0.0229780885866591.
[I 2026-03-06 12:46:03,362] Trial 131 finished with value: 0.043598953605533175 and parameters: {'sigma_noise': 0.15308917249538984, 'A_repulsion': 0.17785400947062596, 'gamma': 0.9295307945461959, 'sigma_update': 0.5421491062578531, 'eta_learning': 0.2790428357108602, 'sigma_boundary': 4.299013892975303, 'alpha': 0.701909317119022}. Best is trial 95 with value: 0.0229780885866591.
[I 2026-03-06 12:46:05,928] Trial 122 finished with value: 0.03781892176983834 and parameters: {'sigma_noise': 0.21989852784879962, 'A_repulsion': 0.18169316347614362, 'gamma': 0.7975122830020699, 'sigma_update': 0.545145748426915, 'eta_learning': 0.2700304307796131, 'sigma_boundary': 6.989961405290428, 'alpha': 0.6657664860643893}. Best is trial 95 with value: 0.0229780885866591.
[I 2026-03-06 12:46:13,136] Trial 146 finished with value: 0.04703729066710717 and parameters: {'sigma_noise': 0.14276257811863813, 'A_repulsion': 0.04039240000278266, 'gamma': 0.9471086185814921, 'sigma_update': 0.4619036703040981, 'eta_learning': 0.4609804620428034, 'sigma_boundary': 6.42110383981166, 'alpha': 0.42801858341770427}. Best is trial 95 with value: 0.0229780885866591.
[I 2026-03-06 12:46:51,898] Trial 143 finished with value: 0.05940839135150489 and parameters: {'sigma_noise': 0.14766219585918802, 'A_repulsion': 0.0977237896318883, 'gamma': 0.9280008562504024, 'sigma_update': 0.5521877454985291, 'eta_learning': 0.4246794357653365, 'sigma_boundary': 7.139930238646141, 'alpha': 0.4327220609788942}. Best is trial 95 with value: 0.0229780885866591.
[I 2026-03-06 12:46:54,559] Trial 144 finished with value: 0.038147297065053036 and parameters: {'sigma_noise': 0.14842749382770473, 'A_repulsion': 0.09999913092718496, 'gamma': 0.7699900761189952, 'sigma_update': 0.5724799708973923, 'eta_learning': 0.46471166218146254, 'sigma_boundary': 4.688063543588759, 'alpha': 0.7023309602158324}. Best is trial 95 with value: 0.0229780885866591.
[I 2026-03-06 12:47:03,534] Trial 150 finished with value: 0.03843228412809904 and parameters: {'sigma_noise': 0.1465070303242606, 'A_repulsion': 0.04293742042602921, 'gamma': 0.9507330927192146, 'sigma_update': 0.5815662806420094, 'eta_learning': 0.48715914653981607, 'sigma_boundary': 4.732940244813962, 'alpha': 0.6931588271421325}. Best is trial 95 with value: 0.0229780885866591.
[I 2026-03-06 12:47:11,104] Trial 145 finished with value: 0.06913519282596373 and parameters: {'sigma_noise': 0.1542846410072711, 'A_repulsion': 0.09619772602024952, 'gamma': 0.9507624599958988, 'sigma_update': 0.46592076764854345, 'eta_learning': 0.5125960087645055, 'sigma_boundary': 6.328167495963422, 'alpha': 0.43131043023235704}. Best is trial 95 with value: 0.0229780885866591.
[I 2026-03-06 12:47:27,477] Trial 151 finished with value: 0.1616981799636802 and parameters: {'sigma_noise': 0.14391638539474477, 'A_repulsion': 0.039693081545186984, 'gamma': 0.9512758392950659, 'sigma_update': 0.46260809520638463, 'eta_learning': 0.4769121936953296, 'sigma_boundary': 4.7117566653603395, 'alpha': 0.21421835974644682}. Best is trial 95 with value: 0.0229780885866591.
[I 2026-03-06 12:47:29,059] Trial 154 finished with value: 0.03562536408658831 and parameters: {'sigma_noise': 0.15025017934294077, 'A_repulsion': 0.04088049128447123, 'gamma': 0.7803014874672753, 'sigma_update': 0.5138103314582028, 'eta_learning': 0.4838005596727789, 'sigma_boundary': 4.663141186234722, 'alpha': 0.6915323197361852}. Best is trial 95 with value: 0.0229780885866591.
[I 2026-03-06 12:47:44,183] Trial 148 finished with value: 0.0398337456333195 and parameters: {'sigma_noise': 0.14486101941919288, 'A_repulsion': 0.09531177507476793, 'gamma': 0.9515953374351126, 'sigma_update': 0.4578594027946783, 'eta_learning': 0.47945083219789747, 'sigma_boundary': 4.661428728045149, 'alpha': 0.6964866778182582}. Best is trial 95 with value: 0.0229780885866591.
[I 2026-03-06 12:47:51,281] Trial 153 finished with value: 0.037541512265016896 and parameters: {'sigma_noise': 0.14574099287024958, 'A_repulsion': 0.03981559815350058, 'gamma': 0.7414284294455254, 'sigma_update': 0.4629021878561584, 'eta_learning': 0.3686925472703146, 'sigma_boundary': 7.098642135364693, 'alpha': 0.6908568384260563}. Best is trial 95 with value: 0.0229780885866591.
[I 2026-03-06 12:47:56,195] Trial 155 finished with value: 0.06025033756032476 and parameters: {'sigma_noise': 0.14344729863102493, 'A_repulsion': 0.034011406288152995, 'gamma': 0.9562435310363535, 'sigma_update': 0.5676123417831137, 'eta_learning': 0.43275362330900946, 'sigma_boundary': 4.691359116375896, 'alpha': 0.40923281418168156}. Best is trial 95 with value: 0.0229780885866591.
[I 2026-03-06 12:47:58,619] Trial 149 finished with value: 0.11764374819534486 and parameters: {'sigma_noise': 0.15355050224950234, 'A_repulsion': 0.1030897315360407, 'gamma': 0.8448716111047925, 'sigma_update': 0.5866010273611951, 'eta_learning': 0.4816495413412488, 'sigma_boundary': 4.703557678699009, 'alpha': 0.41135494218491087}. Best is trial 95 with value: 0.0229780885866591.
[I 2026-03-06 12:48:03,163] Trial 147 finished with value: 0.03735763302464601 and parameters: {'sigma_noise': 0.15162778222282927, 'A_repulsion': 0.09941595315034497, 'gamma': 0.7630117457961619, 'sigma_update': 0.5131774333183712, 'eta_learning': 0.3706010244365502, 'sigma_boundary': 4.757421280724005, 'alpha': 0.6906187605457785}. Best is trial 95 with value: 0.0229780885866591.
[I 2026-03-06 12:48:59,350] Trial 157 finished with value: 0.056379368709052184 and parameters: {'sigma_noise': 0.15245343901806918, 'A_repulsion': 0.037354469056835156, 'gamma': 0.7669892645846885, 'sigma_update': 0.4656822698770242, 'eta_learning': 0.4781516990634518, 'sigma_boundary': 4.715198447660949, 'alpha': 0.42537927478825377}. Best is trial 95 with value: 0.0229780885866591.
[I 2026-03-06 12:49:05,783] Trial 158 finished with value: 0.036118878485790415 and parameters: {'sigma_noise': 0.14744012118316363, 'A_repulsion': 0.03801624698631465, 'gamma': 0.7682280855613661, 'sigma_update': 0.5756425652649603, 'eta_learning': 0.4568435828492154, 'sigma_boundary': 6.354369624583116, 'alpha': 0.7126497406349277}. Best is trial 95 with value: 0.0229780885866591.
[I 2026-03-06 12:49:07,453] Trial 152 finished with value: 0.03995046653358632 and parameters: {'sigma_noise': 0.14467526911956946, 'A_repulsion': 0.10608969357092701, 'gamma': 0.7555515891680769, 'sigma_update': 0.576814654891636, 'eta_learning': 0.46590454177088214, 'sigma_boundary': 6.325009438549122, 'alpha': 0.7049959195755845}. Best is trial 95 with value: 0.0229780885866591.
[I 2026-03-06 12:50:00,460] Trial 156 finished with value: 0.03946895901551882 and parameters: {'sigma_noise': 0.151039655498222, 'A_repulsion': 0.10668121541816374, 'gamma': 0.7421918932189706, 'sigma_update': 0.579657173355298, 'eta_learning': 0.4350304731315153, 'sigma_boundary': 4.781704026987111, 'alpha': 0.6839657362313424}. Best is trial 95 with value: 0.0229780885866591.
[I 2026-03-06 12:50:28,524] Trial 159 finished with value: 0.060725473171776706 and parameters: {'sigma_noise': 0.14871805717308328, 'A_repulsion': 0.1114075685845011, 'gamma': 0.8471019804371934, 'sigma_update': 0.5118038590811032, 'eta_learning': 0.43072215491077237, 'sigma_boundary': 4.766393337714119, 'alpha': 0.43325838893733115}. Best is trial 95 with value: 0.0229780885866591.
[I 2026-03-06 12:57:37,500] Trial 160 finished with value: 0.03797499192761845 and parameters: {'sigma_noise': 0.14594268860188683, 'A_repulsion': 0.04249046673921182, 'gamma': 0.7818936085754441, 'sigma_update': 0.6342125611652296, 'eta_learning': 0.4840363106079784, 'sigma_boundary': 4.748033234233504, 'alpha': 0.6870985227403555}. Best is trial 95 with value: 0.0229780885866591.
[I 2026-03-06 13:02:11,160] Trial 161 finished with value: 0.03884158620026735 and parameters: {'sigma_noise': 0.14388427969157636, 'A_repulsion': 0.03849459004245534, 'gamma': 0.7768391115021165, 'sigma_update': 0.5813945904395997, 'eta_learning': 0.4463255836016954, 'sigma_boundary': 8.998600143094855, 'alpha': 0.6889397148949749}. Best is trial 95 with value: 0.0229780885866591.
[I 2026-03-06 13:02:46,846] Trial 162 finished with value: 0.03710303468519434 and parameters: {'sigma_noise': 0.1479291444637116, 'A_repulsion': 0.037124115808585774, 'gamma': 0.7395077239725127, 'sigma_update': 0.5763713945375518, 'eta_learning': 0.4504137888980931, 'sigma_boundary': 7.026701749430699, 'alpha': 0.6925928429318545}. Best is trial 95 with value: 0.0229780885866591.
[I 2026-03-06 13:03:40,811] Trial 163 finished with value: 0.03635368587853567 and parameters: {'sigma_noise': 0.15211806624647756, 'A_repulsion': 0.03925442778133351, 'gamma': 0.7686469643704043, 'sigma_update': 0.6362137237345523, 'eta_learning': 0.40705529511159955, 'sigma_boundary': 8.992374544538574, 'alpha': 0.694430292663792}. Best is trial 95 with value: 0.0229780885866591.
[I 2026-03-06 13:04:11,895] Trial 165 finished with value: 0.0415782896467333 and parameters: {'sigma_noise': 0.1330404100254948, 'A_repulsion': 0.037079966613171186, 'gamma': 0.7732502567089032, 'sigma_update': 0.6311658938771431, 'eta_learning': 0.46156069037965375, 'sigma_boundary': 9.116726230531754, 'alpha': 0.6928677223894}. Best is trial 95 with value: 0.0229780885866591.
[I 2026-03-06 13:04:13,142] Trial 164 finished with value: 0.05444504172223991 and parameters: {'sigma_noise': 0.13515291365299587, 'A_repulsion': 0.04028872205249473, 'gamma': 0.7509423703713346, 'sigma_update': 0.5160500365176948, 'eta_learning': 0.4744956442817646, 'sigma_boundary': 8.877917012408064, 'alpha': 0.44885652718351776}. Best is trial 95 with value: 0.0229780885866591.
[I 2026-03-06 13:04:50,707] Trial 170 finished with value: 0.0380441533816724 and parameters: {'sigma_noise': 0.13051151411621353, 'A_repulsion': 0.03751470981895362, 'gamma': 0.8488527721100734, 'sigma_update': 0.5823747096691382, 'eta_learning': 0.377447185468113, 'sigma_boundary': 9.006980340956794, 'alpha': 0.6271947819287755}. Best is trial 95 with value: 0.0229780885866591.
[I 2026-03-06 13:05:07,078] Trial 169 finished with value: 0.0371454994245438 and parameters: {'sigma_noise': 0.13531245236118805, 'A_repulsion': 0.03858936395877366, 'gamma': 0.7442156860164656, 'sigma_update': 0.5748050556110136, 'eta_learning': 0.3645276174232501, 'sigma_boundary': 9.572072883214668, 'alpha': 0.626159899524574}. Best is trial 95 with value: 0.0229780885866591.
[I 2026-03-06 13:06:06,137] Trial 173 finished with value: 0.03991611363795018 and parameters: {'sigma_noise': 0.13214465729558433, 'A_repulsion': 0.040671693552965904, 'gamma': 0.7619051143263496, 'sigma_update': 0.2951570942221619, 'eta_learning': 0.3864707080077208, 'sigma_boundary': 6.96923114921953, 'alpha': 0.6190957780469175}. Best is trial 95 with value: 0.0229780885866591.
[I 2026-03-06 13:06:30,851] Trial 179 finished with value: 0.04336494818834459 and parameters: {'sigma_noise': 0.13091314975932752, 'A_repulsion': 0.03728448009831012, 'gamma': 0.7610583311467293, 'sigma_update': 0.5110307431293656, 'eta_learning': 0.5606914057697051, 'sigma_boundary': 9.025294072772901, 'alpha': 0.6211736593672599}. Best is trial 95 with value: 0.0229780885866591.
