[I 2026-03-06 14:51:27,457] Trial 131 finished with value: 0.06020416845305897 and parameters: {'sigma_noise': 0.19608022603436262, 'A_repulsion': 0.1335981968379452, 'gamma': 0.5868082944471911, 'sigma_update': 0.24727125552833587, 'eta_learning': 0.7111282204496301, 'sigma_boundary': 7.147171058731017, 'alpha': 0.5526538201525836}. Best is trial 14 with value: 0.023878325966052077.
[I 2026-03-06 14:52:09,034] Trial 141 finished with value: 0.19006540567763583 and parameters: {'sigma_noise': 0.1943450526545465, 'A_repulsion': 0.09688523762548672, 'gamma': 0.5868828920778015, 'sigma_update': 0.5725344725085336, 'eta_learning': 0.6397495023834954, 'sigma_boundary': 9.31067051391036, 'alpha': 0.5428069657459065}. Best is trial 14 with value: 0.023878325966052077.
[I 2026-03-06 14:52:12,925] Trial 140 finished with value: 0.0390059711512934 and parameters: {'sigma_noise': 0.19869243780549475, 'A_repulsion': 0.10208695728160518, 'gamma': 0.5875532769820644, 'sigma_update': 0.5712353014400886, 'eta_learning': 0.011101653414938531, 'sigma_boundary': 7.8574497984704825, 'alpha': 0.6425710333754635}. Best is trial 14 with value: 0.023878325966052077.
[I 2026-03-06 14:52:13,997] Trial 139 finished with value: 0.04966391678153489 and parameters: {'sigma_noise': 0.2015982436838807, 'A_repulsion': 0.09908471661849348, 'gamma': 0.5770912701487154, 'sigma_update': 0.5744763327849615, 'eta_learning': 0.07662905607847548, 'sigma_boundary': 7.736966815835641, 'alpha': 0.5412282235622835}. Best is trial 14 with value: 0.023878325966052077.
[I 2026-03-06 14:52:21,656] Trial 136 finished with value: 0.04261564316078589 and parameters: {'sigma_noise': 0.19546123822406805, 'A_repulsion': 0.1374850314119711, 'gamma': 0.8505175196515831, 'sigma_update': 0.5713519521032455, 'eta_learning': 0.027351230669366348, 'sigma_boundary': 6.957967683150083, 'alpha': 0.6338491230236214}. Best is trial 14 with value: 0.023878325966052077.
[I 2026-03-06 14:52:43,599] Trial 138 finished with value: 0.03249739375303705 and parameters: {'sigma_noise': 0.20178260548322424, 'A_repulsion': 0.10470253875881658, 'gamma': 0.8487282964124612, 'sigma_update': 0.23778635675449386, 'eta_learning': 0.6298625961178018, 'sigma_boundary': 7.740044864464026, 'alpha': 0.5387954581321536}. Best is trial 14 with value: 0.023878325966052077.
[I 2026-03-06 14:52:46,868] Trial 137 finished with value: 0.04875895245693491 and parameters: {'sigma_noise': 0.20391868088114118, 'A_repulsion': 0.14011956847478185, 'gamma': 0.8404724501811711, 'sigma_update': 0.22634225632123917, 'eta_learning': 0.040364151372056956, 'sigma_boundary': 5.888458480152739, 'alpha': 0.6512081113335478}. Best is trial 14 with value: 0.023878325966052077.
[I 2026-03-06 14:52:57,135] Trial 145 finished with value: 0.03368593728465566 and parameters: {'sigma_noise': 0.1914324439126145, 'A_repulsion': 0.09755297625288933, 'gamma': 0.8367899700811174, 'sigma_update': 0.23134039504309176, 'eta_learning': 0.10523391374865773, 'sigma_boundary': 7.877325705204746, 'alpha': 0.5413862905685215}. Best is trial 14 with value: 0.023878325966052077.
[I 2026-03-06 14:55:37,206] Trial 148 finished with value: 0.041115313216907395 and parameters: {'sigma_noise': 0.22960380393541963, 'A_repulsion': 0.09590607871938367, 'gamma': 0.9358970822478966, 'sigma_update': 0.5801657317752662, 'eta_learning': 0.09892280409365597, 'sigma_boundary': 7.506094571502382, 'alpha': 0.8110280061547285}. Best is trial 14 with value: 0.023878325966052077.
[I 2026-03-06 14:55:49,126] Trial 147 finished with value: 0.0457591696858716 and parameters: {'sigma_noise': 0.22275478512704755, 'A_repulsion': 0.13864570403179607, 'gamma': 0.930095643413928, 'sigma_update': 0.23305794397666896, 'eta_learning': 0.07998675137755523, 'sigma_boundary': 7.758090142193889, 'alpha': 0.6345104208924583}. Best is trial 14 with value: 0.023878325966052077.
[I 2026-03-06 14:56:16,306] Trial 150 finished with value: 0.052344177263290215 and parameters: {'sigma_noise': 0.23727212975013473, 'A_repulsion': 0.09628001168805704, 'gamma': 0.9205955447600341, 'sigma_update': 0.4687108591692881, 'eta_learning': 0.09795450969553735, 'sigma_boundary': 7.906334396641063, 'alpha': 0.9498890349174947}. Best is trial 14 with value: 0.023878325966052077.
[I 2026-03-06 14:56:31,877] Trial 149 finished with value: 0.058475046730214766 and parameters: {'sigma_noise': 0.2228711165905071, 'A_repulsion': 0.09008918543015076, 'gamma': 0.9254200491908227, 'sigma_update': 0.5802895982042029, 'eta_learning': 0.7147727106463506, 'sigma_boundary': 7.9573151761972305, 'alpha': 0.6446777379146297}. Best is trial 14 with value: 0.023878325966052077.
[I 2026-03-06 14:56:57,783] Trial 152 finished with value: 0.03388910312945187 and parameters: {'sigma_noise': 0.2210208510163969, 'A_repulsion': 0.09456084024497938, 'gamma': 0.8402698336477914, 'sigma_update': 0.22918816217941473, 'eta_learning': 0.2767021811163552, 'sigma_boundary': 7.689626965058442, 'alpha': 0.6397719961307393}. Best is trial 14 with value: 0.023878325966052077.
[I 2026-03-06 14:57:04,973] Trial 151 finished with value: 0.03483325687495181 and parameters: {'sigma_noise': 0.22697771396042069, 'A_repulsion': 0.09953238798581002, 'gamma': 0.8425612665362323, 'sigma_update': 0.15763122684129274, 'eta_learning': 0.2676050954078578, 'sigma_boundary': 7.752776476263115, 'alpha': 0.5404051165074818}. Best is trial 14 with value: 0.023878325966052077.
[I 2026-03-06 14:57:39,579] Trial 155 finished with value: 0.04254854033358897 and parameters: {'sigma_noise': 0.2249130597651501, 'A_repulsion': 0.09253196119975758, 'gamma': 0.9304250277693293, 'sigma_update': 0.5684659391623347, 'eta_learning': 0.286702421455627, 'sigma_boundary': 7.881053967615528, 'alpha': 0.5431897987366324}. Best is trial 14 with value: 0.023878325966052077.
[I 2026-03-06 14:57:43,352] Trial 154 finished with value: 0.04741597789654506 and parameters: {'sigma_noise': 0.22421607950696407, 'A_repulsion': 0.10207144317724695, 'gamma': 0.9343065713855829, 'sigma_update': 0.22655419323470985, 'eta_learning': 0.277719401045932, 'sigma_boundary': 7.803643361783457, 'alpha': 0.8988581059815336}. Best is trial 14 with value: 0.023878325966052077.
[I 2026-03-06 14:58:05,328] Trial 153 finished with value: 0.04688293307044888 and parameters: {'sigma_noise': 0.2249459276484442, 'A_repulsion': 0.1019192506288434, 'gamma': 0.9290185120550548, 'sigma_update': 0.228396570619482, 'eta_learning': 0.27717723752513257, 'sigma_boundary': 7.810489371446736, 'alpha': 0.8995839300942836}. Best is trial 14 with value: 0.023878325966052077.
[I 2026-03-06 14:59:03,186] Trial 156 finished with value: 0.02583696543068847 and parameters: {'sigma_noise': 0.22302067116728339, 'A_repulsion': 0.09827904632144294, 'gamma': 0.930645098584254, 'sigma_update': 0.33476571218717516, 'eta_learning': 0.2807816176678214, 'sigma_boundary': 7.892566935057136, 'alpha': 0.5416542212662491}. Best is trial 14 with value: 0.023878325966052077.
[I 2026-03-06 14:59:14,085] Trial 159 finished with value: 0.03227721580711551 and parameters: {'sigma_noise': 0.22295420038113908, 'A_repulsion': 0.09641690436556698, 'gamma': 0.9263289789880251, 'sigma_update': 0.14393559713209453, 'eta_learning': 0.2631869648051907, 'sigma_boundary': 7.804485004332529, 'alpha': 0.5329755044924828}. Best is trial 14 with value: 0.023878325966052077.
[I 2026-03-06 14:59:19,496] Trial 158 finished with value: 0.029916144669191375 and parameters: {'sigma_noise': 0.22627763721179553, 'A_repulsion': 0.09763518426167142, 'gamma': 0.9336288715766698, 'sigma_update': 0.22079643350877345, 'eta_learning': 0.21791017118171113, 'sigma_boundary': 7.771109714197293, 'alpha': 0.5269037223656927}. Best is trial 14 with value: 0.023878325966052077.
[I 2026-03-06 14:59:28,806] Trial 157 finished with value: 0.026082863091955143 and parameters: {'sigma_noise': 0.22346052985252773, 'A_repulsion': 0.10414756063181718, 'gamma': 0.927187885641305, 'sigma_update': 0.22420313715921317, 'eta_learning': 0.6475966856072739, 'sigma_boundary': 7.691772766526005, 'alpha': 0.6249499992333999}. Best is trial 14 with value: 0.023878325966052077.
[I 2026-03-06 15:09:05,601] Trial 160 finished with value: 0.02881909216583526 and parameters: {'sigma_noise': 0.22418657047406435, 'A_repulsion': 0.09721488362484573, 'gamma': 0.9430593198235914, 'sigma_update': 0.216987482980574, 'eta_learning': 0.26417288415102, 'sigma_boundary': 7.863766663918395, 'alpha': 0.5323590653063482}. Best is trial 14 with value: 0.023878325966052077.
[I 2026-03-06 15:09:58,771] Trial 163 finished with value: 0.028161167220684152 and parameters: {'sigma_noise': 0.2382539011749661, 'A_repulsion': 0.03267369035877133, 'gamma': 0.9229547959846135, 'sigma_update': 0.1488749391918605, 'eta_learning': 0.2799499522196115, 'sigma_boundary': 7.716869430002466, 'alpha': 0.5308779023326863}. Best is trial 14 with value: 0.023878325966052077.
[I 2026-03-06 15:10:08,812] Trial 161 finished with value: 0.0321159685386179 and parameters: {'sigma_noise': 0.22618660339313038, 'A_repulsion': 0.09929855997939596, 'gamma': 0.9250224105548671, 'sigma_update': 0.14942115071254314, 'eta_learning': 0.2783662552872493, 'sigma_boundary': 7.6991879721970395, 'alpha': 0.5468592860156887}. Best is trial 14 with value: 0.023878325966052077.
[I 2026-03-06 15:10:20,802] Trial 164 finished with value: 0.03703368760856664 and parameters: {'sigma_noise': 0.23922436456171553, 'A_repulsion': 0.02139068635582675, 'gamma': 0.9296950049748663, 'sigma_update': 0.2015955861265756, 'eta_learning': 0.23096355303052635, 'sigma_boundary': 7.811777881934645, 'alpha': 0.7720528000927812}. Best is trial 14 with value: 0.023878325966052077.
[I 2026-03-06 15:11:01,242] Trial 162 finished with value: 0.03316994206461699 and parameters: {'sigma_noise': 0.22400414958772205, 'A_repulsion': 0.09933205302245093, 'gamma': 0.9427323585160214, 'sigma_update': 0.1650377103403534, 'eta_learning': 0.26573832414526943, 'sigma_boundary': 7.751197444977572, 'alpha': 0.5447160646558952}. Best is trial 14 with value: 0.023878325966052077.
[I 2026-03-06 15:11:06,784] Trial 166 finished with value: 0.029255898879685254 and parameters: {'sigma_noise': 0.2375156897963579, 'A_repulsion': 0.026823748256180516, 'gamma': 0.9270617072287941, 'sigma_update': 0.152051401585291, 'eta_learning': 0.2595248827968712, 'sigma_boundary': 7.784693030896997, 'alpha': 0.55046557543885}. Best is trial 14 with value: 0.023878325966052077.
[I 2026-03-06 15:11:38,781] Trial 165 finished with value: 0.032465822305708096 and parameters: {'sigma_noise': 0.236777263933382, 'A_repulsion': 0.06256422657812807, 'gamma': 0.9273580029212628, 'sigma_update': 0.13769826004354865, 'eta_learning': 0.22012474942843188, 'sigma_boundary': 7.768768410979796, 'alpha': 0.5447997250858126}. Best is trial 14 with value: 0.023878325966052077.
[I 2026-03-06 15:12:08,812] Trial 167 finished with value: 0.03319166524788921 and parameters: {'sigma_noise': 0.2371626746537063, 'A_repulsion': 0.026768072533189143, 'gamma': 0.9218279163663586, 'sigma_update': 0.16187921899791535, 'eta_learning': 0.26731826219835797, 'sigma_boundary': 7.709350997850997, 'alpha': 0.6376822318389281}. Best is trial 14 with value: 0.023878325966052077.
[I 2026-03-06 15:13:04,525] Trial 169 finished with value: 0.03178045747330228 and parameters: {'sigma_noise': 0.23084316319163312, 'A_repulsion': 0.028998659897953416, 'gamma': 0.9259453075692413, 'sigma_update': 0.14431228862601278, 'eta_learning': 0.2364523590168159, 'sigma_boundary': 7.817198875606883, 'alpha': 0.6171459172543774}. Best is trial 14 with value: 0.023878325966052077.
[I 2026-03-06 15:13:15,279] Trial 168 finished with value: 0.03205073740068585 and parameters: {'sigma_noise': 0.2367677867122882, 'A_repulsion': 0.03287642828925903, 'gamma': 0.9259948159323833, 'sigma_update': 0.13890739085671439, 'eta_learning': 0.27107457012949077, 'sigma_boundary': 7.761875569896195, 'alpha': 0.6374352173648851}. Best is trial 14 with value: 0.023878325966052077.
[I 2026-03-06 15:13:30,217] Trial 173 finished with value: 0.03155459179867909 and parameters: {'sigma_noise': 0.23704978640106522, 'A_repulsion': 0.030554591900105007, 'gamma': 0.9317999366256952, 'sigma_update': 0.1624562978416631, 'eta_learning': 0.27442914069031316, 'sigma_boundary': 7.769339538339161, 'alpha': 0.6132803688856397}. Best is trial 14 with value: 0.023878325966052077.
[I 2026-03-06 15:13:45,221] Trial 175 finished with value: 0.033579393146074346 and parameters: {'sigma_noise': 0.23866921327907334, 'A_repulsion': 0.039336684138179014, 'gamma': 0.9262289058406216, 'sigma_update': 0.15036267937044492, 'eta_learning': 0.23456523979979185, 'sigma_boundary': 6.803636631380914, 'alpha': 0.6074354545809264}. Best is trial 14 with value: 0.023878325966052077.
[I 2026-03-06 15:13:51,636] Trial 170 finished with value: 0.03172463115554924 and parameters: {'sigma_noise': 0.2437174642792968, 'A_repulsion': 0.05876553775977532, 'gamma': 0.9177196542250201, 'sigma_update': 0.20346941998475382, 'eta_learning': 0.24719080601853025, 'sigma_boundary': 6.842765775466713, 'alpha': 0.5318899467672411}. Best is trial 14 with value: 0.023878325966052077.
[I 2026-03-06 15:14:06,293] Trial 171 finished with value: 0.030982830315996475 and parameters: {'sigma_noise': 0.24076560868813368, 'A_repulsion': 0.03612258515680392, 'gamma': 0.9381454147401239, 'sigma_update': 0.1499642165198393, 'eta_learning': 0.24526179596751438, 'sigma_boundary': 7.8881986636275725, 'alpha': 0.5286289026985477}. Best is trial 14 with value: 0.023878325966052077.
[I 2026-03-06 15:14:28,033] Trial 172 finished with value: 0.030409477816106756 and parameters: {'sigma_noise': 0.23560379987429536, 'A_repulsion': 0.031015560084947852, 'gamma': 0.9310381225056582, 'sigma_update': 0.2019462162836479, 'eta_learning': 0.17817569875533407, 'sigma_boundary': 7.744714782296218, 'alpha': 0.5268769634046456}. Best is trial 14 with value: 0.023878325966052077.
[I 2026-03-06 15:14:34,733] Trial 179 finished with value: 0.03629050820764211 and parameters: {'sigma_noise': 0.23211394345082514, 'A_repulsion': 0.032501413288969064, 'gamma': 0.8319378004518353, 'sigma_update': 0.1550773503400665, 'eta_learning': 0.9807437806757321, 'sigma_boundary': 5.991297056608165, 'alpha': 0.6070181725066075}. Best is trial 14 with value: 0.023878325966052077.
[I 2026-03-06 15:14:36,016] Trial 184 finished with value: 0.02887422525597099 and parameters: {'sigma_noise': 0.22087962373360223, 'A_repulsion': 0.03492966068160977, 'gamma': 0.9283221912743161, 'sigma_update': 0.16061850531982125, 'eta_learning': 0.25239390993086785, 'sigma_boundary': 6.88526304046157, 'alpha': 0.5974855259014398}. Best is trial 14 with value: 0.023878325966052077.
[I 2026-03-06 15:14:41,931] Trial 174 finished with value: 0.03245161184556396 and parameters: {'sigma_noise': 0.22057121634815477, 'A_repulsion': 0.08370622592851698, 'gamma': 0.8362617281922498, 'sigma_update': 0.2177073613316884, 'eta_learning': 0.9453238921536381, 'sigma_boundary': 6.926290032434939, 'alpha': 0.5963326056742377}. Best is trial 14 with value: 0.023878325966052077.
[I 2026-03-06 15:14:43,810] Trial 176 finished with value: 0.030860767246793486 and parameters: {'sigma_noise': 0.2415479813182801, 'A_repulsion': 0.08043361426276162, 'gamma': 0.918467404106638, 'sigma_update': 0.1565288073121545, 'eta_learning': 0.27988320082290197, 'sigma_boundary': 5.953821849470462, 'alpha': 0.5166308375074582}. Best is trial 14 with value: 0.023878325966052077.
[I 2026-03-06 15:14:53,511] Trial 178 finished with value: 0.033740186677485254 and parameters: {'sigma_noise': 0.23187925062489034, 'A_repulsion': 0.06388676100177938, 'gamma': 0.9172021678145295, 'sigma_update': 0.15742107310702202, 'eta_learning': 0.26355469935173903, 'sigma_boundary': 5.729025917068776, 'alpha': 0.5994918050854484}. Best is trial 14 with value: 0.023878325966052077.
[I 2026-03-06 15:15:04,875] Trial 182 finished with value: 0.030221299394761925 and parameters: {'sigma_noise': 0.22024366562535558, 'A_repulsion': 0.03977462804250244, 'gamma': 0.9250569111615994, 'sigma_update': 0.19400886063701736, 'eta_learning': 0.24279854158223255, 'sigma_boundary': 6.838230006671494, 'alpha': 0.5966781134665677}. Best is trial 14 with value: 0.023878325966052077.
[I 2026-03-06 15:15:06,205] Trial 177 finished with value: 0.03491240948888456 and parameters: {'sigma_noise': 0.24202802940439538, 'A_repulsion': 0.0646258573893305, 'gamma': 0.9220455043460831, 'sigma_update': 0.1512535318362187, 'eta_learning': 0.2473916897467288, 'sigma_boundary': 5.901353980363386, 'alpha': 0.5989036967540103}. Best is trial 14 with value: 0.023878325966052077.
[I 2026-03-06 15:15:10,007] Trial 183 finished with value: 0.034448536442467634 and parameters: {'sigma_noise': 0.24228421680105547, 'A_repulsion': 0.029782584841577083, 'gamma': 0.9188510578126647, 'sigma_update': 0.15888733780998443, 'eta_learning': 0.2041926918430207, 'sigma_boundary': 6.759645649170294, 'alpha': 0.6045727785073622}. Best is trial 14 with value: 0.023878325966052077.
[I 2026-03-06 15:15:11,076] Trial 181 finished with value: 0.03809425127312512 and parameters: {'sigma_noise': 0.2445111610235855, 'A_repulsion': 0.040711119158663996, 'gamma': 0.8313766923509396, 'sigma_update': 0.13178306646157317, 'eta_learning': 0.25770044609349474, 'sigma_boundary': 6.829613806503887, 'alpha': 0.5236235450849999}. Best is trial 14 with value: 0.023878325966052077.
[I 2026-03-06 15:15:19,123] Trial 180 finished with value: 0.036155339145158776 and parameters: {'sigma_noise': 0.2384381350932308, 'A_repulsion': 0.06318752760218196, 'gamma': 0.8315955331693875, 'sigma_update': 0.15506139859858686, 'eta_learning': 0.2400053631939107, 'sigma_boundary': 6.840157880477191, 'alpha': 0.5223744875794853}. Best is trial 14 with value: 0.023878325966052077.
[I 2026-03-06 15:15:23,754] Trial 185 finished with value: 0.026805003673689293 and parameters: {'sigma_noise': 0.23653569739562294, 'A_repulsion': 0.03086446897355212, 'gamma': 0.9162953337410344, 'sigma_update': 0.1581757170858501, 'eta_learning': 0.9678688120021253, 'sigma_boundary': 6.825826711871636, 'alpha': 0.6018304527718633}. Best is trial 14 with value: 0.023878325966052077.
[I 2026-03-06 15:15:30,826] Trial 186 finished with value: 0.026416640428728128 and parameters: {'sigma_noise': 0.23967580045383188, 'A_repulsion': 0.03847807951281877, 'gamma': 0.9162296199179537, 'sigma_update': 0.17451528191605659, 'eta_learning': 0.9960985416346853, 'sigma_boundary': 6.7571141537726165, 'alpha': 0.5958077674011487}. Best is trial 14 with value: 0.023878325966052077.
[I 2026-03-06 15:15:55,403] Trial 190 finished with value: 0.025030437531560534 and parameters: {'sigma_noise': 0.1870007187324564, 'A_repulsion': 0.01428802961425675, 'gamma': 0.9660527780849056, 'sigma_update': 0.2028079291199738, 'eta_learning': 0.26189721643402075, 'sigma_boundary': 6.787765593482186, 'alpha': 0.6017268690235301}. Best is trial 14 with value: 0.023878325966052077.
[I 2026-03-06 15:16:35,737] Trial 187 finished with value: 0.0297217805618558 and parameters: {'sigma_noise': 0.24836361393772874, 'A_repulsion': 0.037433866768718654, 'gamma': 0.9279083065179998, 'sigma_update': 0.1662877432736255, 'eta_learning': 0.9447467721592642, 'sigma_boundary': 8.049768889167126, 'alpha': 0.6180808518661876}. Best is trial 14 with value: 0.023878325966052077.
[I 2026-03-06 15:16:39,975] Trial 189 finished with value: 0.031219312729550936 and parameters: {'sigma_noise': 0.2445681175704914, 'A_repulsion': 0.03421663748943031, 'gamma': 0.9844171796681811, 'sigma_update': 0.16273866116781266, 'eta_learning': 0.25372192439008956, 'sigma_boundary': 6.788556353234647, 'alpha': 0.5952093026853473}. Best is trial 14 with value: 0.023878325966052077.
[I 2026-03-06 15:16:41,769] Trial 188 finished with value: 0.03419444567611826 and parameters: {'sigma_noise': 0.23737250577034452, 'A_repulsion': 0.07481709149219423, 'gamma': 0.9134150677621303, 'sigma_update': 0.19517358985720962, 'eta_learning': 0.27364269724868406, 'sigma_boundary': 8.007047445889544, 'alpha': 0.5970200329717245}. Best is trial 14 with value: 0.023878325966052077.
[I 2026-03-06 15:16:49,737] Trial 194 finished with value: 0.023007481088766032 and parameters: {'sigma_noise': 0.23490737376677132, 'A_repulsion': 0.026757708693503714, 'gamma': 0.9732678501329879, 'sigma_update': 0.14683055446706345, 'eta_learning': 0.9583616195522792, 'sigma_boundary': 6.83965819105223, 'alpha': 0.6023179027615763}. Best is trial 194 with value: 0.023007481088766032.
[I 2026-03-06 15:16:53,451] Trial 191 finished with value: 0.02578383026496932 and parameters: {'sigma_noise': 0.2502988291989174, 'A_repulsion': 0.02556513801566998, 'gamma': 0.9646389517773682, 'sigma_update': 0.20477663360875703, 'eta_learning': 0.9494446966875609, 'sigma_boundary': 6.84335394358059, 'alpha': 0.6072236457477128}. Best is trial 194 with value: 0.023007481088766032.
[I 2026-03-06 15:16:58,292] Trial 192 finished with value: 0.04103189805324531 and parameters: {'sigma_noise': 0.2532949320171304, 'A_repulsion': 0.0631573547124587, 'gamma': 0.8217846208632338, 'sigma_update': 0.19977799358526532, 'eta_learning': 0.22095255716994952, 'sigma_boundary': 6.853647573003627, 'alpha': 0.6076986197061759}. Best is trial 194 with value: 0.023007481088766032.
[I 2026-03-06 15:17:03,664] Trial 195 finished with value: 0.024398734141300248 and parameters: {'sigma_noise': 0.24905163875582834, 'A_repulsion': 0.027996029951753, 'gamma': 0.9718464029679694, 'sigma_update': 0.1627409042011848, 'eta_learning': 0.9342754308907366, 'sigma_boundary': 6.903297088529434, 'alpha': 0.6099091451481066}. Best is trial 194 with value: 0.023007481088766032.
