[I 2026-03-06 05:34:25,513] Trial 169 finished with value: 0.02116445711944165 and parameters: {'sigma_noise': 0.25349396117711376, 'A_repulsion': 0.17688422768510825, 'gamma': 0.7953891214594878, 'sigma_update': 0.16512491297336385, 'eta_learning': 0.8195051859101667, 'sigma_boundary': 1.4077003337983816, 'alpha': 0.5803578697364253}. Best is trial 120 with value: 0.012936071589361806.
[I 2026-03-06 05:34:30,389] Trial 167 finished with value: 0.02137742988567269 and parameters: {'sigma_noise': 0.2551461986079909, 'A_repulsion': 0.18205281480414331, 'gamma': 0.7945929272762177, 'sigma_update': 0.17222438373818105, 'eta_learning': 0.8220291206822172, 'sigma_boundary': 1.4076169266566505, 'alpha': 0.7707539608889932}. Best is trial 120 with value: 0.012936071589361806.
[I 2026-03-06 05:34:36,864] Trial 170 finished with value: 0.01660507620995398 and parameters: {'sigma_noise': 0.2532169510092908, 'A_repulsion': 0.1717019878797913, 'gamma': 0.8364994424029653, 'sigma_update': 0.16989548147169492, 'eta_learning': 0.8186736433487335, 'sigma_boundary': 1.4035271527996842, 'alpha': 0.773710171498953}. Best is trial 120 with value: 0.012936071589361806.
[I 2026-03-06 05:34:40,340] Trial 173 finished with value: 0.01539396468135961 and parameters: {'sigma_noise': 0.2526080714092686, 'A_repulsion': 0.177792432273997, 'gamma': 0.8002694944327087, 'sigma_update': 0.1869577214068972, 'eta_learning': 0.8625135620473551, 'sigma_boundary': 0.4989334850629864, 'alpha': 0.5899685611774822}. Best is trial 120 with value: 0.012936071589361806.
[I 2026-03-06 05:34:48,119] Trial 172 finished with value: 0.0205982635665444 and parameters: {'sigma_noise': 0.2537647685465527, 'A_repulsion': 0.1726908778803632, 'gamma': 0.8060339192406857, 'sigma_update': 0.1690911411403418, 'eta_learning': 0.8716648338130012, 'sigma_boundary': 0.46829676367232304, 'alpha': 0.7702297546644092}. Best is trial 120 with value: 0.012936071589361806.
[I 2026-03-06 05:35:00,091] Trial 171 finished with value: 0.018462461939117797 and parameters: {'sigma_noise': 0.2579180042183804, 'A_repulsion': 0.17766006424413092, 'gamma': 0.820987830855812, 'sigma_update': 0.1767999498019353, 'eta_learning': 0.8139943889339609, 'sigma_boundary': 1.3649717997449367, 'alpha': 0.7915760026858464}. Best is trial 120 with value: 0.012936071589361806.
[I 2026-03-06 05:35:32,413] Trial 174 finished with value: 0.023011496685357877 and parameters: {'sigma_noise': 0.2754266122516661, 'A_repulsion': 0.1731489109513209, 'gamma': 0.809797513084706, 'sigma_update': 0.18359567830438436, 'eta_learning': 0.8263550029460538, 'sigma_boundary': 0.42753030723549806, 'alpha': 0.773852811505143}. Best is trial 120 with value: 0.012936071589361806.
[I 2026-03-06 05:35:47,392] Trial 175 finished with value: 0.02658676703861915 and parameters: {'sigma_noise': 0.2778276540357903, 'A_repulsion': 0.1781134541757412, 'gamma': 0.80292702982111, 'sigma_update': 0.17379187218756204, 'eta_learning': 0.8357339406201341, 'sigma_boundary': 1.382968901410289, 'alpha': 0.7701076528687931}. Best is trial 120 with value: 0.012936071589361806.
[I 2026-03-06 05:36:06,486] Trial 187 finished with value: 0.015014184759984669 and parameters: {'sigma_noise': 0.21787034615917866, 'A_repulsion': 0.03166942455740557, 'gamma': 0.818835867769872, 'sigma_update': 0.19117065320890336, 'eta_learning': 0.9437243172218548, 'sigma_boundary': 4.050323170038253, 'alpha': 0.7788267600123538}. Best is trial 120 with value: 0.012936071589361806.
[I 2026-03-06 05:36:29,572] Trial 190 finished with value: 0.015243453702580158 and parameters: {'sigma_noise': 0.2148472330717239, 'A_repulsion': 0.013188743370412911, 'gamma': 0.8117023082376932, 'sigma_update': 0.18899945878622032, 'eta_learning': 0.9316823243342067, 'sigma_boundary': 1.465779478856899, 'alpha': 0.7760763732716714}. Best is trial 120 with value: 0.012936071589361806.
[I 2026-03-06 05:36:31,950] Trial 186 finished with value: 0.017500507113557766 and parameters: {'sigma_noise': 0.274317018382131, 'A_repulsion': 0.011192669213045521, 'gamma': 0.8121430796941979, 'sigma_update': 0.19498586169462695, 'eta_learning': 0.9442351136823169, 'sigma_boundary': 0.45144050854307294, 'alpha': 0.7728566353772084}. Best is trial 120 with value: 0.012936071589361806.
[I 2026-03-06 05:36:35,912] Trial 176 finished with value: 0.018125502328258304 and parameters: {'sigma_noise': 0.27512060220013884, 'A_repulsion': 0.18013871804009818, 'gamma': 0.8532151152339589, 'sigma_update': 0.1745654351701466, 'eta_learning': 0.8869852182665547, 'sigma_boundary': 1.4104262852748177, 'alpha': 0.7821133182366714}. Best is trial 120 with value: 0.012936071589361806.
[I 2026-03-06 05:36:50,608] Trial 191 finished with value: 0.018091173834212215 and parameters: {'sigma_noise': 0.21759414975234095, 'A_repulsion': 0.008537231314816852, 'gamma': 0.8066624938045268, 'sigma_update': 0.19080390779157883, 'eta_learning': 0.9430134067869316, 'sigma_boundary': 0.4836136369350117, 'alpha': 0.579794590236336}. Best is trial 120 with value: 0.012936071589361806.
[I 2026-03-06 05:36:51,914] Trial 193 finished with value: 0.017196225083664148 and parameters: {'sigma_noise': 0.21654232382459146, 'A_repulsion': 0.011465460222960223, 'gamma': 0.8096374886554268, 'sigma_update': 0.19151533600905915, 'eta_learning': 1.011942118025735, 'sigma_boundary': 0.5140907012805764, 'alpha': 0.6277508000852611}. Best is trial 120 with value: 0.012936071589361806.
[I 2026-03-06 05:37:01,048] Trial 189 finished with value: 0.011128331194865494 and parameters: {'sigma_noise': 0.2692413282059247, 'A_repulsion': 0.01368431362400687, 'gamma': 0.8242450292502023, 'sigma_update': 0.3772571276172712, 'eta_learning': 0.9373204031222646, 'sigma_boundary': 0.46153021679850526, 'alpha': 0.7672010396327665}. Best is trial 189 with value: 0.011128331194865494.
[I 2026-03-06 05:37:07,220] Trial 178 finished with value: 0.02385655685147244 and parameters: {'sigma_noise': 0.27079228535990707, 'A_repulsion': 0.17120691538091432, 'gamma': 0.808679643116232, 'sigma_update': 0.16933730160250737, 'eta_learning': 0.8971523408315594, 'sigma_boundary': 0.46859255480632395, 'alpha': 0.770330291375441}. Best is trial 189 with value: 0.011128331194865494.
[I 2026-03-06 05:37:07,415] Trial 179 finished with value: 0.018494417864381763 and parameters: {'sigma_noise': 0.2630105600986963, 'A_repulsion': 0.17068895619874308, 'gamma': 0.8358257335233298, 'sigma_update': 0.17212988789188943, 'eta_learning': 0.8792731864787858, 'sigma_boundary': 1.440191392711523, 'alpha': 0.7721688658551517}. Best is trial 189 with value: 0.011128331194865494.
[I 2026-03-06 05:37:08,457] Trial 188 finished with value: 0.02120109189918528 and parameters: {'sigma_noise': 0.2725695733369106, 'A_repulsion': 0.028868850838253572, 'gamma': 0.8085739280808462, 'sigma_update': 0.18552293840542253, 'eta_learning': 0.9552824969132159, 'sigma_boundary': 3.733244520433436, 'alpha': 0.7733291913682804}. Best is trial 189 with value: 0.011128331194865494.
[I 2026-03-06 05:37:13,784] Trial 177 finished with value: 0.022152256907197965 and parameters: {'sigma_noise': 0.2792744104018237, 'A_repulsion': 0.17871046448734423, 'gamma': 0.8297434440671965, 'sigma_update': 0.17092255671317344, 'eta_learning': 0.9524721411405312, 'sigma_boundary': 0.4412176290726833, 'alpha': 0.7677927154872123}. Best is trial 189 with value: 0.011128331194865494.
[I 2026-03-06 05:37:14,509] Trial 184 finished with value: 0.0210403514765669 and parameters: {'sigma_noise': 0.21424534709137316, 'A_repulsion': 0.174994344684278, 'gamma': 0.8126738111160365, 'sigma_update': 0.18630076120041072, 'eta_learning': 0.903226129643293, 'sigma_boundary': 0.47747008066563856, 'alpha': 0.7831454228191852}. Best is trial 189 with value: 0.011128331194865494.
[I 2026-03-06 05:37:17,438] Trial 194 finished with value: 0.01339283486325897 and parameters: {'sigma_noise': 0.2171300784517947, 'A_repulsion': 0.02519420811642085, 'gamma': 0.8233591527149086, 'sigma_update': 0.3768209562607922, 'eta_learning': 1.105894205106186, 'sigma_boundary': 0.48145415923015694, 'alpha': 0.7734991655879235}. Best is trial 189 with value: 0.011128331194865494.
[I 2026-03-06 05:37:20,870] Trial 192 finished with value: 0.018760849640879564 and parameters: {'sigma_noise': 0.27173192061287815, 'A_repulsion': 0.01000508002838963, 'gamma': 0.8065207777129351, 'sigma_update': 0.1886307546757924, 'eta_learning': 0.9670271821375956, 'sigma_boundary': 0.47880496242438186, 'alpha': 0.7667569016818093}. Best is trial 189 with value: 0.011128331194865494.
[I 2026-03-06 05:37:25,369] Trial 180 finished with value: 0.020459896586388873 and parameters: {'sigma_noise': 0.26010818045015616, 'A_repulsion': 0.1772806185379843, 'gamma': 0.8110201572796271, 'sigma_update': 0.17576834737490055, 'eta_learning': 0.9094157370810247, 'sigma_boundary': 1.34746928346725, 'alpha': 0.7693099201105607}. Best is trial 189 with value: 0.011128331194865494.
[I 2026-03-06 05:37:30,100] Trial 196 finished with value: 0.020113387299026314 and parameters: {'sigma_noise': 0.2168216679128209, 'A_repulsion': 0.003987402189978936, 'gamma': 0.8040307478146387, 'sigma_update': 0.1398298998218136, 'eta_learning': 0.9393615325401043, 'sigma_boundary': 0.40755429987034514, 'alpha': 0.7789806036463871}. Best is trial 189 with value: 0.011128331194865494.
[I 2026-03-06 05:37:34,989] Trial 181 finished with value: 0.021634846383169343 and parameters: {'sigma_noise': 0.26571609821000486, 'A_repulsion': 0.18445506777670967, 'gamma': 0.7999171301981961, 'sigma_update': 0.18857909876705328, 'eta_learning': 0.9319170395079348, 'sigma_boundary': 0.47534969990923415, 'alpha': 0.595111108371117}. Best is trial 189 with value: 0.011128331194865494.
[I 2026-03-06 05:37:35,337] Trial 182 finished with value: 0.01915845948855343 and parameters: {'sigma_noise': 0.2750027158066463, 'A_repulsion': 0.169586037493562, 'gamma': 0.8218353340720342, 'sigma_update': 0.19314312053858357, 'eta_learning': 0.8880843749976542, 'sigma_boundary': 1.3752176142284844, 'alpha': 0.7722991549486717}. Best is trial 189 with value: 0.011128331194865494.
[I 2026-03-06 05:37:42,855] Trial 183 finished with value: 0.022370308239196286 and parameters: {'sigma_noise': 0.279519478754775, 'A_repulsion': 0.17545703058940126, 'gamma': 0.8136441009111534, 'sigma_update': 0.1894188483269955, 'eta_learning': 0.9015923702094616, 'sigma_boundary': 1.4661045375580635, 'alpha': 0.7706501552430639}. Best is trial 189 with value: 0.011128331194865494.
[I 2026-03-06 05:37:43,182] Trial 199 finished with value: 0.018713407888889012 and parameters: {'sigma_noise': 0.2164735576524281, 'A_repulsion': 0.01618111757516296, 'gamma': 0.8104607757567381, 'sigma_update': 0.1389310402154629, 'eta_learning': 0.9404680786721393, 'sigma_boundary': 0.4263111219491411, 'alpha': 0.5848798975566198}. Best is trial 189 with value: 0.011128331194865494.
[I 2026-03-06 05:37:44,197] Trial 198 finished with value: 0.018199878109715233 and parameters: {'sigma_noise': 0.2178756259985392, 'A_repulsion': 0.015956812466792696, 'gamma': 0.8125207897776273, 'sigma_update': 0.1903755252511185, 'eta_learning': 0.9531202240725829, 'sigma_boundary': 1.448425602506708, 'alpha': 0.6227596980028954}. Best is trial 189 with value: 0.011128331194865494.
[I 2026-03-06 05:37:45,036] Trial 195 finished with value: 0.014403815218600041 and parameters: {'sigma_noise': 0.27355713739304854, 'A_repulsion': 0.011759198059973996, 'gamma': 0.8202833122477868, 'sigma_update': 0.19319863295009684, 'eta_learning': 0.9617798913214677, 'sigma_boundary': 0.4547379637581055, 'alpha': 0.7754586484668203}. Best is trial 189 with value: 0.011128331194865494.
[I 2026-03-06 05:37:46,898] Trial 185 finished with value: 0.025866580403621667 and parameters: {'sigma_noise': 0.27616257246527587, 'A_repulsion': 0.18160197704944825, 'gamma': 0.8072877141045808, 'sigma_update': 0.18363964736575275, 'eta_learning': 0.873494838831203, 'sigma_boundary': 0.5127802303644304, 'alpha': 0.7677206567255133}. Best is trial 189 with value: 0.011128331194865494.
[I 2026-03-06 05:37:47,340] Trial 197 finished with value: 0.024646183623572453 and parameters: {'sigma_noise': 0.2718008292387288, 'A_repulsion': 0.019290390979735842, 'gamma': 0.8042314698820345, 'sigma_update': 0.14687163692130636, 'eta_learning': 0.9373294711675457, 'sigma_boundary': 3.7607281844150044, 'alpha': 0.7785718623959503}. Best is trial 189 with value: 0.011128331194865494.
[I 2026-03-06 05:38:04,860] A new study created in memory with name: no-name-462a1055-57b0-41ef-8af1-5d0be3d0d98c
[I 2026-03-06 05:51:01,226] Trial 18 finished with value: 0.1166282941010843 and parameters: {'sigma_noise': 0.06771838280323693, 'A_repulsion': 0.11965513405849387, 'gamma': 0.7529277457396546, 'sigma_update': 0.4298162997673326, 'eta_learning': 0.3421353871633905, 'sigma_boundary': 6.02240913712017, 'alpha': 0.22438416902649938}. Best is trial 18 with value: 0.1166282941010843.
[I 2026-03-06 05:51:48,896] Trial 1 finished with value: 0.07943293016818465 and parameters: {'sigma_noise': 0.11334923383839218, 'A_repulsion': 0.04757158492085878, 'gamma': 0.4931544230058693, 'sigma_update': 0.4712031730148214, 'eta_learning': 0.14253357814373566, 'sigma_boundary': 1.984224853488773, 'alpha': 0.9544530197285734}. Best is trial 1 with value: 0.07943293016818465.
[I 2026-03-06 05:52:10,347] Trial 30 finished with value: 1.4198418078148982 and parameters: {'sigma_noise': 0.11309194061351838, 'A_repulsion': 0.1242276333578517, 'gamma': 0.7421055538176762, 'sigma_update': 0.18323565090369553, 'eta_learning': 2.2238036777171284, 'sigma_boundary': 1.4771722109030885, 'alpha': 0.07879308803764717}. Best is trial 1 with value: 0.07943293016818465.
[I 2026-03-06 05:52:33,265] Trial 8 finished with value: 0.027491169783013747 and parameters: {'sigma_noise': 0.2024747557612629, 'A_repulsion': 0.011679033700111363, 'gamma': 0.6532390624093285, 'sigma_update': 0.14488093939315672, 'eta_learning': 1.0219188769412508, 'sigma_boundary': 0.15833551617371464, 'alpha': 0.4306677874524253}. Best is trial 8 with value: 0.027491169783013747.
[I 2026-03-06 05:52:58,705] Trial 22 finished with value: 0.03354811249131291 and parameters: {'sigma_noise': 0.16971708286403758, 'A_repulsion': 0.03392635695078644, 'gamma': 0.8888954539955035, 'sigma_update': 0.31324553012352757, 'eta_learning': 0.8264748813163444, 'sigma_boundary': 1.8650911007299351, 'alpha': 0.88700688869049}. Best is trial 8 with value: 0.027491169783013747.
[I 2026-03-06 05:53:03,200] Trial 6 finished with value: 1.0452756134114867 and parameters: {'sigma_noise': 0.18555897389822207, 'A_repulsion': 0.056991310507053916, 'gamma': 0.6707896850087102, 'sigma_update': 0.26022901959629696, 'eta_learning': 2.4048505997287766, 'sigma_boundary': 3.1101727038922453, 'alpha': 0.188826404687768}. Best is trial 8 with value: 0.027491169783013747.
[I 2026-03-06 05:53:57,435] Trial 25 finished with value: 0.5962175245225614 and parameters: {'sigma_noise': 0.21986133767122823, 'A_repulsion': 0.04430304460600254, 'gamma': 0.10859303703247287, 'sigma_update': 0.041604594281178124, 'eta_learning': 2.8507050208451084, 'sigma_boundary': 3.8972818867994103, 'alpha': 0.30728795214935745}. Best is trial 8 with value: 0.027491169783013747.
[I 2026-03-06 05:54:02,160] Trial 31 finished with value: 0.2601261257623318 and parameters: {'sigma_noise': 0.10703013641968583, 'A_repulsion': 0.2925444015141939, 'gamma': 0.36989440629077114, 'sigma_update': 0.5008238762882747, 'eta_learning': 1.9101046800324524, 'sigma_boundary': 1.0880542014373988, 'alpha': 0.4922463851810206}. Best is trial 8 with value: 0.027491169783013747.
[I 2026-03-06 05:54:25,527] Trial 5 finished with value: 1.8066972209253538 and parameters: {'sigma_noise': 0.11110158885404578, 'A_repulsion': 0.29505841922610004, 'gamma': 0.019377412163350198, 'sigma_update': 0.25396046899820485, 'eta_learning': 1.857694204579631, 'sigma_boundary': 9.485475298328648, 'alpha': 0.09364151148765376}. Best is trial 8 with value: 0.027491169783013747.
[I 2026-03-06 05:54:27,049] Trial 3 finished with value: 0.7234893122675384 and parameters: {'sigma_noise': 0.127870465631845, 'A_repulsion': 0.24401333963442962, 'gamma': 0.9872811499041371, 'sigma_update': 0.3463209147595617, 'eta_learning': 2.3268885301628823, 'sigma_boundary': 0.19034463366970097, 'alpha': 0.21718942804733044}. Best is trial 8 with value: 0.027491169783013747.
[I 2026-03-06 05:54:50,906] Trial 33 finished with value: 1.5082866895141054 and parameters: {'sigma_noise': 0.07540932656019672, 'A_repulsion': 0.47638255547524744, 'gamma': 0.18472628239300615, 'sigma_update': 0.5662720921839892, 'eta_learning': 0.9749049042439537, 'sigma_boundary': 3.549936716171882, 'alpha': 0.14768009682021466}. Best is trial 8 with value: 0.027491169783013747.
[I 2026-03-06 05:54:57,299] Trial 36 finished with value: 2.3261590333807187 and parameters: {'sigma_noise': 0.31665728449582176, 'A_repulsion': 0.010362279178252554, 'gamma': 0.9730544086698484, 'sigma_update': 0.6776030955141983, 'eta_learning': 2.2363179014002, 'sigma_boundary': 4.675689688735615, 'alpha': 0.07158672454468917}. Best is trial 8 with value: 0.027491169783013747.
[I 2026-03-06 05:55:01,378] Trial 39 finished with value: 0.09524842714578674 and parameters: {'sigma_noise': 0.12901212101449067, 'A_repulsion': 0.3122053797989301, 'gamma': 0.4742487612663399, 'sigma_update': 0.4500535626471019, 'eta_learning': 0.7343238147342687, 'sigma_boundary': 8.550273115648436, 'alpha': 0.8855177293441736}. Best is trial 8 with value: 0.027491169783013747.
[I 2026-03-06 05:55:07,729] Trial 16 finished with value: 2.4256503774519107 and parameters: {'sigma_noise': 0.16689771009275978, 'A_repulsion': 0.24066518579603702, 'gamma': 0.6298895331423024, 'sigma_update': 0.6246937742217084, 'eta_learning': 1.3910941611698584, 'sigma_boundary': 6.2091441441006765, 'alpha': 0.055177108665538266}. Best is trial 8 with value: 0.027491169783013747.
[I 2026-03-06 05:55:14,031] Trial 19 finished with value: 0.6514192661350575 and parameters: {'sigma_noise': 0.08455260665810163, 'A_repulsion': 0.424136122853224, 'gamma': 0.3878259017646706, 'sigma_update': 0.0103550954942199, 'eta_learning': 1.065659588957992, 'sigma_boundary': 9.50902419590339, 'alpha': 0.4387290120911538}. Best is trial 8 with value: 0.027491169783013747.
[I 2026-03-06 05:55:24,786] Trial 37 finished with value: 0.3391120474399929 and parameters: {'sigma_noise': 0.1148679721513136, 'A_repulsion': 0.376834768844539, 'gamma': 0.0568431359624726, 'sigma_update': 0.540465804444229, 'eta_learning': 2.4905655206717308, 'sigma_boundary': 9.17736608086633, 'alpha': 0.6185795794878441}. Best is trial 8 with value: 0.027491169783013747.
[I 2026-03-06 05:55:41,069] Trial 7 finished with value: 2.3794566717811296 and parameters: {'sigma_noise': 0.23942358181443996, 'A_repulsion': 0.11099326017771127, 'gamma': 0.726426019951648, 'sigma_update': 0.18189504940933265, 'eta_learning': 2.321337952519242, 'sigma_boundary': 6.648069727845752, 'alpha': 0.07975417178375399}. Best is trial 8 with value: 0.027491169783013747.
[I 2026-03-06 05:55:43,301] Trial 35 finished with value: 0.1610265739000216 and parameters: {'sigma_noise': 0.36009611648896694, 'A_repulsion': 0.006347649476091011, 'gamma': 0.8594698034399988, 'sigma_update': 0.3025287751930154, 'eta_learning': 2.829567537188834, 'sigma_boundary': 2.2193633148009275, 'alpha': 0.45733145692820565}. Best is trial 8 with value: 0.027491169783013747.
[I 2026-03-06 05:56:00,707] Trial 20 finished with value: 2.6452863281761605 and parameters: {'sigma_noise': 0.24104451412235045, 'A_repulsion': 0.1712128993313048, 'gamma': 0.7647613003514586, 'sigma_update': 0.3951525852738917, 'eta_learning': 2.5721184787041134, 'sigma_boundary': 5.0445725665071794, 'alpha': 0.056546900429650604}. Best is trial 8 with value: 0.027491169783013747.
[I 2026-03-06 05:56:58,499] Trial 21 finished with value: 2.7518624605461337 and parameters: {'sigma_noise': 0.3317945429029454, 'A_repulsion': 0.11810415901910049, 'gamma': 0.2391961463324828, 'sigma_update': 0.07913284011641511, 'eta_learning': 2.6912880460858766, 'sigma_boundary': 2.294767587180043, 'alpha': 0.060941616358262674}. Best is trial 8 with value: 0.027491169783013747.
[I 2026-03-06 05:57:31,859] Trial 32 finished with value: 1.2307187223011957 and parameters: {'sigma_noise': 0.22895845129019587, 'A_repulsion': 0.2967181409720689, 'gamma': 0.49170049563306606, 'sigma_update': 0.31942500106682364, 'eta_learning': 2.11180087957137, 'sigma_boundary': 3.1616706671382606, 'alpha': 0.29908802335240914}. Best is trial 8 with value: 0.027491169783013747.
[I 2026-03-06 05:57:51,360] Trial 15 finished with value: 0.08763785224228628 and parameters: {'sigma_noise': 0.27155448123881754, 'A_repulsion': 0.2983675919040302, 'gamma': 0.6326543208448772, 'sigma_update': 0.268956926450561, 'eta_learning': 2.8774772111572062, 'sigma_boundary': 6.551866039473928, 'alpha': 0.980442770467302}. Best is trial 8 with value: 0.027491169783013747.
[I 2026-03-06 05:57:51,615] Trial 28 finished with value: 2.697769159339047 and parameters: {'sigma_noise': 0.3496882176774155, 'A_repulsion': 0.2147809818048249, 'gamma': 0.7515997721633964, 'sigma_update': 0.4560757818262828, 'eta_learning': 1.8786287030443276, 'sigma_boundary': 6.41036442253805, 'alpha': 0.14790965127765865}. Best is trial 8 with value: 0.027491169783013747.
[I 2026-03-06 05:57:54,054] Trial 12 finished with value: 0.3329328429741416 and parameters: {'sigma_noise': 0.2897301329395127, 'A_repulsion': 0.23828632865730642, 'gamma': 0.42669782808029794, 'sigma_update': 0.5405945017686624, 'eta_learning': 0.862751416288721, 'sigma_boundary': 0.26872783051904436, 'alpha': 0.5785192113525672}. Best is trial 8 with value: 0.027491169783013747.
