[I 2026-03-06 06:27:52,740] Trial 81 finished with value: 0.03332105387600444 and parameters: {'sigma_noise': 0.1698208246720212, 'A_repulsion': 0.07807616279434332, 'gamma': 0.8259095085041288, 'sigma_update': 0.2234665985690713, 'eta_learning': 0.4672439852042114, 'sigma_boundary': 7.339313011182782, 'alpha': 0.9945977050232202}. Best is trial 50 with value: 0.019408103914194133.
[I 2026-03-06 06:29:17,942] Trial 82 finished with value: 0.0311124385376018 and parameters: {'sigma_noise': 0.17398326320532415, 'A_repulsion': 0.06831733313471444, 'gamma': 0.849056349938145, 'sigma_update': 0.3817571236222228, 'eta_learning': 0.47781358290775233, 'sigma_boundary': 7.676741822629174, 'alpha': 0.9939405700562238}. Best is trial 50 with value: 0.019408103914194133.
[I 2026-03-06 06:30:13,601] Trial 83 finished with value: 0.0319221025042364 and parameters: {'sigma_noise': 0.17487194636491415, 'A_repulsion': 0.07160797857480938, 'gamma': 0.8205832267706996, 'sigma_update': 0.22179907733356946, 'eta_learning': 0.4245145724000599, 'sigma_boundary': 7.820289413642119, 'alpha': 0.971425681601624}. Best is trial 50 with value: 0.019408103914194133.
[I 2026-03-06 06:31:11,288] Trial 84 finished with value: 0.02996360625422014 and parameters: {'sigma_noise': 0.18914352221461322, 'A_repulsion': 0.05458509939312753, 'gamma': 0.8914838565069924, 'sigma_update': 0.3860522124138345, 'eta_learning': 1.2402654930985468, 'sigma_boundary': 7.470596714639429, 'alpha': 0.998580310152442}. Best is trial 50 with value: 0.019408103914194133.
[I 2026-03-06 06:31:18,836] Trial 85 finished with value: 0.03748040127974135 and parameters: {'sigma_noise': 0.16214215313948294, 'A_repulsion': 0.06248130264713548, 'gamma': 0.840421123849612, 'sigma_update': 0.2346855280928525, 'eta_learning': 1.2620466723475698, 'sigma_boundary': 0.7748370773546007, 'alpha': 0.9947996296986551}. Best is trial 50 with value: 0.019408103914194133.
[I 2026-03-06 06:31:38,250] Trial 86 finished with value: 0.028809561180929665 and parameters: {'sigma_noise': 0.1886852238909299, 'A_repulsion': 0.05082956243550909, 'gamma': 0.828586260561264, 'sigma_update': 0.20537124711826255, 'eta_learning': 1.1923307363122209, 'sigma_boundary': 8.01236491930725, 'alpha': 0.9632267361659407}. Best is trial 50 with value: 0.019408103914194133.
[I 2026-03-06 06:31:57,095] Trial 87 finished with value: 0.02969871971792507 and parameters: {'sigma_noise': 0.18910174231366325, 'A_repulsion': 0.06583555640911304, 'gamma': 0.8342400416335398, 'sigma_update': 0.22385442856873833, 'eta_learning': 0.48983799950493645, 'sigma_boundary': 5.319139486292547, 'alpha': 0.998065126612668}. Best is trial 50 with value: 0.019408103914194133.
[I 2026-03-06 06:32:17,527] Trial 91 finished with value: 0.05440578004915464 and parameters: {'sigma_noise': 0.15978862400803878, 'A_repulsion': 0.06839233418068133, 'gamma': 0.5768841126353834, 'sigma_update': 0.20419068298236842, 'eta_learning': 0.06239844173990942, 'sigma_boundary': 2.617898296991634, 'alpha': 0.7123759787075358}. Best is trial 50 with value: 0.019408103914194133.
[I 2026-03-06 06:32:21,963] Trial 94 finished with value: 0.040223781670160816 and parameters: {'sigma_noise': 0.1414478887203214, 'A_repulsion': 0.030627966611959094, 'gamma': 0.8263870384558317, 'sigma_update': 0.2123147145420884, 'eta_learning': 1.3165804765650588, 'sigma_boundary': 2.639048137173551, 'alpha': 0.9279241163464084}. Best is trial 50 with value: 0.019408103914194133.
[I 2026-03-06 06:32:24,832] Trial 92 finished with value: 0.04291875254832106 and parameters: {'sigma_noise': 0.1513916272296427, 'A_repulsion': 0.08043272663429854, 'gamma': 0.7978695185698087, 'sigma_update': 0.22039726427669643, 'eta_learning': 0.4869056362459768, 'sigma_boundary': 2.6310150864155144, 'alpha': 0.9315309658169433}. Best is trial 50 with value: 0.019408103914194133.
[I 2026-03-06 06:32:29,653] Trial 99 finished with value: 0.053077806079856425 and parameters: {'sigma_noise': 0.13690904616773883, 'A_repulsion': 0.03631294566419665, 'gamma': 0.9257176577005118, 'sigma_update': 0.19270076168935218, 'eta_learning': 0.40229552070830754, 'sigma_boundary': 2.7319524341262316, 'alpha': 0.933755234440891}. Best is trial 50 with value: 0.019408103914194133.
[I 2026-03-06 06:32:31,082] Trial 95 finished with value: 0.045528455178816575 and parameters: {'sigma_noise': 0.1496996532360894, 'A_repulsion': 0.03191654282608363, 'gamma': 0.9196723502276233, 'sigma_update': 0.22170247744055316, 'eta_learning': 0.3875370877010171, 'sigma_boundary': 2.7173449266686007, 'alpha': 0.9264658707628557}. Best is trial 50 with value: 0.019408103914194133.
[I 2026-03-06 06:32:35,667] Trial 98 finished with value: 0.04583013294496682 and parameters: {'sigma_noise': 0.1484547700930069, 'A_repulsion': 0.03106812794668301, 'gamma': 0.9241783086485904, 'sigma_update': 0.22095936444512115, 'eta_learning': 0.4144819324073926, 'sigma_boundary': 2.67631414816165, 'alpha': 0.9305284502437008}. Best is trial 50 with value: 0.019408103914194133.
[I 2026-03-06 06:32:42,766] Trial 101 finished with value: 0.04655779156030819 and parameters: {'sigma_noise': 0.14821199404497337, 'A_repulsion': 0.03410617032271679, 'gamma': 0.9308297998648905, 'sigma_update': 0.22616186481018297, 'eta_learning': 0.49458858453963367, 'sigma_boundary': 0.5013790252160494, 'alpha': 0.9108533658163653}. Best is trial 50 with value: 0.019408103914194133.
[I 2026-03-06 06:32:49,946] Trial 90 finished with value: 0.03836730554680494 and parameters: {'sigma_noise': 0.16145566845242207, 'A_repulsion': 0.05882976536229633, 'gamma': 0.821055992696832, 'sigma_update': 0.22947981244421925, 'eta_learning': 0.01854727279440027, 'sigma_boundary': 0.7310794522257082, 'alpha': 0.9359961852239592}. Best is trial 50 with value: 0.019408103914194133.
[I 2026-03-06 06:33:02,500] Trial 100 finished with value: 0.05025584220997719 and parameters: {'sigma_noise': 0.14120736409401402, 'A_repulsion': 0.03904803775260284, 'gamma': 0.924279169955626, 'sigma_update': 0.2113893041939677, 'eta_learning': 0.4772297370662453, 'sigma_boundary': 5.634310050689857, 'alpha': 0.9216033581800035}. Best is trial 50 with value: 0.019408103914194133.
[I 2026-03-06 06:33:13,462] Trial 102 finished with value: 0.04179484156468502 and parameters: {'sigma_noise': 0.14090611404293013, 'A_repulsion': 0.0259982827063563, 'gamma': 0.8081683861578887, 'sigma_update': 0.23379916964577652, 'eta_learning': 1.212367284764316, 'sigma_boundary': 0.5646249142154842, 'alpha': 0.8401253833800921}. Best is trial 50 with value: 0.019408103914194133.
[I 2026-03-06 06:33:15,081] Trial 93 finished with value: 0.03941882116413501 and parameters: {'sigma_noise': 0.15384020340349444, 'A_repulsion': 0.08306108309467361, 'gamma': 0.8242697987146123, 'sigma_update': 0.2190438362266047, 'eta_learning': 0.43280255090404574, 'sigma_boundary': 2.587489509524098, 'alpha': 0.9401315157890899}. Best is trial 50 with value: 0.019408103914194133.
[I 2026-03-06 06:33:15,975] Trial 97 finished with value: 0.04209334974489504 and parameters: {'sigma_noise': 0.15044488463220576, 'A_repulsion': 0.03489632110552299, 'gamma': 0.9240150424492999, 'sigma_update': 0.2016893523902438, 'eta_learning': 0.4634448664877149, 'sigma_boundary': 2.4886243585813155, 'alpha': 0.9266892183377172}. Best is trial 50 with value: 0.019408103914194133.
[I 2026-03-06 06:33:16,800] Trial 96 finished with value: 0.044979234853963844 and parameters: {'sigma_noise': 0.14802146767177554, 'A_repulsion': 0.041586634060799, 'gamma': 0.9130489653689281, 'sigma_update': 0.22003821507809174, 'eta_learning': 0.4952971236217304, 'sigma_boundary': 2.751827643921268, 'alpha': 0.9254120610917093}. Best is trial 50 with value: 0.019408103914194133.
[I 2026-03-06 06:33:20,215] Trial 88 finished with value: 0.03286830242225679 and parameters: {'sigma_noise': 0.18192308042502847, 'A_repulsion': 0.06289033953892226, 'gamma': 0.8375773938938542, 'sigma_update': 0.21996736497387903, 'eta_learning': 0.017316915358393248, 'sigma_boundary': 2.6896066112691526, 'alpha': 0.7188400137297772}. Best is trial 50 with value: 0.019408103914194133.
[I 2026-03-06 06:33:34,172] Trial 106 finished with value: 0.04527316322497529 and parameters: {'sigma_noise': 0.13944028778287476, 'A_repulsion': 0.038522398862587126, 'gamma': 0.7999158406541328, 'sigma_update': 0.21423004674609236, 'eta_learning': 0.4004234954371386, 'sigma_boundary': 0.5857252410642728, 'alpha': 0.831671179187317}. Best is trial 50 with value: 0.019408103914194133.
[I 2026-03-06 06:33:37,873] Trial 89 finished with value: 0.05012963027937986 and parameters: {'sigma_noise': 0.1873588293996646, 'A_repulsion': 0.0710567384591722, 'gamma': 0.5772890725012593, 'sigma_update': 0.21457320080018885, 'eta_learning': 0.43208945989605413, 'sigma_boundary': 2.59221850699132, 'alpha': 0.7025880121261922}. Best is trial 50 with value: 0.019408103914194133.
[I 2026-03-06 06:33:40,738] Trial 103 finished with value: 0.04427670124405408 and parameters: {'sigma_noise': 0.1486227097333605, 'A_repulsion': 0.038483085179647145, 'gamma': 0.9278966903284077, 'sigma_update': 0.22624030139938364, 'eta_learning': 1.2490960562947098, 'sigma_boundary': 0.4567997708032907, 'alpha': 0.9305205935438097}. Best is trial 50 with value: 0.019408103914194133.
[I 2026-03-06 06:33:46,697] Trial 104 finished with value: 0.052191032165751855 and parameters: {'sigma_noise': 0.13781116548038652, 'A_repulsion': 0.033919016793512065, 'gamma': 0.92682224939393, 'sigma_update': 0.2291881055213357, 'eta_learning': 0.40668995383508055, 'sigma_boundary': 0.5491513472905314, 'alpha': 0.9153172877457871}. Best is trial 50 with value: 0.019408103914194133.
[I 2026-03-06 06:34:09,365] Trial 105 finished with value: 0.046251094180353454 and parameters: {'sigma_noise': 0.14710934448439109, 'A_repulsion': 0.0367771217063391, 'gamma': 0.929033347649309, 'sigma_update': 0.2285940838173268, 'eta_learning': 0.39611813058792844, 'sigma_boundary': 2.689962872868046, 'alpha': 0.9405559496306762}. Best is trial 50 with value: 0.019408103914194133.
[I 2026-03-06 06:34:28,147] Trial 109 finished with value: 0.05066304945302729 and parameters: {'sigma_noise': 0.14003035196390048, 'A_repulsion': 0.03988736957714924, 'gamma': 0.9189761559479168, 'sigma_update': 0.20192639216123115, 'eta_learning': 0.8761519366391026, 'sigma_boundary': 0.5618220388047064, 'alpha': 0.9312765823655088}. Best is trial 50 with value: 0.019408103914194133.
[I 2026-03-06 06:34:48,224] Trial 108 finished with value: 0.04476415071951074 and parameters: {'sigma_noise': 0.14716568693000381, 'A_repulsion': 0.03803221699923709, 'gamma': 0.9262903771127692, 'sigma_update': 0.19508944118559635, 'eta_learning': 1.3273013885395382, 'sigma_boundary': 0.544898962044605, 'alpha': 0.9369740198985872}. Best is trial 50 with value: 0.019408103914194133.
[I 2026-03-06 06:34:48,340] Trial 110 finished with value: 0.04495836940584558 and parameters: {'sigma_noise': 0.1477964353653303, 'A_repulsion': 0.04179108702422911, 'gamma': 0.9265131541433005, 'sigma_update': 0.2015907519153154, 'eta_learning': 1.268663816215085, 'sigma_boundary': 5.562552357759461, 'alpha': 0.920701716935606}. Best is trial 50 with value: 0.019408103914194133.
[I 2026-03-06 06:34:59,389] Trial 112 finished with value: 0.048903423407623936 and parameters: {'sigma_noise': 0.1445830499479318, 'A_repulsion': 0.03602411275824994, 'gamma': 0.9181540861933531, 'sigma_update': 0.28673645502568845, 'eta_learning': 0.3927907577652347, 'sigma_boundary': 1.9316976550168183, 'alpha': 0.9253288059939551}. Best is trial 50 with value: 0.019408103914194133.
[I 2026-03-06 06:35:35,378] Trial 113 finished with value: 0.04582271218982514 and parameters: {'sigma_noise': 0.1475477277292657, 'A_repulsion': 0.03153071783986606, 'gamma': 0.930629940122029, 'sigma_update': 0.19312114891497117, 'eta_learning': 1.2904626836715383, 'sigma_boundary': 2.1399684034141426, 'alpha': 0.9387549724437062}. Best is trial 50 with value: 0.019408103914194133.
[I 2026-03-06 06:35:54,845] Trial 114 finished with value: 0.024999271909446334 and parameters: {'sigma_noise': 0.2011259476371864, 'A_repulsion': 0.021385885161408366, 'gamma': 0.808324056563221, 'sigma_update': 0.19381749757843808, 'eta_learning': 1.2460231774914434, 'sigma_boundary': 2.096117820556706, 'alpha': 0.9307678953175572}. Best is trial 50 with value: 0.019408103914194133.
[I 2026-03-06 06:35:56,275] Trial 115 finished with value: 0.04872484541432319 and parameters: {'sigma_noise': 0.1456611750057109, 'A_repulsion': 0.033808581063803446, 'gamma': 0.9293701808583696, 'sigma_update': 0.19758708379764586, 'eta_learning': 1.2868015196850555, 'sigma_boundary': 2.327103881772336, 'alpha': 0.9317196972250102}. Best is trial 50 with value: 0.019408103914194133.
[I 2026-03-06 06:36:18,352] Trial 107 finished with value: 0.024640196804088927 and parameters: {'sigma_noise': 0.20416082231302854, 'A_repulsion': 0.03371590981138719, 'gamma': 0.9250428378696012, 'sigma_update': 0.2047162606928914, 'eta_learning': 1.2901818073568205, 'sigma_boundary': 0.5285202247608978, 'alpha': 0.9350333793797947}. Best is trial 50 with value: 0.019408103914194133.
[I 2026-03-06 06:36:24,756] Trial 116 finished with value: 0.04722570447522932 and parameters: {'sigma_noise': 0.14644544215722044, 'A_repulsion': 0.03882296066425975, 'gamma': 0.9348487508844842, 'sigma_update': 0.19730926280595998, 'eta_learning': 0.42544993331359937, 'sigma_boundary': 1.9962370527113598, 'alpha': 0.9262288703486861}. Best is trial 50 with value: 0.019408103914194133.
[I 2026-03-06 06:36:42,556] Trial 111 finished with value: 0.025923265363182138 and parameters: {'sigma_noise': 0.20074464869172656, 'A_repulsion': 0.03943170079439443, 'gamma': 0.9265073404157731, 'sigma_update': 0.20621042590679717, 'eta_learning': 0.41033614023447323, 'sigma_boundary': 1.9720726429273212, 'alpha': 0.9319147389452372}. Best is trial 50 with value: 0.019408103914194133.
[I 2026-03-06 06:37:20,527] Trial 118 finished with value: 0.04408417625959978 and parameters: {'sigma_noise': 0.1498799377342702, 'A_repulsion': 0.03184325594389002, 'gamma': 0.9346266861410479, 'sigma_update': 0.20254510850341836, 'eta_learning': 1.3094067776106653, 'sigma_boundary': 2.066073548996573, 'alpha': 0.9292221336567321}. Best is trial 50 with value: 0.019408103914194133.
[I 2026-03-06 06:37:22,783] Trial 119 finished with value: 0.04164747447029017 and parameters: {'sigma_noise': 0.1517058918817815, 'A_repulsion': 0.028586779391916402, 'gamma': 0.9299987959603936, 'sigma_update': 0.19272632505621648, 'eta_learning': 1.2498104882582302, 'sigma_boundary': 1.9571123421034287, 'alpha': 0.9358745766972176}. Best is trial 50 with value: 0.019408103914194133.
[I 2026-03-06 06:37:59,470] Trial 117 finished with value: 0.024505404104561094 and parameters: {'sigma_noise': 0.201671800980508, 'A_repulsion': 0.030909314462187185, 'gamma': 0.9338464880151166, 'sigma_update': 0.19874201752009527, 'eta_learning': 1.306287016778407, 'sigma_boundary': 1.997522318527886, 'alpha': 0.9246316403302509}. Best is trial 50 with value: 0.019408103914194133.
[I 2026-03-06 06:41:53,844] Trial 120 finished with value: 0.043854828305836265 and parameters: {'sigma_noise': 0.14986262351055332, 'A_repulsion': 0.03175942314276889, 'gamma': 0.9292456116532282, 'sigma_update': 0.20021801558090363, 'eta_learning': 0.3561957076593134, 'sigma_boundary': 2.009096675969094, 'alpha': 0.9277556631305819}. Best is trial 50 with value: 0.019408103914194133.
[I 2026-03-06 06:44:36,924] Trial 121 finished with value: 0.04678956705614447 and parameters: {'sigma_noise': 0.147801810872376, 'A_repulsion': 0.03711148890406559, 'gamma': 0.9322679091987837, 'sigma_update': 0.20150292687856694, 'eta_learning': 0.41531905566400107, 'sigma_boundary': 1.9219363705359789, 'alpha': 0.9232794751853362}. Best is trial 50 with value: 0.019408103914194133.
[I 2026-03-06 06:46:20,328] Trial 122 finished with value: 0.04605598914959046 and parameters: {'sigma_noise': 0.14615877478883654, 'A_repulsion': 0.03507983744893667, 'gamma': 0.9268928550495085, 'sigma_update': 0.1974897643974704, 'eta_learning': 0.4209087626143863, 'sigma_boundary': 6.990849908842193, 'alpha': 0.9315588950232498}. Best is trial 50 with value: 0.019408103914194133.
[I 2026-03-06 06:47:37,575] Trial 123 finished with value: 0.027406368282792293 and parameters: {'sigma_noise': 0.19824682240650895, 'A_repulsion': 0.033522242677742065, 'gamma': 0.7938759612553202, 'sigma_update': 0.2031426333887612, 'eta_learning': 0.4131790973377632, 'sigma_boundary': 7.046689587288597, 'alpha': 0.9254882614377523}. Best is trial 50 with value: 0.019408103914194133.
[I 2026-03-06 06:48:18,955] Trial 124 finished with value: 0.02685066186857301 and parameters: {'sigma_noise': 0.19522301464192446, 'A_repulsion': 0.031781593194869236, 'gamma': 0.9269902302669937, 'sigma_update': 0.20044473412918537, 'eta_learning': 0.43400247422645793, 'sigma_boundary': 7.205892492547303, 'alpha': 0.935743645431154}. Best is trial 50 with value: 0.019408103914194133.
[I 2026-03-06 06:48:39,812] Trial 125 finished with value: 0.022804295940324154 and parameters: {'sigma_noise': 0.2004132250349108, 'A_repulsion': 0.02353290949085781, 'gamma': 0.9263589290225008, 'sigma_update': 0.28582579617978754, 'eta_learning': 0.8796343117821384, 'sigma_boundary': 7.701420953500919, 'alpha': 0.9356696864978484}. Best is trial 50 with value: 0.019408103914194133.
[I 2026-03-06 06:49:28,110] Trial 127 finished with value: 0.024528515121458518 and parameters: {'sigma_noise': 0.19899286826739762, 'A_repulsion': 0.03023861728223114, 'gamma': 0.9255268662927744, 'sigma_update': 0.28623988965115765, 'eta_learning': 0.343411651281064, 'sigma_boundary': 7.104638143091128, 'alpha': 0.9294256980654089}. Best is trial 50 with value: 0.019408103914194133.
[I 2026-03-06 06:49:28,567] Trial 128 finished with value: 0.023363538106525125 and parameters: {'sigma_noise': 0.20183038362758232, 'A_repulsion': 0.029158197734182677, 'gamma': 0.9301445618189061, 'sigma_update': 0.2832980980782098, 'eta_learning': 0.3670132240144322, 'sigma_boundary': 5.843833343530206, 'alpha': 0.9299182469787397}. Best is trial 50 with value: 0.019408103914194133.
[I 2026-03-06 06:49:30,218] Trial 126 finished with value: 0.02584174019783766 and parameters: {'sigma_noise': 0.20120464010813907, 'A_repulsion': 0.03605874455904079, 'gamma': 0.9276980754372082, 'sigma_update': 0.20225696795136924, 'eta_learning': 0.4000348922679988, 'sigma_boundary': 6.995576608507722, 'alpha': 0.9372094616747655}. Best is trial 50 with value: 0.019408103914194133.
[I 2026-03-06 06:49:32,548] Trial 129 finished with value: 0.02296528202087516 and parameters: {'sigma_noise': 0.20277545010716871, 'A_repulsion': 0.024636854140635545, 'gamma': 0.9250388282419122, 'sigma_update': 0.28748507300217313, 'eta_learning': 0.312495702829911, 'sigma_boundary': 6.951575818698112, 'alpha': 0.9349181156250427}. Best is trial 50 with value: 0.019408103914194133.
[I 2026-03-06 06:49:32,662] Trial 131 finished with value: 0.027790484184401668 and parameters: {'sigma_noise': 0.19806117430157374, 'A_repulsion': 0.022315396094883685, 'gamma': 0.793528954882875, 'sigma_update': 0.2758497206251658, 'eta_learning': 0.289189272751586, 'sigma_boundary': 7.772168988658288, 'alpha': 0.8267670073823137}. Best is trial 50 with value: 0.019408103914194133.
[I 2026-03-06 06:49:50,200] Trial 136 finished with value: 0.031183504645976377 and parameters: {'sigma_noise': 0.20303864267334198, 'A_repulsion': 0.0008346545487042832, 'gamma': 0.7107192231573853, 'sigma_update': 0.2932672503673953, 'eta_learning': 0.8713272347811883, 'sigma_boundary': 6.920693158215929, 'alpha': 0.8556441442771945}. Best is trial 50 with value: 0.019408103914194133.
[I 2026-03-06 06:49:50,649] Trial 130 finished with value: 0.028066730496690943 and parameters: {'sigma_noise': 0.19681208686129884, 'A_repulsion': 0.03537422980284175, 'gamma': 0.7928933793180976, 'sigma_update': 0.29329239513007366, 'eta_learning': 0.3476596122237888, 'sigma_boundary': 5.8707249201977305, 'alpha': 0.9291547373268202}. Best is trial 50 with value: 0.019408103914194133.
[I 2026-03-06 06:50:37,001] Trial 132 finished with value: 0.030447299620663653 and parameters: {'sigma_noise': 0.198475349921518, 'A_repulsion': 0.09238738065006288, 'gamma': 0.787594285039099, 'sigma_update': 0.27409088440090523, 'eta_learning': 0.9130242512242694, 'sigma_boundary': 5.805851264783189, 'alpha': 0.8205793790649211}. Best is trial 50 with value: 0.019408103914194133.
[I 2026-03-06 06:50:37,831] Trial 137 finished with value: 0.03341280781610198 and parameters: {'sigma_noise': 0.19675220782524722, 'A_repulsion': 0.04524315394287248, 'gamma': 0.6906269541932157, 'sigma_update': 0.2913396973047262, 'eta_learning': 1.4612287998590747, 'sigma_boundary': 7.750198629694037, 'alpha': 0.9502600825547384}. Best is trial 50 with value: 0.019408103914194133.
[I 2026-03-06 06:51:14,464] Trial 134 finished with value: 0.0383673600471629 and parameters: {'sigma_noise': 0.19986858609339272, 'A_repulsion': 0.09426732377956273, 'gamma': 0.7053493379651095, 'sigma_update': 0.27076466548189876, 'eta_learning': 0.9040516321263014, 'sigma_boundary': 7.06672531855739, 'alpha': 0.8320099122993079}. Best is trial 50 with value: 0.019408103914194133.
[I 2026-03-06 06:51:24,322] Trial 150 finished with value: 0.02518494123716373 and parameters: {'sigma_noise': 0.20845847981654733, 'A_repulsion': 0.00012390226386636144, 'gamma': 0.7713432652504189, 'sigma_update': 0.281146056128093, 'eta_learning': 0.2965576367673325, 'sigma_boundary': 7.042903252972968, 'alpha': 0.8907452422706016}. Best is trial 50 with value: 0.019408103914194133.
