[I 2026-03-06 05:32:58,315] Trial 31 finished with value: 0.4005943710626654 and parameters: {'sigma_noise': 0.15670926134980762, 'A_repulsion': 0.25689721146005795, 'gamma': 0.09256116772099525, 'sigma_update': 0.650447189006952, 'eta_learning': 0.23646296963990404, 'sigma_boundary': 5.819079653810628, 'alpha': 0.18236965679535688}. Best is trial 3 with value: 0.042083422726786696.
[I 2026-03-06 05:33:16,961] Trial 42 finished with value: 0.1389002327469432 and parameters: {'sigma_noise': 0.05285668921794448, 'A_repulsion': 0.26816133216823024, 'gamma': 0.8275329555359082, 'sigma_update': 0.27441400215165995, 'eta_learning': 0.1692928296677214, 'sigma_boundary': 0.3301169301365068, 'alpha': 0.6938089886551302}. Best is trial 3 with value: 0.042083422726786696.
[I 2026-03-06 05:33:49,119] Trial 43 finished with value: 0.13242061491983748 and parameters: {'sigma_noise': 0.055798672946734365, 'A_repulsion': 0.2741338508148067, 'gamma': 0.8264796918908502, 'sigma_update': 0.2018307049353159, 'eta_learning': 0.07021637223065702, 'sigma_boundary': 9.836685356675874, 'alpha': 0.6853620074524761}. Best is trial 3 with value: 0.042083422726786696.
[I 2026-03-06 05:33:57,385] Trial 29 finished with value: 0.10855460986061792 and parameters: {'sigma_noise': 0.19720591393535097, 'A_repulsion': 0.362161645103479, 'gamma': 0.9085703331056101, 'sigma_update': 0.6362420393905012, 'eta_learning': 1.5881466524668852, 'sigma_boundary': 0.9048972652202538, 'alpha': 0.5573800966758379}. Best is trial 3 with value: 0.042083422726786696.
[I 2026-03-06 05:34:01,274] Trial 26 finished with value: 0.7885806892875421 and parameters: {'sigma_noise': 0.2285418350547278, 'A_repulsion': 0.4837816492040575, 'gamma': 0.25109967340080613, 'sigma_update': 0.24133133314099794, 'eta_learning': 0.732609780162352, 'sigma_boundary': 3.033525491319332, 'alpha': 0.33358392473885856}. Best is trial 3 with value: 0.042083422726786696.
[I 2026-03-06 05:34:04,157] Trial 45 finished with value: 0.060495544090629697 and parameters: {'sigma_noise': 0.10323730432851905, 'A_repulsion': 0.08668891829218309, 'gamma': 0.8057166490828341, 'sigma_update': 0.22612095489789072, 'eta_learning': 0.2754360125163874, 'sigma_boundary': 7.167397316845886, 'alpha': 0.7151097091614593}. Best is trial 3 with value: 0.042083422726786696.
[I 2026-03-06 05:34:35,725] Trial 44 finished with value: 0.08170841516195135 and parameters: {'sigma_noise': 0.09970782994971825, 'A_repulsion': 0.26679449549786716, 'gamma': 0.7972951656620796, 'sigma_update': 0.23513275677830256, 'eta_learning': 0.12267104207200724, 'sigma_boundary': 9.835737532704256, 'alpha': 0.7304856737738012}. Best is trial 3 with value: 0.042083422726786696.
[I 2026-03-06 05:34:59,100] Trial 28 finished with value: 0.7604308193611267 and parameters: {'sigma_noise': 0.29761484755944534, 'A_repulsion': 0.34737967255284236, 'gamma': 0.06526069606553145, 'sigma_update': 0.0985428258348128, 'eta_learning': 0.7185558565453354, 'sigma_boundary': 3.1298159397812975, 'alpha': 0.3480050542818124}. Best is trial 3 with value: 0.042083422726786696.
[I 2026-03-06 05:35:10,471] Trial 25 finished with value: 2.8980479880321726 and parameters: {'sigma_noise': 0.3784380279273325, 'A_repulsion': 0.4745888772495396, 'gamma': 0.07365102467490214, 'sigma_update': 0.4038340976355318, 'eta_learning': 1.5182083003325122, 'sigma_boundary': 8.081020700621936, 'alpha': 0.1377764724955759}. Best is trial 3 with value: 0.042083422726786696.
[I 2026-03-06 05:35:11,740] Trial 27 finished with value: 1.1367968945238063 and parameters: {'sigma_noise': 0.27306237577163855, 'A_repulsion': 0.4092040718657817, 'gamma': 0.030317022498263277, 'sigma_update': 0.013962436449374865, 'eta_learning': 2.231546604671045, 'sigma_boundary': 5.43035653524362, 'alpha': 0.7518725711482718}. Best is trial 3 with value: 0.042083422726786696.
[I 2026-03-06 05:35:13,965] Trial 32 finished with value: 0.3942318927796288 and parameters: {'sigma_noise': 0.23671202953225723, 'A_repulsion': 0.43434359097331465, 'gamma': 0.06491516888328214, 'sigma_update': 0.5612907055773187, 'eta_learning': 2.6967155497133897, 'sigma_boundary': 0.32016792001602107, 'alpha': 0.5304384987448211}. Best is trial 3 with value: 0.042083422726786696.
[I 2026-03-06 05:35:15,889] Trial 40 finished with value: 0.0370946272872743 and parameters: {'sigma_noise': 0.18819135820895738, 'A_repulsion': 0.2755792552597117, 'gamma': 0.8114451098039723, 'sigma_update': 0.20407209196924864, 'eta_learning': 1.2400418978991021, 'sigma_boundary': 0.1720946612725478, 'alpha': 0.7106256480844677}. Best is trial 40 with value: 0.0370946272872743.
[I 2026-03-06 05:35:24,168] Trial 41 finished with value: 0.03571869880227692 and parameters: {'sigma_noise': 0.18820081453503731, 'A_repulsion': 0.2734151264196322, 'gamma': 0.80482285792463, 'sigma_update': 0.22670202711759074, 'eta_learning': 0.10225608733034125, 'sigma_boundary': 0.023500222047894592, 'alpha': 0.6694839855584093}. Best is trial 41 with value: 0.03571869880227692.
[I 2026-03-06 05:35:24,875] Trial 46 finished with value: 0.0762748934448696 and parameters: {'sigma_noise': 0.10671470895268663, 'A_repulsion': 0.26998791902517916, 'gamma': 0.8318486112864305, 'sigma_update': 0.3585654667674234, 'eta_learning': 0.1365917755686039, 'sigma_boundary': 9.682850926818201, 'alpha': 0.7309719625740726}. Best is trial 41 with value: 0.03571869880227692.
[I 2026-03-06 05:36:08,721] Trial 34 finished with value: 0.06748702423564634 and parameters: {'sigma_noise': 0.3703414856029368, 'A_repulsion': 0.25413447188139593, 'gamma': 0.7779993101091757, 'sigma_update': 0.42555105900470636, 'eta_learning': 0.10757564700254618, 'sigma_boundary': 0.17495760638971536, 'alpha': 0.6637160677523759}. Best is trial 41 with value: 0.03571869880227692.
[I 2026-03-06 05:36:15,440] Trial 36 finished with value: 0.03439299173415012 and parameters: {'sigma_noise': 0.296159206035559, 'A_repulsion': 0.26442157297542723, 'gamma': 0.8177080553170062, 'sigma_update': 0.4262279846648492, 'eta_learning': 0.1006616319035471, 'sigma_boundary': 9.964819250553006, 'alpha': 0.6547689698642238}. Best is trial 36 with value: 0.03439299173415012.
[I 2026-03-06 05:36:35,296] Trial 35 finished with value: 0.04893102728131436 and parameters: {'sigma_noise': 0.3237731971022935, 'A_repulsion': 0.2508671511965869, 'gamma': 0.7956245034459088, 'sigma_update': 0.39783939375199046, 'eta_learning': 0.15179536151031026, 'sigma_boundary': 9.453308535817975, 'alpha': 0.670756076623879}. Best is trial 36 with value: 0.03439299173415012.
[I 2026-03-06 05:36:47,718] Trial 47 finished with value: 0.06479863267891131 and parameters: {'sigma_noise': 0.10174131043434662, 'A_repulsion': 0.250007001443241, 'gamma': 0.818942932086614, 'sigma_update': 0.3660984960234287, 'eta_learning': 1.1938890422760249, 'sigma_boundary': 9.959293117478131, 'alpha': 0.7448877660057709}. Best is trial 36 with value: 0.03439299173415012.
[I 2026-03-06 05:36:51,040] Trial 33 finished with value: 2.4010881976978444 and parameters: {'sigma_noise': 0.3584542472146159, 'A_repulsion': 0.4768131871943086, 'gamma': 0.19283752528576825, 'sigma_update': 0.4722025890006966, 'eta_learning': 1.609745136393002, 'sigma_boundary': 1.0199614479484977, 'alpha': 0.2819248892544994}. Best is trial 36 with value: 0.03439299173415012.
[I 2026-03-06 05:37:45,422] Trial 39 finished with value: 0.10708678268402522 and parameters: {'sigma_noise': 0.42077335583347414, 'A_repulsion': 0.28192427674795195, 'gamma': 0.8198869079204499, 'sigma_update': 0.2291057190359505, 'eta_learning': 0.08635686029513279, 'sigma_boundary': 0.26378599657244095, 'alpha': 0.6902239169481011}. Best is trial 36 with value: 0.03439299173415012.
[I 2026-03-06 05:37:54,834] Trial 38 finished with value: 0.09106162431871617 and parameters: {'sigma_noise': 0.4412556881156574, 'A_repulsion': 0.2932250086988597, 'gamma': 0.7987981646816571, 'sigma_update': 0.41308742989849073, 'eta_learning': 0.05757411730805856, 'sigma_boundary': 9.42917436135443, 'alpha': 0.6498763810589949}. Best is trial 36 with value: 0.03439299173415012.
[I 2026-03-06 05:38:01,614] Trial 37 finished with value: 0.09579209188606715 and parameters: {'sigma_noise': 0.44453088725045886, 'A_repulsion': 0.2922732148654722, 'gamma': 0.8086588644128891, 'sigma_update': 0.39691194239893673, 'eta_learning': 0.16328955486407654, 'sigma_boundary': 0.08421105769838455, 'alpha': 0.6593047378683464}. Best is trial 36 with value: 0.03439299173415012.
[I 2026-03-06 05:43:20,667] Trial 48 finished with value: 0.07112100763918777 and parameters: {'sigma_noise': 0.0926454246795944, 'A_repulsion': 0.25738436425874, 'gamma': 0.8059818167096625, 'sigma_update': 0.36012447571844824, 'eta_learning': 1.1563810654946942, 'sigma_boundary': 6.571078736668109, 'alpha': 0.7344862729598246}. Best is trial 36 with value: 0.03439299173415012.
[I 2026-03-06 05:43:23,524] Trial 50 finished with value: 0.07545708731206266 and parameters: {'sigma_noise': 0.09605409195279421, 'A_repulsion': 0.08554608530740827, 'gamma': 0.8240839565053562, 'sigma_update': 0.376409257886396, 'eta_learning': 1.128536762240588, 'sigma_boundary': 6.749605665201396, 'alpha': 0.739675968860805}. Best is trial 36 with value: 0.03439299173415012.
[I 2026-03-06 05:43:57,529] Trial 51 finished with value: 0.07760110738452755 and parameters: {'sigma_noise': 0.08551421357538086, 'A_repulsion': 0.08278136406678331, 'gamma': 0.7718930485472292, 'sigma_update': 0.3656581978219369, 'eta_learning': 1.190088568456874, 'sigma_boundary': 9.526007143530947, 'alpha': 0.7650257090045615}. Best is trial 36 with value: 0.03439299173415012.
[I 2026-03-06 05:43:58,776] Trial 49 finished with value: 0.06675187105771399 and parameters: {'sigma_noise': 0.10861542644398706, 'A_repulsion': 0.25973578205638387, 'gamma': 0.8252902621411945, 'sigma_update': 0.3777893330178172, 'eta_learning': 0.18360064609983262, 'sigma_boundary': 9.981950492894208, 'alpha': 0.7343160988570028}. Best is trial 36 with value: 0.03439299173415012.
[I 2026-03-06 05:44:12,060] Trial 55 finished with value: 0.06677045536160581 and parameters: {'sigma_noise': 0.09626224737550163, 'A_repulsion': 0.08652001347036681, 'gamma': 0.7574841251255833, 'sigma_update': 0.3663036950464082, 'eta_learning': 1.1602462533544255, 'sigma_boundary': 6.972265568548027, 'alpha': 0.811510843390037}. Best is trial 36 with value: 0.03439299173415012.
[I 2026-03-06 05:44:41,373] Trial 52 finished with value: 0.07283730668463692 and parameters: {'sigma_noise': 0.0966072195445597, 'A_repulsion': 0.08624596370485987, 'gamma': 0.7386105078791436, 'sigma_update': 0.39953103895221687, 'eta_learning': 1.1471675156706567, 'sigma_boundary': 6.9456079071369095, 'alpha': 0.7452891710601359}. Best is trial 36 with value: 0.03439299173415012.
[I 2026-03-06 05:44:49,599] Trial 54 finished with value: 0.0720066035808408 and parameters: {'sigma_noise': 0.09814400856363893, 'A_repulsion': 0.09121999888569163, 'gamma': 0.7494375328863088, 'sigma_update': 0.368893339257497, 'eta_learning': 1.161010471501701, 'sigma_boundary': 6.725536984971215, 'alpha': 0.751048402857458}. Best is trial 36 with value: 0.03439299173415012.
[I 2026-03-06 05:44:51,105] Trial 53 finished with value: 0.07093026074692045 and parameters: {'sigma_noise': 0.0996770514805834, 'A_repulsion': 0.08269491333364336, 'gamma': 0.7664040461309723, 'sigma_update': 0.37155630735429696, 'eta_learning': 1.0765323186072988, 'sigma_boundary': 6.850540512096944, 'alpha': 0.7665500859044645}. Best is trial 36 with value: 0.03439299173415012.
[I 2026-03-06 05:45:15,666] Trial 56 finished with value: 0.061079151033623345 and parameters: {'sigma_noise': 0.10713564114249939, 'A_repulsion': 0.08829820141790667, 'gamma': 0.7322987349293022, 'sigma_update': 0.3608251637190481, 'eta_learning': 1.1387527742633685, 'sigma_boundary': 6.836386111476521, 'alpha': 0.7879500118916827}. Best is trial 36 with value: 0.03439299173415012.
[I 2026-03-06 05:45:23,387] Trial 58 finished with value: 0.06946369510451494 and parameters: {'sigma_noise': 0.09753207135172147, 'A_repulsion': 0.08334221777052818, 'gamma': 0.7446213777907118, 'sigma_update': 0.3649507074728548, 'eta_learning': 1.114317073402149, 'sigma_boundary': 7.288430875466575, 'alpha': 0.7645175294754999}. Best is trial 36 with value: 0.03439299173415012.
[I 2026-03-06 05:45:43,316] Trial 59 finished with value: 0.0696997512948378 and parameters: {'sigma_noise': 0.09664430082017447, 'A_repulsion': 0.08231934674813074, 'gamma': 0.7530881787842488, 'sigma_update': 0.3534845268471113, 'eta_learning': 1.125716699843026, 'sigma_boundary': 7.079563793234685, 'alpha': 0.7656350757790469}. Best is trial 36 with value: 0.03439299173415012.
[I 2026-03-06 05:45:44,720] Trial 57 finished with value: 0.0686629666049651 and parameters: {'sigma_noise': 0.09367230470409238, 'A_repulsion': 0.11389524122432634, 'gamma': 0.7492612790068519, 'sigma_update': 0.3614978369553434, 'eta_learning': 1.1106732274067304, 'sigma_boundary': 7.060161162152429, 'alpha': 0.7814805707543906}. Best is trial 36 with value: 0.03439299173415012.
[I 2026-03-06 05:45:45,612] Trial 60 finished with value: 0.08527911362638359 and parameters: {'sigma_noise': 0.09562966896964871, 'A_repulsion': 0.09002009419669144, 'gamma': 0.744033903897992, 'sigma_update': 0.36534884879935053, 'eta_learning': 1.1582377655224692, 'sigma_boundary': 6.852608463343069, 'alpha': 0.6169179311499571}. Best is trial 36 with value: 0.03439299173415012.
[I 2026-03-06 05:45:49,887] Trial 61 finished with value: 0.078051046635415 and parameters: {'sigma_noise': 0.1072804308913751, 'A_repulsion': 0.1119873760752902, 'gamma': 0.7443976406812692, 'sigma_update': 0.3592369317289449, 'eta_learning': 1.1387818006293757, 'sigma_boundary': 6.879623833735076, 'alpha': 0.6107981865544717}. Best is trial 36 with value: 0.03439299173415012.
[I 2026-03-06 05:48:02,519] Trial 62 finished with value: 0.052117176071326654 and parameters: {'sigma_noise': 0.18342616736244877, 'A_repulsion': 0.21651218221496799, 'gamma': 0.7313225755461045, 'sigma_update': 0.3523970869393986, 'eta_learning': 1.1681029012898299, 'sigma_boundary': 1.7326704452885637, 'alpha': 0.6106059317665694}. Best is trial 36 with value: 0.03439299173415012.
[I 2026-03-06 05:48:14,009] Trial 63 finished with value: 0.049723909643397894 and parameters: {'sigma_noise': 0.18722668721383084, 'A_repulsion': 0.22504639249253028, 'gamma': 0.7384562727556128, 'sigma_update': 0.3560782979127496, 'eta_learning': 1.1682883873748273, 'sigma_boundary': 1.9406772722352823, 'alpha': 0.6236561955013219}. Best is trial 36 with value: 0.03439299173415012.
[I 2026-03-06 05:48:49,092] Trial 64 finished with value: 0.06556156051158664 and parameters: {'sigma_noise': 0.18392969922965682, 'A_repulsion': 0.22486766302720798, 'gamma': 0.7352627590871379, 'sigma_update': 0.36556045704939305, 'eta_learning': 1.1507168769976643, 'sigma_boundary': 7.147888631700328, 'alpha': 0.6064002637983753}. Best is trial 36 with value: 0.03439299173415012.
[I 2026-03-06 05:49:05,803] Trial 65 finished with value: 0.06609843693177217 and parameters: {'sigma_noise': 0.18279657905048488, 'A_repulsion': 0.23424254437495987, 'gamma': 0.7337514574267153, 'sigma_update': 0.37325708336006863, 'eta_learning': 1.1019941257387533, 'sigma_boundary': 9.277297201307587, 'alpha': 0.6048764201031502}. Best is trial 36 with value: 0.03439299173415012.
[I 2026-03-06 05:50:42,175] Trial 66 finished with value: 0.10306767156293237 and parameters: {'sigma_noise': 0.332016224825328, 'A_repulsion': 0.22275476122855137, 'gamma': 0.7347743781890708, 'sigma_update': 0.3470308013378145, 'eta_learning': 1.0930097166507156, 'sigma_boundary': 8.922940522836655, 'alpha': 0.6115773359076292}. Best is trial 36 with value: 0.03439299173415012.
[I 2026-03-06 05:50:57,127] Trial 68 finished with value: 0.0845880377667882 and parameters: {'sigma_noise': 0.328446987670247, 'A_repulsion': 0.20849046005808033, 'gamma': 0.7486897077338915, 'sigma_update': 0.3333824303175064, 'eta_learning': 0.39341484021494405, 'sigma_boundary': 8.885709155594576, 'alpha': 0.6181403737723213}. Best is trial 36 with value: 0.03439299173415012.
[I 2026-03-06 05:51:04,066] Trial 67 finished with value: 0.1351757817225826 and parameters: {'sigma_noise': 0.33491427042465166, 'A_repulsion': 0.218995416894901, 'gamma': 0.7347173708896626, 'sigma_update': 0.48417574560577425, 'eta_learning': 0.392566051412461, 'sigma_boundary': 8.855758908879652, 'alpha': 0.6045225946079356}. Best is trial 36 with value: 0.03439299173415012.
[I 2026-03-06 05:51:37,494] Trial 69 finished with value: 0.05564226400124537 and parameters: {'sigma_noise': 0.3211398422803677, 'A_repulsion': 0.2235449509471385, 'gamma': 0.7287324225181329, 'sigma_update': 0.34216824459877704, 'eta_learning': 0.3661170156225911, 'sigma_boundary': 8.955073405788854, 'alpha': 0.8048174077852197}. Best is trial 36 with value: 0.03439299173415012.
[I 2026-03-06 05:51:51,978] Trial 70 finished with value: 0.08360721929267785 and parameters: {'sigma_noise': 0.3426513446262843, 'A_repulsion': 0.18579714581508694, 'gamma': 0.7199139250416555, 'sigma_update': 0.1484550957300862, 'eta_learning': 0.3278126797634216, 'sigma_boundary': 9.103722236837424, 'alpha': 0.6210675838758464}. Best is trial 36 with value: 0.03439299173415012.
[I 2026-03-06 05:51:54,181] Trial 71 finished with value: 0.0530590353128743 and parameters: {'sigma_noise': 0.327565951916799, 'A_repulsion': 0.22173117694084882, 'gamma': 0.7494046602040301, 'sigma_update': 0.3320749573324029, 'eta_learning': 0.37861984818176353, 'sigma_boundary': 1.558110325647883, 'alpha': 0.8010148033721439}. Best is trial 36 with value: 0.03439299173415012.
[I 2026-03-06 05:55:25,723] Trial 72 finished with value: 0.04211835604820825 and parameters: {'sigma_noise': 0.18506678941718854, 'A_repulsion': 0.23104803917707403, 'gamma': 0.7367925033583026, 'sigma_update': 0.16175572448703646, 'eta_learning': 0.3562628254254675, 'sigma_boundary': 8.888727081748444, 'alpha': 0.8047940591745002}. Best is trial 36 with value: 0.03439299173415012.
[I 2026-03-06 05:56:55,680] Trial 73 finished with value: 0.08904071810597514 and parameters: {'sigma_noise': 0.32445934615778094, 'A_repulsion': 0.22225015444469756, 'gamma': 0.7291424195002459, 'sigma_update': 0.3320374942510098, 'eta_learning': 0.3928605899715285, 'sigma_boundary': 8.905392257860413, 'alpha': 0.6091957995150704}. Best is trial 36 with value: 0.03439299173415012.
[I 2026-03-06 05:57:08,185] Trial 82 finished with value: 0.026831356830599472 and parameters: {'sigma_noise': 0.17292652755283835, 'A_repulsion': 0.21350347370026343, 'gamma': 0.8924039998386575, 'sigma_update': 0.16052805339268478, 'eta_learning': 0.419314611604111, 'sigma_boundary': 8.986272946801787, 'alpha': 0.6047704230510722}. Best is trial 82 with value: 0.026831356830599472.
[I 2026-03-06 05:57:23,512] Trial 84 finished with value: 0.025554526414738654 and parameters: {'sigma_noise': 0.17600990269228706, 'A_repulsion': 0.2148770289126801, 'gamma': 0.8882911061935527, 'sigma_update': 0.32791363483343844, 'eta_learning': 0.37657244424445213, 'sigma_boundary': 8.950810804484862, 'alpha': 0.6058640066813143}. Best is trial 84 with value: 0.025554526414738654.
[I 2026-03-06 05:57:30,312] Trial 85 finished with value: 0.02564171409892083 and parameters: {'sigma_noise': 0.17848967240062616, 'A_repulsion': 0.22716869881960394, 'gamma': 0.8807360027780213, 'sigma_update': 0.3302318484154447, 'eta_learning': 0.31602148084129833, 'sigma_boundary': 9.105255533804513, 'alpha': 0.5996996529756636}. Best is trial 84 with value: 0.025554526414738654.
[I 2026-03-06 05:57:36,774] Trial 74 finished with value: 0.09359516864755725 and parameters: {'sigma_noise': 0.3343648594209529, 'A_repulsion': 0.20735232370284196, 'gamma': 0.7294346682716324, 'sigma_update': 0.33220095407933076, 'eta_learning': 0.38892503995808747, 'sigma_boundary': 8.93637441045243, 'alpha': 0.6108028244163574}. Best is trial 84 with value: 0.025554526414738654.
[I 2026-03-06 05:57:41,004] Trial 75 finished with value: 0.03738364565885348 and parameters: {'sigma_noise': 0.3309871389836642, 'A_repulsion': 0.21694332015426668, 'gamma': 0.8865609148344985, 'sigma_update': 0.32299392983738706, 'eta_learning': 0.41164326596706186, 'sigma_boundary': 8.902513683065976, 'alpha': 0.6045505619131595}. Best is trial 84 with value: 0.025554526414738654.
[I 2026-03-06 05:57:48,712] Trial 76 finished with value: 0.056428271349641235 and parameters: {'sigma_noise': 0.3307764597835701, 'A_repulsion': 0.21678806492492525, 'gamma': 0.8735491156217675, 'sigma_update': 0.15014813343117805, 'eta_learning': 0.38426164660805173, 'sigma_boundary': 8.856915338777727, 'alpha': 0.6124426904015144}. Best is trial 84 with value: 0.025554526414738654.
[I 2026-03-06 05:58:09,972] Trial 77 finished with value: 0.038745807072506216 and parameters: {'sigma_noise': 0.3225107557900139, 'A_repulsion': 0.22121936562005498, 'gamma': 0.8663155633495867, 'sigma_update': 0.3238411639613316, 'eta_learning': 0.41821664275514425, 'sigma_boundary': 8.921827484240964, 'alpha': 0.6103001280333589}. Best is trial 84 with value: 0.025554526414738654.
[I 2026-03-06 05:58:14,391] Trial 78 finished with value: 0.03414983490280386 and parameters: {'sigma_noise': 0.31379472604318787, 'A_repulsion': 0.22172726265809473, 'gamma': 0.8815478043802996, 'sigma_update': 0.32822516012434466, 'eta_learning': 0.48455048870081296, 'sigma_boundary': 8.951590035869543, 'alpha': 0.6059432224692901}. Best is trial 84 with value: 0.025554526414738654.
[I 2026-03-06 05:58:24,160] Trial 80 finished with value: 0.04857954462605352 and parameters: {'sigma_noise': 0.3211428864767843, 'A_repulsion': 0.21328201872219504, 'gamma': 0.8787962893765058, 'sigma_update': 0.15026445618140202, 'eta_learning': 0.36326674460836006, 'sigma_boundary': 8.98219112707758, 'alpha': 0.6126001381298274}. Best is trial 84 with value: 0.025554526414738654.
