[I 2026-03-06 07:09:27,839] Trial 192 finished with value: 0.049802057671570046 and parameters: {'sigma_noise': 0.22555547809367216, 'A_repulsion': 0.009463517210105611, 'gamma': 0.958300608399001, 'sigma_update': 0.32697371062935976, 'eta_learning': 0.7351868309514891, 'sigma_boundary': 6.319072643634943, 'alpha': 0.5401189573121868}. Best is trial 189 with value: 0.01621521786509618.
[I 2026-03-06 07:09:28,061] Trial 193 finished with value: 0.01818898793691602 and parameters: {'sigma_noise': 0.21992621852058508, 'A_repulsion': 0.0072464273885645344, 'gamma': 0.9650466206246392, 'sigma_update': 0.3320714543309854, 'eta_learning': 1.0265802652877432, 'sigma_boundary': 6.654308576832305, 'alpha': 0.8607941506786376}. Best is trial 189 with value: 0.01621521786509618.
[I 2026-03-06 07:09:32,126] Trial 195 finished with value: 0.021897937582969658 and parameters: {'sigma_noise': 0.22185833239318106, 'A_repulsion': 0.004696265509582232, 'gamma': 0.9991515872996166, 'sigma_update': 0.3144730914826378, 'eta_learning': 1.6493375800218546, 'sigma_boundary': 6.462104923496413, 'alpha': 0.8670915925831953}. Best is trial 189 with value: 0.01621521786509618.
[I 2026-03-06 07:09:33,207] Trial 196 finished with value: 0.016148057511915663 and parameters: {'sigma_noise': 0.22303318904821218, 'A_repulsion': 0.004943634147638536, 'gamma': 0.9955855836792796, 'sigma_update': 0.31184872605626085, 'eta_learning': 1.398444359375245, 'sigma_boundary': 6.655998663133625, 'alpha': 0.8636515332836283}. Best is trial 196 with value: 0.016148057511915663.
[I 2026-03-06 07:09:40,054] Trial 197 finished with value: 0.017329540359806446 and parameters: {'sigma_noise': 0.2270731464346194, 'A_repulsion': 0.00019920218255402994, 'gamma': 0.9654934727787976, 'sigma_update': 0.33533632979898226, 'eta_learning': 1.6229557983080665, 'sigma_boundary': 6.65995937530146, 'alpha': 0.862317248607196}. Best is trial 196 with value: 0.016148057511915663.
[I 2026-03-06 07:09:43,493] Trial 198 finished with value: 0.019307152900228636 and parameters: {'sigma_noise': 0.2188013733508425, 'A_repulsion': 0.005181104137403452, 'gamma': 0.9627366501662485, 'sigma_update': 0.26009983020305777, 'eta_learning': 1.625568908059505, 'sigma_boundary': 6.700431151946897, 'alpha': 0.8562683028386283}. Best is trial 196 with value: 0.016148057511915663.
[I 2026-03-06 07:09:44,172] Trial 199 finished with value: 0.016255085889113827 and parameters: {'sigma_noise': 0.22190522221809955, 'A_repulsion': 0.009340223098382387, 'gamma': 0.9931234239965745, 'sigma_update': 0.3330829129467302, 'eta_learning': 1.412511957638328, 'sigma_boundary': 6.695547175924867, 'alpha': 0.8630520885954022}. Best is trial 196 with value: 0.016148057511915663.
