[I 2026-03-06 05:01:06,186] Trial 170 finished with value: 0.04966146062608195 and parameters: {'sigma_noise': 0.2974072471457094, 'A_repulsion': 0.13088049743286562, 'gamma': 0.9059636535905118, 'sigma_update': 0.61735863845802, 'eta_learning': 1.9151366382272035, 'sigma_boundary': 6.841549064029968, 'alpha': 0.6950346534177222}. Best is trial 150 with value: 0.017435921701255543.
[I 2026-03-06 05:01:57,320] Trial 171 finished with value: 0.0480582713187353 and parameters: {'sigma_noise': 0.31871548476896755, 'A_repulsion': 0.1262680573383905, 'gamma': 0.914484194127649, 'sigma_update': 0.6462905413996156, 'eta_learning': 1.7928499160395337, 'sigma_boundary': 6.926099342556436, 'alpha': 0.7144418737500828}. Best is trial 150 with value: 0.017435921701255543.
[I 2026-03-06 05:01:57,479] Trial 172 finished with value: 0.04964642643450819 and parameters: {'sigma_noise': 0.3029509151515686, 'A_repulsion': 0.1361916713241504, 'gamma': 0.9095328870737166, 'sigma_update': 0.6170163549115039, 'eta_learning': 1.735495240068281, 'sigma_boundary': 6.979044708082236, 'alpha': 0.693459885282678}. Best is trial 150 with value: 0.017435921701255543.
[I 2026-03-06 05:02:26,578] Trial 173 finished with value: 0.07887144218268938 and parameters: {'sigma_noise': 0.30300969205061046, 'A_repulsion': 0.136461212700516, 'gamma': 0.9061941304267951, 'sigma_update': 0.6690850191378116, 'eta_learning': 1.8336275402163482, 'sigma_boundary': 6.95898220350131, 'alpha': 0.676778058092327}. Best is trial 150 with value: 0.017435921701255543.
[I 2026-03-06 05:04:31,128] Trial 174 finished with value: 0.05982825929840815 and parameters: {'sigma_noise': 0.2999179854578509, 'A_repulsion': 0.1305204132693597, 'gamma': 0.9231309426722507, 'sigma_update': 0.6675512942612964, 'eta_learning': 1.780118545851857, 'sigma_boundary': 7.961861103438207, 'alpha': 0.6987483564616827}. Best is trial 150 with value: 0.017435921701255543.
[I 2026-03-06 05:04:55,932] Trial 175 finished with value: 0.06019106015158451 and parameters: {'sigma_noise': 0.3041344300323232, 'A_repulsion': 0.13478858098504654, 'gamma': 0.90613675348138, 'sigma_update': 0.6539774654166515, 'eta_learning': 1.7627113571798843, 'sigma_boundary': 6.316422227189987, 'alpha': 0.6949391299843273}. Best is trial 150 with value: 0.017435921701255543.
[I 2026-03-06 05:05:17,104] Trial 177 finished with value: 0.03621923715210224 and parameters: {'sigma_noise': 0.31666447996143154, 'A_repulsion': 0.13646469626946628, 'gamma': 0.9487251927127672, 'sigma_update': 0.6132188057172241, 'eta_learning': 1.8716644215777964, 'sigma_boundary': 6.948346745763982, 'alpha': 0.7155686206761519}. Best is trial 150 with value: 0.017435921701255543.
[I 2026-03-06 05:05:40,420] Trial 176 finished with value: 0.02796756993218397 and parameters: {'sigma_noise': 0.30428397978960786, 'A_repulsion': 0.2003678530266947, 'gamma': 0.949445988427131, 'sigma_update': 0.6165490065831458, 'eta_learning': 1.8938672323278438, 'sigma_boundary': 6.873415796716638, 'alpha': 0.7169799655116793}. Best is trial 150 with value: 0.017435921701255543.
[I 2026-03-06 05:05:40,925] Trial 180 finished with value: 0.03388243554314642 and parameters: {'sigma_noise': 0.323495300979254, 'A_repulsion': 0.19912506125897644, 'gamma': 0.942807803635085, 'sigma_update': 0.6572393522956759, 'eta_learning': 1.892161487241848, 'sigma_boundary': 8.005207273356138, 'alpha': 0.7306485715993739}. Best is trial 150 with value: 0.017435921701255543.
[I 2026-03-06 05:05:48,385] Trial 182 finished with value: 0.04123432029214979 and parameters: {'sigma_noise': 0.31636850113359977, 'A_repulsion': 0.11461435561915118, 'gamma': 0.9686946906875923, 'sigma_update': 0.6618995331763182, 'eta_learning': 1.9557778517958804, 'sigma_boundary': 6.700349867876796, 'alpha': 0.7311297024629061}. Best is trial 150 with value: 0.017435921701255543.
[I 2026-03-06 05:05:54,280] Trial 178 finished with value: 0.019705215905481816 and parameters: {'sigma_noise': 0.32033385655929375, 'A_repulsion': 0.1987828000615439, 'gamma': 0.8988088994942621, 'sigma_update': 0.6584659751474229, 'eta_learning': 1.8547370180516025, 'sigma_boundary': 6.926032719156752, 'alpha': 0.8268077861123918}. Best is trial 150 with value: 0.017435921701255543.
[I 2026-03-06 05:06:08,207] Trial 181 finished with value: 0.03168462367538116 and parameters: {'sigma_noise': 0.33697293132049666, 'A_repulsion': 0.20143910823920932, 'gamma': 0.8298524547770539, 'sigma_update': 0.6661029074001031, 'eta_learning': 1.8878577150614249, 'sigma_boundary': 7.02777910093301, 'alpha': 0.8239865593778148}. Best is trial 150 with value: 0.017435921701255543.
[I 2026-03-06 05:06:08,534] Trial 179 finished with value: 0.025573087934981448 and parameters: {'sigma_noise': 0.3180664097722715, 'A_repulsion': 0.20096121077901258, 'gamma': 0.9483954919532682, 'sigma_update': 0.657660642371108, 'eta_learning': 1.896415695896571, 'sigma_boundary': 1.3576450008539216, 'alpha': 0.7272683266232974}. Best is trial 150 with value: 0.017435921701255543.
[I 2026-03-06 05:06:25,326] Trial 183 finished with value: 0.016006079458046076 and parameters: {'sigma_noise': 0.31596588990932056, 'A_repulsion': 0.2017215108946744, 'gamma': 0.9450782013155583, 'sigma_update': 0.6560570283546907, 'eta_learning': 1.8990280308772063, 'sigma_boundary': 7.980856534549325, 'alpha': 0.8241739902075471}. Best is trial 183 with value: 0.016006079458046076.
[I 2026-03-06 05:06:36,764] Trial 186 finished with value: 0.03353086581379268 and parameters: {'sigma_noise': 0.31919293745894634, 'A_repulsion': 0.20342262510231174, 'gamma': 0.9615611344623919, 'sigma_update': 0.659544009149536, 'eta_learning': 1.6003564781812745, 'sigma_boundary': 6.729546285198092, 'alpha': 0.7246784956083862}. Best is trial 183 with value: 0.016006079458046076.
[I 2026-03-06 05:06:42,287] Trial 187 finished with value: 0.015639559417748687 and parameters: {'sigma_noise': 0.2794862166331732, 'A_repulsion': 0.19421038277572936, 'gamma': 0.9768007698510772, 'sigma_update': 0.6045505935654087, 'eta_learning': 1.8929055251754852, 'sigma_boundary': 8.000448430254263, 'alpha': 0.8230922769532637}. Best is trial 187 with value: 0.015639559417748687.
[I 2026-03-06 05:06:49,666] Trial 184 finished with value: 0.015472303886536639 and parameters: {'sigma_noise': 0.31129668249025066, 'A_repulsion': 0.19799282372566265, 'gamma': 0.9584619118717975, 'sigma_update': 0.6484771991107695, 'eta_learning': 1.9209148837644898, 'sigma_boundary': 6.715362955419332, 'alpha': 0.8266111057722917}. Best is trial 184 with value: 0.015472303886536639.
[I 2026-03-06 05:06:58,603] Trial 185 finished with value: 2.068219386735519 and parameters: {'sigma_noise': 0.31697693116129677, 'A_repulsion': 0.20191103885805714, 'gamma': 0.832188972506149, 'sigma_update': 0.6681094682929748, 'eta_learning': 1.9114265767497625, 'sigma_boundary': 6.745767528843604, 'alpha': 0.19904708659167275}. Best is trial 184 with value: 0.015472303886536639.
[I 2026-03-06 05:07:08,811] Trial 188 finished with value: 0.03438057388796856 and parameters: {'sigma_noise': 0.3186819098720832, 'A_repulsion': 0.19882952428656855, 'gamma': 0.9624716474984084, 'sigma_update': 0.67396115305027, 'eta_learning': 1.8339131894797704, 'sigma_boundary': 6.786537416476925, 'alpha': 0.7291956709685701}. Best is trial 184 with value: 0.015472303886536639.
[I 2026-03-06 05:07:14,764] Trial 191 finished with value: 0.018871427370935105 and parameters: {'sigma_noise': 0.32216095724019594, 'A_repulsion': 0.10946043951606739, 'gamma': 0.9533291778748043, 'sigma_update': 0.6648056182480481, 'eta_learning': 1.8528231426491308, 'sigma_boundary': 8.049315505144381, 'alpha': 0.8234407831987929}. Best is trial 184 with value: 0.015472303886536639.
[I 2026-03-06 05:07:21,245] Trial 190 finished with value: 0.01795256256613937 and parameters: {'sigma_noise': 0.3297667428502802, 'A_repulsion': 0.19384655486222624, 'gamma': 0.9771012059830745, 'sigma_update': 0.6662080863540794, 'eta_learning': 1.8438618804486553, 'sigma_boundary': 6.829011013786395, 'alpha': 0.8275405421450351}. Best is trial 184 with value: 0.015472303886536639.
[I 2026-03-06 05:07:26,396] Trial 189 finished with value: 0.01620202663691911 and parameters: {'sigma_noise': 0.31744632337848266, 'A_repulsion': 0.19985463766050968, 'gamma': 0.9500645998045523, 'sigma_update': 0.6676640034453303, 'eta_learning': 1.8856074710198254, 'sigma_boundary': 7.989641267803261, 'alpha': 0.826494086576306}. Best is trial 184 with value: 0.015472303886536639.
[I 2026-03-06 05:08:37,483] Trial 192 finished with value: 0.023506056217121145 and parameters: {'sigma_noise': 0.3186503709550404, 'A_repulsion': 0.10277683483809844, 'gamma': 0.9674651176707835, 'sigma_update': 0.6583634464514995, 'eta_learning': 1.888658209169039, 'sigma_boundary': 6.970657697566783, 'alpha': 0.7889092635152148}. Best is trial 184 with value: 0.015472303886536639.
[I 2026-03-06 05:09:00,493] Trial 193 finished with value: 0.01849501789613167 and parameters: {'sigma_noise': 0.32539884685253634, 'A_repulsion': 0.2000964932804319, 'gamma': 0.9651441650168787, 'sigma_update': 0.6759721814638808, 'eta_learning': 1.8827959962409575, 'sigma_boundary': 7.969401979111399, 'alpha': 0.789838607565196}. Best is trial 184 with value: 0.015472303886536639.
[I 2026-03-06 05:09:06,158] Trial 194 finished with value: 0.020983796221644993 and parameters: {'sigma_noise': 0.32772040759639837, 'A_repulsion': 0.1982094305085862, 'gamma': 0.9569313141648186, 'sigma_update': 0.683968690761299, 'eta_learning': 1.6245103704246358, 'sigma_boundary': 7.972834113540447, 'alpha': 0.783805317452903}. Best is trial 184 with value: 0.015472303886536639.
[I 2026-03-06 05:09:15,084] Trial 196 finished with value: 0.035617258587170755 and parameters: {'sigma_noise': 0.32596066747764907, 'A_repulsion': 0.20023339877349355, 'gamma': 0.8298292115182407, 'sigma_update': 0.6618925849828163, 'eta_learning': 1.6311167916651677, 'sigma_boundary': 6.572980866486256, 'alpha': 0.7865043369710198}. Best is trial 184 with value: 0.015472303886536639.
[I 2026-03-06 05:09:16,744] Trial 195 finished with value: 0.02302273641564896 and parameters: {'sigma_noise': 0.34079100099159054, 'A_repulsion': 0.18513598415563318, 'gamma': 0.9573037148841842, 'sigma_update': 0.65941687179415, 'eta_learning': 1.4966358017790506, 'sigma_boundary': 7.9205209154670495, 'alpha': 0.7867345039632908}. Best is trial 184 with value: 0.015472303886536639.
[I 2026-03-06 05:09:21,549] Trial 197 finished with value: 0.026793451078801007 and parameters: {'sigma_noise': 0.3153517526327321, 'A_repulsion': 0.20059389393961624, 'gamma': 0.8345358625484074, 'sigma_update': 0.670798979959814, 'eta_learning': 2.155194394651746, 'sigma_boundary': 0.856749841793861, 'alpha': 0.7828905885220675}. Best is trial 184 with value: 0.015472303886536639.
[I 2026-03-06 05:09:29,384] Trial 198 finished with value: 0.01984284196556691 and parameters: {'sigma_noise': 0.32928010052250944, 'A_repulsion': 0.19903442717782246, 'gamma': 0.9705867843070196, 'sigma_update': 0.6572969088785746, 'eta_learning': 1.6321524559866818, 'sigma_boundary': 8.418528349888586, 'alpha': 0.7821794060116812}. Best is trial 184 with value: 0.015472303886536639.
[I 2026-03-06 05:09:30,171] Trial 199 finished with value: 0.02056396730445774 and parameters: {'sigma_noise': 0.32682447070179843, 'A_repulsion': 0.20047101876675955, 'gamma': 0.9698300955714771, 'sigma_update': 0.6823465173862264, 'eta_learning': 2.0162361504815847, 'sigma_boundary': 6.500815653152961, 'alpha': 0.7866137804456365}. Best is trial 184 with value: 0.015472303886536639.
[I 2026-03-06 05:09:55,157] A new study created in memory with name: no-name-847b9926-b5ca-4eb3-b00d-a517933e749d
[I 2026-03-06 05:19:27,852] Trial 10 finished with value: 0.22446860120318174 and parameters: {'sigma_noise': 0.06759493220206321, 'A_repulsion': 0.16731223669281758, 'gamma': 0.4377839616959986, 'sigma_update': 0.0334027956590793, 'eta_learning': 0.8002576675513796, 'sigma_boundary': 4.550025475381871, 'alpha': 0.5228044435166967}. Best is trial 10 with value: 0.22446860120318174.
[I 2026-03-06 05:19:58,948] Trial 0 finished with value: 0.06665448232457027 and parameters: {'sigma_noise': 0.10957284283519685, 'A_repulsion': 0.16967268026439802, 'gamma': 0.6345167021110493, 'sigma_update': 0.5231476778440147, 'eta_learning': 0.4735062134590294, 'sigma_boundary': 5.5577536810402055, 'alpha': 0.8217158229303562}. Best is trial 0 with value: 0.06665448232457027.
[I 2026-03-06 05:20:04,197] Trial 23 finished with value: 0.44507544580390745 and parameters: {'sigma_noise': 0.21341356867292804, 'A_repulsion': 0.02562938074529042, 'gamma': 0.9603263347180647, 'sigma_update': 0.6433135465417863, 'eta_learning': 0.9141342367987828, 'sigma_boundary': 3.4388696682914857, 'alpha': 0.4166674128947002}. Best is trial 0 with value: 0.06665448232457027.
[I 2026-03-06 05:20:24,474] Trial 14 finished with value: 0.28072544047387615 and parameters: {'sigma_noise': 0.07713551051504478, 'A_repulsion': 0.31664782421705007, 'gamma': 0.4345787292140485, 'sigma_update': 0.642921944337119, 'eta_learning': 0.8981995019007677, 'sigma_boundary': 3.4441516112535613, 'alpha': 0.5286723196731807}. Best is trial 0 with value: 0.06665448232457027.
[I 2026-03-06 05:20:47,558] Trial 13 finished with value: 1.952793307823936 and parameters: {'sigma_noise': 0.16330038840326547, 'A_repulsion': 0.19467608106359569, 'gamma': 0.12043302096393159, 'sigma_update': 0.2790734891702219, 'eta_learning': 0.5745795361938887, 'sigma_boundary': 2.2750115354458926, 'alpha': 0.0024760885446524217}. Best is trial 0 with value: 0.06665448232457027.
[I 2026-03-06 05:20:50,025] Trial 3 finished with value: 0.042083422726786696 and parameters: {'sigma_noise': 0.13420178088416615, 'A_repulsion': 0.1487456283465547, 'gamma': 0.8243615076291346, 'sigma_update': 0.30218493285883563, 'eta_learning': 0.7059148684246755, 'sigma_boundary': 2.2068698499067128, 'alpha': 0.6788420987009643}. Best is trial 3 with value: 0.042083422726786696.
[I 2026-03-06 05:20:56,544] Trial 9 finished with value: 1.5853197302056612 and parameters: {'sigma_noise': 0.23826324336051125, 'A_repulsion': 0.0498257845564119, 'gamma': 0.5817425056659921, 'sigma_update': 0.30670167044277724, 'eta_learning': 0.5835241610177735, 'sigma_boundary': 5.9732449597107315, 'alpha': 0.03684904354021179}. Best is trial 3 with value: 0.042083422726786696.
[I 2026-03-06 05:21:24,371] Trial 16 finished with value: 0.11523338724153465 and parameters: {'sigma_noise': 0.114881333418032, 'A_repulsion': 0.3771625006771892, 'gamma': 0.9319448073902373, 'sigma_update': 0.13628758532957577, 'eta_learning': 2.558171753783515, 'sigma_boundary': 1.545471814355696, 'alpha': 0.9592391168074356}. Best is trial 3 with value: 0.042083422726786696.
[I 2026-03-06 05:21:26,117] Trial 20 finished with value: 0.07493530592455999 and parameters: {'sigma_noise': 0.14532651600386504, 'A_repulsion': 0.3303165021565043, 'gamma': 0.6651017831018325, 'sigma_update': 0.17806624891216735, 'eta_learning': 1.9416371687967737, 'sigma_boundary': 6.018738757637653, 'alpha': 0.9571825552361616}. Best is trial 3 with value: 0.042083422726786696.
[I 2026-03-06 05:21:29,024] Trial 21 finished with value: 0.05297765604625129 and parameters: {'sigma_noise': 0.13617422061237808, 'A_repulsion': 0.33290457037293364, 'gamma': 0.8091223104755845, 'sigma_update': 0.3073339641461176, 'eta_learning': 0.5485156979342972, 'sigma_boundary': 9.811748115461201, 'alpha': 0.5595264688776738}. Best is trial 3 with value: 0.042083422726786696.
[I 2026-03-06 05:21:51,724] Trial 7 finished with value: 0.1876663746532727 and parameters: {'sigma_noise': 0.13486766936286376, 'A_repulsion': 0.44919559311927104, 'gamma': 0.11971300190576925, 'sigma_update': 0.5595460905127908, 'eta_learning': 2.866703901759961, 'sigma_boundary': 9.476941424159431, 'alpha': 0.8523877927261746}. Best is trial 3 with value: 0.042083422726786696.
[I 2026-03-06 05:22:36,951] Trial 11 finished with value: 2.8404498409213943 and parameters: {'sigma_noise': 0.21532436648080616, 'A_repulsion': 0.4025151101481353, 'gamma': 0.46009220465251083, 'sigma_update': 0.10458540492241178, 'eta_learning': 1.5706364229419802, 'sigma_boundary': 1.0620895954873464, 'alpha': 0.12690782059938588}. Best is trial 3 with value: 0.042083422726786696.
[I 2026-03-06 05:22:39,445] Trial 5 finished with value: 1.8242922988179775 and parameters: {'sigma_noise': 0.3060242569026189, 'A_repulsion': 0.1594773633878745, 'gamma': 0.6409173666844862, 'sigma_update': 0.6714143402526854, 'eta_learning': 2.254068895359601, 'sigma_boundary': 7.695839192251486, 'alpha': 0.250414592859142}. Best is trial 3 with value: 0.042083422726786696.
[I 2026-03-06 05:22:46,294] Trial 4 finished with value: 1.4023014221742365 and parameters: {'sigma_noise': 0.29494320870174584, 'A_repulsion': 0.1963948008807061, 'gamma': 0.6659710135689135, 'sigma_update': 0.43941370966792187, 'eta_learning': 1.4987270731615834, 'sigma_boundary': 1.7849167469807043, 'alpha': 0.2868720865915334}. Best is trial 3 with value: 0.042083422726786696.
[I 2026-03-06 05:22:49,516] Trial 22 finished with value: 0.16843574203510048 and parameters: {'sigma_noise': 0.3630952155905511, 'A_repulsion': 0.11810221319787018, 'gamma': 0.05735602590943393, 'sigma_update': 0.30895485268220146, 'eta_learning': 0.6861032603997597, 'sigma_boundary': 8.046398657410238, 'alpha': 0.9005805718335887}. Best is trial 3 with value: 0.042083422726786696.
[I 2026-03-06 05:22:51,031] Trial 1 finished with value: 2.0411988454068832 and parameters: {'sigma_noise': 0.27558296308422653, 'A_repulsion': 0.2222460641672867, 'gamma': 0.016542473067500344, 'sigma_update': 0.397914603265606, 'eta_learning': 0.4608783444690653, 'sigma_boundary': 8.395782326056707, 'alpha': 0.11688311527995165}. Best is trial 3 with value: 0.042083422726786696.
[I 2026-03-06 05:22:54,549] Trial 18 finished with value: 0.17244950451460017 and parameters: {'sigma_noise': 0.42830869762147966, 'A_repulsion': 0.1232275568581252, 'gamma': 0.6715042920241852, 'sigma_update': 0.486608183863544, 'eta_learning': 1.2874150478891513, 'sigma_boundary': 5.783290870107701, 'alpha': 0.8860095666952568}. Best is trial 3 with value: 0.042083422726786696.
[I 2026-03-06 05:22:56,624] Trial 15 finished with value: 0.199808975845584 and parameters: {'sigma_noise': 0.17889016383552714, 'A_repulsion': 0.47731749246245475, 'gamma': 0.3913572049932056, 'sigma_update': 0.6534086859406376, 'eta_learning': 2.090219976406161, 'sigma_boundary': 2.8235083524430395, 'alpha': 0.8678778327280439}. Best is trial 3 with value: 0.042083422726786696.
[I 2026-03-06 05:23:03,961] Trial 6 finished with value: 0.32117821414390263 and parameters: {'sigma_noise': 0.284015053282307, 'A_repulsion': 0.31104487178662193, 'gamma': 0.5681226447102038, 'sigma_update': 0.4516412109894725, 'eta_learning': 0.4839894392900832, 'sigma_boundary': 5.004689943308251, 'alpha': 0.4902528011298557}. Best is trial 3 with value: 0.042083422726786696.
[I 2026-03-06 05:23:38,778] Trial 17 finished with value: 0.18672502212676556 and parameters: {'sigma_noise': 0.2585484328094783, 'A_repulsion': 0.4367946129940633, 'gamma': 0.5382521392465552, 'sigma_update': 0.0754162784050927, 'eta_learning': 2.3928127717432215, 'sigma_boundary': 0.10351018129885602, 'alpha': 0.6760973210201815}. Best is trial 3 with value: 0.042083422726786696.
[I 2026-03-06 05:23:51,224] Trial 19 finished with value: 0.225048556825312 and parameters: {'sigma_noise': 0.4386578669385098, 'A_repulsion': 0.16980064173329795, 'gamma': 0.1901230284615936, 'sigma_update': 0.1901993372418232, 'eta_learning': 0.12878905563854617, 'sigma_boundary': 0.9061463229703317, 'alpha': 0.9951335992424565}. Best is trial 3 with value: 0.042083422726786696.
[I 2026-03-06 05:23:53,194] Trial 2 finished with value: 0.6936636058632915 and parameters: {'sigma_noise': 0.33342050903458115, 'A_repulsion': 0.3043917545652046, 'gamma': 0.25269231484664245, 'sigma_update': 0.03084573663974717, 'eta_learning': 2.703174769163471, 'sigma_boundary': 7.8714123486751495, 'alpha': 0.8725431490382812}. Best is trial 3 with value: 0.042083422726786696.
[I 2026-03-06 05:24:02,742] Trial 8 finished with value: 0.12618374240511943 and parameters: {'sigma_noise': 0.31113585972166735, 'A_repulsion': 0.48962072159821673, 'gamma': 0.6984735080426594, 'sigma_update': 0.21564522246381412, 'eta_learning': 0.6577589501471903, 'sigma_boundary': 4.307831357221633, 'alpha': 0.5608830187820284}. Best is trial 3 with value: 0.042083422726786696.
[I 2026-03-06 05:25:08,601] Trial 12 finished with value: 0.1810970205302892 and parameters: {'sigma_noise': 0.43273863360586995, 'A_repulsion': 0.46835229811009643, 'gamma': 0.33395245984953276, 'sigma_update': 0.2883470997298105, 'eta_learning': 0.1094730070646574, 'sigma_boundary': 8.513819919133594, 'alpha': 0.6903247725489485}. Best is trial 3 with value: 0.042083422726786696.
[I 2026-03-06 05:31:44,249] Trial 24 finished with value: 0.10122499954273807 and parameters: {'sigma_noise': 0.1293382551932734, 'A_repulsion': 0.42812438166910033, 'gamma': 0.8103564346555915, 'sigma_update': 0.10904903059953562, 'eta_learning': 2.234037697068863, 'sigma_boundary': 2.8094421672918646, 'alpha': 0.9769640320899059}. Best is trial 3 with value: 0.042083422726786696.
[I 2026-03-06 05:31:46,152] Trial 30 finished with value: 0.1641653762925821 and parameters: {'sigma_noise': 0.05536199716719734, 'A_repulsion': 0.371892699339475, 'gamma': 0.14265958433554446, 'sigma_update': 0.2986689092158987, 'eta_learning': 1.7052486004345864, 'sigma_boundary': 0.25557770392752527, 'alpha': 0.8951285801701386}. Best is trial 3 with value: 0.042083422726786696.
