[I 2026-03-06 04:59:22,185] Trial 109 finished with value: 0.018256357141245787 and parameters: {'sigma_noise': 0.23921588840054123, 'A_repulsion': 0.1510024433614937, 'gamma': 0.7296943569525741, 'sigma_update': 0.21196558438473098, 'eta_learning': 0.6890987897480901, 'sigma_boundary': 1.0581078084286568, 'alpha': 0.7245459160701897}. Best is trial 109 with value: 0.018256357141245787.
[I 2026-03-06 04:59:31,626] Trial 118 finished with value: 0.013269349106338544 and parameters: {'sigma_noise': 0.22614335528416574, 'A_repulsion': 0.04737400194930588, 'gamma': 0.8106031995540174, 'sigma_update': 0.20845898809369506, 'eta_learning': 0.666916670104162, 'sigma_boundary': 1.0341792078889478, 'alpha': 0.7219569373663851}. Best is trial 118 with value: 0.013269349106338544.
[I 2026-03-06 04:59:42,911] Trial 113 finished with value: 0.019262780671831962 and parameters: {'sigma_noise': 0.23399546516383782, 'A_repulsion': 0.1565797256670196, 'gamma': 0.723676169955812, 'sigma_update': 0.2061489784890566, 'eta_learning': 0.6970368927903976, 'sigma_boundary': 0.9087580986113837, 'alpha': 0.6980003156127579}. Best is trial 118 with value: 0.013269349106338544.
[I 2026-03-06 05:00:09,525] Trial 114 finished with value: 0.02252453863835372 and parameters: {'sigma_noise': 0.23948289126027839, 'A_repulsion': 0.15870948548608113, 'gamma': 0.720584524429383, 'sigma_update': 0.32657761413621933, 'eta_learning': 0.16705939495514346, 'sigma_boundary': 0.7609201256730465, 'alpha': 0.8384643441438853}. Best is trial 118 with value: 0.013269349106338544.
[I 2026-03-06 05:00:26,116] Trial 115 finished with value: 0.02234191633073988 and parameters: {'sigma_noise': 0.23551135771680662, 'A_repulsion': 0.1553827073461403, 'gamma': 0.6969441076509094, 'sigma_update': 0.22566733638862532, 'eta_learning': 0.6780914541860907, 'sigma_boundary': 1.0034130270437076, 'alpha': 0.7232750268816628}. Best is trial 118 with value: 0.013269349106338544.
[I 2026-03-06 05:01:03,016] Trial 116 finished with value: 0.022914040633856027 and parameters: {'sigma_noise': 0.23061899363555416, 'A_repulsion': 0.15292106690590654, 'gamma': 0.7179504669664958, 'sigma_update': 0.20927346043187983, 'eta_learning': 0.7100088352906029, 'sigma_boundary': 0.7279377729249782, 'alpha': 0.7328539691138912}. Best is trial 118 with value: 0.013269349106338544.
[I 2026-03-06 05:01:15,669] Trial 119 finished with value: 0.01852728153706995 and parameters: {'sigma_noise': 0.21338176774825857, 'A_repulsion': 0.15998597865856734, 'gamma': 0.8259120142099652, 'sigma_update': 0.21379127209310023, 'eta_learning': 0.7513280063692069, 'sigma_boundary': 0.7439217548832608, 'alpha': 0.7350167985830043}. Best is trial 118 with value: 0.013269349106338544.
[I 2026-03-06 05:01:17,435] Trial 117 finished with value: 0.02623636273737978 and parameters: {'sigma_noise': 0.2323372702918924, 'A_repulsion': 0.15613673695038788, 'gamma': 0.7123468920177514, 'sigma_update': 0.214079127335569, 'eta_learning': 0.654246883381184, 'sigma_boundary': 1.0675909958800518, 'alpha': 0.8498900683546659}. Best is trial 118 with value: 0.013269349106338544.
[I 2026-03-06 05:06:40,869] Trial 120 finished with value: 0.012936071589361806 and parameters: {'sigma_noise': 0.2251684827497586, 'A_repulsion': 0.14402580248728822, 'gamma': 0.8311457910112786, 'sigma_update': 0.21106477275611268, 'eta_learning': 0.6274424052748467, 'sigma_boundary': 1.1002847663268362, 'alpha': 0.5396591783261886}. Best is trial 120 with value: 0.012936071589361806.
[I 2026-03-06 05:07:34,645] Trial 122 finished with value: 0.02463046680030087 and parameters: {'sigma_noise': 0.22142554285403143, 'A_repulsion': 0.051834309207997836, 'gamma': 0.7048644772486934, 'sigma_update': 0.3371825173665325, 'eta_learning': 0.6464294650584508, 'sigma_boundary': 1.116452695977251, 'alpha': 0.7319321550991511}. Best is trial 120 with value: 0.012936071589361806.
[I 2026-03-06 05:09:20,041] Trial 121 finished with value: 0.02274522093702523 and parameters: {'sigma_noise': 0.23693772540723945, 'A_repulsion': 0.15340788376469602, 'gamma': 0.7294510444242422, 'sigma_update': 0.21302734478127996, 'eta_learning': 0.6688192533997207, 'sigma_boundary': 1.0914925729493874, 'alpha': 0.5486647830336426}. Best is trial 120 with value: 0.012936071589361806.
[I 2026-03-06 05:10:47,849] Trial 124 finished with value: 0.0665758919403381 and parameters: {'sigma_noise': 0.20382012434841087, 'A_repulsion': 0.050591538284833135, 'gamma': 0.6706794067506816, 'sigma_update': 0.3466831491213689, 'eta_learning': 0.6694113356135334, 'sigma_boundary': 1.1970146714818886, 'alpha': 0.5137162353047418}. Best is trial 120 with value: 0.012936071589361806.
[I 2026-03-06 05:10:56,105] Trial 125 finished with value: 0.017522313073138458 and parameters: {'sigma_noise': 0.23341036705398457, 'A_repulsion': 0.04745010110005793, 'gamma': 0.708849011331657, 'sigma_update': 0.3390397379289678, 'eta_learning': 0.16541051390230194, 'sigma_boundary': 0.9229376898541682, 'alpha': 0.8397433684668847}. Best is trial 120 with value: 0.012936071589361806.
[I 2026-03-06 05:11:24,785] Trial 123 finished with value: 0.02690399691256706 and parameters: {'sigma_noise': 0.23222692100093534, 'A_repulsion': 0.04781107803282293, 'gamma': 0.678941831246786, 'sigma_update': 0.21032252297159454, 'eta_learning': 0.7393647448937155, 'sigma_boundary': 1.116203265996882, 'alpha': 0.55285774663065}. Best is trial 120 with value: 0.012936071589361806.
[I 2026-03-06 05:13:02,874] Trial 126 finished with value: 0.02221774568449693 and parameters: {'sigma_noise': 0.23867480158898596, 'A_repulsion': 0.05845183045041365, 'gamma': 0.6861908027793041, 'sigma_update': 0.33284413011466923, 'eta_learning': 0.6760548978337759, 'sigma_boundary': 1.143785929760352, 'alpha': 0.8498521797166645}. Best is trial 120 with value: 0.012936071589361806.
[I 2026-03-06 05:13:17,916] Trial 132 finished with value: 0.0296338483831438 and parameters: {'sigma_noise': 0.23900920046918958, 'A_repulsion': 0.052685626384078324, 'gamma': 0.7276020678658537, 'sigma_update': 0.31892022145758514, 'eta_learning': 0.6792011571434987, 'sigma_boundary': 2.6614097107596613, 'alpha': 0.664405256595348}. Best is trial 120 with value: 0.012936071589361806.
[I 2026-03-06 05:13:24,222] Trial 133 finished with value: 0.034537047971802584 and parameters: {'sigma_noise': 0.2346757626897427, 'A_repulsion': 0.05097657284008787, 'gamma': 0.7434701315181398, 'sigma_update': 0.3549074712041187, 'eta_learning': 0.6929554582132389, 'sigma_boundary': 2.7566708847295995, 'alpha': 0.6755861469376672}. Best is trial 120 with value: 0.012936071589361806.
[I 2026-03-06 05:13:27,743] Trial 131 finished with value: 0.035868292444302986 and parameters: {'sigma_noise': 0.23964090046492142, 'A_repulsion': 0.054290558151680324, 'gamma': 0.7344984486658654, 'sigma_update': 0.34321297782324334, 'eta_learning': 0.6629484893348236, 'sigma_boundary': 2.6319232849862364, 'alpha': 0.6560693596095006}. Best is trial 120 with value: 0.012936071589361806.
[I 2026-03-06 05:13:29,228] Trial 127 finished with value: 0.015629539857021802 and parameters: {'sigma_noise': 0.24210757986321935, 'A_repulsion': 0.051741933804588275, 'gamma': 0.7245702722807934, 'sigma_update': 0.3256419291078188, 'eta_learning': 0.6558135661752044, 'sigma_boundary': 0.9099675138346521, 'alpha': 0.8457713966817421}. Best is trial 120 with value: 0.012936071589361806.
[I 2026-03-06 05:13:47,181] Trial 129 finished with value: 0.026709786098845816 and parameters: {'sigma_noise': 0.2404701122711649, 'A_repulsion': 0.052627275420765125, 'gamma': 0.732587026141488, 'sigma_update': 0.34986861756434384, 'eta_learning': 0.6297817947194227, 'sigma_boundary': 1.0185684638637873, 'alpha': 0.6595342545976282}. Best is trial 120 with value: 0.012936071589361806.
[I 2026-03-06 05:13:50,019] Trial 128 finished with value: 0.04159312983132053 and parameters: {'sigma_noise': 0.23877086551035404, 'A_repulsion': 0.04994171688205018, 'gamma': 0.6629143976458535, 'sigma_update': 0.35122372124325046, 'eta_learning': 0.6955232848471009, 'sigma_boundary': 1.1436777729046617, 'alpha': 0.6672839852022483}. Best is trial 120 with value: 0.012936071589361806.
[I 2026-03-06 05:13:52,111] Trial 130 finished with value: 0.038892827619969574 and parameters: {'sigma_noise': 0.2374820687219769, 'A_repulsion': 0.052104936975704244, 'gamma': 0.6630612735278651, 'sigma_update': 0.32334472993714886, 'eta_learning': 0.6496813258350511, 'sigma_boundary': 1.1974185485907816, 'alpha': 0.6608686719693541}. Best is trial 120 with value: 0.012936071589361806.
[I 2026-03-06 05:14:16,909] Trial 134 finished with value: 0.027910172535062644 and parameters: {'sigma_noise': 0.25203558925514125, 'A_repulsion': 0.05289706223636507, 'gamma': 0.7754094952648906, 'sigma_update': 0.34647597678928804, 'eta_learning': 0.6517453397405312, 'sigma_boundary': 2.72841906561745, 'alpha': 0.6710749749684767}. Best is trial 120 with value: 0.012936071589361806.
[I 2026-03-06 05:14:49,567] Trial 135 finished with value: 0.037992512878088636 and parameters: {'sigma_noise': 0.24466147301478972, 'A_repulsion': 0.046810487585818294, 'gamma': 0.7293887361953452, 'sigma_update': 0.35258843130412476, 'eta_learning': 0.7279978543924245, 'sigma_boundary': 2.667441806421003, 'alpha': 0.661924030122078}. Best is trial 120 with value: 0.012936071589361806.
[I 2026-03-06 05:15:40,238] Trial 136 finished with value: 0.035682154732355156 and parameters: {'sigma_noise': 0.25190248548056254, 'A_repulsion': 0.05200590425012024, 'gamma': 0.7463449709424381, 'sigma_update': 0.3477497119243416, 'eta_learning': 0.7573889390318664, 'sigma_boundary': 2.705264503801214, 'alpha': 0.6547938534672021}. Best is trial 120 with value: 0.012936071589361806.
[I 2026-03-06 05:16:39,854] Trial 137 finished with value: 0.03496628822288832 and parameters: {'sigma_noise': 0.2458924935618492, 'A_repulsion': 0.1476621968650146, 'gamma': 0.7301221410743783, 'sigma_update': 0.3547016603327654, 'eta_learning': 0.6745064293755655, 'sigma_boundary': 3.2872032688695807, 'alpha': 0.647991927188388}. Best is trial 120 with value: 0.012936071589361806.
[I 2026-03-06 05:16:42,569] Trial 140 finished with value: 0.020459859436515505 and parameters: {'sigma_noise': 0.20278319817442447, 'A_repulsion': 0.146556485611518, 'gamma': 0.7276120971906475, 'sigma_update': 0.17295270105316, 'eta_learning': 0.7183907509236939, 'sigma_boundary': 2.742438467813324, 'alpha': 0.6649678712361021}. Best is trial 120 with value: 0.012936071589361806.
[I 2026-03-06 05:16:51,939] Trial 144 finished with value: 0.019441856013113178 and parameters: {'sigma_noise': 0.2051271842146576, 'A_repulsion': 0.04545607373166781, 'gamma': 0.7265334071397018, 'sigma_update': 0.17252982383264742, 'eta_learning': 0.7489358449301785, 'sigma_boundary': 1.13443145139902, 'alpha': 0.6834408908309919}. Best is trial 120 with value: 0.012936071589361806.
[I 2026-03-06 05:17:48,118] Trial 142 finished with value: 0.023470166189073088 and parameters: {'sigma_noise': 0.20575397940402484, 'A_repulsion': 0.15275959763012376, 'gamma': 0.7291432631685764, 'sigma_update': 0.16733689070308214, 'eta_learning': 0.7262768104074778, 'sigma_boundary': 1.1969309300002864, 'alpha': 0.6859560274240123}. Best is trial 120 with value: 0.012936071589361806.
[I 2026-03-06 05:17:51,082] Trial 139 finished with value: 0.022419717168357348 and parameters: {'sigma_noise': 0.251313402807257, 'A_repulsion': 0.14635472095427554, 'gamma': 0.7372706003819088, 'sigma_update': 0.17214350028893577, 'eta_learning': 0.7248848485681846, 'sigma_boundary': 1.2065373687300347, 'alpha': 0.6586231679414568}. Best is trial 120 with value: 0.012936071589361806.
[I 2026-03-06 05:17:56,165] Trial 138 finished with value: 0.03194286948445477 and parameters: {'sigma_noise': 0.2519120819758849, 'A_repulsion': 0.15041325717549692, 'gamma': 0.731987253531873, 'sigma_update': 0.33754035894277234, 'eta_learning': 0.6863376269776515, 'sigma_boundary': 2.7209243743820353, 'alpha': 0.6571513222979486}. Best is trial 120 with value: 0.012936071589361806.
[I 2026-03-06 05:18:13,816] Trial 141 finished with value: 0.022353985188336194 and parameters: {'sigma_noise': 0.250689092868156, 'A_repulsion': 0.15316935057668246, 'gamma': 0.7246213639582499, 'sigma_update': 0.171478799788797, 'eta_learning': 0.7454583714848539, 'sigma_boundary': 1.2500753774223932, 'alpha': 0.6715966849020543}. Best is trial 120 with value: 0.012936071589361806.
[I 2026-03-06 05:18:19,637] Trial 153 finished with value: 0.019565594708289183 and parameters: {'sigma_noise': 0.20345497830845266, 'A_repulsion': 0.05094184016009031, 'gamma': 0.7228672239023363, 'sigma_update': 0.1691604833923467, 'eta_learning': 0.8296100912518165, 'sigma_boundary': 1.1968164321079915, 'alpha': 0.6728048476054317}. Best is trial 120 with value: 0.012936071589361806.
[I 2026-03-06 05:18:30,968] Trial 143 finished with value: 0.02195197612030101 and parameters: {'sigma_noise': 0.20168533281806894, 'A_repulsion': 0.14674538011800442, 'gamma': 0.7300878929192923, 'sigma_update': 0.176516588619421, 'eta_learning': 0.753477741496251, 'sigma_boundary': 1.2127569409947974, 'alpha': 0.6663008689968969}. Best is trial 120 with value: 0.012936071589361806.
[I 2026-03-06 05:18:50,682] Trial 146 finished with value: 0.023684950221248568 and parameters: {'sigma_noise': 0.20337887810848565, 'A_repulsion': 0.1724057092246474, 'gamma': 0.7311597771541976, 'sigma_update': 0.16652674681595508, 'eta_learning': 0.8431817281295813, 'sigma_boundary': 1.183969775705396, 'alpha': 0.6802865353614581}. Best is trial 120 with value: 0.012936071589361806.
[I 2026-03-06 05:19:01,541] Trial 156 finished with value: 0.01933956544869533 and parameters: {'sigma_noise': 0.2056376636129705, 'A_repulsion': 0.04484935515974263, 'gamma': 0.8004082308210915, 'sigma_update': 0.16361696261625036, 'eta_learning': 0.7845994206561552, 'sigma_boundary': 1.2674714551206678, 'alpha': 0.6689642586723162}. Best is trial 120 with value: 0.012936071589361806.
[I 2026-03-06 05:19:30,063] Trial 147 finished with value: 0.026226480580145352 and parameters: {'sigma_noise': 0.201750215081661, 'A_repulsion': 0.17451960050067436, 'gamma': 0.7293254411507025, 'sigma_update': 0.16584439836975606, 'eta_learning': 0.780492195946699, 'sigma_boundary': 1.2462365625747056, 'alpha': 0.6819502958701475}. Best is trial 120 with value: 0.012936071589361806.
[I 2026-03-06 05:19:33,493] Trial 149 finished with value: 0.02401814610041329 and parameters: {'sigma_noise': 0.2049874202587184, 'A_repulsion': 0.1713265157781338, 'gamma': 0.7287879481478807, 'sigma_update': 0.17095267909758244, 'eta_learning': 0.845099203689585, 'sigma_boundary': 1.2223598150172417, 'alpha': 0.6826685089955947}. Best is trial 120 with value: 0.012936071589361806.
[I 2026-03-06 05:20:01,902] Trial 152 finished with value: 0.02530815350406916 and parameters: {'sigma_noise': 0.20189092170317638, 'A_repulsion': 0.17221780054028013, 'gamma': 0.7330934808009942, 'sigma_update': 0.1677980422433719, 'eta_learning': 0.7901930051822628, 'sigma_boundary': 1.2621028152046532, 'alpha': 0.6777831191627277}. Best is trial 120 with value: 0.012936071589361806.
[I 2026-03-06 05:20:11,278] Trial 150 finished with value: 0.02299151977061724 and parameters: {'sigma_noise': 0.20451007508155217, 'A_repulsion': 0.17143261534327708, 'gamma': 0.7474640697070339, 'sigma_update': 0.17650369743337666, 'eta_learning': 0.756754718158348, 'sigma_boundary': 1.2021465106306195, 'alpha': 0.669892767628338}. Best is trial 120 with value: 0.012936071589361806.
[I 2026-03-06 05:20:25,435] Trial 145 finished with value: 0.02348200886108019 and parameters: {'sigma_noise': 0.2518994193936299, 'A_repulsion': 0.17347891521480197, 'gamma': 0.7224488256036241, 'sigma_update': 0.1778819596348412, 'eta_learning': 0.7433182398708197, 'sigma_boundary': 1.1598169900515238, 'alpha': 0.6673550177464104}. Best is trial 120 with value: 0.012936071589361806.
[I 2026-03-06 05:20:39,489] Trial 154 finished with value: 0.023831277357525764 and parameters: {'sigma_noise': 0.20249130863443063, 'A_repulsion': 0.178019846814934, 'gamma': 0.7359091847928256, 'sigma_update': 0.17526231161186456, 'eta_learning': 0.8151195266198493, 'sigma_boundary': 1.182636758550776, 'alpha': 0.6669435557015871}. Best is trial 120 with value: 0.012936071589361806.
[I 2026-03-06 05:20:53,412] Trial 148 finished with value: 0.02199921477909201 and parameters: {'sigma_noise': 0.2528582664866311, 'A_repulsion': 0.17476780779462056, 'gamma': 0.7471271624376737, 'sigma_update': 0.17459712316168835, 'eta_learning': 0.8041582224107542, 'sigma_boundary': 1.1925915614138523, 'alpha': 0.675565658814775}. Best is trial 120 with value: 0.012936071589361806.
[I 2026-03-06 05:21:08,805] Trial 151 finished with value: 0.022655198954083165 and parameters: {'sigma_noise': 0.25259686711435975, 'A_repulsion': 0.18219011970914534, 'gamma': 0.7327439087794312, 'sigma_update': 0.17397084603861657, 'eta_learning': 0.7868001490445622, 'sigma_boundary': 1.242911524184628, 'alpha': 0.6738438295331}. Best is trial 120 with value: 0.012936071589361806.
[I 2026-03-06 05:21:53,833] Trial 159 finished with value: 0.019888130463199993 and parameters: {'sigma_noise': 0.20303860310077704, 'A_repulsion': 0.16897361548608966, 'gamma': 0.8055104145526791, 'sigma_update': 0.16236563592514908, 'eta_learning': 0.8455669916313373, 'sigma_boundary': 1.3072917427798845, 'alpha': 0.6711016697889967}. Best is trial 120 with value: 0.012936071589361806.
[I 2026-03-06 05:22:00,136] Trial 155 finished with value: 0.024122717853014224 and parameters: {'sigma_noise': 0.2531454593488508, 'A_repulsion': 0.17472450645710447, 'gamma': 0.7360452324112391, 'sigma_update': 0.1659448216072012, 'eta_learning': 0.8132346237245645, 'sigma_boundary': 1.1104242752854894, 'alpha': 0.6746041646937707}. Best is trial 120 with value: 0.012936071589361806.
[I 2026-03-06 05:22:13,451] Trial 158 finished with value: 0.015213765672687595 and parameters: {'sigma_noise': 0.20766449096792605, 'A_repulsion': 0.1715437383118679, 'gamma': 0.8310380532402729, 'sigma_update': 0.17703744865911222, 'eta_learning': 0.818007141797994, 'sigma_boundary': 1.27078922410367, 'alpha': 0.6559918363578683}. Best is trial 120 with value: 0.012936071589361806.
[I 2026-03-06 05:22:49,363] Trial 157 finished with value: 0.017665127938509377 and parameters: {'sigma_noise': 0.2534550204088602, 'A_repulsion': 0.17062533250221623, 'gamma': 0.7903793536906709, 'sigma_update': 0.17410131234686632, 'eta_learning': 0.9214887990250589, 'sigma_boundary': 1.2878816358808987, 'alpha': 0.6484229861203783}. Best is trial 120 with value: 0.012936071589361806.
[I 2026-03-06 05:25:28,474] Trial 160 finished with value: 0.01927383885133735 and parameters: {'sigma_noise': 0.20295108387861616, 'A_repulsion': 0.04774119797045199, 'gamma': 0.8012730527169077, 'sigma_update': 0.17307442162428388, 'eta_learning': 0.7923138178401479, 'sigma_boundary': 1.174713952823776, 'alpha': 0.668099300753042}. Best is trial 120 with value: 0.012936071589361806.
[I 2026-03-06 05:28:33,842] Trial 161 finished with value: 0.01987740422073566 and parameters: {'sigma_noise': 0.20516187448839743, 'A_repulsion': 0.17658201574277285, 'gamma': 0.7974092627457278, 'sigma_update': 0.16795077218320253, 'eta_learning': 0.813475180662868, 'sigma_boundary': 1.2508251593187127, 'alpha': 0.6614548498348933}. Best is trial 120 with value: 0.012936071589361806.
[I 2026-03-06 05:30:09,585] Trial 162 finished with value: 0.017599084091447472 and parameters: {'sigma_noise': 0.20652079086115474, 'A_repulsion': 0.17400487734487285, 'gamma': 0.8274554482284721, 'sigma_update': 0.17072384812905167, 'eta_learning': 0.7962048803183929, 'sigma_boundary': 1.3337919167678427, 'alpha': 0.6693833813897523}. Best is trial 120 with value: 0.012936071589361806.
[I 2026-03-06 05:31:58,192] Trial 166 finished with value: 0.019621857984495554 and parameters: {'sigma_noise': 0.259919553012791, 'A_repulsion': 0.005654893739743379, 'gamma': 0.8340322633018008, 'sigma_update': 0.16821288210125426, 'eta_learning': 0.8674355197883228, 'sigma_boundary': 1.4250378626448301, 'alpha': 0.5812794323974397}. Best is trial 120 with value: 0.012936071589361806.
[I 2026-03-06 05:32:14,654] Trial 163 finished with value: 0.018546064018966798 and parameters: {'sigma_noise': 0.25270811290052053, 'A_repulsion': 0.17564441602898181, 'gamma': 0.7947183744753423, 'sigma_update': 0.1692546864081716, 'eta_learning': 0.7981273867442688, 'sigma_boundary': 2.7203220257196614, 'alpha': 0.6719112450008694}. Best is trial 120 with value: 0.012936071589361806.
[I 2026-03-06 05:32:33,538] Trial 164 finished with value: 0.019850638858312585 and parameters: {'sigma_noise': 0.25452948709195067, 'A_repulsion': 0.17199457809664573, 'gamma': 0.7885766108161918, 'sigma_update': 0.16816105018092023, 'eta_learning': 0.7988047831179759, 'sigma_boundary': 1.3988307384284808, 'alpha': 0.6368348982949696}. Best is trial 120 with value: 0.012936071589361806.
[I 2026-03-06 05:32:55,779] Trial 165 finished with value: 0.0191618686100302 and parameters: {'sigma_noise': 0.2536186203626608, 'A_repulsion': 0.17664015980317344, 'gamma': 0.7946548368404421, 'sigma_update': 0.17089852192663835, 'eta_learning': 0.8722272641468518, 'sigma_boundary': 1.3979395512517099, 'alpha': 0.6731032557119621}. Best is trial 120 with value: 0.012936071589361806.
[I 2026-03-06 05:33:51,811] Trial 168 finished with value: 0.022488836459299083 and parameters: {'sigma_noise': 0.2039556437570281, 'A_repulsion': 0.18435878010202733, 'gamma': 0.8180207044899629, 'sigma_update': 0.1886733257350444, 'eta_learning': 0.8122679950337586, 'sigma_boundary': 1.3803597448932625, 'alpha': 0.7674231098154382}. Best is trial 120 with value: 0.012936071589361806.
