[I 2026-03-06 06:54:13,402] Trial 197 finished with value: 0.015236894763204924 and parameters: {'sigma_noise': 0.24524585069949195, 'A_repulsion': 0.06213708539217186, 'gamma': 0.9090283264797538, 'sigma_update': 0.1815853395973712, 'eta_learning': 0.31375697314694645, 'sigma_boundary': 8.638924636211527, 'alpha': 0.7051743020796256}. Best is trial 118 with value: 0.01154534117512136.
[I 2026-03-06 06:54:17,131] Trial 194 finished with value: 0.026163506650966752 and parameters: {'sigma_noise': 0.2681463612267777, 'A_repulsion': 0.19038120270572662, 'gamma': 0.9108679228494447, 'sigma_update': 0.18393723875613763, 'eta_learning': 0.04197921012937189, 'sigma_boundary': 8.741689387028938, 'alpha': 0.68209835893272}. Best is trial 118 with value: 0.01154534117512136.
[I 2026-03-06 06:54:20,277] Trial 198 finished with value: 0.0539434220410546 and parameters: {'sigma_noise': 0.24360129359349286, 'A_repulsion': 0.10568390762753628, 'gamma': 0.3808531132192823, 'sigma_update': 0.18893915366497024, 'eta_learning': 0.3171460103730971, 'sigma_boundary': 5.529492475042953, 'alpha': 0.7029658603468518}. Best is trial 118 with value: 0.01154534117512136.
[I 2026-03-06 06:54:21,917] Trial 199 finished with value: 0.03760966442104416 and parameters: {'sigma_noise': 0.23974002260085045, 'A_repulsion': 0.09725781247074274, 'gamma': 0.5190521776482168, 'sigma_update': 0.1916052379484402, 'eta_learning': 0.1114566788408688, 'sigma_boundary': 4.838013202876677, 'alpha': 0.6780111544880107}. Best is trial 118 with value: 0.01154534117512136.
[I 2026-03-06 06:54:22,967] Trial 193 finished with value: 0.07557646813343971 and parameters: {'sigma_noise': 0.26799458308612684, 'A_repulsion': 0.28388710510402565, 'gamma': 0.3100598679446489, 'sigma_update': 0.19337936097868963, 'eta_learning': 0.3109028830533071, 'sigma_boundary': 7.321692231019559, 'alpha': 0.702851744115973}. Best is trial 118 with value: 0.01154534117512136.
