/nfs/nhome/live/apourdehghan/Hybrid_hpc_utils.py:56: DtypeWarning: Columns (16) have mixed types. Specify dtype option on import or set low_memory=False.
  data = pd.read_csv(data_path)
[I 2026-03-06 03:44:41,138] A new study created in memory with name: no-name-bb9bd87e-f472-4815-90cb-7a85e6b04220
[I 2026-03-06 03:51:46,300] Trial 18 finished with value: 0.10734454132939523 and parameters: {'sigma_noise': 0.08347763721602183, 'A_repulsion': 0.11461261527733974, 'gamma': 0.4434302738626898, 'sigma_update': 0.20129411731772, 'eta_learning': 2.7680192184193975, 'sigma_boundary': 4.485248980301698, 'alpha': 0.49182251291352663}. Best is trial 18 with value: 0.10734454132939523.
[I 2026-03-06 03:51:56,223] Trial 4 finished with value: 0.11891441855065575 and parameters: {'sigma_noise': 0.08651053607503251, 'A_repulsion': 0.20331855666097076, 'gamma': 0.7717995084092608, 'sigma_update': 0.24914821349087676, 'eta_learning': 1.357430014660104, 'sigma_boundary': 0.27801743349532704, 'alpha': 0.17611187778579906}. Best is trial 18 with value: 0.10734454132939523.
[I 2026-03-06 03:51:56,966] Trial 5 finished with value: 0.14303038622066358 and parameters: {'sigma_noise': 0.1244647688408001, 'A_repulsion': 0.15794939128746366, 'gamma': 0.35754320991084915, 'sigma_update': 0.36420569452846724, 'eta_learning': 0.426329900437179, 'sigma_boundary': 1.7640094631825538, 'alpha': 0.2992727883532945}. Best is trial 18 with value: 0.10734454132939523.
[I 2026-03-06 03:52:07,149] Trial 21 finished with value: 0.771857093001751 and parameters: {'sigma_noise': 0.11927856963211055, 'A_repulsion': 0.14537792294383473, 'gamma': 0.9801966581640286, 'sigma_update': 0.16589536600706867, 'eta_learning': 0.5527968122365138, 'sigma_boundary': 7.037063383898765, 'alpha': 0.011264344688850292}. Best is trial 18 with value: 0.10734454132939523.
[I 2026-03-06 03:52:27,252] Trial 22 finished with value: 0.042379736391879516 and parameters: {'sigma_noise': 0.21592969887244584, 'A_repulsion': 0.014699072624891285, 'gamma': 0.5263057034589829, 'sigma_update': 0.418835132880726, 'eta_learning': 2.9072161336206994, 'sigma_boundary': 6.474972211996867, 'alpha': 0.994180038246775}. Best is trial 22 with value: 0.042379736391879516.
[I 2026-03-06 03:52:27,814] Trial 1 finished with value: 0.134816007767039 and parameters: {'sigma_noise': 0.1976576734685328, 'A_repulsion': 0.0370911867613446, 'gamma': 0.4299598978861632, 'sigma_update': 0.06166627886416223, 'eta_learning': 1.849558875579392, 'sigma_boundary': 3.73305978627303, 'alpha': 0.8664929556020026}. Best is trial 22 with value: 0.042379736391879516.
[I 2026-03-06 03:52:37,006] Trial 6 finished with value: 0.251269967891942 and parameters: {'sigma_noise': 0.26619279724829975, 'A_repulsion': 0.03214274423542296, 'gamma': 0.3348262525927285, 'sigma_update': 0.5341520543763117, 'eta_learning': 1.279580574959144, 'sigma_boundary': 7.2663269061127576, 'alpha': 0.6624939981448934}. Best is trial 22 with value: 0.042379736391879516.
[I 2026-03-06 03:52:38,691] Trial 13 finished with value: 0.15763108813043294 and parameters: {'sigma_noise': 0.05127059004022758, 'A_repulsion': 0.4204110379406719, 'gamma': 0.8292556032986973, 'sigma_update': 0.2618779203000075, 'eta_learning': 0.04849685670252226, 'sigma_boundary': 6.468585360810739, 'alpha': 0.4449463492438386}. Best is trial 22 with value: 0.042379736391879516.
[I 2026-03-06 03:53:11,018] Trial 23 finished with value: 0.13148285504944787 and parameters: {'sigma_noise': 0.15525091724492768, 'A_repulsion': 0.30135373823913864, 'gamma': 0.14991304474101458, 'sigma_update': 0.5130047271671585, 'eta_learning': 1.3678580936354203, 'sigma_boundary': 6.255498562864917, 'alpha': 0.8224937188319617}. Best is trial 22 with value: 0.042379736391879516.
[I 2026-03-06 03:53:11,123] Trial 2 finished with value: 1.8971621656526185 and parameters: {'sigma_noise': 0.20825250798480505, 'A_repulsion': 0.19342102958786705, 'gamma': 0.4818136712114496, 'sigma_update': 0.16750093943645994, 'eta_learning': 2.14107089207197, 'sigma_boundary': 7.236198369753072, 'alpha': 0.13677580556107405}. Best is trial 22 with value: 0.042379736391879516.
[I 2026-03-06 03:53:40,447] Trial 12 finished with value: 0.0783646833365492 and parameters: {'sigma_noise': 0.2905678490221857, 'A_repulsion': 0.14673749969321587, 'gamma': 0.30444833790808745, 'sigma_update': 0.2388522549179548, 'eta_learning': 1.9218821959447439, 'sigma_boundary': 8.364643630705435, 'alpha': 0.8602857531059169}. Best is trial 22 with value: 0.042379736391879516.
[I 2026-03-06 03:53:47,688] Trial 20 finished with value: 0.08856843145865893 and parameters: {'sigma_noise': 0.34677972390554124, 'A_repulsion': 0.062308318616769776, 'gamma': 0.5382477898764707, 'sigma_update': 0.2882106980289829, 'eta_learning': 0.4161530900924067, 'sigma_boundary': 3.7338328304839417, 'alpha': 0.7107287767656213}. Best is trial 22 with value: 0.042379736391879516.
[I 2026-03-06 03:53:55,637] Trial 7 finished with value: 0.05972197997618181 and parameters: {'sigma_noise': 0.17994963539308428, 'A_repulsion': 0.3922283253841677, 'gamma': 0.5572287767188192, 'sigma_update': 0.4919787934101678, 'eta_learning': 1.177288973096447, 'sigma_boundary': 6.415468605166471, 'alpha': 0.9296985865359972}. Best is trial 22 with value: 0.042379736391879516.
[I 2026-03-06 03:53:57,927] Trial 3 finished with value: 0.36792651647446994 and parameters: {'sigma_noise': 0.424489127129197, 'A_repulsion': 0.014255520917269504, 'gamma': 0.04691935489564254, 'sigma_update': 0.5296336136947704, 'eta_learning': 1.9612096407890742, 'sigma_boundary': 3.69577984328166, 'alpha': 0.8219237539828761}. Best is trial 22 with value: 0.042379736391879516.
[I 2026-03-06 03:54:23,901] Trial 9 finished with value: 0.4917622540867277 and parameters: {'sigma_noise': 0.3898551725585759, 'A_repulsion': 0.0765528428795818, 'gamma': 0.23520976871446253, 'sigma_update': 0.04071435758031319, 'eta_learning': 0.8942973158496771, 'sigma_boundary': 0.46213159795422, 'alpha': 0.3447912627249924}. Best is trial 22 with value: 0.042379736391879516.
[I 2026-03-06 03:54:28,993] Trial 0 finished with value: 0.049757023894770665 and parameters: {'sigma_noise': 0.3170436341722419, 'A_repulsion': 0.2545753194032749, 'gamma': 0.7870776074319542, 'sigma_update': 0.25732534642975596, 'eta_learning': 2.2993553787080487, 'sigma_boundary': 9.010096493553094, 'alpha': 0.7946733912547453}. Best is trial 22 with value: 0.042379736391879516.
[I 2026-03-06 03:54:40,191] Trial 16 finished with value: 0.47272665744560116 and parameters: {'sigma_noise': 0.43283534702730425, 'A_repulsion': 0.12130758170406336, 'gamma': 0.02412787745794421, 'sigma_update': 0.597883880464231, 'eta_learning': 2.160597586899857, 'sigma_boundary': 9.766787273989209, 'alpha': 0.8006755882233414}. Best is trial 22 with value: 0.042379736391879516.
[I 2026-03-06 03:54:55,184] Trial 19 finished with value: 0.35192804655733434 and parameters: {'sigma_noise': 0.3901730263449011, 'A_repulsion': 0.18675506161928768, 'gamma': 0.41957142245788603, 'sigma_update': 0.06011118362210202, 'eta_learning': 1.145796575100984, 'sigma_boundary': 6.789200937258352, 'alpha': 0.5648964021430127}. Best is trial 22 with value: 0.042379736391879516.
[I 2026-03-06 03:54:58,109] Trial 8 finished with value: 0.08688236991928541 and parameters: {'sigma_noise': 0.36592708219235864, 'A_repulsion': 0.29051229044423543, 'gamma': 0.7469857264209855, 'sigma_update': 0.6033623761583811, 'eta_learning': 1.9957347586464995, 'sigma_boundary': 6.790781382335501, 'alpha': 0.7543076167739997}. Best is trial 22 with value: 0.042379736391879516.
[I 2026-03-06 03:55:13,482] Trial 11 finished with value: 2.4033792070142272 and parameters: {'sigma_noise': 0.29881922748249157, 'A_repulsion': 0.49687616208730556, 'gamma': 0.47200076369341293, 'sigma_update': 0.4640605281363801, 'eta_learning': 0.9933328304314089, 'sigma_boundary': 5.078070952170353, 'alpha': 0.022059999013447795}. Best is trial 22 with value: 0.042379736391879516.
[I 2026-03-06 03:55:14,912] Trial 10 finished with value: 1.1776079366119259 and parameters: {'sigma_noise': 0.37056868269119037, 'A_repulsion': 0.3216002277378502, 'gamma': 0.10906549534032986, 'sigma_update': 0.3409652059549347, 'eta_learning': 1.233160813615978, 'sigma_boundary': 7.97800205101654, 'alpha': 0.3362049124569002}. Best is trial 22 with value: 0.042379736391879516.
[I 2026-03-06 03:55:21,724] Trial 15 finished with value: 0.14316762906880295 and parameters: {'sigma_noise': 0.4190205935101419, 'A_repulsion': 0.3005098796301748, 'gamma': 0.5817835737991136, 'sigma_update': 0.3213607424320253, 'eta_learning': 0.28869334789930534, 'sigma_boundary': 8.324070403907022, 'alpha': 0.8268704473367984}. Best is trial 22 with value: 0.042379736391879516.
[I 2026-03-06 03:55:26,074] Trial 14 finished with value: 0.10671144460376875 and parameters: {'sigma_noise': 0.341384103109212, 'A_repulsion': 0.46594320127915084, 'gamma': 0.5716370833003741, 'sigma_update': 0.3870484080518209, 'eta_learning': 0.736366824416792, 'sigma_boundary': 7.124395966591585, 'alpha': 0.9504537287916137}. Best is trial 22 with value: 0.042379736391879516.
[I 2026-03-06 03:55:55,840] Trial 17 finished with value: 2.403548749431086 and parameters: {'sigma_noise': 0.44758116706240825, 'A_repulsion': 0.4136620651302282, 'gamma': 0.9136142190792703, 'sigma_update': 0.08271345109483563, 'eta_learning': 0.34958760687071555, 'sigma_boundary': 5.607659674381246, 'alpha': 0.07698811574731901}. Best is trial 22 with value: 0.042379736391879516.
[I 2026-03-06 03:59:33,318] Trial 29 finished with value: 0.08608004533537081 and parameters: {'sigma_noise': 0.08332970925673897, 'A_repulsion': 0.017929631911704602, 'gamma': 0.6210199027125751, 'sigma_update': 0.10603039875677073, 'eta_learning': 0.18675293476688368, 'sigma_boundary': 6.675371429982371, 'alpha': 0.5668641029607745}. Best is trial 22 with value: 0.042379736391879516.
[I 2026-03-06 03:59:54,134] Trial 26 finished with value: 0.9183736533871432 and parameters: {'sigma_noise': 0.15382585110409608, 'A_repulsion': 0.026472900198006077, 'gamma': 0.3996066424591138, 'sigma_update': 0.3228892892510532, 'eta_learning': 1.240561244968816, 'sigma_boundary': 3.2414654337144775, 'alpha': 0.10267436112044015}. Best is trial 22 with value: 0.042379736391879516.
[I 2026-03-06 03:59:56,771] Trial 27 finished with value: 0.6886576755063296 and parameters: {'sigma_noise': 0.06952915168935868, 'A_repulsion': 0.14078002416335195, 'gamma': 0.834174733581401, 'sigma_update': 0.10634294516992215, 'eta_learning': 1.4876741635905795, 'sigma_boundary': 6.940401611212867, 'alpha': 0.08574576356326291}. Best is trial 22 with value: 0.042379736391879516.
[I 2026-03-06 04:00:29,955] Trial 25 finished with value: 0.7148952206558921 and parameters: {'sigma_noise': 0.16302875677520473, 'A_repulsion': 0.1942304573420391, 'gamma': 0.2350697329726397, 'sigma_update': 0.6147199308934388, 'eta_learning': 2.7556847605221333, 'sigma_boundary': 2.265980603048517, 'alpha': 0.39088522661186853}. Best is trial 22 with value: 0.042379736391879516.
[I 2026-03-06 04:01:17,971] Trial 32 finished with value: 0.10131289490049605 and parameters: {'sigma_noise': 0.11166279446744083, 'A_repulsion': 0.13998844909560632, 'gamma': 0.22807548424316548, 'sigma_update': 0.22537768473525976, 'eta_learning': 2.0913735269726956, 'sigma_boundary': 8.327944668797617, 'alpha': 0.6075242269435865}. Best is trial 22 with value: 0.042379736391879516.
[I 2026-03-06 04:02:18,515] Trial 24 finished with value: 0.853030437258224 and parameters: {'sigma_noise': 0.4299522412766874, 'A_repulsion': 0.1313974944184127, 'gamma': 0.08907936485005118, 'sigma_update': 0.622211306597465, 'eta_learning': 1.8593075306782492, 'sigma_boundary': 0.3820031509946769, 'alpha': 0.44098353324155437}. Best is trial 22 with value: 0.042379736391879516.
[I 2026-03-06 04:02:35,515] Trial 31 finished with value: 2.2451544857160917 and parameters: {'sigma_noise': 0.38372356575148425, 'A_repulsion': 0.06385668522650456, 'gamma': 0.19554284728937052, 'sigma_update': 0.22205671002826513, 'eta_learning': 2.20489485256618, 'sigma_boundary': 8.971765702960097, 'alpha': 0.07905326638283694}. Best is trial 22 with value: 0.042379736391879516.
[I 2026-03-06 04:02:49,682] Trial 30 finished with value: 0.08377912511238697 and parameters: {'sigma_noise': 0.37585255363186665, 'A_repulsion': 0.17438564573398713, 'gamma': 0.7547613388447526, 'sigma_update': 0.240428627366432, 'eta_learning': 0.6502361772485986, 'sigma_boundary': 5.25117789732979, 'alpha': 0.8048078979947502}. Best is trial 22 with value: 0.042379736391879516.
[I 2026-03-06 04:03:10,023] Trial 34 finished with value: 0.17356955933214382 and parameters: {'sigma_noise': 0.38605772502898505, 'A_repulsion': 0.012439664556327001, 'gamma': 0.09906833166819484, 'sigma_update': 0.3910381383952924, 'eta_learning': 2.9614126896961706, 'sigma_boundary': 9.984587431952972, 'alpha': 0.9837992756490831}. Best is trial 22 with value: 0.042379736391879516.
[I 2026-03-06 04:03:10,884] Trial 28 finished with value: 0.08572554132814386 and parameters: {'sigma_noise': 0.3315181096026097, 'A_repulsion': 0.33079607982826104, 'gamma': 0.8744900005158901, 'sigma_update': 0.1535036174736141, 'eta_learning': 0.011753410517381524, 'sigma_boundary': 5.227966902746523, 'alpha': 0.4301896893125442}. Best is trial 22 with value: 0.042379736391879516.
[I 2026-03-06 04:04:02,591] Trial 33 finished with value: 0.08671314876592828 and parameters: {'sigma_noise': 0.37695388329171275, 'A_repulsion': 0.3182075448880634, 'gamma': 0.7014634773018315, 'sigma_update': 0.6927205702995154, 'eta_learning': 2.8417681370796326, 'sigma_boundary': 9.831453079352386, 'alpha': 0.9984062847568312}. Best is trial 22 with value: 0.042379736391879516.
[I 2026-03-06 04:04:16,326] Trial 35 finished with value: 0.34538583320829963 and parameters: {'sigma_noise': 0.31169151292399455, 'A_repulsion': 0.2941007876271138, 'gamma': 0.04061037043135579, 'sigma_update': 0.6770654744492797, 'eta_learning': 2.9987781550570825, 'sigma_boundary': 9.931034345733796, 'alpha': 0.9768269679102849}. Best is trial 22 with value: 0.042379736391879516.
[I 2026-03-06 04:04:17,221] Trial 37 finished with value: 0.06083391334169305 and parameters: {'sigma_noise': 0.21537985079255545, 'A_repulsion': 0.47646536159271125, 'gamma': 0.642504308044066, 'sigma_update': 0.6961820943396357, 'eta_learning': 2.9467083710355713, 'sigma_boundary': 9.953914231316588, 'alpha': 0.9994332773905312}. Best is trial 22 with value: 0.042379736391879516.
[I 2026-03-06 04:04:44,640] Trial 38 finished with value: 0.08341163930963402 and parameters: {'sigma_noise': 0.21488968944877032, 'A_repulsion': 0.48485585254461583, 'gamma': 0.6070109959826279, 'sigma_update': 0.41677660268342764, 'eta_learning': 2.9601851916543263, 'sigma_boundary': 9.399335092890055, 'alpha': 0.9955734077695626}. Best is trial 22 with value: 0.042379736391879516.
[I 2026-03-06 04:04:51,971] Trial 43 finished with value: 0.04743282848429307 and parameters: {'sigma_noise': 0.23652910424484197, 'A_repulsion': 0.254471244768994, 'gamma': 0.636823174138827, 'sigma_update': 0.3896347153314297, 'eta_learning': 2.977864331775007, 'sigma_boundary': 9.735422985175909, 'alpha': 0.9912658812334993}. Best is trial 22 with value: 0.042379736391879516.
[I 2026-03-06 04:04:53,472] Trial 46 finished with value: 0.06634899641868552 and parameters: {'sigma_noise': 0.17282865775630277, 'A_repulsion': 0.3694801585958062, 'gamma': 0.6794177343168176, 'sigma_update': 0.697564927544604, 'eta_learning': 2.916257392838943, 'sigma_boundary': 9.4563850476898, 'alpha': 0.9876761874183523}. Best is trial 22 with value: 0.042379736391879516.
[I 2026-03-06 04:05:00,473] Trial 39 finished with value: 0.06109130337066695 and parameters: {'sigma_noise': 0.32427131875218584, 'A_repulsion': 0.28833119369908483, 'gamma': 0.6822907589962842, 'sigma_update': 0.6642339395136233, 'eta_learning': 2.9205345868084898, 'sigma_boundary': 9.918981362647056, 'alpha': 0.9981229291493351}. Best is trial 22 with value: 0.042379736391879516.
[I 2026-03-06 04:05:10,194] Trial 40 finished with value: 0.07063659398813278 and parameters: {'sigma_noise': 0.32259598813186185, 'A_repulsion': 0.29097012106509956, 'gamma': 0.6774420331825715, 'sigma_update': 0.39103074570676993, 'eta_learning': 2.953347626803553, 'sigma_boundary': 9.784873888390472, 'alpha': 0.997112297795275}. Best is trial 22 with value: 0.042379736391879516.
[I 2026-03-06 04:05:22,661] Trial 47 finished with value: 0.04409921516687356 and parameters: {'sigma_noise': 0.21970046703026558, 'A_repulsion': 0.24767893896084234, 'gamma': 0.6460491074037316, 'sigma_update': 0.4273680086235145, 'eta_learning': 2.8399167306418107, 'sigma_boundary': 9.297041530001337, 'alpha': 0.9893662877601471}. Best is trial 22 with value: 0.042379736391879516.
[I 2026-03-06 04:05:23,573] Trial 41 finished with value: 0.06853133205927145 and parameters: {'sigma_noise': 0.312795576285153, 'A_repulsion': 0.2967291290272418, 'gamma': 0.6640315961599434, 'sigma_update': 0.3651534201538652, 'eta_learning': 2.9456485310615714, 'sigma_boundary': 9.228974071180948, 'alpha': 0.9656897528564081}. Best is trial 22 with value: 0.042379736391879516.
[I 2026-03-06 04:05:27,418] Trial 44 finished with value: 0.0643410391599996 and parameters: {'sigma_noise': 0.2214137670549545, 'A_repulsion': 0.35842216441598235, 'gamma': 0.6280428943923365, 'sigma_update': 0.40535066681194537, 'eta_learning': 2.923433101239481, 'sigma_boundary': 9.837007588815485, 'alpha': 0.997576429066347}. Best is trial 22 with value: 0.042379736391879516.
[I 2026-03-06 04:05:37,653] Trial 45 finished with value: 0.06441478048416176 and parameters: {'sigma_noise': 0.2111780047697919, 'A_repulsion': 0.3816249450378089, 'gamma': 0.6349121872201218, 'sigma_update': 0.43918132465922466, 'eta_learning': 2.9226870429448275, 'sigma_boundary': 9.973074199198507, 'alpha': 0.992889455766497}. Best is trial 22 with value: 0.042379736391879516.
[I 2026-03-06 04:05:39,925] Trial 42 finished with value: 0.0758619904933329 and parameters: {'sigma_noise': 0.30840627431585, 'A_repulsion': 0.3556516281644952, 'gamma': 0.6350704123798779, 'sigma_update': 0.40009386895873994, 'eta_learning': 2.9987421767998677, 'sigma_boundary': 9.228368322803526, 'alpha': 0.9823873978804388}. Best is trial 22 with value: 0.042379736391879516.
[I 2026-03-06 04:05:52,457] Trial 36 finished with value: 0.1688992666275777 and parameters: {'sigma_noise': 0.44172002399081944, 'A_repulsion': 0.44786624330697655, 'gamma': 0.6636375442684022, 'sigma_update': 0.43276048871616374, 'eta_learning': 2.8759094489136543, 'sigma_boundary': 9.54604247353599, 'alpha': 0.9796977542124672}. Best is trial 22 with value: 0.042379736391879516.
[I 2026-03-06 04:09:39,943] Trial 48 finished with value: 0.06297422475459535 and parameters: {'sigma_noise': 0.2194822282475042, 'A_repulsion': 0.3703551373143809, 'gamma': 0.7048039109289569, 'sigma_update': 0.43952329544231133, 'eta_learning': 2.9988623545790745, 'sigma_boundary': 9.518325729305177, 'alpha': 0.9923970231263395}. Best is trial 22 with value: 0.042379736391879516.
[I 2026-03-06 04:10:06,237] Trial 49 finished with value: 0.056764407445890765 and parameters: {'sigma_noise': 0.22701470371349242, 'A_repulsion': 0.3568312113011395, 'gamma': 0.6765454200927966, 'sigma_update': 0.40991232597939814, 'eta_learning': 2.982003574528836, 'sigma_boundary': 9.722518312491287, 'alpha': 0.9746541203807823}. Best is trial 22 with value: 0.042379736391879516.
[I 2026-03-06 04:10:10,086] Trial 50 finished with value: 0.0632732661753379 and parameters: {'sigma_noise': 0.22388350774452304, 'A_repulsion': 0.36577117757197525, 'gamma': 0.697754583617866, 'sigma_update': 0.4270802124240081, 'eta_learning': 2.8850247977638137, 'sigma_boundary': 9.624698506988013, 'alpha': 0.9965377079180399}. Best is trial 22 with value: 0.042379736391879516.
[I 2026-03-06 04:10:45,593] Trial 51 finished with value: 0.06070658615151345 and parameters: {'sigma_noise': 0.22405202791824344, 'A_repulsion': 0.3677038288694623, 'gamma': 0.653713301564646, 'sigma_update': 0.4142598353037145, 'eta_learning': 2.545280590297726, 'sigma_boundary': 9.80838088706501, 'alpha': 0.9939627784579937}. Best is trial 22 with value: 0.042379736391879516.
[I 2026-03-06 04:11:27,992] Trial 52 finished with value: 0.0668004365065358 and parameters: {'sigma_noise': 0.2059993324425996, 'A_repulsion': 0.3768281503579227, 'gamma': 0.6793391843211125, 'sigma_update': 0.42384937735370143, 'eta_learning': 2.5119034597267853, 'sigma_boundary': 9.923071352478225, 'alpha': 0.9958946884496207}. Best is trial 22 with value: 0.042379736391879516.
[I 2026-03-06 04:11:55,047] Trial 54 finished with value: 0.047857367169997694 and parameters: {'sigma_noise': 0.21245924415455195, 'A_repulsion': 0.2436266894436671, 'gamma': 0.7266396104847963, 'sigma_update': 0.4214216005005217, 'eta_learning': 2.457101590747609, 'sigma_boundary': 9.967413408359285, 'alpha': 0.9980114736711106}. Best is trial 22 with value: 0.042379736391879516.
[I 2026-03-06 04:12:08,835] Trial 55 finished with value: 0.0466728505544679 and parameters: {'sigma_noise': 0.21863901728195892, 'A_repulsion': 0.2460563094575496, 'gamma': 0.6548808172053721, 'sigma_update': 0.42363788441377337, 'eta_learning': 2.564075057806215, 'sigma_boundary': 9.844552878383046, 'alpha': 0.9922015126865246}. Best is trial 22 with value: 0.042379736391879516.
[I 2026-03-06 04:12:34,984] Trial 53 finished with value: 0.0459392830589843 and parameters: {'sigma_noise': 0.22272666325804344, 'A_repulsion': 0.3570760051387105, 'gamma': 0.6686774686994524, 'sigma_update': 0.6967763974529981, 'eta_learning': 2.431496440075932, 'sigma_boundary': 9.541577643668383, 'alpha': 0.9842844856756444}. Best is trial 22 with value: 0.042379736391879516.
