[I 2026-03-06 05:58:24,386] Trial 79 finished with value: 0.07316949552999145 and parameters: {'sigma_noise': 0.32428173575447755, 'A_repulsion': 0.22197841279043448, 'gamma': 0.7076117518888987, 'sigma_update': 0.16327770745052428, 'eta_learning': 0.3634746034515018, 'sigma_boundary': 9.02199317703435, 'alpha': 0.6109656018423885}. Best is trial 84 with value: 0.025554526414738654.
[I 2026-03-06 05:58:38,030] Trial 81 finished with value: 0.02902430041001322 and parameters: {'sigma_noise': 0.31810211243095865, 'A_repulsion': 0.2129046444950584, 'gamma': 0.8931207448743077, 'sigma_update': 0.33155302299657385, 'eta_learning': 0.37493346811537154, 'sigma_boundary': 9.064527033705113, 'alpha': 0.6140772286865238}. Best is trial 84 with value: 0.025554526414738654.
[I 2026-03-06 05:59:14,270] Trial 83 finished with value: 0.0335366258861277 and parameters: {'sigma_noise': 0.32173838006838773, 'A_repulsion': 0.22285806320530388, 'gamma': 0.8844036999377108, 'sigma_update': 0.3263103442317482, 'eta_learning': 0.4240033602415894, 'sigma_boundary': 8.739983528221478, 'alpha': 0.6137279083780157}. Best is trial 84 with value: 0.025554526414738654.
[I 2026-03-06 06:00:16,837] Trial 87 finished with value: 0.06278439135959567 and parameters: {'sigma_noise': 0.18464343910414072, 'A_repulsion': 0.21214198310791008, 'gamma': 0.8769240426321201, 'sigma_update': 0.4413498731477471, 'eta_learning': 0.35418281496091786, 'sigma_boundary': 1.7968158233292404, 'alpha': 0.4540351076753653}. Best is trial 84 with value: 0.025554526414738654.
[I 2026-03-06 06:00:52,294] Trial 88 finished with value: 0.028033783687812414 and parameters: {'sigma_noise': 0.17339278052424797, 'A_repulsion': 0.22635633303950545, 'gamma': 0.8698886269294952, 'sigma_update': 0.32131820298804503, 'eta_learning': 0.3305341880478264, 'sigma_boundary': 2.1904813575675415, 'alpha': 0.5885876850518037}. Best is trial 84 with value: 0.025554526414738654.
[I 2026-03-06 06:01:53,160] Trial 86 finished with value: 0.028057725618060657 and parameters: {'sigma_noise': 0.32628429722447316, 'A_repulsion': 0.22093776062150144, 'gamma': 0.9118301778144957, 'sigma_update': 0.3205066083226422, 'eta_learning': 0.3800316561341173, 'sigma_boundary': 9.035349728609145, 'alpha': 0.6018109258064867}. Best is trial 84 with value: 0.025554526414738654.
[I 2026-03-06 06:02:48,014] Trial 95 finished with value: 0.06757875562680783 and parameters: {'sigma_noise': 0.1270369387247294, 'A_repulsion': 0.14773746114908728, 'gamma': 0.8728121468764933, 'sigma_update': 0.27593618447906737, 'eta_learning': 0.5531980045726218, 'sigma_boundary': 4.395307552475151, 'alpha': 0.4498234753622641}. Best is trial 84 with value: 0.025554526414738654.
[I 2026-03-06 06:02:51,273] Trial 89 finished with value: 0.09931378388855862 and parameters: {'sigma_noise': 0.3425631716560207, 'A_repulsion': 0.19320445145100815, 'gamma': 0.8967469243759056, 'sigma_update': 0.3259991005350453, 'eta_learning': 0.42290243307818126, 'sigma_boundary': 2.003921422239446, 'alpha': 0.4713967162681188}. Best is trial 84 with value: 0.025554526414738654.
[I 2026-03-06 06:03:58,742] Trial 94 finished with value: 0.04785980596184859 and parameters: {'sigma_noise': 0.12773838216644864, 'A_repulsion': 0.31557667814448476, 'gamma': 0.8690704706897334, 'sigma_update': 0.2573120346127565, 'eta_learning': 0.5504852283298904, 'sigma_boundary': 2.0250767295923353, 'alpha': 0.5074956290714132}. Best is trial 84 with value: 0.025554526414738654.
[I 2026-03-06 06:04:06,326] Trial 90 finished with value: 0.025795458617751045 and parameters: {'sigma_noise': 0.25507330532212064, 'A_repulsion': 0.1961654437807768, 'gamma': 0.8766675035324408, 'sigma_update': 0.32657842812949567, 'eta_learning': 0.3637523715553312, 'sigma_boundary': 2.2405777297701, 'alpha': 0.5770888724865059}. Best is trial 84 with value: 0.025554526414738654.
[I 2026-03-06 06:04:07,334] Trial 92 finished with value: 0.05067539087235038 and parameters: {'sigma_noise': 0.25372402838001734, 'A_repulsion': 0.1795906977812723, 'gamma': 0.8756543864121326, 'sigma_update': 0.2562240638957494, 'eta_learning': 0.9428136936735334, 'sigma_boundary': 2.0470433602066884, 'alpha': 0.48905400150715805}. Best is trial 84 with value: 0.025554526414738654.
[I 2026-03-06 06:04:17,669] Trial 93 finished with value: 0.04806067432137944 and parameters: {'sigma_noise': 0.26098497229300843, 'A_repulsion': 0.15023883149581113, 'gamma': 0.8738969128267592, 'sigma_update': 0.16673857300000308, 'eta_learning': 1.3912102711069099, 'sigma_boundary': 1.9634871565711474, 'alpha': 0.4913115534975493}. Best is trial 84 with value: 0.025554526414738654.
[I 2026-03-06 06:04:19,376] Trial 91 finished with value: 0.031565403569543196 and parameters: {'sigma_noise': 0.26088128116124043, 'A_repulsion': 0.18336718828835744, 'gamma': 0.8825567165788584, 'sigma_update': 0.26322766657075086, 'eta_learning': 0.3831482639322365, 'sigma_boundary': 1.9550321642728044, 'alpha': 0.5052330738011099}. Best is trial 84 with value: 0.025554526414738654.
[I 2026-03-06 06:07:24,287] Trial 96 finished with value: 0.05563368706736748 and parameters: {'sigma_noise': 0.20332082047511454, 'A_repulsion': 0.14333952218580648, 'gamma': 0.891257554607735, 'sigma_update': 0.26231297284599137, 'eta_learning': 1.3301201009718635, 'sigma_boundary': 2.22788597672366, 'alpha': 0.4740771996673111}. Best is trial 84 with value: 0.025554526414738654.
[I 2026-03-06 06:08:45,294] Trial 99 finished with value: 0.03210276814937418 and parameters: {'sigma_noise': 0.1602041385141606, 'A_repulsion': 0.14093453218002422, 'gamma': 0.8718994781084709, 'sigma_update': 0.1650409539305954, 'eta_learning': 0.5182039204493574, 'sigma_boundary': 8.505551490066196, 'alpha': 0.5039215169544073}. Best is trial 84 with value: 0.025554526414738654.
[I 2026-03-06 06:08:58,692] Trial 100 finished with value: 0.03315763021878425 and parameters: {'sigma_noise': 0.1647047067681383, 'A_repulsion': 0.1490739702199494, 'gamma': 0.8750161536385881, 'sigma_update': 0.1577861501481786, 'eta_learning': 0.5659384719741913, 'sigma_boundary': 8.463190160638932, 'alpha': 0.49964201956931165}. Best is trial 84 with value: 0.025554526414738654.
[I 2026-03-06 06:09:06,271] Trial 98 finished with value: 0.024145511181872137 and parameters: {'sigma_noise': 0.19824418453500875, 'A_repulsion': 0.14722204872867484, 'gamma': 0.8792396900076677, 'sigma_update': 0.2626522142534135, 'eta_learning': 0.495259238007948, 'sigma_boundary': 4.043483108208898, 'alpha': 0.8346080644047122}. Best is trial 98 with value: 0.024145511181872137.
[I 2026-03-06 06:09:28,553] Trial 101 finished with value: 0.04314368045393041 and parameters: {'sigma_noise': 0.16739590609761054, 'A_repulsion': 0.18745578829992224, 'gamma': 0.8816427715813938, 'sigma_update': 0.256603237500419, 'eta_learning': 0.5101380622514693, 'sigma_boundary': 8.262514660992176, 'alpha': 0.46656267727181283}. Best is trial 98 with value: 0.024145511181872137.
[I 2026-03-06 06:09:31,085] Trial 103 finished with value: 0.045912446499328366 and parameters: {'sigma_noise': 0.16303137654019875, 'A_repulsion': 0.17939783246532184, 'gamma': 0.876498526491414, 'sigma_update': 0.26345363726309906, 'eta_learning': 0.5110244815089985, 'sigma_boundary': 8.39977764755792, 'alpha': 0.4715979990255469}. Best is trial 98 with value: 0.024145511181872137.
[I 2026-03-06 06:09:46,882] Trial 104 finished with value: 0.060003734915090694 and parameters: {'sigma_noise': 0.1670671000161249, 'A_repulsion': 0.1599397023013448, 'gamma': 0.9992238541003494, 'sigma_update': 0.2761045109305407, 'eta_learning': 0.5174426190184165, 'sigma_boundary': 8.429971339067365, 'alpha': 0.459622187116078}. Best is trial 98 with value: 0.024145511181872137.
[I 2026-03-06 06:09:47,737] Trial 102 finished with value: 0.028380927099093352 and parameters: {'sigma_noise': 0.16698927106476277, 'A_repulsion': 0.15517895322055006, 'gamma': 0.8790918717456573, 'sigma_update': 0.2639957734830152, 'eta_learning': 0.5010435549463643, 'sigma_boundary': 8.34454658919177, 'alpha': 0.5782158471967562}. Best is trial 98 with value: 0.024145511181872137.
[I 2026-03-06 06:09:57,655] Trial 105 finished with value: 0.04172269696511287 and parameters: {'sigma_noise': 0.1589708503638581, 'A_repulsion': 0.1839392352067828, 'gamma': 0.9753083855662095, 'sigma_update': 0.2586753128355173, 'eta_learning': 0.5425223443920576, 'sigma_boundary': 8.365011601939482, 'alpha': 0.4727475921797333}. Best is trial 98 with value: 0.024145511181872137.
[I 2026-03-06 06:10:01,364] Trial 107 finished with value: 0.027933664014957515 and parameters: {'sigma_noise': 0.16268899719243696, 'A_repulsion': 0.14363827128075862, 'gamma': 0.9534474840759157, 'sigma_update': 0.25101964557074746, 'eta_learning': 0.5032759124200467, 'sigma_boundary': 8.604479172007853, 'alpha': 0.5672391518967423}. Best is trial 98 with value: 0.024145511181872137.
[I 2026-03-06 06:10:42,500] Trial 97 finished with value: 0.029987781116088328 and parameters: {'sigma_noise': 0.2057797141212505, 'A_repulsion': 0.31095627897899414, 'gamma': 0.8678271842235219, 'sigma_update': 0.2663971503787954, 'eta_learning': 0.9531390119142216, 'sigma_boundary': 2.3783617656498444, 'alpha': 0.5643145162508024}. Best is trial 98 with value: 0.024145511181872137.
[I 2026-03-06 06:11:26,825] Trial 109 finished with value: 0.029836128641387995 and parameters: {'sigma_noise': 0.16404215151590373, 'A_repulsion': 0.19567652959785706, 'gamma': 0.9840999926008892, 'sigma_update': 0.2759951690007287, 'eta_learning': 0.521538448318832, 'sigma_boundary': 8.382638441251908, 'alpha': 0.5524141156484952}. Best is trial 98 with value: 0.024145511181872137.
[I 2026-03-06 06:11:44,355] Trial 106 finished with value: 0.030290905033727833 and parameters: {'sigma_noise': 0.28057629394982947, 'A_repulsion': 0.17689452661688312, 'gamma': 0.9791923926654688, 'sigma_update': 0.26057766010226263, 'eta_learning': 0.5161762747726709, 'sigma_boundary': 8.459325250959555, 'alpha': 0.5011456873897492}. Best is trial 98 with value: 0.024145511181872137.
[I 2026-03-06 06:12:07,112] Trial 108 finished with value: 0.013974410694213136 and parameters: {'sigma_noise': 0.28138240747024434, 'A_repulsion': 0.1834588618525932, 'gamma': 0.9873948119740099, 'sigma_update': 0.20762577593564527, 'eta_learning': 0.5059003282457895, 'sigma_boundary': 8.447008419605384, 'alpha': 0.5730633053759207}. Best is trial 108 with value: 0.013974410694213136.
[I 2026-03-06 06:12:07,821] Trial 110 finished with value: 0.033404524272875546 and parameters: {'sigma_noise': 0.16491289150351437, 'A_repulsion': 0.18098833002970294, 'gamma': 0.9908277904209581, 'sigma_update': 0.20063806764360986, 'eta_learning': 0.5720005646167399, 'sigma_boundary': 8.309165359974715, 'alpha': 0.4961880442244915}. Best is trial 108 with value: 0.013974410694213136.
[I 2026-03-06 06:12:49,607] Trial 111 finished with value: 0.0501634829273583 and parameters: {'sigma_noise': 0.16842951671618137, 'A_repulsion': 0.186466136364783, 'gamma': 0.9995297928594453, 'sigma_update': 0.2647688106737478, 'eta_learning': 0.49982878184216095, 'sigma_boundary': 8.43888194774864, 'alpha': 0.4915236456371126}. Best is trial 108 with value: 0.013974410694213136.
[I 2026-03-06 06:15:32,953] Trial 115 finished with value: 0.02691387044669321 and parameters: {'sigma_noise': 0.16730796989357796, 'A_repulsion': 0.16609036750942202, 'gamma': 0.9950084198255658, 'sigma_update': 0.2947159582169744, 'eta_learning': 0.26528747832391525, 'sigma_boundary': 8.375737845059797, 'alpha': 0.571270437826777}. Best is trial 108 with value: 0.013974410694213136.
[I 2026-03-06 06:15:33,438] Trial 112 finished with value: 0.014684991742427888 and parameters: {'sigma_noise': 0.28848760525309863, 'A_repulsion': 0.1797809982632969, 'gamma': 0.9933840913636423, 'sigma_update': 0.2526075136831541, 'eta_learning': 0.5086764075024204, 'sigma_boundary': 8.42113434636605, 'alpha': 0.5689842093677925}. Best is trial 108 with value: 0.013974410694213136.
[I 2026-03-06 06:16:18,499] Trial 113 finished with value: 0.014360800678232019 and parameters: {'sigma_noise': 0.2779925947669826, 'A_repulsion': 0.1840047126173806, 'gamma': 0.9907133326193587, 'sigma_update': 0.25589612774104903, 'eta_learning': 0.4950808902081143, 'sigma_boundary': 8.517034873335563, 'alpha': 0.5638654752427628}. Best is trial 108 with value: 0.013974410694213136.
[I 2026-03-06 06:16:30,023] Trial 114 finished with value: 0.016252886324239355 and parameters: {'sigma_noise': 0.2804853624577601, 'A_repulsion': 0.17521445019231094, 'gamma': 0.9899969369278794, 'sigma_update': 0.25801740414231994, 'eta_learning': 0.6221094674398007, 'sigma_boundary': 8.519694658154785, 'alpha': 0.5624484723529581}. Best is trial 108 with value: 0.013974410694213136.
[I 2026-03-06 06:16:33,270] Trial 119 finished with value: 0.030517039749882673 and parameters: {'sigma_noise': 0.1661397978622635, 'A_repulsion': 0.24120052751245713, 'gamma': 0.9947552407587223, 'sigma_update': 0.2944837471060503, 'eta_learning': 0.6368143671502517, 'sigma_boundary': 8.46883403029452, 'alpha': 0.5768606383513124}. Best is trial 108 with value: 0.013974410694213136.
[I 2026-03-06 06:17:28,915] Trial 116 finished with value: 0.018451429207838342 and parameters: {'sigma_noise': 0.27567310233141373, 'A_repulsion': 0.17504880714134058, 'gamma': 0.9929038274483355, 'sigma_update': 0.29580349780078896, 'eta_learning': 0.4965972954531652, 'sigma_boundary': 8.582885555202841, 'alpha': 0.5683400445928252}. Best is trial 108 with value: 0.013974410694213136.
[I 2026-03-06 06:18:12,127] Trial 117 finished with value: 0.014192586092349444 and parameters: {'sigma_noise': 0.27398762715150826, 'A_repulsion': 0.24318830240642653, 'gamma': 0.9601897981588521, 'sigma_update': 0.2918214860589802, 'eta_learning': 0.2593802617683934, 'sigma_boundary': 8.379240320040855, 'alpha': 0.5598290996615929}. Best is trial 108 with value: 0.013974410694213136.
[I 2026-03-06 06:18:35,792] Trial 118 finished with value: 0.01154534117512136 and parameters: {'sigma_noise': 0.2882348378105728, 'A_repulsion': 0.2381723456956068, 'gamma': 0.9923297293257998, 'sigma_update': 0.2978864834042537, 'eta_learning': 0.2598588769934263, 'sigma_boundary': 8.462026878402215, 'alpha': 0.5703473075718731}. Best is trial 118 with value: 0.01154534117512136.
[I 2026-03-06 06:20:27,886] Trial 123 finished with value: 0.03755040419358155 and parameters: {'sigma_noise': 0.1683211918953796, 'A_repulsion': 0.13090091539389764, 'gamma': 0.9740287523814314, 'sigma_update': 0.29330169799808836, 'eta_learning': 0.7730225036617133, 'sigma_boundary': 3.9091534760516424, 'alpha': 0.5716889996042566}. Best is trial 118 with value: 0.01154534117512136.
[I 2026-03-06 06:20:36,538] Trial 125 finished with value: 0.03258836859476904 and parameters: {'sigma_noise': 0.15001849047246443, 'A_repulsion': 0.1651690712154634, 'gamma': 0.9375335935186517, 'sigma_update': 0.292500508852981, 'eta_learning': 0.25969110870563894, 'sigma_boundary': 2.465938796799562, 'alpha': 0.5768504285359287}. Best is trial 118 with value: 0.01154534117512136.
[I 2026-03-06 06:20:53,477] Trial 122 finished with value: 0.05196907061949001 and parameters: {'sigma_noise': 0.16854394962532185, 'A_repulsion': 0.1674297607242341, 'gamma': 0.9936746758544118, 'sigma_update': 0.12462347651700809, 'eta_learning': 0.01289244931649941, 'sigma_boundary': 8.383446268937275, 'alpha': 0.5395715763093037}. Best is trial 118 with value: 0.01154534117512136.
[I 2026-03-06 06:21:06,572] Trial 124 finished with value: 0.0490281208813248 and parameters: {'sigma_noise': 0.15208826806148812, 'A_repulsion': 0.16812609293212, 'gamma': 0.9887104024417277, 'sigma_update': 0.07426011632518939, 'eta_learning': 0.6427875699432762, 'sigma_boundary': 2.5496988725715104, 'alpha': 0.5526664854153698}. Best is trial 118 with value: 0.01154534117512136.
[I 2026-03-06 06:21:09,426] Trial 126 finished with value: 0.04269067182264132 and parameters: {'sigma_noise': 0.14972157362175084, 'A_repulsion': 0.1290633805910709, 'gamma': 0.9461912524319643, 'sigma_update': 0.2977191672860877, 'eta_learning': 0.6480510146210252, 'sigma_boundary': 2.5825359407698043, 'alpha': 0.5449950047645438}. Best is trial 118 with value: 0.01154534117512136.
[I 2026-03-06 06:21:10,235] Trial 121 finished with value: 0.030741018849470163 and parameters: {'sigma_noise': 0.16989324919140994, 'A_repulsion': 0.2395207419756809, 'gamma': 0.9926959648603434, 'sigma_update': 0.3071841973874872, 'eta_learning': 0.6137695362544782, 'sigma_boundary': 8.406995338105864, 'alpha': 0.5661020430472002}. Best is trial 118 with value: 0.01154534117512136.
[I 2026-03-06 06:21:30,964] Trial 128 finished with value: 0.0401033221389273 and parameters: {'sigma_noise': 0.15209811299151338, 'A_repulsion': 0.13266283453440453, 'gamma': 0.9237749825843052, 'sigma_update': 0.2918493759741115, 'eta_learning': 0.6410079094755725, 'sigma_boundary': 7.654650009555035, 'alpha': 0.5482069719154794}. Best is trial 118 with value: 0.01154534117512136.
[I 2026-03-06 06:21:55,000] Trial 120 finished with value: 0.014849412633743866 and parameters: {'sigma_noise': 0.28444921816611846, 'A_repulsion': 0.24321527651347635, 'gamma': 0.9824582272090203, 'sigma_update': 0.2918046901358085, 'eta_learning': 0.5017509679420847, 'sigma_boundary': 8.366726434519853, 'alpha': 0.5712128491731521}. Best is trial 118 with value: 0.01154534117512136.
[I 2026-03-06 06:22:09,220] Trial 129 finished with value: 0.03931296985745093 and parameters: {'sigma_noise': 0.14343518299023666, 'A_repulsion': 0.23909728440875788, 'gamma': 0.9364212268183584, 'sigma_update': 0.2934993769566565, 'eta_learning': 0.2515130698329814, 'sigma_boundary': 2.5800786662997606, 'alpha': 0.5782602020146939}. Best is trial 118 with value: 0.01154534117512136.
[I 2026-03-06 06:22:53,946] Trial 127 finished with value: 0.01671172220317663 and parameters: {'sigma_noise': 0.2829615254807642, 'A_repulsion': 0.12858821165472115, 'gamma': 0.9291051690291621, 'sigma_update': 0.293403873328703, 'eta_learning': 0.27958099710765405, 'sigma_boundary': 2.478075184545447, 'alpha': 0.5780765164839183}. Best is trial 118 with value: 0.01154534117512136.
[I 2026-03-06 06:23:23,874] Trial 131 finished with value: 0.045014951341611674 and parameters: {'sigma_noise': 0.1432345678015193, 'A_repulsion': 0.23845628293003734, 'gamma': 0.9365898352407984, 'sigma_update': 0.30267759167718294, 'eta_learning': 0.7871365418015022, 'sigma_boundary': 7.763404506297864, 'alpha': 0.5460087535512714}. Best is trial 118 with value: 0.01154534117512136.
[I 2026-03-06 06:23:36,840] Trial 132 finished with value: 0.026107619558241667 and parameters: {'sigma_noise': 0.17248779243894036, 'A_repulsion': 0.23977243771681814, 'gamma': 0.9295715884576639, 'sigma_update': 0.29458257224095347, 'eta_learning': 0.2622821190007094, 'sigma_boundary': 7.763618758006603, 'alpha': 0.5731821039994981}. Best is trial 118 with value: 0.01154534117512136.
[I 2026-03-06 06:23:52,216] Trial 130 finished with value: 0.0204581095644967 and parameters: {'sigma_noise': 0.2171548745183143, 'A_repulsion': 0.24185891546844532, 'gamma': 0.9261377457420321, 'sigma_update': 0.29764132522932424, 'eta_learning': 0.659051820044294, 'sigma_boundary': 2.443962893272019, 'alpha': 0.5637363799462721}. Best is trial 118 with value: 0.01154534117512136.
[I 2026-03-06 06:24:03,461] Trial 134 finished with value: 0.03232071389453724 and parameters: {'sigma_noise': 0.14814332058431448, 'A_repulsion': 0.2413516913355468, 'gamma': 0.9371512831913927, 'sigma_update': 0.2987106020736613, 'eta_learning': 0.659602985620483, 'sigma_boundary': 7.798501473522129, 'alpha': 0.5701844210370874}. Best is trial 118 with value: 0.01154534117512136.
[I 2026-03-06 06:24:35,046] Trial 133 finished with value: 0.024020723023389482 and parameters: {'sigma_noise': 0.2269843598151998, 'A_repulsion': 0.1682156810867101, 'gamma': 0.9281224200269661, 'sigma_update': 0.3001083379365509, 'eta_learning': 0.7757196229044905, 'sigma_boundary': 3.6715274159229354, 'alpha': 0.5750564180156618}. Best is trial 118 with value: 0.01154534117512136.
[I 2026-03-06 06:24:48,204] Trial 135 finished with value: 0.037588235650173094 and parameters: {'sigma_noise': 0.14462587008512842, 'A_repulsion': 0.2418730575689602, 'gamma': 0.9362319696903926, 'sigma_update': 0.2965390077621012, 'eta_learning': 0.2614511271578078, 'sigma_boundary': 7.71924686218339, 'alpha': 0.572172977191668}. Best is trial 118 with value: 0.01154534117512136.
[I 2026-03-06 06:26:44,399] Trial 137 finished with value: 0.047398957926475166 and parameters: {'sigma_noise': 0.1441795645218222, 'A_repulsion': 0.13290124095734668, 'gamma': 0.9308049732060567, 'sigma_update': 0.295789209885499, 'eta_learning': 0.6436426253075938, 'sigma_boundary': 7.717428304822927, 'alpha': 0.5434895447622519}. Best is trial 118 with value: 0.01154534117512136.
[I 2026-03-06 06:27:20,769] Trial 136 finished with value: 0.03751781563949346 and parameters: {'sigma_noise': 0.1472477003057909, 'A_repulsion': 0.2394903820571045, 'gamma': 0.9353645227865993, 'sigma_update': 0.29617578539004785, 'eta_learning': 0.25133209091890674, 'sigma_boundary': 7.52402297431613, 'alpha': 0.5771706147674536}. Best is trial 118 with value: 0.01154534117512136.
[I 2026-03-06 06:27:55,757] Trial 139 finished with value: 0.03868541165755792 and parameters: {'sigma_noise': 0.14833933263451743, 'A_repulsion': 0.16586265000862135, 'gamma': 0.9408824090032827, 'sigma_update': 0.2943190310649339, 'eta_learning': 0.6352013022680799, 'sigma_boundary': 7.8659231605465205, 'alpha': 0.5526512682538242}. Best is trial 118 with value: 0.01154534117512136.
