[I 2026-03-06 04:34:39,184] Trial 63 finished with value: 0.18785188761108668 and parameters: {'sigma_noise': 0.1629791151398389, 'A_repulsion': 0.12141732625572078, 'gamma': 0.6227040449288771, 'sigma_update': 0.299061955889548, 'eta_learning': 0.4817761692868957, 'sigma_boundary': 1.7632673758753064, 'alpha': 0.27382413030470076}. Best is trial 23 with value: 0.02433287068006769.
[I 2026-03-06 04:34:40,772] Trial 43 finished with value: 0.2632443887430518 and parameters: {'sigma_noise': 0.3928757760441613, 'A_repulsion': 0.09306298435570626, 'gamma': 0.43765371212051835, 'sigma_update': 0.09399681811984355, 'eta_learning': 1.443396998272151, 'sigma_boundary': 0.09737065537412307, 'alpha': 0.9757385949989404}. Best is trial 23 with value: 0.02433287068006769.
[I 2026-03-06 04:34:43,973] Trial 67 finished with value: 0.13451725625722752 and parameters: {'sigma_noise': 0.17548352867751277, 'A_repulsion': 0.12095834348315644, 'gamma': 0.6152412974768735, 'sigma_update': 0.3038907922454671, 'eta_learning': 0.43297234296054343, 'sigma_boundary': 1.8606171237191957, 'alpha': 0.3253155065481937}. Best is trial 23 with value: 0.02433287068006769.
[I 2026-03-06 04:35:20,505] Trial 74 finished with value: 0.03134037019207805 and parameters: {'sigma_noise': 0.16851714762517653, 'A_repulsion': 0.10917411884231011, 'gamma': 0.9208167013077576, 'sigma_update': 0.24310392276921702, 'eta_learning': 0.27366040753613574, 'sigma_boundary': 2.0643176800315866, 'alpha': 0.2856498148321651}. Best is trial 23 with value: 0.02433287068006769.
[I 2026-03-06 04:35:26,760] Trial 75 finished with value: 0.04664484934308559 and parameters: {'sigma_noise': 0.177558081943047, 'A_repulsion': 0.11112574574211607, 'gamma': 0.9357991870783886, 'sigma_update': 0.24966384114389278, 'eta_learning': 0.30549683192205196, 'sigma_boundary': 2.049947543396371, 'alpha': 0.27866552370707065}. Best is trial 23 with value: 0.02433287068006769.
[I 2026-03-06 04:35:36,289] Trial 76 finished with value: 0.06994533310078863 and parameters: {'sigma_noise': 0.16747984863491103, 'A_repulsion': 0.10615590744852665, 'gamma': 0.6064236292408982, 'sigma_update': 0.2617940906251683, 'eta_learning': 0.2840187232769058, 'sigma_boundary': 2.039834958713012, 'alpha': 0.2746377940628707}. Best is trial 23 with value: 0.02433287068006769.
[I 2026-03-06 04:36:16,424] Trial 77 finished with value: 0.11727616308714223 and parameters: {'sigma_noise': 0.17062054708690547, 'A_repulsion': 0.12172605000241722, 'gamma': 0.37518194726093546, 'sigma_update': 0.27391507076901644, 'eta_learning': 0.3052446003471472, 'sigma_boundary': 2.119082804424929, 'alpha': 0.24901211139089233}. Best is trial 23 with value: 0.02433287068006769.
[I 2026-03-06 04:36:41,248] Trial 79 finished with value: 0.101078077139668 and parameters: {'sigma_noise': 0.17550530714606907, 'A_repulsion': 0.10203709507256131, 'gamma': 0.36391604803950933, 'sigma_update': 0.2651385774101217, 'eta_learning': 0.3319830472518154, 'sigma_boundary': 2.104275990692056, 'alpha': 0.30096341123949655}. Best is trial 23 with value: 0.02433287068006769.
[I 2026-03-06 04:36:46,701] Trial 78 finished with value: 0.07910169227555826 and parameters: {'sigma_noise': 0.17661574761974264, 'A_repulsion': 0.10631007968034185, 'gamma': 0.36141715875574465, 'sigma_update': 0.2416789394159063, 'eta_learning': 0.3499757778521384, 'sigma_boundary': 2.3724816831458524, 'alpha': 0.32293873225083347}. Best is trial 23 with value: 0.02433287068006769.
[I 2026-03-06 04:36:50,105] Trial 62 finished with value: 0.0639047998261187 and parameters: {'sigma_noise': 0.16093335561941702, 'A_repulsion': 0.32900521633817315, 'gamma': 0.5964371690229509, 'sigma_update': 0.2789338996533743, 'eta_learning': 0.42403452679330284, 'sigma_boundary': 0.23176260613120542, 'alpha': 0.9872111966438885}. Best is trial 23 with value: 0.02433287068006769.
[I 2026-03-06 04:37:09,214] Trial 60 finished with value: 0.07028749781828356 and parameters: {'sigma_noise': 0.173364088515373, 'A_repulsion': 0.3687518904270667, 'gamma': 0.5899160097559649, 'sigma_update': 0.24255189667851995, 'eta_learning': 0.10483053291798919, 'sigma_boundary': 1.7319488640952665, 'alpha': 0.9671921949319637}. Best is trial 23 with value: 0.02433287068006769.
[I 2026-03-06 04:37:34,745] Trial 50 finished with value: 1.0501794104270126 and parameters: {'sigma_noise': 0.40711362644648075, 'A_repulsion': 0.0864996826339946, 'gamma': 0.24547902474839972, 'sigma_update': 0.012381587983268827, 'eta_learning': 0.013954098084806951, 'sigma_boundary': 0.19636325029562407, 'alpha': 0.9799701140119612}. Best is trial 23 with value: 0.02433287068006769.
[I 2026-03-06 04:37:40,130] Trial 51 finished with value: 0.3948666081834926 and parameters: {'sigma_noise': 0.4131644995388041, 'A_repulsion': 0.07845648790775636, 'gamma': 0.59533106959973, 'sigma_update': 0.0633413339559743, 'eta_learning': 0.21820684910587795, 'sigma_boundary': 0.213092055868509, 'alpha': 0.9364307502905684}. Best is trial 23 with value: 0.02433287068006769.
[I 2026-03-06 04:37:43,863] Trial 64 finished with value: 0.5378813714752214 and parameters: {'sigma_noise': 0.16193565153155282, 'A_repulsion': 0.35977902601835143, 'gamma': 0.5918433742759217, 'sigma_update': 0.2994284983582718, 'eta_learning': 0.5138031729553294, 'sigma_boundary': 1.9474553310663265, 'alpha': 0.26837660230676696}. Best is trial 23 with value: 0.02433287068006769.
[I 2026-03-06 04:37:45,010] Trial 52 finished with value: 0.15835853840068093 and parameters: {'sigma_noise': 0.3978612598319242, 'A_repulsion': 0.09575391540473052, 'gamma': 0.639372271394817, 'sigma_update': 0.1483141911966225, 'eta_learning': 0.10185596160415084, 'sigma_boundary': 0.15103057942089604, 'alpha': 0.9594860073284827}. Best is trial 23 with value: 0.02433287068006769.
[I 2026-03-06 04:37:47,993] Trial 69 finished with value: 0.05718927373068544 and parameters: {'sigma_noise': 0.16287567366409098, 'A_repulsion': 0.354461501562335, 'gamma': 0.9953188820004525, 'sigma_update': 0.2723950910585123, 'eta_learning': 0.29458436218054457, 'sigma_boundary': 0.10097725405833002, 'alpha': 0.2918879713212597}. Best is trial 23 with value: 0.02433287068006769.
[I 2026-03-06 04:37:51,019] Trial 61 finished with value: 0.06661247442887744 and parameters: {'sigma_noise': 0.18831089866868392, 'A_repulsion': 0.37041998375738516, 'gamma': 0.6027254847023099, 'sigma_update': 0.2814301317872381, 'eta_learning': 0.43324592383394983, 'sigma_boundary': 0.012392030309759328, 'alpha': 0.9904882122234382}. Best is trial 23 with value: 0.02433287068006769.
[I 2026-03-06 04:38:14,341] Trial 70 finished with value: 0.0619335027583099 and parameters: {'sigma_noise': 0.17818105446705446, 'A_repulsion': 0.256567307234495, 'gamma': 0.9605248038481942, 'sigma_update': 0.2656921103838387, 'eta_learning': 0.27781614009780276, 'sigma_boundary': 5.996576635407853, 'alpha': 0.9274767342737877}. Best is trial 23 with value: 0.02433287068006769.
[I 2026-03-06 04:38:36,644] Trial 65 finished with value: 0.869852993502823 and parameters: {'sigma_noise': 0.17218649999625482, 'A_repulsion': 0.36688191476588156, 'gamma': 0.596615966476144, 'sigma_update': 0.2791835633888494, 'eta_learning': 0.5281641956822718, 'sigma_boundary': 1.8439992515405286, 'alpha': 0.24275045404661216}. Best is trial 23 with value: 0.02433287068006769.
[I 2026-03-06 04:39:09,831] Trial 49 finished with value: 0.8582647435099393 and parameters: {'sigma_noise': 0.44507246334928574, 'A_repulsion': 0.31612042459619777, 'gamma': 0.5992902600657539, 'sigma_update': 0.010936166920767265, 'eta_learning': 0.08411577256200362, 'sigma_boundary': 0.3938333086436836, 'alpha': 0.9593590236493392}. Best is trial 23 with value: 0.02433287068006769.
[I 2026-03-06 04:39:38,644] Trial 72 finished with value: 0.14485539503158118 and parameters: {'sigma_noise': 0.17629967939072222, 'A_repulsion': 0.3650951009109317, 'gamma': 0.9672603659972566, 'sigma_update': 0.2579630206580803, 'eta_learning': 0.29340848078486925, 'sigma_boundary': 2.097915358773541, 'alpha': 0.27557226781587607}. Best is trial 23 with value: 0.02433287068006769.
[I 2026-03-06 04:39:45,592] Trial 71 finished with value: 0.11373423942673258 and parameters: {'sigma_noise': 0.17050099930451879, 'A_repulsion': 0.3883219834180625, 'gamma': 0.9770812495307016, 'sigma_update': 0.2584855108964998, 'eta_learning': 0.29242904108744494, 'sigma_boundary': 0.04610267008407343, 'alpha': 0.9598214224623888}. Best is trial 23 with value: 0.02433287068006769.
[I 2026-03-06 04:39:59,744] Trial 53 finished with value: 0.17812362548940888 and parameters: {'sigma_noise': 0.42012560846866115, 'A_repulsion': 0.3298181201714467, 'gamma': 0.6918211364480735, 'sigma_update': 0.2016203587871802, 'eta_learning': 0.023788324120217585, 'sigma_boundary': 0.12618953721198267, 'alpha': 0.9492062577696246}. Best is trial 23 with value: 0.02433287068006769.
[I 2026-03-06 04:40:08,341] Trial 73 finished with value: 0.21151805450355998 and parameters: {'sigma_noise': 0.1776320574240574, 'A_repulsion': 0.3632181465703166, 'gamma': 0.951489697490864, 'sigma_update': 0.25085413074910756, 'eta_learning': 0.357004819634176, 'sigma_boundary': 2.1209779191658917, 'alpha': 0.2872994070114909}. Best is trial 23 with value: 0.02433287068006769.
[I 2026-03-06 04:45:49,897] Trial 80 finished with value: 0.03825110702814985 and parameters: {'sigma_noise': 0.18922937401611736, 'A_repulsion': 0.10517579294915164, 'gamma': 0.35864268583815284, 'sigma_update': 0.24690644036434464, 'eta_learning': 0.3327665913729946, 'sigma_boundary': 1.6990844924021449, 'alpha': 0.5201127796507798}. Best is trial 23 with value: 0.02433287068006769.
[I 2026-03-06 04:47:38,996] Trial 81 finished with value: 0.03880331442768797 and parameters: {'sigma_noise': 0.18895450270923742, 'A_repulsion': 0.09925589439375711, 'gamma': 0.36210289807956275, 'sigma_update': 0.2495783253145042, 'eta_learning': 0.31221446652645723, 'sigma_boundary': 2.2586313944498313, 'alpha': 0.5370262275988735}. Best is trial 23 with value: 0.02433287068006769.
[I 2026-03-06 04:47:51,160] Trial 82 finished with value: 0.043438468267012253 and parameters: {'sigma_noise': 0.19229136504849087, 'A_repulsion': 0.08792688525248918, 'gamma': 0.3655662211554728, 'sigma_update': 0.2511678923665901, 'eta_learning': 0.33237461039511373, 'sigma_boundary': 2.1301152812739397, 'alpha': 0.7137261306146157}. Best is trial 23 with value: 0.02433287068006769.
[I 2026-03-06 04:51:19,686] Trial 86 finished with value: 0.02217456619442776 and parameters: {'sigma_noise': 0.23033949780833227, 'A_repulsion': 0.06379164197968766, 'gamma': 0.6193637930584426, 'sigma_update': 0.24382772515105666, 'eta_learning': 0.017745632162306804, 'sigma_boundary': 1.8947768212299136, 'alpha': 0.7170893760969558}. Best is trial 86 with value: 0.02217456619442776.
[I 2026-03-06 04:51:36,762] Trial 83 finished with value: 0.07092686594565414 and parameters: {'sigma_noise': 0.22737183980382047, 'A_repulsion': 0.10287985658320875, 'gamma': 0.024287071230115143, 'sigma_update': 0.2519642468029616, 'eta_learning': 0.289263031295418, 'sigma_boundary': 1.687450574509485, 'alpha': 0.53702694389266}. Best is trial 86 with value: 0.02217456619442776.
[I 2026-03-06 04:51:52,372] Trial 85 finished with value: 0.022077088533058772 and parameters: {'sigma_noise': 0.2381469394775578, 'A_repulsion': 0.05568770241381798, 'gamma': 0.9751402745875005, 'sigma_update': 0.2892226300566944, 'eta_learning': 0.030851101433195582, 'sigma_boundary': 2.2070917415115208, 'alpha': 0.719245203962772}. Best is trial 85 with value: 0.022077088533058772.
[I 2026-03-06 04:53:04,327] Trial 94 finished with value: 0.026628648204297566 and parameters: {'sigma_noise': 0.21370740930301202, 'A_repulsion': 0.08682828496618736, 'gamma': 0.6323574567116713, 'sigma_update': 0.3136648439399616, 'eta_learning': 0.49661461493111514, 'sigma_boundary': 0.8813063740927997, 'alpha': 0.7185163175227911}. Best is trial 85 with value: 0.022077088533058772.
[I 2026-03-06 04:53:24,190] Trial 90 finished with value: 0.02346666082962053 and parameters: {'sigma_noise': 0.23380263236224455, 'A_repulsion': 0.08895782636369226, 'gamma': 0.655478214952386, 'sigma_update': 0.23082821624921204, 'eta_learning': 0.5049723795880079, 'sigma_boundary': 2.2553309688346337, 'alpha': 0.7291152174712234}. Best is trial 85 with value: 0.022077088533058772.
[I 2026-03-06 04:53:27,528] Trial 88 finished with value: 0.02189616582488858 and parameters: {'sigma_noise': 0.23658580940372756, 'A_repulsion': 0.09611984769832013, 'gamma': 0.6674676241353733, 'sigma_update': 0.22381897060055395, 'eta_learning': 0.4876907898797229, 'sigma_boundary': 2.1612255446346955, 'alpha': 0.6759232447446353}. Best is trial 88 with value: 0.02189616582488858.
[I 2026-03-06 04:53:30,829] Trial 91 finished with value: 0.02436307463125447 and parameters: {'sigma_noise': 0.2332972138767454, 'A_repulsion': 0.08918103175865394, 'gamma': 0.6810499970621571, 'sigma_update': 0.3104340100049307, 'eta_learning': 0.49662977359557925, 'sigma_boundary': 2.29992194590817, 'alpha': 0.7478981961209884}. Best is trial 88 with value: 0.02189616582488858.
[I 2026-03-06 04:53:31,057] Trial 89 finished with value: 0.023704358461618915 and parameters: {'sigma_noise': 0.2500362169665106, 'A_repulsion': 0.09170182233947599, 'gamma': 0.6455308184634376, 'sigma_update': 0.23599237014541602, 'eta_learning': 0.014822681144439048, 'sigma_boundary': 2.169098483937174, 'alpha': 0.5354172868074638}. Best is trial 88 with value: 0.02189616582488858.
[I 2026-03-06 04:53:31,843] Trial 93 finished with value: 0.020896835422403955 and parameters: {'sigma_noise': 0.23564780713458577, 'A_repulsion': 0.08337465557804108, 'gamma': 0.6714397307597681, 'sigma_update': 0.22229032812268373, 'eta_learning': 0.5676236308110332, 'sigma_boundary': 2.285542658835409, 'alpha': 0.6901955574626295}. Best is trial 93 with value: 0.020896835422403955.
[I 2026-03-06 04:53:37,318] Trial 92 finished with value: 0.02357575411129293 and parameters: {'sigma_noise': 0.2372161180968871, 'A_repulsion': 0.09076326691750186, 'gamma': 0.6804826418335208, 'sigma_update': 0.31194051107773635, 'eta_learning': 0.48363092764191395, 'sigma_boundary': 2.210361636725337, 'alpha': 0.9388104605000591}. Best is trial 93 with value: 0.020896835422403955.
[I 2026-03-06 04:53:42,622] Trial 87 finished with value: 0.022119436410153556 and parameters: {'sigma_noise': 0.23824099463068493, 'A_repulsion': 0.10344985901144976, 'gamma': 0.6746567573492865, 'sigma_update': 0.23404259967231825, 'eta_learning': 0.5171789577605279, 'sigma_boundary': 2.1185285832787377, 'alpha': 0.7273415022179857}. Best is trial 93 with value: 0.020896835422403955.
[I 2026-03-06 04:54:10,676] Trial 95 finished with value: 0.02196484589905321 and parameters: {'sigma_noise': 0.23452737193688084, 'A_repulsion': 0.09364483037760031, 'gamma': 0.6928247159205276, 'sigma_update': 0.22519391042471607, 'eta_learning': 0.5644535580414137, 'sigma_boundary': 0.7288508430555196, 'alpha': 0.5487160575092787}. Best is trial 93 with value: 0.020896835422403955.
[I 2026-03-06 04:54:50,224] Trial 96 finished with value: 0.023164659896314714 and parameters: {'sigma_noise': 0.2294159496560007, 'A_repulsion': 0.09881434671363001, 'gamma': 0.6685767581095977, 'sigma_update': 0.21351522464074257, 'eta_learning': 0.5527233425227183, 'sigma_boundary': 0.8731029496237328, 'alpha': 0.7271223072630153}. Best is trial 93 with value: 0.020896835422403955.
[I 2026-03-06 04:55:25,246] Trial 100 finished with value: 0.03113708853834139 and parameters: {'sigma_noise': 0.2379545978322071, 'A_repulsion': 0.0533371881589421, 'gamma': 0.700029670968271, 'sigma_update': 0.21528375774842287, 'eta_learning': 0.6583121993545827, 'sigma_boundary': 0.9475033925184462, 'alpha': 0.5127047208202811}. Best is trial 93 with value: 0.020896835422403955.
[I 2026-03-06 04:55:34,029] Trial 84 finished with value: 0.053053277307848215 and parameters: {'sigma_noise': 0.2294074994816623, 'A_repulsion': 0.38765218410749624, 'gamma': 0.676904887693054, 'sigma_update': 0.24869455885736558, 'eta_learning': 0.02981069406754823, 'sigma_boundary': 2.0843863730230456, 'alpha': 0.5340590634883523}. Best is trial 93 with value: 0.020896835422403955.
[I 2026-03-06 04:55:46,192] Trial 98 finished with value: 0.022811231305077565 and parameters: {'sigma_noise': 0.23641784542101807, 'A_repulsion': 0.1517945081577448, 'gamma': 0.6934473562860856, 'sigma_update': 0.2185659660658128, 'eta_learning': 0.7047712232968179, 'sigma_boundary': 0.8119454691928675, 'alpha': 0.7394588775255638}. Best is trial 93 with value: 0.020896835422403955.
[I 2026-03-06 04:56:06,549] Trial 97 finished with value: 0.022510113036226062 and parameters: {'sigma_noise': 0.24013568901340213, 'A_repulsion': 0.15406838004099563, 'gamma': 0.6933713023976088, 'sigma_update': 0.21948395228896664, 'eta_learning': 0.6873172526921631, 'sigma_boundary': 0.6949375391039303, 'alpha': 0.6980678349909825}. Best is trial 93 with value: 0.020896835422403955.
[I 2026-03-06 04:56:27,714] Trial 101 finished with value: 0.022869095421263176 and parameters: {'sigma_noise': 0.22820398485320045, 'A_repulsion': 0.15637505558202175, 'gamma': 0.678747020794004, 'sigma_update': 0.21497846743049887, 'eta_learning': 0.6993085029845652, 'sigma_boundary': 0.7158619909679466, 'alpha': 0.5396922046214587}. Best is trial 93 with value: 0.020896835422403955.
[I 2026-03-06 04:56:33,607] Trial 99 finished with value: 0.020858940945383972 and parameters: {'sigma_noise': 0.23041702654492713, 'A_repulsion': 0.15498080679316872, 'gamma': 0.7083245408984126, 'sigma_update': 0.22031305250174546, 'eta_learning': 0.6854585816069303, 'sigma_boundary': 0.5587665724361875, 'alpha': 0.718633971953406}. Best is trial 99 with value: 0.020858940945383972.
[I 2026-03-06 04:57:32,016] Trial 102 finished with value: 0.021806096328659562 and parameters: {'sigma_noise': 0.23532626183318486, 'A_repulsion': 0.154744221928007, 'gamma': 0.7056678424444052, 'sigma_update': 0.21220830405934765, 'eta_learning': 0.6397133345076379, 'sigma_boundary': 0.6757228495722682, 'alpha': 0.7258994122502003}. Best is trial 99 with value: 0.020858940945383972.
[I 2026-03-06 04:58:00,823] Trial 105 finished with value: 0.020687894301433356 and parameters: {'sigma_noise': 0.2363007032537948, 'A_repulsion': 0.1531666708483725, 'gamma': 0.709920485931177, 'sigma_update': 0.21612580325607025, 'eta_learning': 0.5937841885035438, 'sigma_boundary': 1.0460215256568448, 'alpha': 0.7054066269738186}. Best is trial 105 with value: 0.020687894301433356.
[I 2026-03-06 04:58:01,671] Trial 104 finished with value: 0.02679850062127127 and parameters: {'sigma_noise': 0.2360414439184249, 'A_repulsion': 0.1509258346310979, 'gamma': 0.6945284455658192, 'sigma_update': 0.21406826975189638, 'eta_learning': 0.1741904767353102, 'sigma_boundary': 0.7709730188871676, 'alpha': 0.7226421897715496}. Best is trial 105 with value: 0.020687894301433356.
[I 2026-03-06 04:58:07,934] Trial 103 finished with value: 0.02548251603714756 and parameters: {'sigma_noise': 0.23195826616191476, 'A_repulsion': 0.15282494394740267, 'gamma': 0.6639114912175057, 'sigma_update': 0.21556280256396776, 'eta_learning': 0.6735215091544535, 'sigma_boundary': 0.6789015916889919, 'alpha': 0.7067958207267029}. Best is trial 105 with value: 0.020687894301433356.
[I 2026-03-06 04:58:24,949] Trial 106 finished with value: 0.02124720747477281 and parameters: {'sigma_noise': 0.23057919557497683, 'A_repulsion': 0.1589532561474613, 'gamma': 0.6861590409604764, 'sigma_update': 0.20945578280829869, 'eta_learning': 0.7167302323972999, 'sigma_boundary': 0.6974438254554302, 'alpha': 0.5432388624981541}. Best is trial 105 with value: 0.020687894301433356.
[I 2026-03-06 04:58:36,546] Trial 112 finished with value: 0.02489666917688435 and parameters: {'sigma_noise': 0.23505233543324866, 'A_repulsion': 0.15462319194543295, 'gamma': 0.6906370100064001, 'sigma_update': 0.3420442585138115, 'eta_learning': 0.17922203412495483, 'sigma_boundary': 0.7668510309832246, 'alpha': 0.7243880002999641}. Best is trial 105 with value: 0.020687894301433356.
[I 2026-03-06 04:58:51,244] Trial 111 finished with value: 0.022462624508443434 and parameters: {'sigma_noise': 0.23794109924392204, 'A_repulsion': 0.1554253262752604, 'gamma': 0.6980857882504877, 'sigma_update': 0.20912870864327027, 'eta_learning': 0.7306796303129942, 'sigma_boundary': 0.7454476266952277, 'alpha': 0.5388597836297822}. Best is trial 105 with value: 0.020687894301433356.
[I 2026-03-06 04:58:54,587] Trial 107 finished with value: 0.023598900015321528 and parameters: {'sigma_noise': 0.23591519671387265, 'A_repulsion': 0.14754254455946392, 'gamma': 0.680932952193832, 'sigma_update': 0.20632315783455318, 'eta_learning': 0.6581955848415064, 'sigma_boundary': 0.6918658496376153, 'alpha': 0.7235795934882161}. Best is trial 105 with value: 0.020687894301433356.
[I 2026-03-06 04:58:55,304] Trial 110 finished with value: 0.02364909108547076 and parameters: {'sigma_noise': 0.22978835534996864, 'A_repulsion': 0.1546907336682871, 'gamma': 0.6999523475805657, 'sigma_update': 0.21315217132869357, 'eta_learning': 0.6653346032961706, 'sigma_boundary': 0.7113578782816614, 'alpha': 0.7268762209234588}. Best is trial 105 with value: 0.020687894301433356.
[I 2026-03-06 04:59:07,842] Trial 108 finished with value: 0.02459191477460399 and parameters: {'sigma_noise': 0.234631841576821, 'A_repulsion': 0.15609629621294874, 'gamma': 0.6823742181638013, 'sigma_update': 0.21276573417423883, 'eta_learning': 0.6811565238481528, 'sigma_boundary': 1.0702161063804916, 'alpha': 0.7173097082914032}. Best is trial 105 with value: 0.020687894301433356.
