/nfs/nhome/live/apourdehghan/Hybrid_hpc_utils.py:56: DtypeWarning: Columns (16) have mixed types. Specify dtype option on import or set low_memory=False.
  data = pd.read_csv(data_path)
[I 2026-03-06 03:53:54,561] A new study created in memory with name: no-name-afe2a9de-30bf-49dc-aec3-db6c1b98c6d9
[I 2026-03-06 04:08:44,790] Trial 8 finished with value: 0.1396610063817636 and parameters: {'sigma_noise': 0.061467425930506275, 'A_repulsion': 0.2056387364198003, 'gamma': 0.26855897482575397, 'sigma_update': 0.44892107448643365, 'eta_learning': 1.466101200276387, 'sigma_boundary': 0.8923689362939838, 'alpha': 0.5594824125175112}. Best is trial 8 with value: 0.1396610063817636.
[I 2026-03-06 04:09:05,932] Trial 4 finished with value: 0.08616336091943222 and parameters: {'sigma_noise': 0.07243306884235051, 'A_repulsion': 0.1652883242817324, 'gamma': 0.6991741401685131, 'sigma_update': 0.33185867085271464, 'eta_learning': 0.9289606908131217, 'sigma_boundary': 8.633322168371285, 'alpha': 0.7077984969015693}. Best is trial 4 with value: 0.08616336091943222.
[I 2026-03-06 04:10:25,227] Trial 11 finished with value: 1.1725866504024944 and parameters: {'sigma_noise': 0.05156961573114369, 'A_repulsion': 0.4272425660480153, 'gamma': 0.7446045765257313, 'sigma_update': 0.38005421460687594, 'eta_learning': 1.8696214407040683, 'sigma_boundary': 6.8453245250009065, 'alpha': 0.11053387142272131}. Best is trial 4 with value: 0.08616336091943222.
[I 2026-03-06 04:10:26,798] Trial 16 finished with value: 0.060562720026494016 and parameters: {'sigma_noise': 0.14176272815160407, 'A_repulsion': 0.14587728128062583, 'gamma': 0.2816851326146266, 'sigma_update': 0.1422952946627686, 'eta_learning': 0.5796932883777307, 'sigma_boundary': 3.1178724371282085, 'alpha': 0.8192838049964665}. Best is trial 16 with value: 0.060562720026494016.
[I 2026-03-06 04:10:32,015] Trial 21 finished with value: 1.4106238768512966 and parameters: {'sigma_noise': 0.0939683177823278, 'A_repulsion': 0.2884907398383441, 'gamma': 0.5137189708626595, 'sigma_update': 0.2500989983797641, 'eta_learning': 1.9412114982467539, 'sigma_boundary': 4.844795033266369, 'alpha': 0.1008319281218979}. Best is trial 16 with value: 0.060562720026494016.
[I 2026-03-06 04:10:33,239] Trial 23 finished with value: 0.02433287068006769 and parameters: {'sigma_noise': 0.218102792818899, 'A_repulsion': 0.06414819007260619, 'gamma': 0.7668723507467461, 'sigma_update': 0.15373980204032744, 'eta_learning': 0.0908187961424509, 'sigma_boundary': 2.2384072134168775, 'alpha': 0.8373439169501553}. Best is trial 23 with value: 0.02433287068006769.
[I 2026-03-06 04:10:41,673] Trial 10 finished with value: 0.09016322090626776 and parameters: {'sigma_noise': 0.2450887053331272, 'A_repulsion': 0.0009173474880396215, 'gamma': 0.8664920858911236, 'sigma_update': 0.5820848918605094, 'eta_learning': 0.8667106709251151, 'sigma_boundary': 2.9705443300500307, 'alpha': 0.6107729712932013}. Best is trial 23 with value: 0.02433287068006769.
[I 2026-03-06 04:10:43,816] Trial 26 finished with value: 0.4943472788034523 and parameters: {'sigma_noise': 0.12141372555199999, 'A_repulsion': 0.20087095376096198, 'gamma': 0.45908637168306754, 'sigma_update': 0.6813765790494238, 'eta_learning': 1.315023714534487, 'sigma_boundary': 8.577125906172258, 'alpha': 0.44501221431766935}. Best is trial 23 with value: 0.02433287068006769.
[I 2026-03-06 04:11:14,270] Trial 18 finished with value: 0.4597402063298408 and parameters: {'sigma_noise': 0.05937077284372175, 'A_repulsion': 0.47042463494840303, 'gamma': 0.8843069336070318, 'sigma_update': 0.6925854929051145, 'eta_learning': 2.1446045704511745, 'sigma_boundary': 2.540882779214075, 'alpha': 0.3854605059579287}. Best is trial 23 with value: 0.02433287068006769.
[I 2026-03-06 04:11:57,025] Trial 1 finished with value: 0.511373772995686 and parameters: {'sigma_noise': 0.29953302188831765, 'A_repulsion': 0.025094385479472958, 'gamma': 0.12271449987790997, 'sigma_update': 0.5658411603789123, 'eta_learning': 2.8670795798795385, 'sigma_boundary': 7.58022893830129, 'alpha': 0.5880066075968815}. Best is trial 23 with value: 0.02433287068006769.
[I 2026-03-06 04:12:57,286] Trial 35 finished with value: 1.690963362880903 and parameters: {'sigma_noise': 0.20875294762029994, 'A_repulsion': 0.21372871026411078, 'gamma': 0.46810707372536287, 'sigma_update': 0.531212476637274, 'eta_learning': 1.515725202841317, 'sigma_boundary': 9.956872032801188, 'alpha': 0.19822058814484722}. Best is trial 23 with value: 0.02433287068006769.
[I 2026-03-06 04:13:00,561] Trial 19 finished with value: 0.03735847866550604 and parameters: {'sigma_noise': 0.2646993747765396, 'A_repulsion': 0.1359716741956415, 'gamma': 0.363670199902342, 'sigma_update': 0.1879980695234987, 'eta_learning': 0.1434205541129992, 'sigma_boundary': 0.5910349910250496, 'alpha': 0.28110931840791475}. Best is trial 23 with value: 0.02433287068006769.
[I 2026-03-06 04:13:17,768] Trial 28 finished with value: 1.13063606576964 and parameters: {'sigma_noise': 0.2746361320069174, 'A_repulsion': 0.07628241374140515, 'gamma': 0.3321090148426314, 'sigma_update': 0.0111510922895651, 'eta_learning': 0.8628798539583864, 'sigma_boundary': 7.888393463776648, 'alpha': 0.7966214858787679}. Best is trial 23 with value: 0.02433287068006769.
[I 2026-03-06 04:13:48,552] Trial 13 finished with value: 2.3603572203247856 and parameters: {'sigma_noise': 0.3369741629099615, 'A_repulsion': 0.0634331060651942, 'gamma': 0.5353318740255391, 'sigma_update': 0.07270782724394438, 'eta_learning': 2.4068835402212714, 'sigma_boundary': 4.679364452669417, 'alpha': 0.10496598437102578}. Best is trial 23 with value: 0.02433287068006769.
[I 2026-03-06 04:14:21,123] Trial 3 finished with value: 2.3843983817522485 and parameters: {'sigma_noise': 0.4026225254552486, 'A_repulsion': 0.036488966955585844, 'gamma': 0.15235219031120978, 'sigma_update': 0.073931247777037, 'eta_learning': 2.1189550344788914, 'sigma_boundary': 9.895668631940582, 'alpha': 0.0647002520576494}. Best is trial 23 with value: 0.02433287068006769.
[I 2026-03-06 04:14:21,359] Trial 9 finished with value: 0.044815583757615615 and parameters: {'sigma_noise': 0.2143664521301485, 'A_repulsion': 0.29943482055009, 'gamma': 0.8670974725447688, 'sigma_update': 0.4031738126221443, 'eta_learning': 0.13168217685010855, 'sigma_boundary': 7.235226182634488, 'alpha': 0.8779414991304499}. Best is trial 23 with value: 0.02433287068006769.
[I 2026-03-06 04:14:26,884] Trial 31 finished with value: 2.1169991361347282 and parameters: {'sigma_noise': 0.2659759248091205, 'A_repulsion': 0.19356861812206094, 'gamma': 0.13270959543974298, 'sigma_update': 0.14155301610873078, 'eta_learning': 2.4474248842804784, 'sigma_boundary': 7.986024719945763, 'alpha': 0.16132014541864947}. Best is trial 23 with value: 0.02433287068006769.
[I 2026-03-06 04:14:28,253] Trial 5 finished with value: 0.11250302715512127 and parameters: {'sigma_noise': 0.36221046039687027, 'A_repulsion': 0.07470508033753803, 'gamma': 0.41054678177001125, 'sigma_update': 0.19625994788631185, 'eta_learning': 2.3276980915089944, 'sigma_boundary': 2.8435725898364237, 'alpha': 0.8203423206923437}. Best is trial 23 with value: 0.02433287068006769.
[I 2026-03-06 04:14:51,260] Trial 37 finished with value: 0.1782559923692159 and parameters: {'sigma_noise': 0.4344533445314063, 'A_repulsion': 0.03003057719834651, 'gamma': 0.14904833959463623, 'sigma_update': 0.15886661459980958, 'eta_learning': 1.0021361871834644, 'sigma_boundary': 0.7788661186975818, 'alpha': 0.4693197576880782}. Best is trial 23 with value: 0.02433287068006769.
[I 2026-03-06 04:14:52,074] Trial 25 finished with value: 0.044193540995273894 and parameters: {'sigma_noise': 0.22189093574294794, 'A_repulsion': 0.3191993817649239, 'gamma': 0.405380621998701, 'sigma_update': 0.21947195463637986, 'eta_learning': 0.4313247318149594, 'sigma_boundary': 0.7573162458292199, 'alpha': 0.4907332707662079}. Best is trial 23 with value: 0.02433287068006769.
[I 2026-03-06 04:14:58,618] Trial 2 finished with value: 1.2931642707262907 and parameters: {'sigma_noise': 0.287084612261624, 'A_repulsion': 0.1982284137284922, 'gamma': 0.24193436443060046, 'sigma_update': 0.6492724961841788, 'eta_learning': 1.429046561850137, 'sigma_boundary': 6.5450349773685845, 'alpha': 0.36256616448677725}. Best is trial 23 with value: 0.02433287068006769.
[I 2026-03-06 04:15:14,496] Trial 0 finished with value: 0.12636499851965177 and parameters: {'sigma_noise': 0.4463454664541642, 'A_repulsion': 0.024728392768316343, 'gamma': 0.7105414115503261, 'sigma_update': 0.2656131462191544, 'eta_learning': 0.18319131818854126, 'sigma_boundary': 3.502683932769788, 'alpha': 0.754400038767204}. Best is trial 23 with value: 0.02433287068006769.
[I 2026-03-06 04:15:46,356] Trial 30 finished with value: 0.050578933244580904 and parameters: {'sigma_noise': 0.19325678044646222, 'A_repulsion': 0.43968770000162527, 'gamma': 0.290131384435362, 'sigma_update': 0.18550058256915114, 'eta_learning': 1.5657576677233054, 'sigma_boundary': 1.5960277008125923, 'alpha': 0.4611147252759842}. Best is trial 23 with value: 0.02433287068006769.
[I 2026-03-06 04:15:50,344] Trial 36 finished with value: 0.15069475903700102 and parameters: {'sigma_noise': 0.28943104834082617, 'A_repulsion': 0.3206534014571729, 'gamma': 0.08686022595032271, 'sigma_update': 0.47846724961045267, 'eta_learning': 1.061380892314184, 'sigma_boundary': 0.19456288921506662, 'alpha': 0.9803153305853852}. Best is trial 23 with value: 0.02433287068006769.
[I 2026-03-06 04:15:52,192] Trial 20 finished with value: 0.1104586610845615 and parameters: {'sigma_noise': 0.31156852616398745, 'A_repulsion': 0.2956943224738969, 'gamma': 0.3045938191900631, 'sigma_update': 0.18882864057141394, 'eta_learning': 0.09667373623470482, 'sigma_boundary': 4.399459936920896, 'alpha': 0.77764323542344}. Best is trial 23 with value: 0.02433287068006769.
[I 2026-03-06 04:15:56,135] Trial 7 finished with value: 0.09962232465939294 and parameters: {'sigma_noise': 0.21326732466896925, 'A_repulsion': 0.468940784930009, 'gamma': 0.7601643892645442, 'sigma_update': 0.1265774329222584, 'eta_learning': 0.4291167728707346, 'sigma_boundary': 7.238968885500484, 'alpha': 0.43479093203123065}. Best is trial 23 with value: 0.02433287068006769.
[I 2026-03-06 04:16:02,780] Trial 27 finished with value: 0.4556532323254493 and parameters: {'sigma_noise': 0.3891072068683064, 'A_repulsion': 0.18872088024170386, 'gamma': 0.6333921297946119, 'sigma_update': 0.6242010102791057, 'eta_learning': 1.6330377405066614, 'sigma_boundary': 4.650624268159385, 'alpha': 0.610617208938234}. Best is trial 23 with value: 0.02433287068006769.
[I 2026-03-06 04:16:03,352] Trial 14 finished with value: 2.515033047948072 and parameters: {'sigma_noise': 0.3101388887915856, 'A_repulsion': 0.30707696542701657, 'gamma': 0.779192379799621, 'sigma_update': 0.6815969892797157, 'eta_learning': 1.4802027563091427, 'sigma_boundary': 3.041432026847293, 'alpha': 0.15075280679200342}. Best is trial 23 with value: 0.02433287068006769.
[I 2026-03-06 04:16:04,419] Trial 22 finished with value: 2.5111353378782835 and parameters: {'sigma_noise': 0.4045075177230382, 'A_repulsion': 0.18382213669328012, 'gamma': 0.4920979820736593, 'sigma_update': 0.4688302082964052, 'eta_learning': 0.6368349535374311, 'sigma_boundary': 1.4741959599850287, 'alpha': 0.10489715247722886}. Best is trial 23 with value: 0.02433287068006769.
[I 2026-03-06 04:16:09,606] Trial 24 finished with value: 1.2605738810212181 and parameters: {'sigma_noise': 0.36836626832520375, 'A_repulsion': 0.13423324280785476, 'gamma': 0.10350283926946126, 'sigma_update': 0.6665248344471675, 'eta_learning': 0.8076045529782996, 'sigma_boundary': 3.4434382080415373, 'alpha': 0.39561742356526686}. Best is trial 23 with value: 0.02433287068006769.
[I 2026-03-06 04:16:48,396] Trial 6 finished with value: 1.2907774050021494 and parameters: {'sigma_noise': 0.3279758806328558, 'A_repulsion': 0.32785759810264875, 'gamma': 0.12644114138837856, 'sigma_update': 0.3447536239784365, 'eta_learning': 2.571416269552543, 'sigma_boundary': 8.54129849137936, 'alpha': 0.3202518478060926}. Best is trial 23 with value: 0.02433287068006769.
[I 2026-03-06 04:17:04,477] Trial 33 finished with value: 0.20395222557964282 and parameters: {'sigma_noise': 0.3929018530693834, 'A_repulsion': 0.24611456448815433, 'gamma': 0.4411438518830615, 'sigma_update': 0.11602680224644546, 'eta_learning': 1.2966860233855577, 'sigma_boundary': 7.625189800711408, 'alpha': 0.6444531999820332}. Best is trial 23 with value: 0.02433287068006769.
[I 2026-03-06 04:17:16,127] Trial 32 finished with value: 0.2765930228414529 and parameters: {'sigma_noise': 0.34592980383196126, 'A_repulsion': 0.3947279034430433, 'gamma': 0.4963006872275426, 'sigma_update': 0.6362791691852978, 'eta_learning': 1.6583102757944541, 'sigma_boundary': 5.463066411250402, 'alpha': 0.8782375806859162}. Best is trial 23 with value: 0.02433287068006769.
[I 2026-03-06 04:17:16,492] Trial 29 finished with value: 0.10534244181869093 and parameters: {'sigma_noise': 0.29727600808243587, 'A_repulsion': 0.44316417703488736, 'gamma': 0.49404351866784313, 'sigma_update': 0.1799785190731725, 'eta_learning': 1.2313087964013019, 'sigma_boundary': 8.959505967666209, 'alpha': 0.8026214801117347}. Best is trial 23 with value: 0.02433287068006769.
[I 2026-03-06 04:17:18,152] Trial 38 finished with value: 2.51306816699247 and parameters: {'sigma_noise': 0.3324495719338634, 'A_repulsion': 0.37600538274187795, 'gamma': 0.5391524972984396, 'sigma_update': 0.10513406386466195, 'eta_learning': 2.241345869762656, 'sigma_boundary': 0.16499199869176875, 'alpha': 0.06942547094531915}. Best is trial 23 with value: 0.02433287068006769.
[I 2026-03-06 04:17:21,125] Trial 39 finished with value: 0.5666764975043015 and parameters: {'sigma_noise': 0.377704454642122, 'A_repulsion': 0.32784054733153734, 'gamma': 0.1869532444496924, 'sigma_update': 0.5681889275704616, 'eta_learning': 2.33950503563192, 'sigma_boundary': 6.504683976385876, 'alpha': 0.6086465100185434}. Best is trial 23 with value: 0.02433287068006769.
[I 2026-03-06 04:17:36,046] Trial 15 finished with value: 0.06207703886353086 and parameters: {'sigma_noise': 0.43806957048400996, 'A_repulsion': 0.32024787892760864, 'gamma': 0.9942451421607882, 'sigma_update': 0.5251363730642727, 'eta_learning': 0.20028449081884933, 'sigma_boundary': 5.125322983856473, 'alpha': 0.8830568953821342}. Best is trial 23 with value: 0.02433287068006769.
[I 2026-03-06 04:17:49,084] Trial 12 finished with value: 0.457910716485891 and parameters: {'sigma_noise': 0.4358859128531977, 'A_repulsion': 0.24762925708372008, 'gamma': 0.7512706984378332, 'sigma_update': 0.06466420190302283, 'eta_learning': 0.12013320845366854, 'sigma_boundary': 0.9555486163551332, 'alpha': 0.9953973332439321}. Best is trial 23 with value: 0.02433287068006769.
[I 2026-03-06 04:18:03,039] Trial 17 finished with value: 0.5860973962004835 and parameters: {'sigma_noise': 0.4241548028020059, 'A_repulsion': 0.26390552724674293, 'gamma': 0.857042526611662, 'sigma_update': 0.029553896490725505, 'eta_learning': 2.5607658032322616, 'sigma_boundary': 3.990165176019983, 'alpha': 0.891937678163631}. Best is trial 23 with value: 0.02433287068006769.
[I 2026-03-06 04:18:03,306] Trial 34 finished with value: 1.3978981757507307 and parameters: {'sigma_noise': 0.4152761061720373, 'A_repulsion': 0.34477462022397565, 'gamma': 0.2284738921820491, 'sigma_update': 0.6242651873205651, 'eta_learning': 2.419790013128987, 'sigma_boundary': 2.817285314603259, 'alpha': 0.4119853432746534}. Best is trial 23 with value: 0.02433287068006769.
[I 2026-03-06 04:26:34,730] Trial 45 finished with value: 0.2949827216061781 and parameters: {'sigma_noise': 0.06785748548075886, 'A_repulsion': 0.1197492184499101, 'gamma': 0.4418444075665642, 'sigma_update': 0.39787318424251605, 'eta_learning': 1.4446703334987279, 'sigma_boundary': 1.5389808376657979, 'alpha': 0.286930594644213}. Best is trial 23 with value: 0.02433287068006769.
[I 2026-03-06 04:28:33,788] Trial 42 finished with value: 0.05138483233264528 and parameters: {'sigma_noise': 0.11940835805183805, 'A_repulsion': 0.17380364832538414, 'gamma': 0.8125968438538277, 'sigma_update': 0.6858592375370184, 'eta_learning': 2.237305267555971, 'sigma_boundary': 5.703744341922784, 'alpha': 0.8844639415854528}. Best is trial 23 with value: 0.02433287068006769.
[I 2026-03-06 04:28:37,288] Trial 41 finished with value: 0.062323613125890416 and parameters: {'sigma_noise': 0.1263196995080818, 'A_repulsion': 0.2217627281174992, 'gamma': 0.9005414469891164, 'sigma_update': 0.12559815621807827, 'eta_learning': 2.287491828227682, 'sigma_boundary': 7.780536700418031, 'alpha': 0.4357947507938328}. Best is trial 23 with value: 0.02433287068006769.
[I 2026-03-06 04:31:18,762] Trial 47 finished with value: 0.1353289150343101 and parameters: {'sigma_noise': 0.1755477430370635, 'A_repulsion': 0.22626080378289748, 'gamma': 0.4212659155333727, 'sigma_update': 0.043664244754216104, 'eta_learning': 0.3595347654778596, 'sigma_boundary': 9.58670810232929, 'alpha': 0.481369465342365}. Best is trial 23 with value: 0.02433287068006769.
[I 2026-03-06 04:31:48,894] Trial 46 finished with value: 0.09304520126927504 and parameters: {'sigma_noise': 0.3352494037096271, 'A_repulsion': 0.019718419851464886, 'gamma': 0.17411240269063125, 'sigma_update': 0.1301812179262256, 'eta_learning': 0.2954735373691641, 'sigma_boundary': 1.298574699183408, 'alpha': 0.3090049083020552}. Best is trial 23 with value: 0.02433287068006769.
[I 2026-03-06 04:32:47,205] Trial 58 finished with value: 0.04606105262924535 and parameters: {'sigma_noise': 0.17650855862148224, 'A_repulsion': 0.10737363574854056, 'gamma': 0.9951859020288243, 'sigma_update': 0.28379484233881214, 'eta_learning': 0.21268473559506035, 'sigma_boundary': 1.4706887115739327, 'alpha': 0.9971875242735424}. Best is trial 23 with value: 0.02433287068006769.
[I 2026-03-06 04:32:53,125] Trial 56 finished with value: 0.03313518481941672 and parameters: {'sigma_noise': 0.16675306824194983, 'A_repulsion': 0.11092654925017803, 'gamma': 0.6584200515037016, 'sigma_update': 0.2532859257055134, 'eta_learning': 0.25836064314053525, 'sigma_boundary': 0.353887117791186, 'alpha': 0.995436055207009}. Best is trial 23 with value: 0.02433287068006769.
[I 2026-03-06 04:32:54,591] Trial 48 finished with value: 0.23001514913871676 and parameters: {'sigma_noise': 0.3179064992460171, 'A_repulsion': 0.06312635212580436, 'gamma': 0.19776265097242576, 'sigma_update': 0.08050919298041492, 'eta_learning': 1.612657564662815, 'sigma_boundary': 8.655270190907602, 'alpha': 0.939988669359282}. Best is trial 23 with value: 0.02433287068006769.
[I 2026-03-06 04:32:57,066] Trial 40 finished with value: 1.8158062483301018 and parameters: {'sigma_noise': 0.3590218744711457, 'A_repulsion': 0.2042694073218695, 'gamma': 0.15396759365273144, 'sigma_update': 0.606409870138594, 'eta_learning': 2.1163217148112636, 'sigma_boundary': 1.7223465753213147, 'alpha': 0.28004326997860707}. Best is trial 23 with value: 0.02433287068006769.
[I 2026-03-06 04:33:14,741] Trial 55 finished with value: 0.03449371817336812 and parameters: {'sigma_noise': 0.1743946470304628, 'A_repulsion': 0.12811212291811133, 'gamma': 0.6825843334739279, 'sigma_update': 0.23398833665630786, 'eta_learning': 0.14777317429060496, 'sigma_boundary': 0.19386952204191132, 'alpha': 0.968319342711268}. Best is trial 23 with value: 0.02433287068006769.
[I 2026-03-06 04:33:18,521] Trial 59 finished with value: 0.0661111328259307 and parameters: {'sigma_noise': 0.1515734110038664, 'A_repulsion': 0.1351748310362339, 'gamma': 0.9922959790116438, 'sigma_update': 0.2597273139443433, 'eta_learning': 0.024554613823595084, 'sigma_boundary': 1.667992969307024, 'alpha': 0.9852490967347077}. Best is trial 23 with value: 0.02433287068006769.
[I 2026-03-06 04:33:21,467] Trial 44 finished with value: 0.05450283930305283 and parameters: {'sigma_noise': 0.2607265188767622, 'A_repulsion': 0.22726715936284614, 'gamma': 0.36686797672525645, 'sigma_update': 0.22732283491051442, 'eta_learning': 0.059445878422567947, 'sigma_boundary': 0.2760661472092332, 'alpha': 0.41601980907027447}. Best is trial 23 with value: 0.02433287068006769.
[I 2026-03-06 04:33:23,797] Trial 57 finished with value: 0.05077073447311869 and parameters: {'sigma_noise': 0.17191854466347917, 'A_repulsion': 0.11998542606539409, 'gamma': 0.9856127308584228, 'sigma_update': 0.2680192815497952, 'eta_learning': 0.03772157214886063, 'sigma_boundary': 0.45470553051720125, 'alpha': 0.9764877690652125}. Best is trial 23 with value: 0.02433287068006769.
[I 2026-03-06 04:33:25,863] Trial 54 finished with value: 0.03404755450321471 and parameters: {'sigma_noise': 0.1801724455579504, 'A_repulsion': 0.12024387024154837, 'gamma': 0.7044153435183784, 'sigma_update': 0.2109292651228189, 'eta_learning': 0.07549408551707103, 'sigma_boundary': 0.1206317813719977, 'alpha': 0.997675968416037}. Best is trial 23 with value: 0.02433287068006769.
[I 2026-03-06 04:33:41,349] Trial 68 finished with value: 0.047849234186873285 and parameters: {'sigma_noise': 0.1595121644427554, 'A_repulsion': 0.12368785096968538, 'gamma': 0.9765141768649319, 'sigma_update': 0.2901939901542442, 'eta_learning': 0.30338217975666926, 'sigma_boundary': 2.0758608065219004, 'alpha': 0.27987527889736685}. Best is trial 23 with value: 0.02433287068006769.
[I 2026-03-06 04:34:08,104] Trial 66 finished with value: 0.16196426937039665 and parameters: {'sigma_noise': 0.1576683855444146, 'A_repulsion': 0.1271633118298937, 'gamma': 0.5954607875168021, 'sigma_update': 0.29383321304580934, 'eta_learning': 0.4653538550325887, 'sigma_boundary': 2.1952275064799855, 'alpha': 0.29000838971051435}. Best is trial 23 with value: 0.02433287068006769.
