[I 2026-03-06 04:34:06,004] Trial 113 finished with value: 0.026298778849743812 and parameters: {'sigma_noise': 0.1939293893567297, 'A_repulsion': 0.17338167303664037, 'gamma': 0.8153593890163588, 'sigma_update': 0.5343984846793419, 'eta_learning': 2.237680196671072, 'sigma_boundary': 8.609309629749305, 'alpha': 0.8469264855967035}. Best is trial 90 with value: 0.023414251799732777.
[I 2026-03-06 04:34:18,480] Trial 117 finished with value: 0.038718561983508856 and parameters: {'sigma_noise': 0.1887297089178903, 'A_repulsion': 0.16538897127415492, 'gamma': 0.7934484056289458, 'sigma_update': 0.5652032188261509, 'eta_learning': 2.7668950404858235, 'sigma_boundary': 8.242765422640705, 'alpha': 0.7649967099079213}. Best is trial 90 with value: 0.023414251799732777.
[I 2026-03-06 04:34:21,288] Trial 112 finished with value: 0.03464741420593286 and parameters: {'sigma_noise': 0.1869538416362346, 'A_repulsion': 0.27279222081565796, 'gamma': 0.7845745155737404, 'sigma_update': 0.537115861023356, 'eta_learning': 2.2465685417262606, 'sigma_boundary': 8.255969936440465, 'alpha': 0.8551947148370461}. Best is trial 90 with value: 0.023414251799732777.
[I 2026-03-06 04:34:34,266] Trial 114 finished with value: 0.03151692268028196 and parameters: {'sigma_noise': 0.1915072769053429, 'A_repulsion': 0.27138623751527846, 'gamma': 0.7955087955830257, 'sigma_update': 0.5396542848626905, 'eta_learning': 2.2732275645552007, 'sigma_boundary': 8.57485886227823, 'alpha': 0.8458362514087285}. Best is trial 90 with value: 0.023414251799732777.
[I 2026-03-06 04:34:42,725] Trial 118 finished with value: 0.03745732988792125 and parameters: {'sigma_noise': 0.19322865891816288, 'A_repulsion': 0.17522439356703773, 'gamma': 0.8034176885532234, 'sigma_update': 0.5478195532810637, 'eta_learning': 2.7363659470886637, 'sigma_boundary': 8.198164190054372, 'alpha': 0.7631716116730785}. Best is trial 90 with value: 0.023414251799732777.
[I 2026-03-06 04:34:45,050] Trial 115 finished with value: 0.0320246936566507 and parameters: {'sigma_noise': 0.18741265348368014, 'A_repulsion': 0.27672242946080144, 'gamma': 0.8156968681227205, 'sigma_update': 0.5447720411823705, 'eta_learning': 2.2659607669565762, 'sigma_boundary': 8.485208540729067, 'alpha': 0.8494172943118883}. Best is trial 90 with value: 0.023414251799732777.
[I 2026-03-06 04:34:49,104] Trial 119 finished with value: 0.042935924726337074 and parameters: {'sigma_noise': 0.1928864456579936, 'A_repulsion': 0.16333108062468676, 'gamma': 0.7964776052740893, 'sigma_update': 0.5759244429894446, 'eta_learning': 2.2460786620028457, 'sigma_boundary': 8.22077919187356, 'alpha': 0.7528598024608733}. Best is trial 90 with value: 0.023414251799732777.
[I 2026-03-06 04:39:20,301] Trial 120 finished with value: 0.03582198400694179 and parameters: {'sigma_noise': 0.29014516834506765, 'A_repulsion': 0.17243015380680174, 'gamma': 0.7979279112606226, 'sigma_update': 0.5221041832684573, 'eta_learning': 2.758414398798565, 'sigma_boundary': 8.203713964721214, 'alpha': 0.7501016830047742}. Best is trial 90 with value: 0.023414251799732777.
[I 2026-03-06 04:40:20,870] Trial 122 finished with value: 0.037627821393221725 and parameters: {'sigma_noise': 0.2840146624552416, 'A_repulsion': 0.1796428913669321, 'gamma': 0.7995274382649249, 'sigma_update': 0.5762706462566193, 'eta_learning': 2.764187215732886, 'sigma_boundary': 8.214793877805864, 'alpha': 0.7630061270875366}. Best is trial 90 with value: 0.023414251799732777.
[I 2026-03-06 04:40:23,720] Trial 121 finished with value: 0.03450576953951306 and parameters: {'sigma_noise': 0.2908223460389053, 'A_repulsion': 0.18001673628229328, 'gamma': 0.8003695868813483, 'sigma_update': 0.5732943747419322, 'eta_learning': 2.2555748366546435, 'sigma_boundary': 8.18827399291356, 'alpha': 0.7747371339976481}. Best is trial 90 with value: 0.023414251799732777.
[I 2026-03-06 04:40:48,287] Trial 128 finished with value: 0.06765405964120011 and parameters: {'sigma_noise': 0.13749677374632205, 'A_repulsion': 0.17014878499155553, 'gamma': 0.8581103991965263, 'sigma_update': 0.5852231064974407, 'eta_learning': 2.225137569367498, 'sigma_boundary': 8.235945753790494, 'alpha': 0.9486206138296922}. Best is trial 90 with value: 0.023414251799732777.
[I 2026-03-06 04:40:49,009] Trial 123 finished with value: 0.027860131768939485 and parameters: {'sigma_noise': 0.2894475947704338, 'A_repulsion': 0.16493831756857924, 'gamma': 0.869574306165679, 'sigma_update': 0.5814903877201663, 'eta_learning': 2.1972119257189924, 'sigma_boundary': 8.334177410516455, 'alpha': 0.7427663431883152}. Best is trial 90 with value: 0.023414251799732777.
[I 2026-03-06 04:41:16,667] Trial 125 finished with value: 0.02188105144313901 and parameters: {'sigma_noise': 0.2860395735856186, 'A_repulsion': 0.16756204175077755, 'gamma': 0.8617987773839484, 'sigma_update': 0.5925803731309175, 'eta_learning': 2.1781641972508035, 'sigma_boundary': 8.192127783153907, 'alpha': 0.7750583291833902}. Best is trial 125 with value: 0.02188105144313901.
[I 2026-03-06 04:41:20,906] Trial 124 finished with value: 0.02350591537615643 and parameters: {'sigma_noise': 0.2884970166135872, 'A_repulsion': 0.1744060807520949, 'gamma': 0.8641599017249673, 'sigma_update': 0.5828251327205232, 'eta_learning': 2.218259863544186, 'sigma_boundary': 8.27195083483044, 'alpha': 0.7628332215553633}. Best is trial 125 with value: 0.02188105144313901.
[I 2026-03-06 04:41:54,498] Trial 126 finished with value: 0.023100206533455483 and parameters: {'sigma_noise': 0.28563411155119794, 'A_repulsion': 0.171444710654418, 'gamma': 0.8671289555234826, 'sigma_update': 0.5874868220818162, 'eta_learning': 2.219534354793946, 'sigma_boundary': 8.130626588687594, 'alpha': 0.7628375912854001}. Best is trial 125 with value: 0.02188105144313901.
[I 2026-03-06 04:42:09,248] Trial 127 finished with value: 0.02416980240927063 and parameters: {'sigma_noise': 0.28634436046541956, 'A_repulsion': 0.173753346829915, 'gamma': 0.8569147479865875, 'sigma_update': 0.5871639236234346, 'eta_learning': 2.2065405242367104, 'sigma_boundary': 8.1373043228391, 'alpha': 0.7659104503608337}. Best is trial 125 with value: 0.02188105144313901.
[I 2026-03-06 04:42:18,794] Trial 137 finished with value: 0.06179901499417802 and parameters: {'sigma_noise': 0.1419278700188234, 'A_repulsion': 0.15443416449259761, 'gamma': 0.8653397552853708, 'sigma_update': 0.5967067902576267, 'eta_learning': 2.1258053407217954, 'sigma_boundary': 7.322159721133971, 'alpha': 0.9473776605647257}. Best is trial 125 with value: 0.02188105144313901.
[I 2026-03-06 04:42:40,838] Trial 129 finished with value: 0.03029289867164619 and parameters: {'sigma_noise': 0.2855509611766211, 'A_repulsion': 0.16881921102740352, 'gamma': 0.8477980997935286, 'sigma_update': 0.6343971942940043, 'eta_learning': 2.2172269639707944, 'sigma_boundary': 8.161096692867375, 'alpha': 0.7715381595075727}. Best is trial 125 with value: 0.02188105144313901.
[I 2026-03-06 04:42:46,623] Trial 140 finished with value: 0.048757855948347126 and parameters: {'sigma_noise': 0.14186235675651396, 'A_repulsion': 0.1912507080680741, 'gamma': 0.8626338945033444, 'sigma_update': 0.5925570886343283, 'eta_learning': 2.0836971662656087, 'sigma_boundary': 8.112147182859125, 'alpha': 0.7929770872499088}. Best is trial 125 with value: 0.02188105144313901.
[I 2026-03-06 04:43:05,771] Trial 142 finished with value: 0.04839359202050386 and parameters: {'sigma_noise': 0.14305013474713546, 'A_repulsion': 0.19147391209315504, 'gamma': 0.860639743137316, 'sigma_update': 0.5919488819432766, 'eta_learning': 2.0811623763043445, 'sigma_boundary': 7.386824733225492, 'alpha': 0.7957257313593615}. Best is trial 125 with value: 0.02188105144313901.
[I 2026-03-06 04:43:19,672] Trial 133 finished with value: 0.01981043926513286 and parameters: {'sigma_noise': 0.2880352143452421, 'A_repulsion': 0.1837439645782005, 'gamma': 0.8676949352679806, 'sigma_update': 0.638423545798094, 'eta_learning': 2.060665609606289, 'sigma_boundary': 8.166110821807347, 'alpha': 0.7958002776823081}. Best is trial 133 with value: 0.01981043926513286.
[I 2026-03-06 04:43:22,146] Trial 132 finished with value: 0.020825229875291146 and parameters: {'sigma_noise': 0.2812314667148022, 'A_repulsion': 0.18884683363101473, 'gamma': 0.8553796109659305, 'sigma_update': 0.5869305817210659, 'eta_learning': 2.037342779869565, 'sigma_boundary': 8.143477611988617, 'alpha': 0.7800717849314457}. Best is trial 133 with value: 0.01981043926513286.
[I 2026-03-06 04:43:27,242] Trial 131 finished with value: 0.024833132505442924 and parameters: {'sigma_noise': 0.2975887879921695, 'A_repulsion': 0.18627528235172247, 'gamma': 0.8641721567038543, 'sigma_update': 0.63649053966121, 'eta_learning': 2.148108816849111, 'sigma_boundary': 7.142800233884055, 'alpha': 0.7788043649269412}. Best is trial 133 with value: 0.01981043926513286.
[I 2026-03-06 04:43:32,087] Trial 134 finished with value: 0.018913746859866704 and parameters: {'sigma_noise': 0.286282072276326, 'A_repulsion': 0.1794791509121403, 'gamma': 0.8647336163733282, 'sigma_update': 0.5797235322854687, 'eta_learning': 2.1750600182861355, 'sigma_boundary': 8.30367987086567, 'alpha': 0.7910598494495736}. Best is trial 134 with value: 0.018913746859866704.
[I 2026-03-06 04:43:45,046] Trial 130 finished with value: 0.01808734713608213 and parameters: {'sigma_noise': 0.2890440449674669, 'A_repulsion': 0.3153440895528381, 'gamma': 0.884591891970214, 'sigma_update': 0.5867767036629516, 'eta_learning': 2.0250782949036497, 'sigma_boundary': 8.134910631903459, 'alpha': 0.7717285207158298}. Best is trial 130 with value: 0.01808734713608213.
[I 2026-03-06 04:43:53,665] Trial 136 finished with value: 0.01945760219029277 and parameters: {'sigma_noise': 0.28700746627206747, 'A_repulsion': 0.1565356770367332, 'gamma': 0.8705240830346865, 'sigma_update': 0.5868198020000827, 'eta_learning': 2.0754854010636428, 'sigma_boundary': 8.198110767103904, 'alpha': 0.7888895375715523}. Best is trial 130 with value: 0.01808734713608213.
[I 2026-03-06 04:43:59,107] Trial 135 finished with value: 0.026965137799121245 and parameters: {'sigma_noise': 0.2908755183886278, 'A_repulsion': 0.18547096257537665, 'gamma': 0.8634398535632978, 'sigma_update': 0.5845981963138374, 'eta_learning': 2.048829370240251, 'sigma_boundary': 8.212741833921035, 'alpha': 0.9455169885106891}. Best is trial 130 with value: 0.01808734713608213.
[I 2026-03-06 04:44:17,271] Trial 138 finished with value: 0.02133376864199046 and parameters: {'sigma_noise': 0.28744815613891483, 'A_repulsion': 0.156623014834624, 'gamma': 0.843746123152949, 'sigma_update': 0.5931857905352312, 'eta_learning': 2.0304773804691707, 'sigma_boundary': 7.328712030158, 'alpha': 0.8100505688864267}. Best is trial 130 with value: 0.01808734713608213.
[I 2026-03-06 04:44:37,195] Trial 143 finished with value: 0.025930988462265527 and parameters: {'sigma_noise': 0.28657035588676827, 'A_repulsion': 0.15098416453824526, 'gamma': 0.8594241603516739, 'sigma_update': 0.509130213167243, 'eta_learning': 2.082442919039876, 'sigma_boundary': 7.371820345731913, 'alpha': 0.9460183535772545}. Best is trial 130 with value: 0.01808734713608213.
[I 2026-03-06 04:44:46,366] Trial 139 finished with value: 0.020117662610821332 and parameters: {'sigma_noise': 0.2885901933455121, 'A_repulsion': 0.1913529598756439, 'gamma': 0.8536220304485601, 'sigma_update': 0.5920180067940927, 'eta_learning': 2.0840079285715842, 'sigma_boundary': 7.361850722307488, 'alpha': 0.7930488636032675}. Best is trial 130 with value: 0.01808734713608213.
[I 2026-03-06 04:45:04,311] Trial 141 finished with value: 0.01927799551367813 and parameters: {'sigma_noise': 0.2956317373366112, 'A_repulsion': 0.19179431427643429, 'gamma': 0.861445848603621, 'sigma_update': 0.5999305794986637, 'eta_learning': 2.081475125086858, 'sigma_boundary': 7.389667580671389, 'alpha': 0.8059915334383476}. Best is trial 130 with value: 0.01808734713608213.
[I 2026-03-06 04:48:15,946] Trial 144 finished with value: 0.044858670975079146 and parameters: {'sigma_noise': 0.17656716808673623, 'A_repulsion': 0.1914374842495052, 'gamma': 0.8592437066792294, 'sigma_update': 0.6001920370377839, 'eta_learning': 2.1383715904211935, 'sigma_boundary': 7.37199424382089, 'alpha': 0.9441103490574557}. Best is trial 130 with value: 0.01808734713608213.
[I 2026-03-06 04:49:05,438] Trial 145 finished with value: 0.046076139627230756 and parameters: {'sigma_noise': 0.16712215441569356, 'A_repulsion': 0.153356166041597, 'gamma': 0.8620666170929472, 'sigma_update': 0.6396571044947258, 'eta_learning': 2.094843506067986, 'sigma_boundary': 8.045689870390529, 'alpha': 0.9486715463407767}. Best is trial 130 with value: 0.01808734713608213.
[I 2026-03-06 04:49:18,412] Trial 146 finished with value: 0.0333856921599488 and parameters: {'sigma_noise': 0.17536010011384262, 'A_repulsion': 0.15105484406043918, 'gamma': 0.8667584228587334, 'sigma_update': 0.5993318110878084, 'eta_learning': 2.085769918252674, 'sigma_boundary': 9.03965866618513, 'alpha': 0.80763485637669}. Best is trial 130 with value: 0.01808734713608213.
[I 2026-03-06 04:50:03,683] Trial 147 finished with value: 0.04323978108240997 and parameters: {'sigma_noise': 0.17607040654167594, 'A_repulsion': 0.15370964903968093, 'gamma': 0.7555816027082517, 'sigma_update': 0.6280128144530447, 'eta_learning': 2.0699767475821673, 'sigma_boundary': 7.2541419993713525, 'alpha': 0.813104156777326}. Best is trial 130 with value: 0.01808734713608213.
[I 2026-03-06 04:50:03,883] Trial 148 finished with value: 0.04435071375981724 and parameters: {'sigma_noise': 0.1721540115268619, 'A_repulsion': 0.1495996665532923, 'gamma': 0.7553481893054338, 'sigma_update': 0.6374093585321937, 'eta_learning': 1.9969858115826442, 'sigma_boundary': 7.283508095671486, 'alpha': 0.8113106805403733}. Best is trial 130 with value: 0.01808734713608213.
[I 2026-03-06 04:50:34,805] Trial 149 finished with value: 0.03515741714663395 and parameters: {'sigma_noise': 0.17096004903648565, 'A_repulsion': 0.15372190136883468, 'gamma': 0.9227389863760291, 'sigma_update': 0.6151308202979224, 'eta_learning': 2.114130441572664, 'sigma_boundary': 6.111376189285077, 'alpha': 0.808991923614442}. Best is trial 130 with value: 0.01808734713608213.
[I 2026-03-06 04:52:43,928] Trial 150 finished with value: 0.017435921701255543 and parameters: {'sigma_noise': 0.3060690354345993, 'A_repulsion': 0.19180194449516397, 'gamma': 0.9028814607860381, 'sigma_update': 0.6046811489171886, 'eta_learning': 2.035419093530209, 'sigma_boundary': 7.419912756996795, 'alpha': 0.8104328880985711}. Best is trial 150 with value: 0.017435921701255543.
[I 2026-03-06 04:53:19,437] Trial 151 finished with value: 0.018160425435710118 and parameters: {'sigma_noise': 0.30721334726050453, 'A_repulsion': 0.19185018787033523, 'gamma': 0.9342077619172531, 'sigma_update': 0.6389038581268207, 'eta_learning': 2.0524394530757006, 'sigma_boundary': 7.351710975293841, 'alpha': 0.7982855229087829}. Best is trial 150 with value: 0.017435921701255543.
[I 2026-03-06 04:53:23,476] Trial 154 finished with value: 0.055952694999894255 and parameters: {'sigma_noise': 0.3014851679476807, 'A_repulsion': 0.13093905863145136, 'gamma': 0.8997772890481811, 'sigma_update': 0.6360233548821677, 'eta_learning': 1.77412676867064, 'sigma_boundary': 7.167209464487371, 'alpha': 0.6936960952483944}. Best is trial 150 with value: 0.017435921701255543.
[I 2026-03-06 04:53:26,338] Trial 155 finished with value: 0.06659646151099165 and parameters: {'sigma_noise': 0.3006790459788907, 'A_repulsion': 0.12144470538907678, 'gamma': 0.9300346957866031, 'sigma_update': 0.6160060443146363, 'eta_learning': 2.0648268125482843, 'sigma_boundary': 7.421832254927436, 'alpha': 0.6638485194831989}. Best is trial 150 with value: 0.017435921701255543.
[I 2026-03-06 04:53:38,000] Trial 152 finished with value: 0.04835200804979524 and parameters: {'sigma_noise': 0.30275866494374243, 'A_repulsion': 0.19546492416195405, 'gamma': 0.9204275388307239, 'sigma_update': 0.6345115880073691, 'eta_learning': 2.059547300068327, 'sigma_boundary': 8.988120015129558, 'alpha': 0.6871000407028294}. Best is trial 150 with value: 0.017435921701255543.
[I 2026-03-06 04:53:47,732] Trial 153 finished with value: 0.040708703009882566 and parameters: {'sigma_noise': 0.3022115745702927, 'A_repulsion': 0.19139001178184287, 'gamma': 0.9218738699437972, 'sigma_update': 0.6028376340348373, 'eta_learning': 2.0657122483124666, 'sigma_boundary': 7.383503273782756, 'alpha': 0.6898151989562386}. Best is trial 150 with value: 0.017435921701255543.
[I 2026-03-06 04:53:53,259] Trial 156 finished with value: 0.04229681830828431 and parameters: {'sigma_noise': 0.3012254691511547, 'A_repulsion': 0.13458550883200818, 'gamma': 0.9006945092532898, 'sigma_update': 0.6149014092374407, 'eta_learning': 1.733928542114773, 'sigma_boundary': 8.938630897183193, 'alpha': 0.7070113641759156}. Best is trial 150 with value: 0.017435921701255543.
[I 2026-03-06 04:54:10,815] Trial 158 finished with value: 0.042053213468223674 and parameters: {'sigma_noise': 0.29583248509301274, 'A_repulsion': 0.1361138474489525, 'gamma': 0.9341338597222083, 'sigma_update': 0.6195845129006617, 'eta_learning': 1.7677804783912556, 'sigma_boundary': 8.916730590231762, 'alpha': 0.703307777433232}. Best is trial 150 with value: 0.017435921701255543.
[I 2026-03-06 04:54:18,064] Trial 159 finished with value: 0.017910478800139174 and parameters: {'sigma_noise': 0.30180560714982846, 'A_repulsion': 0.13183988979153005, 'gamma': 0.9011205692379318, 'sigma_update': 0.6258613312020085, 'eta_learning': 1.7215949729035178, 'sigma_boundary': 7.141875084578893, 'alpha': 0.8215505544205509}. Best is trial 150 with value: 0.017435921701255543.
[I 2026-03-06 04:54:20,324] Trial 157 finished with value: 0.05078790042749544 and parameters: {'sigma_noise': 0.30475658295251895, 'A_repulsion': 0.13568820100179052, 'gamma': 0.9093523284062763, 'sigma_update': 0.6279656580712669, 'eta_learning': 1.7528833724286244, 'sigma_boundary': 7.092882026974479, 'alpha': 0.6967590280706446}. Best is trial 150 with value: 0.017435921701255543.
[I 2026-03-06 04:54:51,189] Trial 162 finished with value: 0.060725760952442684 and parameters: {'sigma_noise': 0.30155833193388637, 'A_repulsion': 0.13222586634142902, 'gamma': 0.90446414200643, 'sigma_update': 0.6159027349241254, 'eta_learning': 1.757656428022031, 'sigma_boundary': 7.080013969379429, 'alpha': 0.675194498419486}. Best is trial 150 with value: 0.017435921701255543.
[I 2026-03-06 04:54:52,398] Trial 160 finished with value: 0.0557304345120614 and parameters: {'sigma_noise': 0.3033588067537601, 'A_repulsion': 0.13812468492135888, 'gamma': 0.8995248119136356, 'sigma_update': 0.6412491950854755, 'eta_learning': 1.969395292426644, 'sigma_boundary': 8.967756462561681, 'alpha': 0.6987511242398821}. Best is trial 150 with value: 0.017435921701255543.
[I 2026-03-06 04:54:52,510] Trial 161 finished with value: 0.07776411038294428 and parameters: {'sigma_noise': 0.2985015309088506, 'A_repulsion': 0.14818906422159644, 'gamma': 0.9046758548594143, 'sigma_update': 0.6363405233327754, 'eta_learning': 1.951070532050866, 'sigma_boundary': 7.101781484075236, 'alpha': 0.6618783243871758}. Best is trial 150 with value: 0.017435921701255543.
[I 2026-03-06 04:55:11,782] Trial 164 finished with value: 0.05174523306708625 and parameters: {'sigma_noise': 0.2989571891105914, 'A_repulsion': 0.12836229300956709, 'gamma': 0.9293071693692786, 'sigma_update': 0.6167446405333218, 'eta_learning': 1.9498196941510908, 'sigma_boundary': 5.915456305601518, 'alpha': 0.6859550635647957}. Best is trial 150 with value: 0.017435921701255543.
[I 2026-03-06 04:55:20,316] Trial 163 finished with value: 0.05388067951510712 and parameters: {'sigma_noise': 0.303100714121042, 'A_repulsion': 0.14848615476343402, 'gamma': 0.9107102297316473, 'sigma_update': 0.6320149193523197, 'eta_learning': 1.94267895270552, 'sigma_boundary': 4.25393454666467, 'alpha': 0.6908856395953882}. Best is trial 150 with value: 0.017435921701255543.
[I 2026-03-06 04:55:50,345] Trial 165 finished with value: 0.037991497513362504 and parameters: {'sigma_noise': 0.3028353312892292, 'A_repulsion': 0.13655695030365894, 'gamma': 0.9027742795376985, 'sigma_update': 0.61850881810365, 'eta_learning': 1.9224196792910753, 'sigma_boundary': 6.20162773765599, 'alpha': 0.7187433735157481}. Best is trial 150 with value: 0.017435921701255543.
[I 2026-03-06 04:56:04,602] Trial 166 finished with value: 0.06565189342313452 and parameters: {'sigma_noise': 0.30302429042989437, 'A_repulsion': 0.13339397421314309, 'gamma': 0.9006160942441808, 'sigma_update': 0.6276996065782735, 'eta_learning': 1.7751188029122023, 'sigma_boundary': 6.627774579540975, 'alpha': 0.6767214902078118}. Best is trial 150 with value: 0.017435921701255543.
[I 2026-03-06 04:56:15,003] Trial 167 finished with value: 0.05876474341858297 and parameters: {'sigma_noise': 0.30251787768953725, 'A_repulsion': 0.12983582707644337, 'gamma': 0.9040445917968404, 'sigma_update': 0.6170711799562858, 'eta_learning': 1.7797695637019793, 'sigma_boundary': 7.265693536789388, 'alpha': 0.6814952542744939}. Best is trial 150 with value: 0.017435921701255543.
[I 2026-03-06 05:00:03,472] Trial 168 finished with value: 0.056298962599117056 and parameters: {'sigma_noise': 0.3012676677753662, 'A_repulsion': 0.13520424888048213, 'gamma': 0.9024617165099994, 'sigma_update': 0.6361707082898282, 'eta_learning': 1.9482718562526073, 'sigma_boundary': 7.992161685954155, 'alpha': 0.6925623351204432}. Best is trial 150 with value: 0.017435921701255543.
[I 2026-03-06 05:00:44,743] Trial 169 finished with value: 0.03982534246735317 and parameters: {'sigma_noise': 0.3023739006660077, 'A_repulsion': 0.1234892970065658, 'gamma': 0.9084815854102989, 'sigma_update': 0.609055989685596, 'eta_learning': 1.7156952157600436, 'sigma_boundary': 7.021544830368415, 'alpha': 0.7116728155902892}. Best is trial 150 with value: 0.017435921701255543.
