[I 2026-03-06 06:51:27,281] Trial 142 finished with value: 0.033906704239668455 and parameters: {'sigma_noise': 0.1956347933403748, 'A_repulsion': 0.09230618865068066, 'gamma': 0.6928337796128403, 'sigma_update': 0.28468830912888987, 'eta_learning': 0.301692419867011, 'sigma_boundary': 7.079423314190807, 'alpha': 0.889382201090285}. Best is trial 50 with value: 0.019408103914194133.
[I 2026-03-06 06:51:33,929] Trial 139 finished with value: 0.03673942818716108 and parameters: {'sigma_noise': 0.19638305576661536, 'A_repulsion': 0.09424526699995281, 'gamma': 0.7080010232790227, 'sigma_update': 0.2846321731614041, 'eta_learning': 0.873018580471117, 'sigma_boundary': 7.770576349176082, 'alpha': 0.8384512770064415}. Best is trial 50 with value: 0.019408103914194133.
[I 2026-03-06 06:51:35,364] Trial 138 finished with value: 0.036406210120696274 and parameters: {'sigma_noise': 0.19399738925707632, 'A_repulsion': 0.0941883447827069, 'gamma': 0.6962801165413754, 'sigma_update': 0.2958324867800022, 'eta_learning': 0.30638176898053815, 'sigma_boundary': 8.055017690136713, 'alpha': 0.8900869112101983}. Best is trial 50 with value: 0.019408103914194133.
[I 2026-03-06 06:51:48,849] Trial 133 finished with value: 0.03651060409592338 and parameters: {'sigma_noise': 0.20067841284510882, 'A_repulsion': 0.09433518694516115, 'gamma': 0.7010449497099515, 'sigma_update': 0.2865737793184101, 'eta_learning': 0.8975931562359734, 'sigma_boundary': 7.021868657804098, 'alpha': 0.9509455975677773}. Best is trial 50 with value: 0.019408103914194133.
[I 2026-03-06 06:51:58,743] Trial 135 finished with value: 0.030925400950880137 and parameters: {'sigma_noise': 0.19764026361017495, 'A_repulsion': 0.09028379031832556, 'gamma': 0.7807537378680771, 'sigma_update': 0.2818633689775181, 'eta_learning': 0.878438519443991, 'sigma_boundary': 7.077101533630262, 'alpha': 0.8285390062580364}. Best is trial 50 with value: 0.019408103914194133.
[I 2026-03-06 06:52:01,742] Trial 140 finished with value: 0.034674716456675136 and parameters: {'sigma_noise': 0.19866748032162435, 'A_repulsion': 0.0916100602366322, 'gamma': 0.7029204935079427, 'sigma_update': 0.28725478698669166, 'eta_learning': 0.908121515040832, 'sigma_boundary': 7.045963137498402, 'alpha': 0.9556535536376323}. Best is trial 50 with value: 0.019408103914194133.
[I 2026-03-06 06:52:05,196] Trial 147 finished with value: 0.03287390609291943 and parameters: {'sigma_noise': 0.20703867088241573, 'A_repulsion': 0.01669557345020102, 'gamma': 0.6806923250338355, 'sigma_update': 0.27617852932264497, 'eta_learning': 0.29351030480806717, 'sigma_boundary': 6.984125479558436, 'alpha': 0.8884375313365919}. Best is trial 50 with value: 0.019408103914194133.
[I 2026-03-06 06:52:15,532] Trial 141 finished with value: 0.03788184478666146 and parameters: {'sigma_noise': 0.1947764564839928, 'A_repulsion': 0.09223211999619957, 'gamma': 0.7049027480711374, 'sigma_update': 0.2869247096378836, 'eta_learning': 0.8829814425060054, 'sigma_boundary': 7.664705581313951, 'alpha': 0.8402016233204318}. Best is trial 50 with value: 0.019408103914194133.
[I 2026-03-06 06:52:25,348] Trial 144 finished with value: 0.03493062848750813 and parameters: {'sigma_noise': 0.2028807434545865, 'A_repulsion': 0.0987635770320872, 'gamma': 0.7145035485555437, 'sigma_update': 0.28608586395748514, 'eta_learning': 1.4709927387901942, 'sigma_boundary': 7.905965386970846, 'alpha': 0.9520657387811636}. Best is trial 50 with value: 0.019408103914194133.
[I 2026-03-06 06:52:25,569] Trial 143 finished with value: 0.0363515280919928 and parameters: {'sigma_noise': 0.2029972547797258, 'A_repulsion': 0.09742866665091587, 'gamma': 0.6983587093056066, 'sigma_update': 0.2895399049216982, 'eta_learning': 0.8558160848923111, 'sigma_boundary': 4.341867243976692, 'alpha': 0.9558970468761976}. Best is trial 50 with value: 0.019408103914194133.
[I 2026-03-06 06:52:42,363] Trial 145 finished with value: 0.03497321713052815 and parameters: {'sigma_noise': 0.20969731279541243, 'A_repulsion': 0.09251529162446978, 'gamma': 0.6839884841177194, 'sigma_update': 0.28366961613920194, 'eta_learning': 0.28672898583704104, 'sigma_boundary': 7.000047422332904, 'alpha': 0.8828153989001238}. Best is trial 50 with value: 0.019408103914194133.
[I 2026-03-06 06:52:59,126] Trial 153 finished with value: 0.03133641257809218 and parameters: {'sigma_noise': 0.20127981431211944, 'A_repulsion': 0.018632684799794456, 'gamma': 0.7106720860283084, 'sigma_update': 0.1724236871896912, 'eta_learning': 0.2688895510185206, 'sigma_boundary': 7.147526658466485, 'alpha': 0.8819778777248712}. Best is trial 50 with value: 0.019408103914194133.
[I 2026-03-06 06:53:04,718] Trial 146 finished with value: 0.035039027173772455 and parameters: {'sigma_noise': 0.20719234046966115, 'A_repulsion': 0.09652037767648511, 'gamma': 0.7107162913572305, 'sigma_update': 0.2904433006031757, 'eta_learning': 1.4572262699196454, 'sigma_boundary': 7.153190825006342, 'alpha': 0.8936429521020308}. Best is trial 50 with value: 0.019408103914194133.
[I 2026-03-06 06:53:35,004] Trial 155 finished with value: 0.031127677337957044 and parameters: {'sigma_noise': 0.20656114325396396, 'A_repulsion': 0.019841888220040318, 'gamma': 0.7014577025735271, 'sigma_update': 0.17015148822624013, 'eta_learning': 1.4974955091370825, 'sigma_boundary': 7.066949383146915, 'alpha': 0.8857771233836274}. Best is trial 50 with value: 0.019408103914194133.
[I 2026-03-06 06:53:41,968] Trial 149 finished with value: 0.03515341802067629 and parameters: {'sigma_noise': 0.2065858051615461, 'A_repulsion': 0.09363784934690036, 'gamma': 0.6955691312006654, 'sigma_update': 0.28168751306810424, 'eta_learning': 0.31590117542218793, 'sigma_boundary': 7.931584863900079, 'alpha': 0.8863891181451529}. Best is trial 50 with value: 0.019408103914194133.
[I 2026-03-06 06:53:47,616] Trial 148 finished with value: 0.035074754322504606 and parameters: {'sigma_noise': 0.2022329615140008, 'A_repulsion': 0.09748693717948137, 'gamma': 0.6983470147995042, 'sigma_update': 0.1655071223879496, 'eta_learning': 0.27670611675958257, 'sigma_boundary': 7.161349516162225, 'alpha': 0.8873235048256948}. Best is trial 50 with value: 0.019408103914194133.
[I 2026-03-06 06:54:05,823] Trial 156 finished with value: 0.025268548652809787 and parameters: {'sigma_noise': 0.20875364541266891, 'A_repulsion': 0.019445442016596017, 'gamma': 0.9596564551267132, 'sigma_update': 0.17148026880739578, 'eta_learning': 0.28311365428453783, 'sigma_boundary': 7.700944106992023, 'alpha': 0.8819368500026923}. Best is trial 50 with value: 0.019408103914194133.
[I 2026-03-06 06:54:07,569] Trial 158 finished with value: 0.027460387927076127 and parameters: {'sigma_noise': 0.20515218686527742, 'A_repulsion': 0.003442956240383384, 'gamma': 0.7709130811316722, 'sigma_update': 0.17133786105698862, 'eta_learning': 1.5750274600720173, 'sigma_boundary': 5.190520210096375, 'alpha': 0.8830351318813636}. Best is trial 50 with value: 0.019408103914194133.
[I 2026-03-06 06:54:33,461] Trial 152 finished with value: 0.03625138297366795 and parameters: {'sigma_noise': 0.1992305205990627, 'A_repulsion': 0.09590775188508902, 'gamma': 0.6901744323278983, 'sigma_update': 0.17288999412464767, 'eta_learning': 1.4768924584036531, 'sigma_boundary': 5.066978260487264, 'alpha': 0.8914340802869556}. Best is trial 50 with value: 0.019408103914194133.
[I 2026-03-06 06:54:35,215] Trial 151 finished with value: 0.026432367766815595 and parameters: {'sigma_noise': 0.2050258388654044, 'A_repulsion': 0.09506986446287524, 'gamma': 0.7797782007257323, 'sigma_update': 0.17315727428844552, 'eta_learning': 1.4742343158698399, 'sigma_boundary': 7.139884944463587, 'alpha': 0.8915096539444675}. Best is trial 50 with value: 0.019408103914194133.
[I 2026-03-06 06:55:25,668] Trial 154 finished with value: 0.036357722487689065 and parameters: {'sigma_noise': 0.20086971432409978, 'A_repulsion': 0.09657500183390938, 'gamma': 0.6991022474421805, 'sigma_update': 0.17336271891066485, 'eta_learning': 1.497061504615307, 'sigma_boundary': 7.083506253273901, 'alpha': 0.8936446763753043}. Best is trial 50 with value: 0.019408103914194133.
[I 2026-03-06 06:56:21,778] Trial 157 finished with value: 0.034700617155047464 and parameters: {'sigma_noise': 0.20805270139766363, 'A_repulsion': 0.09604413061685346, 'gamma': 0.7097156828274958, 'sigma_update': 0.3759279010981372, 'eta_learning': 1.465810556142256, 'sigma_boundary': 7.811933270277719, 'alpha': 0.8742774048791877}. Best is trial 50 with value: 0.019408103914194133.
[I 2026-03-06 06:56:57,393] Trial 159 finished with value: 0.02608234597949217 and parameters: {'sigma_noise': 0.2080811144844184, 'A_repulsion': 0.0960300286178716, 'gamma': 0.7774256238635218, 'sigma_update': 0.17575952328664765, 'eta_learning': 1.449940677351159, 'sigma_boundary': 4.9846006000546295, 'alpha': 0.8848463977189779}. Best is trial 50 with value: 0.019408103914194133.
[I 2026-03-06 07:00:55,147] Trial 160 finished with value: 0.02878410163663449 and parameters: {'sigma_noise': 0.2051842597593135, 'A_repulsion': 0.09142228768305151, 'gamma': 0.957216858457149, 'sigma_update': 0.1735695786492219, 'eta_learning': 1.4015274499440729, 'sigma_boundary': 7.952687100099043, 'alpha': 0.8835506579421691}. Best is trial 50 with value: 0.019408103914194133.
[I 2026-03-06 07:03:40,020] Trial 161 finished with value: 0.02870553907385778 and parameters: {'sigma_noise': 0.20740276404294228, 'A_repulsion': 0.09396862974535972, 'gamma': 0.9613157662405244, 'sigma_update': 0.17105266402738684, 'eta_learning': 1.4296003238994468, 'sigma_boundary': 7.138240945002195, 'alpha': 0.8879797773744953}. Best is trial 50 with value: 0.019408103914194133.
[I 2026-03-06 07:04:38,278] Trial 163 finished with value: 0.027472055402243418 and parameters: {'sigma_noise': 0.20430257635813276, 'A_repulsion': 5.1610462136629856e-05, 'gamma': 0.7693316732731509, 'sigma_update': 0.17013650216769, 'eta_learning': 1.45482584441756, 'sigma_boundary': 7.142475055603561, 'alpha': 0.87725588752125}. Best is trial 50 with value: 0.019408103914194133.
[I 2026-03-06 07:05:19,563] Trial 164 finished with value: 0.025414361340841865 and parameters: {'sigma_noise': 0.20954507874969333, 'A_repulsion': 0.002519134284459459, 'gamma': 0.7802047475501516, 'sigma_update': 0.17569890612268865, 'eta_learning': 1.4886015951411489, 'sigma_boundary': 5.910417741416678, 'alpha': 0.8907750878024683}. Best is trial 50 with value: 0.019408103914194133.
[I 2026-03-06 07:05:42,322] Trial 162 finished with value: 0.03872903191783118 and parameters: {'sigma_noise': 0.2066346423096973, 'A_repulsion': 0.09930477827511656, 'gamma': 0.9996542641996923, 'sigma_update': 0.27600246743989343, 'eta_learning': 1.5214279628498333, 'sigma_boundary': 8.005208421383056, 'alpha': 0.8871022980774638}. Best is trial 50 with value: 0.019408103914194133.
[I 2026-03-06 07:05:56,546] Trial 165 finished with value: 0.02712935310660399 and parameters: {'sigma_noise': 0.2055066234297019, 'A_repulsion': 0.018731699723293332, 'gamma': 0.9966676486855736, 'sigma_update': 0.17917124284689007, 'eta_learning': 1.4838705583350242, 'sigma_boundary': 5.908828405427166, 'alpha': 0.8863241952040519}. Best is trial 50 with value: 0.019408103914194133.
[I 2026-03-06 07:06:06,745] Trial 170 finished with value: 0.022799976287533236 and parameters: {'sigma_noise': 0.2081313579978914, 'A_repulsion': 0.0010405609877006394, 'gamma': 0.9939628878985346, 'sigma_update': 0.275914337544695, 'eta_learning': 0.2842697808146568, 'sigma_boundary': 7.099581449944864, 'alpha': 0.882243572317765}. Best is trial 50 with value: 0.019408103914194133.
[I 2026-03-06 07:06:22,201] Trial 169 finished with value: 0.021960520556407008 and parameters: {'sigma_noise': 0.20834520465135548, 'A_repulsion': 0.0005474754328693363, 'gamma': 0.9860846583444878, 'sigma_update': 0.27329447255220873, 'eta_learning': 0.9728534447707937, 'sigma_boundary': 7.073932921663554, 'alpha': 0.8811750508754558}. Best is trial 50 with value: 0.019408103914194133.
[I 2026-03-06 07:06:23,332] Trial 167 finished with value: 0.024900897549582482 and parameters: {'sigma_noise': 0.20407278462966658, 'A_repulsion': 0.014887233634055724, 'gamma': 0.9909094769761043, 'sigma_update': 0.17153990414585407, 'eta_learning': 1.5439702517202336, 'sigma_boundary': 5.186177801750788, 'alpha': 0.8862939470384288}. Best is trial 50 with value: 0.019408103914194133.
[I 2026-03-06 07:06:29,362] Trial 168 finished with value: 0.02253293070872121 and parameters: {'sigma_noise': 0.2138187635714854, 'A_repulsion': 0.0005750929902957926, 'gamma': 0.9874502102564535, 'sigma_update': 0.16704223697493875, 'eta_learning': 1.4714446813461421, 'sigma_boundary': 7.074707216932355, 'alpha': 0.8867434659538351}. Best is trial 50 with value: 0.019408103914194133.
[I 2026-03-06 07:07:07,944] Trial 166 finished with value: 0.02393825206981439 and parameters: {'sigma_noise': 0.21226924595506988, 'A_repulsion': 0.017876597113797917, 'gamma': 0.9634887262567421, 'sigma_update': 0.17693753316435318, 'eta_learning': 1.44856467537673, 'sigma_boundary': 7.165689527230616, 'alpha': 0.8943952496988579}. Best is trial 50 with value: 0.019408103914194133.
[I 2026-03-06 07:07:09,475] Trial 172 finished with value: 0.023191023811042447 and parameters: {'sigma_noise': 0.2132818248246022, 'A_repulsion': 0.017692483530067103, 'gamma': 0.9649502536337455, 'sigma_update': 0.2701231412497002, 'eta_learning': 0.27373315158452, 'sigma_boundary': 6.561526451380753, 'alpha': 0.8880870004135933}. Best is trial 50 with value: 0.019408103914194133.
[I 2026-03-06 07:07:37,972] Trial 173 finished with value: 0.024323697581170742 and parameters: {'sigma_noise': 0.21033768820758594, 'A_repulsion': 0.017461988062461666, 'gamma': 0.9915900963065526, 'sigma_update': 0.17025653984904862, 'eta_learning': 1.4911774910838078, 'sigma_boundary': 6.625300892822202, 'alpha': 0.8877901130152132}. Best is trial 50 with value: 0.019408103914194133.
[I 2026-03-06 07:07:40,904] Trial 171 finished with value: 0.02009780643298783 and parameters: {'sigma_noise': 0.21310697443007218, 'A_repulsion': 0.011858386197353517, 'gamma': 0.994339515054955, 'sigma_update': 0.2746995748803073, 'eta_learning': 1.003162594166365, 'sigma_boundary': 7.169691801492644, 'alpha': 0.8892433341175463}. Best is trial 50 with value: 0.019408103914194133.
[I 2026-03-06 07:07:42,733] Trial 174 finished with value: 0.022327607355717413 and parameters: {'sigma_noise': 0.21312969605331655, 'A_repulsion': 0.018236001360727193, 'gamma': 0.9920529529516985, 'sigma_update': 0.25468816719100995, 'eta_learning': 0.24867240517897185, 'sigma_boundary': 6.624369417581074, 'alpha': 0.8868048033010322}. Best is trial 50 with value: 0.019408103914194133.
[I 2026-03-06 07:07:53,639] Trial 175 finished with value: 0.023157064559247174 and parameters: {'sigma_noise': 0.21112531414202354, 'A_repulsion': 0.012156477387833847, 'gamma': 0.9619433571367698, 'sigma_update': 0.17598389514994098, 'eta_learning': 0.26552563646364535, 'sigma_boundary': 6.5682375918657, 'alpha': 0.8845184489812735}. Best is trial 50 with value: 0.019408103914194133.
[I 2026-03-06 07:08:03,811] Trial 176 finished with value: 0.02551848123607449 and parameters: {'sigma_noise': 0.21182688909190686, 'A_repulsion': 0.017017007687598413, 'gamma': 0.9983838339812655, 'sigma_update': 0.1739682190933125, 'eta_learning': 0.7713562738687856, 'sigma_boundary': 6.650704081865764, 'alpha': 0.8882914789281652}. Best is trial 50 with value: 0.019408103914194133.
[I 2026-03-06 07:08:18,212] Trial 177 finished with value: 0.020660123555816326 and parameters: {'sigma_noise': 0.21218876228546568, 'A_repulsion': 0.015230311173560673, 'gamma': 0.9945566720059714, 'sigma_update': 0.3326902747980499, 'eta_learning': 0.787519160591953, 'sigma_boundary': 6.4075580928584115, 'alpha': 0.8817679332477192}. Best is trial 50 with value: 0.019408103914194133.
[I 2026-03-06 07:08:28,358] Trial 179 finished with value: 0.02008734504871767 and parameters: {'sigma_noise': 0.21293910990817888, 'A_repulsion': 0.016620074107728113, 'gamma': 0.9838272846358269, 'sigma_update': 0.3333930657798766, 'eta_learning': 0.9799139560680749, 'sigma_boundary': 6.4619159338773615, 'alpha': 0.8644255970470611}. Best is trial 50 with value: 0.019408103914194133.
[I 2026-03-06 07:08:32,796] Trial 183 finished with value: 0.024145498924942208 and parameters: {'sigma_noise': 0.21614276235143706, 'A_repulsion': 0.020122885986096323, 'gamma': 0.9935738476014802, 'sigma_update': 0.1751377140577301, 'eta_learning': 0.24289335496838438, 'sigma_boundary': 6.614087155568544, 'alpha': 0.877766844984923}. Best is trial 50 with value: 0.019408103914194133.
[I 2026-03-06 07:08:41,153] Trial 181 finished with value: 0.025241523132385695 and parameters: {'sigma_noise': 0.2144207473039107, 'A_repulsion': 0.01911731813730372, 'gamma': 0.9882512539755, 'sigma_update': 0.16645214944484601, 'eta_learning': 0.25987119532759795, 'sigma_boundary': 6.4345036993278475, 'alpha': 0.8728562494556514}. Best is trial 50 with value: 0.019408103914194133.
[I 2026-03-06 07:08:43,904] Trial 182 finished with value: 0.024304755067120445 and parameters: {'sigma_noise': 0.21290500051838837, 'A_repulsion': 0.017940140587418434, 'gamma': 0.9925679507471905, 'sigma_update': 0.17637393724597303, 'eta_learning': 0.25334526619473174, 'sigma_boundary': 6.596637686955302, 'alpha': 0.8733838377978032}. Best is trial 50 with value: 0.019408103914194133.
[I 2026-03-06 07:08:44,174] Trial 178 finished with value: 0.019097685140726545 and parameters: {'sigma_noise': 0.21339902438985373, 'A_repulsion': 0.015465307793313801, 'gamma': 0.9971746602266905, 'sigma_update': 0.26312574845249387, 'eta_learning': 0.7678371650505396, 'sigma_boundary': 6.589395191791121, 'alpha': 0.8929759875229941}. Best is trial 178 with value: 0.019097685140726545.
[I 2026-03-06 07:08:49,935] Trial 185 finished with value: 0.018856674920241637 and parameters: {'sigma_noise': 0.2147938734501504, 'A_repulsion': 0.017381257991758565, 'gamma': 0.9956527349703462, 'sigma_update': 0.33437961298823865, 'eta_learning': 0.755247979552732, 'sigma_boundary': 6.238145788227746, 'alpha': 0.8867754877062548}. Best is trial 185 with value: 0.018856674920241637.
[I 2026-03-06 07:08:54,884] Trial 186 finished with value: 0.022609122112362143 and parameters: {'sigma_noise': 0.2180512676953929, 'A_repulsion': 0.018124988096546942, 'gamma': 0.9931487526462225, 'sigma_update': 0.16745909024401498, 'eta_learning': 1.026372319131554, 'sigma_boundary': 6.669102936231359, 'alpha': 0.8671252620740765}. Best is trial 185 with value: 0.018856674920241637.
[I 2026-03-06 07:08:56,247] Trial 180 finished with value: 0.027403961053850977 and parameters: {'sigma_noise': 0.21411851349966984, 'A_repulsion': 0.01538883223568394, 'gamma': 0.9985044728121173, 'sigma_update': 0.17603713275409594, 'eta_learning': 0.26441845795903673, 'sigma_boundary': 6.171677017964647, 'alpha': 0.8649603291610213}. Best is trial 185 with value: 0.018856674920241637.
[I 2026-03-06 07:08:58,142] Trial 184 finished with value: 0.02223500615332065 and parameters: {'sigma_noise': 0.21568215700057164, 'A_repulsion': 0.018235232032080877, 'gamma': 0.9632542838713736, 'sigma_update': 0.16937246404623046, 'eta_learning': 1.0018760513632161, 'sigma_boundary': 6.52635710173194, 'alpha': 0.871308260684049}. Best is trial 185 with value: 0.018856674920241637.
[I 2026-03-06 07:09:02,119] Trial 188 finished with value: 0.043710505398411335 and parameters: {'sigma_noise': 0.21967997172231413, 'A_repulsion': 0.0040992579714340185, 'gamma': 0.9803363680952437, 'sigma_update': 0.3136893490290866, 'eta_learning': 0.733098884600958, 'sigma_boundary': 6.4782181482599785, 'alpha': 0.5440493787500087}. Best is trial 185 with value: 0.018856674920241637.
[I 2026-03-06 07:09:11,310] Trial 187 finished with value: 0.0240755207817559 and parameters: {'sigma_noise': 0.2212613533397017, 'A_repulsion': 0.016874856875427533, 'gamma': 0.9992516373440603, 'sigma_update': 0.3276520555968746, 'eta_learning': 1.0093362130413743, 'sigma_boundary': 6.579415420564482, 'alpha': 0.8716672395747945}. Best is trial 185 with value: 0.018856674920241637.
[I 2026-03-06 07:09:12,183] Trial 189 finished with value: 0.01621521786509618 and parameters: {'sigma_noise': 0.22039430530183912, 'A_repulsion': 0.0007277640235360261, 'gamma': 0.9897509744206382, 'sigma_update': 0.3223429362409868, 'eta_learning': 1.655320985213955, 'sigma_boundary': 6.666552827162065, 'alpha': 0.8606184662223278}. Best is trial 189 with value: 0.01621521786509618.
[I 2026-03-06 07:09:19,168] Trial 190 finished with value: 0.17478459915261724 and parameters: {'sigma_noise': 0.21850452725220404, 'A_repulsion': 0.005852666951657811, 'gamma': 0.9963325223988709, 'sigma_update': 0.32700734777809126, 'eta_learning': 0.7351125293140304, 'sigma_boundary': 6.423714163849905, 'alpha': 0.3809941458167204}. Best is trial 189 with value: 0.01621521786509618.
[I 2026-03-06 07:09:26,111] Trial 194 finished with value: 0.06962123659412633 and parameters: {'sigma_noise': 0.22053226602515963, 'A_repulsion': 0.0038590491310019244, 'gamma': 0.994904917606708, 'sigma_update': 0.2593303397011906, 'eta_learning': 1.5574666962001245, 'sigma_boundary': 6.567505823665487, 'alpha': 0.477616214003622}. Best is trial 189 with value: 0.01621521786509618.
[I 2026-03-06 07:09:26,602] Trial 191 finished with value: 0.07154048317245189 and parameters: {'sigma_noise': 0.22026700695096488, 'A_repulsion': 0.0007905877624758903, 'gamma': 0.9631079707410511, 'sigma_update': 0.33112606456395427, 'eta_learning': 1.6950778394517494, 'sigma_boundary': 6.350622034354398, 'alpha': 0.5292079548077014}. Best is trial 189 with value: 0.01621521786509618.
