[I 2026-03-06 06:29:07,052] Trial 138 finished with value: 0.026636547581665657 and parameters: {'sigma_noise': 0.22284399165635274, 'A_repulsion': 0.24150215268217387, 'gamma': 0.9383076191065439, 'sigma_update': 0.29733073346050465, 'eta_learning': 0.6469716829201567, 'sigma_boundary': 8.049814394308768, 'alpha': 0.5403346253208587}. Best is trial 118 with value: 0.01154534117512136.
[I 2026-03-06 06:30:02,453] Trial 140 finished with value: 0.021383247396493256 and parameters: {'sigma_noise': 0.30399570365985484, 'A_repulsion': 0.16387477336856054, 'gamma': 0.9433593301250536, 'sigma_update': 0.3070481110147219, 'eta_learning': 0.2666874171110232, 'sigma_boundary': 7.698415233823009, 'alpha': 0.5432484329032989}. Best is trial 118 with value: 0.01154534117512136.
[I 2026-03-06 06:30:22,843] Trial 141 finished with value: 0.018283156986047436 and parameters: {'sigma_noise': 0.29240536539682843, 'A_repulsion': 0.13353296960898237, 'gamma': 0.9532826159157983, 'sigma_update': 0.23956961515492803, 'eta_learning': 0.2540526246745578, 'sigma_boundary': 7.743276729349938, 'alpha': 0.527801765098987}. Best is trial 118 with value: 0.01154534117512136.
[I 2026-03-06 06:30:50,725] Trial 143 finished with value: 0.026092430089838324 and parameters: {'sigma_noise': 0.28972705157406026, 'A_repulsion': 0.1272496110619447, 'gamma': 0.948844343905279, 'sigma_update': 0.21316091747418445, 'eta_learning': 0.7697779049553004, 'sigma_boundary': 7.5108534729485825, 'alpha': 0.5340263198743527}. Best is trial 118 with value: 0.01154534117512136.
[I 2026-03-06 06:31:04,695] Trial 142 finished with value: 0.017362178090162307 and parameters: {'sigma_noise': 0.2730188956120017, 'A_repulsion': 0.16469877843173303, 'gamma': 0.9380053076581276, 'sigma_update': 0.305699936430359, 'eta_learning': 0.2445404854886968, 'sigma_boundary': 7.575837109010691, 'alpha': 0.5303276777184125}. Best is trial 118 with value: 0.01154534117512136.
[I 2026-03-06 06:32:44,334] Trial 144 finished with value: 0.015907285210473104 and parameters: {'sigma_noise': 0.2711799362471653, 'A_repulsion': 0.163136477872532, 'gamma': 0.9375077689362183, 'sigma_update': 0.22139676519528212, 'eta_learning': 0.23768568026468534, 'sigma_boundary': 7.834315084710237, 'alpha': 0.5373364412282143}. Best is trial 118 with value: 0.01154534117512136.
[I 2026-03-06 06:33:35,361] Trial 145 finished with value: 0.024278411714226178 and parameters: {'sigma_noise': 0.2904295459363106, 'A_repulsion': 0.20226600441610443, 'gamma': 0.9306519228346032, 'sigma_update': 0.2173125516590328, 'eta_learning': 0.637300670755544, 'sigma_boundary': 7.9372101137094795, 'alpha': 0.5402048893829717}. Best is trial 118 with value: 0.01154534117512136.
[I 2026-03-06 06:33:57,697] Trial 148 finished with value: 0.017578852280504636 and parameters: {'sigma_noise': 0.2700212815877247, 'A_repulsion': 0.20312438710482988, 'gamma': 0.923800466749197, 'sigma_update': 0.21160025326645482, 'eta_learning': 0.2696399078084514, 'sigma_boundary': 7.883876550232426, 'alpha': 0.64191355793197}. Best is trial 118 with value: 0.01154534117512136.
[I 2026-03-06 06:33:59,802] Trial 146 finished with value: 0.01769890936051311 and parameters: {'sigma_noise': 0.2906517020445689, 'A_repulsion': 0.20003046235418487, 'gamma': 0.9270370931773807, 'sigma_update': 0.21544277572969872, 'eta_learning': 0.6485293546975153, 'sigma_boundary': 7.5909189682119145, 'alpha': 0.6441955691938617}. Best is trial 118 with value: 0.01154534117512136.
[I 2026-03-06 06:34:11,299] Trial 147 finished with value: 0.01812176878344202 and parameters: {'sigma_noise': 0.2892113028360242, 'A_repulsion': 0.197638391183948, 'gamma': 0.9410205888505067, 'sigma_update': 0.21476568410668842, 'eta_learning': 0.27455966491250866, 'sigma_boundary': 7.665433603802527, 'alpha': 0.6414238957517848}. Best is trial 118 with value: 0.01154534117512136.
[I 2026-03-06 06:34:38,059] Trial 149 finished with value: 0.02113087721397393 and parameters: {'sigma_noise': 0.2890981473654684, 'A_repulsion': 0.24058757774433778, 'gamma': 0.9283473918737633, 'sigma_update': 0.23905805009117506, 'eta_learning': 0.2160395119888977, 'sigma_boundary': 8.072141578220489, 'alpha': 0.6385686028429131}. Best is trial 118 with value: 0.01154534117512136.
[I 2026-03-06 06:34:41,839] Trial 150 finished with value: 0.018593190717487662 and parameters: {'sigma_noise': 0.30206610057566746, 'A_repulsion': 0.20224372300947066, 'gamma': 0.9644461798370091, 'sigma_update': 0.2136048613388217, 'eta_learning': 0.22327201391352453, 'sigma_boundary': 7.827721763230612, 'alpha': 0.5295507470694175}. Best is trial 118 with value: 0.01154534117512136.
[I 2026-03-06 06:35:02,462] Trial 151 finished with value: 0.017674841627588735 and parameters: {'sigma_noise': 0.28966989962849204, 'A_repulsion': 0.20394641798628005, 'gamma': 0.9591087833599669, 'sigma_update': 0.21821310387132914, 'eta_learning': 0.29200029863046983, 'sigma_boundary': 7.830656865621861, 'alpha': 0.5290370695594111}. Best is trial 118 with value: 0.01154534117512136.
[I 2026-03-06 06:35:31,918] Trial 152 finished with value: 0.02106332897884336 and parameters: {'sigma_noise': 0.30466543717416417, 'A_repulsion': 0.20199658811987473, 'gamma': 0.95255382327542, 'sigma_update': 0.21928328404183595, 'eta_learning': 0.20090103554683936, 'sigma_boundary': 7.9222239748504295, 'alpha': 0.6508331223846366}. Best is trial 118 with value: 0.01154534117512136.
[I 2026-03-06 06:35:47,599] Trial 156 finished with value: 0.01662207437305143 and parameters: {'sigma_noise': 0.2701726228579205, 'A_repulsion': 0.10684756511042397, 'gamma': 0.9614033119447039, 'sigma_update': 0.21490486968266204, 'eta_learning': 0.7113131100920715, 'sigma_boundary': 8.12219259267196, 'alpha': 0.6365729440175657}. Best is trial 118 with value: 0.01154534117512136.
[I 2026-03-06 06:35:59,050] Trial 153 finished with value: 0.022267465491003786 and parameters: {'sigma_noise': 0.2904256694594812, 'A_repulsion': 0.20087611593337357, 'gamma': 0.9611958488947266, 'sigma_update': 0.21809867935844368, 'eta_learning': 0.8084321587424181, 'sigma_boundary': 8.001078851102864, 'alpha': 0.5246394092406154}. Best is trial 118 with value: 0.01154534117512136.
[I 2026-03-06 06:36:28,563] Trial 154 finished with value: 0.020054781908037885 and parameters: {'sigma_noise': 0.288872957110439, 'A_repulsion': 0.20139863327498264, 'gamma': 0.9563815262424908, 'sigma_update': 0.21303053125831084, 'eta_learning': 0.20301557636373885, 'sigma_boundary': 7.9843215000667005, 'alpha': 0.655645154653271}. Best is trial 118 with value: 0.01154534117512136.
[I 2026-03-06 06:36:37,153] Trial 155 finished with value: 0.020436698438124366 and parameters: {'sigma_noise': 0.2915565834028819, 'A_repulsion': 0.2002973310370202, 'gamma': 0.9613429089776505, 'sigma_update': 0.23678791742949357, 'eta_learning': 0.20812527719573126, 'sigma_boundary': 7.96167803015751, 'alpha': 0.6450044492552053}. Best is trial 118 with value: 0.01154534117512136.
[I 2026-03-06 06:36:56,825] Trial 157 finished with value: 0.015974537890004706 and parameters: {'sigma_noise': 0.2899490638573312, 'A_repulsion': 0.1989756430667074, 'gamma': 0.965068838128833, 'sigma_update': 0.23085699889024702, 'eta_learning': 0.7272378679730122, 'sigma_boundary': 5.005578795694689, 'alpha': 0.6389181276541372}. Best is trial 118 with value: 0.01154534117512136.
[I 2026-03-06 06:37:25,339] Trial 158 finished with value: 0.020000826582901688 and parameters: {'sigma_noise': 0.2890854518844059, 'A_repulsion': 0.19822147829640177, 'gamma': 0.9601379424408786, 'sigma_update': 0.2418895939324847, 'eta_learning': 0.19690362913261317, 'sigma_boundary': 5.153783961055199, 'alpha': 0.6375823827100371}. Best is trial 118 with value: 0.01154534117512136.
[I 2026-03-06 06:37:44,545] Trial 159 finished with value: 0.01988173715810833 and parameters: {'sigma_noise': 0.2921509902734303, 'A_repulsion': 0.20401055629502307, 'gamma': 0.9133194117029558, 'sigma_update': 0.241062633481618, 'eta_learning': 0.8588327589358744, 'sigma_boundary': 4.928673845950149, 'alpha': 0.6417402222374609}. Best is trial 118 with value: 0.01154534117512136.
[I 2026-03-06 06:39:53,110] Trial 160 finished with value: 0.021907337218935695 and parameters: {'sigma_noise': 0.30373299606351356, 'A_repulsion': 0.20327934713683343, 'gamma': 0.9619233970748443, 'sigma_update': 0.22175372561848675, 'eta_learning': 0.8695227791890165, 'sigma_boundary': 3.2711395730270834, 'alpha': 0.5229941346105486}. Best is trial 118 with value: 0.01154534117512136.
[I 2026-03-06 06:40:26,294] Trial 161 finished with value: 0.02417617894868777 and parameters: {'sigma_noise': 0.3059408445079278, 'A_repulsion': 0.2015758591814873, 'gamma': 0.9640415140810382, 'sigma_update': 0.239436055406095, 'eta_learning': 0.7530954290732491, 'sigma_boundary': 5.222981578818358, 'alpha': 0.8396117677399346}. Best is trial 118 with value: 0.01154534117512136.
[I 2026-03-06 06:40:52,744] Trial 162 finished with value: 0.0156433968759696 and parameters: {'sigma_noise': 0.28869239906773636, 'A_repulsion': 0.20267530937400768, 'gamma': 0.9674376197498108, 'sigma_update': 0.23985889529246132, 'eta_learning': 0.8569901208811784, 'sigma_boundary': 4.782510383018595, 'alpha': 0.6341723298714149}. Best is trial 118 with value: 0.01154534117512136.
[I 2026-03-06 06:42:28,866] Trial 163 finished with value: 0.01921980295127714 and parameters: {'sigma_noise': 0.30269663074845554, 'A_repulsion': 0.20234865559913484, 'gamma': 0.9608356313842163, 'sigma_update': 0.23628553385550408, 'eta_learning': 0.1978843369805286, 'sigma_boundary': 3.3832325569971378, 'alpha': 0.5213225964303134}. Best is trial 118 with value: 0.01154534117512136.
[I 2026-03-06 06:42:41,979] Trial 165 finished with value: 0.018531676481993734 and parameters: {'sigma_noise': 0.3023083969459822, 'A_repulsion': 0.10994059115795327, 'gamma': 0.9646970706727386, 'sigma_update': 0.21744446934408712, 'eta_learning': 0.16626079320806625, 'sigma_boundary': 3.5007637205234143, 'alpha': 0.5220319671242917}. Best is trial 118 with value: 0.01154534117512136.
[I 2026-03-06 06:43:06,808] Trial 164 finished with value: 0.02129080896996004 and parameters: {'sigma_noise': 0.28896377895953856, 'A_repulsion': 0.20060706923785263, 'gamma': 0.961195633030217, 'sigma_update': 0.2135583818136635, 'eta_learning': 0.19512573610751144, 'sigma_boundary': 3.311198764457684, 'alpha': 0.6559406514534851}. Best is trial 118 with value: 0.01154534117512136.
[I 2026-03-06 06:44:00,743] Trial 166 finished with value: 0.01768393366539653 and parameters: {'sigma_noise': 0.3027928049862499, 'A_repulsion': 0.19749323674145905, 'gamma': 0.9627987250447317, 'sigma_update': 0.2379246486703175, 'eta_learning': 0.8675914391997844, 'sigma_boundary': 5.23991842511528, 'alpha': 0.6419563670422099}. Best is trial 118 with value: 0.01154534117512136.
[I 2026-03-06 06:44:33,952] Trial 167 finished with value: 0.024844410450491152 and parameters: {'sigma_noise': 0.30499095168028567, 'A_repulsion': 0.20456854756198334, 'gamma': 0.9674301907206647, 'sigma_update': 0.23711527420047765, 'eta_learning': 0.1795283010008552, 'sigma_boundary': 3.117552354580844, 'alpha': 0.40852711894547294}. Best is trial 118 with value: 0.01154534117512136.
[I 2026-03-06 06:45:39,701] Trial 168 finished with value: 0.016237708186994274 and parameters: {'sigma_noise': 0.2684546362797509, 'A_repulsion': 0.20205806133567533, 'gamma': 0.9565412881296145, 'sigma_update': 0.24013047140637472, 'eta_learning': 0.15623525835581412, 'sigma_boundary': 8.027004607862832, 'alpha': 0.5268361197806258}. Best is trial 118 with value: 0.01154534117512136.
[I 2026-03-06 06:45:45,242] Trial 171 finished with value: 0.015581661386073843 and parameters: {'sigma_noise': 0.2678416446872448, 'A_repulsion': 0.11205534295180652, 'gamma': 0.9638173769698254, 'sigma_update': 0.24270436005929985, 'eta_learning': 0.1973115447696716, 'sigma_boundary': 8.11275967410043, 'alpha': 0.6360096695485897}. Best is trial 118 with value: 0.01154534117512136.
[I 2026-03-06 06:45:55,898] Trial 169 finished with value: 0.04342184695803204 and parameters: {'sigma_noise': 0.3042279065691555, 'A_repulsion': 0.10767109481384751, 'gamma': 0.964213209028624, 'sigma_update': 0.2419442653714868, 'eta_learning': 2.934719189610166, 'sigma_boundary': 8.075068512400248, 'alpha': 0.5204909379950495}. Best is trial 118 with value: 0.01154534117512136.
[I 2026-03-06 06:46:54,659] Trial 174 finished with value: 0.01590737516024576 and parameters: {'sigma_noise': 0.2690756298000307, 'A_repulsion': 0.1140798326900877, 'gamma': 0.9652123629196651, 'sigma_update': 0.18478101018914933, 'eta_learning': 0.19403241443334335, 'sigma_boundary': 4.925795248064573, 'alpha': 0.6534306663312686}. Best is trial 118 with value: 0.01154534117512136.
[I 2026-03-06 06:47:10,433] Trial 172 finished with value: 0.031838507900539735 and parameters: {'sigma_noise': 0.26523056195610006, 'A_repulsion': 0.19765851676605198, 'gamma': 0.965305201580218, 'sigma_update': 0.1864896225562449, 'eta_learning': 0.025061630456333917, 'sigma_boundary': 8.138716698988718, 'alpha': 0.643699419630002}. Best is trial 118 with value: 0.01154534117512136.
[I 2026-03-06 06:47:34,772] Trial 173 finished with value: 0.022961788143468 and parameters: {'sigma_noise': 0.26797739877173044, 'A_repulsion': 0.20459240197162915, 'gamma': 0.9711403085699809, 'sigma_update': 0.19614522993395, 'eta_learning': 0.15455711640750847, 'sigma_boundary': 6.393697311402301, 'alpha': 0.6379816764310022}. Best is trial 118 with value: 0.01154534117512136.
[I 2026-03-06 06:47:37,623] Trial 170 finished with value: 0.021554275179208715 and parameters: {'sigma_noise': 0.3036986970959017, 'A_repulsion': 0.2023276443660385, 'gamma': 0.9681036499974595, 'sigma_update': 0.24043973732920315, 'eta_learning': 0.19785420974436208, 'sigma_boundary': 8.151686238328855, 'alpha': 0.6349649069537813}. Best is trial 118 with value: 0.01154534117512136.
[I 2026-03-06 06:48:05,032] Trial 178 finished with value: 0.03824251158185158 and parameters: {'sigma_noise': 0.26801536661631464, 'A_repulsion': 0.11031945354041374, 'gamma': 0.5800207203123471, 'sigma_update': 0.18184354827332347, 'eta_learning': 0.14057047989226346, 'sigma_boundary': 7.501303720512002, 'alpha': 0.6394826528176785}. Best is trial 118 with value: 0.01154534117512136.
[I 2026-03-06 06:48:05,963] Trial 175 finished with value: 0.01844866298257633 and parameters: {'sigma_noise': 0.27101214981206884, 'A_repulsion': 0.20157592246839418, 'gamma': 0.9645044961411448, 'sigma_update': 0.24092857055382458, 'eta_learning': 0.16534337531001017, 'sigma_boundary': 7.457174907524721, 'alpha': 0.6459992538194597}. Best is trial 118 with value: 0.01154534117512136.
[I 2026-03-06 06:48:14,875] Trial 180 finished with value: 0.01607301173449513 and parameters: {'sigma_noise': 0.2681414833968315, 'A_repulsion': 0.10660589559493215, 'gamma': 0.9695276893127946, 'sigma_update': 0.19813016003774436, 'eta_learning': 0.15146829499659317, 'sigma_boundary': 6.539560460103063, 'alpha': 0.4161462868612965}. Best is trial 118 with value: 0.01154534117512136.
[I 2026-03-06 06:48:24,788] Trial 179 finished with value: 0.043875540841926346 and parameters: {'sigma_noise': 0.2714518794095475, 'A_repulsion': 0.10976788878094729, 'gamma': 0.6030695362350293, 'sigma_update': 0.186163574199757, 'eta_learning': 0.14420428882230424, 'sigma_boundary': 7.413493033084818, 'alpha': 0.4254469044083768}. Best is trial 118 with value: 0.01154534117512136.
[I 2026-03-06 06:48:33,975] Trial 177 finished with value: 0.014135113295418276 and parameters: {'sigma_noise': 0.26676062813617796, 'A_repulsion': 0.19457481760060152, 'gamma': 0.9652562606654701, 'sigma_update': 0.24093421415717892, 'eta_learning': 0.8487219969648416, 'sigma_boundary': 7.3266658329769445, 'alpha': 0.6425115654887074}. Best is trial 118 with value: 0.01154534117512136.
[I 2026-03-06 06:48:42,476] Trial 176 finished with value: 0.01671469821269208 and parameters: {'sigma_noise': 0.2707760079179605, 'A_repulsion': 0.1944333248911019, 'gamma': 0.9676060619252423, 'sigma_update': 0.190028083463196, 'eta_learning': 0.16592896884696678, 'sigma_boundary': 7.47974297026303, 'alpha': 0.43361365920282113}. Best is trial 118 with value: 0.01154534117512136.
[I 2026-03-06 06:48:52,226] Trial 181 finished with value: 0.03855514796266103 and parameters: {'sigma_noise': 0.2689499781165298, 'A_repulsion': 0.10488096793394064, 'gamma': 0.5813872136382634, 'sigma_update': 0.18226418363443156, 'eta_learning': 0.053318099360147725, 'sigma_boundary': 6.291687579604037, 'alpha': 0.7111935162149796}. Best is trial 118 with value: 0.01154534117512136.
[I 2026-03-06 06:49:24,450] Trial 183 finished with value: 0.021077942951017177 and parameters: {'sigma_noise': 0.26820174400411345, 'A_repulsion': 0.10333027265110428, 'gamma': 0.9726307479707896, 'sigma_update': 0.2288691811225277, 'eta_learning': 0.03733033294427124, 'sigma_boundary': 7.360234309403566, 'alpha': 0.6778648348614871}. Best is trial 118 with value: 0.01154534117512136.
[I 2026-03-06 06:49:45,424] Trial 182 finished with value: 0.05739945546803417 and parameters: {'sigma_noise': 0.26876357196342926, 'A_repulsion': 0.18926374300214974, 'gamma': 0.514639161770327, 'sigma_update': 0.18047742006519746, 'eta_learning': 0.030448079229767888, 'sigma_boundary': 6.233940954225077, 'alpha': 0.7043772156299302}. Best is trial 118 with value: 0.01154534117512136.
[I 2026-03-06 06:51:04,306] Trial 184 finished with value: 0.01745873068759337 and parameters: {'sigma_noise': 0.26693496865647115, 'A_repulsion': 0.10537423579519382, 'gamma': 0.9049660787585013, 'sigma_update': 0.18840360931532674, 'eta_learning': 0.14707276835139965, 'sigma_boundary': 7.372825414767361, 'alpha': 0.7053492623766435}. Best is trial 118 with value: 0.01154534117512136.
[I 2026-03-06 06:51:21,056] Trial 185 finished with value: 0.03855285693476711 and parameters: {'sigma_noise': 0.2690401907163079, 'A_repulsion': 0.1211917834700513, 'gamma': 0.6114692131338314, 'sigma_update': 0.19158963498524417, 'eta_learning': 0.14107370208417316, 'sigma_boundary': 7.341099375965711, 'alpha': 0.7054048870719802}. Best is trial 118 with value: 0.01154534117512136.
[I 2026-03-06 06:51:54,410] Trial 186 finished with value: 0.018828764699068128 and parameters: {'sigma_noise': 0.24280081652726582, 'A_repulsion': 0.18642659016563984, 'gamma': 0.8475996581221992, 'sigma_update': 0.18535326935603746, 'eta_learning': 0.31139691128713703, 'sigma_boundary': 7.4605835428775045, 'alpha': 0.7017220461746673}. Best is trial 118 with value: 0.01154534117512136.
[I 2026-03-06 06:52:23,585] Trial 188 finished with value: 0.015288607365814385 and parameters: {'sigma_noise': 0.26862459459198346, 'A_repulsion': 0.05625408799367371, 'gamma': 0.9068824288677055, 'sigma_update': 0.18816452616613155, 'eta_learning': 0.05527152839739971, 'sigma_boundary': 6.3731680089223435, 'alpha': 0.6805498670744284}. Best is trial 118 with value: 0.01154534117512136.
[I 2026-03-06 06:52:47,318] Trial 189 finished with value: 0.06363040436578998 and parameters: {'sigma_noise': 0.2690073463982691, 'A_repulsion': 0.06358425773754846, 'gamma': 0.367068545199544, 'sigma_update': 0.19242126217522343, 'eta_learning': 0.7022643141337058, 'sigma_boundary': 7.37357882817873, 'alpha': 0.6838498978852567}. Best is trial 118 with value: 0.01154534117512136.
[I 2026-03-06 06:52:48,356] Trial 187 finished with value: 0.05971373934067397 and parameters: {'sigma_noise': 0.2762183092773236, 'A_repulsion': 0.11782984515492968, 'gamma': 0.5183186973877827, 'sigma_update': 0.20205682417714435, 'eta_learning': 1.839731270097425, 'sigma_boundary': 6.418611851449078, 'alpha': 0.7114180187813359}. Best is trial 118 with value: 0.01154534117512136.
[I 2026-03-06 06:53:14,436] Trial 190 finished with value: 0.06644264145266679 and parameters: {'sigma_noise': 0.2676584835261785, 'A_repulsion': 0.10139569516350072, 'gamma': 0.29521347718635793, 'sigma_update': 0.1821783873663462, 'eta_learning': 0.442169222697711, 'sigma_boundary': 6.540333190437711, 'alpha': 0.6810386920796228}. Best is trial 118 with value: 0.01154534117512136.
[I 2026-03-06 06:53:26,839] Trial 191 finished with value: 0.0519531045990207 and parameters: {'sigma_noise': 0.266631135079597, 'A_repulsion': 0.0711958181243089, 'gamma': 0.5569411829638998, 'sigma_update': 0.1882913220544982, 'eta_learning': 0.7020194400083559, 'sigma_boundary': 6.132957642205553, 'alpha': 0.6843525280411276}. Best is trial 118 with value: 0.01154534117512136.
[I 2026-03-06 06:53:55,743] Trial 192 finished with value: 0.04749271834744679 and parameters: {'sigma_noise': 0.2676668366090519, 'A_repulsion': 0.10087960101224398, 'gamma': 0.49961843137558465, 'sigma_update': 0.18379405599843163, 'eta_learning': 0.04933130747889422, 'sigma_boundary': 6.031281503636965, 'alpha': 0.7067405793084027}. Best is trial 118 with value: 0.01154534117512136.
[I 2026-03-06 06:54:07,746] Trial 196 finished with value: 0.03914265926487874 and parameters: {'sigma_noise': 0.24406317415677373, 'A_repulsion': 0.0664515324575386, 'gamma': 0.48893525691223516, 'sigma_update': 0.1881361019092901, 'eta_learning': 0.11038461915172526, 'sigma_boundary': 4.798818911541012, 'alpha': 0.6774017074197395}. Best is trial 118 with value: 0.01154534117512136.
[I 2026-03-06 06:54:10,460] Trial 195 finished with value: 0.041275258455105046 and parameters: {'sigma_noise': 0.2661964942259256, 'A_repulsion': 0.05502889994806975, 'gamma': 0.5952026463520534, 'sigma_update': 0.19167998486377064, 'eta_learning': 0.08421619484627092, 'sigma_boundary': 6.212481304675709, 'alpha': 0.683523117329647}. Best is trial 118 with value: 0.01154534117512136.
