[I 2026-03-06 05:57:59,313] Trial 17 finished with value: 2.4028757755975887 and parameters: {'sigma_noise': 0.27720658015580707, 'A_repulsion': 0.2539998257620652, 'gamma': 0.6390835134193387, 'sigma_update': 0.30667396093277205, 'eta_learning': 2.471717751601994, 'sigma_boundary': 7.532796803349347, 'alpha': 0.20487324837078702}. Best is trial 8 with value: 0.027491169783013747.
[I 2026-03-06 05:58:00,436] Trial 26 finished with value: 2.8273988643457124 and parameters: {'sigma_noise': 0.33041354939297934, 'A_repulsion': 0.23969891667983073, 'gamma': 0.9586499667527648, 'sigma_update': 0.34057313957367064, 'eta_learning': 0.5650742492682329, 'sigma_boundary': 6.905366030636244, 'alpha': 0.007292802322960146}. Best is trial 8 with value: 0.027491169783013747.
[I 2026-03-06 05:58:20,255] Trial 11 finished with value: 0.1588751911112694 and parameters: {'sigma_noise': 0.22039828128141065, 'A_repulsion': 0.45992803317282355, 'gamma': 0.2956362476900757, 'sigma_update': 0.4287868960005306, 'eta_learning': 2.924403913934198, 'sigma_boundary': 0.2802931790793231, 'alpha': 0.781954608699747}. Best is trial 8 with value: 0.027491169783013747.
[I 2026-03-06 05:58:36,428] Trial 34 finished with value: 0.5423510801939293 and parameters: {'sigma_noise': 0.431909723584919, 'A_repulsion': 0.10551579340489875, 'gamma': 0.5644921850153608, 'sigma_update': 0.07193745793558486, 'eta_learning': 0.17646069125778524, 'sigma_boundary': 1.769473749104895, 'alpha': 0.2795774838625146}. Best is trial 8 with value: 0.027491169783013747.
[I 2026-03-06 05:58:46,172] Trial 2 finished with value: 0.5389227222174523 and parameters: {'sigma_noise': 0.2636482664537604, 'A_repulsion': 0.43686554717729653, 'gamma': 0.9457599644351552, 'sigma_update': 0.17860077399427282, 'eta_learning': 0.6691565276100239, 'sigma_boundary': 4.444431311202439, 'alpha': 0.38665445785625396}. Best is trial 8 with value: 0.027491169783013747.
[I 2026-03-06 05:58:50,928] Trial 38 finished with value: 0.09674547767800734 and parameters: {'sigma_noise': 0.27902893269967805, 'A_repulsion': 0.39089822855547596, 'gamma': 0.5179062382956863, 'sigma_update': 0.13603347351489, 'eta_learning': 1.3690840007306875, 'sigma_boundary': 4.818552686775039, 'alpha': 0.760640604690054}. Best is trial 8 with value: 0.027491169783013747.
[I 2026-03-06 05:58:55,213] Trial 23 finished with value: 0.22326703995033437 and parameters: {'sigma_noise': 0.3059076752228031, 'A_repulsion': 0.3765897079722734, 'gamma': 0.433376462505771, 'sigma_update': 0.44480849277226164, 'eta_learning': 2.468843145938546, 'sigma_boundary': 4.109276115443183, 'alpha': 0.670553845096542}. Best is trial 8 with value: 0.027491169783013747.
[I 2026-03-06 05:59:10,210] Trial 10 finished with value: 0.3111950881626694 and parameters: {'sigma_noise': 0.2916552384394694, 'A_repulsion': 0.4593119346197696, 'gamma': 0.4548481482866821, 'sigma_update': 0.4868170475612102, 'eta_learning': 2.617419044837511, 'sigma_boundary': 0.730666174871073, 'alpha': 0.5454139101528347}. Best is trial 8 with value: 0.027491169783013747.
[I 2026-03-06 05:59:17,959] Trial 0 finished with value: 2.795188557822386 and parameters: {'sigma_noise': 0.4433024222698024, 'A_repulsion': 0.2535529505741218, 'gamma': 0.7914973323248486, 'sigma_update': 0.43252579512490197, 'eta_learning': 1.5506183888803962, 'sigma_boundary': 8.889065878274872, 'alpha': 0.168145417002728}. Best is trial 8 with value: 0.027491169783013747.
[I 2026-03-06 05:59:33,371] Trial 14 finished with value: 0.1996228947166861 and parameters: {'sigma_noise': 0.32340151436429304, 'A_repulsion': 0.40595595525111583, 'gamma': 0.18847208512612823, 'sigma_update': 0.08625845941220517, 'eta_learning': 2.200713646096246, 'sigma_boundary': 8.953692773222796, 'alpha': 0.4943609920379276}. Best is trial 8 with value: 0.027491169783013747.
[I 2026-03-06 05:59:59,709] Trial 29 finished with value: 2.8430434533247206 and parameters: {'sigma_noise': 0.3736677948307089, 'A_repulsion': 0.46928189260512276, 'gamma': 0.6734497868607794, 'sigma_update': 0.34786358584036203, 'eta_learning': 1.6647767267917173, 'sigma_boundary': 6.803265548221435, 'alpha': 0.24366060929811195}. Best is trial 8 with value: 0.027491169783013747.
[I 2026-03-06 06:00:05,600] Trial 13 finished with value: 1.1098870041936428 and parameters: {'sigma_noise': 0.41615396234640234, 'A_repulsion': 0.41039739443795076, 'gamma': 0.9107984967863717, 'sigma_update': 0.3245522682231785, 'eta_learning': 0.8051283668407125, 'sigma_boundary': 9.527561837925562, 'alpha': 0.39383598169416556}. Best is trial 8 with value: 0.027491169783013747.
[I 2026-03-06 06:00:10,403] Trial 9 finished with value: 0.20896340058906626 and parameters: {'sigma_noise': 0.36516642994910925, 'A_repulsion': 0.4880169675133363, 'gamma': 0.1407858618879227, 'sigma_update': 0.2804899460513486, 'eta_learning': 1.093068071421564, 'sigma_boundary': 5.692485188098895, 'alpha': 0.8536628718283299}. Best is trial 8 with value: 0.027491169783013747.
[I 2026-03-06 06:00:40,047] Trial 27 finished with value: 1.0643010171403853 and parameters: {'sigma_noise': 0.41640580887416256, 'A_repulsion': 0.48409961338754554, 'gamma': 0.12664350567575197, 'sigma_update': 0.5233031047924551, 'eta_learning': 2.1504136522945583, 'sigma_boundary': 9.941609526425845, 'alpha': 0.43909004904106974}. Best is trial 8 with value: 0.027491169783013747.
[I 2026-03-06 06:00:46,182] Trial 4 finished with value: 0.8927532452622966 and parameters: {'sigma_noise': 0.41230017161403903, 'A_repulsion': 0.44490478167316144, 'gamma': 0.21248040921832315, 'sigma_update': 0.06230346588885986, 'eta_learning': 0.6557224494294036, 'sigma_boundary': 3.983091686257101, 'alpha': 0.4114397908413405}. Best is trial 8 with value: 0.027491169783013747.
[I 2026-03-06 06:00:55,009] Trial 24 finished with value: 1.8764204110539255 and parameters: {'sigma_noise': 0.4343837009638325, 'A_repulsion': 0.47080437323611696, 'gamma': 0.2011303922750827, 'sigma_update': 0.6912091586428528, 'eta_learning': 2.42835956350632, 'sigma_boundary': 6.369702167726799, 'alpha': 0.41804869896300256}. Best is trial 8 with value: 0.027491169783013747.
[I 2026-03-06 06:07:53,369] Trial 43 finished with value: 0.08967454942022399 and parameters: {'sigma_noise': 0.0888709799649594, 'A_repulsion': 0.10215018657117636, 'gamma': 0.9770569577623578, 'sigma_update': 0.4060132982909298, 'eta_learning': 1.5558743254158134, 'sigma_boundary': 6.082026745745234, 'alpha': 0.9091514072606046}. Best is trial 8 with value: 0.027491169783013747.
[I 2026-03-06 06:09:59,562] Trial 40 finished with value: 0.11464662107756378 and parameters: {'sigma_noise': 0.23381737611072473, 'A_repulsion': 0.16536305234176268, 'gamma': 0.5305744407000175, 'sigma_update': 0.5243051437456945, 'eta_learning': 0.9806393162831865, 'sigma_boundary': 0.14560051747449984, 'alpha': 0.7997697257918365}. Best is trial 8 with value: 0.027491169783013747.
[I 2026-03-06 06:11:32,405] Trial 41 finished with value: 1.207445527497655 and parameters: {'sigma_noise': 0.26907301490340335, 'A_repulsion': 0.16438587196750942, 'gamma': 0.7317213606934447, 'sigma_update': 0.2634090879065218, 'eta_learning': 2.1092091791463528, 'sigma_boundary': 9.4387927690571, 'alpha': 0.2925629616697808}. Best is trial 8 with value: 0.027491169783013747.
[I 2026-03-06 06:12:03,669] Trial 47 finished with value: 0.12630344557665013 and parameters: {'sigma_noise': 0.326564816636556, 'A_repulsion': 0.013223049634522477, 'gamma': 0.4971036275521839, 'sigma_update': 0.12646323701550696, 'eta_learning': 0.19660267485860064, 'sigma_boundary': 8.707431769824554, 'alpha': 0.9729857575093258}. Best is trial 8 with value: 0.027491169783013747.
[I 2026-03-06 06:12:56,727] Trial 50 finished with value: 0.019408103914194133 and parameters: {'sigma_noise': 0.3311772837228742, 'A_repulsion': 0.004035783811437476, 'gamma': 0.9367704554237027, 'sigma_update': 0.6900511990229337, 'eta_learning': 1.0333298174727121, 'sigma_boundary': 6.245930147829725, 'alpha': 0.9224933450058266}. Best is trial 50 with value: 0.019408103914194133.
[I 2026-03-06 06:13:04,488] Trial 42 finished with value: 1.0990710804268122 and parameters: {'sigma_noise': 0.3324413929495908, 'A_repulsion': 0.1887323070670306, 'gamma': 0.10298205496924889, 'sigma_update': 0.0396244565503332, 'eta_learning': 0.6446361591347497, 'sigma_boundary': 7.420484914876527, 'alpha': 0.33384463444162793}. Best is trial 50 with value: 0.019408103914194133.
[I 2026-03-06 06:13:10,889] Trial 45 finished with value: 0.7516030266031288 and parameters: {'sigma_noise': 0.2465122441544481, 'A_repulsion': 0.2421033324559687, 'gamma': 0.3963698036284062, 'sigma_update': 0.4365941707352661, 'eta_learning': 2.759834174880902, 'sigma_boundary': 0.7621340862275985, 'alpha': 0.3231749715005183}. Best is trial 50 with value: 0.019408103914194133.
[I 2026-03-06 06:14:12,401] Trial 48 finished with value: 2.2938950096709525 and parameters: {'sigma_noise': 0.4081577116616925, 'A_repulsion': 0.012301379470400498, 'gamma': 0.8851862206074419, 'sigma_update': 0.40200689983078886, 'eta_learning': 1.9874668629613277, 'sigma_boundary': 8.383978633672294, 'alpha': 0.1291815921820223}. Best is trial 50 with value: 0.019408103914194133.
[I 2026-03-06 06:14:15,546] Trial 61 finished with value: 0.04173999060430097 and parameters: {'sigma_noise': 0.18160036847417926, 'A_repulsion': 0.05949875184432793, 'gamma': 0.5706396789096244, 'sigma_update': 0.15250030883064, 'eta_learning': 0.18684515028199022, 'sigma_boundary': 1.08505909050576, 'alpha': 0.7585936156074242}. Best is trial 50 with value: 0.019408103914194133.
[I 2026-03-06 06:14:23,985] Trial 65 finished with value: 0.04968205056344837 and parameters: {'sigma_noise': 0.1735005609958605, 'A_repulsion': 0.056630440895231976, 'gamma': 0.5636672845493391, 'sigma_update': 0.1638981691790558, 'eta_learning': 0.11393470122397965, 'sigma_boundary': 0.8508137783661534, 'alpha': 0.7771359749390259}. Best is trial 50 with value: 0.019408103914194133.
[I 2026-03-06 06:14:29,260] Trial 44 finished with value: 0.7703378585174996 and parameters: {'sigma_noise': 0.19668618403875504, 'A_repulsion': 0.42110520684981423, 'gamma': 0.7569521609802329, 'sigma_update': 0.3598602738031613, 'eta_learning': 2.4221801787823014, 'sigma_boundary': 7.9417244163180545, 'alpha': 0.35017307168521894}. Best is trial 50 with value: 0.019408103914194133.
[I 2026-03-06 06:14:38,043] Trial 66 finished with value: 0.04110169054854409 and parameters: {'sigma_noise': 0.16878697526464562, 'A_repulsion': 0.06596956506296744, 'gamma': 0.5710187511543654, 'sigma_update': 0.1333303262879429, 'eta_learning': 0.11598702302864751, 'sigma_boundary': 1.6270348466252638, 'alpha': 0.7565297366087249}. Best is trial 50 with value: 0.019408103914194133.
[I 2026-03-06 06:15:00,724] Trial 70 finished with value: 0.03507591825860351 and parameters: {'sigma_noise': 0.17274357224006695, 'A_repulsion': 0.05540568001744825, 'gamma': 0.8732671445810021, 'sigma_update': 0.23803731766808364, 'eta_learning': 0.5064523570772987, 'sigma_boundary': 0.7694471765509912, 'alpha': 0.9769948128592759}. Best is trial 50 with value: 0.019408103914194133.
[I 2026-03-06 06:15:05,083] Trial 67 finished with value: 0.034860595771001944 and parameters: {'sigma_noise': 0.16749644206089961, 'A_repulsion': 0.06167358708160693, 'gamma': 0.8830091531236568, 'sigma_update': 0.15369064637080082, 'eta_learning': 1.304678916338873, 'sigma_boundary': 1.0054848964012737, 'alpha': 0.7453162644013729}. Best is trial 50 with value: 0.019408103914194133.
[I 2026-03-06 06:15:21,675] Trial 69 finished with value: 0.03855670518507182 and parameters: {'sigma_noise': 0.16795241122367996, 'A_repulsion': 0.06338459789004347, 'gamma': 0.8846404946667991, 'sigma_update': 0.1480172772788583, 'eta_learning': 0.07156824380375248, 'sigma_boundary': 0.8733690106255844, 'alpha': 0.9934594438105357}. Best is trial 50 with value: 0.019408103914194133.
[I 2026-03-06 06:15:40,674] Trial 52 finished with value: 0.0750647251945649 and parameters: {'sigma_noise': 0.29404060887956684, 'A_repulsion': 0.15333863129493489, 'gamma': 0.8281408161995809, 'sigma_update': 0.08154607882860135, 'eta_learning': 1.169815092842607, 'sigma_boundary': 0.16277580774323908, 'alpha': 0.7602127630214066}. Best is trial 50 with value: 0.019408103914194133.
[I 2026-03-06 06:15:42,205] Trial 46 finished with value: 1.6034982988931914 and parameters: {'sigma_noise': 0.411092999438234, 'A_repulsion': 0.08767208664416509, 'gamma': 0.5833574148485091, 'sigma_update': 0.1353776568315627, 'eta_learning': 0.7096059234399265, 'sigma_boundary': 3.6134011334613167, 'alpha': 0.29265322238551095}. Best is trial 50 with value: 0.019408103914194133.
[I 2026-03-06 06:15:51,658] Trial 68 finished with value: 0.04051389818898968 and parameters: {'sigma_noise': 0.1795642606005916, 'A_repulsion': 0.0687509180352639, 'gamma': 0.8729163382331722, 'sigma_update': 0.10064242511031385, 'eta_learning': 0.018571242057541903, 'sigma_boundary': 1.1350475682692052, 'alpha': 0.7150359551301804}. Best is trial 50 with value: 0.019408103914194133.
[I 2026-03-06 06:15:56,636] Trial 71 finished with value: 0.034764868523242835 and parameters: {'sigma_noise': 0.16954648539447534, 'A_repulsion': 0.06825047736382019, 'gamma': 0.856483392454424, 'sigma_update': 0.2329056579950411, 'eta_learning': 0.021262463474361226, 'sigma_boundary': 2.5162089564366115, 'alpha': 0.9798974361893132}. Best is trial 50 with value: 0.019408103914194133.
[I 2026-03-06 06:15:59,626] Trial 73 finished with value: 0.035633146152806605 and parameters: {'sigma_noise': 0.1685124347469255, 'A_repulsion': 0.06749934197839816, 'gamma': 0.846451733655837, 'sigma_update': 0.24604041910843222, 'eta_learning': 1.151911220883936, 'sigma_boundary': 5.462703778160414, 'alpha': 0.9729215165787377}. Best is trial 50 with value: 0.019408103914194133.
[I 2026-03-06 06:16:09,407] Trial 72 finished with value: 0.035712579192511966 and parameters: {'sigma_noise': 0.16434450470021483, 'A_repulsion': 0.06764345903080475, 'gamma': 0.8590974903761777, 'sigma_update': 0.2431803199499286, 'eta_learning': 0.04146358218860002, 'sigma_boundary': 2.5383180876089613, 'alpha': 0.9769395021784361}. Best is trial 50 with value: 0.019408103914194133.
[I 2026-03-06 06:16:26,667] Trial 74 finished with value: 0.036751938072716976 and parameters: {'sigma_noise': 0.16857388941022722, 'A_repulsion': 0.07439671494586204, 'gamma': 0.8556017930625182, 'sigma_update': 0.2095648192076279, 'eta_learning': 0.04358187727839967, 'sigma_boundary': 5.4034348481231085, 'alpha': 0.9923419666732756}. Best is trial 50 with value: 0.019408103914194133.
[I 2026-03-06 06:16:32,253] Trial 55 finished with value: 0.06122865151793423 and parameters: {'sigma_noise': 0.30945785045249435, 'A_repulsion': 0.15670746123316925, 'gamma': 0.8488843760154906, 'sigma_update': 0.13338123958416925, 'eta_learning': 0.5926491172325421, 'sigma_boundary': 0.03456786963185188, 'alpha': 0.7156538038636591}. Best is trial 50 with value: 0.019408103914194133.
[I 2026-03-06 06:16:37,143] Trial 53 finished with value: 0.09239101174102511 and parameters: {'sigma_noise': 0.30043422379922113, 'A_repulsion': 0.16917720845527115, 'gamma': 0.8544838441872714, 'sigma_update': 0.06715772280827881, 'eta_learning': 1.0586242300729436, 'sigma_boundary': 0.06442115757921184, 'alpha': 0.7257100641795179}. Best is trial 50 with value: 0.019408103914194133.
[I 2026-03-06 06:16:40,811] Trial 57 finished with value: 0.0421134109166314 and parameters: {'sigma_noise': 0.2878434741632929, 'A_repulsion': 0.18076958089928588, 'gamma': 0.8628135868245163, 'sigma_update': 0.15350365446436778, 'eta_learning': 0.565762284308026, 'sigma_boundary': 0.12914111525378533, 'alpha': 0.7020622225805051}. Best is trial 50 with value: 0.019408103914194133.
[I 2026-03-06 06:17:03,931] Trial 58 finished with value: 0.05174985796831122 and parameters: {'sigma_noise': 0.28741866323322124, 'A_repulsion': 0.18423749739647033, 'gamma': 0.8756149510079906, 'sigma_update': 0.10040822202142427, 'eta_learning': 0.5534021205468478, 'sigma_boundary': 0.2277270259850075, 'alpha': 0.6898101283765263}. Best is trial 50 with value: 0.019408103914194133.
[I 2026-03-06 06:17:10,646] Trial 75 finished with value: 0.02982498965965805 and parameters: {'sigma_noise': 0.17909139166689755, 'A_repulsion': 0.06942071598939419, 'gamma': 0.8143776674312214, 'sigma_update': 0.22738844008728454, 'eta_learning': 1.1964047087325596, 'sigma_boundary': 5.589160044023576, 'alpha': 0.9949119265671902}. Best is trial 50 with value: 0.019408103914194133.
[I 2026-03-06 06:17:13,953] Trial 76 finished with value: 0.06428025230833016 and parameters: {'sigma_noise': 0.1759585681458036, 'A_repulsion': 0.06658864327126487, 'gamma': 0.5553347065081438, 'sigma_update': 0.22638173438787385, 'eta_learning': 0.5642776265648917, 'sigma_boundary': 2.72095626682015, 'alpha': 0.9989886446461723}. Best is trial 50 with value: 0.019408103914194133.
[I 2026-03-06 06:17:26,734] Trial 54 finished with value: 0.16250144997725763 and parameters: {'sigma_noise': 0.4483765133367559, 'A_repulsion': 0.13940430909622087, 'gamma': 0.8571280686252923, 'sigma_update': 0.13084798674552633, 'eta_learning': 0.6548461330889433, 'sigma_boundary': 0.14361021922446993, 'alpha': 0.7330281315172926}. Best is trial 50 with value: 0.019408103914194133.
[I 2026-03-06 06:17:31,152] Trial 77 finished with value: 0.06329607566105788 and parameters: {'sigma_noise': 0.1766565212825496, 'A_repulsion': 0.06759885956788078, 'gamma': 0.5657268351886434, 'sigma_update': 0.2445127941500334, 'eta_learning': 0.02195066047079053, 'sigma_boundary': 2.8583459962245668, 'alpha': 0.9937756393818076}. Best is trial 50 with value: 0.019408103914194133.
[I 2026-03-06 06:17:52,004] Trial 51 finished with value: 0.26430055695154125 and parameters: {'sigma_noise': 0.4342140402815209, 'A_repulsion': 0.1609670666134956, 'gamma': 0.8402780440483154, 'sigma_update': 0.09119662221649227, 'eta_learning': 1.1102939045689997, 'sigma_boundary': 0.014318193812355773, 'alpha': 0.8694725959693534}. Best is trial 50 with value: 0.019408103914194133.
[I 2026-03-06 06:17:58,014] Trial 78 finished with value: 0.030408870300284562 and parameters: {'sigma_noise': 0.18876975383961414, 'A_repulsion': 0.07334840227559632, 'gamma': 0.840727351557935, 'sigma_update': 0.2223484671337299, 'eta_learning': 0.44286404318217, 'sigma_boundary': 2.33964681672888, 'alpha': 0.9996380893020119}. Best is trial 50 with value: 0.019408103914194133.
[I 2026-03-06 06:18:04,924] Trial 79 finished with value: 0.03248510637035532 and parameters: {'sigma_noise': 0.1747212222952249, 'A_repulsion': 0.06892887371932463, 'gamma': 0.8305841874426136, 'sigma_update': 0.21079230636122498, 'eta_learning': 0.46479032829800904, 'sigma_boundary': 2.368482037566306, 'alpha': 0.9703098288659461}. Best is trial 50 with value: 0.019408103914194133.
[I 2026-03-06 06:18:15,536] Trial 56 finished with value: 0.1309806003411062 and parameters: {'sigma_noise': 0.4212397986425096, 'A_repulsion': 0.18307811892118458, 'gamma': 0.8954758116638446, 'sigma_update': 0.10642419815764673, 'eta_learning': 0.6221422694702214, 'sigma_boundary': 0.09555634850148764, 'alpha': 0.718617379790282}. Best is trial 50 with value: 0.019408103914194133.
[I 2026-03-06 06:18:21,122] Trial 49 finished with value: 0.7576935328404013 and parameters: {'sigma_noise': 0.36358165484621063, 'A_repulsion': 0.49396487193896144, 'gamma': 0.2661594082453306, 'sigma_update': 0.658407233746395, 'eta_learning': 1.0741750954775569, 'sigma_boundary': 7.387266724152676, 'alpha': 0.6626080012919658}. Best is trial 50 with value: 0.019408103914194133.
[I 2026-03-06 06:19:29,004] Trial 59 finished with value: 0.1291223035499472 and parameters: {'sigma_noise': 0.4339907866359861, 'A_repulsion': 0.18234743050983154, 'gamma': 0.8877889827248143, 'sigma_update': 0.1477019953169553, 'eta_learning': 0.5845274049791723, 'sigma_boundary': 0.5037352853554515, 'alpha': 0.7225313910453801}. Best is trial 50 with value: 0.019408103914194133.
[I 2026-03-06 06:19:46,638] Trial 60 finished with value: 0.25517443603284495 and parameters: {'sigma_noise': 0.43283047457531487, 'A_repulsion': 0.06787500530014173, 'gamma': 0.5910319457708065, 'sigma_update': 0.13382628574534483, 'eta_learning': 0.2341340603105203, 'sigma_boundary': 0.11436546907179156, 'alpha': 0.9878404753454938}. Best is trial 50 with value: 0.019408103914194133.
[I 2026-03-06 06:19:54,105] Trial 63 finished with value: 0.23597539783218674 and parameters: {'sigma_noise': 0.4432609104705255, 'A_repulsion': 0.054006894339131, 'gamma': 0.553265683794306, 'sigma_update': 0.13355272981556832, 'eta_learning': 0.015285311173261457, 'sigma_boundary': 1.2880645441683862, 'alpha': 0.7707073821470609}. Best is trial 50 with value: 0.019408103914194133.
[I 2026-03-06 06:20:02,252] Trial 64 finished with value: 0.1139300125784099 and parameters: {'sigma_noise': 0.4152604675040581, 'A_repulsion': 0.0774755409089715, 'gamma': 0.8520910406692399, 'sigma_update': 0.1393057151720149, 'eta_learning': 0.1590167036041501, 'sigma_boundary': 1.235578917794807, 'alpha': 0.7614652636017383}. Best is trial 50 with value: 0.019408103914194133.
[I 2026-03-06 06:20:05,223] Trial 62 finished with value: 0.13568313423721676 and parameters: {'sigma_noise': 0.4423245787133487, 'A_repulsion': 0.05540905493842803, 'gamma': 0.8813116695008592, 'sigma_update': 0.12301216236862905, 'eta_learning': 0.20367881737003346, 'sigma_boundary': 0.4172713551916897, 'alpha': 0.7410568160678976}. Best is trial 50 with value: 0.019408103914194133.
[I 2026-03-06 06:25:05,119] Trial 80 finished with value: 0.037221930125029494 and parameters: {'sigma_noise': 0.16110840600673015, 'A_repulsion': 0.060097223435487096, 'gamma': 0.8340895711686687, 'sigma_update': 0.24017154606627159, 'eta_learning': 0.021221181785712084, 'sigma_boundary': 8.048340315779267, 'alpha': 0.9700640503995699}. Best is trial 50 with value: 0.019408103914194133.
