[I 2026-03-06 04:12:36,493] Trial 56 finished with value: 0.03734289540800356 and parameters: {'sigma_noise': 0.22295961317804175, 'A_repulsion': 0.23232078061214603, 'gamma': 0.666403081858123, 'sigma_update': 0.4676305786077743, 'eta_learning': 2.3911481411886037, 'sigma_boundary': 8.819182414516114, 'alpha': 0.9203562068607443}. Best is trial 56 with value: 0.03734289540800356.
[I 2026-03-06 04:12:50,946] Trial 57 finished with value: 0.03869629192485346 and parameters: {'sigma_noise': 0.2347458552671552, 'A_repulsion': 0.24428044671542004, 'gamma': 0.6659005818429456, 'sigma_update': 0.46945339241942363, 'eta_learning': 2.3744317442806127, 'sigma_boundary': 9.277920053473663, 'alpha': 0.9131810018351884}. Best is trial 56 with value: 0.03734289540800356.
[I 2026-03-06 04:13:22,993] Trial 58 finished with value: 0.08549450026039718 and parameters: {'sigma_noise': 0.22172800417020336, 'A_repulsion': 0.22977203686761952, 'gamma': 0.3048991844168982, 'sigma_update': 0.44561754525314645, 'eta_learning': 2.5375091697955496, 'sigma_boundary': 9.176229150163806, 'alpha': 0.914225823305524}. Best is trial 56 with value: 0.03734289540800356.
[I 2026-03-06 04:13:39,353] Trial 60 finished with value: 0.036424107141266315 and parameters: {'sigma_noise': 0.220563420411336, 'A_repulsion': 0.23779319829293982, 'gamma': 0.6604596814529948, 'sigma_update': 0.4496587927796737, 'eta_learning': 2.573389148273961, 'sigma_boundary': 9.097334364790711, 'alpha': 0.9156710576378152}. Best is trial 60 with value: 0.036424107141266315.
[I 2026-03-06 04:13:59,357] Trial 59 finished with value: 0.039552118440826844 and parameters: {'sigma_noise': 0.23052356936589685, 'A_repulsion': 0.25408764688158836, 'gamma': 0.6523041523167143, 'sigma_update': 0.45634714446781177, 'eta_learning': 2.3747396893437, 'sigma_boundary': 8.79295960230504, 'alpha': 0.8944258520857269}. Best is trial 60 with value: 0.036424107141266315.
[I 2026-03-06 04:14:13,587] Trial 61 finished with value: 0.03866458328031119 and parameters: {'sigma_noise': 0.22693064923064715, 'A_repulsion': 0.2367548366138667, 'gamma': 0.6709481161228015, 'sigma_update': 0.44707949737420083, 'eta_learning': 2.4522250319766954, 'sigma_boundary': 7.750930609239209, 'alpha': 0.9071149676968191}. Best is trial 60 with value: 0.036424107141266315.
[I 2026-03-06 04:14:21,446] Trial 62 finished with value: 0.05654284627063308 and parameters: {'sigma_noise': 0.24459903620212248, 'A_repulsion': 0.22733696362340305, 'gamma': 0.5095528985362778, 'sigma_update': 0.4526877513938429, 'eta_learning': 2.5367780981630648, 'sigma_boundary': 9.057288851928657, 'alpha': 0.9163636446781854}. Best is trial 60 with value: 0.036424107141266315.
[I 2026-03-06 04:14:24,203] Trial 64 finished with value: 0.05835715680565294 and parameters: {'sigma_noise': 0.23213536057429837, 'A_repulsion': 0.22618347411113207, 'gamma': 0.5042450430972453, 'sigma_update': 0.45354828758377574, 'eta_learning': 2.451169873328671, 'sigma_boundary': 8.981696380467309, 'alpha': 0.9144346885841605}. Best is trial 60 with value: 0.036424107141266315.
[I 2026-03-06 04:14:29,509] Trial 65 finished with value: 0.056183339198447466 and parameters: {'sigma_noise': 0.23490027113106546, 'A_repulsion': 0.2215565292399863, 'gamma': 0.5074024188591759, 'sigma_update': 0.4484897138048838, 'eta_learning': 2.5261216641856947, 'sigma_boundary': 7.7456510167402755, 'alpha': 0.9056987108437281}. Best is trial 60 with value: 0.036424107141266315.
[I 2026-03-06 04:14:49,094] Trial 63 finished with value: 0.061120356221773774 and parameters: {'sigma_noise': 0.24471420702192442, 'A_repulsion': 0.26781982327811027, 'gamma': 0.5131706961889142, 'sigma_update': 0.4488514417084583, 'eta_learning': 2.4739282225148425, 'sigma_boundary': 7.7886796464234775, 'alpha': 0.9164552233003475}. Best is trial 60 with value: 0.036424107141266315.
[I 2026-03-06 04:15:01,343] Trial 66 finished with value: 0.057603779229420345 and parameters: {'sigma_noise': 0.24979757189629054, 'A_repulsion': 0.2477305890499878, 'gamma': 0.5276770154777953, 'sigma_update': 0.4493853905034804, 'eta_learning': 2.4839849222208166, 'sigma_boundary': 7.635528480963464, 'alpha': 0.909907994047508}. Best is trial 60 with value: 0.036424107141266315.
[I 2026-03-06 04:15:07,509] Trial 67 finished with value: 0.05895234291871218 and parameters: {'sigma_noise': 0.24944473407685935, 'A_repulsion': 0.23120729554779187, 'gamma': 0.5105246570658988, 'sigma_update': 0.4479844487154702, 'eta_learning': 2.5279005692611456, 'sigma_boundary': 7.836151318055382, 'alpha': 0.9100138261695149}. Best is trial 60 with value: 0.036424107141266315.
[I 2026-03-06 04:15:11,155] Trial 68 finished with value: 0.05872459450044378 and parameters: {'sigma_noise': 0.25329642708902267, 'A_repulsion': 0.2338018000840626, 'gamma': 0.5117039298311026, 'sigma_update': 0.44580771104251504, 'eta_learning': 2.5199346620743306, 'sigma_boundary': 7.922022617523429, 'alpha': 0.9154551281429402}. Best is trial 60 with value: 0.036424107141266315.
[I 2026-03-06 04:15:17,172] Trial 69 finished with value: 0.07055171969386902 and parameters: {'sigma_noise': 0.24829947039660755, 'A_repulsion': 0.23195530256254215, 'gamma': 0.5089943186832688, 'sigma_update': 0.4961852476087872, 'eta_learning': 2.5347537769603923, 'sigma_boundary': 7.878490124796921, 'alpha': 0.8991093132646676}. Best is trial 60 with value: 0.036424107141266315.
[I 2026-03-06 04:15:24,486] Trial 70 finished with value: 0.05992193543481107 and parameters: {'sigma_noise': 0.2458444772849946, 'A_repulsion': 0.2534860150564435, 'gamma': 0.5318813648814953, 'sigma_update': 0.48741830448966694, 'eta_learning': 2.508891628932152, 'sigma_boundary': 7.606010454361943, 'alpha': 0.8907452876623538}. Best is trial 60 with value: 0.036424107141266315.
[I 2026-03-06 04:15:42,429] Trial 71 finished with value: 0.06101724514635752 and parameters: {'sigma_noise': 0.2526396207236813, 'A_repulsion': 0.24604910850007383, 'gamma': 0.5330508972264524, 'sigma_update': 0.4889948561950713, 'eta_learning': 2.5448158648965507, 'sigma_boundary': 7.704788278526309, 'alpha': 0.9075537274157552}. Best is trial 60 with value: 0.036424107141266315.
[I 2026-03-06 04:19:21,630] Trial 72 finished with value: 0.07186591798702052 and parameters: {'sigma_noise': 0.24904248953537245, 'A_repulsion': 0.24144738532321616, 'gamma': 0.4957339825227084, 'sigma_update': 0.4927641166782339, 'eta_learning': 2.485273528325396, 'sigma_boundary': 7.8641662157036185, 'alpha': 0.9046079447593777}. Best is trial 60 with value: 0.036424107141266315.
[I 2026-03-06 04:19:43,066] Trial 73 finished with value: 0.06648643729407869 and parameters: {'sigma_noise': 0.2518756279115967, 'A_repulsion': 0.23046406702306824, 'gamma': 0.5178861023026722, 'sigma_update': 0.49057580175950133, 'eta_learning': 2.621868384365949, 'sigma_boundary': 7.8941918678100835, 'alpha': 0.8987320217960993}. Best is trial 60 with value: 0.036424107141266315.
[I 2026-03-06 04:19:58,454] Trial 74 finished with value: 0.06238050046823693 and parameters: {'sigma_noise': 0.2531159533107016, 'A_repulsion': 0.2364747717532538, 'gamma': 0.5128135467893085, 'sigma_update': 0.4911498822153675, 'eta_learning': 2.5276849257779843, 'sigma_boundary': 7.702709091914836, 'alpha': 0.9142292750989495}. Best is trial 60 with value: 0.036424107141266315.
[I 2026-03-06 04:20:37,860] Trial 75 finished with value: 0.06795231950160287 and parameters: {'sigma_noise': 0.27312571098030064, 'A_repulsion': 0.22512729920834468, 'gamma': 0.5272751844252543, 'sigma_update': 0.49052294356312437, 'eta_learning': 2.5026818339165784, 'sigma_boundary': 7.776117728721973, 'alpha': 0.9098012454242184}. Best is trial 60 with value: 0.036424107141266315.
[I 2026-03-06 04:21:28,002] Trial 76 finished with value: 0.069999537377829 and parameters: {'sigma_noise': 0.26096209972152357, 'A_repulsion': 0.24776409653663373, 'gamma': 0.5025653734676767, 'sigma_update': 0.47815417028908885, 'eta_learning': 2.5986659008161572, 'sigma_boundary': 7.7185705863837875, 'alpha': 0.9084984109501876}. Best is trial 60 with value: 0.036424107141266315.
[I 2026-03-06 04:21:29,721] Trial 77 finished with value: 0.06553023089022775 and parameters: {'sigma_noise': 0.25404912992825024, 'A_repulsion': 0.22545090666827777, 'gamma': 0.5138349589237893, 'sigma_update': 0.4866632670791158, 'eta_learning': 2.6117337712635256, 'sigma_boundary': 8.708067927299448, 'alpha': 0.9019300540169202}. Best is trial 60 with value: 0.036424107141266315.
[I 2026-03-06 04:22:09,917] Trial 78 finished with value: 0.07037852597213533 and parameters: {'sigma_noise': 0.27129991081445093, 'A_repulsion': 0.24333833951548445, 'gamma': 0.5089435557863118, 'sigma_update': 0.47866006423780916, 'eta_learning': 2.5133659202203282, 'sigma_boundary': 7.675316983372015, 'alpha': 0.9065155866523725}. Best is trial 60 with value: 0.036424107141266315.
[I 2026-03-06 04:22:24,621] Trial 79 finished with value: 0.06999422017725916 and parameters: {'sigma_noise': 0.26139895229510185, 'A_repulsion': 0.2430646008427226, 'gamma': 0.5025968669323488, 'sigma_update': 0.4818422655718005, 'eta_learning': 2.497633937407541, 'sigma_boundary': 7.665258463568078, 'alpha': 0.909233183501873}. Best is trial 60 with value: 0.036424107141266315.
[I 2026-03-06 04:22:38,283] Trial 81 finished with value: 0.09870320556674683 and parameters: {'sigma_noise': 0.2653973758000622, 'A_repulsion': 0.22752699067924753, 'gamma': 0.5084990959473288, 'sigma_update': 0.5572061862392464, 'eta_learning': 2.6518671102033684, 'sigma_boundary': 7.676415734828894, 'alpha': 0.8834797674685998}. Best is trial 60 with value: 0.036424107141266315.
[I 2026-03-06 04:22:41,166] Trial 80 finished with value: 0.07018001988975302 and parameters: {'sigma_noise': 0.25633455362183233, 'A_repulsion': 0.2671842906076922, 'gamma': 0.4965354060745118, 'sigma_update': 0.4786450034572676, 'eta_learning': 2.6673799926159076, 'sigma_boundary': 7.659107592914646, 'alpha': 0.907256685102988}. Best is trial 60 with value: 0.036424107141266315.
[I 2026-03-06 04:23:20,222] Trial 82 finished with value: 0.06835839986250832 and parameters: {'sigma_noise': 0.2684763053082244, 'A_repulsion': 0.21551408263635866, 'gamma': 0.5206848464799753, 'sigma_update': 0.4768840426805451, 'eta_learning': 2.3373498314141625, 'sigma_boundary': 8.727037459261547, 'alpha': 0.8883406463253491}. Best is trial 60 with value: 0.036424107141266315.
[I 2026-03-06 04:23:26,315] Trial 83 finished with value: 0.06967239742848 and parameters: {'sigma_noise': 0.26371945445273376, 'A_repulsion': 0.21488952850818285, 'gamma': 0.5197431845283842, 'sigma_update': 0.479222550349949, 'eta_learning': 2.405530700969911, 'sigma_boundary': 7.908868254476446, 'alpha': 0.8871533471448894}. Best is trial 60 with value: 0.036424107141266315.
[I 2026-03-06 04:23:35,237] Trial 87 finished with value: 0.036311509572472256 and parameters: {'sigma_noise': 0.18933158757790888, 'A_repulsion': 0.2674333920665129, 'gamma': 0.8015425498595408, 'sigma_update': 0.4852946976549251, 'eta_learning': 2.693107606139568, 'sigma_boundary': 7.688739445677395, 'alpha': 0.8745262332498798}. Best is trial 87 with value: 0.036311509572472256.
[I 2026-03-06 04:24:00,104] Trial 84 finished with value: 0.06938564254141884 and parameters: {'sigma_noise': 0.2677579295729561, 'A_repulsion': 0.22388868365886863, 'gamma': 0.5153603415919771, 'sigma_update': 0.4772171031393311, 'eta_learning': 2.3655875800208697, 'sigma_boundary': 7.639932315235629, 'alpha': 0.8981173068669004}. Best is trial 87 with value: 0.036311509572472256.
[I 2026-03-06 04:24:05,783] Trial 85 finished with value: 0.069822249636068 and parameters: {'sigma_noise': 0.26781772176369945, 'A_repulsion': 0.21854193948282988, 'gamma': 0.5209789794690001, 'sigma_update': 0.4764198723535317, 'eta_learning': 2.6662200363627244, 'sigma_boundary': 7.729976116487839, 'alpha': 0.8894029946522398}. Best is trial 87 with value: 0.036311509572472256.
[I 2026-03-06 04:24:10,392] Trial 93 finished with value: 0.02734322789288143 and parameters: {'sigma_noise': 0.1921748262660791, 'A_repulsion': 0.21091415046698586, 'gamma': 0.790069961915803, 'sigma_update': 0.5623544381777811, 'eta_learning': 2.6767264287548684, 'sigma_boundary': 8.614610743530854, 'alpha': 0.8561959822599138}. Best is trial 93 with value: 0.02734322789288143.
[I 2026-03-06 04:24:19,366] Trial 91 finished with value: 0.03431315890088539 and parameters: {'sigma_noise': 0.189246558043096, 'A_repulsion': 0.26917360684057134, 'gamma': 0.7938962063458753, 'sigma_update': 0.48638403357319937, 'eta_learning': 2.702789619178339, 'sigma_boundary': 8.643876012655545, 'alpha': 0.8551695684920573}. Best is trial 93 with value: 0.02734322789288143.
[I 2026-03-06 04:24:40,996] Trial 89 finished with value: 0.024673060135871012 and parameters: {'sigma_noise': 0.2677637356488445, 'A_repulsion': 0.21213897015308647, 'gamma': 0.7818889690257351, 'sigma_update': 0.556023321720487, 'eta_learning': 2.755687892688016, 'sigma_boundary': 8.519071344112966, 'alpha': 0.871006399967501}. Best is trial 89 with value: 0.024673060135871012.
[I 2026-03-06 04:24:41,344] Trial 88 finished with value: 0.027753862169386405 and parameters: {'sigma_noise': 0.27836402708763275, 'A_repulsion': 0.27426539632830926, 'gamma': 0.7879054556223253, 'sigma_update': 0.4886767590659031, 'eta_learning': 2.674197270539089, 'sigma_boundary': 7.672221028620449, 'alpha': 0.8636437069179856}. Best is trial 89 with value: 0.024673060135871012.
[I 2026-03-06 04:24:42,131] Trial 86 finished with value: 0.028245406546388428 and parameters: {'sigma_noise': 0.26137556943799384, 'A_repulsion': 0.2703027520334335, 'gamma': 0.8042200735532392, 'sigma_update': 0.5020213683724456, 'eta_learning': 2.6839187636090056, 'sigma_boundary': 7.620657245582945, 'alpha': 0.8757217473433595}. Best is trial 89 with value: 0.024673060135871012.
[I 2026-03-06 04:24:51,571] Trial 90 finished with value: 0.023414251799732777 and parameters: {'sigma_noise': 0.27001055259916035, 'A_repulsion': 0.20762480540572753, 'gamma': 0.7992501913796088, 'sigma_update': 0.4957507715800731, 'eta_learning': 2.680608629420954, 'sigma_boundary': 8.636249689569524, 'alpha': 0.8650001081719558}. Best is trial 90 with value: 0.023414251799732777.
[I 2026-03-06 04:25:05,314] Trial 95 finished with value: 0.03391791663439545 and parameters: {'sigma_noise': 0.1914939583465837, 'A_repulsion': 0.27815652490660203, 'gamma': 0.7816129380138754, 'sigma_update': 0.5466488394279057, 'eta_learning': 2.298626394264064, 'sigma_boundary': 8.616572324718957, 'alpha': 0.8577939664244282}. Best is trial 90 with value: 0.023414251799732777.
[I 2026-03-06 04:25:22,139] Trial 94 finished with value: 0.03220674511059403 and parameters: {'sigma_noise': 0.2728894310660799, 'A_repulsion': 0.20834600138636133, 'gamma': 0.7982558238065027, 'sigma_update': 0.5635994341613652, 'eta_learning': 2.3288332361702615, 'sigma_boundary': 8.645409567421147, 'alpha': 0.7665332521545712}. Best is trial 90 with value: 0.023414251799732777.
[I 2026-03-06 04:25:40,600] Trial 92 finished with value: 0.07178316415951788 and parameters: {'sigma_noise': 0.27341965995370576, 'A_repulsion': 0.2726379905179228, 'gamma': 0.5903609291979866, 'sigma_update': 0.5440867378953942, 'eta_learning': 2.699722821055065, 'sigma_boundary': 8.689031301873632, 'alpha': 0.8635022984737866}. Best is trial 90 with value: 0.023414251799732777.
[I 2026-03-06 04:29:04,104] Trial 97 finished with value: 0.045156948291396735 and parameters: {'sigma_noise': 0.19691154601526378, 'A_repulsion': 0.2107212416081435, 'gamma': 0.5880958022415984, 'sigma_update': 0.5543027284004017, 'eta_learning': 2.3525382566893063, 'sigma_boundary': 8.662572972126082, 'alpha': 0.8620033328792448}. Best is trial 90 with value: 0.023414251799732777.
[I 2026-03-06 04:30:01,801] Trial 99 finished with value: 0.04610503727770579 and parameters: {'sigma_noise': 0.18897439591946097, 'A_repulsion': 0.20579670055902513, 'gamma': 0.5918882784886519, 'sigma_update': 0.5304227646536509, 'eta_learning': 2.3483614426063366, 'sigma_boundary': 8.679029007499786, 'alpha': 0.8614932228928593}. Best is trial 90 with value: 0.023414251799732777.
[I 2026-03-06 04:30:15,149] Trial 96 finished with value: 0.026495001528733256 and parameters: {'sigma_noise': 0.27198743481449916, 'A_repulsion': 0.27195997910474123, 'gamma': 0.7915030505071416, 'sigma_update': 0.5590033024334752, 'eta_learning': 2.3334967606280497, 'sigma_boundary': 8.544570883365282, 'alpha': 0.86363613987352}. Best is trial 90 with value: 0.023414251799732777.
[I 2026-03-06 04:30:35,100] Trial 98 finished with value: 0.03540022333596006 and parameters: {'sigma_noise': 0.277197001352138, 'A_repulsion': 0.21016479198469967, 'gamma': 0.7936634309139681, 'sigma_update': 0.576975076411093, 'eta_learning': 2.327814994818774, 'sigma_boundary': 8.571370805560122, 'alpha': 0.7613609583800313}. Best is trial 90 with value: 0.023414251799732777.
[I 2026-03-06 04:30:58,939] Trial 101 finished with value: 0.026806059285936892 and parameters: {'sigma_noise': 0.19239500351840266, 'A_repulsion': 0.20885452471409974, 'gamma': 0.7884598503584269, 'sigma_update': 0.5680475390066207, 'eta_learning': 2.2828603663079274, 'sigma_boundary': 8.21264040814748, 'alpha': 0.8610183630124252}. Best is trial 90 with value: 0.023414251799732777.
[I 2026-03-06 04:31:05,921] Trial 100 finished with value: 0.05294034659958926 and parameters: {'sigma_noise': 0.1931038658322049, 'A_repulsion': 0.20322830416308668, 'gamma': 0.576960484795132, 'sigma_update': 0.5558677779269446, 'eta_learning': 2.3532316544846625, 'sigma_boundary': 8.648918415754942, 'alpha': 0.8433846486620673}. Best is trial 90 with value: 0.023414251799732777.
[I 2026-03-06 04:31:46,723] Trial 105 finished with value: 0.04958063701029347 and parameters: {'sigma_noise': 0.18919788284590555, 'A_repulsion': 0.0997879489673353, 'gamma': 0.5897967665922819, 'sigma_update': 0.5292871494457441, 'eta_learning': 2.300200960578069, 'sigma_boundary': 8.692171661950567, 'alpha': 0.849676106928194}. Best is trial 90 with value: 0.023414251799732777.
[I 2026-03-06 04:32:08,652] Trial 102 finished with value: 0.030340890226321974 and parameters: {'sigma_noise': 0.1942775147828801, 'A_repulsion': 0.27550329052429656, 'gamma': 0.7931033443173675, 'sigma_update': 0.5531873880093071, 'eta_learning': 2.2902699530226576, 'sigma_boundary': 8.626001348006112, 'alpha': 0.8571039567545817}. Best is trial 90 with value: 0.023414251799732777.
[I 2026-03-06 04:32:19,018] Trial 103 finished with value: 0.03293028228504281 and parameters: {'sigma_noise': 0.19011279885385876, 'A_repulsion': 0.2726085714560213, 'gamma': 0.7997596220932044, 'sigma_update': 0.5261282858221301, 'eta_learning': 2.331876961935032, 'sigma_boundary': 8.39983030108857, 'alpha': 0.8613072877849066}. Best is trial 90 with value: 0.023414251799732777.
[I 2026-03-06 04:32:39,503] Trial 104 finished with value: 0.052728285774599856 and parameters: {'sigma_noise': 0.18903861523677926, 'A_repulsion': 0.27695909054851947, 'gamma': 0.5899004856615935, 'sigma_update': 0.553776429141188, 'eta_learning': 2.7475830890700235, 'sigma_boundary': 8.764264006170118, 'alpha': 0.8473025567350813}. Best is trial 90 with value: 0.023414251799732777.
[I 2026-03-06 04:32:41,275] Trial 106 finished with value: 0.05057634841824443 and parameters: {'sigma_noise': 0.19409035561359678, 'A_repulsion': 0.16924201201658218, 'gamma': 0.5869745727059339, 'sigma_update': 0.5422548252216542, 'eta_learning': 2.276549123773803, 'sigma_boundary': 8.589362366026219, 'alpha': 0.8527124845230885}. Best is trial 90 with value: 0.023414251799732777.
[I 2026-03-06 04:32:56,087] Trial 107 finished with value: 0.02895687530672065 and parameters: {'sigma_noise': 0.19314285726570196, 'A_repulsion': 0.16072965951344562, 'gamma': 0.7930547611393126, 'sigma_update': 0.5449108937632436, 'eta_learning': 2.2735573334780517, 'sigma_boundary': 8.573499063180046, 'alpha': 0.8480671494145816}. Best is trial 90 with value: 0.023414251799732777.
[I 2026-03-06 04:33:03,858] Trial 108 finished with value: 0.028662031552356828 and parameters: {'sigma_noise': 0.19592228347028495, 'A_repulsion': 0.17859545139002642, 'gamma': 0.7900662213340834, 'sigma_update': 0.5532818122552136, 'eta_learning': 2.7604237521646526, 'sigma_boundary': 8.654627877481827, 'alpha': 0.843691248109805}. Best is trial 90 with value: 0.023414251799732777.
[I 2026-03-06 04:33:20,715] Trial 110 finished with value: 0.030173720580542747 and parameters: {'sigma_noise': 0.18917308748534986, 'A_repulsion': 0.16324095236227382, 'gamma': 0.7901746268363015, 'sigma_update': 0.5403800554868405, 'eta_learning': 2.2558694043078034, 'sigma_boundary': 8.606210453288583, 'alpha': 0.8444016086312719}. Best is trial 90 with value: 0.023414251799732777.
[I 2026-03-06 04:33:25,459] Trial 109 finished with value: 0.02780585550255881 and parameters: {'sigma_noise': 0.19360365935624352, 'A_repulsion': 0.16729622308314346, 'gamma': 0.7856116042117078, 'sigma_update': 0.548972645167079, 'eta_learning': 2.2551909722794377, 'sigma_boundary': 8.25833961477455, 'alpha': 0.8549216784173976}. Best is trial 90 with value: 0.023414251799732777.
[I 2026-03-06 04:33:32,341] Trial 111 finished with value: 0.04301771094055122 and parameters: {'sigma_noise': 0.19046478169469053, 'A_repulsion': 0.17145132714816375, 'gamma': 0.7945816903586043, 'sigma_update': 0.5355973367328554, 'eta_learning': 2.241838172310296, 'sigma_boundary': 8.665941468262627, 'alpha': 0.7313803036479944}. Best is trial 90 with value: 0.023414251799732777.
[I 2026-03-06 04:33:58,607] Trial 116 finished with value: 0.041285945123290264 and parameters: {'sigma_noise': 0.19558069855934693, 'A_repulsion': 0.17825757995308134, 'gamma': 0.7972670326327878, 'sigma_update': 0.5486227608206813, 'eta_learning': 2.751029319339822, 'sigma_boundary': 8.222753980908186, 'alpha': 0.7451620360722687}. Best is trial 90 with value: 0.023414251799732777.
