[I 2026-03-04 20:08:12,101] Trial 29 finished with value: 0.21176182869190818 and parameters: {'sigma_noise': 0.07052324116943841, 'A_repulsion': 0.09163428942281299, 'gamma': 0.14204860060986998, 'sigma_update': 0.032707753453560175, 'eta_learning': 1.7501392998319547, 'sigma_boundary': 1.381320566400699, 'alpha': 0.3198164414054562}. Best is trial 15 with value: 0.04896950671195452.
[I 2026-03-04 20:09:58,527] Trial 27 finished with value: 0.23030988251812515 and parameters: {'sigma_noise': 0.1067935036505927, 'A_repulsion': 0.129070455937015, 'gamma': 0.3698787316057999, 'sigma_update': 0.6897636810596808, 'eta_learning': 0.5060336228434129, 'sigma_boundary': 4.7370435817998535, 'alpha': 0.39525093450205073}. Best is trial 15 with value: 0.04896950671195452.
[I 2026-03-04 20:10:05,499] Trial 26 finished with value: 0.4309788148045862 and parameters: {'sigma_noise': 0.06380961830115331, 'A_repulsion': 0.23964551761147462, 'gamma': 0.70871107943474, 'sigma_update': 0.3885070668229001, 'eta_learning': 0.9243790678099272, 'sigma_boundary': 4.436231685329258, 'alpha': 0.17030899148111633}. Best is trial 15 with value: 0.04896950671195452.
[I 2026-03-04 20:12:43,618] Trial 31 finished with value: 0.26136875276633587 and parameters: {'sigma_noise': 0.32983717054636885, 'A_repulsion': 0.004135512285596998, 'gamma': 0.1722497542572456, 'sigma_update': 0.50601862006949, 'eta_learning': 1.6351424120226048, 'sigma_boundary': 1.4624013013507018, 'alpha': 0.756954639896841}. Best is trial 15 with value: 0.04896950671195452.
[I 2026-03-04 20:13:09,441] Trial 40 finished with value: 0.09044336450121651 and parameters: {'sigma_noise': 0.23745503308368293, 'A_repulsion': 0.011337633007399206, 'gamma': 0.5382811518613583, 'sigma_update': 0.4257236025577676, 'eta_learning': 2.909253465403063, 'sigma_boundary': 0.029734432820766266, 'alpha': 0.25018553502693297}. Best is trial 15 with value: 0.04896950671195452.
[I 2026-03-04 20:13:21,029] Trial 35 finished with value: 0.06399572102253434 and parameters: {'sigma_noise': 0.30318939101844244, 'A_repulsion': 0.008695715600882642, 'gamma': 0.5855434816802135, 'sigma_update': 0.4280852842491521, 'eta_learning': 2.9897857185392653, 'sigma_boundary': 0.08288900113372577, 'alpha': 0.9999299667396706}. Best is trial 15 with value: 0.04896950671195452.
[I 2026-03-04 20:13:42,400] Trial 33 finished with value: 0.1133170766308955 and parameters: {'sigma_noise': 0.3341552133112881, 'A_repulsion': 0.000832042458803639, 'gamma': 0.5175288774082938, 'sigma_update': 0.4580415147915038, 'eta_learning': 2.7884600936912993, 'sigma_boundary': 9.916167739498354, 'alpha': 0.9851597380312364}. Best is trial 15 with value: 0.04896950671195452.
[I 2026-03-04 20:13:47,492] Trial 34 finished with value: 0.0762225103074265 and parameters: {'sigma_noise': 0.34105899326341743, 'A_repulsion': 0.029642270859654374, 'gamma': 0.5925012358131804, 'sigma_update': 0.3855534922259197, 'eta_learning': 2.872548079911192, 'sigma_boundary': 0.51567729169368, 'alpha': 0.9978379755914415}. Best is trial 15 with value: 0.04896950671195452.
[I 2026-03-04 20:13:57,599] Trial 25 finished with value: 0.06309224608891516 and parameters: {'sigma_noise': 0.19206315978210103, 'A_repulsion': 0.48988674157985457, 'gamma': 0.8891298147826512, 'sigma_update': 0.19123763401505148, 'eta_learning': 2.577340743358433, 'sigma_boundary': 5.780886156012615, 'alpha': 0.5805165311506579}. Best is trial 15 with value: 0.04896950671195452.
[I 2026-03-04 20:14:40,974] Trial 28 finished with value: 0.1269150540135403 and parameters: {'sigma_noise': 0.3347402079288168, 'A_repulsion': 0.1942844125583939, 'gamma': 0.22600795518190467, 'sigma_update': 0.34254596380087643, 'eta_learning': 0.6266352457295996, 'sigma_boundary': 7.667634274644436, 'alpha': 0.9503206355902687}. Best is trial 15 with value: 0.04896950671195452.
[I 2026-03-04 20:14:44,056] Trial 41 finished with value: 0.8815970560515511 and parameters: {'sigma_noise': 0.33396113285885554, 'A_repulsion': 0.018211114929582856, 'gamma': 0.6008522109214484, 'sigma_update': 0.4236025057935655, 'eta_learning': 2.92159471740474, 'sigma_boundary': 0.21284309879662744, 'alpha': 0.2599724228689916}. Best is trial 15 with value: 0.04896950671195452.
[I 2026-03-04 20:14:56,441] Trial 39 finished with value: 0.2668220571993055 and parameters: {'sigma_noise': 0.3739479988827815, 'A_repulsion': 0.025054945637664833, 'gamma': 0.5249738996171128, 'sigma_update': 0.41506827783976685, 'eta_learning': 2.908139125879525, 'sigma_boundary': 0.04068306191714566, 'alpha': 0.2853892590856639}. Best is trial 15 with value: 0.04896950671195452.
[I 2026-03-04 20:15:11,539] Trial 38 finished with value: 0.16632847518341926 and parameters: {'sigma_noise': 0.4254781042978567, 'A_repulsion': 0.008767271670593352, 'gamma': 0.5592140893797527, 'sigma_update': 0.41105537097637784, 'eta_learning': 2.9803946906814027, 'sigma_boundary': 3.8287199787167916, 'alpha': 0.9911053769122049}. Best is trial 15 with value: 0.04896950671195452.
[I 2026-03-04 20:15:19,489] Trial 37 finished with value: 0.7318472364205798 and parameters: {'sigma_noise': 0.393900776337312, 'A_repulsion': 0.0011090602180536535, 'gamma': 0.5475201022734861, 'sigma_update': 0.42112258220974774, 'eta_learning': 2.9033039595048797, 'sigma_boundary': 0.07723633247562367, 'alpha': 0.26649215544922744}. Best is trial 15 with value: 0.04896950671195452.
[I 2026-03-04 20:15:20,723] Trial 24 finished with value: 0.20723632440105244 and parameters: {'sigma_noise': 0.4275924779571315, 'A_repulsion': 0.3027508299607874, 'gamma': 0.4559506628015581, 'sigma_update': 0.2045486335348543, 'eta_learning': 0.23242822427767362, 'sigma_boundary': 0.35734700225834104, 'alpha': 0.7890209267174086}. Best is trial 15 with value: 0.04896950671195452.
[I 2026-03-04 20:15:23,125] Trial 42 finished with value: 0.8804467721720738 and parameters: {'sigma_noise': 0.3517871712405895, 'A_repulsion': 0.0031579263147236136, 'gamma': 0.3985561742985274, 'sigma_update': 0.42058891195696396, 'eta_learning': 2.5844126518418076, 'sigma_boundary': 3.9137759814273476, 'alpha': 0.2997213369876611}. Best is trial 15 with value: 0.04896950671195452.
[I 2026-03-04 20:15:47,637] Trial 36 finished with value: 0.16406249377784787 and parameters: {'sigma_noise': 0.4229939258076022, 'A_repulsion': 0.040292544899929034, 'gamma': 0.5706689213688104, 'sigma_update': 0.42467060059550993, 'eta_learning': 2.7968018264172514, 'sigma_boundary': 0.049303465865704665, 'alpha': 0.9905435517718001}. Best is trial 15 with value: 0.04896950671195452.
[I 2026-03-04 20:16:40,292] Trial 30 finished with value: 0.16151628020534392 and parameters: {'sigma_noise': 0.3256956026890295, 'A_repulsion': 0.33728191177495825, 'gamma': 0.15320523732929747, 'sigma_update': 0.21058423425110961, 'eta_learning': 1.502230482463685, 'sigma_boundary': 0.9502400174451785, 'alpha': 0.9067210247179344}. Best is trial 15 with value: 0.04896950671195452.
[I 2026-03-04 20:17:03,440] Trial 45 finished with value: 0.5935144531079755 and parameters: {'sigma_noise': 0.3564670964424572, 'A_repulsion': 0.01790038626024587, 'gamma': 0.8375818214176971, 'sigma_update': 0.4667934010498007, 'eta_learning': 0.5939708912195423, 'sigma_boundary': 8.370207096231102, 'alpha': 0.30059511789917187}. Best is trial 15 with value: 0.04896950671195452.
[I 2026-03-04 20:17:24,329] Trial 32 finished with value: 1.9807197701344057 and parameters: {'sigma_noise': 0.2725571522513576, 'A_repulsion': 0.45442670345629793, 'gamma': 0.6649954304333041, 'sigma_update': 0.241027890249287, 'eta_learning': 1.4348784254227518, 'sigma_boundary': 6.34399011253852, 'alpha': 0.2802540999800168}. Best is trial 15 with value: 0.04896950671195452.
[I 2026-03-04 20:17:48,769] Trial 44 finished with value: 0.05515110160202591 and parameters: {'sigma_noise': 0.3436062626224517, 'A_repulsion': 0.15822962316306718, 'gamma': 0.8196065092353693, 'sigma_update': 0.4494292460959206, 'eta_learning': 0.5127486514847458, 'sigma_boundary': 9.598607186220212, 'alpha': 0.9968139231179973}. Best is trial 15 with value: 0.04896950671195452.
[I 2026-03-04 20:18:34,160] Trial 43 finished with value: 0.12516646042994595 and parameters: {'sigma_noise': 0.23313311862927394, 'A_repulsion': 0.47322891515530346, 'gamma': 0.8385313543443074, 'sigma_update': 0.4303510282108327, 'eta_learning': 2.543763420220424, 'sigma_boundary': 0.770343002122919, 'alpha': 0.9974708481431788}. Best is trial 15 with value: 0.04896950671195452.
[I 2026-03-04 20:18:42,194] Trial 46 finished with value: 0.047809337615680556 and parameters: {'sigma_noise': 0.35038197890964184, 'A_repulsion': 0.0013940104254990815, 'gamma': 0.8432525121925896, 'sigma_update': 0.43945838999956427, 'eta_learning': 0.5273154190167354, 'sigma_boundary': 8.53833696431604, 'alpha': 0.9999568433375231}. Best is trial 46 with value: 0.047809337615680556.
[I 2026-03-04 20:20:31,539] Trial 47 finished with value: 0.043954927085657035 and parameters: {'sigma_noise': 0.35018612516227887, 'A_repulsion': 0.17281466745052607, 'gamma': 0.85586441499003, 'sigma_update': 0.44993416777964157, 'eta_learning': 0.493240949550313, 'sigma_boundary': 8.570199470284248, 'alpha': 0.7984383958100909}. Best is trial 47 with value: 0.043954927085657035.
[I 2026-03-04 20:26:42,041] Trial 48 finished with value: 0.05711500348453849 and parameters: {'sigma_noise': 0.34498110282184474, 'A_repulsion': 0.15854350348550114, 'gamma': 0.8391592937533049, 'sigma_update': 0.43970869761494485, 'eta_learning': 0.47602002444314917, 'sigma_boundary': 8.531515752155592, 'alpha': 0.9868054723575373}. Best is trial 47 with value: 0.043954927085657035.
[I 2026-03-04 20:27:17,724] Trial 50 finished with value: 0.0469519464093431 and parameters: {'sigma_noise': 0.35302544652202505, 'A_repulsion': 0.018216210008593497, 'gamma': 0.8629598531451086, 'sigma_update': 0.43519012316062566, 'eta_learning': 2.5681534140420337, 'sigma_boundary': 8.566280163822784, 'alpha': 0.9793468305595779}. Best is trial 47 with value: 0.043954927085657035.
[I 2026-03-04 20:28:39,847] Trial 49 finished with value: 0.055788500878366565 and parameters: {'sigma_noise': 0.334093851895714, 'A_repulsion': 0.16522635174779132, 'gamma': 0.847231900958943, 'sigma_update': 0.45042206639542703, 'eta_learning': 0.6864273092341832, 'sigma_boundary': 8.172899243471761, 'alpha': 0.984411825033379}. Best is trial 47 with value: 0.043954927085657035.
[I 2026-03-04 20:31:15,212] Trial 62 finished with value: 0.04993435667810426 and parameters: {'sigma_noise': 0.20791836722876317, 'A_repulsion': 0.16594753283058356, 'gamma': 0.8526081598640285, 'sigma_update': 0.13141369457451546, 'eta_learning': 2.5186715833088886, 'sigma_boundary': 8.590855504398888, 'alpha': 0.4548617485764997}. Best is trial 47 with value: 0.043954927085657035.
[I 2026-03-04 20:31:23,336] Trial 51 finished with value: 0.06467396463263911 and parameters: {'sigma_noise': 0.36132400077268445, 'A_repulsion': 0.17409417739962108, 'gamma': 0.8063670813399482, 'sigma_update': 0.43949830209678525, 'eta_learning': 0.022107731793074015, 'sigma_boundary': 8.58266925283645, 'alpha': 0.7903104180914959}. Best is trial 47 with value: 0.043954927085657035.
[I 2026-03-04 20:31:39,844] Trial 52 finished with value: 0.1307994084083643 and parameters: {'sigma_noise': 0.36193517142678355, 'A_repulsion': 0.16862128277109614, 'gamma': 0.8418288816212923, 'sigma_update': 0.12735267673813222, 'eta_learning': 0.6614757579793389, 'sigma_boundary': 8.289600959439985, 'alpha': 0.9784953613942635}. Best is trial 47 with value: 0.043954927085657035.
[I 2026-03-04 20:31:50,503] Trial 56 finished with value: 0.0732551861701743 and parameters: {'sigma_noise': 0.2075488437565073, 'A_repulsion': 0.3096304352350539, 'gamma': 0.8613203282573213, 'sigma_update': 0.14417271498959172, 'eta_learning': 2.5305331711387344, 'sigma_boundary': 8.734869587384754, 'alpha': 0.8188061914854947}. Best is trial 47 with value: 0.043954927085657035.
[I 2026-03-04 20:31:51,933] Trial 61 finished with value: 0.05367909037882483 and parameters: {'sigma_noise': 0.20835465817304777, 'A_repulsion': 0.1686652947462493, 'gamma': 0.8596210307288221, 'sigma_update': 0.12236576310644717, 'eta_learning': 2.493621903138906, 'sigma_boundary': 8.541302063281606, 'alpha': 0.8027600943241409}. Best is trial 47 with value: 0.043954927085657035.
[I 2026-03-04 20:32:15,526] Trial 64 finished with value: 0.06102028347588288 and parameters: {'sigma_noise': 0.21353701930537694, 'A_repulsion': 0.16507187269116427, 'gamma': 0.8837550125025343, 'sigma_update': 0.10458275424197926, 'eta_learning': 2.5383437626474215, 'sigma_boundary': 3.0302519581972005, 'alpha': 0.8246233796980142}. Best is trial 47 with value: 0.043954927085657035.
[I 2026-03-04 20:32:32,639] Trial 54 finished with value: 0.06902566280881552 and parameters: {'sigma_noise': 0.36698709651881756, 'A_repulsion': 0.17492069196440624, 'gamma': 0.8300977373670348, 'sigma_update': 0.43585522648416497, 'eta_learning': 2.5640857311030905, 'sigma_boundary': 8.537625903359501, 'alpha': 0.9854056888264316}. Best is trial 47 with value: 0.043954927085657035.
[I 2026-03-04 20:32:40,632] Trial 55 finished with value: 0.09549826198702543 and parameters: {'sigma_noise': 0.3764390697430827, 'A_repulsion': 0.16392647778111988, 'gamma': 0.8312564296110865, 'sigma_update': 0.16092274479360585, 'eta_learning': 2.4557522952379998, 'sigma_boundary': 2.922454140307816, 'alpha': 0.8066054377222901}. Best is trial 47 with value: 0.043954927085657035.
[I 2026-03-04 20:32:42,905] Trial 53 finished with value: 0.08449922193112075 and parameters: {'sigma_noise': 0.34030692365666093, 'A_repulsion': 0.1730100535454661, 'gamma': 0.854805182745047, 'sigma_update': 0.11937505244501995, 'eta_learning': 0.5977897443293897, 'sigma_boundary': 8.487065003258675, 'alpha': 0.7808751196907538}. Best is trial 47 with value: 0.043954927085657035.
[I 2026-03-04 20:33:13,472] Trial 65 finished with value: 0.042520792940799176 and parameters: {'sigma_noise': 0.20379359317831308, 'A_repulsion': 0.1754620895693546, 'gamma': 0.8470554748262724, 'sigma_update': 0.13002347203251688, 'eta_learning': 2.3993422934567397, 'sigma_boundary': 2.7758307536940796, 'alpha': 0.4493716797852494}. Best is trial 65 with value: 0.042520792940799176.
[I 2026-03-04 20:33:53,181] Trial 59 finished with value: 0.10901842130460052 and parameters: {'sigma_noise': 0.20446905120524003, 'A_repulsion': 0.4842671010421046, 'gamma': 0.8462581054552892, 'sigma_update': 0.13887055163842216, 'eta_learning': 2.488748297417114, 'sigma_boundary': 8.621138989117389, 'alpha': 0.822241542542016}. Best is trial 65 with value: 0.042520792940799176.
[I 2026-03-04 20:33:57,728] Trial 67 finished with value: 0.05888558290270357 and parameters: {'sigma_noise': 0.20534523352397, 'A_repulsion': 0.16637546155305113, 'gamma': 0.8859784646880071, 'sigma_update': 0.12606753021442105, 'eta_learning': 2.4504992382583826, 'sigma_boundary': 2.503719396662497, 'alpha': 0.8228569494207248}. Best is trial 65 with value: 0.042520792940799176.
[I 2026-03-04 20:34:07,531] Trial 60 finished with value: 0.10336562253140144 and parameters: {'sigma_noise': 0.20011483513911654, 'A_repulsion': 0.49362084989533117, 'gamma': 0.8708863725355298, 'sigma_update': 0.14531602406993407, 'eta_learning': 2.587139898250822, 'sigma_boundary': 8.418712657597798, 'alpha': 0.7776783371990297}. Best is trial 65 with value: 0.042520792940799176.
[I 2026-03-04 20:34:11,492] Trial 57 finished with value: 0.10209297672784434 and parameters: {'sigma_noise': 0.21245589883019417, 'A_repulsion': 0.4916426441588417, 'gamma': 0.8351915680608922, 'sigma_update': 0.13591123026045993, 'eta_learning': 2.497807324088807, 'sigma_boundary': 8.477655180396807, 'alpha': 0.8074410400586507}. Best is trial 65 with value: 0.042520792940799176.
[I 2026-03-04 20:34:15,462] Trial 63 finished with value: 0.11005461370827438 and parameters: {'sigma_noise': 0.21097368440388944, 'A_repulsion': 0.4913331815877422, 'gamma': 0.8596500010935284, 'sigma_update': 0.11213330886249243, 'eta_learning': 2.3977846795993734, 'sigma_boundary': 8.421764466388325, 'alpha': 0.8303501210917933}. Best is trial 65 with value: 0.042520792940799176.
[I 2026-03-04 20:34:18,510] Trial 68 finished with value: 0.05819794494566171 and parameters: {'sigma_noise': 0.20667548364494429, 'A_repulsion': 0.16740526053179966, 'gamma': 0.8434492064120012, 'sigma_update': 0.11895642669064391, 'eta_learning': 0.3915229395593314, 'sigma_boundary': 2.745931632967223, 'alpha': 0.8294948191683432}. Best is trial 65 with value: 0.042520792940799176.
[I 2026-03-04 20:35:19,440] Trial 69 finished with value: 0.026931333578495312 and parameters: {'sigma_noise': 0.20986670144135347, 'A_repulsion': 0.17206559030102217, 'gamma': 0.8917593525521613, 'sigma_update': 0.12586056177942348, 'eta_learning': 0.41159359990794225, 'sigma_boundary': 2.763678480222744, 'alpha': 0.45349349888097945}. Best is trial 69 with value: 0.026931333578495312.
[I 2026-03-04 20:36:07,259] Trial 66 finished with value: 0.21597674059134703 and parameters: {'sigma_noise': 0.20604618062291635, 'A_repulsion': 0.48388246430281096, 'gamma': 0.8680351103720149, 'sigma_update': 0.10974686462025846, 'eta_learning': 2.4413689176260025, 'sigma_boundary': 2.7666162125177975, 'alpha': 0.43495706489716884}. Best is trial 69 with value: 0.026931333578495312.
[I 2026-03-04 20:36:19,084] Trial 58 finished with value: 0.19399280974423488 and parameters: {'sigma_noise': 0.3786083975294929, 'A_repulsion': 0.48696790327422546, 'gamma': 0.8076132648383757, 'sigma_update': 0.1086320188262696, 'eta_learning': 2.533728273664921, 'sigma_boundary': 3.14012403694659, 'alpha': 0.8124000948849567}. Best is trial 69 with value: 0.026931333578495312.
[I 2026-03-04 20:37:15,826] Trial 71 finished with value: 0.02946397556154983 and parameters: {'sigma_noise': 0.21237067963874645, 'A_repulsion': 0.16103180148217808, 'gamma': 0.7945426490488772, 'sigma_update': 0.6017032047232916, 'eta_learning': 0.4271822974908808, 'sigma_boundary': 9.076819230741343, 'alpha': 0.8428042048970998}. Best is trial 69 with value: 0.026931333578495312.
[I 2026-03-04 20:38:10,395] Trial 70 finished with value: 0.1090720625088431 and parameters: {'sigma_noise': 0.3934817601645063, 'A_repulsion': 0.15771980720784082, 'gamma': 0.9128123633642763, 'sigma_update': 0.11710899997013344, 'eta_learning': 0.3946654136379971, 'sigma_boundary': 9.02181323567106, 'alpha': 0.8263798169594441}. Best is trial 69 with value: 0.026931333578495312.
[I 2026-03-04 20:43:52,917] Trial 73 finished with value: 0.03459903861500801 and parameters: {'sigma_noise': 0.21712171247956769, 'A_repulsion': 0.05839377072683173, 'gamma': 0.8899221551438175, 'sigma_update': 0.313122924597605, 'eta_learning': 0.7791541250548013, 'sigma_boundary': 2.660556745372726, 'alpha': 0.8333037612779228}. Best is trial 69 with value: 0.026931333578495312.
[I 2026-03-04 20:45:57,647] Trial 72 finished with value: 0.06846782766103861 and parameters: {'sigma_noise': 0.38904837092156114, 'A_repulsion': 0.06773409503015923, 'gamma': 0.7744624563010967, 'sigma_update': 0.5988458782709952, 'eta_learning': 0.8099501144175101, 'sigma_boundary': 9.007870859506177, 'alpha': 0.8389166003216028}. Best is trial 69 with value: 0.026931333578495312.
[I 2026-03-04 20:47:25,492] Trial 79 finished with value: 0.04759985472805093 and parameters: {'sigma_noise': 0.1592280802339567, 'A_repulsion': 0.06629606831393942, 'gamma': 0.9221612620444962, 'sigma_update': 0.6178676391026734, 'eta_learning': 2.2341752500009036, 'sigma_boundary': 9.243473883614854, 'alpha': 0.8527911098239177}. Best is trial 69 with value: 0.026931333578495312.
[I 2026-03-04 20:47:33,875] Trial 75 finished with value: 0.03479550150054028 and parameters: {'sigma_noise': 0.21880469902982747, 'A_repulsion': 0.053417148965628235, 'gamma': 0.8949861324941064, 'sigma_update': 0.30530435096469644, 'eta_learning': 2.3495071823628764, 'sigma_boundary': 8.962768575875769, 'alpha': 0.8451126638383221}. Best is trial 69 with value: 0.026931333578495312.
[I 2026-03-04 20:47:35,192] Trial 74 finished with value: 0.06068205478447705 and parameters: {'sigma_noise': 0.38221209634175957, 'A_repulsion': 0.052919493420365074, 'gamma': 0.7812507442653488, 'sigma_update': 0.49003230575814655, 'eta_learning': 0.3774731517669312, 'sigma_boundary': 9.058377041952298, 'alpha': 0.8332276743161087}. Best is trial 69 with value: 0.026931333578495312.
[I 2026-03-04 20:47:39,522] Trial 76 finished with value: 0.027614287749381367 and parameters: {'sigma_noise': 0.20157805738847337, 'A_repulsion': 0.05669199214098831, 'gamma': 0.9133749438705566, 'sigma_update': 0.6007841817931838, 'eta_learning': 2.302194233793096, 'sigma_boundary': 8.830401999536166, 'alpha': 0.8548379685442214}. Best is trial 69 with value: 0.026931333578495312.
[I 2026-03-04 20:47:45,313] Trial 81 finished with value: 0.0693562951481424 and parameters: {'sigma_noise': 0.15446442026563434, 'A_repulsion': 0.051230498342950015, 'gamma': 0.9419036443342991, 'sigma_update': 0.2989814914930118, 'eta_learning': 0.8607338466438146, 'sigma_boundary': 9.254730616344872, 'alpha': 0.8550899654652657}. Best is trial 69 with value: 0.026931333578495312.
[I 2026-03-04 20:48:02,175] Trial 80 finished with value: 0.04485134745375501 and parameters: {'sigma_noise': 0.1590414392449865, 'A_repulsion': 0.058781741672953663, 'gamma': 0.7687842253093113, 'sigma_update': 0.4989354310536388, 'eta_learning': 2.264194278622323, 'sigma_boundary': 9.119047045960318, 'alpha': 0.863498119598346}. Best is trial 69 with value: 0.026931333578495312.
[I 2026-03-04 20:48:10,529] Trial 83 finished with value: 0.05766637555201284 and parameters: {'sigma_noise': 0.14442678247940322, 'A_repulsion': 0.044591401653540835, 'gamma': 0.9334992376363364, 'sigma_update': 0.30390710451496267, 'eta_learning': 1.2343931004450486, 'sigma_boundary': 9.175576774481188, 'alpha': 0.7180421914630536}. Best is trial 69 with value: 0.026931333578495312.
