[I 2026-03-04 18:43:41,218] Trial 108 finished with value: 0.04238448447215923 and parameters: {'sigma_noise': 0.2213409904806892, 'A_repulsion': 0.4077383034937984, 'gamma': 0.6754510629677921, 'sigma_update': 0.21428961787260425, 'eta_learning': 1.5661982463477115, 'sigma_boundary': 2.18846877964171, 'alpha': 0.6605629008602405}. Best is trial 105 with value: 0.023181112197430603.
[I 2026-03-04 18:44:13,764] Trial 117 finished with value: 0.059119724946354875 and parameters: {'sigma_noise': 0.2781878354699313, 'A_repulsion': 0.13499631728177178, 'gamma': 0.8593032011058241, 'sigma_update': 0.1236731340820986, 'eta_learning': 1.5327541511816496, 'sigma_boundary': 6.02181786269635, 'alpha': 0.5269103582183698}. Best is trial 105 with value: 0.023181112197430603.
[I 2026-03-04 18:44:43,996] Trial 113 finished with value: 0.05865197463729467 and parameters: {'sigma_noise': 0.3010532773523098, 'A_repulsion': 0.22978455894992672, 'gamma': 0.8417610491828025, 'sigma_update': 0.2776527547060285, 'eta_learning': 1.5647288913151556, 'sigma_boundary': 6.049506007083206, 'alpha': 0.5317398817755132}. Best is trial 105 with value: 0.023181112197430603.
[I 2026-03-04 18:44:52,201] Trial 114 finished with value: 0.03187255758294177 and parameters: {'sigma_noise': 0.2729215884882701, 'A_repulsion': 0.22683270951902693, 'gamma': 0.856311671954824, 'sigma_update': 0.2067980395869849, 'eta_learning': 1.4705157566914653, 'sigma_boundary': 2.1765262343427825, 'alpha': 0.5219524561517334}. Best is trial 105 with value: 0.023181112197430603.
[I 2026-03-04 18:45:31,443] Trial 116 finished with value: 0.049222558856934606 and parameters: {'sigma_noise': 0.2659989879556023, 'A_repulsion': 0.22962159279443528, 'gamma': 0.8491756783061726, 'sigma_update': 0.12732945097859927, 'eta_learning': 1.0937968910097609, 'sigma_boundary': 2.1695188075332577, 'alpha': 0.5266360797918997}. Best is trial 105 with value: 0.023181112197430603.
[I 2026-03-04 18:45:34,141] Trial 115 finished with value: 0.04921532359339427 and parameters: {'sigma_noise': 0.30262624819500594, 'A_repulsion': 0.23970300484329587, 'gamma': 0.8620316642541199, 'sigma_update': 0.2772624635029484, 'eta_learning': 1.540480877448488, 'sigma_boundary': 2.9023908499663826, 'alpha': 0.5217965766525254}. Best is trial 105 with value: 0.023181112197430603.
[I 2026-03-04 18:46:04,418] Trial 118 finished with value: 0.052292707299718924 and parameters: {'sigma_noise': 0.2623772682177879, 'A_repulsion': 0.2261906117259842, 'gamma': 0.8409610116147102, 'sigma_update': 0.12462910832258481, 'eta_learning': 1.2016999300400748, 'sigma_boundary': 3.0628707029770386, 'alpha': 0.5294612338419735}. Best is trial 105 with value: 0.023181112197430603.
[I 2026-03-04 18:46:38,473] Trial 119 finished with value: 0.10233552614432243 and parameters: {'sigma_noise': 0.26299429915051686, 'A_repulsion': 0.2361522839639429, 'gamma': 0.8550066326116408, 'sigma_update': 0.05891239280885205, 'eta_learning': 1.530333422263613, 'sigma_boundary': 3.180989555789275, 'alpha': 0.7146333027040672}. Best is trial 105 with value: 0.023181112197430603.
[I 2026-03-04 18:50:26,895] Trial 120 finished with value: 0.16427278871235745 and parameters: {'sigma_noise': 0.26358536192685417, 'A_repulsion': 0.23586187883989942, 'gamma': 0.6705156048480022, 'sigma_update': 0.061605438684247685, 'eta_learning': 1.5698882044287952, 'sigma_boundary': 3.085883530105685, 'alpha': 0.524709911328825}. Best is trial 105 with value: 0.023181112197430603.
[I 2026-03-04 18:51:21,574] Trial 121 finished with value: 0.040714451313390174 and parameters: {'sigma_noise': 0.16813069606428505, 'A_repulsion': 0.23982526192055603, 'gamma': 0.8590269144766032, 'sigma_update': 0.06320801461167691, 'eta_learning': 1.5374812143122378, 'sigma_boundary': 3.046524800998511, 'alpha': 0.5267725474427987}. Best is trial 105 with value: 0.023181112197430603.
[I 2026-03-04 18:54:38,671] Trial 122 finished with value: 0.027897531699288682 and parameters: {'sigma_noise': 0.2612961199967659, 'A_repulsion': 0.23850863996779606, 'gamma': 0.8431147479605414, 'sigma_update': 0.2255294280419181, 'eta_learning': 1.2211629502584136, 'sigma_boundary': 3.071908575741735, 'alpha': 0.7213929915061164}. Best is trial 105 with value: 0.023181112197430603.
[I 2026-03-04 18:54:48,219] Trial 123 finished with value: 0.027213423981050464 and parameters: {'sigma_noise': 0.2618902527104741, 'A_repulsion': 0.23313905387535247, 'gamma': 0.8586778061412326, 'sigma_update': 0.22266210545524923, 'eta_learning': 1.5651495340408283, 'sigma_boundary': 3.1320828381104984, 'alpha': 0.736231758614537}. Best is trial 105 with value: 0.023181112197430603.
[I 2026-03-04 18:55:27,384] Trial 124 finished with value: 0.27130016469407137 and parameters: {'sigma_noise': 0.2668147889084894, 'A_repulsion': 0.23631389540319678, 'gamma': 0.8505964801788366, 'sigma_update': 0.056701226754669085, 'eta_learning': 1.208342734386867, 'sigma_boundary': 3.133329498731819, 'alpha': 0.5289212795590048}. Best is trial 105 with value: 0.023181112197430603.
[I 2026-03-04 18:56:26,376] Trial 125 finished with value: 0.06826454105289569 and parameters: {'sigma_noise': 0.26068842053672586, 'A_repulsion': 0.14057637326187494, 'gamma': 0.852688238702229, 'sigma_update': 0.06490773034379527, 'eta_learning': 1.520894066979055, 'sigma_boundary': 3.1458774082400716, 'alpha': 0.7039537786963496}. Best is trial 105 with value: 0.023181112197430603.
[I 2026-03-04 18:57:45,235] Trial 126 finished with value: 0.02254629858665426 and parameters: {'sigma_noise': 0.2752398760846881, 'A_repulsion': 0.1412735174897833, 'gamma': 0.8465192697925819, 'sigma_update': 0.22805681138106124, 'eta_learning': 1.2133212054827323, 'sigma_boundary': 3.086989840338622, 'alpha': 0.7071431767506096}. Best is trial 126 with value: 0.02254629858665426.
[I 2026-03-04 18:58:42,971] Trial 127 finished with value: 0.025735848759199376 and parameters: {'sigma_noise': 0.2715583767505554, 'A_repulsion': 0.2318450992667273, 'gamma': 0.8620325419474837, 'sigma_update': 0.23343612151348947, 'eta_learning': 1.210956403861065, 'sigma_boundary': 3.197841424584769, 'alpha': 0.7089075393752895}. Best is trial 126 with value: 0.02254629858665426.
[I 2026-03-04 18:58:47,785] Trial 128 finished with value: 0.02475598317463011 and parameters: {'sigma_noise': 0.2566443682268597, 'A_repulsion': 0.2253164102264539, 'gamma': 0.8398058204665434, 'sigma_update': 0.2320810225195019, 'eta_learning': 1.1933171898878658, 'sigma_boundary': 2.070050270587703, 'alpha': 0.6971791810194538}. Best is trial 126 with value: 0.02254629858665426.
[I 2026-03-04 18:59:05,244] Trial 129 finished with value: 0.026724918531627506 and parameters: {'sigma_noise': 0.260914012061321, 'A_repulsion': 0.23318993784982936, 'gamma': 0.849022442223717, 'sigma_update': 0.22801312227823117, 'eta_learning': 1.2137775474770627, 'sigma_boundary': 2.145985112331196, 'alpha': 0.7099957450253452}. Best is trial 126 with value: 0.02254629858665426.
[I 2026-03-04 19:00:02,375] Trial 130 finished with value: 0.025882955092146543 and parameters: {'sigma_noise': 0.26237340119324754, 'A_repulsion': 0.23172505434618265, 'gamma': 0.841687221244263, 'sigma_update': 0.22965829213437097, 'eta_learning': 1.4957889974592482, 'sigma_boundary': 3.2557590352866552, 'alpha': 0.7032773067864578}. Best is trial 126 with value: 0.02254629858665426.
[I 2026-03-04 19:00:05,860] Trial 136 finished with value: 0.027740007514291 and parameters: {'sigma_noise': 0.19721276658021689, 'A_repulsion': 0.23258707316353686, 'gamma': 0.7601768991798513, 'sigma_update': 0.2654039763813801, 'eta_learning': 2.880299665863846, 'sigma_boundary': 3.048367569497488, 'alpha': 0.7504047511444045}. Best is trial 126 with value: 0.02254629858665426.
[I 2026-03-04 19:00:43,353] Trial 137 finished with value: 0.026473519470956188 and parameters: {'sigma_noise': 0.19902942958822223, 'A_repulsion': 0.2361981962225428, 'gamma': 0.8353818151977648, 'sigma_update': 0.23857258637336798, 'eta_learning': 2.8043425892426055, 'sigma_boundary': 3.0438296782448124, 'alpha': 0.712255531669093}. Best is trial 126 with value: 0.02254629858665426.
[I 2026-03-04 19:00:47,228] Trial 131 finished with value: 0.03861020850285135 and parameters: {'sigma_noise': 0.26065633855902526, 'A_repulsion': 0.23584723011943873, 'gamma': 0.6619334502986693, 'sigma_update': 0.22557024361588787, 'eta_learning': 1.205403047913716, 'sigma_boundary': 3.1711706829076562, 'alpha': 0.6309594640751273}. Best is trial 126 with value: 0.02254629858665426.
[I 2026-03-04 19:00:52,564] Trial 132 finished with value: 0.026961683144400714 and parameters: {'sigma_noise': 0.26521012769792074, 'A_repulsion': 0.22764047999564666, 'gamma': 0.8478129579080728, 'sigma_update': 0.2280155527548074, 'eta_learning': 1.1419141166000735, 'sigma_boundary': 6.0437927252661225, 'alpha': 0.7229806589256543}. Best is trial 126 with value: 0.02254629858665426.
[I 2026-03-04 19:00:56,304] Trial 135 finished with value: 0.028763426969227786 and parameters: {'sigma_noise': 0.26367670662370946, 'A_repulsion': 0.23481344172787338, 'gamma': 0.7572571738778241, 'sigma_update': 0.24722860203568964, 'eta_learning': 1.6751824060208573, 'sigma_boundary': 3.3249286584032665, 'alpha': 0.720108458615644}. Best is trial 126 with value: 0.02254629858665426.
[I 2026-03-04 19:01:00,979] Trial 133 finished with value: 0.03764750622288636 and parameters: {'sigma_noise': 0.2621027663798527, 'A_repulsion': 0.22970993851373656, 'gamma': 0.6765461092865308, 'sigma_update': 0.23381316428632257, 'eta_learning': 1.2079380606682455, 'sigma_boundary': 6.072796402444853, 'alpha': 0.7079798067497569}. Best is trial 126 with value: 0.02254629858665426.
[I 2026-03-04 19:01:26,439] Trial 134 finished with value: 0.04049170242969696 and parameters: {'sigma_noise': 0.2754447595190506, 'A_repulsion': 0.23553269501099355, 'gamma': 0.6749995584725705, 'sigma_update': 0.229189004076984, 'eta_learning': 1.6586752661294637, 'sigma_boundary': 6.2709807942502085, 'alpha': 0.7169349711437992}. Best is trial 126 with value: 0.02254629858665426.
[I 2026-03-04 19:01:32,637] Trial 142 finished with value: 0.01763078121728836 and parameters: {'sigma_noise': 0.19976050732048126, 'A_repulsion': 0.08169188130146729, 'gamma': 0.9365473444424324, 'sigma_update': 0.2341936806939892, 'eta_learning': 1.7099234217330637, 'sigma_boundary': 3.2137287472802867, 'alpha': 0.7228275358425423}. Best is trial 142 with value: 0.01763078121728836.
[I 2026-03-04 19:01:34,749] Trial 138 finished with value: 0.026776347333548015 and parameters: {'sigma_noise': 0.20204095520722004, 'A_repulsion': 0.25137433740812126, 'gamma': 0.7556691867825133, 'sigma_update': 0.23666326161061316, 'eta_learning': 2.842733583777419, 'sigma_boundary': 4.842262609381649, 'alpha': 0.7189333630572303}. Best is trial 142 with value: 0.01763078121728836.
[I 2026-03-04 19:02:00,423] Trial 139 finished with value: 0.026453549369315526 and parameters: {'sigma_noise': 0.19964944735360368, 'A_repulsion': 0.24618616349979527, 'gamma': 0.9116749853746785, 'sigma_update': 0.23402299754711006, 'eta_learning': 1.9019715466287583, 'sigma_boundary': 3.0763128642996858, 'alpha': 0.6981398154424849}. Best is trial 142 with value: 0.01763078121728836.
[I 2026-03-04 19:02:38,850] Trial 140 finished with value: 0.02710842966933674 and parameters: {'sigma_noise': 0.20130766508068743, 'A_repulsion': 0.24971235943363188, 'gamma': 0.9115563324861122, 'sigma_update': 0.24518733393400877, 'eta_learning': 1.8777058693193178, 'sigma_boundary': 3.108258117009905, 'alpha': 0.7124047971499112}. Best is trial 142 with value: 0.01763078121728836.
[I 2026-03-04 19:03:40,787] Trial 141 finished with value: 0.03640806761651144 and parameters: {'sigma_noise': 0.25537146880502065, 'A_repulsion': 0.2672531017998943, 'gamma': 0.6781190551664789, 'sigma_update': 0.22844484546973098, 'eta_learning': 1.7158855773734074, 'sigma_boundary': 3.2081439760753225, 'alpha': 0.7114633865566787}. Best is trial 142 with value: 0.01763078121728836.
[I 2026-03-04 19:03:54,675] Trial 143 finished with value: 0.033411893339418526 and parameters: {'sigma_noise': 0.19645014505173708, 'A_repulsion': 0.2828398230130077, 'gamma': 0.9197460771761677, 'sigma_update': 0.23670261149311847, 'eta_learning': 1.670765902430317, 'sigma_boundary': 3.36569753992655, 'alpha': 0.7115470084918504}. Best is trial 142 with value: 0.01763078121728836.
[I 2026-03-04 19:07:35,099] Trial 144 finished with value: 0.02663891441214531 and parameters: {'sigma_noise': 0.20331545967102627, 'A_repulsion': 0.2541877681233252, 'gamma': 0.7584850542978876, 'sigma_update': 0.23281593535304856, 'eta_learning': 2.8246691377508313, 'sigma_boundary': 5.720640560603167, 'alpha': 0.6985366322077915}. Best is trial 142 with value: 0.01763078121728836.
[I 2026-03-04 19:08:13,568] Trial 145 finished with value: 0.020502491493286826 and parameters: {'sigma_noise': 0.20191079207977242, 'A_repulsion': 0.25598841097678154, 'gamma': 0.9140856881950148, 'sigma_update': 0.23010758132610076, 'eta_learning': 2.8277182556782394, 'sigma_boundary': 3.347959232252651, 'alpha': 0.6227681326772385}. Best is trial 142 with value: 0.01763078121728836.
[I 2026-03-04 19:12:01,625] Trial 146 finished with value: 0.022162452429042065 and parameters: {'sigma_noise': 0.20347801564518553, 'A_repulsion': 0.27480817323112766, 'gamma': 0.9103083768042977, 'sigma_update': 0.23234575432669652, 'eta_learning': 2.833766024273365, 'sigma_boundary': 4.902358738389899, 'alpha': 0.6261050882671673}. Best is trial 142 with value: 0.01763078121728836.
[I 2026-03-04 19:12:03,276] Trial 147 finished with value: 0.021769283463798923 and parameters: {'sigma_noise': 0.20454936960089323, 'A_repulsion': 0.2675207729690696, 'gamma': 0.9106505835674696, 'sigma_update': 0.3664533881731391, 'eta_learning': 1.6333498270663849, 'sigma_boundary': 1.9606768515014004, 'alpha': 0.7258726957022742}. Best is trial 142 with value: 0.01763078121728836.
[I 2026-03-04 19:12:33,026] Trial 148 finished with value: 0.027308290548514275 and parameters: {'sigma_noise': 0.1985822437500007, 'A_repulsion': 0.27570919392728827, 'gamma': 0.758378004027545, 'sigma_update': 0.23240389972444775, 'eta_learning': 1.7041705642694667, 'sigma_boundary': 3.3737129902385394, 'alpha': 0.7010776538924461}. Best is trial 142 with value: 0.01763078121728836.
[I 2026-03-04 19:14:09,652] Trial 149 finished with value: 0.03364731566176864 and parameters: {'sigma_noise': 0.27544523292710477, 'A_repulsion': 0.2743446643865223, 'gamma': 0.9089043305684278, 'sigma_update': 0.2262894603741995, 'eta_learning': 1.8998254866424231, 'sigma_boundary': 3.4361276554342566, 'alpha': 0.768362522801476}. Best is trial 142 with value: 0.01763078121728836.
[I 2026-03-04 19:14:26,686] Trial 150 finished with value: 0.03033184280785476 and parameters: {'sigma_noise': 0.19751154795158382, 'A_repulsion': 0.25392493179957154, 'gamma': 0.7561774312924837, 'sigma_update': 0.23065651157808076, 'eta_learning': 1.9216092465150487, 'sigma_boundary': 3.4126359948506035, 'alpha': 0.7691074283200995}. Best is trial 142 with value: 0.01763078121728836.
[I 2026-03-04 19:16:20,268] Trial 151 finished with value: 0.028672789877475385 and parameters: {'sigma_noise': 0.28024899945489556, 'A_repulsion': 0.26510300031024026, 'gamma': 0.9330256117443934, 'sigma_update': 0.24638210980963748, 'eta_learning': 1.699257850581951, 'sigma_boundary': 3.7222053348763575, 'alpha': 0.7550125421722155}. Best is trial 142 with value: 0.01763078121728836.
[I 2026-03-04 19:16:59,039] Trial 152 finished with value: 0.03157847792226739 and parameters: {'sigma_noise': 0.2808752660071083, 'A_repulsion': 0.25504815330464303, 'gamma': 0.9117899901297047, 'sigma_update': 0.24154027829030267, 'eta_learning': 0.8748047194648558, 'sigma_boundary': 3.739115703968369, 'alpha': 0.7794310710676832}. Best is trial 142 with value: 0.01763078121728836.
[I 2026-03-04 19:17:14,162] Trial 153 finished with value: 0.029604043417503723 and parameters: {'sigma_noise': 0.2792748836855125, 'A_repulsion': 0.2553508283746717, 'gamma': 0.9154312313094841, 'sigma_update': 0.2344064667189546, 'eta_learning': 2.8879068636517418, 'sigma_boundary': 3.3961035162933912, 'alpha': 0.7537505326572324}. Best is trial 142 with value: 0.01763078121728836.
[I 2026-03-04 19:17:40,148] Trial 155 finished with value: 0.03049530949678385 and parameters: {'sigma_noise': 0.28630112630687937, 'A_repulsion': 0.25509573652312056, 'gamma': 0.9160716882712984, 'sigma_update': 0.23378435822898833, 'eta_learning': 2.848751982754755, 'sigma_boundary': 3.374379702377302, 'alpha': 0.7569149878374375}. Best is trial 142 with value: 0.01763078121728836.
[I 2026-03-04 19:18:14,942] Trial 154 finished with value: 0.031299485311451665 and parameters: {'sigma_noise': 0.2811976466045354, 'A_repulsion': 0.254144730246836, 'gamma': 0.9020223893060126, 'sigma_update': 0.23604112938949345, 'eta_learning': 1.7362519007037556, 'sigma_boundary': 3.388202697701008, 'alpha': 0.7690941844448876}. Best is trial 142 with value: 0.01763078121728836.
[I 2026-03-04 19:18:23,561] Trial 157 finished with value: 0.03077447066106525 and parameters: {'sigma_noise': 0.284257095399448, 'A_repulsion': 0.2618151686070928, 'gamma': 0.9020680414879136, 'sigma_update': 0.23437323181616468, 'eta_learning': 2.872552219784177, 'sigma_boundary': 3.709855532100436, 'alpha': 0.7616543938242275}. Best is trial 142 with value: 0.01763078121728836.
[I 2026-03-04 19:18:31,857] Trial 160 finished with value: 0.03151829725551499 and parameters: {'sigma_noise': 0.28596258461697033, 'A_repulsion': 0.25648180755954747, 'gamma': 0.922007663029817, 'sigma_update': 0.23250413982845608, 'eta_learning': 1.7239276538676425, 'sigma_boundary': 3.4012639114875634, 'alpha': 0.7640192269520655}. Best is trial 142 with value: 0.01763078121728836.
[I 2026-03-04 19:18:35,747] Trial 164 finished with value: 0.03307124078254218 and parameters: {'sigma_noise': 0.19807416889815732, 'A_repulsion': 0.255988224626975, 'gamma': 0.9085689435941655, 'sigma_update': 0.2636604404136142, 'eta_learning': 1.8463739586748686, 'sigma_boundary': 3.786724866309844, 'alpha': 0.775923377093655}. Best is trial 142 with value: 0.01763078121728836.
[I 2026-03-04 19:18:49,346] Trial 156 finished with value: 0.027466973557592124 and parameters: {'sigma_noise': 0.28027293901753936, 'A_repulsion': 0.2578798879199314, 'gamma': 0.9066334820021402, 'sigma_update': 0.24321225159826482, 'eta_learning': 1.0979599367546211, 'sigma_boundary': 3.3875684174793537, 'alpha': 0.733762329938907}. Best is trial 142 with value: 0.01763078121728836.
[I 2026-03-04 19:18:57,394] Trial 163 finished with value: 0.028390433619426215 and parameters: {'sigma_noise': 0.28851705871167443, 'A_repulsion': 0.25860875127765565, 'gamma': 0.927665817379008, 'sigma_update': 0.26184312141845834, 'eta_learning': 1.1185976857546933, 'sigma_boundary': 3.478291622830845, 'alpha': 0.7638798857973627}. Best is trial 142 with value: 0.01763078121728836.
[I 2026-03-04 19:19:00,077] Trial 162 finished with value: 0.02876700974516836 and parameters: {'sigma_noise': 0.28778120575497484, 'A_repulsion': 0.25709884439398534, 'gamma': 0.9253765183267427, 'sigma_update': 0.261282065293287, 'eta_learning': 1.095988806047087, 'sigma_boundary': 3.8649612014591126, 'alpha': 0.7670957761456627}. Best is trial 142 with value: 0.01763078121728836.
[I 2026-03-04 19:19:07,579] Trial 158 finished with value: 0.029045253923908748 and parameters: {'sigma_noise': 0.28227762489757613, 'A_repulsion': 0.25929917411988557, 'gamma': 0.9363730769054266, 'sigma_update': 0.239604867223271, 'eta_learning': 2.83187695257255, 'sigma_boundary': 3.441805882102023, 'alpha': 0.7570759759588969}. Best is trial 142 with value: 0.01763078121728836.
[I 2026-03-04 19:19:14,264] Trial 159 finished with value: 0.03561262283240933 and parameters: {'sigma_noise': 0.3183895410712113, 'A_repulsion': 0.2540437939026949, 'gamma': 0.9206278787622126, 'sigma_update': 0.2391873242228706, 'eta_learning': 1.742527070137357, 'sigma_boundary': 3.408393997500243, 'alpha': 0.7717045996335872}. Best is trial 142 with value: 0.01763078121728836.
[I 2026-03-04 19:19:27,108] Trial 161 finished with value: 0.0302792284843745 and parameters: {'sigma_noise': 0.2897285737455193, 'A_repulsion': 0.26008085722435625, 'gamma': 0.908557207056502, 'sigma_update': 0.24530773142788048, 'eta_learning': 1.13228585921118, 'sigma_boundary': 3.4879042997358938, 'alpha': 0.7606665920470242}. Best is trial 142 with value: 0.01763078121728836.
[I 2026-03-04 19:20:18,238] Trial 165 finished with value: 0.0324778176495594 and parameters: {'sigma_noise': 0.2848874559187945, 'A_repulsion': 0.2583938357181909, 'gamma': 0.9214757685976053, 'sigma_update': 0.2429793452445666, 'eta_learning': 1.8668212868431584, 'sigma_boundary': 3.87458321987848, 'alpha': 0.7768733641815913}. Best is trial 142 with value: 0.01763078121728836.
[I 2026-03-04 19:21:27,815] Trial 166 finished with value: 0.030961626940075742 and parameters: {'sigma_noise': 0.28774018610641455, 'A_repulsion': 0.25588375847463457, 'gamma': 0.9180517559298155, 'sigma_update': 0.2425850646071734, 'eta_learning': 1.823666600488239, 'sigma_boundary': 3.7445616105738626, 'alpha': 0.7782125474903915}. Best is trial 142 with value: 0.01763078121728836.
[I 2026-03-04 19:21:35,386] Trial 167 finished with value: 0.031144346034955927 and parameters: {'sigma_noise': 0.2879548816776082, 'A_repulsion': 0.2560763990870325, 'gamma': 0.88690496341405, 'sigma_update': 0.2625494825769752, 'eta_learning': 2.0955704996027418, 'sigma_boundary': 3.772676805020904, 'alpha': 0.7837497453833508}. Best is trial 142 with value: 0.01763078121728836.
