/nfs/nhome/live/apourdehghan/Hybrid_hpc_utils.py:56: DtypeWarning: Columns (16) have mixed types. Specify dtype option on import or set low_memory=False.
  data = pd.read_csv(data_path)
[I 2026-03-04 17:14:46,068] A new study created in memory with name: no-name-162741b7-db1d-4ad5-8199-50ff9000b25d
[I 2026-03-04 17:27:51,735] Trial 6 finished with value: 0.734202516867654 and parameters: {'sigma_noise': 0.09868633247124632, 'A_repulsion': 0.1288063886228908, 'gamma': 0.932857609401483, 'sigma_update': 0.579480465334798, 'eta_learning': 1.7712948627045735, 'sigma_boundary': 6.719982050842433, 'alpha': 0.20749028408812864}. Best is trial 6 with value: 0.734202516867654.
[I 2026-03-04 17:28:23,017] Trial 10 finished with value: 0.03407583428924839 and parameters: {'sigma_noise': 0.16763479086119892, 'A_repulsion': 0.03357000006090144, 'gamma': 0.6095244550220519, 'sigma_update': 0.14627463613234154, 'eta_learning': 1.0439176654047437, 'sigma_boundary': 3.762242199936408, 'alpha': 0.922497185980766}. Best is trial 10 with value: 0.03407583428924839.
[I 2026-03-04 17:29:19,188] Trial 9 finished with value: 0.19581634835960443 and parameters: {'sigma_noise': 0.07281947493823103, 'A_repulsion': 0.42121512293882735, 'gamma': 0.07554710529072502, 'sigma_update': 0.5981119302816765, 'eta_learning': 1.805642811924415, 'sigma_boundary': 7.550263725044035, 'alpha': 0.7064244986239999}. Best is trial 10 with value: 0.03407583428924839.
[I 2026-03-04 17:29:31,900] Trial 14 finished with value: 0.9101576993741053 and parameters: {'sigma_noise': 0.1382791621741654, 'A_repulsion': 0.18621007082656033, 'gamma': 0.4350666433482509, 'sigma_update': 0.45642200623823276, 'eta_learning': 2.001396527771569, 'sigma_boundary': 5.6198532501810625, 'alpha': 0.2248351464491124}. Best is trial 10 with value: 0.03407583428924839.
[I 2026-03-04 17:29:40,361] Trial 4 finished with value: 0.2355031678294658 and parameters: {'sigma_noise': 0.2862732988111539, 'A_repulsion': 0.047421598915018626, 'gamma': 0.46001399286729594, 'sigma_update': 0.05701906653835847, 'eta_learning': 2.7925521907908095, 'sigma_boundary': 0.016439092372414213, 'alpha': 0.8504596496422433}. Best is trial 10 with value: 0.03407583428924839.
[I 2026-03-04 17:29:45,236] Trial 0 finished with value: 0.0844325051770086 and parameters: {'sigma_noise': 0.29015359148555303, 'A_repulsion': 0.03794172928524264, 'gamma': 0.2500977568928323, 'sigma_update': 0.25614365027411606, 'eta_learning': 0.11695495122748904, 'sigma_boundary': 9.958555624566314, 'alpha': 0.19664792188065883}. Best is trial 10 with value: 0.03407583428924839.
[I 2026-03-04 17:29:52,944] Trial 19 finished with value: 0.16062863501249336 and parameters: {'sigma_noise': 0.21588039686070953, 'A_repulsion': 0.11276624985144124, 'gamma': 0.2763395442378413, 'sigma_update': 0.6234328578115047, 'eta_learning': 0.06747195560192125, 'sigma_boundary': 3.1694709469311015, 'alpha': 0.9393924257825722}. Best is trial 10 with value: 0.03407583428924839.
[I 2026-03-04 17:29:56,701] Trial 18 finished with value: 0.17021735008892672 and parameters: {'sigma_noise': 0.15449691414610645, 'A_repulsion': 0.17397363820792222, 'gamma': 0.17184181298457923, 'sigma_update': 0.4554471091329494, 'eta_learning': 0.909819906822907, 'sigma_boundary': 8.432558130180574, 'alpha': 0.6478639477499106}. Best is trial 10 with value: 0.03407583428924839.
[I 2026-03-04 17:30:11,826] Trial 7 finished with value: 0.040030437772694466 and parameters: {'sigma_noise': 0.13361134171489814, 'A_repulsion': 0.24378957398306733, 'gamma': 0.7474734223906945, 'sigma_update': 0.07264322170125219, 'eta_learning': 2.4279246733222783, 'sigma_boundary': 2.5139187854464966, 'alpha': 0.566888726783084}. Best is trial 10 with value: 0.03407583428924839.
[I 2026-03-04 17:30:24,499] Trial 21 finished with value: 0.0630846483635432 and parameters: {'sigma_noise': 0.08844872475274279, 'A_repulsion': 0.41138600359250477, 'gamma': 0.715298623463175, 'sigma_update': 0.14727030169575306, 'eta_learning': 1.1424821864371155, 'sigma_boundary': 2.137546957777765, 'alpha': 0.5057514025379121}. Best is trial 10 with value: 0.03407583428924839.
[I 2026-03-04 17:31:42,945] Trial 17 finished with value: 2.209533825691293 and parameters: {'sigma_noise': 0.26484609630521977, 'A_repulsion': 0.15623943204084884, 'gamma': 0.6792843467851117, 'sigma_update': 0.21425411368262648, 'eta_learning': 2.0936124723074605, 'sigma_boundary': 9.491628914712841, 'alpha': 0.1294353032065707}. Best is trial 10 with value: 0.03407583428924839.
[I 2026-03-04 17:32:17,087] Trial 20 finished with value: 0.1434748586658379 and parameters: {'sigma_noise': 0.4181218398896861, 'A_repulsion': 0.024341306924711148, 'gamma': 0.5481972899205516, 'sigma_update': 0.23247302401995465, 'eta_learning': 1.56055881517769, 'sigma_boundary': 9.646586475274104, 'alpha': 0.7441785053626322}. Best is trial 10 with value: 0.03407583428924839.
[I 2026-03-04 17:32:17,979] Trial 2 finished with value: 0.15454195616760563 and parameters: {'sigma_noise': 0.3657195341525247, 'A_repulsion': 0.15252986545561403, 'gamma': 0.7494256686697401, 'sigma_update': 0.22450144698868782, 'eta_learning': 2.1356445700745783, 'sigma_boundary': 6.215845150983978, 'alpha': 0.5282555066953313}. Best is trial 10 with value: 0.03407583428924839.
[I 2026-03-04 17:32:26,228] Trial 15 finished with value: 0.043814242573374226 and parameters: {'sigma_noise': 0.18690287261850524, 'A_repulsion': 0.3909098488155419, 'gamma': 0.5727516617921633, 'sigma_update': 0.24651615099769592, 'eta_learning': 2.486578589612489, 'sigma_boundary': 0.7059676323058137, 'alpha': 0.5892321804850353}. Best is trial 10 with value: 0.03407583428924839.
[I 2026-03-04 17:32:26,556] Trial 23 finished with value: 1.3253997593392346 and parameters: {'sigma_noise': 0.39744843231275934, 'A_repulsion': 0.058772933499084856, 'gamma': 0.2132293936316381, 'sigma_update': 0.5454369194255673, 'eta_learning': 1.1507050486239019, 'sigma_boundary': 7.633982635414481, 'alpha': 0.29563663281990116}. Best is trial 10 with value: 0.03407583428924839.
[I 2026-03-04 17:32:35,102] Trial 22 finished with value: 0.11190553548919134 and parameters: {'sigma_noise': 0.2034478776016414, 'A_repulsion': 0.3703891270964679, 'gamma': 0.15916321851728318, 'sigma_update': 0.1360538164336922, 'eta_learning': 0.784436681418551, 'sigma_boundary': 6.847804148395079, 'alpha': 0.9492350057111436}. Best is trial 10 with value: 0.03407583428924839.
[I 2026-03-04 17:32:39,550] Trial 13 finished with value: 0.9857774526803302 and parameters: {'sigma_noise': 0.25263674349743764, 'A_repulsion': 0.2905382011486013, 'gamma': 0.8306066590185156, 'sigma_update': 0.636467462031202, 'eta_learning': 2.5309497979846527, 'sigma_boundary': 3.3504324112919717, 'alpha': 0.36262486542753125}. Best is trial 10 with value: 0.03407583428924839.
[I 2026-03-04 17:33:15,375] Trial 16 finished with value: 2.4595666595894525 and parameters: {'sigma_noise': 0.42813319780782394, 'A_repulsion': 0.10364647478887762, 'gamma': 0.8016962642898648, 'sigma_update': 0.5540633726661373, 'eta_learning': 1.1332955589652118, 'sigma_boundary': 3.096904111540027, 'alpha': 0.13750843328295648}. Best is trial 10 with value: 0.03407583428924839.
[I 2026-03-04 17:33:19,843] Trial 1 finished with value: 0.8128710101985853 and parameters: {'sigma_noise': 0.2800016806884568, 'A_repulsion': 0.3252739551936108, 'gamma': 0.03290889474871429, 'sigma_update': 0.6321901800641506, 'eta_learning': 1.6658810598667315, 'sigma_boundary': 6.854125639626103, 'alpha': 0.48586474920644795}. Best is trial 10 with value: 0.03407583428924839.
[I 2026-03-04 17:33:45,227] Trial 12 finished with value: 0.11647392767791408 and parameters: {'sigma_noise': 0.28689277645369793, 'A_repulsion': 0.3880329399380747, 'gamma': 0.19455486306643455, 'sigma_update': 0.24746041577172243, 'eta_learning': 1.7643288365124157, 'sigma_boundary': 3.3377473741199695, 'alpha': 0.9909458469711585}. Best is trial 10 with value: 0.03407583428924839.
[I 2026-03-04 17:34:05,161] Trial 8 finished with value: 0.3123911314370533 and parameters: {'sigma_noise': 0.43924160152117975, 'A_repulsion': 0.1981319824378171, 'gamma': 0.3992555382311032, 'sigma_update': 0.2568567782278957, 'eta_learning': 0.05977540897231425, 'sigma_boundary': 2.249433699624993, 'alpha': 0.15079692981173098}. Best is trial 10 with value: 0.03407583428924839.
[I 2026-03-04 17:34:07,030] Trial 5 finished with value: 2.6443807934671515 and parameters: {'sigma_noise': 0.35996026464386, 'A_repulsion': 0.26364693815715357, 'gamma': 0.6517202880397371, 'sigma_update': 0.06575997538833407, 'eta_learning': 0.8723562646701374, 'sigma_boundary': 6.050305976076145, 'alpha': 0.18535323218604471}. Best is trial 10 with value: 0.03407583428924839.
[I 2026-03-04 17:34:25,589] Trial 11 finished with value: 0.15330789503181078 and parameters: {'sigma_noise': 0.37184776310842815, 'A_repulsion': 0.3172296108008963, 'gamma': 0.2220454269372018, 'sigma_update': 0.328590853668481, 'eta_learning': 2.5721311698441545, 'sigma_boundary': 1.0913273633206462, 'alpha': 0.6484428434299252}. Best is trial 10 with value: 0.03407583428924839.
[I 2026-03-04 17:35:00,280] Trial 3 finished with value: 2.69988119360041 and parameters: {'sigma_noise': 0.3911097484486864, 'A_repulsion': 0.3581194954069872, 'gamma': 0.12294037429961262, 'sigma_update': 0.12143064986766146, 'eta_learning': 1.4387028867242426, 'sigma_boundary': 0.5204305816269945, 'alpha': 0.012877369968711583}. Best is trial 10 with value: 0.03407583428924839.
[I 2026-03-04 17:42:00,202] Trial 24 finished with value: 0.07800509847148843 and parameters: {'sigma_noise': 0.14222720631465624, 'A_repulsion': 0.04510074736747133, 'gamma': 0.10884409279917022, 'sigma_update': 0.2591787620786427, 'eta_learning': 0.6844899704292908, 'sigma_boundary': 1.9723674126581519, 'alpha': 0.5234270662011541}. Best is trial 10 with value: 0.03407583428924839.
[I 2026-03-04 17:42:27,291] Trial 31 finished with value: 0.07165910624118557 and parameters: {'sigma_noise': 0.06693402468013875, 'A_repulsion': 0.11582004879140595, 'gamma': 0.5655989100372101, 'sigma_update': 0.6227496240427676, 'eta_learning': 0.07398800349312214, 'sigma_boundary': 0.8956702315723477, 'alpha': 0.7546274282351212}. Best is trial 10 with value: 0.03407583428924839.
[I 2026-03-04 17:43:21,198] Trial 29 finished with value: 0.12750898845208172 and parameters: {'sigma_noise': 0.11622018244955466, 'A_repulsion': 0.11580235103679809, 'gamma': 0.213101244768195, 'sigma_update': 0.47646188770817255, 'eta_learning': 0.717881852449186, 'sigma_boundary': 0.35065495920198686, 'alpha': 0.1919949317019648}. Best is trial 10 with value: 0.03407583428924839.
[I 2026-03-04 17:45:00,735] Trial 30 finished with value: 0.11222701165117556 and parameters: {'sigma_noise': 0.05930961427893862, 'A_repulsion': 0.42821528927159364, 'gamma': 0.07983391151914865, 'sigma_update': 0.44415872602754985, 'eta_learning': 0.3024212258831553, 'sigma_boundary': 2.8698040767080224, 'alpha': 0.4446063211459559}. Best is trial 10 with value: 0.03407583428924839.
[I 2026-03-04 17:48:02,049] Trial 25 finished with value: 0.5926219650354452 and parameters: {'sigma_noise': 0.2976572624286087, 'A_repulsion': 0.36370861462743614, 'gamma': 0.6139898906486395, 'sigma_update': 0.585509583847573, 'eta_learning': 2.6513614992264722, 'sigma_boundary': 0.8340835688328155, 'alpha': 0.42774088007649225}. Best is trial 10 with value: 0.03407583428924839.
[I 2026-03-04 17:48:03,012] Trial 40 finished with value: 0.21418105995370323 and parameters: {'sigma_noise': 0.13467346495718108, 'A_repulsion': 0.25864929053190927, 'gamma': 0.9389607649297844, 'sigma_update': 0.03567332656871697, 'eta_learning': 0.5445423768419717, 'sigma_boundary': 4.449075146700944, 'alpha': 0.38400423134154116}. Best is trial 10 with value: 0.03407583428924839.
[I 2026-03-04 17:48:19,472] Trial 32 finished with value: 0.1630290501520653 and parameters: {'sigma_noise': 0.3832611194487244, 'A_repulsion': 0.0767840447884286, 'gamma': 0.6407712240423877, 'sigma_update': 0.4942768185194743, 'eta_learning': 0.18847610724340783, 'sigma_boundary': 0.33245223250955175, 'alpha': 0.37749482157032}. Best is trial 10 with value: 0.03407583428924839.
[I 2026-03-04 17:48:26,781] Trial 27 finished with value: 0.26509126369159564 and parameters: {'sigma_noise': 0.40776698598156086, 'A_repulsion': 0.15409375280279602, 'gamma': 0.2203911719804011, 'sigma_update': 0.41485302116423156, 'eta_learning': 2.1857298800800726, 'sigma_boundary': 8.166984423758025, 'alpha': 0.6822020284133717}. Best is trial 10 with value: 0.03407583428924839.
[I 2026-03-04 17:48:48,923] Trial 38 finished with value: 0.5298740544825661 and parameters: {'sigma_noise': 0.14172392116978602, 'A_repulsion': 0.30363239643983797, 'gamma': 0.8955440464433515, 'sigma_update': 0.02424128288301198, 'eta_learning': 0.6508363694111273, 'sigma_boundary': 3.5016897501396054, 'alpha': 0.39502727644281177}. Best is trial 10 with value: 0.03407583428924839.
[I 2026-03-04 17:49:08,638] Trial 43 finished with value: 1.2737492005272355 and parameters: {'sigma_noise': 0.12873179340058777, 'A_repulsion': 0.26716125627468784, 'gamma': 0.9671231228535575, 'sigma_update': 0.011975368261584768, 'eta_learning': 0.4614218987906109, 'sigma_boundary': 4.309002121129343, 'alpha': 0.0025533326113890142}. Best is trial 10 with value: 0.03407583428924839.
[I 2026-03-04 17:49:09,149] Trial 39 finished with value: 2.4732542487843663 and parameters: {'sigma_noise': 0.13720337805801044, 'A_repulsion': 0.3001395586086311, 'gamma': 0.8891611230420723, 'sigma_update': 0.03287375325584478, 'eta_learning': 2.9115209121756607, 'sigma_boundary': 4.2796051434183155, 'alpha': 0.00134374129180298}. Best is trial 10 with value: 0.03407583428924839.
[I 2026-03-04 17:49:23,152] Trial 36 finished with value: 1.6286182654440877 and parameters: {'sigma_noise': 0.18630653351007814, 'A_repulsion': 0.2841720735473053, 'gamma': 0.9704613317859161, 'sigma_update': 0.02707184223215587, 'eta_learning': 2.963619442555958, 'sigma_boundary': 3.905892937160043, 'alpha': 0.37286365484100775}. Best is trial 10 with value: 0.03407583428924839.
[I 2026-03-04 17:50:11,938] Trial 26 finished with value: 2.699935052408481 and parameters: {'sigma_noise': 0.41143568172390416, 'A_repulsion': 0.3339252174316639, 'gamma': 0.3121094222189244, 'sigma_update': 0.30752534967495815, 'eta_learning': 1.83995881179043, 'sigma_boundary': 7.107249663943181, 'alpha': 0.03064686748600498}. Best is trial 10 with value: 0.03407583428924839.
[I 2026-03-04 17:50:34,252] Trial 37 finished with value: 0.8987528969290783 and parameters: {'sigma_noise': 0.21510382252922555, 'A_repulsion': 0.29475901093417844, 'gamma': 0.8798140128173961, 'sigma_update': 0.04233747190157042, 'eta_learning': 0.8635295773526858, 'sigma_boundary': 3.972814146126672, 'alpha': 0.38591814109738687}. Best is trial 10 with value: 0.03407583428924839.
[I 2026-03-04 17:50:43,243] Trial 35 finished with value: 1.7494745807623753 and parameters: {'sigma_noise': 0.19678839919673619, 'A_repulsion': 0.3106012616578647, 'gamma': 0.902140993464498, 'sigma_update': 0.010718106882998714, 'eta_learning': 2.97295458806246, 'sigma_boundary': 3.567057458666786, 'alpha': 0.43657075080266194}. Best is trial 10 with value: 0.03407583428924839.
[I 2026-03-04 17:50:43,885] Trial 28 finished with value: 1.6408365991182343 and parameters: {'sigma_noise': 0.42884806888615407, 'A_repulsion': 0.3125410990716664, 'gamma': 0.1979573688645571, 'sigma_update': 0.1849826925704868, 'eta_learning': 0.77681030047353, 'sigma_boundary': 3.7418235558107336, 'alpha': 0.3246471244334619}. Best is trial 10 with value: 0.03407583428924839.
[I 2026-03-04 17:51:00,020] Trial 46 finished with value: 1.74923634489483 and parameters: {'sigma_noise': 0.16381954664865284, 'A_repulsion': 0.2425182862037835, 'gamma': 0.5804226113233311, 'sigma_update': 0.12646799564589087, 'eta_learning': 2.483620623295545, 'sigma_boundary': 0.10642414006777612, 'alpha': 0.03599474037568434}. Best is trial 10 with value: 0.03407583428924839.
[I 2026-03-04 17:51:16,945] Trial 33 finished with value: 2.699988699918306 and parameters: {'sigma_noise': 0.4100571603663167, 'A_repulsion': 0.32946438196206984, 'gamma': 0.6459415526294805, 'sigma_update': 0.25062074334323137, 'eta_learning': 0.6210775584061133, 'sigma_boundary': 4.364248620092321, 'alpha': 0.008531125652207483}. Best is trial 10 with value: 0.03407583428924839.
[I 2026-03-04 17:51:24,443] Trial 42 finished with value: 2.5264469757393453 and parameters: {'sigma_noise': 0.13451068623453588, 'A_repulsion': 0.47616709526707046, 'gamma': 0.37646452667026775, 'sigma_update': 0.07378326733355108, 'eta_learning': 0.6600704035108578, 'sigma_boundary': 4.781620345601885, 'alpha': 0.026899429677699538}. Best is trial 10 with value: 0.03407583428924839.
[I 2026-03-04 17:51:38,379] Trial 41 finished with value: 0.15283260661215908 and parameters: {'sigma_noise': 0.13982383795130482, 'A_repulsion': 0.49340078872830484, 'gamma': 0.997797379561535, 'sigma_update': 0.019652550064805735, 'eta_learning': 0.5349870208436404, 'sigma_boundary': 4.680030833234704, 'alpha': 0.8127762987822186}. Best is trial 10 with value: 0.03407583428924839.
[I 2026-03-04 17:52:14,950] Trial 45 finished with value: 0.049428229571647345 and parameters: {'sigma_noise': 0.16045752448844558, 'A_repulsion': 0.46423104505293467, 'gamma': 0.5717691860124432, 'sigma_update': 0.34208964777750195, 'eta_learning': 2.4521010112567936, 'sigma_boundary': 0.23351386837973748, 'alpha': 0.6013414382563765}. Best is trial 10 with value: 0.03407583428924839.
[I 2026-03-04 17:52:30,761] Trial 44 finished with value: 0.2810772583411003 and parameters: {'sigma_noise': 0.1572895797208494, 'A_repulsion': 0.4844157308099129, 'gamma': 0.5975656863563811, 'sigma_update': 0.03302706935529967, 'eta_learning': 2.96131558948683, 'sigma_boundary': 0.7421631066551755, 'alpha': 0.5995574741964622}. Best is trial 10 with value: 0.03407583428924839.
[I 2026-03-04 17:53:09,051] Trial 34 finished with value: 1.5480042436832502 and parameters: {'sigma_noise': 0.4324823632253356, 'A_repulsion': 0.3120639362453218, 'gamma': 0.7421932273046845, 'sigma_update': 0.04160207121154785, 'eta_learning': 0.8121561975526834, 'sigma_boundary': 3.626806364482851, 'alpha': 0.42443108506051863}. Best is trial 10 with value: 0.03407583428924839.
[I 2026-03-04 17:53:39,425] Trial 47 finished with value: 0.6676500539124991 and parameters: {'sigma_noise': 0.14862122049868476, 'A_repulsion': 0.47764575795857617, 'gamma': 0.5765017709580987, 'sigma_update': 0.01780626903085003, 'eta_learning': 2.9977734895804597, 'sigma_boundary': 4.635731396895377, 'alpha': 0.8469938098096204}. Best is trial 10 with value: 0.03407583428924839.
[I 2026-03-04 17:59:52,314] Trial 50 finished with value: 0.27856747896013934 and parameters: {'sigma_noise': 0.17750123398943182, 'A_repulsion': 0.22672490132234466, 'gamma': 0.34700118955076964, 'sigma_update': 0.035519934241060994, 'eta_learning': 2.3503376485825402, 'sigma_boundary': 4.396496812715332, 'alpha': 0.4072648428751414}. Best is trial 10 with value: 0.03407583428924839.
[I 2026-03-04 18:01:04,355] Trial 49 finished with value: 0.06639187366214777 and parameters: {'sigma_noise': 0.19407429836052548, 'A_repulsion': 0.48999009164731155, 'gamma': 0.605742740078971, 'sigma_update': 0.3382598883388462, 'eta_learning': 2.427731610602053, 'sigma_boundary': 4.292793654855205, 'alpha': 0.8414111567721775}. Best is trial 10 with value: 0.03407583428924839.
[I 2026-03-04 18:01:34,175] Trial 48 finished with value: 0.6213132932425285 and parameters: {'sigma_noise': 0.1792119332460734, 'A_repulsion': 0.46786536085071406, 'gamma': 0.5732019981725588, 'sigma_update': 0.01969316388270853, 'eta_learning': 2.9940437409971645, 'sigma_boundary': 4.136344355152217, 'alpha': 0.8190607608423776}. Best is trial 10 with value: 0.03407583428924839.
[I 2026-03-04 18:02:46,495] Trial 66 finished with value: 0.053389104113662524 and parameters: {'sigma_noise': 0.08999099374315767, 'A_repulsion': 0.008155888566583926, 'gamma': 0.739886391551783, 'sigma_update': 0.1623272872727357, 'eta_learning': 1.3176002218102754, 'sigma_boundary': 1.4798284617571413, 'alpha': 0.5780907666610646}. Best is trial 10 with value: 0.03407583428924839.
[I 2026-03-04 18:03:47,646] Trial 51 finished with value: 0.06823132493207203 and parameters: {'sigma_noise': 0.18527762421182264, 'A_repulsion': 0.49091880176684644, 'gamma': 0.6035212192974814, 'sigma_update': 0.34376291192838965, 'eta_learning': 2.8981345183054286, 'sigma_boundary': 4.225590050549291, 'alpha': 0.8450361991409022}. Best is trial 10 with value: 0.03407583428924839.
[I 2026-03-04 18:05:00,790] Trial 53 finished with value: 0.030628649738916127 and parameters: {'sigma_noise': 0.19114502961741622, 'A_repulsion': 0.2104189438527313, 'gamma': 0.8534089346973515, 'sigma_update': 0.341160106074367, 'eta_learning': 2.9986524526466307, 'sigma_boundary': 4.301842482061242, 'alpha': 0.5971358728198628}. Best is trial 53 with value: 0.030628649738916127.
[I 2026-03-04 18:05:05,531] Trial 55 finished with value: 0.027477917168005028 and parameters: {'sigma_noise': 0.17436250367094364, 'A_repulsion': 0.22773890867637314, 'gamma': 0.7298521161041902, 'sigma_update': 0.15874413553537792, 'eta_learning': 1.2319181127782772, 'sigma_boundary': 4.44994610173795, 'alpha': 0.5449059186801049}. Best is trial 55 with value: 0.027477917168005028.
[I 2026-03-04 18:06:13,112] Trial 67 finished with value: 0.06017509436800095 and parameters: {'sigma_noise': 0.08506195856208233, 'A_repulsion': 0.21432636043155318, 'gamma': 0.7079898106353076, 'sigma_update': 0.16093224533702086, 'eta_learning': 1.335679976609615, 'sigma_boundary': 1.7766571265397784, 'alpha': 0.5715968063227993}. Best is trial 55 with value: 0.027477917168005028.
