[I 2026-03-04 19:59:23,000] Trial 195 finished with value: 0.01502331555787897 and parameters: {'sigma_noise': 0.2184107579324572, 'A_repulsion': 0.030891080428492555, 'gamma': 0.9531256123571347, 'sigma_update': 0.45329633307986866, 'eta_learning': 1.07086291743562, 'sigma_boundary': 8.206359259099047, 'alpha': 0.8428943805281648}. Best is trial 182 with value: 0.012265585342065548.
[I 2026-03-04 19:59:32,970] Trial 193 finished with value: 0.025693451465790513 and parameters: {'sigma_noise': 0.3301531164838735, 'A_repulsion': 0.030855978087122184, 'gamma': 0.9352658644775173, 'sigma_update': 0.37428812424860586, 'eta_learning': 1.0201452636067958, 'sigma_boundary': 9.710418360873918, 'alpha': 0.7798345894893253}. Best is trial 182 with value: 0.012265585342065548.
[I 2026-03-04 19:59:34,611] Trial 196 finished with value: 0.014914418236367405 and parameters: {'sigma_noise': 0.22047241481419463, 'A_repulsion': 0.049212457903546114, 'gamma': 0.9417480140704753, 'sigma_update': 0.4535556934224958, 'eta_learning': 0.982578885347015, 'sigma_boundary': 9.797527158046774, 'alpha': 0.8460906269679319}. Best is trial 182 with value: 0.012265585342065548.
[I 2026-03-04 19:59:46,614] Trial 199 finished with value: 0.013582479581388422 and parameters: {'sigma_noise': 0.2224737252352533, 'A_repulsion': 0.04933653299823432, 'gamma': 0.9394112685453835, 'sigma_update': 0.5567373494911101, 'eta_learning': 0.9766521821491492, 'sigma_boundary': 8.186340178863217, 'alpha': 0.8411249769670809}. Best is trial 182 with value: 0.012265585342065548.
[I 2026-03-04 19:59:54,698] Trial 197 finished with value: 0.027908883096688892 and parameters: {'sigma_noise': 0.21890205910484756, 'A_repulsion': 0.25891539312967216, 'gamma': 0.9392485711973048, 'sigma_update': 0.45685809350913736, 'eta_learning': 1.1378191367813206, 'sigma_boundary': 9.728870380025622, 'alpha': 0.8426225195514583}. Best is trial 182 with value: 0.012265585342065548.
[I 2026-03-04 19:59:55,274] Trial 198 finished with value: 0.023997115628622397 and parameters: {'sigma_noise': 0.22118452325745458, 'A_repulsion': 0.2710372654255029, 'gamma': 0.9354349601183523, 'sigma_update': 0.5167168215210388, 'eta_learning': 1.0132173220548666, 'sigma_boundary': 9.755768370484214, 'alpha': 0.8453912255509196}. Best is trial 182 with value: 0.012265585342065548.
