[I 2026-03-04 19:25:52,893] Trial 168 finished with value: 0.026239663849404217 and parameters: {'sigma_noise': 0.2524827121239604, 'A_repulsion': 0.2543735996329775, 'gamma': 0.9083806482880894, 'sigma_update': 0.26349837558740763, 'eta_learning': 1.852706396214239, 'sigma_boundary': 3.5751364922531987, 'alpha': 0.7775767984584869}. Best is trial 142 with value: 0.01763078121728836.
[I 2026-03-04 19:26:03,957] Trial 169 finished with value: 0.027477562315570546 and parameters: {'sigma_noise': 0.2872803365969274, 'A_repulsion': 0.25311421718540034, 'gamma': 0.9410290564979743, 'sigma_update': 0.2631892110520996, 'eta_learning': 1.8988825688814719, 'sigma_boundary': 3.8858243042715435, 'alpha': 0.7767223293173647}. Best is trial 142 with value: 0.01763078121728836.
[I 2026-03-04 19:29:38,526] Trial 172 finished with value: 0.03303708688938921 and parameters: {'sigma_noise': 0.1908464848662024, 'A_repulsion': 0.2510441038362435, 'gamma': 0.9455324726976158, 'sigma_update': 0.2641707682986652, 'eta_learning': 2.577714986131531, 'sigma_boundary': 3.842219717395218, 'alpha': 0.778846212919974}. Best is trial 142 with value: 0.01763078121728836.
[I 2026-03-04 19:30:29,178] Trial 171 finished with value: 0.02845998439622258 and parameters: {'sigma_noise': 0.28613591184702936, 'A_repulsion': 0.2581595572001469, 'gamma': 0.9425903820722319, 'sigma_update': 0.26731925074843577, 'eta_learning': 2.5935397355586756, 'sigma_boundary': 4.941229900459427, 'alpha': 0.7863037122295379}. Best is trial 142 with value: 0.01763078121728836.
[I 2026-03-04 19:30:38,261] Trial 174 finished with value: 0.019005202247534603 and parameters: {'sigma_noise': 0.21876078845716934, 'A_repulsion': 0.09795078707223115, 'gamma': 0.9375797422085024, 'sigma_update': 0.3666050501575089, 'eta_learning': 1.119915223597833, 'sigma_boundary': 4.9291359928695115, 'alpha': 0.6869081243341303}. Best is trial 142 with value: 0.01763078121728836.
[I 2026-03-04 19:31:05,003] Trial 170 finished with value: 0.028805111530939412 and parameters: {'sigma_noise': 0.28177793346808144, 'A_repulsion': 0.2551478937558091, 'gamma': 0.883734489418609, 'sigma_update': 0.25632726909345027, 'eta_learning': 2.8279729621154903, 'sigma_boundary': 7.143747183317085, 'alpha': 0.7731945146183891}. Best is trial 142 with value: 0.01763078121728836.
[I 2026-03-04 19:32:04,720] Trial 173 finished with value: 0.024885737871202258 and parameters: {'sigma_noise': 0.21551606412056928, 'A_repulsion': 0.2571406870894655, 'gamma': 0.9332367239452918, 'sigma_update': 0.31659461474358536, 'eta_learning': 2.100746064097213, 'sigma_boundary': 3.760444630434951, 'alpha': 0.780545515392635}. Best is trial 142 with value: 0.01763078121728836.
[I 2026-03-04 19:32:30,986] Trial 175 finished with value: 0.016042489229223994 and parameters: {'sigma_noise': 0.21902076383812297, 'A_repulsion': 0.09486534788580304, 'gamma': 0.884718989890395, 'sigma_update': 0.26226287809232673, 'eta_learning': 1.1206119176967093, 'sigma_boundary': 5.048338636514781, 'alpha': 0.6889995610457319}. Best is trial 175 with value: 0.016042489229223994.
[I 2026-03-04 19:33:13,913] Trial 176 finished with value: 0.019843071818158142 and parameters: {'sigma_noise': 0.21562182888135267, 'A_repulsion': 0.08088844029059675, 'gamma': 0.8833315717874193, 'sigma_update': 0.39430672145222784, 'eta_learning': 1.1357535331736066, 'sigma_boundary': 1.931801548102535, 'alpha': 0.6880947586681561}. Best is trial 175 with value: 0.016042489229223994.
[I 2026-03-04 19:33:40,983] Trial 178 finished with value: 0.019635581038742522 and parameters: {'sigma_noise': 0.21709007295239466, 'A_repulsion': 0.08787685191890936, 'gamma': 0.8844440304246847, 'sigma_update': 0.37524207891679073, 'eta_learning': 1.7937905170847577, 'sigma_boundary': 1.935004432078994, 'alpha': 0.6818211244447056}. Best is trial 175 with value: 0.016042489229223994.
[I 2026-03-04 19:34:29,367] Trial 177 finished with value: 0.019387965519341986 and parameters: {'sigma_noise': 0.21747821090441694, 'A_repulsion': 0.21525624490694042, 'gamma': 0.8832440611750505, 'sigma_update': 0.38101834649828725, 'eta_learning': 2.8324786404645583, 'sigma_boundary': 4.893347617745583, 'alpha': 0.6804510648444917}. Best is trial 175 with value: 0.016042489229223994.
[I 2026-03-04 19:34:42,785] Trial 179 finished with value: 0.022477404517413285 and parameters: {'sigma_noise': 0.2519477752514614, 'A_repulsion': 0.10106660440511699, 'gamma': 0.8817101311289323, 'sigma_update': 0.3699064523800279, 'eta_learning': 1.1045244035450172, 'sigma_boundary': 4.949051904260466, 'alpha': 0.6818041361198985}. Best is trial 175 with value: 0.016042489229223994.
[I 2026-03-04 19:35:05,699] Trial 188 finished with value: 0.015061460112593279 and parameters: {'sigma_noise': 0.21739964048034968, 'A_repulsion': 0.08529259892911387, 'gamma': 0.957452988996752, 'sigma_update': 0.28289550101045446, 'eta_learning': 2.0140964281880547, 'sigma_boundary': 4.9487966027865795, 'alpha': 0.68019011711036}. Best is trial 188 with value: 0.015061460112593279.
[I 2026-03-04 19:35:08,545] Trial 187 finished with value: 0.01770044189969429 and parameters: {'sigma_noise': 0.21786106967109048, 'A_repulsion': 0.10456982168743106, 'gamma': 0.8818082462662793, 'sigma_update': 0.272556046751278, 'eta_learning': 2.5794287918439474, 'sigma_boundary': 6.5790334619473585, 'alpha': 0.6758669164454494}. Best is trial 188 with value: 0.015061460112593279.
[I 2026-03-04 19:35:14,360] Trial 185 finished with value: 0.01862576308150309 and parameters: {'sigma_noise': 0.21550464064649633, 'A_repulsion': 0.09331587721378644, 'gamma': 0.9520837927239932, 'sigma_update': 0.3937800227461715, 'eta_learning': 2.022468058788352, 'sigma_boundary': 1.971066243747183, 'alpha': 0.6849473174359829}. Best is trial 188 with value: 0.015061460112593279.
[I 2026-03-04 19:35:18,428] Trial 180 finished with value: 0.014948007547022624 and parameters: {'sigma_noise': 0.21873897543377865, 'A_repulsion': 0.21848594565209373, 'gamma': 0.9543176290434282, 'sigma_update': 0.3674524790356768, 'eta_learning': 1.10470273000066, 'sigma_boundary': 4.81818611735102, 'alpha': 0.6793855114322599}. Best is trial 180 with value: 0.014948007547022624.
[I 2026-03-04 19:35:24,828] Trial 184 finished with value: 0.014664557779603737 and parameters: {'sigma_noise': 0.21931305836984766, 'A_repulsion': 0.15934432778644872, 'gamma': 0.948706494321288, 'sigma_update': 0.31585307486284114, 'eta_learning': 2.091008833939742, 'sigma_boundary': 5.698017830883018, 'alpha': 0.6835227789076742}. Best is trial 184 with value: 0.014664557779603737.
[I 2026-03-04 19:35:30,056] Trial 186 finished with value: 0.019789966907395977 and parameters: {'sigma_noise': 0.2518809667119029, 'A_repulsion': 0.08157590977192125, 'gamma': 0.9921151949451187, 'sigma_update': 0.39729757236631075, 'eta_learning': 2.0641045452339073, 'sigma_boundary': 1.9269930770979438, 'alpha': 0.6783042095328654}. Best is trial 184 with value: 0.014664557779603737.
[I 2026-03-04 19:35:33,051] Trial 189 finished with value: 0.027025179318224166 and parameters: {'sigma_noise': 0.21624238676521626, 'A_repulsion': 0.0576740584116537, 'gamma': 0.8813548138549707, 'sigma_update': 0.3909886487995163, 'eta_learning': 1.4370787365682087, 'sigma_boundary': 4.820955111339165, 'alpha': 0.6930905560059596}. Best is trial 184 with value: 0.014664557779603737.
[I 2026-03-04 19:35:44,187] Trial 183 finished with value: 0.015260340705788111 and parameters: {'sigma_noise': 0.21687792140026618, 'A_repulsion': 0.21509005041214058, 'gamma': 0.9493095619818264, 'sigma_update': 0.3922108080498508, 'eta_learning': 2.777562478929531, 'sigma_boundary': 6.788954573847882, 'alpha': 0.689480929948442}. Best is trial 184 with value: 0.014664557779603737.
[I 2026-03-04 19:35:48,018] Trial 182 finished with value: 0.01330367654620664 and parameters: {'sigma_noise': 0.25098179329503556, 'A_repulsion': 0.16103592650648685, 'gamma': 0.9592555745642145, 'sigma_update': 0.2603983616887361, 'eta_learning': 1.1079615131527598, 'sigma_boundary': 1.9468664319695363, 'alpha': 0.6756335355672968}. Best is trial 182 with value: 0.01330367654620664.
[I 2026-03-04 19:36:20,398] Trial 181 finished with value: 0.024730148201752157 and parameters: {'sigma_noise': 0.3213034595360743, 'A_repulsion': 0.21190473351272932, 'gamma': 0.9525322056164988, 'sigma_update': 0.26386856833166006, 'eta_learning': 1.117289814162091, 'sigma_boundary': 4.88727190038635, 'alpha': 0.6839804520667438}. Best is trial 182 with value: 0.01330367654620664.
[I 2026-03-04 19:36:38,548] Trial 191 finished with value: 0.016834383003699917 and parameters: {'sigma_noise': 0.2177370292866413, 'A_repulsion': 0.1592904609087986, 'gamma': 0.9880897606313495, 'sigma_update': 0.3837182751626688, 'eta_learning': 2.0207733990583705, 'sigma_boundary': 4.894201540713747, 'alpha': 0.6813942142621698}. Best is trial 182 with value: 0.01330367654620664.
[I 2026-03-04 19:37:07,035] Trial 190 finished with value: 0.021703188615279714 and parameters: {'sigma_noise': 0.21729571910360718, 'A_repulsion': 0.2160889105453496, 'gamma': 0.9556471285744613, 'sigma_update': 0.18199237998720913, 'eta_learning': 1.9946877795255, 'sigma_boundary': 4.956656839429222, 'alpha': 0.6865604824356014}. Best is trial 182 with value: 0.01330367654620664.
[I 2026-03-04 19:38:09,224] Trial 192 finished with value: 0.02487897125008738 and parameters: {'sigma_noise': 0.2148389647795387, 'A_repulsion': 0.06625421881385629, 'gamma': 0.9916399372993505, 'sigma_update': 0.41125501711508283, 'eta_learning': 2.559170464635343, 'sigma_boundary': 5.6555009183227165, 'alpha': 0.6879176897489018}. Best is trial 182 with value: 0.01330367654620664.
[I 2026-03-04 19:38:53,410] Trial 193 finished with value: 0.013646381249835207 and parameters: {'sigma_noise': 0.21785503332190917, 'A_repulsion': 0.2961852649805154, 'gamma': 0.9894895155543205, 'sigma_update': 0.3846366902665637, 'eta_learning': 1.4099001531627195, 'sigma_boundary': 6.684527120252259, 'alpha': 0.6828751891872826}. Best is trial 182 with value: 0.01330367654620664.
[I 2026-03-04 19:39:13,808] Trial 194 finished with value: 0.028895473242206794 and parameters: {'sigma_noise': 0.2505058928307368, 'A_repulsion': 0.06904447282870421, 'gamma': 0.8817591111439359, 'sigma_update': 0.403413688116311, 'eta_learning': 1.960449479544228, 'sigma_boundary': 5.042070302726274, 'alpha': 0.6843367388166298}. Best is trial 182 with value: 0.01330367654620664.
[I 2026-03-04 19:39:22,391] Trial 196 finished with value: 0.01897553588837561 and parameters: {'sigma_noise': 0.2176954022955514, 'A_repulsion': 0.0974288907546717, 'gamma': 0.9955890609411873, 'sigma_update': 0.3921477491563689, 'eta_learning': 2.772419106182568, 'sigma_boundary': 1.9451185958402024, 'alpha': 0.6772646126948854}. Best is trial 182 with value: 0.01330367654620664.
[I 2026-03-04 19:39:30,572] Trial 197 finished with value: 0.01636134590810274 and parameters: {'sigma_noise': 0.21761264531144853, 'A_repulsion': 0.09248275501074428, 'gamma': 0.9644698138376092, 'sigma_update': 0.3687135266917348, 'eta_learning': 2.001807627621951, 'sigma_boundary': 1.9257560876488737, 'alpha': 0.6819470547913993}. Best is trial 182 with value: 0.01330367654620664.
[I 2026-03-04 19:39:31,969] Trial 198 finished with value: 0.015314005656397255 and parameters: {'sigma_noise': 0.21836821540506415, 'A_repulsion': 0.07849423660281965, 'gamma': 0.9811597635318238, 'sigma_update': 0.30370651785998176, 'eta_learning': 1.4475105564953776, 'sigma_boundary': 5.118144297919268, 'alpha': 0.6839824911011376}. Best is trial 182 with value: 0.01330367654620664.
[I 2026-03-04 19:39:32,777] Trial 199 finished with value: 0.016407056437252647 and parameters: {'sigma_noise': 0.21707324162507313, 'A_repulsion': 0.0840440623131357, 'gamma': 0.9537049749158195, 'sigma_update': 0.3072201490071545, 'eta_learning': 2.023850470106355, 'sigma_boundary': 5.688841791905615, 'alpha': 0.6874764573279516}. Best is trial 182 with value: 0.01330367654620664.
[I 2026-03-04 19:39:33,731] Trial 195 finished with value: 0.01844681579690798 and parameters: {'sigma_noise': 0.21735253782558334, 'A_repulsion': 0.21418349291014616, 'gamma': 0.9983195173934999, 'sigma_update': 0.18437918491799496, 'eta_learning': 2.021575798422627, 'sigma_boundary': 1.9233499703961512, 'alpha': 0.6850169133947744}. Best is trial 182 with value: 0.01330367654620664.
[I 2026-03-04 19:40:02,161] A new study created in memory with name: no-name-e4d4445e-4758-40c8-900a-26c0951b82d0
[I 2026-03-04 19:53:45,209] Trial 6 finished with value: 0.5981720342284731 and parameters: {'sigma_noise': 0.05993966164350391, 'A_repulsion': 0.270287593508116, 'gamma': 0.40798054267870937, 'sigma_update': 0.2791919799707853, 'eta_learning': 1.6031435039306838, 'sigma_boundary': 7.015253718353861, 'alpha': 0.1484516870290009}. Best is trial 6 with value: 0.5981720342284731.
[I 2026-03-04 19:54:18,496] Trial 8 finished with value: 0.08714084776066425 and parameters: {'sigma_noise': 0.09450211810269558, 'A_repulsion': 0.2018435695531577, 'gamma': 0.6860136803082476, 'sigma_update': 0.33600371818561725, 'eta_learning': 2.8836647932386197, 'sigma_boundary': 4.285699801040232, 'alpha': 0.6451439116253492}. Best is trial 8 with value: 0.08714084776066425.
[I 2026-03-04 19:55:10,731] Trial 17 finished with value: 0.12004485753145319 and parameters: {'sigma_noise': 0.07407769635086213, 'A_repulsion': 0.2878394300427062, 'gamma': 0.9584162405486438, 'sigma_update': 0.5015361021762801, 'eta_learning': 1.0093990534014194, 'sigma_boundary': 6.147915852000068, 'alpha': 0.6580990960920439}. Best is trial 8 with value: 0.08714084776066425.
[I 2026-03-04 19:55:31,902] Trial 15 finished with value: 0.04896950671195452 and parameters: {'sigma_noise': 0.173048214169774, 'A_repulsion': 0.14811343407803373, 'gamma': 0.5558377545171049, 'sigma_update': 0.41156498065282027, 'eta_learning': 2.0013892687449792, 'sigma_boundary': 0.7501952771867695, 'alpha': 0.925896431576505}. Best is trial 15 with value: 0.04896950671195452.
[I 2026-03-04 19:55:49,246] Trial 23 finished with value: 0.09272864812892041 and parameters: {'sigma_noise': 0.08273412155068197, 'A_repulsion': 0.43609185116756677, 'gamma': 0.7158029424271212, 'sigma_update': 0.2420826280939331, 'eta_learning': 1.7169932316409469, 'sigma_boundary': 1.7858399537108443, 'alpha': 0.5057001794146191}. Best is trial 15 with value: 0.04896950671195452.
[I 2026-03-04 19:55:50,053] Trial 1 finished with value: 0.5064192136191199 and parameters: {'sigma_noise': 0.18741226971980862, 'A_repulsion': 0.18147576073076177, 'gamma': 0.2734450349651493, 'sigma_update': 0.1726823290232711, 'eta_learning': 0.2853486849667331, 'sigma_boundary': 2.0220505411934977, 'alpha': 0.08531836021834915}. Best is trial 15 with value: 0.04896950671195452.
[I 2026-03-04 19:56:05,499] Trial 16 finished with value: 0.10985189091998052 and parameters: {'sigma_noise': 0.11405342060473411, 'A_repulsion': 0.3427829295585026, 'gamma': 0.7754489726059045, 'sigma_update': 0.5659708312095708, 'eta_learning': 1.4049928113167476, 'sigma_boundary': 7.336117465986749, 'alpha': 0.887930470865604}. Best is trial 15 with value: 0.04896950671195452.
[I 2026-03-04 19:56:21,624] Trial 11 finished with value: 0.1017958759028359 and parameters: {'sigma_noise': 0.18360880333548535, 'A_repulsion': 0.13015658544261394, 'gamma': 0.9814425281023202, 'sigma_update': 0.6221559227822753, 'eta_learning': 1.9930359453845654, 'sigma_boundary': 1.8956617677234895, 'alpha': 0.5976724133374465}. Best is trial 15 with value: 0.04896950671195452.
[I 2026-03-04 19:56:37,768] Trial 0 finished with value: 0.12732276934406808 and parameters: {'sigma_noise': 0.1149371084329459, 'A_repulsion': 0.3439133318027817, 'gamma': 0.1681681184038534, 'sigma_update': 0.26469042267109616, 'eta_learning': 0.725558925086961, 'sigma_boundary': 5.218800844905074, 'alpha': 0.7137811368689915}. Best is trial 15 with value: 0.04896950671195452.
[I 2026-03-04 19:56:41,104] Trial 2 finished with value: 0.19904403425212558 and parameters: {'sigma_noise': 0.20399554879090442, 'A_repulsion': 0.2426810560543231, 'gamma': 0.8898433386469524, 'sigma_update': 0.06278830782200785, 'eta_learning': 1.9768911222189114, 'sigma_boundary': 3.336578864710766, 'alpha': 0.45583842961558374}. Best is trial 15 with value: 0.04896950671195452.
[I 2026-03-04 19:56:42,671] Trial 5 finished with value: 0.2829197752175709 and parameters: {'sigma_noise': 0.16328395033663912, 'A_repulsion': 0.23381064144703462, 'gamma': 0.9290079627716925, 'sigma_update': 0.6961189914211937, 'eta_learning': 2.159811917878134, 'sigma_boundary': 7.9009243593564245, 'alpha': 0.5278257683094618}. Best is trial 15 with value: 0.04896950671195452.
[I 2026-03-04 19:57:07,636] Trial 19 finished with value: 0.13523743891941156 and parameters: {'sigma_noise': 0.12263103855456291, 'A_repulsion': 0.43593876356383393, 'gamma': 0.28299657575566367, 'sigma_update': 0.27648471356376153, 'eta_learning': 1.4874804786866185, 'sigma_boundary': 8.733315702436165, 'alpha': 0.8597200732921991}. Best is trial 15 with value: 0.04896950671195452.
[I 2026-03-04 19:57:10,216] Trial 9 finished with value: 0.09680965543833187 and parameters: {'sigma_noise': 0.2826617670252625, 'A_repulsion': 0.1041101249741756, 'gamma': 0.028203626465269804, 'sigma_update': 0.24760060073177506, 'eta_learning': 1.039832342272213, 'sigma_boundary': 9.605709007420122, 'alpha': 0.5232976317640091}. Best is trial 15 with value: 0.04896950671195452.
[I 2026-03-04 19:57:26,816] Trial 20 finished with value: 0.1085778540110561 and parameters: {'sigma_noise': 0.14395047817981388, 'A_repulsion': 0.382086842823931, 'gamma': 0.7252392737337647, 'sigma_update': 0.2009289798893718, 'eta_learning': 1.098695511760218, 'sigma_boundary': 5.377701341370334, 'alpha': 0.9057705127680173}. Best is trial 15 with value: 0.04896950671195452.
[I 2026-03-04 19:57:27,987] Trial 22 finished with value: 0.1524008381545856 and parameters: {'sigma_noise': 0.17417244134439894, 'A_repulsion': 0.35613558188359107, 'gamma': 0.2203509646234454, 'sigma_update': 0.5476794088221811, 'eta_learning': 1.7077532460736338, 'sigma_boundary': 1.8067386089467308, 'alpha': 0.7592362062661574}. Best is trial 15 with value: 0.04896950671195452.
[I 2026-03-04 19:57:38,142] Trial 18 finished with value: 0.2876972050113068 and parameters: {'sigma_noise': 0.2983656671819034, 'A_repulsion': 0.12834972435510533, 'gamma': 0.24424375423367897, 'sigma_update': 0.06579100646633941, 'eta_learning': 0.08427676817700057, 'sigma_boundary': 7.320245010448734, 'alpha': 0.9354755129285459}. Best is trial 15 with value: 0.04896950671195452.
[I 2026-03-04 19:58:04,558] Trial 4 finished with value: 0.20477308454125645 and parameters: {'sigma_noise': 0.4084010545934696, 'A_repulsion': 0.03803447679820321, 'gamma': 0.5883215737875893, 'sigma_update': 0.5427330501741768, 'eta_learning': 2.01731194456205, 'sigma_boundary': 2.054670758581174, 'alpha': 0.8697608572049711}. Best is trial 15 with value: 0.04896950671195452.
[I 2026-03-04 19:58:11,933] Trial 7 finished with value: 0.4940253288940637 and parameters: {'sigma_noise': 0.25976142746713177, 'A_repulsion': 0.21426373285863165, 'gamma': 0.5139567989120405, 'sigma_update': 0.3379927303640963, 'eta_learning': 2.290382664754247, 'sigma_boundary': 7.131182276105942, 'alpha': 0.37053353577785264}. Best is trial 15 with value: 0.04896950671195452.
[I 2026-03-04 19:58:18,093] Trial 10 finished with value: 0.056402559358247124 and parameters: {'sigma_noise': 0.3514296661446268, 'A_repulsion': 0.1680224293477201, 'gamma': 0.964681987099057, 'sigma_update': 0.1748053782929815, 'eta_learning': 0.13259250729184602, 'sigma_boundary': 9.742220626203787, 'alpha': 0.44399171650560576}. Best is trial 15 with value: 0.04896950671195452.
[I 2026-03-04 19:58:52,582] Trial 13 finished with value: 0.049160109564518696 and parameters: {'sigma_noise': 0.24234036098840883, 'A_repulsion': 0.37123075144794815, 'gamma': 0.8404409346016569, 'sigma_update': 0.6050534956876, 'eta_learning': 0.9459886189767119, 'sigma_boundary': 7.678378964226909, 'alpha': 0.8588423450247122}. Best is trial 15 with value: 0.04896950671195452.
[I 2026-03-04 19:58:58,853] Trial 21 finished with value: 0.348461502306637 and parameters: {'sigma_noise': 0.4343920564940425, 'A_repulsion': 0.08929506130988357, 'gamma': 0.2631232895204545, 'sigma_update': 0.05571497203474014, 'eta_learning': 2.914887307111724, 'sigma_boundary': 0.13043767849156485, 'alpha': 0.3814889322920595}. Best is trial 15 with value: 0.04896950671195452.
[I 2026-03-04 19:59:47,661] Trial 14 finished with value: 2.5755340892223293 and parameters: {'sigma_noise': 0.2302520265936831, 'A_repulsion': 0.49069513677250876, 'gamma': 0.29854795021242153, 'sigma_update': 0.672797496501066, 'eta_learning': 1.933115754486449, 'sigma_boundary': 9.44029006884066, 'alpha': 0.12278116630151459}. Best is trial 15 with value: 0.04896950671195452.
[I 2026-03-04 20:01:46,820] Trial 12 finished with value: 2.216811498654227 and parameters: {'sigma_noise': 0.4232692319992673, 'A_repulsion': 0.4326858403566876, 'gamma': 0.292918408454244, 'sigma_update': 0.2587414580809171, 'eta_learning': 2.0242611779241138, 'sigma_boundary': 6.152675444336127, 'alpha': 0.2971799186443088}. Best is trial 15 with value: 0.04896950671195452.
[I 2026-03-04 20:02:02,627] Trial 3 finished with value: 1.4565694773878763 and parameters: {'sigma_noise': 0.4207801823419754, 'A_repulsion': 0.4384629075532295, 'gamma': 0.5330163425276483, 'sigma_update': 0.365774132646373, 'eta_learning': 1.333721396220704, 'sigma_boundary': 6.268374113434367, 'alpha': 0.37223925432747085}. Best is trial 15 with value: 0.04896950671195452.
