[I 2026-03-04 19:32:54,906] Trial 135 finished with value: 0.014988618113461038 and parameters: {'sigma_noise': 0.23950382344475585, 'A_repulsion': 0.23976499378373972, 'gamma': 0.8375245516344911, 'sigma_update': 0.38760007877520397, 'eta_learning': 1.9031456230343817, 'sigma_boundary': 9.073320481423108, 'alpha': 0.7387171342508019}. Best is trial 135 with value: 0.014988618113461038.
[I 2026-03-04 19:33:39,405] Trial 142 finished with value: 0.028972946420026145 and parameters: {'sigma_noise': 0.19582204483006496, 'A_repulsion': 0.019491659202651383, 'gamma': 0.8304828081002337, 'sigma_update': 0.13511186692013816, 'eta_learning': 1.476845005940492, 'sigma_boundary': 8.91977314259387, 'alpha': 0.8769741675009808}. Best is trial 135 with value: 0.014988618113461038.
[I 2026-03-04 19:33:57,460] Trial 143 finished with value: 0.01640711112212544 and parameters: {'sigma_noise': 0.20663735967088184, 'A_repulsion': 0.019155512290262133, 'gamma': 0.8490281923346564, 'sigma_update': 0.4362824257458208, 'eta_learning': 1.4046240723780425, 'sigma_boundary': 9.012592780915693, 'alpha': 0.8755156171049078}. Best is trial 135 with value: 0.014988618113461038.
[I 2026-03-04 19:34:12,436] Trial 137 finished with value: 0.02371241501318847 and parameters: {'sigma_noise': 0.2074470242595272, 'A_repulsion': 0.39113181925186497, 'gamma': 0.8374841563045157, 'sigma_update': 0.4289652139431145, 'eta_learning': 1.72622211624556, 'sigma_boundary': 9.015475954721753, 'alpha': 0.7372018876608251}. Best is trial 135 with value: 0.014988618113461038.
[I 2026-03-04 19:34:34,031] Trial 139 finished with value: 0.14323464128784738 and parameters: {'sigma_noise': 0.29047149375064, 'A_repulsion': 0.3951498847086635, 'gamma': 0.1979351123499321, 'sigma_update': 0.43434293736135854, 'eta_learning': 1.7536277240427376, 'sigma_boundary': 8.873503379563989, 'alpha': 0.7400335603337991}. Best is trial 135 with value: 0.014988618113461038.
[I 2026-03-04 19:34:36,410] Trial 144 finished with value: 0.02107275515582748 and parameters: {'sigma_noise': 0.20861604329535338, 'A_repulsion': 0.020722654569659174, 'gamma': 0.8390852762822497, 'sigma_update': 0.3935799849752451, 'eta_learning': 1.4353760049858504, 'sigma_boundary': 9.06216977637653, 'alpha': 0.7249957905586735}. Best is trial 135 with value: 0.014988618113461038.
[I 2026-03-04 19:34:57,585] Trial 141 finished with value: 0.030384381311525113 and parameters: {'sigma_noise': 0.29159707590201606, 'A_repulsion': 0.020089365896692767, 'gamma': 0.8372969749113852, 'sigma_update': 0.4409226427898394, 'eta_learning': 1.492028835933204, 'sigma_boundary': 8.834406698220356, 'alpha': 0.7358646789880665}. Best is trial 135 with value: 0.014988618113461038.
[I 2026-03-04 19:35:33,334] Trial 146 finished with value: 0.018334301781616016 and parameters: {'sigma_noise': 0.20757078438828264, 'A_repulsion': 0.10690423540274815, 'gamma': 0.8380765481297094, 'sigma_update': 0.20988263705569699, 'eta_learning': 1.44928995106226, 'sigma_boundary': 8.995090059950433, 'alpha': 0.7274382008851332}. Best is trial 135 with value: 0.014988618113461038.
[I 2026-03-04 19:35:57,022] Trial 148 finished with value: 0.020249236090531683 and parameters: {'sigma_noise': 0.20824002877019113, 'A_repulsion': 0.025661510574374106, 'gamma': 0.8312263808161293, 'sigma_update': 0.13117955157188643, 'eta_learning': 1.7667823087088015, 'sigma_boundary': 9.044442235301055, 'alpha': 0.7202900691908646}. Best is trial 135 with value: 0.014988618113461038.
[I 2026-03-04 19:36:49,522] Trial 149 finished with value: 0.021489766999901825 and parameters: {'sigma_noise': 0.20814456872896347, 'A_repulsion': 0.021406735936690423, 'gamma': 0.706185356560163, 'sigma_update': 0.21075438543631753, 'eta_learning': 1.375811133205878, 'sigma_boundary': 8.86116123692042, 'alpha': 0.7310562199506107}. Best is trial 135 with value: 0.014988618113461038.
[I 2026-03-04 19:37:13,877] Trial 145 finished with value: 0.025342067732343085 and parameters: {'sigma_noise': 0.29850127967789375, 'A_repulsion': 0.12775044105484507, 'gamma': 0.8381906889137383, 'sigma_update': 0.3946735829186956, 'eta_learning': 1.7704174044070364, 'sigma_boundary': 8.999395296345552, 'alpha': 0.7197600875447433}. Best is trial 135 with value: 0.014988618113461038.
[I 2026-03-04 19:38:56,498] Trial 147 finished with value: 0.07710684776978004 and parameters: {'sigma_noise': 0.20836392776849932, 'A_repulsion': 0.3948664994267037, 'gamma': 0.2554850815678012, 'sigma_update': 0.20495398521071814, 'eta_learning': 1.4772444197842878, 'sigma_boundary': 9.003753624005181, 'alpha': 0.7090617078731696}. Best is trial 135 with value: 0.014988618113461038.
[I 2026-03-04 19:39:16,353] Trial 151 finished with value: 0.12064599438992976 and parameters: {'sigma_noise': 0.20814652238669898, 'A_repulsion': 0.023032181818736893, 'gamma': 0.1831922273699353, 'sigma_update': 0.3879977800090273, 'eta_learning': 1.4284581595788701, 'sigma_boundary': 8.841088316595949, 'alpha': 0.7133286843216766}. Best is trial 135 with value: 0.014988618113461038.
[I 2026-03-04 19:39:17,820] Trial 150 finished with value: 0.023271426794610407 and parameters: {'sigma_noise': 0.20350565794044376, 'A_repulsion': 0.02279993173904018, 'gamma': 0.8319235275012822, 'sigma_update': 0.3955095849644411, 'eta_learning': 1.754267461184771, 'sigma_boundary': 8.790185456651514, 'alpha': 0.7186136092635016}. Best is trial 135 with value: 0.014988618113461038.
[I 2026-03-04 19:40:28,696] Trial 155 finished with value: 0.10990755651526671 and parameters: {'sigma_noise': 0.21198571088783794, 'A_repulsion': 0.006110254946888374, 'gamma': 0.22950238297747794, 'sigma_update': 0.38702456389158746, 'eta_learning': 1.7375507333878177, 'sigma_boundary': 8.722463298342452, 'alpha': 0.7459949070150874}. Best is trial 135 with value: 0.014988618113461038.
[I 2026-03-04 19:40:29,991] Trial 152 finished with value: 0.1159385308041721 and parameters: {'sigma_noise': 0.23580075017784996, 'A_repulsion': 0.007935705492677813, 'gamma': 0.22737160562013564, 'sigma_update': 0.3983047215872855, 'eta_learning': 1.8631804167594954, 'sigma_boundary': 9.123075327497718, 'alpha': 0.8339163829442534}. Best is trial 135 with value: 0.014988618113461038.
[I 2026-03-04 19:40:35,144] Trial 154 finished with value: 0.032059809595795956 and parameters: {'sigma_noise': 0.21242608448904257, 'A_repulsion': 0.008997081228263176, 'gamma': 0.7622113326683794, 'sigma_update': 0.4978485612920777, 'eta_learning': 1.7609648987748072, 'sigma_boundary': 9.101578375153343, 'alpha': 0.755529318518759}. Best is trial 135 with value: 0.014988618113461038.
[I 2026-03-04 19:40:38,838] Trial 153 finished with value: 0.018274462381452042 and parameters: {'sigma_noise': 0.20962883916364375, 'A_repulsion': 0.030276393320172623, 'gamma': 0.7602032050864137, 'sigma_update': 0.20943480030281555, 'eta_learning': 1.7591577707449062, 'sigma_boundary': 9.113963058429752, 'alpha': 0.749475821508707}. Best is trial 135 with value: 0.014988618113461038.
[I 2026-03-04 19:41:35,741] Trial 156 finished with value: 0.12634076334101846 and parameters: {'sigma_noise': 0.21187180346135706, 'A_repulsion': 0.006062298103606706, 'gamma': 0.22561592954237164, 'sigma_update': 0.4060920185921018, 'eta_learning': 1.751450852222202, 'sigma_boundary': 8.735752038736694, 'alpha': 0.7487928741143608}. Best is trial 135 with value: 0.014988618113461038.
[I 2026-03-04 19:42:30,470] Trial 157 finished with value: 0.018188233096033797 and parameters: {'sigma_noise': 0.23371000490890467, 'A_repulsion': 0.02718109967500837, 'gamma': 0.9815651616522003, 'sigma_update': 0.49396808720416097, 'eta_learning': 1.3167597566474516, 'sigma_boundary': 8.73021449077102, 'alpha': 0.7568022405946196}. Best is trial 135 with value: 0.014988618113461038.
[I 2026-03-04 19:43:23,176] Trial 158 finished with value: 0.015657152213634614 and parameters: {'sigma_noise': 0.23461530774992684, 'A_repulsion': 0.006229593646221443, 'gamma': 0.9757336042845584, 'sigma_update': 0.3895896460105442, 'eta_learning': 1.3029582361050682, 'sigma_boundary': 8.597707437113778, 'alpha': 0.753770757476163}. Best is trial 135 with value: 0.014988618113461038.
[I 2026-03-04 19:43:59,471] Trial 159 finished with value: 0.12589221322109817 and parameters: {'sigma_noise': 0.2373971361089208, 'A_repulsion': 0.0080890020527953, 'gamma': 0.2375505251245606, 'sigma_update': 0.39576192506988017, 'eta_learning': 1.2708625276605283, 'sigma_boundary': 8.654765810270197, 'alpha': 0.7623110167790682}. Best is trial 135 with value: 0.014988618113461038.
[I 2026-03-04 19:44:03,835] Trial 161 finished with value: 0.021040492773586248 and parameters: {'sigma_noise': 0.22999625529453993, 'A_repulsion': 0.0008094463130957005, 'gamma': 0.9860753816207322, 'sigma_update': 0.39058190675664367, 'eta_learning': 1.3650212261440866, 'sigma_boundary': 8.706894803992355, 'alpha': 0.6983232464966679}. Best is trial 135 with value: 0.014988618113461038.
[I 2026-03-04 19:44:09,424] Trial 160 finished with value: 0.015225116412757292 and parameters: {'sigma_noise': 0.2346402944691787, 'A_repulsion': 0.008027762082378076, 'gamma': 0.9784161136251691, 'sigma_update': 0.3977520919486297, 'eta_learning': 1.1985565762635693, 'sigma_boundary': 8.696688783640402, 'alpha': 0.7516155270795696}. Best is trial 135 with value: 0.014988618113461038.
[I 2026-03-04 19:44:50,894] Trial 163 finished with value: 0.022695662588453756 and parameters: {'sigma_noise': 0.23174792324902077, 'A_repulsion': 0.007671903149255914, 'gamma': 0.8783761683189489, 'sigma_update': 0.3896645485240545, 'eta_learning': 1.3079041168799848, 'sigma_boundary': 8.687607823370598, 'alpha': 0.6956980302940639}. Best is trial 135 with value: 0.014988618113461038.
[I 2026-03-04 19:45:02,762] Trial 162 finished with value: 0.022153672285012978 and parameters: {'sigma_noise': 0.23492116108325928, 'A_repulsion': 0.01017184258414865, 'gamma': 0.9749000162032666, 'sigma_update': 0.3943051271638428, 'eta_learning': 1.2857939387498338, 'sigma_boundary': 8.701459653831158, 'alpha': 0.6908392054233343}. Best is trial 135 with value: 0.014988618113461038.
[I 2026-03-04 19:45:03,117] Trial 164 finished with value: 0.027171612159159465 and parameters: {'sigma_noise': 0.23325972776720066, 'A_repulsion': 0.007116858415725326, 'gamma': 0.7296588580313172, 'sigma_update': 0.39030892502038306, 'eta_learning': 1.3461743216677193, 'sigma_boundary': 8.660680943639424, 'alpha': 0.7633330437387494}. Best is trial 135 with value: 0.014988618113461038.
[I 2026-03-04 19:46:08,831] Trial 166 finished with value: 0.03581345485610627 and parameters: {'sigma_noise': 0.23228401211848207, 'A_repulsion': 0.00028926301307362345, 'gamma': 0.7638437593574108, 'sigma_update': 0.38854233912379066, 'eta_learning': 1.3451573307539406, 'sigma_boundary': 8.481764528135939, 'alpha': 0.6879603807376772}. Best is trial 135 with value: 0.014988618113461038.
[I 2026-03-04 19:47:17,247] Trial 168 finished with value: 0.025106291531055563 and parameters: {'sigma_noise': 0.23092355103521345, 'A_repulsion': 0.008065779568653668, 'gamma': 0.760094152873226, 'sigma_update': 0.405449159091723, 'eta_learning': 1.286565360072795, 'sigma_boundary': 8.575245457198179, 'alpha': 0.7548320289564986}. Best is trial 135 with value: 0.014988618113461038.
[I 2026-03-04 19:47:35,027] Trial 165 finished with value: 0.025930805686826538 and parameters: {'sigma_noise': 0.23394853524865614, 'A_repulsion': 0.1811680507888319, 'gamma': 0.7545792339417302, 'sigma_update': 0.3917853298567442, 'eta_learning': 1.1861810010499292, 'sigma_boundary': 8.519702498256512, 'alpha': 0.688129039386973}. Best is trial 135 with value: 0.014988618113461038.
[I 2026-03-04 19:48:52,954] Trial 167 finished with value: 0.027575866765837228 and parameters: {'sigma_noise': 0.23266050608484068, 'A_repulsion': 0.18273907969715747, 'gamma': 0.7458249763113849, 'sigma_update': 0.41091392256366266, 'eta_learning': 1.7661875603715649, 'sigma_boundary': 8.432311961260407, 'alpha': 0.6963248243081945}. Best is trial 135 with value: 0.014988618113461038.
[I 2026-03-04 19:49:04,752] Trial 170 finished with value: 0.02461591126030606 and parameters: {'sigma_noise': 0.23061036409878705, 'A_repulsion': 0.007557588108757968, 'gamma': 0.761766061546265, 'sigma_update': 0.41142727421509045, 'eta_learning': 1.25863361341136, 'sigma_boundary': 8.462077589098305, 'alpha': 0.7631713596962845}. Best is trial 135 with value: 0.014988618113461038.
[I 2026-03-04 19:49:19,293] Trial 171 finished with value: 0.0240369960350096 and parameters: {'sigma_noise': 0.2317338562190958, 'A_repulsion': 0.008142726042666616, 'gamma': 0.763069953174448, 'sigma_update': 0.40525078777175305, 'eta_learning': 1.1776535494280875, 'sigma_boundary': 8.459050530419299, 'alpha': 0.7621760828164643}. Best is trial 135 with value: 0.014988618113461038.
[I 2026-03-04 19:50:04,005] Trial 172 finished with value: 0.01681659227693364 and parameters: {'sigma_noise': 0.23171736656691527, 'A_repulsion': 0.001758548185823442, 'gamma': 0.875447617743598, 'sigma_update': 0.4061784328167809, 'eta_learning': 1.227637418085262, 'sigma_boundary': 8.46112071392977, 'alpha': 0.7672754191098384}. Best is trial 135 with value: 0.014988618113461038.
[I 2026-03-04 19:50:38,686] Trial 174 finished with value: 0.015085275084638987 and parameters: {'sigma_noise': 0.2313576451735369, 'A_repulsion': 0.032919183724762435, 'gamma': 0.8728678911626793, 'sigma_update': 0.3820880731020134, 'eta_learning': 1.2294937908464836, 'sigma_boundary': 9.75389988911968, 'alpha': 0.7681630103060848}. Best is trial 135 with value: 0.014988618113461038.
[I 2026-03-04 19:50:49,633] Trial 175 finished with value: 0.04156304823417724 and parameters: {'sigma_noise': 0.2324749563616971, 'A_repulsion': 0.03134041690268165, 'gamma': 0.7506497331792025, 'sigma_update': 0.41598117340072344, 'eta_learning': 1.3468908268890312, 'sigma_boundary': 8.535183816886631, 'alpha': 0.6806039876168651}. Best is trial 135 with value: 0.014988618113461038.
[I 2026-03-04 19:50:54,813] Trial 169 finished with value: 0.01878167328908137 and parameters: {'sigma_noise': 0.2344310573919322, 'A_repulsion': 0.18639049301851024, 'gamma': 0.7580764331131249, 'sigma_update': 0.40951887071835985, 'eta_learning': 1.1964435203416954, 'sigma_boundary': 8.484830150055608, 'alpha': 0.7594996754327942}. Best is trial 135 with value: 0.014988618113461038.
[I 2026-03-04 19:52:05,833] Trial 173 finished with value: 0.05846976308885008 and parameters: {'sigma_noise': 0.3409632645138161, 'A_repulsion': 0.030254565563713164, 'gamma': 0.7639927828745856, 'sigma_update': 0.4110497356998573, 'eta_learning': 1.3317275183411927, 'sigma_boundary': 8.50310270842031, 'alpha': 0.7729808042071046}. Best is trial 135 with value: 0.014988618113461038.
[I 2026-03-04 19:52:36,025] Trial 177 finished with value: 0.02521477575551799 and parameters: {'sigma_noise': 0.23215073788604237, 'A_repulsion': 0.03276914337368806, 'gamma': 0.7388140079680041, 'sigma_update': 0.41818691794982343, 'eta_learning': 1.1837795537808695, 'sigma_boundary': 8.482877906454986, 'alpha': 0.776989577901764}. Best is trial 135 with value: 0.014988618113461038.
[I 2026-03-04 19:53:08,549] Trial 176 finished with value: 0.0450773424161371 and parameters: {'sigma_noise': 0.33590733446798904, 'A_repulsion': 0.03202312911016592, 'gamma': 0.8768774824709439, 'sigma_update': 0.4120102281187407, 'eta_learning': 1.8416817096149651, 'sigma_boundary': 8.539498669423995, 'alpha': 0.6920689752011673}. Best is trial 135 with value: 0.014988618113461038.
[I 2026-03-04 19:53:18,259] Trial 178 finished with value: 0.018216256251129694 and parameters: {'sigma_noise': 0.2284614003193988, 'A_repulsion': 0.034285686378890116, 'gamma': 0.9429533293565387, 'sigma_update': 0.5221546460880674, 'eta_learning': 1.2770305669251534, 'sigma_boundary': 8.427197821061313, 'alpha': 0.7787304051058465}. Best is trial 135 with value: 0.014988618113461038.
[I 2026-03-04 19:54:01,700] Trial 181 finished with value: 0.014057446965642614 and parameters: {'sigma_noise': 0.2307863950316794, 'A_repulsion': 0.029017275444363767, 'gamma': 0.9366433676446758, 'sigma_update': 0.4155206206559634, 'eta_learning': 1.0031209697200474, 'sigma_boundary': 8.418078790541701, 'alpha': 0.7778316999260445}. Best is trial 181 with value: 0.014057446965642614.
[I 2026-03-04 19:54:49,981] Trial 180 finished with value: 0.023576504277705752 and parameters: {'sigma_noise': 0.1932722910299406, 'A_repulsion': 0.18228913429508736, 'gamma': 0.7340421203143481, 'sigma_update': 0.2856863302998935, 'eta_learning': 1.1729294100477448, 'sigma_boundary': 8.49444767550043, 'alpha': 0.7815135424624148}. Best is trial 181 with value: 0.014057446965642614.
[I 2026-03-04 19:56:06,557] Trial 179 finished with value: 0.02816311950522283 and parameters: {'sigma_noise': 0.3407458026167425, 'A_repulsion': 0.17843559045684165, 'gamma': 0.9409199774020036, 'sigma_update': 0.41633926522026893, 'eta_learning': 1.3445650345602758, 'sigma_boundary': 8.473322678094304, 'alpha': 0.6837864171447318}. Best is trial 181 with value: 0.014057446965642614.
[I 2026-03-04 19:56:10,137] Trial 184 finished with value: 0.016425310150410963 and parameters: {'sigma_noise': 0.2198018070427022, 'A_repulsion': 0.18381944443418852, 'gamma': 0.9367995090093254, 'sigma_update': 0.4181974901332025, 'eta_learning': 1.1905983103385995, 'sigma_boundary': 8.398939499470282, 'alpha': 0.7808439897338058}. Best is trial 181 with value: 0.014057446965642614.
[I 2026-03-04 19:56:41,063] Trial 182 finished with value: 0.012265585342065548 and parameters: {'sigma_noise': 0.25851813030981446, 'A_repulsion': 0.18427060092029834, 'gamma': 0.9690714773329551, 'sigma_update': 0.4193635644304448, 'eta_learning': 1.192359124544634, 'sigma_boundary': 8.504634667344453, 'alpha': 0.7740093925785155}. Best is trial 182 with value: 0.012265585342065548.
[I 2026-03-04 19:56:53,986] Trial 183 finished with value: 0.013887898235214581 and parameters: {'sigma_noise': 0.26048607587222644, 'A_repulsion': 0.1947663051497751, 'gamma': 0.9483275448175895, 'sigma_update': 0.4193767922063496, 'eta_learning': 1.1734814860176057, 'sigma_boundary': 8.298242027530469, 'alpha': 0.7807320681133847}. Best is trial 182 with value: 0.012265585342065548.
[I 2026-03-04 19:57:09,249] Trial 187 finished with value: 0.015344510394535755 and parameters: {'sigma_noise': 0.2199487736341373, 'A_repulsion': 0.031375357555872646, 'gamma': 0.9379920168516624, 'sigma_update': 0.41883570604347453, 'eta_learning': 1.188619778947058, 'sigma_boundary': 9.23213873969343, 'alpha': 0.7782826208634794}. Best is trial 182 with value: 0.012265585342065548.
[I 2026-03-04 19:57:39,835] Trial 185 finished with value: 0.02414453887196047 and parameters: {'sigma_noise': 0.26063517310803463, 'A_repulsion': 0.19469948271472376, 'gamma': 0.9463904200050915, 'sigma_update': 0.2876817787236403, 'eta_learning': 1.1832773588803083, 'sigma_boundary': 9.776079122377636, 'alpha': 0.7764284443519334}. Best is trial 182 with value: 0.012265585342065548.
[I 2026-03-04 19:58:08,182] Trial 189 finished with value: 0.01344214991376156 and parameters: {'sigma_noise': 0.219570771700332, 'A_repulsion': 0.03102775993159208, 'gamma': 0.9535381829499856, 'sigma_update': 0.5543456738968475, 'eta_learning': 1.0146393295489795, 'sigma_boundary': 9.765528754406969, 'alpha': 0.8429295046021523}. Best is trial 182 with value: 0.012265585342065548.
[I 2026-03-04 19:58:24,523] Trial 190 finished with value: 0.020277294459945375 and parameters: {'sigma_noise': 0.22126076119175012, 'A_repulsion': 0.031100039534795933, 'gamma': 0.9372994163901059, 'sigma_update': 0.20872065255694394, 'eta_learning': 1.0145440018784324, 'sigma_boundary': 9.698556879023148, 'alpha': 0.7881381157488896}. Best is trial 182 with value: 0.012265585342065548.
[I 2026-03-04 19:58:36,113] Trial 191 finished with value: 0.02119177186986556 and parameters: {'sigma_noise': 0.2207384541682944, 'A_repulsion': 0.03257840591415734, 'gamma': 0.9340255410715972, 'sigma_update': 0.23778803971271315, 'eta_learning': 1.064253888341915, 'sigma_boundary': 9.743928111200416, 'alpha': 0.8442890021941983}. Best is trial 182 with value: 0.012265585342065548.
[I 2026-03-04 19:58:38,724] Trial 186 finished with value: 0.03304810799469418 and parameters: {'sigma_noise': 0.3352712263523298, 'A_repulsion': 0.18273955695845148, 'gamma': 0.9474764418737844, 'sigma_update': 0.2767242582873889, 'eta_learning': 1.2376638453007034, 'sigma_boundary': 8.344355365033046, 'alpha': 0.7781674478124005}. Best is trial 182 with value: 0.012265585342065548.
[I 2026-03-04 19:58:58,667] Trial 192 finished with value: 0.014478325602205895 and parameters: {'sigma_noise': 0.2196529412888401, 'A_repulsion': 0.029412368976346446, 'gamma': 0.878196996660734, 'sigma_update': 0.42148502339080507, 'eta_learning': 1.0887345011064908, 'sigma_boundary': 4.842861892721762, 'alpha': 0.7812256907467232}. Best is trial 182 with value: 0.012265585342065548.
[I 2026-03-04 19:59:03,889] Trial 188 finished with value: 0.029555837912611516 and parameters: {'sigma_noise': 0.3486464631050329, 'A_repulsion': 0.03120630853494712, 'gamma': 0.9419002509002582, 'sigma_update': 0.42021438815254913, 'eta_learning': 1.1135882990362156, 'sigma_boundary': 9.697478095256749, 'alpha': 0.7785311058652461}. Best is trial 182 with value: 0.012265585342065548.
[I 2026-03-04 19:59:07,994] Trial 194 finished with value: 0.023462979052886246 and parameters: {'sigma_noise': 0.21962519187131035, 'A_repulsion': 0.03147486214364839, 'gamma': 0.9444433927585918, 'sigma_update': 0.6004568589419025, 'eta_learning': 1.029836529884212, 'sigma_boundary': 8.252113602567611, 'alpha': 0.7765527504762006}. Best is trial 182 with value: 0.012265585342065548.
