[I 2026-03-04 18:32:13,457] Trial 27 finished with value: 0.11375708175655247 and parameters: {'sigma_noise': 0.18241850208176563, 'A_repulsion': 0.11279385296910532, 'gamma': 0.9237345478560404, 'sigma_update': 0.09378330046755637, 'eta_learning': 1.45728444234513, 'sigma_boundary': 1.4046815416055822, 'alpha': 0.3538499446031459}. Best is trial 9 with value: 0.04020372315461437.
[I 2026-03-04 18:32:32,370] Trial 28 finished with value: 1.9272853397113894 and parameters: {'sigma_noise': 0.15026599188831902, 'A_repulsion': 0.20490691809324274, 'gamma': 0.8143280949551155, 'sigma_update': 0.4111796556123881, 'eta_learning': 2.6016396613585626, 'sigma_boundary': 4.874349440764328, 'alpha': 0.07049032310359804}. Best is trial 9 with value: 0.04020372315461437.
[I 2026-03-04 18:32:43,002] Trial 21 finished with value: 0.6969589228884842 and parameters: {'sigma_noise': 0.303024559304604, 'A_repulsion': 0.2122205675841506, 'gamma': 0.9819863338668982, 'sigma_update': 0.018860692356807266, 'eta_learning': 2.8129540624449567, 'sigma_boundary': 6.604571362128335, 'alpha': 0.8330026893892547}. Best is trial 9 with value: 0.04020372315461437.
[I 2026-03-04 18:33:01,743] Trial 26 finished with value: 0.06287879583316598 and parameters: {'sigma_noise': 0.13147827281472915, 'A_repulsion': 0.34314974920225505, 'gamma': 0.6752063391471853, 'sigma_update': 0.4376446047127799, 'eta_learning': 2.7953098250620023, 'sigma_boundary': 2.1680575292513677, 'alpha': 0.5871429632177149}. Best is trial 9 with value: 0.04020372315461437.
[I 2026-03-04 18:33:42,017] Trial 36 finished with value: 0.06725173241294718 and parameters: {'sigma_noise': 0.31681437592001455, 'A_repulsion': 0.0073338881548327545, 'gamma': 0.700184969961895, 'sigma_update': 0.14558987197533496, 'eta_learning': 0.6787694445142383, 'sigma_boundary': 9.837510943657476, 'alpha': 0.6861287560291209}. Best is trial 9 with value: 0.04020372315461437.
[I 2026-03-04 18:34:22,577] Trial 37 finished with value: 0.06124170709036994 and parameters: {'sigma_noise': 0.31480507924963597, 'A_repulsion': 0.02638549315301647, 'gamma': 0.7473729889198871, 'sigma_update': 0.1446323965177902, 'eta_learning': 0.6579049316232324, 'sigma_boundary': 9.96504389003175, 'alpha': 0.690628730022959}. Best is trial 9 with value: 0.04020372315461437.
[I 2026-03-04 18:34:49,500] Trial 35 finished with value: 0.15283673410514187 and parameters: {'sigma_noise': 0.41048013349560175, 'A_repulsion': 0.00021566509465235917, 'gamma': 0.7616422034264394, 'sigma_update': 0.10472874007641952, 'eta_learning': 0.6973751606678488, 'sigma_boundary': 9.768633809219056, 'alpha': 0.7623505367413645}. Best is trial 9 with value: 0.04020372315461437.
[I 2026-03-04 18:35:13,486] Trial 33 finished with value: 0.14788997463633402 and parameters: {'sigma_noise': 0.4446832803687222, 'A_repulsion': 0.011092590728884383, 'gamma': 0.7503766716847894, 'sigma_update': 0.18325444692622833, 'eta_learning': 1.653291498754996, 'sigma_boundary': 9.600660869247802, 'alpha': 0.7530283131583977}. Best is trial 9 with value: 0.04020372315461437.
[I 2026-03-04 18:35:36,882] Trial 30 finished with value: 0.10616700075265605 and parameters: {'sigma_noise': 0.19736857824094978, 'A_repulsion': 0.41917088730437335, 'gamma': 0.9817226702693757, 'sigma_update': 0.6895785971126344, 'eta_learning': 1.7340838532471403, 'sigma_boundary': 9.240552630453816, 'alpha': 0.9721263802901131}. Best is trial 9 with value: 0.04020372315461437.
[I 2026-03-04 18:36:14,926] Trial 29 finished with value: 0.060813419769451794 and parameters: {'sigma_noise': 0.4437285753992264, 'A_repulsion': 0.43652497171304516, 'gamma': 0.9467665511764407, 'sigma_update': 0.687860272519878, 'eta_learning': 1.8898517102359296, 'sigma_boundary': 9.272549592063399, 'alpha': 0.7702151900843459}. Best is trial 9 with value: 0.04020372315461437.
[I 2026-03-04 18:36:18,324] Trial 39 finished with value: 0.19365602701274384 and parameters: {'sigma_noise': 0.44784843991693024, 'A_repulsion': 0.025077763783604712, 'gamma': 0.7823777154645278, 'sigma_update': 0.19681638398560786, 'eta_learning': 0.6968812357345058, 'sigma_boundary': 9.564163877467312, 'alpha': 0.5876722287670697}. Best is trial 9 with value: 0.04020372315461437.
[I 2026-03-04 18:36:42,094] Trial 31 finished with value: 0.12860776601412857 and parameters: {'sigma_noise': 0.4426356045697007, 'A_repulsion': 0.43095752397376225, 'gamma': 0.7781756220552349, 'sigma_update': 0.639532321350645, 'eta_learning': 1.8334832497456248, 'sigma_boundary': 8.951884050001464, 'alpha': 0.7786957295076802}. Best is trial 9 with value: 0.04020372315461437.
[I 2026-03-04 18:36:49,227] Trial 32 finished with value: 0.17324410061452478 and parameters: {'sigma_noise': 0.4357118188374755, 'A_repulsion': 0.4198493758169521, 'gamma': 0.7521726840502883, 'sigma_update': 0.17126142553542778, 'eta_learning': 1.7901360215940807, 'sigma_boundary': 8.763487600938094, 'alpha': 0.7733872302980404}. Best is trial 9 with value: 0.04020372315461437.
[I 2026-03-04 18:36:59,116] Trial 34 finished with value: 0.2045253809819048 and parameters: {'sigma_noise': 0.4292230053331036, 'A_repulsion': 0.46722211386166435, 'gamma': 0.736825754623897, 'sigma_update': 0.14413758636187965, 'eta_learning': 0.6253826608419304, 'sigma_boundary': 8.279881530126618, 'alpha': 0.7873887444582561}. Best is trial 9 with value: 0.04020372315461437.
[I 2026-03-04 18:37:27,360] Trial 38 finished with value: 0.26322023487251245 and parameters: {'sigma_noise': 0.4428515847713713, 'A_repulsion': 0.43246875295491183, 'gamma': 0.7695299803544263, 'sigma_update': 0.14773093500113532, 'eta_learning': 0.7469866641198871, 'sigma_boundary': 9.1835582482084, 'alpha': 0.6231700034141838}. Best is trial 9 with value: 0.04020372315461437.
[I 2026-03-04 18:38:09,694] Trial 40 finished with value: 0.023073137888846077 and parameters: {'sigma_noise': 0.20839369069811983, 'A_repulsion': 0.005539772807033383, 'gamma': 0.8140915971836585, 'sigma_update': 0.12447095393708152, 'eta_learning': 1.8627741613760742, 'sigma_boundary': 9.906229243257709, 'alpha': 0.8295433962724551}. Best is trial 40 with value: 0.023073137888846077.
[I 2026-03-04 18:39:28,351] Trial 42 finished with value: 0.02459640751402518 and parameters: {'sigma_noise': 0.19587773632443037, 'A_repulsion': 0.006766793919028444, 'gamma': 0.8029209078011785, 'sigma_update': 0.1405793803867859, 'eta_learning': 1.9106200301680745, 'sigma_boundary': 9.606028222374807, 'alpha': 0.815845047557858}. Best is trial 40 with value: 0.023073137888846077.
[I 2026-03-04 18:39:58,001] Trial 43 finished with value: 0.019410621718255028 and parameters: {'sigma_noise': 0.20369756487819726, 'A_repulsion': 0.0015607752830907873, 'gamma': 0.8236904757578974, 'sigma_update': 0.15485414710959716, 'eta_learning': 1.8091694713806254, 'sigma_boundary': 9.627649496132594, 'alpha': 0.7428240320599816}. Best is trial 43 with value: 0.019410621718255028.
[I 2026-03-04 18:41:32,687] Trial 44 finished with value: 0.023056450097090984 and parameters: {'sigma_noise': 0.21201720186215597, 'A_repulsion': 0.028169650622259193, 'gamma': 0.8143036117592132, 'sigma_update': 0.153825333504493, 'eta_learning': 1.7982269157945154, 'sigma_boundary': 9.949399095991314, 'alpha': 0.5683825505569714}. Best is trial 43 with value: 0.019410621718255028.
[I 2026-03-04 18:41:39,020] Trial 45 finished with value: 0.02918179046631665 and parameters: {'sigma_noise': 0.20541867531915808, 'A_repulsion': 0.013026849649589792, 'gamma': 0.8138020088355364, 'sigma_update': 0.18755574191979243, 'eta_learning': 1.747829956351603, 'sigma_boundary': 9.824642673447178, 'alpha': 0.5475887493976705}. Best is trial 43 with value: 0.019410621718255028.
[I 2026-03-04 18:42:03,509] Trial 47 finished with value: 0.031855971710322284 and parameters: {'sigma_noise': 0.20277810876878405, 'A_repulsion': 0.027398800422175157, 'gamma': 0.7273900453801416, 'sigma_update': 0.19470892102114298, 'eta_learning': 1.8056182375112992, 'sigma_boundary': 9.823026052281332, 'alpha': 0.5638249929826122}. Best is trial 43 with value: 0.019410621718255028.
[I 2026-03-04 18:42:16,429] Trial 41 finished with value: 0.07410823970455932 and parameters: {'sigma_noise': 0.21767123655357545, 'A_repulsion': 0.44129481268032905, 'gamma': 0.8327430451519549, 'sigma_update': 0.15482601479992422, 'eta_learning': 1.8187983525723221, 'sigma_boundary': 9.987953643100191, 'alpha': 0.8318850570617272}. Best is trial 43 with value: 0.019410621718255028.
[I 2026-03-04 18:42:19,036] Trial 46 finished with value: 0.03592785737249558 and parameters: {'sigma_noise': 0.21529522658661285, 'A_repulsion': 0.034915778702515346, 'gamma': 0.7161332104566541, 'sigma_update': 0.18284648747407636, 'eta_learning': 1.8732611915536526, 'sigma_boundary': 9.9387303959157, 'alpha': 0.5526730987809232}. Best is trial 43 with value: 0.019410621718255028.
[I 2026-03-04 18:43:00,258] Trial 48 finished with value: 0.02610174352671498 and parameters: {'sigma_noise': 0.2215540395949805, 'A_repulsion': 0.032715481198850246, 'gamma': 0.8325291953060995, 'sigma_update': 0.19556366412162068, 'eta_learning': 1.800532356909494, 'sigma_boundary': 3.8455181347953222, 'alpha': 0.553315092891464}. Best is trial 43 with value: 0.019410621718255028.
[I 2026-03-04 18:43:40,626] Trial 49 finished with value: 0.03213999367405771 and parameters: {'sigma_noise': 0.2209364220612491, 'A_repulsion': 0.029104179256118246, 'gamma': 0.8615151286270529, 'sigma_update': 0.19710426460259584, 'eta_learning': 1.8643200497373005, 'sigma_boundary': 9.764927101573138, 'alpha': 0.5248330102611365}. Best is trial 43 with value: 0.019410621718255028.
[I 2026-03-04 18:46:45,514] Trial 53 finished with value: 0.02320107990964599 and parameters: {'sigma_noise': 0.22396748466987293, 'A_repulsion': 0.1575978919159478, 'gamma': 0.8500403888845893, 'sigma_update': 0.24190089473580573, 'eta_learning': 1.9011624857238476, 'sigma_boundary': 7.555146493639175, 'alpha': 0.5482703699049435}. Best is trial 43 with value: 0.019410621718255028.
[I 2026-03-04 18:46:48,425] Trial 50 finished with value: 0.062124251755370626 and parameters: {'sigma_noise': 0.20094922099861046, 'A_repulsion': 0.4442791277849568, 'gamma': 0.843990954739132, 'sigma_update': 0.22000728543005996, 'eta_learning': 1.8210874931856007, 'sigma_boundary': 7.238308129700045, 'alpha': 0.781000761923511}. Best is trial 43 with value: 0.019410621718255028.
[I 2026-03-04 18:47:14,417] Trial 51 finished with value: 0.0251378672807659 and parameters: {'sigma_noise': 0.21191547730612503, 'A_repulsion': 0.4353060917129508, 'gamma': 0.8515576095480449, 'sigma_update': 0.22353225835951004, 'eta_learning': 1.8061242947021594, 'sigma_boundary': 6.904387529689943, 'alpha': 0.5599492674408411}. Best is trial 43 with value: 0.019410621718255028.
[I 2026-03-04 18:47:25,044] Trial 55 finished with value: 0.02613692598045574 and parameters: {'sigma_noise': 0.22319660628084487, 'A_repulsion': 0.16489877045539258, 'gamma': 0.8604706621786514, 'sigma_update': 0.28581251695989657, 'eta_learning': 2.160151224817841, 'sigma_boundary': 7.3445221532985245, 'alpha': 0.8566189534435374}. Best is trial 43 with value: 0.019410621718255028.
[I 2026-03-04 18:47:44,739] Trial 52 finished with value: 0.02560690979462627 and parameters: {'sigma_noise': 0.22072013058743026, 'A_repulsion': 0.4415882581767079, 'gamma': 0.8592553909354382, 'sigma_update': 0.21945712921423932, 'eta_learning': 1.914843148702353, 'sigma_boundary': 3.458650781336568, 'alpha': 0.5713025429407833}. Best is trial 43 with value: 0.019410621718255028.
[I 2026-03-04 18:47:54,649] Trial 56 finished with value: 0.026386125726462876 and parameters: {'sigma_noise': 0.2273054642452631, 'A_repulsion': 0.16342856508201406, 'gamma': 0.8684992796777212, 'sigma_update': 0.2834078446488859, 'eta_learning': 2.179053119621168, 'sigma_boundary': 7.166169135888618, 'alpha': 0.8542679870469999}. Best is trial 43 with value: 0.019410621718255028.
[I 2026-03-04 18:48:02,653] Trial 58 finished with value: 0.030635745551072194 and parameters: {'sigma_noise': 0.22880593957847017, 'A_repulsion': 0.1585774606018177, 'gamma': 0.8604420734311795, 'sigma_update': 0.2671323302283422, 'eta_learning': 2.0832317655242543, 'sigma_boundary': 3.511568996703847, 'alpha': 0.526881235822667}. Best is trial 43 with value: 0.019410621718255028.
[I 2026-03-04 18:48:30,075] Trial 59 finished with value: 0.024963818225377986 and parameters: {'sigma_noise': 0.21695898371762795, 'A_repulsion': 0.1603737380703634, 'gamma': 0.8714332945413966, 'sigma_update': 0.2555857398463959, 'eta_learning': 2.093708747064696, 'sigma_boundary': 7.347242501991172, 'alpha': 0.5369686110914136}. Best is trial 43 with value: 0.019410621718255028.
[I 2026-03-04 18:48:56,861] Trial 54 finished with value: 0.019642468234821457 and parameters: {'sigma_noise': 0.23263937180557023, 'A_repulsion': 0.3229875087907903, 'gamma': 0.863964158376751, 'sigma_update': 0.2060377969078538, 'eta_learning': 2.16647581545077, 'sigma_boundary': 3.744457624333438, 'alpha': 0.5508607062429969}. Best is trial 43 with value: 0.019410621718255028.
[I 2026-03-04 18:49:20,330] Trial 60 finished with value: 0.02901117143073068 and parameters: {'sigma_noise': 0.22429548729613447, 'A_repulsion': 0.16180405268747997, 'gamma': 0.8672863159562993, 'sigma_update': 0.23562646251883035, 'eta_learning': 2.126936525987739, 'sigma_boundary': 7.411478997005769, 'alpha': 0.8816566856140081}. Best is trial 43 with value: 0.019410621718255028.
[I 2026-03-04 18:49:21,687] Trial 57 finished with value: 0.024216653147563893 and parameters: {'sigma_noise': 0.22465533422227227, 'A_repulsion': 0.3177543891613226, 'gamma': 0.8585167443178865, 'sigma_update': 0.27203514736372286, 'eta_learning': 2.032383396655538, 'sigma_boundary': 7.30682130512909, 'alpha': 0.531342104393033}. Best is trial 43 with value: 0.019410621718255028.
[I 2026-03-04 18:49:39,370] Trial 61 finished with value: 0.019234549990265574 and parameters: {'sigma_noise': 0.22520366297722716, 'A_repulsion': 0.056802017350908514, 'gamma': 0.8552366877473039, 'sigma_update': 0.23536534421145383, 'eta_learning': 2.0229127739596797, 'sigma_boundary': 7.360245628450844, 'alpha': 0.874639448190796}. Best is trial 61 with value: 0.019234549990265574.
[I 2026-03-04 18:49:59,708] Trial 62 finished with value: 0.04179416092078525 and parameters: {'sigma_noise': 0.22209088927360396, 'A_repulsion': 0.05913619922164228, 'gamma': 0.8601165755578312, 'sigma_update': 0.08691337628819162, 'eta_learning': 2.1700459626152386, 'sigma_boundary': 7.660579495741863, 'alpha': 0.8762947822013711}. Best is trial 61 with value: 0.019234549990265574.
[I 2026-03-04 18:51:36,190] Trial 64 finished with value: 0.03908245523457721 and parameters: {'sigma_noise': 0.2265654634987239, 'A_repulsion': 0.05615518509726155, 'gamma': 0.8163932902802065, 'sigma_update': 0.2228646385783048, 'eta_learning': 1.9961172708699506, 'sigma_boundary': 7.929356714516667, 'alpha': 0.522900764276433}. Best is trial 61 with value: 0.019234549990265574.
[I 2026-03-04 18:51:58,069] Trial 63 finished with value: 0.07722691217181646 and parameters: {'sigma_noise': 0.23922479042315528, 'A_repulsion': 0.058259269070602554, 'gamma': 0.8268929101686162, 'sigma_update': 0.07430978648388131, 'eta_learning': 1.9954086256338381, 'sigma_boundary': 7.891683883566683, 'alpha': 0.5426684441125784}. Best is trial 61 with value: 0.019234549990265574.
[I 2026-03-04 18:52:30,472] Trial 65 finished with value: 0.06985894649935817 and parameters: {'sigma_noise': 0.22751340645017076, 'A_repulsion': 0.05784112988158184, 'gamma': 0.8161130531494405, 'sigma_update': 0.06910976443150157, 'eta_learning': 1.9927569459917338, 'sigma_boundary': 7.990144357349248, 'alpha': 0.5546395755224933}. Best is trial 61 with value: 0.019234549990265574.
[I 2026-03-04 18:52:46,150] Trial 67 finished with value: 0.023746359417852726 and parameters: {'sigma_noise': 0.2685040261014722, 'A_repulsion': 0.05931303787362212, 'gamma': 0.8439961510203885, 'sigma_update': 0.2269663236247504, 'eta_learning': 2.040577879145161, 'sigma_boundary': 3.5384642110898965, 'alpha': 0.9241659110098113}. Best is trial 61 with value: 0.019234549990265574.
[I 2026-03-04 18:52:54,420] Trial 66 finished with value: 0.048715650792359136 and parameters: {'sigma_noise': 0.27439224932206285, 'A_repulsion': 0.05479405090354145, 'gamma': 0.8621656867639103, 'sigma_update': 0.23430069567565925, 'eta_learning': 2.0212620443786893, 'sigma_boundary': 8.09135996227841, 'alpha': 0.5099062789014813}. Best is trial 61 with value: 0.019234549990265574.
[I 2026-03-04 18:53:40,066] Trial 68 finished with value: 0.18697146458772854 and parameters: {'sigma_noise': 0.27698317623442203, 'A_repulsion': 0.05547634016323705, 'gamma': 0.5342593171047793, 'sigma_update': 0.06769400398962108, 'eta_learning': 2.0539277279768426, 'sigma_boundary': 3.530844153050687, 'alpha': 0.8990304734773074}. Best is trial 61 with value: 0.019234549990265574.
[I 2026-03-04 18:54:42,966] Trial 69 finished with value: 0.12018892276452939 and parameters: {'sigma_noise': 0.28282317366744486, 'A_repulsion': 0.06398505972035343, 'gamma': 0.5008821723146585, 'sigma_update': 0.0977823159364212, 'eta_learning': 2.0936245438758485, 'sigma_boundary': 3.096978614079773, 'alpha': 0.9025226212794517}. Best is trial 61 with value: 0.019234549990265574.
[I 2026-03-04 18:57:03,582] Trial 70 finished with value: 0.0866675453129301 and parameters: {'sigma_noise': 0.23343457711180596, 'A_repulsion': 0.061160356864370734, 'gamma': 0.5150787284160042, 'sigma_update': 0.2310085238336754, 'eta_learning': 2.053847737820573, 'sigma_boundary': 3.628677145644498, 'alpha': 0.4809649453824808}. Best is trial 61 with value: 0.019234549990265574.
[I 2026-03-04 18:57:45,097] Trial 72 finished with value: 0.08636872568970337 and parameters: {'sigma_noise': 0.26721870791163443, 'A_repulsion': 0.06554494657237993, 'gamma': 0.6714611103948186, 'sigma_update': 0.1037821289203525, 'eta_learning': 2.0530627108304853, 'sigma_boundary': 7.911181078902245, 'alpha': 0.914443179492068}. Best is trial 61 with value: 0.019234549990265574.
[I 2026-03-04 18:57:46,040] Trial 71 finished with value: 0.09612733626697766 and parameters: {'sigma_noise': 0.27433240827593414, 'A_repulsion': 0.06469236935806526, 'gamma': 0.673294752016314, 'sigma_update': 0.10627514310729996, 'eta_learning': 2.018356776318489, 'sigma_boundary': 4.084592679018019, 'alpha': 0.49329574980523266}. Best is trial 61 with value: 0.019234549990265574.
[I 2026-03-04 18:58:13,225] Trial 73 finished with value: 0.10399361056627338 and parameters: {'sigma_noise': 0.27252508712772305, 'A_repulsion': 0.06554125022055086, 'gamma': 0.5231863225042999, 'sigma_update': 0.08274868823527048, 'eta_learning': 2.0009304985508205, 'sigma_boundary': 8.109621178528998, 'alpha': 0.501382769173462}. Best is trial 61 with value: 0.019234549990265574.
[I 2026-03-04 18:58:25,187] Trial 74 finished with value: 0.09934574146511858 and parameters: {'sigma_noise': 0.27573057734521034, 'A_repulsion': 0.05994419810991384, 'gamma': 0.5555154053912834, 'sigma_update': 0.10312932740700545, 'eta_learning': 2.048936286784716, 'sigma_boundary': 7.928249156780765, 'alpha': 0.4825420050034161}. Best is trial 61 with value: 0.019234549990265574.
[I 2026-03-04 18:58:37,747] Trial 76 finished with value: 0.09552818614394512 and parameters: {'sigma_noise': 0.2644540401379625, 'A_repulsion': 0.06743812157137205, 'gamma': 0.5131216240604689, 'sigma_update': 0.10506920581178646, 'eta_learning': 1.3797890869955338, 'sigma_boundary': 7.900207345712896, 'alpha': 0.907594122532661}. Best is trial 61 with value: 0.019234549990265574.
[I 2026-03-04 18:58:46,255] Trial 75 finished with value: 0.10686922788751115 and parameters: {'sigma_noise': 0.2778327263068636, 'A_repulsion': 0.061800659297848906, 'gamma': 0.6623673177627101, 'sigma_update': 0.09782164344549679, 'eta_learning': 2.0293947209546204, 'sigma_boundary': 7.95607768407435, 'alpha': 0.494065015685054}. Best is trial 61 with value: 0.019234549990265574.
[I 2026-03-04 18:59:15,792] Trial 77 finished with value: 0.11978803025997649 and parameters: {'sigma_noise': 0.27822839644332165, 'A_repulsion': 0.06256911904440465, 'gamma': 0.6754243304003835, 'sigma_update': 0.10983449999097292, 'eta_learning': 2.3986233061542657, 'sigma_boundary': 8.351743209030207, 'alpha': 0.48023710204130393}. Best is trial 61 with value: 0.019234549990265574.
[I 2026-03-04 18:59:41,627] Trial 78 finished with value: 0.09961438279824307 and parameters: {'sigma_noise': 0.2716619420361918, 'A_repulsion': 0.06400814786682882, 'gamma': 0.6576613686036005, 'sigma_update': 0.11183357659216803, 'eta_learning': 2.3852818343690525, 'sigma_boundary': 7.895211872607888, 'alpha': 0.48201537494833047}. Best is trial 61 with value: 0.019234549990265574.
[I 2026-03-04 18:59:55,809] Trial 79 finished with value: 0.09763870229148618 and parameters: {'sigma_noise': 0.27490091004019057, 'A_repulsion': 0.07054838140312199, 'gamma': 0.6623473469016633, 'sigma_update': 0.11457821590193015, 'eta_learning': 2.3240213057322023, 'sigma_boundary': 7.985551024229491, 'alpha': 0.49333332063241236}. Best is trial 61 with value: 0.019234549990265574.
[I 2026-03-04 19:00:05,835] Trial 80 finished with value: 0.08862463881957727 and parameters: {'sigma_noise': 0.27713629781576965, 'A_repulsion': 0.057745936409759765, 'gamma': 0.5231431373275057, 'sigma_update': 0.10742667482461962, 'eta_learning': 2.32106547992849, 'sigma_boundary': 8.211025686002971, 'alpha': 0.4842722508570927}. Best is trial 61 with value: 0.019234549990265574.
[I 2026-03-04 19:00:09,895] Trial 81 finished with value: 0.021503491739566498 and parameters: {'sigma_noise': 0.2727151645614827, 'A_repulsion': 0.05821028544098889, 'gamma': 0.9215905571575335, 'sigma_update': 0.31298480414451113, 'eta_learning': 2.3843780864784017, 'sigma_boundary': 8.063934404536635, 'alpha': 0.9108727186732417}. Best is trial 61 with value: 0.019234549990265574.
