[I 2026-03-04 19:02:02,035] Trial 82 finished with value: 0.04586322427945503 and parameters: {'sigma_noise': 0.27397414557178, 'A_repulsion': 0.3194581907252019, 'gamma': 0.9220079897381184, 'sigma_update': 0.3011163531321414, 'eta_learning': 2.3184605065320083, 'sigma_boundary': 6.013900209973088, 'alpha': 0.4908248376402446}. Best is trial 61 with value: 0.019234549990265574.
[I 2026-03-04 19:02:41,678] Trial 84 finished with value: 0.21888539806439136 and parameters: {'sigma_noise': 0.2698690905688261, 'A_repulsion': 0.08510426682145873, 'gamma': 0.5424527960657812, 'sigma_update': 0.3258606561400715, 'eta_learning': 2.3893385211449996, 'sigma_boundary': 5.750113552754458, 'alpha': 0.4615486069760325}. Best is trial 61 with value: 0.019234549990265574.
[I 2026-03-04 19:02:49,105] Trial 88 finished with value: 0.028950096632330453 and parameters: {'sigma_noise': 0.16898035217967267, 'A_repulsion': 0.0770366273082673, 'gamma': 0.6770197350377783, 'sigma_update': 0.32513625191364676, 'eta_learning': 2.2977695793428476, 'sigma_boundary': 2.775504983192062, 'alpha': 0.9295996977825013}. Best is trial 61 with value: 0.019234549990265574.
[I 2026-03-04 19:03:27,607] Trial 87 finished with value: 0.15161872085947184 and parameters: {'sigma_noise': 0.26512858534965644, 'A_repulsion': 0.08796832648258053, 'gamma': 0.6650723741046253, 'sigma_update': 0.30189951705650403, 'eta_learning': 2.3797169095231134, 'sigma_boundary': 4.278535509684159, 'alpha': 0.474564346173249}. Best is trial 61 with value: 0.019234549990265574.
[I 2026-03-04 19:03:36,579] Trial 86 finished with value: 0.33569770228453377 and parameters: {'sigma_noise': 0.27720227893798854, 'A_repulsion': 0.08381764869768923, 'gamma': 0.9141915736368966, 'sigma_update': 0.1191939710326694, 'eta_learning': 2.3435458677655547, 'sigma_boundary': 4.47330837697024, 'alpha': 0.39248150056671244}. Best is trial 61 with value: 0.019234549990265574.
[I 2026-03-04 19:03:55,472] Trial 83 finished with value: 0.23949076324894736 and parameters: {'sigma_noise': 0.26730806056774736, 'A_repulsion': 0.27885344227364045, 'gamma': 0.545538583988797, 'sigma_update': 0.31984134852875107, 'eta_learning': 2.3668369520436165, 'sigma_boundary': 6.30210566844352, 'alpha': 0.4548288018224436}. Best is trial 61 with value: 0.019234549990265574.
[I 2026-03-04 19:04:31,807] Trial 85 finished with value: 0.37689710052178554 and parameters: {'sigma_noise': 0.2808216183041291, 'A_repulsion': 0.3266959393196342, 'gamma': 0.9045547573220951, 'sigma_update': 0.3081906611563141, 'eta_learning': 2.263991134556322, 'sigma_boundary': 5.42641916441401, 'alpha': 0.3946109019756884}. Best is trial 61 with value: 0.019234549990265574.
[I 2026-03-04 19:05:16,737] Trial 89 finished with value: 0.10814410747781227 and parameters: {'sigma_noise': 0.2607861078223703, 'A_repulsion': 0.07884036848968623, 'gamma': 0.9079120446300926, 'sigma_update': 0.334383332258771, 'eta_learning': 2.3837689843209198, 'sigma_boundary': 4.4365708668739945, 'alpha': 0.4609723144607959}. Best is trial 61 with value: 0.019234549990265574.
[I 2026-03-04 19:06:37,484] Trial 90 finished with value: 0.04116242285170374 and parameters: {'sigma_noise': 0.18110306066868037, 'A_repulsion': 0.08764511910905877, 'gamma': 0.9234077701660524, 'sigma_update': 0.11487458796548407, 'eta_learning': 2.3853272257627913, 'sigma_boundary': 5.824150113856726, 'alpha': 0.9301475799209765}. Best is trial 61 with value: 0.019234549990265574.
[I 2026-03-04 19:07:17,176] Trial 92 finished with value: 0.17921579658458298 and parameters: {'sigma_noise': 0.18407749286596176, 'A_repulsion': 0.08493482676545511, 'gamma': 0.9063314498325721, 'sigma_update': 0.3073936551713948, 'eta_learning': 2.399587865678442, 'sigma_boundary': 4.278638428445188, 'alpha': 0.3933019423782086}. Best is trial 61 with value: 0.019234549990265574.
[I 2026-03-04 19:09:12,130] Trial 91 finished with value: 0.25300330772533086 and parameters: {'sigma_noise': 0.17981544530147295, 'A_repulsion': 0.3307294498984159, 'gamma': 0.9079768191802382, 'sigma_update': 0.3080436435953783, 'eta_learning': 2.3173834022006217, 'sigma_boundary': 4.183874162740553, 'alpha': 0.38429959560082494}. Best is trial 61 with value: 0.019234549990265574.
[I 2026-03-04 19:09:24,438] Trial 94 finished with value: 0.07905754133307143 and parameters: {'sigma_noise': 0.1697421316917456, 'A_repulsion': 0.3155552948854442, 'gamma': 0.9050997244426183, 'sigma_update': 0.30949833264798804, 'eta_learning': 2.3874500921632476, 'sigma_boundary': 6.365088313806519, 'alpha': 0.9367113652915224}. Best is trial 61 with value: 0.019234549990265574.
[I 2026-03-04 19:09:40,267] Trial 93 finished with value: 0.2819425053076646 and parameters: {'sigma_noise': 0.1824690623106487, 'A_repulsion': 0.3230182549920819, 'gamma': 0.8988895002372931, 'sigma_update': 0.3190868198799494, 'eta_learning': 2.2656174184316487, 'sigma_boundary': 5.922700796475514, 'alpha': 0.3811182862647242}. Best is trial 61 with value: 0.019234549990265574.
[I 2026-03-04 19:10:01,088] Trial 95 finished with value: 0.2351750098489091 and parameters: {'sigma_noise': 0.18247466237120558, 'A_repulsion': 0.3028183836823328, 'gamma': 0.9036622534736369, 'sigma_update': 0.3183646383780216, 'eta_learning': 2.2411761992016612, 'sigma_boundary': 5.862865947886796, 'alpha': 0.39096165171473146}. Best is trial 61 with value: 0.019234549990265574.
[I 2026-03-04 19:10:05,981] Trial 96 finished with value: 0.03146803580659929 and parameters: {'sigma_noise': 0.17328840039022692, 'A_repulsion': 0.32569684963592876, 'gamma': 0.9201974953883673, 'sigma_update': 0.31812094199666197, 'eta_learning': 2.3202001255258424, 'sigma_boundary': 6.007332703907422, 'alpha': 0.6480788841410773}. Best is trial 61 with value: 0.019234549990265574.
[I 2026-03-04 19:10:40,223] Trial 97 finished with value: 0.25738809811897456 and parameters: {'sigma_noise': 0.1778162069061599, 'A_repulsion': 0.3271839539942998, 'gamma': 0.9015904873866958, 'sigma_update': 0.30760871926880323, 'eta_learning': 2.26656880285377, 'sigma_boundary': 5.9512230487450966, 'alpha': 0.38374004688411234}. Best is trial 61 with value: 0.019234549990265574.
[I 2026-03-04 19:11:07,536] Trial 98 finished with value: 0.029160107541286413 and parameters: {'sigma_noise': 0.18095531207720472, 'A_repulsion': 0.3261141603450868, 'gamma': 0.8982192323655233, 'sigma_update': 0.3192652412569948, 'eta_learning': 2.305330094710628, 'sigma_boundary': 5.816727540553115, 'alpha': 0.6609813458480164}. Best is trial 61 with value: 0.019234549990265574.
[I 2026-03-04 19:11:08,477] Trial 99 finished with value: 0.21380863408865095 and parameters: {'sigma_noise': 0.17683440273210915, 'A_repulsion': 0.3154447336589441, 'gamma': 0.9280145580463568, 'sigma_update': 0.37234381714268416, 'eta_learning': 1.5934077960672572, 'sigma_boundary': 5.3510087663308585, 'alpha': 0.40625250584463596}. Best is trial 61 with value: 0.019234549990265574.
[I 2026-03-04 19:11:44,140] Trial 100 finished with value: 0.02761340010301005 and parameters: {'sigma_noise': 0.1765309320271029, 'A_repulsion': 0.31901566491936867, 'gamma': 0.9160396256500541, 'sigma_update': 0.3291931184759945, 'eta_learning': 1.608293791308216, 'sigma_boundary': 6.300317298731516, 'alpha': 0.6483405224045998}. Best is trial 61 with value: 0.019234549990265574.
[I 2026-03-04 19:11:45,297] Trial 102 finished with value: 0.03657605227292485 and parameters: {'sigma_noise': 0.17791270750230334, 'A_repulsion': 0.09446650903004136, 'gamma': 0.9030457502094201, 'sigma_update': 0.34839144625286, 'eta_learning': 1.685734740087369, 'sigma_boundary': 4.503992495554539, 'alpha': 0.947979301806368}. Best is trial 61 with value: 0.019234549990265574.
[I 2026-03-04 19:12:08,157] Trial 101 finished with value: 0.06150240214235964 and parameters: {'sigma_noise': 0.25163003141402995, 'A_repulsion': 0.3267897585819819, 'gamma': 0.9079076770713542, 'sigma_update': 0.3306494429553613, 'eta_learning': 2.536693312124074, 'sigma_boundary': 5.5228241829476605, 'alpha': 0.9600908659642723}. Best is trial 61 with value: 0.019234549990265574.
[I 2026-03-04 19:14:12,390] Trial 104 finished with value: 0.23451724915534344 and parameters: {'sigma_noise': 0.18290566673560918, 'A_repulsion': 0.30425139530880063, 'gamma': 0.9971215871005943, 'sigma_update': 0.3679672267565137, 'eta_learning': 2.5834153237851245, 'sigma_boundary': 6.587294654170441, 'alpha': 0.40421444226864495}. Best is trial 61 with value: 0.019234549990265574.
[I 2026-03-04 19:14:26,863] Trial 103 finished with value: 0.0821926711326596 and parameters: {'sigma_noise': 0.17803871373240224, 'A_repulsion': 0.3370234947641291, 'gamma': 0.891592263537965, 'sigma_update': 0.3507846618248324, 'eta_learning': 2.55554944528033, 'sigma_boundary': 8.625023859887328, 'alpha': 0.9663066380204907}. Best is trial 61 with value: 0.019234549990265574.
[I 2026-03-04 19:14:28,853] Trial 109 finished with value: 0.03404016346707901 and parameters: {'sigma_noise': 0.183314178198004, 'A_repulsion': 0.04015641956544928, 'gamma': 0.9575327543749068, 'sigma_update': 0.3569939642547244, 'eta_learning': 2.562568761189384, 'sigma_boundary': 9.369694900732934, 'alpha': 0.9597787906321967}. Best is trial 61 with value: 0.019234549990265574.
[I 2026-03-04 19:15:18,371] Trial 106 finished with value: 0.023700351536899554 and parameters: {'sigma_noise': 0.1826750739051856, 'A_repulsion': 0.3281226434674389, 'gamma': 0.957847998797837, 'sigma_update': 0.360722747247, 'eta_learning': 1.6450559025742086, 'sigma_boundary': 8.484535051556195, 'alpha': 0.6530691348133704}. Best is trial 61 with value: 0.019234549990265574.
[I 2026-03-04 19:15:39,460] Trial 105 finished with value: 0.05981300365584152 and parameters: {'sigma_noise': 0.24800360014080725, 'A_repulsion': 0.3347896680759659, 'gamma': 0.8893881075758139, 'sigma_update': 0.3672381333493174, 'eta_learning': 1.5710777993733502, 'sigma_boundary': 6.451269379635943, 'alpha': 0.9618662605303436}. Best is trial 61 with value: 0.019234549990265574.
[I 2026-03-04 19:15:59,584] Trial 110 finished with value: 0.026020316693558677 and parameters: {'sigma_noise': 0.18704101747551102, 'A_repulsion': 0.03813511765623463, 'gamma': 0.7952661710818543, 'sigma_update': 0.36529639098049926, 'eta_learning': 1.6454550526856422, 'sigma_boundary': 9.451438686926059, 'alpha': 0.9697793864177673}. Best is trial 61 with value: 0.019234549990265574.
[I 2026-03-04 19:16:13,731] Trial 107 finished with value: 0.06488431420896378 and parameters: {'sigma_noise': 0.2520156954400758, 'A_repulsion': 0.3558672542129457, 'gamma': 0.9030785726037099, 'sigma_update': 0.3662479131298627, 'eta_learning': 1.640840722902783, 'sigma_boundary': 9.361757095622382, 'alpha': 0.9601632354079461}. Best is trial 61 with value: 0.019234549990265574.
[I 2026-03-04 19:17:05,746] Trial 108 finished with value: 0.0632649261594933 and parameters: {'sigma_noise': 0.24690711530757786, 'A_repulsion': 0.30910288564227417, 'gamma': 0.9546155378917092, 'sigma_update': 0.34380197569361026, 'eta_learning': 2.5645421029267483, 'sigma_boundary': 6.620032284858283, 'alpha': 0.9670640467463971}. Best is trial 61 with value: 0.019234549990265574.
[I 2026-03-04 19:17:52,976] Trial 111 finished with value: 0.015698153675742024 and parameters: {'sigma_noise': 0.2448978609604955, 'A_repulsion': 0.04375437966310146, 'gamma': 0.9586596130109034, 'sigma_update': 0.3867853954928827, 'eta_learning': 1.661839617824097, 'sigma_boundary': 9.398957722157053, 'alpha': 0.7248452608397354}. Best is trial 111 with value: 0.015698153675742024.
[I 2026-03-04 19:19:30,122] Trial 112 finished with value: 0.026423327446840124 and parameters: {'sigma_noise': 0.24919427299817237, 'A_repulsion': 0.04037019852592158, 'gamma': 0.7893963743376621, 'sigma_update': 0.16578910709703554, 'eta_learning': 1.5518550005616651, 'sigma_boundary': 9.530756621636923, 'alpha': 0.8146954663311662}. Best is trial 111 with value: 0.015698153675742024.
[I 2026-03-04 19:19:48,179] Trial 113 finished with value: 0.017840156882353207 and parameters: {'sigma_noise': 0.2478874948609357, 'A_repulsion': 0.041591657142402295, 'gamma': 0.7933329239941793, 'sigma_update': 0.35847186295859873, 'eta_learning': 1.6783436250603248, 'sigma_boundary': 8.850086376300338, 'alpha': 0.8165466561670924}. Best is trial 111 with value: 0.015698153675742024.
[I 2026-03-04 19:20:17,982] Trial 114 finished with value: 0.03478977387829446 and parameters: {'sigma_noise': 0.25049633421580303, 'A_repulsion': 0.042620749570931114, 'gamma': 0.7884403602830135, 'sigma_update': 0.3662606197945461, 'eta_learning': 1.620024410872485, 'sigma_boundary': 9.532581577201736, 'alpha': 0.6623832346007094}. Best is trial 111 with value: 0.015698153675742024.
[I 2026-03-04 19:20:35,945] Trial 115 finished with value: 0.025100299093393442 and parameters: {'sigma_noise': 0.2520331653892871, 'A_repulsion': 0.042207556366801506, 'gamma': 0.9951505896867388, 'sigma_update': 0.3640133063699547, 'eta_learning': 1.6879834150424773, 'sigma_boundary': 9.439245988980307, 'alpha': 0.9647349222878392}. Best is trial 111 with value: 0.015698153675742024.
[I 2026-03-04 19:20:43,365] Trial 116 finished with value: 0.02711817621399539 and parameters: {'sigma_noise': 0.2500406891533278, 'A_repulsion': 0.04312317378663644, 'gamma': 0.7943288335680727, 'sigma_update': 0.16218924880984092, 'eta_learning': 1.9309022772769122, 'sigma_boundary': 9.418465582582007, 'alpha': 0.7931124951343589}. Best is trial 111 with value: 0.015698153675742024.
[I 2026-03-04 19:21:17,812] Trial 119 finished with value: 0.02653643477688339 and parameters: {'sigma_noise': 0.2512641022840812, 'A_repulsion': 0.016903369085170584, 'gamma': 0.7947468213647632, 'sigma_update': 0.1619559364867964, 'eta_learning': 2.57830328470179, 'sigma_boundary': 9.42452346019883, 'alpha': 0.8036358962676292}. Best is trial 111 with value: 0.015698153675742024.
[I 2026-03-04 19:21:22,432] Trial 118 finished with value: 0.025492085298602585 and parameters: {'sigma_noise': 0.24858875557822951, 'A_repulsion': 0.04200750226728531, 'gamma': 0.7974269929780043, 'sigma_update': 0.16728342826627332, 'eta_learning': 1.6779836966477528, 'sigma_boundary': 9.343499750765009, 'alpha': 0.803893234707181}. Best is trial 111 with value: 0.015698153675742024.
[I 2026-03-04 19:21:29,151] Trial 117 finished with value: 0.06124882402531815 and parameters: {'sigma_noise': 0.24708372137202333, 'A_repulsion': 0.04147839020538213, 'gamma': 0.9558312415987081, 'sigma_update': 0.045235723153797286, 'eta_learning': 1.6099571063117935, 'sigma_boundary': 9.344136952308418, 'alpha': 0.9739208530230219}. Best is trial 111 with value: 0.015698153675742024.
[I 2026-03-04 19:22:14,999] Trial 120 finished with value: 0.03694716273253347 and parameters: {'sigma_noise': 0.2519755236585598, 'A_repulsion': 0.04462617936757819, 'gamma': 0.7931962097222224, 'sigma_update': 0.2543162122021659, 'eta_learning': 1.697705895584082, 'sigma_boundary': 9.527736841809077, 'alpha': 0.6027878018008472}. Best is trial 111 with value: 0.015698153675742024.
[I 2026-03-04 19:23:53,665] Trial 126 finished with value: 0.03150392493379116 and parameters: {'sigma_noise': 0.15892577494465565, 'A_repulsion': 0.00016426010156180438, 'gamma': 0.7941640515346635, 'sigma_update': 0.16880019581663175, 'eta_learning': 1.9431232389997257, 'sigma_boundary': 9.566314635686402, 'alpha': 0.6058013070155518}. Best is trial 111 with value: 0.015698153675742024.
[I 2026-03-04 19:24:06,694] Trial 121 finished with value: 0.025785797748279982 and parameters: {'sigma_noise': 0.2513109611525345, 'A_repulsion': 0.22363343124121443, 'gamma': 0.7915086777378093, 'sigma_update': 0.2578528229509009, 'eta_learning': 1.9499797550723716, 'sigma_boundary': 9.459682372178271, 'alpha': 0.8039812832860216}. Best is trial 111 with value: 0.015698153675742024.
[I 2026-03-04 19:24:24,536] Trial 122 finished with value: 0.024754462530466245 and parameters: {'sigma_noise': 0.241744325070932, 'A_repulsion': 0.23239551531853792, 'gamma': 0.7920902179346941, 'sigma_update': 0.250990504063632, 'eta_learning': 1.9406740016261221, 'sigma_boundary': 9.490052653833137, 'alpha': 0.8126040620738992}. Best is trial 111 with value: 0.015698153675742024.
[I 2026-03-04 19:24:41,492] Trial 128 finished with value: 0.030642395509188524 and parameters: {'sigma_noise': 0.1576118458269879, 'A_repulsion': 0.017445967796952927, 'gamma': 0.785752709581212, 'sigma_update': 0.1642473861446776, 'eta_learning': 1.9183198735326406, 'sigma_boundary': 7.608593723464039, 'alpha': 0.7367061179108471}. Best is trial 111 with value: 0.015698153675742024.
[I 2026-03-04 19:24:47,405] Trial 124 finished with value: 0.02007374521442959 and parameters: {'sigma_noise': 0.24179833289790728, 'A_repulsion': 0.042579992128143056, 'gamma': 0.7969044926968446, 'sigma_update': 0.2578989369253441, 'eta_learning': 1.9261625071482962, 'sigma_boundary': 9.435223879561528, 'alpha': 0.8177784810330875}. Best is trial 111 with value: 0.015698153675742024.
[I 2026-03-04 19:24:48,524] Trial 123 finished with value: 0.015870119213384673 and parameters: {'sigma_noise': 0.24506328289913942, 'A_repulsion': 0.04231914671952165, 'gamma': 0.9419377349905453, 'sigma_update': 0.2567591405577106, 'eta_learning': 1.7297466703445268, 'sigma_boundary': 9.383211958372762, 'alpha': 0.7412023596165063}. Best is trial 111 with value: 0.015698153675742024.
[I 2026-03-04 19:25:41,664] Trial 125 finished with value: 0.05242845776863979 and parameters: {'sigma_noise': 0.29284515188500193, 'A_repulsion': 0.04227701363536321, 'gamma': 0.7925323444683947, 'sigma_update': 0.2534203350762157, 'eta_learning': 1.9325917024401353, 'sigma_boundary': 8.97511919991716, 'alpha': 0.5899778126535553}. Best is trial 111 with value: 0.015698153675742024.
[I 2026-03-04 19:26:00,377] Trial 127 finished with value: 0.023696457463586534 and parameters: {'sigma_noise': 0.2391471899544923, 'A_repulsion': 0.043735472000530226, 'gamma': 0.7928949600818452, 'sigma_update': 0.16949634750982492, 'eta_learning': 1.5143241914716292, 'sigma_boundary': 8.93281486850928, 'alpha': 0.8074633105421684}. Best is trial 111 with value: 0.015698153675742024.
[I 2026-03-04 19:26:44,620] Trial 130 finished with value: 0.015887000137555896 and parameters: {'sigma_noise': 0.20964278308503217, 'A_repulsion': 0.019801504307268722, 'gamma': 0.7927801570610062, 'sigma_update': 0.25538364436814387, 'eta_learning': 1.9081549955787718, 'sigma_boundary': 8.946576437788764, 'alpha': 0.8150556926854573}. Best is trial 111 with value: 0.015698153675742024.
[I 2026-03-04 19:29:05,992] Trial 129 finished with value: 0.04666655615619722 and parameters: {'sigma_noise': 0.29265250483367894, 'A_repulsion': 0.23850371200529671, 'gamma': 0.7848675081055863, 'sigma_update': 0.17108914518094948, 'eta_learning': 1.9307752592007936, 'sigma_boundary': 8.972468893799249, 'alpha': 0.8047917246148215}. Best is trial 111 with value: 0.015698153675742024.
[I 2026-03-04 19:29:19,677] Trial 132 finished with value: 0.018793940793517476 and parameters: {'sigma_noise': 0.23893440623224796, 'A_repulsion': 0.01009100274644811, 'gamma': 0.8388023174682097, 'sigma_update': 0.3874269018161466, 'eta_learning': 1.9138607691833658, 'sigma_boundary': 9.06706394981365, 'alpha': 0.7527841269916283}. Best is trial 111 with value: 0.015698153675742024.
[I 2026-03-04 19:30:10,386] Trial 136 finished with value: 0.025286692136196033 and parameters: {'sigma_noise': 0.208047303525337, 'A_repulsion': 0.020370009880851067, 'gamma': 0.8349602276395129, 'sigma_update': 0.43679415097189217, 'eta_learning': 1.4561998989705114, 'sigma_boundary': 8.973554265016439, 'alpha': 0.7238486319556204}. Best is trial 111 with value: 0.015698153675742024.
[I 2026-03-04 19:30:15,284] Trial 131 finished with value: 0.02488765902277275 and parameters: {'sigma_noise': 0.23844724374088788, 'A_repulsion': 0.235736766842424, 'gamma': 0.8375988687215425, 'sigma_update': 0.16997009471380298, 'eta_learning': 1.936038659931099, 'sigma_boundary': 8.8943127498684, 'alpha': 0.726287118417282}. Best is trial 111 with value: 0.015698153675742024.
[I 2026-03-04 19:30:16,058] Trial 134 finished with value: 0.022930653372377964 and parameters: {'sigma_noise': 0.23820992621044954, 'A_repulsion': 0.014933484194663177, 'gamma': 0.9754875917122158, 'sigma_update': 0.4773016602504075, 'eta_learning': 1.4457228108020566, 'sigma_boundary': 8.95291668092688, 'alpha': 0.7321348352272206}. Best is trial 111 with value: 0.015698153675742024.
[I 2026-03-04 19:30:41,969] Trial 133 finished with value: 0.035545861190302494 and parameters: {'sigma_noise': 0.2949314287564348, 'A_repulsion': 0.01857055236437085, 'gamma': 0.8399965055175634, 'sigma_update': 0.46097010141052697, 'eta_learning': 1.4518110319628938, 'sigma_boundary': 9.112342725630214, 'alpha': 0.7247598181942235}. Best is trial 111 with value: 0.015698153675742024.
[I 2026-03-04 19:31:35,996] Trial 140 finished with value: 0.020553919243523774 and parameters: {'sigma_noise': 0.20651111805455183, 'A_repulsion': 0.00041390038298581844, 'gamma': 0.8449087891677969, 'sigma_update': 0.3989540452452809, 'eta_learning': 1.749954252473398, 'sigma_boundary': 8.900274873494391, 'alpha': 0.7488853225630854}. Best is trial 111 with value: 0.015698153675742024.
[I 2026-03-04 19:31:56,733] Trial 138 finished with value: 0.01946245622084823 and parameters: {'sigma_noise': 0.2891549464032676, 'A_repulsion': 0.016476406394040254, 'gamma': 0.9427968744442243, 'sigma_update': 0.39105327858508204, 'eta_learning': 1.4282132408598311, 'sigma_boundary': 8.863298312447954, 'alpha': 0.7420446781158732}. Best is trial 111 with value: 0.015698153675742024.
