[I 2026-03-04 22:06:08,158] Trial 196 finished with value: 0.022209776689640373 and parameters: {'sigma_noise': 0.2658691794206674, 'A_repulsion': 0.2955263975473393, 'gamma': 0.8736633236433987, 'sigma_update': 0.6023296608540339, 'eta_learning': 1.6808769046312504, 'sigma_boundary': 5.616082984752158, 'alpha': 0.7963296725454257}. Best is trial 131 with value: 0.019201597993334797.
[I 2026-03-04 22:06:15,587] Trial 194 finished with value: 0.03708450908183789 and parameters: {'sigma_noise': 0.3212700967599903, 'A_repulsion': 0.27766525106819195, 'gamma': 0.8019258350913734, 'sigma_update': 0.6374702160206777, 'eta_learning': 1.5563487463271102, 'sigma_boundary': 4.251366018734034, 'alpha': 0.7852165010570059}. Best is trial 131 with value: 0.019201597993334797.
[I 2026-03-04 22:06:23,099] Trial 195 finished with value: 0.02966638630894799 and parameters: {'sigma_noise': 0.3164929873266205, 'A_repulsion': 0.30441864829835136, 'gamma': 0.8768634615612727, 'sigma_update': 0.5976316537821886, 'eta_learning': 1.480718967183359, 'sigma_boundary': 4.419531880091553, 'alpha': 0.7903851280073538}. Best is trial 131 with value: 0.019201597993334797.
[I 2026-03-04 22:06:26,442] Trial 197 finished with value: 0.028165838010584362 and parameters: {'sigma_noise': 0.31602110421811136, 'A_repulsion': 0.3059051172307503, 'gamma': 0.8698232953833499, 'sigma_update': 0.6394158051034985, 'eta_learning': 1.5478732490716973, 'sigma_boundary': 8.829568045396888, 'alpha': 0.7983009067133519}. Best is trial 131 with value: 0.019201597993334797.
[I 2026-03-04 22:06:29,896] Trial 199 finished with value: 0.05482097319298028 and parameters: {'sigma_noise': 0.324034298727515, 'A_repulsion': 0.305009712226273, 'gamma': 0.8680315452639799, 'sigma_update': 0.2258794760856636, 'eta_learning': 1.5401874655511323, 'sigma_boundary': 4.244328005252553, 'alpha': 0.6982155035416014}. Best is trial 131 with value: 0.019201597993334797.
[I 2026-03-04 22:06:30,297] Trial 198 finished with value: 0.03223970066869423 and parameters: {'sigma_noise': 0.31961349159694313, 'A_repulsion': 0.31038080291571707, 'gamma': 0.8751521493226159, 'sigma_update': 0.6390721566122861, 'eta_learning': 1.6864513453509795, 'sigma_boundary': 1.178230410113629, 'alpha': 0.805975009634331}. Best is trial 131 with value: 0.019201597993334797.
