/nfs/nhome/live/apourdehghan/Hybrid_hpc_utils.py:56: DtypeWarning: Columns (16) have mixed types. Specify dtype option on import or set low_memory=False.
  data = pd.read_csv(data_path)
[I 2026-03-04 16:22:55,670] A new study created in memory with name: no-name-16ba7766-53ca-49cc-9df1-2ed3b34df0b8
[I 2026-03-04 16:30:55,727] Trial 10 finished with value: 0.08553502493978273 and parameters: {'sigma_noise': 0.1700371400897292, 'A_repulsion': 0.037318685086251635, 'gamma': 0.8145219908175201, 'sigma_update': 0.054236909238831545, 'eta_learning': 0.17133782832067843, 'sigma_boundary': 7.125732745232216, 'alpha': 0.7843675081712553}. Best is trial 10 with value: 0.08553502493978273.
[I 2026-03-04 16:31:08,472] Trial 19 finished with value: 0.09469384814350963 and parameters: {'sigma_noise': 0.17016280489137964, 'A_repulsion': 0.04860078084957509, 'gamma': 0.4201614391858979, 'sigma_update': 0.09837429945253029, 'eta_learning': 1.2267711736180817, 'sigma_boundary': 5.729928966500463, 'alpha': 0.3539643161685416}. Best is trial 10 with value: 0.08553502493978273.
[I 2026-03-04 16:31:14,764] Trial 2 finished with value: 0.4709219323702452 and parameters: {'sigma_noise': 0.12754862491518687, 'A_repulsion': 0.14421012693099722, 'gamma': 0.2942087333111735, 'sigma_update': 0.5182795464631457, 'eta_learning': 0.5920456133399875, 'sigma_boundary': 2.5227281120381844, 'alpha': 0.22855717710240797}. Best is trial 10 with value: 0.08553502493978273.
[I 2026-03-04 16:31:36,733] Trial 0 finished with value: 1.0490509942505968 and parameters: {'sigma_noise': 0.11761320879158488, 'A_repulsion': 0.21925253607729583, 'gamma': 0.22659765115325584, 'sigma_update': 0.5292981171166544, 'eta_learning': 1.0053999996069947, 'sigma_boundary': 4.98136588548822, 'alpha': 0.14406612398512764}. Best is trial 10 with value: 0.08553502493978273.
[I 2026-03-04 16:33:06,428] Trial 4 finished with value: 0.13673660856235392 and parameters: {'sigma_noise': 0.12905083030042203, 'A_repulsion': 0.42754671217076295, 'gamma': 0.06838356811000858, 'sigma_update': 0.4607670488510587, 'eta_learning': 2.983251929489158, 'sigma_boundary': 7.880389041936902, 'alpha': 0.9510392753917609}. Best is trial 10 with value: 0.08553502493978273.
[I 2026-03-04 16:33:39,164] Trial 14 finished with value: 0.700916265535286 and parameters: {'sigma_noise': 0.21584629817444773, 'A_repulsion': 0.2712509637070385, 'gamma': 0.7732104350691513, 'sigma_update': 0.12382226888103812, 'eta_learning': 1.996127949263741, 'sigma_boundary': 6.826808882244855, 'alpha': 0.3332066155789968}. Best is trial 10 with value: 0.08553502493978273.
[I 2026-03-04 16:33:39,780] Trial 17 finished with value: 0.19160546798532258 and parameters: {'sigma_noise': 0.3985369491647704, 'A_repulsion': 0.03183662467059978, 'gamma': 0.471416893646678, 'sigma_update': 0.45607486563996297, 'eta_learning': 1.4135431070310207, 'sigma_boundary': 7.7707110006512865, 'alpha': 0.8901539096143939}. Best is trial 10 with value: 0.08553502493978273.
[I 2026-03-04 16:33:57,196] Trial 7 finished with value: 0.5171708493118287 and parameters: {'sigma_noise': 0.27155681319305763, 'A_repulsion': 0.2107836602729405, 'gamma': 0.6658150865361923, 'sigma_update': 0.6410499006163994, 'eta_learning': 1.240712118690199, 'sigma_boundary': 0.6471749390386027, 'alpha': 0.3917434095369179}. Best is trial 10 with value: 0.08553502493978273.
[I 2026-03-04 16:34:03,859] Trial 8 finished with value: 0.09800231027145453 and parameters: {'sigma_noise': 0.2086187025131146, 'A_repulsion': 0.34070171369353314, 'gamma': 0.28419329967926726, 'sigma_update': 0.20198737885513535, 'eta_learning': 1.4997167534720066, 'sigma_boundary': 0.717311809110788, 'alpha': 0.7762489572779074}. Best is trial 10 with value: 0.08553502493978273.
[I 2026-03-04 16:34:06,871] Trial 5 finished with value: 0.028220382311427747 and parameters: {'sigma_noise': 0.23012052993906335, 'A_repulsion': 0.41884861109309945, 'gamma': 0.812794580256743, 'sigma_update': 0.613045406155091, 'eta_learning': 1.871762474161005, 'sigma_boundary': 6.223990787934712, 'alpha': 0.6940294669884368}. Best is trial 5 with value: 0.028220382311427747.
[I 2026-03-04 16:34:08,234] Trial 9 finished with value: 0.2721864581864418 and parameters: {'sigma_noise': 0.31160743506708277, 'A_repulsion': 0.1724768034775359, 'gamma': 0.5425221915765609, 'sigma_update': 0.32914951839926865, 'eta_learning': 0.3002107336350139, 'sigma_boundary': 3.297643882203588, 'alpha': 0.3532833921187667}. Best is trial 5 with value: 0.028220382311427747.
[I 2026-03-04 16:34:22,518] Trial 15 finished with value: 0.05930481898951417 and parameters: {'sigma_noise': 0.24451626477420974, 'A_repulsion': 0.3266218596161858, 'gamma': 0.6380213857912307, 'sigma_update': 0.37168407480797777, 'eta_learning': 2.825129184593707, 'sigma_boundary': 9.311583462978803, 'alpha': 0.9595982182019136}. Best is trial 5 with value: 0.028220382311427747.
[I 2026-03-04 16:34:27,170] Trial 18 finished with value: 2.108762994458594 and parameters: {'sigma_noise': 0.40340215528744794, 'A_repulsion': 0.16265842217239057, 'gamma': 0.6959580022591768, 'sigma_update': 0.5298258486136156, 'eta_learning': 2.618964906241429, 'sigma_boundary': 7.6885852964163295, 'alpha': 0.2205811017574153}. Best is trial 5 with value: 0.028220382311427747.
[I 2026-03-04 16:34:27,348] Trial 16 finished with value: 2.41626453978574 and parameters: {'sigma_noise': 0.42295830564426806, 'A_repulsion': 0.16266601711128015, 'gamma': 0.7648158946922184, 'sigma_update': 0.4271882957590763, 'eta_learning': 1.0713779028940984, 'sigma_boundary': 9.826942249880874, 'alpha': 0.13905586017826144}. Best is trial 5 with value: 0.028220382311427747.
[I 2026-03-04 16:34:41,808] Trial 13 finished with value: 0.44873318221013125 and parameters: {'sigma_noise': 0.28957639884785136, 'A_repulsion': 0.24559514506621194, 'gamma': 0.9650653620121418, 'sigma_update': 0.034158192472437544, 'eta_learning': 1.2765479286807884, 'sigma_boundary': 6.55950102341335, 'alpha': 0.6896667793924282}. Best is trial 5 with value: 0.028220382311427747.
[I 2026-03-04 16:34:48,975] Trial 12 finished with value: 0.35057694387812033 and parameters: {'sigma_noise': 0.432929647133054, 'A_repulsion': 0.21508830277439445, 'gamma': 0.1222660511915306, 'sigma_update': 0.283090692269363, 'eta_learning': 1.1374115757877141, 'sigma_boundary': 3.4357808031812977, 'alpha': 0.4135151973642558}. Best is trial 5 with value: 0.028220382311427747.
[I 2026-03-04 16:34:55,976] Trial 1 finished with value: 2.4257205805694433 and parameters: {'sigma_noise': 0.3545394663120058, 'A_repulsion': 0.33915220501508103, 'gamma': 0.11122071630728232, 'sigma_update': 0.5849197843500873, 'eta_learning': 0.39720080601202085, 'sigma_boundary': 3.2053479121830217, 'alpha': 0.13155363178675128}. Best is trial 5 with value: 0.028220382311427747.
[I 2026-03-04 16:35:04,247] Trial 3 finished with value: 2.5614888775951865 and parameters: {'sigma_noise': 0.34517610244116964, 'A_repulsion': 0.3895768227836072, 'gamma': 0.18235628481693922, 'sigma_update': 0.5973601236483668, 'eta_learning': 2.8651559745572417, 'sigma_boundary': 1.1022393379343833, 'alpha': 0.04560340351244996}. Best is trial 5 with value: 0.028220382311427747.
[I 2026-03-04 16:35:08,888] Trial 6 finished with value: 2.5615702852869107 and parameters: {'sigma_noise': 0.3166227703100247, 'A_repulsion': 0.3584247391412774, 'gamma': 0.8386135192695344, 'sigma_update': 0.010500096333665583, 'eta_learning': 1.61140411759483, 'sigma_boundary': 6.022132806229295, 'alpha': 0.06137547040057212}. Best is trial 5 with value: 0.028220382311427747.
[I 2026-03-04 16:35:14,588] Trial 11 finished with value: 2.5565810464364467 and parameters: {'sigma_noise': 0.37105720513273976, 'A_repulsion': 0.3107926673293325, 'gamma': 0.13778783545275514, 'sigma_update': 0.01388627339110826, 'eta_learning': 2.920530723220041, 'sigma_boundary': 7.7936877892195096, 'alpha': 0.13953357983213355}. Best is trial 5 with value: 0.028220382311427747.
[I 2026-03-04 16:39:15,241] Trial 21 finished with value: 0.08358532286544013 and parameters: {'sigma_noise': 0.0761471661409158, 'A_repulsion': 0.1564275944403673, 'gamma': 0.5693674567874145, 'sigma_update': 0.6734628034294482, 'eta_learning': 0.7839767145500596, 'sigma_boundary': 5.000299881876736, 'alpha': 0.9337178927215348}. Best is trial 5 with value: 0.028220382311427747.
[I 2026-03-04 16:39:58,929] Trial 20 finished with value: 0.03590926959793679 and parameters: {'sigma_noise': 0.18216606680843095, 'A_repulsion': 0.06545484170105187, 'gamma': 0.6660170968671286, 'sigma_update': 0.1393557106148245, 'eta_learning': 2.3654498518136604, 'sigma_boundary': 5.368215651888133, 'alpha': 0.6849836144910441}. Best is trial 5 with value: 0.028220382311427747.
[I 2026-03-04 16:42:17,833] Trial 22 finished with value: 1.8098415498345926 and parameters: {'sigma_noise': 0.30338806068421753, 'A_repulsion': 0.10760153891472368, 'gamma': 0.9043702183666372, 'sigma_update': 0.6415122340672489, 'eta_learning': 2.609952010082291, 'sigma_boundary': 5.163133943433237, 'alpha': 0.17251364791124835}. Best is trial 5 with value: 0.028220382311427747.
[I 2026-03-04 16:42:48,350] Trial 23 finished with value: 0.06584365984305934 and parameters: {'sigma_noise': 0.2744596032766009, 'A_repulsion': 0.16606083386323928, 'gamma': 0.5178415710039943, 'sigma_update': 0.4253636957339758, 'eta_learning': 2.0395312832817742, 'sigma_boundary': 1.5714065106609165, 'alpha': 0.9144530058713615}. Best is trial 5 with value: 0.028220382311427747.
[I 2026-03-04 16:43:41,013] Trial 30 finished with value: 0.16004748804847152 and parameters: {'sigma_noise': 0.05464236930718114, 'A_repulsion': 0.4939283428730457, 'gamma': 0.9371410946612987, 'sigma_update': 0.30050586032805515, 'eta_learning': 2.210643823417583, 'sigma_boundary': 9.94032338588654, 'alpha': 0.6232549989291338}. Best is trial 5 with value: 0.028220382311427747.
[I 2026-03-04 16:43:53,226] Trial 35 finished with value: 0.14894972289270944 and parameters: {'sigma_noise': 0.060576062372951045, 'A_repulsion': 0.45890618690463325, 'gamma': 0.9807014446771045, 'sigma_update': 0.6712878639098985, 'eta_learning': 2.0747789239441055, 'sigma_boundary': 8.880507305759151, 'alpha': 0.6406116953964969}. Best is trial 5 with value: 0.028220382311427747.
[I 2026-03-04 16:44:00,511] Trial 24 finished with value: 0.3274173745339036 and parameters: {'sigma_noise': 0.15800488887282077, 'A_repulsion': 0.3483381974403847, 'gamma': 0.6554828634605024, 'sigma_update': 0.6772283160144899, 'eta_learning': 2.560455380213575, 'sigma_boundary': 9.768701954837544, 'alpha': 0.5095647948971883}. Best is trial 5 with value: 0.028220382311427747.
[I 2026-03-04 16:44:04,395] Trial 34 finished with value: 0.17915637390113032 and parameters: {'sigma_noise': 0.05461658263089536, 'A_repulsion': 0.4963679245068337, 'gamma': 0.9592230642098845, 'sigma_update': 0.6519681458905805, 'eta_learning': 2.031573811862823, 'sigma_boundary': 9.812380282623646, 'alpha': 0.5160261442535192}. Best is trial 5 with value: 0.028220382311427747.
[I 2026-03-04 16:44:27,319] Trial 36 finished with value: 0.14970034944055077 and parameters: {'sigma_noise': 0.06186559700814248, 'A_repulsion': 0.48190833197053984, 'gamma': 0.9057387674902134, 'sigma_update': 0.6912007617123976, 'eta_learning': 2.2118688886576363, 'sigma_boundary': 9.970047579205671, 'alpha': 0.5877822235297768}. Best is trial 5 with value: 0.028220382311427747.
[I 2026-03-04 16:44:57,947] Trial 39 finished with value: 0.1553254045070064 and parameters: {'sigma_noise': 0.05751998248202078, 'A_repulsion': 0.4922072551905894, 'gamma': 0.9648900750582792, 'sigma_update': 0.6911598732354192, 'eta_learning': 2.247361875552072, 'sigma_boundary': 9.90748459784502, 'alpha': 0.5897977239105723}. Best is trial 5 with value: 0.028220382311427747.
[I 2026-03-04 16:45:06,729] Trial 38 finished with value: 0.1411500149908917 and parameters: {'sigma_noise': 0.07991146161564283, 'A_repulsion': 0.4889144149699396, 'gamma': 0.9887992601816643, 'sigma_update': 0.6859642482792496, 'eta_learning': 2.146393082252537, 'sigma_boundary': 9.727635525363228, 'alpha': 0.5893387725923247}. Best is trial 5 with value: 0.028220382311427747.
[I 2026-03-04 16:45:07,249] Trial 28 finished with value: 0.07313128154540209 and parameters: {'sigma_noise': 0.2036533702911515, 'A_repulsion': 0.2915790934307118, 'gamma': 0.5105659707875848, 'sigma_update': 0.639308602389943, 'eta_learning': 2.158185615531462, 'sigma_boundary': 0.5054202071661199, 'alpha': 0.8637966619455671}. Best is trial 5 with value: 0.028220382311427747.
[I 2026-03-04 16:45:25,115] Trial 25 finished with value: 0.10115633878867537 and parameters: {'sigma_noise': 0.19197161137734864, 'A_repulsion': 0.4285982459157559, 'gamma': 0.4755517824921792, 'sigma_update': 0.6391622431352221, 'eta_learning': 0.6126430934457886, 'sigma_boundary': 6.595776065851874, 'alpha': 0.8688510899906782}. Best is trial 5 with value: 0.028220382311427747.
[I 2026-03-04 16:45:37,864] Trial 27 finished with value: 0.10056315851699607 and parameters: {'sigma_noise': 0.30786501561195506, 'A_repulsion': 0.32578646915329623, 'gamma': 0.7084556574267618, 'sigma_update': 0.2365269085795383, 'eta_learning': 0.028021583942122084, 'sigma_boundary': 5.030646575472523, 'alpha': 0.03785786557287463}. Best is trial 5 with value: 0.028220382311427747.
[I 2026-03-04 16:46:01,546] Trial 26 finished with value: 0.6723414037437232 and parameters: {'sigma_noise': 0.425809957141231, 'A_repulsion': 0.3004474111246885, 'gamma': 0.6547267622288773, 'sigma_update': 0.4232224117813738, 'eta_learning': 2.894117219818455, 'sigma_boundary': 9.03485814622608, 'alpha': 0.45097759085875433}. Best is trial 5 with value: 0.028220382311427747.
[I 2026-03-04 16:46:17,716] Trial 29 finished with value: 0.04061127633131531 and parameters: {'sigma_noise': 0.3213214426372175, 'A_repulsion': 0.48974760667782063, 'gamma': 0.9607219537733704, 'sigma_update': 0.2992452568938723, 'eta_learning': 2.3105238356155713, 'sigma_boundary': 9.927587435549473, 'alpha': 0.6171526759106287}. Best is trial 5 with value: 0.028220382311427747.
[I 2026-03-04 16:46:28,627] Trial 33 finished with value: 0.013359946888006277 and parameters: {'sigma_noise': 0.30360404553368336, 'A_repulsion': 0.4948148986037254, 'gamma': 0.9958435832170291, 'sigma_update': 0.6956494297295646, 'eta_learning': 2.076876098877607, 'sigma_boundary': 9.615994723209951, 'alpha': 0.7031410296523379}. Best is trial 33 with value: 0.013359946888006277.
[I 2026-03-04 16:46:31,944] Trial 31 finished with value: 0.04403744058462552 and parameters: {'sigma_noise': 0.3324414219362424, 'A_repulsion': 0.47403795484201255, 'gamma': 0.9931874517858371, 'sigma_update': 0.6904148778398204, 'eta_learning': 2.4057182637055807, 'sigma_boundary': 9.742863511262163, 'alpha': 0.6291299284788757}. Best is trial 33 with value: 0.013359946888006277.
[I 2026-03-04 16:46:37,963] Trial 32 finished with value: 0.059720941656520074 and parameters: {'sigma_noise': 0.32703667717678947, 'A_repulsion': 0.497598645701833, 'gamma': 0.8953854097915531, 'sigma_update': 0.6800468360892648, 'eta_learning': 2.1258888634180626, 'sigma_boundary': 9.85818148819473, 'alpha': 0.6241987254198474}. Best is trial 33 with value: 0.013359946888006277.
[I 2026-03-04 16:46:44,318] Trial 37 finished with value: 0.04861812501819185 and parameters: {'sigma_noise': 0.2293838342786087, 'A_repulsion': 0.49863876936825663, 'gamma': 0.9795455529678349, 'sigma_update': 0.2652233428799298, 'eta_learning': 2.184827740030225, 'sigma_boundary': 9.741995970465748, 'alpha': 0.6015490701339559}. Best is trial 33 with value: 0.013359946888006277.
[I 2026-03-04 16:48:52,454] Trial 40 finished with value: 0.11658492780299223 and parameters: {'sigma_noise': 0.062943945553841, 'A_repulsion': 0.49407470089364436, 'gamma': 0.5795901249133956, 'sigma_update': 0.3804337990865618, 'eta_learning': 2.224466933292841, 'sigma_boundary': 9.550908403003362, 'alpha': 0.591233521313607}. Best is trial 33 with value: 0.013359946888006277.
[I 2026-03-04 16:51:32,107] Trial 41 finished with value: 0.04415877302085541 and parameters: {'sigma_noise': 0.22786453279986446, 'A_repulsion': 0.46188122121721054, 'gamma': 0.9497905798282085, 'sigma_update': 0.22545335368329125, 'eta_learning': 2.2586198285391412, 'sigma_boundary': 9.208303499484828, 'alpha': 0.5784286747442793}. Best is trial 33 with value: 0.013359946888006277.
[I 2026-03-04 16:53:49,444] Trial 42 finished with value: 0.05606227071458794 and parameters: {'sigma_noise': 0.2359264117999776, 'A_repulsion': 0.49979312250662455, 'gamma': 0.6419953390472654, 'sigma_update': 0.24257485901675754, 'eta_learning': 2.133366360951242, 'sigma_boundary': 9.394263643090936, 'alpha': 0.5881028060626399}. Best is trial 33 with value: 0.013359946888006277.
[I 2026-03-04 16:54:17,535] Trial 43 finished with value: 0.05786276697167772 and parameters: {'sigma_noise': 0.22672142012718768, 'A_repulsion': 0.4900724695036266, 'gamma': 0.6678024786579811, 'sigma_update': 0.21802330260437036, 'eta_learning': 2.0805992923354784, 'sigma_boundary': 9.500745501491549, 'alpha': 0.5888619246548963}. Best is trial 33 with value: 0.013359946888006277.
[I 2026-03-04 16:54:36,826] Trial 50 finished with value: 0.042558100695254196 and parameters: {'sigma_noise': 0.22347828717761875, 'A_repulsion': 0.09484623953010216, 'gamma': 0.5912661926704827, 'sigma_update': 0.3887527005615303, 'eta_learning': 1.7592115179298626, 'sigma_boundary': 4.200090220784261, 'alpha': 0.8217338049468716}. Best is trial 33 with value: 0.013359946888006277.
[I 2026-03-04 16:54:46,017] Trial 51 finished with value: 0.03666871638453495 and parameters: {'sigma_noise': 0.24418736255448245, 'A_repulsion': 0.09213860343026256, 'gamma': 0.5998752924200967, 'sigma_update': 0.39229439622248846, 'eta_learning': 1.7054519681057922, 'sigma_boundary': 1.9465846313937964, 'alpha': 0.9985669182976029}. Best is trial 33 with value: 0.013359946888006277.
[I 2026-03-04 16:55:02,040] Trial 52 finished with value: 0.03490282334288794 and parameters: {'sigma_noise': 0.2401490904804209, 'A_repulsion': 0.08189698614977198, 'gamma': 0.6040574018079354, 'sigma_update': 0.2529342291754739, 'eta_learning': 1.777888342799247, 'sigma_boundary': 4.191780530686771, 'alpha': 0.762754283126524}. Best is trial 33 with value: 0.013359946888006277.
[I 2026-03-04 16:55:05,004] Trial 44 finished with value: 0.05739854027131121 and parameters: {'sigma_noise': 0.23267102496104633, 'A_repulsion': 0.4404716960070343, 'gamma': 0.6444423965949362, 'sigma_update': 0.2254840470142566, 'eta_learning': 2.463902682533616, 'sigma_boundary': 8.818074375053603, 'alpha': 0.5354235922913095}. Best is trial 33 with value: 0.013359946888006277.
[I 2026-03-04 16:55:09,835] Trial 53 finished with value: 0.04722081381128805 and parameters: {'sigma_noise': 0.24367977865271345, 'A_repulsion': 0.0762934276374492, 'gamma': 0.6113788392061649, 'sigma_update': 0.39843804292316676, 'eta_learning': 1.8193290019200385, 'sigma_boundary': 3.9556107991104303, 'alpha': 0.7674463044607416}. Best is trial 33 with value: 0.013359946888006277.
[I 2026-03-04 16:55:17,526] Trial 45 finished with value: 0.05513623802380058 and parameters: {'sigma_noise': 0.22947686161438444, 'A_repulsion': 0.4186281550066929, 'gamma': 0.6296247474867446, 'sigma_update': 0.21508010295255103, 'eta_learning': 2.360285426533162, 'sigma_boundary': 4.141439076288075, 'alpha': 0.5323193443015939}. Best is trial 33 with value: 0.013359946888006277.
[I 2026-03-04 16:55:22,137] Trial 47 finished with value: 0.07957359910118744 and parameters: {'sigma_noise': 0.23078771822118904, 'A_repulsion': 0.4162432958840762, 'gamma': 0.6145370362790245, 'sigma_update': 0.220268216809838, 'eta_learning': 1.7341076199636918, 'sigma_boundary': 4.12714165536874, 'alpha': 0.8275091299423141}. Best is trial 33 with value: 0.013359946888006277.
[I 2026-03-04 16:55:23,771] Trial 46 finished with value: 0.07841115957874999 and parameters: {'sigma_noise': 0.22344105733526604, 'A_repulsion': 0.43052066265638145, 'gamma': 0.6153899155694053, 'sigma_update': 0.23821523867043765, 'eta_learning': 2.3065049947855965, 'sigma_boundary': 8.949782717843831, 'alpha': 0.8111415582973518}. Best is trial 33 with value: 0.013359946888006277.
[I 2026-03-04 16:55:51,048] Trial 48 finished with value: 0.07700978634350147 and parameters: {'sigma_noise': 0.238929246822519, 'A_repulsion': 0.41621050649987673, 'gamma': 0.6407652861061961, 'sigma_update': 0.21298823686025853, 'eta_learning': 1.7122599911554073, 'sigma_boundary': 4.2315008983592515, 'alpha': 0.8086351223266446}. Best is trial 33 with value: 0.013359946888006277.
[I 2026-03-04 16:55:54,136] Trial 54 finished with value: 0.08225158225632272 and parameters: {'sigma_noise': 0.2571238708612371, 'A_repulsion': 0.07581150499825305, 'gamma': 0.5963716475985356, 'sigma_update': 0.5360833529113112, 'eta_learning': 1.8528061233225401, 'sigma_boundary': 4.00599825167135, 'alpha': 0.7700874054196002}. Best is trial 33 with value: 0.013359946888006277.
[I 2026-03-04 16:56:14,336] Trial 49 finished with value: 0.07410923749240572 and parameters: {'sigma_noise': 0.22853899325552807, 'A_repulsion': 0.4039703293561491, 'gamma': 0.6283230814637691, 'sigma_update': 0.2100241574707249, 'eta_learning': 1.7040131473074411, 'sigma_boundary': 4.248831954823571, 'alpha': 0.7894151632496229}. Best is trial 33 with value: 0.013359946888006277.
[I 2026-03-04 16:57:33,206] Trial 55 finished with value: 0.06838207555629255 and parameters: {'sigma_noise': 0.23809105469299793, 'A_repulsion': 0.40189577218722805, 'gamma': 0.8569398043920338, 'sigma_update': 0.1886387514729978, 'eta_learning': 1.8041130287351326, 'sigma_boundary': 4.453278309137162, 'alpha': 0.7834020306582649}. Best is trial 33 with value: 0.013359946888006277.
