[I 2026-03-04 21:26:20,910] Trial 132 finished with value: 0.05653945949879928 and parameters: {'sigma_noise': 0.2746399154596827, 'A_repulsion': 0.2618918549930095, 'gamma': 0.9991366481354812, 'sigma_update': 0.6659363922969942, 'eta_learning': 1.8906079946587988, 'sigma_boundary': 9.711681330892116, 'alpha': 0.6201392059461677}. Best is trial 131 with value: 0.019201597993334797.
[I 2026-03-04 21:26:26,512] Trial 139 finished with value: 0.0421064292499648 and parameters: {'sigma_noise': 0.2863793005955572, 'A_repulsion': 0.08285760866115177, 'gamma': 0.9616961039910716, 'sigma_update': 0.6748754240927278, 'eta_learning': 0.3049878963761331, 'sigma_boundary': 3.503236867993895, 'alpha': 0.6156566717333296}. Best is trial 131 with value: 0.019201597993334797.
[I 2026-03-04 21:28:16,891] Trial 143 finished with value: 0.053772122132323394 and parameters: {'sigma_noise': 0.1817086986733214, 'A_repulsion': 0.08073798945433498, 'gamma': 0.9557762370778174, 'sigma_update': 0.6979233509063195, 'eta_learning': 1.9003108989955908, 'sigma_boundary': 9.564494718834906, 'alpha': 0.756866940229208}. Best is trial 131 with value: 0.019201597993334797.
[I 2026-03-04 21:28:27,113] Trial 140 finished with value: 0.021315147263048343 and parameters: {'sigma_noise': 0.29320908473835167, 'A_repulsion': 0.08528817431478096, 'gamma': 0.9623300917092368, 'sigma_update': 0.5387162792128732, 'eta_learning': 1.943917174071694, 'sigma_boundary': 9.605215324205796, 'alpha': 0.7635775154216453}. Best is trial 131 with value: 0.019201597993334797.
[I 2026-03-04 21:30:03,801] Trial 142 finished with value: 0.2765114546893424 and parameters: {'sigma_noise': 0.2896202355745754, 'A_repulsion': 0.2559216290030123, 'gamma': 0.6326335564432045, 'sigma_update': 0.6865830952071685, 'eta_learning': 1.8723496092532665, 'sigma_boundary': 9.51578944836581, 'alpha': 0.6209198743589845}. Best is trial 131 with value: 0.019201597993334797.
[I 2026-03-04 21:30:39,427] Trial 141 finished with value: 0.02089114622425611 and parameters: {'sigma_noise': 0.2832011433029184, 'A_repulsion': 0.25241497863724777, 'gamma': 0.9571223429705945, 'sigma_update': 0.6752229326289397, 'eta_learning': 1.904157471851068, 'sigma_boundary': 9.620775204296107, 'alpha': 0.7469917876554117}. Best is trial 131 with value: 0.019201597993334797.
[I 2026-03-04 21:37:09,270] Trial 144 finished with value: 0.01928149906360175 and parameters: {'sigma_noise': 0.27973726734546545, 'A_repulsion': 0.25946442247013746, 'gamma': 0.9600720064257952, 'sigma_update': 0.6845055305479274, 'eta_learning': 1.9016770385604487, 'sigma_boundary': 9.553134114835814, 'alpha': 0.7559010845245973}. Best is trial 131 with value: 0.019201597993334797.
[I 2026-03-04 21:37:38,222] Trial 146 finished with value: 0.1453994735710369 and parameters: {'sigma_noise': 0.28199894332877906, 'A_repulsion': 0.13715989176177182, 'gamma': 0.954985318101223, 'sigma_update': 0.6851073156230895, 'eta_learning': 1.918533527838031, 'sigma_boundary': 9.57109882266174, 'alpha': 0.6110107358071171}. Best is trial 131 with value: 0.019201597993334797.
[I 2026-03-04 21:38:01,237] Trial 149 finished with value: 0.2868916420738157 and parameters: {'sigma_noise': 0.27596511829142406, 'A_repulsion': 0.08056294966086602, 'gamma': 0.49316192243370516, 'sigma_update': 0.6861052631214085, 'eta_learning': 1.931142297098502, 'sigma_boundary': 9.543994661632775, 'alpha': 0.7568389766837317}. Best is trial 131 with value: 0.019201597993334797.
[I 2026-03-04 21:38:14,504] Trial 145 finished with value: 0.1036563472343307 and parameters: {'sigma_noise': 0.2815538350585599, 'A_repulsion': 0.2613998058877669, 'gamma': 0.9562208516019459, 'sigma_update': 0.6691802550469449, 'eta_learning': 1.9266444797157445, 'sigma_boundary': 9.59835468810548, 'alpha': 0.6172256144479056}. Best is trial 131 with value: 0.019201597993334797.
[I 2026-03-04 21:38:32,518] Trial 148 finished with value: 0.03082112276055551 and parameters: {'sigma_noise': 0.27612321720209054, 'A_repulsion': 0.13928542783783746, 'gamma': 0.9019337594364726, 'sigma_update': 0.676197873725601, 'eta_learning': 1.9365480768292287, 'sigma_boundary': 9.652386726279403, 'alpha': 0.7541276790916093}. Best is trial 131 with value: 0.019201597993334797.
[I 2026-03-04 21:38:48,370] Trial 147 finished with value: 0.029891355925086505 and parameters: {'sigma_noise': 0.28821170339948726, 'A_repulsion': 0.18968709296715036, 'gamma': 0.90778238755804, 'sigma_update': 0.672765002772738, 'eta_learning': 1.9478688511241569, 'sigma_boundary': 9.583139110157719, 'alpha': 0.7434898687191077}. Best is trial 131 with value: 0.019201597993334797.
[I 2026-03-04 21:39:43,822] Trial 153 finished with value: 0.03154098232672174 and parameters: {'sigma_noise': 0.28282764267975574, 'A_repulsion': 0.078743298883898, 'gamma': 0.9579867123214549, 'sigma_update': 0.6890993994953787, 'eta_learning': 0.07959324012403449, 'sigma_boundary': 7.4170327753931815, 'alpha': 0.6192722012147611}. Best is trial 131 with value: 0.019201597993334797.
[I 2026-03-04 21:40:17,205] Trial 150 finished with value: 0.03750481962858953 and parameters: {'sigma_noise': 0.28348445971316755, 'A_repulsion': 0.14332220289862269, 'gamma': 0.9103072586364211, 'sigma_update': 0.6997907178558932, 'eta_learning': 0.046492961581582504, 'sigma_boundary': 9.561264779038602, 'alpha': 0.4989517152796103}. Best is trial 131 with value: 0.019201597993334797.
[I 2026-03-04 21:40:42,516] Trial 154 finished with value: 0.14253957841911502 and parameters: {'sigma_noise': 0.2742707615411905, 'A_repulsion': 0.07971217476570093, 'gamma': 0.9095906339861857, 'sigma_update': 0.6822124019179631, 'eta_learning': 2.6679322537265038, 'sigma_boundary': 9.504031230652092, 'alpha': 0.6221208205986426}. Best is trial 131 with value: 0.019201597993334797.
[I 2026-03-04 21:41:09,405] Trial 152 finished with value: 0.044145156090455044 and parameters: {'sigma_noise': 0.2821697053174908, 'A_repulsion': 0.1906709737454528, 'gamma': 0.9078677759701773, 'sigma_update': 0.6853602033327608, 'eta_learning': 2.0191718094631135, 'sigma_boundary': 9.55490074649954, 'alpha': 0.9529985741061856}. Best is trial 131 with value: 0.019201597993334797.
[I 2026-03-04 21:41:14,907] Trial 151 finished with value: 0.03442478024950791 and parameters: {'sigma_noise': 0.28395994680176045, 'A_repulsion': 0.2646035208985371, 'gamma': 0.9048855924768575, 'sigma_update': 0.6843239297004307, 'eta_learning': 0.07966289600035181, 'sigma_boundary': 9.49793701246206, 'alpha': 0.5043144683404444}. Best is trial 131 with value: 0.019201597993334797.
[I 2026-03-04 21:42:07,245] Trial 158 finished with value: 0.37862979198620306 and parameters: {'sigma_noise': 0.2902131980134194, 'A_repulsion': 0.04012001630653233, 'gamma': 0.04947605526230964, 'sigma_update': 0.695998422855034, 'eta_learning': 0.10132621565321126, 'sigma_boundary': 3.2963249371102457, 'alpha': 0.9544702675182618}. Best is trial 131 with value: 0.019201597993334797.
[I 2026-03-04 21:42:21,708] Trial 156 finished with value: 0.3730353897710941 and parameters: {'sigma_noise': 0.2803457432620644, 'A_repulsion': 0.13807165460691345, 'gamma': 0.05357499317736791, 'sigma_update': 0.6986065473699102, 'eta_learning': 0.0962652856762034, 'sigma_boundary': 7.314896187260131, 'alpha': 0.9483488906053287}. Best is trial 131 with value: 0.019201597993334797.
[I 2026-03-04 21:42:33,480] Trial 157 finished with value: 0.04478984558050602 and parameters: {'sigma_noise': 0.2360998148331087, 'A_repulsion': 0.1404034534681819, 'gamma': 0.9063848690770407, 'sigma_update': 0.6886416027101016, 'eta_learning': 1.6184685446749612, 'sigma_boundary': 1.9305455914487721, 'alpha': 0.9480280392906293}. Best is trial 131 with value: 0.019201597993334797.
[I 2026-03-04 21:43:01,224] Trial 163 finished with value: 0.22183142620489654 and parameters: {'sigma_noise': 0.23380590350175265, 'A_repulsion': 0.14093890143568272, 'gamma': 0.4864403265406992, 'sigma_update': 0.6912249271226777, 'eta_learning': 1.6318370743380644, 'sigma_boundary': 7.306108154745007, 'alpha': 0.776151732352584}. Best is trial 131 with value: 0.019201597993334797.
[I 2026-03-04 21:43:12,532] Trial 160 finished with value: 0.043654204701393924 and parameters: {'sigma_noise': 0.29699499814422525, 'A_repulsion': 0.13147028597593785, 'gamma': 0.8822243824957957, 'sigma_update': 0.6968687957214299, 'eta_learning': 0.09521681410345598, 'sigma_boundary': 3.70370145562938, 'alpha': 0.4235531530033096}. Best is trial 131 with value: 0.019201597993334797.
[I 2026-03-04 21:43:26,363] Trial 155 finished with value: 0.07558603260900339 and parameters: {'sigma_noise': 0.27805017170367374, 'A_repulsion': 0.25270380073231913, 'gamma': 0.9071263508872207, 'sigma_update': 0.624181401175023, 'eta_learning': 0.05185701412611185, 'sigma_boundary': 7.298963860146652, 'alpha': 0.9654602454279267}. Best is trial 131 with value: 0.019201597993334797.
[I 2026-03-04 21:43:33,275] Trial 162 finished with value: 0.6548040696545216 and parameters: {'sigma_noise': 0.2908365093384408, 'A_repulsion': 0.13878387754847207, 'gamma': 0.9022347939882986, 'sigma_update': 0.6941917394058035, 'eta_learning': 1.7688699814977156, 'sigma_boundary': 3.4473212244530838, 'alpha': 0.41111270003020867}. Best is trial 131 with value: 0.019201597993334797.
[I 2026-03-04 21:43:56,077] Trial 161 finished with value: 0.0712520029146677 and parameters: {'sigma_noise': 0.23447094517558603, 'A_repulsion': 0.25676602031563933, 'gamma': 0.907832089117435, 'sigma_update': 0.6185328888363099, 'eta_learning': 1.6008616890073772, 'sigma_boundary': 3.8386098163467204, 'alpha': 0.957502427968027}. Best is trial 131 with value: 0.019201597993334797.
[I 2026-03-04 21:44:05,032] Trial 159 finished with value: 0.22109251673271427 and parameters: {'sigma_noise': 0.28860383392401623, 'A_repulsion': 0.25477141063577974, 'gamma': 0.9082928421776494, 'sigma_update': 0.6200838186884776, 'eta_learning': 1.7770590901823717, 'sigma_boundary': 3.483482068399148, 'alpha': 0.5209444149839751}. Best is trial 131 with value: 0.019201597993334797.
[I 2026-03-04 21:44:50,577] Trial 165 finished with value: 0.2892091577046427 and parameters: {'sigma_noise': 0.3044089425608647, 'A_repulsion': 0.0336352863088703, 'gamma': 0.9107405324081475, 'sigma_update': 0.6212712753154247, 'eta_learning': 1.7818125086650765, 'sigma_boundary': 7.102243714738623, 'alpha': 0.49958199722702795}. Best is trial 131 with value: 0.019201597993334797.
[I 2026-03-04 21:45:06,237] Trial 164 finished with value: 0.24747248756629275 and parameters: {'sigma_noise': 0.1945475345036783, 'A_repulsion': 0.25195406210476173, 'gamma': 0.9039376882169801, 'sigma_update': 0.6177800139543359, 'eta_learning': 1.715610142484904, 'sigma_boundary': 7.314425663815506, 'alpha': 0.50279280968212}. Best is trial 131 with value: 0.019201597993334797.
[I 2026-03-04 21:46:45,209] Trial 167 finished with value: 0.028826307897709624 and parameters: {'sigma_noise': 0.30375767130160847, 'A_repulsion': 0.03282235190991157, 'gamma': 0.9086264651342759, 'sigma_update': 0.6304190793748679, 'eta_learning': 1.6476013443354793, 'sigma_boundary': 7.378232912204664, 'alpha': 0.7883850476625777}. Best is trial 131 with value: 0.019201597993334797.
[I 2026-03-04 21:48:57,441] Trial 166 finished with value: 2.6068743453521988 and parameters: {'sigma_noise': 0.30403790665755004, 'A_repulsion': 0.28507122199065216, 'gamma': 0.9011637611341002, 'sigma_update': 0.6315104765689965, 'eta_learning': 1.6283309767413228, 'sigma_boundary': 7.393568188156857, 'alpha': 0.005549334667555417}. Best is trial 131 with value: 0.019201597993334797.
[I 2026-03-04 21:54:32,909] Trial 173 finished with value: 0.028634246959846232 and parameters: {'sigma_noise': 0.3172502536013513, 'A_repulsion': 0.03173609151107323, 'gamma': 0.9128483650576203, 'sigma_update': 0.6231336841179443, 'eta_learning': 1.6572294210665668, 'sigma_boundary': 3.3513723522212864, 'alpha': 0.7897392860511502}. Best is trial 131 with value: 0.019201597993334797.
[I 2026-03-04 21:55:37,924] Trial 174 finished with value: 0.032697440251556464 and parameters: {'sigma_noise': 0.3121039947460795, 'A_repulsion': 0.031135347553662485, 'gamma': 0.884203647172164, 'sigma_update': 0.6135301832157802, 'eta_learning': 2.0210536684506746, 'sigma_boundary': 8.801217129582438, 'alpha': 0.7758901320623971}. Best is trial 131 with value: 0.019201597993334797.
[I 2026-03-04 21:55:59,191] Trial 168 finished with value: 0.020345871628112255 and parameters: {'sigma_noise': 0.2951949622561422, 'A_repulsion': 0.27777428828198913, 'gamma': 0.9100030759938706, 'sigma_update': 0.6264622354400537, 'eta_learning': 1.6363829718461218, 'sigma_boundary': 3.541699157059298, 'alpha': 0.7803733714122029}. Best is trial 131 with value: 0.019201597993334797.
[I 2026-03-04 21:56:24,055] Trial 169 finished with value: 2.6068743453521988 and parameters: {'sigma_noise': 0.3069038955670657, 'A_repulsion': 0.2779298040955025, 'gamma': 0.48997871264306925, 'sigma_update': 0.6252101674853696, 'eta_learning': 1.6254199765198802, 'sigma_boundary': 3.2570604916082697, 'alpha': 0.009975527728406819}. Best is trial 131 with value: 0.019201597993334797.
[I 2026-03-04 21:56:28,312] Trial 170 finished with value: 0.021626784027851027 and parameters: {'sigma_noise': 0.3006423375244808, 'A_repulsion': 0.2818023200998413, 'gamma': 0.8940871808008947, 'sigma_update': 0.62667291583416, 'eta_learning': 1.6419838065987817, 'sigma_boundary': 8.819841004983502, 'alpha': 0.7815123184529814}. Best is trial 131 with value: 0.019201597993334797.
[I 2026-03-04 21:56:36,364] Trial 175 finished with value: 0.024702452656275232 and parameters: {'sigma_noise': 0.2982324316245111, 'A_repulsion': 0.03446279343979505, 'gamma': 0.8788736315206831, 'sigma_update': 0.6267348409247023, 'eta_learning': 1.6469666067711701, 'sigma_boundary': 1.5894113302045452, 'alpha': 0.7800135962897123}. Best is trial 131 with value: 0.019201597993334797.
[I 2026-03-04 21:57:05,669] Trial 172 finished with value: 0.02373953341878474 and parameters: {'sigma_noise': 0.311735974938968, 'A_repulsion': 0.2814890522938836, 'gamma': 0.9128093537969889, 'sigma_update': 0.6229026026313702, 'eta_learning': 1.6457402285478775, 'sigma_boundary': 8.773331865127325, 'alpha': 0.775880411067803}. Best is trial 131 with value: 0.019201597993334797.
[I 2026-03-04 21:57:08,157] Trial 171 finished with value: 0.025659554315491988 and parameters: {'sigma_noise': 0.31701836335254735, 'A_repulsion': 0.29000855731088976, 'gamma': 0.9126570514773826, 'sigma_update': 0.6225851607484253, 'eta_learning': 1.5754211944064225, 'sigma_boundary': 8.813492055620099, 'alpha': 0.7761308636049181}. Best is trial 131 with value: 0.019201597993334797.
[I 2026-03-04 21:59:24,853] Trial 176 finished with value: 0.025706120274259517 and parameters: {'sigma_noise': 0.313670199520375, 'A_repulsion': 0.2726693256714193, 'gamma': 0.8850927489024869, 'sigma_update': 0.629324730572476, 'eta_learning': 2.014613266428577, 'sigma_boundary': 8.820005713266188, 'alpha': 0.7802627242965703}. Best is trial 131 with value: 0.019201597993334797.
[I 2026-03-04 21:59:44,454] Trial 178 finished with value: 0.021315322271809697 and parameters: {'sigma_noise': 0.295638585101562, 'A_repulsion': 0.2821598360894655, 'gamma': 0.8873431540828374, 'sigma_update': 0.6168747073418087, 'eta_learning': 1.7856304063748907, 'sigma_boundary': 3.3339534457088558, 'alpha': 0.7813121155180932}. Best is trial 131 with value: 0.019201597993334797.
[I 2026-03-04 22:00:00,569] Trial 179 finished with value: 0.02391547437080374 and parameters: {'sigma_noise': 0.30588520772521494, 'A_repulsion': 0.2442696995326427, 'gamma': 0.8837950008890093, 'sigma_update': 0.6217500770623221, 'eta_learning': 1.7534608466240578, 'sigma_boundary': 5.04909212084774, 'alpha': 0.7798245607732418}. Best is trial 131 with value: 0.019201597993334797.
[I 2026-03-04 22:00:03,337] Trial 177 finished with value: 0.6889079999007455 and parameters: {'sigma_noise': 0.31253080700486485, 'A_repulsion': 0.2873437486717848, 'gamma': 0.8753396462418294, 'sigma_update': 0.6247523186163003, 'eta_learning': 1.71283151715204, 'sigma_boundary': 4.843443461969983, 'alpha': 0.40702449583143996}. Best is trial 131 with value: 0.019201597993334797.
[I 2026-03-04 22:00:59,552] Trial 180 finished with value: 0.6706073100547634 and parameters: {'sigma_noise': 0.3049784652797434, 'A_repulsion': 0.28047962883406813, 'gamma': 0.8719632661508603, 'sigma_update': 0.6248840692206205, 'eta_learning': 1.7922587596898565, 'sigma_boundary': 8.848236967803487, 'alpha': 0.40886722233465783}. Best is trial 131 with value: 0.019201597993334797.
[I 2026-03-04 22:01:01,229] Trial 181 finished with value: 0.025483684568058322 and parameters: {'sigma_noise': 0.313010311095138, 'A_repulsion': 0.2846418444802492, 'gamma': 0.8885940613741732, 'sigma_update': 0.626952625976392, 'eta_learning': 1.7664937750766023, 'sigma_boundary': 4.310357599707719, 'alpha': 0.7800878285072429}. Best is trial 131 with value: 0.019201597993334797.
[I 2026-03-04 22:01:15,109] Trial 183 finished with value: 0.021952116716293935 and parameters: {'sigma_noise': 0.29893588693105716, 'A_repulsion': 0.2796976359653407, 'gamma': 0.8836438773835606, 'sigma_update': 0.6298886225364724, 'eta_learning': 1.7850842672938885, 'sigma_boundary': 8.85392008579722, 'alpha': 0.7796729822641096}. Best is trial 131 with value: 0.019201597993334797.
[I 2026-03-04 22:01:31,918] Trial 186 finished with value: 0.02554328680246071 and parameters: {'sigma_noise': 0.3070703006844353, 'A_repulsion': 0.24399418785313484, 'gamma': 0.8748386055979249, 'sigma_update': 0.6311346335581742, 'eta_learning': 2.042366160800015, 'sigma_boundary': 4.94402690460014, 'alpha': 0.7796263294537265}. Best is trial 131 with value: 0.019201597993334797.
[I 2026-03-04 22:01:32,649] Trial 182 finished with value: 0.6344764744203134 and parameters: {'sigma_noise': 0.3182301981519217, 'A_repulsion': 0.2897604761210495, 'gamma': 0.8818711306007462, 'sigma_update': 0.617259246269691, 'eta_learning': 1.7700473412330922, 'sigma_boundary': 8.819615376472175, 'alpha': 0.4164927831231626}. Best is trial 131 with value: 0.019201597993334797.
[I 2026-03-04 22:01:36,427] Trial 184 finished with value: 0.02651659959371274 and parameters: {'sigma_noise': 0.3142348897046611, 'A_repulsion': 0.28188987154376655, 'gamma': 0.8780916707715309, 'sigma_update': 0.6241535903799652, 'eta_learning': 1.7433213466363537, 'sigma_boundary': 5.060233724679534, 'alpha': 0.7751954333729671}. Best is trial 131 with value: 0.019201597993334797.
[I 2026-03-04 22:01:41,750] Trial 185 finished with value: 0.026468438744729456 and parameters: {'sigma_noise': 0.31103323982579695, 'A_repulsion': 0.2981633054808807, 'gamma': 0.8804353953737166, 'sigma_update': 0.6159568202820669, 'eta_learning': 1.7038646303250158, 'sigma_boundary': 5.179163586901116, 'alpha': 0.7904516858701849}. Best is trial 131 with value: 0.019201597993334797.
[I 2026-03-04 22:01:59,790] Trial 187 finished with value: 0.0377999183837303 and parameters: {'sigma_noise': 0.31619873260883774, 'A_repulsion': 0.2869507324566674, 'gamma': 0.8876486205496859, 'sigma_update': 0.6325327595586475, 'eta_learning': 2.0641205847856474, 'sigma_boundary': 8.836470790324169, 'alpha': 0.70201247588613}. Best is trial 131 with value: 0.019201597993334797.
[I 2026-03-04 22:02:26,969] Trial 189 finished with value: 0.023869799818170064 and parameters: {'sigma_noise': 0.3084608984430044, 'A_repulsion': 0.2813450180120631, 'gamma': 0.8848297688538131, 'sigma_update': 0.6399106739718804, 'eta_learning': 2.0080622391075225, 'sigma_boundary': 8.838780425784355, 'alpha': 0.7869461520600386}. Best is trial 131 with value: 0.019201597993334797.
[I 2026-03-04 22:02:27,702] Trial 188 finished with value: 0.03478129965521964 and parameters: {'sigma_noise': 0.323838144127234, 'A_repulsion': 0.27537583128092913, 'gamma': 0.8807818048923993, 'sigma_update': 0.6335370355446767, 'eta_learning': 2.06865458437979, 'sigma_boundary': 4.809230764663954, 'alpha': 0.7367867056159361}. Best is trial 131 with value: 0.019201597993334797.
[I 2026-03-04 22:03:19,850] Trial 190 finished with value: 1.1077785978992445 and parameters: {'sigma_noise': 0.30513404679933215, 'A_repulsion': 0.28104859102161783, 'gamma': 0.8774275574020718, 'sigma_update': 0.6374097143860804, 'eta_learning': 2.0628080047396926, 'sigma_boundary': 6.579576024735618, 'alpha': 0.34873930841285267}. Best is trial 131 with value: 0.019201597993334797.
[I 2026-03-04 22:03:28,918] Trial 191 finished with value: 0.36192503375464324 and parameters: {'sigma_noise': 0.31088357064444444, 'A_repulsion': 0.07050469725676288, 'gamma': 0.32394211604265805, 'sigma_update': 0.6391120191654501, 'eta_learning': 1.5304651361606227, 'sigma_boundary': 8.808748441560978, 'alpha': 0.7815539859419524}. Best is trial 131 with value: 0.019201597993334797.
[I 2026-03-04 22:05:29,459] Trial 193 finished with value: 0.025894644344437077 and parameters: {'sigma_noise': 0.3169510194613735, 'A_repulsion': 0.06953731950107406, 'gamma': 0.927878699187679, 'sigma_update': 0.6016213735891831, 'eta_learning': 1.5614607423770088, 'sigma_boundary': 5.826875459295478, 'alpha': 0.7993419137875544}. Best is trial 131 with value: 0.019201597993334797.
[I 2026-03-04 22:06:02,284] Trial 192 finished with value: 0.037946230938925234 and parameters: {'sigma_noise': 0.31612160985347787, 'A_repulsion': 0.2893983528185917, 'gamma': 0.8742659042482678, 'sigma_update': 0.6012403640017508, 'eta_learning': 1.4904386121226565, 'sigma_boundary': 8.825839242818386, 'alpha': 0.6998383489610763}. Best is trial 131 with value: 0.019201597993334797.
