[I 2026-03-04 16:57:38,321] Trial 56 finished with value: 0.02087623135558618 and parameters: {'sigma_noise': 0.23180913845937, 'A_repulsion': 0.3911547849776653, 'gamma': 0.8596686930782105, 'sigma_update': 0.5836149801152857, 'eta_learning': 1.7739316966345056, 'sigma_boundary': 4.020597716677286, 'alpha': 0.707000432144996}. Best is trial 33 with value: 0.013359946888006277.
[I 2026-03-04 16:57:48,326] Trial 57 finished with value: 0.022511257738012515 and parameters: {'sigma_noise': 0.24038100660923653, 'A_repulsion': 0.39170308137576243, 'gamma': 0.848748859453913, 'sigma_update': 0.5510017268576097, 'eta_learning': 1.7965972542790984, 'sigma_boundary': 4.0380891013251805, 'alpha': 0.7337609146675109}. Best is trial 33 with value: 0.013359946888006277.
[I 2026-03-04 16:58:06,170] Trial 58 finished with value: 0.02199421547000071 and parameters: {'sigma_noise': 0.24954606057943254, 'A_repulsion': 0.41776876977103156, 'gamma': 0.8445234261558028, 'sigma_update': 0.5563970431907517, 'eta_learning': 1.7727612217502076, 'sigma_boundary': 8.409435227841414, 'alpha': 0.7298815019887226}. Best is trial 33 with value: 0.013359946888006277.
[I 2026-03-04 16:58:19,515] Trial 59 finished with value: 0.024261176191771542 and parameters: {'sigma_noise': 0.26316520874399824, 'A_repulsion': 0.4221878304563843, 'gamma': 0.8293825477737078, 'sigma_update': 0.5711231208198022, 'eta_learning': 1.7504945614520406, 'sigma_boundary': 4.3510806556020505, 'alpha': 0.7423724172012872}. Best is trial 33 with value: 0.013359946888006277.
[I 2026-03-04 17:00:51,891] Trial 60 finished with value: 0.04292205973626531 and parameters: {'sigma_noise': 0.3541079290314485, 'A_repulsion': 0.3936476734262808, 'gamma': 0.8372725246428918, 'sigma_update': 0.5408893982742378, 'eta_learning': 1.83091436286608, 'sigma_boundary': 8.49639971141136, 'alpha': 0.7282144224797487}. Best is trial 33 with value: 0.013359946888006277.
[I 2026-03-04 17:03:31,967] Trial 61 finished with value: 0.0443630653519141 and parameters: {'sigma_noise': 0.3447568739194154, 'A_repulsion': 0.3983007156457929, 'gamma': 0.8283741142856884, 'sigma_update': 0.5649235739415976, 'eta_learning': 1.7103572120175843, 'sigma_boundary': 8.594257173260239, 'alpha': 0.7156416904914935}. Best is trial 33 with value: 0.013359946888006277.
[I 2026-03-04 17:04:26,307] Trial 68 finished with value: 0.02367727295838351 and parameters: {'sigma_noise': 0.262183348633726, 'A_repulsion': 0.0028755110815653073, 'gamma': 0.784604435669641, 'sigma_update': 0.1620280968936938, 'eta_learning': 1.6793544866093417, 'sigma_boundary': 2.340704843187092, 'alpha': 0.7061517220385333}. Best is trial 33 with value: 0.013359946888006277.
[I 2026-03-04 17:04:29,933] Trial 69 finished with value: 0.03287048252194352 and parameters: {'sigma_noise': 0.2683546128775071, 'A_repulsion': 0.012210896099403401, 'gamma': 0.8365861582033269, 'sigma_update': 0.1728259454802253, 'eta_learning': 1.8582237463730074, 'sigma_boundary': 2.368204109791473, 'alpha': 0.9929660406773251}. Best is trial 33 with value: 0.013359946888006277.
[I 2026-03-04 17:04:39,143] Trial 70 finished with value: 0.036521051384200746 and parameters: {'sigma_noise': 0.2663721303206165, 'A_repulsion': 0.0011288689965827936, 'gamma': 0.848648217426205, 'sigma_update': 0.591533492473282, 'eta_learning': 1.9166638592443397, 'sigma_boundary': 2.6851879820739106, 'alpha': 0.7013320497202071}. Best is trial 33 with value: 0.013359946888006277.
[I 2026-03-04 17:04:43,691] Trial 71 finished with value: 0.02927284875348643 and parameters: {'sigma_noise': 0.2634428661914402, 'A_repulsion': 0.011259077326766467, 'gamma': 0.8414078496913303, 'sigma_update': 0.5897411404696034, 'eta_learning': 1.916201971791533, 'sigma_boundary': 2.60821984526731, 'alpha': 0.7198894024703102}. Best is trial 33 with value: 0.013359946888006277.
[I 2026-03-04 17:04:58,934] Trial 66 finished with value: 0.057039630902914785 and parameters: {'sigma_noise': 0.2563362848403215, 'A_repulsion': 0.07677112321463535, 'gamma': 0.38247768454464726, 'sigma_update': 0.16567427002495894, 'eta_learning': 1.7961401359808409, 'sigma_boundary': 2.7801316339487565, 'alpha': 0.7159223635481842}. Best is trial 33 with value: 0.013359946888006277.
[I 2026-03-04 17:05:11,370] Trial 72 finished with value: 0.03221754858559193 and parameters: {'sigma_noise': 0.26353029102312453, 'A_repulsion': 0.005855765607072155, 'gamma': 0.832905630781595, 'sigma_update': 0.1583619348642738, 'eta_learning': 1.9380843733590836, 'sigma_boundary': 8.294352122950356, 'alpha': 0.9991262380492596}. Best is trial 33 with value: 0.013359946888006277.
[I 2026-03-04 17:05:47,135] Trial 74 finished with value: 0.024290088431610887 and parameters: {'sigma_noise': 0.2649468629526759, 'A_repulsion': 0.01131788042467867, 'gamma': 0.8407471284820034, 'sigma_update': 0.15405721625788138, 'eta_learning': 1.5575935669683774, 'sigma_boundary': 2.546123271045012, 'alpha': 0.7123494151417211}. Best is trial 33 with value: 0.013359946888006277.
[I 2026-03-04 17:05:58,401] Trial 62 finished with value: 0.035402302131581756 and parameters: {'sigma_noise': 0.33594834012634706, 'A_repulsion': 0.3819036028614262, 'gamma': 0.838577443477268, 'sigma_update': 0.5798928535179534, 'eta_learning': 1.8030695321652201, 'sigma_boundary': 8.542016870228569, 'alpha': 0.717246149471656}. Best is trial 33 with value: 0.013359946888006277.
[I 2026-03-04 17:06:23,023] Trial 64 finished with value: 0.022305782477527947 and parameters: {'sigma_noise': 0.2587448568171537, 'A_repulsion': 0.4045733218651631, 'gamma': 0.8479249613167471, 'sigma_update': 0.5799442710642805, 'eta_learning': 1.7623415229971764, 'sigma_boundary': 8.409673917368595, 'alpha': 0.7381610051466859}. Best is trial 33 with value: 0.013359946888006277.
[I 2026-03-04 17:06:29,370] Trial 65 finished with value: 0.02286585494034036 and parameters: {'sigma_noise': 0.27663449922978073, 'A_repulsion': 0.3852275252796934, 'gamma': 0.8466194036288116, 'sigma_update': 0.5662229272885186, 'eta_learning': 1.8577712757293463, 'sigma_boundary': 8.44338436601487, 'alpha': 0.7127726935275842}. Best is trial 33 with value: 0.013359946888006277.
[I 2026-03-04 17:06:30,133] Trial 63 finished with value: 0.039800809054803675 and parameters: {'sigma_noise': 0.35108450294628746, 'A_repulsion': 0.39246201567369116, 'gamma': 0.8398914717234046, 'sigma_update': 0.5729466796196221, 'eta_learning': 1.7952175167754851, 'sigma_boundary': 8.576781049198368, 'alpha': 0.726951525724467}. Best is trial 33 with value: 0.013359946888006277.
[I 2026-03-04 17:06:46,940] Trial 67 finished with value: 0.056615143924527316 and parameters: {'sigma_noise': 0.2699543107788031, 'A_repulsion': 0.3858234296010492, 'gamma': 0.8389304364745038, 'sigma_update': 0.15488579000102382, 'eta_learning': 1.839869146762047, 'sigma_boundary': 2.02975232750613, 'alpha': 0.7014985581099757}. Best is trial 33 with value: 0.013359946888006277.
[I 2026-03-04 17:06:56,374] Trial 75 finished with value: 0.051973952066788065 and parameters: {'sigma_noise': 0.28298777704056866, 'A_repulsion': 0.0006631911735528878, 'gamma': 0.7692183580504913, 'sigma_update': 0.5928976460311847, 'eta_learning': 1.5634826866413691, 'sigma_boundary': 2.617633031303567, 'alpha': 0.7035385665872294}. Best is trial 33 with value: 0.013359946888006277.
[I 2026-03-04 17:07:53,532] Trial 73 finished with value: 0.08225675250210235 and parameters: {'sigma_noise': 0.3541210385678544, 'A_repulsion': 0.3823401614468884, 'gamma': 0.8348938967805483, 'sigma_update': 0.17441117236745068, 'eta_learning': 1.5141082826234262, 'sigma_boundary': 2.749654028494794, 'alpha': 0.7070137651933326}. Best is trial 33 with value: 0.013359946888006277.
[I 2026-03-04 17:09:07,459] Trial 76 finished with value: 0.032586896996697964 and parameters: {'sigma_noise': 0.26488699521520354, 'A_repulsion': 0.3739009358425009, 'gamma': 0.7856085542912327, 'sigma_update': 0.5982701808220487, 'eta_learning': 1.5573315719026692, 'sigma_boundary': 2.5798079523297064, 'alpha': 0.7085622331757102}. Best is trial 33 with value: 0.013359946888006277.
[I 2026-03-04 17:09:19,453] Trial 77 finished with value: 0.023455546737828004 and parameters: {'sigma_noise': 0.26594662076351205, 'A_repulsion': 0.37331264608937864, 'gamma': 0.8211823705580823, 'sigma_update': 0.5823822296077004, 'eta_learning': 1.520057782923653, 'sigma_boundary': 2.9981359594797192, 'alpha': 0.7173888621650343}. Best is trial 33 with value: 0.013359946888006277.
[I 2026-03-04 17:09:33,737] Trial 78 finished with value: 0.02690378589909815 and parameters: {'sigma_noise': 0.2751490047798363, 'A_repulsion': 0.3738819164263532, 'gamma': 0.7979545987939515, 'sigma_update': 0.5930569023487854, 'eta_learning': 1.507688622919099, 'sigma_boundary': 2.7526022512568997, 'alpha': 0.7292077427262896}. Best is trial 33 with value: 0.013359946888006277.
[I 2026-03-04 17:09:46,001] Trial 79 finished with value: 0.03178537167141487 and parameters: {'sigma_noise': 0.26651097511745464, 'A_repulsion': 0.3562064682321994, 'gamma': 0.7959561237022887, 'sigma_update': 0.5847888391485585, 'eta_learning': 1.4977741047433601, 'sigma_boundary': 3.6153875629355374, 'alpha': 0.695973774835329}. Best is trial 33 with value: 0.013359946888006277.
[I 2026-03-04 17:12:11,632] Trial 80 finished with value: 0.03677787814639609 and parameters: {'sigma_noise': 0.26584435666629036, 'A_repulsion': 0.37875532390352223, 'gamma': 0.7668838437475968, 'sigma_update': 0.5830046000165667, 'eta_learning': 1.5292803238302348, 'sigma_boundary': 3.558303177940129, 'alpha': 0.7078006795493625}. Best is trial 33 with value: 0.013359946888006277.
[I 2026-03-04 17:14:45,251] Trial 81 finished with value: 0.02925468551061957 and parameters: {'sigma_noise': 0.26533638835359413, 'A_repulsion': 0.36642606813761686, 'gamma': 0.7848724815282722, 'sigma_update': 0.6077204174536828, 'eta_learning': 1.5224312680320975, 'sigma_boundary': 2.6602594387513467, 'alpha': 0.7286873720295575}. Best is trial 33 with value: 0.013359946888006277.
[I 2026-03-04 17:15:31,472] Trial 82 finished with value: 0.04137495505764823 and parameters: {'sigma_noise': 0.26724722933308104, 'A_repulsion': 0.37512195680463867, 'gamma': 0.7879046886015204, 'sigma_update': 0.6001634610342215, 'eta_learning': 1.533350204743082, 'sigma_boundary': 2.8789220776571676, 'alpha': 0.6751846039260166}. Best is trial 33 with value: 0.013359946888006277.
[I 2026-03-04 17:15:44,901] Trial 83 finished with value: 0.0599864401055616 and parameters: {'sigma_noise': 0.2914851828186588, 'A_repulsion': 0.36769314297460776, 'gamma': 0.7533300196049588, 'sigma_update': 0.6053836662904832, 'eta_learning': 1.5228768082566229, 'sigma_boundary': 3.048123567827475, 'alpha': 0.6861262379067186}. Best is trial 33 with value: 0.013359946888006277.
[I 2026-03-04 17:15:50,908] Trial 84 finished with value: 0.04665388296052675 and parameters: {'sigma_noise': 0.2850687436285002, 'A_repulsion': 0.3594917988870328, 'gamma': 0.7775111024737487, 'sigma_update': 0.5013315923378266, 'eta_learning': 1.5165460813058618, 'sigma_boundary': 6.137575451166965, 'alpha': 0.6565024273446499}. Best is trial 33 with value: 0.013359946888006277.
[I 2026-03-04 17:16:01,268] Trial 85 finished with value: 0.0398247477539636 and parameters: {'sigma_noise': 0.2912984984569042, 'A_repulsion': 0.3655813319618095, 'gamma': 0.7820253784128351, 'sigma_update': 0.5016609920960006, 'eta_learning': 1.5677625602561427, 'sigma_boundary': 3.5840331038927937, 'alpha': 0.660747602233139}. Best is trial 33 with value: 0.013359946888006277.
[I 2026-03-04 17:16:16,032] Trial 86 finished with value: 0.05251621839991805 and parameters: {'sigma_noise': 0.28598309312019277, 'A_repulsion': 0.37260787905957493, 'gamma': 0.7564954344607391, 'sigma_update': 0.4948589482384605, 'eta_learning': 1.5243688020778685, 'sigma_boundary': 3.4779498712933323, 'alpha': 0.655228368666642}. Best is trial 33 with value: 0.013359946888006277.
[I 2026-03-04 17:16:26,998] Trial 89 finished with value: 0.04916825126606659 and parameters: {'sigma_noise': 0.29305206624524577, 'A_repulsion': 0.12038579624995843, 'gamma': 0.7746804287721878, 'sigma_update': 0.4992180976587406, 'eta_learning': 1.55143333581182, 'sigma_boundary': 3.4621690596719192, 'alpha': 0.6691962037924701}. Best is trial 33 with value: 0.013359946888006277.
[I 2026-03-04 17:16:29,115] Trial 87 finished with value: 0.03583906240736993 and parameters: {'sigma_noise': 0.29389728751759175, 'A_repulsion': 0.3696677375693905, 'gamma': 0.7841820895756343, 'sigma_update': 0.49607911094237234, 'eta_learning': 1.4520915193681518, 'sigma_boundary': 3.4623704288159933, 'alpha': 0.6745493508830706}. Best is trial 33 with value: 0.013359946888006277.
[I 2026-03-04 17:17:05,608] Trial 88 finished with value: 0.03707729189095344 and parameters: {'sigma_noise': 0.28778145037899705, 'A_repulsion': 0.375930780378794, 'gamma': 0.7784421072137043, 'sigma_update': 0.4988578161125105, 'eta_learning': 1.5363329355357787, 'sigma_boundary': 3.681677974739996, 'alpha': 0.6767005032700745}. Best is trial 33 with value: 0.013359946888006277.
[I 2026-03-04 17:17:38,718] Trial 90 finished with value: 0.03887089196433531 and parameters: {'sigma_noise': 0.29027338739630837, 'A_repulsion': 0.3686690029363333, 'gamma': 0.7796730843936901, 'sigma_update': 0.4927037918355154, 'eta_learning': 1.549666612042888, 'sigma_boundary': 3.6046262059099483, 'alpha': 0.6608218845886865}. Best is trial 33 with value: 0.013359946888006277.
[I 2026-03-04 17:17:42,208] Trial 92 finished with value: 0.039421822704368954 and parameters: {'sigma_noise': 0.2911860496666014, 'A_repulsion': 0.3488785671150779, 'gamma': 0.7755236495344692, 'sigma_update': 0.488685144070897, 'eta_learning': 1.4178565145849331, 'sigma_boundary': 8.083396693324019, 'alpha': 0.6695969958964773}. Best is trial 33 with value: 0.013359946888006277.
[I 2026-03-04 17:17:44,025] Trial 91 finished with value: 0.060382599334398664 and parameters: {'sigma_noise': 0.2865452319737763, 'A_repulsion': 0.37197866659357787, 'gamma': 0.7590046055677294, 'sigma_update': 0.5092291671400322, 'eta_learning': 1.4331068514410334, 'sigma_boundary': 7.3561718830738245, 'alpha': 0.6447328366275189}. Best is trial 33 with value: 0.013359946888006277.
[I 2026-03-04 17:18:03,195] Trial 93 finished with value: 0.05901536657873859 and parameters: {'sigma_noise': 0.28764076666557364, 'A_repulsion': 0.3714249289559893, 'gamma': 0.7599340296678386, 'sigma_update': 0.6118361058482515, 'eta_learning': 1.4031327529372466, 'sigma_boundary': 3.595876809263602, 'alpha': 0.6799215484166012}. Best is trial 33 with value: 0.013359946888006277.
[I 2026-03-04 17:18:14,364] Trial 94 finished with value: 0.06347077739829092 and parameters: {'sigma_noise': 0.29506758287424606, 'A_repulsion': 0.36829437388022657, 'gamma': 0.7386331046605737, 'sigma_update': 0.48616468168399585, 'eta_learning': 1.4262276432210617, 'sigma_boundary': 7.344600864374458, 'alpha': 0.6593104986990721}. Best is trial 33 with value: 0.013359946888006277.
[I 2026-03-04 17:19:06,846] Trial 95 finished with value: 0.06628553257857478 and parameters: {'sigma_noise': 0.2842901221950441, 'A_repulsion': 0.36133971239540486, 'gamma': 0.7302471851676166, 'sigma_update': 0.4913270801315566, 'eta_learning': 1.404224681863439, 'sigma_boundary': 7.162664769876978, 'alpha': 0.6519257688463705}. Best is trial 33 with value: 0.013359946888006277.
[I 2026-03-04 17:20:14,417] Trial 97 finished with value: 0.06767107367642891 and parameters: {'sigma_noise': 0.29130860500085803, 'A_repulsion': 0.25495545355190186, 'gamma': 0.7204906326504433, 'sigma_update': 0.4516956069814368, 'eta_learning': 1.3790765697872642, 'sigma_boundary': 7.432496901887873, 'alpha': 0.6464754838588318}. Best is trial 33 with value: 0.013359946888006277.
[I 2026-03-04 17:20:24,978] Trial 96 finished with value: 0.059363127085605864 and parameters: {'sigma_noise': 0.28524808011887903, 'A_repulsion': 0.35999570950239534, 'gamma': 0.722603442358503, 'sigma_update': 0.4540110525477961, 'eta_learning': 1.38917346236312, 'sigma_boundary': 3.5590169433880834, 'alpha': 0.668187039249129}. Best is trial 33 with value: 0.013359946888006277.
[I 2026-03-04 17:20:54,228] Trial 98 finished with value: 0.07117767246080432 and parameters: {'sigma_noise': 0.2972292763699198, 'A_repulsion': 0.355522478754134, 'gamma': 0.7298263878351897, 'sigma_update': 0.5102362297584777, 'eta_learning': 1.3544415083418129, 'sigma_boundary': 7.452539405757568, 'alpha': 0.6695880691235593}. Best is trial 33 with value: 0.013359946888006277.
[I 2026-03-04 17:21:05,861] Trial 99 finished with value: 0.0726214447131879 and parameters: {'sigma_noise': 0.30257929410343365, 'A_repulsion': 0.33172716248559536, 'gamma': 0.7301723154416283, 'sigma_update': 0.49980011591896134, 'eta_learning': 1.3973287401915282, 'sigma_boundary': 7.322293725920099, 'alpha': 0.6661226834157086}. Best is trial 33 with value: 0.013359946888006277.
[I 2026-03-04 17:23:42,879] Trial 100 finished with value: 0.024416390083508186 and parameters: {'sigma_noise': 0.2967409723127631, 'A_repulsion': 0.4520711348633917, 'gamma': 0.8802146394653146, 'sigma_update': 0.4954154513485711, 'eta_learning': 1.4015442032832923, 'sigma_boundary': 7.335702338467847, 'alpha': 0.6616714707943911}. Best is trial 33 with value: 0.013359946888006277.
[I 2026-03-04 17:25:52,736] Trial 101 finished with value: 0.025781061667905177 and parameters: {'sigma_noise': 0.29284167486603513, 'A_repulsion': 0.19401251833402486, 'gamma': 0.8853740748112229, 'sigma_update': 0.48961351533313135, 'eta_learning': 1.3502335299258275, 'sigma_boundary': 4.74555974448434, 'alpha': 0.6541268555117857}. Best is trial 33 with value: 0.013359946888006277.
[I 2026-03-04 17:26:01,792] Trial 105 finished with value: 0.02816326497806653 and parameters: {'sigma_noise': 0.20844939746944968, 'A_repulsion': 0.19668951635108722, 'gamma': 0.9240489004578747, 'sigma_update': 0.5545327776005989, 'eta_learning': 1.3464605969880514, 'sigma_boundary': 8.002376840173238, 'alpha': 0.8433479439846322}. Best is trial 33 with value: 0.013359946888006277.
[I 2026-03-04 17:26:42,143] Trial 103 finished with value: 0.027951505788673236 and parameters: {'sigma_noise': 0.20660633102124154, 'A_repulsion': 0.4482895126126039, 'gamma': 0.881290921051074, 'sigma_update': 0.5035238179082674, 'eta_learning': 1.3735601443307581, 'sigma_boundary': 7.974379565806546, 'alpha': 0.6591202489437623}. Best is trial 33 with value: 0.013359946888006277.
[I 2026-03-04 17:27:11,074] Trial 102 finished with value: 0.06600811639860871 and parameters: {'sigma_noise': 0.2967396166758684, 'A_repulsion': 0.4429634453318214, 'gamma': 0.7407395317240406, 'sigma_update': 0.49616941535214026, 'eta_learning': 1.359575597083891, 'sigma_boundary': 4.676173216884636, 'alpha': 0.6607352907328984}. Best is trial 33 with value: 0.013359946888006277.
[I 2026-03-04 17:27:13,830] Trial 109 finished with value: 0.03532544075439445 and parameters: {'sigma_noise': 0.21187600822779945, 'A_repulsion': 0.19732763934263356, 'gamma': 0.8875735741655555, 'sigma_update': 0.5538326469772128, 'eta_learning': 1.6425030703187007, 'sigma_boundary': 1.0483997208302047, 'alpha': 0.8759482728585302}. Best is trial 33 with value: 0.013359946888006277.
[I 2026-03-04 17:27:20,659] Trial 106 finished with value: 0.07152545333504698 and parameters: {'sigma_noise': 0.21238363536192018, 'A_repulsion': 0.4420809986197999, 'gamma': 0.8905888323571234, 'sigma_update': 0.5549747341394845, 'eta_learning': 1.304564706235912, 'sigma_boundary': 7.182595243000989, 'alpha': 0.8544842917889481}. Best is trial 33 with value: 0.013359946888006277.
[I 2026-03-04 17:27:26,298] Trial 104 finished with value: 0.02375252367973011 and parameters: {'sigma_noise': 0.29722687047976604, 'A_repulsion': 0.44353873767045104, 'gamma': 0.8790818617771053, 'sigma_update': 0.5051108162330574, 'eta_learning': 1.4248739609475154, 'sigma_boundary': 4.698005653992829, 'alpha': 0.6596530360038344}. Best is trial 33 with value: 0.013359946888006277.
[I 2026-03-04 17:27:30,117] Trial 107 finished with value: 0.06487297638202569 and parameters: {'sigma_noise': 0.20417769556491697, 'A_repulsion': 0.4493984955549438, 'gamma': 0.9188969562150152, 'sigma_update': 0.6252037856379347, 'eta_learning': 1.3877373050518518, 'sigma_boundary': 4.557050025004098, 'alpha': 0.8449736192009872}. Best is trial 33 with value: 0.013359946888006277.
[I 2026-03-04 17:27:32,085] Trial 108 finished with value: 0.030854606802074108 and parameters: {'sigma_noise': 0.21159059854537338, 'A_repulsion': 0.44441326035574735, 'gamma': 0.8801324646829387, 'sigma_update': 0.5548465151466799, 'eta_learning': 1.3720970566352317, 'sigma_boundary': 7.2408250222729125, 'alpha': 0.7443022542911837}. Best is trial 33 with value: 0.013359946888006277.
[I 2026-03-04 17:28:39,521] Trial 110 finished with value: 0.03252207445880846 and parameters: {'sigma_noise': 0.20867833617235465, 'A_repulsion': 0.4437235648294522, 'gamma': 0.8777045469192748, 'sigma_update': 0.5529058337560537, 'eta_learning': 1.3945000120924982, 'sigma_boundary': 4.705715321656652, 'alpha': 0.7463398883581421}. Best is trial 33 with value: 0.013359946888006277.
[I 2026-03-04 17:28:44,996] Trial 111 finished with value: 0.03428753013865089 and parameters: {'sigma_noise': 0.2070649305675083, 'A_repulsion': 0.44413735721904, 'gamma': 0.8783947288694423, 'sigma_update': 0.5526021645193316, 'eta_learning': 1.6200379240210223, 'sigma_boundary': 7.373227621657119, 'alpha': 0.7500454885934738}. Best is trial 33 with value: 0.013359946888006277.
[I 2026-03-04 17:28:46,823] Trial 112 finished with value: 0.03433277868438893 and parameters: {'sigma_noise': 0.2083985291238203, 'A_repulsion': 0.44533456741213495, 'gamma': 0.8805086871830321, 'sigma_update': 0.55296481681857, 'eta_learning': 1.2765709545020263, 'sigma_boundary': 4.53532562148359, 'alpha': 0.7505817845889308}. Best is trial 33 with value: 0.013359946888006277.
