[I 2026-03-04 17:29:11,771] Trial 113 finished with value: 0.08078292155896437 and parameters: {'sigma_noise': 0.2153777525215465, 'A_repulsion': 0.44857498425964193, 'gamma': 0.8785496965571007, 'sigma_update': 0.07343403069235865, 'eta_learning': 1.6384997861436734, 'sigma_boundary': 4.6959575849422155, 'alpha': 0.7495765244002107}. Best is trial 33 with value: 0.013359946888006277.
[I 2026-03-04 17:29:18,260] Trial 115 finished with value: 0.03401473135503229 and parameters: {'sigma_noise': 0.20663018510610826, 'A_repulsion': 0.19703659616843344, 'gamma': 0.8887775541843081, 'sigma_update': 0.5532268607086163, 'eta_learning': 1.650929971572356, 'sigma_boundary': 1.136044378675678, 'alpha': 0.8560822556472133}. Best is trial 33 with value: 0.013359946888006277.
[I 2026-03-04 17:29:33,817] Trial 114 finished with value: 0.026952888793404975 and parameters: {'sigma_noise': 0.2498965730413614, 'A_repulsion': 0.4485354505972772, 'gamma': 0.8835484851454047, 'sigma_update': 0.5562565327982242, 'eta_learning': 1.6504251769128024, 'sigma_boundary': 4.687052780905329, 'alpha': 0.7544217505670583}. Best is trial 33 with value: 0.013359946888006277.
[I 2026-03-04 17:31:17,295] Trial 116 finished with value: 0.08714977259036752 and parameters: {'sigma_noise': 0.2104454562292722, 'A_repulsion': 0.45629977241681585, 'gamma': 0.874584750018198, 'sigma_update': 0.105478367405559, 'eta_learning': 1.618484320747231, 'sigma_boundary': 0.9993746121545204, 'alpha': 0.7412494534002532}. Best is trial 33 with value: 0.013359946888006277.
[I 2026-03-04 17:31:18,875] Trial 118 finished with value: 0.01782740267991531 and parameters: {'sigma_noise': 0.2501686802826469, 'A_repulsion': 0.19818900492065672, 'gamma': 0.8870030885733717, 'sigma_update': 0.6270866855669057, 'eta_learning': 1.6443612426469896, 'sigma_boundary': 4.780215160358453, 'alpha': 0.7457043603734849}. Best is trial 33 with value: 0.013359946888006277.
[I 2026-03-04 17:31:38,595] Trial 117 finished with value: 0.06406119033814131 and parameters: {'sigma_noise': 0.31307425636986685, 'A_repulsion': 0.1871557224034589, 'gamma': 0.8863632417377567, 'sigma_update': 0.0968835286221933, 'eta_learning': 1.674733639177092, 'sigma_boundary': 4.557143399283244, 'alpha': 0.8435124201297647}. Best is trial 33 with value: 0.013359946888006277.
[I 2026-03-04 17:32:10,395] Trial 119 finished with value: 0.06580090945839197 and parameters: {'sigma_noise': 0.21423515278891309, 'A_repulsion': 0.4414631954667466, 'gamma': 0.8892209881906628, 'sigma_update': 0.5549507541126104, 'eta_learning': 1.6381906138308524, 'sigma_boundary': 4.709083511315821, 'alpha': 0.8471517494736426}. Best is trial 33 with value: 0.013359946888006277.
[I 2026-03-04 17:34:55,114] Trial 120 finished with value: 0.0364192959198009 and parameters: {'sigma_noise': 0.20402051181053574, 'A_repulsion': 0.44647136230829515, 'gamma': 0.8780304568272095, 'sigma_update': 0.5541541651439923, 'eta_learning': 1.657246662257105, 'sigma_boundary': 4.7260874751262, 'alpha': 0.7497424942640498}. Best is trial 33 with value: 0.013359946888006277.
[I 2026-03-04 17:37:02,044] Trial 121 finished with value: 0.030306894581407347 and parameters: {'sigma_noise': 0.2138260524323376, 'A_repulsion': 0.44585519146564834, 'gamma': 0.9246503783429937, 'sigma_update': 0.5564220066356379, 'eta_learning': 1.6420271847527939, 'sigma_boundary': 5.6461201794915326, 'alpha': 0.7438840049040192}. Best is trial 33 with value: 0.013359946888006277.
[I 2026-03-04 17:37:25,889] Trial 122 finished with value: 0.0754221512616046 and parameters: {'sigma_noise': 0.25078505192177436, 'A_repulsion': 0.4366362793289653, 'gamma': 0.8736066656978665, 'sigma_update': 0.0950796674554523, 'eta_learning': 1.6568780798217986, 'sigma_boundary': 4.663527443724617, 'alpha': 0.7603149650150254}. Best is trial 33 with value: 0.013359946888006277.
[I 2026-03-04 17:38:04,601] Trial 123 finished with value: 0.07757272288632135 and parameters: {'sigma_noise': 0.2516939344146695, 'A_repulsion': 0.44904442577479675, 'gamma': 0.8675796095417107, 'sigma_update': 0.09359243704533893, 'eta_learning': 1.138944418854441, 'sigma_boundary': 1.4247473749539323, 'alpha': 0.7436931070711696}. Best is trial 33 with value: 0.013359946888006277.
[I 2026-03-04 17:38:29,785] Trial 126 finished with value: 0.01749192592213213 and parameters: {'sigma_noise': 0.2513120342333538, 'A_repulsion': 0.410805730781502, 'gamma': 0.9173992688730381, 'sigma_update': 0.6285775001602174, 'eta_learning': 1.633766660955471, 'sigma_boundary': 5.67246726602224, 'alpha': 0.7533391495158747}. Best is trial 33 with value: 0.013359946888006277.
[I 2026-03-04 17:38:35,085] Trial 124 finished with value: 0.02803351569601884 and parameters: {'sigma_noise': 0.2535523724188842, 'A_repulsion': 0.4680682146776704, 'gamma': 0.8682430801637729, 'sigma_update': 0.6258169212858535, 'eta_learning': 1.6174380858439301, 'sigma_boundary': 0.9436711811204002, 'alpha': 0.7483623550122795}. Best is trial 33 with value: 0.013359946888006277.
[I 2026-03-04 17:38:38,369] Trial 125 finished with value: 0.026577476557468237 and parameters: {'sigma_noise': 0.252244058680901, 'A_repulsion': 0.47455051073270155, 'gamma': 0.8650056684220032, 'sigma_update': 0.6252872323570149, 'eta_learning': 1.6547434896079283, 'sigma_boundary': 1.829727358578764, 'alpha': 0.7587199503288762}. Best is trial 33 with value: 0.013359946888006277.
[I 2026-03-04 17:38:39,851] Trial 127 finished with value: 0.01687422158781418 and parameters: {'sigma_noise': 0.25142586163054687, 'A_repulsion': 0.410642038722495, 'gamma': 0.9231138500350713, 'sigma_update': 0.6230446909634236, 'eta_learning': 1.6416337795822036, 'sigma_boundary': 5.235508938954877, 'alpha': 0.745382605996455}. Best is trial 33 with value: 0.013359946888006277.
[I 2026-03-04 17:38:49,778] Trial 129 finished with value: 0.06845193665638907 and parameters: {'sigma_noise': 0.2554536391656225, 'A_repulsion': 0.4073335354149816, 'gamma': 0.8111495049938598, 'sigma_update': 0.11039370613647667, 'eta_learning': 1.18591739630501, 'sigma_boundary': 5.567849538285759, 'alpha': 0.7604332181444036}. Best is trial 33 with value: 0.013359946888006277.
[I 2026-03-04 17:38:52,751] Trial 128 finished with value: 0.08492103331936922 and parameters: {'sigma_noise': 0.249564760983323, 'A_repulsion': 0.472225161368091, 'gamma': 0.8622938261821261, 'sigma_update': 0.08529711785124544, 'eta_learning': 1.9856207372666113, 'sigma_boundary': 5.678335925650719, 'alpha': 0.7481898822343297}. Best is trial 33 with value: 0.013359946888006277.
[I 2026-03-04 17:39:58,486] Trial 131 finished with value: 0.07634980862134472 and parameters: {'sigma_noise': 0.24893453092608642, 'A_repulsion': 0.410726009871529, 'gamma': 0.8170239095281533, 'sigma_update': 0.10629240246410114, 'eta_learning': 1.2293169612383907, 'sigma_boundary': 5.4831277116425765, 'alpha': 0.7849096276118174}. Best is trial 33 with value: 0.013359946888006277.
[I 2026-03-04 17:40:06,428] Trial 130 finished with value: 0.0888434046794237 and parameters: {'sigma_noise': 0.2530072903806192, 'A_repulsion': 0.47487569803003443, 'gamma': 0.8604435810437984, 'sigma_update': 0.08016086157034663, 'eta_learning': 1.194126328769765, 'sigma_boundary': 5.4165965235497815, 'alpha': 0.7483332797573411}. Best is trial 33 with value: 0.013359946888006277.
[I 2026-03-04 17:40:09,081] Trial 132 finished with value: 0.04252119744523697 and parameters: {'sigma_noise': 0.25065653288883855, 'A_repulsion': 0.46703729611070344, 'gamma': 0.8120546518572661, 'sigma_update': 0.521871038972537, 'eta_learning': 1.195815357970034, 'sigma_boundary': 5.548633932724206, 'alpha': 0.7895926084130049}. Best is trial 33 with value: 0.013359946888006277.
[I 2026-03-04 17:40:35,493] Trial 133 finished with value: 0.046407363522654774 and parameters: {'sigma_noise': 0.2517855760796917, 'A_repulsion': 0.46872611740126635, 'gamma': 0.9364697164850798, 'sigma_update': 0.5244976154489838, 'eta_learning': 1.1285904039943655, 'sigma_boundary': 5.209459560742474, 'alpha': 0.7861099953923678}. Best is trial 33 with value: 0.013359946888006277.
[I 2026-03-04 17:41:00,853] Trial 135 finished with value: 0.08918205025685672 and parameters: {'sigma_noise': 0.25308845133167934, 'A_repulsion': 0.4743008541135096, 'gamma': 0.811289279795032, 'sigma_update': 0.12658252177326884, 'eta_learning': 1.2091914015561054, 'sigma_boundary': 2.2975034942395656, 'alpha': 0.7907658783653829}. Best is trial 33 with value: 0.013359946888006277.
[I 2026-03-04 17:41:03,383] Trial 134 finished with value: 0.03679090703097092 and parameters: {'sigma_noise': 0.31504541823085347, 'A_repulsion': 0.46747478904026296, 'gamma': 0.812005618342763, 'sigma_update': 0.6554087476188503, 'eta_learning': 2.0137907166914295, 'sigma_boundary': 5.677494086256129, 'alpha': 0.8052518191325067}. Best is trial 33 with value: 0.013359946888006277.
[I 2026-03-04 17:41:29,834] Trial 139 finished with value: 0.020437354797283296 and parameters: {'sigma_noise': 0.2558376894549652, 'A_repulsion': 0.03965321821787593, 'gamma': 0.8120157569658899, 'sigma_update': 0.6595083411894845, 'eta_learning': 1.9846825664753631, 'sigma_boundary': 5.862548972905639, 'alpha': 0.8003646898757848}. Best is trial 33 with value: 0.013359946888006277.
[I 2026-03-04 17:42:59,445] Trial 138 finished with value: 0.02415005377708292 and parameters: {'sigma_noise': 0.25288142961084914, 'A_repulsion': 0.40813821328320293, 'gamma': 0.8098247706446026, 'sigma_update': 0.6566670051857881, 'eta_learning': 1.940222583189735, 'sigma_boundary': 5.601873860125059, 'alpha': 0.7951901304062957}. Best is trial 33 with value: 0.013359946888006277.
[I 2026-03-04 17:43:01,190] Trial 137 finished with value: 0.031477541895318276 and parameters: {'sigma_noise': 0.317036783494223, 'A_repulsion': 0.40631066778872515, 'gamma': 0.8117854602035284, 'sigma_update': 0.6613203818027648, 'eta_learning': 1.9469209254028406, 'sigma_boundary': 5.563465216215631, 'alpha': 0.7927493605259017}. Best is trial 33 with value: 0.013359946888006277.
[I 2026-03-04 17:43:04,811] Trial 136 finished with value: 0.07331341020307218 and parameters: {'sigma_noise': 0.31595936722071805, 'A_repulsion': 0.4726131354991872, 'gamma': 0.9372692637391961, 'sigma_update': 0.3477450464493942, 'eta_learning': 1.103262541965897, 'sigma_boundary': 5.282426300161426, 'alpha': 0.7872289581379712}. Best is trial 33 with value: 0.013359946888006277.
[I 2026-03-04 17:46:21,252] Trial 140 finished with value: 0.03816794368876692 and parameters: {'sigma_noise': 0.2515100930441982, 'A_repulsion': 0.40848032647928934, 'gamma': 0.8140461313228744, 'sigma_update': 0.5226390356541666, 'eta_learning': 1.1410031465168415, 'sigma_boundary': 6.8443828443117205, 'alpha': 0.8067569341870982}. Best is trial 33 with value: 0.013359946888006277.
[I 2026-03-04 17:47:56,415] Trial 145 finished with value: 0.02176099163026731 and parameters: {'sigma_noise': 0.2741501132808491, 'A_repulsion': 0.028601914569233305, 'gamma': 0.8097216463007839, 'sigma_update': 0.6450518054655451, 'eta_learning': 1.9961132564145188, 'sigma_boundary': 6.5495822874814955, 'alpha': 0.8043361218459582}. Best is trial 33 with value: 0.013359946888006277.
[I 2026-03-04 17:48:41,551] Trial 141 finished with value: 0.03227948851363306 and parameters: {'sigma_noise': 0.25288693001790985, 'A_repulsion': 0.4725954653220856, 'gamma': 0.8094673805738362, 'sigma_update': 0.6437769454198293, 'eta_learning': 1.9633705611846168, 'sigma_boundary': 3.1808285916433707, 'alpha': 0.8043380805033309}. Best is trial 33 with value: 0.013359946888006277.
[I 2026-03-04 17:49:05,521] Trial 142 finished with value: 0.042255567148000626 and parameters: {'sigma_noise': 0.25661237768782114, 'A_repulsion': 0.46907831837011105, 'gamma': 0.8200186094540242, 'sigma_update': 0.5290142456332138, 'eta_learning': 1.1791018938599547, 'sigma_boundary': 5.351256481867996, 'alpha': 0.7919779401790558}. Best is trial 33 with value: 0.013359946888006277.
[I 2026-03-04 17:49:44,022] Trial 143 finished with value: 0.025602365378197232 and parameters: {'sigma_noise': 0.2782700241183299, 'A_repulsion': 0.40885931710234497, 'gamma': 0.8104223315090524, 'sigma_update': 0.6640224736769429, 'eta_learning': 1.9493289658162922, 'sigma_boundary': 2.2802510475951245, 'alpha': 0.7960005205916363}. Best is trial 33 with value: 0.013359946888006277.
[I 2026-03-04 17:49:49,582] Trial 150 finished with value: 0.01690294718305624 and parameters: {'sigma_noise': 0.2775599632162245, 'A_repulsion': 0.043029239887999504, 'gamma': 0.9378430881683556, 'sigma_update': 0.6584733869637258, 'eta_learning': 1.7461225676094776, 'sigma_boundary': 2.231058934494105, 'alpha': 0.7827293766244067}. Best is trial 33 with value: 0.013359946888006277.
[I 2026-03-04 17:50:12,088] Trial 144 finished with value: 0.02775765254626284 and parameters: {'sigma_noise': 0.274771694000786, 'A_repulsion': 0.4112623026624847, 'gamma': 0.8133053619764307, 'sigma_update': 0.6262138058367301, 'eta_learning': 1.9956986523186226, 'sigma_boundary': 5.3407305896950446, 'alpha': 0.7988919819594313}. Best is trial 33 with value: 0.013359946888006277.
[I 2026-03-04 17:50:16,482] Trial 153 finished with value: 0.014520405229742319 and parameters: {'sigma_noise': 0.2755759019589977, 'A_repulsion': 0.02569830463484695, 'gamma': 0.916450421461326, 'sigma_update': 0.6564097419696238, 'eta_learning': 1.753451026308805, 'sigma_boundary': 2.266386364847361, 'alpha': 0.804825472246137}. Best is trial 33 with value: 0.013359946888006277.
[I 2026-03-04 17:50:17,987] Trial 147 finished with value: 0.025555162742368825 and parameters: {'sigma_noise': 0.2764087032100692, 'A_repulsion': 0.4072923501895474, 'gamma': 0.8077561607882606, 'sigma_update': 0.6644630888318845, 'eta_learning': 1.9536259629189863, 'sigma_boundary': 4.994261104817877, 'alpha': 0.7959127775929354}. Best is trial 33 with value: 0.013359946888006277.
[I 2026-03-04 17:50:19,839] Trial 146 finished with value: 0.02063459936023875 and parameters: {'sigma_noise': 0.27696920407868975, 'A_repulsion': 0.4106375718156961, 'gamma': 0.9414983418890501, 'sigma_update': 0.656207228252363, 'eta_learning': 1.9826974258735335, 'sigma_boundary': 2.3110418210892614, 'alpha': 0.7868217799075303}. Best is trial 33 with value: 0.013359946888006277.
[I 2026-03-04 17:50:35,114] Trial 149 finished with value: 0.02402829976009583 and parameters: {'sigma_noise': 0.27882404937060634, 'A_repulsion': 0.4244696924485504, 'gamma': 0.9603789126070231, 'sigma_update': 0.6586860725848407, 'eta_learning': 1.9513606986945375, 'sigma_boundary': 5.146616681746238, 'alpha': 0.8041925498212368}. Best is trial 33 with value: 0.013359946888006277.
[I 2026-03-04 17:50:35,367] Trial 148 finished with value: 0.04415986118637632 and parameters: {'sigma_noise': 0.2756440135737884, 'A_repulsion': 0.4247714395827451, 'gamma': 0.9443674907118637, 'sigma_update': 0.5237517712410873, 'eta_learning': 1.9588207116359324, 'sigma_boundary': 5.120778524361035, 'alpha': 0.8124197926858369}. Best is trial 33 with value: 0.013359946888006277.
[I 2026-03-04 17:50:50,889] Trial 154 finished with value: 0.35555293833379686 and parameters: {'sigma_noise': 0.2758616525721582, 'A_repulsion': 0.042194802023693044, 'gamma': 0.04199792343368425, 'sigma_update': 0.644434134239486, 'eta_learning': 1.7544656195197952, 'sigma_boundary': 3.1383481098612114, 'alpha': 0.8081753924964169}. Best is trial 33 with value: 0.013359946888006277.
[I 2026-03-04 17:51:58,225] Trial 151 finished with value: 0.025554716795833758 and parameters: {'sigma_noise': 0.2723792399262369, 'A_repulsion': 0.4253131118420777, 'gamma': 0.9437609432536723, 'sigma_update': 0.6433622928781955, 'eta_learning': 1.9496375430047328, 'sigma_boundary': 5.945269580811218, 'alpha': 0.802050131171434}. Best is trial 33 with value: 0.013359946888006277.
[I 2026-03-04 17:52:00,738] Trial 152 finished with value: 0.026077823180649957 and parameters: {'sigma_noise': 0.2737793239623486, 'A_repulsion': 0.42307563645877155, 'gamma': 0.947096692428179, 'sigma_update': 0.6575644789034457, 'eta_learning': 1.7433158442310632, 'sigma_boundary': 4.935527925817492, 'alpha': 0.8127993220891587}. Best is trial 33 with value: 0.013359946888006277.
[I 2026-03-04 17:52:48,227] Trial 159 finished with value: 0.01697883032529154 and parameters: {'sigma_noise': 0.27734463658846775, 'A_repulsion': 0.02277736451665857, 'gamma': 0.9064605640008192, 'sigma_update': 0.6978277605912984, 'eta_learning': 1.8833445932723396, 'sigma_boundary': 5.951359774799867, 'alpha': 0.818644153817395}. Best is trial 33 with value: 0.013359946888006277.
[I 2026-03-04 17:52:58,836] Trial 155 finished with value: 0.017372385551266467 and parameters: {'sigma_noise': 0.27398457970220974, 'A_repulsion': 0.42212316233029673, 'gamma': 0.9525455427758986, 'sigma_update': 0.6496150102023263, 'eta_learning': 1.7532103479824988, 'sigma_boundary': 6.825625065657652, 'alpha': 0.6915786930919876}. Best is trial 33 with value: 0.013359946888006277.
[I 2026-03-04 17:53:02,219] Trial 157 finished with value: 0.014683663639914378 and parameters: {'sigma_noise': 0.2766971818316074, 'A_repulsion': 0.052563151996842035, 'gamma': 0.951898961895275, 'sigma_update': 0.6535925559128065, 'eta_learning': 1.9538144683461156, 'sigma_boundary': 6.438395533605033, 'alpha': 0.8132773657494394}. Best is trial 33 with value: 0.013359946888006277.
[I 2026-03-04 17:53:28,108] Trial 156 finished with value: 0.011965582651642312 and parameters: {'sigma_noise': 0.2765553425613321, 'A_repulsion': 0.4246817361873193, 'gamma': 0.9983365980076966, 'sigma_update': 0.6670178771630548, 'eta_learning': 1.9220341394696183, 'sigma_boundary': 6.377441770669603, 'alpha': 0.6907429964910403}. Best is trial 156 with value: 0.011965582651642312.
[I 2026-03-04 17:55:08,413] Trial 158 finished with value: 0.024982867324541275 and parameters: {'sigma_noise': 0.27545324873285004, 'A_repulsion': 0.4256442564867729, 'gamma': 0.9434889851561216, 'sigma_update': 0.6985699528896034, 'eta_learning': 2.107302291806993, 'sigma_boundary': 6.045206187700198, 'alpha': 0.8213956248765022}. Best is trial 156 with value: 0.011965582651642312.
[I 2026-03-04 17:58:03,549] Trial 161 finished with value: 0.015626288645078583 and parameters: {'sigma_noise': 0.27597230024322406, 'A_repulsion': 0.02987483935545134, 'gamma': 0.9753689751833348, 'sigma_update': 0.699862718694129, 'eta_learning': 1.8898428827961105, 'sigma_boundary': 5.888894794499609, 'alpha': 0.8268765435539172}. Best is trial 156 with value: 0.011965582651642312.
[I 2026-03-04 17:58:48,839] Trial 160 finished with value: 0.018889865394493804 and parameters: {'sigma_noise': 0.27919135608841833, 'A_repulsion': 0.42510806313289656, 'gamma': 0.9110570323685557, 'sigma_update': 0.64311349467048, 'eta_learning': 1.8932425621328655, 'sigma_boundary': 5.023307954062476, 'alpha': 0.6950053312861963}. Best is trial 156 with value: 0.011965582651642312.
[I 2026-03-04 17:59:06,463] Trial 162 finished with value: 0.010268629930516415 and parameters: {'sigma_noise': 0.27617916543178217, 'A_repulsion': 0.029187712921721256, 'gamma': 0.9988500468822389, 'sigma_update': 0.6697909221248729, 'eta_learning': 1.9022533945775757, 'sigma_boundary': 5.942388934162164, 'alpha': 0.8288042036710543}. Best is trial 162 with value: 0.010268629930516415.
[I 2026-03-04 17:59:41,261] Trial 163 finished with value: 0.19763094905734793 and parameters: {'sigma_noise': 0.2729860130168713, 'A_repulsion': 0.038949395656592785, 'gamma': 0.96527151726365, 'sigma_update': 0.6708835041058793, 'eta_learning': 1.8774253254967381, 'sigma_boundary': 6.36997015715872, 'alpha': 0.5613469502433825}. Best is trial 162 with value: 0.010268629930516415.
[I 2026-03-04 18:00:01,926] Trial 167 finished with value: 0.019926492197310523 and parameters: {'sigma_noise': 0.23543400638523643, 'A_repulsion': 0.02126874858688961, 'gamma': 0.9567528604910467, 'sigma_update': 0.697457060297782, 'eta_learning': 2.077642155820712, 'sigma_boundary': 5.945003499193697, 'alpha': 0.9078123706969399}. Best is trial 162 with value: 0.010268629930516415.
[I 2026-03-04 18:00:05,955] Trial 164 finished with value: 0.015118707142144621 and parameters: {'sigma_noise': 0.27608617063605595, 'A_repulsion': 0.03332738909945676, 'gamma': 0.9122681935086951, 'sigma_update': 0.6959689716303875, 'eta_learning': 1.8940276229082558, 'sigma_boundary': 5.8878644301537655, 'alpha': 0.8251144806003362}. Best is trial 162 with value: 0.010268629930516415.
[I 2026-03-04 18:00:12,927] Trial 166 finished with value: 0.01798731830697769 and parameters: {'sigma_noise': 0.23813818714819918, 'A_repulsion': 0.030956636088502073, 'gamma': 0.9681607845200721, 'sigma_update': 0.6987700945438882, 'eta_learning': 2.0903856666568768, 'sigma_boundary': 6.351466921358843, 'alpha': 0.9043450598756956}. Best is trial 162 with value: 0.010268629930516415.
[I 2026-03-04 18:00:17,295] Trial 171 finished with value: 0.01614676816666991 and parameters: {'sigma_noise': 0.23609567413120255, 'A_repulsion': 0.03414830222838176, 'gamma': 0.9892487655096681, 'sigma_update': 0.6991727998280427, 'eta_learning': 1.8773569535620804, 'sigma_boundary': 6.300230038085725, 'alpha': 0.8863852908082432}. Best is trial 162 with value: 0.010268629930516415.
[I 2026-03-04 18:00:19,439] Trial 168 finished with value: 0.016360881679655354 and parameters: {'sigma_noise': 0.23780010676340577, 'A_repulsion': 0.03296810229481099, 'gamma': 0.9702592073036939, 'sigma_update': 0.6967820713404487, 'eta_learning': 1.879427626604944, 'sigma_boundary': 5.99861164662484, 'alpha': 0.8215872278844133}. Best is trial 162 with value: 0.010268629930516415.
