[I 2026-03-04 18:06:46,080] Trial 54 finished with value: 0.04648287033169171 and parameters: {'sigma_noise': 0.1830519834425064, 'A_repulsion': 0.47630335377113686, 'gamma': 0.7278634579969866, 'sigma_update': 0.14247543280243258, 'eta_learning': 2.998436549261574, 'sigma_boundary': 4.1689157891962365, 'alpha': 0.5917169276384066}. Best is trial 55 with value: 0.027477917168005028.
[I 2026-03-04 18:06:48,465] Trial 52 finished with value: 0.09201815941381182 and parameters: {'sigma_noise': 0.18098556404015478, 'A_repulsion': 0.4994600233229288, 'gamma': 0.9696363835480513, 'sigma_update': 0.33696874524689674, 'eta_learning': 2.9906194288238983, 'sigma_boundary': 4.549638298779064, 'alpha': 0.8434665751989677}. Best is trial 55 with value: 0.027477917168005028.
[I 2026-03-04 18:07:20,901] Trial 56 finished with value: 0.04237658012282612 and parameters: {'sigma_noise': 0.1911116566302967, 'A_repulsion': 0.45875331999738905, 'gamma': 0.7259561350036225, 'sigma_update': 0.15507797464927753, 'eta_learning': 2.9834751371837545, 'sigma_boundary': 1.6461930674149539, 'alpha': 0.583333452461186}. Best is trial 55 with value: 0.027477917168005028.
[I 2026-03-04 18:07:54,570] Trial 64 finished with value: 0.08545007605760507 and parameters: {'sigma_noise': 0.0912802496641577, 'A_repulsion': 0.4982932646339828, 'gamma': 0.721168433550155, 'sigma_update': 0.6793171962524414, 'eta_learning': 1.3140330169205645, 'sigma_boundary': 1.6203318028745624, 'alpha': 0.8080148621082383}. Best is trial 55 with value: 0.027477917168005028.
[I 2026-03-04 18:08:10,676] Trial 65 finished with value: 0.08328980822310031 and parameters: {'sigma_noise': 0.09159121572484125, 'A_repulsion': 0.49161494498194896, 'gamma': 0.7195450839825506, 'sigma_update': 0.0846401757433746, 'eta_learning': 2.322759901926733, 'sigma_boundary': 1.5094136151568152, 'alpha': 0.5891396242883696}. Best is trial 55 with value: 0.027477917168005028.
[I 2026-03-04 18:08:15,464] Trial 59 finished with value: 0.04416239561104159 and parameters: {'sigma_noise': 0.18175888214235505, 'A_repulsion': 0.4766213900448114, 'gamma': 0.7336536529737713, 'sigma_update': 0.16500738042907395, 'eta_learning': 2.317735260422619, 'sigma_boundary': 1.7777257454895703, 'alpha': 0.6028929614390353}. Best is trial 55 with value: 0.027477917168005028.
[I 2026-03-04 18:08:17,969] Trial 58 finished with value: 0.039829989795314706 and parameters: {'sigma_noise': 0.17656825145638969, 'A_repulsion': 0.48410171972239124, 'gamma': 0.7234720995248234, 'sigma_update': 0.16328262773827534, 'eta_learning': 1.2658940303076271, 'sigma_boundary': 1.7035549661036598, 'alpha': 0.5417168543287761}. Best is trial 55 with value: 0.027477917168005028.
[I 2026-03-04 18:08:58,608] Trial 68 finished with value: 0.07846758907860596 and parameters: {'sigma_noise': 0.09273125831692305, 'A_repulsion': 0.44698865757985534, 'gamma': 0.7271440495261069, 'sigma_update': 0.1629598971006557, 'eta_learning': 1.3485847791203984, 'sigma_boundary': 1.7039950736539395, 'alpha': 0.5927310496578572}. Best is trial 55 with value: 0.027477917168005028.
[I 2026-03-04 18:09:02,732] Trial 60 finished with value: 0.041324369992134014 and parameters: {'sigma_noise': 0.17383313804492756, 'A_repulsion': 0.46675306133185346, 'gamma': 0.7212378773799406, 'sigma_update': 0.16611051332190563, 'eta_learning': 1.3669371027449788, 'sigma_boundary': 1.6374066288398204, 'alpha': 0.5855642104636721}. Best is trial 55 with value: 0.027477917168005028.
[I 2026-03-04 18:09:03,682] Trial 57 finished with value: 0.0426483261054948 and parameters: {'sigma_noise': 0.22854866465000684, 'A_repulsion': 0.4934623839145823, 'gamma': 0.7330829930591993, 'sigma_update': 0.16147778501239968, 'eta_learning': 2.3586490661724833, 'sigma_boundary': 1.6731215533625468, 'alpha': 0.5569154418879106}. Best is trial 55 with value: 0.027477917168005028.
[I 2026-03-04 18:09:15,334] Trial 69 finished with value: 0.0775240021862668 and parameters: {'sigma_noise': 0.09392873822845418, 'A_repulsion': 0.4517314357012246, 'gamma': 0.7109079844334506, 'sigma_update': 0.17050494097364144, 'eta_learning': 2.3136234560332345, 'sigma_boundary': 1.5205215657251459, 'alpha': 0.5910013844136648}. Best is trial 55 with value: 0.027477917168005028.
[I 2026-03-04 18:09:21,118] Trial 63 finished with value: 0.05508452891090203 and parameters: {'sigma_noise': 0.17256454333242083, 'A_repulsion': 0.4574116238325892, 'gamma': 0.7076929630757727, 'sigma_update': 0.09864105074598555, 'eta_learning': 1.3582101745522175, 'sigma_boundary': 1.59912167979305, 'alpha': 0.5805287209835229}. Best is trial 55 with value: 0.027477917168005028.
[I 2026-03-04 18:09:23,172] Trial 61 finished with value: 0.05309134884857848 and parameters: {'sigma_noise': 0.18041936976732903, 'A_repulsion': 0.49986761499595084, 'gamma': 0.7073426965470819, 'sigma_update': 0.14929729929056554, 'eta_learning': 1.2819438709052993, 'sigma_boundary': 1.556292927474221, 'alpha': 0.5754262814334589}. Best is trial 55 with value: 0.027477917168005028.
[I 2026-03-04 18:09:58,797] Trial 71 finished with value: 0.22932824853647907 and parameters: {'sigma_noise': 0.09227506241570006, 'A_repulsion': 0.43110416035023263, 'gamma': 0.5100895204257666, 'sigma_update': 0.6960530979316025, 'eta_learning': 2.357244170960303, 'sigma_boundary': 1.5453364858620438, 'alpha': 0.5799926442302439}. Best is trial 55 with value: 0.027477917168005028.
[I 2026-03-04 18:10:02,585] Trial 62 finished with value: 0.04822480413422017 and parameters: {'sigma_noise': 0.17559809014382982, 'A_repulsion': 0.4872608351102635, 'gamma': 0.7238235392990323, 'sigma_update': 0.14641527635057544, 'eta_learning': 1.3642085060064906, 'sigma_boundary': 1.5788918431483125, 'alpha': 0.5815043866398991}. Best is trial 55 with value: 0.027477917168005028.
[I 2026-03-04 18:10:14,516] Trial 70 finished with value: 0.07820783210541682 and parameters: {'sigma_noise': 0.09934363092579868, 'A_repulsion': 0.438404497523462, 'gamma': 0.5010143905982973, 'sigma_update': 0.16197884209725177, 'eta_learning': 2.351950473774613, 'sigma_boundary': 1.3958164740209102, 'alpha': 0.5631060474040952}. Best is trial 55 with value: 0.027477917168005028.
[I 2026-03-04 18:14:42,559] Trial 75 finished with value: 0.050065918156746624 and parameters: {'sigma_noise': 0.09623642185835218, 'A_repulsion': 0.0042113333808848925, 'gamma': 0.717587901789639, 'sigma_update': 0.17091846563368018, 'eta_learning': 1.3363005480322163, 'sigma_boundary': 1.5891565203542943, 'alpha': 0.5734022408267763}. Best is trial 55 with value: 0.027477917168005028.
[I 2026-03-04 18:16:45,623] Trial 72 finished with value: 0.06476200993201683 and parameters: {'sigma_noise': 0.09044212658687055, 'A_repulsion': 0.447530726594276, 'gamma': 0.7117275842466884, 'sigma_update': 0.17685383046829545, 'eta_learning': 1.3216427338574375, 'sigma_boundary': 1.5264219372626826, 'alpha': 0.4982934575032415}. Best is trial 55 with value: 0.027477917168005028.
[I 2026-03-04 18:18:00,886] Trial 73 finished with value: 0.07970335924105086 and parameters: {'sigma_noise': 0.09484376693629998, 'A_repulsion': 0.4466601505385057, 'gamma': 0.4944115630646787, 'sigma_update': 0.16211859763924108, 'eta_learning': 1.3897261783668517, 'sigma_boundary': 1.7855315718447748, 'alpha': 0.5545976102670491}. Best is trial 55 with value: 0.027477917168005028.
[I 2026-03-04 18:18:12,173] Trial 74 finished with value: 0.08162525961735183 and parameters: {'sigma_noise': 0.08492068483242504, 'A_repulsion': 0.45013988588684173, 'gamma': 0.5140509546401478, 'sigma_update': 0.37602498767083914, 'eta_learning': 1.2953979797895356, 'sigma_boundary': 1.4450743982690661, 'alpha': 0.58800247440394}. Best is trial 55 with value: 0.027477917168005028.
[I 2026-03-04 18:20:24,911] Trial 76 finished with value: 0.08162414721920276 and parameters: {'sigma_noise': 0.09007263389292468, 'A_repulsion': 0.4360451508137569, 'gamma': 0.5065085657058626, 'sigma_update': 0.16560252125706912, 'eta_learning': 1.3300196236052506, 'sigma_boundary': 1.51377210199559, 'alpha': 0.5827319021388092}. Best is trial 55 with value: 0.027477917168005028.
[I 2026-03-04 18:22:29,764] Trial 77 finished with value: 0.07317062821915378 and parameters: {'sigma_noise': 0.2379169874834982, 'A_repulsion': 0.20878363868345368, 'gamma': 0.4775263342155823, 'sigma_update': 0.0843117310490091, 'eta_learning': 1.292982866970707, 'sigma_boundary': 1.315885027853585, 'alpha': 0.5791257435660202}. Best is trial 55 with value: 0.027477917168005028.
[I 2026-03-04 18:22:29,999] Trial 78 finished with value: 0.04764366396826444 and parameters: {'sigma_noise': 0.23316891442398407, 'A_repulsion': 0.21370459381637802, 'gamma': 0.5108236371857411, 'sigma_update': 0.10182802172161745, 'eta_learning': 2.6519209750580557, 'sigma_boundary': 5.351111576061324, 'alpha': 0.5748034353279232}. Best is trial 55 with value: 0.027477917168005028.
[I 2026-03-04 18:22:43,894] Trial 82 finished with value: 0.03813074761792619 and parameters: {'sigma_noise': 0.11168824897713955, 'A_repulsion': 0.1939000213372647, 'gamma': 0.7958936167249716, 'sigma_update': 0.08636209374594447, 'eta_learning': 2.741315712142366, 'sigma_boundary': 5.249873933986079, 'alpha': 0.4767725681813448}. Best is trial 55 with value: 0.027477917168005028.
[I 2026-03-04 18:24:08,448] Trial 81 finished with value: 0.09656829652078529 and parameters: {'sigma_noise': 0.23727466090214716, 'A_repulsion': 0.20255012973715628, 'gamma': 0.804985602805734, 'sigma_update': 0.09981112419120905, 'eta_learning': 2.6506657818932564, 'sigma_boundary': 5.309002608967594, 'alpha': 0.4804720833200621}. Best is trial 55 with value: 0.027477917168005028.
[I 2026-03-04 18:24:23,955] Trial 80 finished with value: 0.09833652423136628 and parameters: {'sigma_noise': 0.237305622820972, 'A_repulsion': 0.20257395892923533, 'gamma': 0.7924791793685112, 'sigma_update': 0.08917569059819717, 'eta_learning': 2.717133395309646, 'sigma_boundary': 5.303488873468098, 'alpha': 0.4889570973760796}. Best is trial 55 with value: 0.027477917168005028.
[I 2026-03-04 18:24:53,652] Trial 93 finished with value: 0.04546026538887396 and parameters: {'sigma_noise': 0.11721461928653484, 'A_repulsion': 0.17229452764904224, 'gamma': 0.7888913128246037, 'sigma_update': 0.190883077341436, 'eta_learning': 0.983991138777093, 'sigma_boundary': 2.5138162816421277, 'alpha': 0.4743918323081958}. Best is trial 55 with value: 0.027477917168005028.
[I 2026-03-04 18:25:14,680] Trial 83 finished with value: 0.11927784977386388 and parameters: {'sigma_noise': 0.24231973309278287, 'A_repulsion': 0.19244045490718692, 'gamma': 0.7966047883716267, 'sigma_update': 0.0855485987581267, 'eta_learning': 2.739468293879067, 'sigma_boundary': 2.6084285114662498, 'alpha': 0.478645124579357}. Best is trial 55 with value: 0.027477917168005028.
[I 2026-03-04 18:25:21,899] Trial 79 finished with value: 0.0912039730422737 and parameters: {'sigma_noise': 0.21151185977585563, 'A_repulsion': 0.45658148170242674, 'gamma': 0.4988688237156196, 'sigma_update': 0.08896313433636548, 'eta_learning': 2.67514820489252, 'sigma_boundary': 5.37679013059599, 'alpha': 0.6188108246354156}. Best is trial 55 with value: 0.027477917168005028.
[I 2026-03-04 18:25:25,858] Trial 91 finished with value: 0.0237834118674014 and parameters: {'sigma_noise': 0.23762500977961087, 'A_repulsion': 0.19566289568884518, 'gamma': 0.790920027919789, 'sigma_update': 0.20272680957119166, 'eta_learning': 1.0232091823255236, 'sigma_boundary': 2.603739016566496, 'alpha': 0.6653998718641881}. Best is trial 91 with value: 0.0237834118674014.
[I 2026-03-04 18:25:42,793] Trial 92 finished with value: 0.07348905887386786 and parameters: {'sigma_noise': 0.1140793941995262, 'A_repulsion': 0.4047044403837262, 'gamma': 0.8193874561193657, 'sigma_update': 0.19386807653706542, 'eta_learning': 0.992957043958481, 'sigma_boundary': 2.605542432654879, 'alpha': 0.6577407067604626}. Best is trial 91 with value: 0.0237834118674014.
[I 2026-03-04 18:25:54,189] Trial 89 finished with value: 0.035372679297312686 and parameters: {'sigma_noise': 0.11591577748850593, 'A_repulsion': 0.44635839178707615, 'gamma': 0.815902989304494, 'sigma_update': 0.09140116717770284, 'eta_learning': 0.9912693910245292, 'sigma_boundary': 2.5454792928403007, 'alpha': 0.48582205014843716}. Best is trial 91 with value: 0.0237834118674014.
[I 2026-03-04 18:25:54,766] Trial 88 finished with value: 0.11075922352997498 and parameters: {'sigma_noise': 0.24560443431074852, 'A_repulsion': 0.18303181420981574, 'gamma': 0.7879390682402957, 'sigma_update': 0.09805037103026813, 'eta_learning': 0.973225035494975, 'sigma_boundary': 5.315391518557261, 'alpha': 0.4647739642120946}. Best is trial 91 with value: 0.0237834118674014.
[I 2026-03-04 18:26:16,565] Trial 90 finished with value: 0.030298138912974563 and parameters: {'sigma_noise': 0.2451097019707037, 'A_repulsion': 0.17640179397644193, 'gamma': 0.7802991582618195, 'sigma_update': 0.10689974078054845, 'eta_learning': 2.710490192603708, 'sigma_boundary': 2.6140645602742483, 'alpha': 0.6456073053045571}. Best is trial 91 with value: 0.0237834118674014.
[I 2026-03-04 18:26:59,460] Trial 84 finished with value: 0.09721550038679838 and parameters: {'sigma_noise': 0.22850233427517289, 'A_repulsion': 0.4059403610299514, 'gamma': 0.7966306304551335, 'sigma_update': 0.10683809742034336, 'eta_learning': 2.691596295060214, 'sigma_boundary': 2.7483478259268885, 'alpha': 0.48508088686755746}. Best is trial 91 with value: 0.0237834118674014.
[I 2026-03-04 18:27:34,392] Trial 87 finished with value: 0.06882412328198409 and parameters: {'sigma_noise': 0.23480195751606586, 'A_repulsion': 0.3845657524722821, 'gamma': 0.4945097695498904, 'sigma_update': 0.09931678972175047, 'eta_learning': 2.6812458450655097, 'sigma_boundary': 2.4835465013448577, 'alpha': 0.4749724837462487}. Best is trial 91 with value: 0.0237834118674014.
[I 2026-03-04 18:27:35,740] Trial 86 finished with value: 0.053804005344067055 and parameters: {'sigma_noise': 0.23448062917771362, 'A_repulsion': 0.4431037971689119, 'gamma': 0.8108385546812656, 'sigma_update': 0.29464779958739107, 'eta_learning': 2.7006321217678186, 'sigma_boundary': 2.601801701454604, 'alpha': 0.4848389645519041}. Best is trial 91 with value: 0.0237834118674014.
[I 2026-03-04 18:27:36,607] Trial 85 finished with value: 0.05337326806514568 and parameters: {'sigma_noise': 0.2373600864466941, 'A_repulsion': 0.43937579150510137, 'gamma': 0.7917557253218658, 'sigma_update': 0.10365632192637579, 'eta_learning': 2.6923016472442844, 'sigma_boundary': 2.6228128506478434, 'alpha': 0.6527403933042897}. Best is trial 91 with value: 0.0237834118674014.
[I 2026-03-04 18:28:31,587] Trial 95 finished with value: 0.04983059470866179 and parameters: {'sigma_noise': 0.22952985677498683, 'A_repulsion': 0.40840547053529896, 'gamma': 0.7743244735110266, 'sigma_update': 0.18902021329872243, 'eta_learning': 1.0115122615749488, 'sigma_boundary': 2.6381591675255103, 'alpha': 0.48340091431956783}. Best is trial 91 with value: 0.0237834118674014.
[I 2026-03-04 18:28:47,431] Trial 94 finished with value: 0.050935512472626614 and parameters: {'sigma_noise': 0.24488509741621278, 'A_repulsion': 0.401940617374899, 'gamma': 0.7902742178484138, 'sigma_update': 0.19655758927399913, 'eta_learning': 0.9920183577870156, 'sigma_boundary': 2.4938811326480845, 'alpha': 0.4927010208087909}. Best is trial 91 with value: 0.0237834118674014.
[I 2026-03-04 18:31:58,918] Trial 96 finished with value: 0.07969575350233928 and parameters: {'sigma_noise': 0.24423502317053772, 'A_repulsion': 0.17621149069673597, 'gamma': 0.7804658495956619, 'sigma_update': 0.29239986696367587, 'eta_learning': 2.7059292596234057, 'sigma_boundary': 2.597130945898199, 'alpha': 0.4765646695059797}. Best is trial 91 with value: 0.0237834118674014.
[I 2026-03-04 18:34:58,432] Trial 97 finished with value: 0.0694952060846222 and parameters: {'sigma_noise': 0.2248632270562777, 'A_repulsion': 0.4060721558994066, 'gamma': 0.7770963243395818, 'sigma_update': 0.20290240374898666, 'eta_learning': 2.6919467010415405, 'sigma_boundary': 2.4847940153136854, 'alpha': 0.46432141273680305}. Best is trial 91 with value: 0.0237834118674014.
[I 2026-03-04 18:36:32,489] Trial 99 finished with value: 0.039068170359816225 and parameters: {'sigma_noise': 0.22506619722992846, 'A_repulsion': 0.4146793986195646, 'gamma': 0.7807630001217613, 'sigma_update': 0.19907427353721002, 'eta_learning': 1.5106214764313954, 'sigma_boundary': 2.720918818594633, 'alpha': 0.6478432532556871}. Best is trial 91 with value: 0.0237834118674014.
[I 2026-03-04 18:36:44,711] Trial 98 finished with value: 0.03597359027469646 and parameters: {'sigma_noise': 0.23305538685526273, 'A_repulsion': 0.41209835661290417, 'gamma': 0.7882971031337166, 'sigma_update': 0.19890246242356602, 'eta_learning': 1.0375975267996034, 'sigma_boundary': 2.5545929974889052, 'alpha': 0.6444928343369561}. Best is trial 91 with value: 0.0237834118674014.
[I 2026-03-04 18:37:17,377] Trial 103 finished with value: 0.04850783236627228 and parameters: {'sigma_noise': 0.11428667387170952, 'A_repulsion': 0.1741666469992627, 'gamma': 0.8101718104888556, 'sigma_update': 0.2024848154693889, 'eta_learning': 0.9939959420704044, 'sigma_boundary': 2.8476002472758823, 'alpha': 0.46874328405912863}. Best is trial 91 with value: 0.0237834118674014.
[I 2026-03-04 18:39:06,319] Trial 100 finished with value: 0.05007267747264031 and parameters: {'sigma_noise': 0.22988260087082102, 'A_repulsion': 0.4045662046073978, 'gamma': 0.7860077900645576, 'sigma_update': 0.1144490620540734, 'eta_learning': 1.0309593705494902, 'sigma_boundary': 2.5381904656232175, 'alpha': 0.6673437153753216}. Best is trial 91 with value: 0.0237834118674014.
[I 2026-03-04 18:40:38,318] Trial 105 finished with value: 0.023181112197430603 and parameters: {'sigma_noise': 0.20754163344033733, 'A_repulsion': 0.17670609994426212, 'gamma': 0.7714652998314124, 'sigma_update': 0.19833087553619697, 'eta_learning': 1.0305397472397186, 'sigma_boundary': 2.5245465164845053, 'alpha': 0.6387384482769788}. Best is trial 105 with value: 0.023181112197430603.
[I 2026-03-04 18:40:39,410] Trial 101 finished with value: 0.05069319638065167 and parameters: {'sigma_noise': 0.2255107391954946, 'A_repulsion': 0.39803064109971653, 'gamma': 0.7845209147346685, 'sigma_update': 0.20492570229792434, 'eta_learning': 1.0402484715173137, 'sigma_boundary': 2.5952631061440963, 'alpha': 0.4790596557569653}. Best is trial 105 with value: 0.023181112197430603.
[I 2026-03-04 18:40:46,819] Trial 104 finished with value: 0.04729701540509038 and parameters: {'sigma_noise': 0.2121128760509135, 'A_repulsion': 0.18848634222675292, 'gamma': 0.7915705041096763, 'sigma_update': 0.20988171205969294, 'eta_learning': 1.022105368139327, 'sigma_boundary': 2.6208595467633486, 'alpha': 0.4620768488622769}. Best is trial 105 with value: 0.023181112197430603.
[I 2026-03-04 18:41:05,023] Trial 102 finished with value: 0.049338088930762955 and parameters: {'sigma_noise': 0.20803279060770152, 'A_repulsion': 0.4061666359818229, 'gamma': 0.7850447565250767, 'sigma_update': 0.20306499125110766, 'eta_learning': 1.0040566885889106, 'sigma_boundary': 2.460279481878175, 'alpha': 0.46722886301861916}. Best is trial 105 with value: 0.023181112197430603.
[I 2026-03-04 18:42:06,483] Trial 107 finished with value: 0.02996567176648674 and parameters: {'sigma_noise': 0.20773351813465493, 'A_repulsion': 0.2435593674305541, 'gamma': 0.6689804619707937, 'sigma_update': 0.196521146505723, 'eta_learning': 2.823114146018561, 'sigma_boundary': 6.323808848311941, 'alpha': 0.6632961210947861}. Best is trial 105 with value: 0.023181112197430603.
[I 2026-03-04 18:42:52,744] Trial 109 finished with value: 0.05205787648030934 and parameters: {'sigma_noise': 0.3096964890982298, 'A_repulsion': 0.1372180924740087, 'gamma': 0.8505197038669445, 'sigma_update': 0.20135807031610234, 'eta_learning': 1.5274850095542882, 'sigma_boundary': 2.152110756252172, 'alpha': 0.5256567066476504}. Best is trial 105 with value: 0.023181112197430603.
[I 2026-03-04 18:42:54,150] Trial 112 finished with value: 0.03547989110287652 and parameters: {'sigma_noise': 0.20367832542712214, 'A_repulsion': 0.27896305615240485, 'gamma': 0.8524771272859658, 'sigma_update': 0.2909529461304833, 'eta_learning': 1.6148861721489682, 'sigma_boundary': 5.852073708619614, 'alpha': 0.5327911942780807}. Best is trial 105 with value: 0.023181112197430603.
[I 2026-03-04 18:42:55,518] Trial 110 finished with value: 0.03818441654556016 and parameters: {'sigma_noise': 0.2980044487393436, 'A_repulsion': 0.1357912745821952, 'gamma': 0.8602318659154056, 'sigma_update': 0.2136770622947161, 'eta_learning': 1.4917028588381522, 'sigma_boundary': 2.2148410148879445, 'alpha': 0.5355177730679168}. Best is trial 105 with value: 0.023181112197430603.
[I 2026-03-04 18:43:00,489] Trial 106 finished with value: 0.034838247775234206 and parameters: {'sigma_noise': 0.20978230333145773, 'A_repulsion': 0.40754619151070437, 'gamma': 0.8542301348591954, 'sigma_update': 0.2096074009306692, 'eta_learning': 1.6056247893461664, 'sigma_boundary': 2.552824877584083, 'alpha': 0.6469087000673448}. Best is trial 105 with value: 0.023181112197430603.
[I 2026-03-04 18:43:15,296] Trial 111 finished with value: 0.3175445754082697 and parameters: {'sigma_noise': 0.2993179389467209, 'A_repulsion': 0.14012560982339195, 'gamma': 0.8489341683009635, 'sigma_update': 0.05736521015245449, 'eta_learning': 1.1911282811240416, 'sigma_boundary': 6.333352650156289, 'alpha': 0.5306009171592532}. Best is trial 105 with value: 0.023181112197430603.
