[I 2026-03-04 18:00:33,524] Trial 170 finished with value: 0.01663502680591547 and parameters: {'sigma_noise': 0.23926570837160607, 'A_repulsion': 0.027395539816891475, 'gamma': 0.9786758809287313, 'sigma_update': 0.6993448968294482, 'eta_learning': 1.8826239812465018, 'sigma_boundary': 5.922005563204592, 'alpha': 0.8311870230431105}. Best is trial 162 with value: 0.010268629930516415.
[I 2026-03-04 18:00:33,979] Trial 165 finished with value: 1.1347317326125554 and parameters: {'sigma_noise': 0.274801869373142, 'A_repulsion': 0.042838628811763715, 'gamma': 0.9778501261315069, 'sigma_update': 0.6990462486945851, 'eta_learning': 2.0891690619495527, 'sigma_boundary': 5.97842808325242, 'alpha': 0.2673837841991459}. Best is trial 162 with value: 0.010268629930516415.
[I 2026-03-04 18:01:01,161] Trial 172 finished with value: 0.01628438918337114 and parameters: {'sigma_noise': 0.23784248472630184, 'A_repulsion': 0.060650142844434096, 'gamma': 0.9767130119885721, 'sigma_update': 0.6901746300309877, 'eta_learning': 1.870160985397556, 'sigma_boundary': 5.950485295155964, 'alpha': 0.8325477703730537}. Best is trial 162 with value: 0.010268629930516415.
[I 2026-03-04 18:01:54,632] Trial 173 finished with value: 0.01778408579012845 and parameters: {'sigma_noise': 0.2413624021643633, 'A_repulsion': 0.028602494116435225, 'gamma': 0.9953022487743265, 'sigma_update': 0.6989437207483651, 'eta_learning': 1.8524121308713257, 'sigma_boundary': 6.3005539405907145, 'alpha': 0.911099428148562}. Best is trial 162 with value: 0.010268629930516415.
[I 2026-03-04 18:02:04,983] Trial 174 finished with value: 0.01649962836463539 and parameters: {'sigma_noise': 0.24116135446880688, 'A_repulsion': 0.03002375129672758, 'gamma': 0.9188102692910448, 'sigma_update': 0.6792866315444763, 'eta_learning': 2.0628459795259886, 'sigma_boundary': 6.321826736598249, 'alpha': 0.8924845419920624}. Best is trial 162 with value: 0.010268629930516415.
[I 2026-03-04 18:02:41,950] Trial 169 finished with value: 0.031250888094795065 and parameters: {'sigma_noise': 0.2375368584897197, 'A_repulsion': 0.4287703549966349, 'gamma': 0.9752902679440026, 'sigma_update': 0.6964243055133515, 'eta_learning': 2.1162746907003034, 'sigma_boundary': 6.558964325491866, 'alpha': 0.8234330801026953}. Best is trial 162 with value: 0.010268629930516415.
[I 2026-03-04 18:02:55,094] Trial 175 finished with value: 0.016865773792801724 and parameters: {'sigma_noise': 0.23866699514465883, 'A_repulsion': 0.025180661420319925, 'gamma': 0.9885902335086331, 'sigma_update': 0.6995429975053613, 'eta_learning': 2.076708935516781, 'sigma_boundary': 5.932129306545629, 'alpha': 0.8297491360278463}. Best is trial 162 with value: 0.010268629930516415.
[I 2026-03-04 18:03:11,219] Trial 176 finished with value: 0.020303589140095748 and parameters: {'sigma_noise': 0.24310498918942702, 'A_repulsion': 0.029882504857214505, 'gamma': 0.9938325186850366, 'sigma_update': 0.6934128958609248, 'eta_learning': 1.8732446181658928, 'sigma_boundary': 6.413277157743069, 'alpha': 0.9205537675474287}. Best is trial 162 with value: 0.010268629930516415.
[I 2026-03-04 18:03:12,567] Trial 177 finished with value: 0.016463879024717555 and parameters: {'sigma_noise': 0.2389187475571588, 'A_repulsion': 0.03134787313348198, 'gamma': 0.9897553096578067, 'sigma_update': 0.6999629755297312, 'eta_learning': 1.8880501695320424, 'sigma_boundary': 6.483272016283592, 'alpha': 0.8323067530472983}. Best is trial 162 with value: 0.010268629930516415.
[I 2026-03-04 18:05:20,532] Trial 179 finished with value: 0.019914361664025805 and parameters: {'sigma_noise': 0.2385659820080498, 'A_repulsion': 0.057411918290896334, 'gamma': 0.9979384972975748, 'sigma_update': 0.6794467500796212, 'eta_learning': 2.065539193368094, 'sigma_boundary': 6.61755102177728, 'alpha': 0.9047079239027083}. Best is trial 162 with value: 0.010268629930516415.
[I 2026-03-04 18:05:59,664] Trial 178 finished with value: 0.980499307704066 and parameters: {'sigma_noise': 0.4486311730396185, 'A_repulsion': 0.02684200460984059, 'gamma': 0.9999392086340783, 'sigma_update': 0.6937689889886551, 'eta_learning': 1.8818228929132053, 'sigma_boundary': 6.406247381259295, 'alpha': 0.2954273868013605}. Best is trial 162 with value: 0.010268629930516415.
[I 2026-03-04 18:08:13,784] Trial 180 finished with value: 0.01681558757935873 and parameters: {'sigma_noise': 0.23514148694752124, 'A_repulsion': 0.053251507111244156, 'gamma': 0.9996327135721167, 'sigma_update': 0.6804375194081372, 'eta_learning': 2.077846586214146, 'sigma_boundary': 6.494657300833769, 'alpha': 0.888385180487842}. Best is trial 162 with value: 0.010268629930516415.
[I 2026-03-04 18:09:12,451] Trial 182 finished with value: 0.019492118420270575 and parameters: {'sigma_noise': 0.23914830595618136, 'A_repulsion': 0.03527998588161944, 'gamma': 0.9960974492949827, 'sigma_update': 0.6798894895395609, 'eta_learning': 2.062729694892848, 'sigma_boundary': 6.322028477262894, 'alpha': 0.9130454626281536}. Best is trial 162 with value: 0.010268629930516415.
[I 2026-03-04 18:09:47,903] Trial 181 finished with value: 0.01773525816311948 and parameters: {'sigma_noise': 0.30563905645117456, 'A_repulsion': 0.0294052240163242, 'gamma': 0.9962973128396396, 'sigma_update': 0.680290629719656, 'eta_learning': 2.054718376647463, 'sigma_boundary': 6.59543015769063, 'alpha': 0.8830487419243178}. Best is trial 162 with value: 0.010268629930516415.
[I 2026-03-04 18:10:07,623] Trial 184 finished with value: 0.01651658748478813 and parameters: {'sigma_noise': 0.2398602644428526, 'A_repulsion': 0.0527143263115847, 'gamma': 0.9962519612473958, 'sigma_update': 0.6838436565878993, 'eta_learning': 2.0790466629925954, 'sigma_boundary': 5.861624903189504, 'alpha': 0.8925926858628984}. Best is trial 162 with value: 0.010268629930516415.
[I 2026-03-04 18:10:12,171] Trial 187 finished with value: 0.01583271679788185 and parameters: {'sigma_noise': 0.24130920952016321, 'A_repulsion': 0.05672587004490467, 'gamma': 0.9978663732098371, 'sigma_update': 0.6833225797088949, 'eta_learning': 1.8626129368996107, 'sigma_boundary': 6.35115003250862, 'alpha': 0.8881284235069895}. Best is trial 162 with value: 0.010268629930516415.
[I 2026-03-04 18:10:20,599] Trial 188 finished with value: 0.02757798801843253 and parameters: {'sigma_noise': 0.242841845571351, 'A_repulsion': 0.060797951938805064, 'gamma': 0.9962174298171242, 'sigma_update': 0.6838920353549187, 'eta_learning': 1.8703850740305052, 'sigma_boundary': 6.2633867630482545, 'alpha': 0.9408050692725727}. Best is trial 162 with value: 0.010268629930516415.
[I 2026-03-04 18:10:26,234] Trial 183 finished with value: 0.018207619267372833 and parameters: {'sigma_noise': 0.3081712146637411, 'A_repulsion': 0.02682290832598945, 'gamma': 0.9884457210816292, 'sigma_update': 0.6815226655397588, 'eta_learning': 1.8773861990440048, 'sigma_boundary': 6.472918946396553, 'alpha': 0.8827735214042679}. Best is trial 162 with value: 0.010268629930516415.
[I 2026-03-04 18:10:28,735] Trial 190 finished with value: 0.016003718782866837 and parameters: {'sigma_noise': 0.24148048091115196, 'A_repulsion': 0.05914898744422242, 'gamma': 0.9996486880200504, 'sigma_update': 0.6826398897710928, 'eta_learning': 1.8827067424669017, 'sigma_boundary': 6.322866036207468, 'alpha': 0.8865195981956211}. Best is trial 162 with value: 0.010268629930516415.
[I 2026-03-04 18:10:32,603] Trial 189 finished with value: 0.015693146686542887 and parameters: {'sigma_noise': 0.2424961066085323, 'A_repulsion': 0.061491177008316605, 'gamma': 0.9944287112963864, 'sigma_update': 0.6840276695859849, 'eta_learning': 1.8559333121391215, 'sigma_boundary': 6.271906834054358, 'alpha': 0.8816347739089112}. Best is trial 162 with value: 0.010268629930516415.
[I 2026-03-04 18:10:47,878] Trial 185 finished with value: 0.019126529392028118 and parameters: {'sigma_noise': 0.30671885282122613, 'A_repulsion': 0.05788514727298111, 'gamma': 0.9989112656732979, 'sigma_update': 0.6843621394728903, 'eta_learning': 2.0978325947513454, 'sigma_boundary': 5.883118722206927, 'alpha': 0.8962075122487143}. Best is trial 162 with value: 0.010268629930516415.
[I 2026-03-04 18:10:51,190] Trial 186 finished with value: 0.02220866714296988 and parameters: {'sigma_noise': 0.3059342732708098, 'A_repulsion': 0.05236901890895912, 'gamma': 0.9911128611020175, 'sigma_update': 0.6816699915851682, 'eta_learning': 2.0778511892869393, 'sigma_boundary': 5.840868964845901, 'alpha': 0.9115529233458005}. Best is trial 162 with value: 0.010268629930516415.
[I 2026-03-04 18:11:16,378] Trial 191 finished with value: 0.018932596947537714 and parameters: {'sigma_noise': 0.3065895301599717, 'A_repulsion': 0.05897284521355511, 'gamma': 0.9947851041846268, 'sigma_update': 0.6782549976253569, 'eta_learning': 1.8521491408763924, 'sigma_boundary': 6.310646787249359, 'alpha': 0.8794615104318311}. Best is trial 162 with value: 0.010268629930516415.
[I 2026-03-04 18:11:16,895] Trial 193 finished with value: 0.017756695032499544 and parameters: {'sigma_noise': 0.22180014229510708, 'A_repulsion': 0.05623521884326113, 'gamma': 0.9960231294993307, 'sigma_update': 0.6815093027323625, 'eta_learning': 1.8346672405680247, 'sigma_boundary': 6.267642117273361, 'alpha': 0.8833500411755225}. Best is trial 162 with value: 0.010268629930516415.
[I 2026-03-04 18:11:27,210] Trial 195 finished with value: 0.027895417776927885 and parameters: {'sigma_noise': 0.22425802098291808, 'A_repulsion': 0.05775864396538252, 'gamma': 0.9858842955278089, 'sigma_update': 0.680366879399305, 'eta_learning': 1.8733220286313867, 'sigma_boundary': 6.7914516990523985, 'alpha': 0.9342416785823774}. Best is trial 162 with value: 0.010268629930516415.
[I 2026-03-04 18:11:28,688] Trial 194 finished with value: 0.028555804258680973 and parameters: {'sigma_noise': 0.22663657202007653, 'A_repulsion': 0.05427541116583229, 'gamma': 0.995063050174585, 'sigma_update': 0.6790878921085879, 'eta_learning': 1.853238208295497, 'sigma_boundary': 6.240294842516819, 'alpha': 0.9397291366079545}. Best is trial 162 with value: 0.010268629930516415.
[I 2026-03-04 18:11:38,953] Trial 197 finished with value: 0.018717357776092222 and parameters: {'sigma_noise': 0.22271265724322198, 'A_repulsion': 0.05568945917510432, 'gamma': 0.9944387018130503, 'sigma_update': 0.6781593311706606, 'eta_learning': 2.036578446758948, 'sigma_boundary': 6.777993393025365, 'alpha': 0.8851671474579037}. Best is trial 162 with value: 0.010268629930516415.
[I 2026-03-04 18:11:39,454] Trial 196 finished with value: 0.01775261611582413 and parameters: {'sigma_noise': 0.23110983435177856, 'A_repulsion': 0.05869962396934553, 'gamma': 0.9997210304918, 'sigma_update': 0.6802191196735142, 'eta_learning': 2.047379152692324, 'sigma_boundary': 6.89635763304736, 'alpha': 0.881294714213423}. Best is trial 162 with value: 0.010268629930516415.
[I 2026-03-04 18:11:40,333] Trial 192 finished with value: 0.028137416958230452 and parameters: {'sigma_noise': 0.30680504513990187, 'A_repulsion': 0.059922127747411104, 'gamma': 0.9977251747579656, 'sigma_update': 0.6838995415791362, 'eta_learning': 1.8596599969072953, 'sigma_boundary': 6.246243553660466, 'alpha': 0.9498038687991073}. Best is trial 162 with value: 0.010268629930516415.
[I 2026-03-04 18:11:50,391] Trial 198 finished with value: 0.018151986177217482 and parameters: {'sigma_noise': 0.22871360041205197, 'A_repulsion': 0.05634233071958732, 'gamma': 0.9791831187365271, 'sigma_update': 0.6792102683424379, 'eta_learning': 2.1759171066088228, 'sigma_boundary': 6.94431038949017, 'alpha': 0.8852661184080699}. Best is trial 162 with value: 0.010268629930516415.
[I 2026-03-04 18:11:51,853] Trial 199 finished with value: 0.029916366026051123 and parameters: {'sigma_noise': 0.2281763553901298, 'A_repulsion': 0.056218935789200605, 'gamma': 0.9734587472814051, 'sigma_update': 0.6772005835971054, 'eta_learning': 1.8143651289334746, 'sigma_boundary': 0.1359656570372394, 'alpha': 0.8758057910844963}. Best is trial 162 with value: 0.010268629930516415.
[I 2026-03-04 18:12:17,114] A new study created in memory with name: no-name-0a7dfaad-6cff-4fbe-b645-cbc9c68a09f8
[I 2026-03-04 18:20:00,118] Trial 11 finished with value: 0.11015071605507543 and parameters: {'sigma_noise': 0.1057125389020702, 'A_repulsion': 0.18768211935864343, 'gamma': 0.10076247589853699, 'sigma_update': 0.3478480355180349, 'eta_learning': 1.1240046243243333, 'sigma_boundary': 1.2621806478134452, 'alpha': 0.6133757736408678}. Best is trial 11 with value: 0.11015071605507543.
[I 2026-03-04 18:20:15,337] Trial 18 finished with value: 0.9831928570966381 and parameters: {'sigma_noise': 0.05676864947759524, 'A_repulsion': 0.28730587155714543, 'gamma': 0.37864628449669446, 'sigma_update': 0.42242510838839814, 'eta_learning': 2.9297746243833305, 'sigma_boundary': 2.0610334013449374, 'alpha': 0.12753137756134536}. Best is trial 11 with value: 0.11015071605507543.
[I 2026-03-04 18:20:51,959] Trial 14 finished with value: 0.19715841129651038 and parameters: {'sigma_noise': 0.19742225952030984, 'A_repulsion': 0.09399168316874962, 'gamma': 0.3371836962904947, 'sigma_update': 0.3249139985012609, 'eta_learning': 2.477872841048697, 'sigma_boundary': 6.244820092914589, 'alpha': 0.4465316964645163}. Best is trial 11 with value: 0.11015071605507543.
[I 2026-03-04 18:21:08,797] Trial 7 finished with value: 0.4457736550792885 and parameters: {'sigma_noise': 0.09108623155625009, 'A_repulsion': 0.3608982564631254, 'gamma': 0.5730806083997932, 'sigma_update': 0.5731082401314979, 'eta_learning': 0.5808522740856475, 'sigma_boundary': 1.427978778234317, 'alpha': 0.26712810081470106}. Best is trial 11 with value: 0.11015071605507543.
[I 2026-03-04 18:21:15,970] Trial 6 finished with value: 0.18605229366021192 and parameters: {'sigma_noise': 0.1424556658828201, 'A_repulsion': 0.22297653595426303, 'gamma': 0.14478975698418164, 'sigma_update': 0.061590712607500535, 'eta_learning': 0.051642116164851815, 'sigma_boundary': 6.346452582625731, 'alpha': 0.9375731477882482}. Best is trial 11 with value: 0.11015071605507543.
[I 2026-03-04 18:21:52,857] Trial 8 finished with value: 0.07712457401517173 and parameters: {'sigma_noise': 0.16045068149749167, 'A_repulsion': 0.25140162288304, 'gamma': 0.9716057005636745, 'sigma_update': 0.27381815964339273, 'eta_learning': 1.1941530836473337, 'sigma_boundary': 4.5200764031661755, 'alpha': 0.9119272316858351}. Best is trial 8 with value: 0.07712457401517173.
[I 2026-03-04 18:22:27,225] Trial 1 finished with value: 0.08388872404109772 and parameters: {'sigma_noise': 0.11251559910234739, 'A_repulsion': 0.4998712592027147, 'gamma': 0.6352219607958348, 'sigma_update': 0.5259892244352526, 'eta_learning': 2.2859358550553095, 'sigma_boundary': 3.7690621653698835, 'alpha': 0.6112340623431999}. Best is trial 8 with value: 0.07712457401517173.
[I 2026-03-04 18:22:31,510] Trial 0 finished with value: 2.509919824785279 and parameters: {'sigma_noise': 0.2760650480070738, 'A_repulsion': 0.13699098899339746, 'gamma': 0.7977300254883805, 'sigma_update': 0.6093491264133618, 'eta_learning': 2.0732798406295836, 'sigma_boundary': 2.87489479025249, 'alpha': 0.029683040704784336}. Best is trial 8 with value: 0.07712457401517173.
[I 2026-03-04 18:22:42,819] Trial 5 finished with value: 0.04635932291292541 and parameters: {'sigma_noise': 0.15594377702357282, 'A_repulsion': 0.3717500261937392, 'gamma': 0.9039027467945121, 'sigma_update': 0.6089458566997124, 'eta_learning': 2.1676660013211584, 'sigma_boundary': 6.8459715615689, 'alpha': 0.8218347850480642}. Best is trial 5 with value: 0.04635932291292541.
[I 2026-03-04 18:22:53,215] Trial 17 finished with value: 0.6575693349004785 and parameters: {'sigma_noise': 0.35157626333783776, 'A_repulsion': 0.06720766485613378, 'gamma': 0.29616350385177875, 'sigma_update': 0.2455460947278719, 'eta_learning': 1.0962361442439894, 'sigma_boundary': 5.754124619133552, 'alpha': 0.3232290859681103}. Best is trial 5 with value: 0.04635932291292541.
[I 2026-03-04 18:23:17,907] Trial 2 finished with value: 0.08912215974535917 and parameters: {'sigma_noise': 0.2584035820046384, 'A_repulsion': 0.35822313191714833, 'gamma': 0.968758572315797, 'sigma_update': 0.3984222015514425, 'eta_learning': 2.9551091269103225, 'sigma_boundary': 5.030916162313516, 'alpha': 0.485419250158712}. Best is trial 5 with value: 0.04635932291292541.
[I 2026-03-04 18:23:20,892] Trial 19 finished with value: 0.06022698761533427 and parameters: {'sigma_noise': 0.2502881339164171, 'A_repulsion': 0.26068623441671585, 'gamma': 0.9666040882830632, 'sigma_update': 0.539178824213056, 'eta_learning': 1.5849437843036542, 'sigma_boundary': 1.048991114415977, 'alpha': 0.9977312879597353}. Best is trial 5 with value: 0.04635932291292541.
[I 2026-03-04 18:23:23,979] Trial 16 finished with value: 0.04213605768231654 and parameters: {'sigma_noise': 0.3675725634403564, 'A_repulsion': 0.1178913376723984, 'gamma': 0.8836314052869683, 'sigma_update': 0.4098230386164896, 'eta_learning': 1.2470292540771233, 'sigma_boundary': 7.338331838877366, 'alpha': 0.8562676186844526}. Best is trial 16 with value: 0.04213605768231654.
[I 2026-03-04 18:23:26,286] Trial 4 finished with value: 2.3757795073389922 and parameters: {'sigma_noise': 0.38622756359618793, 'A_repulsion': 0.1013990517290223, 'gamma': 0.9372873242967193, 'sigma_update': 0.6782735652796422, 'eta_learning': 2.077369199872197, 'sigma_boundary': 7.491466601515518, 'alpha': 0.11208537089479209}. Best is trial 16 with value: 0.04213605768231654.
[I 2026-03-04 18:23:27,699] Trial 10 finished with value: 0.05186539972944647 and parameters: {'sigma_noise': 0.32977261643575695, 'A_repulsion': 0.26536274728600556, 'gamma': 0.947022314355123, 'sigma_update': 0.477139881680726, 'eta_learning': 1.6530977648004306, 'sigma_boundary': 5.2878094795528074, 'alpha': 0.9479664938568998}. Best is trial 16 with value: 0.04213605768231654.
[I 2026-03-04 18:23:30,151] Trial 13 finished with value: 0.3001532510577307 and parameters: {'sigma_noise': 0.24651936227557358, 'A_repulsion': 0.3733645113192293, 'gamma': 0.0490783032530833, 'sigma_update': 0.6571867040084524, 'eta_learning': 0.18163685554446268, 'sigma_boundary': 2.0444579446015307, 'alpha': 0.781884969881016}. Best is trial 16 with value: 0.04213605768231654.
[I 2026-03-04 18:23:34,949] Trial 9 finished with value: 0.04020372315461437 and parameters: {'sigma_noise': 0.21821254762966563, 'A_repulsion': 0.3855458920738258, 'gamma': 0.9227293699756031, 'sigma_update': 0.1886460679124476, 'eta_learning': 1.7676524988708489, 'sigma_boundary': 9.729954732367371, 'alpha': 0.6372001997765704}. Best is trial 9 with value: 0.04020372315461437.
[I 2026-03-04 18:23:54,893] Trial 15 finished with value: 0.8918277769903467 and parameters: {'sigma_noise': 0.41690192815528115, 'A_repulsion': 0.19916108475771804, 'gamma': 0.431781413751734, 'sigma_update': 0.5349275411937991, 'eta_learning': 1.068395308786693, 'sigma_boundary': 1.0304055479585426, 'alpha': 0.4162166388695445}. Best is trial 9 with value: 0.04020372315461437.
[I 2026-03-04 18:23:59,847] Trial 12 finished with value: 0.5649587029240919 and parameters: {'sigma_noise': 0.16782795258115782, 'A_repulsion': 0.478860122013605, 'gamma': 0.7569070745248109, 'sigma_update': 0.015589829392719004, 'eta_learning': 1.2838045127928497, 'sigma_boundary': 2.5416955560949184, 'alpha': 0.7077822820198428}. Best is trial 9 with value: 0.04020372315461437.
[I 2026-03-04 18:24:14,610] Trial 3 finished with value: 0.13740283461636424 and parameters: {'sigma_noise': 0.37483917871251765, 'A_repulsion': 0.40498874538109525, 'gamma': 0.43530963721020743, 'sigma_update': 0.32596819597747717, 'eta_learning': 0.26545825442038956, 'sigma_boundary': 8.615850978658807, 'alpha': 0.7163851742445706}. Best is trial 9 with value: 0.04020372315461437.
[I 2026-03-04 18:28:54,097] Trial 20 finished with value: 0.3773881845326946 and parameters: {'sigma_noise': 0.062298792830501354, 'A_repulsion': 0.29136068790446523, 'gamma': 0.6231509393983519, 'sigma_update': 0.6762916708292963, 'eta_learning': 2.952935486395001, 'sigma_boundary': 8.629939251223645, 'alpha': 0.4364477139309971}. Best is trial 9 with value: 0.04020372315461437.
[I 2026-03-04 18:29:44,028] Trial 24 finished with value: 0.35975678311942766 and parameters: {'sigma_noise': 0.1076913032140055, 'A_repulsion': 0.12549327090423285, 'gamma': 0.06440226421012497, 'sigma_update': 0.6770689683809971, 'eta_learning': 2.832192690617312, 'sigma_boundary': 8.974948182694481, 'alpha': 0.6418577376096448}. Best is trial 9 with value: 0.04020372315461437.
[I 2026-03-04 18:30:22,297] Trial 25 finished with value: 0.049385757156737445 and parameters: {'sigma_noise': 0.10527881849199644, 'A_repulsion': 0.14706131558561586, 'gamma': 0.6026940409998244, 'sigma_update': 0.5646548460924334, 'eta_learning': 0.8773851314300283, 'sigma_boundary': 0.22371155691761363, 'alpha': 0.8540600351208908}. Best is trial 9 with value: 0.04020372315461437.
[I 2026-03-04 18:30:43,425] Trial 23 finished with value: 0.044547570110882534 and parameters: {'sigma_noise': 0.19402017175525038, 'A_repulsion': 0.10456869334899216, 'gamma': 0.8718563330675028, 'sigma_update': 0.26963816263377277, 'eta_learning': 0.2293012102504592, 'sigma_boundary': 0.1011046418218739, 'alpha': 0.6895833591528805}. Best is trial 9 with value: 0.04020372315461437.
[I 2026-03-04 18:31:55,897] Trial 22 finished with value: 1.792054529535157 and parameters: {'sigma_noise': 0.12727459075138947, 'A_repulsion': 0.37754085460990483, 'gamma': 0.09792393034329507, 'sigma_update': 0.5457542003983128, 'eta_learning': 0.48622301175845617, 'sigma_boundary': 8.085249918206088, 'alpha': 0.007650904242259227}. Best is trial 9 with value: 0.04020372315461437.
