[I 2026-03-04 20:48:44,374] Trial 78 finished with value: 0.025796974623712235 and parameters: {'sigma_noise': 0.20896306393397834, 'A_repulsion': 0.05837520629493473, 'gamma': 0.9277458582891354, 'sigma_update': 0.6093372571745603, 'eta_learning': 2.276218662770749, 'sigma_boundary': 9.115322922710224, 'alpha': 0.8499767273400052}. Best is trial 78 with value: 0.025796974623712235.
[I 2026-03-04 20:48:47,088] Trial 77 finished with value: 0.024232418319966614 and parameters: {'sigma_noise': 0.21093866360680108, 'A_repulsion': 0.058136094678659864, 'gamma': 0.9314491799768851, 'sigma_update': 0.6121109118781582, 'eta_learning': 2.248887949330745, 'sigma_boundary': 9.15950642405573, 'alpha': 0.840106615438191}. Best is trial 77 with value: 0.024232418319966614.
[I 2026-03-04 20:49:26,582] Trial 85 finished with value: 0.0910445379726895 and parameters: {'sigma_noise': 0.15030778508833217, 'A_repulsion': 0.05952616595996679, 'gamma': 0.7660258417211342, 'sigma_update': 0.30754649015406493, 'eta_learning': 2.1329391017686548, 'sigma_boundary': 9.169217974126704, 'alpha': 0.4607566379680033}. Best is trial 77 with value: 0.024232418319966614.
[I 2026-03-04 20:49:36,341] Trial 87 finished with value: 0.07638019569451795 and parameters: {'sigma_noise': 0.15256680124108415, 'A_repulsion': 0.06704690140041183, 'gamma': 0.9286542041311406, 'sigma_update': 0.3028119320689323, 'eta_learning': 2.15365733286478, 'sigma_boundary': 9.153848081786403, 'alpha': 0.46926623149286817}. Best is trial 77 with value: 0.024232418319966614.
[I 2026-03-04 20:49:45,945] Trial 88 finished with value: 0.0760268224996614 and parameters: {'sigma_noise': 0.16069946110180086, 'A_repulsion': 0.05423337054934878, 'gamma': 0.9319140823691906, 'sigma_update': 0.30069736027187144, 'eta_learning': 2.2494114684485687, 'sigma_boundary': 9.122023943078998, 'alpha': 0.468955383370297}. Best is trial 77 with value: 0.024232418319966614.
[I 2026-03-04 20:50:17,624] Trial 82 finished with value: 0.03451534542967017 and parameters: {'sigma_noise': 0.2638541753419357, 'A_repulsion': 0.06068289745818614, 'gamma': 0.930055367576957, 'sigma_update': 0.3146195386423485, 'eta_learning': 2.27483409129231, 'sigma_boundary': 9.075367333548991, 'alpha': 0.8599577809719707}. Best is trial 77 with value: 0.024232418319966614.
[I 2026-03-04 20:50:50,844] Trial 84 finished with value: 0.06475676376310183 and parameters: {'sigma_noise': 0.15527082037270018, 'A_repulsion': 0.21507200536660318, 'gamma': 0.9217828356549399, 'sigma_update': 0.5949276019134553, 'eta_learning': 2.2092312255280064, 'sigma_boundary': 9.090132047612808, 'alpha': 0.8588298877433219}. Best is trial 77 with value: 0.024232418319966614.
[I 2026-03-04 20:51:15,270] Trial 91 finished with value: 0.07006993737501567 and parameters: {'sigma_noise': 0.15557866991629346, 'A_repulsion': 0.06560630009787859, 'gamma': 0.9397466689564862, 'sigma_update': 0.6389674316844104, 'eta_learning': 0.8396199753407578, 'sigma_boundary': 9.28075335039341, 'alpha': 0.9361952182786027}. Best is trial 77 with value: 0.024232418319966614.
[I 2026-03-04 20:51:16,703] Trial 86 finished with value: 0.30355857191058844 and parameters: {'sigma_noise': 0.1577130821276932, 'A_repulsion': 0.21818566205447593, 'gamma': 0.933280662165362, 'sigma_update': 0.5925971421584738, 'eta_learning': 2.1136711124858594, 'sigma_boundary': 9.117926586312315, 'alpha': 0.4632293896364025}. Best is trial 77 with value: 0.024232418319966614.
[I 2026-03-04 20:51:24,387] Trial 89 finished with value: 0.08825054852193695 and parameters: {'sigma_noise': 0.15595872931536459, 'A_repulsion': 0.21888190271537106, 'gamma': 0.7691517477395102, 'sigma_update': 0.30076664539855735, 'eta_learning': 2.2582479534450726, 'sigma_boundary': 6.72672620961957, 'alpha': 0.4535337596794457}. Best is trial 77 with value: 0.024232418319966614.
[I 2026-03-04 20:51:35,124] Trial 90 finished with value: 0.06936478406367884 and parameters: {'sigma_noise': 0.14850964620475524, 'A_repulsion': 0.22253681461741015, 'gamma': 0.9193545070928929, 'sigma_update': 0.3022422159929863, 'eta_learning': 2.242042193097643, 'sigma_boundary': 9.142843624668906, 'alpha': 0.46490269473654705}. Best is trial 77 with value: 0.024232418319966614.
[I 2026-03-04 20:53:24,560] Trial 93 finished with value: 0.10534783276185515 and parameters: {'sigma_noise': 0.14813453548342265, 'A_repulsion': 0.2164180405695873, 'gamma': 0.9306306259975817, 'sigma_update': 0.32379640163589835, 'eta_learning': 0.7780967337485396, 'sigma_boundary': 9.054229024107268, 'alpha': 0.9254841220759005}. Best is trial 77 with value: 0.024232418319966614.
[I 2026-03-04 20:54:06,471] Trial 92 finished with value: 0.04829244685819685 and parameters: {'sigma_noise': 0.1595251569627014, 'A_repulsion': 0.22556912528512624, 'gamma': 0.9386624263556395, 'sigma_update': 0.5858368115427159, 'eta_learning': 0.8105740661050299, 'sigma_boundary': 9.027854649792056, 'alpha': 0.6784426860826201}. Best is trial 77 with value: 0.024232418319966614.
[I 2026-03-04 20:54:21,724] Trial 94 finished with value: 0.08966796564995953 and parameters: {'sigma_noise': 0.1610180035829664, 'A_repulsion': 0.21997273083286045, 'gamma': 0.928475585994737, 'sigma_update': 0.6085843901938934, 'eta_learning': 0.8146626050225412, 'sigma_boundary': 9.145943955174763, 'alpha': 0.9332107614474506}. Best is trial 77 with value: 0.024232418319966614.
[I 2026-03-04 20:55:40,271] Trial 95 finished with value: 0.0530779640460625 and parameters: {'sigma_noise': 0.1497766324499923, 'A_repulsion': 0.222919634831387, 'gamma': 0.7536021788099561, 'sigma_update': 0.574413052231851, 'eta_learning': 0.821583676693038, 'sigma_boundary': 9.065678895060975, 'alpha': 0.6977206775474822}. Best is trial 77 with value: 0.024232418319966614.
[I 2026-03-04 20:59:50,908] Trial 96 finished with value: 0.05266695933954569 and parameters: {'sigma_noise': 0.15785982862574832, 'A_repulsion': 0.05166182778487898, 'gamma': 0.7571953205165428, 'sigma_update': 0.3081591589727161, 'eta_learning': 0.8239956206602739, 'sigma_boundary': 2.3702068844965583, 'alpha': 0.9375857597768369}. Best is trial 77 with value: 0.024232418319966614.
[I 2026-03-04 21:02:31,315] Trial 97 finished with value: 0.06137289602446774 and parameters: {'sigma_noise': 0.15019510667989863, 'A_repulsion': 0.20857054214294124, 'gamma': 0.9392654606275097, 'sigma_update': 0.3182914246579925, 'eta_learning': 2.1791961980200742, 'sigma_boundary': 2.2881502330741488, 'alpha': 0.6868946258423357}. Best is trial 77 with value: 0.024232418319966614.
[I 2026-03-04 21:02:38,282] Trial 98 finished with value: 0.09209140829047133 and parameters: {'sigma_noise': 0.14494422833225537, 'A_repulsion': 0.0535947519232999, 'gamma': 0.9425332280410954, 'sigma_update': 0.6369418100858798, 'eta_learning': 2.2201562918734394, 'sigma_boundary': 9.150252122761, 'alpha': 0.6738500454904163}. Best is trial 77 with value: 0.024232418319966614.
[I 2026-03-04 21:03:39,586] Trial 100 finished with value: 0.04900671651487888 and parameters: {'sigma_noise': 0.15276893855377113, 'A_repulsion': 0.11700286245790956, 'gamma': 0.9390484053284642, 'sigma_update': 0.3125716155071895, 'eta_learning': 2.2601192624902224, 'sigma_boundary': 9.324205103111932, 'alpha': 0.6590718530710127}. Best is trial 77 with value: 0.024232418319966614.
[I 2026-03-04 21:04:18,979] Trial 99 finished with value: 0.051340580107345504 and parameters: {'sigma_noise': 0.15251645512432924, 'A_repulsion': 0.2214998465127477, 'gamma': 0.994174865819293, 'sigma_update': 0.30935149738689516, 'eta_learning': 2.207761510976147, 'sigma_boundary': 9.24116174891488, 'alpha': 0.5796435489629987}. Best is trial 77 with value: 0.024232418319966614.
[I 2026-03-04 21:05:42,687] Trial 105 finished with value: 0.030809901105752067 and parameters: {'sigma_noise': 0.25111699065974846, 'A_repulsion': 0.10813289465063233, 'gamma': 0.9905991996042185, 'sigma_update': 0.6611592160252674, 'eta_learning': 2.1093028806792438, 'sigma_boundary': 7.751464454505503, 'alpha': 0.8855422676971748}. Best is trial 77 with value: 0.024232418319966614.
[I 2026-03-04 21:06:09,091] Trial 102 finished with value: 0.03406290952171777 and parameters: {'sigma_noise': 0.2494124685767641, 'A_repulsion': 0.21612236353978642, 'gamma': 0.9620586555989572, 'sigma_update': 0.3141105741619995, 'eta_learning': 2.084264142906826, 'sigma_boundary': 7.913633204893811, 'alpha': 0.7245163163881692}. Best is trial 77 with value: 0.024232418319966614.
[I 2026-03-04 21:06:18,090] Trial 108 finished with value: 0.17259620861384878 and parameters: {'sigma_noise': 0.2544496622320377, 'A_repulsion': 0.10439523368312108, 'gamma': 0.9857712165270488, 'sigma_update': 0.5905370858030428, 'eta_learning': 2.3475305497162826, 'sigma_boundary': 9.906072149127809, 'alpha': 0.54539143968164}. Best is trial 77 with value: 0.024232418319966614.
[I 2026-03-04 21:06:33,708] Trial 104 finished with value: 0.05500191675238668 and parameters: {'sigma_noise': 0.2256532945406371, 'A_repulsion': 0.2199278608631336, 'gamma': 0.9714768559853056, 'sigma_update': 0.529350857906026, 'eta_learning': 2.071729897554417, 'sigma_boundary': 7.694070829852502, 'alpha': 0.8830249684600834}. Best is trial 77 with value: 0.024232418319966614.
[I 2026-03-04 21:06:36,293] Trial 101 finished with value: 0.05750172980389538 and parameters: {'sigma_noise': 0.2595358710351985, 'A_repulsion': 0.21552434532219256, 'gamma': 0.9771620887506929, 'sigma_update': 0.3142413763284565, 'eta_learning': 0.18906693200976915, 'sigma_boundary': 2.2600853417344173, 'alpha': 0.7162166685037141}. Best is trial 77 with value: 0.024232418319966614.
[I 2026-03-04 21:06:43,049] Trial 107 finished with value: 0.0271173486983144 and parameters: {'sigma_noise': 0.2544434673246554, 'A_repulsion': 0.10792610093488507, 'gamma': 0.9806394633660955, 'sigma_update': 0.6531817737330555, 'eta_learning': 0.22827656437400898, 'sigma_boundary': 2.4075318161310557, 'alpha': 0.5569484373339862}. Best is trial 77 with value: 0.024232418319966614.
[I 2026-03-04 21:06:47,338] Trial 103 finished with value: 0.03260087022599714 and parameters: {'sigma_noise': 0.25647544772470215, 'A_repulsion': 0.22562168550658773, 'gamma': 0.7597096281470094, 'sigma_update': 0.5301290996577606, 'eta_learning': 1.2093245593829456, 'sigma_boundary': 2.1895961245943196, 'alpha': 0.7206087158997668}. Best is trial 77 with value: 0.024232418319966614.
[I 2026-03-04 21:07:06,791] Trial 110 finished with value: 0.024942211320181186 and parameters: {'sigma_noise': 0.2504655426927558, 'A_repulsion': 0.08688816681820835, 'gamma': 0.9860051363383344, 'sigma_update': 0.6483055209384384, 'eta_learning': 0.19344691577838694, 'sigma_boundary': 9.94742089134324, 'alpha': 0.5574773131294254}. Best is trial 77 with value: 0.024232418319966614.
[I 2026-03-04 21:07:07,798] Trial 106 finished with value: 0.04871238578207611 and parameters: {'sigma_noise': 0.25286297207302544, 'A_repulsion': 0.20940859972494377, 'gamma': 0.9980558142239893, 'sigma_update': 0.6488950169403421, 'eta_learning': 2.1577138245477268, 'sigma_boundary': 2.3512532047138643, 'alpha': 0.8978050613035723}. Best is trial 77 with value: 0.024232418319966614.
[I 2026-03-04 21:08:06,848] Trial 113 finished with value: 0.03220710553679477 and parameters: {'sigma_noise': 0.2545440354330024, 'A_repulsion': 0.08545388526747814, 'gamma': 0.9694684001504168, 'sigma_update': 0.5669733497208835, 'eta_learning': 1.8857385084885756, 'sigma_boundary': 9.6993074090312, 'alpha': 0.8942609342340156}. Best is trial 77 with value: 0.024232418319966614.
[I 2026-03-04 21:08:08,144] Trial 111 finished with value: 0.034483512338057666 and parameters: {'sigma_noise': 0.25113431257905117, 'A_repulsion': 0.10691869657616562, 'gamma': 0.998041932398006, 'sigma_update': 0.6519667608099134, 'eta_learning': 2.3535236235498846, 'sigma_boundary': 9.930320212451127, 'alpha': 0.900853407949829}. Best is trial 77 with value: 0.024232418319966614.
[I 2026-03-04 21:08:29,458] Trial 114 finished with value: 0.05215092161977546 and parameters: {'sigma_noise': 0.24835700269505276, 'A_repulsion': 0.11241970092955227, 'gamma': 0.9820857044145369, 'sigma_update': 0.6497959799916562, 'eta_learning': 0.18184940338038416, 'sigma_boundary': 7.853325024944981, 'alpha': 0.8964630101759334}. Best is trial 77 with value: 0.024232418319966614.
[I 2026-03-04 21:08:48,269] Trial 115 finished with value: 0.035595674861650606 and parameters: {'sigma_noise': 0.2536614077129687, 'A_repulsion': 0.10834987084655003, 'gamma': 0.9877069762105106, 'sigma_update': 0.5684336209925149, 'eta_learning': 2.367704988014649, 'sigma_boundary': 9.856215730804779, 'alpha': 0.8901723772126289}. Best is trial 77 with value: 0.024232418319966614.
[I 2026-03-04 21:08:59,235] Trial 112 finished with value: 0.039126781691433146 and parameters: {'sigma_noise': 0.2562130912903546, 'A_repulsion': 0.11542957720287797, 'gamma': 0.9748189940955077, 'sigma_update': 0.5707878027132778, 'eta_learning': 1.8237166683953099, 'sigma_boundary': 7.89156380944872, 'alpha': 0.9118026310250618}. Best is trial 77 with value: 0.024232418319966614.
[I 2026-03-04 21:08:59,772] Trial 109 finished with value: 0.06996368811027497 and parameters: {'sigma_noise': 0.25486536828330375, 'A_repulsion': 0.22651310345163506, 'gamma': 0.9948134119837864, 'sigma_update': 0.651418110436946, 'eta_learning': 0.19978414073751455, 'sigma_boundary': 2.272046683260192, 'alpha': 0.8969163071167437}. Best is trial 77 with value: 0.024232418319966614.
[I 2026-03-04 21:11:07,076] Trial 118 finished with value: 0.0336987330427198 and parameters: {'sigma_noise': 0.24873284639673798, 'A_repulsion': 0.0895551853237854, 'gamma': 0.9773332088055244, 'sigma_update': 0.5566137707481469, 'eta_learning': 1.911343867244538, 'sigma_boundary': 7.935861641973612, 'alpha': 0.8929076326121094}. Best is trial 77 with value: 0.024232418319966614.
[I 2026-03-04 21:11:09,812] Trial 116 finished with value: 0.037102180112848694 and parameters: {'sigma_noise': 0.25629545833462786, 'A_repulsion': 0.1113876645285284, 'gamma': 0.9928394359954806, 'sigma_update': 0.562596610123844, 'eta_learning': 2.370801381589941, 'sigma_boundary': 9.932781019582889, 'alpha': 0.8902363145900843}. Best is trial 77 with value: 0.024232418319966614.
[I 2026-03-04 21:11:16,236] Trial 117 finished with value: 0.040745041850626156 and parameters: {'sigma_noise': 0.2567702144543492, 'A_repulsion': 0.08426600343327598, 'gamma': 0.9631283472055722, 'sigma_update': 0.6539180497447885, 'eta_learning': 0.22522811385924982, 'sigma_boundary': 9.795100153441991, 'alpha': 0.892125485453767}. Best is trial 77 with value: 0.024232418319966614.
[I 2026-03-04 21:12:31,782] Trial 119 finished with value: 0.05070622507990865 and parameters: {'sigma_noise': 0.2242971507752968, 'A_repulsion': 0.11715027440178871, 'gamma': 0.9666631273208164, 'sigma_update': 0.6511899598493369, 'eta_learning': 0.2735022130222554, 'sigma_boundary': 7.889356484186236, 'alpha': 0.8920561198657387}. Best is trial 77 with value: 0.024232418319966614.
[I 2026-03-04 21:17:38,006] Trial 120 finished with value: 0.18094508822765304 and parameters: {'sigma_noise': 0.25568691619237244, 'A_repulsion': 0.1131956140372217, 'gamma': 0.9864444273064275, 'sigma_update': 0.6587459405969418, 'eta_learning': 2.3587076537985703, 'sigma_boundary': 9.87969985407182, 'alpha': 0.5763831303324513}. Best is trial 77 with value: 0.024232418319966614.
[I 2026-03-04 21:19:00,057] Trial 121 finished with value: 0.2049137937726064 and parameters: {'sigma_noise': 0.22331278858504203, 'A_repulsion': 0.1123680683188701, 'gamma': 0.9789964682085448, 'sigma_update': 0.6371817314614252, 'eta_learning': 1.9169380076561942, 'sigma_boundary': 8.0270194632272, 'alpha': 0.5480827058303166}. Best is trial 77 with value: 0.024232418319966614.
[I 2026-03-04 21:20:02,929] Trial 122 finished with value: 0.033920094316249386 and parameters: {'sigma_noise': 0.25282764510909694, 'A_repulsion': 0.11207869724665008, 'gamma': 0.9766616889856824, 'sigma_update': 0.5481370440796036, 'eta_learning': 2.3372227399332184, 'sigma_boundary': 9.864726594731883, 'alpha': 0.8870609292901421}. Best is trial 77 with value: 0.024232418319966614.
[I 2026-03-04 21:20:26,963] Trial 123 finished with value: 0.03677844965576446 and parameters: {'sigma_noise': 0.2466899553478426, 'A_repulsion': 0.09425170613770789, 'gamma': 0.6477735042927799, 'sigma_update': 0.37102218419088767, 'eta_learning': 2.3414120931514715, 'sigma_boundary': 9.951598537676615, 'alpha': 0.8830924330918644}. Best is trial 77 with value: 0.024232418319966614.
[I 2026-03-04 21:20:58,045] Trial 124 finished with value: 0.03159752269468463 and parameters: {'sigma_noise': 0.25233609917147115, 'A_repulsion': 0.08754395535500342, 'gamma': 0.9745654060627671, 'sigma_update': 0.5504393945603707, 'eta_learning': 2.3660127138454743, 'sigma_boundary': 8.09552265487358, 'alpha': 0.8848375122915747}. Best is trial 77 with value: 0.024232418319966614.
[I 2026-03-04 21:22:13,298] Trial 127 finished with value: 0.031424538187571696 and parameters: {'sigma_noise': 0.22261234426118995, 'A_repulsion': 0.09223065479276439, 'gamma': 0.9770641659150993, 'sigma_update': 0.6652855837929978, 'eta_learning': 1.896974935815399, 'sigma_boundary': 7.8948723726122125, 'alpha': 0.8873190764003243}. Best is trial 77 with value: 0.024232418319966614.
[I 2026-03-04 21:22:53,032] Trial 125 finished with value: 0.02512820166226739 and parameters: {'sigma_noise': 0.25460223524242265, 'A_repulsion': 0.08537019767008808, 'gamma': 0.9698597019922655, 'sigma_update': 0.6785425465606001, 'eta_learning': 2.3716929795237114, 'sigma_boundary': 7.871584666281818, 'alpha': 0.8909305917824993}. Best is trial 77 with value: 0.024232418319966614.
[I 2026-03-04 21:22:53,812] Trial 126 finished with value: 0.045864553555837136 and parameters: {'sigma_noise': 0.2525401399167227, 'A_repulsion': 0.08772361928939797, 'gamma': 0.9737099979028286, 'sigma_update': 0.3555957046198045, 'eta_learning': 1.8880851408074093, 'sigma_boundary': 7.884173271369045, 'alpha': 0.8963478304782788}. Best is trial 77 with value: 0.024232418319966614.
[I 2026-03-04 21:23:13,303] Trial 129 finished with value: 0.03923180439573654 and parameters: {'sigma_noise': 0.18124773746868275, 'A_repulsion': 0.14389211374613634, 'gamma': 0.905556627735232, 'sigma_update': 0.3603653662438273, 'eta_learning': 1.912366465743361, 'sigma_boundary': 8.016525130406167, 'alpha': 0.7567793470874585}. Best is trial 77 with value: 0.024232418319966614.
[I 2026-03-04 21:23:33,473] Trial 130 finished with value: 0.040893902194881926 and parameters: {'sigma_noise': 0.24469037624796217, 'A_repulsion': 0.0869662184042503, 'gamma': 0.8972047112261953, 'sigma_update': 0.6733747479121461, 'eta_learning': 1.906083791955239, 'sigma_boundary': 8.136820069838043, 'alpha': 0.7401492157949975}. Best is trial 77 with value: 0.024232418319966614.
[I 2026-03-04 21:23:38,384] Trial 128 finished with value: 0.021230860322801314 and parameters: {'sigma_noise': 0.26684080442027636, 'A_repulsion': 0.0825802726042987, 'gamma': 0.8997573518412939, 'sigma_update': 0.3650559616137481, 'eta_learning': 1.931337796287961, 'sigma_boundary': 3.4996342927808, 'alpha': 0.7397651616669175}. Best is trial 128 with value: 0.021230860322801314.
[I 2026-03-04 21:24:37,312] Trial 135 finished with value: 0.034985271420498544 and parameters: {'sigma_noise': 0.24268726760032136, 'A_repulsion': 0.07835664793209039, 'gamma': 0.9633106954857867, 'sigma_update': 0.6686340599759464, 'eta_learning': 1.8895700911872422, 'sigma_boundary': 9.522168631721934, 'alpha': 0.7478373492618405}. Best is trial 128 with value: 0.021230860322801314.
[I 2026-03-04 21:25:00,899] Trial 134 finished with value: 0.1330859257041563 and parameters: {'sigma_noise': 0.2662225461965008, 'A_repulsion': 0.08571246075855526, 'gamma': 0.9642836227420436, 'sigma_update': 0.6702366614040707, 'eta_learning': 1.9583584269785994, 'sigma_boundary': 9.709978635364969, 'alpha': 0.6164002202657627}. Best is trial 128 with value: 0.021230860322801314.
[I 2026-03-04 21:25:44,846] Trial 133 finished with value: 0.1231351453884805 and parameters: {'sigma_noise': 0.27913752092611666, 'A_repulsion': 0.19051065659397198, 'gamma': 0.9678053087012768, 'sigma_update': 0.675353548559777, 'eta_learning': 1.899315687758345, 'sigma_boundary': 9.569608828777543, 'alpha': 0.6159865753051821}. Best is trial 128 with value: 0.021230860322801314.
[I 2026-03-04 21:25:47,922] Trial 137 finished with value: 0.14712444413593972 and parameters: {'sigma_noise': 0.27766430431420175, 'A_repulsion': 0.08356484588981769, 'gamma': 0.963681951662128, 'sigma_update': 0.6804670834952496, 'eta_learning': 1.9718140799756534, 'sigma_boundary': 9.598758308276848, 'alpha': 0.6135141399265106}. Best is trial 128 with value: 0.021230860322801314.
[I 2026-03-04 21:25:53,239] Trial 136 finished with value: 0.028507432285647453 and parameters: {'sigma_noise': 0.2767422796703151, 'A_repulsion': 0.08599274901923697, 'gamma': 0.9572999583335308, 'sigma_update': 0.684418387464063, 'eta_learning': 1.7617274304000143, 'sigma_boundary': 9.618620324849699, 'alpha': 0.7657166211826278}. Best is trial 128 with value: 0.021230860322801314.
[I 2026-03-04 21:26:01,574] Trial 131 finished with value: 0.019201597993334797 and parameters: {'sigma_noise': 0.27271070186526947, 'A_repulsion': 0.2540948878942003, 'gamma': 0.9055048308934416, 'sigma_update': 0.6721237425383235, 'eta_learning': 1.8957124514301305, 'sigma_boundary': 3.432163597925256, 'alpha': 0.7469669918517573}. Best is trial 131 with value: 0.019201597993334797.
[I 2026-03-04 21:26:11,760] Trial 138 finished with value: 0.036536928833179216 and parameters: {'sigma_noise': 0.27674777421872143, 'A_repulsion': 0.0829965276102613, 'gamma': 0.9563376223235208, 'sigma_update': 0.6714978719269633, 'eta_learning': 1.9196792218752534, 'sigma_boundary': 9.588230618698853, 'alpha': 0.7424435842746151}. Best is trial 131 with value: 0.019201597993334797.
