[I 2026-03-24 15:03:55,800] A new study created in memory with name: no-name-f43f221b-bf5a-4274-ae90-3c03cf4fd776
[I 2026-03-24 15:04:48,179] Trial 19 finished with value: 0.06169436461673581 and parameters: {'sigma_noise': 0.0240676723512758, 'A_repulsion': 0.038433021387789146, 'gamma': 0.5330051885282657, 'sigma_update': 0.276778468064659, 'eta_learning': 0.052933552372058316, 'sigma_boundary': 0.20413887784181997, 'alpha': 0.7486881059054495}. Best is trial 19 with value: 0.06169436461673581.
[I 2026-03-24 15:04:54,399] Trial 0 finished with value: 0.07549967640051394 and parameters: {'sigma_noise': 0.12986952114069159, 'A_repulsion': 0.018202819330959685, 'gamma': 0.6239854138969962, 'sigma_update': 0.6655809628580216, 'eta_learning': 0.09397420445128653, 'sigma_boundary': 4.054438478639417, 'alpha': 0.008006869396034455}. Best is trial 19 with value: 0.06169436461673581.
[I 2026-03-24 15:04:55,060] Trial 17 finished with value: 0.0741827818014973 and parameters: {'sigma_noise': 0.07839681742541728, 'A_repulsion': 0.21267638585216836, 'gamma': 0.9449676842145727, 'sigma_update': 0.20904081715410602, 'eta_learning': 0.09065852165606637, 'sigma_boundary': 0.08064697274301155, 'alpha': 0.9273780423508585}. Best is trial 19 with value: 0.06169436461673581.
[I 2026-03-24 15:04:56,373] Trial 6 finished with value: 0.06933572595664739 and parameters: {'sigma_noise': 0.15910317398644525, 'A_repulsion': 0.11991236319872167, 'gamma': 0.29854563175343724, 'sigma_update': 0.13652640153749387, 'eta_learning': 0.060065332398753946, 'sigma_boundary': 7.200378366875829, 'alpha': 0.6180462412263397}. Best is trial 19 with value: 0.06169436461673581.
[I 2026-03-24 15:04:56,479] Trial 5 finished with value: 0.08705066719703528 and parameters: {'sigma_noise': 0.025739070236263047, 'A_repulsion': 0.3756088208232228, 'gamma': 0.9052421768092138, 'sigma_update': 0.1884457766912297, 'eta_learning': 0.16673754570342808, 'sigma_boundary': 0.29151397534219126, 'alpha': 0.9971050252891183}. Best is trial 19 with value: 0.06169436461673581.
[I 2026-03-24 15:04:56,506] Trial 4 finished with value: 0.07423526081542955 and parameters: {'sigma_noise': 0.16568295949585288, 'A_repulsion': 0.08334992037177802, 'gamma': 0.7196274752703233, 'sigma_update': 0.6867065864883579, 'eta_learning': 0.04368724072508366, 'sigma_boundary': 6.993365389687019, 'alpha': 0.0036548751655455236}. Best is trial 19 with value: 0.06169436461673581.
[I 2026-03-24 15:04:57,345] Trial 10 finished with value: 0.06156426534555483 and parameters: {'sigma_noise': 0.11024401357123689, 'A_repulsion': 0.18253319073316016, 'gamma': 0.615465856232028, 'sigma_update': 0.24466794914491236, 'eta_learning': 0.09563591962788817, 'sigma_boundary': 5.289305326036246, 'alpha': 0.21167911729209055}. Best is trial 10 with value: 0.06156426534555483.
[I 2026-03-24 15:04:57,684] Trial 13 finished with value: 0.05359616665346829 and parameters: {'sigma_noise': 0.1268465851842885, 'A_repulsion': 0.06838294522504168, 'gamma': 0.4272057907547257, 'sigma_update': 0.40184349883527065, 'eta_learning': 0.17867867671031648, 'sigma_boundary': 3.2760511657808093, 'alpha': 0.8315124087118816}. Best is trial 13 with value: 0.05359616665346829.
[I 2026-03-24 15:04:57,980] Trial 1 finished with value: 0.07569496462158062 and parameters: {'sigma_noise': 0.13818403299602403, 'A_repulsion': 0.007478278737377775, 'gamma': 0.42985561275481327, 'sigma_update': 0.09944620094786145, 'eta_learning': 0.02099939869544557, 'sigma_boundary': 3.181812521268399, 'alpha': 0.7877338498228167}. Best is trial 13 with value: 0.05359616665346829.
[I 2026-03-24 15:04:58,009] Trial 9 finished with value: 0.06300154999267012 and parameters: {'sigma_noise': 0.08097254994251482, 'A_repulsion': 0.24528569704167597, 'gamma': 0.7232737262504689, 'sigma_update': 0.4026538255530756, 'eta_learning': 0.10893248215023627, 'sigma_boundary': 2.592547068308739, 'alpha': 0.2747487184206777}. Best is trial 13 with value: 0.05359616665346829.
[I 2026-03-24 15:04:58,734] Trial 20 finished with value: 0.07549641115437981 and parameters: {'sigma_noise': 0.17614861292090936, 'A_repulsion': 0.024104275723051793, 'gamma': 0.4883933343402235, 'sigma_update': 0.11301049382560749, 'eta_learning': 0.07359754933111314, 'sigma_boundary': 6.405403718002021, 'alpha': 0.5983298932437944}. Best is trial 13 with value: 0.05359616665346829.
[I 2026-03-24 15:05:02,415] Trial 3 finished with value: 0.062496311666938684 and parameters: {'sigma_noise': 0.16007937623102889, 'A_repulsion': 0.21499085083413344, 'gamma': 0.42600162582294165, 'sigma_update': 0.5538778840572839, 'eta_learning': 0.12528386715332848, 'sigma_boundary': 0.14462048396658359, 'alpha': 0.309840374636131}. Best is trial 13 with value: 0.05359616665346829.
[I 2026-03-24 15:05:07,710] Trial 12 finished with value: 0.08029830722537802 and parameters: {'sigma_noise': 0.18905590614360296, 'A_repulsion': 0.30179225658978354, 'gamma': 0.16234658503428412, 'sigma_update': 0.26652072504601404, 'eta_learning': 0.041701049344761154, 'sigma_boundary': 7.624767895604282, 'alpha': 0.5380489455188353}. Best is trial 13 with value: 0.05359616665346829.
[I 2026-03-24 15:05:08,091] Trial 21 finished with value: 0.06600186324552682 and parameters: {'sigma_noise': 0.12399407923113559, 'A_repulsion': 0.36550840210700386, 'gamma': 0.6694842123959078, 'sigma_update': 0.3633309231663899, 'eta_learning': 0.09603304006760488, 'sigma_boundary': 8.093217638544926, 'alpha': 0.6553720705512934}. Best is trial 13 with value: 0.05359616665346829.
[I 2026-03-24 15:05:10,500] Trial 16 finished with value: 0.07033510339638924 and parameters: {'sigma_noise': 0.19913219801093762, 'A_repulsion': 0.3154145213444052, 'gamma': 0.7094240407843222, 'sigma_update': 0.1685416025073775, 'eta_learning': 0.12872977771641594, 'sigma_boundary': 4.764316375591165, 'alpha': 0.4546084971720852}. Best is trial 13 with value: 0.05359616665346829.
[I 2026-03-24 15:05:11,045] Trial 14 finished with value: 0.09928730896222253 and parameters: {'sigma_noise': 0.25284727176394345, 'A_repulsion': 0.07897376798072003, 'gamma': 0.28133271841271235, 'sigma_update': 0.08639328497540022, 'eta_learning': 0.15652102218549158, 'sigma_boundary': 6.884660538238291, 'alpha': 0.9274198400327934}. Best is trial 13 with value: 0.05359616665346829.
[I 2026-03-24 15:05:12,094] Trial 8 finished with value: 0.07586301996960729 and parameters: {'sigma_noise': 0.2569185815828722, 'A_repulsion': 0.2031459373557149, 'gamma': 0.969549704051127, 'sigma_update': 0.1957231175801294, 'eta_learning': 0.04816210527086645, 'sigma_boundary': 7.015472363110929, 'alpha': 0.6445735208275591}. Best is trial 13 with value: 0.05359616665346829.
[I 2026-03-24 15:05:13,615] Trial 18 finished with value: 0.055425302319952206 and parameters: {'sigma_noise': 0.16131487494548538, 'A_repulsion': 0.3988036820717094, 'gamma': 0.2016795073342125, 'sigma_update': 0.44032237192577717, 'eta_learning': 0.09942395871286444, 'sigma_boundary': 3.136543682306375, 'alpha': 0.5319249964964493}. Best is trial 13 with value: 0.05359616665346829.
[I 2026-03-24 15:05:18,546] Trial 7 finished with value: 0.11939617146903918 and parameters: {'sigma_noise': 0.28578831097276175, 'A_repulsion': 0.18945075243460485, 'gamma': 0.6164371065834543, 'sigma_update': 0.01923827543124168, 'eta_learning': 0.02960446546965416, 'sigma_boundary': 7.879203657407277, 'alpha': 0.5581729766652768}. Best is trial 13 with value: 0.05359616665346829.
[I 2026-03-24 15:05:21,652] Trial 15 finished with value: 0.05988910514259166 and parameters: {'sigma_noise': 0.228152852989824, 'A_repulsion': 0.43648033377480233, 'gamma': 0.9795146282485369, 'sigma_update': 0.6913606051789378, 'eta_learning': 0.0928486456493902, 'sigma_boundary': 9.442664164437188, 'alpha': 0.7534723122140906}. Best is trial 13 with value: 0.05359616665346829.
[I 2026-03-24 15:05:23,983] Trial 11 finished with value: 0.06806474129291852 and parameters: {'sigma_noise': 0.2738384454365156, 'A_repulsion': 0.3674879290563394, 'gamma': 0.12568448330168636, 'sigma_update': 0.16575785990160874, 'eta_learning': 0.03763190809536699, 'sigma_boundary': 4.621922562956649, 'alpha': 0.6609381685664318}. Best is trial 13 with value: 0.05359616665346829.
[I 2026-03-24 15:05:27,806] Trial 2 finished with value: 0.05418868115520564 and parameters: {'sigma_noise': 0.2597287285448464, 'A_repulsion': 0.4877396390717944, 'gamma': 0.5204969689299799, 'sigma_update': 0.48418803864177756, 'eta_learning': 0.020366847593255723, 'sigma_boundary': 4.463222492130234, 'alpha': 0.18111018407064305}. Best is trial 13 with value: 0.05359616665346829.
[I 2026-03-24 15:05:27,838] Trial 23 finished with value: 0.07630348657559013 and parameters: {'sigma_noise': 0.232006586512057, 'A_repulsion': 0.3997519285979725, 'gamma': 0.4928755136918678, 'sigma_update': 0.2762724061420603, 'eta_learning': 0.1812628621992579, 'sigma_boundary': 5.543659880019988, 'alpha': 0.6344569438991764}. Best is trial 13 with value: 0.05359616665346829.
[I 2026-03-24 15:05:35,733] Trial 22 finished with value: 0.1061338934995219 and parameters: {'sigma_noise': 0.2867721821741475, 'A_repulsion': 0.4852514606649674, 'gamma': 0.3851412452122073, 'sigma_update': 0.2519121792118423, 'eta_learning': 0.05396048925213929, 'sigma_boundary': 3.647860526164013, 'alpha': 0.05402569224421461}. Best is trial 13 with value: 0.05359616665346829.
[I 2026-03-24 15:05:51,437] Trial 24 finished with value: 0.07041064677645906 and parameters: {'sigma_noise': 0.06650342289814477, 'A_repulsion': 0.22977475121121865, 'gamma': 0.463305566676374, 'sigma_update': 0.03508482013948535, 'eta_learning': 0.08193261986285359, 'sigma_boundary': 0.43011943856620694, 'alpha': 0.3499976914076134}. Best is trial 13 with value: 0.05359616665346829.
[I 2026-03-24 15:05:54,442] Trial 26 finished with value: 0.05819369112856283 and parameters: {'sigma_noise': 0.15099020743766103, 'A_repulsion': 0.12267169999662925, 'gamma': 0.08321047321498323, 'sigma_update': 0.3386469805336354, 'eta_learning': 0.06093046592155206, 'sigma_boundary': 0.39892938943199935, 'alpha': 0.008157160050255907}. Best is trial 13 with value: 0.05359616665346829.
[I 2026-03-24 15:05:58,552] Trial 29 finished with value: 0.05687258661118007 and parameters: {'sigma_noise': 0.11653008033572067, 'A_repulsion': 0.12225822340165232, 'gamma': 0.29473017456102985, 'sigma_update': 0.34270594157712636, 'eta_learning': 0.14995521901119999, 'sigma_boundary': 6.872682227677183, 'alpha': 0.5232117721572119}. Best is trial 13 with value: 0.05359616665346829.
[I 2026-03-24 15:06:03,759] Trial 31 finished with value: 0.08188039985460012 and parameters: {'sigma_noise': 0.055224266536944115, 'A_repulsion': 0.4936304651763422, 'gamma': 0.8998066410499064, 'sigma_update': 0.18606664802741615, 'eta_learning': 0.037024512787707506, 'sigma_boundary': 2.926198570559886, 'alpha': 0.2592871249567119}. Best is trial 13 with value: 0.05359616665346829.
[I 2026-03-24 15:06:04,434] Trial 28 finished with value: 0.052042311741784725 and parameters: {'sigma_noise': 0.15505976166073368, 'A_repulsion': 0.3202120446836214, 'gamma': 0.07781063733388183, 'sigma_update': 0.4718525332872619, 'eta_learning': 0.027951476770998192, 'sigma_boundary': 4.71665088445595, 'alpha': 0.7160661503720948}. Best is trial 28 with value: 0.052042311741784725.
[I 2026-03-24 15:06:09,762] Trial 30 finished with value: 0.10157318962379469 and parameters: {'sigma_noise': 0.27446783445693723, 'A_repulsion': 0.12998404705991845, 'gamma': 0.8588396930378625, 'sigma_update': 0.6423750076446251, 'eta_learning': 0.18386024959560665, 'sigma_boundary': 9.141805558318001, 'alpha': 0.49918149970583126}. Best is trial 28 with value: 0.052042311741784725.
[I 2026-03-24 15:06:12,638] Trial 40 finished with value: 0.06653456398579546 and parameters: {'sigma_noise': 0.09143953248353673, 'A_repulsion': 0.1492605957092259, 'gamma': 0.08179196256849303, 'sigma_update': 0.4425887780644855, 'eta_learning': 0.196812294818707, 'sigma_boundary': 1.8564310860259257, 'alpha': 0.17955574502845723}. Best is trial 28 with value: 0.052042311741784725.
[I 2026-03-24 15:06:13,752] Trial 25 finished with value: 0.09946196294234771 and parameters: {'sigma_noise': 0.2575683850275072, 'A_repulsion': 0.24775725642899055, 'gamma': 0.46748175942990705, 'sigma_update': 0.6276808292686537, 'eta_learning': 0.03162383569177388, 'sigma_boundary': 2.004530080873289, 'alpha': 0.6414312918661494}. Best is trial 28 with value: 0.052042311741784725.
[I 2026-03-24 15:06:14,624] Trial 27 finished with value: 0.0918112810963173 and parameters: {'sigma_noise': 0.1362887472709593, 'A_repulsion': 0.30498997980721426, 'gamma': 0.29447742931593207, 'sigma_update': 0.0371736733485132, 'eta_learning': 0.11952752735934327, 'sigma_boundary': 3.8939743662289383, 'alpha': 0.5924184374244829}. Best is trial 28 with value: 0.052042311741784725.
[I 2026-03-24 15:06:14,891] Trial 35 finished with value: 0.12320050957335182 and parameters: {'sigma_noise': 0.266702439596671, 'A_repulsion': 0.13387430616708768, 'gamma': 0.05050285309382724, 'sigma_update': 0.4003910044128096, 'eta_learning': 0.1922683248329594, 'sigma_boundary': 9.873225241266478, 'alpha': 0.350445294238906}. Best is trial 28 with value: 0.052042311741784725.
[I 2026-03-24 15:06:17,275] Trial 34 finished with value: 0.14836063156773666 and parameters: {'sigma_noise': 0.260364921966139, 'A_repulsion': 0.16746154465862623, 'gamma': 0.06632705572247904, 'sigma_update': 0.4504122762566011, 'eta_learning': 0.1930284417884496, 'sigma_boundary': 4.7679358354782115, 'alpha': 0.3421098941531343}. Best is trial 28 with value: 0.052042311741784725.
[I 2026-03-24 15:06:25,045] Trial 38 finished with value: 0.16668012965934165 and parameters: {'sigma_noise': 0.25746478348603286, 'A_repulsion': 0.16475527746947013, 'gamma': 0.03736717718249161, 'sigma_update': 0.4635839189601717, 'eta_learning': 0.17483490634630244, 'sigma_boundary': 9.70679944060051, 'alpha': 0.21377978361132688}. Best is trial 28 with value: 0.052042311741784725.
[I 2026-03-24 15:06:25,888] Trial 39 finished with value: 0.08589740953075091 and parameters: {'sigma_noise': 0.08959044486422012, 'A_repulsion': 0.4947029474110661, 'gamma': 0.03826478076480244, 'sigma_update': 0.46425148222283397, 'eta_learning': 0.18563260372254117, 'sigma_boundary': 2.0937781285393697, 'alpha': 0.17768747543617233}. Best is trial 28 with value: 0.052042311741784725.
[I 2026-03-24 15:06:33,506] Trial 37 finished with value: 0.1570169084970137 and parameters: {'sigma_noise': 0.25093458860941364, 'A_repulsion': 0.1506301050325694, 'gamma': 0.04749973481878261, 'sigma_update': 0.46355148005279423, 'eta_learning': 0.19559082921163207, 'sigma_boundary': 5.337875322126203, 'alpha': 0.36051719871607674}. Best is trial 28 with value: 0.052042311741784725.
[I 2026-03-24 15:06:34,379] Trial 45 finished with value: 0.04919712364336082 and parameters: {'sigma_noise': 0.08905374027460904, 'A_repulsion': 0.49897829163296925, 'gamma': 0.2817518219688359, 'sigma_update': 0.4778169232383364, 'eta_learning': 0.1427653041247351, 'sigma_boundary': 2.0505238814596347, 'alpha': 0.4191903983823157}. Best is trial 45 with value: 0.04919712364336082.
[I 2026-03-24 15:06:34,626] Trial 43 finished with value: 0.07430778419611617 and parameters: {'sigma_noise': 0.09115172693625288, 'A_repulsion': 0.49411615370103185, 'gamma': 0.022759145259634628, 'sigma_update': 0.47550011022101596, 'eta_learning': 0.19267372046194176, 'sigma_boundary': 1.716047894569621, 'alpha': 0.4105939168296736}. Best is trial 45 with value: 0.04919712364336082.
[I 2026-03-24 15:06:37,349] Trial 32 finished with value: 0.09185431676232489 and parameters: {'sigma_noise': 0.2583800211761738, 'A_repulsion': 0.48485241895019854, 'gamma': 0.10200653859726155, 'sigma_update': 0.4760205825466033, 'eta_learning': 0.19920738026194162, 'sigma_boundary': 9.109989240142792, 'alpha': 0.4899143330713922}. Best is trial 45 with value: 0.04919712364336082.
[I 2026-03-24 15:06:37,708] Trial 46 finished with value: 0.04854043742505608 and parameters: {'sigma_noise': 0.09509438585947433, 'A_repulsion': 0.46633448183658216, 'gamma': 0.2713110585413881, 'sigma_update': 0.4659874075417581, 'eta_learning': 0.14547081602121162, 'sigma_boundary': 1.849434453409644, 'alpha': 0.4727344817321207}. Best is trial 46 with value: 0.04854043742505608.
[I 2026-03-24 15:06:37,899] Trial 33 finished with value: 0.08511256108333143 and parameters: {'sigma_noise': 0.2503460441071498, 'A_repulsion': 0.4825104894760251, 'gamma': 0.031474979501937894, 'sigma_update': 0.44493260124826356, 'eta_learning': 0.18511085123911492, 'sigma_boundary': 9.713698742660402, 'alpha': 0.5092549618651935}. Best is trial 46 with value: 0.04854043742505608.
[I 2026-03-24 15:06:43,318] Trial 41 finished with value: 0.0957342698975018 and parameters: {'sigma_noise': 0.22161093873351104, 'A_repulsion': 0.4970248096713037, 'gamma': 0.0246476370262379, 'sigma_update': 0.4812168980907602, 'eta_learning': 0.19818220884759416, 'sigma_boundary': 9.651336867156814, 'alpha': 0.4416823832343957}. Best is trial 46 with value: 0.04854043742505608.
[I 2026-03-24 15:06:46,697] Trial 36 finished with value: 0.17625940580226646 and parameters: {'sigma_noise': 0.2594883923368766, 'A_repulsion': 0.4904041277702187, 'gamma': 0.02924927981706743, 'sigma_update': 0.44706413512005583, 'eta_learning': 0.19573624818533186, 'sigma_boundary': 9.142612716332351, 'alpha': 0.260718430764329}. Best is trial 46 with value: 0.04854043742505608.
[I 2026-03-24 15:06:47,406] Trial 47 finished with value: 0.06483833722508613 and parameters: {'sigma_noise': 0.09454846572645913, 'A_repulsion': 0.4996179356909565, 'gamma': 0.054862286622842954, 'sigma_update': 0.46491808477784036, 'eta_learning': 0.19658664463442704, 'sigma_boundary': 2.0415038203862124, 'alpha': 0.4274940710835512}. Best is trial 46 with value: 0.04854043742505608.
[I 2026-03-24 15:06:52,176] Trial 42 finished with value: 0.06589631869427609 and parameters: {'sigma_noise': 0.2230414708608738, 'A_repulsion': 0.49322634000147914, 'gamma': 0.043723132708387125, 'sigma_update': 0.4666534049822593, 'eta_learning': 0.18641945137436694, 'sigma_boundary': 9.646574641249238, 'alpha': 0.7720436154588969}. Best is trial 46 with value: 0.04854043742505608.
[I 2026-03-24 15:06:54,906] Trial 44 finished with value: 0.08220325196263624 and parameters: {'sigma_noise': 0.21918292004891918, 'A_repulsion': 0.4697609275422487, 'gamma': 0.2898993515069729, 'sigma_update': 0.4813488058625956, 'eta_learning': 0.18920866907673928, 'sigma_boundary': 9.731268554844318, 'alpha': 0.7858283891329048}. Best is trial 46 with value: 0.04854043742505608.
[I 2026-03-24 15:07:04,604] Trial 48 finished with value: 0.05679925513716422 and parameters: {'sigma_noise': 0.10321544750506469, 'A_repulsion': 0.4998941672891475, 'gamma': 0.2277269043831515, 'sigma_update': 0.4433193024283756, 'eta_learning': 0.19193821660048085, 'sigma_boundary': 1.8978948527449224, 'alpha': 0.44242940802485037}. Best is trial 46 with value: 0.04854043742505608.
[I 2026-03-24 15:07:16,726] Trial 52 finished with value: 0.09049758531519629 and parameters: {'sigma_noise': 0.20787315305412907, 'A_repulsion': 0.290718153531644, 'gamma': 0.056134837436659674, 'sigma_update': 0.5288086105251136, 'eta_learning': 0.010823052067902492, 'sigma_boundary': 1.9257320257767225, 'alpha': 0.839730313223396}. Best is trial 46 with value: 0.04854043742505608.
[I 2026-03-24 15:07:23,512] Trial 49 finished with value: 0.1712671837120423 and parameters: {'sigma_noise': 0.20275664274812338, 'A_repulsion': 0.49882937138604955, 'gamma': 0.0171706242404856, 'sigma_update': 0.4857499453780608, 'eta_learning': 0.14229797790744586, 'sigma_boundary': 1.8591871909763462, 'alpha': 0.16295702800959772}. Best is trial 46 with value: 0.04854043742505608.
[I 2026-03-24 15:07:28,905] Trial 51 finished with value: 0.10325714433791407 and parameters: {'sigma_noise': 0.20522315925916962, 'A_repulsion': 0.43013536722087375, 'gamma': 0.21079206282011287, 'sigma_update': 0.4835646115389447, 'eta_learning': 0.1969267878290682, 'sigma_boundary': 1.7928276023793122, 'alpha': 0.42808384673419786}. Best is trial 46 with value: 0.04854043742505608.
[I 2026-03-24 15:07:29,230] Trial 54 finished with value: 0.07677229289393318 and parameters: {'sigma_noise': 0.20289317793604175, 'A_repulsion': 0.2879451025599677, 'gamma': 0.02691465226911751, 'sigma_update': 0.4863362327917984, 'eta_learning': 0.012794505907991895, 'sigma_boundary': 4.104231990735584, 'alpha': 0.8345742108771923}. Best is trial 46 with value: 0.04854043742505608.
[I 2026-03-24 15:07:31,159] Trial 50 finished with value: 0.11563378553684123 and parameters: {'sigma_noise': 0.20364356463610356, 'A_repulsion': 0.4702757862535244, 'gamma': 0.2133174859744717, 'sigma_update': 0.4716389660905308, 'eta_learning': 0.19195413930949823, 'sigma_boundary': 1.82362230835989, 'alpha': 0.41129233857855396}. Best is trial 46 with value: 0.04854043742505608.
[I 2026-03-24 15:07:31,249] Trial 53 finished with value: 0.09616539798416392 and parameters: {'sigma_noise': 0.21227713545274304, 'A_repulsion': 0.3148619947159147, 'gamma': 0.026024637158420905, 'sigma_update': 0.4965453635359901, 'eta_learning': 0.01400824934302733, 'sigma_boundary': 1.7636695997019545, 'alpha': 0.8106183610543984}. Best is trial 46 with value: 0.04854043742505608.
[I 2026-03-24 15:07:31,292] Trial 55 finished with value: 0.07792375180179813 and parameters: {'sigma_noise': 0.2037843871368571, 'A_repulsion': 0.2993724594906646, 'gamma': 0.19797314645875455, 'sigma_update': 0.498670993096034, 'eta_learning': 0.014806447631232034, 'sigma_boundary': 4.019706935115244, 'alpha': 0.7998971111913823}. Best is trial 46 with value: 0.04854043742505608.
