[I 2026-03-24 15:13:05,222] Trial 171 finished with value: 0.056161509195922416 and parameters: {'sigma_noise': 0.18499325854348692, 'A_repulsion': 0.0010759417572827057, 'gamma': 0.3127577847446177, 'sigma_update': 0.351158468238344, 'eta_learning': 0.020297813447510443, 'sigma_boundary': 4.582322439785329, 'alpha': 0.6292283261470789}. Best is trial 63 with value: 0.04789193149241804.
[I 2026-03-24 15:13:08,321] Trial 167 finished with value: 0.07568229965100894 and parameters: {'sigma_noise': 0.18558436493930244, 'A_repulsion': 0.36101554644744144, 'gamma': 0.3086588406349154, 'sigma_update': 0.45706417499661756, 'eta_learning': 0.021193804299056884, 'sigma_boundary': 3.6452792601370256, 'alpha': 0.6265455900153166}. Best is trial 63 with value: 0.04789193149241804.
[I 2026-03-24 15:13:14,320] Trial 170 finished with value: 0.07504911248941876 and parameters: {'sigma_noise': 0.18715600366505789, 'A_repulsion': 0.20292725344904322, 'gamma': 0.31974812564269117, 'sigma_update': 0.5093429737693957, 'eta_learning': 0.02062590768858663, 'sigma_boundary': 3.7238524137188627, 'alpha': 0.6109419296520435}. Best is trial 63 with value: 0.04789193149241804.
[I 2026-03-24 15:13:15,467] Trial 169 finished with value: 0.0703061060448805 and parameters: {'sigma_noise': 0.19272034159566814, 'A_repulsion': 0.19894998407099837, 'gamma': 0.32374541624332603, 'sigma_update': 0.45383761150186575, 'eta_learning': 0.02018218238808793, 'sigma_boundary': 3.6926298785478675, 'alpha': 0.6102798084874868}. Best is trial 63 with value: 0.04789193149241804.
[I 2026-03-24 15:13:25,536] Trial 181 finished with value: 0.0556416043701327 and parameters: {'sigma_noise': 0.15495001129669775, 'A_repulsion': 0.0051889563944014505, 'gamma': 0.3141178576415473, 'sigma_update': 0.3992521206064938, 'eta_learning': 0.019021882610839626, 'sigma_boundary': 3.7685111292823033, 'alpha': 0.5054434946879901}. Best is trial 63 with value: 0.04789193149241804.
[I 2026-03-24 15:13:30,034] Trial 173 finished with value: 0.05922484968382513 and parameters: {'sigma_noise': 0.10956662686669667, 'A_repulsion': 0.4623170538109188, 'gamma': 0.3118163003387626, 'sigma_update': 0.5116162679996307, 'eta_learning': 0.019935785019991506, 'sigma_boundary': 4.466868290143776, 'alpha': 0.47815522505642927}. Best is trial 63 with value: 0.04789193149241804.
[I 2026-03-24 15:13:37,076] Trial 182 finished with value: 0.05120307058359164 and parameters: {'sigma_noise': 0.1090510267264755, 'A_repulsion': 0.41103589933882684, 'gamma': 0.5686428831146436, 'sigma_update': 0.3983753869182871, 'eta_learning': 0.13040283079433812, 'sigma_boundary': 3.2602603000308195, 'alpha': 0.506499633931236}. Best is trial 63 with value: 0.04789193149241804.
[I 2026-03-24 15:13:38,879] Trial 174 finished with value: 0.07216687986988012 and parameters: {'sigma_noise': 0.18235342782713723, 'A_repulsion': 0.47563344330479146, 'gamma': 0.3233823326700713, 'sigma_update': 0.39887100540106035, 'eta_learning': 0.020532862099664963, 'sigma_boundary': 3.598281451413501, 'alpha': 0.6623528409849068}. Best is trial 63 with value: 0.04789193149241804.
[I 2026-03-24 15:13:39,957] Trial 180 finished with value: 0.05944453287150066 and parameters: {'sigma_noise': 0.108761295457092, 'A_repulsion': 0.4801153674709236, 'gamma': 0.5650059623619702, 'sigma_update': 0.3542674920770182, 'eta_learning': 0.0206158253169215, 'sigma_boundary': 1.9472812960397015, 'alpha': 0.48464428637529805}. Best is trial 63 with value: 0.04789193149241804.
[I 2026-03-24 15:13:40,447] Trial 175 finished with value: 0.07181948219627075 and parameters: {'sigma_noise': 0.18478702368067157, 'A_repulsion': 0.4620061416968056, 'gamma': 0.5804611913992056, 'sigma_update': 0.3516165958599734, 'eta_learning': 0.021277245477507534, 'sigma_boundary': 1.9475950619018132, 'alpha': 0.4836544758024413}. Best is trial 63 with value: 0.04789193149241804.
[I 2026-03-24 15:13:40,725] Trial 183 finished with value: 0.07735687954150017 and parameters: {'sigma_noise': 0.10858338076376839, 'A_repulsion': 0.4622776144516403, 'gamma': 0.31652135205292947, 'sigma_update': 0.3522381017301416, 'eta_learning': 0.0626064304759823, 'sigma_boundary': 3.2778716397679983, 'alpha': 0.4822933663485146}. Best is trial 63 with value: 0.04789193149241804.
[I 2026-03-24 15:13:42,210] Trial 172 finished with value: 0.08071705910757748 and parameters: {'sigma_noise': 0.1894409954987401, 'A_repulsion': 0.4619796213697776, 'gamma': 0.3059768666011196, 'sigma_update': 0.5106916110158914, 'eta_learning': 0.0208077752609238, 'sigma_boundary': 4.487939706227396, 'alpha': 0.5236241972847557}. Best is trial 63 with value: 0.04789193149241804.
[I 2026-03-24 15:13:43,112] Trial 177 finished with value: 0.05875523112473295 and parameters: {'sigma_noise': 0.1865465497273312, 'A_repulsion': 0.4093287750035317, 'gamma': 0.2790958314707423, 'sigma_update': 0.3478925988533601, 'eta_learning': 0.12829636283941437, 'sigma_boundary': 3.735347677197715, 'alpha': 0.5229702379274004}. Best is trial 63 with value: 0.04789193149241804.
[I 2026-03-24 15:13:44,170] Trial 178 finished with value: 0.0769594938576873 and parameters: {'sigma_noise': 0.18435862076442816, 'A_repulsion': 0.4771993680769873, 'gamma': 0.32682399733893275, 'sigma_update': 0.5071661761752588, 'eta_learning': 0.020120539309336105, 'sigma_boundary': 3.559677982466126, 'alpha': 0.5075440164933123}. Best is trial 63 with value: 0.04789193149241804.
[I 2026-03-24 15:13:45,670] Trial 176 finished with value: 0.0623562766694556 and parameters: {'sigma_noise': 0.19038900709112588, 'A_repulsion': 0.47973823167442087, 'gamma': 0.3110054885910522, 'sigma_update': 0.5101542554547951, 'eta_learning': 0.020092921228602498, 'sigma_boundary': 4.449139619568368, 'alpha': 0.3741722132846782}. Best is trial 63 with value: 0.04789193149241804.
[I 2026-03-24 15:13:47,104] Trial 179 finished with value: 0.07650854836408143 and parameters: {'sigma_noise': 0.18688674615275136, 'A_repulsion': 0.4644634418233089, 'gamma': 0.1671436478472495, 'sigma_update': 0.34898780209107116, 'eta_learning': 0.020928182132946584, 'sigma_boundary': 3.1977693318235443, 'alpha': 0.8726943590324336}. Best is trial 63 with value: 0.04789193149241804.
[I 2026-03-24 15:13:48,077] Trial 185 finished with value: 0.05075826928941604 and parameters: {'sigma_noise': 0.10805352810446982, 'A_repulsion': 0.4673438515406817, 'gamma': 0.3181923672697305, 'sigma_update': 0.3939810691167254, 'eta_learning': 0.12842816938418666, 'sigma_boundary': 3.152384054505442, 'alpha': 0.5198817444832537}. Best is trial 63 with value: 0.04789193149241804.
[I 2026-03-24 15:13:49,823] Trial 186 finished with value: 0.052781908774888815 and parameters: {'sigma_noise': 0.10890105791278998, 'A_repulsion': 0.46291948071935596, 'gamma': 0.5710721111520894, 'sigma_update': 0.4014618430760667, 'eta_learning': 0.1278913164516026, 'sigma_boundary': 3.1723060326857633, 'alpha': 0.49310738330457904}. Best is trial 63 with value: 0.04789193149241804.
[I 2026-03-24 15:13:50,289] Trial 184 finished with value: 0.0648973088958447 and parameters: {'sigma_noise': 0.15580977894923523, 'A_repulsion': 0.4102113958643652, 'gamma': 0.5723246697716599, 'sigma_update': 0.35300375020346825, 'eta_learning': 0.05960651013409224, 'sigma_boundary': 1.921626377757914, 'alpha': 0.5236004560604949}. Best is trial 63 with value: 0.04789193149241804.
[I 2026-03-24 15:13:52,125] Trial 187 finished with value: 0.06521162308152437 and parameters: {'sigma_noise': 0.10920125434368647, 'A_repulsion': 0.41543309537179174, 'gamma': 0.5727067726241625, 'sigma_update': 0.39792151484200616, 'eta_learning': 0.13809950455937023, 'sigma_boundary': 2.8394035100400403, 'alpha': 0.520961086614716}. Best is trial 63 with value: 0.04789193149241804.
[I 2026-03-24 15:13:54,116] Trial 189 finished with value: 0.054484226483238564 and parameters: {'sigma_noise': 0.10965136198763445, 'A_repulsion': 0.4644159433089602, 'gamma': 0.5644351300379394, 'sigma_update': 0.3957340336265351, 'eta_learning': 0.05648426195537138, 'sigma_boundary': 2.785458416070809, 'alpha': 0.5108582425323209}. Best is trial 63 with value: 0.04789193149241804.
[I 2026-03-24 15:13:56,446] Trial 188 finished with value: 0.0520206517562385 and parameters: {'sigma_noise': 0.1574381203825072, 'A_repulsion': 0.4668497989296666, 'gamma': 0.5751290805400469, 'sigma_update': 0.39131977525260336, 'eta_learning': 0.1305410771846061, 'sigma_boundary': 3.166357991135977, 'alpha': 0.5184059014003682}. Best is trial 63 with value: 0.04789193149241804.
[I 2026-03-24 15:13:57,835] Trial 190 finished with value: 0.05157780140273793 and parameters: {'sigma_noise': 0.1570675559288496, 'A_repulsion': 0.4613672518660956, 'gamma': 0.572120524823657, 'sigma_update': 0.35719613427424257, 'eta_learning': 0.12991215401951872, 'sigma_boundary': 3.284381491367935, 'alpha': 0.4761416333029703}. Best is trial 63 with value: 0.04789193149241804.
[I 2026-03-24 15:14:00,286] Trial 191 finished with value: 0.07154383346266002 and parameters: {'sigma_noise': 0.11114051439950984, 'A_repulsion': 0.4115572353344226, 'gamma': 0.2862192381135321, 'sigma_update': 0.3973514462348336, 'eta_learning': 0.1350955200075102, 'sigma_boundary': 3.247844595243961, 'alpha': 0.8590326910623605}. Best is trial 63 with value: 0.04789193149241804.
[I 2026-03-24 15:14:00,576] Trial 195 finished with value: 0.059695694212452306 and parameters: {'sigma_noise': 0.15582891737880175, 'A_repulsion': 0.019831304952943454, 'gamma': 0.562347720086403, 'sigma_update': 0.3973414682981412, 'eta_learning': 0.1311480589293031, 'sigma_boundary': 3.1439596038970676, 'alpha': 0.47143554472886745}. Best is trial 63 with value: 0.04789193149241804.
[I 2026-03-24 15:14:01,194] Trial 193 finished with value: 0.05317000557290328 and parameters: {'sigma_noise': 0.0764609740295461, 'A_repulsion': 0.46486431369326076, 'gamma': 0.5714318963996581, 'sigma_update': 0.3978920824844321, 'eta_learning': 0.13301771902253312, 'sigma_boundary': 3.28335217718104, 'alpha': 0.5080983509320508}. Best is trial 63 with value: 0.04789193149241804.
[I 2026-03-24 15:14:01,800] Trial 192 finished with value: 0.05183956044095596 and parameters: {'sigma_noise': 0.15626346132843746, 'A_repulsion': 0.37917815153271706, 'gamma': 0.5747921002870886, 'sigma_update': 0.3960337761224037, 'eta_learning': 0.0619864763806756, 'sigma_boundary': 3.29425786656648, 'alpha': 0.5288257819135711}. Best is trial 63 with value: 0.04789193149241804.
[I 2026-03-24 15:14:02,520] Trial 194 finished with value: 0.05342484587851025 and parameters: {'sigma_noise': 0.08973279527029657, 'A_repulsion': 0.40808294345477775, 'gamma': 0.57748596973212, 'sigma_update': 0.3939801638566976, 'eta_learning': 0.1384583302577963, 'sigma_boundary': 3.2161024476785416, 'alpha': 0.4853569643093447}. Best is trial 63 with value: 0.04789193149241804.
[I 2026-03-24 15:14:03,727] Trial 197 finished with value: 0.06218428854967012 and parameters: {'sigma_noise': 0.15682796760987427, 'A_repulsion': 0.020133250381826118, 'gamma': 0.5795412514164918, 'sigma_update': 0.3998364243194386, 'eta_learning': 0.1471552765990893, 'sigma_boundary': 3.2855732191798386, 'alpha': 0.5077619686546851}. Best is trial 63 with value: 0.04789193149241804.
[I 2026-03-24 15:14:05,477] Trial 196 finished with value: 0.053953801063466714 and parameters: {'sigma_noise': 0.15310900322710383, 'A_repulsion': 0.46443758475894115, 'gamma': 0.5860932616827953, 'sigma_update': 0.3995764380342162, 'eta_learning': 0.14833650809969298, 'sigma_boundary': 3.302090296276785, 'alpha': 0.5098002425416323}. Best is trial 63 with value: 0.04789193149241804.
[I 2026-03-24 15:14:05,940] Trial 199 finished with value: 0.051842570837179726 and parameters: {'sigma_noise': 0.15479658544737385, 'A_repulsion': 0.40864414422073414, 'gamma': 0.5660527643370732, 'sigma_update': 0.4003331877714703, 'eta_learning': 0.12867082953602735, 'sigma_boundary': 3.331973891053151, 'alpha': 0.4940686667231142}. Best is trial 63 with value: 0.04789193149241804.
[I 2026-03-24 15:14:06,064] Trial 198 finished with value: 0.05231434835926346 and parameters: {'sigma_noise': 0.15615456925899673, 'A_repulsion': 0.410416318813408, 'gamma': 0.5683350238127771, 'sigma_update': 0.39295155704481727, 'eta_learning': 0.12848437782713046, 'sigma_boundary': 3.2405087362382865, 'alpha': 0.5168310509150236}. Best is trial 63 with value: 0.04789193149241804.
