[I 2026-03-24 15:07:35,417] Trial 56 finished with value: 0.07364754320118219 and parameters: {'sigma_noise': 0.21014683576869497, 'A_repulsion': 0.44603585139274515, 'gamma': 0.23164828998845616, 'sigma_update': 0.4891774625257766, 'eta_learning': 0.01304005003727415, 'sigma_boundary': 5.837720585356392, 'alpha': 0.8223525996782038}. Best is trial 46 with value: 0.04854043742505608.
[I 2026-03-24 15:07:36,669] Trial 58 finished with value: 0.0768543114210303 and parameters: {'sigma_noise': 0.21544270561031653, 'A_repulsion': 0.44173808563135597, 'gamma': 0.2129413771522483, 'sigma_update': 0.5200813105132597, 'eta_learning': 0.013324375769846237, 'sigma_boundary': 5.774886623913916, 'alpha': 0.8456552141233851}. Best is trial 46 with value: 0.04854043742505608.
[I 2026-03-24 15:07:37,857] Trial 62 finished with value: 0.057422364246988794 and parameters: {'sigma_noise': 0.04858544677881184, 'A_repulsion': 0.46442722829855554, 'gamma': 0.3642535562515282, 'sigma_update': 0.5529087947389912, 'eta_learning': 0.01769555723969704, 'sigma_boundary': 1.2299670941156333, 'alpha': 0.8339777645197698}. Best is trial 46 with value: 0.04854043742505608.
[I 2026-03-24 15:07:39,564] Trial 63 finished with value: 0.04789193149241804 and parameters: {'sigma_noise': 0.05510447267986339, 'A_repulsion': 0.46089623649735956, 'gamma': 0.3687288352813982, 'sigma_update': 0.5336905366080822, 'eta_learning': 0.012738377058885128, 'sigma_boundary': 1.0988753162337166, 'alpha': 0.8504913218507508}. Best is trial 63 with value: 0.04789193149241804.
[I 2026-03-24 15:07:40,991] Trial 65 finished with value: 0.06040326501862527 and parameters: {'sigma_noise': 0.04642428377899357, 'A_repulsion': 0.44302237588296, 'gamma': 0.3807050505485367, 'sigma_update': 0.5599818571413056, 'eta_learning': 0.013607429225930199, 'sigma_boundary': 0.9870597338779099, 'alpha': 0.8243154045103845}. Best is trial 63 with value: 0.04789193149241804.
[I 2026-03-24 15:07:41,839] Trial 57 finished with value: 0.07329487630195326 and parameters: {'sigma_noise': 0.21420221640461762, 'A_repulsion': 0.4323529650675063, 'gamma': 0.22954835285498376, 'sigma_update': 0.4930149159889329, 'eta_learning': 0.015569915558609426, 'sigma_boundary': 5.849397634024715, 'alpha': 0.8084122134400025}. Best is trial 63 with value: 0.04789193149241804.
[I 2026-03-24 15:07:43,880] Trial 60 finished with value: 0.0778483629651125 and parameters: {'sigma_noise': 0.21016128341154902, 'A_repulsion': 0.42814939513194067, 'gamma': 0.18458836398338102, 'sigma_update': 0.5278678590121242, 'eta_learning': 0.010290764600871041, 'sigma_boundary': 3.4164556499528373, 'alpha': 0.8272546050032823}. Best is trial 63 with value: 0.04789193149241804.
[I 2026-03-24 15:07:47,332] Trial 61 finished with value: 0.06697278934636348 and parameters: {'sigma_noise': 0.150196628462343, 'A_repulsion': 0.41846864963877445, 'gamma': 0.21103190970822042, 'sigma_update': 0.5448089399258005, 'eta_learning': 0.013233099683636755, 'sigma_boundary': 3.4837360448258115, 'alpha': 0.8070927333225889}. Best is trial 63 with value: 0.04789193149241804.
[I 2026-03-24 15:07:49,263] Trial 69 finished with value: 0.05831017345795425 and parameters: {'sigma_noise': 0.044319366044390573, 'A_repulsion': 0.45273542047028226, 'gamma': 0.39787100105224915, 'sigma_update': 0.5534262406141411, 'eta_learning': 0.017511121865821468, 'sigma_boundary': 0.9126828381103405, 'alpha': 0.8245782974209166}. Best is trial 63 with value: 0.04789193149241804.
[I 2026-03-24 15:07:49,334] Trial 66 finished with value: 0.059676935228896666 and parameters: {'sigma_noise': 0.10695092780683939, 'A_repulsion': 0.45283400579603156, 'gamma': 0.3461219582721067, 'sigma_update': 0.5360722391252182, 'eta_learning': 0.010259697407301621, 'sigma_boundary': 1.189205234640193, 'alpha': 0.8157661098688825}. Best is trial 63 with value: 0.04789193149241804.
[I 2026-03-24 15:07:49,478] Trial 59 finished with value: 0.0712716468269668 and parameters: {'sigma_noise': 0.1989269057338437, 'A_repulsion': 0.42396340179248676, 'gamma': 0.1927469775926913, 'sigma_update': 0.5032825679962087, 'eta_learning': 0.014182841949600556, 'sigma_boundary': 5.9887179562296735, 'alpha': 0.8350778121871566}. Best is trial 63 with value: 0.04789193149241804.
[I 2026-03-24 15:07:50,561] Trial 64 finished with value: 0.062420676443252436 and parameters: {'sigma_noise': 0.14908916274779233, 'A_repulsion': 0.43901420838089256, 'gamma': 0.21572415663481495, 'sigma_update': 0.5212281886900976, 'eta_learning': 0.01660196463830399, 'sigma_boundary': 3.650484368634311, 'alpha': 0.8425230487523964}. Best is trial 63 with value: 0.04789193149241804.
[I 2026-03-24 15:07:54,898] Trial 68 finished with value: 0.06083109562752802 and parameters: {'sigma_noise': 0.04531189265763275, 'A_repulsion': 0.4438633450332381, 'gamma': 0.38547779477172484, 'sigma_update': 0.5511302923954232, 'eta_learning': 0.010172896283039353, 'sigma_boundary': 1.2267296695285541, 'alpha': 0.8370911380873148}. Best is trial 63 with value: 0.04789193149241804.
[I 2026-03-24 15:07:57,212] Trial 70 finished with value: 0.061292213870732096 and parameters: {'sigma_noise': 0.043520758953302645, 'A_repulsion': 0.45114713684415564, 'gamma': 0.3661332173559062, 'sigma_update': 0.5387578051286287, 'eta_learning': 0.010344167746126183, 'sigma_boundary': 1.0446435515479817, 'alpha': 0.844737107244534}. Best is trial 63 with value: 0.04789193149241804.
[I 2026-03-24 15:07:57,950] Trial 67 finished with value: 0.059658766316780326 and parameters: {'sigma_noise': 0.14489639778852714, 'A_repulsion': 0.4522589524343388, 'gamma': 0.3410787529508654, 'sigma_update': 0.5342217475426521, 'eta_learning': 0.011970855385066294, 'sigma_boundary': 4.118306754404132, 'alpha': 0.829547800879264}. Best is trial 63 with value: 0.04789193149241804.
[I 2026-03-24 15:08:03,441] Trial 71 finished with value: 0.0643134636151715 and parameters: {'sigma_noise': 0.05429188049171268, 'A_repulsion': 0.4311457823934453, 'gamma': 0.38779600154286376, 'sigma_update': 0.5431960537119975, 'eta_learning': 0.1454262947020387, 'sigma_boundary': 1.1623611132552154, 'alpha': 0.7059500448456731}. Best is trial 63 with value: 0.04789193149241804.
[I 2026-03-24 15:08:13,651] Trial 72 finished with value: 0.07810319327985848 and parameters: {'sigma_noise': 0.038033405209399115, 'A_repulsion': 0.4448149236957318, 'gamma': 0.36491504410154174, 'sigma_update': 0.5276597751794643, 'eta_learning': 0.014814157122765806, 'sigma_boundary': 1.353671434086225, 'alpha': 0.7030059168782015}. Best is trial 63 with value: 0.04789193149241804.
[I 2026-03-24 15:08:22,165] Trial 73 finished with value: 0.07168759325725083 and parameters: {'sigma_noise': 0.043395384756814114, 'A_repulsion': 0.43297947484468213, 'gamma': 0.3634590924594222, 'sigma_update': 0.5658827902384326, 'eta_learning': 0.14227340712446926, 'sigma_boundary': 4.377470619301161, 'alpha': 0.7037696380198424}. Best is trial 63 with value: 0.04789193149241804.
[I 2026-03-24 15:08:25,352] Trial 74 finished with value: 0.06773609055755092 and parameters: {'sigma_noise': 0.04233131330801505, 'A_repulsion': 0.41325590310956445, 'gamma': 0.36099201959937666, 'sigma_update': 0.5384807315149756, 'eta_learning': 0.16579070352208863, 'sigma_boundary': 1.2703821219114668, 'alpha': 0.6987901988566168}. Best is trial 63 with value: 0.04789193149241804.
[I 2026-03-24 15:08:41,571] Trial 83 finished with value: 0.08203374802489768 and parameters: {'sigma_noise': 0.03268047444336622, 'A_repulsion': 0.3500594733379291, 'gamma': 0.5649752556231983, 'sigma_update': 0.6031805233785892, 'eta_learning': 0.02461069051857496, 'sigma_boundary': 1.0510661271246238, 'alpha': 0.9958400592828203}. Best is trial 63 with value: 0.04789193149241804.
[I 2026-03-24 15:08:43,019] Trial 86 finished with value: 0.07315859634682101 and parameters: {'sigma_noise': 0.011649438396862208, 'A_repulsion': 0.39301063020342725, 'gamma': 0.5490839208034659, 'sigma_update': 0.411301874527309, 'eta_learning': 0.1657860930108947, 'sigma_boundary': 2.576406739897668, 'alpha': 0.7176307983300607}. Best is trial 63 with value: 0.04789193149241804.
[I 2026-03-24 15:08:44,688] Trial 78 finished with value: 0.06703000692787912 and parameters: {'sigma_noise': 0.1478359834094189, 'A_repulsion': 0.44694729979285547, 'gamma': 0.3588094913207499, 'sigma_update': 0.5528532075320317, 'eta_learning': 0.16513393968522108, 'sigma_boundary': 1.157624218330739, 'alpha': 0.7114616374429458}. Best is trial 63 with value: 0.04789193149241804.
[I 2026-03-24 15:08:45,595] Trial 77 finished with value: 0.06694906392781923 and parameters: {'sigma_noise': 0.1460410177764723, 'A_repulsion': 0.44832762552252925, 'gamma': 0.3576811631663207, 'sigma_update': 0.5732797143833573, 'eta_learning': 0.16033861660932633, 'sigma_boundary': 1.0276314990248379, 'alpha': 0.7130243005782277}. Best is trial 63 with value: 0.04789193149241804.
[I 2026-03-24 15:08:46,751] Trial 75 finished with value: 0.060598868651813 and parameters: {'sigma_noise': 0.1445178659661502, 'A_repulsion': 0.45245951637873044, 'gamma': 0.3795658920130377, 'sigma_update': 0.566892350228512, 'eta_learning': 0.1360348772002529, 'sigma_boundary': 1.1635122960938507, 'alpha': 0.8613028565127253}. Best is trial 63 with value: 0.04789193149241804.
[I 2026-03-24 15:08:47,595] Trial 79 finished with value: 0.06352075176857444 and parameters: {'sigma_noise': 0.14982894893117865, 'A_repulsion': 0.4217672289815511, 'gamma': 0.3620441678486399, 'sigma_update': 0.5727902748324306, 'eta_learning': 0.17035653369332007, 'sigma_boundary': 1.23103106105248, 'alpha': 0.9098203284153172}. Best is trial 63 with value: 0.04789193149241804.
[I 2026-03-24 15:08:48,907] Trial 80 finished with value: 0.06503210400386694 and parameters: {'sigma_noise': 0.14450561645826998, 'A_repulsion': 0.3958394491043511, 'gamma': 0.3497141400666635, 'sigma_update': 0.578143306058143, 'eta_learning': 0.16344480607857403, 'sigma_boundary': 1.2049810101293699, 'alpha': 0.7107720558172202}. Best is trial 63 with value: 0.04789193149241804.
[I 2026-03-24 15:08:50,649] Trial 76 finished with value: 0.06201679656408298 and parameters: {'sigma_noise': 0.14959348720288157, 'A_repulsion': 0.4516938375198105, 'gamma': 0.38631557745333006, 'sigma_update': 0.5398282363488536, 'eta_learning': 0.13563049971330907, 'sigma_boundary': 3.362552368218597, 'alpha': 0.7064641986594048}. Best is trial 63 with value: 0.04789193149241804.
[I 2026-03-24 15:08:52,189] Trial 84 finished with value: 0.056808870220144844 and parameters: {'sigma_noise': 0.14760428252660548, 'A_repulsion': 0.40368370978709117, 'gamma': 0.5332431792202896, 'sigma_update': 0.4054941809650809, 'eta_learning': 0.02542072696047446, 'sigma_boundary': 3.3972801464394915, 'alpha': 0.7301489593696252}. Best is trial 63 with value: 0.04789193149241804.
[I 2026-03-24 15:08:52,693] Trial 89 finished with value: 0.06711421909944298 and parameters: {'sigma_noise': 0.07167291501116702, 'A_repulsion': 0.34438703823196637, 'gamma': 0.5345593919342211, 'sigma_update': 0.41813542210800697, 'eta_learning': 0.024136522561730323, 'sigma_boundary': 2.814276899235285, 'alpha': 0.6944822114998249}. Best is trial 63 with value: 0.04789193149241804.
[I 2026-03-24 15:08:53,712] Trial 81 finished with value: 0.06660347908613887 and parameters: {'sigma_noise': 0.14970292331008195, 'A_repulsion': 0.3993345274087455, 'gamma': 0.3948189502902286, 'sigma_update': 0.5892156480303202, 'eta_learning': 0.11108501766523171, 'sigma_boundary': 1.173717977513352, 'alpha': 0.6962413409833015}. Best is trial 63 with value: 0.04789193149241804.
[I 2026-03-24 15:08:54,101] Trial 85 finished with value: 0.057836141713840716 and parameters: {'sigma_noise': 0.1508575626763033, 'A_repulsion': 0.3977082586891181, 'gamma': 0.553239655031504, 'sigma_update': 0.41114218985939094, 'eta_learning': 0.024496007487946926, 'sigma_boundary': 3.2684530857830683, 'alpha': 0.7010406561344942}. Best is trial 63 with value: 0.04789193149241804.
[I 2026-03-24 15:08:56,591] Trial 82 finished with value: 0.05581320367460753 and parameters: {'sigma_noise': 0.15414968024788964, 'A_repulsion': 0.4056518547290218, 'gamma': 0.5543901924690827, 'sigma_update': 0.40782506160052734, 'eta_learning': 0.1347240947056153, 'sigma_boundary': 3.4006469718780146, 'alpha': 0.7166400999068901}. Best is trial 63 with value: 0.04789193149241804.
[I 2026-03-24 15:08:57,894] Trial 88 finished with value: 0.05191017679662424 and parameters: {'sigma_noise': 0.13037959688157658, 'A_repulsion': 0.3523196425097983, 'gamma': 0.5625264844465927, 'sigma_update': 0.40703294952371705, 'eta_learning': 0.02740885773108019, 'sigma_boundary': 2.6264642952870143, 'alpha': 0.7258565619279218}. Best is trial 63 with value: 0.04789193149241804.
[I 2026-03-24 15:08:59,104] Trial 87 finished with value: 0.0493067921177091 and parameters: {'sigma_noise': 0.1763149480116179, 'A_repulsion': 0.3461450551944381, 'gamma': 0.5485257718664961, 'sigma_update': 0.39241680641958165, 'eta_learning': 0.024627746603291964, 'sigma_boundary': 2.576813479496965, 'alpha': 0.9156411994669226}. Best is trial 63 with value: 0.04789193149241804.
[I 2026-03-24 15:08:59,473] Trial 93 finished with value: 0.07689664766439644 and parameters: {'sigma_noise': 0.010713867751585532, 'A_repulsion': 0.40019081013613594, 'gamma': 0.5433558186507652, 'sigma_update': 0.4014515973110036, 'eta_learning': 0.16337530422033644, 'sigma_boundary': 2.6646090620489513, 'alpha': 0.7057142196869932}. Best is trial 63 with value: 0.04789193149241804.
[I 2026-03-24 15:08:59,538] Trial 90 finished with value: 0.05904483142870444 and parameters: {'sigma_noise': 0.12867167394665327, 'A_repulsion': 0.34671811015989995, 'gamma': 0.5575418523932401, 'sigma_update': 0.5835866264304284, 'eta_learning': 0.02765508109209647, 'sigma_boundary': 2.5430640410639733, 'alpha': 0.7132859739304871}. Best is trial 63 with value: 0.04789193149241804.
[I 2026-03-24 15:09:00,591] Trial 91 finished with value: 0.057649552346934634 and parameters: {'sigma_noise': 0.17959943212182106, 'A_repulsion': 0.3482312887338092, 'gamma': 0.5337321899237976, 'sigma_update': 0.5885885189856107, 'eta_learning': 0.027762271923303966, 'sigma_boundary': 2.631394929084934, 'alpha': 0.6986556901624937}. Best is trial 63 with value: 0.04789193149241804.
[I 2026-03-24 15:09:08,941] Trial 92 finished with value: 0.06881149661782125 and parameters: {'sigma_noise': 0.1667706880246374, 'A_repulsion': 0.37304870164678583, 'gamma': 0.5382082063845018, 'sigma_update': 0.40836428446347817, 'eta_learning': 0.026232405560551758, 'sigma_boundary': 2.9382697715897876, 'alpha': 0.7131458134632565}. Best is trial 63 with value: 0.04789193149241804.
[I 2026-03-24 15:09:10,452] Trial 94 finished with value: 0.05720383742808418 and parameters: {'sigma_noise': 0.1675937511939586, 'A_repulsion': 0.34088673261382185, 'gamma': 0.5792336609673123, 'sigma_update': 0.4128638258298802, 'eta_learning': 0.163577385960479, 'sigma_boundary': 2.5241542117777906, 'alpha': 0.7282509979111915}. Best is trial 63 with value: 0.04789193149241804.
[I 2026-03-24 15:09:17,933] Trial 95 finished with value: 0.04888157418483915 and parameters: {'sigma_noise': 0.12438712177197303, 'A_repulsion': 0.35457779867576283, 'gamma': 0.5433571461208283, 'sigma_update': 0.41479334889489666, 'eta_learning': 0.026525149803120755, 'sigma_boundary': 2.4630705440624916, 'alpha': 0.9076066802339471}. Best is trial 63 with value: 0.04789193149241804.
[I 2026-03-24 15:09:32,632] Trial 97 finished with value: 0.04922073399025361 and parameters: {'sigma_noise': 0.12309458431835513, 'A_repulsion': 0.3420571087962436, 'gamma': 0.5685179852329951, 'sigma_update': 0.3999787097816277, 'eta_learning': 0.16596613364078888, 'sigma_boundary': 2.464812167939951, 'alpha': 0.9161911348286337}. Best is trial 63 with value: 0.04789193149241804.
[I 2026-03-24 15:09:34,979] Trial 96 finished with value: 0.06693900864069915 and parameters: {'sigma_noise': 0.16543103619012264, 'A_repulsion': 0.3842053002829143, 'gamma': 0.5541826171296013, 'sigma_update': 0.4077041862807271, 'eta_learning': 0.16003215165669338, 'sigma_boundary': 2.5213523218232927, 'alpha': 0.8976672107158442}. Best is trial 63 with value: 0.04789193149241804.
[I 2026-03-24 15:09:41,423] Trial 98 finished with value: 0.0663652227512861 and parameters: {'sigma_noise': 0.1702417286594661, 'A_repulsion': 0.388557196335671, 'gamma': 0.5479111103587717, 'sigma_update': 0.3861940293702439, 'eta_learning': 0.028361108535442662, 'sigma_boundary': 2.472489014704529, 'alpha': 0.9159027239436123}. Best is trial 63 with value: 0.04789193149241804.
[I 2026-03-24 15:09:42,127] Trial 104 finished with value: 0.05627438406298623 and parameters: {'sigma_noise': 0.12242011149957882, 'A_repulsion': 0.05912428641730354, 'gamma': 0.31662687744197504, 'sigma_update': 0.3564686501076457, 'eta_learning': 0.11983346478602708, 'sigma_boundary': 2.5579428300189475, 'alpha': 0.559770639146254}. Best is trial 63 with value: 0.04789193149241804.
[I 2026-03-24 15:09:51,466] Trial 102 finished with value: 0.08689742809547828 and parameters: {'sigma_noise': 0.16839897049261454, 'A_repulsion': 0.08498973336086513, 'gamma': 0.2574014076301551, 'sigma_update': 0.3756796004614734, 'eta_learning': 0.11309639640876526, 'sigma_boundary': 2.5463454412229707, 'alpha': 0.8938126980723654}. Best is trial 63 with value: 0.04789193149241804.
[I 2026-03-24 15:09:52,912] Trial 106 finished with value: 0.07039828210864689 and parameters: {'sigma_noise': 0.12023250493750674, 'A_repulsion': 0.06169928183249116, 'gamma': 0.253289327733506, 'sigma_update': 0.33358960621370043, 'eta_learning': 0.11338504139649706, 'sigma_boundary': 2.9103047318698048, 'alpha': 0.5476196120838801}. Best is trial 63 with value: 0.04789193149241804.
[I 2026-03-24 15:09:54,768] Trial 110 finished with value: 0.0645612660345123 and parameters: {'sigma_noise': 0.16674750261827465, 'A_repulsion': 0.0756542056844855, 'gamma': 0.2614756065601127, 'sigma_update': 0.4251741335533807, 'eta_learning': 0.03439123487026508, 'sigma_boundary': 2.3765970887595724, 'alpha': 0.5812416146752326}. Best is trial 63 with value: 0.04789193149241804.
[I 2026-03-24 15:09:58,993] Trial 100 finished with value: 0.05849729305439097 and parameters: {'sigma_noise': 0.1644384676157328, 'A_repulsion': 0.34362899839358135, 'gamma': 0.4415053178851574, 'sigma_update': 0.41637720409628626, 'eta_learning': 0.11223872886977, 'sigma_boundary': 2.6806435899524588, 'alpha': 0.5577743439848427}. Best is trial 63 with value: 0.04789193149241804.
[I 2026-03-24 15:10:01,205] Trial 101 finished with value: 0.07207445926280653 and parameters: {'sigma_noise': 0.16788332554022467, 'A_repulsion': 0.35333270110454246, 'gamma': 0.1391725239520581, 'sigma_update': 0.38209933057459256, 'eta_learning': 0.10867950297621007, 'sigma_boundary': 2.4646225391516, 'alpha': 0.5893086717350976}. Best is trial 63 with value: 0.04789193149241804.
[I 2026-03-24 15:10:01,611] Trial 105 finished with value: 0.07273185338916359 and parameters: {'sigma_noise': 0.11744598602201199, 'A_repulsion': 0.4749340536834282, 'gamma': 0.13980659427505424, 'sigma_update': 0.33677498104941395, 'eta_learning': 0.15266139552168442, 'sigma_boundary': 2.393240385657924, 'alpha': 0.5449108998409423}. Best is trial 63 with value: 0.04789193149241804.
[I 2026-03-24 15:10:02,106] Trial 99 finished with value: 0.07127066950873162 and parameters: {'sigma_noise': 0.1701012314093142, 'A_repulsion': 0.3860424981737815, 'gamma': 0.13330087432458618, 'sigma_update': 0.41577242771178624, 'eta_learning': 0.11193235373067814, 'sigma_boundary': 2.6316205743900776, 'alpha': 0.567185563777632}. Best is trial 63 with value: 0.04789193149241804.
[I 2026-03-24 15:10:04,877] Trial 103 finished with value: 0.07298528206886842 and parameters: {'sigma_noise': 0.17526433762874402, 'A_repulsion': 0.3347324264079225, 'gamma': 0.13798496820266118, 'sigma_update': 0.4167296968307177, 'eta_learning': 0.1130420978160294, 'sigma_boundary': 2.471776065908294, 'alpha': 0.5607324190082684}. Best is trial 63 with value: 0.04789193149241804.
[I 2026-03-24 15:10:06,235] Trial 113 finished with value: 0.053761967587751716 and parameters: {'sigma_noise': 0.1684352575067787, 'A_repulsion': 0.26362056971380493, 'gamma': 0.593683260108389, 'sigma_update': 0.36835412908343823, 'eta_learning': 0.03570193441556479, 'sigma_boundary': 2.376078871916696, 'alpha': 0.882688641454025}. Best is trial 63 with value: 0.04789193149241804.
[I 2026-03-24 15:10:07,694] Trial 109 finished with value: 0.06913797782042622 and parameters: {'sigma_noise': 0.167671970702094, 'A_repulsion': 0.27067344087508455, 'gamma': 0.25486820912791686, 'sigma_update': 0.37549924552572456, 'eta_learning': 0.030757138806881523, 'sigma_boundary': 2.6228617006654904, 'alpha': 0.5487739608176712}. Best is trial 63 with value: 0.04789193149241804.
[I 2026-03-24 15:10:07,795] Trial 107 finished with value: 0.05593344893192173 and parameters: {'sigma_noise': 0.17621843287930333, 'A_repulsion': 0.38000745968411553, 'gamma': 0.26468162395126926, 'sigma_update': 0.38133000165342956, 'eta_learning': 0.1067234536498965, 'sigma_boundary': 2.8781785666411457, 'alpha': 0.5674562009423761}. Best is trial 63 with value: 0.04789193149241804.
[I 2026-03-24 15:10:08,892] Trial 108 finished with value: 0.06838496173105639 and parameters: {'sigma_noise': 0.17578274668933355, 'A_repulsion': 0.2678673179539102, 'gamma': 0.1451414615070809, 'sigma_update': 0.3776278040348784, 'eta_learning': 0.03240595289211004, 'sigma_boundary': 2.437859304597235, 'alpha': 0.46578611046977514}. Best is trial 63 with value: 0.04789193149241804.
