[I 2026-03-24 15:10:08,989] Trial 118 finished with value: 0.07843087620063642 and parameters: {'sigma_noise': 0.11676906486084898, 'A_repulsion': 0.08936310439082427, 'gamma': 0.4313337551794465, 'sigma_update': 0.3716502736258534, 'eta_learning': 0.034805158165117964, 'sigma_boundary': 3.0624559883383253, 'alpha': 0.5717490097800031}. Best is trial 63 with value: 0.04789193149241804.
[I 2026-03-24 15:10:09,670] Trial 111 finished with value: 0.0583105101450076 and parameters: {'sigma_noise': 0.16725819477354087, 'A_repulsion': 0.2633904280149349, 'gamma': 0.4368246790032741, 'sigma_update': 0.37390530532251787, 'eta_learning': 0.15380000958793227, 'sigma_boundary': 2.499478131836165, 'alpha': 0.5459969321958335}. Best is trial 63 with value: 0.04789193149241804.
[I 2026-03-24 15:10:09,999] Trial 112 finished with value: 0.07544823443366463 and parameters: {'sigma_noise': 0.12564998994925736, 'A_repulsion': 0.3795718885176257, 'gamma': 0.6031867735054424, 'sigma_update': 0.3796630291695179, 'eta_learning': 0.032569689540086454, 'sigma_boundary': 2.363401301530036, 'alpha': 0.5677592017764183}. Best is trial 63 with value: 0.04789193149241804.
[I 2026-03-24 15:10:14,912] Trial 115 finished with value: 0.05380507789971142 and parameters: {'sigma_noise': 0.16843020573242404, 'A_repulsion': 0.3687820227690455, 'gamma': 0.6082066674863535, 'sigma_update': 0.38005018288612247, 'eta_learning': 0.03276318563378823, 'sigma_boundary': 2.222688660125926, 'alpha': 0.5751845899589882}. Best is trial 63 with value: 0.04789193149241804.
[I 2026-03-24 15:10:16,327] Trial 116 finished with value: 0.06493775363162951 and parameters: {'sigma_noise': 0.1598825551907449, 'A_repulsion': 0.37231590054490676, 'gamma': 0.44224566287896483, 'sigma_update': 0.37390675529856665, 'eta_learning': 0.03694133505684901, 'sigma_boundary': 2.3550984456370134, 'alpha': 0.5657036022026741}. Best is trial 63 with value: 0.04789193149241804.
[I 2026-03-24 15:10:16,828] Trial 117 finished with value: 0.05996143300597953 and parameters: {'sigma_noise': 0.11803265027462623, 'A_repulsion': 0.3291359961385678, 'gamma': 0.5892532386202747, 'sigma_update': 0.37439839091238963, 'eta_learning': 0.034690437008257705, 'sigma_boundary': 2.2550186475590794, 'alpha': 0.5761766394428884}. Best is trial 63 with value: 0.04789193149241804.
[I 2026-03-24 15:10:18,076] Trial 114 finished with value: 0.07363073187867422 and parameters: {'sigma_noise': 0.16620018787920568, 'A_repulsion': 0.37913475247009254, 'gamma': 0.4409949118913718, 'sigma_update': 0.38494826548245614, 'eta_learning': 0.0330424709700188, 'sigma_boundary': 2.3874844725612996, 'alpha': 0.8857208069357041}. Best is trial 63 with value: 0.04789193149241804.
[I 2026-03-24 15:10:31,398] Trial 119 finished with value: 0.08904024349673638 and parameters: {'sigma_noise': 0.29925959902711013, 'A_repulsion': 0.10025712171276724, 'gamma': 0.4472105728587802, 'sigma_update': 0.3735893821371295, 'eta_learning': 0.03718391207210575, 'sigma_boundary': 2.20500959996743, 'alpha': 0.884698842173791}. Best is trial 63 with value: 0.04789193149241804.
[I 2026-03-24 15:10:35,464] Trial 120 finished with value: 0.07732671944802648 and parameters: {'sigma_noise': 0.11703855959388018, 'A_repulsion': 0.2680421851962972, 'gamma': 0.6498836174869818, 'sigma_update': 0.3760963889918946, 'eta_learning': 0.03559293529363558, 'sigma_boundary': 2.2821664083271065, 'alpha': 0.894582874602978}. Best is trial 63 with value: 0.04789193149241804.
[I 2026-03-24 15:10:43,982] Trial 121 finished with value: 0.08169735628323413 and parameters: {'sigma_noise': 0.11627143646446618, 'A_repulsion': 0.26325897061097353, 'gamma': 0.6543254585503622, 'sigma_update': 0.3330527563713563, 'eta_learning': 0.03593033300543667, 'sigma_boundary': 2.2644552469349173, 'alpha': 0.9754018260791953}. Best is trial 63 with value: 0.04789193149241804.
[I 2026-03-24 15:10:47,863] Trial 122 finished with value: 0.06421186800444612 and parameters: {'sigma_noise': 0.11753468462332173, 'A_repulsion': 0.2767158106324712, 'gamma': 0.6502995395093375, 'sigma_update': 0.3675951866945538, 'eta_learning': 0.03321606138295283, 'sigma_boundary': 2.299359001156832, 'alpha': 0.9614490136242255}. Best is trial 63 with value: 0.04789193149241804.
[I 2026-03-24 15:10:54,743] Trial 123 finished with value: 0.06938209706345173 and parameters: {'sigma_noise': 0.13546797555304393, 'A_repulsion': 0.25947864010195515, 'gamma': 0.4293569081749741, 'sigma_update': 0.386757644302011, 'eta_learning': 0.0407295372698267, 'sigma_boundary': 2.2473346989999614, 'alpha': 0.9602895048474407}. Best is trial 63 with value: 0.04789193149241804.
[I 2026-03-24 15:11:02,970] Trial 125 finished with value: 0.07474189394371344 and parameters: {'sigma_noise': 0.1345445494650537, 'A_repulsion': 0.2705346295433201, 'gamma': 0.4374764424466677, 'sigma_update': 0.4269969953371694, 'eta_learning': 0.037203994388508, 'sigma_boundary': 2.331530839886285, 'alpha': 0.9892213542663721}. Best is trial 63 with value: 0.04789193149241804.
[I 2026-03-24 15:11:07,683] Trial 124 finished with value: 0.07211059563456253 and parameters: {'sigma_noise': 0.13565201091153267, 'A_repulsion': 0.32621432161981345, 'gamma': 0.6410084270587908, 'sigma_update': 0.31230891755307383, 'eta_learning': 0.04125820022855668, 'sigma_boundary': 3.0364858228685265, 'alpha': 0.9552184814618566}. Best is trial 63 with value: 0.04789193149241804.
[I 2026-03-24 15:11:08,000] Trial 126 finished with value: 0.07057925749123437 and parameters: {'sigma_noise': 0.13167990466829252, 'A_repulsion': 0.33037018207043206, 'gamma': 0.42533996159680443, 'sigma_update': 0.43122147932857513, 'eta_learning': 0.041534333676559856, 'sigma_boundary': 2.1922950881673793, 'alpha': 0.9552254772426443}. Best is trial 63 with value: 0.04789193149241804.
[I 2026-03-24 15:11:08,745] Trial 127 finished with value: 0.06743650822198137 and parameters: {'sigma_noise': 0.1328930690773442, 'A_repulsion': 0.26443060296943655, 'gamma': 0.5977687012423757, 'sigma_update': 0.3210175977345717, 'eta_learning': 0.04674295727324017, 'sigma_boundary': 2.2902631060829988, 'alpha': 0.9475826769551009}. Best is trial 63 with value: 0.04789193149241804.
[I 2026-03-24 15:11:11,897] Trial 130 finished with value: 0.06905916543712044 and parameters: {'sigma_noise': 0.1378815842300251, 'A_repulsion': 0.3275780015993486, 'gamma': 0.5079891431163823, 'sigma_update': 0.4326353406713989, 'eta_learning': 0.03938159998702126, 'sigma_boundary': 3.1044525787078134, 'alpha': 0.9475992695324371}. Best is trial 63 with value: 0.04789193149241804.
[I 2026-03-24 15:11:12,071] Trial 128 finished with value: 0.05628927567826213 and parameters: {'sigma_noise': 0.13829571806779262, 'A_repulsion': 0.32172925933706314, 'gamma': 0.6006663202938468, 'sigma_update': 0.4332203364583818, 'eta_learning': 0.040433526309705106, 'sigma_boundary': 2.1770369667449128, 'alpha': 0.9429951599729951}. Best is trial 63 with value: 0.04789193149241804.
[I 2026-03-24 15:11:12,414] Trial 129 finished with value: 0.06868222816412085 and parameters: {'sigma_noise': 0.13587562149695415, 'A_repulsion': 0.33203938171275443, 'gamma': 0.5021004535985663, 'sigma_update': 0.4309659815196261, 'eta_learning': 0.04277012050571358, 'sigma_boundary': 1.5609599572771984, 'alpha': 0.9529505799487934}. Best is trial 63 with value: 0.04789193149241804.
[I 2026-03-24 15:11:14,170] Trial 131 finished with value: 0.07157133271739032 and parameters: {'sigma_noise': 0.13600666976402828, 'A_repulsion': 0.3248432968351598, 'gamma': 0.642122872393911, 'sigma_update': 0.4353987499183121, 'eta_learning': 0.04453735469044595, 'sigma_boundary': 5.094297515995073, 'alpha': 0.9570510081468498}. Best is trial 63 with value: 0.04789193149241804.
[I 2026-03-24 15:11:15,075] Trial 132 finished with value: 0.07266483236721784 and parameters: {'sigma_noise': 0.10047957029766708, 'A_repulsion': 0.3159490303707641, 'gamma': 0.6646080218379841, 'sigma_update': 0.3185016087219139, 'eta_learning': 0.0494799230223114, 'sigma_boundary': 4.98582098578566, 'alpha': 0.9547028547155917}. Best is trial 63 with value: 0.04789193149241804.
[I 2026-03-24 15:11:16,565] Trial 138 finished with value: 0.06968166975616616 and parameters: {'sigma_noise': 0.09953362592889486, 'A_repulsion': 0.33093469477504894, 'gamma': 0.6455164184796404, 'sigma_update': 0.3157477563288775, 'eta_learning': 0.045532207637960447, 'sigma_boundary': 0.6366209606207192, 'alpha': 0.9521504780427968}. Best is trial 63 with value: 0.04789193149241804.
[I 2026-03-24 15:11:16,823] Trial 134 finished with value: 0.06998254224624667 and parameters: {'sigma_noise': 0.13648459301129215, 'A_repulsion': 0.321764180413044, 'gamma': 0.5964160927922026, 'sigma_update': 0.4512814727154479, 'eta_learning': 0.04315319851472099, 'sigma_boundary': 1.5795342400733117, 'alpha': 0.9517664198447207}. Best is trial 63 with value: 0.04789193149241804.
[I 2026-03-24 15:11:20,226] Trial 133 finished with value: 0.06616405476059636 and parameters: {'sigma_noise': 0.13586415414210928, 'A_repulsion': 0.33061101464379034, 'gamma': 0.6465027200644844, 'sigma_update': 0.3247995763079182, 'eta_learning': 0.042580055947577855, 'sigma_boundary': 1.5944162685879455, 'alpha': 0.9511132978971959}. Best is trial 63 with value: 0.04789193149241804.
[I 2026-03-24 15:11:20,403] Trial 135 finished with value: 0.07752567330168361 and parameters: {'sigma_noise': 0.13053728748534582, 'A_repulsion': 0.32744327959356706, 'gamma': 0.6463835762447676, 'sigma_update': 0.3159232964035103, 'eta_learning': 0.04078028831353855, 'sigma_boundary': 1.5779714627212091, 'alpha': 0.9537997517232889}. Best is trial 63 with value: 0.04789193149241804.
[I 2026-03-24 15:11:21,999] Trial 139 finished with value: 0.07192176775169752 and parameters: {'sigma_noise': 0.09811705716223112, 'A_repulsion': 0.3144798095692029, 'gamma': 0.6756515863998064, 'sigma_update': 0.3119347357706246, 'eta_learning': 0.043976086141962425, 'sigma_boundary': 1.4841966507188484, 'alpha': 0.9493120522933729}. Best is trial 63 with value: 0.04789193149241804.
[I 2026-03-24 15:11:22,521] Trial 136 finished with value: 0.07159257872271464 and parameters: {'sigma_noise': 0.13702488245065964, 'A_repulsion': 0.3264159664982761, 'gamma': 0.6122129973360181, 'sigma_update': 0.29510371334949853, 'eta_learning': 0.1751671605842582, 'sigma_boundary': 2.1227146674019566, 'alpha': 0.9822742230102178}. Best is trial 63 with value: 0.04789193149241804.
[I 2026-03-24 15:11:23,235] Trial 137 finished with value: 0.07588150150691218 and parameters: {'sigma_noise': 0.13642673204466005, 'A_repulsion': 0.2331126123264564, 'gamma': 0.6625424835009837, 'sigma_update': 0.31474894298442324, 'eta_learning': 0.073880501860175, 'sigma_boundary': 4.988808710455964, 'alpha': 0.9541705811320064}. Best is trial 63 with value: 0.04789193149241804.
[I 2026-03-24 15:11:25,859] Trial 140 finished with value: 0.07145873386768352 and parameters: {'sigma_noise': 0.09865902858878992, 'A_repulsion': 0.32691958353341455, 'gamma': 0.6517539949457101, 'sigma_update': 0.32133688381637393, 'eta_learning': 0.17833259912211974, 'sigma_boundary': 5.026827069301181, 'alpha': 0.9751924865416095}. Best is trial 63 with value: 0.04789193149241804.
[I 2026-03-24 15:11:27,026] Trial 141 finished with value: 0.07781009423671134 and parameters: {'sigma_noise': 0.13575004412008773, 'A_repulsion': 0.3195128968106174, 'gamma': 0.6404575869962315, 'sigma_update': 0.32011941279259754, 'eta_learning': 0.04932639425340132, 'sigma_boundary': 1.4999704590912626, 'alpha': 0.9645073934803233}. Best is trial 63 with value: 0.04789193149241804.
[I 2026-03-24 15:11:33,674] Trial 142 finished with value: 0.06736519536250599 and parameters: {'sigma_noise': 0.13443779685677917, 'A_repulsion': 0.36285107134691547, 'gamma': 0.6759223948840406, 'sigma_update': 0.4342906555934542, 'eta_learning': 0.042137694361384044, 'sigma_boundary': 4.851134515244379, 'alpha': 0.9668872797558411}. Best is trial 63 with value: 0.04789193149241804.
[I 2026-03-24 15:11:49,248] Trial 143 finished with value: 0.06568146731737246 and parameters: {'sigma_noise': 0.23871667903556962, 'A_repulsion': 0.23172362351222914, 'gamma': 0.6408729244145772, 'sigma_update': 0.4283300393323707, 'eta_learning': 0.04415854247862181, 'sigma_boundary': 1.5508479050746997, 'alpha': 0.9553593710840836}. Best is trial 63 with value: 0.04789193149241804.
[I 2026-03-24 15:11:51,111] Trial 144 finished with value: 0.07001904973885581 and parameters: {'sigma_noise': 0.13743805495186698, 'A_repulsion': 0.36045087452911906, 'gamma': 0.47910593724870243, 'sigma_update': 0.32003075798283487, 'eta_learning': 0.04592326028120893, 'sigma_boundary': 1.5263252178663134, 'alpha': 0.948677569135378}. Best is trial 63 with value: 0.04789193149241804.
[I 2026-03-24 15:12:00,287] Trial 145 finished with value: 0.06184190474660267 and parameters: {'sigma_noise': 0.13735163263490244, 'A_repulsion': 0.3191611688450779, 'gamma': 0.5016273326338461, 'sigma_update': 0.3047290234951001, 'eta_learning': 0.042531039395996686, 'sigma_boundary': 1.5891231894204565, 'alpha': 0.7690023376161886}. Best is trial 63 with value: 0.04789193149241804.
[I 2026-03-24 15:12:02,495] Trial 146 finished with value: 0.0692156897969926 and parameters: {'sigma_noise': 0.13877944457716168, 'A_repulsion': 0.35741869587396735, 'gamma': 0.5073522738951949, 'sigma_update': 0.43363175853319996, 'eta_learning': 0.04385297605266949, 'sigma_boundary': 1.4759946912832926, 'alpha': 0.9363038129047392}. Best is trial 63 with value: 0.04789193149241804.
[I 2026-03-24 15:12:04,517] Trial 147 finished with value: 0.059584031115331414 and parameters: {'sigma_noise': 0.10016495270888379, 'A_repulsion': 0.36303462798903313, 'gamma': 0.5108059140115839, 'sigma_update': 0.4346787725899173, 'eta_learning': 0.04624294340343704, 'sigma_boundary': 5.078238864911826, 'alpha': 0.10195271565522954}. Best is trial 63 with value: 0.04789193149241804.
[I 2026-03-24 15:12:14,066] Trial 152 finished with value: 0.08105848730733942 and parameters: {'sigma_noise': 0.0832744332530224, 'A_repulsion': 0.20147075750872884, 'gamma': 0.4742535965253223, 'sigma_update': 0.4552400249611579, 'eta_learning': 0.07273749024572845, 'sigma_boundary': 1.569293780465435, 'alpha': 0.6236132181688412}. Best is trial 63 with value: 0.04789193149241804.
[I 2026-03-24 15:12:16,279] Trial 149 finished with value: 0.051373331184874804 and parameters: {'sigma_noise': 0.09920375995360653, 'A_repulsion': 0.36162203936141446, 'gamma': 0.5101841120318501, 'sigma_update': 0.43666102816375735, 'eta_learning': 0.04671724255358347, 'sigma_boundary': 1.5589692418119854, 'alpha': 0.6240875916021849}. Best is trial 63 with value: 0.04789193149241804.
[I 2026-03-24 15:12:17,541] Trial 153 finished with value: 0.062004142091743826 and parameters: {'sigma_noise': 0.10238053578243003, 'A_repulsion': 0.23772259105732374, 'gamma': 0.48012949263334403, 'sigma_update': 0.45451886291885546, 'eta_learning': 0.17364123553260785, 'sigma_boundary': 4.6792962787722905, 'alpha': 0.615941305599753}. Best is trial 63 with value: 0.04789193149241804.
[I 2026-03-24 15:12:17,963] Trial 150 finished with value: 0.06907861599013587 and parameters: {'sigma_noise': 0.09942128753770176, 'A_repulsion': 0.3128900191060334, 'gamma': 0.5104006530712394, 'sigma_update': 0.4523865973501534, 'eta_learning': 0.049880940942843455, 'sigma_boundary': 1.6324103032899533, 'alpha': 0.670358902543255}. Best is trial 63 with value: 0.04789193149241804.
[I 2026-03-24 15:12:20,661] Trial 156 finished with value: 0.07933656541352391 and parameters: {'sigma_noise': 0.0838414446435668, 'A_repulsion': 0.3610890856405752, 'gamma': 0.5134820813713502, 'sigma_update': 0.4558644922851041, 'eta_learning': 0.17760718080066684, 'sigma_boundary': 0.7717200086948157, 'alpha': 0.8663041108712864}. Best is trial 63 with value: 0.04789193149241804.
[I 2026-03-24 15:12:23,758] Trial 154 finished with value: 0.0753432242314681 and parameters: {'sigma_noise': 0.10112966305405091, 'A_repulsion': 0.3637529645239994, 'gamma': 0.6166773491628094, 'sigma_update': 0.44795905467276637, 'eta_learning': 0.07192116708802967, 'sigma_boundary': 4.4267026106785075, 'alpha': 0.7587866878697926}. Best is trial 63 with value: 0.04789193149241804.
[I 2026-03-24 15:12:23,963] Trial 157 finished with value: 0.06353863902279247 and parameters: {'sigma_noise': 0.0826257125672537, 'A_repulsion': 0.35931115157068205, 'gamma': 0.4787022296238055, 'sigma_update': 0.5055283257097422, 'eta_learning': 0.09960624187592224, 'sigma_boundary': 3.906320409933049, 'alpha': 0.6671734723502588}. Best is trial 63 with value: 0.04789193149241804.
[I 2026-03-24 15:12:25,016] Trial 160 finished with value: 0.05792912450661713 and parameters: {'sigma_noise': 0.062437444912703824, 'A_repulsion': 0.3631329061890636, 'gamma': 0.6987107288071915, 'sigma_update': 0.5077334404683002, 'eta_learning': 0.17656721666719621, 'sigma_boundary': 3.5982883849558074, 'alpha': 0.10818632866644662}. Best is trial 63 with value: 0.04789193149241804.
[I 2026-03-24 15:12:25,523] Trial 155 finished with value: 0.05080836929081727 and parameters: {'sigma_noise': 0.09955682724377506, 'A_repulsion': 0.36075948520077605, 'gamma': 0.4744640169616635, 'sigma_update': 0.45352191470374803, 'eta_learning': 0.06561559336948514, 'sigma_boundary': 3.629150843949661, 'alpha': 0.7731353582873592}. Best is trial 63 with value: 0.04789193149241804.
[I 2026-03-24 15:12:26,482] Trial 148 finished with value: 0.07470390884828967 and parameters: {'sigma_noise': 0.19007834728553658, 'A_repulsion': 0.4790569238827668, 'gamma': 0.5039633106494406, 'sigma_update': 0.30536189833007443, 'eta_learning': 0.02065431138352561, 'sigma_boundary': 1.6447564226831461, 'alpha': 0.6133691167664175}. Best is trial 63 with value: 0.04789193149241804.
[I 2026-03-24 15:12:27,177] Trial 151 finished with value: 0.0726935349688818 and parameters: {'sigma_noise': 0.18988285537063926, 'A_repulsion': 0.36427851171419967, 'gamma': 0.4691725963625344, 'sigma_update': 0.44965091955058384, 'eta_learning': 0.020717010289352158, 'sigma_boundary': 1.4555196318353532, 'alpha': 0.6140736554638834}. Best is trial 63 with value: 0.04789193149241804.
[I 2026-03-24 15:12:30,555] Trial 158 finished with value: 0.07317641363221535 and parameters: {'sigma_noise': 0.1849135650357754, 'A_repulsion': 0.2244670147554499, 'gamma': 0.6990633350260592, 'sigma_update': 0.505645520266366, 'eta_learning': 0.07860493667262042, 'sigma_boundary': 3.7717403769852442, 'alpha': 0.6233299550696819}. Best is trial 63 with value: 0.04789193149241804.
[I 2026-03-24 15:12:33,912] Trial 163 finished with value: 0.0734537126093489 and parameters: {'sigma_noise': 0.18646313274694948, 'A_repulsion': 0.35504168577933887, 'gamma': 0.47161938928160435, 'sigma_update': 0.5100764102442503, 'eta_learning': 0.020138890293064243, 'sigma_boundary': 3.7781381306527346, 'alpha': 0.7553696797541625}. Best is trial 63 with value: 0.04789193149241804.
[I 2026-03-24 15:12:34,644] Trial 159 finished with value: 0.05960195288872715 and parameters: {'sigma_noise': 0.18952598004758128, 'A_repulsion': 0.23199184160021333, 'gamma': 0.7404820559992071, 'sigma_update': 0.4581050182949614, 'eta_learning': 0.17645809544734914, 'sigma_boundary': 4.359633410659828, 'alpha': 0.6250645123119298}. Best is trial 63 with value: 0.04789193149241804.
[I 2026-03-24 15:12:37,468] Trial 162 finished with value: 0.07136024360364608 and parameters: {'sigma_noise': 0.18986549329803865, 'A_repulsion': 0.24033855426866663, 'gamma': 0.47043858259805027, 'sigma_update': 0.35043290339871697, 'eta_learning': 0.020075805990901044, 'sigma_boundary': 4.552158897493227, 'alpha': 0.7702536506422675}. Best is trial 63 with value: 0.04789193149241804.
[I 2026-03-24 15:12:39,050] Trial 161 finished with value: 0.07223041693144645 and parameters: {'sigma_noise': 0.1876842346610325, 'A_repulsion': 0.3574733334515625, 'gamma': 0.47355983482442043, 'sigma_update': 0.4576020404884316, 'eta_learning': 0.020695736461982528, 'sigma_boundary': 3.652675539739521, 'alpha': 0.624458448113234}. Best is trial 63 with value: 0.04789193149241804.
[I 2026-03-24 15:12:43,084] Trial 164 finished with value: 0.07250661335111143 and parameters: {'sigma_noise': 0.18927742195788153, 'A_repulsion': 0.36491784779122116, 'gamma': 0.465485657995361, 'sigma_update': 0.4538506479172947, 'eta_learning': 0.020484357954879913, 'sigma_boundary': 3.8105595292097614, 'alpha': 0.6626659890555285}. Best is trial 63 with value: 0.04789193149241804.
[I 2026-03-24 15:12:47,593] Trial 165 finished with value: 0.07296231253652097 and parameters: {'sigma_noise': 0.19169843240216344, 'A_repulsion': 0.3617613961509506, 'gamma': 0.47318622542298977, 'sigma_update': 0.5075759128947996, 'eta_learning': 0.02101550485636334, 'sigma_boundary': 3.73658245034375, 'alpha': 0.6084179049568764}. Best is trial 63 with value: 0.04789193149241804.
[I 2026-03-24 15:12:49,588] Trial 166 finished with value: 0.07253549025913043 and parameters: {'sigma_noise': 0.19104301224413833, 'A_repulsion': 0.3609561226325617, 'gamma': 0.48414059477796195, 'sigma_update': 0.5122411639378799, 'eta_learning': 0.0203193112201681, 'sigma_boundary': 3.7768681700508973, 'alpha': 0.6165352185180549}. Best is trial 63 with value: 0.04789193149241804.
[I 2026-03-24 15:13:04,915] Trial 168 finished with value: 0.06685593022126199 and parameters: {'sigma_noise': 0.19415878155135013, 'A_repulsion': 0.1997974585646454, 'gamma': 0.320325540751876, 'sigma_update': 0.3980165180174217, 'eta_learning': 0.0194345579268535, 'sigma_boundary': 3.8166243658253864, 'alpha': 0.6258969821158278}. Best is trial 63 with value: 0.04789193149241804.
