[I 2026-03-20 01:43:55,960] Trial 58 finished with value: 0.6608108702647352 and parameters: {'sigma_noise': 0.27385319358024496, 'A_repulsion': 0.20216551326636312, 'gamma': 0.8388012737271606, 'sigma_update': 0.11614207721408681, 'eta_learning': 0.5498045175678524, 'sigma_boundary': 4.400094560082812, 'alpha': 0.0}. Best is trial 55 with value: 0.024899481455343923.
[I 2026-03-20 01:44:06,065] Trial 59 finished with value: 0.6829627888306709 and parameters: {'sigma_noise': 0.2786335756417114, 'A_repulsion': 0.22525960214455343, 'gamma': 0.8509811585186504, 'sigma_update': 0.13609004329588953, 'eta_learning': 0.6676519590990204, 'sigma_boundary': 4.7622438150214546, 'alpha': 0.0}. Best is trial 55 with value: 0.024899481455343923.
[I 2026-03-20 01:44:17,595] Trial 60 finished with value: 0.6611179404337926 and parameters: {'sigma_noise': 0.27073433389691337, 'A_repulsion': 0.21230384565502836, 'gamma': 0.8522760601645345, 'sigma_update': 0.13306745475148504, 'eta_learning': 0.5683050560402075, 'sigma_boundary': 4.7163167461122635, 'alpha': 0.0}. Best is trial 55 with value: 0.024899481455343923.
[I 2026-03-20 01:44:31,771] Trial 61 finished with value: 0.6604030946687053 and parameters: {'sigma_noise': 0.2710437777564947, 'A_repulsion': 0.22657997547900238, 'gamma': 0.8448671449568567, 'sigma_update': 0.1315176465330718, 'eta_learning': 0.5359406248079338, 'sigma_boundary': 4.67542774840933, 'alpha': 0.0}. Best is trial 55 with value: 0.024899481455343923.
[I 2026-03-20 01:44:37,378] Trial 63 finished with value: 0.67447920155967 and parameters: {'sigma_noise': 0.26651489372800247, 'A_repulsion': 0.19841318363437005, 'gamma': 0.8509017702320256, 'sigma_update': 0.129623384792247, 'eta_learning': 0.6446191541903742, 'sigma_boundary': 4.575935477174856, 'alpha': 0.0}. Best is trial 55 with value: 0.024899481455343923.
[I 2026-03-20 01:44:37,940] Trial 62 finished with value: 0.6656413376598591 and parameters: {'sigma_noise': 0.2800508353187523, 'A_repulsion': 0.19116420091565114, 'gamma': 0.8495788022360875, 'sigma_update': 0.2652255777536156, 'eta_learning': 0.6521613451874736, 'sigma_boundary': 4.621412504813933, 'alpha': 0.0}. Best is trial 55 with value: 0.024899481455343923.
[I 2026-03-20 01:44:59,669] Trial 64 finished with value: 0.6788533653894109 and parameters: {'sigma_noise': 0.27196445573618583, 'A_repulsion': 0.21309907774809556, 'gamma': 0.8552933288721627, 'sigma_update': 0.6973240553220368, 'eta_learning': 0.6683546096033982, 'sigma_boundary': 4.866843969764481, 'alpha': 0.0}. Best is trial 55 with value: 0.024899481455343923.
[I 2026-03-20 01:45:00,605] Trial 65 finished with value: 0.6614083716313629 and parameters: {'sigma_noise': 0.23958329091520852, 'A_repulsion': 0.22465045759770308, 'gamma': 0.8565660372708297, 'sigma_update': 0.691907621169825, 'eta_learning': 0.5949536202710988, 'sigma_boundary': 4.521613163187266, 'alpha': 0.0}. Best is trial 55 with value: 0.024899481455343923.
[I 2026-03-20 01:45:10,336] Trial 76 finished with value: 0.16792629856017058 and parameters: {'sigma_noise': 0.10080729231877154, 'A_repulsion': 0.10920120020735209, 'gamma': 0.8277305530253073, 'sigma_update': 0.335053876740913, 'eta_learning': 0.5783213928547377, 'sigma_boundary': 4.976024357458179, 'alpha': 0.0}. Best is trial 55 with value: 0.024899481455343923.
[I 2026-03-20 01:45:16,343] Trial 66 finished with value: 0.6607791045721375 and parameters: {'sigma_noise': 0.2755775039392894, 'A_repulsion': 0.19943235245686797, 'gamma': 0.8424483928108105, 'sigma_update': 0.6869419529199804, 'eta_learning': 0.540192853623839, 'sigma_boundary': 4.999145407899501, 'alpha': 0.0}. Best is trial 55 with value: 0.024899481455343923.
[I 2026-03-20 01:45:17,605] Trial 69 finished with value: 0.6131047316265934 and parameters: {'sigma_noise': 0.274646322641719, 'A_repulsion': 0.10608462606354595, 'gamma': 0.8436132601960098, 'sigma_update': 0.13158746229236956, 'eta_learning': 0.521768579913303, 'sigma_boundary': 4.787490909960435, 'alpha': 0.0}. Best is trial 55 with value: 0.024899481455343923.
[I 2026-03-20 01:45:22,517] Trial 70 finished with value: 0.6077808334798197 and parameters: {'sigma_noise': 0.2754591297194585, 'A_repulsion': 0.04459113020450805, 'gamma': 0.842951122764526, 'sigma_update': 0.14647458807803065, 'eta_learning': 0.6408795052577422, 'sigma_boundary': 4.692196434453382, 'alpha': 0.0}. Best is trial 55 with value: 0.024899481455343923.
[I 2026-03-20 01:45:22,967] Trial 71 finished with value: 0.4568558322940017 and parameters: {'sigma_noise': 0.23813180353405392, 'A_repulsion': 0.044454443932939, 'gamma': 0.8145761587208804, 'sigma_update': 0.13308262957022562, 'eta_learning': 0.5563553211800641, 'sigma_boundary': 4.790929773956258, 'alpha': 0.0}. Best is trial 55 with value: 0.024899481455343923.
[I 2026-03-20 01:45:38,628] Trial 75 finished with value: 0.35440436908571366 and parameters: {'sigma_noise': 0.0866207387081128, 'A_repulsion': 0.32568801943832715, 'gamma': 0.024596490273608884, 'sigma_update': 0.3267803094786472, 'eta_learning': 0.597187300625136, 'sigma_boundary': 4.671601062992791, 'alpha': 0.0}. Best is trial 55 with value: 0.024899481455343923.
[I 2026-03-20 01:45:39,041] Trial 74 finished with value: 0.4159634521376561 and parameters: {'sigma_noise': 0.09359246287188391, 'A_repulsion': 0.32979862974273955, 'gamma': 0.4845291220819675, 'sigma_update': 0.5314982499761165, 'eta_learning': 0.6358888829121034, 'sigma_boundary': 4.761175464562053, 'alpha': 0.0}. Best is trial 55 with value: 0.024899481455343923.
[I 2026-03-20 01:45:43,325] Trial 72 finished with value: 0.5653372081101646 and parameters: {'sigma_noise': 0.23817912941076205, 'A_repulsion': 0.10236532797536929, 'gamma': 0.8429267778190265, 'sigma_update': 0.14834530760337616, 'eta_learning': 0.5937816017655859, 'sigma_boundary': 4.958721621014217, 'alpha': 0.0}. Best is trial 55 with value: 0.024899481455343923.
[I 2026-03-20 01:45:44,835] Trial 79 finished with value: 0.20985221401378576 and parameters: {'sigma_noise': 0.08055187487570095, 'A_repulsion': 0.17615621148169175, 'gamma': 0.7867889080882567, 'sigma_update': 0.15082797861808522, 'eta_learning': 0.6797834599959621, 'sigma_boundary': 4.642279014780422, 'alpha': 0.0}. Best is trial 55 with value: 0.024899481455343923.
[I 2026-03-20 01:45:53,611] Trial 67 finished with value: 0.697626598338251 and parameters: {'sigma_noise': 0.23494805863733134, 'A_repulsion': 0.37542129263629914, 'gamma': 0.838014418894174, 'sigma_update': 0.6997689774065516, 'eta_learning': 0.6204264600709444, 'sigma_boundary': 4.621519996425536, 'alpha': 0.0}. Best is trial 55 with value: 0.024899481455343923.
[I 2026-03-20 01:45:56,014] Trial 78 finished with value: 0.415459780087283 and parameters: {'sigma_noise': 0.09445059686107418, 'A_repulsion': 0.3221233399949778, 'gamma': 0.4822816714530718, 'sigma_update': 0.2695804478365801, 'eta_learning': 0.6337635930381372, 'sigma_boundary': 4.475919675667139, 'alpha': 0.0}. Best is trial 55 with value: 0.024899481455343923.
[I 2026-03-20 01:46:00,660] Trial 68 finished with value: 0.6989944247237251 and parameters: {'sigma_noise': 0.26606633506194544, 'A_repulsion': 0.3949619287472465, 'gamma': 0.8500358113033744, 'sigma_update': 0.6949360564146909, 'eta_learning': 0.6190577862122206, 'sigma_boundary': 4.715860114879403, 'alpha': 0.0}. Best is trial 55 with value: 0.024899481455343923.
[I 2026-03-20 01:46:14,405] Trial 81 finished with value: 0.04975245744295102 and parameters: {'sigma_noise': 0.09479985003254054, 'A_repulsion': 0.1062831281881295, 'gamma': 0.8300413870739394, 'sigma_update': 0.28257154438027654, 'eta_learning': 0.302013830242132, 'sigma_boundary': 5.056241007642158, 'alpha': 0.0}. Best is trial 55 with value: 0.024899481455343923.
[I 2026-03-20 01:46:18,662] Trial 80 finished with value: 0.037766184960026095 and parameters: {'sigma_noise': 0.09098284311644406, 'A_repulsion': 0.10152011514198123, 'gamma': 0.012385434511139937, 'sigma_update': 0.3243185527332131, 'eta_learning': 0.2670428842520029, 'sigma_boundary': 4.805361697959677, 'alpha': 0.0}. Best is trial 55 with value: 0.024899481455343923.
[I 2026-03-20 01:46:42,207] Trial 73 finished with value: 0.6947795443185819 and parameters: {'sigma_noise': 0.2378092262333153, 'A_repulsion': 0.3293179430123506, 'gamma': 0.012284732381468377, 'sigma_update': 0.3197084807728846, 'eta_learning': 0.5753878151846482, 'sigma_boundary': 4.472942073096007, 'alpha': 0.0}. Best is trial 55 with value: 0.024899481455343923.
[I 2026-03-20 01:46:56,660] Trial 82 finished with value: 0.06468447066996678 and parameters: {'sigma_noise': 0.09116381552675024, 'A_repulsion': 0.17469517586508618, 'gamma': 0.8168826634565332, 'sigma_update': 0.2873297013115289, 'eta_learning': 0.3122678208789873, 'sigma_boundary': 4.941898957252711, 'alpha': 0.0}. Best is trial 55 with value: 0.024899481455343923.
[I 2026-03-20 01:47:00,918] Trial 77 finished with value: 0.6953453890105186 and parameters: {'sigma_noise': 0.23745642352608098, 'A_repulsion': 0.3250878777713511, 'gamma': 0.49784778895683196, 'sigma_update': 0.3164976018562672, 'eta_learning': 0.67676485875229, 'sigma_boundary': 4.704297795108091, 'alpha': 0.0}. Best is trial 55 with value: 0.024899481455343923.
[I 2026-03-20 01:47:23,339] Trial 84 finished with value: 0.06749352430776706 and parameters: {'sigma_noise': 0.08675272662314146, 'A_repulsion': 0.17123225557718463, 'gamma': 0.027177294056664525, 'sigma_update': 0.6687179864806598, 'eta_learning': 0.34277253070962455, 'sigma_boundary': 5.23036711637066, 'alpha': 0.0}. Best is trial 55 with value: 0.024899481455343923.
[I 2026-03-20 01:47:36,376] Trial 87 finished with value: 0.05632738617220288 and parameters: {'sigma_noise': 0.08310551257604407, 'A_repulsion': 0.17540579514544963, 'gamma': 0.9437139525573485, 'sigma_update': 0.6724508691815856, 'eta_learning': 0.3105205842593738, 'sigma_boundary': 5.154999897393328, 'alpha': 0.0}. Best is trial 55 with value: 0.024899481455343923.
[I 2026-03-20 01:47:41,760] Trial 85 finished with value: 0.06335426248091913 and parameters: {'sigma_noise': 0.08692167617216746, 'A_repulsion': 0.17327267769175547, 'gamma': 0.48150885592965936, 'sigma_update': 0.3020433007775494, 'eta_learning': 0.32567502624116856, 'sigma_boundary': 5.223975754314088, 'alpha': 0.0}. Best is trial 55 with value: 0.024899481455343923.
[I 2026-03-20 01:47:50,671] Trial 86 finished with value: 0.06775382614772013 and parameters: {'sigma_noise': 0.08044814094325921, 'A_repulsion': 0.2681524635488816, 'gamma': 0.01479160682194669, 'sigma_update': 0.6633541016039453, 'eta_learning': 0.31350447980186436, 'sigma_boundary': 8.8373314531663, 'alpha': 0.0}. Best is trial 55 with value: 0.024899481455343923.
[I 2026-03-20 01:47:51,444] Trial 83 finished with value: 0.2642362557526103 and parameters: {'sigma_noise': 0.19035054730858192, 'A_repulsion': 0.17872934842894114, 'gamma': 0.8047488570305443, 'sigma_update': 0.31694142192004526, 'eta_learning': 0.3220670049717392, 'sigma_boundary': 5.260812642630852, 'alpha': 0.0}. Best is trial 55 with value: 0.024899481455343923.
[I 2026-03-20 01:47:54,195] Trial 89 finished with value: 0.03583028387665899 and parameters: {'sigma_noise': 0.08835897583767893, 'A_repulsion': 0.1063384350469821, 'gamma': 0.4827830868642505, 'sigma_update': 0.6664442668074055, 'eta_learning': 0.2649666909406288, 'sigma_boundary': 5.257207333834106, 'alpha': 0.0}. Best is trial 55 with value: 0.024899481455343923.
[I 2026-03-20 01:48:10,516] Trial 90 finished with value: 0.054706676363159824 and parameters: {'sigma_noise': 0.08741877209106004, 'A_repulsion': 0.1639555165630485, 'gamma': 0.483871832711125, 'sigma_update': 0.5410420897636531, 'eta_learning': 0.3156100281978284, 'sigma_boundary': 8.755402709761238, 'alpha': 0.0}. Best is trial 55 with value: 0.024899481455343923.
[I 2026-03-20 01:48:16,709] Trial 91 finished with value: 0.05069991537305841 and parameters: {'sigma_noise': 0.08125494322755619, 'A_repulsion': 0.17621885409242874, 'gamma': 0.4855778058436876, 'sigma_update': 0.6569611495002465, 'eta_learning': 0.31240079502319645, 'sigma_boundary': 8.778617446541173, 'alpha': 0.0}. Best is trial 55 with value: 0.024899481455343923.
[I 2026-03-20 01:48:18,568] Trial 92 finished with value: 0.05605892543363242 and parameters: {'sigma_noise': 0.08265979572876281, 'A_repulsion': 0.1752967621693736, 'gamma': 0.4857694562759916, 'sigma_update': 0.5269500885999647, 'eta_learning': 0.3151588797469117, 'sigma_boundary': 5.576580646185457, 'alpha': 0.0}. Best is trial 55 with value: 0.024899481455343923.
[I 2026-03-20 01:49:24,904] Trial 97 finished with value: 0.17668339405024872 and parameters: {'sigma_noise': 0.19893535007109278, 'A_repulsion': 0.16420472079769055, 'gamma': 0.934639293755632, 'sigma_update': 0.6458425875568601, 'eta_learning': 0.24360680465256132, 'sigma_boundary': 3.442037902653447, 'alpha': 0.0}. Best is trial 55 with value: 0.024899481455343923.
[I 2026-03-20 01:49:26,901] Trial 88 finished with value: 0.5155944459071776 and parameters: {'sigma_noise': 0.23940749056743899, 'A_repulsion': 0.27534117689557275, 'gamma': 0.8017416272074707, 'sigma_update': 0.6708110090899232, 'eta_learning': 0.30904619795920796, 'sigma_boundary': 5.337252285365536, 'alpha': 0.0}. Best is trial 55 with value: 0.024899481455343923.
[I 2026-03-20 01:49:35,907] Trial 93 finished with value: 0.4608609512289274 and parameters: {'sigma_noise': 0.19537086114508226, 'A_repulsion': 0.2772595532569375, 'gamma': 0.9486737843187681, 'sigma_update': 0.6609329725183147, 'eta_learning': 0.35044524432111335, 'sigma_boundary': 5.461189009386023, 'alpha': 0.0}. Best is trial 55 with value: 0.024899481455343923.
[I 2026-03-20 01:49:38,413] Trial 94 finished with value: 0.42855303403929407 and parameters: {'sigma_noise': 0.19736087081330772, 'A_repulsion': 0.3150284089497589, 'gamma': 0.48568972856128567, 'sigma_update': 0.6598395627407448, 'eta_learning': 0.30918819187498026, 'sigma_boundary': 5.455885054510098, 'alpha': 0.0}. Best is trial 55 with value: 0.024899481455343923.
[I 2026-03-20 01:49:38,843] Trial 95 finished with value: 0.3809812518165409 and parameters: {'sigma_noise': 0.19550855042494314, 'A_repulsion': 0.2742475398533948, 'gamma': 0.9499132907887565, 'sigma_update': 0.6606349660688429, 'eta_learning': 0.3214207156462071, 'sigma_boundary': 8.583107478036192, 'alpha': 0.0}. Best is trial 55 with value: 0.024899481455343923.
[I 2026-03-20 01:49:44,489] Trial 102 finished with value: 0.13703158622426276 and parameters: {'sigma_noise': 0.11600980169286734, 'A_repulsion': 0.2614407896475294, 'gamma': 0.9369762700384565, 'sigma_update': 0.6550483182106458, 'eta_learning': 0.3161679591192201, 'sigma_boundary': 5.401693279784478, 'alpha': 0.0}. Best is trial 55 with value: 0.024899481455343923.
[I 2026-03-20 01:49:47,853] Trial 96 finished with value: 0.37901694070848213 and parameters: {'sigma_noise': 0.20024382320574413, 'A_repulsion': 0.26514390297583623, 'gamma': 0.9563683754105009, 'sigma_update': 0.6293353480683873, 'eta_learning': 0.31710102547573094, 'sigma_boundary': 8.529887554595698, 'alpha': 0.0}. Best is trial 55 with value: 0.024899481455343923.
[I 2026-03-20 01:49:51,180] Trial 98 finished with value: 0.40233091823341094 and parameters: {'sigma_noise': 0.19250089963630335, 'A_repulsion': 0.26862271706062607, 'gamma': 0.9322407926460755, 'sigma_update': 0.6581465405837009, 'eta_learning': 0.3310177398033497, 'sigma_boundary': 5.532180353257272, 'alpha': 0.0}. Best is trial 55 with value: 0.024899481455343923.
[I 2026-03-20 01:50:01,560] Trial 100 finished with value: 0.40625682393093926 and parameters: {'sigma_noise': 0.20732073254711697, 'A_repulsion': 0.2719857479577526, 'gamma': 0.9195374330521385, 'sigma_update': 0.6501526287648597, 'eta_learning': 0.3106419780744287, 'sigma_boundary': 5.522619378618337, 'alpha': 0.0}. Best is trial 55 with value: 0.024899481455343923.
[I 2026-03-20 01:50:05,448] Trial 99 finished with value: 0.418720378066476 and parameters: {'sigma_noise': 0.19890418402845006, 'A_repulsion': 0.2687420043329863, 'gamma': 0.9452796617540802, 'sigma_update': 0.6591010189205164, 'eta_learning': 0.33881344749145337, 'sigma_boundary': 8.838808475445141, 'alpha': 0.0}. Best is trial 55 with value: 0.024899481455343923.
[I 2026-03-20 01:50:12,999] Trial 101 finished with value: 0.4321178588347175 and parameters: {'sigma_noise': 0.19410425848222848, 'A_repulsion': 0.28657222551937206, 'gamma': 0.9559872439257919, 'sigma_update': 0.6671823806961781, 'eta_learning': 0.3325154557414369, 'sigma_boundary': 5.464160315278617, 'alpha': 0.0}. Best is trial 55 with value: 0.024899481455343923.
[I 2026-03-20 01:50:23,484] Trial 103 finished with value: 0.41133250434559576 and parameters: {'sigma_noise': 0.1922155612658925, 'A_repulsion': 0.25935456472579765, 'gamma': 0.9107023338766249, 'sigma_update': 0.6612076893516193, 'eta_learning': 0.350671363998462, 'sigma_boundary': 8.637782593860084, 'alpha': 0.0}. Best is trial 55 with value: 0.024899481455343923.
[I 2026-03-20 01:50:50,980] Trial 104 finished with value: 0.3933074304840227 and parameters: {'sigma_noise': 0.195553546106046, 'A_repulsion': 0.2667016011210322, 'gamma': 0.9561816353574727, 'sigma_update': 0.6681973154411284, 'eta_learning': 0.32541903647791054, 'sigma_boundary': 5.720809153092661, 'alpha': 0.0}. Best is trial 55 with value: 0.024899481455343923.
[I 2026-03-20 01:50:52,857] Trial 108 finished with value: 0.0530588694676285 and parameters: {'sigma_noise': 0.11089643808295088, 'A_repulsion': 0.26799422630642933, 'gamma': 0.9188955917302446, 'sigma_update': 0.3847088237907473, 'eta_learning': 0.2130855097850974, 'sigma_boundary': 8.527860868932912, 'alpha': 0.0}. Best is trial 55 with value: 0.024899481455343923.
[I 2026-03-20 01:50:53,635] Trial 112 finished with value: 0.041373103735118454 and parameters: {'sigma_noise': 0.11890900707609592, 'A_repulsion': 0.0878614423959325, 'gamma': 0.5975735282575505, 'sigma_update': 0.23255972986708584, 'eta_learning': 0.2375629187734085, 'sigma_boundary': 5.742256236580726, 'alpha': 0.0}. Best is trial 55 with value: 0.024899481455343923.
[I 2026-03-20 01:50:59,520] Trial 105 finished with value: 0.2231026679709039 and parameters: {'sigma_noise': 0.19598158136315755, 'A_repulsion': 0.2670713720480507, 'gamma': 0.9668149120312403, 'sigma_update': 0.6689251333419682, 'eta_learning': 0.2376385939206174, 'sigma_boundary': 5.397502872827868, 'alpha': 0.0}. Best is trial 55 with value: 0.024899481455343923.
[I 2026-03-20 01:51:03,156] Trial 106 finished with value: 0.2275684452003625 and parameters: {'sigma_noise': 0.18986561406096983, 'A_repulsion': 0.27798933796286385, 'gamma': 0.9409580988896744, 'sigma_update': 0.652401618179898, 'eta_learning': 0.24394098629604272, 'sigma_boundary': 5.434337186469466, 'alpha': 0.0}. Best is trial 55 with value: 0.024899481455343923.
[I 2026-03-20 01:51:04,479] Trial 111 finished with value: 0.06418005758295955 and parameters: {'sigma_noise': 0.11177639523118742, 'A_repulsion': 0.24348777717138012, 'gamma': 0.9201286815220943, 'sigma_update': 0.3794860420057992, 'eta_learning': 0.2076928864929553, 'sigma_boundary': 3.6687643574670528, 'alpha': 0.0}. Best is trial 55 with value: 0.024899481455343923.
[I 2026-03-20 01:51:16,685] Trial 113 finished with value: 0.030790174161416984 and parameters: {'sigma_noise': 0.1116734314842328, 'A_repulsion': 0.12286699160484044, 'gamma': 0.5311561819425055, 'sigma_update': 0.2391034738248934, 'eta_learning': 0.18577201203801016, 'sigma_boundary': 5.616141564484004, 'alpha': 0.0}. Best is trial 55 with value: 0.024899481455343923.
[I 2026-03-20 01:51:22,882] Trial 114 finished with value: 0.03998728730096447 and parameters: {'sigma_noise': 0.11363458239085569, 'A_repulsion': 0.12294603961649274, 'gamma': 0.5242485197758442, 'sigma_update': 0.6496429071478975, 'eta_learning': 0.22140455512895674, 'sigma_boundary': 5.659122250806295, 'alpha': 0.0}. Best is trial 55 with value: 0.024899481455343923.
[I 2026-03-20 01:51:26,636] Trial 115 finished with value: 0.03645718919836016 and parameters: {'sigma_noise': 0.11289822033608982, 'A_repulsion': 0.14665025186513003, 'gamma': 0.5268223435748923, 'sigma_update': 0.38007507331325785, 'eta_learning': 0.18154389875597035, 'sigma_boundary': 3.669548020938938, 'alpha': 0.0}. Best is trial 55 with value: 0.024899481455343923.
[I 2026-03-20 01:51:27,233] Trial 107 finished with value: 0.2696475854417762 and parameters: {'sigma_noise': 0.19397863224201564, 'A_repulsion': 0.2625095574021908, 'gamma': 0.9361649562470565, 'sigma_update': 0.6600477390587464, 'eta_learning': 0.2548633675854063, 'sigma_boundary': 3.8085243600637235, 'alpha': 0.0}. Best is trial 55 with value: 0.024899481455343923.
[I 2026-03-20 01:51:36,148] Trial 109 finished with value: 0.15079052736093249 and parameters: {'sigma_noise': 0.19009437952949348, 'A_repulsion': 0.2738266583529762, 'gamma': 0.9633168899745854, 'sigma_update': 0.2321147609591807, 'eta_learning': 0.21007411809082752, 'sigma_boundary': 8.542051039092323, 'alpha': 0.0}. Best is trial 55 with value: 0.024899481455343923.
[I 2026-03-20 01:51:50,699] Trial 110 finished with value: 0.1794820316975989 and parameters: {'sigma_noise': 0.1968201824805836, 'A_repulsion': 0.24455670286068404, 'gamma': 0.9645751149013254, 'sigma_update': 0.3617943877597284, 'eta_learning': 0.21238383283938933, 'sigma_boundary': 3.9308191935597963, 'alpha': 0.0}. Best is trial 55 with value: 0.024899481455343923.
[I 2026-03-20 01:52:21,636] Trial 120 finished with value: 0.021209218712785746 and parameters: {'sigma_noise': 0.05016131017956167, 'A_repulsion': 0.13019984392019224, 'gamma': 0.5470388340139037, 'sigma_update': 0.38486840554846113, 'eta_learning': 0.19798069651140138, 'sigma_boundary': 3.738061031656626, 'alpha': 0.0}. Best is trial 120 with value: 0.021209218712785746.
