[I 2026-03-20 01:52:31,088] Trial 116 finished with value: 0.040996464312796 and parameters: {'sigma_noise': 0.11748819134418674, 'A_repulsion': 0.12205386023980178, 'gamma': 0.574063740651468, 'sigma_update': 0.6239225891400663, 'eta_learning': 0.20444973450201614, 'sigma_boundary': 3.9765516626731414, 'alpha': 0.0}. Best is trial 120 with value: 0.021209218712785746.
[I 2026-03-20 01:52:31,279] Trial 117 finished with value: 0.04195238853344349 and parameters: {'sigma_noise': 0.11574186391321356, 'A_repulsion': 0.13119929637627967, 'gamma': 0.5311078518567309, 'sigma_update': 0.6253919519422051, 'eta_learning': 0.2090495360573753, 'sigma_boundary': 4.008092228445678, 'alpha': 0.0}. Best is trial 120 with value: 0.021209218712785746.
[I 2026-03-20 01:52:39,415] Trial 122 finished with value: 0.02300181743176348 and parameters: {'sigma_noise': 0.05108900960010365, 'A_repulsion': 0.12731822324387096, 'gamma': 0.5429781650136243, 'sigma_update': 0.3874730336376885, 'eta_learning': 0.20621887948108472, 'sigma_boundary': 4.048270807103444, 'alpha': 0.0}. Best is trial 120 with value: 0.021209218712785746.
[I 2026-03-20 01:52:39,695] Trial 118 finished with value: 0.03606790262699496 and parameters: {'sigma_noise': 0.1072071911125625, 'A_repulsion': 0.13688151138201005, 'gamma': 0.5673378676439182, 'sigma_update': 0.2365683765516158, 'eta_learning': 0.19296899413612412, 'sigma_boundary': 3.8820200551198285, 'alpha': 0.0}. Best is trial 120 with value: 0.021209218712785746.
[I 2026-03-20 01:52:43,085] Trial 119 finished with value: 0.05172412709833585 and parameters: {'sigma_noise': 0.11654196014695128, 'A_repulsion': 0.13687917024176316, 'gamma': 0.7334736264377066, 'sigma_update': 0.381445235935925, 'eta_learning': 0.23375046313331244, 'sigma_boundary': 4.109779123561992, 'alpha': 0.0}. Best is trial 120 with value: 0.021209218712785746.
[I 2026-03-20 01:52:44,978] Trial 121 finished with value: 0.14309433194240953 and parameters: {'sigma_noise': 0.10828851318386763, 'A_repulsion': 0.127548501533298, 'gamma': 0.5271520072756967, 'sigma_update': 0.6253684475453035, 'eta_learning': 0.43701649900233913, 'sigma_boundary': 3.8927117940692186, 'alpha': 0.0}. Best is trial 120 with value: 0.021209218712785746.
[I 2026-03-20 01:52:57,958] Trial 123 finished with value: 0.040677127591627754 and parameters: {'sigma_noise': 0.10730215844770097, 'A_repulsion': 0.12095879526201998, 'gamma': 0.5405258501057999, 'sigma_update': 0.38477827765389183, 'eta_learning': 0.22426715854606288, 'sigma_boundary': 3.9032031933755587, 'alpha': 0.0}. Best is trial 120 with value: 0.021209218712785746.
[I 2026-03-20 01:53:05,233] Trial 125 finished with value: 0.023462788928108224 and parameters: {'sigma_noise': 0.05106675904783513, 'A_repulsion': 0.2419523903681594, 'gamma': 0.7457357935733, 'sigma_update': 0.3991739836708286, 'eta_learning': 0.20312980300944025, 'sigma_boundary': 3.8262123619492883, 'alpha': 0.0}. Best is trial 120 with value: 0.021209218712785746.
[I 2026-03-20 01:53:16,734] Trial 126 finished with value: 0.02221201590058755 and parameters: {'sigma_noise': 0.05191740697471035, 'A_repulsion': 0.23702481662184025, 'gamma': 0.5517376866040422, 'sigma_update': 0.6059430937986944, 'eta_learning': 0.19794617859172964, 'sigma_boundary': 3.959337397181449, 'alpha': 0.0}. Best is trial 120 with value: 0.021209218712785746.
[I 2026-03-20 01:53:28,085] Trial 127 finished with value: 0.03438734018583127 and parameters: {'sigma_noise': 0.10730156454567673, 'A_repulsion': 0.12179654842311263, 'gamma': 0.5297500165627835, 'sigma_update': 0.6136444205564657, 'eta_learning': 0.19555745303447197, 'sigma_boundary': 4.1836278976145245, 'alpha': 0.0}. Best is trial 120 with value: 0.021209218712785746.
[I 2026-03-20 01:53:30,859] Trial 124 finished with value: 0.057072863895417984 and parameters: {'sigma_noise': 0.10842436904978862, 'A_repulsion': 0.2438891689217609, 'gamma': 0.54064900325722, 'sigma_update': 0.6041367962179113, 'eta_learning': 0.2068806279245469, 'sigma_boundary': 4.05622266023998, 'alpha': 0.0}. Best is trial 120 with value: 0.021209218712785746.
[I 2026-03-20 01:53:47,486] Trial 131 finished with value: 0.0526208439291509 and parameters: {'sigma_noise': 0.05240266182576343, 'A_repulsion': 0.12925933669200482, 'gamma': 0.5216568958459546, 'sigma_update': 0.2381080843919387, 'eta_learning': 0.43353055153731934, 'sigma_boundary': 4.126300593368671, 'alpha': 0.0}. Best is trial 120 with value: 0.021209218712785746.
[I 2026-03-20 01:53:50,248] Trial 130 finished with value: 0.021692369237577218 and parameters: {'sigma_noise': 0.06965610642035386, 'A_repulsion': 0.12222864121338331, 'gamma': 0.5860647275052325, 'sigma_update': 0.21637720074464942, 'eta_learning': 0.18603180970959418, 'sigma_boundary': 4.116049172380177, 'alpha': 0.0}. Best is trial 120 with value: 0.021209218712785746.
[I 2026-03-20 01:53:53,736] Trial 133 finished with value: 0.06371964462548065 and parameters: {'sigma_noise': 0.06856365093993333, 'A_repulsion': 0.1243505600291192, 'gamma': 0.6506116724556814, 'sigma_update': 0.2492976122556171, 'eta_learning': 0.42190191385910286, 'sigma_boundary': 4.138346011153421, 'alpha': 0.0}. Best is trial 120 with value: 0.021209218712785746.
[I 2026-03-20 01:54:02,419] Trial 129 finished with value: 0.03015545411944474 and parameters: {'sigma_noise': 0.07327625102690996, 'A_repulsion': 0.23936199767688243, 'gamma': 0.539145220608645, 'sigma_update': 0.6103185230002957, 'eta_learning': 0.1963633428064846, 'sigma_boundary': 3.925088724243728, 'alpha': 0.0}. Best is trial 120 with value: 0.021209218712785746.
[I 2026-03-20 01:54:15,240] Trial 135 finished with value: 0.020938434594410048 and parameters: {'sigma_noise': 0.0705377852138386, 'A_repulsion': 0.13027416439492148, 'gamma': 0.527942791437252, 'sigma_update': 0.21103695144110618, 'eta_learning': 0.17283330481001832, 'sigma_boundary': 6.174999038840508, 'alpha': 0.0}. Best is trial 135 with value: 0.020938434594410048.
[I 2026-03-20 01:54:17,299] Trial 134 finished with value: 0.1575190889286004 and parameters: {'sigma_noise': 0.1031397348656885, 'A_repulsion': 0.13893470713174833, 'gamma': 0.5423172591885562, 'sigma_update': 0.6131961645736252, 'eta_learning': 0.46692439190968327, 'sigma_boundary': 4.175163746013702, 'alpha': 0.0}. Best is trial 135 with value: 0.020938434594410048.
[I 2026-03-20 01:54:19,418] Trial 128 finished with value: 0.23181105151469042 and parameters: {'sigma_noise': 0.10538673468157769, 'A_repulsion': 0.236539298381788, 'gamma': 0.5229815693766195, 'sigma_update': 0.6061509450798029, 'eta_learning': 0.44249941746728005, 'sigma_boundary': 4.024187015351021, 'alpha': 0.0}. Best is trial 135 with value: 0.020938434594410048.
[I 2026-03-20 01:54:24,455] Trial 136 finished with value: 0.1083802012932642 and parameters: {'sigma_noise': 0.10230551501864739, 'A_repulsion': 0.1298584097630642, 'gamma': 0.535862363544055, 'sigma_update': 0.24550279377558595, 'eta_learning': 0.4205064693462316, 'sigma_boundary': 6.210094188885345, 'alpha': 0.0}. Best is trial 135 with value: 0.020938434594410048.
[I 2026-03-20 01:54:53,382] Trial 138 finished with value: 0.04342681986033538 and parameters: {'sigma_noise': 0.1650464938615993, 'A_repulsion': 0.12124274758698261, 'gamma': 0.5459798364953159, 'sigma_update': 0.2474038179883727, 'eta_learning': 0.16366326700946454, 'sigma_boundary': 6.033514490232425, 'alpha': 0.0}. Best is trial 135 with value: 0.020938434594410048.
[I 2026-03-20 01:54:54,971] Trial 137 finished with value: 0.23441684393151407 and parameters: {'sigma_noise': 0.16206422648526284, 'A_repulsion': 0.12364066584530839, 'gamma': 0.5404680819184725, 'sigma_update': 0.24764467527152323, 'eta_learning': 0.4219275469357434, 'sigma_boundary': 5.958431131571647, 'alpha': 0.0}. Best is trial 135 with value: 0.020938434594410048.
[I 2026-03-20 01:54:59,335] Trial 132 finished with value: 0.4509690536301382 and parameters: {'sigma_noise': 0.16834997542159014, 'A_repulsion': 0.23871436749265104, 'gamma': 0.58181851166882, 'sigma_update': 0.5899356213897384, 'eta_learning': 0.43683311034649464, 'sigma_boundary': 4.223119052263864, 'alpha': 0.0}. Best is trial 135 with value: 0.020938434594410048.
[I 2026-03-20 01:55:03,327] Trial 139 finished with value: 0.1078601404755593 and parameters: {'sigma_noise': 0.1034032717699386, 'A_repulsion': 0.12319347337966992, 'gamma': 0.5407987886021912, 'sigma_update': 0.07002646950051963, 'eta_learning': 0.42434429231547144, 'sigma_boundary': 6.1955963431542465, 'alpha': 0.0}. Best is trial 135 with value: 0.020938434594410048.
[I 2026-03-20 01:55:14,564] Trial 140 finished with value: 0.06895600270833337 and parameters: {'sigma_noise': 0.06943988810648385, 'A_repulsion': 0.1260488880708595, 'gamma': 0.5234353430619899, 'sigma_update': 0.22693748133664987, 'eta_learning': 0.45515949071605066, 'sigma_boundary': 6.057158277780402, 'alpha': 0.0}. Best is trial 135 with value: 0.020938434594410048.
[I 2026-03-20 01:55:21,698] Trial 142 finished with value: 0.020376847283445673 and parameters: {'sigma_noise': 0.050024144886698534, 'A_repulsion': 0.12736819888820936, 'gamma': 0.5502288432417629, 'sigma_update': 0.6034319632347224, 'eta_learning': 0.15343346335980357, 'sigma_boundary': 4.203631616921285, 'alpha': 0.0}. Best is trial 142 with value: 0.020376847283445673.
[I 2026-03-20 01:55:29,571] Trial 146 finished with value: 0.05389285648840825 and parameters: {'sigma_noise': 0.06809824910254521, 'A_repulsion': 0.08458272064850902, 'gamma': 0.6154105785834127, 'sigma_update': 0.2328728856193797, 'eta_learning': 0.4278761311292292, 'sigma_boundary': 5.886804159752799, 'alpha': 0.0}. Best is trial 142 with value: 0.020376847283445673.
[I 2026-03-20 01:55:32,285] Trial 145 finished with value: 0.04810698214271361 and parameters: {'sigma_noise': 0.05040638362863681, 'A_repulsion': 0.11804027428266908, 'gamma': 0.597354247571892, 'sigma_update': 0.2156141436821467, 'eta_learning': 0.42565968706337226, 'sigma_boundary': 4.251643813905495, 'alpha': 0.0}. Best is trial 142 with value: 0.020376847283445673.
[I 2026-03-20 01:55:32,461] Trial 143 finished with value: 0.07217694023092158 and parameters: {'sigma_noise': 0.06758177243368943, 'A_repulsion': 0.12065090049856433, 'gamma': 0.58059470905179, 'sigma_update': 0.40861763109925986, 'eta_learning': 0.47985336950599305, 'sigma_boundary': 6.2842277017057935, 'alpha': 0.0}. Best is trial 142 with value: 0.020376847283445673.
[I 2026-03-20 01:55:35,188] Trial 144 finished with value: 0.1000700038793152 and parameters: {'sigma_noise': 0.07106838798251108, 'A_repulsion': 0.14784487233914076, 'gamma': 0.5609717726650614, 'sigma_update': 0.4087724978276323, 'eta_learning': 0.47584682751992385, 'sigma_boundary': 2.9882152754202216, 'alpha': 0.0}. Best is trial 142 with value: 0.020376847283445673.
[I 2026-03-20 01:55:43,986] Trial 148 finished with value: 0.044762454823995886 and parameters: {'sigma_noise': 0.05464775937727713, 'A_repulsion': 0.061379558243447666, 'gamma': 0.5515514605100151, 'sigma_update': 0.40643507403853785, 'eta_learning': 0.46462835125971524, 'sigma_boundary': 2.7666333585051195, 'alpha': 0.0}. Best is trial 142 with value: 0.020376847283445673.
[I 2026-03-20 01:55:50,358] Trial 147 finished with value: 0.05884574559724657 and parameters: {'sigma_noise': 0.050121191011046666, 'A_repulsion': 0.1531538509265413, 'gamma': 0.5597238155226686, 'sigma_update': 0.41703765930814074, 'eta_learning': 0.4409008958779094, 'sigma_boundary': 2.8780925048680226, 'alpha': 0.0}. Best is trial 142 with value: 0.020376847283445673.
[I 2026-03-20 01:56:02,233] Trial 141 finished with value: 0.25031652860493325 and parameters: {'sigma_noise': 0.1571924221819901, 'A_repulsion': 0.12398512449898749, 'gamma': 0.5417869781362344, 'sigma_update': 0.24292099062399566, 'eta_learning': 0.4410148121805212, 'sigma_boundary': 4.170275890361874, 'alpha': 0.0}. Best is trial 142 with value: 0.020376847283445673.
[I 2026-03-20 01:56:08,374] Trial 149 finished with value: 0.07801594616609231 and parameters: {'sigma_noise': 0.06948208207692105, 'A_repulsion': 0.14545216333824418, 'gamma': 0.6410533699586974, 'sigma_update': 0.41366068850748355, 'eta_learning': 0.4208454862266189, 'sigma_boundary': 2.8167933400796175, 'alpha': 0.0}. Best is trial 142 with value: 0.020376847283445673.
[I 2026-03-20 01:56:16,008] Trial 151 finished with value: 0.04219543331158813 and parameters: {'sigma_noise': 0.05075751462490445, 'A_repulsion': 0.07086825836494526, 'gamma': 0.622594992769473, 'sigma_update': 0.4163834083148088, 'eta_learning': 0.44940644438010535, 'sigma_boundary': 3.1125687033531033, 'alpha': 0.0}. Best is trial 142 with value: 0.020376847283445673.
[I 2026-03-20 01:56:20,449] Trial 150 finished with value: 0.062390601385556174 and parameters: {'sigma_noise': 0.06827214717311751, 'A_repulsion': 0.08972817677593303, 'gamma': 0.6162085355476626, 'sigma_update': 0.4080939257248519, 'eta_learning': 0.444234344670844, 'sigma_boundary': 3.0211554705182193, 'alpha': 0.0}. Best is trial 142 with value: 0.020376847283445673.
[I 2026-03-20 01:56:40,672] Trial 152 finished with value: 0.021318275493040755 and parameters: {'sigma_noise': 0.06904221117894219, 'A_repulsion': 0.15226068359834868, 'gamma': 0.6458546311540867, 'sigma_update': 0.4122108732815104, 'eta_learning': 0.1379571084505509, 'sigma_boundary': 2.8726288920243133, 'alpha': 0.0}. Best is trial 142 with value: 0.020376847283445673.
[I 2026-03-20 01:56:40,901] Trial 153 finished with value: 0.021071059785586984 and parameters: {'sigma_noise': 0.06820860019505051, 'A_repulsion': 0.1472077090066206, 'gamma': 0.6462949739424585, 'sigma_update': 0.42254707076071, 'eta_learning': 0.1422437305811093, 'sigma_boundary': 2.9603761803647, 'alpha': 0.0}. Best is trial 142 with value: 0.020376847283445673.
[I 2026-03-20 01:56:45,101] Trial 154 finished with value: 0.0198971243004633 and parameters: {'sigma_noise': 0.06136809747848746, 'A_repulsion': 0.14870793582209066, 'gamma': 0.5611947199517653, 'sigma_update': 0.18944439138902255, 'eta_learning': 0.1370936981663612, 'sigma_boundary': 3.201344527514902, 'alpha': 0.0}. Best is trial 154 with value: 0.0198971243004633.
[I 2026-03-20 01:56:54,975] Trial 155 finished with value: 0.019657842663544353 and parameters: {'sigma_noise': 0.06357962204346815, 'A_repulsion': 0.14273577199633142, 'gamma': 0.6064799998497095, 'sigma_update': 0.4029690035413063, 'eta_learning': 0.13377118819185163, 'sigma_boundary': 3.143649554904366, 'alpha': 0.0}. Best is trial 155 with value: 0.019657842663544353.
[I 2026-03-20 01:57:11,960] Trial 156 finished with value: 0.019863894529221247 and parameters: {'sigma_noise': 0.05830779876500521, 'A_repulsion': 0.1473469461562399, 'gamma': 0.5923747642464874, 'sigma_update': 0.17494342738898896, 'eta_learning': 0.12847383319662425, 'sigma_boundary': 3.1790007531627777, 'alpha': 0.0}. Best is trial 155 with value: 0.019657842663544353.
[I 2026-03-20 01:57:13,310] Trial 157 finished with value: 0.2848540644490967 and parameters: {'sigma_noise': 0.06131296860305804, 'A_repulsion': 0.1508551436163104, 'gamma': 0.6140638820326872, 'sigma_update': 0.20279337826216046, 'eta_learning': 1.5931999261875467, 'sigma_boundary': 3.1891358424331147, 'alpha': 0.0}. Best is trial 155 with value: 0.019657842663544353.
[I 2026-03-20 01:57:14,300] Trial 158 finished with value: 0.02017161463774959 and parameters: {'sigma_noise': 0.059953974814235776, 'A_repulsion': 0.15272239566305, 'gamma': 0.5998713931784783, 'sigma_update': 0.18258200897203317, 'eta_learning': 0.1387297148411739, 'sigma_boundary': 2.936068774892727, 'alpha': 0.0}. Best is trial 155 with value: 0.019657842663544353.
[I 2026-03-20 01:57:19,443] Trial 159 finished with value: 0.019989346980959208 and parameters: {'sigma_noise': 0.06420066750191769, 'A_repulsion': 0.09048410853389521, 'gamma': 0.6131563362218013, 'sigma_update': 0.1688066034414513, 'eta_learning': 0.11839600715351768, 'sigma_boundary': 2.9107229817450717, 'alpha': 0.0}. Best is trial 155 with value: 0.019657842663544353.
[I 2026-03-20 01:57:39,940] Trial 161 finished with value: 0.02365363131195674 and parameters: {'sigma_noise': 0.060290268821149795, 'A_repulsion': 0.05879662184295478, 'gamma': 0.6251078466547749, 'sigma_update': 0.20258483888256984, 'eta_learning': 0.09485066235051856, 'sigma_boundary': 3.188328108323462, 'alpha': 0.0}. Best is trial 155 with value: 0.019657842663544353.
[I 2026-03-20 01:57:42,793] Trial 160 finished with value: 0.01980018899112214 and parameters: {'sigma_noise': 0.061012201448665114, 'A_repulsion': 0.06750750444171259, 'gamma': 0.5947411548853293, 'sigma_update': 0.06412518351186935, 'eta_learning': 0.14283027268574536, 'sigma_boundary': 2.856235695203691, 'alpha': 0.0}. Best is trial 155 with value: 0.019657842663544353.
[I 2026-03-20 01:57:55,122] Trial 162 finished with value: 0.020732093186966352 and parameters: {'sigma_noise': 0.05901715296183802, 'A_repulsion': 0.14952190571927035, 'gamma': 0.6236564029622694, 'sigma_update': 0.18231355105225738, 'eta_learning': 0.11099274709297906, 'sigma_boundary': 3.156589939836311, 'alpha': 0.0}. Best is trial 155 with value: 0.019657842663544353.
[I 2026-03-20 01:57:55,448] Trial 163 finished with value: 0.01931864345449214 and parameters: {'sigma_noise': 0.06091460454303614, 'A_repulsion': 0.09007268043039121, 'gamma': 0.4514036523888738, 'sigma_update': 0.19542291210687837, 'eta_learning': 0.12739163147983662, 'sigma_boundary': 3.2088987584504984, 'alpha': 0.0}. Best is trial 163 with value: 0.01931864345449214.
[I 2026-03-20 01:58:08,841] Trial 164 finished with value: 0.02236814787777624 and parameters: {'sigma_noise': 0.06072384861636507, 'A_repulsion': 0.15361748168940556, 'gamma': 0.6223597945245779, 'sigma_update': 0.40396849395493506, 'eta_learning': 0.11170616529911724, 'sigma_boundary': 2.792230436418501, 'alpha': 0.0}. Best is trial 163 with value: 0.01931864345449214.
[I 2026-03-20 01:58:09,062] Trial 165 finished with value: 0.020991066997510008 and parameters: {'sigma_noise': 0.06136951727671151, 'A_repulsion': 0.06627266011959118, 'gamma': 0.6364916416282996, 'sigma_update': 0.16853413423981672, 'eta_learning': 0.11577610998877214, 'sigma_boundary': 3.1740984938391663, 'alpha': 0.0}. Best is trial 163 with value: 0.01931864345449214.
[I 2026-03-20 01:58:20,056] Trial 166 finished with value: 0.020018728515613756 and parameters: {'sigma_noise': 0.058382754653706424, 'A_repulsion': 0.15204817160483883, 'gamma': 0.45788604929239335, 'sigma_update': 0.4168428008094201, 'eta_learning': 0.1314697717870087, 'sigma_boundary': 3.2530108330742906, 'alpha': 0.0}. Best is trial 163 with value: 0.01931864345449214.
[I 2026-03-20 01:58:24,805] Trial 169 finished with value: 0.022149231043792246 and parameters: {'sigma_noise': 0.05976480622248146, 'A_repulsion': 0.06325670182967875, 'gamma': 0.45732798610984743, 'sigma_update': 0.17237822412151482, 'eta_learning': 0.10404905136048724, 'sigma_boundary': 3.2411290069421, 'alpha': 0.0}. Best is trial 163 with value: 0.01931864345449214.
[I 2026-03-20 01:58:25,939] Trial 170 finished with value: 0.0217023141693398 and parameters: {'sigma_noise': 0.058995741630602616, 'A_repulsion': 0.03310145724022255, 'gamma': 0.6442843869496464, 'sigma_update': 0.1679986163083184, 'eta_learning': 0.1229579893094039, 'sigma_boundary': 3.281167893187865, 'alpha': 0.0}. Best is trial 163 with value: 0.01931864345449214.
[I 2026-03-20 01:58:29,026] Trial 168 finished with value: 0.02145083725298237 and parameters: {'sigma_noise': 0.05429809803957575, 'A_repulsion': 0.1514324600786273, 'gamma': 0.6591890708480197, 'sigma_update': 0.18741832127832153, 'eta_learning': 0.11082559496759337, 'sigma_boundary': 3.2051847652886125, 'alpha': 0.0}. Best is trial 163 with value: 0.01931864345449214.
[I 2026-03-20 01:58:31,818] Trial 167 finished with value: 0.021028963807118564 and parameters: {'sigma_noise': 0.05947650083398713, 'A_repulsion': 0.14858128513940158, 'gamma': 0.6383109667995714, 'sigma_update': 0.18577491171520988, 'eta_learning': 0.11428010510923668, 'sigma_boundary': 3.1010936635513735, 'alpha': 0.0}. Best is trial 163 with value: 0.01931864345449214.
[I 2026-03-20 01:58:32,334] Trial 171 finished with value: 0.023753420479044808 and parameters: {'sigma_noise': 0.06093885033612428, 'A_repulsion': 0.040699400711535924, 'gamma': 0.4562510995829657, 'sigma_update': 0.16462777388214472, 'eta_learning': 0.09103456227750095, 'sigma_boundary': 3.3296597661529512, 'alpha': 0.0}. Best is trial 163 with value: 0.01931864345449214.
[I 2026-03-20 01:58:43,572] Trial 172 finished with value: 0.022289739716700382 and parameters: {'sigma_noise': 0.05908437161899632, 'A_repulsion': 0.03550495609057976, 'gamma': 0.4549584544558762, 'sigma_update': 0.441200253025238, 'eta_learning': 0.11106077395429238, 'sigma_boundary': 3.282430565529828, 'alpha': 0.0}. Best is trial 163 with value: 0.01931864345449214.
[I 2026-03-20 01:58:54,993] Trial 173 finished with value: 0.02107491998636761 and parameters: {'sigma_noise': 0.0602347246493125, 'A_repulsion': 0.031865319954314096, 'gamma': 0.6880248388878892, 'sigma_update': 0.5699874024820402, 'eta_learning': 0.11726687149820039, 'sigma_boundary': 3.3267970303253556, 'alpha': 0.0}. Best is trial 163 with value: 0.01931864345449214.
[I 2026-03-20 01:59:03,814] Trial 174 finished with value: 0.02227210455950857 and parameters: {'sigma_noise': 0.06086783714070443, 'A_repulsion': 0.09414921919537568, 'gamma': 0.46205023366661324, 'sigma_update': 0.18213445399665626, 'eta_learning': 0.10241893798553517, 'sigma_boundary': 3.410415297520768, 'alpha': 0.0}. Best is trial 163 with value: 0.01931864345449214.
