/nfs/nhome/live/apourdehghan/Hybrid_hpc_utils.py:56: DtypeWarning: Columns (16) have mixed types. Specify dtype option on import or set low_memory=False.
  data = pd.read_csv(data_path)
[I 2026-03-20 01:31:29,685] A new study created in memory with name: no-name-40ad3d96-ace9-4b6c-9d74-c9d04efe552a
[I 2026-03-20 01:34:13,292] Trial 17 finished with value: 0.2088082734270893 and parameters: {'sigma_noise': 0.06966986853482703, 'A_repulsion': 0.14033042149140695, 'gamma': 0.9300894472321778, 'sigma_update': 0.2156785001194899, 'eta_learning': 1.0063025098779232, 'sigma_boundary': 9.63326553065403, 'alpha': 0.0}. Best is trial 17 with value: 0.2088082734270893.
[I 2026-03-20 01:34:16,658] Trial 1 finished with value: 0.3349622004303543 and parameters: {'sigma_noise': 0.059900730258491124, 'A_repulsion': 0.15694005861227928, 'gamma': 0.6126241534281232, 'sigma_update': 0.3556655684492072, 'eta_learning': 2.1873735721490957, 'sigma_boundary': 2.118815990293006, 'alpha': 0.0}. Best is trial 17 with value: 0.2088082734270893.
[I 2026-03-20 01:34:26,627] Trial 4 finished with value: 0.1652443821152345 and parameters: {'sigma_noise': 0.18225582987659078, 'A_repulsion': 0.04727103079150119, 'gamma': 0.571292476082726, 'sigma_update': 0.3782249224089516, 'eta_learning': 0.3871331467929869, 'sigma_boundary': 9.361515602414908, 'alpha': 0.0}. Best is trial 4 with value: 0.1652443821152345.
[I 2026-03-20 01:34:47,836] Trial 15 finished with value: 0.5223132776452334 and parameters: {'sigma_noise': 0.17649062637515145, 'A_repulsion': 0.0847114434624649, 'gamma': 0.21587293133657748, 'sigma_update': 0.4754493634772919, 'eta_learning': 1.3766280542245377, 'sigma_boundary': 3.09992290469899, 'alpha': 0.0}. Best is trial 4 with value: 0.1652443821152345.
[I 2026-03-20 01:34:51,220] Trial 10 finished with value: 0.5595969442332023 and parameters: {'sigma_noise': 0.21163153246838323, 'A_repulsion': 0.07024017296275659, 'gamma': 0.7792092448286225, 'sigma_update': 0.4225440089784404, 'eta_learning': 0.9533055199765793, 'sigma_boundary': 3.6330581574904817, 'alpha': 0.0}. Best is trial 4 with value: 0.1652443821152345.
[I 2026-03-20 01:35:07,297] Trial 21 finished with value: 0.6417567313597352 and parameters: {'sigma_noise': 0.11011093789511844, 'A_repulsion': 0.34722131082816676, 'gamma': 0.10383336557972693, 'sigma_update': 0.6475536305066962, 'eta_learning': 1.189659493514101, 'sigma_boundary': 2.2511585352745414, 'alpha': 0.0}. Best is trial 4 with value: 0.1652443821152345.
[I 2026-03-20 01:35:10,307] Trial 3 finished with value: 0.7005623378509399 and parameters: {'sigma_noise': 0.29492673486209453, 'A_repulsion': 0.08520738022652397, 'gamma': 0.5752478695762646, 'sigma_update': 0.3261464160511651, 'eta_learning': 1.9987514243927114, 'sigma_boundary': 3.0074493796583033, 'alpha': 0.0}. Best is trial 4 with value: 0.1652443821152345.
[I 2026-03-20 01:35:17,929] Trial 7 finished with value: 0.6539458528489834 and parameters: {'sigma_noise': 0.09756098301555403, 'A_repulsion': 0.44602560160512245, 'gamma': 0.09305574649703839, 'sigma_update': 0.19931298886522525, 'eta_learning': 2.3395674100979735, 'sigma_boundary': 9.03587856577546, 'alpha': 0.0}. Best is trial 4 with value: 0.1652443821152345.
[I 2026-03-20 01:35:18,300] Trial 22 finished with value: 0.6780000025128246 and parameters: {'sigma_noise': 0.2663284198164077, 'A_repulsion': 0.075087661683086, 'gamma': 0.7477355756811972, 'sigma_update': 0.1907882479026658, 'eta_learning': 2.9463100608877792, 'sigma_boundary': 9.770287359816967, 'alpha': 0.0}. Best is trial 4 with value: 0.1652443821152345.
[I 2026-03-20 01:35:22,692] Trial 6 finished with value: 0.6782216191625678 and parameters: {'sigma_noise': 0.16472314780323244, 'A_repulsion': 0.343948663927758, 'gamma': 0.09133504294503292, 'sigma_update': 0.5267969222838308, 'eta_learning': 1.4297118486534777, 'sigma_boundary': 5.26810643945848, 'alpha': 0.0}. Best is trial 4 with value: 0.1652443821152345.
[I 2026-03-20 01:35:23,343] Trial 12 finished with value: 0.40078824968533056 and parameters: {'sigma_noise': 0.21950027225587654, 'A_repulsion': 0.17172188684724715, 'gamma': 0.1808229832985933, 'sigma_update': 0.37312767009872366, 'eta_learning': 0.32259166845088755, 'sigma_boundary': 2.608364416822139, 'alpha': 0.0}. Best is trial 4 with value: 0.1652443821152345.
[I 2026-03-20 01:35:24,705] Trial 20 finished with value: 0.6724745669400081 and parameters: {'sigma_noise': 0.29855159699693046, 'A_repulsion': 0.12918930364072445, 'gamma': 0.5610791623657453, 'sigma_update': 0.44953571080718324, 'eta_learning': 2.30082448958863, 'sigma_boundary': 2.0034655647942774, 'alpha': 0.0}. Best is trial 4 with value: 0.1652443821152345.
[I 2026-03-20 01:35:34,623] Trial 16 finished with value: 0.6939182622841208 and parameters: {'sigma_noise': 0.2140697324233553, 'A_repulsion': 0.2705219617881403, 'gamma': 0.13994563229643386, 'sigma_update': 0.4071656212047053, 'eta_learning': 1.9117498560537003, 'sigma_boundary': 5.423996780063914, 'alpha': 0.0}. Best is trial 4 with value: 0.1652443821152345.
[I 2026-03-20 01:35:44,539] Trial 5 finished with value: 0.678852232476572 and parameters: {'sigma_noise': 0.3667392004973808, 'A_repulsion': 0.10137386691017375, 'gamma': 0.17712784552944763, 'sigma_update': 0.2799095096715174, 'eta_learning': 1.9470883273880846, 'sigma_boundary': 6.917172290357081, 'alpha': 0.0}. Best is trial 4 with value: 0.1652443821152345.
[I 2026-03-20 01:35:48,495] Trial 8 finished with value: 0.05196580583288231 and parameters: {'sigma_noise': 0.25632431354219865, 'A_repulsion': 0.27581877343342587, 'gamma': 0.8854186679333276, 'sigma_update': 0.5150783207840938, 'eta_learning': 0.040287055666162204, 'sigma_boundary': 4.628147527678917, 'alpha': 0.0}. Best is trial 8 with value: 0.05196580583288231.
[I 2026-03-20 01:35:52,997] Trial 14 finished with value: 0.6985817812279708 and parameters: {'sigma_noise': 0.18688746869022826, 'A_repulsion': 0.43068896937462464, 'gamma': 0.09950295364912257, 'sigma_update': 0.4408534046936523, 'eta_learning': 2.8020782010267973, 'sigma_boundary': 4.136091378448882, 'alpha': 0.0}. Best is trial 8 with value: 0.05196580583288231.
[I 2026-03-20 01:35:54,340] Trial 19 finished with value: 0.69776827377522 and parameters: {'sigma_noise': 0.25685830686353295, 'A_repulsion': 0.2941097153435006, 'gamma': 0.7163027151289143, 'sigma_update': 0.47683577384858333, 'eta_learning': 1.5950702781522326, 'sigma_boundary': 7.532341307666028, 'alpha': 0.0}. Best is trial 8 with value: 0.05196580583288231.
[I 2026-03-20 01:36:14,034] Trial 2 finished with value: 0.06764661665985634 and parameters: {'sigma_noise': 0.2703949703912335, 'A_repulsion': 0.3312201024820017, 'gamma': 0.5241683710922712, 'sigma_update': 0.6328403789711543, 'eta_learning': 0.05688130354410323, 'sigma_boundary': 5.304197824207965, 'alpha': 0.0}. Best is trial 8 with value: 0.05196580583288231.
[I 2026-03-20 01:36:29,582] Trial 11 finished with value: 0.6988645386142074 and parameters: {'sigma_noise': 0.3156903966765815, 'A_repulsion': 0.332127113188188, 'gamma': 0.45624501456473504, 'sigma_update': 0.18602619811103188, 'eta_learning': 1.8071151269326688, 'sigma_boundary': 8.24775579047754, 'alpha': 0.0}. Best is trial 8 with value: 0.05196580583288231.
[I 2026-03-20 01:36:49,367] Trial 9 finished with value: 0.6988645386142074 and parameters: {'sigma_noise': 0.39923695818980026, 'A_repulsion': 0.29934657887769206, 'gamma': 0.6566094037934599, 'sigma_update': 0.5842699235229112, 'eta_learning': 2.219262891761602, 'sigma_boundary': 7.295143208607879, 'alpha': 0.0}. Best is trial 8 with value: 0.05196580583288231.
[I 2026-03-20 01:36:50,358] Trial 23 finished with value: 0.6988645386142074 and parameters: {'sigma_noise': 0.31266106429668183, 'A_repulsion': 0.4190672510540787, 'gamma': 0.9057509472525302, 'sigma_update': 0.49813048249708125, 'eta_learning': 1.1375053424827672, 'sigma_boundary': 6.7061341592779415, 'alpha': 0.0}. Best is trial 8 with value: 0.05196580583288231.
[I 2026-03-20 01:37:13,688] Trial 0 finished with value: 0.6988645386142074 and parameters: {'sigma_noise': 0.37314935651006004, 'A_repulsion': 0.40405371218537056, 'gamma': 0.9950555556879208, 'sigma_update': 0.21498823991305335, 'eta_learning': 0.8815075105733452, 'sigma_boundary': 8.196019835901145, 'alpha': 0.0}. Best is trial 8 with value: 0.05196580583288231.
[I 2026-03-20 01:37:13,905] Trial 18 finished with value: 0.6988645386142074 and parameters: {'sigma_noise': 0.38792112226249564, 'A_repulsion': 0.38133595734556813, 'gamma': 0.781593106896331, 'sigma_update': 0.6401308068209314, 'eta_learning': 2.302419332481012, 'sigma_boundary': 2.602319822531708, 'alpha': 0.0}. Best is trial 8 with value: 0.05196580583288231.
[I 2026-03-20 01:38:05,613] Trial 13 finished with value: 0.6988645386142074 and parameters: {'sigma_noise': 0.4412247018479866, 'A_repulsion': 0.48117500161688503, 'gamma': 0.5331556830237276, 'sigma_update': 0.673022374358521, 'eta_learning': 1.3188878559971884, 'sigma_boundary': 8.51911317388737, 'alpha': 0.0}. Best is trial 8 with value: 0.05196580583288231.
[I 2026-03-20 01:38:35,113] Trial 27 finished with value: 0.6918238514296376 and parameters: {'sigma_noise': 0.1538081485291773, 'A_repulsion': 0.29512558508693976, 'gamma': 0.9993493508896301, 'sigma_update': 0.4236329647980484, 'eta_learning': 0.8437883260471686, 'sigma_boundary': 5.826116048575315, 'alpha': 0.0}. Best is trial 8 with value: 0.05196580583288231.
[I 2026-03-20 01:38:43,803] Trial 37 finished with value: 0.026744812520633973 and parameters: {'sigma_noise': 0.140930247635962, 'A_repulsion': 0.012403635229938204, 'gamma': 0.9812866319334712, 'sigma_update': 0.026618860424498486, 'eta_learning': 0.18804813393617803, 'sigma_boundary': 8.089121591020387, 'alpha': 0.0}. Best is trial 37 with value: 0.026744812520633973.
[I 2026-03-20 01:38:48,021] Trial 31 finished with value: 0.5676699489036421 and parameters: {'sigma_noise': 0.05722191556802994, 'A_repulsion': 0.4528689272645579, 'gamma': 0.6586954675685438, 'sigma_update': 0.4540926717168175, 'eta_learning': 2.0577891564223654, 'sigma_boundary': 3.9300790727628514, 'alpha': 0.0}. Best is trial 37 with value: 0.026744812520633973.
[I 2026-03-20 01:38:48,341] Trial 32 finished with value: 0.5755156165208091 and parameters: {'sigma_noise': 0.06401354093642678, 'A_repulsion': 0.46643477964383706, 'gamma': 0.11808487911429325, 'sigma_update': 0.5678530913497216, 'eta_learning': 1.4409280656389412, 'sigma_boundary': 6.177090438689118, 'alpha': 0.0}. Best is trial 37 with value: 0.026744812520633973.
[I 2026-03-20 01:38:50,062] Trial 24 finished with value: 0.6775032501646975 and parameters: {'sigma_noise': 0.33307794573593913, 'A_repulsion': 0.14286748836271446, 'gamma': 0.24426617220097716, 'sigma_update': 0.08943590692477417, 'eta_learning': 0.4596694490518303, 'sigma_boundary': 9.764787942956875, 'alpha': 0.0}. Best is trial 37 with value: 0.026744812520633973.
[I 2026-03-20 01:39:00,037] Trial 28 finished with value: 0.6705235992815612 and parameters: {'sigma_noise': 0.39447794271370756, 'A_repulsion': 0.058515118907896735, 'gamma': 0.6991477546654599, 'sigma_update': 0.5684591269082467, 'eta_learning': 1.1845741142189816, 'sigma_boundary': 9.159170428890079, 'alpha': 0.0}. Best is trial 37 with value: 0.026744812520633973.
[I 2026-03-20 01:39:15,343] Trial 30 finished with value: 0.6961002293182628 and parameters: {'sigma_noise': 0.2193452572103184, 'A_repulsion': 0.24234988718818684, 'gamma': 0.42335322017184296, 'sigma_update': 0.08831618069975992, 'eta_learning': 2.7071215876856396, 'sigma_boundary': 0.9081779067658098, 'alpha': 0.0}. Best is trial 37 with value: 0.026744812520633973.
[I 2026-03-20 01:39:24,001] Trial 34 finished with value: 0.11986313910954408 and parameters: {'sigma_noise': 0.4001453088712432, 'A_repulsion': 0.014069051113787374, 'gamma': 0.9956134812138484, 'sigma_update': 0.02609068323712388, 'eta_learning': 0.10435691802795327, 'sigma_boundary': 7.799385998388158, 'alpha': 0.0}. Best is trial 37 with value: 0.026744812520633973.
[I 2026-03-20 01:39:24,219] Trial 29 finished with value: 0.09423494477372642 and parameters: {'sigma_noise': 0.16585803042456906, 'A_repulsion': 0.49306521387798796, 'gamma': 0.882840327899298, 'sigma_update': 0.6994477927066938, 'eta_learning': 0.13009149840523507, 'sigma_boundary': 8.203344049195415, 'alpha': 0.0}. Best is trial 37 with value: 0.026744812520633973.
[I 2026-03-20 01:39:32,993] Trial 35 finished with value: 0.07511427983788899 and parameters: {'sigma_noise': 0.4077268725596962, 'A_repulsion': 0.0011910381068757497, 'gamma': 0.9654717074850381, 'sigma_update': 0.029533566253316212, 'eta_learning': 0.05885102199008363, 'sigma_boundary': 7.663859993499738, 'alpha': 0.0}. Best is trial 37 with value: 0.026744812520633973.
[I 2026-03-20 01:39:37,654] Trial 36 finished with value: 0.2342414005527821 and parameters: {'sigma_noise': 0.356962467409603, 'A_repulsion': 0.022618538477007268, 'gamma': 0.9984900979909883, 'sigma_update': 0.04591273553387498, 'eta_learning': 0.2328844511006153, 'sigma_boundary': 7.75689620281079, 'alpha': 0.0}. Best is trial 37 with value: 0.026744812520633973.
[I 2026-03-20 01:39:46,351] Trial 44 finished with value: 0.30524882538357545 and parameters: {'sigma_noise': 0.13342146640682567, 'A_repulsion': 0.00877366640724625, 'gamma': 0.3999993854330075, 'sigma_update': 0.047338553129134486, 'eta_learning': 0.035455246917307434, 'sigma_boundary': 0.37413041135042047, 'alpha': 0.0}. Best is trial 37 with value: 0.026744812520633973.
[I 2026-03-20 01:39:50,492] Trial 38 finished with value: 0.1758145533839533 and parameters: {'sigma_noise': 0.40501926773343166, 'A_repulsion': 0.0045075835851178525, 'gamma': 0.33486715990308297, 'sigma_update': 0.5869668599324029, 'eta_learning': 0.034570396208007226, 'sigma_boundary': 0.547836947031568, 'alpha': 0.0}. Best is trial 37 with value: 0.026744812520633973.
[I 2026-03-20 01:40:09,026] Trial 25 finished with value: 0.6988645386142074 and parameters: {'sigma_noise': 0.33870054905455216, 'A_repulsion': 0.48418490456358126, 'gamma': 0.6179363115766182, 'sigma_update': 0.6143304135636777, 'eta_learning': 0.5314741093825828, 'sigma_boundary': 3.2640848152824797, 'alpha': 0.0}. Best is trial 37 with value: 0.026744812520633973.
[I 2026-03-20 01:40:15,756] Trial 46 finished with value: 0.12059649882961992 and parameters: {'sigma_noise': 0.14837497381587733, 'A_repulsion': 0.00023654468224348912, 'gamma': 0.435548135539586, 'sigma_update': 0.020515811349098023, 'eta_learning': 0.014828549422854387, 'sigma_boundary': 0.20473239590371684, 'alpha': 0.0}. Best is trial 37 with value: 0.026744812520633973.
[I 2026-03-20 01:40:17,400] Trial 39 finished with value: 0.130671333619906 and parameters: {'sigma_noise': 0.4445267214029084, 'A_repulsion': 0.00798232220203729, 'gamma': 0.3716072695047862, 'sigma_update': 0.049799693209582774, 'eta_learning': 0.09155332766022081, 'sigma_boundary': 7.531313980944187, 'alpha': 0.0}. Best is trial 37 with value: 0.026744812520633973.
[I 2026-03-20 01:40:41,189] Trial 26 finished with value: 0.6988645386142074 and parameters: {'sigma_noise': 0.3399562862122309, 'A_repulsion': 0.47960686746375353, 'gamma': 0.9066528402299797, 'sigma_update': 0.0841563997006264, 'eta_learning': 0.8796576025944282, 'sigma_boundary': 7.870981366825591, 'alpha': 0.0}. Best is trial 37 with value: 0.026744812520633973.
[I 2026-03-20 01:40:53,403] Trial 45 finished with value: 0.35271341762476593 and parameters: {'sigma_noise': 0.14605378461780164, 'A_repulsion': 0.2039906029194034, 'gamma': 0.40374059120564665, 'sigma_update': 0.030342664149488496, 'eta_learning': 0.08435815510244214, 'sigma_boundary': 0.20134925437277928, 'alpha': 0.0}. Best is trial 37 with value: 0.026744812520633973.
[I 2026-03-20 01:40:59,183] Trial 33 finished with value: 0.2029462691259348 and parameters: {'sigma_noise': 0.4020608849435793, 'A_repulsion': 0.252401930087241, 'gamma': 0.4079402515761929, 'sigma_update': 0.02180020355170481, 'eta_learning': 0.09228022745018127, 'sigma_boundary': 7.095347728552216, 'alpha': 0.0}. Best is trial 37 with value: 0.026744812520633973.
[I 2026-03-20 01:41:08,761] Trial 47 finished with value: 0.22991602135334002 and parameters: {'sigma_noise': 0.1485505686388834, 'A_repulsion': 0.021250328052632855, 'gamma': 0.33756674944181986, 'sigma_update': 0.045301347513011736, 'eta_learning': 0.01632157536459724, 'sigma_boundary': 0.2781664618715034, 'alpha': 0.0}. Best is trial 37 with value: 0.026744812520633973.
[I 2026-03-20 01:41:10,646] Trial 40 finished with value: 0.12664646037869487 and parameters: {'sigma_noise': 0.4443071996948006, 'A_repulsion': 0.2189156918677006, 'gamma': 0.39230711743018337, 'sigma_update': 0.6203981916526353, 'eta_learning': 0.04634205354061364, 'sigma_boundary': 6.75436171996686, 'alpha': 0.0}. Best is trial 37 with value: 0.026744812520633973.
[I 2026-03-20 01:41:25,086] Trial 48 finished with value: 0.08557995455176158 and parameters: {'sigma_noise': 0.1336365711187124, 'A_repulsion': 0.004398352148811735, 'gamma': 0.43551964769957224, 'sigma_update': 0.08364434459792802, 'eta_learning': 0.02505128875827245, 'sigma_boundary': 1.2636126690977405, 'alpha': 0.0}. Best is trial 37 with value: 0.026744812520633973.
[I 2026-03-20 01:41:34,143] Trial 49 finished with value: 0.16869172530593252 and parameters: {'sigma_noise': 0.12384550146252982, 'A_repulsion': 0.00010985261359765762, 'gamma': 0.3066670353582849, 'sigma_update': 0.0328053594107275, 'eta_learning': 0.040502718733883905, 'sigma_boundary': 0.6400754872221706, 'alpha': 0.0}. Best is trial 37 with value: 0.026744812520633973.
[I 2026-03-20 01:41:47,011] Trial 41 finished with value: 0.28640312668477125 and parameters: {'sigma_noise': 0.4233658934142801, 'A_repulsion': 0.20727924852888935, 'gamma': 0.3353614087073433, 'sigma_update': 0.04980819790472535, 'eta_learning': 0.06141886251990182, 'sigma_boundary': 0.35294854572192413, 'alpha': 0.0}. Best is trial 37 with value: 0.026744812520633973.
[I 2026-03-20 01:41:55,816] Trial 43 finished with value: 0.2584485421958541 and parameters: {'sigma_noise': 0.3555005603737605, 'A_repulsion': 0.21438926226314892, 'gamma': 0.4252564459758249, 'sigma_update': 0.04294383281753672, 'eta_learning': 0.14010795256859088, 'sigma_boundary': 6.347482905915854, 'alpha': 0.0}. Best is trial 37 with value: 0.026744812520633973.
[I 2026-03-20 01:42:12,961] Trial 52 finished with value: 0.04976544993380433 and parameters: {'sigma_noise': 0.1273673438485125, 'A_repulsion': 0.22982120051373756, 'gamma': 0.422213801698845, 'sigma_update': 0.10992897376589925, 'eta_learning': 0.12612145253097254, 'sigma_boundary': 0.7828518395660273, 'alpha': 0.0}. Best is trial 37 with value: 0.026744812520633973.
[I 2026-03-20 01:42:13,057] Trial 51 finished with value: 0.051228577078029566 and parameters: {'sigma_noise': 0.135777745237038, 'A_repulsion': 0.21895049347485768, 'gamma': 0.40567059345244105, 'sigma_update': 0.6050622981988645, 'eta_learning': 0.02134246112081043, 'sigma_boundary': 4.621305464796902, 'alpha': 0.0}. Best is trial 37 with value: 0.026744812520633973.
[I 2026-03-20 01:42:17,153] Trial 53 finished with value: 0.33953050564997544 and parameters: {'sigma_noise': 0.1323514094173166, 'A_repulsion': 0.2028359858453405, 'gamma': 0.8757393722698719, 'sigma_update': 0.1233514562033386, 'eta_learning': 0.06150457197723727, 'sigma_boundary': 0.26347290394295086, 'alpha': 0.0}. Best is trial 37 with value: 0.026744812520633973.
[I 2026-03-20 01:42:17,616] Trial 55 finished with value: 0.024899481455343923 and parameters: {'sigma_noise': 0.12867279878172766, 'A_repulsion': 0.013039129166321927, 'gamma': 0.8648851137652971, 'sigma_update': 0.036836001975737664, 'eta_learning': 0.051026801688428124, 'sigma_boundary': 4.89704273452156, 'alpha': 0.0}. Best is trial 55 with value: 0.024899481455343923.
[I 2026-03-20 01:42:21,342] Trial 42 finished with value: 0.5170024130554456 and parameters: {'sigma_noise': 0.43560850436131304, 'A_repulsion': 0.2137039530641658, 'gamma': 0.4253671563741525, 'sigma_update': 0.036551797401163266, 'eta_learning': 0.14229545089111104, 'sigma_boundary': 0.898862486729259, 'alpha': 0.0}. Best is trial 55 with value: 0.024899481455343923.
[I 2026-03-20 01:42:24,344] Trial 50 finished with value: 0.07095493165584411 and parameters: {'sigma_noise': 0.13222741854969766, 'A_repulsion': 0.21747823788188048, 'gamma': 0.43054926306494345, 'sigma_update': 0.011600087018655638, 'eta_learning': 0.02683152100264323, 'sigma_boundary': 1.1562329998326994, 'alpha': 0.0}. Best is trial 55 with value: 0.024899481455343923.
[I 2026-03-20 01:42:48,045] Trial 56 finished with value: 0.03125550878327118 and parameters: {'sigma_noise': 0.1351987325758308, 'A_repulsion': 0.2218917577000446, 'gamma': 0.8433262362238114, 'sigma_update': 0.6877102602062765, 'eta_learning': 0.12373330959287385, 'sigma_boundary': 4.597027998000088, 'alpha': 0.0}. Best is trial 55 with value: 0.024899481455343923.
[I 2026-03-20 01:43:19,345] Trial 57 finished with value: 0.44304551831350525 and parameters: {'sigma_noise': 0.13432353759349897, 'A_repulsion': 0.21368893637125352, 'gamma': 0.8536290770905752, 'sigma_update': 0.014892098627693324, 'eta_learning': 0.6300281608271132, 'sigma_boundary': 4.511163447246849, 'alpha': 0.0}. Best is trial 55 with value: 0.024899481455343923.
[I 2026-03-20 01:43:20,491] Trial 54 finished with value: 0.04742163262196887 and parameters: {'sigma_noise': 0.2736787344557952, 'A_repulsion': 0.20918719893339638, 'gamma': 0.8664694104831484, 'sigma_update': 0.6954139713749214, 'eta_learning': 0.03801301160904094, 'sigma_boundary': 7.583336730305448, 'alpha': 0.0}. Best is trial 55 with value: 0.024899481455343923.
