[I 2026-03-20 01:59:04,943] Trial 175 finished with value: 0.022461590388507553 and parameters: {'sigma_noise': 0.059563520844212216, 'A_repulsion': 0.02620544228845017, 'gamma': 0.45795667291544556, 'sigma_update': 0.18643468280094233, 'eta_learning': 0.10879915857961023, 'sigma_boundary': 3.418592926812196, 'alpha': 0.0}. Best is trial 163 with value: 0.01931864345449214.
[I 2026-03-20 01:59:24,049] Trial 178 finished with value: 0.02163103462885856 and parameters: {'sigma_noise': 0.0576464990544573, 'A_repulsion': 0.03145826926219365, 'gamma': 0.7584848718962314, 'sigma_update': 0.4378153398131067, 'eta_learning': 0.11514061308395526, 'sigma_boundary': 3.3432590699525875, 'alpha': 0.0}. Best is trial 163 with value: 0.01931864345449214.
[I 2026-03-20 01:59:26,864] Trial 176 finished with value: 0.021398110996213547 and parameters: {'sigma_noise': 0.05748629542971197, 'A_repulsion': 0.03264585928768019, 'gamma': 0.5068725088903127, 'sigma_update': 0.20025892379173205, 'eta_learning': 0.12131975555240751, 'sigma_boundary': 3.3486573527202728, 'alpha': 0.0}. Best is trial 163 with value: 0.01931864345449214.
[I 2026-03-20 01:59:35,273] Trial 177 finished with value: 0.02203072522248343 and parameters: {'sigma_noise': 0.0763971488654456, 'A_repulsion': 0.024809011620993235, 'gamma': 0.4638513694230153, 'sigma_update': 0.4407319458394566, 'eta_learning': 0.11616266934726593, 'sigma_boundary': 2.1398485748222367, 'alpha': 0.0}. Best is trial 163 with value: 0.01931864345449214.
[I 2026-03-20 01:59:42,227] Trial 179 finished with value: 0.18402622740073085 and parameters: {'sigma_noise': 0.060160801046888215, 'A_repulsion': 0.03036441315748495, 'gamma': 0.6908516968247643, 'sigma_update': 0.17825257019121915, 'eta_learning': 1.7820966029394252, 'sigma_boundary': 3.392933726493002, 'alpha': 0.0}. Best is trial 163 with value: 0.01931864345449214.
[I 2026-03-20 01:59:48,153] Trial 182 finished with value: 0.026283961720223487 and parameters: {'sigma_noise': 0.05976478288382091, 'A_repulsion': 0.031225909590798864, 'gamma': 0.6417099855736845, 'sigma_update': 0.17107958735289935, 'eta_learning': 0.09167777380018954, 'sigma_boundary': 2.3654489408868686, 'alpha': 0.0}. Best is trial 163 with value: 0.01931864345449214.
[I 2026-03-20 01:59:55,868] Trial 183 finished with value: 0.02491416837515116 and parameters: {'sigma_noise': 0.06073428193181828, 'A_repulsion': 0.030227381783858847, 'gamma': 0.692572976267581, 'sigma_update': 0.1655610996334536, 'eta_learning': 0.09981034980183635, 'sigma_boundary': 2.54067108109522, 'alpha': 0.0}. Best is trial 163 with value: 0.01931864345449214.
[I 2026-03-20 02:00:03,621] Trial 181 finished with value: 0.021998559179574412 and parameters: {'sigma_noise': 0.07598069904505865, 'A_repulsion': 0.11209018657589345, 'gamma': 0.7093049390203504, 'sigma_update': 0.17654928238958623, 'eta_learning': 0.11129576816568704, 'sigma_boundary': 2.342093207508241, 'alpha': 0.0}. Best is trial 163 with value: 0.01931864345449214.
[I 2026-03-20 02:00:05,273] Trial 180 finished with value: 0.02187583467173053 and parameters: {'sigma_noise': 0.06091797374854372, 'A_repulsion': 0.15685230720805454, 'gamma': 0.6974386527337535, 'sigma_update': 0.2008218920269558, 'eta_learning': 0.11743594404564295, 'sigma_boundary': 2.3396511064581773, 'alpha': 0.0}. Best is trial 163 with value: 0.01931864345449214.
[I 2026-03-20 02:00:06,736] Trial 184 finished with value: 0.02325479447672772 and parameters: {'sigma_noise': 0.05921696911452103, 'A_repulsion': 0.02015986968245321, 'gamma': 0.7015642286112888, 'sigma_update': 0.1712936850463431, 'eta_learning': 0.10340047632084093, 'sigma_boundary': 3.3944381479272794, 'alpha': 0.0}. Best is trial 163 with value: 0.01931864345449214.
[I 2026-03-20 02:00:10,148] Trial 185 finished with value: 0.023279362803985418 and parameters: {'sigma_noise': 0.05930868562324496, 'A_repulsion': 0.0372682896307, 'gamma': 0.6928089784931482, 'sigma_update': 0.1716616579673298, 'eta_learning': 0.10886096386279531, 'sigma_boundary': 2.6211960128116005, 'alpha': 0.0}. Best is trial 163 with value: 0.01931864345449214.
[I 2026-03-20 02:00:24,270] Trial 186 finished with value: 0.023339615320686905 and parameters: {'sigma_noise': 0.06100607873599323, 'A_repulsion': 0.057751188854485526, 'gamma': 0.6830640715427719, 'sigma_update': 0.16190397656469088, 'eta_learning': 0.10436014862246995, 'sigma_boundary': 2.411422957489309, 'alpha': 0.0}. Best is trial 163 with value: 0.01931864345449214.
[I 2026-03-20 02:00:30,088] Trial 187 finished with value: 0.020118076483397772 and parameters: {'sigma_noise': 0.059939184248397316, 'A_repulsion': 0.16165239564286785, 'gamma': 0.6917682810907064, 'sigma_update': 0.17236016436354903, 'eta_learning': 0.12154995782727496, 'sigma_boundary': 3.4410755090013145, 'alpha': 0.0}. Best is trial 163 with value: 0.01931864345449214.
[I 2026-03-20 02:00:34,136] Trial 189 finished with value: 0.023134495208216286 and parameters: {'sigma_noise': 0.060213307430273824, 'A_repulsion': 0.15865171436926087, 'gamma': 0.6583026558141314, 'sigma_update': 0.18274898219710728, 'eta_learning': 0.10299794115968852, 'sigma_boundary': 2.343464194931923, 'alpha': 0.0}. Best is trial 163 with value: 0.01931864345449214.
[I 2026-03-20 02:00:36,745] Trial 192 finished with value: 0.021186306419804776 and parameters: {'sigma_noise': 0.07679378761272698, 'A_repulsion': 0.038509224732589165, 'gamma': 0.6831491722782144, 'sigma_update': 0.16682738543990158, 'eta_learning': 0.10905728625449818, 'sigma_boundary': 2.33436342563488, 'alpha': 0.0}. Best is trial 163 with value: 0.01931864345449214.
[I 2026-03-20 02:00:37,501] Trial 188 finished with value: 0.022279222582125745 and parameters: {'sigma_noise': 0.06033281928290609, 'A_repulsion': 0.15420067967498075, 'gamma': 0.6690546180817126, 'sigma_update': 0.1806952408141614, 'eta_learning': 0.10652641100231297, 'sigma_boundary': 2.193453955698213, 'alpha': 0.0}. Best is trial 163 with value: 0.01931864345449214.
[I 2026-03-20 02:00:41,711] Trial 190 finished with value: 0.022552308062071424 and parameters: {'sigma_noise': 0.07722519389766268, 'A_repulsion': 0.18939525231291973, 'gamma': 0.6555643454949361, 'sigma_update': 0.17133059957391028, 'eta_learning': 0.12443166228359805, 'sigma_boundary': 2.343715433783361, 'alpha': 0.0}. Best is trial 163 with value: 0.01931864345449214.
[I 2026-03-20 02:00:42,203] Trial 191 finished with value: 0.022682449116165185 and parameters: {'sigma_noise': 0.07620808141702506, 'A_repulsion': 0.159053711144072, 'gamma': 0.7039085399805486, 'sigma_update': 0.1662814811146665, 'eta_learning': 0.13248670423463563, 'sigma_boundary': 2.353975608503198, 'alpha': 0.0}. Best is trial 163 with value: 0.01931864345449214.
[I 2026-03-20 02:00:42,965] Trial 194 finished with value: 0.020230244774659803 and parameters: {'sigma_noise': 0.07667352524874241, 'A_repulsion': 0.07932333219726999, 'gamma': 0.6861847579520847, 'sigma_update': 0.182295867316003, 'eta_learning': 0.1297574397541643, 'sigma_boundary': 2.3820345568371435, 'alpha': 0.0}. Best is trial 163 with value: 0.01931864345449214.
[I 2026-03-20 02:00:43,566] Trial 193 finished with value: 0.025077724895001693 and parameters: {'sigma_noise': 0.0778603681182801, 'A_repulsion': 0.16522238337587075, 'gamma': 0.6777046210424089, 'sigma_update': 0.43759659203684625, 'eta_learning': 0.07818102788543281, 'sigma_boundary': 2.4119058155915654, 'alpha': 0.0}. Best is trial 163 with value: 0.01931864345449214.
[I 2026-03-20 02:00:44,428] Trial 195 finished with value: 0.022470173497201016 and parameters: {'sigma_noise': 0.07734041368807848, 'A_repulsion': 0.16235774025015035, 'gamma': 0.6896491068456901, 'sigma_update': 0.438609729220128, 'eta_learning': 0.13665972526933173, 'sigma_boundary': 2.3234775725060457, 'alpha': 0.0}. Best is trial 163 with value: 0.01931864345449214.
[I 2026-03-20 02:00:46,793] Trial 196 finished with value: 0.027325715208147975 and parameters: {'sigma_noise': 0.07878244184819855, 'A_repulsion': 0.15979499851203677, 'gamma': 0.687211011182724, 'sigma_update': 0.18389924981966196, 'eta_learning': 0.06227587488365567, 'sigma_boundary': 2.3259062865417817, 'alpha': 0.0}. Best is trial 163 with value: 0.01931864345449214.
[I 2026-03-20 02:00:48,131] Trial 197 finished with value: 0.043881573841972964 and parameters: {'sigma_noise': 0.0777823019265583, 'A_repulsion': 0.1615542846190038, 'gamma': 0.6627533256012607, 'sigma_update': 0.1882448018848089, 'eta_learning': 0.03414946120088223, 'sigma_boundary': 2.292142705311191, 'alpha': 0.0}. Best is trial 163 with value: 0.01931864345449214.
[I 2026-03-20 02:00:49,040] Trial 198 finished with value: 0.07077409005853143 and parameters: {'sigma_noise': 0.0763901465409886, 'A_repulsion': 0.16647971263488207, 'gamma': 0.6673928341587281, 'sigma_update': 0.197164490612465, 'eta_learning': 0.01849780272341353, 'sigma_boundary': 2.2635328587670562, 'alpha': 0.0}. Best is trial 163 with value: 0.01931864345449214.
[I 2026-03-20 02:00:49,237] Trial 199 finished with value: 0.0756097519442469 and parameters: {'sigma_noise': 0.07765980933162332, 'A_repulsion': 0.18928632135982548, 'gamma': 0.6913002114636995, 'sigma_update': 0.4744774500617607, 'eta_learning': 0.016537539946767765, 'sigma_boundary': 2.410266512142833, 'alpha': 0.0}. Best is trial 163 with value: 0.01931864345449214.
