[I 2026-03-06 01:24:44,638] Trial 169 finished with value: 0.05244567564653885 and parameters: {'sigma_noise': 0.23937456090662404, 'A_repulsion': 0.09361818357766571, 'gamma': 0.9443763772526386, 'sigma_update': 0.17543808777824216, 'eta_learning': 0.5603021684940981, 'sigma_boundary': 4.412349600550168, 'alpha': 0.8150570273816106}. Best is trial 134 with value: 0.040618897049596245.
[I 2026-03-06 01:25:01,182] Trial 170 finished with value: 0.053231374541076376 and parameters: {'sigma_noise': 0.2277850017739687, 'A_repulsion': 0.0943264809854577, 'gamma': 0.9472541731869916, 'sigma_update': 0.17423706650377654, 'eta_learning': 0.5704219213058228, 'sigma_boundary': 4.431617326905096, 'alpha': 0.8282208035879921}. Best is trial 134 with value: 0.040618897049596245.
[I 2026-03-06 01:25:18,389] Trial 172 finished with value: 0.05120170273697942 and parameters: {'sigma_noise': 0.24036431528819432, 'A_repulsion': 0.09183790381732365, 'gamma': 0.9036854546190011, 'sigma_update': 0.3866668325967118, 'eta_learning': 0.5870015437550162, 'sigma_boundary': 3.6912050280633975, 'alpha': 0.8217258957959401}. Best is trial 134 with value: 0.040618897049596245.
[I 2026-03-06 01:25:18,906] Trial 171 finished with value: 0.04438987987701434 and parameters: {'sigma_noise': 0.23262815982664128, 'A_repulsion': 0.09215852900050472, 'gamma': 0.9112152525509705, 'sigma_update': 0.38309209701083957, 'eta_learning': 0.5771698173795473, 'sigma_boundary': 4.578835361320371, 'alpha': 0.7565386589764008}. Best is trial 134 with value: 0.040618897049596245.
[I 2026-03-06 01:25:30,806] Trial 174 finished with value: 0.04492392945386547 and parameters: {'sigma_noise': 0.22934018329006609, 'A_repulsion': 0.09913161021993831, 'gamma': 0.9149054242377489, 'sigma_update': 0.39056024150724444, 'eta_learning': 0.5720361351467375, 'sigma_boundary': 4.414390562459144, 'alpha': 0.7628146789481848}. Best is trial 134 with value: 0.040618897049596245.
[I 2026-03-06 01:25:47,849] Trial 173 finished with value: 0.04888265328583906 and parameters: {'sigma_noise': 0.23079890741238818, 'A_repulsion': 0.09959960019507799, 'gamma': 0.9078290861375555, 'sigma_update': 0.342365863568469, 'eta_learning': 0.5751568585741492, 'sigma_boundary': 3.612414038822692, 'alpha': 0.7724455939980976}. Best is trial 134 with value: 0.040618897049596245.
[I 2026-03-06 01:25:49,145] Trial 175 finished with value: 0.05383912016656066 and parameters: {'sigma_noise': 0.2368615833821215, 'A_repulsion': 0.09497928100429137, 'gamma': 0.911427931687499, 'sigma_update': 0.39314948390318594, 'eta_learning': 0.5709954912671452, 'sigma_boundary': 4.446772189888312, 'alpha': 0.6843361498976073}. Best is trial 134 with value: 0.040618897049596245.
[I 2026-03-06 01:25:52,485] Trial 176 finished with value: 0.0519681918186987 and parameters: {'sigma_noise': 0.23045304983031814, 'A_repulsion': 0.09144717182419446, 'gamma': 0.9073684715075533, 'sigma_update': 0.3912027320593881, 'eta_learning': 0.37963445529940076, 'sigma_boundary': 4.473124845794458, 'alpha': 0.6776343070141959}. Best is trial 134 with value: 0.040618897049596245.
[I 2026-03-06 01:25:54,642] Trial 177 finished with value: 0.06752111787809018 and parameters: {'sigma_noise': 0.2357342663461629, 'A_repulsion': 0.08576086470883815, 'gamma': 0.8997856283056702, 'sigma_update': 0.39036882247016447, 'eta_learning': 0.5540553391286871, 'sigma_boundary': 4.520339940032817, 'alpha': 0.6819426400279999}. Best is trial 134 with value: 0.040618897049596245.
[I 2026-03-06 01:26:08,742] Trial 179 finished with value: 0.04703183555525077 and parameters: {'sigma_noise': 0.2308175775747313, 'A_repulsion': 0.10325966746224066, 'gamma': 0.917543836756138, 'sigma_update': 0.3837805841611668, 'eta_learning': 0.34297151801327574, 'sigma_boundary': 4.457969133442142, 'alpha': 0.6768370150567282}. Best is trial 134 with value: 0.040618897049596245.
[I 2026-03-06 01:26:14,736] Trial 178 finished with value: 0.04897688458230296 and parameters: {'sigma_noise': 0.22908184726093908, 'A_repulsion': 0.09625183570651437, 'gamma': 0.9070047868456278, 'sigma_update': 0.38529934592169995, 'eta_learning': 0.35508442071679436, 'sigma_boundary': 4.389754915419485, 'alpha': 0.8101734689233803}. Best is trial 134 with value: 0.040618897049596245.
[I 2026-03-06 01:26:16,844] Trial 180 finished with value: 0.050959913735035375 and parameters: {'sigma_noise': 0.23029409745110685, 'A_repulsion': 0.09379114514997214, 'gamma': 0.9088322542274121, 'sigma_update': 0.3924285565715413, 'eta_learning': 0.3618461924526125, 'sigma_boundary': 4.515838630107779, 'alpha': 0.6850021890169673}. Best is trial 134 with value: 0.040618897049596245.
[I 2026-03-06 01:26:23,246] Trial 181 finished with value: 0.05341235733632527 and parameters: {'sigma_noise': 0.2327347045031385, 'A_repulsion': 0.09068556667943832, 'gamma': 0.9085887010595083, 'sigma_update': 0.3914546781806376, 'eta_learning': 0.35520085196502127, 'sigma_boundary': 4.43222485652735, 'alpha': 0.6696275794858205}. Best is trial 134 with value: 0.040618897049596245.
[I 2026-03-06 01:26:33,435] Trial 182 finished with value: 0.04944428007441198 and parameters: {'sigma_noise': 0.22923657055032926, 'A_repulsion': 0.0923145297825782, 'gamma': 0.903937097156441, 'sigma_update': 0.3934840976071967, 'eta_learning': 0.33906994548283315, 'sigma_boundary': 4.445048454493312, 'alpha': 0.8055734784293596}. Best is trial 134 with value: 0.040618897049596245.
[I 2026-03-06 01:26:39,573] Trial 189 finished with value: 0.059781928392650244 and parameters: {'sigma_noise': 0.17788952955867476, 'A_repulsion': 0.10833617745479275, 'gamma': 0.9076908053316441, 'sigma_update': 0.3462644091465583, 'eta_learning': 0.3325036001155, 'sigma_boundary': 4.479007105088126, 'alpha': 0.8059034712021574}. Best is trial 134 with value: 0.040618897049596245.
[I 2026-03-06 01:26:43,841] Trial 183 finished with value: 0.050677633916829966 and parameters: {'sigma_noise': 0.23855325774871888, 'A_repulsion': 0.09049523071142457, 'gamma': 0.9009336165076036, 'sigma_update': 0.38769404381130607, 'eta_learning': 0.3500073498462269, 'sigma_boundary': 4.4180512544210435, 'alpha': 0.8111202065023114}. Best is trial 134 with value: 0.040618897049596245.
[I 2026-03-06 01:26:54,577] Trial 186 finished with value: 0.048984965753539535 and parameters: {'sigma_noise': 0.24475439734273863, 'A_repulsion': 0.09583209826021191, 'gamma': 0.9067244186461308, 'sigma_update': 0.3955151150177477, 'eta_learning': 0.2907643447123324, 'sigma_boundary': 4.479674848046487, 'alpha': 0.7779445799948945}. Best is trial 134 with value: 0.040618897049596245.
[I 2026-03-06 01:26:56,338] Trial 191 finished with value: 0.04547010759195564 and parameters: {'sigma_noise': 0.25433268129382686, 'A_repulsion': 0.05204128883995022, 'gamma': 0.9100537047132243, 'sigma_update': 0.39901589891671896, 'eta_learning': 0.393474339828855, 'sigma_boundary': 6.679425177043709, 'alpha': 0.80469984166326}. Best is trial 134 with value: 0.040618897049596245.
[I 2026-03-06 01:26:58,438] Trial 185 finished with value: 0.04897488406984373 and parameters: {'sigma_noise': 0.2426816643725586, 'A_repulsion': 0.08952748987924561, 'gamma': 0.9084169600941313, 'sigma_update': 0.3946903555069356, 'eta_learning': 0.3153316184593141, 'sigma_boundary': 6.393259726560688, 'alpha': 0.7874053849467814}. Best is trial 134 with value: 0.040618897049596245.
[I 2026-03-06 01:27:04,175] Trial 190 finished with value: 0.0496511379321192 and parameters: {'sigma_noise': 0.2537336553969502, 'A_repulsion': 0.053971618002521704, 'gamma': 0.8859295398540366, 'sigma_update': 0.34083064244965183, 'eta_learning': 0.38883873375308287, 'sigma_boundary': 4.435535741180968, 'alpha': 0.8050291917470048}. Best is trial 134 with value: 0.040618897049596245.
[I 2026-03-06 01:27:05,672] Trial 188 finished with value: 0.050355636720247635 and parameters: {'sigma_noise': 0.24474079591075265, 'A_repulsion': 0.09156922955134061, 'gamma': 0.9073934405119255, 'sigma_update': 0.3455776692444205, 'eta_learning': 0.31116475210486505, 'sigma_boundary': 4.456685367087783, 'alpha': 0.8028265833453415}. Best is trial 134 with value: 0.040618897049596245.
[I 2026-03-06 01:27:09,628] Trial 184 finished with value: 0.04971295562735608 and parameters: {'sigma_noise': 0.241661224396678, 'A_repulsion': 0.09515718298520186, 'gamma': 0.9096244911414623, 'sigma_update': 0.3448066147411906, 'eta_learning': 0.39919669138916314, 'sigma_boundary': 4.436019443425478, 'alpha': 0.8129822863077285}. Best is trial 134 with value: 0.040618897049596245.
[I 2026-03-06 01:27:13,401] Trial 192 finished with value: 0.04725175139153834 and parameters: {'sigma_noise': 0.25325215211237223, 'A_repulsion': 0.051864032756278475, 'gamma': 0.9070562125888146, 'sigma_update': 0.38370741803807096, 'eta_learning': 0.33888166848469237, 'sigma_boundary': 4.417572094750846, 'alpha': 0.8207409023625916}. Best is trial 134 with value: 0.040618897049596245.
[I 2026-03-06 01:27:17,805] Trial 194 finished with value: 0.04425034755402185 and parameters: {'sigma_noise': 0.25196967788668023, 'A_repulsion': 0.05448132607515961, 'gamma': 0.9081227643487935, 'sigma_update': 0.40283601062347674, 'eta_learning': 0.3793834586923452, 'sigma_boundary': 4.508691231902924, 'alpha': 0.7790999509468415}. Best is trial 134 with value: 0.040618897049596245.
[I 2026-03-06 01:27:19,150] Trial 193 finished with value: 0.04628919769001553 and parameters: {'sigma_noise': 0.25400795428440964, 'A_repulsion': 0.05331290595593581, 'gamma': 0.9068414798850083, 'sigma_update': 0.3938816912466317, 'eta_learning': 0.36348592513164313, 'sigma_boundary': 4.439225933767005, 'alpha': 0.8075781209819596}. Best is trial 134 with value: 0.040618897049596245.
[I 2026-03-06 01:27:21,684] Trial 195 finished with value: 0.04479860515903669 and parameters: {'sigma_noise': 0.2586899522254348, 'A_repulsion': 0.050098160965841486, 'gamma': 0.913693449565847, 'sigma_update': 0.3921227192914301, 'eta_learning': 0.3764910623029706, 'sigma_boundary': 4.433507783038066, 'alpha': 0.7816748242358782}. Best is trial 134 with value: 0.040618897049596245.
[I 2026-03-06 01:27:22,328] Trial 187 finished with value: 0.04764456205185554 and parameters: {'sigma_noise': 0.2542873677125246, 'A_repulsion': 0.09290322433324223, 'gamma': 0.9191027896668371, 'sigma_update': 0.39017411925161155, 'eta_learning': 0.3348670725153109, 'sigma_boundary': 4.35974440799755, 'alpha': 0.8118364612316572}. Best is trial 134 with value: 0.040618897049596245.
[I 2026-03-06 01:27:23,471] Trial 196 finished with value: 0.05632691560185267 and parameters: {'sigma_noise': 0.25778747343535746, 'A_repulsion': 0.05058391893387755, 'gamma': 0.9108453456561659, 'sigma_update': 0.1543448037592071, 'eta_learning': 0.5065515376878436, 'sigma_boundary': 6.411684817117526, 'alpha': 0.7812766407801516}. Best is trial 134 with value: 0.040618897049596245.
[I 2026-03-06 01:27:28,773] Trial 197 finished with value: 0.04422841746708489 and parameters: {'sigma_noise': 0.2536928505024397, 'A_repulsion': 0.0523981198292595, 'gamma': 0.9106047992757972, 'sigma_update': 0.3994219698876374, 'eta_learning': 0.45846479974498644, 'sigma_boundary': 6.498153590739986, 'alpha': 0.7826827459027925}. Best is trial 134 with value: 0.040618897049596245.
[I 2026-03-06 01:27:29,680] Trial 199 finished with value: 0.04667804367528444 and parameters: {'sigma_noise': 0.2606347764374185, 'A_repulsion': 0.05253978667226259, 'gamma': 0.90941677396553, 'sigma_update': 0.38941512515163335, 'eta_learning': 0.44134368156405723, 'sigma_boundary': 6.6083925865480815, 'alpha': 0.7869144434354103}. Best is trial 134 with value: 0.040618897049596245.
[I 2026-03-06 01:27:30,891] Trial 198 finished with value: 0.04953854170620628 and parameters: {'sigma_noise': 0.25750001714302206, 'A_repulsion': 0.11581227511523932, 'gamma': 0.9158075068790806, 'sigma_update': 0.34703025838782536, 'eta_learning': 0.3368694823478399, 'sigma_boundary': 6.468450535111723, 'alpha': 0.7772270392495845}. Best is trial 134 with value: 0.040618897049596245.
[I 2026-03-06 01:27:39,271] A new study created in memory with name: no-name-1814b91b-a146-478a-9215-c470a248a2be
[I 2026-03-06 01:33:01,263] Trial 4 finished with value: 0.08746623041268212 and parameters: {'sigma_noise': 0.05586947171384913, 'A_repulsion': 0.1832060491075227, 'gamma': 0.22218861360209236, 'sigma_update': 0.09333259115212218, 'eta_learning': 1.2107739821997932, 'sigma_boundary': 4.472086755546002, 'alpha': 0.44232919337784815}. Best is trial 4 with value: 0.08746623041268212.
[I 2026-03-06 01:33:07,764] Trial 24 finished with value: 0.3799658640424491 and parameters: {'sigma_noise': 0.11585662085108575, 'A_repulsion': 0.052865307737180456, 'gamma': 0.011250470547322212, 'sigma_update': 0.5262827294300353, 'eta_learning': 1.7430000790252833, 'sigma_boundary': 1.0598767404514582, 'alpha': 0.48758535927881985}. Best is trial 4 with value: 0.08746623041268212.
[I 2026-03-06 01:33:15,064] Trial 39 finished with value: 0.14411763915466297 and parameters: {'sigma_noise': 0.08224357471222583, 'A_repulsion': 0.12754169388843561, 'gamma': 0.9760078742595699, 'sigma_update': 0.25563804681244834, 'eta_learning': 0.12160179795670051, 'sigma_boundary': 9.699311092223688, 'alpha': 0.6314106324810276}. Best is trial 4 with value: 0.08746623041268212.
[I 2026-03-06 01:33:26,062] Trial 17 finished with value: 0.10927849208148112 and parameters: {'sigma_noise': 0.07822151266603972, 'A_repulsion': 0.1646522267568356, 'gamma': 0.5538886583270932, 'sigma_update': 0.34232826586406445, 'eta_learning': 0.7013937205760551, 'sigma_boundary': 7.605105102527005, 'alpha': 0.7887702466054943}. Best is trial 4 with value: 0.08746623041268212.
[I 2026-03-06 01:33:26,684] Trial 21 finished with value: 1.0277291876878438 and parameters: {'sigma_noise': 0.07045815666711196, 'A_repulsion': 0.18754866673222603, 'gamma': 0.7807095928572156, 'sigma_update': 0.13865738064887637, 'eta_learning': 2.975970893260201, 'sigma_boundary': 6.757346422308961, 'alpha': 0.05853738592111668}. Best is trial 4 with value: 0.08746623041268212.
[I 2026-03-06 01:33:32,501] Trial 18 finished with value: 0.1662194478070324 and parameters: {'sigma_noise': 0.05201060752070075, 'A_repulsion': 0.28556780817653515, 'gamma': 0.6598406186359083, 'sigma_update': 0.1239074260314457, 'eta_learning': 0.7014004434829321, 'sigma_boundary': 2.679282787973515, 'alpha': 0.9258905536266961}. Best is trial 4 with value: 0.08746623041268212.
[I 2026-03-06 01:33:34,615] Trial 31 finished with value: 0.41165906009997055 and parameters: {'sigma_noise': 0.1622244472337605, 'A_repulsion': 0.029645231291334895, 'gamma': 0.8472759566861827, 'sigma_update': 0.15172799883449417, 'eta_learning': 0.3680351913602412, 'sigma_boundary': 1.9890212587340823, 'alpha': 0.07056795148779516}. Best is trial 4 with value: 0.08746623041268212.
[I 2026-03-06 01:33:35,648] Trial 11 finished with value: 0.3020962629502975 and parameters: {'sigma_noise': 0.08145316986436893, 'A_repulsion': 0.19166206780004508, 'gamma': 0.9510802498073019, 'sigma_update': 0.3720876727988258, 'eta_learning': 2.6061449725695662, 'sigma_boundary': 8.173651837973717, 'alpha': 0.3669588629663024}. Best is trial 4 with value: 0.08746623041268212.
[I 2026-03-06 01:33:36,122] Trial 29 finished with value: 1.108170173350951 and parameters: {'sigma_noise': 0.15358708914031674, 'A_repulsion': 0.03433730399461987, 'gamma': 0.8200287718187026, 'sigma_update': 0.2496766427609701, 'eta_learning': 2.7794181181653976, 'sigma_boundary': 4.214506530073436, 'alpha': 0.0885532958463986}. Best is trial 4 with value: 0.08746623041268212.
[I 2026-03-06 01:33:38,860] Trial 33 finished with value: 0.072228594347586 and parameters: {'sigma_noise': 0.14081115828874685, 'A_repulsion': 0.042432870177361304, 'gamma': 0.8243872315087146, 'sigma_update': 0.6127977320316161, 'eta_learning': 0.11937327198827988, 'sigma_boundary': 8.658216634194238, 'alpha': 0.31945618188305436}. Best is trial 33 with value: 0.072228594347586.
[I 2026-03-06 01:33:39,551] Trial 32 finished with value: 0.7139090462698061 and parameters: {'sigma_noise': 0.17582243503092065, 'A_repulsion': 0.015176163014031185, 'gamma': 0.37258618909662505, 'sigma_update': 0.5745799581672094, 'eta_learning': 0.874080817133704, 'sigma_boundary': 5.274860913735351, 'alpha': 0.198151199391987}. Best is trial 33 with value: 0.072228594347586.
[I 2026-03-06 01:34:19,882] Trial 10 finished with value: 0.14460576857556806 and parameters: {'sigma_noise': 0.08604120570311843, 'A_repulsion': 0.3223674482082971, 'gamma': 0.8083499228753415, 'sigma_update': 0.423435012968174, 'eta_learning': 0.05003247859365586, 'sigma_boundary': 0.7311925553371023, 'alpha': 0.9683629798856027}. Best is trial 33 with value: 0.072228594347586.
[I 2026-03-06 01:34:27,395] Trial 34 finished with value: 1.7012770211873938 and parameters: {'sigma_noise': 0.2523793896139155, 'A_repulsion': 0.011662240635035015, 'gamma': 0.051133067780609276, 'sigma_update': 0.17219417337832282, 'eta_learning': 2.7968793869634343, 'sigma_boundary': 1.0840930334505436, 'alpha': 0.08287444042604553}. Best is trial 33 with value: 0.072228594347586.
[I 2026-03-06 01:34:37,275] Trial 3 finished with value: 0.07678021169950794 and parameters: {'sigma_noise': 0.11478628426943951, 'A_repulsion': 0.23239063220043127, 'gamma': 0.7673745261067795, 'sigma_update': 0.06773934729882607, 'eta_learning': 2.0943439249988174, 'sigma_boundary': 9.43757819511229, 'alpha': 0.5418692084844281}. Best is trial 33 with value: 0.072228594347586.
[I 2026-03-06 01:34:42,992] Trial 37 finished with value: 0.30901291107633244 and parameters: {'sigma_noise': 0.07717256136479303, 'A_repulsion': 0.48349707055080804, 'gamma': 0.70777956082366, 'sigma_update': 0.07172870821997848, 'eta_learning': 0.3919343824586429, 'sigma_boundary': 6.654555916723038, 'alpha': 0.21523482552988282}. Best is trial 33 with value: 0.072228594347586.
[I 2026-03-06 01:34:46,035] Trial 26 finished with value: 0.04552561878104053 and parameters: {'sigma_noise': 0.220410476126304, 'A_repulsion': 0.11140703307205452, 'gamma': 0.9382600258646461, 'sigma_update': 0.17757499981332073, 'eta_learning': 0.9604720034332997, 'sigma_boundary': 9.539970763798793, 'alpha': 0.6323619863448942}. Best is trial 26 with value: 0.04552561878104053.
[I 2026-03-06 01:35:10,704] Trial 0 finished with value: 0.5538556396604453 and parameters: {'sigma_noise': 0.1426630104457051, 'A_repulsion': 0.2801088863677914, 'gamma': 0.38823876371200927, 'sigma_update': 0.019233653196112303, 'eta_learning': 0.1001796887452691, 'sigma_boundary': 9.919091773362592, 'alpha': 0.6872545493431322}. Best is trial 26 with value: 0.04552561878104053.
[I 2026-03-06 01:35:18,880] Trial 30 finished with value: 0.1175944154809695 and parameters: {'sigma_noise': 0.20208330211689307, 'A_repulsion': 0.19095955460391312, 'gamma': 0.5311246884218671, 'sigma_update': 0.06941715883149444, 'eta_learning': 2.89248284608049, 'sigma_boundary': 2.990710365738835, 'alpha': 0.8797288765956054}. Best is trial 26 with value: 0.04552561878104053.
[I 2026-03-06 01:35:35,365] Trial 14 finished with value: 0.12035639220781152 and parameters: {'sigma_noise': 0.22174601907218922, 'A_repulsion': 0.20812065663300772, 'gamma': 0.14571362245001904, 'sigma_update': 0.212633010406671, 'eta_learning': 1.6083458359406453, 'sigma_boundary': 7.351284054501582, 'alpha': 0.9620186162573253}. Best is trial 26 with value: 0.04552561878104053.
[I 2026-03-06 01:35:47,283] Trial 9 finished with value: 0.04535001450327744 and parameters: {'sigma_noise': 0.3268895254000887, 'A_repulsion': 0.08659301704379857, 'gamma': 0.9669744295472728, 'sigma_update': 0.06468298563452565, 'eta_learning': 1.5625894103565414, 'sigma_boundary': 6.269940963488252, 'alpha': 0.7087931310225722}. Best is trial 9 with value: 0.04535001450327744.
[I 2026-03-06 01:35:49,113] Trial 20 finished with value: 0.09571766635492744 and parameters: {'sigma_noise': 0.29900823385368563, 'A_repulsion': 0.11317748896340885, 'gamma': 0.7322689725831099, 'sigma_update': 0.09413183408653318, 'eta_learning': 0.33155027313068025, 'sigma_boundary': 2.763334393266412, 'alpha': 0.7185518676418946}. Best is trial 9 with value: 0.04535001450327744.
[I 2026-03-06 01:35:51,024] Trial 16 finished with value: 0.08429186304810724 and parameters: {'sigma_noise': 0.17190134106911648, 'A_repulsion': 0.3331958645949989, 'gamma': 0.9029176451945603, 'sigma_update': 0.2966355800404942, 'eta_learning': 1.4660529505522226, 'sigma_boundary': 6.4349513385194514, 'alpha': 0.7358948774988722}. Best is trial 9 with value: 0.04535001450327744.
[I 2026-03-06 01:36:11,018] Trial 25 finished with value: 1.960241920210378 and parameters: {'sigma_noise': 0.18433038355315773, 'A_repulsion': 0.3692140033232892, 'gamma': 0.8011160284549037, 'sigma_update': 0.26996440840810204, 'eta_learning': 2.3326586880499804, 'sigma_boundary': 7.595787691555591, 'alpha': 0.1990697125414087}. Best is trial 9 with value: 0.04535001450327744.
[I 2026-03-06 01:36:12,735] Trial 36 finished with value: 0.3118801228160485 and parameters: {'sigma_noise': 0.1883142602916033, 'A_repulsion': 0.35502522622797283, 'gamma': 0.16164994083376535, 'sigma_update': 0.06693987800526584, 'eta_learning': 1.955353072040283, 'sigma_boundary': 8.21675450371721, 'alpha': 0.392408318119463}. Best is trial 9 with value: 0.04535001450327744.
[I 2026-03-06 01:36:18,956] Trial 1 finished with value: 1.1663618681841208 and parameters: {'sigma_noise': 0.35922363456934936, 'A_repulsion': 0.16284654998455728, 'gamma': 0.22018662995907443, 'sigma_update': 0.45685873059612725, 'eta_learning': 2.007956077717008, 'sigma_boundary': 7.884193359403114, 'alpha': 0.32467967383933904}. Best is trial 9 with value: 0.04535001450327744.
