[I 2026-03-06 01:08:50,876] Trial 116 finished with value: 0.07860640989905761 and parameters: {'sigma_noise': 0.39919971796517084, 'A_repulsion': 0.07198517753320396, 'gamma': 0.9923008041659871, 'sigma_update': 0.35868919148410305, 'eta_learning': 0.7786648785060349, 'sigma_boundary': 5.1379410991179535, 'alpha': 0.9497890488538449}. Best is trial 95 with value: 0.042689422789595845.
[I 2026-03-06 01:08:59,409] Trial 106 finished with value: 0.14398671184744666 and parameters: {'sigma_noise': 0.40336038026775406, 'A_repulsion': 0.2458371368568852, 'gamma': 0.9938394863623461, 'sigma_update': 0.12599313472872506, 'eta_learning': 1.1529939172065462, 'sigma_boundary': 2.507760129959122, 'alpha': 0.9425400201670202}. Best is trial 95 with value: 0.042689422789595845.
[I 2026-03-06 01:09:09,983] Trial 110 finished with value: 0.13317334407920728 and parameters: {'sigma_noise': 0.41450674807443855, 'A_repulsion': 0.24289172592105465, 'gamma': 0.9904692281417032, 'sigma_update': 0.22824037897457014, 'eta_learning': 0.7352819038102726, 'sigma_boundary': 5.421835751172131, 'alpha': 0.9473528336364789}. Best is trial 95 with value: 0.042689422789595845.
[I 2026-03-06 01:09:21,569] Trial 112 finished with value: 0.1269575849198322 and parameters: {'sigma_noise': 0.4117097614845268, 'A_repulsion': 0.23642371863525705, 'gamma': 0.9858010090630777, 'sigma_update': 0.2092646454382641, 'eta_learning': 1.4436960922022426, 'sigma_boundary': 5.317536569629028, 'alpha': 0.9580216444159828}. Best is trial 95 with value: 0.042689422789595845.
[I 2026-03-06 01:09:24,657] Trial 117 finished with value: 0.08150429810187623 and parameters: {'sigma_noise': 0.4065868566258005, 'A_repulsion': 0.06800930749572376, 'gamma': 0.9991648016333147, 'sigma_update': 0.09611968743982935, 'eta_learning': 0.7934796805467331, 'sigma_boundary': 4.0581486547617835, 'alpha': 0.954842021514796}. Best is trial 95 with value: 0.042689422789595845.
[I 2026-03-06 01:09:42,396] Trial 115 finished with value: 0.11280517602004393 and parameters: {'sigma_noise': 0.4033484937536481, 'A_repulsion': 0.2911198850521665, 'gamma': 0.9997539012788438, 'sigma_update': 0.3661522270857772, 'eta_learning': 0.7305871446532887, 'sigma_boundary': 5.396083586429722, 'alpha': 0.9486272232588417}. Best is trial 95 with value: 0.042689422789595845.
[I 2026-03-06 01:10:55,563] Trial 119 finished with value: 0.11278048556061433 and parameters: {'sigma_noise': 0.4122711688551531, 'A_repulsion': 0.07200176304005618, 'gamma': 0.9822409066657027, 'sigma_update': 0.11904285647201557, 'eta_learning': 0.7538922181639407, 'sigma_boundary': 4.975174670186482, 'alpha': 0.947933419915501}. Best is trial 95 with value: 0.042689422789595845.
[I 2026-03-06 01:11:34,153] Trial 121 finished with value: 0.05114889972472143 and parameters: {'sigma_noise': 0.22248117480053722, 'A_repulsion': 0.08238975950634764, 'gamma': 0.9975221790364391, 'sigma_update': 0.12813289374550832, 'eta_learning': 0.8420470081021099, 'sigma_boundary': 4.149277269341981, 'alpha': 0.8255215809720249}. Best is trial 95 with value: 0.042689422789595845.
[I 2026-03-06 01:11:43,999] Trial 120 finished with value: 0.08117630302855089 and parameters: {'sigma_noise': 0.22302438792287277, 'A_repulsion': 0.29216938329045467, 'gamma': 0.9803371640282758, 'sigma_update': 0.10576489530515279, 'eta_learning': 0.7122977478840012, 'sigma_boundary': 4.044325794645377, 'alpha': 0.7295433675886417}. Best is trial 95 with value: 0.042689422789595845.
[I 2026-03-06 01:12:52,438] Trial 124 finished with value: 0.07170628455832412 and parameters: {'sigma_noise': 0.15412758321179332, 'A_repulsion': 0.06504228851184321, 'gamma': 0.9370630543807096, 'sigma_update': 0.20403020862094096, 'eta_learning': 0.6951119607769819, 'sigma_boundary': 4.935840532202794, 'alpha': 0.7372971395109085}. Best is trial 95 with value: 0.042689422789595845.
[I 2026-03-06 01:13:29,056] Trial 123 finished with value: 0.05518527789074139 and parameters: {'sigma_noise': 0.21296503274042108, 'A_repulsion': 0.03893586180171718, 'gamma': 0.9995973158750636, 'sigma_update': 0.11768056045998318, 'eta_learning': 0.7848615737453045, 'sigma_boundary': 3.9907042516549014, 'alpha': 0.9449224896496078}. Best is trial 95 with value: 0.042689422789595845.
[I 2026-03-06 01:13:45,632] Trial 122 finished with value: 0.045695265559493756 and parameters: {'sigma_noise': 0.22109635967886565, 'A_repulsion': 0.07570403542263902, 'gamma': 0.9972055566511505, 'sigma_update': 0.3645063017347602, 'eta_learning': 0.7784967719798511, 'sigma_boundary': 6.587931885025736, 'alpha': 0.9460421606161304}. Best is trial 95 with value: 0.042689422789595845.
[I 2026-03-06 01:13:51,547] Trial 125 finished with value: 0.046538543216676165 and parameters: {'sigma_noise': 0.217531153182912, 'A_repulsion': 0.06917417281117856, 'gamma': 0.9679328370676512, 'sigma_update': 0.20084790485593562, 'eta_learning': 0.7860822242502961, 'sigma_boundary': 4.094713078597637, 'alpha': 0.7401946801499677}. Best is trial 95 with value: 0.042689422789595845.
[I 2026-03-06 01:14:07,791] Trial 126 finished with value: 0.06687185424327492 and parameters: {'sigma_noise': 0.1513920490593008, 'A_repulsion': 0.2413933074491489, 'gamma': 0.9604618406111505, 'sigma_update': 0.36457846229978835, 'eta_learning': 0.7904714879451072, 'sigma_boundary': 4.080072299448129, 'alpha': 0.7209925337617529}. Best is trial 95 with value: 0.042689422789595845.
[I 2026-03-06 01:14:11,916] Trial 129 finished with value: 0.04072933347648724 and parameters: {'sigma_noise': 0.21307395979004562, 'A_repulsion': 0.039363575113030014, 'gamma': 0.9603256953290478, 'sigma_update': 0.35547050528836865, 'eta_learning': 0.6560043327832343, 'sigma_boundary': 4.167329689651176, 'alpha': 0.7434260268014852}. Best is trial 129 with value: 0.04072933347648724.
[I 2026-03-06 01:14:35,614] Trial 128 finished with value: 0.046544704459490535 and parameters: {'sigma_noise': 0.21286757634519238, 'A_repulsion': 0.07385002907426615, 'gamma': 0.9435810184410653, 'sigma_update': 0.3640326871023712, 'eta_learning': 0.7682800391465137, 'sigma_boundary': 4.025425260514563, 'alpha': 0.730258333911153}. Best is trial 129 with value: 0.04072933347648724.
[I 2026-03-06 01:15:02,197] Trial 132 finished with value: 0.04164012572260824 and parameters: {'sigma_noise': 0.22044263622979687, 'A_repulsion': 0.07630075616275464, 'gamma': 0.9604861248618607, 'sigma_update': 0.3527051644654958, 'eta_learning': 0.6300706580359765, 'sigma_boundary': 4.907244187480379, 'alpha': 0.749513829484266}. Best is trial 129 with value: 0.04072933347648724.
[I 2026-03-06 01:15:39,266] Trial 133 finished with value: 0.04177068742505226 and parameters: {'sigma_noise': 0.2184884922869283, 'A_repulsion': 0.08705201059437376, 'gamma': 0.9580202767421994, 'sigma_update': 0.3824264857517475, 'eta_learning': 0.6932173342578898, 'sigma_boundary': 4.923716472596694, 'alpha': 0.7244050041670586}. Best is trial 129 with value: 0.04072933347648724.
[I 2026-03-06 01:15:45,844] Trial 130 finished with value: 0.06354448969560879 and parameters: {'sigma_noise': 0.21707674024989018, 'A_repulsion': 0.2424597735505285, 'gamma': 0.9589427573174336, 'sigma_update': 0.1985752373539557, 'eta_learning': 0.6772872365529947, 'sigma_boundary': 4.948421172945874, 'alpha': 0.7294954452025244}. Best is trial 129 with value: 0.04072933347648724.
[I 2026-03-06 01:15:54,607] Trial 127 finished with value: 0.046612438573742435 and parameters: {'sigma_noise': 0.22158865811725903, 'A_repulsion': 0.24317006196537017, 'gamma': 0.9591873914306424, 'sigma_update': 0.3655054789707336, 'eta_learning': 0.7603026115595182, 'sigma_boundary': 4.282810807200332, 'alpha': 0.7571161538927693}. Best is trial 129 with value: 0.04072933347648724.
[I 2026-03-06 01:16:23,743] Trial 137 finished with value: 0.05689070862809588 and parameters: {'sigma_noise': 0.21396457926339368, 'A_repulsion': 0.07366543929150514, 'gamma': 0.9560066813064679, 'sigma_update': 0.13272366940915684, 'eta_learning': 0.6451926317154248, 'sigma_boundary': 4.908078726417863, 'alpha': 0.8379227764665595}. Best is trial 129 with value: 0.04072933347648724.
[I 2026-03-06 01:16:27,855] Trial 138 finished with value: 0.060779938485775314 and parameters: {'sigma_noise': 0.2182104744951896, 'A_repulsion': 0.06576521886084827, 'gamma': 0.9590701549859155, 'sigma_update': 0.12395192078592183, 'eta_learning': 0.6036122957068439, 'sigma_boundary': 5.859412500760724, 'alpha': 0.7233598703567848}. Best is trial 129 with value: 0.04072933347648724.
[I 2026-03-06 01:16:33,230] Trial 134 finished with value: 0.040618897049596245 and parameters: {'sigma_noise': 0.2713071520680551, 'A_repulsion': 0.06938647184966679, 'gamma': 0.9556696955230899, 'sigma_update': 0.36365663543308563, 'eta_learning': 0.6965857649356357, 'sigma_boundary': 5.755255951459832, 'alpha': 0.7322460537771333}. Best is trial 134 with value: 0.040618897049596245.
[I 2026-03-06 01:16:43,725] Trial 140 finished with value: 0.04772091541358749 and parameters: {'sigma_noise': 0.2150490136490501, 'A_repulsion': 0.03079824996859149, 'gamma': 0.9558360547924929, 'sigma_update': 0.19364650799427147, 'eta_learning': 0.5625076321389458, 'sigma_boundary': 4.910017965095628, 'alpha': 0.8193753986421222}. Best is trial 134 with value: 0.040618897049596245.
[I 2026-03-06 01:16:44,204] Trial 135 finished with value: 0.05156591347811962 and parameters: {'sigma_noise': 0.29234126500492114, 'A_repulsion': 0.06684141388799461, 'gamma': 0.9583668263159146, 'sigma_update': 0.3705871740802521, 'eta_learning': 0.5846149135596624, 'sigma_boundary': 5.791485672355165, 'alpha': 0.6830888632729277}. Best is trial 134 with value: 0.040618897049596245.
[I 2026-03-06 01:16:58,984] Trial 142 finished with value: 0.04785980163439585 and parameters: {'sigma_noise': 0.22966694099669088, 'A_repulsion': 0.03220344905851143, 'gamma': 0.9539065688510032, 'sigma_update': 0.19904749175538028, 'eta_learning': 0.546695193334959, 'sigma_boundary': 4.9205546901481565, 'alpha': 0.729464042790864}. Best is trial 134 with value: 0.040618897049596245.
[I 2026-03-06 01:17:15,358] Trial 136 finished with value: 0.05225933675225676 and parameters: {'sigma_noise': 0.2915844298518493, 'A_repulsion': 0.07312683929336078, 'gamma': 0.9481161144792742, 'sigma_update': 0.19212741843020065, 'eta_learning': 0.6053677849437675, 'sigma_boundary': 5.901119281976442, 'alpha': 0.7247540551055093}. Best is trial 134 with value: 0.040618897049596245.
[I 2026-03-06 01:17:21,466] Trial 131 finished with value: 0.07227250295645679 and parameters: {'sigma_noise': 0.27489264071796277, 'A_repulsion': 0.24145387956879255, 'gamma': 0.953577708536113, 'sigma_update': 0.1823962924737074, 'eta_learning': 0.6788999640677911, 'sigma_boundary': 5.807798700808673, 'alpha': 0.7503920154912957}. Best is trial 134 with value: 0.040618897049596245.
[I 2026-03-06 01:17:41,877] Trial 149 finished with value: 0.046128681173648454 and parameters: {'sigma_noise': 0.2277022972392981, 'A_repulsion': 0.09161629125813117, 'gamma': 0.9580543062894586, 'sigma_update': 0.2064596566323438, 'eta_learning': 0.5876174578864325, 'sigma_boundary': 5.855015479329262, 'alpha': 0.753865477755538}. Best is trial 134 with value: 0.040618897049596245.
[I 2026-03-06 01:18:02,080] Trial 155 finished with value: 0.050981417591914116 and parameters: {'sigma_noise': 0.23392161324147476, 'A_repulsion': 0.0477424767100124, 'gamma': 0.9374481554187416, 'sigma_update': 0.20366047456140296, 'eta_learning': 0.6162677028063952, 'sigma_boundary': 4.916388852385534, 'alpha': 0.7245397386731602}. Best is trial 134 with value: 0.040618897049596245.
[I 2026-03-06 01:18:13,507] Trial 141 finished with value: 0.06121743403726208 and parameters: {'sigma_noise': 0.22837707749242056, 'A_repulsion': 0.17955145764611458, 'gamma': 0.9568865128364289, 'sigma_update': 0.08651585868978212, 'eta_learning': 0.5554140163472174, 'sigma_boundary': 5.81680777710458, 'alpha': 0.7422463909169321}. Best is trial 134 with value: 0.040618897049596245.
[I 2026-03-06 01:18:26,981] Trial 156 finished with value: 0.5394045813554694 and parameters: {'sigma_noise': 0.23117601210824246, 'A_repulsion': 0.0259807758681269, 'gamma': 0.9549230891218768, 'sigma_update': 0.012272475168963515, 'eta_learning': 0.578440572381689, 'sigma_boundary': 4.87911408018439, 'alpha': 0.7462556950510962}. Best is trial 134 with value: 0.040618897049596245.
[I 2026-03-06 01:18:32,155] Trial 148 finished with value: 0.055852067832034835 and parameters: {'sigma_noise': 0.23270168751595552, 'A_repulsion': 0.17565087591619125, 'gamma': 0.9561473658456419, 'sigma_update': 0.18998814700017588, 'eta_learning': 0.5856199388074869, 'sigma_boundary': 5.680537876819543, 'alpha': 0.7471195186619922}. Best is trial 134 with value: 0.040618897049596245.
[I 2026-03-06 01:18:32,731] Trial 146 finished with value: 0.0633100057577982 and parameters: {'sigma_noise': 0.2368307594740897, 'A_repulsion': 0.17528110785833112, 'gamma': 0.9519015857393417, 'sigma_update': 0.0961538008870641, 'eta_learning': 0.5857752968907273, 'sigma_boundary': 5.824797530113272, 'alpha': 0.7105845970025298}. Best is trial 134 with value: 0.040618897049596245.
[I 2026-03-06 01:18:47,717] Trial 153 finished with value: 0.05185997462813767 and parameters: {'sigma_noise': 0.291373749121216, 'A_repulsion': 0.02829294727742676, 'gamma': 0.9507049015010945, 'sigma_update': 0.18520546985477002, 'eta_learning': 0.6028264822635341, 'sigma_boundary': 4.924091357127312, 'alpha': 0.7368133044740993}. Best is trial 134 with value: 0.040618897049596245.
[I 2026-03-06 01:18:48,254] Trial 147 finished with value: 0.05659747660072546 and parameters: {'sigma_noise': 0.28881398313180584, 'A_repulsion': 0.09475095213711007, 'gamma': 0.947312542917547, 'sigma_update': 0.1979613953075229, 'eta_learning': 0.5424423159876588, 'sigma_boundary': 4.86385599923616, 'alpha': 0.7404346412885784}. Best is trial 134 with value: 0.040618897049596245.
[I 2026-03-06 01:18:59,777] Trial 139 finished with value: 0.06660415866119243 and parameters: {'sigma_noise': 0.22410890251537097, 'A_repulsion': 0.28172657754875485, 'gamma': 0.9677878160435734, 'sigma_update': 0.20669007402111073, 'eta_learning': 1.0856954228498952, 'sigma_boundary': 4.915223761782877, 'alpha': 0.7384182083293968}. Best is trial 134 with value: 0.040618897049596245.
[I 2026-03-06 01:19:16,286] Trial 157 finished with value: 0.044623615863906924 and parameters: {'sigma_noise': 0.2324158282395832, 'A_repulsion': 0.09230860343061595, 'gamma': 0.9536860609820268, 'sigma_update': 0.20217927450123235, 'eta_learning': 0.6156099139723397, 'sigma_boundary': 4.959846706436914, 'alpha': 0.6966177880896856}. Best is trial 134 with value: 0.040618897049596245.
[I 2026-03-06 01:19:17,858] Trial 151 finished with value: 0.056264966910971076 and parameters: {'sigma_noise': 0.29197627369878276, 'A_repulsion': 0.09373462032027442, 'gamma': 0.9528748313872528, 'sigma_update': 0.20117338024521864, 'eta_learning': 1.0899888578678225, 'sigma_boundary': 4.941540839548819, 'alpha': 0.7593532185700724}. Best is trial 134 with value: 0.040618897049596245.
[I 2026-03-06 01:19:24,135] Trial 144 finished with value: 0.07679717883666352 and parameters: {'sigma_noise': 0.22716345734578625, 'A_repulsion': 0.29351098367451117, 'gamma': 0.9546827473490497, 'sigma_update': 0.18265257986507205, 'eta_learning': 0.5695731985813208, 'sigma_boundary': 4.91237439173504, 'alpha': 0.7366840756408299}. Best is trial 134 with value: 0.040618897049596245.
[I 2026-03-06 01:19:28,423] Trial 152 finished with value: 0.06743539360221011 and parameters: {'sigma_noise': 0.23152013617570164, 'A_repulsion': 0.17736213433150802, 'gamma': 0.9463792420816736, 'sigma_update': 0.17241027117194502, 'eta_learning': 0.5368304747517594, 'sigma_boundary': 4.926957472899367, 'alpha': 0.8255473325480545}. Best is trial 134 with value: 0.040618897049596245.
[I 2026-03-06 01:19:39,517] Trial 145 finished with value: 0.05627102541184987 and parameters: {'sigma_noise': 0.2914003116255967, 'A_repulsion': 0.17608745934952483, 'gamma': 0.9500121082253549, 'sigma_update': 0.20473264899031024, 'eta_learning': 0.5843431576860494, 'sigma_boundary': 4.945893177898978, 'alpha': 0.6796533548494896}. Best is trial 134 with value: 0.040618897049596245.
[I 2026-03-06 01:19:44,397] Trial 158 finished with value: 0.05047302455880444 and parameters: {'sigma_noise': 0.29040214231685196, 'A_repulsion': 0.048384331506968394, 'gamma': 0.9450125906971399, 'sigma_update': 0.18741074452000642, 'eta_learning': 1.086496943120239, 'sigma_boundary': 5.967842233365608, 'alpha': 0.7234571016053883}. Best is trial 134 with value: 0.040618897049596245.
[I 2026-03-06 01:19:44,833] Trial 143 finished with value: 0.07745444228035245 and parameters: {'sigma_noise': 0.28963507983531583, 'A_repulsion': 0.2918288739026394, 'gamma': 0.9591272582801376, 'sigma_update': 0.1974226768300949, 'eta_learning': 0.5366847209660429, 'sigma_boundary': 5.818933518879322, 'alpha': 0.7408751414296914}. Best is trial 134 with value: 0.040618897049596245.
[I 2026-03-06 01:20:23,535] Trial 150 finished with value: 0.07192888545268526 and parameters: {'sigma_noise': 0.29146573470553006, 'A_repulsion': 0.28190432565213497, 'gamma': 0.946263416090874, 'sigma_update': 0.20119613556469354, 'eta_learning': 0.5690988088930914, 'sigma_boundary': 4.903678203891112, 'alpha': 0.7097173298099819}. Best is trial 134 with value: 0.040618897049596245.
[I 2026-03-06 01:20:37,294] Trial 159 finished with value: 0.04373211158585463 and parameters: {'sigma_noise': 0.2295586456466718, 'A_repulsion': 0.04638647442959794, 'gamma': 0.9458897310156111, 'sigma_update': 0.27377634047832056, 'eta_learning': 0.5840918944495047, 'sigma_boundary': 6.047978878700995, 'alpha': 0.7279053626885836}. Best is trial 134 with value: 0.040618897049596245.
[I 2026-03-06 01:20:38,884] Trial 154 finished with value: 1.403635625703849 and parameters: {'sigma_noise': 0.29223465541703125, 'A_repulsion': 0.17691495643850963, 'gamma': 0.9457558408187676, 'sigma_update': 0.012539092347737396, 'eta_learning': 1.0459010629160348, 'sigma_boundary': 4.830811479310861, 'alpha': 0.709182145006682}. Best is trial 134 with value: 0.040618897049596245.
[I 2026-03-06 01:21:25,815] Trial 160 finished with value: 0.05231893149665017 and parameters: {'sigma_noise': 0.22722069371094897, 'A_repulsion': 0.0904768171662256, 'gamma': 0.9496792139742276, 'sigma_update': 0.17309389064064862, 'eta_learning': 1.03960952463471, 'sigma_boundary': 6.413659019862111, 'alpha': 0.8274441351953741}. Best is trial 134 with value: 0.040618897049596245.
[I 2026-03-06 01:21:33,074] Trial 161 finished with value: 0.04802164622807397 and parameters: {'sigma_noise': 0.23170743376892136, 'A_repulsion': 0.050712546523421546, 'gamma': 0.9472014109437329, 'sigma_update': 0.19322234590206394, 'eta_learning': 0.5647094538219845, 'sigma_boundary': 5.965647332084226, 'alpha': 0.8255928240616791}. Best is trial 134 with value: 0.040618897049596245.
[I 2026-03-06 01:23:05,879] Trial 163 finished with value: 0.04839986392908615 and parameters: {'sigma_noise': 0.23226581218591896, 'A_repulsion': 0.05179053100735197, 'gamma': 0.9503134732331722, 'sigma_update': 0.17891191959903766, 'eta_learning': 0.5721492565512623, 'sigma_boundary': 5.9552079229827255, 'alpha': 0.827848080932421}. Best is trial 134 with value: 0.040618897049596245.
[I 2026-03-06 01:23:07,602] Trial 165 finished with value: 0.04853400946973583 and parameters: {'sigma_noise': 0.232767225812084, 'A_repulsion': 0.027211645297189186, 'gamma': 0.94831709072982, 'sigma_update': 0.17408170429457012, 'eta_learning': 0.5747689981323976, 'sigma_boundary': 6.508603456338012, 'alpha': 0.8233972488562074}. Best is trial 134 with value: 0.040618897049596245.
[I 2026-03-06 01:23:35,082] Trial 164 finished with value: 0.05360397905829098 and parameters: {'sigma_noise': 0.23661495503427327, 'A_repulsion': 0.09672261940098931, 'gamma': 0.9501109371909767, 'sigma_update': 0.17141267262055054, 'eta_learning': 0.6163227803370755, 'sigma_boundary': 5.930792326142582, 'alpha': 0.8326992966415957}. Best is trial 134 with value: 0.040618897049596245.
[I 2026-03-06 01:23:41,961] Trial 162 finished with value: 0.0627531265172367 and parameters: {'sigma_noise': 0.2921294121684863, 'A_repulsion': 0.09284164019624938, 'gamma': 0.9475768865847621, 'sigma_update': 0.15168850642811368, 'eta_learning': 0.5608469158545001, 'sigma_boundary': 5.983017029265646, 'alpha': 0.8212264622315207}. Best is trial 134 with value: 0.040618897049596245.
[I 2026-03-06 01:23:59,497] Trial 166 finished with value: 0.05555266214078444 and parameters: {'sigma_noise': 0.23172837602566687, 'A_repulsion': 0.09191822351732898, 'gamma': 0.9486641446811179, 'sigma_update': 0.1600642280842567, 'eta_learning': 0.5351185837943045, 'sigma_boundary': 6.562656170633787, 'alpha': 0.833639478431878}. Best is trial 134 with value: 0.040618897049596245.
[I 2026-03-06 01:24:13,695] Trial 167 finished with value: 0.05579288557877211 and parameters: {'sigma_noise': 0.23524791449829588, 'A_repulsion': 0.0956997072159561, 'gamma': 0.9426323694605582, 'sigma_update': 0.16347203369991195, 'eta_learning': 0.5524416003724824, 'sigma_boundary': 4.596054244836394, 'alpha': 0.8325326785777236}. Best is trial 134 with value: 0.040618897049596245.
[I 2026-03-06 01:24:18,772] Trial 168 finished with value: 0.043462861479961604 and parameters: {'sigma_noise': 0.23035450106600217, 'A_repulsion': 0.09160030130456205, 'gamma': 0.9462529510143454, 'sigma_update': 0.3881313575043217, 'eta_learning': 0.5757654970293749, 'sigma_boundary': 4.528063023195063, 'alpha': 0.833979097927295}. Best is trial 134 with value: 0.040618897049596245.
