/nfs/nhome/live/apourdehghan/Hybrid_hpc_utils.py:56: DtypeWarning: Columns (16) have mixed types. Specify dtype option on import or set low_memory=False.
  data = pd.read_csv(data_path)
[I 2026-03-06 02:10:07,113] A new study created in memory with name: no-name-6a5d3db9-57c3-4897-9a9b-2631023276c0
[I 2026-03-06 02:15:26,781] Trial 28 finished with value: 0.13515289532371863 and parameters: {'sigma_noise': 0.05965566321909326, 'A_repulsion': 0.14292509932667646, 'gamma': 0.5057242000688845, 'sigma_update': 0.2326570805337485, 'eta_learning': 2.6956940442801423, 'sigma_boundary': 7.390417001241586, 'alpha': 0.709032966153621}. Best is trial 28 with value: 0.13515289532371863.
[I 2026-03-06 02:15:32,959] Trial 19 finished with value: 0.3160423776799412 and parameters: {'sigma_noise': 0.10949565737424526, 'A_repulsion': 0.042044863512418595, 'gamma': 0.894333281901012, 'sigma_update': 0.6350351413934646, 'eta_learning': 1.5749602169003978, 'sigma_boundary': 0.49272908626415696, 'alpha': 0.43081006919394205}. Best is trial 28 with value: 0.13515289532371863.
[I 2026-03-06 02:15:59,958] Trial 18 finished with value: 0.13628843857920264 and parameters: {'sigma_noise': 0.11773654502061609, 'A_repulsion': 0.09905627431875053, 'gamma': 0.422987205628166, 'sigma_update': 0.273417321539078, 'eta_learning': 1.3590170912473825, 'sigma_boundary': 7.7128021841025785, 'alpha': 0.733095592068764}. Best is trial 28 with value: 0.13515289532371863.
[I 2026-03-06 02:16:05,135] Trial 23 finished with value: 0.18272112726700815 and parameters: {'sigma_noise': 0.08016513762873104, 'A_repulsion': 0.2148190633011901, 'gamma': 0.27665629509584677, 'sigma_update': 0.473985060139846, 'eta_learning': 0.7861919222376295, 'sigma_boundary': 5.160844403565626, 'alpha': 0.806822258378899}. Best is trial 28 with value: 0.13515289532371863.
[I 2026-03-06 02:16:11,796] Trial 26 finished with value: 0.3408947076911816 and parameters: {'sigma_noise': 0.08745316595503713, 'A_repulsion': 0.20340758764639522, 'gamma': 0.9778761223095664, 'sigma_update': 0.6853776764654245, 'eta_learning': 2.5858655259412524, 'sigma_boundary': 4.92132915766612, 'alpha': 0.5202148697281022}. Best is trial 28 with value: 0.13515289532371863.
[I 2026-03-06 02:16:40,919] Trial 2 finished with value: 0.0793491088783897 and parameters: {'sigma_noise': 0.17873807638189415, 'A_repulsion': 0.0739592287833063, 'gamma': 0.2243083517882824, 'sigma_update': 0.18120333007471848, 'eta_learning': 1.6763889396536225, 'sigma_boundary': 4.939778230533615, 'alpha': 0.9384431006170851}. Best is trial 2 with value: 0.0793491088783897.
[I 2026-03-06 02:16:41,185] Trial 32 finished with value: 0.6605283139290836 and parameters: {'sigma_noise': 0.06837012454348074, 'A_repulsion': 0.3672881678082084, 'gamma': 0.3589410465078287, 'sigma_update': 0.32054485288648493, 'eta_learning': 1.69569638369777, 'sigma_boundary': 1.4132249281677376, 'alpha': 0.20921232052975802}. Best is trial 2 with value: 0.0793491088783897.
[I 2026-03-06 02:16:45,059] Trial 38 finished with value: 0.07818310638794143 and parameters: {'sigma_noise': 0.11997689494924085, 'A_repulsion': 0.22733487086434534, 'gamma': 0.7646168487609942, 'sigma_update': 0.38222067792931214, 'eta_learning': 1.0392071987589857, 'sigma_boundary': 8.816023988645544, 'alpha': 0.758809630152152}. Best is trial 38 with value: 0.07818310638794143.
[I 2026-03-06 02:16:51,067] Trial 6 finished with value: 0.2736226326391612 and parameters: {'sigma_noise': 0.1185966226710697, 'A_repulsion': 0.20538693642618877, 'gamma': 0.3045250717601122, 'sigma_update': 0.0144573478416049, 'eta_learning': 0.17055540474590386, 'sigma_boundary': 6.663371819046386, 'alpha': 0.47972668463377244}. Best is trial 38 with value: 0.07818310638794143.
[I 2026-03-06 02:16:53,032] Trial 37 finished with value: 0.6626219370984239 and parameters: {'sigma_noise': 0.09952303074325473, 'A_repulsion': 0.2804406419928758, 'gamma': 0.6533785721976942, 'sigma_update': 0.17033919486610796, 'eta_learning': 1.9394228000008829, 'sigma_boundary': 7.562099287414089, 'alpha': 0.2471304567577236}. Best is trial 38 with value: 0.07818310638794143.
[I 2026-03-06 02:17:24,086] Trial 4 finished with value: 2.2420382649191604 and parameters: {'sigma_noise': 0.12034642456104186, 'A_repulsion': 0.33332045506947366, 'gamma': 0.9786388232455092, 'sigma_update': 0.14448459188521556, 'eta_learning': 1.3894673956924786, 'sigma_boundary': 2.382472784036669, 'alpha': 0.030526396052746985}. Best is trial 38 with value: 0.07818310638794143.
[I 2026-03-06 02:17:47,926] Trial 3 finished with value: 0.22519433675611733 and parameters: {'sigma_noise': 0.19496588095807266, 'A_repulsion': 0.2513597652267964, 'gamma': 0.31064325472021814, 'sigma_update': 0.597900138499923, 'eta_learning': 2.2364819797182096, 'sigma_boundary': 2.538934492251764, 'alpha': 0.9513689601700812}. Best is trial 38 with value: 0.07818310638794143.
[I 2026-03-06 02:18:12,088] Trial 11 finished with value: 0.13681164099448187 and parameters: {'sigma_noise': 0.12776997357701553, 'A_repulsion': 0.4931786459048815, 'gamma': 0.9007978295019458, 'sigma_update': 0.42212055489518147, 'eta_learning': 1.5463169220147654, 'sigma_boundary': 4.190630493450199, 'alpha': 0.4811095358842056}. Best is trial 38 with value: 0.07818310638794143.
[I 2026-03-06 02:18:22,892] Trial 14 finished with value: 0.23484114515580026 and parameters: {'sigma_noise': 0.26700321054808945, 'A_repulsion': 0.18389271568636023, 'gamma': 0.33195220876285175, 'sigma_update': 0.29416214990870676, 'eta_learning': 0.39831046349031346, 'sigma_boundary': 7.693017822417922, 'alpha': 0.43644732022137656}. Best is trial 38 with value: 0.07818310638794143.
[I 2026-03-06 02:18:23,870] Trial 31 finished with value: 0.09200523880982048 and parameters: {'sigma_noise': 0.16336620887227188, 'A_repulsion': 0.40452429759676634, 'gamma': 0.3845383618833826, 'sigma_update': 0.17551171071149735, 'eta_learning': 2.1805203734130796, 'sigma_boundary': 6.909467203132514, 'alpha': 0.7107964416541139}. Best is trial 38 with value: 0.07818310638794143.
[I 2026-03-06 02:18:24,374] Trial 7 finished with value: 0.12180041801420195 and parameters: {'sigma_noise': 0.39040455063632007, 'A_repulsion': 0.034921337562258126, 'gamma': 0.9126669098199729, 'sigma_update': 0.5508162851211077, 'eta_learning': 2.635385566614863, 'sigma_boundary': 6.4705956004847, 'alpha': 0.7278818198770758}. Best is trial 38 with value: 0.07818310638794143.
[I 2026-03-06 02:18:27,501] Trial 8 finished with value: 0.0740208344627327 and parameters: {'sigma_noise': 0.3674397622877254, 'A_repulsion': 0.06754143668604135, 'gamma': 0.8984097981123579, 'sigma_update': 0.3906325099882761, 'eta_learning': 0.3869177477793215, 'sigma_boundary': 2.566086064495813, 'alpha': 0.7002032985447945}. Best is trial 8 with value: 0.0740208344627327.
[I 2026-03-06 02:18:30,458] Trial 0 finished with value: 0.19455932744649024 and parameters: {'sigma_noise': 0.4144033660146, 'A_repulsion': 0.014573854150063459, 'gamma': 0.8835539939448763, 'sigma_update': 0.3642319040443997, 'eta_learning': 1.8375320904594583, 'sigma_boundary': 8.573109290164798, 'alpha': 0.5760245418193685}. Best is trial 8 with value: 0.0740208344627327.
[I 2026-03-06 02:19:00,690] Trial 39 finished with value: 0.16607064586305811 and parameters: {'sigma_noise': 0.17224733207762266, 'A_repulsion': 0.44099753181667856, 'gamma': 0.1855441188792111, 'sigma_update': 0.30962907953818714, 'eta_learning': 1.294914006194084, 'sigma_boundary': 5.566105622057984, 'alpha': 0.839502976846544}. Best is trial 8 with value: 0.0740208344627327.
[I 2026-03-06 02:19:05,908] Trial 22 finished with value: 0.14376546801898038 and parameters: {'sigma_noise': 0.3052189817226659, 'A_repulsion': 0.22510104988081492, 'gamma': 0.32800889422934015, 'sigma_update': 0.3063117461339654, 'eta_learning': 0.4836763126555445, 'sigma_boundary': 8.260332194634456, 'alpha': 0.5813720784594382}. Best is trial 8 with value: 0.0740208344627327.
[I 2026-03-06 02:19:10,807] Trial 27 finished with value: 0.2342163646456395 and parameters: {'sigma_noise': 0.33245979444532564, 'A_repulsion': 0.1899161603274424, 'gamma': 0.6413677923073752, 'sigma_update': 0.08332966260322337, 'eta_learning': 0.16692685813086627, 'sigma_boundary': 2.432021054051625, 'alpha': 0.9390559083440534}. Best is trial 8 with value: 0.0740208344627327.
[I 2026-03-06 02:19:12,997] Trial 10 finished with value: 1.0801481014057768 and parameters: {'sigma_noise': 0.42802752983142933, 'A_repulsion': 0.041677228100709396, 'gamma': 0.2662331339468828, 'sigma_update': 0.2962772580852894, 'eta_learning': 2.066441771039132, 'sigma_boundary': 6.570567055455893, 'alpha': 0.31468104859481094}. Best is trial 8 with value: 0.0740208344627327.
[I 2026-03-06 02:19:14,717] Trial 30 finished with value: 1.6335008036057204 and parameters: {'sigma_noise': 0.21003915245497623, 'A_repulsion': 0.3627138831529803, 'gamma': 0.645539582610483, 'sigma_update': 0.5639465018049067, 'eta_learning': 1.3555737733609596, 'sigma_boundary': 5.808364406751591, 'alpha': 0.27303845372732627}. Best is trial 8 with value: 0.0740208344627327.
[I 2026-03-06 02:19:16,351] Trial 25 finished with value: 2.1052348949348407 and parameters: {'sigma_noise': 0.40353818258698054, 'A_repulsion': 0.10448797222269651, 'gamma': 0.9091924829682687, 'sigma_update': 0.6714695978131744, 'eta_learning': 1.9531309102270122, 'sigma_boundary': 5.5053034758721315, 'alpha': 0.20969051817223472}. Best is trial 8 with value: 0.0740208344627327.
[I 2026-03-06 02:19:17,919] Trial 13 finished with value: 0.2527645749212123 and parameters: {'sigma_noise': 0.2791457540337975, 'A_repulsion': 0.25827662778887905, 'gamma': 0.39178138125035017, 'sigma_update': 0.37166435076459414, 'eta_learning': 0.21713935982986396, 'sigma_boundary': 8.622624460806865, 'alpha': 0.41016322814310124}. Best is trial 8 with value: 0.0740208344627327.
[I 2026-03-06 02:19:21,530] Trial 1 finished with value: 0.04441142298232968 and parameters: {'sigma_noise': 0.27110404061549365, 'A_repulsion': 0.30820904574105124, 'gamma': 0.888601761826722, 'sigma_update': 0.3661544936721147, 'eta_learning': 1.2251366525764176, 'sigma_boundary': 2.262515421927118, 'alpha': 0.7228254218052695}. Best is trial 1 with value: 0.04441142298232968.
[I 2026-03-06 02:19:22,654] Trial 29 finished with value: 2.617566546172067 and parameters: {'sigma_noise': 0.21142449284785608, 'A_repulsion': 0.37495878550476225, 'gamma': 0.0580149165683797, 'sigma_update': 0.17840277956779346, 'eta_learning': 2.4764803290042603, 'sigma_boundary': 7.636197115714667, 'alpha': 0.06687647580123202}. Best is trial 1 with value: 0.04441142298232968.
[I 2026-03-06 02:19:31,133] Trial 34 finished with value: 0.045174303944681804 and parameters: {'sigma_noise': 0.28659276010578977, 'A_repulsion': 0.2410410043788384, 'gamma': 0.8439559450811678, 'sigma_update': 0.5458695712609585, 'eta_learning': 1.870569472396275, 'sigma_boundary': 6.0836441707140665, 'alpha': 0.9067321775938536}. Best is trial 1 with value: 0.04441142298232968.
[I 2026-03-06 02:19:32,281] Trial 9 finished with value: 0.20009769476355405 and parameters: {'sigma_noise': 0.42131522851490105, 'A_repulsion': 0.06742093862354726, 'gamma': 0.27368061133958943, 'sigma_update': 0.20352550423022975, 'eta_learning': 2.6754574601207044, 'sigma_boundary': 9.405432006416167, 'alpha': 0.58880830183585}. Best is trial 1 with value: 0.04441142298232968.
[I 2026-03-06 02:19:44,984] Trial 21 finished with value: 2.4148166329431646 and parameters: {'sigma_noise': 0.396936985561037, 'A_repulsion': 0.15033936484379323, 'gamma': 0.8331301282267906, 'sigma_update': 0.33094643885772596, 'eta_learning': 1.185501970198777, 'sigma_boundary': 8.222768428847745, 'alpha': 0.17186873343991615}. Best is trial 1 with value: 0.04441142298232968.
[I 2026-03-06 02:19:47,297] Trial 24 finished with value: 0.8907223399730122 and parameters: {'sigma_noise': 0.27602070609478263, 'A_repulsion': 0.3209615754455163, 'gamma': 0.07375065438342286, 'sigma_update': 0.2377930904999854, 'eta_learning': 2.771441758764542, 'sigma_boundary': 8.344950460670285, 'alpha': 0.33505641667496877}. Best is trial 1 with value: 0.04441142298232968.
[I 2026-03-06 02:19:58,274] Trial 17 finished with value: 0.41797373403631455 and parameters: {'sigma_noise': 0.40615774270974087, 'A_repulsion': 0.18851367383785073, 'gamma': 0.8810290597779098, 'sigma_update': 0.5487568559084982, 'eta_learning': 2.833519264912877, 'sigma_boundary': 7.849388268930489, 'alpha': 0.49086051367835193}. Best is trial 1 with value: 0.04441142298232968.
[I 2026-03-06 02:20:03,825] Trial 36 finished with value: 0.3426793250440705 and parameters: {'sigma_noise': 0.36174461678758346, 'A_repulsion': 0.2548365734774149, 'gamma': 0.40781460053464746, 'sigma_update': 0.582783059339497, 'eta_learning': 0.8590023603936193, 'sigma_boundary': 1.2884245718513305, 'alpha': 0.8875910169813225}. Best is trial 1 with value: 0.04441142298232968.
[I 2026-03-06 02:20:07,144] Trial 35 finished with value: 0.36749393948807796 and parameters: {'sigma_noise': 0.28711852968799106, 'A_repulsion': 0.3404110780786409, 'gamma': 0.47801492977498494, 'sigma_update': 0.04989433529242814, 'eta_learning': 0.3530707283910137, 'sigma_boundary': 0.32069041979431323, 'alpha': 0.6621846306815318}. Best is trial 1 with value: 0.04441142298232968.
[I 2026-03-06 02:20:22,010] Trial 12 finished with value: 0.2866231718612293 and parameters: {'sigma_noise': 0.3460397632878005, 'A_repulsion': 0.36284492114493766, 'gamma': 0.5339687264720954, 'sigma_update': 0.6416302180447379, 'eta_learning': 0.7261438209870001, 'sigma_boundary': 5.157630071065076, 'alpha': 0.8722081892022752}. Best is trial 1 with value: 0.04441142298232968.
[I 2026-03-06 02:20:24,922] Trial 20 finished with value: 2.6161739688458705 and parameters: {'sigma_noise': 0.44449219630549885, 'A_repulsion': 0.21705792062147694, 'gamma': 0.2585244077262135, 'sigma_update': 0.5500136863474447, 'eta_learning': 1.9616367266785515, 'sigma_boundary': 0.8255232304875062, 'alpha': 0.06747777265029309}. Best is trial 1 with value: 0.04441142298232968.
[I 2026-03-06 02:20:25,037] Trial 16 finished with value: 1.5301763235771237 and parameters: {'sigma_noise': 0.35384151647431267, 'A_repulsion': 0.33733057745486467, 'gamma': 0.011408672540489901, 'sigma_update': 0.5189271730164826, 'eta_learning': 0.3784714633351215, 'sigma_boundary': 7.839270593923265, 'alpha': 0.2862773174058164}. Best is trial 1 with value: 0.04441142298232968.
[I 2026-03-06 02:20:25,683] Trial 15 finished with value: 2.617461365438345 and parameters: {'sigma_noise': 0.30348578421113986, 'A_repulsion': 0.42443802936798153, 'gamma': 0.6519772918323005, 'sigma_update': 0.2191719176187445, 'eta_learning': 2.9416495317218527, 'sigma_boundary': 1.3699407585322467, 'alpha': 0.20351037800796312}. Best is trial 1 with value: 0.04441142298232968.
[I 2026-03-06 02:20:42,995] Trial 5 finished with value: 0.21137751979895364 and parameters: {'sigma_noise': 0.4337440361367266, 'A_repulsion': 0.35380663187958034, 'gamma': 0.10528313338098484, 'sigma_update': 0.13294761385501136, 'eta_learning': 1.0878969343502871, 'sigma_boundary': 4.155411316790917, 'alpha': 0.47932877742290025}. Best is trial 1 with value: 0.04441142298232968.
[I 2026-03-06 02:20:54,135] Trial 33 finished with value: 2.6144389373316566 and parameters: {'sigma_noise': 0.4199498737141578, 'A_repulsion': 0.4154771217936175, 'gamma': 0.2813386414892325, 'sigma_update': 0.6303302605462061, 'eta_learning': 1.3921388505638268, 'sigma_boundary': 9.999258347977406, 'alpha': 0.1836092243466183}. Best is trial 1 with value: 0.04441142298232968.
[I 2026-03-06 02:23:02,487] Trial 44 finished with value: 0.25736015803924694 and parameters: {'sigma_noise': 0.05074964406090241, 'A_repulsion': 0.16886964214843142, 'gamma': 0.8693417991002468, 'sigma_update': 0.053166915944416845, 'eta_learning': 2.45211561570343, 'sigma_boundary': 7.184843846641882, 'alpha': 0.32093341657483965}. Best is trial 1 with value: 0.04441142298232968.
[I 2026-03-06 02:23:12,475] Trial 41 finished with value: 0.06807835150881092 and parameters: {'sigma_noise': 0.12722587384560186, 'A_repulsion': 0.1379907668443594, 'gamma': 0.8948621798097504, 'sigma_update': 0.38992782727567826, 'eta_learning': 2.309253346713697, 'sigma_boundary': 9.4982274880345, 'alpha': 0.8125295308531885}. Best is trial 1 with value: 0.04441142298232968.
[I 2026-03-06 02:25:11,007] Trial 40 finished with value: 0.6713547609935484 and parameters: {'sigma_noise': 0.31333695113721627, 'A_repulsion': 0.2536038011570183, 'gamma': 0.17863007834431047, 'sigma_update': 0.5485761507447513, 'eta_learning': 0.9600444706954654, 'sigma_boundary': 3.0284379883696775, 'alpha': 0.49484028574910044}. Best is trial 1 with value: 0.04441142298232968.
[I 2026-03-06 02:25:27,075] Trial 42 finished with value: 2.3488972304912075 and parameters: {'sigma_noise': 0.42206489293620664, 'A_repulsion': 0.029283415835630933, 'gamma': 0.7164381579694346, 'sigma_update': 0.12665170999311504, 'eta_learning': 1.034187484391824, 'sigma_boundary': 0.2977080443923935, 'alpha': 0.10477589215645855}. Best is trial 1 with value: 0.04441142298232968.
[I 2026-03-06 02:25:42,498] Trial 43 finished with value: 0.17312829665509516 and parameters: {'sigma_noise': 0.16239263576893737, 'A_repulsion': 0.48097951316315835, 'gamma': 0.3227671857446723, 'sigma_update': 0.25021593997483066, 'eta_learning': 1.073841423644937, 'sigma_boundary': 8.622127593169093, 'alpha': 0.7129068006286954}. Best is trial 1 with value: 0.04441142298232968.
[I 2026-03-06 02:25:54,959] Trial 46 finished with value: 0.07844833265361094 and parameters: {'sigma_noise': 0.21903400971714904, 'A_repulsion': 0.29883900961308796, 'gamma': 0.5606550488142744, 'sigma_update': 0.17350753674101607, 'eta_learning': 2.517317488464612, 'sigma_boundary': 6.3666540976390715, 'alpha': 0.9258477791372338}. Best is trial 1 with value: 0.04441142298232968.
[I 2026-03-06 02:26:35,712] Trial 45 finished with value: 0.26767816101775077 and parameters: {'sigma_noise': 0.3921709058650158, 'A_repulsion': 0.20103741500346756, 'gamma': 0.6936982998618597, 'sigma_update': 0.5942462105850903, 'eta_learning': 2.511662847310036, 'sigma_boundary': 9.934650206856421, 'alpha': 0.7550039655738886}. Best is trial 1 with value: 0.04441142298232968.
[I 2026-03-06 02:26:38,440] Trial 55 finished with value: 0.15766006537281751 and parameters: {'sigma_noise': 0.2524957812219402, 'A_repulsion': 0.10685731737137354, 'gamma': 0.011668902408301013, 'sigma_update': 0.39341716175216146, 'eta_learning': 0.9930850725904623, 'sigma_boundary': 9.676520927369324, 'alpha': 0.996608435444013}. Best is trial 1 with value: 0.04441142298232968.
[I 2026-03-06 02:26:41,243] Trial 52 finished with value: 0.22759883962099675 and parameters: {'sigma_noise': 0.3353534500910774, 'A_repulsion': 0.01193510943973699, 'gamma': 0.011935973538557965, 'sigma_update': 0.4242406228778508, 'eta_learning': 0.9056481825163448, 'sigma_boundary': 9.838059459370529, 'alpha': 0.9900358635475157}. Best is trial 1 with value: 0.04441142298232968.
[I 2026-03-06 02:26:44,028] Trial 60 finished with value: 0.19531264921688143 and parameters: {'sigma_noise': 0.21928989881558014, 'A_repulsion': 0.09784250577820153, 'gamma': 0.05219632689802453, 'sigma_update': 0.44488645305523533, 'eta_learning': 1.0927586327174932, 'sigma_boundary': 9.321534944945594, 'alpha': 0.8688515120914282}. Best is trial 1 with value: 0.04441142298232968.
[I 2026-03-06 02:26:58,304] Trial 72 finished with value: 0.03887693870703521 and parameters: {'sigma_noise': 0.24445374953061075, 'A_repulsion': 0.001620666986291125, 'gamma': 0.7661280413832068, 'sigma_update': 0.46721797137812193, 'eta_learning': 1.0154671472400736, 'sigma_boundary': 3.4184209728929624, 'alpha': 0.9982448916658592}. Best is trial 72 with value: 0.03887693870703521.
[I 2026-03-06 02:26:59,488] Trial 61 finished with value: 0.21677215188892907 and parameters: {'sigma_noise': 0.213276455630863, 'A_repulsion': 0.10167998523360253, 'gamma': 0.0404765963566113, 'sigma_update': 0.45205003660353993, 'eta_learning': 1.0013888306174517, 'sigma_boundary': 9.470802087225483, 'alpha': 0.8637074543114031}. Best is trial 72 with value: 0.03887693870703521.
[I 2026-03-06 02:27:05,927] Trial 54 finished with value: 0.2237373597333624 and parameters: {'sigma_noise': 0.3496685215998911, 'A_repulsion': 0.00831106224287853, 'gamma': 0.037546547453861934, 'sigma_update': 0.42344795882091735, 'eta_learning': 0.9116310969847623, 'sigma_boundary': 9.822109699528058, 'alpha': 0.9499257231332814}. Best is trial 72 with value: 0.03887693870703521.
[I 2026-03-06 02:27:06,539] Trial 64 finished with value: 0.20716406114670236 and parameters: {'sigma_noise': 0.2353298115248728, 'A_repulsion': 0.11584563534888634, 'gamma': 0.05209038164683172, 'sigma_update': 0.445217487119952, 'eta_learning': 0.8599556223052319, 'sigma_boundary': 9.984923675255041, 'alpha': 0.869900906744495}. Best is trial 72 with value: 0.03887693870703521.
[I 2026-03-06 02:27:08,740] Trial 53 finished with value: 0.2167850348900725 and parameters: {'sigma_noise': 0.3552914212995087, 'A_repulsion': 0.00865409683329306, 'gamma': 0.08655265990852615, 'sigma_update': 0.42890717489574964, 'eta_learning': 0.9646688493889681, 'sigma_boundary': 9.93769622546614, 'alpha': 0.9898019338186044}. Best is trial 72 with value: 0.03887693870703521.
[I 2026-03-06 02:27:13,289] Trial 62 finished with value: 0.18384070105931183 and parameters: {'sigma_noise': 0.2437860583961632, 'A_repulsion': 0.10740840371538052, 'gamma': 0.013300043128541938, 'sigma_update': 0.4153186935851611, 'eta_learning': 0.9896424458331885, 'sigma_boundary': 9.595927967294395, 'alpha': 0.9998965578437872}. Best is trial 72 with value: 0.03887693870703521.
