[I 2026-03-06 00:56:10,057] Trial 48 finished with value: 1.7214179969015437 and parameters: {'sigma_noise': 0.3665763177532001, 'A_repulsion': 0.15115272796973017, 'gamma': 0.9134459786405968, 'sigma_update': 0.026583156151309954, 'eta_learning': 1.3358812889752756, 'sigma_boundary': 3.2436841085612538, 'alpha': 0.4718224986816618}. Best is trial 38 with value: 0.04848296124238787.
[I 2026-03-06 00:56:24,923] Trial 60 finished with value: 0.08829622277442829 and parameters: {'sigma_noise': 0.37612561397795896, 'A_repulsion': 0.004050617454902296, 'gamma': 0.9936484307646436, 'sigma_update': 0.04599042262463829, 'eta_learning': 1.9762642650754099, 'sigma_boundary': 1.076994092888921, 'alpha': 0.871400526865246}. Best is trial 38 with value: 0.04848296124238787.
[I 2026-03-06 00:56:37,942] Trial 61 finished with value: 0.08438921693979637 and parameters: {'sigma_noise': 0.3686105722570811, 'A_repulsion': 0.012079574701639478, 'gamma': 0.9904353953271754, 'sigma_update': 0.04545743922786188, 'eta_learning': 1.906410355198915, 'sigma_boundary': 1.398783251354792, 'alpha': 0.8966114506355487}. Best is trial 38 with value: 0.04848296124238787.
[I 2026-03-06 00:56:46,340] Trial 64 finished with value: 0.6484331092590604 and parameters: {'sigma_noise': 0.3415323042149314, 'A_repulsion': 0.002385583034130726, 'gamma': 0.8313710841238192, 'sigma_update': 0.05975924662749478, 'eta_learning': 1.6775891576962054, 'sigma_boundary': 1.8826756164118073, 'alpha': 0.45333307928092287}. Best is trial 38 with value: 0.04848296124238787.
[I 2026-03-06 00:56:55,234] Trial 71 finished with value: 0.27500758174627743 and parameters: {'sigma_noise': 0.3032179115421897, 'A_repulsion': 0.005364314412839223, 'gamma': 0.865084215720121, 'sigma_update': 0.05106487386905453, 'eta_learning': 1.7434726862164103, 'sigma_boundary': 1.1633301001846637, 'alpha': 0.6018362533818551}. Best is trial 38 with value: 0.04848296124238787.
[I 2026-03-06 00:56:57,264] Trial 65 finished with value: 0.4850710034854267 and parameters: {'sigma_noise': 0.19376382671141873, 'A_repulsion': 0.21464634974809219, 'gamma': 0.8396934997709428, 'sigma_update': 0.03232347335743985, 'eta_learning': 1.8876927709814342, 'sigma_boundary': 1.837762830684511, 'alpha': 0.44910234878374855}. Best is trial 38 with value: 0.04848296124238787.
[I 2026-03-06 00:56:58,289] Trial 62 finished with value: 0.2775916624182133 and parameters: {'sigma_noise': 0.40257900928700996, 'A_repulsion': 0.00801800287243648, 'gamma': 0.8881446244056127, 'sigma_update': 0.0661251324485613, 'eta_learning': 1.9382713147053803, 'sigma_boundary': 1.7710186723891161, 'alpha': 0.862539985370859}. Best is trial 38 with value: 0.04848296124238787.
[I 2026-03-06 00:57:00,230] Trial 66 finished with value: 0.7232331532369938 and parameters: {'sigma_noise': 0.19303854381009494, 'A_repulsion': 0.21057049698289243, 'gamma': 0.8533849743341501, 'sigma_update': 0.025606058423984362, 'eta_learning': 2.019461091943554, 'sigma_boundary': 2.0741351099835357, 'alpha': 0.4289076550936475}. Best is trial 38 with value: 0.04848296124238787.
[I 2026-03-06 00:57:15,864] Trial 68 finished with value: 0.0749823106678347 and parameters: {'sigma_noise': 0.18978309447571268, 'A_repulsion': 0.22907861300244653, 'gamma': 0.8547672970929586, 'sigma_update': 0.23915064015708593, 'eta_learning': 1.8250799369133164, 'sigma_boundary': 1.7844143570227002, 'alpha': 0.5215847386783896}. Best is trial 38 with value: 0.04848296124238787.
[I 2026-03-06 00:57:27,093] Trial 74 finished with value: 0.25939801829066383 and parameters: {'sigma_noise': 0.31891177595873227, 'A_repulsion': 0.004242368270215333, 'gamma': 0.8575162032657153, 'sigma_update': 0.06015832212441659, 'eta_learning': 1.8666940139920531, 'sigma_boundary': 0.2193416310932914, 'alpha': 0.5615330660157677}. Best is trial 38 with value: 0.04848296124238787.
[I 2026-03-06 00:57:27,593] Trial 70 finished with value: 0.23969382847594847 and parameters: {'sigma_noise': 0.31810080628867854, 'A_repulsion': 0.007778389354254142, 'gamma': 0.8299864303188945, 'sigma_update': 0.06780593863376472, 'eta_learning': 1.849432107204292, 'sigma_boundary': 1.3678766714193986, 'alpha': 0.5776128250614401}. Best is trial 38 with value: 0.04848296124238787.
[I 2026-03-06 00:57:27,728] Trial 69 finished with value: 0.2697432380108111 and parameters: {'sigma_noise': 0.19398491604399948, 'A_repulsion': 0.21572236569946437, 'gamma': 0.8216070691796792, 'sigma_update': 0.03614285740578782, 'eta_learning': 1.7308739924413812, 'sigma_boundary': 0.25709418876411627, 'alpha': 0.9153140681387981}. Best is trial 38 with value: 0.04848296124238787.
[I 2026-03-06 00:57:28,728] Trial 72 finished with value: 0.2322793438783402 and parameters: {'sigma_noise': 0.29752876980562865, 'A_repulsion': 0.007246332142221938, 'gamma': 0.8628670648042347, 'sigma_update': 0.0536888284639129, 'eta_learning': 1.9392234026899648, 'sigma_boundary': 0.4859542508418193, 'alpha': 0.5958928087276473}. Best is trial 38 with value: 0.04848296124238787.
[I 2026-03-06 00:57:37,749] Trial 67 finished with value: 0.4928289763939949 and parameters: {'sigma_noise': 0.19036846236941057, 'A_repulsion': 0.2165717027554109, 'gamma': 0.841344178032824, 'sigma_update': 0.035652472750093894, 'eta_learning': 1.9078149163015625, 'sigma_boundary': 2.166150516948714, 'alpha': 0.4448340483946329}. Best is trial 38 with value: 0.04848296124238787.
[I 2026-03-06 00:57:39,446] Trial 59 finished with value: 0.16751853419311447 and parameters: {'sigma_noise': 0.3619252171380257, 'A_repulsion': 0.21262560550070914, 'gamma': 0.03250548982890156, 'sigma_update': 0.253917015019466, 'eta_learning': 1.1242024022293107, 'sigma_boundary': 0.4029799296543226, 'alpha': 0.45170225761038396}. Best is trial 38 with value: 0.04848296124238787.
[I 2026-03-06 00:57:45,800] Trial 75 finished with value: 0.19254646615202609 and parameters: {'sigma_noise': 0.30162486747163275, 'A_repulsion': 0.013716518893513434, 'gamma': 0.8101131005134833, 'sigma_update': 0.0605902901906369, 'eta_learning': 0.9140950599717445, 'sigma_boundary': 0.6610168750941972, 'alpha': 0.5777954441944372}. Best is trial 38 with value: 0.04848296124238787.
[I 2026-03-06 00:57:48,003] Trial 49 finished with value: 0.21195522525671953 and parameters: {'sigma_noise': 0.3463743436419154, 'A_repulsion': 0.47946424904472495, 'gamma': 0.044092547646023716, 'sigma_update': 0.4146535130023974, 'eta_learning': 1.781322098949181, 'sigma_boundary': 0.17781606763923552, 'alpha': 0.503844312292645}. Best is trial 38 with value: 0.04848296124238787.
[I 2026-03-06 00:57:58,521] Trial 73 finished with value: 0.32781260514224647 and parameters: {'sigma_noise': 0.30960491793548317, 'A_repulsion': 0.014938454816524211, 'gamma': 0.8297438217213554, 'sigma_update': 0.05427249089712656, 'eta_learning': 1.9065449918752042, 'sigma_boundary': 1.229788070576306, 'alpha': 0.5548700748812103}. Best is trial 38 with value: 0.04848296124238787.
[I 2026-03-06 00:58:03,434] Trial 77 finished with value: 0.05384793856943071 and parameters: {'sigma_noise': 0.31884460394495945, 'A_repulsion': 0.006237068685209068, 'gamma': 0.9988940891979448, 'sigma_update': 0.05765550207146264, 'eta_learning': 0.6837799993194552, 'sigma_boundary': 5.382497612067088, 'alpha': 0.7640998112414967}. Best is trial 38 with value: 0.04848296124238787.
[I 2026-03-06 00:58:07,507] Trial 46 finished with value: 2.0286970779113895 and parameters: {'sigma_noise': 0.43613493674813997, 'A_repulsion': 0.4143398020318395, 'gamma': 0.769784418186435, 'sigma_update': 0.6433053275066749, 'eta_learning': 2.5052733965569978, 'sigma_boundary': 5.700254344200397, 'alpha': 0.3272643598911855}. Best is trial 38 with value: 0.04848296124238787.
[I 2026-03-06 00:58:17,214] Trial 76 finished with value: 0.42546240385273915 and parameters: {'sigma_noise': 0.3212900516546012, 'A_repulsion': 0.007376310521180929, 'gamma': 0.8013784791390458, 'sigma_update': 0.03873549444435637, 'eta_learning': 1.2095858803772994, 'sigma_boundary': 0.39658542599881486, 'alpha': 0.5517220646546368}. Best is trial 38 with value: 0.04848296124238787.
[I 2026-03-06 00:58:33,222] Trial 79 finished with value: 0.5715462889948287 and parameters: {'sigma_noise': 0.3122604841309105, 'A_repulsion': 0.0009708293894745146, 'gamma': 0.811453724104772, 'sigma_update': 0.060779483135782505, 'eta_learning': 2.938133878955841, 'sigma_boundary': 5.232574393893533, 'alpha': 0.4346250396751755}. Best is trial 38 with value: 0.04848296124238787.
[I 2026-03-06 00:58:54,446] Trial 63 finished with value: 0.10198655945591115 and parameters: {'sigma_noise': 0.39069853426354917, 'A_repulsion': 0.22708373797340964, 'gamma': 0.9977767035226354, 'sigma_update': 0.047616133796418325, 'eta_learning': 1.9532229945231265, 'sigma_boundary': 1.9845294560914188, 'alpha': 0.4728424823364471}. Best is trial 38 with value: 0.04848296124238787.
[I 2026-03-06 00:59:49,844] Trial 78 finished with value: 0.0586497197310289 and parameters: {'sigma_noise': 0.31151033637061276, 'A_repulsion': 0.2092917675021198, 'gamma': 0.9992060431503738, 'sigma_update': 0.06554303330638432, 'eta_learning': 0.8404109596002408, 'sigma_boundary': 5.192417680080498, 'alpha': 0.6154892705738375}. Best is trial 38 with value: 0.04848296124238787.
[I 2026-03-06 01:00:42,368] Trial 80 finished with value: 0.1516781115943238 and parameters: {'sigma_noise': 0.18244981207134467, 'A_repulsion': 0.013275799099464313, 'gamma': 0.8403178820660756, 'sigma_update': 0.056505190205174506, 'eta_learning': 2.958592338313437, 'sigma_boundary': 5.322339145161999, 'alpha': 0.9777017798995311}. Best is trial 38 with value: 0.04848296124238787.
[I 2026-03-06 01:02:05,176] Trial 82 finished with value: 0.07146687428050219 and parameters: {'sigma_noise': 0.19203963906535926, 'A_repulsion': 0.007017872252676315, 'gamma': 0.8083748045208418, 'sigma_update': 0.22188799933884434, 'eta_learning': 0.8161195084946495, 'sigma_boundary': 0.5382230975805802, 'alpha': 0.4381948631887493}. Best is trial 38 with value: 0.04848296124238787.
[I 2026-03-06 01:03:55,634] Trial 84 finished with value: 0.18910084143589018 and parameters: {'sigma_noise': 0.18961276753227205, 'A_repulsion': 0.21495807509232628, 'gamma': 0.8193596179705434, 'sigma_update': 0.22588787275088462, 'eta_learning': 0.9236728730561733, 'sigma_boundary': 5.277907666176784, 'alpha': 0.3851670341789297}. Best is trial 38 with value: 0.04848296124238787.
[I 2026-03-06 01:04:10,005] Trial 87 finished with value: 0.1534703795005556 and parameters: {'sigma_noise': 0.1986082919528956, 'A_repulsion': 0.19470138295016504, 'gamma': 0.8536549973132086, 'sigma_update': 0.25871317801161864, 'eta_learning': 2.9280857318845235, 'sigma_boundary': 5.387267348346728, 'alpha': 0.43532020807276106}. Best is trial 38 with value: 0.04848296124238787.
[I 2026-03-06 01:04:18,196] Trial 85 finished with value: 0.054741639079618834 and parameters: {'sigma_noise': 0.19068775005635202, 'A_repulsion': 0.21894809533276355, 'gamma': 0.9882946301401828, 'sigma_update': 0.2289191541842366, 'eta_learning': 1.0529870239482844, 'sigma_boundary': 5.1465388334814755, 'alpha': 0.6139544505811595}. Best is trial 38 with value: 0.04848296124238787.
[I 2026-03-06 01:04:23,952] Trial 86 finished with value: 0.15295843333340062 and parameters: {'sigma_noise': 0.1940880673195426, 'A_repulsion': 0.21848748490259073, 'gamma': 0.9988114136703689, 'sigma_update': 0.22403905727186305, 'eta_learning': 2.9707973422288774, 'sigma_boundary': 5.233817680164748, 'alpha': 0.4151157762431965}. Best is trial 38 with value: 0.04848296124238787.
[I 2026-03-06 01:04:32,460] Trial 89 finished with value: 0.06040236862740082 and parameters: {'sigma_noise': 0.19682079101295236, 'A_repulsion': 0.19668216459806812, 'gamma': 0.8333906441642932, 'sigma_update': 0.22313819416945238, 'eta_learning': 0.831772250488306, 'sigma_boundary': 5.273552206400542, 'alpha': 0.6155678494923332}. Best is trial 38 with value: 0.04848296124238787.
[I 2026-03-06 01:04:57,377] Trial 81 finished with value: 0.8788576718910358 and parameters: {'sigma_noise': 0.3185441201357621, 'A_repulsion': 0.21511230822319455, 'gamma': 0.8121271802274368, 'sigma_update': 0.06593452146341085, 'eta_learning': 0.7793468977028646, 'sigma_boundary': 1.9432308164208407, 'alpha': 0.4192933649732128}. Best is trial 38 with value: 0.04848296124238787.
[I 2026-03-06 01:05:05,862] Trial 92 finished with value: 0.05253564573103858 and parameters: {'sigma_noise': 0.2806364061998518, 'A_repulsion': 0.07498429854404493, 'gamma': 0.9993972141284525, 'sigma_update': 0.21784598667724714, 'eta_learning': 0.7824357072228254, 'sigma_boundary': 5.40911368655025, 'alpha': 0.9400641857755339}. Best is trial 38 with value: 0.04848296124238787.
[I 2026-03-06 01:05:08,184] Trial 83 finished with value: 0.062229093383410344 and parameters: {'sigma_noise': 0.3243045414446482, 'A_repulsion': 0.20737411947568987, 'gamma': 0.9977383997077617, 'sigma_update': 0.27073740410833863, 'eta_learning': 2.9690326206490605, 'sigma_boundary': 5.366210236124862, 'alpha': 0.6206216997138211}. Best is trial 38 with value: 0.04848296124238787.
[I 2026-03-06 01:05:08,564] Trial 90 finished with value: 0.07769886894751332 and parameters: {'sigma_noise': 0.20433845656230765, 'A_repulsion': 0.22666744751333823, 'gamma': 0.9913972487109529, 'sigma_update': 0.2209853601033861, 'eta_learning': 0.7936028946873513, 'sigma_boundary': 4.232736021056299, 'alpha': 0.4429856674281063}. Best is trial 38 with value: 0.04848296124238787.
[I 2026-03-06 01:05:39,614] Trial 88 finished with value: 0.054120451514261675 and parameters: {'sigma_noise': 0.28109120572847623, 'A_repulsion': 0.21870545951886936, 'gamma': 0.9914200125590789, 'sigma_update': 0.21237396622251817, 'eta_learning': 0.7705895894978857, 'sigma_boundary': 5.245661586088829, 'alpha': 0.7541477906949379}. Best is trial 38 with value: 0.04848296124238787.
[I 2026-03-06 01:05:40,362] Trial 95 finished with value: 0.042689422789595845 and parameters: {'sigma_noise': 0.27987706028331205, 'A_repulsion': 0.06761132664864802, 'gamma': 0.9941040890481243, 'sigma_update': 0.366673870356757, 'eta_learning': 0.8105693109601589, 'sigma_boundary': 4.133768401637196, 'alpha': 0.9286292819099354}. Best is trial 95 with value: 0.042689422789595845.
[I 2026-03-06 01:06:09,516] Trial 93 finished with value: 0.0717905537059024 and parameters: {'sigma_noise': 0.2757597855539645, 'A_repulsion': 0.22933125714459462, 'gamma': 0.9989414074333417, 'sigma_update': 0.22040106608368557, 'eta_learning': 2.923194500313296, 'sigma_boundary': 5.194465969226149, 'alpha': 0.9391259194035612}. Best is trial 95 with value: 0.042689422789595845.
[I 2026-03-06 01:06:25,738] Trial 94 finished with value: 0.0848543702806746 and parameters: {'sigma_noise': 0.27833148610271585, 'A_repulsion': 0.22220402732521832, 'gamma': 0.8457626025444875, 'sigma_update': 0.24267986511194378, 'eta_learning': 0.7396539133212614, 'sigma_boundary': 5.287178655985507, 'alpha': 0.6198110328915508}. Best is trial 95 with value: 0.042689422789595845.
[I 2026-03-06 01:06:28,043] Trial 91 finished with value: 0.19597407375840264 and parameters: {'sigma_noise': 0.3995771934484413, 'A_repulsion': 0.2121051085635482, 'gamma': 0.8400995879713856, 'sigma_update': 0.23224211983233567, 'eta_learning': 2.993541984303543, 'sigma_boundary': 5.264932688947198, 'alpha': 0.6173505611813133}. Best is trial 95 with value: 0.042689422789595845.
[I 2026-03-06 01:06:59,788] Trial 101 finished with value: 0.07144442989658037 and parameters: {'sigma_noise': 0.39455088023163104, 'A_repulsion': 0.04111325571450404, 'gamma': 0.984566277928726, 'sigma_update': 0.36357975291897415, 'eta_learning': 0.8245030357643264, 'sigma_boundary': 5.235605857675355, 'alpha': 0.9295153423090347}. Best is trial 95 with value: 0.042689422789595845.
[I 2026-03-06 01:07:13,912] Trial 118 finished with value: 0.05174585814415314 and parameters: {'sigma_noise': 0.21824529055189465, 'A_repulsion': 0.04162456211616221, 'gamma': 0.9931081562623475, 'sigma_update': 0.11096154355586235, 'eta_learning': 0.790494633995297, 'sigma_boundary': 5.143724216114304, 'alpha': 0.95951550308297}. Best is trial 95 with value: 0.042689422789595845.
[I 2026-03-06 01:07:14,181] Trial 96 finished with value: 0.10944876678055455 and parameters: {'sigma_noise': 0.3879349204901524, 'A_repulsion': 0.0762350808950809, 'gamma': 0.8576012130704067, 'sigma_update': 0.24656327027811353, 'eta_learning': 0.742696970584551, 'sigma_boundary': 5.331947627584501, 'alpha': 0.9238325413919306}. Best is trial 95 with value: 0.042689422789595845.
[I 2026-03-06 01:07:29,976] Trial 108 finished with value: 0.09101669184733537 and parameters: {'sigma_noise': 0.21792222947719206, 'A_repulsion': 0.23762939208824765, 'gamma': 0.9978526571790627, 'sigma_update': 0.12779529759250852, 'eta_learning': 2.2531435315497013, 'sigma_boundary': 2.4748113011787245, 'alpha': 0.9486514091562276}. Best is trial 95 with value: 0.042689422789595845.
[I 2026-03-06 01:07:41,823] Trial 103 finished with value: 0.07802807370518718 and parameters: {'sigma_noise': 0.4069126279897302, 'A_repulsion': 0.0719886396514536, 'gamma': 0.9988458041539416, 'sigma_update': 0.368808817447252, 'eta_learning': 0.6721552455430885, 'sigma_boundary': 5.386383463116259, 'alpha': 0.945852302253548}. Best is trial 95 with value: 0.042689422789595845.
[I 2026-03-06 01:07:43,188] Trial 100 finished with value: 0.07974468731981098 and parameters: {'sigma_noise': 0.40051834697568117, 'A_repulsion': 0.072656924319494, 'gamma': 0.9955266765348578, 'sigma_update': 0.36118832904367776, 'eta_learning': 0.7424640242703332, 'sigma_boundary': 1.4881721973161688, 'alpha': 0.9363175435159935}. Best is trial 95 with value: 0.042689422789595845.
[I 2026-03-06 01:07:43,412] Trial 109 finished with value: 0.0916348741482261 and parameters: {'sigma_noise': 0.21582576460532593, 'A_repulsion': 0.2433498011867434, 'gamma': 0.9963572790164984, 'sigma_update': 0.12385913696762739, 'eta_learning': 2.2510548548121143, 'sigma_boundary': 5.230559634181159, 'alpha': 0.9588773011209735}. Best is trial 95 with value: 0.042689422789595845.
[I 2026-03-06 01:07:44,165] Trial 102 finished with value: 0.08252440826975162 and parameters: {'sigma_noise': 0.3944889299154173, 'A_repulsion': 0.07741482886217176, 'gamma': 0.9885724075826929, 'sigma_update': 0.24861158533727454, 'eta_learning': 0.8145847297797524, 'sigma_boundary': 2.5206858852935943, 'alpha': 0.9219905477953867}. Best is trial 95 with value: 0.042689422789595845.
[I 2026-03-06 01:07:47,019] Trial 111 finished with value: 0.08455379019518956 and parameters: {'sigma_noise': 0.3955179330021317, 'A_repulsion': 0.0400727415613508, 'gamma': 0.982088117734756, 'sigma_update': 0.22364166674930933, 'eta_learning': 0.7665388421415915, 'sigma_boundary': 5.191692888989339, 'alpha': 0.9572957164005464}. Best is trial 95 with value: 0.042689422789595845.
[I 2026-03-06 01:08:09,416] Trial 107 finished with value: 0.100394734990959 and parameters: {'sigma_noise': 0.4009561367709385, 'A_repulsion': 0.07759007887499, 'gamma': 0.9931227106538892, 'sigma_update': 0.12405582093914538, 'eta_learning': 0.7850953926344459, 'sigma_boundary': 5.399957337621904, 'alpha': 0.9569816418872261}. Best is trial 95 with value: 0.042689422789595845.
[I 2026-03-06 01:08:09,533] Trial 113 finished with value: 0.09507222043730088 and parameters: {'sigma_noise': 0.3951280329327186, 'A_repulsion': 0.037686988549795755, 'gamma': 0.982554473806737, 'sigma_update': 0.13247946636829533, 'eta_learning': 0.7152811502261304, 'sigma_boundary': 5.2717123106454, 'alpha': 0.9576149945366581}. Best is trial 95 with value: 0.042689422789595845.
[I 2026-03-06 01:08:12,254] Trial 97 finished with value: 0.12276802482025188 and parameters: {'sigma_noise': 0.40156478320906663, 'A_repulsion': 0.21959733627526795, 'gamma': 0.8593159041832634, 'sigma_update': 0.3701953952174746, 'eta_learning': 0.73958215382123, 'sigma_boundary': 1.9379986085184442, 'alpha': 0.9468679053037207}. Best is trial 95 with value: 0.042689422789595845.
[I 2026-03-06 01:08:15,577] Trial 99 finished with value: 0.13833764857314831 and parameters: {'sigma_noise': 0.40271283507746586, 'A_repulsion': 0.2245962706557056, 'gamma': 0.9953198485843313, 'sigma_update': 0.07888403489838328, 'eta_learning': 0.8230359970080676, 'sigma_boundary': 2.485127780437777, 'alpha': 0.9350135292774626}. Best is trial 95 with value: 0.042689422789595845.
[I 2026-03-06 01:08:18,885] Trial 105 finished with value: 0.11106617951854267 and parameters: {'sigma_noise': 0.4052906660566123, 'A_repulsion': 0.06378179535681483, 'gamma': 0.9758827217915705, 'sigma_update': 0.09382890605765234, 'eta_learning': 2.229742578044714, 'sigma_boundary': 5.280075292662068, 'alpha': 0.9457577581903871}. Best is trial 95 with value: 0.042689422789595845.
[I 2026-03-06 01:08:24,746] Trial 98 finished with value: 0.10672152231369961 and parameters: {'sigma_noise': 0.40121894815421894, 'A_repulsion': 0.22588335324029968, 'gamma': 0.9991969307976473, 'sigma_update': 0.06891696980571675, 'eta_learning': 1.697512560381372, 'sigma_boundary': 2.182074082684144, 'alpha': 0.9340063612349818}. Best is trial 95 with value: 0.042689422789595845.
[I 2026-03-06 01:08:38,894] Trial 114 finished with value: 0.08997137527933947 and parameters: {'sigma_noise': 0.3951437925786428, 'A_repulsion': 0.07404423626797041, 'gamma': 0.9702655373015772, 'sigma_update': 0.1217835855022305, 'eta_learning': 0.7631535329031344, 'sigma_boundary': 5.733660184362131, 'alpha': 0.9570373366041698}. Best is trial 95 with value: 0.042689422789595845.
[I 2026-03-06 01:08:47,248] Trial 104 finished with value: 0.09626649088465761 and parameters: {'sigma_noise': 0.3942540910696828, 'A_repulsion': 0.2278762320117967, 'gamma': 0.9938152124199655, 'sigma_update': 0.36912223912854164, 'eta_learning': 0.6927303425366529, 'sigma_boundary': 5.475179844775765, 'alpha': 0.9312962055233082}. Best is trial 95 with value: 0.042689422789595845.
