[I 2026-03-06 01:36:20,855] Trial 5 finished with value: 0.15744972904335264 and parameters: {'sigma_noise': 0.38997138182574836, 'A_repulsion': 0.12120667270123886, 'gamma': 0.525610391066647, 'sigma_update': 0.5218609648179701, 'eta_learning': 0.10467316868075803, 'sigma_boundary': 2.959666216333125, 'alpha': 0.4586858661168136}. Best is trial 9 with value: 0.04535001450327744.
[I 2026-03-06 01:36:24,564] Trial 13 finished with value: 0.054732141059863154 and parameters: {'sigma_noise': 0.2997872002129939, 'A_repulsion': 0.18984770679354296, 'gamma': 0.9764355489100675, 'sigma_update': 0.40875330463538123, 'eta_learning': 2.3050246601567026, 'sigma_boundary': 0.3518534311181263, 'alpha': 0.5016421842375643}. Best is trial 9 with value: 0.04535001450327744.
[I 2026-03-06 01:36:31,070] Trial 23 finished with value: 0.05106707665890081 and parameters: {'sigma_noise': 0.19692402540593168, 'A_repulsion': 0.4651331388474388, 'gamma': 0.866731271733541, 'sigma_update': 0.37640380578422233, 'eta_learning': 1.5302051182602674, 'sigma_boundary': 2.0078082099164525, 'alpha': 0.5300358206907689}. Best is trial 9 with value: 0.04535001450327744.
[I 2026-03-06 01:36:45,743] Trial 15 finished with value: 0.06810133827787984 and parameters: {'sigma_noise': 0.32309785987622575, 'A_repulsion': 0.1887603057567856, 'gamma': 0.7521571675947523, 'sigma_update': 0.46531226846572277, 'eta_learning': 0.5298689633259455, 'sigma_boundary': 6.247575582378424, 'alpha': 0.7240144601796605}. Best is trial 9 with value: 0.04535001450327744.
[I 2026-03-06 01:36:50,771] Trial 12 finished with value: 0.23449550580611844 and parameters: {'sigma_noise': 0.4428393414015371, 'A_repulsion': 0.057772729337534856, 'gamma': 0.021005114561218684, 'sigma_update': 0.2697691088558491, 'eta_learning': 2.291012416210972, 'sigma_boundary': 3.9712247389616238, 'alpha': 0.7935146509449839}. Best is trial 9 with value: 0.04535001450327744.
[I 2026-03-06 01:37:00,812] Trial 22 finished with value: 0.12784013832480973 and parameters: {'sigma_noise': 0.3289376128374656, 'A_repulsion': 0.3241875664838799, 'gamma': 0.44510933727230384, 'sigma_update': 0.37099615959877785, 'eta_learning': 2.6065297717627605, 'sigma_boundary': 9.052652790319705, 'alpha': 0.8420887352477021}. Best is trial 9 with value: 0.04535001450327744.
[I 2026-03-06 01:37:09,791] Trial 7 finished with value: 2.3604709793682517 and parameters: {'sigma_noise': 0.31883936457821116, 'A_repulsion': 0.34657682848997623, 'gamma': 0.5531529060239646, 'sigma_update': 0.609041634061702, 'eta_learning': 0.47589589514736075, 'sigma_boundary': 3.087567186388926, 'alpha': 0.1829680111995523}. Best is trial 9 with value: 0.04535001450327744.
[I 2026-03-06 01:37:11,023] Trial 38 finished with value: 0.1121679473186886 and parameters: {'sigma_noise': 0.4038446612813254, 'A_repulsion': 0.22552172945124427, 'gamma': 0.6939276714360519, 'sigma_update': 0.3074492868652933, 'eta_learning': 1.2352931957189552, 'sigma_boundary': 4.5864316888457, 'alpha': 0.8106808655670273}. Best is trial 9 with value: 0.04535001450327744.
[I 2026-03-06 01:37:17,952] Trial 27 finished with value: 1.9489173855353974 and parameters: {'sigma_noise': 0.40925566840615296, 'A_repulsion': 0.21905205205765088, 'gamma': 0.8953924622314108, 'sigma_update': 0.4467528275745403, 'eta_learning': 1.8005344121962201, 'sigma_boundary': 1.6669307868519696, 'alpha': 0.26399945463344954}. Best is trial 9 with value: 0.04535001450327744.
[I 2026-03-06 01:37:27,598] Trial 6 finished with value: 0.11359264558603224 and parameters: {'sigma_noise': 0.3235034434190853, 'A_repulsion': 0.4974998398396479, 'gamma': 0.34986122815996046, 'sigma_update': 0.3044520901114555, 'eta_learning': 2.422809859182923, 'sigma_boundary': 8.372942643011735, 'alpha': 0.8229277771203697}. Best is trial 9 with value: 0.04535001450327744.
[I 2026-03-06 01:37:27,991] Trial 2 finished with value: 2.5522488714988176 and parameters: {'sigma_noise': 0.40174580012268507, 'A_repulsion': 0.32626933172878525, 'gamma': 0.11618916045951988, 'sigma_update': 0.15816197696418818, 'eta_learning': 2.9082717202572703, 'sigma_boundary': 1.4331264563350694, 'alpha': 0.018469368891688376}. Best is trial 9 with value: 0.04535001450327744.
[I 2026-03-06 01:37:44,590] Trial 28 finished with value: 2.544834752244135 and parameters: {'sigma_noise': 0.4468083295004583, 'A_repulsion': 0.2854362997701536, 'gamma': 0.8043798142340185, 'sigma_update': 0.18563269444275818, 'eta_learning': 1.913837436541736, 'sigma_boundary': 2.396382786018789, 'alpha': 0.061289071720647015}. Best is trial 9 with value: 0.04535001450327744.
[I 2026-03-06 01:37:46,714] Trial 19 finished with value: 0.14829046428957438 and parameters: {'sigma_noise': 0.36074325592001844, 'A_repulsion': 0.49236772788690647, 'gamma': 0.44491071888521433, 'sigma_update': 0.1926767380352824, 'eta_learning': 1.8202801966723545, 'sigma_boundary': 8.22624172993603, 'alpha': 0.580461135495546}. Best is trial 9 with value: 0.04535001450327744.
[I 2026-03-06 01:37:55,886] Trial 35 finished with value: 0.6338395046722779 and parameters: {'sigma_noise': 0.3636897955100113, 'A_repulsion': 0.410362815832596, 'gamma': 0.6046756013209276, 'sigma_update': 0.040389203938274394, 'eta_learning': 1.118472970594546, 'sigma_boundary': 2.7109174098048263, 'alpha': 0.5355100000354035}. Best is trial 9 with value: 0.04535001450327744.
[I 2026-03-06 01:38:04,492] Trial 8 finished with value: 0.5784539153379894 and parameters: {'sigma_noise': 0.42530439866393266, 'A_repulsion': 0.43262639379545126, 'gamma': 0.43163466921302385, 'sigma_update': 0.06493666342402733, 'eta_learning': 1.643441346512114, 'sigma_boundary': 4.743193117220639, 'alpha': 0.7401961883335755}. Best is trial 9 with value: 0.04535001450327744.
[I 2026-03-06 01:40:05,402] Trial 48 finished with value: 0.13895886577124028 and parameters: {'sigma_noise': 0.05460837755819501, 'A_repulsion': 0.22536782465079014, 'gamma': 0.6409422566953576, 'sigma_update': 0.5145760268812811, 'eta_learning': 2.8170983508503027, 'sigma_boundary': 5.464894697516783, 'alpha': 0.9387990456349414}. Best is trial 9 with value: 0.04535001450327744.
[I 2026-03-06 01:41:28,291] Trial 43 finished with value: 0.08671705403763454 and parameters: {'sigma_noise': 0.2880617750849083, 'A_repulsion': 0.10580921445149066, 'gamma': 0.6882451672006291, 'sigma_update': 0.16026295880869007, 'eta_learning': 1.3243276501729173, 'sigma_boundary': 8.675552889054241, 'alpha': 0.9857293424515875}. Best is trial 9 with value: 0.04535001450327744.
[I 2026-03-06 01:41:31,433] Trial 47 finished with value: 0.1900145246841105 and parameters: {'sigma_noise': 0.11135047169239853, 'A_repulsion': 0.46823172892319787, 'gamma': 0.08470778843088037, 'sigma_update': 0.3031136072142941, 'eta_learning': 0.06837200918216957, 'sigma_boundary': 7.0410173674771395, 'alpha': 0.6990135780419041}. Best is trial 9 with value: 0.04535001450327744.
[I 2026-03-06 01:41:58,224] Trial 45 finished with value: 0.1262217680298635 and parameters: {'sigma_noise': 0.1521795049254925, 'A_repulsion': 0.4257799178616458, 'gamma': 0.9701813242701405, 'sigma_update': 0.1791900847557117, 'eta_learning': 2.0936640154283137, 'sigma_boundary': 9.482061893560013, 'alpha': 0.6774896126836739}. Best is trial 9 with value: 0.04535001450327744.
[I 2026-03-06 01:42:01,326] Trial 44 finished with value: 0.31401574431929774 and parameters: {'sigma_noise': 0.3709980874120566, 'A_repulsion': 0.05923725545938319, 'gamma': 0.03005473077968311, 'sigma_update': 0.08469753051834665, 'eta_learning': 2.1287008624398847, 'sigma_boundary': 6.738628853723565, 'alpha': 0.6924404190446918}. Best is trial 9 with value: 0.04535001450327744.
[I 2026-03-06 01:42:14,231] Trial 42 finished with value: 0.34126297422229546 and parameters: {'sigma_noise': 0.3374834586188783, 'A_repulsion': 0.1558336113107761, 'gamma': 0.4053486465684259, 'sigma_update': 0.6233236520255439, 'eta_learning': 2.3906976712627883, 'sigma_boundary': 3.7029991540717546, 'alpha': 0.6952403880270576}. Best is trial 9 with value: 0.04535001450327744.
[I 2026-03-06 01:42:47,506] Trial 40 finished with value: 0.10816473868048881 and parameters: {'sigma_noise': 0.3769435181807034, 'A_repulsion': 0.37035360377345905, 'gamma': 0.7048324701975539, 'sigma_update': 0.5184189230328221, 'eta_learning': 2.4522245232075623, 'sigma_boundary': 8.925463909107352, 'alpha': 0.7070525368518514}. Best is trial 9 with value: 0.04535001450327744.
[I 2026-03-06 01:42:56,203] Trial 41 finished with value: 0.32621975026946526 and parameters: {'sigma_noise': 0.3251569347941237, 'A_repulsion': 0.4557787486218586, 'gamma': 0.11113292381722284, 'sigma_update': 0.5318966576247146, 'eta_learning': 1.2260201300552436, 'sigma_boundary': 2.2282645611633654, 'alpha': 0.620809627874038}. Best is trial 9 with value: 0.04535001450327744.
[I 2026-03-06 01:43:03,426] Trial 46 finished with value: 0.21720787582929862 and parameters: {'sigma_noise': 0.2967035330308769, 'A_repulsion': 0.44311513659932805, 'gamma': 0.16332195538488462, 'sigma_update': 0.12843132474019053, 'eta_learning': 1.0187878797672822, 'sigma_boundary': 9.897659018080542, 'alpha': 0.971428888019296}. Best is trial 9 with value: 0.04535001450327744.
[I 2026-03-06 01:43:27,476] Trial 50 finished with value: 2.027836301108802 and parameters: {'sigma_noise': 0.34443807129164, 'A_repulsion': 0.4456038912313902, 'gamma': 0.27354709000805627, 'sigma_update': 0.6731049570679584, 'eta_learning': 1.3244695104822084, 'sigma_boundary': 4.738488268397384, 'alpha': 0.32908407386229765}. Best is trial 9 with value: 0.04535001450327744.
[I 2026-03-06 01:43:33,528] Trial 55 finished with value: 0.6206641719913949 and parameters: {'sigma_noise': 0.42502627885494537, 'A_repulsion': 0.09021780560498088, 'gamma': 0.44688650012597486, 'sigma_update': 0.696187136822358, 'eta_learning': 1.2646036136047294, 'sigma_boundary': 8.678901906677416, 'alpha': 0.6715627505290434}. Best is trial 9 with value: 0.04535001450327744.
[I 2026-03-06 01:43:34,417] Trial 49 finished with value: 2.4479689971144643 and parameters: {'sigma_noise': 0.3599640637273702, 'A_repulsion': 0.4590250086713366, 'gamma': 0.43069918572777427, 'sigma_update': 0.6737292473649401, 'eta_learning': 1.8607459605344607, 'sigma_boundary': 9.84020408344276, 'alpha': 0.2716715030154869}. Best is trial 9 with value: 0.04535001450327744.
[I 2026-03-06 01:43:50,083] Trial 57 finished with value: 1.0272071958269027 and parameters: {'sigma_noise': 0.32449591301649383, 'A_repulsion': 0.09834957385242801, 'gamma': 0.9889121373404658, 'sigma_update': 0.6264172045897793, 'eta_learning': 1.192155090639652, 'sigma_boundary': 8.37350694265163, 'alpha': 0.3242797305337055}. Best is trial 9 with value: 0.04535001450327744.
[I 2026-03-06 01:44:01,921] Trial 56 finished with value: 1.4171784593725862 and parameters: {'sigma_noise': 0.36688336963929274, 'A_repulsion': 0.10657824713145142, 'gamma': 0.5984906318326637, 'sigma_update': 0.698717518405488, 'eta_learning': 1.363781980292719, 'sigma_boundary': 8.362978945428155, 'alpha': 0.3234633357248605}. Best is trial 9 with value: 0.04535001450327744.
[I 2026-03-06 01:44:05,460] Trial 58 finished with value: 0.6911956682572094 and parameters: {'sigma_noise': 0.3432123106790483, 'A_repulsion': 0.09684484518669982, 'gamma': 0.9162737112219872, 'sigma_update': 0.48626904687809047, 'eta_learning': 1.167513445138088, 'sigma_boundary': 8.473662409175859, 'alpha': 0.33974466052418484}. Best is trial 9 with value: 0.04535001450327744.
[I 2026-03-06 01:44:10,146] Trial 51 finished with value: 1.7552063183438191 and parameters: {'sigma_noise': 0.3228916235494747, 'A_repulsion': 0.4232641228034002, 'gamma': 0.27641893837090403, 'sigma_update': 0.6964943457682773, 'eta_learning': 1.4440794098239274, 'sigma_boundary': 5.041713781218096, 'alpha': 0.3544279676550111}. Best is trial 9 with value: 0.04535001450327744.
[I 2026-03-06 01:44:11,864] Trial 65 finished with value: 0.19176631282301243 and parameters: {'sigma_noise': 0.2938635421644136, 'A_repulsion': 0.07798164563503451, 'gamma': 0.9973236318352581, 'sigma_update': 0.666542601964841, 'eta_learning': 1.1928875862242487, 'sigma_boundary': 8.775858368845252, 'alpha': 0.6006612709113285}. Best is trial 9 with value: 0.04535001450327744.
[I 2026-03-06 01:44:20,301] Trial 59 finished with value: 0.04909842296769631 and parameters: {'sigma_noise': 0.323145566913183, 'A_repulsion': 0.10556446244160868, 'gamma': 0.9173073626955404, 'sigma_update': 0.3023984395499636, 'eta_learning': 1.2421952220095922, 'sigma_boundary': 5.6614904422547845, 'alpha': 0.7788303794552305}. Best is trial 9 with value: 0.04535001450327744.
[I 2026-03-06 01:44:34,921] Trial 72 finished with value: 0.04045560237034698 and parameters: {'sigma_noise': 0.2521030636923509, 'A_repulsion': 0.08272240014012738, 'gamma': 0.9188413467943131, 'sigma_update': 0.42453717728519935, 'eta_learning': 1.1243692952957498, 'sigma_boundary': 0.17297510520510517, 'alpha': 0.5934274121897307}. Best is trial 72 with value: 0.04045560237034698.
[I 2026-03-06 01:44:35,993] Trial 66 finished with value: 0.04638973034066857 and parameters: {'sigma_noise': 0.3188728725758174, 'A_repulsion': 0.08153071135647896, 'gamma': 0.9121038025192756, 'sigma_update': 0.20714218402231727, 'eta_learning': 1.1810160398781353, 'sigma_boundary': 0.1614745518240115, 'alpha': 0.5772962906003101}. Best is trial 72 with value: 0.04045560237034698.
[I 2026-03-06 01:44:37,005] Trial 52 finished with value: 1.9114924789873928 and parameters: {'sigma_noise': 0.3724798169757892, 'A_repulsion': 0.42699950716760504, 'gamma': 0.28791840006010094, 'sigma_update': 0.6607499790237281, 'eta_learning': 1.5065309815054853, 'sigma_boundary': 4.572060584318784, 'alpha': 0.3491301377045306}. Best is trial 72 with value: 0.04045560237034698.
[I 2026-03-06 01:44:40,364] Trial 54 finished with value: 0.26049574499071015 and parameters: {'sigma_noise': 0.32899518172514164, 'A_repulsion': 0.45669736989166915, 'gamma': 0.5852821830427584, 'sigma_update': 0.6325982841182977, 'eta_learning': 2.0311508003808347, 'sigma_boundary': 9.96482591007508, 'alpha': 0.6338265094077773}. Best is trial 72 with value: 0.04045560237034698.
[I 2026-03-06 01:44:50,910] Trial 61 finished with value: 1.0436628533535905 and parameters: {'sigma_noise': 0.42445620961241615, 'A_repulsion': 0.07968812782407649, 'gamma': 0.9933595511955551, 'sigma_update': 0.6961902514924416, 'eta_learning': 1.2103001831104347, 'sigma_boundary': 8.650577246650812, 'alpha': 0.35732568904988127}. Best is trial 72 with value: 0.04045560237034698.
[I 2026-03-06 01:44:55,870] Trial 71 finished with value: 0.07504761819030628 and parameters: {'sigma_noise': 0.26592949461010895, 'A_repulsion': 0.08745050817724781, 'gamma': 0.9080630187895555, 'sigma_update': 0.4184764255502707, 'eta_learning': 1.1546169049930692, 'sigma_boundary': 0.06026762987718692, 'alpha': 0.5783934226674385}. Best is trial 72 with value: 0.04045560237034698.
[I 2026-03-06 01:44:59,843] Trial 70 finished with value: 0.05126863134700017 and parameters: {'sigma_noise': 0.27779032108812757, 'A_repulsion': 0.08578000839185193, 'gamma': 0.9129904045868388, 'sigma_update': 0.6853794372762496, 'eta_learning': 1.2414981083955057, 'sigma_boundary': 0.1262729813786299, 'alpha': 0.597183441140863}. Best is trial 72 with value: 0.04045560237034698.
[I 2026-03-06 01:45:09,397] Trial 63 finished with value: 0.17904716525997394 and parameters: {'sigma_noise': 0.41450756845681175, 'A_repulsion': 0.09011387423246173, 'gamma': 0.9892021647019481, 'sigma_update': 0.6699873482055043, 'eta_learning': 1.1255530487922176, 'sigma_boundary': 8.812268275796358, 'alpha': 0.6147664233815078}. Best is trial 72 with value: 0.04045560237034698.
[I 2026-03-06 01:45:16,838] Trial 53 finished with value: 2.415610423526334 and parameters: {'sigma_noise': 0.38027732234434586, 'A_repulsion': 0.44237331148342907, 'gamma': 0.6558324752473085, 'sigma_update': 0.01873111547169013, 'eta_learning': 2.011712894041652, 'sigma_boundary': 9.833462300743243, 'alpha': 0.31467138255701377}. Best is trial 72 with value: 0.04045560237034698.
[I 2026-03-06 01:45:18,197] Trial 60 finished with value: 0.9816793898753452 and parameters: {'sigma_noise': 0.41182359702999277, 'A_repulsion': 0.08696151117401332, 'gamma': 0.9103052792045024, 'sigma_update': 0.6363709390580288, 'eta_learning': 1.2769830352101028, 'sigma_boundary': 8.575435412351341, 'alpha': 0.3536593645776487}. Best is trial 72 with value: 0.04045560237034698.
[I 2026-03-06 01:45:21,105] Trial 74 finished with value: 0.027930610125902373 and parameters: {'sigma_noise': 0.2616979365510891, 'A_repulsion': 0.08661240499062027, 'gamma': 0.9932225523679623, 'sigma_update': 0.1926020771730605, 'eta_learning': 1.140337886085911, 'sigma_boundary': 0.3586325193023601, 'alpha': 0.5670610615124904}. Best is trial 74 with value: 0.027930610125902373.
[I 2026-03-06 01:45:26,165] Trial 75 finished with value: 0.13340637728314447 and parameters: {'sigma_noise': 0.26238511556422717, 'A_repulsion': 0.08453907498566535, 'gamma': 0.9154172376014327, 'sigma_update': 0.023197682484873916, 'eta_learning': 1.1086715926416852, 'sigma_boundary': 0.07750183392200954, 'alpha': 0.596659886344112}. Best is trial 74 with value: 0.027930610125902373.
[I 2026-03-06 01:45:34,900] Trial 62 finished with value: 1.0878496762057814 and parameters: {'sigma_noise': 0.4150387880634757, 'A_repulsion': 0.08673183405342855, 'gamma': 0.9247842479508539, 'sigma_update': 0.6676247526354607, 'eta_learning': 1.2044371814670078, 'sigma_boundary': 8.787273402651538, 'alpha': 0.3379694490147352}. Best is trial 74 with value: 0.027930610125902373.
[I 2026-03-06 01:45:35,630] Trial 76 finished with value: 0.1963584202138878 and parameters: {'sigma_noise': 0.2640897452052239, 'A_repulsion': 0.08626813110925016, 'gamma': 0.9184675715323111, 'sigma_update': 0.6936534855161411, 'eta_learning': 1.2023614479192157, 'sigma_boundary': 0.5121144442575103, 'alpha': 0.5608703329256705}. Best is trial 74 with value: 0.027930610125902373.
[I 2026-03-06 01:45:37,609] Trial 64 finished with value: 0.15213151919500179 and parameters: {'sigma_noise': 0.43941412597028656, 'A_repulsion': 0.09155093608901396, 'gamma': 0.9976042614402941, 'sigma_update': 0.6989377203367954, 'eta_learning': 1.0962597594831702, 'sigma_boundary': 8.655536963712315, 'alpha': 0.6050540031255389}. Best is trial 74 with value: 0.027930610125902373.
[I 2026-03-06 01:45:42,925] Trial 77 finished with value: 0.03212480463380858 and parameters: {'sigma_noise': 0.26472481990371893, 'A_repulsion': 0.08482411499263931, 'gamma': 0.989711805010725, 'sigma_update': 0.02568027351763294, 'eta_learning': 1.155939717205887, 'sigma_boundary': 5.332171971155853, 'alpha': 0.6137112717035539}. Best is trial 74 with value: 0.027930610125902373.
[I 2026-03-06 01:46:03,175] Trial 78 finished with value: 0.057360481718040146 and parameters: {'sigma_noise': 0.2612814988218376, 'A_repulsion': 0.09854994673509092, 'gamma': 0.9260440458580543, 'sigma_update': 0.6979820706637911, 'eta_learning': 1.3960433560629477, 'sigma_boundary': 0.11505322271057139, 'alpha': 0.6436973504883531}. Best is trial 74 with value: 0.027930610125902373.
[I 2026-03-06 01:46:07,419] Trial 79 finished with value: 0.06569422820215974 and parameters: {'sigma_noise': 0.27147410517904724, 'A_repulsion': 0.09335029471327913, 'gamma': 0.9986021670426779, 'sigma_update': 0.011525910618156665, 'eta_learning': 1.3584647003141932, 'sigma_boundary': 0.041382253722829, 'alpha': 0.6211381502254232}. Best is trial 74 with value: 0.027930610125902373.
[I 2026-03-06 01:46:19,051] Trial 67 finished with value: 0.07043096966726364 and parameters: {'sigma_noise': 0.25577874125660083, 'A_repulsion': 0.49834388815510433, 'gamma': 0.6202955163444166, 'sigma_update': 0.20734186447569466, 'eta_learning': 1.23520772360086, 'sigma_boundary': 5.182747611753369, 'alpha': 0.6052731352123046}. Best is trial 74 with value: 0.027930610125902373.
[I 2026-03-06 01:46:25,546] Trial 68 finished with value: 0.6101786507301067 and parameters: {'sigma_noise': 0.2442773911692829, 'A_repulsion': 0.46191592871907433, 'gamma': 0.8997929458576901, 'sigma_update': 0.02944471159835778, 'eta_learning': 1.1736931710329586, 'sigma_boundary': 5.088462617179089, 'alpha': 0.5939498920254782}. Best is trial 74 with value: 0.027930610125902373.
[I 2026-03-06 01:46:32,066] Trial 69 finished with value: 0.06132331086578356 and parameters: {'sigma_noise': 0.2494104612243194, 'A_repulsion': 0.48742309618603596, 'gamma': 0.8987998196968189, 'sigma_update': 0.21314588081465172, 'eta_learning': 1.1740407704725901, 'sigma_boundary': 5.645517395953139, 'alpha': 0.5901601535116375}. Best is trial 74 with value: 0.027930610125902373.
[I 2026-03-06 01:46:55,800] Trial 73 finished with value: 0.07379204096250856 and parameters: {'sigma_noise': 0.26628063690442205, 'A_repulsion': 0.4609639806470235, 'gamma': 0.9951764618688893, 'sigma_update': 0.018385150711703276, 'eta_learning': 1.20022968668979, 'sigma_boundary': 0.08039564078260164, 'alpha': 0.5813162602963271}. Best is trial 74 with value: 0.027930610125902373.
[I 2026-03-06 01:48:21,704] Trial 80 finished with value: 0.038877678343439956 and parameters: {'sigma_noise': 0.26850281335856974, 'A_repulsion': 0.0932873987752807, 'gamma': 0.9981541898454648, 'sigma_update': 0.481619261683923, 'eta_learning': 1.3683927318500382, 'sigma_boundary': 0.4217787061258127, 'alpha': 0.6207403836769311}. Best is trial 74 with value: 0.027930610125902373.
[I 2026-03-06 01:49:31,038] Trial 81 finished with value: 0.049504197978450126 and parameters: {'sigma_noise': 0.26818831856149516, 'A_repulsion': 0.08783376608956588, 'gamma': 0.990428770883524, 'sigma_update': 0.4163353544120443, 'eta_learning': 1.0040447865011122, 'sigma_boundary': 5.9657575189572185, 'alpha': 0.6383658388098602}. Best is trial 74 with value: 0.027930610125902373.
