/nfs/nhome/live/apourdehghan/Hybrid_hpc_utils.py:56: DtypeWarning: Columns (16) have mixed types. Specify dtype option on import or set low_memory=False.
  data = pd.read_csv(data_path)
[I 2026-03-06 00:36:24,540] A new study created in memory with name: no-name-6feae26b-9ccc-49bb-8786-58ed8a6d8abe
[I 2026-03-06 00:42:41,998] Trial 31 finished with value: 0.14910939601094397 and parameters: {'sigma_noise': 0.05151506758002111, 'A_repulsion': 0.1587761742999102, 'gamma': 0.8623335125890489, 'sigma_update': 0.47956605187053447, 'eta_learning': 0.26115186848932365, 'sigma_boundary': 9.161095647865773, 'alpha': 0.9985109799291317}. Best is trial 31 with value: 0.14910939601094397.
[I 2026-03-06 00:42:45,470] Trial 23 finished with value: 0.22578969169413646 and parameters: {'sigma_noise': 0.07184817187627078, 'A_repulsion': 0.11765350897756, 'gamma': 0.3419817666619044, 'sigma_update': 0.12549191121258962, 'eta_learning': 0.5305554982501459, 'sigma_boundary': 8.895400160636413, 'alpha': 0.06860116199242905}. Best is trial 31 with value: 0.14910939601094397.
[I 2026-03-06 00:43:07,965] Trial 24 finished with value: 0.6362139042505283 and parameters: {'sigma_noise': 0.10742576998766805, 'A_repulsion': 0.11473561861267345, 'gamma': 0.18483887963532203, 'sigma_update': 0.6738779004807903, 'eta_learning': 2.697678465543929, 'sigma_boundary': 3.4109690784813425, 'alpha': 0.3154488473696647}. Best is trial 31 with value: 0.14910939601094397.
[I 2026-03-06 00:43:39,603] Trial 38 finished with value: 0.04848296124238787 and parameters: {'sigma_noise': 0.21406090552591922, 'A_repulsion': 0.007848972980698865, 'gamma': 0.9034220755545628, 'sigma_update': 0.5454559426617067, 'eta_learning': 1.8151643867408398, 'sigma_boundary': 6.273287401506154, 'alpha': 0.8963553904119143}. Best is trial 38 with value: 0.04848296124238787.
[I 2026-03-06 00:43:48,102] Trial 28 finished with value: 0.10319426184035499 and parameters: {'sigma_noise': 0.13456863819011217, 'A_repulsion': 0.1636909169937404, 'gamma': 0.9340286665506531, 'sigma_update': 0.6141456744843123, 'eta_learning': 0.09418017525758061, 'sigma_boundary': 7.130099454857343, 'alpha': 0.6673532765933401}. Best is trial 38 with value: 0.04848296124238787.
[I 2026-03-06 00:43:57,815] Trial 19 finished with value: 0.10159488042176759 and parameters: {'sigma_noise': 0.16614572549650192, 'A_repulsion': 0.10373363254136347, 'gamma': 0.6016093093053604, 'sigma_update': 0.6858044828501147, 'eta_learning': 2.598657981751061, 'sigma_boundary': 5.566450584520465, 'alpha': 0.994560773926951}. Best is trial 38 with value: 0.04848296124238787.
[I 2026-03-06 00:44:27,385] Trial 25 finished with value: 0.6736577918604233 and parameters: {'sigma_noise': 0.16952094079047314, 'A_repulsion': 0.1330072350371609, 'gamma': 0.47572534822243273, 'sigma_update': 0.18511078217367463, 'eta_learning': 1.5351431045427193, 'sigma_boundary': 9.607263999281495, 'alpha': 0.22487452415834397}. Best is trial 38 with value: 0.04848296124238787.
[I 2026-03-06 00:44:29,958] Trial 32 finished with value: 0.28029306340340926 and parameters: {'sigma_noise': 0.15981882328351965, 'A_repulsion': 0.1643157891920634, 'gamma': 0.7025650747580031, 'sigma_update': 0.02333512180811815, 'eta_learning': 0.20445730322525846, 'sigma_boundary': 9.841880453526507, 'alpha': 0.734082628870535}. Best is trial 38 with value: 0.04848296124238787.
[I 2026-03-06 00:44:31,956] Trial 21 finished with value: 0.15835848938063457 and parameters: {'sigma_noise': 0.1099503307118372, 'A_repulsion': 0.32459733931622414, 'gamma': 0.27085863299791507, 'sigma_update': 0.5997431424714942, 'eta_learning': 0.09438867126758874, 'sigma_boundary': 9.784693036974192, 'alpha': 0.8343530485428949}. Best is trial 38 with value: 0.04848296124238787.
[I 2026-03-06 00:44:40,178] Trial 0 finished with value: 0.07734432882553596 and parameters: {'sigma_noise': 0.1887101327359021, 'A_repulsion': 0.1573797641549135, 'gamma': 0.8544376426651692, 'sigma_update': 0.2114990578093993, 'eta_learning': 0.7679674698699386, 'sigma_boundary': 4.663538020275251, 'alpha': 0.8924199924526939}. Best is trial 38 with value: 0.04848296124238787.
[I 2026-03-06 00:44:43,642] Trial 18 finished with value: 0.1695425873556832 and parameters: {'sigma_noise': 0.08922402493066368, 'A_repulsion': 0.3651541910785317, 'gamma': 0.518069152392068, 'sigma_update': 0.5362139808819322, 'eta_learning': 2.7468591234168924, 'sigma_boundary': 8.284331312185364, 'alpha': 0.9566439630986074}. Best is trial 38 with value: 0.04848296124238787.
[I 2026-03-06 00:44:47,382] Trial 17 finished with value: 0.2826947841794845 and parameters: {'sigma_noise': 0.07647419871950666, 'A_repulsion': 0.4152203167358025, 'gamma': 0.43721433319369585, 'sigma_update': 0.44878709473987966, 'eta_learning': 1.0446100585471565, 'sigma_boundary': 7.136841926800596, 'alpha': 0.3700084695969905}. Best is trial 38 with value: 0.04848296124238787.
[I 2026-03-06 00:45:06,404] Trial 7 finished with value: 0.0887751058440076 and parameters: {'sigma_noise': 0.1405910711105618, 'A_repulsion': 0.2621392359981014, 'gamma': 0.9160642021312974, 'sigma_update': 0.08817832901713495, 'eta_learning': 1.7789361204987497, 'sigma_boundary': 2.627155824294627, 'alpha': 0.627576907380335}. Best is trial 38 with value: 0.04848296124238787.
[I 2026-03-06 00:45:08,508] Trial 4 finished with value: 0.11117839397631842 and parameters: {'sigma_noise': 0.14435854040575696, 'A_repulsion': 0.26901761989424494, 'gamma': 0.718655143555285, 'sigma_update': 0.3373744142449761, 'eta_learning': 0.1414519161758636, 'sigma_boundary': 9.662594537750584, 'alpha': 0.2307331535776146}. Best is trial 38 with value: 0.04848296124238787.
[I 2026-03-06 00:45:08,891] Trial 1 finished with value: 0.319441011683466 and parameters: {'sigma_noise': 0.21904579538512287, 'A_repulsion': 0.12686198040225188, 'gamma': 0.5366899061693273, 'sigma_update': 0.6969192778083586, 'eta_learning': 0.43309169181922436, 'sigma_boundary': 3.7276646816841597, 'alpha': 0.5658077227553311}. Best is trial 38 with value: 0.04848296124238787.
[I 2026-03-06 00:45:13,537] Trial 37 finished with value: 0.18370360164879235 and parameters: {'sigma_noise': 0.08064817994150536, 'A_repulsion': 0.4830798212549856, 'gamma': 0.6735924153856306, 'sigma_update': 0.19484625283400467, 'eta_learning': 2.1655466292476024, 'sigma_boundary': 9.044835051255065, 'alpha': 0.7842888545374884}. Best is trial 38 with value: 0.04848296124238787.
[I 2026-03-06 00:45:13,879] Trial 33 finished with value: 0.6538799733124603 and parameters: {'sigma_noise': 0.23505249442475923, 'A_repulsion': 0.09333996920669019, 'gamma': 0.7414472360880876, 'sigma_update': 0.3209241913966078, 'eta_learning': 2.7743624228594506, 'sigma_boundary': 6.203288034167816, 'alpha': 0.30603200825001364}. Best is trial 38 with value: 0.04848296124238787.
[I 2026-03-06 00:45:25,219] Trial 39 finished with value: 0.0927828070618574 and parameters: {'sigma_noise': 0.2801525307676818, 'A_repulsion': 0.05240533270518127, 'gamma': 0.7890986906730026, 'sigma_update': 0.16929619291386772, 'eta_learning': 2.4981355168421575, 'sigma_boundary': 4.4723932190789695, 'alpha': 0.6407982735232387}. Best is trial 38 with value: 0.04848296124238787.
[I 2026-03-06 00:45:28,676] Trial 34 finished with value: 1.5562261861255935 and parameters: {'sigma_noise': 0.26550162448755077, 'A_repulsion': 0.05380146733023439, 'gamma': 0.5685109891242653, 'sigma_update': 0.15443222587631283, 'eta_learning': 1.5682736198989373, 'sigma_boundary': 6.019089340567424, 'alpha': 0.13175368632981188}. Best is trial 38 with value: 0.04848296124238787.
[I 2026-03-06 00:45:48,977] Trial 20 finished with value: 0.17493213862503895 and parameters: {'sigma_noise': 0.11096492313227105, 'A_repulsion': 0.4210844465097818, 'gamma': 0.37026013115396, 'sigma_update': 0.3139507938749658, 'eta_learning': 2.3371270591323525, 'sigma_boundary': 8.400635775820245, 'alpha': 0.5703522128942486}. Best is trial 38 with value: 0.04848296124238787.
[I 2026-03-06 00:46:00,763] Trial 13 finished with value: 0.17543272469319238 and parameters: {'sigma_noise': 0.29137638946900885, 'A_repulsion': 0.08009181154350437, 'gamma': 0.07987130598902682, 'sigma_update': 0.16686417674764956, 'eta_learning': 2.5078149778234944, 'sigma_boundary': 9.395339894556505, 'alpha': 0.7028110349698791}. Best is trial 38 with value: 0.04848296124238787.
[I 2026-03-06 00:46:07,273] Trial 2 finished with value: 0.1982871752270423 and parameters: {'sigma_noise': 0.2854321110793405, 'A_repulsion': 0.11899695312748415, 'gamma': 0.059082310642275766, 'sigma_update': 0.30428489826637417, 'eta_learning': 2.5624504446606955, 'sigma_boundary': 5.655467666069802, 'alpha': 0.6460736022437928}. Best is trial 38 with value: 0.04848296124238787.
[I 2026-03-06 00:46:08,301] Trial 12 finished with value: 0.11338306699979886 and parameters: {'sigma_noise': 0.207635963943475, 'A_repulsion': 0.2640311189435454, 'gamma': 0.4602750319335812, 'sigma_update': 0.25986963470320174, 'eta_learning': 1.0079642912518745, 'sigma_boundary': 4.182714999007555, 'alpha': 0.8812361913526717}. Best is trial 38 with value: 0.04848296124238787.
[I 2026-03-06 00:46:52,197] Trial 27 finished with value: 1.7953018435491481 and parameters: {'sigma_noise': 0.23472749359500394, 'A_repulsion': 0.2769679225100007, 'gamma': 0.9596048694846635, 'sigma_update': 0.6202072121639046, 'eta_learning': 2.735901326172641, 'sigma_boundary': 4.801900415629267, 'alpha': 0.20147384846483818}. Best is trial 38 with value: 0.04848296124238787.
[I 2026-03-06 00:47:03,850] Trial 10 finished with value: 1.9816711540282026 and parameters: {'sigma_noise': 0.4398929625518392, 'A_repulsion': 0.034177215602968325, 'gamma': 0.9243554101956377, 'sigma_update': 0.30924354574834184, 'eta_learning': 2.5134871303439263, 'sigma_boundary': 6.678719010300343, 'alpha': 0.056301461160721544}. Best is trial 38 with value: 0.04848296124238787.
[I 2026-03-06 00:47:04,329] Trial 6 finished with value: 0.2758240317850146 and parameters: {'sigma_noise': 0.37764611943149706, 'A_repulsion': 0.08146861761629803, 'gamma': 0.38191829605318633, 'sigma_update': 0.11178606378024324, 'eta_learning': 0.6143521882959418, 'sigma_boundary': 4.565693066753748, 'alpha': 0.8660445876698236}. Best is trial 38 with value: 0.04848296124238787.
[I 2026-03-06 00:47:05,059] Trial 15 finished with value: 0.2419959280262663 and parameters: {'sigma_noise': 0.37194874782781867, 'A_repulsion': 0.10427103130633208, 'gamma': 0.41713537995434513, 'sigma_update': 0.32987929474600225, 'eta_learning': 1.2508452925283995, 'sigma_boundary': 7.354337897772446, 'alpha': 0.6924959603856543}. Best is trial 38 with value: 0.04848296124238787.
[I 2026-03-06 00:47:08,862] Trial 35 finished with value: 0.1669975557532715 and parameters: {'sigma_noise': 0.34949963115258975, 'A_repulsion': 0.13356149013572038, 'gamma': 0.721969910819743, 'sigma_update': 0.6097636981755346, 'eta_learning': 2.010019498540219, 'sigma_boundary': 6.796944347709715, 'alpha': 0.7987589425046422}. Best is trial 38 with value: 0.04848296124238787.
[I 2026-03-06 00:47:18,836] Trial 30 finished with value: 0.2122168815567228 and parameters: {'sigma_noise': 0.19463147783285706, 'A_repulsion': 0.44716878505817975, 'gamma': 0.48248101773556806, 'sigma_update': 0.4143600546966515, 'eta_learning': 0.4504188247277482, 'sigma_boundary': 9.532639046693504, 'alpha': 0.47936105790904515}. Best is trial 38 with value: 0.04848296124238787.
[I 2026-03-06 00:47:22,517] Trial 8 finished with value: 0.3701302937795288 and parameters: {'sigma_noise': 0.3839983753879228, 'A_repulsion': 0.1854310472034419, 'gamma': 0.9640175127390399, 'sigma_update': 0.6096381188583317, 'eta_learning': 2.075800862039049, 'sigma_boundary': 2.585001104858167, 'alpha': 0.4905183147990425}. Best is trial 38 with value: 0.04848296124238787.
[I 2026-03-06 00:47:33,673] Trial 11 finished with value: 2.0144855376049406 and parameters: {'sigma_noise': 0.42947398519157537, 'A_repulsion': 0.04364546993985663, 'gamma': 0.6256764287166615, 'sigma_update': 0.23887620147714686, 'eta_learning': 2.382616728561517, 'sigma_boundary': 8.29708262114488, 'alpha': 0.11209790504276707}. Best is trial 38 with value: 0.04848296124238787.
[I 2026-03-06 00:47:37,799] Trial 9 finished with value: 0.168550688806519 and parameters: {'sigma_noise': 0.4259556019113852, 'A_repulsion': 0.12206798216987552, 'gamma': 0.7559747092343237, 'sigma_update': 0.3408888041770288, 'eta_learning': 1.6648265954507897, 'sigma_boundary': 3.833584759264353, 'alpha': 0.8936729970738645}. Best is trial 38 with value: 0.04848296124238787.
[I 2026-03-06 00:47:41,189] Trial 36 finished with value: 2.072653944100954 and parameters: {'sigma_noise': 0.2622112907214532, 'A_repulsion': 0.27200730550490815, 'gamma': 0.8171679472035912, 'sigma_update': 0.651682504550938, 'eta_learning': 1.7353110377151695, 'sigma_boundary': 3.5485151226320206, 'alpha': 0.06889368998186374}. Best is trial 38 with value: 0.04848296124238787.
[I 2026-03-06 00:47:44,276] Trial 14 finished with value: 0.22684070722726743 and parameters: {'sigma_noise': 0.35899086941574776, 'A_repulsion': 0.24763936411798282, 'gamma': 0.23116119108599234, 'sigma_update': 0.1826695352305459, 'eta_learning': 2.3541893462472956, 'sigma_boundary': 8.405616597844203, 'alpha': 0.9291024297515831}. Best is trial 38 with value: 0.04848296124238787.
[I 2026-03-06 00:47:45,986] Trial 22 finished with value: 0.21617850657924703 and parameters: {'sigma_noise': 0.3473533155647876, 'A_repulsion': 0.2567463239492706, 'gamma': 0.25833691097120526, 'sigma_update': 0.32980938987379305, 'eta_learning': 0.42927782449981405, 'sigma_boundary': 1.6454256578351507, 'alpha': 0.6546783796025162}. Best is trial 38 with value: 0.04848296124238787.
[I 2026-03-06 00:47:57,004] Trial 16 finished with value: 1.9777793673645998 and parameters: {'sigma_noise': 0.2566741378773536, 'A_repulsion': 0.46073165099440816, 'gamma': 0.8830169940694331, 'sigma_update': 0.1477690101341476, 'eta_learning': 1.881154632218024, 'sigma_boundary': 2.946537422836238, 'alpha': 0.2705456201718974}. Best is trial 38 with value: 0.04848296124238787.
[I 2026-03-06 00:48:01,881] Trial 5 finished with value: 0.5340873926864402 and parameters: {'sigma_noise': 0.29841877685929874, 'A_repulsion': 0.40131343636233635, 'gamma': 0.5472269944007341, 'sigma_update': 0.6023771796403431, 'eta_learning': 2.681273620596623, 'sigma_boundary': 3.8586604087808727, 'alpha': 0.5492391246347186}. Best is trial 38 with value: 0.04848296124238787.
[I 2026-03-06 00:48:20,761] Trial 29 finished with value: 0.2689462856319967 and parameters: {'sigma_noise': 0.36793868055227436, 'A_repulsion': 0.34292945246808454, 'gamma': 0.374600813111762, 'sigma_update': 0.10974995812839632, 'eta_learning': 1.3374307622788322, 'sigma_boundary': 0.9038918381463744, 'alpha': 0.5654976465221339}. Best is trial 38 with value: 0.04848296124238787.
[I 2026-03-06 00:48:31,534] Trial 3 finished with value: 0.13177374395738783 and parameters: {'sigma_noise': 0.3877228559984131, 'A_repulsion': 0.3699389777833762, 'gamma': 0.9000174668667048, 'sigma_update': 0.23393236854043123, 'eta_learning': 0.23244880858882716, 'sigma_boundary': 9.062109529137944, 'alpha': 0.8664124293739859}. Best is trial 38 with value: 0.04848296124238787.
[I 2026-03-06 00:48:36,864] Trial 26 finished with value: 0.5038206503304201 and parameters: {'sigma_noise': 0.433793744447125, 'A_repulsion': 0.3082087255539519, 'gamma': 0.08133762566998669, 'sigma_update': 0.08846821203467006, 'eta_learning': 0.49380002300775144, 'sigma_boundary': 6.182399493828348, 'alpha': 0.5520949069384457}. Best is trial 38 with value: 0.04848296124238787.
[I 2026-03-06 00:51:54,716] Trial 40 finished with value: 0.49507798253591984 and parameters: {'sigma_noise': 0.24301610005480984, 'A_repulsion': 0.027916414811602508, 'gamma': 0.10913238223824813, 'sigma_update': 0.2973461102851319, 'eta_learning': 2.7666683657931195, 'sigma_boundary': 2.6773927149748435, 'alpha': 0.29382633209258946}. Best is trial 38 with value: 0.04848296124238787.
[I 2026-03-06 00:53:26,781] Trial 43 finished with value: 0.09669947548496251 and parameters: {'sigma_noise': 0.20198712650451145, 'A_repulsion': 0.1787690123293404, 'gamma': 0.5551645072321871, 'sigma_update': 0.2797454393323466, 'eta_learning': 0.18599599781950918, 'sigma_boundary': 2.0988948611431817, 'alpha': 0.4455302764650235}. Best is trial 38 with value: 0.04848296124238787.
[I 2026-03-06 00:53:36,648] Trial 42 finished with value: 0.25745675941213947 and parameters: {'sigma_noise': 0.13932358926130117, 'A_repulsion': 0.3981670971922166, 'gamma': 0.48035647534150594, 'sigma_update': 0.0501018517563017, 'eta_learning': 0.6402791003968961, 'sigma_boundary': 2.093421745313171, 'alpha': 0.8903943924332185}. Best is trial 38 with value: 0.04848296124238787.
[I 2026-03-06 00:53:44,732] Trial 47 finished with value: 0.2525475121046241 and parameters: {'sigma_noise': 0.24753219215349226, 'A_repulsion': 0.06208122460400545, 'gamma': 0.933633367150367, 'sigma_update': 0.645040549627869, 'eta_learning': 1.987461067158082, 'sigma_boundary': 0.8973493994486091, 'alpha': 0.49560018703358244}. Best is trial 38 with value: 0.04848296124238787.
[I 2026-03-06 00:54:09,949] Trial 41 finished with value: 1.8015655442516927 and parameters: {'sigma_noise': 0.35902852286495185, 'A_repulsion': 0.16377312312330833, 'gamma': 0.14189581011107366, 'sigma_update': 0.4262573941221694, 'eta_learning': 0.418842436080348, 'sigma_boundary': 0.4293846337963388, 'alpha': 0.10280914197374591}. Best is trial 38 with value: 0.04848296124238787.
[I 2026-03-06 00:54:20,568] Trial 50 finished with value: 0.1469289058019191 and parameters: {'sigma_noise': 0.31494229777464744, 'A_repulsion': 0.009944195399467948, 'gamma': 0.7780854694703143, 'sigma_update': 0.33145164416176126, 'eta_learning': 1.2822721304487756, 'sigma_boundary': 0.6124682803192769, 'alpha': 0.5171831267269638}. Best is trial 38 with value: 0.04848296124238787.
[I 2026-03-06 00:54:30,123] Trial 53 finished with value: 0.1314026895429814 and parameters: {'sigma_noise': 0.30700567723745475, 'A_repulsion': 0.004095636771000586, 'gamma': 0.7977863853293922, 'sigma_update': 0.28481467515044895, 'eta_learning': 2.007166817626602, 'sigma_boundary': 1.0219310843609466, 'alpha': 0.5341304923573145}. Best is trial 38 with value: 0.04848296124238787.
[I 2026-03-06 00:54:33,712] Trial 51 finished with value: 0.13122419864102997 and parameters: {'sigma_noise': 0.31004873994574034, 'A_repulsion': 0.026756942352813593, 'gamma': 0.7705043198849656, 'sigma_update': 0.3111384243104034, 'eta_learning': 1.8663824103715658, 'sigma_boundary': 1.1819443041202224, 'alpha': 0.5644637861915074}. Best is trial 38 with value: 0.04848296124238787.
[I 2026-03-06 00:54:34,748] Trial 56 finished with value: 0.09099861074319268 and parameters: {'sigma_noise': 0.3358355485472289, 'A_repulsion': 0.004651829100518678, 'gamma': 0.8192002077621251, 'sigma_update': 0.25891488313820943, 'eta_learning': 0.9826265047553129, 'sigma_boundary': 1.547126515789024, 'alpha': 0.871735300874638}. Best is trial 38 with value: 0.04848296124238787.
[I 2026-03-06 00:54:49,989] Trial 52 finished with value: 0.19517846286924287 and parameters: {'sigma_noise': 0.3156235971644197, 'A_repulsion': 0.016198104801382507, 'gamma': 0.7682672279244741, 'sigma_update': 0.29530501872768433, 'eta_learning': 2.085968564452326, 'sigma_boundary': 4.678659112534518, 'alpha': 0.5169248048899577}. Best is trial 38 with value: 0.04848296124238787.
[I 2026-03-06 00:54:55,233] Trial 54 finished with value: 0.09866372827826794 and parameters: {'sigma_noise': 0.3303897075183596, 'A_repulsion': 0.01127195233340777, 'gamma': 0.7801944964345416, 'sigma_update': 0.3109364739273085, 'eta_learning': 2.1405759598681127, 'sigma_boundary': 0.43363456734070294, 'alpha': 0.7924169623083321}. Best is trial 38 with value: 0.04848296124238787.
[I 2026-03-06 00:54:59,390] Trial 55 finished with value: 0.09503716822459575 and parameters: {'sigma_noise': 0.3434611770664281, 'A_repulsion': 0.00562171939087075, 'gamma': 0.785201328002177, 'sigma_update': 0.2854938972123061, 'eta_learning': 0.9348035702364536, 'sigma_boundary': 0.20210585108953438, 'alpha': 0.8556337796389009}. Best is trial 38 with value: 0.04848296124238787.
[I 2026-03-06 00:55:10,883] Trial 58 finished with value: 0.24806366510713684 and parameters: {'sigma_noise': 0.3430623528437762, 'A_repulsion': 0.0005779532628119588, 'gamma': 0.02221093470488389, 'sigma_update': 0.4061479768437553, 'eta_learning': 0.9209807383072851, 'sigma_boundary': 0.5235663283775356, 'alpha': 0.8703593924917377}. Best is trial 38 with value: 0.04848296124238787.
[I 2026-03-06 00:55:18,330] Trial 57 finished with value: 0.0587701763798657 and parameters: {'sigma_noise': 0.35005925294774476, 'A_repulsion': 0.020511084181360092, 'gamma': 0.9968776067667207, 'sigma_update': 0.2730388591371854, 'eta_learning': 0.9450590174302588, 'sigma_boundary': 1.881039489145432, 'alpha': 0.8866677160462325}. Best is trial 38 with value: 0.04848296124238787.
[I 2026-03-06 00:55:30,736] Trial 44 finished with value: 0.38244035520698183 and parameters: {'sigma_noise': 0.3656166190803993, 'A_repulsion': 0.20238164017883492, 'gamma': 0.7985967162343212, 'sigma_update': 0.218454873123525, 'eta_learning': 2.0702082903678876, 'sigma_boundary': 0.21349341460535234, 'alpha': 0.36691811800270757}. Best is trial 38 with value: 0.04848296124238787.
[I 2026-03-06 00:55:57,940] Trial 45 finished with value: 0.5851477449682917 and parameters: {'sigma_noise': 0.2509218504114912, 'A_repulsion': 0.4992203239048002, 'gamma': 0.4914074650431018, 'sigma_update': 0.5207902728757624, 'eta_learning': 2.7769628457651736, 'sigma_boundary': 0.6784958001650444, 'alpha': 0.3921494088950628}. Best is trial 38 with value: 0.04848296124238787.
