[I 2026-03-06 02:53:24,081] Trial 162 finished with value: 0.0438015122252353 and parameters: {'sigma_noise': 0.2760105060384357, 'A_repulsion': 0.2635276049600095, 'gamma': 0.9502545686891721, 'sigma_update': 0.2817946055779193, 'eta_learning': 0.45736167042394466, 'sigma_boundary': 1.6116428650651602, 'alpha': 0.9600868036347471}. Best is trial 145 with value: 0.025669629683461946.
[I 2026-03-06 02:53:26,462] Trial 173 finished with value: 0.022472888964909843 and parameters: {'sigma_noise': 0.2823410286830827, 'A_repulsion': 0.03153279906048924, 'gamma': 0.9825680079768385, 'sigma_update': 0.316308935985712, 'eta_learning': 1.4456218331783952, 'sigma_boundary': 1.6146682985122982, 'alpha': 0.9648291851221614}. Best is trial 173 with value: 0.022472888964909843.
[I 2026-03-06 02:53:26,824] Trial 184 finished with value: 0.05387077988176925 and parameters: {'sigma_noise': 0.18813766409199004, 'A_repulsion': 0.028579975087601992, 'gamma': 0.9917548729349578, 'sigma_update': 0.2772978778024726, 'eta_learning': 1.5670225326635279, 'sigma_boundary': 1.6465659378417359, 'alpha': 0.9474868159034985}. Best is trial 173 with value: 0.022472888964909843.
[I 2026-03-06 02:53:33,678] Trial 185 finished with value: 0.030258875485435363 and parameters: {'sigma_noise': 0.1969623259379733, 'A_repulsion': 0.024707826101727927, 'gamma': 0.9928385203311225, 'sigma_update': 0.28545309623293597, 'eta_learning': 1.5976555951137026, 'sigma_boundary': 1.661603642738623, 'alpha': 0.9641834570371207}. Best is trial 173 with value: 0.022472888964909843.
[I 2026-03-06 02:53:38,919] Trial 176 finished with value: 0.02509957284283656 and parameters: {'sigma_noise': 0.2798520656540892, 'A_repulsion': 0.027832518950284258, 'gamma': 0.9893196835896959, 'sigma_update': 0.28289536808595045, 'eta_learning': 1.4578373702927736, 'sigma_boundary': 1.6053957997637696, 'alpha': 0.9626775711853806}. Best is trial 173 with value: 0.022472888964909843.
[I 2026-03-06 02:53:43,426] Trial 183 finished with value: 0.02861502309081817 and parameters: {'sigma_noise': 0.20045726708061362, 'A_repulsion': 0.0328016948433322, 'gamma': 0.9745904419126081, 'sigma_update': 0.2804125067947917, 'eta_learning': 1.578604527153283, 'sigma_boundary': 1.4430022132747804, 'alpha': 0.9630276867924947}. Best is trial 173 with value: 0.022472888964909843.
[I 2026-03-06 02:53:44,650] Trial 178 finished with value: 0.02700195624821334 and parameters: {'sigma_noise': 0.27985384441068717, 'A_repulsion': 0.024340554873934966, 'gamma': 0.995117765674316, 'sigma_update': 0.28279995960739446, 'eta_learning': 1.5022808502919327, 'sigma_boundary': 1.570960441979004, 'alpha': 0.9611428588485253}. Best is trial 173 with value: 0.022472888964909843.
[I 2026-03-06 02:53:50,051] Trial 177 finished with value: 0.024643648413785357 and parameters: {'sigma_noise': 0.282113650253328, 'A_repulsion': 0.02430987795389372, 'gamma': 0.9831556031413833, 'sigma_update': 0.28494578605346876, 'eta_learning': 1.5448895155455684, 'sigma_boundary': 1.622710528070538, 'alpha': 0.9590524161220967}. Best is trial 173 with value: 0.022472888964909843.
[I 2026-03-06 02:53:50,235] Trial 163 finished with value: 0.04491251812287018 and parameters: {'sigma_noise': 0.2751959273191296, 'A_repulsion': 0.26525854611062344, 'gamma': 0.9575655037627832, 'sigma_update': 0.28679797174072297, 'eta_learning': 1.4339049625752582, 'sigma_boundary': 2.4817820213267963, 'alpha': 0.9620746899539474}. Best is trial 173 with value: 0.022472888964909843.
[I 2026-03-06 02:53:52,422] Trial 186 finished with value: 0.06101161123534351 and parameters: {'sigma_noise': 0.1917165862948286, 'A_repulsion': 0.023162439179057106, 'gamma': 0.9998768864605494, 'sigma_update': 0.27918752290354953, 'eta_learning': 2.0683227283281225, 'sigma_boundary': 1.6318388800957244, 'alpha': 0.9587262887928153}. Best is trial 173 with value: 0.022472888964909843.
[I 2026-03-06 02:53:57,635] Trial 188 finished with value: 0.04463322219385976 and parameters: {'sigma_noise': 0.18278272481846697, 'A_repulsion': 0.026105368273515485, 'gamma': 0.9994825482691175, 'sigma_update': 0.28588770854769685, 'eta_learning': 1.59667481534246, 'sigma_boundary': 1.4497669697479592, 'alpha': 0.9611060798862855}. Best is trial 173 with value: 0.022472888964909843.
[I 2026-03-06 02:54:07,421] Trial 166 finished with value: 0.04332213662912045 and parameters: {'sigma_noise': 0.2797568737195556, 'A_repulsion': 0.2644878412760736, 'gamma': 0.9389903169378071, 'sigma_update': 0.2886415187412795, 'eta_learning': 1.4511997446814342, 'sigma_boundary': 1.6325991360969927, 'alpha': 0.9581051982956923}. Best is trial 173 with value: 0.022472888964909843.
[I 2026-03-06 02:54:07,773] Trial 167 finished with value: 0.04255418120843321 and parameters: {'sigma_noise': 0.2773511961128802, 'A_repulsion': 0.2620915353375139, 'gamma': 0.9466539735716591, 'sigma_update': 0.2786216949378543, 'eta_learning': 1.3307360457573556, 'sigma_boundary': 1.587196926584663, 'alpha': 0.9573968138194305}. Best is trial 173 with value: 0.022472888964909843.
[I 2026-03-06 02:54:14,545] Trial 192 finished with value: 0.055811827941593686 and parameters: {'sigma_noise': 0.19096856472807125, 'A_repulsion': 0.03485382141087914, 'gamma': 0.9937249626455014, 'sigma_update': 0.26712919106114263, 'eta_learning': 1.5832511858440694, 'sigma_boundary': 1.624978965432323, 'alpha': 0.9620372915710177}. Best is trial 173 with value: 0.022472888964909843.
[I 2026-03-06 02:54:20,196] Trial 189 finished with value: 0.03463299908633864 and parameters: {'sigma_noise': 0.18775311201407122, 'A_repulsion': 0.03947080252085938, 'gamma': 0.9833090633276368, 'sigma_update': 0.26221815045255803, 'eta_learning': 2.106692355603667, 'sigma_boundary': 1.6826363399765638, 'alpha': 0.964129180491347}. Best is trial 173 with value: 0.022472888964909843.
[I 2026-03-06 02:54:20,307] Trial 169 finished with value: 0.043188347993025886 and parameters: {'sigma_noise': 0.2793927863954915, 'A_repulsion': 0.262223278415664, 'gamma': 0.9371533495157528, 'sigma_update': 0.29440110185627594, 'eta_learning': 1.4843983729552657, 'sigma_boundary': 1.6549119369273964, 'alpha': 0.9478195121941002}. Best is trial 173 with value: 0.022472888964909843.
[I 2026-03-06 02:54:27,092] Trial 170 finished with value: 0.04279813573626455 and parameters: {'sigma_noise': 0.28307315798281635, 'A_repulsion': 0.26089132203415116, 'gamma': 0.9428906172294292, 'sigma_update': 0.28329844135380605, 'eta_learning': 1.4545888836060437, 'sigma_boundary': 1.7085278532288772, 'alpha': 0.9663896055674975}. Best is trial 173 with value: 0.022472888964909843.
[I 2026-03-06 02:54:36,446] Trial 191 finished with value: 0.05296411740901409 and parameters: {'sigma_noise': 0.19762073720339018, 'A_repulsion': 0.02653600865013722, 'gamma': 0.9944450341756075, 'sigma_update': 0.2579442959269403, 'eta_learning': 1.5705941227954114, 'sigma_boundary': 1.6101460095460773, 'alpha': 0.9626763501223388}. Best is trial 173 with value: 0.022472888964909843.
[I 2026-03-06 02:54:37,464] Trial 190 finished with value: 0.029477104862500353 and parameters: {'sigma_noise': 0.19475834923633623, 'A_repulsion': 0.02618004940586715, 'gamma': 0.9836622929191319, 'sigma_update': 0.30774348603292445, 'eta_learning': 1.5734973811307928, 'sigma_boundary': 1.2579341560240698, 'alpha': 0.9587353784995724}. Best is trial 173 with value: 0.022472888964909843.
[I 2026-03-06 02:54:39,918] Trial 187 finished with value: 0.028901220507487654 and parameters: {'sigma_noise': 0.28088288368646375, 'A_repulsion': 0.024864376206948327, 'gamma': 0.8791459134197811, 'sigma_update': 0.27507469918653427, 'eta_learning': 2.02927214124096, 'sigma_boundary': 1.4303215942039926, 'alpha': 0.9634979724724755}. Best is trial 173 with value: 0.022472888964909843.
[I 2026-03-06 02:54:43,646] Trial 171 finished with value: 0.03995206379097799 and parameters: {'sigma_noise': 0.2789731441614603, 'A_repulsion': 0.2609233451007882, 'gamma': 0.9317089530587314, 'sigma_update': 0.2840732225996406, 'eta_learning': 1.4150418216632183, 'sigma_boundary': 1.682196117021642, 'alpha': 0.9621045637914462}. Best is trial 173 with value: 0.022472888964909843.
[I 2026-03-06 02:54:45,978] Trial 193 finished with value: 0.03073921107705571 and parameters: {'sigma_noise': 0.19065666989916918, 'A_repulsion': 0.021772014441463053, 'gamma': 0.9909485260593377, 'sigma_update': 0.26492887766556844, 'eta_learning': 1.5670203076943334, 'sigma_boundary': 0.9575201686079109, 'alpha': 0.9584244899944564}. Best is trial 173 with value: 0.022472888964909843.
[I 2026-03-06 02:54:47,719] Trial 172 finished with value: 0.04258393437268392 and parameters: {'sigma_noise': 0.2827519827025901, 'A_repulsion': 0.24528087323610245, 'gamma': 0.8681217703097175, 'sigma_update': 0.318724156398719, 'eta_learning': 1.449012726094636, 'sigma_boundary': 1.5772530074609659, 'alpha': 0.9627779302243329}. Best is trial 173 with value: 0.022472888964909843.
[I 2026-03-06 02:54:48,285] Trial 174 finished with value: 0.061183216576865436 and parameters: {'sigma_noise': 0.2769806682982928, 'A_repulsion': 0.24954015053747963, 'gamma': 0.9907508019738281, 'sigma_update': 0.2916004611437883, 'eta_learning': 1.4501511023267095, 'sigma_boundary': 1.5573768187813277, 'alpha': 0.9632520159824493}. Best is trial 173 with value: 0.022472888964909843.
[I 2026-03-06 02:54:50,166] Trial 175 finished with value: 0.06542283121990207 and parameters: {'sigma_noise': 0.2779256858976267, 'A_repulsion': 0.25076154559168384, 'gamma': 0.9920048646655332, 'sigma_update': 0.2862334259735366, 'eta_learning': 1.4528174108061718, 'sigma_boundary': 1.7032251452718954, 'alpha': 0.962628974390424}. Best is trial 173 with value: 0.022472888964909843.
[I 2026-03-06 02:54:58,970] Trial 195 finished with value: 0.055317196370547356 and parameters: {'sigma_noise': 0.19843965796285584, 'A_repulsion': 0.026404563913935995, 'gamma': 0.997569041743425, 'sigma_update': 0.26317692366226203, 'eta_learning': 1.5635894675697968, 'sigma_boundary': 0.8176600733367287, 'alpha': 0.948515221208312}. Best is trial 173 with value: 0.022472888964909843.
[I 2026-03-06 02:55:05,889] Trial 197 finished with value: 0.06078958490706303 and parameters: {'sigma_noise': 0.19779438611993053, 'A_repulsion': 0.02914998662804323, 'gamma': 0.9995973965283038, 'sigma_update': 0.25468540468827006, 'eta_learning': 1.5510203964283904, 'sigma_boundary': 1.0423755244296875, 'alpha': 0.9597106032153663}. Best is trial 173 with value: 0.022472888964909843.
[I 2026-03-06 02:55:06,940] Trial 196 finished with value: 0.029298898811758716 and parameters: {'sigma_noise': 0.2003066073019647, 'A_repulsion': 0.02397939582330866, 'gamma': 0.9923983925583719, 'sigma_update': 0.2653204806360929, 'eta_learning': 1.5924246807612406, 'sigma_boundary': 1.0560434219216783, 'alpha': 0.9522992575410846}. Best is trial 173 with value: 0.022472888964909843.
[I 2026-03-06 02:55:07,757] Trial 194 finished with value: 0.027361841024253854 and parameters: {'sigma_noise': 0.29354386933274107, 'A_repulsion': 0.023508105336461055, 'gamma': 0.997135784307049, 'sigma_update': 0.24958961374742789, 'eta_learning': 2.0469909656321006, 'sigma_boundary': 1.2433059855711885, 'alpha': 0.9514993268370909}. Best is trial 173 with value: 0.022472888964909843.
[I 2026-03-06 02:55:11,503] Trial 198 finished with value: 0.030149231337159636 and parameters: {'sigma_noise': 0.2955921745944445, 'A_repulsion': 0.027719758825968693, 'gamma': 0.9921693280198507, 'sigma_update': 0.25865669490391535, 'eta_learning': 1.5846937347707986, 'sigma_boundary': 1.0703554544022333, 'alpha': 0.9483023211457035}. Best is trial 173 with value: 0.022472888964909843.
[I 2026-03-06 02:55:12,512] Trial 199 finished with value: 0.029654664044646915 and parameters: {'sigma_noise': 0.2952755514255533, 'A_repulsion': 0.02705976326615918, 'gamma': 0.9962790988518639, 'sigma_update': 0.306358031161027, 'eta_learning': 1.60214410541221, 'sigma_boundary': 1.0914128267634835, 'alpha': 0.9423695815002918}. Best is trial 173 with value: 0.022472888964909843.
[I 2026-03-06 02:55:20,821] A new study created in memory with name: no-name-37e72896-2c61-44aa-b33f-5558c6812ff9
[I 2026-03-06 03:01:10,008] Trial 7 finished with value: 0.12530287647573923 and parameters: {'sigma_noise': 0.05131044099315823, 'A_repulsion': 0.1786115783349056, 'gamma': 0.3662016186428504, 'sigma_update': 0.3489215300525658, 'eta_learning': 1.2379948988312102, 'sigma_boundary': 7.776338346293969, 'alpha': 0.9956222239969234}. Best is trial 7 with value: 0.12530287647573923.
[I 2026-03-06 03:01:15,888] Trial 30 finished with value: 0.23703675090933082 and parameters: {'sigma_noise': 0.05139060604760322, 'A_repulsion': 0.21652837633338945, 'gamma': 0.312116371259789, 'sigma_update': 0.04425941306317517, 'eta_learning': 2.7619936487672194, 'sigma_boundary': 7.534165094635689, 'alpha': 0.7898143808365599}. Best is trial 7 with value: 0.12530287647573923.
[I 2026-03-06 03:01:39,261] Trial 24 finished with value: 0.07670981378527975 and parameters: {'sigma_noise': 0.08620331507949372, 'A_repulsion': 0.16965315236212875, 'gamma': 0.8210678066467904, 'sigma_update': 0.08870123792086942, 'eta_learning': 0.8057759090244494, 'sigma_boundary': 0.44171409807877415, 'alpha': 0.1860051313704265}. Best is trial 24 with value: 0.07670981378527975.
[I 2026-03-06 03:01:56,595] Trial 15 finished with value: 0.12591260376556257 and parameters: {'sigma_noise': 0.12707733908115199, 'A_repulsion': 0.11191688305584241, 'gamma': 0.14216694814583622, 'sigma_update': 0.4862230499877525, 'eta_learning': 2.724430505755358, 'sigma_boundary': 1.0121275070821725, 'alpha': 0.6377939929331875}. Best is trial 24 with value: 0.07670981378527975.
[I 2026-03-06 03:02:06,913] Trial 32 finished with value: 0.40395759426509176 and parameters: {'sigma_noise': 0.18560902621065728, 'A_repulsion': 0.029876932178909132, 'gamma': 0.5284569810659646, 'sigma_update': 0.10507829688245889, 'eta_learning': 1.2065301624706835, 'sigma_boundary': 7.3339137102724585, 'alpha': 0.21898501940537773}. Best is trial 24 with value: 0.07670981378527975.
[I 2026-03-06 03:02:13,709] Trial 39 finished with value: 0.06816422315650739 and parameters: {'sigma_noise': 0.15312463497410184, 'A_repulsion': 0.09382158596912815, 'gamma': 0.7625567068624727, 'sigma_update': 0.16785098827053727, 'eta_learning': 0.5444454808986419, 'sigma_boundary': 3.998188590918042, 'alpha': 0.36745001310771785}. Best is trial 39 with value: 0.06816422315650739.
[I 2026-03-06 03:02:25,150] Trial 28 finished with value: 0.07766311584376523 and parameters: {'sigma_noise': 0.17623133573553001, 'A_repulsion': 0.034991955617794834, 'gamma': 0.6260615307459934, 'sigma_update': 0.09396394600299003, 'eta_learning': 1.1909818397276215, 'sigma_boundary': 2.7569079302410398, 'alpha': 0.39285878351252534}. Best is trial 39 with value: 0.06816422315650739.
[I 2026-03-06 03:02:39,759] Trial 12 finished with value: 1.4466520710576833 and parameters: {'sigma_noise': 0.13914505871214322, 'A_repulsion': 0.164666780685293, 'gamma': 0.07330833180095189, 'sigma_update': 0.6733890745397929, 'eta_learning': 1.0034476634955967, 'sigma_boundary': 8.868761210044438, 'alpha': 0.059129081836675756}. Best is trial 39 with value: 0.06816422315650739.
[I 2026-03-06 03:02:42,759] Trial 37 finished with value: 0.09107288996980226 and parameters: {'sigma_noise': 0.13571411437456227, 'A_repulsion': 0.2008395274263043, 'gamma': 0.15740294439500524, 'sigma_update': 0.4761614833769097, 'eta_learning': 0.6014779562016138, 'sigma_boundary': 0.3207381867483044, 'alpha': 0.3964934740357976}. Best is trial 39 with value: 0.06816422315650739.
[I 2026-03-06 03:02:54,294] Trial 16 finished with value: 0.08012609038282606 and parameters: {'sigma_noise': 0.2392610509084112, 'A_repulsion': 0.03120177511696043, 'gamma': 0.5707290762716217, 'sigma_update': 0.544963912028137, 'eta_learning': 0.7249301170638157, 'sigma_boundary': 7.137447144346769, 'alpha': 0.8746838315037588}. Best is trial 39 with value: 0.06816422315650739.
[I 2026-03-06 03:03:13,576] Trial 11 finished with value: 0.1459132394668139 and parameters: {'sigma_noise': 0.07857581547248658, 'A_repulsion': 0.47184814221656485, 'gamma': 0.8412516329833157, 'sigma_update': 0.5257722786344413, 'eta_learning': 0.1981356206541765, 'sigma_boundary': 8.614442451448864, 'alpha': 0.05431658271514672}. Best is trial 39 with value: 0.06816422315650739.
[I 2026-03-06 03:03:13,811] Trial 20 finished with value: 0.37568023070292456 and parameters: {'sigma_noise': 0.21317510423182673, 'A_repulsion': 0.13873898377881844, 'gamma': 0.23789840986931837, 'sigma_update': 0.07247697190266539, 'eta_learning': 2.3558162328217143, 'sigma_boundary': 6.759195195316134, 'alpha': 0.32393161421842176}. Best is trial 39 with value: 0.06816422315650739.
[I 2026-03-06 03:03:25,925] Trial 8 finished with value: 0.07020470129271184 and parameters: {'sigma_noise': 0.25896015647185655, 'A_repulsion': 0.08456054209853542, 'gamma': 0.9423783604998648, 'sigma_update': 0.06208048592995025, 'eta_learning': 2.1482279226975667, 'sigma_boundary': 1.2395459994048341, 'alpha': 0.7745364778197095}. Best is trial 39 with value: 0.06816422315650739.
[I 2026-03-06 03:03:43,138] Trial 27 finished with value: 0.1497749528294075 and parameters: {'sigma_noise': 0.09799979243446627, 'A_repulsion': 0.4948460446881503, 'gamma': 0.5450051665286697, 'sigma_update': 0.3349605422323493, 'eta_learning': 1.6312421232818308, 'sigma_boundary': 4.976446958437119, 'alpha': 0.3929522571989177}. Best is trial 39 with value: 0.06816422315650739.
[I 2026-03-06 03:03:43,143] Trial 5 finished with value: 1.0160736103176442 and parameters: {'sigma_noise': 0.24339869034109224, 'A_repulsion': 0.139461418354977, 'gamma': 0.6453597816140203, 'sigma_update': 0.1989348264450203, 'eta_learning': 0.5904641531476323, 'sigma_boundary': 8.055322975071594, 'alpha': 0.18155862873201523}. Best is trial 39 with value: 0.06816422315650739.
[I 2026-03-06 03:04:06,657] Trial 18 finished with value: 0.25758839154221447 and parameters: {'sigma_noise': 0.17409193746307677, 'A_repulsion': 0.3431611308712709, 'gamma': 0.3797623172308487, 'sigma_update': 0.6726006825200502, 'eta_learning': 1.5412459103579572, 'sigma_boundary': 8.521801607866543, 'alpha': 0.6294847080277416}. Best is trial 39 with value: 0.06816422315650739.
[I 2026-03-06 03:04:09,605] Trial 35 finished with value: 0.43702160838502013 and parameters: {'sigma_noise': 0.2948189202295502, 'A_repulsion': 0.10100166007695155, 'gamma': 0.5798223078733032, 'sigma_update': 0.3239828211577165, 'eta_learning': 1.4141709159433793, 'sigma_boundary': 4.299132218077855, 'alpha': 0.3573978980600935}. Best is trial 39 with value: 0.06816422315650739.
[I 2026-03-06 03:04:10,308] Trial 1 finished with value: 1.9044446684287948 and parameters: {'sigma_noise': 0.11782195275922565, 'A_repulsion': 0.4940150597991082, 'gamma': 0.06841267367868298, 'sigma_update': 0.20615270466787294, 'eta_learning': 2.9173959720691913, 'sigma_boundary': 6.201799783765204, 'alpha': 0.10201875408205163}. Best is trial 39 with value: 0.06816422315650739.
[I 2026-03-06 03:04:14,148] Trial 10 finished with value: 0.5233264774886112 and parameters: {'sigma_noise': 0.23029359098636143, 'A_repulsion': 0.23162182787287522, 'gamma': 0.9548467573279386, 'sigma_update': 0.6069993694783765, 'eta_learning': 0.7877366159252229, 'sigma_boundary': 2.9647281111033075, 'alpha': 0.35318065764184114}. Best is trial 39 with value: 0.06816422315650739.
[I 2026-03-06 03:04:19,051] Trial 0 finished with value: 1.8724364911864733 and parameters: {'sigma_noise': 0.28370314213581765, 'A_repulsion': 0.13315878719878116, 'gamma': 0.42886726745969495, 'sigma_update': 0.06398619458340002, 'eta_learning': 2.0977281486002313, 'sigma_boundary': 9.239744591906703, 'alpha': 0.15006033524426632}. Best is trial 39 with value: 0.06816422315650739.
[I 2026-03-06 03:04:38,708] Trial 9 finished with value: 0.536948267225837 and parameters: {'sigma_noise': 0.22376338900861453, 'A_repulsion': 0.30762648789693015, 'gamma': 0.04431975820002388, 'sigma_update': 0.20589107913545482, 'eta_learning': 1.0902953826474338, 'sigma_boundary': 3.184199514227138, 'alpha': 0.30723696694060154}. Best is trial 39 with value: 0.06816422315650739.
[I 2026-03-06 03:04:51,663] Trial 36 finished with value: 0.47546017223088743 and parameters: {'sigma_noise': 0.36735159219813585, 'A_repulsion': 0.09948997460735232, 'gamma': 0.7162230888242719, 'sigma_update': 0.6034867648648518, 'eta_learning': 0.16531184449661487, 'sigma_boundary': 0.7005839491804865, 'alpha': 0.14995308566262666}. Best is trial 39 with value: 0.06816422315650739.
[I 2026-03-06 03:05:01,585] Trial 6 finished with value: 0.25289741833521073 and parameters: {'sigma_noise': 0.1955058729204674, 'A_repulsion': 0.39205711713062735, 'gamma': 0.1919435362436774, 'sigma_update': 0.6654382287206062, 'eta_learning': 1.6160426102372905, 'sigma_boundary': 6.519086753945277, 'alpha': 0.7497783893211978}. Best is trial 39 with value: 0.06816422315650739.
[I 2026-03-06 03:05:02,185] Trial 17 finished with value: 0.19173242629290557 and parameters: {'sigma_noise': 0.35553387262731617, 'A_repulsion': 0.1650660368100444, 'gamma': 0.1610393966634629, 'sigma_update': 0.2221519583451914, 'eta_learning': 2.6188236090000916, 'sigma_boundary': 0.6989635098573569, 'alpha': 0.6962704337289068}. Best is trial 39 with value: 0.06816422315650739.
[I 2026-03-06 03:05:06,069] Trial 19 finished with value: 0.4916356986050801 and parameters: {'sigma_noise': 0.24856554354738275, 'A_repulsion': 0.2769695453473128, 'gamma': 0.6562492695724977, 'sigma_update': 0.27675678783413127, 'eta_learning': 2.3464465113542334, 'sigma_boundary': 3.5113135140175573, 'alpha': 0.3553527286228503}. Best is trial 39 with value: 0.06816422315650739.
