[I 2026-03-06 03:19:46,746] Trial 93 finished with value: 0.11159951157255625 and parameters: {'sigma_noise': 0.10666785516952494, 'A_repulsion': 0.006181565630726846, 'gamma': 0.9931056507547708, 'sigma_update': 0.1801513926160283, 'eta_learning': 0.9110288301646738, 'sigma_boundary': 2.5742043089287336, 'alpha': 0.24897194632784891}. Best is trial 71 with value: 0.04949840661683641.
[I 2026-03-06 03:19:59,202] Trial 97 finished with value: 0.11219097018912817 and parameters: {'sigma_noise': 0.10572153524335962, 'A_repulsion': 0.006473653879835298, 'gamma': 0.8844344324032043, 'sigma_update': 0.10606719933809006, 'eta_learning': 0.9247116294901169, 'sigma_boundary': 2.4419427893324523, 'alpha': 0.25107063902117827}. Best is trial 71 with value: 0.04949840661683641.
[I 2026-03-06 03:20:06,255] Trial 96 finished with value: 0.10262129465430538 and parameters: {'sigma_noise': 0.10720785712722936, 'A_repulsion': 0.00020007476062713914, 'gamma': 0.8921285578868101, 'sigma_update': 0.18214813779703523, 'eta_learning': 0.920028901156378, 'sigma_boundary': 2.5603635209883873, 'alpha': 0.29073837363134813}. Best is trial 71 with value: 0.04949840661683641.
[I 2026-03-06 03:20:11,261] Trial 95 finished with value: 0.1270410279807662 and parameters: {'sigma_noise': 0.10531315555970625, 'A_repulsion': 0.016335818001672858, 'gamma': 0.9972662369799816, 'sigma_update': 0.1614973941626831, 'eta_learning': 0.9962373652778064, 'sigma_boundary': 2.4760647757034357, 'alpha': 0.24891056262740197}. Best is trial 71 with value: 0.04949840661683641.
[I 2026-03-06 03:20:15,141] Trial 94 finished with value: 0.5764715996411212 and parameters: {'sigma_noise': 0.11043995879634717, 'A_repulsion': 0.018551872682155107, 'gamma': 0.9049250993381226, 'sigma_update': 0.10743193302797208, 'eta_learning': 0.9198481668393885, 'sigma_boundary': 2.5229473852868223, 'alpha': 0.013394719666290633}. Best is trial 71 with value: 0.04949840661683641.
[I 2026-03-06 03:20:20,248] Trial 102 finished with value: 0.08446288872063465 and parameters: {'sigma_noise': 0.08897828440414102, 'A_repulsion': 0.004989381257960279, 'gamma': 0.8889541161850784, 'sigma_update': 0.17951113663781557, 'eta_learning': 0.5282761987843334, 'sigma_boundary': 1.3673726967611959, 'alpha': 0.28769481377389516}. Best is trial 71 with value: 0.04949840661683641.
[I 2026-03-06 03:20:31,242] Trial 101 finished with value: 0.07576725491233083 and parameters: {'sigma_noise': 0.10450979166428175, 'A_repulsion': 0.0007124776845365971, 'gamma': 0.8742410831028089, 'sigma_update': 0.1932167404778279, 'eta_learning': 0.5485590036206068, 'sigma_boundary': 2.363128664608238, 'alpha': 0.592505845886539}. Best is trial 71 with value: 0.04949840661683641.
[I 2026-03-06 03:20:44,800] Trial 100 finished with value: 0.9602530166860004 and parameters: {'sigma_noise': 0.11044885336562338, 'A_repulsion': 0.012660716585994436, 'gamma': 0.8963834658122869, 'sigma_update': 0.17939608067335233, 'eta_learning': 2.0196455579936807, 'sigma_boundary': 1.3014337326707985, 'alpha': 0.01339849590841069}. Best is trial 71 with value: 0.04949840661683641.
[I 2026-03-06 03:20:46,284] Trial 80 finished with value: 0.7717886909108925 and parameters: {'sigma_noise': 0.2735336185519122, 'A_repulsion': 0.04961598576047673, 'gamma': 0.7455063862994002, 'sigma_update': 0.010100677646054865, 'eta_learning': 0.8649435153024347, 'sigma_boundary': 1.7930930911195717, 'alpha': 0.5584083161059703}. Best is trial 71 with value: 0.04949840661683641.
[I 2026-03-06 03:20:49,766] Trial 103 finished with value: 0.07671058658043126 and parameters: {'sigma_noise': 0.10883375675024046, 'A_repulsion': 0.0031936359298671696, 'gamma': 0.907258453111169, 'sigma_update': 0.15849049845057148, 'eta_learning': 0.951818179954023, 'sigma_boundary': 1.3260569459986506, 'alpha': 0.6031668933738247}. Best is trial 71 with value: 0.04949840661683641.
[I 2026-03-06 03:20:53,280] Trial 99 finished with value: 0.0676999228900817 and parameters: {'sigma_noise': 0.11490428701010946, 'A_repulsion': 0.011388002671564909, 'gamma': 0.876580117608567, 'sigma_update': 0.15941821877589776, 'eta_learning': 0.5288539114402735, 'sigma_boundary': 3.590771624632705, 'alpha': 0.6149502172504743}. Best is trial 71 with value: 0.04949840661683641.
[I 2026-03-06 03:20:57,545] Trial 81 finished with value: 1.2356344701848831 and parameters: {'sigma_noise': 0.2709150228900018, 'A_repulsion': 0.05782454147930173, 'gamma': 0.7603570972329982, 'sigma_update': 0.02858541104251021, 'eta_learning': 0.9269673939840435, 'sigma_boundary': 1.7754122486235144, 'alpha': 0.24784371128073668}. Best is trial 71 with value: 0.04949840661683641.
[I 2026-03-06 03:21:28,255] Trial 83 finished with value: 1.9484344003299632 and parameters: {'sigma_noise': 0.27454006326520175, 'A_repulsion': 0.0343862945410797, 'gamma': 0.7959097412144671, 'sigma_update': 0.16733546436761726, 'eta_learning': 1.4017836071517327, 'sigma_boundary': 1.7253608938015483, 'alpha': 0.00451580289573944}. Best is trial 71 with value: 0.04949840661683641.
[I 2026-03-06 03:21:43,397] Trial 82 finished with value: 0.53467892829413 and parameters: {'sigma_noise': 0.2723463748196009, 'A_repulsion': 0.05753297951933979, 'gamma': 0.7771267088919468, 'sigma_update': 0.023921385529504846, 'eta_learning': 0.9889684258522451, 'sigma_boundary': 1.8003145678685317, 'alpha': 0.5420975040571545}. Best is trial 71 with value: 0.04949840661683641.
[I 2026-03-06 03:21:58,469] Trial 86 finished with value: 1.4795679698606896 and parameters: {'sigma_noise': 0.27573209042510305, 'A_repulsion': 0.04894466141573487, 'gamma': 0.7731628717376624, 'sigma_update': 0.012293558476711819, 'eta_learning': 0.9229652853577957, 'sigma_boundary': 1.739749811897577, 'alpha': 0.2527326130369937}. Best is trial 71 with value: 0.04949840661683641.
[I 2026-03-06 03:22:02,509] Trial 91 finished with value: 0.09395355157365758 and parameters: {'sigma_noise': 0.263446957222136, 'A_repulsion': 0.0006376645954512539, 'gamma': 0.9887390959551196, 'sigma_update': 0.17172165232416836, 'eta_learning': 0.27981068175773643, 'sigma_boundary': 1.525358033023007, 'alpha': 0.24015940507697994}. Best is trial 71 with value: 0.04949840661683641.
[I 2026-03-06 03:22:04,601] Trial 85 finished with value: 0.4137377432035931 and parameters: {'sigma_noise': 0.27303072217531665, 'A_repulsion': 0.05167616792166322, 'gamma': 0.741779999421406, 'sigma_update': 0.01964666628311651, 'eta_learning': 0.38982146919331107, 'sigma_boundary': 2.1893779658480987, 'alpha': 0.5879498983764198}. Best is trial 71 with value: 0.04949840661683641.
[I 2026-03-06 03:22:05,874] Trial 87 finished with value: 1.3664477136715 and parameters: {'sigma_noise': 0.27127741729927735, 'A_repulsion': 0.06029564409530547, 'gamma': 0.7531327611089493, 'sigma_update': 0.16181111152595118, 'eta_learning': 0.3630619654458269, 'sigma_boundary': 1.6442258066476223, 'alpha': 0.008215044292078588}. Best is trial 71 with value: 0.04949840661683641.
[I 2026-03-06 03:22:06,638] Trial 117 finished with value: 0.09217102398180751 and parameters: {'sigma_noise': 0.0842262300338733, 'A_repulsion': 0.08942940582649442, 'gamma': 0.89215970589024, 'sigma_update': 0.1159850746950309, 'eta_learning': 0.5406428956052038, 'sigma_boundary': 1.2503241105233784, 'alpha': 0.3186516409604668}. Best is trial 71 with value: 0.04949840661683641.
[I 2026-03-06 03:22:08,965] Trial 89 finished with value: 0.5244995349285788 and parameters: {'sigma_noise': 0.2696412966551615, 'A_repulsion': 0.011617360296887494, 'gamma': 0.8962647035771396, 'sigma_update': 0.16988784589234157, 'eta_learning': 0.924562480854967, 'sigma_boundary': 1.4843411638738, 'alpha': 0.2474710673025725}. Best is trial 71 with value: 0.04949840661683641.
[I 2026-03-06 03:22:11,788] Trial 112 finished with value: 0.08881861671705057 and parameters: {'sigma_noise': 0.10260151666746553, 'A_repulsion': 0.09121865516539089, 'gamma': 0.9036797439630833, 'sigma_update': 0.18038710632180172, 'eta_learning': 0.5458838601462208, 'sigma_boundary': 1.290276245588388, 'alpha': 0.4241094795284032}. Best is trial 71 with value: 0.04949840661683641.
[I 2026-03-06 03:22:21,154] Trial 118 finished with value: 0.07093250600165854 and parameters: {'sigma_noise': 0.10061157743108687, 'A_repulsion': 0.044134646647474664, 'gamma': 0.8818483393068128, 'sigma_update': 0.39813545854012916, 'eta_learning': 0.5088573835223275, 'sigma_boundary': 1.3612345213007373, 'alpha': 0.42723149800042604}. Best is trial 71 with value: 0.04949840661683641.
[I 2026-03-06 03:22:33,943] Trial 114 finished with value: 0.09044036050217366 and parameters: {'sigma_noise': 0.08677518836437342, 'A_repulsion': 0.09368991816944292, 'gamma': 0.9046198018722109, 'sigma_update': 0.17918788796952773, 'eta_learning': 0.5147865848855738, 'sigma_boundary': 1.2859663512434694, 'alpha': 0.42170607406640215}. Best is trial 71 with value: 0.04949840661683641.
[I 2026-03-06 03:22:34,442] Trial 116 finished with value: 0.26000953876435096 and parameters: {'sigma_noise': 0.11653544713792534, 'A_repulsion': 0.041212822056137285, 'gamma': 0.9039148997555245, 'sigma_update': 0.1680278570413309, 'eta_learning': 0.5229131107913622, 'sigma_boundary': 1.2921837419362712, 'alpha': 0.00536547314249447}. Best is trial 71 with value: 0.04949840661683641.
[I 2026-03-06 03:22:36,232] Trial 113 finished with value: 0.33405132431007056 and parameters: {'sigma_noise': 0.11671313784242585, 'A_repulsion': 0.09579515690737461, 'gamma': 0.9020227114171432, 'sigma_update': 0.17801657420042935, 'eta_learning': 0.4997987250562499, 'sigma_boundary': 1.1427892581167338, 'alpha': 0.002166858231946567}. Best is trial 71 with value: 0.04949840661683641.
[I 2026-03-06 03:22:41,842] Trial 115 finished with value: 0.06390838141710013 and parameters: {'sigma_noise': 0.1052416589928856, 'A_repulsion': 0.09596228850633189, 'gamma': 0.9118409258245688, 'sigma_update': 0.04312531060748861, 'eta_learning': 0.49848532067760276, 'sigma_boundary': 1.2902049840059875, 'alpha': 0.42759011030841076}. Best is trial 71 with value: 0.04949840661683641.
[I 2026-03-06 03:22:52,067] Trial 90 finished with value: 0.05959111603521714 and parameters: {'sigma_noise': 0.27224602514895835, 'A_repulsion': 0.058283100295276766, 'gamma': 0.9035791552592501, 'sigma_update': 0.1720859417976272, 'eta_learning': 0.32816895894845594, 'sigma_boundary': 1.5158135421757537, 'alpha': 0.5772731474387107}. Best is trial 71 with value: 0.04949840661683641.
[I 2026-03-06 03:23:01,669] Trial 88 finished with value: 1.0503011782663396 and parameters: {'sigma_noise': 0.2746767916558872, 'A_repulsion': 0.07259093472074614, 'gamma': 0.9022184232033414, 'sigma_update': 0.0116786209199079, 'eta_learning': 0.35738359938512243, 'sigma_boundary': 1.778950475866248, 'alpha': 0.2481415320339}. Best is trial 71 with value: 0.04949840661683641.
[I 2026-03-06 03:23:11,552] Trial 98 finished with value: 0.0640352663381711 and parameters: {'sigma_noise': 0.2678339632872056, 'A_repulsion': 0.018438798648542226, 'gamma': 0.8881652378649854, 'sigma_update': 0.1808888943414113, 'eta_learning': 0.9220294930826803, 'sigma_boundary': 3.774976931325516, 'alpha': 0.6129049449841086}. Best is trial 71 with value: 0.04949840661683641.
[I 2026-03-06 03:23:37,778] Trial 106 finished with value: 0.05947351238920111 and parameters: {'sigma_noise': 0.26136253781272195, 'A_repulsion': 1.1025871821432331e-05, 'gamma': 0.8947077298539576, 'sigma_update': 0.17953319410637514, 'eta_learning': 1.6857669869927971, 'sigma_boundary': 2.48169548278735, 'alpha': 0.6042120778456429}. Best is trial 71 with value: 0.04949840661683641.
[I 2026-03-06 03:23:44,789] Trial 104 finished with value: 0.06369655923673351 and parameters: {'sigma_noise': 0.2811301544973731, 'A_repulsion': 0.003856402461911157, 'gamma': 0.9069029520614899, 'sigma_update': 0.1944780985530753, 'eta_learning': 0.5299335919636627, 'sigma_boundary': 1.2711630829856972, 'alpha': 0.5831701980157135}. Best is trial 71 with value: 0.04949840661683641.
[I 2026-03-06 03:23:49,567] Trial 107 finished with value: 0.062428025253499414 and parameters: {'sigma_noise': 0.2701499799843704, 'A_repulsion': 0.002172332659932448, 'gamma': 0.8943473790621138, 'sigma_update': 0.17802749664738665, 'eta_learning': 1.675058706853626, 'sigma_boundary': 1.450610529280729, 'alpha': 0.6039805191736861}. Best is trial 71 with value: 0.04949840661683641.
[I 2026-03-06 03:23:58,959] Trial 105 finished with value: 0.061832501501526436 and parameters: {'sigma_noise': 0.27586837834847433, 'A_repulsion': 0.008888272758032764, 'gamma': 0.8941509993052832, 'sigma_update': 0.1671701523576986, 'eta_learning': 1.69727286014889, 'sigma_boundary': 1.3387999855650263, 'alpha': 0.5822945659278511}. Best is trial 71 with value: 0.04949840661683641.
[I 2026-03-06 03:24:03,760] Trial 108 finished with value: 0.06403305924927122 and parameters: {'sigma_noise': 0.28215501309686397, 'A_repulsion': 0.013062866595685417, 'gamma': 0.8971505123051405, 'sigma_update': 0.1738261432968195, 'eta_learning': 1.4194981057959695, 'sigma_boundary': 1.4120488264553899, 'alpha': 0.6014501273720678}. Best is trial 71 with value: 0.04949840661683641.
[I 2026-03-06 03:24:08,087] Trial 119 finished with value: 0.07690503647178526 and parameters: {'sigma_noise': 0.11078946914838862, 'A_repulsion': 0.10610318832183382, 'gamma': 0.9084424642358566, 'sigma_update': 0.17241433214402863, 'eta_learning': 0.5313097664970949, 'sigma_boundary': 2.7191312969412973, 'alpha': 0.43119713670449905}. Best is trial 71 with value: 0.04949840661683641.
[I 2026-03-06 03:24:19,605] Trial 109 finished with value: 0.05796920445635441 and parameters: {'sigma_noise': 0.27943024765133645, 'A_repulsion': 0.005707218498933325, 'gamma': 0.9058008276210135, 'sigma_update': 0.18376412915652174, 'eta_learning': 1.4257977030683329, 'sigma_boundary': 1.299113206629265, 'alpha': 0.6077253145311164}. Best is trial 71 with value: 0.04949840661683641.
[I 2026-03-06 03:25:00,331] Trial 110 finished with value: 0.07273038584509406 and parameters: {'sigma_noise': 0.2746583399346672, 'A_repulsion': 0.09634758417697649, 'gamma': 0.9033121859357425, 'sigma_update': 0.18412553876944082, 'eta_learning': 0.5241541611013871, 'sigma_boundary': 1.297857840671062, 'alpha': 0.41571262865981884}. Best is trial 71 with value: 0.04949840661683641.
[I 2026-03-06 03:25:07,532] Trial 111 finished with value: 0.08664723304121841 and parameters: {'sigma_noise': 0.2658701252486573, 'A_repulsion': 0.09500821144097964, 'gamma': 0.9002813893233383, 'sigma_update': 0.18530911608190911, 'eta_learning': 1.6846113535734701, 'sigma_boundary': 1.3116284526791127, 'alpha': 0.42256259590795053}. Best is trial 71 with value: 0.04949840661683641.
[I 2026-03-06 03:26:45,057] Trial 120 finished with value: 0.07812673228554257 and parameters: {'sigma_noise': 0.10737981905748226, 'A_repulsion': 0.03918052881019002, 'gamma': 0.9062443962564282, 'sigma_update': 0.10420630222957902, 'eta_learning': 0.5077435570010538, 'sigma_boundary': 1.3094887446033336, 'alpha': 0.4260639877189978}. Best is trial 71 with value: 0.04949840661683641.
[I 2026-03-06 03:26:56,156] Trial 121 finished with value: 0.25392420915125297 and parameters: {'sigma_noise': 0.0990080367514984, 'A_repulsion': 0.09655783317844888, 'gamma': 0.9011622868662452, 'sigma_update': 0.17723461906698093, 'eta_learning': 0.5038063170720596, 'sigma_boundary': 1.2546889762987763, 'alpha': 0.011721768267405674}. Best is trial 71 with value: 0.04949840661683641.
[I 2026-03-06 03:26:58,888] Trial 122 finished with value: 0.23511548124657514 and parameters: {'sigma_noise': 0.08352587008801292, 'A_repulsion': 0.11979479402891145, 'gamma': 0.9097952110306848, 'sigma_update': 0.11341744160697745, 'eta_learning': 0.5246761045359805, 'sigma_boundary': 1.314026999375487, 'alpha': 0.015045008504686708}. Best is trial 71 with value: 0.04949840661683641.
[I 2026-03-06 03:27:02,004] Trial 127 finished with value: 0.1451651860280675 and parameters: {'sigma_noise': 0.06960616746471533, 'A_repulsion': 0.09448091225689474, 'gamma': 0.930466050460353, 'sigma_update': 0.05194967349876583, 'eta_learning': 0.1991715332424045, 'sigma_boundary': 1.1615741334503011, 'alpha': 0.6138216750788961}. Best is trial 71 with value: 0.04949840661683641.
[I 2026-03-06 03:27:20,677] Trial 125 finished with value: 0.23870953428862518 and parameters: {'sigma_noise': 0.07954990353151195, 'A_repulsion': 0.09430416701704805, 'gamma': 0.92266647419246, 'sigma_update': 0.05646624131341348, 'eta_learning': 0.5920663334677669, 'sigma_boundary': 1.4212217310374053, 'alpha': 0.032268137031419286}. Best is trial 71 with value: 0.04949840661683641.
[I 2026-03-06 03:27:20,831] Trial 123 finished with value: 0.08967312195896318 and parameters: {'sigma_noise': 0.08613867969633017, 'A_repulsion': 0.09856394399134566, 'gamma': 0.8980095639705847, 'sigma_update': 0.0461431747324239, 'eta_learning': 0.2443134444895762, 'sigma_boundary': 1.1988314264018305, 'alpha': 0.6169712642455635}. Best is trial 71 with value: 0.04949840661683641.
[I 2026-03-06 03:27:34,664] Trial 124 finished with value: 0.08042047245537415 and parameters: {'sigma_noise': 0.08166302385084452, 'A_repulsion': 0.09984675687987268, 'gamma': 0.9295214164582458, 'sigma_update': 0.048076522959022816, 'eta_learning': 0.4674300249625206, 'sigma_boundary': 1.2781418321703515, 'alpha': 0.4270833476177388}. Best is trial 71 with value: 0.04949840661683641.
[I 2026-03-06 03:27:38,283] Trial 126 finished with value: 0.09028800018811624 and parameters: {'sigma_noise': 0.08742767106300353, 'A_repulsion': 0.09423406711792143, 'gamma': 0.9269151113550292, 'sigma_update': 0.058883626987601564, 'eta_learning': 0.5138685791880758, 'sigma_boundary': 1.236552564861381, 'alpha': 0.4227501365559944}. Best is trial 71 with value: 0.04949840661683641.
[I 2026-03-06 03:27:53,004] Trial 129 finished with value: 0.06623283523998005 and parameters: {'sigma_noise': 0.12551360157685768, 'A_repulsion': 0.043101646077589734, 'gamma': 0.8551218101972514, 'sigma_update': 0.0533691899592504, 'eta_learning': 1.691145046910919, 'sigma_boundary': 3.6743338158643373, 'alpha': 0.4357399797296375}. Best is trial 71 with value: 0.04949840661683641.
[I 2026-03-06 03:28:04,330] Trial 132 finished with value: 0.06461358151741112 and parameters: {'sigma_noise': 0.1250918693296534, 'A_repulsion': 0.0373487551277861, 'gamma': 0.8582179576663397, 'sigma_update': 0.05572589393547864, 'eta_learning': 0.249045438209549, 'sigma_boundary': 3.9070174627145136, 'alpha': 0.4335937408598054}. Best is trial 71 with value: 0.04949840661683641.
[I 2026-03-06 03:28:18,072] Trial 131 finished with value: 0.08572978454839823 and parameters: {'sigma_noise': 0.12625201307180584, 'A_repulsion': 0.0931948720938432, 'gamma': 0.9363251739368585, 'sigma_update': 0.05936255001646814, 'eta_learning': 0.23968320676868227, 'sigma_boundary': 0.7787418286330987, 'alpha': 0.43239873420542696}. Best is trial 71 with value: 0.04949840661683641.
[I 2026-03-06 03:28:20,470] Trial 133 finished with value: 0.06266350319102498 and parameters: {'sigma_noise': 0.12720280594235717, 'A_repulsion': 0.039962694583561414, 'gamma': 0.923502171974941, 'sigma_update': 0.04954298301717124, 'eta_learning': 0.6273984609890109, 'sigma_boundary': 3.781520779171681, 'alpha': 0.43944221232066727}. Best is trial 71 with value: 0.04949840661683641.
[I 2026-03-06 03:28:30,955] Trial 130 finished with value: 0.09937761958292782 and parameters: {'sigma_noise': 0.12789285515344206, 'A_repulsion': 0.09420127939724536, 'gamma': 0.9243228721081469, 'sigma_update': 0.05546026497622299, 'eta_learning': 0.20602407289996086, 'sigma_boundary': 0.6637814134110787, 'alpha': 0.6103139302292546}. Best is trial 71 with value: 0.04949840661683641.
[I 2026-03-06 03:28:47,207] Trial 142 finished with value: 0.11360220465748247 and parameters: {'sigma_noise': 0.06697606333461384, 'A_repulsion': 0.11964388885064188, 'gamma': 0.8571013700428538, 'sigma_update': 0.05556265822134036, 'eta_learning': 0.6354945551074638, 'sigma_boundary': 0.6304967602699442, 'alpha': 0.6051635056753323}. Best is trial 71 with value: 0.04949840661683641.
[I 2026-03-06 03:28:57,363] Trial 148 finished with value: 0.1405068206280332 and parameters: {'sigma_noise': 0.07001390658174547, 'A_repulsion': 0.028179384620981476, 'gamma': 0.9294796347277151, 'sigma_update': 0.05783436566486842, 'eta_learning': 0.2142104355448133, 'sigma_boundary': 0.7633592733444825, 'alpha': 0.6458747190268596}. Best is trial 71 with value: 0.04949840661683641.
[I 2026-03-06 03:28:58,250] Trial 141 finished with value: 0.09033416797584037 and parameters: {'sigma_noise': 0.07049804543235541, 'A_repulsion': 0.11339889050605662, 'gamma': 0.846475669734158, 'sigma_update': 0.1215236323282862, 'eta_learning': 0.6507148164385147, 'sigma_boundary': 3.66185570402903, 'alpha': 0.4318550732146552}. Best is trial 71 with value: 0.04949840661683641.
[I 2026-03-06 03:29:18,498] Trial 146 finished with value: 0.10701108316019589 and parameters: {'sigma_noise': 0.06562072179709821, 'A_repulsion': 0.11222825392922944, 'gamma': 0.9360455682372469, 'sigma_update': 0.3828074166293084, 'eta_learning': 0.6338309340963683, 'sigma_boundary': 3.8795220852262697, 'alpha': 0.6543500182605342}. Best is trial 71 with value: 0.04949840661683641.
[I 2026-03-06 03:29:23,523] Trial 134 finished with value: 0.07652171423393156 and parameters: {'sigma_noise': 0.12689081618068598, 'A_repulsion': 0.0923769032637356, 'gamma': 0.9324359028411504, 'sigma_update': 0.05127843345675902, 'eta_learning': 0.20625764333529623, 'sigma_boundary': 3.75939017905884, 'alpha': 0.43026635076796715}. Best is trial 71 with value: 0.04949840661683641.
