[I 2026-03-06 03:29:29,996] Trial 144 finished with value: 0.11121541028160391 and parameters: {'sigma_noise': 0.06513482979705136, 'A_repulsion': 0.12800123145779843, 'gamma': 0.8608570375636752, 'sigma_update': 0.05497974270967104, 'eta_learning': 0.6419342946050876, 'sigma_boundary': 0.8841641821531191, 'alpha': 0.6630146882492673}. Best is trial 71 with value: 0.04949840661683641.
[I 2026-03-06 03:29:34,523] Trial 147 finished with value: 0.0996623434409779 and parameters: {'sigma_noise': 0.06773995551314993, 'A_repulsion': 0.12474211515150786, 'gamma': 0.8521628123856179, 'sigma_update': 0.41745835005652493, 'eta_learning': 0.6496712512153504, 'sigma_boundary': 3.8187339743090787, 'alpha': 0.6495621146350594}. Best is trial 71 with value: 0.04949840661683641.
[I 2026-03-06 03:29:40,564] Trial 135 finished with value: 0.05616649376951085 and parameters: {'sigma_noise': 0.1294318768971569, 'A_repulsion': 0.10041039503530283, 'gamma': 0.928009177700997, 'sigma_update': 0.054570739006648786, 'eta_learning': 0.6216425509430322, 'sigma_boundary': 3.551533482895195, 'alpha': 0.43323895762392167}. Best is trial 71 with value: 0.04949840661683641.
[I 2026-03-06 03:29:42,320] Trial 149 finished with value: 0.12603471971688882 and parameters: {'sigma_noise': 0.06705879657620852, 'A_repulsion': 0.11480644333176254, 'gamma': 0.9353508602812379, 'sigma_update': 0.057129278019811436, 'eta_learning': 0.6397360981800843, 'sigma_boundary': 3.7702557218077475, 'alpha': 0.6575000406832235}. Best is trial 71 with value: 0.04949840661683641.
[I 2026-03-06 03:29:44,026] Trial 137 finished with value: 0.06083245817930028 and parameters: {'sigma_noise': 0.12759835388174634, 'A_repulsion': 0.10064392017994256, 'gamma': 0.8611933249215835, 'sigma_update': 0.12677858939600595, 'eta_learning': 2.2132997928090785, 'sigma_boundary': 3.666016692721561, 'alpha': 0.4268292681369922}. Best is trial 71 with value: 0.04949840661683641.
[I 2026-03-06 03:29:48,288] Trial 138 finished with value: 0.059604337156592045 and parameters: {'sigma_noise': 0.12656549428322383, 'A_repulsion': 0.08886941066806195, 'gamma': 0.9297736793141119, 'sigma_update': 0.12449338426452299, 'eta_learning': 0.6217483102718623, 'sigma_boundary': 3.88237000337489, 'alpha': 0.43731340359688137}. Best is trial 71 with value: 0.04949840661683641.
[I 2026-03-06 03:29:59,491] Trial 136 finished with value: 0.0796537266700631 and parameters: {'sigma_noise': 0.12447297908308935, 'A_repulsion': 0.0992386243482196, 'gamma': 0.8549887839781828, 'sigma_update': 0.06045838850923331, 'eta_learning': 0.2528258345404551, 'sigma_boundary': 0.6723395766608362, 'alpha': 0.42103188880562165}. Best is trial 71 with value: 0.04949840661683641.
[I 2026-03-06 03:30:03,845] Trial 140 finished with value: 0.08398822121833702 and parameters: {'sigma_noise': 0.12959615551366116, 'A_repulsion': 0.10706784695690066, 'gamma': 0.9325948518609186, 'sigma_update': 0.12303850497293567, 'eta_learning': 0.4673678631744823, 'sigma_boundary': 3.647975347627977, 'alpha': 0.6523785229000543}. Best is trial 71 with value: 0.04949840661683641.
[I 2026-03-06 03:30:08,947] Trial 128 finished with value: 0.07294259699815722 and parameters: {'sigma_noise': 0.26227129466047894, 'A_repulsion': 0.04280886330240592, 'gamma': 0.9256912759711086, 'sigma_update': 0.05232195487235815, 'eta_learning': 0.23116867045444142, 'sigma_boundary': 1.1016016998659082, 'alpha': 0.6165871171400304}. Best is trial 71 with value: 0.04949840661683641.
[I 2026-03-06 03:30:12,390] Trial 143 finished with value: 0.07811287915483925 and parameters: {'sigma_noise': 0.12489411965974082, 'A_repulsion': 0.11869128368671715, 'gamma': 0.9304762256168254, 'sigma_update': 0.40628306105713513, 'eta_learning': 0.4541104314741151, 'sigma_boundary': 3.8505018807840545, 'alpha': 0.6631214675598062}. Best is trial 71 with value: 0.04949840661683641.
[I 2026-03-06 03:30:34,349] Trial 145 finished with value: 0.08756423731932007 and parameters: {'sigma_noise': 0.12741051394137007, 'A_repulsion': 0.11209589002958786, 'gamma': 0.934000085000993, 'sigma_update': 0.05145635098432241, 'eta_learning': 0.6416581465920552, 'sigma_boundary': 0.7161682521290756, 'alpha': 0.6501441583848703}. Best is trial 71 with value: 0.04949840661683641.
[I 2026-03-06 03:30:46,595] Trial 150 finished with value: 0.08592161693421231 and parameters: {'sigma_noise': 0.12574914409498994, 'A_repulsion': 0.11462853500501444, 'gamma': 0.8527010618584753, 'sigma_update': 0.12287875210686482, 'eta_learning': 0.233941173730255, 'sigma_boundary': 3.619911338876577, 'alpha': 0.6513478272617554}. Best is trial 71 with value: 0.04949840661683641.
[I 2026-03-06 03:30:55,284] Trial 152 finished with value: 0.06908943839975903 and parameters: {'sigma_noise': 0.13059457664551782, 'A_repulsion': 0.024470956791978644, 'gamma': 0.9271214191168213, 'sigma_update': 0.12601272996804222, 'eta_learning': 0.21622514135178594, 'sigma_boundary': 3.7112455115422875, 'alpha': 0.6568689104794406}. Best is trial 71 with value: 0.04949840661683641.
[I 2026-03-06 03:31:01,017] Trial 151 finished with value: 0.09595718521495963 and parameters: {'sigma_noise': 0.12626786893573083, 'A_repulsion': 0.11037486247103166, 'gamma': 0.9322445581136651, 'sigma_update': 0.24839618446120312, 'eta_learning': 0.21424379391516407, 'sigma_boundary': 3.8091307221101713, 'alpha': 0.6595226323810056}. Best is trial 71 with value: 0.04949840661683641.
[I 2026-03-06 03:31:06,404] Trial 139 finished with value: 0.0578077266735381 and parameters: {'sigma_noise': 0.19811824243249598, 'A_repulsion': 0.10148545621181722, 'gamma': 0.9334676678432327, 'sigma_update': 0.12700819461421048, 'eta_learning': 0.6163959216595524, 'sigma_boundary': 3.8214879736667524, 'alpha': 0.4238758854800998}. Best is trial 71 with value: 0.04949840661683641.
[I 2026-03-06 03:32:22,395] Trial 155 finished with value: 0.08170693009466236 and parameters: {'sigma_noise': 0.24076223698628854, 'A_repulsion': 0.02781913524203065, 'gamma': 0.9346203875471975, 'sigma_update': 0.04780719901353697, 'eta_learning': 1.6648708091826756, 'sigma_boundary': 0.6740814684744063, 'alpha': 0.6521999982838107}. Best is trial 71 with value: 0.04949840661683641.
[I 2026-03-06 03:32:33,089] Trial 156 finished with value: 0.07253249929101398 and parameters: {'sigma_noise': 0.2549857466610738, 'A_repulsion': 0.03877719336401027, 'gamma': 0.9315573849344868, 'sigma_update': 0.0638404748974846, 'eta_learning': 1.6389337683046927, 'sigma_boundary': 0.7571386621405614, 'alpha': 0.6534703232352786}. Best is trial 71 with value: 0.04949840661683641.
[I 2026-03-06 03:32:42,524] Trial 154 finished with value: 0.06261109548852024 and parameters: {'sigma_noise': 0.21514786982622885, 'A_repulsion': 0.1128875390981334, 'gamma': 0.9389762484924618, 'sigma_update': 0.25221866562697437, 'eta_learning': 1.6892326922221639, 'sigma_boundary': 0.8800951449190133, 'alpha': 0.6548361028714806}. Best is trial 71 with value: 0.04949840661683641.
[I 2026-03-06 03:33:06,642] Trial 153 finished with value: 0.0505272552908549 and parameters: {'sigma_noise': 0.2558410010788118, 'A_repulsion': 0.11301362686422038, 'gamma': 0.926085939930791, 'sigma_update': 0.2501874618234462, 'eta_learning': 1.7117505248872649, 'sigma_boundary': 0.7928128707512594, 'alpha': 0.6312050175004328}. Best is trial 71 with value: 0.04949840661683641.
[I 2026-03-06 03:33:19,697] Trial 158 finished with value: 0.05006226610771078 and parameters: {'sigma_noise': 0.2538628414171423, 'A_repulsion': 0.025089445526038003, 'gamma': 0.9393566485232685, 'sigma_update': 0.2561642391883195, 'eta_learning': 1.6970017078932484, 'sigma_boundary': 0.8731082510178125, 'alpha': 0.642509523323642}. Best is trial 71 with value: 0.04949840661683641.
[I 2026-03-06 03:33:35,039] Trial 157 finished with value: 0.05878986783061689 and parameters: {'sigma_noise': 0.25723624317195715, 'A_repulsion': 0.11711946480774871, 'gamma': 0.9350995520351086, 'sigma_update': 0.12442533453444828, 'eta_learning': 1.6959163712458414, 'sigma_boundary': 0.7857197519152747, 'alpha': 0.6592435901690379}. Best is trial 71 with value: 0.04949840661683641.
[I 2026-03-06 03:34:10,769] Trial 159 finished with value: 0.05372443162152329 and parameters: {'sigma_noise': 0.2554544999020708, 'A_repulsion': 0.12085318870568579, 'gamma': 0.9297722694999766, 'sigma_update': 0.25079966042438545, 'eta_learning': 1.7501013007616502, 'sigma_boundary': 0.8689706587463413, 'alpha': 0.6640195372973169}. Best is trial 71 with value: 0.04949840661683641.
[I 2026-03-06 03:34:56,879] Trial 160 finished with value: 0.048350495834702904 and parameters: {'sigma_noise': 0.2545136835145172, 'A_repulsion': 0.026958676591693737, 'gamma': 0.9363437996399198, 'sigma_update': 0.2426621991696428, 'eta_learning': 1.4790881711848707, 'sigma_boundary': 0.8479928503760619, 'alpha': 0.6497295820136889}. Best is trial 160 with value: 0.048350495834702904.
[I 2026-03-06 03:35:01,688] Trial 162 finished with value: 0.0598804000169699 and parameters: {'sigma_noise': 0.25472638950780985, 'A_repulsion': 0.029346690782652778, 'gamma': 0.8502665472909178, 'sigma_update': 0.2522865843669716, 'eta_learning': 1.479664387380647, 'sigma_boundary': 0.9745958355140485, 'alpha': 0.6555321666620884}. Best is trial 160 with value: 0.048350495834702904.
[I 2026-03-06 03:35:05,717] Trial 163 finished with value: 0.06473179660017175 and parameters: {'sigma_noise': 0.254252996971979, 'A_repulsion': 0.023806718541704484, 'gamma': 0.846269650879716, 'sigma_update': 0.12218259592132727, 'eta_learning': 1.4170689504935434, 'sigma_boundary': 0.6322560776380258, 'alpha': 0.6541223867836448}. Best is trial 160 with value: 0.048350495834702904.
[I 2026-03-06 03:35:30,025] Trial 161 finished with value: 0.0575438061394736 and parameters: {'sigma_noise': 0.28928226487345265, 'A_repulsion': 0.02766706886830361, 'gamma': 0.9314241358647903, 'sigma_update': 0.25117160958083684, 'eta_learning': 1.4779133169895207, 'sigma_boundary': 0.9059275791499041, 'alpha': 0.6505289965864753}. Best is trial 160 with value: 0.048350495834702904.
[I 2026-03-06 03:35:35,517] Trial 165 finished with value: 0.10404236275933669 and parameters: {'sigma_noise': 0.2873361442259446, 'A_repulsion': 0.026604143197265964, 'gamma': 0.8472944643030087, 'sigma_update': 0.12722489792968905, 'eta_learning': 1.4639953109523085, 'sigma_boundary': 0.8483882387328806, 'alpha': 0.6512925742826523}. Best is trial 160 with value: 0.048350495834702904.
[I 2026-03-06 03:35:40,623] Trial 164 finished with value: 0.1018273002349506 and parameters: {'sigma_noise': 0.28801137773701696, 'A_repulsion': 0.0267644994217646, 'gamma': 0.851245108519394, 'sigma_update': 0.1253282649516659, 'eta_learning': 1.4722083458819464, 'sigma_boundary': 0.7902314601927484, 'alpha': 0.6522927359698301}. Best is trial 160 with value: 0.048350495834702904.
[I 2026-03-06 03:35:58,884] Trial 167 finished with value: 0.11265175219662887 and parameters: {'sigma_noise': 0.2918103329439692, 'A_repulsion': 0.023559155873469746, 'gamma': 0.8401283981750874, 'sigma_update': 0.1223799150566517, 'eta_learning': 1.7256534516711832, 'sigma_boundary': 5.578395518086772, 'alpha': 0.6463739604704507}. Best is trial 160 with value: 0.048350495834702904.
[I 2026-03-06 03:36:07,178] Trial 168 finished with value: 0.07490122339586988 and parameters: {'sigma_noise': 0.2897543906327705, 'A_repulsion': 0.029439831573167347, 'gamma': 0.847794173291907, 'sigma_update': 0.24134126138482376, 'eta_learning': 1.453090200015068, 'sigma_boundary': 0.753264902085537, 'alpha': 0.646177429741147}. Best is trial 160 with value: 0.048350495834702904.
[I 2026-03-06 03:36:08,847] Trial 166 finished with value: 0.05800924892433714 and parameters: {'sigma_noise': 0.28933314632169255, 'A_repulsion': 0.024582866741273395, 'gamma': 0.955275671543148, 'sigma_update': 0.248569634719294, 'eta_learning': 1.4195584430693613, 'sigma_boundary': 0.8791976397480702, 'alpha': 0.6591873199960719}. Best is trial 160 with value: 0.048350495834702904.
[I 2026-03-06 03:36:10,553] Trial 186 finished with value: 0.06540307102241188 and parameters: {'sigma_noise': 0.14144820122700338, 'A_repulsion': 0.031875103071394156, 'gamma': 0.9546462369444091, 'sigma_update': 0.24371502774858317, 'eta_learning': 1.7724125036894913, 'sigma_boundary': 3.2811168386133254, 'alpha': 0.46250916209400705}. Best is trial 160 with value: 0.048350495834702904.
[I 2026-03-06 03:36:16,232] Trial 170 finished with value: 0.051055041586518204 and parameters: {'sigma_noise': 0.2522867598879207, 'A_repulsion': 0.024627759204483263, 'gamma': 0.8539310248346996, 'sigma_update': 0.2575777492684907, 'eta_learning': 1.4723342256137615, 'sigma_boundary': 0.5330757169127639, 'alpha': 0.6463092289390527}. Best is trial 160 with value: 0.048350495834702904.
[I 2026-03-06 03:36:22,722] Trial 171 finished with value: 0.05769149235317089 and parameters: {'sigma_noise': 0.25524580823695137, 'A_repulsion': 0.02766815017375612, 'gamma': 0.8467261581934002, 'sigma_update': 0.2391934371030287, 'eta_learning': 1.5209852987807617, 'sigma_boundary': 0.4839510128728157, 'alpha': 0.6588681598527605}. Best is trial 160 with value: 0.048350495834702904.
[I 2026-03-06 03:36:28,679] Trial 169 finished with value: 0.05663295610081446 and parameters: {'sigma_noise': 0.28720820633109934, 'A_repulsion': 0.02471553947033111, 'gamma': 0.9518906838060955, 'sigma_update': 0.2490693715687241, 'eta_learning': 1.564155159007084, 'sigma_boundary': 0.8220389321371934, 'alpha': 0.6650151922416053}. Best is trial 160 with value: 0.048350495834702904.
[I 2026-03-06 03:36:36,190] Trial 172 finished with value: 0.060621337485847644 and parameters: {'sigma_noise': 0.2879089051606864, 'A_repulsion': 0.026595517494554265, 'gamma': 0.9559257478558005, 'sigma_update': 0.25217647187309383, 'eta_learning': 1.470514303636035, 'sigma_boundary': 0.9338108240588707, 'alpha': 0.4909974474310152}. Best is trial 160 with value: 0.048350495834702904.
[I 2026-03-06 03:36:39,971] Trial 174 finished with value: 0.07141332539685041 and parameters: {'sigma_noise': 0.2524626463938545, 'A_repulsion': 0.02335547101016709, 'gamma': 0.8413427489148686, 'sigma_update': 0.08897198447541951, 'eta_learning': 1.428813065669297, 'sigma_boundary': 5.436635671366959, 'alpha': 0.6582544479828445}. Best is trial 160 with value: 0.048350495834702904.
[I 2026-03-06 03:36:41,141] Trial 173 finished with value: 0.0631460865092514 and parameters: {'sigma_noise': 0.25453405295554715, 'A_repulsion': 0.02665749143407175, 'gamma': 0.9475153401347379, 'sigma_update': 0.12794718317561327, 'eta_learning': 1.48476298816391, 'sigma_boundary': 5.280263554708036, 'alpha': 0.6532592068421403}. Best is trial 160 with value: 0.048350495834702904.
[I 2026-03-06 03:36:51,528] Trial 177 finished with value: 0.0722494113495262 and parameters: {'sigma_noise': 0.25360199879039963, 'A_repulsion': 0.02465440078644649, 'gamma': 0.9543136817918976, 'sigma_update': 0.25741174560005564, 'eta_learning': 1.5058150702474036, 'sigma_boundary': 2.820921094934574, 'alpha': 0.48764861477037447}. Best is trial 160 with value: 0.048350495834702904.
[I 2026-03-06 03:36:57,638] Trial 175 finished with value: 0.0571873008772939 and parameters: {'sigma_noise': 0.2876470292412664, 'A_repulsion': 0.024803951316161945, 'gamma': 0.9525037995326127, 'sigma_update': 0.2505218385916927, 'eta_learning': 1.5202875500411694, 'sigma_boundary': 0.9282508249036978, 'alpha': 0.6626154160440156}. Best is trial 160 with value: 0.048350495834702904.
[I 2026-03-06 03:36:58,209] Trial 176 finished with value: 0.0687690787569558 and parameters: {'sigma_noise': 0.25421194482318965, 'A_repulsion': 0.025157204848050937, 'gamma': 0.6852760191392393, 'sigma_update': 0.24896125420821502, 'eta_learning': 1.502002026605543, 'sigma_boundary': 0.9868243693717103, 'alpha': 0.6644335690193964}. Best is trial 160 with value: 0.048350495834702904.
[I 2026-03-06 03:37:10,821] Trial 179 finished with value: 0.05502088657633054 and parameters: {'sigma_noise': 0.25713605000959755, 'A_repulsion': 0.03430817976302432, 'gamma': 0.9711616668639247, 'sigma_update': 0.08978240499663483, 'eta_learning': 1.4906440032518373, 'sigma_boundary': 1.0203896051144112, 'alpha': 0.4885715335777767}. Best is trial 160 with value: 0.048350495834702904.
[I 2026-03-06 03:37:18,886] Trial 191 finished with value: 0.07221446832401934 and parameters: {'sigma_noise': 0.14564597894444756, 'A_repulsion': 0.08161988395225907, 'gamma': 0.9565574351859263, 'sigma_update': 0.08468635957688711, 'eta_learning': 1.809262485553528, 'sigma_boundary': 3.395779591152274, 'alpha': 0.45854878732313725}. Best is trial 160 with value: 0.048350495834702904.
[I 2026-03-06 03:37:19,195] Trial 182 finished with value: 0.08149763971743777 and parameters: {'sigma_noise': 0.25424877186887895, 'A_repulsion': 0.028086661604774216, 'gamma': 0.9548893067827968, 'sigma_update': 0.2480510666971782, 'eta_learning': 1.4847945375235176, 'sigma_boundary': 3.2770116164173073, 'alpha': 0.46551556021946594}. Best is trial 160 with value: 0.048350495834702904.
[I 2026-03-06 03:37:22,297] Trial 185 finished with value: 0.08361774109588313 and parameters: {'sigma_noise': 0.25354187462388594, 'A_repulsion': 0.024609957762755506, 'gamma': 0.9565912593185883, 'sigma_update': 0.07749146019787426, 'eta_learning': 1.5375247755043513, 'sigma_boundary': 3.4375533429535876, 'alpha': 0.4851880884330239}. Best is trial 160 with value: 0.048350495834702904.
[I 2026-03-06 03:37:23,052] Trial 183 finished with value: 0.0998655657807062 and parameters: {'sigma_noise': 0.2544945153859092, 'A_repulsion': 0.028629217435956974, 'gamma': 0.9573518335971136, 'sigma_update': 0.0840713876232369, 'eta_learning': 2.1891257502002213, 'sigma_boundary': 5.67693921707848, 'alpha': 0.48236960931752826}. Best is trial 160 with value: 0.048350495834702904.
[I 2026-03-06 03:37:26,028] Trial 178 finished with value: 0.0818525339118987 and parameters: {'sigma_noise': 0.28885816165509665, 'A_repulsion': 0.027066187364823413, 'gamma': 0.6984523214468408, 'sigma_update': 0.24663867525235278, 'eta_learning': 1.4442067677126198, 'sigma_boundary': 0.9758622580561984, 'alpha': 0.5173825385884138}. Best is trial 160 with value: 0.048350495834702904.
[I 2026-03-06 03:37:29,107] Trial 184 finished with value: 0.09258069283798248 and parameters: {'sigma_noise': 0.2569334821107505, 'A_repulsion': 0.02417081619066795, 'gamma': 0.9574883328805637, 'sigma_update': 0.2508264508360919, 'eta_learning': 1.7808279986299262, 'sigma_boundary': 3.437770621145781, 'alpha': 0.46263656406880777}. Best is trial 160 with value: 0.048350495834702904.
[I 2026-03-06 03:37:31,962] Trial 187 finished with value: 0.07366237736754018 and parameters: {'sigma_noise': 0.25283679543912546, 'A_repulsion': 0.025697638373419436, 'gamma': 0.9484575509029297, 'sigma_update': 0.24193754799846162, 'eta_learning': 1.5242558265991994, 'sigma_boundary': 2.812935483782473, 'alpha': 0.4735820131877796}. Best is trial 160 with value: 0.048350495834702904.
[I 2026-03-06 03:37:32,165] Trial 181 finished with value: 0.11140019549687155 and parameters: {'sigma_noise': 0.28391604008325516, 'A_repulsion': 0.02412862727270882, 'gamma': 0.6899643579072746, 'sigma_update': 0.255558974511462, 'eta_learning': 1.5159699692021635, 'sigma_boundary': 3.2472314786481604, 'alpha': 0.4869895743348469}. Best is trial 160 with value: 0.048350495834702904.
[I 2026-03-06 03:37:35,082] Trial 180 finished with value: 0.08173333399138981 and parameters: {'sigma_noise': 0.2886383578673148, 'A_repulsion': 0.026065195999849296, 'gamma': 0.6992730436812753, 'sigma_update': 0.24998317520881536, 'eta_learning': 1.5094098281340733, 'sigma_boundary': 0.3465018697877642, 'alpha': 0.4903175392220786}. Best is trial 160 with value: 0.048350495834702904.
[I 2026-03-06 03:37:37,133] Trial 192 finished with value: 0.06866850357913504 and parameters: {'sigma_noise': 0.1451301723698907, 'A_repulsion': 0.1514093228119199, 'gamma': 0.9551614450285769, 'sigma_update': 0.2003408015508169, 'eta_learning': 2.2145379950293487, 'sigma_boundary': 3.356686405181885, 'alpha': 0.4595284915406045}. Best is trial 160 with value: 0.048350495834702904.
[I 2026-03-06 03:37:47,754] Trial 189 finished with value: 0.12418008816506029 and parameters: {'sigma_noise': 0.2907766964678281, 'A_repulsion': 0.02486196982676302, 'gamma': 0.9560027282164842, 'sigma_update': 0.08723390057910524, 'eta_learning': 2.2443471933287946, 'sigma_boundary': 3.3392559893607707, 'alpha': 0.4589203422276819}. Best is trial 160 with value: 0.048350495834702904.
[I 2026-03-06 03:37:49,349] Trial 188 finished with value: 0.06996155353792066 and parameters: {'sigma_noise': 0.25259713359681873, 'A_repulsion': 0.08039714905712997, 'gamma': 0.9539498812827633, 'sigma_update': 0.2451721992428844, 'eta_learning': 2.243740913281241, 'sigma_boundary': 3.2307819180047046, 'alpha': 0.48550867031733824}. Best is trial 160 with value: 0.048350495834702904.
[I 2026-03-06 03:37:53,168] Trial 190 finished with value: 0.10006050759548284 and parameters: {'sigma_noise': 0.29153112351020083, 'A_repulsion': 0.0272341290723666, 'gamma': 0.9561872439117055, 'sigma_update': 0.24730347637245534, 'eta_learning': 1.7860010120316305, 'sigma_boundary': 5.40664554250238, 'alpha': 0.45694776334777626}. Best is trial 160 with value: 0.048350495834702904.
[I 2026-03-06 03:37:57,364] Trial 193 finished with value: 0.061165971607684 and parameters: {'sigma_noise': 0.1443024541353711, 'A_repulsion': 0.07782944428270755, 'gamma': 0.9591688913832656, 'sigma_update': 0.07550298121634942, 'eta_learning': 1.7709126746224495, 'sigma_boundary': 3.1882214486722655, 'alpha': 0.46208163869048796}. Best is trial 160 with value: 0.048350495834702904.
