[I 2026-03-06 03:05:07,228] Trial 14 finished with value: 0.4178909110015949 and parameters: {'sigma_noise': 0.31113739284370706, 'A_repulsion': 0.1550080239813484, 'gamma': 0.07792650775658617, 'sigma_update': 0.4819693492248661, 'eta_learning': 0.7442375490137151, 'sigma_boundary': 9.6187962807958, 'alpha': 0.476742759580719}. Best is trial 39 with value: 0.06816422315650739.
[I 2026-03-06 03:05:09,444] Trial 25 finished with value: 2.039289031287192 and parameters: {'sigma_noise': 0.23252932786374098, 'A_repulsion': 0.3162724034752081, 'gamma': 0.1978358327237231, 'sigma_update': 0.4563344039688255, 'eta_learning': 2.4798637153699032, 'sigma_boundary': 8.414564286356397, 'alpha': 0.1256003424738712}. Best is trial 39 with value: 0.06816422315650739.
[I 2026-03-06 03:05:10,615] Trial 13 finished with value: 0.22068787731457162 and parameters: {'sigma_noise': 0.21781497535284539, 'A_repulsion': 0.4288985421089194, 'gamma': 0.18792165559595428, 'sigma_update': 0.11211640721330468, 'eta_learning': 1.997786708637072, 'sigma_boundary': 2.4578269116180307, 'alpha': 0.7989555064476468}. Best is trial 39 with value: 0.06816422315650739.
[I 2026-03-06 03:05:18,943] Trial 2 finished with value: 0.15769801003124284 and parameters: {'sigma_noise': 0.25094830401386214, 'A_repulsion': 0.3113233934090222, 'gamma': 0.023885724540164112, 'sigma_update': 0.5164701832695883, 'eta_learning': 0.9349041592242808, 'sigma_boundary': 1.1136968021719789, 'alpha': 0.9827848095347884}. Best is trial 39 with value: 0.06816422315650739.
[I 2026-03-06 03:05:21,371] Trial 31 finished with value: 0.24829163741137372 and parameters: {'sigma_noise': 0.3721122181727033, 'A_repulsion': 0.12349276571263146, 'gamma': 0.4258513728629508, 'sigma_update': 0.6202515701318181, 'eta_learning': 0.1245882859578769, 'sigma_boundary': 9.408446974011603, 'alpha': 0.4383623128147498}. Best is trial 39 with value: 0.06816422315650739.
[I 2026-03-06 03:05:25,688] Trial 22 finished with value: 0.39259518769198376 and parameters: {'sigma_noise': 0.4031915618731123, 'A_repulsion': 0.14673623157351184, 'gamma': 0.20678192863614786, 'sigma_update': 0.6114028522627356, 'eta_learning': 0.49073590791441063, 'sigma_boundary': 0.9587319190948422, 'alpha': 0.9251678702152529}. Best is trial 39 with value: 0.06816422315650739.
[I 2026-03-06 03:05:36,710] Trial 4 finished with value: 1.4778416486238288 and parameters: {'sigma_noise': 0.38297962792240586, 'A_repulsion': 0.20271801093329705, 'gamma': 0.48791084844890875, 'sigma_update': 0.6530278755733255, 'eta_learning': 0.6528164370834143, 'sigma_boundary': 8.75399710079581, 'alpha': 0.309827599511863}. Best is trial 39 with value: 0.06816422315650739.
[I 2026-03-06 03:05:43,224] Trial 3 finished with value: 0.24196858257835516 and parameters: {'sigma_noise': 0.2944824844386038, 'A_repulsion': 0.3771175516358243, 'gamma': 0.06335156224156088, 'sigma_update': 0.15168044106318324, 'eta_learning': 1.59180210254816, 'sigma_boundary': 9.96684750020535, 'alpha': 0.7463916270603647}. Best is trial 39 with value: 0.06816422315650739.
[I 2026-03-06 03:05:53,742] Trial 34 finished with value: 0.11729801703408808 and parameters: {'sigma_noise': 0.396142309343917, 'A_repulsion': 0.2651863414518791, 'gamma': 0.9498650624341031, 'sigma_update': 0.4789610275961803, 'eta_learning': 2.960086347402601, 'sigma_boundary': 9.579467091787205, 'alpha': 0.6769304677637431}. Best is trial 39 with value: 0.06816422315650739.
[I 2026-03-06 03:06:01,237] Trial 23 finished with value: 0.14413909974749325 and parameters: {'sigma_noise': 0.3343033426525339, 'A_repulsion': 0.3712385716800093, 'gamma': 0.2647769505356667, 'sigma_update': 0.23838777350973778, 'eta_learning': 2.143146684394249, 'sigma_boundary': 0.8915229755365929, 'alpha': 0.46804831090052}. Best is trial 39 with value: 0.06816422315650739.
[I 2026-03-06 03:06:11,435] Trial 38 finished with value: 2.0387206945723597 and parameters: {'sigma_noise': 0.39724796344622715, 'A_repulsion': 0.35764390119502343, 'gamma': 0.9389003458909023, 'sigma_update': 0.6232001878961345, 'eta_learning': 0.43224160532946915, 'sigma_boundary': 9.713218594013664, 'alpha': 0.1307555463713077}. Best is trial 39 with value: 0.06816422315650739.
[I 2026-03-06 03:06:14,362] Trial 21 finished with value: 1.976713873842128 and parameters: {'sigma_noise': 0.4252303760940082, 'A_repulsion': 0.32258983735058927, 'gamma': 0.8156174225133653, 'sigma_update': 0.5484811085591041, 'eta_learning': 2.2309641757915917, 'sigma_boundary': 4.818271951136066, 'alpha': 0.07811046410755218}. Best is trial 39 with value: 0.06816422315650739.
[I 2026-03-06 03:06:25,222] Trial 33 finished with value: 0.5051492845104808 and parameters: {'sigma_noise': 0.4035873755310497, 'A_repulsion': 0.3214572481821062, 'gamma': 0.20127380233243863, 'sigma_update': 0.6339989109373642, 'eta_learning': 1.201493094506833, 'sigma_boundary': 8.847142077002523, 'alpha': 0.75327767754197}. Best is trial 39 with value: 0.06816422315650739.
[I 2026-03-06 03:06:27,634] Trial 29 finished with value: 0.7874265755735608 and parameters: {'sigma_noise': 0.40433749741554775, 'A_repulsion': 0.36958045259228806, 'gamma': 0.11009160437656168, 'sigma_update': 0.6009453950378489, 'eta_learning': 1.7943233599920394, 'sigma_boundary': 4.684423104700939, 'alpha': 0.48781842978249557}. Best is trial 39 with value: 0.06816422315650739.
[I 2026-03-06 03:06:49,779] Trial 26 finished with value: 0.46158532985474643 and parameters: {'sigma_noise': 0.44218608408131815, 'A_repulsion': 0.4369666837391731, 'gamma': 0.454508634077767, 'sigma_update': 0.07635849499169003, 'eta_learning': 0.685159681093333, 'sigma_boundary': 0.055939630391375, 'alpha': 0.8171679655555696}. Best is trial 39 with value: 0.06816422315650739.
[I 2026-03-06 03:11:06,020] Trial 44 finished with value: 0.11344666766017743 and parameters: {'sigma_noise': 0.24852962041754262, 'A_repulsion': 0.13857937645768048, 'gamma': 0.8575937879057844, 'sigma_update': 0.34853775601289283, 'eta_learning': 2.121509812556964, 'sigma_boundary': 0.26929402869771885, 'alpha': 0.388200313776625}. Best is trial 39 with value: 0.06816422315650739.
[I 2026-03-06 03:11:12,259] Trial 48 finished with value: 0.1408757783224902 and parameters: {'sigma_noise': 0.14004364132087913, 'A_repulsion': 0.2310170451564505, 'gamma': 0.2262809539709403, 'sigma_update': 0.1350891924241938, 'eta_learning': 0.8252570470233959, 'sigma_boundary': 5.027053978619164, 'alpha': 0.8917566800930772}. Best is trial 39 with value: 0.06816422315650739.
[I 2026-03-06 03:11:39,883] Trial 41 finished with value: 2.040210619254218 and parameters: {'sigma_noise': 0.33683729076212315, 'A_repulsion': 0.22962286643325436, 'gamma': 0.4019537237068351, 'sigma_update': 0.2760606523474825, 'eta_learning': 0.7222919544061697, 'sigma_boundary': 7.7508493675023695, 'alpha': 0.09792946849323281}. Best is trial 39 with value: 0.06816422315650739.
[I 2026-03-06 03:11:51,547] Trial 40 finished with value: 0.4502328013100755 and parameters: {'sigma_noise': 0.3876596331951038, 'A_repulsion': 0.17627890174559108, 'gamma': 0.09428821855723335, 'sigma_update': 0.07527810232510294, 'eta_learning': 2.354611475604051, 'sigma_boundary': 7.74447080179309, 'alpha': 0.7437868750657073}. Best is trial 39 with value: 0.06816422315650739.
[I 2026-03-06 03:11:57,014] Trial 42 finished with value: 0.17516969496449009 and parameters: {'sigma_noise': 0.30741493698325517, 'A_repulsion': 0.19561000462852363, 'gamma': 0.10331639959821985, 'sigma_update': 0.13821367896456135, 'eta_learning': 2.6852287718986507, 'sigma_boundary': 4.897492304708412, 'alpha': 0.6475130866546981}. Best is trial 39 with value: 0.06816422315650739.
[I 2026-03-06 03:12:08,799] Trial 46 finished with value: 0.12192635531732353 and parameters: {'sigma_noise': 0.1961476976802805, 'A_repulsion': 0.313330491009366, 'gamma': 0.7306427075998229, 'sigma_update': 0.35000823456567776, 'eta_learning': 2.3534134469138963, 'sigma_boundary': 4.372642058132247, 'alpha': 0.45260816586984454}. Best is trial 39 with value: 0.06816422315650739.
[I 2026-03-06 03:12:11,190] Trial 43 finished with value: 0.6620612669310109 and parameters: {'sigma_noise': 0.30118395222471034, 'A_repulsion': 0.19337836558422422, 'gamma': 0.031018773215713842, 'sigma_update': 0.581670945803765, 'eta_learning': 2.2679934678148115, 'sigma_boundary': 3.0042103574110706, 'alpha': 0.47606202481172655}. Best is trial 39 with value: 0.06816422315650739.
[I 2026-03-06 03:12:27,512] Trial 70 finished with value: 0.32114583410984215 and parameters: {'sigma_noise': 0.15491399957091562, 'A_repulsion': 0.05761689321115339, 'gamma': 0.809870418706079, 'sigma_update': 0.014321636327536559, 'eta_learning': 1.8664465061942637, 'sigma_boundary': 1.9413014522258205, 'alpha': 0.5319482880648954}. Best is trial 39 with value: 0.06816422315650739.
[I 2026-03-06 03:12:42,937] Trial 67 finished with value: 0.06137986923584371 and parameters: {'sigma_noise': 0.16262949387066097, 'A_repulsion': 0.06976131935657717, 'gamma': 0.9931724087931897, 'sigma_update': 0.01106997893963349, 'eta_learning': 0.3545364186532278, 'sigma_boundary': 1.6581015560504524, 'alpha': 0.5365039903339613}. Best is trial 67 with value: 0.06137986923584371.
[I 2026-03-06 03:12:57,563] Trial 72 finished with value: 0.29039195220851904 and parameters: {'sigma_noise': 0.15320062291639905, 'A_repulsion': 0.07572337250831222, 'gamma': 0.8151997908726781, 'sigma_update': 0.02034872909142539, 'eta_learning': 1.8647183294125, 'sigma_boundary': 2.0277810336767654, 'alpha': 0.5486903142778172}. Best is trial 67 with value: 0.06137986923584371.
[I 2026-03-06 03:13:04,136] Trial 71 finished with value: 0.04949840661683641 and parameters: {'sigma_noise': 0.16158151660891243, 'A_repulsion': 0.06331298086843024, 'gamma': 0.8204292482122809, 'sigma_update': 0.15227397344228202, 'eta_learning': 1.8942487085715207, 'sigma_boundary': 1.9091553145648341, 'alpha': 0.5274453131325048}. Best is trial 71 with value: 0.04949840661683641.
[I 2026-03-06 03:13:18,192] Trial 45 finished with value: 0.10049937779929831 and parameters: {'sigma_noise': 0.3000622377316028, 'A_repulsion': 0.32436083451513087, 'gamma': 0.6178337904925516, 'sigma_update': 0.5014106807281872, 'eta_learning': 0.2896409753723224, 'sigma_boundary': 9.238034368403975, 'alpha': 0.8261471564144519}. Best is trial 71 with value: 0.04949840661683641.
[I 2026-03-06 03:13:36,150] Trial 75 finished with value: 0.15205433117648492 and parameters: {'sigma_noise': 0.16722693134860261, 'A_repulsion': 0.06319129181987226, 'gamma': 0.8104498046030034, 'sigma_update': 0.01414081813565582, 'eta_learning': 0.31696691030527635, 'sigma_boundary': 1.95024646136085, 'alpha': 0.5533077882430922}. Best is trial 71 with value: 0.04949840661683641.
[I 2026-03-06 03:13:40,672] Trial 60 finished with value: 0.09601477111856423 and parameters: {'sigma_noise': 0.283049761269037, 'A_repulsion': 0.07576213025428401, 'gamma': 0.7571803942485875, 'sigma_update': 0.1565157776447767, 'eta_learning': 0.07475817803811097, 'sigma_boundary': 1.5408906971054233, 'alpha': 0.5060234048578044}. Best is trial 71 with value: 0.04949840661683641.
[I 2026-03-06 03:13:43,649] Trial 76 finished with value: 0.3643228473339354 and parameters: {'sigma_noise': 0.16074334816564845, 'A_repulsion': 0.06513979599537525, 'gamma': 0.8220200172366675, 'sigma_update': 0.012301896769038603, 'eta_learning': 1.788701919819152, 'sigma_boundary': 1.829935019529332, 'alpha': 0.549508777693125}. Best is trial 71 with value: 0.04949840661683641.
[I 2026-03-06 03:13:43,819] Trial 73 finished with value: 0.3263936987604971 and parameters: {'sigma_noise': 0.15765751729608868, 'A_repulsion': 0.0763058415789622, 'gamma': 0.8159795516564372, 'sigma_update': 0.017241203146314943, 'eta_learning': 1.925040499834131, 'sigma_boundary': 1.7588689573620027, 'alpha': 0.5470981949099627}. Best is trial 71 with value: 0.04949840661683641.
[I 2026-03-06 03:13:55,040] Trial 78 finished with value: 0.18642898187795792 and parameters: {'sigma_noise': 0.16240501055236228, 'A_repulsion': 0.06335765698652308, 'gamma': 0.7939173207895043, 'sigma_update': 0.012151891880859564, 'eta_learning': 0.38483472520214096, 'sigma_boundary': 1.792293679896454, 'alpha': 0.5484935961288083}. Best is trial 71 with value: 0.04949840661683641.
[I 2026-03-06 03:14:01,716] Trial 51 finished with value: 2.02141583170445 and parameters: {'sigma_noise': 0.3260418875271843, 'A_repulsion': 0.2957190507885352, 'gamma': 0.9851441440141134, 'sigma_update': 0.23058975050171215, 'eta_learning': 1.9025973766022661, 'sigma_boundary': 4.465443747081717, 'alpha': 0.23072686110744325}. Best is trial 71 with value: 0.04949840661683641.
[I 2026-03-06 03:14:09,561] Trial 55 finished with value: 0.063092075664162 and parameters: {'sigma_noise': 0.34702017841548083, 'A_repulsion': 0.08204424879836864, 'gamma': 0.9982575541175249, 'sigma_update': 0.21818600611221542, 'eta_learning': 2.0183942079105566, 'sigma_boundary': 3.2731584831335137, 'alpha': 0.5711898713717702}. Best is trial 71 with value: 0.04949840661683641.
[I 2026-03-06 03:14:19,467] Trial 79 finished with value: 0.053697258637111826 and parameters: {'sigma_noise': 0.15829312816948765, 'A_repulsion': 0.050622090173165116, 'gamma': 0.8018446599308047, 'sigma_update': 0.16019385968161115, 'eta_learning': 0.3046468524259295, 'sigma_boundary': 1.8362574357184753, 'alpha': 0.5407609144570442}. Best is trial 71 with value: 0.04949840661683641.
[I 2026-03-06 03:14:26,527] Trial 47 finished with value: 0.23980654393262346 and parameters: {'sigma_noise': 0.4341022456349099, 'A_repulsion': 0.31456275547585366, 'gamma': 0.31345072448727473, 'sigma_update': 0.2940628947355521, 'eta_learning': 0.0309537987503251, 'sigma_boundary': 3.45170370402656, 'alpha': 0.7118162434299989}. Best is trial 71 with value: 0.04949840661683641.
[I 2026-03-06 03:14:30,013] Trial 50 finished with value: 1.925595794749923 and parameters: {'sigma_noise': 0.34359175308411166, 'A_repulsion': 0.3236599494016644, 'gamma': 0.975013397603754, 'sigma_update': 0.2306100388444151, 'eta_learning': 2.0862121280053385, 'sigma_boundary': 4.139278012303649, 'alpha': 0.2562351114018751}. Best is trial 71 with value: 0.04949840661683641.
[I 2026-03-06 03:14:31,582] Trial 49 finished with value: 0.1503482918557945 and parameters: {'sigma_noise': 0.39118687141003544, 'A_repulsion': 0.34726467894542534, 'gamma': 0.9706623401304517, 'sigma_update': 0.26428543220378264, 'eta_learning': 0.03746385283610665, 'sigma_boundary': 4.485674371680714, 'alpha': 0.469984519600287}. Best is trial 71 with value: 0.04949840661683641.
[I 2026-03-06 03:14:34,691] Trial 52 finished with value: 0.08254618224452188 and parameters: {'sigma_noise': 0.3244145914660007, 'A_repulsion': 0.3307167712137874, 'gamma': 0.9989941258513302, 'sigma_update': 0.2268154834216834, 'eta_learning': 1.8824432176339336, 'sigma_boundary': 4.1061333269827305, 'alpha': 0.5847899259324026}. Best is trial 71 with value: 0.04949840661683641.
[I 2026-03-06 03:14:37,040] Trial 64 finished with value: 0.05955986159366013 and parameters: {'sigma_noise': 0.29696533679258685, 'A_repulsion': 0.06828567110829654, 'gamma': 0.9596654156340783, 'sigma_update': 0.14889337352245718, 'eta_learning': 1.9139614723578842, 'sigma_boundary': 1.679778399247869, 'alpha': 0.49346983960676205}. Best is trial 71 with value: 0.04949840661683641.
[I 2026-03-06 03:14:45,592] Trial 54 finished with value: 0.10987365474686657 and parameters: {'sigma_noise': 0.34072671332755133, 'A_repulsion': 0.2855054915371614, 'gamma': 0.9609829065433381, 'sigma_update': 0.2112793488256306, 'eta_learning': 2.046337725658444, 'sigma_boundary': 3.0592622056120593, 'alpha': 0.6267448153917639}. Best is trial 71 with value: 0.04949840661683641.
[I 2026-03-06 03:14:53,727] Trial 53 finished with value: 0.09736043248029834 and parameters: {'sigma_noise': 0.32856343109820885, 'A_repulsion': 0.33094889945606654, 'gamma': 0.9616364533316001, 'sigma_update': 0.21917702181596083, 'eta_learning': 1.8649131315001943, 'sigma_boundary': 3.2556583846938363, 'alpha': 0.5737173670747294}. Best is trial 71 with value: 0.04949840661683641.
[I 2026-03-06 03:14:56,499] Trial 66 finished with value: 0.09783121366740052 and parameters: {'sigma_noise': 0.405989795929218, 'A_repulsion': 0.005605062651340129, 'gamma': 0.9983581334689304, 'sigma_update': 0.14789626743193435, 'eta_learning': 1.93136302500703, 'sigma_boundary': 2.1193438628266694, 'alpha': 0.5014955641197196}. Best is trial 71 with value: 0.04949840661683641.
[I 2026-03-06 03:14:59,521] Trial 68 finished with value: 1.3925147023107058 and parameters: {'sigma_noise': 0.32361741668529326, 'A_repulsion': 0.06314870544743532, 'gamma': 0.9781300963768661, 'sigma_update': 0.018373056787709105, 'eta_learning': 1.938584644658418, 'sigma_boundary': 1.906133118889807, 'alpha': 0.5350284284168321}. Best is trial 71 with value: 0.04949840661683641.
[I 2026-03-06 03:15:04,681] Trial 62 finished with value: 0.08074984051324419 and parameters: {'sigma_noise': 0.3548738236637622, 'A_repulsion': 0.06702663811002078, 'gamma': 0.9849532185169174, 'sigma_update': 0.13851377456143774, 'eta_learning': 2.029089060753071, 'sigma_boundary': 1.6999377017207746, 'alpha': 0.5819368588398959}. Best is trial 71 with value: 0.04949840661683641.
[I 2026-03-06 03:15:11,084] Trial 61 finished with value: 0.13568656327367204 and parameters: {'sigma_noise': 0.44579375877857913, 'A_repulsion': 0.06645834431229054, 'gamma': 0.9739804751575832, 'sigma_update': 0.14982400051017486, 'eta_learning': 1.8929253654489044, 'sigma_boundary': 1.6989604567539298, 'alpha': 0.5227186254972894}. Best is trial 71 with value: 0.04949840661683641.
[I 2026-03-06 03:15:31,166] Trial 65 finished with value: 0.1694174917804261 and parameters: {'sigma_noise': 0.44834010085525455, 'A_repulsion': 0.06824932478047911, 'gamma': 0.9668375547104835, 'sigma_update': 0.14160519991970424, 'eta_learning': 1.9020008923593266, 'sigma_boundary': 1.783902732718517, 'alpha': 0.5042905619387318}. Best is trial 71 with value: 0.04949840661683641.
[I 2026-03-06 03:15:33,675] Trial 56 finished with value: 0.12480216111286997 and parameters: {'sigma_noise': 0.4128933204933809, 'A_repulsion': 0.2827996116866604, 'gamma': 0.9918459674887099, 'sigma_update': 0.220382463259902, 'eta_learning': 2.0103153467952946, 'sigma_boundary': 2.3455634482970877, 'alpha': 0.6856150611020271}. Best is trial 71 with value: 0.04949840661683641.
[I 2026-03-06 03:15:36,900] Trial 77 finished with value: 0.6097723190557232 and parameters: {'sigma_noise': 0.2734213217554659, 'A_repulsion': 0.06771918804246643, 'gamma': 0.8305103989649308, 'sigma_update': 0.02341277412899495, 'eta_learning': 1.9495397308674312, 'sigma_boundary': 1.8158184648354116, 'alpha': 0.5332630531412769}. Best is trial 71 with value: 0.04949840661683641.
[I 2026-03-06 03:15:43,395] Trial 63 finished with value: 0.13916560444220807 and parameters: {'sigma_noise': 0.42272973822572657, 'A_repulsion': 0.06467616877025784, 'gamma': 0.9626038707936306, 'sigma_update': 0.14710118661804175, 'eta_learning': 2.014641175640535, 'sigma_boundary': 1.6787712913591346, 'alpha': 0.550122712186971}. Best is trial 71 with value: 0.04949840661683641.
[I 2026-03-06 03:15:45,968] Trial 58 finished with value: 0.2278410468371076 and parameters: {'sigma_noise': 0.4074018622687561, 'A_repulsion': 0.29833945540475937, 'gamma': 0.7524896872717695, 'sigma_update': 0.1998996568673518, 'eta_learning': 1.9868019197828775, 'sigma_boundary': 2.1005236175853215, 'alpha': 0.5800825280471973}. Best is trial 71 with value: 0.04949840661683641.
[I 2026-03-06 03:15:47,884] Trial 59 finished with value: 0.24104119966203594 and parameters: {'sigma_noise': 0.40188333925338515, 'A_repulsion': 0.29472019868301147, 'gamma': 0.73964770209417, 'sigma_update': 0.20704678256625328, 'eta_learning': 1.977905913794848, 'sigma_boundary': 2.139312841204008, 'alpha': 0.5542667063731959}. Best is trial 71 with value: 0.04949840661683641.
[I 2026-03-06 03:15:49,184] Trial 57 finished with value: 0.11120251368454304 and parameters: {'sigma_noise': 0.4044409490535747, 'A_repulsion': 0.31447251576252, 'gamma': 0.9909243053612822, 'sigma_update': 0.19558623881364331, 'eta_learning': 1.959992430808731, 'sigma_boundary': 2.228717037873049, 'alpha': 0.5807568066479356}. Best is trial 71 with value: 0.04949840661683641.
[I 2026-03-06 03:15:58,715] Trial 69 finished with value: 2.0440251029026313 and parameters: {'sigma_noise': 0.4495818573300904, 'A_repulsion': 0.06844343860742742, 'gamma': 0.9936181555723099, 'sigma_update': 0.010472414309699918, 'eta_learning': 2.011328986683547, 'sigma_boundary': 1.806793383439647, 'alpha': 0.271312823639443}. Best is trial 71 with value: 0.04949840661683641.
[I 2026-03-06 03:16:46,912] Trial 74 finished with value: 1.833934732259623 and parameters: {'sigma_noise': 0.4453958652102374, 'A_repulsion': 0.07651321992887525, 'gamma': 0.8040473517636816, 'sigma_update': 0.028088697974637825, 'eta_learning': 0.3627662843628019, 'sigma_boundary': 1.853152283510256, 'alpha': 0.2476050892046131}. Best is trial 71 with value: 0.04949840661683641.
[I 2026-03-06 03:19:39,234] Trial 84 finished with value: 0.1257453057024459 and parameters: {'sigma_noise': 0.1624500584489243, 'A_repulsion': 0.05104881671016459, 'gamma': 0.7584408296929052, 'sigma_update': 0.022898810209933347, 'eta_learning': 0.3401339663080737, 'sigma_boundary': 1.71079071240052, 'alpha': 0.5687275082445984}. Best is trial 71 with value: 0.04949840661683641.
[I 2026-03-06 03:19:42,362] Trial 92 finished with value: 0.06640037223380463 and parameters: {'sigma_noise': 0.11674141131517235, 'A_repulsion': 0.0026959550715452, 'gamma': 0.8813120903645724, 'sigma_update': 0.17833576818512237, 'eta_learning': 0.4455601056375459, 'sigma_boundary': 1.556991736170369, 'alpha': 0.5945824072322583}. Best is trial 71 with value: 0.04949840661683641.
