[I 2026-03-06 02:09:35,791] Trial 198 finished with value: 0.04103572843023205 and parameters: {'sigma_noise': 0.19820824534142184, 'A_repulsion': 0.039772065513476035, 'gamma': 0.9746102090429017, 'sigma_update': 0.0522553164132571, 'eta_learning': 0.7161779044842363, 'sigma_boundary': 1.6001235129364455, 'alpha': 0.8061076572589913}. Best is trial 74 with value: 0.027930610125902373.
[I 2026-03-06 02:09:36,934] Trial 196 finished with value: 0.03941946215051084 and parameters: {'sigma_noise': 0.20809033991965883, 'A_repulsion': 0.040164395086714835, 'gamma': 0.9816909050855183, 'sigma_update': 0.48519020889063463, 'eta_learning': 0.47541671305329103, 'sigma_boundary': 1.8356107178197503, 'alpha': 0.7240642209343036}. Best is trial 74 with value: 0.027930610125902373.
[I 2026-03-06 02:09:38,388] Trial 197 finished with value: 0.03858799243404013 and parameters: {'sigma_noise': 0.21027210399336338, 'A_repulsion': 0.04457128694745949, 'gamma': 0.9782382227357448, 'sigma_update': 0.5035713684898158, 'eta_learning': 0.6969787632094729, 'sigma_boundary': 1.4599764352223754, 'alpha': 0.708025512297647}. Best is trial 74 with value: 0.027930610125902373.
[I 2026-03-06 02:09:40,455] Trial 195 finished with value: 0.03744219033728963 and parameters: {'sigma_noise': 0.28008491892971327, 'A_repulsion': 0.04610160399184811, 'gamma': 0.9757808382828813, 'sigma_update': 0.27507997802920925, 'eta_learning': 0.6787149222115166, 'sigma_boundary': 1.64879437275962, 'alpha': 0.8070381585934787}. Best is trial 74 with value: 0.027930610125902373.
[I 2026-03-06 02:09:44,613] Trial 199 finished with value: 0.03836122020773394 and parameters: {'sigma_noise': 0.28117147196603576, 'A_repulsion': 0.047917945611781775, 'gamma': 0.9755563933856236, 'sigma_update': 0.04719126121404249, 'eta_learning': 0.509345793611296, 'sigma_boundary': 1.6267552884098913, 'alpha': 0.8003513735038549}. Best is trial 74 with value: 0.027930610125902373.
[I 2026-03-06 02:09:44,844] Trial 194 finished with value: 0.03491713247992377 and parameters: {'sigma_noise': 0.28057873471414596, 'A_repulsion': 0.1139882581528491, 'gamma': 0.9754518439287597, 'sigma_update': 0.48975454140643393, 'eta_learning': 0.6834633975444709, 'sigma_boundary': 1.6437219953859765, 'alpha': 0.7196191363606244}. Best is trial 74 with value: 0.027930610125902373.
