[I 2026-03-06 02:27:16,335] Trial 63 finished with value: 0.179248922594212 and parameters: {'sigma_noise': 0.2406744830529069, 'A_repulsion': 0.09430348385136168, 'gamma': 0.03418673111092835, 'sigma_update': 0.4190964503613025, 'eta_learning': 0.9627920642020973, 'sigma_boundary': 9.666584618720865, 'alpha': 0.9998738151159903}. Best is trial 72 with value: 0.03887693870703521.
[I 2026-03-06 02:27:22,982] Trial 47 finished with value: 2.481671422972293 and parameters: {'sigma_noise': 0.29385563651824786, 'A_repulsion': 0.4771321721922737, 'gamma': 0.3005240175759482, 'sigma_update': 0.5100110172050487, 'eta_learning': 0.40657873091562213, 'sigma_boundary': 9.858567904092103, 'alpha': 0.1598247773376381}. Best is trial 72 with value: 0.03887693870703521.
[I 2026-03-06 02:27:47,773] Trial 50 finished with value: 0.09263796619225001 and parameters: {'sigma_noise': 0.2373132743757529, 'A_repulsion': 0.49777003846120105, 'gamma': 0.7008610812070919, 'sigma_update': 0.4476988050524724, 'eta_learning': 0.8139661416076316, 'sigma_boundary': 9.278380351395253, 'alpha': 0.9801243692844167}. Best is trial 72 with value: 0.03887693870703521.
[I 2026-03-06 02:27:54,400] Trial 49 finished with value: 2.621564448114077 and parameters: {'sigma_noise': 0.3590664792855597, 'A_repulsion': 0.49431176297196583, 'gamma': 0.06257077244606646, 'sigma_update': 0.46468807936617995, 'eta_learning': 0.7691730319990222, 'sigma_boundary': 9.803998655112602, 'alpha': 0.04027844743632847}. Best is trial 72 with value: 0.03887693870703521.
[I 2026-03-06 02:27:58,221] Trial 58 finished with value: 0.20956650486726056 and parameters: {'sigma_noise': 0.312688256973107, 'A_repulsion': 0.1203501375004633, 'gamma': 0.751201000838391, 'sigma_update': 0.4596822123000554, 'eta_learning': 0.8628466323669648, 'sigma_boundary': 9.717546597158298, 'alpha': 0.5928743650266886}. Best is trial 72 with value: 0.03887693870703521.
[I 2026-03-06 02:28:05,915] Trial 48 finished with value: 2.540028715082941 and parameters: {'sigma_noise': 0.40576712990590214, 'A_repulsion': 0.40275345531314805, 'gamma': 0.6713325696995996, 'sigma_update': 0.050857819321987824, 'eta_learning': 2.898183620290975, 'sigma_boundary': 3.5821773684258305, 'alpha': 0.30873670249555585}. Best is trial 72 with value: 0.03887693870703521.
[I 2026-03-06 02:28:08,906] Trial 57 finished with value: 0.2821481205211376 and parameters: {'sigma_noise': 0.32992775923142353, 'A_repulsion': 0.13134968922294032, 'gamma': 0.06908829632140362, 'sigma_update': 0.4653125469978711, 'eta_learning': 0.9144579711418626, 'sigma_boundary': 9.823956836081003, 'alpha': 0.8380923696326869}. Best is trial 72 with value: 0.03887693870703521.
[I 2026-03-06 02:28:25,661] Trial 56 finished with value: 0.28493888518823196 and parameters: {'sigma_noise': 0.3681999504866371, 'A_repulsion': 0.12754807881492453, 'gamma': 0.721004253706734, 'sigma_update': 0.4138888622353608, 'eta_learning': 0.8726237973821598, 'sigma_boundary': 9.430747026749765, 'alpha': 0.5780659769963763}. Best is trial 72 with value: 0.03887693870703521.
[I 2026-03-06 02:28:33,744] Trial 59 finished with value: 0.09611878778732094 and parameters: {'sigma_noise': 0.34957170295104756, 'A_repulsion': 0.12213314537887157, 'gamma': 0.7568118711004775, 'sigma_update': 0.4860126443007127, 'eta_learning': 0.9799932893137095, 'sigma_boundary': 9.952884681797753, 'alpha': 0.8698358663224106}. Best is trial 72 with value: 0.03887693870703521.
[I 2026-03-06 02:28:42,450] Trial 51 finished with value: 0.23990679386576805 and parameters: {'sigma_noise': 0.3623228806185168, 'A_repulsion': 0.4478387561740229, 'gamma': 0.05338878176214634, 'sigma_update': 0.43022395106890676, 'eta_learning': 0.8414028172638882, 'sigma_boundary': 9.94060467560016, 'alpha': 0.9949660814080878}. Best is trial 72 with value: 0.03887693870703521.
[I 2026-03-06 02:29:11,808] Trial 73 finished with value: 0.05738584603043174 and parameters: {'sigma_noise': 0.23651063431764546, 'A_repulsion': 0.29013626380804897, 'gamma': 0.7494366110290425, 'sigma_update': 0.4660341819096723, 'eta_learning': 1.0523880533374246, 'sigma_boundary': 4.284177011930252, 'alpha': 0.9902728785405095}. Best is trial 72 with value: 0.03887693870703521.
[I 2026-03-06 02:29:31,064] Trial 77 finished with value: 0.05439415170911786 and parameters: {'sigma_noise': 0.23605184455195208, 'A_repulsion': 0.29097584824891226, 'gamma': 0.7445977845905227, 'sigma_update': 0.3838884724047644, 'eta_learning': 0.9982540382458372, 'sigma_boundary': 3.0451422952891365, 'alpha': 0.981415048493762}. Best is trial 72 with value: 0.03887693870703521.
[I 2026-03-06 02:29:33,981] Trial 74 finished with value: 0.05792790862238015 and parameters: {'sigma_noise': 0.23633169125670828, 'A_repulsion': 0.2939183777382002, 'gamma': 0.7651300305285097, 'sigma_update': 0.4842264144321782, 'eta_learning': 1.0431910666967954, 'sigma_boundary': 3.2237028269462544, 'alpha': 0.7831898620628102}. Best is trial 72 with value: 0.03887693870703521.
[I 2026-03-06 02:29:41,918] Trial 66 finished with value: 0.18201320425435352 and parameters: {'sigma_noise': 0.3608214078395733, 'A_repulsion': 0.3231073537892617, 'gamma': 0.7547601068105918, 'sigma_update': 0.46204558041064897, 'eta_learning': 0.920165249190199, 'sigma_boundary': 4.147355355192998, 'alpha': 0.6319250242572271}. Best is trial 72 with value: 0.03887693870703521.
[I 2026-03-06 02:29:42,809] Trial 68 finished with value: 0.15680910378364893 and parameters: {'sigma_noise': 0.3604832718708226, 'A_repulsion': 0.2967051313788549, 'gamma': 0.7734810755740126, 'sigma_update': 0.48200916018207135, 'eta_learning': 0.8188650802295367, 'sigma_boundary': 3.416253020972574, 'alpha': 0.6539525309217395}. Best is trial 72 with value: 0.03887693870703521.
[I 2026-03-06 02:29:45,416] Trial 75 finished with value: 0.05612777079604288 and parameters: {'sigma_noise': 0.24403096855195913, 'A_repulsion': 0.2918615432385111, 'gamma': 0.7514992120296445, 'sigma_update': 0.47616330117092986, 'eta_learning': 0.8839774972956591, 'sigma_boundary': 3.184145016505253, 'alpha': 0.9996534325096353}. Best is trial 72 with value: 0.03887693870703521.
[I 2026-03-06 02:29:45,677] Trial 67 finished with value: 0.11383237158930361 and parameters: {'sigma_noise': 0.3677056626054337, 'A_repulsion': 0.29732557050809444, 'gamma': 0.775674263180066, 'sigma_update': 0.4759598566062487, 'eta_learning': 0.8161353498450832, 'sigma_boundary': 3.630302972120823, 'alpha': 0.850299487652066}. Best is trial 72 with value: 0.03887693870703521.
[I 2026-03-06 02:29:46,379] Trial 65 finished with value: 0.17660064984754092 and parameters: {'sigma_noise': 0.3513067349334471, 'A_repulsion': 0.32963717515486196, 'gamma': 0.7648710107193218, 'sigma_update': 0.4650283699355148, 'eta_learning': 0.965449524208319, 'sigma_boundary': 9.982812300823507, 'alpha': 0.6222303653771768}. Best is trial 72 with value: 0.03887693870703521.
[I 2026-03-06 02:29:54,291] Trial 76 finished with value: 0.05674194430896207 and parameters: {'sigma_noise': 0.24427104927776305, 'A_repulsion': 0.29054958036027473, 'gamma': 0.7755333082764675, 'sigma_update': 0.3934474048332894, 'eta_learning': 1.0930136894930507, 'sigma_boundary': 3.2582365503689017, 'alpha': 0.7831600504055054}. Best is trial 72 with value: 0.03887693870703521.
[I 2026-03-06 02:30:04,209] Trial 70 finished with value: 0.11003168286617476 and parameters: {'sigma_noise': 0.35313376611263625, 'A_repulsion': 0.303599422471944, 'gamma': 0.7493838694255692, 'sigma_update': 0.4753106852479322, 'eta_learning': 0.8859933809751122, 'sigma_boundary': 4.115358944360259, 'alpha': 0.8369880491411179}. Best is trial 72 with value: 0.03887693870703521.
[I 2026-03-06 02:30:05,556] Trial 69 finished with value: 0.15491305357606133 and parameters: {'sigma_noise': 0.3608225383235332, 'A_repulsion': 0.3193918856229122, 'gamma': 0.7700306416372438, 'sigma_update': 0.4772978006038571, 'eta_learning': 0.8524997628782505, 'sigma_boundary': 3.906026155747499, 'alpha': 0.6524747438591473}. Best is trial 72 with value: 0.03887693870703521.
[I 2026-03-06 02:30:05,811] Trial 71 finished with value: 0.1093708223809701 and parameters: {'sigma_noise': 0.3457033230685287, 'A_repulsion': 0.2916793650757946, 'gamma': 0.7744357557990608, 'sigma_update': 0.4507034325675451, 'eta_learning': 1.029033170271142, 'sigma_boundary': 3.592088088357592, 'alpha': 0.843461693849568}. Best is trial 72 with value: 0.03887693870703521.
[I 2026-03-06 02:30:11,985] Trial 78 finished with value: 0.0536143159622256 and parameters: {'sigma_noise': 0.2453633614155852, 'A_repulsion': 0.28516162173308396, 'gamma': 0.8026413503131671, 'sigma_update': 0.39387475520754456, 'eta_learning': 1.059689992773488, 'sigma_boundary': 3.185982284842763, 'alpha': 0.7871955184980974}. Best is trial 72 with value: 0.03887693870703521.
[I 2026-03-06 02:30:34,051] Trial 79 finished with value: 0.051288917382855154 and parameters: {'sigma_noise': 0.24923988639067565, 'A_repulsion': 0.2978082198467098, 'gamma': 0.7753167628573487, 'sigma_update': 0.4310919930716069, 'eta_learning': 1.0443973061118956, 'sigma_boundary': 3.205675459898199, 'alpha': 0.789910271205876}. Best is trial 72 with value: 0.03887693870703521.
[I 2026-03-06 02:32:44,934] Trial 80 finished with value: 0.0555708930520515 and parameters: {'sigma_noise': 0.24101225369352286, 'A_repulsion': 0.3012279796916013, 'gamma': 0.7703355763662565, 'sigma_update': 0.4076821511793962, 'eta_learning': 1.0673895659209482, 'sigma_boundary': 3.203159324174393, 'alpha': 0.9491676028358521}. Best is trial 72 with value: 0.03887693870703521.
[I 2026-03-06 02:32:57,694] Trial 81 finished with value: 0.05317104204574552 and parameters: {'sigma_noise': 0.24284134972913407, 'A_repulsion': 0.29905484044286623, 'gamma': 0.7724853256427304, 'sigma_update': 0.39439657876693746, 'eta_learning': 0.9823885592772088, 'sigma_boundary': 3.396974989561997, 'alpha': 0.9876223290567758}. Best is trial 72 with value: 0.03887693870703521.
[I 2026-03-06 02:33:53,325] Trial 88 finished with value: 0.11719677868234092 and parameters: {'sigma_noise': 0.14202455436863098, 'A_repulsion': 0.06971953990169517, 'gamma': 0.8200661610137348, 'sigma_update': 0.46380118830116246, 'eta_learning': 1.735364490488966, 'sigma_boundary': 9.19311898353234, 'alpha': 0.6481676755519215}. Best is trial 72 with value: 0.03887693870703521.
[I 2026-03-06 02:33:59,492] Trial 95 finished with value: 0.09578744087475632 and parameters: {'sigma_noise': 0.1395225315512466, 'A_repulsion': 0.06928300717736091, 'gamma': 0.7934217777245943, 'sigma_update': 0.5054591169725721, 'eta_learning': 0.6109159872228815, 'sigma_boundary': 3.1160358565679553, 'alpha': 0.6398666312739754}. Best is trial 72 with value: 0.03887693870703521.
[I 2026-03-06 02:34:02,734] Trial 93 finished with value: 0.12086650087001317 and parameters: {'sigma_noise': 0.1462661313321669, 'A_repulsion': 0.06976708115120979, 'gamma': 0.792607291142318, 'sigma_update': 0.5019192806459593, 'eta_learning': 1.6756042186062934, 'sigma_boundary': 3.1584531740731636, 'alpha': 0.6415324825150222}. Best is trial 72 with value: 0.03887693870703521.
[I 2026-03-06 02:34:12,968] Trial 86 finished with value: 0.09131340350172384 and parameters: {'sigma_noise': 0.14640438272819195, 'A_repulsion': 0.09103294961108149, 'gamma': 0.8101521732719885, 'sigma_update': 0.4122880667522735, 'eta_learning': 0.021126880901819467, 'sigma_boundary': 3.1798595525300852, 'alpha': 0.6470497150360004}. Best is trial 72 with value: 0.03887693870703521.
[I 2026-03-06 02:34:18,511] Trial 90 finished with value: 0.07936629401902992 and parameters: {'sigma_noise': 0.14287680779712908, 'A_repulsion': 0.06921309311167147, 'gamma': 0.8145612053829115, 'sigma_update': 0.49263788984441204, 'eta_learning': 0.5468185789832166, 'sigma_boundary': 3.0433109360105592, 'alpha': 0.7951759495645517}. Best is trial 72 with value: 0.03887693870703521.
[I 2026-03-06 02:34:20,140] Trial 89 finished with value: 0.05720141494891312 and parameters: {'sigma_noise': 0.14232625656416587, 'A_repulsion': 0.0650990240049151, 'gamma': 0.7846174172563221, 'sigma_update': 0.3534845583341492, 'eta_learning': 0.6296132736461288, 'sigma_boundary': 3.1528424988398083, 'alpha': 0.8249557345906213}. Best is trial 72 with value: 0.03887693870703521.
[I 2026-03-06 02:34:25,608] Trial 96 finished with value: 0.055809529654290715 and parameters: {'sigma_noise': 0.14565459165360223, 'A_repulsion': 0.06215699764471417, 'gamma': 0.7891990609556125, 'sigma_update': 0.3477080503342949, 'eta_learning': 0.675607094061355, 'sigma_boundary': 3.049291006635703, 'alpha': 0.7806002099231844}. Best is trial 72 with value: 0.03887693870703521.
[I 2026-03-06 02:34:28,074] Trial 97 finished with value: 0.05119013414681194 and parameters: {'sigma_noise': 0.14631275836617977, 'A_repulsion': 0.06625859536684083, 'gamma': 0.7862749035889669, 'sigma_update': 0.35548183321116333, 'eta_learning': 1.742311443906023, 'sigma_boundary': 3.021384350957287, 'alpha': 0.7892460365986619}. Best is trial 72 with value: 0.03887693870703521.
[I 2026-03-06 02:34:56,108] Trial 85 finished with value: 0.035237245022292966 and parameters: {'sigma_noise': 0.24365864646992558, 'A_repulsion': 0.10695179733456256, 'gamma': 0.7925067773381499, 'sigma_update': 0.396562703812667, 'eta_learning': 1.7685846449500913, 'sigma_boundary': 3.149179063566921, 'alpha': 0.9854633069534608}. Best is trial 85 with value: 0.035237245022292966.
[I 2026-03-06 02:35:17,051] Trial 87 finished with value: 0.09809627691262274 and parameters: {'sigma_noise': 0.24591999507400675, 'A_repulsion': 0.0662460325250169, 'gamma': 0.7929315683277407, 'sigma_update': 0.44617273796630597, 'eta_learning': 0.6250449698282001, 'sigma_boundary': 9.067677686999488, 'alpha': 0.6407811169871953}. Best is trial 85 with value: 0.035237245022292966.
[I 2026-03-06 02:35:22,440] Trial 82 finished with value: 0.0515621262316418 and parameters: {'sigma_noise': 0.242729159683262, 'A_repulsion': 0.29354340361210884, 'gamma': 0.7814478041787132, 'sigma_update': 0.3911225742969802, 'eta_learning': 1.7334230988557167, 'sigma_boundary': 3.137514520582678, 'alpha': 0.9910308922069744}. Best is trial 85 with value: 0.035237245022292966.
[I 2026-03-06 02:35:25,471] Trial 91 finished with value: 0.060453657754727504 and parameters: {'sigma_noise': 0.24368863531807403, 'A_repulsion': 0.06912731823171973, 'gamma': 0.8017306048045554, 'sigma_update': 0.5034816268277598, 'eta_learning': 0.6012931502474741, 'sigma_boundary': 3.0652151209192717, 'alpha': 0.7803497277219376}. Best is trial 85 with value: 0.035237245022292966.
[I 2026-03-06 02:35:29,677] Trial 92 finished with value: 0.04380776782800822 and parameters: {'sigma_noise': 0.2423100713618426, 'A_repulsion': 0.06115126821599293, 'gamma': 0.8000441025230869, 'sigma_update': 0.3666049393546357, 'eta_learning': 0.6290892712593267, 'sigma_boundary': 3.2711951851590135, 'alpha': 0.7891770372649619}. Best is trial 85 with value: 0.035237245022292966.
[I 2026-03-06 02:35:41,696] Trial 83 finished with value: 0.0485425634647213 and parameters: {'sigma_noise': 0.2432541962769036, 'A_repulsion': 0.28996713292720033, 'gamma': 0.8183407526964355, 'sigma_update': 0.3945208082326009, 'eta_learning': 0.6753018960780273, 'sigma_boundary': 2.990392210477077, 'alpha': 0.999185407530522}. Best is trial 85 with value: 0.035237245022292966.
[I 2026-03-06 02:35:51,327] Trial 84 finished with value: 0.05169042820630444 and parameters: {'sigma_noise': 0.22476630930604402, 'A_repulsion': 0.302755155871393, 'gamma': 0.807697424168575, 'sigma_update': 0.3949546180794338, 'eta_learning': 0.6008044661792877, 'sigma_boundary': 3.4928631149489293, 'alpha': 0.7852651862385766}. Best is trial 85 with value: 0.035237245022292966.
[I 2026-03-06 02:36:02,706] Trial 94 finished with value: 0.07055910224835646 and parameters: {'sigma_noise': 0.14774065453952723, 'A_repulsion': 0.2791471794382326, 'gamma': 0.7990396356784468, 'sigma_update': 0.49373950645547, 'eta_learning': 0.6329275905996453, 'sigma_boundary': 2.891412079466966, 'alpha': 0.8056616655137192}. Best is trial 85 with value: 0.035237245022292966.
[I 2026-03-06 02:36:22,222] Trial 100 finished with value: 0.1208564868792378 and parameters: {'sigma_noise': 0.1353674727399834, 'A_repulsion': 0.2808142360557403, 'gamma': 0.8089497702590148, 'sigma_update': 0.3470493409637261, 'eta_learning': 0.01808488881448389, 'sigma_boundary': 3.4684861450286655, 'alpha': 0.7985874420500775}. Best is trial 85 with value: 0.035237245022292966.
[I 2026-03-06 02:36:39,046] Trial 101 finished with value: 0.08293680923454914 and parameters: {'sigma_noise': 0.1456726449409617, 'A_repulsion': 0.2930636253423034, 'gamma': 0.7913802535969141, 'sigma_update': 0.35455550959549076, 'eta_learning': 1.6974543109600628, 'sigma_boundary': 2.0363993539699496, 'alpha': 0.7964900571461435}. Best is trial 85 with value: 0.035237245022292966.
[I 2026-03-06 02:36:45,927] Trial 102 finished with value: 0.11166762268625029 and parameters: {'sigma_noise': 0.1445349401594286, 'A_repulsion': 0.30961195863053853, 'gamma': 0.7906098919141805, 'sigma_update': 0.3483844396996866, 'eta_learning': 0.6334697141395518, 'sigma_boundary': 1.8930036805931854, 'alpha': 0.9136280718670142}. Best is trial 85 with value: 0.035237245022292966.
[I 2026-03-06 02:37:00,405] Trial 107 finished with value: 0.03249011026340713 and parameters: {'sigma_noise': 0.19289490874980847, 'A_repulsion': 0.06568443537620419, 'gamma': 0.9497577007170566, 'sigma_update': 0.3595736333244221, 'eta_learning': 0.5670408419784967, 'sigma_boundary': 2.0081053322668234, 'alpha': 0.9196754899912947}. Best is trial 107 with value: 0.03249011026340713.
[I 2026-03-06 02:37:03,110] Trial 105 finished with value: 0.10378216985592259 and parameters: {'sigma_noise': 0.1301272883142097, 'A_repulsion': 0.30093561451473283, 'gamma': 0.8250036792535376, 'sigma_update': 0.36356112868817786, 'eta_learning': 0.5845847452307005, 'sigma_boundary': 2.1699866673412473, 'alpha': 0.9100546459871315}. Best is trial 107 with value: 0.03249011026340713.
[I 2026-03-06 02:37:24,965] Trial 106 finished with value: 0.0736006118440171 and parameters: {'sigma_noise': 0.13713996361011938, 'A_repulsion': 0.23776945125710391, 'gamma': 0.8164005519115602, 'sigma_update': 0.39230643941268, 'eta_learning': 0.6473134606883825, 'sigma_boundary': 2.03206341483394, 'alpha': 0.7822681474023967}. Best is trial 107 with value: 0.03249011026340713.
[I 2026-03-06 02:37:29,843] Trial 98 finished with value: 0.1409173301270527 and parameters: {'sigma_noise': 0.37859614841499123, 'A_repulsion': 0.0616465979924791, 'gamma': 0.7982511894159712, 'sigma_update': 0.35448407614812777, 'eta_learning': 0.6158062053915476, 'sigma_boundary': 3.167932436907122, 'alpha': 0.6506140068092198}. Best is trial 107 with value: 0.03249011026340713.
[I 2026-03-06 02:37:32,932] Trial 99 finished with value: 0.1422618870008349 and parameters: {'sigma_noise': 0.37850804112739284, 'A_repulsion': 0.06309004413007066, 'gamma': 0.7930180580482925, 'sigma_update': 0.3510439955278442, 'eta_learning': 0.6233205788700291, 'sigma_boundary': 3.1901000521603975, 'alpha': 0.6487607993522608}. Best is trial 107 with value: 0.03249011026340713.
[I 2026-03-06 02:37:54,588] Trial 110 finished with value: 0.04531204184682716 and parameters: {'sigma_noise': 0.26593277914703856, 'A_repulsion': 0.0742048913816988, 'gamma': 0.8156250976689675, 'sigma_update': 0.34812195235435883, 'eta_learning': 0.6104341991114834, 'sigma_boundary': 1.94165130718776, 'alpha': 0.9044312390164249}. Best is trial 107 with value: 0.03249011026340713.
[I 2026-03-06 02:38:10,053] Trial 103 finished with value: 0.055269740748660715 and parameters: {'sigma_noise': 0.26348647997186947, 'A_repulsion': 0.29710607740545136, 'gamma': 0.7814926564340007, 'sigma_update': 0.36437105148311255, 'eta_learning': 2.283735583673034, 'sigma_boundary': 4.242038114320595, 'alpha': 0.9083314080246855}. Best is trial 107 with value: 0.03249011026340713.
[I 2026-03-06 02:38:14,433] Trial 104 finished with value: 0.05082719341465671 and parameters: {'sigma_noise': 0.26278894291727567, 'A_repulsion': 0.3076502187557997, 'gamma': 0.8294122749129076, 'sigma_update': 0.3395550496624343, 'eta_learning': 0.014440071878976612, 'sigma_boundary': 2.033950251899454, 'alpha': 0.9156562396378353}. Best is trial 107 with value: 0.03249011026340713.
[I 2026-03-06 02:38:58,467] Trial 108 finished with value: 0.05119014780511966 and parameters: {'sigma_noise': 0.2589181070187374, 'A_repulsion': 0.30482126953806526, 'gamma': 0.8193621243162376, 'sigma_update': 0.3453369713550216, 'eta_learning': 0.5683097961150847, 'sigma_boundary': 4.0116088960160825, 'alpha': 0.7923184352163453}. Best is trial 107 with value: 0.03249011026340713.
[I 2026-03-06 02:39:22,669] Trial 112 finished with value: 0.045437381782282585 and parameters: {'sigma_noise': 0.2649620562227195, 'A_repulsion': 0.27929575768024295, 'gamma': 0.8210589247333115, 'sigma_update': 0.3477810449762071, 'eta_learning': 0.6945380262713587, 'sigma_boundary': 2.167587651198895, 'alpha': 0.922560919379645}. Best is trial 107 with value: 0.03249011026340713.
[I 2026-03-06 02:39:24,821] Trial 109 finished with value: 0.04393410503751044 and parameters: {'sigma_noise': 0.26602264571723605, 'A_repulsion': 0.2772721557231109, 'gamma': 0.8182602861213886, 'sigma_update': 0.3492714259223407, 'eta_learning': 0.6916138485518557, 'sigma_boundary': 2.881453975514529, 'alpha': 0.909117032514583}. Best is trial 107 with value: 0.03249011026340713.
[I 2026-03-06 02:39:25,799] Trial 117 finished with value: 0.04412509560261621 and parameters: {'sigma_noise': 0.2637326990559262, 'A_repulsion': 0.2361088175533016, 'gamma': 0.8334762217237314, 'sigma_update': 0.34739474037338025, 'eta_learning': 0.6004324976414946, 'sigma_boundary': 2.0064424084426964, 'alpha': 0.9092520028366622}. Best is trial 107 with value: 0.03249011026340713.
