[I 2026-03-06 02:39:26,871] Trial 111 finished with value: 0.042938598476404036 and parameters: {'sigma_noise': 0.2609763445919167, 'A_repulsion': 0.2761828606662302, 'gamma': 0.8219736812694001, 'sigma_update': 0.35177147479202237, 'eta_learning': 1.2510674474261494, 'sigma_boundary': 2.0144286490938073, 'alpha': 0.9256229152922959}. Best is trial 107 with value: 0.03249011026340713.
[I 2026-03-06 02:39:30,134] Trial 114 finished with value: 0.0460992279185386 and parameters: {'sigma_noise': 0.2591402912717475, 'A_repulsion': 0.2777982720263493, 'gamma': 0.8247427983562423, 'sigma_update': 0.513760923348052, 'eta_learning': 1.1801408508343703, 'sigma_boundary': 2.704561826065912, 'alpha': 0.9256316737799916}. Best is trial 107 with value: 0.03249011026340713.
[I 2026-03-06 02:39:33,514] Trial 113 finished with value: 0.03814293542086461 and parameters: {'sigma_noise': 0.26349768153889047, 'A_repulsion': 0.2866660152121371, 'gamma': 0.8265829198867926, 'sigma_update': 0.3471172788562355, 'eta_learning': 1.2445567246896052, 'sigma_boundary': 2.0716003250481023, 'alpha': 0.913601087928451}. Best is trial 107 with value: 0.03249011026340713.
[I 2026-03-06 02:39:42,208] Trial 118 finished with value: 0.04664055993699115 and parameters: {'sigma_noise': 0.26402064073854054, 'A_repulsion': 0.27261331237171305, 'gamma': 0.8166218584970424, 'sigma_update': 0.36839457159569206, 'eta_learning': 0.6598198307503806, 'sigma_boundary': 2.9466817359768758, 'alpha': 0.9104762386123748}. Best is trial 107 with value: 0.03249011026340713.
[I 2026-03-06 02:39:45,294] Trial 116 finished with value: 0.0454226329429313 and parameters: {'sigma_noise': 0.2654658042898362, 'A_repulsion': 0.27393033310671405, 'gamma': 0.8143851267865323, 'sigma_update': 0.3601584966083654, 'eta_learning': 1.1976612122693158, 'sigma_boundary': 1.915084302214256, 'alpha': 0.9132157862050571}. Best is trial 107 with value: 0.03249011026340713.
[I 2026-03-06 02:39:48,162] Trial 115 finished with value: 0.038977089906812395 and parameters: {'sigma_noise': 0.260551399174262, 'A_repulsion': 0.27147825556399774, 'gamma': 0.8305962090895643, 'sigma_update': 0.3513249920506798, 'eta_learning': 0.5720182466109444, 'sigma_boundary': 2.1787596608341513, 'alpha': 0.9152983722242976}. Best is trial 107 with value: 0.03249011026340713.
[I 2026-03-06 02:40:11,697] Trial 119 finished with value: 0.043022074965087004 and parameters: {'sigma_noise': 0.2617775008033013, 'A_repulsion': 0.2775212160930596, 'gamma': 0.818872950027644, 'sigma_update': 0.3617155615693706, 'eta_learning': 0.6822404032007849, 'sigma_boundary': 2.0872687823759724, 'alpha': 0.9135278603080967}. Best is trial 107 with value: 0.03249011026340713.
[I 2026-03-06 02:42:24,051] Trial 121 finished with value: 0.041058942344015636 and parameters: {'sigma_noise': 0.261885571271638, 'A_repulsion': 0.2699959868835613, 'gamma': 0.8177806425469952, 'sigma_update': 0.3471405442979678, 'eta_learning': 0.6465655649491059, 'sigma_boundary': 2.819973529900193, 'alpha': 0.9083152002830845}. Best is trial 107 with value: 0.03249011026340713.
[I 2026-03-06 02:42:25,369] Trial 120 finished with value: 0.04264658782724734 and parameters: {'sigma_noise': 0.266015265764613, 'A_repulsion': 0.2785408853037666, 'gamma': 0.8257004873189292, 'sigma_update': 0.35779383562122685, 'eta_learning': 0.6290636325098531, 'sigma_boundary': 2.7844502390953627, 'alpha': 0.8965127753313339}. Best is trial 107 with value: 0.03249011026340713.
[I 2026-03-06 02:43:02,173] Trial 122 finished with value: 0.03471487684103738 and parameters: {'sigma_noise': 0.25913867876013663, 'A_repulsion': 0.2371386057812446, 'gamma': 0.9604334343608374, 'sigma_update': 0.3591276649762888, 'eta_learning': 1.1918549026380796, 'sigma_boundary': 1.7541608000100886, 'alpha': 0.920256457700108}. Best is trial 107 with value: 0.03249011026340713.
[I 2026-03-06 02:43:25,967] Trial 124 finished with value: 0.037264422285894536 and parameters: {'sigma_noise': 0.26017849120283276, 'A_repulsion': 0.2711325470314963, 'gamma': 0.8391335289112243, 'sigma_update': 0.34780979844250165, 'eta_learning': 1.1950174163837648, 'sigma_boundary': 2.046077771150976, 'alpha': 0.9083885491772397}. Best is trial 107 with value: 0.03249011026340713.
[I 2026-03-06 02:43:30,275] Trial 125 finished with value: 0.0353735588326003 and parameters: {'sigma_noise': 0.25903453420372435, 'A_repulsion': 0.270761405111014, 'gamma': 0.8434398130611247, 'sigma_update': 0.3490076927119876, 'eta_learning': 1.1985192600384653, 'sigma_boundary': 2.055418390290702, 'alpha': 0.9102345336968969}. Best is trial 107 with value: 0.03249011026340713.
[I 2026-03-06 02:43:31,858] Trial 123 finished with value: 0.04081020054686916 and parameters: {'sigma_noise': 0.2620517632064872, 'A_repulsion': 0.2648883852077132, 'gamma': 0.9406313218931304, 'sigma_update': 0.3480565523084632, 'eta_learning': 1.2257595875463485, 'sigma_boundary': 1.9964422431246933, 'alpha': 0.9182359894057155}. Best is trial 107 with value: 0.03249011026340713.
[I 2026-03-06 02:43:46,044] Trial 126 finished with value: 0.04063286483637408 and parameters: {'sigma_noise': 0.2643358788958748, 'A_repulsion': 0.27081881426741783, 'gamma': 0.8546808503332218, 'sigma_update': 0.3506866014296042, 'eta_learning': 1.2319549323193237, 'sigma_boundary': 2.1645582956727587, 'alpha': 0.9137781252039359}. Best is trial 107 with value: 0.03249011026340713.
[I 2026-03-06 02:43:50,817] Trial 127 finished with value: 0.039711232291079285 and parameters: {'sigma_noise': 0.26210218605189395, 'A_repulsion': 0.2699144165766401, 'gamma': 0.9310592274751825, 'sigma_update': 0.3511012040767597, 'eta_learning': 1.1898052242459292, 'sigma_boundary': 2.6964494890840784, 'alpha': 0.9072060200826508}. Best is trial 107 with value: 0.03249011026340713.
[I 2026-03-06 02:43:58,914] Trial 128 finished with value: 0.04036271093682493 and parameters: {'sigma_noise': 0.26259823734278254, 'A_repulsion': 0.2704815218294071, 'gamma': 0.9375254659427782, 'sigma_update': 0.3494668989253303, 'eta_learning': 1.2314188866696996, 'sigma_boundary': 2.0615170232221844, 'alpha': 0.9163698588726963}. Best is trial 107 with value: 0.03249011026340713.
[I 2026-03-06 02:44:01,867] Trial 129 finished with value: 0.04090647343571388 and parameters: {'sigma_noise': 0.2709839161259313, 'A_repulsion': 0.27238929612772783, 'gamma': 0.9439277147957974, 'sigma_update': 0.33501250375004893, 'eta_learning': 1.2251827979159164, 'sigma_boundary': 2.141078341225141, 'alpha': 0.9373504806005084}. Best is trial 107 with value: 0.03249011026340713.
[I 2026-03-06 02:44:27,649] Trial 130 finished with value: 0.04039831952460905 and parameters: {'sigma_noise': 0.2606098612977073, 'A_repulsion': 0.2711018156800832, 'gamma': 0.934954398864875, 'sigma_update': 0.3313983095649264, 'eta_learning': 1.1905513886698136, 'sigma_boundary': 2.274034801826288, 'alpha': 0.9108561116701425}. Best is trial 107 with value: 0.03249011026340713.
[I 2026-03-06 02:44:35,861] Trial 132 finished with value: 0.03433416919164889 and parameters: {'sigma_noise': 0.26100993715111753, 'A_repulsion': 0.2394052886356012, 'gamma': 0.943369954129197, 'sigma_update': 0.37015938299884144, 'eta_learning': 1.2231740355290808, 'sigma_boundary': 2.013753494493554, 'alpha': 0.9110719133406451}. Best is trial 107 with value: 0.03249011026340713.
[I 2026-03-06 02:44:45,930] Trial 139 finished with value: 0.03102835131896844 and parameters: {'sigma_noise': 0.2672367391222318, 'A_repulsion': 0.04296565824377487, 'gamma': 0.8501462184216528, 'sigma_update': 0.36891460112394303, 'eta_learning': 1.5052365695554806, 'sigma_boundary': 2.068055830331032, 'alpha': 0.9048828521559334}. Best is trial 139 with value: 0.03102835131896844.
[I 2026-03-06 02:44:52,190] Trial 133 finished with value: 0.038861171139576774 and parameters: {'sigma_noise': 0.2621913482205726, 'A_repulsion': 0.26203656048713747, 'gamma': 0.941422951138869, 'sigma_update': 0.36477959979129504, 'eta_learning': 1.2534579950006266, 'sigma_boundary': 2.703915484524178, 'alpha': 0.9060261209756006}. Best is trial 139 with value: 0.03102835131896844.
[I 2026-03-06 02:44:55,974] Trial 131 finished with value: 0.03847089341812653 and parameters: {'sigma_noise': 0.2583380675168043, 'A_repulsion': 0.267483503762238, 'gamma': 0.940726191706694, 'sigma_update': 0.36959479774092957, 'eta_learning': 1.4464215451838551, 'sigma_boundary': 2.1769540325196686, 'alpha': 0.9117580382001749}. Best is trial 139 with value: 0.03102835131896844.
[I 2026-03-06 02:45:10,121] Trial 134 finished with value: 0.038341696166385324 and parameters: {'sigma_noise': 0.262734319856353, 'A_repulsion': 0.2712756910336492, 'gamma': 0.8512535050378655, 'sigma_update': 0.3420495883392383, 'eta_learning': 1.471328378494864, 'sigma_boundary': 2.018651752289443, 'alpha': 0.910353585791339}. Best is trial 139 with value: 0.03102835131896844.
[I 2026-03-06 02:45:15,305] Trial 136 finished with value: 0.03938577283078783 and parameters: {'sigma_noise': 0.26005614730234644, 'A_repulsion': 0.23944555530837935, 'gamma': 0.8539343057063116, 'sigma_update': 0.3624527040066594, 'eta_learning': 1.438515155680781, 'sigma_boundary': 2.030700443866388, 'alpha': 0.9157368323606656}. Best is trial 139 with value: 0.03102835131896844.
[I 2026-03-06 02:45:15,444] Trial 135 finished with value: 0.038650257232456006 and parameters: {'sigma_noise': 0.262670137519993, 'A_repulsion': 0.270592147249118, 'gamma': 0.850375663354615, 'sigma_update': 0.3259434543200036, 'eta_learning': 1.1967020313063366, 'sigma_boundary': 2.6798795055759443, 'alpha': 0.9045697996750586}. Best is trial 139 with value: 0.03102835131896844.
[I 2026-03-06 02:45:27,895] Trial 137 finished with value: 0.037544623679114125 and parameters: {'sigma_noise': 0.26291613586210894, 'A_repulsion': 0.24113250630336516, 'gamma': 0.8539743703760434, 'sigma_update': 0.335962640512547, 'eta_learning': 1.9003726813829016, 'sigma_boundary': 1.7772108042395114, 'alpha': 0.9215027958021108}. Best is trial 139 with value: 0.03102835131896844.
[I 2026-03-06 02:45:35,395] Trial 148 finished with value: 0.028211304418221575 and parameters: {'sigma_noise': 0.19539030519747302, 'A_repulsion': 0.0411833471327432, 'gamma': 0.9473618755739179, 'sigma_update': 0.2803017104315048, 'eta_learning': 1.266656933058937, 'sigma_boundary': 2.6909226430795705, 'alpha': 0.9592170775552741}. Best is trial 148 with value: 0.028211304418221575.
[I 2026-03-06 02:45:44,944] Trial 147 finished with value: 0.02814236352583299 and parameters: {'sigma_noise': 0.20247967935505307, 'A_repulsion': 0.026278936331125005, 'gamma': 0.9483336298803211, 'sigma_update': 0.3339733983287368, 'eta_learning': 1.836391281353604, 'sigma_boundary': 2.6279978108226993, 'alpha': 0.9636410495671129}. Best is trial 147 with value: 0.02814236352583299.
[I 2026-03-06 02:45:46,408] Trial 146 finished with value: 0.03091884029187783 and parameters: {'sigma_noise': 0.2634533841308382, 'A_repulsion': 0.026556303487846433, 'gamma': 0.853274708516063, 'sigma_update': 0.2726551836112369, 'eta_learning': 1.488933456781048, 'sigma_boundary': 2.7260890952899435, 'alpha': 0.9697927369742946}. Best is trial 147 with value: 0.02814236352583299.
[I 2026-03-06 02:45:54,804] Trial 145 finished with value: 0.025669629683461946 and parameters: {'sigma_noise': 0.25988305213221113, 'A_repulsion': 0.08470890723426368, 'gamma': 0.9539489938897269, 'sigma_update': 0.3294041026996187, 'eta_learning': 1.8013992972898032, 'sigma_boundary': 2.4700134897739314, 'alpha': 0.8988267280014834}. Best is trial 145 with value: 0.025669629683461946.
[I 2026-03-06 02:45:56,648] Trial 144 finished with value: 0.027178777651301663 and parameters: {'sigma_noise': 0.26773413062962653, 'A_repulsion': 0.04766824584341284, 'gamma': 0.9522681507045031, 'sigma_update': 0.32938770722159627, 'eta_learning': 1.855695905868375, 'sigma_boundary': 2.689423868595322, 'alpha': 0.8952418735292826}. Best is trial 145 with value: 0.025669629683461946.
[I 2026-03-06 02:46:14,061] Trial 138 finished with value: 0.04703925993239359 and parameters: {'sigma_noise': 0.25983103648929684, 'A_repulsion': 0.3461722975794157, 'gamma': 0.9415779602245244, 'sigma_update': 0.3694316340223797, 'eta_learning': 1.8716320111200535, 'sigma_boundary': 2.077315285720877, 'alpha': 0.9034157994749135}. Best is trial 145 with value: 0.025669629683461946.
[I 2026-03-06 02:46:22,162] Trial 149 finished with value: 0.02969428342989415 and parameters: {'sigma_noise': 0.19623180921169775, 'A_repulsion': 0.04859264752907705, 'gamma': 0.9329080614858201, 'sigma_update': 0.2829282330349788, 'eta_learning': 0.28230740306659746, 'sigma_boundary': 1.5704423198062774, 'alpha': 0.8931416739641748}. Best is trial 145 with value: 0.025669629683461946.
[I 2026-03-06 02:46:33,830] Trial 140 finished with value: 0.04349000915279222 and parameters: {'sigma_noise': 0.2618964547432652, 'A_repulsion': 0.26649303732100915, 'gamma': 0.8511713978319732, 'sigma_update': 0.32946882570531877, 'eta_learning': 1.8672775848788057, 'sigma_boundary': 2.6330534598582207, 'alpha': 0.9668475940533237}. Best is trial 145 with value: 0.025669629683461946.
[I 2026-03-06 02:46:43,786] Trial 141 finished with value: 0.04056285411073664 and parameters: {'sigma_noise': 0.2646427481355033, 'A_repulsion': 0.26731808060702683, 'gamma': 0.9392124853474701, 'sigma_update': 0.37133134329794626, 'eta_learning': 1.87245984540885, 'sigma_boundary': 2.685182815615659, 'alpha': 0.9092273699853634}. Best is trial 145 with value: 0.025669629683461946.
[I 2026-03-06 02:46:50,177] Trial 142 finished with value: 0.0390664932288675 and parameters: {'sigma_noise': 0.2625099746170333, 'A_repulsion': 0.26847102223990366, 'gamma': 0.9405796149209362, 'sigma_update': 0.3298238003665467, 'eta_learning': 1.8484326331950278, 'sigma_boundary': 2.5338952480896846, 'alpha': 0.8929610481136375}. Best is trial 145 with value: 0.025669629683461946.
[I 2026-03-06 02:47:07,966] Trial 143 finished with value: 0.04248162556421005 and parameters: {'sigma_noise': 0.262392135016865, 'A_repulsion': 0.26557152681019947, 'gamma': 0.8520297223938347, 'sigma_update': 0.2857002538709814, 'eta_learning': 1.8171867681001748, 'sigma_boundary': 2.686804934137038, 'alpha': 0.8989751115915336}. Best is trial 145 with value: 0.025669629683461946.
[I 2026-03-06 02:47:26,859] Trial 153 finished with value: 0.02589363760202046 and parameters: {'sigma_noise': 0.2770780441166355, 'A_repulsion': 0.04828835191725313, 'gamma': 0.9308179989247162, 'sigma_update': 0.28640284183328174, 'eta_learning': 1.183432721632398, 'sigma_boundary': 2.6813324220023875, 'alpha': 0.938337968683341}. Best is trial 145 with value: 0.025669629683461946.
[I 2026-03-06 02:47:30,646] Trial 155 finished with value: 0.029310607386404605 and parameters: {'sigma_noise': 0.27695321185903454, 'A_repulsion': 0.022969587990666337, 'gamma': 0.935243661062084, 'sigma_update': 0.2786270511994073, 'eta_learning': 1.4067322239432731, 'sigma_boundary': 1.6962982176892534, 'alpha': 0.8922587688680337}. Best is trial 145 with value: 0.025669629683461946.
[I 2026-03-06 02:47:44,545] Trial 156 finished with value: 0.02801181805877425 and parameters: {'sigma_noise': 0.2724726006213128, 'A_repulsion': 0.028703028924185685, 'gamma': 0.9304562783372101, 'sigma_update': 0.29007102264860307, 'eta_learning': 1.472718131063281, 'sigma_boundary': 1.618124285352939, 'alpha': 0.9652740223103057}. Best is trial 145 with value: 0.025669629683461946.
[I 2026-03-06 02:48:02,697] Trial 158 finished with value: 0.03742987667626857 and parameters: {'sigma_noise': 0.28176317311518373, 'A_repulsion': 0.04639768887916855, 'gamma': 0.8585262709686845, 'sigma_update': 0.2939240240405425, 'eta_learning': 1.4714630895819247, 'sigma_boundary': 1.639174299467315, 'alpha': 0.9603356343016957}. Best is trial 145 with value: 0.025669629683461946.
[I 2026-03-06 02:48:23,991] Trial 150 finished with value: 0.06378799224073184 and parameters: {'sigma_noise': 0.19171308845323498, 'A_repulsion': 0.2669770926059174, 'gamma': 0.9377307001200427, 'sigma_update': 0.32320236024196014, 'eta_learning': 1.861301346313815, 'sigma_boundary': 2.6715171415532812, 'alpha': 0.9635353831918954}. Best is trial 145 with value: 0.025669629683461946.
[I 2026-03-06 02:48:58,190] Trial 152 finished with value: 0.042828851812744505 and parameters: {'sigma_noise': 0.27967470154435736, 'A_repulsion': 0.2651375987594696, 'gamma': 0.9432221415489149, 'sigma_update': 0.276618227742837, 'eta_learning': 0.451488081416943, 'sigma_boundary': 2.704666331159392, 'alpha': 0.8943409674724975}. Best is trial 145 with value: 0.025669629683461946.
[I 2026-03-06 02:49:14,212] Trial 157 finished with value: 0.04158817433356006 and parameters: {'sigma_noise': 0.2820992857662793, 'A_repulsion': 0.26302287766116117, 'gamma': 0.9420008390518263, 'sigma_update': 0.324860771815602, 'eta_learning': 1.452031649402781, 'sigma_boundary': 1.6326425394704065, 'alpha': 0.8915903742909221}. Best is trial 145 with value: 0.025669629683461946.
[I 2026-03-06 02:49:15,467] Trial 154 finished with value: 0.04407461242443513 and parameters: {'sigma_noise': 0.2756187468226574, 'A_repulsion': 0.26750760610758095, 'gamma': 0.8654974452224306, 'sigma_update': 0.2900925200169044, 'eta_learning': 1.208430618424169, 'sigma_boundary': 2.662978490975447, 'alpha': 0.9674649726617615}. Best is trial 145 with value: 0.025669629683461946.
[I 2026-03-06 02:49:20,417] Trial 151 finished with value: 0.042793527434471665 and parameters: {'sigma_noise': 0.2754198653002876, 'A_repulsion': 0.26686922950386355, 'gamma': 0.8529126988800108, 'sigma_update': 0.2794696602089761, 'eta_learning': 1.8671479700276703, 'sigma_boundary': 2.5649693096561044, 'alpha': 0.9626987627272607}. Best is trial 145 with value: 0.025669629683461946.
[I 2026-03-06 02:49:56,897] Trial 159 finished with value: 0.04331363090036663 and parameters: {'sigma_noise': 0.2771321663292458, 'A_repulsion': 0.24525944299724028, 'gamma': 0.9449493527513678, 'sigma_update': 0.28268600205165706, 'eta_learning': 1.5028375207258216, 'sigma_boundary': 1.6447459219927714, 'alpha': 0.9636286698936409}. Best is trial 145 with value: 0.025669629683461946.
[I 2026-03-06 02:52:27,149] Trial 161 finished with value: 0.04072859144287785 and parameters: {'sigma_noise': 0.2760953030015358, 'A_repulsion': 0.24446752503545371, 'gamma': 0.9300622966415679, 'sigma_update': 0.3263779863634546, 'eta_learning': 0.33088744597839537, 'sigma_boundary': 1.677848586596638, 'alpha': 0.9689154169004612}. Best is trial 145 with value: 0.025669629683461946.
[I 2026-03-06 02:52:31,542] Trial 160 finished with value: 0.043532572973055225 and parameters: {'sigma_noise': 0.27684892915322007, 'A_repulsion': 0.264586463578724, 'gamma': 0.9434441867983423, 'sigma_update': 0.28768683363201514, 'eta_learning': 0.45475469563191606, 'sigma_boundary': 1.1698951085291465, 'alpha': 0.9645034660998788}. Best is trial 145 with value: 0.025669629683461946.
[I 2026-03-06 02:52:35,975] Trial 164 finished with value: 0.06468659148802736 and parameters: {'sigma_noise': 0.19303925765255892, 'A_repulsion': 0.26062451253907026, 'gamma': 0.9381063661027986, 'sigma_update': 0.3196303072974049, 'eta_learning': 1.4357712314861015, 'sigma_boundary': 1.6445235249060752, 'alpha': 0.9645089992718195}. Best is trial 145 with value: 0.025669629683461946.
[I 2026-03-06 02:52:42,399] Trial 165 finished with value: 0.06468584577206726 and parameters: {'sigma_noise': 0.19628466949747636, 'A_repulsion': 0.261613520014169, 'gamma': 0.9403366206090217, 'sigma_update': 0.2833894986543711, 'eta_learning': 1.4398223466421753, 'sigma_boundary': 1.667156503793283, 'alpha': 0.9600588709606542}. Best is trial 145 with value: 0.025669629683461946.
[I 2026-03-06 02:52:51,435] Trial 179 finished with value: 0.05289215472330608 and parameters: {'sigma_noise': 0.19380725799497786, 'A_repulsion': 0.027901896728274034, 'gamma': 0.9967436579480912, 'sigma_update': 0.28596099777256007, 'eta_learning': 1.4896977018604116, 'sigma_boundary': 1.6300825619165644, 'alpha': 0.8802338136947201}. Best is trial 145 with value: 0.025669629683461946.
[I 2026-03-06 02:53:00,681] Trial 180 finished with value: 0.052427609691868646 and parameters: {'sigma_noise': 0.1985774349295113, 'A_repulsion': 0.023507586793338926, 'gamma': 0.9946205954069314, 'sigma_update': 0.2819424935319754, 'eta_learning': 1.4841863872593917, 'sigma_boundary': 1.6867262076335185, 'alpha': 0.9516140838520118}. Best is trial 145 with value: 0.025669629683461946.
[I 2026-03-06 02:53:03,781] Trial 181 finished with value: 0.02858540011868844 and parameters: {'sigma_noise': 0.1962496648302661, 'A_repulsion': 0.023681528640400448, 'gamma': 0.9882431683571286, 'sigma_update': 0.267739487455721, 'eta_learning': 1.5259292806407156, 'sigma_boundary': 1.6099208380704548, 'alpha': 0.9535083483982071}. Best is trial 145 with value: 0.025669629683461946.
[I 2026-03-06 02:53:09,528] Trial 182 finished with value: 0.04499408612152813 and parameters: {'sigma_noise': 0.18196822354299097, 'A_repulsion': 0.026003724634990396, 'gamma': 0.9982299718888912, 'sigma_update': 0.28431876651955784, 'eta_learning': 1.4745100816296488, 'sigma_boundary': 1.5672731068784045, 'alpha': 0.9636346046601496}. Best is trial 145 with value: 0.025669629683461946.
[I 2026-03-06 02:53:13,601] Trial 168 finished with value: 0.06466452914689967 and parameters: {'sigma_noise': 0.1888711757896188, 'A_repulsion': 0.26563378408762706, 'gamma': 0.9460665055670087, 'sigma_update': 0.28691307406753613, 'eta_learning': 1.4455459502718333, 'sigma_boundary': 1.4733048457532454, 'alpha': 0.9664938305617271}. Best is trial 145 with value: 0.025669629683461946.
