[I 2026-03-06 01:49:32,314] Trial 82 finished with value: 0.09538106880469768 and parameters: {'sigma_noise': 0.2585008109753912, 'A_repulsion': 0.08563676052042823, 'gamma': 0.9926751501387183, 'sigma_update': 0.42970778034553986, 'eta_learning': 0.9543126800344574, 'sigma_boundary': 0.048017345361344776, 'alpha': 0.6320127263545023}. Best is trial 74 with value: 0.027930610125902373.
[I 2026-03-06 01:50:06,399] Trial 83 finished with value: 0.03966345933828319 and parameters: {'sigma_noise': 0.2725961465868391, 'A_repulsion': 0.0881534839906353, 'gamma': 0.9139499289915802, 'sigma_update': 0.403257827408172, 'eta_learning': 1.0516417881648383, 'sigma_boundary': 0.18533470159487578, 'alpha': 0.5957224643023324}. Best is trial 74 with value: 0.027930610125902373.
[I 2026-03-06 01:50:17,104] Trial 84 finished with value: 0.06758588652119593 and parameters: {'sigma_noise': 0.2709195400911993, 'A_repulsion': 0.0910102312691276, 'gamma': 0.9167947897368449, 'sigma_update': 0.40132311505469487, 'eta_learning': 1.0434102446487414, 'sigma_boundary': 0.06440341076417244, 'alpha': 0.6086888393677652}. Best is trial 74 with value: 0.027930610125902373.
[I 2026-03-06 01:50:19,925] Trial 85 finished with value: 0.05702737892003034 and parameters: {'sigma_noise': 0.2521922512352831, 'A_repulsion': 0.09747158653540264, 'gamma': 0.9125246003036186, 'sigma_update': 0.408328551222604, 'eta_learning': 0.9250034579817791, 'sigma_boundary': 6.065128401154368, 'alpha': 0.6047124266618272}. Best is trial 74 with value: 0.027930610125902373.
[I 2026-03-06 01:50:58,748] Trial 86 finished with value: 0.04108478706167675 and parameters: {'sigma_noise': 0.26075599242569353, 'A_repulsion': 0.08694901665865405, 'gamma': 0.9182992466214165, 'sigma_update': 0.4074734314192301, 'eta_learning': 0.9552195037777729, 'sigma_boundary': 0.17866110375230293, 'alpha': 0.6224769822509981}. Best is trial 74 with value: 0.027930610125902373.
[I 2026-03-06 01:51:57,266] Trial 88 finished with value: 0.0841867220859111 and parameters: {'sigma_noise': 0.25447669220593894, 'A_repulsion': 0.2565874253173086, 'gamma': 0.9104712657481473, 'sigma_update': 0.4282626166850691, 'eta_learning': 1.477052785828761, 'sigma_boundary': 6.044062541448186, 'alpha': 0.5515648675699614}. Best is trial 74 with value: 0.027930610125902373.
[I 2026-03-06 01:52:01,089] Trial 87 finished with value: 0.047095648717049673 and parameters: {'sigma_noise': 0.25685197551726024, 'A_repulsion': 0.25610458043576784, 'gamma': 0.9112679242573645, 'sigma_update': 0.41510301809321076, 'eta_learning': 0.9670184282289163, 'sigma_boundary': 0.15414512996640561, 'alpha': 0.43809570036292345}. Best is trial 74 with value: 0.027930610125902373.
[I 2026-03-06 01:52:25,275] Trial 105 finished with value: 0.0378302209848234 and parameters: {'sigma_noise': 0.23635521676618612, 'A_repulsion': 0.12838336452137145, 'gamma': 0.8570074493474129, 'sigma_update': 0.21642413429898855, 'eta_learning': 0.9699440733148753, 'sigma_boundary': 0.6175487406493327, 'alpha': 0.7610875593728534}. Best is trial 74 with value: 0.027930610125902373.
[I 2026-03-06 01:52:35,765] Trial 95 finished with value: 0.0757186600029501 and parameters: {'sigma_noise': 0.2542594999983472, 'A_repulsion': 0.14338942808069333, 'gamma': 0.8656415258650522, 'sigma_update': 0.41209719727371963, 'eta_learning': 0.6540454348752065, 'sigma_boundary': 5.700302717871303, 'alpha': 0.5535931956223308}. Best is trial 74 with value: 0.027930610125902373.
[I 2026-03-06 01:52:35,926] Trial 100 finished with value: 0.11161947139065218 and parameters: {'sigma_noise': 0.2608748456580566, 'A_repulsion': 0.13313775818793316, 'gamma': 0.8664720122694101, 'sigma_update': 0.4032118588559897, 'eta_learning': 0.9090171819906496, 'sigma_boundary': 0.02425699812246007, 'alpha': 0.5487215274364644}. Best is trial 74 with value: 0.027930610125902373.
[I 2026-03-06 01:52:38,905] Trial 98 finished with value: 0.09015703513446405 and parameters: {'sigma_noise': 0.25028308875057004, 'A_repulsion': 0.13524662008710175, 'gamma': 0.866785768929315, 'sigma_update': 0.4138203311795751, 'eta_learning': 1.5778314980532493, 'sigma_boundary': 0.17724006052175997, 'alpha': 0.4402332785840638}. Best is trial 74 with value: 0.027930610125902373.
[I 2026-03-06 01:52:52,559] Trial 104 finished with value: 0.04517163394968463 and parameters: {'sigma_noise': 0.22750102747730266, 'A_repulsion': 0.13462305749517228, 'gamma': 0.9256655220019704, 'sigma_update': 0.22164573691608208, 'eta_learning': 0.9167303915233054, 'sigma_boundary': 0.6117095838895747, 'alpha': 0.5444207773278125}. Best is trial 74 with value: 0.027930610125902373.
[I 2026-03-06 01:52:53,739] Trial 106 finished with value: 0.06506415549043626 and parameters: {'sigma_noise': 0.22014994016118644, 'A_repulsion': 0.12833786403321532, 'gamma': 0.8690464041011228, 'sigma_update': 0.33950082900655765, 'eta_learning': 0.9591351039932559, 'sigma_boundary': 0.5268590346039222, 'alpha': 0.44520087182197304}. Best is trial 74 with value: 0.027930610125902373.
[I 2026-03-06 01:52:56,813] Trial 90 finished with value: 0.04709843806041952 and parameters: {'sigma_noise': 0.2542052953506569, 'A_repulsion': 0.25301998513598356, 'gamma': 0.9174958087213054, 'sigma_update': 0.40237781380952536, 'eta_learning': 0.5987663111672512, 'sigma_boundary': 0.287211018460842, 'alpha': 0.43781498509964833}. Best is trial 74 with value: 0.027930610125902373.
[I 2026-03-06 01:53:00,309] Trial 99 finished with value: 0.03870029770618656 and parameters: {'sigma_noise': 0.25927507534363886, 'A_repulsion': 0.14675848519261803, 'gamma': 0.8670475132905294, 'sigma_update': 0.41417845088068234, 'eta_learning': 1.5941243704428392, 'sigma_boundary': 0.18895174598257464, 'alpha': 0.7607953792964832}. Best is trial 74 with value: 0.027930610125902373.
[I 2026-03-06 01:53:01,196] Trial 91 finished with value: 0.06209534867717889 and parameters: {'sigma_noise': 0.25653946560336205, 'A_repulsion': 0.26019198602053395, 'gamma': 0.9127278361277429, 'sigma_update': 0.4212388103336791, 'eta_learning': 0.5495205526061967, 'sigma_boundary': 0.1543760561781145, 'alpha': 0.4386620650354326}. Best is trial 74 with value: 0.027930610125902373.
[I 2026-03-06 01:53:02,795] Trial 101 finished with value: 0.04113219084064331 and parameters: {'sigma_noise': 0.25283916519924776, 'A_repulsion': 0.13633715324961737, 'gamma': 0.9303408367320707, 'sigma_update': 0.3901783244056692, 'eta_learning': 0.9881541090216718, 'sigma_boundary': 0.3482750170054567, 'alpha': 0.531129862794867}. Best is trial 74 with value: 0.027930610125902373.
[I 2026-03-06 01:53:09,565] Trial 89 finished with value: 0.08653585822755006 and parameters: {'sigma_noise': 0.26424956561946716, 'A_repulsion': 0.2629004861053192, 'gamma': 0.9126207397326311, 'sigma_update': 0.4063205559601116, 'eta_learning': 0.6280759518590961, 'sigma_boundary': 0.10434390709910302, 'alpha': 0.43284365007523007}. Best is trial 74 with value: 0.027930610125902373.
[I 2026-03-06 01:53:09,639] Trial 107 finished with value: 0.04736227582692869 and parameters: {'sigma_noise': 0.21865926333478228, 'A_repulsion': 0.1336692866511327, 'gamma': 0.8711101728102957, 'sigma_update': 0.2228015243320076, 'eta_learning': 0.8372921449593366, 'sigma_boundary': 0.6073917851428252, 'alpha': 0.4435411551177026}. Best is trial 74 with value: 0.027930610125902373.
[I 2026-03-06 01:53:11,195] Trial 92 finished with value: 0.06101806494843475 and parameters: {'sigma_noise': 0.26004749475741995, 'A_repulsion': 0.2491489285996484, 'gamma': 0.9063761753028307, 'sigma_update': 0.4145368331450571, 'eta_learning': 0.5706695430080427, 'sigma_boundary': 5.858275915813704, 'alpha': 0.5611501351365693}. Best is trial 74 with value: 0.027930610125902373.
[I 2026-03-06 01:53:16,792] Trial 111 finished with value: 0.04729664802569586 and parameters: {'sigma_noise': 0.22137833203864848, 'A_repulsion': 0.13622713105728157, 'gamma': 0.9524694263891949, 'sigma_update': 0.2277450128294084, 'eta_learning': 0.9563774717339859, 'sigma_boundary': 5.814914501979517, 'alpha': 0.5227279585034056}. Best is trial 74 with value: 0.027930610125902373.
[I 2026-03-06 01:53:22,351] Trial 93 finished with value: 0.05166429339184003 and parameters: {'sigma_noise': 0.25113684366611094, 'A_repulsion': 0.24887425470106406, 'gamma': 0.9216169334792494, 'sigma_update': 0.46995384411147145, 'eta_learning': 0.596690847910975, 'sigma_boundary': 0.16644099258471667, 'alpha': 0.5575775668995511}. Best is trial 74 with value: 0.027930610125902373.
[I 2026-03-06 01:53:24,669] Trial 109 finished with value: 0.03961955685524465 and parameters: {'sigma_noise': 0.22718354705491753, 'A_repulsion': 0.13219957736503718, 'gamma': 0.8620692794383084, 'sigma_update': 0.34597116061246996, 'eta_learning': 0.9308475213016129, 'sigma_boundary': 0.6047003366448926, 'alpha': 0.7587371395422391}. Best is trial 74 with value: 0.027930610125902373.
[I 2026-03-06 01:53:25,955] Trial 108 finished with value: 0.04324271294540326 and parameters: {'sigma_noise': 0.22400415565745746, 'A_repulsion': 0.14976834504974415, 'gamma': 0.8640644411979603, 'sigma_update': 0.22315310988911807, 'eta_learning': 0.8884041623504277, 'sigma_boundary': 0.5797099793380243, 'alpha': 0.7614974636052698}. Best is trial 74 with value: 0.027930610125902373.
[I 2026-03-06 01:53:29,207] Trial 112 finished with value: 0.10170574663621908 and parameters: {'sigma_noise': 0.23228883618570834, 'A_repulsion': 0.13467276768876768, 'gamma': 0.84952175366321, 'sigma_update': 0.23109436229428426, 'eta_learning': 0.9860314356864454, 'sigma_boundary': 5.92080625760082, 'alpha': 0.4391930419251}. Best is trial 74 with value: 0.027930610125902373.
[I 2026-03-06 01:53:30,614] Trial 110 finished with value: 0.03771996056736004 and parameters: {'sigma_noise': 0.23493531860222944, 'A_repulsion': 0.15019534923340944, 'gamma': 0.8652317754482288, 'sigma_update': 0.3331079155299239, 'eta_learning': 0.8492387395819878, 'sigma_boundary': 0.6229377105315896, 'alpha': 0.7654282041046638}. Best is trial 74 with value: 0.027930610125902373.
[I 2026-03-06 01:53:49,127] Trial 94 finished with value: 0.20146435954631298 and parameters: {'sigma_noise': 0.25532200603682215, 'A_repulsion': 0.2666292194030708, 'gamma': 0.8639201171976256, 'sigma_update': 0.392847548636457, 'eta_learning': 0.5862323474885462, 'sigma_boundary': 5.49129113069812, 'alpha': 0.43390508956097606}. Best is trial 74 with value: 0.027930610125902373.
[I 2026-03-06 01:53:49,564] Trial 113 finished with value: 0.03974104635108268 and parameters: {'sigma_noise': 0.2323778207060181, 'A_repulsion': 0.13695621953183856, 'gamma': 0.8713797261090757, 'sigma_update': 0.210018745603275, 'eta_learning': 0.9469316114028737, 'sigma_boundary': 6.143299306174316, 'alpha': 0.7583665441591101}. Best is trial 74 with value: 0.027930610125902373.
[I 2026-03-06 01:53:55,287] Trial 97 finished with value: 0.03916404702869293 and parameters: {'sigma_noise': 0.2581641417607667, 'A_repulsion': 0.25295660486483795, 'gamma': 0.8773124095863615, 'sigma_update': 0.38782559267148387, 'eta_learning': 0.6937844564309572, 'sigma_boundary': 0.2734016701746065, 'alpha': 0.5419371983861642}. Best is trial 74 with value: 0.027930610125902373.
[I 2026-03-06 01:53:56,046] Trial 116 finished with value: 0.04626574601281327 and parameters: {'sigma_noise': 0.22595413183196952, 'A_repulsion': 0.06589579259448486, 'gamma': 0.8694332574905537, 'sigma_update': 0.335038767486803, 'eta_learning': 0.9263600138898453, 'sigma_boundary': 6.143365207757941, 'alpha': 0.7612231486495127}. Best is trial 74 with value: 0.027930610125902373.
[I 2026-03-06 01:53:56,308] Trial 96 finished with value: 0.0977341070392797 and parameters: {'sigma_noise': 0.2552748077108159, 'A_repulsion': 0.2593584336533832, 'gamma': 0.864777517215408, 'sigma_update': 0.4060449099349617, 'eta_learning': 0.6361889570364567, 'sigma_boundary': 0.07055978357084797, 'alpha': 0.42871651923366083}. Best is trial 74 with value: 0.027930610125902373.
[I 2026-03-06 01:54:10,382] Trial 103 finished with value: 0.03907226556073652 and parameters: {'sigma_noise': 0.2319201367522986, 'A_repulsion': 0.2505695350967285, 'gamma': 0.8674468575898437, 'sigma_update': 0.4042809048645918, 'eta_learning': 0.945859719622937, 'sigma_boundary': 0.15869979290725666, 'alpha': 0.4403359905688634}. Best is trial 74 with value: 0.027930610125902373.
[I 2026-03-06 01:54:17,838] Trial 115 finished with value: 0.04406250641304986 and parameters: {'sigma_noise': 0.22958449522302246, 'A_repulsion': 0.14230783905959862, 'gamma': 0.87126569539472, 'sigma_update': 0.21489294478004056, 'eta_learning': 0.9040270043450456, 'sigma_boundary': 5.858610723259868, 'alpha': 0.7633145039973019}. Best is trial 74 with value: 0.027930610125902373.
[I 2026-03-06 01:54:22,555] Trial 114 finished with value: 0.054526862930185306 and parameters: {'sigma_noise': 0.228617700771368, 'A_repulsion': 0.13232447174326267, 'gamma': 0.8700952047682846, 'sigma_update': 0.22612214689300267, 'eta_learning': 0.8794468459981035, 'sigma_boundary': 6.166530873176431, 'alpha': 0.49440257576794366}. Best is trial 74 with value: 0.027930610125902373.
[I 2026-03-06 01:54:28,809] Trial 102 finished with value: 0.046583509496370704 and parameters: {'sigma_noise': 0.26485030739904736, 'A_repulsion': 0.2562571269153201, 'gamma': 0.8733616985770081, 'sigma_update': 0.4142247269550523, 'eta_learning': 0.8367781409301752, 'sigma_boundary': 0.1219702401372919, 'alpha': 0.538641792348112}. Best is trial 74 with value: 0.027930610125902373.
[I 2026-03-06 01:54:40,207] Trial 117 finished with value: 0.03711278158414828 and parameters: {'sigma_noise': 0.23105289923646835, 'A_repulsion': 0.13501703097844853, 'gamma': 0.9513099926867182, 'sigma_update': 0.3894438203257182, 'eta_learning': 0.9318904756070617, 'sigma_boundary': 5.80827917749994, 'alpha': 0.7746830926363606}. Best is trial 74 with value: 0.027930610125902373.
[I 2026-03-06 01:54:41,397] Trial 118 finished with value: 0.04133609017787129 and parameters: {'sigma_noise': 0.22712335184857269, 'A_repulsion': 0.133236324909968, 'gamma': 0.8588236153569611, 'sigma_update': 0.336221879699917, 'eta_learning': 0.9130968277979644, 'sigma_boundary': 5.9005467041937365, 'alpha': 0.7708579220153458}. Best is trial 74 with value: 0.027930610125902373.
[I 2026-03-06 01:55:10,488] Trial 119 finished with value: 0.04425596104949195 and parameters: {'sigma_noise': 0.23161965402990398, 'A_repulsion': 0.13250012857931806, 'gamma': 0.8605321058374811, 'sigma_update': 0.38802626953522673, 'eta_learning': 0.9865795060749608, 'sigma_boundary': 0.9366604651256951, 'alpha': 0.7616680696277931}. Best is trial 74 with value: 0.027930610125902373.
[I 2026-03-06 01:56:35,706] Trial 120 finished with value: 0.093322462714238 and parameters: {'sigma_noise': 0.23435343259866193, 'A_repulsion': 0.12831917271349455, 'gamma': 0.8497797192303539, 'sigma_update': 0.3871741605850705, 'eta_learning': 0.9452379242514407, 'sigma_boundary': 1.1157126412628693, 'alpha': 0.4807715032500388}. Best is trial 74 with value: 0.027930610125902373.
[I 2026-03-06 01:57:35,245] Trial 121 finished with value: 0.04747067086523197 and parameters: {'sigma_noise': 0.2204764079232759, 'A_repulsion': 0.1344584026435722, 'gamma': 0.8684995086049214, 'sigma_update': 0.38689885847042893, 'eta_learning': 0.9424299030543906, 'sigma_boundary': 6.113053220805764, 'alpha': 0.7659555904112495}. Best is trial 74 with value: 0.027930610125902373.
[I 2026-03-06 01:57:41,862] Trial 122 finished with value: 0.038739023403256155 and parameters: {'sigma_noise': 0.23164258506427143, 'A_repulsion': 0.13299159231069407, 'gamma': 0.9544115867538503, 'sigma_update': 0.3423572920131656, 'eta_learning': 0.7925019698198418, 'sigma_boundary': 5.981302562781207, 'alpha': 0.7775026265121316}. Best is trial 74 with value: 0.027930610125902373.
[I 2026-03-06 01:58:18,896] Trial 123 finished with value: 0.04163941064739472 and parameters: {'sigma_noise': 0.23120634515067212, 'A_repulsion': 0.1345777036173524, 'gamma': 0.8696067242956402, 'sigma_update': 0.33409816839159756, 'eta_learning': 0.8123578700929807, 'sigma_boundary': 0.9892382418923487, 'alpha': 0.7458742907276569}. Best is trial 74 with value: 0.027930610125902373.
[I 2026-03-06 01:58:28,706] Trial 125 finished with value: 0.038635419699142276 and parameters: {'sigma_noise': 0.23493234184596518, 'A_repulsion': 0.12538179029337923, 'gamma': 0.8686524643417619, 'sigma_update': 0.3357251058762012, 'eta_learning': 0.7724183669381055, 'sigma_boundary': 0.8678938607441187, 'alpha': 0.7537870340278806}. Best is trial 74 with value: 0.027930610125902373.
[I 2026-03-06 01:58:36,273] Trial 124 finished with value: 0.04363556937448515 and parameters: {'sigma_noise': 0.22692934515836286, 'A_repulsion': 0.13188365158064858, 'gamma': 0.9514818949741184, 'sigma_update': 0.10517966342008594, 'eta_learning': 0.8326291680453209, 'sigma_boundary': 0.8897577163898613, 'alpha': 0.5126644872873196}. Best is trial 74 with value: 0.027930610125902373.
[I 2026-03-06 01:59:21,591] Trial 126 finished with value: 0.054572096098097704 and parameters: {'sigma_noise': 0.2349048211226872, 'A_repulsion': 0.12942637791842423, 'gamma': 0.867185469083739, 'sigma_update': 0.38514255584880547, 'eta_learning': 0.8209137270204033, 'sigma_boundary': 0.845908160800501, 'alpha': 0.5122966971130167}. Best is trial 74 with value: 0.027930610125902373.
[I 2026-03-06 01:59:57,482] Trial 135 finished with value: 0.07887327218048854 and parameters: {'sigma_noise': 0.2298505475874234, 'A_repulsion': 0.06312921914850059, 'gamma': 0.9531734796439759, 'sigma_update': 0.449713657640063, 'eta_learning': 0.8193749734231046, 'sigma_boundary': 0.9934654419832343, 'alpha': 0.5101383910733135}. Best is trial 74 with value: 0.027930610125902373.
[I 2026-03-06 02:00:09,556] Trial 132 finished with value: 0.045051542652045404 and parameters: {'sigma_noise': 0.22844895637327706, 'A_repulsion': 0.061126106244865135, 'gamma': 0.9533334051868614, 'sigma_update': 0.3507137113999044, 'eta_learning': 0.7931025709042687, 'sigma_boundary': 0.8959832747393667, 'alpha': 0.5183891610771327}. Best is trial 74 with value: 0.027930610125902373.
[I 2026-03-06 02:00:21,878] Trial 131 finished with value: 0.03373970675251224 and parameters: {'sigma_noise': 0.2327482728239109, 'A_repulsion': 0.061456233672030805, 'gamma': 0.9518129134847204, 'sigma_update': 0.3523063636654304, 'eta_learning': 1.655068205799616, 'sigma_boundary': 0.9179473578879325, 'alpha': 0.7653522670319132}. Best is trial 74 with value: 0.027930610125902373.
[I 2026-03-06 02:00:28,634] Trial 130 finished with value: 0.04477014307610897 and parameters: {'sigma_noise': 0.23202847243955987, 'A_repulsion': 0.0651146401582195, 'gamma': 0.9487778180872499, 'sigma_update': 0.35736452656689693, 'eta_learning': 0.8222236597400534, 'sigma_boundary': 0.9393131842092166, 'alpha': 0.5140606353293065}. Best is trial 74 with value: 0.027930610125902373.
[I 2026-03-06 02:00:31,936] Trial 127 finished with value: 0.04655412019338315 and parameters: {'sigma_noise': 0.2359120369418764, 'A_repulsion': 0.1346023482620086, 'gamma': 0.8651568941211086, 'sigma_update': 0.3425732787920537, 'eta_learning': 0.843117002113788, 'sigma_boundary': 0.8058002915902887, 'alpha': 0.5147836536999514}. Best is trial 74 with value: 0.027930610125902373.
[I 2026-03-06 02:00:34,901] Trial 133 finished with value: 0.04311864497652121 and parameters: {'sigma_noise': 0.22961898818063597, 'A_repulsion': 0.06298937219039888, 'gamma': 0.9502125039899338, 'sigma_update': 0.34954042303570726, 'eta_learning': 0.80867271539168, 'sigma_boundary': 0.8075946693071234, 'alpha': 0.5091124655349357}. Best is trial 74 with value: 0.027930610125902373.
[I 2026-03-06 02:00:35,585] Trial 134 finished with value: 0.030951474474804192 and parameters: {'sigma_noise': 0.2333580375861703, 'A_repulsion': 0.05457159506266808, 'gamma': 0.9445621707804438, 'sigma_update': 0.10527966920182484, 'eta_learning': 0.7915893355759387, 'sigma_boundary': 0.9758671561017863, 'alpha': 0.5145815592280321}. Best is trial 74 with value: 0.027930610125902373.
[I 2026-03-06 02:00:43,463] Trial 142 finished with value: 0.034219123381642486 and parameters: {'sigma_noise': 0.23663128967998023, 'A_repulsion': 0.06796013512466516, 'gamma': 0.9683459040025141, 'sigma_update': 0.38153611151492184, 'eta_learning': 0.8062475130881874, 'sigma_boundary': 1.0928534513769457, 'alpha': 0.727759920990165}. Best is trial 74 with value: 0.027930610125902373.
[I 2026-03-06 02:00:50,804] Trial 139 finished with value: 0.08996087899449043 and parameters: {'sigma_noise': 0.2336963074394619, 'A_repulsion': 0.06693611038553061, 'gamma': 0.961767475938093, 'sigma_update': 0.4654721198836146, 'eta_learning': 0.8232836128976451, 'sigma_boundary': 0.896481778995742, 'alpha': 0.5096572742363019}. Best is trial 74 with value: 0.027930610125902373.
[I 2026-03-06 02:00:53,393] Trial 141 finished with value: 0.09958806189652483 and parameters: {'sigma_noise': 0.2360846842943309, 'A_repulsion': 0.06699588219193438, 'gamma': 0.9517242504142678, 'sigma_update': 0.46136489641321354, 'eta_learning': 0.8136884363744954, 'sigma_boundary': 1.0008060467127093, 'alpha': 0.5029161552709972}. Best is trial 74 with value: 0.027930610125902373.
[I 2026-03-06 02:00:55,713] Trial 140 finished with value: 0.12596853110062584 and parameters: {'sigma_noise': 0.23065661069191626, 'A_repulsion': 0.06799281129381134, 'gamma': 0.9493476483522543, 'sigma_update': 0.467110534140738, 'eta_learning': 1.6969457254650484, 'sigma_boundary': 0.9482070739486741, 'alpha': 0.5034114522814837}. Best is trial 74 with value: 0.027930610125902373.
