[I 2026-03-06 02:00:57,645] Trial 129 finished with value: 0.04378307760353406 and parameters: {'sigma_noise': 0.22566728878666173, 'A_repulsion': 0.13314415603223623, 'gamma': 0.8618021145614894, 'sigma_update': 0.33342624527078213, 'eta_learning': 0.7973654667142444, 'sigma_boundary': 0.9618963436777257, 'alpha': 0.7610889854008682}. Best is trial 74 with value: 0.027930610125902373.
[I 2026-03-06 02:01:00,564] Trial 128 finished with value: 0.04787719851923708 and parameters: {'sigma_noise': 0.2315720002267913, 'A_repulsion': 0.13591872900417107, 'gamma': 0.8658654402880344, 'sigma_update': 0.3310757746649886, 'eta_learning': 0.7045591426181972, 'sigma_boundary': 0.935453796564801, 'alpha': 0.5120691583688254}. Best is trial 74 with value: 0.027930610125902373.
[I 2026-03-06 02:01:01,719] Trial 143 finished with value: 0.033771922688460077 and parameters: {'sigma_noise': 0.2328366273282369, 'A_repulsion': 0.06425959763360993, 'gamma': 0.9534459584813232, 'sigma_update': 0.3804624267005541, 'eta_learning': 0.7994542224428016, 'sigma_boundary': 0.9817860171917286, 'alpha': 0.7698790243251965}. Best is trial 74 with value: 0.027930610125902373.
[I 2026-03-06 02:01:05,473] Trial 136 finished with value: 0.040335087322991084 and parameters: {'sigma_noise': 0.23671701291045244, 'A_repulsion': 0.06902044037595108, 'gamma': 0.9481261487798798, 'sigma_update': 0.10662640093573647, 'eta_learning': 0.8487753374176353, 'sigma_boundary': 1.0212437371857574, 'alpha': 0.7469788291164281}. Best is trial 74 with value: 0.027930610125902373.
[I 2026-03-06 02:01:28,717] Trial 137 finished with value: 0.03792730836406377 and parameters: {'sigma_noise': 0.3075817486159008, 'A_repulsion': 0.0665812792958596, 'gamma': 0.9449039571198752, 'sigma_update': 0.4667106910233663, 'eta_learning': 0.837992899827108, 'sigma_boundary': 1.1993060017458514, 'alpha': 0.7558478244832978}. Best is trial 74 with value: 0.027930610125902373.
[I 2026-03-06 02:01:37,574] Trial 138 finished with value: 0.08960102628198985 and parameters: {'sigma_noise': 0.24099881736565693, 'A_repulsion': 0.17410229394421975, 'gamma': 0.9532004866334131, 'sigma_update': 0.4628574215920416, 'eta_learning': 0.8129722386113862, 'sigma_boundary': 0.9050199735765437, 'alpha': 0.49948175235696685}. Best is trial 74 with value: 0.027930610125902373.
[I 2026-03-06 02:01:45,665] Trial 144 finished with value: 0.055345922342006935 and parameters: {'sigma_noise': 0.23637491714127382, 'A_repulsion': 0.17315581133495483, 'gamma': 0.9523283911930077, 'sigma_update': 0.3538644944871965, 'eta_learning': 1.6857388528237205, 'sigma_boundary': 1.2962388520720913, 'alpha': 0.5117481943595233}. Best is trial 74 with value: 0.027930610125902373.
[I 2026-03-06 02:01:52,442] Trial 147 finished with value: 0.0622927246641833 and parameters: {'sigma_noise': 0.24024687067843312, 'A_repulsion': 0.17262184400037195, 'gamma': 0.9569000714800856, 'sigma_update': 0.35805378957523726, 'eta_learning': 0.7819205893752456, 'sigma_boundary': 1.2406629371904456, 'alpha': 0.8737008321350739}. Best is trial 74 with value: 0.027930610125902373.
[I 2026-03-06 02:02:09,474] Trial 148 finished with value: 0.04154856943719479 and parameters: {'sigma_noise': 0.23753190968646046, 'A_repulsion': 0.16483935238336941, 'gamma': 0.7671614612812094, 'sigma_update': 0.3212332694664654, 'eta_learning': 0.7788854520747277, 'sigma_boundary': 1.1652941081732648, 'alpha': 0.6599151621510895}. Best is trial 74 with value: 0.027930610125902373.
[I 2026-03-06 02:02:12,245] Trial 150 finished with value: 0.05551421622610811 and parameters: {'sigma_noise': 0.23757917599548942, 'A_repulsion': 0.16111004687534847, 'gamma': 0.9596811557892704, 'sigma_update': 0.3558064329343998, 'eta_learning': 0.7904640478961331, 'sigma_boundary': 0.910334827611502, 'alpha': 0.8366398462548287}. Best is trial 74 with value: 0.027930610125902373.
[I 2026-03-06 02:02:15,889] Trial 151 finished with value: 0.06213116273306969 and parameters: {'sigma_noise': 0.23859343824438503, 'A_repulsion': 0.1728428023223172, 'gamma': 0.952688469384645, 'sigma_update': 0.3206146617788485, 'eta_learning': 0.7677713620259015, 'sigma_boundary': 0.9748920482275272, 'alpha': 0.8296305573304653}. Best is trial 74 with value: 0.027930610125902373.
[I 2026-03-06 02:02:19,547] Trial 149 finished with value: 0.04507634484096017 and parameters: {'sigma_noise': 0.23839010672302105, 'A_repulsion': 0.17551217897931132, 'gamma': 0.7855210472702584, 'sigma_update': 0.34555057777944753, 'eta_learning': 1.6499445706880502, 'sigma_boundary': 0.9652577560751878, 'alpha': 0.8616234888958508}. Best is trial 74 with value: 0.027930610125902373.
[I 2026-03-06 02:02:30,654] Trial 153 finished with value: 0.044396125983988 and parameters: {'sigma_noise': 0.2394452086699665, 'A_repulsion': 0.16555849388720822, 'gamma': 0.761674061610182, 'sigma_update': 0.44731715322591253, 'eta_learning': 0.8111244852527177, 'sigma_boundary': 0.9724522826635086, 'alpha': 0.8440751674340888}. Best is trial 74 with value: 0.027930610125902373.
[I 2026-03-06 02:02:44,364] Trial 146 finished with value: 0.04760110147998951 and parameters: {'sigma_noise': 0.30700364191515633, 'A_repulsion': 0.17235968763735024, 'gamma': 0.7796883244693945, 'sigma_update': 0.38076507488013955, 'eta_learning': 0.8210407933021373, 'sigma_boundary': 1.0566262218729707, 'alpha': 0.7759736794441121}. Best is trial 74 with value: 0.027930610125902373.
[I 2026-03-06 02:02:45,617] Trial 145 finished with value: 0.045932428877005924 and parameters: {'sigma_noise': 0.30591241900110855, 'A_repulsion': 0.16128480717058724, 'gamma': 0.8349519236203878, 'sigma_update': 0.35973955504376004, 'eta_learning': 0.7459813117050892, 'sigma_boundary': 0.8634947851761045, 'alpha': 0.7565543011617956}. Best is trial 74 with value: 0.027930610125902373.
[I 2026-03-06 02:02:48,077] Trial 154 finished with value: 0.04398443731875397 and parameters: {'sigma_noise': 0.2382775879566866, 'A_repulsion': 0.1624268588262727, 'gamma': 0.8275206430664451, 'sigma_update': 0.37308496730940655, 'eta_learning': 0.8034585843219577, 'sigma_boundary': 1.157881605891623, 'alpha': 0.8598636671282469}. Best is trial 74 with value: 0.027930610125902373.
[I 2026-03-06 02:02:50,651] Trial 158 finished with value: 0.06181506952049121 and parameters: {'sigma_noise': 0.2100138413447059, 'A_repulsion': 0.17081968083134275, 'gamma': 0.954118736211647, 'sigma_update': 0.35583918992184177, 'eta_learning': 0.7719978680803327, 'sigma_boundary': 0.9882895285770152, 'alpha': 0.8487489469086286}. Best is trial 74 with value: 0.027930610125902373.
[I 2026-03-06 02:03:02,791] Trial 157 finished with value: 0.06724098023417323 and parameters: {'sigma_noise': 0.20909182885583724, 'A_repulsion': 0.17257109121494008, 'gamma': 0.955870241270449, 'sigma_update': 0.35136269155016675, 'eta_learning': 0.7712656056355296, 'sigma_boundary': 0.9217147848466232, 'alpha': 0.8560518145680592}. Best is trial 74 with value: 0.027930610125902373.
[I 2026-03-06 02:03:16,821] Trial 155 finished with value: 0.04144392868770816 and parameters: {'sigma_noise': 0.3075132701118932, 'A_repulsion': 0.11573918569854331, 'gamma': 0.7867875047976639, 'sigma_update': 0.3591252066113121, 'eta_learning': 1.664560269992619, 'sigma_boundary': 0.9650698175452581, 'alpha': 0.8315480799967929}. Best is trial 74 with value: 0.027930610125902373.
[I 2026-03-06 02:03:18,982] Trial 152 finished with value: 0.04777377487787647 and parameters: {'sigma_noise': 0.30827688808505005, 'A_repulsion': 0.17231747142448361, 'gamma': 0.9548028018547192, 'sigma_update': 0.3606265074068491, 'eta_learning': 0.8046872130092361, 'sigma_boundary': 0.9185158215421739, 'alpha': 0.8611898875800253}. Best is trial 74 with value: 0.027930610125902373.
[I 2026-03-06 02:03:25,700] Trial 156 finished with value: 0.047073462430379645 and parameters: {'sigma_noise': 0.2826620716795766, 'A_repulsion': 0.17204024842843763, 'gamma': 0.776242266760214, 'sigma_update': 0.36160949905067935, 'eta_learning': 0.7601485799221643, 'sigma_boundary': 0.9911227231117454, 'alpha': 0.8575348768971169}. Best is trial 74 with value: 0.027930610125902373.
[I 2026-03-06 02:03:31,207] Trial 159 finished with value: 0.05036335000801406 and parameters: {'sigma_noise': 0.20824423101014355, 'A_repulsion': 0.17459083303766376, 'gamma': 0.8271258193186677, 'sigma_update': 0.3724031917704265, 'eta_learning': 0.7595199754455353, 'sigma_boundary': 1.2992389456568265, 'alpha': 0.8443650106383687}. Best is trial 74 with value: 0.027930610125902373.
[I 2026-03-06 02:05:14,297] Trial 160 finished with value: 0.04601993179532577 and parameters: {'sigma_noise': 0.21007052872553933, 'A_repulsion': 0.20566268233496085, 'gamma': 0.7827232284911354, 'sigma_update': 0.3210644398093567, 'eta_learning': 0.7512108689659187, 'sigma_boundary': 1.309539760673549, 'alpha': 0.8245097879705695}. Best is trial 74 with value: 0.027930610125902373.
[I 2026-03-06 02:05:46,131] Trial 161 finished with value: 0.04528513958707889 and parameters: {'sigma_noise': 0.20850149859432096, 'A_repulsion': 0.17143486482031123, 'gamma': 0.7799975702473685, 'sigma_update': 0.32146792206947306, 'eta_learning': 0.8082261763669175, 'sigma_boundary': 1.3890152553383066, 'alpha': 0.8467442912582477}. Best is trial 74 with value: 0.027930610125902373.
[I 2026-03-06 02:05:53,930] Trial 162 finished with value: 0.059311840468281245 and parameters: {'sigma_noise': 0.20431422988951423, 'A_repulsion': 0.1614316827779358, 'gamma': 0.9587466146132761, 'sigma_update': 0.35862148418920753, 'eta_learning': 0.7316986647282473, 'sigma_boundary': 1.329581608607223, 'alpha': 0.8308511267714282}. Best is trial 74 with value: 0.027930610125902373.
[I 2026-03-06 02:06:47,806] Trial 164 finished with value: 0.05943591345419588 and parameters: {'sigma_noise': 0.20771888873035915, 'A_repulsion': 0.16757549961588794, 'gamma': 0.9593185992215274, 'sigma_update': 0.36109949092972027, 'eta_learning': 0.777336247161983, 'sigma_boundary': 1.432766465351996, 'alpha': 0.8415681600152796}. Best is trial 74 with value: 0.027930610125902373.
[I 2026-03-06 02:06:48,287] Trial 163 finished with value: 0.049494527351988574 and parameters: {'sigma_noise': 0.20582025126937875, 'A_repulsion': 0.20331495702345645, 'gamma': 0.9625437097379075, 'sigma_update': 0.36789625428740597, 'eta_learning': 1.6599655823546833, 'sigma_boundary': 6.462913081400561, 'alpha': 0.8143280248776711}. Best is trial 74 with value: 0.027930610125902373.
[I 2026-03-06 02:07:01,041] Trial 165 finished with value: 0.046938604721715974 and parameters: {'sigma_noise': 0.20563829501434294, 'A_repulsion': 0.1708743202596059, 'gamma': 0.7710041057046998, 'sigma_update': 0.36832832780462926, 'eta_learning': 0.7513520126453006, 'sigma_boundary': 1.5580943081879, 'alpha': 0.8369586361172929}. Best is trial 74 with value: 0.027930610125902373.
[I 2026-03-06 02:07:19,013] Trial 166 finished with value: 0.055741019629199404 and parameters: {'sigma_noise': 0.20095722073352057, 'A_repulsion': 0.11628711591639486, 'gamma': 0.8264674056960497, 'sigma_update': 0.3211746026942388, 'eta_learning': 0.7579762457731217, 'sigma_boundary': 1.4212865300800857, 'alpha': 0.8448474399813932}. Best is trial 74 with value: 0.027930610125902373.
[I 2026-03-06 02:07:46,487] Trial 177 finished with value: 0.04465196972547812 and parameters: {'sigma_noise': 0.19890454813335073, 'A_repulsion': 0.044670955210150215, 'gamma': 0.8256911351021239, 'sigma_update': 0.3634847506393127, 'eta_learning': 0.7271366760703889, 'sigma_boundary': 1.4480833681873864, 'alpha': 0.854622392307064}. Best is trial 74 with value: 0.027930610125902373.
[I 2026-03-06 02:08:02,040] Trial 181 finished with value: 0.04390289660412144 and parameters: {'sigma_noise': 0.2021644273001594, 'A_repulsion': 0.047255163220131804, 'gamma': 0.8392395214875086, 'sigma_update': 0.36794780707359126, 'eta_learning': 0.7026904055141469, 'sigma_boundary': 1.4142047136870015, 'alpha': 0.840337615923707}. Best is trial 74 with value: 0.027930610125902373.
[I 2026-03-06 02:08:04,843] Trial 173 finished with value: 0.055285727886787844 and parameters: {'sigma_noise': 0.20048331594315702, 'A_repulsion': 0.11659960575271466, 'gamma': 0.8246822684921437, 'sigma_update': 0.32161652261240187, 'eta_learning': 0.7165491131026362, 'sigma_boundary': 1.4687666994535455, 'alpha': 0.8461581214947768}. Best is trial 74 with value: 0.027930610125902373.
[I 2026-03-06 02:08:11,690] Trial 168 finished with value: 0.046289543535538616 and parameters: {'sigma_noise': 0.20754407055676552, 'A_repulsion': 0.16557384813247197, 'gamma': 0.7730559808303804, 'sigma_update': 0.3557097681425395, 'eta_learning': 0.7248682980048562, 'sigma_boundary': 1.4362066534588322, 'alpha': 0.8558559588463418}. Best is trial 74 with value: 0.027930610125902373.
[I 2026-03-06 02:08:20,430] Trial 184 finished with value: 0.039712090362370986 and parameters: {'sigma_noise': 0.20716057053418543, 'A_repulsion': 0.02926588536642624, 'gamma': 0.778652754573388, 'sigma_update': 0.3156044853823371, 'eta_learning': 0.45056373919917186, 'sigma_boundary': 1.5025653649323636, 'alpha': 0.8420941905954392}. Best is trial 74 with value: 0.027930610125902373.
[I 2026-03-06 02:08:28,107] Trial 171 finished with value: 0.04724008890072948 and parameters: {'sigma_noise': 0.20706478889657814, 'A_repulsion': 0.16884300339084407, 'gamma': 0.8201165105147338, 'sigma_update': 0.31673571726440874, 'eta_learning': 1.7682396436236867, 'sigma_boundary': 1.5820921211015468, 'alpha': 0.8354928585435897}. Best is trial 74 with value: 0.027930610125902373.
[I 2026-03-06 02:08:29,547] Trial 167 finished with value: 0.04944042245544962 and parameters: {'sigma_noise': 0.2094773096323973, 'A_repulsion': 0.2028686412433602, 'gamma': 0.7818617174782085, 'sigma_update': 0.357015603766882, 'eta_learning': 1.6457023522877146, 'sigma_boundary': 1.845028057273845, 'alpha': 0.8483674100021903}. Best is trial 74 with value: 0.027930610125902373.
[I 2026-03-06 02:08:32,269] Trial 174 finished with value: 0.1467638703011056 and parameters: {'sigma_noise': 0.1975737881297029, 'A_repulsion': 0.17179789223249892, 'gamma': 0.8211446875185295, 'sigma_update': 0.0460190999794372, 'eta_learning': 0.7272175532206122, 'sigma_boundary': 1.3557043418464878, 'alpha': 0.8523839323330238}. Best is trial 74 with value: 0.027930610125902373.
[I 2026-03-06 02:08:39,189] Trial 169 finished with value: 0.04796322482857866 and parameters: {'sigma_noise': 0.20769142177853084, 'A_repulsion': 0.16222403618004752, 'gamma': 0.8181123734043672, 'sigma_update': 0.36859185155537844, 'eta_learning': 1.7304764487973858, 'sigma_boundary': 1.377114504342952, 'alpha': 0.8528248518054937}. Best is trial 74 with value: 0.027930610125902373.
[I 2026-03-06 02:08:45,699] Trial 170 finished with value: 0.04720688535996152 and parameters: {'sigma_noise': 0.2088608154131187, 'A_repulsion': 0.17149728716654755, 'gamma': 0.8240543911124649, 'sigma_update': 0.28195763045723105, 'eta_learning': 0.7274799644884085, 'sigma_boundary': 1.3343493495824896, 'alpha': 0.8469121038900521}. Best is trial 74 with value: 0.027930610125902373.
[I 2026-03-06 02:08:46,068] Trial 175 finished with value: 0.0488678003032519 and parameters: {'sigma_noise': 0.20768741884419467, 'A_repulsion': 0.17033408910750006, 'gamma': 0.7857958457044715, 'sigma_update': 0.371892695704259, 'eta_learning': 0.4717957267817208, 'sigma_boundary': 1.4045653787994197, 'alpha': 0.8518043763926367}. Best is trial 74 with value: 0.027930610125902373.
[I 2026-03-06 02:08:48,148] Trial 185 finished with value: 0.04062935072424209 and parameters: {'sigma_noise': 0.20849173827055595, 'A_repulsion': 0.04656349367333418, 'gamma': 0.7765114711034936, 'sigma_update': 0.31752182235989884, 'eta_learning': 0.7465138468843694, 'sigma_boundary': 1.6861254024559924, 'alpha': 0.8052385308659339}. Best is trial 74 with value: 0.027930610125902373.
[I 2026-03-06 02:08:51,064] Trial 178 finished with value: 0.043720667196438544 and parameters: {'sigma_noise': 0.21025479944670264, 'A_repulsion': 0.16818319339003598, 'gamma': 0.7821182117052519, 'sigma_update': 0.3224360872176955, 'eta_learning': 0.7457323754425551, 'sigma_boundary': 1.4928651747052093, 'alpha': 0.8398174792169081}. Best is trial 74 with value: 0.027930610125902373.
[I 2026-03-06 02:08:54,089] Trial 180 finished with value: 0.05146055455659959 and parameters: {'sigma_noise': 0.20888172444570993, 'A_repulsion': 0.17056615645643153, 'gamma': 0.8250160454075051, 'sigma_update': 0.36859268972964565, 'eta_learning': 0.7173587058398506, 'sigma_boundary': 1.3820738643923804, 'alpha': 0.8452188837432852}. Best is trial 74 with value: 0.027930610125902373.
[I 2026-03-06 02:08:56,078] Trial 187 finished with value: 0.04590788610932752 and parameters: {'sigma_noise': 0.19773761578884422, 'A_repulsion': 0.04232746920254393, 'gamma': 0.8268292009618163, 'sigma_update': 0.2739642657067524, 'eta_learning': 0.7171860926978868, 'sigma_boundary': 1.6523418803094025, 'alpha': 0.7998578542829549}. Best is trial 74 with value: 0.027930610125902373.
[I 2026-03-06 02:08:58,096] Trial 179 finished with value: 0.04968804506069194 and parameters: {'sigma_noise': 0.20027119692415515, 'A_repulsion': 0.1691306971647048, 'gamma': 0.7954083386730878, 'sigma_update': 0.3712588435106255, 'eta_learning': 0.7289951781465032, 'sigma_boundary': 1.7261586873687285, 'alpha': 0.8252673297853617}. Best is trial 74 with value: 0.027930610125902373.
[I 2026-03-06 02:09:08,491] Trial 188 finished with value: 0.050957452912046036 and parameters: {'sigma_noise': 0.1933419793878946, 'A_repulsion': 0.04745049679388079, 'gamma': 0.9770231741014792, 'sigma_update': 0.272114810622879, 'eta_learning': 0.46719216032357547, 'sigma_boundary': 1.7550733325825807, 'alpha': 0.8083668950760222}. Best is trial 74 with value: 0.027930610125902373.
[I 2026-03-06 02:09:09,731] Trial 183 finished with value: 0.04423929773309891 and parameters: {'sigma_noise': 0.21084566056040818, 'A_repulsion': 0.11616813410433341, 'gamma': 0.7750254403588618, 'sigma_update': 0.37032168027916534, 'eta_learning': 0.7510514685574526, 'sigma_boundary': 1.4577362966271532, 'alpha': 0.841067287601301}. Best is trial 74 with value: 0.027930610125902373.
[I 2026-03-06 02:09:10,197] Trial 186 finished with value: 0.04234798234807202 and parameters: {'sigma_noise': 0.20836121114288816, 'A_repulsion': 0.04884954882438902, 'gamma': 0.8313926224960001, 'sigma_update': 0.4937274413125959, 'eta_learning': 0.48569977777968115, 'sigma_boundary': 1.3284833603617892, 'alpha': 0.8101558806182964}. Best is trial 74 with value: 0.027930610125902373.
[I 2026-03-06 02:09:12,040] Trial 190 finished with value: 0.03857575201808816 and parameters: {'sigma_noise': 0.20398956803542284, 'A_repulsion': 0.0459604722879116, 'gamma': 0.9706847975331273, 'sigma_update': 0.28312271592558286, 'eta_learning': 0.6790140760586859, 'sigma_boundary': 1.5577194455439745, 'alpha': 0.8097438914377996}. Best is trial 74 with value: 0.027930610125902373.
[I 2026-03-06 02:09:16,777] Trial 192 finished with value: 0.08940945175909398 and parameters: {'sigma_noise': 0.20346288819542693, 'A_repulsion': 0.03659549899977644, 'gamma': 0.8132524737725679, 'sigma_update': 0.04919315076916597, 'eta_learning': 0.46217167760996647, 'sigma_boundary': 1.5288317911653428, 'alpha': 0.8013611097659379}. Best is trial 74 with value: 0.027930610125902373.
[I 2026-03-06 02:09:17,316] Trial 182 finished with value: 0.04886014080422833 and parameters: {'sigma_noise': 0.20782869122247744, 'A_repulsion': 0.17504601090143734, 'gamma': 0.8237979700026172, 'sigma_update': 0.3715931601132121, 'eta_learning': 0.7221437622086672, 'sigma_boundary': 1.6411380639920523, 'alpha': 0.8476668482836521}. Best is trial 74 with value: 0.027930610125902373.
[I 2026-03-06 02:09:23,083] Trial 172 finished with value: 0.04513993000359097 and parameters: {'sigma_noise': 0.2817248515041465, 'A_repulsion': 0.15619224317046201, 'gamma': 0.7804995964935906, 'sigma_update': 0.2838155129261167, 'eta_learning': 1.6588907213116288, 'sigma_boundary': 1.330831025285803, 'alpha': 0.8394226863300436}. Best is trial 74 with value: 0.027930610125902373.
[I 2026-03-06 02:09:24,484] Trial 191 finished with value: 0.04110843557725924 and parameters: {'sigma_noise': 0.20627373107192876, 'A_repulsion': 0.050786363162928706, 'gamma': 0.8365488242897811, 'sigma_update': 0.28460474478186043, 'eta_learning': 0.6920148865383049, 'sigma_boundary': 1.7661678394528988, 'alpha': 0.8018155187059499}. Best is trial 74 with value: 0.027930610125902373.
[I 2026-03-06 02:09:28,289] Trial 189 finished with value: 0.044386504761575116 and parameters: {'sigma_noise': 0.20919974762863908, 'A_repulsion': 0.11747830561388926, 'gamma': 0.8308227592289164, 'sigma_update': 0.4970516484015296, 'eta_learning': 1.0597815920555957, 'sigma_boundary': 1.7557676396089141, 'alpha': 0.8110549514145041}. Best is trial 74 with value: 0.027930610125902373.
[I 2026-03-06 02:09:33,918] Trial 176 finished with value: 0.04701086585560005 and parameters: {'sigma_noise': 0.2816919640912289, 'A_repulsion': 0.17772715225964106, 'gamma': 0.7948061643271302, 'sigma_update': 0.31802816882808593, 'eta_learning': 1.6869570041193618, 'sigma_boundary': 1.412540607359392, 'alpha': 0.8296041482548155}. Best is trial 74 with value: 0.027930610125902373.
[I 2026-03-06 02:09:34,002] Trial 193 finished with value: 0.04587850472772103 and parameters: {'sigma_noise': 0.2135176049979548, 'A_repulsion': 0.047835335329340575, 'gamma': 0.9769994475845273, 'sigma_update': 0.047839716360344384, 'eta_learning': 0.47164766345705617, 'sigma_boundary': 1.562874390155744, 'alpha': 0.7943669086920957}. Best is trial 74 with value: 0.027930610125902373.
