[I 2026-03-06 03:38:01,796] Trial 195 finished with value: 0.07065969782781964 and parameters: {'sigma_noise': 0.14440084294985775, 'A_repulsion': 0.0758691745450273, 'gamma': 0.9671359348353652, 'sigma_update': 0.07819076182712101, 'eta_learning': 1.7906246890596502, 'sigma_boundary': 3.1368256279751634, 'alpha': 0.4584152337363703}. Best is trial 160 with value: 0.048350495834702904.
[I 2026-03-06 03:38:05,586] Trial 194 finished with value: 0.06444570096724017 and parameters: {'sigma_noise': 0.14155974742456884, 'A_repulsion': 0.15016017609736795, 'gamma': 0.9650194684045326, 'sigma_update': 0.20831281697462598, 'eta_learning': 1.7731646320699197, 'sigma_boundary': 3.297447257166244, 'alpha': 0.47722784619336855}. Best is trial 160 with value: 0.048350495834702904.
[I 2026-03-06 03:38:08,651] Trial 196 finished with value: 0.07833215625314527 and parameters: {'sigma_noise': 0.1427847995664629, 'A_repulsion': 0.1447338126203842, 'gamma': 0.9579181132519892, 'sigma_update': 0.31246577844488593, 'eta_learning': 1.7800676982769628, 'sigma_boundary': 3.3300701846572043, 'alpha': 0.4641846463831016}. Best is trial 160 with value: 0.048350495834702904.
[I 2026-03-06 03:38:10,824] Trial 198 finished with value: 0.11314697665602022 and parameters: {'sigma_noise': 0.14197781527857367, 'A_repulsion': 0.1395663488212078, 'gamma': 0.9571663525939237, 'sigma_update': 0.08506727247982458, 'eta_learning': 1.5641878849531803, 'sigma_boundary': 5.9843837518940255, 'alpha': 0.38355620037915006}. Best is trial 160 with value: 0.048350495834702904.
[I 2026-03-06 03:38:15,458] Trial 197 finished with value: 0.057951825455269335 and parameters: {'sigma_noise': 0.20803362438147885, 'A_repulsion': 0.13802085057998725, 'gamma': 0.9632559319106477, 'sigma_update': 0.29697243719112326, 'eta_learning': 1.5667445532590698, 'sigma_boundary': 5.9340049044188685, 'alpha': 0.718773903823958}. Best is trial 160 with value: 0.048350495834702904.
[I 2026-03-06 03:38:15,670] Trial 199 finished with value: 0.05943795974667239 and parameters: {'sigma_noise': 0.19001000113069413, 'A_repulsion': 0.07890162304550481, 'gamma': 0.9590476489512496, 'sigma_update': 0.07746842487050033, 'eta_learning': 1.7776583210908499, 'sigma_boundary': 3.3798198029909146, 'alpha': 0.48695901682881637}. Best is trial 160 with value: 0.048350495834702904.
