/nfs/nhome/live/apourdehghan/Hybrid_hpc_utils.py:56: DtypeWarning: Columns (16) have mixed types. Specify dtype option on import or set low_memory=False.
  data = pd.read_csv(data_path)
[I 2026-03-04 12:00:38,940] A new study created in memory with name: no-name-62bdc9a6-d20f-4221-b5e9-552ef4588866
[I 2026-03-04 12:07:16,302] Trial 17 finished with value: 0.053989577331066886 and parameters: {'sigma_noise': 0.06171118214884524, 'A_repulsion': 0.17189939673984256, 'gamma': 0.35289080298891845, 'sigma_update': 0.690645607735972, 'eta_learning': 1.2932398237578435, 'sigma_boundary': 2.017343330423216, 'alpha': 0.9862399170483795}. Best is trial 17 with value: 0.053989577331066886.
[I 2026-03-04 12:07:36,481] Trial 10 finished with value: 0.045648108037987106 and parameters: {'sigma_noise': 0.15165026492880662, 'A_repulsion': 0.042703886290903215, 'gamma': 0.6535034242193529, 'sigma_update': 0.6247990295200112, 'eta_learning': 1.9937559821297297, 'sigma_boundary': 9.033164853051954, 'alpha': 0.9001223713275419}. Best is trial 10 with value: 0.045648108037987106.
[I 2026-03-04 12:08:12,899] Trial 3 finished with value: 0.06905604406151196 and parameters: {'sigma_noise': 0.17753354286160844, 'A_repulsion': 0.14673569638744083, 'gamma': 0.2962765885169084, 'sigma_update': 0.43017686915443537, 'eta_learning': 1.6492259841684886, 'sigma_boundary': 0.6224211720603318, 'alpha': 0.9559169295631544}. Best is trial 10 with value: 0.045648108037987106.
[I 2026-03-04 12:08:17,561] Trial 2 finished with value: 0.5044666474696646 and parameters: {'sigma_noise': 0.1053739555024904, 'A_repulsion': 0.34658050242301286, 'gamma': 0.0226041926285723, 'sigma_update': 0.52178232405916, 'eta_learning': 2.930817301402888, 'sigma_boundary': 3.1851082027127213, 'alpha': 0.34912442857733106}. Best is trial 10 with value: 0.045648108037987106.
[I 2026-03-04 12:08:22,920] Trial 12 finished with value: 0.46814728220192714 and parameters: {'sigma_noise': 0.0931571024697699, 'A_repulsion': 0.36123254004008865, 'gamma': 0.5032936883729809, 'sigma_update': 0.03254397276038922, 'eta_learning': 2.004838799439936, 'sigma_boundary': 9.079068105058823, 'alpha': 0.3007502909910862}. Best is trial 10 with value: 0.045648108037987106.
[I 2026-03-04 12:08:41,742] Trial 21 finished with value: 0.17696934865130162 and parameters: {'sigma_noise': 0.13211414841908092, 'A_repulsion': 0.3816706868563624, 'gamma': 0.1937566685133831, 'sigma_update': 0.6616414244856771, 'eta_learning': 2.190872147685846, 'sigma_boundary': 2.896137808451707, 'alpha': 0.7995224624661019}. Best is trial 10 with value: 0.045648108037987106.
[I 2026-03-04 12:08:55,421] Trial 16 finished with value: 0.10448668487600873 and parameters: {'sigma_noise': 0.11767902861154195, 'A_repulsion': 0.4299863369685191, 'gamma': 0.6613367395129519, 'sigma_update': 0.45822395663431403, 'eta_learning': 0.18640218381031237, 'sigma_boundary': 0.4946933543518522, 'alpha': 0.7066895057565734}. Best is trial 10 with value: 0.045648108037987106.
[I 2026-03-04 12:09:00,865] Trial 20 finished with value: 0.07877996033200851 and parameters: {'sigma_noise': 0.12499147347539315, 'A_repulsion': 0.423737264368765, 'gamma': 0.4731989436190539, 'sigma_update': 0.3098404059290319, 'eta_learning': 0.7282548779336663, 'sigma_boundary': 8.431131934049967, 'alpha': 0.6120949349127015}. Best is trial 10 with value: 0.045648108037987106.
[I 2026-03-04 12:09:16,528] Trial 19 finished with value: 0.7053353710027392 and parameters: {'sigma_noise': 0.166869883107733, 'A_repulsion': 0.3234851484073084, 'gamma': 0.33947793724881276, 'sigma_update': 0.04181335043629415, 'eta_learning': 0.2828295989219298, 'sigma_boundary': 4.417505954167237, 'alpha': 0.052549399402593844}. Best is trial 10 with value: 0.045648108037987106.
[I 2026-03-04 12:09:26,203] Trial 4 finished with value: 0.07277500827464359 and parameters: {'sigma_noise': 0.23548390478587183, 'A_repulsion': 0.24493038536152223, 'gamma': 0.4597908649133952, 'sigma_update': 0.37423348301298837, 'eta_learning': 1.5861372263758737, 'sigma_boundary': 7.10962559448966, 'alpha': 0.6961247463232593}. Best is trial 10 with value: 0.045648108037987106.
[I 2026-03-04 12:09:32,860] Trial 8 finished with value: 1.2993438609912231 and parameters: {'sigma_noise': 0.255689081274221, 'A_repulsion': 0.21873315177492642, 'gamma': 0.38555082808187147, 'sigma_update': 0.6205628390613498, 'eta_learning': 2.6836765501274824, 'sigma_boundary': 3.226959612367734, 'alpha': 0.30998716702213924}. Best is trial 10 with value: 0.045648108037987106.
[I 2026-03-04 12:09:38,695] Trial 5 finished with value: 2.124882525421013 and parameters: {'sigma_noise': 0.3714563768277496, 'A_repulsion': 0.060786386957011274, 'gamma': 0.34221593717524373, 'sigma_update': 0.530684224094032, 'eta_learning': 0.5339602160834487, 'sigma_boundary': 3.677709340546188, 'alpha': 0.037205573809007464}. Best is trial 10 with value: 0.045648108037987106.
[I 2026-03-04 12:09:44,062] Trial 22 finished with value: 0.09391137603269692 and parameters: {'sigma_noise': 0.2686917573418423, 'A_repulsion': 0.21088641165091315, 'gamma': 0.2835980761039534, 'sigma_update': 0.339476901650463, 'eta_learning': 1.2225739301499345, 'sigma_boundary': 9.764424111344795, 'alpha': 0.8997309903580737}. Best is trial 10 with value: 0.045648108037987106.
[I 2026-03-04 12:09:46,769] Trial 14 finished with value: 2.277896825067515 and parameters: {'sigma_noise': 0.3719151909680208, 'A_repulsion': 0.0858035998386869, 'gamma': 0.9174343778966556, 'sigma_update': 0.1505359595775278, 'eta_learning': 2.6118774409239527, 'sigma_boundary': 7.843282960538207, 'alpha': 0.12308633206617225}. Best is trial 10 with value: 0.045648108037987106.
[I 2026-03-04 12:10:17,338] Trial 9 finished with value: 1.240885031496999 and parameters: {'sigma_noise': 0.3510181389407346, 'A_repulsion': 0.14338372063545612, 'gamma': 0.5202765943816132, 'sigma_update': 0.040839814544059515, 'eta_learning': 0.5614439001224466, 'sigma_boundary': 8.805766040602759, 'alpha': 0.3128340309322515}. Best is trial 10 with value: 0.045648108037987106.
[I 2026-03-04 12:10:23,756] Trial 1 finished with value: 0.49852716129951985 and parameters: {'sigma_noise': 0.36512844070037953, 'A_repulsion': 0.1904320973583652, 'gamma': 0.1580871936027888, 'sigma_update': 0.04797713490648112, 'eta_learning': 1.692547632576474, 'sigma_boundary': 3.486500488521202, 'alpha': 0.7055189499954306}. Best is trial 10 with value: 0.045648108037987106.
[I 2026-03-04 12:10:50,599] Trial 7 finished with value: 2.255820892187628 and parameters: {'sigma_noise': 0.4307816714905954, 'A_repulsion': 0.2782136653004052, 'gamma': 0.9323465752006601, 'sigma_update': 0.6735744483553647, 'eta_learning': 1.4008275531462384, 'sigma_boundary': 3.291512357421841, 'alpha': 0.0811437170637398}. Best is trial 10 with value: 0.045648108037987106.
[I 2026-03-04 12:10:52,311] Trial 18 finished with value: 0.08354364206215226 and parameters: {'sigma_noise': 0.2927647102304363, 'A_repulsion': 0.45769236324511214, 'gamma': 0.6794262293559418, 'sigma_update': 0.40707594747048725, 'eta_learning': 0.051322891336200736, 'sigma_boundary': 5.998166578326394, 'alpha': 0.937119210660479}. Best is trial 10 with value: 0.045648108037987106.
[I 2026-03-04 12:11:01,203] Trial 15 finished with value: 0.10124067485134125 and parameters: {'sigma_noise': 0.31252461295829614, 'A_repulsion': 0.490598965170768, 'gamma': 0.7015003430148047, 'sigma_update': 0.22904133582651076, 'eta_learning': 0.8039908462708332, 'sigma_boundary': 5.51396833888791, 'alpha': 0.7585934252348848}. Best is trial 10 with value: 0.045648108037987106.
[I 2026-03-04 12:11:02,464] Trial 0 finished with value: 2.294338642575479 and parameters: {'sigma_noise': 0.32204130218258575, 'A_repulsion': 0.4955957353776062, 'gamma': 0.9236412433933472, 'sigma_update': 0.6742052243361989, 'eta_learning': 2.593631812977475, 'sigma_boundary': 0.28554500120106646, 'alpha': 0.06309532041729804}. Best is trial 10 with value: 0.045648108037987106.
[I 2026-03-04 12:11:06,099] Trial 11 finished with value: 2.2812960701773344 and parameters: {'sigma_noise': 0.43110403484282156, 'A_repulsion': 0.3115266026453472, 'gamma': 0.812501760494207, 'sigma_update': 0.475191694639636, 'eta_learning': 2.146715074822146, 'sigma_boundary': 2.245707086439549, 'alpha': 0.23369133805201925}. Best is trial 10 with value: 0.045648108037987106.
[I 2026-03-04 12:11:06,532] Trial 13 finished with value: 2.249067227806486 and parameters: {'sigma_noise': 0.3553438357789313, 'A_repulsion': 0.38456802599221435, 'gamma': 0.3828666412058271, 'sigma_update': 0.06896478941204921, 'eta_learning': 0.8583684350502906, 'sigma_boundary': 4.2031230948902705, 'alpha': 0.22245928655496905}. Best is trial 10 with value: 0.045648108037987106.
[I 2026-03-04 12:11:29,520] Trial 6 finished with value: 0.1585621236706355 and parameters: {'sigma_noise': 0.3654534757878925, 'A_repulsion': 0.4475185349578834, 'gamma': 0.20154533896976878, 'sigma_update': 0.4304914884195114, 'eta_learning': 0.12683404258143707, 'sigma_boundary': 0.7910992813143284, 'alpha': 0.6420073013946154}. Best is trial 10 with value: 0.045648108037987106.
[I 2026-03-04 12:11:36,692] Trial 23 finished with value: 0.42907158842771265 and parameters: {'sigma_noise': 0.4202777828568577, 'A_repulsion': 0.3851335127164142, 'gamma': 0.08297732814062095, 'sigma_update': 0.6385265222166067, 'eta_learning': 0.12480293785712647, 'sigma_boundary': 6.179438772533043, 'alpha': 0.5684464766754603}. Best is trial 10 with value: 0.045648108037987106.
[I 2026-03-04 12:16:29,122] Trial 37 finished with value: 0.13376195260889465 and parameters: {'sigma_noise': 0.05220780334654773, 'A_repulsion': 0.0016806871452611505, 'gamma': 0.6710533300904706, 'sigma_update': 0.6955436900160551, 'eta_learning': 1.062406972059743, 'sigma_boundary': 6.190621550618502, 'alpha': 0.9902337743670768}. Best is trial 10 with value: 0.045648108037987106.
[I 2026-03-04 12:16:32,814] Trial 24 finished with value: 0.43233310774346334 and parameters: {'sigma_noise': 0.1032945322342985, 'A_repulsion': 0.24197840660279168, 'gamma': 0.0652910384534283, 'sigma_update': 0.46487961506410347, 'eta_learning': 1.8306437813941503, 'sigma_boundary': 0.015328423708340526, 'alpha': 0.15373276765876243}. Best is trial 10 with value: 0.045648108037987106.
[I 2026-03-04 12:16:43,764] Trial 36 finished with value: 0.14686511607788028 and parameters: {'sigma_noise': 0.05620649718943468, 'A_repulsion': 0.00045403795045148576, 'gamma': 0.9027099649962249, 'sigma_update': 0.6864741829593429, 'eta_learning': 1.0571286611111235, 'sigma_boundary': 6.322965464539205, 'alpha': 0.9767859416638444}. Best is trial 10 with value: 0.045648108037987106.
[I 2026-03-04 12:16:51,423] Trial 35 finished with value: 0.14747089618141024 and parameters: {'sigma_noise': 0.05238049052502385, 'A_repulsion': 0.02613193686289919, 'gamma': 0.9531265556932457, 'sigma_update': 0.6998129069045803, 'eta_learning': 1.0574678731399345, 'sigma_boundary': 6.829645920824282, 'alpha': 0.9624375551804646}. Best is trial 10 with value: 0.045648108037987106.
[I 2026-03-04 12:17:29,535] Trial 39 finished with value: 0.12718568506028144 and parameters: {'sigma_noise': 0.054489033932322496, 'A_repulsion': 0.008671804989493298, 'gamma': 0.6979374555585479, 'sigma_update': 0.6853116478096927, 'eta_learning': 1.104557963589055, 'sigma_boundary': 5.720795620190391, 'alpha': 0.965276460388335}. Best is trial 10 with value: 0.045648108037987106.
[I 2026-03-04 12:17:48,617] Trial 38 finished with value: 0.13746420693381783 and parameters: {'sigma_noise': 0.05518657179427015, 'A_repulsion': 0.05129419296104073, 'gamma': 0.7237601782599687, 'sigma_update': 0.6954679337366352, 'eta_learning': 1.3236102551931372, 'sigma_boundary': 5.730713676495526, 'alpha': 0.9997465347928265}. Best is trial 10 with value: 0.045648108037987106.
[I 2026-03-04 12:17:58,586] Trial 25 finished with value: 0.06211189537382763 and parameters: {'sigma_noise': 0.24659944090264435, 'A_repulsion': 0.14446713908678077, 'gamma': 0.8498958175704118, 'sigma_update': 0.43595474971549586, 'eta_learning': 1.5759452530737954, 'sigma_boundary': 1.6324851655646975, 'alpha': 0.9296872290456204}. Best is trial 10 with value: 0.045648108037987106.
[I 2026-03-04 12:18:02,158] Trial 41 finished with value: 0.08563734974044407 and parameters: {'sigma_noise': 0.05936677933729065, 'A_repulsion': 0.009171844153920701, 'gamma': 0.7499801291079761, 'sigma_update': 0.5802908340818899, 'eta_learning': 1.0422295505954806, 'sigma_boundary': 1.6755273416552825, 'alpha': 0.5117985958324549}. Best is trial 10 with value: 0.045648108037987106.
[I 2026-03-04 12:18:03,048] Trial 26 finished with value: 0.16622788274910114 and parameters: {'sigma_noise': 0.05923320101846255, 'A_repulsion': 0.4951949861099266, 'gamma': 0.6821817313350759, 'sigma_update': 0.23371271533528384, 'eta_learning': 0.4543533678498196, 'sigma_boundary': 5.4611928384067285, 'alpha': 0.6721848588876015}. Best is trial 10 with value: 0.045648108037987106.
[I 2026-03-04 12:18:04,140] Trial 45 finished with value: 0.1162184862711203 and parameters: {'sigma_noise': 0.051980018431491345, 'A_repulsion': 0.00874948729780449, 'gamma': 0.595876986030666, 'sigma_update': 0.5852899116992794, 'eta_learning': 1.8538807875478658, 'sigma_boundary': 1.4379142276943, 'alpha': 0.9848794037022706}. Best is trial 10 with value: 0.045648108037987106.
[I 2026-03-04 12:18:08,834] Trial 42 finished with value: 0.08515550382567894 and parameters: {'sigma_noise': 0.05496146958322115, 'A_repulsion': 0.009577326481993886, 'gamma': 0.7769020911108346, 'sigma_update': 0.6015336912919499, 'eta_learning': 1.048851884829693, 'sigma_boundary': 1.6826868690277887, 'alpha': 0.5359809012463932}. Best is trial 10 with value: 0.045648108037987106.
[I 2026-03-04 12:18:16,289] Trial 43 finished with value: 0.0932766719808524 and parameters: {'sigma_noise': 0.05541849929302295, 'A_repulsion': 0.019485684143201575, 'gamma': 0.7749294152326076, 'sigma_update': 0.5793215487955055, 'eta_learning': 1.0057890562201877, 'sigma_boundary': 2.1335591266200677, 'alpha': 0.5470043472176883}. Best is trial 10 with value: 0.045648108037987106.
[I 2026-03-04 12:18:22,167] Trial 40 finished with value: 0.1067125248501811 and parameters: {'sigma_noise': 0.0667011134975154, 'A_repulsion': 0.013893282811367199, 'gamma': 0.6904218617168406, 'sigma_update': 0.6031692744445003, 'eta_learning': 1.0285617411205807, 'sigma_boundary': 6.118994613608573, 'alpha': 0.9834535762541065}. Best is trial 10 with value: 0.045648108037987106.
[I 2026-03-04 12:18:30,656] Trial 30 finished with value: 0.047945746775331644 and parameters: {'sigma_noise': 0.10865826053314885, 'A_repulsion': 0.34815321902398916, 'gamma': 0.09321352566529235, 'sigma_update': 0.1218516391603935, 'eta_learning': 0.16359774972956018, 'sigma_boundary': 7.695711069414292, 'alpha': 0.08139964123234045}. Best is trial 10 with value: 0.045648108037987106.
[I 2026-03-04 12:18:44,933] Trial 47 finished with value: 0.11185128633503791 and parameters: {'sigma_noise': 0.053428730617058245, 'A_repulsion': 0.01728786388413105, 'gamma': 0.5884677446100444, 'sigma_update': 0.5743524989199585, 'eta_learning': 1.1878064344713974, 'sigma_boundary': 1.437833304999463, 'alpha': 0.981355406903849}. Best is trial 10 with value: 0.045648108037987106.
[I 2026-03-04 12:19:52,719] Trial 44 finished with value: 0.026224553949969302 and parameters: {'sigma_noise': 0.19654557786337187, 'A_repulsion': 0.006618536670668362, 'gamma': 0.5891417753266612, 'sigma_update': 0.5922806977917691, 'eta_learning': 1.075305315123571, 'sigma_boundary': 1.2720726866650445, 'alpha': 0.9734680212449038}. Best is trial 44 with value: 0.026224553949969302.
[I 2026-03-04 12:20:13,543] Trial 33 finished with value: 0.1628490394633323 and parameters: {'sigma_noise': 0.40405213681499763, 'A_repulsion': 0.0030863752521302634, 'gamma': 0.9288290999382611, 'sigma_update': 0.21134315214863003, 'eta_learning': 2.915137070027254, 'sigma_boundary': 6.684444433972784, 'alpha': 0.4572344690572284}. Best is trial 44 with value: 0.026224553949969302.
[I 2026-03-04 12:20:32,873] Trial 46 finished with value: 0.027680648479908317 and parameters: {'sigma_noise': 0.1934268269275712, 'A_repulsion': 0.0006545127987435118, 'gamma': 0.6084431016318765, 'sigma_update': 0.60300495423409, 'eta_learning': 1.8660097745202617, 'sigma_boundary': 1.6867670688231886, 'alpha': 0.9984677117015963}. Best is trial 44 with value: 0.026224553949969302.
[I 2026-03-04 12:20:38,301] Trial 28 finished with value: 0.23685973505918817 and parameters: {'sigma_noise': 0.2479082375990661, 'A_repulsion': 0.45004373748958937, 'gamma': 0.4946228575858029, 'sigma_update': 0.522984419540957, 'eta_learning': 0.624790830796062, 'sigma_boundary': 2.871488246053755, 'alpha': 0.5472686319279596}. Best is trial 44 with value: 0.026224553949969302.
[I 2026-03-04 12:20:41,727] Trial 31 finished with value: 1.1060922454454638 and parameters: {'sigma_noise': 0.33644192511743193, 'A_repulsion': 0.1794715422526052, 'gamma': 0.611023432794123, 'sigma_update': 0.2213509428509899, 'eta_learning': 1.7844982937715517, 'sigma_boundary': 3.385927185120341, 'alpha': 0.3154465971252731}. Best is trial 44 with value: 0.026224553949969302.
[I 2026-03-04 12:20:49,990] Trial 34 finished with value: 0.09753858826331081 and parameters: {'sigma_noise': 0.4170435722278616, 'A_repulsion': 0.027368476910396428, 'gamma': 0.9667816437921989, 'sigma_update': 0.6909025044577034, 'eta_learning': 1.1385799118927076, 'sigma_boundary': 6.622232917408196, 'alpha': 0.962210564472699}. Best is trial 44 with value: 0.026224553949969302.
[I 2026-03-04 12:21:03,068] Trial 32 finished with value: 2.2417750494251782 and parameters: {'sigma_noise': 0.31201426539910715, 'A_repulsion': 0.17126502525419268, 'gamma': 0.8179965113131062, 'sigma_update': 0.24385960125218262, 'eta_learning': 2.5822711821085704, 'sigma_boundary': 8.57396500007011, 'alpha': 0.032458034754804466}. Best is trial 44 with value: 0.026224553949969302.
[I 2026-03-04 12:21:13,422] Trial 29 finished with value: 0.3581800617918425 and parameters: {'sigma_noise': 0.44814024660644636, 'A_repulsion': 0.18857009046412038, 'gamma': 0.052815327433725176, 'sigma_update': 0.4010524318900983, 'eta_learning': 1.2106893682975746, 'sigma_boundary': 1.292643322617787, 'alpha': 0.46649291695687956}. Best is trial 44 with value: 0.026224553949969302.
[I 2026-03-04 12:21:40,709] Trial 27 finished with value: 2.2888107086567935 and parameters: {'sigma_noise': 0.39754140213601413, 'A_repulsion': 0.4476244436557463, 'gamma': 0.37400241776252247, 'sigma_update': 0.060115013232361396, 'eta_learning': 2.102246832160103, 'sigma_boundary': 1.8161978745815273, 'alpha': 0.27739880643357373}. Best is trial 44 with value: 0.026224553949969302.
[I 2026-03-04 12:25:43,805] Trial 48 finished with value: 0.035947013290082944 and parameters: {'sigma_noise': 0.19337130210932607, 'A_repulsion': 0.144623530951619, 'gamma': 0.5781106707697061, 'sigma_update': 0.5781066983105113, 'eta_learning': 1.8465835994580564, 'sigma_boundary': 1.2561883534090974, 'alpha': 0.835246434785091}. Best is trial 44 with value: 0.026224553949969302.
[I 2026-03-04 12:26:12,151] Trial 50 finished with value: 0.03778176502061925 and parameters: {'sigma_noise': 0.19434362832149746, 'A_repulsion': 0.1440580211829903, 'gamma': 0.602067969079328, 'sigma_update': 0.5834507613953945, 'eta_learning': 1.3682815325850273, 'sigma_boundary': 1.4628438068805956, 'alpha': 0.8478230200123551}. Best is trial 44 with value: 0.026224553949969302.
[I 2026-03-04 12:26:21,853] Trial 51 finished with value: 0.03873929239336792 and parameters: {'sigma_noise': 0.20060400613973087, 'A_repulsion': 0.1421299192452723, 'gamma': 0.601636334028241, 'sigma_update': 0.5594922094992704, 'eta_learning': 1.3418795157878964, 'sigma_boundary': 2.1389158878648042, 'alpha': 0.847154026249781}. Best is trial 44 with value: 0.026224553949969302.
[I 2026-03-04 12:26:23,273] Trial 49 finished with value: 0.11161874246810136 and parameters: {'sigma_noise': 0.20416117227282715, 'A_repulsion': 0.14880146422093077, 'gamma': 0.2642764412672214, 'sigma_update': 0.5372900666630255, 'eta_learning': 1.38936079708961, 'sigma_boundary': 1.5077890969115062, 'alpha': 0.8721893285880131}. Best is trial 44 with value: 0.026224553949969302.
[I 2026-03-04 12:26:48,634] Trial 52 finished with value: 0.03686407958387143 and parameters: {'sigma_noise': 0.1875586565239789, 'A_repulsion': 0.12632143042176042, 'gamma': 0.5846228954900566, 'sigma_update': 0.5908684198404721, 'eta_learning': 1.4085348699056057, 'sigma_boundary': 1.7892009675368372, 'alpha': 0.857367464820661}. Best is trial 44 with value: 0.026224553949969302.
[I 2026-03-04 12:27:06,515] Trial 53 finished with value: 0.03471174865024014 and parameters: {'sigma_noise': 0.193488730960633, 'A_repulsion': 0.12744192675956617, 'gamma': 0.6092913409378218, 'sigma_update': 0.5891399828241732, 'eta_learning': 2.314302676920648, 'sigma_boundary': 1.403595142849341, 'alpha': 0.853117391865504}. Best is trial 44 with value: 0.026224553949969302.
[I 2026-03-04 12:27:17,365] Trial 58 finished with value: 0.05856061279541471 and parameters: {'sigma_noise': 0.18526709150340925, 'A_repulsion': 0.13476886470502702, 'gamma': 0.8501897743213471, 'sigma_update': 0.5078875490797292, 'eta_learning': 1.559395070427851, 'sigma_boundary': 2.4332773614546817, 'alpha': 0.8459485468503658}. Best is trial 44 with value: 0.026224553949969302.
[I 2026-03-04 12:27:24,008] Trial 54 finished with value: 0.04659745824224843 and parameters: {'sigma_noise': 0.2127771902309987, 'A_repulsion': 0.12967715995002016, 'gamma': 0.5837756602910562, 'sigma_update': 0.589776730794304, 'eta_learning': 1.8216941587275293, 'sigma_boundary': 1.3974955525873356, 'alpha': 0.8509924371239934}. Best is trial 44 with value: 0.026224553949969302.
