[I 2026-03-04 14:40:01,587] Trial 192 finished with value: 0.007618489349117756 and parameters: {'sigma_noise': 0.2781111031810604, 'A_repulsion': 0.017011087751067928, 'gamma': 0.9995434945651711, 'sigma_update': 0.4351540747386969, 'eta_learning': 0.42255833700091866, 'sigma_boundary': 4.407677457703373, 'alpha': 0.7095605522012578}. Best is trial 192 with value: 0.007618489349117756.
[I 2026-03-04 14:40:05,664] Trial 194 finished with value: 0.013007632111319035 and parameters: {'sigma_noise': 0.24679414597639365, 'A_repulsion': 0.016255693920193093, 'gamma': 0.9908361168915581, 'sigma_update': 0.2641709873889767, 'eta_learning': 0.7130570818603236, 'sigma_boundary': 4.432413846008185, 'alpha': 0.7082529248726777}. Best is trial 192 with value: 0.007618489349117756.
[I 2026-03-04 14:40:10,578] Trial 196 finished with value: 0.29688010068609344 and parameters: {'sigma_noise': 0.24620710839540566, 'A_repulsion': 0.015685778631928257, 'gamma': 0.9927568119743146, 'sigma_update': 0.4487504433104756, 'eta_learning': 2.094460252066554, 'sigma_boundary': 4.408958297089768, 'alpha': 0.37224321983004693}. Best is trial 192 with value: 0.007618489349117756.
[I 2026-03-04 14:40:13,363] Trial 195 finished with value: 0.07445907220400112 and parameters: {'sigma_noise': 0.2792067545260544, 'A_repulsion': 0.015752285004406206, 'gamma': 0.9948405793560978, 'sigma_update': 0.4513503774646045, 'eta_learning': 0.3991935740202122, 'sigma_boundary': 4.350418621516444, 'alpha': 0.41468445684018895}. Best is trial 192 with value: 0.007618489349117756.
[I 2026-03-04 14:40:15,862] Trial 197 finished with value: 0.007812598756593396 and parameters: {'sigma_noise': 0.2813748446904381, 'A_repulsion': 0.012718987907683485, 'gamma': 0.9972406272153509, 'sigma_update': 0.44474073608508446, 'eta_learning': 0.7117539919361361, 'sigma_boundary': 4.446044244969749, 'alpha': 0.7049149017466809}. Best is trial 192 with value: 0.007618489349117756.
[I 2026-03-04 14:40:16,818] Trial 198 finished with value: 0.013037464992946996 and parameters: {'sigma_noise': 0.24171908210540555, 'A_repulsion': 0.014863405216701153, 'gamma': 0.9996457846101593, 'sigma_update': 0.4614854120063311, 'eta_learning': 2.2265499735243055, 'sigma_boundary': 4.446341588396548, 'alpha': 0.7110822071751309}. Best is trial 192 with value: 0.007618489349117756.
[I 2026-03-04 14:40:17,252] Trial 199 finished with value: 0.011150516634045378 and parameters: {'sigma_noise': 0.24278946698865966, 'A_repulsion': 0.015251318957776778, 'gamma': 0.9974863260189207, 'sigma_update': 0.447850654853416, 'eta_learning': 2.3454511493091874, 'sigma_boundary': 4.467898815924693, 'alpha': 0.743771985804696}. Best is trial 192 with value: 0.007618489349117756.
