[I 2026-03-04 13:11:47,968] Trial 168 finished with value: 0.13682761267444762 and parameters: {'sigma_noise': 0.28003669816338866, 'A_repulsion': 0.019935955025517912, 'gamma': 0.7704233316477851, 'sigma_update': 0.6905269380244446, 'eta_learning': 2.239479557408382, 'sigma_boundary': 0.5526875822266041, 'alpha': 0.5823564195237996}. Best is trial 134 with value: 0.020969582115893635.
[I 2026-03-04 13:12:05,758] Trial 169 finished with value: 0.17330360422668706 and parameters: {'sigma_noise': 0.2803399182702512, 'A_repulsion': 0.02067403804969811, 'gamma': 0.6941232457173352, 'sigma_update': 0.6987066651265671, 'eta_learning': 2.595316158715567, 'sigma_boundary': 2.9790418571292263, 'alpha': 0.6238004450880161}. Best is trial 134 with value: 0.020969582115893635.
[I 2026-03-04 13:12:06,866] Trial 170 finished with value: 0.17467654322746168 and parameters: {'sigma_noise': 0.2848689439059042, 'A_repulsion': 0.018908326596970858, 'gamma': 0.7615593764058526, 'sigma_update': 0.6984012609269125, 'eta_learning': 2.814043006829356, 'sigma_boundary': 2.9266513204458335, 'alpha': 0.60580956045106}. Best is trial 134 with value: 0.020969582115893635.
[I 2026-03-04 13:12:34,736] Trial 171 finished with value: 0.12490328552547428 and parameters: {'sigma_noise': 0.28042753801999465, 'A_repulsion': 0.02156951503797606, 'gamma': 0.7989662414627645, 'sigma_update': 0.6981883148535432, 'eta_learning': 2.410890604104883, 'sigma_boundary': 0.44799870886433046, 'alpha': 0.5982911345525128}. Best is trial 134 with value: 0.020969582115893635.
[I 2026-03-04 13:12:43,232] Trial 173 finished with value: 0.17293174385563653 and parameters: {'sigma_noise': 0.2775630452631931, 'A_repulsion': 0.02483984978324959, 'gamma': 0.7678068895382556, 'sigma_update': 0.6864063694333362, 'eta_learning': 2.567612492058088, 'sigma_boundary': 2.9369464651388992, 'alpha': 0.5927872549429072}. Best is trial 134 with value: 0.020969582115893635.
[I 2026-03-04 13:12:45,239] Trial 172 finished with value: 0.13241040489057496 and parameters: {'sigma_noise': 0.2882082233163991, 'A_repulsion': 0.0181076531054385, 'gamma': 0.7695043898823279, 'sigma_update': 0.6875670020667835, 'eta_learning': 2.4329865410057607, 'sigma_boundary': 0.44664619765935026, 'alpha': 0.5879560275632445}. Best is trial 134 with value: 0.020969582115893635.
[I 2026-03-04 13:13:08,845] Trial 174 finished with value: 0.10423538605153529 and parameters: {'sigma_noise': 0.27833874353062094, 'A_repulsion': 0.027824874976644057, 'gamma': 0.7523921008148239, 'sigma_update': 0.693966284665976, 'eta_learning': 2.9622693376158287, 'sigma_boundary': 5.149581682501172, 'alpha': 0.7077926099286113}. Best is trial 134 with value: 0.020969582115893635.
[I 2026-03-04 13:13:44,068] Trial 176 finished with value: 0.07895845629981356 and parameters: {'sigma_noise': 0.28637468577876196, 'A_repulsion': 0.015100677814904553, 'gamma': 0.7647380195709689, 'sigma_update': 0.6977560569867215, 'eta_learning': 2.409527257763909, 'sigma_boundary': 1.1103354907386795, 'alpha': 0.709452679089312}. Best is trial 134 with value: 0.020969582115893635.
[I 2026-03-04 13:13:45,602] Trial 175 finished with value: 0.1461357514038961 and parameters: {'sigma_noise': 0.2752493105480586, 'A_repulsion': 0.01910924876693682, 'gamma': 0.7699367175321514, 'sigma_update': 0.6938568570890628, 'eta_learning': 2.770499087607674, 'sigma_boundary': 1.0435524444371098, 'alpha': 0.5846965578653734}. Best is trial 134 with value: 0.020969582115893635.
[I 2026-03-04 13:13:49,627] Trial 177 finished with value: 0.1364270078087044 and parameters: {'sigma_noise': 0.24948716621542244, 'A_repulsion': 0.01961337562692428, 'gamma': 0.7953068803514208, 'sigma_update': 0.6952626709405573, 'eta_learning': 2.793179087316821, 'sigma_boundary': 2.776708219245409, 'alpha': 0.6219851415703603}. Best is trial 134 with value: 0.020969582115893635.
[I 2026-03-04 13:14:18,622] Trial 178 finished with value: 0.15087111068357 and parameters: {'sigma_noise': 0.2806069620247995, 'A_repulsion': 0.020658353506939862, 'gamma': 0.7820728008210862, 'sigma_update': 0.6944130728627835, 'eta_learning': 2.850198519888658, 'sigma_boundary': 2.9177497538465174, 'alpha': 0.6200557064533225}. Best is trial 134 with value: 0.020969582115893635.
[I 2026-03-04 13:14:42,545] Trial 179 finished with value: 0.15555460442625407 and parameters: {'sigma_noise': 0.24531971423983576, 'A_repulsion': 0.016236803204022755, 'gamma': 0.7490951648037663, 'sigma_update': 0.698459307498781, 'eta_learning': 2.741713993967953, 'sigma_boundary': 2.736620157012646, 'alpha': 0.6031140684306622}. Best is trial 134 with value: 0.020969582115893635.
[I 2026-03-04 13:14:57,662] Trial 180 finished with value: 0.16135280559165335 and parameters: {'sigma_noise': 0.24763158243937708, 'A_repulsion': 0.01371742074383455, 'gamma': 0.6948350022298758, 'sigma_update': 0.6979996606987983, 'eta_learning': 2.7784499860731886, 'sigma_boundary': 2.943921270752942, 'alpha': 0.6200656108068577}. Best is trial 134 with value: 0.020969582115893635.
[I 2026-03-04 13:15:45,695] Trial 183 finished with value: 0.06292330663978382 and parameters: {'sigma_noise': 0.2484184552629404, 'A_repulsion': 0.009944293191549661, 'gamma': 0.7891730427202146, 'sigma_update': 0.6305490245517846, 'eta_learning': 2.991482003038819, 'sigma_boundary': 2.954467808166272, 'alpha': 0.7188981083120967}. Best is trial 134 with value: 0.020969582115893635.
[I 2026-03-04 13:15:53,283] Trial 181 finished with value: 0.19010327585252593 and parameters: {'sigma_noise': 0.24818565954588281, 'A_repulsion': 0.018086562328209436, 'gamma': 0.775244273585543, 'sigma_update': 0.6986067805517255, 'eta_learning': 2.8288735293956266, 'sigma_boundary': 2.9151486219076705, 'alpha': 0.5759260618856}. Best is trial 134 with value: 0.020969582115893635.
[I 2026-03-04 13:15:56,975] Trial 182 finished with value: 0.05829752471067254 and parameters: {'sigma_noise': 0.24758814609816115, 'A_repulsion': 0.0147109059503933, 'gamma': 0.7831534294803567, 'sigma_update': 0.6880064031586246, 'eta_learning': 2.5576180611543378, 'sigma_boundary': 1.0732075431838204, 'alpha': 0.7146891354840151}. Best is trial 134 with value: 0.020969582115893635.
[I 2026-03-04 13:16:23,793] Trial 184 finished with value: 0.15181463010708104 and parameters: {'sigma_noise': 0.2471734660693738, 'A_repulsion': 0.05437800385624375, 'gamma': 0.7625833584955564, 'sigma_update': 0.6313083265950418, 'eta_learning': 2.404691073089912, 'sigma_boundary': 2.3787588849020147, 'alpha': 0.5693880400535539}. Best is trial 134 with value: 0.020969582115893635.
[I 2026-03-04 13:16:32,946] Trial 185 finished with value: 0.03400806550644401 and parameters: {'sigma_noise': 0.24552580648557673, 'A_repulsion': 0.016456311156081302, 'gamma': 0.791266811924184, 'sigma_update': 0.33133250082857746, 'eta_learning': 2.417971811832139, 'sigma_boundary': 1.183378563425608, 'alpha': 0.7128134260956434}. Best is trial 134 with value: 0.020969582115893635.
[I 2026-03-04 13:16:42,695] Trial 186 finished with value: 0.12076546732454442 and parameters: {'sigma_noise': 0.24508927986503148, 'A_repulsion': 0.013211261235460665, 'gamma': 0.6058073800601065, 'sigma_update': 0.6311736247873355, 'eta_learning': 2.3932889624576394, 'sigma_boundary': 5.206534612569329, 'alpha': 0.7126893389351739}. Best is trial 134 with value: 0.020969582115893635.
[I 2026-03-04 13:17:16,841] Trial 189 finished with value: 0.04507288692396566 and parameters: {'sigma_noise': 0.24597254948134173, 'A_repulsion': 0.0067403492428045305, 'gamma': 0.5968159031042194, 'sigma_update': 0.2930125137396227, 'eta_learning': 1.8249967462319021, 'sigma_boundary': 0.2430299708103423, 'alpha': 0.7112068905529053}. Best is trial 134 with value: 0.020969582115893635.
[I 2026-03-04 13:17:21,805] Trial 188 finished with value: 0.047659652645931805 and parameters: {'sigma_noise': 0.2512239202630725, 'A_repulsion': 0.058272024569859075, 'gamma': 0.8084603810007205, 'sigma_update': 0.6362271952313086, 'eta_learning': 0.9371526222522382, 'sigma_boundary': 1.1219125008915036, 'alpha': 0.7166594052957274}. Best is trial 134 with value: 0.020969582115893635.
[I 2026-03-04 13:17:22,520] Trial 187 finished with value: 0.22103543204618706 and parameters: {'sigma_noise': 0.24883935321422695, 'A_repulsion': 0.05434402661075855, 'gamma': 0.6046745560771302, 'sigma_update': 0.6288166446893378, 'eta_learning': 2.4397392789026484, 'sigma_boundary': 2.737896567300064, 'alpha': 0.5849867957006635}. Best is trial 134 with value: 0.020969582115893635.
[I 2026-03-04 13:17:47,149] Trial 191 finished with value: 0.11472401709011487 and parameters: {'sigma_noise': 0.24789556138908067, 'A_repulsion': 0.05689279654283512, 'gamma': 0.6055817439420896, 'sigma_update': 0.6292661363364433, 'eta_learning': 1.8850523348491084, 'sigma_boundary': 2.9446914938774, 'alpha': 0.7135519634958238}. Best is trial 134 with value: 0.020969582115893635.
[I 2026-03-04 13:17:55,971] Trial 190 finished with value: 0.056324424707183796 and parameters: {'sigma_noise': 0.24844662919951355, 'A_repulsion': 0.05842086653600237, 'gamma': 0.6032842502313199, 'sigma_update': 0.28494535214621397, 'eta_learning': 2.980891597750597, 'sigma_boundary': 1.1258038653990603, 'alpha': 0.5849469966898042}. Best is trial 134 with value: 0.020969582115893635.
[I 2026-03-04 13:18:17,958] Trial 193 finished with value: 0.06869342236377361 and parameters: {'sigma_noise': 0.24550954550251047, 'A_repulsion': 0.057108067526315205, 'gamma': 0.6055110087539902, 'sigma_update': 0.3836745509901212, 'eta_learning': 1.828648351822016, 'sigma_boundary': 5.114431661319083, 'alpha': 0.7129181576143023}. Best is trial 134 with value: 0.020969582115893635.
[I 2026-03-04 13:18:23,963] Trial 192 finished with value: 0.08913046043136895 and parameters: {'sigma_noise': 0.24445702350942655, 'A_repulsion': 0.055210872056730226, 'gamma': 0.6081941531582676, 'sigma_update': 0.632069755164299, 'eta_learning': 2.5509538558414624, 'sigma_boundary': 1.0315916556941391, 'alpha': 0.7137711590517765}. Best is trial 134 with value: 0.020969582115893635.
[I 2026-03-04 13:18:32,414] Trial 195 finished with value: 0.07911263842638716 and parameters: {'sigma_noise': 0.24580012934868245, 'A_repulsion': 0.057645212356698707, 'gamma': 0.6095323003388339, 'sigma_update': 0.6307590881398147, 'eta_learning': 0.9579917718186916, 'sigma_boundary': 1.0909608729659301, 'alpha': 0.7177884301934526}. Best is trial 134 with value: 0.020969582115893635.
[I 2026-03-04 13:18:35,077] Trial 196 finished with value: 0.11960960529104198 and parameters: {'sigma_noise': 0.24673164865343206, 'A_repulsion': 0.06018513344028699, 'gamma': 0.5878946969665556, 'sigma_update': 0.634778964076407, 'eta_learning': 0.8919431409617024, 'sigma_boundary': 5.182259360694046, 'alpha': 0.7151812994373088}. Best is trial 134 with value: 0.020969582115893635.
[I 2026-03-04 13:18:35,610] Trial 194 finished with value: 0.03542435707139885 and parameters: {'sigma_noise': 0.18911817755771862, 'A_repulsion': 0.18135899183187326, 'gamma': 0.793496760278976, 'sigma_update': 0.6309163571473757, 'eta_learning': 1.7788608623392093, 'sigma_boundary': 1.047177207055046, 'alpha': 0.7130722917081674}. Best is trial 134 with value: 0.020969582115893635.
[I 2026-03-04 13:18:36,773] Trial 197 finished with value: 0.09198589665584903 and parameters: {'sigma_noise': 0.2431094461991982, 'A_repulsion': 0.057069388701065135, 'gamma': 0.6091874505733651, 'sigma_update': 0.6311864306431214, 'eta_learning': 2.9645555163733954, 'sigma_boundary': 1.1635633098586462, 'alpha': 0.7109029298729227}. Best is trial 134 with value: 0.020969582115893635.
[I 2026-03-04 13:18:40,350] Trial 198 finished with value: 0.04290507128117979 and parameters: {'sigma_noise': 0.26695581063386786, 'A_repulsion': 0.05683363485486147, 'gamma': 0.6068998180040623, 'sigma_update': 0.6279635323642724, 'eta_learning': 1.890978485434305, 'sigma_boundary': 0.24892348350852045, 'alpha': 0.9628510466572582}. Best is trial 134 with value: 0.020969582115893635.
[I 2026-03-04 13:18:40,986] Trial 199 finished with value: 0.05452902873479059 and parameters: {'sigma_noise': 0.24752219518188198, 'A_repulsion': 0.0574699043956684, 'gamma': 0.6123239816291507, 'sigma_update': 0.3082141478806777, 'eta_learning': 1.8089070529286622, 'sigma_boundary': 0.26560236916593694, 'alpha': 0.9561448286744312}. Best is trial 134 with value: 0.020969582115893635.
[I 2026-03-04 13:18:58,728] A new study created in memory with name: no-name-3f3aee05-3e06-4682-98d8-72effbba9cba
[I 2026-03-04 13:26:34,718] Trial 21 finished with value: 0.25420482598209915 and parameters: {'sigma_noise': 0.10858148625694862, 'A_repulsion': 0.19570097916504414, 'gamma': 0.720749218074579, 'sigma_update': 0.03571284277768041, 'eta_learning': 0.4330188896008312, 'sigma_boundary': 2.1214878817371927, 'alpha': 0.1567267272784194}. Best is trial 21 with value: 0.25420482598209915.
[I 2026-03-04 13:26:41,600] Trial 18 finished with value: 0.1279940301641796 and parameters: {'sigma_noise': 0.0638131522973695, 'A_repulsion': 0.37110702760425546, 'gamma': 0.5718851538555152, 'sigma_update': 0.08923250481364059, 'eta_learning': 2.3806096712328, 'sigma_boundary': 9.236325604125657, 'alpha': 0.49705258379440775}. Best is trial 18 with value: 0.1279940301641796.
[I 2026-03-04 13:26:59,495] Trial 16 finished with value: 1.7004205699901522 and parameters: {'sigma_noise': 0.163240143256871, 'A_repulsion': 0.2170755096966951, 'gamma': 0.4233082409315631, 'sigma_update': 0.4680205826093726, 'eta_learning': 2.4168991189332494, 'sigma_boundary': 9.718510399845377, 'alpha': 0.1130407508549387}. Best is trial 18 with value: 0.1279940301641796.
[I 2026-03-04 13:27:02,191] Trial 20 finished with value: 0.035833865545574065 and parameters: {'sigma_noise': 0.19639248245979884, 'A_repulsion': 0.11193887360904792, 'gamma': 0.8956675756956758, 'sigma_update': 0.13391688990017778, 'eta_learning': 2.0424459434857303, 'sigma_boundary': 7.2055621908966305, 'alpha': 0.7617151741656116}. Best is trial 20 with value: 0.035833865545574065.
[I 2026-03-04 13:27:09,638] Trial 10 finished with value: 0.03738483693873727 and parameters: {'sigma_noise': 0.18303453924452434, 'A_repulsion': 0.18816755619411163, 'gamma': 0.6142628123308007, 'sigma_update': 0.5487459053323188, 'eta_learning': 1.1196808264244436, 'sigma_boundary': 7.7009966347876375, 'alpha': 0.7932179998121408}. Best is trial 20 with value: 0.035833865545574065.
[I 2026-03-04 13:27:16,757] Trial 6 finished with value: 0.11747117745523739 and parameters: {'sigma_noise': 0.11777624104926976, 'A_repulsion': 0.3390704214659561, 'gamma': 0.6219570504784478, 'sigma_update': 0.3453184069114808, 'eta_learning': 2.12521555921487, 'sigma_boundary': 5.334344551507709, 'alpha': 0.9984823915983776}. Best is trial 20 with value: 0.035833865545574065.
[I 2026-03-04 13:28:03,537] Trial 15 finished with value: 2.271970419256418 and parameters: {'sigma_noise': 0.1356287815542793, 'A_repulsion': 0.462968842183409, 'gamma': 0.058356587102849994, 'sigma_update': 0.3777924088164465, 'eta_learning': 2.2242221274128093, 'sigma_boundary': 2.0719274299643797, 'alpha': 0.033504929921338245}. Best is trial 20 with value: 0.035833865545574065.
[I 2026-03-04 13:28:16,354] Trial 2 finished with value: 1.0412015310984453 and parameters: {'sigma_noise': 0.28402078771821837, 'A_repulsion': 0.1744284616029378, 'gamma': 0.7525225674220242, 'sigma_update': 0.3167552625663708, 'eta_learning': 2.1769514589811574, 'sigma_boundary': 9.995455708205583, 'alpha': 0.2938426175103279}. Best is trial 20 with value: 0.035833865545574065.
[I 2026-03-04 13:28:27,356] Trial 23 finished with value: 0.0481053686166099 and parameters: {'sigma_noise': 0.20667461434156903, 'A_repulsion': 0.4281469952701124, 'gamma': 0.7441773609180911, 'sigma_update': 0.4405998330125733, 'eta_learning': 2.946664110358674, 'sigma_boundary': 7.482002989001596, 'alpha': 0.5697488279404853}. Best is trial 20 with value: 0.035833865545574065.
[I 2026-03-04 13:28:29,320] Trial 0 finished with value: 2.2381146224442054 and parameters: {'sigma_noise': 0.2961704451749455, 'A_repulsion': 0.1791055958869261, 'gamma': 0.42576825742178653, 'sigma_update': 0.32743551509685376, 'eta_learning': 0.7241408579549898, 'sigma_boundary': 8.587321138840991, 'alpha': 0.05644873890338631}. Best is trial 20 with value: 0.035833865545574065.
[I 2026-03-04 13:28:48,389] Trial 22 finished with value: 2.3415717056685628 and parameters: {'sigma_noise': 0.42324915262337337, 'A_repulsion': 0.10660329845078481, 'gamma': 0.8182389657071587, 'sigma_update': 0.6689164482790385, 'eta_learning': 2.036615513341312, 'sigma_boundary': 6.741876697186342, 'alpha': 0.08595081450023856}. Best is trial 20 with value: 0.035833865545574065.
[I 2026-03-04 13:28:50,148] Trial 12 finished with value: 0.3269596418104269 and parameters: {'sigma_noise': 0.21373445077135322, 'A_repulsion': 0.3691472175776493, 'gamma': 0.4338952705351652, 'sigma_update': 0.6809596676719054, 'eta_learning': 0.2564729776420634, 'sigma_boundary': 2.041199897574481, 'alpha': 0.4785512695138724}. Best is trial 20 with value: 0.035833865545574065.
[I 2026-03-04 13:28:51,493] Trial 11 finished with value: 0.9126338091734612 and parameters: {'sigma_noise': 0.26667189005112124, 'A_repulsion': 0.3262161507153223, 'gamma': 0.5006669023461437, 'sigma_update': 0.1622781285971874, 'eta_learning': 2.387284586933121, 'sigma_boundary': 3.459503699291873, 'alpha': 0.3305014599796414}. Best is trial 20 with value: 0.035833865545574065.
[I 2026-03-04 13:28:52,934] Trial 8 finished with value: 0.32771333036951567 and parameters: {'sigma_noise': 0.31693551811802234, 'A_repulsion': 0.1999885053541829, 'gamma': 0.13131401332053377, 'sigma_update': 0.5298416704288029, 'eta_learning': 2.976626766146811, 'sigma_boundary': 9.065543483831602, 'alpha': 0.6137806542368607}. Best is trial 20 with value: 0.035833865545574065.
[I 2026-03-04 13:28:54,378] Trial 1 finished with value: 0.10550306411189413 and parameters: {'sigma_noise': 0.22430206106747558, 'A_repulsion': 0.3688424692850535, 'gamma': 0.7793530501684713, 'sigma_update': 0.11055866615492398, 'eta_learning': 0.7405177243363925, 'sigma_boundary': 0.2075848596481756, 'alpha': 0.810101750316426}. Best is trial 20 with value: 0.035833865545574065.
[I 2026-03-04 13:28:54,844] Trial 17 finished with value: 2.304574851684865 and parameters: {'sigma_noise': 0.2076839873962495, 'A_repulsion': 0.4096938910065411, 'gamma': 0.7056245395699531, 'sigma_update': 0.4165214358299011, 'eta_learning': 2.1853552590149237, 'sigma_boundary': 7.588677776879997, 'alpha': 0.052991744993478695}. Best is trial 20 with value: 0.035833865545574065.
[I 2026-03-04 13:29:02,524] Trial 14 finished with value: 0.4601571293669582 and parameters: {'sigma_noise': 0.2625970971110413, 'A_repulsion': 0.3565354789898826, 'gamma': 0.24016517635492335, 'sigma_update': 0.6525429585575293, 'eta_learning': 2.7837589841856185, 'sigma_boundary': 5.791742834889705, 'alpha': 0.6207874071550163}. Best is trial 20 with value: 0.035833865545574065.
[I 2026-03-04 13:29:11,180] Trial 7 finished with value: 1.0707104727527215 and parameters: {'sigma_noise': 0.44318380663996265, 'A_repulsion': 0.09963814733010284, 'gamma': 0.42441091691296284, 'sigma_update': 0.06065354169269735, 'eta_learning': 2.097336231224041, 'sigma_boundary': 3.5960522800401247, 'alpha': 0.35182436273544104}. Best is trial 20 with value: 0.035833865545574065.
[I 2026-03-04 13:29:12,694] Trial 9 finished with value: 0.08105737237244648 and parameters: {'sigma_noise': 0.2673082328481336, 'A_repulsion': 0.4169219933958871, 'gamma': 0.4719604624509531, 'sigma_update': 0.26525929572959095, 'eta_learning': 2.8984291692560165, 'sigma_boundary': 2.8299807930937058, 'alpha': 0.800511590417918}. Best is trial 20 with value: 0.035833865545574065.
[I 2026-03-04 13:29:17,497] Trial 3 finished with value: 2.319493743918919 and parameters: {'sigma_noise': 0.23491801884599223, 'A_repulsion': 0.4840508911448666, 'gamma': 0.047096389937240614, 'sigma_update': 0.16294868080957392, 'eta_learning': 2.9786603206639106, 'sigma_boundary': 5.42335295474851, 'alpha': 0.06906551110196124}. Best is trial 20 with value: 0.035833865545574065.
[I 2026-03-04 13:29:29,840] Trial 19 finished with value: 0.20324603346741144 and parameters: {'sigma_noise': 0.3572759286003827, 'A_repulsion': 0.31825982895467736, 'gamma': 0.2888226756099121, 'sigma_update': 0.41154525479778387, 'eta_learning': 1.755257704736874, 'sigma_boundary': 2.375074817497184, 'alpha': 0.623891795497359}. Best is trial 20 with value: 0.035833865545574065.
[I 2026-03-04 13:29:43,900] Trial 5 finished with value: 0.0953742949974987 and parameters: {'sigma_noise': 0.32121013443940427, 'A_repulsion': 0.4629976315985188, 'gamma': 0.6180057051775024, 'sigma_update': 0.21390188413652297, 'eta_learning': 1.469771082928935, 'sigma_boundary': 2.874788651705656, 'alpha': 0.7918508446898499}. Best is trial 20 with value: 0.035833865545574065.
[I 2026-03-04 13:29:49,237] Trial 4 finished with value: 2.3194292386954585 and parameters: {'sigma_noise': 0.4020253487200999, 'A_repulsion': 0.36577566109231924, 'gamma': 0.34473593745487313, 'sigma_update': 0.4426962162921828, 'eta_learning': 2.539795476804716, 'sigma_boundary': 3.26507802654674, 'alpha': 0.11590862446307981}. Best is trial 20 with value: 0.035833865545574065.
[I 2026-03-04 13:30:09,140] Trial 13 finished with value: 0.33542504000837614 and parameters: {'sigma_noise': 0.4076388445773937, 'A_repulsion': 0.4691141569323332, 'gamma': 0.6482729111449669, 'sigma_update': 0.5748589082224851, 'eta_learning': 1.186723986614968, 'sigma_boundary': 9.846997443710864, 'alpha': 0.6059746456555813}. Best is trial 20 with value: 0.035833865545574065.
