[I 2026-03-04 13:35:21,728] Trial 24 finished with value: 0.19396564461170288 and parameters: {'sigma_noise': 0.12331910203772663, 'A_repulsion': 0.15836352535338316, 'gamma': 0.2692223395300303, 'sigma_update': 0.4534607357785576, 'eta_learning': 1.2373998584935375, 'sigma_boundary': 4.428728068740812, 'alpha': 0.4839378532344619}. Best is trial 20 with value: 0.035833865545574065.
[I 2026-03-04 13:35:32,355] Trial 25 finished with value: 0.43612543631404765 and parameters: {'sigma_noise': 0.2756863444184517, 'A_repulsion': 0.009084085138684528, 'gamma': 0.9509687772925958, 'sigma_update': 0.11399842269780713, 'eta_learning': 2.8135381270294118, 'sigma_boundary': 5.894124317190788, 'alpha': 0.3188069865655716}. Best is trial 20 with value: 0.035833865545574065.
[I 2026-03-04 13:35:47,124] Trial 26 finished with value: 0.10087138839777277 and parameters: {'sigma_noise': 0.1373442971357452, 'A_repulsion': 0.1412629484797972, 'gamma': 0.9318244950975804, 'sigma_update': 0.5971623441613809, 'eta_learning': 0.8409367729341746, 'sigma_boundary': 0.2011004317005746, 'alpha': 0.9543199898386271}. Best is trial 20 with value: 0.035833865545574065.
[I 2026-03-04 13:36:45,016] Trial 28 finished with value: 0.14300808419239391 and parameters: {'sigma_noise': 0.12218990341181182, 'A_repulsion': 0.3945403815034214, 'gamma': 0.7929458267067969, 'sigma_update': 0.3500889403787275, 'eta_learning': 0.02530188730155411, 'sigma_boundary': 8.753639192318394, 'alpha': 0.6560056495944944}. Best is trial 20 with value: 0.035833865545574065.
[I 2026-03-04 13:37:16,736] Trial 37 finished with value: 0.029760010717424807 and parameters: {'sigma_noise': 0.20061903265865305, 'A_repulsion': 0.012754941297182076, 'gamma': 0.9391298719980314, 'sigma_update': 0.20462552039004073, 'eta_learning': 1.204400661255985, 'sigma_boundary': 5.641057332152709, 'alpha': 0.8330976900598643}. Best is trial 37 with value: 0.029760010717424807.
[I 2026-03-04 13:37:28,980] Trial 34 finished with value: 0.030581693717351845 and parameters: {'sigma_noise': 0.23039566168211956, 'A_repulsion': 0.025162984606736716, 'gamma': 0.987568631977283, 'sigma_update': 0.17575044834782313, 'eta_learning': 1.1982119182630215, 'sigma_boundary': 4.881117370516457, 'alpha': 0.864036326205337}. Best is trial 37 with value: 0.029760010717424807.
[I 2026-03-04 13:37:44,981] Trial 44 finished with value: 0.026745859724336973 and parameters: {'sigma_noise': 0.18365706245098806, 'A_repulsion': 0.04332817427261214, 'gamma': 0.9656656901256058, 'sigma_update': 0.5520674278799087, 'eta_learning': 1.2601528992780064, 'sigma_boundary': 7.678915117357136, 'alpha': 0.7895289564137836}. Best is trial 44 with value: 0.026745859724336973.
[I 2026-03-04 13:37:51,944] Trial 31 finished with value: 0.23586233834184195 and parameters: {'sigma_noise': 0.12180434736872328, 'A_repulsion': 0.3630207467795196, 'gamma': 0.8254733094267841, 'sigma_update': 0.653886378657365, 'eta_learning': 1.215378165606701, 'sigma_boundary': 5.132366792846962, 'alpha': 0.45904174265394815}. Best is trial 44 with value: 0.026745859724336973.
[I 2026-03-04 13:38:05,285] Trial 45 finished with value: 0.044297667233482343 and parameters: {'sigma_noise': 0.17125284719510492, 'A_repulsion': 0.00373659247746827, 'gamma': 0.9873340727281367, 'sigma_update': 0.5324127891987696, 'eta_learning': 1.255324625218899, 'sigma_boundary': 7.805920595438401, 'alpha': 0.9309812249405314}. Best is trial 44 with value: 0.026745859724336973.
[I 2026-03-04 13:38:13,338] Trial 46 finished with value: 0.038563529393454046 and parameters: {'sigma_noise': 0.18010328061377145, 'A_repulsion': 0.019875138368295686, 'gamma': 0.9771624655803652, 'sigma_update': 0.5538003257398458, 'eta_learning': 1.3159275580138101, 'sigma_boundary': 7.743564292983111, 'alpha': 0.9194049719818268}. Best is trial 44 with value: 0.026745859724336973.
[I 2026-03-04 13:38:27,920] Trial 35 finished with value: 0.03028436567340722 and parameters: {'sigma_noise': 0.3634856297826413, 'A_repulsion': 0.00993538417894152, 'gamma': 0.9835077016792713, 'sigma_update': 0.18547150902450085, 'eta_learning': 1.268268228183995, 'sigma_boundary': 4.869648828999946, 'alpha': 0.8736220351636641}. Best is trial 44 with value: 0.026745859724336973.
[I 2026-03-04 13:38:38,372] Trial 47 finished with value: 0.0396514053498514 and parameters: {'sigma_noise': 0.17940994738117022, 'A_repulsion': 0.034982594200795664, 'gamma': 0.960760756113078, 'sigma_update': 0.5238728114515796, 'eta_learning': 1.2238339762226675, 'sigma_boundary': 7.69570957229357, 'alpha': 0.9200071117206703}. Best is trial 44 with value: 0.026745859724336973.
[I 2026-03-04 13:38:44,874] Trial 38 finished with value: 0.02977940504068963 and parameters: {'sigma_noise': 0.3599706751373434, 'A_repulsion': 0.007092629912334808, 'gamma': 0.9272528652674694, 'sigma_update': 0.21396677386721608, 'eta_learning': 1.5822821885506189, 'sigma_boundary': 6.3083664847688725, 'alpha': 0.8076077419890249}. Best is trial 44 with value: 0.026745859724336973.
[I 2026-03-04 13:38:55,484] Trial 40 finished with value: 0.02910847739014443 and parameters: {'sigma_noise': 0.3655797670878008, 'A_repulsion': 0.0019878885327700435, 'gamma': 0.9513873651866966, 'sigma_update': 0.21524357468097297, 'eta_learning': 1.3110404705207142, 'sigma_boundary': 6.527437876915833, 'alpha': 0.792333373606965}. Best is trial 44 with value: 0.026745859724336973.
[I 2026-03-04 13:38:58,696] Trial 43 finished with value: 0.027650616571233348 and parameters: {'sigma_noise': 0.35472556410087014, 'A_repulsion': 0.0014284030723672458, 'gamma': 0.9135757408457514, 'sigma_update': 0.5688019398418492, 'eta_learning': 1.4066708669412458, 'sigma_boundary': 6.566793035796568, 'alpha': 0.765584465101952}. Best is trial 44 with value: 0.026745859724336973.
[I 2026-03-04 13:39:01,759] Trial 36 finished with value: 0.016205996495740792 and parameters: {'sigma_noise': 0.33504132043678403, 'A_repulsion': 0.06916931242613183, 'gamma': 0.9867160068587906, 'sigma_update': 0.5267740919018693, 'eta_learning': 1.2304308136570274, 'sigma_boundary': 5.879269615036401, 'alpha': 0.826574959770311}. Best is trial 36 with value: 0.016205996495740792.
[I 2026-03-04 13:39:06,851] Trial 27 finished with value: 0.6289863254761252 and parameters: {'sigma_noise': 0.2814591899814747, 'A_repulsion': 0.39823656676853847, 'gamma': 0.23201312163870458, 'sigma_update': 0.4794279558183795, 'eta_learning': 0.27807456543426173, 'sigma_boundary': 7.591384471964432, 'alpha': 0.3097958539472552}. Best is trial 36 with value: 0.016205996495740792.
[I 2026-03-04 13:39:10,168] Trial 42 finished with value: 0.022856535897100433 and parameters: {'sigma_noise': 0.3492044958927075, 'A_repulsion': 0.020802415717312395, 'gamma': 0.96917454673566, 'sigma_update': 0.22119176799074605, 'eta_learning': 1.3821907486182987, 'sigma_boundary': 6.417423129876876, 'alpha': 0.7836282639885072}. Best is trial 36 with value: 0.016205996495740792.
[I 2026-03-04 13:39:15,427] Trial 39 finished with value: 0.027606561241283724 and parameters: {'sigma_noise': 0.3747196092155648, 'A_repulsion': 0.02696340957726087, 'gamma': 0.9912213055261361, 'sigma_update': 0.22628397458492894, 'eta_learning': 1.4203240921438436, 'sigma_boundary': 5.672713798098673, 'alpha': 0.799491274684964}. Best is trial 36 with value: 0.016205996495740792.
[I 2026-03-04 13:39:19,382] Trial 33 finished with value: 0.16038789626472721 and parameters: {'sigma_noise': 0.4255244682922247, 'A_repulsion': 0.011204967427136031, 'gamma': 0.17881277311991228, 'sigma_update': 0.18144586036526433, 'eta_learning': 1.5307033457058474, 'sigma_boundary': 5.206687968597941, 'alpha': 0.6949819282258772}. Best is trial 36 with value: 0.016205996495740792.
[I 2026-03-04 13:39:30,598] Trial 41 finished with value: 0.031368724176315185 and parameters: {'sigma_noise': 0.38776833161408986, 'A_repulsion': 0.023448369612868697, 'gamma': 0.9945192749142199, 'sigma_update': 0.23835198135347535, 'eta_learning': 1.3862127486820337, 'sigma_boundary': 6.697169286718433, 'alpha': 0.8130363309225164}. Best is trial 36 with value: 0.016205996495740792.
[I 2026-03-04 13:39:43,701] Trial 32 finished with value: 1.7775712263088526 and parameters: {'sigma_noise': 0.440066373908719, 'A_repulsion': 0.015656636572252247, 'gamma': 0.5353232439206862, 'sigma_update': 0.1310166930607851, 'eta_learning': 0.3401450440722182, 'sigma_boundary': 5.736635359824765, 'alpha': 0.005815392243944895}. Best is trial 36 with value: 0.016205996495740792.
[I 2026-03-04 13:39:48,371] Trial 29 finished with value: 0.518111243543104 and parameters: {'sigma_noise': 0.41826317031398164, 'A_repulsion': 0.31030581435085636, 'gamma': 0.10762012490358716, 'sigma_update': 0.5905167672616783, 'eta_learning': 1.18119418774596, 'sigma_boundary': 2.342063739905974, 'alpha': 0.6126598934305905}. Best is trial 36 with value: 0.016205996495740792.
[I 2026-03-04 13:40:29,419] Trial 30 finished with value: 2.283001936234859 and parameters: {'sigma_noise': 0.4038900983621223, 'A_repulsion': 0.3893631726009271, 'gamma': 0.96260313143226, 'sigma_update': 0.2073138473258365, 'eta_learning': 2.9942647627784393, 'sigma_boundary': 0.7669387464364239, 'alpha': 0.24439974624241834}. Best is trial 36 with value: 0.016205996495740792.
[I 2026-03-04 13:44:30,140] Trial 48 finished with value: 0.043139413678165206 and parameters: {'sigma_noise': 0.18648408311237027, 'A_repulsion': 0.019406403767357694, 'gamma': 0.9888795815470302, 'sigma_update': 0.536738509807958, 'eta_learning': 1.7568635208247279, 'sigma_boundary': 7.754056094403788, 'alpha': 0.9473357760685681}. Best is trial 36 with value: 0.016205996495740792.
[I 2026-03-04 13:45:21,180] Trial 49 finished with value: 0.05030719581969981 and parameters: {'sigma_noise': 0.15326187252131412, 'A_repulsion': 0.2850769718650349, 'gamma': 0.8781783380584143, 'sigma_update': 0.519897162776432, 'eta_learning': 1.7682231331340321, 'sigma_boundary': 7.699465759468012, 'alpha': 0.731184528508567}. Best is trial 36 with value: 0.016205996495740792.
[I 2026-03-04 13:45:49,558] Trial 52 finished with value: 0.038673100179826336 and parameters: {'sigma_noise': 0.1729434384486011, 'A_repulsion': 0.003285181697056161, 'gamma': 0.8806558187893068, 'sigma_update': 0.2484053012964744, 'eta_learning': 1.015915362224916, 'sigma_boundary': 7.906460027338464, 'alpha': 0.8877021857517116}. Best is trial 36 with value: 0.016205996495740792.
[I 2026-03-04 13:46:05,315] Trial 50 finished with value: 0.030369889524552468 and parameters: {'sigma_noise': 0.18865786082685768, 'A_repulsion': 0.27866180327136086, 'gamma': 0.8369192778847864, 'sigma_update': 0.4992539436770741, 'eta_learning': 1.6164426385584993, 'sigma_boundary': 7.922542925224551, 'alpha': 0.7266356968172532}. Best is trial 36 with value: 0.016205996495740792.
[I 2026-03-04 13:46:13,561] Trial 53 finished with value: 0.04291450945606038 and parameters: {'sigma_noise': 0.17844428373839497, 'A_repulsion': 0.007800585816542749, 'gamma': 0.9980068569258461, 'sigma_update': 0.2578250991179454, 'eta_learning': 1.8031267384344805, 'sigma_boundary': 6.595787330709868, 'alpha': 0.879502236610691}. Best is trial 36 with value: 0.016205996495740792.
[I 2026-03-04 13:46:29,609] Trial 54 finished with value: 0.04093213553539721 and parameters: {'sigma_noise': 0.16684722830949378, 'A_repulsion': 0.010184770430984742, 'gamma': 0.8852060973478085, 'sigma_update': 0.2504546547167294, 'eta_learning': 1.7249339031764328, 'sigma_boundary': 6.857466909632436, 'alpha': 0.8913562693692068}. Best is trial 36 with value: 0.016205996495740792.
[I 2026-03-04 13:46:41,341] Trial 55 finished with value: 0.040355272277803916 and parameters: {'sigma_noise': 0.18511824214884764, 'A_repulsion': 0.007542971430506702, 'gamma': 0.9894396818360586, 'sigma_update': 0.24902420450295537, 'eta_learning': 1.7136165576144915, 'sigma_boundary': 6.8520395170647035, 'alpha': 0.8909241938792858}. Best is trial 36 with value: 0.016205996495740792.
[I 2026-03-04 13:46:53,221] Trial 56 finished with value: 0.02626523332527636 and parameters: {'sigma_noise': 0.19212886882738286, 'A_repulsion': 0.056671321265161834, 'gamma': 0.8896943859449498, 'sigma_update': 0.2687018417128129, 'eta_learning': 1.736169236592719, 'sigma_boundary': 6.578596354339844, 'alpha': 0.7187889627892707}. Best is trial 36 with value: 0.016205996495740792.
[I 2026-03-04 13:47:11,155] Trial 51 finished with value: 0.03363690517872326 and parameters: {'sigma_noise': 0.18608920145742414, 'A_repulsion': 0.2756250624594729, 'gamma': 0.8547592889516857, 'sigma_update': 0.5132758220851321, 'eta_learning': 1.8016554811969545, 'sigma_boundary': 7.5012049279242, 'alpha': 0.7411067797468294}. Best is trial 36 with value: 0.016205996495740792.
[I 2026-03-04 13:47:23,707] Trial 58 finished with value: 0.020952289698976737 and parameters: {'sigma_noise': 0.2388288844162526, 'A_repulsion': 0.0433361296430236, 'gamma': 0.8688564097493232, 'sigma_update': 0.2623866050829155, 'eta_learning': 0.9358517507905691, 'sigma_boundary': 4.373480276810991, 'alpha': 0.8736873713353324}. Best is trial 36 with value: 0.016205996495740792.
[I 2026-03-04 13:47:29,230] Trial 57 finished with value: 0.01255948266832661 and parameters: {'sigma_noise': 0.24675689413299712, 'A_repulsion': 0.050523251449561754, 'gamma': 0.8974602581286146, 'sigma_update': 0.27454022890942864, 'eta_learning': 1.8372978068781376, 'sigma_boundary': 6.538768391984408, 'alpha': 0.7402893004609901}. Best is trial 57 with value: 0.01255948266832661.
[I 2026-03-04 13:47:45,882] Trial 59 finished with value: 0.025397318206853137 and parameters: {'sigma_noise': 0.24356135911885327, 'A_repulsion': 0.06104882333307417, 'gamma': 0.8814132250867068, 'sigma_update': 0.2332002812613404, 'eta_learning': 0.9226756804634957, 'sigma_boundary': 4.333161920066905, 'alpha': 0.868129677305728}. Best is trial 57 with value: 0.01255948266832661.
[I 2026-03-04 13:48:47,896] Trial 63 finished with value: 0.0175207446143916 and parameters: {'sigma_noise': 0.3053173396445976, 'A_repulsion': 0.06032014615873688, 'gamma': 0.859936107118716, 'sigma_update': 0.2901666317495315, 'eta_learning': 0.8836476156458051, 'sigma_boundary': 8.222026128834143, 'alpha': 0.6922302449223263}. Best is trial 57 with value: 0.01255948266832661.
[I 2026-03-04 13:48:51,524] Trial 62 finished with value: 0.015593317787506526 and parameters: {'sigma_noise': 0.30767556155013875, 'A_repulsion': 0.05958351865409042, 'gamma': 0.8809306447867246, 'sigma_update': 0.30412846318037856, 'eta_learning': 0.8965640219299005, 'sigma_boundary': 6.64629076866904, 'alpha': 0.7045119199005827}. Best is trial 57 with value: 0.01255948266832661.
[I 2026-03-04 13:49:02,938] Trial 66 finished with value: 0.018953505542172906 and parameters: {'sigma_noise': 0.31244678631250666, 'A_repulsion': 0.05765894316669645, 'gamma': 0.8686166552006579, 'sigma_update': 0.28801293829270025, 'eta_learning': 0.9753430563472696, 'sigma_boundary': 6.88918084474487, 'alpha': 0.7234779401217692}. Best is trial 57 with value: 0.01255948266832661.
[I 2026-03-04 13:49:25,035] Trial 64 finished with value: 0.024409615372898326 and parameters: {'sigma_noise': 0.33425552131523845, 'A_repulsion': 0.061391235301650325, 'gamma': 0.8633974837839564, 'sigma_update': 0.30280683446119644, 'eta_learning': 0.9952277244404091, 'sigma_boundary': 6.638694447290877, 'alpha': 0.7306827617261685}. Best is trial 57 with value: 0.01255948266832661.
[I 2026-03-04 13:49:25,156] Trial 67 finished with value: 0.023343597768938303 and parameters: {'sigma_noise': 0.32696996923452026, 'A_repulsion': 0.05894763623859614, 'gamma': 0.863979719998608, 'sigma_update': 0.30728412640652075, 'eta_learning': 0.9311342602575762, 'sigma_boundary': 8.345886655914569, 'alpha': 0.7319573296865334}. Best is trial 57 with value: 0.01255948266832661.
[I 2026-03-04 13:49:26,720] Trial 65 finished with value: 0.02993824896670741 and parameters: {'sigma_noise': 0.3308304385684897, 'A_repulsion': 0.059515423330250075, 'gamma': 0.8531284941584274, 'sigma_update': 0.2716847605729918, 'eta_learning': 0.9610002487127156, 'sigma_boundary': 6.85000517820378, 'alpha': 0.7179299208669004}. Best is trial 57 with value: 0.01255948266832661.
[I 2026-03-04 13:49:27,941] Trial 69 finished with value: 0.02884684264126218 and parameters: {'sigma_noise': 0.30725746012920213, 'A_repulsion': 0.05935734813538496, 'gamma': 0.8779779144383779, 'sigma_update': 0.6092151829771641, 'eta_learning': 1.0116922985639996, 'sigma_boundary': 8.41184045468865, 'alpha': 0.7268733209696473}. Best is trial 57 with value: 0.01255948266832661.
[I 2026-03-04 13:49:31,782] Trial 68 finished with value: 0.017668483913600194 and parameters: {'sigma_noise': 0.31406192651033593, 'A_repulsion': 0.06436630657096964, 'gamma': 0.8779159534722282, 'sigma_update': 0.29675191507940213, 'eta_learning': 1.0334600893191577, 'sigma_boundary': 4.220850752442525, 'alpha': 0.7414453482639721}. Best is trial 57 with value: 0.01255948266832661.
[I 2026-03-04 13:49:38,836] Trial 61 finished with value: 0.043846874481317494 and parameters: {'sigma_noise': 0.3680725867435516, 'A_repulsion': 0.05656578669992606, 'gamma': 0.8752245824539698, 'sigma_update': 0.21862863325987347, 'eta_learning': 1.6591411915255974, 'sigma_boundary': 6.34941185850657, 'alpha': 0.6984721869834969}. Best is trial 57 with value: 0.01255948266832661.
[I 2026-03-04 13:49:39,935] Trial 60 finished with value: 0.04025091599002782 and parameters: {'sigma_noise': 0.3738031402367746, 'A_repulsion': 0.060546069006489, 'gamma': 0.8764359334555284, 'sigma_update': 0.2781449835174892, 'eta_learning': 1.6771573650701153, 'sigma_boundary': 6.399376696167012, 'alpha': 0.7035993795791813}. Best is trial 57 with value: 0.01255948266832661.
[I 2026-03-04 13:49:46,379] Trial 70 finished with value: 0.016506627429057424 and parameters: {'sigma_noise': 0.31266576578605637, 'A_repulsion': 0.054686779478629904, 'gamma': 0.8790518546985213, 'sigma_update': 0.3038706298911032, 'eta_learning': 0.9412590867692299, 'sigma_boundary': 4.511924703234916, 'alpha': 0.7285621644253151}. Best is trial 57 with value: 0.01255948266832661.
[I 2026-03-04 13:50:40,871] Trial 71 finished with value: 0.019713654543995596 and parameters: {'sigma_noise': 0.32155156437074245, 'A_repulsion': 0.05982446886473976, 'gamma': 0.8761158496978396, 'sigma_update': 0.3026069330749534, 'eta_learning': 0.9486328696169715, 'sigma_boundary': 4.4213575600061805, 'alpha': 0.7319450535255072}. Best is trial 57 with value: 0.01255948266832661.
[I 2026-03-04 13:54:29,866] Trial 72 finished with value: 0.021669624151257123 and parameters: {'sigma_noise': 0.3217004149103161, 'A_repulsion': 0.057888276608754397, 'gamma': 0.8729235393667265, 'sigma_update': 0.2706082855962004, 'eta_learning': 0.8255421913307655, 'sigma_boundary': 4.134170536264969, 'alpha': 0.7426776163265223}. Best is trial 57 with value: 0.01255948266832661.
[I 2026-03-04 13:55:15,644] Trial 73 finished with value: 0.021759639503997723 and parameters: {'sigma_noise': 0.32089780313140925, 'A_repulsion': 0.05875965698347748, 'gamma': 0.8759414779807031, 'sigma_update': 0.25899328606731575, 'eta_learning': 0.9806898318059897, 'sigma_boundary': 4.108275536900358, 'alpha': 0.7211192202224774}. Best is trial 57 with value: 0.01255948266832661.
[I 2026-03-04 13:55:36,883] Trial 74 finished with value: 0.02032098347976864 and parameters: {'sigma_noise': 0.311922887004605, 'A_repulsion': 0.05631611618696812, 'gamma': 0.8535953080484202, 'sigma_update': 0.2788749908167497, 'eta_learning': 0.9844803980150105, 'sigma_boundary': 6.339589373448096, 'alpha': 0.7411383676399136}. Best is trial 57 with value: 0.01255948266832661.
[I 2026-03-04 13:55:47,547] Trial 75 finished with value: 0.016434269895475615 and parameters: {'sigma_noise': 0.3114948151113637, 'A_repulsion': 0.05470157456005584, 'gamma': 0.8987494646407882, 'sigma_update': 0.29798078948686857, 'eta_learning': 0.9809711502645657, 'sigma_boundary': 6.244606276326858, 'alpha': 0.7539737325341452}. Best is trial 57 with value: 0.01255948266832661.
[I 2026-03-04 13:56:06,113] Trial 76 finished with value: 0.019696394050916423 and parameters: {'sigma_noise': 0.31631788618416223, 'A_repulsion': 0.061560171014886915, 'gamma': 0.891735338913972, 'sigma_update': 0.30153125147951926, 'eta_learning': 0.8189278918973292, 'sigma_boundary': 6.2275042706615835, 'alpha': 0.758399475465737}. Best is trial 57 with value: 0.01255948266832661.
[I 2026-03-04 13:56:06,610] Trial 77 finished with value: 0.014810731765586081 and parameters: {'sigma_noise': 0.3070454845595314, 'A_repulsion': 0.05587292983269401, 'gamma': 0.9085472006630945, 'sigma_update': 0.30926576745995915, 'eta_learning': 1.0083485390538807, 'sigma_boundary': 6.19265152971695, 'alpha': 0.7671788982936403}. Best is trial 57 with value: 0.01255948266832661.
[I 2026-03-04 13:56:26,379] Trial 79 finished with value: 0.013490302645059793 and parameters: {'sigma_noise': 0.3087394187751671, 'A_repulsion': 0.054725626436162036, 'gamma': 0.9084461446642482, 'sigma_update': 0.31403832034411583, 'eta_learning': 1.0167156053883433, 'sigma_boundary': 6.138723364720423, 'alpha': 0.7610396532861264}. Best is trial 57 with value: 0.01255948266832661.
[I 2026-03-04 13:56:35,347] Trial 78 finished with value: 0.019239675533456624 and parameters: {'sigma_noise': 0.31277243892071, 'A_repulsion': 0.062002910859462176, 'gamma': 0.8491145421258212, 'sigma_update': 0.3130306707728579, 'eta_learning': 1.0579157291296204, 'sigma_boundary': 6.208641643679447, 'alpha': 0.7438841144577097}. Best is trial 57 with value: 0.01255948266832661.
[I 2026-03-04 13:57:00,514] Trial 81 finished with value: 0.02466100296564476 and parameters: {'sigma_noise': 0.30398784084548747, 'A_repulsion': 0.05322159841174406, 'gamma': 0.7889328709358235, 'sigma_update': 0.30602914453237434, 'eta_learning': 0.8384092325882848, 'sigma_boundary': 4.460687155024019, 'alpha': 0.9854394758499238}. Best is trial 57 with value: 0.01255948266832661.
