[I 2026-03-04 14:19:05,509] Trial 135 finished with value: 0.0186536549692429 and parameters: {'sigma_noise': 0.3419649968091088, 'A_repulsion': 0.03757371337161369, 'gamma': 0.9335693857289377, 'sigma_update': 0.35002039416817066, 'eta_learning': 0.7659017398077806, 'sigma_boundary': 4.673454321288342, 'alpha': 0.7729661415304001}. Best is trial 108 with value: 0.009983300820910866.
[I 2026-03-04 14:19:07,611] Trial 138 finished with value: 0.03187519982386698 and parameters: {'sigma_noise': 0.3404433644314758, 'A_repulsion': 0.03686159043960731, 'gamma': 0.8431985338196163, 'sigma_update': 0.2857521972913086, 'eta_learning': 0.8655531863229164, 'sigma_boundary': 4.8741484949128555, 'alpha': 0.7757175734859716}. Best is trial 108 with value: 0.009983300820910866.
[I 2026-03-04 14:19:08,770] Trial 137 finished with value: 0.020151141045612386 and parameters: {'sigma_noise': 0.3384436089472017, 'A_repulsion': 0.04286744113752445, 'gamma': 0.9424165485063721, 'sigma_update': 0.28328135799297516, 'eta_learning': 1.9452686873901546, 'sigma_boundary': 4.646132340664832, 'alpha': 0.7683101757605374}. Best is trial 108 with value: 0.009983300820910866.
[I 2026-03-04 14:19:28,190] Trial 141 finished with value: 0.03463681529333347 and parameters: {'sigma_noise': 0.3408486241886136, 'A_repulsion': 0.03821268664500277, 'gamma': 0.8361149208581504, 'sigma_update': 0.28381455807889355, 'eta_learning': 0.8861769477738817, 'sigma_boundary': 4.617628187760442, 'alpha': 0.7728571349311067}. Best is trial 108 with value: 0.009983300820910866.
[I 2026-03-04 14:19:37,428] Trial 142 finished with value: 0.014042735519402612 and parameters: {'sigma_noise': 0.273729709496634, 'A_repulsion': 0.03984599991455205, 'gamma': 0.9446955038518279, 'sigma_update': 0.2816415140495749, 'eta_learning': 0.7657343512606216, 'sigma_boundary': 4.854520857020163, 'alpha': 0.7652636637864603}. Best is trial 108 with value: 0.009983300820910866.
[I 2026-03-04 14:19:49,847] Trial 134 finished with value: 0.023338017425420188 and parameters: {'sigma_noise': 0.3460442586835905, 'A_repulsion': 0.12213526777913573, 'gamma': 0.9390960980992804, 'sigma_update': 0.3570266441937497, 'eta_learning': 1.099663552257744, 'sigma_boundary': 4.623815417416514, 'alpha': 0.771941699379738}. Best is trial 108 with value: 0.009983300820910866.
[I 2026-03-04 14:20:43,986] Trial 143 finished with value: 0.013886390001374017 and parameters: {'sigma_noise': 0.2705939277100858, 'A_repulsion': 0.042623986555159143, 'gamma': 0.948017878691279, 'sigma_update': 0.2855119195806177, 'eta_learning': 1.9598232863674474, 'sigma_boundary': 4.691524720805168, 'alpha': 0.7718573610333302}. Best is trial 108 with value: 0.009983300820910866.
[I 2026-03-04 14:23:50,525] Trial 144 finished with value: 0.01151549312623322 and parameters: {'sigma_noise': 0.2724814208676696, 'A_repulsion': 0.03731883659270839, 'gamma': 0.9554957415241876, 'sigma_update': 0.4047368420300748, 'eta_learning': 0.7753467702443931, 'sigma_boundary': 5.019684419904986, 'alpha': 0.766214425087655}. Best is trial 108 with value: 0.009983300820910866.
[I 2026-03-04 14:24:07,124] Trial 147 finished with value: 0.02395267742247937 and parameters: {'sigma_noise': 0.2166222978343417, 'A_repulsion': 0.03487488483963324, 'gamma': 0.9552322758604701, 'sigma_update': 0.28164039667652335, 'eta_learning': 0.8817526041163416, 'sigma_boundary': 4.808048050984407, 'alpha': 0.7742446119608101}. Best is trial 108 with value: 0.009983300820910866.
[I 2026-03-04 14:24:38,324] Trial 146 finished with value: 0.013341167334021511 and parameters: {'sigma_noise': 0.27343947592856266, 'A_repulsion': 0.035337844508993174, 'gamma': 0.9507829821916817, 'sigma_update': 0.2872685087431122, 'eta_learning': 0.8827251735402362, 'sigma_boundary': 4.7551800181166834, 'alpha': 0.7636747472008099}. Best is trial 108 with value: 0.009983300820910866.
[I 2026-03-04 14:24:50,538] Trial 145 finished with value: 0.013902445740918156 and parameters: {'sigma_noise': 0.2747519064970836, 'A_repulsion': 0.041241593874784835, 'gamma': 0.9479726682775733, 'sigma_update': 0.28565857247815984, 'eta_learning': 0.7689984157985901, 'sigma_boundary': 4.617092129977197, 'alpha': 0.7608356377879375}. Best is trial 108 with value: 0.009983300820910866.
[I 2026-03-04 14:25:16,205] Trial 149 finished with value: 0.015278263535436916 and parameters: {'sigma_noise': 0.2712062225009458, 'A_repulsion': 0.042009419113711186, 'gamma': 0.9570908550020066, 'sigma_update': 0.28204685827216935, 'eta_learning': 0.74865281759534, 'sigma_boundary': 4.840103278010008, 'alpha': 0.7726978646921786}. Best is trial 108 with value: 0.009983300820910866.
[I 2026-03-04 14:25:17,875] Trial 148 finished with value: 0.014502898788258622 and parameters: {'sigma_noise': 0.27530134725819033, 'A_repulsion': 0.044032300527501116, 'gamma': 0.9458984752592847, 'sigma_update': 0.2830869715615267, 'eta_learning': 0.7588258825391058, 'sigma_boundary': 4.758403546604151, 'alpha': 0.7743070977614268}. Best is trial 108 with value: 0.009983300820910866.
[I 2026-03-04 14:25:44,103] Trial 150 finished with value: 0.011274999375413566 and parameters: {'sigma_noise': 0.2736507623412251, 'A_repulsion': 0.04112831160994729, 'gamma': 0.9591182641824193, 'sigma_update': 0.39993153945314536, 'eta_learning': 0.8737035877661313, 'sigma_boundary': 5.144863030099816, 'alpha': 0.7715617748249636}. Best is trial 108 with value: 0.009983300820910866.
[I 2026-03-04 14:26:06,789] Trial 152 finished with value: 0.015157488928045781 and parameters: {'sigma_noise': 0.27533593344708174, 'A_repulsion': 0.04351589179876671, 'gamma': 0.9512543614841656, 'sigma_update': 0.28091790812881123, 'eta_learning': 0.8720571570822002, 'sigma_boundary': 4.7568297788097045, 'alpha': 0.7775988858211469}. Best is trial 108 with value: 0.009983300820910866.
[I 2026-03-04 14:26:09,242] Trial 151 finished with value: 0.011243512780163445 and parameters: {'sigma_noise': 0.2747629233059153, 'A_repulsion': 0.041681920034947625, 'gamma': 0.947593960992145, 'sigma_update': 0.4047234334530398, 'eta_learning': 0.7644204963710519, 'sigma_boundary': 4.695114682055571, 'alpha': 0.7784525885286653}. Best is trial 108 with value: 0.009983300820910866.
[I 2026-03-04 14:27:12,966] Trial 154 finished with value: 0.019848837006069958 and parameters: {'sigma_noise': 0.2318855821423631, 'A_repulsion': 0.03733528218726988, 'gamma': 0.9513155389975216, 'sigma_update': 0.28374917697031576, 'eta_learning': 0.7633566095279967, 'sigma_boundary': 5.051812648165014, 'alpha': 0.7795581120384333}. Best is trial 108 with value: 0.009983300820910866.
[I 2026-03-04 14:27:19,011] Trial 153 finished with value: 0.01284898276891282 and parameters: {'sigma_noise': 0.2734939033540094, 'A_repulsion': 0.04303114859575685, 'gamma': 0.8390457716563424, 'sigma_update': 0.2778276737792947, 'eta_learning': 0.7625075460358766, 'sigma_boundary': 5.090367854441037, 'alpha': 0.778988454031543}. Best is trial 108 with value: 0.009983300820910866.
[I 2026-03-04 14:27:33,220] Trial 157 finished with value: 0.023133507155439693 and parameters: {'sigma_noise': 0.2204667416297056, 'A_repulsion': 0.04183097010084123, 'gamma': 0.9591347429350184, 'sigma_update': 0.2817123891256538, 'eta_learning': 0.8776157177373196, 'sigma_boundary': 5.0039578584523134, 'alpha': 0.7726372430537488}. Best is trial 108 with value: 0.009983300820910866.
[I 2026-03-04 14:27:45,214] Trial 156 finished with value: 0.016703520975195868 and parameters: {'sigma_noise': 0.22781625829593558, 'A_repulsion': 0.04348899957869902, 'gamma': 0.9547224984397529, 'sigma_update': 0.4196495795894535, 'eta_learning': 0.7485802990661411, 'sigma_boundary': 4.941450646796085, 'alpha': 0.7755116861218698}. Best is trial 108 with value: 0.009983300820910866.
[I 2026-03-04 14:27:55,122] Trial 159 finished with value: 0.017232595031069317 and parameters: {'sigma_noise': 0.22372123064049482, 'A_repulsion': 0.04444769316802115, 'gamma': 0.9521340025447418, 'sigma_update': 0.42570743436542025, 'eta_learning': 0.8700704584441915, 'sigma_boundary': 5.1512255746885325, 'alpha': 0.7769152779856356}. Best is trial 108 with value: 0.009983300820910866.
[I 2026-03-04 14:28:04,846] Trial 158 finished with value: 0.016691858040363838 and parameters: {'sigma_noise': 0.22614252045486566, 'A_repulsion': 0.034271785633931504, 'gamma': 0.9472831772625525, 'sigma_update': 0.4013359682722514, 'eta_learning': 0.7939803935769205, 'sigma_boundary': 5.045172531277561, 'alpha': 0.7646415320378064}. Best is trial 108 with value: 0.009983300820910866.
[I 2026-03-04 14:28:14,440] Trial 155 finished with value: 0.025834340717109282 and parameters: {'sigma_noise': 0.2216002463308827, 'A_repulsion': 0.16131004099124255, 'gamma': 0.9527743962611055, 'sigma_update': 0.41798500423336277, 'eta_learning': 0.8770518695494699, 'sigma_boundary': 4.802687614455018, 'alpha': 0.7833945942146218}. Best is trial 108 with value: 0.009983300820910866.
[I 2026-03-04 14:28:23,992] Trial 161 finished with value: 0.02317182295691522 and parameters: {'sigma_noise': 0.22114682795027668, 'A_repulsion': 0.04325816718153572, 'gamma': 0.9559304287755924, 'sigma_update': 0.6988793448327448, 'eta_learning': 1.9119063542456638, 'sigma_boundary': 5.11087961243907, 'alpha': 0.789918370613842}. Best is trial 108 with value: 0.009983300820910866.
[I 2026-03-04 14:28:30,882] Trial 163 finished with value: 0.016053111507017655 and parameters: {'sigma_noise': 0.23266186030323507, 'A_repulsion': 0.028086817397436847, 'gamma': 0.9608169090913631, 'sigma_update': 0.39717246845110965, 'eta_learning': 0.8271355195973259, 'sigma_boundary': 5.100977383052915, 'alpha': 0.7853667239136998}. Best is trial 108 with value: 0.009983300820910866.
[I 2026-03-04 14:28:31,329] Trial 160 finished with value: 0.01831778201129912 and parameters: {'sigma_noise': 0.22098390661098175, 'A_repulsion': 0.03931652128926199, 'gamma': 0.9706083213078147, 'sigma_update': 0.3984222341287503, 'eta_learning': 0.7989193538499084, 'sigma_boundary': 5.119860883639134, 'alpha': 0.7805145498068018}. Best is trial 108 with value: 0.009983300820910866.
[I 2026-03-04 14:28:41,105] Trial 162 finished with value: 0.02339519027873503 and parameters: {'sigma_noise': 0.21519631151320703, 'A_repulsion': 0.028802430508070163, 'gamma': 0.9698845619148104, 'sigma_update': 0.2773155497252231, 'eta_learning': 1.9390838656660305, 'sigma_boundary': 5.090717874761461, 'alpha': 0.7886541997105254}. Best is trial 108 with value: 0.009983300820910866.
[I 2026-03-04 14:28:57,829] Trial 165 finished with value: 0.018362984244071533 and parameters: {'sigma_noise': 0.2251964940346461, 'A_repulsion': 0.027727292733573623, 'gamma': 0.9582650807404984, 'sigma_update': 0.408367941664944, 'eta_learning': 0.7913442387129151, 'sigma_boundary': 5.04478246559843, 'alpha': 0.7996700821740437}. Best is trial 108 with value: 0.009983300820910866.
[I 2026-03-04 14:30:16,831] Trial 164 finished with value: 0.045935830326732194 and parameters: {'sigma_noise': 0.23103336430795463, 'A_repulsion': 0.21660742154246937, 'gamma': 0.946464480230769, 'sigma_update': 0.24757577503918934, 'eta_learning': 0.7667636323124881, 'sigma_boundary': 5.063911675985619, 'alpha': 0.8020071354775291}. Best is trial 108 with value: 0.009983300820910866.
[I 2026-03-04 14:30:37,770] Trial 166 finished with value: 0.05597749104927531 and parameters: {'sigma_noise': 0.22448668068980182, 'A_repulsion': 0.2232880838114446, 'gamma': 0.4020633026770928, 'sigma_update': 0.4160080211440762, 'eta_learning': 0.7936523115381849, 'sigma_boundary': 5.0957912579445885, 'alpha': 0.8034363754984103}. Best is trial 108 with value: 0.009983300820910866.
[I 2026-03-04 14:31:22,777] Trial 167 finished with value: 0.04900325277396771 and parameters: {'sigma_noise': 0.22516260274626382, 'A_repulsion': 0.21690148103814522, 'gamma': 0.9624215619829773, 'sigma_update': 0.24660403870508102, 'eta_learning': 1.9237153573023515, 'sigma_boundary': 5.117455007972894, 'alpha': 0.8072005346375367}. Best is trial 108 with value: 0.009983300820910866.
[I 2026-03-04 14:33:28,169] Trial 168 finished with value: 0.01851306335629667 and parameters: {'sigma_noise': 0.27286566276194874, 'A_repulsion': 0.024134991662422958, 'gamma': 0.9617454079638212, 'sigma_update': 0.2341698809363609, 'eta_learning': 0.7957509852064654, 'sigma_boundary': 5.678001087702981, 'alpha': 0.8027438367245221}. Best is trial 108 with value: 0.009983300820910866.
[I 2026-03-04 14:34:01,081] Trial 169 finished with value: 0.011238845719056739 and parameters: {'sigma_noise': 0.27385543098561027, 'A_repulsion': 0.025901197361780096, 'gamma': 0.964147024693518, 'sigma_update': 0.4125721493466048, 'eta_learning': 0.8024809930179154, 'sigma_boundary': 5.085908690512803, 'alpha': 0.800295982486217}. Best is trial 108 with value: 0.009983300820910866.
[I 2026-03-04 14:34:17,750] Trial 170 finished with value: 0.01749284623952995 and parameters: {'sigma_noise': 0.27471472434704997, 'A_repulsion': 0.023876549621321186, 'gamma': 0.9816098551175411, 'sigma_update': 0.23629612638000935, 'eta_learning': 0.7726443276890259, 'sigma_boundary': 5.064150048237221, 'alpha': 0.7935809921228318}. Best is trial 108 with value: 0.009983300820910866.
[I 2026-03-04 14:34:32,197] Trial 171 finished with value: 0.011307635242563426 and parameters: {'sigma_noise': 0.2747626524026059, 'A_repulsion': 0.024876841426751617, 'gamma': 0.9640669152920582, 'sigma_update': 0.4458493473243459, 'eta_learning': 0.7706220433649728, 'sigma_boundary': 5.130466937327066, 'alpha': 0.8007346606633048}. Best is trial 108 with value: 0.009983300820910866.
[I 2026-03-04 14:34:47,132] Trial 172 finished with value: 0.011650187691205616 and parameters: {'sigma_noise': 0.27515120949105104, 'A_repulsion': 0.024243092821571412, 'gamma': 0.9660208739164403, 'sigma_update': 0.4119977276368829, 'eta_learning': 0.793090494083924, 'sigma_boundary': 5.072138894210715, 'alpha': 0.8043516112566625}. Best is trial 108 with value: 0.009983300820910866.
[I 2026-03-04 14:34:53,996] Trial 173 finished with value: 0.017318106442612245 and parameters: {'sigma_noise': 0.2733020909173716, 'A_repulsion': 0.025119561603800834, 'gamma': 0.969988828863813, 'sigma_update': 0.24820862564631785, 'eta_learning': 0.7480642538256916, 'sigma_boundary': 4.987317539065489, 'alpha': 0.7948557787777252}. Best is trial 108 with value: 0.009983300820910866.
[I 2026-03-04 14:35:20,619] Trial 176 finished with value: 0.014230150699893323 and parameters: {'sigma_noise': 0.24576403189576837, 'A_repulsion': 0.022241547078308912, 'gamma': 0.9812247051385339, 'sigma_update': 0.41847963424438867, 'eta_learning': 0.7968138868472806, 'sigma_boundary': 5.149769024161371, 'alpha': 0.8027190491447473}. Best is trial 108 with value: 0.009983300820910866.
[I 2026-03-04 14:35:23,348] Trial 174 finished with value: 0.015696736237143797 and parameters: {'sigma_noise': 0.2748524178751642, 'A_repulsion': 0.027704571857207868, 'gamma': 0.9678358648508177, 'sigma_update': 0.24084146847750257, 'eta_learning': 1.9058630027799637, 'sigma_boundary': 5.14003711572494, 'alpha': 0.7915330081521624}. Best is trial 108 with value: 0.009983300820910866.
[I 2026-03-04 14:35:26,837] Trial 175 finished with value: 0.013774333082632515 and parameters: {'sigma_noise': 0.2427084102122638, 'A_repulsion': 0.023297404157358665, 'gamma': 0.9703949200841592, 'sigma_update': 0.42484656880452704, 'eta_learning': 0.772135203395, 'sigma_boundary': 5.098581202082546, 'alpha': 0.7925429453671436}. Best is trial 108 with value: 0.009983300820910866.
[I 2026-03-04 14:36:49,623] Trial 179 finished with value: 0.012441036727646522 and parameters: {'sigma_noise': 0.24676093308866298, 'A_repulsion': 0.019295512246052818, 'gamma': 0.9738253349338223, 'sigma_update': 0.4077387598366857, 'eta_learning': 1.9602884558458817, 'sigma_boundary': 5.075774084844591, 'alpha': 0.7950057487302529}. Best is trial 108 with value: 0.009983300820910866.
[I 2026-03-04 14:36:51,612] Trial 178 finished with value: 0.013882260455711476 and parameters: {'sigma_noise': 0.24554970785249833, 'A_repulsion': 0.026023741163911415, 'gamma': 0.9723420971744611, 'sigma_update': 0.41791052690647973, 'eta_learning': 0.7990578304126317, 'sigma_boundary': 5.026192136078697, 'alpha': 0.7957996704089253}. Best is trial 108 with value: 0.009983300820910866.
[I 2026-03-04 14:36:58,672] Trial 177 finished with value: 0.010924501493155148 and parameters: {'sigma_noise': 0.27996882799708717, 'A_repulsion': 0.02184454042346606, 'gamma': 0.9738858227695304, 'sigma_update': 0.41931156838880507, 'eta_learning': 1.9209013531402228, 'sigma_boundary': 5.106607636940549, 'alpha': 0.8029653672731647}. Best is trial 108 with value: 0.009983300820910866.
[I 2026-03-04 14:37:08,384] Trial 180 finished with value: 0.014045592795375877 and parameters: {'sigma_noise': 0.24572234577749383, 'A_repulsion': 0.024349730020178872, 'gamma': 0.982544720350332, 'sigma_update': 0.41535419375333577, 'eta_learning': 1.947701015997105, 'sigma_boundary': 5.174267853570114, 'alpha': 0.8019323781782534}. Best is trial 108 with value: 0.009983300820910866.
[I 2026-03-04 14:37:28,740] Trial 181 finished with value: 0.010293712991044486 and parameters: {'sigma_noise': 0.2746724272153342, 'A_repulsion': 0.02238380276611239, 'gamma': 0.9757436565126164, 'sigma_update': 0.46149442959764997, 'eta_learning': 0.7995117998063959, 'sigma_boundary': 5.135507031862896, 'alpha': 0.8041469681443324}. Best is trial 108 with value: 0.009983300820910866.
[I 2026-03-04 14:37:35,302] Trial 182 finished with value: 0.017715992570033385 and parameters: {'sigma_noise': 0.27920863598105616, 'A_repulsion': 0.02268315644131951, 'gamma': 0.9787373302339443, 'sigma_update': 0.24011608918059607, 'eta_learning': 1.9917827171734228, 'sigma_boundary': 5.1565386531923485, 'alpha': 0.8033300567710593}. Best is trial 108 with value: 0.009983300820910866.
[I 2026-03-04 14:37:43,750] Trial 184 finished with value: 0.0123619016186595 and parameters: {'sigma_noise': 0.2437389007857139, 'A_repulsion': 0.016460282715269167, 'gamma': 0.9753236790380417, 'sigma_update': 0.4430073357571529, 'eta_learning': 2.2854941165036893, 'sigma_boundary': 4.476464255963442, 'alpha': 0.7965319497738534}. Best is trial 108 with value: 0.009983300820910866.
[I 2026-03-04 14:37:45,487] Trial 183 finished with value: 0.0949618699867274 and parameters: {'sigma_noise': 0.24478388458215178, 'A_repulsion': 0.027811057081313297, 'gamma': 0.3864754317076294, 'sigma_update': 0.4525910908774867, 'eta_learning': 1.9520922580249873, 'sigma_boundary': 5.1826581416947155, 'alpha': 0.7941092161273892}. Best is trial 108 with value: 0.009983300820910866.
[I 2026-03-04 14:37:46,868] Trial 186 finished with value: 0.02325032896778584 and parameters: {'sigma_noise': 0.2442293209868847, 'A_repulsion': 0.019332190923833197, 'gamma': 0.9934372337057867, 'sigma_update': 0.24309707430493943, 'eta_learning': 0.4547634565085695, 'sigma_boundary': 5.749672446326012, 'alpha': 0.8087983230796795}. Best is trial 108 with value: 0.009983300820910866.
[I 2026-03-04 14:37:50,721] Trial 185 finished with value: 0.022834695831936425 and parameters: {'sigma_noise': 0.27642499020890765, 'A_repulsion': 0.020083414686989966, 'gamma': 0.9833829202253008, 'sigma_update': 0.2372006178812323, 'eta_learning': 0.3917015759702154, 'sigma_boundary': 4.373655450249761, 'alpha': 0.8074878729921511}. Best is trial 108 with value: 0.009983300820910866.
[I 2026-03-04 14:38:00,379] Trial 187 finished with value: 0.01578874298868098 and parameters: {'sigma_noise': 0.2773298483375201, 'A_repulsion': 0.017841528154592147, 'gamma': 0.9904801684695343, 'sigma_update': 0.24170762972271034, 'eta_learning': 2.050391840736417, 'sigma_boundary': 4.397428741020066, 'alpha': 0.8051553297215751}. Best is trial 108 with value: 0.009983300820910866.
[I 2026-03-04 14:38:26,486] Trial 188 finished with value: 0.01571367129932022 and parameters: {'sigma_noise': 0.2780890013669244, 'A_repulsion': 0.06990113714372527, 'gamma': 0.9984577535243219, 'sigma_update': 0.241335730981377, 'eta_learning': 0.4563089157106341, 'sigma_boundary': 4.43833203816121, 'alpha': 0.7002538601210835}. Best is trial 108 with value: 0.009983300820910866.
[I 2026-03-04 14:38:51,744] Trial 189 finished with value: 0.017989695782451118 and parameters: {'sigma_noise': 0.24527916911234715, 'A_repulsion': 0.021501130707458644, 'gamma': 0.9981891293716882, 'sigma_update': 0.2425108378921817, 'eta_learning': 0.46904176157717475, 'sigma_boundary': 4.363064457690513, 'alpha': 0.7433015042296675}. Best is trial 108 with value: 0.009983300820910866.
[I 2026-03-04 14:39:04,699] Trial 190 finished with value: 0.014967625048742002 and parameters: {'sigma_noise': 0.27813305935895904, 'A_repulsion': 0.017637202042477047, 'gamma': 0.9878250230363417, 'sigma_update': 0.24238569582832942, 'eta_learning': 0.42290374050764024, 'sigma_boundary': 5.739551787861044, 'alpha': 0.7478177715781624}. Best is trial 108 with value: 0.009983300820910866.
[I 2026-03-04 14:39:15,146] Trial 191 finished with value: 0.027179528234046506 and parameters: {'sigma_noise': 0.24385900518778758, 'A_repulsion': 0.019213380716044358, 'gamma': 0.5941769838552053, 'sigma_update': 0.2370861080735715, 'eta_learning': 2.103428820531635, 'sigma_boundary': 4.338555864547997, 'alpha': 0.7527108625024315}. Best is trial 108 with value: 0.009983300820910866.
[I 2026-03-04 14:40:01,389] Trial 193 finished with value: 0.13196979842402223 and parameters: {'sigma_noise': 0.24649275236506235, 'A_repulsion': 0.015087633824658027, 'gamma': 0.991763837990914, 'sigma_update': 0.4380213022417152, 'eta_learning': 0.704318634790526, 'sigma_boundary': 4.451424660100591, 'alpha': 0.40677950524035644}. Best is trial 108 with value: 0.009983300820910866.
