[I 2026-03-04 13:57:01,490] Trial 80 finished with value: 0.03483450473598438 and parameters: {'sigma_noise': 0.31915323473443363, 'A_repulsion': 0.052866064613448026, 'gamma': 0.8920255876933443, 'sigma_update': 0.30922392864143067, 'eta_learning': 0.9605834485540494, 'sigma_boundary': 4.264773437278561, 'alpha': 0.9922210922461853}. Best is trial 57 with value: 0.01255948266832661.
[I 2026-03-04 13:57:21,856] Trial 82 finished with value: 0.035593150180096386 and parameters: {'sigma_noise': 0.30748993905919, 'A_repulsion': 0.05809743416386167, 'gamma': 0.7643742205301183, 'sigma_update': 0.3045480654703939, 'eta_learning': 1.014514790289008, 'sigma_boundary': 4.027773923622013, 'alpha': 0.6783092057518091}. Best is trial 57 with value: 0.01255948266832661.
[I 2026-03-04 13:57:39,679] Trial 83 finished with value: 0.03728734054131192 and parameters: {'sigma_noise': 0.3011033278226399, 'A_repulsion': 0.06297960941940359, 'gamma': 0.6701036070276029, 'sigma_update': 0.30343297795776153, 'eta_learning': 0.9631547568828028, 'sigma_boundary': 3.9828258602852187, 'alpha': 0.9856845201792691}. Best is trial 57 with value: 0.01255948266832661.
[I 2026-03-04 13:58:25,368] Trial 84 finished with value: 0.024821729587232395 and parameters: {'sigma_noise': 0.3020594418540378, 'A_repulsion': 0.06381081810786429, 'gamma': 0.7747496585757886, 'sigma_update': 0.2994086980051819, 'eta_learning': 0.912864126560002, 'sigma_boundary': 3.8111529573070775, 'alpha': 0.9954098278884354}. Best is trial 57 with value: 0.01255948266832661.
[I 2026-03-04 13:58:42,416] Trial 85 finished with value: 0.022550674115864824 and parameters: {'sigma_noise': 0.3019193334898028, 'A_repulsion': 0.07239690028445675, 'gamma': 0.806204686392413, 'sigma_update': 0.2933817518168036, 'eta_learning': 0.6973596842040265, 'sigma_boundary': 4.167528211627692, 'alpha': 0.6767477034579733}. Best is trial 57 with value: 0.01255948266832661.
[I 2026-03-04 13:59:09,839] Trial 86 finished with value: 0.05660570852463093 and parameters: {'sigma_noise': 0.3137915461034908, 'A_repulsion': 0.08128706896861723, 'gamma': 0.6779925762910967, 'sigma_update': 0.2974401771744573, 'eta_learning': 0.6355931095507789, 'sigma_boundary': 8.212255423450472, 'alpha': 0.6758869325870027}. Best is trial 57 with value: 0.01255948266832661.
[I 2026-03-04 13:59:11,523] Trial 91 finished with value: 0.05476476032365164 and parameters: {'sigma_noise': 0.2967342865715772, 'A_repulsion': 0.07983303086311849, 'gamma': 0.7778582786623166, 'sigma_update': 0.3766596349118992, 'eta_learning': 0.6891211673382669, 'sigma_boundary': 3.980741390282643, 'alpha': 0.5631022137066759}. Best is trial 57 with value: 0.01255948266832661.
[I 2026-03-04 13:59:13,736] Trial 87 finished with value: 0.03145762692145898 and parameters: {'sigma_noise': 0.30350852064530404, 'A_repulsion': 0.0831846102636564, 'gamma': 0.7744517338002813, 'sigma_update': 0.2975507640471444, 'eta_learning': 0.6345995073524933, 'sigma_boundary': 6.172386242016558, 'alpha': 0.6564677227501995}. Best is trial 57 with value: 0.01255948266832661.
[I 2026-03-04 13:59:15,749] Trial 90 finished with value: 0.02453180710433761 and parameters: {'sigma_noise': 0.2972341693678404, 'A_repulsion': 0.08718946822803528, 'gamma': 0.7791322526703275, 'sigma_update': 0.3817805760714022, 'eta_learning': 0.5919017947192841, 'sigma_boundary': 6.260779459551407, 'alpha': 0.6656529793656716}. Best is trial 57 with value: 0.01255948266832661.
[I 2026-03-04 13:59:17,554] Trial 88 finished with value: 0.026261369220061573 and parameters: {'sigma_noise': 0.3020089388493249, 'A_repulsion': 0.08331378781690758, 'gamma': 0.7785042209350048, 'sigma_update': 0.37477379169259495, 'eta_learning': 0.6658155197882143, 'sigma_boundary': 3.856520551975681, 'alpha': 0.6758116305410322}. Best is trial 57 with value: 0.01255948266832661.
[I 2026-03-04 13:59:22,310] Trial 89 finished with value: 0.02868856108986315 and parameters: {'sigma_noise': 0.3020987562120793, 'A_repulsion': 0.08676524842978907, 'gamma': 0.7859762992936042, 'sigma_update': 0.3859033554278321, 'eta_learning': 0.7522580896510316, 'sigma_boundary': 6.123431454050361, 'alpha': 0.6596495725921152}. Best is trial 57 with value: 0.01255948266832661.
[I 2026-03-04 13:59:30,970] Trial 94 finished with value: 0.056720235616556036 and parameters: {'sigma_noise': 0.2981017996280781, 'A_repulsion': 0.08459158453622385, 'gamma': 0.7845915589000275, 'sigma_update': 0.38764234980290296, 'eta_learning': 0.680239634332549, 'sigma_boundary': 3.9245922464955467, 'alpha': 0.5660778083934727}. Best is trial 57 with value: 0.01255948266832661.
[I 2026-03-04 13:59:39,193] Trial 92 finished with value: 0.0589967707293064 and parameters: {'sigma_noise': 0.30104755600505345, 'A_repulsion': 0.09135081161813022, 'gamma': 0.7816513889113719, 'sigma_update': 0.37609484648342245, 'eta_learning': 0.641976640572351, 'sigma_boundary': 3.8567683038681073, 'alpha': 0.5582142279355131}. Best is trial 57 with value: 0.01255948266832661.
[I 2026-03-04 13:59:45,985] Trial 93 finished with value: 0.05515624505216318 and parameters: {'sigma_noise': 0.3055528673978479, 'A_repulsion': 0.08731129009709895, 'gamma': 0.7866819414021693, 'sigma_update': 0.32887243843205716, 'eta_learning': 0.633521495698288, 'sigma_boundary': 3.9425254445685147, 'alpha': 0.5620582095263439}. Best is trial 57 with value: 0.01255948266832661.
[I 2026-03-04 14:01:01,072] Trial 95 finished with value: 0.02754820958509592 and parameters: {'sigma_noise': 0.2978991870454665, 'A_repulsion': 0.11450707903454992, 'gamma': 0.7901518002013865, 'sigma_update': 0.3397521059523043, 'eta_learning': 0.6455189696606995, 'sigma_boundary': 3.3908866085985196, 'alpha': 0.658785828487097}. Best is trial 57 with value: 0.01255948266832661.
[I 2026-03-04 14:04:27,169] Trial 96 finished with value: 0.028056645612771842 and parameters: {'sigma_noise': 0.2965980761720254, 'A_repulsion': 0.09028082449823419, 'gamma': 0.7745401852214979, 'sigma_update': 0.3741847529456307, 'eta_learning': 0.5358154224675253, 'sigma_boundary': 3.7454469987717696, 'alpha': 0.6568183167383154}. Best is trial 57 with value: 0.01255948266832661.
[I 2026-03-04 14:05:00,460] Trial 97 finished with value: 0.021353849425413497 and parameters: {'sigma_noise': 0.2935109634745842, 'A_repulsion': 0.08617572419991845, 'gamma': 0.7937697940223709, 'sigma_update': 0.37490806178342706, 'eta_learning': 0.6320076907559695, 'sigma_boundary': 6.051622590902535, 'alpha': 0.6671197185524014}. Best is trial 57 with value: 0.01255948266832661.
[I 2026-03-04 14:05:25,631] Trial 98 finished with value: 0.052191795206428124 and parameters: {'sigma_noise': 0.2909328000157303, 'A_repulsion': 0.08948057217850412, 'gamma': 0.778752852161529, 'sigma_update': 0.37576051191736737, 'eta_learning': 0.5799913429983072, 'sigma_boundary': 3.572975656934556, 'alpha': 0.5581369689742042}. Best is trial 57 with value: 0.01255948266832661.
[I 2026-03-04 14:05:36,621] Trial 99 finished with value: 0.02367929554280975 and parameters: {'sigma_noise': 0.2934110854609815, 'A_repulsion': 0.08516290207785576, 'gamma': 0.7857531363937462, 'sigma_update': 0.37327870884683223, 'eta_learning': 0.6134053269684907, 'sigma_boundary': 6.0165646744968475, 'alpha': 0.6578055576795854}. Best is trial 57 with value: 0.01255948266832661.
[I 2026-03-04 14:05:47,558] Trial 100 finished with value: 0.02110236225142128 and parameters: {'sigma_noise': 0.28847309044189573, 'A_repulsion': 0.08624256248440589, 'gamma': 0.7958871478596697, 'sigma_update': 0.37457272999687596, 'eta_learning': 0.6073272684391159, 'sigma_boundary': 6.081825724622304, 'alpha': 0.6606709544298097}. Best is trial 57 with value: 0.01255948266832661.
[I 2026-03-04 14:06:05,874] Trial 102 finished with value: 0.024473699493619903 and parameters: {'sigma_noise': 0.2969479571526521, 'A_repulsion': 0.08538849774875154, 'gamma': 0.7853185884947067, 'sigma_update': 0.3818944486197118, 'eta_learning': 0.6749769235408116, 'sigma_boundary': 6.0056981963702585, 'alpha': 0.6769832911777242}. Best is trial 57 with value: 0.01255948266832661.
[I 2026-03-04 14:06:09,268] Trial 101 finished with value: 0.028781623095426055 and parameters: {'sigma_noise': 0.2986647521333542, 'A_repulsion': 0.09500280665522531, 'gamma': 0.7836146177291234, 'sigma_update': 0.33528490770065844, 'eta_learning': 0.5888599376095522, 'sigma_boundary': 5.966401200600302, 'alpha': 0.660131710231311}. Best is trial 57 with value: 0.01255948266832661.
[I 2026-03-04 14:06:24,553] Trial 103 finished with value: 0.048493850193771726 and parameters: {'sigma_noise': 0.2899096650698188, 'A_repulsion': 0.0872698106292584, 'gamma': 0.6860340487812406, 'sigma_update': 0.3301848477673916, 'eta_learning': 0.6159933050831654, 'sigma_boundary': 7.158878164940664, 'alpha': 0.6529488804417737}. Best is trial 57 with value: 0.01255948266832661.
[I 2026-03-04 14:06:42,117] Trial 105 finished with value: 0.02140151853725302 and parameters: {'sigma_noise': 0.2919158538192435, 'A_repulsion': 0.08553009602451231, 'gamma': 0.8136966921994815, 'sigma_update': 0.3822227526518377, 'eta_learning': 0.6098740377007257, 'sigma_boundary': 6.002065866305192, 'alpha': 0.6419892964058571}. Best is trial 57 with value: 0.01255948266832661.
[I 2026-03-04 14:06:54,189] Trial 104 finished with value: 0.02033409916243953 and parameters: {'sigma_noise': 0.2906658670216552, 'A_repulsion': 0.08147061451493853, 'gamma': 0.806757470996183, 'sigma_update': 0.3735400481713019, 'eta_learning': 0.5488955879108026, 'sigma_boundary': 7.209013264651642, 'alpha': 0.6516895838067616}. Best is trial 57 with value: 0.01255948266832661.
[I 2026-03-04 14:07:06,886] Trial 106 finished with value: 0.0364815050406211 and parameters: {'sigma_noise': 0.2894431100662192, 'A_repulsion': 0.0821394243344307, 'gamma': 0.8152600196856775, 'sigma_update': 0.33544397104958024, 'eta_learning': 0.6148303697877944, 'sigma_boundary': 5.971944692015192, 'alpha': 0.5606667680377707}. Best is trial 57 with value: 0.01255948266832661.
[I 2026-03-04 14:07:32,872] Trial 107 finished with value: 0.04173500038852887 and parameters: {'sigma_noise': 0.289334986459326, 'A_repulsion': 0.08883414718893519, 'gamma': 0.8062505114687231, 'sigma_update': 0.33401118103676103, 'eta_learning': 0.6753309430811801, 'sigma_boundary': 5.467332463684587, 'alpha': 0.5577832868324862}. Best is trial 57 with value: 0.01255948266832661.
[I 2026-03-04 14:07:51,406] Trial 108 finished with value: 0.009983300820910866 and parameters: {'sigma_noise': 0.26021705801108125, 'A_repulsion': 0.08557598004691422, 'gamma': 0.9286809821781092, 'sigma_update': 0.3333493728394351, 'eta_learning': 0.7191739141650635, 'sigma_boundary': 7.142981300617512, 'alpha': 0.649138129053945}. Best is trial 108 with value: 0.009983300820910866.
[I 2026-03-04 14:08:27,167] Trial 109 finished with value: 0.020781665147041502 and parameters: {'sigma_noise': 0.2830716544736258, 'A_repulsion': 0.0895424177923573, 'gamma': 0.9203719851281815, 'sigma_update': 0.37113944539633853, 'eta_learning': 0.5851005097713651, 'sigma_boundary': 5.952298875896134, 'alpha': 0.8357775959076962}. Best is trial 108 with value: 0.009983300820910866.
[I 2026-03-04 14:08:45,433] Trial 110 finished with value: 0.020786762545931238 and parameters: {'sigma_noise': 0.2585169379019953, 'A_repulsion': 0.09606443053300608, 'gamma': 0.9146308579269478, 'sigma_update': 0.3294498965545265, 'eta_learning': 1.106128173944331, 'sigma_boundary': 5.414074107650197, 'alpha': 0.557049910709056}. Best is trial 108 with value: 0.009983300820910866.
[I 2026-03-04 14:08:51,964] Trial 111 finished with value: 0.02503653718913143 and parameters: {'sigma_noise': 0.2533288300241707, 'A_repulsion': 0.1171447680331537, 'gamma': 0.9176385058801995, 'sigma_update': 0.3695559842892365, 'eta_learning': 1.1012441160958875, 'sigma_boundary': 7.137651288704539, 'alpha': 0.8426877584037037}. Best is trial 108 with value: 0.009983300820910866.
[I 2026-03-04 14:08:54,034] Trial 113 finished with value: 0.02382546463243751 and parameters: {'sigma_noise': 0.2601519013010052, 'A_repulsion': 0.11556562796564226, 'gamma': 0.919544369728517, 'sigma_update': 0.334343596611056, 'eta_learning': 1.1134671878489495, 'sigma_boundary': 5.492706953128332, 'alpha': 0.8348336309912041}. Best is trial 108 with value: 0.009983300820910866.
[I 2026-03-04 14:08:57,292] Trial 112 finished with value: 0.024560550283333534 and parameters: {'sigma_noise': 0.25772976944167747, 'A_repulsion': 0.11707776295089325, 'gamma': 0.9184855738352566, 'sigma_update': 0.3654440448914918, 'eta_learning': 1.0872468807955233, 'sigma_boundary': 7.172440546459259, 'alpha': 0.8381947690192687}. Best is trial 108 with value: 0.009983300820910866.
[I 2026-03-04 14:09:09,143] Trial 115 finished with value: 0.024847902321336227 and parameters: {'sigma_noise': 0.2577890960876191, 'A_repulsion': 0.13047306032804754, 'gamma': 0.9176907328592044, 'sigma_update': 0.33330936868506983, 'eta_learning': 1.1288435771634497, 'sigma_boundary': 7.076802432348859, 'alpha': 0.8284586988990799}. Best is trial 108 with value: 0.009983300820910866.
[I 2026-03-04 14:09:15,241] Trial 117 finished with value: 0.0249183205531619 and parameters: {'sigma_noise': 0.2551044356452522, 'A_repulsion': 0.1176927219270355, 'gamma': 0.91856060588486, 'sigma_update': 0.33306575679187755, 'eta_learning': 1.113686184509804, 'sigma_boundary': 7.269791445799587, 'alpha': 0.8294013006274199}. Best is trial 108 with value: 0.009983300820910866.
[I 2026-03-04 14:09:16,718] Trial 114 finished with value: 0.024448710229101986 and parameters: {'sigma_noise': 0.2859199003745769, 'A_repulsion': 0.10279103125553525, 'gamma': 0.9239625235012442, 'sigma_update': 0.35240399492005664, 'eta_learning': 0.5194106254025348, 'sigma_boundary': 5.448569653405982, 'alpha': 0.8481253333650536}. Best is trial 108 with value: 0.009983300820910866.
[I 2026-03-04 14:09:22,656] Trial 118 finished with value: 0.025453033970189047 and parameters: {'sigma_noise': 0.2550909786055924, 'A_repulsion': 0.1170828023483315, 'gamma': 0.9158781861824705, 'sigma_update': 0.33510348042801485, 'eta_learning': 1.0972230881672567, 'sigma_boundary': 7.229895706598405, 'alpha': 0.8341978893454863}. Best is trial 108 with value: 0.009983300820910866.
[I 2026-03-04 14:10:03,292] Trial 116 finished with value: 0.03314438355064904 and parameters: {'sigma_noise': 0.3410776299070529, 'A_repulsion': 0.11450243648865138, 'gamma': 0.9139462014417054, 'sigma_update': 0.3322258022283752, 'eta_learning': 1.1399051166160103, 'sigma_boundary': 5.473812900404763, 'alpha': 0.8489014506990811}. Best is trial 108 with value: 0.009983300820910866.
[I 2026-03-04 14:10:54,953] Trial 119 finished with value: 0.027817721699138223 and parameters: {'sigma_noise': 0.25637857191768054, 'A_repulsion': 0.12174828774291863, 'gamma': 0.9241175413153271, 'sigma_update': 0.33502911344822434, 'eta_learning': 1.102118203991963, 'sigma_boundary': 5.448635262310217, 'alpha': 0.8490966742738708}. Best is trial 108 with value: 0.009983300820910866.
[I 2026-03-04 14:14:10,644] Trial 120 finished with value: 0.01846481981609378 and parameters: {'sigma_noise': 0.25978269820041977, 'A_repulsion': 0.1268816776704813, 'gamma': 0.9144867507693644, 'sigma_update': 0.3341036747149425, 'eta_learning': 1.1210030690024435, 'sigma_boundary': 5.459696671816914, 'alpha': 0.769664100797929}. Best is trial 108 with value: 0.009983300820910866.
[I 2026-03-04 14:14:55,935] Trial 121 finished with value: 0.0280807325216404 and parameters: {'sigma_noise': 0.25867316192226497, 'A_repulsion': 0.1256726011393876, 'gamma': 0.9306856158322454, 'sigma_update': 0.32830798337368594, 'eta_learning': 1.106668206121935, 'sigma_boundary': 7.175732504141589, 'alpha': 0.8447267408084742}. Best is trial 108 with value: 0.009983300820910866.
[I 2026-03-04 14:15:05,744] Trial 126 finished with value: 0.017285174828347093 and parameters: {'sigma_noise': 0.25992690700477816, 'A_repulsion': 0.03397150144337564, 'gamma': 0.9267231022207303, 'sigma_update': 0.3484771183103308, 'eta_learning': 1.136231183417383, 'sigma_boundary': 7.210802284635961, 'alpha': 0.8422745204785157}. Best is trial 108 with value: 0.009983300820910866.
[I 2026-03-04 14:15:11,350] Trial 122 finished with value: 0.026408660203865505 and parameters: {'sigma_noise': 0.25972759850045574, 'A_repulsion': 0.1273413907147115, 'gamma': 0.9275428385168701, 'sigma_update': 0.33126427627028276, 'eta_learning': 1.1039804924325691, 'sigma_boundary': 7.096998582632136, 'alpha': 0.838989031496725}. Best is trial 108 with value: 0.009983300820910866.
[I 2026-03-04 14:15:26,278] Trial 123 finished with value: 0.02380277698427545 and parameters: {'sigma_noise': 0.3449613502087915, 'A_repulsion': 0.03657589325121689, 'gamma': 0.9106715526166409, 'sigma_update': 0.3328994062539185, 'eta_learning': 1.135340051181458, 'sigma_boundary': 7.208442072555556, 'alpha': 0.8332202303508176}. Best is trial 108 with value: 0.009983300820910866.
[I 2026-03-04 14:15:54,757] Trial 125 finished with value: 0.024238939059455407 and parameters: {'sigma_noise': 0.2594295116927317, 'A_repulsion': 0.1178494859581302, 'gamma': 0.9309073057753159, 'sigma_update': 0.33834186627789437, 'eta_learning': 1.0681729226350567, 'sigma_boundary': 5.3404566945568295, 'alpha': 0.8333273676759574}. Best is trial 108 with value: 0.009983300820910866.
[I 2026-03-04 14:15:57,966] Trial 129 finished with value: 0.016075213139019544 and parameters: {'sigma_noise': 0.2613482389313048, 'A_repulsion': 0.033974699922223454, 'gamma': 0.9133039189282413, 'sigma_update': 0.3485224560189111, 'eta_learning': 1.0994477726020724, 'sigma_boundary': 5.397268623783647, 'alpha': 0.8236097183477987}. Best is trial 108 with value: 0.009983300820910866.
[I 2026-03-04 14:16:24,398] Trial 128 finished with value: 0.016722860572569664 and parameters: {'sigma_noise': 0.2569651933062364, 'A_repulsion': 0.1334500915984031, 'gamma': 0.9142048235784831, 'sigma_update': 0.35841374771741, 'eta_learning': 1.1380614802956033, 'sigma_boundary': 5.565006804344054, 'alpha': 0.7594685963107943}. Best is trial 108 with value: 0.009983300820910866.
[I 2026-03-04 14:16:32,798] Trial 124 finished with value: 0.03220382847886821 and parameters: {'sigma_noise': 0.3426863071596015, 'A_repulsion': 0.11715920179544058, 'gamma': 0.9150321575113523, 'sigma_update': 0.3330326341511918, 'eta_learning': 1.1155359533125517, 'sigma_boundary': 7.134827386700389, 'alpha': 0.8321534251252667}. Best is trial 108 with value: 0.009983300820910866.
[I 2026-03-04 14:17:15,583] Trial 127 finished with value: 0.03171723883722941 and parameters: {'sigma_noise': 0.3447148753939706, 'A_repulsion': 0.12408847162366529, 'gamma': 0.9127521109263057, 'sigma_update': 0.3547146461137102, 'eta_learning': 1.1301125748906058, 'sigma_boundary': 5.3625230972377755, 'alpha': 0.8339835941832201}. Best is trial 108 with value: 0.009983300820910866.
[I 2026-03-04 14:17:52,042] Trial 132 finished with value: 0.023612569304472614 and parameters: {'sigma_noise': 0.2722344038679172, 'A_repulsion': 0.13274161993772465, 'gamma': 0.9144404036034767, 'sigma_update': 0.3461225713891762, 'eta_learning': 1.1485425526101691, 'sigma_boundary': 4.6678431966496365, 'alpha': 0.8220604189459267}. Best is trial 108 with value: 0.009983300820910866.
[I 2026-03-04 14:17:53,661] Trial 130 finished with value: 0.03139820898115068 and parameters: {'sigma_noise': 0.3405969843898227, 'A_repulsion': 0.11848915365398029, 'gamma': 0.924445588618923, 'sigma_update': 0.3224980098806373, 'eta_learning': 1.0921963753301356, 'sigma_boundary': 5.448928235405225, 'alpha': 0.8433647522976723}. Best is trial 108 with value: 0.009983300820910866.
[I 2026-03-04 14:18:14,105] Trial 136 finished with value: 0.011099410933381152 and parameters: {'sigma_noise': 0.269697923127355, 'A_repulsion': 0.03805048235039776, 'gamma': 0.8355679478241049, 'sigma_update': 0.35521072675565846, 'eta_learning': 0.8746432642210077, 'sigma_boundary': 4.848257290419124, 'alpha': 0.7700986893735452}. Best is trial 108 with value: 0.009983300820910866.
[I 2026-03-04 14:18:18,155] Trial 133 finished with value: 0.023917038085073228 and parameters: {'sigma_noise': 0.2583576137857013, 'A_repulsion': 0.1173975241880646, 'gamma': 0.9148631954509725, 'sigma_update': 0.35020139494080954, 'eta_learning': 1.1064925054311374, 'sigma_boundary': 7.15960007347223, 'alpha': 0.8266062710721838}. Best is trial 108 with value: 0.009983300820910866.
[I 2026-03-04 14:18:37,616] Trial 139 finished with value: 0.014244151317789387 and parameters: {'sigma_noise': 0.27224343635214115, 'A_repulsion': 0.03912245378435164, 'gamma': 0.9491893558882581, 'sigma_update': 0.287116852114674, 'eta_learning': 0.794858828121242, 'sigma_boundary': 5.195623719030562, 'alpha': 0.7739283722848517}. Best is trial 108 with value: 0.009983300820910866.
[I 2026-03-04 14:18:42,398] Trial 131 finished with value: 0.032490725261315835 and parameters: {'sigma_noise': 0.3450427762954753, 'A_repulsion': 0.1311380941025349, 'gamma': 0.917912184563331, 'sigma_update': 0.3549179772559082, 'eta_learning': 1.1222522726553932, 'sigma_boundary': 4.751296077165181, 'alpha': 0.8373047798766289}. Best is trial 108 with value: 0.009983300820910866.
[I 2026-03-04 14:18:59,079] Trial 140 finished with value: 0.013167239319796388 and parameters: {'sigma_noise': 0.275105897470696, 'A_repulsion': 0.03924866972192205, 'gamma': 0.8352265027147331, 'sigma_update': 0.28295640865094956, 'eta_learning': 0.7415819710782103, 'sigma_boundary': 5.00672178489795, 'alpha': 0.7713017404366131}. Best is trial 108 with value: 0.009983300820910866.
