[I 2026-03-04 12:27:31,484] Trial 56 finished with value: 0.03699892588985207 and parameters: {'sigma_noise': 0.19587866260780318, 'A_repulsion': 0.15027821223412313, 'gamma': 0.6060781029503896, 'sigma_update': 0.579023679791475, 'eta_learning': 1.7658368540047382, 'sigma_boundary': 1.3850203315809864, 'alpha': 0.8444720180446783}. Best is trial 44 with value: 0.026224553949969302.
[I 2026-03-04 12:27:32,653] Trial 57 finished with value: 0.04953604174847127 and parameters: {'sigma_noise': 0.20460770034549158, 'A_repulsion': 0.14343472388129264, 'gamma': 0.8337756482990328, 'sigma_update': 0.5435006090917525, 'eta_learning': 1.5842252229880878, 'sigma_boundary': 1.131918051628027, 'alpha': 0.8515808576425743}. Best is trial 44 with value: 0.026224553949969302.
[I 2026-03-04 12:27:35,031] Trial 55 finished with value: 0.052333884956925564 and parameters: {'sigma_noise': 0.20306875697227225, 'A_repulsion': 0.15112200639625284, 'gamma': 0.8299119889803503, 'sigma_update': 0.5640127466668753, 'eta_learning': 1.7756716992899284, 'sigma_boundary': 1.2336048811453102, 'alpha': 0.8702950050914412}. Best is trial 44 with value: 0.026224553949969302.
[I 2026-03-04 12:27:37,878] Trial 59 finished with value: 0.0362039182446802 and parameters: {'sigma_noise': 0.20024332947680454, 'A_repulsion': 0.1394148096718326, 'gamma': 0.5915714590337805, 'sigma_update': 0.531342300510121, 'eta_learning': 1.5857254253106925, 'sigma_boundary': 0.9332704403392, 'alpha': 0.8567300787350747}. Best is trial 44 with value: 0.026224553949969302.
[I 2026-03-04 12:27:51,189] Trial 60 finished with value: 0.06540851676998555 and parameters: {'sigma_noise': 0.19380996140114437, 'A_repulsion': 0.155642232603554, 'gamma': 0.8563348111484356, 'sigma_update': 0.5203816695720007, 'eta_learning': 1.5888727828598013, 'sigma_boundary': 1.2213597511999672, 'alpha': 0.8721429436651869}. Best is trial 44 with value: 0.026224553949969302.
[I 2026-03-04 12:28:07,499] Trial 61 finished with value: 0.2837033039371819 and parameters: {'sigma_noise': 0.21191717593107234, 'A_repulsion': 0.16598808833880055, 'gamma': 0.865729520242612, 'sigma_update': 0.5233344963764763, 'eta_learning': 2.3175065758171822, 'sigma_boundary': 7.788854310742167, 'alpha': 0.4371782856213475}. Best is trial 44 with value: 0.026224553949969302.
[I 2026-03-04 12:28:35,282] Trial 62 finished with value: 0.05000076633569869 and parameters: {'sigma_noise': 0.20926096574868558, 'A_repulsion': 0.15089314715261815, 'gamma': 0.836715365764307, 'sigma_update': 0.5168562793405741, 'eta_learning': 1.5135344922969274, 'sigma_boundary': 9.9827343271133, 'alpha': 0.8579424299929009}. Best is trial 44 with value: 0.026224553949969302.
[I 2026-03-04 12:29:10,135] Trial 63 finished with value: 0.04741459551955793 and parameters: {'sigma_noise': 0.21025993000995724, 'A_repulsion': 0.10364393893098146, 'gamma': 0.5774234214245558, 'sigma_update': 0.5175353594706926, 'eta_learning': 2.253502900813322, 'sigma_boundary': 7.695238364580507, 'alpha': 0.8576373578679937}. Best is trial 44 with value: 0.026224553949969302.
[I 2026-03-04 12:29:47,026] Trial 68 finished with value: 0.1312719237650669 and parameters: {'sigma_noise': 0.20486512483006183, 'A_repulsion': 0.10122778656768233, 'gamma': 0.42221311381398263, 'sigma_update': 0.6421911243134386, 'eta_learning': 1.4678515092843454, 'sigma_boundary': 7.650638500196301, 'alpha': 0.8642186112969368}. Best is trial 44 with value: 0.026224553949969302.
[I 2026-03-04 12:29:56,175] Trial 64 finished with value: 0.0611144163813426 and parameters: {'sigma_noise': 0.21041365093710515, 'A_repulsion': 0.13087013461041813, 'gamma': 0.8579102283355942, 'sigma_update': 0.505153701520129, 'eta_learning': 1.5403319481481414, 'sigma_boundary': 0.71581191449489, 'alpha': 0.8714175901930495}. Best is trial 44 with value: 0.026224553949969302.
[I 2026-03-04 12:29:56,516] Trial 67 finished with value: 0.06665164652355518 and parameters: {'sigma_noise': 0.2007826831286052, 'A_repulsion': 0.10258982916279742, 'gamma': 0.5356335677869513, 'sigma_update': 0.6327070723852163, 'eta_learning': 2.3121964882003474, 'sigma_boundary': 8.193479596786819, 'alpha': 0.8583672668606095}. Best is trial 44 with value: 0.026224553949969302.
[I 2026-03-04 12:30:00,032] Trial 69 finished with value: 0.042321900339728824 and parameters: {'sigma_noise': 0.19761145635848582, 'A_repulsion': 0.09996580634492111, 'gamma': 0.5533256071713922, 'sigma_update': 0.5449195683495102, 'eta_learning': 2.3155078531314826, 'sigma_boundary': 0.9106993240262957, 'alpha': 0.8681730277851232}. Best is trial 44 with value: 0.026224553949969302.
[I 2026-03-04 12:30:01,971] Trial 66 finished with value: 0.05163839198669429 and parameters: {'sigma_noise': 0.20871174699156528, 'A_repulsion': 0.10874186313979967, 'gamma': 0.5757516989405599, 'sigma_update': 0.6404692672504199, 'eta_learning': 2.3884551373645553, 'sigma_boundary': 7.745102419624866, 'alpha': 0.8693036451023516}. Best is trial 44 with value: 0.026224553949969302.
[I 2026-03-04 12:30:14,141] Trial 65 finished with value: 0.03697645608418416 and parameters: {'sigma_noise': 0.2121154544181443, 'A_repulsion': 0.11275543036248678, 'gamma': 0.5902670832203659, 'sigma_update': 0.5253788198553784, 'eta_learning': 2.2765999321581902, 'sigma_boundary': 0.8541893454333338, 'alpha': 0.8796874113029773}. Best is trial 44 with value: 0.026224553949969302.
[I 2026-03-04 12:30:32,962] Trial 70 finished with value: 0.06580270668073401 and parameters: {'sigma_noise': 0.2038277597996508, 'A_repulsion': 0.10434674240690238, 'gamma': 0.5477572959914547, 'sigma_update': 0.6429966844749017, 'eta_learning': 1.405228458110939, 'sigma_boundary': 7.666604610203934, 'alpha': 0.8385969470219717}. Best is trial 44 with value: 0.026224553949969302.
[I 2026-03-04 12:30:47,893] Trial 71 finished with value: 0.057957483090460706 and parameters: {'sigma_noise': 0.2079543801463255, 'A_repulsion': 0.10882333556236648, 'gamma': 0.5476378275102257, 'sigma_update': 0.6362431914143537, 'eta_learning': 2.2904597632577577, 'sigma_boundary': 7.695001701019894, 'alpha': 0.8679601187729685}. Best is trial 44 with value: 0.026224553949969302.
[I 2026-03-04 12:35:30,019] Trial 72 finished with value: 0.059701985805155317 and parameters: {'sigma_noise': 0.21759220880865704, 'A_repulsion': 0.09883975566387201, 'gamma': 0.5478546255106926, 'sigma_update': 0.550973623240303, 'eta_learning': 2.3552696494603724, 'sigma_boundary': 7.676380662198976, 'alpha': 0.8616952832608563}. Best is trial 44 with value: 0.026224553949969302.
[I 2026-03-04 12:35:54,415] Trial 74 finished with value: 0.04905662951278327 and parameters: {'sigma_noise': 0.2110517321200205, 'A_repulsion': 0.08489138673813343, 'gamma': 0.5483173310329024, 'sigma_update': 0.5459286217351903, 'eta_learning': 1.4686637044750925, 'sigma_boundary': 0.6003904242757727, 'alpha': 0.8600445593318391}. Best is trial 44 with value: 0.026224553949969302.
[I 2026-03-04 12:36:06,248] Trial 73 finished with value: 0.05673626221363928 and parameters: {'sigma_noise': 0.2096368079679112, 'A_repulsion': 0.10401323214282411, 'gamma': 0.5366303069701366, 'sigma_update': 0.5353419410349632, 'eta_learning': 1.4696670156679672, 'sigma_boundary': 2.4619312953911097, 'alpha': 0.8580389274276}. Best is trial 44 with value: 0.026224553949969302.
[I 2026-03-04 12:36:09,314] Trial 83 finished with value: 0.04153411923733131 and parameters: {'sigma_noise': 0.15626641957344156, 'A_repulsion': 0.08993230306104362, 'gamma': 0.5414162777344241, 'sigma_update': 0.49921583036365413, 'eta_learning': 1.4716757816099413, 'sigma_boundary': 0.40966475591327745, 'alpha': 0.7792561909198508}. Best is trial 44 with value: 0.026224553949969302.
[I 2026-03-04 12:36:13,079] Trial 75 finished with value: 0.05666932316787717 and parameters: {'sigma_noise': 0.20776207207109093, 'A_repulsion': 0.10145137129917245, 'gamma': 0.5429146359277097, 'sigma_update': 0.6409651488881493, 'eta_learning': 2.3350157525719464, 'sigma_boundary': 0.9100681507671586, 'alpha': 0.8508843575556473}. Best is trial 44 with value: 0.026224553949969302.
[I 2026-03-04 12:36:33,333] Trial 80 finished with value: 0.10055021011234748 and parameters: {'sigma_noise': 0.15920314809455777, 'A_repulsion': 0.08773494425199459, 'gamma': 0.4396479236842563, 'sigma_update': 0.6515175537415285, 'eta_learning': 2.373518409184771, 'sigma_boundary': 1.022136513553054, 'alpha': 0.780164672398953}. Best is trial 44 with value: 0.026224553949969302.
[I 2026-03-04 12:36:35,046] Trial 76 finished with value: 0.04633615439151264 and parameters: {'sigma_noise': 0.20719943621821643, 'A_repulsion': 0.10206955766384451, 'gamma': 0.5651295042588688, 'sigma_update': 0.49813456484795515, 'eta_learning': 1.4927064380569157, 'sigma_boundary': 0.8950594022969072, 'alpha': 0.8283396965025598}. Best is trial 44 with value: 0.026224553949969302.
[I 2026-03-04 12:36:46,920] Trial 79 finished with value: 0.05141286304305351 and parameters: {'sigma_noise': 0.14803902910770214, 'A_repulsion': 0.10399769159345848, 'gamma': 0.5453259605282902, 'sigma_update': 0.6471515951873649, 'eta_learning': 2.359332509168489, 'sigma_boundary': 0.9071694663437447, 'alpha': 0.7837204585044159}. Best is trial 44 with value: 0.026224553949969302.
[I 2026-03-04 12:36:48,699] Trial 78 finished with value: 0.08185155095782626 and parameters: {'sigma_noise': 0.22464935212623116, 'A_repulsion': 0.0900066907401599, 'gamma': 0.5521478512726191, 'sigma_update': 0.641151881156564, 'eta_learning': 1.700844790243388, 'sigma_boundary': 0.9187357040326315, 'alpha': 0.7735089820023925}. Best is trial 44 with value: 0.026224553949969302.
[I 2026-03-04 12:37:00,570] Trial 77 finished with value: 0.05025599982033573 and parameters: {'sigma_noise': 0.20818526179881794, 'A_repulsion': 0.08888597150954759, 'gamma': 0.551227101400775, 'sigma_update': 0.4899935306170219, 'eta_learning': 2.337491350027, 'sigma_boundary': 0.7865251518414995, 'alpha': 0.8096688346978264}. Best is trial 44 with value: 0.026224553949969302.
[I 2026-03-04 12:37:12,282] Trial 85 finished with value: 0.049786265552721025 and parameters: {'sigma_noise': 0.15446438554671704, 'A_repulsion': 0.09727390162658159, 'gamma': 0.5460218599782048, 'sigma_update': 0.647531325759994, 'eta_learning': 1.9609893149775115, 'sigma_boundary': 0.8839665175884519, 'alpha': 0.795292563862106}. Best is trial 44 with value: 0.026224553949969302.
[I 2026-03-04 12:37:14,001] Trial 82 finished with value: 0.09623733387936739 and parameters: {'sigma_noise': 0.2239388276963613, 'A_repulsion': 0.08710407024830506, 'gamma': 0.5328370006563786, 'sigma_update': 0.647097211195368, 'eta_learning': 2.300379013710343, 'sigma_boundary': 0.8068887095654943, 'alpha': 0.7739756013068886}. Best is trial 44 with value: 0.026224553949969302.
[I 2026-03-04 12:37:18,946] Trial 81 finished with value: 0.08117738741481255 and parameters: {'sigma_noise': 0.22346337763657526, 'A_repulsion': 0.09349371782621167, 'gamma': 0.544407140388051, 'sigma_update': 0.6474913176032937, 'eta_learning': 2.326760346016256, 'sigma_boundary': 0.5634928110415837, 'alpha': 0.781615275484453}. Best is trial 44 with value: 0.026224553949969302.
[I 2026-03-04 12:37:40,108] Trial 84 finished with value: 0.08581246401231363 and parameters: {'sigma_noise': 0.22449049213679934, 'A_repulsion': 0.0969425345353116, 'gamma': 0.5399454803935001, 'sigma_update': 0.6455434383581986, 'eta_learning': 1.9856596791826688, 'sigma_boundary': 0.7429559403654108, 'alpha': 0.7862894137510812}. Best is trial 44 with value: 0.026224553949969302.
[I 2026-03-04 12:37:56,194] Trial 86 finished with value: 0.05328237916399491 and parameters: {'sigma_noise': 0.16251073547561315, 'A_repulsion': 0.10653049629065113, 'gamma': 0.5462330506401065, 'sigma_update': 0.6448806553048505, 'eta_learning': 2.3559487113393742, 'sigma_boundary': 0.7517157412359224, 'alpha': 0.7788408451562503}. Best is trial 44 with value: 0.026224553949969302.
[I 2026-03-04 12:38:40,250] Trial 87 finished with value: 0.07658290893480096 and parameters: {'sigma_noise': 0.1762597704888541, 'A_repulsion': 0.07488345524465946, 'gamma': 0.5331878435838161, 'sigma_update': 0.6476426990352655, 'eta_learning': 1.9708129024475567, 'sigma_boundary': 0.7622321571759333, 'alpha': 0.7309552691279699}. Best is trial 44 with value: 0.026224553949969302.
[I 2026-03-04 12:39:02,565] Trial 88 finished with value: 0.052515395918017446 and parameters: {'sigma_noise': 0.16118945921653355, 'A_repulsion': 0.07452810564622692, 'gamma': 0.541219918428315, 'sigma_update': 0.6527236760970021, 'eta_learning': 1.985847818241293, 'sigma_boundary': 0.7763339896108862, 'alpha': 0.7655562688321369}. Best is trial 44 with value: 0.026224553949969302.
[I 2026-03-04 12:39:04,377] Trial 91 finished with value: 0.03853380971232798 and parameters: {'sigma_noise': 0.16219666261894247, 'A_repulsion': 0.06674705143423962, 'gamma': 0.6422552149971414, 'sigma_update': 0.4885223340045441, 'eta_learning': 1.9762529963301063, 'sigma_boundary': 0.23743522295617647, 'alpha': 0.7745032418451703}. Best is trial 44 with value: 0.026224553949969302.
[I 2026-03-04 12:39:07,842] Trial 90 finished with value: 0.039023316905345565 and parameters: {'sigma_noise': 0.15586607786231668, 'A_repulsion': 0.068916647098577, 'gamma': 0.6345975526965163, 'sigma_update': 0.6606638096241342, 'eta_learning': 1.9868202932670018, 'sigma_boundary': 0.21394438343350286, 'alpha': 0.78348798989501}. Best is trial 44 with value: 0.026224553949969302.
[I 2026-03-04 12:39:15,904] Trial 89 finished with value: 0.04914305498171988 and parameters: {'sigma_noise': 0.1608933965461945, 'A_repulsion': 0.06558289874103591, 'gamma': 0.5276809129232589, 'sigma_update': 0.6485697377963435, 'eta_learning': 1.9135294011547712, 'sigma_boundary': 0.30267409138422696, 'alpha': 0.7625059106350531}. Best is trial 44 with value: 0.026224553949969302.
[I 2026-03-04 12:39:28,133] Trial 94 finished with value: 0.04035367360538203 and parameters: {'sigma_noise': 0.1576321367571863, 'A_repulsion': 0.0702048419902933, 'gamma': 0.6385644824272173, 'sigma_update': 0.48385767158019455, 'eta_learning': 1.7120484928059847, 'sigma_boundary': 0.2992808768494988, 'alpha': 0.7826655257372495}. Best is trial 44 with value: 0.026224553949969302.
[I 2026-03-04 12:39:32,628] Trial 93 finished with value: 0.03789775188516592 and parameters: {'sigma_noise': 0.1656360174651018, 'A_repulsion': 0.0708065267216548, 'gamma': 0.6402646454719894, 'sigma_update': 0.48487583462022316, 'eta_learning': 1.9396140719250037, 'sigma_boundary': 0.44761879169179175, 'alpha': 0.7812477266240356}. Best is trial 44 with value: 0.026224553949969302.
[I 2026-03-04 12:39:33,203] Trial 92 finished with value: 0.0349174882946223 and parameters: {'sigma_noise': 0.16083913653880563, 'A_repulsion': 0.07237519248325275, 'gamma': 0.6355907327499498, 'sigma_update': 0.6134411896922277, 'eta_learning': 1.9800076990753208, 'sigma_boundary': 0.2867882389929528, 'alpha': 0.7776249358672073}. Best is trial 44 with value: 0.026224553949969302.
[I 2026-03-04 12:40:00,884] Trial 95 finished with value: 0.0380145952647417 and parameters: {'sigma_noise': 0.16625568429611942, 'A_repulsion': 0.07926158329861739, 'gamma': 0.6376351516479156, 'sigma_update': 0.6104100975886237, 'eta_learning': 1.9867720428504811, 'sigma_boundary': 0.338976408310403, 'alpha': 0.7859155700180472}. Best is trial 44 with value: 0.026224553949969302.
[I 2026-03-04 12:44:40,056] Trial 96 finished with value: 0.038168234858305256 and parameters: {'sigma_noise': 0.16396760389542825, 'A_repulsion': 0.0747856595747001, 'gamma': 0.628368934199847, 'sigma_update': 0.6081279043067366, 'eta_learning': 1.9788725641898492, 'sigma_boundary': 0.33155640186675517, 'alpha': 0.7508806643743027}. Best is trial 44 with value: 0.026224553949969302.
[I 2026-03-04 12:44:59,005] Trial 101 finished with value: 0.0362300992020032 and parameters: {'sigma_noise': 0.14021039025630488, 'A_repulsion': 0.062205335827737, 'gamma': 0.6364762914602176, 'sigma_update': 0.6160864669323293, 'eta_learning': 1.9895192460631197, 'sigma_boundary': 0.13535982234861144, 'alpha': 0.7433547878395758}. Best is trial 44 with value: 0.026224553949969302.
[I 2026-03-04 12:44:59,768] Trial 97 finished with value: 0.03569940613343922 and parameters: {'sigma_noise': 0.16548442286718962, 'A_repulsion': 0.06733200489227574, 'gamma': 0.6355259706464305, 'sigma_update': 0.4801886600919413, 'eta_learning': 2.0275530011996064, 'sigma_boundary': 0.2482839367350107, 'alpha': 0.7652093636414394}. Best is trial 44 with value: 0.026224553949969302.
[I 2026-03-04 12:45:15,485] Trial 98 finished with value: 0.04218905343605191 and parameters: {'sigma_noise': 0.1476637791104026, 'A_repulsion': 0.07077946079754498, 'gamma': 0.640197222078791, 'sigma_update': 0.49036576176196484, 'eta_learning': 1.9353879049881433, 'sigma_boundary': 0.3423728563475569, 'alpha': 0.7564672231647298}. Best is trial 44 with value: 0.026224553949969302.
[I 2026-03-04 12:45:37,539] Trial 99 finished with value: 0.05481057792644505 and parameters: {'sigma_noise': 0.2283057802521058, 'A_repulsion': 0.06831315261620718, 'gamma': 0.6335055806852484, 'sigma_update': 0.6093854279308962, 'eta_learning': 1.9432429951407257, 'sigma_boundary': 0.3247021415197322, 'alpha': 0.725050127226356}. Best is trial 44 with value: 0.026224553949969302.
[I 2026-03-04 12:45:39,893] Trial 105 finished with value: 0.023081810422184483 and parameters: {'sigma_noise': 0.17545876948260755, 'A_repulsion': 0.06291622037614697, 'gamma': 0.6338588932356697, 'sigma_update': 0.613296000399857, 'eta_learning': 1.9838160072675608, 'sigma_boundary': 0.027749722889595207, 'alpha': 0.7304121990774114}. Best is trial 105 with value: 0.023081810422184483.
[I 2026-03-04 12:45:43,986] Trial 100 finished with value: 0.04932503262584972 and parameters: {'sigma_noise': 0.22774189179221674, 'A_repulsion': 0.06955681853379667, 'gamma': 0.6296766370882207, 'sigma_update': 0.6159436374502276, 'eta_learning': 2.048194325463788, 'sigma_boundary': 0.17056795706395955, 'alpha': 0.7286054305438291}. Best is trial 105 with value: 0.023081810422184483.
[I 2026-03-04 12:45:58,764] Trial 103 finished with value: 0.027686383744640324 and parameters: {'sigma_noise': 0.22946090518937606, 'A_repulsion': 0.065594531385329, 'gamma': 0.6527197923825279, 'sigma_update': 0.6129263339119139, 'eta_learning': 2.0004643914599147, 'sigma_boundary': 0.11158656831589697, 'alpha': 0.9134150292222738}. Best is trial 105 with value: 0.023081810422184483.
[I 2026-03-04 12:46:04,992] Trial 102 finished with value: 0.028697703189169546 and parameters: {'sigma_noise': 0.22753894970687893, 'A_repulsion': 0.06902911728258043, 'gamma': 0.6314194618890497, 'sigma_update': 0.6139143690863661, 'eta_learning': 1.9407316154939331, 'sigma_boundary': 0.2691521963249437, 'alpha': 0.9394370086013082}. Best is trial 105 with value: 0.023081810422184483.
[I 2026-03-04 12:46:33,572] Trial 109 finished with value: 0.02927621134772601 and parameters: {'sigma_noise': 0.1736533642800504, 'A_repulsion': 0.06567002642706901, 'gamma': 0.6400859244674096, 'sigma_update': 0.6132399738131513, 'eta_learning': 2.4962235854577273, 'sigma_boundary': 0.15193041945919283, 'alpha': 0.7335719274882544}. Best is trial 105 with value: 0.023081810422184483.
[I 2026-03-04 12:46:39,129] Trial 106 finished with value: 0.03077765321332433 and parameters: {'sigma_noise': 0.1738771731337907, 'A_repulsion': 0.21345052291271968, 'gamma': 0.6386753224242651, 'sigma_update': 0.6024898230953599, 'eta_learning': 2.0647312989843742, 'sigma_boundary': 0.06436809190603343, 'alpha': 0.733768306670935}. Best is trial 105 with value: 0.023081810422184483.
[I 2026-03-04 12:46:40,310] Trial 104 finished with value: 0.03678333887371454 and parameters: {'sigma_noise': 0.17427710373187655, 'A_repulsion': 0.22241964000120235, 'gamma': 0.6338269664084284, 'sigma_update': 0.6173141288127806, 'eta_learning': 1.9985017648897931, 'sigma_boundary': 0.275253440247186, 'alpha': 0.9238516391180563}. Best is trial 105 with value: 0.023081810422184483.
[I 2026-03-04 12:46:47,778] Trial 107 finished with value: 0.030499691368029457 and parameters: {'sigma_noise': 0.17781510588305724, 'A_repulsion': 0.20637650532780744, 'gamma': 0.630033228669353, 'sigma_update': 0.6060577123899047, 'eta_learning': 1.9243509025154464, 'sigma_boundary': 0.08016366520435536, 'alpha': 0.7351381638014827}. Best is trial 105 with value: 0.023081810422184483.
[I 2026-03-04 12:47:07,959] Trial 108 finished with value: 0.03602210638542679 and parameters: {'sigma_noise': 0.17566347818119055, 'A_repulsion': 0.20255472045764245, 'gamma': 0.636403196485237, 'sigma_update': 0.6100431784551041, 'eta_learning': 2.0636483490411783, 'sigma_boundary': 0.21032133310647505, 'alpha': 0.9176874933302551}. Best is trial 105 with value: 0.023081810422184483.
[I 2026-03-04 12:47:39,875] Trial 110 finished with value: 0.03253676206426852 and parameters: {'sigma_noise': 0.1790231856287971, 'A_repulsion': 0.2189154785102367, 'gamma': 0.6343275599337586, 'sigma_update': 0.6209315161345653, 'eta_learning': 2.481819103058388, 'sigma_boundary': 0.023734552127893993, 'alpha': 0.7379839457612716}. Best is trial 105 with value: 0.023081810422184483.
[I 2026-03-04 12:48:08,562] Trial 117 finished with value: 0.04998490336448884 and parameters: {'sigma_noise': 0.1758357788624785, 'A_repulsion': 0.03878826870837424, 'gamma': 0.49580289838307434, 'sigma_update': 0.6161933720067184, 'eta_learning': 2.103760170588142, 'sigma_boundary': 1.9135245372180256, 'alpha': 0.9197894964049692}. Best is trial 105 with value: 0.023081810422184483.
