[I 2026-03-04 12:48:10,074] Trial 114 finished with value: 0.037295770467362294 and parameters: {'sigma_noise': 0.17930027817478703, 'A_repulsion': 0.11907180314801455, 'gamma': 0.6340590521985067, 'sigma_update': 0.6101209555634317, 'eta_learning': 1.8963722881844194, 'sigma_boundary': 0.028876594876463324, 'alpha': 0.9169858222252063}. Best is trial 105 with value: 0.023081810422184483.
[I 2026-03-04 12:48:17,014] Trial 116 finished with value: 0.03599060038643927 and parameters: {'sigma_noise': 0.178202922027869, 'A_repulsion': 0.12289687045620104, 'gamma': 0.61974591236166, 'sigma_update': 0.6124286816606047, 'eta_learning': 2.097245138841711, 'sigma_boundary': 1.8621108107746216, 'alpha': 0.9335888482230861}. Best is trial 105 with value: 0.023081810422184483.
[I 2026-03-04 12:48:18,098] Trial 115 finished with value: 0.03695116356733992 and parameters: {'sigma_noise': 0.1760690303974857, 'A_repulsion': 0.1252213900005472, 'gamma': 0.6348732305255611, 'sigma_update': 0.6130392861558563, 'eta_learning': 2.1263024038252842, 'sigma_boundary': 1.8699636916571667, 'alpha': 0.9115447828424735}. Best is trial 105 with value: 0.023081810422184483.
[I 2026-03-04 12:48:43,061] Trial 118 finished with value: 0.09108058486173008 and parameters: {'sigma_noise': 0.23808778639932215, 'A_repulsion': 0.05054752820243548, 'gamma': 0.4927676382416203, 'sigma_update': 0.6067979825448195, 'eta_learning': 2.0673730012080624, 'sigma_boundary': 1.923580602604529, 'alpha': 0.9110736565576243}. Best is trial 105 with value: 0.023081810422184483.
[I 2026-03-04 12:49:17,770] Trial 111 finished with value: 0.035942348752220125 and parameters: {'sigma_noise': 0.23814480264881893, 'A_repulsion': 0.20786333168564103, 'gamma': 0.6388752110674839, 'sigma_update': 0.6143557296270654, 'eta_learning': 2.4976626019606414, 'sigma_boundary': 0.15203896933205874, 'alpha': 0.917505154181405}. Best is trial 105 with value: 0.023081810422184483.
[I 2026-03-04 12:49:22,199] Trial 119 finished with value: 0.051982290213667834 and parameters: {'sigma_noise': 0.18464966663769106, 'A_repulsion': 0.19809043632192386, 'gamma': 0.4957235184288271, 'sigma_update': 0.6201818412553185, 'eta_learning': 2.1265726354285954, 'sigma_boundary': 1.9302993276492788, 'alpha': 0.918264708304751}. Best is trial 105 with value: 0.023081810422184483.
[I 2026-03-04 12:49:49,293] Trial 112 finished with value: 0.046857401754910696 and parameters: {'sigma_noise': 0.26305717384267846, 'A_repulsion': 0.20832417943327314, 'gamma': 0.6366673425490024, 'sigma_update': 0.6130981479170503, 'eta_learning': 1.684855143952114, 'sigma_boundary': 0.19210221829954044, 'alpha': 0.9170226323793285}. Best is trial 105 with value: 0.023081810422184483.
[I 2026-03-04 12:49:51,790] Trial 113 finished with value: 0.04739111056679236 and parameters: {'sigma_noise': 0.26063855831850014, 'A_repulsion': 0.19779201778697128, 'gamma': 0.6241350281056123, 'sigma_update': 0.6102039908252874, 'eta_learning': 2.5111803683423783, 'sigma_boundary': 1.861419381305647, 'alpha': 0.9151318827057973}. Best is trial 105 with value: 0.023081810422184483.
[I 2026-03-04 12:53:22,817] Trial 120 finished with value: 0.05327578966774607 and parameters: {'sigma_noise': 0.18163995653660694, 'A_repulsion': 0.040663937619239976, 'gamma': 0.4841792476122966, 'sigma_update': 0.5675733821858939, 'eta_learning': 2.156505867381066, 'sigma_boundary': 1.8011938168020563, 'alpha': 0.9120705389467495}. Best is trial 105 with value: 0.023081810422184483.
[I 2026-03-04 12:53:29,637] Trial 122 finished with value: 0.035544658615547745 and parameters: {'sigma_noise': 0.13663718240209716, 'A_repulsion': 0.035017439073762154, 'gamma': 0.4815884657411667, 'sigma_update': 0.6157771886435809, 'eta_learning': 2.114924905142648, 'sigma_boundary': 0.02225284959276952, 'alpha': 0.9163711223334005}. Best is trial 105 with value: 0.023081810422184483.
[I 2026-03-04 12:54:01,978] Trial 121 finished with value: 0.043662769235179574 and parameters: {'sigma_noise': 0.13952459945897094, 'A_repulsion': 0.11837679674850857, 'gamma': 0.49222200585095083, 'sigma_update': 0.6219064962829267, 'eta_learning': 2.1077369530188057, 'sigma_boundary': 1.8179946095735244, 'alpha': 0.9147175325082708}. Best is trial 105 with value: 0.023081810422184483.
[I 2026-03-04 12:54:06,081] Trial 123 finished with value: 0.049720670235464004 and parameters: {'sigma_noise': 0.17755197138999118, 'A_repulsion': 0.045234904212966213, 'gamma': 0.7134835766288155, 'sigma_update': 0.4458880664514128, 'eta_learning': 1.6414711290151414, 'sigma_boundary': 0.024008466194019418, 'alpha': 0.9176351159148298}. Best is trial 105 with value: 0.023081810422184483.
[I 2026-03-04 12:54:14,129] Trial 125 finished with value: 0.03985357970621703 and parameters: {'sigma_noise': 0.13906986601476054, 'A_repulsion': 0.05229752751447299, 'gamma': 0.5030262009230154, 'sigma_update': 0.6217780014991059, 'eta_learning': 2.0862987128438304, 'sigma_boundary': 1.9420194032778415, 'alpha': 0.9273919920576613}. Best is trial 105 with value: 0.023081810422184483.
[I 2026-03-04 12:54:23,437] Trial 127 finished with value: 0.06624988263513629 and parameters: {'sigma_noise': 0.13676109184621166, 'A_repulsion': 0.04245519130234054, 'gamma': 0.7152987141037153, 'sigma_update': 0.5957727621547851, 'eta_learning': 2.1336197635618497, 'sigma_boundary': 0.03332963431529706, 'alpha': 0.932790884086457}. Best is trial 105 with value: 0.023081810422184483.
[I 2026-03-04 12:54:23,994] Trial 126 finished with value: 0.06444405759739494 and parameters: {'sigma_noise': 0.1355164936654022, 'A_repulsion': 0.05140373134960998, 'gamma': 0.720607864248224, 'sigma_update': 0.5947557583719382, 'eta_learning': 2.170664476969757, 'sigma_boundary': 1.8627058914536923, 'alpha': 0.9428471439638098}. Best is trial 105 with value: 0.023081810422184483.
[I 2026-03-04 12:54:25,206] Trial 124 finished with value: 0.03750603096534682 and parameters: {'sigma_noise': 0.18124849166472867, 'A_repulsion': 0.04695487463106232, 'gamma': 0.5060375185104646, 'sigma_update': 0.5698803518695214, 'eta_learning': 2.1113690403306493, 'sigma_boundary': 0.0648182029534703, 'alpha': 0.9092219099503122}. Best is trial 105 with value: 0.023081810422184483.
[I 2026-03-04 12:54:53,364] Trial 128 finished with value: 0.04428643769181686 and parameters: {'sigma_noise': 0.17654884559568607, 'A_repulsion': 0.04007836572462482, 'gamma': 0.7199971783154778, 'sigma_update': 0.6737935785605699, 'eta_learning': 2.1498713167866774, 'sigma_boundary': 1.8993162356149094, 'alpha': 0.9344930837384505}. Best is trial 105 with value: 0.023081810422184483.
[I 2026-03-04 12:55:20,822] Trial 130 finished with value: 0.04541553082793025 and parameters: {'sigma_noise': 0.17772873985606014, 'A_repulsion': 0.043122806973308406, 'gamma': 0.7112017091709674, 'sigma_update': 0.5642104962274292, 'eta_learning': 2.4589294494605975, 'sigma_boundary': 4.533912326981453, 'alpha': 0.9285758352437442}. Best is trial 105 with value: 0.023081810422184483.
[I 2026-03-04 12:55:51,196] Trial 131 finished with value: 0.02950671444597231 and parameters: {'sigma_noise': 0.25809958196107835, 'A_repulsion': 0.039613291006397766, 'gamma': 0.7096982143196643, 'sigma_update': 0.6762827996576881, 'eta_learning': 2.4621344678235184, 'sigma_boundary': 0.03927238563919051, 'alpha': 0.681919354350167}. Best is trial 105 with value: 0.023081810422184483.
[I 2026-03-04 12:55:54,471] Trial 129 finished with value: 0.03298762612577022 and parameters: {'sigma_noise': 0.25959450970344183, 'A_repulsion': 0.04181457895549271, 'gamma': 0.7117361775873562, 'sigma_update': 0.6744431539842202, 'eta_learning': 2.129365685047872, 'sigma_boundary': 4.976098495246248, 'alpha': 0.9160249006940595}. Best is trial 105 with value: 0.023081810422184483.
[I 2026-03-04 12:56:13,267] Trial 132 finished with value: 0.03019766844891785 and parameters: {'sigma_noise': 0.26038700216194505, 'A_repulsion': 0.04501317318478357, 'gamma': 0.6674238865682227, 'sigma_update': 0.6775523107016406, 'eta_learning': 2.091546884525621, 'sigma_boundary': 0.013996457077956381, 'alpha': 0.680974347383263}. Best is trial 105 with value: 0.023081810422184483.
[I 2026-03-04 12:56:16,478] Trial 134 finished with value: 0.020969582115893635 and parameters: {'sigma_noise': 0.1829056678397136, 'A_repulsion': 0.04419666478916407, 'gamma': 0.6766292414593822, 'sigma_update': 0.6730727175982416, 'eta_learning': 2.4888433283058515, 'sigma_boundary': 0.018319233514981548, 'alpha': 0.6453021595011844}. Best is trial 134 with value: 0.020969582115893635.
[I 2026-03-04 12:56:25,907] Trial 133 finished with value: 0.0328769824699707 and parameters: {'sigma_noise': 0.2630912028054237, 'A_repulsion': 0.04524430081260706, 'gamma': 0.7338218836941787, 'sigma_update': 0.5624820240366539, 'eta_learning': 2.4784374571954513, 'sigma_boundary': 0.07567253000827515, 'alpha': 0.6579096547173743}. Best is trial 134 with value: 0.020969582115893635.
[I 2026-03-04 12:57:31,216] Trial 135 finished with value: 0.03317377579524146 and parameters: {'sigma_noise': 0.2594606361799212, 'A_repulsion': 0.04698826676757416, 'gamma': 0.7276407943598265, 'sigma_update': 0.6784409199061833, 'eta_learning': 2.4850753665466665, 'sigma_boundary': 0.0569956373305544, 'alpha': 0.6688418937664654}. Best is trial 134 with value: 0.020969582115893635.
[I 2026-03-04 12:57:32,296] Trial 138 finished with value: 0.04805995031475524 and parameters: {'sigma_noise': 0.13302790693779898, 'A_repulsion': 0.2512128048523052, 'gamma': 0.6629954647734824, 'sigma_update': 0.6713079617901405, 'eta_learning': 2.4726014366906015, 'sigma_boundary': 0.03173204548910044, 'alpha': 0.6730800929942177}. Best is trial 134 with value: 0.020969582115893635.
[I 2026-03-04 12:57:44,056] Trial 141 finished with value: 0.03344251707753582 and parameters: {'sigma_noise': 0.1309026787335444, 'A_repulsion': 0.037594718437911935, 'gamma': 0.7217879883403309, 'sigma_update': 0.6697129260114804, 'eta_learning': 2.7693135252728993, 'sigma_boundary': 0.033357146080124606, 'alpha': 0.6559934004045463}. Best is trial 134 with value: 0.020969582115893635.
[I 2026-03-04 12:58:44,803] Trial 142 finished with value: 0.060979614554493536 and parameters: {'sigma_noise': 0.1384592345575809, 'A_repulsion': 0.23992097076723112, 'gamma': 0.7165332827784658, 'sigma_update': 0.6804190437191626, 'eta_learning': 2.642369108619406, 'sigma_boundary': 0.016614706644370397, 'alpha': 0.6625535905567089}. Best is trial 134 with value: 0.020969582115893635.
[I 2026-03-04 12:58:46,691] Trial 143 finished with value: 0.07964352095493375 and parameters: {'sigma_noise': 0.13560609863511439, 'A_repulsion': 0.22897558726010458, 'gamma': 0.6710653261974523, 'sigma_update': 0.6673852241155152, 'eta_learning': 2.6816544862182834, 'sigma_boundary': 4.2681704163976235, 'alpha': 0.6698221324983678}. Best is trial 134 with value: 0.020969582115893635.
[I 2026-03-04 12:59:09,484] Trial 136 finished with value: 0.08252448784531498 and parameters: {'sigma_noise': 0.2381203583585228, 'A_repulsion': 0.27044265992399263, 'gamma': 0.7282059476386191, 'sigma_update': 0.595342272858204, 'eta_learning': 2.5587749306722385, 'sigma_boundary': 4.07927745975991, 'alpha': 0.6527356308064297}. Best is trial 134 with value: 0.020969582115893635.
[I 2026-03-04 12:59:44,448] Trial 137 finished with value: 0.042699092333524966 and parameters: {'sigma_noise': 0.2593295714678395, 'A_repulsion': 0.27247751427578254, 'gamma': 0.7405664204573252, 'sigma_update': 0.6673634060651411, 'eta_learning': 2.173437168459344, 'sigma_boundary': 0.018383808958383874, 'alpha': 0.6301593695208563}. Best is trial 134 with value: 0.020969582115893635.
[I 2026-03-04 12:59:53,624] Trial 139 finished with value: 0.0461208450303499 and parameters: {'sigma_noise': 0.2545047244999896, 'A_repulsion': 0.26329151743217666, 'gamma': 0.7304690072055284, 'sigma_update': 0.5674110050120041, 'eta_learning': 2.4746402658270266, 'sigma_boundary': 0.018182274344625778, 'alpha': 0.6879341597550228}. Best is trial 134 with value: 0.020969582115893635.
[I 2026-03-04 13:00:29,756] Trial 140 finished with value: 0.05772769517014748 and parameters: {'sigma_noise': 0.26051035832128655, 'A_repulsion': 0.2678783098824281, 'gamma': 0.7177148432001728, 'sigma_update': 0.6749742716632188, 'eta_learning': 2.196298885702395, 'sigma_boundary': 0.551293982159227, 'alpha': 0.6934617004840865}. Best is trial 134 with value: 0.020969582115893635.
[I 2026-03-04 13:02:12,797] Trial 148 finished with value: 0.09164370404479234 and parameters: {'sigma_noise': 0.1261215153248308, 'A_repulsion': 0.027311919400282724, 'gamma': 0.6629732421075548, 'sigma_update': 0.6734547747926384, 'eta_learning': 2.686089311525708, 'sigma_boundary': 0.5595549442070247, 'alpha': 0.6459409805793643}. Best is trial 134 with value: 0.020969582115893635.
[I 2026-03-04 13:02:48,870] Trial 145 finished with value: 0.054790404904736384 and parameters: {'sigma_noise': 0.12188595366977967, 'A_repulsion': 0.2856752045110247, 'gamma': 0.6827615303265807, 'sigma_update': 0.6737146647617127, 'eta_learning': 2.2221042332471006, 'sigma_boundary': 0.5497993065002957, 'alpha': 0.6433534297396244}. Best is trial 134 with value: 0.020969582115893635.
[I 2026-03-04 13:02:59,258] Trial 147 finished with value: 0.054508846467225015 and parameters: {'sigma_noise': 0.11803788604914635, 'A_repulsion': 0.2715150339956367, 'gamma': 0.673979072295917, 'sigma_update': 0.5913518495719728, 'eta_learning': 2.219069615485851, 'sigma_boundary': 0.5503872938475513, 'alpha': 0.6788613136978038}. Best is trial 134 with value: 0.020969582115893635.
[I 2026-03-04 13:03:11,959] Trial 146 finished with value: 0.05052990786513267 and parameters: {'sigma_noise': 0.1296050121450723, 'A_repulsion': 0.2587020560694071, 'gamma': 0.6703199286258782, 'sigma_update': 0.5906149662063377, 'eta_learning': 2.1998724461759953, 'sigma_boundary': 0.5261253443437, 'alpha': 0.6814451339606244}. Best is trial 134 with value: 0.020969582115893635.
[I 2026-03-04 13:03:23,731] Trial 150 finished with value: 0.09096978212094632 and parameters: {'sigma_noise': 0.11519809633502207, 'A_repulsion': 0.23477536876198044, 'gamma': 0.6764395788026174, 'sigma_update': 0.6731750530198632, 'eta_learning': 2.849374319469062, 'sigma_boundary': 4.294261531026526, 'alpha': 0.6599221552071133}. Best is trial 134 with value: 0.020969582115893635.
[I 2026-03-04 13:03:29,317] Trial 151 finished with value: 0.054012030860614145 and parameters: {'sigma_noise': 0.12120998201753566, 'A_repulsion': 0.24851363725495357, 'gamma': 0.6653866181289085, 'sigma_update': 0.6753008727882024, 'eta_learning': 2.2218133776246076, 'sigma_boundary': 0.5740758914249817, 'alpha': 0.6644305706388215}. Best is trial 134 with value: 0.020969582115893635.
[I 2026-03-04 13:03:37,170] Trial 149 finished with value: 0.05052086192405454 and parameters: {'sigma_noise': 0.11915632707031411, 'A_repulsion': 0.2827369444200868, 'gamma': 0.6816424568698335, 'sigma_update': 0.6734188964574064, 'eta_learning': 2.2201184918988726, 'sigma_boundary': 0.5262291904245213, 'alpha': 0.6667191788803452}. Best is trial 134 with value: 0.020969582115893635.
[I 2026-03-04 13:04:09,513] Trial 152 finished with value: 0.04566246639155019 and parameters: {'sigma_noise': 0.12589390664971042, 'A_repulsion': 0.2857247593395317, 'gamma': 0.6671184162868958, 'sigma_update': 0.6667997134290092, 'eta_learning': 2.2446216245063395, 'sigma_boundary': 0.4982542614494675, 'alpha': 0.6852485702452824}. Best is trial 134 with value: 0.020969582115893635.
[I 2026-03-04 13:04:16,252] Trial 154 finished with value: 0.0648626315214248 and parameters: {'sigma_noise': 0.12576454635370915, 'A_repulsion': 0.0317416263082675, 'gamma': 0.65913675778107, 'sigma_update': 0.5890742685259479, 'eta_learning': 2.7072155023005013, 'sigma_boundary': 0.557218423155891, 'alpha': 0.6893754365213358}. Best is trial 134 with value: 0.020969582115893635.
[I 2026-03-04 13:04:54,122] Trial 144 finished with value: 0.06648402028673144 and parameters: {'sigma_noise': 0.28390994524731406, 'A_repulsion': 0.25441028807299704, 'gamma': 0.7261125975112922, 'sigma_update': 0.5909245992574922, 'eta_learning': 2.4536517564887723, 'sigma_boundary': 0.5390579545903351, 'alpha': 0.6599146281706898}. Best is trial 134 with value: 0.020969582115893635.
[I 2026-03-04 13:05:02,965] Trial 153 finished with value: 0.048689008014053174 and parameters: {'sigma_noise': 0.18778199733765644, 'A_repulsion': 0.24878219327887544, 'gamma': 0.6749691982755286, 'sigma_update': 0.6631650891291883, 'eta_learning': 2.6051407412086105, 'sigma_boundary': 0.4991664030061259, 'alpha': 0.6821404333824507}. Best is trial 134 with value: 0.020969582115893635.
[I 2026-03-04 13:05:33,064] Trial 157 finished with value: 0.1074428579880391 and parameters: {'sigma_noise': 0.2778294899773598, 'A_repulsion': 0.023997127294550676, 'gamma': 0.676102456135894, 'sigma_update': 0.6768871126644953, 'eta_learning': 2.669098669839362, 'sigma_boundary': 0.5317420950461929, 'alpha': 0.6740426450992693}. Best is trial 134 with value: 0.020969582115893635.
[I 2026-03-04 13:05:36,607] Trial 156 finished with value: 0.1112485559892749 and parameters: {'sigma_noise': 0.2776191640623668, 'A_repulsion': 0.028398932257394312, 'gamma': 0.6652272496883506, 'sigma_update': 0.6793395550403803, 'eta_learning': 2.2416805514427636, 'sigma_boundary': 0.5402944110346608, 'alpha': 0.673305983446382}. Best is trial 134 with value: 0.020969582115893635.
[I 2026-03-04 13:06:52,264] Trial 159 finished with value: 0.18378020915769153 and parameters: {'sigma_noise': 0.2774497477247372, 'A_repulsion': 0.026006133095484246, 'gamma': 0.6652020256851924, 'sigma_update': 0.6734382745486337, 'eta_learning': 2.7152961110371905, 'sigma_boundary': 3.9072102376663977, 'alpha': 0.6121879943427805}. Best is trial 134 with value: 0.020969582115893635.
[I 2026-03-04 13:06:53,759] Trial 155 finished with value: 0.09716521597519538 and parameters: {'sigma_noise': 0.27736975847809114, 'A_repulsion': 0.23530996569745105, 'gamma': 0.6707852188613433, 'sigma_update': 0.6708900812574203, 'eta_learning': 2.778957522473317, 'sigma_boundary': 0.5560601011613366, 'alpha': 0.6682035720273051}. Best is trial 134 with value: 0.020969582115893635.
[I 2026-03-04 13:07:00,489] Trial 160 finished with value: 0.1431251295824976 and parameters: {'sigma_noise': 0.28389554307557235, 'A_repulsion': 0.03100796709917586, 'gamma': 0.6805406079900913, 'sigma_update': 0.6993113636426982, 'eta_learning': 2.639859201424149, 'sigma_boundary': 0.5589781978520262, 'alpha': 0.616866924661051}. Best is trial 134 with value: 0.020969582115893635.
[I 2026-03-04 13:07:28,244] Trial 158 finished with value: 0.12188416971076527 and parameters: {'sigma_noise': 0.29033715860620196, 'A_repulsion': 0.2656710484354812, 'gamma': 0.6741600705912433, 'sigma_update': 0.6697848935496215, 'eta_learning': 2.8072756563481116, 'sigma_boundary': 0.54864778663171, 'alpha': 0.6459579484996298}. Best is trial 134 with value: 0.020969582115893635.
[I 2026-03-04 13:08:04,902] Trial 162 finished with value: 0.12746532161623683 and parameters: {'sigma_noise': 0.2833088567292003, 'A_repulsion': 0.026396120243665642, 'gamma': 0.7643683202874078, 'sigma_update': 0.6978590947129892, 'eta_learning': 2.5665152807762985, 'sigma_boundary': 0.5514324897271312, 'alpha': 0.6001590837432004}. Best is trial 134 with value: 0.020969582115893635.
[I 2026-03-04 13:08:27,529] Trial 164 finished with value: 0.10868350243572845 and parameters: {'sigma_noise': 0.27792121645451695, 'A_repulsion': 0.024371311013217652, 'gamma': 0.773127342640812, 'sigma_update': 0.6965338923505756, 'eta_learning': 2.219627495825648, 'sigma_boundary': 0.5503080829312315, 'alpha': 0.6270672451479162}. Best is trial 134 with value: 0.020969582115893635.
[I 2026-03-04 13:09:04,993] Trial 166 finished with value: 0.06820475916153279 and parameters: {'sigma_noise': 0.28356342981725513, 'A_repulsion': 0.016779921759704337, 'gamma': 0.6825582280779656, 'sigma_update': 0.3442197742583132, 'eta_learning': 2.809400843952262, 'sigma_boundary': 0.5184024953633048, 'alpha': 0.6102581208679025}. Best is trial 134 with value: 0.020969582115893635.
[I 2026-03-04 13:09:06,556] Trial 161 finished with value: 0.1533087636422451 and parameters: {'sigma_noise': 0.29369010948492114, 'A_repulsion': 0.23116835082860143, 'gamma': 0.6856861058128826, 'sigma_update': 0.6888130830414216, 'eta_learning': 2.7183706395079628, 'sigma_boundary': 0.5507313864765698, 'alpha': 0.6135204537366634}. Best is trial 134 with value: 0.020969582115893635.
[I 2026-03-04 13:09:13,943] Trial 165 finished with value: 0.12413422914073054 and parameters: {'sigma_noise': 0.2847763368096361, 'A_repulsion': 0.02971664745290961, 'gamma': 0.7709871401859116, 'sigma_update': 0.6984471825468275, 'eta_learning': 2.749261027271674, 'sigma_boundary': 0.5388991602165656, 'alpha': 0.6057837229828845}. Best is trial 134 with value: 0.020969582115893635.
[I 2026-03-04 13:10:01,404] Trial 167 finished with value: 0.062453604501987 and parameters: {'sigma_noise': 0.2810303025035457, 'A_repulsion': 0.03088289541899271, 'gamma': 0.7604936173643213, 'sigma_update': 0.6298006965703882, 'eta_learning': 2.4177126918449856, 'sigma_boundary': 0.5145577211300788, 'alpha': 0.7097817179488867}. Best is trial 134 with value: 0.020969582115893635.
[I 2026-03-04 13:10:05,865] Trial 163 finished with value: 0.15279246520121573 and parameters: {'sigma_noise': 0.276667074398961, 'A_repulsion': 0.30118691511874585, 'gamma': 0.7572805034831115, 'sigma_update': 0.6328351595699397, 'eta_learning': 2.233939851987165, 'sigma_boundary': 3.648699282961844, 'alpha': 0.584443178543935}. Best is trial 134 with value: 0.020969582115893635.
