/nfs/nhome/live/apourdehghan/Hybrid_hpc_utils.py:56: DtypeWarning: Columns (16) have mixed types. Specify dtype option on import or set low_memory=False.
  data = pd.read_csv(data_path)
[I 2026-03-19 11:47:50,578] A new study created in memory with name: no-name-3e338235-ad91-4b58-8c31-b77340c57e4d
[I 2026-03-19 12:05:15,792] Trial 15 finished with value: 0.2082430963217288 and parameters: {'sigma_noise': 0.17790354042569173, 'A_repulsion': 0.004815840693072282, 'gamma': 0.6398324476449856, 'sigma_update': 0.19588616913780735, 'eta_learning': 0.8424292417958225, 'sigma_boundary': 4.282590033110891, 'alpha': 0.14949191770294246}. Best is trial 15 with value: 0.2082430963217288.
[I 2026-03-19 12:07:22,064] Trial 12 finished with value: 0.023598589507515144 and parameters: {'sigma_noise': 0.0552452266145147, 'A_repulsion': 0.44830978417785444, 'gamma': 0.8179240134003127, 'sigma_update': 0.43447078474214346, 'eta_learning': 0.6705689196155492, 'sigma_boundary': 9.460313645069617, 'alpha': 0.5064339663563474}. Best is trial 12 with value: 0.023598589507515144.
[I 2026-03-19 12:07:53,244] Trial 17 finished with value: 0.12998592439027978 and parameters: {'sigma_noise': 0.18585187485786836, 'A_repulsion': 0.13384988442945467, 'gamma': 0.17609991713211087, 'sigma_update': 0.5882946420626095, 'eta_learning': 0.2906096538328151, 'sigma_boundary': 5.876388785623771, 'alpha': 0.1942208812738928}. Best is trial 12 with value: 0.023598589507515144.
[I 2026-03-19 12:08:05,022] Trial 7 finished with value: 0.012571913592469779 and parameters: {'sigma_noise': 0.1397538189425287, 'A_repulsion': 0.22080258815424092, 'gamma': 0.7154571161457811, 'sigma_update': 0.33669308322046254, 'eta_learning': 2.980053606257062, 'sigma_boundary': 9.541206257264175, 'alpha': 0.7642657567135147}. Best is trial 7 with value: 0.012571913592469779.
[I 2026-03-19 12:08:38,776] Trial 19 finished with value: 0.04280883475140577 and parameters: {'sigma_noise': 0.22831697083347685, 'A_repulsion': 0.1315963889084279, 'gamma': 0.17653049419770128, 'sigma_update': 0.4997009780772015, 'eta_learning': 0.0708598556341995, 'sigma_boundary': 2.914508599602824, 'alpha': 0.6544938392309351}. Best is trial 7 with value: 0.012571913592469779.
[I 2026-03-19 12:08:44,768] Trial 22 finished with value: 0.06464175010506054 and parameters: {'sigma_noise': 0.20309066181711466, 'A_repulsion': 0.16191792223650658, 'gamma': 0.4110809167021055, 'sigma_update': 0.44474553881915174, 'eta_learning': 0.4908438069791999, 'sigma_boundary': 9.384865553355235, 'alpha': 0.5146477982396105}. Best is trial 7 with value: 0.012571913592469779.
[I 2026-03-19 12:08:49,374] Trial 9 finished with value: 0.09097085370431059 and parameters: {'sigma_noise': 0.26486291014287866, 'A_repulsion': 0.07227835880584266, 'gamma': 0.3214185895840555, 'sigma_update': 0.562504175611769, 'eta_learning': 2.811364371429445, 'sigma_boundary': 5.501604773970408, 'alpha': 0.7835654565765321}. Best is trial 7 with value: 0.012571913592469779.
[I 2026-03-19 12:09:53,334] Trial 10 finished with value: 0.03211595988410696 and parameters: {'sigma_noise': 0.21932192194199407, 'A_repulsion': 0.18641104573265666, 'gamma': 0.1929172768632647, 'sigma_update': 0.3371883263628119, 'eta_learning': 0.5556449974851083, 'sigma_boundary': 5.095942008528609, 'alpha': 0.9136340217795734}. Best is trial 7 with value: 0.012571913592469779.
[I 2026-03-19 12:09:59,030] Trial 18 finished with value: 0.03740323109087787 and parameters: {'sigma_noise': 0.11828217234456938, 'A_repulsion': 0.4351648241432736, 'gamma': 0.490930684275056, 'sigma_update': 0.48101265576367347, 'eta_learning': 0.4275166671690169, 'sigma_boundary': 0.9899502254373166, 'alpha': 0.46453553377179546}. Best is trial 7 with value: 0.012571913592469779.
[I 2026-03-19 12:10:51,467] Trial 3 finished with value: 0.46109616380449314 and parameters: {'sigma_noise': 0.1314225293571492, 'A_repulsion': 0.4426160719060427, 'gamma': 0.5148829444684784, 'sigma_update': 0.5604480681763013, 'eta_learning': 2.332196089813949, 'sigma_boundary': 3.4588853942458457, 'alpha': 0.24705689081734516}. Best is trial 7 with value: 0.012571913592469779.
[I 2026-03-19 12:12:27,612] Trial 20 finished with value: 0.09456176658596997 and parameters: {'sigma_noise': 0.19211193329686294, 'A_repulsion': 0.3059681015290228, 'gamma': 0.07361507239371926, 'sigma_update': 0.04853608307833976, 'eta_learning': 2.9078469511330693, 'sigma_boundary': 2.3911389727634, 'alpha': 0.9067455325757703}. Best is trial 7 with value: 0.012571913592469779.
[I 2026-03-19 12:12:44,768] Trial 0 finished with value: 0.042675753144066686 and parameters: {'sigma_noise': 0.330181740324618, 'A_repulsion': 0.1409015370015098, 'gamma': 0.36064974185816545, 'sigma_update': 0.20139406748262398, 'eta_learning': 1.7931332986678283, 'sigma_boundary': 1.2859448734934666, 'alpha': 0.7181853869218228}. Best is trial 7 with value: 0.012571913592469779.
[I 2026-03-19 12:13:17,790] Trial 4 finished with value: 0.05229934722220902 and parameters: {'sigma_noise': 0.2367933021508829, 'A_repulsion': 0.29009723597539344, 'gamma': 0.03760319670219526, 'sigma_update': 0.13151610879846726, 'eta_learning': 2.3897098261077363, 'sigma_boundary': 6.8338667990290185, 'alpha': 0.8770946740280244}. Best is trial 7 with value: 0.012571913592469779.
[I 2026-03-19 12:13:46,364] Trial 14 finished with value: 0.1392384899372714 and parameters: {'sigma_noise': 0.20602977728393418, 'A_repulsion': 0.40785100198636937, 'gamma': 0.5834053069846967, 'sigma_update': 0.505464485865917, 'eta_learning': 1.042538830802168, 'sigma_boundary': 2.0811369691715718, 'alpha': 0.433248527306498}. Best is trial 7 with value: 0.012571913592469779.
[I 2026-03-19 12:16:17,950] Trial 11 finished with value: 0.600716885063846 and parameters: {'sigma_noise': 0.3030408114182036, 'A_repulsion': 0.30488108528392166, 'gamma': 0.5058796689435653, 'sigma_update': 0.4426698710514698, 'eta_learning': 0.7503405298320722, 'sigma_boundary': 1.2398132162493816, 'alpha': 0.24657464213430258}. Best is trial 7 with value: 0.012571913592469779.
[I 2026-03-19 12:16:20,186] Trial 16 finished with value: 0.10047628523604518 and parameters: {'sigma_noise': 0.3878835508583521, 'A_repulsion': 0.1402943062622573, 'gamma': 0.3183965098485311, 'sigma_update': 0.07632588374482559, 'eta_learning': 2.3305501379124083, 'sigma_boundary': 6.46732881947032, 'alpha': 0.5626223445304421}. Best is trial 7 with value: 0.012571913592469779.
[I 2026-03-19 12:16:23,180] Trial 6 finished with value: 0.040420849317120804 and parameters: {'sigma_noise': 0.3080249358233994, 'A_repulsion': 0.297809516646357, 'gamma': 0.9117460425179306, 'sigma_update': 0.337495999068741, 'eta_learning': 1.75127144226185, 'sigma_boundary': 4.617918207394179, 'alpha': 0.4708348539453342}. Best is trial 7 with value: 0.012571913592469779.
[I 2026-03-19 12:16:42,807] Trial 2 finished with value: 0.13437286706834478 and parameters: {'sigma_noise': 0.2951568533338897, 'A_repulsion': 0.3196776220653151, 'gamma': 0.380294221559942, 'sigma_update': 0.4984514601233355, 'eta_learning': 1.8404846703651636, 'sigma_boundary': 9.820228419840477, 'alpha': 0.5499243110591163}. Best is trial 7 with value: 0.012571913592469779.
[I 2026-03-19 12:17:08,750] Trial 13 finished with value: 0.7452847503354112 and parameters: {'sigma_noise': 0.31476472916106457, 'A_repulsion': 0.31139277322761116, 'gamma': 0.3764455253668592, 'sigma_update': 0.21718526409463862, 'eta_learning': 2.5976855918874193, 'sigma_boundary': 2.646358820000767, 'alpha': 0.04882689198333523}. Best is trial 7 with value: 0.012571913592469779.
[I 2026-03-19 12:17:55,994] Trial 23 finished with value: 0.18577132355386974 and parameters: {'sigma_noise': 0.4219189215639516, 'A_repulsion': 0.1755039468863635, 'gamma': 0.4926518508338263, 'sigma_update': 0.41389479697219506, 'eta_learning': 2.451667638365909, 'sigma_boundary': 5.67370806795147, 'alpha': 0.485078840770389}. Best is trial 7 with value: 0.012571913592469779.
[I 2026-03-19 12:18:26,415] Trial 8 finished with value: 0.2613659537095958 and parameters: {'sigma_noise': 0.4095288385533992, 'A_repulsion': 0.21338131294136703, 'gamma': 0.09431426269261006, 'sigma_update': 0.4969285770192322, 'eta_learning': 1.387993521952799, 'sigma_boundary': 0.8179727011911211, 'alpha': 0.37634364959899824}. Best is trial 7 with value: 0.012571913592469779.
[I 2026-03-19 12:19:25,314] Trial 5 finished with value: 0.06593426922005184 and parameters: {'sigma_noise': 0.29000281507205694, 'A_repulsion': 0.4292418638666633, 'gamma': 0.09247923802100586, 'sigma_update': 0.48432513629522783, 'eta_learning': 2.747443926264561, 'sigma_boundary': 7.244245770627603, 'alpha': 0.892769089701126}. Best is trial 7 with value: 0.012571913592469779.
[I 2026-03-19 12:23:18,089] Trial 27 finished with value: 0.1876835480101154 and parameters: {'sigma_noise': 0.09214098505189271, 'A_repulsion': 0.0017696432423195962, 'gamma': 0.3174626315966846, 'sigma_update': 0.4310732974436197, 'eta_learning': 1.1687111487052793, 'sigma_boundary': 4.415174022443397, 'alpha': 0.06544012424471957}. Best is trial 7 with value: 0.012571913592469779.
[I 2026-03-19 12:24:06,136] Trial 29 finished with value: 0.19603529416916204 and parameters: {'sigma_noise': 0.07661901285517021, 'A_repulsion': 0.03717173210014585, 'gamma': 0.5903114150339326, 'sigma_update': 0.33327473146555264, 'eta_learning': 1.2051325093485894, 'sigma_boundary': 6.124986316927686, 'alpha': 0.033521687305451686}. Best is trial 7 with value: 0.012571913592469779.
[I 2026-03-19 12:25:55,662] Trial 21 finished with value: 0.7350620345600877 and parameters: {'sigma_noise': 0.42556874153452323, 'A_repulsion': 0.3985960175862873, 'gamma': 0.43155318903234424, 'sigma_update': 0.5866490098949186, 'eta_learning': 0.23052884380409155, 'sigma_boundary': 7.819760555485529, 'alpha': 0.013432281685228031}. Best is trial 7 with value: 0.012571913592469779.
[I 2026-03-19 12:30:16,976] Trial 1 finished with value: 0.22377681406328231 and parameters: {'sigma_noise': 0.42322646364344063, 'A_repulsion': 0.4910980871842945, 'gamma': 0.6163068797717721, 'sigma_update': 0.04343562693658726, 'eta_learning': 1.2632460341439686, 'sigma_boundary': 8.076080897239216, 'alpha': 0.5808164559673182}. Best is trial 7 with value: 0.012571913592469779.
[I 2026-03-19 12:31:16,777] Trial 34 finished with value: 0.029938153839567702 and parameters: {'sigma_noise': 0.060163945505767896, 'A_repulsion': 0.296620059417689, 'gamma': 0.9681746511374529, 'sigma_update': 0.31503004741478535, 'eta_learning': 1.7500235604914192, 'sigma_boundary': 9.861252583497366, 'alpha': 0.4903764904081561}. Best is trial 7 with value: 0.012571913592469779.
[I 2026-03-19 12:31:36,336] Trial 35 finished with value: 0.032645957963229444 and parameters: {'sigma_noise': 0.05583408985579527, 'A_repulsion': 0.30404613046864015, 'gamma': 0.9793347675794322, 'sigma_update': 0.3472756510115706, 'eta_learning': 1.3251731000374687, 'sigma_boundary': 9.890308527183175, 'alpha': 0.46850240840279045}. Best is trial 7 with value: 0.012571913592469779.
[I 2026-03-19 12:32:25,832] Trial 37 finished with value: 0.02455289164728546 and parameters: {'sigma_noise': 0.05179051312830499, 'A_repulsion': 0.35018178842725944, 'gamma': 0.8692070083949226, 'sigma_update': 0.3410523243349016, 'eta_learning': 1.3966250075907174, 'sigma_boundary': 9.8979353704649, 'alpha': 0.5785505142574553}. Best is trial 7 with value: 0.012571913592469779.
[I 2026-03-19 12:32:38,603] Trial 30 finished with value: 0.6019045504176362 and parameters: {'sigma_noise': 0.17888372027078175, 'A_repulsion': 0.3370883843194492, 'gamma': 0.5052658863971825, 'sigma_update': 0.11447409964688816, 'eta_learning': 2.7602967392138047, 'sigma_boundary': 0.7552888181325887, 'alpha': 0.17742432037180456}. Best is trial 7 with value: 0.012571913592469779.
[I 2026-03-19 12:34:30,844] Trial 24 finished with value: 0.6555187346095105 and parameters: {'sigma_noise': 0.38650436549002637, 'A_repulsion': 0.18814693574266383, 'gamma': 0.845297095640854, 'sigma_update': 0.3823337944927207, 'eta_learning': 0.670488007613731, 'sigma_boundary': 8.47681285913064, 'alpha': 0.20822875935723373}. Best is trial 7 with value: 0.012571913592469779.
[I 2026-03-19 12:34:37,770] Trial 36 finished with value: 0.10036457202402274 and parameters: {'sigma_noise': 0.058335864720013376, 'A_repulsion': 0.4858244046615039, 'gamma': 0.981373882205186, 'sigma_update': 0.6955627133745794, 'eta_learning': 1.2343592477243512, 'sigma_boundary': 9.857881471890677, 'alpha': 0.43120244551821907}. Best is trial 7 with value: 0.012571913592469779.
[I 2026-03-19 12:34:51,592] Trial 26 finished with value: 0.7414071998400354 and parameters: {'sigma_noise': 0.18691642480418097, 'A_repulsion': 0.4742892331224096, 'gamma': 0.47055955587686604, 'sigma_update': 0.6475595785177151, 'eta_learning': 2.8499434552930145, 'sigma_boundary': 8.736908162938624, 'alpha': 0.09924462322037275}. Best is trial 7 with value: 0.012571913592469779.
[I 2026-03-19 12:35:21,656] Trial 39 finished with value: 0.05538337412475717 and parameters: {'sigma_noise': 0.055534771531063426, 'A_repulsion': 0.3525521308054185, 'gamma': 0.8694299231214301, 'sigma_update': 0.33544604816916007, 'eta_learning': 1.3112779627182378, 'sigma_boundary': 9.630774129861903, 'alpha': 0.34629125482101764}. Best is trial 7 with value: 0.012571913592469779.
[I 2026-03-19 12:35:51,003] Trial 31 finished with value: 0.09652283090406417 and parameters: {'sigma_noise': 0.389489436148587, 'A_repulsion': 0.08971853000913099, 'gamma': 0.830228506287088, 'sigma_update': 0.6769789374642609, 'eta_learning': 1.5003399659391858, 'sigma_boundary': 7.066875924685769, 'alpha': 0.5654878630704612}. Best is trial 7 with value: 0.012571913592469779.
[I 2026-03-19 12:36:50,658] Trial 28 finished with value: 0.03605367402236372 and parameters: {'sigma_noise': 0.21442454260781568, 'A_repulsion': 0.4305675855628805, 'gamma': 0.6181972705668406, 'sigma_update': 0.1138006513947396, 'eta_learning': 1.0095062229837604, 'sigma_boundary': 7.012903925372455, 'alpha': 0.7553599338812766}. Best is trial 7 with value: 0.012571913592469779.
[I 2026-03-19 12:37:02,867] Trial 41 finished with value: 0.02829763496816792 and parameters: {'sigma_noise': 0.05032733119231249, 'A_repulsion': 0.49686999206523835, 'gamma': 0.7861485992611434, 'sigma_update': 0.6675245178307934, 'eta_learning': 1.3086204688024563, 'sigma_boundary': 8.529472222907701, 'alpha': 0.7899416446461828}. Best is trial 7 with value: 0.012571913592469779.
[I 2026-03-19 12:37:22,767] Trial 40 finished with value: 0.054444027705602686 and parameters: {'sigma_noise': 0.06106398638170885, 'A_repulsion': 0.4972436306902519, 'gamma': 0.7998064750558023, 'sigma_update': 0.2837608489920394, 'eta_learning': 1.2693224192983807, 'sigma_boundary': 9.116115271179769, 'alpha': 0.3462979143796603}. Best is trial 7 with value: 0.012571913592469779.
[I 2026-03-19 12:38:19,958] Trial 43 finished with value: 0.12703261287536807 and parameters: {'sigma_noise': 0.05340801944617287, 'A_repulsion': 0.49074679688371636, 'gamma': 0.7551431307998587, 'sigma_update': 0.6546974201284003, 'eta_learning': 1.1406893336978132, 'sigma_boundary': 8.38830012640565, 'alpha': 0.35469612533660333}. Best is trial 7 with value: 0.012571913592469779.
[I 2026-03-19 12:38:28,534] Trial 42 finished with value: 0.15421895527245788 and parameters: {'sigma_noise': 0.07016937785929034, 'A_repulsion': 0.487645956816226, 'gamma': 0.8088046071857746, 'sigma_update': 0.6667591314035395, 'eta_learning': 1.4285274830754988, 'sigma_boundary': 8.161522369069019, 'alpha': 0.36607249132279385}. Best is trial 7 with value: 0.012571913592469779.
[I 2026-03-19 12:39:11,380] Trial 44 finished with value: 0.0505306955785041 and parameters: {'sigma_noise': 0.054127090245375875, 'A_repulsion': 0.4942593910727744, 'gamma': 0.8182789568376572, 'sigma_update': 0.3215981185583869, 'eta_learning': 1.2779344785738984, 'sigma_boundary': 8.360920099458163, 'alpha': 0.9770692667631883}. Best is trial 7 with value: 0.012571913592469779.
[I 2026-03-19 12:39:30,128] Trial 45 finished with value: 0.01883205127591628 and parameters: {'sigma_noise': 0.085396955561138, 'A_repulsion': 0.35906298779542695, 'gamma': 0.8257250909215631, 'sigma_update': 0.6890429234195034, 'eta_learning': 1.24543944044385, 'sigma_boundary': 8.316004999693373, 'alpha': 0.7877585726880332}. Best is trial 7 with value: 0.012571913592469779.
[I 2026-03-19 12:41:17,865] Trial 47 finished with value: 0.0312568132204714 and parameters: {'sigma_noise': 0.050009598661605266, 'A_repulsion': 0.2357701424744414, 'gamma': 0.80262277567847, 'sigma_update': 0.692331237744823, 'eta_learning': 0.6849081736796601, 'sigma_boundary': 8.205121093915915, 'alpha': 0.965633184229252}. Best is trial 7 with value: 0.012571913592469779.
[I 2026-03-19 12:42:57,536] Trial 46 finished with value: 0.038014861970937175 and parameters: {'sigma_noise': 0.06504902979133252, 'A_repulsion': 0.3770368949642683, 'gamma': 0.7902525310183933, 'sigma_update': 0.29418684787523197, 'eta_learning': 0.7089439168592262, 'sigma_boundary': 8.614942040222093, 'alpha': 0.9948244725374922}. Best is trial 7 with value: 0.012571913592469779.
[I 2026-03-19 12:43:22,034] Trial 32 finished with value: 0.6839098195956029 and parameters: {'sigma_noise': 0.43426961194940294, 'A_repulsion': 0.2611390393951269, 'gamma': 0.21820566278774306, 'sigma_update': 0.1996829583206113, 'eta_learning': 1.9127300251411115, 'sigma_boundary': 4.645556950826201, 'alpha': 0.2540485100077471}. Best is trial 7 with value: 0.012571913592469779.
[I 2026-03-19 12:43:27,479] Trial 25 finished with value: 0.2889635990291517 and parameters: {'sigma_noise': 0.4364247504261949, 'A_repulsion': 0.3299246047089681, 'gamma': 0.5315910887156395, 'sigma_update': 0.597582959470578, 'eta_learning': 2.9935793641462847, 'sigma_boundary': 3.101923981977918, 'alpha': 0.5070319238279007}. Best is trial 7 with value: 0.012571913592469779.
[I 2026-03-19 12:43:54,636] Trial 48 finished with value: 0.031079257396091964 and parameters: {'sigma_noise': 0.05893825565777615, 'A_repulsion': 0.23826328247222625, 'gamma': 0.7632286729424934, 'sigma_update': 0.666753255049826, 'eta_learning': 0.7053684772195552, 'sigma_boundary': 8.705349609712897, 'alpha': 0.998133039308121}. Best is trial 7 with value: 0.012571913592469779.
[I 2026-03-19 12:47:48,116] Trial 49 finished with value: 0.026892023989466773 and parameters: {'sigma_noise': 0.05998712504832144, 'A_repulsion': 0.20672912304239954, 'gamma': 0.8014202971735023, 'sigma_update': 0.27666814871908973, 'eta_learning': 0.8853758263985798, 'sigma_boundary': 9.266178323826482, 'alpha': 0.9604121141128128}. Best is trial 7 with value: 0.012571913592469779.
[I 2026-03-19 12:48:24,097] Trial 33 finished with value: 0.27583393832499953 and parameters: {'sigma_noise': 0.4339562300656341, 'A_repulsion': 0.31166304122334565, 'gamma': 0.9542828541973714, 'sigma_update': 0.017104161283127528, 'eta_learning': 1.7096811987110014, 'sigma_boundary': 7.419890187409938, 'alpha': 0.9889869786630265}. Best is trial 7 with value: 0.012571913592469779.
[I 2026-03-19 12:50:28,681] Trial 50 finished with value: 0.04193320272684947 and parameters: {'sigma_noise': 0.058631133743092104, 'A_repulsion': 0.36180601852716243, 'gamma': 0.9062208420877695, 'sigma_update': 0.2725147125446936, 'eta_learning': 2.070521984978789, 'sigma_boundary': 9.004386222714832, 'alpha': 0.9981491515812169}. Best is trial 7 with value: 0.012571913592469779.
[I 2026-03-19 12:52:27,928] Trial 38 finished with value: 0.03292526340248584 and parameters: {'sigma_noise': 0.4061137809312748, 'A_repulsion': 0.3830101853224057, 'gamma': 0.8975438828069656, 'sigma_update': 0.3247328655834317, 'eta_learning': 1.4046425607894522, 'sigma_boundary': 9.657748682587355, 'alpha': 0.6111125385792548}. Best is trial 7 with value: 0.012571913592469779.
[I 2026-03-19 12:54:36,925] Trial 51 finished with value: 0.10470452736507989 and parameters: {'sigma_noise': 0.1473798849914839, 'A_repulsion': 0.35867680452433776, 'gamma': 0.7896372312271602, 'sigma_update': 0.283766650305132, 'eta_learning': 2.0724711243995855, 'sigma_boundary': 8.797721615505203, 'alpha': 0.35736081660081853}. Best is trial 7 with value: 0.012571913592469779.
[I 2026-03-19 12:55:22,459] Trial 52 finished with value: 0.01649594107264553 and parameters: {'sigma_noise': 0.14583499573875658, 'A_repulsion': 0.36516625365917316, 'gamma': 0.778259955736913, 'sigma_update': 0.26059993015181004, 'eta_learning': 1.974414013871214, 'sigma_boundary': 8.808423059281218, 'alpha': 0.7345644782642008}. Best is trial 7 with value: 0.012571913592469779.
[I 2026-03-19 12:55:34,113] Trial 53 finished with value: 0.019359719028279807 and parameters: {'sigma_noise': 0.13893526253187038, 'A_repulsion': 0.36380514711240314, 'gamma': 0.781790341846912, 'sigma_update': 0.6893000220440293, 'eta_learning': 2.0473544561931645, 'sigma_boundary': 8.847240602521584, 'alpha': 0.7086032796393592}. Best is trial 7 with value: 0.012571913592469779.
[I 2026-03-19 12:56:23,935] Trial 57 finished with value: 0.01245632099117407 and parameters: {'sigma_noise': 0.14117381428684841, 'A_repulsion': 0.25185926799787206, 'gamma': 0.7467540208224689, 'sigma_update': 0.2748730276562449, 'eta_learning': 2.0989542775971985, 'sigma_boundary': 8.956554061485507, 'alpha': 0.6485733353387849}. Best is trial 57 with value: 0.01245632099117407.
[I 2026-03-19 12:57:19,495] Trial 54 finished with value: 0.01645467875764019 and parameters: {'sigma_noise': 0.139561822419649, 'A_repulsion': 0.36567235626629924, 'gamma': 0.7806990057624088, 'sigma_update': 0.24588086586649455, 'eta_learning': 1.9033141787057508, 'sigma_boundary': 8.863205138547848, 'alpha': 0.7123606910834445}. Best is trial 57 with value: 0.01245632099117407.
