[I 2026-03-19 13:47:35,655] Trial 112 finished with value: 0.05806263576581036 and parameters: {'sigma_noise': 0.2579369183453566, 'A_repulsion': 0.21331589473123563, 'gamma': 0.6456827348429994, 'sigma_update': 0.39037695962006747, 'eta_learning': 2.5425258431084323, 'sigma_boundary': 6.60639481913183, 'alpha': 0.5332105153622129}. Best is trial 100 with value: 0.012089339858409208.
[I 2026-03-19 13:47:45,605] Trial 113 finished with value: 0.04937978605864148 and parameters: {'sigma_noise': 0.24746256092270702, 'A_repulsion': 0.22041546041725407, 'gamma': 0.6470896401284258, 'sigma_update': 0.37179903867902836, 'eta_learning': 2.4826362067478813, 'sigma_boundary': 6.989667700450187, 'alpha': 0.539067025063614}. Best is trial 100 with value: 0.012089339858409208.
[I 2026-03-19 13:52:12,662] Trial 115 finished with value: 0.0637234689865209 and parameters: {'sigma_noise': 0.2625001288973783, 'A_repulsion': 0.21620562927951462, 'gamma': 0.5628955794786599, 'sigma_update': 0.37332689225536486, 'eta_learning': 2.3533585745995502, 'sigma_boundary': 6.859506816153129, 'alpha': 0.5343899353642088}. Best is trial 100 with value: 0.012089339858409208.
[I 2026-03-19 13:52:23,011] Trial 116 finished with value: 0.04055993928398038 and parameters: {'sigma_noise': 0.17810651890090545, 'A_repulsion': 0.21992336114848576, 'gamma': 0.6071597539457109, 'sigma_update': 0.38191672376034225, 'eta_learning': 2.471345989651294, 'sigma_boundary': 6.431197515537926, 'alpha': 0.5390518233948675}. Best is trial 100 with value: 0.012089339858409208.
[I 2026-03-19 13:53:00,848] Trial 117 finished with value: 0.04043491228290912 and parameters: {'sigma_noise': 0.1770164201703598, 'A_repulsion': 0.22338155458049386, 'gamma': 0.6049391267428241, 'sigma_update': 0.3789187809257987, 'eta_learning': 2.4323510330543474, 'sigma_boundary': 6.630601437118205, 'alpha': 0.5371380278121215}. Best is trial 100 with value: 0.012089339858409208.
[I 2026-03-19 13:54:33,636] Trial 118 finished with value: 0.029580021657916282 and parameters: {'sigma_noise': 0.19995101425792947, 'A_repulsion': 0.2391611679080634, 'gamma': 0.608108848527122, 'sigma_update': 0.37035663943009656, 'eta_learning': 2.4082302127050608, 'sigma_boundary': 7.249689304013368, 'alpha': 0.6015346835303348}. Best is trial 100 with value: 0.012089339858409208.
[I 2026-03-19 13:55:49,586] Trial 119 finished with value: 0.0280671864159399 and parameters: {'sigma_noise': 0.19673417361677586, 'A_repulsion': 0.2378045671221125, 'gamma': 0.630561270656193, 'sigma_update': 0.37212889519117215, 'eta_learning': 2.4238512649049935, 'sigma_boundary': 6.594249305448965, 'alpha': 0.6005057440509483}. Best is trial 100 with value: 0.012089339858409208.
[I 2026-03-19 13:57:20,738] Trial 121 finished with value: 0.035441578305710465 and parameters: {'sigma_noise': 0.200283321463671, 'A_repulsion': 0.202368452223171, 'gamma': 0.5628775154329143, 'sigma_update': 0.3720721147658665, 'eta_learning': 2.4214559063458108, 'sigma_boundary': 9.498389873480182, 'alpha': 0.5975349224963105}. Best is trial 100 with value: 0.012089339858409208.
[I 2026-03-19 13:59:12,254] Trial 120 finished with value: 0.03032729616385414 and parameters: {'sigma_noise': 0.26080367924167025, 'A_repulsion': 0.2407533204697292, 'gamma': 0.6080777264579666, 'sigma_update': 0.30722950106305974, 'eta_learning': 2.439070460523216, 'sigma_boundary': 7.256839744618905, 'alpha': 0.6098069626614966}. Best is trial 100 with value: 0.012089339858409208.
[I 2026-03-19 14:00:38,260] Trial 123 finished with value: 0.027736175201745723 and parameters: {'sigma_noise': 0.1767369288509954, 'A_repulsion': 0.2330531752783147, 'gamma': 0.6217252782501838, 'sigma_update': 0.3699304207344977, 'eta_learning': 2.5673410478288425, 'sigma_boundary': 7.177521637336408, 'alpha': 0.5897864517464947}. Best is trial 100 with value: 0.012089339858409208.
[I 2026-03-19 14:01:38,312] Trial 122 finished with value: 0.03321422099924504 and parameters: {'sigma_noise': 0.1951829848274976, 'A_repulsion': 0.23718301495015615, 'gamma': 0.6184751351939932, 'sigma_update': 0.38288592924970644, 'eta_learning': 2.432603695888099, 'sigma_boundary': 6.414760612208595, 'alpha': 0.5835290880598277}. Best is trial 100 with value: 0.012089339858409208.
[I 2026-03-19 14:02:41,940] Trial 125 finished with value: 0.014823777847538801 and parameters: {'sigma_noise': 0.19557939369731933, 'A_repulsion': 0.19851543467884025, 'gamma': 0.6150120471293397, 'sigma_update': 0.13388600633377934, 'eta_learning': 2.5628381625201193, 'sigma_boundary': 7.2850303047965035, 'alpha': 0.5946075889796437}. Best is trial 100 with value: 0.012089339858409208.
[I 2026-03-19 14:02:44,496] Trial 127 finished with value: 0.013910669528907115 and parameters: {'sigma_noise': 0.1844510152445811, 'A_repulsion': 0.16863682866516755, 'gamma': 0.5477768041700634, 'sigma_update': 0.144146352893957, 'eta_learning': 2.3849270260632265, 'sigma_boundary': 7.3634000559184125, 'alpha': 0.5808637186293303}. Best is trial 100 with value: 0.012089339858409208.
[I 2026-03-19 14:03:28,727] Trial 126 finished with value: 0.013425564314006556 and parameters: {'sigma_noise': 0.1907228574267309, 'A_repulsion': 0.1930085408659657, 'gamma': 0.6232288702593561, 'sigma_update': 0.14557323488522467, 'eta_learning': 2.3709246596518136, 'sigma_boundary': 7.303146830997753, 'alpha': 0.5937660553297538}. Best is trial 100 with value: 0.012089339858409208.
[I 2026-03-19 14:03:42,113] Trial 128 finished with value: 0.01536966951631905 and parameters: {'sigma_noise': 0.19769250792924398, 'A_repulsion': 0.17391280262406697, 'gamma': 0.5533022590938511, 'sigma_update': 0.13830178722252456, 'eta_learning': 2.385451727074428, 'sigma_boundary': 7.32507319091285, 'alpha': 0.5858149148706483}. Best is trial 100 with value: 0.012089339858409208.
[I 2026-03-19 14:04:03,092] Trial 129 finished with value: 0.01622245234131886 and parameters: {'sigma_noise': 0.19860851540417612, 'A_repulsion': 0.19134627067943938, 'gamma': 0.5643879732405185, 'sigma_update': 0.20612614553871894, 'eta_learning': 2.4059721894024095, 'sigma_boundary': 7.229525079828781, 'alpha': 0.5726724525639917}. Best is trial 100 with value: 0.012089339858409208.
[I 2026-03-19 14:04:05,112] Trial 133 finished with value: 0.016939579520211148 and parameters: {'sigma_noise': 0.2012667157692323, 'A_repulsion': 0.19202163469845432, 'gamma': 0.5673452358722466, 'sigma_update': 0.12253373544035154, 'eta_learning': 2.4327597064928064, 'sigma_boundary': 7.214622558772623, 'alpha': 0.5693946246219015}. Best is trial 100 with value: 0.012089339858409208.
[I 2026-03-19 14:04:09,451] Trial 130 finished with value: 0.015308906458001786 and parameters: {'sigma_noise': 0.1953539006365009, 'A_repulsion': 0.18888003055781538, 'gamma': 0.5890589271463715, 'sigma_update': 0.13003593489801774, 'eta_learning': 2.396033293486571, 'sigma_boundary': 7.23089756771374, 'alpha': 0.5837918706516636}. Best is trial 100 with value: 0.012089339858409208.
[I 2026-03-19 14:04:19,904] Trial 131 finished with value: 0.01470830346385544 and parameters: {'sigma_noise': 0.1959809805753917, 'A_repulsion': 0.19010597879446425, 'gamma': 0.579028268793623, 'sigma_update': 0.14075665634806542, 'eta_learning': 2.3698940253770697, 'sigma_boundary': 7.226151477534394, 'alpha': 0.5702297651042759}. Best is trial 100 with value: 0.012089339858409208.
[I 2026-03-19 14:04:29,494] Trial 132 finished with value: 0.016426491855690353 and parameters: {'sigma_noise': 0.19831442781349473, 'A_repulsion': 0.19559921922085446, 'gamma': 0.5835283910708564, 'sigma_update': 0.12147040494494667, 'eta_learning': 2.399303346738528, 'sigma_boundary': 7.237830034489135, 'alpha': 0.5790370028667989}. Best is trial 100 with value: 0.012089339858409208.
[I 2026-03-19 14:04:30,073] Trial 124 finished with value: 0.024956484354961405 and parameters: {'sigma_noise': 0.24953368649057567, 'A_repulsion': 0.2312315239929775, 'gamma': 0.5922692140425796, 'sigma_update': 0.3616824506957851, 'eta_learning': 2.5167716103203723, 'sigma_boundary': 9.549497207048617, 'alpha': 0.7512748581526498}. Best is trial 100 with value: 0.012089339858409208.
[I 2026-03-19 14:06:10,452] Trial 134 finished with value: 0.015588544045362293 and parameters: {'sigma_noise': 0.19013495765260463, 'A_repulsion': 0.19493507347192873, 'gamma': 0.5547141881104022, 'sigma_update': 0.12993935525139108, 'eta_learning': 2.384205012969535, 'sigma_boundary': 6.158863741080809, 'alpha': 0.5644365697401116}. Best is trial 100 with value: 0.012089339858409208.
[I 2026-03-19 14:06:35,231] Trial 135 finished with value: 0.01480231047304229 and parameters: {'sigma_noise': 0.18668460385988897, 'A_repulsion': 0.19651119045121074, 'gamma': 0.5847007541580569, 'sigma_update': 0.1274891048364917, 'eta_learning': 2.689930038469392, 'sigma_boundary': 5.548973799139786, 'alpha': 0.5664479266361454}. Best is trial 100 with value: 0.012089339858409208.
[I 2026-03-19 14:09:37,501] Trial 136 finished with value: 0.014791208399592533 and parameters: {'sigma_noise': 0.19608855996077976, 'A_repulsion': 0.18578342184440144, 'gamma': 0.6108117239678069, 'sigma_update': 0.12294895944850191, 'eta_learning': 2.389881208969182, 'sigma_boundary': 6.317036708556625, 'alpha': 0.5704863822549651}. Best is trial 100 with value: 0.012089339858409208.
[I 2026-03-19 14:10:10,737] Trial 137 finished with value: 0.015110570219518595 and parameters: {'sigma_noise': 0.19041338321988713, 'A_repulsion': 0.19373738431247742, 'gamma': 0.5748084357246193, 'sigma_update': 0.13359250849893445, 'eta_learning': 2.374619369077111, 'sigma_boundary': 6.201690965920731, 'alpha': 0.567892264830884}. Best is trial 100 with value: 0.012089339858409208.
[I 2026-03-19 14:10:57,364] Trial 138 finished with value: 0.01752588760598541 and parameters: {'sigma_noise': 0.20563458617686808, 'A_repulsion': 0.1938616788277921, 'gamma': 0.586211596395184, 'sigma_update': 0.11328238313740105, 'eta_learning': 2.35650752351123, 'sigma_boundary': 5.728946062221097, 'alpha': 0.5683883938647388}. Best is trial 100 with value: 0.012089339858409208.
[I 2026-03-19 14:14:11,543] Trial 139 finished with value: 0.02511128612566836 and parameters: {'sigma_noise': 0.1926819237382152, 'A_repulsion': 0.19160918154416667, 'gamma': 0.5980226210292703, 'sigma_update': 0.11706556437461219, 'eta_learning': 2.669990262370635, 'sigma_boundary': 6.2128618042522685, 'alpha': 0.43875856081011844}. Best is trial 100 with value: 0.012089339858409208.
[I 2026-03-19 14:14:32,838] Trial 140 finished with value: 0.016153114829149454 and parameters: {'sigma_noise': 0.19175599815833758, 'A_repulsion': 0.1951183701532573, 'gamma': 0.5628944030660272, 'sigma_update': 0.1213682112952505, 'eta_learning': 2.6726943156236787, 'sigma_boundary': 6.19553620665158, 'alpha': 0.5749923722662043}. Best is trial 100 with value: 0.012089339858409208.
[I 2026-03-19 14:15:33,132] Trial 141 finished with value: 0.028268491514814757 and parameters: {'sigma_noise': 0.1973523836934436, 'A_repulsion': 0.19243241839963415, 'gamma': 0.5575288417393898, 'sigma_update': 0.1078030177385808, 'eta_learning': 2.717543428768485, 'sigma_boundary': 5.567744248894627, 'alpha': 0.43105474889020345}. Best is trial 100 with value: 0.012089339858409208.
[I 2026-03-19 14:17:08,096] Trial 142 finished with value: 0.014858738247294188 and parameters: {'sigma_noise': 0.18597745561736437, 'A_repulsion': 0.19394545975028396, 'gamma': 0.5739299686951773, 'sigma_update': 0.20705061447065173, 'eta_learning': 2.689728538357996, 'sigma_boundary': 6.130663734458814, 'alpha': 0.5711873466352975}. Best is trial 100 with value: 0.012089339858409208.
[I 2026-03-19 14:18:11,120] Trial 143 finished with value: 0.015571323791042167 and parameters: {'sigma_noise': 0.19031913191867503, 'A_repulsion': 0.19510956296039572, 'gamma': 0.559282962304213, 'sigma_update': 0.20409275977976732, 'eta_learning': 2.7340586759638255, 'sigma_boundary': 5.7794754324318305, 'alpha': 0.5725599051007362}. Best is trial 100 with value: 0.012089339858409208.
[I 2026-03-19 14:19:03,739] Trial 144 finished with value: 0.014948616655874988 and parameters: {'sigma_noise': 0.19038290741120678, 'A_repulsion': 0.18995508327009705, 'gamma': 0.5781293054700987, 'sigma_update': 0.2045916962651522, 'eta_learning': 2.6750184776598105, 'sigma_boundary': 6.109302924755695, 'alpha': 0.5807417444403804}. Best is trial 100 with value: 0.012089339858409208.
[I 2026-03-19 14:21:14,113] Trial 145 finished with value: 0.01475760373765932 and parameters: {'sigma_noise': 0.18852662277998863, 'A_repulsion': 0.1819581378765529, 'gamma': 0.5814228860437982, 'sigma_update': 0.20632428927759908, 'eta_learning': 2.681597244479173, 'sigma_boundary': 6.075841985419226, 'alpha': 0.5669350288438619}. Best is trial 100 with value: 0.012089339858409208.
[I 2026-03-19 14:22:30,196] Trial 146 finished with value: 0.014664648693485516 and parameters: {'sigma_noise': 0.18737438755655242, 'A_repulsion': 0.1806964511364439, 'gamma': 0.5798112977725165, 'sigma_update': 0.20660355083872378, 'eta_learning': 2.6451252247470034, 'sigma_boundary': 6.112776109460203, 'alpha': 0.5765336636306196}. Best is trial 100 with value: 0.012089339858409208.
[I 2026-03-19 14:22:54,488] Trial 152 finished with value: 0.011705690592306656 and parameters: {'sigma_noise': 0.1284074230900246, 'A_repulsion': 0.1556418899176131, 'gamma': 0.7458264560139419, 'sigma_update': 0.10434678529507227, 'eta_learning': 2.6796269603272425, 'sigma_boundary': 6.159021815381139, 'alpha': 0.4967043209859814}. Best is trial 152 with value: 0.011705690592306656.
[I 2026-03-19 14:23:30,883] Trial 154 finished with value: 0.012419205075775836 and parameters: {'sigma_noise': 0.12774012663160106, 'A_repulsion': 0.1580546578386285, 'gamma': 0.736926019473346, 'sigma_update': 0.20991113534422598, 'eta_learning': 2.6907305536820894, 'sigma_boundary': 6.080520518373598, 'alpha': 0.7440368269849281}. Best is trial 152 with value: 0.011705690592306656.
[I 2026-03-19 14:23:48,524] Trial 150 finished with value: 0.02253281130619283 and parameters: {'sigma_noise': 0.13083522457495336, 'A_repulsion': 0.18254895869965232, 'gamma': 0.7539407782359852, 'sigma_update': 0.20583903119066035, 'eta_learning': 2.674650946742613, 'sigma_boundary': 6.08340538216558, 'alpha': 0.4458353699895213}. Best is trial 152 with value: 0.011705690592306656.
[I 2026-03-19 14:24:05,146] Trial 147 finished with value: 0.034917340985739356 and parameters: {'sigma_noise': 0.20869604772870715, 'A_repulsion': 0.18778711699163003, 'gamma': 0.575514458967501, 'sigma_update': 0.20218751279421537, 'eta_learning': 2.6475296025773147, 'sigma_boundary': 6.129346449120313, 'alpha': 0.44765704211254576}. Best is trial 152 with value: 0.011705690592306656.
[I 2026-03-19 14:24:55,291] Trial 148 finished with value: 0.011050775152504704 and parameters: {'sigma_noise': 0.18676096167734707, 'A_repulsion': 0.1990331146654899, 'gamma': 0.7522048831275335, 'sigma_update': 0.20576802534329997, 'eta_learning': 2.702922806394309, 'sigma_boundary': 5.2163748506611896, 'alpha': 0.5679213261207251}. Best is trial 148 with value: 0.011050775152504704.
[I 2026-03-19 14:25:21,031] Trial 153 finished with value: 0.024119134988353438 and parameters: {'sigma_noise': 0.12704070538332388, 'A_repulsion': 0.2506652141588018, 'gamma': 0.7502387068901294, 'sigma_update': 0.2054688359485384, 'eta_learning': 2.673661211542307, 'sigma_boundary': 5.948738818315358, 'alpha': 0.4398458832664477}. Best is trial 148 with value: 0.011050775152504704.
[I 2026-03-19 14:25:26,960] Trial 156 finished with value: 0.02039769051341065 and parameters: {'sigma_noise': 0.1326599782970469, 'A_repulsion': 0.2483106332682575, 'gamma': 0.7383806408513427, 'sigma_update': 0.10003837598379771, 'eta_learning': 2.692489291469084, 'sigma_boundary': 6.091531741568296, 'alpha': 0.743649272767837}. Best is trial 148 with value: 0.011050775152504704.
[I 2026-03-19 14:25:43,392] Trial 158 finished with value: 0.017532547680015765 and parameters: {'sigma_noise': 0.12473233329272501, 'A_repulsion': 0.15601981791682223, 'gamma': 0.7492727597695374, 'sigma_update': 0.20544077220403256, 'eta_learning': 2.644510479593883, 'sigma_boundary': 5.903491668122222, 'alpha': 0.4866249833123392}. Best is trial 148 with value: 0.011050775152504704.
[I 2026-03-19 14:25:50,896] Trial 149 finished with value: 0.01799332197527202 and parameters: {'sigma_noise': 0.2135876299190639, 'A_repulsion': 0.18777716480651196, 'gamma': 0.5786466120006999, 'sigma_update': 0.20616463606121993, 'eta_learning': 2.7104268989336986, 'sigma_boundary': 6.125873075072621, 'alpha': 0.5627428596397748}. Best is trial 148 with value: 0.011050775152504704.
[I 2026-03-19 14:25:55,741] Trial 157 finished with value: 0.016965245767412106 and parameters: {'sigma_noise': 0.1283945336276116, 'A_repulsion': 0.2477726761745766, 'gamma': 0.747245000124105, 'sigma_update': 0.2048274628348978, 'eta_learning': 2.641215587206472, 'sigma_boundary': 6.143805651506039, 'alpha': 0.48462988933228623}. Best is trial 148 with value: 0.011050775152504704.
[I 2026-03-19 14:26:39,645] Trial 155 finished with value: 0.04274429982979748 and parameters: {'sigma_noise': 0.21195640997187065, 'A_repulsion': 0.15622855068221714, 'gamma': 0.7435493944768167, 'sigma_update': 0.09822075004536601, 'eta_learning': 2.659186142318264, 'sigma_boundary': 5.8915102951195415, 'alpha': 0.4420408839761138}. Best is trial 148 with value: 0.011050775152504704.
[I 2026-03-19 14:26:46,957] Trial 151 finished with value: 0.017464510475034403 and parameters: {'sigma_noise': 0.2092988886076604, 'A_repulsion': 0.18967720337138863, 'gamma': 0.5830280922805553, 'sigma_update': 0.2064559063828953, 'eta_learning': 2.6854142922517052, 'sigma_boundary': 6.262219373321415, 'alpha': 0.5628867339686497}. Best is trial 148 with value: 0.011050775152504704.
[I 2026-03-19 14:27:14,868] Trial 159 finished with value: 0.015581746277541607 and parameters: {'sigma_noise': 0.12682643531077065, 'A_repulsion': 0.249638584378639, 'gamma': 0.7311981537553615, 'sigma_update': 0.20646094227917416, 'eta_learning': 2.832290303685677, 'sigma_boundary': 5.920813338219697, 'alpha': 0.5049415752519963}. Best is trial 148 with value: 0.011050775152504704.
[I 2026-03-19 14:31:11,359] Trial 161 finished with value: 0.015035185263445182 and parameters: {'sigma_noise': 0.12578618433564362, 'A_repulsion': 0.2501174400788669, 'gamma': 0.7665471156213925, 'sigma_update': 0.1999777511446866, 'eta_learning': 2.9404167728780237, 'sigma_boundary': 5.8542716481973, 'alpha': 0.5006120102380542}. Best is trial 148 with value: 0.011050775152504704.
[I 2026-03-19 14:32:22,068] Trial 162 finished with value: 0.01996599118862616 and parameters: {'sigma_noise': 0.12533575140196293, 'A_repulsion': 0.24994867906620488, 'gamma': 0.7446593976267433, 'sigma_update': 0.09866780458391873, 'eta_learning': 2.8993560184577625, 'sigma_boundary': 5.947572531342254, 'alpha': 0.43020285518878465}. Best is trial 148 with value: 0.011050775152504704.
[I 2026-03-19 14:35:20,490] Trial 164 finished with value: 0.015421451391607294 and parameters: {'sigma_noise': 0.1265726319285636, 'A_repulsion': 0.24821313167690562, 'gamma': 0.7445714530144489, 'sigma_update': 0.2104234178389938, 'eta_learning': 2.9930742546306908, 'sigma_boundary': 5.151217670683734, 'alpha': 0.5052742102468207}. Best is trial 148 with value: 0.011050775152504704.
[I 2026-03-19 14:35:35,379] Trial 160 finished with value: 0.017333107755160213 and parameters: {'sigma_noise': 0.21358162667667685, 'A_repulsion': 0.2942229875566137, 'gamma': 0.7465626820562778, 'sigma_update': 0.09665618424722128, 'eta_learning': 2.6528551506468947, 'sigma_boundary': 0.05114967889735578, 'alpha': 0.4819304271830566}. Best is trial 148 with value: 0.011050775152504704.
[I 2026-03-19 14:35:51,260] Trial 163 finished with value: 0.015256254542888323 and parameters: {'sigma_noise': 0.12633351730338416, 'A_repulsion': 0.2931135358281037, 'gamma': 0.7453854694946181, 'sigma_update': 0.20102660672639078, 'eta_learning': 2.8178979602797796, 'sigma_boundary': 5.868129303047468, 'alpha': 0.5056002516323644}. Best is trial 148 with value: 0.011050775152504704.
[I 2026-03-19 14:36:36,628] Trial 166 finished with value: 0.012090401067841943 and parameters: {'sigma_noise': 0.12555999165802204, 'A_repulsion': 0.15253298276046495, 'gamma': 0.7477203605476022, 'sigma_update': 0.19577792233373184, 'eta_learning': 2.1286935310419817, 'sigma_boundary': 5.117082348420318, 'alpha': 0.6802020508192633}. Best is trial 148 with value: 0.011050775152504704.
[I 2026-03-19 14:39:14,548] Trial 167 finished with value: 0.01873558930413492 and parameters: {'sigma_noise': 0.13178392087431928, 'A_repulsion': 0.24944205433007688, 'gamma': 0.7417615316186941, 'sigma_update': 0.09590013384224667, 'eta_learning': 2.8470845148027775, 'sigma_boundary': 8.226772215391525, 'alpha': 0.6838676598378263}. Best is trial 148 with value: 0.011050775152504704.
[I 2026-03-19 14:40:15,288] Trial 168 finished with value: 0.014165544581233059 and parameters: {'sigma_noise': 0.12547951277844896, 'A_repulsion': 0.24771426572042976, 'gamma': 0.7567105894925681, 'sigma_update': 0.19368997061167503, 'eta_learning': 1.8160949643261945, 'sigma_boundary': 8.505541513093476, 'alpha': 0.6828939955845605}. Best is trial 148 with value: 0.011050775152504704.
[I 2026-03-19 14:40:44,841] Trial 169 finished with value: 0.011564999594350962 and parameters: {'sigma_noise': 0.13010880210837594, 'A_repulsion': 0.15230542040204756, 'gamma': 0.7568826237209041, 'sigma_update': 0.1885675477238149, 'eta_learning': 2.872026566508839, 'sigma_boundary': 8.458420303292588, 'alpha': 0.680743342490536}. Best is trial 148 with value: 0.011050775152504704.
