[I 2026-03-19 12:57:44,167] Trial 56 finished with value: 0.015516523216805201 and parameters: {'sigma_noise': 0.1292088822010799, 'A_repulsion': 0.36773408232849913, 'gamma': 0.7565635743867547, 'sigma_update': 0.2797470320088757, 'eta_learning': 1.6217926620624397, 'sigma_boundary': 9.090137493024464, 'alpha': 0.651448007000826}. Best is trial 57 with value: 0.01245632099117407.
[I 2026-03-19 12:57:59,555] Trial 55 finished with value: 0.0140822475011489 and parameters: {'sigma_noise': 0.14083007963468097, 'A_repulsion': 0.36257480120980917, 'gamma': 0.7698433184785657, 'sigma_update': 0.2836869087561502, 'eta_learning': 2.0525698540270687, 'sigma_boundary': 8.671176697307995, 'alpha': 0.6471165657454481}. Best is trial 57 with value: 0.01245632099117407.
[I 2026-03-19 12:58:00,880] Trial 60 finished with value: 0.012776072847779775 and parameters: {'sigma_noise': 0.1356309347558736, 'A_repulsion': 0.23840799662056372, 'gamma': 0.7420603156263248, 'sigma_update': 0.2795143264478719, 'eta_learning': 1.8968412519408353, 'sigma_boundary': 8.819035936466003, 'alpha': 0.6509817569665862}. Best is trial 57 with value: 0.01245632099117407.
[I 2026-03-19 12:58:34,667] Trial 61 finished with value: 0.012267463916175073 and parameters: {'sigma_noise': 0.1466283876433433, 'A_repulsion': 0.23524326973727494, 'gamma': 0.7278016070307379, 'sigma_update': 0.25770707691908723, 'eta_learning': 2.0407592504682848, 'sigma_boundary': 8.007985836874303, 'alpha': 0.6518045728480426}. Best is trial 61 with value: 0.012267463916175073.
[I 2026-03-19 12:58:53,248] Trial 58 finished with value: 0.015288828746561067 and parameters: {'sigma_noise': 0.14088820023587134, 'A_repulsion': 0.3719868872763922, 'gamma': 0.7331387687613595, 'sigma_update': 0.28302459841432653, 'eta_learning': 1.877160868077088, 'sigma_boundary': 9.20691022590212, 'alpha': 0.6593512139540743}. Best is trial 61 with value: 0.012267463916175073.
[I 2026-03-19 12:58:58,001] Trial 59 finished with value: 0.012312019799227117 and parameters: {'sigma_noise': 0.14642074503477553, 'A_repulsion': 0.26993786342542936, 'gamma': 0.7511504525809148, 'sigma_update': 0.27995036916104515, 'eta_learning': 2.1049444016024497, 'sigma_boundary': 9.004396124634058, 'alpha': 0.6501221904689035}. Best is trial 61 with value: 0.012267463916175073.
[I 2026-03-19 12:59:12,208] Trial 64 finished with value: 0.016554848253597144 and parameters: {'sigma_noise': 0.10315499183769984, 'A_repulsion': 0.2603156217709941, 'gamma': 0.7396559981759796, 'sigma_update': 0.286533335778963, 'eta_learning': 1.724824467981048, 'sigma_boundary': 9.185187664851089, 'alpha': 0.6441115426146484}. Best is trial 61 with value: 0.012267463916175073.
[I 2026-03-19 12:59:37,945] Trial 65 finished with value: 0.015962917562458823 and parameters: {'sigma_noise': 0.10649188840599885, 'A_repulsion': 0.25287527360315987, 'gamma': 0.7240373676093914, 'sigma_update': 0.25813729669254826, 'eta_learning': 2.0082879537899303, 'sigma_boundary': 7.585983692536676, 'alpha': 0.6479778169191762}. Best is trial 61 with value: 0.012267463916175073.
[I 2026-03-19 12:59:44,357] Trial 62 finished with value: 0.012592158346259364 and parameters: {'sigma_noise': 0.14557785722497207, 'A_repulsion': 0.24522831879534832, 'gamma': 0.7120602684516268, 'sigma_update': 0.24299233150210398, 'eta_learning': 2.116381811369866, 'sigma_boundary': 7.736974019796233, 'alpha': 0.6513199565342854}. Best is trial 61 with value: 0.012267463916175073.
[I 2026-03-19 12:59:52,037] Trial 63 finished with value: 0.018722226215595612 and parameters: {'sigma_noise': 0.14910317273612297, 'A_repulsion': 0.25568622874664815, 'gamma': 0.7151371481146425, 'sigma_update': 0.2591463965322664, 'eta_learning': 2.129535885982349, 'sigma_boundary': 7.7694050811467825, 'alpha': 0.9849112235993673}. Best is trial 61 with value: 0.012267463916175073.
[I 2026-03-19 13:03:10,200] Trial 66 finished with value: 0.019690093340159177 and parameters: {'sigma_noise': 0.1090516058028264, 'A_repulsion': 0.37463580505255784, 'gamma': 0.701936436012045, 'sigma_update': 0.22109055797468904, 'eta_learning': 1.582130557158275, 'sigma_boundary': 9.028382951205954, 'alpha': 0.660440069897281}. Best is trial 61 with value: 0.012267463916175073.
[I 2026-03-19 13:03:19,440] Trial 67 finished with value: 0.03399027351574709 and parameters: {'sigma_noise': 0.10896127215147328, 'A_repulsion': 0.2665329449518327, 'gamma': 0.7084665338899858, 'sigma_update': 0.6203205352823664, 'eta_learning': 1.6536357303927007, 'sigma_boundary': 8.998303217034985, 'alpha': 0.6384480300322072}. Best is trial 61 with value: 0.012267463916175073.
[I 2026-03-19 13:06:28,618] Trial 68 finished with value: 0.021968790573904183 and parameters: {'sigma_noise': 0.11192921220538467, 'A_repulsion': 0.4659296196023073, 'gamma': 0.7211677944916206, 'sigma_update': 0.26064829625849273, 'eta_learning': 1.9933067882015674, 'sigma_boundary': 9.142204741080594, 'alpha': 0.6498939975711784}. Best is trial 61 with value: 0.012267463916175073.
[I 2026-03-19 13:08:41,816] Trial 69 finished with value: 0.019471696564329767 and parameters: {'sigma_noise': 0.14598679902711947, 'A_repulsion': 0.46546831911248, 'gamma': 0.7081720929784789, 'sigma_update': 0.25570143829348907, 'eta_learning': 2.0490919933579317, 'sigma_boundary': 9.0742061103907, 'alpha': 0.6486142540844175}. Best is trial 61 with value: 0.012267463916175073.
[I 2026-03-19 13:08:47,292] Trial 71 finished with value: 0.012491160450902266 and parameters: {'sigma_noise': 0.14333164232112255, 'A_repulsion': 0.21483165403885135, 'gamma': 0.6999825318353718, 'sigma_update': 0.2452558799885431, 'eta_learning': 0.9104657419236154, 'sigma_boundary': 7.642161637803865, 'alpha': 0.6415659202407584}. Best is trial 61 with value: 0.012267463916175073.
[I 2026-03-19 13:09:12,016] Trial 70 finished with value: 0.019345286609731106 and parameters: {'sigma_noise': 0.14816800122908658, 'A_repulsion': 0.46076056017723455, 'gamma': 0.701997131651436, 'sigma_update': 0.23859464276271614, 'eta_learning': 2.0276585218454555, 'sigma_boundary': 7.706863899034388, 'alpha': 0.647074799424272}. Best is trial 61 with value: 0.012267463916175073.
[I 2026-03-19 13:10:38,979] Trial 72 finished with value: 0.013111690221574882 and parameters: {'sigma_noise': 0.14968036401103046, 'A_repulsion': 0.2723487688935189, 'gamma': 0.7016989384284319, 'sigma_update': 0.23935301381000681, 'eta_learning': 0.9195087415780323, 'sigma_boundary': 9.245470254211249, 'alpha': 0.623082472607542}. Best is trial 61 with value: 0.012267463916175073.
[I 2026-03-19 13:11:39,281] Trial 73 finished with value: 0.013997030289986893 and parameters: {'sigma_noise': 0.1315580324704454, 'A_repulsion': 0.2624110261621798, 'gamma': 0.7142080852288435, 'sigma_update': 0.2335825643986897, 'eta_learning': 0.8900636783970987, 'sigma_boundary': 9.247570774261478, 'alpha': 0.6467729211937117}. Best is trial 61 with value: 0.012267463916175073.
[I 2026-03-19 13:15:26,333] Trial 76 finished with value: 0.0202688383119287 and parameters: {'sigma_noise': 0.10301275536752588, 'A_repulsion': 0.2585256614881733, 'gamma': 0.69329641288694, 'sigma_update': 0.2401383462716694, 'eta_learning': 0.9541614489296679, 'sigma_boundary': 7.681942795896034, 'alpha': 0.8349023747557475}. Best is trial 61 with value: 0.012267463916175073.
[I 2026-03-19 13:15:49,077] Trial 74 finished with value: 0.030038484810443345 and parameters: {'sigma_noise': 0.1134173286068528, 'A_repulsion': 0.4569487053498712, 'gamma': 0.6958316798774401, 'sigma_update': 0.24494936205986179, 'eta_learning': 1.050450118344324, 'sigma_boundary': 7.644905718342486, 'alpha': 0.8313612871380401}. Best is trial 61 with value: 0.012267463916175073.
[I 2026-03-19 13:16:22,108] Trial 77 finished with value: 0.017172145997476938 and parameters: {'sigma_noise': 0.10786964365492477, 'A_repulsion': 0.2764200842357044, 'gamma': 0.6944967389878994, 'sigma_update': 0.23744112592573827, 'eta_learning': 1.614094156436167, 'sigma_boundary': 7.813176945106102, 'alpha': 0.6934930179506207}. Best is trial 61 with value: 0.012267463916175073.
[I 2026-03-19 13:17:09,112] Trial 75 finished with value: 0.03341789013150065 and parameters: {'sigma_noise': 0.09254437625512876, 'A_repulsion': 0.45883247898940965, 'gamma': 0.7162461397165936, 'sigma_update': 0.23494818185736424, 'eta_learning': 0.843912717011686, 'sigma_boundary': 9.274496331759158, 'alpha': 0.8301803962841647}. Best is trial 61 with value: 0.012267463916175073.
[I 2026-03-19 13:18:15,236] Trial 78 finished with value: 0.015587628142056968 and parameters: {'sigma_noise': 0.15564277367521226, 'A_repulsion': 0.2629904409403313, 'gamma': 0.7040358324466734, 'sigma_update': 0.23958678195601066, 'eta_learning': 2.2356242391160857, 'sigma_boundary': 7.845394450325061, 'alpha': 0.8281279295092246}. Best is trial 61 with value: 0.012267463916175073.
[I 2026-03-19 13:19:06,037] Trial 82 finished with value: 0.01901601112691471 and parameters: {'sigma_noise': 0.11801805737012164, 'A_repulsion': 0.28226765127059306, 'gamma': 0.7044375572901559, 'sigma_update': 0.2450356479716086, 'eta_learning': 2.215056560582391, 'sigma_boundary': 7.551942957071569, 'alpha': 0.841289487898121}. Best is trial 61 with value: 0.012267463916175073.
[I 2026-03-19 13:19:15,654] Trial 83 finished with value: 0.015268237956358215 and parameters: {'sigma_noise': 0.11911910981145503, 'A_repulsion': 0.26476422415663875, 'gamma': 0.7136181007393, 'sigma_update': 0.23684939697244348, 'eta_learning': 2.224772802252085, 'sigma_boundary': 7.70399983223492, 'alpha': 0.6566617566482067}. Best is trial 61 with value: 0.012267463916175073.
[I 2026-03-19 13:19:26,736] Trial 79 finished with value: 0.013343462716012583 and parameters: {'sigma_noise': 0.15438756187635483, 'A_repulsion': 0.26589535790101426, 'gamma': 0.6983131264269513, 'sigma_update': 0.22849546185382166, 'eta_learning': 2.228639055709912, 'sigma_boundary': 7.886688910863557, 'alpha': 0.6940583970895371}. Best is trial 61 with value: 0.012267463916175073.
[I 2026-03-19 13:20:01,196] Trial 84 finished with value: 0.015887426442758066 and parameters: {'sigma_noise': 0.11407022113923874, 'A_repulsion': 0.2711029102366623, 'gamma': 0.7047591601370133, 'sigma_update': 0.22666747511849322, 'eta_learning': 2.2076537083878987, 'sigma_boundary': 7.817926174693211, 'alpha': 0.6581591192427083}. Best is trial 61 with value: 0.012267463916175073.
[I 2026-03-19 13:20:14,952] Trial 80 finished with value: 0.016288911394527164 and parameters: {'sigma_noise': 0.15901709605765094, 'A_repulsion': 0.27813376937816703, 'gamma': 0.70727227174934, 'sigma_update': 0.24146059676321782, 'eta_learning': 1.6435936886541007, 'sigma_boundary': 7.631318615828288, 'alpha': 0.835447314649608}. Best is trial 61 with value: 0.012267463916175073.
[I 2026-03-19 13:20:21,519] Trial 81 finished with value: 0.017217404994507968 and parameters: {'sigma_noise': 0.15700561204805064, 'A_repulsion': 0.27170629855697803, 'gamma': 0.6981885458796943, 'sigma_update': 0.22429536941557093, 'eta_learning': 2.243439367187665, 'sigma_boundary': 7.609982497800793, 'alpha': 0.8398122292522617}. Best is trial 61 with value: 0.012267463916175073.
[I 2026-03-19 13:20:37,124] Trial 85 finished with value: 0.01247976191009434 and parameters: {'sigma_noise': 0.16007793755143, 'A_repulsion': 0.26797105545961397, 'gamma': 0.7150311365926814, 'sigma_update': 0.22632082963277855, 'eta_learning': 2.214317520444641, 'sigma_boundary': 7.755131601039533, 'alpha': 0.6657538947410362}. Best is trial 61 with value: 0.012267463916175073.
[I 2026-03-19 13:21:38,584] Trial 86 finished with value: 0.02014548810432037 and parameters: {'sigma_noise': 0.1597019082023667, 'A_repulsion': 0.2692466416473741, 'gamma': 0.6951481482984926, 'sigma_update': 0.16962641850608856, 'eta_learning': 2.254583467274575, 'sigma_boundary': 7.9508673004762676, 'alpha': 0.8591972338139306}. Best is trial 61 with value: 0.012267463916175073.
[I 2026-03-19 13:22:13,741] Trial 87 finished with value: 0.015693749181444495 and parameters: {'sigma_noise': 0.161847359015735, 'A_repulsion': 0.280771859808407, 'gamma': 0.691575261118481, 'sigma_update': 0.1678127199264623, 'eta_learning': 2.1970937384681135, 'sigma_boundary': 7.815866049625495, 'alpha': 0.6847068860108765}. Best is trial 61 with value: 0.012267463916175073.
[I 2026-03-19 13:22:49,175] Trial 89 finished with value: 0.013938173936291758 and parameters: {'sigma_noise': 0.16891186197367905, 'A_repulsion': 0.27571850700432105, 'gamma': 0.6529989623493829, 'sigma_update': 0.23203000899432374, 'eta_learning': 2.266783807787827, 'sigma_boundary': 7.80547363533379, 'alpha': 0.6119802983651451}. Best is trial 61 with value: 0.012267463916175073.
[I 2026-03-19 13:22:53,322] Trial 88 finished with value: 0.01804626472257538 and parameters: {'sigma_noise': 0.16561771483272048, 'A_repulsion': 0.2812519527439108, 'gamma': 0.6858411070334299, 'sigma_update': 0.22355614053634137, 'eta_learning': 2.233388688443637, 'sigma_boundary': 7.821356216494259, 'alpha': 0.8671373358939662}. Best is trial 61 with value: 0.012267463916175073.
[I 2026-03-19 13:25:09,514] Trial 91 finished with value: 0.012361082741369666 and parameters: {'sigma_noise': 0.1638780708575891, 'A_repulsion': 0.21533216842383218, 'gamma': 0.6674733569966074, 'sigma_update': 0.17772472224656577, 'eta_learning': 2.242238683069093, 'sigma_boundary': 7.977040662456785, 'alpha': 0.5421754948347831}. Best is trial 61 with value: 0.012267463916175073.
[I 2026-03-19 13:26:19,107] Trial 90 finished with value: 0.019333898592891894 and parameters: {'sigma_noise': 0.1628450243547513, 'A_repulsion': 0.2786122603223159, 'gamma': 0.6911060336084771, 'sigma_update': 0.1797144069196368, 'eta_learning': 2.1923564322813336, 'sigma_boundary': 3.881066564852265, 'alpha': 0.848738693531961}. Best is trial 61 with value: 0.012267463916175073.
[I 2026-03-19 13:29:57,288] Trial 92 finished with value: 0.019848161716907526 and parameters: {'sigma_noise': 0.16660236111777363, 'A_repulsion': 0.27892282599089674, 'gamma': 0.6665035046579992, 'sigma_update': 0.1739916213961839, 'eta_learning': 2.230996391795563, 'sigma_boundary': 7.92401602299374, 'alpha': 0.8329845128586384}. Best is trial 61 with value: 0.012267463916175073.
[I 2026-03-19 13:30:22,950] Trial 93 finished with value: 0.01690433663483172 and parameters: {'sigma_noise': 0.1636384267715827, 'A_repulsion': 0.21585968353797752, 'gamma': 0.651225066555968, 'sigma_update': 0.1659205513530358, 'eta_learning': 2.294917415133474, 'sigma_boundary': 6.891151031223335, 'alpha': 0.8239078265097777}. Best is trial 61 with value: 0.012267463916175073.
[I 2026-03-19 13:30:53,162] Trial 95 finished with value: 0.016408297098776295 and parameters: {'sigma_noise': 0.1593367138047725, 'A_repulsion': 0.214369087651557, 'gamma': 0.667392461763384, 'sigma_update': 0.17102778690556042, 'eta_learning': 2.2265402685370224, 'sigma_boundary': 8.029069660972645, 'alpha': 0.8255979414725994}. Best is trial 61 with value: 0.012267463916175073.
[I 2026-03-19 13:32:13,536] Trial 94 finished with value: 0.01323318258222429 and parameters: {'sigma_noise': 0.16302639019318937, 'A_repulsion': 0.28147346041753624, 'gamma': 0.654552814155293, 'sigma_update': 0.1718823243256224, 'eta_learning': 2.2203932320892728, 'sigma_boundary': 7.775241131720222, 'alpha': 0.5366601401237361}. Best is trial 61 with value: 0.012267463916175073.
[I 2026-03-19 13:33:26,634] Trial 96 finished with value: 0.02048935352971235 and parameters: {'sigma_noise': 0.16535312061214832, 'A_repulsion': 0.27711054950080316, 'gamma': 0.6800418572782816, 'sigma_update': 0.17540920413590458, 'eta_learning': 2.24349656714502, 'sigma_boundary': 7.971374196328987, 'alpha': 0.8591199107824575}. Best is trial 61 with value: 0.012267463916175073.
[I 2026-03-19 13:34:30,745] Trial 97 finished with value: 0.020064936254332002 and parameters: {'sigma_noise': 0.16039387894279702, 'A_repulsion': 0.2824992499239813, 'gamma': 0.6607440095016216, 'sigma_update': 0.185491211678214, 'eta_learning': 2.243152483958071, 'sigma_boundary': 8.115281016235622, 'alpha': 0.8418269903456497}. Best is trial 61 with value: 0.012267463916175073.
[I 2026-03-19 13:38:19,628] Trial 100 finished with value: 0.012089339858409208 and parameters: {'sigma_noise': 0.16713403227581317, 'A_repulsion': 0.21633544714032288, 'gamma': 0.6577892840867872, 'sigma_update': 0.15212202506826067, 'eta_learning': 2.326667859750133, 'sigma_boundary': 9.534926530460872, 'alpha': 0.5349326345124268}. Best is trial 100 with value: 0.012089339858409208.
[I 2026-03-19 13:38:45,743] Trial 99 finished with value: 0.013292726185682292 and parameters: {'sigma_noise': 0.162249632092201, 'A_repulsion': 0.2761992567751041, 'gamma': 0.6663678052588967, 'sigma_update': 0.18008483541772674, 'eta_learning': 2.2083025180117404, 'sigma_boundary': 6.778317057814157, 'alpha': 0.534892504088195}. Best is trial 100 with value: 0.012089339858409208.
[I 2026-03-19 13:39:21,940] Trial 101 finished with value: 0.012294513551275347 and parameters: {'sigma_noise': 0.17083228131784223, 'A_repulsion': 0.21450961583632974, 'gamma': 0.65520894994292, 'sigma_update': 0.18681867984405998, 'eta_learning': 2.257361717118941, 'sigma_boundary': 6.4923155283382545, 'alpha': 0.6060129939667496}. Best is trial 100 with value: 0.012089339858409208.
[I 2026-03-19 13:40:11,404] Trial 102 finished with value: 0.01274517954739256 and parameters: {'sigma_noise': 0.17305627455616635, 'A_repulsion': 0.20922002437171588, 'gamma': 0.6456718336337927, 'sigma_update': 0.1711159001581029, 'eta_learning': 2.5265755838423845, 'sigma_boundary': 6.50698610047637, 'alpha': 0.5402828025434598}. Best is trial 100 with value: 0.012089339858409208.
[I 2026-03-19 13:41:05,327] Trial 105 finished with value: 0.01243619100665373 and parameters: {'sigma_noise': 0.16624734091618965, 'A_repulsion': 0.21506627783330506, 'gamma': 0.6429880137171664, 'sigma_update': 0.17348710457688532, 'eta_learning': 2.523334429949024, 'sigma_boundary': 6.75738203276789, 'alpha': 0.5411172130845465}. Best is trial 100 with value: 0.012089339858409208.
[I 2026-03-19 13:41:14,124] Trial 104 finished with value: 0.012092303904484406 and parameters: {'sigma_noise': 0.16171567609137222, 'A_repulsion': 0.2289070665011918, 'gamma': 0.6430820407010993, 'sigma_update': 0.1588899808639545, 'eta_learning': 2.6695784763213015, 'sigma_boundary': 6.754592358015958, 'alpha': 0.5355219608918833}. Best is trial 100 with value: 0.012089339858409208.
[I 2026-03-19 13:41:16,894] Trial 103 finished with value: 0.022836827028382946 and parameters: {'sigma_noise': 0.1663262882125238, 'A_repulsion': 0.22123232801566584, 'gamma': 0.6563952421061571, 'sigma_update': 0.37241023928883477, 'eta_learning': 2.5528860277922827, 'sigma_boundary': 6.458768798003892, 'alpha': 0.6054031178674784}. Best is trial 100 with value: 0.012089339858409208.
[I 2026-03-19 13:41:49,242] Trial 107 finished with value: 0.0137993045851716 and parameters: {'sigma_noise': 0.1686628411291609, 'A_repulsion': 0.22281678470971325, 'gamma': 0.6211692981161244, 'sigma_update': 0.1497566145570759, 'eta_learning': 2.618501306016067, 'sigma_boundary': 6.629741026836354, 'alpha': 0.6070253098693397}. Best is trial 100 with value: 0.012089339858409208.
[I 2026-03-19 13:41:50,810] Trial 109 finished with value: 0.012411291091866877 and parameters: {'sigma_noise': 0.168308565413428, 'A_repulsion': 0.20935386330106345, 'gamma': 0.6564432643063776, 'sigma_update': 0.17544351593934066, 'eta_learning': 2.547350638997195, 'sigma_boundary': 6.676343175736155, 'alpha': 0.6077285815294017}. Best is trial 100 with value: 0.012089339858409208.
[I 2026-03-19 13:42:00,046] Trial 106 finished with value: 0.012515065987418944 and parameters: {'sigma_noise': 0.16967323685351085, 'A_repulsion': 0.21820663549424377, 'gamma': 0.6648543600052788, 'sigma_update': 0.17768955929790597, 'eta_learning': 2.552619008873294, 'sigma_boundary': 6.838408634404108, 'alpha': 0.6039351262792281}. Best is trial 100 with value: 0.012089339858409208.
[I 2026-03-19 13:42:07,446] Trial 108 finished with value: 0.012363554030762535 and parameters: {'sigma_noise': 0.17110180694130675, 'A_repulsion': 0.21260678819867024, 'gamma': 0.6578451743545497, 'sigma_update': 0.17463516414259916, 'eta_learning': 2.5487519632469766, 'sigma_boundary': 6.690665553322447, 'alpha': 0.6029993609074462}. Best is trial 100 with value: 0.012089339858409208.
[I 2026-03-19 13:42:08,892] Trial 98 finished with value: 0.02139235144451971 and parameters: {'sigma_noise': 0.25767998120866703, 'A_repulsion': 0.2783566898069161, 'gamma': 0.6571707919933373, 'sigma_update': 0.18389131126135588, 'eta_learning': 2.22431385161898, 'sigma_boundary': 6.7082075793838705, 'alpha': 0.5992284442091231}. Best is trial 100 with value: 0.012089339858409208.
[I 2026-03-19 13:43:56,797] Trial 110 finished with value: 0.03580898269317878 and parameters: {'sigma_noise': 0.1729857289717133, 'A_repulsion': 0.21613230018959892, 'gamma': 0.6584634188779318, 'sigma_update': 0.3783804690176089, 'eta_learning': 2.4807761181705414, 'sigma_boundary': 7.227343377748919, 'alpha': 0.5365739914333469}. Best is trial 100 with value: 0.012089339858409208.
[I 2026-03-19 13:44:18,976] Trial 111 finished with value: 0.018233710539905 and parameters: {'sigma_noise': 0.16911591822800096, 'A_repulsion': 0.2164489579671522, 'gamma': 0.6501192924046276, 'sigma_update': 0.30973631736795526, 'eta_learning': 2.462126438050333, 'sigma_boundary': 6.696540378327091, 'alpha': 0.6025109844445039}. Best is trial 100 with value: 0.012089339858409208.
[I 2026-03-19 13:47:11,400] Trial 114 finished with value: 0.012751206957924591 and parameters: {'sigma_noise': 0.1739996340329822, 'A_repulsion': 0.21161403554140507, 'gamma': 0.6444139602703916, 'sigma_update': 0.1643147957204758, 'eta_learning': 2.56186890910479, 'sigma_boundary': 6.608646967658495, 'alpha': 0.5359980770568765}. Best is trial 100 with value: 0.012089339858409208.
