[I 2026-03-19 14:41:46,061] Trial 171 finished with value: 0.012128762008725785 and parameters: {'sigma_noise': 0.12482733742003199, 'A_repulsion': 0.14223688093713313, 'gamma': 0.7444010758300837, 'sigma_update': 0.09485541616298576, 'eta_learning': 2.821829830176184, 'sigma_boundary': 8.289803970037342, 'alpha': 0.49359837727415334}. Best is trial 148 with value: 0.011050775152504704.
[I 2026-03-19 14:42:12,836] Trial 165 finished with value: 0.0206577019788792 and parameters: {'sigma_noise': 0.2810588540760085, 'A_repulsion': 0.22887113393096514, 'gamma': 0.7592324031576831, 'sigma_update': 0.1948151933801633, 'eta_learning': 2.8087948972381227, 'sigma_boundary': 8.431706437104634, 'alpha': 0.6813003881595594}. Best is trial 148 with value: 0.011050775152504704.
[I 2026-03-19 14:43:05,604] Trial 172 finished with value: 0.015108968760258122 and parameters: {'sigma_noise': 0.12612774459177672, 'A_repulsion': 0.14755656243112686, 'gamma': 0.7411896058372615, 'sigma_update': 0.06993855553640843, 'eta_learning': 2.8946758525953307, 'sigma_boundary': 0.19521468156208943, 'alpha': 0.508468581585757}. Best is trial 148 with value: 0.011050775152504704.
[I 2026-03-19 14:43:30,148] Trial 173 finished with value: 0.013349432282020627 and parameters: {'sigma_noise': 0.1344745858789406, 'A_repulsion': 0.14799496914719118, 'gamma': 0.7340689898284132, 'sigma_update': 0.0755075149138617, 'eta_learning': 2.781019719961104, 'sigma_boundary': 0.13395837314196157, 'alpha': 0.502914169261736}. Best is trial 148 with value: 0.011050775152504704.
[I 2026-03-19 14:43:46,127] Trial 170 finished with value: 0.0194357685257011 and parameters: {'sigma_noise': 0.12429103607821108, 'A_repulsion': 0.24701425707356314, 'gamma': 0.7456591080058997, 'sigma_update': 0.08746257528931929, 'eta_learning': 2.1514996148974777, 'sigma_boundary': 8.31596497980556, 'alpha': 0.6778185524295569}. Best is trial 148 with value: 0.011050775152504704.
[I 2026-03-19 14:43:49,382] Trial 174 finished with value: 0.014842169250707705 and parameters: {'sigma_noise': 0.13524820946941168, 'A_repulsion': 0.14751793264622592, 'gamma': 0.725667603914991, 'sigma_update': 0.09204750629814475, 'eta_learning': 2.9024550376780707, 'sigma_boundary': 4.834726255561409, 'alpha': 0.681225492414317}. Best is trial 148 with value: 0.011050775152504704.
[I 2026-03-19 14:44:22,085] Trial 175 finished with value: 0.012462114832720922 and parameters: {'sigma_noise': 0.1268565595388116, 'A_repulsion': 0.15575732859662547, 'gamma': 0.737116768128289, 'sigma_update': 0.08590688641619608, 'eta_learning': 2.8531185091635822, 'sigma_boundary': 4.843291864253934, 'alpha': 0.5049921672136315}. Best is trial 148 with value: 0.011050775152504704.
[I 2026-03-19 14:44:42,793] Trial 177 finished with value: 0.014161083506206285 and parameters: {'sigma_noise': 0.12342682805929209, 'A_repulsion': 0.14757679874385982, 'gamma': 0.7654271262771581, 'sigma_update': 0.07436172680786807, 'eta_learning': 2.789821628815625, 'sigma_boundary': 5.225348772581391, 'alpha': 0.4777028748043807}. Best is trial 148 with value: 0.011050775152504704.
[I 2026-03-19 14:45:08,244] Trial 176 finished with value: 0.013476478440436604 and parameters: {'sigma_noise': 0.1381737325565284, 'A_repulsion': 0.15417982632938096, 'gamma': 0.7390731004674734, 'sigma_update': 0.08224222544713192, 'eta_learning': 2.817490854806894, 'sigma_boundary': 5.105652874941054, 'alpha': 0.5005566181451457}. Best is trial 148 with value: 0.011050775152504704.
[I 2026-03-19 14:45:28,258] Trial 180 finished with value: 0.01482947005380412 and parameters: {'sigma_noise': 0.15114110539616066, 'A_repulsion': 0.12279741581985887, 'gamma': 0.7335522220156198, 'sigma_update': 0.19406173137454708, 'eta_learning': 2.8543697103786547, 'sigma_boundary': 5.250053860143593, 'alpha': 0.5091986973059379}. Best is trial 148 with value: 0.011050775152504704.
[I 2026-03-19 14:45:35,696] Trial 179 finished with value: 0.013938538519379462 and parameters: {'sigma_noise': 0.15209809633145405, 'A_repulsion': 0.13082903695095194, 'gamma': 0.7655139704144744, 'sigma_update': 0.077771653702979, 'eta_learning': 2.8315319342509535, 'sigma_boundary': 5.087139081664135, 'alpha': 0.5064799732604802}. Best is trial 148 with value: 0.011050775152504704.
[I 2026-03-19 14:46:37,933] Trial 181 finished with value: 0.018525731753012083 and parameters: {'sigma_noise': 0.14952157312874592, 'A_repulsion': 0.11345819454394374, 'gamma': 0.6749607081294765, 'sigma_update': 0.06609684120976567, 'eta_learning': 2.85964502134053, 'sigma_boundary': 4.916093225791908, 'alpha': 0.5102738419947187}. Best is trial 148 with value: 0.011050775152504704.
[I 2026-03-19 14:46:42,428] Trial 183 finished with value: 0.01470137013317347 and parameters: {'sigma_noise': 0.1504760625975464, 'A_repulsion': 0.11362716529918565, 'gamma': 0.7710172768422412, 'sigma_update': 0.07581029296044017, 'eta_learning': 2.134383133157916, 'sigma_boundary': 4.9044440446058, 'alpha': 0.6808524858040046}. Best is trial 148 with value: 0.011050775152504704.
[I 2026-03-19 14:46:55,884] Trial 182 finished with value: 0.011719804988404523 and parameters: {'sigma_noise': 0.15087431945699728, 'A_repulsion': 0.14355009947002573, 'gamma': 0.8431010158037349, 'sigma_update': 0.18966873461423736, 'eta_learning': 2.7743084971338545, 'sigma_boundary': 5.139506092751924, 'alpha': 0.5124029738841984}. Best is trial 148 with value: 0.011050775152504704.
[I 2026-03-19 14:49:05,976] Trial 184 finished with value: 0.010871623783995765 and parameters: {'sigma_noise': 0.14144596886619223, 'A_repulsion': 0.10099079433376407, 'gamma': 0.6783163476270803, 'sigma_update': 0.15720143651450702, 'eta_learning': 2.7804972541338895, 'sigma_boundary': 5.088715948398889, 'alpha': 0.6300864010849315}. Best is trial 184 with value: 0.010871623783995765.
[I 2026-03-19 14:49:42,771] Trial 178 finished with value: 0.06005852089548116 and parameters: {'sigma_noise': 0.2885780846426713, 'A_repulsion': 0.13423645575924315, 'gamma': 0.8481006072957383, 'sigma_update': 0.05698217357867797, 'eta_learning': 2.834452925258559, 'sigma_boundary': 5.064278514742752, 'alpha': 0.6770842159234984}. Best is trial 184 with value: 0.010871623783995765.
[I 2026-03-19 14:50:22,693] Trial 185 finished with value: 0.009076401675057464 and parameters: {'sigma_noise': 0.15021999541858166, 'A_repulsion': 0.13557144138469468, 'gamma': 0.846600339774389, 'sigma_update': 0.1857556751412575, 'eta_learning': 2.7817905603123108, 'sigma_boundary': 5.313318140999691, 'alpha': 0.633125706024777}. Best is trial 185 with value: 0.009076401675057464.
[I 2026-03-19 14:51:52,864] Trial 186 finished with value: 0.009084011587372895 and parameters: {'sigma_noise': 0.15260595735952046, 'A_repulsion': 0.1024684880967082, 'gamma': 0.842418933326752, 'sigma_update': 0.15578819294623647, 'eta_learning': 2.1402858357226204, 'sigma_boundary': 5.1864339127341, 'alpha': 0.6757271397012017}. Best is trial 185 with value: 0.009076401675057464.
[I 2026-03-19 14:52:14,130] Trial 188 finished with value: 0.010894897312076565 and parameters: {'sigma_noise': 0.1523278897155211, 'A_repulsion': 0.10756081440969052, 'gamma': 0.6821421917424069, 'sigma_update': 0.15466327078096215, 'eta_learning': 2.1259815249004403, 'sigma_boundary': 5.2287033620983925, 'alpha': 0.6261321553458956}. Best is trial 185 with value: 0.009076401675057464.
[I 2026-03-19 14:52:24,277] Trial 187 finished with value: 0.011872262329467323 and parameters: {'sigma_noise': 0.14976187499212334, 'A_repulsion': 0.13654130984853194, 'gamma': 0.6794651992837406, 'sigma_update': 0.15424271068370266, 'eta_learning': 2.789600665111556, 'sigma_boundary': 4.8746649636239106, 'alpha': 0.6911707265839044}. Best is trial 185 with value: 0.009076401675057464.
[I 2026-03-19 14:52:30,811] Trial 189 finished with value: 0.01109685074294914 and parameters: {'sigma_noise': 0.14334732113685006, 'A_repulsion': 0.1209937383090991, 'gamma': 0.6750561650052457, 'sigma_update': 0.15666180573619945, 'eta_learning': 2.1430267740914255, 'sigma_boundary': 5.276498963959747, 'alpha': 0.6259926238900883}. Best is trial 185 with value: 0.009076401675057464.
[I 2026-03-19 14:53:48,092] Trial 190 finished with value: 0.011716724575974951 and parameters: {'sigma_noise': 0.15040957944843883, 'A_repulsion': 0.12648296794945432, 'gamma': 0.676728243521461, 'sigma_update': 0.1520838137184144, 'eta_learning': 2.1420657589605305, 'sigma_boundary': 5.263979168312382, 'alpha': 0.6739697684229317}. Best is trial 185 with value: 0.009076401675057464.
[I 2026-03-19 14:54:00,235] Trial 191 finished with value: 0.030417323533249344 and parameters: {'sigma_noise': 0.14068541672392093, 'A_repulsion': 0.11053438285116012, 'gamma': 0.6707429315159661, 'sigma_update': 0.05198423599538109, 'eta_learning': 2.2985786467337825, 'sigma_boundary': 6.971108112002286, 'alpha': 0.6231579540382929}. Best is trial 185 with value: 0.009076401675057464.
[I 2026-03-19 14:54:09,365] Trial 192 finished with value: 0.009883175660232425 and parameters: {'sigma_noise': 0.14144774505319369, 'A_repulsion': 0.11563630286330798, 'gamma': 0.7768235718945146, 'sigma_update': 0.15620397066474476, 'eta_learning': 2.1186107499528317, 'sigma_boundary': 5.248324520135428, 'alpha': 0.6289071404699053}. Best is trial 185 with value: 0.009076401675057464.
[I 2026-03-19 14:54:23,722] Trial 194 finished with value: 0.010316625604498832 and parameters: {'sigma_noise': 0.14127514614849296, 'A_repulsion': 0.11503983621326927, 'gamma': 0.7864062585538502, 'sigma_update': 0.14892145033177065, 'eta_learning': 2.1457548946816383, 'sigma_boundary': 4.7430270766466505, 'alpha': 0.628193421648393}. Best is trial 185 with value: 0.009076401675057464.
[I 2026-03-19 14:54:32,064] Trial 193 finished with value: 0.01790699342474381 and parameters: {'sigma_noise': 0.13968157546671028, 'A_repulsion': 0.1315023717575477, 'gamma': 0.7835842087414359, 'sigma_update': 0.06112870849099363, 'eta_learning': 2.1497926635026174, 'sigma_boundary': 5.187626111892951, 'alpha': 0.6280305008630906}. Best is trial 185 with value: 0.009076401675057464.
[I 2026-03-19 14:54:44,069] Trial 195 finished with value: 0.018559844471634456 and parameters: {'sigma_noise': 0.14201516263281252, 'A_repulsion': 0.12392935840252145, 'gamma': 0.7899049186414496, 'sigma_update': 0.06694436007626045, 'eta_learning': 2.0919721402775266, 'sigma_boundary': 4.92733676079021, 'alpha': 0.7252081080952067}. Best is trial 185 with value: 0.009076401675057464.
[I 2026-03-19 14:54:52,546] Trial 196 finished with value: 0.009305818478829952 and parameters: {'sigma_noise': 0.15071704722596468, 'A_repulsion': 0.11842596325781965, 'gamma': 0.8434418600967684, 'sigma_update': 0.15344886327951954, 'eta_learning': 2.0833579099155264, 'sigma_boundary': 5.219894790871087, 'alpha': 0.6268765083905208}. Best is trial 185 with value: 0.009076401675057464.
[I 2026-03-19 14:54:53,040] Trial 198 finished with value: 0.010784519658944334 and parameters: {'sigma_noise': 0.14298728703009578, 'A_repulsion': 0.11717078543681349, 'gamma': 0.834074579733207, 'sigma_update': 0.15213850398338244, 'eta_learning': 2.1301888759616947, 'sigma_boundary': 5.269955536729095, 'alpha': 0.7239870612192937}. Best is trial 185 with value: 0.009076401675057464.
[I 2026-03-19 14:54:55,061] Trial 197 finished with value: 0.009273145120034727 and parameters: {'sigma_noise': 0.15169204556605398, 'A_repulsion': 0.12403198638476531, 'gamma': 0.8393806347194943, 'sigma_update': 0.15621329209083018, 'eta_learning': 2.123501654439998, 'sigma_boundary': 4.871843363878622, 'alpha': 0.6304070062924834}. Best is trial 185 with value: 0.009076401675057464.
[I 2026-03-19 14:54:58,272] Trial 199 finished with value: 0.0755257137337976 and parameters: {'sigma_noise': 0.15109128278762313, 'A_repulsion': 0.12072026862749138, 'gamma': 0.7884733031880409, 'sigma_update': 0.02746426881485861, 'eta_learning': 2.316613088027556, 'sigma_boundary': 4.163245164834709, 'alpha': 0.6234184542330679}. Best is trial 185 with value: 0.009076401675057464.
