[I 2026-03-06 16:45:46,671] Trial 79 finished with value: 0.07527895510982323 and parameters: {'sigma_noise': 0.26470775476498737, 'A_repulsion': 0.3066595142629161, 'gamma': 0.7748267195690577, 'sigma_update': 0.2758026469658944, 'eta_learning': 1.9324483198119162, 'sigma_boundary': 3.2705816637324627, 'alpha': 0.793564721184987}. Best is trial 88 with value: 0.027293192781812577.
[I 2026-03-06 16:46:30,647] Trial 84 finished with value: 0.09954636915212946 and parameters: {'sigma_noise': 0.25010454180945624, 'A_repulsion': 0.23039655733062686, 'gamma': 0.7198580290838509, 'sigma_update': 0.47678281213990215, 'eta_learning': 2.298133435960539, 'sigma_boundary': 4.149133484285236, 'alpha': 0.6227471444056888}. Best is trial 88 with value: 0.027293192781812577.
[I 2026-03-06 16:46:38,396] Trial 85 finished with value: 1.2242425099344154 and parameters: {'sigma_noise': 0.29903822762186805, 'A_repulsion': 0.13715690217170773, 'gamma': 0.80440726374105, 'sigma_update': 0.3738291479714114, 'eta_learning': 1.47192272378541, 'sigma_boundary': 3.5186850921871504, 'alpha': 0.24602442892605464}. Best is trial 88 with value: 0.027293192781812577.
[I 2026-03-06 16:46:44,288] Trial 92 finished with value: 0.08950700147811366 and parameters: {'sigma_noise': 0.0924818028788216, 'A_repulsion': 0.1915551575679681, 'gamma': 0.487280128015071, 'sigma_update': 0.13375060564686947, 'eta_learning': 0.9738471806109051, 'sigma_boundary': 6.245917417018914, 'alpha': 0.6043735468306131}. Best is trial 88 with value: 0.027293192781812577.
[I 2026-03-06 16:47:04,928] Trial 95 finished with value: 0.10908040683356365 and parameters: {'sigma_noise': 0.07866769324712618, 'A_repulsion': 0.15707969450241868, 'gamma': 0.26665801463617494, 'sigma_update': 0.19080747120900018, 'eta_learning': 0.9516644393381543, 'sigma_boundary': 6.655852199333774, 'alpha': 0.6443884729351549}. Best is trial 88 with value: 0.027293192781812577.
[I 2026-03-06 16:47:40,432] Trial 87 finished with value: 0.07950709761498562 and parameters: {'sigma_noise': 0.23441359589476468, 'A_repulsion': 0.2696395609276311, 'gamma': 0.5494671395817243, 'sigma_update': 0.2828711556157846, 'eta_learning': 1.2123761511533784, 'sigma_boundary': 5.637498735379082, 'alpha': 0.5977283487510214}. Best is trial 88 with value: 0.027293192781812577.
[I 2026-03-06 16:48:00,803] Trial 86 finished with value: 0.10835024094831638 and parameters: {'sigma_noise': 0.2954877989007055, 'A_repulsion': 0.27862252062615717, 'gamma': 0.36941757265087455, 'sigma_update': 0.1854865954123363, 'eta_learning': 1.5348539803375596, 'sigma_boundary': 3.0540457879709564, 'alpha': 0.5579308982343157}. Best is trial 88 with value: 0.027293192781812577.
[I 2026-03-06 16:48:01,648] Trial 93 finished with value: 0.5914563025718391 and parameters: {'sigma_noise': 0.1394477518886097, 'A_repulsion': 0.2035585635380125, 'gamma': 0.6359473965716407, 'sigma_update': 0.22709383246747616, 'eta_learning': 1.5805799817207589, 'sigma_boundary': 4.233042944993183, 'alpha': 0.23586316875193825}. Best is trial 88 with value: 0.027293192781812577.
[I 2026-03-06 16:48:25,998] Trial 83 finished with value: 0.2675355403322335 and parameters: {'sigma_noise': 0.3594264753955598, 'A_repulsion': 0.36682573022242076, 'gamma': 0.5598440968157712, 'sigma_update': 0.46171666747903595, 'eta_learning': 1.5121423807421464, 'sigma_boundary': 7.0448105960851635, 'alpha': 0.6313197825566599}. Best is trial 88 with value: 0.027293192781812577.
[I 2026-03-06 16:49:12,409] Trial 89 finished with value: 0.18126133735972413 and parameters: {'sigma_noise': 0.29680128470301725, 'A_repulsion': 0.24282874153796669, 'gamma': 0.5937461182890287, 'sigma_update': 0.12456162877696367, 'eta_learning': 1.7280423785348573, 'sigma_boundary': 5.25353030151449, 'alpha': 0.918011868288493}. Best is trial 88 with value: 0.027293192781812577.
[I 2026-03-06 16:50:05,855] Trial 94 finished with value: 0.1280116712538344 and parameters: {'sigma_noise': 0.1891977465519979, 'A_repulsion': 0.250741395449879, 'gamma': 0.3172878651284444, 'sigma_update': 0.09767930519245159, 'eta_learning': 2.2987779856657746, 'sigma_boundary': 5.617178078443207, 'alpha': 0.7043491311812989}. Best is trial 88 with value: 0.027293192781812577.
[I 2026-03-06 16:50:30,141] Trial 90 finished with value: 0.0955823217946848 and parameters: {'sigma_noise': 0.2973421002488998, 'A_repulsion': 0.31377702101700367, 'gamma': 0.8795801743369465, 'sigma_update': 0.15659113764280436, 'eta_learning': 1.4409039188551556, 'sigma_boundary': 1.3941648367247328, 'alpha': 0.5398557237409529}. Best is trial 88 with value: 0.027293192781812577.
[I 2026-03-06 16:50:31,105] Trial 91 finished with value: 0.11924493882660286 and parameters: {'sigma_noise': 0.255577315714204, 'A_repulsion': 0.3599478862374299, 'gamma': 0.3985798088759783, 'sigma_update': 0.09097914399439723, 'eta_learning': 1.1100483436412196, 'sigma_boundary': 3.9821490819534837, 'alpha': 0.48322863678624794}. Best is trial 88 with value: 0.027293192781812577.
[I 2026-03-06 16:55:06,438] Trial 97 finished with value: 0.05362501179336254 and parameters: {'sigma_noise': 0.14382504490638515, 'A_repulsion': 0.11321824503156476, 'gamma': 0.5203258123864853, 'sigma_update': 0.15224037277472488, 'eta_learning': 1.3383203730451554, 'sigma_boundary': 4.693948226607963, 'alpha': 0.5613229029477234}. Best is trial 88 with value: 0.027293192781812577.
[I 2026-03-06 16:56:14,169] Trial 96 finished with value: 0.10106489035418868 and parameters: {'sigma_noise': 0.22326931099998676, 'A_repulsion': 0.10693629314230116, 'gamma': 0.6931107601961755, 'sigma_update': 0.09679681056529035, 'eta_learning': 1.739352380347362, 'sigma_boundary': 5.242020705243169, 'alpha': 0.9085743104623301}. Best is trial 88 with value: 0.027293192781812577.
[I 2026-03-06 16:58:11,889] Trial 98 finished with value: 0.10287260140202427 and parameters: {'sigma_noise': 0.15677703750283195, 'A_repulsion': 0.3797739537977053, 'gamma': 0.5406540131328127, 'sigma_update': 0.26552239617599316, 'eta_learning': 1.6226400798032714, 'sigma_boundary': 2.789478309126084, 'alpha': 0.7842831864282171}. Best is trial 88 with value: 0.027293192781812577.
[I 2026-03-06 16:58:39,188] Trial 105 finished with value: 0.06379480117794224 and parameters: {'sigma_noise': 0.16155031988546334, 'A_repulsion': 0.07010552189246347, 'gamma': 0.7219038869704882, 'sigma_update': 0.3053512179902382, 'eta_learning': 1.8078331172715993, 'sigma_boundary': 4.797578462088758, 'alpha': 0.5875399004174268}. Best is trial 88 with value: 0.027293192781812577.
[I 2026-03-06 16:58:46,622] Trial 99 finished with value: 0.15104680999078876 and parameters: {'sigma_noise': 0.15411116647650194, 'A_repulsion': 0.24546480183686706, 'gamma': 0.6916225722888991, 'sigma_update': 0.05684468796902002, 'eta_learning': 1.5071244824364256, 'sigma_boundary': 5.136966607314597, 'alpha': 0.8865831865841138}. Best is trial 88 with value: 0.027293192781812577.
[I 2026-03-06 16:59:08,167] Trial 101 finished with value: 0.4962954939913441 and parameters: {'sigma_noise': 0.24012367246238764, 'A_repulsion': 0.12742078677898588, 'gamma': 0.754186233718825, 'sigma_update': 0.3369455259103755, 'eta_learning': 1.8801868587017927, 'sigma_boundary': 7.139617273651031, 'alpha': 0.32778769395069424}. Best is trial 88 with value: 0.027293192781812577.
[I 2026-03-06 16:59:40,341] Trial 100 finished with value: 0.0940265075017453 and parameters: {'sigma_noise': 0.19737026443730937, 'A_repulsion': 0.2863574846270742, 'gamma': 0.4405619721347666, 'sigma_update': 0.34631807745785287, 'eta_learning': 1.0827787169300853, 'sigma_boundary': 5.065855641251765, 'alpha': 0.5992375022096571}. Best is trial 88 with value: 0.027293192781812577.
[I 2026-03-06 16:59:58,241] Trial 109 finished with value: 0.04350964868135332 and parameters: {'sigma_noise': 0.18310579933681614, 'A_repulsion': 0.0058912386338404454, 'gamma': 0.5439508156120595, 'sigma_update': 0.15351530292030502, 'eta_learning': 1.3800582629954121, 'sigma_boundary': 5.861449634391879, 'alpha': 0.5124148471319296}. Best is trial 88 with value: 0.027293192781812577.
[I 2026-03-06 17:00:00,363] Trial 103 finished with value: 0.09921314667181033 and parameters: {'sigma_noise': 0.17812777601519764, 'A_repulsion': 0.2335548163903268, 'gamma': 0.5605568827446646, 'sigma_update': 0.07879384580809562, 'eta_learning': 1.9252880339922114, 'sigma_boundary': 7.805071536348254, 'alpha': 0.6720994182403052}. Best is trial 88 with value: 0.027293192781812577.
[I 2026-03-06 17:00:34,755] Trial 106 finished with value: 0.06780399017088577 and parameters: {'sigma_noise': 0.15294864211742876, 'A_repulsion': 0.21932562009189333, 'gamma': 0.6193994820787871, 'sigma_update': 0.1820995313393994, 'eta_learning': 0.631322170594879, 'sigma_boundary': 3.161014882942629, 'alpha': 0.71298084481071}. Best is trial 88 with value: 0.027293192781812577.
[I 2026-03-06 17:00:40,003] Trial 108 finished with value: 0.3656540701586712 and parameters: {'sigma_noise': 0.17490836268979115, 'A_repulsion': 0.1372439298631463, 'gamma': 0.5637576221528352, 'sigma_update': 0.4343826526068503, 'eta_learning': 1.0642861432914257, 'sigma_boundary': 5.602385693283767, 'alpha': 0.3467926654025061}. Best is trial 88 with value: 0.027293192781812577.
[I 2026-03-06 17:00:50,496] Trial 104 finished with value: 0.1031000968884889 and parameters: {'sigma_noise': 0.2680393965983468, 'A_repulsion': 0.14428026807629776, 'gamma': 0.493139102259874, 'sigma_update': 0.23144664102219215, 'eta_learning': 1.230918514329264, 'sigma_boundary': 6.247853552475075, 'alpha': 0.5235439372409791}. Best is trial 88 with value: 0.027293192781812577.
[I 2026-03-06 17:00:57,699] Trial 102 finished with value: 0.06405279572033387 and parameters: {'sigma_noise': 0.22391791924859283, 'A_repulsion': 0.2369030477400995, 'gamma': 0.6874481739404158, 'sigma_update': 0.23913077137421837, 'eta_learning': 1.8239075985137498, 'sigma_boundary': 2.7014989402100347, 'alpha': 0.7620774435133767}. Best is trial 88 with value: 0.027293192781812577.
[I 2026-03-06 17:01:24,328] Trial 107 finished with value: 0.05046719324582401 and parameters: {'sigma_noise': 0.19022335791655964, 'A_repulsion': 0.17704815101225665, 'gamma': 0.7902945102415067, 'sigma_update': 0.07844480961631095, 'eta_learning': 0.800351287182123, 'sigma_boundary': 6.849354422595203, 'alpha': 0.7053027004474314}. Best is trial 88 with value: 0.027293192781812577.
[I 2026-03-06 17:02:00,367] Trial 110 finished with value: 0.07934115330093242 and parameters: {'sigma_noise': 0.13410843956245055, 'A_repulsion': 0.2880624060322604, 'gamma': 0.5426636086638178, 'sigma_update': 0.16798673214186507, 'eta_learning': 1.294163131427297, 'sigma_boundary': 4.045191150082512, 'alpha': 0.4122193225443733}. Best is trial 88 with value: 0.027293192781812577.
[I 2026-03-06 17:02:24,260] Trial 111 finished with value: 0.047560848840561304 and parameters: {'sigma_noise': 0.23148049915487307, 'A_repulsion': 0.154195035130347, 'gamma': 0.7304019581161466, 'sigma_update': 0.24049891372279844, 'eta_learning': 1.6315567444442518, 'sigma_boundary': 3.9818239391671177, 'alpha': 0.6905015552854504}. Best is trial 88 with value: 0.027293192781812577.
[I 2026-03-06 17:03:07,035] Trial 114 finished with value: 0.12259933314049651 and parameters: {'sigma_noise': 0.20850136285801052, 'A_repulsion': 0.1514699941728383, 'gamma': 0.4705692043282969, 'sigma_update': 0.29597941633180547, 'eta_learning': 1.9615009248716053, 'sigma_boundary': 4.832168300093856, 'alpha': 0.49141339364623}. Best is trial 88 with value: 0.027293192781812577.
[I 2026-03-06 17:03:48,267] Trial 115 finished with value: 0.08573063514054803 and parameters: {'sigma_noise': 0.15483812657934298, 'A_repulsion': 0.2928120641188284, 'gamma': 0.544193572199312, 'sigma_update': 0.293477458319619, 'eta_learning': 2.0637120868019343, 'sigma_boundary': 4.455986316288303, 'alpha': 0.5598554772941878}. Best is trial 88 with value: 0.027293192781812577.
[I 2026-03-06 17:03:57,013] Trial 116 finished with value: 0.05421743954280366 and parameters: {'sigma_noise': 0.1889320860511738, 'A_repulsion': 0.15426350707987818, 'gamma': 0.38531773640546035, 'sigma_update': 0.14225428770004078, 'eta_learning': 1.262103956105054, 'sigma_boundary': 6.69333198024821, 'alpha': 0.5385315628173053}. Best is trial 88 with value: 0.027293192781812577.
[I 2026-03-06 17:04:39,585] Trial 117 finished with value: 0.0772034436304943 and parameters: {'sigma_noise': 0.12061108828462212, 'A_repulsion': 0.19616686243225798, 'gamma': 0.7968178474898369, 'sigma_update': 0.2650208337115247, 'eta_learning': 1.242609298893592, 'sigma_boundary': 2.9969335270403232, 'alpha': 0.8704667645079627}. Best is trial 88 with value: 0.027293192781812577.
[I 2026-03-06 17:04:42,395] Trial 113 finished with value: 0.07271153607793462 and parameters: {'sigma_noise': 0.2603092592386529, 'A_repulsion': 0.16921228134080052, 'gamma': 0.6413214305920428, 'sigma_update': 0.18281880721960908, 'eta_learning': 1.8816780518291807, 'sigma_boundary': 6.549572331548577, 'alpha': 0.7311201612463736}. Best is trial 88 with value: 0.027293192781812577.
[I 2026-03-06 17:05:15,491] Trial 112 finished with value: 0.19856190097546011 and parameters: {'sigma_noise': 0.3466603159621252, 'A_repulsion': 0.11034294153129486, 'gamma': 0.3641945988643802, 'sigma_update': 0.11951359886209463, 'eta_learning': 0.9570114000880394, 'sigma_boundary': 6.214049727152041, 'alpha': 0.698375270184438}. Best is trial 88 with value: 0.027293192781812577.
[I 2026-03-06 17:05:43,736] Trial 120 finished with value: 0.053841068530335594 and parameters: {'sigma_noise': 0.05181510382064716, 'A_repulsion': 0.03799449842526327, 'gamma': 0.9081864770686745, 'sigma_update': 0.02560723162566937, 'eta_learning': 1.0983162181607293, 'sigma_boundary': 2.2957690507987962, 'alpha': 0.6191752144817453}. Best is trial 88 with value: 0.027293192781812577.
[I 2026-03-06 17:05:49,840] Trial 118 finished with value: 0.056064829426885426 and parameters: {'sigma_noise': 0.19654600080512447, 'A_repulsion': 0.1618169018061904, 'gamma': 0.8190317442253662, 'sigma_update': 0.3075445232065845, 'eta_learning': 1.2273693369003358, 'sigma_boundary': 4.063902692329455, 'alpha': 0.8891598445913073}. Best is trial 88 with value: 0.027293192781812577.
[I 2026-03-06 17:05:55,411] Trial 119 finished with value: 0.08285444047579411 and parameters: {'sigma_noise': 0.1461943536924788, 'A_repulsion': 0.23075990930481838, 'gamma': 0.4735044498528453, 'sigma_update': 0.3056297634791734, 'eta_learning': 0.9451251784309919, 'sigma_boundary': 8.033625154853508, 'alpha': 0.7061391947080157}. Best is trial 88 with value: 0.027293192781812577.
[I 2026-03-06 17:09:41,564] Trial 121 finished with value: 0.1264712376718409 and parameters: {'sigma_noise': 0.09025001567747902, 'A_repulsion': 0.13248378952222267, 'gamma': 0.3380474138188017, 'sigma_update': 0.32655618554611093, 'eta_learning': 1.341276732663144, 'sigma_boundary': 4.569756180662635, 'alpha': 0.5260785634981957}. Best is trial 88 with value: 0.027293192781812577.
[I 2026-03-06 17:12:18,295] Trial 124 finished with value: 0.09989730468338899 and parameters: {'sigma_noise': 0.17834198341975854, 'A_repulsion': 0.04747264206917386, 'gamma': 0.5717698680927219, 'sigma_update': 0.4100499346550888, 'eta_learning': 0.5566391625925229, 'sigma_boundary': 2.3640667048432116, 'alpha': 0.501084530463609}. Best is trial 88 with value: 0.027293192781812577.
[I 2026-03-06 17:12:24,878] Trial 122 finished with value: 0.06043370567491388 and parameters: {'sigma_noise': 0.13610258975135076, 'A_repulsion': 0.15969025650636834, 'gamma': 0.8141259447029454, 'sigma_update': 0.13228450586707138, 'eta_learning': 1.389051046397652, 'sigma_boundary': 6.565368473033408, 'alpha': 0.6851973737610988}. Best is trial 88 with value: 0.027293192781812577.
[I 2026-03-06 17:13:15,598] Trial 123 finished with value: 0.03696446994025886 and parameters: {'sigma_noise': 0.18250437116889234, 'A_repulsion': 0.13776373542122644, 'gamma': 0.863967294615958, 'sigma_update': 0.27575547177339965, 'eta_learning': 0.48518265771706065, 'sigma_boundary': 4.615304415063646, 'alpha': 0.5531120005265194}. Best is trial 88 with value: 0.027293192781812577.
[I 2026-03-06 17:13:43,299] Trial 131 finished with value: 0.03584253303736322 and parameters: {'sigma_noise': 0.16204805525320276, 'A_repulsion': 0.015386216700595312, 'gamma': 0.8163115631510893, 'sigma_update': 0.09408172867742799, 'eta_learning': 1.6077901604745326, 'sigma_boundary': 3.596614490818502, 'alpha': 0.7512411794945311}. Best is trial 88 with value: 0.027293192781812577.
[I 2026-03-06 17:14:08,450] Trial 127 finished with value: 0.04707008744335982 and parameters: {'sigma_noise': 0.16166667759531622, 'A_repulsion': 0.12991258484613621, 'gamma': 0.6990393409764105, 'sigma_update': 0.14370092428347764, 'eta_learning': 1.7045198818250018, 'sigma_boundary': 2.6512748079126838, 'alpha': 0.6236154748915166}. Best is trial 88 with value: 0.027293192781812577.
[I 2026-03-06 17:14:10,625] Trial 125 finished with value: 0.04220738751389168 and parameters: {'sigma_noise': 0.23494536073307337, 'A_repulsion': 0.08679381910239012, 'gamma': 0.953667165149782, 'sigma_update': 0.1619914239652556, 'eta_learning': 0.17286535501161732, 'sigma_boundary': 3.1568864656448783, 'alpha': 0.6550912900792158}. Best is trial 88 with value: 0.027293192781812577.
[I 2026-03-06 17:14:31,973] Trial 128 finished with value: 0.05180050440291451 and parameters: {'sigma_noise': 0.15625437664887099, 'A_repulsion': 0.10986824177615727, 'gamma': 0.7727110692883443, 'sigma_update': 0.3058858546722915, 'eta_learning': 0.6564654391120408, 'sigma_boundary': 3.388642073850133, 'alpha': 0.5561910985741656}. Best is trial 88 with value: 0.027293192781812577.
[I 2026-03-06 17:15:12,202] Trial 126 finished with value: 0.061372513528146364 and parameters: {'sigma_noise': 0.16736788729154545, 'A_repulsion': 0.25947681729887817, 'gamma': 0.7770747788200999, 'sigma_update': 0.1993869738691759, 'eta_learning': 1.9184864880574202, 'sigma_boundary': 5.883465674710541, 'alpha': 0.7350552520111152}. Best is trial 88 with value: 0.027293192781812577.
[I 2026-03-06 17:15:35,967] Trial 133 finished with value: 0.04053846518611839 and parameters: {'sigma_noise': 0.15333763692675972, 'A_repulsion': 0.12663527127725596, 'gamma': 0.8973758648180902, 'sigma_update': 0.2305534528362609, 'eta_learning': 1.233928905349835, 'sigma_boundary': 1.650378040388488, 'alpha': 0.47270846285383755}. Best is trial 88 with value: 0.027293192781812577.
[I 2026-03-06 17:16:02,501] Trial 130 finished with value: 0.04008311768941128 and parameters: {'sigma_noise': 0.2371355079676169, 'A_repulsion': 0.115234335898485, 'gamma': 0.9072277711565248, 'sigma_update': 0.14521475582516222, 'eta_learning': 1.3217686257587264, 'sigma_boundary': 5.518716157012324, 'alpha': 0.750365183374327}. Best is trial 88 with value: 0.027293192781812577.
[I 2026-03-06 17:16:56,420] Trial 129 finished with value: 0.04639223179605803 and parameters: {'sigma_noise': 0.22570788842483697, 'A_repulsion': 0.2096010568399479, 'gamma': 0.9033660769259079, 'sigma_update': 0.2034141909174363, 'eta_learning': 1.2534447941900482, 'sigma_boundary': 4.707870371820552, 'alpha': 0.7338489848273464}. Best is trial 88 with value: 0.027293192781812577.
[I 2026-03-06 17:17:04,174] Trial 132 finished with value: 0.06534066285198387 and parameters: {'sigma_noise': 0.19105296713939257, 'A_repulsion': 0.2562683442633047, 'gamma': 0.9359340686090962, 'sigma_update': 0.11216888064304265, 'eta_learning': 0.5462114181105848, 'sigma_boundary': 2.580784385636561, 'alpha': 0.7473291263113162}. Best is trial 88 with value: 0.027293192781812577.
[I 2026-03-06 17:17:29,743] Trial 137 finished with value: 0.039713393123114185 and parameters: {'sigma_noise': 0.1730344880295583, 'A_repulsion': 0.05366238738662535, 'gamma': 0.5448310944052502, 'sigma_update': 0.1313720395550228, 'eta_learning': 1.1414148980421723, 'sigma_boundary': 4.156428293037888, 'alpha': 0.4790514429893297}. Best is trial 88 with value: 0.027293192781812577.
[I 2026-03-06 17:18:00,898] Trial 139 finished with value: 0.1117956050565028 and parameters: {'sigma_noise': 0.06320028760894324, 'A_repulsion': 0.2098307254711354, 'gamma': 0.5195148394883042, 'sigma_update': 0.3296776680737746, 'eta_learning': 1.7156068171780767, 'sigma_boundary': 4.010698420558316, 'alpha': 0.7784076441189512}. Best is trial 88 with value: 0.027293192781812577.
[I 2026-03-06 17:18:05,135] Trial 134 finished with value: 0.34990475123365766 and parameters: {'sigma_noise': 0.2222475035221148, 'A_repulsion': 0.1936729944350249, 'gamma': 0.9470385535344772, 'sigma_update': 0.33422984058591604, 'eta_learning': 0.5794919850739395, 'sigma_boundary': 0.9751280561805803, 'alpha': 0.26297841464923855}. Best is trial 88 with value: 0.027293192781812577.
[I 2026-03-06 17:18:58,009] Trial 135 finished with value: 0.09282095888166585 and parameters: {'sigma_noise': 0.22990474273072814, 'A_repulsion': 0.20443195502048261, 'gamma': 0.3023346521046391, 'sigma_update': 0.28488135563431555, 'eta_learning': 1.1151206683871338, 'sigma_boundary': 4.109804448451888, 'alpha': 0.6254508235390878}. Best is trial 88 with value: 0.027293192781812577.
[I 2026-03-06 17:19:06,840] Trial 136 finished with value: 0.05603694675469489 and parameters: {'sigma_noise': 0.23497063087411219, 'A_repulsion': 0.15281553816233973, 'gamma': 0.9138368299455095, 'sigma_update': 0.07480980964348147, 'eta_learning': 0.215641327136839, 'sigma_boundary': 3.9145309846666296, 'alpha': 0.7311429988368487}. Best is trial 88 with value: 0.027293192781812577.
