[I 2026-03-06 14:20:04,549] Trial 50 finished with value: 0.22932340586299965 and parameters: {'sigma_noise': 0.30143243388283786, 'A_repulsion': 0.3053221214257188, 'gamma': 0.4551904368093098, 'sigma_update': 0.3797848063990713, 'eta_learning': 1.4800132155250438, 'sigma_boundary': 5.410794381411425, 'alpha': 0.5017216714710659}. Best is trial 6 with value: 0.037191831320313506.
[I 2026-03-06 14:20:05,338] Trial 52 finished with value: 0.10160237798638067 and parameters: {'sigma_noise': 0.29125784947581296, 'A_repulsion': 0.2813586197562715, 'gamma': 0.5464614885622174, 'sigma_update': 0.3254351629646229, 'eta_learning': 2.0045621890399885, 'sigma_boundary': 3.943549736573335, 'alpha': 0.7619259016456633}. Best is trial 6 with value: 0.037191831320313506.
[I 2026-03-06 14:20:28,906] Trial 56 finished with value: 1.117869316687604 and parameters: {'sigma_noise': 0.2619758971770722, 'A_repulsion': 0.14722436438596503, 'gamma': 0.7816574045101641, 'sigma_update': 0.039946390488625305, 'eta_learning': 1.6567812451341928, 'sigma_boundary': 2.835120603102154, 'alpha': 0.30893268989459655}. Best is trial 6 with value: 0.037191831320313506.
[I 2026-03-06 14:20:44,482] Trial 58 finished with value: 0.15166904495128425 and parameters: {'sigma_noise': 0.25163380228531357, 'A_repulsion': 0.18206380255284352, 'gamma': 0.39334005209986533, 'sigma_update': 0.16319096323514518, 'eta_learning': 0.4468629081174916, 'sigma_boundary': 5.692077065080124, 'alpha': 0.8615391123881482}. Best is trial 6 with value: 0.037191831320313506.
[I 2026-03-06 14:20:54,622] Trial 55 finished with value: 0.13772175974138967 and parameters: {'sigma_noise': 0.18137938809604032, 'A_repulsion': 0.3975569868968546, 'gamma': 0.4907483656319116, 'sigma_update': 0.1308858320678607, 'eta_learning': 2.341146981888035, 'sigma_boundary': 4.693654631594975, 'alpha': 0.6870518173472502}. Best is trial 6 with value: 0.037191831320313506.
[I 2026-03-06 14:20:56,909] Trial 61 finished with value: 0.07020511407199541 and parameters: {'sigma_noise': 0.20610443278203733, 'A_repulsion': 0.18340108917471004, 'gamma': 0.6045120853228981, 'sigma_update': 0.3091416463700201, 'eta_learning': 2.0897538107476383, 'sigma_boundary': 4.363810290414784, 'alpha': 0.6299757681512232}. Best is trial 6 with value: 0.037191831320313506.
[I 2026-03-06 14:21:08,317] Trial 63 finished with value: 0.11994017091645368 and parameters: {'sigma_noise': 0.2329112283404789, 'A_repulsion': 0.07682939159850763, 'gamma': 0.567880210273883, 'sigma_update': 0.351191606478895, 'eta_learning': 1.0564349060790146, 'sigma_boundary': 4.218524828246246, 'alpha': 0.5224018738080543}. Best is trial 6 with value: 0.037191831320313506.
[I 2026-03-06 14:21:44,427] Trial 68 finished with value: 0.11655001959763861 and parameters: {'sigma_noise': 0.09281460799087263, 'A_repulsion': 0.25553159849867046, 'gamma': 0.40938271008911326, 'sigma_update': 0.40832266217870083, 'eta_learning': 1.5035290903358645, 'sigma_boundary': 2.565648004130395, 'alpha': 0.5140021365215452}. Best is trial 6 with value: 0.037191831320313506.
[I 2026-03-06 14:22:40,413] Trial 65 finished with value: 0.13056205883929578 and parameters: {'sigma_noise': 0.24493161857970436, 'A_repulsion': 0.2142623019686776, 'gamma': 0.591139177744572, 'sigma_update': 0.2833593587529188, 'eta_learning': 1.4697175395310702, 'sigma_boundary': 1.4106195939446518, 'alpha': 0.43119055718222826}. Best is trial 6 with value: 0.037191831320313506.
[I 2026-03-06 14:22:53,547] Trial 62 finished with value: 0.07962995804518377 and parameters: {'sigma_noise': 0.1984989868271244, 'A_repulsion': 0.4183602660279536, 'gamma': 0.6608802366098755, 'sigma_update': 0.1903903152320104, 'eta_learning': 1.6641266347164219, 'sigma_boundary': 5.775608326857769, 'alpha': 0.6177297004663379}. Best is trial 6 with value: 0.037191831320313506.
[I 2026-03-06 14:23:20,316] Trial 64 finished with value: 0.1389670060725789 and parameters: {'sigma_noise': 0.33567665391618023, 'A_repulsion': 0.18537946749861015, 'gamma': 0.5985001237751484, 'sigma_update': 0.2880840991513682, 'eta_learning': 1.0577620431035675, 'sigma_boundary': 1.944288488519894, 'alpha': 0.583398591790193}. Best is trial 6 with value: 0.037191831320313506.
[I 2026-03-06 14:23:49,839] Trial 66 finished with value: 0.9054219620211039 and parameters: {'sigma_noise': 0.3506457827437302, 'A_repulsion': 0.19112515826935006, 'gamma': 0.6723198798081916, 'sigma_update': 0.17031655327920064, 'eta_learning': 1.9131739729578168, 'sigma_boundary': 3.42286961901146, 'alpha': 0.3421178444940422}. Best is trial 6 with value: 0.037191831320313506.
[I 2026-03-06 14:24:04,740] Trial 71 finished with value: 0.04673227560631292 and parameters: {'sigma_noise': 0.20749449683601395, 'A_repulsion': 0.11858246033158772, 'gamma': 0.8744418351914838, 'sigma_update': 0.1054955707861929, 'eta_learning': 2.2038213389262578, 'sigma_boundary': 1.7189749855828467, 'alpha': 0.6130271002710093}. Best is trial 6 with value: 0.037191831320313506.
[I 2026-03-06 14:24:14,640] Trial 70 finished with value: 0.1027984299492937 and parameters: {'sigma_noise': 0.3041298938664684, 'A_repulsion': 0.09733624797306369, 'gamma': 0.298924871516824, 'sigma_update': 0.20813993815212073, 'eta_learning': 1.241184402667602, 'sigma_boundary': 2.5758352263950237, 'alpha': 0.5199627425158493}. Best is trial 6 with value: 0.037191831320313506.
[I 2026-03-06 14:24:53,438] Trial 67 finished with value: 0.1871726463743814 and parameters: {'sigma_noise': 0.37908314426187756, 'A_repulsion': 0.1934139864457033, 'gamma': 0.43769681874282407, 'sigma_update': 0.1602972646743625, 'eta_learning': 1.561384473025565, 'sigma_boundary': 4.7080775190237585, 'alpha': 0.6685281654620439}. Best is trial 6 with value: 0.037191831320313506.
[I 2026-03-06 14:25:25,069] Trial 69 finished with value: 0.11097190354411503 and parameters: {'sigma_noise': 0.2987574981427469, 'A_repulsion': 0.29005436640478394, 'gamma': 0.4989775588142985, 'sigma_update': 0.22320727358968273, 'eta_learning': 1.8881922952190693, 'sigma_boundary': 4.410625305789135, 'alpha': 0.545959613988248}. Best is trial 6 with value: 0.037191831320313506.
[I 2026-03-06 14:30:38,535] Trial 72 finished with value: 0.07424756657658556 and parameters: {'sigma_noise': 0.2137477114574851, 'A_repulsion': 0.17885257000319307, 'gamma': 0.6390884346123932, 'sigma_update': 0.28975276702632363, 'eta_learning': 0.8042915390754924, 'sigma_boundary': 3.7092786498965284, 'alpha': 0.5144853983604181}. Best is trial 6 with value: 0.037191831320313506.
[I 2026-03-06 14:30:53,439] Trial 73 finished with value: 0.3121627656328239 and parameters: {'sigma_noise': 0.17886225189671617, 'A_repulsion': 0.16325828780818213, 'gamma': 0.5888836642250841, 'sigma_update': 0.3714879211100488, 'eta_learning': 1.0175951381360682, 'sigma_boundary': 3.6874625214102443, 'alpha': 0.3311195339067663}. Best is trial 6 with value: 0.037191831320313506.
[I 2026-03-06 14:32:54,909] Trial 82 finished with value: 0.0870872811382915 and parameters: {'sigma_noise': 0.24831712089316538, 'A_repulsion': 0.09723303828326363, 'gamma': 0.6387083801050021, 'sigma_update': 0.35969886360157893, 'eta_learning': 1.331611064644628, 'sigma_boundary': 4.584875964545845, 'alpha': 0.6044393559957721}. Best is trial 6 with value: 0.037191831320313506.
[I 2026-03-06 14:33:07,597] Trial 74 finished with value: 0.27210180479544466 and parameters: {'sigma_noise': 0.25802786539986744, 'A_repulsion': 0.2573393680587882, 'gamma': 0.6150242924991739, 'sigma_update': 0.13445809670895, 'eta_learning': 2.2282095741370695, 'sigma_boundary': 4.218782657395229, 'alpha': 0.4006310790919533}. Best is trial 6 with value: 0.037191831320313506.
[I 2026-03-06 14:33:11,257] Trial 86 finished with value: 0.05706432525537518 and parameters: {'sigma_noise': 0.21914573109097468, 'A_repulsion': 0.08185523950024097, 'gamma': 0.821963563261016, 'sigma_update': 0.34087851102844385, 'eta_learning': 1.6826936230342955, 'sigma_boundary': 5.240368825277469, 'alpha': 0.5334980808126075}. Best is trial 6 with value: 0.037191831320313506.
[I 2026-03-06 14:33:40,742] Trial 81 finished with value: 0.14464541630531885 and parameters: {'sigma_noise': 0.22373783883690218, 'A_repulsion': 0.2777110570004069, 'gamma': 0.7626243921944504, 'sigma_update': 0.4147248969054878, 'eta_learning': 1.4958741276841347, 'sigma_boundary': 2.681875329270821, 'alpha': 0.4631112181493882}. Best is trial 6 with value: 0.037191831320313506.
[I 2026-03-06 14:34:06,507] Trial 75 finished with value: 0.09600251530283906 and parameters: {'sigma_noise': 0.2779957196046339, 'A_repulsion': 0.24705404013857016, 'gamma': 0.5640486108163693, 'sigma_update': 0.24709567336661353, 'eta_learning': 1.2852035491670266, 'sigma_boundary': 3.5153480612754553, 'alpha': 0.7365195339585396}. Best is trial 6 with value: 0.037191831320313506.
[I 2026-03-06 14:34:07,756] Trial 77 finished with value: 0.11568132158198303 and parameters: {'sigma_noise': 0.292938682023357, 'A_repulsion': 0.2576246846529446, 'gamma': 0.47351686995179476, 'sigma_update': 0.3323882176693841, 'eta_learning': 1.3415130120785115, 'sigma_boundary': 6.350382664774884, 'alpha': 0.6456365749313713}. Best is trial 6 with value: 0.037191831320313506.
[I 2026-03-06 14:34:36,985] Trial 80 finished with value: 0.9001150680228348 and parameters: {'sigma_noise': 0.2221749156977133, 'A_repulsion': 0.3382315175203668, 'gamma': 0.8642086394034504, 'sigma_update': 0.24991182372676052, 'eta_learning': 1.6000685274006559, 'sigma_boundary': 4.229810498681153, 'alpha': 0.299459672331518}. Best is trial 6 with value: 0.037191831320313506.
[I 2026-03-06 14:34:51,869] Trial 83 finished with value: 0.09177897641780966 and parameters: {'sigma_noise': 0.2817090942339903, 'A_repulsion': 0.2095239469376353, 'gamma': 0.6565874339501125, 'sigma_update': 0.36683496221303846, 'eta_learning': 1.8245356076462171, 'sigma_boundary': 5.2513822277180315, 'alpha': 0.6715579000887729}. Best is trial 6 with value: 0.037191831320313506.
[I 2026-03-06 14:35:00,336] Trial 79 finished with value: 0.12543389867487653 and parameters: {'sigma_noise': 0.37147143523167875, 'A_repulsion': 0.23220595614905565, 'gamma': 0.8809283709754643, 'sigma_update': 0.26327076322320647, 'eta_learning': 0.9281392462229506, 'sigma_boundary': 4.752356548452272, 'alpha': 0.9005415856379972}. Best is trial 6 with value: 0.037191831320313506.
[I 2026-03-06 14:35:04,037] Trial 78 finished with value: 1.7235107067345106 and parameters: {'sigma_noise': 0.35220866029240583, 'A_repulsion': 0.2915967061957345, 'gamma': 0.5042359612137195, 'sigma_update': 0.36139226719165113, 'eta_learning': 1.3231564113856595, 'sigma_boundary': 1.8802559278713262, 'alpha': 0.23467621730281446}. Best is trial 6 with value: 0.037191831320313506.
[I 2026-03-06 14:35:16,746] Trial 76 finished with value: 1.3912658070287063 and parameters: {'sigma_noise': 0.36416527405945665, 'A_repulsion': 0.271033147932411, 'gamma': 0.6319737312704516, 'sigma_update': 0.08102712837396228, 'eta_learning': 0.9943943967714212, 'sigma_boundary': 2.8108799505567523, 'alpha': 0.3175363073871855}. Best is trial 6 with value: 0.037191831320313506.
[I 2026-03-06 14:35:23,026] Trial 87 finished with value: 0.09204692106537547 and parameters: {'sigma_noise': 0.3040434570004321, 'A_repulsion': 0.1119569199654848, 'gamma': 0.6197762577994683, 'sigma_update': 0.3126699533193859, 'eta_learning': 2.160091492080479, 'sigma_boundary': 1.9667892445757071, 'alpha': 0.6966815455976789}. Best is trial 6 with value: 0.037191831320313506.
[I 2026-03-06 14:35:44,348] Trial 84 finished with value: 0.21592520433661777 and parameters: {'sigma_noise': 0.3212243357002277, 'A_repulsion': 0.2474363161629222, 'gamma': 0.481058571720623, 'sigma_update': 0.46022774841242986, 'eta_learning': 2.529165653392239, 'sigma_boundary': 4.669222112828202, 'alpha': 0.63013374403671}. Best is trial 6 with value: 0.037191831320313506.
[I 2026-03-06 14:35:50,896] Trial 91 finished with value: 0.07898518217457567 and parameters: {'sigma_noise': 0.1445804591796832, 'A_repulsion': 0.17522456808357367, 'gamma': 0.6998160363394418, 'sigma_update': 0.3644066030827252, 'eta_learning': 1.1383240470717206, 'sigma_boundary': 5.402510177670249, 'alpha': 0.5366900152653056}. Best is trial 6 with value: 0.037191831320313506.
[I 2026-03-06 14:36:01,485] Trial 85 finished with value: 0.7522308148505045 and parameters: {'sigma_noise': 0.35323633918774144, 'A_repulsion': 0.15502018197736245, 'gamma': 0.4064325590786799, 'sigma_update': 0.44368573295830943, 'eta_learning': 2.2231935548372443, 'sigma_boundary': 3.1729035577963547, 'alpha': 0.3536804909695187}. Best is trial 6 with value: 0.037191831320313506.
[I 2026-03-06 14:36:28,977] Trial 88 finished with value: 0.07925366154596945 and parameters: {'sigma_noise': 0.2551226579590114, 'A_repulsion': 0.17011604291754925, 'gamma': 0.5779969689389446, 'sigma_update': 0.1527698419063803, 'eta_learning': 1.4557388687745998, 'sigma_boundary': 6.23852552346409, 'alpha': 0.6252426490969794}. Best is trial 6 with value: 0.037191831320313506.
[I 2026-03-06 14:36:30,575] Trial 90 finished with value: 0.0971322850695278 and parameters: {'sigma_noise': 0.20088606098175726, 'A_repulsion': 0.19869789186732745, 'gamma': 0.38290269923354964, 'sigma_update': 0.14914666918267167, 'eta_learning': 2.269072330628752, 'sigma_boundary': 3.7831068974290405, 'alpha': 0.6474957961361983}. Best is trial 6 with value: 0.037191831320313506.
[I 2026-03-06 14:36:46,014] Trial 93 finished with value: 0.09472896435308395 and parameters: {'sigma_noise': 0.14172330548690912, 'A_repulsion': 0.2782096984624551, 'gamma': 0.5678014006940039, 'sigma_update': 0.303860805577217, 'eta_learning': 1.625065802336567, 'sigma_boundary': 6.2858556962233125, 'alpha': 0.6248065457029339}. Best is trial 6 with value: 0.037191831320313506.
[I 2026-03-06 14:37:39,199] Trial 95 finished with value: 0.2004324993403011 and parameters: {'sigma_noise': 0.171654895879235, 'A_repulsion': 0.15588032077675015, 'gamma': 0.4851980041421835, 'sigma_update': 0.20588009558165374, 'eta_learning': 1.5793154055027883, 'sigma_boundary': 4.940154997067594, 'alpha': 0.34156290590723787}. Best is trial 6 with value: 0.037191831320313506.
[I 2026-03-06 14:38:34,372] Trial 92 finished with value: 0.0626086055751641 and parameters: {'sigma_noise': 0.25690933777925046, 'A_repulsion': 0.22212470221160144, 'gamma': 0.7447340794313302, 'sigma_update': 0.2881455363907572, 'eta_learning': 1.8099248746638925, 'sigma_boundary': 3.825238183519221, 'alpha': 0.7028011841615824}. Best is trial 6 with value: 0.037191831320313506.
[I 2026-03-06 14:38:59,675] Trial 89 finished with value: 0.15439016279772974 and parameters: {'sigma_noise': 0.363290025671521, 'A_repulsion': 0.3637425667810942, 'gamma': 0.5709175690153871, 'sigma_update': 0.36509779248867646, 'eta_learning': 0.9857704256355714, 'sigma_boundary': 5.051339332403843, 'alpha': 0.7127323548703142}. Best is trial 6 with value: 0.037191831320313506.
[I 2026-03-06 14:39:49,163] Trial 94 finished with value: 0.11830902678477646 and parameters: {'sigma_noise': 0.3014923332847107, 'A_repulsion': 0.1828796916123211, 'gamma': 0.6871792366545363, 'sigma_update': 0.1280886732813496, 'eta_learning': 1.4209427172308717, 'sigma_boundary': 6.969041477146858, 'alpha': 0.7223827432470824}. Best is trial 6 with value: 0.037191831320313506.
[I 2026-03-06 14:42:48,192] Trial 97 finished with value: 0.06937224471716746 and parameters: {'sigma_noise': 0.13759545390995476, 'A_repulsion': 0.12147040790955486, 'gamma': 0.4945006094795832, 'sigma_update': 0.21820806651418034, 'eta_learning': 2.2348003484030237, 'sigma_boundary': 5.287299819258576, 'alpha': 0.6189482326434963}. Best is trial 6 with value: 0.037191831320313506.
[I 2026-03-06 14:44:17,252] Trial 96 finished with value: 0.08719810247283162 and parameters: {'sigma_noise': 0.17444655959870847, 'A_repulsion': 0.27514150412969124, 'gamma': 0.5651708249225689, 'sigma_update': 0.11903670321379758, 'eta_learning': 1.365112119647186, 'sigma_boundary': 4.228699869010566, 'alpha': 0.6337980257214064}. Best is trial 6 with value: 0.037191831320313506.
[I 2026-03-06 14:45:37,925] Trial 98 finished with value: 0.16713918755646875 and parameters: {'sigma_noise': 0.14165194380662122, 'A_repulsion': 0.18115477792737755, 'gamma': 0.5197198599830675, 'sigma_update': 0.06393899682969328, 'eta_learning': 0.892039322233145, 'sigma_boundary': 4.5661747909816, 'alpha': 0.8227942335085735}. Best is trial 6 with value: 0.037191831320313506.
[I 2026-03-06 14:46:28,115] Trial 101 finished with value: 0.0647249224580488 and parameters: {'sigma_noise': 0.21126343076628873, 'A_repulsion': 0.08656161354981796, 'gamma': 0.5828849554495177, 'sigma_update': 0.25901265673779594, 'eta_learning': 0.6898125823592958, 'sigma_boundary': 4.290849226959977, 'alpha': 0.4938932376562857}. Best is trial 6 with value: 0.037191831320313506.
[I 2026-03-06 14:46:50,764] Trial 110 finished with value: 0.08587985382146889 and parameters: {'sigma_noise': 0.08409418850281644, 'A_repulsion': 0.10305971963574376, 'gamma': 0.5336280280316233, 'sigma_update': 0.11530473979275382, 'eta_learning': 1.78764771297101, 'sigma_boundary': 6.5025938517569095, 'alpha': 0.8264055047294202}. Best is trial 6 with value: 0.037191831320313506.
[I 2026-03-06 14:46:51,781] Trial 106 finished with value: 0.0472417258849435 and parameters: {'sigma_noise': 0.16651600483634887, 'A_repulsion': 0.057163122933137966, 'gamma': 0.6014573664863877, 'sigma_update': 0.11759466350428296, 'eta_learning': 2.6853214431292054, 'sigma_boundary': 2.7389218883490813, 'alpha': 0.5953744685295769}. Best is trial 6 with value: 0.037191831320313506.
[I 2026-03-06 14:47:02,094] Trial 99 finished with value: 0.06637226564310128 and parameters: {'sigma_noise': 0.19520929272754828, 'A_repulsion': 0.22171247060269217, 'gamma': 0.5985895347475015, 'sigma_update': 0.1434197086365888, 'eta_learning': 1.3383272699435664, 'sigma_boundary': 4.045136938445979, 'alpha': 0.6237729820278067}. Best is trial 6 with value: 0.037191831320313506.
[I 2026-03-06 14:47:37,079] Trial 107 finished with value: 0.1073817103764039 and parameters: {'sigma_noise': 0.1638703660936333, 'A_repulsion': 0.24196994931990465, 'gamma': 0.5541020068592316, 'sigma_update': 0.11110838287373972, 'eta_learning': 1.016246422753219, 'sigma_boundary': 7.787725145503292, 'alpha': 0.7529356408223039}. Best is trial 6 with value: 0.037191831320313506.
[I 2026-03-06 14:48:12,265] Trial 105 finished with value: 0.14404677998142607 and parameters: {'sigma_noise': 0.1854318286902174, 'A_repulsion': 0.22810891822507467, 'gamma': 0.3297548025402398, 'sigma_update': 0.11694181218451549, 'eta_learning': 1.9575223669213995, 'sigma_boundary': 7.8412252773836, 'alpha': 0.7268564461870914}. Best is trial 6 with value: 0.037191831320313506.
[I 2026-03-06 14:48:21,458] Trial 102 finished with value: 0.0968140115791353 and parameters: {'sigma_noise': 0.25897776115566423, 'A_repulsion': 0.1777703489495881, 'gamma': 0.623388076108906, 'sigma_update': 0.25714297728560753, 'eta_learning': 1.2644986343675575, 'sigma_boundary': 6.111330962556432, 'alpha': 0.9337153735691903}. Best is trial 6 with value: 0.037191831320313506.
[I 2026-03-06 14:48:43,186] Trial 112 finished with value: 0.08684470177069117 and parameters: {'sigma_noise': 0.15173026689408486, 'A_repulsion': 0.23980576349323696, 'gamma': 0.5210392968180194, 'sigma_update': 0.3447972933407213, 'eta_learning': 1.9354244124279356, 'sigma_boundary': 5.577386884968384, 'alpha': 0.7376115833364354}. Best is trial 6 with value: 0.037191831320313506.
[I 2026-03-06 14:48:45,343] Trial 113 finished with value: 0.05935913644570672 and parameters: {'sigma_noise': 0.20053374988006017, 'A_repulsion': 0.0838226375161984, 'gamma': 0.4957541017257478, 'sigma_update': 0.22702736931645046, 'eta_learning': 1.7894268704356273, 'sigma_boundary': 5.963572925049535, 'alpha': 0.6589869741330291}. Best is trial 6 with value: 0.037191831320313506.
[I 2026-03-06 14:48:53,824] Trial 111 finished with value: 0.07483375824885503 and parameters: {'sigma_noise': 0.255451154353493, 'A_repulsion': 0.06945007789724017, 'gamma': 0.6895968233845643, 'sigma_update': 0.10922027008799132, 'eta_learning': 1.0644986394388798, 'sigma_boundary': 6.77023304725771, 'alpha': 0.5538014741283541}. Best is trial 6 with value: 0.037191831320313506.
[I 2026-03-06 14:48:55,248] Trial 100 finished with value: 0.09312001505634948 and parameters: {'sigma_noise': 0.26343377132187873, 'A_repulsion': 0.2488291145903253, 'gamma': 0.7938199363053373, 'sigma_update': 0.10568673221540581, 'eta_learning': 2.5615833255475833, 'sigma_boundary': 5.2659136624812035, 'alpha': 0.6514396094518344}. Best is trial 6 with value: 0.037191831320313506.
[I 2026-03-06 14:49:06,925] Trial 103 finished with value: 0.06970910982591227 and parameters: {'sigma_noise': 0.20238648935062925, 'A_repulsion': 0.31655730300544416, 'gamma': 0.5487182983328573, 'sigma_update': 0.21285833450664868, 'eta_learning': 1.4016872653677845, 'sigma_boundary': 3.473037727673302, 'alpha': 0.6117957334592131}. Best is trial 6 with value: 0.037191831320313506.
[I 2026-03-06 14:49:17,522] Trial 104 finished with value: 0.0660650060126904 and parameters: {'sigma_noise': 0.2500829018270058, 'A_repulsion': 0.19099254034523505, 'gamma': 0.7841887612579582, 'sigma_update': 0.28045053484060106, 'eta_learning': 1.7508253693864761, 'sigma_boundary': 5.556228137074488, 'alpha': 0.5374903955282337}. Best is trial 6 with value: 0.037191831320313506.
[I 2026-03-06 14:49:42,454] Trial 114 finished with value: 0.07626269707051234 and parameters: {'sigma_noise': 0.21645016919639265, 'A_repulsion': 0.1340455041908517, 'gamma': 0.5388282015108883, 'sigma_update': 0.36097980982946193, 'eta_learning': 1.4372086023336113, 'sigma_boundary': 5.955453566004224, 'alpha': 0.7071869408627677}. Best is trial 6 with value: 0.037191831320313506.
