[I 2026-03-06 16:11:24,111] Trial 25 finished with value: 0.23110007880813502 and parameters: {'sigma_noise': 0.29825983802678285, 'A_repulsion': 0.14537091154106996, 'gamma': 0.7869691079261316, 'sigma_update': 0.21562157756747277, 'eta_learning': 1.8419585865451045, 'sigma_boundary': 6.753788033633047, 'alpha': 0.43522456249542324}. Best is trial 18 with value: 0.08774629385214829.
[I 2026-03-06 16:11:52,635] Trial 24 finished with value: 0.6972203183496045 and parameters: {'sigma_noise': 0.26444343143446697, 'A_repulsion': 0.2541998557383053, 'gamma': 0.5301119645165889, 'sigma_update': 0.46109816495538125, 'eta_learning': 1.3565510579673439, 'sigma_boundary': 7.920268900877546, 'alpha': 0.36494899799983505}. Best is trial 18 with value: 0.08774629385214829.
[I 2026-03-06 16:12:34,475] Trial 26 finished with value: 0.2774990210108545 and parameters: {'sigma_noise': 0.32112502516329156, 'A_repulsion': 0.23568483717954955, 'gamma': 0.4636132729953847, 'sigma_update': 0.3733044354546431, 'eta_learning': 2.3010258622400723, 'sigma_boundary': 5.247037206179754, 'alpha': 0.5085671769978676}. Best is trial 18 with value: 0.08774629385214829.
[I 2026-03-06 16:13:05,226] Trial 35 finished with value: 0.3323555045375248 and parameters: {'sigma_noise': 0.19290036934788013, 'A_repulsion': 0.14708855441949523, 'gamma': 0.38214211860061015, 'sigma_update': 0.3302579890603372, 'eta_learning': 1.4155848888694476, 'sigma_boundary': 5.9741773604208, 'alpha': 0.3437369508628808}. Best is trial 18 with value: 0.08774629385214829.
[I 2026-03-06 16:13:35,505] Trial 30 finished with value: 0.09390199090306561 and parameters: {'sigma_noise': 0.30655987662712947, 'A_repulsion': 0.23141826565500034, 'gamma': 0.7434894671116831, 'sigma_update': 0.18303422778849893, 'eta_learning': 1.4955164823610523, 'sigma_boundary': 2.0123430200460017, 'alpha': 0.598326283688416}. Best is trial 18 with value: 0.08774629385214829.
[I 2026-03-06 16:14:05,796] Trial 28 finished with value: 0.44661271469165426 and parameters: {'sigma_noise': 0.3644480484508171, 'A_repulsion': 0.23322911762254117, 'gamma': 0.5997349693017103, 'sigma_update': 0.28322036243776993, 'eta_learning': 2.6056635136903936, 'sigma_boundary': 2.8129233170373995, 'alpha': 0.42859622870459324}. Best is trial 18 with value: 0.08774629385214829.
[I 2026-03-06 16:14:06,936] Trial 29 finished with value: 0.7433641908010811 and parameters: {'sigma_noise': 0.3248724488704646, 'A_repulsion': 0.18915490344741917, 'gamma': 0.561488518685723, 'sigma_update': 0.41072542870885154, 'eta_learning': 1.8315662100283696, 'sigma_boundary': 3.9965815440712023, 'alpha': 0.3696337929395141}. Best is trial 18 with value: 0.08774629385214829.
[I 2026-03-06 16:14:28,928] Trial 32 finished with value: 0.3633415020340404 and parameters: {'sigma_noise': 0.22397123416809678, 'A_repulsion': 0.2769399870308772, 'gamma': 0.52618404975533, 'sigma_update': 0.33469904336641026, 'eta_learning': 1.2859145955226408, 'sigma_boundary': 6.040063763547372, 'alpha': 0.382594162506838}. Best is trial 18 with value: 0.08774629385214829.
[I 2026-03-06 16:14:39,759] Trial 40 finished with value: 0.27479282735394994 and parameters: {'sigma_noise': 0.1612760013382122, 'A_repulsion': 0.1716106311472058, 'gamma': 0.5442996409913391, 'sigma_update': 0.48993084295554296, 'eta_learning': 1.539420146105414, 'sigma_boundary': 2.87714595515316, 'alpha': 0.44088165605120644}. Best is trial 18 with value: 0.08774629385214829.
[I 2026-03-06 16:15:04,418] Trial 34 finished with value: 0.1767667791756358 and parameters: {'sigma_noise': 0.2914092676984969, 'A_repulsion': 0.249108137240618, 'gamma': 0.34569122747759523, 'sigma_update': 0.43751043752863666, 'eta_learning': 1.2879134037826416, 'sigma_boundary': 3.3835436294878245, 'alpha': 0.6959909122209261}. Best is trial 18 with value: 0.08774629385214829.
[I 2026-03-06 16:15:14,586] Trial 38 finished with value: 0.13311758677595925 and parameters: {'sigma_noise': 0.1725418082890571, 'A_repulsion': 0.2315142623057258, 'gamma': 0.5048108725200651, 'sigma_update': 0.39256009745323744, 'eta_learning': 1.0334864360293423, 'sigma_boundary': 9.436952712072813, 'alpha': 0.5226703363235605}. Best is trial 18 with value: 0.08774629385214829.
[I 2026-03-06 16:15:19,064] Trial 33 finished with value: 0.633273923451005 and parameters: {'sigma_noise': 0.3674392283537038, 'A_repulsion': 0.1946411943336676, 'gamma': 0.40227706743582997, 'sigma_update': 0.3404035201133065, 'eta_learning': 1.8323515068988738, 'sigma_boundary': 3.0935770411100423, 'alpha': 0.38482434917743735}. Best is trial 18 with value: 0.08774629385214829.
[I 2026-03-06 16:15:22,669] Trial 36 finished with value: 0.167142694124998 and parameters: {'sigma_noise': 0.32160877276379385, 'A_repulsion': 0.11330634157930483, 'gamma': 0.2569717365503304, 'sigma_update': 0.14805274902534715, 'eta_learning': 1.0946924246058327, 'sigma_boundary': 5.233997730886207, 'alpha': 0.8044878208889399}. Best is trial 18 with value: 0.08774629385214829.
[I 2026-03-06 16:16:19,927] Trial 41 finished with value: 0.27175502711873933 and parameters: {'sigma_noise': 0.23746918220419483, 'A_repulsion': 0.2300164183335699, 'gamma': 0.48523825582784497, 'sigma_update': 0.4772567477713156, 'eta_learning': 0.7499559265924913, 'sigma_boundary': 2.2047894199298614, 'alpha': 0.5112835382691102}. Best is trial 18 with value: 0.08774629385214829.
[I 2026-03-06 16:16:31,762] Trial 37 finished with value: 0.1442131439587395 and parameters: {'sigma_noise': 0.29527548031654033, 'A_repulsion': 0.2950498978652088, 'gamma': 0.24522102513420627, 'sigma_update': 0.3198811367605634, 'eta_learning': 0.8633131783985885, 'sigma_boundary': 6.8900192569120335, 'alpha': 0.6596695380695984}. Best is trial 18 with value: 0.08774629385214829.
[I 2026-03-06 16:16:37,513] Trial 44 finished with value: 0.20959225690589556 and parameters: {'sigma_noise': 0.33170492686572034, 'A_repulsion': 0.098291403955936, 'gamma': 0.40424880321689066, 'sigma_update': 0.3945820571543144, 'eta_learning': 0.5454292203719001, 'sigma_boundary': 3.2480077318864087, 'alpha': 0.6178952009448407}. Best is trial 18 with value: 0.08774629385214829.
[I 2026-03-06 16:17:12,287] Trial 39 finished with value: 0.6097041305925242 and parameters: {'sigma_noise': 0.2912954906285522, 'A_repulsion': 0.2095808574767417, 'gamma': 0.45060512220601445, 'sigma_update': 0.23774550712131673, 'eta_learning': 1.1500803353250855, 'sigma_boundary': 6.750096203886786, 'alpha': 0.33653704492236547}. Best is trial 18 with value: 0.08774629385214829.
[I 2026-03-06 16:17:25,165] Trial 42 finished with value: 0.26808290547281094 and parameters: {'sigma_noise': 0.29903130527973987, 'A_repulsion': 0.24721461536996245, 'gamma': 0.6533904356047067, 'sigma_update': 0.07423372149756229, 'eta_learning': 0.6325862203218682, 'sigma_boundary': 6.737439794179751, 'alpha': 0.47863363733844455}. Best is trial 18 with value: 0.08774629385214829.
[I 2026-03-06 16:17:38,049] Trial 45 finished with value: 0.9433842471272006 and parameters: {'sigma_noise': 0.2564561347592093, 'A_repulsion': 0.32651448926659576, 'gamma': 0.30691399801896746, 'sigma_update': 0.15164618288661508, 'eta_learning': 1.0625318583117527, 'sigma_boundary': 5.675250695432911, 'alpha': 0.3028183111411308}. Best is trial 18 with value: 0.08774629385214829.
[I 2026-03-06 16:17:59,927] Trial 46 finished with value: 0.5381337064616987 and parameters: {'sigma_noise': 0.22804444059338985, 'A_repulsion': 0.3335899041521374, 'gamma': 0.44312075598339606, 'sigma_update': 0.4986266575818421, 'eta_learning': 1.1745859331460293, 'sigma_boundary': 2.259020038348616, 'alpha': 0.3964451069352256}. Best is trial 18 with value: 0.08774629385214829.
[I 2026-03-06 16:18:21,091] Trial 47 finished with value: 0.1627581279279762 and parameters: {'sigma_noise': 0.27848621723974104, 'A_repulsion': 0.24144686770981721, 'gamma': 0.46764358688656377, 'sigma_update': 0.22308980270133866, 'eta_learning': 1.2536908061660619, 'sigma_boundary': 8.161001613626055, 'alpha': 0.4470210931776973}. Best is trial 18 with value: 0.08774629385214829.
[I 2026-03-06 16:18:44,118] Trial 43 finished with value: 0.44327786417137743 and parameters: {'sigma_noise': 0.3684672248661783, 'A_repulsion': 0.330785216814943, 'gamma': 0.7283552439067056, 'sigma_update': 0.2754469967155139, 'eta_learning': 0.8186490970134388, 'sigma_boundary': 4.982752041525705, 'alpha': 0.4413767291211379}. Best is trial 18 with value: 0.08774629385214829.
[I 2026-03-06 16:26:32,814] Trial 48 finished with value: 0.08844595209308417 and parameters: {'sigma_noise': 0.20446261396025112, 'A_repulsion': 0.2847099566252993, 'gamma': 0.48706610067782075, 'sigma_update': 0.41490575212300135, 'eta_learning': 2.6380120300959184, 'sigma_boundary': 5.10037092191136, 'alpha': 0.7378692601979328}. Best is trial 18 with value: 0.08774629385214829.
[I 2026-03-06 16:27:15,083] Trial 49 finished with value: 0.285269951539259 and parameters: {'sigma_noise': 0.3235145294527052, 'A_repulsion': 0.13510553780061393, 'gamma': 0.8934587485064238, 'sigma_update': 0.6441282025995669, 'eta_learning': 1.1186318466353924, 'sigma_boundary': 5.216884391767938, 'alpha': 0.5093706954833929}. Best is trial 18 with value: 0.08774629385214829.
[I 2026-03-06 16:27:32,471] Trial 53 finished with value: 0.1104281634554288 and parameters: {'sigma_noise': 0.17941823027060788, 'A_repulsion': 0.21726514658047535, 'gamma': 0.46319783787021473, 'sigma_update': 0.3214384299817869, 'eta_learning': 1.5661853356311004, 'sigma_boundary': 5.551895372468744, 'alpha': 0.5051333799411822}. Best is trial 18 with value: 0.08774629385214829.
[I 2026-03-06 16:27:59,721] Trial 51 finished with value: 0.5563612004796495 and parameters: {'sigma_noise': 0.2042192809982355, 'A_repulsion': 0.35478450664230254, 'gamma': 0.5451050529111158, 'sigma_update': 0.24416555106026283, 'eta_learning': 1.682033297619282, 'sigma_boundary': 7.433253192123515, 'alpha': 0.33237363308917145}. Best is trial 18 with value: 0.08774629385214829.
[I 2026-03-06 16:28:33,731] Trial 50 finished with value: 0.268876859598182 and parameters: {'sigma_noise': 0.30143243388283786, 'A_repulsion': 0.3053221214257188, 'gamma': 0.4551904368093098, 'sigma_update': 0.3797848063990713, 'eta_learning': 1.4800132155250438, 'sigma_boundary': 5.410794381411425, 'alpha': 0.5017216714710659}. Best is trial 18 with value: 0.08774629385214829.
[I 2026-03-06 16:28:50,285] Trial 58 finished with value: 0.08482238237829313 and parameters: {'sigma_noise': 0.18334515586292155, 'A_repulsion': 0.19728032617175204, 'gamma': 0.4735143805140108, 'sigma_update': 0.19885860290360804, 'eta_learning': 0.09063686478955013, 'sigma_boundary': 3.228080941171077, 'alpha': 0.7085014693754167}. Best is trial 58 with value: 0.08482238237829313.
[I 2026-03-06 16:28:51,970] Trial 59 finished with value: 0.26868971332799635 and parameters: {'sigma_noise': 0.19138132659051704, 'A_repulsion': 0.13725371178847695, 'gamma': 0.9185137437294933, 'sigma_update': 0.20128422349574993, 'eta_learning': 2.222505452920665, 'sigma_boundary': 3.9914875300978516, 'alpha': 0.33504021036045145}. Best is trial 58 with value: 0.08482238237829313.
[I 2026-03-06 16:29:08,914] Trial 54 finished with value: 0.06434266238751414 and parameters: {'sigma_noise': 0.1890991162938725, 'A_repulsion': 0.2968605488191727, 'gamma': 0.6887159320302078, 'sigma_update': 0.409980663283222, 'eta_learning': 1.5495140549706077, 'sigma_boundary': 1.8338149192266557, 'alpha': 0.6557260974453195}. Best is trial 54 with value: 0.06434266238751414.
[I 2026-03-06 16:29:21,853] Trial 52 finished with value: 0.10097246580324422 and parameters: {'sigma_noise': 0.29125784947581296, 'A_repulsion': 0.2813586197562715, 'gamma': 0.5464614885622174, 'sigma_update': 0.3254351629646229, 'eta_learning': 2.0045621890399885, 'sigma_boundary': 3.943549736573335, 'alpha': 0.7619259016456633}. Best is trial 54 with value: 0.06434266238751414.
[I 2026-03-06 16:29:41,565] Trial 60 finished with value: 0.05446678011093132 and parameters: {'sigma_noise': 0.1913994919715699, 'A_repulsion': 0.17695868576013438, 'gamma': 0.6129162685968728, 'sigma_update': 0.166383174271384, 'eta_learning': 1.2299971352844616, 'sigma_boundary': 6.076173268524722, 'alpha': 0.6530400919829347}. Best is trial 60 with value: 0.05446678011093132.
[I 2026-03-06 16:29:51,580] Trial 56 finished with value: 1.2721863349353932 and parameters: {'sigma_noise': 0.2619758971770722, 'A_repulsion': 0.14722436438596503, 'gamma': 0.7816574045101641, 'sigma_update': 0.039946390488625305, 'eta_learning': 1.6567812451341928, 'sigma_boundary': 2.835120603102154, 'alpha': 0.30893268989459655}. Best is trial 60 with value: 0.05446678011093132.
[I 2026-03-06 16:30:03,040] Trial 61 finished with value: 0.0671984940945388 and parameters: {'sigma_noise': 0.20610443278203733, 'A_repulsion': 0.18340108917471004, 'gamma': 0.6045120853228981, 'sigma_update': 0.3091416463700201, 'eta_learning': 2.0897538107476383, 'sigma_boundary': 4.363810290414784, 'alpha': 0.6299757681512232}. Best is trial 60 with value: 0.05446678011093132.
[I 2026-03-06 16:30:25,869] Trial 55 finished with value: 0.11689776163534879 and parameters: {'sigma_noise': 0.18137938809604032, 'A_repulsion': 0.3975569868968546, 'gamma': 0.4907483656319116, 'sigma_update': 0.1308858320678607, 'eta_learning': 2.341146981888035, 'sigma_boundary': 4.693654631594975, 'alpha': 0.6870518173472502}. Best is trial 60 with value: 0.05446678011093132.
[I 2026-03-06 16:30:33,056] Trial 63 finished with value: 0.1296758472705522 and parameters: {'sigma_noise': 0.2329112283404789, 'A_repulsion': 0.07682939159850763, 'gamma': 0.567880210273883, 'sigma_update': 0.351191606478895, 'eta_learning': 1.0564349060790146, 'sigma_boundary': 4.218524828246246, 'alpha': 0.5224018738080543}. Best is trial 60 with value: 0.05446678011093132.
[I 2026-03-06 16:30:58,017] Trial 68 finished with value: 0.13777960608322667 and parameters: {'sigma_noise': 0.09281460799087263, 'A_repulsion': 0.25553159849867046, 'gamma': 0.40938271008911326, 'sigma_update': 0.40832266217870083, 'eta_learning': 1.5035290903358645, 'sigma_boundary': 2.565648004130395, 'alpha': 0.5140021365215452}. Best is trial 60 with value: 0.05446678011093132.
[I 2026-03-06 16:31:16,587] Trial 57 finished with value: 0.11108051235877152 and parameters: {'sigma_noise': 0.38431697082296085, 'A_repulsion': 0.14696342985989097, 'gamma': 0.7757980540771438, 'sigma_update': 0.3904857269941407, 'eta_learning': 2.1675053171107326, 'sigma_boundary': 3.1935011974111536, 'alpha': 0.8202260829084564}. Best is trial 60 with value: 0.05446678011093132.
[I 2026-03-06 16:32:16,381] Trial 65 finished with value: 0.14618278513264504 and parameters: {'sigma_noise': 0.24493161857970436, 'A_repulsion': 0.2142623019686776, 'gamma': 0.591139177744572, 'sigma_update': 0.2833593587529188, 'eta_learning': 1.4697175395310702, 'sigma_boundary': 1.4106195939446518, 'alpha': 0.43119055718222826}. Best is trial 60 with value: 0.05446678011093132.
[I 2026-03-06 16:32:16,868] Trial 62 finished with value: 0.07546325776535698 and parameters: {'sigma_noise': 0.1984989868271244, 'A_repulsion': 0.4183602660279536, 'gamma': 0.6608802366098755, 'sigma_update': 0.1903903152320104, 'eta_learning': 1.6641266347164219, 'sigma_boundary': 5.775608326857769, 'alpha': 0.6177297004663379}. Best is trial 60 with value: 0.05446678011093132.
[I 2026-03-06 16:32:50,206] Trial 71 finished with value: 0.03111781967030031 and parameters: {'sigma_noise': 0.20749449683601395, 'A_repulsion': 0.11858246033158772, 'gamma': 0.8744418351914838, 'sigma_update': 0.1054955707861929, 'eta_learning': 2.2038213389262578, 'sigma_boundary': 1.7189749855828467, 'alpha': 0.6130271002710093}. Best is trial 71 with value: 0.03111781967030031.
[I 2026-03-06 16:32:58,370] Trial 64 finished with value: 0.1442263116621904 and parameters: {'sigma_noise': 0.33567665391618023, 'A_repulsion': 0.18537946749861015, 'gamma': 0.5985001237751484, 'sigma_update': 0.2880840991513682, 'eta_learning': 1.0577620431035675, 'sigma_boundary': 1.944288488519894, 'alpha': 0.583398591790193}. Best is trial 71 with value: 0.03111781967030031.
[I 2026-03-06 16:33:31,108] Trial 70 finished with value: 0.11030447250434217 and parameters: {'sigma_noise': 0.3041298938664684, 'A_repulsion': 0.09733624797306369, 'gamma': 0.298924871516824, 'sigma_update': 0.20813993815212073, 'eta_learning': 1.241184402667602, 'sigma_boundary': 2.5758352263950237, 'alpha': 0.5199627425158493}. Best is trial 71 with value: 0.03111781967030031.
[I 2026-03-06 16:34:03,873] Trial 66 finished with value: 1.021571661781617 and parameters: {'sigma_noise': 0.3506457827437302, 'A_repulsion': 0.19112515826935006, 'gamma': 0.6723198798081916, 'sigma_update': 0.17031655327920064, 'eta_learning': 1.9131739729578168, 'sigma_boundary': 3.42286961901146, 'alpha': 0.3421178444940422}. Best is trial 71 with value: 0.03111781967030031.
[I 2026-03-06 16:34:35,489] Trial 67 finished with value: 0.17956985924524915 and parameters: {'sigma_noise': 0.37908314426187756, 'A_repulsion': 0.1934139864457033, 'gamma': 0.43769681874282407, 'sigma_update': 0.1602972646743625, 'eta_learning': 1.561384473025565, 'sigma_boundary': 4.7080775190237585, 'alpha': 0.6685281654620439}. Best is trial 71 with value: 0.03111781967030031.
[I 2026-03-06 16:35:01,471] Trial 69 finished with value: 0.1220944524056336 and parameters: {'sigma_noise': 0.2987574981427469, 'A_repulsion': 0.29005436640478394, 'gamma': 0.4989775588142985, 'sigma_update': 0.22320727358968273, 'eta_learning': 1.8881922952190693, 'sigma_boundary': 4.410625305789135, 'alpha': 0.545959613988248}. Best is trial 71 with value: 0.03111781967030031.
[I 2026-03-06 16:41:23,444] Trial 72 finished with value: 0.0832719961472112 and parameters: {'sigma_noise': 0.2137477114574851, 'A_repulsion': 0.17885257000319307, 'gamma': 0.6390884346123932, 'sigma_update': 0.28975276702632363, 'eta_learning': 0.8042915390754924, 'sigma_boundary': 3.7092786498965284, 'alpha': 0.5144853983604181}. Best is trial 71 with value: 0.03111781967030031.
[I 2026-03-06 16:41:46,535] Trial 73 finished with value: 0.35638460897792146 and parameters: {'sigma_noise': 0.17886225189671617, 'A_repulsion': 0.16325828780818213, 'gamma': 0.5888836642250841, 'sigma_update': 0.3714879211100488, 'eta_learning': 1.0175951381360682, 'sigma_boundary': 3.6874625214102443, 'alpha': 0.3311195339067663}. Best is trial 71 with value: 0.03111781967030031.
[I 2026-03-06 16:42:11,423] Trial 82 finished with value: 0.11487661739235498 and parameters: {'sigma_noise': 0.10173373600374343, 'A_repulsion': 0.10986550076519962, 'gamma': 0.4212342135014338, 'sigma_update': 0.23530066474891836, 'eta_learning': 1.2845462037638617, 'sigma_boundary': 2.5289643856235666, 'alpha': 0.35416770803202713}. Best is trial 71 with value: 0.03111781967030031.
[I 2026-03-06 16:43:20,943] Trial 78 finished with value: 0.05085721793144102 and parameters: {'sigma_noise': 0.23167530314774332, 'A_repulsion': 0.1330801443639823, 'gamma': 0.6668167600932605, 'sigma_update': 0.15264075651642994, 'eta_learning': 2.1256166936487433, 'sigma_boundary': 1.5571918192651046, 'alpha': 0.6594622099083685}. Best is trial 71 with value: 0.03111781967030031.
[I 2026-03-06 16:43:21,281] Trial 77 finished with value: 0.11625158931022203 and parameters: {'sigma_noise': 0.17052264575448398, 'A_repulsion': 0.23072138464435776, 'gamma': 0.694118080693717, 'sigma_update': 0.5368612227669751, 'eta_learning': 1.0059751165727966, 'sigma_boundary': 3.382430551596513, 'alpha': 0.5801197165398573}. Best is trial 71 with value: 0.03111781967030031.
[I 2026-03-06 16:43:54,142] Trial 81 finished with value: 0.04524667971924226 and parameters: {'sigma_noise': 0.2332577692949695, 'A_repulsion': 0.10854259251037637, 'gamma': 0.8699962103410249, 'sigma_update': 0.13430517890307367, 'eta_learning': 1.5165509196992113, 'sigma_boundary': 2.7646243802818704, 'alpha': 0.8263572582326664}. Best is trial 71 with value: 0.03111781967030031.
[I 2026-03-06 16:44:20,351] Trial 76 finished with value: 0.07244698189058081 and parameters: {'sigma_noise': 0.23160283665737091, 'A_repulsion': 0.21674752752324317, 'gamma': 0.5456174215778816, 'sigma_update': 0.32430899703801763, 'eta_learning': 0.6060585376840679, 'sigma_boundary': 4.971615631632817, 'alpha': 0.7688526398718648}. Best is trial 71 with value: 0.03111781967030031.
[I 2026-03-06 16:44:28,607] Trial 74 finished with value: 0.31260995199862657 and parameters: {'sigma_noise': 0.25802786539986744, 'A_repulsion': 0.2573393680587882, 'gamma': 0.6150242924991739, 'sigma_update': 0.13445809670895, 'eta_learning': 2.2282095741370695, 'sigma_boundary': 4.218782657395229, 'alpha': 0.4006310790919533}. Best is trial 71 with value: 0.03111781967030031.
[I 2026-03-06 16:44:32,619] Trial 80 finished with value: 0.31699608157289916 and parameters: {'sigma_noise': 0.2219741453630773, 'A_repulsion': 0.17284977847663535, 'gamma': 0.46898130259135445, 'sigma_update': 0.31558185205233796, 'eta_learning': 1.3331124545295345, 'sigma_boundary': 3.271315544696339, 'alpha': 0.3674274302766017}. Best is trial 71 with value: 0.03111781967030031.
[I 2026-03-06 16:45:09,542] Trial 75 finished with value: 0.0851519597913031 and parameters: {'sigma_noise': 0.2779957196046339, 'A_repulsion': 0.24705404013857016, 'gamma': 0.5640486108163693, 'sigma_update': 0.24709567336661353, 'eta_learning': 1.2852035491670266, 'sigma_boundary': 3.5153480612754553, 'alpha': 0.7365195339585396}. Best is trial 71 with value: 0.03111781967030031.
[I 2026-03-06 16:45:38,286] Trial 88 finished with value: 0.027293192781812577 and parameters: {'sigma_noise': 0.21527624114176258, 'A_repulsion': 0.058042982120790995, 'gamma': 0.9765337344894485, 'sigma_update': 0.3462363442888925, 'eta_learning': 1.0426460853791137, 'sigma_boundary': 2.227506476043825, 'alpha': 0.6028073360582566}. Best is trial 88 with value: 0.027293192781812577.
