[I 2026-03-06 15:32:12,387] Trial 175 finished with value: 0.06891829813697999 and parameters: {'sigma_noise': 0.10904363712608325, 'A_repulsion': 0.08711925016530306, 'gamma': 0.7116623764432544, 'sigma_update': 0.324186338628743, 'eta_learning': 1.0540891367066565, 'sigma_boundary': 6.140915780109934, 'alpha': 0.5633815442873678}. Best is trial 6 with value: 0.037191831320313506.
[I 2026-03-06 15:33:24,428] Trial 168 finished with value: 0.055355545571003174 and parameters: {'sigma_noise': 0.22522596463751682, 'A_repulsion': 0.3056355916304443, 'gamma': 0.9253861284620811, 'sigma_update': 0.25623801183265066, 'eta_learning': 1.3760540295427897, 'sigma_boundary': 3.5261982952810174, 'alpha': 0.6526691496639527}. Best is trial 6 with value: 0.037191831320313506.
[I 2026-03-06 15:33:34,085] Trial 173 finished with value: 0.08588153143668753 and parameters: {'sigma_noise': 0.14302900028227095, 'A_repulsion': 0.270927232150546, 'gamma': 0.6084015781720065, 'sigma_update': 0.37764877401139524, 'eta_learning': 1.6042282479183771, 'sigma_boundary': 3.9934881692278954, 'alpha': 0.7840622444841524}. Best is trial 6 with value: 0.037191831320313506.
[I 2026-03-06 15:35:31,045] Trial 172 finished with value: 0.06455933087280592 and parameters: {'sigma_noise': 0.2437430989391271, 'A_repulsion': 0.2579460943834019, 'gamma': 0.7863238461354484, 'sigma_update': 0.38258827735048084, 'eta_learning': 1.941986388573331, 'sigma_boundary': 1.5881448794035524, 'alpha': 0.7705644615830265}. Best is trial 6 with value: 0.037191831320313506.
[I 2026-03-06 15:35:35,485] Trial 171 finished with value: 0.07774392594477572 and parameters: {'sigma_noise': 0.24520201182923002, 'A_repulsion': 0.27562928179646945, 'gamma': 0.7398934762872683, 'sigma_update': 0.21683847008900006, 'eta_learning': 1.80492132040181, 'sigma_boundary': 3.2637341467458274, 'alpha': 0.7357799838557038}. Best is trial 6 with value: 0.037191831320313506.
[I 2026-03-06 15:35:56,385] Trial 179 finished with value: 0.0778610937383093 and parameters: {'sigma_noise': 0.19777368357021413, 'A_repulsion': 0.15957730075420665, 'gamma': 0.4437684156529145, 'sigma_update': 0.26341368462266285, 'eta_learning': 1.9084082459912701, 'sigma_boundary': 2.110726529364431, 'alpha': 0.8514198174593188}. Best is trial 6 with value: 0.037191831320313506.
[I 2026-03-06 15:36:07,925] Trial 174 finished with value: 0.06686082712350468 and parameters: {'sigma_noise': 0.2486794914643592, 'A_repulsion': 0.26350248551609035, 'gamma': 0.7377283884620957, 'sigma_update': 0.28652571136296917, 'eta_learning': 1.1413428207671081, 'sigma_boundary': 3.269996292352692, 'alpha': 0.7120092309629176}. Best is trial 6 with value: 0.037191831320313506.
[I 2026-03-06 15:37:17,166] Trial 176 finished with value: 0.12005990391495264 and parameters: {'sigma_noise': 0.24472309557773786, 'A_repulsion': 0.28659850985630564, 'gamma': 0.7208556065385465, 'sigma_update': 0.3802389040021434, 'eta_learning': 2.1104884739338927, 'sigma_boundary': 3.2684934375612764, 'alpha': 0.5152062314394155}. Best is trial 6 with value: 0.037191831320313506.
[I 2026-03-06 15:37:20,339] Trial 182 finished with value: 0.07863798666541208 and parameters: {'sigma_noise': 0.18640195252965885, 'A_repulsion': 0.2475531781178016, 'gamma': 0.6982705226529596, 'sigma_update': 0.40409322277666343, 'eta_learning': 2.1759725770154397, 'sigma_boundary': 5.374220404706164, 'alpha': 0.6303196282367546}. Best is trial 6 with value: 0.037191831320313506.
[I 2026-03-06 15:37:23,002] Trial 178 finished with value: 0.03975155358392049 and parameters: {'sigma_noise': 0.24933901839391787, 'A_repulsion': 0.2540878252175394, 'gamma': 0.9758035491898338, 'sigma_update': 0.2936589252902729, 'eta_learning': 1.7411589957375992, 'sigma_boundary': 4.170445974892486, 'alpha': 0.5666043270387164}. Best is trial 6 with value: 0.037191831320313506.
[I 2026-03-06 15:37:33,452] Trial 177 finished with value: 0.24125948277003587 and parameters: {'sigma_noise': 0.3267354315906179, 'A_repulsion': 0.21131600489565247, 'gamma': 0.675940644783669, 'sigma_update': 0.06934806766508154, 'eta_learning': 1.4069188069057283, 'sigma_boundary': 3.9841645250927025, 'alpha': 0.7407307299345499}. Best is trial 6 with value: 0.037191831320313506.
[I 2026-03-06 15:37:47,787] Trial 181 finished with value: 0.061275986721169254 and parameters: {'sigma_noise': 0.24589034904103113, 'A_repulsion': 0.21298812816514082, 'gamma': 0.7178719725630299, 'sigma_update': 0.2756423074427251, 'eta_learning': 1.319023298509671, 'sigma_boundary': 1.9818646110228726, 'alpha': 0.6386334224348389}. Best is trial 6 with value: 0.037191831320313506.
[I 2026-03-06 15:37:54,085] Trial 184 finished with value: 0.042177843099047305 and parameters: {'sigma_noise': 0.2113991368479301, 'A_repulsion': 0.20358871364183773, 'gamma': 0.9617813245118196, 'sigma_update': 0.2329566968460862, 'eta_learning': 1.609839477652386, 'sigma_boundary': 4.457780051463104, 'alpha': 0.6278262033640263}. Best is trial 6 with value: 0.037191831320313506.
[I 2026-03-06 15:38:11,888] Trial 180 finished with value: 0.07320154814569105 and parameters: {'sigma_noise': 0.29603360139765394, 'A_repulsion': 0.1976842742447692, 'gamma': 0.7688125684496311, 'sigma_update': 0.37233277699464284, 'eta_learning': 1.2966364168639186, 'sigma_boundary': 2.842042891155179, 'alpha': 0.7512862365297477}. Best is trial 6 with value: 0.037191831320313506.
[I 2026-03-06 15:38:17,336] Trial 186 finished with value: 0.05622050146197319 and parameters: {'sigma_noise': 0.24671190093302758, 'A_repulsion': 0.1760828695929409, 'gamma': 0.8686854408624939, 'sigma_update': 0.28527860420153517, 'eta_learning': 1.2445810043825134, 'sigma_boundary': 1.929806761437404, 'alpha': 0.7397325509795475}. Best is trial 6 with value: 0.037191831320313506.
[I 2026-03-06 15:38:26,189] Trial 185 finished with value: 0.10793531065896808 and parameters: {'sigma_noise': 0.17225132023553172, 'A_repulsion': 0.3582090114952694, 'gamma': 0.4745162005525602, 'sigma_update': 0.3885892327078146, 'eta_learning': 1.7510465476885106, 'sigma_boundary': 1.23041762520271, 'alpha': 0.5636504439705077}. Best is trial 6 with value: 0.037191831320313506.
[I 2026-03-06 15:39:10,918] Trial 187 finished with value: 0.09021660086429228 and parameters: {'sigma_noise': 0.2649750522348754, 'A_repulsion': 0.10596127734801193, 'gamma': 0.721316718387116, 'sigma_update': 0.395420494797532, 'eta_learning': 0.8652158507479556, 'sigma_boundary': 3.5957006220757104, 'alpha': 0.5805926422477763}. Best is trial 6 with value: 0.037191831320313506.
[I 2026-03-06 15:39:32,085] Trial 183 finished with value: 0.11228675413874188 and parameters: {'sigma_noise': 0.3084917992495833, 'A_repulsion': 0.3529532916875626, 'gamma': 0.6276831017025414, 'sigma_update': 0.30440587909569183, 'eta_learning': 2.089548334184384, 'sigma_boundary': 4.832612328547536, 'alpha': 0.7346386618185569}. Best is trial 6 with value: 0.037191831320313506.
[I 2026-03-06 15:41:05,337] Trial 190 finished with value: 0.1010792857717371 and parameters: {'sigma_noise': 0.1349690819847723, 'A_repulsion': 0.2617563810397217, 'gamma': 0.804612091123236, 'sigma_update': 0.1450934669733055, 'eta_learning': 1.7811649903801272, 'sigma_boundary': 3.36019421354297, 'alpha': 0.8794826371516878}. Best is trial 6 with value: 0.037191831320313506.
[I 2026-03-06 15:41:32,660] Trial 189 finished with value: 0.07102233905717395 and parameters: {'sigma_noise': 0.24413757470909897, 'A_repulsion': 0.23718332072679454, 'gamma': 0.9279366690876389, 'sigma_update': 0.08927394095152143, 'eta_learning': 1.746289241806751, 'sigma_boundary': 0.705797417129005, 'alpha': 0.6724891423064557}. Best is trial 6 with value: 0.037191831320313506.
[I 2026-03-06 15:41:49,333] Trial 188 finished with value: 0.07329356444894806 and parameters: {'sigma_noise': 0.29804266668429447, 'A_repulsion': 0.3549004097590248, 'gamma': 0.9426776944322197, 'sigma_update': 0.3727056975903054, 'eta_learning': 1.9217089805283625, 'sigma_boundary': 2.222839428356718, 'alpha': 0.48899198696858287}. Best is trial 6 with value: 0.037191831320313506.
[I 2026-03-06 15:42:23,131] Trial 193 finished with value: 0.040955360757343726 and parameters: {'sigma_noise': 0.13319895671981236, 'A_repulsion': 0.25733251518026123, 'gamma': 0.9916460953193066, 'sigma_update': 0.3209335525781861, 'eta_learning': 0.9950976959298964, 'sigma_boundary': 0.7433150048842208, 'alpha': 0.45403995756255194}. Best is trial 6 with value: 0.037191831320313506.
[I 2026-03-06 15:42:32,920] Trial 191 finished with value: 0.05981134266361694 and parameters: {'sigma_noise': 0.2122672731769633, 'A_repulsion': 0.19155749833832258, 'gamma': 0.763168638834529, 'sigma_update': 0.27042911998596597, 'eta_learning': 1.358020249805392, 'sigma_boundary': 2.1844660148101394, 'alpha': 0.7108656863275138}. Best is trial 6 with value: 0.037191831320313506.
[I 2026-03-06 15:42:52,537] Trial 194 finished with value: 0.08055976654034498 and parameters: {'sigma_noise': 0.25369327303229033, 'A_repulsion': 0.1411705886464727, 'gamma': 0.7166389666253937, 'sigma_update': 0.2472699022610583, 'eta_learning': 0.9180973841120194, 'sigma_boundary': 4.809169062892596, 'alpha': 0.5008497701287504}. Best is trial 6 with value: 0.037191831320313506.
[I 2026-03-06 15:42:55,098] Trial 192 finished with value: 0.039931762848222224 and parameters: {'sigma_noise': 0.1852903864242309, 'A_repulsion': 0.3188194268420146, 'gamma': 0.9297990523884925, 'sigma_update': 0.35191830924877077, 'eta_learning': 1.180560782030263, 'sigma_boundary': 3.5094559671343997, 'alpha': 0.5354787236654757}. Best is trial 6 with value: 0.037191831320313506.
[I 2026-03-06 15:43:04,572] Trial 196 finished with value: 0.04107440591751115 and parameters: {'sigma_noise': 0.22586647702015628, 'A_repulsion': 0.17235431099556828, 'gamma': 0.9001107701833917, 'sigma_update': 0.4580823970674283, 'eta_learning': 1.7827952438536019, 'sigma_boundary': 1.075950518244567, 'alpha': 0.5879160964325741}. Best is trial 6 with value: 0.037191831320313506.
[I 2026-03-06 15:43:13,776] Trial 195 finished with value: 0.0766734201367565 and parameters: {'sigma_noise': 0.24964170065744246, 'A_repulsion': 0.2181841112287159, 'gamma': 0.6825798000448309, 'sigma_update': 0.1860502992188296, 'eta_learning': 1.4311206786684074, 'sigma_boundary': 2.438398603755174, 'alpha': 0.5090465644363006}. Best is trial 6 with value: 0.037191831320313506.
[I 2026-03-06 15:43:24,645] Trial 197 finished with value: 0.05383145416555612 and parameters: {'sigma_noise': 0.2109505266823587, 'A_repulsion': 0.28576641579686735, 'gamma': 0.7858535388595244, 'sigma_update': 0.3743818363461013, 'eta_learning': 0.9979303859553028, 'sigma_boundary': 1.7182267578495318, 'alpha': 0.6348745950212814}. Best is trial 6 with value: 0.037191831320313506.
[I 2026-03-06 15:43:29,137] Trial 199 finished with value: 0.05449859188084172 and parameters: {'sigma_noise': 0.25405052866610867, 'A_repulsion': 0.22913750191767798, 'gamma': 0.9855141333505638, 'sigma_update': 0.2848937506839873, 'eta_learning': 0.8531784080069054, 'sigma_boundary': 3.0753692975540106, 'alpha': 0.6789327751271748}. Best is trial 6 with value: 0.037191831320313506.
[I 2026-03-06 15:43:30,146] Trial 198 finished with value: 0.07875901092508783 and parameters: {'sigma_noise': 0.2785594563506992, 'A_repulsion': 0.28624210145222234, 'gamma': 0.696806114278031, 'sigma_update': 0.2767313758324213, 'eta_learning': 1.0157124815096892, 'sigma_boundary': 2.0271462661612896, 'alpha': 0.6078655203964334}. Best is trial 6 with value: 0.037191831320313506.
[I 2026-03-06 15:43:55,902] A new study created in memory with name: no-name-b30aa4ea-b2db-4319-b729-330d000d4b4b
[I 2026-03-06 15:55:35,180] Trial 21 finished with value: 0.6430992392710583 and parameters: {'sigma_noise': 0.13357229629379552, 'A_repulsion': 0.04412122049086464, 'gamma': 0.5270072147340066, 'sigma_update': 0.45568409934233506, 'eta_learning': 2.8295413369090743, 'sigma_boundary': 6.067965298942061, 'alpha': 0.20465606459851826}. Best is trial 21 with value: 0.6430992392710583.
[I 2026-03-06 15:55:48,724] Trial 6 finished with value: 0.15441602237619403 and parameters: {'sigma_noise': 0.14512545300618274, 'A_repulsion': 0.014507659436903075, 'gamma': 0.9547344130568216, 'sigma_update': 0.48799463606354704, 'eta_learning': 1.2025083104452279, 'sigma_boundary': 4.3949271568497466, 'alpha': 0.4305898217949422}. Best is trial 6 with value: 0.15441602237619403.
[I 2026-03-06 15:56:10,541] Trial 18 finished with value: 0.08774629385214829 and parameters: {'sigma_noise': 0.17715852757874556, 'A_repulsion': 0.017360221881105087, 'gamma': 0.5745281594806466, 'sigma_update': 0.4695688244405043, 'eta_learning': 1.8234653985462184, 'sigma_boundary': 7.978804489448869, 'alpha': 0.7156665474085923}. Best is trial 18 with value: 0.08774629385214829.
[I 2026-03-06 15:56:43,414] Trial 19 finished with value: 0.6653438951597862 and parameters: {'sigma_noise': 0.15635334898114367, 'A_repulsion': 0.1489507858879115, 'gamma': 0.3786366322972225, 'sigma_update': 0.6423000143758304, 'eta_learning': 2.762227359977602, 'sigma_boundary': 7.399053698038076, 'alpha': 0.3565384143616025}. Best is trial 18 with value: 0.08774629385214829.
[I 2026-03-06 15:57:05,704] Trial 14 finished with value: 0.47012775310397314 and parameters: {'sigma_noise': 0.1730069530498382, 'A_repulsion': 0.18692363647945476, 'gamma': 0.3379067125374497, 'sigma_update': 0.3952435685648598, 'eta_learning': 2.0600024053092634, 'sigma_boundary': 1.0211038356605826, 'alpha': 0.2885307340743746}. Best is trial 18 with value: 0.08774629385214829.
[I 2026-03-06 15:57:22,825] Trial 3 finished with value: 0.14125641535386463 and parameters: {'sigma_noise': 0.08546222433289072, 'A_repulsion': 0.30424611527684114, 'gamma': 0.8510298677316983, 'sigma_update': 0.6785854128754389, 'eta_learning': 2.3522827097993066, 'sigma_boundary': 1.3815878905819823, 'alpha': 0.9732851545924637}. Best is trial 18 with value: 0.08774629385214829.
[I 2026-03-06 15:57:30,986] Trial 5 finished with value: 0.6630528441585959 and parameters: {'sigma_noise': 0.21821103071083797, 'A_repulsion': 0.07045831634633237, 'gamma': 0.42872756072923707, 'sigma_update': 0.5344072947184292, 'eta_learning': 0.6885277521871304, 'sigma_boundary': 5.122850787203617, 'alpha': 0.25112209667417906}. Best is trial 18 with value: 0.08774629385214829.
[I 2026-03-06 15:57:35,382] Trial 11 finished with value: 0.4747651303006069 and parameters: {'sigma_noise': 0.21608598495359116, 'A_repulsion': 0.09229483050048698, 'gamma': 0.721283960004982, 'sigma_update': 0.42958987559744544, 'eta_learning': 1.693500579158968, 'sigma_boundary': 2.9811655213037036, 'alpha': 0.31960020658382593}. Best is trial 18 with value: 0.08774629385214829.
[I 2026-03-06 15:58:33,492] Trial 13 finished with value: 0.16532574602500677 and parameters: {'sigma_noise': 0.20821131366286538, 'A_repulsion': 0.27043936945281083, 'gamma': 0.032675719250566206, 'sigma_update': 0.23520326794606844, 'eta_learning': 2.703205234623085, 'sigma_boundary': 2.297960540055977, 'alpha': 0.8542558914492112}. Best is trial 18 with value: 0.08774629385214829.
[I 2026-03-06 15:58:37,062] Trial 17 finished with value: 0.18532823601556975 and parameters: {'sigma_noise': 0.15765365118788188, 'A_repulsion': 0.386364484512913, 'gamma': 0.4348929799430936, 'sigma_update': 0.48445283770464814, 'eta_learning': 0.08741644988181124, 'sigma_boundary': 2.1143872625973197, 'alpha': 0.007165975192192864}. Best is trial 18 with value: 0.08774629385214829.
[I 2026-03-06 15:58:58,629] Trial 10 finished with value: 1.1339606625719314 and parameters: {'sigma_noise': 0.13372848945969307, 'A_repulsion': 0.4501231569757167, 'gamma': 0.4604142264410538, 'sigma_update': 0.2800182893816576, 'eta_learning': 2.149017602090063, 'sigma_boundary': 3.7622047610128733, 'alpha': 0.23009211085898984}. Best is trial 18 with value: 0.08774629385214829.
[I 2026-03-06 15:59:20,850] Trial 22 finished with value: 0.47454404202792333 and parameters: {'sigma_noise': 0.24311818540942454, 'A_repulsion': 0.24868186267457726, 'gamma': 0.6227180832095741, 'sigma_update': 0.20965601692045138, 'eta_learning': 1.361072772423552, 'sigma_boundary': 3.201696009146687, 'alpha': 0.3493009515326272}. Best is trial 18 with value: 0.08774629385214829.
[I 2026-03-06 15:59:30,987] Trial 4 finished with value: 2.0543317193296318 and parameters: {'sigma_noise': 0.21276184272760962, 'A_repulsion': 0.3438588052596892, 'gamma': 0.19108184214776344, 'sigma_update': 0.5246304825381634, 'eta_learning': 2.149701397144764, 'sigma_boundary': 1.3111673077242996, 'alpha': 0.040927537740593434}. Best is trial 18 with value: 0.08774629385214829.
[I 2026-03-06 15:59:51,521] Trial 8 finished with value: 0.10736581098243975 and parameters: {'sigma_noise': 0.39537927774556497, 'A_repulsion': 0.10028934251657734, 'gamma': 0.7726846325432257, 'sigma_update': 0.645332426733487, 'eta_learning': 1.4610902335515525, 'sigma_boundary': 6.266211237365012, 'alpha': 0.9452951677440912}. Best is trial 18 with value: 0.08774629385214829.
[I 2026-03-06 16:00:43,397] Trial 20 finished with value: 0.16572091321830723 and parameters: {'sigma_noise': 0.27125513333715684, 'A_repulsion': 0.4517855432081384, 'gamma': 0.5832738415139123, 'sigma_update': 0.13446781835726734, 'eta_learning': 0.5838480600098598, 'sigma_boundary': 8.479173775167999, 'alpha': 0.7545301587383954}. Best is trial 18 with value: 0.08774629385214829.
[I 2026-03-06 16:00:50,825] Trial 15 finished with value: 2.052446258887639 and parameters: {'sigma_noise': 0.2963716602130083, 'A_repulsion': 0.43730972939115575, 'gamma': 0.12361896414701526, 'sigma_update': 0.21839911402142462, 'eta_learning': 1.3224441542379375, 'sigma_boundary': 2.8279964302683815, 'alpha': 0.10908705959854126}. Best is trial 18 with value: 0.08774629385214829.
[I 2026-03-06 16:00:54,811] Trial 0 finished with value: 2.044731770125847 and parameters: {'sigma_noise': 0.38871507796478294, 'A_repulsion': 0.2757347175453994, 'gamma': 0.8907403492588075, 'sigma_update': 0.2232432337438171, 'eta_learning': 2.95158038672087, 'sigma_boundary': 7.396242954878457, 'alpha': 0.21456837805025952}. Best is trial 18 with value: 0.08774629385214829.
[I 2026-03-06 16:00:58,163] Trial 16 finished with value: 2.0539383785223677 and parameters: {'sigma_noise': 0.33803821172457044, 'A_repulsion': 0.36580626440481373, 'gamma': 0.19763986777674625, 'sigma_update': 0.21026800185403022, 'eta_learning': 1.6406841771512597, 'sigma_boundary': 9.773284598824093, 'alpha': 0.0011217720147936872}. Best is trial 18 with value: 0.08774629385214829.
[I 2026-03-06 16:01:06,876] Trial 12 finished with value: 2.0540970735939847 and parameters: {'sigma_noise': 0.29219367967270216, 'A_repulsion': 0.48513225274845323, 'gamma': 0.5389378311878006, 'sigma_update': 0.5012435028504088, 'eta_learning': 1.7807506389546919, 'sigma_boundary': 5.183786902497004, 'alpha': 0.12543045452248658}. Best is trial 18 with value: 0.08774629385214829.
[I 2026-03-06 16:01:07,465] Trial 1 finished with value: 2.053999452376742 and parameters: {'sigma_noise': 0.4256712968955992, 'A_repulsion': 0.2872042750197776, 'gamma': 0.6907120374268819, 'sigma_update': 0.6942430512894335, 'eta_learning': 2.7584141290570487, 'sigma_boundary': 6.664473320161615, 'alpha': 0.08216878516215265}. Best is trial 18 with value: 0.08774629385214829.
[I 2026-03-06 16:01:17,172] Trial 23 finished with value: 0.17128790856419926 and parameters: {'sigma_noise': 0.32051226777464953, 'A_repulsion': 0.45576364820949994, 'gamma': 0.33763697799270853, 'sigma_update': 0.33347936421099517, 'eta_learning': 2.5094089212432817, 'sigma_boundary': 9.414667425575612, 'alpha': 0.5605406796923211}. Best is trial 18 with value: 0.08774629385214829.
[I 2026-03-06 16:01:18,766] Trial 9 finished with value: 0.1325170203577385 and parameters: {'sigma_noise': 0.2969659679169345, 'A_repulsion': 0.4955099719665225, 'gamma': 0.6229083791685007, 'sigma_update': 0.5430357177640269, 'eta_learning': 2.8422831711175687, 'sigma_boundary': 8.794859425929605, 'alpha': 0.8040203986634612}. Best is trial 18 with value: 0.08774629385214829.
[I 2026-03-06 16:01:51,369] Trial 7 finished with value: 0.8025205859839447 and parameters: {'sigma_noise': 0.3432894399586804, 'A_repulsion': 0.4880340133943146, 'gamma': 0.056664981233858755, 'sigma_update': 0.1680455275786252, 'eta_learning': 0.5129890775146007, 'sigma_boundary': 4.521078999171329, 'alpha': 0.35199061308742297}. Best is trial 18 with value: 0.08774629385214829.
[I 2026-03-06 16:01:54,286] Trial 2 finished with value: 1.221466543167212 and parameters: {'sigma_noise': 0.40604393698176616, 'A_repulsion': 0.3258977814739787, 'gamma': 0.6322566758393039, 'sigma_update': 0.010269669989751493, 'eta_learning': 2.5908977078336775, 'sigma_boundary': 8.201508987710161, 'alpha': 0.6399324867674689}. Best is trial 18 with value: 0.08774629385214829.
[I 2026-03-06 16:10:57,574] Trial 27 finished with value: 0.2850979612446714 and parameters: {'sigma_noise': 0.31463352129518374, 'A_repulsion': 0.013006273542824881, 'gamma': 0.5216764086962488, 'sigma_update': 0.3711181970206058, 'eta_learning': 0.36326405894135494, 'sigma_boundary': 4.516445824006288, 'alpha': 0.3456293922140786}. Best is trial 18 with value: 0.08774629385214829.
[I 2026-03-06 16:11:04,872] Trial 31 finished with value: 0.16058929476728548 and parameters: {'sigma_noise': 0.1488088036998534, 'A_repulsion': 0.14422466902414138, 'gamma': 0.36986378632079153, 'sigma_update': 0.4446728878959093, 'eta_learning': 1.5191554703392725, 'sigma_boundary': 4.907007366758636, 'alpha': 0.5826783791691887}. Best is trial 18 with value: 0.08774629385214829.
