[I 2026-03-06 14:50:00,495] Trial 108 finished with value: 0.08305635598043878 and parameters: {'sigma_noise': 0.2187328611711284, 'A_repulsion': 0.25675114428557455, 'gamma': 0.6627185348572785, 'sigma_update': 0.3276394489783271, 'eta_learning': 0.6926730545259222, 'sigma_boundary': 4.156943877762341, 'alpha': 0.5421372624953914}. Best is trial 6 with value: 0.037191831320313506.
[I 2026-03-06 14:50:20,264] Trial 116 finished with value: 0.11710768426407736 and parameters: {'sigma_noise': 0.17439990368633207, 'A_repulsion': 0.1488254593605534, 'gamma': 0.4430548008103937, 'sigma_update': 0.3341405531269489, 'eta_learning': 1.7831535762924307, 'sigma_boundary': 5.133208379057188, 'alpha': 0.5055318196160108}. Best is trial 6 with value: 0.037191831320313506.
[I 2026-03-06 14:50:55,372] Trial 109 finished with value: 0.34030871889433445 and parameters: {'sigma_noise': 0.23144794091839932, 'A_repulsion': 0.25337178568646646, 'gamma': 0.7320727663235479, 'sigma_update': 0.030357896662381458, 'eta_learning': 1.3441464620883745, 'sigma_boundary': 4.354722908739816, 'alpha': 0.8372687100548099}. Best is trial 6 with value: 0.037191831320313506.
[I 2026-03-06 14:51:46,391] Trial 115 finished with value: 0.37847368434122464 and parameters: {'sigma_noise': 0.35213857346756444, 'A_repulsion': 0.044420566435832975, 'gamma': 0.4520653885512561, 'sigma_update': 0.06323582151666966, 'eta_learning': 1.8766766567457378, 'sigma_boundary': 3.7463111058931933, 'alpha': 0.7670712464137764}. Best is trial 6 with value: 0.037191831320313506.
[I 2026-03-06 14:53:25,369] Trial 119 finished with value: 0.13930414972009428 and parameters: {'sigma_noise': 0.19061577696880955, 'A_repulsion': 0.1063834417799227, 'gamma': 0.6044018058674657, 'sigma_update': 0.14898383965539824, 'eta_learning': 1.0958314153155437, 'sigma_boundary': 4.860579956012923, 'alpha': 0.35440306519604836}. Best is trial 6 with value: 0.037191831320313506.
[I 2026-03-06 14:55:09,864] Trial 118 finished with value: 0.08153767603725103 and parameters: {'sigma_noise': 0.2645296884635019, 'A_repulsion': 0.2953730646962706, 'gamma': 0.5184419478483959, 'sigma_update': 0.18130472866885755, 'eta_learning': 1.7133630624133689, 'sigma_boundary': 3.064087828170285, 'alpha': 0.5329665870801765}. Best is trial 6 with value: 0.037191831320313506.
[I 2026-03-06 14:56:33,709] Trial 117 finished with value: 0.208633287818493 and parameters: {'sigma_noise': 0.35018845790636766, 'A_repulsion': 0.3532026299159409, 'gamma': 0.6384984154340034, 'sigma_update': 0.11376081135411376, 'eta_learning': 2.060021188091438, 'sigma_boundary': 4.376228034812355, 'alpha': 0.664678003652221}. Best is trial 6 with value: 0.037191831320313506.
[I 2026-03-06 14:59:08,043] Trial 120 finished with value: 0.06115244580255155 and parameters: {'sigma_noise': 0.20883734945884608, 'A_repulsion': 0.306232531893451, 'gamma': 0.7085207580138558, 'sigma_update': 0.3561442812728011, 'eta_learning': 2.026299692939956, 'sigma_boundary': 3.2215071708314063, 'alpha': 0.6887832568503304}. Best is trial 6 with value: 0.037191831320313506.
[I 2026-03-06 15:00:18,191] Trial 122 finished with value: 0.07931463992574199 and parameters: {'sigma_noise': 0.24919794983105775, 'A_repulsion': 0.06649826585649482, 'gamma': 0.6752664466192283, 'sigma_update': 0.11865045115312402, 'eta_learning': 1.445821562681352, 'sigma_boundary': 7.352365901375546, 'alpha': 0.7317326455469608}. Best is trial 6 with value: 0.037191831320313506.
[I 2026-03-06 15:00:46,988] Trial 121 finished with value: 0.11069842634655781 and parameters: {'sigma_noise': 0.3241338023937775, 'A_repulsion': 0.12902731472195889, 'gamma': 0.6767810913884532, 'sigma_update': 0.1766915957122662, 'eta_learning': 2.313189999679611, 'sigma_boundary': 4.7050862214599425, 'alpha': 0.630899541681062}. Best is trial 6 with value: 0.037191831320313506.
[I 2026-03-06 15:02:27,034] Trial 124 finished with value: 0.08249397775986606 and parameters: {'sigma_noise': 0.2156017163795424, 'A_repulsion': 0.19746380764495858, 'gamma': 0.48485447251306746, 'sigma_update': 0.30664412343069075, 'eta_learning': 0.9783497928857434, 'sigma_boundary': 3.747068720993068, 'alpha': 0.6484757026648368}. Best is trial 6 with value: 0.037191831320313506.
[I 2026-03-06 15:02:27,766] Trial 126 finished with value: 0.07758756130647457 and parameters: {'sigma_noise': 0.1958651234063854, 'A_repulsion': 0.21214045243309212, 'gamma': 0.5288268976542492, 'sigma_update': 0.30674894694301114, 'eta_learning': 1.88880389185664, 'sigma_boundary': 4.189021591546018, 'alpha': 0.6352891734258941}. Best is trial 6 with value: 0.037191831320313506.
[I 2026-03-06 15:02:36,315] Trial 127 finished with value: 0.0635955245660513 and parameters: {'sigma_noise': 0.19156592808955664, 'A_repulsion': 0.22833605206904198, 'gamma': 0.8361210366896121, 'sigma_update': 0.27355033462281186, 'eta_learning': 1.8895584493525182, 'sigma_boundary': 4.115113236085152, 'alpha': 0.7833986358260563}. Best is trial 6 with value: 0.037191831320313506.
[I 2026-03-06 15:03:30,572] Trial 125 finished with value: 0.053753162099543166 and parameters: {'sigma_noise': 0.25250542535774384, 'A_repulsion': 0.20240940926840595, 'gamma': 0.878475853128857, 'sigma_update': 0.24113918337395707, 'eta_learning': 1.169827202247137, 'sigma_boundary': 2.4525332493209864, 'alpha': 0.6285201983490422}. Best is trial 6 with value: 0.037191831320313506.
[I 2026-03-06 15:03:41,032] Trial 129 finished with value: 0.05778175131411778 and parameters: {'sigma_noise': 0.2366653808099885, 'A_repulsion': 0.13427796998036343, 'gamma': 0.7579802570889675, 'sigma_update': 0.21516593957198352, 'eta_learning': 2.050583236368058, 'sigma_boundary': 3.5896718624216715, 'alpha': 0.7033033120013428}. Best is trial 6 with value: 0.037191831320313506.
[I 2026-03-06 15:03:46,118] Trial 131 finished with value: 0.053642395672060354 and parameters: {'sigma_noise': 0.15063504907932918, 'A_repulsion': 0.23222061053210555, 'gamma': 0.6723836817045621, 'sigma_update': 0.14731263714656373, 'eta_learning': 1.1106905912195464, 'sigma_boundary': 4.992811568485699, 'alpha': 0.5794376534611585}. Best is trial 6 with value: 0.037191831320313506.
[I 2026-03-06 15:04:07,236] Trial 123 finished with value: 0.08437377936610663 and parameters: {'sigma_noise': 0.2645241000693081, 'A_repulsion': 0.25926834699262913, 'gamma': 0.700599570512935, 'sigma_update': 0.20877081908874903, 'eta_learning': 1.6881414806709567, 'sigma_boundary': 3.792883895735241, 'alpha': 0.6766322099926307}. Best is trial 6 with value: 0.037191831320313506.
[I 2026-03-06 15:05:05,764] Trial 138 finished with value: 0.048711233734181805 and parameters: {'sigma_noise': 0.2242721732560441, 'A_repulsion': 0.0976710761353365, 'gamma': 0.8057935755991689, 'sigma_update': 0.24539126943637565, 'eta_learning': 0.9228787786969436, 'sigma_boundary': 2.6432637898281413, 'alpha': 0.7379998141925499}. Best is trial 6 with value: 0.037191831320313506.
[I 2026-03-06 15:05:11,487] Trial 133 finished with value: 0.059840177018156915 and parameters: {'sigma_noise': 0.22460543374390107, 'A_repulsion': 0.21241000586817335, 'gamma': 0.7480480214852082, 'sigma_update': 0.33211374642265373, 'eta_learning': 1.3492425186063843, 'sigma_boundary': 3.8596157972072307, 'alpha': 0.7688215792874963}. Best is trial 6 with value: 0.037191831320313506.
[I 2026-03-06 15:05:24,194] Trial 135 finished with value: 0.04609456456404295 and parameters: {'sigma_noise': 0.21269374631665794, 'A_repulsion': 0.19611725744532044, 'gamma': 0.9200005110286643, 'sigma_update': 0.26272972122365534, 'eta_learning': 1.0964400070352913, 'sigma_boundary': 3.2854134340121206, 'alpha': 0.6797732180331026}. Best is trial 6 with value: 0.037191831320313506.
[I 2026-03-06 15:05:28,913] Trial 130 finished with value: 0.09387736915662222 and parameters: {'sigma_noise': 0.2579010855446942, 'A_repulsion': 0.19608388066128996, 'gamma': 0.4809687888734369, 'sigma_update': 0.2073895416324558, 'eta_learning': 0.9337417325608252, 'sigma_boundary': 4.036007619965811, 'alpha': 0.7430395822694988}. Best is trial 6 with value: 0.037191831320313506.
[I 2026-03-06 15:05:33,624] Trial 137 finished with value: 0.10574848056858668 and parameters: {'sigma_noise': 0.22654592644305088, 'A_repulsion': 0.11882809754925634, 'gamma': 0.5296929049646582, 'sigma_update': 0.3613852745075735, 'eta_learning': 1.7046985136223036, 'sigma_boundary': 7.65489904847117, 'alpha': 0.5990087489325476}. Best is trial 6 with value: 0.037191831320313506.
[I 2026-03-06 15:05:40,107] Trial 134 finished with value: 0.07545495280211478 and parameters: {'sigma_noise': 0.2652507610345579, 'A_repulsion': 0.16209591201261433, 'gamma': 0.6469429327768611, 'sigma_update': 0.35079970441613806, 'eta_learning': 1.601982349160569, 'sigma_boundary': 4.495062905455793, 'alpha': 0.8466518341938009}. Best is trial 6 with value: 0.037191831320313506.
[I 2026-03-06 15:05:45,081] Trial 132 finished with value: 0.06149412311651199 and parameters: {'sigma_noise': 0.22863934907700567, 'A_repulsion': 0.23627244379855, 'gamma': 0.7528300779645349, 'sigma_update': 0.14762761027770172, 'eta_learning': 1.7901954550576473, 'sigma_boundary': 4.400655570332792, 'alpha': 0.6218285593755412}. Best is trial 6 with value: 0.037191831320313506.
[I 2026-03-06 15:06:11,746] Trial 128 finished with value: 0.08729657635375498 and parameters: {'sigma_noise': 0.3098272417211336, 'A_repulsion': 0.25725896599601306, 'gamma': 0.7428427264920298, 'sigma_update': 0.3125728651398643, 'eta_learning': 2.1227079794539834, 'sigma_boundary': 3.3865454536388837, 'alpha': 0.6840197349800873}. Best is trial 6 with value: 0.037191831320313506.
[I 2026-03-06 15:06:16,062] Trial 140 finished with value: 0.06043304766452599 and parameters: {'sigma_noise': 0.15034229676472136, 'A_repulsion': 0.20588490629418107, 'gamma': 0.7346859658119095, 'sigma_update': 0.29767155978260706, 'eta_learning': 0.9268145899410273, 'sigma_boundary': 3.4869546173806416, 'alpha': 0.5993964197432057}. Best is trial 6 with value: 0.037191831320313506.
[I 2026-03-06 15:06:36,532] Trial 136 finished with value: 0.1299010562394189 and parameters: {'sigma_noise': 0.3239636735542836, 'A_repulsion': 0.09990968153524223, 'gamma': 0.6004370536793829, 'sigma_update': 0.17609963732867684, 'eta_learning': 1.5076245270770838, 'sigma_boundary': 3.829131184414761, 'alpha': 0.5179231216655561}. Best is trial 6 with value: 0.037191831320313506.
[I 2026-03-06 15:08:47,769] Trial 139 finished with value: 0.07514291437253547 and parameters: {'sigma_noise': 0.20658286226407524, 'A_repulsion': 0.44171273879130757, 'gamma': 0.5646887228969867, 'sigma_update': 0.2743113492217852, 'eta_learning': 2.019911670236723, 'sigma_boundary': 3.305611378810842, 'alpha': 0.5824264842574025}. Best is trial 6 with value: 0.037191831320313506.
[I 2026-03-06 15:10:30,759] Trial 141 finished with value: 0.13275759633592726 and parameters: {'sigma_noise': 0.25262901567546564, 'A_repulsion': 0.19388820726049408, 'gamma': 0.5814746322312936, 'sigma_update': 0.10341114510228783, 'eta_learning': 1.6154052576581854, 'sigma_boundary': 4.538760366110211, 'alpha': 0.7181421000632108}. Best is trial 6 with value: 0.037191831320313506.
[I 2026-03-06 15:12:29,227] Trial 142 finished with value: 0.09490917597105175 and parameters: {'sigma_noise': 0.24777566382486826, 'A_repulsion': 0.22167524059762445, 'gamma': 0.5952688152682555, 'sigma_update': 0.3324695706075264, 'eta_learning': 1.9795210181023934, 'sigma_boundary': 3.684369855356086, 'alpha': 0.587791586496937}. Best is trial 6 with value: 0.037191831320313506.
[I 2026-03-06 15:14:20,093] Trial 143 finished with value: 0.26728449906441404 and parameters: {'sigma_noise': 0.26127542104181795, 'A_repulsion': 0.2582310868044064, 'gamma': 0.4339934636909497, 'sigma_update': 0.4577595621735464, 'eta_learning': 1.7786331950550056, 'sigma_boundary': 6.457258759319195, 'alpha': 0.5079733414129397}. Best is trial 6 with value: 0.037191831320313506.
[I 2026-03-06 15:15:52,012] Trial 145 finished with value: 0.0550355134670948 and parameters: {'sigma_noise': 0.16908055323951954, 'A_repulsion': 0.19797856244608394, 'gamma': 0.7776498168647271, 'sigma_update': 0.28213483424483754, 'eta_learning': 1.8626665215282925, 'sigma_boundary': 4.023284586550773, 'alpha': 0.7086898556846146}. Best is trial 6 with value: 0.037191831320313506.
[I 2026-03-06 15:16:19,365] Trial 146 finished with value: 0.04999356860829071 and parameters: {'sigma_noise': 0.22605555588356224, 'A_repulsion': 0.11253625721860362, 'gamma': 0.9787956786434029, 'sigma_update': 0.1728763271194293, 'eta_learning': 1.9390513544008368, 'sigma_boundary': 6.955558943938523, 'alpha': 0.7485094831804633}. Best is trial 6 with value: 0.037191831320313506.
[I 2026-03-06 15:16:59,456] Trial 144 finished with value: 0.06366510962020502 and parameters: {'sigma_noise': 0.22342805975954055, 'A_repulsion': 0.30810474717770503, 'gamma': 0.6902059847430932, 'sigma_update': 0.30932623289507133, 'eta_learning': 1.2123679006268986, 'sigma_boundary': 5.676281896405603, 'alpha': 0.6672997645878962}. Best is trial 6 with value: 0.037191831320313506.
[I 2026-03-06 15:18:08,031] Trial 151 finished with value: 0.0464748350118738 and parameters: {'sigma_noise': 0.16686588726011756, 'A_repulsion': 0.08275446177889595, 'gamma': 0.8093796296085541, 'sigma_update': 0.36541254769962206, 'eta_learning': 1.4034730151210548, 'sigma_boundary': 5.7876217966776595, 'alpha': 0.6675268229598506}. Best is trial 6 with value: 0.037191831320313506.
[I 2026-03-06 15:18:17,101] Trial 147 finished with value: 0.06227474329841573 and parameters: {'sigma_noise': 0.2347038946369514, 'A_repulsion': 0.1462723507808373, 'gamma': 0.738937340849599, 'sigma_update': 0.33529855967517885, 'eta_learning': 1.7002951538651576, 'sigma_boundary': 4.162917744301959, 'alpha': 0.6116241181160811}. Best is trial 6 with value: 0.037191831320313506.
[I 2026-03-06 15:18:34,264] Trial 149 finished with value: 0.05079722442942128 and parameters: {'sigma_noise': 0.20548672588656047, 'A_repulsion': 0.20829448241418436, 'gamma': 0.806288664180945, 'sigma_update': 0.26068265708806887, 'eta_learning': 1.2451863235103233, 'sigma_boundary': 4.517804266643316, 'alpha': 0.6382114462042139}. Best is trial 6 with value: 0.037191831320313506.
[I 2026-03-06 15:18:40,670] Trial 148 finished with value: 0.07119916700645822 and parameters: {'sigma_noise': 0.1489511736924266, 'A_repulsion': 0.30503763466150174, 'gamma': 0.8206847273476785, 'sigma_update': 0.26037268202501435, 'eta_learning': 1.2241423730428767, 'sigma_boundary': 6.612198803880371, 'alpha': 0.6629449680209605}. Best is trial 6 with value: 0.037191831320313506.
[I 2026-03-06 15:19:04,681] Trial 156 finished with value: 0.05972120420154018 and parameters: {'sigma_noise': 0.14041111016894808, 'A_repulsion': 0.14521503303209138, 'gamma': 0.7004074584263565, 'sigma_update': 0.3854417661542081, 'eta_learning': 1.5253225554784542, 'sigma_boundary': 2.811594175357552, 'alpha': 0.7912327776115878}. Best is trial 6 with value: 0.037191831320313506.
[I 2026-03-06 15:19:45,770] Trial 155 finished with value: 0.07270039297887554 and parameters: {'sigma_noise': 0.22958559960497488, 'A_repulsion': 0.06642761874784259, 'gamma': 0.7235011295953303, 'sigma_update': 0.08765009394925846, 'eta_learning': 1.5684349340064523, 'sigma_boundary': 4.051277963808965, 'alpha': 0.5091083667014502}. Best is trial 6 with value: 0.037191831320313506.
[I 2026-03-06 15:19:56,082] Trial 152 finished with value: 0.05251431944369307 and parameters: {'sigma_noise': 0.21166121767862234, 'A_repulsion': 0.2142271348926707, 'gamma': 0.7334560757024238, 'sigma_update': 0.14550749952517952, 'eta_learning': 0.21748925757451845, 'sigma_boundary': 4.193736392349449, 'alpha': 0.44505416667691655}. Best is trial 6 with value: 0.037191831320313506.
[I 2026-03-06 15:20:06,708] Trial 150 finished with value: 0.06547470067738398 and parameters: {'sigma_noise': 0.2146263502754236, 'A_repulsion': 0.20582536446154193, 'gamma': 0.42994380962430107, 'sigma_update': 0.16208025726935155, 'eta_learning': 1.2878242455283846, 'sigma_boundary': 6.661969778954948, 'alpha': 0.45732793995439425}. Best is trial 6 with value: 0.037191831320313506.
[I 2026-03-06 15:20:55,331] Trial 153 finished with value: 0.07319613906519823 and parameters: {'sigma_noise': 0.26334531743218853, 'A_repulsion': 0.16554266690736102, 'gamma': 0.6921286815890886, 'sigma_update': 0.20391055245918166, 'eta_learning': 1.739307649940669, 'sigma_boundary': 4.166432371924542, 'alpha': 0.7311050471130821}. Best is trial 6 with value: 0.037191831320313506.
[I 2026-03-06 15:21:04,751] Trial 158 finished with value: 0.10812991223848552 and parameters: {'sigma_noise': 0.2266741756248915, 'A_repulsion': 0.11076902754760529, 'gamma': 0.659043607306678, 'sigma_update': 0.48574910615618866, 'eta_learning': 1.308077895559612, 'sigma_boundary': 3.4276497623444064, 'alpha': 0.6101055717338737}. Best is trial 6 with value: 0.037191831320313506.
[I 2026-03-06 15:21:11,582] Trial 160 finished with value: 0.07231456614180493 and parameters: {'sigma_noise': 0.17069032060785327, 'A_repulsion': 0.23468810815273375, 'gamma': 0.7063070678586884, 'sigma_update': 0.1961480994289936, 'eta_learning': 1.7517034957993918, 'sigma_boundary': 4.478162705983553, 'alpha': 0.7733597014342185}. Best is trial 6 with value: 0.037191831320313506.
[I 2026-03-06 15:22:03,663] Trial 154 finished with value: 0.04243480051339944 and parameters: {'sigma_noise': 0.22757965352772708, 'A_repulsion': 0.2618610245743881, 'gamma': 0.8708577005410713, 'sigma_update': 0.3358709748820787, 'eta_learning': 1.9747560248276306, 'sigma_boundary': 2.1606159358981905, 'alpha': 0.587506413761784}. Best is trial 6 with value: 0.037191831320313506.
[I 2026-03-06 15:22:06,817] Trial 162 finished with value: 0.09787711426040917 and parameters: {'sigma_noise': 0.16833939244058552, 'A_repulsion': 0.3034095067032201, 'gamma': 0.6457369383150757, 'sigma_update': 0.23073084875615554, 'eta_learning': 1.681649584947276, 'sigma_boundary': 1.1246432787332008, 'alpha': 0.8886995819569563}. Best is trial 6 with value: 0.037191831320313506.
[I 2026-03-06 15:22:08,142] Trial 157 finished with value: 0.07332135866431916 and parameters: {'sigma_noise': 0.19594793889426892, 'A_repulsion': 0.2697454077740295, 'gamma': 0.5933903837643744, 'sigma_update': 0.197467583675105, 'eta_learning': 1.4137691772211014, 'sigma_boundary': 1.0174565386823493, 'alpha': 0.6722861938756838}. Best is trial 6 with value: 0.037191831320313506.
[I 2026-03-06 15:22:13,927] Trial 161 finished with value: 0.06940541457907025 and parameters: {'sigma_noise': 0.19875296733150827, 'A_repulsion': 0.2347004454892786, 'gamma': 0.600755820346312, 'sigma_update': 0.21221167629878498, 'eta_learning': 1.3161077127641938, 'sigma_boundary': 0.9346450542516279, 'alpha': 0.6775907953008204}. Best is trial 6 with value: 0.037191831320313506.
[I 2026-03-06 15:22:32,140] Trial 159 finished with value: 0.06404763528570424 and parameters: {'sigma_noise': 0.28847403565075974, 'A_repulsion': 0.15572175302355623, 'gamma': 0.9000528058004423, 'sigma_update': 0.19870825935555902, 'eta_learning': 1.626906926488659, 'sigma_boundary': 1.761521351614804, 'alpha': 0.6330546335580722}. Best is trial 6 with value: 0.037191831320313506.
[I 2026-03-06 15:24:13,844] Trial 163 finished with value: 0.12819677813814906 and parameters: {'sigma_noise': 0.29512886075357664, 'A_repulsion': 0.25139706225039543, 'gamma': 0.6468953420248866, 'sigma_update': 0.23078126504306637, 'eta_learning': 2.0404929719496625, 'sigma_boundary': 3.5760411184465934, 'alpha': 0.5172328509832604}. Best is trial 6 with value: 0.037191831320313506.
[I 2026-03-06 15:26:39,765] Trial 164 finished with value: 0.0904094113581527 and parameters: {'sigma_noise': 0.2968956043339332, 'A_repulsion': 0.26283227050242985, 'gamma': 0.7189686685213356, 'sigma_update': 0.23302924094762212, 'eta_learning': 1.445064545247097, 'sigma_boundary': 2.636531150043598, 'alpha': 0.5962891862403855}. Best is trial 6 with value: 0.037191831320313506.
[I 2026-03-06 15:27:27,278] Trial 165 finished with value: 0.0644544513030326 and parameters: {'sigma_noise': 0.21090281078865442, 'A_repulsion': 0.27316178317746365, 'gamma': 0.9676630414303891, 'sigma_update': 0.15303203973104665, 'eta_learning': 1.1081924589477785, 'sigma_boundary': 1.521425204951138, 'alpha': 0.6373564546454515}. Best is trial 6 with value: 0.037191831320313506.
[I 2026-03-06 15:28:36,267] Trial 166 finished with value: 0.11493307563006935 and parameters: {'sigma_noise': 0.17986424367587162, 'A_repulsion': 0.25426728828589606, 'gamma': 0.5410775151050017, 'sigma_update': 0.1786052333238851, 'eta_learning': 2.0049042671862467, 'sigma_boundary': 2.1764283794919224, 'alpha': 0.9291908469580226}. Best is trial 6 with value: 0.037191831320313506.
[I 2026-03-06 15:31:40,745] Trial 167 finished with value: 0.06812395999490203 and parameters: {'sigma_noise': 0.29177048965468616, 'A_repulsion': 0.1900465510250502, 'gamma': 0.7887729775401949, 'sigma_update': 0.31526513806259393, 'eta_learning': 1.5071984821673154, 'sigma_boundary': 3.9454802530602935, 'alpha': 0.6570928494501471}. Best is trial 6 with value: 0.037191831320313506.
[I 2026-03-06 15:31:56,559] Trial 169 finished with value: 0.06095577587638029 and parameters: {'sigma_noise': 0.1649587124755048, 'A_repulsion': 0.23429607092440458, 'gamma': 0.7574469052345768, 'sigma_update': 0.2358251069533609, 'eta_learning': 1.6562146282869536, 'sigma_boundary': 4.383352664070082, 'alpha': 0.6649970427432942}. Best is trial 6 with value: 0.037191831320313506.
[I 2026-03-06 15:32:01,899] Trial 170 finished with value: 0.0684319620314751 and parameters: {'sigma_noise': 0.1787138525289848, 'A_repulsion': 0.191233524543866, 'gamma': 0.6585881301075842, 'sigma_update': 0.27522629667503634, 'eta_learning': 1.2317510634827196, 'sigma_boundary': 2.9811239406047667, 'alpha': 0.5496045575629719}. Best is trial 6 with value: 0.037191831320313506.
