/nfs/nhome/live/apourdehghan/Hybrid_hpc_utils.py:56: DtypeWarning: Columns (16) have mixed types. Specify dtype option on import or set low_memory=False.
  data = pd.read_csv(data_path)
[I 2026-03-06 13:40:51,969] A new study created in memory with name: no-name-e6aaa01a-3143-4791-9b9c-05a012281714
[I 2026-03-06 13:50:51,570] Trial 13 finished with value: 0.32103190631791584 and parameters: {'sigma_noise': 0.1004304326194132, 'A_repulsion': 0.08290912445746168, 'gamma': 0.3546704601342413, 'sigma_update': 0.17423093041061644, 'eta_learning': 2.569239824514283, 'sigma_boundary': 3.7861730408181815, 'alpha': 0.20879304715157243}. Best is trial 13 with value: 0.32103190631791584.
[I 2026-03-06 13:50:54,315] Trial 1 finished with value: 0.4135570705369307 and parameters: {'sigma_noise': 0.14027865561496278, 'A_repulsion': 0.047073436916694966, 'gamma': 0.4380597434572247, 'sigma_update': 0.6483537225774427, 'eta_learning': 0.8740540148466337, 'sigma_boundary': 2.535037004569687, 'alpha': 0.2763843473563209}. Best is trial 13 with value: 0.32103190631791584.
[I 2026-03-06 13:51:19,246] Trial 10 finished with value: 1.0447602466674415 and parameters: {'sigma_noise': 0.14173893824736605, 'A_repulsion': 0.04210157830844574, 'gamma': 0.5343455048803973, 'sigma_update': 0.3918017554727404, 'eta_learning': 1.2382582105218518, 'sigma_boundary': 1.4750066380001516, 'alpha': 0.011910507655316982}. Best is trial 13 with value: 0.32103190631791584.
[I 2026-03-06 13:51:36,278] Trial 20 finished with value: 0.6690100102832615 and parameters: {'sigma_noise': 0.05911293729526959, 'A_repulsion': 0.31564087444146505, 'gamma': 0.8825898512844685, 'sigma_update': 0.5425891505412527, 'eta_learning': 0.9372974887874705, 'sigma_boundary': 5.905032851798434, 'alpha': 0.08676405052716818}. Best is trial 13 with value: 0.32103190631791584.
[I 2026-03-06 13:51:44,982] Trial 6 finished with value: 0.037191831320313506 and parameters: {'sigma_noise': 0.23050708167257145, 'A_repulsion': 0.01552127477407167, 'gamma': 0.9441716887533853, 'sigma_update': 0.21690201245441668, 'eta_learning': 2.8697833595053726, 'sigma_boundary': 7.325318473686864, 'alpha': 0.6997413995391205}. Best is trial 6 with value: 0.037191831320313506.
[I 2026-03-06 13:51:47,581] Trial 3 finished with value: 0.12909884272389271 and parameters: {'sigma_noise': 0.14182021533427483, 'A_repulsion': 0.1629821478168993, 'gamma': 0.326610013644301, 'sigma_update': 0.480307315733691, 'eta_learning': 0.5702435337915177, 'sigma_boundary': 6.649518535598287, 'alpha': 0.6282797593949266}. Best is trial 6 with value: 0.037191831320313506.
[I 2026-03-06 13:52:06,332] Trial 15 finished with value: 0.19145082898074484 and parameters: {'sigma_noise': 0.057968916988141175, 'A_repulsion': 0.4717454005913853, 'gamma': 0.8445425773211537, 'sigma_update': 0.17399282351865636, 'eta_learning': 0.6686588943353411, 'sigma_boundary': 6.770249894086311, 'alpha': 0.2567392857319212}. Best is trial 6 with value: 0.037191831320313506.
[I 2026-03-06 13:52:31,754] Trial 23 finished with value: 0.9031192132258761 and parameters: {'sigma_noise': 0.2492897302381724, 'A_repulsion': 0.03325577088258935, 'gamma': 0.4538883575251568, 'sigma_update': 0.019031287732067727, 'eta_learning': 0.45294855098815784, 'sigma_boundary': 6.422225979493369, 'alpha': 0.020677906172108407}. Best is trial 6 with value: 0.037191831320313506.
[I 2026-03-06 13:53:12,082] Trial 8 finished with value: 0.07793089704242254 and parameters: {'sigma_noise': 0.21677602940302693, 'A_repulsion': 0.20863205382448535, 'gamma': 0.7052768266630033, 'sigma_update': 0.43794719884707894, 'eta_learning': 2.9115040270304653, 'sigma_boundary': 6.695520838947403, 'alpha': 0.9752541206071739}. Best is trial 6 with value: 0.037191831320313506.
[I 2026-03-06 13:53:16,619] Trial 22 finished with value: 1.3492531211172534 and parameters: {'sigma_noise': 0.3260858550153975, 'A_repulsion': 0.03478726552675476, 'gamma': 0.2566373520472252, 'sigma_update': 0.11045226073098575, 'eta_learning': 2.9868380369196053, 'sigma_boundary': 4.342815930197752, 'alpha': 0.15117742990783178}. Best is trial 6 with value: 0.037191831320313506.
[I 2026-03-06 13:53:17,827] Trial 14 finished with value: 0.6502496872954835 and parameters: {'sigma_noise': 0.1292409833898332, 'A_repulsion': 0.40393609673871067, 'gamma': 0.3179692762826827, 'sigma_update': 0.23358917504893173, 'eta_learning': 0.3741181745755502, 'sigma_boundary': 7.482330811515188, 'alpha': 0.09401617194746326}. Best is trial 6 with value: 0.037191831320313506.
[I 2026-03-06 13:53:20,893] Trial 17 finished with value: 0.220476229150194 and parameters: {'sigma_noise': 0.25770963960851295, 'A_repulsion': 0.16468578598455152, 'gamma': 0.38144321575615286, 'sigma_update': 0.6434889985602738, 'eta_learning': 2.847520536196574, 'sigma_boundary': 0.22903517627047118, 'alpha': 0.7385139773549635}. Best is trial 6 with value: 0.037191831320313506.
[I 2026-03-06 13:54:17,217] Trial 16 finished with value: 0.7785742173943058 and parameters: {'sigma_noise': 0.4184250690270825, 'A_repulsion': 0.025751319044691967, 'gamma': 0.9324907888829366, 'sigma_update': 0.637303228180038, 'eta_learning': 1.2014350303416481, 'sigma_boundary': 5.988385793550708, 'alpha': 0.3149222553473071}. Best is trial 6 with value: 0.037191831320313506.
[I 2026-03-06 13:54:28,106] Trial 5 finished with value: 0.6098528267625775 and parameters: {'sigma_noise': 0.18535580896993198, 'A_repulsion': 0.41088361949568325, 'gamma': 0.37973698245095033, 'sigma_update': 0.34451176568925196, 'eta_learning': 1.39485505962795, 'sigma_boundary': 9.966592761789471, 'alpha': 0.31280305771860073}. Best is trial 6 with value: 0.037191831320313506.
[I 2026-03-06 13:54:32,215] Trial 4 finished with value: 0.15990250988177623 and parameters: {'sigma_noise': 0.3222484063516341, 'A_repulsion': 0.22572775654328403, 'gamma': 0.6698719946197327, 'sigma_update': 0.4624138845396242, 'eta_learning': 1.5869604917368492, 'sigma_boundary': 6.217205748353993, 'alpha': 0.6236632165828386}. Best is trial 6 with value: 0.037191831320313506.
[I 2026-03-06 13:54:37,495] Trial 7 finished with value: 1.8516362482769284 and parameters: {'sigma_noise': 0.21946859867807805, 'A_repulsion': 0.44203266627808, 'gamma': 0.857746489549442, 'sigma_update': 0.4452728163622736, 'eta_learning': 1.0389623146844436, 'sigma_boundary': 8.964013811970004, 'alpha': 0.1303014323380567}. Best is trial 6 with value: 0.037191831320313506.
[I 2026-03-06 13:54:52,013] Trial 9 finished with value: 0.5642262710778914 and parameters: {'sigma_noise': 0.4148115587300784, 'A_repulsion': 0.051005815685214284, 'gamma': 0.12796617292836646, 'sigma_update': 0.683766915823967, 'eta_learning': 2.711159280725726, 'sigma_boundary': 4.980949677481417, 'alpha': 0.6536621412242545}. Best is trial 6 with value: 0.037191831320313506.
[I 2026-03-06 13:55:01,130] Trial 2 finished with value: 0.7447613964770624 and parameters: {'sigma_noise': 0.22639754483665553, 'A_repulsion': 0.4562215157756953, 'gamma': 0.3869851662380233, 'sigma_update': 0.5120795959961185, 'eta_learning': 1.6655719132347135, 'sigma_boundary': 9.053701307637116, 'alpha': 0.3665729578555659}. Best is trial 6 with value: 0.037191831320313506.
[I 2026-03-06 13:55:10,703] Trial 11 finished with value: 0.20899080552678587 and parameters: {'sigma_noise': 0.31927111150016896, 'A_repulsion': 0.3021933655260965, 'gamma': 0.14805135837016922, 'sigma_update': 0.4643420277447754, 'eta_learning': 1.7449328705468699, 'sigma_boundary': 7.4831707635733755, 'alpha': 0.8249467169507556}. Best is trial 6 with value: 0.037191831320313506.
[I 2026-03-06 13:55:22,712] Trial 19 finished with value: 1.7176838267370678 and parameters: {'sigma_noise': 0.2922809210015587, 'A_repulsion': 0.4007669478427135, 'gamma': 0.5960274856851111, 'sigma_update': 0.5169249701288138, 'eta_learning': 0.6232226977416956, 'sigma_boundary': 2.6003281815315105, 'alpha': 0.22769527439311377}. Best is trial 6 with value: 0.037191831320313506.
[I 2026-03-06 13:55:24,533] Trial 12 finished with value: 0.2745451306387948 and parameters: {'sigma_noise': 0.4017615982109085, 'A_repulsion': 0.22257671975422183, 'gamma': 0.06757317748342997, 'sigma_update': 0.12898709516764487, 'eta_learning': 0.771951908765326, 'sigma_boundary': 5.961070383496424, 'alpha': 0.5410126833220692}. Best is trial 6 with value: 0.037191831320313506.
[I 2026-03-06 13:55:28,054] Trial 0 finished with value: 1.7951657635907778 and parameters: {'sigma_noise': 0.29052291051805573, 'A_repulsion': 0.43036783248972205, 'gamma': 0.21689585370401412, 'sigma_update': 0.31221184187753354, 'eta_learning': 2.676339700807356, 'sigma_boundary': 6.071152886064817, 'alpha': 0.10077945243197461}. Best is trial 6 with value: 0.037191831320313506.
[I 2026-03-06 13:56:16,473] Trial 18 finished with value: 1.078063072158544 and parameters: {'sigma_noise': 0.3340361289643715, 'A_repulsion': 0.4394432340777881, 'gamma': 0.35644144093288616, 'sigma_update': 0.18966286604027266, 'eta_learning': 0.17984858131214365, 'sigma_boundary': 5.0936702538678915, 'alpha': 0.10458778908935729}. Best is trial 6 with value: 0.037191831320313506.
[I 2026-03-06 13:57:08,555] Trial 21 finished with value: 0.732958063631312 and parameters: {'sigma_noise': 0.44118677522634353, 'A_repulsion': 0.44587583066781017, 'gamma': 0.18429077182567122, 'sigma_update': 0.037130121366929114, 'eta_learning': 1.0974783340837444, 'sigma_boundary': 9.567154918048578, 'alpha': 0.7936546583235459}. Best is trial 6 with value: 0.037191831320313506.
[I 2026-03-06 14:04:03,830] Trial 27 finished with value: 0.2436304596956112 and parameters: {'sigma_noise': 0.31463352129518374, 'A_repulsion': 0.013006273542824881, 'gamma': 0.5216764086962488, 'sigma_update': 0.3711181970206058, 'eta_learning': 0.36326405894135494, 'sigma_boundary': 4.516445824006288, 'alpha': 0.3456293922140786}. Best is trial 6 with value: 0.037191831320313506.
[I 2026-03-06 14:04:11,602] Trial 31 finished with value: 0.1425807323565757 and parameters: {'sigma_noise': 0.1488088036998534, 'A_repulsion': 0.14422466902414138, 'gamma': 0.36986378632079153, 'sigma_update': 0.4446728878959093, 'eta_learning': 1.5191554703392725, 'sigma_boundary': 4.907007366758636, 'alpha': 0.5826783791691887}. Best is trial 6 with value: 0.037191831320313506.
[I 2026-03-06 14:04:52,958] Trial 25 finished with value: 0.18838766109886668 and parameters: {'sigma_noise': 0.29825983802678285, 'A_repulsion': 0.14537091154106996, 'gamma': 0.7869691079261316, 'sigma_update': 0.21562157756747277, 'eta_learning': 1.8419585865451045, 'sigma_boundary': 6.753788033633047, 'alpha': 0.43522456249542324}. Best is trial 6 with value: 0.037191831320313506.
[I 2026-03-06 14:05:22,971] Trial 35 finished with value: 0.30957767360501864 and parameters: {'sigma_noise': 0.19290036934788013, 'A_repulsion': 0.14708855441949523, 'gamma': 0.38214211860061015, 'sigma_update': 0.3302579890603372, 'eta_learning': 1.4155848888694476, 'sigma_boundary': 5.9741773604208, 'alpha': 0.3437369508628808}. Best is trial 6 with value: 0.037191831320313506.
[I 2026-03-06 14:05:26,327] Trial 24 finished with value: 0.6082184899851455 and parameters: {'sigma_noise': 0.26444343143446697, 'A_repulsion': 0.2541998557383053, 'gamma': 0.5301119645165889, 'sigma_update': 0.46109816495538125, 'eta_learning': 1.3565510579673439, 'sigma_boundary': 7.920268900877546, 'alpha': 0.36494899799983505}. Best is trial 6 with value: 0.037191831320313506.
[I 2026-03-06 14:05:51,661] Trial 26 finished with value: 0.23765897217649473 and parameters: {'sigma_noise': 0.32112502516329156, 'A_repulsion': 0.23568483717954955, 'gamma': 0.4636132729953847, 'sigma_update': 0.3733044354546431, 'eta_learning': 2.3010258622400723, 'sigma_boundary': 5.247037206179754, 'alpha': 0.5085671769978676}. Best is trial 6 with value: 0.037191831320313506.
[I 2026-03-06 14:06:12,580] Trial 30 finished with value: 0.1018483777563201 and parameters: {'sigma_noise': 0.30655987662712947, 'A_repulsion': 0.23141826565500034, 'gamma': 0.7434894671116831, 'sigma_update': 0.18303422778849893, 'eta_learning': 1.4955164823610523, 'sigma_boundary': 2.0123430200460017, 'alpha': 0.598326283688416}. Best is trial 6 with value: 0.037191831320313506.
[I 2026-03-06 14:06:30,208] Trial 29 finished with value: 0.6616127171061918 and parameters: {'sigma_noise': 0.3248724488704646, 'A_repulsion': 0.18915490344741917, 'gamma': 0.561488518685723, 'sigma_update': 0.41072542870885154, 'eta_learning': 1.8315662100283696, 'sigma_boundary': 3.9965815440712023, 'alpha': 0.3696337929395141}. Best is trial 6 with value: 0.037191831320313506.
[I 2026-03-06 14:06:39,002] Trial 28 finished with value: 0.38204850277160207 and parameters: {'sigma_noise': 0.3644480484508171, 'A_repulsion': 0.23322911762254117, 'gamma': 0.5997349693017103, 'sigma_update': 0.28322036243776993, 'eta_learning': 2.6056635136903936, 'sigma_boundary': 2.8129233170373995, 'alpha': 0.42859622870459324}. Best is trial 6 with value: 0.037191831320313506.
[I 2026-03-06 14:06:52,436] Trial 40 finished with value: 0.2436128764259748 and parameters: {'sigma_noise': 0.1612760013382122, 'A_repulsion': 0.1716106311472058, 'gamma': 0.5442996409913391, 'sigma_update': 0.48993084295554296, 'eta_learning': 1.539420146105414, 'sigma_boundary': 2.87714595515316, 'alpha': 0.44088165605120644}. Best is trial 6 with value: 0.037191831320313506.
[I 2026-03-06 14:06:54,027] Trial 38 finished with value: 0.12930384041929055 and parameters: {'sigma_noise': 0.1725418082890571, 'A_repulsion': 0.2315142623057258, 'gamma': 0.5048108725200651, 'sigma_update': 0.39256009745323744, 'eta_learning': 1.0334864360293423, 'sigma_boundary': 9.436952712072813, 'alpha': 0.5226703363235605}. Best is trial 6 with value: 0.037191831320313506.
[I 2026-03-06 14:07:14,628] Trial 32 finished with value: 0.3020026670107982 and parameters: {'sigma_noise': 0.22397123416809678, 'A_repulsion': 0.2769399870308772, 'gamma': 0.52618404975533, 'sigma_update': 0.33469904336641026, 'eta_learning': 1.2859145955226408, 'sigma_boundary': 6.040063763547372, 'alpha': 0.382594162506838}. Best is trial 6 with value: 0.037191831320313506.
[I 2026-03-06 14:07:27,712] Trial 34 finished with value: 0.16476088095693597 and parameters: {'sigma_noise': 0.2914092676984969, 'A_repulsion': 0.249108137240618, 'gamma': 0.34569122747759523, 'sigma_update': 0.43751043752863666, 'eta_learning': 1.2879134037826416, 'sigma_boundary': 3.3835436294878245, 'alpha': 0.6959909122209261}. Best is trial 6 with value: 0.037191831320313506.
[I 2026-03-06 14:08:03,646] Trial 36 finished with value: 0.19671054533945354 and parameters: {'sigma_noise': 0.32160877276379385, 'A_repulsion': 0.11330634157930483, 'gamma': 0.2569717365503304, 'sigma_update': 0.14805274902534715, 'eta_learning': 1.0946924246058327, 'sigma_boundary': 5.233997730886207, 'alpha': 0.8044878208889399}. Best is trial 6 with value: 0.037191831320313506.
[I 2026-03-06 14:08:05,191] Trial 33 finished with value: 0.5504437901988017 and parameters: {'sigma_noise': 0.3674392283537038, 'A_repulsion': 0.1946411943336676, 'gamma': 0.40227706743582997, 'sigma_update': 0.3404035201133065, 'eta_learning': 1.8323515068988738, 'sigma_boundary': 3.0935770411100423, 'alpha': 0.38482434917743735}. Best is trial 6 with value: 0.037191831320313506.
[I 2026-03-06 14:08:33,350] Trial 41 finished with value: 0.2207238907982239 and parameters: {'sigma_noise': 0.23746918220419483, 'A_repulsion': 0.2300164183335699, 'gamma': 0.48523825582784497, 'sigma_update': 0.4772567477713156, 'eta_learning': 0.7499559265924913, 'sigma_boundary': 2.2047894199298614, 'alpha': 0.5112835382691102}. Best is trial 6 with value: 0.037191831320313506.
[I 2026-03-06 14:09:02,271] Trial 44 finished with value: 0.17963749810361646 and parameters: {'sigma_noise': 0.33170492686572034, 'A_repulsion': 0.098291403955936, 'gamma': 0.40424880321689066, 'sigma_update': 0.3945820571543144, 'eta_learning': 0.5454292203719001, 'sigma_boundary': 3.2480077318864087, 'alpha': 0.6178952009448407}. Best is trial 6 with value: 0.037191831320313506.
[I 2026-03-06 14:09:04,958] Trial 39 finished with value: 0.534532805344827 and parameters: {'sigma_noise': 0.2912954906285522, 'A_repulsion': 0.2095808574767417, 'gamma': 0.45060512220601445, 'sigma_update': 0.23774550712131673, 'eta_learning': 1.1500803353250855, 'sigma_boundary': 6.750096203886786, 'alpha': 0.33653704492236547}. Best is trial 6 with value: 0.037191831320313506.
[I 2026-03-06 14:09:06,932] Trial 37 finished with value: 0.12572218730958512 and parameters: {'sigma_noise': 0.29527548031654033, 'A_repulsion': 0.2950498978652088, 'gamma': 0.24522102513420627, 'sigma_update': 0.3198811367605634, 'eta_learning': 0.8633131783985885, 'sigma_boundary': 6.8900192569120335, 'alpha': 0.6596695380695984}. Best is trial 6 with value: 0.037191831320313506.
[I 2026-03-06 14:09:41,540] Trial 42 finished with value: 0.2557729524923864 and parameters: {'sigma_noise': 0.29903130527973987, 'A_repulsion': 0.24721461536996245, 'gamma': 0.6533904356047067, 'sigma_update': 0.07423372149756229, 'eta_learning': 0.6325862203218682, 'sigma_boundary': 6.737439794179751, 'alpha': 0.47863363733844455}. Best is trial 6 with value: 0.037191831320313506.
[I 2026-03-06 14:09:58,676] Trial 45 finished with value: 0.8450190439638339 and parameters: {'sigma_noise': 0.2564561347592093, 'A_repulsion': 0.32651448926659576, 'gamma': 0.30691399801896746, 'sigma_update': 0.15164618288661508, 'eta_learning': 1.0625318583117527, 'sigma_boundary': 5.675250695432911, 'alpha': 0.3028183111411308}. Best is trial 6 with value: 0.037191831320313506.
[I 2026-03-06 14:10:44,716] Trial 46 finished with value: 0.500564650959074 and parameters: {'sigma_noise': 0.22804444059338985, 'A_repulsion': 0.3335899041521374, 'gamma': 0.44312075598339606, 'sigma_update': 0.4986266575818421, 'eta_learning': 1.1745859331460293, 'sigma_boundary': 2.259020038348616, 'alpha': 0.3964451069352256}. Best is trial 6 with value: 0.037191831320313506.
[I 2026-03-06 14:10:48,570] Trial 43 finished with value: 0.3760125517771037 and parameters: {'sigma_noise': 0.3684672248661783, 'A_repulsion': 0.330785216814943, 'gamma': 0.7283552439067056, 'sigma_update': 0.2754469967155139, 'eta_learning': 0.8186490970134388, 'sigma_boundary': 4.982752041525705, 'alpha': 0.4413767291211379}. Best is trial 6 with value: 0.037191831320313506.
[I 2026-03-06 14:11:35,732] Trial 47 finished with value: 0.13996603538476024 and parameters: {'sigma_noise': 0.27848621723974104, 'A_repulsion': 0.24144686770981721, 'gamma': 0.46764358688656377, 'sigma_update': 0.22308980270133866, 'eta_learning': 1.2536908061660619, 'sigma_boundary': 8.161001613626055, 'alpha': 0.4470210931776973}. Best is trial 6 with value: 0.037191831320313506.
[I 2026-03-06 14:17:45,545] Trial 48 finished with value: 0.09108604388633153 and parameters: {'sigma_noise': 0.20446261396025112, 'A_repulsion': 0.2847099566252993, 'gamma': 0.48706610067782075, 'sigma_update': 0.41490575212300135, 'eta_learning': 2.6380120300959184, 'sigma_boundary': 5.10037092191136, 'alpha': 0.7378692601979328}. Best is trial 6 with value: 0.037191831320313506.
[I 2026-03-06 14:18:33,916] Trial 53 finished with value: 0.10969785580594893 and parameters: {'sigma_noise': 0.17941823027060788, 'A_repulsion': 0.21726514658047535, 'gamma': 0.46319783787021473, 'sigma_update': 0.3214384299817869, 'eta_learning': 1.5661853356311004, 'sigma_boundary': 5.551895372468744, 'alpha': 0.5051333799411822}. Best is trial 6 with value: 0.037191831320313506.
[I 2026-03-06 14:18:34,479] Trial 49 finished with value: 0.22498404772838332 and parameters: {'sigma_noise': 0.3235145294527052, 'A_repulsion': 0.13510553780061393, 'gamma': 0.8934587485064238, 'sigma_update': 0.6441282025995669, 'eta_learning': 1.1186318466353924, 'sigma_boundary': 5.216884391767938, 'alpha': 0.5093706954833929}. Best is trial 6 with value: 0.037191831320313506.
[I 2026-03-06 14:19:33,923] Trial 54 finished with value: 0.06526617325695463 and parameters: {'sigma_noise': 0.1890991162938725, 'A_repulsion': 0.2968605488191727, 'gamma': 0.6887159320302078, 'sigma_update': 0.409980663283222, 'eta_learning': 1.5495140549706077, 'sigma_boundary': 1.8338149192266557, 'alpha': 0.6557260974453195}. Best is trial 6 with value: 0.037191831320313506.
[I 2026-03-06 14:19:42,749] Trial 59 finished with value: 0.2352961998559403 and parameters: {'sigma_noise': 0.19138132659051704, 'A_repulsion': 0.13725371178847695, 'gamma': 0.9185137437294933, 'sigma_update': 0.20128422349574993, 'eta_learning': 2.222505452920665, 'sigma_boundary': 3.9914875300978516, 'alpha': 0.33504021036045145}. Best is trial 6 with value: 0.037191831320313506.
[I 2026-03-06 14:19:44,927] Trial 57 finished with value: 1.3912018239394763 and parameters: {'sigma_noise': 0.25245899202787053, 'A_repulsion': 0.10938853462051695, 'gamma': 0.4821429990328414, 'sigma_update': 0.2712377151605707, 'eta_learning': 2.0747134612092104, 'sigma_boundary': 3.2756525156732117, 'alpha': 0.13739797047972013}. Best is trial 6 with value: 0.037191831320313506.
[I 2026-03-06 14:19:48,138] Trial 51 finished with value: 0.5188305594074302 and parameters: {'sigma_noise': 0.2042192809982355, 'A_repulsion': 0.35478450664230254, 'gamma': 0.5451050529111158, 'sigma_update': 0.24416555106026283, 'eta_learning': 1.682033297619282, 'sigma_boundary': 7.433253192123515, 'alpha': 0.33237363308917145}. Best is trial 6 with value: 0.037191831320313506.
[I 2026-03-06 14:19:53,984] Trial 60 finished with value: 0.06055227369923723 and parameters: {'sigma_noise': 0.1913994919715699, 'A_repulsion': 0.17695868576013438, 'gamma': 0.6129162685968728, 'sigma_update': 0.166383174271384, 'eta_learning': 1.2299971352844616, 'sigma_boundary': 6.076173268524722, 'alpha': 0.6530400919829347}. Best is trial 6 with value: 0.037191831320313506.
