[I 2026-03-06 17:19:38,140] Trial 142 finished with value: 0.04620841407085687 and parameters: {'sigma_noise': 0.1877281503553322, 'A_repulsion': 0.008638367146739517, 'gamma': 0.6531212497128343, 'sigma_update': 0.24462676325930532, 'eta_learning': 1.1184568420220764, 'sigma_boundary': 3.999736792400387, 'alpha': 0.6383674281914039}. Best is trial 88 with value: 0.027293192781812577.
[I 2026-03-06 17:19:54,360] Trial 140 finished with value: 0.33089123389569985 and parameters: {'sigma_noise': 0.17370735556553935, 'A_repulsion': 0.2115746333521417, 'gamma': 0.5728746798087635, 'sigma_update': 0.366582427660046, 'eta_learning': 1.395643570147727, 'sigma_boundary': 2.727153673301621, 'alpha': 0.35152880812031334}. Best is trial 88 with value: 0.027293192781812577.
[I 2026-03-06 17:20:19,058] Trial 143 finished with value: 0.05137337365052089 and parameters: {'sigma_noise': 0.17389677721007885, 'A_repulsion': 0.13467928485744632, 'gamma': 0.7671807934887194, 'sigma_update': 0.16886734009467888, 'eta_learning': 1.1108933895526993, 'sigma_boundary': 3.2703799538459495, 'alpha': 0.7814793126862063}. Best is trial 88 with value: 0.027293192781812577.
[I 2026-03-06 17:20:20,688] Trial 138 finished with value: 0.03982208229034895 and parameters: {'sigma_noise': 0.2365286311444864, 'A_repulsion': 0.18537401971298656, 'gamma': 0.8669417344676954, 'sigma_update': 0.22280423327875504, 'eta_learning': 1.7697796882789356, 'sigma_boundary': 1.4311541959620568, 'alpha': 0.4977824578852231}. Best is trial 88 with value: 0.027293192781812577.
[I 2026-03-06 17:20:25,981] Trial 141 finished with value: 0.055972457014634894 and parameters: {'sigma_noise': 0.20980185464386464, 'A_repulsion': 0.1251795690431125, 'gamma': 0.6191969420154753, 'sigma_update': 0.20918060097333455, 'eta_learning': 0.4770534606859411, 'sigma_boundary': 4.919072111456027, 'alpha': 0.8087077033050767}. Best is trial 88 with value: 0.027293192781812577.
[I 2026-03-06 17:21:40,138] Trial 144 finished with value: 1.0988443236142351 and parameters: {'sigma_noise': 0.22437304044023965, 'A_repulsion': 0.12715437237665891, 'gamma': 0.45817739757190834, 'sigma_update': 0.3055944264725696, 'eta_learning': 1.0646655248496095, 'sigma_boundary': 3.282219180619186, 'alpha': 0.19086466848604566}. Best is trial 88 with value: 0.027293192781812577.
[I 2026-03-06 17:25:31,444] Trial 145 finished with value: 0.06838730710347872 and parameters: {'sigma_noise': 0.22439455085090387, 'A_repulsion': 0.17139293363409075, 'gamma': 0.7483347671797603, 'sigma_update': 0.26010015063691333, 'eta_learning': 1.7270856073773573, 'sigma_boundary': 0.7248001550913287, 'alpha': 0.4317792704689034}. Best is trial 88 with value: 0.027293192781812577.
[I 2026-03-06 17:26:34,760] Trial 148 finished with value: 0.057527144929230195 and parameters: {'sigma_noise': 0.13426440718334853, 'A_repulsion': 0.13356915708499575, 'gamma': 0.7480271556060559, 'sigma_update': 0.12549520367699282, 'eta_learning': 1.042687062236067, 'sigma_boundary': 5.273550643874616, 'alpha': 0.7264018066539809}. Best is trial 88 with value: 0.027293192781812577.
[I 2026-03-06 17:26:48,193] Trial 153 finished with value: 0.07651283569353845 and parameters: {'sigma_noise': 0.09630585578802466, 'A_repulsion': 0.009655626675069057, 'gamma': 0.8713964225193799, 'sigma_update': 0.1751815780893538, 'eta_learning': 0.3430550121173752, 'sigma_boundary': 4.189312387557504, 'alpha': 0.9376942358284681}. Best is trial 88 with value: 0.027293192781812577.
[I 2026-03-06 17:28:24,317] Trial 147 finished with value: 0.056117428554729516 and parameters: {'sigma_noise': 0.29511612377118196, 'A_repulsion': 0.06879233059578863, 'gamma': 0.8098086594602272, 'sigma_update': 0.2696847718460835, 'eta_learning': 0.6179111399670705, 'sigma_boundary': 3.88235660619318, 'alpha': 0.6974308079193335}. Best is trial 88 with value: 0.027293192781812577.
[I 2026-03-06 17:28:57,081] Trial 149 finished with value: 0.05210821597395541 and parameters: {'sigma_noise': 0.20443231579659665, 'A_repulsion': 0.14511046530449792, 'gamma': 0.7324848905650673, 'sigma_update': 0.4081184255614666, 'eta_learning': 1.1002958601330706, 'sigma_boundary': 1.37856168413446, 'alpha': 0.6506543282621717}. Best is trial 88 with value: 0.027293192781812577.
[I 2026-03-06 17:29:26,051] Trial 151 finished with value: 0.05279575285333936 and parameters: {'sigma_noise': 0.16345129350621523, 'A_repulsion': 0.20103344868612924, 'gamma': 0.8302707717418388, 'sigma_update': 0.199420649166551, 'eta_learning': 0.23245700076883805, 'sigma_boundary': 3.0988323694417557, 'alpha': 0.5087886200680972}. Best is trial 88 with value: 0.027293192781812577.
[I 2026-03-06 17:29:46,565] Trial 150 finished with value: 0.04697404657911501 and parameters: {'sigma_noise': 0.1880532480330973, 'A_repulsion': 0.23136126692321513, 'gamma': 0.8083795552559067, 'sigma_update': 0.33819375366517684, 'eta_learning': 1.1441847570981218, 'sigma_boundary': 5.0750331731482685, 'alpha': 0.7163058467411964}. Best is trial 88 with value: 0.027293192781812577.
[I 2026-03-06 17:30:10,297] Trial 146 finished with value: 0.06836473442621258 and parameters: {'sigma_noise': 0.28588947362068884, 'A_repulsion': 0.212694239584868, 'gamma': 0.926008795178673, 'sigma_update': 0.31154058846453175, 'eta_learning': 1.5341988365402655, 'sigma_boundary': 6.371155358836412, 'alpha': 0.5039181757617917}. Best is trial 88 with value: 0.027293192781812577.
[I 2026-03-06 17:30:37,532] Trial 152 finished with value: 0.028245136663574606 and parameters: {'sigma_noise': 0.2431397125571052, 'A_repulsion': 0.15919237246791892, 'gamma': 0.9623813280859299, 'sigma_update': 0.24380819344268037, 'eta_learning': 1.0219123023664693, 'sigma_boundary': 4.27671100118913, 'alpha': 0.5527360443805126}. Best is trial 88 with value: 0.027293192781812577.
[I 2026-03-06 17:30:54,217] Trial 160 finished with value: 0.06991464032473002 and parameters: {'sigma_noise': 0.0940712585430544, 'A_repulsion': 0.10791704719853575, 'gamma': 0.835168096020039, 'sigma_update': 0.23090080072596855, 'eta_learning': 0.6534630051578266, 'sigma_boundary': 5.383375339943091, 'alpha': 0.5685463155107086}. Best is trial 88 with value: 0.027293192781812577.
[I 2026-03-06 17:31:03,501] Trial 154 finished with value: 0.044819431124551994 and parameters: {'sigma_noise': 0.18689415491965006, 'A_repulsion': 0.1446172758106544, 'gamma': 0.6996141639282076, 'sigma_update': 0.1944999615328326, 'eta_learning': 0.9316837137688845, 'sigma_boundary': 3.8042814066370783, 'alpha': 0.623569352845633}. Best is trial 88 with value: 0.027293192781812577.
[I 2026-03-06 17:31:17,140] Trial 156 finished with value: 0.09569401193617165 and parameters: {'sigma_noise': 0.11039486909162802, 'A_repulsion': 0.23619447109014172, 'gamma': 0.8597626905776976, 'sigma_update': 0.19236489518493188, 'eta_learning': 0.25959776713612087, 'sigma_boundary': 4.421745744936753, 'alpha': 0.6827733432174337}. Best is trial 88 with value: 0.027293192781812577.
[I 2026-03-06 17:32:16,355] Trial 158 finished with value: 0.032442245045390956 and parameters: {'sigma_noise': 0.20366132972775836, 'A_repulsion': 0.14272491141009921, 'gamma': 0.9542100857703287, 'sigma_update': 0.19936430802257013, 'eta_learning': 0.7716341656670481, 'sigma_boundary': 2.9989672949739834, 'alpha': 0.6173990075013239}. Best is trial 88 with value: 0.027293192781812577.
[I 2026-03-06 17:32:16,976] Trial 157 finished with value: 0.06638913907243649 and parameters: {'sigma_noise': 0.18519520944645368, 'A_repulsion': 0.1755255716890183, 'gamma': 0.7272316926297056, 'sigma_update': 0.15459782128924252, 'eta_learning': 0.18337621417933506, 'sigma_boundary': 2.8409061032767653, 'alpha': 0.7698247401048837}. Best is trial 88 with value: 0.027293192781812577.
[I 2026-03-06 17:32:40,165] Trial 163 finished with value: 0.04897547730835221 and parameters: {'sigma_noise': 0.1113799645237901, 'A_repulsion': 0.042775478863079586, 'gamma': 0.6075025085518769, 'sigma_update': 0.0522982828605656, 'eta_learning': 0.7441597665203612, 'sigma_boundary': 2.879492139207499, 'alpha': 0.5082427095694303}. Best is trial 88 with value: 0.027293192781812577.
[I 2026-03-06 17:32:52,742] Trial 155 finished with value: 0.8811238650396678 and parameters: {'sigma_noise': 0.18957277680784618, 'A_repulsion': 0.28578901155980996, 'gamma': 0.8878024671734701, 'sigma_update': 0.1805706379163878, 'eta_learning': 0.5940848400206435, 'sigma_boundary': 5.352507302927411, 'alpha': 0.2328652605380156}. Best is trial 88 with value: 0.027293192781812577.
[I 2026-03-06 17:32:54,792] Trial 161 finished with value: 0.10140437442563098 and parameters: {'sigma_noise': 0.14001798345654587, 'A_repulsion': 0.11380681267658149, 'gamma': 0.7601884907773677, 'sigma_update': 0.4094494607997798, 'eta_learning': 1.1878567481357267, 'sigma_boundary': 6.683569349523982, 'alpha': 0.5105406498475239}. Best is trial 88 with value: 0.027293192781812577.
[I 2026-03-06 17:33:49,400] Trial 159 finished with value: 0.026508513540530056 and parameters: {'sigma_noise': 0.23618635895841067, 'A_repulsion': 0.07809408338604748, 'gamma': 0.9308661452313359, 'sigma_update': 0.26471860625098204, 'eta_learning': 0.4801995314552, 'sigma_boundary': 4.520060193070626, 'alpha': 0.6175035817285573}. Best is trial 159 with value: 0.026508513540530056.
[I 2026-03-06 17:33:55,793] Trial 162 finished with value: 0.045798373426760394 and parameters: {'sigma_noise': 0.17441765395959413, 'A_repulsion': 0.131000879013013, 'gamma': 0.80231808533867, 'sigma_update': 0.14015864750352558, 'eta_learning': 0.42833476430337636, 'sigma_boundary': 3.3399858430369056, 'alpha': 0.6517656229040619}. Best is trial 159 with value: 0.026508513540530056.
[I 2026-03-06 17:34:49,860] Trial 167 finished with value: 0.29922776215882196 and parameters: {'sigma_noise': 0.18648011478732102, 'A_repulsion': 0.11992117067542446, 'gamma': 0.760907138701182, 'sigma_update': 0.03679312334010665, 'eta_learning': 1.6171622128151257, 'sigma_boundary': 4.5465187063826455, 'alpha': 0.4363900578549531}. Best is trial 159 with value: 0.026508513540530056.
[I 2026-03-06 17:35:01,465] Trial 165 finished with value: 0.04562427940143834 and parameters: {'sigma_noise': 0.20477709015164225, 'A_repulsion': 0.08037476702433856, 'gamma': 0.9167131080631221, 'sigma_update': 0.07902141592530214, 'eta_learning': 0.09874603818346446, 'sigma_boundary': 5.011521709650286, 'alpha': 0.546803828888324}. Best is trial 159 with value: 0.026508513540530056.
[I 2026-03-06 17:35:36,394] Trial 164 finished with value: 0.04297365114814472 and parameters: {'sigma_noise': 0.19833566725129143, 'A_repulsion': 0.18426575562128544, 'gamma': 0.8331608349594327, 'sigma_update': 0.2092806938564675, 'eta_learning': 1.0780954623462324, 'sigma_boundary': 4.691939673175391, 'alpha': 0.5198383197329692}. Best is trial 159 with value: 0.026508513540530056.
[I 2026-03-06 17:36:03,455] Trial 168 finished with value: 0.07088720213709244 and parameters: {'sigma_noise': 0.18019930804013884, 'A_repulsion': 0.045908592460679964, 'gamma': 0.5882490217899032, 'sigma_update': 0.3532704111761575, 'eta_learning': 1.9325538366005435, 'sigma_boundary': 5.854100264535389, 'alpha': 0.6675259745474171}. Best is trial 159 with value: 0.026508513540530056.
[I 2026-03-06 17:37:42,616] Trial 166 finished with value: 0.07198749079609278 and parameters: {'sigma_noise': 0.3000451831177101, 'A_repulsion': 0.16834172188231977, 'gamma': 0.7045706884468131, 'sigma_update': 0.22611029521083334, 'eta_learning': 0.08491692560440654, 'sigma_boundary': 7.037178158594839, 'alpha': 0.40389366158815176}. Best is trial 159 with value: 0.026508513540530056.
[I 2026-03-06 17:41:22,879] Trial 170 finished with value: 0.0694460048054294 and parameters: {'sigma_noise': 0.24325337812992487, 'A_repulsion': 0.14071929960176371, 'gamma': 0.6658772995666927, 'sigma_update': 0.33512073572213974, 'eta_learning': 0.8367291362257341, 'sigma_boundary': 3.539771389598129, 'alpha': 0.6357909301578961}. Best is trial 159 with value: 0.026508513540530056.
[I 2026-03-06 17:41:23,500] Trial 171 finished with value: 0.034616143210229086 and parameters: {'sigma_noise': 0.24616244078599098, 'A_repulsion': 0.07222295872489301, 'gamma': 0.8622554919239751, 'sigma_update': 0.20561576577431956, 'eta_learning': 0.798170268758922, 'sigma_boundary': 3.0685468916734937, 'alpha': 0.7003419137940167}. Best is trial 159 with value: 0.026508513540530056.
[I 2026-03-06 17:41:36,622] Trial 169 finished with value: 0.14283366656891316 and parameters: {'sigma_noise': 0.25836752055479134, 'A_repulsion': 0.12413080347963465, 'gamma': 0.7944888903555657, 'sigma_update': 0.24921095054604225, 'eta_learning': 1.2527117435416155, 'sigma_boundary': 5.837594386375037, 'alpha': 0.43457652360049626}. Best is trial 159 with value: 0.026508513540530056.
[I 2026-03-06 17:42:16,126] Trial 173 finished with value: 0.06689977943163512 and parameters: {'sigma_noise': 0.09815455335076767, 'A_repulsion': 0.12418709261253763, 'gamma': 0.7007811657624492, 'sigma_update': 0.20140905813548243, 'eta_learning': 0.8843269051285568, 'sigma_boundary': 3.6537370319068128, 'alpha': 0.44545009432134447}. Best is trial 159 with value: 0.026508513540530056.
[I 2026-03-06 17:43:36,800] Trial 172 finished with value: 0.06885232526751425 and parameters: {'sigma_noise': 0.26888035646358754, 'A_repulsion': 0.08486205478993282, 'gamma': 0.718737232329501, 'sigma_update': 0.37301075927853417, 'eta_learning': 1.4688200329549415, 'sigma_boundary': 5.339301808141222, 'alpha': 0.6811754929656799}. Best is trial 159 with value: 0.026508513540530056.
[I 2026-03-06 17:44:08,170] Trial 174 finished with value: 0.42526344418479745 and parameters: {'sigma_noise': 0.23930604993670818, 'A_repulsion': 0.03588774372061762, 'gamma': 0.6754079174856424, 'sigma_update': 0.4748481605706534, 'eta_learning': 0.4660049170759709, 'sigma_boundary': 4.682934487841412, 'alpha': 0.2417749577400688}. Best is trial 159 with value: 0.026508513540530056.
[I 2026-03-06 17:44:53,543] Trial 183 finished with value: 0.10537894658283792 and parameters: {'sigma_noise': 0.06546084440261504, 'A_repulsion': 0.1343776558004689, 'gamma': 0.7699514854134153, 'sigma_update': 0.1791139554900728, 'eta_learning': 1.3842093434855385, 'sigma_boundary': 3.7265664440000563, 'alpha': 0.6888224447063664}. Best is trial 159 with value: 0.026508513540530056.
[I 2026-03-06 17:44:55,193] Trial 175 finished with value: 0.06404896109962202 and parameters: {'sigma_noise': 0.12341106545951294, 'A_repulsion': 0.2709612614867051, 'gamma': 0.9663849399148207, 'sigma_update': 0.344183224472364, 'eta_learning': 0.6241361978861707, 'sigma_boundary': 2.956049803180889, 'alpha': 0.6194860135884604}. Best is trial 159 with value: 0.026508513540530056.
[I 2026-03-06 17:45:18,072] Trial 179 finished with value: 0.03684128747833539 and parameters: {'sigma_noise': 0.17515861319072712, 'A_repulsion': 0.0919374458502307, 'gamma': 0.881782693508839, 'sigma_update': 0.10251739571220807, 'eta_learning': 0.7280805717071248, 'sigma_boundary': 2.0986629170355555, 'alpha': 0.6248523585220447}. Best is trial 159 with value: 0.026508513540530056.
[I 2026-03-06 17:45:26,035] Trial 182 finished with value: 0.06772148950026255 and parameters: {'sigma_noise': 0.11585131974407818, 'A_repulsion': 0.06105719162486033, 'gamma': 0.9439420111205692, 'sigma_update': 0.14767565362378132, 'eta_learning': 0.8024604061337512, 'sigma_boundary': 4.957724981909148, 'alpha': 0.6938441785264505}. Best is trial 159 with value: 0.026508513540530056.
[I 2026-03-06 17:45:41,587] Trial 176 finished with value: 0.0489798034845144 and parameters: {'sigma_noise': 0.21927310924189614, 'A_repulsion': 0.1276721522941269, 'gamma': 0.7085066002251146, 'sigma_update': 0.37022221238593755, 'eta_learning': 1.1403983994634386, 'sigma_boundary': 0.3698828922136731, 'alpha': 0.835843100807804}. Best is trial 159 with value: 0.026508513540530056.
[I 2026-03-06 17:45:59,243] Trial 181 finished with value: 0.12626511215288944 and parameters: {'sigma_noise': 0.18701497515579657, 'A_repulsion': 0.08013568490583228, 'gamma': 0.82027162435297, 'sigma_update': 0.30669563610202866, 'eta_learning': 0.8794758124187978, 'sigma_boundary': 4.675206155374061, 'alpha': 0.39506950315162426}. Best is trial 159 with value: 0.026508513540530056.
[I 2026-03-06 17:46:05,902] Trial 178 finished with value: 0.06927854765735517 and parameters: {'sigma_noise': 0.27188643348747077, 'A_repulsion': 0.05935523157891622, 'gamma': 0.9168941082762174, 'sigma_update': 0.288953005713122, 'eta_learning': 0.9100075228184381, 'sigma_boundary': 5.240860625468005, 'alpha': 0.4738463062085101}. Best is trial 159 with value: 0.026508513540530056.
[I 2026-03-06 17:46:48,047] Trial 180 finished with value: 0.16383429606608854 and parameters: {'sigma_noise': 0.21356214325412348, 'A_repulsion': 0.20775449553193176, 'gamma': 0.5841857764405242, 'sigma_update': 0.5354245461230636, 'eta_learning': 1.0513123821606307, 'sigma_boundary': 7.646051048050299, 'alpha': 0.6194661294029951}. Best is trial 159 with value: 0.026508513540530056.
[I 2026-03-06 17:46:48,401] Trial 177 finished with value: 0.06403539265506633 and parameters: {'sigma_noise': 0.19988834175315012, 'A_repulsion': 0.26318667538725826, 'gamma': 0.6377562409417217, 'sigma_update': 0.318846813296414, 'eta_learning': 0.5028109041759385, 'sigma_boundary': 6.008747750199112, 'alpha': 0.7653209382620147}. Best is trial 159 with value: 0.026508513540530056.
[I 2026-03-06 17:47:31,978] Trial 185 finished with value: 0.06637239679084624 and parameters: {'sigma_noise': 0.19375348233224793, 'A_repulsion': 0.16587119925181926, 'gamma': 0.7547820642730985, 'sigma_update': 0.29180181573622516, 'eta_learning': 0.33187391992403475, 'sigma_boundary': 0.913223069435655, 'alpha': 0.2979062233560447}. Best is trial 159 with value: 0.026508513540530056.
[I 2026-03-06 17:47:33,475] Trial 187 finished with value: 0.11846400461542805 and parameters: {'sigma_noise': 0.18706074993813182, 'A_repulsion': 0.0994141403683172, 'gamma': 0.6658880293616304, 'sigma_update': 0.25558440291419454, 'eta_learning': 1.0604261978057492, 'sigma_boundary': 4.121608007575378, 'alpha': 0.40578038393460447}. Best is trial 159 with value: 0.026508513540530056.
[I 2026-03-06 17:47:54,718] Trial 184 finished with value: 0.04828861377635298 and parameters: {'sigma_noise': 0.25172573444357776, 'A_repulsion': 0.1316983188821321, 'gamma': 0.8033413024873263, 'sigma_update': 0.18070223086059758, 'eta_learning': 0.39962693929598236, 'sigma_boundary': 3.893365310830237, 'alpha': 0.673758208466567}. Best is trial 159 with value: 0.026508513540530056.
[I 2026-03-06 17:48:13,504] Trial 190 finished with value: 0.04797111793706399 and parameters: {'sigma_noise': 0.18076173720094296, 'A_repulsion': 0.10351876281462198, 'gamma': 0.7075796738700999, 'sigma_update': 0.3416182687200647, 'eta_learning': 0.18449675106974975, 'sigma_boundary': 5.052718795250959, 'alpha': 0.670316433376481}. Best is trial 159 with value: 0.026508513540530056.
[I 2026-03-06 17:48:15,848] Trial 186 finished with value: 0.040437943747381286 and parameters: {'sigma_noise': 0.20554561890759787, 'A_repulsion': 0.172804709172648, 'gamma': 0.8346480583845849, 'sigma_update': 0.1856374506076944, 'eta_learning': 0.5267888758492856, 'sigma_boundary': 4.857312735469065, 'alpha': 0.5363912748973416}. Best is trial 159 with value: 0.026508513540530056.
[I 2026-03-06 17:49:15,740] Trial 188 finished with value: 0.0918372949393885 and parameters: {'sigma_noise': 0.2580907057871228, 'A_repulsion': 0.20430350851758378, 'gamma': 0.7669765311789625, 'sigma_update': 0.08599964590507723, 'eta_learning': 1.181830458372641, 'sigma_boundary': 5.70873072132151, 'alpha': 0.6321296349057394}. Best is trial 159 with value: 0.026508513540530056.
[I 2026-03-06 17:49:17,827] Trial 191 finished with value: 0.05707334169719056 and parameters: {'sigma_noise': 0.27713329179709184, 'A_repulsion': 0.08526110675757155, 'gamma': 0.8127316043971076, 'sigma_update': 0.17269212981330131, 'eta_learning': 0.951702606009935, 'sigma_boundary': 4.403339816573517, 'alpha': 0.5911863041634317}. Best is trial 159 with value: 0.026508513540530056.
[I 2026-03-06 17:49:23,963] Trial 189 finished with value: 0.04908982349535532 and parameters: {'sigma_noise': 0.21301585979335624, 'A_repulsion': 0.26782394724478276, 'gamma': 0.8334821416805672, 'sigma_update': 0.29766179302451634, 'eta_learning': 0.26746891344511436, 'sigma_boundary': 4.520146368227767, 'alpha': 0.6135107377095429}. Best is trial 159 with value: 0.026508513540530056.
[I 2026-03-06 17:50:28,327] Trial 193 finished with value: 0.13623769383408657 and parameters: {'sigma_noise': 0.20042778359273, 'A_repulsion': 0.056532514119262356, 'gamma': 0.1843495269374231, 'sigma_update': 0.22959971220630687, 'eta_learning': 0.952780826018092, 'sigma_boundary': 6.4519583591849425, 'alpha': 0.36295399892405944}. Best is trial 159 with value: 0.026508513540530056.
[I 2026-03-06 17:50:28,583] Trial 194 finished with value: 0.04186095217688708 and parameters: {'sigma_noise': 0.19315781004379096, 'A_repulsion': 0.08701250603166356, 'gamma': 0.886077640765333, 'sigma_update': 0.46744260387294506, 'eta_learning': 0.8235164043841544, 'sigma_boundary': 5.018655288270319, 'alpha': 0.6324744051854699}. Best is trial 159 with value: 0.026508513540530056.
[I 2026-03-06 17:50:42,419] Trial 192 finished with value: 0.3134335733849098 and parameters: {'sigma_noise': 0.36156134284169233, 'A_repulsion': 0.17481482112423902, 'gamma': 0.8310200217752797, 'sigma_update': 0.2605604864754848, 'eta_learning': 0.4530806412054156, 'sigma_boundary': 7.420498918525941, 'alpha': 0.4137435912564331}. Best is trial 159 with value: 0.026508513540530056.
