[I 2026-03-06 17:51:00,917] Trial 196 finished with value: 0.03925477243984471 and parameters: {'sigma_noise': 0.2587026275762062, 'A_repulsion': 0.11514313448119212, 'gamma': 0.8914675908419434, 'sigma_update': 0.2988747296381411, 'eta_learning': 0.31058329521778116, 'sigma_boundary': 3.2640477805048613, 'alpha': 0.46174829699598763}. Best is trial 159 with value: 0.026508513540530056.
[I 2026-03-06 17:51:04,655] Trial 199 finished with value: 0.05620217794620251 and parameters: {'sigma_noise': 0.1301138224488739, 'A_repulsion': 0.15816361413420685, 'gamma': 0.8443704389821065, 'sigma_update': 0.28400160245957606, 'eta_learning': 1.1296115885467013, 'sigma_boundary': 3.195275653614142, 'alpha': 0.5064099503336119}. Best is trial 159 with value: 0.026508513540530056.
[I 2026-03-06 17:51:07,691] Trial 195 finished with value: 0.1473683597559682 and parameters: {'sigma_noise': 0.294555847059031, 'A_repulsion': 0.15154099225580786, 'gamma': 0.7635556525890235, 'sigma_update': 0.2827334329603122, 'eta_learning': 0.9951564462006781, 'sigma_boundary': 5.460450840943559, 'alpha': 0.47550750478812176}. Best is trial 159 with value: 0.026508513540530056.
[I 2026-03-06 17:51:14,810] Trial 197 finished with value: 0.03580015856197823 and parameters: {'sigma_noise': 0.28220794135854976, 'A_repulsion': 0.16242497621242372, 'gamma': 0.9480311972397033, 'sigma_update': 0.31476026928925094, 'eta_learning': 0.38723759979891076, 'sigma_boundary': 3.210405135694034, 'alpha': 0.5773623379444514}. Best is trial 159 with value: 0.026508513540530056.
[I 2026-03-06 17:51:16,691] Trial 198 finished with value: 0.07275626619989545 and parameters: {'sigma_noise': 0.25703079324330347, 'A_repulsion': 0.2353888069834154, 'gamma': 0.7863770390939748, 'sigma_update': 0.13069710116881086, 'eta_learning': 1.0464386920061206, 'sigma_boundary': 6.983743361622912, 'alpha': 0.7491017926722472}. Best is trial 159 with value: 0.026508513540530056.
