/nfs/nhome/live/apourdehghan/Hybrid_hpc_utils.py:56: DtypeWarning: Columns (16) have mixed types. Specify dtype option on import or set low_memory=False.
  data = pd.read_csv(data_path)
[I 2026-03-06 17:39:20,256] A new study created in memory with name: no-name-16f128e2-9d48-4485-8bc0-41f5a7462894
[I 2026-03-06 17:58:05,676] Trial 21 finished with value: 0.17767792447197772 and parameters: {'sigma_noise': 0.08936526062040713, 'A_repulsion': 0.01754673393236822, 'gamma': 0.13552635964092957, 'sigma_update': 0.6155658452765117, 'eta_learning': 0.7569838914477303, 'sigma_boundary': 1.2103088134345088, 'alpha': 0.7902446377000231}. Best is trial 21 with value: 0.17767792447197772.
[I 2026-03-06 18:00:15,215] Trial 9 finished with value: 0.82886327965906 and parameters: {'sigma_noise': 0.1467201597895048, 'A_repulsion': 0.02774706519835335, 'gamma': 0.8778031123461587, 'sigma_update': 0.011533194872442228, 'eta_learning': 2.0320493354087223, 'sigma_boundary': 7.614680094974812, 'alpha': 0.9924074053997106}. Best is trial 21 with value: 0.17767792447197772.
[I 2026-03-06 18:00:55,540] Trial 17 finished with value: 0.19256960263971604 and parameters: {'sigma_noise': 0.13815573786170582, 'A_repulsion': 0.13350071455590995, 'gamma': 0.08705346816119232, 'sigma_update': 0.5090769995165224, 'eta_learning': 2.062054193907628, 'sigma_boundary': 0.0785220815942432, 'alpha': 0.5598325698125804}. Best is trial 21 with value: 0.17767792447197772.
[I 2026-03-06 18:01:30,588] Trial 14 finished with value: 0.06228489371052792 and parameters: {'sigma_noise': 0.17660620935460558, 'A_repulsion': 0.05260719049779605, 'gamma': 0.6265825742783967, 'sigma_update': 0.07324702964036921, 'eta_learning': 1.692863017580809, 'sigma_boundary': 4.986167061865519, 'alpha': 0.5459020080541453}. Best is trial 14 with value: 0.06228489371052792.
[I 2026-03-06 18:01:55,210] Trial 30 finished with value: 0.07789298948925387 and parameters: {'sigma_noise': 0.07939493103006684, 'A_repulsion': 0.3168430427231493, 'gamma': 0.7589934863210223, 'sigma_update': 0.2176950859546294, 'eta_learning': 0.4565404181958406, 'sigma_boundary': 1.8324450154198493, 'alpha': 0.6712801653050114}. Best is trial 14 with value: 0.06228489371052792.
[I 2026-03-06 18:02:07,086] Trial 32 finished with value: 0.09006066863848645 and parameters: {'sigma_noise': 0.16950278475387362, 'A_repulsion': 0.09420949107112303, 'gamma': 0.17206488683651758, 'sigma_update': 0.14722752743259618, 'eta_learning': 2.628053001561481, 'sigma_boundary': 2.233277506680291, 'alpha': 0.8341597865827961}. Best is trial 14 with value: 0.06228489371052792.
[I 2026-03-06 18:02:26,268] Trial 38 finished with value: 0.026611076212029572 and parameters: {'sigma_noise': 0.21660973878859596, 'A_repulsion': 0.04144813355770416, 'gamma': 0.7935626117587756, 'sigma_update': 0.4548734783799083, 'eta_learning': 2.9397601262629847, 'sigma_boundary': 0.95877726311574, 'alpha': 0.9447022978985955}. Best is trial 38 with value: 0.026611076212029572.
[I 2026-03-06 18:03:48,568] Trial 2 finished with value: 0.17739752116832866 and parameters: {'sigma_noise': 0.16164996116175923, 'A_repulsion': 0.1898034898850144, 'gamma': 0.08912672384445115, 'sigma_update': 0.39516724799647596, 'eta_learning': 2.55703280659459, 'sigma_boundary': 6.1106782822871395, 'alpha': 0.901934929057519}. Best is trial 38 with value: 0.026611076212029572.
[I 2026-03-06 18:03:54,670] Trial 39 finished with value: 0.030343964056399483 and parameters: {'sigma_noise': 0.1953719196749359, 'A_repulsion': 0.1335256883509106, 'gamma': 0.7880459090475909, 'sigma_update': 0.5256127212512093, 'eta_learning': 1.026178089310793, 'sigma_boundary': 4.20604726439781, 'alpha': 0.9256220934000767}. Best is trial 38 with value: 0.026611076212029572.
[I 2026-03-06 18:04:03,873] Trial 6 finished with value: 0.06868873000454484 and parameters: {'sigma_noise': 0.18798749650631896, 'A_repulsion': 0.14560788386521512, 'gamma': 0.7950866597287461, 'sigma_update': 0.18827334847990185, 'eta_learning': 1.3600288749815688, 'sigma_boundary': 2.179496822320845, 'alpha': 0.468088930273702}. Best is trial 38 with value: 0.026611076212029572.
[I 2026-03-06 18:04:17,443] Trial 19 finished with value: 0.10758745577732591 and parameters: {'sigma_noise': 0.27663930200403697, 'A_repulsion': 0.019676451401942185, 'gamma': 0.507199079030753, 'sigma_update': 0.1651217014481969, 'eta_learning': 2.269514888532777, 'sigma_boundary': 4.439292115843015, 'alpha': 0.895584499663187}. Best is trial 38 with value: 0.026611076212029572.
[I 2026-03-06 18:04:36,444] Trial 23 finished with value: 2.3281470724737527 and parameters: {'sigma_noise': 0.13596696135436537, 'A_repulsion': 0.26732080462499763, 'gamma': 0.8358807883883068, 'sigma_update': 0.0685317501840124, 'eta_learning': 2.798107326809261, 'sigma_boundary': 4.540870808750182, 'alpha': 0.06967843868062551}. Best is trial 38 with value: 0.026611076212029572.
[I 2026-03-06 18:05:07,356] Trial 25 finished with value: 0.032384605396250016 and parameters: {'sigma_noise': 0.14328248526876786, 'A_repulsion': 0.29644746880158424, 'gamma': 0.9462823332536299, 'sigma_update': 0.4033831806105124, 'eta_learning': 1.7011060488188487, 'sigma_boundary': 9.852097080530195, 'alpha': 0.8257132552670912}. Best is trial 38 with value: 0.026611076212029572.
[I 2026-03-06 18:05:18,989] Trial 37 finished with value: 0.12399099539388167 and parameters: {'sigma_noise': 0.16927780312204377, 'A_repulsion': 0.24107776152641325, 'gamma': 0.19061726844255653, 'sigma_update': 0.08481781550378185, 'eta_learning': 1.9109552289323986, 'sigma_boundary': 8.081645234984887, 'alpha': 0.6915421363024521}. Best is trial 38 with value: 0.026611076212029572.
[I 2026-03-06 18:05:57,065] Trial 29 finished with value: 0.12927780454598697 and parameters: {'sigma_noise': 0.10530482348254591, 'A_repulsion': 0.44398225532636365, 'gamma': 0.7463665906052176, 'sigma_update': 0.6035016088241344, 'eta_learning': 1.9592102061739043, 'sigma_boundary': 1.638741076644166, 'alpha': 0.5840779920973715}. Best is trial 38 with value: 0.026611076212029572.
[I 2026-03-06 18:06:14,562] Trial 8 finished with value: 0.15915757357500288 and parameters: {'sigma_noise': 0.12854813948785826, 'A_repulsion': 0.39709808635239247, 'gamma': 0.6083056679569305, 'sigma_update': 0.5575394104772907, 'eta_learning': 2.1083668741546573, 'sigma_boundary': 3.7712832619234824, 'alpha': 0.6619420548142065}. Best is trial 38 with value: 0.026611076212029572.
[I 2026-03-06 18:06:32,240] Trial 1 finished with value: 1.2925485504276422 and parameters: {'sigma_noise': 0.27935864438244884, 'A_repulsion': 0.09902196642711042, 'gamma': 0.9118592786934012, 'sigma_update': 0.6398749259533533, 'eta_learning': 0.30417381553369843, 'sigma_boundary': 5.924125422133924, 'alpha': 0.03981727217875264}. Best is trial 38 with value: 0.026611076212029572.
[I 2026-03-06 18:06:35,115] Trial 10 finished with value: 0.09492004308488534 and parameters: {'sigma_noise': 0.13743536194343442, 'A_repulsion': 0.41692961223663033, 'gamma': 0.7350512034221762, 'sigma_update': 0.2165289268997782, 'eta_learning': 0.09978444672131502, 'sigma_boundary': 6.110812641768899, 'alpha': 0.8235352332949996}. Best is trial 38 with value: 0.026611076212029572.
[I 2026-03-06 18:06:37,557] Trial 16 finished with value: 2.1879124841580744 and parameters: {'sigma_noise': 0.15004097429728663, 'A_repulsion': 0.32664325543795325, 'gamma': 0.6994852697091987, 'sigma_update': 0.24514442743892548, 'eta_learning': 0.7498128657318041, 'sigma_boundary': 6.716284122271244, 'alpha': 0.07716434990977106}. Best is trial 38 with value: 0.026611076212029572.
[I 2026-03-06 18:07:14,950] Trial 0 finished with value: 0.13193376776963278 and parameters: {'sigma_noise': 0.25889199081431497, 'A_repulsion': 0.16930003944233724, 'gamma': 0.8799032892576556, 'sigma_update': 0.44854970872659927, 'eta_learning': 1.2777650151050486, 'sigma_boundary': 3.4813123129683787, 'alpha': 0.5660061873487531}. Best is trial 38 with value: 0.026611076212029572.
[I 2026-03-06 18:07:42,252] Trial 35 finished with value: 0.12298820203076327 and parameters: {'sigma_noise': 0.25761502583595924, 'A_repulsion': 0.20672087439996623, 'gamma': 0.8110720927218672, 'sigma_update': 0.561518041105868, 'eta_learning': 2.372779285696353, 'sigma_boundary': 3.709614298540862, 'alpha': 0.6626378866165655}. Best is trial 38 with value: 0.026611076212029572.
[I 2026-03-06 18:08:08,639] Trial 24 finished with value: 0.20682217713481987 and parameters: {'sigma_noise': 0.27130953418173925, 'A_repulsion': 0.19504617823721754, 'gamma': 0.4447878112180663, 'sigma_update': 0.3408678011229429, 'eta_learning': 2.8666835960112227, 'sigma_boundary': 2.6957705550638207, 'alpha': 0.6087186155431784}. Best is trial 38 with value: 0.026611076212029572.
[I 2026-03-06 18:08:17,639] Trial 22 finished with value: 0.6978732707432053 and parameters: {'sigma_noise': 0.42734740683032235, 'A_repulsion': 0.013443745822274589, 'gamma': 0.01835182054731052, 'sigma_update': 0.3311380755426076, 'eta_learning': 2.6573548163407197, 'sigma_boundary': 4.111985972042615, 'alpha': 0.3651661745920576}. Best is trial 38 with value: 0.026611076212029572.
[I 2026-03-06 18:08:25,161] Trial 34 finished with value: 0.1231304663320234 and parameters: {'sigma_noise': 0.24169715885730952, 'A_repulsion': 0.3705537077145864, 'gamma': 0.5141085922664244, 'sigma_update': 0.2823814845622832, 'eta_learning': 0.04727985501262809, 'sigma_boundary': 4.880887668564391, 'alpha': 0.2174382603885373}. Best is trial 38 with value: 0.026611076212029572.
[I 2026-03-06 18:08:32,253] Trial 11 finished with value: 0.21045310706995768 and parameters: {'sigma_noise': 0.29347364516878915, 'A_repulsion': 0.27762427483809027, 'gamma': 0.3718008575924267, 'sigma_update': 0.41820937422009774, 'eta_learning': 2.0341428897767044, 'sigma_boundary': 0.5077232220239651, 'alpha': 0.8981132399874066}. Best is trial 38 with value: 0.026611076212029572.
[I 2026-03-06 18:08:33,770] Trial 20 finished with value: 2.4937344280408587 and parameters: {'sigma_noise': 0.3687832386687761, 'A_repulsion': 0.15034245774328786, 'gamma': 0.2133087734561483, 'sigma_update': 0.4217247400480223, 'eta_learning': 1.4701765230683306, 'sigma_boundary': 5.042492766668334, 'alpha': 0.16232651935508058}. Best is trial 38 with value: 0.026611076212029572.
[I 2026-03-06 18:08:38,634] Trial 3 finished with value: 1.7540852680482564 and parameters: {'sigma_noise': 0.3210465171714775, 'A_repulsion': 0.20259928103871971, 'gamma': 0.8190193723362031, 'sigma_update': 0.2806697151808517, 'eta_learning': 2.320840202918321, 'sigma_boundary': 0.5477403853577967, 'alpha': 0.2522421828565867}. Best is trial 38 with value: 0.026611076212029572.
[I 2026-03-06 18:08:45,376] Trial 28 finished with value: 1.5942091885045857 and parameters: {'sigma_noise': 0.40477730010023355, 'A_repulsion': 0.12854348564042584, 'gamma': 0.7608306986830441, 'sigma_update': 0.5585849609339708, 'eta_learning': 0.5532219761484559, 'sigma_boundary': 3.927732278387634, 'alpha': 0.29758178338212926}. Best is trial 38 with value: 0.026611076212029572.
[I 2026-03-06 18:08:51,566] Trial 31 finished with value: 1.074601982340814 and parameters: {'sigma_noise': 0.2339405969368335, 'A_repulsion': 0.41543776538470323, 'gamma': 0.3089700975737916, 'sigma_update': 0.5484314784124161, 'eta_learning': 2.098936189768853, 'sigma_boundary': 9.842500264455744, 'alpha': 0.3976064965666657}. Best is trial 38 with value: 0.026611076212029572.
[I 2026-03-06 18:09:08,605] Trial 27 finished with value: 2.1452401224683086 and parameters: {'sigma_noise': 0.2288685203679351, 'A_repulsion': 0.31692507724895047, 'gamma': 0.3745681149390689, 'sigma_update': 0.15553049457021975, 'eta_learning': 2.5610340240427134, 'sigma_boundary': 2.3346062579979017, 'alpha': 0.21892943073399174}. Best is trial 38 with value: 0.026611076212029572.
[I 2026-03-06 18:09:33,421] Trial 18 finished with value: 2.264115714996459 and parameters: {'sigma_noise': 0.4344146401568959, 'A_repulsion': 0.1417011977089137, 'gamma': 0.1574241032179333, 'sigma_update': 0.19034865142495816, 'eta_learning': 2.8757963156623774, 'sigma_boundary': 3.020895171292375, 'alpha': 0.22657234643185664}. Best is trial 38 with value: 0.026611076212029572.
[I 2026-03-06 18:09:44,853] Trial 33 finished with value: 2.77209866316698 and parameters: {'sigma_noise': 0.3186156582122103, 'A_repulsion': 0.39046077944685664, 'gamma': 0.5912576022523642, 'sigma_update': 0.1855647363209534, 'eta_learning': 1.472846502580887, 'sigma_boundary': 6.468387780030371, 'alpha': 0.19843704129009587}. Best is trial 38 with value: 0.026611076212029572.
[I 2026-03-06 18:09:57,908] Trial 26 finished with value: 2.739964330941916 and parameters: {'sigma_noise': 0.300020412419526, 'A_repulsion': 0.4111274601363436, 'gamma': 0.44638558242262705, 'sigma_update': 0.06961633609102133, 'eta_learning': 2.4997893292342916, 'sigma_boundary': 0.6555060576251753, 'alpha': 0.19801549975466992}. Best is trial 38 with value: 0.026611076212029572.
[I 2026-03-06 18:10:02,914] Trial 7 finished with value: 0.39428687103955956 and parameters: {'sigma_noise': 0.32700678875480993, 'A_repulsion': 0.3399528687148228, 'gamma': 0.10215021554602849, 'sigma_update': 0.031124896714650865, 'eta_learning': 0.06645232018169651, 'sigma_boundary': 6.90591400765844, 'alpha': 0.47583655369861766}. Best is trial 38 with value: 0.026611076212029572.
[I 2026-03-06 18:10:22,655] Trial 13 finished with value: 2.2511571475572536 and parameters: {'sigma_noise': 0.43167499815923643, 'A_repulsion': 0.2486045921092475, 'gamma': 0.15622702464312715, 'sigma_update': 0.42699647935124885, 'eta_learning': 0.8096566740094568, 'sigma_boundary': 2.540613696500366, 'alpha': 0.26705365805629544}. Best is trial 38 with value: 0.026611076212029572.
[I 2026-03-06 18:10:36,852] Trial 36 finished with value: 1.4221264851188802 and parameters: {'sigma_noise': 0.41828813661688174, 'A_repulsion': 0.29954242171204004, 'gamma': 0.11722814954150532, 'sigma_update': 0.6229923766335536, 'eta_learning': 2.681737683518286, 'sigma_boundary': 2.559820136196641, 'alpha': 0.4291581001539261}. Best is trial 38 with value: 0.026611076212029572.
[I 2026-03-06 18:10:45,581] Trial 15 finished with value: 0.7061912610388816 and parameters: {'sigma_noise': 0.4348487783456643, 'A_repulsion': 0.27833446940347567, 'gamma': 0.278997590982878, 'sigma_update': 0.05534209618724899, 'eta_learning': 2.3372721664688783, 'sigma_boundary': 5.324636219781568, 'alpha': 0.8782417731662007}. Best is trial 38 with value: 0.026611076212029572.
[I 2026-03-06 18:11:07,222] Trial 4 finished with value: 2.769096120252051 and parameters: {'sigma_noise': 0.43271651026374897, 'A_repulsion': 0.4134706055446801, 'gamma': 0.9257844706767624, 'sigma_update': 0.25518336432511773, 'eta_learning': 1.45600321021991, 'sigma_boundary': 7.2123806317101, 'alpha': 0.0559362646911995}. Best is trial 38 with value: 0.026611076212029572.
[I 2026-03-06 18:11:17,339] Trial 5 finished with value: 2.769096120252051 and parameters: {'sigma_noise': 0.39383335783061474, 'A_repulsion': 0.4091107877518827, 'gamma': 0.3097376618331271, 'sigma_update': 0.02325851381438712, 'eta_learning': 2.90775033322391, 'sigma_boundary': 7.221873010132523, 'alpha': 0.04506799547779028}. Best is trial 38 with value: 0.026611076212029572.
[I 2026-03-06 18:11:43,078] Trial 12 finished with value: 0.9507918449620869 and parameters: {'sigma_noise': 0.43649002531867176, 'A_repulsion': 0.3559196980664908, 'gamma': 0.5237029668372354, 'sigma_update': 0.022223107362944413, 'eta_learning': 1.2798754608280012, 'sigma_boundary': 7.203873824982873, 'alpha': 0.7149725902162791}. Best is trial 38 with value: 0.026611076212029572.
[I 2026-03-06 18:21:36,186] Trial 40 finished with value: 0.5105091944726328 and parameters: {'sigma_noise': 0.1335273151424507, 'A_repulsion': 0.10804241912990908, 'gamma': 0.6834205875962504, 'sigma_update': 0.6991504787320522, 'eta_learning': 0.9530661177403557, 'sigma_boundary': 5.6073122327829115, 'alpha': 0.4226837013178888}. Best is trial 38 with value: 0.026611076212029572.
[I 2026-03-06 18:28:21,284] Trial 68 finished with value: 0.0703797795721719 and parameters: {'sigma_noise': 0.05129681589869939, 'A_repulsion': 0.09347566670540455, 'gamma': 0.9856917429164571, 'sigma_update': 0.4777312729548364, 'eta_learning': 0.9334737862370452, 'sigma_boundary': 8.5482647575753, 'alpha': 0.9963785887615256}. Best is trial 38 with value: 0.026611076212029572.
[I 2026-03-06 18:31:03,000] Trial 41 finished with value: 1.0349505266266812 and parameters: {'sigma_noise': 0.3242706951429534, 'A_repulsion': 0.1406209567991532, 'gamma': 0.8242517845577796, 'sigma_update': 0.31292639544645673, 'eta_learning': 0.4373609047534981, 'sigma_boundary': 4.712131763647707, 'alpha': 0.2812518394732504}. Best is trial 38 with value: 0.026611076212029572.
[I 2026-03-06 18:31:45,339] Trial 43 finished with value: 0.21735614915548643 and parameters: {'sigma_noise': 0.2898713599834831, 'A_repulsion': 0.15321310894910706, 'gamma': 0.22622741882915945, 'sigma_update': 0.08522172884242693, 'eta_learning': 1.726506834958304, 'sigma_boundary': 5.815484061729886, 'alpha': 0.569162414713593}. Best is trial 38 with value: 0.026611076212029572.
[I 2026-03-06 18:31:50,747] Trial 42 finished with value: 0.2060041851786537 and parameters: {'sigma_noise': 0.2454320132105608, 'A_repulsion': 0.2800719644162197, 'gamma': 0.662230168944558, 'sigma_update': 0.40373250308331626, 'eta_learning': 1.8322054974896058, 'sigma_boundary': 3.3447133046328057, 'alpha': 0.5526346854325638}. Best is trial 38 with value: 0.026611076212029572.
[I 2026-03-06 18:32:03,630] Trial 46 finished with value: 0.11613524669695383 and parameters: {'sigma_noise': 0.2441971437225428, 'A_repulsion': 0.2108374579618199, 'gamma': 0.5851454265313788, 'sigma_update': 0.5268390438525551, 'eta_learning': 1.5016506139846078, 'sigma_boundary': 3.823766208844828, 'alpha': 0.9544796144198032}. Best is trial 38 with value: 0.026611076212029572.
[I 2026-03-06 18:32:16,908] Trial 44 finished with value: 2.6261960086777396 and parameters: {'sigma_noise': 0.3019692997264524, 'A_repulsion': 0.16261855305611544, 'gamma': 0.09719071549837063, 'sigma_update': 0.32788191704327074, 'eta_learning': 2.4619090407780564, 'sigma_boundary': 7.90898533175381, 'alpha': 0.06504163949467767}. Best is trial 38 with value: 0.026611076212029572.
[I 2026-03-06 18:33:34,254] Trial 45 finished with value: 0.37009768788558073 and parameters: {'sigma_noise': 0.18051858599128168, 'A_repulsion': 0.4815572736598656, 'gamma': 0.9262366656866183, 'sigma_update': 0.6670095037982379, 'eta_learning': 0.9187973353236961, 'sigma_boundary': 8.369422431905447, 'alpha': 0.4984637227104184}. Best is trial 38 with value: 0.026611076212029572.
[I 2026-03-06 18:34:06,570] Trial 47 finished with value: 0.07903370110363035 and parameters: {'sigma_noise': 0.22272770662167835, 'A_repulsion': 0.3815510640925601, 'gamma': 0.8069421655263841, 'sigma_update': 0.697987005669527, 'eta_learning': 0.04789459707524664, 'sigma_boundary': 1.667486051605523, 'alpha': 0.42261218909435616}. Best is trial 38 with value: 0.026611076212029572.
[I 2026-03-06 18:34:13,998] Trial 69 finished with value: 0.019105408176603368 and parameters: {'sigma_noise': 0.20513871336495582, 'A_repulsion': 0.08057302054899981, 'gamma': 0.9893833515025133, 'sigma_update': 0.4803838315178527, 'eta_learning': 1.1166240345669156, 'sigma_boundary': 9.5207387726484, 'alpha': 0.9997259085443483}. Best is trial 69 with value: 0.019105408176603368.
[I 2026-03-06 18:34:17,598] Trial 70 finished with value: 0.012757490087805736 and parameters: {'sigma_noise': 0.19996135831254644, 'A_repulsion': 0.06211660477882813, 'gamma': 0.9500670228700161, 'sigma_update': 0.5009785293708162, 'eta_learning': 1.0962528602014388, 'sigma_boundary': 9.262821336877952, 'alpha': 0.9622559599187098}. Best is trial 70 with value: 0.012757490087805736.
[I 2026-03-06 18:34:18,119] Trial 64 finished with value: 0.015084437500024524 and parameters: {'sigma_noise': 0.21094200074111327, 'A_repulsion': 0.08849196194992384, 'gamma': 0.9791629224093104, 'sigma_update': 0.6847612316902313, 'eta_learning': 0.9711032036950037, 'sigma_boundary': 9.585640302062004, 'alpha': 0.9733403505305064}. Best is trial 70 with value: 0.012757490087805736.
[I 2026-03-06 18:34:19,859] Trial 63 finished with value: 0.02117903001089527 and parameters: {'sigma_noise': 0.2136745002034353, 'A_repulsion': 0.08943206642084203, 'gamma': 0.9993247704765769, 'sigma_update': 0.44897460374673726, 'eta_learning': 0.9918137231855928, 'sigma_boundary': 9.885114615682935, 'alpha': 0.9942555282397122}. Best is trial 70 with value: 0.012757490087805736.
[I 2026-03-06 18:34:28,337] Trial 67 finished with value: 0.020533159718651904 and parameters: {'sigma_noise': 0.219332184401781, 'A_repulsion': 0.0852681317022497, 'gamma': 0.9910797520070107, 'sigma_update': 0.4831179684412514, 'eta_learning': 1.1025702531031403, 'sigma_boundary': 9.328496082345662, 'alpha': 0.9934137269548463}. Best is trial 70 with value: 0.012757490087805736.
[I 2026-03-06 18:34:33,548] Trial 62 finished with value: 0.018463324072505102 and parameters: {'sigma_noise': 0.22316274961323218, 'A_repulsion': 0.08413777680938389, 'gamma': 0.9873484652387707, 'sigma_update': 0.4625862683730602, 'eta_learning': 1.1500073244194213, 'sigma_boundary': 9.738435674702057, 'alpha': 0.9690816676208369}. Best is trial 70 with value: 0.012757490087805736.
[I 2026-03-06 18:34:39,609] Trial 65 finished with value: 0.014255363500228069 and parameters: {'sigma_noise': 0.20791300749688651, 'A_repulsion': 0.08574206301122983, 'gamma': 0.9938674646660456, 'sigma_update': 0.6966335329397872, 'eta_learning': 1.07800646831772, 'sigma_boundary': 9.230625588609946, 'alpha': 0.9751630068094379}. Best is trial 70 with value: 0.012757490087805736.
