[I 2026-03-06 19:53:53,157] Trial 172 finished with value: 0.015273438485889404 and parameters: {'sigma_noise': 0.2305223718117823, 'A_repulsion': 0.016946565318498898, 'gamma': 0.93937552453788, 'sigma_update': 0.4094078831853221, 'eta_learning': 1.8812915094109186, 'sigma_boundary': 9.963896293836694, 'alpha': 0.9564892913521587}. Best is trial 156 with value: 0.010982635139943464.
[I 2026-03-06 19:54:03,419] Trial 175 finished with value: 0.015366879034611841 and parameters: {'sigma_noise': 0.232245119862792, 'A_repulsion': 0.018954307564398323, 'gamma': 0.9393380316979152, 'sigma_update': 0.397202739589058, 'eta_learning': 1.8354717155879021, 'sigma_boundary': 9.451595668395926, 'alpha': 0.9668583253258833}. Best is trial 156 with value: 0.010982635139943464.
[I 2026-03-06 19:54:13,051] Trial 176 finished with value: 0.014700573229605135 and parameters: {'sigma_noise': 0.22794239821074133, 'A_repulsion': 0.01645700297407625, 'gamma': 0.9436941439269834, 'sigma_update': 0.3964860991514217, 'eta_learning': 1.793174280644553, 'sigma_boundary': 9.985305704242087, 'alpha': 0.961006777616122}. Best is trial 156 with value: 0.010982635139943464.
[I 2026-03-06 19:54:21,455] Trial 174 finished with value: 0.014608258108990756 and parameters: {'sigma_noise': 0.22685710019894265, 'A_repulsion': 0.01789000712546593, 'gamma': 0.9449193163775886, 'sigma_update': 0.3976361716722564, 'eta_learning': 1.807267719913337, 'sigma_boundary': 9.425098780515807, 'alpha': 0.9645403632280893}. Best is trial 156 with value: 0.010982635139943464.
[I 2026-03-06 19:54:26,362] Trial 184 finished with value: 0.014568973631094979 and parameters: {'sigma_noise': 0.2280909901461022, 'A_repulsion': 0.017805295046387733, 'gamma': 0.9485661282874907, 'sigma_update': 0.34051343073230006, 'eta_learning': 1.7790228384208324, 'sigma_boundary': 1.3631415913249771, 'alpha': 0.9641177554078008}. Best is trial 156 with value: 0.010982635139943464.
[I 2026-03-06 19:54:35,165] Trial 182 finished with value: 0.014827958901840365 and parameters: {'sigma_noise': 0.2267724837295725, 'A_repulsion': 0.01827548926899203, 'gamma': 0.9391877779049222, 'sigma_update': 0.3920310075430079, 'eta_learning': 0.8875185248354218, 'sigma_boundary': 9.435862063419519, 'alpha': 0.9669971994736309}. Best is trial 156 with value: 0.010982635139943464.
[I 2026-03-06 19:54:38,645] Trial 177 finished with value: 0.043470508169068195 and parameters: {'sigma_noise': 0.23250373598236512, 'A_repulsion': 0.01767612664439059, 'gamma': 0.9358592759670668, 'sigma_update': 0.397384520551326, 'eta_learning': 1.822273122339065, 'sigma_boundary': 9.964827930581187, 'alpha': 0.7045745788033297}. Best is trial 156 with value: 0.010982635139943464.
[I 2026-03-06 19:54:50,490] Trial 183 finished with value: 0.015048727793463453 and parameters: {'sigma_noise': 0.2301071118921399, 'A_repulsion': 0.01936280008620328, 'gamma': 0.9472811249814655, 'sigma_update': 0.3422357836149074, 'eta_learning': 1.7712235449459854, 'sigma_boundary': 9.457128921279242, 'alpha': 0.9507196764068122}. Best is trial 156 with value: 0.010982635139943464.
[I 2026-03-06 19:54:51,482] Trial 180 finished with value: 0.015495712188458303 and parameters: {'sigma_noise': 0.23169308794389726, 'A_repulsion': 0.016033663193767818, 'gamma': 0.9401453021492568, 'sigma_update': 0.3995810179536189, 'eta_learning': 0.887257533271766, 'sigma_boundary': 9.993659371725691, 'alpha': 0.9587071068403691}. Best is trial 156 with value: 0.010982635139943464.
[I 2026-03-06 19:55:05,931] Trial 190 finished with value: 0.01467993272741111 and parameters: {'sigma_noise': 0.22801946973354564, 'A_repulsion': 0.013875812354703268, 'gamma': 0.9628065643653868, 'sigma_update': 0.3486585442587561, 'eta_learning': 1.9936475050838254, 'sigma_boundary': 0.18489556205665947, 'alpha': 0.9651151888705748}. Best is trial 156 with value: 0.010982635139943464.
[I 2026-03-06 19:55:11,245] Trial 167 finished with value: 0.019897321211316345 and parameters: {'sigma_noise': 0.23455780408657478, 'A_repulsion': 0.10509573875379305, 'gamma': 0.9248442465556794, 'sigma_update': 0.4376576991378617, 'eta_learning': 1.7981979618374044, 'sigma_boundary': 9.432026824016802, 'alpha': 0.935910980799109}. Best is trial 156 with value: 0.010982635139943464.
[I 2026-03-06 19:55:13,756] Trial 168 finished with value: 0.02003920394592129 and parameters: {'sigma_noise': 0.23207030458281871, 'A_repulsion': 0.10164044269267543, 'gamma': 0.9249073857008853, 'sigma_update': 0.4093252910435164, 'eta_learning': 1.8243226970051327, 'sigma_boundary': 9.958109629444351, 'alpha': 0.9579589092461834}. Best is trial 156 with value: 0.010982635139943464.
[I 2026-03-06 19:55:18,960] Trial 189 finished with value: 0.015056257250082406 and parameters: {'sigma_noise': 0.22918574964699778, 'A_repulsion': 0.0232571877871967, 'gamma': 0.9598387970549704, 'sigma_update': 0.3911271944948326, 'eta_learning': 1.9132667701557164, 'sigma_boundary': 0.3355468716935213, 'alpha': 0.9604861956639438}. Best is trial 156 with value: 0.010982635139943464.
[I 2026-03-06 19:55:23,461] Trial 169 finished with value: 0.02120615516059168 and parameters: {'sigma_noise': 0.23584185247150824, 'A_repulsion': 0.10104664764880697, 'gamma': 0.927643141644452, 'sigma_update': 0.4053631737730428, 'eta_learning': 1.813925095432441, 'sigma_boundary': 9.455480917136663, 'alpha': 0.9614104578872276}. Best is trial 156 with value: 0.010982635139943464.
[I 2026-03-06 19:55:25,955] Trial 173 finished with value: 0.01837798941295553 and parameters: {'sigma_noise': 0.2318373198525568, 'A_repulsion': 0.07918864250180417, 'gamma': 0.9316379436028042, 'sigma_update': 0.3963163652087699, 'eta_learning': 1.86744420798457, 'sigma_boundary': 9.434755542427741, 'alpha': 0.9534134504322672}. Best is trial 156 with value: 0.010982635139943464.
[I 2026-03-06 19:55:26,826] Trial 188 finished with value: 0.014370036033002062 and parameters: {'sigma_noise': 0.226044539835471, 'A_repulsion': 0.014959148470959726, 'gamma': 0.9672853476409069, 'sigma_update': 0.39303260562831294, 'eta_learning': 1.7669305622983869, 'sigma_boundary': 9.51930428410566, 'alpha': 0.9628556779228317}. Best is trial 156 with value: 0.010982635139943464.
[I 2026-03-06 19:55:29,179] Trial 187 finished with value: 0.015297955252606733 and parameters: {'sigma_noise': 0.23392140647239357, 'A_repulsion': 0.015229394077877052, 'gamma': 0.9494038234954476, 'sigma_update': 0.39586773699108374, 'eta_learning': 1.7748154120190298, 'sigma_boundary': 9.420298499542328, 'alpha': 0.9595227369355671}. Best is trial 156 with value: 0.010982635139943464.
[I 2026-03-06 19:55:33,626] Trial 192 finished with value: 0.017826738481448372 and parameters: {'sigma_noise': 0.23794414740601996, 'A_repulsion': 0.013789063219973953, 'gamma': 0.9666430315151264, 'sigma_update': 0.5147383340939867, 'eta_learning': 1.976698318296485, 'sigma_boundary': 0.011179872907562505, 'alpha': 0.9536135639968573}. Best is trial 156 with value: 0.010982635139943464.
[I 2026-03-06 19:55:37,963] Trial 191 finished with value: 0.015450401915790599 and parameters: {'sigma_noise': 0.2388168208909163, 'A_repulsion': 0.01634952249786088, 'gamma': 0.959764494373598, 'sigma_update': 0.513501893748125, 'eta_learning': 1.9616296350736337, 'sigma_boundary': 0.3958711863763772, 'alpha': 0.9509511573664875}. Best is trial 156 with value: 0.010982635139943464.
[I 2026-03-06 19:55:38,376] Trial 170 finished with value: 0.01995050707399115 and parameters: {'sigma_noise': 0.23173749272966906, 'A_repulsion': 0.09840779434257363, 'gamma': 0.9302477055884758, 'sigma_update': 0.4128251469276726, 'eta_learning': 1.7951221244728464, 'sigma_boundary': 9.99674108739377, 'alpha': 0.9622985336141048}. Best is trial 156 with value: 0.010982635139943464.
[I 2026-03-06 19:55:52,756] Trial 178 finished with value: 0.01872029383493355 and parameters: {'sigma_noise': 0.2312189714644312, 'A_repulsion': 0.07499318396009355, 'gamma': 0.9403867726601044, 'sigma_update': 0.4012162893756542, 'eta_learning': 1.794626455733278, 'sigma_boundary': 9.431576382889645, 'alpha': 0.9669158609705457}. Best is trial 156 with value: 0.010982635139943464.
[I 2026-03-06 19:55:58,394] Trial 181 finished with value: 0.01837672520769463 and parameters: {'sigma_noise': 0.2265622847915134, 'A_repulsion': 0.07823509891776415, 'gamma': 0.9418494355297137, 'sigma_update': 0.3447962759929879, 'eta_learning': 0.8617746784673453, 'sigma_boundary': 9.409565099269503, 'alpha': 0.9677259067874413}. Best is trial 156 with value: 0.010982635139943464.
[I 2026-03-06 19:56:00,283] Trial 186 finished with value: 0.019008012898198333 and parameters: {'sigma_noise': 0.23295563224393234, 'A_repulsion': 0.07627393745635058, 'gamma': 0.9448603133687458, 'sigma_update': 0.39236550731579545, 'eta_learning': 1.9434999269832827, 'sigma_boundary': 1.3678624569239044, 'alpha': 0.96738747123868}. Best is trial 156 with value: 0.010982635139943464.
[I 2026-03-06 19:56:02,045] Trial 185 finished with value: 0.018149401821163216 and parameters: {'sigma_noise': 0.2327311326174161, 'A_repulsion': 0.0790108953756892, 'gamma': 0.9495869969523497, 'sigma_update': 0.5439685466161795, 'eta_learning': 1.7811287672873617, 'sigma_boundary': 0.2273968933033922, 'alpha': 0.9546270602792644}. Best is trial 156 with value: 0.010982635139943464.
[I 2026-03-06 19:56:02,954] Trial 179 finished with value: 0.019507832715057204 and parameters: {'sigma_noise': 0.23239892647775612, 'A_repulsion': 0.09340149149294655, 'gamma': 0.9437039416410677, 'sigma_update': 0.39881773983224295, 'eta_learning': 1.7737592648251579, 'sigma_boundary': 9.97048339236396, 'alpha': 0.9584759140602516}. Best is trial 156 with value: 0.010982635139943464.
[I 2026-03-06 19:56:03,906] Trial 196 finished with value: 0.012357925180543612 and parameters: {'sigma_noise': 0.21696912029834664, 'A_repulsion': 0.012796291865818224, 'gamma': 0.9631272654355046, 'sigma_update': 0.3955452021508657, 'eta_learning': 1.9806709822109037, 'sigma_boundary': 0.28516759107177325, 'alpha': 0.9525910176706618}. Best is trial 156 with value: 0.010982635139943464.
[I 2026-03-06 19:56:10,527] Trial 193 finished with value: 0.015224463205127568 and parameters: {'sigma_noise': 0.23350144616234766, 'A_repulsion': 0.012756792390305935, 'gamma': 0.9572044685889372, 'sigma_update': 0.3471392623108779, 'eta_learning': 1.9701160351728089, 'sigma_boundary': 0.24020533079791706, 'alpha': 0.9566102617291782}. Best is trial 156 with value: 0.010982635139943464.
[I 2026-03-06 19:56:11,533] Trial 194 finished with value: 0.015230752295620993 and parameters: {'sigma_noise': 0.23275806852993292, 'A_repulsion': 0.02254600220778869, 'gamma': 0.9624812382927689, 'sigma_update': 0.3953365103442436, 'eta_learning': 1.9699967188859504, 'sigma_boundary': 0.4370582395364069, 'alpha': 0.9560840505764988}. Best is trial 156 with value: 0.010982635139943464.
[I 2026-03-06 19:56:18,105] Trial 198 finished with value: 0.013218966763718112 and parameters: {'sigma_noise': 0.21780779661097432, 'A_repulsion': 0.019801615946869237, 'gamma': 0.955558706448679, 'sigma_update': 0.34924466038353547, 'eta_learning': 2.002587839371749, 'sigma_boundary': 0.2067507639830526, 'alpha': 0.954140882183448}. Best is trial 156 with value: 0.010982635139943464.
[I 2026-03-06 19:56:19,526] Trial 197 finished with value: 0.013291799737862101 and parameters: {'sigma_noise': 0.21875105502802128, 'A_repulsion': 0.01575955713910878, 'gamma': 0.9659504766659673, 'sigma_update': 0.3931505036362758, 'eta_learning': 1.9858025272134825, 'sigma_boundary': 0.24476668735830653, 'alpha': 0.959679770699382}. Best is trial 156 with value: 0.010982635139943464.
[I 2026-03-06 19:56:20,595] Trial 195 finished with value: 0.022020657596779004 and parameters: {'sigma_noise': 0.25651221408968133, 'A_repulsion': 0.019183865811008408, 'gamma': 0.9616976413953422, 'sigma_update': 0.39251177413982674, 'eta_learning': 2.0279591826669123, 'sigma_boundary': 0.2766547895290302, 'alpha': 0.9590755861277876}. Best is trial 156 with value: 0.010982635139943464.
[I 2026-03-06 19:56:21,855] Trial 199 finished with value: 0.013153827263473805 and parameters: {'sigma_noise': 0.21960197631251288, 'A_repulsion': 0.017701424600083608, 'gamma': 0.9635378994381678, 'sigma_update': 0.3958908450814123, 'eta_learning': 2.0525611486556286, 'sigma_boundary': 0.2875684368831951, 'alpha': 0.9571176383802861}. Best is trial 156 with value: 0.010982635139943464.
[I 2026-03-06 19:56:49,281] A new study created in memory with name: no-name-cf04d09d-255d-4f38-9ed4-3d3866cf8204
[I 2026-03-06 20:14:47,125] Trial 7 finished with value: 0.07691311908486263 and parameters: {'sigma_noise': 0.0708931772842417, 'A_repulsion': 0.020031140788924262, 'gamma': 0.6657905284776289, 'sigma_update': 0.18744865840425112, 'eta_learning': 1.0965963223667792, 'sigma_boundary': 3.503106079093607, 'alpha': 0.6128213862861251}. Best is trial 7 with value: 0.07691311908486263.
[I 2026-03-06 20:15:32,827] Trial 18 finished with value: 0.1281196292463584 and parameters: {'sigma_noise': 0.050455952992877195, 'A_repulsion': 0.12835038209661515, 'gamma': 0.965791853730041, 'sigma_update': 0.6776737998886198, 'eta_learning': 0.7193037234074201, 'sigma_boundary': 1.690252370380102, 'alpha': 0.4930058088460675}. Best is trial 7 with value: 0.07691311908486263.
[I 2026-03-06 20:16:57,970] Trial 34 finished with value: 0.189505578918494 and parameters: {'sigma_noise': 0.061384237159817535, 'A_repulsion': 0.21267148435476652, 'gamma': 0.23058546781716877, 'sigma_update': 0.48598292328091985, 'eta_learning': 1.3429050788282844, 'sigma_boundary': 9.367621093604006, 'alpha': 0.6849865908145175}. Best is trial 7 with value: 0.07691311908486263.
[I 2026-03-06 20:17:16,183] Trial 17 finished with value: 1.0440409200760743 and parameters: {'sigma_noise': 0.07041171372003846, 'A_repulsion': 0.2231567450301707, 'gamma': 0.5689177934728524, 'sigma_update': 0.6798364243408265, 'eta_learning': 1.0636675915528064, 'sigma_boundary': 8.976238414699905, 'alpha': 0.06444738983048526}. Best is trial 7 with value: 0.07691311908486263.
[I 2026-03-06 20:18:36,099] Trial 13 finished with value: 0.04843553839104082 and parameters: {'sigma_noise': 0.1949003749696943, 'A_repulsion': 0.014132018393382961, 'gamma': 0.7390134123096284, 'sigma_update': 0.46163417902947396, 'eta_learning': 1.0029165188729583, 'sigma_boundary': 7.5997978553688394, 'alpha': 0.7860974012998679}. Best is trial 13 with value: 0.04843553839104082.
[I 2026-03-06 20:18:36,578] Trial 9 finished with value: 0.0620899881286479 and parameters: {'sigma_noise': 0.11837592388131696, 'A_repulsion': 0.14016286344852885, 'gamma': 0.9916921500735769, 'sigma_update': 0.47756418643852067, 'eta_learning': 0.4293638245724665, 'sigma_boundary': 9.05283280867686, 'alpha': 0.4841252635420549}. Best is trial 13 with value: 0.04843553839104082.
[I 2026-03-06 20:21:35,929] Trial 1 finished with value: 0.8427596085567355 and parameters: {'sigma_noise': 0.11824122816650547, 'A_repulsion': 0.2811014649218107, 'gamma': 0.08215344648970037, 'sigma_update': 0.6626414524808675, 'eta_learning': 2.5760922814025555, 'sigma_boundary': 5.309338093596549, 'alpha': 0.41865074747844067}. Best is trial 13 with value: 0.04843553839104082.
[I 2026-03-06 20:21:37,453] Trial 27 finished with value: 1.0419743979601348 and parameters: {'sigma_noise': 0.2241822634178114, 'A_repulsion': 0.0777324776812709, 'gamma': 0.07815426266965077, 'sigma_update': 0.031212983303487887, 'eta_learning': 2.957600242423256, 'sigma_boundary': 6.692539325520393, 'alpha': 0.2690887204777812}. Best is trial 13 with value: 0.04843553839104082.
[I 2026-03-06 20:21:41,827] Trial 2 finished with value: 0.17707063266489903 and parameters: {'sigma_noise': 0.08502661461387868, 'A_repulsion': 0.3964139702557921, 'gamma': 0.18901535508998626, 'sigma_update': 0.3231183320066705, 'eta_learning': 2.8283745431713845, 'sigma_boundary': 4.952978832698573, 'alpha': 0.9496259652859317}. Best is trial 13 with value: 0.04843553839104082.
[I 2026-03-06 20:22:21,855] Trial 31 finished with value: 1.1398318872990696 and parameters: {'sigma_noise': 0.15959435295350122, 'A_repulsion': 0.2360776532585766, 'gamma': 0.2291230221159036, 'sigma_update': 0.32286778404600985, 'eta_learning': 2.498789341931931, 'sigma_boundary': 8.98425625021754, 'alpha': 0.22861666922122015}. Best is trial 13 with value: 0.04843553839104082.
[I 2026-03-06 20:22:53,800] Trial 24 finished with value: 0.054557097501144874 and parameters: {'sigma_noise': 0.22642034746435102, 'A_repulsion': 0.12963019907981105, 'gamma': 0.7125632349320429, 'sigma_update': 0.32269330419755227, 'eta_learning': 0.09962247984738344, 'sigma_boundary': 8.00911880877998, 'alpha': 0.599068708137789}. Best is trial 13 with value: 0.04843553839104082.
[I 2026-03-06 20:22:57,559] Trial 10 finished with value: 0.6409228304590888 and parameters: {'sigma_noise': 0.17443132585910087, 'A_repulsion': 0.18028768201987255, 'gamma': 0.1520474543777531, 'sigma_update': 0.01000227403951461, 'eta_learning': 1.3996898440530934, 'sigma_boundary': 0.5157720758616031, 'alpha': 0.38278771856310057}. Best is trial 13 with value: 0.04843553839104082.
[I 2026-03-06 20:23:22,435] Trial 21 finished with value: 0.054156738986105915 and parameters: {'sigma_noise': 0.2619441289417574, 'A_repulsion': 0.10048078981299619, 'gamma': 0.8169031936236254, 'sigma_update': 0.20461603161330152, 'eta_learning': 1.8736533919446274, 'sigma_boundary': 3.842109254055858, 'alpha': 0.8030475097924045}. Best is trial 13 with value: 0.04843553839104082.
[I 2026-03-06 20:23:44,101] Trial 35 finished with value: 0.09695691259562102 and parameters: {'sigma_noise': 0.2207801954364979, 'A_repulsion': 0.17817076986640917, 'gamma': 0.832074740162772, 'sigma_update': 0.085555685672566, 'eta_learning': 2.1852665021149975, 'sigma_boundary': 6.232849073685566, 'alpha': 0.9001567028848779}. Best is trial 13 with value: 0.04843553839104082.
[I 2026-03-06 20:24:01,897] Trial 28 finished with value: 2.110135798865068 and parameters: {'sigma_noise': 0.1154679075284813, 'A_repulsion': 0.42598206175354636, 'gamma': 0.4996975681765305, 'sigma_update': 0.5494843161692241, 'eta_learning': 0.6187930561350743, 'sigma_boundary': 1.642912892718933, 'alpha': 0.05761605750094945}. Best is trial 13 with value: 0.04843553839104082.
[I 2026-03-06 20:24:06,432] Trial 8 finished with value: 2.3112689677020217 and parameters: {'sigma_noise': 0.2677624139333828, 'A_repulsion': 0.0966245515978294, 'gamma': 0.057468054934581576, 'sigma_update': 0.6159195587649665, 'eta_learning': 0.7810510734686507, 'sigma_boundary': 5.383131012446246, 'alpha': 0.022843087889601765}. Best is trial 13 with value: 0.04843553839104082.
[I 2026-03-06 20:24:43,924] Trial 33 finished with value: 0.2461435991032199 and parameters: {'sigma_noise': 0.17886996622380608, 'A_repulsion': 0.324581096362921, 'gamma': 0.22024571069630614, 'sigma_update': 0.4612689264311534, 'eta_learning': 0.4265590566784613, 'sigma_boundary': 5.993904143451424, 'alpha': 0.5678869131386304}. Best is trial 13 with value: 0.04843553839104082.
[I 2026-03-06 20:25:01,545] Trial 20 finished with value: 0.08469040719058218 and parameters: {'sigma_noise': 0.28233287454145983, 'A_repulsion': 0.13753754846515037, 'gamma': 0.8695121712320333, 'sigma_update': 0.6280300146461645, 'eta_learning': 1.6851603727459836, 'sigma_boundary': 2.9927302204321804, 'alpha': 0.6983169822857818}. Best is trial 13 with value: 0.04843553839104082.
[I 2026-03-06 20:25:40,381] Trial 22 finished with value: 0.15225479833772138 and parameters: {'sigma_noise': 0.3215822432784614, 'A_repulsion': 0.21196544618158342, 'gamma': 0.930517210179255, 'sigma_update': 0.4080280853336005, 'eta_learning': 1.2743916922773586, 'sigma_boundary': 6.869459415446038, 'alpha': 0.5042906884226178}. Best is trial 13 with value: 0.04843553839104082.
[I 2026-03-06 20:25:49,602] Trial 37 finished with value: 1.6950629868169127 and parameters: {'sigma_noise': 0.2197141824409074, 'A_repulsion': 0.38411283534967877, 'gamma': 0.6728768232010488, 'sigma_update': 0.04977289542958759, 'eta_learning': 2.3273624628179332, 'sigma_boundary': 5.869125400916385, 'alpha': 0.30302343912211316}. Best is trial 13 with value: 0.04843553839104082.
[I 2026-03-06 20:25:52,382] Trial 5 finished with value: 0.8135783766689659 and parameters: {'sigma_noise': 0.27519093416456203, 'A_repulsion': 0.31324911401573496, 'gamma': 0.9238850590443785, 'sigma_update': 0.3771910778716464, 'eta_learning': 1.8537497557646334, 'sigma_boundary': 5.502645570714703, 'alpha': 0.35488320345118707}. Best is trial 13 with value: 0.04843553839104082.
[I 2026-03-06 20:26:02,607] Trial 16 finished with value: 0.2186312738547619 and parameters: {'sigma_noise': 0.32255909254492143, 'A_repulsion': 0.2440539370209831, 'gamma': 0.338335397347053, 'sigma_update': 0.42366641228932467, 'eta_learning': 0.9661890439059286, 'sigma_boundary': 6.410422952994988, 'alpha': 0.9161764313464889}. Best is trial 13 with value: 0.04843553839104082.
[I 2026-03-06 20:26:14,248] Trial 36 finished with value: 1.3269532016363237 and parameters: {'sigma_noise': 0.3497228684436551, 'A_repulsion': 0.2112177706049604, 'gamma': 0.9492594438451681, 'sigma_update': 0.2906717989282627, 'eta_learning': 2.5164961818599365, 'sigma_boundary': 3.32573890600161, 'alpha': 0.3160043110130689}. Best is trial 13 with value: 0.04843553839104082.
[I 2026-03-06 20:26:38,853] Trial 38 finished with value: 0.07415732106010542 and parameters: {'sigma_noise': 0.21430192824055405, 'A_repulsion': 0.35478020645643077, 'gamma': 0.9270179092465514, 'sigma_update': 0.4830687381290638, 'eta_learning': 0.4999850668976435, 'sigma_boundary': 7.466940310275491, 'alpha': 0.5287823737755751}. Best is trial 13 with value: 0.04843553839104082.
