[I 2026-03-06 19:03:40,148] Trial 101 finished with value: 0.07372526260825411 and parameters: {'sigma_noise': 0.1861122545156094, 'A_repulsion': 0.06093978493725361, 'gamma': 0.8576207909489139, 'sigma_update': 0.6596772092400247, 'eta_learning': 1.3359684437004031, 'sigma_boundary': 8.891484493450918, 'alpha': 0.7646801594044567}. Best is trial 90 with value: 0.011773607640723901.
[I 2026-03-06 19:04:41,223] Trial 116 finished with value: 0.018450301648983765 and parameters: {'sigma_noise': 0.15797990927493227, 'A_repulsion': 0.037718836860651826, 'gamma': 0.8631988817505649, 'sigma_update': 0.3701593479604166, 'eta_learning': 1.4046450467857137, 'sigma_boundary': 8.974373683751637, 'alpha': 0.870709916185783}. Best is trial 90 with value: 0.011773607640723901.
[I 2026-03-06 19:05:09,949] Trial 117 finished with value: 0.016353670222337937 and parameters: {'sigma_noise': 0.15736154089298823, 'A_repulsion': 0.03783227710154935, 'gamma': 0.8983467072892376, 'sigma_update': 0.366759871087958, 'eta_learning': 1.5483680895075898, 'sigma_boundary': 9.007652930597676, 'alpha': 0.8861100710023471}. Best is trial 90 with value: 0.011773607640723901.
[I 2026-03-06 19:05:38,306] Trial 115 finished with value: 0.023274085036894918 and parameters: {'sigma_noise': 0.18716596667977894, 'A_repulsion': 0.04046747451449863, 'gamma': 0.8660676120130043, 'sigma_update': 0.5879596430448233, 'eta_learning': 0.8158235917283814, 'sigma_boundary': 8.97820278068613, 'alpha': 0.8678185702547945}. Best is trial 90 with value: 0.011773607640723901.
[I 2026-03-06 19:05:40,811] Trial 112 finished with value: 0.01970046471486279 and parameters: {'sigma_noise': 0.156334811913977, 'A_repulsion': 0.1130212561818409, 'gamma': 0.8800047861690745, 'sigma_update': 0.3771517665387308, 'eta_learning': 1.3908152420608904, 'sigma_boundary': 8.928956312614424, 'alpha': 0.8812725276545821}. Best is trial 90 with value: 0.011773607640723901.
[I 2026-03-06 19:06:00,326] Trial 118 finished with value: 0.01620975059006087 and parameters: {'sigma_noise': 0.18307709313073917, 'A_repulsion': 0.040993048834837974, 'gamma': 0.86588536970747, 'sigma_update': 0.3759542188794407, 'eta_learning': 1.3314045544822917, 'sigma_boundary': 8.931577400101038, 'alpha': 0.8873177055153643}. Best is trial 90 with value: 0.011773607640723901.
[I 2026-03-06 19:07:04,102] Trial 119 finished with value: 0.02754626457180302 and parameters: {'sigma_noise': 0.1565711665623441, 'A_repulsion': 0.03559615872174985, 'gamma': 0.8614092961578195, 'sigma_update': 0.5884008212245676, 'eta_learning': 1.3813702403960257, 'sigma_boundary': 9.149238257239658, 'alpha': 0.871669687110842}. Best is trial 90 with value: 0.011773607640723901.
[I 2026-03-06 19:07:08,381] Trial 114 finished with value: 0.018806390024900345 and parameters: {'sigma_noise': 0.18428841229469956, 'A_repulsion': 0.11332036376289205, 'gamma': 0.8763612727223712, 'sigma_update': 0.587324393066073, 'eta_learning': 1.3655988627241151, 'sigma_boundary': 8.977525776854572, 'alpha': 0.8852465725694458}. Best is trial 90 with value: 0.011773607640723901.
[I 2026-03-06 19:11:35,602] Trial 120 finished with value: 0.027047857508696933 and parameters: {'sigma_noise': 0.15364726332866957, 'A_repulsion': 0.0015203617738567335, 'gamma': 0.8665053064506076, 'sigma_update': 0.5741414373750946, 'eta_learning': 1.57254824743459, 'sigma_boundary': 8.977989155939802, 'alpha': 0.8801165338973633}. Best is trial 90 with value: 0.011773607640723901.
[I 2026-03-06 19:20:47,317] Trial 121 finished with value: 0.019310376029526743 and parameters: {'sigma_noise': 0.1569378190207012, 'A_repulsion': 0.03893731590226368, 'gamma': 0.872084629625188, 'sigma_update': 0.3765259132613189, 'eta_learning': 1.370531823873605, 'sigma_boundary': 9.075226951183168, 'alpha': 0.8687297985875863}. Best is trial 90 with value: 0.011773607640723901.
[I 2026-03-06 19:22:51,965] Trial 123 finished with value: 0.019704719587591575 and parameters: {'sigma_noise': 0.1565768737788941, 'A_repulsion': 0.0004003968242609346, 'gamma': 0.8760920620671108, 'sigma_update': 0.3670722915475875, 'eta_learning': 1.3279433896198423, 'sigma_boundary': 8.873778521106388, 'alpha': 0.8813162775635296}. Best is trial 90 with value: 0.011773607640723901.
[I 2026-03-06 19:24:07,056] Trial 122 finished with value: 0.015965042938456832 and parameters: {'sigma_noise': 0.18326408584084958, 'A_repulsion': 0.03679858255232607, 'gamma': 0.8676426282836399, 'sigma_update': 0.3637517816810843, 'eta_learning': 1.3613298310253334, 'sigma_boundary': 8.922423493464692, 'alpha': 0.8805572735901419}. Best is trial 90 with value: 0.011773607640723901.
[I 2026-03-06 19:25:18,009] Trial 124 finished with value: 0.025553246995819186 and parameters: {'sigma_noise': 0.18895098183426795, 'A_repulsion': 0.03040595742168852, 'gamma': 0.8659224736520986, 'sigma_update': 0.592441868957629, 'eta_learning': 1.3791619101852042, 'sigma_boundary': 9.017066276434075, 'alpha': 0.8689259341747565}. Best is trial 90 with value: 0.011773607640723901.
[I 2026-03-06 19:26:04,579] Trial 126 finished with value: 0.02648071236715697 and parameters: {'sigma_noise': 0.18434007761695112, 'A_repulsion': 0.03336239420048289, 'gamma': 0.8611046570660151, 'sigma_update': 0.5874158944290684, 'eta_learning': 1.3983145165118889, 'sigma_boundary': 9.025885656683029, 'alpha': 0.8677726265067348}. Best is trial 90 with value: 0.011773607640723901.
[I 2026-03-06 19:26:36,177] Trial 128 finished with value: 0.015210615933642563 and parameters: {'sigma_noise': 0.1873176367140428, 'A_repulsion': 0.03306997850115939, 'gamma': 0.8608561745312305, 'sigma_update': 0.5836925648309351, 'eta_learning': 1.5715286178618286, 'sigma_boundary': 0.938215901954718, 'alpha': 0.9206672958283179}. Best is trial 90 with value: 0.011773607640723901.
[I 2026-03-06 19:26:51,002] Trial 131 finished with value: 0.018955174372972172 and parameters: {'sigma_noise': 0.18370738180499016, 'A_repulsion': 0.029860763811275736, 'gamma': 0.8545934575614065, 'sigma_update': 0.29589028170975773, 'eta_learning': 1.5632236229721905, 'sigma_boundary': 8.592349109667063, 'alpha': 0.913957880490401}. Best is trial 90 with value: 0.011773607640723901.
[I 2026-03-06 19:27:05,701] Trial 130 finished with value: 0.015897134467968442 and parameters: {'sigma_noise': 0.18526277042332975, 'A_repulsion': 0.032914791500319396, 'gamma': 0.8573079514219119, 'sigma_update': 0.43703776213257, 'eta_learning': 1.5927527871764713, 'sigma_boundary': 9.187029079910035, 'alpha': 0.9268579989094446}. Best is trial 90 with value: 0.011773607640723901.
[I 2026-03-06 19:27:21,229] Trial 137 finished with value: 0.016140654313954804 and parameters: {'sigma_noise': 0.18802085373488636, 'A_repulsion': 0.02983415999919297, 'gamma': 0.8637180440133972, 'sigma_update': 0.4284866708583016, 'eta_learning': 1.601142148861407, 'sigma_boundary': 8.623131685219606, 'alpha': 0.9242187894114273}. Best is trial 90 with value: 0.011773607640723901.
[I 2026-03-06 19:28:07,774] Trial 127 finished with value: 0.02213038631718502 and parameters: {'sigma_noise': 0.18331885989501873, 'A_repulsion': 0.11483586258927087, 'gamma': 0.85473023104488, 'sigma_update': 0.591936110814493, 'eta_learning': 1.3902152437458148, 'sigma_boundary': 9.042370259113312, 'alpha': 0.8706482942334651}. Best is trial 90 with value: 0.011773607640723901.
[I 2026-03-06 19:28:13,373] Trial 125 finished with value: 0.020227959161674122 and parameters: {'sigma_noise': 0.18869569331072536, 'A_repulsion': 0.11144275771449064, 'gamma': 0.8653339700425573, 'sigma_update': 0.5805357282516562, 'eta_learning': 1.402516585684905, 'sigma_boundary': 8.976129778813048, 'alpha': 0.8738848347750073}. Best is trial 90 with value: 0.011773607640723901.
[I 2026-03-06 19:28:40,823] Trial 141 finished with value: 0.021325297020436958 and parameters: {'sigma_noise': 0.1709102783422978, 'A_repulsion': 0.1080869676863796, 'gamma': 0.8481695925738728, 'sigma_update': 0.43179839584647284, 'eta_learning': 1.5777962949186712, 'sigma_boundary': 1.965990330546648, 'alpha': 0.9101586560179147}. Best is trial 90 with value: 0.011773607640723901.
[I 2026-03-06 19:29:03,149] Trial 142 finished with value: 0.018428886677575983 and parameters: {'sigma_noise': 0.17246610836374035, 'A_repulsion': 0.1082210171402422, 'gamma': 0.917305152769377, 'sigma_update': 0.2908702499834868, 'eta_learning': 1.578857359307448, 'sigma_boundary': 0.5523602498914164, 'alpha': 0.9135742341700456}. Best is trial 90 with value: 0.011773607640723901.
[I 2026-03-06 19:29:09,583] Trial 140 finished with value: 0.016310581850462975 and parameters: {'sigma_noise': 0.17012246878579737, 'A_repulsion': 0.10615671128674631, 'gamma': 0.9137269088878397, 'sigma_update': 0.4132299961472431, 'eta_learning': 1.598386733498874, 'sigma_boundary': 0.573461820043974, 'alpha': 0.9187196654160689}. Best is trial 90 with value: 0.011773607640723901.
[I 2026-03-06 19:29:17,892] Trial 138 finished with value: 0.021596575040162505 and parameters: {'sigma_noise': 0.18017171380278502, 'A_repulsion': 0.1061651255707669, 'gamma': 0.8466998891823556, 'sigma_update': 0.43621602032787327, 'eta_learning': 1.6093749539500166, 'sigma_boundary': 7.671841874476718, 'alpha': 0.9185912502092932}. Best is trial 90 with value: 0.011773607640723901.
[I 2026-03-06 19:29:23,776] Trial 129 finished with value: 0.024433399492583843 and parameters: {'sigma_noise': 0.18649921608900344, 'A_repulsion': 0.1084350188713403, 'gamma': 0.8547290992096171, 'sigma_update': 0.27563424793587954, 'eta_learning': 1.8470289234125303, 'sigma_boundary': 8.612729842362487, 'alpha': 0.9317240929392405}. Best is trial 90 with value: 0.011773607640723901.
[I 2026-03-06 19:29:46,408] Trial 132 finished with value: 0.021633336295610723 and parameters: {'sigma_noise': 0.1855297478432058, 'A_repulsion': 0.11400075032277603, 'gamma': 0.8507028163019577, 'sigma_update': 0.43269091055628506, 'eta_learning': 1.560040014946889, 'sigma_boundary': 1.036157376013632, 'alpha': 0.920876192087136}. Best is trial 90 with value: 0.011773607640723901.
[I 2026-03-06 19:29:48,131] Trial 145 finished with value: 0.016653754774965425 and parameters: {'sigma_noise': 0.17249537348996405, 'A_repulsion': 0.11397833152459838, 'gamma': 0.9113048045666169, 'sigma_update': 0.43859464896497485, 'eta_learning': 1.5771078194734383, 'sigma_boundary': 0.7434573771609451, 'alpha': 0.9183708549657148}. Best is trial 90 with value: 0.011773607640723901.
[I 2026-03-06 19:29:50,310] Trial 144 finished with value: 0.016607892422132342 and parameters: {'sigma_noise': 0.1712261176981194, 'A_repulsion': 0.1094298885204602, 'gamma': 0.9114217671870678, 'sigma_update': 0.41603322544436994, 'eta_learning': 1.6142224682682935, 'sigma_boundary': 0.9579774721296146, 'alpha': 0.9247652546723237}. Best is trial 90 with value: 0.011773607640723901.
[I 2026-03-06 19:29:54,059] Trial 148 finished with value: 0.015745652566393768 and parameters: {'sigma_noise': 0.17368764670134557, 'A_repulsion': 0.11163626880489416, 'gamma': 0.9171156290241718, 'sigma_update': 0.4346515210513939, 'eta_learning': 1.8383066007970768, 'sigma_boundary': 0.7172755326633865, 'alpha': 0.9173954499146585}. Best is trial 90 with value: 0.011773607640723901.
[I 2026-03-06 19:29:54,302] Trial 143 finished with value: 0.014845026633881132 and parameters: {'sigma_noise': 0.17475007614830318, 'A_repulsion': 0.10205048407256687, 'gamma': 0.9131505680598389, 'sigma_update': 0.43149356545757145, 'eta_learning': 1.6175046339562256, 'sigma_boundary': 0.7949540710308804, 'alpha': 0.9114077981935628}. Best is trial 90 with value: 0.011773607640723901.
[I 2026-03-06 19:29:55,231] Trial 134 finished with value: 0.022542215841051164 and parameters: {'sigma_noise': 0.1771749910103711, 'A_repulsion': 0.1118878976357441, 'gamma': 0.8526094787059153, 'sigma_update': 0.28807543296797494, 'eta_learning': 1.5399078385433451, 'sigma_boundary': 1.0091665801988172, 'alpha': 0.9213973129219853}. Best is trial 90 with value: 0.011773607640723901.
[I 2026-03-06 19:29:58,133] Trial 151 finished with value: 0.015869982290044736 and parameters: {'sigma_noise': 0.17052586460198493, 'A_repulsion': 0.10706267103884146, 'gamma': 0.9281964675254426, 'sigma_update': 0.41170391643284376, 'eta_learning': 0.8365247610265122, 'sigma_boundary': 9.994512754923662, 'alpha': 0.9176153393982577}. Best is trial 90 with value: 0.011773607640723901.
[I 2026-03-06 19:30:03,400] Trial 135 finished with value: 0.023550906346573613 and parameters: {'sigma_noise': 0.18558248501235228, 'A_repulsion': 0.1090324463439964, 'gamma': 0.8487377197913966, 'sigma_update': 0.2969136750561445, 'eta_learning': 1.5723109112200633, 'sigma_boundary': 1.9854392039070214, 'alpha': 0.9173833573552903}. Best is trial 90 with value: 0.011773607640723901.
[I 2026-03-06 19:30:04,719] Trial 136 finished with value: 0.021284727397140178 and parameters: {'sigma_noise': 0.18269576386439415, 'A_repulsion': 0.10901657584277986, 'gamma': 0.8557354171523661, 'sigma_update': 0.4249900850942478, 'eta_learning': 1.5398619255104407, 'sigma_boundary': 0.7591021175738895, 'alpha': 0.9160845683244229}. Best is trial 90 with value: 0.011773607640723901.
[I 2026-03-06 19:30:14,313] Trial 133 finished with value: 0.02209808430510151 and parameters: {'sigma_noise': 0.18561879737167977, 'A_repulsion': 0.11029914413272648, 'gamma': 0.8437264384536346, 'sigma_update': 0.4371333938605323, 'eta_learning': 1.8775559306176295, 'sigma_boundary': 0.868118538637521, 'alpha': 0.9127653699648779}. Best is trial 90 with value: 0.011773607640723901.
[I 2026-03-06 19:30:29,347] Trial 146 finished with value: 0.016289809312710412 and parameters: {'sigma_noise': 0.17177906266367782, 'A_repulsion': 0.11717947410865961, 'gamma': 0.9186973364479105, 'sigma_update': 0.4288681093044875, 'eta_learning': 1.60490917984663, 'sigma_boundary': 8.528192039736085, 'alpha': 0.9212043286794427}. Best is trial 90 with value: 0.011773607640723901.
[I 2026-03-06 19:30:35,067] Trial 157 finished with value: 0.011750958848555152 and parameters: {'sigma_noise': 0.17344176062152256, 'A_repulsion': 0.02371018163294234, 'gamma': 0.9278246759377837, 'sigma_update': 0.41013736124590255, 'eta_learning': 1.7848031950835346, 'sigma_boundary': 8.561313987229722, 'alpha': 0.9203676580212083}. Best is trial 157 with value: 0.011750958848555152.
[I 2026-03-06 19:30:49,291] Trial 156 finished with value: 0.010982635139943464 and parameters: {'sigma_noise': 0.17099154358017657, 'A_repulsion': 0.021217164005801394, 'gamma': 0.9259928830383163, 'sigma_update': 0.4338676677605579, 'eta_learning': 1.869733668245083, 'sigma_boundary': 0.39814164881783665, 'alpha': 0.9048898973926276}. Best is trial 156 with value: 0.010982635139943464.
[I 2026-03-06 19:30:52,358] Trial 139 finished with value: 0.015539352251909088 and parameters: {'sigma_noise': 0.1860198636787062, 'A_repulsion': 0.11622130733067325, 'gamma': 0.9344007198516172, 'sigma_update': 0.40226858678224175, 'eta_learning': 1.5840454140465083, 'sigma_boundary': 7.521161535939914, 'alpha': 0.9173160351657065}. Best is trial 156 with value: 0.010982635139943464.
[I 2026-03-06 19:30:54,120] Trial 155 finished with value: 0.011141684125569552 and parameters: {'sigma_noise': 0.1724115434849794, 'A_repulsion': 0.017291995878339926, 'gamma': 0.9268528698232652, 'sigma_update': 0.434600859114826, 'eta_learning': 1.7972596002281949, 'sigma_boundary': 0.9457612661404474, 'alpha': 0.9247796713350513}. Best is trial 156 with value: 0.010982635139943464.
[I 2026-03-06 19:31:00,925] Trial 149 finished with value: 0.015397920412920627 and parameters: {'sigma_noise': 0.17404595676271783, 'A_repulsion': 0.1122979469558571, 'gamma': 0.9206013827990717, 'sigma_update': 0.43773061989999124, 'eta_learning': 1.7954406222029737, 'sigma_boundary': 1.9553105073145762, 'alpha': 0.9182095069715802}. Best is trial 156 with value: 0.010982635139943464.
[I 2026-03-06 19:32:35,052] Trial 152 finished with value: 0.023588551163288535 and parameters: {'sigma_noise': 0.22823762304267625, 'A_repulsion': 0.1023786309959884, 'gamma': 0.9096575729040263, 'sigma_update': 0.43002981393467277, 'eta_learning': 1.6179421061605792, 'sigma_boundary': 9.431596594540473, 'alpha': 0.9130345134628113}. Best is trial 156 with value: 0.010982635139943464.
[I 2026-03-06 19:32:36,659] Trial 154 finished with value: 0.015025944341680853 and parameters: {'sigma_noise': 0.17033874145831135, 'A_repulsion': 0.10759799468317276, 'gamma': 0.926835484390538, 'sigma_update': 0.41329561671323745, 'eta_learning': 1.8294291099295392, 'sigma_boundary': 0.7297674296569783, 'alpha': 0.916304940942954}. Best is trial 156 with value: 0.010982635139943464.
[I 2026-03-06 19:32:55,112] Trial 150 finished with value: 0.01890378578247934 and parameters: {'sigma_noise': 0.23471443975512782, 'A_repulsion': 0.10531584720909966, 'gamma': 0.9244625941700804, 'sigma_update': 0.430622259988857, 'eta_learning': 0.8412774638606776, 'sigma_boundary': 0.6990766423165766, 'alpha': 0.908005466184419}. Best is trial 156 with value: 0.010982635139943464.
[I 2026-03-06 19:33:30,220] Trial 147 finished with value: 0.020422581117789475 and parameters: {'sigma_noise': 0.23116096352019805, 'A_repulsion': 0.11993753329238693, 'gamma': 0.9092659413893517, 'sigma_update': 0.433691330474076, 'eta_learning': 1.8111604975259028, 'sigma_boundary': 0.48400969008895867, 'alpha': 0.9152525677939835}. Best is trial 156 with value: 0.010982635139943464.
[I 2026-03-06 19:34:04,886] Trial 153 finished with value: 0.02119655920599687 and parameters: {'sigma_noise': 0.2347684756933739, 'A_repulsion': 0.1052183183056052, 'gamma': 0.9262418852463117, 'sigma_update': 0.2993203427885847, 'eta_learning': 1.8146131555387532, 'sigma_boundary': 9.960563953753072, 'alpha': 0.919783509484676}. Best is trial 156 with value: 0.010982635139943464.
[I 2026-03-06 19:34:15,580] Trial 159 finished with value: 0.01579534223368109 and parameters: {'sigma_noise': 0.23426288406782106, 'A_repulsion': 0.014007513803833832, 'gamma': 0.9332650333525451, 'sigma_update': 0.43394828992437806, 'eta_learning': 1.8375472678654754, 'sigma_boundary': 0.5926287056415827, 'alpha': 0.909234480972956}. Best is trial 156 with value: 0.010982635139943464.
[I 2026-03-06 19:34:47,728] Trial 158 finished with value: 0.015179983603924977 and parameters: {'sigma_noise': 0.23213242264384293, 'A_repulsion': 0.022882858125435494, 'gamma': 0.9265858920583916, 'sigma_update': 0.4334111158092427, 'eta_learning': 1.8552468931356372, 'sigma_boundary': 0.534547816885478, 'alpha': 0.9197108196623599}. Best is trial 156 with value: 0.010982635139943464.
[I 2026-03-06 19:38:16,514] Trial 160 finished with value: 0.017136146662510378 and parameters: {'sigma_noise': 0.1719822008152902, 'A_repulsion': 0.1031272852302671, 'gamma': 0.9225721777135886, 'sigma_update': 0.29332127655407414, 'eta_learning': 1.8741114099214882, 'sigma_boundary': 0.6408582301913917, 'alpha': 0.9163735210275001}. Best is trial 156 with value: 0.010982635139943464.
[I 2026-03-06 19:46:07,808] Trial 161 finished with value: 0.01171698408597075 and parameters: {'sigma_noise': 0.17210645607129715, 'A_repulsion': 0.025290131216060108, 'gamma': 0.9284876014232438, 'sigma_update': 0.43203047335498024, 'eta_learning': 1.796884107566694, 'sigma_boundary': 8.566991066386645, 'alpha': 0.9233230949405998}. Best is trial 156 with value: 0.010982635139943464.
[I 2026-03-06 19:47:09,834] Trial 162 finished with value: 0.011993718359036294 and parameters: {'sigma_noise': 0.17140699480364463, 'A_repulsion': 0.02168369237224417, 'gamma': 0.9280387995191833, 'sigma_update': 0.4338333346952864, 'eta_learning': 1.7932796769051784, 'sigma_boundary': 9.982554050685895, 'alpha': 0.9192729326236267}. Best is trial 156 with value: 0.010982635139943464.
[I 2026-03-06 19:50:30,527] Trial 163 finished with value: 0.01570222672498948 and parameters: {'sigma_noise': 0.23263942495174955, 'A_repulsion': 0.021516326685828906, 'gamma': 0.9315548589914229, 'sigma_update': 0.4374763362373227, 'eta_learning': 1.8159300015883793, 'sigma_boundary': 0.8493874666153495, 'alpha': 0.9222128893760553}. Best is trial 156 with value: 0.010982635139943464.
[I 2026-03-06 19:50:32,810] Trial 166 finished with value: 0.011964329276084885 and parameters: {'sigma_noise': 0.1727632359160231, 'A_repulsion': 0.018085179661889446, 'gamma': 0.9265275096801708, 'sigma_update': 0.43116919404426624, 'eta_learning': 1.8289322936779968, 'sigma_boundary': 9.973441894473407, 'alpha': 0.9094900967541859}. Best is trial 156 with value: 0.010982635139943464.
[I 2026-03-06 19:52:06,232] Trial 164 finished with value: 0.016697501471178426 and parameters: {'sigma_noise': 0.23490987050360207, 'A_repulsion': 0.013175254887134384, 'gamma': 0.9286613732773739, 'sigma_update': 0.43395844945834267, 'eta_learning': 1.778234485145189, 'sigma_boundary': 9.460989910644287, 'alpha': 0.9218552860865576}. Best is trial 156 with value: 0.010982635139943464.
[I 2026-03-06 19:52:25,677] Trial 165 finished with value: 0.017270968241770455 and parameters: {'sigma_noise': 0.2369964758230332, 'A_repulsion': 0.02059984596586257, 'gamma': 0.9335804168138919, 'sigma_update': 0.4341833272973482, 'eta_learning': 1.6327755405309532, 'sigma_boundary': 9.966091974600596, 'alpha': 0.9204067484346947}. Best is trial 156 with value: 0.010982635139943464.
[I 2026-03-06 19:53:41,004] Trial 171 finished with value: 0.01563351422748298 and parameters: {'sigma_noise': 0.2325057005977779, 'A_repulsion': 0.019680386501240533, 'gamma': 0.9363503686045787, 'sigma_update': 0.4085827296841681, 'eta_learning': 1.8611057718870556, 'sigma_boundary': 0.8494929339963407, 'alpha': 0.965071339356925}. Best is trial 156 with value: 0.010982635139943464.
