[I 2026-03-06 21:42:24,556] Trial 137 finished with value: 0.03091889272414177 and parameters: {'sigma_noise': 0.16086637687544905, 'A_repulsion': 0.0328685590272916, 'gamma': 0.881551131833133, 'sigma_update': 0.27777561540730067, 'eta_learning': 0.31917408272712366, 'sigma_boundary': 8.819222386922739, 'alpha': 0.6975971655346062}. Best is trial 126 with value: 0.025854688583207414.
[I 2026-03-06 21:43:00,273] Trial 130 finished with value: 0.02930098621244124 and parameters: {'sigma_noise': 0.18654406001536897, 'A_repulsion': 0.06418946940771272, 'gamma': 0.8813174847557426, 'sigma_update': 0.28423533249401856, 'eta_learning': 0.31455918006139966, 'sigma_boundary': 8.599858129238736, 'alpha': 0.73237974317647}. Best is trial 126 with value: 0.025854688583207414.
[I 2026-03-06 21:43:19,419] Trial 139 finished with value: 0.05130653812992858 and parameters: {'sigma_noise': 0.16137238561431913, 'A_repulsion': 0.0722103384989175, 'gamma': 0.6840527233555848, 'sigma_update': 0.2800310741530338, 'eta_learning': 0.3794954217172905, 'sigma_boundary': 9.436082781155624, 'alpha': 0.7035062889765429}. Best is trial 126 with value: 0.025854688583207414.
[I 2026-03-06 21:43:52,705] Trial 142 finished with value: 0.04678756958670997 and parameters: {'sigma_noise': 0.16290365160229128, 'A_repulsion': 0.031032242154117692, 'gamma': 0.6853862397095604, 'sigma_update': 0.2727240265535138, 'eta_learning': 0.32442201767733064, 'sigma_boundary': 8.873054059916601, 'alpha': 0.7127850749629638}. Best is trial 126 with value: 0.025854688583207414.
[I 2026-03-06 21:45:00,883] Trial 141 finished with value: 0.05307033489196838 and parameters: {'sigma_noise': 0.1642618379013515, 'A_repulsion': 0.07883692730948799, 'gamma': 0.6746539577644464, 'sigma_update': 0.27237113712533606, 'eta_learning': 0.34039935970442736, 'sigma_boundary': 8.882240453311748, 'alpha': 0.7270338718386917}. Best is trial 126 with value: 0.025854688583207414.
[I 2026-03-06 21:45:08,960] Trial 140 finished with value: 0.04913133633123941 and parameters: {'sigma_noise': 0.1620392769645206, 'A_repulsion': 0.0726803682051538, 'gamma': 0.7010241459277381, 'sigma_update': 0.2755025553414894, 'eta_learning': 0.33310082935027363, 'sigma_boundary': 8.781747545906896, 'alpha': 0.7116231050135964}. Best is trial 126 with value: 0.025854688583207414.
[I 2026-03-06 21:45:29,016] Trial 146 finished with value: 0.05322261667239728 and parameters: {'sigma_noise': 0.15918582899501146, 'A_repulsion': 0.0778019174177983, 'gamma': 0.6870436753489019, 'sigma_update': 0.3511631285296818, 'eta_learning': 0.3734569188688315, 'sigma_boundary': 8.807551514051628, 'alpha': 0.7155168237146731}. Best is trial 126 with value: 0.025854688583207414.
[I 2026-03-06 21:45:44,042] Trial 143 finished with value: 0.05306953019696363 and parameters: {'sigma_noise': 0.16067927175045052, 'A_repulsion': 0.08593275910398375, 'gamma': 0.6846332971422683, 'sigma_update': 0.34966036574847614, 'eta_learning': 0.36482429723294113, 'sigma_boundary': 8.824032035937465, 'alpha': 0.6969950481765461}. Best is trial 126 with value: 0.025854688583207414.
[I 2026-03-06 21:47:07,300] Trial 144 finished with value: 0.050456683737387584 and parameters: {'sigma_noise': 0.20486962665525257, 'A_repulsion': 0.08678346973172289, 'gamma': 0.6857445703793817, 'sigma_update': 0.27313203944188197, 'eta_learning': 0.3468157721975425, 'sigma_boundary': 8.890494437428446, 'alpha': 0.7123638749129313}. Best is trial 126 with value: 0.025854688583207414.
[I 2026-03-06 21:47:26,070] Trial 147 finished with value: 0.03034897048963038 and parameters: {'sigma_noise': 0.20543612684154078, 'A_repulsion': 0.07363836242815905, 'gamma': 0.8474196769355801, 'sigma_update': 0.3047477545083578, 'eta_learning': 0.3448427649912663, 'sigma_boundary': 8.985128983033103, 'alpha': 0.6323017145435375}. Best is trial 126 with value: 0.025854688583207414.
[I 2026-03-06 21:47:47,758] Trial 148 finished with value: 0.04602195681580888 and parameters: {'sigma_noise': 0.20235443016556423, 'A_repulsion': 0.07233749276156046, 'gamma': 0.6975200196515348, 'sigma_update': 0.30635628325323844, 'eta_learning': 0.3422951334724121, 'sigma_boundary': 8.919738655463895, 'alpha': 0.8733208512364741}. Best is trial 126 with value: 0.025854688583207414.
[I 2026-03-06 21:48:04,420] Trial 145 finished with value: 0.049510911999246635 and parameters: {'sigma_noise': 0.20586881584408895, 'A_repulsion': 0.07362936279557324, 'gamma': 0.6845396164410669, 'sigma_update': 0.304869362821642, 'eta_learning': 0.33696568585374687, 'sigma_boundary': 8.836621426719555, 'alpha': 0.7235624164796622}. Best is trial 126 with value: 0.025854688583207414.
[I 2026-03-06 21:49:20,497] Trial 149 finished with value: 0.04884997573108761 and parameters: {'sigma_noise': 0.20909662874128532, 'A_repulsion': 0.0762503586229426, 'gamma': 0.6972767336611075, 'sigma_update': 0.34750074745891474, 'eta_learning': 0.3695819484411902, 'sigma_boundary': 8.877269201109765, 'alpha': 0.8719264440760844}. Best is trial 126 with value: 0.025854688583207414.
[I 2026-03-06 21:49:32,672] Trial 151 finished with value: 0.05635372841405563 and parameters: {'sigma_noise': 0.12372102271180319, 'A_repulsion': 0.08257284549483168, 'gamma': 0.6784120099630248, 'sigma_update': 0.34681002648683834, 'eta_learning': 0.3901090148691667, 'sigma_boundary': 8.97712375266674, 'alpha': 0.6258204979415186}. Best is trial 126 with value: 0.025854688583207414.
[I 2026-03-06 21:51:43,980] Trial 153 finished with value: 0.05448859919204571 and parameters: {'sigma_noise': 0.1789495931267333, 'A_repulsion': 0.07947741486443047, 'gamma': 0.690914173694797, 'sigma_update': 0.33482092756370396, 'eta_learning': 0.3650541782662384, 'sigma_boundary': 9.5403789604744, 'alpha': 0.633224135383492}. Best is trial 126 with value: 0.025854688583207414.
[I 2026-03-06 21:51:57,627] Trial 150 finished with value: 0.05076416183168622 and parameters: {'sigma_noise': 0.2045928722745481, 'A_repulsion': 0.07655576632357422, 'gamma': 0.674135408543296, 'sigma_update': 0.34581620950254965, 'eta_learning': 0.35748407402193866, 'sigma_boundary': 8.922659540809834, 'alpha': 0.8683601812958309}. Best is trial 126 with value: 0.025854688583207414.
[I 2026-03-06 21:52:43,761] Trial 154 finished with value: 0.030870381921753436 and parameters: {'sigma_noise': 0.20368575845938786, 'A_repulsion': 0.08460908660598718, 'gamma': 0.834086064723648, 'sigma_update': 0.3407700717601741, 'eta_learning': 0.37372069210744646, 'sigma_boundary': 9.454173095741814, 'alpha': 0.7209443410694955}. Best is trial 126 with value: 0.025854688583207414.
[I 2026-03-06 21:52:51,183] Trial 152 finished with value: 0.046135597605643834 and parameters: {'sigma_noise': 0.2067805311490629, 'A_repulsion': 0.07154029502923434, 'gamma': 0.6937316981102747, 'sigma_update': 0.345877618255372, 'eta_learning': 0.37307415986332976, 'sigma_boundary': 9.469343446297854, 'alpha': 0.8703106311521716}. Best is trial 126 with value: 0.025854688583207414.
[I 2026-03-06 21:53:01,618] Trial 155 finished with value: 0.0301090128466345 and parameters: {'sigma_noise': 0.20566389175609107, 'A_repulsion': 0.08280710704825063, 'gamma': 0.8466349021515136, 'sigma_update': 0.3034969311353813, 'eta_learning': 0.450798583828499, 'sigma_boundary': 8.9034100062046, 'alpha': 0.7144531071884412}. Best is trial 126 with value: 0.025854688583207414.
[I 2026-03-06 21:53:23,404] Trial 156 finished with value: 0.02512762388963661 and parameters: {'sigma_noise': 0.20685234413352468, 'A_repulsion': 0.07710188840601373, 'gamma': 0.9110329520096415, 'sigma_update': 0.3042776928191721, 'eta_learning': 0.3658880249797999, 'sigma_boundary': 9.493811175010993, 'alpha': 0.6295776620812983}. Best is trial 156 with value: 0.02512762388963661.
[I 2026-03-06 21:53:33,141] Trial 157 finished with value: 0.029982809654969647 and parameters: {'sigma_noise': 0.2050603692037952, 'A_repulsion': 0.07612208577594909, 'gamma': 0.8446227488449867, 'sigma_update': 0.31108089144142936, 'eta_learning': 0.3434304546871363, 'sigma_boundary': 9.359030555275563, 'alpha': 0.7155609620959509}. Best is trial 156 with value: 0.02512762388963661.
[I 2026-03-06 21:54:01,767] Trial 158 finished with value: 0.030223306162500716 and parameters: {'sigma_noise': 0.20248084157616178, 'A_repulsion': 0.07476869641643206, 'gamma': 0.8511779367866479, 'sigma_update': 0.3034356871342682, 'eta_learning': 0.33948748607379514, 'sigma_boundary': 9.441509457988992, 'alpha': 0.7189775275940835}. Best is trial 156 with value: 0.02512762388963661.
[I 2026-03-06 21:54:52,387] Trial 159 finished with value: 0.03068999931917701 and parameters: {'sigma_noise': 0.20850496744083918, 'A_repulsion': 0.07766288774452348, 'gamma': 0.8481713917673454, 'sigma_update': 0.34193454839107457, 'eta_learning': 0.37179815140547084, 'sigma_boundary': 9.41530740202917, 'alpha': 0.6336781485344521}. Best is trial 156 with value: 0.02512762388963661.
[I 2026-03-06 22:00:02,284] Trial 160 finished with value: 0.03001108930924702 and parameters: {'sigma_noise': 0.20573236189680696, 'A_repulsion': 0.07497523198210505, 'gamma': 0.8508189785371668, 'sigma_update': 0.30976528128740743, 'eta_learning': 0.37014489377144694, 'sigma_boundary': 9.402312503792347, 'alpha': 0.6317575593179459}. Best is trial 156 with value: 0.02512762388963661.
[I 2026-03-06 22:01:16,438] Trial 161 finished with value: 0.027506725157397893 and parameters: {'sigma_noise': 0.2083616433728444, 'A_repulsion': 0.07862671028219442, 'gamma': 0.852563220056475, 'sigma_update': 0.34728653393251, 'eta_learning': 0.3870010868105662, 'sigma_boundary': 9.41916201356358, 'alpha': 0.7217969730549584}. Best is trial 156 with value: 0.02512762388963661.
[I 2026-03-06 22:03:14,862] Trial 162 finished with value: 0.030442367607664778 and parameters: {'sigma_noise': 0.20005848100444232, 'A_repulsion': 0.07400938660786444, 'gamma': 0.8501328092163554, 'sigma_update': 0.30784528457718396, 'eta_learning': 0.3693035442717251, 'sigma_boundary': 9.50047794828855, 'alpha': 0.6207509580678593}. Best is trial 156 with value: 0.02512762388963661.
[I 2026-03-06 22:04:32,234] Trial 163 finished with value: 0.027475498106066556 and parameters: {'sigma_noise': 0.17017483030812924, 'A_repulsion': 0.08936236023710314, 'gamma': 0.9162786429632287, 'sigma_update': 0.30762506211479346, 'eta_learning': 0.3713792619389825, 'sigma_boundary': 9.375577345368992, 'alpha': 0.5892901657345944}. Best is trial 156 with value: 0.02512762388963661.
[I 2026-03-06 22:06:09,599] Trial 167 finished with value: 0.026985123161351068 and parameters: {'sigma_noise': 0.16995802031537396, 'A_repulsion': 0.07925764589106696, 'gamma': 0.9160953249899932, 'sigma_update': 0.341901593658163, 'eta_learning': 0.3649924482689121, 'sigma_boundary': 9.464886198721148, 'alpha': 0.6201377908753664}. Best is trial 156 with value: 0.02512762388963661.
[I 2026-03-06 22:06:16,727] Trial 164 finished with value: 0.024230044374402755 and parameters: {'sigma_noise': 0.20675435357832522, 'A_repulsion': 0.07627006372112369, 'gamma': 0.9114592240537723, 'sigma_update': 0.34211777011034955, 'eta_learning': 0.3785259491737295, 'sigma_boundary': 9.531644829795995, 'alpha': 0.6339172475789192}. Best is trial 164 with value: 0.024230044374402755.
[I 2026-03-06 22:06:54,760] Trial 165 finished with value: 0.02206877501898268 and parameters: {'sigma_noise': 0.2079085805401252, 'A_repulsion': 0.08371229458205788, 'gamma': 0.9610520931741509, 'sigma_update': 0.30525450486300754, 'eta_learning': 0.34381133634292177, 'sigma_boundary': 9.446172774749247, 'alpha': 0.6270304956334343}. Best is trial 165 with value: 0.02206877501898268.
[I 2026-03-06 22:07:20,624] Trial 166 finished with value: 0.024584028949548246 and parameters: {'sigma_noise': 0.20896412347727839, 'A_repulsion': 0.07961458162743161, 'gamma': 0.9143003741122426, 'sigma_update': 0.35036955063018455, 'eta_learning': 0.37478278194243175, 'sigma_boundary': 9.494207844369425, 'alpha': 0.633419053877794}. Best is trial 165 with value: 0.02206877501898268.
[I 2026-03-06 22:07:53,183] Trial 168 finished with value: 0.02410476725263877 and parameters: {'sigma_noise': 0.20268173359052344, 'A_repulsion': 0.07851989097085857, 'gamma': 0.918449696066147, 'sigma_update': 0.33681280987208423, 'eta_learning': 0.3769209967358695, 'sigma_boundary': 9.47015677400131, 'alpha': 0.6322336468984414}. Best is trial 165 with value: 0.02206877501898268.
[I 2026-03-06 22:08:05,817] Trial 173 finished with value: 0.023506692586584124 and parameters: {'sigma_noise': 0.20508398603553363, 'A_repulsion': 0.08997808750932126, 'gamma': 0.9183479478199232, 'sigma_update': 0.34688235675471507, 'eta_learning': 0.39755950800539974, 'sigma_boundary': 9.458133274718097, 'alpha': 0.6397143429622296}. Best is trial 165 with value: 0.02206877501898268.
[I 2026-03-06 22:08:18,903] Trial 169 finished with value: 0.02140567020128355 and parameters: {'sigma_noise': 0.20704051118017444, 'A_repulsion': 0.08162495367135521, 'gamma': 0.9583102010384715, 'sigma_update': 0.3087934256175245, 'eta_learning': 0.3653734768413016, 'sigma_boundary': 9.491515547189803, 'alpha': 0.6224178013224386}. Best is trial 169 with value: 0.02140567020128355.
[I 2026-03-06 22:08:20,280] Trial 171 finished with value: 0.023737103967563216 and parameters: {'sigma_noise': 0.20411803724626376, 'A_repulsion': 0.08878590163944838, 'gamma': 0.9178255822455947, 'sigma_update': 0.3142909512217768, 'eta_learning': 0.3989142205737558, 'sigma_boundary': 9.318376850445269, 'alpha': 0.637692832742813}. Best is trial 169 with value: 0.02140567020128355.
[I 2026-03-06 22:08:24,455] Trial 170 finished with value: 0.02122507529706628 and parameters: {'sigma_noise': 0.20586792422245195, 'A_repulsion': 0.0846695272425783, 'gamma': 0.9537726961815256, 'sigma_update': 0.3455450902759668, 'eta_learning': 0.37171388752384354, 'sigma_boundary': 9.457914047873665, 'alpha': 0.6292083786930837}. Best is trial 170 with value: 0.02122507529706628.
[I 2026-03-06 22:08:27,151] Trial 174 finished with value: 0.021788042550920955 and parameters: {'sigma_noise': 0.20217093779798603, 'A_repulsion': 0.09032823931442335, 'gamma': 0.963104860247628, 'sigma_update': 0.33918547004459254, 'eta_learning': 0.4812877174171175, 'sigma_boundary': 9.40996478565644, 'alpha': 0.638278606174953}. Best is trial 170 with value: 0.02122507529706628.
[I 2026-03-06 22:08:39,126] Trial 172 finished with value: 0.025453709736324 and parameters: {'sigma_noise': 0.21091127068637786, 'A_repulsion': 0.08885334835394254, 'gamma': 0.9181230371494622, 'sigma_update': 0.3430731716549911, 'eta_learning': 0.40039013974086085, 'sigma_boundary': 9.436273854211683, 'alpha': 0.6214273335827305}. Best is trial 170 with value: 0.02122507529706628.
[I 2026-03-06 22:08:43,862] Trial 177 finished with value: 0.02284946157774783 and parameters: {'sigma_noise': 0.20688809890277488, 'A_repulsion': 0.0849150266358995, 'gamma': 0.9555939106059006, 'sigma_update': 0.3392994401672732, 'eta_learning': 0.4869456911963958, 'sigma_boundary': 9.438872326350767, 'alpha': 0.631406783163118}. Best is trial 170 with value: 0.02122507529706628.
[I 2026-03-06 22:08:55,668] Trial 175 finished with value: 0.023986997894269745 and parameters: {'sigma_noise': 0.20871079521560093, 'A_repulsion': 0.09178364893811883, 'gamma': 0.9543524420410486, 'sigma_update': 0.35534436891886145, 'eta_learning': 0.4967000315469876, 'sigma_boundary': 9.422464585632142, 'alpha': 0.6250440852569141}. Best is trial 170 with value: 0.02122507529706628.
[I 2026-03-06 22:08:57,167] Trial 176 finished with value: 0.024015720684254584 and parameters: {'sigma_noise': 0.2053105374374243, 'A_repulsion': 0.094669524561764, 'gamma': 0.9520527763680662, 'sigma_update': 0.33538723110012547, 'eta_learning': 0.5455355579591772, 'sigma_boundary': 9.445749225477712, 'alpha': 0.6311645513001438}. Best is trial 170 with value: 0.02122507529706628.
[I 2026-03-06 22:09:01,274] Trial 178 finished with value: 0.027718212361080616 and parameters: {'sigma_noise': 0.20468326311744403, 'A_repulsion': 0.09028173110643381, 'gamma': 0.9180721395122373, 'sigma_update': 0.34752697064122196, 'eta_learning': 0.4899636028919432, 'sigma_boundary': 9.46350261787152, 'alpha': 0.6264952687211928}. Best is trial 170 with value: 0.02122507529706628.
[I 2026-03-06 22:09:23,573] Trial 179 finished with value: 0.022604405713882007 and parameters: {'sigma_noise': 0.20923658913844478, 'A_repulsion': 0.09047390929889934, 'gamma': 0.9636505717062541, 'sigma_update': 0.33176237955556953, 'eta_learning': 0.4981823057026231, 'sigma_boundary': 9.347300700050743, 'alpha': 0.6263071013810367}. Best is trial 170 with value: 0.02122507529706628.
[I 2026-03-06 22:09:48,623] Trial 180 finished with value: 0.029577550840726045 and parameters: {'sigma_noise': 0.20414303529931038, 'A_repulsion': 0.09709149912445245, 'gamma': 0.9137799928535526, 'sigma_update': 0.35312578403200007, 'eta_learning': 0.5157527947885205, 'sigma_boundary': 9.456479393411177, 'alpha': 0.6291566768581756}. Best is trial 170 with value: 0.02122507529706628.
[I 2026-03-06 22:10:15,913] Trial 182 finished with value: 0.024301497308116815 and parameters: {'sigma_noise': 0.2123226343929185, 'A_repulsion': 0.08726718383527905, 'gamma': 0.948206322056207, 'sigma_update': 0.3338483758535719, 'eta_learning': 0.5146264994803237, 'sigma_boundary': 9.418694946267571, 'alpha': 0.6312325757533018}. Best is trial 170 with value: 0.02122507529706628.
[I 2026-03-06 22:10:21,302] Trial 181 finished with value: 0.030091813132748405 and parameters: {'sigma_noise': 0.20793913618580687, 'A_repulsion': 0.09503345683920429, 'gamma': 0.913763626274295, 'sigma_update': 0.34589204194114825, 'eta_learning': 0.5490464307680368, 'sigma_boundary': 9.45783235817437, 'alpha': 0.6345145684769382}. Best is trial 170 with value: 0.02122507529706628.
[I 2026-03-06 22:10:22,086] Trial 183 finished with value: 0.025180958289876987 and parameters: {'sigma_noise': 0.2064110140184096, 'A_repulsion': 0.08879767689902032, 'gamma': 0.9189174184753937, 'sigma_update': 0.3103625430403099, 'eta_learning': 0.47786112521269325, 'sigma_boundary': 9.467816223470656, 'alpha': 0.6362109488732638}. Best is trial 170 with value: 0.02122507529706628.
[I 2026-03-06 22:10:51,533] Trial 184 finished with value: 0.023230143989867304 and parameters: {'sigma_noise': 0.2053254689471758, 'A_repulsion': 0.10913295385260385, 'gamma': 0.9520422401863379, 'sigma_update': 0.30807326405546787, 'eta_learning': 0.5379539854913133, 'sigma_boundary': 9.477715458563159, 'alpha': 0.6332352251618429}. Best is trial 170 with value: 0.02122507529706628.
[I 2026-03-06 22:11:19,228] Trial 185 finished with value: 0.02778912418569919 and parameters: {'sigma_noise': 0.21035927164726712, 'A_repulsion': 0.09891429585978226, 'gamma': 0.9150055677740934, 'sigma_update': 0.3226214439046511, 'eta_learning': 0.5154910452788712, 'sigma_boundary': 9.48789515304107, 'alpha': 0.6292697447170927}. Best is trial 170 with value: 0.02122507529706628.
[I 2026-03-06 22:11:19,490] Trial 187 finished with value: 0.02903998248689838 and parameters: {'sigma_noise': 0.21015443999951242, 'A_repulsion': 0.09127752642155601, 'gamma': 0.9149018129162435, 'sigma_update': 0.32617343004680577, 'eta_learning': 0.5115846590170174, 'sigma_boundary': 9.41331137133969, 'alpha': 0.621330975691185}. Best is trial 170 with value: 0.02122507529706628.
[I 2026-03-06 22:11:30,527] Trial 186 finished with value: 0.022970592494191443 and parameters: {'sigma_noise': 0.2144033381715801, 'A_repulsion': 0.1175179226412291, 'gamma': 0.9561317407511214, 'sigma_update': 0.3097915502145449, 'eta_learning': 0.5000311385161933, 'sigma_boundary': 9.431832232277149, 'alpha': 0.6308284431394727}. Best is trial 170 with value: 0.02122507529706628.
[I 2026-03-06 22:12:01,536] Trial 188 finished with value: 0.03793966738230467 and parameters: {'sigma_noise': 0.23034026157270757, 'A_repulsion': 0.10786700591798282, 'gamma': 0.9164205760544759, 'sigma_update': 0.34310414028250996, 'eta_learning': 0.5218874047681377, 'sigma_boundary': 9.388102595112203, 'alpha': 0.5902385333790977}. Best is trial 170 with value: 0.02122507529706628.
[I 2026-03-06 22:12:05,850] Trial 189 finished with value: 0.029097299485310348 and parameters: {'sigma_noise': 0.22791405613948534, 'A_repulsion': 0.09065126343836692, 'gamma': 0.9469644023808583, 'sigma_update': 0.3307337802413962, 'eta_learning': 0.6290183369878704, 'sigma_boundary': 9.306519586438318, 'alpha': 0.6362384799881453}. Best is trial 170 with value: 0.02122507529706628.
[I 2026-03-06 22:12:07,656] Trial 190 finished with value: 0.02925650630685968 and parameters: {'sigma_noise': 0.21844738277941136, 'A_repulsion': 0.09994784657481284, 'gamma': 0.9160347138411252, 'sigma_update': 0.33033713002413445, 'eta_learning': 0.5427945943914518, 'sigma_boundary': 9.478843616788405, 'alpha': 0.6371166865926544}. Best is trial 170 with value: 0.02122507529706628.
[I 2026-03-06 22:12:44,285] Trial 192 finished with value: 0.031233248542234634 and parameters: {'sigma_noise': 0.22386043040191062, 'A_repulsion': 0.11464600971260988, 'gamma': 0.9164425808507284, 'sigma_update': 0.31329999728977925, 'eta_learning': 0.5012561335815019, 'sigma_boundary': 9.238663323678532, 'alpha': 0.5943519451210051}. Best is trial 170 with value: 0.02122507529706628.
[I 2026-03-06 22:12:53,148] Trial 194 finished with value: 0.0264005799355811 and parameters: {'sigma_noise': 0.21623521664336212, 'A_repulsion': 0.10817273779952008, 'gamma': 0.9632787257230895, 'sigma_update': 0.3248745504391188, 'eta_learning': 0.49052886473200374, 'sigma_boundary': 9.240729529215745, 'alpha': 0.5903211349294787}. Best is trial 170 with value: 0.02122507529706628.
