[I 2026-03-06 20:26:41,358] Trial 0 finished with value: 0.18341722005772026 and parameters: {'sigma_noise': 0.34748597788715674, 'A_repulsion': 0.14054428575525985, 'gamma': 0.21790856741313078, 'sigma_update': 0.19720195125850895, 'eta_learning': 2.1364003904407856, 'sigma_boundary': 9.688857633145826, 'alpha': 0.9161054222012632}. Best is trial 13 with value: 0.04843553839104082.
[I 2026-03-06 20:26:42,190] Trial 3 finished with value: 0.09261684287273027 and parameters: {'sigma_noise': 0.3174060753803519, 'A_repulsion': 0.16507408445383032, 'gamma': 0.7733543873052152, 'sigma_update': 0.19445271252006976, 'eta_learning': 0.2466750842381416, 'sigma_boundary': 5.162923702480692, 'alpha': 0.7568605715281874}. Best is trial 13 with value: 0.04843553839104082.
[I 2026-03-06 20:26:50,823] Trial 6 finished with value: 2.6262778110702643 and parameters: {'sigma_noise': 0.34806524086532376, 'A_repulsion': 0.2958579239395009, 'gamma': 0.8544452506117446, 'sigma_update': 0.6431563323215626, 'eta_learning': 0.5557919089351405, 'sigma_boundary': 7.432455195808508, 'alpha': 0.054910294686696615}. Best is trial 13 with value: 0.04843553839104082.
[I 2026-03-06 20:26:55,778] Trial 26 finished with value: 0.36361338434722973 and parameters: {'sigma_noise': 0.2609069160979673, 'A_repulsion': 0.269969385491589, 'gamma': 0.4740071142677845, 'sigma_update': 0.04650776018714191, 'eta_learning': 1.9820482836675186, 'sigma_boundary': 6.701237148695412, 'alpha': 0.8957848580182172}. Best is trial 13 with value: 0.04843553839104082.
[I 2026-03-06 20:27:12,443] Trial 25 finished with value: 2.6278432004341274 and parameters: {'sigma_noise': 0.41806838511296407, 'A_repulsion': 0.26083720110808795, 'gamma': 0.42276872545860555, 'sigma_update': 0.3315432307245946, 'eta_learning': 0.6086118683728668, 'sigma_boundary': 0.9329180788438153, 'alpha': 0.08217471421160538}. Best is trial 13 with value: 0.04843553839104082.
[I 2026-03-06 20:27:13,647] Trial 15 finished with value: 0.5243332059020664 and parameters: {'sigma_noise': 0.3353228863895465, 'A_repulsion': 0.3265000733739298, 'gamma': 0.40648119145006345, 'sigma_update': 0.6291276309356749, 'eta_learning': 1.8566309318750855, 'sigma_boundary': 0.032714290935927766, 'alpha': 0.4472746093748827}. Best is trial 13 with value: 0.04843553839104082.
[I 2026-03-06 20:27:15,264] Trial 23 finished with value: 2.6283349254189106 and parameters: {'sigma_noise': 0.3884026129489881, 'A_repulsion': 0.26612053092157195, 'gamma': 0.11541639580618554, 'sigma_update': 0.3112116412030181, 'eta_learning': 0.969284442848484, 'sigma_boundary': 9.235823141333814, 'alpha': 0.011956331761644123}. Best is trial 13 with value: 0.04843553839104082.
[I 2026-03-06 20:27:18,718] Trial 29 finished with value: 2.2742730928456725 and parameters: {'sigma_noise': 0.34540206629895975, 'A_repulsion': 0.31471053350257316, 'gamma': 0.8406079129574446, 'sigma_update': 0.3787841700820024, 'eta_learning': 1.8498602535319073, 'sigma_boundary': 3.105598122134934, 'alpha': 0.25496130586385257}. Best is trial 13 with value: 0.04843553839104082.
[I 2026-03-06 20:27:43,838] Trial 14 finished with value: 0.7079349562703776 and parameters: {'sigma_noise': 0.3349433783732253, 'A_repulsion': 0.2957181255992228, 'gamma': 0.15738362180335594, 'sigma_update': 0.030338196017462092, 'eta_learning': 2.991709736665844, 'sigma_boundary': 7.064738232659679, 'alpha': 0.806580418917818}. Best is trial 13 with value: 0.04843553839104082.
[I 2026-03-06 20:28:02,920] Trial 19 finished with value: 0.7923904511538793 and parameters: {'sigma_noise': 0.4224898895603281, 'A_repulsion': 0.2747943921983122, 'gamma': 0.32964921005968895, 'sigma_update': 0.5116061151553825, 'eta_learning': 0.09044347035651748, 'sigma_boundary': 6.358892533756197, 'alpha': 0.03692348352110253}. Best is trial 13 with value: 0.04843553839104082.
[I 2026-03-06 20:28:05,209] Trial 4 finished with value: 0.8100464430818151 and parameters: {'sigma_noise': 0.4156080076082659, 'A_repulsion': 0.36002572838602903, 'gamma': 0.8519179986065535, 'sigma_update': 0.4315228412687592, 'eta_learning': 1.818242788819965, 'sigma_boundary': 5.898211763310107, 'alpha': 0.41989532923422046}. Best is trial 13 with value: 0.04843553839104082.
[I 2026-03-06 20:28:08,491] Trial 30 finished with value: 2.51323818371622 and parameters: {'sigma_noise': 0.3576911281634408, 'A_repulsion': 0.453207906589028, 'gamma': 0.20722046627461185, 'sigma_update': 0.36652149157197705, 'eta_learning': 1.908731631746401, 'sigma_boundary': 5.952204127737685, 'alpha': 0.2543532397650463}. Best is trial 13 with value: 0.04843553839104082.
[I 2026-03-06 20:28:18,332] Trial 32 finished with value: 0.36264051584524587 and parameters: {'sigma_noise': 0.35697471487064875, 'A_repulsion': 0.4637683457960821, 'gamma': 0.03363451517165654, 'sigma_update': 0.5048925400468259, 'eta_learning': 0.8535842053688059, 'sigma_boundary': 9.147600686953018, 'alpha': 0.8574017621373227}. Best is trial 13 with value: 0.04843553839104082.
[I 2026-03-06 20:28:20,638] Trial 12 finished with value: 2.0559583964007255 and parameters: {'sigma_noise': 0.37060489176663997, 'A_repulsion': 0.4547320158811673, 'gamma': 0.9843755969447745, 'sigma_update': 0.6397616717589331, 'eta_learning': 0.2314567211920852, 'sigma_boundary': 7.628192955885766, 'alpha': 0.19041521902722636}. Best is trial 13 with value: 0.04843553839104082.
[I 2026-03-06 20:29:01,453] Trial 39 finished with value: 0.35763911089698347 and parameters: {'sigma_noise': 0.4483647425282525, 'A_repulsion': 0.4239913921125918, 'gamma': 0.5738288702675, 'sigma_update': 0.30643063835711765, 'eta_learning': 1.9185828769514492, 'sigma_boundary': 1.254595762378071, 'alpha': 0.5614671059702171}. Best is trial 13 with value: 0.04843553839104082.
[I 2026-03-06 20:29:12,263] Trial 11 finished with value: 0.24167394960236988 and parameters: {'sigma_noise': 0.424653797291895, 'A_repulsion': 0.4730458925171945, 'gamma': 0.7287373102308757, 'sigma_update': 0.17569776815629803, 'eta_learning': 0.33324845656778074, 'sigma_boundary': 7.179810926378268, 'alpha': 0.794909173067573}. Best is trial 13 with value: 0.04843553839104082.
[I 2026-03-06 20:40:06,885] Trial 45 finished with value: 0.08715822767320078 and parameters: {'sigma_noise': 0.06424509264223804, 'A_repulsion': 0.12745893465436325, 'gamma': 0.44059585300210574, 'sigma_update': 0.08443334204874305, 'eta_learning': 2.817224570204104, 'sigma_boundary': 9.218444408047915, 'alpha': 0.6102762655140992}. Best is trial 13 with value: 0.04843553839104082.
[I 2026-03-06 20:40:53,054] Trial 43 finished with value: 0.0845696968476764 and parameters: {'sigma_noise': 0.07114633898874963, 'A_repulsion': 0.2618222600320309, 'gamma': 0.5452355022023405, 'sigma_update': 0.0859420302144588, 'eta_learning': 0.9465717120207381, 'sigma_boundary': 5.9742145249044585, 'alpha': 0.4037809225525376}. Best is trial 13 with value: 0.04843553839104082.
[I 2026-03-06 20:43:47,273] Trial 40 finished with value: 0.16442861837527317 and parameters: {'sigma_noise': 0.25304925762049324, 'A_repulsion': 0.10338050779715319, 'gamma': 0.22697726702878107, 'sigma_update': 0.09639845809040903, 'eta_learning': 0.4348780571807205, 'sigma_boundary': 4.302273756702799, 'alpha': 0.9158045223435356}. Best is trial 13 with value: 0.04843553839104082.
[I 2026-03-06 20:47:55,645] Trial 41 finished with value: 2.6283388665709 and parameters: {'sigma_noise': 0.2562991892738634, 'A_repulsion': 0.450106352427784, 'gamma': 0.05245371995135725, 'sigma_update': 0.2541881095830759, 'eta_learning': 0.9358559044398673, 'sigma_boundary': 2.6874126142754573, 'alpha': 0.0565694478643225}. Best is trial 13 with value: 0.04843553839104082.
[I 2026-03-06 20:48:37,438] Trial 46 finished with value: 0.15795611408438606 and parameters: {'sigma_noise': 0.09226223307255865, 'A_repulsion': 0.36255830963298136, 'gamma': 0.06869117616130059, 'sigma_update': 0.26087193179791074, 'eta_learning': 2.751233355427502, 'sigma_boundary': 2.577571997729393, 'alpha': 0.4771164402391831}. Best is trial 13 with value: 0.04843553839104082.
[I 2026-03-06 20:48:47,499] Trial 77 finished with value: 0.04964361159023199 and parameters: {'sigma_noise': 0.1303610318396665, 'A_repulsion': 0.010300938595877385, 'gamma': 0.7230874781760346, 'sigma_update': 0.2432176862383596, 'eta_learning': 0.0869373793279129, 'sigma_boundary': 8.329118103967485, 'alpha': 0.7383232747370297}. Best is trial 13 with value: 0.04843553839104082.
[I 2026-03-06 20:49:29,499] Trial 70 finished with value: 0.04675679727474672 and parameters: {'sigma_noise': 0.1398647031260091, 'A_repulsion': 0.0418078320338932, 'gamma': 0.7524303179185912, 'sigma_update': 0.2654700450428941, 'eta_learning': 0.0679840557480898, 'sigma_boundary': 8.255099122900024, 'alpha': 0.8160227715380997}. Best is trial 70 with value: 0.04675679727474672.
[I 2026-03-06 20:49:32,863] Trial 73 finished with value: 0.04828215002335517 and parameters: {'sigma_noise': 0.13523396243208072, 'A_repulsion': 0.007393563568823258, 'gamma': 0.7380738660103354, 'sigma_update': 0.24842094169025672, 'eta_learning': 0.02170876450350706, 'sigma_boundary': 8.24035402680441, 'alpha': 0.9998710261520524}. Best is trial 70 with value: 0.04675679727474672.
[I 2026-03-06 20:49:35,319] Trial 75 finished with value: 0.04523127580792176 and parameters: {'sigma_noise': 0.14066808650067059, 'A_repulsion': 0.013078699067718335, 'gamma': 0.759232326060488, 'sigma_update': 0.24342675078718368, 'eta_learning': 0.25224045733147704, 'sigma_boundary': 8.329575849052619, 'alpha': 0.9966271587085892}. Best is trial 75 with value: 0.04523127580792176.
[I 2026-03-06 20:49:43,334] Trial 72 finished with value: 0.049953989748880094 and parameters: {'sigma_noise': 0.14125559469967758, 'A_repulsion': 0.031015354683756543, 'gamma': 0.741166949390059, 'sigma_update': 0.237470668734156, 'eta_learning': 0.06128654607680917, 'sigma_boundary': 8.338927196025558, 'alpha': 0.830916184131785}. Best is trial 75 with value: 0.04523127580792176.
[I 2026-03-06 20:49:58,664] Trial 74 finished with value: 0.04347518110343132 and parameters: {'sigma_noise': 0.13621626202658307, 'A_repulsion': 0.0018294768953472373, 'gamma': 0.7230248182377735, 'sigma_update': 0.2739146600998756, 'eta_learning': 0.03047155049350886, 'sigma_boundary': 8.329657918957066, 'alpha': 0.8216496735042601}. Best is trial 74 with value: 0.04347518110343132.
[I 2026-03-06 20:50:13,693] Trial 71 finished with value: 0.04538547496051848 and parameters: {'sigma_noise': 0.14460377092998924, 'A_repulsion': 0.017113509760955284, 'gamma': 0.7318255773654099, 'sigma_update': 0.26680669100562543, 'eta_learning': 0.06030293815365304, 'sigma_boundary': 8.369650838535915, 'alpha': 0.8317716984712337}. Best is trial 74 with value: 0.04347518110343132.
[I 2026-03-06 20:50:19,273] Trial 76 finished with value: 0.044029183977721355 and parameters: {'sigma_noise': 0.13342548846039665, 'A_repulsion': 0.009267083609764158, 'gamma': 0.7395967092783624, 'sigma_update': 0.24936607676142838, 'eta_learning': 0.27068237813577356, 'sigma_boundary': 8.22090539162455, 'alpha': 0.6609011523415356}. Best is trial 74 with value: 0.04347518110343132.
[I 2026-03-06 20:50:39,949] Trial 69 finished with value: 0.04020070822137928 and parameters: {'sigma_noise': 0.19274765779372627, 'A_repulsion': 0.01333043788593939, 'gamma': 0.7202055607874821, 'sigma_update': 0.2473310119658665, 'eta_learning': 0.11231490332582217, 'sigma_boundary': 8.107970078312832, 'alpha': 0.8097098583312433}. Best is trial 69 with value: 0.04020070822137928.
[I 2026-03-06 20:50:46,814] Trial 78 finished with value: 0.051150551538367006 and parameters: {'sigma_noise': 0.14021107003637864, 'A_repulsion': 0.02361799729826336, 'gamma': 0.7142820965049728, 'sigma_update': 0.25230726962034955, 'eta_learning': 0.3424917228725821, 'sigma_boundary': 8.134755422762513, 'alpha': 0.9818078405436355}. Best is trial 69 with value: 0.04020070822137928.
[I 2026-03-06 20:51:23,992] Trial 42 finished with value: 0.4704151041586384 and parameters: {'sigma_noise': 0.37670636442556943, 'A_repulsion': 0.4599204386500075, 'gamma': 0.5026357381932057, 'sigma_update': 0.6281351982598514, 'eta_learning': 0.8972640532160072, 'sigma_boundary': 7.524702274912936, 'alpha': 0.8048110620389342}. Best is trial 69 with value: 0.04020070822137928.
[I 2026-03-06 20:51:53,370] Trial 51 finished with value: 0.0730456573402002 and parameters: {'sigma_noise': 0.32961119630651703, 'A_repulsion': 0.015540768049929652, 'gamma': 0.7803980357704532, 'sigma_update': 0.45311043206035456, 'eta_learning': 0.056709114916899006, 'sigma_boundary': 6.834521340437808, 'alpha': 0.8505509706889112}. Best is trial 69 with value: 0.04020070822137928.
[I 2026-03-06 20:52:00,116] Trial 44 finished with value: 0.2497220682434813 and parameters: {'sigma_noise': 0.44028873322903234, 'A_repulsion': 0.22800924824576907, 'gamma': 0.1010516806454459, 'sigma_update': 0.13959431089969093, 'eta_learning': 0.6847961935843996, 'sigma_boundary': 6.6123590181305305, 'alpha': 0.4820228759601256}. Best is trial 69 with value: 0.04020070822137928.
[I 2026-03-06 20:52:20,600] Trial 50 finished with value: 0.09909969035957467 and parameters: {'sigma_noise': 0.3699851224727312, 'A_repulsion': 0.0002662803905709877, 'gamma': 0.76547076391031, 'sigma_update': 0.46405653736817276, 'eta_learning': 0.10026290042809324, 'sigma_boundary': 7.025864040563933, 'alpha': 0.8988328795015812}. Best is trial 69 with value: 0.04020070822137928.
[I 2026-03-06 20:52:30,581] Trial 66 finished with value: 0.05143636772676289 and parameters: {'sigma_noise': 0.2533250971074233, 'A_repulsion': 0.012344743328929153, 'gamma': 0.7403445717788528, 'sigma_update': 0.2422092151750664, 'eta_learning': 0.016197845429869462, 'sigma_boundary': 8.148723967851094, 'alpha': 0.8040916840238169}. Best is trial 69 with value: 0.04020070822137928.
[I 2026-03-06 20:52:50,878] Trial 47 finished with value: 0.601283817811964 and parameters: {'sigma_noise': 0.36224386588687696, 'A_repulsion': 0.043650631411760954, 'gamma': 0.6429908585134588, 'sigma_update': 0.5954072621008198, 'eta_learning': 2.1369296772467967, 'sigma_boundary': 7.122156211418813, 'alpha': 0.5018843512588875}. Best is trial 69 with value: 0.04020070822137928.
[I 2026-03-06 20:53:10,787] Trial 53 finished with value: 0.15458707518560788 and parameters: {'sigma_noise': 0.3419799285833142, 'A_repulsion': 0.002513021719503029, 'gamma': 0.42020687132246753, 'sigma_update': 0.20274725890480172, 'eta_learning': 1.8936408995365805, 'sigma_boundary': 3.2835541917938933, 'alpha': 0.787363062293898}. Best is trial 69 with value: 0.04020070822137928.
[I 2026-03-06 20:53:42,224] Trial 54 finished with value: 0.14158441150068496 and parameters: {'sigma_noise': 0.3251720600383792, 'A_repulsion': 0.017992041895887, 'gamma': 0.40018639331816014, 'sigma_update': 0.20944463117006015, 'eta_learning': 1.823506848344826, 'sigma_boundary': 4.014630684574634, 'alpha': 0.8272207193005803}. Best is trial 69 with value: 0.04020070822137928.
[I 2026-03-06 20:54:01,285] Trial 48 finished with value: 0.14783860693896866 and parameters: {'sigma_noise': 0.2462438601452383, 'A_repulsion': 0.3685626907663358, 'gamma': 0.5009447599008945, 'sigma_update': 0.08595270702989044, 'eta_learning': 2.0816260521872336, 'sigma_boundary': 6.852925854933646, 'alpha': 0.5619292967936252}. Best is trial 69 with value: 0.04020070822137928.
[I 2026-03-06 20:54:11,249] Trial 56 finished with value: 0.09583059280709604 and parameters: {'sigma_noise': 0.3424003807813918, 'A_repulsion': 0.000668314260433029, 'gamma': 0.8131290346895135, 'sigma_update': 0.2277611871560082, 'eta_learning': 1.8662391132896885, 'sigma_boundary': 3.75235885921548, 'alpha': 0.8035821128916847}. Best is trial 69 with value: 0.04020070822137928.
[I 2026-03-06 20:54:13,055] Trial 52 finished with value: 0.10346920652861126 and parameters: {'sigma_noise': 0.35404526904877154, 'A_repulsion': 0.03547149800923015, 'gamma': 0.8117641673050046, 'sigma_update': 0.19685650036766508, 'eta_learning': 1.9739955341847404, 'sigma_boundary': 3.3512378847797244, 'alpha': 0.9143053839708983}. Best is trial 69 with value: 0.04020070822137928.
[I 2026-03-06 20:54:17,483] Trial 55 finished with value: 0.15816937062152245 and parameters: {'sigma_noise': 0.34676858937909383, 'A_repulsion': 0.013607401739436295, 'gamma': 0.43019876187022094, 'sigma_update': 0.18951848898527904, 'eta_learning': 1.9625466913834917, 'sigma_boundary': 3.565949903158836, 'alpha': 0.787142888152395}. Best is trial 69 with value: 0.04020070822137928.
[I 2026-03-06 20:54:51,124] Trial 57 finished with value: 0.157628143989817 and parameters: {'sigma_noise': 0.35167532271290886, 'A_repulsion': 0.005826351207057989, 'gamma': 0.5144918177741565, 'sigma_update': 0.2361809036745844, 'eta_learning': 1.8550549728653012, 'sigma_boundary': 7.642995199583482, 'alpha': 0.8249411380214522}. Best is trial 69 with value: 0.04020070822137928.
[I 2026-03-06 20:55:56,191] Trial 79 finished with value: 0.067586030326967 and parameters: {'sigma_noise': 0.29343646520199596, 'A_repulsion': 0.004249493409229279, 'gamma': 0.7661072615593503, 'sigma_update': 0.25516379251480925, 'eta_learning': 0.0675828949255578, 'sigma_boundary': 8.252019436042959, 'alpha': 0.9995659511002157}. Best is trial 69 with value: 0.04020070822137928.
[I 2026-03-06 20:56:25,627] Trial 63 finished with value: 0.11440784562988437 and parameters: {'sigma_noise': 0.3721280267870844, 'A_repulsion': 0.0008969495349475665, 'gamma': 0.7966500689171566, 'sigma_update': 0.22769652781716468, 'eta_learning': 0.09803499260952303, 'sigma_boundary': 7.921582433898401, 'alpha': 0.8064324592195259}. Best is trial 69 with value: 0.04020070822137928.
[I 2026-03-06 20:56:45,754] Trial 60 finished with value: 0.16027830113122832 and parameters: {'sigma_noise': 0.4066786343746115, 'A_repulsion': 0.0018384954218234398, 'gamma': 0.7166353764915356, 'sigma_update': 0.24029865491356076, 'eta_learning': 0.014518384925022776, 'sigma_boundary': 7.4665573410512325, 'alpha': 0.8262161838843348}. Best is trial 69 with value: 0.04020070822137928.
[I 2026-03-06 20:56:58,446] Trial 58 finished with value: 0.2147856038478182 and parameters: {'sigma_noise': 0.4172297767720227, 'A_repulsion': 0.00785968302524372, 'gamma': 0.4163942386948866, 'sigma_update': 0.213763237922597, 'eta_learning': 1.8357306425464404, 'sigma_boundary': 3.7625972542068924, 'alpha': 0.7980694284715854}. Best is trial 69 with value: 0.04020070822137928.
[I 2026-03-06 20:57:55,666] Trial 49 finished with value: 0.19142332199705164 and parameters: {'sigma_noise': 0.40165290312374735, 'A_repulsion': 0.49917390345639356, 'gamma': 0.7524174653772476, 'sigma_update': 0.4803836659024232, 'eta_learning': 0.03802401543515943, 'sigma_boundary': 0.073690917412776, 'alpha': 0.916132647316553}. Best is trial 69 with value: 0.04020070822137928.
[I 2026-03-06 20:57:58,921] Trial 68 finished with value: 0.1428852139027938 and parameters: {'sigma_noise': 0.3967936426420877, 'A_repulsion': 0.004844178348852701, 'gamma': 0.7184861624124012, 'sigma_update': 0.2579427806045353, 'eta_learning': 0.027735382819144005, 'sigma_boundary': 8.087473327245654, 'alpha': 0.784492371550514}. Best is trial 69 with value: 0.04020070822137928.
[I 2026-03-06 20:58:03,711] Trial 59 finished with value: 0.21464294666090666 and parameters: {'sigma_noise': 0.41580653508584353, 'A_repulsion': 0.020996898709662412, 'gamma': 0.44748342311575734, 'sigma_update': 0.2217402412449214, 'eta_learning': 2.07506306351589, 'sigma_boundary': 4.1358942111571935, 'alpha': 0.8203002345683156}. Best is trial 69 with value: 0.04020070822137928.
[I 2026-03-06 20:58:06,571] Trial 61 finished with value: 0.17389159756449035 and parameters: {'sigma_noise': 0.4272559362063084, 'A_repulsion': 0.0033866225186881746, 'gamma': 0.7786297189609495, 'sigma_update': 0.2553803169197975, 'eta_learning': 1.7913465137086328, 'sigma_boundary': 7.842575123300115, 'alpha': 0.7683736817924383}. Best is trial 69 with value: 0.04020070822137928.
[I 2026-03-06 20:58:11,117] Trial 62 finished with value: 0.17921035618896242 and parameters: {'sigma_noise': 0.4349767078491722, 'A_repulsion': 0.012240289105286212, 'gamma': 0.737801719510927, 'sigma_update': 0.22473442544950528, 'eta_learning': 0.079629172855741, 'sigma_boundary': 7.969808300278802, 'alpha': 0.8111743173415}. Best is trial 69 with value: 0.04020070822137928.
[I 2026-03-06 20:58:57,344] Trial 65 finished with value: 0.1702503694841497 and parameters: {'sigma_noise': 0.431432093240679, 'A_repulsion': 0.009376305226403703, 'gamma': 0.7508199568116773, 'sigma_update': 0.2535638633766238, 'eta_learning': 0.013389710350086181, 'sigma_boundary': 8.025799310025343, 'alpha': 0.8320860704124574}. Best is trial 69 with value: 0.04020070822137928.
[I 2026-03-06 20:59:10,158] Trial 64 finished with value: 0.18676462193830445 and parameters: {'sigma_noise': 0.4459538383289486, 'A_repulsion': 0.004752007925778498, 'gamma': 0.7471151705508348, 'sigma_update': 0.2489139813000072, 'eta_learning': 0.15413271808595563, 'sigma_boundary': 7.7336781414667835, 'alpha': 0.7857696675246852}. Best is trial 69 with value: 0.04020070822137928.
[I 2026-03-06 20:59:34,621] Trial 67 finished with value: 0.23039747404659938 and parameters: {'sigma_noise': 0.4417890133718278, 'A_repulsion': 0.011488516627883303, 'gamma': 0.72005998364075, 'sigma_update': 0.12638744972934385, 'eta_learning': 0.05406237572220757, 'sigma_boundary': 8.275867060931981, 'alpha': 0.8221032110922101}. Best is trial 69 with value: 0.04020070822137928.
[I 2026-03-06 21:05:49,199] Trial 81 finished with value: 0.031957906057509596 and parameters: {'sigma_noise': 0.19869227061412092, 'A_repulsion': 0.0026136503647119867, 'gamma': 0.8945887639822618, 'sigma_update': 0.2501835561547635, 'eta_learning': 0.015244066857470567, 'sigma_boundary': 8.040618280607461, 'alpha': 0.6772554123362076}. Best is trial 81 with value: 0.031957906057509596.
