[I 2026-03-06 22:12:53,650] Trial 191 finished with value: 0.040280174495953155 and parameters: {'sigma_noise': 0.24046408706611078, 'A_repulsion': 0.11509509331063218, 'gamma': 0.9204322357588703, 'sigma_update': 0.3190795842661268, 'eta_learning': 0.5308798213783652, 'sigma_boundary': 9.217263012850307, 'alpha': 0.577677518555529}. Best is trial 170 with value: 0.02122507529706628.
[I 2026-03-06 22:12:59,108] Trial 197 finished with value: 0.03177052859961231 and parameters: {'sigma_noise': 0.22004044188834235, 'A_repulsion': 0.10786225458718393, 'gamma': 0.9166453644955346, 'sigma_update': 0.3223550418041034, 'eta_learning': 0.5315876430378559, 'sigma_boundary': 9.27216479159108, 'alpha': 0.5984816863594934}. Best is trial 170 with value: 0.02122507529706628.
[I 2026-03-06 22:13:02,204] Trial 193 finished with value: 0.040842708639130365 and parameters: {'sigma_noise': 0.2322620164652553, 'A_repulsion': 0.1139010519983804, 'gamma': 0.91687354190074, 'sigma_update': 0.38195558768311216, 'eta_learning': 0.4447995354626325, 'sigma_boundary': 9.184221357437446, 'alpha': 0.5749848840439455}. Best is trial 170 with value: 0.02122507529706628.
[I 2026-03-06 22:13:02,566] Trial 195 finished with value: 0.03750625346004239 and parameters: {'sigma_noise': 0.22670437860397039, 'A_repulsion': 0.11188094989782783, 'gamma': 0.9176756238895383, 'sigma_update': 0.38799232275912243, 'eta_learning': 0.4522395069719145, 'sigma_boundary': 9.298102954642493, 'alpha': 0.5899394131556712}. Best is trial 170 with value: 0.02122507529706628.
[I 2026-03-06 22:13:04,809] Trial 196 finished with value: 0.04393767582335433 and parameters: {'sigma_noise': 0.2360574009643902, 'A_repulsion': 0.10633891380070196, 'gamma': 0.9171688866214791, 'sigma_update': 0.3771554880410002, 'eta_learning': 0.5109678084569009, 'sigma_boundary': 9.309149757493266, 'alpha': 0.5828538818772306}. Best is trial 170 with value: 0.02122507529706628.
[I 2026-03-06 22:13:08,004] Trial 198 finished with value: 0.03328073110980633 and parameters: {'sigma_noise': 0.23568124068248827, 'A_repulsion': 0.11157447531309374, 'gamma': 0.9386189112709388, 'sigma_update': 0.3228795460721313, 'eta_learning': 0.5057096570596327, 'sigma_boundary': 9.306177924060341, 'alpha': 0.5851742246792343}. Best is trial 170 with value: 0.02122507529706628.
[I 2026-03-06 22:13:08,287] Trial 199 finished with value: 0.03452777984906415 and parameters: {'sigma_noise': 0.23101925114866675, 'A_repulsion': 0.09942687989618423, 'gamma': 0.9230896968334987, 'sigma_update': 0.3205722859163269, 'eta_learning': 0.5016266335204749, 'sigma_boundary': 9.21103186602904, 'alpha': 0.5794580993137117}. Best is trial 170 with value: 0.02122507529706628.
