[I 2026-03-06 18:34:44,654] Trial 72 finished with value: 0.01327358178564864 and parameters: {'sigma_noise': 0.20420355737309395, 'A_repulsion': 0.06479759281054373, 'gamma': 0.9795472671574809, 'sigma_update': 0.4858040992913554, 'eta_learning': 1.7141414214446085, 'sigma_boundary': 9.808968852727492, 'alpha': 0.9673092012874485}. Best is trial 70 with value: 0.012757490087805736.
[I 2026-03-06 18:34:55,030] Trial 71 finished with value: 0.015499324489935448 and parameters: {'sigma_noise': 0.20699769926686948, 'A_repulsion': 0.06622059220637957, 'gamma': 0.9703299235150665, 'sigma_update': 0.47540289491309096, 'eta_learning': 1.708290409492938, 'sigma_boundary': 9.775110741544411, 'alpha': 0.9804463143183852}. Best is trial 70 with value: 0.012757490087805736.
[I 2026-03-06 18:35:07,763] Trial 73 finished with value: 0.017339468261618085 and parameters: {'sigma_noise': 0.20682347922257172, 'A_repulsion': 0.06720350447525303, 'gamma': 0.9080755958365468, 'sigma_update': 0.6842745514746773, 'eta_learning': 1.715458297652525, 'sigma_boundary': 9.76857494313031, 'alpha': 0.9958677603864965}. Best is trial 70 with value: 0.012757490087805736.
[I 2026-03-06 18:35:24,061] Trial 74 finished with value: 0.018083141748236307 and parameters: {'sigma_noise': 0.20168887781118, 'A_repulsion': 0.077119320611957, 'gamma': 0.9580709270305552, 'sigma_update': 0.4784872349699051, 'eta_learning': 1.7104123382412868, 'sigma_boundary': 5.403313347504919, 'alpha': 0.9998316870994196}. Best is trial 70 with value: 0.012757490087805736.
[I 2026-03-06 18:35:53,450] Trial 51 finished with value: 2.1381449130564403 and parameters: {'sigma_noise': 0.36628371946742855, 'A_repulsion': 0.22418164454334105, 'gamma': 0.9980288217495602, 'sigma_update': 0.42794614426327376, 'eta_learning': 1.036491066875267, 'sigma_boundary': 9.276322421042666, 'alpha': 0.2522344090471145}. Best is trial 70 with value: 0.012757490087805736.
[I 2026-03-06 18:36:09,025] Trial 76 finished with value: 0.016792136194604033 and parameters: {'sigma_noise': 0.20095277235326497, 'A_repulsion': 0.06920637829864797, 'gamma': 0.9929230172779847, 'sigma_update': 0.49907196796150766, 'eta_learning': 1.1024227426538487, 'sigma_boundary': 9.633236437395716, 'alpha': 0.9990479209886106}. Best is trial 70 with value: 0.012757490087805736.
[I 2026-03-06 18:36:18,911] Trial 78 finished with value: 0.013981848523673655 and parameters: {'sigma_noise': 0.20297674715614492, 'A_repulsion': 0.0584010496946582, 'gamma': 0.9971027194632457, 'sigma_update': 0.4909798917954403, 'eta_learning': 1.6989497963969205, 'sigma_boundary': 9.119436951506653, 'alpha': 0.9870714686769337}. Best is trial 70 with value: 0.012757490087805736.
[I 2026-03-06 18:36:19,749] Trial 77 finished with value: 0.015593153945581514 and parameters: {'sigma_noise': 0.19777911278076368, 'A_repulsion': 0.07066557890994493, 'gamma': 0.9546201695665174, 'sigma_update': 0.47991006228459004, 'eta_learning': 1.7170281064665582, 'sigma_boundary': 8.328545858219139, 'alpha': 0.9833855391121805}. Best is trial 70 with value: 0.012757490087805736.
[I 2026-03-06 18:36:22,959] Trial 75 finished with value: 0.015028008133093622 and parameters: {'sigma_noise': 0.20543391356059135, 'A_repulsion': 0.06375343026497785, 'gamma': 0.9909862682042911, 'sigma_update': 0.47907086478335653, 'eta_learning': 1.0926001914072754, 'sigma_boundary': 5.549096032439667, 'alpha': 0.9919066257579779}. Best is trial 70 with value: 0.012757490087805736.
[I 2026-03-06 18:36:54,922] Trial 49 finished with value: 2.768558692572047 and parameters: {'sigma_noise': 0.35620132171953117, 'A_repulsion': 0.44679749321731005, 'gamma': 0.40788706493733984, 'sigma_update': 0.3419414390295532, 'eta_learning': 2.9547797249395327, 'sigma_boundary': 9.728470605223018, 'alpha': 0.15307208314811382}. Best is trial 70 with value: 0.012757490087805736.
[I 2026-03-06 18:36:55,282] Trial 79 finished with value: 0.13050555182608486 and parameters: {'sigma_noise': 0.20484571044697017, 'A_repulsion': 0.059616703322281445, 'gamma': 0.6519241360752968, 'sigma_update': 0.6958441044047655, 'eta_learning': 1.7037440003507833, 'sigma_boundary': 8.783847431730651, 'alpha': 0.7794641168428432}. Best is trial 70 with value: 0.012757490087805736.
[I 2026-03-06 18:37:40,874] Trial 54 finished with value: 1.6867688462951103 and parameters: {'sigma_noise': 0.39161540648159826, 'A_repulsion': 0.1966577866402364, 'gamma': 0.34739192434465194, 'sigma_update': 0.4992079994775258, 'eta_learning': 1.2268741334944993, 'sigma_boundary': 3.6205853563473847, 'alpha': 0.32656514433510153}. Best is trial 70 with value: 0.012757490087805736.
[I 2026-03-06 18:37:57,148] Trial 55 finished with value: 1.6279538459821121 and parameters: {'sigma_noise': 0.38747102059302446, 'A_repulsion': 0.19280339027352542, 'gamma': 0.35439518024820654, 'sigma_update': 0.4749440040877612, 'eta_learning': 1.1486959041453657, 'sigma_boundary': 3.280951414455731, 'alpha': 0.32825260617489327}. Best is trial 70 with value: 0.012757490087805736.
[I 2026-03-06 18:37:57,354] Trial 56 finished with value: 0.8075241427991693 and parameters: {'sigma_noise': 0.361155895464762, 'A_repulsion': 0.17137654515625766, 'gamma': 0.33085819829627994, 'sigma_update': 0.31552535274618754, 'eta_learning': 1.1844219289723381, 'sigma_boundary': 3.3202054089250455, 'alpha': 0.3721987790819523}. Best is trial 70 with value: 0.012757490087805736.
[I 2026-03-06 18:38:02,069] Trial 50 finished with value: 2.7692189444107846 and parameters: {'sigma_noise': 0.4028624542281306, 'A_repulsion': 0.4754797741100375, 'gamma': 0.9991290168444045, 'sigma_update': 0.6960961220389922, 'eta_learning': 1.2768554300401416, 'sigma_boundary': 9.98503454695005, 'alpha': 0.1136534436669912}. Best is trial 70 with value: 0.012757490087805736.
[I 2026-03-06 18:38:19,649] Trial 53 finished with value: 2.7197657135044597 and parameters: {'sigma_noise': 0.3548473447291952, 'A_repulsion': 0.4600477585694051, 'gamma': 0.6496207872171204, 'sigma_update': 0.6922083958227501, 'eta_learning': 1.0454232179119107, 'sigma_boundary': 3.2426768622195663, 'alpha': 0.22667252668401605}. Best is trial 70 with value: 0.012757490087805736.
[I 2026-03-06 18:38:27,488] Trial 48 finished with value: 0.47807556678169405 and parameters: {'sigma_noise': 0.43868277663775557, 'A_repulsion': 0.46018197576324943, 'gamma': 0.013889360596892993, 'sigma_update': 0.5218805779743864, 'eta_learning': 1.6205633161261124, 'sigma_boundary': 3.5233564473566577, 'alpha': 0.8178401329957818}. Best is trial 70 with value: 0.012757490087805736.
[I 2026-03-06 18:38:28,641] Trial 57 finished with value: 2.2356735776487895 and parameters: {'sigma_noise': 0.36003432833790183, 'A_repulsion': 0.21720831187784237, 'gamma': 0.3525394343528053, 'sigma_update': 0.47254471031536727, 'eta_learning': 1.2111233251091729, 'sigma_boundary': 3.286299758351913, 'alpha': 0.24526678224984044}. Best is trial 70 with value: 0.012757490087805736.
[I 2026-03-06 18:38:43,566] Trial 52 finished with value: 2.505681288410666 and parameters: {'sigma_noise': 0.39473156213372984, 'A_repulsion': 0.4425596534890452, 'gamma': 0.6257233952970171, 'sigma_update': 0.6846886815219138, 'eta_learning': 1.0754006311717332, 'sigma_boundary': 3.4654088455002356, 'alpha': 0.3127610498630824}. Best is trial 70 with value: 0.012757490087805736.
[I 2026-03-06 18:38:48,268] Trial 58 finished with value: 1.310711252064274 and parameters: {'sigma_noise': 0.3996336175321067, 'A_repulsion': 0.20153867542561177, 'gamma': 0.35994255227079736, 'sigma_update': 0.4635870859606696, 'eta_learning': 1.2296698522846985, 'sigma_boundary': 3.1060565218636977, 'alpha': 0.3751007517978952}. Best is trial 70 with value: 0.012757490087805736.
[I 2026-03-06 18:39:16,915] Trial 59 finished with value: 1.134558518541663 and parameters: {'sigma_noise': 0.34030586341050684, 'A_repulsion': 0.21220161242102475, 'gamma': 0.3346781972812227, 'sigma_update': 0.6991229631701144, 'eta_learning': 0.9981508433565237, 'sigma_boundary': 0.09992100737737797, 'alpha': 0.27953535022517867}. Best is trial 70 with value: 0.012757490087805736.
[I 2026-03-06 18:39:38,861] Trial 60 finished with value: 0.10190000586722808 and parameters: {'sigma_noise': 0.3306988007150137, 'A_repulsion': 0.34113066717358564, 'gamma': 0.9921513964880616, 'sigma_update': 0.3454182227205216, 'eta_learning': 1.1046887194479327, 'sigma_boundary': 9.648077600889136, 'alpha': 0.9961919843821153}. Best is trial 70 with value: 0.012757490087805736.
[I 2026-03-06 18:40:16,281] Trial 66 finished with value: 0.11264940467012352 and parameters: {'sigma_noise': 0.20865006094107863, 'A_repulsion': 0.4857085781591103, 'gamma': 0.9970060636606494, 'sigma_update': 0.48506310881671, 'eta_learning': 1.0952450907866553, 'sigma_boundary': 9.720694546235837, 'alpha': 0.996049598107784}. Best is trial 70 with value: 0.012757490087805736.
[I 2026-03-06 18:41:39,126] Trial 61 finished with value: 1.2464815787006422 and parameters: {'sigma_noise': 0.3567514998906175, 'A_repulsion': 0.4935790138395728, 'gamma': 0.9971676029567582, 'sigma_update': 0.3217494378261586, 'eta_learning': 1.029420359541694, 'sigma_boundary': 9.321685975528679, 'alpha': 0.36375037827949186}. Best is trial 70 with value: 0.012757490087805736.
[I 2026-03-06 18:48:34,529] Trial 80 finished with value: 0.013389578629512826 and parameters: {'sigma_noise': 0.19846910954157976, 'A_repulsion': 0.07182687038157651, 'gamma': 0.9424604331909732, 'sigma_update': 0.48524436807044846, 'eta_learning': 1.695385137856785, 'sigma_boundary': 9.687219247997756, 'alpha': 0.9576362366744047}. Best is trial 70 with value: 0.012757490087805736.
[I 2026-03-06 18:55:10,481] Trial 81 finished with value: 0.01280279455685059 and parameters: {'sigma_noise': 0.20408577442630144, 'A_repulsion': 0.04274766216982696, 'gamma': 0.9379400508012434, 'sigma_update': 0.36813347419315634, 'eta_learning': 1.6889458494866405, 'sigma_boundary': 3.1100708502451564, 'alpha': 0.9539501811020795}. Best is trial 70 with value: 0.012757490087805736.
[I 2026-03-06 18:58:21,236] Trial 82 finished with value: 0.012775203500776473 and parameters: {'sigma_noise': 0.2005712450709302, 'A_repulsion': 0.05647818879670475, 'gamma': 0.9384853527562245, 'sigma_update': 0.3865708622911467, 'eta_learning': 1.6548828592066958, 'sigma_boundary': 9.888222952681836, 'alpha': 0.9455707125857109}. Best is trial 70 with value: 0.012757490087805736.
[I 2026-03-06 18:59:08,058] Trial 84 finished with value: 0.013988235031759548 and parameters: {'sigma_noise': 0.19943788052646352, 'A_repulsion': 0.05985275222140379, 'gamma': 0.9161853801913493, 'sigma_update': 0.3654734700663695, 'eta_learning': 1.258111210960581, 'sigma_boundary': 1.1058425724960954, 'alpha': 0.7847039451365996}. Best is trial 70 with value: 0.012757490087805736.
[I 2026-03-06 18:59:23,408] Trial 86 finished with value: 0.017473592381947074 and parameters: {'sigma_noise': 0.19993001287847795, 'A_repulsion': 0.04908247339585792, 'gamma': 0.9229583912454803, 'sigma_update': 0.3799454402607682, 'eta_learning': 1.3186341486748212, 'sigma_boundary': 1.3833879116981713, 'alpha': 0.7585060102913647}. Best is trial 70 with value: 0.012757490087805736.
[I 2026-03-06 18:59:52,354] Trial 104 finished with value: 0.030845223969304635 and parameters: {'sigma_noise': 0.15823223269113482, 'A_repulsion': 0.002351605546649052, 'gamma': 0.8823037205590023, 'sigma_update': 0.3680210855986942, 'eta_learning': 1.2729065897888607, 'sigma_boundary': 8.885533586170046, 'alpha': 0.767712728348367}. Best is trial 70 with value: 0.012757490087805736.
[I 2026-03-06 18:59:56,437] Trial 83 finished with value: 0.019520340217681374 and parameters: {'sigma_noise': 0.2063572271126112, 'A_repulsion': 0.05244976551564885, 'gamma': 0.940537429010879, 'sigma_update': 0.3707173634342202, 'eta_learning': 1.2263449320107522, 'sigma_boundary': 3.018489739325973, 'alpha': 0.7517977006158425}. Best is trial 70 with value: 0.012757490087805736.
[I 2026-03-06 19:00:10,206] Trial 85 finished with value: 0.01496163319622226 and parameters: {'sigma_noise': 0.2005876174984637, 'A_repulsion': 0.07102631728140543, 'gamma': 0.9456666998186548, 'sigma_update': 0.3791838139492047, 'eta_learning': 1.3377829987238319, 'sigma_boundary': 1.31498765844135, 'alpha': 0.7486331522143691}. Best is trial 70 with value: 0.012757490087805736.
[I 2026-03-06 19:00:39,741] Trial 99 finished with value: 0.01967393916721908 and parameters: {'sigma_noise': 0.15397544657407403, 'A_repulsion': 0.05920531217230156, 'gamma': 0.8789781405395596, 'sigma_update': 0.3717590929435495, 'eta_learning': 1.3588726797128203, 'sigma_boundary': 8.949867135921572, 'alpha': 0.8678231247433019}. Best is trial 70 with value: 0.012757490087805736.
[I 2026-03-06 19:01:22,859] Trial 113 finished with value: 0.025442631294999834 and parameters: {'sigma_noise': 0.15607189222589474, 'A_repulsion': 0.0006918218155634037, 'gamma': 0.8690033931731044, 'sigma_update': 0.5943816460146596, 'eta_learning': 1.372067048416338, 'sigma_boundary': 9.03597234528942, 'alpha': 0.8898478285152421}. Best is trial 70 with value: 0.012757490087805736.
[I 2026-03-06 19:01:36,296] Trial 91 finished with value: 0.011878889202526617 and parameters: {'sigma_noise': 0.20154744009901818, 'A_repulsion': 0.0472263850680007, 'gamma': 0.9809042816294384, 'sigma_update': 0.3779935545242326, 'eta_learning': 1.085695051090546, 'sigma_boundary': 9.70130932487168, 'alpha': 0.9465432678227661}. Best is trial 91 with value: 0.011878889202526617.
[I 2026-03-06 19:01:49,993] Trial 92 finished with value: 0.016167511293161047 and parameters: {'sigma_noise': 0.20143824221528103, 'A_repulsion': 0.05906256378367983, 'gamma': 0.8820254949708217, 'sigma_update': 0.4545665289712852, 'eta_learning': 1.1241394716372104, 'sigma_boundary': 9.181157075024146, 'alpha': 0.9510430979985899}. Best is trial 91 with value: 0.011878889202526617.
[I 2026-03-06 19:01:53,130] Trial 103 finished with value: 0.028406944205576167 and parameters: {'sigma_noise': 0.15657098440812123, 'A_repulsion': 0.044214298929408966, 'gamma': 0.8848554370557651, 'sigma_update': 0.6503857523288084, 'eta_learning': 1.3549563289406337, 'sigma_boundary': 8.850548077375716, 'alpha': 0.8671425874853628}. Best is trial 91 with value: 0.011878889202526617.
[I 2026-03-06 19:01:58,083] Trial 89 finished with value: 0.02105517171522698 and parameters: {'sigma_noise': 0.19822093331065865, 'A_repulsion': 0.05161314763634613, 'gamma': 0.9700772712815084, 'sigma_update': 0.3733363171467524, 'eta_learning': 1.1005727799353056, 'sigma_boundary': 9.521577172654014, 'alpha': 0.9429649155776326}. Best is trial 91 with value: 0.011878889202526617.
[I 2026-03-06 19:01:58,304] Trial 88 finished with value: 0.02232061905608248 and parameters: {'sigma_noise': 0.1980274009951505, 'A_repulsion': 0.055385094124488235, 'gamma': 0.8941797025759128, 'sigma_update': 0.3783020091699427, 'eta_learning': 1.1843813879687863, 'sigma_boundary': 3.1520435190065887, 'alpha': 0.7687694635037483}. Best is trial 91 with value: 0.011878889202526617.
[I 2026-03-06 19:01:58,665] Trial 87 finished with value: 0.01302188178272022 and parameters: {'sigma_noise': 0.2075870824817713, 'A_repulsion': 0.051071835442611874, 'gamma': 0.9757049221684059, 'sigma_update': 0.37108682589682673, 'eta_learning': 1.1895329378386157, 'sigma_boundary': 1.0079617094003854, 'alpha': 0.7483069544716964}. Best is trial 91 with value: 0.011878889202526617.
[I 2026-03-06 19:02:05,454] Trial 90 finished with value: 0.011773607640723901 and parameters: {'sigma_noise': 0.20266993528572777, 'A_repulsion': 0.05529554684546488, 'gamma': 0.9923730948262361, 'sigma_update': 0.372750535851677, 'eta_learning': 1.1529203896559062, 'sigma_boundary': 9.859734109390375, 'alpha': 0.9501752698584989}. Best is trial 90 with value: 0.011773607640723901.
[I 2026-03-06 19:02:23,483] Trial 93 finished with value: 0.012180744312177067 and parameters: {'sigma_noise': 0.19906566365959055, 'A_repulsion': 0.06229771350630538, 'gamma': 0.9933584935788126, 'sigma_update': 0.46283348240818534, 'eta_learning': 1.116070221679426, 'sigma_boundary': 9.262548060329543, 'alpha': 0.958645006002085}. Best is trial 90 with value: 0.011773607640723901.
[I 2026-03-06 19:02:26,979] Trial 110 finished with value: 0.02765057158805573 and parameters: {'sigma_noise': 0.15679663325989707, 'A_repulsion': 0.03548178430709503, 'gamma': 0.8608260891156905, 'sigma_update': 0.5861319581191926, 'eta_learning': 1.392083204578535, 'sigma_boundary': 8.807577155811082, 'alpha': 0.8710018127538386}. Best is trial 90 with value: 0.011773607640723901.
[I 2026-03-06 19:02:38,973] Trial 106 finished with value: 0.018112772231581878 and parameters: {'sigma_noise': 0.15998724924623314, 'A_repulsion': 0.03701818403508076, 'gamma': 0.8723990047841566, 'sigma_update': 0.3708020990850357, 'eta_learning': 1.2675847463952548, 'sigma_boundary': 8.808914294788698, 'alpha': 0.8756895084637808}. Best is trial 90 with value: 0.011773607640723901.
[I 2026-03-06 19:02:43,366] Trial 105 finished with value: 0.01747058718716441 and parameters: {'sigma_noise': 0.18474667997515926, 'A_repulsion': 0.035513639022995286, 'gamma': 0.8745324392246296, 'sigma_update': 0.37014066816328334, 'eta_learning': 1.3527601972865795, 'sigma_boundary': 8.90480510968926, 'alpha': 0.8644415649348551}. Best is trial 90 with value: 0.011773607640723901.
[I 2026-03-06 19:02:43,991] Trial 97 finished with value: 0.024066596801873327 and parameters: {'sigma_noise': 0.19470744683687569, 'A_repulsion': 0.057690178645596474, 'gamma': 0.87990617013687, 'sigma_update': 0.5823289553789155, 'eta_learning': 1.2595108332315288, 'sigma_boundary': 8.974127753832379, 'alpha': 0.8601940025067496}. Best is trial 90 with value: 0.011773607640723901.
[I 2026-03-06 19:02:48,913] Trial 102 finished with value: 0.01744875040830285 and parameters: {'sigma_noise': 0.18872091399309834, 'A_repulsion': 0.0510460302052614, 'gamma': 0.8666686170252259, 'sigma_update': 0.37113100642959185, 'eta_learning': 1.3484026263377356, 'sigma_boundary': 8.902145766900748, 'alpha': 0.8669758918659634}. Best is trial 90 with value: 0.011773607640723901.
[I 2026-03-06 19:02:53,207] Trial 109 finished with value: 0.02843906828332332 and parameters: {'sigma_noise': 0.15374320808695482, 'A_repulsion': 0.03521440400809028, 'gamma': 0.8665064216237085, 'sigma_update': 0.5925974025839604, 'eta_learning': 1.3558099478068308, 'sigma_boundary': 9.02821141855758, 'alpha': 0.8665216014472261}. Best is trial 90 with value: 0.011773607640723901.
[I 2026-03-06 19:02:54,256] Trial 96 finished with value: 0.05263896297622841 and parameters: {'sigma_noise': 0.204288238749905, 'A_repulsion': 0.0673614649826393, 'gamma': 0.87760122545231, 'sigma_update': 0.5828958988641832, 'eta_learning': 1.2445041855392651, 'sigma_boundary': 9.223628445961555, 'alpha': 0.7646965404048789}. Best is trial 90 with value: 0.011773607640723901.
[I 2026-03-06 19:02:58,355] Trial 98 finished with value: 0.07528130251610311 and parameters: {'sigma_noise': 0.18797865119771745, 'A_repulsion': 0.06200485912590381, 'gamma': 0.8752549035956773, 'sigma_update': 0.6611514725105335, 'eta_learning': 1.3591957565465809, 'sigma_boundary': 9.057479098394063, 'alpha': 0.7587445792828934}. Best is trial 90 with value: 0.011773607640723901.
[I 2026-03-06 19:03:06,017] Trial 94 finished with value: 0.014921664932814162 and parameters: {'sigma_noise': 0.20197118711172016, 'A_repulsion': 0.07365342133620104, 'gamma': 0.9905091254665123, 'sigma_update': 0.37332724662629896, 'eta_learning': 1.159684810670687, 'sigma_boundary': 9.196755804911993, 'alpha': 0.9708570586645295}. Best is trial 90 with value: 0.011773607640723901.
[I 2026-03-06 19:03:08,761] Trial 100 finished with value: 0.0186462147503827 and parameters: {'sigma_noise': 0.19410776358080642, 'A_repulsion': 0.058977938721689015, 'gamma': 0.8677060569056863, 'sigma_update': 0.370832767269539, 'eta_learning': 1.3495262032474582, 'sigma_boundary': 8.927200980735003, 'alpha': 0.8698101256381152}. Best is trial 90 with value: 0.011773607640723901.
[I 2026-03-06 19:03:13,977] Trial 111 finished with value: 0.01895233759821882 and parameters: {'sigma_noise': 0.155933027675643, 'A_repulsion': 0.041248398448400926, 'gamma': 0.8675788228272612, 'sigma_update': 0.3813056883923816, 'eta_learning': 1.579024364402913, 'sigma_boundary': 9.019839650607574, 'alpha': 0.8732878898147745}. Best is trial 90 with value: 0.011773607640723901.
[I 2026-03-06 19:03:20,261] Trial 95 finished with value: 0.05807747688035318 and parameters: {'sigma_noise': 0.19755677952389522, 'A_repulsion': 0.06661682879567407, 'gamma': 0.8832475392946305, 'sigma_update': 0.5879851279903325, 'eta_learning': 1.154482117926372, 'sigma_boundary': 9.225698868790538, 'alpha': 0.7529297472624858}. Best is trial 90 with value: 0.011773607640723901.
[I 2026-03-06 19:03:27,063] Trial 107 finished with value: 0.02614391755069713 and parameters: {'sigma_noise': 0.15982657224910246, 'A_repulsion': 0.039775589870292255, 'gamma': 0.873595085531263, 'sigma_update': 0.5788568501442661, 'eta_learning': 1.3450238017927405, 'sigma_boundary': 8.955420350509764, 'alpha': 0.867433761809056}. Best is trial 90 with value: 0.011773607640723901.
[I 2026-03-06 19:03:34,568] Trial 108 finished with value: 0.017893138146856363 and parameters: {'sigma_noise': 0.1825704042529202, 'A_repulsion': 0.003136607695963557, 'gamma': 0.8651618193772616, 'sigma_update': 0.3785686105636416, 'eta_learning': 1.295797812055663, 'sigma_boundary': 8.973963032106154, 'alpha': 0.8847499850124215}. Best is trial 90 with value: 0.011773607640723901.
