[I 2026-03-06 21:06:27,274] Trial 80 finished with value: 0.0334314065884654 and parameters: {'sigma_noise': 0.19653695407614868, 'A_repulsion': 0.018922685979112813, 'gamma': 0.7726464323218524, 'sigma_update': 0.2691795211925451, 'eta_learning': 0.10683645797060365, 'sigma_boundary': 8.15225847699423, 'alpha': 0.6992088779466629}. Best is trial 81 with value: 0.031957906057509596.
[I 2026-03-06 21:09:44,448] Trial 82 finished with value: 0.03248504539724226 and parameters: {'sigma_noise': 0.19315391066938048, 'A_repulsion': 0.001938781007409367, 'gamma': 0.7804973982192688, 'sigma_update': 0.26849642007201974, 'eta_learning': 0.06532595737902679, 'sigma_boundary': 8.39235915451272, 'alpha': 0.7058770418868331}. Best is trial 81 with value: 0.031957906057509596.
[I 2026-03-06 21:13:37,166] Trial 85 finished with value: 0.05836841431287852 and parameters: {'sigma_noise': 0.1378201908182688, 'A_repulsion': 0.013371988401667857, 'gamma': 0.7559330356097543, 'sigma_update': 0.158177824786019, 'eta_learning': 0.08367276829088788, 'sigma_boundary': 8.291256806764816, 'alpha': 0.9815507810865907}. Best is trial 81 with value: 0.031957906057509596.
[I 2026-03-06 21:13:52,503] Trial 93 finished with value: 0.0803952265246774 and parameters: {'sigma_noise': 0.09646477035558843, 'A_repulsion': 0.048300773767060504, 'gamma': 0.6255760405741163, 'sigma_update': 0.1629777741661903, 'eta_learning': 0.22612409654407026, 'sigma_boundary': 9.97648861029537, 'alpha': 0.9687670718083459}. Best is trial 81 with value: 0.031957906057509596.
[I 2026-03-06 21:14:05,098] Trial 88 finished with value: 0.05406772561496242 and parameters: {'sigma_noise': 0.14484787389876222, 'A_repulsion': 0.011064015885519687, 'gamma': 0.776742378195552, 'sigma_update': 0.14114520377789536, 'eta_learning': 0.23210002456620993, 'sigma_boundary': 8.475203641910657, 'alpha': 0.9978563373111377}. Best is trial 81 with value: 0.031957906057509596.
[I 2026-03-06 21:14:16,012] Trial 86 finished with value: 0.041978765408498354 and parameters: {'sigma_noise': 0.15208133222616488, 'A_repulsion': 0.0011739754207454288, 'gamma': 0.7715104470258816, 'sigma_update': 0.22322463533500908, 'eta_learning': 0.04448513748387839, 'sigma_boundary': 8.32640240393432, 'alpha': 0.7268134893478477}. Best is trial 81 with value: 0.031957906057509596.
[I 2026-03-06 21:14:23,072] Trial 92 finished with value: 0.07872737949079865 and parameters: {'sigma_noise': 0.10069650232232491, 'A_repulsion': 0.04447818174469279, 'gamma': 0.6249143542966954, 'sigma_update': 0.15874584726325575, 'eta_learning': 0.22175850997445432, 'sigma_boundary': 9.94235268433971, 'alpha': 0.9984662223037217}. Best is trial 81 with value: 0.031957906057509596.
[I 2026-03-06 21:14:40,710] Trial 90 finished with value: 0.06572126412362163 and parameters: {'sigma_noise': 0.13869355064924027, 'A_repulsion': 0.00985943512587977, 'gamma': 0.6309740640609539, 'sigma_update': 0.14566604415986267, 'eta_learning': 0.22798576856225677, 'sigma_boundary': 8.438662910206322, 'alpha': 0.9625332725688939}. Best is trial 81 with value: 0.031957906057509596.
[I 2026-03-06 21:14:53,727] Trial 94 finished with value: 0.066406342318622 and parameters: {'sigma_noise': 0.10692120647126856, 'A_repulsion': 0.04921818996914825, 'gamma': 0.625183030913165, 'sigma_update': 0.16525541888472695, 'eta_learning': 0.18353220719449376, 'sigma_boundary': 9.961951182338773, 'alpha': 0.6596445008847149}. Best is trial 81 with value: 0.031957906057509596.
[I 2026-03-06 21:15:02,100] Trial 87 finished with value: 0.05294788577696155 and parameters: {'sigma_noise': 0.14416442640940524, 'A_repulsion': 0.0037330073520530412, 'gamma': 0.7810679546375492, 'sigma_update': 0.15570543968692055, 'eta_learning': 0.19824045805622179, 'sigma_boundary': 8.264202206906628, 'alpha': 0.9897738412237262}. Best is trial 81 with value: 0.031957906057509596.
[I 2026-03-06 21:15:02,498] Trial 89 finished with value: 0.06187071363644601 and parameters: {'sigma_noise': 0.18822383493728012, 'A_repulsion': 0.001170674737788353, 'gamma': 0.62589492778021, 'sigma_update': 0.1507577965589743, 'eta_learning': 0.22810113728603323, 'sigma_boundary': 9.888927184518028, 'alpha': 0.9964195310078487}. Best is trial 81 with value: 0.031957906057509596.
[I 2026-03-06 21:15:22,535] Trial 96 finished with value: 0.06722567907844758 and parameters: {'sigma_noise': 0.09945320155101184, 'A_repulsion': 0.0475158251748011, 'gamma': 0.6452561037306923, 'sigma_update': 0.14195241188475977, 'eta_learning': 0.21146063175021096, 'sigma_boundary': 8.620312717987709, 'alpha': 0.6631775638774083}. Best is trial 81 with value: 0.031957906057509596.
[I 2026-03-06 21:15:51,212] Trial 95 finished with value: 0.06786491831312128 and parameters: {'sigma_noise': 0.10313163535977377, 'A_repulsion': 0.04846438957113782, 'gamma': 0.7881684442666387, 'sigma_update': 0.1435007182391222, 'eta_learning': 0.22512679260980187, 'sigma_boundary': 9.887265645215852, 'alpha': 0.675830012092483}. Best is trial 81 with value: 0.031957906057509596.
[I 2026-03-06 21:16:10,321] Trial 97 finished with value: 0.06495288533018476 and parameters: {'sigma_noise': 0.10692188501815027, 'A_repulsion': 0.04819452462551154, 'gamma': 0.6261921026576514, 'sigma_update': 0.1567431192567837, 'eta_learning': 0.23462374402884933, 'sigma_boundary': 9.926199348142378, 'alpha': 0.6623735351196409}. Best is trial 81 with value: 0.031957906057509596.
[I 2026-03-06 21:16:34,854] Trial 99 finished with value: 0.06518127273710686 and parameters: {'sigma_noise': 0.10210072219981889, 'A_repulsion': 0.048857120327718474, 'gamma': 0.6399067053615106, 'sigma_update': 0.21274157408294536, 'eta_learning': 0.22703940343553367, 'sigma_boundary': 9.997373122067659, 'alpha': 0.7427340557124917}. Best is trial 81 with value: 0.031957906057509596.
[I 2026-03-06 21:16:35,130] Trial 98 finished with value: 0.061269801142594 and parameters: {'sigma_noise': 0.10062532251441919, 'A_repulsion': 0.042510650278035786, 'gamma': 0.6323672005607963, 'sigma_update': 0.21554204859429987, 'eta_learning': 0.25425029947606426, 'sigma_boundary': 9.93217949141147, 'alpha': 0.6673491625140872}. Best is trial 81 with value: 0.031957906057509596.
[I 2026-03-06 21:17:25,890] Trial 101 finished with value: 0.07668321893923252 and parameters: {'sigma_noise': 0.10146172279298998, 'A_repulsion': 0.053536883501556214, 'gamma': 0.6416419083365112, 'sigma_update': 0.16934516905824085, 'eta_learning': 0.1995430227194571, 'sigma_boundary': 8.672729531044066, 'alpha': 0.9975355594316723}. Best is trial 81 with value: 0.031957906057509596.
[I 2026-03-06 21:17:27,171] Trial 106 finished with value: 0.07684185461548765 and parameters: {'sigma_noise': 0.10099455093092524, 'A_repulsion': 0.05562847639847896, 'gamma': 0.8749356549800384, 'sigma_update': 0.16040994400688666, 'eta_learning': 0.1876239816530092, 'sigma_boundary': 8.548374569833273, 'alpha': 0.985334394574792}. Best is trial 81 with value: 0.031957906057509596.
[I 2026-03-06 21:17:34,060] Trial 91 finished with value: 0.057634434900529684 and parameters: {'sigma_noise': 0.19026449903654724, 'A_repulsion': 0.042348021081210066, 'gamma': 0.6502732528693201, 'sigma_update': 0.18118868328173143, 'eta_learning': 0.25964392684154314, 'sigma_boundary': 9.802036210215944, 'alpha': 0.9671875614204313}. Best is trial 81 with value: 0.031957906057509596.
[I 2026-03-06 21:18:25,122] Trial 105 finished with value: 0.06188739625762722 and parameters: {'sigma_noise': 0.10493954434688026, 'A_repulsion': 0.055191121890770564, 'gamma': 0.8799698266049248, 'sigma_update': 0.28486355456121004, 'eta_learning': 0.2344887207324371, 'sigma_boundary': 9.747644683087787, 'alpha': 0.9685539233760023}. Best is trial 81 with value: 0.031957906057509596.
[I 2026-03-06 21:18:38,436] Trial 107 finished with value: 0.06749781494606773 and parameters: {'sigma_noise': 0.10071652238443367, 'A_repulsion': 0.05948368772108704, 'gamma': 0.8915477213818687, 'sigma_update': 0.28332204574776637, 'eta_learning': 0.2411468746388617, 'sigma_boundary': 9.751281783314809, 'alpha': 0.9958483361841017}. Best is trial 81 with value: 0.031957906057509596.
[I 2026-03-06 21:18:56,926] Trial 83 finished with value: 0.05248344453455787 and parameters: {'sigma_noise': 0.29308982346074985, 'A_repulsion': 0.021116786464804027, 'gamma': 0.7857103873663853, 'sigma_update': 0.5623335137498114, 'eta_learning': 0.012146980187046158, 'sigma_boundary': 8.27278757097723, 'alpha': 0.9862250040895927}. Best is trial 81 with value: 0.031957906057509596.
[I 2026-03-06 21:19:05,276] Trial 102 finished with value: 0.06311942414911256 and parameters: {'sigma_noise': 0.10517231345763442, 'A_repulsion': 0.057119049396833585, 'gamma': 0.8919769399800328, 'sigma_update': 0.2825183317454424, 'eta_learning': 0.2140342973792512, 'sigma_boundary': 9.970668062307217, 'alpha': 0.9889055303812123}. Best is trial 81 with value: 0.031957906057509596.
[I 2026-03-06 21:19:07,785] Trial 100 finished with value: 0.06208005464405346 and parameters: {'sigma_noise': 0.161777187314543, 'A_repulsion': 0.056369447607775174, 'gamma': 0.6231365167056422, 'sigma_update': 0.2013560419229506, 'eta_learning': 0.2732121641549545, 'sigma_boundary': 8.609788562158222, 'alpha': 0.9822688486993109}. Best is trial 81 with value: 0.031957906057509596.
[I 2026-03-06 21:19:37,045] Trial 103 finished with value: 0.06306892439982233 and parameters: {'sigma_noise': 0.10522607878052626, 'A_repulsion': 0.05869799305679496, 'gamma': 0.8821274321769748, 'sigma_update': 0.2793305131704071, 'eta_learning': 0.22916529981328218, 'sigma_boundary': 8.666069477632185, 'alpha': 0.983563301998531}. Best is trial 81 with value: 0.031957906057509596.
[I 2026-03-06 21:19:46,871] Trial 84 finished with value: 0.059431285844688805 and parameters: {'sigma_noise': 0.28983169394486696, 'A_repulsion': 0.033514858582346305, 'gamma': 0.7587781708255987, 'sigma_update': 0.5722382767276378, 'eta_learning': 0.05974090209301863, 'sigma_boundary': 8.123624909540984, 'alpha': 0.7018062212005285}. Best is trial 81 with value: 0.031957906057509596.
[I 2026-03-06 21:20:07,682] Trial 108 finished with value: 0.0699899230890538 and parameters: {'sigma_noise': 0.10294792916270884, 'A_repulsion': 0.05612509771367942, 'gamma': 0.8804762668876663, 'sigma_update': 0.15815072285924653, 'eta_learning': 0.2833840498551288, 'sigma_boundary': 8.689616634644555, 'alpha': 0.7459876137580981}. Best is trial 81 with value: 0.031957906057509596.
[I 2026-03-06 21:20:51,692] Trial 104 finished with value: 0.06801441294153075 and parameters: {'sigma_noise': 0.16195770397011894, 'A_repulsion': 0.05779783319013555, 'gamma': 0.6278893126595108, 'sigma_update': 0.16759417899536805, 'eta_learning': 0.20762928842235037, 'sigma_boundary': 9.814580296712563, 'alpha': 0.9887465255688017}. Best is trial 81 with value: 0.031957906057509596.
[I 2026-03-06 21:20:59,032] Trial 109 finished with value: 0.07135952912556726 and parameters: {'sigma_noise': 0.10852185892926115, 'A_repulsion': 0.05677460571834182, 'gamma': 0.8843322877103911, 'sigma_update': 0.14533643778360178, 'eta_learning': 0.23512643555127719, 'sigma_boundary': 9.85501543065103, 'alpha': 0.9516083657213729}. Best is trial 81 with value: 0.031957906057509596.
[I 2026-03-06 21:24:09,965] Trial 110 finished with value: 0.0365880400304418 and parameters: {'sigma_noise': 0.17819705520320628, 'A_repulsion': 0.05657330421440898, 'gamma': 0.8702600138692893, 'sigma_update': 0.28291597695185106, 'eta_learning': 0.20592470288529097, 'sigma_boundary': 9.87986941930461, 'alpha': 0.9540855201602535}. Best is trial 81 with value: 0.031957906057509596.
[I 2026-03-06 21:24:39,054] Trial 111 finished with value: 0.053058078476538525 and parameters: {'sigma_noise': 0.18921253612867608, 'A_repulsion': 0.051743626148006344, 'gamma': 0.6307426391946773, 'sigma_update': 0.28016172162278996, 'eta_learning': 0.25185391413333874, 'sigma_boundary': 9.853521797386096, 'alpha': 0.9533452866173602}. Best is trial 81 with value: 0.031957906057509596.
[I 2026-03-06 21:25:03,418] Trial 114 finished with value: 0.045842006952960715 and parameters: {'sigma_noise': 0.186156251143426, 'A_repulsion': 0.060961591348403316, 'gamma': 0.6728772682911771, 'sigma_update': 0.27981593537433413, 'eta_learning': 0.19376888327466735, 'sigma_boundary': 9.7444470810537, 'alpha': 0.6651940234052482}. Best is trial 81 with value: 0.031957906057509596.
[I 2026-03-06 21:25:21,782] Trial 112 finished with value: 0.028715579551282587 and parameters: {'sigma_noise': 0.18152339860033806, 'A_repulsion': 0.056675332096441336, 'gamma': 0.8786278891780175, 'sigma_update': 0.27750669602729083, 'eta_learning': 0.23401498265183768, 'sigma_boundary': 8.623279465574411, 'alpha': 0.6761659800999795}. Best is trial 112 with value: 0.028715579551282587.
[I 2026-03-06 21:25:22,820] Trial 115 finished with value: 0.027406813817479943 and parameters: {'sigma_noise': 0.1856958831314477, 'A_repulsion': 0.05441710393869475, 'gamma': 0.8772259063986101, 'sigma_update': 0.3034898327295323, 'eta_learning': 0.21392716793932862, 'sigma_boundary': 9.857274451834176, 'alpha': 0.6795037964706379}. Best is trial 115 with value: 0.027406813817479943.
[I 2026-03-06 21:25:24,580] Trial 113 finished with value: 0.03859676093199739 and parameters: {'sigma_noise': 0.181253781501679, 'A_repulsion': 0.06022154446984238, 'gamma': 0.8786960696894421, 'sigma_update': 0.15775802235004596, 'eta_learning': 0.2293349319664685, 'sigma_boundary': 8.631893712232927, 'alpha': 0.6719027319533203}. Best is trial 115 with value: 0.027406813817479943.
[I 2026-03-06 21:25:46,001] Trial 116 finished with value: 0.028914684718186624 and parameters: {'sigma_noise': 0.1875771251771955, 'A_repulsion': 0.058816961239846324, 'gamma': 0.871079099227702, 'sigma_update': 0.28354090383578456, 'eta_learning': 0.22064339943881603, 'sigma_boundary': 9.908114927233044, 'alpha': 0.7190349828242789}. Best is trial 115 with value: 0.027406813817479943.
[I 2026-03-06 21:25:53,166] Trial 117 finished with value: 0.04797367159744198 and parameters: {'sigma_noise': 0.17786108434115072, 'A_repulsion': 0.05623363385622421, 'gamma': 0.6752026294441621, 'sigma_update': 0.28291343807038594, 'eta_learning': 0.23591277890447232, 'sigma_boundary': 8.663692633903098, 'alpha': 0.6724219237149696}. Best is trial 115 with value: 0.027406813817479943.
[I 2026-03-06 21:26:57,616] Trial 119 finished with value: 0.027714102908928832 and parameters: {'sigma_noise': 0.19424457796860728, 'A_repulsion': 0.05765466348107631, 'gamma': 0.8852059466000731, 'sigma_update': 0.2800182898543899, 'eta_learning': 0.2246674349115486, 'sigma_boundary': 9.926669914052656, 'alpha': 0.659012777323303}. Best is trial 115 with value: 0.027406813817479943.
[I 2026-03-06 21:27:13,963] Trial 118 finished with value: 0.047976327916395084 and parameters: {'sigma_noise': 0.19198030781442893, 'A_repulsion': 0.05789359734358027, 'gamma': 0.6726487968418516, 'sigma_update': 0.28475674147708163, 'eta_learning': 0.24237396723136215, 'sigma_boundary': 8.631801581129968, 'alpha': 0.6655802788466187}. Best is trial 115 with value: 0.027406813817479943.
[I 2026-03-06 21:33:27,978] Trial 120 finished with value: 0.028758171716276835 and parameters: {'sigma_noise': 0.18923331249404454, 'A_repulsion': 0.057435224406040604, 'gamma': 0.8804444126595441, 'sigma_update': 0.28569695225388725, 'eta_learning': 0.23574599857050216, 'sigma_boundary': 8.71164537026305, 'alpha': 0.6771704493603613}. Best is trial 115 with value: 0.027406813817479943.
[I 2026-03-06 21:33:34,070] Trial 121 finished with value: 0.030213354775055105 and parameters: {'sigma_noise': 0.16563437224114946, 'A_repulsion': 0.05699308749036541, 'gamma': 0.8839806360965253, 'sigma_update': 0.27933869966628494, 'eta_learning': 0.24340182853178585, 'sigma_boundary': 8.654190225225337, 'alpha': 0.6541593837336311}. Best is trial 115 with value: 0.027406813817479943.
[I 2026-03-06 21:36:15,319] Trial 122 finished with value: 0.033162746836255794 and parameters: {'sigma_noise': 0.15737523563945108, 'A_repulsion': 0.05825983249343963, 'gamma': 0.8844762209519625, 'sigma_update': 0.28668426931228713, 'eta_learning': 0.21438177635682348, 'sigma_boundary': 8.641332626962775, 'alpha': 0.6589597129329039}. Best is trial 115 with value: 0.027406813817479943.
[I 2026-03-06 21:39:13,368] Trial 124 finished with value: 0.032867600471933184 and parameters: {'sigma_noise': 0.1609214815127978, 'A_repulsion': 0.0629163607492286, 'gamma': 0.8760285381235875, 'sigma_update': 0.2880086268124545, 'eta_learning': 0.297181439075181, 'sigma_boundary': 8.691757271612389, 'alpha': 0.6909058189248226}. Best is trial 115 with value: 0.027406813817479943.
[I 2026-03-06 21:39:29,253] Trial 123 finished with value: 0.03302528575776433 and parameters: {'sigma_noise': 0.16209714672094355, 'A_repulsion': 0.05618321708581524, 'gamma': 0.8768032908978853, 'sigma_update': 0.28747083839342685, 'eta_learning': 0.21650810275316754, 'sigma_boundary': 8.686150618069282, 'alpha': 0.6862563264443108}. Best is trial 115 with value: 0.027406813817479943.
[I 2026-03-06 21:40:21,648] Trial 125 finished with value: 0.02700982778340333 and parameters: {'sigma_noise': 0.1877637387466873, 'A_repulsion': 0.05382473503277642, 'gamma': 0.8755880555069961, 'sigma_update': 0.2818661895970232, 'eta_learning': 0.3135480937101853, 'sigma_boundary': 8.727367236506845, 'alpha': 0.6639346765406255}. Best is trial 125 with value: 0.02700982778340333.
[I 2026-03-06 21:40:34,931] Trial 131 finished with value: 0.031862942727831634 and parameters: {'sigma_noise': 0.1618517040661909, 'A_repulsion': 0.065938705664058, 'gamma': 0.8606747524762381, 'sigma_update': 0.28094654052189233, 'eta_learning': 0.32760351123222187, 'sigma_boundary': 8.689834984597773, 'alpha': 0.6394056639762632}. Best is trial 125 with value: 0.02700982778340333.
[I 2026-03-06 21:40:54,377] Trial 132 finished with value: 0.03259563243220997 and parameters: {'sigma_noise': 0.16334800658504864, 'A_repulsion': 0.055335305442406196, 'gamma': 0.8806663988152333, 'sigma_update': 0.27892655576612346, 'eta_learning': 0.318177751250945, 'sigma_boundary': 8.755615745651825, 'alpha': 0.7341599457440249}. Best is trial 125 with value: 0.02700982778340333.
[I 2026-03-06 21:41:23,796] Trial 126 finished with value: 0.025854688583207414 and parameters: {'sigma_noise': 0.19366404483354716, 'A_repulsion': 0.059673073247828105, 'gamma': 0.8827858591314355, 'sigma_update': 0.34390342090874915, 'eta_learning': 0.32044690243502555, 'sigma_boundary': 8.712818760971953, 'alpha': 0.6636903343640848}. Best is trial 126 with value: 0.025854688583207414.
[I 2026-03-06 21:41:57,115] Trial 128 finished with value: 0.02716678356766987 and parameters: {'sigma_noise': 0.19342552202263064, 'A_repulsion': 0.060620793826034046, 'gamma': 0.8910619200875871, 'sigma_update': 0.28465236728292975, 'eta_learning': 0.35366273425235994, 'sigma_boundary': 8.631783023566566, 'alpha': 0.6653298067717296}. Best is trial 126 with value: 0.025854688583207414.
[I 2026-03-06 21:41:58,690] Trial 133 finished with value: 0.03390103181382251 and parameters: {'sigma_noise': 0.16429431383996812, 'A_repulsion': 0.0692550350354128, 'gamma': 0.8788567796647022, 'sigma_update': 0.2776580935056935, 'eta_learning': 0.31461552731230213, 'sigma_boundary': 8.756036975931778, 'alpha': 0.7357344353287137}. Best is trial 126 with value: 0.025854688583207414.
[I 2026-03-06 21:41:59,232] Trial 135 finished with value: 0.03552256560458305 and parameters: {'sigma_noise': 0.15730906793831356, 'A_repulsion': 0.07451311611006428, 'gamma': 0.8878474927880384, 'sigma_update': 0.2816565476942267, 'eta_learning': 0.32125882414392726, 'sigma_boundary': 8.704200431408779, 'alpha': 0.7166479275964321}. Best is trial 126 with value: 0.025854688583207414.
[I 2026-03-06 21:42:00,856] Trial 127 finished with value: 0.027687425185607586 and parameters: {'sigma_noise': 0.1898167266694475, 'A_repulsion': 0.05499877988255644, 'gamma': 0.8879394513697187, 'sigma_update': 0.283656170711233, 'eta_learning': 0.3285722674448451, 'sigma_boundary': 8.716214267536188, 'alpha': 0.660826672260917}. Best is trial 126 with value: 0.025854688583207414.
[I 2026-03-06 21:42:07,940] Trial 129 finished with value: 0.029408675806103932 and parameters: {'sigma_noise': 0.190709068026126, 'A_repulsion': 0.060362732746175915, 'gamma': 0.8788767485644977, 'sigma_update': 0.2875058091656549, 'eta_learning': 0.3287620509521408, 'sigma_boundary': 8.719671764344858, 'alpha': 0.7381990395819732}. Best is trial 126 with value: 0.025854688583207414.
[I 2026-03-06 21:42:08,584] Trial 134 finished with value: 0.05149425251864874 and parameters: {'sigma_noise': 0.16627544927668622, 'A_repulsion': 0.07615227943087194, 'gamma': 0.6928559240265246, 'sigma_update': 0.29411412457694264, 'eta_learning': 0.3469110040908605, 'sigma_boundary': 8.817466462393366, 'alpha': 0.7188893559152694}. Best is trial 126 with value: 0.025854688583207414.
[I 2026-03-06 21:42:17,947] Trial 136 finished with value: 0.032741403571119494 and parameters: {'sigma_noise': 0.16786866237907824, 'A_repulsion': 0.07253747543635156, 'gamma': 0.8646495715869879, 'sigma_update': 0.2836745052517544, 'eta_learning': 0.3099411458909663, 'sigma_boundary': 8.826141274239772, 'alpha': 0.7111059294059329}. Best is trial 126 with value: 0.025854688583207414.
[I 2026-03-06 21:42:22,187] Trial 138 finished with value: 0.049104919619639725 and parameters: {'sigma_noise': 0.1568774020099147, 'A_repulsion': 0.06419648282153302, 'gamma': 0.6774191069947887, 'sigma_update': 0.2803398033749242, 'eta_learning': 0.33356055700097037, 'sigma_boundary': 8.832491320267904, 'alpha': 0.703397321030776}. Best is trial 126 with value: 0.025854688583207414.
