/nfs/nhome/live/apourdehghan/Hybrid_hpc_utils.py:56: DtypeWarning: Columns (16) have mixed types. Specify dtype option on import or set low_memory=False.
  data = pd.read_csv(data_path)
[I 2026-03-06 00:16:08,541] A new study created in memory with name: no-name-cfac0745-cf8b-4ce3-a7a7-2698ae8bb1af
[I 2026-03-06 00:18:33,761] Trial 8 finished with value: 0.2200397558372204 and parameters: {'sigma_noise': 0.07034251153197815, 'A_repulsion': 0.05725952828625275, 'gamma': 0.637832843317835, 'sigma_update': 0.17609580998260324, 'eta_learning': 1.231097174467117, 'sigma_boundary': 3.3010075565975883, 'alpha': 0.8886311591647208}. Best is trial 8 with value: 0.2200397558372204.
[I 2026-03-06 00:19:10,382] Trial 14 finished with value: 0.18406162897073314 and parameters: {'sigma_noise': 0.1264869796833985, 'A_repulsion': 0.20324824035074174, 'gamma': 0.8752709180263492, 'sigma_update': 0.4571432102833127, 'eta_learning': 0.3814994124112276, 'sigma_boundary': 1.7602831874006584, 'alpha': 0.481035229358992}. Best is trial 14 with value: 0.18406162897073314.
[I 2026-03-06 00:19:36,121] Trial 0 finished with value: 1.987938087598589 and parameters: {'sigma_noise': 0.072119169641757, 'A_repulsion': 0.49653360947902203, 'gamma': 0.9425492508570482, 'sigma_update': 0.3552513035007974, 'eta_learning': 2.0733402371684444, 'sigma_boundary': 2.4234201988737696, 'alpha': 0.022824097013758093}. Best is trial 14 with value: 0.18406162897073314.
[I 2026-03-06 00:19:37,126] Trial 11 finished with value: 0.5832259429945159 and parameters: {'sigma_noise': 0.10095027181483839, 'A_repulsion': 0.4442365172939553, 'gamma': 0.02739480203599367, 'sigma_update': 0.5988688175109554, 'eta_learning': 2.8144774504070837, 'sigma_boundary': 5.054346733213525, 'alpha': 0.4172099844610414}. Best is trial 14 with value: 0.18406162897073314.
[I 2026-03-06 00:19:46,051] Trial 10 finished with value: 0.30765698895330557 and parameters: {'sigma_noise': 0.16917633410995558, 'A_repulsion': 0.27793916973587013, 'gamma': 0.24894859666554178, 'sigma_update': 0.5465706163166864, 'eta_learning': 2.8785663281812854, 'sigma_boundary': 2.2948319132260817, 'alpha': 0.6784225665410663}. Best is trial 14 with value: 0.18406162897073314.
[I 2026-03-06 00:19:54,533] Trial 2 finished with value: 0.2685764979591728 and parameters: {'sigma_noise': 0.16658212179372295, 'A_repulsion': 0.3228820601437136, 'gamma': 0.7948010470192888, 'sigma_update': 0.148369231552532, 'eta_learning': 0.5941790533683156, 'sigma_boundary': 3.520964234897959, 'alpha': 0.3295159047116786}. Best is trial 14 with value: 0.18406162897073314.
[I 2026-03-06 00:19:59,665] Trial 19 finished with value: 0.4199740608705552 and parameters: {'sigma_noise': 0.3190295382005007, 'A_repulsion': 0.06689851439106143, 'gamma': 0.8642771453733019, 'sigma_update': 0.5387505860633613, 'eta_learning': 0.8723378848541288, 'sigma_boundary': 5.18982581331762, 'alpha': 0.41373315351924933}. Best is trial 14 with value: 0.18406162897073314.
[I 2026-03-06 00:20:06,630] Trial 1 finished with value: 2.3189076555200323 and parameters: {'sigma_noise': 0.14031679380148487, 'A_repulsion': 0.45027900568652107, 'gamma': 0.6517707278563621, 'sigma_update': 0.443340239684091, 'eta_learning': 1.070757086902051, 'sigma_boundary': 8.14966326949303, 'alpha': 0.007031919218971616}. Best is trial 14 with value: 0.18406162897073314.
[I 2026-03-06 00:20:13,462] Trial 13 finished with value: 1.96341683308077 and parameters: {'sigma_noise': 0.21802520371808382, 'A_repulsion': 0.2455906463577508, 'gamma': 0.471040571062466, 'sigma_update': 0.016035375265155805, 'eta_learning': 1.4214802797170978, 'sigma_boundary': 9.194693128262315, 'alpha': 0.16967305557229684}. Best is trial 14 with value: 0.18406162897073314.
[I 2026-03-06 00:20:16,426] Trial 15 finished with value: 0.18637468460091272 and parameters: {'sigma_noise': 0.25107184865839055, 'A_repulsion': 0.21770003188476622, 'gamma': 0.33083496058935963, 'sigma_update': 0.5016231796809779, 'eta_learning': 2.482543729390446, 'sigma_boundary': 1.0516622160397235, 'alpha': 0.9416838793071447}. Best is trial 14 with value: 0.18406162897073314.
[I 2026-03-06 00:20:27,906] Trial 5 finished with value: 0.722842650199218 and parameters: {'sigma_noise': 0.19465987706391247, 'A_repulsion': 0.3647849107930052, 'gamma': 0.6735038621564455, 'sigma_update': 0.6269190476449705, 'eta_learning': 0.7945109083789124, 'sigma_boundary': 3.3084917222398706, 'alpha': 0.3606894923400007}. Best is trial 14 with value: 0.18406162897073314.
[I 2026-03-06 00:20:34,246] Trial 16 finished with value: 0.5463475976504103 and parameters: {'sigma_noise': 0.37033664084445167, 'A_repulsion': 0.14775649378473577, 'gamma': 0.5470808496229087, 'sigma_update': 0.452164610701087, 'eta_learning': 2.2950454951718773, 'sigma_boundary': 5.92811572439384, 'alpha': 0.45296366577858516}. Best is trial 14 with value: 0.18406162897073314.
[I 2026-03-06 00:20:43,117] Trial 7 finished with value: 0.25450749069228595 and parameters: {'sigma_noise': 0.2092545727717684, 'A_repulsion': 0.48160612713345846, 'gamma': 0.36977906646907577, 'sigma_update': 0.2825064333628479, 'eta_learning': 2.475765328711662, 'sigma_boundary': 5.624933001206754, 'alpha': 0.8325921890231002}. Best is trial 14 with value: 0.18406162897073314.
[I 2026-03-06 00:20:50,368] Trial 3 finished with value: 0.1504783985075519 and parameters: {'sigma_noise': 0.3152721814520746, 'A_repulsion': 0.33569876961457507, 'gamma': 0.6899723468619485, 'sigma_update': 0.3421949871124883, 'eta_learning': 1.287248455930389, 'sigma_boundary': 5.680850526003742, 'alpha': 0.6212570034164037}. Best is trial 3 with value: 0.1504783985075519.
[I 2026-03-06 00:20:56,623] Trial 6 finished with value: 0.9568408293152515 and parameters: {'sigma_noise': 0.426837736843847, 'A_repulsion': 0.15398979030466592, 'gamma': 0.9084891546979128, 'sigma_update': 0.03962371896909387, 'eta_learning': 1.7018756709143945, 'sigma_boundary': 1.9690574228245659, 'alpha': 0.5569785154918143}. Best is trial 3 with value: 0.1504783985075519.
[I 2026-03-06 00:20:57,450] Trial 12 finished with value: 2.3418853162943187 and parameters: {'sigma_noise': 0.3434817876840138, 'A_repulsion': 0.30696821782456724, 'gamma': 0.17882152511875543, 'sigma_update': 0.24419701450566708, 'eta_learning': 2.7324150424346105, 'sigma_boundary': 9.755496911544872, 'alpha': 0.0871555165938539}. Best is trial 3 with value: 0.1504783985075519.
[I 2026-03-06 00:21:02,096] Trial 17 finished with value: 0.1443764649654529 and parameters: {'sigma_noise': 0.31952901852816673, 'A_repulsion': 0.3815494584486502, 'gamma': 0.914826686508186, 'sigma_update': 0.18466752432637396, 'eta_learning': 1.739040035411708, 'sigma_boundary': 6.886454252886625, 'alpha': 0.538155703357366}. Best is trial 17 with value: 0.1443764649654529.
[I 2026-03-06 00:21:12,163] Trial 4 finished with value: 2.3249196507164434 and parameters: {'sigma_noise': 0.3813448000747041, 'A_repulsion': 0.35140151985083173, 'gamma': 0.5127753418068526, 'sigma_update': 0.2417140321639787, 'eta_learning': 0.7286353553920716, 'sigma_boundary': 6.873697101384911, 'alpha': 0.05537476444303213}. Best is trial 17 with value: 0.1443764649654529.
[I 2026-03-06 00:21:16,384] Trial 18 finished with value: 2.3416288459968255 and parameters: {'sigma_noise': 0.3386979708061844, 'A_repulsion': 0.4579375406400582, 'gamma': 0.5155239839759865, 'sigma_update': 0.0748625718503162, 'eta_learning': 2.1777385855943905, 'sigma_boundary': 4.446737330576106, 'alpha': 0.08115204205473014}. Best is trial 17 with value: 0.1443764649654529.
[I 2026-03-06 00:21:29,625] Trial 9 finished with value: 0.45754496221868224 and parameters: {'sigma_noise': 0.4424103062939064, 'A_repulsion': 0.39248236059762903, 'gamma': 0.7724943984701714, 'sigma_update': 0.051903447767104476, 'eta_learning': 1.6298531426085552, 'sigma_boundary': 6.0620108551267355, 'alpha': 0.7195877936367541}. Best is trial 17 with value: 0.1443764649654529.
[I 2026-03-06 00:23:06,574] Trial 20 finished with value: 0.16311153278338136 and parameters: {'sigma_noise': 0.3196189542812983, 'A_repulsion': 0.1276799541670749, 'gamma': 0.39737072474503576, 'sigma_update': 0.33120910336348874, 'eta_learning': 2.117402318451232, 'sigma_boundary': 6.25974807350635, 'alpha': 0.8610600321829138}. Best is trial 17 with value: 0.1443764649654529.
[I 2026-03-06 00:23:22,666] Trial 22 finished with value: 0.6036481062508093 and parameters: {'sigma_noise': 0.1431136356809754, 'A_repulsion': 0.15784046159249096, 'gamma': 0.5493417135876606, 'sigma_update': 0.43995863691303944, 'eta_learning': 1.5787188336697584, 'sigma_boundary': 6.583380130518989, 'alpha': 0.2851350901008467}. Best is trial 17 with value: 0.1443764649654529.
[I 2026-03-06 00:23:39,438] Trial 25 finished with value: 0.2557771514613952 and parameters: {'sigma_noise': 0.17021824521539292, 'A_repulsion': 0.10529914596350395, 'gamma': 0.19155890781463564, 'sigma_update': 0.2882007729942358, 'eta_learning': 1.837419151800297, 'sigma_boundary': 5.528822905459748, 'alpha': 0.5526782825454517}. Best is trial 17 with value: 0.1443764649654529.
[I 2026-03-06 00:23:52,949] Trial 29 finished with value: 0.2915370278027032 and parameters: {'sigma_noise': 0.2060030214454388, 'A_repulsion': 0.0611672401380535, 'gamma': 0.5000432919865428, 'sigma_update': 0.1550753265733004, 'eta_learning': 1.397575497073235, 'sigma_boundary': 3.2941911128334342, 'alpha': 0.31656034005970046}. Best is trial 17 with value: 0.1443764649654529.
[I 2026-03-06 00:24:10,963] Trial 27 finished with value: 0.32422847271624866 and parameters: {'sigma_noise': 0.2100394070950961, 'A_repulsion': 0.16059887266219286, 'gamma': 0.21586752596653136, 'sigma_update': 0.4352563698822102, 'eta_learning': 1.3027046777903029, 'sigma_boundary': 2.499276931238079, 'alpha': 0.47253205540004783}. Best is trial 17 with value: 0.1443764649654529.
[I 2026-03-06 00:24:14,106] Trial 21 finished with value: 1.0770096853360203 and parameters: {'sigma_noise': 0.305526786622693, 'A_repulsion': 0.24242230031195716, 'gamma': 0.3883118746674907, 'sigma_update': 0.43693955625305964, 'eta_learning': 1.5263157093861137, 'sigma_boundary': 4.450532666040908, 'alpha': 0.3232859344700073}. Best is trial 17 with value: 0.1443764649654529.
[I 2026-03-06 00:24:33,476] Trial 23 finished with value: 0.18953211016567015 and parameters: {'sigma_noise': 0.3010635652517123, 'A_repulsion': 0.2556113974072702, 'gamma': 0.29158177905468735, 'sigma_update': 0.21324093775486125, 'eta_learning': 1.6052707738342926, 'sigma_boundary': 3.9567990375615314, 'alpha': 0.5334558938047516}. Best is trial 17 with value: 0.1443764649654529.
[I 2026-03-06 00:24:40,153] Trial 24 finished with value: 0.26493135515256727 and parameters: {'sigma_noise': 0.1933293991667508, 'A_repulsion': 0.39586026590846946, 'gamma': 0.44913996088428904, 'sigma_update': 0.42788702659392397, 'eta_learning': 1.6925723941454667, 'sigma_boundary': 3.604260887659261, 'alpha': 0.48142466791895255}. Best is trial 17 with value: 0.1443764649654529.
[I 2026-03-06 00:24:50,111] Trial 31 finished with value: 0.16200450556710455 and parameters: {'sigma_noise': 0.2661441579721395, 'A_repulsion': 0.12458765279265965, 'gamma': 0.5380896013170197, 'sigma_update': 0.18473718845590403, 'eta_learning': 1.0553642755097425, 'sigma_boundary': 3.5707697642790306, 'alpha': 0.45191285536271947}. Best is trial 17 with value: 0.1443764649654529.
[I 2026-03-06 00:24:59,842] Trial 35 finished with value: 0.14146366906632515 and parameters: {'sigma_noise': 0.20951904735425858, 'A_repulsion': 0.18795156578223968, 'gamma': 0.5755515343356522, 'sigma_update': 0.2369035299156675, 'eta_learning': 2.0130779005869335, 'sigma_boundary': 4.291357467201759, 'alpha': 0.6650272944750767}. Best is trial 35 with value: 0.14146366906632515.
[I 2026-03-06 00:25:06,980] Trial 28 finished with value: 0.28827450739820026 and parameters: {'sigma_noise': 0.24294851263142747, 'A_repulsion': 0.3425304765795353, 'gamma': 0.26729044465021656, 'sigma_update': 0.4302977364235114, 'eta_learning': 1.1017088493706957, 'sigma_boundary': 3.9809844034720117, 'alpha': 0.520237397858739}. Best is trial 35 with value: 0.14146366906632515.
[I 2026-03-06 00:25:13,957] Trial 30 finished with value: 0.3290876340705736 and parameters: {'sigma_noise': 0.26086634704442524, 'A_repulsion': 0.3045582774992373, 'gamma': 0.45397297888075655, 'sigma_update': 0.5149779899685505, 'eta_learning': 1.767248332147525, 'sigma_boundary': 1.5934875665426231, 'alpha': 0.5325477781637442}. Best is trial 35 with value: 0.14146366906632515.
[I 2026-03-06 00:25:16,172] Trial 26 finished with value: 0.2662626075287658 and parameters: {'sigma_noise': 0.2993267441181638, 'A_repulsion': 0.39087626761634064, 'gamma': 0.2193078124795275, 'sigma_update': 0.20396671046496267, 'eta_learning': 1.2667270352947972, 'sigma_boundary': 5.255180744262016, 'alpha': 0.7023741515208322}. Best is trial 35 with value: 0.14146366906632515.
[I 2026-03-06 00:25:23,165] Trial 34 finished with value: 0.3444917415372046 and parameters: {'sigma_noise': 0.36201660977540084, 'A_repulsion': 0.06465729412178617, 'gamma': 0.5662556645313764, 'sigma_update': 0.45602423177138834, 'eta_learning': 2.1263808443923446, 'sigma_boundary': 4.188718777211248, 'alpha': 0.5203292328266735}. Best is trial 35 with value: 0.14146366906632515.
[I 2026-03-06 00:25:45,311] Trial 38 finished with value: 0.428011575808424 and parameters: {'sigma_noise': 0.29815554773894026, 'A_repulsion': 0.15873085394987632, 'gamma': 0.36482905351190603, 'sigma_update': 0.51953236254315, 'eta_learning': 1.5954549249907661, 'sigma_boundary': 3.98391752103635, 'alpha': 0.5363984449745225}. Best is trial 35 with value: 0.14146366906632515.
[I 2026-03-06 00:25:45,839] Trial 37 finished with value: 1.7009983160704496 and parameters: {'sigma_noise': 0.2482661527843848, 'A_repulsion': 0.23650732000873115, 'gamma': 0.16055703005563923, 'sigma_update': 0.41006066568477095, 'eta_learning': 1.4534327990981912, 'sigma_boundary': 1.8754450822349726, 'alpha': 0.19336507615697884}. Best is trial 35 with value: 0.14146366906632515.
[I 2026-03-06 00:25:46,613] Trial 36 finished with value: 0.20530728242908253 and parameters: {'sigma_noise': 0.2671901868329161, 'A_repulsion': 0.29495118791617664, 'gamma': 0.5547988763878348, 'sigma_update': 0.3690841951678499, 'eta_learning': 2.297506735414567, 'sigma_boundary': 5.042319916505053, 'alpha': 0.5692517665176549}. Best is trial 35 with value: 0.14146366906632515.
[I 2026-03-06 00:25:48,747] Trial 33 finished with value: 1.2532455250858818 and parameters: {'sigma_noise': 0.32591610440712365, 'A_repulsion': 0.2462568837038317, 'gamma': 0.6320413430334186, 'sigma_update': 0.3890262812978455, 'eta_learning': 2.732504275791407, 'sigma_boundary': 4.978442759258201, 'alpha': 0.32057263441178974}. Best is trial 35 with value: 0.14146366906632515.
[I 2026-03-06 00:25:56,760] Trial 32 finished with value: 0.1753741247790251 and parameters: {'sigma_noise': 0.28866592362860316, 'A_repulsion': 0.3783578789955877, 'gamma': 0.5637320142841808, 'sigma_update': 0.1462957694869218, 'eta_learning': 1.5415126728424307, 'sigma_boundary': 6.1439382505969675, 'alpha': 0.5076580757568769}. Best is trial 35 with value: 0.14146366906632515.
[I 2026-03-06 00:26:13,639] Trial 39 finished with value: 0.8847737362750441 and parameters: {'sigma_noise': 0.20463374353868463, 'A_repulsion': 0.34597942137333315, 'gamma': 0.5087615109860789, 'sigma_update': 0.3878826583562203, 'eta_learning': 2.060787657365464, 'sigma_boundary': 7.305139056955355, 'alpha': 0.31417738090882064}. Best is trial 35 with value: 0.14146366906632515.
[I 2026-03-06 00:27:45,848] Trial 41 finished with value: 0.19660387274135716 and parameters: {'sigma_noise': 0.2517561332681501, 'A_repulsion': 0.15030303968046366, 'gamma': 0.34282276516135535, 'sigma_update': 0.40111442294879307, 'eta_learning': 1.4477204818398297, 'sigma_boundary': 4.0209174155513265, 'alpha': 0.7523262693537833}. Best is trial 35 with value: 0.14146366906632515.
[I 2026-03-06 00:28:07,342] Trial 40 finished with value: 0.1827001627929393 and parameters: {'sigma_noise': 0.25038627749107656, 'A_repulsion': 0.31281053660658825, 'gamma': 0.6212590244930948, 'sigma_update': 0.4047090709209992, 'eta_learning': 0.7172182242024087, 'sigma_boundary': 4.177846468124945, 'alpha': 0.6154289659471939}. Best is trial 35 with value: 0.14146366906632515.
[I 2026-03-06 00:28:09,438] Trial 43 finished with value: 0.1704028505620532 and parameters: {'sigma_noise': 0.2176489845672323, 'A_repulsion': 0.19082656597007736, 'gamma': 0.5495128642112319, 'sigma_update': 0.27223880908380066, 'eta_learning': 0.7969951391616554, 'sigma_boundary': 5.518753359046012, 'alpha': 0.5282770055030228}. Best is trial 35 with value: 0.14146366906632515.
[I 2026-03-06 00:28:17,413] Trial 42 finished with value: 0.4583272966989683 and parameters: {'sigma_noise': 0.24947543145597972, 'A_repulsion': 0.20639602391709744, 'gamma': 0.5549995728945678, 'sigma_update': 0.4520983517820399, 'eta_learning': 1.7827650366093606, 'sigma_boundary': 5.609183246755078, 'alpha': 0.4074727885381958}. Best is trial 35 with value: 0.14146366906632515.
[I 2026-03-06 00:28:37,894] Trial 44 finished with value: 0.17076593483158692 and parameters: {'sigma_noise': 0.27219438142142277, 'A_repulsion': 0.13836694487222723, 'gamma': 0.23920186639961816, 'sigma_update': 0.2056264379859444, 'eta_learning': 1.4171186343195887, 'sigma_boundary': 4.256796776676958, 'alpha': 0.5345087780086557}. Best is trial 35 with value: 0.14146366906632515.
[I 2026-03-06 00:28:43,656] Trial 51 finished with value: 0.21312492609091557 and parameters: {'sigma_noise': 0.21561654647348572, 'A_repulsion': 0.02232098504717972, 'gamma': 0.44216096689773887, 'sigma_update': 0.42415655475039094, 'eta_learning': 1.820770145645513, 'sigma_boundary': 3.603811753330137, 'alpha': 0.8076577694748497}. Best is trial 35 with value: 0.14146366906632515.
[I 2026-03-06 00:28:49,336] Trial 52 finished with value: 0.40400522602624334 and parameters: {'sigma_noise': 0.167067562855647, 'A_repulsion': 0.09563986440598753, 'gamma': 0.244331570189359, 'sigma_update': 0.03781679381518977, 'eta_learning': 1.8041708302647004, 'sigma_boundary': 4.472800387963492, 'alpha': 0.6007823415223362}. Best is trial 35 with value: 0.14146366906632515.
[I 2026-03-06 00:29:06,979] Trial 45 finished with value: 0.2545107161220288 and parameters: {'sigma_noise': 0.34248989834043647, 'A_repulsion': 0.1936883490255673, 'gamma': 0.5307068596767681, 'sigma_update': 0.4490630562439148, 'eta_learning': 1.7658455427304667, 'sigma_boundary': 3.2806585633517247, 'alpha': 0.5820723064525435}. Best is trial 35 with value: 0.14146366906632515.
[I 2026-03-06 00:29:28,840] Trial 46 finished with value: 0.2747412231171188 and parameters: {'sigma_noise': 0.2431255480747136, 'A_repulsion': 0.29324957254365075, 'gamma': 0.5183113479249962, 'sigma_update': 0.44175329966698124, 'eta_learning': 1.2144551185941668, 'sigma_boundary': 3.330578754607615, 'alpha': 0.5043081660945781}. Best is trial 35 with value: 0.14146366906632515.
[I 2026-03-06 00:29:30,780] Trial 47 finished with value: 0.22857303970022746 and parameters: {'sigma_noise': 0.2565286119862749, 'A_repulsion': 0.2585982019716449, 'gamma': 0.4882209885252813, 'sigma_update': 0.35285283943490536, 'eta_learning': 1.1570104182832106, 'sigma_boundary': 5.884905314491986, 'alpha': 0.5107657883262432}. Best is trial 35 with value: 0.14146366906632515.
[I 2026-03-06 00:29:42,895] Trial 58 finished with value: 0.22235512136000657 and parameters: {'sigma_noise': 0.25630470400515576, 'A_repulsion': 0.03886278030486978, 'gamma': 0.4924341214465897, 'sigma_update': 0.3163628738048847, 'eta_learning': 1.3567083164055656, 'sigma_boundary': 3.629910098704304, 'alpha': 0.4926139324399608}. Best is trial 35 with value: 0.14146366906632515.
[I 2026-03-06 00:29:46,956] Trial 56 finished with value: 0.19975665812793897 and parameters: {'sigma_noise': 0.1515504496433438, 'A_repulsion': 0.27750541721951627, 'gamma': 0.42079708990201564, 'sigma_update': 0.18310029825097948, 'eta_learning': 1.6971790127873856, 'sigma_boundary': 7.239643725700716, 'alpha': 0.6748346834371591}. Best is trial 35 with value: 0.14146366906632515.
[I 2026-03-06 00:29:50,691] Trial 48 finished with value: 0.2131569776702189 and parameters: {'sigma_noise': 0.32889233038576265, 'A_repulsion': 0.2140739921259332, 'gamma': 0.5181973502274743, 'sigma_update': 0.28029006688763836, 'eta_learning': 1.8761667077269895, 'sigma_boundary': 3.5159474478717554, 'alpha': 0.518255665280369}. Best is trial 35 with value: 0.14146366906632515.
[I 2026-03-06 00:30:06,095] Trial 49 finished with value: 0.18696699852586815 and parameters: {'sigma_noise': 0.3507634703748992, 'A_repulsion': 0.23748770827155108, 'gamma': 0.4169859323245768, 'sigma_update': 0.2455144113613054, 'eta_learning': 1.173844330770683, 'sigma_boundary': 4.118606727810152, 'alpha': 0.6798028724699767}. Best is trial 35 with value: 0.14146366906632515.
[I 2026-03-06 00:30:09,377] Trial 54 finished with value: 0.12921288197967526 and parameters: {'sigma_noise': 0.27389467356161235, 'A_repulsion': 0.15335311505957322, 'gamma': 0.5016829910721325, 'sigma_update': 0.31442700429189674, 'eta_learning': 1.3519190850943468, 'sigma_boundary': 2.9889554057839165, 'alpha': 0.6964706917497164}. Best is trial 54 with value: 0.12921288197967526.
[I 2026-03-06 00:30:12,741] Trial 57 finished with value: 0.18892334522005766 and parameters: {'sigma_noise': 0.2784190131290315, 'A_repulsion': 0.151109587054689, 'gamma': 0.27215194561518363, 'sigma_update': 0.4021870054978065, 'eta_learning': 2.286774819905639, 'sigma_boundary': 4.223689088452062, 'alpha': 0.9086595070473648}. Best is trial 54 with value: 0.12921288197967526.
