[I 2026-03-06 01:23:42,178] Trial 83 finished with value: 0.4000287164423608 and parameters: {'sigma_noise': 0.30638280557624836, 'A_repulsion': 0.2272310287429635, 'gamma': 0.2772322287873065, 'sigma_update': 0.35031402194742406, 'eta_learning': 1.2424455020026866, 'sigma_boundary': 2.7531524992030554, 'alpha': 0.42550440307352877}. Best is trial 8 with value: 0.05377019672439228.
[I 2026-03-06 01:23:47,811] Trial 84 finished with value: 0.17401098149099337 and parameters: {'sigma_noise': 0.23864674934855312, 'A_repulsion': 0.15517978497783522, 'gamma': 0.10056339829452111, 'sigma_update': 0.3433533492632774, 'eta_learning': 2.118611011065918, 'sigma_boundary': 1.7681196708690448, 'alpha': 0.7765510658216265}. Best is trial 8 with value: 0.05377019672439228.
[I 2026-03-06 01:23:50,976] Trial 82 finished with value: 0.1322336818985359 and parameters: {'sigma_noise': 0.2922753526509649, 'A_repulsion': 0.2351001619354257, 'gamma': 0.2582430706105192, 'sigma_update': 0.23602943561832287, 'eta_learning': 1.8712738922358623, 'sigma_boundary': 8.181681374590195, 'alpha': 0.64223443497511}. Best is trial 8 with value: 0.05377019672439228.
[I 2026-03-06 01:24:36,151] Trial 86 finished with value: 0.21503702949497894 and parameters: {'sigma_noise': 0.29282955217444967, 'A_repulsion': 0.2913493132465414, 'gamma': 0.4003663150150964, 'sigma_update': 0.37743612138152177, 'eta_learning': 0.527035715003046, 'sigma_boundary': 5.241018273847209, 'alpha': 0.5937347789565963}. Best is trial 8 with value: 0.05377019672439228.
[I 2026-03-06 01:24:36,357] Trial 87 finished with value: 0.16807808209604622 and parameters: {'sigma_noise': 0.31984311034263335, 'A_repulsion': 0.20680322036154217, 'gamma': 0.10689819405057241, 'sigma_update': 0.1429658977315119, 'eta_learning': 1.5860092673605553, 'sigma_boundary': 5.207819601047365, 'alpha': 0.5854105653275035}. Best is trial 8 with value: 0.05377019672439228.
[I 2026-03-06 01:24:48,279] Trial 88 finished with value: 0.16695140624806248 and parameters: {'sigma_noise': 0.34723274779553703, 'A_repulsion': 0.062142098764028555, 'gamma': 0.11928942715069131, 'sigma_update': 0.1711335425808611, 'eta_learning': 1.02615818526219, 'sigma_boundary': 5.410979375427868, 'alpha': 0.5832818040285441}. Best is trial 8 with value: 0.05377019672439228.
[I 2026-03-06 01:24:53,468] Trial 89 finished with value: 0.17280433427729058 and parameters: {'sigma_noise': 0.289380035433123, 'A_repulsion': 0.14907091252050372, 'gamma': 0.08369954627140784, 'sigma_update': 0.11063753028565976, 'eta_learning': 0.9986002303384237, 'sigma_boundary': 1.9698784607417965, 'alpha': 0.3980150202602514}. Best is trial 8 with value: 0.05377019672439228.
[I 2026-03-06 01:24:54,125] Trial 93 finished with value: 0.11248539614807655 and parameters: {'sigma_noise': 0.19207406958832818, 'A_repulsion': 0.1425974894543474, 'gamma': 0.28254653798058, 'sigma_update': 0.16598172524273302, 'eta_learning': 1.172092510223109, 'sigma_boundary': 1.9195267656457906, 'alpha': 0.38641335223075823}. Best is trial 8 with value: 0.05377019672439228.
[I 2026-03-06 01:25:28,355] Trial 91 finished with value: 0.13942586121827244 and parameters: {'sigma_noise': 0.27289842858591246, 'A_repulsion': 0.18345795150069277, 'gamma': 0.4743369049279769, 'sigma_update': 0.2540598602296152, 'eta_learning': 1.9110726383917538, 'sigma_boundary': 2.8037626000977287, 'alpha': 0.5186139390493884}. Best is trial 8 with value: 0.05377019672439228.
[I 2026-03-06 01:25:38,812] Trial 92 finished with value: 0.11637190272113551 and parameters: {'sigma_noise': 0.2889880302232972, 'A_repulsion': 0.1695476925972684, 'gamma': 0.3885256912476975, 'sigma_update': 0.23331347602332228, 'eta_learning': 1.1566866167236318, 'sigma_boundary': 5.509323870812762, 'alpha': 0.7321933312733712}. Best is trial 8 with value: 0.05377019672439228.
[I 2026-03-06 01:25:47,471] Trial 90 finished with value: 0.23547015481831213 and parameters: {'sigma_noise': 0.36247770288334474, 'A_repulsion': 0.24416032567070145, 'gamma': 0.2880900719831919, 'sigma_update': 0.307599444973125, 'eta_learning': 1.0223694642714767, 'sigma_boundary': 2.5906523118768163, 'alpha': 0.5368701380825589}. Best is trial 8 with value: 0.05377019672439228.
[I 2026-03-06 01:25:53,570] Trial 96 finished with value: 0.18395647173309837 and parameters: {'sigma_noise': 0.2666743547856325, 'A_repulsion': 0.11208492168888631, 'gamma': 0.155475397043725, 'sigma_update': 0.08681534448353924, 'eta_learning': 0.697364958939822, 'sigma_boundary': 2.9309642524659365, 'alpha': 0.7286435338334976}. Best is trial 8 with value: 0.05377019672439228.
[I 2026-03-06 01:25:54,387] Trial 97 finished with value: 0.3926233839759345 and parameters: {'sigma_noise': 0.3044291265844195, 'A_repulsion': 0.09142463624095952, 'gamma': 0.17370271266804255, 'sigma_update': 0.4550686597921969, 'eta_learning': 0.5657740096693099, 'sigma_boundary': 7.4814007976954695, 'alpha': 0.5012272938297745}. Best is trial 8 with value: 0.05377019672439228.
[I 2026-03-06 01:26:09,947] Trial 94 finished with value: 0.1574118750456911 and parameters: {'sigma_noise': 0.31506551322576304, 'A_repulsion': 0.29411804487692195, 'gamma': 0.022728953622618037, 'sigma_update': 0.2289142203806629, 'eta_learning': 1.6090758680702475, 'sigma_boundary': 4.715858450032808, 'alpha': 0.5216722822553239}. Best is trial 8 with value: 0.05377019672439228.
[I 2026-03-06 01:26:34,660] Trial 99 finished with value: 0.20720853982648452 and parameters: {'sigma_noise': 0.3189497062951365, 'A_repulsion': 0.09019017022650676, 'gamma': 0.47347560193107785, 'sigma_update': 0.26856264862771245, 'eta_learning': 1.14709873073056, 'sigma_boundary': 5.44422346128237, 'alpha': 0.5012797140592286}. Best is trial 8 with value: 0.05377019672439228.
[I 2026-03-06 01:26:46,038] Trial 95 finished with value: 0.3669025647586226 and parameters: {'sigma_noise': 0.43863170804604873, 'A_repulsion': 0.20040749629193705, 'gamma': 0.17555578266722424, 'sigma_update': 0.12275948127169699, 'eta_learning': 1.7228224347535146, 'sigma_boundary': 4.325064223969554, 'alpha': 0.8660095865948585}. Best is trial 8 with value: 0.05377019672439228.
[I 2026-03-06 01:26:54,447] Trial 98 finished with value: 0.8836369343418323 and parameters: {'sigma_noise': 0.3482668943681252, 'A_repulsion': 0.19082513081329772, 'gamma': 0.30398638707784736, 'sigma_update': 0.3558252847208247, 'eta_learning': 1.5060790418822032, 'sigma_boundary': 4.223211516488498, 'alpha': 0.34037770240334586}. Best is trial 8 with value: 0.05377019672439228.
[I 2026-03-06 01:27:39,317] Trial 104 finished with value: 0.14297005121854872 and parameters: {'sigma_noise': 0.13830106926154978, 'A_repulsion': 0.19585280004621342, 'gamma': 0.08702096944093987, 'sigma_update': 0.2965593476373599, 'eta_learning': 1.3616194736785752, 'sigma_boundary': 5.010914751570745, 'alpha': 0.5412134432135868}. Best is trial 8 with value: 0.05377019672439228.
[I 2026-03-06 01:28:03,399] Trial 101 finished with value: 0.16867429464042927 and parameters: {'sigma_noise': 0.26350552132786004, 'A_repulsion': 0.10515964287278545, 'gamma': 0.4140784699713134, 'sigma_update': 0.0744130246754568, 'eta_learning': 1.6208447079848771, 'sigma_boundary': 7.921174473906351, 'alpha': 0.7323778665188702}. Best is trial 8 with value: 0.05377019672439228.
[I 2026-03-06 01:28:22,828] Trial 105 finished with value: 0.10582887207724774 and parameters: {'sigma_noise': 0.2329747997085116, 'A_repulsion': 0.1547562475484837, 'gamma': 0.4004068055089126, 'sigma_update': 0.30877732419493403, 'eta_learning': 1.5767738408176712, 'sigma_boundary': 5.736733574525615, 'alpha': 0.775156834186203}. Best is trial 8 with value: 0.05377019672439228.
[I 2026-03-06 01:28:43,677] Trial 100 finished with value: 0.1303418646768974 and parameters: {'sigma_noise': 0.33564709614939814, 'A_repulsion': 0.2681539513837883, 'gamma': 0.43896978706356665, 'sigma_update': 0.1928866620500391, 'eta_learning': 1.8512398333311408, 'sigma_boundary': 4.055986417663761, 'alpha': 0.8584615920443095}. Best is trial 8 with value: 0.05377019672439228.
[I 2026-03-06 01:28:45,765] Trial 102 finished with value: 0.19226985925318865 and parameters: {'sigma_noise': 0.2974126266956291, 'A_repulsion': 0.19665366412560997, 'gamma': 0.16395437429786716, 'sigma_update': 0.2869900736209556, 'eta_learning': 1.3531083105649055, 'sigma_boundary': 6.273164919275979, 'alpha': 0.5689504487038058}. Best is trial 8 with value: 0.05377019672439228.
[I 2026-03-06 01:28:56,644] Trial 106 finished with value: 0.1440316899433646 and parameters: {'sigma_noise': 0.27197171003939746, 'A_repulsion': 0.05256466446716719, 'gamma': 0.12196952888652368, 'sigma_update': 0.22742633245220908, 'eta_learning': 1.3530872234481488, 'sigma_boundary': 6.640701234198402, 'alpha': 0.5292033415158336}. Best is trial 8 with value: 0.05377019672439228.
[I 2026-03-06 01:29:17,354] Trial 111 finished with value: 0.0925632528777579 and parameters: {'sigma_noise': 0.14561168612415182, 'A_repulsion': 0.1296335197925745, 'gamma': 0.13161484840425194, 'sigma_update': 0.17675014311064577, 'eta_learning': 1.489845005302054, 'sigma_boundary': 4.255377862457506, 'alpha': 0.6406840051210593}. Best is trial 8 with value: 0.05377019672439228.
[I 2026-03-06 01:29:18,115] Trial 103 finished with value: 0.2738054154634009 and parameters: {'sigma_noise': 0.3993066176369226, 'A_repulsion': 0.26231965411425434, 'gamma': 0.2332643778495054, 'sigma_update': 0.2854750386026229, 'eta_learning': 1.7916946724861562, 'sigma_boundary': 5.291049020621774, 'alpha': 0.48996374375669594}. Best is trial 8 with value: 0.05377019672439228.
[I 2026-03-06 01:29:26,510] Trial 107 finished with value: 0.31159941542138025 and parameters: {'sigma_noise': 0.3170247207685536, 'A_repulsion': 0.05496367515241431, 'gamma': 0.29216458435031845, 'sigma_update': 0.17682202077755646, 'eta_learning': 1.6945170187542016, 'sigma_boundary': 3.5330040391359603, 'alpha': 0.3747065057283561}. Best is trial 8 with value: 0.05377019672439228.
[I 2026-03-06 01:29:31,930] Trial 110 finished with value: 0.12964683236742625 and parameters: {'sigma_noise': 0.24836393369988713, 'A_repulsion': 0.14119949081469932, 'gamma': 0.3113517409915168, 'sigma_update': 0.21091879879435146, 'eta_learning': 1.8253728510811411, 'sigma_boundary': 7.740456488013368, 'alpha': 0.47182105388400586}. Best is trial 8 with value: 0.05377019672439228.
[I 2026-03-06 01:29:47,373] Trial 108 finished with value: 0.20366738854856664 and parameters: {'sigma_noise': 0.34301683583281745, 'A_repulsion': 0.095149403089337, 'gamma': 0.06991476307550598, 'sigma_update': 0.2819571771786235, 'eta_learning': 1.1004333105191217, 'sigma_boundary': 6.625310298082487, 'alpha': 0.6829819152074931}. Best is trial 8 with value: 0.05377019672439228.
[I 2026-03-06 01:29:57,049] Trial 109 finished with value: 0.13684917152609388 and parameters: {'sigma_noise': 0.2960830257730872, 'A_repulsion': 0.16317993024229505, 'gamma': 0.1368128458940495, 'sigma_update': 0.12210553748461418, 'eta_learning': 1.6874101858491963, 'sigma_boundary': 7.5551507935504025, 'alpha': 0.46909546727553697}. Best is trial 8 with value: 0.05377019672439228.
[I 2026-03-06 01:30:22,223] Trial 115 finished with value: 0.13946060609866223 and parameters: {'sigma_noise': 0.2901909353447597, 'A_repulsion': 0.059450073699326866, 'gamma': 0.20667384948045503, 'sigma_update': 0.2878036456991264, 'eta_learning': 1.730252979030919, 'sigma_boundary': 7.795943162104164, 'alpha': 0.8247095721382194}. Best is trial 8 with value: 0.05377019672439228.
[I 2026-03-06 01:30:31,186] Trial 114 finished with value: 0.1404443550920037 and parameters: {'sigma_noise': 0.2123007637484195, 'A_repulsion': 0.20547053255713357, 'gamma': 0.04165021116504906, 'sigma_update': 0.11560391888690216, 'eta_learning': 1.3229454520849555, 'sigma_boundary': 5.6906876392206005, 'alpha': 0.8173289580462662}. Best is trial 8 with value: 0.05377019672439228.
[I 2026-03-06 01:30:45,952] Trial 112 finished with value: 0.18208674016414522 and parameters: {'sigma_noise': 0.27535313743588213, 'A_repulsion': 0.19035765670476917, 'gamma': 0.10625990183142436, 'sigma_update': 0.3150200788123296, 'eta_learning': 1.3674827318293592, 'sigma_boundary': 5.446110956164817, 'alpha': 0.7430281381460835}. Best is trial 8 with value: 0.05377019672439228.
[I 2026-03-06 01:30:57,518] Trial 116 finished with value: 0.14029144021892737 and parameters: {'sigma_noise': 0.29984069910105765, 'A_repulsion': 0.08448455300657656, 'gamma': 0.11131703595393691, 'sigma_update': 0.14692995939804035, 'eta_learning': 1.8476500322467244, 'sigma_boundary': 4.782598544258471, 'alpha': 0.7281845775348993}. Best is trial 8 with value: 0.05377019672439228.
[I 2026-03-06 01:31:06,746] Trial 113 finished with value: 0.17616485995514508 and parameters: {'sigma_noise': 0.3442193620707301, 'A_repulsion': 0.18753613340776845, 'gamma': 0.10345467630642714, 'sigma_update': 0.16790293880596957, 'eta_learning': 2.0145424343482565, 'sigma_boundary': 7.217004795294043, 'alpha': 0.5598130010520577}. Best is trial 8 with value: 0.05377019672439228.
[I 2026-03-06 01:31:30,953] Trial 118 finished with value: 0.16035274044236514 and parameters: {'sigma_noise': 0.315931005925101, 'A_repulsion': 0.0728145313831385, 'gamma': 0.35034108851901063, 'sigma_update': 0.28568416617878767, 'eta_learning': 1.4109443563113946, 'sigma_boundary': 5.8175074990251945, 'alpha': 0.697028024542666}. Best is trial 8 with value: 0.05377019672439228.
[I 2026-03-06 01:31:38,914] Trial 117 finished with value: 0.11049770260405478 and parameters: {'sigma_noise': 0.25478149470210804, 'A_repulsion': 0.22073544556083274, 'gamma': 0.278319430331656, 'sigma_update': 0.23761328569336765, 'eta_learning': 1.795352657927849, 'sigma_boundary': 3.2728939155242016, 'alpha': 0.7613011682103858}. Best is trial 8 with value: 0.05377019672439228.
[I 2026-03-06 01:32:13,759] Trial 121 finished with value: 0.19324472928951847 and parameters: {'sigma_noise': 0.17462081805129487, 'A_repulsion': 0.1274625422517668, 'gamma': 0.2781634484286545, 'sigma_update': 0.22427778899176895, 'eta_learning': 1.8611582155828348, 'sigma_boundary': 4.408592788307546, 'alpha': 0.3789212631644621}. Best is trial 8 with value: 0.05377019672439228.
[I 2026-03-06 01:32:20,575] Trial 119 finished with value: 0.15719660679985425 and parameters: {'sigma_noise': 0.3285732858717036, 'A_repulsion': 0.18418947497761612, 'gamma': 0.4739752221852595, 'sigma_update': 0.31982718581811903, 'eta_learning': 1.2783097237239223, 'sigma_boundary': 7.570143653283685, 'alpha': 0.6681805755515631}. Best is trial 8 with value: 0.05377019672439228.
[I 2026-03-06 01:32:38,043] Trial 120 finished with value: 0.10572285121069862 and parameters: {'sigma_noise': 0.2551017851608346, 'A_repulsion': 0.17109032045869843, 'gamma': 0.7054218463604499, 'sigma_update': 0.4552660334145015, 'eta_learning': 1.8175682881216686, 'sigma_boundary': 5.669987272739919, 'alpha': 0.6399331189205569}. Best is trial 8 with value: 0.05377019672439228.
[I 2026-03-06 01:32:48,146] Trial 126 finished with value: 0.18259639930225127 and parameters: {'sigma_noise': 0.12965832447981654, 'A_repulsion': 0.04593143645867501, 'gamma': 0.16019745138791683, 'sigma_update': 0.301145483433041, 'eta_learning': 2.1609755358766667, 'sigma_boundary': 5.719272193474377, 'alpha': 0.41882320182173893}. Best is trial 8 with value: 0.05377019672439228.
[I 2026-03-06 01:33:02,174] Trial 122 finished with value: 0.2444830653216061 and parameters: {'sigma_noise': 0.3020409317210215, 'A_repulsion': 0.03630593741362244, 'gamma': 0.3115766082167056, 'sigma_update': 0.32557899878171753, 'eta_learning': 1.27097333618666, 'sigma_boundary': 6.359111365630278, 'alpha': 0.56628683386427}. Best is trial 8 with value: 0.05377019672439228.
[I 2026-03-06 01:33:16,991] Trial 123 finished with value: 0.12697682091436344 and parameters: {'sigma_noise': 0.26433041388191375, 'A_repulsion': 0.0784336934303647, 'gamma': 0.17373154924482476, 'sigma_update': 0.16261029884332517, 'eta_learning': 0.8548100264592046, 'sigma_boundary': 4.87659771708146, 'alpha': 0.6916589007164718}. Best is trial 8 with value: 0.05377019672439228.
[I 2026-03-06 01:33:49,821] Trial 124 finished with value: 0.17741823552377595 and parameters: {'sigma_noise': 0.32469153759594127, 'A_repulsion': 0.06688082579275989, 'gamma': 0.01630453382064371, 'sigma_update': 0.2038024346930576, 'eta_learning': 1.2356558765558265, 'sigma_boundary': 4.874417774829267, 'alpha': 0.5096172307156738}. Best is trial 8 with value: 0.05377019672439228.
[I 2026-03-06 01:33:57,658] Trial 127 finished with value: 0.08996818234337893 and parameters: {'sigma_noise': 0.1732163944192488, 'A_repulsion': 0.22886925001554825, 'gamma': 0.09163995607709055, 'sigma_update': 0.1951448832443767, 'eta_learning': 1.2630342720206316, 'sigma_boundary': 5.655238412882315, 'alpha': 0.5599771765124109}. Best is trial 8 with value: 0.05377019672439228.
[I 2026-03-06 01:34:01,867] Trial 125 finished with value: 0.346293727081115 and parameters: {'sigma_noise': 0.34248750512306436, 'A_repulsion': 0.036685235777361186, 'gamma': 0.41275374753952193, 'sigma_update': 0.06467837370750881, 'eta_learning': 1.1534418301132632, 'sigma_boundary': 6.42561847937385, 'alpha': 0.6073031386030175}. Best is trial 8 with value: 0.05377019672439228.
[I 2026-03-06 01:34:16,818] Trial 131 finished with value: 0.1258469048761991 and parameters: {'sigma_noise': 0.1529855163385614, 'A_repulsion': 0.21292157948077806, 'gamma': 0.022522101575261286, 'sigma_update': 0.19830353293292693, 'eta_learning': 0.9829285980899647, 'sigma_boundary': 7.257243292415671, 'alpha': 0.6894070930623462}. Best is trial 8 with value: 0.05377019672439228.
[I 2026-03-06 01:34:30,866] Trial 128 finished with value: 0.21993840313628993 and parameters: {'sigma_noise': 0.26433693416106024, 'A_repulsion': 0.12927934380897876, 'gamma': 0.17896024364043975, 'sigma_update': 0.06802842707501776, 'eta_learning': 1.4851190087217774, 'sigma_boundary': 5.761735457233397, 'alpha': 0.6712173907018899}. Best is trial 8 with value: 0.05377019672439228.
[I 2026-03-06 01:34:38,290] Trial 129 finished with value: 0.15265740306900413 and parameters: {'sigma_noise': 0.2742503841660244, 'A_repulsion': 0.1567564866043317, 'gamma': 0.24647679200244144, 'sigma_update': 0.2505658009986076, 'eta_learning': 1.5916151195767676, 'sigma_boundary': 4.016460706756822, 'alpha': 0.558940844382032}. Best is trial 8 with value: 0.05377019672439228.
[I 2026-03-06 01:34:47,801] Trial 132 finished with value: 0.12364978792010799 and parameters: {'sigma_noise': 0.18618137792002243, 'A_repulsion': 0.11738499077558914, 'gamma': 0.15458009697673541, 'sigma_update': 0.25341259712579106, 'eta_learning': 1.9236781604219289, 'sigma_boundary': 3.8893833980022685, 'alpha': 0.5691201697871813}. Best is trial 8 with value: 0.05377019672439228.
[I 2026-03-06 01:34:57,194] Trial 134 finished with value: 0.14432286891046825 and parameters: {'sigma_noise': 0.2160905495528625, 'A_repulsion': 0.037789908851564524, 'gamma': 0.13948310271359673, 'sigma_update': 0.2710478814540729, 'eta_learning': 1.2582295136545851, 'sigma_boundary': 3.727029496109762, 'alpha': 0.5596228455422281}. Best is trial 8 with value: 0.05377019672439228.
[I 2026-03-06 01:35:08,898] Trial 130 finished with value: 0.14692159324064163 and parameters: {'sigma_noise': 0.2848411821979291, 'A_repulsion': 0.18384752994536396, 'gamma': 0.224192804279282, 'sigma_update': 0.2792162072914339, 'eta_learning': 0.855836190807948, 'sigma_boundary': 7.084881770688083, 'alpha': 0.6631383997973331}. Best is trial 8 with value: 0.05377019672439228.
[I 2026-03-06 01:35:21,170] Trial 135 finished with value: 0.0836936099003589 and parameters: {'sigma_noise': 0.12915165005795165, 'A_repulsion': 0.2571031879336089, 'gamma': 0.4224227512152257, 'sigma_update': 0.23102614756113682, 'eta_learning': 1.3793902836897673, 'sigma_boundary': 5.267008325068533, 'alpha': 0.6769719376997186}. Best is trial 8 with value: 0.05377019672439228.
[I 2026-03-06 01:35:39,315] Trial 133 finished with value: 0.15259655802965455 and parameters: {'sigma_noise': 0.30444782151893673, 'A_repulsion': 0.09409042309027811, 'gamma': 0.492486513497036, 'sigma_update': 0.2682851283784011, 'eta_learning': 0.9023323193291837, 'sigma_boundary': 6.345098153872708, 'alpha': 0.5762330196404963}. Best is trial 8 with value: 0.05377019672439228.
[I 2026-03-06 01:35:46,548] Trial 136 finished with value: 0.12045177834377871 and parameters: {'sigma_noise': 0.19549438642578737, 'A_repulsion': 0.16106023704058942, 'gamma': 0.04332199506604181, 'sigma_update': 0.10860141391409374, 'eta_learning': 1.847597965437939, 'sigma_boundary': 8.849074736080796, 'alpha': 0.626528016299333}. Best is trial 8 with value: 0.05377019672439228.
[I 2026-03-06 01:36:20,436] Trial 140 finished with value: 0.09327663521052548 and parameters: {'sigma_noise': 0.1579600954447351, 'A_repulsion': 0.0933160346166631, 'gamma': 0.20677739112522303, 'sigma_update': 0.26761988161253064, 'eta_learning': 1.8536055088618344, 'sigma_boundary': 8.3231696680596, 'alpha': 0.7663877015112657}. Best is trial 8 with value: 0.05377019672439228.
[I 2026-03-06 01:36:32,328] Trial 141 finished with value: 0.0701892726019953 and parameters: {'sigma_noise': 0.12832292618264976, 'A_repulsion': 0.1237717781368925, 'gamma': 0.3660210226730786, 'sigma_update': 0.15664763559965386, 'eta_learning': 1.7251410935633604, 'sigma_boundary': 3.478026464459257, 'alpha': 0.7878596080199856}. Best is trial 8 with value: 0.05377019672439228.
[I 2026-03-06 01:36:42,944] Trial 137 finished with value: 0.1451693298971916 and parameters: {'sigma_noise': 0.2834533471204273, 'A_repulsion': 0.12062993166708684, 'gamma': 0.12019436780347592, 'sigma_update': 0.26086084475339966, 'eta_learning': 0.9593972815487319, 'sigma_boundary': 8.853671374370606, 'alpha': 0.7145001088620165}. Best is trial 8 with value: 0.05377019672439228.
