[I 2026-03-06 01:09:59,772] Trial 23 finished with value: 0.13335333055252785 and parameters: {'sigma_noise': 0.3010635652517123, 'A_repulsion': 0.2556113974072702, 'gamma': 0.29158177905468735, 'sigma_update': 0.21324093775486125, 'eta_learning': 1.6052707738342926, 'sigma_boundary': 3.9567990375615314, 'alpha': 0.5334558938047516}. Best is trial 8 with value: 0.05377019672439228.
[I 2026-03-06 01:10:04,580] Trial 24 finished with value: 0.2999386758663197 and parameters: {'sigma_noise': 0.1933293991667508, 'A_repulsion': 0.39586026590846946, 'gamma': 0.44913996088428904, 'sigma_update': 0.42788702659392397, 'eta_learning': 1.6925723941454667, 'sigma_boundary': 3.604260887659261, 'alpha': 0.48142466791895255}. Best is trial 8 with value: 0.05377019672439228.
[I 2026-03-06 01:10:29,135] Trial 31 finished with value: 0.14339861981949667 and parameters: {'sigma_noise': 0.2661441579721395, 'A_repulsion': 0.12458765279265965, 'gamma': 0.5380896013170197, 'sigma_update': 0.18473718845590403, 'eta_learning': 1.0553642755097425, 'sigma_boundary': 3.5707697642790306, 'alpha': 0.45191285536271947}. Best is trial 8 with value: 0.05377019672439228.
[I 2026-03-06 01:10:36,112] Trial 28 finished with value: 0.3358222854175151 and parameters: {'sigma_noise': 0.24294851263142747, 'A_repulsion': 0.3425304765795353, 'gamma': 0.26729044465021656, 'sigma_update': 0.4302977364235114, 'eta_learning': 1.1017088493706957, 'sigma_boundary': 3.9809844034720117, 'alpha': 0.520237397858739}. Best is trial 8 with value: 0.05377019672439228.
[I 2026-03-06 01:10:39,219] Trial 26 finished with value: 0.14480960514362906 and parameters: {'sigma_noise': 0.2993267441181638, 'A_repulsion': 0.39087626761634064, 'gamma': 0.2193078124795275, 'sigma_update': 0.20396671046496267, 'eta_learning': 1.2667270352947972, 'sigma_boundary': 5.255180744262016, 'alpha': 0.7023741515208322}. Best is trial 8 with value: 0.05377019672439228.
[I 2026-03-06 01:10:46,283] Trial 35 finished with value: 0.07482545481017594 and parameters: {'sigma_noise': 0.20951904735425858, 'A_repulsion': 0.18795156578223968, 'gamma': 0.5755515343356522, 'sigma_update': 0.2369035299156675, 'eta_learning': 2.0130779005869335, 'sigma_boundary': 4.291357467201759, 'alpha': 0.6650272944750767}. Best is trial 8 with value: 0.05377019672439228.
[I 2026-03-06 01:11:00,327] Trial 30 finished with value: 0.3477502437929445 and parameters: {'sigma_noise': 0.26086634704442524, 'A_repulsion': 0.3045582774992373, 'gamma': 0.45397297888075655, 'sigma_update': 0.5149779899685505, 'eta_learning': 1.767248332147525, 'sigma_boundary': 1.5934875665426231, 'alpha': 0.5325477781637442}. Best is trial 8 with value: 0.05377019672439228.
[I 2026-03-06 01:11:11,250] Trial 34 finished with value: 0.41776619374975454 and parameters: {'sigma_noise': 0.36201660977540084, 'A_repulsion': 0.06465729412178617, 'gamma': 0.5662556645313764, 'sigma_update': 0.45602423177138834, 'eta_learning': 2.1263808443923446, 'sigma_boundary': 4.188718777211248, 'alpha': 0.5203292328266735}. Best is trial 8 with value: 0.05377019672439228.
[I 2026-03-06 01:11:26,237] Trial 36 finished with value: 0.17082049975209376 and parameters: {'sigma_noise': 0.2671901868329161, 'A_repulsion': 0.29495118791617664, 'gamma': 0.5547988763878348, 'sigma_update': 0.3690841951678499, 'eta_learning': 2.297506735414567, 'sigma_boundary': 5.042319916505053, 'alpha': 0.5692517665176549}. Best is trial 8 with value: 0.05377019672439228.
[I 2026-03-06 01:11:26,472] Trial 33 finished with value: 1.2032354585705067 and parameters: {'sigma_noise': 0.32591610440712365, 'A_repulsion': 0.2462568837038317, 'gamma': 0.6320413430334186, 'sigma_update': 0.3890262812978455, 'eta_learning': 2.732504275791407, 'sigma_boundary': 4.978442759258201, 'alpha': 0.32057263441178974}. Best is trial 8 with value: 0.05377019672439228.
[I 2026-03-06 01:11:33,643] Trial 32 finished with value: 0.1600489540055065 and parameters: {'sigma_noise': 0.28866592362860316, 'A_repulsion': 0.3783578789955877, 'gamma': 0.5637320142841808, 'sigma_update': 0.1462957694869218, 'eta_learning': 1.5415126728424307, 'sigma_boundary': 6.1439382505969675, 'alpha': 0.5076580757568769}. Best is trial 8 with value: 0.05377019672439228.
[I 2026-03-06 01:11:38,696] Trial 37 finished with value: 1.7373335806687757 and parameters: {'sigma_noise': 0.2482661527843848, 'A_repulsion': 0.23650732000873115, 'gamma': 0.16055703005563923, 'sigma_update': 0.41006066568477095, 'eta_learning': 1.4534327990981912, 'sigma_boundary': 1.8754450822349726, 'alpha': 0.19336507615697884}. Best is trial 8 with value: 0.05377019672439228.
[I 2026-03-06 01:11:57,649] Trial 38 finished with value: 0.4291572155082232 and parameters: {'sigma_noise': 0.29815554773894026, 'A_repulsion': 0.15873085394987632, 'gamma': 0.36482905351190603, 'sigma_update': 0.51953236254315, 'eta_learning': 1.5954549249907661, 'sigma_boundary': 3.98391752103635, 'alpha': 0.5363984449745225}. Best is trial 8 with value: 0.05377019672439228.
[I 2026-03-06 01:11:58,678] Trial 39 finished with value: 0.890275245236885 and parameters: {'sigma_noise': 0.20463374353868463, 'A_repulsion': 0.34597942137333315, 'gamma': 0.5087615109860789, 'sigma_update': 0.3878826583562203, 'eta_learning': 2.060787657365464, 'sigma_boundary': 7.305139056955355, 'alpha': 0.31417738090882064}. Best is trial 8 with value: 0.05377019672439228.
[I 2026-03-06 01:13:34,167] Trial 40 finished with value: 0.13091990447572058 and parameters: {'sigma_noise': 0.25038627749107656, 'A_repulsion': 0.31281053660658825, 'gamma': 0.6212590244930948, 'sigma_update': 0.4047090709209992, 'eta_learning': 0.7172182242024087, 'sigma_boundary': 4.177846468124945, 'alpha': 0.6154289659471939}. Best is trial 8 with value: 0.05377019672439228.
[I 2026-03-06 01:13:34,338] Trial 41 finished with value: 0.16072571254359946 and parameters: {'sigma_noise': 0.2517561332681501, 'A_repulsion': 0.15030303968046366, 'gamma': 0.34282276516135535, 'sigma_update': 0.40111442294879307, 'eta_learning': 1.4477204818398297, 'sigma_boundary': 4.0209174155513265, 'alpha': 0.7523262693537833}. Best is trial 8 with value: 0.05377019672439228.
[I 2026-03-06 01:14:03,875] Trial 42 finished with value: 0.5030581491412216 and parameters: {'sigma_noise': 0.24947543145597972, 'A_repulsion': 0.20639602391709744, 'gamma': 0.5549995728945678, 'sigma_update': 0.4520983517820399, 'eta_learning': 1.7827650366093606, 'sigma_boundary': 5.609183246755078, 'alpha': 0.4074727885381958}. Best is trial 8 with value: 0.05377019672439228.
[I 2026-03-06 01:14:07,403] Trial 43 finished with value: 0.10225507775534888 and parameters: {'sigma_noise': 0.2176489845672323, 'A_repulsion': 0.19082656597007736, 'gamma': 0.5495128642112319, 'sigma_update': 0.27223880908380066, 'eta_learning': 0.7969951391616554, 'sigma_boundary': 5.518753359046012, 'alpha': 0.5282770055030228}. Best is trial 8 with value: 0.05377019672439228.
[I 2026-03-06 01:14:23,046] Trial 44 finished with value: 0.13370482201839395 and parameters: {'sigma_noise': 0.27219438142142277, 'A_repulsion': 0.13836694487222723, 'gamma': 0.23920186639961816, 'sigma_update': 0.2056264379859444, 'eta_learning': 1.4171186343195887, 'sigma_boundary': 4.256796776676958, 'alpha': 0.5345087780086557}. Best is trial 8 with value: 0.05377019672439228.
[I 2026-03-06 01:14:32,731] Trial 49 finished with value: 0.23182111748833778 and parameters: {'sigma_noise': 0.22395802287402594, 'A_repulsion': 0.07440032036534591, 'gamma': 0.23536939396357687, 'sigma_update': 0.2720477533272739, 'eta_learning': 1.6250715662389446, 'sigma_boundary': 4.673923940314725, 'alpha': 0.4232571551501332}. Best is trial 8 with value: 0.05377019672439228.
[I 2026-03-06 01:14:53,702] Trial 50 finished with value: 0.22377430955534494 and parameters: {'sigma_noise': 0.16528862691176188, 'A_repulsion': 0.22610709044317429, 'gamma': 0.29335257693852235, 'sigma_update': 0.38371162837989414, 'eta_learning': 1.3539732177308288, 'sigma_boundary': 7.331936717301107, 'alpha': 0.5016731036822378}. Best is trial 8 with value: 0.05377019672439228.
[I 2026-03-06 01:14:56,350] Trial 48 finished with value: 0.16555535278711941 and parameters: {'sigma_noise': 0.2345196553828101, 'A_repulsion': 0.14367631011725882, 'gamma': 0.43166303755876084, 'sigma_update': 0.25502766536094895, 'eta_learning': 1.53286702515282, 'sigma_boundary': 3.1271673929391772, 'alpha': 0.4565126403308589}. Best is trial 8 with value: 0.05377019672439228.
[I 2026-03-06 01:14:56,412] Trial 45 finished with value: 0.31711370451528575 and parameters: {'sigma_noise': 0.34248989834043647, 'A_repulsion': 0.1936883490255673, 'gamma': 0.5307068596767681, 'sigma_update': 0.4490630562439148, 'eta_learning': 1.7658455427304667, 'sigma_boundary': 3.2806585633517247, 'alpha': 0.5820723064525435}. Best is trial 8 with value: 0.05377019672439228.
[I 2026-03-06 01:15:07,446] Trial 46 finished with value: 0.3247508489160318 and parameters: {'sigma_noise': 0.2431255480747136, 'A_repulsion': 0.29324957254365075, 'gamma': 0.5183113479249962, 'sigma_update': 0.44175329966698124, 'eta_learning': 1.2144551185941668, 'sigma_boundary': 3.330578754607615, 'alpha': 0.5043081660945781}. Best is trial 8 with value: 0.05377019672439228.
[I 2026-03-06 01:15:10,948] Trial 47 finished with value: 0.22587374985752284 and parameters: {'sigma_noise': 0.2565286119862749, 'A_repulsion': 0.2585982019716449, 'gamma': 0.4882209885252813, 'sigma_update': 0.35285283943490536, 'eta_learning': 1.1570104182832106, 'sigma_boundary': 5.884905314491986, 'alpha': 0.5107657883262432}. Best is trial 8 with value: 0.05377019672439228.
[I 2026-03-06 01:15:56,168] Trial 54 finished with value: 0.1403625339059337 and parameters: {'sigma_noise': 0.3092027170847885, 'A_repulsion': 0.07813400241396092, 'gamma': 0.1843943224412537, 'sigma_update': 0.23455389958369582, 'eta_learning': 1.3102001074894032, 'sigma_boundary': 4.759470335510891, 'alpha': 0.7091957785500043}. Best is trial 8 with value: 0.05377019672439228.
[I 2026-03-06 01:15:57,191] Trial 52 finished with value: 0.13059043480660737 and parameters: {'sigma_noise': 0.29254888315787997, 'A_repulsion': 0.19553851747753787, 'gamma': 0.14241041197983725, 'sigma_update': 0.2102228762799418, 'eta_learning': 1.4950615942041918, 'sigma_boundary': 4.8987886369444, 'alpha': 0.5835246538157212}. Best is trial 8 with value: 0.05377019672439228.
[I 2026-03-06 01:16:03,427] Trial 59 finished with value: 0.08581084766400619 and parameters: {'sigma_noise': 0.17028059583219035, 'A_repulsion': 0.19153190501850184, 'gamma': 0.4449921327307211, 'sigma_update': 0.151255187541213, 'eta_learning': 2.3927249633078453, 'sigma_boundary': 5.202316385680849, 'alpha': 0.5953236933633089}. Best is trial 8 with value: 0.05377019672439228.
[I 2026-03-06 01:16:17,736] Trial 53 finished with value: 0.20085690227168007 and parameters: {'sigma_noise': 0.3014381914736535, 'A_repulsion': 0.25172717881271645, 'gamma': 0.24885982035041382, 'sigma_update': 0.2818227829824912, 'eta_learning': 2.1684254847855007, 'sigma_boundary': 5.971747233375941, 'alpha': 0.5065083600619311}. Best is trial 8 with value: 0.05377019672439228.
[I 2026-03-06 01:16:23,561] Trial 55 finished with value: 0.328587530250409 and parameters: {'sigma_noise': 0.23864259809020527, 'A_repulsion': 0.27214835449609104, 'gamma': 0.3010115956230526, 'sigma_update': 0.40672372325526873, 'eta_learning': 1.3947756274492231, 'sigma_boundary': 3.7606909483293394, 'alpha': 0.47124534955993225}. Best is trial 8 with value: 0.05377019672439228.
[I 2026-03-06 01:16:24,466] Trial 51 finished with value: 0.2243482547086395 and parameters: {'sigma_noise': 0.35875186273948556, 'A_repulsion': 0.34014114019068276, 'gamma': 0.31119612993250484, 'sigma_update': 0.10784734925466569, 'eta_learning': 1.4702654710279393, 'sigma_boundary': 3.2746954845252767, 'alpha': 0.5879002756849747}. Best is trial 8 with value: 0.05377019672439228.
[I 2026-03-06 01:16:42,840] Trial 58 finished with value: 0.1239230239970627 and parameters: {'sigma_noise': 0.2903065055946137, 'A_repulsion': 0.1534228983564434, 'gamma': 0.08789894178178075, 'sigma_update': 0.25347712974370257, 'eta_learning': 0.922226040480861, 'sigma_boundary': 2.8633050596689253, 'alpha': 0.8022444874291971}. Best is trial 8 with value: 0.05377019672439228.
[I 2026-03-06 01:16:44,127] Trial 56 finished with value: 0.1419039339271629 and parameters: {'sigma_noise': 0.30697571795642553, 'A_repulsion': 0.24159878798857762, 'gamma': 0.2979571268078739, 'sigma_update': 0.222310257791997, 'eta_learning': 1.3150413830810201, 'sigma_boundary': 4.220044367036663, 'alpha': 0.5684880815531728}. Best is trial 8 with value: 0.05377019672439228.
[I 2026-03-06 01:16:48,284] Trial 57 finished with value: 0.24088204894996026 and parameters: {'sigma_noise': 0.3425499770296542, 'A_repulsion': 0.21949319256490268, 'gamma': 0.3928289877761565, 'sigma_update': 0.3641715768450618, 'eta_learning': 1.652122854071312, 'sigma_boundary': 6.332418641115653, 'alpha': 0.6095419572710291}. Best is trial 8 with value: 0.05377019672439228.
[I 2026-03-06 01:18:08,617] Trial 60 finished with value: 0.22021345681630694 and parameters: {'sigma_noise': 0.30714984837541, 'A_repulsion': 0.07372436720473596, 'gamma': 0.2423917924832649, 'sigma_update': 0.3268111625411352, 'eta_learning': 1.2636872050169083, 'sigma_boundary': 3.7783530693091114, 'alpha': 0.6033584130268892}. Best is trial 8 with value: 0.05377019672439228.
[I 2026-03-06 01:18:10,020] Trial 62 finished with value: 0.2074809666917238 and parameters: {'sigma_noise': 0.1796987783095096, 'A_repulsion': 0.1332460153219086, 'gamma': 0.07420658093857306, 'sigma_update': 0.32338343593326907, 'eta_learning': 0.5153269433920371, 'sigma_boundary': 3.9962278841559162, 'alpha': 0.36651539914649395}. Best is trial 8 with value: 0.05377019672439228.
[I 2026-03-06 01:18:37,166] Trial 61 finished with value: 0.28590696593576914 and parameters: {'sigma_noise': 0.27890154910301473, 'A_repulsion': 0.22786891213795263, 'gamma': 0.1740932100835625, 'sigma_update': 0.34754445592718003, 'eta_learning': 1.6904316544062497, 'sigma_boundary': 7.096766016827262, 'alpha': 0.4996564161654031}. Best is trial 8 with value: 0.05377019672439228.
[I 2026-03-06 01:18:40,067] Trial 66 finished with value: 0.11091239181936123 and parameters: {'sigma_noise': 0.1942133811433523, 'A_repulsion': 0.05977409366895364, 'gamma': 0.11190111961162882, 'sigma_update': 0.22933461801133015, 'eta_learning': 2.762877284815254, 'sigma_boundary': 5.757795616398387, 'alpha': 0.5152004680487695}. Best is trial 8 with value: 0.05377019672439228.
[I 2026-03-06 01:19:16,655] Trial 63 finished with value: 0.20355298395284877 and parameters: {'sigma_noise': 0.325425003512433, 'A_repulsion': 0.23767267318216073, 'gamma': 0.3192556288929473, 'sigma_update': 0.30050439567634146, 'eta_learning': 1.9237662651328644, 'sigma_boundary': 4.150337270141657, 'alpha': 0.5548202616005349}. Best is trial 8 with value: 0.05377019672439228.
[I 2026-03-06 01:19:17,431] Trial 64 finished with value: 0.10648356892900687 and parameters: {'sigma_noise': 0.230946633038075, 'A_repulsion': 0.2800083865785043, 'gamma': 0.500993061643917, 'sigma_update': 0.2724869684019926, 'eta_learning': 1.9342318899186386, 'sigma_boundary': 3.2369418046363436, 'alpha': 0.8261119385596556}. Best is trial 8 with value: 0.05377019672439228.
[I 2026-03-06 01:19:27,923] Trial 65 finished with value: 1.9925950461716877 and parameters: {'sigma_noise': 0.24913167746973824, 'A_repulsion': 0.2185319998938047, 'gamma': 0.4752673233630483, 'sigma_update': 0.43130470815792366, 'eta_learning': 0.6523423296492618, 'sigma_boundary': 8.082384838634109, 'alpha': 0.06933258909196394}. Best is trial 8 with value: 0.05377019672439228.
[I 2026-03-06 01:19:32,667] Trial 69 finished with value: 0.13690611195637187 and parameters: {'sigma_noise': 0.18209836863070272, 'A_repulsion': 0.2378398902049972, 'gamma': 0.49930108228321735, 'sigma_update': 0.06698586884040503, 'eta_learning': 2.1654117034131795, 'sigma_boundary': 4.677959470678234, 'alpha': 0.5354801015281739}. Best is trial 8 with value: 0.05377019672439228.
[I 2026-03-06 01:19:57,243] Trial 68 finished with value: 0.14327066802041782 and parameters: {'sigma_noise': 0.2950196652663995, 'A_repulsion': 0.24700486081073597, 'gamma': 0.50480998212054, 'sigma_update': 0.292467459396458, 'eta_learning': 1.7164510088382599, 'sigma_boundary': 4.599822737712015, 'alpha': 0.6141496447282716}. Best is trial 8 with value: 0.05377019672439228.
[I 2026-03-06 01:20:03,869] Trial 67 finished with value: 0.3171729825136198 and parameters: {'sigma_noise': 0.3664152005672298, 'A_repulsion': 0.16069686709562414, 'gamma': 0.2956641505210717, 'sigma_update': 0.07220430530918873, 'eta_learning': 1.939702733304633, 'sigma_boundary': 4.568608210692007, 'alpha': 0.5642952722210437}. Best is trial 8 with value: 0.05377019672439228.
[I 2026-03-06 01:20:22,496] Trial 70 finished with value: 0.12137350924981147 and parameters: {'sigma_noise': 0.32707526817243837, 'A_repulsion': 0.2923012544085592, 'gamma': 0.5737514722018169, 'sigma_update': 0.31136718419469644, 'eta_learning': 1.1707866685700443, 'sigma_boundary': 3.1207702651317164, 'alpha': 0.8174136658045685}. Best is trial 8 with value: 0.05377019672439228.
[I 2026-03-06 01:20:41,814] Trial 74 finished with value: 0.08580785051332034 and parameters: {'sigma_noise': 0.23149012448724188, 'A_repulsion': 0.14453253275491823, 'gamma': 0.533049086038683, 'sigma_update': 0.26983168200763735, 'eta_learning': 1.980624791038789, 'sigma_boundary': 6.2811521697753845, 'alpha': 0.6484116767830848}. Best is trial 8 with value: 0.05377019672439228.
[I 2026-03-06 01:20:43,312] Trial 75 finished with value: 0.12781664504885037 and parameters: {'sigma_noise': 0.1564652375743416, 'A_repulsion': 0.28034619798732097, 'gamma': 0.15386922775376868, 'sigma_update': 0.2715591206707906, 'eta_learning': 1.0541078556396266, 'sigma_boundary': 5.0367167420695855, 'alpha': 0.6402268933581492}. Best is trial 8 with value: 0.05377019672439228.
[I 2026-03-06 01:20:45,428] Trial 73 finished with value: 0.3106105408229465 and parameters: {'sigma_noise': 0.35946451556488174, 'A_repulsion': 0.037309352828433395, 'gamma': 0.2551138782388893, 'sigma_update': 0.19622659464819442, 'eta_learning': 1.377288446280858, 'sigma_boundary': 5.283989378736265, 'alpha': 0.3963154618757343}. Best is trial 8 with value: 0.05377019672439228.
[I 2026-03-06 01:20:55,542] Trial 79 finished with value: 0.11705977584384984 and parameters: {'sigma_noise': 0.23479614201549237, 'A_repulsion': 0.08223718383411761, 'gamma': 0.08142155358111589, 'sigma_update': 0.12033198218688916, 'eta_learning': 0.7661306497451037, 'sigma_boundary': 6.032094889237465, 'alpha': 0.587087371966017}. Best is trial 8 with value: 0.05377019672439228.
[I 2026-03-06 01:21:18,743] Trial 76 finished with value: 0.9205517355860119 and parameters: {'sigma_noise': 0.26494029131013763, 'A_repulsion': 0.19051638342748878, 'gamma': 0.43376052674535764, 'sigma_update': 0.012561733155825627, 'eta_learning': 1.4615766093307425, 'sigma_boundary': 4.438243625444719, 'alpha': 0.5212097781580769}. Best is trial 8 with value: 0.05377019672439228.
[I 2026-03-06 01:21:20,062] Trial 71 finished with value: 0.14807875908512902 and parameters: {'sigma_noise': 0.36013918854793925, 'A_repulsion': 0.2397389529361604, 'gamma': 0.39335725603980637, 'sigma_update': 0.2199755678134002, 'eta_learning': 1.8959501521330147, 'sigma_boundary': 6.424034809065137, 'alpha': 0.6204931789936374}. Best is trial 8 with value: 0.05377019672439228.
[I 2026-03-06 01:21:22,415] Trial 72 finished with value: 0.4338221648117244 and parameters: {'sigma_noise': 0.3565986563502391, 'A_repulsion': 0.14496684251781253, 'gamma': 0.16790631278584076, 'sigma_update': 0.06523119973537957, 'eta_learning': 1.3851849776524081, 'sigma_boundary': 6.872666464189455, 'alpha': 0.8027749139599603}. Best is trial 8 with value: 0.05377019672439228.
[I 2026-03-06 01:21:44,281] Trial 78 finished with value: 0.19420170235273515 and parameters: {'sigma_noise': 0.3225483997870868, 'A_repulsion': 0.14276424036499033, 'gamma': 0.0919025550361425, 'sigma_update': 0.2819788165117663, 'eta_learning': 1.317864501126334, 'sigma_boundary': 2.564153135752862, 'alpha': 0.5932960596697301}. Best is trial 8 with value: 0.05377019672439228.
[I 2026-03-06 01:21:55,130] Trial 77 finished with value: 0.17838746323861676 and parameters: {'sigma_noise': 0.3010434308845452, 'A_repulsion': 0.21183389082460413, 'gamma': 0.0954133757320888, 'sigma_update': 0.13610582979533115, 'eta_learning': 0.7466899895078732, 'sigma_boundary': 3.088406800161318, 'alpha': 0.9028491325675911}. Best is trial 8 with value: 0.05377019672439228.
[I 2026-03-06 01:23:16,288] Trial 80 finished with value: 0.7680903311098722 and parameters: {'sigma_noise': 0.3048069812684287, 'A_repulsion': 0.22386330877542404, 'gamma': 0.21601023981664047, 'sigma_update': 0.25099465467499316, 'eta_learning': 1.3227582742223822, 'sigma_boundary': 6.445298455519528, 'alpha': 0.3205882548242568}. Best is trial 8 with value: 0.05377019672439228.
[I 2026-03-06 01:23:27,576] Trial 85 finished with value: 0.12260672523502768 and parameters: {'sigma_noise': 0.1979837193461737, 'A_repulsion': 0.15824466650084817, 'gamma': 0.11726458419479557, 'sigma_update': 0.2416016374387564, 'eta_learning': 1.5542458051491468, 'sigma_boundary': 4.9460270734641245, 'alpha': 0.5402869100174386}. Best is trial 8 with value: 0.05377019672439228.
[I 2026-03-06 01:23:35,759] Trial 81 finished with value: 0.19752029772245 and parameters: {'sigma_noise': 0.42608862558713545, 'A_repulsion': 0.2067136616610878, 'gamma': 0.4538813633246288, 'sigma_update': 0.19277034998767217, 'eta_learning': 1.9346763045400759, 'sigma_boundary': 5.366476995065062, 'alpha': 0.581344201364217}. Best is trial 8 with value: 0.05377019672439228.
