[I 2026-03-06 00:43:52,593] Trial 116 finished with value: 0.15021429693467248 and parameters: {'sigma_noise': 0.26920922153885035, 'A_repulsion': 0.12136422521834778, 'gamma': 0.608711477457683, 'sigma_update': 0.24479701529297146, 'eta_learning': 2.3763159387646184, 'sigma_boundary': 4.934737041618841, 'alpha': 0.802554972265136}. Best is trial 113 with value: 0.1266387660785776.
[I 2026-03-06 00:44:03,094] Trial 112 finished with value: 0.172892865196682 and parameters: {'sigma_noise': 0.32433500956770167, 'A_repulsion': 0.18657044826204106, 'gamma': 0.4738525495179301, 'sigma_update': 0.32081404499313726, 'eta_learning': 1.921374565413659, 'sigma_boundary': 5.216177017390915, 'alpha': 0.6573465980903419}. Best is trial 113 with value: 0.1266387660785776.
[I 2026-03-06 00:44:08,632] Trial 115 finished with value: 0.1994454122381652 and parameters: {'sigma_noise': 0.24882226380000688, 'A_repulsion': 0.22321693281053134, 'gamma': 0.5361319759623011, 'sigma_update': 0.3287770953815773, 'eta_learning': 1.9994782583026298, 'sigma_boundary': 6.714133335404157, 'alpha': 0.9044378574389107}. Best is trial 113 with value: 0.1266387660785776.
[I 2026-03-06 00:44:10,455] Trial 114 finished with value: 0.20986246429934605 and parameters: {'sigma_noise': 0.33099915973695815, 'A_repulsion': 0.15146509263274452, 'gamma': 0.38925412270866155, 'sigma_update': 0.14153526461361068, 'eta_learning': 1.8911472830154048, 'sigma_boundary': 4.7671803421118035, 'alpha': 0.7686737605925442}. Best is trial 113 with value: 0.1266387660785776.
[I 2026-03-06 00:44:43,468] Trial 117 finished with value: 0.13061708076048154 and parameters: {'sigma_noise': 0.30288798949254747, 'A_repulsion': 0.2005024660878242, 'gamma': 0.638320070923738, 'sigma_update': 0.22550953990859254, 'eta_learning': 1.949543030472841, 'sigma_boundary': 3.186737460569114, 'alpha': 0.614149264312267}. Best is trial 113 with value: 0.1266387660785776.
[I 2026-03-06 00:44:47,591] Trial 119 finished with value: 0.16854641881299673 and parameters: {'sigma_noise': 0.23391304061825485, 'A_repulsion': 0.2537333554940862, 'gamma': 0.6156936456335507, 'sigma_update': 0.2927294995617109, 'eta_learning': 1.531202263850116, 'sigma_boundary': 7.387526173724968, 'alpha': 0.5813143274002348}. Best is trial 113 with value: 0.1266387660785776.
[I 2026-03-06 00:44:52,889] Trial 118 finished with value: 0.2577073743963836 and parameters: {'sigma_noise': 0.3447583962939701, 'A_repulsion': 0.15883260388827591, 'gamma': 0.29003304652809153, 'sigma_update': 0.3170301847252052, 'eta_learning': 2.2961778249629474, 'sigma_boundary': 7.753420803538675, 'alpha': 0.5087738769467876}. Best is trial 113 with value: 0.1266387660785776.
[I 2026-03-06 00:45:18,870] Trial 121 finished with value: 0.18007464887328198 and parameters: {'sigma_noise': 0.22078062513923974, 'A_repulsion': 0.015539449484966023, 'gamma': 0.4387070404757398, 'sigma_update': 0.2770756473587618, 'eta_learning': 2.625985963792105, 'sigma_boundary': 4.074270395366994, 'alpha': 0.7260210747206483}. Best is trial 113 with value: 0.1266387660785776.
[I 2026-03-06 00:45:52,384] Trial 122 finished with value: 0.1890503753100932 and parameters: {'sigma_noise': 0.1974022148549891, 'A_repulsion': 0.21044350914495724, 'gamma': 0.5082530796887746, 'sigma_update': 0.35917676418322153, 'eta_learning': 2.323166713762514, 'sigma_boundary': 6.752400293036757, 'alpha': 0.6387170056332174}. Best is trial 113 with value: 0.1266387660785776.
[I 2026-03-06 00:45:58,384] Trial 120 finished with value: 0.2144968104955364 and parameters: {'sigma_noise': 0.21598123343238956, 'A_repulsion': 0.26959341158899225, 'gamma': 0.6892003749395742, 'sigma_update': 0.2690402570370395, 'eta_learning': 0.7643934012655649, 'sigma_boundary': 5.440941790290663, 'alpha': 0.4271413358629134}. Best is trial 113 with value: 0.1266387660785776.
[I 2026-03-06 00:46:25,681] Trial 126 finished with value: 0.2521897658654339 and parameters: {'sigma_noise': 0.14026582546475636, 'A_repulsion': 0.15453943954386806, 'gamma': 0.307405534720491, 'sigma_update': 0.36963587729993785, 'eta_learning': 2.071241151063038, 'sigma_boundary': 2.8587122460474856, 'alpha': 0.78779742421535}. Best is trial 113 with value: 0.1266387660785776.
[I 2026-03-06 00:46:27,834] Trial 124 finished with value: 0.19319441659145498 and parameters: {'sigma_noise': 0.26084292601395737, 'A_repulsion': 0.07389850072347004, 'gamma': 0.47119209830172415, 'sigma_update': 0.32255671649566753, 'eta_learning': 2.5867284811535307, 'sigma_boundary': 6.081578816238802, 'alpha': 0.6241336219018168}. Best is trial 113 with value: 0.1266387660785776.
[I 2026-03-06 00:46:34,571] Trial 125 finished with value: 0.10502469499119803 and parameters: {'sigma_noise': 0.18156397770340665, 'A_repulsion': 0.16191098495202405, 'gamma': 0.6383922756349779, 'sigma_update': 0.14251880918666301, 'eta_learning': 2.4118866417812717, 'sigma_boundary': 7.75779417140052, 'alpha': 0.6621212826701466}. Best is trial 125 with value: 0.10502469499119803.
[I 2026-03-06 00:46:40,094] Trial 123 finished with value: 0.16143809724871427 and parameters: {'sigma_noise': 0.2707576350941875, 'A_repulsion': 0.17832793097011562, 'gamma': 0.4298890010360362, 'sigma_update': 0.19141439023619122, 'eta_learning': 2.578769504341102, 'sigma_boundary': 6.036382567413676, 'alpha': 0.6322920496445206}. Best is trial 125 with value: 0.10502469499119803.
[I 2026-03-06 00:47:06,973] Trial 132 finished with value: 0.16490583739124104 and parameters: {'sigma_noise': 0.2153463186862868, 'A_repulsion': 0.022825538683807156, 'gamma': 0.6322041060845407, 'sigma_update': 0.34415843301357385, 'eta_learning': 1.5764724945606965, 'sigma_boundary': 5.43039870786664, 'alpha': 0.6567083212722705}. Best is trial 125 with value: 0.10502469499119803.
[I 2026-03-06 00:47:23,227] Trial 128 finished with value: 0.13283527855569355 and parameters: {'sigma_noise': 0.2503856685996985, 'A_repulsion': 0.12290049674214919, 'gamma': 0.513549465554787, 'sigma_update': 0.14491248350611285, 'eta_learning': 2.108020261287676, 'sigma_boundary': 5.532009188957082, 'alpha': 0.7406924520942296}. Best is trial 125 with value: 0.10502469499119803.
[I 2026-03-06 00:47:35,820] Trial 129 finished with value: 0.17095575086272735 and parameters: {'sigma_noise': 0.24872762335474258, 'A_repulsion': 0.1543241435283756, 'gamma': 0.5634734386871876, 'sigma_update': 0.2859390306192907, 'eta_learning': 2.1312992395409682, 'sigma_boundary': 4.26666847909709, 'alpha': 0.5597184566305802}. Best is trial 125 with value: 0.10502469499119803.
[I 2026-03-06 00:47:36,991] Trial 127 finished with value: 0.1586280603153586 and parameters: {'sigma_noise': 0.27472058683000417, 'A_repulsion': 0.13767943577554204, 'gamma': 0.2836457751500062, 'sigma_update': 0.21159379919358795, 'eta_learning': 1.6989611277923493, 'sigma_boundary': 4.170326278490937, 'alpha': 0.6089656648539145}. Best is trial 125 with value: 0.10502469499119803.
[I 2026-03-06 00:47:43,458] Trial 135 finished with value: 0.20497630007663517 and parameters: {'sigma_noise': 0.19451346364301952, 'A_repulsion': 0.07379793778380636, 'gamma': 0.4563365683808586, 'sigma_update': 0.36639740271067933, 'eta_learning': 2.346748524281924, 'sigma_boundary': 6.69541548134061, 'alpha': 0.8373485419158795}. Best is trial 125 with value: 0.10502469499119803.
[I 2026-03-06 00:48:03,248] Trial 130 finished with value: 0.16641992200431616 and parameters: {'sigma_noise': 0.28450182773739435, 'A_repulsion': 0.20379748380083135, 'gamma': 0.4132046038630572, 'sigma_update': 0.2702384335984761, 'eta_learning': 1.792919925111801, 'sigma_boundary': 7.099948427282639, 'alpha': 0.582316227659839}. Best is trial 125 with value: 0.10502469499119803.
[I 2026-03-06 00:48:24,771] Trial 134 finished with value: 0.13406256097044142 and parameters: {'sigma_noise': 0.2609773287453543, 'A_repulsion': 0.10204184083735873, 'gamma': 0.6956188674511784, 'sigma_update': 0.20098012941878973, 'eta_learning': 1.3729000021216597, 'sigma_boundary': 6.152094429504239, 'alpha': 0.671860079577414}. Best is trial 125 with value: 0.10502469499119803.
[I 2026-03-06 00:48:29,316] Trial 131 finished with value: 0.18682926195606875 and parameters: {'sigma_noise': 0.36813744299731416, 'A_repulsion': 0.11800112805027373, 'gamma': 0.3506167225996303, 'sigma_update': 0.2686550519659338, 'eta_learning': 2.0280970850277362, 'sigma_boundary': 8.449913298665145, 'alpha': 0.6687308059891558}. Best is trial 125 with value: 0.10502469499119803.
[I 2026-03-06 00:48:59,236] Trial 133 finished with value: 0.17194046621276243 and parameters: {'sigma_noise': 0.3472721943599594, 'A_repulsion': 0.15351440028005922, 'gamma': 0.2871125599113353, 'sigma_update': 0.20924028858978044, 'eta_learning': 1.8401331278690893, 'sigma_boundary': 5.807549498633915, 'alpha': 0.5301711755092976}. Best is trial 125 with value: 0.10502469499119803.
[I 2026-03-06 00:49:10,041] Trial 136 finished with value: 0.19595670004806212 and parameters: {'sigma_noise': 0.2850872008273185, 'A_repulsion': 0.2837498492659475, 'gamma': 0.4021993642437128, 'sigma_update': 0.3073022427424798, 'eta_learning': 2.3168449011759025, 'sigma_boundary': 5.913402737708749, 'alpha': 0.6094134251974894}. Best is trial 125 with value: 0.10502469499119803.
[I 2026-03-06 00:49:21,690] Trial 138 finished with value: 0.1683938338509277 and parameters: {'sigma_noise': 0.3275362458468172, 'A_repulsion': 0.05660635686192278, 'gamma': 0.37365563543493685, 'sigma_update': 0.23307640338936178, 'eta_learning': 1.4192762616025267, 'sigma_boundary': 4.963369870778313, 'alpha': 0.7827691421376854}. Best is trial 125 with value: 0.10502469499119803.
[I 2026-03-06 00:49:40,500] Trial 139 finished with value: 0.17188720898813697 and parameters: {'sigma_noise': 0.3212611477921564, 'A_repulsion': 0.1409220197614494, 'gamma': 0.43450655657453036, 'sigma_update': 0.3947373670632947, 'eta_learning': 2.261747469922135, 'sigma_boundary': 7.59268375827848, 'alpha': 0.769716238171938}. Best is trial 125 with value: 0.10502469499119803.
[I 2026-03-06 00:49:48,691] Trial 137 finished with value: 0.20185445176046915 and parameters: {'sigma_noise': 0.3293516258317872, 'A_repulsion': 0.2246123503650576, 'gamma': 0.4565726620170539, 'sigma_update': 0.2485157793911255, 'eta_learning': 1.9331294586393788, 'sigma_boundary': 3.4504748006065835, 'alpha': 0.8280925421253416}. Best is trial 125 with value: 0.10502469499119803.
[I 2026-03-06 00:49:50,252] Trial 141 finished with value: 0.19226686272415572 and parameters: {'sigma_noise': 0.20364909061432557, 'A_repulsion': 0.0669149026942348, 'gamma': 0.5013804221009153, 'sigma_update': 0.4198849137211026, 'eta_learning': 1.5581083723788782, 'sigma_boundary': 7.611648746900563, 'alpha': 0.6820022802297401}. Best is trial 125 with value: 0.10502469499119803.
[I 2026-03-06 00:50:22,184] Trial 140 finished with value: 0.1612145232313951 and parameters: {'sigma_noise': 0.3301833911092763, 'A_repulsion': 0.22191553168220451, 'gamma': 0.4403681287873982, 'sigma_update': 0.3589688976307549, 'eta_learning': 1.943539716315651, 'sigma_boundary': 7.082041436376856, 'alpha': 0.7978796161921191}. Best is trial 125 with value: 0.10502469499119803.
[I 2026-03-06 00:50:27,481] Trial 142 finished with value: 0.1906757217763771 and parameters: {'sigma_noise': 0.21960715042743123, 'A_repulsion': 0.1501620349432736, 'gamma': 0.42322021753939243, 'sigma_update': 0.26340840123361076, 'eta_learning': 1.440012151874224, 'sigma_boundary': 5.9510785009135825, 'alpha': 0.5943054334804526}. Best is trial 125 with value: 0.10502469499119803.
[I 2026-03-06 00:50:28,648] Trial 143 finished with value: 0.12779365753267932 and parameters: {'sigma_noise': 0.22566991800290787, 'A_repulsion': 0.07492811409844528, 'gamma': 0.6141106106152913, 'sigma_update': 0.2889334601207448, 'eta_learning': 2.2441363054875256, 'sigma_boundary': 2.601303313298649, 'alpha': 0.7213053479226611}. Best is trial 125 with value: 0.10502469499119803.
[I 2026-03-06 00:50:45,236] Trial 144 finished with value: 0.12421811762386469 and parameters: {'sigma_noise': 0.22474497703136814, 'A_repulsion': 0.13054707248675199, 'gamma': 0.5068559159613559, 'sigma_update': 0.10136548650155626, 'eta_learning': 1.327471994053544, 'sigma_boundary': 7.088384812989507, 'alpha': 0.6641167964552505}. Best is trial 125 with value: 0.10502469499119803.
[I 2026-03-06 00:51:02,444] Trial 146 finished with value: 0.13313819169283167 and parameters: {'sigma_noise': 0.2806943205120935, 'A_repulsion': 0.07389247604097736, 'gamma': 0.45362333363899787, 'sigma_update': 0.28933155666003546, 'eta_learning': 2.0010603753167393, 'sigma_boundary': 5.9486632981063226, 'alpha': 0.7194662814959808}. Best is trial 125 with value: 0.10502469499119803.
[I 2026-03-06 00:51:10,078] Trial 147 finished with value: 0.17092844982730276 and parameters: {'sigma_noise': 0.22411416554874775, 'A_repulsion': 0.058211885460250384, 'gamma': 0.5058912921166143, 'sigma_update': 0.29398696412287306, 'eta_learning': 1.0504340898980562, 'sigma_boundary': 5.836306328306537, 'alpha': 0.6970383644054547}. Best is trial 125 with value: 0.10502469499119803.
[I 2026-03-06 00:51:14,129] Trial 145 finished with value: 0.1942739360585686 and parameters: {'sigma_noise': 0.24835121241148694, 'A_repulsion': 0.1572638859730343, 'gamma': 0.41896459435972694, 'sigma_update': 0.36317768064383715, 'eta_learning': 1.9388544899036204, 'sigma_boundary': 6.012681990566251, 'alpha': 0.6863687105776305}. Best is trial 125 with value: 0.10502469499119803.
[I 2026-03-06 00:51:34,251] Trial 150 finished with value: 0.1987388317785307 and parameters: {'sigma_noise': 0.1978207943365502, 'A_repulsion': 0.06648503658494548, 'gamma': 0.45231365793052886, 'sigma_update': 0.2759161950091477, 'eta_learning': 1.478569791441539, 'sigma_boundary': 4.363270012556721, 'alpha': 0.7480847027384254}. Best is trial 125 with value: 0.10502469499119803.
[I 2026-03-06 00:51:43,623] Trial 148 finished with value: 0.1959351293197366 and parameters: {'sigma_noise': 0.19545731782444137, 'A_repulsion': 0.1360010938739214, 'gamma': 0.4824272403268075, 'sigma_update': 0.2442026078398369, 'eta_learning': 1.8829832152138233, 'sigma_boundary': 7.07056678748557, 'alpha': 0.8913080542263387}. Best is trial 125 with value: 0.10502469499119803.
[I 2026-03-06 00:51:51,743] Trial 149 finished with value: 0.18235414388490193 and parameters: {'sigma_noise': 0.17322023694609207, 'A_repulsion': 0.20819930477152876, 'gamma': 0.6251019480311975, 'sigma_update': 0.38853000302306484, 'eta_learning': 1.7567248706076533, 'sigma_boundary': 5.297067295891767, 'alpha': 0.6299761385945735}. Best is trial 125 with value: 0.10502469499119803.
[I 2026-03-06 00:52:06,752] Trial 151 finished with value: 0.22281623616971274 and parameters: {'sigma_noise': 0.20477434878335582, 'A_repulsion': 0.16865050119970942, 'gamma': 0.49569684249601287, 'sigma_update': 0.34551451967409025, 'eta_learning': 2.041768805858782, 'sigma_boundary': 8.066761208815707, 'alpha': 0.5188753380992894}. Best is trial 125 with value: 0.10502469499119803.
[I 2026-03-06 00:52:24,071] Trial 152 finished with value: 0.17459546526945868 and parameters: {'sigma_noise': 0.20039200119751582, 'A_repulsion': 0.16746106191465066, 'gamma': 0.5867794152680967, 'sigma_update': 0.309488318462058, 'eta_learning': 1.9933720065512102, 'sigma_boundary': 6.30489786326124, 'alpha': 0.6487077850300592}. Best is trial 125 with value: 0.10502469499119803.
[I 2026-03-06 00:52:56,737] Trial 153 finished with value: 0.16667780684622416 and parameters: {'sigma_noise': 0.2233730356750141, 'A_repulsion': 0.19927132384275142, 'gamma': 0.46878912244771515, 'sigma_update': 0.250852901413514, 'eta_learning': 1.6603255689734708, 'sigma_boundary': 5.53824799688359, 'alpha': 0.5681870199815}. Best is trial 125 with value: 0.10502469499119803.
[I 2026-03-06 00:53:12,795] Trial 154 finished with value: 0.14966711547282413 and parameters: {'sigma_noise': 0.24906722503017065, 'A_repulsion': 0.2196025300644981, 'gamma': 0.5886647958650488, 'sigma_update': 0.2969753890707475, 'eta_learning': 2.219537405553184, 'sigma_boundary': 7.791988813895983, 'alpha': 0.6752346145894111}. Best is trial 125 with value: 0.10502469499119803.
[I 2026-03-06 00:53:29,126] Trial 156 finished with value: 0.11604555941184212 and parameters: {'sigma_noise': 0.2856899473641647, 'A_repulsion': 0.043629188916253614, 'gamma': 0.6653850285538269, 'sigma_update': 0.2592423892422938, 'eta_learning': 1.7580723004422287, 'sigma_boundary': 5.866207560800066, 'alpha': 0.7271849094150798}. Best is trial 125 with value: 0.10502469499119803.
[I 2026-03-06 00:53:44,097] Trial 155 finished with value: 0.2802493925301076 and parameters: {'sigma_noise': 0.2623448760350029, 'A_repulsion': 0.1920406315586244, 'gamma': 0.34833167326886777, 'sigma_update': 0.43614596929632643, 'eta_learning': 2.2514064770659026, 'sigma_boundary': 4.9437945654267486, 'alpha': 0.5963229065047903}. Best is trial 125 with value: 0.10502469499119803.
[I 2026-03-06 00:54:04,230] Trial 160 finished with value: 0.14471143245359067 and parameters: {'sigma_noise': 0.3178634118149134, 'A_repulsion': 0.007218002816107322, 'gamma': 0.5679906246128422, 'sigma_update': 0.20659747627614483, 'eta_learning': 1.3185538755160737, 'sigma_boundary': 7.014965348345132, 'alpha': 0.7489099175219154}. Best is trial 125 with value: 0.10502469499119803.
[I 2026-03-06 00:54:07,425] Trial 159 finished with value: 0.14530888435238534 and parameters: {'sigma_noise': 0.21765305530520174, 'A_repulsion': 0.16979022815918518, 'gamma': 0.7323991088303927, 'sigma_update': 0.3939212158747443, 'eta_learning': 2.113147810969214, 'sigma_boundary': 5.483337045118212, 'alpha': 0.6113743075281138}. Best is trial 125 with value: 0.10502469499119803.
[I 2026-03-06 00:54:08,558] Trial 158 finished with value: 0.2203653470131698 and parameters: {'sigma_noise': 0.20417407265055754, 'A_repulsion': 0.19369426125663264, 'gamma': 0.5403428705570712, 'sigma_update': 0.2722876975710974, 'eta_learning': 1.4144973536827543, 'sigma_boundary': 6.431717131201842, 'alpha': 0.4064440268907237}. Best is trial 125 with value: 0.10502469499119803.
[I 2026-03-06 00:54:20,927] Trial 157 finished with value: 0.1884019740529355 and parameters: {'sigma_noise': 0.27497919653652303, 'A_repulsion': 0.2004374392322305, 'gamma': 0.5890887104138055, 'sigma_update': 0.3347976692730876, 'eta_learning': 1.571009350187448, 'sigma_boundary': 6.451141329210979, 'alpha': 0.555978969529683}. Best is trial 125 with value: 0.10502469499119803.
[I 2026-03-06 00:54:30,084] Trial 161 finished with value: 0.15160174616911204 and parameters: {'sigma_noise': 0.2647396742939111, 'A_repulsion': 0.008344776844211865, 'gamma': 0.27082379184116945, 'sigma_update': 0.18115808988482807, 'eta_learning': 1.505162206934324, 'sigma_boundary': 7.063595246732105, 'alpha': 0.6888379850676317}. Best is trial 125 with value: 0.10502469499119803.
[I 2026-03-06 00:55:12,172] Trial 164 finished with value: 0.14128069902824486 and parameters: {'sigma_noise': 0.32060462750153995, 'A_repulsion': 0.061964419545625066, 'gamma': 0.5639358442985755, 'sigma_update': 0.3909201301567641, 'eta_learning': 2.0487260832831544, 'sigma_boundary': 5.108832040924908, 'alpha': 0.8718240099291222}. Best is trial 125 with value: 0.10502469499119803.
[I 2026-03-06 00:55:16,998] Trial 162 finished with value: 0.16839692705668147 and parameters: {'sigma_noise': 0.3439431156169478, 'A_repulsion': 0.07482554346990436, 'gamma': 0.38838554431755046, 'sigma_update': 0.2598412394319775, 'eta_learning': 1.0577478142439853, 'sigma_boundary': 3.835946473015371, 'alpha': 0.6955344578104316}. Best is trial 125 with value: 0.10502469499119803.
[I 2026-03-06 00:55:20,338] Trial 163 finished with value: 0.14799701651752495 and parameters: {'sigma_noise': 0.251005436002521, 'A_repulsion': 0.23241499472160512, 'gamma': 0.5556907265652968, 'sigma_update': 0.20516605784084316, 'eta_learning': 1.7672925970332798, 'sigma_boundary': 6.172186244488989, 'alpha': 0.685856373731006}. Best is trial 125 with value: 0.10502469499119803.
[I 2026-03-06 00:55:36,383] Trial 170 finished with value: 0.17903078476617798 and parameters: {'sigma_noise': 0.2081834929652676, 'A_repulsion': 0.04731083965081047, 'gamma': 0.4608877397251729, 'sigma_update': 0.338554586308819, 'eta_learning': 1.0764332846637619, 'sigma_boundary': 5.630657125890551, 'alpha': 0.6490344953232302}. Best is trial 125 with value: 0.10502469499119803.
[I 2026-03-06 00:55:47,317] Trial 167 finished with value: 0.1550665936858422 and parameters: {'sigma_noise': 0.30717213978336944, 'A_repulsion': 0.10411997575364192, 'gamma': 0.48230947477825004, 'sigma_update': 0.30044384099786603, 'eta_learning': 1.3978445853014678, 'sigma_boundary': 6.531550929751991, 'alpha': 0.8054418213898622}. Best is trial 125 with value: 0.10502469499119803.
[I 2026-03-06 00:56:02,050] Trial 165 finished with value: 0.12928341920755748 and parameters: {'sigma_noise': 0.348797184129552, 'A_repulsion': 0.17965154789110999, 'gamma': 0.6389759609559094, 'sigma_update': 0.2525727826537374, 'eta_learning': 1.5597304070378661, 'sigma_boundary': 7.642092550101091, 'alpha': 0.712400332109112}. Best is trial 125 with value: 0.10502469499119803.
[I 2026-03-06 00:56:07,047] Trial 171 finished with value: 0.14742530263504483 and parameters: {'sigma_noise': 0.28049304467155706, 'A_repulsion': 0.012568740099793058, 'gamma': 0.6896400603308261, 'sigma_update': 0.08704843731743066, 'eta_learning': 2.2619751368858676, 'sigma_boundary': 8.091578692440766, 'alpha': 0.6648471884984763}. Best is trial 125 with value: 0.10502469499119803.
[I 2026-03-06 00:56:20,834] Trial 166 finished with value: 0.1680448753302588 and parameters: {'sigma_noise': 0.37500791641976666, 'A_repulsion': 0.1665986036941352, 'gamma': 0.6106963150928957, 'sigma_update': 0.2856242080934414, 'eta_learning': 1.0925524950045091, 'sigma_boundary': 5.329898292908114, 'alpha': 0.7504050852257904}. Best is trial 125 with value: 0.10502469499119803.
