[I 2026-03-06 01:54:25,848] Trial 169 finished with value: 0.09020540648673589 and parameters: {'sigma_noise': 0.2568756709035774, 'A_repulsion': 0.12187626323315873, 'gamma': 0.649190844755268, 'sigma_update': 0.3008683157544138, 'eta_learning': 0.2033388904668201, 'sigma_boundary': 6.552641467166614, 'alpha': 0.5662298686846907}. Best is trial 167 with value: 0.06348973077610784.
[I 2026-03-06 01:54:55,868] Trial 170 finished with value: 0.08349621556650676 and parameters: {'sigma_noise': 0.2238360779322992, 'A_repulsion': 0.2893278508491402, 'gamma': 0.6232849672935977, 'sigma_update': 0.18022166923177432, 'eta_learning': 1.1301544983385827, 'sigma_boundary': 8.028873989907742, 'alpha': 0.7243291110979456}. Best is trial 167 with value: 0.06348973077610784.
[I 2026-03-06 01:55:04,400] Trial 171 finished with value: 0.10896295418987317 and parameters: {'sigma_noise': 0.15163603115858396, 'A_repulsion': 0.4057338302317416, 'gamma': 0.6644221778011289, 'sigma_update': 0.12606698217969567, 'eta_learning': 0.1001038287770006, 'sigma_boundary': 6.664068130437596, 'alpha': 0.8825984889894716}. Best is trial 167 with value: 0.06348973077610784.
[I 2026-03-06 01:55:15,149] Trial 172 finished with value: 1.0324397390763738 and parameters: {'sigma_noise': 0.14866717047699146, 'A_repulsion': 0.23334849710316866, 'gamma': 0.47140286617101296, 'sigma_update': 0.08466718489030015, 'eta_learning': 1.4950900538477525, 'sigma_boundary': 6.293256138302435, 'alpha': 0.24219036209765127}. Best is trial 167 with value: 0.06348973077610784.
[I 2026-03-06 01:56:00,211] Trial 181 finished with value: 0.09882522606672431 and parameters: {'sigma_noise': 0.18234154648700485, 'A_repulsion': 0.24196895039881455, 'gamma': 0.6152142661337067, 'sigma_update': 0.2891242871726405, 'eta_learning': 0.11599191959207494, 'sigma_boundary': 8.354810805605462, 'alpha': 0.55010423449811}. Best is trial 167 with value: 0.06348973077610784.
[I 2026-03-06 01:56:03,661] Trial 173 finished with value: 0.41418559612468653 and parameters: {'sigma_noise': 0.2863164880566406, 'A_repulsion': 0.19506456954435053, 'gamma': 0.681599192515046, 'sigma_update': 0.04949088786844312, 'eta_learning': 0.9899795098513566, 'sigma_boundary': 8.546900738427263, 'alpha': 0.4933806637321938}. Best is trial 167 with value: 0.06348973077610784.
[I 2026-03-06 01:56:09,115] Trial 175 finished with value: 0.1791277354934752 and parameters: {'sigma_noise': 0.2441134439728197, 'A_repulsion': 0.27255697342282975, 'gamma': 0.636865244154478, 'sigma_update': 0.32985729233818206, 'eta_learning': 1.1886876550809717, 'sigma_boundary': 6.380806481203453, 'alpha': 0.5998140679157229}. Best is trial 167 with value: 0.06348973077610784.
[I 2026-03-06 01:56:10,990] Trial 174 finished with value: 0.13920424393196024 and parameters: {'sigma_noise': 0.2664613606665914, 'A_repulsion': 0.23184432184990603, 'gamma': 0.5595950615317369, 'sigma_update': 0.07698085245821426, 'eta_learning': 0.17468174403760314, 'sigma_boundary': 6.891695042736158, 'alpha': 0.7220618333612941}. Best is trial 167 with value: 0.06348973077610784.
[I 2026-03-06 01:56:20,086] Trial 177 finished with value: 0.14799318447294418 and parameters: {'sigma_noise': 0.24473914891826115, 'A_repulsion': 0.27087259921971885, 'gamma': 0.4293850604072253, 'sigma_update': 0.2330214593464548, 'eta_learning': 0.04248342394810128, 'sigma_boundary': 5.7476683316350465, 'alpha': 0.5435464078415966}. Best is trial 167 with value: 0.06348973077610784.
[I 2026-03-06 01:56:28,001] Trial 178 finished with value: 0.05165084125718183 and parameters: {'sigma_noise': 0.2808705062494005, 'A_repulsion': 0.2630593540896018, 'gamma': 0.9222252515346054, 'sigma_update': 0.3339498256857963, 'eta_learning': 0.2830872918777375, 'sigma_boundary': 8.513934322644758, 'alpha': 0.6924967566097321}. Best is trial 178 with value: 0.05165084125718183.
[I 2026-03-06 01:56:29,296] Trial 176 finished with value: 0.2226154301013857 and parameters: {'sigma_noise': 0.30031032511280786, 'A_repulsion': 0.1931453121991295, 'gamma': 0.6164209179666401, 'sigma_update': 0.3040981942842424, 'eta_learning': 1.3247268326886792, 'sigma_boundary': 7.235093078652684, 'alpha': 0.5608867840399362}. Best is trial 178 with value: 0.05165084125718183.
[I 2026-03-06 01:56:32,666] Trial 183 finished with value: 0.08622121549660822 and parameters: {'sigma_noise': 0.1583984579801401, 'A_repulsion': 0.28677521490733976, 'gamma': 0.7033455710736436, 'sigma_update': 0.2466032417678673, 'eta_learning': 0.40873814514090195, 'sigma_boundary': 6.357866290197594, 'alpha': 0.8702563894422779}. Best is trial 178 with value: 0.05165084125718183.
[I 2026-03-06 01:56:37,618] Trial 185 finished with value: 0.10228112933783354 and parameters: {'sigma_noise': 0.10398985292540751, 'A_repulsion': 0.34612417566336434, 'gamma': 0.8454631870830169, 'sigma_update': 0.32371736560269865, 'eta_learning': 1.0685817223180094, 'sigma_boundary': 7.622630818654609, 'alpha': 0.7098145411709149}. Best is trial 178 with value: 0.05165084125718183.
[I 2026-03-06 01:56:48,816] Trial 179 finished with value: 0.4223041018313997 and parameters: {'sigma_noise': 0.21215198652734768, 'A_repulsion': 0.3656856102771605, 'gamma': 0.7360191936644428, 'sigma_update': 0.02559651925754851, 'eta_learning': 0.17764132615287997, 'sigma_boundary': 5.816264838099144, 'alpha': 0.9038575726765585}. Best is trial 178 with value: 0.05165084125718183.
[I 2026-03-06 01:56:56,432] Trial 184 finished with value: 0.06986757187523351 and parameters: {'sigma_noise': 0.26182027192746665, 'A_repulsion': 0.16804111047249903, 'gamma': 0.8418071345971573, 'sigma_update': 0.2470910642830359, 'eta_learning': 1.4003183796572614, 'sigma_boundary': 7.175796947425053, 'alpha': 0.7074986374178855}. Best is trial 178 with value: 0.05165084125718183.
[I 2026-03-06 01:56:56,575] Trial 180 finished with value: 1.1711796436246797 and parameters: {'sigma_noise': 0.291752868383442, 'A_repulsion': 0.2462857841946911, 'gamma': 0.5938943247876458, 'sigma_update': 0.010722905390711886, 'eta_learning': 0.6910424404518577, 'sigma_boundary': 4.630414059811868, 'alpha': 0.5319756151854278}. Best is trial 178 with value: 0.05165084125718183.
[I 2026-03-06 01:57:06,818] Trial 182 finished with value: 0.13463945907565472 and parameters: {'sigma_noise': 0.2970773884295273, 'A_repulsion': 0.31024791624319425, 'gamma': 0.5033184102062603, 'sigma_update': 0.18175449377951808, 'eta_learning': 1.3377941962742042, 'sigma_boundary': 8.669210668275399, 'alpha': 0.6206941107638315}. Best is trial 178 with value: 0.05165084125718183.
[I 2026-03-06 01:57:10,481] Trial 187 finished with value: 0.16195622882635133 and parameters: {'sigma_noise': 0.22135872283365066, 'A_repulsion': 0.06875840251062909, 'gamma': 0.39568676698752436, 'sigma_update': 0.10874880438496104, 'eta_learning': 0.885479723024578, 'sigma_boundary': 3.2015446487442385, 'alpha': 0.4215590763986788}. Best is trial 178 with value: 0.05165084125718183.
[I 2026-03-06 01:57:29,162] Trial 186 finished with value: 0.26770047946179926 and parameters: {'sigma_noise': 0.1573596355070967, 'A_repulsion': 0.4326225909429899, 'gamma': 0.3891682746527719, 'sigma_update': 0.05876445171121188, 'eta_learning': 0.36097143053769803, 'sigma_boundary': 5.631705275543105, 'alpha': 0.8846683415795661}. Best is trial 178 with value: 0.05165084125718183.
[I 2026-03-06 01:57:37,627] Trial 189 finished with value: 0.09792856816494253 and parameters: {'sigma_noise': 0.1731981295901308, 'A_repulsion': 0.21647689348057253, 'gamma': 0.6182990921659766, 'sigma_update': 0.07466277226718253, 'eta_learning': 0.9788302617439611, 'sigma_boundary': 2.9893408092173956, 'alpha': 0.5806614262993189}. Best is trial 178 with value: 0.05165084125718183.
[I 2026-03-06 01:57:47,782] Trial 194 finished with value: 0.10934426438888964 and parameters: {'sigma_noise': 0.0797280227486426, 'A_repulsion': 0.17347767907441758, 'gamma': 0.586854027709758, 'sigma_update': 0.1271608828988314, 'eta_learning': 0.055530537187826384, 'sigma_boundary': 7.045101400453657, 'alpha': 0.7313149749482245}. Best is trial 178 with value: 0.05165084125718183.
[I 2026-03-06 01:57:53,812] Trial 193 finished with value: 0.18823054709469378 and parameters: {'sigma_noise': 0.22402410866392397, 'A_repulsion': 0.18373758826487468, 'gamma': 0.42824811422867637, 'sigma_update': 0.2994573294371844, 'eta_learning': 1.2657972986748705, 'sigma_boundary': 7.384566507417711, 'alpha': 0.6128839165193888}. Best is trial 178 with value: 0.05165084125718183.
[I 2026-03-06 01:57:56,958] Trial 188 finished with value: 0.09508357226968678 and parameters: {'sigma_noise': 0.20234528326053286, 'A_repulsion': 0.3505239020822119, 'gamma': 0.618444497417703, 'sigma_update': 0.1489123116349697, 'eta_learning': 0.44291194240904375, 'sigma_boundary': 7.347323260897771, 'alpha': 0.8653470485615373}. Best is trial 178 with value: 0.05165084125718183.
[I 2026-03-06 01:58:00,242] Trial 190 finished with value: 0.08097313282668275 and parameters: {'sigma_noise': 0.2056657283987346, 'A_repulsion': 0.3388221773201998, 'gamma': 0.6438900466833691, 'sigma_update': 0.19056503829377414, 'eta_learning': 0.8950053793659758, 'sigma_boundary': 6.752863456603799, 'alpha': 0.7510636464981895}. Best is trial 178 with value: 0.05165084125718183.
[I 2026-03-06 01:58:01,256] Trial 195 finished with value: 0.06613894723204918 and parameters: {'sigma_noise': 0.160620111723707, 'A_repulsion': 0.11541064356447486, 'gamma': 0.810954105073784, 'sigma_update': 0.12969251992361097, 'eta_learning': 1.6260835138392669, 'sigma_boundary': 5.8782288913001, 'alpha': 0.6266664926722577}. Best is trial 178 with value: 0.05165084125718183.
[I 2026-03-06 01:58:06,337] Trial 191 finished with value: 0.07777118017667259 and parameters: {'sigma_noise': 0.26789708521693606, 'A_repulsion': 0.2615950805008458, 'gamma': 0.8028104440743393, 'sigma_update': 0.20621980124104933, 'eta_learning': 0.2208735938506907, 'sigma_boundary': 6.277011423042983, 'alpha': 0.8208698670605764}. Best is trial 178 with value: 0.05165084125718183.
[I 2026-03-06 01:58:08,312] Trial 192 finished with value: 0.10124892200713326 and parameters: {'sigma_noise': 0.288595296473353, 'A_repulsion': 0.24319025130433156, 'gamma': 0.6888697178898123, 'sigma_update': 0.18334488535514418, 'eta_learning': 1.7047671676425535, 'sigma_boundary': 5.635704583091004, 'alpha': 0.6958194205995326}. Best is trial 178 with value: 0.05165084125718183.
[I 2026-03-06 01:58:10,282] Trial 196 finished with value: 0.09890474413931938 and parameters: {'sigma_noise': 0.16839210366880358, 'A_repulsion': 0.2438166050563968, 'gamma': 0.5332264900643483, 'sigma_update': 0.19239049342037753, 'eta_learning': 1.1888827902605337, 'sigma_boundary': 5.1064406670434, 'alpha': 0.5322894580366185}. Best is trial 178 with value: 0.05165084125718183.
[I 2026-03-06 01:58:16,353] Trial 199 finished with value: 0.09428415061013318 and parameters: {'sigma_noise': 0.136938983200055, 'A_repulsion': 0.34836635735961774, 'gamma': 0.7034531568470656, 'sigma_update': 0.2576583254228332, 'eta_learning': 0.8294128409493624, 'sigma_boundary': 5.638907265307418, 'alpha': 0.8805810320964087}. Best is trial 178 with value: 0.05165084125718183.
[I 2026-03-06 01:58:19,038] Trial 198 finished with value: 0.07428086089543415 and parameters: {'sigma_noise': 0.2619700830116855, 'A_repulsion': 0.3196718187093277, 'gamma': 0.9333963818102808, 'sigma_update': 0.19491348718196155, 'eta_learning': 0.8154322255408104, 'sigma_boundary': 7.601510232554146, 'alpha': 0.7022030623894556}. Best is trial 178 with value: 0.05165084125718183.
[I 2026-03-06 01:58:19,952] Trial 197 finished with value: 0.2179970414778533 and parameters: {'sigma_noise': 0.2136896858917392, 'A_repulsion': 0.33620443763656005, 'gamma': 0.6027124800184104, 'sigma_update': 0.04721622892204893, 'eta_learning': 1.2652673902799896, 'sigma_boundary': 8.696061531800456, 'alpha': 0.5329320477815941}. Best is trial 178 with value: 0.05165084125718183.
[I 2026-03-06 01:58:30,944] A new study created in memory with name: no-name-92227c0f-19fe-4ad8-a74c-cf20d81ab760
[I 2026-03-06 02:01:43,547] Trial 19 finished with value: 0.24572446964013664 and parameters: {'sigma_noise': 0.10666812667553237, 'A_repulsion': 0.12258534821328565, 'gamma': 0.474484177845034, 'sigma_update': 0.036063728355581116, 'eta_learning': 1.8476300242771657, 'sigma_boundary': 2.351286828495057, 'alpha': 0.3005753907285603}. Best is trial 19 with value: 0.24572446964013664.
[I 2026-03-06 02:01:45,137] Trial 16 finished with value: 0.12549074147202552 and parameters: {'sigma_noise': 0.10148589369839658, 'A_repulsion': 0.18184101563559063, 'gamma': 0.5931000215849519, 'sigma_update': 0.3425150719795779, 'eta_learning': 0.20048873375167073, 'sigma_boundary': 6.677315335131718, 'alpha': 0.9712434119498402}. Best is trial 16 with value: 0.12549074147202552.
[I 2026-03-06 02:01:56,920] Trial 8 finished with value: 0.19656796944813995 and parameters: {'sigma_noise': 0.2148460670385312, 'A_repulsion': 0.0014821351433201846, 'gamma': 0.20502641456592763, 'sigma_update': 0.4376901903493114, 'eta_learning': 0.9232751559723942, 'sigma_boundary': 1.5053522743598005, 'alpha': 0.4915288855999236}. Best is trial 16 with value: 0.12549074147202552.
[I 2026-03-06 02:01:59,509] Trial 2 finished with value: 0.18143316835011286 and parameters: {'sigma_noise': 0.0502934998257774, 'A_repulsion': 0.4101642300258511, 'gamma': 0.9649348058630799, 'sigma_update': 0.07349561220670847, 'eta_learning': 0.5044355705521602, 'sigma_boundary': 9.188164680319518, 'alpha': 0.46192774048288154}. Best is trial 16 with value: 0.12549074147202552.
[I 2026-03-06 02:02:15,243] Trial 10 finished with value: 0.16508407073852654 and parameters: {'sigma_noise': 0.12545252193136505, 'A_repulsion': 0.3147237152068625, 'gamma': 0.28326057067698884, 'sigma_update': 0.5912577670388027, 'eta_learning': 0.6246189598531627, 'sigma_boundary': 7.853835507967105, 'alpha': 0.946280885529419}. Best is trial 16 with value: 0.12549074147202552.
[I 2026-03-06 02:02:26,174] Trial 0 finished with value: 0.10616221050821761 and parameters: {'sigma_noise': 0.08289485610353156, 'A_repulsion': 0.4908098065044917, 'gamma': 0.8223330315593468, 'sigma_update': 0.04244703403350421, 'eta_learning': 0.1625442779456266, 'sigma_boundary': 6.3965077863802415, 'alpha': 0.24656803502167834}. Best is trial 0 with value: 0.10616221050821761.
[I 2026-03-06 02:02:32,334] Trial 11 finished with value: 0.19973334980730253 and parameters: {'sigma_noise': 0.08667535842711707, 'A_repulsion': 0.43281670072975714, 'gamma': 0.2770875488383696, 'sigma_update': 0.10113123833086698, 'eta_learning': 2.5410379416022115, 'sigma_boundary': 5.361351973445196, 'alpha': 0.6501633164115878}. Best is trial 0 with value: 0.10616221050821761.
[I 2026-03-06 02:02:39,836] Trial 3 finished with value: 1.8289429818599139 and parameters: {'sigma_noise': 0.14129924871273253, 'A_repulsion': 0.3297433011093131, 'gamma': 0.7981763300127005, 'sigma_update': 0.5506659951514035, 'eta_learning': 2.1394181439346736, 'sigma_boundary': 8.001956433270324, 'alpha': 0.03503424542840583}. Best is trial 0 with value: 0.10616221050821761.
[I 2026-03-06 02:02:51,581] Trial 5 finished with value: 0.14067882535118056 and parameters: {'sigma_noise': 0.15042164294352034, 'A_repulsion': 0.384279657297273, 'gamma': 0.7867917012747542, 'sigma_update': 0.16940320603201886, 'eta_learning': 0.16411536143190086, 'sigma_boundary': 7.76107992199918, 'alpha': 0.8001798798655403}. Best is trial 0 with value: 0.10616221050821761.
[I 2026-03-06 02:02:52,972] Trial 12 finished with value: 0.07134468204089472 and parameters: {'sigma_noise': 0.26972099454840853, 'A_repulsion': 0.1553337796402604, 'gamma': 0.826434303616437, 'sigma_update': 0.6937016617359176, 'eta_learning': 1.8239141423419332, 'sigma_boundary': 0.3439939273330221, 'alpha': 0.6988374945106675}. Best is trial 12 with value: 0.07134468204089472.
[I 2026-03-06 02:02:53,825] Trial 17 finished with value: 0.14862973613852928 and parameters: {'sigma_noise': 0.12680034061836704, 'A_repulsion': 0.44666103338147206, 'gamma': 0.6082402826409069, 'sigma_update': 0.34863061672513634, 'eta_learning': 0.7618209647699696, 'sigma_boundary': 2.4365735256776566, 'alpha': 0.7855173442385345}. Best is trial 12 with value: 0.07134468204089472.
[I 2026-03-06 02:02:59,553] Trial 22 finished with value: 0.11686742147441465 and parameters: {'sigma_noise': 0.20813852340412725, 'A_repulsion': 0.2760499143498071, 'gamma': 0.766423603273204, 'sigma_update': 0.0526373400470256, 'eta_learning': 0.7568966423003679, 'sigma_boundary': 2.0726164785681167, 'alpha': 0.6600418081916969}. Best is trial 12 with value: 0.07134468204089472.
[I 2026-03-06 02:03:03,774] Trial 1 finished with value: 0.15626178794986278 and parameters: {'sigma_noise': 0.14772440604535192, 'A_repulsion': 0.44704773876804005, 'gamma': 0.8556864601324825, 'sigma_update': 0.27616723218819184, 'eta_learning': 2.46199679209773, 'sigma_boundary': 5.2587645141646915, 'alpha': 0.7726076393445006}. Best is trial 12 with value: 0.07134468204089472.
[I 2026-03-06 02:03:10,528] Trial 20 finished with value: 0.15717607981037518 and parameters: {'sigma_noise': 0.2482192792701745, 'A_repulsion': 0.2377610210092551, 'gamma': 0.5086141629891482, 'sigma_update': 0.47572400582826163, 'eta_learning': 1.3196866412761286, 'sigma_boundary': 5.773308530033524, 'alpha': 0.6956386917541371}. Best is trial 12 with value: 0.07134468204089472.
[I 2026-03-06 02:03:18,734] Trial 23 finished with value: 0.1364646043175132 and parameters: {'sigma_noise': 0.24618950626783803, 'A_repulsion': 0.2739734553628156, 'gamma': 0.10646045967139704, 'sigma_update': 0.3534807612184403, 'eta_learning': 1.761481973247919, 'sigma_boundary': 4.902281482421422, 'alpha': 0.6249571331009861}. Best is trial 12 with value: 0.07134468204089472.
[I 2026-03-06 02:03:20,408] Trial 18 finished with value: 0.12499129497979004 and parameters: {'sigma_noise': 0.2618496600171751, 'A_repulsion': 0.300575406293469, 'gamma': 0.675147877053082, 'sigma_update': 0.14302335130246122, 'eta_learning': 0.20450015518724346, 'sigma_boundary': 7.196723070340171, 'alpha': 0.8170910809925997}. Best is trial 12 with value: 0.07134468204089472.
[I 2026-03-06 02:03:21,300] Trial 6 finished with value: 0.11425926242371731 and parameters: {'sigma_noise': 0.2519895098414147, 'A_repulsion': 0.3414383830940439, 'gamma': 0.82529884850908, 'sigma_update': 0.4305692126813153, 'eta_learning': 1.8363132393837815, 'sigma_boundary': 8.843556281047638, 'alpha': 0.8380544925993582}. Best is trial 12 with value: 0.07134468204089472.
[I 2026-03-06 02:03:26,312] Trial 7 finished with value: 0.9061869567330743 and parameters: {'sigma_noise': 0.2592453408651041, 'A_repulsion': 0.26322607908586837, 'gamma': 0.8515480464789772, 'sigma_update': 0.6795894005124562, 'eta_learning': 1.6342982718272807, 'sigma_boundary': 3.859596130237267, 'alpha': 0.3281738158002322}. Best is trial 12 with value: 0.07134468204089472.
[I 2026-03-06 02:03:28,796] Trial 21 finished with value: 0.19374053406692932 and parameters: {'sigma_noise': 0.3291331550396266, 'A_repulsion': 0.16019727364426567, 'gamma': 0.03992883744970499, 'sigma_update': 0.23454715774231147, 'eta_learning': 1.427225286888891, 'sigma_boundary': 5.405346082437302, 'alpha': 0.6705425560749316}. Best is trial 12 with value: 0.07134468204089472.
[I 2026-03-06 02:03:31,243] Trial 9 finished with value: 0.19833108989495438 and parameters: {'sigma_noise': 0.40800503594197757, 'A_repulsion': 0.13126284569753038, 'gamma': 0.23626881832362423, 'sigma_update': 0.2082332695320158, 'eta_learning': 2.697916206094016, 'sigma_boundary': 8.974407929873093, 'alpha': 0.6612752848252255}. Best is trial 12 with value: 0.07134468204089472.
[I 2026-03-06 02:03:40,678] Trial 13 finished with value: 1.854058587463224 and parameters: {'sigma_noise': 0.2912593110072089, 'A_repulsion': 0.38705042424829045, 'gamma': 0.6242614565792504, 'sigma_update': 0.2109778198141, 'eta_learning': 2.1192488550902553, 'sigma_boundary': 8.343943723241047, 'alpha': 0.048046794490870126}. Best is trial 12 with value: 0.07134468204089472.
[I 2026-03-06 02:03:45,555] Trial 15 finished with value: 1.7542230336843596 and parameters: {'sigma_noise': 0.23712058250632628, 'A_repulsion': 0.49162844411481055, 'gamma': 0.5525407850919396, 'sigma_update': 0.633337085738032, 'eta_learning': 0.609390240482863, 'sigma_boundary': 4.399909909280355, 'alpha': 0.20660128014172607}. Best is trial 12 with value: 0.07134468204089472.
[I 2026-03-06 02:03:55,120] Trial 14 finished with value: 1.854058587463224 and parameters: {'sigma_noise': 0.3743822045750627, 'A_repulsion': 0.4320306931442335, 'gamma': 0.12190174570114903, 'sigma_update': 0.32790898928965156, 'eta_learning': 0.6558559784255488, 'sigma_boundary': 7.023490216909593, 'alpha': 0.06874418965338236}. Best is trial 12 with value: 0.07134468204089472.
[I 2026-03-06 02:04:13,436] Trial 4 finished with value: 0.2969863538806423 and parameters: {'sigma_noise': 0.4494029176358781, 'A_repulsion': 0.4261912480937892, 'gamma': 0.7192736603935342, 'sigma_update': 0.10109403370158346, 'eta_learning': 2.0221068619497533, 'sigma_boundary': 3.902668667560461, 'alpha': 0.8080550732774213}. Best is trial 12 with value: 0.07134468204089472.
[I 2026-03-06 02:06:14,863] Trial 28 finished with value: 0.1801595874241644 and parameters: {'sigma_noise': 0.12278188083444508, 'A_repulsion': 0.13633520410906427, 'gamma': 0.400144401697565, 'sigma_update': 0.30878288591542535, 'eta_learning': 1.0438437781933096, 'sigma_boundary': 5.597240895992003, 'alpha': 0.36607728091336966}. Best is trial 12 with value: 0.07134468204089472.
