[I 2026-03-06 02:27:29,127] Trial 138 finished with value: 0.16831866323567604 and parameters: {'sigma_noise': 0.13307657661022645, 'A_repulsion': 0.2599201553110576, 'gamma': 0.550136409574321, 'sigma_update': 0.3174621283894376, 'eta_learning': 0.721993442917682, 'sigma_boundary': 2.8410626538577493, 'alpha': 0.3710818237220032}. Best is trial 125 with value: 0.056763902022546636.
[I 2026-03-06 02:27:39,031] Trial 142 finished with value: 0.13428189294970327 and parameters: {'sigma_noise': 0.16922128712812667, 'A_repulsion': 0.02230996825898042, 'gamma': 0.5130950833184635, 'sigma_update': 0.4468718900520619, 'eta_learning': 0.5480276811504889, 'sigma_boundary': 4.935685743996072, 'alpha': 0.6030591365278218}. Best is trial 125 with value: 0.056763902022546636.
[I 2026-03-06 02:27:52,388] Trial 137 finished with value: 0.19356945347905458 and parameters: {'sigma_noise': 0.1695477220974944, 'A_repulsion': 0.26319395360804015, 'gamma': 0.45436495283893, 'sigma_update': 0.40482144378814205, 'eta_learning': 0.7266340988551308, 'sigma_boundary': 4.863834685388126, 'alpha': 0.47905817229373643}. Best is trial 125 with value: 0.056763902022546636.
[I 2026-03-06 02:28:02,873] Trial 134 finished with value: 0.13229577992930935 and parameters: {'sigma_noise': 0.35331474049823636, 'A_repulsion': 0.1671025530500364, 'gamma': 0.3649398064093647, 'sigma_update': 0.26363100165394426, 'eta_learning': 0.0975287409656055, 'sigma_boundary': 2.108544282128009, 'alpha': 0.5903668054696063}. Best is trial 125 with value: 0.056763902022546636.
[I 2026-03-06 02:28:24,263] Trial 140 finished with value: 0.11910299140861108 and parameters: {'sigma_noise': 0.26087051070765477, 'A_repulsion': 0.18266854246047864, 'gamma': 0.4715340779818836, 'sigma_update': 0.27741691365454807, 'eta_learning': 1.1643560996770406, 'sigma_boundary': 5.999549700976611, 'alpha': 0.5819376972089323}. Best is trial 125 with value: 0.056763902022546636.
[I 2026-03-06 02:28:31,910] Trial 144 finished with value: 0.14922770795390713 and parameters: {'sigma_noise': 0.05787804562293748, 'A_repulsion': 0.1328123153513035, 'gamma': 0.42686709126328487, 'sigma_update': 0.30052946081403226, 'eta_learning': 0.6317618865432422, 'sigma_boundary': 5.895356717696488, 'alpha': 0.8606917470532279}. Best is trial 125 with value: 0.056763902022546636.
[I 2026-03-06 02:28:56,150] Trial 143 finished with value: 0.10248134377602716 and parameters: {'sigma_noise': 0.19807648408169481, 'A_repulsion': 0.17924058425017672, 'gamma': 0.44326209180359755, 'sigma_update': 0.28113502225112535, 'eta_learning': 0.7283456894714334, 'sigma_boundary': 5.869892360799608, 'alpha': 0.6513276102577519}. Best is trial 125 with value: 0.056763902022546636.
[I 2026-03-06 02:30:17,083] Trial 155 finished with value: 0.12043461356750026 and parameters: {'sigma_noise': 0.09941526464165927, 'A_repulsion': 0.05926850253143383, 'gamma': 0.9044748679738618, 'sigma_update': 0.36152765191633834, 'eta_learning': 0.790641992953365, 'sigma_boundary': 3.1378065529253303, 'alpha': 0.9800019933830795}. Best is trial 125 with value: 0.056763902022546636.
[I 2026-03-06 02:30:23,740] Trial 146 finished with value: 0.11838352268946917 and parameters: {'sigma_noise': 0.25308685980730566, 'A_repulsion': 0.12616360310158015, 'gamma': 0.4790703112619319, 'sigma_update': 0.3624716053090861, 'eta_learning': 0.17400272285521046, 'sigma_boundary': 5.19691087979294, 'alpha': 0.9422636629506633}. Best is trial 125 with value: 0.056763902022546636.
[I 2026-03-06 02:30:34,268] Trial 151 finished with value: 0.07541163850171109 and parameters: {'sigma_noise': 0.15234993367878086, 'A_repulsion': 0.09625552415631444, 'gamma': 0.8476872790240378, 'sigma_update': 0.1553509816380795, 'eta_learning': 0.2692089903840969, 'sigma_boundary': 4.114877865453117, 'alpha': 0.6562146541696723}. Best is trial 125 with value: 0.056763902022546636.
[I 2026-03-06 02:30:40,324] Trial 147 finished with value: 0.09222387320136193 and parameters: {'sigma_noise': 0.22252937976317638, 'A_repulsion': 0.1480499837960394, 'gamma': 0.6950863756879533, 'sigma_update': 0.31200127625574653, 'eta_learning': 0.3837624961213218, 'sigma_boundary': 8.935638121181205, 'alpha': 0.9894022939673481}. Best is trial 125 with value: 0.056763902022546636.
[I 2026-03-06 02:30:45,774] Trial 149 finished with value: 0.0893796084321899 and parameters: {'sigma_noise': 0.15886064648581616, 'A_repulsion': 0.15503493797456822, 'gamma': 0.44075244677567316, 'sigma_update': 0.21788259326518922, 'eta_learning': 1.2866321313419244, 'sigma_boundary': 2.1587578693741025, 'alpha': 0.7239049651652567}. Best is trial 125 with value: 0.056763902022546636.
[I 2026-03-06 02:30:46,846] Trial 150 finished with value: 0.09007803727116079 and parameters: {'sigma_noise': 0.1459235221853598, 'A_repulsion': 0.16055745976708236, 'gamma': 0.7264776825596929, 'sigma_update': 0.4634962041287521, 'eta_learning': 0.4036730195051745, 'sigma_boundary': 7.313157349959213, 'alpha': 0.8396183009077446}. Best is trial 125 with value: 0.056763902022546636.
[I 2026-03-06 02:30:48,382] Trial 145 finished with value: 0.27486395555972587 and parameters: {'sigma_noise': 0.30614966105646274, 'A_repulsion': 0.19795253632734533, 'gamma': 0.5931534182709715, 'sigma_update': 0.42658516022734905, 'eta_learning': 0.5764839223073798, 'sigma_boundary': 3.092959004519391, 'alpha': 0.44119186974291213}. Best is trial 125 with value: 0.056763902022546636.
[I 2026-03-06 02:30:58,547] Trial 156 finished with value: 0.06692347526538892 and parameters: {'sigma_noise': 0.17478512140538638, 'A_repulsion': 0.040929191641747284, 'gamma': 0.7286311382126784, 'sigma_update': 0.2642820429303031, 'eta_learning': 0.6294882242182265, 'sigma_boundary': 5.822858028432642, 'alpha': 0.8875171209316609}. Best is trial 125 with value: 0.056763902022546636.
[I 2026-03-06 02:31:07,046] Trial 152 finished with value: 0.07633012060499395 and parameters: {'sigma_noise': 0.25315267559969884, 'A_repulsion': 0.013722414451352943, 'gamma': 0.7118543580660933, 'sigma_update': 0.23947325928526791, 'eta_learning': 0.8639296458525907, 'sigma_boundary': 8.816084469537692, 'alpha': 0.6076824528786883}. Best is trial 125 with value: 0.056763902022546636.
[I 2026-03-06 02:31:07,880] Trial 148 finished with value: 0.10013704018414285 and parameters: {'sigma_noise': 0.2752758070622276, 'A_repulsion': 0.11545496676780091, 'gamma': 0.7773843699194191, 'sigma_update': 0.24080172851170897, 'eta_learning': 0.7812312216632629, 'sigma_boundary': 4.081603378589099, 'alpha': 0.9229101227666168}. Best is trial 125 with value: 0.056763902022546636.
[I 2026-03-06 02:31:27,796] Trial 153 finished with value: 0.10107509206983213 and parameters: {'sigma_noise': 0.21646207670464607, 'A_repulsion': 0.16131822833429404, 'gamma': 0.8843227915033409, 'sigma_update': 0.3131478769467267, 'eta_learning': 1.2208934357152343, 'sigma_boundary': 5.878528633209971, 'alpha': 0.897860682528882}. Best is trial 125 with value: 0.056763902022546636.
[I 2026-03-06 02:31:45,725] Trial 154 finished with value: 0.05816914942501161 and parameters: {'sigma_noise': 0.21886542010875137, 'A_repulsion': 0.1931797002200692, 'gamma': 0.8426518074229234, 'sigma_update': 0.2021806684295507, 'eta_learning': 0.7097455428146545, 'sigma_boundary': 3.7181739683171853, 'alpha': 0.5999084720156659}. Best is trial 125 with value: 0.056763902022546636.
[I 2026-03-06 02:31:55,847] Trial 157 finished with value: 0.0734132334889068 and parameters: {'sigma_noise': 0.18289840316464118, 'A_repulsion': 0.1657954051198541, 'gamma': 0.8119665171955961, 'sigma_update': 0.44611406852241225, 'eta_learning': 1.0523235820212942, 'sigma_boundary': 3.9260163652744393, 'alpha': 0.6015489082160088}. Best is trial 125 with value: 0.056763902022546636.
[I 2026-03-06 02:31:56,145] Trial 160 finished with value: 0.1582823832328427 and parameters: {'sigma_noise': 0.22330559364791053, 'A_repulsion': 0.07462209763679192, 'gamma': 0.7927111215106493, 'sigma_update': 0.33559116327069566, 'eta_learning': 0.5414898347956635, 'sigma_boundary': 2.905456924526892, 'alpha': 0.3578113014746671}. Best is trial 125 with value: 0.056763902022546636.
[I 2026-03-06 02:32:04,214] Trial 162 finished with value: 0.03877490687110059 and parameters: {'sigma_noise': 0.21575662035664772, 'A_repulsion': 0.10304440159751493, 'gamma': 0.9701326291962385, 'sigma_update': 0.28480261271671564, 'eta_learning': 0.5693339864181717, 'sigma_boundary': 2.8671647118996946, 'alpha': 0.6182394523635183}. Best is trial 162 with value: 0.03877490687110059.
[I 2026-03-06 02:32:05,055] Trial 164 finished with value: 0.1202762949166864 and parameters: {'sigma_noise': 0.1473321723672033, 'A_repulsion': 0.08832328727033462, 'gamma': 0.27826392925405785, 'sigma_update': 0.1605575322034227, 'eta_learning': 1.1352065061999888, 'sigma_boundary': 5.837256007363001, 'alpha': 0.7503828396997181}. Best is trial 162 with value: 0.03877490687110059.
[I 2026-03-06 02:32:16,354] Trial 161 finished with value: 0.0793785401320862 and parameters: {'sigma_noise': 0.17761535312825794, 'A_repulsion': 0.17377190108904078, 'gamma': 0.7707004447083265, 'sigma_update': 0.20574501471175355, 'eta_learning': 0.9725758799078608, 'sigma_boundary': 6.224065313546436, 'alpha': 0.6802406920812863}. Best is trial 162 with value: 0.03877490687110059.
[I 2026-03-06 02:32:20,259] Trial 165 finished with value: 0.07597469992613598 and parameters: {'sigma_noise': 0.1437550398466278, 'A_repulsion': 0.0811091420359618, 'gamma': 0.8055306694279495, 'sigma_update': 0.3080352088532697, 'eta_learning': 0.836446144894251, 'sigma_boundary': 2.387465586186637, 'alpha': 0.6621747365494692}. Best is trial 162 with value: 0.03877490687110059.
[I 2026-03-06 02:32:20,565] Trial 158 finished with value: 0.0924300692861428 and parameters: {'sigma_noise': 0.2455141229183977, 'A_repulsion': 0.16544392274018868, 'gamma': 0.7342395801845872, 'sigma_update': 0.14916643155166212, 'eta_learning': 1.0352937252443108, 'sigma_boundary': 6.623924698849043, 'alpha': 0.7644420415148641}. Best is trial 162 with value: 0.03877490687110059.
[I 2026-03-06 02:32:49,754] Trial 159 finished with value: 0.15300701945357187 and parameters: {'sigma_noise': 0.30763100237659147, 'A_repulsion': 0.16453511597640694, 'gamma': 0.7249921087574319, 'sigma_update': 0.39537775489358146, 'eta_learning': 1.7387532345917485, 'sigma_boundary': 3.5956567040029412, 'alpha': 0.5337282033948045}. Best is trial 162 with value: 0.03877490687110059.
[I 2026-03-06 02:33:01,061] Trial 167 finished with value: 0.04362737374043451 and parameters: {'sigma_noise': 0.2245760617616691, 'A_repulsion': 0.05938090562295373, 'gamma': 0.9284269833667305, 'sigma_update': 0.27905656456713823, 'eta_learning': 1.02419632235595, 'sigma_boundary': 5.914976753593935, 'alpha': 0.7620141553726674}. Best is trial 162 with value: 0.03877490687110059.
[I 2026-03-06 02:33:08,364] Trial 163 finished with value: 0.07488787899923596 and parameters: {'sigma_noise': 0.3238785275666103, 'A_repulsion': 0.12988384873340125, 'gamma': 0.9338923897062363, 'sigma_update': 0.2725535001101512, 'eta_learning': 0.19061629203401073, 'sigma_boundary': 2.405393175211586, 'alpha': 0.7990508332703304}. Best is trial 162 with value: 0.03877490687110059.
[I 2026-03-06 02:33:09,286] Trial 166 finished with value: 0.09201540902936024 and parameters: {'sigma_noise': 0.1714397037485509, 'A_repulsion': 0.2104332037721098, 'gamma': 0.8070458807824396, 'sigma_update': 0.35146328400077037, 'eta_learning': 0.6316328248827565, 'sigma_boundary': 4.93806433257654, 'alpha': 0.7593698700559727}. Best is trial 162 with value: 0.03877490687110059.
[I 2026-03-06 02:33:38,252] Trial 168 finished with value: 0.092094785075332 and parameters: {'sigma_noise': 0.19017327214865037, 'A_repulsion': 0.13377630506972413, 'gamma': 0.5909604847376195, 'sigma_update': 0.23489830983517918, 'eta_learning': 1.5302494047844821, 'sigma_boundary': 3.70227376418614, 'alpha': 0.5996997899984522}. Best is trial 162 with value: 0.03877490687110059.
[I 2026-03-06 02:34:38,943] Trial 177 finished with value: 0.09747359901417166 and parameters: {'sigma_noise': 0.06510246637617852, 'A_repulsion': 0.0767998445577661, 'gamma': 0.7107710698385801, 'sigma_update': 0.25297982113875805, 'eta_learning': 0.6059483274375324, 'sigma_boundary': 7.508932206997495, 'alpha': 0.5833364901118828}. Best is trial 162 with value: 0.03877490687110059.
[I 2026-03-06 02:34:55,593] Trial 175 finished with value: 0.08834720316061898 and parameters: {'sigma_noise': 0.11706347902687148, 'A_repulsion': 0.1386996833263309, 'gamma': 0.5925334745375224, 'sigma_update': 0.24137079098735406, 'eta_learning': 0.6988020018755279, 'sigma_boundary': 6.347590330348747, 'alpha': 0.7147941498957104}. Best is trial 162 with value: 0.03877490687110059.
[I 2026-03-06 02:35:13,460] Trial 170 finished with value: 0.1121879647589879 and parameters: {'sigma_noise': 0.21489867282554548, 'A_repulsion': 0.15841534580497493, 'gamma': 0.5921596813074477, 'sigma_update': 0.36467608503125043, 'eta_learning': 0.5735310758772768, 'sigma_boundary': 4.7433538684352134, 'alpha': 0.6107260183418035}. Best is trial 162 with value: 0.03877490687110059.
[I 2026-03-06 02:35:23,071] Trial 174 finished with value: 0.07940784805310483 and parameters: {'sigma_noise': 0.16735719684085576, 'A_repulsion': 0.17385041019416073, 'gamma': 0.8030112485583092, 'sigma_update': 0.2415484755909239, 'eta_learning': 0.8170720366710971, 'sigma_boundary': 4.832519339424098, 'alpha': 0.6761809350678227}. Best is trial 162 with value: 0.03877490687110059.
[I 2026-03-06 02:35:26,559] Trial 173 finished with value: 0.11676436622997648 and parameters: {'sigma_noise': 0.18936998015945167, 'A_repulsion': 0.12966747541427504, 'gamma': 0.43567079427435523, 'sigma_update': 0.3192299264510827, 'eta_learning': 1.1543959037570335, 'sigma_boundary': 5.41934995283341, 'alpha': 0.715285822209537}. Best is trial 162 with value: 0.03877490687110059.
[I 2026-03-06 02:35:29,188] Trial 172 finished with value: 0.07482089709166181 and parameters: {'sigma_noise': 0.2128080046802201, 'A_repulsion': 0.12896533780924982, 'gamma': 0.8907806862101003, 'sigma_update': 0.14527094985066377, 'eta_learning': 0.4668572027491222, 'sigma_boundary': 4.485867030830216, 'alpha': 0.6761047689640451}. Best is trial 162 with value: 0.03877490687110059.
[I 2026-03-06 02:35:34,275] Trial 178 finished with value: 0.06959944822983945 and parameters: {'sigma_noise': 0.16920232882396882, 'A_repulsion': 0.13254478770507958, 'gamma': 0.9329651160497926, 'sigma_update': 0.2001304009507828, 'eta_learning': 0.29203820682477716, 'sigma_boundary': 6.723717768428111, 'alpha': 0.569343904210592}. Best is trial 162 with value: 0.03877490687110059.
[I 2026-03-06 02:35:37,802] Trial 169 finished with value: 0.480700776944283 and parameters: {'sigma_noise': 0.22196014678356685, 'A_repulsion': 0.2268355123346245, 'gamma': 0.7304633019300214, 'sigma_update': 0.36919169909785565, 'eta_learning': 1.3954606360106963, 'sigma_boundary': 4.127689895630651, 'alpha': 0.3372291379283655}. Best is trial 162 with value: 0.03877490687110059.
[I 2026-03-06 02:35:41,132] Trial 171 finished with value: 0.07565260297864798 and parameters: {'sigma_noise': 0.33976202097951347, 'A_repulsion': 0.02554888433142985, 'gamma': 0.9067574853634645, 'sigma_update': 0.26588671445723383, 'eta_learning': 1.1853994833773664, 'sigma_boundary': 4.968547116018015, 'alpha': 0.6275730186172721}. Best is trial 162 with value: 0.03877490687110059.
[I 2026-03-06 02:35:54,636] Trial 176 finished with value: 0.1119296781789852 and parameters: {'sigma_noise': 0.2632252637771139, 'A_repulsion': 0.14025107398079, 'gamma': 0.7329259203901626, 'sigma_update': 0.25555641912620214, 'eta_learning': 1.0253040336677517, 'sigma_boundary': 5.335423409390668, 'alpha': 0.9644086817373883}. Best is trial 162 with value: 0.03877490687110059.
[I 2026-03-06 02:36:07,835] Trial 185 finished with value: 0.09328926231659573 and parameters: {'sigma_noise': 0.13905538819805482, 'A_repulsion': 0.07133139991746013, 'gamma': 0.7234663186778709, 'sigma_update': 0.32604270227696486, 'eta_learning': 0.9431803211127454, 'sigma_boundary': 4.571626364959127, 'alpha': 0.6455877474206835}. Best is trial 162 with value: 0.03877490687110059.
[I 2026-03-06 02:36:09,303] Trial 181 finished with value: 0.09318919963137934 and parameters: {'sigma_noise': 0.14157224235248222, 'A_repulsion': 0.09128863192643338, 'gamma': 0.8589612933504823, 'sigma_update': 0.3395340599423361, 'eta_learning': 1.088987031467594, 'sigma_boundary': 4.3251831934022436, 'alpha': 0.5023284379625405}. Best is trial 162 with value: 0.03877490687110059.
[I 2026-03-06 02:36:22,401] Trial 183 finished with value: 0.06498953426735211 and parameters: {'sigma_noise': 0.19123212927098038, 'A_repulsion': 0.08415855601709055, 'gamma': 0.7216713408717578, 'sigma_update': 0.41393374669392075, 'eta_learning': 1.0772363452914493, 'sigma_boundary': 3.1115930723756717, 'alpha': 0.710610312354207}. Best is trial 162 with value: 0.03877490687110059.
[I 2026-03-06 02:36:31,176] Trial 186 finished with value: 0.05168574892081714 and parameters: {'sigma_noise': 0.1971906035612998, 'A_repulsion': 0.08560565459243942, 'gamma': 0.9978899756763907, 'sigma_update': 0.0444149707703913, 'eta_learning': 0.25987456559091093, 'sigma_boundary': 3.345598002200617, 'alpha': 0.6909027668022943}. Best is trial 162 with value: 0.03877490687110059.
[I 2026-03-06 02:36:38,183] Trial 184 finished with value: 0.11913501509595713 and parameters: {'sigma_noise': 0.17051805416661353, 'A_repulsion': 0.2431579979661988, 'gamma': 0.8340049688764005, 'sigma_update': 0.2353403659083171, 'eta_learning': 0.31566768936816747, 'sigma_boundary': 6.99668146284663, 'alpha': 0.6641400864636919}. Best is trial 162 with value: 0.03877490687110059.
[I 2026-03-06 02:36:40,386] Trial 179 finished with value: 0.15140045145397496 and parameters: {'sigma_noise': 0.24659519361619686, 'A_repulsion': 0.21258556935349576, 'gamma': 0.6416899548783813, 'sigma_update': 0.3035370374784672, 'eta_learning': 0.7358304908167062, 'sigma_boundary': 4.525811943616417, 'alpha': 0.43834381998543903}. Best is trial 162 with value: 0.03877490687110059.
[I 2026-03-06 02:36:52,289] Trial 187 finished with value: 0.09739700753246136 and parameters: {'sigma_noise': 0.25551250550962656, 'A_repulsion': 0.1275165467268229, 'gamma': 0.9246526481037325, 'sigma_update': 0.16856842604267913, 'eta_learning': 0.17203220783180856, 'sigma_boundary': 3.1555837827843707, 'alpha': 0.8286090987628292}. Best is trial 162 with value: 0.03877490687110059.
[I 2026-03-06 02:36:54,293] Trial 180 finished with value: 0.08260057628938426 and parameters: {'sigma_noise': 0.24467385609799047, 'A_repulsion': 0.21630093116558954, 'gamma': 0.7446029349100937, 'sigma_update': 0.2745576293274478, 'eta_learning': 0.9267879209291549, 'sigma_boundary': 6.316527191521295, 'alpha': 0.6321121608708261}. Best is trial 162 with value: 0.03877490687110059.
[I 2026-03-06 02:37:04,774] Trial 189 finished with value: 0.09624987538299352 and parameters: {'sigma_noise': 0.1769640116220283, 'A_repulsion': 0.18156365556744997, 'gamma': 0.7443320105458654, 'sigma_update': 0.35466866609357983, 'eta_learning': 0.5116480763647048, 'sigma_boundary': 6.802299340283633, 'alpha': 0.6458800122647237}. Best is trial 162 with value: 0.03877490687110059.
[I 2026-03-06 02:37:11,647] Trial 182 finished with value: 0.12879706291726525 and parameters: {'sigma_noise': 0.278106771584315, 'A_repulsion': 0.3880786887566554, 'gamma': 0.372128312769422, 'sigma_update': 0.3223110630122502, 'eta_learning': 1.2253586599228687, 'sigma_boundary': 5.336358403576385, 'alpha': 0.6221699544078999}. Best is trial 162 with value: 0.03877490687110059.
[I 2026-03-06 02:37:21,788] Trial 190 finished with value: 0.09521476868530133 and parameters: {'sigma_noise': 0.21474417504113008, 'A_repulsion': 0.18752506402537192, 'gamma': 0.6954679881520488, 'sigma_update': 0.1959535557052088, 'eta_learning': 0.42742395178258824, 'sigma_boundary': 2.9651316301979187, 'alpha': 0.7998585672697127}. Best is trial 162 with value: 0.03877490687110059.
[I 2026-03-06 02:37:26,816] Trial 191 finished with value: 0.05063123795466418 and parameters: {'sigma_noise': 0.26694627476669813, 'A_repulsion': 0.1436048600712993, 'gamma': 0.9416767587330906, 'sigma_update': 0.2864919291631606, 'eta_learning': 0.8094100238911484, 'sigma_boundary': 7.80761324837328, 'alpha': 0.7686581231484264}. Best is trial 162 with value: 0.03877490687110059.
[I 2026-03-06 02:37:28,923] Trial 188 finished with value: 0.1295607955385366 and parameters: {'sigma_noise': 0.31561242435235876, 'A_repulsion': 0.1360682274749875, 'gamma': 0.7832338055456498, 'sigma_update': 0.16008136444368773, 'eta_learning': 1.0116312860669747, 'sigma_boundary': 3.0199880295531267, 'alpha': 0.8433908385350393}. Best is trial 162 with value: 0.03877490687110059.
[I 2026-03-06 02:37:41,136] Trial 192 finished with value: 0.07426736211910864 and parameters: {'sigma_noise': 0.2514381131136579, 'A_repulsion': 0.19804479484695645, 'gamma': 0.7789438536746998, 'sigma_update': 0.2890812637809723, 'eta_learning': 1.404937813479169, 'sigma_boundary': 5.067721930475322, 'alpha': 0.7128820526983877}. Best is trial 162 with value: 0.03877490687110059.
[I 2026-03-06 02:37:44,069] Trial 193 finished with value: 0.13086275306770967 and parameters: {'sigma_noise': 0.0959813696459875, 'A_repulsion': 0.25591898733927754, 'gamma': 0.8587934756490917, 'sigma_update': 0.36812803023655305, 'eta_learning': 0.9948855916063168, 'sigma_boundary': 5.275110939920455, 'alpha': 0.7457456391471172}. Best is trial 162 with value: 0.03877490687110059.
