[I 2026-03-06 01:43:47,943] Trial 112 finished with value: 0.09620780456958947 and parameters: {'sigma_noise': 0.16637352250978055, 'A_repulsion': 0.38896091307822434, 'gamma': 0.4402463685025001, 'sigma_update': 0.17529559277766504, 'eta_learning': 0.648892118318014, 'sigma_boundary': 4.969411753129027, 'alpha': 0.5918069715950706}. Best is trial 105 with value: 0.07584960774707071.
[I 2026-03-06 01:44:06,175] Trial 115 finished with value: 0.09174259274415839 and parameters: {'sigma_noise': 0.20026729129408588, 'A_repulsion': 0.33124083178508545, 'gamma': 0.7781365930087906, 'sigma_update': 0.3155488381242992, 'eta_learning': 0.07493023138407978, 'sigma_boundary': 7.811462005052045, 'alpha': 0.9613628193067973}. Best is trial 105 with value: 0.07584960774707071.
[I 2026-03-06 01:44:14,704] Trial 113 finished with value: 0.30138599928649884 and parameters: {'sigma_noise': 0.29271312540185895, 'A_repulsion': 0.223968423011197, 'gamma': 0.4585712837848541, 'sigma_update': 0.4115644844506942, 'eta_learning': 2.2866779902529095, 'sigma_boundary': 8.213912549485045, 'alpha': 0.625285832722202}. Best is trial 105 with value: 0.07584960774707071.
[I 2026-03-06 01:44:28,130] Trial 118 finished with value: 0.11675619944645708 and parameters: {'sigma_noise': 0.17039089255586043, 'A_repulsion': 0.2717328590745478, 'gamma': 0.5790797335896859, 'sigma_update': 0.37021871998889816, 'eta_learning': 0.4172887897375837, 'sigma_boundary': 6.055281922909743, 'alpha': 0.6754737125437889}. Best is trial 105 with value: 0.07584960774707071.
[I 2026-03-06 01:44:36,059] Trial 116 finished with value: 0.18056056925511269 and parameters: {'sigma_noise': 0.14313412458771127, 'A_repulsion': 0.45430385552976427, 'gamma': 0.34493090954251104, 'sigma_update': 0.0780400894026424, 'eta_learning': 0.9848215999644215, 'sigma_boundary': 8.147965439260682, 'alpha': 0.9270554285881981}. Best is trial 105 with value: 0.07584960774707071.
[I 2026-03-06 01:44:48,912] Trial 117 finished with value: 0.21155309776481926 and parameters: {'sigma_noise': 0.239317761271648, 'A_repulsion': 0.26321315688146907, 'gamma': 0.5106383232676733, 'sigma_update': 0.3431116213012227, 'eta_learning': 1.2249599318342017, 'sigma_boundary': 7.5234155465141095, 'alpha': 0.6075668423188973}. Best is trial 105 with value: 0.07584960774707071.
[I 2026-03-06 01:45:11,263] Trial 120 finished with value: 0.06662434074651868 and parameters: {'sigma_noise': 0.237397668344852, 'A_repulsion': 0.24495313710055025, 'gamma': 0.6959930011994276, 'sigma_update': 0.2273067690026057, 'eta_learning': 0.41203869524977227, 'sigma_boundary': 5.489642735215822, 'alpha': 0.711197189454398}. Best is trial 120 with value: 0.06662434074651868.
[I 2026-03-06 01:45:14,530] Trial 123 finished with value: 0.10272028102698204 and parameters: {'sigma_noise': 0.10468321222747833, 'A_repulsion': 0.19234839349427246, 'gamma': 0.4048105014017421, 'sigma_update': 0.14573029203830176, 'eta_learning': 1.6271151482835333, 'sigma_boundary': 6.679598436645005, 'alpha': 0.6808284253471206}. Best is trial 120 with value: 0.06662434074651868.
[I 2026-03-06 01:45:26,499] Trial 119 finished with value: 0.08140044166168156 and parameters: {'sigma_noise': 0.24425611926706192, 'A_repulsion': 0.40384440129446103, 'gamma': 0.7224862496664709, 'sigma_update': 0.19750351817521716, 'eta_learning': 0.18377894093140282, 'sigma_boundary': 7.594022563302661, 'alpha': 0.4777752315311953}. Best is trial 120 with value: 0.06662434074651868.
[I 2026-03-06 01:45:33,549] Trial 122 finished with value: 0.12884284774638816 and parameters: {'sigma_noise': 0.13897838915898292, 'A_repulsion': 0.3542264113925422, 'gamma': 0.32100306894354064, 'sigma_update': 0.0861033810808941, 'eta_learning': 0.14995649890677046, 'sigma_boundary': 6.319081903942035, 'alpha': 0.5914987848271621}. Best is trial 120 with value: 0.06662434074651868.
[I 2026-03-06 01:46:00,641] Trial 121 finished with value: 0.11077207797501523 and parameters: {'sigma_noise': 0.28992889423729107, 'A_repulsion': 0.29002314741130175, 'gamma': 0.5704163747888935, 'sigma_update': 0.1738936366178562, 'eta_learning': 1.1326808165273345, 'sigma_boundary': 5.869225724394731, 'alpha': 0.8568338743176658}. Best is trial 120 with value: 0.06662434074651868.
[I 2026-03-06 01:46:21,097] Trial 124 finished with value: 0.09801786918344557 and parameters: {'sigma_noise': 0.2165937487463513, 'A_repulsion': 0.35026833676698266, 'gamma': 0.4536953906080253, 'sigma_update': 0.2485245012902083, 'eta_learning': 0.3117610146573023, 'sigma_boundary': 7.82391406434584, 'alpha': 0.7248390277885608}. Best is trial 120 with value: 0.06662434074651868.
[I 2026-03-06 01:46:33,128] Trial 127 finished with value: 0.15019317157095743 and parameters: {'sigma_noise': 0.12803204679900054, 'A_repulsion': 0.47684332886860387, 'gamma': 0.35375165705589234, 'sigma_update': 0.22918063679063402, 'eta_learning': 0.6059110114787002, 'sigma_boundary': 4.8008815188135, 'alpha': 0.6299652956272992}. Best is trial 120 with value: 0.06662434074651868.
[I 2026-03-06 01:46:38,025] Trial 126 finished with value: 0.12957215817915763 and parameters: {'sigma_noise': 0.2816691430621792, 'A_repulsion': 0.3171943973605123, 'gamma': 0.33275794122325775, 'sigma_update': 0.1403571359829383, 'eta_learning': 1.6510893616416247, 'sigma_boundary': 3.00441482086971, 'alpha': 0.7657823173315929}. Best is trial 120 with value: 0.06662434074651868.
[I 2026-03-06 01:46:39,612] Trial 125 finished with value: 0.1649513234472539 and parameters: {'sigma_noise': 0.26918543695958097, 'A_repulsion': 0.39812559102393413, 'gamma': 0.47386702067899644, 'sigma_update': 0.07956114546753087, 'eta_learning': 0.4089320157819849, 'sigma_boundary': 8.325401198357655, 'alpha': 0.5119899802508998}. Best is trial 120 with value: 0.06662434074651868.
[I 2026-03-06 01:46:41,399] Trial 129 finished with value: 0.19563565592390975 and parameters: {'sigma_noise': 0.14460592177879622, 'A_repulsion': 0.23544808654058536, 'gamma': 0.3992934847065247, 'sigma_update': 0.3188056933962133, 'eta_learning': 0.3657238477624056, 'sigma_boundary': 9.237510406424784, 'alpha': 0.44885747878441495}. Best is trial 120 with value: 0.06662434074651868.
[I 2026-03-06 01:47:02,725] Trial 131 finished with value: 0.2653940722665809 and parameters: {'sigma_noise': 0.1518592515348579, 'A_repulsion': 0.25780517159849414, 'gamma': 0.5496736792554948, 'sigma_update': 0.36561702442784644, 'eta_learning': 1.0334353234111808, 'sigma_boundary': 9.380570733474842, 'alpha': 0.4963341347593893}. Best is trial 120 with value: 0.06662434074651868.
[I 2026-03-06 01:47:05,798] Trial 128 finished with value: 0.0966448746721968 and parameters: {'sigma_noise': 0.22325907874011752, 'A_repulsion': 0.3451173178666494, 'gamma': 0.7084045818020733, 'sigma_update': 0.10505452215593276, 'eta_learning': 0.10392507794308112, 'sigma_boundary': 8.598908988726082, 'alpha': 0.7560437657101768}. Best is trial 120 with value: 0.06662434074651868.
[I 2026-03-06 01:47:25,358] Trial 134 finished with value: 0.09885789623511408 and parameters: {'sigma_noise': 0.192348973919928, 'A_repulsion': 0.21274792764526546, 'gamma': 0.5803740890321171, 'sigma_update': 0.3454360311425263, 'eta_learning': 0.7752575903801818, 'sigma_boundary': 5.493533702105959, 'alpha': 0.822711656874086}. Best is trial 120 with value: 0.06662434074651868.
[I 2026-03-06 01:47:42,592] Trial 133 finished with value: 0.12763910952032065 and parameters: {'sigma_noise': 0.19342074422336736, 'A_repulsion': 0.45242050296738456, 'gamma': 0.5390974219065194, 'sigma_update': 0.3336775356012313, 'eta_learning': 0.40966154167611135, 'sigma_boundary': 6.859157010594612, 'alpha': 0.6533316234679686}. Best is trial 120 with value: 0.06662434074651868.
[I 2026-03-06 01:47:47,043] Trial 137 finished with value: 0.16865882036766797 and parameters: {'sigma_noise': 0.13327159470127686, 'A_repulsion': 0.26395927711667955, 'gamma': 0.16425174759590577, 'sigma_update': 0.29646346934299245, 'eta_learning': 0.43000364780387973, 'sigma_boundary': 3.440286515609951, 'alpha': 0.8988114559023815}. Best is trial 120 with value: 0.06662434074651868.
[I 2026-03-06 01:47:48,046] Trial 132 finished with value: 0.14499093061870416 and parameters: {'sigma_noise': 0.18478341303245688, 'A_repulsion': 0.43514850617036877, 'gamma': 0.18805624044893265, 'sigma_update': 0.23244137749662572, 'eta_learning': 0.6403828940089857, 'sigma_boundary': 6.136217546678962, 'alpha': 0.9029847883203238}. Best is trial 120 with value: 0.06662434074651868.
[I 2026-03-06 01:47:56,628] Trial 130 finished with value: 0.22245439848721543 and parameters: {'sigma_noise': 0.2643665443803422, 'A_repulsion': 0.4307481521787434, 'gamma': 0.4793776197032268, 'sigma_update': 0.3036150430305664, 'eta_learning': 0.4232221928579395, 'sigma_boundary': 5.983450021441538, 'alpha': 0.5507173851787625}. Best is trial 120 with value: 0.06662434074651868.
[I 2026-03-06 01:48:14,480] Trial 135 finished with value: 0.15837629977086298 and parameters: {'sigma_noise': 0.26730556030022523, 'A_repulsion': 0.2733285766899022, 'gamma': 0.38417394343170325, 'sigma_update': 0.3816015005109066, 'eta_learning': 0.47112079641972543, 'sigma_boundary': 8.708252160563344, 'alpha': 0.7626881174703092}. Best is trial 120 with value: 0.06662434074651868.
[I 2026-03-06 01:48:24,669] Trial 136 finished with value: 0.35763252550064917 and parameters: {'sigma_noise': 0.23215387036531482, 'A_repulsion': 0.4166818084100883, 'gamma': 0.2763983206940501, 'sigma_update': 0.051947442587616785, 'eta_learning': 1.1404410418661153, 'sigma_boundary': 5.397148296302892, 'alpha': 0.7500949116820367}. Best is trial 120 with value: 0.06662434074651868.
[I 2026-03-06 01:48:40,660] Trial 140 finished with value: 0.096012710572311 and parameters: {'sigma_noise': 0.2443037568107982, 'A_repulsion': 0.14967740690306283, 'gamma': 0.45720324437565285, 'sigma_update': 0.1515815061890897, 'eta_learning': 1.7052725680896652, 'sigma_boundary': 7.603757094719873, 'alpha': 0.6389746253608901}. Best is trial 120 with value: 0.06662434074651868.
[I 2026-03-06 01:48:58,618] Trial 139 finished with value: 0.08680971009754823 and parameters: {'sigma_noise': 0.20214529404284481, 'A_repulsion': 0.35524834478179546, 'gamma': 0.5163602467656891, 'sigma_update': 0.2834794712090886, 'eta_learning': 0.30977919166432977, 'sigma_boundary': 8.233718376810096, 'alpha': 0.8096868446006759}. Best is trial 120 with value: 0.06662434074651868.
[I 2026-03-06 01:49:06,044] Trial 138 finished with value: 0.16653520540780145 and parameters: {'sigma_noise': 0.3321727556479847, 'A_repulsion': 0.2851368241391685, 'gamma': 0.2714286330367556, 'sigma_update': 0.2563822868272539, 'eta_learning': 1.2976247378942234, 'sigma_boundary': 5.869523924793172, 'alpha': 0.8240081187662646}. Best is trial 120 with value: 0.06662434074651868.
[I 2026-03-06 01:49:19,045] Trial 144 finished with value: 0.20703224653753408 and parameters: {'sigma_noise': 0.1392287421217574, 'A_repulsion': 0.2768946099290091, 'gamma': 0.34087242511757176, 'sigma_update': 0.28864922666494225, 'eta_learning': 0.7261698590042207, 'sigma_boundary': 5.566332232877702, 'alpha': 0.5210244790436233}. Best is trial 120 with value: 0.06662434074651868.
[I 2026-03-06 01:49:23,474] Trial 141 finished with value: 0.11198027908177616 and parameters: {'sigma_noise': 0.23687495206612047, 'A_repulsion': 0.35786413453303184, 'gamma': 0.5887195942101731, 'sigma_update': 0.12605349319177958, 'eta_learning': 0.3774625826994343, 'sigma_boundary': 4.689614015287933, 'alpha': 0.7298345454720432}. Best is trial 120 with value: 0.06662434074651868.
[I 2026-03-06 01:49:28,355] Trial 142 finished with value: 0.14205575810567395 and parameters: {'sigma_noise': 0.29398797387290126, 'A_repulsion': 0.15823292476464218, 'gamma': 0.49573644323298177, 'sigma_update': 0.31060810562175906, 'eta_learning': 1.8013475709943572, 'sigma_boundary': 5.713285574507381, 'alpha': 0.727497689075701}. Best is trial 120 with value: 0.06662434074651868.
[I 2026-03-06 01:50:05,508] Trial 143 finished with value: 0.07622730804658037 and parameters: {'sigma_noise': 0.21136128066997073, 'A_repulsion': 0.40064868391637876, 'gamma': 0.7837115477622031, 'sigma_update': 0.3060563094093734, 'eta_learning': 0.8596777731963018, 'sigma_boundary': 6.603355570157149, 'alpha': 0.838263655629995}. Best is trial 120 with value: 0.06662434074651868.
[I 2026-03-06 01:50:05,884] Trial 147 finished with value: 0.28083980780425544 and parameters: {'sigma_noise': 0.10628287350183957, 'A_repulsion': 0.3861236842873053, 'gamma': 0.19284550258514874, 'sigma_update': 0.4040598313444144, 'eta_learning': 1.2113310416195917, 'sigma_boundary': 7.004453375471518, 'alpha': 0.6788816095857121}. Best is trial 120 with value: 0.06662434074651868.
[I 2026-03-06 01:50:15,032] Trial 145 finished with value: 0.08860328909310877 and parameters: {'sigma_noise': 0.23740184722277935, 'A_repulsion': 0.3960283080095573, 'gamma': 0.659869229335354, 'sigma_update': 0.19795466343523882, 'eta_learning': 0.4960732556729018, 'sigma_boundary': 5.436969652819094, 'alpha': 0.976993926437808}. Best is trial 120 with value: 0.06662434074651868.
[I 2026-03-06 01:50:32,445] Trial 146 finished with value: 0.13462090167869753 and parameters: {'sigma_noise': 0.3159162668841127, 'A_repulsion': 0.34562538547053506, 'gamma': 0.3017040207583052, 'sigma_update': 0.17453774299974817, 'eta_learning': 1.2264042131108517, 'sigma_boundary': 5.2743651260710065, 'alpha': 0.6653336646585761}. Best is trial 120 with value: 0.06662434074651868.
[I 2026-03-06 01:51:14,965] Trial 149 finished with value: 0.1828312318156804 and parameters: {'sigma_noise': 0.20252322671569128, 'A_repulsion': 0.4507195285073418, 'gamma': 0.2476313378349815, 'sigma_update': 0.3353830668097089, 'eta_learning': 1.3772189776777501, 'sigma_boundary': 7.036158783370473, 'alpha': 0.7448025824295632}. Best is trial 120 with value: 0.06662434074651868.
[I 2026-03-06 01:51:17,446] Trial 148 finished with value: 0.12536240947356755 and parameters: {'sigma_noise': 0.29823765671524627, 'A_repulsion': 0.33778012294485804, 'gamma': 0.3684437421159798, 'sigma_update': 0.17249125866520207, 'eta_learning': 0.9279843922360836, 'sigma_boundary': 6.412147702274149, 'alpha': 0.6635932175741933}. Best is trial 120 with value: 0.06662434074651868.
[I 2026-03-06 01:51:20,736] Trial 150 finished with value: 0.22058371775987082 and parameters: {'sigma_noise': 0.21792268782817364, 'A_repulsion': 0.31683597533952645, 'gamma': 0.5963325179051383, 'sigma_update': 0.059023896535785776, 'eta_learning': 0.38631255329699143, 'sigma_boundary': 4.0089925798594, 'alpha': 0.7681941459837988}. Best is trial 120 with value: 0.06662434074651868.
[I 2026-03-06 01:51:25,294] Trial 153 finished with value: 0.21801047605145063 and parameters: {'sigma_noise': 0.23766895219065282, 'A_repulsion': 0.2203011519177431, 'gamma': 0.6763221832404338, 'sigma_update': 0.2969906135527175, 'eta_learning': 0.9986698191781863, 'sigma_boundary': 6.2536180027798975, 'alpha': 0.5286489952205002}. Best is trial 120 with value: 0.06662434074651868.
[I 2026-03-06 01:51:37,698] Trial 152 finished with value: 0.09269575639034368 and parameters: {'sigma_noise': 0.2406159236539, 'A_repulsion': 0.3370202588457956, 'gamma': 0.6214884956215505, 'sigma_update': 0.14052405896171444, 'eta_learning': 0.7097824889845139, 'sigma_boundary': 4.406878832398332, 'alpha': 0.7143134185283919}. Best is trial 120 with value: 0.06662434074651868.
[I 2026-03-06 01:51:38,139] Trial 151 finished with value: 0.257455531507675 and parameters: {'sigma_noise': 0.3285624836862291, 'A_repulsion': 0.27483600928551455, 'gamma': 0.7654445884044102, 'sigma_update': 0.2732045673597134, 'eta_learning': 1.0725476296594563, 'sigma_boundary': 7.7447626857076255, 'alpha': 0.5270878525243957}. Best is trial 120 with value: 0.06662434074651868.
[I 2026-03-06 01:51:39,526] Trial 158 finished with value: 0.09161251377500315 and parameters: {'sigma_noise': 0.1451063814891121, 'A_repulsion': 0.15838845628318776, 'gamma': 0.30534609883195757, 'sigma_update': 0.08114252494027847, 'eta_learning': 0.9274867384461712, 'sigma_boundary': 4.887622132185267, 'alpha': 0.8980434187542158}. Best is trial 120 with value: 0.06662434074651868.
[I 2026-03-06 01:51:53,741] Trial 157 finished with value: 0.09010668267574634 and parameters: {'sigma_noise': 0.1760290388959998, 'A_repulsion': 0.24096283127118043, 'gamma': 0.6056646795886428, 'sigma_update': 0.20671718345381504, 'eta_learning': 0.9469836067693767, 'sigma_boundary': 6.376004342216887, 'alpha': 0.6414160980928072}. Best is trial 120 with value: 0.06662434074651868.
[I 2026-03-06 01:52:06,471] Trial 154 finished with value: 0.1009121345425189 and parameters: {'sigma_noise': 0.24690877530836575, 'A_repulsion': 0.3903215811237085, 'gamma': 0.43780650202838756, 'sigma_update': 0.16708671526550078, 'eta_learning': 0.15220830431961654, 'sigma_boundary': 8.469317036547809, 'alpha': 0.7506396948192872}. Best is trial 120 with value: 0.06662434074651868.
[I 2026-03-06 01:52:11,493] Trial 159 finished with value: 0.0821082232884562 and parameters: {'sigma_noise': 0.17924165045252005, 'A_repulsion': 0.2188507279276167, 'gamma': 0.4889382662083631, 'sigma_update': 0.10975214413637394, 'eta_learning': 0.6148158374788565, 'sigma_boundary': 4.89943907986536, 'alpha': 0.6558632367648606}. Best is trial 120 with value: 0.06662434074651868.
[I 2026-03-06 01:52:21,855] Trial 156 finished with value: 0.0766372438825313 and parameters: {'sigma_noise': 0.20667332994863807, 'A_repulsion': 0.29882845909635175, 'gamma': 0.7822217226016555, 'sigma_update': 0.13127164834679372, 'eta_learning': 0.48643979313851554, 'sigma_boundary': 7.776479504854454, 'alpha': 0.7806917332971437}. Best is trial 120 with value: 0.06662434074651868.
[I 2026-03-06 01:52:22,579] Trial 155 finished with value: 0.22114338817933082 and parameters: {'sigma_noise': 0.24001397686239828, 'A_repulsion': 0.34375363318481644, 'gamma': 0.6005467683537731, 'sigma_update': 0.05995638677406599, 'eta_learning': 0.7115254374685405, 'sigma_boundary': 7.803369480733182, 'alpha': 0.6284562873625665}. Best is trial 120 with value: 0.06662434074651868.
[I 2026-03-06 01:52:34,889] Trial 160 finished with value: 0.1973142107994892 and parameters: {'sigma_noise': 0.2282453122135406, 'A_repulsion': 0.17052287419629253, 'gamma': 0.4088074535694281, 'sigma_update': 0.22757337698293115, 'eta_learning': 0.674085178731829, 'sigma_boundary': 4.8241240589489385, 'alpha': 0.466130637029845}. Best is trial 120 with value: 0.06662434074651868.
[I 2026-03-06 01:52:47,659] Trial 162 finished with value: 0.0788308490273133 and parameters: {'sigma_noise': 0.1757624961090702, 'A_repulsion': 0.18004400161160672, 'gamma': 0.6205384667925913, 'sigma_update': 0.27723662341263183, 'eta_learning': 1.249952061259849, 'sigma_boundary': 8.430021245354272, 'alpha': 0.9451244562788184}. Best is trial 120 with value: 0.06662434074651868.
[I 2026-03-06 01:53:11,113] Trial 165 finished with value: 0.07460790689603994 and parameters: {'sigma_noise': 0.13496648872148898, 'A_repulsion': 0.2139962362953891, 'gamma': 0.7651632517285301, 'sigma_update': 0.20953968573961895, 'eta_learning': 0.8180326258798816, 'sigma_boundary': 7.623130840028754, 'alpha': 0.5983405039461297}. Best is trial 120 with value: 0.06662434074651868.
[I 2026-03-06 01:53:17,870] Trial 161 finished with value: 0.06459261792156341 and parameters: {'sigma_noise': 0.27269647156823906, 'A_repulsion': 0.2429898159507873, 'gamma': 0.8757707431769988, 'sigma_update': 0.2541583629222527, 'eta_learning': 0.06296995640186523, 'sigma_boundary': 5.30509948086513, 'alpha': 0.8094452756727732}. Best is trial 161 with value: 0.06459261792156341.
[I 2026-03-06 01:53:56,216] Trial 167 finished with value: 0.06348973077610784 and parameters: {'sigma_noise': 0.22469930562442025, 'A_repulsion': 0.2339330000476662, 'gamma': 0.6505700286388741, 'sigma_update': 0.21977441241868126, 'eta_learning': 0.12659716016080255, 'sigma_boundary': 4.773546204774924, 'alpha': 0.5372772114474954}. Best is trial 167 with value: 0.06348973077610784.
[I 2026-03-06 01:54:05,720] Trial 168 finished with value: 0.08031926385553304 and parameters: {'sigma_noise': 0.13700623374812346, 'A_repulsion': 0.19252534801748913, 'gamma': 0.71124144575524, 'sigma_update': 0.17870828612362724, 'eta_learning': 0.2587244691666383, 'sigma_boundary': 5.74030567236622, 'alpha': 0.791428979964012}. Best is trial 167 with value: 0.06348973077610784.
[I 2026-03-06 01:54:07,941] Trial 166 finished with value: 0.1648169851009219 and parameters: {'sigma_noise': 0.23421299542761115, 'A_repulsion': 0.2752378813884498, 'gamma': 0.5919285559773476, 'sigma_update': 0.08351739389429501, 'eta_learning': 1.306047844583897, 'sigma_boundary': 8.104478626885227, 'alpha': 0.9090517758869024}. Best is trial 167 with value: 0.06348973077610784.
[I 2026-03-06 01:54:12,953] Trial 163 finished with value: 0.5150727499709625 and parameters: {'sigma_noise': 0.26604032852077153, 'A_repulsion': 0.4464600167674808, 'gamma': 0.6859070349015841, 'sigma_update': 0.043478297737981834, 'eta_learning': 0.5020182393339573, 'sigma_boundary': 6.050098242613564, 'alpha': 0.8541459360363131}. Best is trial 167 with value: 0.06348973077610784.
[I 2026-03-06 01:54:17,304] Trial 164 finished with value: 0.1379222555769454 and parameters: {'sigma_noise': 0.34245451477324346, 'A_repulsion': 0.31191607003403365, 'gamma': 0.8680572533951325, 'sigma_update': 0.1844903894241208, 'eta_learning': 0.5118854279164418, 'sigma_boundary': 7.257956646601069, 'alpha': 0.5797988424547589}. Best is trial 167 with value: 0.06348973077610784.
