[I 2026-03-06 00:56:21,356] Trial 168 finished with value: 0.13399838125224833 and parameters: {'sigma_noise': 0.2418559097584121, 'A_repulsion': 0.22236638777161105, 'gamma': 0.6285562847603372, 'sigma_update': 0.2013237395037442, 'eta_learning': 1.2126163983372138, 'sigma_boundary': 5.078674746512216, 'alpha': 0.563881628182197}. Best is trial 125 with value: 0.10502469499119803.
[I 2026-03-06 00:56:28,394] Trial 169 finished with value: 0.1697551557933544 and parameters: {'sigma_noise': 0.28567594513821354, 'A_repulsion': 0.11812544444984742, 'gamma': 0.3898349377024664, 'sigma_update': 0.29990271324818346, 'eta_learning': 1.5468530773806237, 'sigma_boundary': 6.861984182898206, 'alpha': 0.7759362707822122}. Best is trial 125 with value: 0.10502469499119803.
[I 2026-03-06 00:56:49,170] Trial 172 finished with value: 0.19312301822426048 and parameters: {'sigma_noise': 0.33597875026471963, 'A_repulsion': 0.0010175268342323407, 'gamma': 0.2309118577645657, 'sigma_update': 0.29215471130166254, 'eta_learning': 1.0385426544319645, 'sigma_boundary': 6.966119635519052, 'alpha': 0.6907379684325109}. Best is trial 125 with value: 0.10502469499119803.
[I 2026-03-06 00:57:33,301] Trial 174 finished with value: 0.11978353482634978 and parameters: {'sigma_noise': 0.21845760620979554, 'A_repulsion': 0.16460440853596756, 'gamma': 0.5057409403109382, 'sigma_update': 0.1556670339885426, 'eta_learning': 1.5291153451956645, 'sigma_boundary': 5.630414269901573, 'alpha': 0.5705551011216239}. Best is trial 125 with value: 0.10502469499119803.
[I 2026-03-06 00:57:39,488] Trial 175 finished with value: 0.18728694060704926 and parameters: {'sigma_noise': 0.22550966602302092, 'A_repulsion': 0.07656831253443838, 'gamma': 0.4909446228960212, 'sigma_update': 0.3991862071428097, 'eta_learning': 1.5968520003120505, 'sigma_boundary': 4.986066821413592, 'alpha': 0.7045706186748333}. Best is trial 125 with value: 0.10502469499119803.
[I 2026-03-06 00:57:46,791] Trial 176 finished with value: 0.12580658121806063 and parameters: {'sigma_noise': 0.17036437140036942, 'A_repulsion': 0.141003923635791, 'gamma': 0.81439679521341, 'sigma_update': 0.17340436035886908, 'eta_learning': 1.6661189528785958, 'sigma_boundary': 6.185477046158675, 'alpha': 0.7725635231063038}. Best is trial 125 with value: 0.10502469499119803.
[I 2026-03-06 00:57:56,810] Trial 178 finished with value: 0.11628610571944153 and parameters: {'sigma_noise': 0.2189028677742721, 'A_repulsion': 0.03433867540987717, 'gamma': 0.435087179294245, 'sigma_update': 0.17395749649612532, 'eta_learning': 1.4865984170051982, 'sigma_boundary': 5.242912116028864, 'alpha': 0.6546232846822909}. Best is trial 125 with value: 0.10502469499119803.
[I 2026-03-06 00:58:09,176] Trial 177 finished with value: 0.11002170202027699 and parameters: {'sigma_noise': 0.23843042088160982, 'A_repulsion': 0.032974980708443354, 'gamma': 0.8658195577767979, 'sigma_update': 0.18450900639909218, 'eta_learning': 1.7011406386178443, 'sigma_boundary': 4.620443609776254, 'alpha': 0.5373191646702281}. Best is trial 125 with value: 0.10502469499119803.
[I 2026-03-06 00:58:16,600] Trial 173 finished with value: 0.17382035434244425 and parameters: {'sigma_noise': 0.2722611582296403, 'A_repulsion': 0.2600044798519665, 'gamma': 0.4982713819901232, 'sigma_update': 0.10850836348574258, 'eta_learning': 1.8319835275640155, 'sigma_boundary': 5.379620236337233, 'alpha': 0.7313537815310023}. Best is trial 125 with value: 0.10502469499119803.
[I 2026-03-06 00:58:41,206] Trial 180 finished with value: 0.11163023342181916 and parameters: {'sigma_noise': 0.2738006864222559, 'A_repulsion': 0.09136413678789422, 'gamma': 0.8104813926183304, 'sigma_update': 0.3054953901903729, 'eta_learning': 1.3032765527458035, 'sigma_boundary': 6.486763314729122, 'alpha': 0.819148108012668}. Best is trial 125 with value: 0.10502469499119803.
[I 2026-03-06 00:59:01,345] Trial 181 finished with value: 0.14513086543245723 and parameters: {'sigma_noise': 0.3077472308776764, 'A_repulsion': 0.09414765629346972, 'gamma': 0.5997918381999375, 'sigma_update': 0.20372449642574145, 'eta_learning': 1.7954532655969744, 'sigma_boundary': 8.232879698404275, 'alpha': 0.6259280333811672}. Best is trial 125 with value: 0.10502469499119803.
[I 2026-03-06 00:59:08,648] Trial 179 finished with value: 0.6524920974031675 and parameters: {'sigma_noise': 0.31800926490545955, 'A_repulsion': 0.18481381847307277, 'gamma': 0.7013286279268729, 'sigma_update': 0.2859531663355711, 'eta_learning': 1.573400315024073, 'sigma_boundary': 4.800633988345983, 'alpha': 0.3665804157747898}. Best is trial 125 with value: 0.10502469499119803.
[I 2026-03-06 00:59:26,036] Trial 183 finished with value: 0.19605139353620588 and parameters: {'sigma_noise': 0.1585508618458747, 'A_repulsion': 0.21082571152541724, 'gamma': 0.5277583131791045, 'sigma_update': 0.2282033952117328, 'eta_learning': 1.307876343860808, 'sigma_boundary': 5.954683937877097, 'alpha': 0.7758333067257384}. Best is trial 125 with value: 0.10502469499119803.
[I 2026-03-06 00:59:41,161] Trial 184 finished with value: 0.12359281275293516 and parameters: {'sigma_noise': 0.2697273663021626, 'A_repulsion': 0.10050139923287094, 'gamma': 0.7347941210986504, 'sigma_update': 0.41155686812451053, 'eta_learning': 1.075084307387047, 'sigma_boundary': 7.594340358155701, 'alpha': 0.7617022857496261}. Best is trial 125 with value: 0.10502469499119803.
[I 2026-03-06 00:59:41,503] Trial 185 finished with value: 0.11477326845518743 and parameters: {'sigma_noise': 0.28029089489195763, 'A_repulsion': 0.053879326789595075, 'gamma': 0.6973008509673072, 'sigma_update': 0.3747560652057087, 'eta_learning': 1.3054180357096647, 'sigma_boundary': 7.320956584978237, 'alpha': 0.7769432080610627}. Best is trial 125 with value: 0.10502469499119803.
[I 2026-03-06 00:59:42,784] Trial 182 finished with value: 0.14057157398821574 and parameters: {'sigma_noise': 0.2601108298411107, 'A_repulsion': 0.1497849428599915, 'gamma': 0.5140392246082076, 'sigma_update': 0.18551459755025249, 'eta_learning': 1.2359870894461973, 'sigma_boundary': 5.158708161421603, 'alpha': 0.6374996946256418}. Best is trial 125 with value: 0.10502469499119803.
[I 2026-03-06 01:00:01,961] Trial 186 finished with value: 0.16158662411709207 and parameters: {'sigma_noise': 0.2884565521535702, 'A_repulsion': 0.10466710278070729, 'gamma': 0.5459143792957181, 'sigma_update': 0.3027608260664696, 'eta_learning': 1.1043291618240683, 'sigma_boundary': 5.211687809513097, 'alpha': 0.8935736777212809}. Best is trial 125 with value: 0.10502469499119803.
[I 2026-03-06 01:00:10,090] Trial 189 finished with value: 0.1425927208200169 and parameters: {'sigma_noise': 0.28031314854657746, 'A_repulsion': 0.06384839480882062, 'gamma': 0.5680744879468979, 'sigma_update': 0.21662539258149446, 'eta_learning': 1.8051352518763377, 'sigma_boundary': 8.389168211360232, 'alpha': 0.6271384673123344}. Best is trial 125 with value: 0.10502469499119803.
[I 2026-03-06 01:00:17,546] Trial 187 finished with value: 0.1199268311904513 and parameters: {'sigma_noise': 0.31473315163885024, 'A_repulsion': 0.1107635702633319, 'gamma': 0.7960759946849922, 'sigma_update': 0.35392120920582637, 'eta_learning': 1.227298944708134, 'sigma_boundary': 5.391160366240791, 'alpha': 0.5902109823687195}. Best is trial 125 with value: 0.10502469499119803.
[I 2026-03-06 01:00:34,954] Trial 188 finished with value: 0.19525562132534313 and parameters: {'sigma_noise': 0.43216788027124664, 'A_repulsion': 0.1586301544504597, 'gamma': 0.6945453498084629, 'sigma_update': 0.26622110015842554, 'eta_learning': 2.200008865799422, 'sigma_boundary': 6.401478302580924, 'alpha': 0.7350950397225715}. Best is trial 125 with value: 0.10502469499119803.
[I 2026-03-06 01:00:37,310] Trial 190 finished with value: 0.15662275945498194 and parameters: {'sigma_noise': 0.35034723436951254, 'A_repulsion': 0.14664419074543633, 'gamma': 0.47459504347408876, 'sigma_update': 0.31656639723610674, 'eta_learning': 1.7675801120253525, 'sigma_boundary': 7.692860839474996, 'alpha': 0.7767828583707992}. Best is trial 125 with value: 0.10502469499119803.
[I 2026-03-06 01:00:45,001] Trial 191 finished with value: 0.189123673282462 and parameters: {'sigma_noise': 0.38023336473029307, 'A_repulsion': 0.23825326573468875, 'gamma': 0.6062518176396756, 'sigma_update': 0.38817643031467064, 'eta_learning': 1.4760603153593794, 'sigma_boundary': 8.140059100585383, 'alpha': 0.6638936324029565}. Best is trial 125 with value: 0.10502469499119803.
[I 2026-03-06 01:00:52,523] Trial 193 finished with value: 0.12253104432543548 and parameters: {'sigma_noise': 0.24319217063500792, 'A_repulsion': 0.14548917000649053, 'gamma': 0.8634453870198129, 'sigma_update': 0.26795431232133127, 'eta_learning': 1.6857865355862818, 'sigma_boundary': 7.205489672052671, 'alpha': 0.5969159752250277}. Best is trial 125 with value: 0.10502469499119803.
[I 2026-03-06 01:00:52,778] Trial 192 finished with value: 0.18798157717466218 and parameters: {'sigma_noise': 0.34244978662155434, 'A_repulsion': 0.2128297678322401, 'gamma': 0.6041453879989794, 'sigma_update': 0.27122439169917556, 'eta_learning': 1.0397392492924673, 'sigma_boundary': 5.185087069795598, 'alpha': 0.5574757541271632}. Best is trial 125 with value: 0.10502469499119803.
[I 2026-03-06 01:01:00,182] Trial 194 finished with value: 0.11781390591438681 and parameters: {'sigma_noise': 0.3075151908384642, 'A_repulsion': 0.11671302112014738, 'gamma': 0.8103271954198779, 'sigma_update': 0.22107049493391662, 'eta_learning': 1.6599654251498535, 'sigma_boundary': 6.2835753762177795, 'alpha': 0.6116405012986593}. Best is trial 125 with value: 0.10502469499119803.
[I 2026-03-06 01:01:04,634] Trial 195 finished with value: 0.14580032268065496 and parameters: {'sigma_noise': 0.29631453681649583, 'A_repulsion': 0.18582198501543856, 'gamma': 0.6693157056243878, 'sigma_update': 0.10857164099025642, 'eta_learning': 1.5941222908081423, 'sigma_boundary': 5.312243150516504, 'alpha': 0.6740649816128467}. Best is trial 125 with value: 0.10502469499119803.
[I 2026-03-06 01:01:07,298] Trial 196 finished with value: 0.12628335819582753 and parameters: {'sigma_noise': 0.3427551862187939, 'A_repulsion': 0.12812742354604018, 'gamma': 0.7451433874654999, 'sigma_update': 0.28302517207119904, 'eta_learning': 1.6724358129559216, 'sigma_boundary': 5.441000669184349, 'alpha': 0.7671664831124835}. Best is trial 125 with value: 0.10502469499119803.
[I 2026-03-06 01:01:09,889] Trial 197 finished with value: 0.15388221320206097 and parameters: {'sigma_noise': 0.36543908873642256, 'A_repulsion': 0.16530374089529903, 'gamma': 0.6607216681751987, 'sigma_update': 0.24357372788121218, 'eta_learning': 2.0428122362176824, 'sigma_boundary': 3.861847148389342, 'alpha': 0.6466979369882958}. Best is trial 125 with value: 0.10502469499119803.
[I 2026-03-06 01:01:11,660] Trial 198 finished with value: 0.14260431324449302 and parameters: {'sigma_noise': 0.28619905495788417, 'A_repulsion': 0.2474531404360067, 'gamma': 0.5977007621847805, 'sigma_update': 0.3652775337764613, 'eta_learning': 1.730652131243661, 'sigma_boundary': 7.800738419599581, 'alpha': 0.6936183247705587}. Best is trial 125 with value: 0.10502469499119803.
[I 2026-03-06 01:01:12,658] Trial 199 finished with value: 0.17704154228582752 and parameters: {'sigma_noise': 0.2502186283774003, 'A_repulsion': 0.25229876561269204, 'gamma': 0.5130212623007712, 'sigma_update': 0.2715360618010362, 'eta_learning': 1.5012881420854998, 'sigma_boundary': 6.073222271275485, 'alpha': 0.5855865409761898}. Best is trial 125 with value: 0.10502469499119803.
[I 2026-03-06 01:01:21,003] A new study created in memory with name: no-name-a4658955-6d8d-4ecd-b480-44e5360cf03e
[I 2026-03-06 01:04:10,711] Trial 17 finished with value: 0.28093662993209634 and parameters: {'sigma_noise': 0.08539971432555857, 'A_repulsion': 0.03520914440838557, 'gamma': 0.4344884131903507, 'sigma_update': 0.4361532830307718, 'eta_learning': 1.1720012233595305, 'sigma_boundary': 2.1723421264646, 'alpha': 0.29164119899252827}. Best is trial 17 with value: 0.28093662993209634.
[I 2026-03-06 01:04:23,381] Trial 6 finished with value: 0.1979273814282742 and parameters: {'sigma_noise': 0.054201273865678794, 'A_repulsion': 0.26838263223601155, 'gamma': 0.44380368656939145, 'sigma_update': 0.49445883084909636, 'eta_learning': 1.0490411611553643, 'sigma_boundary': 0.12504858916465442, 'alpha': 0.10724015498863415}. Best is trial 6 with value: 0.1979273814282742.
[I 2026-03-06 01:04:26,865] Trial 11 finished with value: 1.0896923490796588 and parameters: {'sigma_noise': 0.10386242977924778, 'A_repulsion': 0.12620874959197564, 'gamma': 0.7513886137390414, 'sigma_update': 0.06390424031715644, 'eta_learning': 2.6104478673063976, 'sigma_boundary': 0.5711733615210217, 'alpha': 0.14888317256620687}. Best is trial 6 with value: 0.1979273814282742.
[I 2026-03-06 01:04:45,405] Trial 4 finished with value: 0.9621819731237851 and parameters: {'sigma_noise': 0.07648993859123197, 'A_repulsion': 0.296485937212481, 'gamma': 0.9002087325259812, 'sigma_update': 0.5814185097274844, 'eta_learning': 2.3343256236856584, 'sigma_boundary': 7.374982900625033, 'alpha': 0.19497897784813167}. Best is trial 6 with value: 0.1979273814282742.
[I 2026-03-06 01:04:50,886] Trial 9 finished with value: 0.10349305769837992 and parameters: {'sigma_noise': 0.17949887311914475, 'A_repulsion': 0.05838166154049068, 'gamma': 0.633188090572274, 'sigma_update': 0.5028061705675196, 'eta_learning': 2.99619526160778, 'sigma_boundary': 1.2436220676195668, 'alpha': 0.615847767818309}. Best is trial 9 with value: 0.10349305769837992.
[I 2026-03-06 01:05:07,667] Trial 7 finished with value: 0.2960597272861383 and parameters: {'sigma_noise': 0.09983361426089031, 'A_repulsion': 0.37359355524363674, 'gamma': 0.31391245337194223, 'sigma_update': 0.6506208187523101, 'eta_learning': 0.43363508023634956, 'sigma_boundary': 3.038475970776197, 'alpha': 0.4687555437051828}. Best is trial 9 with value: 0.10349305769837992.
[I 2026-03-06 01:05:09,756] Trial 8 finished with value: 0.05377019672439228 and parameters: {'sigma_noise': 0.1653055074575136, 'A_repulsion': 0.15958827358799477, 'gamma': 0.9530601054055735, 'sigma_update': 0.5267511278709345, 'eta_learning': 0.8037491673260703, 'sigma_boundary': 2.612100966876531, 'alpha': 0.6286201919691142}. Best is trial 8 with value: 0.05377019672439228.
[I 2026-03-06 01:05:21,720] Trial 10 finished with value: 0.17342674150390172 and parameters: {'sigma_noise': 0.08072545441930382, 'A_repulsion': 0.47880485668342637, 'gamma': 0.2667983274380019, 'sigma_update': 0.364590646692092, 'eta_learning': 1.41943834153962, 'sigma_boundary': 3.1054014507036176, 'alpha': 0.9233891099872517}. Best is trial 8 with value: 0.05377019672439228.
[I 2026-03-06 01:05:31,429] Trial 14 finished with value: 0.5539808610691817 and parameters: {'sigma_noise': 0.3015873065080965, 'A_repulsion': 0.0009608201108433634, 'gamma': 0.1771687020803602, 'sigma_update': 0.029167399834752215, 'eta_learning': 0.48991178923267753, 'sigma_boundary': 0.46433259369303026, 'alpha': 0.6159804803992991}. Best is trial 8 with value: 0.05377019672439228.
[I 2026-03-06 01:05:45,812] Trial 18 finished with value: 0.08994568177054203 and parameters: {'sigma_noise': 0.15293351157191992, 'A_repulsion': 0.30552838353357414, 'gamma': 0.4251200587899369, 'sigma_update': 0.16716669140415055, 'eta_learning': 1.8984300563890624, 'sigma_boundary': 6.931229215384394, 'alpha': 0.5992955419518359}. Best is trial 8 with value: 0.05377019672439228.
[I 2026-03-06 01:05:59,619] Trial 5 finished with value: 2.0715721893319565 and parameters: {'sigma_noise': 0.21307691432701642, 'A_repulsion': 0.25891845574473477, 'gamma': 0.42298489163893754, 'sigma_update': 0.6030057368665743, 'eta_learning': 2.639680015894971, 'sigma_boundary': 4.623071921948538, 'alpha': 0.09995653136899496}. Best is trial 8 with value: 0.05377019672439228.
[I 2026-03-06 01:06:02,751] Trial 1 finished with value: 0.3100528414841749 and parameters: {'sigma_noise': 0.3763692947370781, 'A_repulsion': 0.021972433962753835, 'gamma': 0.9153661482653542, 'sigma_update': 0.046648835376676, 'eta_learning': 2.837175685455846, 'sigma_boundary': 0.5215067704600806, 'alpha': 0.8818598732814645}. Best is trial 8 with value: 0.05377019672439228.
[I 2026-03-06 01:06:09,551] Trial 3 finished with value: 0.18174057549451128 and parameters: {'sigma_noise': 0.14432318273408223, 'A_repulsion': 0.4397389014054257, 'gamma': 0.015965784640257857, 'sigma_update': 0.2550258241111935, 'eta_learning': 2.361369910434199, 'sigma_boundary': 2.1687699740218753, 'alpha': 0.3977672898693}. Best is trial 8 with value: 0.05377019672439228.
[I 2026-03-06 01:06:17,686] Trial 19 finished with value: 0.2654967647655009 and parameters: {'sigma_noise': 0.1367638659072742, 'A_repulsion': 0.46672495944906633, 'gamma': 0.47316690340064443, 'sigma_update': 0.04415242058331836, 'eta_learning': 0.58873468899055, 'sigma_boundary': 4.1526900299795795, 'alpha': 0.7008853507758781}. Best is trial 8 with value: 0.05377019672439228.
[I 2026-03-06 01:06:21,841] Trial 0 finished with value: 0.06561058868760576 and parameters: {'sigma_noise': 0.29265251554983374, 'A_repulsion': 0.15271744444629703, 'gamma': 0.8798325032463412, 'sigma_update': 0.3319198083017316, 'eta_learning': 2.8210620106549045, 'sigma_boundary': 0.060813166862699004, 'alpha': 0.9791240184337184}. Best is trial 8 with value: 0.05377019672439228.
[I 2026-03-06 01:06:27,806] Trial 13 finished with value: 2.07681944800274 and parameters: {'sigma_noise': 0.4334922358757558, 'A_repulsion': 0.021212083357423528, 'gamma': 0.6027229082306728, 'sigma_update': 0.2305211557005472, 'eta_learning': 1.3842451599005783, 'sigma_boundary': 4.367478833816583, 'alpha': 0.03633519535806695}. Best is trial 8 with value: 0.05377019672439228.
[I 2026-03-06 01:06:29,779] Trial 2 finished with value: 0.19688572979935137 and parameters: {'sigma_noise': 0.38070361783396045, 'A_repulsion': 0.07620926567804853, 'gamma': 0.5533157659703584, 'sigma_update': 0.2696013352174742, 'eta_learning': 0.4914965239096198, 'sigma_boundary': 2.6754257058722546, 'alpha': 0.5075043947512978}. Best is trial 8 with value: 0.05377019672439228.
[I 2026-03-06 01:06:43,975] Trial 16 finished with value: 2.220784082030433 and parameters: {'sigma_noise': 0.2526375555138504, 'A_repulsion': 0.40191141163571836, 'gamma': 0.15130439528139167, 'sigma_update': 0.27058673294938196, 'eta_learning': 1.209234464276226, 'sigma_boundary': 3.684900935001329, 'alpha': 0.14500148560345671}. Best is trial 8 with value: 0.05377019672439228.
[I 2026-03-06 01:07:05,143] Trial 15 finished with value: 1.565900545739985 and parameters: {'sigma_noise': 0.3028298393221616, 'A_repulsion': 0.4729615638032202, 'gamma': 0.5873388679066476, 'sigma_update': 0.1796098526430528, 'eta_learning': 0.4494832969222781, 'sigma_boundary': 5.189406706233429, 'alpha': 0.30013406663204223}. Best is trial 8 with value: 0.05377019672439228.
[I 2026-03-06 01:07:06,079] Trial 12 finished with value: 2.02521272494194 and parameters: {'sigma_noise': 0.43117051104655313, 'A_repulsion': 0.26701265231772786, 'gamma': 0.35645933499434956, 'sigma_update': 0.0914886224700253, 'eta_learning': 2.8326858960793433, 'sigma_boundary': 6.393403777253158, 'alpha': 0.28091101428229404}. Best is trial 8 with value: 0.05377019672439228.
[I 2026-03-06 01:08:26,375] Trial 22 finished with value: 0.520285794464343 and parameters: {'sigma_noise': 0.1431136356809754, 'A_repulsion': 0.15784046159249096, 'gamma': 0.5493417135876606, 'sigma_update': 0.43995863691303944, 'eta_learning': 1.5787188336697584, 'sigma_boundary': 6.583380130518989, 'alpha': 0.2851350901008467}. Best is trial 8 with value: 0.05377019672439228.
[I 2026-03-06 01:09:02,972] Trial 25 finished with value: 0.13582346737333034 and parameters: {'sigma_noise': 0.17021824521539292, 'A_repulsion': 0.10529914596350395, 'gamma': 0.19155890781463564, 'sigma_update': 0.2882007729942358, 'eta_learning': 1.837419151800297, 'sigma_boundary': 5.528822905459748, 'alpha': 0.5526782825454517}. Best is trial 8 with value: 0.05377019672439228.
[I 2026-03-06 01:09:17,743] Trial 20 finished with value: 0.13942599022871796 and parameters: {'sigma_noise': 0.3196189542812983, 'A_repulsion': 0.1276799541670749, 'gamma': 0.39737072474503576, 'sigma_update': 0.33120910336348874, 'eta_learning': 2.117402318451232, 'sigma_boundary': 6.25974807350635, 'alpha': 0.8610600321829138}. Best is trial 8 with value: 0.05377019672439228.
[I 2026-03-06 01:09:34,970] Trial 29 finished with value: 0.3475303025927817 and parameters: {'sigma_noise': 0.2060030214454388, 'A_repulsion': 0.0611672401380535, 'gamma': 0.5000432919865428, 'sigma_update': 0.1550753265733004, 'eta_learning': 1.397575497073235, 'sigma_boundary': 3.2941911128334342, 'alpha': 0.31656034005970046}. Best is trial 8 with value: 0.05377019672439228.
[I 2026-03-06 01:09:43,227] Trial 21 finished with value: 1.0595681322050852 and parameters: {'sigma_noise': 0.305526786622693, 'A_repulsion': 0.24242230031195716, 'gamma': 0.3883118746674907, 'sigma_update': 0.43693955625305964, 'eta_learning': 1.5263157093861137, 'sigma_boundary': 4.450532666040908, 'alpha': 0.3232859344700073}. Best is trial 8 with value: 0.05377019672439228.
[I 2026-03-06 01:09:45,430] Trial 27 finished with value: 0.29761685648007585 and parameters: {'sigma_noise': 0.2100394070950961, 'A_repulsion': 0.16059887266219286, 'gamma': 0.21586752596653136, 'sigma_update': 0.4352563698822102, 'eta_learning': 1.3027046777903029, 'sigma_boundary': 2.499276931238079, 'alpha': 0.47253205540004783}. Best is trial 8 with value: 0.05377019672439228.
