[I 2026-03-06 02:37:48,514] Trial 194 finished with value: 0.09830304869910997 and parameters: {'sigma_noise': 0.11620629227705764, 'A_repulsion': 0.22233489302121984, 'gamma': 0.47904814652823713, 'sigma_update': 0.12268302983440564, 'eta_learning': 1.89072370046883, 'sigma_boundary': 2.5580745281437114, 'alpha': 0.5779412262153237}. Best is trial 162 with value: 0.03877490687110059.
[I 2026-03-06 02:37:53,235] Trial 199 finished with value: 0.08704191156073963 and parameters: {'sigma_noise': 0.15385576715434507, 'A_repulsion': 0.14983819507938667, 'gamma': 0.829789603262158, 'sigma_update': 0.2612015291628981, 'eta_learning': 0.39270628025204174, 'sigma_boundary': 3.7619131847246954, 'alpha': 0.8178981904613603}. Best is trial 162 with value: 0.03877490687110059.
[I 2026-03-06 02:37:54,972] Trial 198 finished with value: 0.0981513268238208 and parameters: {'sigma_noise': 0.16974527402456596, 'A_repulsion': 0.08558658290562561, 'gamma': 0.6030571431524515, 'sigma_update': 0.3048828809177654, 'eta_learning': 0.7595900097993515, 'sigma_boundary': 4.561838020359034, 'alpha': 0.7328438868140269}. Best is trial 162 with value: 0.03877490687110059.
[I 2026-03-06 02:37:58,640] Trial 195 finished with value: 0.044313846794284184 and parameters: {'sigma_noise': 0.19679265777593125, 'A_repulsion': 0.15869945493342838, 'gamma': 0.9164723991045525, 'sigma_update': 0.44189598204993197, 'eta_learning': 0.998964305488658, 'sigma_boundary': 2.7604124964669037, 'alpha': 0.7528568827254647}. Best is trial 162 with value: 0.03877490687110059.
[I 2026-03-06 02:38:00,381] Trial 197 finished with value: 0.0862111740837638 and parameters: {'sigma_noise': 0.23695794512497687, 'A_repulsion': 0.09306442501050671, 'gamma': 0.6329155971181297, 'sigma_update': 0.35238259547497797, 'eta_learning': 0.1548556275938207, 'sigma_boundary': 4.819184925694897, 'alpha': 0.9545482713143423}. Best is trial 162 with value: 0.03877490687110059.
[I 2026-03-06 02:38:00,857] Trial 196 finished with value: 0.10658155876322209 and parameters: {'sigma_noise': 0.22087437807885724, 'A_repulsion': 0.09942019691545209, 'gamma': 0.4954330629904465, 'sigma_update': 0.39988829006365595, 'eta_learning': 1.0971378859997405, 'sigma_boundary': 6.312991921224919, 'alpha': 0.8511943157453563}. Best is trial 162 with value: 0.03877490687110059.
