[I 2026-03-06 00:30:20,094] Trial 50 finished with value: 0.1718121453906804 and parameters: {'sigma_noise': 0.3731703352745085, 'A_repulsion': 0.19443864129446561, 'gamma': 0.33026036102299944, 'sigma_update': 0.22448813249313665, 'eta_learning': 2.832421708647975, 'sigma_boundary': 7.195343999615646, 'alpha': 0.6449655629950408}. Best is trial 54 with value: 0.12921288197967526.
[I 2026-03-06 00:30:28,388] Trial 55 finished with value: 0.218396347427485 and parameters: {'sigma_noise': 0.3595724973057132, 'A_repulsion': 0.07471928809374394, 'gamma': 0.16648955865317489, 'sigma_update': 0.3049250932930027, 'eta_learning': 2.157764068235963, 'sigma_boundary': 5.901905518409959, 'alpha': 0.6566142166477384}. Best is trial 54 with value: 0.12921288197967526.
[I 2026-03-06 00:30:32,559] Trial 53 finished with value: 0.6408366048816209 and parameters: {'sigma_noise': 0.3733773111588186, 'A_repulsion': 0.2195507116895114, 'gamma': 0.5768901875223864, 'sigma_update': 0.3877798391261136, 'eta_learning': 1.1745073166083035, 'sigma_boundary': 4.356530507430156, 'alpha': 0.40911902504739195}. Best is trial 54 with value: 0.12921288197967526.
[I 2026-03-06 00:31:00,535] Trial 59 finished with value: 0.1909564334097939 and parameters: {'sigma_noise': 0.28642195443860125, 'A_repulsion': 0.2784962919429834, 'gamma': 0.41453965810889326, 'sigma_update': 0.1838082485491189, 'eta_learning': 1.8754391724633792, 'sigma_boundary': 8.15278219900734, 'alpha': 0.7973862548838693}. Best is trial 54 with value: 0.12921288197967526.
[I 2026-03-06 00:32:21,563] Trial 60 finished with value: 0.15974207631268844 and parameters: {'sigma_noise': 0.32403929698337086, 'A_repulsion': 0.11114184453147341, 'gamma': 0.37359009797408177, 'sigma_update': 0.3220917546619044, 'eta_learning': 1.209655492237226, 'sigma_boundary': 3.274158643482971, 'alpha': 0.7411376988450609}. Best is trial 54 with value: 0.12921288197967526.
[I 2026-03-06 00:32:26,561] Trial 64 finished with value: 0.18793412073839744 and parameters: {'sigma_noise': 0.2284075923619081, 'A_repulsion': 0.07949869443719292, 'gamma': 0.37179508841025083, 'sigma_update': 0.3019489666072666, 'eta_learning': 1.911455884089674, 'sigma_boundary': 8.542128329101288, 'alpha': 0.7961193784086548}. Best is trial 54 with value: 0.12921288197967526.
[I 2026-03-06 00:32:54,661] Trial 62 finished with value: 0.30202762830759833 and parameters: {'sigma_noise': 0.43713801336337293, 'A_repulsion': 0.07997900378976314, 'gamma': 0.3547254020387252, 'sigma_update': 0.13949589303348398, 'eta_learning': 1.7740478479545543, 'sigma_boundary': 2.9389339336991918, 'alpha': 0.45729486570293787}. Best is trial 54 with value: 0.12921288197967526.
[I 2026-03-06 00:32:59,586] Trial 61 finished with value: 0.21859994128593335 and parameters: {'sigma_noise': 0.33706273663225106, 'A_repulsion': 0.22056119608671274, 'gamma': 0.3160228808728366, 'sigma_update': 0.37782081438510107, 'eta_learning': 2.5060258362224874, 'sigma_boundary': 4.0399820977541525, 'alpha': 0.6919827637798351}. Best is trial 54 with value: 0.12921288197967526.
[I 2026-03-06 00:33:12,670] Trial 65 finished with value: 0.1874966282923381 and parameters: {'sigma_noise': 0.256047699542893, 'A_repulsion': 0.18663892712462912, 'gamma': 0.1993964804375849, 'sigma_update': 0.22254057199346622, 'eta_learning': 2.3948966442953736, 'sigma_boundary': 7.044530145716151, 'alpha': 0.6455700410487739}. Best is trial 54 with value: 0.12921288197967526.
[I 2026-03-06 00:33:20,558] Trial 67 finished with value: 0.24453806230673242 and parameters: {'sigma_noise': 0.17679450448965722, 'A_repulsion': 0.25945032468896145, 'gamma': 0.24900103388459485, 'sigma_update': 0.2598059495806659, 'eta_learning': 1.4544908813130717, 'sigma_boundary': 3.9511183664302325, 'alpha': 0.7360271684841194}. Best is trial 54 with value: 0.12921288197967526.
[I 2026-03-06 00:33:21,360] Trial 63 finished with value: 0.40448907622442776 and parameters: {'sigma_noise': 0.4021556829588297, 'A_repulsion': 0.22132132317589218, 'gamma': 0.5527924158847213, 'sigma_update': 0.35959306395296103, 'eta_learning': 2.199704875302042, 'sigma_boundary': 6.243372524945062, 'alpha': 0.4686485083639489}. Best is trial 54 with value: 0.12921288197967526.
[I 2026-03-06 00:33:40,508] Trial 72 finished with value: 0.20843944014362686 and parameters: {'sigma_noise': 0.15967604161032883, 'A_repulsion': 0.22910944435848982, 'gamma': 0.5704722709853997, 'sigma_update': 0.2930664403199962, 'eta_learning': 1.9150504357502294, 'sigma_boundary': 2.2265678089644156, 'alpha': 0.6879164101162396}. Best is trial 54 with value: 0.12921288197967526.
[I 2026-03-06 00:33:44,709] Trial 68 finished with value: 0.20367653055041773 and parameters: {'sigma_noise': 0.2572253070528045, 'A_repulsion': 0.12107207943210707, 'gamma': 0.23189587383106705, 'sigma_update': 0.2940552386507077, 'eta_learning': 2.067064621124436, 'sigma_boundary': 6.101385976441618, 'alpha': 0.8892945327409367}. Best is trial 54 with value: 0.12921288197967526.
[I 2026-03-06 00:34:00,593] Trial 70 finished with value: 0.18074997286571795 and parameters: {'sigma_noise': 0.3165025684411169, 'A_repulsion': 0.05289924135404647, 'gamma': 0.22840934835476426, 'sigma_update': 0.39203968344262524, 'eta_learning': 1.3826356066923735, 'sigma_boundary': 3.399587652469319, 'alpha': 0.7928159444448613}. Best is trial 54 with value: 0.12921288197967526.
[I 2026-03-06 00:34:06,307] Trial 66 finished with value: 0.18048591534212335 and parameters: {'sigma_noise': 0.36399271959367535, 'A_repulsion': 0.39124875822223526, 'gamma': 0.48096251590552147, 'sigma_update': 0.3402554149444663, 'eta_learning': 1.3310941465876143, 'sigma_boundary': 6.224936271154011, 'alpha': 0.6503857586106474}. Best is trial 54 with value: 0.12921288197967526.
[I 2026-03-06 00:34:15,703] Trial 71 finished with value: 0.5470083946671411 and parameters: {'sigma_noise': 0.2739753761899174, 'A_repulsion': 0.1676967091709146, 'gamma': 0.24368803893608001, 'sigma_update': 0.5383080523555492, 'eta_learning': 1.5984971842684097, 'sigma_boundary': 5.08092323146156, 'alpha': 0.48112941518284535}. Best is trial 54 with value: 0.12921288197967526.
[I 2026-03-06 00:34:17,954] Trial 69 finished with value: 0.23110556119627085 and parameters: {'sigma_noise': 0.24690656358599988, 'A_repulsion': 0.25804361269400655, 'gamma': 0.31887740624224226, 'sigma_update': 0.090321710045137, 'eta_learning': 1.9739548329050918, 'sigma_boundary': 8.039823878286706, 'alpha': 0.77129924125765}. Best is trial 54 with value: 0.12921288197967526.
[I 2026-03-06 00:34:36,369] Trial 76 finished with value: 0.179853627745832 and parameters: {'sigma_noise': 0.2810473147853489, 'A_repulsion': 0.13629039401031756, 'gamma': 0.33301066877639046, 'sigma_update': 0.2118600886897568, 'eta_learning': 1.375191029700188, 'sigma_boundary': 6.830498282920131, 'alpha': 0.7373146602944388}. Best is trial 54 with value: 0.12921288197967526.
[I 2026-03-06 00:34:37,906] Trial 75 finished with value: 0.20689290941634111 and parameters: {'sigma_noise': 0.3354380790209595, 'A_repulsion': 0.09256397920365907, 'gamma': 0.47193947841983336, 'sigma_update': 0.20682635450255846, 'eta_learning': 2.4868323499229494, 'sigma_boundary': 5.792214858122895, 'alpha': 0.4691306958811296}. Best is trial 54 with value: 0.12921288197967526.
[I 2026-03-06 00:34:50,147] Trial 73 finished with value: 0.2363751546558961 and parameters: {'sigma_noise': 0.30005787208052176, 'A_repulsion': 0.2366343327033521, 'gamma': 0.26573530501103604, 'sigma_update': 0.24103595146537876, 'eta_learning': 1.2602427384053543, 'sigma_boundary': 1.4550670827341594, 'alpha': 0.806950288980744}. Best is trial 54 with value: 0.12921288197967526.
[I 2026-03-06 00:34:57,723] Trial 74 finished with value: 0.20399764630727354 and parameters: {'sigma_noise': 0.3041609518703578, 'A_repulsion': 0.21212874692435243, 'gamma': 0.44814165423703345, 'sigma_update': 0.2590169197672999, 'eta_learning': 1.9749287124378858, 'sigma_boundary': 6.301416871157897, 'alpha': 0.9959094591674476}. Best is trial 54 with value: 0.12921288197967526.
[I 2026-03-06 00:35:11,996] Trial 77 finished with value: 0.20745493664708764 and parameters: {'sigma_noise': 0.2893774336053107, 'A_repulsion': 0.27509401042964177, 'gamma': 0.5910342175672959, 'sigma_update': 0.2224442488875841, 'eta_learning': 1.832736473637107, 'sigma_boundary': 5.808034854541562, 'alpha': 0.478682976973225}. Best is trial 54 with value: 0.12921288197967526.
[I 2026-03-06 00:35:12,760] Trial 79 finished with value: 0.13872518371705722 and parameters: {'sigma_noise': 0.2747428000091669, 'A_repulsion': 0.09346690642465873, 'gamma': 0.4342206689441824, 'sigma_update': 0.2261921351114767, 'eta_learning': 2.6306979029233086, 'sigma_boundary': 5.431363780535692, 'alpha': 0.6160978042291952}. Best is trial 54 with value: 0.12921288197967526.
[I 2026-03-06 00:35:26,561] Trial 78 finished with value: 0.21770278319541386 and parameters: {'sigma_noise': 0.33638674715543215, 'A_repulsion': 0.25012446369419394, 'gamma': 0.43400027326588053, 'sigma_update': 0.156985466110562, 'eta_learning': 1.7900276564809168, 'sigma_boundary': 4.586170732703076, 'alpha': 0.8003287261710526}. Best is trial 54 with value: 0.12921288197967526.
[I 2026-03-06 00:36:39,165] Trial 80 finished with value: 0.19577345954888106 and parameters: {'sigma_noise': 0.20847081827453506, 'A_repulsion': 0.21641512255667522, 'gamma': 0.5409669591160269, 'sigma_update': 0.39016295109296656, 'eta_learning': 1.9243458134482077, 'sigma_boundary': 4.571209123843412, 'alpha': 0.7606482054846653}. Best is trial 54 with value: 0.12921288197967526.
[I 2026-03-06 00:37:06,058] Trial 82 finished with value: 0.23816802107239665 and parameters: {'sigma_noise': 0.264803219811839, 'A_repulsion': 0.11003199160863066, 'gamma': 0.4583811476675376, 'sigma_update': 0.4704207728432649, 'eta_learning': 1.346982233152715, 'sigma_boundary': 5.7664081274126096, 'alpha': 0.6413600978972847}. Best is trial 54 with value: 0.12921288197967526.
[I 2026-03-06 00:37:17,133] Trial 81 finished with value: 0.26350499980809844 and parameters: {'sigma_noise': 0.2925747025898046, 'A_repulsion': 0.27071523400637165, 'gamma': 0.20679663488145197, 'sigma_update': 0.45468804574445176, 'eta_learning': 1.2708682749112334, 'sigma_boundary': 3.746344143850682, 'alpha': 0.6534299688334032}. Best is trial 54 with value: 0.12921288197967526.
[I 2026-03-06 00:37:43,145] Trial 83 finished with value: 0.18272622051737392 and parameters: {'sigma_noise': 0.27803383466605763, 'A_repulsion': 0.3226457684832007, 'gamma': 0.5818386337129334, 'sigma_update': 0.220347165079424, 'eta_learning': 1.5965927830149833, 'sigma_boundary': 3.939741674928556, 'alpha': 0.7215487669390837}. Best is trial 54 with value: 0.12921288197967526.
[I 2026-03-06 00:38:00,613] Trial 84 finished with value: 0.27982351675424244 and parameters: {'sigma_noise': 0.37697700123336786, 'A_repulsion': 0.16172846287152343, 'gamma': 0.514857936174274, 'sigma_update': 0.08219912431275979, 'eta_learning': 0.9286112006788917, 'sigma_boundary': 4.21851849247524, 'alpha': 0.7592088651074069}. Best is trial 54 with value: 0.12921288197967526.
[I 2026-03-06 00:38:02,381] Trial 86 finished with value: 0.22946625327508166 and parameters: {'sigma_noise': 0.2840666222688592, 'A_repulsion': 0.32862997211891287, 'gamma': 0.6633487919733314, 'sigma_update': 0.33713099595119334, 'eta_learning': 1.846177092770953, 'sigma_boundary': 6.301510954865202, 'alpha': 0.47230235925116293}. Best is trial 54 with value: 0.12921288197967526.
[I 2026-03-06 00:38:08,588] Trial 88 finished with value: 0.1952662085460178 and parameters: {'sigma_noise': 0.28412167415876927, 'A_repulsion': 0.1816798024719109, 'gamma': 0.2498359118007543, 'sigma_update': 0.24934662074137956, 'eta_learning': 2.335865580868703, 'sigma_boundary': 5.527563392921175, 'alpha': 0.7215958693831677}. Best is trial 54 with value: 0.12921288197967526.
[I 2026-03-06 00:38:18,993] Trial 87 finished with value: 0.15233063635164268 and parameters: {'sigma_noise': 0.3245017949623946, 'A_repulsion': 0.16005786302415942, 'gamma': 0.43102024708805076, 'sigma_update': 0.3575906972071684, 'eta_learning': 1.8684392215994512, 'sigma_boundary': 4.235084572725615, 'alpha': 0.7765429990011086}. Best is trial 54 with value: 0.12921288197967526.
[I 2026-03-06 00:38:24,383] Trial 85 finished with value: 0.27414515581798954 and parameters: {'sigma_noise': 0.39565832393024447, 'A_repulsion': 0.23279985385640414, 'gamma': 0.533101465379474, 'sigma_update': 0.1356150038549587, 'eta_learning': 1.760376492697072, 'sigma_boundary': 5.329253582403208, 'alpha': 0.900207861610908}. Best is trial 54 with value: 0.12921288197967526.
[I 2026-03-06 00:38:29,860] Trial 93 finished with value: 0.1600595318329569 and parameters: {'sigma_noise': 0.23892405888701557, 'A_repulsion': 0.07837197285735692, 'gamma': 0.5573048812212256, 'sigma_update': 0.4237717885862232, 'eta_learning': 2.005236290063361, 'sigma_boundary': 4.931446555173897, 'alpha': 0.9156290511287271}. Best is trial 54 with value: 0.12921288197967526.
[I 2026-03-06 00:38:36,780] Trial 92 finished with value: 0.20542213162141154 and parameters: {'sigma_noise': 0.28714735806204533, 'A_repulsion': 0.14116215029541448, 'gamma': 0.2215610508284862, 'sigma_update': 0.15634337990279779, 'eta_learning': 1.967802361958319, 'sigma_boundary': 6.082045322992368, 'alpha': 0.9428293411899551}. Best is trial 54 with value: 0.12921288197967526.
[I 2026-03-06 00:38:59,291] Trial 89 finished with value: 0.2210079516046548 and parameters: {'sigma_noise': 0.3919700061029121, 'A_repulsion': 0.2144203511596674, 'gamma': 0.27322127904550986, 'sigma_update': 0.2965157419236077, 'eta_learning': 1.9655996483610227, 'sigma_boundary': 8.66858866614382, 'alpha': 0.9750186333976879}. Best is trial 54 with value: 0.12921288197967526.
[I 2026-03-06 00:39:04,476] Trial 91 finished with value: 0.15556892943935774 and parameters: {'sigma_noise': 0.27622545453864394, 'A_repulsion': 0.23937533174280806, 'gamma': 0.4432300354420631, 'sigma_update': 0.2305095948762062, 'eta_learning': 1.134901548041078, 'sigma_boundary': 2.3144924176898196, 'alpha': 0.5636705561804956}. Best is trial 54 with value: 0.12921288197967526.
[I 2026-03-06 00:39:11,547] Trial 94 finished with value: 0.16575840935221395 and parameters: {'sigma_noise': 0.34203962996776627, 'A_repulsion': 0.12212626364357482, 'gamma': 0.41459513933123054, 'sigma_update': 0.30305594125447993, 'eta_learning': 1.5224099629128427, 'sigma_boundary': 1.8249986184430187, 'alpha': 0.6069287824663224}. Best is trial 54 with value: 0.12921288197967526.
[I 2026-03-06 00:39:12,493] Trial 90 finished with value: 0.18083236094903435 and parameters: {'sigma_noise': 0.3299518512440035, 'A_repulsion': 0.3605092206658782, 'gamma': 0.502769379021331, 'sigma_update': 0.264799180086226, 'eta_learning': 1.7561882475901398, 'sigma_boundary': 4.314284425638448, 'alpha': 0.6930303086610277}. Best is trial 54 with value: 0.12921288197967526.
[I 2026-03-06 00:39:35,519] Trial 96 finished with value: 0.19215994336797348 and parameters: {'sigma_noise': 0.2705443471755845, 'A_repulsion': 0.24323415784167773, 'gamma': 0.5577634909376581, 'sigma_update': 0.46571768431978555, 'eta_learning': 2.17199730629736, 'sigma_boundary': 5.387567198221464, 'alpha': 0.6319683272943872}. Best is trial 54 with value: 0.12921288197967526.
[I 2026-03-06 00:39:35,717] Trial 97 finished with value: 0.27920460042658757 and parameters: {'sigma_noise': 0.4067102389442924, 'A_repulsion': 0.019313304510358148, 'gamma': 0.35673937412655715, 'sigma_update': 0.4852500876206108, 'eta_learning': 1.2294485055256972, 'sigma_boundary': 4.623822934201367, 'alpha': 0.7593137190833346}. Best is trial 54 with value: 0.12921288197967526.
[I 2026-03-06 00:39:50,928] Trial 98 finished with value: 0.18580269487420858 and parameters: {'sigma_noise': 0.22348316383930678, 'A_repulsion': 0.310332132428348, 'gamma': 0.45989856874234714, 'sigma_update': 0.285525985859039, 'eta_learning': 1.4919934335003688, 'sigma_boundary': 4.196614480905956, 'alpha': 0.778246419546481}. Best is trial 54 with value: 0.12921288197967526.
[I 2026-03-06 00:39:57,777] Trial 95 finished with value: 0.2945391861244626 and parameters: {'sigma_noise': 0.37226834783890317, 'A_repulsion': 0.31121842490576757, 'gamma': 0.16520028344086468, 'sigma_update': 0.37599507523280407, 'eta_learning': 1.4262862590909442, 'sigma_boundary': 4.086885569077183, 'alpha': 0.5446291016854733}. Best is trial 54 with value: 0.12921288197967526.
[I 2026-03-06 00:40:11,684] Trial 99 finished with value: 0.15109411877156614 and parameters: {'sigma_noise': 0.3399060119996472, 'A_repulsion': 0.14635460283019444, 'gamma': 0.6013537576535342, 'sigma_update': 0.40265053080006835, 'eta_learning': 1.9969534310063175, 'sigma_boundary': 3.715908696376533, 'alpha': 0.862114725247328}. Best is trial 54 with value: 0.12921288197967526.
[I 2026-03-06 00:41:15,422] Trial 100 finished with value: 0.19264771467538158 and parameters: {'sigma_noise': 0.423055921257432, 'A_repulsion': 0.0020306343910752034, 'gamma': 0.6773748318239152, 'sigma_update': 0.27664375646510564, 'eta_learning': 2.183871070867649, 'sigma_boundary': 3.9538713327328385, 'alpha': 0.7691951892762696}. Best is trial 54 with value: 0.12921288197967526.
[I 2026-03-06 00:41:30,344] Trial 101 finished with value: 0.20721055379814543 and parameters: {'sigma_noise': 0.3270542126773696, 'A_repulsion': 0.04729031682445736, 'gamma': 0.3768142568768344, 'sigma_update': 0.11086548946781975, 'eta_learning': 1.838477609840612, 'sigma_boundary': 6.181344319436406, 'alpha': 0.7494989605955905}. Best is trial 54 with value: 0.12921288197967526.
[I 2026-03-06 00:41:33,460] Trial 102 finished with value: 0.16829342658102137 and parameters: {'sigma_noise': 0.252610742731562, 'A_repulsion': 0.13367781504968967, 'gamma': 0.5585113111806833, 'sigma_update': 0.1878846059258787, 'eta_learning': 2.1342080938138066, 'sigma_boundary': 4.173154145833733, 'alpha': 0.8312302624621193}. Best is trial 54 with value: 0.12921288197967526.
[I 2026-03-06 00:41:51,864] Trial 107 finished with value: 0.19390918582595207 and parameters: {'sigma_noise': 0.17119432660609826, 'A_repulsion': 0.09202911557007129, 'gamma': 0.6385296694542619, 'sigma_update': 0.2889268851033442, 'eta_learning': 2.5767414432215254, 'sigma_boundary': 4.740313142560228, 'alpha': 0.5342044613711558}. Best is trial 54 with value: 0.12921288197967526.
[I 2026-03-06 00:42:14,354] Trial 109 finished with value: 0.15181434383242465 and parameters: {'sigma_noise': 0.21578444505338984, 'A_repulsion': 0.06036144322753739, 'gamma': 0.48673595818475357, 'sigma_update': 0.24680253191747203, 'eta_learning': 1.6452904069145013, 'sigma_boundary': 6.398443122478489, 'alpha': 0.7104084542370472}. Best is trial 54 with value: 0.12921288197967526.
[I 2026-03-06 00:42:21,978] Trial 104 finished with value: 0.26472829520512065 and parameters: {'sigma_noise': 0.2550110851337206, 'A_repulsion': 0.15961414684578032, 'gamma': 0.48099747442275637, 'sigma_update': 0.28942986855336533, 'eta_learning': 2.398934698453877, 'sigma_boundary': 5.3452724380697285, 'alpha': 0.43868466122982275}. Best is trial 54 with value: 0.12921288197967526.
[I 2026-03-06 00:42:39,598] Trial 103 finished with value: 0.184443617142398 and parameters: {'sigma_noise': 0.28992116933009604, 'A_repulsion': 0.27988028945639937, 'gamma': 0.41676980228644267, 'sigma_update': 0.42899718148850396, 'eta_learning': 1.3583234767351111, 'sigma_boundary': 4.605328920718936, 'alpha': 0.8331510392403085}. Best is trial 54 with value: 0.12921288197967526.
[I 2026-03-06 00:42:58,955] Trial 108 finished with value: 0.1597543447226755 and parameters: {'sigma_noise': 0.29532789663191983, 'A_repulsion': 0.15007574019714334, 'gamma': 0.4814566795924429, 'sigma_update': 0.34681216661152353, 'eta_learning': 2.2557480831817536, 'sigma_boundary': 7.399329701702435, 'alpha': 0.689070929215416}. Best is trial 54 with value: 0.12921288197967526.
[I 2026-03-06 00:43:00,451] Trial 105 finished with value: 0.16453537267116292 and parameters: {'sigma_noise': 0.24675017577323044, 'A_repulsion': 0.2798230277448485, 'gamma': 0.548558345430017, 'sigma_update': 0.2609675724454727, 'eta_learning': 1.8260986119175275, 'sigma_boundary': 4.846098893611366, 'alpha': 0.6845180999502904}. Best is trial 54 with value: 0.12921288197967526.
[I 2026-03-06 00:43:01,885] Trial 106 finished with value: 0.2817520960443246 and parameters: {'sigma_noise': 0.3678131170975812, 'A_repulsion': 0.10786120255847101, 'gamma': 0.5341816232148563, 'sigma_update': 0.07148249095266161, 'eta_learning': 2.733933632981719, 'sigma_boundary': 7.489849987215168, 'alpha': 0.578705255059296}. Best is trial 54 with value: 0.12921288197967526.
[I 2026-03-06 00:43:07,686] Trial 113 finished with value: 0.1266387660785776 and parameters: {'sigma_noise': 0.25509077823902726, 'A_repulsion': 0.0574170833817743, 'gamma': 0.6115543582738238, 'sigma_update': 0.3005526210518176, 'eta_learning': 1.565444333432226, 'sigma_boundary': 6.201303384165188, 'alpha': 0.7531304748856391}. Best is trial 113 with value: 0.1266387660785776.
[I 2026-03-06 00:43:27,242] Trial 110 finished with value: 0.2023182792666463 and parameters: {'sigma_noise': 0.3356228928227375, 'A_repulsion': 0.14270164783102054, 'gamma': 0.3550511812255789, 'sigma_update': 0.14706154727605583, 'eta_learning': 2.7171516856650153, 'sigma_boundary': 5.421138039636326, 'alpha': 0.8997877734582915}. Best is trial 113 with value: 0.1266387660785776.
[I 2026-03-06 00:43:28,355] Trial 111 finished with value: 0.19587473926851556 and parameters: {'sigma_noise': 0.31136421312015994, 'A_repulsion': 0.0682578625311436, 'gamma': 0.3547827700964194, 'sigma_update': 0.16832486491338688, 'eta_learning': 2.3181327514019787, 'sigma_boundary': 6.354335107794396, 'alpha': 0.9136236138954472}. Best is trial 113 with value: 0.1266387660785776.
