[I 2026-03-06 02:06:22,545] Trial 24 finished with value: 0.11672977975358521 and parameters: {'sigma_noise': 0.2050742875377069, 'A_repulsion': 0.19221190642933925, 'gamma': 0.5640235201171256, 'sigma_update': 0.270269493215712, 'eta_learning': 0.7759183439192983, 'sigma_boundary': 7.606457621656844, 'alpha': 0.48431431661562474}. Best is trial 12 with value: 0.07134468204089472.
[I 2026-03-06 02:06:47,069] Trial 33 finished with value: 0.14328932459574623 and parameters: {'sigma_noise': 0.10201945048033015, 'A_repulsion': 0.23634978524544173, 'gamma': 0.2953240296092498, 'sigma_update': 0.2168250446556737, 'eta_learning': 1.1400126958224093, 'sigma_boundary': 8.321473536657077, 'alpha': 0.648078804759415}. Best is trial 12 with value: 0.07134468204089472.
[I 2026-03-06 02:06:59,325] Trial 30 finished with value: 0.10612958245521417 and parameters: {'sigma_noise': 0.1909451189312084, 'A_repulsion': 0.18341861386488956, 'gamma': 0.5698234532857486, 'sigma_update': 0.44142230380407, 'eta_learning': 0.9421998949495617, 'sigma_boundary': 5.148577232501614, 'alpha': 0.7490312340666406}. Best is trial 12 with value: 0.07134468204089472.
[I 2026-03-06 02:07:04,237] Trial 25 finished with value: 0.7016347356127692 and parameters: {'sigma_noise': 0.3010531778438141, 'A_repulsion': 0.30207632254458316, 'gamma': 0.3841257649823925, 'sigma_update': 0.5045589221177055, 'eta_learning': 1.6394940025558207, 'sigma_boundary': 4.604857332572402, 'alpha': 0.3983144836812043}. Best is trial 12 with value: 0.07134468204089472.
[I 2026-03-06 02:07:11,880] Trial 26 finished with value: 0.1259728584089182 and parameters: {'sigma_noise': 0.26550277226290614, 'A_repulsion': 0.35568119835760753, 'gamma': 0.5635155345374007, 'sigma_update': 0.17348223529679033, 'eta_learning': 1.9482591882845215, 'sigma_boundary': 3.763521398123734, 'alpha': 0.47682233240243166}. Best is trial 12 with value: 0.07134468204089472.
[I 2026-03-06 02:07:21,317] Trial 27 finished with value: 0.10986966378743072 and parameters: {'sigma_noise': 0.2891832944437015, 'A_repulsion': 0.3482381057046853, 'gamma': 0.4291064560889412, 'sigma_update': 0.28698702732273246, 'eta_learning': 1.1960793006488546, 'sigma_boundary': 7.994074355781162, 'alpha': 0.6448879455080831}. Best is trial 12 with value: 0.07134468204089472.
[I 2026-03-06 02:07:25,468] Trial 31 finished with value: 0.4199873773217244 and parameters: {'sigma_noise': 0.23464214958149648, 'A_repulsion': 0.1939684899982581, 'gamma': 0.5950697224409931, 'sigma_update': 0.28003720333625437, 'eta_learning': 1.9551612876300275, 'sigma_boundary': 4.494382050405589, 'alpha': 0.3424358209289152}. Best is trial 12 with value: 0.07134468204089472.
[I 2026-03-06 02:07:27,524] Trial 32 finished with value: 0.13914530766994646 and parameters: {'sigma_noise': 0.23850806424602494, 'A_repulsion': 0.1824940986103318, 'gamma': 0.7742178979212029, 'sigma_update': 0.43931146507601676, 'eta_learning': 1.4630240197920898, 'sigma_boundary': 2.71142124465958, 'alpha': 0.5070342141416146}. Best is trial 12 with value: 0.07134468204089472.
[I 2026-03-06 02:07:42,040] Trial 39 finished with value: 0.28250709669438767 and parameters: {'sigma_noise': 0.21049117726168393, 'A_repulsion': 0.22012386125614292, 'gamma': 0.09669934485845076, 'sigma_update': 0.3918075052584393, 'eta_learning': 1.6671279433948412, 'sigma_boundary': 4.332556838911614, 'alpha': 0.4301242141803082}. Best is trial 12 with value: 0.07134468204089472.
[I 2026-03-06 02:07:43,236] Trial 29 finished with value: 1.0917900169541266 and parameters: {'sigma_noise': 0.25329727969982385, 'A_repulsion': 0.36823099196480474, 'gamma': 0.47359789683069137, 'sigma_update': 0.5605910957504628, 'eta_learning': 2.3208403414031076, 'sigma_boundary': 7.85719302485563, 'alpha': 0.32582515199615175}. Best is trial 12 with value: 0.07134468204089472.
[I 2026-03-06 02:07:48,011] Trial 42 finished with value: 0.10859019681713092 and parameters: {'sigma_noise': 0.2060949300801001, 'A_repulsion': 0.22522813866394123, 'gamma': 0.5019708761239545, 'sigma_update': 0.3031832341339672, 'eta_learning': 1.6878926934059537, 'sigma_boundary': 4.017320740858791, 'alpha': 0.679093790755991}. Best is trial 12 with value: 0.07134468204089472.
[I 2026-03-06 02:08:10,267] Trial 35 finished with value: 0.23854084618103452 and parameters: {'sigma_noise': 0.35388411213172916, 'A_repulsion': 0.14825004292619237, 'gamma': 0.4578212812659244, 'sigma_update': 0.5210622522138494, 'eta_learning': 2.0560293238350655, 'sigma_boundary': 2.4316991200591587, 'alpha': 0.7604394087024322}. Best is trial 12 with value: 0.07134468204089472.
[I 2026-03-06 02:08:13,906] Trial 34 finished with value: 0.29032666253109285 and parameters: {'sigma_noise': 0.3077366317849659, 'A_repulsion': 0.316769701940199, 'gamma': 0.6488689324175649, 'sigma_update': 0.18324450158004735, 'eta_learning': 1.0341832389760475, 'sigma_boundary': 3.8960854125699607, 'alpha': 0.42723231627251834}. Best is trial 12 with value: 0.07134468204089472.
[I 2026-03-06 02:08:15,281] Trial 45 finished with value: 0.4059631349490912 and parameters: {'sigma_noise': 0.32581434129741293, 'A_repulsion': 0.047026175270405535, 'gamma': 0.8344522337498447, 'sigma_update': 0.35357016459430274, 'eta_learning': 1.236529552550506, 'sigma_boundary': 3.3069317838243784, 'alpha': 0.33763516742957145}. Best is trial 12 with value: 0.07134468204089472.
[I 2026-03-06 02:08:17,283] Trial 38 finished with value: 0.2244157128640922 and parameters: {'sigma_noise': 0.24579751844459524, 'A_repulsion': 0.2605608513063465, 'gamma': 0.5349621122862664, 'sigma_update': 0.4387839326191826, 'eta_learning': 0.3518972471494432, 'sigma_boundary': 2.792552816828384, 'alpha': 0.41144808132894}. Best is trial 12 with value: 0.07134468204089472.
[I 2026-03-06 02:08:21,810] Trial 37 finished with value: 0.16897775458449377 and parameters: {'sigma_noise': 0.24961243727139937, 'A_repulsion': 0.2894764234388118, 'gamma': 0.3882778656409433, 'sigma_update': 0.1832258251723374, 'eta_learning': 2.002606753510138, 'sigma_boundary': 3.2697248439725644, 'alpha': 0.7729339066572912}. Best is trial 12 with value: 0.07134468204089472.
[I 2026-03-06 02:08:22,178] Trial 41 finished with value: 0.1957352508149625 and parameters: {'sigma_noise': 0.21312885194463482, 'A_repulsion': 0.3370349303519823, 'gamma': 0.13242673189831908, 'sigma_update': 0.240645076674261, 'eta_learning': 1.2537412573615085, 'sigma_boundary': 3.123922475888967, 'alpha': 0.37932601762911244}. Best is trial 12 with value: 0.07134468204089472.
[I 2026-03-06 02:08:22,731] Trial 36 finished with value: 0.14684555589026108 and parameters: {'sigma_noise': 0.31724323565312895, 'A_repulsion': 0.28855992552223847, 'gamma': 0.635407814556688, 'sigma_update': 0.47455378405385673, 'eta_learning': 1.5922949038730554, 'sigma_boundary': 4.481345290810617, 'alpha': 0.67941993131738}. Best is trial 12 with value: 0.07134468204089472.
[I 2026-03-06 02:08:31,186] Trial 43 finished with value: 0.12504376967192923 and parameters: {'sigma_noise': 0.26130564093664427, 'A_repulsion': 0.33161791549123637, 'gamma': 0.5060123895437852, 'sigma_update': 0.31173627455551695, 'eta_learning': 2.092066892504015, 'sigma_boundary': 3.4514845132278893, 'alpha': 0.5887079947437478}. Best is trial 12 with value: 0.07134468204089472.
[I 2026-03-06 02:08:41,645] Trial 40 finished with value: 0.7017496081595767 and parameters: {'sigma_noise': 0.3196792264877581, 'A_repulsion': 0.3331533450039215, 'gamma': 0.4041496269513421, 'sigma_update': 0.5331218808102927, 'eta_learning': 1.646696757341849, 'sigma_boundary': 2.849238013453911, 'alpha': 0.4115204868684683}. Best is trial 12 with value: 0.07134468204089472.
[I 2026-03-06 02:08:47,245] Trial 44 finished with value: 0.13816962972661506 and parameters: {'sigma_noise': 0.25622729747527284, 'A_repulsion': 0.29467823068603005, 'gamma': 0.40625943075966814, 'sigma_update': 0.2788723116485605, 'eta_learning': 0.6719056783666, 'sigma_boundary': 6.279194935365204, 'alpha': 0.4625483729892546}. Best is trial 12 with value: 0.07134468204089472.
[I 2026-03-06 02:08:59,309] Trial 47 finished with value: 0.2368676979813619 and parameters: {'sigma_noise': 0.15772661227478585, 'A_repulsion': 0.41388358457180985, 'gamma': 0.27994144706406027, 'sigma_update': 0.320148109398771, 'eta_learning': 1.7925956288865217, 'sigma_boundary': 1.2799072503755815, 'alpha': 0.3573298175771411}. Best is trial 12 with value: 0.07134468204089472.
[I 2026-03-06 02:09:05,773] Trial 46 finished with value: 0.10836804219609161 and parameters: {'sigma_noise': 0.2800740713608037, 'A_repulsion': 0.261824006903806, 'gamma': 0.42987736378887853, 'sigma_update': 0.18115991737642215, 'eta_learning': 1.7969586538611992, 'sigma_boundary': 1.1928744021144189, 'alpha': 0.4519379911085885}. Best is trial 12 with value: 0.07134468204089472.
[I 2026-03-06 02:11:03,382] Trial 49 finished with value: 0.12390350842192244 and parameters: {'sigma_noise': 0.22412485680482686, 'A_repulsion': 0.17535447938507623, 'gamma': 0.4771607145124905, 'sigma_update': 0.388188854998327, 'eta_learning': 2.192153721594701, 'sigma_boundary': 2.48951579787252, 'alpha': 0.9126772240022984}. Best is trial 12 with value: 0.07134468204089472.
[I 2026-03-06 02:11:12,974] Trial 50 finished with value: 0.10649809492149362 and parameters: {'sigma_noise': 0.1622180519751577, 'A_repulsion': 0.24388151842933986, 'gamma': 0.7601953544342069, 'sigma_update': 0.2426170061954979, 'eta_learning': 1.8044906448584714, 'sigma_boundary': 4.275053242597609, 'alpha': 0.5623099655353351}. Best is trial 12 with value: 0.07134468204089472.
[I 2026-03-06 02:11:18,788] Trial 48 finished with value: 0.11421475056173544 and parameters: {'sigma_noise': 0.27319345612795015, 'A_repulsion': 0.2783309935480077, 'gamma': 0.26376674497896974, 'sigma_update': 0.18143051478154384, 'eta_learning': 1.0352806212080257, 'sigma_boundary': 5.060451977549914, 'alpha': 0.4935374520483425}. Best is trial 12 with value: 0.07134468204089472.
[I 2026-03-06 02:11:40,439] Trial 53 finished with value: 0.21842529448706371 and parameters: {'sigma_noise': 0.21626840941354375, 'A_repulsion': 0.15072964465254637, 'gamma': 0.7692550854828704, 'sigma_update': 0.2655843517665191, 'eta_learning': 1.0675996189288308, 'sigma_boundary': 3.9908319139377464, 'alpha': 0.36992811231102035}. Best is trial 12 with value: 0.07134468204089472.
[I 2026-03-06 02:11:41,532] Trial 58 finished with value: 0.18292835743832755 and parameters: {'sigma_noise': 0.13512312457882586, 'A_repulsion': 0.21892611798208447, 'gamma': 0.1871541714138264, 'sigma_update': 0.5168778509014145, 'eta_learning': 0.3577926923794864, 'sigma_boundary': 6.794965676300344, 'alpha': 0.5579378892717315}. Best is trial 12 with value: 0.07134468204089472.
[I 2026-03-06 02:11:56,586] Trial 61 finished with value: 0.1365214036037838 and parameters: {'sigma_noise': 0.08815532834716566, 'A_repulsion': 0.2063120391085977, 'gamma': 0.619776361868919, 'sigma_update': 0.3553903643392694, 'eta_learning': 1.0291283528671271, 'sigma_boundary': 6.689742245189124, 'alpha': 0.7917638432456169}. Best is trial 12 with value: 0.07134468204089472.
[I 2026-03-06 02:12:01,463] Trial 51 finished with value: 0.4577946694731786 and parameters: {'sigma_noise': 0.2534691715175451, 'A_repulsion': 0.21452996973053456, 'gamma': 0.35947344569047457, 'sigma_update': 0.45563365348241597, 'eta_learning': 1.234759859926504, 'sigma_boundary': 7.688921257262578, 'alpha': 0.3977761165295397}. Best is trial 12 with value: 0.07134468204089472.
[I 2026-03-06 02:12:19,497] Trial 63 finished with value: 0.13382530890329453 and parameters: {'sigma_noise': 0.12369027356688085, 'A_repulsion': 0.22438708866798562, 'gamma': 0.37299611541087724, 'sigma_update': 0.29318995115893415, 'eta_learning': 0.47050865643981715, 'sigma_boundary': 3.0422744201101644, 'alpha': 0.4753185211721968}. Best is trial 12 with value: 0.07134468204089472.
[I 2026-03-06 02:12:20,663] Trial 57 finished with value: 0.114120332209811 and parameters: {'sigma_noise': 0.2063404663674589, 'A_repulsion': 0.22167836175577782, 'gamma': 0.3745061253299884, 'sigma_update': 0.3159032390819827, 'eta_learning': 1.0433924139130397, 'sigma_boundary': 6.2868998389280835, 'alpha': 0.7288186013523786}. Best is trial 12 with value: 0.07134468204089472.
[I 2026-03-06 02:12:21,005] Trial 62 finished with value: 0.09017069357364747 and parameters: {'sigma_noise': 0.2244203870817726, 'A_repulsion': 0.0934291622189787, 'gamma': 0.5917340838078059, 'sigma_update': 0.39526904568236465, 'eta_learning': 0.5400974068111266, 'sigma_boundary': 6.344931891330037, 'alpha': 0.759445602520588}. Best is trial 12 with value: 0.07134468204089472.
[I 2026-03-06 02:12:22,988] Trial 60 finished with value: 0.1689007767276886 and parameters: {'sigma_noise': 0.274885997511264, 'A_repulsion': 0.02518011502231543, 'gamma': 0.3376171043200474, 'sigma_update': 0.4179045845565691, 'eta_learning': 1.7530586604014708, 'sigma_boundary': 2.782822420130892, 'alpha': 0.7192817366429735}. Best is trial 12 with value: 0.07134468204089472.
[I 2026-03-06 02:12:38,656] Trial 54 finished with value: 0.10705454911250371 and parameters: {'sigma_noise': 0.1945736293535224, 'A_repulsion': 0.3885855797155366, 'gamma': 0.3635354666796066, 'sigma_update': 0.27085971273881343, 'eta_learning': 1.5168299739248512, 'sigma_boundary': 1.8106285402607627, 'alpha': 0.5648409496386546}. Best is trial 12 with value: 0.07134468204089472.
[I 2026-03-06 02:12:40,264] Trial 56 finished with value: 0.21337527854163013 and parameters: {'sigma_noise': 0.21161439789368064, 'A_repulsion': 0.3302718416434802, 'gamma': 0.2025231516923674, 'sigma_update': 0.5306839418534236, 'eta_learning': 2.1406234345052186, 'sigma_boundary': 3.212849598799364, 'alpha': 0.7044055525256129}. Best is trial 12 with value: 0.07134468204089472.
[I 2026-03-06 02:12:42,000] Trial 52 finished with value: 0.3286967036393955 and parameters: {'sigma_noise': 0.29823697579188, 'A_repulsion': 0.3417151813324756, 'gamma': 0.4841229623631553, 'sigma_update': 0.3728818114854764, 'eta_learning': 1.5455015799860878, 'sigma_boundary': 5.684749540312189, 'alpha': 0.4374723143148073}. Best is trial 12 with value: 0.07134468204089472.
[I 2026-03-06 02:12:57,109] Trial 64 finished with value: 0.12943785192174279 and parameters: {'sigma_noise': 0.14266106484460717, 'A_repulsion': 0.3521324761895753, 'gamma': 0.48266578933595455, 'sigma_update': 0.3100443167514797, 'eta_learning': 1.5331328341242212, 'sigma_boundary': 6.923172316236554, 'alpha': 0.5852895988793119}. Best is trial 12 with value: 0.07134468204089472.
[I 2026-03-06 02:13:03,416] Trial 59 finished with value: 0.20428134065910114 and parameters: {'sigma_noise': 0.28043454060058526, 'A_repulsion': 0.23169323732764271, 'gamma': 0.4329284870013112, 'sigma_update': 0.4986559139177363, 'eta_learning': 0.9210378939021705, 'sigma_boundary': 6.792973194160709, 'alpha': 0.6484054678166123}. Best is trial 12 with value: 0.07134468204089472.
[I 2026-03-06 02:13:06,204] Trial 55 finished with value: 0.7542246423310028 and parameters: {'sigma_noise': 0.3044891559245351, 'A_repulsion': 0.40316394595857513, 'gamma': 0.3477653638862762, 'sigma_update': 0.4772793969842577, 'eta_learning': 2.080427636635825, 'sigma_boundary': 5.124882919511554, 'alpha': 0.38866713103479944}. Best is trial 12 with value: 0.07134468204089472.
[I 2026-03-06 02:13:19,641] Trial 65 finished with value: 0.12022689957562524 and parameters: {'sigma_noise': 0.20064827354762, 'A_repulsion': 0.3314888081749485, 'gamma': 0.6489693829588075, 'sigma_update': 0.28142933358925704, 'eta_learning': 0.8010443507132445, 'sigma_boundary': 7.929017610189924, 'alpha': 0.8345853090124437}. Best is trial 12 with value: 0.07134468204089472.
[I 2026-03-06 02:13:21,339] Trial 71 finished with value: 0.06927675510005026 and parameters: {'sigma_noise': 0.16863719620122924, 'A_repulsion': 0.2127084430989916, 'gamma': 0.9024928007131917, 'sigma_update': 0.53561670477645, 'eta_learning': 1.274751991835293, 'sigma_boundary': 5.123425405853419, 'alpha': 0.6871212527658959}. Best is trial 71 with value: 0.06927675510005026.
[I 2026-03-06 02:13:34,176] Trial 66 finished with value: 0.12114571505646458 and parameters: {'sigma_noise': 0.20102813189743363, 'A_repulsion': 0.4036154167805923, 'gamma': 0.4420374494300736, 'sigma_update': 0.30796684440121946, 'eta_learning': 1.3793807671229739, 'sigma_boundary': 7.410562916732471, 'alpha': 0.7794963578764273}. Best is trial 71 with value: 0.06927675510005026.
[I 2026-03-06 02:13:44,773] Trial 69 finished with value: 0.12855163994484076 and parameters: {'sigma_noise': 0.3004975152757151, 'A_repulsion': 0.15120005098365258, 'gamma': 0.43837839275119794, 'sigma_update': 0.36893698455686147, 'eta_learning': 0.1727596333431336, 'sigma_boundary': 6.419464092088494, 'alpha': 0.8156090120922965}. Best is trial 71 with value: 0.06927675510005026.
[I 2026-03-06 02:13:47,347] Trial 68 finished with value: 0.09883685874745204 and parameters: {'sigma_noise': 0.2989919687581514, 'A_repulsion': 0.18258491326385473, 'gamma': 0.5832838791306941, 'sigma_update': 0.27346846872349057, 'eta_learning': 0.7084393989128127, 'sigma_boundary': 8.019312005181789, 'alpha': 0.6287775854528533}. Best is trial 71 with value: 0.06927675510005026.
[I 2026-03-06 02:13:59,436] Trial 67 finished with value: 0.17863915732213537 and parameters: {'sigma_noise': 0.37777589496790026, 'A_repulsion': 0.24945572403437502, 'gamma': 0.586414086888003, 'sigma_update': 0.36654577077704537, 'eta_learning': 0.6233149966528857, 'sigma_boundary': 6.532792719382968, 'alpha': 0.6520312494031139}. Best is trial 71 with value: 0.06927675510005026.
[I 2026-03-06 02:14:02,286] Trial 70 finished with value: 0.1053651615659135 and parameters: {'sigma_noise': 0.247942521987073, 'A_repulsion': 0.23778920075036233, 'gamma': 0.5524166036657158, 'sigma_update': 0.338749870578135, 'eta_learning': 0.4835467963671125, 'sigma_boundary': 5.043642901069128, 'alpha': 0.7501153748878474}. Best is trial 71 with value: 0.06927675510005026.
[I 2026-03-06 02:15:48,636] Trial 74 finished with value: 0.11275730775212506 and parameters: {'sigma_noise': 0.17211355767766945, 'A_repulsion': 0.2450588696089274, 'gamma': 0.4285482307116515, 'sigma_update': 0.22975227727482228, 'eta_learning': 1.7041874671494657, 'sigma_boundary': 2.598530379685401, 'alpha': 0.8007211282701729}. Best is trial 71 with value: 0.06927675510005026.
[I 2026-03-06 02:16:00,896] Trial 72 finished with value: 0.19601714178814283 and parameters: {'sigma_noise': 0.2518313582155717, 'A_repulsion': 0.19465515646710563, 'gamma': 0.2512243236501184, 'sigma_update': 0.4562024567664473, 'eta_learning': 0.6326434028558298, 'sigma_boundary': 7.05858093567223, 'alpha': 0.6111046206503004}. Best is trial 71 with value: 0.06927675510005026.
[I 2026-03-06 02:16:01,952] Trial 73 finished with value: 0.11979143018826384 and parameters: {'sigma_noise': 0.21097795162344274, 'A_repulsion': 0.2178387638986517, 'gamma': 0.47292660155537103, 'sigma_update': 0.28150321684795593, 'eta_learning': 1.4094823893242139, 'sigma_boundary': 7.236125295313548, 'alpha': 0.5574939354768156}. Best is trial 71 with value: 0.06927675510005026.
[I 2026-03-06 02:16:09,926] Trial 76 finished with value: 0.09261071797621648 and parameters: {'sigma_noise': 0.22796307900817175, 'A_repulsion': 0.13123412021206046, 'gamma': 0.5091153346824826, 'sigma_update': 0.25717032991274136, 'eta_learning': 0.9388180031277847, 'sigma_boundary': 6.818786654845973, 'alpha': 0.7177369223928755}. Best is trial 71 with value: 0.06927675510005026.
[I 2026-03-06 02:16:31,367] Trial 77 finished with value: 0.206584109304095 and parameters: {'sigma_noise': 0.1752292458162198, 'A_repulsion': 0.1694571303403862, 'gamma': 0.49433888254476177, 'sigma_update': 0.4009859114560649, 'eta_learning': 0.6426603262295953, 'sigma_boundary': 5.688430456324631, 'alpha': 0.409077213372736}. Best is trial 71 with value: 0.06927675510005026.
[I 2026-03-06 02:16:31,986] Trial 75 finished with value: 0.2567106573713507 and parameters: {'sigma_noise': 0.23301339870377508, 'A_repulsion': 0.20304405965396272, 'gamma': 0.6133459960404551, 'sigma_update': 0.33823349983808343, 'eta_learning': 1.0932857036194823, 'sigma_boundary': 5.346560099713864, 'alpha': 0.39861324826186556}. Best is trial 71 with value: 0.06927675510005026.
[I 2026-03-06 02:16:54,858] Trial 81 finished with value: 0.16700993872873748 and parameters: {'sigma_noise': 0.12131789835308245, 'A_repulsion': 0.3635802260309075, 'gamma': 0.35715904044026797, 'sigma_update': 0.42004932275181434, 'eta_learning': 1.3581762602838054, 'sigma_boundary': 5.204888668669385, 'alpha': 0.6657270459096347}. Best is trial 71 with value: 0.06927675510005026.
[I 2026-03-06 02:17:05,308] Trial 78 finished with value: 0.14721187592481086 and parameters: {'sigma_noise': 0.1952954063633729, 'A_repulsion': 0.2959292126924456, 'gamma': 0.44276867830021666, 'sigma_update': 0.3577097608509833, 'eta_learning': 1.1412751942336092, 'sigma_boundary': 7.668560637981794, 'alpha': 0.5314863521610571}. Best is trial 71 with value: 0.06927675510005026.
[I 2026-03-06 02:17:05,648] Trial 88 finished with value: 0.16331007613674337 and parameters: {'sigma_noise': 0.13026892432412052, 'A_repulsion': 0.1795783816819204, 'gamma': 0.2692623620310048, 'sigma_update': 0.4054260888869655, 'eta_learning': 0.3504648905403678, 'sigma_boundary': 4.062897112157357, 'alpha': 0.7571549264231281}. Best is trial 71 with value: 0.06927675510005026.
[I 2026-03-06 02:17:15,165] Trial 79 finished with value: 0.09025558519623651 and parameters: {'sigma_noise': 0.21748618957695037, 'A_repulsion': 0.2495919756218156, 'gamma': 0.5351507320682919, 'sigma_update': 0.18255600076510872, 'eta_learning': 1.1913659482050052, 'sigma_boundary': 8.21975260779637, 'alpha': 0.5977052131343495}. Best is trial 71 with value: 0.06927675510005026.
