/nfs/nhome/live/apourdehghan/Hybrid_hpc_utils.py:56: DtypeWarning: Columns (16) have mixed types. Specify dtype option on import or set low_memory=False.
  data = pd.read_csv(data_path)
[I 2026-03-06 01:20:40,683] A new study created in memory with name: no-name-b175ebfa-2145-4478-8cb7-100621ad83af
[I 2026-03-06 01:23:22,316] Trial 10 finished with value: 0.21895606609067111 and parameters: {'sigma_noise': 0.08324916560444257, 'A_repulsion': 0.02940391100394174, 'gamma': 0.36966237426987497, 'sigma_update': 0.05140251034159786, 'eta_learning': 0.22929662773539078, 'sigma_boundary': 0.6013780024368749, 'alpha': 0.010133009780815883}. Best is trial 10 with value: 0.21895606609067111.
[I 2026-03-06 01:23:42,383] Trial 20 finished with value: 0.4328198658236136 and parameters: {'sigma_noise': 0.13079295280710712, 'A_repulsion': 0.06493052372233193, 'gamma': 0.04330955484980378, 'sigma_update': 0.4838004561322665, 'eta_learning': 2.686031179853112, 'sigma_boundary': 7.383843031650517, 'alpha': 0.48587543664705035}. Best is trial 10 with value: 0.21895606609067111.
[I 2026-03-06 01:23:56,287] Trial 22 finished with value: 0.40746992073761545 and parameters: {'sigma_noise': 0.17148494183694352, 'A_repulsion': 0.0413000233636836, 'gamma': 0.3775104995541239, 'sigma_update': 0.6590974496226866, 'eta_learning': 0.7737592573874875, 'sigma_boundary': 3.7922156086741463, 'alpha': 0.5988093396712606}. Best is trial 10 with value: 0.21895606609067111.
[I 2026-03-06 01:23:57,416] Trial 7 finished with value: 0.1167001044046014 and parameters: {'sigma_noise': 0.23072029903276764, 'A_repulsion': 0.01625775053968115, 'gamma': 0.5143932024412335, 'sigma_update': 0.28766039852241987, 'eta_learning': 2.545340802843742, 'sigma_boundary': 6.285922986090937, 'alpha': 0.9475297451794028}. Best is trial 7 with value: 0.1167001044046014.
[I 2026-03-06 01:23:58,899] Trial 13 finished with value: 0.11378760653048839 and parameters: {'sigma_noise': 0.0879406969508898, 'A_repulsion': 0.24801920591266008, 'gamma': 0.6418969937497472, 'sigma_update': 0.5144347553253963, 'eta_learning': 2.948158308582916, 'sigma_boundary': 2.7026698298568466, 'alpha': 0.8236599124536272}. Best is trial 13 with value: 0.11378760653048839.
[I 2026-03-06 01:24:01,779] Trial 18 finished with value: 0.6048025227824512 and parameters: {'sigma_noise': 0.16051552967635901, 'A_repulsion': 0.08917445901370097, 'gamma': 0.08079179315520023, 'sigma_update': 0.36844506859411447, 'eta_learning': 0.6738770268360296, 'sigma_boundary': 4.795910708163148, 'alpha': 0.22521467146067375}. Best is trial 13 with value: 0.11378760653048839.
[I 2026-03-06 01:24:04,632] Trial 9 finished with value: 0.1731656276363355 and parameters: {'sigma_noise': 0.2044432105234258, 'A_repulsion': 0.08465841013531245, 'gamma': 0.38203168301526425, 'sigma_update': 0.5615374531354662, 'eta_learning': 0.08571172244124307, 'sigma_boundary': 1.200455538284839, 'alpha': 0.631915055118989}. Best is trial 13 with value: 0.11378760653048839.
[I 2026-03-06 01:24:04,804] Trial 14 finished with value: 1.6894976085424158 and parameters: {'sigma_noise': 0.14707534824508434, 'A_repulsion': 0.12715685503480262, 'gamma': 0.9781048599318679, 'sigma_update': 0.2197976073090079, 'eta_learning': 2.845085891680272, 'sigma_boundary': 0.6719863892123683, 'alpha': 0.0903862164391458}. Best is trial 13 with value: 0.11378760653048839.
[I 2026-03-06 01:24:11,638] Trial 16 finished with value: 0.35097866148190987 and parameters: {'sigma_noise': 0.26299361965677603, 'A_repulsion': 0.0035223861185033623, 'gamma': 0.47511163851527827, 'sigma_update': 0.179803742970513, 'eta_learning': 1.5565016180756817, 'sigma_boundary': 3.31225472615229, 'alpha': 0.3677488658619277}. Best is trial 13 with value: 0.11378760653048839.
[I 2026-03-06 01:24:25,562] Trial 11 finished with value: 0.09614090315337248 and parameters: {'sigma_noise': 0.1804171927735705, 'A_repulsion': 0.214068603190409, 'gamma': 0.4019748761950467, 'sigma_update': 0.21735033265970016, 'eta_learning': 0.39849453471659707, 'sigma_boundary': 9.78913234215438, 'alpha': 0.9323946679843801}. Best is trial 11 with value: 0.09614090315337248.
[I 2026-03-06 01:24:31,568] Trial 19 finished with value: 0.1393972645119755 and parameters: {'sigma_noise': 0.12077146365347216, 'A_repulsion': 0.3933325227472552, 'gamma': 0.7163115489668289, 'sigma_update': 0.03635798570230331, 'eta_learning': 0.16307919472249974, 'sigma_boundary': 7.099111483637696, 'alpha': 0.29886239876508836}. Best is trial 11 with value: 0.09614090315337248.
[I 2026-03-06 01:24:57,415] Trial 1 finished with value: 0.5536803643819395 and parameters: {'sigma_noise': 0.32632346632512654, 'A_repulsion': 0.12117578179474525, 'gamma': 0.6800228074177861, 'sigma_update': 0.5308196026582458, 'eta_learning': 0.24723428087635446, 'sigma_boundary': 3.5858747800373036, 'alpha': 0.2944784595165897}. Best is trial 11 with value: 0.09614090315337248.
[I 2026-03-06 01:25:03,407] Trial 15 finished with value: 1.2701936706246042 and parameters: {'sigma_noise': 0.1555234028467744, 'A_repulsion': 0.4890641450671534, 'gamma': 0.3614961657941575, 'sigma_update': 0.36347504661467467, 'eta_learning': 0.6287021434288513, 'sigma_boundary': 9.529293222793624, 'alpha': 0.241943050554823}. Best is trial 11 with value: 0.09614090315337248.
[I 2026-03-06 01:25:10,358] Trial 2 finished with value: 1.4367784445949603 and parameters: {'sigma_noise': 0.3859874316423326, 'A_repulsion': 0.07399113553093523, 'gamma': 0.8492641096836672, 'sigma_update': 0.033978430166592175, 'eta_learning': 2.6444128818921646, 'sigma_boundary': 8.861836901730449, 'alpha': 0.41636199422126074}. Best is trial 11 with value: 0.09614090315337248.
[I 2026-03-06 01:25:14,330] Trial 17 finished with value: 0.132029998747721 and parameters: {'sigma_noise': 0.24093477816671038, 'A_repulsion': 0.31764188950649, 'gamma': 0.47624084888096524, 'sigma_update': 0.22384053993034117, 'eta_learning': 2.7078396171566723, 'sigma_boundary': 2.7093204574975127, 'alpha': 0.5788834325761276}. Best is trial 11 with value: 0.09614090315337248.
[I 2026-03-06 01:25:14,601] Trial 3 finished with value: 0.0861151527521371 and parameters: {'sigma_noise': 0.20050179337849666, 'A_repulsion': 0.40035612094597806, 'gamma': 0.9786882713968263, 'sigma_update': 0.16562043525320275, 'eta_learning': 1.667955575511609, 'sigma_boundary': 7.904623644076396, 'alpha': 0.6680237962904395}. Best is trial 3 with value: 0.0861151527521371.
[I 2026-03-06 01:25:20,654] Trial 23 finished with value: 0.7255912790896549 and parameters: {'sigma_noise': 0.3214075055152875, 'A_repulsion': 0.26318219056521996, 'gamma': 0.49792848734533796, 'sigma_update': 0.6746258279207025, 'eta_learning': 2.92403472947814, 'sigma_boundary': 8.92773638326457, 'alpha': 0.5677838874828176}. Best is trial 3 with value: 0.0861151527521371.
[I 2026-03-06 01:25:21,032] Trial 12 finished with value: 2.2472341385998122 and parameters: {'sigma_noise': 0.24132966329478, 'A_repulsion': 0.3232515614573379, 'gamma': 0.6694524015288668, 'sigma_update': 0.1211104451745075, 'eta_learning': 0.7157410638005067, 'sigma_boundary': 4.853767850455202, 'alpha': 0.18321986929793876}. Best is trial 3 with value: 0.0861151527521371.
[I 2026-03-06 01:25:26,687] Trial 0 finished with value: 0.20701964907025205 and parameters: {'sigma_noise': 0.41652272826589526, 'A_repulsion': 0.18239754068124803, 'gamma': 0.9098232260824247, 'sigma_update': 0.48671830103443403, 'eta_learning': 2.4571456426756413, 'sigma_boundary': 4.0494208772167495, 'alpha': 0.6279633347972434}. Best is trial 3 with value: 0.0861151527521371.
[I 2026-03-06 01:25:35,049] Trial 6 finished with value: 0.7508432237353206 and parameters: {'sigma_noise': 0.40015988605256, 'A_repulsion': 0.24356239849233624, 'gamma': 0.12278521489558435, 'sigma_update': 0.5889557122041682, 'eta_learning': 0.4548639090703652, 'sigma_boundary': 4.3676365152112595, 'alpha': 0.6523675824188033}. Best is trial 3 with value: 0.0861151527521371.
[I 2026-03-06 01:25:39,374] Trial 21 finished with value: 0.19502533698321406 and parameters: {'sigma_noise': 0.2915474334271075, 'A_repulsion': 0.4861105756790503, 'gamma': 0.03597173412652133, 'sigma_update': 0.3238998160277372, 'eta_learning': 0.020868724207478918, 'sigma_boundary': 4.514838467781199, 'alpha': 0.329041867951281}. Best is trial 3 with value: 0.0861151527521371.
[I 2026-03-06 01:25:40,588] Trial 4 finished with value: 0.07868218378705605 and parameters: {'sigma_noise': 0.40120723096325095, 'A_repulsion': 0.31486793108916017, 'gamma': 0.9939131925377732, 'sigma_update': 0.4526024995035579, 'eta_learning': 2.051539513938588, 'sigma_boundary': 3.8013295529800972, 'alpha': 0.8276809877539035}. Best is trial 4 with value: 0.07868218378705605.
[I 2026-03-06 01:25:59,001] Trial 5 finished with value: 0.710170481297249 and parameters: {'sigma_noise': 0.42041443577439047, 'A_repulsion': 0.3774260845385147, 'gamma': 0.31919384116100813, 'sigma_update': 0.04750786658882074, 'eta_learning': 1.3637242662757496, 'sigma_boundary': 5.782904711912165, 'alpha': 0.5554113760445613}. Best is trial 4 with value: 0.07868218378705605.
[I 2026-03-06 01:26:00,811] Trial 8 finished with value: 0.7159573434967308 and parameters: {'sigma_noise': 0.3928633535027036, 'A_repulsion': 0.42896327197553685, 'gamma': 0.6020238178768338, 'sigma_update': 0.03273475208057538, 'eta_learning': 2.629594634040911, 'sigma_boundary': 0.17777376893928487, 'alpha': 0.6326162588812849}. Best is trial 4 with value: 0.07868218378705605.
[I 2026-03-06 01:27:37,153] Trial 28 finished with value: 0.3414373424691739 and parameters: {'sigma_noise': 0.12278188083444508, 'A_repulsion': 0.13633520410906427, 'gamma': 0.400144401697565, 'sigma_update': 0.30878288591542535, 'eta_learning': 1.0438437781933096, 'sigma_boundary': 5.597240895992003, 'alpha': 0.36607728091336966}. Best is trial 4 with value: 0.07868218378705605.
[I 2026-03-06 01:27:42,121] Trial 24 finished with value: 0.19422907419630434 and parameters: {'sigma_noise': 0.2050742875377069, 'A_repulsion': 0.19221190642933925, 'gamma': 0.5640235201171256, 'sigma_update': 0.270269493215712, 'eta_learning': 0.7759183439192983, 'sigma_boundary': 7.606457621656844, 'alpha': 0.48431431661562474}. Best is trial 4 with value: 0.07868218378705605.
[I 2026-03-06 01:28:04,597] Trial 30 finished with value: 0.14207654934915698 and parameters: {'sigma_noise': 0.1909451189312084, 'A_repulsion': 0.18341861386488956, 'gamma': 0.5698234532857486, 'sigma_update': 0.44142230380407, 'eta_learning': 0.9421998949495617, 'sigma_boundary': 5.148577232501614, 'alpha': 0.7490312340666406}. Best is trial 4 with value: 0.07868218378705605.
[I 2026-03-06 01:28:06,911] Trial 33 finished with value: 0.1450929248831472 and parameters: {'sigma_noise': 0.10201945048033015, 'A_repulsion': 0.23634978524544173, 'gamma': 0.2953240296092498, 'sigma_update': 0.2168250446556737, 'eta_learning': 1.1400126958224093, 'sigma_boundary': 8.321473536657077, 'alpha': 0.648078804759415}. Best is trial 4 with value: 0.07868218378705605.
[I 2026-03-06 01:28:24,555] Trial 32 finished with value: 0.28311067854309757 and parameters: {'sigma_noise': 0.23850806424602494, 'A_repulsion': 0.1824940986103318, 'gamma': 0.7742178979212029, 'sigma_update': 0.43931146507601676, 'eta_learning': 1.4630240197920898, 'sigma_boundary': 2.71142124465958, 'alpha': 0.5070342141416146}. Best is trial 4 with value: 0.07868218378705605.
[I 2026-03-06 01:28:25,178] Trial 31 finished with value: 0.6782766322221419 and parameters: {'sigma_noise': 0.23464214958149648, 'A_repulsion': 0.1939684899982581, 'gamma': 0.5950697224409931, 'sigma_update': 0.28003720333625437, 'eta_learning': 1.9551612876300275, 'sigma_boundary': 4.494382050405589, 'alpha': 0.3424358209289152}. Best is trial 4 with value: 0.07868218378705605.
[I 2026-03-06 01:28:45,008] Trial 25 finished with value: 1.0602246393821524 and parameters: {'sigma_noise': 0.3010531778438141, 'A_repulsion': 0.30207632254458316, 'gamma': 0.3841257649823925, 'sigma_update': 0.5045589221177055, 'eta_learning': 1.6394940025558207, 'sigma_boundary': 4.604857332572402, 'alpha': 0.3983144836812043}. Best is trial 4 with value: 0.07868218378705605.
[I 2026-03-06 01:28:55,779] Trial 26 finished with value: 0.16663085985898815 and parameters: {'sigma_noise': 0.26550277226290614, 'A_repulsion': 0.35568119835760753, 'gamma': 0.5635155345374007, 'sigma_update': 0.17348223529679033, 'eta_learning': 1.9482591882845215, 'sigma_boundary': 3.763521398123734, 'alpha': 0.47682233240243166}. Best is trial 4 with value: 0.07868218378705605.
[I 2026-03-06 01:28:56,457] Trial 27 finished with value: 0.15472126258644198 and parameters: {'sigma_noise': 0.2891832944437015, 'A_repulsion': 0.3482381057046853, 'gamma': 0.4291064560889412, 'sigma_update': 0.28698702732273246, 'eta_learning': 1.1960793006488546, 'sigma_boundary': 7.994074355781162, 'alpha': 0.6448879455080831}. Best is trial 4 with value: 0.07868218378705605.
[I 2026-03-06 01:28:56,869] Trial 29 finished with value: 1.629315990310623 and parameters: {'sigma_noise': 0.25329727969982385, 'A_repulsion': 0.36823099196480474, 'gamma': 0.47359789683069137, 'sigma_update': 0.5605910957504628, 'eta_learning': 2.3208403414031076, 'sigma_boundary': 7.85719302485563, 'alpha': 0.32582515199615175}. Best is trial 4 with value: 0.07868218378705605.
[I 2026-03-06 01:29:17,869] Trial 39 finished with value: 0.44232702148498243 and parameters: {'sigma_noise': 0.21049117726168393, 'A_repulsion': 0.22012386125614292, 'gamma': 0.09669934485845076, 'sigma_update': 0.3918075052584393, 'eta_learning': 1.6671279433948412, 'sigma_boundary': 4.332556838911614, 'alpha': 0.4301242141803082}. Best is trial 4 with value: 0.07868218378705605.
[I 2026-03-06 01:29:26,684] Trial 34 finished with value: 0.4226858360241187 and parameters: {'sigma_noise': 0.3077366317849659, 'A_repulsion': 0.316769701940199, 'gamma': 0.6488689324175649, 'sigma_update': 0.18324450158004735, 'eta_learning': 1.0341832389760475, 'sigma_boundary': 3.8960854125699607, 'alpha': 0.42723231627251834}. Best is trial 4 with value: 0.07868218378705605.
[I 2026-03-06 01:29:27,827] Trial 42 finished with value: 0.1485034888364527 and parameters: {'sigma_noise': 0.2060949300801001, 'A_repulsion': 0.22522813866394123, 'gamma': 0.5019708761239545, 'sigma_update': 0.3031832341339672, 'eta_learning': 1.6878926934059537, 'sigma_boundary': 4.017320740858791, 'alpha': 0.679093790755991}. Best is trial 4 with value: 0.07868218378705605.
[I 2026-03-06 01:29:42,616] Trial 45 finished with value: 0.6863764927971344 and parameters: {'sigma_noise': 0.32581434129741293, 'A_repulsion': 0.047026175270405535, 'gamma': 0.8344522337498447, 'sigma_update': 0.35357016459430274, 'eta_learning': 1.236529552550506, 'sigma_boundary': 3.3069317838243784, 'alpha': 0.33763516742957145}. Best is trial 4 with value: 0.07868218378705605.
[I 2026-03-06 01:29:52,349] Trial 38 finished with value: 0.4143224449461016 and parameters: {'sigma_noise': 0.24579751844459524, 'A_repulsion': 0.2605608513063465, 'gamma': 0.5349621122862664, 'sigma_update': 0.4387839326191826, 'eta_learning': 0.3518972471494432, 'sigma_boundary': 2.792552816828384, 'alpha': 0.41144808132894}. Best is trial 4 with value: 0.07868218378705605.
[I 2026-03-06 01:29:52,554] Trial 35 finished with value: 0.3918197507597998 and parameters: {'sigma_noise': 0.35388411213172916, 'A_repulsion': 0.14825004292619237, 'gamma': 0.4578212812659244, 'sigma_update': 0.5210622522138494, 'eta_learning': 2.0560293238350655, 'sigma_boundary': 2.4316991200591587, 'alpha': 0.7604394087024322}. Best is trial 4 with value: 0.07868218378705605.
[I 2026-03-06 01:29:57,267] Trial 37 finished with value: 0.096203124105739 and parameters: {'sigma_noise': 0.24961243727139937, 'A_repulsion': 0.2894764234388118, 'gamma': 0.3882778656409433, 'sigma_update': 0.1832258251723374, 'eta_learning': 2.002606753510138, 'sigma_boundary': 3.2697248439725644, 'alpha': 0.7729339066572912}. Best is trial 4 with value: 0.07868218378705605.
[I 2026-03-06 01:30:01,357] Trial 41 finished with value: 0.31831516366340923 and parameters: {'sigma_noise': 0.21312885194463482, 'A_repulsion': 0.3370349303519823, 'gamma': 0.13242673189831908, 'sigma_update': 0.240645076674261, 'eta_learning': 1.2537412573615085, 'sigma_boundary': 3.123922475888967, 'alpha': 0.37932601762911244}. Best is trial 4 with value: 0.07868218378705605.
[I 2026-03-06 01:30:06,801] Trial 36 finished with value: 0.2725664156815707 and parameters: {'sigma_noise': 0.31724323565312895, 'A_repulsion': 0.28855992552223847, 'gamma': 0.635407814556688, 'sigma_update': 0.47455378405385673, 'eta_learning': 1.5922949038730554, 'sigma_boundary': 4.481345290810617, 'alpha': 0.67941993131738}. Best is trial 4 with value: 0.07868218378705605.
[I 2026-03-06 01:30:19,950] Trial 43 finished with value: 0.18548778424358464 and parameters: {'sigma_noise': 0.26130564093664427, 'A_repulsion': 0.33161791549123637, 'gamma': 0.5060123895437852, 'sigma_update': 0.31173627455551695, 'eta_learning': 2.092066892504015, 'sigma_boundary': 3.4514845132278893, 'alpha': 0.5887079947437478}. Best is trial 4 with value: 0.07868218378705605.
[I 2026-03-06 01:30:22,575] Trial 40 finished with value: 1.1074816699235086 and parameters: {'sigma_noise': 0.3196792264877581, 'A_repulsion': 0.3331533450039215, 'gamma': 0.4041496269513421, 'sigma_update': 0.5331218808102927, 'eta_learning': 1.646696757341849, 'sigma_boundary': 2.849238013453911, 'alpha': 0.4115204868684683}. Best is trial 4 with value: 0.07868218378705605.
[I 2026-03-06 01:30:23,007] Trial 47 finished with value: 0.3734731937768947 and parameters: {'sigma_noise': 0.15772661227478585, 'A_repulsion': 0.41388358457180985, 'gamma': 0.27994144706406027, 'sigma_update': 0.320148109398771, 'eta_learning': 1.7925956288865217, 'sigma_boundary': 1.2799072503755815, 'alpha': 0.3573298175771411}. Best is trial 4 with value: 0.07868218378705605.
[I 2026-03-06 01:30:33,968] Trial 44 finished with value: 0.2750354021353779 and parameters: {'sigma_noise': 0.25622729747527284, 'A_repulsion': 0.29467823068603005, 'gamma': 0.40625943075966814, 'sigma_update': 0.2788723116485605, 'eta_learning': 0.6719056783666, 'sigma_boundary': 6.279194935365204, 'alpha': 0.4625483729892546}. Best is trial 4 with value: 0.07868218378705605.
[I 2026-03-06 01:30:47,478] Trial 46 finished with value: 0.16097613782577805 and parameters: {'sigma_noise': 0.2800740713608037, 'A_repulsion': 0.261824006903806, 'gamma': 0.42987736378887853, 'sigma_update': 0.18115991737642215, 'eta_learning': 1.7969586538611992, 'sigma_boundary': 1.1928744021144189, 'alpha': 0.4519379911085885}. Best is trial 4 with value: 0.07868218378705605.
[I 2026-03-06 01:31:54,012] Trial 49 finished with value: 0.10233835689870666 and parameters: {'sigma_noise': 0.22412485680482686, 'A_repulsion': 0.17535447938507623, 'gamma': 0.4771607145124905, 'sigma_update': 0.388188854998327, 'eta_learning': 2.192153721594701, 'sigma_boundary': 2.48951579787252, 'alpha': 0.9126772240022984}. Best is trial 4 with value: 0.07868218378705605.
[I 2026-03-06 01:32:07,175] Trial 50 finished with value: 0.084894030266259 and parameters: {'sigma_noise': 0.1622180519751577, 'A_repulsion': 0.24388151842933986, 'gamma': 0.7601953544342069, 'sigma_update': 0.2426170061954979, 'eta_learning': 1.8044906448584714, 'sigma_boundary': 4.275053242597609, 'alpha': 0.5623099655353351}. Best is trial 4 with value: 0.07868218378705605.
[I 2026-03-06 01:32:19,623] Trial 48 finished with value: 0.13358629022682805 and parameters: {'sigma_noise': 0.27319345612795015, 'A_repulsion': 0.2783309935480077, 'gamma': 0.26376674497896974, 'sigma_update': 0.18143051478154384, 'eta_learning': 1.0352806212080257, 'sigma_boundary': 5.060451977549914, 'alpha': 0.4935374520483425}. Best is trial 4 with value: 0.07868218378705605.
[I 2026-03-06 01:32:33,953] Trial 53 finished with value: 0.38215859064763835 and parameters: {'sigma_noise': 0.21626840941354375, 'A_repulsion': 0.15072964465254637, 'gamma': 0.7692550854828704, 'sigma_update': 0.2655843517665191, 'eta_learning': 1.0675996189288308, 'sigma_boundary': 3.9908319139377464, 'alpha': 0.36992811231102035}. Best is trial 4 with value: 0.07868218378705605.
[I 2026-03-06 01:32:43,409] Trial 51 finished with value: 0.7163402126280927 and parameters: {'sigma_noise': 0.2534691715175451, 'A_repulsion': 0.21452996973053456, 'gamma': 0.35947344569047457, 'sigma_update': 0.45563365348241597, 'eta_learning': 1.234759859926504, 'sigma_boundary': 7.688921257262578, 'alpha': 0.3977761165295397}. Best is trial 4 with value: 0.07868218378705605.
[I 2026-03-06 01:32:45,902] Trial 56 finished with value: 0.16728726871223432 and parameters: {'sigma_noise': 0.11817353745585281, 'A_repulsion': 0.2098779419668664, 'gamma': 0.4935199215355082, 'sigma_update': 0.395338730472411, 'eta_learning': 0.3688210245893469, 'sigma_boundary': 5.639287018852377, 'alpha': 0.7817604156817053}. Best is trial 4 with value: 0.07868218378705605.
[I 2026-03-06 01:33:14,546] Trial 58 finished with value: 0.1630011198449007 and parameters: {'sigma_noise': 0.15286116697618807, 'A_repulsion': 0.2493390641007223, 'gamma': 0.19536294373792462, 'sigma_update': 0.2162586624844059, 'eta_learning': 0.5642852063802885, 'sigma_boundary': 5.1049392323590626, 'alpha': 0.4377918790261588}. Best is trial 4 with value: 0.07868218378705605.
[I 2026-03-06 01:33:23,052] Trial 52 finished with value: 0.5778771437046748 and parameters: {'sigma_noise': 0.29823697579188, 'A_repulsion': 0.3417151813324756, 'gamma': 0.4841229623631553, 'sigma_update': 0.3728818114854764, 'eta_learning': 1.5455015799860878, 'sigma_boundary': 5.684749540312189, 'alpha': 0.4374723143148073}. Best is trial 4 with value: 0.07868218378705605.
