[I 2026-03-06 01:33:33,087] Trial 54 finished with value: 0.14395420320569882 and parameters: {'sigma_noise': 0.1945736293535224, 'A_repulsion': 0.3885855797155366, 'gamma': 0.3635354666796066, 'sigma_update': 0.27085971273881343, 'eta_learning': 1.5168299739248512, 'sigma_boundary': 1.8106285402607627, 'alpha': 0.5648409496386546}. Best is trial 4 with value: 0.07868218378705605.
[I 2026-03-06 01:33:33,355] Trial 57 finished with value: 0.2373119418864364 and parameters: {'sigma_noise': 0.255211122889974, 'A_repulsion': 0.2343908112002304, 'gamma': 0.39283727545009645, 'sigma_update': 0.37385060013793586, 'eta_learning': 0.9087040476654276, 'sigma_boundary': 5.8965231437331775, 'alpha': 0.6324814180514713}. Best is trial 4 with value: 0.07868218378705605.
[I 2026-03-06 01:33:34,480] Trial 64 finished with value: 0.15123087880326871 and parameters: {'sigma_noise': 0.13904148176369485, 'A_repulsion': 0.1841155110819978, 'gamma': 0.4562317518812601, 'sigma_update': 0.3313837462396308, 'eta_learning': 1.6723387687547977, 'sigma_boundary': 6.459726806161805, 'alpha': 0.7724209797015129}. Best is trial 4 with value: 0.07868218378705605.
[I 2026-03-06 01:33:54,834] Trial 66 finished with value: 0.13254055250809177 and parameters: {'sigma_noise': 0.17098051026923247, 'A_repulsion': 0.19499299106553783, 'gamma': 0.49422052977909436, 'sigma_update': 0.31625693596816706, 'eta_learning': 1.7679461615007965, 'sigma_boundary': 4.079266288829539, 'alpha': 0.8464468841523551}. Best is trial 4 with value: 0.07868218378705605.
[I 2026-03-06 01:33:58,989] Trial 59 finished with value: 0.10576770666159054 and parameters: {'sigma_noise': 0.235161565504662, 'A_repulsion': 0.24487826087996728, 'gamma': 0.5846517083624335, 'sigma_update': 0.23509315863153601, 'eta_learning': 0.6440707391524554, 'sigma_boundary': 4.798278105849493, 'alpha': 0.6011217901253529}. Best is trial 4 with value: 0.07868218378705605.
[I 2026-03-06 01:34:05,264] Trial 55 finished with value: 1.1251952617977339 and parameters: {'sigma_noise': 0.3044891559245351, 'A_repulsion': 0.40316394595857513, 'gamma': 0.3477653638862762, 'sigma_update': 0.4772793969842577, 'eta_learning': 2.080427636635825, 'sigma_boundary': 5.124882919511554, 'alpha': 0.38866713103479944}. Best is trial 4 with value: 0.07868218378705605.
[I 2026-03-06 01:34:17,583] Trial 63 finished with value: 0.3250771230864614 and parameters: {'sigma_noise': 0.21660795595587973, 'A_repulsion': 0.2685196747669801, 'gamma': 0.11781350636889412, 'sigma_update': 0.44562041912142675, 'eta_learning': 0.6731759279268007, 'sigma_boundary': 7.805875976724785, 'alpha': 0.6713468641282095}. Best is trial 4 with value: 0.07868218378705605.
[I 2026-03-06 01:34:26,238] Trial 60 finished with value: 0.09994384036644657 and parameters: {'sigma_noise': 0.2110126688629143, 'A_repulsion': 0.4928708056267451, 'gamma': 0.6348601590206764, 'sigma_update': 0.3272684565380052, 'eta_learning': 0.09823443805315392, 'sigma_boundary': 7.635773144638948, 'alpha': 0.7682892179642553}. Best is trial 4 with value: 0.07868218378705605.
[I 2026-03-06 01:34:27,849] Trial 61 finished with value: 0.19907360178590539 and parameters: {'sigma_noise': 0.2168619015293906, 'A_repulsion': 0.32213002574813143, 'gamma': 0.3688677549580478, 'sigma_update': 0.2824996780482165, 'eta_learning': 1.9250927104405533, 'sigma_boundary': 7.0806644259210385, 'alpha': 0.5533593561517106}. Best is trial 4 with value: 0.07868218378705605.
[I 2026-03-06 01:34:37,387] Trial 65 finished with value: 0.18535206210125066 and parameters: {'sigma_noise': 0.25964353881806385, 'A_repulsion': 0.2178581797057147, 'gamma': 0.49842945092083984, 'sigma_update': 0.35619539802259453, 'eta_learning': 2.018718021819013, 'sigma_boundary': 4.346581394381662, 'alpha': 0.6464578559923074}. Best is trial 4 with value: 0.07868218378705605.
[I 2026-03-06 01:34:50,410] Trial 62 finished with value: 0.5341836401803917 and parameters: {'sigma_noise': 0.2936864059946185, 'A_repulsion': 0.362018578985314, 'gamma': 0.5149177110546169, 'sigma_update': 0.33012747482710325, 'eta_learning': 1.02077287952913, 'sigma_boundary': 6.0428157223883305, 'alpha': 0.41927108656222156}. Best is trial 4 with value: 0.07868218378705605.
[I 2026-03-06 01:35:03,084] Trial 67 finished with value: 0.20060462858413544 and parameters: {'sigma_noise': 0.32257239902191975, 'A_repulsion': 0.2104204270881977, 'gamma': 0.707495735336712, 'sigma_update': 0.3899826216519242, 'eta_learning': 0.6508604657672713, 'sigma_boundary': 4.058197928534844, 'alpha': 0.6357738064639917}. Best is trial 4 with value: 0.07868218378705605.
[I 2026-03-06 01:35:04,121] Trial 68 finished with value: 0.43539231123678424 and parameters: {'sigma_noise': 0.2617712215690639, 'A_repulsion': 0.2459628585327384, 'gamma': 0.6833871079867039, 'sigma_update': 0.45078644655891925, 'eta_learning': 1.0960743740168197, 'sigma_boundary': 4.793940911247736, 'alpha': 0.46578972976834193}. Best is trial 4 with value: 0.07868218378705605.
[I 2026-03-06 01:35:18,287] Trial 69 finished with value: 0.42630478861488413 and parameters: {'sigma_noise': 0.30739001605451877, 'A_repulsion': 0.33638727947286695, 'gamma': 0.49394702788978967, 'sigma_update': 0.37510275805608323, 'eta_learning': 0.6844993486053522, 'sigma_boundary': 3.5246622552386784, 'alpha': 0.4805248908986014}. Best is trial 4 with value: 0.07868218378705605.
[I 2026-03-06 01:35:23,959] Trial 70 finished with value: 0.26182907695307833 and parameters: {'sigma_noise': 0.3070394861094267, 'A_repulsion': 0.28281356036975275, 'gamma': 0.42147460366798245, 'sigma_update': 0.3795925605576106, 'eta_learning': 1.0173108035354899, 'sigma_boundary': 5.214813875321278, 'alpha': 0.6622053482133025}. Best is trial 4 with value: 0.07868218378705605.
[I 2026-03-06 01:35:39,920] Trial 71 finished with value: 0.13562412469016594 and parameters: {'sigma_noise': 0.32187284189024157, 'A_repulsion': 0.2667599739079743, 'gamma': 0.5682564910905207, 'sigma_update': 0.15517097779294975, 'eta_learning': 1.534612018944765, 'sigma_boundary': 9.024541842561288, 'alpha': 0.6512859836822641}. Best is trial 4 with value: 0.07868218378705605.
[I 2026-03-06 01:36:19,821] Trial 72 finished with value: 0.1789995838881415 and parameters: {'sigma_noise': 0.18873373425346185, 'A_repulsion': 0.26964408170243087, 'gamma': 0.45933189801745844, 'sigma_update': 0.2884310220198786, 'eta_learning': 0.42779844327666855, 'sigma_boundary': 4.227510200482182, 'alpha': 0.5012352441373604}. Best is trial 4 with value: 0.07868218378705605.
[I 2026-03-06 01:36:20,253] Trial 73 finished with value: 0.17455948430853888 and parameters: {'sigma_noise': 0.16053428880163334, 'A_repulsion': 0.25174917507416933, 'gamma': 0.6024139402805593, 'sigma_update': 0.4048281705686951, 'eta_learning': 1.2294319940397735, 'sigma_boundary': 6.373550331660089, 'alpha': 0.6148462755189014}. Best is trial 4 with value: 0.07868218378705605.
[I 2026-03-06 01:36:33,333] Trial 74 finished with value: 0.11371596955930721 and parameters: {'sigma_noise': 0.13157439074049135, 'A_repulsion': 0.3218701920236069, 'gamma': 0.5514062404141766, 'sigma_update': 0.3460990931005611, 'eta_learning': 0.7520841067661271, 'sigma_boundary': 7.022788961155787, 'alpha': 0.8804596364201549}. Best is trial 4 with value: 0.07868218378705605.
[I 2026-03-06 01:36:52,400] Trial 77 finished with value: 0.22862135338739228 and parameters: {'sigma_noise': 0.13887648939820482, 'A_repulsion': 0.2798197805203769, 'gamma': 0.573221491021667, 'sigma_update': 0.5512249298477202, 'eta_learning': 2.1201553674554003, 'sigma_boundary': 4.818149273999636, 'alpha': 0.6479575076428451}. Best is trial 4 with value: 0.07868218378705605.
[I 2026-03-06 01:37:09,181] Trial 75 finished with value: 0.22353928118681593 and parameters: {'sigma_noise': 0.23814255593722916, 'A_repulsion': 0.20956732330362485, 'gamma': 0.5655423532505136, 'sigma_update': 0.4087043656986168, 'eta_learning': 0.7871505199242146, 'sigma_boundary': 8.08962475142594, 'alpha': 0.6138899222036392}. Best is trial 4 with value: 0.07868218378705605.
[I 2026-03-06 01:37:14,998] Trial 81 finished with value: 0.12259727869409529 and parameters: {'sigma_noise': 0.059183487526904326, 'A_repulsion': 0.31036507998296525, 'gamma': 0.7439520202777505, 'sigma_update': 0.23789874794294202, 'eta_learning': 0.9382077633849765, 'sigma_boundary': 7.256292512162998, 'alpha': 0.5660814837680895}. Best is trial 4 with value: 0.07868218378705605.
[I 2026-03-06 01:37:20,494] Trial 82 finished with value: 0.20447344737452042 and parameters: {'sigma_noise': 0.142729508637573, 'A_repulsion': 0.20647127712948093, 'gamma': 0.697684142570332, 'sigma_update': 0.3094001105177186, 'eta_learning': 1.062631893475219, 'sigma_boundary': 5.316743290230019, 'alpha': 0.5328437818764025}. Best is trial 4 with value: 0.07868218378705605.
[I 2026-03-06 01:37:40,006] Trial 84 finished with value: 0.4698256824814492 and parameters: {'sigma_noise': 0.1404177614196896, 'A_repulsion': 0.13760756572953498, 'gamma': 0.6840425351977343, 'sigma_update': 0.4763866474355137, 'eta_learning': 1.3046498639971689, 'sigma_boundary': 5.888071041626086, 'alpha': 0.384254922316931}. Best is trial 4 with value: 0.07868218378705605.
[I 2026-03-06 01:37:40,418] Trial 76 finished with value: 0.6614616555760483 and parameters: {'sigma_noise': 0.2594887677039861, 'A_repulsion': 0.2564488462973452, 'gamma': 0.6580612272649378, 'sigma_update': 0.2971851812639267, 'eta_learning': 1.3729982719806475, 'sigma_boundary': 5.623752355693032, 'alpha': 0.3698759949296418}. Best is trial 4 with value: 0.07868218378705605.
[I 2026-03-06 01:37:49,772] Trial 79 finished with value: 1.6162805970338547 and parameters: {'sigma_noise': 0.16874974530095244, 'A_repulsion': 0.2961044773951609, 'gamma': 0.31653461809488176, 'sigma_update': 0.42934891036699124, 'eta_learning': 1.4065480974255276, 'sigma_boundary': 3.092658457013497, 'alpha': 0.20467669723964077}. Best is trial 4 with value: 0.07868218378705605.
[I 2026-03-06 01:38:10,407] Trial 78 finished with value: 0.20453596210490482 and parameters: {'sigma_noise': 0.20838609155567178, 'A_repulsion': 0.35825388749564335, 'gamma': 0.5273904745697564, 'sigma_update': 0.44840190998496104, 'eta_learning': 1.4504330975176658, 'sigma_boundary': 4.144201749046813, 'alpha': 0.6813119086253918}. Best is trial 4 with value: 0.07868218378705605.
[I 2026-03-06 01:38:24,134] Trial 83 finished with value: 0.1290508877894318 and parameters: {'sigma_noise': 0.2346682685678504, 'A_repulsion': 0.2049870977422747, 'gamma': 0.7279423965770062, 'sigma_update': 0.5176807970259111, 'eta_learning': 0.3270012714659784, 'sigma_boundary': 2.4169060165070104, 'alpha': 0.5920056134406553}. Best is trial 4 with value: 0.07868218378705605.
[I 2026-03-06 01:38:33,241] Trial 85 finished with value: 0.14007446143489377 and parameters: {'sigma_noise': 0.27553452853863974, 'A_repulsion': 0.1272331663280665, 'gamma': 0.5929519314703295, 'sigma_update': 0.36736602048728456, 'eta_learning': 1.1825126589567643, 'sigma_boundary': 9.158999998074703, 'alpha': 0.7301559014354102}. Best is trial 4 with value: 0.07868218378705605.
[I 2026-03-06 01:38:38,263] Trial 86 finished with value: 0.3963707945120619 and parameters: {'sigma_noise': 0.20129396937964178, 'A_repulsion': 0.22212687836911682, 'gamma': 0.4272692067835682, 'sigma_update': 0.4409530735195711, 'eta_learning': 1.2091293672400512, 'sigma_boundary': 7.98928166690419, 'alpha': 0.48385764136020953}. Best is trial 4 with value: 0.07868218378705605.
[I 2026-03-06 01:38:39,485] Trial 80 finished with value: 0.4951276477416783 and parameters: {'sigma_noise': 0.336439467550235, 'A_repulsion': 0.26868129807014046, 'gamma': 0.6853485615135859, 'sigma_update': 0.46771189621472453, 'eta_learning': 1.3380573529645818, 'sigma_boundary': 6.532279969930072, 'alpha': 0.5093612136731107}. Best is trial 4 with value: 0.07868218378705605.
[I 2026-03-06 01:38:51,889] Trial 89 finished with value: 0.15757242605346014 and parameters: {'sigma_noise': 0.19615205679022107, 'A_repulsion': 0.19152008401283263, 'gamma': 0.24014407606347657, 'sigma_update': 0.3020597225209527, 'eta_learning': 0.32582319847758545, 'sigma_boundary': 7.232219687352476, 'alpha': 0.9112198163623817}. Best is trial 4 with value: 0.07868218378705605.
[I 2026-03-06 01:39:15,750] Trial 92 finished with value: 0.12304099497593948 and parameters: {'sigma_noise': 0.15929513370986598, 'A_repulsion': 0.2646431351775733, 'gamma': 0.2668068920401949, 'sigma_update': 0.1959103254667825, 'eta_learning': 0.1930976837037122, 'sigma_boundary': 6.380023881142534, 'alpha': 0.8190456326622338}. Best is trial 4 with value: 0.07868218378705605.
[I 2026-03-06 01:39:24,247] Trial 90 finished with value: 0.1545976792549386 and parameters: {'sigma_noise': 0.21554973378550485, 'A_repulsion': 0.2573797954261368, 'gamma': 0.35418406417957704, 'sigma_update': 0.40140836976718736, 'eta_learning': 0.41516545033048097, 'sigma_boundary': 5.805265066257763, 'alpha': 0.8278568456809178}. Best is trial 4 with value: 0.07868218378705605.
[I 2026-03-06 01:39:31,374] Trial 87 finished with value: 0.13441310056557404 and parameters: {'sigma_noise': 0.29427409986987785, 'A_repulsion': 0.36791086702213716, 'gamma': 0.6916309236324314, 'sigma_update': 0.3913527579835411, 'eta_learning': 1.965580193396492, 'sigma_boundary': 6.81623392385368, 'alpha': 0.7357008654344478}. Best is trial 4 with value: 0.07868218378705605.
[I 2026-03-06 01:39:32,500] Trial 88 finished with value: 0.15414418028899657 and parameters: {'sigma_noise': 0.24000018385997118, 'A_repulsion': 0.4454956022577252, 'gamma': 0.5976190185747356, 'sigma_update': 0.0755591384091129, 'eta_learning': 0.34770739770131526, 'sigma_boundary': 9.299409576510524, 'alpha': 0.6258710155705807}. Best is trial 4 with value: 0.07868218378705605.
[I 2026-03-06 01:40:00,162] Trial 91 finished with value: 0.20213329004783182 and parameters: {'sigma_noise': 0.1846658398790586, 'A_repulsion': 0.47092224886162504, 'gamma': 0.47906025077573444, 'sigma_update': 0.3633636126453146, 'eta_learning': 0.6059160769924142, 'sigma_boundary': 5.895415184545005, 'alpha': 0.5513576442064171}. Best is trial 4 with value: 0.07868218378705605.
[I 2026-03-06 01:40:07,815] Trial 93 finished with value: 0.13412604787892876 and parameters: {'sigma_noise': 0.26448217192191886, 'A_repulsion': 0.2435508087449463, 'gamma': 0.49473242919277943, 'sigma_update': 0.2947839132474488, 'eta_learning': 0.3045332056734857, 'sigma_boundary': 4.557711112498907, 'alpha': 0.6690339806761934}. Best is trial 4 with value: 0.07868218378705605.
[I 2026-03-06 01:40:17,961] Trial 94 finished with value: 0.13723292601781548 and parameters: {'sigma_noise': 0.2688062918577505, 'A_repulsion': 0.2740567127223812, 'gamma': 0.48074471131146934, 'sigma_update': 0.3985113010368986, 'eta_learning': 0.5518065600725098, 'sigma_boundary': 7.8847234565478095, 'alpha': 0.8760678534506463}. Best is trial 4 with value: 0.07868218378705605.
[I 2026-03-06 01:40:32,996] Trial 97 finished with value: 0.17332764048531044 and parameters: {'sigma_noise': 0.08675741830399825, 'A_repulsion': 0.44877474906293363, 'gamma': 0.3722904573997701, 'sigma_update': 0.2427176140161082, 'eta_learning': 0.7413693940694924, 'sigma_boundary': 7.896500821404993, 'alpha': 0.48280146398203205}. Best is trial 4 with value: 0.07868218378705605.
[I 2026-03-06 01:40:35,857] Trial 95 finished with value: 0.11284648567777876 and parameters: {'sigma_noise': 0.29730634287415353, 'A_repulsion': 0.31095609688149645, 'gamma': 0.6264567303214067, 'sigma_update': 0.29237183562582186, 'eta_learning': 0.5560976840161719, 'sigma_boundary': 4.424202180065868, 'alpha': 0.8157040217671356}. Best is trial 4 with value: 0.07868218378705605.
[I 2026-03-06 01:41:13,295] Trial 96 finished with value: 0.10346711573546727 and parameters: {'sigma_noise': 0.17874703617201587, 'A_repulsion': 0.4557898678048806, 'gamma': 0.4444183771658522, 'sigma_update': 0.19840145785305935, 'eta_learning': 0.5195238286799476, 'sigma_boundary': 7.699175211714645, 'alpha': 0.7430671385622829}. Best is trial 4 with value: 0.07868218378705605.
[I 2026-03-06 01:41:16,449] Trial 98 finished with value: 0.2643337441669359 and parameters: {'sigma_noise': 0.15622250648746566, 'A_repulsion': 0.4692581782863346, 'gamma': 0.4658454961686544, 'sigma_update': 0.4061147709159355, 'eta_learning': 0.9725921653962031, 'sigma_boundary': 3.4925914998323813, 'alpha': 0.5012592869126832}. Best is trial 4 with value: 0.07868218378705605.
[I 2026-03-06 01:41:24,131] Trial 100 finished with value: 0.11820249784977266 and parameters: {'sigma_noise': 0.11392480479345088, 'A_repulsion': 0.38021939183294406, 'gamma': 0.5867983701784991, 'sigma_update': 0.29374522174393436, 'eta_learning': 1.0020658204669532, 'sigma_boundary': 8.653918841272658, 'alpha': 0.734411584694595}. Best is trial 4 with value: 0.07868218378705605.
[I 2026-03-06 01:41:36,953] Trial 103 finished with value: 0.10152731199938156 and parameters: {'sigma_noise': 0.16235501460486215, 'A_repulsion': 0.22498890701523142, 'gamma': 0.7504151154185859, 'sigma_update': 0.31131158036217577, 'eta_learning': 0.763698851605767, 'sigma_boundary': 5.441408873604322, 'alpha': 0.6113817893650866}. Best is trial 4 with value: 0.07868218378705605.
[I 2026-03-06 01:41:41,187] Trial 101 finished with value: 0.18558922257259508 and parameters: {'sigma_noise': 0.21205797297869167, 'A_repulsion': 0.21349227054596867, 'gamma': 0.2810162419503534, 'sigma_update': 0.24276116074167517, 'eta_learning': 0.7352088732982974, 'sigma_boundary': 2.6838735111114427, 'alpha': 0.6477638481892071}. Best is trial 4 with value: 0.07868218378705605.
[I 2026-03-06 01:41:45,785] Trial 99 finished with value: 0.08984867547452635 and parameters: {'sigma_noise': 0.27035748802642706, 'A_repulsion': 0.2986743354193701, 'gamma': 0.6593268984734545, 'sigma_update': 0.4770996299317941, 'eta_learning': 0.5010992211215133, 'sigma_boundary': 7.4028924510989915, 'alpha': 0.8829080632181062}. Best is trial 4 with value: 0.07868218378705605.
[I 2026-03-06 01:42:08,175] Trial 104 finished with value: 0.13791564583474458 and parameters: {'sigma_noise': 0.1668582247823201, 'A_repulsion': 0.3841484584023355, 'gamma': 0.5682209314437296, 'sigma_update': 0.2899511480368052, 'eta_learning': 0.7118103457078928, 'sigma_boundary': 6.86842171321544, 'alpha': 0.5776299783221532}. Best is trial 4 with value: 0.07868218378705605.
[I 2026-03-06 01:42:14,370] Trial 102 finished with value: 0.10742548621997502 and parameters: {'sigma_noise': 0.2776518078825107, 'A_repulsion': 0.33914993359150597, 'gamma': 0.6316388516408645, 'sigma_update': 0.34659730829065677, 'eta_learning': 0.9202240885358371, 'sigma_boundary': 4.470186411790226, 'alpha': 0.8388942236922825}. Best is trial 4 with value: 0.07868218378705605.
[I 2026-03-06 01:42:38,296] Trial 105 finished with value: 0.07584960774707071 and parameters: {'sigma_noise': 0.2311346789916633, 'A_repulsion': 0.35396900619108584, 'gamma': 0.6779034960743847, 'sigma_update': 0.25103805693744874, 'eta_learning': 0.8994753838392212, 'sigma_boundary': 7.840335651326165, 'alpha': 0.9430093771271093}. Best is trial 105 with value: 0.07584960774707071.
[I 2026-03-06 01:42:51,686] Trial 110 finished with value: 0.17286375462752518 and parameters: {'sigma_noise': 0.16896184159195676, 'A_repulsion': 0.3095618383973039, 'gamma': 0.3666279219264722, 'sigma_update': 0.34676219967275523, 'eta_learning': 0.2641976726855076, 'sigma_boundary': 6.9319826372016635, 'alpha': 0.741640291685613}. Best is trial 105 with value: 0.07584960774707071.
[I 2026-03-06 01:42:58,619] Trial 111 finished with value: 0.0941381871764092 and parameters: {'sigma_noise': 0.14595397307696528, 'A_repulsion': 0.2770237922406664, 'gamma': 0.5774857733030249, 'sigma_update': 0.3557584522350935, 'eta_learning': 0.11510128095860073, 'sigma_boundary': 6.587128726914192, 'alpha': 0.3689691895484879}. Best is trial 105 with value: 0.07584960774707071.
[I 2026-03-06 01:43:00,073] Trial 107 finished with value: 0.10756870403301368 and parameters: {'sigma_noise': 0.17085923512023152, 'A_repulsion': 0.3960097503979434, 'gamma': 0.5544148855521944, 'sigma_update': 0.24665845010056991, 'eta_learning': 0.47091022650712083, 'sigma_boundary': 6.628657816458815, 'alpha': 0.623126996429489}. Best is trial 105 with value: 0.07584960774707071.
[I 2026-03-06 01:43:03,360] Trial 106 finished with value: 0.4070399939679656 and parameters: {'sigma_noise': 0.2665213042930473, 'A_repulsion': 0.3282973699458602, 'gamma': 0.5792751699495623, 'sigma_update': 0.3282027705474173, 'eta_learning': 1.0760977545972545, 'sigma_boundary': 5.081906816794908, 'alpha': 0.4443561716898638}. Best is trial 105 with value: 0.07584960774707071.
[I 2026-03-06 01:43:18,244] Trial 114 finished with value: 0.11842416873366488 and parameters: {'sigma_noise': 0.08539521316623047, 'A_repulsion': 0.2728396272985697, 'gamma': 0.5222122288418188, 'sigma_update': 0.24919395915375425, 'eta_learning': 0.34526822335126794, 'sigma_boundary': 9.147997403485746, 'alpha': 0.7904643337698176}. Best is trial 105 with value: 0.07584960774707071.
[I 2026-03-06 01:43:26,597] Trial 109 finished with value: 0.0960019531091428 and parameters: {'sigma_noise': 0.17016625494548066, 'A_repulsion': 0.4479984759923037, 'gamma': 0.8326219771877876, 'sigma_update': 0.11193309633786638, 'eta_learning': 0.7889090248859668, 'sigma_boundary': 5.032880838130735, 'alpha': 0.49006182995636266}. Best is trial 105 with value: 0.07584960774707071.
[I 2026-03-06 01:43:30,807] Trial 108 finished with value: 0.13111422803573355 and parameters: {'sigma_noise': 0.20162179816130982, 'A_repulsion': 0.4919885279429752, 'gamma': 0.9128734881555802, 'sigma_update': 0.31670859623997666, 'eta_learning': 0.07355657967350128, 'sigma_boundary': 5.368117321004716, 'alpha': 0.7067596730291897}. Best is trial 105 with value: 0.07584960774707071.
