[I 2026-03-06 02:17:17,734] Trial 84 finished with value: 0.12452792378725325 and parameters: {'sigma_noise': 0.22687242595387674, 'A_repulsion': 0.1292430327493308, 'gamma': 0.5255214512131846, 'sigma_update': 0.46708629923306205, 'eta_learning': 0.5517432771418092, 'sigma_boundary': 5.3672741187792505, 'alpha': 0.8013847220240335}. Best is trial 71 with value: 0.06927675510005026.
[I 2026-03-06 02:17:18,373] Trial 89 finished with value: 0.14638788554547444 and parameters: {'sigma_noise': 0.11574240901617082, 'A_repulsion': 0.14029570466908745, 'gamma': 0.487809213759528, 'sigma_update': 0.40884212008278015, 'eta_learning': 0.5093842082277318, 'sigma_boundary': 4.657601334807337, 'alpha': 0.868570836504853}. Best is trial 71 with value: 0.06927675510005026.
[I 2026-03-06 02:17:20,639] Trial 87 finished with value: 0.09534904896936242 and parameters: {'sigma_noise': 0.18967968935304952, 'A_repulsion': 0.12615556168675052, 'gamma': 0.6214708875394869, 'sigma_update': 0.4036043183239041, 'eta_learning': 0.38666170331724586, 'sigma_boundary': 4.555745228635089, 'alpha': 0.7329351125359068}. Best is trial 71 with value: 0.06927675510005026.
[I 2026-03-06 02:17:22,117] Trial 80 finished with value: 0.11949073303255135 and parameters: {'sigma_noise': 0.24946871464729087, 'A_repulsion': 0.17926685079934163, 'gamma': 0.4573045082299776, 'sigma_update': 0.43589071417458775, 'eta_learning': 0.18452091863056364, 'sigma_boundary': 8.425961952304473, 'alpha': 0.4754838882795772}. Best is trial 71 with value: 0.06927675510005026.
[I 2026-03-06 02:17:44,993] Trial 93 finished with value: 0.09981884759460742 and parameters: {'sigma_noise': 0.11853017934321344, 'A_repulsion': 0.125285849867653, 'gamma': 0.5912297962694889, 'sigma_update': 0.282671847534706, 'eta_learning': 0.4743697008495684, 'sigma_boundary': 5.736336386308146, 'alpha': 0.5566983291125027}. Best is trial 71 with value: 0.06927675510005026.
[I 2026-03-06 02:17:49,252] Trial 85 finished with value: 0.16256483533170485 and parameters: {'sigma_noise': 0.2480251440552535, 'A_repulsion': 0.22911250599454042, 'gamma': 0.3986139129040003, 'sigma_update': 0.38588533384591067, 'eta_learning': 2.020145771135813, 'sigma_boundary': 5.1227608613070075, 'alpha': 0.6631201022987919}. Best is trial 71 with value: 0.06927675510005026.
[I 2026-03-06 02:18:00,668] Trial 92 finished with value: 0.12407583930440913 and parameters: {'sigma_noise': 0.21783894846430718, 'A_repulsion': 0.05639452506127102, 'gamma': 0.39202699476701586, 'sigma_update': 0.3480686996160659, 'eta_learning': 0.47933942017865966, 'sigma_boundary': 5.229980798286372, 'alpha': 0.8980295775961051}. Best is trial 71 with value: 0.06927675510005026.
[I 2026-03-06 02:18:14,967] Trial 94 finished with value: 0.14789620782966922 and parameters: {'sigma_noise': 0.1567218352098369, 'A_repulsion': 0.1466676638283851, 'gamma': 0.2807928496949904, 'sigma_update': 0.3475105400165428, 'eta_learning': 0.8544496870420982, 'sigma_boundary': 5.358142770521061, 'alpha': 0.5900313090661137}. Best is trial 71 with value: 0.06927675510005026.
[I 2026-03-06 02:18:15,688] Trial 82 finished with value: 0.1394932716792448 and parameters: {'sigma_noise': 0.3034465208218269, 'A_repulsion': 0.3579930816066802, 'gamma': 0.5957804574309191, 'sigma_update': 0.4588174262582685, 'eta_learning': 0.34026532079333915, 'sigma_boundary': 7.407007231104725, 'alpha': 0.8504988624980647}. Best is trial 71 with value: 0.06927675510005026.
[I 2026-03-06 02:18:16,368] Trial 91 finished with value: 0.13231393338808423 and parameters: {'sigma_noise': 0.1767101233509576, 'A_repulsion': 0.2183831788740795, 'gamma': 0.487157693079612, 'sigma_update': 0.3514440218802685, 'eta_learning': 0.7758577302033974, 'sigma_boundary': 6.476852199534604, 'alpha': 0.5409797085451253}. Best is trial 71 with value: 0.06927675510005026.
[I 2026-03-06 02:18:18,356] Trial 83 finished with value: 0.2662083668462431 and parameters: {'sigma_noise': 0.3477979266780813, 'A_repulsion': 0.2262602644523338, 'gamma': 0.3102942269557874, 'sigma_update': 0.39674697614904336, 'eta_learning': 0.8468613602098057, 'sigma_boundary': 6.295340587326287, 'alpha': 0.5078567648060626}. Best is trial 71 with value: 0.06927675510005026.
[I 2026-03-06 02:18:24,371] Trial 95 finished with value: 0.18134476622121115 and parameters: {'sigma_noise': 0.12188544108944425, 'A_repulsion': 0.1558860911109843, 'gamma': 0.5905276676886968, 'sigma_update': 0.3211298958750894, 'eta_learning': 1.7606863158007269, 'sigma_boundary': 4.234743324724378, 'alpha': 0.3839489659234621}. Best is trial 71 with value: 0.06927675510005026.
[I 2026-03-06 02:18:27,364] Trial 86 finished with value: 0.13634043266929724 and parameters: {'sigma_noise': 0.2599376725411366, 'A_repulsion': 0.3101630681152366, 'gamma': 0.5726759100523429, 'sigma_update': 0.350628064166545, 'eta_learning': 0.6496642793814706, 'sigma_boundary': 6.9924303049318, 'alpha': 0.9236761932946205}. Best is trial 71 with value: 0.06927675510005026.
[I 2026-03-06 02:18:38,041] Trial 90 finished with value: 0.10913238163253634 and parameters: {'sigma_noise': 0.30693541782611033, 'A_repulsion': 0.12531463744605187, 'gamma': 0.5674217653889456, 'sigma_update': 0.347868355197304, 'eta_learning': 1.2769769319311028, 'sigma_boundary': 9.077068784121845, 'alpha': 0.8182950520349868}. Best is trial 71 with value: 0.06927675510005026.
[I 2026-03-06 02:20:06,618] Trial 99 finished with value: 0.24695523448177395 and parameters: {'sigma_noise': 0.14609991884266976, 'A_repulsion': 0.0662257774554732, 'gamma': 0.42557330882864775, 'sigma_update': 0.5552035473408521, 'eta_learning': 1.4635127196681048, 'sigma_boundary': 4.798197138362416, 'alpha': 0.5491127062570251}. Best is trial 71 with value: 0.06927675510005026.
[I 2026-03-06 02:20:40,660] Trial 98 finished with value: 0.13290638401148808 and parameters: {'sigma_noise': 0.14388398201813224, 'A_repulsion': 0.3235952654402916, 'gamma': 0.4122635799114606, 'sigma_update': 0.2085495027395012, 'eta_learning': 0.15084201373619113, 'sigma_boundary': 6.541148697158186, 'alpha': 0.5284750806438832}. Best is trial 71 with value: 0.06927675510005026.
[I 2026-03-06 02:20:46,203] Trial 97 finished with value: 0.07923631991679224 and parameters: {'sigma_noise': 0.1988504604690104, 'A_repulsion': 0.1774208001360527, 'gamma': 0.7520621558448966, 'sigma_update': 0.5677315915343347, 'eta_learning': 1.3135769564249233, 'sigma_boundary': 3.9291565909020285, 'alpha': 0.8532738780292237}. Best is trial 71 with value: 0.06927675510005026.
[I 2026-03-06 02:21:03,510] Trial 102 finished with value: 0.12165266391392482 and parameters: {'sigma_noise': 0.16310924769749385, 'A_repulsion': 0.10221113471914611, 'gamma': 0.36085132750021587, 'sigma_update': 0.28909708930721456, 'eta_learning': 1.0329456259665863, 'sigma_boundary': 7.2571393203018175, 'alpha': 0.5536391065637288}. Best is trial 71 with value: 0.06927675510005026.
[I 2026-03-06 02:21:18,884] Trial 96 finished with value: 0.15058013205174026 and parameters: {'sigma_noise': 0.3007803636133305, 'A_repulsion': 0.18681423269481712, 'gamma': 0.4425393358006178, 'sigma_update': 0.26827447936518656, 'eta_learning': 0.6298436431488065, 'sigma_boundary': 4.845720656252362, 'alpha': 0.4752669640570095}. Best is trial 71 with value: 0.06927675510005026.
[I 2026-03-06 02:21:19,509] Trial 104 finished with value: 0.22468649972907295 and parameters: {'sigma_noise': 0.1646144056235982, 'A_repulsion': 0.11707534889463375, 'gamma': 0.6059427883466094, 'sigma_update': 0.4434903405188774, 'eta_learning': 1.2205468755397784, 'sigma_boundary': 7.414431006247347, 'alpha': 0.40997324623790077}. Best is trial 71 with value: 0.06927675510005026.
[I 2026-03-06 02:21:45,267] Trial 106 finished with value: 0.13737406097159754 and parameters: {'sigma_noise': 0.13463725937601634, 'A_repulsion': 0.21183581001690124, 'gamma': 0.4876392361256277, 'sigma_update': 0.4300495791170067, 'eta_learning': 1.3126457252551056, 'sigma_boundary': 5.801301378839071, 'alpha': 0.8250284502876677}. Best is trial 71 with value: 0.06927675510005026.
[I 2026-03-06 02:21:47,967] Trial 103 finished with value: 0.0913870317695806 and parameters: {'sigma_noise': 0.19843922240173362, 'A_repulsion': 0.15435123932186048, 'gamma': 0.8012879001033536, 'sigma_update': 0.240194004133991, 'eta_learning': 1.0260702307987788, 'sigma_boundary': 5.336573570225475, 'alpha': 0.45649114836942994}. Best is trial 71 with value: 0.06927675510005026.
[I 2026-03-06 02:21:51,577] Trial 101 finished with value: 0.11065958537789326 and parameters: {'sigma_noise': 0.3129375313590138, 'A_repulsion': 0.12879079756526637, 'gamma': 0.5416466599452263, 'sigma_update': 0.3059518596150542, 'eta_learning': 0.30085685176694654, 'sigma_boundary': 5.021536080456991, 'alpha': 0.8238874255312636}. Best is trial 71 with value: 0.06927675510005026.
[I 2026-03-06 02:21:51,657] Trial 111 finished with value: 0.15262357850370895 and parameters: {'sigma_noise': 0.1091271277202759, 'A_repulsion': 0.1684312791826201, 'gamma': 0.32052460944383593, 'sigma_update': 0.43036607412588707, 'eta_learning': 0.5081875957487061, 'sigma_boundary': 8.821672719504921, 'alpha': 0.8644142711847603}. Best is trial 71 with value: 0.06927675510005026.
[I 2026-03-06 02:22:01,448] Trial 107 finished with value: 0.13547683797440174 and parameters: {'sigma_noise': 0.16943871728879706, 'A_repulsion': 0.2521775522042798, 'gamma': 0.405104780990448, 'sigma_update': 0.39048760901058577, 'eta_learning': 1.2466477882164348, 'sigma_boundary': 6.321248201493888, 'alpha': 0.8664081795845631}. Best is trial 71 with value: 0.06927675510005026.
[I 2026-03-06 02:22:08,768] Trial 105 finished with value: 0.16391753216451632 and parameters: {'sigma_noise': 0.21207624951453935, 'A_repulsion': 0.16173326569106175, 'gamma': 0.08590115845578596, 'sigma_update': 0.3615367514689418, 'eta_learning': 1.0966582864952463, 'sigma_boundary': 6.910690311410218, 'alpha': 0.6651233979754478}. Best is trial 71 with value: 0.06927675510005026.
[I 2026-03-06 02:22:09,157] Trial 108 finished with value: 0.10236753337013868 and parameters: {'sigma_noise': 0.17488209220942177, 'A_repulsion': 0.21639469137229328, 'gamma': 0.4849884553964958, 'sigma_update': 0.21576327841108262, 'eta_learning': 0.6599929256235981, 'sigma_boundary': 6.854178891373955, 'alpha': 0.5099324962212701}. Best is trial 71 with value: 0.06927675510005026.
[I 2026-03-06 02:22:13,355] Trial 100 finished with value: 0.15572042640849784 and parameters: {'sigma_noise': 0.26128295070932556, 'A_repulsion': 0.26401987963255824, 'gamma': 0.4697968632321436, 'sigma_update': 0.45569341509543543, 'eta_learning': 0.8376852624741323, 'sigma_boundary': 6.575851135050467, 'alpha': 0.7055526450710606}. Best is trial 71 with value: 0.06927675510005026.
[I 2026-03-06 02:22:17,629] Trial 114 finished with value: 0.15792169380008153 and parameters: {'sigma_noise': 0.08296705560774659, 'A_repulsion': 0.16289645949722967, 'gamma': 0.4803288089997421, 'sigma_update': 0.29804273020394945, 'eta_learning': 0.528329817636594, 'sigma_boundary': 5.985276729413495, 'alpha': 0.685512327219769}. Best is trial 71 with value: 0.06927675510005026.
[I 2026-03-06 02:22:29,139] Trial 110 finished with value: 0.1489312854278358 and parameters: {'sigma_noise': 0.2344809804531492, 'A_repulsion': 0.08118907658713853, 'gamma': 0.48314162054934845, 'sigma_update': 0.22753231079014033, 'eta_learning': 0.9726138797042694, 'sigma_boundary': 4.5139942158658615, 'alpha': 0.4068217646369414}. Best is trial 71 with value: 0.06927675510005026.
[I 2026-03-06 02:22:30,158] Trial 118 finished with value: 0.1423263780002954 and parameters: {'sigma_noise': 0.12727275012173134, 'A_repulsion': 0.21841302645329186, 'gamma': 0.4778845723407922, 'sigma_update': 0.3874200668015463, 'eta_learning': 0.3067136177434143, 'sigma_boundary': 5.684596652823632, 'alpha': 0.5843063169776817}. Best is trial 71 with value: 0.06927675510005026.
[I 2026-03-06 02:22:50,304] Trial 115 finished with value: 0.119146697915888 and parameters: {'sigma_noise': 0.15669977861047413, 'A_repulsion': 0.21558326635187325, 'gamma': 0.437755014081385, 'sigma_update': 0.30707491083819394, 'eta_learning': 0.9654964481143545, 'sigma_boundary': 7.6901695382436905, 'alpha': 0.7446615184593163}. Best is trial 71 with value: 0.06927675510005026.
[I 2026-03-06 02:22:51,139] Trial 112 finished with value: 0.12927753200733572 and parameters: {'sigma_noise': 0.17875799770121564, 'A_repulsion': 0.2266033494471249, 'gamma': 0.5221413081828266, 'sigma_update': 0.3785789411965453, 'eta_learning': 0.6920487725455902, 'sigma_boundary': 5.73659389396879, 'alpha': 0.7881553801970049}. Best is trial 71 with value: 0.06927675510005026.
[I 2026-03-06 02:23:01,346] Trial 109 finished with value: 0.1176455374985825 and parameters: {'sigma_noise': 0.24916353686592274, 'A_repulsion': 0.3586462620563232, 'gamma': 0.7004929412428778, 'sigma_update': 0.43375630463009235, 'eta_learning': 1.1784033507194387, 'sigma_boundary': 9.002588282023387, 'alpha': 0.8791882657038927}. Best is trial 71 with value: 0.06927675510005026.
[I 2026-03-06 02:23:04,093] Trial 119 finished with value: 0.1142511418408706 and parameters: {'sigma_noise': 0.13111631332579382, 'A_repulsion': 0.22068544542555318, 'gamma': 0.6499959348529287, 'sigma_update': 0.3570750220288038, 'eta_learning': 0.30501409347115943, 'sigma_boundary': 5.684583695431963, 'alpha': 0.7614748301863549}. Best is trial 71 with value: 0.06927675510005026.
[I 2026-03-06 02:23:11,375] Trial 117 finished with value: 0.10095301827312361 and parameters: {'sigma_noise': 0.1741921860777126, 'A_repulsion': 0.2555766725494621, 'gamma': 0.449298170342766, 'sigma_update': 0.20838922428020282, 'eta_learning': 1.3691793658780322, 'sigma_boundary': 8.179185804664328, 'alpha': 0.6181789904656376}. Best is trial 71 with value: 0.06927675510005026.
[I 2026-03-06 02:23:22,212] Trial 113 finished with value: 0.2736306550833142 and parameters: {'sigma_noise': 0.18151272485910297, 'A_repulsion': 0.2916480072670886, 'gamma': 0.5456668065306854, 'sigma_update': 0.27024637672886215, 'eta_learning': 1.5277113630027284, 'sigma_boundary': 4.5910178430886095, 'alpha': 0.3681973268153383}. Best is trial 71 with value: 0.06927675510005026.
[I 2026-03-06 02:23:55,091] Trial 116 finished with value: 0.1129274074978048 and parameters: {'sigma_noise': 0.29392370257552264, 'A_repulsion': 0.22688033409220754, 'gamma': 0.4955358507166724, 'sigma_update': 0.2634264873680224, 'eta_learning': 1.5106454546378765, 'sigma_boundary': 9.057897992083005, 'alpha': 0.7771764592844449}. Best is trial 71 with value: 0.06927675510005026.
[I 2026-03-06 02:24:33,966] Trial 120 finished with value: 0.1095376658047771 and parameters: {'sigma_noise': 0.1812250441304597, 'A_repulsion': 0.15804765861728812, 'gamma': 0.541662695545273, 'sigma_update': 0.39755562419788376, 'eta_learning': 0.40012466860277124, 'sigma_boundary': 5.458866620120771, 'alpha': 0.7680134255520574}. Best is trial 71 with value: 0.06927675510005026.
[I 2026-03-06 02:24:58,525] Trial 121 finished with value: 0.10212795795347954 and parameters: {'sigma_noise': 0.15176400166252685, 'A_repulsion': 0.09982483103756534, 'gamma': 0.42000714921602605, 'sigma_update': 0.1282499309325721, 'eta_learning': 0.39147225876099256, 'sigma_boundary': 2.647268312961151, 'alpha': 0.538831438453638}. Best is trial 71 with value: 0.06927675510005026.
[I 2026-03-06 02:25:26,791] Trial 123 finished with value: 0.12673213225586466 and parameters: {'sigma_noise': 0.1487728831491795, 'A_repulsion': 0.17374031272543713, 'gamma': 0.6066079475570264, 'sigma_update': 0.39620898542882665, 'eta_learning': 0.4130109659800218, 'sigma_boundary': 6.077339088156112, 'alpha': 0.7438072980497644}. Best is trial 71 with value: 0.06927675510005026.
[I 2026-03-06 02:25:37,946] Trial 122 finished with value: 0.059028878655086964 and parameters: {'sigma_noise': 0.20461364134278764, 'A_repulsion': 0.17592180708759092, 'gamma': 0.8466922672516364, 'sigma_update': 0.3481003120850039, 'eta_learning': 0.7967369190676274, 'sigma_boundary': 3.2377345633921033, 'alpha': 0.6968711716481697}. Best is trial 122 with value: 0.059028878655086964.
[I 2026-03-06 02:25:52,692] Trial 127 finished with value: 0.1165815335608967 and parameters: {'sigma_noise': 0.09632149770867128, 'A_repulsion': 0.10385691543799973, 'gamma': 0.6936325273100039, 'sigma_update': 0.48497270857002317, 'eta_learning': 1.2218594074285203, 'sigma_boundary': 5.866374739779773, 'alpha': 0.7291642991339363}. Best is trial 122 with value: 0.059028878655086964.
[I 2026-03-06 02:26:13,806] Trial 126 finished with value: 0.09195671865030156 and parameters: {'sigma_noise': 0.18050907211875844, 'A_repulsion': 0.09094666098050916, 'gamma': 0.577728208247121, 'sigma_update': 0.34204895025555104, 'eta_learning': 0.7312184963029082, 'sigma_boundary': 5.978582317043962, 'alpha': 0.9447986021796008}. Best is trial 122 with value: 0.059028878655086964.
[I 2026-03-06 02:26:20,380] Trial 125 finished with value: 0.056763902022546636 and parameters: {'sigma_noise': 0.21738404811512896, 'A_repulsion': 0.16666523694137825, 'gamma': 0.8656274549759381, 'sigma_update': 0.29711051624520196, 'eta_learning': 0.6825474334826711, 'sigma_boundary': 5.458803288207525, 'alpha': 0.5904351527863356}. Best is trial 125 with value: 0.056763902022546636.
[I 2026-03-06 02:26:21,071] Trial 124 finished with value: 0.10284589804092428 and parameters: {'sigma_noise': 0.2535791568969255, 'A_repulsion': 0.12177915626213792, 'gamma': 0.5932471457730837, 'sigma_update': 0.33424062104395924, 'eta_learning': 0.12907700833126776, 'sigma_boundary': 6.745800215932547, 'alpha': 0.5674694904235684}. Best is trial 125 with value: 0.056763902022546636.
[I 2026-03-06 02:26:26,976] Trial 130 finished with value: 0.10986886488600478 and parameters: {'sigma_noise': 0.15111722568714425, 'A_repulsion': 0.1289273680166396, 'gamma': 0.8854746155137155, 'sigma_update': 0.44387282075343626, 'eta_learning': 0.056074303939062764, 'sigma_boundary': 5.757261728060201, 'alpha': 0.7407370962938801}. Best is trial 125 with value: 0.056763902022546636.
[I 2026-03-06 02:26:30,221] Trial 132 finished with value: 0.09289160908297872 and parameters: {'sigma_noise': 0.17130335068698538, 'A_repulsion': 0.06133113559114573, 'gamma': 0.47967995713623945, 'sigma_update': 0.29801331850318513, 'eta_learning': 1.1999121670574404, 'sigma_boundary': 4.107754789916494, 'alpha': 0.8626944860575404}. Best is trial 125 with value: 0.056763902022546636.
[I 2026-03-06 02:26:31,862] Trial 136 finished with value: 0.08605415640039124 and parameters: {'sigma_noise': 0.10483129110816063, 'A_repulsion': 0.14697254599409149, 'gamma': 0.7589989427068232, 'sigma_update': 0.2136206398677451, 'eta_learning': 0.40857877550093524, 'sigma_boundary': 7.536910963957314, 'alpha': 0.5911922964770168}. Best is trial 125 with value: 0.056763902022546636.
[I 2026-03-06 02:26:39,961] Trial 129 finished with value: 0.09961995094653348 and parameters: {'sigma_noise': 0.22409096138238227, 'A_repulsion': 0.12216993620904448, 'gamma': 0.6361028404405377, 'sigma_update': 0.36730765871676924, 'eta_learning': 0.8131120644376829, 'sigma_boundary': 4.836256780156902, 'alpha': 0.6330271918351803}. Best is trial 125 with value: 0.056763902022546636.
[I 2026-03-06 02:26:46,290] Trial 139 finished with value: 0.14303827489032273 and parameters: {'sigma_noise': 0.06840652193223001, 'A_repulsion': 0.10478643481980446, 'gamma': 0.6647134457250571, 'sigma_update': 0.5762795716558036, 'eta_learning': 0.9616812040007886, 'sigma_boundary': 5.755354831183639, 'alpha': 0.5700029143324225}. Best is trial 125 with value: 0.056763902022546636.
[I 2026-03-06 02:27:13,525] Trial 133 finished with value: 0.11275157865428945 and parameters: {'sigma_noise': 0.21372460222902434, 'A_repulsion': 0.1732995971708513, 'gamma': 0.4638447239373647, 'sigma_update': 0.3573013504011513, 'eta_learning': 0.5379199581626736, 'sigma_boundary': 5.527054826329906, 'alpha': 0.7804427625167712}. Best is trial 125 with value: 0.056763902022546636.
[I 2026-03-06 02:27:14,218] Trial 128 finished with value: 0.10266697864331334 and parameters: {'sigma_noise': 0.23922724286415736, 'A_repulsion': 0.20368097581637082, 'gamma': 0.6427542898869694, 'sigma_update': 0.2710182531882714, 'eta_learning': 0.08927063250312739, 'sigma_boundary': 6.8409803992128815, 'alpha': 0.779037446861369}. Best is trial 125 with value: 0.056763902022546636.
[I 2026-03-06 02:27:16,681] Trial 135 finished with value: 0.09505478512346324 and parameters: {'sigma_noise': 0.23637054686977016, 'A_repulsion': 0.1297989062311385, 'gamma': 0.5423155167394129, 'sigma_update': 0.2682015318600444, 'eta_learning': 0.20130102108893427, 'sigma_boundary': 3.6327783968803544, 'alpha': 0.7884305276786303}. Best is trial 125 with value: 0.056763902022546636.
[I 2026-03-06 02:27:17,622] Trial 141 finished with value: 0.1356386586062932 and parameters: {'sigma_noise': 0.07454443525267154, 'A_repulsion': 0.18375061735894688, 'gamma': 0.5085142873808296, 'sigma_update': 0.32484413593180217, 'eta_learning': 0.12822148643380124, 'sigma_boundary': 5.961373735080489, 'alpha': 0.6273668055261062}. Best is trial 125 with value: 0.056763902022546636.
[I 2026-03-06 02:27:28,400] Trial 131 finished with value: 0.11909737656865305 and parameters: {'sigma_noise': 0.2654769392777004, 'A_repulsion': 0.15946934491800527, 'gamma': 0.4678109024839418, 'sigma_update': 0.30231000393208685, 'eta_learning': 0.876213274561035, 'sigma_boundary': 6.420148368211898, 'alpha': 0.7353568721949681}. Best is trial 125 with value: 0.056763902022546636.
