[I 2026-03-06 01:48:38,778] Trial 199 finished with value: 0.20391834126396105 and parameters: {'sigma_noise': 0.14643564055227742, 'A_repulsion': 0.22036659066385322, 'gamma': 0.36339680771852423, 'sigma_update': 0.04950129937559796, 'eta_learning': 0.6649182435883305, 'sigma_boundary': 4.986441819285493, 'alpha': 0.7027677566638629}. Best is trial 164 with value: 0.048044107628077926.
[I 2026-03-06 01:48:41,400] Trial 192 finished with value: 0.08104906191517108 and parameters: {'sigma_noise': 0.268511605889911, 'A_repulsion': 0.22291703847157776, 'gamma': 0.6477734290605325, 'sigma_update': 0.20480017378772053, 'eta_learning': 1.3488055595633541, 'sigma_boundary': 5.424849367951315, 'alpha': 0.7398082249938125}. Best is trial 164 with value: 0.048044107628077926.
[I 2026-03-06 01:48:44,010] Trial 197 finished with value: 0.07306999301223291 and parameters: {'sigma_noise': 0.2351257471431834, 'A_repulsion': 0.18051749783126544, 'gamma': 0.7416864982572008, 'sigma_update': 0.18177264536642546, 'eta_learning': 1.5930868742083752, 'sigma_boundary': 8.867162404990381, 'alpha': 0.6382014503755602}. Best is trial 164 with value: 0.048044107628077926.
[I 2026-03-06 01:48:44,869] Trial 195 finished with value: 0.05160416270673392 and parameters: {'sigma_noise': 0.27392149192659115, 'A_repulsion': 0.22621843630245667, 'gamma': 0.8926436258376269, 'sigma_update': 0.2932941702126566, 'eta_learning': 1.617590553226562, 'sigma_boundary': 5.099858227613012, 'alpha': 0.8168882416401297}. Best is trial 164 with value: 0.048044107628077926.
