[I 2026-03-06 01:36:53,341] Trial 138 finished with value: 0.15814862635116608 and parameters: {'sigma_noise': 0.3128171018082867, 'A_repulsion': 0.08913809468780115, 'gamma': 0.39666922131705645, 'sigma_update': 0.3250552621076618, 'eta_learning': 1.4732623743035802, 'sigma_boundary': 5.68904121499775, 'alpha': 0.7505918101508509}. Best is trial 8 with value: 0.05377019672439228.
[I 2026-03-06 01:36:58,114] Trial 139 finished with value: 0.06536935468489447 and parameters: {'sigma_noise': 0.18471048527768635, 'A_repulsion': 0.17978137477632944, 'gamma': 0.6081212024652168, 'sigma_update': 0.2550946490261254, 'eta_learning': 1.9538426449367614, 'sigma_boundary': 4.35469864676879, 'alpha': 0.7110637188807927}. Best is trial 8 with value: 0.05377019672439228.
[I 2026-03-06 01:37:40,516] Trial 142 finished with value: 0.14448992933986404 and parameters: {'sigma_noise': 0.24374660563946277, 'A_repulsion': 0.130363212876765, 'gamma': 0.11745381760387151, 'sigma_update': 0.13929120599941083, 'eta_learning': 1.7459196263502625, 'sigma_boundary': 4.426804413039155, 'alpha': 0.7243691330866833}. Best is trial 8 with value: 0.05377019672439228.
[I 2026-03-06 01:38:13,684] Trial 144 finished with value: 0.19300047420166394 and parameters: {'sigma_noise': 0.2510519923246301, 'A_repulsion': 0.12238382981991497, 'gamma': 0.03983396210042953, 'sigma_update': 0.3081657450404186, 'eta_learning': 1.8939948692386035, 'sigma_boundary': 3.268655987544393, 'alpha': 0.5849596715928298}. Best is trial 8 with value: 0.05377019672439228.
[I 2026-03-06 01:38:19,492] Trial 143 finished with value: 0.11296364130047487 and parameters: {'sigma_noise': 0.2530333086540391, 'A_repulsion': 0.1862131998943886, 'gamma': 0.32150867193645405, 'sigma_update': 0.13588454357968047, 'eta_learning': 0.29901905019869157, 'sigma_boundary': 5.78091137498304, 'alpha': 0.5364493606586602}. Best is trial 8 with value: 0.05377019672439228.
[I 2026-03-06 01:38:29,466] Trial 145 finished with value: 0.08410791833421072 and parameters: {'sigma_noise': 0.18820400615452032, 'A_repulsion': 0.15710504866575353, 'gamma': 0.2528845691253614, 'sigma_update': 0.14456524708211985, 'eta_learning': 1.6082887622141429, 'sigma_boundary': 6.34289154094002, 'alpha': 0.7378859277294186}. Best is trial 8 with value: 0.05377019672439228.
[I 2026-03-06 01:38:49,045] Trial 151 finished with value: 0.14742721857040053 and parameters: {'sigma_noise': 0.15730059670476318, 'A_repulsion': 0.09401486679187154, 'gamma': 0.23143302406110522, 'sigma_update': 0.35939839964149195, 'eta_learning': 2.2143089027069855, 'sigma_boundary': 6.493288867111054, 'alpha': 0.6450589988365599}. Best is trial 8 with value: 0.05377019672439228.
[I 2026-03-06 01:39:02,604] Trial 149 finished with value: 0.07651249028359032 and parameters: {'sigma_noise': 0.18611690046703327, 'A_repulsion': 0.12740669228328916, 'gamma': 0.5941851627412883, 'sigma_update': 0.31543804446132445, 'eta_learning': 1.7159893148220753, 'sigma_boundary': 4.910652178022894, 'alpha': 0.707357165691983}. Best is trial 8 with value: 0.05377019672439228.
[I 2026-03-06 01:39:11,544] Trial 147 finished with value: 0.15670057204750829 and parameters: {'sigma_noise': 0.18669931078851715, 'A_repulsion': 0.2809670566013225, 'gamma': 0.5601400822937027, 'sigma_update': 0.25599673569735865, 'eta_learning': 2.3490804465336588, 'sigma_boundary': 5.289267077086789, 'alpha': 0.4534900061184133}. Best is trial 8 with value: 0.05377019672439228.
[I 2026-03-06 01:39:14,352] Trial 154 finished with value: 0.114654516802941 and parameters: {'sigma_noise': 0.10932387312455855, 'A_repulsion': 0.13948644477790237, 'gamma': 0.08566942533155865, 'sigma_update': 0.20180920076727019, 'eta_learning': 1.8096616221322475, 'sigma_boundary': 6.56448780633375, 'alpha': 0.5473046563709808}. Best is trial 8 with value: 0.05377019672439228.
[I 2026-03-06 01:39:16,045] Trial 148 finished with value: 0.11803422615777226 and parameters: {'sigma_noise': 0.19407994455206423, 'A_repulsion': 0.2169194251889916, 'gamma': 0.15434758683351724, 'sigma_update': 0.2977786190662391, 'eta_learning': 1.2402415764761532, 'sigma_boundary': 6.398279297406242, 'alpha': 0.7260479771035381}. Best is trial 8 with value: 0.05377019672439228.
[I 2026-03-06 01:39:21,418] Trial 152 finished with value: 0.08869834051074083 and parameters: {'sigma_noise': 0.15183380665549276, 'A_repulsion': 0.15940774938750937, 'gamma': 0.12065180307018315, 'sigma_update': 0.135056320587023, 'eta_learning': 1.384383371642435, 'sigma_boundary': 5.091721179028258, 'alpha': 0.6004801082031636}. Best is trial 8 with value: 0.05377019672439228.
[I 2026-03-06 01:39:40,048] Trial 150 finished with value: 0.1118124228195597 and parameters: {'sigma_noise': 0.2287865565478968, 'A_repulsion': 0.15320743028624173, 'gamma': 0.2205856129425346, 'sigma_update': 0.21667769214337002, 'eta_learning': 1.5561917715634053, 'sigma_boundary': 3.615731247244265, 'alpha': 0.8350614451640979}. Best is trial 8 with value: 0.05377019672439228.
[I 2026-03-06 01:39:49,693] Trial 146 finished with value: 1.29516408688371 and parameters: {'sigma_noise': 0.26961080639888285, 'A_repulsion': 0.24651331656969327, 'gamma': 0.2083106194190544, 'sigma_update': 0.2887182570865433, 'eta_learning': 1.3759379765506128, 'sigma_boundary': 1.2917607442580021, 'alpha': 0.25423002942735196}. Best is trial 8 with value: 0.05377019672439228.
[I 2026-03-06 01:40:04,649] Trial 156 finished with value: 0.12603606680027613 and parameters: {'sigma_noise': 0.20431462699112335, 'A_repulsion': 0.06764261858545488, 'gamma': 0.3606917874079652, 'sigma_update': 0.2843888510320918, 'eta_learning': 1.1117969618391974, 'sigma_boundary': 4.579570021789057, 'alpha': 0.5367381463235225}. Best is trial 8 with value: 0.05377019672439228.
[I 2026-03-06 01:40:16,508] Trial 153 finished with value: 0.1786421617861722 and parameters: {'sigma_noise': 0.23709796706099323, 'A_repulsion': 0.13499034443077565, 'gamma': 0.026580483336326982, 'sigma_update': 0.10870745094813564, 'eta_learning': 1.6194629159432117, 'sigma_boundary': 5.362410412684907, 'alpha': 0.6562363306266524}. Best is trial 8 with value: 0.05377019672439228.
[I 2026-03-06 01:40:32,774] Trial 157 finished with value: 0.10170991569297297 and parameters: {'sigma_noise': 0.1790918045438702, 'A_repulsion': 0.033673276756252715, 'gamma': 0.07998362823022463, 'sigma_update': 0.11245345185621387, 'eta_learning': 1.652442081441699, 'sigma_boundary': 5.81183478863061, 'alpha': 0.6619385535423886}. Best is trial 8 with value: 0.05377019672439228.
[I 2026-03-06 01:40:43,442] Trial 155 finished with value: 0.8708617122643169 and parameters: {'sigma_noise': 0.20141548228834777, 'A_repulsion': 0.1748059646620908, 'gamma': 0.2793787545342, 'sigma_update': 0.017336587835461728, 'eta_learning': 1.5556349928723592, 'sigma_boundary': 8.015428253288691, 'alpha': 0.7455315037107028}. Best is trial 8 with value: 0.05377019672439228.
[I 2026-03-06 01:40:48,012] Trial 159 finished with value: 0.16484556232301723 and parameters: {'sigma_noise': 0.11956042001417216, 'A_repulsion': 0.10381566155481965, 'gamma': 0.1503959462498102, 'sigma_update': 0.06094081392612205, 'eta_learning': 0.9117768884498162, 'sigma_boundary': 5.671765198733165, 'alpha': 0.5638300358344666}. Best is trial 8 with value: 0.05377019672439228.
[I 2026-03-06 01:41:06,147] Trial 160 finished with value: 0.06489982813374964 and parameters: {'sigma_noise': 0.12045888504145758, 'A_repulsion': 0.13691812372765613, 'gamma': 0.5864894369012422, 'sigma_update': 0.22018800155458068, 'eta_learning': 1.3935719527429757, 'sigma_boundary': 3.855802942654902, 'alpha': 0.7349122456430863}. Best is trial 8 with value: 0.05377019672439228.
[I 2026-03-06 01:41:21,972] Trial 158 finished with value: 0.20856296803898114 and parameters: {'sigma_noise': 0.21177409338224235, 'A_repulsion': 0.11015674726092395, 'gamma': 0.40627749970546906, 'sigma_update': 0.3512319271262387, 'eta_learning': 0.8711254293410138, 'sigma_boundary': 9.244532059107112, 'alpha': 0.478382674651806}. Best is trial 8 with value: 0.05377019672439228.
[I 2026-03-06 01:41:36,259] Trial 162 finished with value: 0.0850046219363875 and parameters: {'sigma_noise': 0.09685301466794925, 'A_repulsion': 0.10840604402653048, 'gamma': 0.5525162995361653, 'sigma_update': 0.2144236382425088, 'eta_learning': 1.8304560158914231, 'sigma_boundary': 2.705689239105193, 'alpha': 0.453018730643125}. Best is trial 8 with value: 0.05377019672439228.
[I 2026-03-06 01:42:04,323] Trial 161 finished with value: 0.05953915997420795 and parameters: {'sigma_noise': 0.1815748171657829, 'A_repulsion': 0.2614851897147344, 'gamma': 0.7579522764956467, 'sigma_update': 0.30135786945050014, 'eta_learning': 2.5060404226686144, 'sigma_boundary': 2.3276722982004037, 'alpha': 0.680287103285597}. Best is trial 8 with value: 0.05377019672439228.
[I 2026-03-06 01:42:45,522] Trial 163 finished with value: 0.09950320981165478 and parameters: {'sigma_noise': 0.15812038159169253, 'A_repulsion': 0.14908752128758188, 'gamma': 0.24614481805878177, 'sigma_update': 0.3073516408596207, 'eta_learning': 2.267052855472082, 'sigma_boundary': 6.142502780857589, 'alpha': 0.7900134528406217}. Best is trial 8 with value: 0.05377019672439228.
[I 2026-03-06 01:43:01,321] Trial 166 finished with value: 0.1743349698325118 and parameters: {'sigma_noise': 0.14754025076681654, 'A_repulsion': 0.11671139140625131, 'gamma': 0.3725444549887686, 'sigma_update': 0.24397918406389071, 'eta_learning': 1.5477755342851358, 'sigma_boundary': 5.936098824224416, 'alpha': 0.39007467498971443}. Best is trial 8 with value: 0.05377019672439228.
[I 2026-03-06 01:43:10,371] Trial 164 finished with value: 0.048044107628077926 and parameters: {'sigma_noise': 0.19828175423071226, 'A_repulsion': 0.15458159669601138, 'gamma': 0.7878716655228665, 'sigma_update': 0.1497987942251426, 'eta_learning': 1.8294651334671999, 'sigma_boundary': 6.317948741332621, 'alpha': 0.8037767028725092}. Best is trial 164 with value: 0.048044107628077926.
[I 2026-03-06 01:43:28,259] Trial 168 finished with value: 0.09920940174826368 and parameters: {'sigma_noise': 0.1944631091554752, 'A_repulsion': 0.06962381784955722, 'gamma': 0.11568274279168074, 'sigma_update': 0.20655410533603114, 'eta_learning': 1.9028774888576203, 'sigma_boundary': 4.655485633682935, 'alpha': 0.750101160175317}. Best is trial 164 with value: 0.048044107628077926.
[I 2026-03-06 01:43:37,786] Trial 165 finished with value: 0.1224076770616889 and parameters: {'sigma_noise': 0.21192059251365974, 'A_repulsion': 0.17105735800385663, 'gamma': 0.4367635081883479, 'sigma_update': 0.3061109839722517, 'eta_learning': 1.9249398870359098, 'sigma_boundary': 7.541279233037194, 'alpha': 0.5390850316993077}. Best is trial 164 with value: 0.048044107628077926.
[I 2026-03-06 01:43:38,672] Trial 173 finished with value: 0.17237989024820197 and parameters: {'sigma_noise': 0.12769999377907593, 'A_repulsion': 0.11305746249000317, 'gamma': 0.21558401975977104, 'sigma_update': 0.4326133853905328, 'eta_learning': 2.4103668554104636, 'sigma_boundary': 5.535116751907035, 'alpha': 0.7531167008802722}. Best is trial 164 with value: 0.048044107628077926.
[I 2026-03-06 01:43:48,703] Trial 167 finished with value: 0.08750127825453427 and parameters: {'sigma_noise': 0.1429368658082575, 'A_repulsion': 0.2423171861880642, 'gamma': 0.5297779708243963, 'sigma_update': 0.24267541914218135, 'eta_learning': 1.916515038042564, 'sigma_boundary': 5.2333273530960005, 'alpha': 0.5527430201557615}. Best is trial 164 with value: 0.048044107628077926.
[I 2026-03-06 01:43:58,235] Trial 169 finished with value: 0.0762840703364332 and parameters: {'sigma_noise': 0.1374843307472513, 'A_repulsion': 0.2568464575711541, 'gamma': 0.5454398717405948, 'sigma_update': 0.23794705762258803, 'eta_learning': 2.321358526840253, 'sigma_boundary': 5.109853733319136, 'alpha': 0.6113278352671336}. Best is trial 164 with value: 0.048044107628077926.
[I 2026-03-06 01:44:10,358] Trial 170 finished with value: 0.17192231932032975 and parameters: {'sigma_noise': 0.16580602627394408, 'A_repulsion': 0.22920909476568727, 'gamma': 0.46704205379016633, 'sigma_update': 0.06041900805192728, 'eta_learning': 1.8248321562681884, 'sigma_boundary': 2.6985987561684994, 'alpha': 0.7408693296448945}. Best is trial 164 with value: 0.048044107628077926.
[I 2026-03-06 01:44:29,779] Trial 175 finished with value: 0.11891192872664652 and parameters: {'sigma_noise': 0.09310693284921329, 'A_repulsion': 0.21621876553510871, 'gamma': 0.5099497266762537, 'sigma_update': 0.07552403329516064, 'eta_learning': 1.79629369679741, 'sigma_boundary': 4.497843847572638, 'alpha': 0.8040120041847312}. Best is trial 164 with value: 0.048044107628077926.
[I 2026-03-06 01:44:41,159] Trial 174 finished with value: 0.08963933856897849 and parameters: {'sigma_noise': 0.18952116170066796, 'A_repulsion': 0.11983698322433911, 'gamma': 0.30203259560310963, 'sigma_update': 0.268460864799827, 'eta_learning': 2.249234469238389, 'sigma_boundary': 3.7684966536814613, 'alpha': 0.8521624945586739}. Best is trial 164 with value: 0.048044107628077926.
[I 2026-03-06 01:44:46,613] Trial 172 finished with value: 0.14756788057458264 and parameters: {'sigma_noise': 0.17334600786112297, 'A_repulsion': 0.2526293390867643, 'gamma': 0.8039558013707465, 'sigma_update': 0.18618799768912067, 'eta_learning': 2.4087259773615153, 'sigma_boundary': 2.5976105624004577, 'alpha': 0.40671779994031426}. Best is trial 164 with value: 0.048044107628077926.
[I 2026-03-06 01:44:57,410] Trial 171 finished with value: 0.05289332759650125 and parameters: {'sigma_noise': 0.2546446498615668, 'A_repulsion': 0.20487218908327934, 'gamma': 0.7729041720068757, 'sigma_update': 0.46992386914869516, 'eta_learning': 1.6877490967899507, 'sigma_boundary': 5.753613969784464, 'alpha': 0.9125877121503951}. Best is trial 164 with value: 0.048044107628077926.
[I 2026-03-06 01:45:13,238] Trial 180 finished with value: 0.07752065520121029 and parameters: {'sigma_noise': 0.09552029866688946, 'A_repulsion': 0.11752431652096984, 'gamma': 0.32430797328656913, 'sigma_update': 0.09400495062855141, 'eta_learning': 1.0940200779863312, 'sigma_boundary': 6.2050402124121335, 'alpha': 0.8542557927124609}. Best is trial 164 with value: 0.048044107628077926.
[I 2026-03-06 01:45:21,237] Trial 177 finished with value: 0.06886624254930013 and parameters: {'sigma_noise': 0.13910272833127607, 'A_repulsion': 0.2190225236651492, 'gamma': 0.6706909898400184, 'sigma_update': 0.2880300555548986, 'eta_learning': 1.346930479253758, 'sigma_boundary': 5.168613313800342, 'alpha': 0.9913854786738023}. Best is trial 164 with value: 0.048044107628077926.
[I 2026-03-06 01:45:29,602] Trial 179 finished with value: 0.0904180187602068 and parameters: {'sigma_noise': 0.21664544242983874, 'A_repulsion': 0.014686680210103581, 'gamma': 0.13175770954574514, 'sigma_update': 0.1711302248940388, 'eta_learning': 1.9234004804818847, 'sigma_boundary': 6.858975532289107, 'alpha': 0.499261545534329}. Best is trial 164 with value: 0.048044107628077926.
[I 2026-03-06 01:45:31,076] Trial 178 finished with value: 0.08539804511692425 and parameters: {'sigma_noise': 0.21720521520365826, 'A_repulsion': 0.11815285014580382, 'gamma': 0.40110652881538844, 'sigma_update': 0.2454792717672274, 'eta_learning': 1.8889157840972584, 'sigma_boundary': 3.3597840746741703, 'alpha': 0.752080895061185}. Best is trial 164 with value: 0.048044107628077926.
[I 2026-03-06 01:45:49,529] Trial 176 finished with value: 0.1043620252212284 and parameters: {'sigma_noise': 0.20231512493287296, 'A_repulsion': 0.21748203358903095, 'gamma': 0.19811183663270862, 'sigma_update': 0.3116767346554468, 'eta_learning': 1.2364291121641655, 'sigma_boundary': 5.319623831977296, 'alpha': 0.9919647221301342}. Best is trial 164 with value: 0.048044107628077926.
[I 2026-03-06 01:46:24,063] Trial 182 finished with value: 0.07879045547157632 and parameters: {'sigma_noise': 0.1715923814687295, 'A_repulsion': 0.12156884204130633, 'gamma': 0.31356107774418585, 'sigma_update': 0.2536909309890618, 'eta_learning': 1.9746387486762593, 'sigma_boundary': 3.5774708121312044, 'alpha': 0.6892865098792008}. Best is trial 164 with value: 0.048044107628077926.
[I 2026-03-06 01:46:48,135] Trial 181 finished with value: 0.08962762804290801 and parameters: {'sigma_noise': 0.24879588155622778, 'A_repulsion': 0.1925081538728254, 'gamma': 0.6202609830777621, 'sigma_update': 0.3203613232851682, 'eta_learning': 2.0447126397239366, 'sigma_boundary': 6.35757261589246, 'alpha': 0.7085205837419815}. Best is trial 164 with value: 0.048044107628077926.
[I 2026-03-06 01:47:20,881] Trial 183 finished with value: 0.11171563761217439 and parameters: {'sigma_noise': 0.15647139938333313, 'A_repulsion': 0.24368077781444647, 'gamma': 0.08586651861154053, 'sigma_update': 0.22355970862825683, 'eta_learning': 2.094687066034692, 'sigma_boundary': 4.133367207558959, 'alpha': 0.854764732115082}. Best is trial 164 with value: 0.048044107628077926.
[I 2026-03-06 01:47:27,278] Trial 186 finished with value: 0.10224619804384733 and parameters: {'sigma_noise': 0.10974404147083239, 'A_repulsion': 0.2419145994198299, 'gamma': 0.39320100599849317, 'sigma_update': 0.22776523868068999, 'eta_learning': 1.4473635840315304, 'sigma_boundary': 4.34034929619594, 'alpha': 0.5323361160591212}. Best is trial 164 with value: 0.048044107628077926.
[I 2026-03-06 01:47:43,123] Trial 187 finished with value: 0.08587433330651564 and parameters: {'sigma_noise': 0.19720897112152835, 'A_repulsion': 0.08997120823163413, 'gamma': 0.39400406063547444, 'sigma_update': 0.09849418993998393, 'eta_learning': 1.0742928876199496, 'sigma_boundary': 6.264801592844888, 'alpha': 0.6284830419031561}. Best is trial 164 with value: 0.048044107628077926.
[I 2026-03-06 01:47:52,255] Trial 190 finished with value: 0.06753330099925771 and parameters: {'sigma_noise': 0.16928355732085124, 'A_repulsion': 0.13204353397016544, 'gamma': 0.37115161595353374, 'sigma_update': 0.1543665258532914, 'eta_learning': 2.268149350383225, 'sigma_boundary': 4.394335728859425, 'alpha': 0.6554560713140423}. Best is trial 164 with value: 0.048044107628077926.
[I 2026-03-06 01:47:56,065] Trial 188 finished with value: 0.08105164834869423 and parameters: {'sigma_noise': 0.11372890740871817, 'A_repulsion': 0.3315257183390056, 'gamma': 0.7761146995657074, 'sigma_update': 0.16048395432938115, 'eta_learning': 1.7019809165637545, 'sigma_boundary': 2.1028804866972877, 'alpha': 0.6321227593146}. Best is trial 164 with value: 0.048044107628077926.
[I 2026-03-06 01:48:00,748] Trial 189 finished with value: 0.09232259179962451 and parameters: {'sigma_noise': 0.1554951823271154, 'A_repulsion': 0.18944635571707588, 'gamma': 0.5853323933190989, 'sigma_update': 0.3823381792137719, 'eta_learning': 2.1139104961797455, 'sigma_boundary': 7.206853098916243, 'alpha': 0.7085631499253683}. Best is trial 164 with value: 0.048044107628077926.
[I 2026-03-06 01:48:07,615] Trial 185 finished with value: 0.09700419823136036 and parameters: {'sigma_noise': 0.2010646863880482, 'A_repulsion': 0.27307102765995, 'gamma': 0.5314590220000879, 'sigma_update': 0.13860271938797938, 'eta_learning': 1.2580435926191311, 'sigma_boundary': 6.1197545416721875, 'alpha': 0.6329280595584688}. Best is trial 164 with value: 0.048044107628077926.
[I 2026-03-06 01:48:09,030] Trial 191 finished with value: 0.0942259586120851 and parameters: {'sigma_noise': 0.17573645294047824, 'A_repulsion': 0.13380175618073548, 'gamma': 0.6429818609123015, 'sigma_update': 0.06638836038180287, 'eta_learning': 2.782853329523011, 'sigma_boundary': 5.181997600305251, 'alpha': 0.6117442104215532}. Best is trial 164 with value: 0.048044107628077926.
[I 2026-03-06 01:48:13,802] Trial 184 finished with value: 0.13591221275061863 and parameters: {'sigma_noise': 0.22059111312570018, 'A_repulsion': 0.2730735208409842, 'gamma': 0.3856741683015434, 'sigma_update': 0.0760748658277848, 'eta_learning': 1.25592902983644, 'sigma_boundary': 6.584183677118037, 'alpha': 0.5982137964826675}. Best is trial 164 with value: 0.048044107628077926.
[I 2026-03-06 01:48:24,770] Trial 193 finished with value: 0.061544839303311435 and parameters: {'sigma_noise': 0.1745758498557312, 'A_repulsion': 0.15488930945363633, 'gamma': 0.6439368802260291, 'sigma_update': 0.1983537861960863, 'eta_learning': 2.1781814857327864, 'sigma_boundary': 6.624423371138157, 'alpha': 0.7876754239277862}. Best is trial 164 with value: 0.048044107628077926.
[I 2026-03-06 01:48:26,425] Trial 196 finished with value: 0.07272065735364382 and parameters: {'sigma_noise': 0.15045954992799296, 'A_repulsion': 0.12743796735874655, 'gamma': 0.6999397506224765, 'sigma_update': 0.19381206163817027, 'eta_learning': 1.523278607222227, 'sigma_boundary': 6.748170819402192, 'alpha': 0.8154496069997763}. Best is trial 164 with value: 0.048044107628077926.
[I 2026-03-06 01:48:31,183] Trial 194 finished with value: 0.060167246670408056 and parameters: {'sigma_noise': 0.1916930133989992, 'A_repulsion': 0.169397073067713, 'gamma': 0.8940101059660569, 'sigma_update': 0.0822845623377034, 'eta_learning': 1.5267367519943995, 'sigma_boundary': 5.275333088658135, 'alpha': 0.8886874898998098}. Best is trial 164 with value: 0.048044107628077926.
[I 2026-03-06 01:48:35,965] Trial 198 finished with value: 0.10505063640150644 and parameters: {'sigma_noise': 0.11114948776667927, 'A_repulsion': 0.2515927098000905, 'gamma': 0.6923233435684875, 'sigma_update': 0.18141166103757622, 'eta_learning': 2.9209046428229617, 'sigma_boundary': 4.635050158819425, 'alpha': 0.7795462095235433}. Best is trial 164 with value: 0.048044107628077926.
