[I 2026-03-24 18:01:13,220] Trial 97 finished with value: 0.03130545556740612 and parameters: {'sigma_noise': 0.20910481595337088, 'A_repulsion': 0.27057281879529116, 'gamma': 0.7008304461501506, 'sigma_update': 0.08145865308745537, 'eta_learning': 0.06161501808647189, 'sigma_boundary': 1.9635219599629925, 'alpha': 0.49881396272365824}. Best is trial 92 with value: 0.006109494076947861.
[I 2026-03-24 18:01:17,112] Trial 115 finished with value: 0.009573462533704752 and parameters: {'sigma_noise': 0.08029881836663928, 'A_repulsion': 0.15642386461603958, 'gamma': 0.7202330043078263, 'sigma_update': 0.5324176365812205, 'eta_learning': 0.06970762793222629, 'sigma_boundary': 6.139922820052638, 'alpha': 0.43111343874324076}. Best is trial 92 with value: 0.006109494076947861.
[I 2026-03-24 18:01:20,190] Trial 113 finished with value: 0.01862834965426656 and parameters: {'sigma_noise': 0.19584073132355553, 'A_repulsion': 0.16670737628172674, 'gamma': 0.6956958291557035, 'sigma_update': 0.31961241858353917, 'eta_learning': 0.0907705580157468, 'sigma_boundary': 4.649916483581835, 'alpha': 0.5316490665751548}. Best is trial 92 with value: 0.006109494076947861.
[I 2026-03-24 18:01:21,903] Trial 116 finished with value: 0.009167788994489608 and parameters: {'sigma_noise': 0.05309137781262332, 'A_repulsion': 0.11404713791173343, 'gamma': 0.7732909781187915, 'sigma_update': 0.5237574945304273, 'eta_learning': 0.09600576774294932, 'sigma_boundary': 3.1315194127046264, 'alpha': 0.8273811706143561}. Best is trial 92 with value: 0.006109494076947861.
[I 2026-03-24 18:01:24,794] Trial 112 finished with value: 0.018753992861514218 and parameters: {'sigma_noise': 0.1574532088014422, 'A_repulsion': 0.3100343917970892, 'gamma': 0.7569744304537792, 'sigma_update': 0.4036919873242951, 'eta_learning': 0.0789546992292842, 'sigma_boundary': 3.3802387497353257, 'alpha': 0.5783501040944355}. Best is trial 92 with value: 0.006109494076947861.
[I 2026-03-24 18:01:27,983] Trial 117 finished with value: 0.012902848057708704 and parameters: {'sigma_noise': 0.08019961270724306, 'A_repulsion': 0.11436504406093013, 'gamma': 0.8797559628713093, 'sigma_update': 0.5012909970732611, 'eta_learning': 0.13766906936916382, 'sigma_boundary': 4.225563256643628, 'alpha': 0.7906335849757973}. Best is trial 92 with value: 0.006109494076947861.
[I 2026-03-24 18:01:33,599] Trial 119 finished with value: 0.01938847619378004 and parameters: {'sigma_noise': 0.07242172379330505, 'A_repulsion': 0.09089997605163072, 'gamma': 0.9805213522576829, 'sigma_update': 0.2674988666432043, 'eta_learning': 0.08108838706326696, 'sigma_boundary': 2.794395984718267, 'alpha': 0.5652526008437744}. Best is trial 92 with value: 0.006109494076947861.
[I 2026-03-24 18:01:35,058] Trial 118 finished with value: 0.006647458371629635 and parameters: {'sigma_noise': 0.03306595072926006, 'A_repulsion': 0.20275543951642713, 'gamma': 0.5420975801852175, 'sigma_update': 0.5264163832771476, 'eta_learning': 0.08788485874361306, 'sigma_boundary': 2.2061306842974107, 'alpha': 0.22007868023273136}. Best is trial 92 with value: 0.006109494076947861.
[I 2026-03-24 18:01:48,462] Trial 120 finished with value: 0.009449469546497603 and parameters: {'sigma_noise': 0.026820956984705567, 'A_repulsion': 0.09693537445246539, 'gamma': 0.3303424477474019, 'sigma_update': 0.32349831721321826, 'eta_learning': 0.09913193617915625, 'sigma_boundary': 1.57952762681519, 'alpha': 0.6925861581026599}. Best is trial 92 with value: 0.006109494076947861.
[I 2026-03-24 18:01:52,569] Trial 122 finished with value: 0.016116808575497178 and parameters: {'sigma_noise': 0.029299454651975747, 'A_repulsion': 0.04135327945573268, 'gamma': 0.7735611783205217, 'sigma_update': 0.38110845624952167, 'eta_learning': 0.09493876515206161, 'sigma_boundary': 0.39402901478584046, 'alpha': 0.6122716749039838}. Best is trial 92 with value: 0.006109494076947861.
[I 2026-03-24 18:01:57,663] Trial 123 finished with value: 0.007439111694322183 and parameters: {'sigma_noise': 0.03307258449902235, 'A_repulsion': 0.13261481764005206, 'gamma': 0.6822314957097713, 'sigma_update': 0.2827327898777837, 'eta_learning': 0.06323395662331502, 'sigma_boundary': 1.1286589654598862, 'alpha': 0.6926228567639767}. Best is trial 92 with value: 0.006109494076947861.
[I 2026-03-24 18:01:59,678] Trial 126 finished with value: 0.009723849189840313 and parameters: {'sigma_noise': 0.1250786824686879, 'A_repulsion': 0.054958367803811074, 'gamma': 0.7233036587189812, 'sigma_update': 0.43087529762111787, 'eta_learning': 0.08949645535719704, 'sigma_boundary': 1.9198933327432108, 'alpha': 0.6176498073704512}. Best is trial 92 with value: 0.006109494076947861.
[I 2026-03-24 18:02:02,263] Trial 127 finished with value: 0.018077560471619156 and parameters: {'sigma_noise': 0.12007228484227848, 'A_repulsion': 0.04014645754089065, 'gamma': 0.3554563186855761, 'sigma_update': 0.4248962908830686, 'eta_learning': 0.07235367625854827, 'sigma_boundary': 0.8829655288592331, 'alpha': 0.6029947993943887}. Best is trial 92 with value: 0.006109494076947861.
[I 2026-03-24 18:02:03,051] Trial 128 finished with value: 0.008057449020882663 and parameters: {'sigma_noise': 0.10974452171770628, 'A_repulsion': 0.08190847603744998, 'gamma': 0.741871001793553, 'sigma_update': 0.43049888993317464, 'eta_learning': 0.0981908882637555, 'sigma_boundary': 1.7114575711984934, 'alpha': 0.6479767389459753}. Best is trial 92 with value: 0.006109494076947861.
[I 2026-03-24 18:02:04,318] Trial 129 finished with value: 0.0259598787131993 and parameters: {'sigma_noise': 0.0166024568503364, 'A_repulsion': 0.05126187752227969, 'gamma': 0.9345009127859284, 'sigma_update': 0.4801170436279452, 'eta_learning': 0.11912718393286491, 'sigma_boundary': 2.6565068028846506, 'alpha': 0.8033248576704114}. Best is trial 92 with value: 0.006109494076947861.
[I 2026-03-24 18:02:06,427] Trial 131 finished with value: 0.015273747580237335 and parameters: {'sigma_noise': 0.10793266035868843, 'A_repulsion': 0.13258085370116904, 'gamma': 0.3862284923362249, 'sigma_update': 0.40333980159579075, 'eta_learning': 0.07723965567676241, 'sigma_boundary': 0.3604057223571579, 'alpha': 0.5261302651391628}. Best is trial 92 with value: 0.006109494076947861.
[I 2026-03-24 18:02:07,257] Trial 134 finished with value: 0.009074451395178297 and parameters: {'sigma_noise': 0.10773676553837432, 'A_repulsion': 0.06905468210924384, 'gamma': 0.36277371651560564, 'sigma_update': 0.2515808244834158, 'eta_learning': 0.0802195876455462, 'sigma_boundary': 3.3886755064821696, 'alpha': 0.6084120163780606}. Best is trial 92 with value: 0.006109494076947861.
[I 2026-03-24 18:02:07,349] Trial 132 finished with value: 0.04860638942067748 and parameters: {'sigma_noise': 0.1906286111807596, 'A_repulsion': 0.017426280620643712, 'gamma': 0.5341878255600276, 'sigma_update': 0.6129994419267519, 'eta_learning': 0.15841905567972223, 'sigma_boundary': 3.8030511686997777, 'alpha': 0.5451227429926992}. Best is trial 92 with value: 0.006109494076947861.
[I 2026-03-24 18:02:08,905] Trial 124 finished with value: 0.018935815703026628 and parameters: {'sigma_noise': 0.11212307225201727, 'A_repulsion': 0.1475486361291302, 'gamma': 0.9937441171301812, 'sigma_update': 0.336866942804161, 'eta_learning': 0.12125615783402768, 'sigma_boundary': 1.8888137475112214, 'alpha': 0.82207863571052}. Best is trial 92 with value: 0.006109494076947861.
[I 2026-03-24 18:02:09,542] Trial 125 finished with value: 0.018169239856340072 and parameters: {'sigma_noise': 0.11177713611937197, 'A_repulsion': 0.21042841152122016, 'gamma': 0.9902617926415492, 'sigma_update': 0.2164667789428852, 'eta_learning': 0.03056553100570008, 'sigma_boundary': 0.07638118696230704, 'alpha': 0.7231834819052405}. Best is trial 92 with value: 0.006109494076947861.
[I 2026-03-24 18:02:11,887] Trial 130 finished with value: 0.01209926430048363 and parameters: {'sigma_noise': 0.15786390350246307, 'A_repulsion': 0.08774578414900688, 'gamma': 0.7500783442741109, 'sigma_update': 0.422328743930145, 'eta_learning': 0.09757215091219007, 'sigma_boundary': 2.950084220376129, 'alpha': 0.5993253979203558}. Best is trial 92 with value: 0.006109494076947861.
[I 2026-03-24 18:02:12,384] Trial 135 finished with value: 0.008647672505194557 and parameters: {'sigma_noise': 0.07311375730562869, 'A_repulsion': 0.11706993282312199, 'gamma': 0.5416167249238784, 'sigma_update': 0.2889791625873184, 'eta_learning': 0.12198843314318938, 'sigma_boundary': 5.151576250294558, 'alpha': 0.4043807326386968}. Best is trial 92 with value: 0.006109494076947861.
[I 2026-03-24 18:02:12,477] Trial 121 finished with value: 0.02040116010651464 and parameters: {'sigma_noise': 0.18810128350484856, 'A_repulsion': 0.3016852333731134, 'gamma': 0.944163635051114, 'sigma_update': 0.31154515882433453, 'eta_learning': 0.10015914056584224, 'sigma_boundary': 2.2974034633963263, 'alpha': 0.6052114087039273}. Best is trial 92 with value: 0.006109494076947861.
[I 2026-03-24 18:02:13,683] Trial 133 finished with value: 0.013285488322822626 and parameters: {'sigma_noise': 0.15451328784046875, 'A_repulsion': 0.03338001737559107, 'gamma': 0.6541433591972681, 'sigma_update': 0.6740752853264743, 'eta_learning': 0.06387248796579993, 'sigma_boundary': 1.5582544858454868, 'alpha': 0.5919047305347929}. Best is trial 92 with value: 0.006109494076947861.
[I 2026-03-24 18:02:15,684] Trial 136 finished with value: 0.01596539634353449 and parameters: {'sigma_noise': 0.08218265924343372, 'A_repulsion': 0.359634168426766, 'gamma': 0.37378991417158597, 'sigma_update': 0.21849148897428614, 'eta_learning': 0.11692756390453052, 'sigma_boundary': 2.3996635724746067, 'alpha': 0.420828731097328}. Best is trial 92 with value: 0.006109494076947861.
[I 2026-03-24 18:02:16,929] Trial 137 finished with value: 0.026373296780092093 and parameters: {'sigma_noise': 0.05152045008234322, 'A_repulsion': 0.11088724746330317, 'gamma': 0.9870540509071554, 'sigma_update': 0.25426218822335095, 'eta_learning': 0.13767776688640926, 'sigma_boundary': 3.7773575697265462, 'alpha': 0.7078886099478353}. Best is trial 92 with value: 0.006109494076947861.
[I 2026-03-24 18:02:25,067] Trial 140 finished with value: 0.009488256945778855 and parameters: {'sigma_noise': 0.08645289573516582, 'A_repulsion': 0.08060946444658171, 'gamma': 0.6680246016270296, 'sigma_update': 0.1691595145516262, 'eta_learning': 0.12580814540818647, 'sigma_boundary': 1.1709378138826356, 'alpha': 0.9314987931244527}. Best is trial 92 with value: 0.006109494076947861.
[I 2026-03-24 18:02:29,035] Trial 139 finished with value: 0.009206238000758711 and parameters: {'sigma_noise': 0.09719078971766922, 'A_repulsion': 0.22312042256177927, 'gamma': 0.7826005854070007, 'sigma_update': 0.3673745596799781, 'eta_learning': 0.12081798072987743, 'sigma_boundary': 2.084615258804229, 'alpha': 0.4583547977677179}. Best is trial 92 with value: 0.006109494076947861.
[I 2026-03-24 18:02:32,447] Trial 138 finished with value: 0.021610668016697004 and parameters: {'sigma_noise': 0.20193310215419477, 'A_repulsion': 0.2305258028653821, 'gamma': 0.2928970234734224, 'sigma_update': 0.22927935047670597, 'eta_learning': 0.07651959259990976, 'sigma_boundary': 5.051388246450667, 'alpha': 0.4132205013643796}. Best is trial 92 with value: 0.006109494076947861.
[I 2026-03-24 18:02:35,446] Trial 141 finished with value: 0.00984024938602873 and parameters: {'sigma_noise': 0.13594489799067108, 'A_repulsion': 0.15495578119460057, 'gamma': 0.6776895972969214, 'sigma_update': 0.43068982923890364, 'eta_learning': 0.17932383771393648, 'sigma_boundary': 2.2104493192490837, 'alpha': 0.7886617797670424}. Best is trial 92 with value: 0.006109494076947861.
[I 2026-03-24 18:02:35,453] Trial 143 finished with value: 0.006961377338235912 and parameters: {'sigma_noise': 0.08366414624176682, 'A_repulsion': 0.06798847537224291, 'gamma': 0.7930436846237376, 'sigma_update': 0.30500017155018505, 'eta_learning': 0.09207232706258402, 'sigma_boundary': 3.6526127690612307, 'alpha': 0.6422532905484776}. Best is trial 92 with value: 0.006109494076947861.
[I 2026-03-24 18:02:38,219] Trial 142 finished with value: 0.014649882110127535 and parameters: {'sigma_noise': 0.08994466384430504, 'A_repulsion': 0.16661600185536363, 'gamma': 0.43902770387941975, 'sigma_update': 0.4443688336242248, 'eta_learning': 0.11051247228790739, 'sigma_boundary': 3.1590033857253697, 'alpha': 0.3974328895910282}. Best is trial 92 with value: 0.006109494076947861.
[I 2026-03-24 18:02:44,082] Trial 144 finished with value: 0.025572676830603186 and parameters: {'sigma_noise': 0.15762337280512598, 'A_repulsion': 0.013982354769246821, 'gamma': 0.47110682591166236, 'sigma_update': 0.43061497145993727, 'eta_learning': 0.12274461004033409, 'sigma_boundary': 2.2571073484052615, 'alpha': 0.7205634577158841}. Best is trial 92 with value: 0.006109494076947861.
[I 2026-03-24 18:02:56,398] Trial 146 finished with value: 0.008764874586699724 and parameters: {'sigma_noise': 0.04171758775480437, 'A_repulsion': 0.0864960168427345, 'gamma': 0.7757836083829457, 'sigma_update': 0.2828933503672861, 'eta_learning': 0.0914353750792195, 'sigma_boundary': 1.6174841317171433, 'alpha': 0.5235937724991251}. Best is trial 92 with value: 0.006109494076947861.
[I 2026-03-24 18:02:57,886] Trial 145 finished with value: 0.010038008574235355 and parameters: {'sigma_noise': 0.06411104492459656, 'A_repulsion': 0.2038472456438843, 'gamma': 0.4189133720084572, 'sigma_update': 0.29324012067192423, 'eta_learning': 0.10048744851634336, 'sigma_boundary': 1.0285186958599273, 'alpha': 0.5018768346805698}. Best is trial 92 with value: 0.006109494076947861.
[I 2026-03-24 18:03:01,791] Trial 148 finished with value: 0.011314834380957857 and parameters: {'sigma_noise': 0.023528100763959385, 'A_repulsion': 0.1646940045997392, 'gamma': 0.6038193490886962, 'sigma_update': 0.45295003347719004, 'eta_learning': 0.09355800939231826, 'sigma_boundary': 3.3464415249013166, 'alpha': 0.41789919519403096}. Best is trial 92 with value: 0.006109494076947861.
[I 2026-03-24 18:03:05,498] Trial 147 finished with value: 0.010666787510769441 and parameters: {'sigma_noise': 0.09618785807698059, 'A_repulsion': 0.09613871113539853, 'gamma': 0.5253888962960424, 'sigma_update': 0.23048584052966642, 'eta_learning': 0.07316600826539649, 'sigma_boundary': 3.490782912173474, 'alpha': 0.3559083641048896}. Best is trial 92 with value: 0.006109494076947861.
[I 2026-03-24 18:03:06,125] Trial 149 finished with value: 0.010093297350146285 and parameters: {'sigma_noise': 0.12078808933907555, 'A_repulsion': 0.1285151554997332, 'gamma': 0.645543057472106, 'sigma_update': 0.15749366781281138, 'eta_learning': 0.10301287292044115, 'sigma_boundary': 1.290940443613381, 'alpha': 0.598506673540895}. Best is trial 92 with value: 0.006109494076947861.
[I 2026-03-24 18:03:06,892] Trial 152 finished with value: 0.03416684811842751 and parameters: {'sigma_noise': 0.12488794630330177, 'A_repulsion': 0.15624834076411004, 'gamma': 0.4020387392811022, 'sigma_update': 0.49205443982495223, 'eta_learning': 0.10663348075678752, 'sigma_boundary': 1.837996245422258, 'alpha': 0.29057031448378684}. Best is trial 92 with value: 0.006109494076947861.
[I 2026-03-24 18:03:06,922] Trial 153 finished with value: 0.010586288036831412 and parameters: {'sigma_noise': 0.10600658121680619, 'A_repulsion': 0.059978053360815006, 'gamma': 0.4028130999674242, 'sigma_update': 0.29582630341947175, 'eta_learning': 0.082363638466704, 'sigma_boundary': 1.6448964622184294, 'alpha': 0.9252948808098569}. Best is trial 92 with value: 0.006109494076947861.
[I 2026-03-24 18:03:07,204] Trial 150 finished with value: 0.007336646558071695 and parameters: {'sigma_noise': 0.08748173150653461, 'A_repulsion': 0.1066484526242546, 'gamma': 0.6789277664940511, 'sigma_update': 0.6139137636364645, 'eta_learning': 0.11001081725416906, 'sigma_boundary': 1.96626659018186, 'alpha': 0.6173697099502692}. Best is trial 92 with value: 0.006109494076947861.
[I 2026-03-24 18:03:07,294] Trial 157 finished with value: 0.020403726140544434 and parameters: {'sigma_noise': 0.028229006886638333, 'A_repulsion': 0.009163933825828141, 'gamma': 0.9140337226224661, 'sigma_update': 0.26676198614041946, 'eta_learning': 0.11260196276373205, 'sigma_boundary': 0.7886325658086107, 'alpha': 0.5697556686669965}. Best is trial 92 with value: 0.006109494076947861.
[I 2026-03-24 18:03:08,362] Trial 151 finished with value: 0.008789966461747572 and parameters: {'sigma_noise': 0.035381216386613394, 'A_repulsion': 0.15700001943049677, 'gamma': 0.35946112194571084, 'sigma_update': 0.2386757277595713, 'eta_learning': 0.051887142632813466, 'sigma_boundary': 4.567441609129107, 'alpha': 0.773742935611693}. Best is trial 92 with value: 0.006109494076947861.
[I 2026-03-24 18:03:09,633] Trial 154 finished with value: 0.014512410449192714 and parameters: {'sigma_noise': 0.023846533457406862, 'A_repulsion': 0.28931626342170935, 'gamma': 0.5977292911384312, 'sigma_update': 0.37659580928467606, 'eta_learning': 0.07559569822882983, 'sigma_boundary': 0.20213560420874477, 'alpha': 0.9850725285386435}. Best is trial 92 with value: 0.006109494076947861.
[I 2026-03-24 18:03:11,454] Trial 155 finished with value: 0.017764027735234125 and parameters: {'sigma_noise': 0.03239294811900925, 'A_repulsion': 0.0947009690056506, 'gamma': 0.9043029785844334, 'sigma_update': 0.4665882025543492, 'eta_learning': 0.09104028332709951, 'sigma_boundary': 0.9702753329740119, 'alpha': 0.7525637405699168}. Best is trial 92 with value: 0.006109494076947861.
[I 2026-03-24 18:03:13,800] Trial 156 finished with value: 0.0059888115223346305 and parameters: {'sigma_noise': 0.02941599938532137, 'A_repulsion': 0.11076733362581911, 'gamma': 0.5659956063333533, 'sigma_update': 0.3351178959250075, 'eta_learning': 0.05477784439627291, 'sigma_boundary': 2.8925187534889227, 'alpha': 0.6667747466103726}. Best is trial 156 with value: 0.0059888115223346305.
[I 2026-03-24 18:03:14,105] Trial 161 finished with value: 0.008230165746512084 and parameters: {'sigma_noise': 0.046232363105783644, 'A_repulsion': 0.029501890680394327, 'gamma': 0.7104705231242453, 'sigma_update': 0.3059970051504777, 'eta_learning': 0.036301635400250984, 'sigma_boundary': 3.783460526096391, 'alpha': 0.36073034859853154}. Best is trial 156 with value: 0.0059888115223346305.
[I 2026-03-24 18:03:17,501] Trial 159 finished with value: 0.009290565370628867 and parameters: {'sigma_noise': 0.1294841863641074, 'A_repulsion': 0.08612343758112811, 'gamma': 0.50731503234572, 'sigma_update': 0.26133786803948145, 'eta_learning': 0.03244578600756803, 'sigma_boundary': 1.2614801510729752, 'alpha': 0.5200563783153784}. Best is trial 156 with value: 0.0059888115223346305.
[I 2026-03-24 18:03:18,475] Trial 160 finished with value: 0.0110890646404712 and parameters: {'sigma_noise': 0.15502983803145828, 'A_repulsion': 0.11071826675057829, 'gamma': 0.45719587322297633, 'sigma_update': 0.23796892726442212, 'eta_learning': 0.07389094515540588, 'sigma_boundary': 2.120272356716768, 'alpha': 0.6528374355708916}. Best is trial 156 with value: 0.0059888115223346305.
[I 2026-03-24 18:03:20,969] Trial 158 finished with value: 0.012371438414374058 and parameters: {'sigma_noise': 0.09850828799789221, 'A_repulsion': 0.2520397919109733, 'gamma': 0.6791572500773507, 'sigma_update': 0.39789543469419014, 'eta_learning': 0.04407246437246744, 'sigma_boundary': 2.41134944708042, 'alpha': 0.8101610371523353}. Best is trial 156 with value: 0.0059888115223346305.
[I 2026-03-24 18:03:28,969] Trial 162 finished with value: 0.03081991131870005 and parameters: {'sigma_noise': 0.20857983925925852, 'A_repulsion': 0.14323943249219587, 'gamma': 0.36151985596565256, 'sigma_update': 0.285317123915177, 'eta_learning': 0.07805212608319688, 'sigma_boundary': 6.415514710010536, 'alpha': 0.4771807972096576}. Best is trial 156 with value: 0.0059888115223346305.
[I 2026-03-24 18:03:31,795] Trial 163 finished with value: 0.005501416801164729 and parameters: {'sigma_noise': 0.07675773290307389, 'A_repulsion': 0.24077667222340426, 'gamma': 0.4344419440763123, 'sigma_update': 0.3375557998621083, 'eta_learning': 0.01312436678584297, 'sigma_boundary': 1.9930809088040107, 'alpha': 0.16143974767285107}. Best is trial 163 with value: 0.005501416801164729.
[I 2026-03-24 18:03:32,800] Trial 167 finished with value: 0.007495916909424501 and parameters: {'sigma_noise': 0.02560032538611897, 'A_repulsion': 0.12026464091183292, 'gamma': 0.5714428629092314, 'sigma_update': 0.1662216572104839, 'eta_learning': 0.05855748954092491, 'sigma_boundary': 1.4646198199004776, 'alpha': 0.7455043867931248}. Best is trial 163 with value: 0.005501416801164729.
[I 2026-03-24 18:03:35,152] Trial 166 finished with value: 0.007196446392072757 and parameters: {'sigma_noise': 0.10215004209612534, 'A_repulsion': 0.07338500963556843, 'gamma': 0.5674251958328811, 'sigma_update': 0.4054318440947682, 'eta_learning': 0.10791085489524645, 'sigma_boundary': 3.7245784774981607, 'alpha': 0.6799355960066564}. Best is trial 163 with value: 0.005501416801164729.
[I 2026-03-24 18:03:38,140] Trial 164 finished with value: 0.009256979427331575 and parameters: {'sigma_noise': 0.10999432137930416, 'A_repulsion': 0.17931161638466123, 'gamma': 0.6445689328144896, 'sigma_update': 0.5463940226666866, 'eta_learning': 0.07990053685107408, 'sigma_boundary': 5.245990402051006, 'alpha': 0.5762141661043823}. Best is trial 163 with value: 0.005501416801164729.
[I 2026-03-24 18:03:39,650] Trial 165 finished with value: 0.008454304032772805 and parameters: {'sigma_noise': 0.07058767373669134, 'A_repulsion': 0.22216102526067533, 'gamma': 0.7286516172563677, 'sigma_update': 0.25134023640235215, 'eta_learning': 0.10722840357320151, 'sigma_boundary': 5.894892582539821, 'alpha': 0.5845029829794373}. Best is trial 163 with value: 0.005501416801164729.
