[I 2026-03-24 17:55:37,447] A new study created in memory with name: no-name-e6557abc-6b50-4b3b-927e-860016ca8e26
[I 2026-03-24 17:56:31,403] Trial 8 finished with value: 0.03674233187004651 and parameters: {'sigma_noise': 0.08121803086325213, 'A_repulsion': 0.009156496135926506, 'gamma': 0.1744660564878675, 'sigma_update': 0.5435715477717209, 'eta_learning': 0.04776330871744169, 'sigma_boundary': 3.7291711948754114, 'alpha': 0.9909282580666059}. Best is trial 8 with value: 0.03674233187004651.
[I 2026-03-24 17:56:31,734] Trial 17 finished with value: 0.017961023351785014 and parameters: {'sigma_noise': 0.04878871849260323, 'A_repulsion': 0.0005067465545237626, 'gamma': 0.46065031026082626, 'sigma_update': 0.13725624306561734, 'eta_learning': 0.1828778403915075, 'sigma_boundary': 7.862582147257344, 'alpha': 0.8767617210327144}. Best is trial 17 with value: 0.017961023351785014.
[I 2026-03-24 17:56:33,025] Trial 16 finished with value: 0.010020114027883399 and parameters: {'sigma_noise': 0.11791306898930823, 'A_repulsion': 0.013008214033207732, 'gamma': 0.41980837222054546, 'sigma_update': 0.25550090856058427, 'eta_learning': 0.19060246156282554, 'sigma_boundary': 2.4472408746796526, 'alpha': 0.9585031930076561}. Best is trial 16 with value: 0.010020114027883399.
[I 2026-03-24 17:56:34,764] Trial 11 finished with value: 0.015276087303314543 and parameters: {'sigma_noise': 0.070395270488429, 'A_repulsion': 0.02894895483247628, 'gamma': 0.8739587131302767, 'sigma_update': 0.23196950318321946, 'eta_learning': 0.06901597397231118, 'sigma_boundary': 1.4930215070196577, 'alpha': 0.10346318501061269}. Best is trial 16 with value: 0.010020114027883399.
[I 2026-03-24 17:56:35,665] Trial 23 finished with value: 0.008177686185349736 and parameters: {'sigma_noise': 0.01940765310299815, 'A_repulsion': 0.2238024494718901, 'gamma': 0.504963049684825, 'sigma_update': 0.0997340385517225, 'eta_learning': 0.08845490081533955, 'sigma_boundary': 6.171060322584026, 'alpha': 0.17259612464183938}. Best is trial 23 with value: 0.008177686185349736.
[I 2026-03-24 17:56:36,005] Trial 21 finished with value: 0.025530496413028802 and parameters: {'sigma_noise': 0.02860545050245386, 'A_repulsion': 0.08317009609224918, 'gamma': 0.9996904766810101, 'sigma_update': 0.6609492265516396, 'eta_learning': 0.16393094646197606, 'sigma_boundary': 9.53055376596605, 'alpha': 0.47353304758178627}. Best is trial 23 with value: 0.008177686185349736.
[I 2026-03-24 17:56:39,402] Trial 4 finished with value: 0.011098027734410907 and parameters: {'sigma_noise': 0.05381699432537002, 'A_repulsion': 0.18494936101427933, 'gamma': 0.8264915771201264, 'sigma_update': 0.16950963944355965, 'eta_learning': 0.14106780272213645, 'sigma_boundary': 9.875763808137423, 'alpha': 0.6041630801795196}. Best is trial 23 with value: 0.008177686185349736.
[I 2026-03-24 17:56:41,557] Trial 15 finished with value: 0.027560345988810752 and parameters: {'sigma_noise': 0.047348463720328554, 'A_repulsion': 0.47041336597702926, 'gamma': 0.38986584601431157, 'sigma_update': 0.26469883905097635, 'eta_learning': 0.10804591890125376, 'sigma_boundary': 1.8884673738298516, 'alpha': 0.12817332254586977}. Best is trial 23 with value: 0.008177686185349736.
[I 2026-03-24 17:56:42,586] Trial 18 finished with value: 0.036155409140833136 and parameters: {'sigma_noise': 0.21719642463106406, 'A_repulsion': 0.11528557509935083, 'gamma': 0.24046097045850587, 'sigma_update': 0.22656964359445925, 'eta_learning': 0.09274153890244742, 'sigma_boundary': 3.366500693490175, 'alpha': 0.8493296131396162}. Best is trial 23 with value: 0.008177686185349736.
[I 2026-03-24 17:56:42,892] Trial 7 finished with value: 0.02917152461761826 and parameters: {'sigma_noise': 0.18666278803942038, 'A_repulsion': 0.26381978183310234, 'gamma': 0.27895673767198687, 'sigma_update': 0.2189960234467212, 'eta_learning': 0.1837660255229884, 'sigma_boundary': 5.797657819433506, 'alpha': 0.9504709282190803}. Best is trial 23 with value: 0.008177686185349736.
[I 2026-03-24 17:56:43,082] Trial 12 finished with value: 0.07919665609859734 and parameters: {'sigma_noise': 0.12270884105903515, 'A_repulsion': 0.17891226227103324, 'gamma': 0.3819046743031048, 'sigma_update': 0.041037897715976275, 'eta_learning': 0.17913460913480528, 'sigma_boundary': 8.650605999190041, 'alpha': 0.013217165287155885}. Best is trial 23 with value: 0.008177686185349736.
[I 2026-03-24 17:56:43,167] Trial 3 finished with value: 0.06756195633730398 and parameters: {'sigma_noise': 0.2812182669789149, 'A_repulsion': 0.043348410117212854, 'gamma': 0.20755423177033747, 'sigma_update': 0.0771885922747342, 'eta_learning': 0.09186213058125535, 'sigma_boundary': 6.900079543182579, 'alpha': 0.5260129385285622}. Best is trial 23 with value: 0.008177686185349736.
[I 2026-03-24 17:56:43,590] Trial 14 finished with value: 0.01708578980695358 and parameters: {'sigma_noise': 0.07048560710519974, 'A_repulsion': 0.4112320932805836, 'gamma': 0.946602456568611, 'sigma_update': 0.41990748055116217, 'eta_learning': 0.02955284129145188, 'sigma_boundary': 0.8076795114507027, 'alpha': 0.5934075382130152}. Best is trial 23 with value: 0.008177686185349736.
[I 2026-03-24 17:56:45,340] Trial 9 finished with value: 0.015493122019268684 and parameters: {'sigma_noise': 0.09050392132848287, 'A_repulsion': 0.38085835423353387, 'gamma': 0.4693121225187386, 'sigma_update': 0.20335366801329025, 'eta_learning': 0.01581472443511117, 'sigma_boundary': 0.7309148901187241, 'alpha': 0.3676560158149943}. Best is trial 23 with value: 0.008177686185349736.
[I 2026-03-24 17:56:47,043] Trial 0 finished with value: 0.036824665841410135 and parameters: {'sigma_noise': 0.21220214861302716, 'A_repulsion': 0.19312782328642608, 'gamma': 0.6506765950808353, 'sigma_update': 0.33032868199644894, 'eta_learning': 0.1881011540435071, 'sigma_boundary': 8.593884517059974, 'alpha': 0.40049670565174667}. Best is trial 23 with value: 0.008177686185349736.
[I 2026-03-24 17:56:48,738] Trial 22 finished with value: 0.08082820593572822 and parameters: {'sigma_noise': 0.2919057763025759, 'A_repulsion': 0.13953552746076997, 'gamma': 0.4195347083919514, 'sigma_update': 0.6592961360934215, 'eta_learning': 0.03537468264526743, 'sigma_boundary': 9.386383091080331, 'alpha': 0.4495153636016399}. Best is trial 23 with value: 0.008177686185349736.
[I 2026-03-24 17:56:51,177] Trial 6 finished with value: 0.02208181764393046 and parameters: {'sigma_noise': 0.13940867799563456, 'A_repulsion': 0.44018946842887396, 'gamma': 0.7289419933021252, 'sigma_update': 0.5471008360520234, 'eta_learning': 0.057460459690695125, 'sigma_boundary': 7.898561287098208, 'alpha': 0.8894905517943457}. Best is trial 23 with value: 0.008177686185349736.
[I 2026-03-24 17:56:52,345] Trial 10 finished with value: 0.020352850073316935 and parameters: {'sigma_noise': 0.1383119083976188, 'A_repulsion': 0.35657511190475105, 'gamma': 0.8988369096366366, 'sigma_update': 0.26709836520142943, 'eta_learning': 0.0734522084251991, 'sigma_boundary': 6.216271612702499, 'alpha': 0.6200782303481255}. Best is trial 23 with value: 0.008177686185349736.
[I 2026-03-24 17:56:52,981] Trial 2 finished with value: 0.023665346293564822 and parameters: {'sigma_noise': 0.20712933302932499, 'A_repulsion': 0.33403700827519656, 'gamma': 0.18968821095032765, 'sigma_update': 0.1679497296650694, 'eta_learning': 0.03394668189332052, 'sigma_boundary': 6.125178210565997, 'alpha': 0.41455193307808935}. Best is trial 23 with value: 0.008177686185349736.
[I 2026-03-24 17:56:53,449] Trial 5 finished with value: 0.06604198415910939 and parameters: {'sigma_noise': 0.2270737022028527, 'A_repulsion': 0.3623830692367546, 'gamma': 0.17428424908079343, 'sigma_update': 0.48210955015720586, 'eta_learning': 0.043034112169218666, 'sigma_boundary': 3.115481323240574, 'alpha': 0.6525729982158367}. Best is trial 23 with value: 0.008177686185349736.
[I 2026-03-24 17:56:57,084] Trial 13 finished with value: 0.02955956090246685 and parameters: {'sigma_noise': 0.2684293278354774, 'A_repulsion': 0.2927942261230309, 'gamma': 0.8972657596015987, 'sigma_update': 0.13899955409352147, 'eta_learning': 0.03568297841804915, 'sigma_boundary': 4.1926729169848995, 'alpha': 0.8930597940964579}. Best is trial 23 with value: 0.008177686185349736.
[I 2026-03-24 17:56:59,553] Trial 1 finished with value: 0.07185200000151788 and parameters: {'sigma_noise': 0.2637364115621479, 'A_repulsion': 0.2470795213733929, 'gamma': 0.1088632614874395, 'sigma_update': 0.09455924764344735, 'eta_learning': 0.013191428522288159, 'sigma_boundary': 0.32611699232988217, 'alpha': 0.5930465769523642}. Best is trial 23 with value: 0.008177686185349736.
[I 2026-03-24 17:57:15,200] Trial 19 finished with value: 0.048010536721245584 and parameters: {'sigma_noise': 0.24961024752493388, 'A_repulsion': 0.46139532423718466, 'gamma': 0.8025256572036309, 'sigma_update': 0.1559999590715745, 'eta_learning': 0.15513280784194317, 'sigma_boundary': 9.173335403890263, 'alpha': 0.5815419971386007}. Best is trial 23 with value: 0.008177686185349736.
[I 2026-03-24 17:57:19,488] Trial 20 finished with value: 0.4508007574755507 and parameters: {'sigma_noise': 0.27585838185490746, 'A_repulsion': 0.49047234089541125, 'gamma': 0.07155198639304972, 'sigma_update': 0.12326325159874434, 'eta_learning': 0.12964254162401756, 'sigma_boundary': 2.681110459290887, 'alpha': 0.009188479991793952}. Best is trial 23 with value: 0.008177686185349736.
[I 2026-03-24 17:57:35,803] Trial 26 finished with value: 0.02545849981012444 and parameters: {'sigma_noise': 0.16553654604036835, 'A_repulsion': 0.15792977408060369, 'gamma': 0.3388683444448122, 'sigma_update': 0.347501433185372, 'eta_learning': 0.089848303929022, 'sigma_boundary': 7.493845683802453, 'alpha': 0.7075176153263797}. Best is trial 23 with value: 0.008177686185349736.
[I 2026-03-24 17:57:38,622] Trial 24 finished with value: 0.01583056732999619 and parameters: {'sigma_noise': 0.1495868604483972, 'A_repulsion': 0.194340365369029, 'gamma': 0.7272529847517356, 'sigma_update': 0.36279873666203, 'eta_learning': 0.10470361483861669, 'sigma_boundary': 5.554943244834428, 'alpha': 0.359978469940623}. Best is trial 23 with value: 0.008177686185349736.
[I 2026-03-24 17:57:40,760] Trial 29 finished with value: 0.016335100623590858 and parameters: {'sigma_noise': 0.11256158128912168, 'A_repulsion': 0.339019724672208, 'gamma': 0.4591110459845926, 'sigma_update': 0.28965065291252495, 'eta_learning': 0.0712807247120111, 'sigma_boundary': 6.445557376759568, 'alpha': 0.27224450678632683}. Best is trial 23 with value: 0.008177686185349736.
[I 2026-03-24 17:57:43,359] Trial 30 finished with value: 0.02172328127535399 and parameters: {'sigma_noise': 0.11832188780934216, 'A_repulsion': 0.262182741496404, 'gamma': 0.786034968312846, 'sigma_update': 0.4605794116551312, 'eta_learning': 0.11697702513414651, 'sigma_boundary': 3.54764411564648, 'alpha': 0.27697002377554686}. Best is trial 23 with value: 0.008177686185349736.
[I 2026-03-24 17:57:43,794] Trial 31 finished with value: 0.01439889042789646 and parameters: {'sigma_noise': 0.13860326012488286, 'A_repulsion': 0.15897494302579218, 'gamma': 0.6167968846081254, 'sigma_update': 0.562024821804441, 'eta_learning': 0.05378243271432368, 'sigma_boundary': 5.01661022364769, 'alpha': 0.4538339290098883}. Best is trial 23 with value: 0.008177686185349736.
[I 2026-03-24 17:57:45,059] Trial 32 finished with value: 0.031844042970636595 and parameters: {'sigma_noise': 0.13688915270201507, 'A_repulsion': 0.1921011705141805, 'gamma': 0.29825356669410025, 'sigma_update': 0.46240882718962417, 'eta_learning': 0.07204677460696433, 'sigma_boundary': 6.078935494936968, 'alpha': 0.654641968141412}. Best is trial 23 with value: 0.008177686185349736.
[I 2026-03-24 17:57:46,188] Trial 36 finished with value: 0.021850328790660987 and parameters: {'sigma_noise': 0.1540402444346146, 'A_repulsion': 0.19176388041360323, 'gamma': 0.34222686320974344, 'sigma_update': 0.3450419400529496, 'eta_learning': 0.08168808395084692, 'sigma_boundary': 5.914401792380553, 'alpha': 0.6286284111399911}. Best is trial 23 with value: 0.008177686185349736.
[I 2026-03-24 17:57:46,730] Trial 28 finished with value: 0.02653133380104117 and parameters: {'sigma_noise': 0.1897040976588579, 'A_repulsion': 0.22523356410064824, 'gamma': 0.5888106737081074, 'sigma_update': 0.4146011785488653, 'eta_learning': 0.12514184176337606, 'sigma_boundary': 6.444458460086234, 'alpha': 0.5860519108279841}. Best is trial 23 with value: 0.008177686185349736.
[I 2026-03-24 17:57:47,635] Trial 25 finished with value: 0.058960622274482656 and parameters: {'sigma_noise': 0.1948574378577842, 'A_repulsion': 0.3236660213564523, 'gamma': 0.37897221950676596, 'sigma_update': 0.3582008053664668, 'eta_learning': 0.1306813113452474, 'sigma_boundary': 4.742553196665376, 'alpha': 0.26309925788180333}. Best is trial 23 with value: 0.008177686185349736.
[I 2026-03-24 17:57:51,009] Trial 37 finished with value: 0.03237085190870016 and parameters: {'sigma_noise': 0.17429446271612306, 'A_repulsion': 0.21132777539154132, 'gamma': 0.5144506666940961, 'sigma_update': 0.5105900377394783, 'eta_learning': 0.1021772724982038, 'sigma_boundary': 3.3734984575126137, 'alpha': 0.693795700185396}. Best is trial 23 with value: 0.008177686185349736.
[I 2026-03-24 17:57:51,443] Trial 27 finished with value: 0.07902804129127518 and parameters: {'sigma_noise': 0.22172218459064605, 'A_repulsion': 0.2739403651406558, 'gamma': 0.2563052454541754, 'sigma_update': 0.5761381864781874, 'eta_learning': 0.05185822012309196, 'sigma_boundary': 5.484052755712425, 'alpha': 0.6582766573656573}. Best is trial 23 with value: 0.008177686185349736.
[I 2026-03-24 17:57:52,710] Trial 34 finished with value: 0.03935949008440274 and parameters: {'sigma_noise': 0.2134360751759752, 'A_repulsion': 0.18367649733211291, 'gamma': 0.2621372166246905, 'sigma_update': 0.2910161928661402, 'eta_learning': 0.054026845391537966, 'sigma_boundary': 2.2863756621207645, 'alpha': 0.21493024877554107}. Best is trial 23 with value: 0.008177686185349736.
[I 2026-03-24 17:57:52,874] Trial 38 finished with value: 0.012627036803712214 and parameters: {'sigma_noise': 0.10799755750702972, 'A_repulsion': 0.23590847406426085, 'gamma': 0.5406026696996837, 'sigma_update': 0.33855011493922876, 'eta_learning': 0.09424100566619965, 'sigma_boundary': 7.685831317008437, 'alpha': 0.5815478970577772}. Best is trial 23 with value: 0.008177686185349736.
[I 2026-03-24 17:57:56,571] Trial 44 finished with value: 0.026192397483506356 and parameters: {'sigma_noise': 0.09618840509013629, 'A_repulsion': 0.1317445158345027, 'gamma': 0.3214153529429731, 'sigma_update': 0.5036341125100778, 'eta_learning': 0.14846817183809194, 'sigma_boundary': 5.703030566494908, 'alpha': 0.37329781853446786}. Best is trial 23 with value: 0.008177686185349736.
[I 2026-03-24 17:57:57,248] Trial 33 finished with value: 0.024641977368701863 and parameters: {'sigma_noise': 0.21015017795486438, 'A_repulsion': 0.2464895001598551, 'gamma': 0.4938741663234166, 'sigma_update': 0.32001690074140987, 'eta_learning': 0.07386349324903965, 'sigma_boundary': 3.7023256566314577, 'alpha': 0.6758285416029648}. Best is trial 23 with value: 0.008177686185349736.
[I 2026-03-24 17:57:57,758] Trial 40 finished with value: 0.030811451091962577 and parameters: {'sigma_noise': 0.16127437502506434, 'A_repulsion': 0.2818565359972528, 'gamma': 0.5984808616960526, 'sigma_update': 0.5465978850376436, 'eta_learning': 0.11579682892989791, 'sigma_boundary': 4.398880449516958, 'alpha': 0.4559591668202945}. Best is trial 23 with value: 0.008177686185349736.
[I 2026-03-24 17:57:59,985] Trial 39 finished with value: 0.01691421979046567 and parameters: {'sigma_noise': 0.14881586830954222, 'A_repulsion': 0.3023710297485997, 'gamma': 0.5643781472365356, 'sigma_update': 0.1395544528961703, 'eta_learning': 0.1170182638016764, 'sigma_boundary': 5.6781413984131195, 'alpha': 0.8207160160892015}. Best is trial 23 with value: 0.008177686185349736.
[I 2026-03-24 17:58:02,198] Trial 41 finished with value: 0.02184807880441241 and parameters: {'sigma_noise': 0.16347934710106665, 'A_repulsion': 0.22326265094774933, 'gamma': 0.2483024669166915, 'sigma_update': 0.07617534815878244, 'eta_learning': 0.05795461201148552, 'sigma_boundary': 7.024567880699956, 'alpha': 0.3767165135348954}. Best is trial 23 with value: 0.008177686185349736.
[I 2026-03-24 17:58:04,229] Trial 35 finished with value: 0.028369452327498566 and parameters: {'sigma_noise': 0.2399058719092902, 'A_repulsion': 0.32978585950115624, 'gamma': 0.7852249352529036, 'sigma_update': 0.5023491056458257, 'eta_learning': 0.11264893899520816, 'sigma_boundary': 8.380627401187256, 'alpha': 0.5429771110882785}. Best is trial 23 with value: 0.008177686185349736.
[I 2026-03-24 17:58:04,774] Trial 43 finished with value: 0.017976658467946813 and parameters: {'sigma_noise': 0.1569399532593274, 'A_repulsion': 0.25385214165153186, 'gamma': 0.3741691101791771, 'sigma_update': 0.12042444444897162, 'eta_learning': 0.14875867950122057, 'sigma_boundary': 1.6966115042317798, 'alpha': 0.3839363409747831}. Best is trial 23 with value: 0.008177686185349736.
[I 2026-03-24 17:58:05,426] Trial 42 finished with value: 0.036721581118960026 and parameters: {'sigma_noise': 0.16743975785634888, 'A_repulsion': 0.3208998599129514, 'gamma': 0.5387049153164425, 'sigma_update': 0.4531108648282735, 'eta_learning': 0.07733923675347903, 'sigma_boundary': 2.4384227256754354, 'alpha': 0.3529216038375243}. Best is trial 23 with value: 0.008177686185349736.
[I 2026-03-24 17:58:08,596] Trial 45 finished with value: 0.024504556941346765 and parameters: {'sigma_noise': 0.18018625571159422, 'A_repulsion': 0.1141956419763836, 'gamma': 0.6362512048769202, 'sigma_update': 0.27772831581717466, 'eta_learning': 0.13289323978390022, 'sigma_boundary': 5.833190846795745, 'alpha': 0.3300147074279925}. Best is trial 23 with value: 0.008177686185349736.
[I 2026-03-24 17:58:20,967] Trial 47 finished with value: 0.010801869698846205 and parameters: {'sigma_noise': 0.09621595275044008, 'A_repulsion': 0.22806404601058272, 'gamma': 0.3574312056067469, 'sigma_update': 0.17060931534356755, 'eta_learning': 0.15057554997893804, 'sigma_boundary': 3.5128744935810197, 'alpha': 0.5532833487637389}. Best is trial 23 with value: 0.008177686185349736.
[I 2026-03-24 17:58:24,456] Trial 46 finished with value: 0.0594161524274487 and parameters: {'sigma_noise': 0.22003694000015536, 'A_repulsion': 0.17036048197872142, 'gamma': 0.46511816921148474, 'sigma_update': 0.4232497908235924, 'eta_learning': 0.17159767713351587, 'sigma_boundary': 4.571325421670695, 'alpha': 0.5783954047334904}. Best is trial 23 with value: 0.008177686185349736.
[I 2026-03-24 17:58:37,664] Trial 48 finished with value: 0.01564072026274502 and parameters: {'sigma_noise': 0.12414138748529147, 'A_repulsion': 0.2265057794382117, 'gamma': 0.47104153752224803, 'sigma_update': 0.45069583938234686, 'eta_learning': 0.06481177424593701, 'sigma_boundary': 3.979441978143147, 'alpha': 0.5597667479659176}. Best is trial 23 with value: 0.008177686185349736.
[I 2026-03-24 17:58:45,355] Trial 51 finished with value: 0.032591247209737224 and parameters: {'sigma_noise': 0.15326326811750815, 'A_repulsion': 0.2627583799194788, 'gamma': 0.37373519780805886, 'sigma_update': 0.45640603482311454, 'eta_learning': 0.10737440307013166, 'sigma_boundary': 5.9904070081836975, 'alpha': 0.43606953281496175}. Best is trial 23 with value: 0.008177686185349736.
[I 2026-03-24 17:58:46,044] Trial 50 finished with value: 0.025849345213787255 and parameters: {'sigma_noise': 0.14718371547256523, 'A_repulsion': 0.21884499000992008, 'gamma': 0.4283556115427397, 'sigma_update': 0.38644899124785076, 'eta_learning': 0.10085584401663097, 'sigma_boundary': 5.444341249482667, 'alpha': 0.36937689460895223}. Best is trial 23 with value: 0.008177686185349736.
[I 2026-03-24 17:58:47,278] Trial 49 finished with value: 0.013807492011398014 and parameters: {'sigma_noise': 0.10304552583218902, 'A_repulsion': 0.28298399778173683, 'gamma': 0.5981422470974121, 'sigma_update': 0.20724320609847158, 'eta_learning': 0.08261874540998486, 'sigma_boundary': 4.505136609942657, 'alpha': 0.45417455461856415}. Best is trial 23 with value: 0.008177686185349736.
[I 2026-03-24 17:58:50,048] Trial 55 finished with value: 0.033908202311649094 and parameters: {'sigma_noise': 0.12695059455345564, 'A_repulsion': 0.26774807246013743, 'gamma': 0.5286592641514449, 'sigma_update': 0.6250136743402638, 'eta_learning': 0.15173358667701992, 'sigma_boundary': 5.627088044597662, 'alpha': 0.5286720117787077}. Best is trial 23 with value: 0.008177686185349736.
[I 2026-03-24 17:58:51,177] Trial 60 finished with value: 0.015572143914426257 and parameters: {'sigma_noise': 0.12371251472011532, 'A_repulsion': 0.09670314304558712, 'gamma': 0.7084078177675193, 'sigma_update': 0.4618676582357683, 'eta_learning': 0.133887966291553, 'sigma_boundary': 4.076553031966648, 'alpha': 0.40179710816494973}. Best is trial 23 with value: 0.008177686185349736.
[I 2026-03-24 17:58:51,188] Trial 57 finished with value: 0.011050994833262603 and parameters: {'sigma_noise': 0.1292849622811852, 'A_repulsion': 0.03600874228583012, 'gamma': 0.6537607371690448, 'sigma_update': 0.4965830176295084, 'eta_learning': 0.042211699778072535, 'sigma_boundary': 5.091980136901085, 'alpha': 0.46181965849325834}. Best is trial 23 with value: 0.008177686185349736.
[I 2026-03-24 17:58:54,636] Trial 54 finished with value: 0.01411890219568981 and parameters: {'sigma_noise': 0.1333807711700471, 'A_repulsion': 0.324022245068857, 'gamma': 0.477895049037046, 'sigma_update': 0.2764613718605957, 'eta_learning': 0.02458612998228332, 'sigma_boundary': 6.339374396590728, 'alpha': 0.3641554391274927}. Best is trial 23 with value: 0.008177686185349736.
