[I 2026-03-24 18:03:44,681] Trial 168 finished with value: 0.00883610256082867 and parameters: {'sigma_noise': 0.08878248947410992, 'A_repulsion': 0.09955925015792129, 'gamma': 0.39321322883425935, 'sigma_update': 0.20249628545652715, 'eta_learning': 0.07797044929539802, 'sigma_boundary': 1.3008881406443729, 'alpha': 0.430069069532559}. Best is trial 163 with value: 0.005501416801164729.
[I 2026-03-24 18:03:53,542] Trial 170 finished with value: 0.009108573767416382 and parameters: {'sigma_noise': 0.018495152384504082, 'A_repulsion': 0.081397460084321, 'gamma': 0.34645813605923054, 'sigma_update': 0.37996015647670633, 'eta_learning': 0.09115268959232359, 'sigma_boundary': 3.1099444776556404, 'alpha': 0.6235442193934184}. Best is trial 163 with value: 0.005501416801164729.
[I 2026-03-24 18:03:57,746] Trial 169 finished with value: 0.010317304001188795 and parameters: {'sigma_noise': 0.08675853064806728, 'A_repulsion': 0.12153942639552934, 'gamma': 0.3557143136419117, 'sigma_update': 0.3269127952778772, 'eta_learning': 0.07689756119832858, 'sigma_boundary': 6.709691733859441, 'alpha': 0.538826829176521}. Best is trial 163 with value: 0.005501416801164729.
[I 2026-03-24 18:04:01,227] Trial 172 finished with value: 0.013305878267296758 and parameters: {'sigma_noise': 0.01779659549625904, 'A_repulsion': 0.01018303468331977, 'gamma': 0.6684738029770785, 'sigma_update': 0.43137808480900247, 'eta_learning': 0.04677990963233503, 'sigma_boundary': 1.102846853235639, 'alpha': 0.5394187896386308}. Best is trial 163 with value: 0.005501416801164729.
[I 2026-03-24 18:04:01,700] Trial 173 finished with value: 0.008558783115874987 and parameters: {'sigma_noise': 0.03614509963860393, 'A_repulsion': 0.10559272874633226, 'gamma': 0.37964245862912244, 'sigma_update': 0.34803595129058934, 'eta_learning': 0.0960358188101154, 'sigma_boundary': 0.5529704309061753, 'alpha': 0.7016810430781627}. Best is trial 163 with value: 0.005501416801164729.
[I 2026-03-24 18:04:03,731] Trial 171 finished with value: 0.009869122322656607 and parameters: {'sigma_noise': 0.08112264729120394, 'A_repulsion': 0.1799270505913013, 'gamma': 0.444439494729913, 'sigma_update': 0.20832984118431272, 'eta_learning': 0.1283539178031658, 'sigma_boundary': 2.2552168230118537, 'alpha': 0.8372396522685068}. Best is trial 163 with value: 0.005501416801164729.
[I 2026-03-24 18:04:07,519] Trial 175 finished with value: 0.018622644540168865 and parameters: {'sigma_noise': 0.11254695187215487, 'A_repulsion': 0.09968793736976173, 'gamma': 0.48112588701530895, 'sigma_update': 0.4926905795816618, 'eta_learning': 0.07298859421341333, 'sigma_boundary': 3.7190005717013945, 'alpha': 0.24366853188388232}. Best is trial 163 with value: 0.005501416801164729.
[I 2026-03-24 18:04:08,825] Trial 181 finished with value: 0.008609584130003244 and parameters: {'sigma_noise': 0.018906208409536718, 'A_repulsion': 0.006633625696511158, 'gamma': 0.3313414717288339, 'sigma_update': 0.34749300628582935, 'eta_learning': 0.09152023600889822, 'sigma_boundary': 0.059529757439055433, 'alpha': 0.8042904926207588}. Best is trial 163 with value: 0.005501416801164729.
[I 2026-03-24 18:04:10,101] Trial 177 finished with value: 0.014376594643370865 and parameters: {'sigma_noise': 0.08356709031958261, 'A_repulsion': 0.3055326703763614, 'gamma': 0.43987759321687864, 'sigma_update': 0.3110271576012815, 'eta_learning': 0.07765901352013974, 'sigma_boundary': 2.390519300543674, 'alpha': 0.4066888328934075}. Best is trial 163 with value: 0.005501416801164729.
[I 2026-03-24 18:04:10,737] Trial 174 finished with value: 0.011966814162050681 and parameters: {'sigma_noise': 0.1369305612515158, 'A_repulsion': 0.0645934104606172, 'gamma': 0.38651449922518505, 'sigma_update': 0.28058856946162647, 'eta_learning': 0.05767885916253495, 'sigma_boundary': 0.8524543600383325, 'alpha': 0.5090368491962957}. Best is trial 163 with value: 0.005501416801164729.
[I 2026-03-24 18:04:11,018] Trial 178 finished with value: 0.019125839437366773 and parameters: {'sigma_noise': 0.060617362828743304, 'A_repulsion': 0.08712245202764786, 'gamma': 0.897257102372909, 'sigma_update': 0.36954635865473245, 'eta_learning': 0.011869138082424494, 'sigma_boundary': 1.6165939121527133, 'alpha': 0.2482084746217309}. Best is trial 163 with value: 0.005501416801164729.
[I 2026-03-24 18:04:11,620] Trial 176 finished with value: 0.012371253458482001 and parameters: {'sigma_noise': 0.09955272685742406, 'A_repulsion': 0.1192315049828664, 'gamma': 0.2664420409670617, 'sigma_update': 0.23759351221487554, 'eta_learning': 0.08975299727762796, 'sigma_boundary': 5.740037573638334, 'alpha': 0.3651539072138697}. Best is trial 163 with value: 0.005501416801164729.
[I 2026-03-24 18:04:12,934] Trial 180 finished with value: 0.004970660165822295 and parameters: {'sigma_noise': 0.06336172843958786, 'A_repulsion': 0.030821775433671914, 'gamma': 0.6594727226050053, 'sigma_update': 0.2419531643875911, 'eta_learning': 0.06722564839945698, 'sigma_boundary': 0.9786396358771285, 'alpha': 0.8035452046556752}. Best is trial 180 with value: 0.004970660165822295.
[I 2026-03-24 18:04:14,392] Trial 179 finished with value: 0.015328434729395391 and parameters: {'sigma_noise': 0.038751380484181454, 'A_repulsion': 0.31312099784536174, 'gamma': 0.17369018876573358, 'sigma_update': 0.5842892979461063, 'eta_learning': 0.09025397164889024, 'sigma_boundary': 5.020003109772576, 'alpha': 0.32286382961317717}. Best is trial 180 with value: 0.004970660165822295.
[I 2026-03-24 18:04:16,104] Trial 182 finished with value: 0.009388885954937237 and parameters: {'sigma_noise': 0.11625946189763399, 'A_repulsion': 0.12291539578418992, 'gamma': 0.6070276333352338, 'sigma_update': 0.3433289535029621, 'eta_learning': 0.058717357278885905, 'sigma_boundary': 1.9155644702385428, 'alpha': 0.516172838101222}. Best is trial 180 with value: 0.004970660165822295.
[I 2026-03-24 18:04:17,889] Trial 183 finished with value: 0.011450294371457823 and parameters: {'sigma_noise': 0.02989745007826127, 'A_repulsion': 0.05965699073732671, 'gamma': 0.6174130150734768, 'sigma_update': 0.3154838870279998, 'eta_learning': 0.07129990213931815, 'sigma_boundary': 2.0412915565308563, 'alpha': 0.624752877584777}. Best is trial 180 with value: 0.004970660165822295.
[I 2026-03-24 18:04:19,499] Trial 185 finished with value: 0.010110501738461924 and parameters: {'sigma_noise': 0.1034622488703102, 'A_repulsion': 0.013669282233700203, 'gamma': 0.591757080927765, 'sigma_update': 0.21890399406492864, 'eta_learning': 0.01296971654646512, 'sigma_boundary': 4.375225284683775, 'alpha': 0.492216932879318}. Best is trial 180 with value: 0.004970660165822295.
[I 2026-03-24 18:04:20,738] Trial 184 finished with value: 0.0124800893450873 and parameters: {'sigma_noise': 0.06899965921361252, 'A_repulsion': 0.19101677637181175, 'gamma': 0.3287302570501782, 'sigma_update': 0.31690221921672124, 'eta_learning': 0.04264935877387326, 'sigma_boundary': 3.093128581504467, 'alpha': 0.7472204387324518}. Best is trial 180 with value: 0.004970660165822295.
[I 2026-03-24 18:04:22,157] Trial 188 finished with value: 0.008701519475800758 and parameters: {'sigma_noise': 0.027951346835189864, 'A_repulsion': 0.04224176801094985, 'gamma': 0.5260088845273836, 'sigma_update': 0.2633462170684061, 'eta_learning': 0.06386118767135614, 'sigma_boundary': 0.44241842271719933, 'alpha': 0.7305539932188333}. Best is trial 180 with value: 0.004970660165822295.
[I 2026-03-24 18:04:23,539] Trial 187 finished with value: 0.006690659751763273 and parameters: {'sigma_noise': 0.051677986115755685, 'A_repulsion': 0.11622470116416157, 'gamma': 0.632224841502135, 'sigma_update': 0.4072317857788986, 'eta_learning': 0.09375123363453423, 'sigma_boundary': 1.2957786448631754, 'alpha': 0.7089242976477245}. Best is trial 180 with value: 0.004970660165822295.
[I 2026-03-24 18:04:23,945] Trial 186 finished with value: 0.010541749447380106 and parameters: {'sigma_noise': 0.0440688948669817, 'A_repulsion': 0.16537155114675633, 'gamma': 0.41453531992218073, 'sigma_update': 0.2325104716403565, 'eta_learning': 0.03137473735197493, 'sigma_boundary': 2.7389990610138635, 'alpha': 0.7406735624120235}. Best is trial 180 with value: 0.004970660165822295.
[I 2026-03-24 18:04:27,191] Trial 191 finished with value: 0.008488758547867358 and parameters: {'sigma_noise': 0.012943847977503902, 'A_repulsion': 0.13106314727728774, 'gamma': 0.4220915019717849, 'sigma_update': 0.36346318889999696, 'eta_learning': 0.10617209371566162, 'sigma_boundary': 2.190356163874989, 'alpha': 0.8366725484136107}. Best is trial 180 with value: 0.004970660165822295.
[I 2026-03-24 18:04:31,625] Trial 192 finished with value: 0.008300536101898905 and parameters: {'sigma_noise': 0.09361237563359996, 'A_repulsion': 0.0762251961500702, 'gamma': 0.6675889322356015, 'sigma_update': 0.39023740077131286, 'eta_learning': 0.08320237826583887, 'sigma_boundary': 4.070465801509857, 'alpha': 0.6978364953439864}. Best is trial 180 with value: 0.004970660165822295.
[I 2026-03-24 18:04:32,323] Trial 190 finished with value: 0.014115423630705195 and parameters: {'sigma_noise': 0.09832490245606432, 'A_repulsion': 0.30757464643130417, 'gamma': 0.39813145286020835, 'sigma_update': 0.3307890505048799, 'eta_learning': 0.0441777829241078, 'sigma_boundary': 3.3126300778221762, 'alpha': 0.319725413214753}. Best is trial 180 with value: 0.004970660165822295.
[I 2026-03-24 18:04:33,314] Trial 189 finished with value: 0.02749087175041366 and parameters: {'sigma_noise': 0.14197931999700836, 'A_repulsion': 0.2692158964137817, 'gamma': 0.507960184240442, 'sigma_update': 0.08680683602616518, 'eta_learning': 0.0616036057365707, 'sigma_boundary': 4.771802737839328, 'alpha': 0.6738895679960945}. Best is trial 180 with value: 0.004970660165822295.
[I 2026-03-24 18:04:35,655] Trial 195 finished with value: 0.007233718112466291 and parameters: {'sigma_noise': 0.042062561957190145, 'A_repulsion': 0.08653032632085, 'gamma': 0.6242369248088695, 'sigma_update': 0.18385824269864984, 'eta_learning': 0.0913780148110337, 'sigma_boundary': 1.0696069646169801, 'alpha': 0.8361655504536945}. Best is trial 180 with value: 0.004970660165822295.
[I 2026-03-24 18:04:35,930] Trial 193 finished with value: 0.008912768360154298 and parameters: {'sigma_noise': 0.11383023007764807, 'A_repulsion': 0.14910827741174057, 'gamma': 0.5215437331593704, 'sigma_update': 0.4148746077335376, 'eta_learning': 0.028440817105348043, 'sigma_boundary': 4.170204503053944, 'alpha': 0.6608845341744629}. Best is trial 180 with value: 0.004970660165822295.
[I 2026-03-24 18:04:36,523] Trial 198 finished with value: 0.009085088131063753 and parameters: {'sigma_noise': 0.05297341154099853, 'A_repulsion': 0.10815117941067842, 'gamma': 0.4693168576552539, 'sigma_update': 0.29275942590882514, 'eta_learning': 0.0677667166138027, 'sigma_boundary': 1.2941666513052932, 'alpha': 0.8283753403618377}. Best is trial 180 with value: 0.004970660165822295.
[I 2026-03-24 18:04:36,736] Trial 196 finished with value: 0.020147277142293148 and parameters: {'sigma_noise': 0.09201640504720911, 'A_repulsion': 0.12745121582662644, 'gamma': 0.646419583798797, 'sigma_update': 0.06269592722893369, 'eta_learning': 0.02382371371920801, 'sigma_boundary': 5.405659949775404, 'alpha': 0.5804132802751618}. Best is trial 180 with value: 0.004970660165822295.
[I 2026-03-24 18:04:36,765] Trial 194 finished with value: 0.012982634964165426 and parameters: {'sigma_noise': 0.05081677249086033, 'A_repulsion': 0.2977490327301484, 'gamma': 0.2704662043561877, 'sigma_update': 0.3610977611039399, 'eta_learning': 0.015457301521713509, 'sigma_boundary': 5.148620841071216, 'alpha': 0.5268033193163584}. Best is trial 180 with value: 0.004970660165822295.
[I 2026-03-24 18:04:36,923] Trial 197 finished with value: 0.009939471872319267 and parameters: {'sigma_noise': 0.1208368917350063, 'A_repulsion': 0.11036841066465934, 'gamma': 0.43071732057105305, 'sigma_update': 0.24022226464398125, 'eta_learning': 0.043030095071623205, 'sigma_boundary': 3.2539510388264157, 'alpha': 0.7537853079302328}. Best is trial 180 with value: 0.004970660165822295.
[I 2026-03-24 18:04:36,944] Trial 199 finished with value: 0.01852672603540763 and parameters: {'sigma_noise': 0.12911115348030586, 'A_repulsion': 0.03241928170744615, 'gamma': 0.4571504544031821, 'sigma_update': 0.5164638541298532, 'eta_learning': 0.029184783731778394, 'sigma_boundary': 0.04856817448112621, 'alpha': 0.9054127999334904}. Best is trial 180 with value: 0.004970660165822295.
