[I 2026-03-24 17:58:56,006] Trial 56 finished with value: 0.06940390402578704 and parameters: {'sigma_noise': 0.18990393807836306, 'A_repulsion': 0.2836752399261617, 'gamma': 0.5011190372788125, 'sigma_update': 0.36275349744016966, 'eta_learning': 0.09107089571678435, 'sigma_boundary': 2.485141810570652, 'alpha': 0.14155949520795758}. Best is trial 23 with value: 0.008177686185349736.
[I 2026-03-24 17:58:57,794] Trial 62 finished with value: 0.011717770125604475 and parameters: {'sigma_noise': 0.1460600332273947, 'A_repulsion': 0.11946102938201254, 'gamma': 0.6678331597217064, 'sigma_update': 0.42295591585022646, 'eta_learning': 0.07596815077516361, 'sigma_boundary': 8.26013183089961, 'alpha': 0.47353770399195055}. Best is trial 23 with value: 0.008177686185349736.
[I 2026-03-24 17:58:57,949] Trial 59 finished with value: 0.015699741532764627 and parameters: {'sigma_noise': 0.10285147073550904, 'A_repulsion': 0.42066558660333614, 'gamma': 0.7406670278183306, 'sigma_update': 0.4449667353968105, 'eta_learning': 0.09916348254513314, 'sigma_boundary': 5.687665915005083, 'alpha': 0.3636721755524149}. Best is trial 23 with value: 0.008177686185349736.
[I 2026-03-24 17:58:58,346] Trial 53 finished with value: 0.018552919053582775 and parameters: {'sigma_noise': 0.15062191706607045, 'A_repulsion': 0.32747626765426807, 'gamma': 0.8034345452799447, 'sigma_update': 0.2688092244238964, 'eta_learning': 0.11330349529542638, 'sigma_boundary': 4.989395643987847, 'alpha': 0.6200629066053469}. Best is trial 23 with value: 0.008177686185349736.
[I 2026-03-24 17:59:00,928] Trial 65 finished with value: 0.028835334495277892 and parameters: {'sigma_noise': 0.0999461910462189, 'A_repulsion': 0.20578032708583668, 'gamma': 0.38269415152427594, 'sigma_update': 0.5958278048310114, 'eta_learning': 0.13887185493897394, 'sigma_boundary': 8.346262001512837, 'alpha': 0.4752303332155065}. Best is trial 23 with value: 0.008177686185349736.
[I 2026-03-24 17:59:02,146] Trial 58 finished with value: 0.0177843331765257 and parameters: {'sigma_noise': 0.1895943282388797, 'A_repulsion': 0.18376494469003832, 'gamma': 0.7304741298414403, 'sigma_update': 0.576728467519253, 'eta_learning': 0.06557043947408096, 'sigma_boundary': 3.2315508475480343, 'alpha': 0.5833285065589229}. Best is trial 23 with value: 0.008177686185349736.
[I 2026-03-24 17:59:04,144] Trial 64 finished with value: 0.008614126899218472 and parameters: {'sigma_noise': 0.11833515578163961, 'A_repulsion': 0.1597247805245267, 'gamma': 0.7001583344925633, 'sigma_update': 0.3266642780219114, 'eta_learning': 0.12172701327323714, 'sigma_boundary': 0.5389712403918531, 'alpha': 0.6060183420191075}. Best is trial 23 with value: 0.008177686185349736.
[I 2026-03-24 17:59:05,363] Trial 61 finished with value: 0.07034320342210484 and parameters: {'sigma_noise': 0.16794511998043668, 'A_repulsion': 0.24686870610364695, 'gamma': 0.6722661176749177, 'sigma_update': 0.39692027084396003, 'eta_learning': 0.07298308175602759, 'sigma_boundary': 4.531069619323525, 'alpha': 0.0764018145307036}. Best is trial 23 with value: 0.008177686185349736.
[I 2026-03-24 17:59:06,848] Trial 52 finished with value: 0.021673288608084738 and parameters: {'sigma_noise': 0.2121774532911257, 'A_repulsion': 0.325941977610169, 'gamma': 0.5222329128591006, 'sigma_update': 0.16845163526539353, 'eta_learning': 0.13371861910833968, 'sigma_boundary': 6.421235883617145, 'alpha': 0.43386495157936517}. Best is trial 23 with value: 0.008177686185349736.
[I 2026-03-24 17:59:07,555] Trial 63 finished with value: 0.024409295005761104 and parameters: {'sigma_noise': 0.15961810669844018, 'A_repulsion': 0.23142550783196691, 'gamma': 0.5257638191878987, 'sigma_update': 0.5310977291829071, 'eta_learning': 0.07586364108377609, 'sigma_boundary': 6.971099969307041, 'alpha': 0.6439860644198587}. Best is trial 23 with value: 0.008177686185349736.
[I 2026-03-24 17:59:08,945] Trial 69 finished with value: 0.021643829569681736 and parameters: {'sigma_noise': 0.11765117201271465, 'A_repulsion': 0.14264406390433215, 'gamma': 0.3776347649601356, 'sigma_update': 0.4838814045329012, 'eta_learning': 0.11269545040574794, 'sigma_boundary': 6.545260086771089, 'alpha': 0.4687644361863108}. Best is trial 23 with value: 0.008177686185349736.
[I 2026-03-24 17:59:10,331] Trial 66 finished with value: 0.014402281582102838 and parameters: {'sigma_noise': 0.16461813611597517, 'A_repulsion': 0.1797176932908862, 'gamma': 0.9419978322778045, 'sigma_update': 0.521568553744058, 'eta_learning': 0.07947046539358249, 'sigma_boundary': 7.843167622238729, 'alpha': 0.5903201744017688}. Best is trial 23 with value: 0.008177686185349736.
[I 2026-03-24 17:59:12,133] Trial 68 finished with value: 0.017046613504425732 and parameters: {'sigma_noise': 0.13465135590981261, 'A_repulsion': 0.2524136989900757, 'gamma': 0.7123695662371763, 'sigma_update': 0.3160709784099285, 'eta_learning': 0.1199821848948227, 'sigma_boundary': 5.874071106536243, 'alpha': 0.3350938510470348}. Best is trial 23 with value: 0.008177686185349736.
[I 2026-03-24 17:59:22,172] Trial 67 finished with value: 0.06819628921087922 and parameters: {'sigma_noise': 0.24443520804452074, 'A_repulsion': 0.2855292429046255, 'gamma': 0.3096489517663581, 'sigma_update': 0.47474077367979356, 'eta_learning': 0.06942951308963519, 'sigma_boundary': 4.588562713143764, 'alpha': 0.7150895027476676}. Best is trial 23 with value: 0.008177686185349736.
[I 2026-03-24 17:59:26,056] Trial 71 finished with value: 0.02107717036194902 and parameters: {'sigma_noise': 0.11957369681693714, 'A_repulsion': 0.16038252744461673, 'gamma': 0.6141771742962132, 'sigma_update': 0.5928874363596344, 'eta_learning': 0.0576019839075588, 'sigma_boundary': 2.5273776418779708, 'alpha': 0.11986074326145657}. Best is trial 23 with value: 0.008177686185349736.
[I 2026-03-24 17:59:30,605] Trial 70 finished with value: 0.017059301689973244 and parameters: {'sigma_noise': 0.17270705226155852, 'A_repulsion': 0.18952163503723315, 'gamma': 0.698958772606769, 'sigma_update': 0.48765359862812213, 'eta_learning': 0.10941733654007779, 'sigma_boundary': 5.397075297949473, 'alpha': 0.5707711657394743}. Best is trial 23 with value: 0.008177686185349736.
[I 2026-03-24 17:59:51,417] Trial 75 finished with value: 0.014456562998985081 and parameters: {'sigma_noise': 0.1198212220407832, 'A_repulsion': 0.2006898277067597, 'gamma': 0.4978273355526485, 'sigma_update': 0.4228296250916206, 'eta_learning': 0.05616343664261237, 'sigma_boundary': 3.6153027756510814, 'alpha': 0.35525795743440586}. Best is trial 23 with value: 0.008177686185349736.
[I 2026-03-24 17:59:53,227] Trial 77 finished with value: 0.008874653711242525 and parameters: {'sigma_noise': 0.10066449075098484, 'A_repulsion': 0.10489970415199057, 'gamma': 0.6917242263092547, 'sigma_update': 0.4508495692355306, 'eta_learning': 0.04650823013024964, 'sigma_boundary': 4.506502972971931, 'alpha': 0.6469886024264138}. Best is trial 23 with value: 0.008177686185349736.
[I 2026-03-24 17:59:53,869] Trial 78 finished with value: 0.01706395251634802 and parameters: {'sigma_noise': 0.12372359840118174, 'A_repulsion': 0.13177174736025032, 'gamma': 0.786076889687012, 'sigma_update': 0.5560315213771657, 'eta_learning': 0.09893572142364374, 'sigma_boundary': 5.582808211089479, 'alpha': 0.33675801122098853}. Best is trial 23 with value: 0.008177686185349736.
[I 2026-03-24 17:59:53,933] Trial 76 finished with value: 0.014849987198387721 and parameters: {'sigma_noise': 0.0905601278361995, 'A_repulsion': 0.11115431885663649, 'gamma': 0.5296958047268774, 'sigma_update': 0.5520457414695624, 'eta_learning': 0.12673976888075364, 'sigma_boundary': 7.124417354061705, 'alpha': 0.5266879684848913}. Best is trial 23 with value: 0.008177686185349736.
[I 2026-03-24 17:59:53,943] Trial 73 finished with value: 0.018490275132095998 and parameters: {'sigma_noise': 0.1686948500387728, 'A_repulsion': 0.24209709832613951, 'gamma': 0.6994882170949145, 'sigma_update': 0.39055451274031994, 'eta_learning': 0.07990202425887334, 'sigma_boundary': 6.482171460021173, 'alpha': 0.5103597970645268}. Best is trial 23 with value: 0.008177686185349736.
[I 2026-03-24 17:59:54,745] Trial 72 finished with value: 0.057945820641013585 and parameters: {'sigma_noise': 0.1994894847895009, 'A_repulsion': 0.3125670796005289, 'gamma': 0.5513191222775042, 'sigma_update': 0.5096075249591168, 'eta_learning': 0.1076995665137555, 'sigma_boundary': 4.806377751367695, 'alpha': 0.3701864922997289}. Best is trial 23 with value: 0.008177686185349736.
[I 2026-03-24 17:59:59,207] Trial 79 finished with value: 0.018809114301109774 and parameters: {'sigma_noise': 0.18338625490113414, 'A_repulsion': 0.006702728220248616, 'gamma': 0.4895335283071417, 'sigma_update': 0.4189338692856494, 'eta_learning': 0.04078988120257114, 'sigma_boundary': 5.8954159283771, 'alpha': 0.3631706102051467}. Best is trial 23 with value: 0.008177686185349736.
[I 2026-03-24 18:00:01,003] Trial 81 finished with value: 0.019625978150756847 and parameters: {'sigma_noise': 0.12830048220555246, 'A_repulsion': 0.21989250073363914, 'gamma': 0.6967256956824472, 'sigma_update': 0.5007104508474205, 'eta_learning': 0.07944479864478363, 'sigma_boundary': 4.071704131029496, 'alpha': 0.2075298073113586}. Best is trial 23 with value: 0.008177686185349736.
[I 2026-03-24 18:00:01,714] Trial 74 finished with value: 0.016438256147832182 and parameters: {'sigma_noise': 0.14952023134049677, 'A_repulsion': 0.30515823435333655, 'gamma': 0.6316593527682722, 'sigma_update': 0.32567551524921406, 'eta_learning': 0.018336944582456632, 'sigma_boundary': 5.68287297494072, 'alpha': 0.37119370023053455}. Best is trial 23 with value: 0.008177686185349736.
[I 2026-03-24 18:00:02,225] Trial 84 finished with value: 0.013133264759281307 and parameters: {'sigma_noise': 0.12065103772558594, 'A_repulsion': 0.19849467970056758, 'gamma': 0.8421441586194719, 'sigma_update': 0.5106181262792223, 'eta_learning': 0.0547483765653809, 'sigma_boundary': 8.009486774605737, 'alpha': 0.36206828147729564}. Best is trial 23 with value: 0.008177686185349736.
[I 2026-03-24 18:00:02,236] Trial 83 finished with value: 0.01162509547370649 and parameters: {'sigma_noise': 0.1341261965036557, 'A_repulsion': 0.13289922595736597, 'gamma': 0.6051813119359646, 'sigma_update': 0.48540341709371543, 'eta_learning': 0.030563345707425554, 'sigma_boundary': 5.902543449587432, 'alpha': 0.3672260254134981}. Best is trial 23 with value: 0.008177686185349736.
[I 2026-03-24 18:00:02,554] Trial 80 finished with value: 0.01680426272078496 and parameters: {'sigma_noise': 0.18451651725789558, 'A_repulsion': 0.07781666669039311, 'gamma': 0.8781123997401921, 'sigma_update': 0.6089038185973255, 'eta_learning': 0.027170202123192037, 'sigma_boundary': 7.735034181913333, 'alpha': 0.44505258977783063}. Best is trial 23 with value: 0.008177686185349736.
[I 2026-03-24 18:00:05,657] Trial 88 finished with value: 0.011106022924541653 and parameters: {'sigma_noise': 0.10577440897058632, 'A_repulsion': 0.12045145701966, 'gamma': 0.8538510160757408, 'sigma_update': 0.35042060174731476, 'eta_learning': 0.06055840301564553, 'sigma_boundary': 1.7912435484237028, 'alpha': 0.3794990288065225}. Best is trial 23 with value: 0.008177686185349736.
[I 2026-03-24 18:00:06,418] Trial 82 finished with value: 0.04929110355564294 and parameters: {'sigma_noise': 0.1683092851637461, 'A_repulsion': 0.20460848826324957, 'gamma': 0.4586348905606383, 'sigma_update': 0.581270002309, 'eta_learning': 0.08758132552907809, 'sigma_boundary': 4.608162776207244, 'alpha': 0.43740391752260727}. Best is trial 23 with value: 0.008177686185349736.
[I 2026-03-24 18:00:07,157] Trial 85 finished with value: 0.01661631729774655 and parameters: {'sigma_noise': 0.12542181395189692, 'A_repulsion': 0.10714560513709287, 'gamma': 0.36608989658836794, 'sigma_update': 0.3390143294748358, 'eta_learning': 0.0747823713399058, 'sigma_boundary': 1.9379549803389648, 'alpha': 0.40093403985685655}. Best is trial 23 with value: 0.008177686185349736.
[I 2026-03-24 18:00:07,704] Trial 86 finished with value: 0.011681626232342038 and parameters: {'sigma_noise': 0.13591294276907037, 'A_repulsion': 0.1228469420909749, 'gamma': 0.6147065225372402, 'sigma_update': 0.4045337270971948, 'eta_learning': 0.04481222911590966, 'sigma_boundary': 6.9218315757540125, 'alpha': 0.4003646662406104}. Best is trial 23 with value: 0.008177686185349736.
[I 2026-03-24 18:00:08,894] Trial 87 finished with value: 0.015603844029820027 and parameters: {'sigma_noise': 0.08736039218212038, 'A_repulsion': 0.30062406826135446, 'gamma': 0.619232756253696, 'sigma_update': 0.5179328508259972, 'eta_learning': 0.12987894492129248, 'sigma_boundary': 3.7970508862293975, 'alpha': 0.4492913455572358}. Best is trial 23 with value: 0.008177686185349736.
[I 2026-03-24 18:00:10,350] Trial 91 finished with value: 0.012748024985180522 and parameters: {'sigma_noise': 0.06303410108070846, 'A_repulsion': 0.006155709251632918, 'gamma': 0.628103690576195, 'sigma_update': 0.3439768370501378, 'eta_learning': 0.06338407023102552, 'sigma_boundary': 4.151790274166404, 'alpha': 0.3343456658832296}. Best is trial 23 with value: 0.008177686185349736.
[I 2026-03-24 18:00:10,892] Trial 89 finished with value: 0.018163376273664582 and parameters: {'sigma_noise': 0.1267517317779318, 'A_repulsion': 0.2542606864746603, 'gamma': 0.8539092939892116, 'sigma_update': 0.6081390785796471, 'eta_learning': 0.14700893877108837, 'sigma_boundary': 4.506028826030645, 'alpha': 0.46018721573110977}. Best is trial 23 with value: 0.008177686185349736.
[I 2026-03-24 18:00:12,968] Trial 92 finished with value: 0.006109494076947861 and parameters: {'sigma_noise': 0.08725885316758913, 'A_repulsion': 0.030563127215175498, 'gamma': 0.6581611599243583, 'sigma_update': 0.44196259347150446, 'eta_learning': 0.08815198156815765, 'sigma_boundary': 0.9153120130176077, 'alpha': 0.7774814454535566}. Best is trial 92 with value: 0.006109494076947861.
[I 2026-03-24 18:00:17,869] Trial 90 finished with value: 0.015500861776763646 and parameters: {'sigma_noise': 0.15717605411210075, 'A_repulsion': 0.17158840130542877, 'gamma': 0.7382337789660698, 'sigma_update': 0.3868788500647335, 'eta_learning': 0.10076866940180468, 'sigma_boundary': 5.995278631619141, 'alpha': 0.4087261135634143}. Best is trial 92 with value: 0.006109494076947861.
[I 2026-03-24 18:00:22,793] Trial 93 finished with value: 0.007422747945649539 and parameters: {'sigma_noise': 0.04549029765189145, 'A_repulsion': 0.10536242716205424, 'gamma': 0.5331006907508038, 'sigma_update': 0.15214021197581326, 'eta_learning': 0.12138294910633333, 'sigma_boundary': 2.7635932151353924, 'alpha': 0.5939019240130972}. Best is trial 92 with value: 0.006109494076947861.
[I 2026-03-24 18:00:31,732] Trial 94 finished with value: 0.019806724385837138 and parameters: {'sigma_noise': 0.15698571510964593, 'A_repulsion': 0.1426506321022648, 'gamma': 0.46449255577374815, 'sigma_update': 0.36218163638569856, 'eta_learning': 0.1269104552051919, 'sigma_boundary': 3.3642453990750685, 'alpha': 0.6455884237537547}. Best is trial 92 with value: 0.006109494076947861.
[I 2026-03-24 18:00:32,171] Trial 95 finished with value: 0.012581635335186013 and parameters: {'sigma_noise': 0.10514943790125837, 'A_repulsion': 0.06377415741849474, 'gamma': 0.8037494639279751, 'sigma_update': 0.669338258039592, 'eta_learning': 0.11507519042795912, 'sigma_boundary': 1.3762808066357366, 'alpha': 0.5103507446695935}. Best is trial 92 with value: 0.006109494076947861.
[I 2026-03-24 18:00:51,247] Trial 96 finished with value: 0.017042988151995075 and parameters: {'sigma_noise': 0.20243289176918725, 'A_repulsion': 0.051407479555585237, 'gamma': 0.6051335287321985, 'sigma_update': 0.19709201734315093, 'eta_learning': 0.08830071112304183, 'sigma_boundary': 2.1678997201221186, 'alpha': 0.4074594505539475}. Best is trial 92 with value: 0.006109494076947861.
[I 2026-03-24 18:00:54,155] Trial 99 finished with value: 0.012837425849754426 and parameters: {'sigma_noise': 0.10794702904610208, 'A_repulsion': 0.19105544827598048, 'gamma': 0.9908729340292843, 'sigma_update': 0.2546686178479952, 'eta_learning': 0.06554699230422903, 'sigma_boundary': 6.872765129353929, 'alpha': 0.38719990420658457}. Best is trial 92 with value: 0.006109494076947861.
[I 2026-03-24 18:00:55,942] Trial 104 finished with value: 0.008777109224585836 and parameters: {'sigma_noise': 0.09755055747961085, 'A_repulsion': 0.0894417290504564, 'gamma': 0.4976485687787867, 'sigma_update': 0.2543024797612215, 'eta_learning': 0.1274408083893769, 'sigma_boundary': 0.4957530404232534, 'alpha': 0.4031906907995773}. Best is trial 92 with value: 0.006109494076947861.
[I 2026-03-24 18:00:58,530] Trial 107 finished with value: 0.010775275559072988 and parameters: {'sigma_noise': 0.08873737133712135, 'A_repulsion': 0.01114221433493709, 'gamma': 0.8543032163864663, 'sigma_update': 0.46246496964739886, 'eta_learning': 0.14666787469159068, 'sigma_boundary': 1.5510605127420822, 'alpha': 0.37044541348553306}. Best is trial 92 with value: 0.006109494076947861.
[I 2026-03-24 18:00:58,736] Trial 106 finished with value: 0.014725188620322755 and parameters: {'sigma_noise': 0.11162028336337762, 'A_repulsion': 0.035228045523529775, 'gamma': 0.8589812542215886, 'sigma_update': 0.4250487286957725, 'eta_learning': 0.080205965468115, 'sigma_boundary': 0.6337112675969866, 'alpha': 0.6331189500317758}. Best is trial 92 with value: 0.006109494076947861.
[I 2026-03-24 18:00:58,828] Trial 101 finished with value: 0.011715989711966166 and parameters: {'sigma_noise': 0.08469112752510705, 'A_repulsion': 0.14908247932735177, 'gamma': 0.8609202099686135, 'sigma_update': 0.5150829397003032, 'eta_learning': 0.10012227999547293, 'sigma_boundary': 2.2373613693358076, 'alpha': 0.4673535696868914}. Best is trial 92 with value: 0.006109494076947861.
[I 2026-03-24 18:01:01,786] Trial 98 finished with value: 0.011618992583860984 and parameters: {'sigma_noise': 0.13375731032590912, 'A_repulsion': 0.12279923476853868, 'gamma': 0.6767551631954741, 'sigma_update': 0.28725038551333876, 'eta_learning': 0.13602663694536107, 'sigma_boundary': 3.7578483791128665, 'alpha': 0.43244600098687047}. Best is trial 92 with value: 0.006109494076947861.
[I 2026-03-24 18:01:03,991] Trial 100 finished with value: 0.013782625481183164 and parameters: {'sigma_noise': 0.1426343867441568, 'A_repulsion': 0.18908720944081056, 'gamma': 0.7850561192924167, 'sigma_update': 0.4582784517317056, 'eta_learning': 0.13443084400800112, 'sigma_boundary': 5.149399153521142, 'alpha': 0.5238286100139804}. Best is trial 92 with value: 0.006109494076947861.
[I 2026-03-24 18:01:05,495] Trial 110 finished with value: 0.00784504251233328 and parameters: {'sigma_noise': 0.06517263536123073, 'A_repulsion': 0.16170591623171837, 'gamma': 0.7388225358908739, 'sigma_update': 0.4130331918183414, 'eta_learning': 0.0903065721374368, 'sigma_boundary': 5.117279441959, 'alpha': 0.6579863669726254}. Best is trial 92 with value: 0.006109494076947861.
[I 2026-03-24 18:01:05,815] Trial 108 finished with value: 0.012192605339539739 and parameters: {'sigma_noise': 0.1344996242871011, 'A_repulsion': 0.04965037381994074, 'gamma': 0.5910580404221184, 'sigma_update': 0.3117250326317701, 'eta_learning': 0.11080625979692649, 'sigma_boundary': 1.0593493251323118, 'alpha': 0.4543925226539998}. Best is trial 92 with value: 0.006109494076947861.
[I 2026-03-24 18:01:06,433] Trial 102 finished with value: 0.012882055891625204 and parameters: {'sigma_noise': 0.13439817622179145, 'A_repulsion': 0.14476107080561135, 'gamma': 0.562250201367683, 'sigma_update': 0.37011775003977415, 'eta_learning': 0.07755958358209857, 'sigma_boundary': 4.183910522801493, 'alpha': 0.44574020947069215}. Best is trial 92 with value: 0.006109494076947861.
[I 2026-03-24 18:01:06,576] Trial 109 finished with value: 0.011072266695465783 and parameters: {'sigma_noise': 0.14185392328543286, 'A_repulsion': 0.11769352047614703, 'gamma': 0.8470074534896073, 'sigma_update': 0.35117738107429375, 'eta_learning': 0.0843518586298959, 'sigma_boundary': 3.689187209883482, 'alpha': 0.5097266098749632}. Best is trial 92 with value: 0.006109494076947861.
[I 2026-03-24 18:01:07,537] Trial 105 finished with value: 0.01637427271632547 and parameters: {'sigma_noise': 0.17784692982976194, 'A_repulsion': 0.1250239869613093, 'gamma': 0.6929530512460254, 'sigma_update': 0.4231384886665122, 'eta_learning': 0.04830109679034473, 'sigma_boundary': 5.598997302894667, 'alpha': 0.49573867799876925}. Best is trial 92 with value: 0.006109494076947861.
[I 2026-03-24 18:01:09,351] Trial 103 finished with value: 0.017251938619953684 and parameters: {'sigma_noise': 0.14900642691217122, 'A_repulsion': 0.18583371308852084, 'gamma': 0.6176482183054196, 'sigma_update': 0.4382664457228358, 'eta_learning': 0.10477783871058052, 'sigma_boundary': 1.5596954918884813, 'alpha': 0.46564640690056835}. Best is trial 92 with value: 0.006109494076947861.
[I 2026-03-24 18:01:09,970] Trial 111 finished with value: 0.01378234344836042 and parameters: {'sigma_noise': 0.09080345515682783, 'A_repulsion': 0.13547802486767246, 'gamma': 0.44106073319145905, 'sigma_update': 0.5263529375357938, 'eta_learning': 0.1024422389681179, 'sigma_boundary': 3.270697809995753, 'alpha': 0.5068543594291928}. Best is trial 92 with value: 0.006109494076947861.
[I 2026-03-24 18:01:12,778] Trial 114 finished with value: 0.011942119546060967 and parameters: {'sigma_noise': 0.12988626750002913, 'A_repulsion': 0.07730062167284671, 'gamma': 0.8401562813923307, 'sigma_update': 0.4566954395091282, 'eta_learning': 0.10159337856040766, 'sigma_boundary': 6.036231417123083, 'alpha': 0.5701713421820434}. Best is trial 92 with value: 0.006109494076947861.
