[I 2026-03-06 03:56:43,539] Trial 139 finished with value: 0.14975125444448661 and parameters: {'sigma_noise': 0.21730590524344326, 'A_repulsion': 0.18126253053078878, 'gamma': 0.7636101167726272, 'sigma_update': 0.3225129006082369, 'eta_learning': 0.187120290332789, 'sigma_boundary': 5.92288045888276, 'alpha': 0.541837733481449}. Best is trial 121 with value: 0.11118238859130503.
[I 2026-03-06 03:56:43,792] Trial 138 finished with value: 0.11933932519392924 and parameters: {'sigma_noise': 0.2332970439315316, 'A_repulsion': 0.34498985545244026, 'gamma': 0.7778062414217473, 'sigma_update': 0.32929463467094816, 'eta_learning': 0.9903756231996265, 'sigma_boundary': 7.7333157081218316, 'alpha': 0.5577751440900693}. Best is trial 121 with value: 0.11118238859130503.
[I 2026-03-06 03:56:52,145] Trial 141 finished with value: 0.21364040014791164 and parameters: {'sigma_noise': 0.22967988460312336, 'A_repulsion': 0.16603733992175249, 'gamma': 0.7884882851638343, 'sigma_update': 0.4737566180555145, 'eta_learning': 0.887423374190893, 'sigma_boundary': 5.992691189057742, 'alpha': 0.5561717361308063}. Best is trial 121 with value: 0.11118238859130503.
[I 2026-03-06 03:56:59,955] Trial 143 finished with value: 0.12222367207129349 and parameters: {'sigma_noise': 0.2221583266722676, 'A_repulsion': 0.07160063029994826, 'gamma': 0.7605515444423265, 'sigma_update': 0.33422084443916433, 'eta_learning': 0.9842313568395846, 'sigma_boundary': 5.045823735569371, 'alpha': 0.8670412971420359}. Best is trial 121 with value: 0.11118238859130503.
[I 2026-03-06 03:57:11,673] Trial 147 finished with value: 0.11884698704765279 and parameters: {'sigma_noise': 0.21222056042519258, 'A_repulsion': 0.07601842455121688, 'gamma': 0.7817840160459486, 'sigma_update': 0.6139999263182487, 'eta_learning': 0.9285158107063596, 'sigma_boundary': 4.75676915490761, 'alpha': 0.9300595062425325}. Best is trial 121 with value: 0.11118238859130503.
[I 2026-03-06 03:57:12,764] Trial 142 finished with value: 0.1293131913486521 and parameters: {'sigma_noise': 0.2207473772168159, 'A_repulsion': 0.1888284889995968, 'gamma': 0.7945972963263045, 'sigma_update': 0.6204915868645768, 'eta_learning': 0.6042604011491792, 'sigma_boundary': 5.832174570421838, 'alpha': 0.8758019634522778}. Best is trial 121 with value: 0.11118238859130503.
[I 2026-03-06 03:57:20,080] Trial 149 finished with value: 0.17223015465143326 and parameters: {'sigma_noise': 0.17644904074150777, 'A_repulsion': 0.152794117965645, 'gamma': 0.7599725311831943, 'sigma_update': 0.22517053441305301, 'eta_learning': 1.2804663942384007, 'sigma_boundary': 4.9551999061378, 'alpha': 0.8778803604050016}. Best is trial 121 with value: 0.11118238859130503.
[I 2026-03-06 03:57:20,574] Trial 144 finished with value: 0.12059683161270351 and parameters: {'sigma_noise': 0.22184541735095872, 'A_repulsion': 0.163503974311585, 'gamma': 0.7814630785932916, 'sigma_update': 0.6147722974938695, 'eta_learning': 1.0085011084097357, 'sigma_boundary': 4.636086102545157, 'alpha': 0.8786099013148994}. Best is trial 121 with value: 0.11118238859130503.
[I 2026-03-06 03:57:23,611] Trial 145 finished with value: 0.12038704279539529 and parameters: {'sigma_noise': 0.2118458341481624, 'A_repulsion': 0.16796384390213223, 'gamma': 0.7555071868961285, 'sigma_update': 0.2253051246626202, 'eta_learning': 1.0021591401964725, 'sigma_boundary': 4.865720559468815, 'alpha': 0.8734420874337462}. Best is trial 121 with value: 0.11118238859130503.
[I 2026-03-06 03:57:28,275] Trial 146 finished with value: 0.15138753251670775 and parameters: {'sigma_noise': 0.21786387748304656, 'A_repulsion': 0.19111075351379822, 'gamma': 0.5979904626353357, 'sigma_update': 0.21749785515822884, 'eta_learning': 1.0145738360456247, 'sigma_boundary': 5.144014213764246, 'alpha': 0.8796740228955082}. Best is trial 121 with value: 0.11118238859130503.
[I 2026-03-06 03:57:32,737] Trial 148 finished with value: 0.12998731196357585 and parameters: {'sigma_noise': 0.20445875434370597, 'A_repulsion': 0.18477911195468977, 'gamma': 0.7676767496833362, 'sigma_update': 0.6136382378314345, 'eta_learning': 0.9416154279635798, 'sigma_boundary': 5.143859771827208, 'alpha': 0.9297709867344021}. Best is trial 121 with value: 0.11118238859130503.
[I 2026-03-06 03:57:38,127] Trial 150 finished with value: 0.16145534704499453 and parameters: {'sigma_noise': 0.17706113167060644, 'A_repulsion': 0.18938620439127424, 'gamma': 0.7685234527829948, 'sigma_update': 0.22778327820335315, 'eta_learning': 0.999780057677988, 'sigma_boundary': 7.701154874938649, 'alpha': 0.9384033922114531}. Best is trial 121 with value: 0.11118238859130503.
[I 2026-03-06 03:57:47,730] Trial 151 finished with value: 0.12753197684497725 and parameters: {'sigma_noise': 0.20569127534214182, 'A_repulsion': 0.16291765935065095, 'gamma': 0.7817886576735489, 'sigma_update': 0.6997077689130723, 'eta_learning': 0.9847245068117744, 'sigma_boundary': 5.165895220743719, 'alpha': 0.9376889871874807}. Best is trial 121 with value: 0.11118238859130503.
[I 2026-03-06 03:57:50,675] Trial 154 finished with value: 0.11750551687811764 and parameters: {'sigma_noise': 0.2542683577556445, 'A_repulsion': 0.0249357684266711, 'gamma': 0.7798639132556511, 'sigma_update': 0.44440398175497164, 'eta_learning': 0.9315918358824509, 'sigma_boundary': 4.600955971771388, 'alpha': 0.9266691641986251}. Best is trial 121 with value: 0.11118238859130503.
[I 2026-03-06 03:57:51,041] Trial 155 finished with value: 0.15071970961778788 and parameters: {'sigma_noise': 0.17419595384902342, 'A_repulsion': 0.10402449560717976, 'gamma': 0.8407673714082158, 'sigma_update': 0.21617914894617854, 'eta_learning': 1.101715132298302, 'sigma_boundary': 4.1391328013000175, 'alpha': 0.8787305868285112}. Best is trial 121 with value: 0.11118238859130503.
[I 2026-03-06 03:57:52,105] Trial 156 finished with value: 0.14551896125627237 and parameters: {'sigma_noise': 0.24257192030305252, 'A_repulsion': 0.02657633128599385, 'gamma': 0.7604886996713041, 'sigma_update': 0.289147577166969, 'eta_learning': 0.8811490368564211, 'sigma_boundary': 4.236120485597748, 'alpha': 0.8872208255417297}. Best is trial 121 with value: 0.11118238859130503.
[I 2026-03-06 03:58:03,822] Trial 152 finished with value: 0.13294014168496146 and parameters: {'sigma_noise': 0.21110933270026666, 'A_repulsion': 0.2570719809819526, 'gamma': 0.7832278735343835, 'sigma_update': 0.6976213641897463, 'eta_learning': 0.9225384337210768, 'sigma_boundary': 4.861130012499817, 'alpha': 0.8803892623576242}. Best is trial 121 with value: 0.11118238859130503.
[I 2026-03-06 03:58:16,112] Trial 157 finished with value: 0.13241748746965754 and parameters: {'sigma_noise': 0.2605482988192625, 'A_repulsion': 0.07878490818081493, 'gamma': 0.8449547133232056, 'sigma_update': 0.6195267089226282, 'eta_learning': 0.9138722738078049, 'sigma_boundary': 4.658908491054737, 'alpha': 0.8826373536957187}. Best is trial 121 with value: 0.11118238859130503.
[I 2026-03-06 03:58:17,870] Trial 153 finished with value: 0.16481762417041712 and parameters: {'sigma_noise': 0.2636164007016117, 'A_repulsion': 0.25211883245913647, 'gamma': 0.757121080122711, 'sigma_update': 0.2803630062155512, 'eta_learning': 0.930080428921697, 'sigma_boundary': 4.775510418502262, 'alpha': 0.8778840920168643}. Best is trial 121 with value: 0.11118238859130503.
[I 2026-03-06 03:58:35,315] Trial 158 finished with value: 0.1356899080166995 and parameters: {'sigma_noise': 0.2585024772696156, 'A_repulsion': 0.10575508105219913, 'gamma': 0.8343651247328657, 'sigma_update': 0.6988328196020519, 'eta_learning': 0.9452896187018134, 'sigma_boundary': 4.506535014453435, 'alpha': 0.9297602063747368}. Best is trial 121 with value: 0.11118238859130503.
[I 2026-03-06 03:58:38,790] Trial 159 finished with value: 0.11086101344914862 and parameters: {'sigma_noise': 0.25506533158194233, 'A_repulsion': 0.026304908251303077, 'gamma': 0.7909956137145618, 'sigma_update': 0.44053200631554923, 'eta_learning': 1.1309592268701656, 'sigma_boundary': 4.452806889632655, 'alpha': 0.8826548477272766}. Best is trial 159 with value: 0.11086101344914862.
[I 2026-03-06 03:58:59,056] Trial 160 finished with value: 0.13671133066790256 and parameters: {'sigma_noise': 0.2618878279126807, 'A_repulsion': 0.2617182349630559, 'gamma': 0.8371482496677369, 'sigma_update': 0.3501419379714694, 'eta_learning': 1.204897308162335, 'sigma_boundary': 5.376880684334221, 'alpha': 0.9307039300582801}. Best is trial 159 with value: 0.11086101344914862.
[I 2026-03-06 03:59:08,809] Trial 166 finished with value: 0.14040531945088316 and parameters: {'sigma_noise': 0.24858729503543275, 'A_repulsion': 0.07425738021614083, 'gamma': 0.8299816891081881, 'sigma_update': 0.2948101506667097, 'eta_learning': 1.104858337313741, 'sigma_boundary': 4.27964358266074, 'alpha': 0.9360916155119549}. Best is trial 159 with value: 0.11086101344914862.
[I 2026-03-06 03:59:09,135] Trial 161 finished with value: 0.13671133066790256 and parameters: {'sigma_noise': 0.25817179059840023, 'A_repulsion': 0.2497468459950576, 'gamma': 0.8387619965977027, 'sigma_update': 0.3448480224066328, 'eta_learning': 1.1310693146915094, 'sigma_boundary': 5.448546194103948, 'alpha': 0.876378319678167}. Best is trial 159 with value: 0.11086101344914862.
[I 2026-03-06 03:59:10,323] Trial 164 finished with value: 0.15429471502533787 and parameters: {'sigma_noise': 0.2544693450703229, 'A_repulsion': 0.10683987655900573, 'gamma': 0.8350915289736007, 'sigma_update': 0.35730582519438686, 'eta_learning': 0.9569661632812508, 'sigma_boundary': 4.309927891571895, 'alpha': 0.9422564809873825}. Best is trial 159 with value: 0.11086101344914862.
[I 2026-03-06 03:59:19,969] Trial 167 finished with value: 0.15429471502533787 and parameters: {'sigma_noise': 0.2582369968434993, 'A_repulsion': 0.1076679538195385, 'gamma': 0.8389236072807826, 'sigma_update': 0.2994449273888101, 'eta_learning': 1.1382092962523054, 'sigma_boundary': 4.572691616110531, 'alpha': 0.9246166312061672}. Best is trial 159 with value: 0.11086101344914862.
[I 2026-03-06 03:59:22,293] Trial 170 finished with value: 0.12806820071215705 and parameters: {'sigma_noise': 0.2589345244677913, 'A_repulsion': 0.026824012899181633, 'gamma': 0.8464519878724331, 'sigma_update': 0.358574950886056, 'eta_learning': 1.1530078673252142, 'sigma_boundary': 4.591626594346916, 'alpha': 0.9709825877316094}. Best is trial 159 with value: 0.11086101344914862.
[I 2026-03-06 03:59:25,853] Trial 162 finished with value: 0.16126154751341765 and parameters: {'sigma_noise': 0.25264878721170575, 'A_repulsion': 0.3700429148251966, 'gamma': 0.8335289646962426, 'sigma_update': 0.3587452878983018, 'eta_learning': 1.1843835285231072, 'sigma_boundary': 4.421749055627687, 'alpha': 0.8800966816573166}. Best is trial 159 with value: 0.11086101344914862.
[I 2026-03-06 03:59:30,893] Trial 163 finished with value: 0.15831406132855497 and parameters: {'sigma_noise': 0.24268724226498156, 'A_repulsion': 0.3344825663008165, 'gamma': 0.8441351626438978, 'sigma_update': 0.3450873451436774, 'eta_learning': 1.0044992247131388, 'sigma_boundary': 4.4605951167421845, 'alpha': 0.9356992510465387}. Best is trial 159 with value: 0.11086101344914862.
[I 2026-03-06 03:59:40,007] Trial 165 finished with value: 0.1655627963951832 and parameters: {'sigma_noise': 0.2576596502807328, 'A_repulsion': 0.3490067484194091, 'gamma': 0.8319902109315598, 'sigma_update': 0.36210469567242964, 'eta_learning': 1.091843039529445, 'sigma_boundary': 4.894000416785528, 'alpha': 0.9324630175588454}. Best is trial 159 with value: 0.11086101344914862.
[I 2026-03-06 03:59:41,298] Trial 171 finished with value: 0.14040531945088316 and parameters: {'sigma_noise': 0.2560066345091442, 'A_repulsion': 0.10852267871315283, 'gamma': 0.8351521957371264, 'sigma_update': 0.3462809195928483, 'eta_learning': 1.1031154101877598, 'sigma_boundary': 4.565339665077293, 'alpha': 0.9204747116698186}. Best is trial 159 with value: 0.11086101344914862.
[I 2026-03-06 03:59:43,682] Trial 172 finished with value: 0.15429471502533787 and parameters: {'sigma_noise': 0.2540090131957903, 'A_repulsion': 0.10517289172214067, 'gamma': 0.8365918414455836, 'sigma_update': 0.34816790996844477, 'eta_learning': 1.1257540447399588, 'sigma_boundary': 4.37965021238582, 'alpha': 0.9636681251212165}. Best is trial 159 with value: 0.11086101344914862.
[I 2026-03-06 03:59:50,740] Trial 168 finished with value: 0.2249638974250006 and parameters: {'sigma_noise': 0.25586553408565177, 'A_repulsion': 0.3794409221359422, 'gamma': 0.8259891437868784, 'sigma_update': 0.2888308042751954, 'eta_learning': 1.1336494399123485, 'sigma_boundary': 4.2586247636875125, 'alpha': 0.9477444516290568}. Best is trial 159 with value: 0.11086101344914862.
[I 2026-03-06 03:59:53,219] Trial 169 finished with value: 0.16551789720154475 and parameters: {'sigma_noise': 0.2535021789528422, 'A_repulsion': 0.37943249453718036, 'gamma': 0.8316711701462256, 'sigma_update': 0.36015615649222943, 'eta_learning': 1.178757326537446, 'sigma_boundary': 4.542259173181312, 'alpha': 0.9595960365317044}. Best is trial 159 with value: 0.11086101344914862.
[I 2026-03-06 04:00:03,026] Trial 173 finished with value: 0.19983706638690335 and parameters: {'sigma_noise': 0.24996227126166012, 'A_repulsion': 0.3298967804554519, 'gamma': 0.8270141601065295, 'sigma_update': 0.2978345260634448, 'eta_learning': 1.1977488390081883, 'sigma_boundary': 4.618052924186901, 'alpha': 0.9568949382242911}. Best is trial 159 with value: 0.11086101344914862.
[I 2026-03-06 04:00:06,746] Trial 174 finished with value: 0.19983706638690335 and parameters: {'sigma_noise': 0.2553832288563808, 'A_repulsion': 0.351765188522795, 'gamma': 0.8181128322204325, 'sigma_update': 0.3475996040115523, 'eta_learning': 1.1893571532652043, 'sigma_boundary': 4.800700569873334, 'alpha': 0.9606361851783822}. Best is trial 159 with value: 0.11086101344914862.
[I 2026-03-06 04:00:18,349] Trial 175 finished with value: 0.21244654745752162 and parameters: {'sigma_noise': 0.2593772200739402, 'A_repulsion': 0.3593728995692045, 'gamma': 0.8325941779865712, 'sigma_update': 0.36426404259158246, 'eta_learning': 1.167196670027814, 'sigma_boundary': 4.619210953917699, 'alpha': 0.9704583302562355}. Best is trial 159 with value: 0.11086101344914862.
[I 2026-03-06 04:00:25,938] Trial 179 finished with value: 0.12413269352801606 and parameters: {'sigma_noise': 0.24593634826907942, 'A_repulsion': 0.03103527976908655, 'gamma': 0.8104980629786919, 'sigma_update': 0.42561419031225606, 'eta_learning': 1.19417853687613, 'sigma_boundary': 4.316960756728034, 'alpha': 0.966776566675532}. Best is trial 159 with value: 0.11086101344914862.
[I 2026-03-06 04:00:33,457] Trial 177 finished with value: 0.16127933304254827 and parameters: {'sigma_noise': 0.2425159575413676, 'A_repulsion': 0.3462172980341238, 'gamma': 0.8114788195519861, 'sigma_update': 0.38429348890206105, 'eta_learning': 1.1566053620972503, 'sigma_boundary': 4.610343852431897, 'alpha': 0.9204254649333015}. Best is trial 159 with value: 0.11086101344914862.
[I 2026-03-06 04:00:36,049] Trial 176 finished with value: 0.24007093013881442 and parameters: {'sigma_noise': 0.27039968470277215, 'A_repulsion': 0.34061280854924214, 'gamma': 0.8169233831715049, 'sigma_update': 0.35780236682266064, 'eta_learning': 1.1798456382878166, 'sigma_boundary': 4.303069302176571, 'alpha': 0.9694342574368292}. Best is trial 159 with value: 0.11086101344914862.
[I 2026-03-06 04:00:38,371] Trial 178 finished with value: 0.1542885577659086 and parameters: {'sigma_noise': 0.24332177292297383, 'A_repulsion': 0.14408530714871295, 'gamma': 0.8177433114198833, 'sigma_update': 0.36674431382798267, 'eta_learning': 1.164304779918573, 'sigma_boundary': 5.4861641893651125, 'alpha': 0.9539434624313876}. Best is trial 159 with value: 0.11086101344914862.
[I 2026-03-06 04:00:48,893] Trial 180 finished with value: 0.11788619253470918 and parameters: {'sigma_noise': 0.23618759771781064, 'A_repulsion': 0.026430193388691816, 'gamma': 0.8139316117062926, 'sigma_update': 0.39037594281114757, 'eta_learning': 1.160142661341447, 'sigma_boundary': 3.8585856556152285, 'alpha': 0.962501533577655}. Best is trial 159 with value: 0.11086101344914862.
[I 2026-03-06 04:00:57,611] Trial 182 finished with value: 0.12175103999076475 and parameters: {'sigma_noise': 0.24444362068968817, 'A_repulsion': 0.02495374327194983, 'gamma': 0.8091661670742335, 'sigma_update': 0.437821298365572, 'eta_learning': 1.2897766332876728, 'sigma_boundary': 3.949136285765761, 'alpha': 0.963677474244742}. Best is trial 159 with value: 0.11086101344914862.
[I 2026-03-06 04:01:09,903] Trial 184 finished with value: 0.11245462430388709 and parameters: {'sigma_noise': 0.272521322683465, 'A_repulsion': 0.027066804505098928, 'gamma': 0.8086282284618931, 'sigma_update': 0.441217591488213, 'eta_learning': 1.2085429215953587, 'sigma_boundary': 5.512866646709631, 'alpha': 0.9579177669950182}. Best is trial 159 with value: 0.11086101344914862.
[I 2026-03-06 04:01:12,186] Trial 188 finished with value: 0.11596417179948265 and parameters: {'sigma_noise': 0.26950949814117553, 'A_repulsion': 0.01953340727421453, 'gamma': 0.8108828709320121, 'sigma_update': 0.4467901637011087, 'eta_learning': 1.054136729290993, 'sigma_boundary': 3.8461615100960174, 'alpha': 0.8488201890780896}. Best is trial 159 with value: 0.11086101344914862.
[I 2026-03-06 04:01:20,607] Trial 190 finished with value: 0.13279776960998935 and parameters: {'sigma_noise': 0.24188942422322182, 'A_repulsion': 0.02083781733543685, 'gamma': 0.7100415457163793, 'sigma_update': 0.3927803592967569, 'eta_learning': 1.2269001577279466, 'sigma_boundary': 4.052389326001501, 'alpha': 0.905219019212119}. Best is trial 159 with value: 0.11086101344914862.
[I 2026-03-06 04:01:27,512] Trial 181 finished with value: 0.17144051944635863 and parameters: {'sigma_noise': 0.2742561041581029, 'A_repulsion': 0.33820942424383676, 'gamma': 0.816714143898208, 'sigma_update': 0.4549581675401743, 'eta_learning': 1.1835899826877478, 'sigma_boundary': 5.378629464644485, 'alpha': 0.9553401365844304}. Best is trial 159 with value: 0.11086101344914862.
[I 2026-03-06 04:01:28,388] Trial 183 finished with value: 0.15577898926505931 and parameters: {'sigma_noise': 0.23893597135105216, 'A_repulsion': 0.3265822717193354, 'gamma': 0.7054933507388034, 'sigma_update': 0.3910734800746472, 'eta_learning': 1.2144904052409056, 'sigma_boundary': 6.985905900638373, 'alpha': 0.9103947935356692}. Best is trial 159 with value: 0.11086101344914862.
[I 2026-03-06 04:01:30,262] Trial 186 finished with value: 0.13471659041055037 and parameters: {'sigma_noise': 0.28419775521109136, 'A_repulsion': 0.14320398335372558, 'gamma': 0.810749661418756, 'sigma_update': 0.3882574279868066, 'eta_learning': 1.3320960506866424, 'sigma_boundary': 3.795472734522261, 'alpha': 0.9110413572364141}. Best is trial 159 with value: 0.11086101344914862.
[I 2026-03-06 04:01:31,529] Trial 189 finished with value: 0.11723433773921954 and parameters: {'sigma_noise': 0.24141672966223565, 'A_repulsion': 0.1364138544110561, 'gamma': 0.8131467127444543, 'sigma_update': 0.4303307997408342, 'eta_learning': 1.0572990082936837, 'sigma_boundary': 3.730780206729939, 'alpha': 0.8455308597352318}. Best is trial 159 with value: 0.11086101344914862.
[I 2026-03-06 04:01:34,456] Trial 187 finished with value: 0.13471659041055037 and parameters: {'sigma_noise': 0.29170422470263124, 'A_repulsion': 0.13986124672914724, 'gamma': 0.8100936369548742, 'sigma_update': 0.4253773745981046, 'eta_learning': 1.06609552553338, 'sigma_boundary': 4.019937044149952, 'alpha': 0.9103199477547493}. Best is trial 159 with value: 0.11086101344914862.
[I 2026-03-06 04:01:36,285] Trial 185 finished with value: 0.16199997741027528 and parameters: {'sigma_noise': 0.21176855684034301, 'A_repulsion': 0.3913330452148286, 'gamma': 0.8078947088860546, 'sigma_update': 0.43061826402890707, 'eta_learning': 1.191488866770538, 'sigma_boundary': 5.48659287509461, 'alpha': 0.8503415444503982}. Best is trial 159 with value: 0.11086101344914862.
[I 2026-03-06 04:01:40,384] Trial 193 finished with value: 0.12170832822065365 and parameters: {'sigma_noise': 0.2701941169370787, 'A_repulsion': 0.020075080134492447, 'gamma': 0.8063700038990305, 'sigma_update': 0.4015114932994769, 'eta_learning': 1.0341491730243824, 'sigma_boundary': 3.7479121608996078, 'alpha': 0.843370758680881}. Best is trial 159 with value: 0.11086101344914862.
[I 2026-03-06 04:01:41,813] Trial 191 finished with value: 0.12188929033091256 and parameters: {'sigma_noise': 0.2713724841928389, 'A_repulsion': 0.1419643225489952, 'gamma': 0.8010572438648274, 'sigma_update': 0.3994799115788995, 'eta_learning': 1.0600250538827747, 'sigma_boundary': 3.967567404640245, 'alpha': 0.8509833587258286}. Best is trial 159 with value: 0.11086101344914862.
[I 2026-03-06 04:01:44,831] Trial 194 finished with value: 0.1525544041943805 and parameters: {'sigma_noise': 0.28467075495263533, 'A_repulsion': 0.024155802073126738, 'gamma': 0.7058844044012658, 'sigma_update': 0.4301148046716383, 'eta_learning': 1.034593328608773, 'sigma_boundary': 6.965874710783294, 'alpha': 0.8567285453007419}. Best is trial 159 with value: 0.11086101344914862.
[I 2026-03-06 04:01:49,558] Trial 195 finished with value: 0.13773460504143642 and parameters: {'sigma_noise': 0.27695926998762177, 'A_repulsion': 0.02521726340960735, 'gamma': 0.7094709290612291, 'sigma_update': 0.4440986678000936, 'eta_learning': 1.0590385977545798, 'sigma_boundary': 3.9456874060700073, 'alpha': 0.8510066233258936}. Best is trial 159 with value: 0.11086101344914862.
