[I 2026-03-06 03:39:25,836] Trial 71 finished with value: 0.5974114487836137 and parameters: {'sigma_noise': 0.14763056401855124, 'A_repulsion': 0.07539035234637059, 'gamma': 0.7610475676366186, 'sigma_update': 0.6880039185335645, 'eta_learning': 1.6878165383482155, 'sigma_boundary': 8.090873596649729, 'alpha': 0.7306782883344998}. Best is trial 6 with value: 0.5559671061496076.
[I 2026-03-06 03:39:30,612] Trial 55 finished with value: 0.7141276235141633 and parameters: {'sigma_noise': 0.3119199856480177, 'A_repulsion': 0.1737865303757026, 'gamma': 0.7426251737708649, 'sigma_update': 0.6895441993196402, 'eta_learning': 0.9978837298574079, 'sigma_boundary': 9.822218053756657, 'alpha': 0.6863888888702131}. Best is trial 6 with value: 0.5559671061496076.
[I 2026-03-06 03:39:35,299] Trial 76 finished with value: 0.752709905645158 and parameters: {'sigma_noise': 0.13429697666522472, 'A_repulsion': 0.16435399242263316, 'gamma': 0.7744272130911328, 'sigma_update': 0.6680232864437946, 'eta_learning': 1.7044612875406198, 'sigma_boundary': 7.990925938811699, 'alpha': 0.698569101804143}. Best is trial 6 with value: 0.5559671061496076.
[I 2026-03-06 03:39:38,418] Trial 50 finished with value: 0.49934111952518445 and parameters: {'sigma_noise': 0.3067757216495379, 'A_repulsion': 0.3534885526060048, 'gamma': 0.9975509394391054, 'sigma_update': 0.6927318165991581, 'eta_learning': 1.1800958472515397, 'sigma_boundary': 7.699223002731578, 'alpha': 0.7235028408301706}. Best is trial 50 with value: 0.49934111952518445.
[I 2026-03-06 03:39:39,237] Trial 54 finished with value: 0.5186551852839736 and parameters: {'sigma_noise': 0.3132100054446755, 'A_repulsion': 0.20469092208864878, 'gamma': 0.9878921680616166, 'sigma_update': 0.65695154477625, 'eta_learning': 1.1265829161702516, 'sigma_boundary': 7.442187255861756, 'alpha': 0.6250281306473101}. Best is trial 50 with value: 0.49934111952518445.
[I 2026-03-06 03:39:45,640] Trial 53 finished with value: 0.7270015739909748 and parameters: {'sigma_noise': 0.378191491913987, 'A_repulsion': 0.18468252695579604, 'gamma': 0.9304556183879177, 'sigma_update': 0.69775979488166, 'eta_learning': 1.1352128198579594, 'sigma_boundary': 7.373209370302878, 'alpha': 0.664505228939337}. Best is trial 50 with value: 0.49934111952518445.
[I 2026-03-06 03:39:48,393] Trial 56 finished with value: 0.6588054887262434 and parameters: {'sigma_noise': 0.3654495321164375, 'A_repulsion': 0.19901259152196388, 'gamma': 0.8087974234816825, 'sigma_update': 0.6602996110635236, 'eta_learning': 0.9306778601116933, 'sigma_boundary': 9.795376922435668, 'alpha': 0.7055400198717421}. Best is trial 50 with value: 0.49934111952518445.
[I 2026-03-06 03:39:51,338] Trial 72 finished with value: 0.7150314714295858 and parameters: {'sigma_noise': 0.13464984113804795, 'A_repulsion': 0.17547179839506716, 'gamma': 0.7773038927253387, 'sigma_update': 0.6978585630028576, 'eta_learning': 1.8234987604519506, 'sigma_boundary': 8.196165405950866, 'alpha': 0.7274007842416474}. Best is trial 50 with value: 0.49934111952518445.
[I 2026-03-06 03:39:51,676] Trial 57 finished with value: 0.6788988055708822 and parameters: {'sigma_noise': 0.3264784192553031, 'A_repulsion': 0.1984668112624099, 'gamma': 0.7660597495473367, 'sigma_update': 0.6905876796093595, 'eta_learning': 1.783548923820215, 'sigma_boundary': 9.978990795945723, 'alpha': 0.6947177654330865}. Best is trial 50 with value: 0.49934111952518445.
[I 2026-03-06 03:39:51,764] Trial 48 finished with value: 0.6787459245776721 and parameters: {'sigma_noise': 0.378614339475134, 'A_repulsion': 0.31125434013859465, 'gamma': 0.5168053811212667, 'sigma_update': 0.1786801631721632, 'eta_learning': 2.715697874482297, 'sigma_boundary': 5.4846577702140165, 'alpha': 0.843400052557609}. Best is trial 50 with value: 0.49934111952518445.
[I 2026-03-06 03:39:56,137] Trial 75 finished with value: 0.7313560124844309 and parameters: {'sigma_noise': 0.13697505408840038, 'A_repulsion': 0.16356491341655746, 'gamma': 0.7708257585888996, 'sigma_update': 0.6953631300833049, 'eta_learning': 1.6881567059643054, 'sigma_boundary': 8.031424373387086, 'alpha': 0.7133873721803681}. Best is trial 50 with value: 0.49934111952518445.
[I 2026-03-06 03:39:56,366] Trial 73 finished with value: 0.7150314714295858 and parameters: {'sigma_noise': 0.13475829648033827, 'A_repulsion': 0.18151811425007378, 'gamma': 0.7502785462826577, 'sigma_update': 0.6936221763113336, 'eta_learning': 1.6516277130014672, 'sigma_boundary': 8.095090723063851, 'alpha': 0.7308176525527234}. Best is trial 50 with value: 0.49934111952518445.
[I 2026-03-06 03:39:56,679] Trial 49 finished with value: 0.6772914735019461 and parameters: {'sigma_noise': 0.3366023780042797, 'A_repulsion': 0.40539074229783467, 'gamma': 0.7076663222824593, 'sigma_update': 0.6969197913481813, 'eta_learning': 1.5263447162355563, 'sigma_boundary': 7.0096281128982305, 'alpha': 0.695428431314941}. Best is trial 50 with value: 0.49934111952518445.
[I 2026-03-06 03:40:01,709] Trial 74 finished with value: 0.7150314714295858 and parameters: {'sigma_noise': 0.13441176948626982, 'A_repulsion': 0.17174815398975019, 'gamma': 0.7676562898852848, 'sigma_update': 0.6886870161859625, 'eta_learning': 1.7102982911453708, 'sigma_boundary': 7.950735538628149, 'alpha': 0.729618702574041}. Best is trial 50 with value: 0.49934111952518445.
[I 2026-03-06 03:40:04,908] Trial 51 finished with value: 0.561130405039781 and parameters: {'sigma_noise': 0.3200050017552824, 'A_repulsion': 0.49947396099872565, 'gamma': 0.9133734436701256, 'sigma_update': 0.689516956233819, 'eta_learning': 1.1016854856099854, 'sigma_boundary': 7.360405332007108, 'alpha': 0.6431910347030354}. Best is trial 50 with value: 0.49934111952518445.
[I 2026-03-06 03:40:08,457] Trial 52 finished with value: 0.5504883466522621 and parameters: {'sigma_noise': 0.32088844379327575, 'A_repulsion': 0.4804506387738603, 'gamma': 0.8776969424014995, 'sigma_update': 0.6968818071931371, 'eta_learning': 1.2361030454222695, 'sigma_boundary': 7.3684394902985355, 'alpha': 0.6512457446593574}. Best is trial 50 with value: 0.49934111952518445.
[I 2026-03-06 03:40:12,034] Trial 77 finished with value: 0.6936775782688587 and parameters: {'sigma_noise': 0.1381363195559274, 'A_repulsion': 0.16885453563796907, 'gamma': 0.7716535939417402, 'sigma_update': 0.6994929535712899, 'eta_learning': 1.742300642950283, 'sigma_boundary': 8.038152927197858, 'alpha': 0.7346487483949862}. Best is trial 50 with value: 0.49934111952518445.
[I 2026-03-06 03:40:16,731] Trial 58 finished with value: 0.6820908940480893 and parameters: {'sigma_noise': 0.3496191980066912, 'A_repulsion': 0.202433994930338, 'gamma': 0.786296569392147, 'sigma_update': 0.4518380271944437, 'eta_learning': 1.8469021104570635, 'sigma_boundary': 9.972921758826121, 'alpha': 0.7062676707301914}. Best is trial 50 with value: 0.49934111952518445.
[I 2026-03-06 03:40:16,896] Trial 78 finished with value: 0.6558134460217419 and parameters: {'sigma_noise': 0.13659878080312132, 'A_repulsion': 0.17897243059187345, 'gamma': 0.837267263490819, 'sigma_update': 0.6877677085015427, 'eta_learning': 0.6640864791539138, 'sigma_boundary': 5.731541292216603, 'alpha': 0.724980758600793}. Best is trial 50 with value: 0.49934111952518445.
[I 2026-03-06 03:40:25,989] Trial 79 finished with value: 0.7150314714295858 and parameters: {'sigma_noise': 0.1355666593066075, 'A_repulsion': 0.17065412360589038, 'gamma': 0.7590259561173458, 'sigma_update': 0.689983906492479, 'eta_learning': 1.7250843484596576, 'sigma_boundary': 5.807344615173914, 'alpha': 0.7399994753216758}. Best is trial 50 with value: 0.49934111952518445.
[I 2026-03-06 03:40:27,419] Trial 59 finished with value: 0.6468486416096899 and parameters: {'sigma_noise': 0.3694523858782543, 'A_repulsion': 0.19160356211130558, 'gamma': 0.7879706421016197, 'sigma_update': 0.4244701761038207, 'eta_learning': 1.7591015656297928, 'sigma_boundary': 5.916794195876681, 'alpha': 0.6712192811557398}. Best is trial 50 with value: 0.49934111952518445.
[I 2026-03-06 03:40:38,460] Trial 66 finished with value: 0.7110146753248768 and parameters: {'sigma_noise': 0.44214324438372804, 'A_repulsion': 0.08974587638193893, 'gamma': 0.7997927683221335, 'sigma_update': 0.583315079383137, 'eta_learning': 1.8097172356824633, 'sigma_boundary': 5.789893342336029, 'alpha': 0.6796346776915856}. Best is trial 50 with value: 0.49934111952518445.
[I 2026-03-06 03:40:47,872] Trial 63 finished with value: 0.7774335320188404 and parameters: {'sigma_noise': 0.4404790900894373, 'A_repulsion': 0.17449103058334842, 'gamma': 0.7727179739057637, 'sigma_update': 0.5998523657686898, 'eta_learning': 1.7839201703597056, 'sigma_boundary': 5.948874129521128, 'alpha': 0.6938058136670517}. Best is trial 50 with value: 0.49934111952518445.
[I 2026-03-06 03:40:48,973] Trial 65 finished with value: 0.6677759662936189 and parameters: {'sigma_noise': 0.42664940771248455, 'A_repulsion': 0.17178456657909297, 'gamma': 0.7763019223403318, 'sigma_update': 0.602539452584639, 'eta_learning': 1.766847729255207, 'sigma_boundary': 5.840614598476755, 'alpha': 0.9993501980225894}. Best is trial 50 with value: 0.49934111952518445.
[I 2026-03-06 03:41:06,550] Trial 80 finished with value: 0.6913792629708283 and parameters: {'sigma_noise': 0.146968149353714, 'A_repulsion': 0.17126993167457424, 'gamma': 0.8214174352353069, 'sigma_update': 0.6953809143726983, 'eta_learning': 1.5731733028339434, 'sigma_boundary': 7.918732861453289, 'alpha': 0.7107776554348753}. Best is trial 50 with value: 0.49934111952518445.
[I 2026-03-06 03:41:28,540] Trial 81 finished with value: 0.5769884153358144 and parameters: {'sigma_noise': 0.15009112194671864, 'A_repulsion': 0.1730754790665171, 'gamma': 0.8421942742648199, 'sigma_update': 0.6826379587449741, 'eta_learning': 0.7320472753540617, 'sigma_boundary': 7.750159875948176, 'alpha': 0.7704779612202267}. Best is trial 50 with value: 0.49934111952518445.
[I 2026-03-06 03:41:36,770] Trial 82 finished with value: 0.7394608637485461 and parameters: {'sigma_noise': 0.14684925350662154, 'A_repulsion': 0.18529783959179588, 'gamma': 0.9960782400240099, 'sigma_update': 0.6969932368596832, 'eta_learning': 1.7124809555673208, 'sigma_boundary': 7.903678805368666, 'alpha': 0.7705559937961546}. Best is trial 50 with value: 0.49934111952518445.
[I 2026-03-06 03:41:42,628] Trial 83 finished with value: 0.6097470289933362 and parameters: {'sigma_noise': 0.1410172576861117, 'A_repulsion': 0.17468309247180114, 'gamma': 0.8281059652975491, 'sigma_update': 0.6104877200633854, 'eta_learning': 1.7646846023208997, 'sigma_boundary': 7.994897612411351, 'alpha': 0.7555366947569742}. Best is trial 50 with value: 0.49934111952518445.
[I 2026-03-06 03:41:52,133] Trial 84 finished with value: 0.5550102293668532 and parameters: {'sigma_noise': 0.15723278700848953, 'A_repulsion': 0.17098524456365347, 'gamma': 0.8485560552009462, 'sigma_update': 0.6939961226484896, 'eta_learning': 1.6582947031899662, 'sigma_boundary': 7.857461116495118, 'alpha': 0.7677183008004225}. Best is trial 50 with value: 0.49934111952518445.
[I 2026-03-06 03:42:00,127] Trial 96 finished with value: 0.7461941516373668 and parameters: {'sigma_noise': 0.08154030397408596, 'A_repulsion': 0.048707950853997976, 'gamma': 0.996794706804517, 'sigma_update': 0.6850166694454521, 'eta_learning': 2.150783901742782, 'sigma_boundary': 5.472841660962662, 'alpha': 0.7935077052158619}. Best is trial 50 with value: 0.49934111952518445.
[I 2026-03-06 03:42:03,448] Trial 85 finished with value: 0.7398197746746846 and parameters: {'sigma_noise': 0.14098936050392286, 'A_repulsion': 0.16190552411507272, 'gamma': 0.9961098194539821, 'sigma_update': 0.6304043152777399, 'eta_learning': 1.6937894998462455, 'sigma_boundary': 8.079639885651945, 'alpha': 0.7709245132982018}. Best is trial 50 with value: 0.49934111952518445.
[I 2026-03-06 03:42:09,138] Trial 97 finished with value: 0.6287168584055249 and parameters: {'sigma_noise': 0.08774698303819689, 'A_repulsion': 0.04904041163512303, 'gamma': 0.8573513482071602, 'sigma_update': 0.2573919106580387, 'eta_learning': 2.061725021953082, 'sigma_boundary': 5.421620862829284, 'alpha': 0.8060235919921482}. Best is trial 50 with value: 0.49934111952518445.
[I 2026-03-06 03:42:11,558] Trial 94 finished with value: 0.6858245504250011 and parameters: {'sigma_noise': 0.08975124195708524, 'A_repulsion': 0.1711907577285537, 'gamma': 0.8526927704586716, 'sigma_update': 0.6873306984376248, 'eta_learning': 2.062674474515903, 'sigma_boundary': 8.14858072012463, 'alpha': 0.8216717190511522}. Best is trial 50 with value: 0.49934111952518445.
[I 2026-03-06 03:42:12,426] Trial 98 finished with value: 0.6845784570133044 and parameters: {'sigma_noise': 0.08743443511834367, 'A_repulsion': 0.05465376331756347, 'gamma': 0.8777548773163681, 'sigma_update': 0.26231382993358304, 'eta_learning': 2.073018729514652, 'sigma_boundary': 5.638282757283846, 'alpha': 0.794499938365482}. Best is trial 50 with value: 0.49934111952518445.
[I 2026-03-06 03:42:15,215] Trial 99 finished with value: 0.7592498170077215 and parameters: {'sigma_noise': 0.08655574741685121, 'A_repulsion': 0.041402612862432124, 'gamma': 0.9870970301468743, 'sigma_update': 0.6994131179252141, 'eta_learning': 2.0861403812240575, 'sigma_boundary': 5.4390352827462545, 'alpha': 0.7946971128097365}. Best is trial 50 with value: 0.49934111952518445.
[I 2026-03-06 03:42:20,035] Trial 101 finished with value: 0.7986263724898893 and parameters: {'sigma_noise': 0.08623116593082976, 'A_repulsion': 0.04743914868046521, 'gamma': 0.9830017721017916, 'sigma_update': 0.6245363770101746, 'eta_learning': 1.9813876663576273, 'sigma_boundary': 5.3680765281368945, 'alpha': 0.8071838450628535}. Best is trial 50 with value: 0.49934111952518445.
[I 2026-03-06 03:42:21,693] Trial 109 finished with value: 0.7905059831666511 and parameters: {'sigma_noise': 0.08275464682043036, 'A_repulsion': 0.05357104955096434, 'gamma': 0.9790443548111669, 'sigma_update': 0.6305669691722581, 'eta_learning': 2.0887130493054187, 'sigma_boundary': 5.590395253390046, 'alpha': 0.7822166539704516}. Best is trial 50 with value: 0.49934111952518445.
[I 2026-03-06 03:42:35,126] Trial 86 finished with value: 0.5713782777426479 and parameters: {'sigma_noise': 0.14614933266942132, 'A_repulsion': 0.17641643122011602, 'gamma': 0.8609452417939438, 'sigma_update': 0.6869331174468771, 'eta_learning': 1.878040064799389, 'sigma_boundary': 7.988188517934651, 'alpha': 0.7714379974836103}. Best is trial 50 with value: 0.49934111952518445.
[I 2026-03-06 03:42:39,601] Trial 87 finished with value: 0.5360458280777282 and parameters: {'sigma_noise': 0.14483785669859536, 'A_repulsion': 0.17361905172448605, 'gamma': 0.8351627808218512, 'sigma_update': 0.5855779796153552, 'eta_learning': 1.819931837804252, 'sigma_boundary': 7.991778524188088, 'alpha': 0.7846136245328986}. Best is trial 50 with value: 0.49934111952518445.
[I 2026-03-06 03:42:42,026] Trial 106 finished with value: 0.7009773767917681 and parameters: {'sigma_noise': 0.15687119342213643, 'A_repulsion': 0.055045915203468375, 'gamma': 0.9995541375896037, 'sigma_update': 0.6374396286288144, 'eta_learning': 2.027142385850862, 'sigma_boundary': 6.979376822543755, 'alpha': 0.7909271304912556}. Best is trial 50 with value: 0.49934111952518445.
[I 2026-03-06 03:42:43,038] Trial 90 finished with value: 0.6588689842526123 and parameters: {'sigma_noise': 0.1410612652555759, 'A_repulsion': 0.1754576868678771, 'gamma': 0.7374892011810936, 'sigma_update': 0.6930560087727997, 'eta_learning': 2.138802555589022, 'sigma_boundary': 5.4498124582610075, 'alpha': 0.7657623139224863}. Best is trial 50 with value: 0.49934111952518445.
[I 2026-03-06 03:42:43,442] Trial 89 finished with value: 0.6914487103622342 and parameters: {'sigma_noise': 0.1469111337541374, 'A_repulsion': 0.17445350585408798, 'gamma': 0.8547104447593243, 'sigma_update': 0.69548780791871, 'eta_learning': 2.0912530073952684, 'sigma_boundary': 8.013843061587034, 'alpha': 0.7069955145617813}. Best is trial 50 with value: 0.49934111952518445.
[I 2026-03-06 03:42:43,806] Trial 108 finished with value: 0.7119084687648934 and parameters: {'sigma_noise': 0.15608741344712834, 'A_repulsion': 0.046258263241748795, 'gamma': 0.9838969419129778, 'sigma_update': 0.6227145433556217, 'eta_learning': 2.0994840512984108, 'sigma_boundary': 7.516441898592694, 'alpha': 0.7829156414492445}. Best is trial 50 with value: 0.49934111952518445.
[I 2026-03-06 03:42:44,058] Trial 88 finished with value: 0.5860694487826985 and parameters: {'sigma_noise': 0.15052510736943864, 'A_repulsion': 0.1740896377814461, 'gamma': 0.9991109945828661, 'sigma_update': 0.6971508769909613, 'eta_learning': 2.176672424490572, 'sigma_boundary': 7.938696780733035, 'alpha': 0.7497766043211966}. Best is trial 50 with value: 0.49934111952518445.
[I 2026-03-06 03:42:44,360] Trial 102 finished with value: 0.5571737768493326 and parameters: {'sigma_noise': 0.15390648886322086, 'A_repulsion': 0.02989243902232877, 'gamma': 0.8539050366048924, 'sigma_update': 0.633289028263842, 'eta_learning': 2.077014603193212, 'sigma_boundary': 5.481470382680299, 'alpha': 0.7933639870293852}. Best is trial 50 with value: 0.49934111952518445.
[I 2026-03-06 03:42:52,667] Trial 92 finished with value: 0.6518342369689025 and parameters: {'sigma_noise': 0.1518921384020392, 'A_repulsion': 0.18561568650777005, 'gamma': 0.7244555283846117, 'sigma_update': 0.686724286430425, 'eta_learning': 2.062911406152627, 'sigma_boundary': 5.459517376468398, 'alpha': 0.8032994790165062}. Best is trial 50 with value: 0.49934111952518445.
[I 2026-03-06 03:42:56,778] Trial 107 finished with value: 0.6642738486507194 and parameters: {'sigma_noise': 0.15600826391686584, 'A_repulsion': 0.057007367013687124, 'gamma': 0.9942006975680184, 'sigma_update': 0.6292845893581425, 'eta_learning': 0.7039589890779115, 'sigma_boundary': 5.3795631559296595, 'alpha': 0.7779434705882818}. Best is trial 50 with value: 0.49934111952518445.
[I 2026-03-06 03:43:00,551] Trial 104 finished with value: 0.6227925521636788 and parameters: {'sigma_noise': 0.15738546871539694, 'A_repulsion': 0.04782228911020167, 'gamma': 0.8660123621032886, 'sigma_update': 0.6235379184448775, 'eta_learning': 2.034857681287356, 'sigma_boundary': 5.476435585081154, 'alpha': 0.7947281350335968}. Best is trial 50 with value: 0.49934111952518445.
[I 2026-03-06 03:43:00,731] Trial 91 finished with value: 0.626965720031675 and parameters: {'sigma_noise': 0.14838783842088488, 'A_repulsion': 0.18707384484860318, 'gamma': 0.994018327483494, 'sigma_update': 0.6278592451539373, 'eta_learning': 2.1278924273792192, 'sigma_boundary': 7.9649638460047605, 'alpha': 0.806726687623146}. Best is trial 50 with value: 0.49934111952518445.
[I 2026-03-06 03:43:06,076] Trial 93 finished with value: 0.5768289072645079 and parameters: {'sigma_noise': 0.15552859032354233, 'A_repulsion': 0.18981202523004778, 'gamma': 0.8664338259702202, 'sigma_update': 0.5768305147804715, 'eta_learning': 2.1088482027254107, 'sigma_boundary': 5.318876464448396, 'alpha': 0.805683088544696}. Best is trial 50 with value: 0.49934111952518445.
[I 2026-03-06 03:43:07,158] Trial 110 finished with value: 0.6642737756372944 and parameters: {'sigma_noise': 0.15977144857949171, 'A_repulsion': 0.0549780760304979, 'gamma': 0.9940200847876933, 'sigma_update': 0.6268294923674866, 'eta_learning': 2.043278988560971, 'sigma_boundary': 7.302927883369491, 'alpha': 0.7828742243196825}. Best is trial 50 with value: 0.49934111952518445.
[I 2026-03-06 03:43:12,424] Trial 95 finished with value: 0.6196599593610947 and parameters: {'sigma_noise': 0.15547978779797605, 'A_repulsion': 0.2167469068395366, 'gamma': 0.9942353683641574, 'sigma_update': 0.6914909093807066, 'eta_learning': 2.2529113733797175, 'sigma_boundary': 7.885485912367811, 'alpha': 0.8087162505462804}. Best is trial 50 with value: 0.49934111952518445.
[I 2026-03-06 03:43:28,996] Trial 103 finished with value: 0.5317360951301893 and parameters: {'sigma_noise': 0.28833304396801945, 'A_repulsion': 0.051632306400603845, 'gamma': 0.8548967591272956, 'sigma_update': 0.6277523597181739, 'eta_learning': 2.099342739492891, 'sigma_boundary': 5.71144178129086, 'alpha': 0.7585818195678904}. Best is trial 50 with value: 0.49934111952518445.
[I 2026-03-06 03:43:33,107] Trial 105 finished with value: 0.5825533209195298 and parameters: {'sigma_noise': 0.19222505699984466, 'A_repulsion': 0.2286697350831225, 'gamma': 0.9998450445594229, 'sigma_update': 0.6328953922923197, 'eta_learning': 2.128062457818291, 'sigma_boundary': 6.975462799555258, 'alpha': 0.7823130034686436}. Best is trial 50 with value: 0.49934111952518445.
[I 2026-03-06 03:43:39,583] Trial 100 finished with value: 0.6723526991592076 and parameters: {'sigma_noise': 0.34481478148840705, 'A_repulsion': 0.053854530718527756, 'gamma': 0.8452352488259774, 'sigma_update': 0.6316163287820591, 'eta_learning': 2.1642578793631606, 'sigma_boundary': 5.278691531306928, 'alpha': 0.774223220944612}. Best is trial 50 with value: 0.49934111952518445.
[I 2026-03-06 03:44:01,196] Trial 118 finished with value: 0.5352043631023398 and parameters: {'sigma_noise': 0.2901544239057576, 'A_repulsion': 0.05049772474176458, 'gamma': 0.9988261728149239, 'sigma_update': 0.6264874373395589, 'eta_learning': 0.844623323688864, 'sigma_boundary': 5.228319290279424, 'alpha': 0.7813088118494401}. Best is trial 50 with value: 0.49934111952518445.
[I 2026-03-06 03:44:02,623] Trial 112 finished with value: 0.48066341320365236 and parameters: {'sigma_noise': 0.2993062192862276, 'A_repulsion': 0.2254809990627544, 'gamma': 0.9701940624951237, 'sigma_update': 0.6262357420901095, 'eta_learning': 2.0667658411286265, 'sigma_boundary': 5.358107683823353, 'alpha': 0.8030049433948172}. Best is trial 112 with value: 0.48066341320365236.
