/nfs/nhome/live/apourdehghan/Hybrid_hpc_utils.py:56: DtypeWarning: Columns (16) have mixed types. Specify dtype option on import or set low_memory=False.
  data = pd.read_csv(data_path)
[I 2026-03-06 03:32:46,358] A new study created in memory with name: no-name-d1b4a208-2e4c-427a-a102-698889838a77
[I 2026-03-06 03:34:40,893] Trial 13 finished with value: 0.7238719586064698 and parameters: {'sigma_noise': 0.05033960032187852, 'A_repulsion': 0.11652999539288267, 'gamma': 0.06923882682982746, 'sigma_update': 0.3373979464379363, 'eta_learning': 0.9390735574158665, 'sigma_boundary': 4.547839935049524, 'alpha': 0.394253372851639}. Best is trial 13 with value: 0.7238719586064698.
[I 2026-03-06 03:34:41,128] Trial 33 finished with value: 0.5873361967746351 and parameters: {'sigma_noise': 0.07199088331405888, 'A_repulsion': 0.04317173546906872, 'gamma': 0.9097914938730097, 'sigma_update': 0.6195289384579081, 'eta_learning': 0.27546758134828175, 'sigma_boundary': 8.986962901782231, 'alpha': 0.9800324268699783}. Best is trial 33 with value: 0.5873361967746351.
[I 2026-03-06 03:34:51,635] Trial 32 finished with value: 2.515238690896659 and parameters: {'sigma_noise': 0.13385586578898345, 'A_repulsion': 0.03311860296430996, 'gamma': 0.4184149032982092, 'sigma_update': 0.5493342948942997, 'eta_learning': 2.9020003331290853, 'sigma_boundary': 0.3368983695002897, 'alpha': 0.004602128585072696}. Best is trial 33 with value: 0.5873361967746351.
[I 2026-03-06 03:35:03,198] Trial 2 finished with value: 0.7118211327866686 and parameters: {'sigma_noise': 0.11173564170756244, 'A_repulsion': 0.18090076382357767, 'gamma': 0.9583872370455087, 'sigma_update': 0.14835374147870173, 'eta_learning': 0.5486059363374656, 'sigma_boundary': 5.943487240397316, 'alpha': 0.8690144193399785}. Best is trial 33 with value: 0.5873361967746351.
[I 2026-03-06 03:35:08,468] Trial 26 finished with value: 2.663613707832639 and parameters: {'sigma_noise': 0.17108997308529372, 'A_repulsion': 0.005563209884098197, 'gamma': 0.27788144189683145, 'sigma_update': 0.034840524434932796, 'eta_learning': 1.8054259801797803, 'sigma_boundary': 2.5708941111201495, 'alpha': 0.9864752733601366}. Best is trial 33 with value: 0.5873361967746351.
[I 2026-03-06 03:35:09,923] Trial 0 finished with value: 0.6202972565203435 and parameters: {'sigma_noise': 0.16399995817773705, 'A_repulsion': 0.053217623968024874, 'gamma': 0.6601069082985321, 'sigma_update': 0.09294518564688675, 'eta_learning': 0.49927116296861823, 'sigma_boundary': 0.29659081658832975, 'alpha': 0.3941088269741495}. Best is trial 33 with value: 0.5873361967746351.
[I 2026-03-06 03:35:16,441] Trial 14 finished with value: 0.647964682857307 and parameters: {'sigma_noise': 0.21045143299529706, 'A_repulsion': 0.0005250722888602843, 'gamma': 0.8040637221912025, 'sigma_update': 0.30168162268938453, 'eta_learning': 0.054669453026704125, 'sigma_boundary': 8.407731944311758, 'alpha': 0.13516229012639358}. Best is trial 33 with value: 0.5873361967746351.
[I 2026-03-06 03:35:16,496] Trial 6 finished with value: 0.5559671061496076 and parameters: {'sigma_noise': 0.15577133471749818, 'A_repulsion': 0.11817655793621545, 'gamma': 0.7432084756626572, 'sigma_update': 0.5697010850268229, 'eta_learning': 1.1619310492502573, 'sigma_boundary': 7.193339736123516, 'alpha': 0.9217173166682026}. Best is trial 6 with value: 0.5559671061496076.
[I 2026-03-06 03:35:17,529] Trial 36 finished with value: 0.8874156773457487 and parameters: {'sigma_noise': 0.09616354901692731, 'A_repulsion': 0.2536094277229047, 'gamma': 0.46865313360494204, 'sigma_update': 0.49997113147843414, 'eta_learning': 2.4704555860309965, 'sigma_boundary': 9.209776848695782, 'alpha': 0.5532491251033225}. Best is trial 6 with value: 0.5559671061496076.
[I 2026-03-06 03:35:19,373] Trial 34 finished with value: 0.6694576346356078 and parameters: {'sigma_noise': 0.17508395847460706, 'A_repulsion': 0.08862806142340018, 'gamma': 0.20789094782159248, 'sigma_update': 0.5132899236140476, 'eta_learning': 0.2405116573592755, 'sigma_boundary': 3.2592508315633917, 'alpha': 0.22742471922039165}. Best is trial 6 with value: 0.5559671061496076.
[I 2026-03-06 03:35:24,294] Trial 20 finished with value: 0.6007039221081752 and parameters: {'sigma_noise': 0.1656808456250544, 'A_repulsion': 0.12418218689502974, 'gamma': 0.5936121932232353, 'sigma_update': 0.5683739342819418, 'eta_learning': 1.4844386098472002, 'sigma_boundary': 6.594588904707943, 'alpha': 0.836183645264677}. Best is trial 6 with value: 0.5559671061496076.
[I 2026-03-06 03:35:24,805] Trial 27 finished with value: 0.6292381700268608 and parameters: {'sigma_noise': 0.07488096503057654, 'A_repulsion': 0.3535027531376029, 'gamma': 0.08881699943381176, 'sigma_update': 0.10053118562177632, 'eta_learning': 2.4797673740614914, 'sigma_boundary': 8.808083896903456, 'alpha': 0.8529621947979539}. Best is trial 6 with value: 0.5559671061496076.
[I 2026-03-06 03:35:27,786] Trial 19 finished with value: 1.1883125681346751 and parameters: {'sigma_noise': 0.06561719406077647, 'A_repulsion': 0.2940825335569378, 'gamma': 0.42533708807285053, 'sigma_update': 0.015452949394115536, 'eta_learning': 0.4835830363489235, 'sigma_boundary': 4.095836639926437, 'alpha': 0.8768843869209216}. Best is trial 6 with value: 0.5559671061496076.
[I 2026-03-06 03:35:35,800] Trial 7 finished with value: 1.1883532139923372 and parameters: {'sigma_noise': 0.051497419809397905, 'A_repulsion': 0.4935763358040269, 'gamma': 0.15305936038292717, 'sigma_update': 0.03234689782948856, 'eta_learning': 2.5023921462720833, 'sigma_boundary': 4.514774409679015, 'alpha': 0.4242106890594992}. Best is trial 6 with value: 0.5559671061496076.
[I 2026-03-06 03:35:35,806] Trial 21 finished with value: 1.4196705790035424 and parameters: {'sigma_noise': 0.17559864868110397, 'A_repulsion': 0.13014677974291533, 'gamma': 0.4677740508328062, 'sigma_update': 0.09801348092351267, 'eta_learning': 2.389970841633755, 'sigma_boundary': 4.784366483149096, 'alpha': 0.2701807619530465}. Best is trial 6 with value: 0.5559671061496076.
[I 2026-03-06 03:35:37,658] Trial 18 finished with value: 0.6140404601004876 and parameters: {'sigma_noise': 0.18803573842506854, 'A_repulsion': 0.14289002236588833, 'gamma': 0.9054240097391438, 'sigma_update': 0.6653827190552031, 'eta_learning': 1.187085170426392, 'sigma_boundary': 7.460173005476722, 'alpha': 0.5736270255032259}. Best is trial 6 with value: 0.5559671061496076.
[I 2026-03-06 03:35:40,301] Trial 16 finished with value: 2.810849197863604 and parameters: {'sigma_noise': 0.26859798724877276, 'A_repulsion': 0.04053629722460933, 'gamma': 0.6366162158877728, 'sigma_update': 0.3441150048951943, 'eta_learning': 2.9597659092989446, 'sigma_boundary': 7.241276680150782, 'alpha': 0.07969381467801173}. Best is trial 6 with value: 0.5559671061496076.
[I 2026-03-06 03:35:46,718] Trial 35 finished with value: 2.803402598233574 and parameters: {'sigma_noise': 0.22754083134605024, 'A_repulsion': 0.11981643705315903, 'gamma': 0.5270181016495915, 'sigma_update': 0.17859428366224142, 'eta_learning': 0.8314774151567866, 'sigma_boundary': 7.708576977584324, 'alpha': 0.06444268350248439}. Best is trial 6 with value: 0.5559671061496076.
[I 2026-03-06 03:35:55,199] Trial 37 finished with value: 1.5233054128670325 and parameters: {'sigma_noise': 0.259724938740282, 'A_repulsion': 0.12567624622019352, 'gamma': 0.3513640982856163, 'sigma_update': 0.6438791320720947, 'eta_learning': 1.4219807114421252, 'sigma_boundary': 4.776480599666595, 'alpha': 0.48191549207543805}. Best is trial 6 with value: 0.5559671061496076.
[I 2026-03-06 03:36:02,870] Trial 9 finished with value: 3.4797897262878372 and parameters: {'sigma_noise': 0.19676657480596116, 'A_repulsion': 0.2796923830348591, 'gamma': 0.2379920795509405, 'sigma_update': 0.30013779292026205, 'eta_learning': 1.018946737911643, 'sigma_boundary': 9.403199362283724, 'alpha': 0.04832848627160047}. Best is trial 6 with value: 0.5559671061496076.
[I 2026-03-06 03:36:03,866] Trial 17 finished with value: 3.2922966825801137 and parameters: {'sigma_noise': 0.33233255162129244, 'A_repulsion': 0.06656774303713547, 'gamma': 0.02651109999568118, 'sigma_update': 0.4084198027266374, 'eta_learning': 2.3243142696577204, 'sigma_boundary': 6.689267475674038, 'alpha': 0.046293981806835305}. Best is trial 6 with value: 0.5559671061496076.
[I 2026-03-06 03:36:10,731] Trial 22 finished with value: 0.904625233535564 and parameters: {'sigma_noise': 0.23688439536978295, 'A_repulsion': 0.23626046568460574, 'gamma': 0.9447034000799629, 'sigma_update': 0.44033164306375017, 'eta_learning': 1.101211965456287, 'sigma_boundary': 9.994487337684431, 'alpha': 0.35935649383697565}. Best is trial 6 with value: 0.5559671061496076.
[I 2026-03-06 03:36:12,477] Trial 3 finished with value: 0.7971553953842043 and parameters: {'sigma_noise': 0.25634569513414435, 'A_repulsion': 0.20863885318345732, 'gamma': 0.562983200328539, 'sigma_update': 0.1280300717828668, 'eta_learning': 2.649380758566276, 'sigma_boundary': 3.1052216902562364, 'alpha': 0.7659298726311773}. Best is trial 6 with value: 0.5559671061496076.
[I 2026-03-06 03:36:18,248] Trial 1 finished with value: 1.501276935071913 and parameters: {'sigma_noise': 0.3317619485278464, 'A_repulsion': 0.12233272699132292, 'gamma': 0.6955174327330269, 'sigma_update': 0.1777462214886896, 'eta_learning': 0.40607213859960545, 'sigma_boundary': 8.77753490219147, 'alpha': 0.26861517063343054}. Best is trial 6 with value: 0.5559671061496076.
[I 2026-03-06 03:36:20,113] Trial 15 finished with value: 0.6312768607258028 and parameters: {'sigma_noise': 0.22399996990599108, 'A_repulsion': 0.28206020862822734, 'gamma': 0.4126642741223267, 'sigma_update': 0.3709917336981263, 'eta_learning': 0.7808227105360253, 'sigma_boundary': 4.2260676963581565, 'alpha': 0.8689196294690238}. Best is trial 6 with value: 0.5559671061496076.
[I 2026-03-06 03:36:24,524] Trial 5 finished with value: 1.6865723798827639 and parameters: {'sigma_noise': 0.29500728674250626, 'A_repulsion': 0.207558223050952, 'gamma': 0.903447866978431, 'sigma_update': 0.3472757958677069, 'eta_learning': 2.6187359146812335, 'sigma_boundary': 3.20346547290084, 'alpha': 0.31347486950013526}. Best is trial 6 with value: 0.5559671061496076.
[I 2026-03-06 03:36:27,411] Trial 28 finished with value: 0.7049050378521263 and parameters: {'sigma_noise': 0.38197997312325604, 'A_repulsion': 0.14040312440145652, 'gamma': 0.9219144842276831, 'sigma_update': 0.5356894004495529, 'eta_learning': 0.3212266885896518, 'sigma_boundary': 4.622338694103299, 'alpha': 0.564434630739351}. Best is trial 6 with value: 0.5559671061496076.
[I 2026-03-06 03:36:27,414] Trial 29 finished with value: 2.8336325490871905 and parameters: {'sigma_noise': 0.3734302550674626, 'A_repulsion': 0.14438586384640822, 'gamma': 0.564891188666816, 'sigma_update': 0.4975648096211689, 'eta_learning': 0.39640145375994756, 'sigma_boundary': 8.978085423902227, 'alpha': 0.1601238065616002}. Best is trial 6 with value: 0.5559671061496076.
[I 2026-03-06 03:36:35,477] Trial 23 finished with value: 0.8337427746136303 and parameters: {'sigma_noise': 0.2685948328504078, 'A_repulsion': 0.25310721000163006, 'gamma': 0.04640657050194687, 'sigma_update': 0.41780595108271185, 'eta_learning': 1.8790798001814655, 'sigma_boundary': 8.972578774333478, 'alpha': 0.6166386986491152}. Best is trial 6 with value: 0.5559671061496076.
[I 2026-03-06 03:36:36,151] Trial 25 finished with value: 3.4797897262878372 and parameters: {'sigma_noise': 0.4350787779334548, 'A_repulsion': 0.11951072399265511, 'gamma': 0.3696229721766285, 'sigma_update': 0.5600594194261623, 'eta_learning': 0.4311518919783528, 'sigma_boundary': 7.178506600258397, 'alpha': 0.05964656015472458}. Best is trial 6 with value: 0.5559671061496076.
[I 2026-03-06 03:36:40,981] Trial 12 finished with value: 3.0322777991213563 and parameters: {'sigma_noise': 0.2692620151740563, 'A_repulsion': 0.3756123500433691, 'gamma': 0.5706971948592366, 'sigma_update': 0.04301562448580506, 'eta_learning': 0.9758423762713105, 'sigma_boundary': 6.093058733191627, 'alpha': 0.23854712004928058}. Best is trial 6 with value: 0.5559671061496076.
[I 2026-03-06 03:36:41,033] Trial 11 finished with value: 0.6991051554698724 and parameters: {'sigma_noise': 0.3225659528414711, 'A_repulsion': 0.28653061549782766, 'gamma': 0.6305139029283308, 'sigma_update': 0.09576580830942394, 'eta_learning': 1.2441309795184983, 'sigma_boundary': 4.909384731274412, 'alpha': 0.926960280786799}. Best is trial 6 with value: 0.5559671061496076.
[I 2026-03-06 03:36:45,337] Trial 39 finished with value: 2.5435220966034966 and parameters: {'sigma_noise': 0.25270613016488924, 'A_repulsion': 0.44181377519854936, 'gamma': 0.5900998719052507, 'sigma_update': 0.4215635536079617, 'eta_learning': 2.456481521172657, 'sigma_boundary': 4.811157881970796, 'alpha': 0.28710239892965983}. Best is trial 6 with value: 0.5559671061496076.
[I 2026-03-06 03:36:51,123] Trial 31 finished with value: 0.7917340875843675 and parameters: {'sigma_noise': 0.2672561538005352, 'A_repulsion': 0.4588432301181377, 'gamma': 0.44702240592508014, 'sigma_update': 0.27190493667130516, 'eta_learning': 1.271256294799645, 'sigma_boundary': 0.6683018053240574, 'alpha': 0.9740242879195594}. Best is trial 6 with value: 0.5559671061496076.
[I 2026-03-06 03:36:52,746] Trial 8 finished with value: 2.8439500629224708 and parameters: {'sigma_noise': 0.31903532093660003, 'A_repulsion': 0.42510592883381343, 'gamma': 0.6830965013236504, 'sigma_update': 0.2208610906872655, 'eta_learning': 2.916651538075813, 'sigma_boundary': 4.106866135284697, 'alpha': 0.2959611478674039}. Best is trial 6 with value: 0.5559671061496076.
[I 2026-03-06 03:36:53,095] Trial 24 finished with value: 1.4274011077201485 and parameters: {'sigma_noise': 0.2704335417180067, 'A_repulsion': 0.4475723822597887, 'gamma': 0.03940801888819087, 'sigma_update': 0.18566445255348127, 'eta_learning': 0.14301218949355907, 'sigma_boundary': 4.477142225516943, 'alpha': 0.11844688365819722}. Best is trial 6 with value: 0.5559671061496076.
[I 2026-03-06 03:36:55,752] Trial 10 finished with value: 2.0380443637391696 and parameters: {'sigma_noise': 0.4350735286388898, 'A_repulsion': 0.24002967919100937, 'gamma': 0.7879668654181649, 'sigma_update': 0.4012531939563935, 'eta_learning': 1.1938556576677073, 'sigma_boundary': 9.391302296579841, 'alpha': 0.3654009294831202}. Best is trial 6 with value: 0.5559671061496076.
[I 2026-03-06 03:37:03,004] Trial 4 finished with value: 3.4797897262878372 and parameters: {'sigma_noise': 0.4025670567736041, 'A_repulsion': 0.4977904669131262, 'gamma': 0.952522475627748, 'sigma_update': 0.1224855130957562, 'eta_learning': 1.0819687813905268, 'sigma_boundary': 3.731316868349143, 'alpha': 0.24288158854898556}. Best is trial 6 with value: 0.5559671061496076.
[I 2026-03-06 03:37:08,388] Trial 38 finished with value: 3.4797897262878372 and parameters: {'sigma_noise': 0.4199953910717573, 'A_repulsion': 0.48074834294832525, 'gamma': 0.045912566658975876, 'sigma_update': 0.33236966810681284, 'eta_learning': 1.5111481988503492, 'sigma_boundary': 8.47986351315724, 'alpha': 0.04888944799446582}. Best is trial 6 with value: 0.5559671061496076.
[I 2026-03-06 03:37:12,350] Trial 30 finished with value: 0.8458925528887782 and parameters: {'sigma_noise': 0.4266371916960754, 'A_repulsion': 0.4583633097778268, 'gamma': 0.4422490372564302, 'sigma_update': 0.5546096020921216, 'eta_learning': 0.517571837471958, 'sigma_boundary': 4.923507891968355, 'alpha': 0.8913962111816872}. Best is trial 6 with value: 0.5559671061496076.
[I 2026-03-06 03:37:47,526] Trial 40 finished with value: 2.4741802846928356 and parameters: {'sigma_noise': 0.11153948114826054, 'A_repulsion': 0.0987735564938077, 'gamma': 0.41067790283273253, 'sigma_update': 0.029615794510036715, 'eta_learning': 0.5411871180994868, 'sigma_boundary': 5.822413554549397, 'alpha': 0.530568025839412}. Best is trial 6 with value: 0.5559671061496076.
[I 2026-03-06 03:38:09,133] Trial 42 finished with value: 2.326886922124352 and parameters: {'sigma_noise': 0.10449392422988663, 'A_repulsion': 0.2881574982524038, 'gamma': 0.13566849654215893, 'sigma_update': 0.47334168407213584, 'eta_learning': 1.1576081683381922, 'sigma_boundary': 0.41969474213357516, 'alpha': 0.09464743322481772}. Best is trial 6 with value: 0.5559671061496076.
[I 2026-03-06 03:38:10,501] Trial 44 finished with value: 0.6006744697600548 and parameters: {'sigma_noise': 0.11525220454329066, 'A_repulsion': 0.1769148185276181, 'gamma': 0.9203280275580928, 'sigma_update': 0.28408640435038235, 'eta_learning': 1.5701014112552585, 'sigma_boundary': 8.445941256388547, 'alpha': 0.8414655884529085}. Best is trial 6 with value: 0.5559671061496076.
[I 2026-03-06 03:38:19,439] Trial 46 finished with value: 1.8565474124990424 and parameters: {'sigma_noise': 0.06359267999347158, 'A_repulsion': 0.34655358556813204, 'gamma': 0.1462298207185833, 'sigma_update': 0.654631315096807, 'eta_learning': 2.686026947713167, 'sigma_boundary': 9.227120107183051, 'alpha': 0.17367027277728664}. Best is trial 6 with value: 0.5559671061496076.
[I 2026-03-06 03:38:21,683] Trial 45 finished with value: 1.5227717305933632 and parameters: {'sigma_noise': 0.11837412592174507, 'A_repulsion': 0.27553497328864257, 'gamma': 0.4357796245755218, 'sigma_update': 0.46148619420667386, 'eta_learning': 1.4004945563885391, 'sigma_boundary': 4.265660966175038, 'alpha': 0.26909621143699625}. Best is trial 6 with value: 0.5559671061496076.
[I 2026-03-06 03:38:33,852] Trial 43 finished with value: 0.7524143464607673 and parameters: {'sigma_noise': 0.22138746744818322, 'A_repulsion': 0.13657394733735606, 'gamma': 0.10311051767461739, 'sigma_update': 0.4924576720457703, 'eta_learning': 1.1600485640413953, 'sigma_boundary': 6.871712951385435, 'alpha': 0.91176918281927}. Best is trial 6 with value: 0.5559671061496076.
[I 2026-03-06 03:38:56,144] Trial 47 finished with value: 1.6248841466846553 and parameters: {'sigma_noise': 0.37738427621422993, 'A_repulsion': 0.00931000894188827, 'gamma': 0.41895111356268255, 'sigma_update': 0.6166654530413026, 'eta_learning': 2.5971373498159664, 'sigma_boundary': 0.7621646474112848, 'alpha': 0.4416110168584888}. Best is trial 6 with value: 0.5559671061496076.
[I 2026-03-06 03:38:58,227] Trial 67 finished with value: 0.5974114487836137 and parameters: {'sigma_noise': 0.14118917333660086, 'A_repulsion': 0.08017475118554998, 'gamma': 0.7866448819255668, 'sigma_update': 0.6048056724577038, 'eta_learning': 1.836401983738846, 'sigma_boundary': 6.287654182024552, 'alpha': 0.6846329715553892}. Best is trial 6 with value: 0.5559671061496076.
[I 2026-03-06 03:39:01,555] Trial 68 finished with value: 0.6376234889651141 and parameters: {'sigma_noise': 0.141761446054891, 'A_repulsion': 0.07903152225143292, 'gamma': 0.764016054170711, 'sigma_update': 0.5994787483911993, 'eta_learning': 1.666236829860301, 'sigma_boundary': 6.17037296372639, 'alpha': 0.9755790765793754}. Best is trial 6 with value: 0.5559671061496076.
[I 2026-03-06 03:39:04,805] Trial 61 finished with value: 0.5793293704808468 and parameters: {'sigma_noise': 0.12993302387535402, 'A_repulsion': 0.18891250356808748, 'gamma': 0.789242112517464, 'sigma_update': 0.5977163920294145, 'eta_learning': 1.7629976967993846, 'sigma_boundary': 6.170300531652019, 'alpha': 0.7595389506080232}. Best is trial 6 with value: 0.5559671061496076.
[I 2026-03-06 03:39:07,576] Trial 41 finished with value: 2.935849142690331 and parameters: {'sigma_noise': 0.3749067920522211, 'A_repulsion': 0.34696717472995375, 'gamma': 0.4605486655251331, 'sigma_update': 0.5326009068589324, 'eta_learning': 1.0021868625054455, 'sigma_boundary': 1.795719398059358, 'alpha': 0.25457955386767495}. Best is trial 6 with value: 0.5559671061496076.
[I 2026-03-06 03:39:11,125] Trial 62 finished with value: 0.6578140945474232 and parameters: {'sigma_noise': 0.13440115270694603, 'A_repulsion': 0.17047743048594555, 'gamma': 0.797549453111384, 'sigma_update': 0.586159436300052, 'eta_learning': 1.9485339597900107, 'sigma_boundary': 6.012963916007181, 'alpha': 0.6924193381124628}. Best is trial 6 with value: 0.5559671061496076.
[I 2026-03-06 03:39:11,437] Trial 69 finished with value: 0.6356228336816425 and parameters: {'sigma_noise': 0.13981660759363657, 'A_repulsion': 0.07590400329684764, 'gamma': 0.7835262595553134, 'sigma_update': 0.6314621569343702, 'eta_learning': 1.6017527274088144, 'sigma_boundary': 6.0671629606885755, 'alpha': 0.9991197753312563}. Best is trial 6 with value: 0.5559671061496076.
[I 2026-03-06 03:39:13,479] Trial 70 finished with value: 0.6383083434510862 and parameters: {'sigma_noise': 0.14190873297994375, 'A_repulsion': 0.07829138838655156, 'gamma': 0.8105371188347102, 'sigma_update': 0.6811592311466647, 'eta_learning': 1.3086267780414786, 'sigma_boundary': 7.933075774273925, 'alpha': 0.9970835950982907}. Best is trial 6 with value: 0.5559671061496076.
[I 2026-03-06 03:39:14,811] Trial 60 finished with value: 0.6265730499673381 and parameters: {'sigma_noise': 0.13017790652174832, 'A_repulsion': 0.19613750220648551, 'gamma': 0.7779389385252411, 'sigma_update': 0.5946260736876355, 'eta_learning': 1.8452833408980358, 'sigma_boundary': 6.472557577750296, 'alpha': 0.7167263311275179}. Best is trial 6 with value: 0.5559671061496076.
[I 2026-03-06 03:39:15,240] Trial 64 finished with value: 0.6170923823582625 and parameters: {'sigma_noise': 0.12351454201872664, 'A_repulsion': 0.1691631624216642, 'gamma': 0.7854343536701216, 'sigma_update': 0.6084876873648485, 'eta_learning': 1.7431072736961863, 'sigma_boundary': 5.981099539489417, 'alpha': 0.7029247180479832}. Best is trial 6 with value: 0.5559671061496076.
