[I 2026-03-06 03:54:35,575] Trial 5 finished with value: 0.5330064467213086 and parameters: {'sigma_noise': 0.3745693002075149, 'A_repulsion': 0.19763760071282438, 'gamma': 0.08444187157025489, 'sigma_update': 0.3227027671872989, 'eta_learning': 1.1937343183057378, 'sigma_boundary': 0.12417479282533893, 'alpha': 0.9593162380631385}. Best is trial 34 with value: 0.27563727768854696.
[I 2026-03-06 03:54:35,926] Trial 13 finished with value: 0.4425947402479491 and parameters: {'sigma_noise': 0.2073802726648159, 'A_repulsion': 0.47811095865020165, 'gamma': 0.690517644073826, 'sigma_update': 0.6001335758316081, 'eta_learning': 2.9194929996948664, 'sigma_boundary': 4.127946249785392, 'alpha': 0.764134922305575}. Best is trial 34 with value: 0.27563727768854696.
[I 2026-03-06 03:54:36,059] Trial 21 finished with value: 0.4529141610500574 and parameters: {'sigma_noise': 0.22255476345153186, 'A_repulsion': 0.3565186968495343, 'gamma': 0.5244299170109397, 'sigma_update': 0.6550292726515029, 'eta_learning': 2.1039872118127936, 'sigma_boundary': 3.9091255900441775, 'alpha': 0.7223586476869555}. Best is trial 34 with value: 0.27563727768854696.
[I 2026-03-06 03:54:43,658] Trial 0 finished with value: 1.160726471554032 and parameters: {'sigma_noise': 0.3450074977539135, 'A_repulsion': 0.2585140863669854, 'gamma': 0.37684646146335354, 'sigma_update': 0.4527128699009039, 'eta_learning': 2.6419405144502366, 'sigma_boundary': 7.655696015584448, 'alpha': 0.389151737239707}. Best is trial 34 with value: 0.27563727768854696.
[I 2026-03-06 03:54:45,476] Trial 11 finished with value: 1.4568892226638208 and parameters: {'sigma_noise': 0.22852651967123505, 'A_repulsion': 0.46177404589171744, 'gamma': 0.5473725005178116, 'sigma_update': 0.07559945863588265, 'eta_learning': 1.7564555544049059, 'sigma_boundary': 3.3964166416185133, 'alpha': 0.3237652375349481}. Best is trial 34 with value: 0.27563727768854696.
[I 2026-03-06 03:54:50,740] Trial 30 finished with value: 2.835800935623386 and parameters: {'sigma_noise': 0.2789246789339634, 'A_repulsion': 0.4523767002736536, 'gamma': 0.9082408703606659, 'sigma_update': 0.36927899560277383, 'eta_learning': 2.4529393109424475, 'sigma_boundary': 3.3517398018401474, 'alpha': 0.12999763383654506}. Best is trial 34 with value: 0.27563727768854696.
[I 2026-03-06 03:54:51,767] Trial 15 finished with value: 2.7426403821682843 and parameters: {'sigma_noise': 0.2694282729731566, 'A_repulsion': 0.484958274947139, 'gamma': 0.5298006669628267, 'sigma_update': 0.6983911714381561, 'eta_learning': 0.6944567334171782, 'sigma_boundary': 7.783294112884921, 'alpha': 0.1370247463992853}. Best is trial 34 with value: 0.27563727768854696.
[I 2026-03-06 03:54:52,986] Trial 19 finished with value: 2.7385648776053517 and parameters: {'sigma_noise': 0.3051211855191563, 'A_repulsion': 0.3690803953145351, 'gamma': 0.3143057966044292, 'sigma_update': 0.07936125214090298, 'eta_learning': 0.7564063978599244, 'sigma_boundary': 4.880684965900586, 'alpha': 0.2092766327269978}. Best is trial 34 with value: 0.27563727768854696.
[I 2026-03-06 03:55:05,641] Trial 1 finished with value: 2.2967414679442864 and parameters: {'sigma_noise': 0.4238642742566985, 'A_repulsion': 0.3227112676346637, 'gamma': 0.33760739634578324, 'sigma_update': 0.6535609134050996, 'eta_learning': 1.5415675752042546, 'sigma_boundary': 3.8900146361757044, 'alpha': 0.3025799120337648}. Best is trial 34 with value: 0.27563727768854696.
[I 2026-03-06 03:55:08,829] Trial 20 finished with value: 0.48168477838162543 and parameters: {'sigma_noise': 0.3830717257458571, 'A_repulsion': 0.3723178005055876, 'gamma': 0.7678556929339345, 'sigma_update': 0.6337373721088608, 'eta_learning': 1.402849346411006, 'sigma_boundary': 0.6966493250211419, 'alpha': 0.6478943039112203}. Best is trial 34 with value: 0.27563727768854696.
[I 2026-03-06 03:55:09,949] Trial 2 finished with value: 0.45197888252456303 and parameters: {'sigma_noise': 0.4262644214605567, 'A_repulsion': 0.34938693854716313, 'gamma': 0.9689231677132858, 'sigma_update': 0.11088305794347893, 'eta_learning': 0.6365053210148258, 'sigma_boundary': 6.32803029619137, 'alpha': 0.9773027306711571}. Best is trial 34 with value: 0.27563727768854696.
[I 2026-03-06 03:55:13,171] Trial 3 finished with value: 0.44717725674346276 and parameters: {'sigma_noise': 0.41571243724429185, 'A_repulsion': 0.384418491709232, 'gamma': 0.529643372160209, 'sigma_update': 0.31095619676466923, 'eta_learning': 1.075861216065565, 'sigma_boundary': 6.391819566809138, 'alpha': 0.8074468549990582}. Best is trial 34 with value: 0.27563727768854696.
[I 2026-03-06 03:55:14,198] Trial 8 finished with value: 2.835800935623386 and parameters: {'sigma_noise': 0.39557920174989963, 'A_repulsion': 0.448086357160779, 'gamma': 0.20235731543576926, 'sigma_update': 0.15949178338470585, 'eta_learning': 1.3085734741639603, 'sigma_boundary': 1.7221044387076043, 'alpha': 0.05026584779698828}. Best is trial 34 with value: 0.27563727768854696.
[I 2026-03-06 03:55:20,023] Trial 14 finished with value: 0.5108610396139593 and parameters: {'sigma_noise': 0.4418834051803125, 'A_repulsion': 0.43690226272186544, 'gamma': 0.7852913478271063, 'sigma_update': 0.5181118922560277, 'eta_learning': 0.9988219884586983, 'sigma_boundary': 7.584978569932317, 'alpha': 0.6975442205929216}. Best is trial 34 with value: 0.27563727768854696.
[I 2026-03-06 03:56:38,112] Trial 56 finished with value: 0.6531095650636414 and parameters: {'sigma_noise': 0.052939984644086044, 'A_repulsion': 0.06726916376059902, 'gamma': 0.8312545315818762, 'sigma_update': 0.012310506585613085, 'eta_learning': 0.016844800723235576, 'sigma_boundary': 6.690245091135511, 'alpha': 0.7452292795487805}. Best is trial 34 with value: 0.27563727768854696.
[I 2026-03-06 03:56:39,386] Trial 59 finished with value: 0.34819021408688744 and parameters: {'sigma_noise': 0.05137165135598505, 'A_repulsion': 0.07049479588798274, 'gamma': 0.3130682367642036, 'sigma_update': 0.051228875354155906, 'eta_learning': 1.9850574643625973, 'sigma_boundary': 7.195449911808735, 'alpha': 0.7979306433819772}. Best is trial 34 with value: 0.27563727768854696.
[I 2026-03-06 03:56:41,110] Trial 58 finished with value: 0.3591983224555346 and parameters: {'sigma_noise': 0.05760136360149541, 'A_repulsion': 0.05738681321246521, 'gamma': 0.8289800415290438, 'sigma_update': 0.04722974400345631, 'eta_learning': 2.0786328381496535, 'sigma_boundary': 7.280719276976983, 'alpha': 0.78172641914571}. Best is trial 34 with value: 0.27563727768854696.
[I 2026-03-06 03:56:54,135] Trial 43 finished with value: 2.049551274390317 and parameters: {'sigma_noise': 0.1625739990189875, 'A_repulsion': 0.20838799763873117, 'gamma': 0.723556203344285, 'sigma_update': 0.525460750334702, 'eta_learning': 1.8620468644044066, 'sigma_boundary': 1.6254349103355696, 'alpha': 0.16659926273760806}. Best is trial 34 with value: 0.27563727768854696.
[I 2026-03-06 03:57:05,815] Trial 40 finished with value: 0.45569231704908275 and parameters: {'sigma_noise': 0.2528571410505815, 'A_repulsion': 0.15930187532477275, 'gamma': 0.7159367666876771, 'sigma_update': 0.4927374182114341, 'eta_learning': 0.49154366325402815, 'sigma_boundary': 5.257794265386543, 'alpha': 0.43651842997931867}. Best is trial 34 with value: 0.27563727768854696.
[I 2026-03-06 03:57:12,153] Trial 55 finished with value: 1.515384943795569 and parameters: {'sigma_noise': 0.052514719384646094, 'A_repulsion': 0.3065898925677391, 'gamma': 0.47840418140513546, 'sigma_update': 0.011817949936145045, 'eta_learning': 0.31610404397303027, 'sigma_boundary': 6.657947707391548, 'alpha': 0.7814500483675648}. Best is trial 34 with value: 0.27563727768854696.
[I 2026-03-06 03:57:12,429] Trial 42 finished with value: 2.7862265173919325 and parameters: {'sigma_noise': 0.13925686002533202, 'A_repulsion': 0.415201349213665, 'gamma': 0.7490546158744034, 'sigma_update': 0.6741760779992092, 'eta_learning': 2.942689493832465, 'sigma_boundary': 5.487940925156423, 'alpha': 0.1444176685223214}. Best is trial 34 with value: 0.27563727768854696.
[I 2026-03-06 03:57:35,300] Trial 41 finished with value: 0.40837795586057857 and parameters: {'sigma_noise': 0.3051520004758027, 'A_repulsion': 0.17816842255856052, 'gamma': 0.3266851919511029, 'sigma_update': 0.3029158411145701, 'eta_learning': 1.9259112885570322, 'sigma_boundary': 0.363900336224208, 'alpha': 0.6481864297123029}. Best is trial 34 with value: 0.27563727768854696.
[I 2026-03-06 03:57:36,490] Trial 70 finished with value: 0.4315940931738541 and parameters: {'sigma_noise': 0.053906965712821886, 'A_repulsion': 0.3084003530134997, 'gamma': 0.26194974573136187, 'sigma_update': 0.049543291155843494, 'eta_learning': 2.005257836991477, 'sigma_boundary': 6.769429137683737, 'alpha': 0.8587146245365718}. Best is trial 34 with value: 0.27563727768854696.
[I 2026-03-06 03:57:45,129] Trial 64 finished with value: 0.4581732948142364 and parameters: {'sigma_noise': 0.05409492156294117, 'A_repulsion': 0.3645100678150353, 'gamma': 0.29733485519699565, 'sigma_update': 0.05034183884838536, 'eta_learning': 1.8422437333446635, 'sigma_boundary': 6.914536244484861, 'alpha': 0.7909154647386124}. Best is trial 34 with value: 0.27563727768854696.
[I 2026-03-06 03:57:49,818] Trial 48 finished with value: 1.0905366922339568 and parameters: {'sigma_noise': 0.20395020869039449, 'A_repulsion': 0.17049805904790738, 'gamma': 0.23879577969778207, 'sigma_update': 0.4219312073532716, 'eta_learning': 1.4364199598745704, 'sigma_boundary': 2.0632294946655607, 'alpha': 0.2819629725363344}. Best is trial 34 with value: 0.27563727768854696.
[I 2026-03-06 03:57:50,539] Trial 61 finished with value: 0.9745729081354275 and parameters: {'sigma_noise': 0.051310537308298626, 'A_repulsion': 0.47769187200892405, 'gamma': 0.29009934514076985, 'sigma_update': 0.033257546112410274, 'eta_learning': 1.934675583201494, 'sigma_boundary': 6.6697287555700076, 'alpha': 0.7663050632387332}. Best is trial 34 with value: 0.27563727768854696.
[I 2026-03-06 03:57:59,012] Trial 44 finished with value: 0.4131237981264974 and parameters: {'sigma_noise': 0.21229972214465165, 'A_repulsion': 0.43624595312478615, 'gamma': 0.9747163699137559, 'sigma_update': 0.29957708133025807, 'eta_learning': 2.2548766272360177, 'sigma_boundary': 5.764716517597403, 'alpha': 0.8763859904478439}. Best is trial 34 with value: 0.27563727768854696.
[I 2026-03-06 03:58:04,112] Trial 71 finished with value: 0.3081858384962092 and parameters: {'sigma_noise': 0.05363340517810805, 'A_repulsion': 0.3089374027839997, 'gamma': 0.27348307392772286, 'sigma_update': 0.10471133092951584, 'eta_learning': 0.5415550490357905, 'sigma_boundary': 7.046657730962701, 'alpha': 0.8634081075306944}. Best is trial 34 with value: 0.27563727768854696.
[I 2026-03-06 03:58:09,788] Trial 72 finished with value: 0.4896976723096424 and parameters: {'sigma_noise': 0.051167508508096066, 'A_repulsion': 0.3125923380043066, 'gamma': 0.2714788652770191, 'sigma_update': 0.04835637302446252, 'eta_learning': 2.020545360798506, 'sigma_boundary': 6.90983303135094, 'alpha': 0.8293010225761979}. Best is trial 34 with value: 0.27563727768854696.
[I 2026-03-06 03:58:12,016] Trial 60 finished with value: 0.4079294455929676 and parameters: {'sigma_noise': 0.05943384572232321, 'A_repulsion': 0.4671228028843519, 'gamma': 0.2863089566916326, 'sigma_update': 0.06778310143703836, 'eta_learning': 1.9411786935608044, 'sigma_boundary': 7.4619834902490565, 'alpha': 0.7875026557922216}. Best is trial 34 with value: 0.27563727768854696.
[I 2026-03-06 03:58:24,330] Trial 46 finished with value: 0.3110114417481822 and parameters: {'sigma_noise': 0.3370371806063249, 'A_repulsion': 0.1549824338739687, 'gamma': 0.9872452109872676, 'sigma_update': 0.35178810142239125, 'eta_learning': 1.3231314052849004, 'sigma_boundary': 6.672217175779174, 'alpha': 0.8401001499306854}. Best is trial 34 with value: 0.27563727768854696.
[I 2026-03-06 03:58:27,170] Trial 74 finished with value: 0.36699449368992487 and parameters: {'sigma_noise': 0.060039989182063325, 'A_repulsion': 0.3204652818569982, 'gamma': 0.2679361764780872, 'sigma_update': 0.29936899320113386, 'eta_learning': 1.9049049218341434, 'sigma_boundary': 6.580532353085797, 'alpha': 0.8500257907648902}. Best is trial 34 with value: 0.27563727768854696.
[I 2026-03-06 03:58:30,439] Trial 63 finished with value: 0.38338156317684763 and parameters: {'sigma_noise': 0.06220362907223119, 'A_repulsion': 0.4767448441297252, 'gamma': 0.28436710047322944, 'sigma_update': 0.06855299866680103, 'eta_learning': 1.8926001374159933, 'sigma_boundary': 6.917978438010332, 'alpha': 0.7653821135285447}. Best is trial 34 with value: 0.27563727768854696.
[I 2026-03-06 03:58:32,364] Trial 67 finished with value: 0.31885100072384603 and parameters: {'sigma_noise': 0.05056298014293484, 'A_repulsion': 0.4856840037563983, 'gamma': 0.8614387989674698, 'sigma_update': 0.06374086774644305, 'eta_learning': 1.8807164154684297, 'sigma_boundary': 6.683145092007057, 'alpha': 0.7226631729915979}. Best is trial 34 with value: 0.27563727768854696.
[I 2026-03-06 03:58:34,061] Trial 53 finished with value: 0.6910273358303566 and parameters: {'sigma_noise': 0.3743312823624914, 'A_repulsion': 0.0010184471800760916, 'gamma': 0.5591297307107213, 'sigma_update': 0.024008618258545694, 'eta_learning': 2.02899804628077, 'sigma_boundary': 3.7578794293784465, 'alpha': 0.7503120401686669}. Best is trial 34 with value: 0.27563727768854696.
[I 2026-03-06 03:58:34,842] Trial 68 finished with value: 0.410381491489824 and parameters: {'sigma_noise': 0.051169252867329304, 'A_repulsion': 0.4589245851327519, 'gamma': 0.8124449698905891, 'sigma_update': 0.05364839352195344, 'eta_learning': 1.8942573476098499, 'sigma_boundary': 6.646965662387126, 'alpha': 0.8064125382072124}. Best is trial 34 with value: 0.27563727768854696.
[I 2026-03-06 03:58:44,098] Trial 65 finished with value: 0.41823424232822404 and parameters: {'sigma_noise': 0.05213534634040935, 'A_repulsion': 0.4870290759373034, 'gamma': 0.877895766739539, 'sigma_update': 0.07464542233179575, 'eta_learning': 1.8811894882465445, 'sigma_boundary': 7.437709505098878, 'alpha': 0.7727129026466262}. Best is trial 34 with value: 0.27563727768854696.
[I 2026-03-06 03:58:45,037] Trial 76 finished with value: 1.3762790796866624 and parameters: {'sigma_noise': 0.062199931622020865, 'A_repulsion': 0.2941723020715616, 'gamma': 0.4558982811036605, 'sigma_update': 0.013502218126255683, 'eta_learning': 1.9134006573695674, 'sigma_boundary': 6.885278639851403, 'alpha': 0.8491517758349517}. Best is trial 34 with value: 0.27563727768854696.
[I 2026-03-06 03:58:46,401] Trial 78 finished with value: 0.4499318107209326 and parameters: {'sigma_noise': 0.05198207309212029, 'A_repulsion': 0.32122333431206357, 'gamma': 0.2534614397612024, 'sigma_update': 0.26951718911472433, 'eta_learning': 1.8836590443778116, 'sigma_boundary': 6.553073170904685, 'alpha': 0.8590767108672476}. Best is trial 34 with value: 0.27563727768854696.
[I 2026-03-06 03:58:51,459] Trial 66 finished with value: 0.45614582817062094 and parameters: {'sigma_noise': 0.06646894873449567, 'A_repulsion': 0.4865656585533978, 'gamma': 0.8386335650737061, 'sigma_update': 0.045348170742071814, 'eta_learning': 1.9255389808990366, 'sigma_boundary': 6.762714445147534, 'alpha': 0.774736804895176}. Best is trial 34 with value: 0.27563727768854696.
[I 2026-03-06 03:58:52,664] Trial 77 finished with value: 1.5604084715635576 and parameters: {'sigma_noise': 0.05303778836381233, 'A_repulsion': 0.31002323526726805, 'gamma': 0.4446674105073831, 'sigma_update': 0.010970628211050881, 'eta_learning': 1.8666273011141072, 'sigma_boundary': 6.653332654431541, 'alpha': 0.8536368151222034}. Best is trial 34 with value: 0.27563727768854696.
[I 2026-03-06 03:58:57,993] Trial 75 finished with value: 0.4858474002946579 and parameters: {'sigma_noise': 0.07529712417520787, 'A_repulsion': 0.28923284399205473, 'gamma': 0.44883567921116085, 'sigma_update': 0.2797937983760136, 'eta_learning': 1.8506590611396565, 'sigma_boundary': 6.748269278813893, 'alpha': 0.8075518778158169}. Best is trial 34 with value: 0.27563727768854696.
[I 2026-03-06 03:59:02,259] Trial 69 finished with value: 0.3746756372509733 and parameters: {'sigma_noise': 0.0661823248753602, 'A_repulsion': 0.49144534095542985, 'gamma': 0.8829983064121165, 'sigma_update': 0.05512213487675294, 'eta_learning': 1.856449578543948, 'sigma_boundary': 7.0580924682768735, 'alpha': 0.8139391667832644}. Best is trial 34 with value: 0.27563727768854696.
[I 2026-03-06 03:59:03,821] Trial 45 finished with value: 2.835800935623386 and parameters: {'sigma_noise': 0.37302747132432507, 'A_repulsion': 0.40958940946322836, 'gamma': 0.0465774750257943, 'sigma_update': 0.14194957005356562, 'eta_learning': 2.836832824880713, 'sigma_boundary': 1.760190522671703, 'alpha': 0.1028894248551182}. Best is trial 34 with value: 0.27563727768854696.
[I 2026-03-06 03:59:06,936] Trial 57 finished with value: 1.0326861272014916 and parameters: {'sigma_noise': 0.3381023918722277, 'A_repulsion': 0.06929215128657532, 'gamma': 0.8212302834074209, 'sigma_update': 0.0344001037827486, 'eta_learning': 2.0966200307799663, 'sigma_boundary': 6.583024090559463, 'alpha': 0.7335170298097713}. Best is trial 34 with value: 0.27563727768854696.
[I 2026-03-06 03:59:07,048] Trial 52 finished with value: 0.9058255665628656 and parameters: {'sigma_noise': 0.4246332044377212, 'A_repulsion': 0.02171574078953576, 'gamma': 0.5673758090214227, 'sigma_update': 0.028020142184509156, 'eta_learning': 1.9305153199976413, 'sigma_boundary': 3.6640410912782286, 'alpha': 0.7707766472373571}. Best is trial 34 with value: 0.27563727768854696.
[I 2026-03-06 03:59:08,707] Trial 79 finished with value: 0.49152657376339703 and parameters: {'sigma_noise': 0.05280104607072425, 'A_repulsion': 0.32675975554399245, 'gamma': 0.43857836921657495, 'sigma_update': 0.12344837226289074, 'eta_learning': 0.40369171801480896, 'sigma_boundary': 6.808107670171747, 'alpha': 0.8771027711173174}. Best is trial 34 with value: 0.27563727768854696.
[I 2026-03-06 03:59:18,303] Trial 54 finished with value: 0.4174042512268904 and parameters: {'sigma_noise': 0.23845266491588152, 'A_repulsion': 0.298824332841574, 'gamma': 0.43006491337340086, 'sigma_update': 0.06375669485957744, 'eta_learning': 0.1675174736072813, 'sigma_boundary': 6.8148536640688375, 'alpha': 0.7712755570003955}. Best is trial 34 with value: 0.27563727768854696.
[I 2026-03-06 03:59:20,726] Trial 47 finished with value: 0.49804797386530053 and parameters: {'sigma_noise': 0.30458215375723563, 'A_repulsion': 0.4719229477489548, 'gamma': 0.43260081652554894, 'sigma_update': 0.10271869601616068, 'eta_learning': 1.8631851924637264, 'sigma_boundary': 8.819169384028122, 'alpha': 0.5298962248872603}. Best is trial 34 with value: 0.27563727768854696.
[I 2026-03-06 03:59:37,151] Trial 50 finished with value: 1.4196712631970736 and parameters: {'sigma_noise': 0.375129602386303, 'A_repulsion': 0.3079410980412006, 'gamma': 0.5654327544739923, 'sigma_update': 0.01755549435567283, 'eta_learning': 1.901295702546514, 'sigma_boundary': 4.321753718318108, 'alpha': 0.7674954333762161}. Best is trial 34 with value: 0.27563727768854696.
[I 2026-03-06 03:59:43,320] Trial 51 finished with value: 0.721737131262846 and parameters: {'sigma_noise': 0.38935317771428885, 'A_repulsion': 0.31164221394884256, 'gamma': 0.5704729241780294, 'sigma_update': 0.05988692966442316, 'eta_learning': 1.9161671551697523, 'sigma_boundary': 4.1036795378108115, 'alpha': 0.7381190154415228}. Best is trial 34 with value: 0.27563727768854696.
[I 2026-03-06 03:59:48,559] Trial 49 finished with value: 0.6642214053575757 and parameters: {'sigma_noise': 0.39753324409286317, 'A_repulsion': 0.3419205359377988, 'gamma': 0.6656436616922473, 'sigma_update': 0.03429337842041885, 'eta_learning': 0.07761219633871752, 'sigma_boundary': 7.066027116490907, 'alpha': 0.7752560037965559}. Best is trial 34 with value: 0.27563727768854696.
[I 2026-03-06 04:00:08,342] Trial 62 finished with value: 0.6626486242697638 and parameters: {'sigma_noise': 0.4294261955802286, 'A_repulsion': 0.3421662869606102, 'gamma': 0.27617242715603535, 'sigma_update': 0.12393832387024725, 'eta_learning': 1.8863589531355756, 'sigma_boundary': 7.355339977874488, 'alpha': 0.7633117278417815}. Best is trial 34 with value: 0.27563727768854696.
[I 2026-03-06 04:00:08,609] Trial 82 finished with value: 0.5463907398490079 and parameters: {'sigma_noise': 0.05103300377707294, 'A_repulsion': 0.03972277727306572, 'gamma': 0.8444840677018215, 'sigma_update': 0.01209240504859712, 'eta_learning': 1.941678131454073, 'sigma_boundary': 8.776158730732082, 'alpha': 0.84220478855454}. Best is trial 34 with value: 0.27563727768854696.
[I 2026-03-06 04:00:31,176] Trial 73 finished with value: 0.5380659044577433 and parameters: {'sigma_noise': 0.44201093124712987, 'A_repulsion': 0.2990794147547564, 'gamma': 0.24918741930598798, 'sigma_update': 0.28959249947442445, 'eta_learning': 1.9466101700038905, 'sigma_boundary': 6.69062603815553, 'alpha': 0.8492087184506171}. Best is trial 34 with value: 0.27563727768854696.
[I 2026-03-06 04:00:41,620] Trial 83 finished with value: 0.32951958411713667 and parameters: {'sigma_noise': 0.05779665704655494, 'A_repulsion': 0.10464572716893392, 'gamma': 0.269786625300058, 'sigma_update': 0.1220282332187395, 'eta_learning': 1.9068820121947345, 'sigma_boundary': 8.653949577103644, 'alpha': 0.8271862966687873}. Best is trial 34 with value: 0.27563727768854696.
[I 2026-03-06 04:00:46,387] Trial 84 finished with value: 1.7990771996142765 and parameters: {'sigma_noise': 0.06134122060927751, 'A_repulsion': 0.09497828943895725, 'gamma': 0.2639778799519269, 'sigma_update': 0.013126983969042168, 'eta_learning': 1.8068577953897555, 'sigma_boundary': 8.59863930542583, 'alpha': 0.8238831448449444}. Best is trial 34 with value: 0.27563727768854696.
