/nfs/nhome/live/apourdehghan/Hybrid_hpc_utils.py:56: DtypeWarning: Columns (16) have mixed types. Specify dtype option on import or set low_memory=False.
  data = pd.read_csv(data_path)
[I 2026-03-06 03:22:36,295] A new study created in memory with name: no-name-99508fc4-189c-48f0-aec1-7cb3a695f151
[I 2026-03-06 03:23:40,420] Trial 0 finished with value: 0.8169789717823128 and parameters: {'sigma_noise': 0.11936618197116729, 'A_repulsion': 0.1410189466687301, 'gamma': 0.7827442035561922, 'sigma_update': 0.2857082817319799, 'eta_learning': 1.8283258721929798, 'sigma_boundary': 1.4535533354684487, 'alpha': 0.8790269934649338}. Best is trial 0 with value: 0.8169789717823128.
[I 2026-03-06 03:23:41,609] Trial 1 finished with value: 0.8031908184585614 and parameters: {'sigma_noise': 0.15122951173654622, 'A_repulsion': 0.05823135220056985, 'gamma': 0.8871892555088212, 'sigma_update': 0.6450224468693109, 'eta_learning': 1.7437850884159556, 'sigma_boundary': 0.29152059808909736, 'alpha': 0.6201852924116981}. Best is trial 1 with value: 0.8031908184585614.
[I 2026-03-06 03:23:47,923] Trial 10 finished with value: 0.7444529715341953 and parameters: {'sigma_noise': 0.06406583241949254, 'A_repulsion': 0.3512870488803833, 'gamma': 0.5242063120088971, 'sigma_update': 0.41423204182263923, 'eta_learning': 0.27631220704117654, 'sigma_boundary': 0.1581827892612945, 'alpha': 0.8740492901711086}. Best is trial 10 with value: 0.7444529715341953.
[I 2026-03-06 03:23:53,432] Trial 18 finished with value: 0.9388128985527482 and parameters: {'sigma_noise': 0.10871563395575619, 'A_repulsion': 0.3426227185922544, 'gamma': 0.0702386196765194, 'sigma_update': 0.22031293624922804, 'eta_learning': 1.3613192228512745, 'sigma_boundary': 0.29837681891582213, 'alpha': 0.27455289697847074}. Best is trial 10 with value: 0.7444529715341953.
[I 2026-03-06 03:23:54,226] Trial 11 finished with value: 1.201529675895764 and parameters: {'sigma_noise': 0.21518586868827455, 'A_repulsion': 0.09900082098069046, 'gamma': 0.39369550679799226, 'sigma_update': 0.18388893007835933, 'eta_learning': 2.971554933340211, 'sigma_boundary': 6.648286969665945, 'alpha': 0.8736801336493406}. Best is trial 10 with value: 0.7444529715341953.
[I 2026-03-06 03:24:01,934] Trial 12 finished with value: 0.9758620702140719 and parameters: {'sigma_noise': 0.2821342524648644, 'A_repulsion': 0.08558056986681978, 'gamma': 0.9904550243429961, 'sigma_update': 0.3684455386869099, 'eta_learning': 2.260468890029723, 'sigma_boundary': 0.9912748784370248, 'alpha': 0.6741598984725015}. Best is trial 10 with value: 0.7444529715341953.
[I 2026-03-06 03:24:10,463] Trial 9 finished with value: 2.3842377275903064 and parameters: {'sigma_noise': 0.28802797384945406, 'A_repulsion': 0.1393635206541196, 'gamma': 0.2593278705021869, 'sigma_update': 0.34086230823426183, 'eta_learning': 2.2672243059539743, 'sigma_boundary': 9.0198133911852, 'alpha': 0.21533875732851215}. Best is trial 10 with value: 0.7444529715341953.
[I 2026-03-06 03:24:12,691] Trial 14 finished with value: 0.8662025829118916 and parameters: {'sigma_noise': 0.31443917367623175, 'A_repulsion': 0.11404883296886142, 'gamma': 0.8530751531765192, 'sigma_update': 0.08627932062387218, 'eta_learning': 2.474455163093458, 'sigma_boundary': 2.2468373301652864, 'alpha': 0.4180315431951368}. Best is trial 10 with value: 0.7444529715341953.
[I 2026-03-06 03:24:15,598] Trial 15 finished with value: 1.097467439141935 and parameters: {'sigma_noise': 0.19716544486302373, 'A_repulsion': 0.3188936661713389, 'gamma': 0.5355977448975774, 'sigma_update': 0.5432599581730144, 'eta_learning': 0.49101906090375946, 'sigma_boundary': 0.8588587329863301, 'alpha': 0.4930009302946571}. Best is trial 10 with value: 0.7444529715341953.
[I 2026-03-06 03:24:22,139] Trial 13 finished with value: 0.8091302788579025 and parameters: {'sigma_noise': 0.3455262839608226, 'A_repulsion': 0.10135188817910495, 'gamma': 0.884658265338977, 'sigma_update': 0.6911052971691054, 'eta_learning': 2.9096222027203655, 'sigma_boundary': 0.03201297568979358, 'alpha': 0.5023784781536421}. Best is trial 10 with value: 0.7444529715341953.
[I 2026-03-06 03:24:25,354] Trial 19 finished with value: 1.4594960310046532 and parameters: {'sigma_noise': 0.19034022187659055, 'A_repulsion': 0.4036076343449902, 'gamma': 0.15512612869442785, 'sigma_update': 0.344395099946529, 'eta_learning': 0.5421152986520525, 'sigma_boundary': 0.3935319918926424, 'alpha': 0.6604630187135102}. Best is trial 10 with value: 0.7444529715341953.
[I 2026-03-06 03:24:27,122] Trial 6 finished with value: 1.1823272171264996 and parameters: {'sigma_noise': 0.1962211584830557, 'A_repulsion': 0.37919129956985764, 'gamma': 0.1080256055384826, 'sigma_update': 0.4743082676797103, 'eta_learning': 2.0411859453335177, 'sigma_boundary': 5.993592941087949, 'alpha': 0.8088840421885126}. Best is trial 10 with value: 0.7444529715341953.
[I 2026-03-06 03:24:29,724] Trial 4 finished with value: 1.898804576352958 and parameters: {'sigma_noise': 0.19206476375893194, 'A_repulsion': 0.42685919931594635, 'gamma': 0.6561839709313635, 'sigma_update': 0.3405217355217409, 'eta_learning': 1.2572821840455357, 'sigma_boundary': 8.57464573459642, 'alpha': 0.2576375514832342}. Best is trial 10 with value: 0.7444529715341953.
[I 2026-03-06 03:24:32,156] Trial 16 finished with value: 1.606599768399321 and parameters: {'sigma_noise': 0.2714129546772123, 'A_repulsion': 0.23770334590400155, 'gamma': 0.16566816550735905, 'sigma_update': 0.6986175617860952, 'eta_learning': 2.401641940361575, 'sigma_boundary': 3.5227729272170176, 'alpha': 0.5319377667279783}. Best is trial 10 with value: 0.7444529715341953.
[I 2026-03-06 03:24:32,399] Trial 2 finished with value: 1.3273744488128827 and parameters: {'sigma_noise': 0.4324990303056354, 'A_repulsion': 0.11752982427030839, 'gamma': 0.6347416035535416, 'sigma_update': 0.4227460984704112, 'eta_learning': 1.7367265099416025, 'sigma_boundary': 3.711444509449147, 'alpha': 0.6406242856011537}. Best is trial 10 with value: 0.7444529715341953.
[I 2026-03-06 03:24:43,927] Trial 8 finished with value: 1.517264791564899 and parameters: {'sigma_noise': 0.33239511629657076, 'A_repulsion': 0.34784865245438173, 'gamma': 0.049310273499956196, 'sigma_update': 0.4047678178906984, 'eta_learning': 2.990218411303586, 'sigma_boundary': 5.82215893750508, 'alpha': 0.6675019590202352}. Best is trial 10 with value: 0.7444529715341953.
[I 2026-03-06 03:24:45,283] Trial 17 finished with value: 3.790848225140046 and parameters: {'sigma_noise': 0.337321152110584, 'A_repulsion': 0.43301751940205824, 'gamma': 0.6066844627489222, 'sigma_update': 0.20942130952745086, 'eta_learning': 2.5556954376162033, 'sigma_boundary': 8.242148740633716, 'alpha': 0.07446524896271667}. Best is trial 10 with value: 0.7444529715341953.
[I 2026-03-06 03:24:45,770] Trial 5 finished with value: 1.1788168306366122 and parameters: {'sigma_noise': 0.27656822728532754, 'A_repulsion': 0.40537444188096106, 'gamma': 0.16634361668158826, 'sigma_update': 0.5263217675439723, 'eta_learning': 0.16413939941351804, 'sigma_boundary': 5.246627734754326, 'alpha': 0.6848046105926817}. Best is trial 10 with value: 0.7444529715341953.
[I 2026-03-06 03:24:46,682] Trial 3 finished with value: 3.540848225140046 and parameters: {'sigma_noise': 0.44912114617429005, 'A_repulsion': 0.23390485040293368, 'gamma': 0.8193672722088833, 'sigma_update': 0.044548452621096885, 'eta_learning': 0.9552769149144976, 'sigma_boundary': 1.6100666947854487, 'alpha': 0.26592619178389754}. Best is trial 10 with value: 0.7444529715341953.
[I 2026-03-06 03:24:51,183] Trial 7 finished with value: 3.790848225140046 and parameters: {'sigma_noise': 0.4302223060201413, 'A_repulsion': 0.28447956961077786, 'gamma': 0.5686974897770913, 'sigma_update': 0.61280888612316, 'eta_learning': 2.146081818916637, 'sigma_boundary': 1.4870445558504886, 'alpha': 0.12280476763485848}. Best is trial 10 with value: 0.7444529715341953.
[I 2026-03-06 03:25:29,489] Trial 20 finished with value: 3.2701529887933773 and parameters: {'sigma_noise': 0.09148245249298462, 'A_repulsion': 0.3595123034899714, 'gamma': 0.27189699520667365, 'sigma_update': 0.13774994582876032, 'eta_learning': 2.5650144774887242, 'sigma_boundary': 0.5395369647554374, 'alpha': 0.012803404158026832}. Best is trial 10 with value: 0.7444529715341953.
[I 2026-03-06 03:25:30,521] Trial 22 finished with value: 1.7488699813331248 and parameters: {'sigma_noise': 0.10130362863539909, 'A_repulsion': 0.3256642793629382, 'gamma': 0.05841023200041049, 'sigma_update': 0.5001945353722618, 'eta_learning': 1.2709365598279, 'sigma_boundary': 2.1808894546814317, 'alpha': 0.5122761371788969}. Best is trial 10 with value: 0.7444529715341953.
[I 2026-03-06 03:25:40,522] Trial 33 finished with value: 0.7864732432760102 and parameters: {'sigma_noise': 0.058738505313992356, 'A_repulsion': 0.017650253944972404, 'gamma': 0.6576553885048865, 'sigma_update': 0.5757217470944732, 'eta_learning': 0.050643074112643044, 'sigma_boundary': 3.321254345418579, 'alpha': 0.9659240562535352}. Best is trial 10 with value: 0.7444529715341953.
[I 2026-03-06 03:25:40,767] Trial 27 finished with value: 0.9212822961182141 and parameters: {'sigma_noise': 0.15047726906737402, 'A_repulsion': 0.028406267181067646, 'gamma': 0.6657041718174123, 'sigma_update': 0.5779155601650582, 'eta_learning': 0.42951101393726493, 'sigma_boundary': 9.851660167873384, 'alpha': 0.768853687200635}. Best is trial 10 with value: 0.7444529715341953.
[I 2026-03-06 03:25:52,209] Trial 37 finished with value: 0.7354675074779866 and parameters: {'sigma_noise': 0.051037616880157975, 'A_repulsion': 0.022041726055100075, 'gamma': 0.4333717439518924, 'sigma_update': 0.6126384658343769, 'eta_learning': 0.8855765361530414, 'sigma_boundary': 2.6227739644359658, 'alpha': 0.9649447026322652}. Best is trial 37 with value: 0.7354675074779866.
[I 2026-03-06 03:25:54,770] Trial 36 finished with value: 0.8191380533184525 and parameters: {'sigma_noise': 0.061916618047180697, 'A_repulsion': 0.007445436595373098, 'gamma': 0.41051007107312754, 'sigma_update': 0.5976306622259548, 'eta_learning': 1.1280401536360762, 'sigma_boundary': 2.9373685716985274, 'alpha': 0.9543553220478744}. Best is trial 37 with value: 0.7354675074779866.
[I 2026-03-06 03:25:55,982] Trial 38 finished with value: 0.7214040885436335 and parameters: {'sigma_noise': 0.050696204943160794, 'A_repulsion': 0.025167099993665294, 'gamma': 0.37082123025777275, 'sigma_update': 0.6178371515118574, 'eta_learning': 0.9556424396132, 'sigma_boundary': 3.0303682656666346, 'alpha': 0.9970831838186645}. Best is trial 38 with value: 0.7214040885436335.
[I 2026-03-06 03:26:00,043] Trial 25 finished with value: 0.7611139083729548 and parameters: {'sigma_noise': 0.09588237008737673, 'A_repulsion': 0.30031113450058555, 'gamma': 0.7728708644916711, 'sigma_update': 0.23337669050944843, 'eta_learning': 0.44361665634003195, 'sigma_boundary': 5.36110284498978, 'alpha': 0.48522016566353454}. Best is trial 38 with value: 0.7214040885436335.
[I 2026-03-06 03:26:02,870] Trial 39 finished with value: 0.7396464780821064 and parameters: {'sigma_noise': 0.05154948300594621, 'A_repulsion': 0.014514391670430837, 'gamma': 0.42592639270526367, 'sigma_update': 0.6077198098425068, 'eta_learning': 1.0641028942618047, 'sigma_boundary': 2.6591950105592623, 'alpha': 0.9616108347585139}. Best is trial 38 with value: 0.7214040885436335.
[I 2026-03-06 03:26:03,911] Trial 32 finished with value: 0.7884777702544405 and parameters: {'sigma_noise': 0.053157119825207405, 'A_repulsion': 0.2220685088969834, 'gamma': 0.6295706343631222, 'sigma_update': 0.6699350583176553, 'eta_learning': 0.14878247647925846, 'sigma_boundary': 3.458923213159644, 'alpha': 0.9886157119655635}. Best is trial 38 with value: 0.7214040885436335.
[I 2026-03-06 03:26:08,122] Trial 23 finished with value: 1.4239090646354118 and parameters: {'sigma_noise': 0.15987715936418734, 'A_repulsion': 0.28357448022066245, 'gamma': 0.20558401390245828, 'sigma_update': 0.5493266412918428, 'eta_learning': 2.7963606996033135, 'sigma_boundary': 2.549651571296799, 'alpha': 0.5535787135775639}. Best is trial 38 with value: 0.7214040885436335.
[I 2026-03-06 03:26:08,820] Trial 21 finished with value: 1.7766259173235301 and parameters: {'sigma_noise': 0.31362982677158024, 'A_repulsion': 0.12799231672816314, 'gamma': 0.8704765116591161, 'sigma_update': 0.3698533215447792, 'eta_learning': 1.106353591668546, 'sigma_boundary': 7.837896092408123, 'alpha': 0.3345122275689171}. Best is trial 38 with value: 0.7214040885436335.
[I 2026-03-06 03:26:15,595] Trial 30 finished with value: 0.8708234476034735 and parameters: {'sigma_noise': 0.061652957935085205, 'A_repulsion': 0.4985027767396509, 'gamma': 0.6382942413990724, 'sigma_update': 0.5446649629155704, 'eta_learning': 1.1211228852501671, 'sigma_boundary': 3.326700201493344, 'alpha': 0.9616039954320599}. Best is trial 38 with value: 0.7214040885436335.
[I 2026-03-06 03:26:22,028] Trial 26 finished with value: 1.285323387436303 and parameters: {'sigma_noise': 0.2996423721194515, 'A_repulsion': 0.01841280739393686, 'gamma': 0.18273551915667977, 'sigma_update': 0.4331244123422327, 'eta_learning': 2.535325606730781, 'sigma_boundary': 4.270022623773827, 'alpha': 0.7298982370863571}. Best is trial 38 with value: 0.7214040885436335.
[I 2026-03-06 03:26:23,120] Trial 31 finished with value: 0.9568058225616205 and parameters: {'sigma_noise': 0.05165719511394682, 'A_repulsion': 0.4972982180965901, 'gamma': 0.6077694019027191, 'sigma_update': 0.6959671964135252, 'eta_learning': 1.2768943547604399, 'sigma_boundary': 3.2925055106921803, 'alpha': 0.9715980918472246}. Best is trial 38 with value: 0.7214040885436335.
[I 2026-03-06 03:26:30,952] Trial 34 finished with value: 0.8671284112255568 and parameters: {'sigma_noise': 0.06125582337717413, 'A_repulsion': 0.4978495234212992, 'gamma': 0.33100607401473314, 'sigma_update': 0.5613216343328955, 'eta_learning': 0.9173743484151472, 'sigma_boundary': 2.6414146375937135, 'alpha': 0.9909434336170244}. Best is trial 38 with value: 0.7214040885436335.
[I 2026-03-06 03:26:40,480] Trial 28 finished with value: 1.4064994353185192 and parameters: {'sigma_noise': 0.22384339484314236, 'A_repulsion': 0.20410771815368972, 'gamma': 0.02736270674081081, 'sigma_update': 0.6179631678266055, 'eta_learning': 1.242531656934623, 'sigma_boundary': 3.3188802037027654, 'alpha': 0.7930237363024782}. Best is trial 38 with value: 0.7214040885436335.
[I 2026-03-06 03:26:41,309] Trial 35 finished with value: 0.9322221083458286 and parameters: {'sigma_noise': 0.0641240396656031, 'A_repulsion': 0.4973924571768052, 'gamma': 0.3740444169715499, 'sigma_update': 0.5873294369669829, 'eta_learning': 0.08696010801329779, 'sigma_boundary': 2.7372273261434996, 'alpha': 0.9938584641099953}. Best is trial 38 with value: 0.7214040885436335.
[I 2026-03-06 03:26:49,663] Trial 24 finished with value: 1.5477862408929983 and parameters: {'sigma_noise': 0.42148482468562576, 'A_repulsion': 0.38586260924892485, 'gamma': 0.5223279541620977, 'sigma_update': 0.032546328346253386, 'eta_learning': 0.8198993105612598, 'sigma_boundary': 0.22706468591097517, 'alpha': 0.7154292465512222}. Best is trial 38 with value: 0.7214040885436335.
[I 2026-03-06 03:27:02,023] Trial 40 finished with value: 0.879954624379286 and parameters: {'sigma_noise': 0.050784771316611896, 'A_repulsion': 0.03394168167309722, 'gamma': 0.9579282805818581, 'sigma_update': 0.6932985473635424, 'eta_learning': 1.0739774851923918, 'sigma_boundary': 2.779946977336306, 'alpha': 0.9573185298993369}. Best is trial 38 with value: 0.7214040885436335.
[I 2026-03-06 03:27:05,921] Trial 41 finished with value: 0.7912389791640383 and parameters: {'sigma_noise': 0.05408899719570237, 'A_repulsion': 0.04624008928864929, 'gamma': 0.9443756484524898, 'sigma_update': 0.6985232853116345, 'eta_learning': 0.6100233885396602, 'sigma_boundary': 3.5460220295317106, 'alpha': 0.9678021787217069}. Best is trial 38 with value: 0.7214040885436335.
[I 2026-03-06 03:27:15,434] Trial 42 finished with value: 0.8000676082005636 and parameters: {'sigma_noise': 0.05878997113393701, 'A_repulsion': 0.007183626540254617, 'gamma': 0.4314766322202024, 'sigma_update': 0.6042079883535894, 'eta_learning': 0.01630081321420456, 'sigma_boundary': 2.992896405847376, 'alpha': 0.9888220010503637}. Best is trial 38 with value: 0.7214040885436335.
[I 2026-03-06 03:27:19,098] Trial 43 finished with value: 0.7335224172361928 and parameters: {'sigma_noise': 0.05279981715515615, 'A_repulsion': 0.03383272031479177, 'gamma': 0.4588925485389348, 'sigma_update': 0.6319782979543337, 'eta_learning': 0.07743201470666555, 'sigma_boundary': 3.354368773613637, 'alpha': 0.997789006493875}. Best is trial 38 with value: 0.7214040885436335.
[I 2026-03-06 03:27:23,353] Trial 29 finished with value: 1.0953617338087556 and parameters: {'sigma_noise': 0.4339138386277209, 'A_repulsion': 0.4947837061014386, 'gamma': 0.6040027966282864, 'sigma_update': 0.48125020604541796, 'eta_learning': 0.12333647860211194, 'sigma_boundary': 3.5572518620858364, 'alpha': 0.9681100267793845}. Best is trial 38 with value: 0.7214040885436335.
[I 2026-03-06 03:27:23,954] Trial 44 finished with value: 0.7308129415786191 and parameters: {'sigma_noise': 0.051386216710836624, 'A_repulsion': 0.014946196547207798, 'gamma': 0.4306504005580176, 'sigma_update': 0.47255484949839655, 'eta_learning': 0.06954423937200294, 'sigma_boundary': 3.6310810306977563, 'alpha': 0.9484202742431842}. Best is trial 38 with value: 0.7214040885436335.
[I 2026-03-06 03:27:36,554] Trial 47 finished with value: 0.7697213393869179 and parameters: {'sigma_noise': 0.052122760216738104, 'A_repulsion': 0.19423672175070741, 'gamma': 0.4335678396888817, 'sigma_update': 0.4480571438250877, 'eta_learning': 0.7590630728302801, 'sigma_boundary': 4.492319712880334, 'alpha': 0.9937119030374713}. Best is trial 38 with value: 0.7214040885436335.
[I 2026-03-06 03:27:48,300] Trial 51 finished with value: 0.9179950467969897 and parameters: {'sigma_noise': 0.07629450560768734, 'A_repulsion': 0.19221462787315832, 'gamma': 0.44750023243606485, 'sigma_update': 0.6347503092704057, 'eta_learning': 0.8381154276150767, 'sigma_boundary': 4.598914061088969, 'alpha': 0.889256492267961}. Best is trial 38 with value: 0.7214040885436335.
[I 2026-03-06 03:27:50,356] Trial 50 finished with value: 0.9190701159219732 and parameters: {'sigma_noise': 0.07892573950819927, 'A_repulsion': 0.18946205975948002, 'gamma': 0.45512583536160955, 'sigma_update': 0.6341176681923668, 'eta_learning': 0.7930300196074419, 'sigma_boundary': 4.681975407039822, 'alpha': 0.8905114523324948}. Best is trial 38 with value: 0.7214040885436335.
[I 2026-03-06 03:27:57,074] Trial 49 finished with value: 0.8811515665540517 and parameters: {'sigma_noise': 0.1305615339910416, 'A_repulsion': 0.16064060273791783, 'gamma': 0.42113451793216533, 'sigma_update': 0.46741707210467726, 'eta_learning': 0.9173239110057908, 'sigma_boundary': 2.5737747875982917, 'alpha': 0.8053844975395673}. Best is trial 38 with value: 0.7214040885436335.
[I 2026-03-06 03:28:00,845] Trial 48 finished with value: 0.948856197754307 and parameters: {'sigma_noise': 0.13632962513538877, 'A_repulsion': 0.19306710709220382, 'gamma': 0.41482259671771277, 'sigma_update': 0.6533091691565808, 'eta_learning': 0.8119611328963716, 'sigma_boundary': 4.247133267990761, 'alpha': 0.9572644955513242}. Best is trial 38 with value: 0.7214040885436335.
[I 2026-03-06 03:28:03,899] Trial 45 finished with value: 0.718810059326811 and parameters: {'sigma_noise': 0.06076656643485012, 'A_repulsion': 0.47855650973406955, 'gamma': 0.4475296444587198, 'sigma_update': 0.46063267776630223, 'eta_learning': 0.05555381079483487, 'sigma_boundary': 4.234215191207248, 'alpha': 0.9968955186504811}. Best is trial 45 with value: 0.718810059326811.
[I 2026-03-06 03:28:08,168] Trial 52 finished with value: 1.0116735646490294 and parameters: {'sigma_noise': 0.13681582924137733, 'A_repulsion': 0.18835331412934803, 'gamma': 0.4554115246324471, 'sigma_update': 0.6309253861667723, 'eta_learning': 0.7679719136843791, 'sigma_boundary': 4.232904827772789, 'alpha': 0.859323287027509}. Best is trial 45 with value: 0.718810059326811.
[I 2026-03-06 03:28:08,312] Trial 46 finished with value: 0.7824758466367414 and parameters: {'sigma_noise': 0.05470516365392859, 'A_repulsion': 0.4928928527707497, 'gamma': 0.4400016675872964, 'sigma_update': 0.46256784151182595, 'eta_learning': 0.8483905423145374, 'sigma_boundary': 4.114278410329941, 'alpha': 0.880645207563845}. Best is trial 45 with value: 0.718810059326811.
[I 2026-03-06 03:28:19,759] Trial 54 finished with value: 1.0116736202275143 and parameters: {'sigma_noise': 0.13350180773731835, 'A_repulsion': 0.19419473127433035, 'gamma': 0.44734053184987543, 'sigma_update': 0.6241419308717814, 'eta_learning': 0.7918366971901662, 'sigma_boundary': 4.391146023127314, 'alpha': 0.8746241063081079}. Best is trial 45 with value: 0.718810059326811.
[I 2026-03-06 03:28:23,006] Trial 53 finished with value: 1.0114601252669426 and parameters: {'sigma_noise': 0.1285262153642577, 'A_repulsion': 0.18277461273337625, 'gamma': 0.45560665605441386, 'sigma_update': 0.63061355265562, 'eta_learning': 0.7986492436673556, 'sigma_boundary': 4.560754700831893, 'alpha': 0.8709028935850469}. Best is trial 45 with value: 0.718810059326811.
[I 2026-03-06 03:28:24,853] Trial 57 finished with value: 0.963161211250495 and parameters: {'sigma_noise': 0.13410851065655713, 'A_repulsion': 0.05233913877710832, 'gamma': 0.4653679946290523, 'sigma_update': 0.6456587336196173, 'eta_learning': 0.8057910372083947, 'sigma_boundary': 4.313833664878795, 'alpha': 0.8831834184833108}. Best is trial 45 with value: 0.718810059326811.
