[I 2026-03-06 04:06:45,315] Trial 136 finished with value: 0.41750864342011307 and parameters: {'sigma_noise': 0.11033493964496763, 'A_repulsion': 0.07913912232723028, 'gamma': 0.11072561320686125, 'sigma_update': 0.2079990037905984, 'eta_learning': 1.205957325753371, 'sigma_boundary': 6.186701866926871, 'alpha': 0.899400691258693}. Best is trial 97 with value: 0.24328816209427878.
[I 2026-03-06 04:06:48,898] Trial 138 finished with value: 0.38186355125393123 and parameters: {'sigma_noise': 0.10696181709812089, 'A_repulsion': 0.08353040126751447, 'gamma': 0.9426059919916983, 'sigma_update': 0.09077772176031873, 'eta_learning': 1.5395609549740836, 'sigma_boundary': 6.187761698921793, 'alpha': 0.9111812190972448}. Best is trial 97 with value: 0.24328816209427878.
[I 2026-03-06 04:06:51,940] Trial 142 finished with value: 0.41568313969855386 and parameters: {'sigma_noise': 0.0960584825485274, 'A_repulsion': 0.13135009256338026, 'gamma': 0.9490805298628316, 'sigma_update': 0.09039220074184963, 'eta_learning': 1.5265302145172472, 'sigma_boundary': 6.241333830075456, 'alpha': 0.9613764368587471}. Best is trial 97 with value: 0.24328816209427878.
[I 2026-03-06 04:06:53,942] Trial 145 finished with value: 0.4328408466315007 and parameters: {'sigma_noise': 0.10263657728064088, 'A_repulsion': 0.08462096126535724, 'gamma': 0.9520395560380068, 'sigma_update': 0.19255727228349134, 'eta_learning': 1.5228277666985057, 'sigma_boundary': 7.871114942889195, 'alpha': 0.9595802939519295}. Best is trial 97 with value: 0.24328816209427878.
[I 2026-03-06 04:06:58,271] Trial 144 finished with value: 0.19091269833028993 and parameters: {'sigma_noise': 0.10031636833495414, 'A_repulsion': 0.08209011498346816, 'gamma': 0.3613358705234883, 'sigma_update': 0.09110156706524375, 'eta_learning': 1.4888876401441857, 'sigma_boundary': 6.195187739111797, 'alpha': 0.9689546489520525}. Best is trial 144 with value: 0.19091269833028993.
[I 2026-03-06 04:06:58,997] Trial 147 finished with value: 0.23852280013338098 and parameters: {'sigma_noise': 0.103211817827843, 'A_repulsion': 0.08326910665908996, 'gamma': 0.358626036969893, 'sigma_update': 0.1967710074047046, 'eta_learning': 1.5100406967330942, 'sigma_boundary': 7.709930506425924, 'alpha': 0.9825736450353043}. Best is trial 144 with value: 0.19091269833028993.
[I 2026-03-06 04:07:10,263] Trial 146 finished with value: 0.3508145092016067 and parameters: {'sigma_noise': 0.10343655007133437, 'A_repulsion': 0.08458803895265733, 'gamma': 0.36144190938090515, 'sigma_update': 0.1783674909348999, 'eta_learning': 1.5244439600962225, 'sigma_boundary': 7.707957781102815, 'alpha': 0.9591821577667323}. Best is trial 144 with value: 0.19091269833028993.
[I 2026-03-06 04:07:10,545] Trial 148 finished with value: 0.43152657016037116 and parameters: {'sigma_noise': 0.10595860634327556, 'A_repulsion': 0.08191689447449751, 'gamma': 0.17488621771434765, 'sigma_update': 0.18635386688814076, 'eta_learning': 1.1417269704591482, 'sigma_boundary': 7.773278941340228, 'alpha': 0.9677759428320543}. Best is trial 144 with value: 0.19091269833028993.
[I 2026-03-06 04:07:14,984] Trial 150 finished with value: 0.44822047936541987 and parameters: {'sigma_noise': 0.10784379821037075, 'A_repulsion': 0.05574121811055174, 'gamma': 0.9467443692890256, 'sigma_update': 0.20360554978698342, 'eta_learning': 1.4653896565239792, 'sigma_boundary': 7.726513860607034, 'alpha': 0.9672997881654574}. Best is trial 144 with value: 0.19091269833028993.
[I 2026-03-06 04:07:17,053] Trial 139 finished with value: 0.42839339756342376 and parameters: {'sigma_noise': 0.10725671914686052, 'A_repulsion': 0.1301051261912388, 'gamma': 0.9351423153397904, 'sigma_update': 0.1873035684059239, 'eta_learning': 1.5461823960728303, 'sigma_boundary': 6.092451618697765, 'alpha': 0.7051187366592937}. Best is trial 144 with value: 0.19091269833028993.
[I 2026-03-06 04:07:21,830] Trial 151 finished with value: 0.328667389769935 and parameters: {'sigma_noise': 0.10183587024079857, 'A_repulsion': 0.08163528733642854, 'gamma': 0.3800116407640498, 'sigma_update': 0.19675420418507397, 'eta_learning': 1.5219015463427379, 'sigma_boundary': 7.850191216885921, 'alpha': 0.9612272073212066}. Best is trial 144 with value: 0.19091269833028993.
[I 2026-03-06 04:07:26,823] Trial 152 finished with value: 0.38683356290431037 and parameters: {'sigma_noise': 0.10377565676248462, 'A_repulsion': 0.080499395177257, 'gamma': 0.18000110975558323, 'sigma_update': 0.19860613946148356, 'eta_learning': 1.1946387307117616, 'sigma_boundary': 9.19518293884454, 'alpha': 0.7058432183386201}. Best is trial 144 with value: 0.19091269833028993.
[I 2026-03-06 04:07:29,367] Trial 149 finished with value: 0.3354146502155375 and parameters: {'sigma_noise': 0.107470673506182, 'A_repulsion': 0.1361511228639402, 'gamma': 0.9551881851442954, 'sigma_update': 0.2053231258186826, 'eta_learning': 1.509780573404599, 'sigma_boundary': 7.850146319132445, 'alpha': 0.9898529571979262}. Best is trial 144 with value: 0.19091269833028993.
[I 2026-03-06 04:07:42,681] Trial 153 finished with value: 0.3861577100678142 and parameters: {'sigma_noise': 0.10596705984042128, 'A_repulsion': 0.13425284659882, 'gamma': 0.1763487438302363, 'sigma_update': 0.1943280056597791, 'eta_learning': 1.5184040657057265, 'sigma_boundary': 7.786728419403915, 'alpha': 0.9727040214612147}. Best is trial 144 with value: 0.19091269833028993.
[I 2026-03-06 04:07:53,407] Trial 155 finished with value: 0.32183713919131907 and parameters: {'sigma_noise': 0.1049781858640085, 'A_repulsion': 0.08140948677532983, 'gamma': 0.19042223143459336, 'sigma_update': 0.08667369500774019, 'eta_learning': 1.51227822532216, 'sigma_boundary': 7.712270735719646, 'alpha': 0.9988943639102873}. Best is trial 144 with value: 0.19091269833028993.
[I 2026-03-06 04:07:55,033] Trial 154 finished with value: 0.4011133215284322 and parameters: {'sigma_noise': 0.1090236508218746, 'A_repulsion': 0.1386255431919197, 'gamma': 0.9614576346739139, 'sigma_update': 0.19319509043448652, 'eta_learning': 1.527591725509856, 'sigma_boundary': 7.811762531442392, 'alpha': 0.9668525930886592}. Best is trial 144 with value: 0.19091269833028993.
[I 2026-03-06 04:08:13,746] Trial 156 finished with value: 0.35117977282235957 and parameters: {'sigma_noise': 0.10510269593431824, 'A_repulsion': 0.13880988940827632, 'gamma': 0.19698706999299598, 'sigma_update': 0.08377931883526754, 'eta_learning': 1.2295679724892463, 'sigma_boundary': 9.121200931756068, 'alpha': 0.7018044759518649}. Best is trial 144 with value: 0.19091269833028993.
[I 2026-03-06 04:08:15,171] Trial 157 finished with value: 0.38432011379253805 and parameters: {'sigma_noise': 0.10061011722831505, 'A_repulsion': 0.13480986390917657, 'gamma': 0.18427153727548803, 'sigma_update': 0.08481108384517011, 'eta_learning': 1.5142968214436652, 'sigma_boundary': 7.825054402869876, 'alpha': 0.9619888452935061}. Best is trial 144 with value: 0.19091269833028993.
[I 2026-03-06 04:08:28,866] Trial 158 finished with value: 0.352134101966706 and parameters: {'sigma_noise': 0.1007296257613796, 'A_repulsion': 0.133267109440657, 'gamma': 0.21179721310984034, 'sigma_update': 0.16536510142790506, 'eta_learning': 1.5231524871858708, 'sigma_boundary': 6.061496905240448, 'alpha': 0.9741632617574916}. Best is trial 144 with value: 0.19091269833028993.
[I 2026-03-06 04:08:32,963] Trial 160 finished with value: 0.3375944793912329 and parameters: {'sigma_noise': 0.10339437876277983, 'A_repulsion': 0.08040475994499963, 'gamma': 0.2206354236020145, 'sigma_update': 0.17036012225499206, 'eta_learning': 1.5155588485622336, 'sigma_boundary': 7.63549135706847, 'alpha': 0.7088652961076745}. Best is trial 144 with value: 0.19091269833028993.
[I 2026-03-06 04:08:36,061] Trial 159 finished with value: 0.5454174275572398 and parameters: {'sigma_noise': 0.1045699672688255, 'A_repulsion': 0.1326277776462525, 'gamma': 0.17625092690677716, 'sigma_update': 0.1573940455876475, 'eta_learning': 1.514550012324284, 'sigma_boundary': 7.7696430618701715, 'alpha': 0.9612782928973977}. Best is trial 144 with value: 0.19091269833028993.
[I 2026-03-06 04:08:57,644] Trial 162 finished with value: 0.32287719975629864 and parameters: {'sigma_noise': 0.10648582135336523, 'A_repulsion': 0.0797875960448887, 'gamma': 0.36576100615502105, 'sigma_update': 0.1788683680540927, 'eta_learning': 1.5240809572957152, 'sigma_boundary': 7.845081653756695, 'alpha': 0.9718781296101422}. Best is trial 144 with value: 0.19091269833028993.
[I 2026-03-06 04:09:01,176] Trial 161 finished with value: 0.37155238621647313 and parameters: {'sigma_noise': 0.10856849237785665, 'A_repulsion': 0.08224637883878966, 'gamma': 0.3519860496001861, 'sigma_update': 0.16802305203268714, 'eta_learning': 1.4674344478608208, 'sigma_boundary': 7.752229543437975, 'alpha': 0.6932203890587099}. Best is trial 144 with value: 0.19091269833028993.
[I 2026-03-06 04:09:03,783] Trial 164 finished with value: 0.38615577727114564 and parameters: {'sigma_noise': 0.10473385590506368, 'A_repulsion': 0.0788025502629073, 'gamma': 0.20552733618366725, 'sigma_update': 0.17624344346167653, 'eta_learning': 1.537697796495886, 'sigma_boundary': 7.733533769764824, 'alpha': 0.9860363682449855}. Best is trial 144 with value: 0.19091269833028993.
[I 2026-03-06 04:09:08,694] Trial 163 finished with value: 0.3875810356791804 and parameters: {'sigma_noise': 0.10664031055871634, 'A_repulsion': 0.1331482460947932, 'gamma': 0.37224358341114266, 'sigma_update': 0.16456655187749306, 'eta_learning': 1.522971811463476, 'sigma_boundary': 7.884447245245559, 'alpha': 0.9626273271293282}. Best is trial 144 with value: 0.19091269833028993.
[I 2026-03-06 04:09:19,458] Trial 165 finished with value: 0.4149150224140553 and parameters: {'sigma_noise': 0.11318345961534465, 'A_repulsion': 0.05061997685823831, 'gamma': 0.9635352171827728, 'sigma_update': 0.17175593732752134, 'eta_learning': 1.507050370280844, 'sigma_boundary': 7.710472243573694, 'alpha': 0.967153634493855}. Best is trial 144 with value: 0.19091269833028993.
[I 2026-03-06 04:09:21,415] Trial 166 finished with value: 0.41315261404026016 and parameters: {'sigma_noise': 0.1068042475221937, 'A_repulsion': 0.07866163950650878, 'gamma': 0.9597885764917695, 'sigma_update': 0.1665389778943264, 'eta_learning': 1.4998629762922566, 'sigma_boundary': 9.10171914458065, 'alpha': 0.5018808678533567}. Best is trial 144 with value: 0.19091269833028993.
[I 2026-03-06 04:09:37,003] Trial 168 finished with value: 0.34037604078301076 and parameters: {'sigma_noise': 0.10740688921218965, 'A_repulsion': 0.08061028366569124, 'gamma': 0.35605727368931833, 'sigma_update': 0.1675859776666122, 'eta_learning': 1.4471695360168018, 'sigma_boundary': 9.181939598803456, 'alpha': 0.9664861387340284}. Best is trial 144 with value: 0.19091269833028993.
[I 2026-03-06 04:09:42,289] Trial 170 finished with value: 0.41328157654421366 and parameters: {'sigma_noise': 0.10756874317811632, 'A_repulsion': 0.08061433432153402, 'gamma': 0.18168353617647637, 'sigma_update': 0.169109424491998, 'eta_learning': 1.429848830756113, 'sigma_boundary': 7.63234253525609, 'alpha': 0.9742849036195106}. Best is trial 144 with value: 0.19091269833028993.
[I 2026-03-06 04:10:14,621] Trial 171 finished with value: 0.32672263775787935 and parameters: {'sigma_noise': 0.13411161023961826, 'A_repulsion': 0.13720409713200205, 'gamma': 0.1868652088028504, 'sigma_update': 0.17317062421256577, 'eta_learning': 2.469732554280859, 'sigma_boundary': 9.148075642142594, 'alpha': 0.969133917914155}. Best is trial 144 with value: 0.19091269833028993.
[I 2026-03-06 04:10:14,945] Trial 169 finished with value: 0.35454331895296815 and parameters: {'sigma_noise': 0.12992671450254265, 'A_repulsion': 0.22191299427908512, 'gamma': 0.36815372295315224, 'sigma_update': 0.16550013033159144, 'eta_learning': 1.4433259569010544, 'sigma_boundary': 9.215624460324639, 'alpha': 0.9675010519977112}. Best is trial 144 with value: 0.19091269833028993.
[I 2026-03-06 04:10:16,639] Trial 175 finished with value: 0.3651410871746133 and parameters: {'sigma_noise': 0.11819402258126707, 'A_repulsion': 0.15312116693596914, 'gamma': 0.20690280067962638, 'sigma_update': 0.16695154596081735, 'eta_learning': 2.484727622418003, 'sigma_boundary': 9.119439933584879, 'alpha': 0.9883038844980674}. Best is trial 144 with value: 0.19091269833028993.
[I 2026-03-06 04:10:21,270] Trial 183 finished with value: 0.2819404129063555 and parameters: {'sigma_noise': 0.14118852420541522, 'A_repulsion': 0.02583757136446571, 'gamma': 0.22616405460949576, 'sigma_update': 0.1629324369600916, 'eta_learning': 2.4618357161739897, 'sigma_boundary': 9.110076018260065, 'alpha': 0.9819174181746451}. Best is trial 144 with value: 0.19091269833028993.
[I 2026-03-06 04:10:23,050] Trial 167 finished with value: 0.4578014916779028 and parameters: {'sigma_noise': 0.10825034635401426, 'A_repulsion': 0.22916806809245766, 'gamma': 0.1966503077104515, 'sigma_update': 0.17851449872130482, 'eta_learning': 1.3380914835858628, 'sigma_boundary': 9.227467754632476, 'alpha': 0.964462610722672}. Best is trial 144 with value: 0.19091269833028993.
[I 2026-03-06 04:10:26,712] Trial 185 finished with value: 0.3230319249054647 and parameters: {'sigma_noise': 0.12787785608351065, 'A_repulsion': 0.061505730837696795, 'gamma': 0.35990105662404237, 'sigma_update': 0.16403278217214062, 'eta_learning': 1.3740646142681143, 'sigma_boundary': 5.763659258174341, 'alpha': 0.987561921380795}. Best is trial 144 with value: 0.19091269833028993.
[I 2026-03-06 04:10:27,896] Trial 173 finished with value: 0.4169160050197166 and parameters: {'sigma_noise': 0.12860627651474607, 'A_repulsion': 0.1417119303912904, 'gamma': 0.18915386898044062, 'sigma_update': 0.17782969073112112, 'eta_learning': 1.3462136339914008, 'sigma_boundary': 9.498500631013046, 'alpha': 0.9658353865983479}. Best is trial 144 with value: 0.19091269833028993.
[I 2026-03-06 04:10:28,475] Trial 178 finished with value: 0.3657191363540164 and parameters: {'sigma_noise': 0.13312851991998367, 'A_repulsion': 0.14515899827409795, 'gamma': 0.22203993298374453, 'sigma_update': 0.1737732167825874, 'eta_learning': 1.3594326013639222, 'sigma_boundary': 9.168674305856333, 'alpha': 0.668033231907821}. Best is trial 144 with value: 0.19091269833028993.
[I 2026-03-06 04:10:31,540] Trial 179 finished with value: 0.45837095906871356 and parameters: {'sigma_noise': 0.12890874509525474, 'A_repulsion': 0.15535368821538734, 'gamma': 0.1784604242394125, 'sigma_update': 0.16533122741611883, 'eta_learning': 1.3846486374489173, 'sigma_boundary': 8.990911837463281, 'alpha': 0.9942395038624959}. Best is trial 144 with value: 0.19091269833028993.
[I 2026-03-06 04:10:32,454] Trial 190 finished with value: 0.3873210847667559 and parameters: {'sigma_noise': 0.06699588008800905, 'A_repulsion': 0.15348598263786287, 'gamma': 0.392879146745368, 'sigma_update': 0.16422072614690617, 'eta_learning': 1.3813342270016922, 'sigma_boundary': 5.7408991657028805, 'alpha': 0.9856119030814161}. Best is trial 144 with value: 0.19091269833028993.
[I 2026-03-06 04:10:33,855] Trial 176 finished with value: 0.5144100080968419 and parameters: {'sigma_noise': 0.13382995118422536, 'A_repulsion': 0.15615439919177387, 'gamma': 0.08396161146490948, 'sigma_update': 0.16817684820707754, 'eta_learning': 1.7932616610620833, 'sigma_boundary': 9.089099656554259, 'alpha': 0.6868876885601298}. Best is trial 144 with value: 0.19091269833028993.
[I 2026-03-06 04:10:35,827] Trial 177 finished with value: 0.36074120197502124 and parameters: {'sigma_noise': 0.12402193942818687, 'A_repulsion': 0.15008570967212875, 'gamma': 0.1836333259101305, 'sigma_update': 0.16759203482682616, 'eta_learning': 1.3929845111513546, 'sigma_boundary': 9.254591283563318, 'alpha': 0.6805433557362173}. Best is trial 144 with value: 0.19091269833028993.
[I 2026-03-06 04:10:36,181] Trial 186 finished with value: 0.3008196585738633 and parameters: {'sigma_noise': 0.13168357230525277, 'A_repulsion': 0.05690389721880389, 'gamma': 0.3989997218532169, 'sigma_update': 0.16122172011192168, 'eta_learning': 1.3567201970305298, 'sigma_boundary': 5.798016212057855, 'alpha': 0.992381873843683}. Best is trial 144 with value: 0.19091269833028993.
[I 2026-03-06 04:10:36,413] Trial 172 finished with value: 0.3713209929817335 and parameters: {'sigma_noise': 0.14306034214002247, 'A_repulsion': 0.15937866701083833, 'gamma': 0.19071295029111465, 'sigma_update': 0.1638827639699241, 'eta_learning': 1.3131422448320433, 'sigma_boundary': 9.115150488592976, 'alpha': 0.969941464832707}. Best is trial 144 with value: 0.19091269833028993.
[I 2026-03-06 04:10:37,489] Trial 174 finished with value: 0.4378048689353153 and parameters: {'sigma_noise': 0.13285454092093096, 'A_repulsion': 0.16162911841356814, 'gamma': 0.19411475536772566, 'sigma_update': 0.17489363306880387, 'eta_learning': 1.4670093934380855, 'sigma_boundary': 9.162449739746021, 'alpha': 0.9921270043171798}. Best is trial 144 with value: 0.19091269833028993.
[I 2026-03-06 04:10:44,427] Trial 189 finished with value: 0.3975581736901945 and parameters: {'sigma_noise': 0.1331647211147646, 'A_repulsion': 0.03556075568076245, 'gamma': 0.22712635695472033, 'sigma_update': 0.42446600678206314, 'eta_learning': 1.3942202351314041, 'sigma_boundary': 3.0809491196843295, 'alpha': 0.9949014247539357}. Best is trial 144 with value: 0.19091269833028993.
[I 2026-03-06 04:10:45,042] Trial 182 finished with value: 0.47198221242013066 and parameters: {'sigma_noise': 0.1303558907325028, 'A_repulsion': 0.15134970527924238, 'gamma': 0.2173124712283604, 'sigma_update': 0.14666095111913163, 'eta_learning': 2.1868449341622407, 'sigma_boundary': 9.16075278475508, 'alpha': 0.978046411099074}. Best is trial 144 with value: 0.19091269833028993.
[I 2026-03-06 04:10:46,322] Trial 181 finished with value: 0.4454258725912516 and parameters: {'sigma_noise': 0.1406147833406365, 'A_repulsion': 0.14331471313468747, 'gamma': 0.08185427682047364, 'sigma_update': 0.24922626008278834, 'eta_learning': 1.400715041483191, 'sigma_boundary': 9.200048998504437, 'alpha': 0.9887902924052852}. Best is trial 144 with value: 0.19091269833028993.
[I 2026-03-06 04:10:47,473] Trial 180 finished with value: 0.3929485550409963 and parameters: {'sigma_noise': 0.12912479000106816, 'A_repulsion': 0.15914679020575148, 'gamma': 0.18786431753111776, 'sigma_update': 0.2528550308310747, 'eta_learning': 1.351749732737652, 'sigma_boundary': 8.993577829592978, 'alpha': 0.9938285795405037}. Best is trial 144 with value: 0.19091269833028993.
[I 2026-03-06 04:10:48,087] Trial 192 finished with value: 0.270884921999868 and parameters: {'sigma_noise': 0.14233904296688013, 'A_repulsion': 0.022338065158766157, 'gamma': 0.3928957148663386, 'sigma_update': 0.15977975609769002, 'eta_learning': 1.3690212971834348, 'sigma_boundary': 9.068073789825402, 'alpha': 0.49131695360182387}. Best is trial 144 with value: 0.19091269833028993.
[I 2026-03-06 04:10:52,958] Trial 184 finished with value: 0.3395693770283903 and parameters: {'sigma_noise': 0.1491152142055212, 'A_repulsion': 0.15568012252046495, 'gamma': 0.19090186935280914, 'sigma_update': 0.17499504616425962, 'eta_learning': 2.5056790153466717, 'sigma_boundary': 9.132092576614205, 'alpha': 0.983895587251891}. Best is trial 144 with value: 0.19091269833028993.
[I 2026-03-06 04:10:56,002] Trial 187 finished with value: 0.39657157514963326 and parameters: {'sigma_noise': 0.13419437327674844, 'A_repulsion': 0.1554963651952072, 'gamma': 0.34140147566611695, 'sigma_update': 0.15739242017694444, 'eta_learning': 1.3763753360562079, 'sigma_boundary': 5.790128319543463, 'alpha': 0.9923713755139218}. Best is trial 144 with value: 0.19091269833028993.
[I 2026-03-06 04:10:58,080] Trial 188 finished with value: 0.32255005049901536 and parameters: {'sigma_noise': 0.14040787522720433, 'A_repulsion': 0.15547753421780597, 'gamma': 0.39462744775259084, 'sigma_update': 0.1631899579824402, 'eta_learning': 1.385363679318013, 'sigma_boundary': 3.031773387893059, 'alpha': 0.9772155894388168}. Best is trial 144 with value: 0.19091269833028993.
[I 2026-03-06 04:10:59,449] Trial 194 finished with value: 0.3287425887506676 and parameters: {'sigma_noise': 0.11747017323249362, 'A_repulsion': 0.023768169929964496, 'gamma': 0.3900347600314358, 'sigma_update': 0.16177814221853812, 'eta_learning': 1.3563290106054486, 'sigma_boundary': 7.188673672216662, 'alpha': 0.9904351072142223}. Best is trial 144 with value: 0.19091269833028993.
[I 2026-03-06 04:11:01,889] Trial 195 finished with value: 0.3100522895872677 and parameters: {'sigma_noise': 0.12961692154968768, 'A_repulsion': 0.06772883161229189, 'gamma': 0.39843274295999814, 'sigma_update': 0.16176838856309939, 'eta_learning': 1.4055324378289937, 'sigma_boundary': 1.509741912621036, 'alpha': 0.9915495930397259}. Best is trial 144 with value: 0.19091269833028993.
[I 2026-03-06 04:11:08,047] Trial 193 finished with value: 0.30501530867587257 and parameters: {'sigma_noise': 0.12074690156748466, 'A_repulsion': 0.15724426363978525, 'gamma': 0.3935864962828032, 'sigma_update': 0.16634374809513292, 'eta_learning': 1.3809412790448243, 'sigma_boundary': 9.112414713343213, 'alpha': 0.9993054717297187}. Best is trial 144 with value: 0.19091269833028993.
[I 2026-03-06 04:11:09,112] Trial 191 finished with value: 0.39397861099373976 and parameters: {'sigma_noise': 0.19090332561424558, 'A_repulsion': 0.1480978498155481, 'gamma': 0.21986329407436223, 'sigma_update': 0.2472894602215679, 'eta_learning': 1.3997193769383982, 'sigma_boundary': 5.717779975960141, 'alpha': 0.9927399469590733}. Best is trial 144 with value: 0.19091269833028993.
