[I 2026-03-06 04:00:52,719] Trial 80 finished with value: 0.40520734221744753 and parameters: {'sigma_noise': 0.055333959455408976, 'A_repulsion': 0.31523820041029854, 'gamma': 0.01832712044192597, 'sigma_update': 0.26370814050454994, 'eta_learning': 0.4419237786688175, 'sigma_boundary': 4.419006510658396, 'alpha': 0.8659579798856156}. Best is trial 34 with value: 0.27563727768854696.
[I 2026-03-06 04:01:05,039] Trial 85 finished with value: 0.36226956938682175 and parameters: {'sigma_noise': 0.07377742453446978, 'A_repulsion': 0.11883258474971589, 'gamma': 0.27466677058822997, 'sigma_update': 0.12957310434540703, 'eta_learning': 1.9750502116057551, 'sigma_boundary': 8.782237558996686, 'alpha': 0.8716969622417584}. Best is trial 34 with value: 0.27563727768854696.
[I 2026-03-06 04:01:10,470] Trial 86 finished with value: 0.3572531099779602 and parameters: {'sigma_noise': 0.07553451443305212, 'A_repulsion': 0.10991146295002643, 'gamma': 0.26442753203546016, 'sigma_update': 0.09757826758018999, 'eta_learning': 1.9023413864299614, 'sigma_boundary': 8.644614298028559, 'alpha': 0.8373733379786339}. Best is trial 34 with value: 0.27563727768854696.
[I 2026-03-06 04:01:16,440] Trial 81 finished with value: 0.44434101606231413 and parameters: {'sigma_noise': 0.07977425962880588, 'A_repulsion': 0.3166142924398113, 'gamma': 0.4663228937934302, 'sigma_update': 0.28383202146314923, 'eta_learning': 1.8944880306793943, 'sigma_boundary': 8.627506426988386, 'alpha': 0.8626795676458611}. Best is trial 34 with value: 0.27563727768854696.
[I 2026-03-06 04:01:42,471] Trial 91 finished with value: 0.44567849450185143 and parameters: {'sigma_noise': 0.07075988841606332, 'A_repulsion': 0.11256039213213213, 'gamma': 0.9835331870967069, 'sigma_update': 0.11582218967851737, 'eta_learning': 1.6617810852038248, 'sigma_boundary': 8.048209440665133, 'alpha': 0.8564338414777808}. Best is trial 34 with value: 0.27563727768854696.
[I 2026-03-06 04:01:45,793] Trial 88 finished with value: 0.4071897381048776 and parameters: {'sigma_noise': 0.08067890515560897, 'A_repulsion': 0.11105827356375014, 'gamma': 0.8689692080404596, 'sigma_update': 0.1486791754512266, 'eta_learning': 1.742816755492712, 'sigma_boundary': 8.590978061502796, 'alpha': 0.8169999601687019}. Best is trial 34 with value: 0.27563727768854696.
[I 2026-03-06 04:01:48,543] Trial 87 finished with value: 0.41082937389692276 and parameters: {'sigma_noise': 0.08147281560762523, 'A_repulsion': 0.10717147837677483, 'gamma': 0.27437044302997143, 'sigma_update': 0.10917072383250354, 'eta_learning': 1.9238692503769383, 'sigma_boundary': 8.588658264252034, 'alpha': 0.8352421211990003}. Best is trial 34 with value: 0.27563727768854696.
[I 2026-03-06 04:01:52,343] Trial 89 finished with value: 0.4093923403867443 and parameters: {'sigma_noise': 0.08064737859344454, 'A_repulsion': 0.10405983293973231, 'gamma': 0.8497385393447431, 'sigma_update': 0.12579368101882749, 'eta_learning': 2.285598309186221, 'sigma_boundary': 8.893049770712233, 'alpha': 0.8378988447051688}. Best is trial 34 with value: 0.27563727768854696.
[I 2026-03-06 04:01:57,268] Trial 90 finished with value: 0.47037487002522127 and parameters: {'sigma_noise': 0.08591918581555757, 'A_repulsion': 0.11399973729003121, 'gamma': 0.9891367767505389, 'sigma_update': 0.11229251418246732, 'eta_learning': 1.698845538289474, 'sigma_boundary': 8.5010793875908, 'alpha': 0.8446667697552082}. Best is trial 34 with value: 0.27563727768854696.
[I 2026-03-06 04:02:01,976] Trial 95 finished with value: 0.36079750834171875 and parameters: {'sigma_noise': 0.073272247558703, 'A_repulsion': 0.100988619892879, 'gamma': 0.8724407222535364, 'sigma_update': 0.10976772688100508, 'eta_learning': 1.6264423530645995, 'sigma_boundary': 8.569116894766726, 'alpha': 0.9219541698104865}. Best is trial 34 with value: 0.27563727768854696.
[I 2026-03-06 04:02:05,987] Trial 94 finished with value: 0.29362543999443064 and parameters: {'sigma_noise': 0.07615601723933482, 'A_repulsion': 0.10969836703638577, 'gamma': 0.8825967720495158, 'sigma_update': 0.1273438020306666, 'eta_learning': 1.7213676791843937, 'sigma_boundary': 8.447698390649443, 'alpha': 0.9248295502127554}. Best is trial 34 with value: 0.27563727768854696.
[I 2026-03-06 04:02:07,438] Trial 92 finished with value: 0.3760653522645805 and parameters: {'sigma_noise': 0.07630227016758577, 'A_repulsion': 0.11754437331884265, 'gamma': 0.8787739603706651, 'sigma_update': 0.12381133042670045, 'eta_learning': 1.7490935276400377, 'sigma_boundary': 8.33066494674922, 'alpha': 0.8418151564231544}. Best is trial 34 with value: 0.27563727768854696.
[I 2026-03-06 04:02:08,879] Trial 93 finished with value: 0.4001225497420237 and parameters: {'sigma_noise': 0.07262330883052925, 'A_repulsion': 0.11533575343533801, 'gamma': 0.8768386262975331, 'sigma_update': 0.12626731986903722, 'eta_learning': 1.709053063538236, 'sigma_boundary': 8.52224114107779, 'alpha': 0.8402070161783368}. Best is trial 34 with value: 0.27563727768854696.
[I 2026-03-06 04:02:21,656] Trial 96 finished with value: 0.3443779274371876 and parameters: {'sigma_noise': 0.07636638205998801, 'A_repulsion': 0.12017436975393447, 'gamma': 0.15830715764943132, 'sigma_update': 0.12278029979442538, 'eta_learning': 1.1694651709908888, 'sigma_boundary': 8.11762089095258, 'alpha': 0.9304543414307562}. Best is trial 34 with value: 0.27563727768854696.
[I 2026-03-06 04:02:28,262] Trial 97 finished with value: 0.24328816209427878 and parameters: {'sigma_noise': 0.08095771325492326, 'A_repulsion': 0.11519937801894473, 'gamma': 0.1342370127514224, 'sigma_update': 0.09658578275840574, 'eta_learning': 1.7211516875839625, 'sigma_boundary': 8.543250629310696, 'alpha': 0.9379617573778445}. Best is trial 97 with value: 0.24328816209427878.
[I 2026-03-06 04:02:31,557] Trial 104 finished with value: 0.4641876845647902 and parameters: {'sigma_noise': 0.07571940112582534, 'A_repulsion': 0.11510240984865057, 'gamma': 0.9932793741918026, 'sigma_update': 0.14486780419392975, 'eta_learning': 1.7060947469609373, 'sigma_boundary': 8.576743355547404, 'alpha': 0.941513721467142}. Best is trial 97 with value: 0.24328816209427878.
[I 2026-03-06 04:02:33,973] Trial 98 finished with value: 0.3826152980927847 and parameters: {'sigma_noise': 0.07885874627313354, 'A_repulsion': 0.1035476016067867, 'gamma': 0.1385325224309235, 'sigma_update': 0.12172578948822951, 'eta_learning': 1.7095885823485908, 'sigma_boundary': 8.297936524657215, 'alpha': 0.9310484256212381}. Best is trial 97 with value: 0.24328816209427878.
[I 2026-03-06 04:02:34,426] Trial 100 finished with value: 0.29711982930845154 and parameters: {'sigma_noise': 0.07855568294652011, 'A_repulsion': 0.11366841022199572, 'gamma': 0.907065359106622, 'sigma_update': 0.11901051737617202, 'eta_learning': 1.7480430707034096, 'sigma_boundary': 8.054905030043138, 'alpha': 0.9390237639691419}. Best is trial 97 with value: 0.24328816209427878.
[I 2026-03-06 04:02:35,968] Trial 99 finished with value: 0.4085968383646098 and parameters: {'sigma_noise': 0.07999584431813953, 'A_repulsion': 0.10366872070799008, 'gamma': 0.918569365188524, 'sigma_update': 0.12606903631535743, 'eta_learning': 1.720101384200401, 'sigma_boundary': 8.692987332071722, 'alpha': 0.5443346432057191}. Best is trial 97 with value: 0.24328816209427878.
[I 2026-03-06 04:02:41,676] Trial 103 finished with value: 0.5023401837467226 and parameters: {'sigma_noise': 0.08857245893476198, 'A_repulsion': 0.09668738002014685, 'gamma': 0.9999482032778939, 'sigma_update': 0.11992534641976019, 'eta_learning': 1.7058733710662497, 'sigma_boundary': 8.26343162341638, 'alpha': 0.9239791637482839}. Best is trial 97 with value: 0.24328816209427878.
[I 2026-03-06 04:02:45,792] Trial 106 finished with value: 0.44316906881664975 and parameters: {'sigma_noise': 0.08286580151603468, 'A_repulsion': 0.12356700080288874, 'gamma': 0.12493053620237823, 'sigma_update': 0.12273523746301357, 'eta_learning': 1.7024990265123094, 'sigma_boundary': 8.549650250648472, 'alpha': 0.9243626781444528}. Best is trial 97 with value: 0.24328816209427878.
[I 2026-03-06 04:02:55,867] Trial 107 finished with value: 0.449834230961655 and parameters: {'sigma_noise': 0.09184229393133804, 'A_repulsion': 0.11705492231550582, 'gamma': 0.99736233089537, 'sigma_update': 0.12221435596988603, 'eta_learning': 1.7291766512284377, 'sigma_boundary': 8.257213981131475, 'alpha': 0.9189474508802016}. Best is trial 97 with value: 0.24328816209427878.
[I 2026-03-06 04:02:57,125] Trial 102 finished with value: 0.45438522249586116 and parameters: {'sigma_noise': 0.08084200572073508, 'A_repulsion': 0.11654757758001974, 'gamma': 0.1401420536428621, 'sigma_update': 0.12255620958003101, 'eta_learning': 1.6635857181323692, 'sigma_boundary': 8.238493110250252, 'alpha': 0.9032868622225568}. Best is trial 97 with value: 0.24328816209427878.
[I 2026-03-06 04:02:58,104] Trial 105 finished with value: 0.513659544659167 and parameters: {'sigma_noise': 0.08241121071814582, 'A_repulsion': 0.09537960915027897, 'gamma': 0.9985749703359595, 'sigma_update': 0.11559560898387429, 'eta_learning': 1.7139507096623405, 'sigma_boundary': 8.420232917376818, 'alpha': 0.9386689756248957}. Best is trial 97 with value: 0.24328816209427878.
[I 2026-03-06 04:03:00,799] Trial 110 finished with value: 0.40137404461569776 and parameters: {'sigma_noise': 0.08272912104308294, 'A_repulsion': 0.10818718356619038, 'gamma': 0.9049392561829824, 'sigma_update': 0.10908072921907692, 'eta_learning': 1.6893751409623827, 'sigma_boundary': 8.413720185191268, 'alpha': 0.9338922008285809}. Best is trial 97 with value: 0.24328816209427878.
[I 2026-03-06 04:03:05,820] Trial 109 finished with value: 0.37136967275609195 and parameters: {'sigma_noise': 0.07798715041434076, 'A_repulsion': 0.11784119429372214, 'gamma': 0.11424834003239262, 'sigma_update': 0.11437954338123713, 'eta_learning': 1.6854267745092797, 'sigma_boundary': 8.50180470400276, 'alpha': 0.9211015519446327}. Best is trial 97 with value: 0.24328816209427878.
[I 2026-03-06 04:03:07,629] Trial 108 finished with value: 0.3408922545108063 and parameters: {'sigma_noise': 0.08987857899404413, 'A_repulsion': 0.11476239013897166, 'gamma': 0.12065319969403815, 'sigma_update': 0.11973009903543563, 'eta_learning': 1.6971664461382763, 'sigma_boundary': 8.277753062882589, 'alpha': 0.9165923113648837}. Best is trial 97 with value: 0.24328816209427878.
[I 2026-03-06 04:03:13,856] Trial 111 finished with value: 0.4254738094764159 and parameters: {'sigma_noise': 0.08976996121040201, 'A_repulsion': 0.1169624068357669, 'gamma': 0.9937525688832819, 'sigma_update': 0.11360949385674515, 'eta_learning': 1.7006641652286616, 'sigma_boundary': 8.483775158756071, 'alpha': 0.9283251121705104}. Best is trial 97 with value: 0.24328816209427878.
[I 2026-03-06 04:03:20,743] Trial 113 finished with value: 0.40924479713825956 and parameters: {'sigma_noise': 0.08545555554730361, 'A_repulsion': 0.11749182852363002, 'gamma': 0.9414476074924798, 'sigma_update': 0.10203090556022822, 'eta_learning': 1.7138167528497987, 'sigma_boundary': 8.253257032753655, 'alpha': 0.9304582543243491}. Best is trial 97 with value: 0.24328816209427878.
[I 2026-03-06 04:03:23,704] Trial 114 finished with value: 0.33067955197325233 and parameters: {'sigma_noise': 0.08710776461418152, 'A_repulsion': 0.11600823097535642, 'gamma': 0.9414849721690695, 'sigma_update': 0.2127030937818275, 'eta_learning': 1.6755214952220314, 'sigma_boundary': 8.490871419591294, 'alpha': 0.6990941142933689}. Best is trial 97 with value: 0.24328816209427878.
[I 2026-03-06 04:03:24,434] Trial 112 finished with value: 0.3488839443747891 and parameters: {'sigma_noise': 0.08529961932897052, 'A_repulsion': 0.11901058743893642, 'gamma': 0.9309290993547147, 'sigma_update': 0.1035105879661471, 'eta_learning': 1.6112537436060963, 'sigma_boundary': 8.289001668189295, 'alpha': 0.9316381567545107}. Best is trial 97 with value: 0.24328816209427878.
[I 2026-03-06 04:03:40,190] Trial 116 finished with value: 0.4068394948665347 and parameters: {'sigma_noise': 0.08928405630558144, 'A_repulsion': 0.09296167860021967, 'gamma': 0.9935655887872983, 'sigma_update': 0.10282510714302522, 'eta_learning': 1.7049972380337575, 'sigma_boundary': 8.448196179186422, 'alpha': 0.9337932380906362}. Best is trial 97 with value: 0.24328816209427878.
[I 2026-03-06 04:03:44,447] Trial 115 finished with value: 0.36119306798002127 and parameters: {'sigma_noise': 0.08432711976981921, 'A_repulsion': 0.11392143819341091, 'gamma': 0.1187025117085925, 'sigma_update': 0.19861598638403022, 'eta_learning': 1.6249134520650876, 'sigma_boundary': 8.308389163104179, 'alpha': 0.923154447192851}. Best is trial 97 with value: 0.24328816209427878.
[I 2026-03-06 04:03:59,102] Trial 101 finished with value: 0.4781653374041242 and parameters: {'sigma_noise': 0.08127098830658437, 'A_repulsion': 0.49589756138827557, 'gamma': 0.8894098391745079, 'sigma_update': 0.1224843630472013, 'eta_learning': 1.7074207139566882, 'sigma_boundary': 8.363203075342922, 'alpha': 0.8957340138849889}. Best is trial 97 with value: 0.24328816209427878.
[I 2026-03-06 04:04:00,092] Trial 117 finished with value: 0.4219690319622677 and parameters: {'sigma_noise': 0.08308429629291846, 'A_repulsion': 0.11221617453218727, 'gamma': 0.9447769613138631, 'sigma_update': 0.2334500803350174, 'eta_learning': 1.6065127962483399, 'sigma_boundary': 8.40493458924305, 'alpha': 0.9216525734406394}. Best is trial 97 with value: 0.24328816209427878.
[I 2026-03-06 04:04:15,596] Trial 119 finished with value: 0.42138999317228765 and parameters: {'sigma_noise': 0.09254460330136033, 'A_repulsion': 0.11233221036652034, 'gamma': 0.9422632579574806, 'sigma_update': 0.212244576051489, 'eta_learning': 1.6777664883081147, 'sigma_boundary': 8.250098906886473, 'alpha': 0.9299228810817449}. Best is trial 97 with value: 0.24328816209427878.
[I 2026-03-06 04:04:19,354] Trial 118 finished with value: 0.4152887730198982 and parameters: {'sigma_noise': 0.09276074558588931, 'A_repulsion': 0.10083166297989662, 'gamma': 0.9978619198491295, 'sigma_update': 0.20790676521454998, 'eta_learning': 1.6965354880543657, 'sigma_boundary': 8.348643995305574, 'alpha': 0.9214744292219529}. Best is trial 97 with value: 0.24328816209427878.
[I 2026-03-06 04:04:31,266] Trial 120 finished with value: 0.4219690319622677 and parameters: {'sigma_noise': 0.08139539597510169, 'A_repulsion': 0.1026901338689438, 'gamma': 0.9486019811134726, 'sigma_update': 0.21880233533947668, 'eta_learning': 1.7375932288806957, 'sigma_boundary': 6.243827336001755, 'alpha': 0.931595360796015}. Best is trial 97 with value: 0.24328816209427878.
[I 2026-03-06 04:04:50,442] Trial 121 finished with value: 0.4277541507816218 and parameters: {'sigma_noise': 0.08795245775856736, 'A_repulsion': 0.11211428578085701, 'gamma': 0.1370870622155314, 'sigma_update': 0.21029714783544867, 'eta_learning': 1.6852458595698605, 'sigma_boundary': 8.107510045377971, 'alpha': 0.9244211954217723}. Best is trial 97 with value: 0.24328816209427878.
[I 2026-03-06 04:04:56,648] Trial 124 finished with value: 0.3147942490754776 and parameters: {'sigma_noise': 0.09249904559670395, 'A_repulsion': 0.05110358343965229, 'gamma': 0.933914227702884, 'sigma_update': 0.2100142876230557, 'eta_learning': 1.6158361297874895, 'sigma_boundary': 8.15811139745604, 'alpha': 0.9241752812115386}. Best is trial 97 with value: 0.24328816209427878.
[I 2026-03-06 04:04:57,863] Trial 122 finished with value: 0.32997437377066224 and parameters: {'sigma_noise': 0.08397843338807762, 'A_repulsion': 0.11653209191289288, 'gamma': 0.9380524713627175, 'sigma_update': 0.21537746518832507, 'eta_learning': 2.2829556356762035, 'sigma_boundary': 6.167413115261734, 'alpha': 0.9015085560106623}. Best is trial 97 with value: 0.24328816209427878.
[I 2026-03-06 04:04:58,612] Trial 123 finished with value: 0.44451033308360244 and parameters: {'sigma_noise': 0.0852871389834632, 'A_repulsion': 0.13222753803313472, 'gamma': 0.9962934408126738, 'sigma_update': 0.2171905306080139, 'eta_learning': 1.6809321501242227, 'sigma_boundary': 6.118151345378413, 'alpha': 0.9340778295774106}. Best is trial 97 with value: 0.24328816209427878.
[I 2026-03-06 04:05:22,788] Trial 125 finished with value: 0.449834230961655 and parameters: {'sigma_noise': 0.09202832081811836, 'A_repulsion': 0.1255545853800956, 'gamma': 0.9980216964136027, 'sigma_update': 0.2007044252649972, 'eta_learning': 1.7202852497441754, 'sigma_boundary': 7.941595221822748, 'alpha': 0.9192448455127022}. Best is trial 97 with value: 0.24328816209427878.
[I 2026-03-06 04:05:23,372] Trial 126 finished with value: 0.35896235222774736 and parameters: {'sigma_noise': 0.09044872109517382, 'A_repulsion': 0.12477377833851881, 'gamma': 0.15624826924632965, 'sigma_update': 0.09784761415962409, 'eta_learning': 1.65964967701031, 'sigma_boundary': 7.807332198230113, 'alpha': 0.9190224473149462}. Best is trial 97 with value: 0.24328816209427878.
[I 2026-03-06 04:05:45,815] Trial 130 finished with value: 0.4016768468061894 and parameters: {'sigma_noise': 0.0988249041107138, 'A_repulsion': 0.04622695892971884, 'gamma': 0.9383808468357864, 'sigma_update': 0.21832146100311128, 'eta_learning': 1.5241872168060624, 'sigma_boundary': 6.145857719400718, 'alpha': 0.9228474601730737}. Best is trial 97 with value: 0.24328816209427878.
[I 2026-03-06 04:05:49,742] Trial 127 finished with value: 0.32158776600999095 and parameters: {'sigma_noise': 0.08939507406519352, 'A_repulsion': 0.12749378591446853, 'gamma': 0.11710343343314206, 'sigma_update': 0.22136903869680075, 'eta_learning': 1.5438810946297488, 'sigma_boundary': 8.2171085055272, 'alpha': 0.9205719309789338}. Best is trial 97 with value: 0.24328816209427878.
[I 2026-03-06 04:05:53,022] Trial 131 finished with value: 0.4319576128146183 and parameters: {'sigma_noise': 0.1106156481579146, 'A_repulsion': 0.0517128751900085, 'gamma': 0.1229036756677844, 'sigma_update': 0.2049997151193202, 'eta_learning': 1.536852451889737, 'sigma_boundary': 6.15833990845639, 'alpha': 0.9247676613992998}. Best is trial 97 with value: 0.24328816209427878.
[I 2026-03-06 04:05:56,469] Trial 128 finished with value: 0.46751224986181383 and parameters: {'sigma_noise': 0.0942298801021641, 'A_repulsion': 0.23579089610989928, 'gamma': 0.1493479497065165, 'sigma_update': 0.10314920483878565, 'eta_learning': 2.278469966523618, 'sigma_boundary': 6.185980002409913, 'alpha': 0.9089395869773984}. Best is trial 97 with value: 0.24328816209427878.
[I 2026-03-06 04:06:12,566] Trial 135 finished with value: 0.40239516526076724 and parameters: {'sigma_noise': 0.109588835896478, 'A_repulsion': 0.0832680643661831, 'gamma': 0.9399416243703432, 'sigma_update': 0.22685184822868548, 'eta_learning': 1.4969442844668794, 'sigma_boundary': 6.1683823533768125, 'alpha': 0.914886095308269}. Best is trial 97 with value: 0.24328816209427878.
[I 2026-03-06 04:06:14,324] Trial 132 finished with value: 0.34288439222486544 and parameters: {'sigma_noise': 0.10516368820087371, 'A_repulsion': 0.08209383635383066, 'gamma': 0.36701476656234583, 'sigma_update': 0.20740730360856308, 'eta_learning': 1.5337710587480142, 'sigma_boundary': 7.935039615273478, 'alpha': 0.9259756967641778}. Best is trial 97 with value: 0.24328816209427878.
[I 2026-03-06 04:06:24,540] Trial 133 finished with value: 0.40439171099246296 and parameters: {'sigma_noise': 0.10791874277965013, 'A_repulsion': 0.1324046081282843, 'gamma': 0.9344016085784642, 'sigma_update': 0.1989602805322908, 'eta_learning': 1.1774846132121422, 'sigma_boundary': 6.153026845198746, 'alpha': 0.9141465148030284}. Best is trial 97 with value: 0.24328816209427878.
[I 2026-03-06 04:06:27,522] Trial 134 finished with value: 0.41187768065799096 and parameters: {'sigma_noise': 0.10851699602346386, 'A_repulsion': 0.1326022069800929, 'gamma': 0.9381289485195098, 'sigma_update': 0.2080723176162282, 'eta_learning': 1.246459939721205, 'sigma_boundary': 6.099744171252857, 'alpha': 0.9100254319516579}. Best is trial 97 with value: 0.24328816209427878.
[I 2026-03-06 04:06:27,776] Trial 141 finished with value: 0.38869763814146263 and parameters: {'sigma_noise': 0.10616875927003099, 'A_repulsion': 0.08276971323401942, 'gamma': 0.947153902211696, 'sigma_update': 0.20030580135602288, 'eta_learning': 1.4820291399705714, 'sigma_boundary': 7.66351939203466, 'alpha': 0.956625584064918}. Best is trial 97 with value: 0.24328816209427878.
[I 2026-03-06 04:06:28,381] Trial 137 finished with value: 0.41509471807054477 and parameters: {'sigma_noise': 0.09338318484164987, 'A_repulsion': 0.12844097813322053, 'gamma': 0.9289745279259007, 'sigma_update': 0.19830050672318275, 'eta_learning': 1.4577870231529533, 'sigma_boundary': 6.162271845370318, 'alpha': 0.9488382950298366}. Best is trial 97 with value: 0.24328816209427878.
[I 2026-03-06 04:06:33,771] Trial 143 finished with value: 0.2966072299026092 and parameters: {'sigma_noise': 0.10850038805794887, 'A_repulsion': 0.08419534464743222, 'gamma': 0.36055958354670997, 'sigma_update': 0.19472067486082706, 'eta_learning': 1.5200945265619665, 'sigma_boundary': 6.164196526230172, 'alpha': 0.9649916201421807}. Best is trial 97 with value: 0.24328816209427878.
[I 2026-03-06 04:06:37,342] Trial 129 finished with value: 0.4309950857327396 and parameters: {'sigma_noise': 0.10795971309383186, 'A_repulsion': 0.1309330014452928, 'gamma': 0.14268341626365066, 'sigma_update': 0.20315903268314098, 'eta_learning': 1.554121938756725, 'sigma_boundary': 6.122124649957128, 'alpha': 0.9299177037440518}. Best is trial 97 with value: 0.24328816209427878.
[I 2026-03-06 04:06:38,184] Trial 140 finished with value: 0.40439171099246296 and parameters: {'sigma_noise': 0.10812948864629712, 'A_repulsion': 0.13600462116482973, 'gamma': 0.9408285838250939, 'sigma_update': 0.19612126979446276, 'eta_learning': 1.2844423132793117, 'sigma_boundary': 7.723452035372537, 'alpha': 0.9039848082212837}. Best is trial 97 with value: 0.24328816209427878.
