[I 2026-03-06 03:50:50,369] Trial 82 finished with value: 0.15870776907805254 and parameters: {'sigma_noise': 0.10987148036431427, 'A_repulsion': 0.08398147060691867, 'gamma': 0.7230384642477371, 'sigma_update': 0.5809463229391674, 'eta_learning': 0.3707225920678934, 'sigma_boundary': 7.327327959967675, 'alpha': 0.8324206558525359}. Best is trial 76 with value: 0.12179102110137982.
[I 2026-03-06 03:51:01,857] Trial 84 finished with value: 0.1466520578131015 and parameters: {'sigma_noise': 0.12420206724359169, 'A_repulsion': 0.04138074445537722, 'gamma': 0.7279354700361937, 'sigma_update': 0.6252298615089931, 'eta_learning': 0.40489021475011433, 'sigma_boundary': 7.32827913436552, 'alpha': 0.6820884040025472}. Best is trial 76 with value: 0.12179102110137982.
[I 2026-03-06 03:51:02,871] Trial 85 finished with value: 0.2159305135138218 and parameters: {'sigma_noise': 0.12361749751571849, 'A_repulsion': 0.04551868660216053, 'gamma': 0.44762298645619736, 'sigma_update': 0.5851780569081249, 'eta_learning': 0.4963410179564252, 'sigma_boundary': 7.209768206648572, 'alpha': 0.6701784662660791}. Best is trial 76 with value: 0.12179102110137982.
[I 2026-03-06 03:51:07,130] Trial 83 finished with value: 0.21310702746854354 and parameters: {'sigma_noise': 0.12941522658776308, 'A_repulsion': 0.09324700805613488, 'gamma': 0.4492185979653087, 'sigma_update': 0.5880869166272605, 'eta_learning': 0.4228168292938851, 'sigma_boundary': 7.104131488617763, 'alpha': 0.686795134123998}. Best is trial 76 with value: 0.12179102110137982.
[I 2026-03-06 03:51:14,516] Trial 89 finished with value: 0.15499694117590973 and parameters: {'sigma_noise': 0.120941951982312, 'A_repulsion': 0.04209564938838797, 'gamma': 0.8616926068640072, 'sigma_update': 0.5984957332045812, 'eta_learning': 0.22033771172040523, 'sigma_boundary': 6.2271245942076785, 'alpha': 0.6837648925922554}. Best is trial 76 with value: 0.12179102110137982.
[I 2026-03-06 03:51:15,594] Trial 86 finished with value: 0.2083368363400867 and parameters: {'sigma_noise': 0.11615432926500657, 'A_repulsion': 0.04103985871720646, 'gamma': 0.4550243814549596, 'sigma_update': 0.6210964090398893, 'eta_learning': 0.47220832238261046, 'sigma_boundary': 7.480627089164198, 'alpha': 0.6708540001581877}. Best is trial 76 with value: 0.12179102110137982.
[I 2026-03-06 03:51:17,658] Trial 87 finished with value: 0.21314264577192893 and parameters: {'sigma_noise': 0.12853577009353037, 'A_repulsion': 0.03874232167606263, 'gamma': 0.43861978682164127, 'sigma_update': 0.5843598484723318, 'eta_learning': 0.4837293527177132, 'sigma_boundary': 8.87996941923565, 'alpha': 0.6893046390768933}. Best is trial 76 with value: 0.12179102110137982.
[I 2026-03-06 03:51:27,680] Trial 94 finished with value: 0.16091945743454467 and parameters: {'sigma_noise': 0.12206646654024093, 'A_repulsion': 0.038884872450402105, 'gamma': 0.7238626827879824, 'sigma_update': 0.5915663736723049, 'eta_learning': 0.560439652336135, 'sigma_boundary': 8.931533433497018, 'alpha': 0.9039502188500922}. Best is trial 76 with value: 0.12179102110137982.
[I 2026-03-06 03:51:31,278] Trial 88 finished with value: 0.23807510112045308 and parameters: {'sigma_noise': 0.12795608648157272, 'A_repulsion': 0.04070279847777101, 'gamma': 0.4262969542579537, 'sigma_update': 0.5763148633453096, 'eta_learning': 0.5078204928938443, 'sigma_boundary': 6.34494469339869, 'alpha': 0.6611539127948665}. Best is trial 76 with value: 0.12179102110137982.
[I 2026-03-06 03:51:31,568] Trial 91 finished with value: 0.16756875812723757 and parameters: {'sigma_noise': 0.11611515512573127, 'A_repulsion': 0.04183219697079474, 'gamma': 0.7315977366709823, 'sigma_update': 0.5917971624287719, 'eta_learning': 0.5188374550304895, 'sigma_boundary': 8.876659520611184, 'alpha': 0.6729954148059747}. Best is trial 76 with value: 0.12179102110137982.
[I 2026-03-06 03:51:31,836] Trial 90 finished with value: 0.20332060677735359 and parameters: {'sigma_noise': 0.11799221596672856, 'A_repulsion': 0.03926700721026491, 'gamma': 0.4174911774431904, 'sigma_update': 0.384915174626295, 'eta_learning': 0.49612913863618735, 'sigma_boundary': 8.915092826613519, 'alpha': 0.6904712574910701}. Best is trial 76 with value: 0.12179102110137982.
[I 2026-03-06 03:51:34,914] Trial 93 finished with value: 0.16477307177961892 and parameters: {'sigma_noise': 0.12412281013847, 'A_repulsion': 0.04030647466572665, 'gamma': 0.4281687941733733, 'sigma_update': 0.591434822829146, 'eta_learning': 0.5063025554390729, 'sigma_boundary': 8.847510770910592, 'alpha': 0.902074399115087}. Best is trial 76 with value: 0.12179102110137982.
[I 2026-03-06 03:51:47,079] Trial 96 finished with value: 0.15263117540147847 and parameters: {'sigma_noise': 0.11928510603096439, 'A_repulsion': 0.040795873662447676, 'gamma': 0.7172590665136449, 'sigma_update': 0.594318056592015, 'eta_learning': 0.21684323358409371, 'sigma_boundary': 6.220194852260839, 'alpha': 0.6423642135221027}. Best is trial 76 with value: 0.12179102110137982.
[I 2026-03-06 03:51:51,613] Trial 92 finished with value: 0.16394302263034952 and parameters: {'sigma_noise': 0.19032884204562026, 'A_repulsion': 0.04422343467090183, 'gamma': 0.43290825434231645, 'sigma_update': 0.5915804346380472, 'eta_learning': 0.48059653319157775, 'sigma_boundary': 8.873364150482486, 'alpha': 0.693565221438278}. Best is trial 76 with value: 0.12179102110137982.
[I 2026-03-06 03:51:54,788] Trial 97 finished with value: 0.16091945743454467 and parameters: {'sigma_noise': 0.11826841612282125, 'A_repulsion': 0.053958212182811716, 'gamma': 0.7300224743976417, 'sigma_update': 0.59704645830882, 'eta_learning': 0.5473207441801103, 'sigma_boundary': 6.527407212383938, 'alpha': 0.9130400507381966}. Best is trial 76 with value: 0.12179102110137982.
[I 2026-03-06 03:51:59,548] Trial 95 finished with value: 0.15114686199641464 and parameters: {'sigma_noise': 0.19058617196872177, 'A_repulsion': 0.03890303275346428, 'gamma': 0.4351535340042015, 'sigma_update': 0.6000249973856698, 'eta_learning': 0.5328711020109803, 'sigma_boundary': 8.810718831855903, 'alpha': 0.8972763931362243}. Best is trial 76 with value: 0.12179102110137982.
[I 2026-03-06 03:52:08,016] Trial 98 finished with value: 0.1187302728447289 and parameters: {'sigma_noise': 0.1893542082442247, 'A_repulsion': 0.04173473361469211, 'gamma': 0.7198270170148775, 'sigma_update': 0.613700526438066, 'eta_learning': 0.5220497566791975, 'sigma_boundary': 6.262824803382188, 'alpha': 0.9244537284567363}. Best is trial 98 with value: 0.1187302728447289.
[I 2026-03-06 03:52:23,274] Trial 99 finished with value: 0.1191377572789875 and parameters: {'sigma_noise': 0.18803560857551224, 'A_repulsion': 0.042292464937433605, 'gamma': 0.7262259499257709, 'sigma_update': 0.5896257062016982, 'eta_learning': 0.586227920075411, 'sigma_boundary': 6.643033774677123, 'alpha': 0.9035210822862428}. Best is trial 98 with value: 0.1187302728447289.
[I 2026-03-06 03:52:37,335] Trial 101 finished with value: 0.1191377572789875 and parameters: {'sigma_noise': 0.1873919965087855, 'A_repulsion': 0.05219220246865561, 'gamma': 0.7263235971085955, 'sigma_update': 0.6246905761831514, 'eta_learning': 0.535448274756393, 'sigma_boundary': 6.495613890479325, 'alpha': 0.9000650593666649}. Best is trial 98 with value: 0.1187302728447289.
[I 2026-03-06 03:52:37,829] Trial 100 finished with value: 0.16312881582737662 and parameters: {'sigma_noise': 0.192568627778869, 'A_repulsion': 0.038813117299944744, 'gamma': 0.742436332065189, 'sigma_update': 0.6026336790466834, 'eta_learning': 0.5348694690257444, 'sigma_boundary': 6.344390841625312, 'alpha': 0.6270598187218521}. Best is trial 98 with value: 0.1187302728447289.
[I 2026-03-06 03:52:52,422] Trial 102 finished with value: 0.18780946277595736 and parameters: {'sigma_noise': 0.18899039528816594, 'A_repulsion': 0.039175748782181, 'gamma': 0.7388673854598459, 'sigma_update': 0.6068620928876552, 'eta_learning': 0.6147783435376066, 'sigma_boundary': 6.457404081969419, 'alpha': 0.626654458685383}. Best is trial 98 with value: 0.1187302728447289.
[I 2026-03-06 03:52:56,946] Trial 107 finished with value: 0.2615858572145535 and parameters: {'sigma_noise': 0.0754962127431835, 'A_repulsion': 0.11664239351603592, 'gamma': 0.7354688431535371, 'sigma_update': 0.6754324105009468, 'eta_learning': 0.7081508300036266, 'sigma_boundary': 6.669261113790501, 'alpha': 0.6229216997315655}. Best is trial 98 with value: 0.1187302728447289.
[I 2026-03-06 03:53:03,193] Trial 103 finished with value: 0.15152290751895825 and parameters: {'sigma_noise': 0.19012776783838406, 'A_repulsion': 0.04672702598247183, 'gamma': 0.7217399193088061, 'sigma_update': 0.618128113470511, 'eta_learning': 0.5359536655029356, 'sigma_boundary': 6.488501065402919, 'alpha': 0.7177665688174284}. Best is trial 98 with value: 0.1187302728447289.
[I 2026-03-06 03:53:06,492] Trial 104 finished with value: 0.17523597387106302 and parameters: {'sigma_noise': 0.18565753096475562, 'A_repulsion': 0.03340159598666724, 'gamma': 0.7306843399344027, 'sigma_update': 0.6393659966784973, 'eta_learning': 0.7779847697948127, 'sigma_boundary': 6.441789742173641, 'alpha': 0.7211948164631077}. Best is trial 98 with value: 0.1187302728447289.
[I 2026-03-06 03:53:23,724] Trial 105 finished with value: 0.22622082233985494 and parameters: {'sigma_noise': 0.18740197790748592, 'A_repulsion': 0.12100488751597327, 'gamma': 0.7355702701007771, 'sigma_update': 0.6590552030659048, 'eta_learning': 0.733990079871241, 'sigma_boundary': 6.622460647751215, 'alpha': 0.6345913163155881}. Best is trial 98 with value: 0.1187302728447289.
[I 2026-03-06 03:53:30,512] Trial 108 finished with value: 0.22156560285750074 and parameters: {'sigma_noise': 0.18277233984546754, 'A_repulsion': 0.1203788036822577, 'gamma': 0.7389430887607229, 'sigma_update': 0.6335500423828528, 'eta_learning': 0.653957213563513, 'sigma_boundary': 6.790102750943688, 'alpha': 0.6275689586412302}. Best is trial 98 with value: 0.1187302728447289.
[I 2026-03-06 03:53:32,402] Trial 110 finished with value: 0.14705949027794993 and parameters: {'sigma_noise': 0.19304168740770072, 'A_repulsion': 0.06024699950267234, 'gamma': 0.6252916028197816, 'sigma_update': 0.4078130239488853, 'eta_learning': 0.7809558285175203, 'sigma_boundary': 6.656355672324081, 'alpha': 0.6260814879009142}. Best is trial 98 with value: 0.1187302728447289.
[I 2026-03-06 03:53:32,683] Trial 112 finished with value: 0.21270992344901873 and parameters: {'sigma_noise': 0.1887561361596358, 'A_repulsion': 0.057530911797479885, 'gamma': 0.693497458842967, 'sigma_update': 0.6831981460519005, 'eta_learning': 0.8795809765872866, 'sigma_boundary': 6.728650005402934, 'alpha': 0.6120545212357198}. Best is trial 98 with value: 0.1187302728447289.
[I 2026-03-06 03:53:34,232] Trial 113 finished with value: 0.1975256924823498 and parameters: {'sigma_noise': 0.1847521349251201, 'A_repulsion': 0.05882905991613997, 'gamma': 0.6838374269039622, 'sigma_update': 0.6681304084952605, 'eta_learning': 0.7107560992456672, 'sigma_boundary': 6.678544219908021, 'alpha': 0.6266164904945049}. Best is trial 98 with value: 0.1187302728447289.
[I 2026-03-06 03:53:37,273] Trial 106 finished with value: 0.12027291383147096 and parameters: {'sigma_noise': 0.19008680721185436, 'A_repulsion': 0.11854576247418658, 'gamma': 0.7443367968866812, 'sigma_update': 0.6416626986386925, 'eta_learning': 0.7529584074867557, 'sigma_boundary': 6.777959884043527, 'alpha': 0.8935085383377169}. Best is trial 98 with value: 0.1187302728447289.
[I 2026-03-06 03:53:37,497] Trial 111 finished with value: 0.18968849511021588 and parameters: {'sigma_noise': 0.18844531422407368, 'A_repulsion': 0.05831260624444607, 'gamma': 0.6773531545041265, 'sigma_update': 0.6345372364881869, 'eta_learning': 0.6928140397132665, 'sigma_boundary': 6.745534193252168, 'alpha': 0.612502341537964}. Best is trial 98 with value: 0.1187302728447289.
[I 2026-03-06 03:53:39,013] Trial 109 finished with value: 0.23974264280345908 and parameters: {'sigma_noise': 0.19025684606628238, 'A_repulsion': 0.12891634408525166, 'gamma': 0.6219147316471549, 'sigma_update': 0.6901099517226426, 'eta_learning': 0.6725745173362999, 'sigma_boundary': 6.549092957653587, 'alpha': 0.6358750618998246}. Best is trial 98 with value: 0.1187302728447289.
[I 2026-03-06 03:53:47,905] Trial 117 finished with value: 0.2660923388654389 and parameters: {'sigma_noise': 0.07879100266387999, 'A_repulsion': 0.12133948002297897, 'gamma': 0.6858381340503324, 'sigma_update': 0.6420667442424488, 'eta_learning': 0.7110763781469885, 'sigma_boundary': 9.293376185770905, 'alpha': 0.6175380999926879}. Best is trial 98 with value: 0.1187302728447289.
[I 2026-03-06 03:53:49,149] Trial 116 finished with value: 0.2660923388654389 and parameters: {'sigma_noise': 0.07707865567544132, 'A_repulsion': 0.13684397449608285, 'gamma': 0.6764481863202852, 'sigma_update': 0.6622608713129707, 'eta_learning': 0.8167498679710943, 'sigma_boundary': 9.26544123523841, 'alpha': 0.6224097474764606}. Best is trial 98 with value: 0.1187302728447289.
[I 2026-03-06 03:53:53,496] Trial 115 finished with value: 0.238283969603657 and parameters: {'sigma_noise': 0.15877350368343998, 'A_repulsion': 0.05897502837856043, 'gamma': 0.6294819284592738, 'sigma_update': 0.6410535262644026, 'eta_learning': 0.697856940453836, 'sigma_boundary': 9.196770781143114, 'alpha': 0.6327833582562618}. Best is trial 98 with value: 0.1187302728447289.
[I 2026-03-06 03:53:58,856] Trial 114 finished with value: 0.19930538734736092 and parameters: {'sigma_noise': 0.19832062175403853, 'A_repulsion': 0.05775331821081471, 'gamma': 0.6818646528296861, 'sigma_update': 0.6738495412521481, 'eta_learning': 0.6409589764010672, 'sigma_boundary': 6.532767197578053, 'alpha': 0.6334256978554043}. Best is trial 98 with value: 0.1187302728447289.
[I 2026-03-06 03:54:14,198] Trial 118 finished with value: 0.2370382268333978 and parameters: {'sigma_noise': 0.1567499417146182, 'A_repulsion': 0.12350866470136655, 'gamma': 0.6858026385859659, 'sigma_update': 0.6673873477539712, 'eta_learning': 0.7494678693148109, 'sigma_boundary': 5.70637121320183, 'alpha': 0.6180605483634931}. Best is trial 98 with value: 0.1187302728447289.
[I 2026-03-06 03:54:33,651] Trial 120 finished with value: 0.22253884176345462 and parameters: {'sigma_noise': 0.1591211898673663, 'A_repulsion': 0.05800683147584028, 'gamma': 0.6869166335610367, 'sigma_update': 0.6570529271396068, 'eta_learning': 0.6419342618408925, 'sigma_boundary': 6.71990895870629, 'alpha': 0.6365497740780958}. Best is trial 98 with value: 0.1187302728447289.
[I 2026-03-06 03:54:36,918] Trial 119 finished with value: 0.16998623972314517 and parameters: {'sigma_noise': 0.1877762767063757, 'A_repulsion': 0.1200967195588617, 'gamma': 0.6894004399010655, 'sigma_update': 0.653282771897481, 'eta_learning': 0.7771046842909677, 'sigma_boundary': 5.7892615443094595, 'alpha': 0.7272067145377177}. Best is trial 98 with value: 0.1187302728447289.
[I 2026-03-06 03:54:41,692] Trial 121 finished with value: 0.11118238859130503 and parameters: {'sigma_noise': 0.15553134085836248, 'A_repulsion': 0.12023488267617709, 'gamma': 0.692968275727764, 'sigma_update': 0.6498998934347143, 'eta_learning': 0.7295887998319835, 'sigma_boundary': 5.73196411350732, 'alpha': 0.8773114528846596}. Best is trial 121 with value: 0.11118238859130503.
[I 2026-03-06 03:54:58,620] Trial 124 finished with value: 0.12855337407843054 and parameters: {'sigma_noise': 0.15829724951219715, 'A_repulsion': 0.06196106948165689, 'gamma': 0.6163567166101137, 'sigma_update': 0.6516174525035324, 'eta_learning': 0.8278356669066412, 'sigma_boundary': 5.938151142517828, 'alpha': 0.8699179075092748}. Best is trial 121 with value: 0.11118238859130503.
[I 2026-03-06 03:55:00,093] Trial 125 finished with value: 0.1209715795475854 and parameters: {'sigma_noise': 0.1558482743145879, 'A_repulsion': 0.06104202766305834, 'gamma': 0.606943059629653, 'sigma_update': 0.6439322568729626, 'eta_learning': 0.8026221195060964, 'sigma_boundary': 5.913406636037881, 'alpha': 0.874920355303403}. Best is trial 121 with value: 0.11118238859130503.
[I 2026-03-06 03:55:12,635] Trial 122 finished with value: 0.15384877373420303 and parameters: {'sigma_noise': 0.23124765140301268, 'A_repulsion': 0.12204346092112228, 'gamma': 0.6916502334354666, 'sigma_update': 0.657155823177453, 'eta_learning': 0.7748941892476403, 'sigma_boundary': 5.3900015860229695, 'alpha': 0.7199657175056777}. Best is trial 121 with value: 0.11118238859130503.
[I 2026-03-06 03:55:15,278] Trial 123 finished with value: 0.16990374593558472 and parameters: {'sigma_noise': 0.23217835615631904, 'A_repulsion': 0.06392463864322348, 'gamma': 0.6773968872700197, 'sigma_update': 0.6538895933982567, 'eta_learning': 0.7830120719822145, 'sigma_boundary': 5.867760410809106, 'alpha': 0.7201785869811292}. Best is trial 121 with value: 0.11118238859130503.
[I 2026-03-06 03:55:16,707] Trial 126 finished with value: 0.11452389932304409 and parameters: {'sigma_noise': 0.1575554329709574, 'A_repulsion': 0.06283829104798039, 'gamma': 0.698099112652804, 'sigma_update': 0.6380490378146535, 'eta_learning': 0.19476019766492064, 'sigma_boundary': 9.227692616114005, 'alpha': 0.8008469522666921}. Best is trial 121 with value: 0.11118238859130503.
[I 2026-03-06 03:55:19,209] Trial 127 finished with value: 0.1379492550090214 and parameters: {'sigma_noise': 0.15756086138101746, 'A_repulsion': 0.06663733052083066, 'gamma': 0.6929067902550912, 'sigma_update': 0.31861151095239476, 'eta_learning': 0.8200160883078642, 'sigma_boundary': 6.021242133112966, 'alpha': 0.8589222561901863}. Best is trial 121 with value: 0.11118238859130503.
[I 2026-03-06 03:55:25,855] Trial 128 finished with value: 0.2099313416665911 and parameters: {'sigma_noise': 0.15795453819929245, 'A_repulsion': 0.0637487254257554, 'gamma': 0.6171912977982686, 'sigma_update': 0.32881441469456274, 'eta_learning': 0.8279874483456672, 'sigma_boundary': 5.830837841140298, 'alpha': 0.5383782710715079}. Best is trial 121 with value: 0.11118238859130503.
[I 2026-03-06 03:55:27,232] Trial 130 finished with value: 0.29808960748995184 and parameters: {'sigma_noise': 0.15861469636985565, 'A_repulsion': 0.06857798355071378, 'gamma': 0.6147680502333672, 'sigma_update': 0.47635353714944906, 'eta_learning': 0.8205205784223272, 'sigma_boundary': 5.777127206661611, 'alpha': 0.4757131003052585}. Best is trial 121 with value: 0.11118238859130503.
[I 2026-03-06 03:55:34,606] Trial 129 finished with value: 0.3130420700364819 and parameters: {'sigma_noise': 0.22367982414856344, 'A_repulsion': 0.06704912565780817, 'gamma': 0.6144893700632585, 'sigma_update': 0.6501668972353717, 'eta_learning': 0.8367056628480687, 'sigma_boundary': 5.8401120622708405, 'alpha': 0.5562041387642277}. Best is trial 121 with value: 0.11118238859130503.
[I 2026-03-06 03:55:42,275] Trial 133 finished with value: 0.12584315306926874 and parameters: {'sigma_noise': 0.23010724786806797, 'A_repulsion': 0.07019615973721999, 'gamma': 0.7680871548404778, 'sigma_update': 0.3232098953094021, 'eta_learning': 0.8154155078323857, 'sigma_boundary': 5.8309060481637545, 'alpha': 0.8733377290190534}. Best is trial 121 with value: 0.11118238859130503.
[I 2026-03-06 03:55:46,087] Trial 135 finished with value: 0.2098728143762444 and parameters: {'sigma_noise': 0.15839212046015208, 'A_repulsion': 0.16990183767034972, 'gamma': 0.7648028553531251, 'sigma_update': 0.526185069822115, 'eta_learning': 1.0004879375773852, 'sigma_boundary': 5.975265293400138, 'alpha': 0.5451420316009077}. Best is trial 121 with value: 0.11118238859130503.
[I 2026-03-06 03:55:53,676] Trial 131 finished with value: 0.1895035597529714 and parameters: {'sigma_noise': 0.203648410614654, 'A_repulsion': 0.1774642999343404, 'gamma': 0.7859391240246604, 'sigma_update': 0.6482760516013307, 'eta_learning': 0.837917343505655, 'sigma_boundary': 5.792016998233418, 'alpha': 0.5577877205296004}. Best is trial 121 with value: 0.11118238859130503.
[I 2026-03-06 03:55:55,810] Trial 134 finished with value: 0.1283327238068794 and parameters: {'sigma_noise': 0.23207428664655283, 'A_repulsion': 0.07112219909738585, 'gamma': 0.7901509217651956, 'sigma_update': 0.4771606279911003, 'eta_learning': 0.86966142960168, 'sigma_boundary': 4.882680278219628, 'alpha': 0.7953633758090463}. Best is trial 121 with value: 0.11118238859130503.
[I 2026-03-06 03:55:59,833] Trial 132 finished with value: 0.13763663191383652 and parameters: {'sigma_noise': 0.229444336410903, 'A_repulsion': 0.15972345261364393, 'gamma': 0.779573002971046, 'sigma_update': 0.3251198117673184, 'eta_learning': 0.1976851556604583, 'sigma_boundary': 5.049880356660219, 'alpha': 0.8017171987690773}. Best is trial 121 with value: 0.11118238859130503.
[I 2026-03-06 03:55:59,888] Trial 136 finished with value: 0.12584315306926874 and parameters: {'sigma_noise': 0.2268601884019133, 'A_repulsion': 0.06698374992283859, 'gamma': 0.7766422561954072, 'sigma_update': 0.33344200556115344, 'eta_learning': 0.17981093318394265, 'sigma_boundary': 5.960986979831367, 'alpha': 0.8016812249181099}. Best is trial 121 with value: 0.11118238859130503.
[I 2026-03-06 03:56:13,795] Trial 137 finished with value: 0.20387566437077526 and parameters: {'sigma_noise': 0.22933181326708543, 'A_repulsion': 0.17258622806772647, 'gamma': 0.7628416191138956, 'sigma_update': 0.4800865068298227, 'eta_learning': 1.0488498915530098, 'sigma_boundary': 5.905605697601286, 'alpha': 0.47974121401193487}. Best is trial 121 with value: 0.11118238859130503.
[I 2026-03-06 03:56:30,551] Trial 140 finished with value: 0.1148682547434622 and parameters: {'sigma_noise': 0.2154863301989664, 'A_repulsion': 0.02678160489097088, 'gamma': 0.7846568091012165, 'sigma_update': 0.4478888409404743, 'eta_learning': 1.1015581647167654, 'sigma_boundary': 7.697605988505409, 'alpha': 0.876635003930538}. Best is trial 121 with value: 0.11118238859130503.
