[I 2026-03-06 03:33:50,209] Trial 114 finished with value: 0.5607917130279987 and parameters: {'sigma_noise': 0.07020819459284183, 'A_repulsion': 0.03521514479094229, 'gamma': 0.3872842262005293, 'sigma_update': 0.31692886518957725, 'eta_learning': 0.4229420104678164, 'sigma_boundary': 4.970706911552797, 'alpha': 0.9992676543517095}. Best is trial 109 with value: 0.5469426608450147.
[I 2026-03-06 03:33:52,671] Trial 115 finished with value: 0.5440429678424166 and parameters: {'sigma_noise': 0.06847444097587403, 'A_repulsion': 0.03660157566253919, 'gamma': 0.38460690323213576, 'sigma_update': 0.1858994266321774, 'eta_learning': 0.41607072205381557, 'sigma_boundary': 6.516595114050022, 'alpha': 0.9995217914363884}. Best is trial 115 with value: 0.5440429678424166.
[I 2026-03-06 03:33:58,130] Trial 116 finished with value: 0.632240595904513 and parameters: {'sigma_noise': 0.06917023139069937, 'A_repulsion': 0.021044895694133973, 'gamma': 0.384087139468716, 'sigma_update': 0.30450647612022524, 'eta_learning': 0.0942499177378367, 'sigma_boundary': 6.123437064466059, 'alpha': 0.7638642686517294}. Best is trial 115 with value: 0.5440429678424166.
[I 2026-03-06 03:34:11,036] Trial 118 finished with value: 0.5440432270870099 and parameters: {'sigma_noise': 0.06970952193827587, 'A_repulsion': 0.0347037211340536, 'gamma': 0.39697296122785813, 'sigma_update': 0.1677776216977416, 'eta_learning': 0.10370065667931469, 'sigma_boundary': 3.104060200049838, 'alpha': 0.9795528106162456}. Best is trial 115 with value: 0.5440429678424166.
[I 2026-03-06 03:34:11,691] Trial 112 finished with value: 0.7217913000499488 and parameters: {'sigma_noise': 0.06885978466249865, 'A_repulsion': 0.3072630277952817, 'gamma': 0.38688338297293257, 'sigma_update': 0.3065601728088188, 'eta_learning': 0.42839760604501803, 'sigma_boundary': 1.3197960874898196, 'alpha': 0.8227388998366051}. Best is trial 115 with value: 0.5440429678424166.
[I 2026-03-06 03:34:12,710] Trial 117 finished with value: 0.5476488655489055 and parameters: {'sigma_noise': 0.0703770906549763, 'A_repulsion': 0.04041571715311834, 'gamma': 0.3830012661583327, 'sigma_update': 0.14814008483970373, 'eta_learning': 0.45664726502762454, 'sigma_boundary': 6.423056787963495, 'alpha': 0.7775090790955161}. Best is trial 115 with value: 0.5440429678424166.
[I 2026-03-06 03:34:21,347] Trial 119 finished with value: 0.7873700571716824 and parameters: {'sigma_noise': 0.06931322570029935, 'A_repulsion': 0.029140399558073862, 'gamma': 0.707885749317729, 'sigma_update': 0.3151808745371157, 'eta_learning': 0.09125776788927539, 'sigma_boundary': 0.5483779010737376, 'alpha': 0.8236912989665284}. Best is trial 115 with value: 0.5440429678424166.
[I 2026-03-06 03:34:24,187] Trial 120 finished with value: 0.5626358987681184 and parameters: {'sigma_noise': 0.0692369117476448, 'A_repulsion': 0.021588102964351364, 'gamma': 0.4976111188873423, 'sigma_update': 0.17976011292937766, 'eta_learning': 0.4098157382109444, 'sigma_boundary': 5.039105279190131, 'alpha': 0.9776859796078443}. Best is trial 115 with value: 0.5440429678424166.
[I 2026-03-06 03:34:52,857] Trial 122 finished with value: 0.7618406478799855 and parameters: {'sigma_noise': 0.06688582821933188, 'A_repulsion': 0.023305459384831327, 'gamma': 0.29856825793742386, 'sigma_update': 0.24411045042218935, 'eta_learning': 0.4226625182399662, 'sigma_boundary': 5.009261758138575, 'alpha': 0.47481588171425776}. Best is trial 115 with value: 0.5440429678424166.
[I 2026-03-06 03:34:58,950] Trial 123 finished with value: 0.8957044074180256 and parameters: {'sigma_noise': 0.06876818074360302, 'A_repulsion': 0.0219252257020069, 'gamma': 0.2895788164622349, 'sigma_update': 0.3252197795755054, 'eta_learning': 0.40983144771408503, 'sigma_boundary': 0.5641633483786701, 'alpha': 0.28115453112563493}. Best is trial 115 with value: 0.5440429678424166.
[I 2026-03-06 03:35:01,234] Trial 125 finished with value: 0.773817845896965 and parameters: {'sigma_noise': 0.06831932265890306, 'A_repulsion': 0.01695027320030511, 'gamma': 0.3834746419682219, 'sigma_update': 0.32956223859802575, 'eta_learning': 0.38947633729907616, 'sigma_boundary': 6.102201585789871, 'alpha': 0.31401171559973595}. Best is trial 115 with value: 0.5440429678424166.
[I 2026-03-06 03:35:05,453] Trial 124 finished with value: 0.695925550073297 and parameters: {'sigma_noise': 0.0697023848452093, 'A_repulsion': 0.018206390923747942, 'gamma': 0.3981950164497144, 'sigma_update': 0.32309557249973864, 'eta_learning': 0.4282034175167027, 'sigma_boundary': 0.6504793761332277, 'alpha': 0.9997017929468008}. Best is trial 115 with value: 0.5440429678424166.
[I 2026-03-06 03:35:10,425] Trial 126 finished with value: 0.695925550073297 and parameters: {'sigma_noise': 0.0691677496134471, 'A_repulsion': 0.018538555368506904, 'gamma': 0.3953628673887385, 'sigma_update': 0.3215371456534087, 'eta_learning': 0.07720540242933077, 'sigma_boundary': 6.4722593939521085, 'alpha': 0.9807393599873967}. Best is trial 115 with value: 0.5440429678424166.
[I 2026-03-06 03:35:17,614] Trial 128 finished with value: 0.7934521031933304 and parameters: {'sigma_noise': 0.07237912569149231, 'A_repulsion': 0.020516827610506, 'gamma': 0.38287631348319795, 'sigma_update': 0.3209855337708609, 'eta_learning': 0.07789615210821556, 'sigma_boundary': 4.939511161147923, 'alpha': 0.33064473632056807}. Best is trial 115 with value: 0.5440429678424166.
[I 2026-03-06 03:35:20,990] Trial 127 finished with value: 0.946312929473748 and parameters: {'sigma_noise': 0.07186081625911483, 'A_repulsion': 0.020468128666388027, 'gamma': 0.39108830945129314, 'sigma_update': 0.3231791956481856, 'eta_learning': 0.3972899544317247, 'sigma_boundary': 3.722228910924514, 'alpha': 0.33358483267937633}. Best is trial 115 with value: 0.5440429678424166.
[I 2026-03-06 03:35:25,642] Trial 121 finished with value: 0.8263650163682583 and parameters: {'sigma_noise': 0.07047806557162152, 'A_repulsion': 0.48330864925944955, 'gamma': 0.38952323958648777, 'sigma_update': 0.17053260021369532, 'eta_learning': 0.3950315986416149, 'sigma_boundary': 0.6292667623009137, 'alpha': 0.9936808938154178}. Best is trial 115 with value: 0.5440429678424166.
[I 2026-03-06 03:35:26,109] Trial 129 finished with value: 0.8172960516187817 and parameters: {'sigma_noise': 0.07332501174602699, 'A_repulsion': 0.025374130648953677, 'gamma': 0.3915998938022662, 'sigma_update': 0.3211473818122508, 'eta_learning': 0.38822169760655506, 'sigma_boundary': 6.318492717059565, 'alpha': 0.3604960990851537}. Best is trial 115 with value: 0.5440429678424166.
[I 2026-03-06 03:35:30,769] Trial 133 finished with value: 0.5551379332369595 and parameters: {'sigma_noise': 0.0708111896735174, 'A_repulsion': 0.022451440989978325, 'gamma': 0.23471661934248655, 'sigma_update': 0.1097312636922263, 'eta_learning': 0.49847172538631734, 'sigma_boundary': 6.385120128814497, 'alpha': 0.9763599754848743}. Best is trial 115 with value: 0.5440429678424166.
[I 2026-03-06 03:35:33,485] Trial 131 finished with value: 0.803320658550114 and parameters: {'sigma_noise': 0.0690132905327326, 'A_repulsion': 0.02462215181396432, 'gamma': 0.38575433471106657, 'sigma_update': 0.326411949639365, 'eta_learning': 0.06335514262377925, 'sigma_boundary': 6.5461998235579655, 'alpha': 0.2819198433521596}. Best is trial 115 with value: 0.5440429678424166.
[I 2026-03-06 03:35:36,258] Trial 130 finished with value: 0.9463129389826015 and parameters: {'sigma_noise': 0.06984145670096252, 'A_repulsion': 0.02067403094039752, 'gamma': 0.3970621747878044, 'sigma_update': 0.3211586907126328, 'eta_learning': 0.3999347443566128, 'sigma_boundary': 3.8194707490063653, 'alpha': 0.30793691470619344}. Best is trial 115 with value: 0.5440429678424166.
[I 2026-03-06 03:35:39,673] Trial 134 finished with value: 0.715177074786568 and parameters: {'sigma_noise': 0.07276238263307053, 'A_repulsion': 0.04944027324918754, 'gamma': 0.29087621079456627, 'sigma_update': 0.1483504082094059, 'eta_learning': 0.372148741586676, 'sigma_boundary': 6.399530696375607, 'alpha': 0.3039270168168855}. Best is trial 115 with value: 0.5440429678424166.
[I 2026-03-06 03:35:42,341] Trial 132 finished with value: 0.7214032826076039 and parameters: {'sigma_noise': 0.06961706109709964, 'A_repulsion': 0.02734386741921687, 'gamma': 0.24121077967860322, 'sigma_update': 0.13458059802686645, 'eta_learning': 0.3901526209755521, 'sigma_boundary': 6.313562304524353, 'alpha': 0.31093326359367984}. Best is trial 115 with value: 0.5440429678424166.
[I 2026-03-06 03:35:47,669] Trial 135 finished with value: 0.6123647123261109 and parameters: {'sigma_noise': 0.06554018581099531, 'A_repulsion': 0.055128627240553146, 'gamma': 0.23116239322006277, 'sigma_update': 0.11641922283749061, 'eta_learning': 0.3655023590212196, 'sigma_boundary': 7.1275384648469515, 'alpha': 0.9776316943446595}. Best is trial 115 with value: 0.5440429678424166.
[I 2026-03-06 03:35:57,842] Trial 136 finished with value: 0.7318434938929774 and parameters: {'sigma_noise': 0.07039294525968497, 'A_repulsion': 0.04719848518772054, 'gamma': 0.23758676240794022, 'sigma_update': 0.1387898596904313, 'eta_learning': 0.505182419674436, 'sigma_boundary': 6.495540423895064, 'alpha': 0.22703433787732333}. Best is trial 115 with value: 0.5440429678424166.
[I 2026-03-06 03:35:59,220] Trial 137 finished with value: 0.7205064679846107 and parameters: {'sigma_noise': 0.07182430752229048, 'A_repulsion': 0.04914573949652001, 'gamma': 0.2846735596382961, 'sigma_update': 0.1308696461730532, 'eta_learning': 0.3810364401041925, 'sigma_boundary': 6.624142351230776, 'alpha': 0.3045580266200248}. Best is trial 115 with value: 0.5440429678424166.
[I 2026-03-06 03:36:00,147] Trial 138 finished with value: 0.6507201625131147 and parameters: {'sigma_noise': 0.07076360837851625, 'A_repulsion': 0.05264075498493574, 'gamma': 0.29030512369813244, 'sigma_update': 0.13073757160832228, 'eta_learning': 0.37493550516074853, 'sigma_boundary': 7.09465305223625, 'alpha': 0.7024161467816523}. Best is trial 115 with value: 0.5440429678424166.
[I 2026-03-06 03:36:09,330] Trial 140 finished with value: 0.5798794809411988 and parameters: {'sigma_noise': 0.07264834366288903, 'A_repulsion': 0.049653651982159604, 'gamma': 0.2963666156531488, 'sigma_update': 0.09475724835989077, 'eta_learning': 0.514951570233731, 'sigma_boundary': 6.919923688011272, 'alpha': 0.7277829486099587}. Best is trial 115 with value: 0.5440429678424166.
[I 2026-03-06 03:36:13,008] Trial 139 finished with value: 0.6664279694271672 and parameters: {'sigma_noise': 0.09082997851714616, 'A_repulsion': 0.049108749704554255, 'gamma': 0.2888421603943819, 'sigma_update': 0.08841409348431165, 'eta_learning': 0.3672041842617555, 'sigma_boundary': 7.308387479733703, 'alpha': 0.7036573673047589}. Best is trial 115 with value: 0.5440429678424166.
[I 2026-03-06 03:36:43,981] Trial 143 finished with value: 0.6920202390549837 and parameters: {'sigma_noise': 0.08997723733901931, 'A_repulsion': 0.04973540854820798, 'gamma': 0.41079950743545235, 'sigma_update': 0.10001582997043093, 'eta_learning': 0.5299181159785047, 'sigma_boundary': 7.024594717096502, 'alpha': 0.6908776787042101}. Best is trial 115 with value: 0.5440429678424166.
[I 2026-03-06 03:36:49,511] Trial 144 finished with value: 0.6099950084343435 and parameters: {'sigma_noise': 0.09007935239369924, 'A_repulsion': 0.05109711422874553, 'gamma': 0.40464667846336605, 'sigma_update': 0.0718465952002662, 'eta_learning': 0.5606959651618882, 'sigma_boundary': 7.118610855445228, 'alpha': 0.7145393595775337}. Best is trial 115 with value: 0.5440429678424166.
[I 2026-03-06 03:36:51,999] Trial 147 finished with value: 0.49788319372395423 and parameters: {'sigma_noise': 0.058915200029332315, 'A_repulsion': 0.05234956814197088, 'gamma': 0.21742078228438147, 'sigma_update': 0.10329312399999922, 'eta_learning': 0.4957139645772119, 'sigma_boundary': 6.6797798364809555, 'alpha': 0.7547149862949227}. Best is trial 147 with value: 0.49788319372395423.
[I 2026-03-06 03:36:54,952] Trial 145 finished with value: 0.6319926463125642 and parameters: {'sigma_noise': 0.0874311053334301, 'A_repulsion': 0.05120581691085316, 'gamma': 0.39767893434486684, 'sigma_update': 0.11159466221306924, 'eta_learning': 0.5353830499918455, 'sigma_boundary': 6.892365415786761, 'alpha': 0.721126652491449}. Best is trial 147 with value: 0.49788319372395423.
[I 2026-03-06 03:37:00,957] Trial 152 finished with value: 0.5784271079979264 and parameters: {'sigma_noise': 0.058593233852379814, 'A_repulsion': 0.055286248824677184, 'gamma': 0.22885336217937438, 'sigma_update': 0.09858962480332824, 'eta_learning': 0.5151315518425841, 'sigma_boundary': 7.020082198382008, 'alpha': 0.7026562876646846}. Best is trial 147 with value: 0.49788319372395423.
[I 2026-03-06 03:37:04,152] Trial 146 finished with value: 0.6160352766877355 and parameters: {'sigma_noise': 0.09175067462689485, 'A_repulsion': 0.051472303498778293, 'gamma': 0.25151870709239577, 'sigma_update': 0.08678868176691495, 'eta_learning': 0.5210882234138637, 'sigma_boundary': 7.42974137444059, 'alpha': 0.6961150182915994}. Best is trial 147 with value: 0.49788319372395423.
[I 2026-03-06 03:37:06,956] Trial 148 finished with value: 0.6914204202675753 and parameters: {'sigma_noise': 0.0914635719472269, 'A_repulsion': 0.04858960492329526, 'gamma': 0.21837465340416112, 'sigma_update': 0.11168573380403704, 'eta_learning': 0.5226666630169375, 'sigma_boundary': 6.668027679734398, 'alpha': 0.7372549975578305}. Best is trial 147 with value: 0.49788319372395423.
[I 2026-03-06 03:37:13,420] Trial 150 finished with value: 0.7482131303329853 and parameters: {'sigma_noise': 0.0907803177985189, 'A_repulsion': 0.05231893537436082, 'gamma': 0.48842614946188206, 'sigma_update': 0.11019943125923794, 'eta_learning': 0.5065609649162796, 'sigma_boundary': 7.212809614070834, 'alpha': 0.6919353517660631}. Best is trial 147 with value: 0.49788319372395423.
[I 2026-03-06 03:37:14,717] Trial 151 finished with value: 0.6868761178080262 and parameters: {'sigma_noise': 0.08992460708051483, 'A_repulsion': 0.05047183187449988, 'gamma': 0.4929040237123143, 'sigma_update': 0.1046735011961093, 'eta_learning': 0.5848350642568256, 'sigma_boundary': 7.129557606706665, 'alpha': 0.7483442236740392}. Best is trial 147 with value: 0.49788319372395423.
[I 2026-03-06 03:37:20,062] Trial 154 finished with value: 0.7856863167527477 and parameters: {'sigma_noise': 0.09014500090986209, 'A_repulsion': 0.05543647615539911, 'gamma': 0.21906170368403646, 'sigma_update': 0.07256969384712607, 'eta_learning': 0.6882743547048007, 'sigma_boundary': 6.723084789393674, 'alpha': 0.732854323419596}. Best is trial 147 with value: 0.49788319372395423.
[I 2026-03-06 03:37:26,869] Trial 155 finished with value: 0.7620641889459281 and parameters: {'sigma_noise': 0.08790772093445794, 'A_repulsion': 0.053222118585863516, 'gamma': 0.16842519951498497, 'sigma_update': 0.08344313425565317, 'eta_learning': 0.5164759200316461, 'sigma_boundary': 6.889691413935476, 'alpha': 0.7060333668849708}. Best is trial 147 with value: 0.49788319372395423.
[I 2026-03-06 03:37:30,506] Trial 142 finished with value: 1.1721802055412969 and parameters: {'sigma_noise': 0.2528760076477025, 'A_repulsion': 0.05728311801721035, 'gamma': 0.24167182485795458, 'sigma_update': 0.12512590915103566, 'eta_learning': 0.531729813395292, 'sigma_boundary': 6.980377966355839, 'alpha': 0.7037242243205032}. Best is trial 147 with value: 0.49788319372395423.
[I 2026-03-06 03:37:37,872] Trial 160 finished with value: 0.6339999370978351 and parameters: {'sigma_noise': 0.0890536023189677, 'A_repulsion': 0.0016060976774258592, 'gamma': 0.18561432614113266, 'sigma_update': 0.0924122031454113, 'eta_learning': 0.6753646487732935, 'sigma_boundary': 6.977415324864439, 'alpha': 0.7140079741728765}. Best is trial 147 with value: 0.49788319372395423.
[I 2026-03-06 03:37:47,824] Trial 159 finished with value: 0.7010864932879035 and parameters: {'sigma_noise': 0.08781481711623378, 'A_repulsion': 0.05939357252841042, 'gamma': 0.19794082168712174, 'sigma_update': 0.07864328182264428, 'eta_learning': 0.6750898016947697, 'sigma_boundary': 7.071653331070707, 'alpha': 0.7000128047902994}. Best is trial 147 with value: 0.49788319372395423.
[I 2026-03-06 03:37:48,768] Trial 141 finished with value: 0.8683073247687789 and parameters: {'sigma_noise': 0.39514382869122333, 'A_repulsion': 0.051064484669065546, 'gamma': 0.21681344658696097, 'sigma_update': 0.08882836081144331, 'eta_learning': 0.552341216985565, 'sigma_boundary': 6.827648753322595, 'alpha': 0.9785251531565409}. Best is trial 147 with value: 0.49788319372395423.
[I 2026-03-06 03:37:50,145] Trial 156 finished with value: 0.6852653073770835 and parameters: {'sigma_noise': 0.16716185002181, 'A_repulsion': 0.05661976841375895, 'gamma': 0.18142131584939022, 'sigma_update': 0.08649442950631964, 'eta_learning': 0.5532695873646709, 'sigma_boundary': 6.948176950245591, 'alpha': 0.691236497160506}. Best is trial 147 with value: 0.49788319372395423.
[I 2026-03-06 03:38:02,203] Trial 149 finished with value: 1.0425650870869607 and parameters: {'sigma_noise': 0.37209789780593394, 'A_repulsion': 0.04363720344535235, 'gamma': 0.22770392588427107, 'sigma_update': 0.09777909776672838, 'eta_learning': 0.537750412659142, 'sigma_boundary': 6.855282036272229, 'alpha': 0.6566637157734938}. Best is trial 147 with value: 0.49788319372395423.
[I 2026-03-06 03:38:12,480] Trial 153 finished with value: 0.8480089278023 and parameters: {'sigma_noise': 0.3916403494542548, 'A_repulsion': 0.05501420087242956, 'gamma': 0.19296267389395322, 'sigma_update': 0.08089885762838027, 'eta_learning': 0.6469939554327698, 'sigma_boundary': 6.9494511412630615, 'alpha': 0.7265856283437736}. Best is trial 147 with value: 0.49788319372395423.
[I 2026-03-06 03:38:21,781] Trial 157 finished with value: 1.0472197691288556 and parameters: {'sigma_noise': 0.3682958643604183, 'A_repulsion': 0.058147932195437596, 'gamma': 0.13186167365507062, 'sigma_update': 0.11134964988027296, 'eta_learning': 0.5174401459152944, 'sigma_boundary': 7.034588039917636, 'alpha': 0.731732806755966}. Best is trial 147 with value: 0.49788319372395423.
[I 2026-03-06 03:38:23,667] Trial 163 finished with value: 0.5669184900226975 and parameters: {'sigma_noise': 0.0582787368966875, 'A_repulsion': 0.057650981964747994, 'gamma': 0.18369361715312038, 'sigma_update': 0.11205256063136809, 'eta_learning': 0.6822315949338198, 'sigma_boundary': 7.674782915811188, 'alpha': 0.7473806775957477}. Best is trial 147 with value: 0.49788319372395423.
[I 2026-03-06 03:38:28,329] Trial 158 finished with value: 1.0210862544958457 and parameters: {'sigma_noise': 0.36848630301918783, 'A_repulsion': 0.0575492556534191, 'gamma': 0.20322410219678402, 'sigma_update': 0.09928682010192107, 'eta_learning': 0.5396705669425608, 'sigma_boundary': 6.953012878907695, 'alpha': 0.7201949484252349}. Best is trial 147 with value: 0.49788319372395423.
[I 2026-03-06 03:38:34,887] Trial 165 finished with value: 0.7971881905555567 and parameters: {'sigma_noise': 0.06012570454683383, 'A_repulsion': 0.05924453355410362, 'gamma': 0.19118478402565486, 'sigma_update': 0.054471986376266844, 'eta_learning': 0.6714150653067701, 'sigma_boundary': 7.512400774980398, 'alpha': 0.7402534628000916}. Best is trial 147 with value: 0.49788319372395423.
[I 2026-03-06 03:38:35,559] Trial 166 finished with value: 0.6699255703752707 and parameters: {'sigma_noise': 0.06022291576048987, 'A_repulsion': 0.06029297271699718, 'gamma': 0.20129006199411803, 'sigma_update': 0.07514169451248397, 'eta_learning': 0.6147476100718416, 'sigma_boundary': 7.53188190591442, 'alpha': 0.6491307706104621}. Best is trial 147 with value: 0.49788319372395423.
[I 2026-03-06 03:38:52,089] Trial 170 finished with value: 0.8145047450798939 and parameters: {'sigma_noise': 0.05817385775849558, 'A_repulsion': 0.11545094694844779, 'gamma': 0.12692914153537513, 'sigma_update': 0.05124070607811499, 'eta_learning': 0.6537784154025027, 'sigma_boundary': 7.597495639954126, 'alpha': 0.666336219736882}. Best is trial 147 with value: 0.49788319372395423.
[I 2026-03-06 03:38:53,383] Trial 162 finished with value: 0.7835248899870622 and parameters: {'sigma_noise': 0.17173926465836906, 'A_repulsion': 0.059015040725036674, 'gamma': 0.22432512011441416, 'sigma_update': 0.06521844977698643, 'eta_learning': 0.6590163803158571, 'sigma_boundary': 7.511489753655817, 'alpha': 0.7313191593625322}. Best is trial 147 with value: 0.49788319372395423.
[I 2026-03-06 03:38:54,514] Trial 172 finished with value: 0.5648912441916615 and parameters: {'sigma_noise': 0.05675822405715015, 'A_repulsion': 0.010412485462172414, 'gamma': 0.20600126692586884, 'sigma_update': 0.06650642973405893, 'eta_learning': 0.613340794357059, 'sigma_boundary': 7.584361381187597, 'alpha': 0.6570426893288082}. Best is trial 147 with value: 0.49788319372395423.
[I 2026-03-06 03:39:01,349] Trial 164 finished with value: 1.2847544896484062 and parameters: {'sigma_noise': 0.2445096535015671, 'A_repulsion': 0.0017148909346712884, 'gamma': 0.1938282383439263, 'sigma_update': 0.1103142349067672, 'eta_learning': 0.5671925567894656, 'sigma_boundary': 7.676873323363116, 'alpha': 0.7545942225364592}. Best is trial 147 with value: 0.49788319372395423.
[I 2026-03-06 03:39:12,024] Trial 175 finished with value: 2.574765268976359 and parameters: {'sigma_noise': 0.058144266702012386, 'A_repulsion': 0.010283188292344198, 'gamma': 0.2531700695548712, 'sigma_update': 0.01589495950750213, 'eta_learning': 0.6219771199453205, 'sigma_boundary': 7.4915287722731465, 'alpha': 0.6428163530292458}. Best is trial 147 with value: 0.49788319372395423.
