[I 2026-03-06 03:28:32,170] Trial 56 finished with value: 0.9602465316957784 and parameters: {'sigma_noise': 0.14772963408482925, 'A_repulsion': 0.058076237755571365, 'gamma': 0.4447430415740807, 'sigma_update': 0.6349609687596715, 'eta_learning': 0.7409931960574624, 'sigma_boundary': 4.385236198039203, 'alpha': 0.8784294840530216}. Best is trial 45 with value: 0.718810059326811.
[I 2026-03-06 03:28:35,741] Trial 55 finished with value: 0.9678190585534503 and parameters: {'sigma_noise': 0.13808176085750354, 'A_repulsion': 0.18021024928647283, 'gamma': 0.42223174706613165, 'sigma_update': 0.6361865254273137, 'eta_learning': 0.7369500489851006, 'sigma_boundary': 4.372599383622637, 'alpha': 0.8846143986136858}. Best is trial 45 with value: 0.718810059326811.
[I 2026-03-06 03:28:46,741] Trial 58 finished with value: 0.8658687716275849 and parameters: {'sigma_noise': 0.12812585470389468, 'A_repulsion': 0.170400954659319, 'gamma': 0.44671132391606294, 'sigma_update': 0.47256568405168076, 'eta_learning': 1.6880721281690159, 'sigma_boundary': 4.479053144921727, 'alpha': 0.8765261521874239}. Best is trial 45 with value: 0.718810059326811.
[I 2026-03-06 03:28:57,623] Trial 61 finished with value: 0.7812028145148064 and parameters: {'sigma_noise': 0.08760639097179028, 'A_repulsion': 0.17626716117527547, 'gamma': 0.74833208219554, 'sigma_update': 0.28352643811369804, 'eta_learning': 0.7170145954327843, 'sigma_boundary': 4.557579946479164, 'alpha': 0.8839981513029864}. Best is trial 45 with value: 0.718810059326811.
[I 2026-03-06 03:28:59,990] Trial 64 finished with value: 0.9274265227446867 and parameters: {'sigma_noise': 0.08245116551928272, 'A_repulsion': 0.06884692563088562, 'gamma': 0.4686444266495479, 'sigma_update': 0.6514242851470867, 'eta_learning': 1.6646062569248323, 'sigma_boundary': 4.4065709334489345, 'alpha': 0.9079921876957726}. Best is trial 45 with value: 0.718810059326811.
[I 2026-03-06 03:29:07,194] Trial 59 finished with value: 1.0041010061438322 and parameters: {'sigma_noise': 0.1355832838624209, 'A_repulsion': 0.16299431522606803, 'gamma': 0.4635786012981579, 'sigma_update': 0.638561099668489, 'eta_learning': 1.6173287669733116, 'sigma_boundary': 3.98073684074727, 'alpha': 0.8680736284351843}. Best is trial 45 with value: 0.718810059326811.
[I 2026-03-06 03:29:09,102] Trial 62 finished with value: 0.8768303701453974 and parameters: {'sigma_noise': 0.12714833107935788, 'A_repulsion': 0.0683728639641599, 'gamma': 0.4639100725362916, 'sigma_update': 0.6464513008247765, 'eta_learning': 0.307502140776619, 'sigma_boundary': 4.647249381207789, 'alpha': 0.8815505867860906}. Best is trial 45 with value: 0.718810059326811.
[I 2026-03-06 03:29:09,469] Trial 60 finished with value: 0.8393861841381046 and parameters: {'sigma_noise': 0.1286009820091726, 'A_repulsion': 0.1798085382952953, 'gamma': 0.4624096044177484, 'sigma_update': 0.2580453511389237, 'eta_learning': 0.318088090025787, 'sigma_boundary': 4.663719022955691, 'alpha': 0.8590570147121999}. Best is trial 45 with value: 0.718810059326811.
[I 2026-03-06 03:29:19,706] Trial 63 finished with value: 0.8657674474293022 and parameters: {'sigma_noise': 0.12463246521082924, 'A_repulsion': 0.16661050558037216, 'gamma': 0.48666478056684825, 'sigma_update': 0.6459500042912776, 'eta_learning': 0.30517808227230414, 'sigma_boundary': 4.111203983833388, 'alpha': 0.8842603876613411}. Best is trial 45 with value: 0.718810059326811.
[I 2026-03-06 03:29:32,194] Trial 65 finished with value: 0.8777792173934134 and parameters: {'sigma_noise': 0.1310677617561527, 'A_repulsion': 0.07432727950428936, 'gamma': 0.4734120674719974, 'sigma_update': 0.6384791752360661, 'eta_learning': 0.33467780500293487, 'sigma_boundary': 4.091981933584585, 'alpha': 0.904303339760482}. Best is trial 45 with value: 0.718810059326811.
[I 2026-03-06 03:29:42,450] Trial 66 finished with value: 0.8487782362255645 and parameters: {'sigma_noise': 0.13093771800951381, 'A_repulsion': 0.06843605272754193, 'gamma': 0.3424129308459937, 'sigma_update': 0.5054610746376309, 'eta_learning': 1.6095294328904957, 'sigma_boundary': 4.134865799515529, 'alpha': 0.902684175273922}. Best is trial 45 with value: 0.718810059326811.
[I 2026-03-06 03:29:44,968] Trial 67 finished with value: 0.9837945594101647 and parameters: {'sigma_noise': 0.13600590768233917, 'A_repulsion': 0.06803659945100751, 'gamma': 0.3335647535333124, 'sigma_update': 0.5153374578064522, 'eta_learning': 1.630103774599821, 'sigma_boundary': 1.899458126090451, 'alpha': 0.8400269047399074}. Best is trial 45 with value: 0.718810059326811.
[I 2026-03-06 03:29:50,158] Trial 70 finished with value: 0.9609938171848957 and parameters: {'sigma_noise': 0.0847359024015778, 'A_repulsion': 0.07207820805345627, 'gamma': 0.328023178890218, 'sigma_update': 0.5063582342364079, 'eta_learning': 1.518186471120942, 'sigma_boundary': 1.6390721931539776, 'alpha': 0.8567760867710641}. Best is trial 45 with value: 0.718810059326811.
[I 2026-03-06 03:29:50,792] Trial 71 finished with value: 0.9625251825040253 and parameters: {'sigma_noise': 0.07981406335930337, 'A_repulsion': 0.06933701386946457, 'gamma': 0.3274007715340862, 'sigma_update': 0.662134694306246, 'eta_learning': 1.6664976800992644, 'sigma_boundary': 1.9217871844829775, 'alpha': 0.8493501218232029}. Best is trial 45 with value: 0.718810059326811.
[I 2026-03-06 03:29:53,191] Trial 69 finished with value: 0.9399422095931598 and parameters: {'sigma_noise': 0.12248628721452798, 'A_repulsion': 0.07242395600707949, 'gamma': 0.33178508532778145, 'sigma_update': 0.5138686132699752, 'eta_learning': 1.6328808207564047, 'sigma_boundary': 1.6860141664705899, 'alpha': 0.8453237030138796}. Best is trial 45 with value: 0.718810059326811.
[I 2026-03-06 03:29:54,979] Trial 68 finished with value: 0.9831076589306512 and parameters: {'sigma_noise': 0.13374134951643352, 'A_repulsion': 0.07428011964138871, 'gamma': 0.3290257462739603, 'sigma_update': 0.507232859601532, 'eta_learning': 1.8054521653245819, 'sigma_boundary': 4.0358271746793655, 'alpha': 0.8558553750611517}. Best is trial 45 with value: 0.718810059326811.
[I 2026-03-06 03:29:58,018] Trial 72 finished with value: 0.7809858167118557 and parameters: {'sigma_noise': 0.07960093184662825, 'A_repulsion': 0.07351054623031415, 'gamma': 0.3253089215771099, 'sigma_update': 0.5127038933621914, 'eta_learning': 1.683684515204868, 'sigma_boundary': 1.881224972528729, 'alpha': 0.9248235411565803}. Best is trial 45 with value: 0.718810059326811.
[I 2026-03-06 03:30:07,498] Trial 74 finished with value: 0.868177927312297 and parameters: {'sigma_noise': 0.08016861119993177, 'A_repulsion': 0.07033607467886176, 'gamma': 0.3489370960511785, 'sigma_update': 0.5091361274294345, 'eta_learning': 0.29530978281210474, 'sigma_boundary': 2.1350208924975624, 'alpha': 0.9333274336916306}. Best is trial 45 with value: 0.718810059326811.
[I 2026-03-06 03:30:08,449] Trial 73 finished with value: 0.8713551089890103 and parameters: {'sigma_noise': 0.08169492199109119, 'A_repulsion': 0.07225431312478779, 'gamma': 0.3473629246301115, 'sigma_update': 0.5006554362083867, 'eta_learning': 1.5457091834505945, 'sigma_boundary': 1.8638543427963195, 'alpha': 0.9217464536509443}. Best is trial 45 with value: 0.718810059326811.
[I 2026-03-06 03:30:14,187] Trial 75 finished with value: 0.8713551089890103 and parameters: {'sigma_noise': 0.08208456466221338, 'A_repulsion': 0.07752546575544932, 'gamma': 0.3301482761593817, 'sigma_update': 0.5013342611483829, 'eta_learning': 1.6296096562888676, 'sigma_boundary': 1.8131769901628272, 'alpha': 0.9329524743847942}. Best is trial 45 with value: 0.718810059326811.
[I 2026-03-06 03:30:19,716] Trial 77 finished with value: 0.868177927312297 and parameters: {'sigma_noise': 0.08419081848495238, 'A_repulsion': 0.0758676510618596, 'gamma': 0.3406472983692491, 'sigma_update': 0.507619946048136, 'eta_learning': 0.302191253779326, 'sigma_boundary': 1.713820154085644, 'alpha': 0.9220116296599233}. Best is trial 45 with value: 0.718810059326811.
[I 2026-03-06 03:30:22,719] Trial 76 finished with value: 0.868177927312297 and parameters: {'sigma_noise': 0.08330642352661269, 'A_repulsion': 0.080555688176277, 'gamma': 0.34477947387231195, 'sigma_update': 0.5147918372002513, 'eta_learning': 0.30492699407222557, 'sigma_boundary': 1.7128665962506069, 'alpha': 0.9210673091018977}. Best is trial 45 with value: 0.718810059326811.
[I 2026-03-06 03:30:35,653] Trial 78 finished with value: 0.6147897231613382 and parameters: {'sigma_noise': 0.08466239847501147, 'A_repulsion': 0.08134120490321914, 'gamma': 0.351007009854341, 'sigma_update': 0.30060775472853946, 'eta_learning': 0.257266748958211, 'sigma_boundary': 1.8682743197387355, 'alpha': 0.9198713314035184}. Best is trial 78 with value: 0.6147897231613382.
[I 2026-03-06 03:30:47,313] Trial 79 finished with value: 0.8488665348014717 and parameters: {'sigma_noise': 0.11279791152678986, 'A_repulsion': 0.08809387343160235, 'gamma': 0.3142983418891522, 'sigma_update': 0.5102564685726103, 'eta_learning': 0.2781390377361853, 'sigma_boundary': 1.8305622202185357, 'alpha': 0.9248023224857245}. Best is trial 78 with value: 0.6147897231613382.
[I 2026-03-06 03:30:50,263] Trial 80 finished with value: 0.7992109021403325 and parameters: {'sigma_noise': 0.10906759945239217, 'A_repulsion': 0.07301042449575336, 'gamma': 0.35473975170877164, 'sigma_update': 0.40006515325013015, 'eta_learning': 0.2769595594015325, 'sigma_boundary': 1.7785638248091036, 'alpha': 0.9255151841211727}. Best is trial 78 with value: 0.6147897231613382.
[I 2026-03-06 03:30:53,067] Trial 81 finished with value: 0.7992109021403325 and parameters: {'sigma_noise': 0.1110833323075533, 'A_repulsion': 0.07610669407011807, 'gamma': 0.34044062810529885, 'sigma_update': 0.4172285767265877, 'eta_learning': 0.29371757379692076, 'sigma_boundary': 1.91703629663997, 'alpha': 0.9247296300537947}. Best is trial 78 with value: 0.6147897231613382.
[I 2026-03-06 03:31:11,686] Trial 85 finished with value: 0.7782951369168689 and parameters: {'sigma_noise': 0.109258040093128, 'A_repulsion': 0.00036603930469510104, 'gamma': 0.327279793149445, 'sigma_update': 0.41736409083690684, 'eta_learning': 1.882465344161763, 'sigma_boundary': 1.7264358325226143, 'alpha': 0.9342220800343253}. Best is trial 78 with value: 0.6147897231613382.
[I 2026-03-06 03:31:18,495] Trial 82 finished with value: 0.8687001937056593 and parameters: {'sigma_noise': 0.10901578892798364, 'A_repulsion': 0.45766016445912516, 'gamma': 0.3537626015442993, 'sigma_update': 0.4025218546853956, 'eta_learning': 0.26604855160647434, 'sigma_boundary': 1.7455816935903228, 'alpha': 0.9239009334555631}. Best is trial 78 with value: 0.6147897231613382.
[I 2026-03-06 03:31:21,035] Trial 87 finished with value: 0.8437907801927844 and parameters: {'sigma_noise': 0.10150767558514814, 'A_repulsion': 0.09067240145131784, 'gamma': 0.5518852272930986, 'sigma_update': 0.40303893708669075, 'eta_learning': 0.541295806289391, 'sigma_boundary': 1.1317227580469127, 'alpha': 0.9297143025070249}. Best is trial 78 with value: 0.6147897231613382.
[I 2026-03-06 03:31:25,551] Trial 83 finished with value: 0.8689936611063742 and parameters: {'sigma_noise': 0.11269190697410517, 'A_repulsion': 0.45182175169247196, 'gamma': 0.3549313553184674, 'sigma_update': 0.5131134960499547, 'eta_learning': 0.2880780856914436, 'sigma_boundary': 1.8348187095429989, 'alpha': 0.9242540098627907}. Best is trial 78 with value: 0.6147897231613382.
[I 2026-03-06 03:31:32,198] Trial 84 finished with value: 0.768053306376907 and parameters: {'sigma_noise': 0.10502496758720498, 'A_repulsion': 0.4570716939269923, 'gamma': 0.3481136497165466, 'sigma_update': 0.3953390470546585, 'eta_learning': 0.25111066859612324, 'sigma_boundary': 1.7963441155519386, 'alpha': 0.9306569901651001}. Best is trial 78 with value: 0.6147897231613382.
[I 2026-03-06 03:31:36,269] Trial 90 finished with value: 0.9098811128686962 and parameters: {'sigma_noise': 0.09853117245955317, 'A_repulsion': 0.2797773570717617, 'gamma': 0.5563035570430779, 'sigma_update': 0.39466698040689036, 'eta_learning': 0.18179558266675144, 'sigma_boundary': 5.3916820330947814, 'alpha': 0.5933104364762499}. Best is trial 78 with value: 0.6147897231613382.
[I 2026-03-06 03:31:47,361] Trial 91 finished with value: 0.7899439044706553 and parameters: {'sigma_noise': 0.10570663086521082, 'A_repulsion': 0.2745940609872427, 'gamma': 0.5572227897703077, 'sigma_update': 0.41088737904447376, 'eta_learning': 0.21812458376247315, 'sigma_boundary': 5.294390144627844, 'alpha': 0.9287006167951937}. Best is trial 78 with value: 0.6147897231613382.
[I 2026-03-06 03:31:52,618] Trial 93 finished with value: 0.827697732536522 and parameters: {'sigma_noise': 0.1079594032147109, 'A_repulsion': 0.26491711002697366, 'gamma': 0.5502222850883776, 'sigma_update': 0.4023636684691153, 'eta_learning': 0.23708358726290196, 'sigma_boundary': 5.419691329100882, 'alpha': 0.3866905626785843}. Best is trial 78 with value: 0.6147897231613382.
[I 2026-03-06 03:31:55,895] Trial 92 finished with value: 0.8537461892484657 and parameters: {'sigma_noise': 0.10968600076632576, 'A_repulsion': 0.2699680104787596, 'gamma': 0.5476894123919255, 'sigma_update': 0.3965869075485776, 'eta_learning': 0.2015313431506031, 'sigma_boundary': 5.416946087231678, 'alpha': 0.4403679916984528}. Best is trial 78 with value: 0.6147897231613382.
[I 2026-03-06 03:32:00,878] Trial 94 finished with value: 0.855937329260966 and parameters: {'sigma_noise': 0.10640209219563089, 'A_repulsion': 0.2769893886519011, 'gamma': 0.5706744278184988, 'sigma_update': 0.39496243122101804, 'eta_learning': 0.22346052369676075, 'sigma_boundary': 5.681949639108527, 'alpha': 0.4556480022175833}. Best is trial 78 with value: 0.6147897231613382.
[I 2026-03-06 03:32:02,426] Trial 95 finished with value: 0.827697732536522 and parameters: {'sigma_noise': 0.10442798809117249, 'A_repulsion': 0.2661551420831192, 'gamma': 0.5351981485643246, 'sigma_update': 0.36621645578359946, 'eta_learning': 0.21884714688081697, 'sigma_boundary': 5.480417073649596, 'alpha': 0.3710331185707485}. Best is trial 78 with value: 0.6147897231613382.
[I 2026-03-06 03:32:03,082] Trial 86 finished with value: 0.7843826851031033 and parameters: {'sigma_noise': 0.11249835527035823, 'A_repulsion': 0.43310842091585133, 'gamma': 0.5496058751812214, 'sigma_update': 0.535993080666193, 'eta_learning': 1.826183741306038, 'sigma_boundary': 1.4663679488713004, 'alpha': 0.9293094063573347}. Best is trial 78 with value: 0.6147897231613382.
[I 2026-03-06 03:32:05,334] Trial 88 finished with value: 0.7973791222384823 and parameters: {'sigma_noise': 0.10774926383077917, 'A_repulsion': 0.4384053529726809, 'gamma': 0.5509459968172782, 'sigma_update': 0.39245224295068437, 'eta_learning': 0.6157207260181413, 'sigma_boundary': 1.1265859749513498, 'alpha': 0.9407017954890191}. Best is trial 78 with value: 0.6147897231613382.
[I 2026-03-06 03:32:10,536] Trial 89 finished with value: 0.7586522112644217 and parameters: {'sigma_noise': 0.11340544881967689, 'A_repulsion': 0.4656841777612057, 'gamma': 0.551602237360151, 'sigma_update': 0.4126063461574926, 'eta_learning': 0.2368501457592913, 'sigma_boundary': 1.0430678109180458, 'alpha': 0.6145064056636989}. Best is trial 78 with value: 0.6147897231613382.
[I 2026-03-06 03:32:13,735] Trial 96 finished with value: 0.9976502381226655 and parameters: {'sigma_noise': 0.10398812357655325, 'A_repulsion': 0.2856829497880402, 'gamma': 0.5118545682829537, 'sigma_update': 0.4005275266536296, 'eta_learning': 0.6102539475112934, 'sigma_boundary': 5.655168433849124, 'alpha': 0.40502276654626906}. Best is trial 78 with value: 0.6147897231613382.
[I 2026-03-06 03:32:22,490] Trial 97 finished with value: 0.9038586700615047 and parameters: {'sigma_noise': 0.10700634990501859, 'A_repulsion': 0.2792661745778476, 'gamma': 0.5543773198443106, 'sigma_update': 0.3987882127727523, 'eta_learning': 0.173124107594109, 'sigma_boundary': 5.655415806507286, 'alpha': 0.585690409396341}. Best is trial 78 with value: 0.6147897231613382.
[I 2026-03-06 03:32:23,749] Trial 98 finished with value: 0.8627481383861073 and parameters: {'sigma_noise': 0.10292123718518045, 'A_repulsion': 0.09863551783974883, 'gamma': 0.5413228818957581, 'sigma_update': 0.3941158905686964, 'eta_learning': 0.19807781920767245, 'sigma_boundary': 1.1324117767633648, 'alpha': 0.7679038917790416}. Best is trial 78 with value: 0.6147897231613382.
[I 2026-03-06 03:32:33,891] Trial 99 finished with value: 0.805248668439507 and parameters: {'sigma_noise': 0.10235885554413499, 'A_repulsion': 0.04098446307883834, 'gamma': 0.5625785815852175, 'sigma_update': 0.40234584553919694, 'eta_learning': 0.18942595500305726, 'sigma_boundary': 1.1771383036019014, 'alpha': 0.60654422704117}. Best is trial 78 with value: 0.6147897231613382.
[I 2026-03-06 03:32:35,599] Trial 101 finished with value: 0.8023699933383768 and parameters: {'sigma_noise': 0.09910174640287436, 'A_repulsion': 0.03505802787024404, 'gamma': 0.546736974722607, 'sigma_update': 0.3131453063121383, 'eta_learning': 0.1856078217620607, 'sigma_boundary': 1.1693337433097573, 'alpha': 0.5929747254049533}. Best is trial 78 with value: 0.6147897231613382.
[I 2026-03-06 03:32:50,939] Trial 100 finished with value: 0.8545161418589042 and parameters: {'sigma_noise': 0.0962971439218287, 'A_repulsion': 0.26396881223624125, 'gamma': 0.5510991351072259, 'sigma_update': 0.40035771590453595, 'eta_learning': 0.17896682942956002, 'sigma_boundary': 5.537823269121404, 'alpha': 0.4037488326203772}. Best is trial 78 with value: 0.6147897231613382.
[I 2026-03-06 03:33:09,335] Trial 107 finished with value: 0.6875697756898035 and parameters: {'sigma_noise': 0.0680331426116858, 'A_repulsion': 0.036559148603815685, 'gamma': 0.3883819162393135, 'sigma_update': 0.31190681165501166, 'eta_learning': 0.4218329096383086, 'sigma_boundary': 3.0600555380582124, 'alpha': 0.44215097375082524}. Best is trial 78 with value: 0.6147897231613382.
[I 2026-03-06 03:33:12,235] Trial 104 finished with value: 0.7434332403178476 and parameters: {'sigma_noise': 0.06768760247079836, 'A_repulsion': 0.2686145883849336, 'gamma': 0.267639853925115, 'sigma_update': 0.3139169705598034, 'eta_learning': 0.1785350829118884, 'sigma_boundary': 5.421294421014724, 'alpha': 0.43742935734370103}. Best is trial 78 with value: 0.6147897231613382.
[I 2026-03-06 03:33:19,454] Trial 102 finished with value: 0.8545107619390142 and parameters: {'sigma_noise': 0.09531599228461671, 'A_repulsion': 0.30079552015244787, 'gamma': 0.5394340555817057, 'sigma_update': 0.3638265091564752, 'eta_learning': 0.18242167301323603, 'sigma_boundary': 5.403363833594555, 'alpha': 0.46188412120715294}. Best is trial 78 with value: 0.6147897231613382.
[I 2026-03-06 03:33:21,297] Trial 105 finished with value: 0.6909851886902549 and parameters: {'sigma_noise': 0.06637132792345674, 'A_repulsion': 0.2780952965616017, 'gamma': 0.5125042581469608, 'sigma_update': 0.29707492242749156, 'eta_learning': 0.413581472947928, 'sigma_boundary': 5.603136956337891, 'alpha': 0.3712107852730608}. Best is trial 78 with value: 0.6147897231613382.
[I 2026-03-06 03:33:25,534] Trial 103 finished with value: 0.7554663621243402 and parameters: {'sigma_noise': 0.09603434141104521, 'A_repulsion': 0.2708054725788161, 'gamma': 0.537375977430988, 'sigma_update': 0.1905947869731964, 'eta_learning': 0.43715176073547934, 'sigma_boundary': 5.8562411277616695, 'alpha': 0.44073878413780604}. Best is trial 78 with value: 0.6147897231613382.
[I 2026-03-06 03:33:33,230] Trial 108 finished with value: 0.7328754095923875 and parameters: {'sigma_noise': 0.07104893649297629, 'A_repulsion': 0.0352896955355356, 'gamma': 0.3850267136025428, 'sigma_update': 0.3157953548542698, 'eta_learning': 0.43799350506293877, 'sigma_boundary': 3.784642715305149, 'alpha': 0.3485127138598918}. Best is trial 78 with value: 0.6147897231613382.
[I 2026-03-06 03:33:35,598] Trial 109 finished with value: 0.5469426608450147 and parameters: {'sigma_noise': 0.07139177673070254, 'A_repulsion': 0.03038812014458111, 'gamma': 0.3903970540740305, 'sigma_update': 0.3099248390617344, 'eta_learning': 1.0084908092691063, 'sigma_boundary': 3.8146597569620018, 'alpha': 0.7702869376024737}. Best is trial 109 with value: 0.5469426608450147.
[I 2026-03-06 03:33:38,898] Trial 110 finished with value: 0.7092583062253348 and parameters: {'sigma_noise': 0.0657123119163058, 'A_repulsion': 0.03712155694308107, 'gamma': 0.27928864233957507, 'sigma_update': 0.3061789850721294, 'eta_learning': 0.42373031143785966, 'sigma_boundary': 1.3486159115317815, 'alpha': 0.996669691470891}. Best is trial 109 with value: 0.5469426608450147.
[I 2026-03-06 03:33:45,867] Trial 106 finished with value: 0.7149142510990407 and parameters: {'sigma_noise': 0.06887880913425606, 'A_repulsion': 0.26095245415307194, 'gamma': 0.5075046144411233, 'sigma_update': 0.1661988474767879, 'eta_learning': 0.4251546164631793, 'sigma_boundary': 6.138760287980509, 'alpha': 0.3783788715288508}. Best is trial 109 with value: 0.5469426608450147.
[I 2026-03-06 03:33:49,042] Trial 111 finished with value: 0.6665229292766837 and parameters: {'sigma_noise': 0.06948172234617561, 'A_repulsion': 0.04168437353961866, 'gamma': 0.2680108411169908, 'sigma_update': 0.3583904177393048, 'eta_learning': 0.4211320970379741, 'sigma_boundary': 6.758214643991866, 'alpha': 0.9789555767184762}. Best is trial 109 with value: 0.5469426608450147.
[I 2026-03-06 03:33:50,047] Trial 113 finished with value: 0.6121006735056387 and parameters: {'sigma_noise': 0.07191384992260813, 'A_repulsion': 0.04100257999094073, 'gamma': 0.3900311403952038, 'sigma_update': 0.18955060356466413, 'eta_learning': 0.4220747742857148, 'sigma_boundary': 3.7615613438733204, 'alpha': 0.9971283959979811}. Best is trial 109 with value: 0.5469426608450147.
