[I 2026-03-06 03:39:13,320] Trial 174 finished with value: 1.1661966944656523 and parameters: {'sigma_noise': 0.05824193934206096, 'A_repulsion': 0.005068655364205858, 'gamma': 0.15214667675398963, 'sigma_update': 0.05622488550808325, 'eta_learning': 0.6283134784580918, 'sigma_boundary': 7.430221365778513, 'alpha': 0.6665876693558499}. Best is trial 147 with value: 0.49788319372395423.
[I 2026-03-06 03:39:15,751] Trial 169 finished with value: 0.8439937252022754 and parameters: {'sigma_noise': 0.21335227321721606, 'A_repulsion': 0.007713493859314864, 'gamma': 0.18389320456071992, 'sigma_update': 0.05899272386953187, 'eta_learning': 0.6836785467077794, 'sigma_boundary': 7.570254506178046, 'alpha': 0.65205520472315}. Best is trial 147 with value: 0.49788319372395423.
[I 2026-03-06 03:39:16,273] Trial 168 finished with value: 0.8076918591769262 and parameters: {'sigma_noise': 0.1738405700854997, 'A_repulsion': 0.058387872927998935, 'gamma': 0.14749626740542696, 'sigma_update': 0.06550324486740386, 'eta_learning': 0.6772732190143695, 'sigma_boundary': 7.490190018195344, 'alpha': 0.6510432595377835}. Best is trial 147 with value: 0.49788319372395423.
[I 2026-03-06 03:39:26,989] Trial 176 finished with value: 0.8162267001403403 and parameters: {'sigma_noise': 0.05748932173652932, 'A_repulsion': 0.10723943405055103, 'gamma': 0.13794919581984516, 'sigma_update': 0.0603813519549808, 'eta_learning': 0.6446389959619749, 'sigma_boundary': 7.702871968429196, 'alpha': 0.7942987165987199}. Best is trial 147 with value: 0.49788319372395423.
[I 2026-03-06 03:39:34,433] Trial 161 finished with value: 0.8944234335341263 and parameters: {'sigma_noise': 0.3672546024396177, 'A_repulsion': 0.059864512034224646, 'gamma': 0.1865636125238958, 'sigma_update': 0.06883457246517868, 'eta_learning': 0.6386776650879614, 'sigma_boundary': 7.117231771377846, 'alpha': 0.7353094102914974}. Best is trial 147 with value: 0.49788319372395423.
[I 2026-03-06 03:39:36,245] Trial 167 finished with value: 1.5375075866581165 and parameters: {'sigma_noise': 0.3665136854369109, 'A_repulsion': 0.005222139864997973, 'gamma': 0.17110593614747546, 'sigma_update': 0.05735265125572955, 'eta_learning': 0.6327807325501476, 'sigma_boundary': 7.481039343071138, 'alpha': 0.6388724949691198}. Best is trial 147 with value: 0.49788319372395423.
[I 2026-03-06 03:39:44,562] Trial 177 finished with value: 0.8143174502643316 and parameters: {'sigma_noise': 0.05847693972726269, 'A_repulsion': 0.10709386095167181, 'gamma': 0.36386706049319084, 'sigma_update': 0.059583062990696406, 'eta_learning': 0.48046621652998195, 'sigma_boundary': 7.430407213522964, 'alpha': 0.7924514960082015}. Best is trial 147 with value: 0.49788319372395423.
[I 2026-03-06 03:39:56,834] Trial 171 finished with value: 1.6200553319110371 and parameters: {'sigma_noise': 0.3649060581880801, 'A_repulsion': 0.006949441267140899, 'gamma': 0.12677470148349612, 'sigma_update': 0.04977679775310238, 'eta_learning': 0.629879413557748, 'sigma_boundary': 7.542327665086683, 'alpha': 0.676580040625197}. Best is trial 147 with value: 0.49788319372395423.
[I 2026-03-06 03:39:59,474] Trial 180 finished with value: 0.8521197151509204 and parameters: {'sigma_noise': 0.060071341471793514, 'A_repulsion': 0.0075714747336503505, 'gamma': 0.2590738746419951, 'sigma_update': 0.06245131048117949, 'eta_learning': 0.6200865652263088, 'sigma_boundary': 7.560706953233637, 'alpha': 0.7878994157901277}. Best is trial 147 with value: 0.49788319372395423.
[I 2026-03-06 03:40:05,390] Trial 178 finished with value: 0.731778279410251 and parameters: {'sigma_noise': 0.05738071380475258, 'A_repulsion': 0.11136967405541096, 'gamma': 0.25480524291246986, 'sigma_update': 0.04035065154314269, 'eta_learning': 0.4799178320895218, 'sigma_boundary': 7.708097685133507, 'alpha': 0.7853929714513264}. Best is trial 147 with value: 0.49788319372395423.
[I 2026-03-06 03:40:09,878] Trial 179 finished with value: 0.7417646031622891 and parameters: {'sigma_noise': 0.05582915080076443, 'A_repulsion': 0.11607804668870035, 'gamma': 0.3661676182153312, 'sigma_update': 0.15522389385313212, 'eta_learning': 0.6109262147850004, 'sigma_boundary': 7.54213324834823, 'alpha': 0.7824780826274651}. Best is trial 147 with value: 0.49788319372395423.
[I 2026-03-06 03:40:11,559] Trial 182 finished with value: 1.2433770401414697 and parameters: {'sigma_noise': 0.06077395731930465, 'A_repulsion': 0.007899651881208131, 'gamma': 0.2576575623602191, 'sigma_update': 0.060513098466391954, 'eta_learning': 1.002679656176118, 'sigma_boundary': 8.244386945508166, 'alpha': 0.7871286501229967}. Best is trial 147 with value: 0.49788319372395423.
[I 2026-03-06 03:40:20,155] Trial 183 finished with value: 1.4256373827395148 and parameters: {'sigma_noise': 0.05450443473511438, 'A_repulsion': 0.11191728904386161, 'gamma': 0.13081531518425732, 'sigma_update': 0.013609402613687732, 'eta_learning': 0.48670591761176013, 'sigma_boundary': 8.269101818442264, 'alpha': 0.7765464833125334}. Best is trial 147 with value: 0.49788319372395423.
[I 2026-03-06 03:40:26,636] Trial 181 finished with value: 0.7464048458017645 and parameters: {'sigma_noise': 0.059999064893363915, 'A_repulsion': 0.10575097103101969, 'gamma': 0.14251471083133022, 'sigma_update': 0.19035040873032644, 'eta_learning': 0.6354393775282832, 'sigma_boundary': 7.632009181959247, 'alpha': 0.6393771723342554}. Best is trial 147 with value: 0.49788319372395423.
[I 2026-03-06 03:40:26,971] Trial 173 finished with value: 0.7075469846815274 and parameters: {'sigma_noise': 0.3798353744153332, 'A_repulsion': 0.0615767302842522, 'gamma': 0.14489994636332437, 'sigma_update': 0.05581922464979567, 'eta_learning': 0.634003729746764, 'sigma_boundary': 7.697032405875677, 'alpha': 0.6468557975595312}. Best is trial 147 with value: 0.49788319372395423.
[I 2026-03-06 03:40:32,041] Trial 184 finished with value: 2.303318042956653 and parameters: {'sigma_noise': 0.05808432225201481, 'A_repulsion': 0.008478549613525128, 'gamma': 0.3623315609249764, 'sigma_update': 0.01805425508382251, 'eta_learning': 0.5925623919566663, 'sigma_boundary': 7.834646334815012, 'alpha': 0.7733696420879372}. Best is trial 147 with value: 0.49788319372395423.
[I 2026-03-06 03:40:32,576] Trial 186 finished with value: 2.2126763592705947 and parameters: {'sigma_noise': 0.050388596887629325, 'A_repulsion': 0.007321313243443754, 'gamma': 0.2625072014296928, 'sigma_update': 0.015518961439557971, 'eta_learning': 0.4807652333230933, 'sigma_boundary': 8.01033677390332, 'alpha': 0.8043759692531689}. Best is trial 147 with value: 0.49788319372395423.
[I 2026-03-06 03:40:34,807] Trial 185 finished with value: 0.5440453717768244 and parameters: {'sigma_noise': 0.05017567239983413, 'A_repulsion': 0.034949341759091306, 'gamma': 0.36666925383355065, 'sigma_update': 0.21621465093941047, 'eta_learning': 0.4788253053527251, 'sigma_boundary': 8.188633210081349, 'alpha': 0.7852655824325361}. Best is trial 147 with value: 0.49788319372395423.
[I 2026-03-06 03:40:37,655] Trial 187 finished with value: 0.5440453717768244 and parameters: {'sigma_noise': 0.051050964194160706, 'A_repulsion': 0.00937418243867344, 'gamma': 0.2578995365472345, 'sigma_update': 0.20260970145048818, 'eta_learning': 0.47396247160097993, 'sigma_boundary': 8.023297713470159, 'alpha': 0.7925147627155168}. Best is trial 147 with value: 0.49788319372395423.
[I 2026-03-06 03:40:44,033] Trial 188 finished with value: 0.5440429678424166 and parameters: {'sigma_noise': 0.05052245196119114, 'A_repulsion': 0.035129487435977866, 'gamma': 0.2534687581523405, 'sigma_update': 0.19719113179289122, 'eta_learning': 0.9784645916614579, 'sigma_boundary': 7.328554858278622, 'alpha': 0.7784931062758168}. Best is trial 147 with value: 0.49788319372395423.
[I 2026-03-06 03:40:46,756] Trial 189 finished with value: 0.5440453717768244 and parameters: {'sigma_noise': 0.05079166980749633, 'A_repulsion': 0.035000842289716456, 'gamma': 0.3089640112317416, 'sigma_update': 0.2004639552330787, 'eta_learning': 0.47259578937598146, 'sigma_boundary': 8.052067378541668, 'alpha': 0.7721547658465305}. Best is trial 147 with value: 0.49788319372395423.
[I 2026-03-06 03:40:47,513] Trial 191 finished with value: 0.5440453717768244 and parameters: {'sigma_noise': 0.050440162546634526, 'A_repulsion': 0.03580099921757819, 'gamma': 0.36510871006168544, 'sigma_update': 0.2005576690501627, 'eta_learning': 0.48734399081841484, 'sigma_boundary': 8.117252716294127, 'alpha': 0.7864696798839967}. Best is trial 147 with value: 0.49788319372395423.
[I 2026-03-06 03:40:51,434] Trial 190 finished with value: 0.7379830053207237 and parameters: {'sigma_noise': 0.08128837113449879, 'A_repulsion': 0.035314963332780766, 'gamma': 0.4133021406098079, 'sigma_update': 0.2080818368863437, 'eta_learning': 0.4721613322678877, 'sigma_boundary': 2.396500187153716, 'alpha': 0.790423900349873}. Best is trial 147 with value: 0.49788319372395423.
[I 2026-03-06 03:40:56,221] Trial 192 finished with value: 0.5556901861642982 and parameters: {'sigma_noise': 0.08123783101983159, 'A_repulsion': 0.03518082222029513, 'gamma': 0.3626651720862609, 'sigma_update': 0.2138042858288089, 'eta_learning': 0.46934504048679443, 'sigma_boundary': 8.02677467895103, 'alpha': 0.7788419551239918}. Best is trial 147 with value: 0.49788319372395423.
[I 2026-03-06 03:41:01,074] Trial 193 finished with value: 0.5556901861642982 and parameters: {'sigma_noise': 0.08055416340968563, 'A_repulsion': 0.03238610873415143, 'gamma': 0.3662228209205989, 'sigma_update': 0.21836623213917428, 'eta_learning': 0.4720160791587349, 'sigma_boundary': 8.18192358967245, 'alpha': 0.7855318756535508}. Best is trial 147 with value: 0.49788319372395423.
[I 2026-03-06 03:41:01,963] Trial 194 finished with value: 0.7104244789418539 and parameters: {'sigma_noise': 0.08073384724225767, 'A_repulsion': 0.03664846428431703, 'gamma': 0.37039114253484506, 'sigma_update': 0.196562154544484, 'eta_learning': 0.4882585958787801, 'sigma_boundary': 8.408064111606402, 'alpha': 0.9528051597296392}. Best is trial 147 with value: 0.49788319372395423.
[I 2026-03-06 03:41:05,257] Trial 195 finished with value: 0.5717561252729555 and parameters: {'sigma_noise': 0.07957885625394875, 'A_repulsion': 0.034226805044467096, 'gamma': 0.10473563900275337, 'sigma_update': 0.17670562136224985, 'eta_learning': 0.9897224386544778, 'sigma_boundary': 7.993778346447194, 'alpha': 0.7856944541121191}. Best is trial 147 with value: 0.49788319372395423.
[I 2026-03-06 03:41:06,061] Trial 196 finished with value: 0.5440429678424166 and parameters: {'sigma_noise': 0.05000093102945076, 'A_repulsion': 0.03577691892295366, 'gamma': 0.25596810136720893, 'sigma_update': 0.20549381457194413, 'eta_learning': 0.4688201986253133, 'sigma_boundary': 8.200126917711321, 'alpha': 0.7809747111018621}. Best is trial 147 with value: 0.49788319372395423.
[I 2026-03-06 03:41:11,629] Trial 197 finished with value: 0.6047780872040643 and parameters: {'sigma_noise': 0.07903455730738586, 'A_repulsion': 0.0889174378507345, 'gamma': 0.3081485875656954, 'sigma_update': 0.2045730819625466, 'eta_learning': 0.493284143032275, 'sigma_boundary': 7.943476883996195, 'alpha': 0.9552032009127432}. Best is trial 147 with value: 0.49788319372395423.
[I 2026-03-06 03:41:12,973] Trial 198 finished with value: 0.7379830053207237 and parameters: {'sigma_noise': 0.08241917113757022, 'A_repulsion': 0.03647007832618653, 'gamma': 0.4260380679107608, 'sigma_update': 0.20747277208109074, 'eta_learning': 0.3209242338892999, 'sigma_boundary': 8.036609717265115, 'alpha': 0.9565929330113383}. Best is trial 147 with value: 0.49788319372395423.
[I 2026-03-06 03:41:13,037] Trial 199 finished with value: 0.5556901861642982 and parameters: {'sigma_noise': 0.07944254123295871, 'A_repulsion': 0.035698545968587445, 'gamma': 0.4138864423395045, 'sigma_update': 0.19584276273942636, 'eta_learning': 0.4719590706051262, 'sigma_boundary': 7.887021698252139, 'alpha': 0.9499519675604888}. Best is trial 147 with value: 0.49788319372395423.
[I 2026-03-06 03:41:16,118] A new study created in memory with name: no-name-1841f112-cdbe-4534-9c69-6c19267d352d
[I 2026-03-06 03:42:19,229] Trial 6 finished with value: 0.15328548656969437 and parameters: {'sigma_noise': 0.10491515763755528, 'A_repulsion': 0.0010563287055929682, 'gamma': 0.9736407673451343, 'sigma_update': 0.09329173046488223, 'eta_learning': 2.3918796983929838, 'sigma_boundary': 9.161550868854357, 'alpha': 0.649587154858862}. Best is trial 6 with value: 0.15328548656969437.
[I 2026-03-06 03:42:32,190] Trial 0 finished with value: 0.19434170293800368 and parameters: {'sigma_noise': 0.1571364992721755, 'A_repulsion': 0.05115162660813388, 'gamma': 0.5151147798231129, 'sigma_update': 0.5739001117240132, 'eta_learning': 1.8500631388068738, 'sigma_boundary': 3.3459974635041574, 'alpha': 0.7764756047910346}. Best is trial 6 with value: 0.15328548656969437.
[I 2026-03-06 03:42:32,234] Trial 11 finished with value: 0.7795374134379633 and parameters: {'sigma_noise': 0.06650360556102308, 'A_repulsion': 0.18800257809679044, 'gamma': 0.9297898826165629, 'sigma_update': 0.14029600914054535, 'eta_learning': 1.6721467252641922, 'sigma_boundary': 1.3249793608763147, 'alpha': 0.1253483507742882}. Best is trial 6 with value: 0.15328548656969437.
[I 2026-03-06 03:42:34,372] Trial 12 finished with value: 0.2598889597642566 and parameters: {'sigma_noise': 0.11604675535872988, 'A_repulsion': 0.07159779299509356, 'gamma': 0.3701152448326085, 'sigma_update': 0.37857320101043795, 'eta_learning': 0.5686291949572162, 'sigma_boundary': 3.1830535716695634, 'alpha': 0.24042454614888653}. Best is trial 6 with value: 0.15328548656969437.
[I 2026-03-06 03:42:42,465] Trial 15 finished with value: 0.6014392056105586 and parameters: {'sigma_noise': 0.11368502676267647, 'A_repulsion': 0.21012030862237052, 'gamma': 0.16200941363651683, 'sigma_update': 0.6284769157456407, 'eta_learning': 1.629263992884093, 'sigma_boundary': 2.808014055525353, 'alpha': 0.39122194399438526}. Best is trial 6 with value: 0.15328548656969437.
[I 2026-03-06 03:42:47,396] Trial 14 finished with value: 0.6447916899067146 and parameters: {'sigma_noise': 0.21179076126084057, 'A_repulsion': 0.04295558191701371, 'gamma': 0.9823332516981905, 'sigma_update': 0.6635509480580131, 'eta_learning': 1.8472308269251065, 'sigma_boundary': 6.961147294282734, 'alpha': 0.2836431333656705}. Best is trial 6 with value: 0.15328548656969437.
[I 2026-03-06 03:42:49,418] Trial 8 finished with value: 0.22983886638233547 and parameters: {'sigma_noise': 0.14792635175389435, 'A_repulsion': 0.1510787046744142, 'gamma': 0.052839538511171506, 'sigma_update': 0.5193679259548702, 'eta_learning': 1.1540657718974323, 'sigma_boundary': 1.276580164825782, 'alpha': 0.8498867824563554}. Best is trial 6 with value: 0.15328548656969437.
[I 2026-03-06 03:42:50,908] Trial 19 finished with value: 0.1291084437480809 and parameters: {'sigma_noise': 0.1132174972587356, 'A_repulsion': 0.2155485722996015, 'gamma': 0.4704161632660304, 'sigma_update': 0.1323892795047066, 'eta_learning': 0.6887490241580996, 'sigma_boundary': 9.898659997752564, 'alpha': 0.5571565637140421}. Best is trial 19 with value: 0.1291084437480809.
[I 2026-03-06 03:43:00,716] Trial 9 finished with value: 0.2045710276794806 and parameters: {'sigma_noise': 0.11517073330739924, 'A_repulsion': 0.38003931945806113, 'gamma': 0.6885684965118658, 'sigma_update': 0.3598028813358209, 'eta_learning': 0.2846731535126306, 'sigma_boundary': 3.414054495362048, 'alpha': 0.7294045164397733}. Best is trial 19 with value: 0.1291084437480809.
[I 2026-03-06 03:43:08,978] Trial 2 finished with value: 0.9516901037308003 and parameters: {'sigma_noise': 0.12818860573489405, 'A_repulsion': 0.409452025353351, 'gamma': 0.3119953841946339, 'sigma_update': 0.06931986370560576, 'eta_learning': 1.4127551196232715, 'sigma_boundary': 2.6707611334293597, 'alpha': 0.22730326358913877}. Best is trial 19 with value: 0.1291084437480809.
[I 2026-03-06 03:43:10,302] Trial 18 finished with value: 2.2949615284944977 and parameters: {'sigma_noise': 0.25726447998063096, 'A_repulsion': 0.1625186086487947, 'gamma': 0.037203434143053216, 'sigma_update': 0.32880270910874027, 'eta_learning': 2.559924090131421, 'sigma_boundary': 2.4912964255388443, 'alpha': 0.08618438321832578}. Best is trial 19 with value: 0.1291084437480809.
[I 2026-03-06 03:43:24,186] Trial 4 finished with value: 0.6896351685279802 and parameters: {'sigma_noise': 0.2062004950900979, 'A_repulsion': 0.3883526405501452, 'gamma': 0.10510366160802138, 'sigma_update': 0.5900207875549659, 'eta_learning': 1.9526901510047203, 'sigma_boundary': 2.169298875190363, 'alpha': 0.5035873683411121}. Best is trial 19 with value: 0.1291084437480809.
[I 2026-03-06 03:43:28,991] Trial 7 finished with value: 0.2976819968180291 and parameters: {'sigma_noise': 0.37080654234466653, 'A_repulsion': 0.12582695139082611, 'gamma': 0.5859436629125329, 'sigma_update': 0.23271059270241204, 'eta_learning': 1.066024243422866, 'sigma_boundary': 6.267200535910236, 'alpha': 0.6215720278076796}. Best is trial 19 with value: 0.1291084437480809.
[I 2026-03-06 03:43:30,460] Trial 5 finished with value: 1.5531271725192188 and parameters: {'sigma_noise': 0.4340348672328275, 'A_repulsion': 0.048972507179308344, 'gamma': 0.15017757072941054, 'sigma_update': 0.20672260815118396, 'eta_learning': 1.7300317295943868, 'sigma_boundary': 2.0191420648023257, 'alpha': 0.2448628846447577}. Best is trial 19 with value: 0.1291084437480809.
[I 2026-03-06 03:43:31,170] Trial 10 finished with value: 2.2739647232689597 and parameters: {'sigma_noise': 0.4302555995601305, 'A_repulsion': 0.14940919137304648, 'gamma': 0.34885117402452526, 'sigma_update': 0.3695968516056026, 'eta_learning': 2.63227330702, 'sigma_boundary': 2.917474914249189, 'alpha': 0.16610972508881683}. Best is trial 19 with value: 0.1291084437480809.
[I 2026-03-06 03:43:31,672] Trial 17 finished with value: 1.0857453743090524 and parameters: {'sigma_noise': 0.4415895787444751, 'A_repulsion': 0.12473908663365768, 'gamma': 0.15422666728444517, 'sigma_update': 0.3513108986294705, 'eta_learning': 0.984994094806137, 'sigma_boundary': 3.4821173708594597, 'alpha': 0.32866318849477727}. Best is trial 19 with value: 0.1291084437480809.
[I 2026-03-06 03:43:34,092] Trial 16 finished with value: 2.5158668123450934 and parameters: {'sigma_noise': 0.23260381068295516, 'A_repulsion': 0.4946123778415841, 'gamma': 0.9923530906813005, 'sigma_update': 0.061863777134875175, 'eta_learning': 2.1936986700713565, 'sigma_boundary': 2.931430628456187, 'alpha': 0.19119826244451932}. Best is trial 19 with value: 0.1291084437480809.
[I 2026-03-06 03:43:45,293] Trial 3 finished with value: 0.4260003872088228 and parameters: {'sigma_noise': 0.3280495959993657, 'A_repulsion': 0.46750209418626176, 'gamma': 0.13146915140054566, 'sigma_update': 0.23813787028012567, 'eta_learning': 2.505858379353185, 'sigma_boundary': 2.348839425095422, 'alpha': 0.688941734466514}. Best is trial 19 with value: 0.1291084437480809.
[I 2026-03-06 03:43:46,154] Trial 13 finished with value: 0.3388054259738755 and parameters: {'sigma_noise': 0.3543875326900784, 'A_repulsion': 0.44273329216701723, 'gamma': 0.04196991930879074, 'sigma_update': 0.2836027725819449, 'eta_learning': 1.7678871850706992, 'sigma_boundary': 2.7655574544954478, 'alpha': 0.6612184818336171}. Best is trial 19 with value: 0.1291084437480809.
[I 2026-03-06 03:43:46,705] Trial 1 finished with value: 0.49730185041630715 and parameters: {'sigma_noise': 0.38587299171108314, 'A_repulsion': 0.37971238833915455, 'gamma': 0.1047170846996408, 'sigma_update': 0.3606870615156922, 'eta_learning': 2.218409819070056, 'sigma_boundary': 6.276796832324267, 'alpha': 0.5955769421435319}. Best is trial 19 with value: 0.1291084437480809.
[I 2026-03-06 03:44:19,254] Trial 26 finished with value: 0.2473762629139138 and parameters: {'sigma_noise': 0.07503891544028503, 'A_repulsion': 0.20704523552038878, 'gamma': 0.9605613705847562, 'sigma_update': 0.41499060096828466, 'eta_learning': 2.4106545310692575, 'sigma_boundary': 8.970229289217901, 'alpha': 0.4051342118765957}. Best is trial 19 with value: 0.1291084437480809.
[I 2026-03-06 03:44:37,678] Trial 20 finished with value: 0.30317072149115454 and parameters: {'sigma_noise': 0.40849285075693637, 'A_repulsion': 0.05940487056865118, 'gamma': 0.7571916783191563, 'sigma_update': 0.2977101944179761, 'eta_learning': 1.7142912019421876, 'sigma_boundary': 1.7219817522186651, 'alpha': 0.5571196479040541}. Best is trial 19 with value: 0.1291084437480809.
[I 2026-03-06 03:44:43,024] Trial 22 finished with value: 0.32550097020373 and parameters: {'sigma_noise': 0.1740814926674227, 'A_repulsion': 0.377040178835946, 'gamma': 0.46319675149365286, 'sigma_update': 0.11408324149359027, 'eta_learning': 2.6251653754151625, 'sigma_boundary': 1.1628657523581156, 'alpha': 0.8695937191747642}. Best is trial 19 with value: 0.1291084437480809.
[I 2026-03-06 03:44:57,553] Trial 21 finished with value: 0.2930351497302811 and parameters: {'sigma_noise': 0.359546828631613, 'A_repulsion': 0.23105654497051215, 'gamma': 0.8421103371629338, 'sigma_update': 0.12633176860275672, 'eta_learning': 0.6254824416442107, 'sigma_boundary': 3.600658198023403, 'alpha': 0.5865757788475888}. Best is trial 19 with value: 0.1291084437480809.
[I 2026-03-06 03:44:58,192] Trial 32 finished with value: 0.234463687960062 and parameters: {'sigma_noise': 0.054289809716368397, 'A_repulsion': 0.28294355061083737, 'gamma': 0.772589492300613, 'sigma_update': 0.07758903344246229, 'eta_learning': 2.92357075454598, 'sigma_boundary': 9.702393823217095, 'alpha': 0.5869909661200029}. Best is trial 19 with value: 0.1291084437480809.
