[I 2026-03-06 03:44:06,335] Trial 114 finished with value: 0.7010841069366035 and parameters: {'sigma_noise': 0.2891579475988804, 'A_repulsion': 0.229408670960424, 'gamma': 0.8695614436574226, 'sigma_update': 0.6304175401162563, 'eta_learning': 2.1320942068841706, 'sigma_boundary': 7.590031407349316, 'alpha': 0.6173356181313082}. Best is trial 112 with value: 0.48066341320365236.
[I 2026-03-06 03:44:16,021] Trial 115 finished with value: 0.5383231723331856 and parameters: {'sigma_noise': 0.2890257373709405, 'A_repulsion': 0.22409206245558397, 'gamma': 0.9777308811915928, 'sigma_update': 0.633088628572983, 'eta_learning': 1.9654981485137555, 'sigma_boundary': 7.612467002910906, 'alpha': 0.6179104335351769}. Best is trial 112 with value: 0.48066341320365236.
[I 2026-03-06 03:44:17,387] Trial 111 finished with value: 0.6707776482182984 and parameters: {'sigma_noise': 0.2952493067427655, 'A_repulsion': 0.49537334768175745, 'gamma': 0.9793484590340339, 'sigma_update': 0.6247320120986264, 'eta_learning': 2.068880484166085, 'sigma_boundary': 6.477221754220882, 'alpha': 0.7720894855858584}. Best is trial 112 with value: 0.48066341320365236.
[I 2026-03-06 03:44:20,373] Trial 116 finished with value: 0.4937984720262515 and parameters: {'sigma_noise': 0.29062673597028965, 'A_repulsion': 0.2214846538472577, 'gamma': 0.9786876257327147, 'sigma_update': 0.6320010391511006, 'eta_learning': 2.247042554752689, 'sigma_boundary': 7.606579567638238, 'alpha': 0.7757991858182087}. Best is trial 112 with value: 0.48066341320365236.
[I 2026-03-06 03:44:23,555] Trial 113 finished with value: 0.6360615921825894 and parameters: {'sigma_noise': 0.30098171707482846, 'A_repulsion': 0.48365282293087364, 'gamma': 0.9921867298481115, 'sigma_update': 0.6299417404547349, 'eta_learning': 1.990401582149156, 'sigma_boundary': 5.524167997708073, 'alpha': 0.7935508768836192}. Best is trial 112 with value: 0.48066341320365236.
[I 2026-03-06 03:44:27,715] Trial 117 finished with value: 0.49934111952518445 and parameters: {'sigma_noise': 0.2838708873696575, 'A_repulsion': 0.22049734037820368, 'gamma': 0.9938805089799361, 'sigma_update': 0.6428393366701826, 'eta_learning': 2.078726398698045, 'sigma_boundary': 7.6040842722537025, 'alpha': 0.8009585432365169}. Best is trial 112 with value: 0.48066341320365236.
[I 2026-03-06 03:44:32,662] Trial 120 finished with value: 0.5393372724834911 and parameters: {'sigma_noise': 0.29068666220309936, 'A_repulsion': 0.05207695174982592, 'gamma': 0.9861962907509173, 'sigma_update': 0.628494262403245, 'eta_learning': 2.0924628872569846, 'sigma_boundary': 7.60354786772997, 'alpha': 0.621963223471311}. Best is trial 112 with value: 0.48066341320365236.
[I 2026-03-06 03:44:37,900] Trial 119 finished with value: 0.49804660518231825 and parameters: {'sigma_noise': 0.28856756169126513, 'A_repulsion': 0.22021705549404455, 'gamma': 0.9927622211041057, 'sigma_update': 0.6291325495727851, 'eta_learning': 2.0453439455695395, 'sigma_boundary': 5.353998989097613, 'alpha': 0.786828390829601}. Best is trial 112 with value: 0.48066341320365236.
[I 2026-03-06 03:45:08,912] Trial 121 finished with value: 0.49537149237027905 and parameters: {'sigma_noise': 0.28928264490617855, 'A_repulsion': 0.21583627999087504, 'gamma': 0.9705416031078493, 'sigma_update': 0.6255461136788247, 'eta_learning': 0.6634745767125351, 'sigma_boundary': 7.54518375596387, 'alpha': 0.6278928523854065}. Best is trial 112 with value: 0.48066341320365236.
[I 2026-03-06 03:45:17,450] Trial 122 finished with value: 0.4847815242478991 and parameters: {'sigma_noise': 0.29508075337408207, 'A_repulsion': 0.23264139677793608, 'gamma': 0.8640674413365946, 'sigma_update': 0.6336394455132098, 'eta_learning': 2.049055612686966, 'sigma_boundary': 7.527572107971319, 'alpha': 0.7932652363200723}. Best is trial 112 with value: 0.48066341320365236.
[I 2026-03-06 03:45:22,167] Trial 123 finished with value: 0.4847815242478991 and parameters: {'sigma_noise': 0.2929321218727783, 'A_repulsion': 0.2210475489367531, 'gamma': 0.8686702771588288, 'sigma_update': 0.6334450439932604, 'eta_learning': 1.961350902453358, 'sigma_boundary': 7.614128478146459, 'alpha': 0.8065111463542105}. Best is trial 112 with value: 0.48066341320365236.
[I 2026-03-06 03:45:27,474] Trial 124 finished with value: 0.4847815242478991 and parameters: {'sigma_noise': 0.2897087994687159, 'A_repulsion': 0.22064520844482574, 'gamma': 0.8747801271996153, 'sigma_update': 0.6286539970903198, 'eta_learning': 2.0648116667305842, 'sigma_boundary': 7.514943749785346, 'alpha': 0.7969081334823128}. Best is trial 112 with value: 0.48066341320365236.
[I 2026-03-06 03:45:32,081] Trial 125 finished with value: 0.6676584951329487 and parameters: {'sigma_noise': 0.30739860680351117, 'A_repulsion': 0.22672211963552605, 'gamma': 0.8598270232088489, 'sigma_update': 0.6393144336509922, 'eta_learning': 0.7172159648428748, 'sigma_boundary': 7.548524774545514, 'alpha': 0.6104208070780328}. Best is trial 112 with value: 0.48066341320365236.
[I 2026-03-06 03:45:41,867] Trial 126 finished with value: 0.7010841069366035 and parameters: {'sigma_noise': 0.30081580950920833, 'A_repulsion': 0.22219538110574436, 'gamma': 0.8643617128477161, 'sigma_update': 0.633631720000653, 'eta_learning': 1.3321293016892737, 'sigma_boundary': 7.557345666981645, 'alpha': 0.6325287210991902}. Best is trial 112 with value: 0.48066341320365236.
[I 2026-03-06 03:45:44,001] Trial 127 finished with value: 0.541241647236476 and parameters: {'sigma_noise': 0.2981466504866936, 'A_repulsion': 0.22719868430508397, 'gamma': 0.877379691864597, 'sigma_update': 0.6410243817320859, 'eta_learning': 0.739196916321476, 'sigma_boundary': 7.643799054826887, 'alpha': 0.6288791348135613}. Best is trial 112 with value: 0.48066341320365236.
[I 2026-03-06 03:45:45,592] Trial 130 finished with value: 0.574694571891552 and parameters: {'sigma_noise': 0.28824700325384356, 'A_repulsion': 0.21464331956971888, 'gamma': 0.888932450937422, 'sigma_update': 0.6446713130715743, 'eta_learning': 0.891670833400537, 'sigma_boundary': 7.601107765733196, 'alpha': 0.6205574192668355}. Best is trial 112 with value: 0.48066341320365236.
[I 2026-03-06 03:45:46,286] Trial 129 finished with value: 0.5413897476995158 and parameters: {'sigma_noise': 0.29115694972882267, 'A_repulsion': 0.21939442654134877, 'gamma': 0.8850219692129531, 'sigma_update': 0.6450779447951184, 'eta_learning': 0.8503890651731318, 'sigma_boundary': 7.610087697931185, 'alpha': 0.6169344895089827}. Best is trial 112 with value: 0.48066341320365236.
[I 2026-03-06 03:45:49,750] Trial 128 finished with value: 0.6676584951329487 and parameters: {'sigma_noise': 0.3024347642747878, 'A_repulsion': 0.22052984348996887, 'gamma': 0.8861147448452852, 'sigma_update': 0.6357246147956634, 'eta_learning': 1.3814519363249351, 'sigma_boundary': 7.454841713205309, 'alpha': 0.6299911622943851}. Best is trial 112 with value: 0.48066341320365236.
[I 2026-03-06 03:45:56,283] Trial 131 finished with value: 0.7147662718467733 and parameters: {'sigma_noise': 0.3037940407819445, 'A_repulsion': 0.21723444595764482, 'gamma': 0.880226033984443, 'sigma_update': 0.6471027208473363, 'eta_learning': 1.3546850788536393, 'sigma_boundary': 7.372790962204312, 'alpha': 0.5979510585050698}. Best is trial 112 with value: 0.48066341320365236.
[I 2026-03-06 03:46:02,857] Trial 133 finished with value: 0.5104846407982293 and parameters: {'sigma_noise': 0.282626794127244, 'A_repulsion': 0.2181152403319074, 'gamma': 0.9494167732670695, 'sigma_update': 0.6521981385184207, 'eta_learning': 0.8701319815323973, 'sigma_boundary': 7.532924269554838, 'alpha': 0.632275829874472}. Best is trial 112 with value: 0.48066341320365236.
[I 2026-03-06 03:46:07,606] Trial 138 finished with value: 0.7027392126401678 and parameters: {'sigma_noise': 0.28569813021212115, 'A_repulsion': 0.21905022374899896, 'gamma': 0.8869378200745708, 'sigma_update': 0.6505720261954132, 'eta_learning': 1.0642185978303882, 'sigma_boundary': 7.5986476316644005, 'alpha': 0.6049741852170174}. Best is trial 112 with value: 0.48066341320365236.
[I 2026-03-06 03:46:09,761] Trial 136 finished with value: 0.49537149237027905 and parameters: {'sigma_noise': 0.2864013680738217, 'A_repulsion': 0.2266655957274169, 'gamma': 0.9555244266297926, 'sigma_update': 0.651700064355256, 'eta_learning': 1.3392904310523694, 'sigma_boundary': 7.6167934792937375, 'alpha': 0.6446896772931585}. Best is trial 112 with value: 0.48066341320365236.
[I 2026-03-06 03:46:11,418] Trial 139 finished with value: 0.5520037292057255 and parameters: {'sigma_noise': 0.2840615084683741, 'A_repulsion': 0.21346171165812813, 'gamma': 0.8954555976333085, 'sigma_update': 0.651137157081715, 'eta_learning': 1.3345314020503112, 'sigma_boundary': 8.680033539105283, 'alpha': 0.6407201373667861}. Best is trial 112 with value: 0.48066341320365236.
[I 2026-03-06 03:46:14,374] Trial 134 finished with value: 0.7010841069366035 and parameters: {'sigma_noise': 0.2979031058070775, 'A_repulsion': 0.22460834453133546, 'gamma': 0.8903242332882114, 'sigma_update': 0.6534840419413327, 'eta_learning': 1.3649248212116958, 'sigma_boundary': 7.644979034054614, 'alpha': 0.6362850405786274}. Best is trial 112 with value: 0.48066341320365236.
[I 2026-03-06 03:46:14,530] Trial 135 finished with value: 0.5139700248116241 and parameters: {'sigma_noise': 0.29422853398069243, 'A_repulsion': 0.22403382218023601, 'gamma': 0.9521110804996574, 'sigma_update': 0.6491957212191062, 'eta_learning': 1.3530808812203825, 'sigma_boundary': 7.593111686684822, 'alpha': 0.629774222765966}. Best is trial 112 with value: 0.48066341320365236.
[I 2026-03-06 03:46:15,138] Trial 140 finished with value: 0.5104846407982293 and parameters: {'sigma_noise': 0.2927341804693812, 'A_repulsion': 0.21734100580182542, 'gamma': 0.9447429953816104, 'sigma_update': 0.667718949004271, 'eta_learning': 1.056683269516228, 'sigma_boundary': 7.620119978674358, 'alpha': 0.646373283259832}. Best is trial 112 with value: 0.48066341320365236.
[I 2026-03-06 03:46:19,420] Trial 141 finished with value: 0.7010841069366035 and parameters: {'sigma_noise': 0.2937724806547985, 'A_repulsion': 0.21332149371440615, 'gamma': 0.8877743464904138, 'sigma_update': 0.6522249161269755, 'eta_learning': 1.3465536263595685, 'sigma_boundary': 7.193559493469136, 'alpha': 0.6330710356663423}. Best is trial 112 with value: 0.48066341320365236.
[I 2026-03-06 03:46:22,877] Trial 137 finished with value: 0.6949944923338272 and parameters: {'sigma_noise': 0.29561419707815967, 'A_repulsion': 0.2236513213511801, 'gamma': 0.9473748493293345, 'sigma_update': 0.6584052223759644, 'eta_learning': 0.884260149944015, 'sigma_boundary': 7.553151836622493, 'alpha': 0.587104994795017}. Best is trial 112 with value: 0.48066341320365236.
[I 2026-03-06 03:46:23,281] Trial 142 finished with value: 0.5520037292057255 and parameters: {'sigma_noise': 0.2881793615584185, 'A_repulsion': 0.21251237522439156, 'gamma': 0.8916017907016217, 'sigma_update': 0.6504419253873047, 'eta_learning': 1.3278791774008467, 'sigma_boundary': 7.554925697538911, 'alpha': 0.652886060126795}. Best is trial 112 with value: 0.48066341320365236.
[I 2026-03-06 03:46:28,633] Trial 132 finished with value: 0.5535736915136423 and parameters: {'sigma_noise': 0.3011441283507337, 'A_repulsion': 0.4937443869275933, 'gamma': 0.8930535819023596, 'sigma_update': 0.646742053084772, 'eta_learning': 1.3513227123235887, 'sigma_boundary': 6.430504604541132, 'alpha': 0.6355997052361444}. Best is trial 112 with value: 0.48066341320365236.
[I 2026-03-06 03:46:30,523] Trial 144 finished with value: 0.5104846407982293 and parameters: {'sigma_noise': 0.2934933369533231, 'A_repulsion': 0.21024020313193761, 'gamma': 0.9449399707391326, 'sigma_update': 0.6574181062715877, 'eta_learning': 1.0764825952198402, 'sigma_boundary': 7.639160321171038, 'alpha': 0.6423598890068312}. Best is trial 112 with value: 0.48066341320365236.
[I 2026-03-06 03:46:31,104] Trial 143 finished with value: 0.549950936747741 and parameters: {'sigma_noise': 0.28578667317767364, 'A_repulsion': 0.23082873764606787, 'gamma': 0.9520695943184656, 'sigma_update': 0.6663230469767382, 'eta_learning': 1.064816431489791, 'sigma_boundary': 7.162045082747907, 'alpha': 0.6342133768857728}. Best is trial 112 with value: 0.48066341320365236.
[I 2026-03-06 03:46:36,873] Trial 146 finished with value: 0.5534363207640597 and parameters: {'sigma_noise': 0.29197010542783025, 'A_repulsion': 0.21516377565202877, 'gamma': 0.9575445306084647, 'sigma_update': 0.6504786206237421, 'eta_learning': 2.277968418354087, 'sigma_boundary': 7.616060390229932, 'alpha': 0.6292565367972761}. Best is trial 112 with value: 0.48066341320365236.
[I 2026-03-06 03:46:40,325] Trial 145 finished with value: 0.7009633193249851 and parameters: {'sigma_noise': 0.29788445024296045, 'A_repulsion': 0.22394625411153535, 'gamma': 0.8836345660401881, 'sigma_update': 0.6520038514758898, 'eta_learning': 2.2389128275920647, 'sigma_boundary': 7.595229547995679, 'alpha': 0.655167372254932}. Best is trial 112 with value: 0.48066341320365236.
[I 2026-03-06 03:46:46,423] Trial 147 finished with value: 0.574694571891552 and parameters: {'sigma_noise': 0.29477169298356654, 'A_repulsion': 0.2171843537419701, 'gamma': 0.8876596829586914, 'sigma_update': 0.65060080863982, 'eta_learning': 1.0683681671685956, 'sigma_boundary': 7.658361082348769, 'alpha': 0.6427303285678232}. Best is trial 112 with value: 0.48066341320365236.
[I 2026-03-06 03:47:05,021] Trial 151 finished with value: 0.7198041897865141 and parameters: {'sigma_noise': 0.3006231197477515, 'A_repulsion': 0.02547705293677476, 'gamma': 0.8936739820166378, 'sigma_update': 0.6614492550563004, 'eta_learning': 1.0576735404575446, 'sigma_boundary': 7.535926742603744, 'alpha': 0.6375702533124045}. Best is trial 112 with value: 0.48066341320365236.
[I 2026-03-06 03:47:16,605] Trial 148 finished with value: 0.5535736915136423 and parameters: {'sigma_noise': 0.29727026153323244, 'A_repulsion': 0.4981772662771027, 'gamma': 0.8888390467855755, 'sigma_update': 0.6506700741098153, 'eta_learning': 1.3334864818493894, 'sigma_boundary': 8.56690523530372, 'alpha': 0.6258522126722124}. Best is trial 112 with value: 0.48066341320365236.
[I 2026-03-06 03:47:17,783] Trial 149 finished with value: 0.5700271114328983 and parameters: {'sigma_noise': 0.29135724562161736, 'A_repulsion': 0.48907344136334613, 'gamma': 0.8840255672091545, 'sigma_update': 0.6520651055235263, 'eta_learning': 1.0596926523497454, 'sigma_boundary': 5.12551077106071, 'alpha': 0.6327526104236497}. Best is trial 112 with value: 0.48066341320365236.
[I 2026-03-06 03:47:21,721] Trial 154 finished with value: 0.5216115199941593 and parameters: {'sigma_noise': 0.30759455025805127, 'A_repulsion': 0.023354032797021966, 'gamma': 0.9551814674857315, 'sigma_update': 0.6516910694711506, 'eta_learning': 1.063120811151836, 'sigma_boundary': 6.662360157863718, 'alpha': 0.6450889888699303}. Best is trial 112 with value: 0.48066341320365236.
[I 2026-03-06 03:47:27,736] Trial 156 finished with value: 0.482591839157289 and parameters: {'sigma_noise': 0.306491899096617, 'A_repulsion': 0.027791139766381423, 'gamma': 0.9571548729982011, 'sigma_update': 0.6511022681857276, 'eta_learning': 1.3472144016021992, 'sigma_boundary': 8.60931552830159, 'alpha': 0.8654055219459148}. Best is trial 112 with value: 0.48066341320365236.
[I 2026-03-06 03:47:29,768] Trial 150 finished with value: 0.5535736915136423 and parameters: {'sigma_noise': 0.28840156402914874, 'A_repulsion': 0.49559940713811934, 'gamma': 0.8841006725413179, 'sigma_update': 0.6595245207297613, 'eta_learning': 1.074574839278013, 'sigma_boundary': 7.594764931999874, 'alpha': 0.5978606339147798}. Best is trial 112 with value: 0.48066341320365236.
[I 2026-03-06 03:47:33,953] Trial 157 finished with value: 0.496598355148947 and parameters: {'sigma_noise': 0.3083839505969573, 'A_repulsion': 0.021917605782357553, 'gamma': 0.9557559906730909, 'sigma_update': 0.6517557673258564, 'eta_learning': 1.3674371883494738, 'sigma_boundary': 8.709478076181316, 'alpha': 0.8683408258295241}. Best is trial 112 with value: 0.48066341320365236.
[I 2026-03-06 03:47:53,445] Trial 152 finished with value: 0.5142742384168576 and parameters: {'sigma_noise': 0.29552189455007544, 'A_repulsion': 0.4952701863658204, 'gamma': 0.9499603045294923, 'sigma_update': 0.6641208544803435, 'eta_learning': 1.0599182468072788, 'sigma_boundary': 6.714763736667459, 'alpha': 0.6423827581060231}. Best is trial 112 with value: 0.48066341320365236.
[I 2026-03-06 03:47:54,523] Trial 158 finished with value: 0.6344672881847034 and parameters: {'sigma_noise': 0.28410950197190865, 'A_repulsion': 0.21230181918783275, 'gamma': 0.9493939693720748, 'sigma_update': 0.6495506149593828, 'eta_learning': 2.3481322359476184, 'sigma_boundary': 7.2301390652572195, 'alpha': 0.8723869355762771}. Best is trial 112 with value: 0.48066341320365236.
[I 2026-03-06 03:47:57,002] Trial 153 finished with value: 0.5142742384168576 and parameters: {'sigma_noise': 0.3009461669412223, 'A_repulsion': 0.4850723759425199, 'gamma': 0.9579308814601106, 'sigma_update': 0.6496579066354052, 'eta_learning': 1.0818901868721056, 'sigma_boundary': 6.765126889795195, 'alpha': 0.6502521425054909}. Best is trial 112 with value: 0.48066341320365236.
[I 2026-03-06 03:48:04,571] Trial 155 finished with value: 0.5142742384168576 and parameters: {'sigma_noise': 0.31358671687676515, 'A_repulsion': 0.4168381475147247, 'gamma': 0.9565212199249457, 'sigma_update': 0.6547268546378205, 'eta_learning': 1.2654262552498343, 'sigma_boundary': 6.755065308174725, 'alpha': 0.6403855173432488}. Best is trial 112 with value: 0.48066341320365236.
[I 2026-03-06 03:48:06,756] Trial 159 finished with value: 0.49537149237027905 and parameters: {'sigma_noise': 0.2802146138604056, 'A_repulsion': 0.26056499324061466, 'gamma': 0.956278362630146, 'sigma_update': 0.6514474131516502, 'eta_learning': 2.3249895666574765, 'sigma_boundary': 8.700671811414812, 'alpha': 0.6463845734244537}. Best is trial 112 with value: 0.48066341320365236.
[I 2026-03-06 03:48:11,429] Trial 160 finished with value: 0.5499509367506649 and parameters: {'sigma_noise': 0.28073340201196073, 'A_repulsion': 0.26229119908832565, 'gamma': 0.9514542834658704, 'sigma_update': 0.652668404576752, 'eta_learning': 2.290088830528585, 'sigma_boundary': 6.73673430927934, 'alpha': 0.6183051692627074}. Best is trial 112 with value: 0.48066341320365236.
[I 2026-03-06 03:48:40,846] Trial 161 finished with value: 0.5086447272650626 and parameters: {'sigma_noise': 0.27837932900647416, 'A_repulsion': 0.2598363102565194, 'gamma': 0.9494440981835008, 'sigma_update': 0.663141053139292, 'eta_learning': 2.2411179707713877, 'sigma_boundary': 5.0532655407350795, 'alpha': 0.6010962935972877}. Best is trial 112 with value: 0.48066341320365236.
[I 2026-03-06 03:48:48,196] Trial 163 finished with value: 0.6593467932940662 and parameters: {'sigma_noise': 0.28082343386936987, 'A_repulsion': 0.265268709436402, 'gamma': 0.9486225163677442, 'sigma_update': 0.6540537592079401, 'eta_learning': 2.257759769679433, 'sigma_boundary': 5.043929066617946, 'alpha': 0.8757045517297085}. Best is trial 112 with value: 0.48066341320365236.
[I 2026-03-06 03:48:48,480] Trial 162 finished with value: 0.5086447272650626 and parameters: {'sigma_noise': 0.2778928760660875, 'A_repulsion': 0.2581130316081939, 'gamma': 0.952533986568417, 'sigma_update': 0.6507439575554913, 'eta_learning': 2.2770771966292256, 'sigma_boundary': 5.08969983950366, 'alpha': 0.5965428263229976}. Best is trial 112 with value: 0.48066341320365236.
[I 2026-03-06 03:48:56,210] Trial 164 finished with value: 0.5987484447956745 and parameters: {'sigma_noise': 0.2794466157515099, 'A_repulsion': 0.23950650535800153, 'gamma': 0.9514326165630631, 'sigma_update': 0.6479166598058785, 'eta_learning': 2.2560518034686146, 'sigma_boundary': 8.657502635537835, 'alpha': 0.8313046320755436}. Best is trial 112 with value: 0.48066341320365236.
[I 2026-03-06 03:48:58,922] Trial 165 finished with value: 0.6344672881847034 and parameters: {'sigma_noise': 0.27973957728169796, 'A_repulsion': 0.2481428456660723, 'gamma': 0.9470589750733225, 'sigma_update': 0.6538645481962738, 'eta_learning': 0.836142880865443, 'sigma_boundary': 8.616664230431985, 'alpha': 0.8700067255160266}. Best is trial 112 with value: 0.48066341320365236.
[I 2026-03-06 03:49:05,667] Trial 166 finished with value: 0.6585154163175284 and parameters: {'sigma_noise': 0.27428449413206607, 'A_repulsion': 0.2433271465219915, 'gamma': 0.9551559179932324, 'sigma_update': 0.6618973617859556, 'eta_learning': 2.2846336166569805, 'sigma_boundary': 5.110931005665147, 'alpha': 0.8634366929985716}. Best is trial 112 with value: 0.48066341320365236.
[I 2026-03-06 03:49:08,649] Trial 167 finished with value: 0.6344672881847034 and parameters: {'sigma_noise': 0.2740434103547512, 'A_repulsion': 0.24925047487720942, 'gamma': 0.9474163734207424, 'sigma_update': 0.6572767658874396, 'eta_learning': 2.3150018209242624, 'sigma_boundary': 5.095388725974416, 'alpha': 0.8737505010969232}. Best is trial 112 with value: 0.48066341320365236.
[I 2026-03-06 03:49:09,138] Trial 168 finished with value: 0.6585154163175284 and parameters: {'sigma_noise': 0.27366027270949694, 'A_repulsion': 0.24598390841201806, 'gamma': 0.9557113055126413, 'sigma_update': 0.6604621935042836, 'eta_learning': 2.376575316042408, 'sigma_boundary': 8.743920176299433, 'alpha': 0.8684101530848465}. Best is trial 112 with value: 0.48066341320365236.
[I 2026-03-06 03:49:09,454] Trial 170 finished with value: 0.6344672881847034 and parameters: {'sigma_noise': 0.2793137255579621, 'A_repulsion': 0.2655812986909314, 'gamma': 0.9499004616405051, 'sigma_update': 0.6577773624603714, 'eta_learning': 2.290127333590884, 'sigma_boundary': 8.604145857961033, 'alpha': 0.8498503165041074}. Best is trial 112 with value: 0.48066341320365236.
