[I 2026-03-06 03:45:03,592] Trial 35 finished with value: 1.045520274908872 and parameters: {'sigma_noise': 0.056166592248931904, 'A_repulsion': 0.29904543456016364, 'gamma': 0.7810323516568372, 'sigma_update': 0.0127626912846108, 'eta_learning': 2.983051979357035, 'sigma_boundary': 9.950781108854745, 'alpha': 0.5733320418626597}. Best is trial 19 with value: 0.1291084437480809.
[I 2026-03-06 03:45:03,820] Trial 34 finished with value: 1.1697446850079636 and parameters: {'sigma_noise': 0.05091000514964046, 'A_repulsion': 0.3090237893218845, 'gamma': 0.806844941407375, 'sigma_update': 0.011733508323782255, 'eta_learning': 0.7023851257385723, 'sigma_boundary': 9.822561174580294, 'alpha': 0.9891172763121293}. Best is trial 19 with value: 0.1291084437480809.
[I 2026-03-06 03:45:11,989] Trial 33 finished with value: 0.5597785609693267 and parameters: {'sigma_noise': 0.05382188713023589, 'A_repulsion': 0.30032580256187763, 'gamma': 0.7629534554896377, 'sigma_update': 0.01909904008089587, 'eta_learning': 2.898566219012797, 'sigma_boundary': 9.732018933002497, 'alpha': 0.5840792999000737}. Best is trial 19 with value: 0.1291084437480809.
[I 2026-03-06 03:45:17,911] Trial 25 finished with value: 0.4928450613737856 and parameters: {'sigma_noise': 0.21579295709409146, 'A_repulsion': 0.4718225627619897, 'gamma': 0.919922951061363, 'sigma_update': 0.4505842013922593, 'eta_learning': 2.746066862262707, 'sigma_boundary': 2.7756539760718932, 'alpha': 0.39313964769883314}. Best is trial 19 with value: 0.1291084437480809.
[I 2026-03-06 03:45:18,314] Trial 27 finished with value: 0.5579772977778483 and parameters: {'sigma_noise': 0.20373976833573226, 'A_repulsion': 0.4993454007370854, 'gamma': 0.5765564250519449, 'sigma_update': 0.6100206433905409, 'eta_learning': 1.2013894128405667, 'sigma_boundary': 4.15111563560057, 'alpha': 0.502660902243445}. Best is trial 19 with value: 0.1291084437480809.
[I 2026-03-06 03:45:18,509] Trial 24 finished with value: 0.2206578770582424 and parameters: {'sigma_noise': 0.3648333275703714, 'A_repulsion': 0.22464916502482452, 'gamma': 0.41726257987476456, 'sigma_update': 0.16730361139194633, 'eta_learning': 0.9255922847300352, 'sigma_boundary': 1.2789810647751454, 'alpha': 0.43945784753437356}. Best is trial 19 with value: 0.1291084437480809.
[I 2026-03-06 03:45:26,716] Trial 23 finished with value: 2.5158668123450934 and parameters: {'sigma_noise': 0.40282883518975143, 'A_repulsion': 0.4239681262878726, 'gamma': 0.38647936734803945, 'sigma_update': 0.6996105296903328, 'eta_learning': 2.129699496024516, 'sigma_boundary': 3.337488650492265, 'alpha': 0.13058360838437788}. Best is trial 19 with value: 0.1291084437480809.
[I 2026-03-06 03:45:27,644] Trial 37 finished with value: 0.758404639742893 and parameters: {'sigma_noise': 0.06972565376017895, 'A_repulsion': 0.30384507310489733, 'gamma': 0.8263147325778502, 'sigma_update': 0.013361099546431082, 'eta_learning': 0.03425914116307549, 'sigma_boundary': 9.840490604461792, 'alpha': 0.9901918886541656}. Best is trial 19 with value: 0.1291084437480809.
[I 2026-03-06 03:45:29,604] Trial 38 finished with value: 0.41906972561074174 and parameters: {'sigma_noise': 0.053264990457498884, 'A_repulsion': 0.3133944002391699, 'gamma': 0.7991332424502294, 'sigma_update': 0.020622657641497705, 'eta_learning': 2.9692742259418696, 'sigma_boundary': 9.778558458929204, 'alpha': 0.5177615043156565}. Best is trial 19 with value: 0.1291084437480809.
[I 2026-03-06 03:45:33,292] Trial 39 finished with value: 0.3983751914489967 and parameters: {'sigma_noise': 0.05465423568302392, 'A_repulsion': 0.2943203875414246, 'gamma': 0.8080758428003308, 'sigma_update': 0.024495761051474635, 'eta_learning': 2.986079023074461, 'sigma_boundary': 9.90585112530081, 'alpha': 0.9871950551988772}. Best is trial 19 with value: 0.1291084437480809.
[I 2026-03-06 03:45:40,029] Trial 28 finished with value: 0.630784605080536 and parameters: {'sigma_noise': 0.3238737645417024, 'A_repulsion': 0.27516438225845974, 'gamma': 0.1683287641624177, 'sigma_update': 0.42955441245156445, 'eta_learning': 1.666439787419797, 'sigma_boundary': 2.636584030093014, 'alpha': 0.43100677312987945}. Best is trial 19 with value: 0.1291084437480809.
[I 2026-03-06 03:45:52,349] Trial 29 finished with value: 0.368610951555001 and parameters: {'sigma_noise': 0.3592474336031374, 'A_repulsion': 0.30129966611684933, 'gamma': 0.6847156451566754, 'sigma_update': 0.20176914692170483, 'eta_learning': 2.969347302796195, 'sigma_boundary': 9.468310151382228, 'alpha': 0.5329785936434002}. Best is trial 19 with value: 0.1291084437480809.
[I 2026-03-06 03:45:58,893] Trial 30 finished with value: 0.34771765790457376 and parameters: {'sigma_noise': 0.4020112688608083, 'A_repulsion': 0.31496202972099036, 'gamma': 0.6586134352570076, 'sigma_update': 0.19022911377477086, 'eta_learning': 2.644857462078749, 'sigma_boundary': 9.602901668595576, 'alpha': 0.5912540075859709}. Best is trial 19 with value: 0.1291084437480809.
[I 2026-03-06 03:46:06,963] Trial 36 finished with value: 0.21120104862931224 and parameters: {'sigma_noise': 0.29762046711144774, 'A_repulsion': 0.2889862987450161, 'gamma': 0.818067067238591, 'sigma_update': 0.1511644232831973, 'eta_learning': 2.94052692152212, 'sigma_boundary': 9.85235254478503, 'alpha': 0.9582614636778799}. Best is trial 19 with value: 0.1291084437480809.
[I 2026-03-06 03:46:12,340] Trial 31 finished with value: 0.27175682859188877 and parameters: {'sigma_noise': 0.3822232614481734, 'A_repulsion': 0.2925112095107153, 'gamma': 0.7091204104068212, 'sigma_update': 0.19832091208442842, 'eta_learning': 2.919845661830726, 'sigma_boundary': 9.828487784550223, 'alpha': 0.594886055786122}. Best is trial 19 with value: 0.1291084437480809.
[I 2026-03-06 03:46:18,646] Trial 40 finished with value: 0.15187000321235775 and parameters: {'sigma_noise': 0.17009463668855787, 'A_repulsion': 0.007221726588925942, 'gamma': 0.8228647410324905, 'sigma_update': 0.15076594817281802, 'eta_learning': 2.8774016757394314, 'sigma_boundary': 9.869183124460053, 'alpha': 0.9371401045236515}. Best is trial 19 with value: 0.1291084437480809.
[I 2026-03-06 03:46:28,544] Trial 42 finished with value: 0.2481003183973511 and parameters: {'sigma_noise': 0.052243016979693614, 'A_repulsion': 0.005250280542634568, 'gamma': 0.8111805164474282, 'sigma_update': 0.492774142174351, 'eta_learning': 2.827096224484789, 'sigma_boundary': 9.488966704730933, 'alpha': 0.9991258971385661}. Best is trial 19 with value: 0.1291084437480809.
[I 2026-03-06 03:46:52,090] Trial 50 finished with value: 0.17116226125702327 and parameters: {'sigma_noise': 0.08858468360402164, 'A_repulsion': 0.02049670696055731, 'gamma': 0.6585894736388479, 'sigma_update': 0.5016341952604503, 'eta_learning': 0.0862314612614953, 'sigma_boundary': 8.369671983405782, 'alpha': 0.7517027606383707}. Best is trial 19 with value: 0.1291084437480809.
[I 2026-03-06 03:47:02,109] Trial 43 finished with value: 0.29776454493939675 and parameters: {'sigma_noise': 0.05598640681572749, 'A_repulsion': 0.3071931963550031, 'gamma': 0.5712988741733024, 'sigma_update': 0.46040425582619304, 'eta_learning': 2.988100108867018, 'sigma_boundary': 9.985018196191012, 'alpha': 0.9948886882888139}. Best is trial 19 with value: 0.1291084437480809.
[I 2026-03-06 03:47:06,805] Trial 44 finished with value: 1.0222284019767258 and parameters: {'sigma_noise': 0.17509100049974743, 'A_repulsion': 0.011872836763499817, 'gamma': 0.5844096255654759, 'sigma_update': 0.016902863908442298, 'eta_learning': 0.08166529298720082, 'sigma_boundary': 8.349901612159952, 'alpha': 0.9789762711186912}. Best is trial 19 with value: 0.1291084437480809.
[I 2026-03-06 03:47:07,256] Trial 52 finished with value: 0.1846835875286209 and parameters: {'sigma_noise': 0.09494395141536978, 'A_repulsion': 0.003516280342108184, 'gamma': 0.5881236670762788, 'sigma_update': 0.5094701236996123, 'eta_learning': 0.11421973751305001, 'sigma_boundary': 0.22914584857003018, 'alpha': 0.7692503439841738}. Best is trial 19 with value: 0.1291084437480809.
[I 2026-03-06 03:47:11,193] Trial 45 finished with value: 0.17004236468440415 and parameters: {'sigma_noise': 0.16860182701298426, 'A_repulsion': 0.010586817571340864, 'gamma': 0.5649651902230118, 'sigma_update': 0.1750267815127493, 'eta_learning': 0.035050101920975796, 'sigma_boundary': 8.317706072543112, 'alpha': 0.9546305648278683}. Best is trial 19 with value: 0.1291084437480809.
[I 2026-03-06 03:47:11,747] Trial 51 finished with value: 0.19818178658717478 and parameters: {'sigma_noise': 0.0943699431109051, 'A_repulsion': 0.004365248968058176, 'gamma': 0.6384718461194184, 'sigma_update': 0.5474508022343487, 'eta_learning': 0.05321878930944399, 'sigma_boundary': 8.396967578181982, 'alpha': 0.7517988224626989}. Best is trial 19 with value: 0.1291084437480809.
[I 2026-03-06 03:47:12,673] Trial 54 finished with value: 0.14842126208672995 and parameters: {'sigma_noise': 0.09684164570901242, 'A_repulsion': 0.004707554844766947, 'gamma': 0.6584270969449681, 'sigma_update': 0.5089903729555852, 'eta_learning': 0.12176187980560149, 'sigma_boundary': 8.29717006631276, 'alpha': 0.7511113622209293}. Best is trial 19 with value: 0.1291084437480809.
[I 2026-03-06 03:47:16,731] Trial 46 finished with value: 0.13059821989602588 and parameters: {'sigma_noise': 0.16738410412796179, 'A_repulsion': 0.010664862005662301, 'gamma': 0.5810616187887542, 'sigma_update': 0.47542167189516393, 'eta_learning': 0.10519720259311938, 'sigma_boundary': 8.438560228183892, 'alpha': 0.7884605027013922}. Best is trial 19 with value: 0.1291084437480809.
[I 2026-03-06 03:47:21,969] Trial 47 finished with value: 0.17585943823299854 and parameters: {'sigma_noise': 0.1670574894344142, 'A_repulsion': 0.0020361337415897296, 'gamma': 0.5761384493567934, 'sigma_update': 0.4846981583079143, 'eta_learning': 1.4096052981370897, 'sigma_boundary': 8.415385832695758, 'alpha': 0.7619786535327021}. Best is trial 19 with value: 0.1291084437480809.
[I 2026-03-06 03:47:28,565] Trial 48 finished with value: 0.1603712577056837 and parameters: {'sigma_noise': 0.16837817582842313, 'A_repulsion': 0.01310368198279318, 'gamma': 0.6105177927210599, 'sigma_update': 0.17411502396278378, 'eta_learning': 2.1343985191214374, 'sigma_boundary': 0.028331587261606117, 'alpha': 0.7783100208469095}. Best is trial 19 with value: 0.1291084437480809.
[I 2026-03-06 03:47:30,311] Trial 49 finished with value: 0.167644010382349 and parameters: {'sigma_noise': 0.1656066631794968, 'A_repulsion': 0.02290025214015623, 'gamma': 0.2315892231564257, 'sigma_update': 0.1765093013509923, 'eta_learning': 2.1181712296649375, 'sigma_boundary': 8.144707298131461, 'alpha': 0.7897357842429215}. Best is trial 19 with value: 0.1291084437480809.
[I 2026-03-06 03:47:31,167] Trial 55 finished with value: 0.14842126208672995 and parameters: {'sigma_noise': 0.09594476065485305, 'A_repulsion': 0.008506710080392832, 'gamma': 0.6588067622725297, 'sigma_update': 0.5116487004040171, 'eta_learning': 0.13228659891695482, 'sigma_boundary': 8.240646882026361, 'alpha': 0.7614960829534333}. Best is trial 19 with value: 0.1291084437480809.
[I 2026-03-06 03:47:34,981] Trial 53 finished with value: 0.13562107124509448 and parameters: {'sigma_noise': 0.14870920165266938, 'A_repulsion': 0.011407974347696664, 'gamma': 0.6529526903369325, 'sigma_update': 0.5469153547431109, 'eta_learning': 0.025056167805411533, 'sigma_boundary': 8.282889353010939, 'alpha': 0.7419832528992822}. Best is trial 19 with value: 0.1291084437480809.
[I 2026-03-06 03:47:45,020] Trial 41 finished with value: 0.8672659988628659 and parameters: {'sigma_noise': 0.1741986145164166, 'A_repulsion': 0.31038060065858286, 'gamma': 0.4835751299007185, 'sigma_update': 0.011194347587748024, 'eta_learning': 2.8202337104026385, 'sigma_boundary': 9.94414373225681, 'alpha': 0.8975280076062939}. Best is trial 19 with value: 0.1291084437480809.
[I 2026-03-06 03:47:49,317] Trial 56 finished with value: 0.2032799690064363 and parameters: {'sigma_noise': 0.09083454231186541, 'A_repulsion': 0.006923344333122023, 'gamma': 0.5551714314370514, 'sigma_update': 0.515414931654855, 'eta_learning': 0.15416596861839582, 'sigma_boundary': 8.372659980527736, 'alpha': 0.7293257287302302}. Best is trial 19 with value: 0.1291084437480809.
[I 2026-03-06 03:47:56,994] Trial 57 finished with value: 0.21051361501171956 and parameters: {'sigma_noise': 0.0973489854636741, 'A_repulsion': 0.00816177584600293, 'gamma': 0.2577881286366709, 'sigma_update': 0.5356724964027061, 'eta_learning': 0.12363623828959061, 'sigma_boundary': 8.145165668159585, 'alpha': 0.7496468582200413}. Best is trial 19 with value: 0.1291084437480809.
[I 2026-03-06 03:48:01,032] Trial 58 finished with value: 0.2107019773808087 and parameters: {'sigma_noise': 0.09406525227958004, 'A_repulsion': 0.009710548820470212, 'gamma': 0.25466886161878777, 'sigma_update': 0.5377727402103176, 'eta_learning': 0.10705480515378052, 'sigma_boundary': 8.155340532678533, 'alpha': 0.7506637363858136}. Best is trial 19 with value: 0.1291084437480809.
[I 2026-03-06 03:48:12,860] Trial 59 finished with value: 0.19056929912549483 and parameters: {'sigma_noise': 0.13956034589101196, 'A_repulsion': 0.003143941847711736, 'gamma': 0.27509519579243313, 'sigma_update': 0.5084229590311569, 'eta_learning': 0.09197791839855829, 'sigma_boundary': 0.4662895515809842, 'alpha': 0.7563980921711478}. Best is trial 19 with value: 0.1291084437480809.
[I 2026-03-06 03:48:23,105] Trial 60 finished with value: 0.15254343882431826 and parameters: {'sigma_noise': 0.1458571808789459, 'A_repulsion': 0.025770587720090138, 'gamma': 0.5563451764522588, 'sigma_update': 0.535386655324485, 'eta_learning': 0.3143258184576264, 'sigma_boundary': 8.452948353341215, 'alpha': 0.771944651997589}. Best is trial 19 with value: 0.1291084437480809.
[I 2026-03-06 03:48:31,450] Trial 61 finished with value: 0.15254352781178737 and parameters: {'sigma_noise': 0.143637018107871, 'A_repulsion': 0.0045617637748768276, 'gamma': 0.5378482795854201, 'sigma_update': 0.5560499141050038, 'eta_learning': 0.24984019784304068, 'sigma_boundary': 8.166097056819398, 'alpha': 0.7604968327380728}. Best is trial 19 with value: 0.1291084437480809.
[I 2026-03-06 03:48:50,842] Trial 62 finished with value: 0.17259267125333233 and parameters: {'sigma_noise': 0.14666896158593098, 'A_repulsion': 2.5745412668369723e-05, 'gamma': 0.5656975773688829, 'sigma_update': 0.5461252799575335, 'eta_learning': 2.343880196401093, 'sigma_boundary': 8.299714648801887, 'alpha': 0.7956177473962505}. Best is trial 19 with value: 0.1291084437480809.
[I 2026-03-06 03:48:58,345] Trial 63 finished with value: 0.19405661455468637 and parameters: {'sigma_noise': 0.1492280645861049, 'A_repulsion': 0.008771454968333078, 'gamma': 0.5200728329402254, 'sigma_update': 0.5553633880384509, 'eta_learning': 2.3954103360369423, 'sigma_boundary': 8.11954672360461, 'alpha': 0.7591058104690551}. Best is trial 19 with value: 0.1291084437480809.
[I 2026-03-06 03:49:02,886] Trial 64 finished with value: 0.2446843355262402 and parameters: {'sigma_noise': 0.09582665643565795, 'A_repulsion': 0.08876715203247668, 'gamma': 0.2682898941315124, 'sigma_update': 0.5430897590924367, 'eta_learning': 1.3834721941149155, 'sigma_boundary': 7.85898917711431, 'alpha': 0.7524967966748004}. Best is trial 19 with value: 0.1291084437480809.
[I 2026-03-06 03:49:05,622] Trial 65 finished with value: 0.23081201690639647 and parameters: {'sigma_noise': 0.09059733266569757, 'A_repulsion': 0.09601609482262466, 'gamma': 0.5214516452400909, 'sigma_update': 0.09481445965024093, 'eta_learning': 0.33687573342956356, 'sigma_boundary': 0.2396739670407049, 'alpha': 0.7747682634240649}. Best is trial 19 with value: 0.1291084437480809.
[I 2026-03-06 03:49:14,781] Trial 66 finished with value: 0.16173209400597657 and parameters: {'sigma_noise': 0.14703655891295983, 'A_repulsion': 0.08917635176435032, 'gamma': 0.5234904295183089, 'sigma_update': 0.25308037366166003, 'eta_learning': 0.39258479007380725, 'sigma_boundary': 8.082211320631943, 'alpha': 0.8638880286984565}. Best is trial 19 with value: 0.1291084437480809.
[I 2026-03-06 03:49:15,117] Trial 69 finished with value: 0.16353655495792668 and parameters: {'sigma_noise': 0.14285018302464236, 'A_repulsion': 0.09644042329249146, 'gamma': 0.8774338222859812, 'sigma_update': 0.2512357405699954, 'eta_learning': 0.360406189954338, 'sigma_boundary': 7.296997713634248, 'alpha': 0.8243950457519362}. Best is trial 19 with value: 0.1291084437480809.
[I 2026-03-06 03:49:20,857] Trial 67 finished with value: 0.13461717957984326 and parameters: {'sigma_noise': 0.1419147796330032, 'A_repulsion': 0.08694419026853593, 'gamma': 0.8742690496120659, 'sigma_update': 0.2688213806370676, 'eta_learning': 0.29406873929440747, 'sigma_boundary': 7.192912709176543, 'alpha': 0.831336577066655}. Best is trial 19 with value: 0.1291084437480809.
[I 2026-03-06 03:49:21,691] Trial 68 finished with value: 0.1999825548207518 and parameters: {'sigma_noise': 0.14654261523747286, 'A_repulsion': 0.10283329634403605, 'gamma': 0.4726366926040745, 'sigma_update': 0.09512256129982233, 'eta_learning': 0.3504071836108971, 'sigma_boundary': 7.380913756028617, 'alpha': 0.832667794723964}. Best is trial 19 with value: 0.1291084437480809.
[I 2026-03-06 03:49:29,652] Trial 70 finished with value: 0.15754206627292666 and parameters: {'sigma_noise': 0.1366824899660124, 'A_repulsion': 0.08157458344630905, 'gamma': 0.5249608635264462, 'sigma_update': 0.24867867680945493, 'eta_learning': 0.32552382314165085, 'sigma_boundary': 7.314186307331187, 'alpha': 0.8406889956730027}. Best is trial 19 with value: 0.1291084437480809.
[I 2026-03-06 03:49:34,252] Trial 71 finished with value: 0.16052190273257655 and parameters: {'sigma_noise': 0.1368443069255938, 'A_repulsion': 0.08100429561904131, 'gamma': 0.5046344662730557, 'sigma_update': 0.2516591593147111, 'eta_learning': 0.3855214708115357, 'sigma_boundary': 7.386494453990071, 'alpha': 0.8266125634544407}. Best is trial 19 with value: 0.1291084437480809.
[I 2026-03-06 03:49:38,349] Trial 72 finished with value: 0.18199008581896745 and parameters: {'sigma_noise': 0.14345080753786382, 'A_repulsion': 0.08979706821277897, 'gamma': 0.4969996279332436, 'sigma_update': 0.08851594468181999, 'eta_learning': 0.3708440189739392, 'sigma_boundary': 7.503523785113458, 'alpha': 0.6650545652042995}. Best is trial 19 with value: 0.1291084437480809.
[I 2026-03-06 03:49:38,360] Trial 74 finished with value: 0.197979307889847 and parameters: {'sigma_noise': 0.14340715791426772, 'A_repulsion': 0.09585677535439616, 'gamma': 0.47482266858692995, 'sigma_update': 0.5671011661741309, 'eta_learning': 0.30281562880471524, 'sigma_boundary': 7.240592600293105, 'alpha': 0.7025092989359822}. Best is trial 19 with value: 0.1291084437480809.
[I 2026-03-06 03:49:38,440] Trial 73 finished with value: 0.1913306735651827 and parameters: {'sigma_noise': 0.13936835297844657, 'A_repulsion': 0.08443924267707786, 'gamma': 0.5087736167853647, 'sigma_update': 0.5523677882797938, 'eta_learning': 0.4096461820973252, 'sigma_boundary': 7.417606737863355, 'alpha': 0.6682546282901918}. Best is trial 19 with value: 0.1291084437480809.
[I 2026-03-06 03:49:51,399] Trial 75 finished with value: 0.1654540871503059 and parameters: {'sigma_noise': 0.13773778971664613, 'A_repulsion': 0.06956743051029396, 'gamma': 0.5189772243591275, 'sigma_update': 0.5482990760504026, 'eta_learning': 0.3889182902659757, 'sigma_boundary': 7.316812280643257, 'alpha': 0.6917179433619951}. Best is trial 19 with value: 0.1291084437480809.
[I 2026-03-06 03:49:52,089] Trial 76 finished with value: 0.12179102110137982 and parameters: {'sigma_noise': 0.13194485466117406, 'A_repulsion': 0.08330520643896873, 'gamma': 0.7216725259005768, 'sigma_update': 0.5741205619317429, 'eta_learning': 0.39509907059164345, 'sigma_boundary': 7.067860416772364, 'alpha': 0.6888498770619004}. Best is trial 76 with value: 0.12179102110137982.
[I 2026-03-06 03:49:59,217] Trial 77 finished with value: 0.17877909562709804 and parameters: {'sigma_noise': 0.1355499138057779, 'A_repulsion': 0.08544864312776528, 'gamma': 0.5153561376523116, 'sigma_update': 0.5717512546481898, 'eta_learning': 0.380738702719804, 'sigma_boundary': 7.170344775472947, 'alpha': 0.837317040660211}. Best is trial 76 with value: 0.12179102110137982.
[I 2026-03-06 03:50:01,451] Trial 78 finished with value: 0.16800673675772101 and parameters: {'sigma_noise': 0.1240970107437035, 'A_repulsion': 0.08996630009709541, 'gamma': 0.5312081599178423, 'sigma_update': 0.25049510631200117, 'eta_learning': 0.27367425434798787, 'sigma_boundary': 7.195998887866759, 'alpha': 0.8240876423740691}. Best is trial 76 with value: 0.12179102110137982.
[I 2026-03-06 03:50:18,473] Trial 79 finished with value: 0.17781689867088254 and parameters: {'sigma_noise': 0.13256878871538444, 'A_repulsion': 0.09453325133454815, 'gamma': 0.5032855568280896, 'sigma_update': 0.2547981129209099, 'eta_learning': 0.36067200849928005, 'sigma_boundary': 7.324808370086052, 'alpha': 0.8251587181615649}. Best is trial 76 with value: 0.12179102110137982.
[I 2026-03-06 03:50:30,284] Trial 80 finished with value: 0.17650987225702797 and parameters: {'sigma_noise': 0.13432632920691628, 'A_repulsion': 0.0945919080013796, 'gamma': 0.5192803904766733, 'sigma_update': 0.5751123941617415, 'eta_learning': 0.3798790381779026, 'sigma_boundary': 7.520056634162997, 'alpha': 0.6706136580440917}. Best is trial 76 with value: 0.12179102110137982.
[I 2026-03-06 03:50:34,838] Trial 81 finished with value: 0.13200611421078484 and parameters: {'sigma_noise': 0.12352820151978554, 'A_repulsion': 0.08645207170562358, 'gamma': 0.7259877772974929, 'sigma_update': 0.5909800356602644, 'eta_learning': 0.37121526714673847, 'sigma_boundary': 7.194487902498585, 'alpha': 0.6925785627372103}. Best is trial 76 with value: 0.12179102110137982.
