[I 2026-03-06 04:11:09,418] Trial 196 finished with value: 0.2875614556321143 and parameters: {'sigma_noise': 0.12048766711191354, 'A_repulsion': 0.02824399227608538, 'gamma': 0.3979646194325898, 'sigma_update': 0.16350153302510848, 'eta_learning': 1.3875834244186347, 'sigma_boundary': 2.859195406889243, 'alpha': 0.990730368244603}. Best is trial 144 with value: 0.19091269833028993.
[I 2026-03-06 04:11:10,779] Trial 197 finished with value: 0.3076855937743358 and parameters: {'sigma_noise': 0.13210562650117824, 'A_repulsion': 0.028483962486563732, 'gamma': 0.3969215868722464, 'sigma_update': 0.16292138038488888, 'eta_learning': 1.3786811299506259, 'sigma_boundary': 5.7797008812282735, 'alpha': 0.9887798606880941}. Best is trial 144 with value: 0.19091269833028993.
[I 2026-03-06 04:11:14,280] Trial 199 finished with value: 0.4070633103876621 and parameters: {'sigma_noise': 0.12825334435337293, 'A_repulsion': 0.1512182669846357, 'gamma': 0.39991875356432166, 'sigma_update': 0.25343068753951903, 'eta_learning': 1.37392286850514, 'sigma_boundary': 5.855485165896659, 'alpha': 0.49260458812937513}. Best is trial 144 with value: 0.19091269833028993.
[I 2026-03-06 04:11:14,569] Trial 198 finished with value: 0.42533650928609734 and parameters: {'sigma_noise': 0.1337646631969568, 'A_repulsion': 0.15659892962191627, 'gamma': 0.39356344440729324, 'sigma_update': 0.24493324391384066, 'eta_learning': 1.3551872485435614, 'sigma_boundary': 5.7628124450585485, 'alpha': 0.47357915591691335}. Best is trial 144 with value: 0.19091269833028993.
