[I 2026-03-06 04:01:50,152] Trial 192 finished with value: 0.17993540857650103 and parameters: {'sigma_noise': 0.24132597421182445, 'A_repulsion': 0.41425568458739775, 'gamma': 0.8077631459740329, 'sigma_update': 0.44097966807172595, 'eta_learning': 1.5189297318465016, 'sigma_boundary': 3.7254218261026315, 'alpha': 0.856229692553502}. Best is trial 159 with value: 0.11086101344914862.
[I 2026-03-06 04:01:52,419] Trial 199 finished with value: 0.12290734427615112 and parameters: {'sigma_noise': 0.2781835416137138, 'A_repulsion': 0.02191325438927988, 'gamma': 0.7975930069882183, 'sigma_update': 0.41551351819524035, 'eta_learning': 1.0315382257142787, 'sigma_boundary': 6.937305535907511, 'alpha': 0.8550237051218523}. Best is trial 159 with value: 0.11086101344914862.
[I 2026-03-06 04:01:54,765] Trial 198 finished with value: 0.14579180605574849 and parameters: {'sigma_noise': 0.27237733142981313, 'A_repulsion': 0.14021594236206752, 'gamma': 0.7080772606439933, 'sigma_update': 0.4457633254043538, 'eta_learning': 1.2564083035087603, 'sigma_boundary': 3.9504692643799153, 'alpha': 0.8462734335092508}. Best is trial 159 with value: 0.11086101344914862.
[I 2026-03-06 04:01:55,697] Trial 196 finished with value: 0.15143408294098734 and parameters: {'sigma_noise': 0.24098841413083352, 'A_repulsion': 0.4094490866303897, 'gamma': 0.7079461576092696, 'sigma_update': 0.3798867179935282, 'eta_learning': 1.0534674290072261, 'sigma_boundary': 3.93877010893937, 'alpha': 0.9068730162939612}. Best is trial 159 with value: 0.11086101344914862.
[I 2026-03-06 04:01:56,564] Trial 197 finished with value: 0.19055737343815743 and parameters: {'sigma_noise': 0.29233749640161, 'A_repulsion': 0.39671059383008384, 'gamma': 0.7046832777833163, 'sigma_update': 0.40931152028738327, 'eta_learning': 1.2748352165830557, 'sigma_boundary': 3.8015854836740055, 'alpha': 0.8507759011963358}. Best is trial 159 with value: 0.11086101344914862.
