[I 2026-03-06 03:49:12,868] Trial 169 finished with value: 0.6585154163175284 and parameters: {'sigma_noise': 0.2778945683431902, 'A_repulsion': 0.26173066507535947, 'gamma': 0.9489144872950549, 'sigma_update': 0.6626335193483502, 'eta_learning': 2.2649100640397006, 'sigma_boundary': 5.076195124236007, 'alpha': 0.8721750646207059}. Best is trial 112 with value: 0.48066341320365236.
[I 2026-03-06 03:49:15,078] Trial 171 finished with value: 0.6344672881847034 and parameters: {'sigma_noise': 0.2787660450509284, 'A_repulsion': 0.24478934094607308, 'gamma': 0.9385866132465697, 'sigma_update': 0.6685273036162274, 'eta_learning': 1.9295236032802003, 'sigma_boundary': 5.06069191863852, 'alpha': 0.8648629637042113}. Best is trial 112 with value: 0.48066341320365236.
[I 2026-03-06 03:49:20,478] Trial 172 finished with value: 0.6344672881847034 and parameters: {'sigma_noise': 0.2777606871494894, 'A_repulsion': 0.24740433450831362, 'gamma': 0.9399920887226733, 'sigma_update': 0.658402205264619, 'eta_learning': 2.281866336677316, 'sigma_boundary': 8.64791162050372, 'alpha': 0.848013569882607}. Best is trial 112 with value: 0.48066341320365236.
[I 2026-03-06 03:49:24,430] Trial 173 finished with value: 0.6344672881847034 and parameters: {'sigma_noise': 0.27501274579700996, 'A_repulsion': 0.2462873143178243, 'gamma': 0.948037951680674, 'sigma_update': 0.6683252361621697, 'eta_learning': 2.319956248323286, 'sigma_boundary': 8.664099896681066, 'alpha': 0.8678858167605393}. Best is trial 112 with value: 0.48066341320365236.
[I 2026-03-06 03:49:28,301] Trial 174 finished with value: 0.6585154163175284 and parameters: {'sigma_noise': 0.2790039423693264, 'A_repulsion': 0.2562779294546619, 'gamma': 0.9476204148467017, 'sigma_update': 0.6686301795150716, 'eta_learning': 2.3432705565210785, 'sigma_boundary': 8.643169501384811, 'alpha': 0.878343480966341}. Best is trial 112 with value: 0.48066341320365236.
[I 2026-03-06 03:49:29,550] Trial 176 finished with value: 0.6344672881847034 and parameters: {'sigma_noise': 0.2766205091947381, 'A_repulsion': 0.2457285596517611, 'gamma': 0.9444141864030923, 'sigma_update': 0.6669587811882347, 'eta_learning': 2.317131931914531, 'sigma_boundary': 6.795435268843151, 'alpha': 0.8826704867100903}. Best is trial 112 with value: 0.48066341320365236.
[I 2026-03-06 03:49:29,715] Trial 175 finished with value: 0.6344672881847034 and parameters: {'sigma_noise': 0.2739159002332372, 'A_repulsion': 0.2629250375206282, 'gamma': 0.9484139182173665, 'sigma_update': 0.663430556160723, 'eta_learning': 1.9253277093292773, 'sigma_boundary': 5.100456732059201, 'alpha': 0.8591335421198825}. Best is trial 112 with value: 0.48066341320365236.
[I 2026-03-06 03:49:30,170] Trial 177 finished with value: 0.6593467932940662 and parameters: {'sigma_noise': 0.2773520835575155, 'A_repulsion': 0.2626559754948836, 'gamma': 0.9477990670449054, 'sigma_update': 0.6682907802169803, 'eta_learning': 2.2964096351043692, 'sigma_boundary': 6.795707228320757, 'alpha': 0.878390386604202}. Best is trial 112 with value: 0.48066341320365236.
[I 2026-03-06 03:49:31,493] Trial 178 finished with value: 0.6585154163175284 and parameters: {'sigma_noise': 0.27455843620176085, 'A_repulsion': 0.2649433309351726, 'gamma': 0.9505171555622105, 'sigma_update': 0.6714448056311794, 'eta_learning': 2.2746938353701442, 'sigma_boundary': 6.745866715545215, 'alpha': 0.8739704079847542}. Best is trial 112 with value: 0.48066341320365236.
[I 2026-03-06 03:49:33,126] Trial 181 finished with value: 0.8335547313877014 and parameters: {'sigma_noise': 0.27049201688701263, 'A_repulsion': 0.243473333187951, 'gamma': 0.9565947567641333, 'sigma_update': 0.6699739746322085, 'eta_learning': 2.3485641615657213, 'sigma_boundary': 8.38508630108666, 'alpha': 0.5245088668534119}. Best is trial 112 with value: 0.48066341320365236.
[I 2026-03-06 03:49:33,820] Trial 179 finished with value: 0.7264552329729839 and parameters: {'sigma_noise': 0.27612030886581035, 'A_repulsion': 0.24492307674310984, 'gamma': 0.9499132882723917, 'sigma_update': 0.6631949339550718, 'eta_learning': 2.3111702372261753, 'sigma_boundary': 6.774788856848578, 'alpha': 0.5765622877985115}. Best is trial 112 with value: 0.48066341320365236.
[I 2026-03-06 03:49:34,023] Trial 180 finished with value: 0.7342195273843246 and parameters: {'sigma_noise': 0.27973191687382915, 'A_repulsion': 0.24600849505377087, 'gamma': 0.9554097137455619, 'sigma_update': 0.6695147717671172, 'eta_learning': 2.2499052605237475, 'sigma_boundary': 6.754255649340377, 'alpha': 0.5494588581430859}. Best is trial 112 with value: 0.48066341320365236.
[I 2026-03-06 03:49:36,951] Trial 182 finished with value: 0.6585154163175284 and parameters: {'sigma_noise': 0.27952349506499025, 'A_repulsion': 0.24390617686975266, 'gamma': 0.9583450438834563, 'sigma_update': 0.6686892295932426, 'eta_learning': 2.2885477922492776, 'sigma_boundary': 8.412762224202902, 'alpha': 0.8692439384113402}. Best is trial 112 with value: 0.48066341320365236.
[I 2026-03-06 03:49:37,842] Trial 184 finished with value: 0.6344672881847034 and parameters: {'sigma_noise': 0.27543698313681503, 'A_repulsion': 0.24649892108027152, 'gamma': 0.9322220258437665, 'sigma_update': 0.6701604420502636, 'eta_learning': 2.257575877990081, 'sigma_boundary': 7.129784589238135, 'alpha': 0.8624594109628453}. Best is trial 112 with value: 0.48066341320365236.
[I 2026-03-06 03:49:39,043] Trial 183 finished with value: 0.7460411700966307 and parameters: {'sigma_noise': 0.27775324900198156, 'A_repulsion': 0.24922901707802758, 'gamma': 0.9334043479383306, 'sigma_update': 0.6639510434646614, 'eta_learning': 2.295900132110441, 'sigma_boundary': 6.73198305383239, 'alpha': 0.5467762797307752}. Best is trial 112 with value: 0.48066341320365236.
[I 2026-03-06 03:49:41,718] Trial 185 finished with value: 0.6000629100766213 and parameters: {'sigma_noise': 0.275938083813761, 'A_repulsion': 0.24533951405786047, 'gamma': 0.9309309848370582, 'sigma_update': 0.6728798964631888, 'eta_learning': 1.2209694761583232, 'sigma_boundary': 6.7503810219845155, 'alpha': 0.8679929291226369}. Best is trial 112 with value: 0.48066341320365236.
[I 2026-03-06 03:49:43,928] Trial 186 finished with value: 0.7460411700966307 and parameters: {'sigma_noise': 0.27632566926210306, 'A_repulsion': 0.24567778896535525, 'gamma': 0.932124452164763, 'sigma_update': 0.6655259311668915, 'eta_learning': 1.2039425169467348, 'sigma_boundary': 6.753452147800589, 'alpha': 0.5554565648867255}. Best is trial 112 with value: 0.48066341320365236.
[I 2026-03-06 03:49:45,975] Trial 187 finished with value: 0.6344672881847034 and parameters: {'sigma_noise': 0.27287616181481983, 'A_repulsion': 0.24503782254054743, 'gamma': 0.9621459986397068, 'sigma_update': 0.670558950175064, 'eta_learning': 2.324077974786297, 'sigma_boundary': 8.360263028112344, 'alpha': 0.8348872768926676}. Best is trial 112 with value: 0.48066341320365236.
[I 2026-03-06 03:49:52,202] Trial 188 finished with value: 0.7958384484337546 and parameters: {'sigma_noise': 0.27570516395224604, 'A_repulsion': 0.24160693308832404, 'gamma': 0.9309275308215504, 'sigma_update': 0.6745770605156313, 'eta_learning': 1.2158856586876048, 'sigma_boundary': 8.551838792480288, 'alpha': 0.5443094800544286}. Best is trial 112 with value: 0.48066341320365236.
[I 2026-03-06 03:49:55,978] Trial 190 finished with value: 0.6000629100766213 and parameters: {'sigma_noise': 0.27500330298580766, 'A_repulsion': 0.2456771911671091, 'gamma': 0.9294538097086168, 'sigma_update': 0.6720192174856111, 'eta_learning': 2.384173907841668, 'sigma_boundary': 6.726310254118573, 'alpha': 0.8772610282087363}. Best is trial 112 with value: 0.48066341320365236.
[I 2026-03-06 03:49:56,849] Trial 189 finished with value: 0.6000629100766213 and parameters: {'sigma_noise': 0.2760053002103288, 'A_repulsion': 0.2484358347760444, 'gamma': 0.9283386784176525, 'sigma_update': 0.6725694114149341, 'eta_learning': 2.3759908357194996, 'sigma_boundary': 6.70684240334681, 'alpha': 0.8623454169460419}. Best is trial 112 with value: 0.48066341320365236.
[I 2026-03-06 03:49:58,789] Trial 191 finished with value: 0.7840168057214486 and parameters: {'sigma_noise': 0.2744164605609082, 'A_repulsion': 0.24516209563569513, 'gamma': 0.929590784190837, 'sigma_update': 0.6742402152864371, 'eta_learning': 1.4522470148340154, 'sigma_boundary': 6.795566694762908, 'alpha': 0.5393076882769332}. Best is trial 112 with value: 0.48066341320365236.
[I 2026-03-06 03:50:00,677] Trial 193 finished with value: 0.6000629100766213 and parameters: {'sigma_noise': 0.2765721543685619, 'A_repulsion': 0.24579658839281776, 'gamma': 0.9335576894029034, 'sigma_update': 0.6715127229790532, 'eta_learning': 1.2187360337704336, 'sigma_boundary': 8.300004496424878, 'alpha': 0.8640411728781598}. Best is trial 112 with value: 0.48066341320365236.
[I 2026-03-06 03:50:02,021] Trial 192 finished with value: 0.6000629100766213 and parameters: {'sigma_noise': 0.27448047223300137, 'A_repulsion': 0.25102492868773435, 'gamma': 0.93188252131087, 'sigma_update': 0.6691635088710348, 'eta_learning': 1.2430874946415431, 'sigma_boundary': 8.310928646555372, 'alpha': 0.8620977316681911}. Best is trial 112 with value: 0.48066341320365236.
[I 2026-03-06 03:50:03,165] Trial 194 finished with value: 0.6000629100766213 and parameters: {'sigma_noise': 0.2757546428920009, 'A_repulsion': 0.24618432058921585, 'gamma': 0.9300403544295409, 'sigma_update': 0.6710403728670968, 'eta_learning': 1.4409502420728497, 'sigma_boundary': 6.846670308901888, 'alpha': 0.8752855402001273}. Best is trial 112 with value: 0.48066341320365236.
[I 2026-03-06 03:50:07,502] Trial 195 finished with value: 0.8627586463445772 and parameters: {'sigma_noise': 0.2706348776867056, 'A_repulsion': 0.2564082473892871, 'gamma': 0.9288403336659687, 'sigma_update': 0.6725369382245807, 'eta_learning': 1.2153468217688546, 'sigma_boundary': 8.902320698138398, 'alpha': 0.523564759166496}. Best is trial 112 with value: 0.48066341320365236.
[I 2026-03-06 03:50:08,424] Trial 197 finished with value: 0.6109516261346921 and parameters: {'sigma_noise': 0.2720168844681705, 'A_repulsion': 0.24640105171204832, 'gamma': 0.9251278611838369, 'sigma_update': 0.6766812569898066, 'eta_learning': 1.2643733876259433, 'sigma_boundary': 8.359850530068325, 'alpha': 0.9072977875606971}. Best is trial 112 with value: 0.48066341320365236.
[I 2026-03-06 03:50:08,500] Trial 196 finished with value: 0.6000629100766213 and parameters: {'sigma_noise': 0.27722824046108996, 'A_repulsion': 0.24667535674974883, 'gamma': 0.925294564916627, 'sigma_update': 0.6694667615112728, 'eta_learning': 1.2196219797912735, 'sigma_boundary': 8.283391601040533, 'alpha': 0.8571333534390618}. Best is trial 112 with value: 0.48066341320365236.
[I 2026-03-06 03:50:09,522] Trial 198 finished with value: 0.624942415185984 and parameters: {'sigma_noise': 0.27721406231576684, 'A_repulsion': 0.25077220413782997, 'gamma': 0.9396443524769854, 'sigma_update': 0.6729987702158499, 'eta_learning': 1.209058127482909, 'sigma_boundary': 8.306503544936158, 'alpha': 0.9002133035798789}. Best is trial 112 with value: 0.48066341320365236.
[I 2026-03-06 03:50:09,909] Trial 199 finished with value: 0.5643440666875923 and parameters: {'sigma_noise': 0.27557125580554526, 'A_repulsion': 0.24545484966218634, 'gamma': 0.9243795342547353, 'sigma_update': 0.6748515671594721, 'eta_learning': 1.4739481527588432, 'sigma_boundary': 8.305465385509434, 'alpha': 0.8328610829149465}. Best is trial 112 with value: 0.48066341320365236.
[I 2026-03-06 03:50:13,646] A new study created in memory with name: no-name-7e948d7b-7022-481a-a0dc-a70aae45a158
[I 2026-03-06 03:52:35,703] Trial 9 finished with value: 0.43050236181444823 and parameters: {'sigma_noise': 0.09573605518880482, 'A_repulsion': 0.06697869815167656, 'gamma': 0.947164568120018, 'sigma_update': 0.24541175836400972, 'eta_learning': 1.62734348051701, 'sigma_boundary': 5.616161526218022, 'alpha': 0.6218636388635894}. Best is trial 9 with value: 0.43050236181444823.
[I 2026-03-06 03:52:46,711] Trial 34 finished with value: 0.27563727768854696 and parameters: {'sigma_noise': 0.13809703532996404, 'A_repulsion': 0.04142084938599738, 'gamma': 0.9198817720297174, 'sigma_update': 0.4195393249884062, 'eta_learning': 1.7626054771346724, 'sigma_boundary': 4.749977094033551, 'alpha': 0.8286488940298723}. Best is trial 34 with value: 0.27563727768854696.
[I 2026-03-06 03:52:48,700] Trial 37 finished with value: 0.427125213858089 and parameters: {'sigma_noise': 0.16388689659476158, 'A_repulsion': 0.017097443868919537, 'gamma': 0.40681285844499876, 'sigma_update': 0.3802820764448913, 'eta_learning': 2.992925304243202, 'sigma_boundary': 2.0958261669837563, 'alpha': 0.9743664135599954}. Best is trial 34 with value: 0.27563727768854696.
[I 2026-03-06 03:52:49,021] Trial 36 finished with value: 0.40712930668069436 and parameters: {'sigma_noise': 0.09451492879956405, 'A_repulsion': 0.18749294556040685, 'gamma': 0.03053927239054867, 'sigma_update': 0.22715901621358447, 'eta_learning': 1.316708611964631, 'sigma_boundary': 4.322785660372396, 'alpha': 0.530399644772744}. Best is trial 34 with value: 0.27563727768854696.
[I 2026-03-06 03:52:58,582] Trial 12 finished with value: 0.4177145564590718 and parameters: {'sigma_noise': 0.10396480240223133, 'A_repulsion': 0.19781892712120375, 'gamma': 0.9407905094588808, 'sigma_update': 0.6156419450727441, 'eta_learning': 2.5929543536899926, 'sigma_boundary': 1.7688759130865903, 'alpha': 0.9759857529983536}. Best is trial 34 with value: 0.27563727768854696.
[I 2026-03-06 03:52:58,758] Trial 7 finished with value: 0.32703929041003926 and parameters: {'sigma_noise': 0.1737571803076218, 'A_repulsion': 0.08498484230845921, 'gamma': 0.29199345740908544, 'sigma_update': 0.19464513350601606, 'eta_learning': 2.3786422651516816, 'sigma_boundary': 2.071248983260781, 'alpha': 0.49423950849507126}. Best is trial 34 with value: 0.27563727768854696.
[I 2026-03-06 03:53:08,442] Trial 35 finished with value: 0.6692070987181283 and parameters: {'sigma_noise': 0.15450391997447416, 'A_repulsion': 0.14478505752691662, 'gamma': 0.20849826268805904, 'sigma_update': 0.583585691002172, 'eta_learning': 2.7130216717989843, 'sigma_boundary': 9.867065020988049, 'alpha': 0.6135682050934106}. Best is trial 34 with value: 0.27563727768854696.
[I 2026-03-06 03:53:12,886] Trial 18 finished with value: 1.6121856861329695 and parameters: {'sigma_noise': 0.15533311893764362, 'A_repulsion': 0.20650147732387786, 'gamma': 0.32850535957643573, 'sigma_update': 0.4689096249824143, 'eta_learning': 2.421162476801062, 'sigma_boundary': 2.454144533463109, 'alpha': 0.2088433412182974}. Best is trial 34 with value: 0.27563727768854696.
[I 2026-03-06 03:53:33,580] Trial 32 finished with value: 2.190282272361202 and parameters: {'sigma_noise': 0.11761067468860041, 'A_repulsion': 0.4047018441622657, 'gamma': 0.19412494683460277, 'sigma_update': 0.3421123639760835, 'eta_learning': 0.7832346249000672, 'sigma_boundary': 9.421581568805099, 'alpha': 0.08628884444376961}. Best is trial 34 with value: 0.27563727768854696.
[I 2026-03-06 03:53:34,509] Trial 4 finished with value: 1.1966495928410086 and parameters: {'sigma_noise': 0.25677700210840243, 'A_repulsion': 0.1084546023183115, 'gamma': 0.7206542451712148, 'sigma_update': 0.6157575343010452, 'eta_learning': 2.5917150134144302, 'sigma_boundary': 0.7736335056641008, 'alpha': 0.28228335828055495}. Best is trial 34 with value: 0.27563727768854696.
[I 2026-03-06 03:53:39,507] Trial 23 finished with value: 0.4342048879912779 and parameters: {'sigma_noise': 0.12721348425148796, 'A_repulsion': 0.41352996759801525, 'gamma': 0.6695869435108879, 'sigma_update': 0.17618412207881715, 'eta_learning': 0.911916559263439, 'sigma_boundary': 7.529435741130425, 'alpha': 0.9281703753491924}. Best is trial 34 with value: 0.27563727768854696.
[I 2026-03-06 03:53:40,209] Trial 22 finished with value: 0.7453374607395274 and parameters: {'sigma_noise': 0.23960607775868092, 'A_repulsion': 0.14284223094158072, 'gamma': 0.06665672181591155, 'sigma_update': 0.4558555954344081, 'eta_learning': 0.917156729497182, 'sigma_boundary': 0.06539524192129033, 'alpha': 0.25003709680102904}. Best is trial 34 with value: 0.27563727768854696.
[I 2026-03-06 03:53:42,774] Trial 27 finished with value: 1.8503280961151327 and parameters: {'sigma_noise': 0.18410339167057338, 'A_repulsion': 0.26825277160628397, 'gamma': 0.7042427971739698, 'sigma_update': 0.46438322886032546, 'eta_learning': 2.5378760307451103, 'sigma_boundary': 5.5015668057237965, 'alpha': 0.20925021241442376}. Best is trial 34 with value: 0.27563727768854696.
[I 2026-03-06 03:53:43,319] Trial 31 finished with value: 0.3567389475386208 and parameters: {'sigma_noise': 0.1216017198038819, 'A_repulsion': 0.4471605382278567, 'gamma': 0.15404555606791515, 'sigma_update': 0.23183447108320807, 'eta_learning': 1.5849576882100782, 'sigma_boundary': 9.116125427642235, 'alpha': 0.9016438514847264}. Best is trial 34 with value: 0.27563727768854696.
[I 2026-03-06 03:53:45,563] Trial 39 finished with value: 0.5429060013137954 and parameters: {'sigma_noise': 0.36415086556779813, 'A_repulsion': 0.010523643893774692, 'gamma': 0.5562002177111203, 'sigma_update': 0.41917973499929956, 'eta_learning': 2.1700006079171863, 'sigma_boundary': 3.41153613307814, 'alpha': 0.9923431859241035}. Best is trial 34 with value: 0.27563727768854696.
[I 2026-03-06 03:53:51,908] Trial 29 finished with value: 0.737379960218369 and parameters: {'sigma_noise': 0.2513159507099154, 'A_repulsion': 0.14724103621149676, 'gamma': 0.15975230989935907, 'sigma_update': 0.18286398790964284, 'eta_learning': 1.6228431863059825, 'sigma_boundary': 4.041847865976424, 'alpha': 0.3147534099364485}. Best is trial 34 with value: 0.27563727768854696.
[I 2026-03-06 03:53:57,891] Trial 17 finished with value: 0.3902478475278073 and parameters: {'sigma_noise': 0.1682449022360112, 'A_repulsion': 0.3265325094160448, 'gamma': 0.4499072194977398, 'sigma_update': 0.275619548369191, 'eta_learning': 0.6459580767771783, 'sigma_boundary': 4.969314141307222, 'alpha': 0.8787658698821894}. Best is trial 34 with value: 0.27563727768854696.
[I 2026-03-06 03:54:02,173] Trial 24 finished with value: 0.4975716341434468 and parameters: {'sigma_noise': 0.26629973678004093, 'A_repulsion': 0.1826338479084227, 'gamma': 0.08673248131482225, 'sigma_update': 0.320139426691903, 'eta_learning': 2.9853997845165057, 'sigma_boundary': 4.959647815465917, 'alpha': 0.6100372673101798}. Best is trial 34 with value: 0.27563727768854696.
[I 2026-03-06 03:54:02,844] Trial 38 finished with value: 0.504851778821404 and parameters: {'sigma_noise': 0.20848686419996815, 'A_repulsion': 0.2588044420684905, 'gamma': 0.37411599711001253, 'sigma_update': 0.5990956608364004, 'eta_learning': 1.0226674775238953, 'sigma_boundary': 0.17389210610590428, 'alpha': 0.45179816965351616}. Best is trial 34 with value: 0.27563727768854696.
[I 2026-03-06 03:54:05,665] Trial 26 finished with value: 1.0762667877227132 and parameters: {'sigma_noise': 0.3657937350964721, 'A_repulsion': 0.0576607395044218, 'gamma': 0.5387222534188519, 'sigma_update': 0.48984514974989357, 'eta_learning': 2.165027106025907, 'sigma_boundary': 5.956259181191741, 'alpha': 0.4288276457762421}. Best is trial 34 with value: 0.27563727768854696.
[I 2026-03-06 03:54:09,188] Trial 33 finished with value: 0.4833045834218742 and parameters: {'sigma_noise': 0.2556088238860838, 'A_repulsion': 0.18174625899507885, 'gamma': 0.5300906850448629, 'sigma_update': 0.6230819569358732, 'eta_learning': 2.389437953783705, 'sigma_boundary': 5.088717685379574, 'alpha': 0.8929953441342261}. Best is trial 34 with value: 0.27563727768854696.
[I 2026-03-06 03:54:10,630] Trial 28 finished with value: 0.5326960102252898 and parameters: {'sigma_noise': 0.33032965197494857, 'A_repulsion': 0.07254213079060151, 'gamma': 0.4259195162167156, 'sigma_update': 0.600212041949115, 'eta_learning': 0.06899761301655866, 'sigma_boundary': 3.5422505517758514, 'alpha': 0.045841375222652525}. Best is trial 34 with value: 0.27563727768854696.
[I 2026-03-06 03:54:14,722] Trial 16 finished with value: 0.7085792235718595 and parameters: {'sigma_noise': 0.37626113255289184, 'A_repulsion': 0.0362579448169984, 'gamma': 0.6479229721709315, 'sigma_update': 0.34342586114795837, 'eta_learning': 0.10158492549860627, 'sigma_boundary': 5.66083689132123, 'alpha': 0.10135222466739024}. Best is trial 34 with value: 0.27563727768854696.
[I 2026-03-06 03:54:22,891] Trial 10 finished with value: 0.6321996071705983 and parameters: {'sigma_noise': 0.3242565072625442, 'A_repulsion': 0.11669746979626411, 'gamma': 0.7563270767044983, 'sigma_update': 0.6572367667871866, 'eta_learning': 0.1347708970813026, 'sigma_boundary': 7.998305517636662, 'alpha': 0.1601456921685782}. Best is trial 34 with value: 0.27563727768854696.
[I 2026-03-06 03:54:23,216] Trial 25 finished with value: 2.608548563169422 and parameters: {'sigma_noise': 0.3674320759774244, 'A_repulsion': 0.08903502678617708, 'gamma': 0.5602611780721726, 'sigma_update': 0.17532451910982755, 'eta_learning': 2.640118207405404, 'sigma_boundary': 9.50721228183193, 'alpha': 0.10063929785730519}. Best is trial 34 with value: 0.27563727768854696.
[I 2026-03-06 03:54:27,905] Trial 6 finished with value: 0.5615327341415509 and parameters: {'sigma_noise': 0.21977987616985573, 'A_repulsion': 0.39787619291294196, 'gamma': 0.2778602998921882, 'sigma_update': 0.2597014354806877, 'eta_learning': 0.09328902601903936, 'sigma_boundary': 3.7751043403792277, 'alpha': 0.15477038778847418}. Best is trial 34 with value: 0.27563727768854696.
