[I 2026-03-25 03:43:27,113] A new study created in memory with name: no-name-7934427b-6afe-4763-9459-badde15481c3
[I 2026-03-25 03:44:29,611] Trial 12 finished with value: 0.067197215895539 and parameters: {'sigma_noise': 0.1381573595725134, 'A_repulsion': 0.1020812317924224, 'gamma': 0.6113020978465671, 'sigma_update': 0.2122536035981347, 'eta_learning': 0.5239544435674546, 'sigma_boundary': 9.734056630303021, 'alpha': 0.8969757369217718}. Best is trial 12 with value: 0.067197215895539.
[I 2026-03-25 03:44:31,595] Trial 15 finished with value: 0.05672675198884493 and parameters: {'sigma_noise': 0.15724152124481847, 'A_repulsion': 0.17791132576709662, 'gamma': 0.599522470476871, 'sigma_update': 0.5720626593962875, 'eta_learning': 0.1503910155892095, 'sigma_boundary': 3.46060709112717, 'alpha': 0.48614379175016453}. Best is trial 15 with value: 0.05672675198884493.
[I 2026-03-25 03:44:33,353] Trial 3 finished with value: 0.09114253903152948 and parameters: {'sigma_noise': 0.06062572206373957, 'A_repulsion': 0.44380690259249833, 'gamma': 0.7630246513442146, 'sigma_update': 0.1326061998865045, 'eta_learning': 0.043546375722061666, 'sigma_boundary': 2.2357448460220266, 'alpha': 0.4384066599616754}. Best is trial 15 with value: 0.05672675198884493.
[I 2026-03-25 03:44:33,799] Trial 14 finished with value: 0.09147496547697366 and parameters: {'sigma_noise': 0.32068073436345274, 'A_repulsion': 0.04200537293482032, 'gamma': 0.9502878857854581, 'sigma_update': 0.3652846600282425, 'eta_learning': 0.7306397471643215, 'sigma_boundary': 9.927403638429709, 'alpha': 0.8967964508843069}. Best is trial 15 with value: 0.05672675198884493.
[I 2026-03-25 03:44:33,959] Trial 4 finished with value: 0.2348294955168641 and parameters: {'sigma_noise': 0.2412152651733102, 'A_repulsion': 0.018151517835262587, 'gamma': 0.183747147137711, 'sigma_update': 0.47027714729273606, 'eta_learning': 0.4412960554548666, 'sigma_boundary': 9.71476637164378, 'alpha': 0.23043548796739122}. Best is trial 15 with value: 0.05672675198884493.
[I 2026-03-25 03:44:34,727] Trial 19 finished with value: 0.12001105376057804 and parameters: {'sigma_noise': 0.02320469554559871, 'A_repulsion': 0.4047092726559054, 'gamma': 0.7052422263322955, 'sigma_update': 0.042287415392436516, 'eta_learning': 0.974690645910436, 'sigma_boundary': 8.136948908815349, 'alpha': 0.9689148991299753}. Best is trial 15 with value: 0.05672675198884493.
[I 2026-03-25 03:44:35,875] Trial 7 finished with value: 0.07621325799093441 and parameters: {'sigma_noise': 0.056321292576175394, 'A_repulsion': 0.3807881146386593, 'gamma': 0.9653586232764697, 'sigma_update': 0.23743382595886517, 'eta_learning': 0.722505567473629, 'sigma_boundary': 2.6892103203293978, 'alpha': 0.7211742259829284}. Best is trial 15 with value: 0.05672675198884493.
[I 2026-03-25 03:44:36,408] Trial 16 finished with value: 0.07861108457607546 and parameters: {'sigma_noise': 0.04887672480333765, 'A_repulsion': 0.44862522845642366, 'gamma': 0.42061821211876044, 'sigma_update': 0.2789828816260647, 'eta_learning': 0.9358623968288072, 'sigma_boundary': 6.537581468282165, 'alpha': 0.9336174458129591}. Best is trial 15 with value: 0.05672675198884493.
[I 2026-03-25 03:44:38,163] Trial 6 finished with value: 0.5350051771935915 and parameters: {'sigma_noise': 0.24240494468285492, 'A_repulsion': 0.16858844236074777, 'gamma': 0.9147647802460612, 'sigma_update': 0.2848964535290219, 'eta_learning': 0.544155795196957, 'sigma_boundary': 8.232943286030414, 'alpha': 0.10251370130488435}. Best is trial 15 with value: 0.05672675198884493.
[I 2026-03-25 03:44:42,260] Trial 5 finished with value: 0.09894547842876836 and parameters: {'sigma_noise': 0.2994436139642565, 'A_repulsion': 0.0643863123399035, 'gamma': 0.16981249595959702, 'sigma_update': 0.1047207291513963, 'eta_learning': 0.31799761287697026, 'sigma_boundary': 7.301356741257934, 'alpha': 0.3076296378716219}. Best is trial 15 with value: 0.05672675198884493.
[I 2026-03-25 03:44:43,287] Trial 20 finished with value: 0.5760639869514149 and parameters: {'sigma_noise': 0.15773063608116594, 'A_repulsion': 0.4445429061117089, 'gamma': 0.37760449205970775, 'sigma_update': 0.18524616372214187, 'eta_learning': 0.8838580532478055, 'sigma_boundary': 4.038537359927312, 'alpha': 0.10759676632430548}. Best is trial 15 with value: 0.05672675198884493.
[I 2026-03-25 03:44:44,114] Trial 21 finished with value: 0.0738230158196772 and parameters: {'sigma_noise': 0.27136847727102237, 'A_repulsion': 0.07239678768170904, 'gamma': 0.09788045407267308, 'sigma_update': 0.1540800817321038, 'eta_learning': 0.23160788649803507, 'sigma_boundary': 8.583065826669346, 'alpha': 0.5660275795783918}. Best is trial 15 with value: 0.05672675198884493.
[I 2026-03-25 03:44:45,341] Trial 13 finished with value: 0.5792806951878008 and parameters: {'sigma_noise': 0.3117240952291777, 'A_repulsion': 0.2151006978251313, 'gamma': 0.10211736236575547, 'sigma_update': 0.1860678087382542, 'eta_learning': 0.5206547651486698, 'sigma_boundary': 6.247608035775333, 'alpha': 0.02320261279614899}. Best is trial 15 with value: 0.05672675198884493.
[I 2026-03-25 03:44:52,921] Trial 18 finished with value: 0.19446060980444008 and parameters: {'sigma_noise': 0.31384371543335926, 'A_repulsion': 0.20799824304317865, 'gamma': 0.3275378874038569, 'sigma_update': 0.673779142737084, 'eta_learning': 0.6313176769306392, 'sigma_boundary': 5.543893464908521, 'alpha': 0.9370628724671273}. Best is trial 15 with value: 0.05672675198884493.
[I 2026-03-25 03:44:53,764] Trial 17 finished with value: 0.35326498129721073 and parameters: {'sigma_noise': 0.3153264844016485, 'A_repulsion': 0.18834593112294185, 'gamma': 0.6468326271690611, 'sigma_update': 0.10974847882904451, 'eta_learning': 0.659684941186568, 'sigma_boundary': 8.236928648374299, 'alpha': 0.34719172580097035}. Best is trial 15 with value: 0.05672675198884493.
[I 2026-03-25 03:44:54,582] Trial 9 finished with value: 0.32235492762412116 and parameters: {'sigma_noise': 0.14626190897422645, 'A_repulsion': 0.4609486136565035, 'gamma': 0.18106892206662606, 'sigma_update': 0.3059455385981699, 'eta_learning': 0.34519431986918375, 'sigma_boundary': 8.198259255431156, 'alpha': 0.08380580385315217}. Best is trial 15 with value: 0.05672675198884493.
[I 2026-03-25 03:44:57,116] Trial 8 finished with value: 0.40640305724633735 and parameters: {'sigma_noise': 0.4395261301272764, 'A_repulsion': 0.055063825476525996, 'gamma': 0.3585023125689472, 'sigma_update': 0.26453409871260164, 'eta_learning': 0.29912729494246726, 'sigma_boundary': 7.6902651512958276, 'alpha': 0.09212624003213221}. Best is trial 15 with value: 0.05672675198884493.
[I 2026-03-25 03:45:00,058] Trial 22 finished with value: 0.18490401156402644 and parameters: {'sigma_noise': 0.34356238358442526, 'A_repulsion': 0.175258255149022, 'gamma': 0.1702821241281499, 'sigma_update': 0.36052731129200777, 'eta_learning': 0.9128584520173795, 'sigma_boundary': 4.59522857605606, 'alpha': 0.44385616778964765}. Best is trial 15 with value: 0.05672675198884493.
[I 2026-03-25 03:45:01,291] Trial 11 finished with value: 0.1756162782727293 and parameters: {'sigma_noise': 0.30767754260273356, 'A_repulsion': 0.3455392708588649, 'gamma': 0.08736281553108695, 'sigma_update': 0.6045466513106379, 'eta_learning': 0.29581895778002837, 'sigma_boundary': 6.27363324597762, 'alpha': 0.8697594622138654}. Best is trial 15 with value: 0.05672675198884493.
[I 2026-03-25 03:45:01,717] Trial 2 finished with value: 0.09950964552215562 and parameters: {'sigma_noise': 0.3618476979458087, 'A_repulsion': 0.30779889276415684, 'gamma': 0.6410924781261877, 'sigma_update': 0.30854925761551, 'eta_learning': 0.91543716049833, 'sigma_boundary': 1.9983753842313619, 'alpha': 0.8553164715768355}. Best is trial 15 with value: 0.05672675198884493.
[I 2026-03-25 03:45:03,923] Trial 10 finished with value: 0.16821645099180832 and parameters: {'sigma_noise': 0.3675687080531314, 'A_repulsion': 0.3090717541069859, 'gamma': 0.46927271033225115, 'sigma_update': 0.500247848016522, 'eta_learning': 0.5261344755050062, 'sigma_boundary': 0.3038062554873455, 'alpha': 0.6139823221860594}. Best is trial 15 with value: 0.05672675198884493.
[I 2026-03-25 03:45:09,569] Trial 1 finished with value: 0.2954108065080504 and parameters: {'sigma_noise': 0.33343908935713357, 'A_repulsion': 0.3958635751413273, 'gamma': 0.23163860856343166, 'sigma_update': 0.012686813405604073, 'eta_learning': 0.38017276756065377, 'sigma_boundary': 8.044708096532322, 'alpha': 0.7575802008301367}. Best is trial 15 with value: 0.05672675198884493.
[I 2026-03-25 03:45:14,301] Trial 23 finished with value: 0.13442373505315966 and parameters: {'sigma_noise': 0.43082455780068596, 'A_repulsion': 0.28361956914430253, 'gamma': 0.19221690188773388, 'sigma_update': 0.1353751346756239, 'eta_learning': 0.21680667898372635, 'sigma_boundary': 1.3226642569050162, 'alpha': 0.7912139843203192}. Best is trial 15 with value: 0.05672675198884493.
[I 2026-03-25 03:45:35,226] Trial 0 finished with value: 0.11351822436827856 and parameters: {'sigma_noise': 0.4491776896278959, 'A_repulsion': 0.46570884883278074, 'gamma': 0.9609089507294559, 'sigma_update': 0.12345935949119995, 'eta_learning': 0.14165970450916446, 'sigma_boundary': 2.675085138993064, 'alpha': 0.7733937484789415}. Best is trial 15 with value: 0.05672675198884493.
[I 2026-03-25 03:45:36,909] Trial 27 finished with value: 0.06073635970170907 and parameters: {'sigma_noise': 0.028138235828862983, 'A_repulsion': 0.3042231063561715, 'gamma': 0.28082017170267176, 'sigma_update': 0.6655945609640699, 'eta_learning': 0.48392615385646054, 'sigma_boundary': 9.019495752755777, 'alpha': 0.7464184256267358}. Best is trial 15 with value: 0.05672675198884493.
[I 2026-03-25 03:45:41,396] Trial 24 finished with value: 0.08240359780967894 and parameters: {'sigma_noise': 0.1310566788134246, 'A_repulsion': 0.14861605302199749, 'gamma': 0.866669029122837, 'sigma_update': 0.19703182349785078, 'eta_learning': 0.30425864376937567, 'sigma_boundary': 1.8838303169354382, 'alpha': 0.3389440349854995}. Best is trial 15 with value: 0.05672675198884493.
[I 2026-03-25 03:45:41,449] Trial 25 finished with value: 0.07419769156792808 and parameters: {'sigma_noise': 0.15730572540901377, 'A_repulsion': 0.18490502888381105, 'gamma': 0.8758019173110374, 'sigma_update': 0.5002207893257388, 'eta_learning': 0.6886537803738814, 'sigma_boundary': 5.122238831669345, 'alpha': 0.8970980380898059}. Best is trial 15 with value: 0.05672675198884493.
[I 2026-03-25 03:45:45,486] Trial 31 finished with value: 0.07420892896300627 and parameters: {'sigma_noise': 0.16170573517391457, 'A_repulsion': 0.18162936882386616, 'gamma': 0.42872318184377056, 'sigma_update': 0.34041726889376983, 'eta_learning': 0.8474820976744634, 'sigma_boundary': 4.014693441255232, 'alpha': 0.9574886585195976}. Best is trial 15 with value: 0.05672675198884493.
[I 2026-03-25 03:45:45,673] Trial 32 finished with value: 0.07859100917135281 and parameters: {'sigma_noise': 0.1853774327174295, 'A_repulsion': 0.07916877287415697, 'gamma': 0.8452432450982934, 'sigma_update': 0.102867658666608, 'eta_learning': 0.3912078286752426, 'sigma_boundary': 2.3258500257133443, 'alpha': 0.5400343546747929}. Best is trial 15 with value: 0.05672675198884493.
[I 2026-03-25 03:45:56,068] Trial 28 finished with value: 0.1129205265036977 and parameters: {'sigma_noise': 0.40480990075862094, 'A_repulsion': 0.010681927380930822, 'gamma': 0.9099842646200961, 'sigma_update': 0.07983952463538113, 'eta_learning': 0.1961042200092551, 'sigma_boundary': 5.510382095420431, 'alpha': 0.8358493512797591}. Best is trial 15 with value: 0.05672675198884493.
[I 2026-03-25 03:45:56,538] Trial 26 finished with value: 0.5803969897887329 and parameters: {'sigma_noise': 0.2529818738051105, 'A_repulsion': 0.37528760789563725, 'gamma': 0.7439725564580828, 'sigma_update': 0.2921147338295471, 'eta_learning': 0.9393281429423809, 'sigma_boundary': 9.68111587437961, 'alpha': 0.06425237525284166}. Best is trial 15 with value: 0.05672675198884493.
[I 2026-03-25 03:45:59,656] Trial 30 finished with value: 0.5837764094749947 and parameters: {'sigma_noise': 0.30636923898533486, 'A_repulsion': 0.3187607752318493, 'gamma': 0.8780772168412976, 'sigma_update': 0.5668152249748372, 'eta_learning': 0.5577353751977056, 'sigma_boundary': 2.7878059502164887, 'alpha': 0.0558173998288094}. Best is trial 15 with value: 0.05672675198884493.
[I 2026-03-25 03:46:01,450] Trial 43 finished with value: 0.0501603740157146 and parameters: {'sigma_noise': 0.16447871312251353, 'A_repulsion': 0.11566899026924808, 'gamma': 0.5688958851034126, 'sigma_update': 0.4728093016354293, 'eta_learning': 0.04554048934569843, 'sigma_boundary': 0.9776588750437938, 'alpha': 0.6146754978938376}. Best is trial 43 with value: 0.0501603740157146.
[I 2026-03-25 03:46:02,794] Trial 36 finished with value: 0.07282806371845912 and parameters: {'sigma_noise': 0.1652169674477584, 'A_repulsion': 0.29673287068222004, 'gamma': 0.6126236103125161, 'sigma_update': 0.5758728877361067, 'eta_learning': 0.06017498778548924, 'sigma_boundary': 0.19979072828509103, 'alpha': 0.7402192675597902}. Best is trial 43 with value: 0.0501603740157146.
[I 2026-03-25 03:46:05,837] Trial 29 finished with value: 0.5802916100554567 and parameters: {'sigma_noise': 0.3656200362809004, 'A_repulsion': 0.23457717419075336, 'gamma': 0.169124178171446, 'sigma_update': 0.3788177200122656, 'eta_learning': 0.5119341556324842, 'sigma_boundary': 4.644206352062207, 'alpha': 0.11626182434482746}. Best is trial 43 with value: 0.0501603740157146.
[I 2026-03-25 03:46:07,962] Trial 44 finished with value: 0.048897050718580005 and parameters: {'sigma_noise': 0.1428367248755646, 'A_repulsion': 0.12102056859329544, 'gamma': 0.5663894187256677, 'sigma_update': 0.45577765596247594, 'eta_learning': 0.10425710653962561, 'sigma_boundary': 3.5510684606337852, 'alpha': 0.6246791837450281}. Best is trial 44 with value: 0.048897050718580005.
[I 2026-03-25 03:46:10,225] Trial 41 finished with value: 0.05217755890906528 and parameters: {'sigma_noise': 0.15593890490950915, 'A_repulsion': 0.27918090072906687, 'gamma': 0.5602353452689486, 'sigma_update': 0.5860745260493108, 'eta_learning': 0.0336373593973997, 'sigma_boundary': 0.41249987312659364, 'alpha': 0.6493582954391993}. Best is trial 44 with value: 0.048897050718580005.
[I 2026-03-25 03:46:13,199] Trial 34 finished with value: 0.15898024340493183 and parameters: {'sigma_noise': 0.4245880062411963, 'A_repulsion': 0.19668407870569468, 'gamma': 0.5982599976350451, 'sigma_update': 0.6928641624424289, 'eta_learning': 0.12345615412395979, 'sigma_boundary': 0.01048742079702425, 'alpha': 0.6546837291930546}. Best is trial 44 with value: 0.048897050718580005.
[I 2026-03-25 03:46:14,279] Trial 42 finished with value: 0.06683080253061459 and parameters: {'sigma_noise': 0.15986510024132933, 'A_repulsion': 0.3013784959188895, 'gamma': 0.5292829183911547, 'sigma_update': 0.47049113515905916, 'eta_learning': 0.048742049612440844, 'sigma_boundary': 0.7861937087196198, 'alpha': 0.6491388488758671}. Best is trial 44 with value: 0.048897050718580005.
[I 2026-03-25 03:46:14,749] Trial 45 finished with value: 0.055174071671211425 and parameters: {'sigma_noise': 0.15872285738727318, 'A_repulsion': 0.11458358144254002, 'gamma': 0.5333999146631963, 'sigma_update': 0.4266510144949039, 'eta_learning': 0.15012155666331067, 'sigma_boundary': 9.41954661900676, 'alpha': 0.6148800790150527}. Best is trial 44 with value: 0.048897050718580005.
[I 2026-03-25 03:46:18,532] Trial 40 finished with value: 0.052033769487637396 and parameters: {'sigma_noise': 0.1504546014959091, 'A_repulsion': 0.29474696731781774, 'gamma': 0.517702201280497, 'sigma_update': 0.591404928056533, 'eta_learning': 0.0425211956917024, 'sigma_boundary': 0.2416656096605898, 'alpha': 0.665609647741032}. Best is trial 44 with value: 0.048897050718580005.
[I 2026-03-25 03:46:20,285] Trial 46 finished with value: 0.053443415825723706 and parameters: {'sigma_noise': 0.16076288950726403, 'A_repulsion': 0.11801526937642634, 'gamma': 0.5399648295781002, 'sigma_update': 0.43907483455784224, 'eta_learning': 0.11258067267677495, 'sigma_boundary': 3.3889400958262383, 'alpha': 0.5848789861018481}. Best is trial 44 with value: 0.048897050718580005.
[I 2026-03-25 03:46:26,907] Trial 35 finished with value: 0.1541083747075931 and parameters: {'sigma_noise': 0.44594450433016003, 'A_repulsion': 0.22247345504828991, 'gamma': 0.5849626418668099, 'sigma_update': 0.6230088029944014, 'eta_learning': 0.02732081067022296, 'sigma_boundary': 5.079926396680585, 'alpha': 0.6191392272734464}. Best is trial 44 with value: 0.048897050718580005.
[I 2026-03-25 03:46:36,207] Trial 38 finished with value: 0.19160446096889616 and parameters: {'sigma_noise': 0.4274456594805046, 'A_repulsion': 0.3011815481810124, 'gamma': 0.5550824841275627, 'sigma_update': 0.5853603413181155, 'eta_learning': 0.011964579828695143, 'sigma_boundary': 0.036961755491609516, 'alpha': 0.65246690621382}. Best is trial 44 with value: 0.048897050718580005.
[I 2026-03-25 03:46:38,190] Trial 33 finished with value: 0.19721710548591048 and parameters: {'sigma_noise': 0.4476581579275325, 'A_repulsion': 0.2788782069264723, 'gamma': 0.3946615562456835, 'sigma_update': 0.6945559072640844, 'eta_learning': 0.05796173433893177, 'sigma_boundary': 0.0953628770453574, 'alpha': 0.6368990678589141}. Best is trial 44 with value: 0.048897050718580005.
[I 2026-03-25 03:46:40,295] Trial 37 finished with value: 0.14728753181093282 and parameters: {'sigma_noise': 0.4387487137140395, 'A_repulsion': 0.3048064433265544, 'gamma': 0.6249361712587399, 'sigma_update': 0.5819042070233129, 'eta_learning': 0.018980622518241674, 'sigma_boundary': 0.026154946829446857, 'alpha': 0.703868250318898}. Best is trial 44 with value: 0.048897050718580005.
[I 2026-03-25 03:46:41,366] Trial 39 finished with value: 0.1512284564002129 and parameters: {'sigma_noise': 0.4087334529887028, 'A_repulsion': 0.283125390135253, 'gamma': 0.5555026988976073, 'sigma_update': 0.5915635541557472, 'eta_learning': 0.05605038988840427, 'sigma_boundary': 0.3297532735799944, 'alpha': 0.6484663716634362}. Best is trial 44 with value: 0.048897050718580005.
[I 2026-03-25 03:46:42,509] Trial 48 finished with value: 0.06360835449178055 and parameters: {'sigma_noise': 0.1297596732372305, 'A_repulsion': 0.1191666475229296, 'gamma': 0.5544598242062131, 'sigma_update': 0.6995884487862352, 'eta_learning': 0.017849434473629744, 'sigma_boundary': 3.607902550983604, 'alpha': 0.6709173344540906}. Best is trial 44 with value: 0.048897050718580005.
[I 2026-03-25 03:46:47,223] Trial 47 finished with value: 0.06687800829552765 and parameters: {'sigma_noise': 0.15876832395554177, 'A_repulsion': 0.11968559797126732, 'gamma': 0.5711952636533643, 'sigma_update': 0.41772350109351547, 'eta_learning': 0.040078769008001947, 'sigma_boundary': 9.226913834233407, 'alpha': 0.5999739483356477}. Best is trial 44 with value: 0.048897050718580005.
[I 2026-03-25 03:46:47,918] Trial 51 finished with value: 0.06938889208641998 and parameters: {'sigma_noise': 0.10036001774715245, 'A_repulsion': 0.1153881342245143, 'gamma': 0.5265511515156361, 'sigma_update': 0.690616836756111, 'eta_learning': 0.017917380816177525, 'sigma_boundary': 9.035400265318989, 'alpha': 0.6599353524988238}. Best is trial 44 with value: 0.048897050718580005.
[I 2026-03-25 03:46:49,302] Trial 50 finished with value: 0.0653739012079576 and parameters: {'sigma_noise': 0.09639759471637982, 'A_repulsion': 0.12226783769026392, 'gamma': 0.5663903657700026, 'sigma_update': 0.6998983508307715, 'eta_learning': 0.44449825387968966, 'sigma_boundary': 9.152145627964062, 'alpha': 0.6644308759668424}. Best is trial 44 with value: 0.048897050718580005.
[I 2026-03-25 03:46:54,128] Trial 52 finished with value: 0.07200333415037964 and parameters: {'sigma_noise': 0.10100415076404021, 'A_repulsion': 0.11361700911991032, 'gamma': 0.5588882073638617, 'sigma_update': 0.6980973701633129, 'eta_learning': 0.02689542400823225, 'sigma_boundary': 9.169862034523414, 'alpha': 0.6838931671845125}. Best is trial 44 with value: 0.048897050718580005.
[I 2026-03-25 03:46:54,406] Trial 49 finished with value: 0.04884682367219978 and parameters: {'sigma_noise': 0.19418315982639964, 'A_repulsion': 0.13356847856616072, 'gamma': 0.5521417667827648, 'sigma_update': 0.5850942639640675, 'eta_learning': 0.04498464341373146, 'sigma_boundary': 3.653948212708258, 'alpha': 0.6441079442308981}. Best is trial 49 with value: 0.04884682367219978.
[I 2026-03-25 03:46:58,300] Trial 53 finished with value: 0.08698359790377977 and parameters: {'sigma_noise': 0.09739083691148373, 'A_repulsion': 0.13666616861053005, 'gamma': 0.560647724855128, 'sigma_update': 0.687985830096422, 'eta_learning': 0.02888601763801278, 'sigma_boundary': 3.5476424585333226, 'alpha': 0.6393065679314843}. Best is trial 49 with value: 0.04884682367219978.
[I 2026-03-25 03:47:04,750] Trial 55 finished with value: 0.07333450186102514 and parameters: {'sigma_noise': 0.10986069520532367, 'A_repulsion': 0.13226166484031687, 'gamma': 0.5535591491668218, 'sigma_update': 0.66158071583552, 'eta_learning': 0.062270005313437196, 'sigma_boundary': 9.022255566737634, 'alpha': 0.7008964577838177}. Best is trial 49 with value: 0.04884682367219978.
[I 2026-03-25 03:47:05,343] Trial 54 finished with value: 0.07614182175078181 and parameters: {'sigma_noise': 0.11322822069762128, 'A_repulsion': 0.12138366561952052, 'gamma': 0.5420725194637233, 'sigma_update': 0.6898076622390142, 'eta_learning': 0.1503223987278478, 'sigma_boundary': 9.076781219023795, 'alpha': 0.6770479097735396}. Best is trial 49 with value: 0.04884682367219978.
