[I 2026-03-25 03:52:44,756] Trial 167 finished with value: 0.07365520581918493 and parameters: {'sigma_noise': 0.16217513556183039, 'A_repulsion': 0.31235214815170265, 'gamma': 0.5194187701870381, 'sigma_update': 0.5082977010826852, 'eta_learning': 0.04226761097232252, 'sigma_boundary': 3.332041467311487, 'alpha': 0.860854765189879}. Best is trial 156 with value: 0.04789064777268378.
[I 2026-03-25 03:52:50,695] Trial 169 finished with value: 0.05153502828934519 and parameters: {'sigma_noise': 0.16304760638690402, 'A_repulsion': 0.2723521034535947, 'gamma': 0.5120932697946781, 'sigma_update': 0.3467377315793067, 'eta_learning': 0.04160400191558998, 'sigma_boundary': 4.880190966540977, 'alpha': 0.7300882897112381}. Best is trial 156 with value: 0.04789064777268378.
[I 2026-03-25 03:52:52,680] Trial 170 finished with value: 0.05237442735971325 and parameters: {'sigma_noise': 0.16188883235514323, 'A_repulsion': 0.27314352317756635, 'gamma': 0.5134966235235242, 'sigma_update': 0.3457734985664853, 'eta_learning': 0.036823266599100915, 'sigma_boundary': 3.3687295047267916, 'alpha': 0.7246498438904558}. Best is trial 156 with value: 0.04789064777268378.
[I 2026-03-25 03:52:57,522] Trial 171 finished with value: 0.0653551828576452 and parameters: {'sigma_noise': 0.1599729498275946, 'A_repulsion': 0.2733347569207614, 'gamma': 0.315906452596251, 'sigma_update': 0.33799744499950046, 'eta_learning': 0.04128688004879974, 'sigma_boundary': 3.326747468091315, 'alpha': 0.7313013371571946}. Best is trial 156 with value: 0.04789064777268378.
[I 2026-03-25 03:53:08,995] Trial 172 finished with value: 0.07308396342907206 and parameters: {'sigma_noise': 0.1592514342523166, 'A_repulsion': 0.3949979292988012, 'gamma': 0.3432022753812347, 'sigma_update': 0.35837007580680713, 'eta_learning': 0.04282381821722141, 'sigma_boundary': 3.3944104365862975, 'alpha': 0.7166590026286711}. Best is trial 156 with value: 0.04789064777268378.
[I 2026-03-25 03:53:11,707] Trial 173 finished with value: 0.07665998569714524 and parameters: {'sigma_noise': 0.16507065832044132, 'A_repulsion': 0.42344942533513824, 'gamma': 0.31750831693775683, 'sigma_update': 0.3307442489777741, 'eta_learning': 0.03802867179439592, 'sigma_boundary': 3.4239196625929105, 'alpha': 0.7318318334517073}. Best is trial 156 with value: 0.04789064777268378.
[I 2026-03-25 03:53:14,316] Trial 175 finished with value: 0.05480107563575102 and parameters: {'sigma_noise': 0.1651313270407093, 'A_repulsion': 0.3946045804734029, 'gamma': 0.31081238727127924, 'sigma_update': 0.5013118190832924, 'eta_learning': 0.043986131972304804, 'sigma_boundary': 3.384997950209282, 'alpha': 0.7334549820007042}. Best is trial 156 with value: 0.04789064777268378.
[I 2026-03-25 03:53:15,499] Trial 174 finished with value: 0.06561115250125736 and parameters: {'sigma_noise': 0.1578138750190465, 'A_repulsion': 0.4065423713704619, 'gamma': 0.33887841000653435, 'sigma_update': 0.3217014909260796, 'eta_learning': 0.0328154849112315, 'sigma_boundary': 3.3258844419437064, 'alpha': 0.6425019353867658}. Best is trial 156 with value: 0.04789064777268378.
[I 2026-03-25 03:53:21,184] Trial 183 finished with value: 0.07953861183145051 and parameters: {'sigma_noise': 0.1631636713062681, 'A_repulsion': 0.10865229647404828, 'gamma': 0.34241068804364766, 'sigma_update': 0.34188097859050925, 'eta_learning': 0.04347403821397399, 'sigma_boundary': 3.324347567254156, 'alpha': 0.7192676550171699}. Best is trial 156 with value: 0.04789064777268378.
[I 2026-03-25 03:53:23,453] Trial 178 finished with value: 0.06676016655301692 and parameters: {'sigma_noise': 0.15888559856682677, 'A_repulsion': 0.2700573025678159, 'gamma': 0.3244040818355977, 'sigma_update': 0.336257251983345, 'eta_learning': 0.0381420498367772, 'sigma_boundary': 4.700200504679577, 'alpha': 0.7282919908944534}. Best is trial 156 with value: 0.04789064777268378.
[I 2026-03-25 03:53:26,853] Trial 181 finished with value: 0.061068079368560756 and parameters: {'sigma_noise': 0.16590233138080548, 'A_repulsion': 0.39073217153490897, 'gamma': 0.5175499691676697, 'sigma_update': 0.36215030607323023, 'eta_learning': 0.03530819858852259, 'sigma_boundary': 3.4255703724893856, 'alpha': 0.7246413446689304}. Best is trial 156 with value: 0.04789064777268378.
[I 2026-03-25 03:53:26,940] Trial 176 finished with value: 0.07908251805151773 and parameters: {'sigma_noise': 0.16119696611574214, 'A_repulsion': 0.3852750133157118, 'gamma': 0.30641165232451195, 'sigma_update': 0.3466961180550993, 'eta_learning': 0.041327181264846705, 'sigma_boundary': 3.324595980249626, 'alpha': 0.8717645337901645}. Best is trial 156 with value: 0.04789064777268378.
[I 2026-03-25 03:53:27,231] Trial 180 finished with value: 0.06179870131580902 and parameters: {'sigma_noise': 0.16574488658840947, 'A_repulsion': 0.41935379424278685, 'gamma': 0.50985993914855, 'sigma_update': 0.350372338357094, 'eta_learning': 0.0342726236676736, 'sigma_boundary': 3.3651368226525586, 'alpha': 0.7164158713358285}. Best is trial 156 with value: 0.04789064777268378.
[I 2026-03-25 03:53:28,933] Trial 184 finished with value: 0.05859291195482187 and parameters: {'sigma_noise': 0.16330637887490648, 'A_repulsion': 0.2693367300628791, 'gamma': 0.3279915599864064, 'sigma_update': 0.34203055834054014, 'eta_learning': 0.03397982163485456, 'sigma_boundary': 3.382631686645175, 'alpha': 0.8603305417191437}. Best is trial 156 with value: 0.04789064777268378.
[I 2026-03-25 03:53:29,143] Trial 177 finished with value: 0.06086320340928482 and parameters: {'sigma_noise': 0.2237204943517604, 'A_repulsion': 0.2881672889879421, 'gamma': 0.5242963188913089, 'sigma_update': 0.3482204715560562, 'eta_learning': 0.045043822946521844, 'sigma_boundary': 3.4604962386420515, 'alpha': 0.722838223917536}. Best is trial 156 with value: 0.04789064777268378.
[I 2026-03-25 03:53:29,873] Trial 179 finished with value: 0.07713172569956865 and parameters: {'sigma_noise': 0.22418972321835878, 'A_repulsion': 0.3839473873649707, 'gamma': 0.3112315498498275, 'sigma_update': 0.43919047944962814, 'eta_learning': 0.0391566546299537, 'sigma_boundary': 3.3661129357974526, 'alpha': 0.6505657651004382}. Best is trial 156 with value: 0.04789064777268378.
[I 2026-03-25 03:53:34,211] Trial 188 finished with value: 0.05157786016218429 and parameters: {'sigma_noise': 0.08736630021937905, 'A_repulsion': 0.3911085485713873, 'gamma': 0.3106277873718482, 'sigma_update': 0.36669570769634197, 'eta_learning': 0.025392393594089818, 'sigma_boundary': 0.8196185696641993, 'alpha': 0.728423118911663}. Best is trial 156 with value: 0.04789064777268378.
[I 2026-03-25 03:53:34,704] Trial 186 finished with value: 0.05862629195408471 and parameters: {'sigma_noise': 0.16281257890264808, 'A_repulsion': 0.3101193387208288, 'gamma': 0.5735393574559107, 'sigma_update': 0.34224919419739497, 'eta_learning': 0.011032554979463177, 'sigma_boundary': 3.397625439326288, 'alpha': 0.7289503719570979}. Best is trial 156 with value: 0.04789064777268378.
[I 2026-03-25 03:53:37,055] Trial 182 finished with value: 0.06243387968316623 and parameters: {'sigma_noise': 0.2273455307235881, 'A_repulsion': 0.392267703913244, 'gamma': 0.5206530698097902, 'sigma_update': 0.33015806990402286, 'eta_learning': 0.025258650739664466, 'sigma_boundary': 4.70671817010356, 'alpha': 0.7130919336577496}. Best is trial 156 with value: 0.04789064777268378.
[I 2026-03-25 03:53:38,015] Trial 185 finished with value: 0.057984627168939984 and parameters: {'sigma_noise': 0.16056652734601004, 'A_repulsion': 0.38853696516738007, 'gamma': 0.3126313128143852, 'sigma_update': 0.33959683091889403, 'eta_learning': 0.033303558188427826, 'sigma_boundary': 3.4376929492662542, 'alpha': 0.7213243986953981}. Best is trial 156 with value: 0.04789064777268378.
[I 2026-03-25 03:53:39,987] Trial 187 finished with value: 0.06263570664900868 and parameters: {'sigma_noise': 0.1647629558398229, 'A_repulsion': 0.3920719470656364, 'gamma': 0.5114654966624896, 'sigma_update': 0.3459259035342216, 'eta_learning': 0.017478993771934605, 'sigma_boundary': 3.3543474612433237, 'alpha': 0.8722065760482879}. Best is trial 156 with value: 0.04789064777268378.
[I 2026-03-25 03:53:40,806] Trial 189 finished with value: 0.06552267231725965 and parameters: {'sigma_noise': 0.13444701581357757, 'A_repulsion': 0.38972172832263857, 'gamma': 0.3021104611371893, 'sigma_update': 0.5630502316840827, 'eta_learning': 0.022455065147090336, 'sigma_boundary': 0.28688254417031106, 'alpha': 0.8804984536598817}. Best is trial 156 with value: 0.04789064777268378.
[I 2026-03-25 03:53:42,478] Trial 190 finished with value: 0.06788510937405595 and parameters: {'sigma_noise': 0.13392425009588846, 'A_repulsion': 0.3890745219294363, 'gamma': 0.3083995813249649, 'sigma_update': 0.34836935916108436, 'eta_learning': 0.015526922937516112, 'sigma_boundary': 0.23428667285062554, 'alpha': 0.7103897050079814}. Best is trial 156 with value: 0.04789064777268378.
[I 2026-03-25 03:53:44,170] Trial 191 finished with value: 0.07955880609352782 and parameters: {'sigma_noise': 0.08795176495850526, 'A_repulsion': 0.38784297852667204, 'gamma': 0.30484033204729044, 'sigma_update': 0.3195471708993631, 'eta_learning': 0.011206195899473206, 'sigma_boundary': 0.3482555482132721, 'alpha': 0.7086050382441677}. Best is trial 156 with value: 0.04789064777268378.
[I 2026-03-25 03:53:45,676] Trial 192 finished with value: 0.07376816193951373 and parameters: {'sigma_noise': 0.13272923289818706, 'A_repulsion': 0.39557143312833676, 'gamma': 0.27174162957347825, 'sigma_update': 0.3555027063197386, 'eta_learning': 0.010190423202210398, 'sigma_boundary': 0.8492582224304759, 'alpha': 0.7045968141145168}. Best is trial 156 with value: 0.04789064777268378.
[I 2026-03-25 03:53:46,054] Trial 194 finished with value: 0.0788889139978114 and parameters: {'sigma_noise': 0.13340281606990106, 'A_repulsion': 0.39673501309027104, 'gamma': 0.5798738251610623, 'sigma_update': 0.34527602871745827, 'eta_learning': 0.028244051471980038, 'sigma_boundary': 7.070245840480379, 'alpha': 0.7070094016656188}. Best is trial 156 with value: 0.04789064777268378.
[I 2026-03-25 03:53:47,765] Trial 195 finished with value: 0.08052334658219377 and parameters: {'sigma_noise': 0.1323682716447937, 'A_repulsion': 0.30137067104947474, 'gamma': 0.5706069012432571, 'sigma_update': 0.33906975927154204, 'eta_learning': 0.016528526905730236, 'sigma_boundary': 4.5548274682055006, 'alpha': 0.7044921756703589}. Best is trial 156 with value: 0.04789064777268378.
[I 2026-03-25 03:53:47,787] Trial 193 finished with value: 0.06893275978979156 and parameters: {'sigma_noise': 0.13178038278761425, 'A_repulsion': 0.39248197891845715, 'gamma': 0.5779939305303968, 'sigma_update': 0.33720889585098746, 'eta_learning': 0.010686071134586972, 'sigma_boundary': 6.535957901008496, 'alpha': 0.7114149290893614}. Best is trial 156 with value: 0.04789064777268378.
[I 2026-03-25 03:53:49,701] Trial 199 finished with value: 0.0574117794483369 and parameters: {'sigma_noise': 0.1337229796992611, 'A_repulsion': 0.2992243387602972, 'gamma': 0.5707388187415287, 'sigma_update': 0.3715329235674265, 'eta_learning': 0.013873070873723397, 'sigma_boundary': 5.713537810976742, 'alpha': 0.689180249208378}. Best is trial 156 with value: 0.04789064777268378.
[I 2026-03-25 03:53:49,882] Trial 197 finished with value: 0.06906994352387948 and parameters: {'sigma_noise': 0.13370700698235177, 'A_repulsion': 0.30456295971406644, 'gamma': 0.5604558806322757, 'sigma_update': 0.3162008168350044, 'eta_learning': 0.011588582379836992, 'sigma_boundary': 5.431747043298779, 'alpha': 0.6463499895434037}. Best is trial 156 with value: 0.04789064777268378.
[I 2026-03-25 03:53:49,926] Trial 196 finished with value: 0.0864039459870492 and parameters: {'sigma_noise': 0.13525123810000897, 'A_repulsion': 0.38258961391966695, 'gamma': 0.5699582416495502, 'sigma_update': 0.3354321771231567, 'eta_learning': 0.013765849810098395, 'sigma_boundary': 5.218980313055165, 'alpha': 0.6526093757838687}. Best is trial 156 with value: 0.04789064777268378.
[I 2026-03-25 03:53:50,014] Trial 198 finished with value: 0.07285162734308168 and parameters: {'sigma_noise': 0.13605356664110477, 'A_repulsion': 0.2143206496915941, 'gamma': 0.5641624061775455, 'sigma_update': 0.3665263118232816, 'eta_learning': 0.36548640365768614, 'sigma_boundary': 5.793298038706446, 'alpha': 0.7042873055936989}. Best is trial 156 with value: 0.04789064777268378.
