[I 2026-03-25 03:49:54,184] Trial 110 finished with value: 0.0577514045854807 and parameters: {'sigma_noise': 0.17403072501698946, 'A_repulsion': 0.32190123074414767, 'gamma': 0.6530033735319485, 'sigma_update': 0.4588952277502346, 'eta_learning': 0.24989980579647997, 'sigma_boundary': 2.278384832619938, 'alpha': 0.5895568244986422}. Best is trial 49 with value: 0.04884682367219978.
[I 2026-03-25 03:49:57,940] Trial 115 finished with value: 0.05479090859631092 and parameters: {'sigma_noise': 0.14334095461022234, 'A_repulsion': 0.16433917322358205, 'gamma': 0.43368557247914674, 'sigma_update': 0.4829677428744767, 'eta_learning': 0.07052332947909423, 'sigma_boundary': 2.4104157282249967, 'alpha': 0.5851945118844087}. Best is trial 49 with value: 0.04884682367219978.
[I 2026-03-25 03:49:59,788] Trial 113 finished with value: 0.07583206195466806 and parameters: {'sigma_noise': 0.14475675518655456, 'A_repulsion': 0.32661482736660424, 'gamma': 0.6947667806578779, 'sigma_update': 0.46496338107897855, 'eta_learning': 0.15615266562080152, 'sigma_boundary': 2.4606909999427296, 'alpha': 0.5954823941900228}. Best is trial 49 with value: 0.04884682367219978.
[I 2026-03-25 03:50:05,953] Trial 119 finished with value: 0.059559276194425546 and parameters: {'sigma_noise': 0.13366758137738916, 'A_repulsion': 0.0691354814998303, 'gamma': 0.6278925721672067, 'sigma_update': 0.6123033194308133, 'eta_learning': 0.15200283946512447, 'sigma_boundary': 3.991487086632006, 'alpha': 0.39471529592859483}. Best is trial 49 with value: 0.04884682367219978.
[I 2026-03-25 03:50:08,694] Trial 116 finished with value: 0.07088824551555606 and parameters: {'sigma_noise': 0.14427599360258467, 'A_repulsion': 0.33818640455001053, 'gamma': 0.4387763752344503, 'sigma_update': 0.6263961395002591, 'eta_learning': 0.1481092349017262, 'sigma_boundary': 4.050125557004513, 'alpha': 0.5828557812683571}. Best is trial 49 with value: 0.04884682367219978.
[I 2026-03-25 03:50:09,170] Trial 117 finished with value: 0.0544356340319 and parameters: {'sigma_noise': 0.07105031542243728, 'A_repulsion': 0.33055714184721013, 'gamma': 0.6305591471402274, 'sigma_update': 0.6256059544217213, 'eta_learning': 0.14943730436032104, 'sigma_boundary': 2.2611581191440546, 'alpha': 0.5999673243708035}. Best is trial 49 with value: 0.04884682367219978.
[I 2026-03-25 03:50:11,450] Trial 114 finished with value: 0.05174628365564955 and parameters: {'sigma_noise': 0.14021213934521531, 'A_repulsion': 0.3327638404475972, 'gamma': 0.4356086241844795, 'sigma_update': 0.4680127006061014, 'eta_learning': 0.15167360995320966, 'sigma_boundary': 4.088802315716016, 'alpha': 0.5951037498296387}. Best is trial 49 with value: 0.04884682367219978.
[I 2026-03-25 03:50:19,155] Trial 118 finished with value: 0.07394167084091299 and parameters: {'sigma_noise': 0.13928992463337572, 'A_repulsion': 0.34066382685522684, 'gamma': 0.6191850729209218, 'sigma_update': 0.626676209116331, 'eta_learning': 0.14900358062294988, 'sigma_boundary': 2.522926375052761, 'alpha': 0.5914442202541903}. Best is trial 49 with value: 0.04884682367219978.
[I 2026-03-25 03:50:19,772] Trial 120 finished with value: 0.07357276167286092 and parameters: {'sigma_noise': 0.14506269452530623, 'A_repulsion': 0.3410681325231596, 'gamma': 0.621173075821335, 'sigma_update': 0.6250625328558636, 'eta_learning': 0.1498630330227006, 'sigma_boundary': 2.366664196041936, 'alpha': 0.5938402136950718}. Best is trial 49 with value: 0.04884682367219978.
[I 2026-03-25 03:50:26,744] Trial 122 finished with value: 0.06379520047664952 and parameters: {'sigma_noise': 0.14549616038163982, 'A_repulsion': 0.23520848147197732, 'gamma': 0.6243570898714096, 'sigma_update': 0.6053368025378947, 'eta_learning': 0.15596158440732968, 'sigma_boundary': 4.307463122106823, 'alpha': 0.39768750887217513}. Best is trial 49 with value: 0.04884682367219978.
[I 2026-03-25 03:50:26,847] Trial 121 finished with value: 0.06485846789803484 and parameters: {'sigma_noise': 0.14323270533106952, 'A_repulsion': 0.3292619872839461, 'gamma': 0.6210029334650875, 'sigma_update': 0.6261375584148748, 'eta_learning': 0.15252330868877434, 'sigma_boundary': 2.252862336125862, 'alpha': 0.4056978052994126}. Best is trial 49 with value: 0.04884682367219978.
[I 2026-03-25 03:50:28,650] Trial 123 finished with value: 0.0628107491575485 and parameters: {'sigma_noise': 0.1435034605583131, 'A_repulsion': 0.06538018102536361, 'gamma': 0.5951799095064544, 'sigma_update': 0.6176778544446315, 'eta_learning': 0.14773806721632984, 'sigma_boundary': 4.163720376301298, 'alpha': 0.3994836867134437}. Best is trial 49 with value: 0.04884682367219978.
[I 2026-03-25 03:50:36,930] Trial 124 finished with value: 0.057201430490381525 and parameters: {'sigma_noise': 0.1435758773280144, 'A_repulsion': 0.20180270081687673, 'gamma': 0.5972959349655551, 'sigma_update': 0.6129056474224163, 'eta_learning': 0.15174395329019985, 'sigma_boundary': 2.4414979536114805, 'alpha': 0.5980321970090171}. Best is trial 49 with value: 0.04884682367219978.
[I 2026-03-25 03:50:37,557] Trial 125 finished with value: 0.05856735371979373 and parameters: {'sigma_noise': 0.14779073732007497, 'A_repulsion': 0.23596504561424697, 'gamma': 0.6285188483627959, 'sigma_update': 0.6198845270581445, 'eta_learning': 0.07361323373976099, 'sigma_boundary': 2.2599449721452256, 'alpha': 0.5878886673423791}. Best is trial 49 with value: 0.04884682367219978.
[I 2026-03-25 03:50:45,853] Trial 126 finished with value: 0.07307445738293616 and parameters: {'sigma_noise': 0.1461052829931643, 'A_repulsion': 0.3347645312684463, 'gamma': 0.5934175945755944, 'sigma_update': 0.6191853973699438, 'eta_learning': 0.14596315036771407, 'sigma_boundary': 4.456441051630504, 'alpha': 0.614576546974483}. Best is trial 49 with value: 0.04884682367219978.
[I 2026-03-25 03:50:47,585] Trial 127 finished with value: 0.05778032476280945 and parameters: {'sigma_noise': 0.14651413816000075, 'A_repulsion': 0.228911164036344, 'gamma': 0.5965025948179723, 'sigma_update': 0.6283716486400588, 'eta_learning': 0.14681427581910317, 'sigma_boundary': 4.0544623903196975, 'alpha': 0.5715560103976555}. Best is trial 49 with value: 0.04884682367219978.
[I 2026-03-25 03:50:51,566] Trial 128 finished with value: 0.05824167980476776 and parameters: {'sigma_noise': 0.14345965257056195, 'A_repulsion': 0.22610397033212581, 'gamma': 0.6257041913321965, 'sigma_update': 0.6205711176154679, 'eta_learning': 0.14823971299515026, 'sigma_boundary': 2.455552874075435, 'alpha': 0.6206235154581682}. Best is trial 49 with value: 0.04884682367219978.
[I 2026-03-25 03:50:54,631] Trial 131 finished with value: 0.057494410301839646 and parameters: {'sigma_noise': 0.1460086631804792, 'A_repulsion': 0.23295361909065934, 'gamma': 0.4015989429269909, 'sigma_update': 0.6058325867232112, 'eta_learning': 0.0743221974295214, 'sigma_boundary': 4.055923939251696, 'alpha': 0.6188405459655273}. Best is trial 49 with value: 0.04884682367219978.
[I 2026-03-25 03:50:56,856] Trial 135 finished with value: 0.05222935503214659 and parameters: {'sigma_noise': 0.1459794697084585, 'A_repulsion': 0.23409104725438337, 'gamma': 0.5955163570587819, 'sigma_update': 0.6216641090180398, 'eta_learning': 0.07382415741573589, 'sigma_boundary': 3.938855284128826, 'alpha': 0.7938248501135325}. Best is trial 49 with value: 0.04884682367219978.
[I 2026-03-25 03:50:57,546] Trial 130 finished with value: 0.060132401160525796 and parameters: {'sigma_noise': 0.14575339126548112, 'A_repulsion': 0.2373178221338489, 'gamma': 0.39830425690693116, 'sigma_update': 0.6166538732473351, 'eta_learning': 0.14683515915813938, 'sigma_boundary': 4.198330889905178, 'alpha': 0.8253779522984752}. Best is trial 49 with value: 0.04884682367219978.
[I 2026-03-25 03:50:59,345] Trial 129 finished with value: 0.07412686021034022 and parameters: {'sigma_noise': 0.14757490843454307, 'A_repulsion': 0.35760100504675396, 'gamma': 0.628269797327963, 'sigma_update': 0.6057921563825687, 'eta_learning': 0.1481956308588672, 'sigma_boundary': 2.4461992472447642, 'alpha': 0.6160214852423758}. Best is trial 49 with value: 0.04884682367219978.
[I 2026-03-25 03:51:00,114] Trial 133 finished with value: 0.051765178324853056 and parameters: {'sigma_noise': 0.1480018752413347, 'A_repulsion': 0.23936349808721893, 'gamma': 0.599506727392839, 'sigma_update': 0.626328132322746, 'eta_learning': 0.14196197006358616, 'sigma_boundary': 3.812375618461421, 'alpha': 0.7979959350566039}. Best is trial 49 with value: 0.04884682367219978.
[I 2026-03-25 03:51:00,204] Trial 132 finished with value: 0.054813442114805405 and parameters: {'sigma_noise': 0.14838213932578342, 'A_repulsion': 0.23847475406275684, 'gamma': 0.6310790821217663, 'sigma_update': 0.625432447785407, 'eta_learning': 0.14373145781510677, 'sigma_boundary': 4.0343075002189055, 'alpha': 0.7894995793517627}. Best is trial 49 with value: 0.04884682367219978.
[I 2026-03-25 03:51:03,866] Trial 134 finished with value: 0.07320528010409576 and parameters: {'sigma_noise': 0.14191882173782566, 'A_repulsion': 0.36147041680454267, 'gamma': 0.5949273589498718, 'sigma_update': 0.636076561709925, 'eta_learning': 0.13802984214394828, 'sigma_boundary': 3.9570480241426678, 'alpha': 0.6294878468782708}. Best is trial 49 with value: 0.04884682367219978.
[I 2026-03-25 03:51:06,653] Trial 136 finished with value: 0.061326931366731625 and parameters: {'sigma_noise': 0.15067607366043412, 'A_repulsion': 0.35789810073703504, 'gamma': 0.5969492376344584, 'sigma_update': 0.6288026577854324, 'eta_learning': 0.0729676288602857, 'sigma_boundary': 3.841451529103983, 'alpha': 0.6164160750646039}. Best is trial 49 with value: 0.04884682367219978.
[I 2026-03-25 03:51:13,225] Trial 137 finished with value: 0.06287706130359833 and parameters: {'sigma_noise': 0.14524772972327687, 'A_repulsion': 0.360870078400848, 'gamma': 0.404005221990098, 'sigma_update': 0.6246686738302263, 'eta_learning': 0.07311561449865499, 'sigma_boundary': 3.7346371938052245, 'alpha': 0.7968859388229568}. Best is trial 49 with value: 0.04884682367219978.
[I 2026-03-25 03:51:14,886] Trial 138 finished with value: 0.06478775576143397 and parameters: {'sigma_noise': 0.13004974542561937, 'A_repulsion': 0.36409525026886047, 'gamma': 0.4061709081655533, 'sigma_update': 0.6138571896886968, 'eta_learning': 0.13266710530229764, 'sigma_boundary': 4.208979585002962, 'alpha': 0.6226532922633247}. Best is trial 49 with value: 0.04884682367219978.
[I 2026-03-25 03:51:20,309] Trial 140 finished with value: 0.07747340878520602 and parameters: {'sigma_noise': 0.12438419008972476, 'A_repulsion': 0.2380166141624772, 'gamma': 0.3858430012661472, 'sigma_update': 0.38325350546939385, 'eta_learning': 0.06868503161652441, 'sigma_boundary': 0.4566404148012393, 'alpha': 0.7862607718546133}. Best is trial 49 with value: 0.04884682367219978.
[I 2026-03-25 03:51:20,653] Trial 141 finished with value: 0.06894763709335623 and parameters: {'sigma_noise': 0.12160539450965357, 'A_repulsion': 0.3771734305692823, 'gamma': 0.7324086617567469, 'sigma_update': 0.39132015443725376, 'eta_learning': 0.06414940029684577, 'sigma_boundary': 0.6373772615618494, 'alpha': 0.6101658305459503}. Best is trial 49 with value: 0.04884682367219978.
[I 2026-03-25 03:51:21,667] Trial 139 finished with value: 0.06497847008201736 and parameters: {'sigma_noise': 0.12526961984638443, 'A_repulsion': 0.37049867173653833, 'gamma': 0.37832894537116246, 'sigma_update': 0.6362478535143403, 'eta_learning': 0.07534751187394087, 'sigma_boundary': 3.850634461718245, 'alpha': 0.7744989691822943}. Best is trial 49 with value: 0.04884682367219978.
[I 2026-03-25 03:51:26,611] Trial 144 finished with value: 0.07983494102984445 and parameters: {'sigma_noise': 0.04310743861908842, 'A_repulsion': 0.29212824021761863, 'gamma': 0.37732377848648957, 'sigma_update': 0.3933403075762596, 'eta_learning': 0.07958977289713645, 'sigma_boundary': 3.8657557986044444, 'alpha': 0.6221987719780482}. Best is trial 49 with value: 0.04884682367219978.
[I 2026-03-25 03:51:27,067] Trial 142 finished with value: 0.06861779724597263 and parameters: {'sigma_noise': 0.12396142397652711, 'A_repulsion': 0.394175638587978, 'gamma': 0.3962417622025695, 'sigma_update': 0.38941289705763027, 'eta_learning': 0.08130817021108135, 'sigma_boundary': 3.711857616010659, 'alpha': 0.7821072206955064}. Best is trial 49 with value: 0.04884682367219978.
[I 2026-03-25 03:51:31,697] Trial 143 finished with value: 0.0646938146847086 and parameters: {'sigma_noise': 0.12442184454762312, 'A_repulsion': 0.36594413599035897, 'gamma': 0.39979038575069564, 'sigma_update': 0.6486919317247668, 'eta_learning': 0.07777580055835463, 'sigma_boundary': 3.7279159934057717, 'alpha': 0.7715660154105878}. Best is trial 49 with value: 0.04884682367219978.
[I 2026-03-25 03:51:37,176] Trial 145 finished with value: 0.05376171389755929 and parameters: {'sigma_noise': 0.12147669947876027, 'A_repulsion': 0.36481675637820576, 'gamma': 0.38531847323182045, 'sigma_update': 0.3941924971962424, 'eta_learning': 0.06401812927210698, 'sigma_boundary': 3.774476254574234, 'alpha': 0.6260640840943109}. Best is trial 49 with value: 0.04884682367219978.
[I 2026-03-25 03:51:39,072] Trial 147 finished with value: 0.052729956823892074 and parameters: {'sigma_noise': 0.1234118546572947, 'A_repulsion': 0.3643150286816208, 'gamma': 0.40315025337883736, 'sigma_update': 0.3866062855589081, 'eta_learning': 0.07625151103000988, 'sigma_boundary': 3.780892014995185, 'alpha': 0.6156567096328397}. Best is trial 49 with value: 0.04884682367219978.
[I 2026-03-25 03:51:42,505] Trial 146 finished with value: 0.053202841377857676 and parameters: {'sigma_noise': 0.12399059061954004, 'A_repulsion': 0.3579945741959337, 'gamma': 0.38983101983810964, 'sigma_update': 0.3810058426035308, 'eta_learning': 0.055499937309423354, 'sigma_boundary': 3.758554528893351, 'alpha': 0.6252684665162538}. Best is trial 49 with value: 0.04884682367219978.
[I 2026-03-25 03:51:48,746] Trial 148 finished with value: 0.06964609828880024 and parameters: {'sigma_noise': 0.12590375218459623, 'A_repulsion': 0.3577429802296336, 'gamma': 0.4052187021621079, 'sigma_update': 0.3965690231261661, 'eta_learning': 0.07380401998940671, 'sigma_boundary': 3.798636553990878, 'alpha': 0.785867862012919}. Best is trial 49 with value: 0.04884682367219978.
[I 2026-03-25 03:51:52,240] Trial 149 finished with value: 0.06882074910127575 and parameters: {'sigma_noise': 0.12247521512372084, 'A_repulsion': 0.3618512283247957, 'gamma': 0.39453312979685745, 'sigma_update': 0.4004912567403689, 'eta_learning': 0.07357548269702051, 'sigma_boundary': 0.4993458956172865, 'alpha': 0.7590647491983308}. Best is trial 49 with value: 0.04884682367219978.
[I 2026-03-25 03:51:54,454] Trial 150 finished with value: 0.052738934245036354 and parameters: {'sigma_noise': 0.12320597217748916, 'A_repulsion': 0.36198459733109545, 'gamma': 0.39159927925575916, 'sigma_update': 0.38408990010961125, 'eta_learning': 0.07460873976899425, 'sigma_boundary': 3.6775538359423408, 'alpha': 0.6268966528795052}. Best is trial 49 with value: 0.04884682367219978.
[I 2026-03-25 03:51:59,715] Trial 151 finished with value: 0.07162952305361288 and parameters: {'sigma_noise': 0.12259434083606363, 'A_repulsion': 0.3631919274410301, 'gamma': 0.3985610066919797, 'sigma_update': 0.37875181386315077, 'eta_learning': 0.07728456105795707, 'sigma_boundary': 3.815322848759048, 'alpha': 0.7968743251310832}. Best is trial 49 with value: 0.04884682367219978.
[I 2026-03-25 03:52:02,662] Trial 152 finished with value: 0.051782328312987305 and parameters: {'sigma_noise': 0.12511147955267932, 'A_repulsion': 0.35159929251739175, 'gamma': 0.4040194931710625, 'sigma_update': 0.5009905120683712, 'eta_learning': 0.07163535158953117, 'sigma_boundary': 3.324914936659116, 'alpha': 0.7643336791903762}. Best is trial 49 with value: 0.04884682367219978.
[I 2026-03-25 03:52:03,244] Trial 153 finished with value: 0.07048391274207635 and parameters: {'sigma_noise': 0.12255704620319427, 'A_repulsion': 0.31291990856266133, 'gamma': 0.3620374329733524, 'sigma_update': 0.3921511438358836, 'eta_learning': 0.07570547516884238, 'sigma_boundary': 3.665200566022184, 'alpha': 0.7858088630265655}. Best is trial 49 with value: 0.04884682367219978.
[I 2026-03-25 03:52:09,888] Trial 156 finished with value: 0.04789064777268378 and parameters: {'sigma_noise': 0.12427725110378973, 'A_repulsion': 0.2901042284027233, 'gamma': 0.5146380134299651, 'sigma_update': 0.379545365645697, 'eta_learning': 0.046259209468254125, 'sigma_boundary': 3.3318342696902477, 'alpha': 0.7713562338237689}. Best is trial 156 with value: 0.04789064777268378.
[I 2026-03-25 03:52:10,548] Trial 159 finished with value: 0.05934145969756369 and parameters: {'sigma_noise': 0.11900301182478831, 'A_repulsion': 0.27662559454181646, 'gamma': 0.5189540690722837, 'sigma_update': 0.6455755917445549, 'eta_learning': 0.04337885549383762, 'sigma_boundary': 3.703377649094432, 'alpha': 0.8261549383614505}. Best is trial 156 with value: 0.04789064777268378.
[I 2026-03-25 03:52:11,435] Trial 158 finished with value: 0.05487325542876543 and parameters: {'sigma_noise': 0.12937300540466024, 'A_repulsion': 0.2865259330921417, 'gamma': 0.723206038517983, 'sigma_update': 0.6498576885384955, 'eta_learning': 0.044532331663373115, 'sigma_boundary': 3.7893608221070774, 'alpha': 0.747247221794666}. Best is trial 156 with value: 0.04789064777268378.
[I 2026-03-25 03:52:11,650] Trial 154 finished with value: 0.05063546063367855 and parameters: {'sigma_noise': 0.12194780498592724, 'A_repulsion': 0.3594407687126492, 'gamma': 0.5125134184598883, 'sigma_update': 0.3924335083790724, 'eta_learning': 0.04825042952346525, 'sigma_boundary': 0.5304635057498637, 'alpha': 0.7271886780528987}. Best is trial 156 with value: 0.04789064777268378.
[I 2026-03-25 03:52:12,610] Trial 157 finished with value: 0.048799777791008636 and parameters: {'sigma_noise': 0.13041836702865736, 'A_repulsion': 0.2890685726920283, 'gamma': 0.5221725081415306, 'sigma_update': 0.3860589328350058, 'eta_learning': 0.043006084729635054, 'sigma_boundary': 3.623750504909803, 'alpha': 0.7922378881444341}. Best is trial 156 with value: 0.04789064777268378.
[I 2026-03-25 03:52:17,549] Trial 160 finished with value: 0.056670244445578735 and parameters: {'sigma_noise': 0.12116613077033023, 'A_repulsion': 0.2772140579266818, 'gamma': 0.5154034968867783, 'sigma_update': 0.6527840398699712, 'eta_learning': 0.05368084026156873, 'sigma_boundary': 4.8117245683029095, 'alpha': 0.742731349133749}. Best is trial 156 with value: 0.04789064777268378.
[I 2026-03-25 03:52:19,099] Trial 155 finished with value: 0.07491143790188481 and parameters: {'sigma_noise': 0.22444303471865282, 'A_repulsion': 0.36035819433597205, 'gamma': 0.34756344924485527, 'sigma_update': 0.5009964866154023, 'eta_learning': 0.04718424627621977, 'sigma_boundary': 3.7654162631394064, 'alpha': 0.7564378601857267}. Best is trial 156 with value: 0.04789064777268378.
[I 2026-03-25 03:52:24,229] Trial 161 finished with value: 0.05055707935468159 and parameters: {'sigma_noise': 0.12607697916063004, 'A_repulsion': 0.2710016303232781, 'gamma': 0.5207241013954901, 'sigma_update': 0.3990052561721652, 'eta_learning': 0.04149779951091846, 'sigma_boundary': 3.3834521422448978, 'alpha': 0.7385677890148644}. Best is trial 156 with value: 0.04789064777268378.
[I 2026-03-25 03:52:26,062] Trial 164 finished with value: 0.0639828033661452 and parameters: {'sigma_noise': 0.04317269761404212, 'A_repulsion': 0.2709821027104419, 'gamma': 0.34560344234190676, 'sigma_update': 0.5049859953440087, 'eta_learning': 0.0502809826376292, 'sigma_boundary': 3.4165211275521887, 'alpha': 0.828172317590377}. Best is trial 156 with value: 0.04789064777268378.
[I 2026-03-25 03:52:26,637] Trial 163 finished with value: 0.08672723120162769 and parameters: {'sigma_noise': 0.042288725126173154, 'A_repulsion': 0.2927928619891607, 'gamma': 0.7247511759530689, 'sigma_update': 0.4989455154220103, 'eta_learning': 0.04288262974921618, 'sigma_boundary': 4.92270770030708, 'alpha': 0.7340078425605793}. Best is trial 156 with value: 0.04789064777268378.
[I 2026-03-25 03:52:27,682] Trial 162 finished with value: 0.05325139720965057 and parameters: {'sigma_noise': 0.12136002378485995, 'A_repulsion': 0.2749261129692219, 'gamma': 0.5137683653509147, 'sigma_update': 0.5047488893242545, 'eta_learning': 0.04251656971717188, 'sigma_boundary': 0.460385797831204, 'alpha': 0.7284879772653267}. Best is trial 156 with value: 0.04789064777268378.
[I 2026-03-25 03:52:30,077] Trial 165 finished with value: 0.06848130084190751 and parameters: {'sigma_noise': 0.16215312747693578, 'A_repulsion': 0.10862433853234668, 'gamma': 0.510531088676157, 'sigma_update': 0.5071825353009214, 'eta_learning': 0.04977721835833698, 'sigma_boundary': 3.3810224258557726, 'alpha': 0.7325034638368065}. Best is trial 156 with value: 0.04789064777268378.
[I 2026-03-25 03:52:37,269] Trial 166 finished with value: 0.05629744683873715 and parameters: {'sigma_noise': 0.1571194518128719, 'A_repulsion': 0.28058563513106966, 'gamma': 0.5196375145735384, 'sigma_update': 0.499716732863359, 'eta_learning': 0.04532471078746762, 'sigma_boundary': 3.3269920570988134, 'alpha': 0.7326431880768924}. Best is trial 156 with value: 0.04789064777268378.
[I 2026-03-25 03:52:43,662] Trial 168 finished with value: 0.055604890274802435 and parameters: {'sigma_noise': 0.15704897093902298, 'A_repulsion': 0.27382705278989783, 'gamma': 0.5178111330699555, 'sigma_update': 0.5035622610739138, 'eta_learning': 0.0431109679919203, 'sigma_boundary': 3.3244816270892112, 'alpha': 0.7301873268548341}. Best is trial 156 with value: 0.04789064777268378.
