[I 2026-03-25 03:47:06,699] Trial 56 finished with value: 0.07263608727758268 and parameters: {'sigma_noise': 0.09921604317189614, 'A_repulsion': 0.12248758285989225, 'gamma': 0.5498454430985438, 'sigma_update': 0.6611205957719531, 'eta_learning': 0.04364132523856941, 'sigma_boundary': 0.5881858943191274, 'alpha': 0.6821725430473927}. Best is trial 49 with value: 0.04884682367219978.
[I 2026-03-25 03:47:12,190] Trial 57 finished with value: 0.07133491724374162 and parameters: {'sigma_noise': 0.10436559300902368, 'A_repulsion': 0.130385676685797, 'gamma': 0.5753995483236292, 'sigma_update': 0.6959266259295459, 'eta_learning': 0.1269700402362931, 'sigma_boundary': 9.151559922491556, 'alpha': 0.663029341420398}. Best is trial 49 with value: 0.04884682367219978.
[I 2026-03-25 03:47:12,586] Trial 59 finished with value: 0.0616748586536742 and parameters: {'sigma_noise': 0.11144797713759921, 'A_repulsion': 0.1202934985231208, 'gamma': 0.5603087856335863, 'sigma_update': 0.41673760329350773, 'eta_learning': 0.09128219567455713, 'sigma_boundary': 3.466597620035113, 'alpha': 0.6589734530046384}. Best is trial 49 with value: 0.04884682367219978.
[I 2026-03-25 03:47:17,343] Trial 58 finished with value: 0.07500360256834337 and parameters: {'sigma_noise': 0.11689191362302498, 'A_repulsion': 0.11732839075631764, 'gamma': 0.5609362346445124, 'sigma_update': 0.6767292318705261, 'eta_learning': 0.09034242716416185, 'sigma_boundary': 8.977943000277207, 'alpha': 0.6674185004023803}. Best is trial 49 with value: 0.04884682367219978.
[I 2026-03-25 03:47:18,166] Trial 62 finished with value: 0.05344812103780981 and parameters: {'sigma_noise': 0.1026088465812448, 'A_repulsion': 0.1313798868411964, 'gamma': 0.5340500012951425, 'sigma_update': 0.4413228862489451, 'eta_learning': 0.13132596266828583, 'sigma_boundary': 3.318792563978657, 'alpha': 0.4687506299417291}. Best is trial 49 with value: 0.04884682367219978.
[I 2026-03-25 03:47:18,410] Trial 60 finished with value: 0.07619835922826367 and parameters: {'sigma_noise': 0.09237903521126235, 'A_repulsion': 0.12830269442788342, 'gamma': 0.5399471630292138, 'sigma_update': 0.4299479260060218, 'eta_learning': 0.10878228829621776, 'sigma_boundary': 0.9636298766047887, 'alpha': 0.6751491228816526}. Best is trial 49 with value: 0.04884682367219978.
[I 2026-03-25 03:47:20,601] Trial 63 finished with value: 0.06669675753335412 and parameters: {'sigma_noise': 0.10734038016856995, 'A_repulsion': 0.1293759069330959, 'gamma': 0.5144564335839559, 'sigma_update': 0.41144215944065177, 'eta_learning': 0.010956365848326228, 'sigma_boundary': 1.2971602180235735, 'alpha': 0.6730694647656208}. Best is trial 49 with value: 0.04884682367219978.
[I 2026-03-25 03:47:22,866] Trial 61 finished with value: 0.06227130269430685 and parameters: {'sigma_noise': 0.20998345897731502, 'A_repulsion': 0.13447319612491815, 'gamma': 0.5440245990279884, 'sigma_update': 0.42594713269320056, 'eta_learning': 0.024728768140356988, 'sigma_boundary': 1.284391988497784, 'alpha': 0.675379385647105}. Best is trial 49 with value: 0.04884682367219978.
[I 2026-03-25 03:47:25,924] Trial 64 finished with value: 0.06314135648312255 and parameters: {'sigma_noise': 0.10558266612348555, 'A_repulsion': 0.128456706462928, 'gamma': 0.5380200560040703, 'sigma_update': 0.4195374988002336, 'eta_learning': 0.09381204158525464, 'sigma_boundary': 1.2679829747081752, 'alpha': 0.6754370933683868}. Best is trial 49 with value: 0.04884682367219978.
[I 2026-03-25 03:47:28,654] Trial 65 finished with value: 0.07732010634631364 and parameters: {'sigma_noise': 0.10155238398615654, 'A_repulsion': 0.2644817017395819, 'gamma': 0.4920962336941896, 'sigma_update': 0.4235654257161255, 'eta_learning': 0.017151119301463135, 'sigma_boundary': 1.1914516783778641, 'alpha': 0.6951153716597227}. Best is trial 49 with value: 0.04884682367219978.
[I 2026-03-25 03:47:37,373] Trial 66 finished with value: 0.07191255023401394 and parameters: {'sigma_noise': 0.09411568172776409, 'A_repulsion': 0.2629963987643456, 'gamma': 0.4855105407123497, 'sigma_update': 0.4144330606914502, 'eta_learning': 0.063303573933192, 'sigma_boundary': 1.0532625138016254, 'alpha': 0.7005224485462711}. Best is trial 49 with value: 0.04884682367219978.
[I 2026-03-25 03:47:39,541] Trial 67 finished with value: 0.05886196541087392 and parameters: {'sigma_noise': 0.10613337077365703, 'A_repulsion': 0.13954809800003942, 'gamma': 0.48388341173975036, 'sigma_update': 0.5336329751308515, 'eta_learning': 0.09438162795770613, 'sigma_boundary': 1.14134144751614, 'alpha': 0.6952842454480976}. Best is trial 49 with value: 0.04884682367219978.
[I 2026-03-25 03:47:43,557] Trial 68 finished with value: 0.06036275949331742 and parameters: {'sigma_noise': 0.09807244503072396, 'A_repulsion': 0.1402331882050039, 'gamma': 0.6648288032257987, 'sigma_update': 0.5300608538437311, 'eta_learning': 0.11282334068320389, 'sigma_boundary': 1.0715112092613972, 'alpha': 0.7109202551607096}. Best is trial 49 with value: 0.04884682367219978.
[I 2026-03-25 03:47:45,103] Trial 69 finished with value: 0.05588267478915143 and parameters: {'sigma_noise': 0.10801902425354604, 'A_repulsion': 0.25362731447329906, 'gamma': 0.488977097267139, 'sigma_update': 0.531461281784319, 'eta_learning': 0.10702838940359186, 'sigma_boundary': 1.037947226961847, 'alpha': 0.5505024015221432}. Best is trial 49 with value: 0.04884682367219978.
[I 2026-03-25 03:47:47,476] Trial 71 finished with value: 0.05697955593165228 and parameters: {'sigma_noise': 0.10125550354786383, 'A_repulsion': 0.25314378767535617, 'gamma': 0.4785392690383204, 'sigma_update': 0.5385469526314927, 'eta_learning': 0.11482282186366666, 'sigma_boundary': 1.2102471921555762, 'alpha': 0.5575736839371146}. Best is trial 49 with value: 0.04884682367219978.
[I 2026-03-25 03:47:48,836] Trial 70 finished with value: 0.05758579220928363 and parameters: {'sigma_noise': 0.11410548486837771, 'A_repulsion': 0.14391716697343906, 'gamma': 0.48390779518443794, 'sigma_update': 0.5225438543789801, 'eta_learning': 0.09708503078344535, 'sigma_boundary': 1.1141792174810938, 'alpha': 0.5590291448342014}. Best is trial 49 with value: 0.04884682367219978.
[I 2026-03-25 03:47:50,692] Trial 72 finished with value: 0.05985987861026669 and parameters: {'sigma_noise': 0.09815320491263743, 'A_repulsion': 0.14447865217504957, 'gamma': 0.4794095167994775, 'sigma_update': 0.5332761921639767, 'eta_learning': 0.0980605319272057, 'sigma_boundary': 1.4514035822571523, 'alpha': 0.49922164724480783}. Best is trial 49 with value: 0.04884682367219978.
[I 2026-03-25 03:48:08,991] Trial 74 finished with value: 0.0725409898145527 and parameters: {'sigma_noise': 0.20124184312686835, 'A_repulsion': 0.2562532234573896, 'gamma': 0.48382831404169235, 'sigma_update': 0.4242765079952651, 'eta_learning': 0.11796394172610501, 'sigma_boundary': 1.1385790797035877, 'alpha': 0.5180160669512668}. Best is trial 49 with value: 0.04884682367219978.
[I 2026-03-25 03:48:11,558] Trial 77 finished with value: 0.07143330346509964 and parameters: {'sigma_noise': 0.19538144329303164, 'A_repulsion': 0.1590591160878619, 'gamma': 0.48376040055454206, 'sigma_update': 0.5281777827845308, 'eta_learning': 0.09920894044954426, 'sigma_boundary': 1.0946530406447952, 'alpha': 0.5281506191607117}. Best is trial 49 with value: 0.04884682367219978.
[I 2026-03-25 03:48:12,570] Trial 75 finished with value: 0.08465711984988941 and parameters: {'sigma_noise': 0.2002553644910064, 'A_repulsion': 0.2531604392914105, 'gamma': 0.4842645174623059, 'sigma_update': 0.5460445996980696, 'eta_learning': 0.10871868912745, 'sigma_boundary': 1.2811284223792672, 'alpha': 0.5034259249746085}. Best is trial 49 with value: 0.04884682367219978.
[I 2026-03-25 03:48:12,930] Trial 76 finished with value: 0.08819180355441071 and parameters: {'sigma_noise': 0.2122319600535567, 'A_repulsion': 0.2576762910821806, 'gamma': 0.4726717184682945, 'sigma_update': 0.5330592097515509, 'eta_learning': 0.11655175858144134, 'sigma_boundary': 1.081163807238533, 'alpha': 0.5275044331217548}. Best is trial 49 with value: 0.04884682367219978.
[I 2026-03-25 03:48:17,651] Trial 82 finished with value: 0.057286384020307404 and parameters: {'sigma_noise': 0.19103570555987923, 'A_repulsion': 0.035866292098853184, 'gamma': 0.48750031465198324, 'sigma_update': 0.5467486698118857, 'eta_learning': 0.10656162844196562, 'sigma_boundary': 1.150009425463694, 'alpha': 0.5117636201596854}. Best is trial 49 with value: 0.04884682367219978.
[I 2026-03-25 03:48:20,300] Trial 84 finished with value: 0.07688063459819895 and parameters: {'sigma_noise': 0.187769430117998, 'A_repulsion': 0.09121119976068129, 'gamma': 0.48227091223365554, 'sigma_update': 0.5371693818483602, 'eta_learning': 0.17638796088617284, 'sigma_boundary': 1.4673260791262313, 'alpha': 0.4824343764074535}. Best is trial 49 with value: 0.04884682367219978.
[I 2026-03-25 03:48:22,127] Trial 79 finished with value: 0.06622809794976431 and parameters: {'sigma_noise': 0.19955244817871529, 'A_repulsion': 0.25192191945225406, 'gamma': 0.4816742428104481, 'sigma_update': 0.5283373184943418, 'eta_learning': 0.10574925355232703, 'sigma_boundary': 1.2358428680886928, 'alpha': 0.5240292987524303}. Best is trial 49 with value: 0.04884682367219978.
[I 2026-03-25 03:48:22,638] Trial 78 finished with value: 0.09124702331327987 and parameters: {'sigma_noise': 0.2018573447912867, 'A_repulsion': 0.25918732042568493, 'gamma': 0.48469732260122655, 'sigma_update': 0.5401358090538574, 'eta_learning': 0.11665450316775992, 'sigma_boundary': 1.3188865134696797, 'alpha': 0.5135023224461361}. Best is trial 49 with value: 0.04884682367219978.
[I 2026-03-25 03:48:23,938] Trial 73 finished with value: 0.09676840194899429 and parameters: {'sigma_noise': 0.21294268562423865, 'A_repulsion': 0.49759843177883867, 'gamma': 0.45861243238408256, 'sigma_update': 0.5350585479971062, 'eta_learning': 0.09506771958146604, 'sigma_boundary': 1.0853709513425012, 'alpha': 0.5209225657670746}. Best is trial 49 with value: 0.04884682367219978.
[I 2026-03-25 03:48:23,961] Trial 83 finished with value: 0.07250231570590865 and parameters: {'sigma_noise': 0.20309469726056353, 'A_repulsion': 0.09075463333359882, 'gamma': 0.490692744113313, 'sigma_update': 0.5288703498071154, 'eta_learning': 0.19103542871579382, 'sigma_boundary': 1.390805838437401, 'alpha': 0.518772975430705}. Best is trial 49 with value: 0.04884682367219978.
[I 2026-03-25 03:48:29,599] Trial 85 finished with value: 0.06726705924122116 and parameters: {'sigma_noise': 0.20214102880833879, 'A_repulsion': 0.09251664116449444, 'gamma': 0.4800907433519061, 'sigma_update': 0.5348697950270627, 'eta_learning': 0.19535801532878355, 'sigma_boundary': 1.7341838284142876, 'alpha': 0.5145372851419493}. Best is trial 49 with value: 0.04884682367219978.
[I 2026-03-25 03:48:29,819] Trial 81 finished with value: 0.07233244888071134 and parameters: {'sigma_noise': 0.2046828820655569, 'A_repulsion': 0.25351542328394855, 'gamma': 0.4697479997372067, 'sigma_update': 0.5330760559917013, 'eta_learning': 0.10110101066114055, 'sigma_boundary': 1.237688829370166, 'alpha': 0.5162781372464336}. Best is trial 49 with value: 0.04884682367219978.
[I 2026-03-25 03:48:30,412] Trial 80 finished with value: 0.08654393351369696 and parameters: {'sigma_noise': 0.207313932672993, 'A_repulsion': 0.2588988257369824, 'gamma': 0.47415639131721454, 'sigma_update': 0.5365927019095624, 'eta_learning': 0.11195510069189903, 'sigma_boundary': 1.4503095718987633, 'alpha': 0.5162744837110091}. Best is trial 49 with value: 0.04884682367219978.
[I 2026-03-25 03:48:35,099] Trial 86 finished with value: 0.09453417858649629 and parameters: {'sigma_noise': 0.18787564443437826, 'A_repulsion': 0.15357108808825554, 'gamma': 0.4707648282447854, 'sigma_update': 0.5472838338527921, 'eta_learning': 0.1850528924494507, 'sigma_boundary': 3.0101905830221374, 'alpha': 0.49902326554710436}. Best is trial 49 with value: 0.04884682367219978.
[I 2026-03-25 03:48:38,805] Trial 89 finished with value: 0.07254928944301292 and parameters: {'sigma_noise': 0.17524847688622655, 'A_repulsion': 0.046739372280349856, 'gamma': 0.6544033959670789, 'sigma_update': 0.545899307423263, 'eta_learning': 0.23988675198078768, 'sigma_boundary': 2.9677437096078236, 'alpha': 0.5106299663013043}. Best is trial 49 with value: 0.04884682367219978.
[I 2026-03-25 03:48:38,883] Trial 88 finished with value: 0.06325951367650345 and parameters: {'sigma_noise': 0.19062133333443443, 'A_repulsion': 0.09374234412305002, 'gamma': 0.4679304753047901, 'sigma_update': 0.5437455822695407, 'eta_learning': 0.18116398714012086, 'sigma_boundary': 1.896097075177325, 'alpha': 0.4966195051319615}. Best is trial 49 with value: 0.04884682367219978.
[I 2026-03-25 03:48:39,268] Trial 87 finished with value: 0.07982480541082912 and parameters: {'sigma_noise': 0.1907450894627082, 'A_repulsion': 0.08780158079450534, 'gamma': 0.481745448506178, 'sigma_update': 0.5398209784756264, 'eta_learning': 0.2599857892277377, 'sigma_boundary': 3.1265072238054556, 'alpha': 0.5284245325327055}. Best is trial 49 with value: 0.04884682367219978.
[I 2026-03-25 03:48:51,523] Trial 90 finished with value: 0.07363489535879505 and parameters: {'sigma_noise': 0.18781386840690598, 'A_repulsion': 0.09395058142217987, 'gamma': 0.6824698082622965, 'sigma_update': 0.5218973368572657, 'eta_learning': 0.18604097101260347, 'sigma_boundary': 3.0141679532707295, 'alpha': 0.502044185614627}. Best is trial 49 with value: 0.04884682367219978.
[I 2026-03-25 03:48:53,579] Trial 91 finished with value: 0.08319888832584538 and parameters: {'sigma_noise': 0.19829371201738116, 'A_repulsion': 0.08430773693018867, 'gamma': 0.659444114796728, 'sigma_update': 0.5480715856052085, 'eta_learning': 0.2544175073463588, 'sigma_boundary': 1.7737805823521595, 'alpha': 0.5010097500962629}. Best is trial 49 with value: 0.04884682367219978.
[I 2026-03-25 03:48:59,349] Trial 94 finished with value: 0.07465055174230806 and parameters: {'sigma_noise': 0.1900027745266131, 'A_repulsion': 0.09064527612126815, 'gamma': 0.6726571242535468, 'sigma_update': 0.45889428470420324, 'eta_learning': 0.1921946601918033, 'sigma_boundary': 3.062931933258707, 'alpha': 0.5059494776224175}. Best is trial 49 with value: 0.04884682367219978.
[I 2026-03-25 03:49:00,489] Trial 95 finished with value: 0.0778052660144333 and parameters: {'sigma_noise': 0.1868109504508861, 'A_repulsion': 0.09157401235249381, 'gamma': 0.44201935269948084, 'sigma_update': 0.47633920966342214, 'eta_learning': 0.17215602533649627, 'sigma_boundary': 2.955831444638732, 'alpha': 0.49882717888934036}. Best is trial 49 with value: 0.04884682367219978.
[I 2026-03-25 03:49:02,159] Trial 96 finished with value: 0.07444274162847517 and parameters: {'sigma_noise': 0.18626926536730887, 'A_repulsion': 0.08946297235286024, 'gamma': 0.679516949368754, 'sigma_update': 0.4612826704484249, 'eta_learning': 0.18498361439908076, 'sigma_boundary': 2.9565655248714835, 'alpha': 0.471117669591366}. Best is trial 49 with value: 0.04884682367219978.
[I 2026-03-25 03:49:02,810] Trial 93 finished with value: 0.0747543959449449 and parameters: {'sigma_noise': 0.18391859652059367, 'A_repulsion': 0.16331498567153158, 'gamma': 0.4384303006797927, 'sigma_update': 0.4626016807053884, 'eta_learning': 0.25506431389007467, 'sigma_boundary': 1.9272015734957977, 'alpha': 0.4729133704258821}. Best is trial 49 with value: 0.04884682367219978.
[I 2026-03-25 03:49:03,106] Trial 92 finished with value: 0.08288616745489696 and parameters: {'sigma_noise': 0.19745048391536515, 'A_repulsion': 0.15886096227141797, 'gamma': 0.4521525670316263, 'sigma_update': 0.47658880796275593, 'eta_learning': 0.18904011397013487, 'sigma_boundary': 1.6580826452942201, 'alpha': 0.5128426042874557}. Best is trial 49 with value: 0.04884682367219978.
[I 2026-03-25 03:49:13,608] Trial 99 finished with value: 0.05961937521505281 and parameters: {'sigma_noise': 0.0759419738587572, 'A_repulsion': 0.09869279449827618, 'gamma': 0.43978837002230176, 'sigma_update': 0.4691957372104729, 'eta_learning': 0.18395343615613272, 'sigma_boundary': 3.0628608902217707, 'alpha': 0.4553226965241119}. Best is trial 49 with value: 0.04884682367219978.
[I 2026-03-25 03:49:15,435] Trial 98 finished with value: 0.06311305236433912 and parameters: {'sigma_noise': 0.0727486117371381, 'A_repulsion': 0.08919297607580981, 'gamma': 0.446563909698495, 'sigma_update': 0.4653655189668627, 'eta_learning': 0.18664006784286877, 'sigma_boundary': 2.817501217022019, 'alpha': 0.46047699205229914}. Best is trial 49 with value: 0.04884682367219978.
[I 2026-03-25 03:49:24,003] Trial 101 finished with value: 0.07576515806337776 and parameters: {'sigma_noise': 0.17669145427400418, 'A_repulsion': 0.08160723781055403, 'gamma': 0.6832235738351722, 'sigma_update': 0.454919260428281, 'eta_learning': 0.1741373329285918, 'sigma_boundary': 1.9157109749834869, 'alpha': 0.434756189011132}. Best is trial 49 with value: 0.04884682367219978.
[I 2026-03-25 03:49:24,081] Trial 97 finished with value: 0.0635932713174912 and parameters: {'sigma_noise': 0.17835297830137137, 'A_repulsion': 0.09152528040717052, 'gamma': 0.4398809741396921, 'sigma_update': 0.4554786335782013, 'eta_learning': 0.18292769441564438, 'sigma_boundary': 2.7408922269249154, 'alpha': 0.4540019427371358}. Best is trial 49 with value: 0.04884682367219978.
[I 2026-03-25 03:49:24,129] Trial 100 finished with value: 0.07324888630846588 and parameters: {'sigma_noise': 0.1833929800139092, 'A_repulsion': 0.08762460637692782, 'gamma': 0.6837480941305825, 'sigma_update': 0.4560439535655458, 'eta_learning': 0.19462414986037585, 'sigma_boundary': 2.9683970048596118, 'alpha': 0.4285799672994988}. Best is trial 49 with value: 0.04884682367219978.
[I 2026-03-25 03:49:30,316] Trial 102 finished with value: 0.06824793121699979 and parameters: {'sigma_noise': 0.17309205536814254, 'A_repulsion': 0.09892013746133345, 'gamma': 0.6843934371391522, 'sigma_update': 0.4645198154530293, 'eta_learning': 0.2509586503675256, 'sigma_boundary': 3.1641144465777913, 'alpha': 0.5843091193492564}. Best is trial 49 with value: 0.04884682367219978.
[I 2026-03-25 03:49:35,738] Trial 107 finished with value: 0.06455044676342304 and parameters: {'sigma_noise': 0.17499908554915317, 'A_repulsion': 0.062045090594177905, 'gamma': 0.43950869510768437, 'sigma_update': 0.4714948883738965, 'eta_learning': 0.25479629135133364, 'sigma_boundary': 2.8767443334979403, 'alpha': 0.5956901151748029}. Best is trial 49 with value: 0.04884682367219978.
[I 2026-03-25 03:49:38,795] Trial 108 finished with value: 0.0743305391969303 and parameters: {'sigma_noise': 0.17500303641205794, 'A_repulsion': 0.061513711768513404, 'gamma': 0.6744225216933041, 'sigma_update': 0.484486870314544, 'eta_learning': 0.25759389291040347, 'sigma_boundary': 2.999094447753224, 'alpha': 0.5809099452465565}. Best is trial 49 with value: 0.04884682367219978.
[I 2026-03-25 03:49:39,791] Trial 103 finished with value: 0.05524592904081652 and parameters: {'sigma_noise': 0.14385893954262896, 'A_repulsion': 0.3274048025705642, 'gamma': 0.43556214554874273, 'sigma_update': 0.4627514935703598, 'eta_learning': 0.17264062483865855, 'sigma_boundary': 3.1377268430126843, 'alpha': 0.7854265670413731}. Best is trial 49 with value: 0.04884682367219978.
[I 2026-03-25 03:49:44,393] Trial 112 finished with value: 0.06161019076256484 and parameters: {'sigma_noise': 0.07794298928134491, 'A_repulsion': 0.32332762838993007, 'gamma': 0.6873845810153757, 'sigma_update': 0.45260320929997633, 'eta_learning': 0.2591054963744737, 'sigma_boundary': 2.318184364243935, 'alpha': 0.5898994031300636}. Best is trial 49 with value: 0.04884682367219978.
[I 2026-03-25 03:49:45,602] Trial 106 finished with value: 0.06985089285883475 and parameters: {'sigma_noise': 0.17477683210453268, 'A_repulsion': 0.3326125164899069, 'gamma': 0.6640938773760587, 'sigma_update': 0.46184926141372623, 'eta_learning': 0.24068357490030337, 'sigma_boundary': 3.077708183228956, 'alpha': 0.5955625991426629}. Best is trial 49 with value: 0.04884682367219978.
[I 2026-03-25 03:49:46,073] Trial 111 finished with value: 0.06311112547446933 and parameters: {'sigma_noise': 0.07291169342009055, 'A_repulsion': 0.33902298593470853, 'gamma': 0.43699489988450035, 'sigma_update': 0.4807895865936864, 'eta_learning': 0.15662355162261338, 'sigma_boundary': 2.3691754724737772, 'alpha': 0.5902406262239788}. Best is trial 49 with value: 0.04884682367219978.
[I 2026-03-25 03:49:46,892] Trial 104 finished with value: 0.055289648786551786 and parameters: {'sigma_noise': 0.1762289968224112, 'A_repulsion': 0.34237381291955127, 'gamma': 0.6685086055195865, 'sigma_update': 0.4662544083150534, 'eta_learning': 0.23584964027451538, 'sigma_boundary': 2.957582685775355, 'alpha': 0.593720096454234}. Best is trial 49 with value: 0.04884682367219978.
[I 2026-03-25 03:49:49,736] Trial 105 finished with value: 0.07816034798393875 and parameters: {'sigma_noise': 0.17141470403748343, 'A_repulsion': 0.3401661455659527, 'gamma': 0.6555713335604032, 'sigma_update': 0.46585474893112105, 'eta_learning': 0.16869931554675374, 'sigma_boundary': 3.054806100979531, 'alpha': 0.40545320260842405}. Best is trial 49 with value: 0.04884682367219978.
[I 2026-03-25 03:49:50,715] Trial 109 finished with value: 0.07159264921805092 and parameters: {'sigma_noise': 0.1718824120836007, 'A_repulsion': 0.3311694412613118, 'gamma': 0.6661714230333163, 'sigma_update': 0.45301699201351914, 'eta_learning': 0.22999563435573586, 'sigma_boundary': 2.9583766719975957, 'alpha': 0.5886199082808841}. Best is trial 49 with value: 0.04884682367219978.
