[I 2026-03-04 04:13:21,780] Trial 135 finished with value: 0.16048299173958322 and parameters: {'sigma_noise': 0.35404107057338996, 'A_repulsion': 0.22651091325378314, 'gamma': 0.5042844186235036, 'sigma_update': 0.44981990897737434, 'eta_learning': 1.5209781979393462, 'sigma_boundary': 3.869242212878131, 'alpha': 0.765650965823599}. Best is trial 109 with value: 0.04203743309540174.
[I 2026-03-04 04:13:24,749] Trial 140 finished with value: 0.09964480667193298 and parameters: {'sigma_noise': 0.16988380759804536, 'A_repulsion': 0.3118822566762624, 'gamma': 0.635090933517515, 'sigma_update': 0.08020898741255504, 'eta_learning': 1.8100038585288432, 'sigma_boundary': 1.5413721008475465, 'alpha': 0.5455911738027831}. Best is trial 109 with value: 0.04203743309540174.
[I 2026-03-04 04:13:32,046] Trial 137 finished with value: 0.07637828981871563 and parameters: {'sigma_noise': 0.2965651703655049, 'A_repulsion': 0.20106524937268877, 'gamma': 0.7913317133473511, 'sigma_update': 0.19069474849746024, 'eta_learning': 2.2529058678021454, 'sigma_boundary': 4.569919660334723, 'alpha': 0.5912685423307955}. Best is trial 109 with value: 0.04203743309540174.
[I 2026-03-04 04:14:04,877] Trial 141 finished with value: 0.06307685546348661 and parameters: {'sigma_noise': 0.27276386874052144, 'A_repulsion': 0.21737483490310378, 'gamma': 0.8301511337854346, 'sigma_update': 0.22813025391849534, 'eta_learning': 1.027878195145951, 'sigma_boundary': 6.111617728812993, 'alpha': 0.7118502641041328}. Best is trial 109 with value: 0.04203743309540174.
[I 2026-03-04 04:14:17,772] Trial 142 finished with value: 0.0835202850066277 and parameters: {'sigma_noise': 0.18532506443259544, 'A_repulsion': 0.27397471582437494, 'gamma': 0.7916594545984427, 'sigma_update': 0.15711116737506983, 'eta_learning': 1.160111163755969, 'sigma_boundary': 5.319703137910619, 'alpha': 0.6769952281762606}. Best is trial 109 with value: 0.04203743309540174.
[I 2026-03-04 04:14:31,291] Trial 143 finished with value: 0.08266277075157054 and parameters: {'sigma_noise': 0.19097687898472587, 'A_repulsion': 0.2921548315962331, 'gamma': 0.8787102954617646, 'sigma_update': 0.14570613467003796, 'eta_learning': 1.5017551992168836, 'sigma_boundary': 7.231941776606829, 'alpha': 0.6037278804368172}. Best is trial 109 with value: 0.04203743309540174.
[I 2026-03-04 04:15:36,598] Trial 146 finished with value: 0.07422510237114618 and parameters: {'sigma_noise': 0.17405198622576692, 'A_repulsion': 0.12329886966329774, 'gamma': 0.646453941281218, 'sigma_update': 0.15175749599054625, 'eta_learning': 1.1333039086460943, 'sigma_boundary': 4.410798556791964, 'alpha': 0.5047520698374943}. Best is trial 109 with value: 0.04203743309540174.
[I 2026-03-04 04:15:41,653] Trial 144 finished with value: 0.07605526211428895 and parameters: {'sigma_noise': 0.2365666446393968, 'A_repulsion': 0.2546881344334325, 'gamma': 0.754439896121092, 'sigma_update': 0.25024285964304244, 'eta_learning': 1.3163793929710317, 'sigma_boundary': 0.7667073484044022, 'alpha': 0.635359039930307}. Best is trial 109 with value: 0.04203743309540174.
[I 2026-03-04 04:16:13,945] Trial 145 finished with value: 0.16792962152245233 and parameters: {'sigma_noise': 0.2973942120591801, 'A_repulsion': 0.11952414716338597, 'gamma': 0.758013061586717, 'sigma_update': 0.24412324599090623, 'eta_learning': 2.5757863576741653, 'sigma_boundary': 6.793030847074067, 'alpha': 0.4481652601809877}. Best is trial 109 with value: 0.04203743309540174.
[I 2026-03-04 04:16:17,623] Trial 147 finished with value: 0.07392973668717966 and parameters: {'sigma_noise': 0.17922126556746065, 'A_repulsion': 0.23527748714084024, 'gamma': 0.8665196855298642, 'sigma_update': 0.22818236357250202, 'eta_learning': 1.1439965438127409, 'sigma_boundary': 3.38211033253939, 'alpha': 0.5598392126627156}. Best is trial 109 with value: 0.04203743309540174.
[I 2026-03-04 04:16:25,402] Trial 149 finished with value: 0.06906277822641191 and parameters: {'sigma_noise': 0.19475809284386902, 'A_repulsion': 0.20998273281801283, 'gamma': 0.805537585610458, 'sigma_update': 0.1716375166455741, 'eta_learning': 1.103586633135269, 'sigma_boundary': 1.4799685017392457, 'alpha': 0.46389249572807467}. Best is trial 109 with value: 0.04203743309540174.
[I 2026-03-04 04:16:48,048] Trial 148 finished with value: 0.09393656085420138 and parameters: {'sigma_noise': 0.24569682916665087, 'A_repulsion': 0.16914524973247186, 'gamma': 0.767428735896734, 'sigma_update': 0.19235406975106026, 'eta_learning': 0.7508773157028794, 'sigma_boundary': 6.576818718528159, 'alpha': 0.4691888183620594}. Best is trial 109 with value: 0.04203743309540174.
[I 2026-03-04 04:17:15,317] Trial 152 finished with value: 0.06977124314725397 and parameters: {'sigma_noise': 0.25182646287713334, 'A_repulsion': 0.10478454298979276, 'gamma': 0.8005290193742464, 'sigma_update': 0.2989157235193337, 'eta_learning': 0.9879347578250516, 'sigma_boundary': 6.39909135918284, 'alpha': 0.6872098551457438}. Best is trial 109 with value: 0.04203743309540174.
[I 2026-03-04 04:17:20,759] Trial 150 finished with value: 0.07804507699856467 and parameters: {'sigma_noise': 0.229633750110796, 'A_repulsion': 0.2702866752243263, 'gamma': 0.7522686256984749, 'sigma_update': 0.18623412357017677, 'eta_learning': 1.9976084602001014, 'sigma_boundary': 5.305216921599019, 'alpha': 0.6377714834699387}. Best is trial 109 with value: 0.04203743309540174.
[I 2026-03-04 04:17:40,690] Trial 151 finished with value: 0.05130877810661815 and parameters: {'sigma_noise': 0.30742311308609643, 'A_repulsion': 0.2448339375635168, 'gamma': 0.9283314034146599, 'sigma_update': 0.20679991342438817, 'eta_learning': 1.4680193106801926, 'sigma_boundary': 3.3418200477420754, 'alpha': 0.5437650006530688}. Best is trial 109 with value: 0.04203743309540174.
[I 2026-03-04 04:17:58,595] Trial 153 finished with value: 0.28274532713843864 and parameters: {'sigma_noise': 0.2529042661120999, 'A_repulsion': 0.28586350453106996, 'gamma': 0.7429542644847873, 'sigma_update': 0.26837579331402034, 'eta_learning': 0.9350728888427553, 'sigma_boundary': 5.31926048765526, 'alpha': 0.39130145706255537}. Best is trial 109 with value: 0.04203743309540174.
[I 2026-03-04 04:17:59,970] Trial 154 finished with value: 0.27829123106708625 and parameters: {'sigma_noise': 0.23664874097860894, 'A_repulsion': 0.2661009909191486, 'gamma': 0.7158244369082073, 'sigma_update': 0.3532612833918733, 'eta_learning': 1.0714990452104118, 'sigma_boundary': 8.76650685139737, 'alpha': 0.39787034455368697}. Best is trial 109 with value: 0.04203743309540174.
[I 2026-03-04 04:18:10,865] Trial 155 finished with value: 0.08991986564061615 and parameters: {'sigma_noise': 0.28934533242577026, 'A_repulsion': 0.2659744373901259, 'gamma': 0.9775431130221618, 'sigma_update': 0.2141511048792392, 'eta_learning': 0.9110852401945134, 'sigma_boundary': 7.061083669551304, 'alpha': 0.8199071253852779}. Best is trial 109 with value: 0.04203743309540174.
[I 2026-03-04 04:18:26,443] Trial 161 finished with value: 0.25974875655633245 and parameters: {'sigma_noise': 0.12014013093457561, 'A_repulsion': 0.3584777500506823, 'gamma': 0.6882332225632036, 'sigma_update': 0.23747082819402474, 'eta_learning': 2.1634057069183292, 'sigma_boundary': 3.9093453699950467, 'alpha': 0.33520794152496936}. Best is trial 109 with value: 0.04203743309540174.
[I 2026-03-04 04:18:34,576] Trial 157 finished with value: 0.45690098734530704 and parameters: {'sigma_noise': 0.2864696606800307, 'A_repulsion': 0.17571756543786224, 'gamma': 0.749144740557805, 'sigma_update': 0.09971919959473152, 'eta_learning': 0.6608630399739596, 'sigma_boundary': 8.106619377429983, 'alpha': 0.36301026571294936}. Best is trial 109 with value: 0.04203743309540174.
[I 2026-03-04 04:18:37,378] Trial 164 finished with value: 0.11745801661461498 and parameters: {'sigma_noise': 0.1582897882950676, 'A_repulsion': 0.25017042763415875, 'gamma': 0.6405889762400072, 'sigma_update': 0.29532159479822606, 'eta_learning': 1.101545124730621, 'sigma_boundary': 5.384858723768037, 'alpha': 0.43896178903782435}. Best is trial 109 with value: 0.04203743309540174.
[I 2026-03-04 04:18:37,938] Trial 156 finished with value: 0.08317351453607397 and parameters: {'sigma_noise': 0.2546480500945942, 'A_repulsion': 0.27658534982381855, 'gamma': 0.6479735205404514, 'sigma_update': 0.20294634682482615, 'eta_learning': 1.7672231360989294, 'sigma_boundary': 6.039743116933776, 'alpha': 0.6406907468228431}. Best is trial 109 with value: 0.04203743309540174.
[I 2026-03-04 04:18:51,939] Trial 158 finished with value: 0.13333853905535198 and parameters: {'sigma_noise': 0.29860122187417243, 'A_repulsion': 0.21020918071882388, 'gamma': 0.7407235218551664, 'sigma_update': 0.1179006209712867, 'eta_learning': 1.1329750532667502, 'sigma_boundary': 9.164955872566999, 'alpha': 0.6137563745345317}. Best is trial 109 with value: 0.04203743309540174.
[I 2026-03-04 04:18:54,050] Trial 160 finished with value: 0.1069888225367418 and parameters: {'sigma_noise': 0.18067157024038166, 'A_repulsion': 0.37467317240798265, 'gamma': 0.8968321637962692, 'sigma_update': 0.1656780095437055, 'eta_learning': 1.6144359229575638, 'sigma_boundary': 5.97485983807215, 'alpha': 0.6578496322174202}. Best is trial 109 with value: 0.04203743309540174.
[I 2026-03-04 04:19:02,666] Trial 159 finished with value: 0.07573681241738955 and parameters: {'sigma_noise': 0.2646302287606534, 'A_repulsion': 0.29949723659000865, 'gamma': 0.7867514254884498, 'sigma_update': 0.3617346844275707, 'eta_learning': 1.2943057504146893, 'sigma_boundary': 6.405460586346789, 'alpha': 0.5752489283005545}. Best is trial 109 with value: 0.04203743309540174.
[I 2026-03-04 04:19:06,705] Trial 162 finished with value: 0.13206299987345713 and parameters: {'sigma_noise': 0.21248334204198327, 'A_repulsion': 0.26680019179105974, 'gamma': 0.756820182406227, 'sigma_update': 0.32111387736065233, 'eta_learning': 1.2123510775430222, 'sigma_boundary': 5.0737343154829, 'alpha': 0.45278599492817845}. Best is trial 109 with value: 0.04203743309540174.
[I 2026-03-04 04:19:35,457] Trial 163 finished with value: 0.3010251068387719 and parameters: {'sigma_noise': 0.259736711238582, 'A_repulsion': 0.34891267299882994, 'gamma': 0.7378812006598076, 'sigma_update': 0.3043330141049868, 'eta_learning': 0.8239152106022445, 'sigma_boundary': 4.811465268527427, 'alpha': 0.39537717032097386}. Best is trial 109 with value: 0.04203743309540174.
[I 2026-03-04 04:20:16,704] Trial 165 finished with value: 0.0808972768037447 and parameters: {'sigma_noise': 0.3050428826105055, 'A_repulsion': 0.1999869476490023, 'gamma': 0.8039432552581212, 'sigma_update': 0.2023500290246743, 'eta_learning': 1.7035644498230669, 'sigma_boundary': 5.294527274245592, 'alpha': 0.5400528830507989}. Best is trial 109 with value: 0.04203743309540174.
[I 2026-03-04 04:20:24,243] Trial 166 finished with value: 0.24807408620648408 and parameters: {'sigma_noise': 0.29413650692558974, 'A_repulsion': 0.2494405715045163, 'gamma': 0.7865814187663347, 'sigma_update': 0.38257843903198996, 'eta_learning': 0.5512234655027319, 'sigma_boundary': 8.350374790362192, 'alpha': 0.4030390956533312}. Best is trial 109 with value: 0.04203743309540174.
[I 2026-03-04 04:20:30,762] Trial 167 finished with value: 0.058694441032702216 and parameters: {'sigma_noise': 0.23668144595439633, 'A_repulsion': 0.2571861394107784, 'gamma': 0.9566727828917538, 'sigma_update': 0.16138541789119198, 'eta_learning': 1.90637361419645, 'sigma_boundary': 5.665028749503171, 'alpha': 0.5576447883308868}. Best is trial 109 with value: 0.04203743309540174.
[I 2026-03-04 04:21:40,564] Trial 169 finished with value: 0.07260682309570152 and parameters: {'sigma_noise': 0.2593973428216551, 'A_repulsion': 0.3225230826795089, 'gamma': 0.9257713131734928, 'sigma_update': 0.09141534531260123, 'eta_learning': 1.2349237458322277, 'sigma_boundary': 4.475878663840524, 'alpha': 0.640397078645799}. Best is trial 109 with value: 0.04203743309540174.
[I 2026-03-04 04:21:54,742] Trial 168 finished with value: 0.25349766638920346 and parameters: {'sigma_noise': 0.25867345187772556, 'A_repulsion': 0.41052258323552715, 'gamma': 0.7314953709962292, 'sigma_update': 0.3608157588321159, 'eta_learning': 1.3610380846670416, 'sigma_boundary': 7.824913676455692, 'alpha': 0.43082632250648195}. Best is trial 109 with value: 0.04203743309540174.
[I 2026-03-04 04:22:19,230] Trial 174 finished with value: 0.12241010564866897 and parameters: {'sigma_noise': 0.11505588610655255, 'A_repulsion': 0.26749141810691757, 'gamma': 0.8612090038977133, 'sigma_update': 0.18230991140312927, 'eta_learning': 1.612849199523362, 'sigma_boundary': 6.538218923608566, 'alpha': 0.4975983372213152}. Best is trial 109 with value: 0.04203743309540174.
[I 2026-03-04 04:22:22,571] Trial 170 finished with value: 0.07495454845455546 and parameters: {'sigma_noise': 0.24873063916078936, 'A_repulsion': 0.41340323055449935, 'gamma': 0.787222099033582, 'sigma_update': 0.2556331740764789, 'eta_learning': 1.1023338178034032, 'sigma_boundary': 6.349118992852264, 'alpha': 0.5442960590523549}. Best is trial 109 with value: 0.04203743309540174.
[I 2026-03-04 04:22:30,463] Trial 172 finished with value: 0.12367464681185704 and parameters: {'sigma_noise': 0.24435754663559306, 'A_repulsion': 0.3283848653994896, 'gamma': 0.7783416964352013, 'sigma_update': 0.20303127729355222, 'eta_learning': 1.1962283997533134, 'sigma_boundary': 6.0391019225851235, 'alpha': 0.4675184228898103}. Best is trial 109 with value: 0.04203743309540174.
[I 2026-03-04 04:22:46,565] Trial 173 finished with value: 0.10516803080664835 and parameters: {'sigma_noise': 0.20870692900339838, 'A_repulsion': 0.3403194118450801, 'gamma': 0.6876355847259057, 'sigma_update': 0.4621665116804881, 'eta_learning': 1.6397376631772793, 'sigma_boundary': 5.2222214302188315, 'alpha': 0.6522414715868239}. Best is trial 109 with value: 0.04203743309540174.
[I 2026-03-04 04:22:55,565] Trial 171 finished with value: 0.6953397265999295 and parameters: {'sigma_noise': 0.35625178316283757, 'A_repulsion': 0.285836997887694, 'gamma': 0.8202024881336613, 'sigma_update': 0.1808266666015215, 'eta_learning': 0.5636530284541492, 'sigma_boundary': 6.744863825464229, 'alpha': 0.37644839338746655}. Best is trial 109 with value: 0.04203743309540174.
[I 2026-03-04 04:23:11,361] Trial 175 finished with value: 0.12637150612431275 and parameters: {'sigma_noise': 0.20818595977321908, 'A_repulsion': 0.27119608872938916, 'gamma': 0.8155168883862256, 'sigma_update': 0.24817962144587222, 'eta_learning': 2.567200388358684, 'sigma_boundary': 5.4166876766540515, 'alpha': 0.42446100208827287}. Best is trial 109 with value: 0.04203743309540174.
[I 2026-03-04 04:23:21,255] Trial 176 finished with value: 0.06738975083438248 and parameters: {'sigma_noise': 0.24589791527528143, 'A_repulsion': 0.16993459279120662, 'gamma': 0.8607792729090833, 'sigma_update': 0.15999124748714183, 'eta_learning': 1.3595635656469793, 'sigma_boundary': 7.861124213630746, 'alpha': 0.6461261776686125}. Best is trial 109 with value: 0.04203743309540174.
[I 2026-03-04 04:23:49,241] Trial 179 finished with value: 0.40339133245766257 and parameters: {'sigma_noise': 0.26533542268240595, 'A_repulsion': 0.18866757390883432, 'gamma': 0.9175430684950684, 'sigma_update': 0.18974582914124977, 'eta_learning': 1.58226262646539, 'sigma_boundary': 5.184124867229528, 'alpha': 0.3532272371923456}. Best is trial 109 with value: 0.04203743309540174.
[I 2026-03-04 04:23:56,530] Trial 178 finished with value: 0.07755411282467044 and parameters: {'sigma_noise': 0.25671189084009643, 'A_repulsion': 0.21860209678023623, 'gamma': 0.7161024061459152, 'sigma_update': 0.23826320056634182, 'eta_learning': 1.247541450093076, 'sigma_boundary': 3.5454446686770766, 'alpha': 0.6336885903169738}. Best is trial 109 with value: 0.04203743309540174.
[I 2026-03-04 04:23:58,345] Trial 186 finished with value: 0.06429849112996439 and parameters: {'sigma_noise': 0.2097611718692996, 'A_repulsion': 0.11300863895883174, 'gamma': 0.6771162139182982, 'sigma_update': 0.1935144250117181, 'eta_learning': 1.8248924354939753, 'sigma_boundary': 9.80634453510495, 'alpha': 0.5750288414739484}. Best is trial 109 with value: 0.04203743309540174.
[I 2026-03-04 04:24:06,457] Trial 177 finished with value: 0.0850143796844589 and parameters: {'sigma_noise': 0.23223367196769856, 'A_repulsion': 0.39459615391950525, 'gamma': 0.6999829231677352, 'sigma_update': 0.2655487384767013, 'eta_learning': 0.6838315942043545, 'sigma_boundary': 4.305842530139034, 'alpha': 0.5995110805741313}. Best is trial 109 with value: 0.04203743309540174.
[I 2026-03-04 04:24:11,424] Trial 180 finished with value: 0.1799254655144243 and parameters: {'sigma_noise': 0.2146631792111222, 'A_repulsion': 0.3014621104445131, 'gamma': 0.9008826499859093, 'sigma_update': 0.16538378586802532, 'eta_learning': 1.3776809606726053, 'sigma_boundary': 4.561317456329142, 'alpha': 0.4043994879791112}. Best is trial 109 with value: 0.04203743309540174.
[I 2026-03-04 04:24:17,213] Trial 184 finished with value: 0.08482196629885283 and parameters: {'sigma_noise': 0.23486671285281757, 'A_repulsion': 0.14488487540528838, 'gamma': 0.776099288328224, 'sigma_update': 0.09931270763239691, 'eta_learning': 0.7111189012477921, 'sigma_boundary': 3.7280373828208373, 'alpha': 0.6829682250674127}. Best is trial 109 with value: 0.04203743309540174.
[I 2026-03-04 04:24:27,534] Trial 185 finished with value: 0.08937013724734738 and parameters: {'sigma_noise': 0.2623089209465192, 'A_repulsion': 0.16895940305407017, 'gamma': 0.7633370967784125, 'sigma_update': 0.17738894633316943, 'eta_learning': 1.5778600173647186, 'sigma_boundary': 6.100415145634128, 'alpha': 0.47491023558095}. Best is trial 109 with value: 0.04203743309540174.
[I 2026-03-04 04:24:28,214] Trial 183 finished with value: 0.10592885036028937 and parameters: {'sigma_noise': 0.18894261436549614, 'A_repulsion': 0.34683852402191745, 'gamma': 0.9685795258985116, 'sigma_update': 0.16105301213929235, 'eta_learning': 1.3505243827481432, 'sigma_boundary': 6.090823590589496, 'alpha': 0.6002430560528715}. Best is trial 109 with value: 0.04203743309540174.
[I 2026-03-04 04:24:41,426] Trial 181 finished with value: 0.06091513519916571 and parameters: {'sigma_noise': 0.31000267947015636, 'A_repulsion': 0.3092554665607353, 'gamma': 0.8568825207232498, 'sigma_update': 0.28398950737991135, 'eta_learning': 1.152370079332183, 'sigma_boundary': 6.162740600471625, 'alpha': 0.5666978328970856}. Best is trial 109 with value: 0.04203743309540174.
[I 2026-03-04 04:24:48,444] Trial 187 finished with value: 0.1156519423708168 and parameters: {'sigma_noise': 0.24332095486738026, 'A_repulsion': 0.30583518873869764, 'gamma': 0.5003234184606279, 'sigma_update': 0.26307354755163614, 'eta_learning': 1.5675723637046561, 'sigma_boundary': 6.230662772009391, 'alpha': 0.5014008186488015}. Best is trial 109 with value: 0.04203743309540174.
[I 2026-03-04 04:24:50,711] Trial 182 finished with value: 1.6491196240909847 and parameters: {'sigma_noise': 0.330142343021336, 'A_repulsion': 0.279210149462886, 'gamma': 0.79976970110008, 'sigma_update': 0.1854923777422996, 'eta_learning': 0.8237405663024174, 'sigma_boundary': 5.486861851352295, 'alpha': 0.25471488236021855}. Best is trial 109 with value: 0.04203743309540174.
[I 2026-03-04 04:24:59,059] Trial 188 finished with value: 0.0809627066547537 and parameters: {'sigma_noise': 0.2600292237053037, 'A_repulsion': 0.19052864173690043, 'gamma': 0.6653902748271017, 'sigma_update': 0.32598948179669957, 'eta_learning': 1.2929277521428915, 'sigma_boundary': 5.522216556977489, 'alpha': 0.6906222439800612}. Best is trial 109 with value: 0.04203743309540174.
[I 2026-03-04 04:25:03,684] Trial 189 finished with value: 0.05547006640281017 and parameters: {'sigma_noise': 0.23576474051611035, 'A_repulsion': 0.13852810071544386, 'gamma': 0.7512046051662314, 'sigma_update': 0.40077077917564036, 'eta_learning': 0.5308367246142021, 'sigma_boundary': 5.276769149466042, 'alpha': 0.7223822269429587}. Best is trial 109 with value: 0.04203743309540174.
[I 2026-03-04 04:25:26,033] Trial 191 finished with value: 0.07114679457512657 and parameters: {'sigma_noise': 0.2527073028147093, 'A_repulsion': 0.25155824534411686, 'gamma': 0.8283041750621458, 'sigma_update': 0.339045426453325, 'eta_learning': 0.7458121145890265, 'sigma_boundary': 6.033859088228509, 'alpha': 0.771658365025637}. Best is trial 109 with value: 0.04203743309540174.
[I 2026-03-04 04:25:28,017] Trial 190 finished with value: 0.13289098408726924 and parameters: {'sigma_noise': 0.2676937218099346, 'A_repulsion': 0.26020085554086525, 'gamma': 0.3887198872406431, 'sigma_update': 0.08744626441467904, 'eta_learning': 1.0311195755894473, 'sigma_boundary': 5.990557946449754, 'alpha': 0.4801183136386302}. Best is trial 109 with value: 0.04203743309540174.
[I 2026-03-04 04:25:42,219] Trial 196 finished with value: 0.12633543804300995 and parameters: {'sigma_noise': 0.1276223611654385, 'A_repulsion': 0.15362681975549894, 'gamma': 0.7810972665691683, 'sigma_update': 0.38217826011402356, 'eta_learning': 1.5241312520736487, 'sigma_boundary': 7.8684211701652975, 'alpha': 0.7664837236451929}. Best is trial 109 with value: 0.04203743309540174.
[I 2026-03-04 04:25:49,887] Trial 192 finished with value: 0.05109007429149752 and parameters: {'sigma_noise': 0.2993705873610825, 'A_repulsion': 0.12312070341535007, 'gamma': 0.8603361622472091, 'sigma_update': 0.2858504006247777, 'eta_learning': 1.2518577269251199, 'sigma_boundary': 8.980747778477937, 'alpha': 0.7303099564146522}. Best is trial 109 with value: 0.04203743309540174.
