[I 2026-03-04 03:47:05,717] Trial 25 finished with value: 0.10316114070256402 and parameters: {'sigma_noise': 0.25535695938024355, 'A_repulsion': 0.16275039937462954, 'gamma': 0.5739623321169673, 'sigma_update': 0.19502512550708312, 'eta_learning': 1.0392678581115165, 'sigma_boundary': 3.309921092312026, 'alpha': 0.48467674156237267}. Best is trial 4 with value: 0.08969631477648796.
[I 2026-03-04 03:47:27,320] Trial 29 finished with value: 0.14818697838186462 and parameters: {'sigma_noise': 0.15875276528064203, 'A_repulsion': 0.299603964821552, 'gamma': 0.5276582446909026, 'sigma_update': 0.25214744050283566, 'eta_learning': 1.7980987076442456, 'sigma_boundary': 6.838285655134791, 'alpha': 0.4171758935882023}. Best is trial 4 with value: 0.08969631477648796.
[I 2026-03-04 03:47:34,322] Trial 32 finished with value: 0.16444754363867498 and parameters: {'sigma_noise': 0.132830512336971, 'A_repulsion': 0.10198962965341485, 'gamma': 0.3009176423179008, 'sigma_update': 0.42854175860277915, 'eta_learning': 2.2356149666769385, 'sigma_boundary': 3.553163682785994, 'alpha': 0.6709483038313457}. Best is trial 4 with value: 0.08969631477648796.
[I 2026-03-04 03:47:49,621] Trial 26 finished with value: 0.080973806876897 and parameters: {'sigma_noise': 0.23470671113010227, 'A_repulsion': 0.2993784512313587, 'gamma': 0.7058717249868792, 'sigma_update': 0.33218424487370873, 'eta_learning': 2.591741204675267, 'sigma_boundary': 4.693525153732657, 'alpha': 0.6360689231809906}. Best is trial 26 with value: 0.080973806876897.
[I 2026-03-04 03:47:57,020] Trial 27 finished with value: 0.16739188945257616 and parameters: {'sigma_noise': 0.25408847515694494, 'A_repulsion': 0.24138609699557148, 'gamma': 0.45999463754493614, 'sigma_update': 0.2946004196740591, 'eta_learning': 1.1169954964790563, 'sigma_boundary': 6.165874291783571, 'alpha': 0.45830461313995263}. Best is trial 26 with value: 0.080973806876897.
[I 2026-03-04 03:47:59,099] Trial 28 finished with value: 0.127772849769235 and parameters: {'sigma_noise': 0.15926747460302637, 'A_repulsion': 0.4115407371304476, 'gamma': 0.5709240876037901, 'sigma_update': 0.15618974953634832, 'eta_learning': 1.4172046929845092, 'sigma_boundary': 2.1123769269700383, 'alpha': 0.4243573076544669}. Best is trial 26 with value: 0.080973806876897.
[I 2026-03-04 03:48:11,868] Trial 24 finished with value: 1.5909518459455152 and parameters: {'sigma_noise': 0.35835400460170325, 'A_repulsion': 0.3135618855677095, 'gamma': 0.6449023957879174, 'sigma_update': 0.22398283965818722, 'eta_learning': 1.16267046613064, 'sigma_boundary': 2.7034136192117213, 'alpha': 0.29658063946042335}. Best is trial 26 with value: 0.080973806876897.
[I 2026-03-04 03:48:46,522] Trial 31 finished with value: 0.16455806139262347 and parameters: {'sigma_noise': 0.30094846538036235, 'A_repulsion': 0.25876616433835314, 'gamma': 0.4815699904005741, 'sigma_update': 0.36368777738028374, 'eta_learning': 1.2981273474437967, 'sigma_boundary': 4.13626915925795, 'alpha': 0.5530148133332643}. Best is trial 26 with value: 0.080973806876897.
[I 2026-03-04 03:48:48,942] Trial 43 finished with value: 0.09493952860351473 and parameters: {'sigma_noise': 0.14536585446870864, 'A_repulsion': 0.22444928407586492, 'gamma': 0.7001912487659907, 'sigma_update': 0.2759683052093002, 'eta_learning': 1.0928984038239427, 'sigma_boundary': 6.533147545244783, 'alpha': 0.5893168303156339}. Best is trial 26 with value: 0.080973806876897.
[I 2026-03-04 03:48:50,890] Trial 34 finished with value: 0.14799446646797473 and parameters: {'sigma_noise': 0.22323128997472214, 'A_repulsion': 0.2996661935320966, 'gamma': 0.33171221822606073, 'sigma_update': 0.32270223460828273, 'eta_learning': 1.7353552024207857, 'sigma_boundary': 5.300077118716715, 'alpha': 0.5237262040355168}. Best is trial 26 with value: 0.080973806876897.
[I 2026-03-04 03:49:08,386] Trial 39 finished with value: 0.12356748797698988 and parameters: {'sigma_noise': 0.24611252915477605, 'A_repulsion': 0.15759722534124385, 'gamma': 0.34234846270324065, 'sigma_update': 0.39678355118030495, 'eta_learning': 2.249641652323813, 'sigma_boundary': 5.261171336191435, 'alpha': 0.9544164395104412}. Best is trial 26 with value: 0.080973806876897.
[I 2026-03-04 03:49:10,147] Trial 44 finished with value: 0.09229877148489257 and parameters: {'sigma_noise': 0.2003701592524691, 'A_repulsion': 0.1841984534031521, 'gamma': 0.6388134120137686, 'sigma_update': 0.31131169594390246, 'eta_learning': 1.6558411176490164, 'sigma_boundary': 5.892806786614524, 'alpha': 0.6269252197538886}. Best is trial 26 with value: 0.080973806876897.
[I 2026-03-04 03:49:18,344] Trial 33 finished with value: 0.21495456534727356 and parameters: {'sigma_noise': 0.2989317869760038, 'A_repulsion': 0.3039489980876144, 'gamma': 0.3900596410241859, 'sigma_update': 0.36497303223924804, 'eta_learning': 0.5473060902563585, 'sigma_boundary': 8.658741621958207, 'alpha': 0.4902590303890871}. Best is trial 26 with value: 0.080973806876897.
[I 2026-03-04 03:49:23,782] Trial 35 finished with value: 0.17869737029410715 and parameters: {'sigma_noise': 0.34456787060146465, 'A_repulsion': 0.16513880721428223, 'gamma': 0.7126669015600713, 'sigma_update': 0.43091736561870886, 'eta_learning': 1.4324081030621032, 'sigma_boundary': 3.6492339600265375, 'alpha': 0.5563707333665533}. Best is trial 26 with value: 0.080973806876897.
[I 2026-03-04 03:49:30,291] Trial 36 finished with value: 0.1065365455558976 and parameters: {'sigma_noise': 0.28468747530610805, 'A_repulsion': 0.29232766506612146, 'gamma': 0.45230608498149155, 'sigma_update': 0.22680126549718402, 'eta_learning': 1.6152048677099424, 'sigma_boundary': 5.648273607597261, 'alpha': 0.6478328055228468}. Best is trial 26 with value: 0.080973806876897.
[I 2026-03-04 03:49:39,945] Trial 38 finished with value: 1.6065085248300397 and parameters: {'sigma_noise': 0.23219400181484134, 'A_repulsion': 0.3535328936544105, 'gamma': 0.3873687456847766, 'sigma_update': 0.5086116899310168, 'eta_learning': 1.430544889929661, 'sigma_boundary': 4.87004174872203, 'alpha': 0.22545142627466008}. Best is trial 26 with value: 0.080973806876897.
[I 2026-03-04 03:49:53,548] Trial 40 finished with value: 0.12402149667726375 and parameters: {'sigma_noise': 0.29540128152898454, 'A_repulsion': 0.23171871768474225, 'gamma': 0.6723481401431395, 'sigma_update': 0.31977973904625884, 'eta_learning': 0.4567853700731906, 'sigma_boundary': 5.73981285121483, 'alpha': 0.49271623245588736}. Best is trial 26 with value: 0.080973806876897.
[I 2026-03-04 03:50:03,641] Trial 42 finished with value: 0.12443459802948546 and parameters: {'sigma_noise': 0.2469583158235482, 'A_repulsion': 0.3456245293232717, 'gamma': 0.5066538042095253, 'sigma_update': 0.30482940596059893, 'eta_learning': 0.7325798678491712, 'sigma_boundary': 1.410185078701673, 'alpha': 0.46294630688159805}. Best is trial 26 with value: 0.080973806876897.
[I 2026-03-04 03:50:04,709] Trial 37 finished with value: 1.229910490140988 and parameters: {'sigma_noise': 0.3974270111443185, 'A_repulsion': 0.22659835648765927, 'gamma': 0.08001164143988916, 'sigma_update': 0.5937427104322647, 'eta_learning': 2.647712653009189, 'sigma_boundary': 7.158728740445413, 'alpha': 0.3341065977731914}. Best is trial 26 with value: 0.080973806876897.
[I 2026-03-04 03:50:06,817] Trial 41 finished with value: 0.09289276966978705 and parameters: {'sigma_noise': 0.27184336467704967, 'A_repulsion': 0.33807951501712047, 'gamma': 0.572333671002594, 'sigma_update': 0.18716407318079975, 'eta_learning': 1.4625533232551369, 'sigma_boundary': 4.6101509291391, 'alpha': 0.6244028678561314}. Best is trial 26 with value: 0.080973806876897.
[I 2026-03-04 03:50:19,890] Trial 45 finished with value: 0.3711787148466513 and parameters: {'sigma_noise': 0.29118189997957294, 'A_repulsion': 0.1955534173191677, 'gamma': 0.27319069223337694, 'sigma_update': 0.5363975156398471, 'eta_learning': 1.3833906977548942, 'sigma_boundary': 6.19590447953165, 'alpha': 0.5476589860029406}. Best is trial 26 with value: 0.080973806876897.
[I 2026-03-04 03:50:20,928] Trial 46 finished with value: 0.2484818282564963 and parameters: {'sigma_noise': 0.2299240725557894, 'A_repulsion': 0.26822679143856926, 'gamma': 0.6652939594876593, 'sigma_update': 0.5343509458844276, 'eta_learning': 1.6169692496535057, 'sigma_boundary': 7.128151999566079, 'alpha': 0.4998185552120315}. Best is trial 26 with value: 0.080973806876897.
[I 2026-03-04 03:50:24,928] Trial 47 finished with value: 0.11240452202314621 and parameters: {'sigma_noise': 0.20393112722156942, 'A_repulsion': 0.2704252570398856, 'gamma': 0.5541111920965371, 'sigma_update': 0.12763840205594232, 'eta_learning': 1.8732573124418737, 'sigma_boundary': 6.06702538934642, 'alpha': 0.47150230092040624}. Best is trial 26 with value: 0.080973806876897.
[I 2026-03-04 03:52:48,973] Trial 48 finished with value: 0.13322716771131876 and parameters: {'sigma_noise': 0.18785386082731104, 'A_repulsion': 0.32027276929505233, 'gamma': 0.3002075677063676, 'sigma_update': 0.2552841981355654, 'eta_learning': 1.5046130628093126, 'sigma_boundary': 5.497926343196287, 'alpha': 0.6985158196690193}. Best is trial 26 with value: 0.080973806876897.
[I 2026-03-04 03:52:49,996] Trial 51 finished with value: 0.18603897014327442 and parameters: {'sigma_noise': 0.18928555333634256, 'A_repulsion': 0.16364303002438685, 'gamma': 0.41030870379356627, 'sigma_update': 0.387069417599296, 'eta_learning': 2.0008592391187388, 'sigma_boundary': 2.2155329009361964, 'alpha': 0.5061170939020845}. Best is trial 26 with value: 0.080973806876897.
[I 2026-03-04 03:52:55,184] Trial 50 finished with value: 0.26268139564510595 and parameters: {'sigma_noise': 0.1748195195294508, 'A_repulsion': 0.1997200153066761, 'gamma': 0.2797790835355171, 'sigma_update': 0.2979343932264321, 'eta_learning': 1.6461054444479504, 'sigma_boundary': 4.4050942724005955, 'alpha': 0.36650484063658584}. Best is trial 26 with value: 0.080973806876897.
[I 2026-03-04 03:53:23,648] Trial 54 finished with value: 0.3494089196081632 and parameters: {'sigma_noise': 0.19073766780657653, 'A_repulsion': 0.1943940486221381, 'gamma': 0.5428265356353066, 'sigma_update': 0.32311570428824393, 'eta_learning': 2.240596621534446, 'sigma_boundary': 3.2196853386926647, 'alpha': 0.35152130964204537}. Best is trial 26 with value: 0.080973806876897.
[I 2026-03-04 03:53:32,905] Trial 52 finished with value: 0.08583693190649845 and parameters: {'sigma_noise': 0.23352729371703562, 'A_repulsion': 0.15499575405058696, 'gamma': 0.5809073942715337, 'sigma_update': 0.40488101854324077, 'eta_learning': 2.0284331069105597, 'sigma_boundary': 4.4585432322261225, 'alpha': 0.8532977691067904}. Best is trial 26 with value: 0.080973806876897.
[I 2026-03-04 03:53:37,496] Trial 49 finished with value: 0.2685498213143434 and parameters: {'sigma_noise': 0.2863058162802494, 'A_repulsion': 0.36073729482583505, 'gamma': 0.20576977702363555, 'sigma_update': 0.39092909642987406, 'eta_learning': 0.8167899882766673, 'sigma_boundary': 4.994620546668234, 'alpha': 0.44290481753572053}. Best is trial 26 with value: 0.080973806876897.
[I 2026-03-04 03:53:55,904] Trial 58 finished with value: 0.1464642450496586 and parameters: {'sigma_noise': 0.10462737501258049, 'A_repulsion': 0.2868857231870789, 'gamma': 0.5238238668620744, 'sigma_update': 0.32950357174327016, 'eta_learning': 1.9060122894564764, 'sigma_boundary': 4.291651729113056, 'alpha': 0.6108659209044671}. Best is trial 26 with value: 0.080973806876897.
[I 2026-03-04 03:54:04,081] Trial 55 finished with value: 0.4653061142894446 and parameters: {'sigma_noise': 0.21471001276209584, 'A_repulsion': 0.24725832993953656, 'gamma': 0.4967228698396738, 'sigma_update': 0.30191971809972895, 'eta_learning': 1.4356915407691933, 'sigma_boundary': 5.595714743664282, 'alpha': 0.32133072079257496}. Best is trial 26 with value: 0.080973806876897.
[I 2026-03-04 03:54:10,538] Trial 53 finished with value: 0.9649875236145974 and parameters: {'sigma_noise': 0.31515381768395534, 'A_repulsion': 0.2208692846259022, 'gamma': 0.510155720136377, 'sigma_update': 0.38711136051849826, 'eta_learning': 1.2072633812311593, 'sigma_boundary': 4.555092737598216, 'alpha': 0.31884292827932126}. Best is trial 26 with value: 0.080973806876897.
[I 2026-03-04 03:54:26,398] Trial 57 finished with value: 0.09154332442670174 and parameters: {'sigma_noise': 0.19854068887131432, 'A_repulsion': 0.2362185525040015, 'gamma': 0.7077025583787021, 'sigma_update': 0.30428479135649567, 'eta_learning': 1.623987459887173, 'sigma_boundary': 3.7121048592054304, 'alpha': 0.5440899794480981}. Best is trial 26 with value: 0.080973806876897.
[I 2026-03-04 03:54:48,335] Trial 62 finished with value: 0.12797906267763876 and parameters: {'sigma_noise': 0.1382671919699888, 'A_repulsion': 0.40410859988442316, 'gamma': 0.7554464970914984, 'sigma_update': 0.373924523778339, 'eta_learning': 2.0799102767910274, 'sigma_boundary': 5.195138343890453, 'alpha': 0.4799888449437923}. Best is trial 26 with value: 0.080973806876897.
[I 2026-03-04 03:55:03,919] Trial 59 finished with value: 0.08493326158505113 and parameters: {'sigma_noise': 0.2535048613026682, 'A_repulsion': 0.2460229062949075, 'gamma': 0.5012735675127042, 'sigma_update': 0.24142420898435502, 'eta_learning': 0.9910949642354766, 'sigma_boundary': 4.007305433531006, 'alpha': 0.5454295022766356}. Best is trial 26 with value: 0.080973806876897.
[I 2026-03-04 03:55:05,806] Trial 56 finished with value: 0.1956236802900337 and parameters: {'sigma_noise': 0.2729433336241632, 'A_repulsion': 0.23389117870785392, 'gamma': 0.6760399887019345, 'sigma_update': 0.33353867241480883, 'eta_learning': 2.3928334346770193, 'sigma_boundary': 4.5151722678672295, 'alpha': 0.4557626854792902}. Best is trial 26 with value: 0.080973806876897.
[I 2026-03-04 03:55:06,658] Trial 65 finished with value: 0.18495411181551946 and parameters: {'sigma_noise': 0.1460858925509681, 'A_repulsion': 0.2893879674541025, 'gamma': 0.6598923639486419, 'sigma_update': 0.32812501185591236, 'eta_learning': 2.362507291801709, 'sigma_boundary': 3.232552332456689, 'alpha': 0.3923595060170827}. Best is trial 26 with value: 0.080973806876897.
[I 2026-03-04 03:55:15,472] Trial 63 finished with value: 0.053904023428876686 and parameters: {'sigma_noise': 0.2586424193085402, 'A_repulsion': 0.1889608656949135, 'gamma': 0.916276963219095, 'sigma_update': 0.20115173354611657, 'eta_learning': 1.8871577370627826, 'sigma_boundary': 5.642770566228629, 'alpha': 0.5881301430927194}. Best is trial 63 with value: 0.053904023428876686.
[I 2026-03-04 03:55:28,395] Trial 60 finished with value: 0.15220283426608328 and parameters: {'sigma_noise': 0.26614586788945416, 'A_repulsion': 0.3428114111435561, 'gamma': 0.7639203361897201, 'sigma_update': 0.38053647287952663, 'eta_learning': 2.195043580858493, 'sigma_boundary': 4.937840839181431, 'alpha': 0.4772588185258997}. Best is trial 63 with value: 0.053904023428876686.
[I 2026-03-04 03:55:32,352] Trial 64 finished with value: 0.06880200111941383 and parameters: {'sigma_noise': 0.253411270385385, 'A_repulsion': 0.23636491525400155, 'gamma': 0.7512925539571518, 'sigma_update': 0.38324418938146465, 'eta_learning': 1.5878557850124566, 'sigma_boundary': 5.3482702695704045, 'alpha': 0.7071972747752047}. Best is trial 63 with value: 0.053904023428876686.
[I 2026-03-04 03:55:34,779] Trial 61 finished with value: 0.11306447207927194 and parameters: {'sigma_noise': 0.24029787050223023, 'A_repulsion': 0.31629255548498925, 'gamma': 0.8063949699011266, 'sigma_update': 0.45526119474407256, 'eta_learning': 1.504850106610564, 'sigma_boundary': 6.171716204091592, 'alpha': 0.5376377542671528}. Best is trial 63 with value: 0.053904023428876686.
[I 2026-03-04 03:55:50,139] Trial 66 finished with value: 0.15432118974118986 and parameters: {'sigma_noise': 0.15626844881358976, 'A_repulsion': 0.40665664908007854, 'gamma': 0.6832397738790525, 'sigma_update': 0.312251011762726, 'eta_learning': 2.323085143041022, 'sigma_boundary': 2.2603482311606498, 'alpha': 0.4021766296455565}. Best is trial 63 with value: 0.053904023428876686.
[I 2026-03-04 03:55:53,645] Trial 71 finished with value: 0.09327033947197652 and parameters: {'sigma_noise': 0.21760270935587428, 'A_repulsion': 0.20098913668618856, 'gamma': 0.6531366910271345, 'sigma_update': 0.29034064262642834, 'eta_learning': 1.9257617126663005, 'sigma_boundary': 3.43014536121206, 'alpha': 0.5515062576733196}. Best is trial 63 with value: 0.053904023428876686.
[I 2026-03-04 03:56:09,822] Trial 67 finished with value: 0.15939567346293548 and parameters: {'sigma_noise': 0.23947494749563086, 'A_repulsion': 0.28584771961075967, 'gamma': 0.5460042884999246, 'sigma_update': 0.08003865560232588, 'eta_learning': 1.6976062035360973, 'sigma_boundary': 2.987038122323669, 'alpha': 0.6383055436066027}. Best is trial 63 with value: 0.053904023428876686.
[I 2026-03-04 03:56:21,594] Trial 69 finished with value: 0.939316806901608 and parameters: {'sigma_noise': 0.24370143637353625, 'A_repulsion': 0.26672240550928417, 'gamma': 0.642549384819554, 'sigma_update': 0.19529772523820313, 'eta_learning': 1.7154538041605754, 'sigma_boundary': 5.338232783140719, 'alpha': 0.2946350525677483}. Best is trial 63 with value: 0.053904023428876686.
[I 2026-03-04 03:56:23,976] Trial 68 finished with value: 1.8152817409118382 and parameters: {'sigma_noise': 0.19824098411669072, 'A_repulsion': 0.41714187928362645, 'gamma': 0.7205981289812097, 'sigma_update': 0.27964375538624914, 'eta_learning': 2.226492739021145, 'sigma_boundary': 4.2968558515362245, 'alpha': 0.2105868221492193}. Best is trial 63 with value: 0.053904023428876686.
[I 2026-03-04 03:56:32,820] Trial 70 finished with value: 0.09983952844463441 and parameters: {'sigma_noise': 0.24933423665617532, 'A_repulsion': 0.29859846511997024, 'gamma': 0.6602528084011576, 'sigma_update': 0.20466680396961331, 'eta_learning': 1.9479443968560257, 'sigma_boundary': 4.876705304891012, 'alpha': 0.5453051174820631}. Best is trial 63 with value: 0.053904023428876686.
[I 2026-03-04 03:58:12,847] Trial 72 finished with value: 0.08905008085952448 and parameters: {'sigma_noise': 0.16921563811602142, 'A_repulsion': 0.1946526271707682, 'gamma': 0.703603388188371, 'sigma_update': 0.11991597462461047, 'eta_learning': 2.572429043762349, 'sigma_boundary': 4.00790788426549, 'alpha': 0.5198114113402937}. Best is trial 63 with value: 0.053904023428876686.
[I 2026-03-04 03:58:55,899] Trial 73 finished with value: 0.07886534743853321 and parameters: {'sigma_noise': 0.2554614756083591, 'A_repulsion': 0.24115330094232995, 'gamma': 0.7643554655984812, 'sigma_update': 0.3828619430184568, 'eta_learning': 1.8669929540986865, 'sigma_boundary': 0.9327037572503442, 'alpha': 0.8109003299589757}. Best is trial 63 with value: 0.053904023428876686.
[I 2026-03-04 03:59:08,565] Trial 74 finished with value: 0.7948431858242089 and parameters: {'sigma_noise': 0.3583988023580951, 'A_repulsion': 0.1719702822587517, 'gamma': 0.8402186548052439, 'sigma_update': 0.26171746582609556, 'eta_learning': 2.1250513316125192, 'sigma_boundary': 5.062035062566889, 'alpha': 0.3463539186215647}. Best is trial 63 with value: 0.053904023428876686.
[I 2026-03-04 03:59:12,505] Trial 76 finished with value: 0.09325329113503648 and parameters: {'sigma_noise': 0.2244608061528756, 'A_repulsion': 0.21248963885421457, 'gamma': 0.7315415249656951, 'sigma_update': 0.12605197181598568, 'eta_learning': 1.2787996596498037, 'sigma_boundary': 4.634597581164288, 'alpha': 0.603167913333957}. Best is trial 63 with value: 0.053904023428876686.
[I 2026-03-04 03:59:28,128] Trial 81 finished with value: 0.26003668663836466 and parameters: {'sigma_noise': 0.10923937226039204, 'A_repulsion': 0.31264135564453077, 'gamma': 0.5873319258472874, 'sigma_update': 0.36778311754840165, 'eta_learning': 2.4033772935121864, 'sigma_boundary': 4.685786272784733, 'alpha': 0.3640187595449751}. Best is trial 63 with value: 0.053904023428876686.
[I 2026-03-04 03:59:28,805] Trial 75 finished with value: 0.1332181433536127 and parameters: {'sigma_noise': 0.19150339765127256, 'A_repulsion': 0.36566810043228126, 'gamma': 0.6457894100477061, 'sigma_update': 0.20160709227673448, 'eta_learning': 2.7964356826974486, 'sigma_boundary': 5.541532806079864, 'alpha': 0.43047238332884424}. Best is trial 63 with value: 0.053904023428876686.
[I 2026-03-04 03:59:46,639] Trial 77 finished with value: 0.10937504984264017 and parameters: {'sigma_noise': 0.22877492463207844, 'A_repulsion': 0.3306044184967812, 'gamma': 0.46675721819871635, 'sigma_update': 0.3171228413347895, 'eta_learning': 1.307365400650275, 'sigma_boundary': 2.51877655979006, 'alpha': 0.7475412964805529}. Best is trial 63 with value: 0.053904023428876686.
[I 2026-03-04 04:00:10,342] Trial 85 finished with value: 0.09634495647567451 and parameters: {'sigma_noise': 0.1595650164117573, 'A_repulsion': 0.1802907109877792, 'gamma': 0.5005207151211938, 'sigma_update': 0.24441537035558458, 'eta_learning': 1.8855237062878745, 'sigma_boundary': 1.3653912214990362, 'alpha': 0.6275459586870956}. Best is trial 63 with value: 0.053904023428876686.
[I 2026-03-04 04:00:13,326] Trial 79 finished with value: 0.14575336678979212 and parameters: {'sigma_noise': 0.25159883723880894, 'A_repulsion': 0.3568765585219645, 'gamma': 0.640209139588861, 'sigma_update': 0.16769849788219732, 'eta_learning': 1.6111693789913923, 'sigma_boundary': 3.0661952999874305, 'alpha': 0.45255248394759573}. Best is trial 63 with value: 0.053904023428876686.
[I 2026-03-04 04:00:17,642] Trial 80 finished with value: 0.06361968935403517 and parameters: {'sigma_noise': 0.21913197726833195, 'A_repulsion': 0.306900455080138, 'gamma': 0.8852051921584476, 'sigma_update': 0.36992780286565724, 'eta_learning': 1.9241955485698665, 'sigma_boundary': 3.7404186267408392, 'alpha': 0.5383004197268857}. Best is trial 63 with value: 0.053904023428876686.
