[I 2026-03-04 03:33:11,227] Trial 168 finished with value: 0.05519846077034199 and parameters: {'sigma_noise': 0.21730749216394635, 'A_repulsion': 0.2694103097622859, 'gamma': 0.8059193442750102, 'sigma_update': 0.44747920790466933, 'eta_learning': 2.01225055714302, 'sigma_boundary': 4.318204913636654, 'alpha': 0.6218894634940834}. Best is trial 163 with value: 0.04687538869885384.
[I 2026-03-04 03:33:15,360] Trial 175 finished with value: 0.04615286136796925 and parameters: {'sigma_noise': 0.27129409857828657, 'A_repulsion': 0.023153254926683464, 'gamma': 0.8745992350302562, 'sigma_update': 0.44630784815265423, 'eta_learning': 1.311504109640551, 'sigma_boundary': 2.908433028441304, 'alpha': 0.6640328228756613}. Best is trial 175 with value: 0.04615286136796925.
[I 2026-03-04 03:33:26,699] Trial 170 finished with value: 0.07494310754657463 and parameters: {'sigma_noise': 0.2948614022100942, 'A_repulsion': 0.1587041945226521, 'gamma': 0.8163556571919689, 'sigma_update': 0.2840217602223866, 'eta_learning': 0.8510011591166016, 'sigma_boundary': 3.2105230742026314, 'alpha': 0.4862308279965717}. Best is trial 175 with value: 0.04615286136796925.
[I 2026-03-04 03:33:26,761] Trial 173 finished with value: 0.07075448292351855 and parameters: {'sigma_noise': 0.1657509749893758, 'A_repulsion': 0.19760892758583964, 'gamma': 0.684617007111971, 'sigma_update': 0.28731037857455083, 'eta_learning': 1.3803218097668573, 'sigma_boundary': 4.39234417959562, 'alpha': 0.567996786780285}. Best is trial 175 with value: 0.04615286136796925.
[I 2026-03-04 03:33:29,181] Trial 169 finished with value: 0.0704653287205902 and parameters: {'sigma_noise': 0.3417337825290845, 'A_repulsion': 0.08427733185785469, 'gamma': 0.7472280493647019, 'sigma_update': 0.30256167059231953, 'eta_learning': 1.0972262190229851, 'sigma_boundary': 3.323645491582471, 'alpha': 0.813494324679185}. Best is trial 175 with value: 0.04615286136796925.
[I 2026-03-04 03:33:57,322] Trial 172 finished with value: 0.07289304870525938 and parameters: {'sigma_noise': 0.33144777915478074, 'A_repulsion': 0.12030125852879539, 'gamma': 0.8653368526819991, 'sigma_update': 0.2695852738963535, 'eta_learning': 0.8439435314731725, 'sigma_boundary': 2.324358972289832, 'alpha': 0.5264505643983771}. Best is trial 175 with value: 0.04615286136796925.
[I 2026-03-04 03:33:58,694] Trial 171 finished with value: 0.06392195711089134 and parameters: {'sigma_noise': 0.32246709555993214, 'A_repulsion': 0.17619294730728513, 'gamma': 0.7997429005294385, 'sigma_update': 0.2958746827323487, 'eta_learning': 1.1592387232412766, 'sigma_boundary': 1.9937551840407763, 'alpha': 0.7048585129164446}. Best is trial 175 with value: 0.04615286136796925.
[I 2026-03-04 03:34:04,739] Trial 174 finished with value: 0.15383125372661202 and parameters: {'sigma_noise': 0.3822090152279904, 'A_repulsion': 0.057457577540006674, 'gamma': 0.6108999065388598, 'sigma_update': 0.31110836026118827, 'eta_learning': 1.3605013775352066, 'sigma_boundary': 4.049313986200487, 'alpha': 0.5177413127273145}. Best is trial 175 with value: 0.04615286136796925.
[I 2026-03-04 03:34:08,430] Trial 176 finished with value: 0.06684152865907003 and parameters: {'sigma_noise': 0.3295218207688869, 'A_repulsion': 0.08502071870214468, 'gamma': 0.9536502494853748, 'sigma_update': 0.1870911641127928, 'eta_learning': 1.3441523224694811, 'sigma_boundary': 3.5031138688116474, 'alpha': 0.6239601864064473}. Best is trial 175 with value: 0.04615286136796925.
[I 2026-03-04 03:34:22,449] Trial 179 finished with value: 0.05917550592299558 and parameters: {'sigma_noise': 0.3133576882061673, 'A_repulsion': 0.08318590340300325, 'gamma': 0.8877081261781432, 'sigma_update': 0.18037631663626483, 'eta_learning': 2.1229169121057265, 'sigma_boundary': 2.291147303137168, 'alpha': 0.5145164799492189}. Best is trial 175 with value: 0.04615286136796925.
[I 2026-03-04 03:34:45,955] Trial 177 finished with value: 0.07115529709165767 and parameters: {'sigma_noise': 0.3273380917603408, 'A_repulsion': 0.24326119008262723, 'gamma': 0.7423097730975949, 'sigma_update': 0.3428924898499753, 'eta_learning': 1.9593817599379164, 'sigma_boundary': 5.50639211066577, 'alpha': 0.6556246323969899}. Best is trial 175 with value: 0.04615286136796925.
[I 2026-03-04 03:35:10,758] Trial 180 finished with value: 0.11465293792734095 and parameters: {'sigma_noise': 0.37537151732637847, 'A_repulsion': 0.0991003962678985, 'gamma': 0.8961552031213207, 'sigma_update': 0.3525316079629194, 'eta_learning': 1.2082676848990541, 'sigma_boundary': 3.979568609916109, 'alpha': 0.4770543032151413}. Best is trial 175 with value: 0.04615286136796925.
[I 2026-03-04 03:35:16,853] Trial 181 finished with value: 0.10512966245759738 and parameters: {'sigma_noise': 0.2793636228300662, 'A_repulsion': 0.22397733478351667, 'gamma': 0.9168896731958714, 'sigma_update': 0.2354709016534807, 'eta_learning': 1.6058302773673117, 'sigma_boundary': 2.1244007242779395, 'alpha': 0.7105292807335095}. Best is trial 175 with value: 0.04615286136796925.
[I 2026-03-04 03:35:30,464] Trial 183 finished with value: 0.2715696145759449 and parameters: {'sigma_noise': 0.29646967593099016, 'A_repulsion': 0.09811811589737285, 'gamma': 0.4515383901737965, 'sigma_update': 0.4981537075655402, 'eta_learning': 1.025137213410112, 'sigma_boundary': 2.539833711354582, 'alpha': 0.5066177960032197}. Best is trial 175 with value: 0.04615286136796925.
[I 2026-03-04 03:35:38,740] Trial 187 finished with value: 0.06653773188920153 and parameters: {'sigma_noise': 0.16680718421959465, 'A_repulsion': 0.13900253867926657, 'gamma': 0.6849529479328832, 'sigma_update': 0.2581217206446497, 'eta_learning': 1.5901482921711083, 'sigma_boundary': 1.8528266720280786, 'alpha': 0.5507830548917007}. Best is trial 175 with value: 0.04615286136796925.
[I 2026-03-04 03:35:46,258] Trial 184 finished with value: 0.0545508951507718 and parameters: {'sigma_noise': 0.2942922129929598, 'A_repulsion': 0.0923298638132515, 'gamma': 0.9083192962001843, 'sigma_update': 0.2048592525874468, 'eta_learning': 0.9509288846961135, 'sigma_boundary': 2.9603651422223622, 'alpha': 0.5920849529438323}. Best is trial 175 with value: 0.04615286136796925.
[I 2026-03-04 03:35:51,964] Trial 182 finished with value: 0.07677374731950708 and parameters: {'sigma_noise': 0.3505393193727641, 'A_repulsion': 0.1681511515892075, 'gamma': 0.7737424292150727, 'sigma_update': 0.270651143952415, 'eta_learning': 1.4941131514956223, 'sigma_boundary': 2.990891941222273, 'alpha': 0.8142355215258583}. Best is trial 175 with value: 0.04615286136796925.
[I 2026-03-04 03:35:53,172] Trial 185 finished with value: 0.10083368219385513 and parameters: {'sigma_noise': 0.2434339030560002, 'A_repulsion': 0.2170499103539858, 'gamma': 0.9898859465966365, 'sigma_update': 0.22100728457734495, 'eta_learning': 1.6884913573347629, 'sigma_boundary': 4.006472771073197, 'alpha': 0.6873532745684712}. Best is trial 175 with value: 0.04615286136796925.
[I 2026-03-04 03:36:24,681] Trial 186 finished with value: 0.0933532062350999 and parameters: {'sigma_noise': 0.3923127846190961, 'A_repulsion': 0.15220160203549082, 'gamma': 0.9269195481829636, 'sigma_update': 0.2494565672595434, 'eta_learning': 1.3368877144508444, 'sigma_boundary': 4.2513880828706965, 'alpha': 0.700087444918264}. Best is trial 175 with value: 0.04615286136796925.
[I 2026-03-04 03:36:32,990] Trial 190 finished with value: 0.15238986648727554 and parameters: {'sigma_noise': 0.33342771175581887, 'A_repulsion': 0.06734478187417385, 'gamma': 0.5666460462427763, 'sigma_update': 0.3794817187380798, 'eta_learning': 1.3739251446932628, 'sigma_boundary': 6.242592609111992, 'alpha': 0.6035310326725429}. Best is trial 175 with value: 0.04615286136796925.
[I 2026-03-04 03:36:35,367] Trial 191 finished with value: 0.10093889136281511 and parameters: {'sigma_noise': 0.24488600306359748, 'A_repulsion': 0.16686729793557173, 'gamma': 0.9607627673047036, 'sigma_update': 0.20156521691149046, 'eta_learning': 2.337550396433016, 'sigma_boundary': 1.3463155954080661, 'alpha': 0.672321619448847}. Best is trial 175 with value: 0.04615286136796925.
[I 2026-03-04 03:36:38,232] Trial 188 finished with value: 0.1970050350802114 and parameters: {'sigma_noise': 0.409790832022597, 'A_repulsion': 0.04877694521067931, 'gamma': 0.8314888573180469, 'sigma_update': 0.4441182536201347, 'eta_learning': 1.2432897634875297, 'sigma_boundary': 5.211471803037516, 'alpha': 0.471768827396545}. Best is trial 175 with value: 0.04615286136796925.
[I 2026-03-04 03:36:41,235] Trial 189 finished with value: 0.10014439043531517 and parameters: {'sigma_noise': 0.3741098648310896, 'A_repulsion': 0.07789628143344521, 'gamma': 0.8695243730733523, 'sigma_update': 0.31724065123469936, 'eta_learning': 1.8168467003246453, 'sigma_boundary': 4.102124941506392, 'alpha': 0.4897971532161225}. Best is trial 175 with value: 0.04615286136796925.
[I 2026-03-04 03:37:04,778] Trial 195 finished with value: 0.0607822330078241 and parameters: {'sigma_noise': 0.24068597003631292, 'A_repulsion': 0.07036633786077467, 'gamma': 0.6885654423951125, 'sigma_update': 0.3860492638910038, 'eta_learning': 2.0989093840284867, 'sigma_boundary': 3.7932923861321513, 'alpha': 0.6576957815201974}. Best is trial 175 with value: 0.04615286136796925.
[I 2026-03-04 03:37:08,535] Trial 192 finished with value: 0.10377696613175527 and parameters: {'sigma_noise': 0.3423026026334204, 'A_repulsion': 0.07163028583377737, 'gamma': 0.6629187774870129, 'sigma_update': 0.37847409577051233, 'eta_learning': 1.4611624482318735, 'sigma_boundary': 2.4632440837940783, 'alpha': 0.8675210121702903}. Best is trial 175 with value: 0.04615286136796925.
[I 2026-03-04 03:37:14,920] Trial 193 finished with value: 0.08801404975342852 and parameters: {'sigma_noise': 0.20700964183036258, 'A_repulsion': 0.24253140705011972, 'gamma': 0.8853927468318608, 'sigma_update': 0.2803405595852188, 'eta_learning': 1.2870994352163123, 'sigma_boundary': 4.153321127330807, 'alpha': 0.4296349827753302}. Best is trial 175 with value: 0.04615286136796925.
[I 2026-03-04 03:37:17,826] Trial 196 finished with value: 0.21522872706643636 and parameters: {'sigma_noise': 0.26633360722261396, 'A_repulsion': 0.10766888282975416, 'gamma': 0.5886583520903836, 'sigma_update': 0.37184827867101217, 'eta_learning': 0.6324554813345143, 'sigma_boundary': 3.219087594832138, 'alpha': 0.3838504067813263}. Best is trial 175 with value: 0.04615286136796925.
[I 2026-03-04 03:37:18,209] Trial 199 finished with value: 0.10160981750962497 and parameters: {'sigma_noise': 0.17041100644725593, 'A_repulsion': 0.1927772177971663, 'gamma': 0.7968311820772365, 'sigma_update': 0.20570605742613332, 'eta_learning': 1.6561750451464667, 'sigma_boundary': 4.9648805676863965, 'alpha': 0.7193711319922557}. Best is trial 175 with value: 0.04615286136796925.
[I 2026-03-04 03:37:21,995] Trial 197 finished with value: 0.07123041734393579 and parameters: {'sigma_noise': 0.4169961286772044, 'A_repulsion': 0.03400773180722283, 'gamma': 0.953173426636765, 'sigma_update': 0.3302495446892436, 'eta_learning': 0.9340564839400622, 'sigma_boundary': 5.26805561734074, 'alpha': 0.6539429744058762}. Best is trial 175 with value: 0.04615286136796925.
[I 2026-03-04 03:37:24,758] Trial 194 finished with value: 1.5589021082714698 and parameters: {'sigma_noise': 0.3298866804000589, 'A_repulsion': 0.17624617373249984, 'gamma': 0.9535857959308653, 'sigma_update': 0.2243816436519072, 'eta_learning': 1.2314435988588537, 'sigma_boundary': 1.9199498665388182, 'alpha': 0.22829336766050473}. Best is trial 175 with value: 0.04615286136796925.
[I 2026-03-04 03:37:25,080] Trial 198 finished with value: 0.10833462214267914 and parameters: {'sigma_noise': 0.21232901044772778, 'A_repulsion': 0.2593036917357044, 'gamma': 0.9845258328461169, 'sigma_update': 0.17581846825904002, 'eta_learning': 1.3618129188969885, 'sigma_boundary': 3.0509019700382622, 'alpha': 0.6489724065131055}. Best is trial 175 with value: 0.04615286136796925.
[I 2026-03-04 03:37:33,896] A new study created in memory with name: no-name-42b0987b-3a32-40e4-80c0-616476d3f45f
[I 2026-03-04 03:41:18,568] Trial 22 finished with value: 0.13342567161029242 and parameters: {'sigma_noise': 0.12599357069666217, 'A_repulsion': 0.00811095534817613, 'gamma': 0.9871231006943852, 'sigma_update': 0.20242487192056824, 'eta_learning': 1.2851688476426577, 'sigma_boundary': 4.792819873957453, 'alpha': 0.8521400558676906}. Best is trial 22 with value: 0.13342567161029242.
[I 2026-03-04 03:41:21,356] Trial 4 finished with value: 0.08969631477648796 and parameters: {'sigma_noise': 0.1317157547142398, 'A_repulsion': 0.006429024708859754, 'gamma': 0.8030520090032887, 'sigma_update': 0.23039533598407058, 'eta_learning': 1.2866668502561969, 'sigma_boundary': 3.542951258938012, 'alpha': 0.5323899377398437}. Best is trial 4 with value: 0.08969631477648796.
[I 2026-03-04 03:41:41,049] Trial 7 finished with value: 0.1031456892530607 and parameters: {'sigma_noise': 0.14177476971991743, 'A_repulsion': 0.05503168904409289, 'gamma': 0.5058158090377082, 'sigma_update': 0.07603347216341196, 'eta_learning': 0.42500493170734294, 'sigma_boundary': 5.025436047726341, 'alpha': 0.6224757317658843}. Best is trial 4 with value: 0.08969631477648796.
[I 2026-03-04 03:41:52,864] Trial 2 finished with value: 0.16533624912141603 and parameters: {'sigma_noise': 0.09265425741208717, 'A_repulsion': 0.1960656932512327, 'gamma': 0.10787968727409518, 'sigma_update': 0.09278598522800474, 'eta_learning': 0.3511702590185278, 'sigma_boundary': 1.7785423248329866, 'alpha': 0.0830481023639994}. Best is trial 4 with value: 0.08969631477648796.
[I 2026-03-04 03:41:59,731] Trial 6 finished with value: 0.9615192634211285 and parameters: {'sigma_noise': 0.07406169854689987, 'A_repulsion': 0.31556350945004485, 'gamma': 0.7478061928115798, 'sigma_update': 0.4767494570416755, 'eta_learning': 0.8644090296174464, 'sigma_boundary': 2.4776427004515225, 'alpha': 0.05991846569662207}. Best is trial 4 with value: 0.08969631477648796.
[I 2026-03-04 03:42:02,724] Trial 19 finished with value: 0.15016311040306057 and parameters: {'sigma_noise': 0.08768634585939497, 'A_repulsion': 0.3083791582673399, 'gamma': 0.7253058194718457, 'sigma_update': 0.6400494288814147, 'eta_learning': 0.3517782579388737, 'sigma_boundary': 3.508394407470125, 'alpha': 0.7539610965375371}. Best is trial 4 with value: 0.08969631477648796.
[I 2026-03-04 03:42:04,207] Trial 15 finished with value: 1.2832084909897499 and parameters: {'sigma_noise': 0.17698986463041516, 'A_repulsion': 0.08139910838381403, 'gamma': 0.4312215788276488, 'sigma_update': 0.5722329759012478, 'eta_learning': 2.0419368377010803, 'sigma_boundary': 3.3483732443933567, 'alpha': 0.09396215536903296}. Best is trial 4 with value: 0.08969631477648796.
[I 2026-03-04 03:42:34,450] Trial 9 finished with value: 0.3906324804048051 and parameters: {'sigma_noise': 0.21335072953117895, 'A_repulsion': 0.13965855383274534, 'gamma': 0.07812179616865339, 'sigma_update': 0.4553978496114214, 'eta_learning': 2.8594929200466557, 'sigma_boundary': 6.271088974835762, 'alpha': 0.41293953801694316}. Best is trial 4 with value: 0.08969631477648796.
[I 2026-03-04 03:42:55,092] Trial 12 finished with value: 1.2081912634896674 and parameters: {'sigma_noise': 0.12384159134546838, 'A_repulsion': 0.379236822168029, 'gamma': 0.21223013299439134, 'sigma_update': 0.010107012783420667, 'eta_learning': 1.5045760550138159, 'sigma_boundary': 9.372658129300849, 'alpha': 0.24114861401874077}. Best is trial 4 with value: 0.08969631477648796.
[I 2026-03-04 03:42:55,310] Trial 16 finished with value: 0.11275804988536538 and parameters: {'sigma_noise': 0.17053147510047206, 'A_repulsion': 0.3638223091782992, 'gamma': 0.6455197417457876, 'sigma_update': 0.4662297574684683, 'eta_learning': 1.3320733350415261, 'sigma_boundary': 7.651900026898488, 'alpha': 0.8903346182541126}. Best is trial 4 with value: 0.08969631477648796.
[I 2026-03-04 03:43:01,297] Trial 23 finished with value: 0.856320482487871 and parameters: {'sigma_noise': 0.2008042178634845, 'A_repulsion': 0.2059238805561321, 'gamma': 0.09330473550596241, 'sigma_update': 0.1573953127289147, 'eta_learning': 2.1549566104271913, 'sigma_boundary': 3.3003047143437816, 'alpha': 0.2431075510949532}. Best is trial 4 with value: 0.08969631477648796.
[I 2026-03-04 03:43:04,526] Trial 8 finished with value: 1.7877469923468918 and parameters: {'sigma_noise': 0.16077325415532095, 'A_repulsion': 0.34334421075078425, 'gamma': 0.5119656978174778, 'sigma_update': 0.06897995970088097, 'eta_learning': 0.9945201043633065, 'sigma_boundary': 8.222772278346437, 'alpha': 0.12653707694022687}. Best is trial 4 with value: 0.08969631477648796.
[I 2026-03-04 03:43:17,386] Trial 10 finished with value: 2.0613704219554805 and parameters: {'sigma_noise': 0.26146741463481765, 'A_repulsion': 0.15918583896493488, 'gamma': 0.9138013800789213, 'sigma_update': 0.4815568510995034, 'eta_learning': 2.386245135360914, 'sigma_boundary': 9.320684094760669, 'alpha': 0.018346192122847826}. Best is trial 4 with value: 0.08969631477648796.
[I 2026-03-04 03:43:19,922] Trial 14 finished with value: 0.12281604726531785 and parameters: {'sigma_noise': 0.3242642607592313, 'A_repulsion': 0.08102942524851947, 'gamma': 0.3053617457966132, 'sigma_update': 0.18443047469472526, 'eta_learning': 2.4229450357086812, 'sigma_boundary': 5.398703377572388, 'alpha': 0.576039433518893}. Best is trial 4 with value: 0.08969631477648796.
[I 2026-03-04 03:43:32,257] Trial 0 finished with value: 0.28317655777827855 and parameters: {'sigma_noise': 0.2552138185788459, 'A_repulsion': 0.277906336232452, 'gamma': 0.36846438968286993, 'sigma_update': 0.5065906265763855, 'eta_learning': 1.1951281434786845, 'sigma_boundary': 2.6778724710249593, 'alpha': 0.5652222673606314}. Best is trial 4 with value: 0.08969631477648796.
[I 2026-03-04 03:43:39,338] Trial 11 finished with value: 0.11040182404184593 and parameters: {'sigma_noise': 0.310961193421355, 'A_repulsion': 0.24375882742692473, 'gamma': 0.5867008479070782, 'sigma_update': 0.5306985835898403, 'eta_learning': 1.9438525070205968, 'sigma_boundary': 5.609447337470123, 'alpha': 0.9952732402550319}. Best is trial 4 with value: 0.08969631477648796.
[I 2026-03-04 03:43:46,293] Trial 3 finished with value: 0.16102573705700426 and parameters: {'sigma_noise': 0.33187504760864817, 'A_repulsion': 0.22615321741544037, 'gamma': 0.6554932862108028, 'sigma_update': 0.1585255941830058, 'eta_learning': 0.01667261797971121, 'sigma_boundary': 0.34770003624615314, 'alpha': 0.7119145407403211}. Best is trial 4 with value: 0.08969631477648796.
[I 2026-03-04 03:43:47,148] Trial 5 finished with value: 0.7545198823706927 and parameters: {'sigma_noise': 0.3136609010607837, 'A_repulsion': 0.16075812615287655, 'gamma': 0.8929833154906895, 'sigma_update': 0.012101646444458452, 'eta_learning': 2.3061996772305626, 'sigma_boundary': 6.602973662354102, 'alpha': 0.8038036710747274}. Best is trial 4 with value: 0.08969631477648796.
[I 2026-03-04 03:43:57,302] Trial 21 finished with value: 0.5347038239546078 and parameters: {'sigma_noise': 0.22966378201339366, 'A_repulsion': 0.4720415649645122, 'gamma': 0.9418302246932307, 'sigma_update': 0.37820425200258884, 'eta_learning': 2.661028553486949, 'sigma_boundary': 7.049623115447623, 'alpha': 0.3628736469367714}. Best is trial 4 with value: 0.08969631477648796.
[I 2026-03-04 03:44:00,342] Trial 18 finished with value: 0.10996767366088914 and parameters: {'sigma_noise': 0.2907782070087786, 'A_repulsion': 0.3359872539202417, 'gamma': 0.9322144732780655, 'sigma_update': 0.36857383403421107, 'eta_learning': 1.1897784213741367, 'sigma_boundary': 5.858508281202814, 'alpha': 0.9317068804145685}. Best is trial 4 with value: 0.08969631477648796.
[I 2026-03-04 03:44:01,732] Trial 13 finished with value: 2.068125783399128 and parameters: {'sigma_noise': 0.28370288100322355, 'A_repulsion': 0.3247261108735709, 'gamma': 0.01611799203675397, 'sigma_update': 0.10753518303293759, 'eta_learning': 2.9181071918450585, 'sigma_boundary': 7.211900305741233, 'alpha': 0.12692702880498896}. Best is trial 4 with value: 0.08969631477648796.
[I 2026-03-04 03:44:16,736] Trial 20 finished with value: 0.15398118578745118 and parameters: {'sigma_noise': 0.29587186084789735, 'A_repulsion': 0.4076952103649142, 'gamma': 0.4559664713492685, 'sigma_update': 0.5610112118365725, 'eta_learning': 2.9252311068618972, 'sigma_boundary': 5.259596060113836, 'alpha': 0.8281583049478125}. Best is trial 4 with value: 0.08969631477648796.
[I 2026-03-04 03:44:24,899] Trial 1 finished with value: 0.14316203663818375 and parameters: {'sigma_noise': 0.36971749538254434, 'A_repulsion': 0.31406685082369623, 'gamma': 0.7363053051248154, 'sigma_update': 0.17011414429571034, 'eta_learning': 2.3821244393949614, 'sigma_boundary': 5.206575830612785, 'alpha': 0.9578970964094402}. Best is trial 4 with value: 0.08969631477648796.
[I 2026-03-04 03:44:33,495] Trial 17 finished with value: 2.066384064294314 and parameters: {'sigma_noise': 0.3307939187075474, 'A_repulsion': 0.45157428124816673, 'gamma': 0.34637921643924646, 'sigma_update': 0.3992431913188184, 'eta_learning': 1.349968834515256, 'sigma_boundary': 6.433931582210008, 'alpha': 0.18556653148315483}. Best is trial 4 with value: 0.08969631477648796.
[I 2026-03-04 03:46:57,093] Trial 30 finished with value: 0.20625031014234446 and parameters: {'sigma_noise': 0.16628184468356627, 'A_repulsion': 0.11049775659088931, 'gamma': 0.3925004577801005, 'sigma_update': 0.44603385155984226, 'eta_learning': 1.6691151175571017, 'sigma_boundary': 6.606801957243004, 'alpha': 0.5513146473902613}. Best is trial 4 with value: 0.08969631477648796.
