[I 2026-03-04 03:18:20,438] Trial 115 finished with value: 0.1026095939431013 and parameters: {'sigma_noise': 0.2188762519547735, 'A_repulsion': 0.2559852358302626, 'gamma': 0.907997167779298, 'sigma_update': 0.1586412088820486, 'eta_learning': 1.628552261663085, 'sigma_boundary': 2.805832736951893, 'alpha': 0.6799274071840298}. Best is trial 47 with value: 0.054513182508028675.
[I 2026-03-04 03:18:25,198] Trial 111 finished with value: 0.0923318963534332 and parameters: {'sigma_noise': 0.27957133202533135, 'A_repulsion': 0.33024507874213643, 'gamma': 0.7300535764098972, 'sigma_update': 0.4159551799545877, 'eta_learning': 0.9645424449646883, 'sigma_boundary': 4.227584618021346, 'alpha': 0.7050912468336178}. Best is trial 47 with value: 0.054513182508028675.
[I 2026-03-04 03:18:25,456] Trial 112 finished with value: 0.05539658020231213 and parameters: {'sigma_noise': 0.2599492183079778, 'A_repulsion': 0.2725982837093384, 'gamma': 0.938331854758341, 'sigma_update': 0.31685790514441586, 'eta_learning': 1.5576584252670602, 'sigma_boundary': 3.094025442476909, 'alpha': 0.574515113797546}. Best is trial 47 with value: 0.054513182508028675.
[I 2026-03-04 03:18:50,795] Trial 113 finished with value: 0.12143958654652265 and parameters: {'sigma_noise': 0.34297060721547046, 'A_repulsion': 0.2244410879367132, 'gamma': 0.9080153880655911, 'sigma_update': 0.39462838245703696, 'eta_learning': 1.9641221212309226, 'sigma_boundary': 5.905648622896133, 'alpha': 0.9166395383848962}. Best is trial 47 with value: 0.054513182508028675.
[I 2026-03-04 03:18:59,678] Trial 117 finished with value: 0.06483279517198583 and parameters: {'sigma_noise': 0.28285770597387705, 'A_repulsion': 0.21875643448098894, 'gamma': 0.9305344912192194, 'sigma_update': 0.2104751421697741, 'eta_learning': 1.4030383650557057, 'sigma_boundary': 6.591530120398923, 'alpha': 0.5675600796650886}. Best is trial 47 with value: 0.054513182508028675.
[I 2026-03-04 03:19:09,990] Trial 118 finished with value: 0.15333035726718264 and parameters: {'sigma_noise': 0.24071921921433576, 'A_repulsion': 0.371955689903549, 'gamma': 0.6798854531824869, 'sigma_update': 0.07548231131774791, 'eta_learning': 0.9114313515730789, 'sigma_boundary': 5.291360123958866, 'alpha': 0.6836514014189903}. Best is trial 47 with value: 0.054513182508028675.
[I 2026-03-04 03:19:36,245] Trial 119 finished with value: 0.12908166681383704 and parameters: {'sigma_noise': 0.29176686692681497, 'A_repulsion': 0.3460346793364992, 'gamma': 0.8149171358274475, 'sigma_update': 0.25439838548501875, 'eta_learning': 0.5200206976182958, 'sigma_boundary': 5.33754274955454, 'alpha': 0.8561341591553844}. Best is trial 47 with value: 0.054513182508028675.
[I 2026-03-04 03:20:50,694] Trial 120 finished with value: 0.5596018811110908 and parameters: {'sigma_noise': 0.2638600000814177, 'A_repulsion': 0.14522704431973518, 'gamma': 0.7312272805479391, 'sigma_update': 0.5311907379679208, 'eta_learning': 1.9955039899161096, 'sigma_boundary': 5.24709235251804, 'alpha': 0.3484445188243214}. Best is trial 47 with value: 0.054513182508028675.
[I 2026-03-04 03:21:01,061] Trial 122 finished with value: 0.07467822941729443 and parameters: {'sigma_noise': 0.2626111584560957, 'A_repulsion': 0.16581517023260492, 'gamma': 0.848490421159905, 'sigma_update': 0.3380314751703933, 'eta_learning': 2.0126544214615163, 'sigma_boundary': 3.0719435912748585, 'alpha': 0.4973175226077143}. Best is trial 47 with value: 0.054513182508028675.
[I 2026-03-04 03:21:17,281] Trial 124 finished with value: 0.13581805519379953 and parameters: {'sigma_noise': 0.19440251510018652, 'A_repulsion': 0.27606574809387724, 'gamma': 0.7804475574633185, 'sigma_update': 0.3301647540727551, 'eta_learning': 1.4819246942824182, 'sigma_boundary': 3.0236115677438162, 'alpha': 0.3980982690764001}. Best is trial 47 with value: 0.054513182508028675.
[I 2026-03-04 03:21:27,830] Trial 123 finished with value: 0.4077822913587561 and parameters: {'sigma_noise': 0.2846547315315666, 'A_repulsion': 0.19878060665190822, 'gamma': 0.7363967023815372, 'sigma_update': 0.41814138971556597, 'eta_learning': 1.8821036221386267, 'sigma_boundary': 4.128331584320699, 'alpha': 0.3802900510138385}. Best is trial 47 with value: 0.054513182508028675.
[I 2026-03-04 03:21:29,885] Trial 121 finished with value: 0.10518918364777455 and parameters: {'sigma_noise': 0.20427435928467208, 'A_repulsion': 0.346718089961058, 'gamma': 0.5885091020347499, 'sigma_update': 0.29381773045338777, 'eta_learning': 1.3555198014192, 'sigma_boundary': 3.335175222957399, 'alpha': 0.42156445730256586}. Best is trial 47 with value: 0.054513182508028675.
[I 2026-03-04 03:21:42,843] Trial 126 finished with value: 0.05884586585848453 and parameters: {'sigma_noise': 0.31072695311009263, 'A_repulsion': 0.10502578328475128, 'gamma': 0.8252967261398809, 'sigma_update': 0.31474098532157524, 'eta_learning': 1.1161230576259564, 'sigma_boundary': 3.014106824016019, 'alpha': 0.6403474746292375}. Best is trial 47 with value: 0.054513182508028675.
[I 2026-03-04 03:22:00,140] Trial 129 finished with value: 0.07085784260226467 and parameters: {'sigma_noise': 0.1490825362438639, 'A_repulsion': 0.23509072341914494, 'gamma': 0.9286706843415977, 'sigma_update': 0.35620219911082407, 'eta_learning': 1.991569550038132, 'sigma_boundary': 2.434774942337583, 'alpha': 0.5674019965824968}. Best is trial 47 with value: 0.054513182508028675.
[I 2026-03-04 03:22:01,894] Trial 127 finished with value: 0.14634418109258318 and parameters: {'sigma_noise': 0.3996540544074965, 'A_repulsion': 0.038320751492560284, 'gamma': 0.6529699802572879, 'sigma_update': 0.35578802986712493, 'eta_learning': 1.8633220165305902, 'sigma_boundary': 6.021637632114682, 'alpha': 0.6814666818845068}. Best is trial 47 with value: 0.054513182508028675.
[I 2026-03-04 03:22:06,943] Trial 125 finished with value: 0.11357566064293217 and parameters: {'sigma_noise': 0.30629275040448245, 'A_repulsion': 0.21539235158591097, 'gamma': 0.9308728504941438, 'sigma_update': 0.3217272960205547, 'eta_learning': 1.2962072826666111, 'sigma_boundary': 5.149836458702632, 'alpha': 0.435201561326624}. Best is trial 47 with value: 0.054513182508028675.
[I 2026-03-04 03:22:21,949] Trial 128 finished with value: 0.05304199886043959 and parameters: {'sigma_noise': 0.30255197288062674, 'A_repulsion': 0.1736314506681901, 'gamma': 0.8476028768314046, 'sigma_update': 0.2500530210499126, 'eta_learning': 1.5566538583306857, 'sigma_boundary': 3.75904314777373, 'alpha': 0.5828313917907035}. Best is trial 128 with value: 0.05304199886043959.
[I 2026-03-04 03:22:58,206] Trial 132 finished with value: 0.12818300549325412 and parameters: {'sigma_noise': 0.20202971190521807, 'A_repulsion': 0.34162301194556766, 'gamma': 0.7315373487138932, 'sigma_update': 0.3700947576569858, 'eta_learning': 1.727988649948081, 'sigma_boundary': 2.36160845891694, 'alpha': 0.42238896713617463}. Best is trial 128 with value: 0.05304199886043959.
[I 2026-03-04 03:22:58,703] Trial 136 finished with value: 0.11469448684370448 and parameters: {'sigma_noise': 0.12465626932927415, 'A_repulsion': 0.13375752084237424, 'gamma': 0.815017862202638, 'sigma_update': 0.39982937477961183, 'eta_learning': 0.7241893728784679, 'sigma_boundary': 2.600366307000587, 'alpha': 0.38572484926270567}. Best is trial 128 with value: 0.05304199886043959.
[I 2026-03-04 03:22:59,937] Trial 133 finished with value: 0.08055372086066775 and parameters: {'sigma_noise': 0.1803714714537759, 'A_repulsion': 0.1963131147983126, 'gamma': 0.7007130596579556, 'sigma_update': 0.25719722411347523, 'eta_learning': 1.1760612596451756, 'sigma_boundary': 2.374110089469477, 'alpha': 0.7046134614667856}. Best is trial 128 with value: 0.05304199886043959.
[I 2026-03-04 03:23:03,432] Trial 130 finished with value: 0.05979073742319806 and parameters: {'sigma_noise': 0.2328415506980837, 'A_repulsion': 0.3058318164387617, 'gamma': 0.6608324895685913, 'sigma_update': 0.2423223162714193, 'eta_learning': 2.1243131003777833, 'sigma_boundary': 4.139289627844156, 'alpha': 0.5542409707646758}. Best is trial 128 with value: 0.05304199886043959.
[I 2026-03-04 03:23:06,595] Trial 131 finished with value: 0.3280693783555195 and parameters: {'sigma_noise': 0.3400263750844631, 'A_repulsion': 0.17422945474090135, 'gamma': 0.8683952025975303, 'sigma_update': 0.33082318182179116, 'eta_learning': 1.6629129786606216, 'sigma_boundary': 2.8227210756030883, 'alpha': 0.3828248399618217}. Best is trial 128 with value: 0.05304199886043959.
[I 2026-03-04 03:23:43,345] Trial 134 finished with value: 0.07987435965948513 and parameters: {'sigma_noise': 0.254331890706499, 'A_repulsion': 0.15926800389354318, 'gamma': 0.8044700386449188, 'sigma_update': 0.45733098286694296, 'eta_learning': 0.6215051427581009, 'sigma_boundary': 6.854335803670392, 'alpha': 0.825371435176119}. Best is trial 128 with value: 0.05304199886043959.
[I 2026-03-04 03:23:57,954] Trial 135 finished with value: 0.08118176455216992 and parameters: {'sigma_noise': 0.34722614468558577, 'A_repulsion': 0.08921546378169587, 'gamma': 0.8264248501973447, 'sigma_update': 0.2866433721126325, 'eta_learning': 1.0498504565756712, 'sigma_boundary': 2.5073681418554767, 'alpha': 0.6702084222289605}. Best is trial 128 with value: 0.05304199886043959.
[I 2026-03-04 03:24:10,804] Trial 139 finished with value: 0.28500516623376293 and parameters: {'sigma_noise': 0.13967738126066004, 'A_repulsion': 0.32535567396512555, 'gamma': 0.8044806374513497, 'sigma_update': 0.4103720099991605, 'eta_learning': 1.7072689705047015, 'sigma_boundary': 1.267639144449242, 'alpha': 0.3210407315996758}. Best is trial 128 with value: 0.05304199886043959.
[I 2026-03-04 03:24:15,525] Trial 140 finished with value: 0.08619730303375922 and parameters: {'sigma_noise': 0.16515616629607133, 'A_repulsion': 0.23722304594512036, 'gamma': 0.8970966343225906, 'sigma_update': 0.277586628020744, 'eta_learning': 1.7303906784902494, 'sigma_boundary': 2.4354038593483414, 'alpha': 0.6202881348317406}. Best is trial 128 with value: 0.05304199886043959.
[I 2026-03-04 03:24:43,579] Trial 137 finished with value: 0.05907893093825256 and parameters: {'sigma_noise': 0.26080411466026565, 'A_repulsion': 0.2371397814452033, 'gamma': 0.7698275329647271, 'sigma_update': 0.21003226706014977, 'eta_learning': 0.9651280412363522, 'sigma_boundary': 7.283832402129891, 'alpha': 0.48638497109386436}. Best is trial 128 with value: 0.05304199886043959.
[I 2026-03-04 03:24:54,240] Trial 138 finished with value: 0.10702990404186674 and parameters: {'sigma_noise': 0.27432153351974015, 'A_repulsion': 0.2843476049216607, 'gamma': 0.5719431266393041, 'sigma_update': 0.3482041978762032, 'eta_learning': 1.7785612052877133, 'sigma_boundary': 4.048878270574683, 'alpha': 0.5164458783990094}. Best is trial 128 with value: 0.05304199886043959.
[I 2026-03-04 03:25:01,701] Trial 142 finished with value: 0.06840087302587025 and parameters: {'sigma_noise': 0.2188735398236345, 'A_repulsion': 0.2081031697873314, 'gamma': 0.7652084209340835, 'sigma_update': 0.41096459980216093, 'eta_learning': 0.19683700863786804, 'sigma_boundary': 2.925751928396778, 'alpha': 0.6140394998003578}. Best is trial 128 with value: 0.05304199886043959.
[I 2026-03-04 03:25:37,500] Trial 143 finished with value: 0.07003382181638228 and parameters: {'sigma_noise': 0.23477394925843365, 'A_repulsion': 0.2289204506753807, 'gamma': 0.7104310742518207, 'sigma_update': 0.3683711520168144, 'eta_learning': 2.0757731643115713, 'sigma_boundary': 4.439880939406292, 'alpha': 0.5487532542323205}. Best is trial 128 with value: 0.05304199886043959.
[I 2026-03-04 03:25:58,300] Trial 141 finished with value: 0.22664969338860305 and parameters: {'sigma_noise': 0.33787835712511777, 'A_repulsion': 0.3393671256638705, 'gamma': 0.5460109039514709, 'sigma_update': 0.23671111071516152, 'eta_learning': 1.4930749860911439, 'sigma_boundary': 5.326824156937738, 'alpha': 0.43177484744221856}. Best is trial 128 with value: 0.05304199886043959.
[I 2026-03-04 03:26:56,338] Trial 151 finished with value: 0.092377633370356 and parameters: {'sigma_noise': 0.13356019511644024, 'A_repulsion': 0.08154387511930997, 'gamma': 0.5382150060189187, 'sigma_update': 0.2920115140448294, 'eta_learning': 2.281351997537656, 'sigma_boundary': 1.9133539928485528, 'alpha': 0.4791727573942719}. Best is trial 128 with value: 0.05304199886043959.
[I 2026-03-04 03:27:02,609] Trial 145 finished with value: 0.20290355001427857 and parameters: {'sigma_noise': 0.27879504329373744, 'A_repulsion': 0.18159403691664183, 'gamma': 0.42594472616485496, 'sigma_update': 0.3969362946211717, 'eta_learning': 1.4080571892433191, 'sigma_boundary': 2.5376169823210444, 'alpha': 0.4629250265646522}. Best is trial 128 with value: 0.05304199886043959.
[I 2026-03-04 03:27:02,685] Trial 144 finished with value: 0.09742617494581554 and parameters: {'sigma_noise': 0.2489714977315819, 'A_repulsion': 0.22437897707233687, 'gamma': 0.898114790132021, 'sigma_update': 0.10917116282037692, 'eta_learning': 1.8734779248872309, 'sigma_boundary': 1.8036073631804908, 'alpha': 0.7246878115574835}. Best is trial 128 with value: 0.05304199886043959.
[I 2026-03-04 03:27:24,427] Trial 149 finished with value: 0.08546703753209973 and parameters: {'sigma_noise': 0.160037030634611, 'A_repulsion': 0.24680365078139438, 'gamma': 0.6209629056934414, 'sigma_update': 0.27511248585954107, 'eta_learning': 1.8397401829337081, 'sigma_boundary': 3.552672240453376, 'alpha': 0.6439376491874794}. Best is trial 128 with value: 0.05304199886043959.
[I 2026-03-04 03:27:31,312] Trial 146 finished with value: 0.06582772311829814 and parameters: {'sigma_noise': 0.22580417476295478, 'A_repulsion': 0.2433893194454102, 'gamma': 0.6357661984144254, 'sigma_update': 0.3930778972338884, 'eta_learning': 1.1726868966322592, 'sigma_boundary': 4.201955940289445, 'alpha': 0.6753303735706918}. Best is trial 128 with value: 0.05304199886043959.
[I 2026-03-04 03:27:45,211] Trial 150 finished with value: 0.09109065964645088 and parameters: {'sigma_noise': 0.1631783171890261, 'A_repulsion': 0.23395650839050947, 'gamma': 0.8350568581591102, 'sigma_update': 0.27843722713588237, 'eta_learning': 1.8079271689534067, 'sigma_boundary': 2.1404141695407612, 'alpha': 0.6511664034263247}. Best is trial 128 with value: 0.05304199886043959.
[I 2026-03-04 03:27:45,678] Trial 147 finished with value: 0.11550687045343609 and parameters: {'sigma_noise': 0.31842774411551644, 'A_repulsion': 0.11958649665589388, 'gamma': 0.5425056207435274, 'sigma_update': 0.3527808054704655, 'eta_learning': 0.9194735548824725, 'sigma_boundary': 3.72933708076202, 'alpha': 0.7168280729048371}. Best is trial 128 with value: 0.05304199886043959.
[I 2026-03-04 03:27:53,239] Trial 152 finished with value: 0.10960017149134535 and parameters: {'sigma_noise': 0.2625328361620462, 'A_repulsion': 0.07081697954191087, 'gamma': 0.49800161042603097, 'sigma_update': 0.3163035339650469, 'eta_learning': 2.60729021269822, 'sigma_boundary': 1.2102134994551477, 'alpha': 0.549189935352838}. Best is trial 128 with value: 0.05304199886043959.
[I 2026-03-04 03:28:15,484] Trial 153 finished with value: 0.04867764391673164 and parameters: {'sigma_noise': 0.30953094628290684, 'A_repulsion': 0.06317662784810875, 'gamma': 0.9378580068875948, 'sigma_update': 0.29999390096875883, 'eta_learning': 1.3466223845696212, 'sigma_boundary': 4.445718546353182, 'alpha': 0.6921700010232293}. Best is trial 153 with value: 0.04867764391673164.
[I 2026-03-04 03:28:15,646] Trial 148 finished with value: 0.09115658273322791 and parameters: {'sigma_noise': 0.29683996801531415, 'A_repulsion': 0.22594760680715154, 'gamma': 0.639177906994393, 'sigma_update': 0.18277738408185618, 'eta_learning': 0.8224793826718372, 'sigma_boundary': 1.3393267264313669, 'alpha': 0.4440299054229259}. Best is trial 153 with value: 0.04867764391673164.
[I 2026-03-04 03:28:17,151] Trial 158 finished with value: 0.19023578803413332 and parameters: {'sigma_noise': 0.1839105600675509, 'A_repulsion': 0.09224548401964526, 'gamma': 0.634854920723218, 'sigma_update': 0.3620848742918588, 'eta_learning': 1.624033633929211, 'sigma_boundary': 4.410763019107548, 'alpha': 0.3765101538000042}. Best is trial 153 with value: 0.04867764391673164.
[I 2026-03-04 03:28:42,828] Trial 154 finished with value: 0.21229829947618467 and parameters: {'sigma_noise': 0.23076442072351255, 'A_repulsion': 0.11939619609880314, 'gamma': 0.7831172043216285, 'sigma_update': 0.4549336432699696, 'eta_learning': 1.3136589150357085, 'sigma_boundary': 5.642002191666165, 'alpha': 0.4163127183260407}. Best is trial 153 with value: 0.04867764391673164.
[I 2026-03-04 03:28:57,857] Trial 155 finished with value: 0.17984702453319718 and parameters: {'sigma_noise': 0.31778154732490993, 'A_repulsion': 0.03384615904396182, 'gamma': 0.646205865153557, 'sigma_update': 0.18329810439857142, 'eta_learning': 0.7724795420556599, 'sigma_boundary': 4.844899475115467, 'alpha': 0.38100723150802385}. Best is trial 153 with value: 0.04867764391673164.
[I 2026-03-04 03:29:08,909] Trial 157 finished with value: 0.09166058687880269 and parameters: {'sigma_noise': 0.28713984517534813, 'A_repulsion': 0.1166459121631887, 'gamma': 0.6208330583724281, 'sigma_update': 0.22219660966569246, 'eta_learning': 2.5188197743591436, 'sigma_boundary': 3.4488738081033365, 'alpha': 0.5868153682664373}. Best is trial 153 with value: 0.04867764391673164.
[I 2026-03-04 03:29:47,390] Trial 156 finished with value: 0.07634113740090075 and parameters: {'sigma_noise': 0.31478139923888415, 'A_repulsion': 0.28796283187068505, 'gamma': 0.6721441337375371, 'sigma_update': 0.3832107687894315, 'eta_learning': 0.702220212105787, 'sigma_boundary': 4.029794498026838, 'alpha': 0.6784454416552619}. Best is trial 153 with value: 0.04867764391673164.
[I 2026-03-04 03:29:52,139] Trial 162 finished with value: 0.06778631023818896 and parameters: {'sigma_noise': 0.18007945150371252, 'A_repulsion': 0.2057492505160967, 'gamma': 0.803429981898451, 'sigma_update': 0.43569697844010774, 'eta_learning': 1.1857318217294208, 'sigma_boundary': 3.933712430022092, 'alpha': 0.6860585503248645}. Best is trial 153 with value: 0.04867764391673164.
[I 2026-03-04 03:30:13,019] Trial 161 finished with value: 0.05579820405077908 and parameters: {'sigma_noise': 0.294947520478101, 'A_repulsion': 0.12832076049337232, 'gamma': 0.9201077034655663, 'sigma_update': 0.1921140827623705, 'eta_learning': 1.3165851235150143, 'sigma_boundary': 3.717701433453292, 'alpha': 0.510763043785353}. Best is trial 153 with value: 0.04867764391673164.
[I 2026-03-04 03:30:16,298] Trial 160 finished with value: 0.12223634124370503 and parameters: {'sigma_noise': 0.2768630924185815, 'A_repulsion': 0.21723585283204427, 'gamma': 0.6398050758208982, 'sigma_update': 0.25958983914864964, 'eta_learning': 1.4718829665932396, 'sigma_boundary': 3.98392709065702, 'alpha': 0.442343777891784}. Best is trial 153 with value: 0.04867764391673164.
[I 2026-03-04 03:30:33,545] Trial 159 finished with value: 0.06991156056935638 and parameters: {'sigma_noise': 0.3670815836709897, 'A_repulsion': 0.13232448900030874, 'gamma': 0.8780301530789775, 'sigma_update': 0.2889986182748247, 'eta_learning': 1.8000529922885526, 'sigma_boundary': 4.77607368762914, 'alpha': 0.6222690047495386}. Best is trial 153 with value: 0.04867764391673164.
[I 2026-03-04 03:30:45,523] Trial 163 finished with value: 0.04687538869885384 and parameters: {'sigma_noise': 0.28922839619879526, 'A_repulsion': 0.10593162997549369, 'gamma': 0.9390319874623941, 'sigma_update': 0.36308473568866667, 'eta_learning': 2.0988330423308352, 'sigma_boundary': 2.804013585033833, 'alpha': 0.6292405501472569}. Best is trial 163 with value: 0.04687538869885384.
[I 2026-03-04 03:31:16,929] Trial 165 finished with value: 0.08138280673758631 and parameters: {'sigma_noise': 0.3102284523746446, 'A_repulsion': 0.1209912831660646, 'gamma': 0.7361979811668521, 'sigma_update': 0.359703126212301, 'eta_learning': 1.81853604002359, 'sigma_boundary': 3.843294886265765, 'alpha': 0.6063221194174473}. Best is trial 163 with value: 0.04687538869885384.
[I 2026-03-04 03:31:28,090] Trial 164 finished with value: 0.10424198935872571 and parameters: {'sigma_noise': 0.31042494436318324, 'A_repulsion': 0.18101837020033693, 'gamma': 0.5502811080597239, 'sigma_update': 0.31655288038507245, 'eta_learning': 0.9525008349090788, 'sigma_boundary': 3.267367903065108, 'alpha': 0.657178243155086}. Best is trial 163 with value: 0.04687538869885384.
[I 2026-03-04 03:31:29,341] Trial 167 finished with value: 0.07066838837648504 and parameters: {'sigma_noise': 0.14670627879449807, 'A_repulsion': 0.20221340922471415, 'gamma': 0.7206399931614653, 'sigma_update': 0.45141030818959216, 'eta_learning': 2.011388269706941, 'sigma_boundary': 1.9207415170363844, 'alpha': 0.5706893979787742}. Best is trial 163 with value: 0.04687538869885384.
[I 2026-03-04 03:31:41,533] Trial 166 finished with value: 0.11454379846141452 and parameters: {'sigma_noise': 0.22335389890418833, 'A_repulsion': 0.18832293542800352, 'gamma': 0.8714344773267189, 'sigma_update': 0.3582429257501442, 'eta_learning': 1.8274870664762988, 'sigma_boundary': 5.354569764502139, 'alpha': 0.43481867567250043}. Best is trial 163 with value: 0.04687538869885384.
[I 2026-03-04 03:33:00,339] Trial 178 finished with value: 0.07442709391473032 and parameters: {'sigma_noise': 0.18276230065951532, 'A_repulsion': 0.02260819772270453, 'gamma': 0.8245326713788859, 'sigma_update': 0.2779735098117261, 'eta_learning': 1.6370998187696817, 'sigma_boundary': 2.769143322315962, 'alpha': 0.8669382820699101}. Best is trial 163 with value: 0.04687538869885384.
