/nfs/nhome/live/apourdehghan/Hybrid_hpc_utils.py:56: DtypeWarning: Columns (16) have mixed types. Specify dtype option on import or set low_memory=False.
  data = pd.read_csv(data_path)
[I 2026-03-04 02:46:50,480] A new study created in memory with name: no-name-946214c4-ed26-4a7a-bd9d-6d8561249237
[I 2026-03-04 02:50:02,610] Trial 0 finished with value: 0.10169415005861286 and parameters: {'sigma_noise': 0.058768207464899996, 'A_repulsion': 0.02215309417591238, 'gamma': 0.07830055546170142, 'sigma_update': 0.5948320701089345, 'eta_learning': 0.35393098170798765, 'sigma_boundary': 6.855853369236949, 'alpha': 0.9883256784858334}. Best is trial 0 with value: 0.10169415005861286.
[I 2026-03-04 02:50:18,801] Trial 12 finished with value: 0.1284494396330655 and parameters: {'sigma_noise': 0.07711684956849583, 'A_repulsion': 0.024799816146363896, 'gamma': 0.579002728654418, 'sigma_update': 0.08848640275784522, 'eta_learning': 1.6610348163306259, 'sigma_boundary': 3.315882206974046, 'alpha': 0.7304206248843236}. Best is trial 0 with value: 0.10169415005861286.
[I 2026-03-04 02:50:24,519] Trial 5 finished with value: 0.10045793757606783 and parameters: {'sigma_noise': 0.08485740018810808, 'A_repulsion': 0.022872739214945037, 'gamma': 0.5005873094349198, 'sigma_update': 0.1036180523287367, 'eta_learning': 0.7858602344629153, 'sigma_boundary': 7.746137353366432, 'alpha': 0.9579701810456029}. Best is trial 5 with value: 0.10045793757606783.
[I 2026-03-04 02:50:54,246] Trial 17 finished with value: 0.1858116512866515 and parameters: {'sigma_noise': 0.0966940985930453, 'A_repulsion': 0.08282089673265153, 'gamma': 0.20286086653203822, 'sigma_update': 0.6539479195721103, 'eta_learning': 1.4672152430585756, 'sigma_boundary': 5.246209206465963, 'alpha': 0.5785569984390482}. Best is trial 5 with value: 0.10045793757606783.
[I 2026-03-04 02:51:14,644] Trial 8 finished with value: 0.1037608669537346 and parameters: {'sigma_noise': 0.11230116151673455, 'A_repulsion': 0.1216014683023145, 'gamma': 0.32495394911039616, 'sigma_update': 0.6183223191959701, 'eta_learning': 0.10569921363685685, 'sigma_boundary': 5.541059429449682, 'alpha': 0.9155628088102704}. Best is trial 5 with value: 0.10045793757606783.
[I 2026-03-04 02:51:45,165] Trial 15 finished with value: 0.08378181023729549 and parameters: {'sigma_noise': 0.23300701767603993, 'A_repulsion': 0.0501348939767674, 'gamma': 0.7162001551424494, 'sigma_update': 0.18001662535377383, 'eta_learning': 0.3334484596901689, 'sigma_boundary': 4.591309827908194, 'alpha': 0.7544376621882635}. Best is trial 15 with value: 0.08378181023729549.
[I 2026-03-04 02:51:49,391] Trial 21 finished with value: 0.13400254520766877 and parameters: {'sigma_noise': 0.1651276019975213, 'A_repulsion': 0.1879172414237732, 'gamma': 0.11339969402159894, 'sigma_update': 0.6665903863120016, 'eta_learning': 0.323652642952967, 'sigma_boundary': 5.893894588555267, 'alpha': 0.8577253087911525}. Best is trial 15 with value: 0.08378181023729549.
[I 2026-03-04 02:51:53,782] Trial 2 finished with value: 0.18313561366649156 and parameters: {'sigma_noise': 0.14340391173834505, 'A_repulsion': 0.2118477346844609, 'gamma': 0.09331223446636117, 'sigma_update': 0.16726163046532563, 'eta_learning': 2.92877741917108, 'sigma_boundary': 1.3022575724448378, 'alpha': 0.8615932308153414}. Best is trial 15 with value: 0.08378181023729549.
[I 2026-03-04 02:52:01,637] Trial 20 finished with value: 0.08434031930608914 and parameters: {'sigma_noise': 0.17773558053759464, 'A_repulsion': 0.20400784888534973, 'gamma': 0.5132146468079272, 'sigma_update': 0.3241699771482566, 'eta_learning': 1.5773724362469823, 'sigma_boundary': 7.530609438231803, 'alpha': 0.8616149565027363}. Best is trial 15 with value: 0.08378181023729549.
[I 2026-03-04 02:52:18,637] Trial 22 finished with value: 0.06529430280714305 and parameters: {'sigma_noise': 0.22810564423880092, 'A_repulsion': 0.1908181750033831, 'gamma': 0.7928687724772836, 'sigma_update': 0.34307743496556675, 'eta_learning': 0.11111816600352856, 'sigma_boundary': 5.739370190819247, 'alpha': 0.2009136219934179}. Best is trial 22 with value: 0.06529430280714305.
[I 2026-03-04 02:52:21,870] Trial 19 finished with value: 0.09042471078625886 and parameters: {'sigma_noise': 0.3319780189205114, 'A_repulsion': 0.017377622769605527, 'gamma': 0.8055300331695335, 'sigma_update': 0.105392302270059, 'eta_learning': 2.527648928710539, 'sigma_boundary': 6.939411540014385, 'alpha': 0.7176698506539035}. Best is trial 22 with value: 0.06529430280714305.
[I 2026-03-04 02:52:44,835] Trial 7 finished with value: 0.3187866052693893 and parameters: {'sigma_noise': 0.15059739154792023, 'A_repulsion': 0.39528722637144587, 'gamma': 0.7585076613628711, 'sigma_update': 0.039978253463784315, 'eta_learning': 2.9668062812749096, 'sigma_boundary': 1.2897397428081625, 'alpha': 0.9454077093191848}. Best is trial 22 with value: 0.06529430280714305.
[I 2026-03-04 02:52:52,053] Trial 4 finished with value: 0.07963735075901146 and parameters: {'sigma_noise': 0.3253168887407186, 'A_repulsion': 0.11879388839372501, 'gamma': 0.8930073635893805, 'sigma_update': 0.28021213420828806, 'eta_learning': 1.9312792724423933, 'sigma_boundary': 5.929511051661908, 'alpha': 0.5708789794177767}. Best is trial 22 with value: 0.06529430280714305.
[I 2026-03-04 02:52:57,473] Trial 13 finished with value: 0.5058562269270763 and parameters: {'sigma_noise': 0.43956222710584164, 'A_repulsion': 0.0038290831315006546, 'gamma': 0.05901196691464231, 'sigma_update': 0.44366606245349655, 'eta_learning': 2.4028227913463014, 'sigma_boundary': 8.426735417611894, 'alpha': 0.41625948865946627}. Best is trial 22 with value: 0.06529430280714305.
[I 2026-03-04 02:53:00,598] Trial 11 finished with value: 1.100264657510425 and parameters: {'sigma_noise': 0.15094556045550073, 'A_repulsion': 0.4952953262862975, 'gamma': 0.5967287891440745, 'sigma_update': 0.48578207572950227, 'eta_learning': 2.3768336893984885, 'sigma_boundary': 4.624456759084353, 'alpha': 0.28291120108001366}. Best is trial 22 with value: 0.06529430280714305.
[I 2026-03-04 02:53:05,293] Trial 1 finished with value: 0.10403428815056558 and parameters: {'sigma_noise': 0.2666218991243012, 'A_repulsion': 0.24585492852732216, 'gamma': 0.43808460705918206, 'sigma_update': 0.3058306456956672, 'eta_learning': 0.19709199204083336, 'sigma_boundary': 6.630369493208552, 'alpha': 0.964952029812932}. Best is trial 22 with value: 0.06529430280714305.
[I 2026-03-04 02:53:05,664] Trial 10 finished with value: 1.7175437583713797 and parameters: {'sigma_noise': 0.3621097223816697, 'A_repulsion': 0.09876600777963679, 'gamma': 0.45286308538821085, 'sigma_update': 0.41394407373337316, 'eta_learning': 1.4002143524663138, 'sigma_boundary': 0.23456696688020043, 'alpha': 0.16727866417682125}. Best is trial 22 with value: 0.06529430280714305.
[I 2026-03-04 02:53:15,290] Trial 3 finished with value: 0.21741968230229375 and parameters: {'sigma_noise': 0.4412207732198515, 'A_repulsion': 0.0465050876734831, 'gamma': 0.5782731314000495, 'sigma_update': 0.6003676983030923, 'eta_learning': 2.730767368015195, 'sigma_boundary': 0.35296432330888106, 'alpha': 0.8148978279791058}. Best is trial 22 with value: 0.06529430280714305.
[I 2026-03-04 02:53:22,643] Trial 23 finished with value: 1.2527069429881825 and parameters: {'sigma_noise': 0.2465475337947704, 'A_repulsion': 0.30581173041338566, 'gamma': 0.502563136557027, 'sigma_update': 0.2006113539398031, 'eta_learning': 1.3426337748672759, 'sigma_boundary': 6.714769131039678, 'alpha': 0.26854562929001125}. Best is trial 22 with value: 0.06529430280714305.
[I 2026-03-04 02:53:33,971] Trial 16 finished with value: 0.09712036119155422 and parameters: {'sigma_noise': 0.23322699855064222, 'A_repulsion': 0.4650599300147519, 'gamma': 0.2650404801691579, 'sigma_update': 0.2993559476383707, 'eta_learning': 2.31453994614572, 'sigma_boundary': 7.827796093836599, 'alpha': 0.5458853452742612}. Best is trial 22 with value: 0.06529430280714305.
[I 2026-03-04 02:53:41,385] Trial 6 finished with value: 0.30643967382302795 and parameters: {'sigma_noise': 0.2632655412493455, 'A_repulsion': 0.4191957479320038, 'gamma': 0.31910048380151035, 'sigma_update': 0.09045043726239879, 'eta_learning': 2.4527701960524686, 'sigma_boundary': 0.3720008810001659, 'alpha': 0.9396664755695663}. Best is trial 22 with value: 0.06529430280714305.
[I 2026-03-04 02:53:51,653] Trial 14 finished with value: 0.12808028504518754 and parameters: {'sigma_noise': 0.33377891118802444, 'A_repulsion': 0.3907126662002955, 'gamma': 0.7224461758181213, 'sigma_update': 0.1619524000944967, 'eta_learning': 0.05191194452475708, 'sigma_boundary': 9.803923697735723, 'alpha': 0.206680239241525}. Best is trial 22 with value: 0.06529430280714305.
[I 2026-03-04 02:53:59,184] Trial 18 finished with value: 0.5353284237864496 and parameters: {'sigma_noise': 0.3465170112862109, 'A_repulsion': 0.3799234970733567, 'gamma': 0.3000452609133295, 'sigma_update': 0.24147258675938987, 'eta_learning': 0.14625956350744523, 'sigma_boundary': 3.553238220403194, 'alpha': 0.13657860379101938}. Best is trial 22 with value: 0.06529430280714305.
[I 2026-03-04 02:54:18,977] Trial 9 finished with value: 1.8239333484502986 and parameters: {'sigma_noise': 0.39956238881377065, 'A_repulsion': 0.4024990197125081, 'gamma': 0.9580687226511859, 'sigma_update': 0.0353980234357997, 'eta_learning': 2.78953809446441, 'sigma_boundary': 4.232731964178698, 'alpha': 0.4540741646871683}. Best is trial 22 with value: 0.06529430280714305.
[I 2026-03-04 02:56:17,172] Trial 25 finished with value: 0.07572049643497691 and parameters: {'sigma_noise': 0.25535695938024355, 'A_repulsion': 0.16275039937462954, 'gamma': 0.5739623321169673, 'sigma_update': 0.19502512550708312, 'eta_learning': 1.0392678581115165, 'sigma_boundary': 3.309921092312026, 'alpha': 0.48467674156237267}. Best is trial 22 with value: 0.06529430280714305.
[I 2026-03-04 02:56:40,224] Trial 26 finished with value: 0.06938620165907634 and parameters: {'sigma_noise': 0.23470671113010227, 'A_repulsion': 0.2993784512313587, 'gamma': 0.7058717249868792, 'sigma_update': 0.33218424487370873, 'eta_learning': 2.591741204675267, 'sigma_boundary': 4.693525153732657, 'alpha': 0.6360689231809906}. Best is trial 22 with value: 0.06529430280714305.
[I 2026-03-04 02:56:58,089] Trial 32 finished with value: 0.12546723793073913 and parameters: {'sigma_noise': 0.132830512336971, 'A_repulsion': 0.10198962965341485, 'gamma': 0.3009176423179008, 'sigma_update': 0.42854175860277915, 'eta_learning': 2.2356149666769385, 'sigma_boundary': 3.553163682785994, 'alpha': 0.6709483038313457}. Best is trial 22 with value: 0.06529430280714305.
[I 2026-03-04 02:57:09,124] Trial 24 finished with value: 1.5606355337474684 and parameters: {'sigma_noise': 0.35835400460170325, 'A_repulsion': 0.3135618855677095, 'gamma': 0.6449023957879174, 'sigma_update': 0.22398283965818722, 'eta_learning': 1.16267046613064, 'sigma_boundary': 2.7034136192117213, 'alpha': 0.29658063946042335}. Best is trial 22 with value: 0.06529430280714305.
[I 2026-03-04 02:57:12,523] Trial 27 finished with value: 0.13723976200859817 and parameters: {'sigma_noise': 0.25408847515694494, 'A_repulsion': 0.24138609699557148, 'gamma': 0.45999463754493614, 'sigma_update': 0.2946004196740591, 'eta_learning': 1.1169954964790563, 'sigma_boundary': 6.165874291783571, 'alpha': 0.45830461313995263}. Best is trial 22 with value: 0.06529430280714305.
[I 2026-03-04 02:57:13,308] Trial 30 finished with value: 0.13490710928857746 and parameters: {'sigma_noise': 0.16628184468356627, 'A_repulsion': 0.11049775659088931, 'gamma': 0.3925004577801005, 'sigma_update': 0.44603385155984226, 'eta_learning': 1.6691151175571017, 'sigma_boundary': 6.606801957243004, 'alpha': 0.5513146473902613}. Best is trial 22 with value: 0.06529430280714305.
[I 2026-03-04 02:57:31,752] Trial 28 finished with value: 0.07248509512813989 and parameters: {'sigma_noise': 0.15926747460302637, 'A_repulsion': 0.4115407371304476, 'gamma': 0.5709240876037901, 'sigma_update': 0.15618974953634832, 'eta_learning': 1.4172046929845092, 'sigma_boundary': 2.1123769269700383, 'alpha': 0.4243573076544669}. Best is trial 22 with value: 0.06529430280714305.
[I 2026-03-04 02:57:34,090] Trial 29 finished with value: 0.08728349791535933 and parameters: {'sigma_noise': 0.15875276528064203, 'A_repulsion': 0.299603964821552, 'gamma': 0.5276582446909026, 'sigma_update': 0.25214744050283566, 'eta_learning': 1.7980987076442456, 'sigma_boundary': 6.838285655134791, 'alpha': 0.4171758935882023}. Best is trial 22 with value: 0.06529430280714305.
[I 2026-03-04 02:58:26,099] Trial 31 finished with value: 0.15271801524746248 and parameters: {'sigma_noise': 0.30094846538036235, 'A_repulsion': 0.25876616433835314, 'gamma': 0.4815699904005741, 'sigma_update': 0.36368777738028374, 'eta_learning': 1.2981273474437967, 'sigma_boundary': 4.13626915925795, 'alpha': 0.5530148133332643}. Best is trial 22 with value: 0.06529430280714305.
[I 2026-03-04 02:58:30,176] Trial 34 finished with value: 0.0918192622088361 and parameters: {'sigma_noise': 0.22323128997472214, 'A_repulsion': 0.2996661935320966, 'gamma': 0.33171221822606073, 'sigma_update': 0.32270223460828273, 'eta_learning': 1.7353552024207857, 'sigma_boundary': 5.300077118716715, 'alpha': 0.5237262040355168}. Best is trial 22 with value: 0.06529430280714305.
[I 2026-03-04 02:58:43,961] Trial 39 finished with value: 0.08736852755597532 and parameters: {'sigma_noise': 0.24611252915477605, 'A_repulsion': 0.15759722534124385, 'gamma': 0.34234846270324065, 'sigma_update': 0.39678355118030495, 'eta_learning': 2.249641652323813, 'sigma_boundary': 5.261171336191435, 'alpha': 0.9544164395104412}. Best is trial 22 with value: 0.06529430280714305.
[I 2026-03-04 02:58:47,444] Trial 43 finished with value: 0.08095740553149064 and parameters: {'sigma_noise': 0.14536585446870864, 'A_repulsion': 0.22444928407586492, 'gamma': 0.7001912487659907, 'sigma_update': 0.2759683052093002, 'eta_learning': 1.0928984038239427, 'sigma_boundary': 6.533147545244783, 'alpha': 0.5893168303156339}. Best is trial 22 with value: 0.06529430280714305.
[I 2026-03-04 02:58:57,227] Trial 33 finished with value: 0.1635597172515172 and parameters: {'sigma_noise': 0.2989317869760038, 'A_repulsion': 0.3039489980876144, 'gamma': 0.3900596410241859, 'sigma_update': 0.36497303223924804, 'eta_learning': 0.5473060902563585, 'sigma_boundary': 8.658741621958207, 'alpha': 0.4902590303890871}. Best is trial 22 with value: 0.06529430280714305.
[I 2026-03-04 02:59:02,238] Trial 44 finished with value: 0.05995203770380721 and parameters: {'sigma_noise': 0.2003701592524691, 'A_repulsion': 0.1841984534031521, 'gamma': 0.6388134120137686, 'sigma_update': 0.31131169594390246, 'eta_learning': 1.6558411176490164, 'sigma_boundary': 5.892806786614524, 'alpha': 0.6269252197538886}. Best is trial 44 with value: 0.05995203770380721.
[I 2026-03-04 02:59:19,535] Trial 35 finished with value: 0.12023515851386049 and parameters: {'sigma_noise': 0.34456787060146465, 'A_repulsion': 0.16513880721428223, 'gamma': 0.7126669015600713, 'sigma_update': 0.43091736561870886, 'eta_learning': 1.4324081030621032, 'sigma_boundary': 3.6492339600265375, 'alpha': 0.5563707333665533}. Best is trial 44 with value: 0.05995203770380721.
[I 2026-03-04 02:59:22,864] Trial 36 finished with value: 0.1044534506025998 and parameters: {'sigma_noise': 0.28468747530610805, 'A_repulsion': 0.29232766506612146, 'gamma': 0.45230608498149155, 'sigma_update': 0.22680126549718402, 'eta_learning': 1.6152048677099424, 'sigma_boundary': 5.648273607597261, 'alpha': 0.6478328055228468}. Best is trial 44 with value: 0.05995203770380721.
[I 2026-03-04 02:59:28,238] Trial 40 finished with value: 0.12340775325168299 and parameters: {'sigma_noise': 0.29540128152898454, 'A_repulsion': 0.23171871768474225, 'gamma': 0.6723481401431395, 'sigma_update': 0.31977973904625884, 'eta_learning': 0.4567853700731906, 'sigma_boundary': 5.73981285121483, 'alpha': 0.49271623245588736}. Best is trial 44 with value: 0.05995203770380721.
[I 2026-03-04 02:59:38,645] Trial 38 finished with value: 1.617526114212265 and parameters: {'sigma_noise': 0.23219400181484134, 'A_repulsion': 0.3535328936544105, 'gamma': 0.3873687456847766, 'sigma_update': 0.5086116899310168, 'eta_learning': 1.430544889929661, 'sigma_boundary': 4.87004174872203, 'alpha': 0.22545142627466008}. Best is trial 44 with value: 0.05995203770380721.
[I 2026-03-04 02:59:43,498] Trial 42 finished with value: 0.09715555421791622 and parameters: {'sigma_noise': 0.2469583158235482, 'A_repulsion': 0.3456245293232717, 'gamma': 0.5066538042095253, 'sigma_update': 0.30482940596059893, 'eta_learning': 0.7325798678491712, 'sigma_boundary': 1.410185078701673, 'alpha': 0.46294630688159805}. Best is trial 44 with value: 0.05995203770380721.
[I 2026-03-04 02:59:50,649] Trial 41 finished with value: 0.11516788884707493 and parameters: {'sigma_noise': 0.27184336467704967, 'A_repulsion': 0.33807951501712047, 'gamma': 0.572333671002594, 'sigma_update': 0.18716407318079975, 'eta_learning': 1.4625533232551369, 'sigma_boundary': 4.6101509291391, 'alpha': 0.6244028678561314}. Best is trial 44 with value: 0.05995203770380721.
[I 2026-03-04 03:00:00,965] Trial 37 finished with value: 1.2104305495947432 and parameters: {'sigma_noise': 0.3974270111443185, 'A_repulsion': 0.22659835648765927, 'gamma': 0.08001164143988916, 'sigma_update': 0.5937427104322647, 'eta_learning': 2.647712653009189, 'sigma_boundary': 7.158728740445413, 'alpha': 0.3341065977731914}. Best is trial 44 with value: 0.05995203770380721.
[I 2026-03-04 03:00:08,349] Trial 45 finished with value: 0.34049202620815666 and parameters: {'sigma_noise': 0.29118189997957294, 'A_repulsion': 0.1955534173191677, 'gamma': 0.27319069223337694, 'sigma_update': 0.5363975156398471, 'eta_learning': 1.3833906977548942, 'sigma_boundary': 6.19590447953165, 'alpha': 0.5476589860029406}. Best is trial 44 with value: 0.05995203770380721.
[I 2026-03-04 03:00:11,126] Trial 46 finished with value: 0.20808331798778457 and parameters: {'sigma_noise': 0.2299240725557894, 'A_repulsion': 0.26822679143856926, 'gamma': 0.6652939594876593, 'sigma_update': 0.5343509458844276, 'eta_learning': 1.6169692496535057, 'sigma_boundary': 7.128151999566079, 'alpha': 0.4998185552120315}. Best is trial 44 with value: 0.05995203770380721.
[I 2026-03-04 03:00:22,910] Trial 47 finished with value: 0.054513182508028675 and parameters: {'sigma_noise': 0.20393112722156942, 'A_repulsion': 0.2704252570398856, 'gamma': 0.5541111920965371, 'sigma_update': 0.12763840205594232, 'eta_learning': 1.8732573124418737, 'sigma_boundary': 6.06702538934642, 'alpha': 0.47150230092040624}. Best is trial 47 with value: 0.054513182508028675.
[I 2026-03-04 03:02:22,777] Trial 48 finished with value: 0.12120143265482919 and parameters: {'sigma_noise': 0.18785386082731104, 'A_repulsion': 0.32027276929505233, 'gamma': 0.3002075677063676, 'sigma_update': 0.2552841981355654, 'eta_learning': 1.5046130628093126, 'sigma_boundary': 5.497926343196287, 'alpha': 0.6985158196690193}. Best is trial 47 with value: 0.054513182508028675.
[I 2026-03-04 03:02:36,351] Trial 50 finished with value: 0.15766268677428752 and parameters: {'sigma_noise': 0.1748195195294508, 'A_repulsion': 0.1997200153066761, 'gamma': 0.2797790835355171, 'sigma_update': 0.2979343932264321, 'eta_learning': 1.6461054444479504, 'sigma_boundary': 4.4050942724005955, 'alpha': 0.36650484063658584}. Best is trial 47 with value: 0.054513182508028675.
[I 2026-03-04 03:02:45,787] Trial 51 finished with value: 0.12129767983637754 and parameters: {'sigma_noise': 0.18928555333634256, 'A_repulsion': 0.16364303002438685, 'gamma': 0.41030870379356627, 'sigma_update': 0.387069417599296, 'eta_learning': 2.0008592391187388, 'sigma_boundary': 2.2155329009361964, 'alpha': 0.5061170939020845}. Best is trial 47 with value: 0.054513182508028675.
[I 2026-03-04 03:02:55,538] Trial 52 finished with value: 0.06521583114071419 and parameters: {'sigma_noise': 0.23352729371703562, 'A_repulsion': 0.15499575405058696, 'gamma': 0.5809073942715337, 'sigma_update': 0.40488101854324077, 'eta_learning': 2.0284331069105597, 'sigma_boundary': 4.4585432322261225, 'alpha': 0.8532977691067904}. Best is trial 47 with value: 0.054513182508028675.
[I 2026-03-04 03:03:04,040] Trial 54 finished with value: 0.24085995519488418 and parameters: {'sigma_noise': 0.19073766780657653, 'A_repulsion': 0.1943940486221381, 'gamma': 0.5428265356353066, 'sigma_update': 0.32311570428824393, 'eta_learning': 2.240596621534446, 'sigma_boundary': 3.2196853386926647, 'alpha': 0.35152130964204537}. Best is trial 47 with value: 0.054513182508028675.
[I 2026-03-04 03:03:34,534] Trial 49 finished with value: 0.19682798706334395 and parameters: {'sigma_noise': 0.2863058162802494, 'A_repulsion': 0.36073729482583505, 'gamma': 0.20576977702363555, 'sigma_update': 0.39092909642987406, 'eta_learning': 0.8167899882766673, 'sigma_boundary': 4.994620546668234, 'alpha': 0.44290481753572053}. Best is trial 47 with value: 0.054513182508028675.
[I 2026-03-04 03:03:37,496] Trial 53 finished with value: 0.8564196935440583 and parameters: {'sigma_noise': 0.31515381768395534, 'A_repulsion': 0.2208692846259022, 'gamma': 0.510155720136377, 'sigma_update': 0.38711136051849826, 'eta_learning': 1.2072633812311593, 'sigma_boundary': 4.555092737598216, 'alpha': 0.31884292827932126}. Best is trial 47 with value: 0.054513182508028675.
[I 2026-03-04 03:03:39,674] Trial 55 finished with value: 0.4063620576564008 and parameters: {'sigma_noise': 0.21471001276209584, 'A_repulsion': 0.24725832993953656, 'gamma': 0.4967228698396738, 'sigma_update': 0.30191971809972895, 'eta_learning': 1.4356915407691933, 'sigma_boundary': 5.595714743664282, 'alpha': 0.32133072079257496}. Best is trial 47 with value: 0.054513182508028675.
