[I 2026-03-04 03:04:28,898] Trial 57 finished with value: 0.06971994817384158 and parameters: {'sigma_noise': 0.19232706982003217, 'A_repulsion': 0.3180258543131235, 'gamma': 0.7351717469941603, 'sigma_update': 0.21859245005811878, 'eta_learning': 1.5997513802761902, 'sigma_boundary': 3.4709494890179307, 'alpha': 0.5673730417261684}. Best is trial 47 with value: 0.054513182508028675.
[I 2026-03-04 03:04:35,568] Trial 59 finished with value: 0.07198922934395897 and parameters: {'sigma_noise': 0.21892095779649612, 'A_repulsion': 0.2115488244669213, 'gamma': 0.7199047713648645, 'sigma_update': 0.4215415105461505, 'eta_learning': 1.0443459828518018, 'sigma_boundary': 4.870835358201894, 'alpha': 0.7836601045714151}. Best is trial 47 with value: 0.054513182508028675.
[I 2026-03-04 03:04:52,116] Trial 63 finished with value: 0.07841165496028822 and parameters: {'sigma_noise': 0.23575733000165822, 'A_repulsion': 0.17502992883509105, 'gamma': 0.8014133750131831, 'sigma_update': 0.31497152858776173, 'eta_learning': 1.7797051635697896, 'sigma_boundary': 3.247324569040661, 'alpha': 0.7493669262077965}. Best is trial 47 with value: 0.054513182508028675.
[I 2026-03-04 03:05:00,842] Trial 56 finished with value: 0.08462272277127847 and parameters: {'sigma_noise': 0.26075283016795686, 'A_repulsion': 0.282634945645866, 'gamma': 0.6702284081845282, 'sigma_update': 0.17184414802012177, 'eta_learning': 2.21429232714518, 'sigma_boundary': 5.157927626231956, 'alpha': 0.6767417579745805}. Best is trial 47 with value: 0.054513182508028675.
[I 2026-03-04 03:05:06,109] Trial 67 finished with value: 0.14294476051760088 and parameters: {'sigma_noise': 0.15438580648212696, 'A_repulsion': 0.2337028490840698, 'gamma': 0.4690356811417894, 'sigma_update': 0.2961559703388807, 'eta_learning': 2.021750213906978, 'sigma_boundary': 2.7097370708558066, 'alpha': 0.39157181637123345}. Best is trial 47 with value: 0.054513182508028675.
[I 2026-03-04 03:05:24,577] Trial 64 finished with value: 0.08000745093307565 and parameters: {'sigma_noise': 0.22217506083950572, 'A_repulsion': 0.2900553467314545, 'gamma': 0.9716189106257547, 'sigma_update': 0.2549670654486729, 'eta_learning': 2.067902936458426, 'sigma_boundary': 3.4297626143033835, 'alpha': 0.547965507013564}. Best is trial 47 with value: 0.054513182508028675.
[I 2026-03-04 03:05:31,067] Trial 58 finished with value: 0.20997479172452976 and parameters: {'sigma_noise': 0.2670680963194611, 'A_repulsion': 0.42680615920064763, 'gamma': 0.6403644823186533, 'sigma_update': 0.2545893066161245, 'eta_learning': 1.5384799765809016, 'sigma_boundary': 2.7761421835498004, 'alpha': 0.4024618023093529}. Best is trial 47 with value: 0.054513182508028675.
[I 2026-03-04 03:05:31,827] Trial 60 finished with value: 0.08709399608699278 and parameters: {'sigma_noise': 0.23564284460434676, 'A_repulsion': 0.33963910051245233, 'gamma': 0.7606630125424858, 'sigma_update': 0.3017787596027346, 'eta_learning': 2.240113227159007, 'sigma_boundary': 6.159919700938977, 'alpha': 0.6614751931371032}. Best is trial 47 with value: 0.054513182508028675.
[I 2026-03-04 03:05:32,852] Trial 61 finished with value: 0.12316595753984377 and parameters: {'sigma_noise': 0.2103100024727323, 'A_repulsion': 0.3881177924947436, 'gamma': 0.9925066048057425, 'sigma_update': 0.31980238455645593, 'eta_learning': 2.1259308490079465, 'sigma_boundary': 4.467728874750656, 'alpha': 0.6956345923998581}. Best is trial 47 with value: 0.054513182508028675.
[I 2026-03-04 03:05:48,266] Trial 69 finished with value: 0.11479715653459069 and parameters: {'sigma_noise': 0.18191666578926807, 'A_repulsion': 0.3264248569028144, 'gamma': 0.5394168183095274, 'sigma_update': 0.26998286089246404, 'eta_learning': 2.1766707258699394, 'sigma_boundary': 3.1413207895006723, 'alpha': 0.8112174668281094}. Best is trial 47 with value: 0.054513182508028675.
[I 2026-03-04 03:06:03,078] Trial 66 finished with value: 0.08272493476979179 and parameters: {'sigma_noise': 0.21217195033322017, 'A_repulsion': 0.41379247789527096, 'gamma': 0.47520922019953643, 'sigma_update': 0.30967137159954217, 'eta_learning': 1.491310974270705, 'sigma_boundary': 6.756969241731419, 'alpha': 0.4988569728018446}. Best is trial 47 with value: 0.054513182508028675.
[I 2026-03-04 03:06:05,212] Trial 70 finished with value: 0.061182512282221435 and parameters: {'sigma_noise': 0.21286300700599853, 'A_repulsion': 0.2799216899754451, 'gamma': 0.6157093863525176, 'sigma_update': 0.32130728639710576, 'eta_learning': 2.1921746861405076, 'sigma_boundary': 3.7670628776827386, 'alpha': 0.5859955223857616}. Best is trial 47 with value: 0.054513182508028675.
[I 2026-03-04 03:06:14,826] Trial 62 finished with value: 0.09646858914183586 and parameters: {'sigma_noise': 0.25965945033652094, 'A_repulsion': 0.44952186266253, 'gamma': 0.7022856228015814, 'sigma_update': 0.4065841674348271, 'eta_learning': 1.6493117393628995, 'sigma_boundary': 5.375428447815375, 'alpha': 0.5935869473500293}. Best is trial 47 with value: 0.054513182508028675.
[I 2026-03-04 03:06:15,085] Trial 68 finished with value: 0.08962125697952868 and parameters: {'sigma_noise': 0.20441832116574915, 'A_repulsion': 0.4243012726831148, 'gamma': 0.45867852146315574, 'sigma_update': 0.36278494942107226, 'eta_learning': 1.9194674107452134, 'sigma_boundary': 6.418617097738579, 'alpha': 0.7664492024774473}. Best is trial 47 with value: 0.054513182508028675.
[I 2026-03-04 03:06:18,058] Trial 65 finished with value: 0.0963117524867469 and parameters: {'sigma_noise': 0.2597143239094276, 'A_repulsion': 0.38908316465377174, 'gamma': 0.5299934370828128, 'sigma_update': 0.21245583804543688, 'eta_learning': 1.439123763107754, 'sigma_boundary': 5.232962091560997, 'alpha': 0.5913181059972406}. Best is trial 47 with value: 0.054513182508028675.
[I 2026-03-04 03:06:31,390] Trial 71 finished with value: 0.060890963419772945 and parameters: {'sigma_noise': 0.21925107131498134, 'A_repulsion': 0.2827167547666666, 'gamma': 0.6761853543340159, 'sigma_update': 0.15830390277209572, 'eta_learning': 1.7240230886403518, 'sigma_boundary': 3.6248372521407637, 'alpha': 0.5470331206519932}. Best is trial 47 with value: 0.054513182508028675.
[I 2026-03-04 03:08:08,085] Trial 73 finished with value: 0.6031906659741524 and parameters: {'sigma_noise': 0.17528779814099477, 'A_repulsion': 0.22746506826780902, 'gamma': 0.8638985884606688, 'sigma_update': 0.14721623714759663, 'eta_learning': 1.5222657298764952, 'sigma_boundary': 5.759809014816275, 'alpha': 0.27211702775834073}. Best is trial 47 with value: 0.054513182508028675.
[I 2026-03-04 03:08:34,599] Trial 74 finished with value: 0.098264533059114 and parameters: {'sigma_noise': 0.20596176137218275, 'A_repulsion': 0.17539986770152566, 'gamma': 0.7235065541918846, 'sigma_update': 0.16703190738822762, 'eta_learning': 2.3770361036869208, 'sigma_boundary': 4.961409724448437, 'alpha': 0.9202850510392879}. Best is trial 47 with value: 0.054513182508028675.
[I 2026-03-04 03:08:36,845] Trial 76 finished with value: 0.0735773915462652 and parameters: {'sigma_noise': 0.15675811197918593, 'A_repulsion': 0.22596095666570143, 'gamma': 0.6869864498745734, 'sigma_update': 0.3105577720907965, 'eta_learning': 1.7342528175193193, 'sigma_boundary': 1.4883660761094133, 'alpha': 0.6021579560300163}. Best is trial 47 with value: 0.054513182508028675.
[I 2026-03-04 03:09:02,437] Trial 72 finished with value: 0.10345960572263191 and parameters: {'sigma_noise': 0.29651470537209024, 'A_repulsion': 0.21992066153865597, 'gamma': 0.43873194813446187, 'sigma_update': 0.2521981692966361, 'eta_learning': 1.4396810036325967, 'sigma_boundary': 3.360435552105617, 'alpha': 0.6018324498467379}. Best is trial 47 with value: 0.054513182508028675.
[I 2026-03-04 03:09:05,357] Trial 79 finished with value: 0.08757763803321168 and parameters: {'sigma_noise': 0.17657680680550714, 'A_repulsion': 0.2165006115594745, 'gamma': 0.557620670319075, 'sigma_update': 0.27249253775778653, 'eta_learning': 1.9825520660678078, 'sigma_boundary': 0.7943539308847959, 'alpha': 0.7397560427765115}. Best is trial 47 with value: 0.054513182508028675.
[I 2026-03-04 03:09:17,899] Trial 77 finished with value: 1.0139170036133769 and parameters: {'sigma_noise': 0.13282677556951072, 'A_repulsion': 0.35896980643240817, 'gamma': 0.7273460160754956, 'sigma_update': 0.2308362094365026, 'eta_learning': 2.1228900396232295, 'sigma_boundary': 3.385371165981727, 'alpha': 0.22442659541100524}. Best is trial 47 with value: 0.054513182508028675.
[I 2026-03-04 03:09:18,849] Trial 81 finished with value: 0.0791368234153764 and parameters: {'sigma_noise': 0.12247468892689849, 'A_repulsion': 0.05497579988868284, 'gamma': 0.40448665638834236, 'sigma_update': 0.33379702993984456, 'eta_learning': 1.7410383996015724, 'sigma_boundary': 1.298593510847492, 'alpha': 0.8038451600604308}. Best is trial 47 with value: 0.054513182508028675.
[I 2026-03-04 03:09:49,254] Trial 75 finished with value: 0.13255858942848162 and parameters: {'sigma_noise': 0.31312402602468425, 'A_repulsion': 0.3406609832845056, 'gamma': 0.42634687313313824, 'sigma_update': 0.38723711922255766, 'eta_learning': 2.1163754118812834, 'sigma_boundary': 5.222630261362876, 'alpha': 0.6365922416798049}. Best is trial 47 with value: 0.054513182508028675.
[I 2026-03-04 03:09:56,711] Trial 78 finished with value: 0.095840490934806 and parameters: {'sigma_noise': 0.1800521851987053, 'A_repulsion': 0.36996533923557395, 'gamma': 0.6832323209784614, 'sigma_update': 0.23382705703071352, 'eta_learning': 1.7825192698094952, 'sigma_boundary': 4.844214062326125, 'alpha': 0.5721397217945186}. Best is trial 47 with value: 0.054513182508028675.
[I 2026-03-04 03:10:35,566] Trial 82 finished with value: 0.6843208080726065 and parameters: {'sigma_noise': 0.17915345976623126, 'A_repulsion': 0.2621282527226306, 'gamma': 0.612576949456864, 'sigma_update': 0.4248025545319482, 'eta_learning': 1.671810579152947, 'sigma_boundary': 4.8822734227876134, 'alpha': 0.2792331476448894}. Best is trial 47 with value: 0.054513182508028675.
[I 2026-03-04 03:10:54,045] Trial 80 finished with value: 0.08657853049131056 and parameters: {'sigma_noise': 0.2592678158936838, 'A_repulsion': 0.30956813389552423, 'gamma': 0.6781655502552216, 'sigma_update': 0.18243174882389138, 'eta_learning': 1.8464816314135477, 'sigma_boundary': 2.4304204881744216, 'alpha': 0.6221339969331099}. Best is trial 47 with value: 0.054513182508028675.
[I 2026-03-04 03:11:02,467] Trial 86 finished with value: 0.4700508350774556 and parameters: {'sigma_noise': 0.13301173088246473, 'A_repulsion': 0.298906840226967, 'gamma': 0.5421120355657396, 'sigma_update': 0.09280447407713407, 'eta_learning': 2.4195803274599874, 'sigma_boundary': 3.594419108667324, 'alpha': 0.28114596102246425}. Best is trial 47 with value: 0.054513182508028675.
[I 2026-03-04 03:11:04,477] Trial 88 finished with value: 0.10067786337719402 and parameters: {'sigma_noise': 0.20254368248589733, 'A_repulsion': 0.14413023911472608, 'gamma': 0.6326348657625307, 'sigma_update': 0.2214313427586166, 'eta_learning': 1.4024798208080185, 'sigma_boundary': 3.2255064652665144, 'alpha': 0.945156568687864}. Best is trial 47 with value: 0.054513182508028675.
[I 2026-03-04 03:11:29,039] Trial 91 finished with value: 0.059564646147647504 and parameters: {'sigma_noise': 0.2492581876451051, 'A_repulsion': 0.09664773912598587, 'gamma': 0.6007006134962174, 'sigma_update': 0.33855406576437547, 'eta_learning': 1.9965709411611492, 'sigma_boundary': 2.193195007675373, 'alpha': 0.5768178135832869}. Best is trial 47 with value: 0.054513182508028675.
[I 2026-03-04 03:11:36,178] Trial 83 finished with value: 0.07723201268430466 and parameters: {'sigma_noise': 0.2541043756785805, 'A_repulsion': 0.2845673350588252, 'gamma': 0.6056936833813726, 'sigma_update': 0.31828569446889116, 'eta_learning': 1.2787891202884045, 'sigma_boundary': 3.92318027275892, 'alpha': 0.5304719994014943}. Best is trial 47 with value: 0.054513182508028675.
[I 2026-03-04 03:11:43,909] Trial 87 finished with value: 0.11161566699233338 and parameters: {'sigma_noise': 0.19804425756648725, 'A_repulsion': 0.32419607230009, 'gamma': 0.8241447774924697, 'sigma_update': 0.3617033708044215, 'eta_learning': 2.349333840813258, 'sigma_boundary': 3.9690635407463883, 'alpha': 0.7912285996880459}. Best is trial 47 with value: 0.054513182508028675.
[I 2026-03-04 03:11:47,715] Trial 84 finished with value: 0.11424854257760966 and parameters: {'sigma_noise': 0.30810617484514646, 'A_repulsion': 0.26077175439591216, 'gamma': 0.6167831088923287, 'sigma_update': 0.3269482789574504, 'eta_learning': 2.258814397440972, 'sigma_boundary': 6.644928014222368, 'alpha': 0.6265977040576292}. Best is trial 47 with value: 0.054513182508028675.
[I 2026-03-04 03:12:09,239] Trial 89 finished with value: 0.07601234767036277 and parameters: {'sigma_noise': 0.21338557435588035, 'A_repulsion': 0.3316044100818984, 'gamma': 0.9663798509044207, 'sigma_update': 0.5941088531026737, 'eta_learning': 1.9449326729122423, 'sigma_boundary': 4.75545996763979, 'alpha': 0.7286493669673363}. Best is trial 47 with value: 0.054513182508028675.
[I 2026-03-04 03:12:11,910] Trial 90 finished with value: 0.07785721561856923 and parameters: {'sigma_noise': 0.1785277577744384, 'A_repulsion': 0.3552905564303921, 'gamma': 0.7889186854248339, 'sigma_update': 0.24908684002637646, 'eta_learning': 1.576038656616733, 'sigma_boundary': 4.5552543669908285, 'alpha': 0.5448661500564823}. Best is trial 47 with value: 0.054513182508028675.
[I 2026-03-04 03:12:12,918] Trial 85 finished with value: 1.7317422023838294 and parameters: {'sigma_noise': 0.222492433658954, 'A_repulsion': 0.3759363782832805, 'gamma': 0.6857283352464077, 'sigma_update': 0.2955273612101642, 'eta_learning': 1.9466109748333373, 'sigma_boundary': 7.499482164510642, 'alpha': 0.22248275651435573}. Best is trial 47 with value: 0.054513182508028675.
[I 2026-03-04 03:12:35,579] Trial 94 finished with value: 0.06414106380725267 and parameters: {'sigma_noise': 0.24903387782845554, 'A_repulsion': 0.2519664053068233, 'gamma': 0.8584389885003195, 'sigma_update': 0.44108975806862677, 'eta_learning': 1.1880641757865347, 'sigma_boundary': 3.941071317929756, 'alpha': 0.6621616388242363}. Best is trial 47 with value: 0.054513182508028675.
[I 2026-03-04 03:12:40,953] Trial 92 finished with value: 0.06046844020426899 and parameters: {'sigma_noise': 0.21891312593247686, 'A_repulsion': 0.3366344618531455, 'gamma': 0.9162663594160653, 'sigma_update': 0.21091694930673924, 'eta_learning': 0.8637557971175839, 'sigma_boundary': 4.513124235644943, 'alpha': 0.46944089711310755}. Best is trial 47 with value: 0.054513182508028675.
[I 2026-03-04 03:12:41,413] Trial 93 finished with value: 0.10923861321389408 and parameters: {'sigma_noise': 0.30388679296022286, 'A_repulsion': 0.24818839160258707, 'gamma': 0.9772765472178145, 'sigma_update': 0.23053403613042986, 'eta_learning': 1.686901070263977, 'sigma_boundary': 0.5588147280379191, 'alpha': 0.6230129452386566}. Best is trial 47 with value: 0.054513182508028675.
[I 2026-03-04 03:12:55,924] Trial 95 finished with value: 0.18942516911697782 and parameters: {'sigma_noise': 0.2798578845089518, 'A_repulsion': 0.29080239328966584, 'gamma': 0.8337328533642123, 'sigma_update': 0.4195733365107374, 'eta_learning': 2.205678160604383, 'sigma_boundary': 2.1631691793831798, 'alpha': 0.42695741995220055}. Best is trial 47 with value: 0.054513182508028675.
[I 2026-03-04 03:14:55,142] Trial 96 finished with value: 0.09283350255812622 and parameters: {'sigma_noise': 0.23971066600044294, 'A_repulsion': 0.4625809630426162, 'gamma': 0.5732485606734439, 'sigma_update': 0.3434759216583251, 'eta_learning': 1.4888955695138917, 'sigma_boundary': 5.08604682992927, 'alpha': 0.6865436751760436}. Best is trial 47 with value: 0.054513182508028675.
[I 2026-03-04 03:15:00,851] Trial 98 finished with value: 0.06276608940726826 and parameters: {'sigma_noise': 0.24101985814467186, 'A_repulsion': 0.2893063425229974, 'gamma': 0.8513008546552502, 'sigma_update': 0.4807922208004808, 'eta_learning': 1.2809739254130668, 'sigma_boundary': 3.533364540729888, 'alpha': 0.5812481395774373}. Best is trial 47 with value: 0.054513182508028675.
[I 2026-03-04 03:15:04,033] Trial 97 finished with value: 0.08366108909799302 and parameters: {'sigma_noise': 0.2619336110306402, 'A_repulsion': 0.2566300378592825, 'gamma': 0.7376216557254451, 'sigma_update': 0.3130524386177849, 'eta_learning': 1.4365412572638605, 'sigma_boundary': 4.624435791275976, 'alpha': 0.7528926080252377}. Best is trial 47 with value: 0.054513182508028675.
[I 2026-03-04 03:15:05,323] Trial 99 finished with value: 0.08173405932294184 and parameters: {'sigma_noise': 0.23866488095828947, 'A_repulsion': 0.22751992139994986, 'gamma': 0.9640122094467642, 'sigma_update': 0.3285205975386025, 'eta_learning': 1.1772732305827116, 'sigma_boundary': 3.493910931750838, 'alpha': 0.6713040338939749}. Best is trial 47 with value: 0.054513182508028675.
[I 2026-03-04 03:15:22,559] Trial 100 finished with value: 0.0863918409822964 and parameters: {'sigma_noise': 0.31316154661624546, 'A_repulsion': 0.15738101353465714, 'gamma': 0.9969166366372382, 'sigma_update': 0.30377586980874655, 'eta_learning': 1.7541845492996135, 'sigma_boundary': 4.612817943842793, 'alpha': 0.6392412352716723}. Best is trial 47 with value: 0.054513182508028675.
[I 2026-03-04 03:15:31,866] Trial 103 finished with value: 0.13072599583092295 and parameters: {'sigma_noise': 0.17818074758711655, 'A_repulsion': 0.23881199342806875, 'gamma': 0.8159309398701062, 'sigma_update': 0.2826406717838259, 'eta_learning': 1.7160470587126673, 'sigma_boundary': 5.0024558322971115, 'alpha': 0.8193774025291755}. Best is trial 47 with value: 0.054513182508028675.
[I 2026-03-04 03:15:41,909] Trial 101 finished with value: 0.09869351995929901 and parameters: {'sigma_noise': 0.2854357741930566, 'A_repulsion': 0.28253609376065253, 'gamma': 0.5590004520946725, 'sigma_update': 0.3737535981427573, 'eta_learning': 1.318778668877018, 'sigma_boundary': 4.7183262205059275, 'alpha': 0.5734769627613281}. Best is trial 47 with value: 0.054513182508028675.
[I 2026-03-04 03:15:45,813] Trial 102 finished with value: 0.16594247831567283 and parameters: {'sigma_noise': 0.318629780529348, 'A_repulsion': 0.22475417127768282, 'gamma': 0.33866040841931877, 'sigma_update': 0.40120964462252356, 'eta_learning': 1.7875132731524275, 'sigma_boundary': 4.962670733476195, 'alpha': 0.602785091638371}. Best is trial 47 with value: 0.054513182508028675.
[I 2026-03-04 03:16:08,036] Trial 105 finished with value: 0.06908317413950947 and parameters: {'sigma_noise': 0.18305156320936228, 'A_repulsion': 0.12175236592120511, 'gamma': 0.7997115148698504, 'sigma_update': 0.2903113532837804, 'eta_learning': 1.9693092164365888, 'sigma_boundary': 1.5710809376201202, 'alpha': 0.692969491219533}. Best is trial 47 with value: 0.054513182508028675.
[I 2026-03-04 03:16:23,494] Trial 104 finished with value: 0.08553283538464855 and parameters: {'sigma_noise': 0.2280490107275298, 'A_repulsion': 0.37728117540461814, 'gamma': 0.8780201504155343, 'sigma_update': 0.34214575363763305, 'eta_learning': 1.7146765856580055, 'sigma_boundary': 3.7688733187007535, 'alpha': 0.6353553900242326}. Best is trial 47 with value: 0.054513182508028675.
[I 2026-03-04 03:16:33,108] Trial 108 finished with value: 0.11439037168859789 and parameters: {'sigma_noise': 0.13178886293894365, 'A_repulsion': 0.1912430975359667, 'gamma': 0.9728315246428598, 'sigma_update': 0.41651863108698295, 'eta_learning': 1.167358245761032, 'sigma_boundary': 4.2305371317801574, 'alpha': 0.7481573481527952}. Best is trial 47 with value: 0.054513182508028675.
[I 2026-03-04 03:16:38,931] Trial 107 finished with value: 0.1318089635948949 and parameters: {'sigma_noise': 0.12056357440252535, 'A_repulsion': 0.3576808844617982, 'gamma': 0.9361905972944488, 'sigma_update': 0.4373091238589606, 'eta_learning': 0.8846877760940833, 'sigma_boundary': 3.066266854826336, 'alpha': 0.6947125830261152}. Best is trial 47 with value: 0.054513182508028675.
[I 2026-03-04 03:16:50,000] Trial 106 finished with value: 0.14241793569221695 and parameters: {'sigma_noise': 0.1878549630950233, 'A_repulsion': 0.28773951051340635, 'gamma': 0.8917160096041944, 'sigma_update': 0.47914848602518517, 'eta_learning': 2.3073068408247166, 'sigma_boundary': 1.310815487679524, 'alpha': 0.4168322101754869}. Best is trial 47 with value: 0.054513182508028675.
[I 2026-03-04 03:17:24,238] Trial 114 finished with value: 0.06368179504652736 and parameters: {'sigma_noise': 0.20438459020318117, 'A_repulsion': 0.0414296766201874, 'gamma': 0.5532079335377251, 'sigma_update': 0.23828871272613178, 'eta_learning': 0.8865072399680517, 'sigma_boundary': 3.3372357702394995, 'alpha': 0.6088391152277142}. Best is trial 47 with value: 0.054513182508028675.
[I 2026-03-04 03:17:43,098] Trial 110 finished with value: 0.17453526683345058 and parameters: {'sigma_noise': 0.20766781678066953, 'A_repulsion': 0.24261281447103764, 'gamma': 0.6650946223754443, 'sigma_update': 0.04236366177568647, 'eta_learning': 1.866787434828609, 'sigma_boundary': 2.298042808358489, 'alpha': 0.5113429825071333}. Best is trial 47 with value: 0.054513182508028675.
[I 2026-03-04 03:17:50,474] Trial 109 finished with value: 0.07166197021049872 and parameters: {'sigma_noise': 0.24629740247340765, 'A_repulsion': 0.3078194362939746, 'gamma': 0.700432946353165, 'sigma_update': 0.367766826704005, 'eta_learning': 2.0231995436595076, 'sigma_boundary': 3.7931952211929083, 'alpha': 0.7010678572898774}. Best is trial 47 with value: 0.054513182508028675.
[I 2026-03-04 03:17:51,390] Trial 116 finished with value: 0.07998926553445043 and parameters: {'sigma_noise': 0.15920174755685307, 'A_repulsion': 0.14073273741968156, 'gamma': 0.5820706292525928, 'sigma_update': 0.2618229817562525, 'eta_learning': 0.987397095961863, 'sigma_boundary': 5.189341643567843, 'alpha': 0.6399831373697062}. Best is trial 47 with value: 0.054513182508028675.
