[I 2026-03-04 04:00:23,900] Trial 78 finished with value: 1.8792919398991308 and parameters: {'sigma_noise': 0.32289163593396397, 'A_repulsion': 0.21445460944919953, 'gamma': 0.6291698541862978, 'sigma_update': 0.07329947013423489, 'eta_learning': 2.0229811872585173, 'sigma_boundary': 4.47030762801839, 'alpha': 0.2240699593166789}. Best is trial 63 with value: 0.053904023428876686.
[I 2026-03-04 04:00:44,185] Trial 92 finished with value: 0.10674827867160348 and parameters: {'sigma_noise': 0.13327531430266915, 'A_repulsion': 0.09092559307747154, 'gamma': 0.9627947874320303, 'sigma_update': 0.31855146451940297, 'eta_learning': 1.5705884002717976, 'sigma_boundary': 5.299638952574616, 'alpha': 0.5409112706126937}. Best is trial 63 with value: 0.053904023428876686.
[I 2026-03-04 04:00:54,744] Trial 87 finished with value: 0.3666571101943201 and parameters: {'sigma_noise': 0.17007529611386935, 'A_repulsion': 0.27317700202993495, 'gamma': 0.5570953140242253, 'sigma_update': 0.2881025635617708, 'eta_learning': 1.303754258723939, 'sigma_boundary': 2.882690968603377, 'alpha': 0.31539941151084727}. Best is trial 63 with value: 0.053904023428876686.
[I 2026-03-04 04:01:11,739] Trial 82 finished with value: 0.12032907284738566 and parameters: {'sigma_noise': 0.2386258436451552, 'A_repulsion': 0.3100552752569056, 'gamma': 0.8594855217336994, 'sigma_update': 0.09248557919521441, 'eta_learning': 2.0597029433039307, 'sigma_boundary': 2.6801969638683194, 'alpha': 0.5308741398464764}. Best is trial 63 with value: 0.053904023428876686.
[I 2026-03-04 04:01:17,394] Trial 83 finished with value: 1.872318585554102 and parameters: {'sigma_noise': 0.22470187600618785, 'A_repulsion': 0.39241488767343125, 'gamma': 0.4028345509321941, 'sigma_update': 0.5435196346577799, 'eta_learning': 0.9844340637929181, 'sigma_boundary': 5.3914045330860665, 'alpha': 0.19742794622180893}. Best is trial 63 with value: 0.053904023428876686.
[I 2026-03-04 04:01:24,757] Trial 91 finished with value: 0.2649221378573386 and parameters: {'sigma_noise': 0.26787297988030584, 'A_repulsion': 0.1167725531221832, 'gamma': 0.7916342732222897, 'sigma_update': 0.3449412334725362, 'eta_learning': 0.8043427152176073, 'sigma_boundary': 5.2060044975466, 'alpha': 0.3682530687360306}. Best is trial 63 with value: 0.053904023428876686.
[I 2026-03-04 04:01:29,616] Trial 89 finished with value: 0.09245591145849433 and parameters: {'sigma_noise': 0.3146817877022744, 'A_repulsion': 0.10709768910921152, 'gamma': 0.7377405398548637, 'sigma_update': 0.16791614003456987, 'eta_learning': 1.5160273278849825, 'sigma_boundary': 7.002634562859719, 'alpha': 0.6944374473317297}. Best is trial 63 with value: 0.053904023428876686.
[I 2026-03-04 04:01:30,225] Trial 84 finished with value: 0.22779361765998712 and parameters: {'sigma_noise': 0.2879760464236098, 'A_repulsion': 0.22461024935888355, 'gamma': 0.5478090706205906, 'sigma_update': 0.2397099670727676, 'eta_learning': 1.610358255321067, 'sigma_boundary': 3.0610741435676663, 'alpha': 0.40740160960554}. Best is trial 63 with value: 0.053904023428876686.
[I 2026-03-04 04:01:31,865] Trial 88 finished with value: 0.09217257381981708 and parameters: {'sigma_noise': 0.2710788967985424, 'A_repulsion': 0.21732436850070286, 'gamma': 0.6485673805502429, 'sigma_update': 0.28550610064336623, 'eta_learning': 1.1938526526282813, 'sigma_boundary': 4.475809203622341, 'alpha': 0.5506057457458748}. Best is trial 63 with value: 0.053904023428876686.
[I 2026-03-04 04:01:43,290] Trial 86 finished with value: 0.22628360046841375 and parameters: {'sigma_noise': 0.3180705248042053, 'A_repulsion': 0.2513434537113732, 'gamma': 0.4449723630163548, 'sigma_update': 0.230042675524954, 'eta_learning': 2.078974422612691, 'sigma_boundary': 5.858017026547337, 'alpha': 0.4243104077911855}. Best is trial 63 with value: 0.053904023428876686.
[I 2026-03-04 04:01:56,003] Trial 90 finished with value: 0.41321428911517516 and parameters: {'sigma_noise': 0.2464396614819282, 'A_repulsion': 0.2532652080845091, 'gamma': 0.7230127455226308, 'sigma_update': 0.030479777532449813, 'eta_learning': 2.1553556317698606, 'sigma_boundary': 4.948364677197099, 'alpha': 0.44860804297961876}. Best is trial 63 with value: 0.053904023428876686.
[I 2026-03-04 04:02:26,034] Trial 95 finished with value: 1.752100349977336 and parameters: {'sigma_noise': 0.2225029151879564, 'A_repulsion': 0.2438467585174454, 'gamma': 0.7702973253549973, 'sigma_update': 0.40828421945889026, 'eta_learning': 1.2866919785092534, 'sigma_boundary': 4.687035617118599, 'alpha': 0.1553633758311982}. Best is trial 63 with value: 0.053904023428876686.
[I 2026-03-04 04:02:28,318] Trial 93 finished with value: 0.08163391870277303 and parameters: {'sigma_noise': 0.280364707103569, 'A_repulsion': 0.21771306009559926, 'gamma': 0.7931075923921207, 'sigma_update': 0.4542393303229154, 'eta_learning': 1.2424817791703429, 'sigma_boundary': 4.526123551528205, 'alpha': 0.5837353082833414}. Best is trial 63 with value: 0.053904023428876686.
[I 2026-03-04 04:02:34,557] Trial 94 finished with value: 0.08429172119668582 and parameters: {'sigma_noise': 0.3012229628426422, 'A_repulsion': 0.24132205518058858, 'gamma': 0.9715041819611797, 'sigma_update': 0.13786676130534753, 'eta_learning': 2.2320937603197297, 'sigma_boundary': 6.239568866088827, 'alpha': 0.7409790136550307}. Best is trial 63 with value: 0.053904023428876686.
[I 2026-03-04 04:03:56,460] Trial 96 finished with value: 0.07336523673777418 and parameters: {'sigma_noise': 0.18882599097586855, 'A_repulsion': 0.25410850125121637, 'gamma': 0.7735743904984819, 'sigma_update': 0.1361512368827343, 'eta_learning': 1.1397114133661426, 'sigma_boundary': 4.504334392678509, 'alpha': 0.5812377453298728}. Best is trial 63 with value: 0.053904023428876686.
[I 2026-03-04 04:04:16,715] Trial 98 finished with value: 0.2289975982757076 and parameters: {'sigma_noise': 0.1939438767468954, 'A_repulsion': 0.1369635882410731, 'gamma': 0.6115214414636297, 'sigma_update': 0.40161845126390167, 'eta_learning': 2.0225718631836114, 'sigma_boundary': 3.6043799089271236, 'alpha': 0.43560692563068926}. Best is trial 63 with value: 0.053904023428876686.
[I 2026-03-04 04:04:41,679] Trial 101 finished with value: 1.1605970534681076 and parameters: {'sigma_noise': 0.18056140709000718, 'A_repulsion': 0.16173946094986305, 'gamma': 0.6154500026100553, 'sigma_update': 0.37548953792414325, 'eta_learning': 1.7842555616125388, 'sigma_boundary': 4.154699911046667, 'alpha': 0.17146669653222307}. Best is trial 63 with value: 0.053904023428876686.
[I 2026-03-04 04:04:51,337] Trial 97 finished with value: 0.07355309465577274 and parameters: {'sigma_noise': 0.29269759573742515, 'A_repulsion': 0.1484926223290446, 'gamma': 0.8042802522530662, 'sigma_update': 0.17414587132899312, 'eta_learning': 1.9487420418754942, 'sigma_boundary': 5.524083666438421, 'alpha': 0.550163362013593}. Best is trial 63 with value: 0.053904023428876686.
[I 2026-03-04 04:05:16,899] Trial 99 finished with value: 0.493476600864883 and parameters: {'sigma_noise': 0.28290558830879114, 'A_repulsion': 0.21426663884907787, 'gamma': 0.6339853744448367, 'sigma_update': 0.34251724009783036, 'eta_learning': 1.8303370017754954, 'sigma_boundary': 3.6773683597224753, 'alpha': 0.36030990317471834}. Best is trial 63 with value: 0.053904023428876686.
[I 2026-03-04 04:05:18,111] Trial 100 finished with value: 0.06792085170816878 and parameters: {'sigma_noise': 0.23177816002124701, 'A_repulsion': 0.25321907949600586, 'gamma': 0.8731899200984016, 'sigma_update': 0.30104454426403293, 'eta_learning': 0.98543657598868, 'sigma_boundary': 3.815036719415936, 'alpha': 0.6799932246713211}. Best is trial 63 with value: 0.053904023428876686.
[I 2026-03-04 04:05:45,535] Trial 103 finished with value: 0.18582352783565223 and parameters: {'sigma_noise': 0.22401849424276282, 'A_repulsion': 0.22725250753423354, 'gamma': 0.47816170668794405, 'sigma_update': 0.31596199123933977, 'eta_learning': 1.123989303427163, 'sigma_boundary': 4.278729781986402, 'alpha': 0.4538549878535474}. Best is trial 63 with value: 0.053904023428876686.
[I 2026-03-04 04:06:06,934] Trial 104 finished with value: 0.1814911268662393 and parameters: {'sigma_noise': 0.3136714795433333, 'A_repulsion': 0.171926847477394, 'gamma': 0.6473817097334368, 'sigma_update': 0.10073668191105367, 'eta_learning': 1.7827208080787988, 'sigma_boundary': 1.6959913583948159, 'alpha': 0.4659278604256373}. Best is trial 63 with value: 0.053904023428876686.
[I 2026-03-04 04:06:15,781] Trial 102 finished with value: 0.10743148675261399 and parameters: {'sigma_noise': 0.3548243122310584, 'A_repulsion': 0.2852019837897379, 'gamma': 0.5507195315073429, 'sigma_update': 0.330880412707468, 'eta_learning': 1.5922583966000892, 'sigma_boundary': 4.858183593664074, 'alpha': 0.7715935022325291}. Best is trial 63 with value: 0.053904023428876686.
[I 2026-03-04 04:06:20,409] Trial 106 finished with value: 0.17444372668846497 and parameters: {'sigma_noise': 0.27978564675942785, 'A_repulsion': 0.2656063236611059, 'gamma': 0.6547225906683017, 'sigma_update': 0.10481718849679783, 'eta_learning': 1.3381591577437706, 'sigma_boundary': 3.941598196069599, 'alpha': 0.8581508765843976}. Best is trial 63 with value: 0.053904023428876686.
[I 2026-03-04 04:06:23,009] Trial 112 finished with value: 0.6016204950274082 and parameters: {'sigma_noise': 0.28239315163659884, 'A_repulsion': 0.008562972575896, 'gamma': 0.6384887273406824, 'sigma_update': 0.34928559839154205, 'eta_learning': 1.1578685994222215, 'sigma_boundary': 7.098946382165287, 'alpha': 0.26315621246341186}. Best is trial 63 with value: 0.053904023428876686.
[I 2026-03-04 04:06:26,870] Trial 107 finished with value: 0.11173241127916486 and parameters: {'sigma_noise': 0.20749179541243418, 'A_repulsion': 0.21634807119118005, 'gamma': 0.9183023516152605, 'sigma_update': 0.03856187276350621, 'eta_learning': 1.881887614651903, 'sigma_boundary': 2.8406949986869146, 'alpha': 0.7937846123063736}. Best is trial 63 with value: 0.053904023428876686.
[I 2026-03-04 04:06:34,337] Trial 105 finished with value: 0.6658449780798104 and parameters: {'sigma_noise': 0.21839603277699937, 'A_repulsion': 0.3759480616465891, 'gamma': 0.7689664638622812, 'sigma_update': 0.49486368977878104, 'eta_learning': 1.6289012624640722, 'sigma_boundary': 3.937390488178456, 'alpha': 0.33790900878305113}. Best is trial 63 with value: 0.053904023428876686.
[I 2026-03-04 04:06:48,056] Trial 111 finished with value: 0.08896259507988634 and parameters: {'sigma_noise': 0.2658523531686188, 'A_repulsion': 0.07397782883155465, 'gamma': 0.9229305631772855, 'sigma_update': 0.3210055790935703, 'eta_learning': 1.0849313801593885, 'sigma_boundary': 7.217808400485055, 'alpha': 0.4760685270730286}. Best is trial 63 with value: 0.053904023428876686.
[I 2026-03-04 04:06:55,847] Trial 114 finished with value: 0.06217612102925767 and parameters: {'sigma_noise': 0.25235464737879126, 'A_repulsion': 0.13706648730055326, 'gamma': 0.8250562494798024, 'sigma_update': 0.3760076122240984, 'eta_learning': 1.682765927859837, 'sigma_boundary': 7.3024068123084245, 'alpha': 0.588757390379882}. Best is trial 63 with value: 0.053904023428876686.
[I 2026-03-04 04:06:58,956] Trial 109 finished with value: 0.04203743309540174 and parameters: {'sigma_noise': 0.2757853566169862, 'A_repulsion': 0.1969619298829975, 'gamma': 0.9101176312603143, 'sigma_update': 0.3442977887627924, 'eta_learning': 0.8610493729891593, 'sigma_boundary': 5.423993942055698, 'alpha': 0.6664445542198937}. Best is trial 109 with value: 0.04203743309540174.
[I 2026-03-04 04:07:06,334] Trial 108 finished with value: 0.08832015709739227 and parameters: {'sigma_noise': 0.3475675025202185, 'A_repulsion': 0.14085957509561398, 'gamma': 0.7476351062477026, 'sigma_update': 0.29362873597706396, 'eta_learning': 1.6096823875754278, 'sigma_boundary': 5.451745907502781, 'alpha': 0.6744127340709619}. Best is trial 109 with value: 0.04203743309540174.
[I 2026-03-04 04:07:15,026] Trial 115 finished with value: 0.12802548739301867 and parameters: {'sigma_noise': 0.2233435549278298, 'A_repulsion': 0.24128254966000756, 'gamma': 0.5852327639554042, 'sigma_update': 0.3036114440059573, 'eta_learning': 1.3489039555597144, 'sigma_boundary': 4.920615225199252, 'alpha': 0.48005997378883514}. Best is trial 109 with value: 0.04203743309540174.
[I 2026-03-04 04:07:27,915] Trial 110 finished with value: 0.058571291495932765 and parameters: {'sigma_noise': 0.35360943951463203, 'A_repulsion': 0.19681139632957817, 'gamma': 0.9623919459390545, 'sigma_update': 0.2671375080584561, 'eta_learning': 2.0224249472077807, 'sigma_boundary': 3.1239923174074593, 'alpha': 0.7017912614253415}. Best is trial 109 with value: 0.04203743309540174.
[I 2026-03-04 04:07:28,489] Trial 113 finished with value: 0.05794612262174249 and parameters: {'sigma_noise': 0.22602111222328392, 'A_repulsion': 0.29370743551994455, 'gamma': 0.8829718171025873, 'sigma_update': 0.3056671709791752, 'eta_learning': 1.85500387155656, 'sigma_boundary': 5.285075614054979, 'alpha': 0.5674848090708742}. Best is trial 109 with value: 0.04203743309540174.
[I 2026-03-04 04:07:58,086] Trial 118 finished with value: 0.0647703694691254 and parameters: {'sigma_noise': 0.2731003654466346, 'A_repulsion': 0.13351231137098366, 'gamma': 0.8506755580619915, 'sigma_update': 0.39297231287356765, 'eta_learning': 1.696757794077715, 'sigma_boundary': 6.481425259497379, 'alpha': 0.9263438645639084}. Best is trial 109 with value: 0.04203743309540174.
[I 2026-03-04 04:08:12,214] Trial 116 finished with value: 0.2107233435373668 and parameters: {'sigma_noise': 0.35578527190834475, 'A_repulsion': 0.25093222625883055, 'gamma': 0.7479003313821561, 'sigma_update': 0.5445185265168155, 'eta_learning': 1.472679354733361, 'sigma_boundary': 4.908368404969652, 'alpha': 0.5524929806617487}. Best is trial 109 with value: 0.04203743309540174.
[I 2026-03-04 04:08:37,854] Trial 117 finished with value: 0.0755805948254317 and parameters: {'sigma_noise': 0.3222552529444326, 'A_repulsion': 0.2799249096594506, 'gamma': 0.8506136275992504, 'sigma_update': 0.21966345566524517, 'eta_learning': 1.5853339295573137, 'sigma_boundary': 7.901717221608399, 'alpha': 0.5976353392996602}. Best is trial 109 with value: 0.04203743309540174.
[I 2026-03-04 04:08:45,434] Trial 119 finished with value: 0.2426356092886504 and parameters: {'sigma_noise': 0.27892468182093894, 'A_repulsion': 0.3362426084805398, 'gamma': 0.6520504729289965, 'sigma_update': 0.26251787052808184, 'eta_learning': 1.5990196153093381, 'sigma_boundary': 4.522496268150875, 'alpha': 0.41960540688165804}. Best is trial 109 with value: 0.04203743309540174.
[I 2026-03-04 04:09:47,207] Trial 120 finished with value: 0.06423289461327933 and parameters: {'sigma_noise': 0.20002141464473622, 'A_repulsion': 0.3241534128517467, 'gamma': 0.7617683315022497, 'sigma_update': 0.23757649357837982, 'eta_learning': 1.6997185716386884, 'sigma_boundary': 3.421969327472324, 'alpha': 0.5194727534010335}. Best is trial 109 with value: 0.04203743309540174.
[I 2026-03-04 04:10:22,411] Trial 121 finished with value: 0.11104881301532327 and parameters: {'sigma_noise': 0.25958116349710014, 'A_repulsion': 0.28871092465047143, 'gamma': 0.864321457529973, 'sigma_update': 0.3562915202286521, 'eta_learning': 1.4798677445883492, 'sigma_boundary': 6.156533550144896, 'alpha': 0.4613464115894519}. Best is trial 109 with value: 0.04203743309540174.
[I 2026-03-04 04:10:30,087] Trial 124 finished with value: 0.09883342090293354 and parameters: {'sigma_noise': 0.24928229683506092, 'A_repulsion': 0.08191664749992975, 'gamma': 0.6132741327833837, 'sigma_update': 0.3464816647646415, 'eta_learning': 1.182760513882398, 'sigma_boundary': 2.9169492956547125, 'alpha': 0.6344337848900169}. Best is trial 109 with value: 0.04203743309540174.
[I 2026-03-04 04:10:45,993] Trial 123 finished with value: 0.05594602172790429 and parameters: {'sigma_noise': 0.23479644976611236, 'A_repulsion': 0.24619837898199892, 'gamma': 0.8884570289708895, 'sigma_update': 0.22803379866264073, 'eta_learning': 0.8683463623995469, 'sigma_boundary': 8.216494970122742, 'alpha': 0.5238364276854035}. Best is trial 109 with value: 0.04203743309540174.
[I 2026-03-04 04:11:04,253] Trial 122 finished with value: 0.08988603821655258 and parameters: {'sigma_noise': 0.28723961917117197, 'A_repulsion': 0.3233883697152987, 'gamma': 0.5319452616038931, 'sigma_update': 0.25955539290479057, 'eta_learning': 1.606063698803727, 'sigma_boundary': 7.497910859194543, 'alpha': 0.7416315135432824}. Best is trial 109 with value: 0.04203743309540174.
[I 2026-03-04 04:11:11,529] Trial 127 finished with value: 0.33722324927377006 and parameters: {'sigma_noise': 0.23455187236272756, 'A_repulsion': 0.10249053239858627, 'gamma': 0.864091555589882, 'sigma_update': 0.2907935925787681, 'eta_learning': 1.494315243632541, 'sigma_boundary': 7.333603473077301, 'alpha': 0.3364143747489719}. Best is trial 109 with value: 0.04203743309540174.
[I 2026-03-04 04:11:22,902] Trial 125 finished with value: 0.06937820917157024 and parameters: {'sigma_noise': 0.2426410617442205, 'A_repulsion': 0.2445664100655289, 'gamma': 0.8747894141540589, 'sigma_update': 0.17134127257444848, 'eta_learning': 1.3419358681614175, 'sigma_boundary': 4.8556631022177115, 'alpha': 0.7245008847309327}. Best is trial 109 with value: 0.04203743309540174.
[I 2026-03-04 04:11:41,618] Trial 126 finished with value: 0.0668523735741582 and parameters: {'sigma_noise': 0.2187320534180916, 'A_repulsion': 0.3103239223212133, 'gamma': 0.8568650936691916, 'sigma_update': 0.207578093644805, 'eta_learning': 1.3528578867942551, 'sigma_boundary': 3.602196779674859, 'alpha': 0.6077658521949946}. Best is trial 109 with value: 0.04203743309540174.
[I 2026-03-04 04:11:53,419] Trial 130 finished with value: 0.05779041382397193 and parameters: {'sigma_noise': 0.20610924201640574, 'A_repulsion': 0.2308124122238249, 'gamma': 0.8558152408218045, 'sigma_update': 0.24588591905634982, 'eta_learning': 1.481032585314801, 'sigma_boundary': 3.7169005655803766, 'alpha': 0.611391804551417}. Best is trial 109 with value: 0.04203743309540174.
[I 2026-03-04 04:11:53,769] Trial 129 finished with value: 0.06971091937709731 and parameters: {'sigma_noise': 0.21293227201637183, 'A_repulsion': 0.21545211985276147, 'gamma': 0.8961120124556953, 'sigma_update': 0.3002684402785067, 'eta_learning': 0.8956061644751202, 'sigma_boundary': 3.273979359363967, 'alpha': 0.5567900119982139}. Best is trial 109 with value: 0.04203743309540174.
[I 2026-03-04 04:12:04,590] Trial 128 finished with value: 0.10207427417544834 and parameters: {'sigma_noise': 0.22908834411366114, 'A_repulsion': 0.24156859795585134, 'gamma': 0.7004768595619786, 'sigma_update': 0.15311718399710886, 'eta_learning': 1.3870697629196072, 'sigma_boundary': 5.7300671582318214, 'alpha': 0.8149212904864525}. Best is trial 109 with value: 0.04203743309540174.
[I 2026-03-04 04:12:12,635] Trial 132 finished with value: 0.07020224219481894 and parameters: {'sigma_noise': 0.2232512839714465, 'A_repulsion': 0.20471271563581456, 'gamma': 0.8367556522166262, 'sigma_update': 0.23114243360706788, 'eta_learning': 1.3742310388131602, 'sigma_boundary': 6.0625937681060655, 'alpha': 0.7461616401586821}. Best is trial 109 with value: 0.04203743309540174.
[I 2026-03-04 04:12:31,072] Trial 131 finished with value: 0.06971943725144993 and parameters: {'sigma_noise': 0.2446339321381512, 'A_repulsion': 0.27667988929891396, 'gamma': 0.8218451414886152, 'sigma_update': 0.13992630378495072, 'eta_learning': 0.946659833427694, 'sigma_boundary': 5.479637739231872, 'alpha': 0.6729040840314241}. Best is trial 109 with value: 0.04203743309540174.
[I 2026-03-04 04:12:37,216] Trial 134 finished with value: 0.10352140157615253 and parameters: {'sigma_noise': 0.19829141216163954, 'A_repulsion': 0.30620820291791784, 'gamma': 0.8475689062121402, 'sigma_update': 0.19414617912287344, 'eta_learning': 1.0438275907764738, 'sigma_boundary': 4.972301683287526, 'alpha': 0.889043295536889}. Best is trial 109 with value: 0.04203743309540174.
[I 2026-03-04 04:12:37,820] Trial 133 finished with value: 0.08170914702279829 and parameters: {'sigma_noise': 0.1961414543403558, 'A_repulsion': 0.3199249461329885, 'gamma': 0.7369837423564356, 'sigma_update': 0.2609573485945001, 'eta_learning': 2.032505957065152, 'sigma_boundary': 6.794203547875556, 'alpha': 0.5202750493479622}. Best is trial 109 with value: 0.04203743309540174.
[I 2026-03-04 04:13:02,659] Trial 139 finished with value: 0.05912506392630547 and parameters: {'sigma_noise': 0.24948441916202174, 'A_repulsion': 0.19635784356756125, 'gamma': 0.8301024659818097, 'sigma_update': 0.24310199267609367, 'eta_learning': 2.2197557615095316, 'sigma_boundary': 5.861897143849661, 'alpha': 0.6618648691814669}. Best is trial 109 with value: 0.04203743309540174.
[I 2026-03-04 04:13:05,635] Trial 138 finished with value: 0.14130787349845528 and parameters: {'sigma_noise': 0.20109112670937862, 'A_repulsion': 0.3115260324394997, 'gamma': 0.7978787530338876, 'sigma_update': 0.16906647905685074, 'eta_learning': 1.4752103069078635, 'sigma_boundary': 4.8555739434475775, 'alpha': 0.43795758220123515}. Best is trial 109 with value: 0.04203743309540174.
[I 2026-03-04 04:13:10,846] Trial 136 finished with value: 0.0629119395886072 and parameters: {'sigma_noise': 0.3022511669273559, 'A_repulsion': 0.2538735267161962, 'gamma': 0.8509117215943774, 'sigma_update': 0.30141034470342487, 'eta_learning': 1.1615432952006572, 'sigma_boundary': 4.400136874538137, 'alpha': 0.5712467704953549}. Best is trial 109 with value: 0.04203743309540174.
