[I 2026-03-04 04:25:59,407] Trial 193 finished with value: 0.06400858938771284 and parameters: {'sigma_noise': 0.2726915238844038, 'A_repulsion': 0.23830854823136427, 'gamma': 0.7627196160168488, 'sigma_update': 0.37133190204445565, 'eta_learning': 0.8981099287511799, 'sigma_boundary': 5.936890351270182, 'alpha': 0.6624991348114555}. Best is trial 109 with value: 0.04203743309540174.
[I 2026-03-04 04:26:00,151] Trial 194 finished with value: 0.09294915824657163 and parameters: {'sigma_noise': 0.2638652827552129, 'A_repulsion': 0.16834188627354696, 'gamma': 0.5679232896024332, 'sigma_update': 0.21576742964442427, 'eta_learning': 1.2400077861670116, 'sigma_boundary': 3.3757642432109787, 'alpha': 0.4883647461469577}. Best is trial 109 with value: 0.04203743309540174.
[I 2026-03-04 04:26:01,792] Trial 195 finished with value: 0.07424081676630227 and parameters: {'sigma_noise': 0.2235316996295859, 'A_repulsion': 0.23905429447984122, 'gamma': 0.8225971384461854, 'sigma_update': 0.18958759645518825, 'eta_learning': 1.4895174441500167, 'sigma_boundary': 6.263135282586149, 'alpha': 0.6982452031686153}. Best is trial 109 with value: 0.04203743309540174.
[I 2026-03-04 04:26:05,203] Trial 198 finished with value: 0.23284587767321654 and parameters: {'sigma_noise': 0.2173843708496666, 'A_repulsion': 0.22310472863157216, 'gamma': 0.7742879042921378, 'sigma_update': 0.3947677532790739, 'eta_learning': 1.5192653724565834, 'sigma_boundary': 9.493449572682241, 'alpha': 0.40791055004161875}. Best is trial 109 with value: 0.04203743309540174.
[I 2026-03-04 04:26:06,713] Trial 197 finished with value: 0.058183818198878676 and parameters: {'sigma_noise': 0.2484325450833325, 'A_repulsion': 0.22025175783315734, 'gamma': 0.836212134013388, 'sigma_update': 0.23169852302705587, 'eta_learning': 0.7109584815150864, 'sigma_boundary': 8.349953822282512, 'alpha': 0.572720795087234}. Best is trial 109 with value: 0.04203743309540174.
[I 2026-03-04 04:26:07,800] Trial 199 finished with value: 0.08685416713988159 and parameters: {'sigma_noise': 0.2980323637891331, 'A_repulsion': 0.19334793781818624, 'gamma': 0.6760219074307477, 'sigma_update': 0.4808595244358119, 'eta_learning': 1.1192799796648372, 'sigma_boundary': 8.281690337127223, 'alpha': 0.7708931884742151}. Best is trial 109 with value: 0.04203743309540174.
