/nfs/nhome/live/apourdehghan/Hybrid_hpc_utils.py:56: DtypeWarning: Columns (16) have mixed types. Specify dtype option on import or set low_memory=False.
  data = pd.read_csv(data_path)
[I 2026-03-20 01:30:37,255] A new study created in memory with name: no-name-e91203c9-f3bc-4f28-b89b-d0fbaf62e1dc
[I 2026-03-20 01:38:43,123] Trial 21 finished with value: 0.11548823879430245 and parameters: {'sigma_noise': 0.10902158586092786, 'A_repulsion': 0.022960807540032657, 'gamma': 0.08234661629104073, 'sigma_update': 0.27180795429206633, 'eta_learning': 0.5369775076803721, 'sigma_boundary': 6.746685185739704, 'alpha': 0.0}. Best is trial 21 with value: 0.11548823879430245.
[I 2026-03-20 01:38:47,496] Trial 8 finished with value: 0.2329749066929658 and parameters: {'sigma_noise': 0.12462964795368472, 'A_repulsion': 0.008627788833280692, 'gamma': 0.830825963526203, 'sigma_update': 0.6415773555471732, 'eta_learning': 0.8442681857695183, 'sigma_boundary': 6.4741581587656984, 'alpha': 0.0}. Best is trial 21 with value: 0.11548823879430245.
[I 2026-03-20 01:39:22,239] Trial 23 finished with value: 0.4540999549264473 and parameters: {'sigma_noise': 0.13338573964936554, 'A_repulsion': 0.037193469435579996, 'gamma': 0.9043670329951021, 'sigma_update': 0.06053775738884203, 'eta_learning': 2.793556856275713, 'sigma_boundary': 1.7932549097043775, 'alpha': 0.0}. Best is trial 21 with value: 0.11548823879430245.
[I 2026-03-20 01:39:32,732] Trial 22 finished with value: 0.40759295724743916 and parameters: {'sigma_noise': 0.17363455416071455, 'A_repulsion': 0.0034662080431759335, 'gamma': 0.8759549717105533, 'sigma_update': 0.16257084689651435, 'eta_learning': 1.1348670711152453, 'sigma_boundary': 6.4152307273197104, 'alpha': 0.0}. Best is trial 21 with value: 0.11548823879430245.
[I 2026-03-20 01:39:44,322] Trial 13 finished with value: 0.4056271758218961 and parameters: {'sigma_noise': 0.06835606906622212, 'A_repulsion': 0.2574658706446572, 'gamma': 0.8962212300617469, 'sigma_update': 0.6771065613190226, 'eta_learning': 1.2612832344860019, 'sigma_boundary': 9.330154688092453, 'alpha': 0.0}. Best is trial 21 with value: 0.11548823879430245.
[I 2026-03-20 01:40:17,920] Trial 4 finished with value: 0.48147300680130983 and parameters: {'sigma_noise': 0.1080868261347304, 'A_repulsion': 0.2234014876888356, 'gamma': 0.31734533466852327, 'sigma_update': 0.4649928134674143, 'eta_learning': 0.8691536213870893, 'sigma_boundary': 9.673980349532199, 'alpha': 0.0}. Best is trial 21 with value: 0.11548823879430245.
[I 2026-03-20 01:40:44,310] Trial 6 finished with value: 0.6760667454471729 and parameters: {'sigma_noise': 0.22763304564765818, 'A_repulsion': 0.04335295411533474, 'gamma': 0.8844767538603021, 'sigma_update': 0.09046931215192126, 'eta_learning': 1.8687642999760696, 'sigma_boundary': 4.505981901424248, 'alpha': 0.0}. Best is trial 21 with value: 0.11548823879430245.
[I 2026-03-20 01:40:49,959] Trial 16 finished with value: 0.6979774015946217 and parameters: {'sigma_noise': 0.09658158022397037, 'A_repulsion': 0.32016716366202197, 'gamma': 0.40390943604288976, 'sigma_update': 0.19744764900480663, 'eta_learning': 2.358951998299699, 'sigma_boundary': 6.240913558894209, 'alpha': 0.0}. Best is trial 21 with value: 0.11548823879430245.
[I 2026-03-20 01:40:52,345] Trial 10 finished with value: 0.687210950718047 and parameters: {'sigma_noise': 0.2706485176359145, 'A_repulsion': 0.009008027727436307, 'gamma': 0.46059496623634294, 'sigma_update': 0.4393460202773361, 'eta_learning': 1.6560675370396907, 'sigma_boundary': 4.20826103552292, 'alpha': 0.0}. Best is trial 21 with value: 0.11548823879430245.
[I 2026-03-20 01:41:21,949] Trial 12 finished with value: 0.7933227799268565 and parameters: {'sigma_noise': 0.0765830896989737, 'A_repulsion': 0.4709700469251936, 'gamma': 0.3823844911474817, 'sigma_update': 0.09954939297451205, 'eta_learning': 2.097864357932155, 'sigma_boundary': 2.127454529393501, 'alpha': 0.0}. Best is trial 21 with value: 0.11548823879430245.
[I 2026-03-20 01:41:46,708] Trial 0 finished with value: 0.7690550332853288 and parameters: {'sigma_noise': 0.2889545275680358, 'A_repulsion': 0.037439884395985834, 'gamma': 0.7761342860459587, 'sigma_update': 0.28873898618016636, 'eta_learning': 1.3559981008492135, 'sigma_boundary': 4.584763269346903, 'alpha': 0.0}. Best is trial 21 with value: 0.11548823879430245.
[I 2026-03-20 01:42:01,588] Trial 18 finished with value: 0.8730799643505085 and parameters: {'sigma_noise': 0.17083814576401446, 'A_repulsion': 0.30197335797591773, 'gamma': 0.4522743236755997, 'sigma_update': 0.20304166849201044, 'eta_learning': 0.9480912051202129, 'sigma_boundary': 5.57003733426093, 'alpha': 0.0}. Best is trial 21 with value: 0.11548823879430245.
[I 2026-03-20 01:42:53,808] Trial 1 finished with value: 0.900348527413162 and parameters: {'sigma_noise': 0.1116481213434061, 'A_repulsion': 0.476378189056029, 'gamma': 0.45207096014282155, 'sigma_update': 0.04889296428268781, 'eta_learning': 2.2117076399440996, 'sigma_boundary': 7.711250635016586, 'alpha': 0.0}. Best is trial 21 with value: 0.11548823879430245.
[I 2026-03-20 01:43:27,880] Trial 20 finished with value: 0.5842617430459086 and parameters: {'sigma_noise': 0.19975042548775135, 'A_repulsion': 0.3172762691659575, 'gamma': 0.08475858196745656, 'sigma_update': 0.6794486804851859, 'eta_learning': 0.32998313120607664, 'sigma_boundary': 4.396231670488081, 'alpha': 0.0}. Best is trial 21 with value: 0.11548823879430245.
[I 2026-03-20 01:44:08,407] Trial 9 finished with value: 0.9241934114170566 and parameters: {'sigma_noise': 0.2562055947036967, 'A_repulsion': 0.33054424097383206, 'gamma': 0.7885286171300211, 'sigma_update': 0.3820717742850151, 'eta_learning': 2.573479880630457, 'sigma_boundary': 7.539756739570183, 'alpha': 0.0}. Best is trial 21 with value: 0.11548823879430245.
[I 2026-03-20 01:45:30,358] Trial 7 finished with value: 0.909738722182266 and parameters: {'sigma_noise': 0.3182603804092986, 'A_repulsion': 0.28787032660438705, 'gamma': 0.9206113922170573, 'sigma_update': 0.17595884595233308, 'eta_learning': 0.46414481338404484, 'sigma_boundary': 4.485714147425928, 'alpha': 0.0}. Best is trial 21 with value: 0.11548823879430245.
[I 2026-03-20 01:45:38,367] Trial 15 finished with value: 0.9236891695956543 and parameters: {'sigma_noise': 0.3937849117727254, 'A_repulsion': 0.2110945893109658, 'gamma': 0.05706221013019268, 'sigma_update': 0.42343631844253515, 'eta_learning': 2.920626947530394, 'sigma_boundary': 8.629098936973266, 'alpha': 0.0}. Best is trial 21 with value: 0.11548823879430245.
[I 2026-03-20 01:46:49,610] Trial 3 finished with value: 0.9243832409354739 and parameters: {'sigma_noise': 0.3153338313608631, 'A_repulsion': 0.4079015500108438, 'gamma': 0.2613436402717664, 'sigma_update': 0.39272043210075946, 'eta_learning': 1.6597843838413944, 'sigma_boundary': 9.379722233559752, 'alpha': 0.0}. Best is trial 21 with value: 0.11548823879430245.
[I 2026-03-20 01:47:08,825] Trial 17 finished with value: 0.9243993466614299 and parameters: {'sigma_noise': 0.3575521433092115, 'A_repulsion': 0.34785188466475775, 'gamma': 0.5913193388643075, 'sigma_update': 0.22534446700324617, 'eta_learning': 1.3388016562871188, 'sigma_boundary': 9.292607020578306, 'alpha': 0.0}. Best is trial 21 with value: 0.11548823879430245.
[I 2026-03-20 01:47:09,152] Trial 2 finished with value: 0.9243993466614299 and parameters: {'sigma_noise': 0.2967197887456721, 'A_repulsion': 0.4004619540510163, 'gamma': 0.29641465947185236, 'sigma_update': 0.04799864291576457, 'eta_learning': 1.924172031590013, 'sigma_boundary': 2.5625889279573064, 'alpha': 0.0}. Best is trial 21 with value: 0.11548823879430245.
[I 2026-03-20 01:47:13,638] Trial 19 finished with value: 0.9243806666035395 and parameters: {'sigma_noise': 0.26727110842300544, 'A_repulsion': 0.46995825616596254, 'gamma': 0.16179967519762545, 'sigma_update': 0.07106756450915412, 'eta_learning': 2.9842562399734804, 'sigma_boundary': 1.8072999044741602, 'alpha': 0.0}. Best is trial 21 with value: 0.11548823879430245.
[I 2026-03-20 01:47:36,990] Trial 11 finished with value: 0.9241697412233569 and parameters: {'sigma_noise': 0.3834796385281353, 'A_repulsion': 0.3258628703153914, 'gamma': 0.4182131602501518, 'sigma_update': 0.6632365280693043, 'eta_learning': 0.4765198299476519, 'sigma_boundary': 7.142612806431614, 'alpha': 0.0}. Best is trial 21 with value: 0.11548823879430245.
[I 2026-03-20 01:48:58,642] Trial 14 finished with value: 0.9244975436083894 and parameters: {'sigma_noise': 0.4230615826782997, 'A_repulsion': 0.35881677821204144, 'gamma': 0.4411025773348565, 'sigma_update': 0.31125299679775265, 'eta_learning': 0.4500308100697808, 'sigma_boundary': 7.4174929667014196, 'alpha': 0.0}. Best is trial 21 with value: 0.11548823879430245.
[I 2026-03-20 01:50:17,439] Trial 5 finished with value: 0.9243806666035395 and parameters: {'sigma_noise': 0.4340943766470331, 'A_repulsion': 0.41735451449452654, 'gamma': 0.9288610801920335, 'sigma_update': 0.2104794465069376, 'eta_learning': 2.094873537316266, 'sigma_boundary': 0.6441857447387699, 'alpha': 0.0}. Best is trial 21 with value: 0.11548823879430245.
[I 2026-03-20 01:51:34,904] Trial 24 finished with value: 0.9067261271963892 and parameters: {'sigma_noise': 0.2720197495429201, 'A_repulsion': 0.194340365369029, 'gamma': 0.5034556773170027, 'sigma_update': 0.3421204610668761, 'eta_learning': 1.0863356251224627, 'sigma_boundary': 7.2477346643129685, 'alpha': 0.0}. Best is trial 21 with value: 0.11548823879430245.
[I 2026-03-20 01:51:57,556] Trial 34 finished with value: 0.5255278656800386 and parameters: {'sigma_noise': 0.14114617265748808, 'A_repulsion': 0.18367649733211291, 'gamma': 0.23940303651380307, 'sigma_update': 0.49403755817732026, 'eta_learning': 0.6526414438388678, 'sigma_boundary': 2.5542937313946044, 'alpha': 0.0}. Best is trial 21 with value: 0.11548823879430245.
[I 2026-03-20 01:52:18,773] Trial 25 finished with value: 0.9213192067996478 and parameters: {'sigma_noise': 0.23949161948610115, 'A_repulsion': 0.3236660213564523, 'gamma': 0.6388131485883944, 'sigma_update': 0.4498332142133486, 'eta_learning': 0.7966667810665921, 'sigma_boundary': 3.733265124113729, 'alpha': 0.0}. Best is trial 21 with value: 0.11548823879430245.
[I 2026-03-20 01:52:30,306] Trial 30 finished with value: 0.8691097858244533 and parameters: {'sigma_noise': 0.1916474120378971, 'A_repulsion': 0.262182741496404, 'gamma': 0.5674066046463424, 'sigma_update': 0.26773138823602105, 'eta_learning': 0.8381403710888852, 'sigma_boundary': 7.8408983166114465, 'alpha': 0.0}. Best is trial 21 with value: 0.11548823879430245.
[I 2026-03-20 01:52:51,042] Trial 31 finished with value: 0.8820085755701336 and parameters: {'sigma_noise': 0.2504648738197273, 'A_repulsion': 0.15897494302579218, 'gamma': 0.2381295178272655, 'sigma_update': 0.3159870671936868, 'eta_learning': 1.366963447739566, 'sigma_boundary': 6.133132199227448, 'alpha': 0.0}. Best is trial 21 with value: 0.11548823879430245.
[I 2026-03-20 01:52:53,003] Trial 33 finished with value: 0.8924527336706577 and parameters: {'sigma_noise': 0.19784086713239074, 'A_repulsion': 0.2464895001598551, 'gamma': 0.34276241219236453, 'sigma_update': 0.4862193889270911, 'eta_learning': 2.0307273393928646, 'sigma_boundary': 4.892730223809021, 'alpha': 0.0}. Best is trial 21 with value: 0.11548823879430245.
[I 2026-03-20 01:52:53,382] Trial 26 finished with value: 0.9193673011942055 and parameters: {'sigma_noise': 0.3496534808329311, 'A_repulsion': 0.15792977408060369, 'gamma': 0.4260516888933252, 'sigma_update': 0.38006971299260056, 'eta_learning': 2.1254776698258753, 'sigma_boundary': 3.328580566670377, 'alpha': 0.0}. Best is trial 21 with value: 0.11548823879430245.
[I 2026-03-20 01:53:09,295] Trial 27 finished with value: 0.9234022222885006 and parameters: {'sigma_noise': 0.2691812915200171, 'A_repulsion': 0.2739403651406558, 'gamma': 0.22810335748347915, 'sigma_update': 0.5137527840260199, 'eta_learning': 1.9782472055233156, 'sigma_boundary': 2.4954438404921335, 'alpha': 0.0}. Best is trial 21 with value: 0.11548823879430245.
[I 2026-03-20 01:53:31,520] Trial 28 finished with value: 0.9231422940816096 and parameters: {'sigma_noise': 0.3076359743778272, 'A_repulsion': 0.22523356410064824, 'gamma': 0.6099495965565385, 'sigma_update': 0.43757181856762745, 'eta_learning': 1.7622952133756726, 'sigma_boundary': 5.850725889236356, 'alpha': 0.0}. Best is trial 21 with value: 0.11548823879430245.
[I 2026-03-20 01:53:39,712] Trial 32 finished with value: 0.91860318821468 and parameters: {'sigma_noise': 0.29300042021769646, 'A_repulsion': 0.1921011705141805, 'gamma': 0.33329635189944573, 'sigma_update': 0.3119086736703117, 'eta_learning': 1.9673794847428219, 'sigma_boundary': 2.9187405366404655, 'alpha': 0.0}. Best is trial 21 with value: 0.11548823879430245.
[I 2026-03-20 01:54:45,620] Trial 37 finished with value: 0.8545947166526148 and parameters: {'sigma_noise': 0.18467461291341797, 'A_repulsion': 0.21132777539154132, 'gamma': 0.4902921040695882, 'sigma_update': 0.4009075147383617, 'eta_learning': 2.084449143554334, 'sigma_boundary': 5.100365818458607, 'alpha': 0.0}. Best is trial 21 with value: 0.11548823879430245.
[I 2026-03-20 01:55:35,346] Trial 29 finished with value: 0.9245419132742084 and parameters: {'sigma_noise': 0.30767997504542816, 'A_repulsion': 0.339019724672208, 'gamma': 0.3293048287625842, 'sigma_update': 0.2540258313430826, 'eta_learning': 0.8240110752911173, 'sigma_boundary': 4.541938736753616, 'alpha': 0.0}. Best is trial 21 with value: 0.11548823879430245.
[I 2026-03-20 01:55:51,263] Trial 36 finished with value: 0.9149968822954149 and parameters: {'sigma_noise': 0.2864124841794015, 'A_repulsion': 0.19176388041360323, 'gamma': 0.38353264795441294, 'sigma_update': 0.35271644365477267, 'eta_learning': 1.8895989493085736, 'sigma_boundary': 3.362471074207411, 'alpha': 0.0}. Best is trial 21 with value: 0.11548823879430245.
[I 2026-03-20 01:57:38,908] Trial 43 finished with value: 0.6498228881558165 and parameters: {'sigma_noise': 0.11753199216143262, 'A_repulsion': 0.25385214165153186, 'gamma': 0.7330057510853071, 'sigma_update': 0.3596157508583997, 'eta_learning': 1.1579696595146014, 'sigma_boundary': 3.684797384535332, 'alpha': 0.0}. Best is trial 21 with value: 0.11548823879430245.
[I 2026-03-20 01:58:32,640] Trial 40 finished with value: 0.9193467205364615 and parameters: {'sigma_noise': 0.22573094892960793, 'A_repulsion': 0.2818565359972528, 'gamma': 0.5612571612663102, 'sigma_update': 0.36992868540446344, 'eta_learning': 1.3733179087926808, 'sigma_boundary': 5.948306877114712, 'alpha': 0.0}. Best is trial 21 with value: 0.11548823879430245.
[I 2026-03-20 01:58:44,708] Trial 42 finished with value: 0.8580631091995753 and parameters: {'sigma_noise': 0.14723414317018763, 'A_repulsion': 0.3208998599129514, 'gamma': 0.3608728651891803, 'sigma_update': 0.38459804455476115, 'eta_learning': 1.0652355954741977, 'sigma_boundary': 5.345113236375011, 'alpha': 0.0}. Best is trial 21 with value: 0.11548823879430245.
[I 2026-03-20 01:59:05,162] Trial 35 finished with value: 0.9243993466614299 and parameters: {'sigma_noise': 0.3851602563037941, 'A_repulsion': 0.32978585950115624, 'gamma': 0.5448549979224004, 'sigma_update': 0.5570174193703801, 'eta_learning': 1.6335015621539528, 'sigma_boundary': 7.832724346642936, 'alpha': 0.0}. Best is trial 21 with value: 0.11548823879430245.
[I 2026-03-20 01:59:12,166] Trial 44 finished with value: 0.8793918217704075 and parameters: {'sigma_noise': 0.277949171831628, 'A_repulsion': 0.1317445158345027, 'gamma': 0.731492053261637, 'sigma_update': 0.2150689638351519, 'eta_learning': 1.126160477418059, 'sigma_boundary': 3.15246401606091, 'alpha': 0.0}. Best is trial 21 with value: 0.11548823879430245.
[I 2026-03-20 01:59:17,988] Trial 38 finished with value: 0.9239156179077499 and parameters: {'sigma_noise': 0.35734059327361106, 'A_repulsion': 0.23590847406426085, 'gamma': 0.44893997689230347, 'sigma_update': 0.2431666023443121, 'eta_learning': 1.748828212202754, 'sigma_boundary': 5.364263303333172, 'alpha': 0.0}. Best is trial 21 with value: 0.11548823879430245.
[I 2026-03-20 01:59:24,560] Trial 45 finished with value: 0.8659803143263333 and parameters: {'sigma_noise': 0.2831607946664963, 'A_repulsion': 0.1141956419763836, 'gamma': 0.650338459926638, 'sigma_update': 0.41492591876206897, 'eta_learning': 0.9967439752096976, 'sigma_boundary': 6.329443976485286, 'alpha': 0.0}. Best is trial 21 with value: 0.11548823879430245.
[I 2026-03-20 02:00:03,098] Trial 39 finished with value: 0.9240659064776527 and parameters: {'sigma_noise': 0.27695260854506987, 'A_repulsion': 0.3023710297485997, 'gamma': 0.567621479808735, 'sigma_update': 0.34028603149511766, 'eta_learning': 2.4639408881067126, 'sigma_boundary': 5.604179485750495, 'alpha': 0.0}. Best is trial 21 with value: 0.11548823879430245.
[I 2026-03-20 02:00:40,252] Trial 46 finished with value: 0.8806957075580353 and parameters: {'sigma_noise': 0.23263565251934715, 'A_repulsion': 0.17036048197872142, 'gamma': 0.8520089492746352, 'sigma_update': 0.5097430641383006, 'eta_learning': 1.7394022601531365, 'sigma_boundary': 4.602556071134074, 'alpha': 0.0}. Best is trial 21 with value: 0.11548823879430245.
[I 2026-03-20 02:01:07,196] Trial 41 finished with value: 0.9239116333088362 and parameters: {'sigma_noise': 0.33086357880680506, 'A_repulsion': 0.22326265094774933, 'gamma': 0.2598687678493193, 'sigma_update': 0.3751749982749517, 'eta_learning': 1.1363823754693372, 'sigma_boundary': 2.414688529795705, 'alpha': 0.0}. Best is trial 21 with value: 0.11548823879430245.
[I 2026-03-20 02:01:45,557] Trial 47 finished with value: 0.8771246103444483 and parameters: {'sigma_noise': 0.190255234978219, 'A_repulsion': 0.22806404601058272, 'gamma': 0.742472602521835, 'sigma_update': 0.21513450826828848, 'eta_learning': 1.6643172128035792, 'sigma_boundary': 3.5158967111226276, 'alpha': 0.0}. Best is trial 21 with value: 0.11548823879430245.
[I 2026-03-20 02:03:03,500] Trial 50 finished with value: 0.6830288202016558 and parameters: {'sigma_noise': 0.21903257032029888, 'A_repulsion': 0.06892618651437618, 'gamma': 0.3756831256628627, 'sigma_update': 0.38534489110540937, 'eta_learning': 1.3186930402593222, 'sigma_boundary': 4.787104640663913, 'alpha': 0.0}. Best is trial 21 with value: 0.11548823879430245.
[I 2026-03-20 02:04:27,284] Trial 48 finished with value: 0.9202344054527256 and parameters: {'sigma_noise': 0.2362794090998982, 'A_repulsion': 0.2852674256946838, 'gamma': 0.5641690804862585, 'sigma_update': 0.28416566215403116, 'eta_learning': 1.3645045610405062, 'sigma_boundary': 2.891945393246899, 'alpha': 0.0}. Best is trial 21 with value: 0.11548823879430245.
[I 2026-03-20 02:04:41,492] Trial 56 finished with value: 0.14125142809169489 and parameters: {'sigma_noise': 0.18097319200452283, 'A_repulsion': 0.2006365892804014, 'gamma': 0.6525806863124107, 'sigma_update': 0.20257929622524726, 'eta_learning': 0.22303178858719985, 'sigma_boundary': 6.44732867595079, 'alpha': 0.0}. Best is trial 21 with value: 0.11548823879430245.
[I 2026-03-20 02:05:14,587] Trial 57 finished with value: 0.8448357045433917 and parameters: {'sigma_noise': 0.19809725576025888, 'A_repulsion': 0.2294204878681455, 'gamma': 0.4276352632591543, 'sigma_update': 0.3042973403035388, 'eta_learning': 0.7656737303188315, 'sigma_boundary': 3.7420453404068015, 'alpha': 0.0}. Best is trial 21 with value: 0.11548823879430245.
[I 2026-03-20 02:05:15,516] Trial 49 finished with value: 0.9194167307427517 and parameters: {'sigma_noise': 0.2299854498475538, 'A_repulsion': 0.28298399778173683, 'gamma': 0.3883818839783422, 'sigma_update': 0.23138418215244977, 'eta_learning': 1.367981918309507, 'sigma_boundary': 5.944889947982977, 'alpha': 0.0}. Best is trial 21 with value: 0.11548823879430245.
[I 2026-03-20 02:05:24,932] Trial 59 finished with value: 0.5400020272766541 and parameters: {'sigma_noise': 0.21670958026617387, 'A_repulsion': 0.0070942330491435834, 'gamma': 0.29541780444128307, 'sigma_update': 0.22544148126568858, 'eta_learning': 1.2325205983897745, 'sigma_boundary': 8.078079703035305, 'alpha': 0.0}. Best is trial 21 with value: 0.11548823879430245.
[I 2026-03-20 02:06:08,099] Trial 51 finished with value: 0.9238526274175416 and parameters: {'sigma_noise': 0.2894557360634113, 'A_repulsion': 0.2627583799194788, 'gamma': 0.5173718896812123, 'sigma_update': 0.35086777586579526, 'eta_learning': 1.3138479031167358, 'sigma_boundary': 3.680418814244957, 'alpha': 0.0}. Best is trial 21 with value: 0.11548823879430245.
[I 2026-03-20 02:06:35,358] Trial 53 finished with value: 0.9241365304191597 and parameters: {'sigma_noise': 0.24937520096047439, 'A_repulsion': 0.32747626765426807, 'gamma': 0.5482655807498533, 'sigma_update': 0.3445831819847883, 'eta_learning': 1.8639880907499875, 'sigma_boundary': 8.016475866006715, 'alpha': 0.0}. Best is trial 21 with value: 0.11548823879430245.
[I 2026-03-20 02:06:41,946] Trial 55 finished with value: 0.9234235489380164 and parameters: {'sigma_noise': 0.27490843021412065, 'A_repulsion': 0.26774807246013743, 'gamma': 0.7485065832118406, 'sigma_update': 0.2882617594547738, 'eta_learning': 1.5907293152183362, 'sigma_boundary': 5.243743483710036, 'alpha': 0.0}. Best is trial 21 with value: 0.11548823879430245.
[I 2026-03-20 02:07:58,055] Trial 60 finished with value: 0.8953009029644566 and parameters: {'sigma_noise': 0.24121120196798507, 'A_repulsion': 0.20013743453877278, 'gamma': 0.7632513165231956, 'sigma_update': 0.3663537693858523, 'eta_learning': 1.4910334746697689, 'sigma_boundary': 4.716487010412041, 'alpha': 0.0}. Best is trial 21 with value: 0.11548823879430245.
