[I 2026-03-20 02:08:03,680] Trial 54 finished with value: 0.9245111444880965 and parameters: {'sigma_noise': 0.303428404267897, 'A_repulsion': 0.324022245068857, 'gamma': 0.08600141411821308, 'sigma_update': 0.3035611451976983, 'eta_learning': 1.0988247629912034, 'sigma_boundary': 4.731486403919282, 'alpha': 0.0}. Best is trial 21 with value: 0.11548823879430245.
[I 2026-03-20 02:08:17,913] Trial 61 finished with value: 0.7126521332910338 and parameters: {'sigma_noise': 0.14730641500668865, 'A_repulsion': 0.19914890508277922, 'gamma': 0.36693061747305084, 'sigma_update': 0.4019911283403932, 'eta_learning': 1.678886102407483, 'sigma_boundary': 8.365607019355188, 'alpha': 0.0}. Best is trial 21 with value: 0.11548823879430245.
[I 2026-03-20 02:08:17,984] Trial 52 finished with value: 0.9244875642656738 and parameters: {'sigma_noise': 0.306706141486172, 'A_repulsion': 0.325941977610169, 'gamma': 0.6546391206171384, 'sigma_update': 0.4910429061064715, 'eta_learning': 1.307256205222302, 'sigma_boundary': 5.178895757032742, 'alpha': 0.0}. Best is trial 21 with value: 0.11548823879430245.
[I 2026-03-20 02:09:59,810] Trial 58 finished with value: 0.9244559062497374 and parameters: {'sigma_noise': 0.29125955627182704, 'A_repulsion': 0.33751093975761826, 'gamma': 0.5874174097005794, 'sigma_update': 0.3642764767273499, 'eta_learning': 1.8593214163243736, 'sigma_boundary': 6.362714796219426, 'alpha': 0.0}. Best is trial 21 with value: 0.11548823879430245.
[I 2026-03-20 02:10:26,844] Trial 62 finished with value: 0.6333824920966441 and parameters: {'sigma_noise': 0.18329133930108205, 'A_repulsion': 0.26921335335491614, 'gamma': 0.6371491736494428, 'sigma_update': 0.19334616554934492, 'eta_learning': 0.4439140969001808, 'sigma_boundary': 7.446324069953643, 'alpha': 0.0}. Best is trial 21 with value: 0.11548823879430245.
[I 2026-03-20 02:11:23,768] Trial 63 finished with value: 0.821126165293295 and parameters: {'sigma_noise': 0.2255500195548768, 'A_repulsion': 0.24338078910676328, 'gamma': 0.36985626840576996, 'sigma_update': 0.15055741428351707, 'eta_learning': 0.521879515461842, 'sigma_boundary': 5.602441687080538, 'alpha': 0.0}. Best is trial 21 with value: 0.11548823879430245.
[I 2026-03-20 02:12:27,544] Trial 65 finished with value: 0.1346460690809043 and parameters: {'sigma_noise': 0.2298990261309965, 'A_repulsion': 0.318330547690851, 'gamma': 0.5195159225567674, 'sigma_update': 0.4075871101134314, 'eta_learning': 0.13016988433711196, 'sigma_boundary': 8.350201345959478, 'alpha': 0.0}. Best is trial 21 with value: 0.11548823879430245.
[I 2026-03-20 02:12:45,956] Trial 67 finished with value: 0.9233889200344876 and parameters: {'sigma_noise': 0.2167755402851001, 'A_repulsion': 0.35271570432658633, 'gamma': 0.13272284929132333, 'sigma_update': 0.18903185809571318, 'eta_learning': 1.1428749201313417, 'sigma_boundary': 4.899104056137519, 'alpha': 0.0}. Best is trial 21 with value: 0.11548823879430245.
[I 2026-03-20 02:12:53,060] Trial 66 finished with value: 0.9087852998135191 and parameters: {'sigma_noise': 0.32116805826563155, 'A_repulsion': 0.1843132922576693, 'gamma': 0.6642582473274072, 'sigma_update': 0.4307910489846163, 'eta_learning': 0.7499482261389013, 'sigma_boundary': 6.11465251385765, 'alpha': 0.0}. Best is trial 21 with value: 0.11548823879430245.
[I 2026-03-20 02:13:11,072] Trial 70 finished with value: 0.8915122803553258 and parameters: {'sigma_noise': 0.21844355477191335, 'A_repulsion': 0.22373914730121117, 'gamma': 0.5621354124895631, 'sigma_update': 0.18289750979050384, 'eta_learning': 1.292330296392346, 'sigma_boundary': 5.0935533328901474, 'alpha': 0.0}. Best is trial 21 with value: 0.11548823879430245.
[I 2026-03-20 02:13:12,460] Trial 69 finished with value: 0.5872934261968453 and parameters: {'sigma_noise': 0.21195907222947952, 'A_repulsion': 0.22850074558337838, 'gamma': 0.5521154918781083, 'sigma_update': 0.3760766672410274, 'eta_learning': 0.379268438532046, 'sigma_boundary': 5.053585361781877, 'alpha': 0.0}. Best is trial 21 with value: 0.11548823879430245.
[I 2026-03-20 02:13:35,202] Trial 72 finished with value: 0.692835033121441 and parameters: {'sigma_noise': 0.15290397395848793, 'A_repulsion': 0.17666270718593785, 'gamma': 0.2800625748508517, 'sigma_update': 0.27728002200374396, 'eta_learning': 1.5034247906895883, 'sigma_boundary': 5.3827332862299455, 'alpha': 0.0}. Best is trial 21 with value: 0.11548823879430245.
[I 2026-03-20 02:14:08,160] Trial 68 finished with value: 0.9245529820053976 and parameters: {'sigma_noise': 0.20536291160390185, 'A_repulsion': 0.44031447013246705, 'gamma': 0.06683589393622995, 'sigma_update': 0.2970074559231265, 'eta_learning': 1.2462383654619031, 'sigma_boundary': 8.48090651190175, 'alpha': 0.0}. Best is trial 21 with value: 0.11548823879430245.
[I 2026-03-20 02:14:15,489] Trial 64 finished with value: 0.9237021464076977 and parameters: {'sigma_noise': 0.37002712746756056, 'A_repulsion': 0.22749769619724686, 'gamma': 0.6725755838608143, 'sigma_update': 0.3696764186018264, 'eta_learning': 2.233322506476411, 'sigma_boundary': 5.418627949552345, 'alpha': 0.0}. Best is trial 21 with value: 0.11548823879430245.
[I 2026-03-20 02:14:35,675] Trial 71 finished with value: 0.912972661868944 and parameters: {'sigma_noise': 0.2497720811969492, 'A_repulsion': 0.22655529497357552, 'gamma': 0.3403945253130421, 'sigma_update': 0.4887871111457139, 'eta_learning': 1.6148371445690566, 'sigma_boundary': 5.643727374263457, 'alpha': 0.0}. Best is trial 21 with value: 0.11548823879430245.
[I 2026-03-20 02:16:19,718] Trial 73 finished with value: 0.8686821612196165 and parameters: {'sigma_noise': 0.20065830915700456, 'A_repulsion': 0.22236180958097418, 'gamma': 0.4717447340697416, 'sigma_update': 0.16278559445910504, 'eta_learning': 1.0753424613599396, 'sigma_boundary': 7.673097731712677, 'alpha': 0.0}. Best is trial 21 with value: 0.11548823879430245.
[I 2026-03-20 02:16:32,787] Trial 76 finished with value: 0.7373715339570001 and parameters: {'sigma_noise': 0.16609964793081966, 'A_repulsion': 0.22567599093831214, 'gamma': 0.36085938264622947, 'sigma_update': 0.28255025444216664, 'eta_learning': 0.8053277154973543, 'sigma_boundary': 9.930057990143258, 'alpha': 0.0}. Best is trial 21 with value: 0.11548823879430245.
[I 2026-03-20 02:16:57,584] Trial 77 finished with value: 0.6563677233646465 and parameters: {'sigma_noise': 0.19324636354050068, 'A_repulsion': 0.1986907150136683, 'gamma': 0.2785299174532459, 'sigma_update': 0.2967932081433188, 'eta_learning': 0.551604560189555, 'sigma_boundary': 8.591579087632672, 'alpha': 0.0}. Best is trial 21 with value: 0.11548823879430245.
[I 2026-03-20 02:18:04,536] Trial 78 finished with value: 0.8094146485551514 and parameters: {'sigma_noise': 0.1802064184712368, 'A_repulsion': 0.26194832442524574, 'gamma': 0.3954091930352882, 'sigma_update': 0.33188919277779605, 'eta_learning': 0.6861609213068844, 'sigma_boundary': 6.992791331866682, 'alpha': 0.0}. Best is trial 21 with value: 0.11548823879430245.
[I 2026-03-20 02:18:10,710] Trial 79 finished with value: 0.870823323318321 and parameters: {'sigma_noise': 0.25100643846678145, 'A_repulsion': 0.1445092495341485, 'gamma': 0.48412571548328887, 'sigma_update': 0.3116567367474968, 'eta_learning': 1.1897758321984344, 'sigma_boundary': 3.6785086594988536, 'alpha': 0.0}. Best is trial 21 with value: 0.11548823879430245.
[I 2026-03-20 02:18:15,505] Trial 75 finished with value: 0.920051458799146 and parameters: {'sigma_noise': 0.25330362200317585, 'A_repulsion': 0.25215413854288204, 'gamma': 0.3909922760595758, 'sigma_update': 0.27881524865845403, 'eta_learning': 1.5426090115189304, 'sigma_boundary': 6.2768751208957525, 'alpha': 0.0}. Best is trial 21 with value: 0.11548823879430245.
[I 2026-03-20 02:19:51,799] Trial 81 finished with value: 0.9124587810567759 and parameters: {'sigma_noise': 0.16677022437800965, 'A_repulsion': 0.3564653949499912, 'gamma': 0.6417520182934963, 'sigma_update': 0.2272019027947402, 'eta_learning': 1.8337420806309017, 'sigma_boundary': 7.1669192865744975, 'alpha': 0.0}. Best is trial 21 with value: 0.11548823879430245.
[I 2026-03-20 02:19:56,856] Trial 82 finished with value: 0.9009341571355622 and parameters: {'sigma_noise': 0.2392730319978389, 'A_repulsion': 0.21227979099141234, 'gamma': 0.3252780907957286, 'sigma_update': 0.38557893366586526, 'eta_learning': 1.1832066012157032, 'sigma_boundary': 7.169957608112445, 'alpha': 0.0}. Best is trial 21 with value: 0.11548823879430245.
[I 2026-03-20 02:20:08,663] Trial 83 finished with value: 0.8826836179889671 and parameters: {'sigma_noise': 0.20848097461458198, 'A_repulsion': 0.21190499646683808, 'gamma': 0.40552873086275665, 'sigma_update': 0.19234691507816645, 'eta_learning': 1.5586337658307914, 'sigma_boundary': 8.05673798110331, 'alpha': 0.0}. Best is trial 21 with value: 0.11548823879430245.
[I 2026-03-20 02:20:17,740] Trial 74 finished with value: 0.9239504490011953 and parameters: {'sigma_noise': 0.35008290950193144, 'A_repulsion': 0.252240350333959, 'gamma': 0.238172247626532, 'sigma_update': 0.4069210739956822, 'eta_learning': 0.7360926957927786, 'sigma_boundary': 8.572992726721381, 'alpha': 0.0}. Best is trial 21 with value: 0.11548823879430245.
[I 2026-03-20 02:21:17,970] Trial 84 finished with value: 0.9175335769947071 and parameters: {'sigma_noise': 0.2644725766718518, 'A_repulsion': 0.23374899918904185, 'gamma': 0.31674104599364333, 'sigma_update': 0.39946782288337457, 'eta_learning': 1.2370553059048934, 'sigma_boundary': 7.083477721090368, 'alpha': 0.0}. Best is trial 21 with value: 0.11548823879430245.
[I 2026-03-20 02:21:23,951] Trial 86 finished with value: 0.7195251449785173 and parameters: {'sigma_noise': 0.15758884225302977, 'A_repulsion': 0.19770781271419988, 'gamma': 0.42664095852720707, 'sigma_update': 0.4187440805865359, 'eta_learning': 1.2332825996574837, 'sigma_boundary': 8.147554827013371, 'alpha': 0.0}. Best is trial 21 with value: 0.11548823879430245.
[I 2026-03-20 02:22:21,555] Trial 95 finished with value: 0.018804000905519862 and parameters: {'sigma_noise': 0.08128415123637728, 'A_repulsion': 0.03348788982133434, 'gamma': 0.48901347776911736, 'sigma_update': 0.10244676667666587, 'eta_learning': 0.16017325928187093, 'sigma_boundary': 6.960894543673909, 'alpha': 0.0}. Best is trial 95 with value: 0.018804000905519862.
[I 2026-03-20 02:22:30,452] Trial 80 finished with value: 0.9244742134374171 and parameters: {'sigma_noise': 0.33722726046416496, 'A_repulsion': 0.2902801504761434, 'gamma': 0.5624796243447715, 'sigma_update': 0.14699643949029897, 'eta_learning': 1.6208040988455925, 'sigma_boundary': 7.893256149654734, 'alpha': 0.0}. Best is trial 95 with value: 0.018804000905519862.
[I 2026-03-20 02:24:02,259] Trial 85 finished with value: 0.9234966189942748 and parameters: {'sigma_noise': 0.25123203750388223, 'A_repulsion': 0.31933148391015015, 'gamma': 0.5301025086573581, 'sigma_update': 0.41515399526842295, 'eta_learning': 0.9325949324160144, 'sigma_boundary': 8.899113194411365, 'alpha': 0.0}. Best is trial 95 with value: 0.018804000905519862.
[I 2026-03-20 02:24:22,004] Trial 88 finished with value: 0.6806472227561255 and parameters: {'sigma_noise': 0.20006118861486638, 'A_repulsion': 0.20032620764975162, 'gamma': 0.3381711892108302, 'sigma_update': 0.2657527438798142, 'eta_learning': 0.5412375318850065, 'sigma_boundary': 5.753192049931009, 'alpha': 0.0}. Best is trial 95 with value: 0.018804000905519862.
[I 2026-03-20 02:25:06,415] Trial 89 finished with value: 0.8477709846196995 and parameters: {'sigma_noise': 0.18068547118140604, 'A_repulsion': 0.3051566079205179, 'gamma': 0.886590222654718, 'sigma_update': 0.5007051820577137, 'eta_learning': 0.6566039358283358, 'sigma_boundary': 5.785847106839829, 'alpha': 0.0}. Best is trial 95 with value: 0.018804000905519862.
[I 2026-03-20 02:25:19,105] Trial 91 finished with value: 0.15786046455670152 and parameters: {'sigma_noise': 0.2141124650899388, 'A_repulsion': 0.218381194578705, 'gamma': 0.6006007099870403, 'sigma_update': 0.37494761744486843, 'eta_learning': 0.1862080961812217, 'sigma_boundary': 6.627173150625003, 'alpha': 0.0}. Best is trial 95 with value: 0.018804000905519862.
[I 2026-03-20 02:25:35,593] Trial 97 finished with value: 0.29834690723323537 and parameters: {'sigma_noise': 0.11909735287672756, 'A_repulsion': 0.09459939362075305, 'gamma': 0.5722992193517447, 'sigma_update': 0.15335769950220357, 'eta_learning': 0.7528493184710171, 'sigma_boundary': 7.002489069242464, 'alpha': 0.0}. Best is trial 95 with value: 0.018804000905519862.
[I 2026-03-20 02:25:50,974] Trial 94 finished with value: 0.8369034297700984 and parameters: {'sigma_noise': 0.2592410404935492, 'A_repulsion': 0.10455013497401697, 'gamma': 0.31140197567503486, 'sigma_update': 0.0988591438462113, 'eta_learning': 1.5661086782380735, 'sigma_boundary': 5.7276333435339, 'alpha': 0.0}. Best is trial 95 with value: 0.018804000905519862.
[I 2026-03-20 02:25:59,399] Trial 96 finished with value: 0.26250408354120863 and parameters: {'sigma_noise': 0.22380773764906708, 'A_repulsion': 0.14185063854266516, 'gamma': 0.472490069373795, 'sigma_update': 0.2508801658363316, 'eta_learning': 0.2775608695543143, 'sigma_boundary': 5.137489281562974, 'alpha': 0.0}. Best is trial 95 with value: 0.018804000905519862.
[I 2026-03-20 02:26:27,288] Trial 87 finished with value: 0.9245444682198308 and parameters: {'sigma_noise': 0.26743039072629876, 'A_repulsion': 0.37214358360371486, 'gamma': 0.5720530251462739, 'sigma_update': 0.30870362868322426, 'eta_learning': 0.9568749852628261, 'sigma_boundary': 8.353745865179903, 'alpha': 0.0}. Best is trial 95 with value: 0.018804000905519862.
[I 2026-03-20 02:26:28,716] Trial 93 finished with value: 0.04227128954484818 and parameters: {'sigma_noise': 0.27301379987705826, 'A_repulsion': 0.22006663309710867, 'gamma': 0.5594239058714393, 'sigma_update': 0.32887659971176686, 'eta_learning': 0.04552230667804863, 'sigma_boundary': 9.372567330458764, 'alpha': 0.0}. Best is trial 95 with value: 0.018804000905519862.
[I 2026-03-20 02:27:18,320] Trial 102 finished with value: 0.2781490814901401 and parameters: {'sigma_noise': 0.10443094516758059, 'A_repulsion': 0.12429568044979802, 'gamma': 0.47693145752811905, 'sigma_update': 0.08932109592761248, 'eta_learning': 0.7471150861605733, 'sigma_boundary': 8.99026418243367, 'alpha': 0.0}. Best is trial 95 with value: 0.018804000905519862.
[I 2026-03-20 02:27:42,570] Trial 92 finished with value: 0.836181516787338 and parameters: {'sigma_noise': 0.3077508846983073, 'A_repulsion': 0.25537902845766464, 'gamma': 0.6063090969078331, 'sigma_update': 0.44709117688772404, 'eta_learning': 0.3556614411683616, 'sigma_boundary': 6.694153137098626, 'alpha': 0.0}. Best is trial 95 with value: 0.018804000905519862.
[I 2026-03-20 02:28:28,002] Trial 106 finished with value: 0.029236055029445988 and parameters: {'sigma_noise': 0.09711461442086039, 'A_repulsion': 0.010948873022158578, 'gamma': 0.3520799569727283, 'sigma_update': 0.35857909202414207, 'eta_learning': 0.013279903152576709, 'sigma_boundary': 7.992182615897606, 'alpha': 0.0}. Best is trial 95 with value: 0.018804000905519862.
[I 2026-03-20 02:28:59,234] Trial 90 finished with value: 0.9243993466614299 and parameters: {'sigma_noise': 0.27575398258470035, 'A_repulsion': 0.46987106153035696, 'gamma': 0.2907255758878514, 'sigma_update': 0.23137024233030293, 'eta_learning': 0.8354691847138639, 'sigma_boundary': 6.0016510764991935, 'alpha': 0.0}. Best is trial 95 with value: 0.018804000905519862.
[I 2026-03-20 02:29:48,953] Trial 101 finished with value: 0.8702919909797465 and parameters: {'sigma_noise': 0.2442021366429713, 'A_repulsion': 0.1519470825378313, 'gamma': 0.6511654940412627, 'sigma_update': 0.24337532580747762, 'eta_learning': 1.2107286886386162, 'sigma_boundary': 7.178524638009496, 'alpha': 0.0}. Best is trial 95 with value: 0.018804000905519862.
[I 2026-03-20 02:30:17,392] Trial 99 finished with value: 0.8702890375152048 and parameters: {'sigma_noise': 0.3065275492825343, 'A_repulsion': 0.17511001387702857, 'gamma': 0.2977294842561422, 'sigma_update': 0.4397126930886984, 'eta_learning': 0.49675790360711947, 'sigma_boundary': 5.28368584331294, 'alpha': 0.0}. Best is trial 95 with value: 0.018804000905519862.
[I 2026-03-20 02:30:43,208] Trial 98 finished with value: 0.9204213908745219 and parameters: {'sigma_noise': 0.2745300170673446, 'A_repulsion': 0.27489462999480363, 'gamma': 0.39172599916328193, 'sigma_update': 0.2059540705697471, 'eta_learning': 0.8222602167783944, 'sigma_boundary': 7.767910431037058, 'alpha': 0.0}. Best is trial 95 with value: 0.018804000905519862.
[I 2026-03-20 02:32:31,051] Trial 104 finished with value: 0.9060278884461027 and parameters: {'sigma_noise': 0.2610777436165077, 'A_repulsion': 0.19704469976691658, 'gamma': 0.5686251392000278, 'sigma_update': 0.47180483213561575, 'eta_learning': 1.3129236829966642, 'sigma_boundary': 8.332837121086705, 'alpha': 0.0}. Best is trial 95 with value: 0.018804000905519862.
[I 2026-03-20 02:33:00,815] Trial 103 finished with value: 0.8129376200145821 and parameters: {'sigma_noise': 0.28502201232079066, 'A_repulsion': 0.1854857723851323, 'gamma': 0.32521303704337845, 'sigma_update': 0.2423299937314603, 'eta_learning': 0.444416167988353, 'sigma_boundary': 7.377897670967891, 'alpha': 0.0}. Best is trial 95 with value: 0.018804000905519862.
[I 2026-03-20 02:33:04,480] Trial 100 finished with value: 0.9245137230390014 and parameters: {'sigma_noise': 0.28376760786229555, 'A_repulsion': 0.32183242980462134, 'gamma': 0.31906744190546954, 'sigma_update': 0.29200045716527684, 'eta_learning': 1.5106178898069609, 'sigma_boundary': 8.563985930282584, 'alpha': 0.0}. Best is trial 95 with value: 0.018804000905519862.
[I 2026-03-20 02:33:13,396] Trial 107 finished with value: 0.08810168394498578 and parameters: {'sigma_noise': 0.19176502691100783, 'A_repulsion': 0.2544473703855627, 'gamma': 0.4816297072951734, 'sigma_update': 0.2247332448277741, 'eta_learning': 0.14563712179760258, 'sigma_boundary': 8.27497532103966, 'alpha': 0.0}. Best is trial 95 with value: 0.018804000905519862.
[I 2026-03-20 02:33:14,500] Trial 108 finished with value: 0.0464554932354244 and parameters: {'sigma_noise': 0.18477904901969971, 'A_repulsion': 0.2670744623055431, 'gamma': 0.49363691910009627, 'sigma_update': 0.12813069765600835, 'eta_learning': 0.1007798818201015, 'sigma_boundary': 9.143638734174724, 'alpha': 0.0}. Best is trial 95 with value: 0.018804000905519862.
[I 2026-03-20 02:33:52,820] Trial 114 finished with value: 0.2957723432189609 and parameters: {'sigma_noise': 0.10547640826429544, 'A_repulsion': 0.045202920783841166, 'gamma': 0.5393466680820096, 'sigma_update': 0.08924975166633815, 'eta_learning': 1.3386987196630946, 'sigma_boundary': 8.73387375194319, 'alpha': 0.0}. Best is trial 95 with value: 0.018804000905519862.
[I 2026-03-20 02:34:05,227] Trial 105 finished with value: 0.9121510230936226 and parameters: {'sigma_noise': 0.2793524305029111, 'A_repulsion': 0.25804056457868874, 'gamma': 0.46273787070668837, 'sigma_update': 0.35521016255680454, 'eta_learning': 0.6971186211450219, 'sigma_boundary': 6.339298268135307, 'alpha': 0.0}. Best is trial 95 with value: 0.018804000905519862.
[I 2026-03-20 02:34:16,396] Trial 110 finished with value: 0.5887013727757112 and parameters: {'sigma_noise': 0.20487457814091237, 'A_repulsion': 0.1767429672895044, 'gamma': 0.6311491980556374, 'sigma_update': 0.06791591030335525, 'eta_learning': 0.4782801485356741, 'sigma_boundary': 8.182738130581978, 'alpha': 0.0}. Best is trial 95 with value: 0.018804000905519862.
[I 2026-03-20 02:34:30,229] Trial 109 finished with value: 0.889764259845636 and parameters: {'sigma_noise': 0.2240491640269121, 'A_repulsion': 0.22190241079273373, 'gamma': 0.07386701146007685, 'sigma_update': 0.26412805085096003, 'eta_learning': 1.049327670140481, 'sigma_boundary': 7.884839656741714, 'alpha': 0.0}. Best is trial 95 with value: 0.018804000905519862.
[I 2026-03-20 02:34:53,884] Trial 113 finished with value: 0.5487984894064135 and parameters: {'sigma_noise': 0.12952183507207615, 'A_repulsion': 0.13974813883113124, 'gamma': 0.5930216434411357, 'sigma_update': 0.2680797401532391, 'eta_learning': 1.5443740380271425, 'sigma_boundary': 3.591424315437093, 'alpha': 0.0}. Best is trial 95 with value: 0.018804000905519862.
[I 2026-03-20 02:36:10,396] Trial 118 finished with value: 0.018626318811384417 and parameters: {'sigma_noise': 0.1597090144360961, 'A_repulsion': 0.07853356952166975, 'gamma': 0.5916479929045133, 'sigma_update': 0.356190983227217, 'eta_learning': 0.10438203811391068, 'sigma_boundary': 7.306176458970456, 'alpha': 0.0}. Best is trial 118 with value: 0.018626318811384417.
[I 2026-03-20 02:36:40,907] Trial 120 finished with value: 0.025850364042857774 and parameters: {'sigma_noise': 0.05800136331538717, 'A_repulsion': 0.2763449422048465, 'gamma': 0.4180271630718379, 'sigma_update': 0.50605820112681, 'eta_learning': 0.19805997816311785, 'sigma_boundary': 7.51755549864863, 'alpha': 0.0}. Best is trial 118 with value: 0.018626318811384417.
[I 2026-03-20 02:36:42,796] Trial 119 finished with value: 0.6268725177444873 and parameters: {'sigma_noise': 0.21323797554057822, 'A_repulsion': 0.04952522709732268, 'gamma': 0.40806153380935734, 'sigma_update': 0.20870483610916582, 'eta_learning': 1.2845892711079154, 'sigma_boundary': 6.8260879163609545, 'alpha': 0.0}. Best is trial 118 with value: 0.018626318811384417.
[I 2026-03-20 02:36:46,387] Trial 111 finished with value: 0.8147444177750245 and parameters: {'sigma_noise': 0.2695265714342199, 'A_repulsion': 0.10075395901456378, 'gamma': 0.8430356090681411, 'sigma_update': 0.0197770111929784, 'eta_learning': 0.8441042179267959, 'sigma_boundary': 6.5741541612390435, 'alpha': 0.0}. Best is trial 118 with value: 0.018626318811384417.
