[I 2026-03-20 03:05:34,370] Trial 181 finished with value: 0.0478020264966965 and parameters: {'sigma_noise': 0.1930059780486293, 'A_repulsion': 0.050360119867157466, 'gamma': 0.5835882706108377, 'sigma_update': 0.29122460701800257, 'eta_learning': 0.14926484209756988, 'sigma_boundary': 4.992619646036818, 'alpha': 0.0}. Best is trial 128 with value: 0.014613619245705397.
[I 2026-03-20 03:05:38,845] Trial 184 finished with value: 0.14461309185234225 and parameters: {'sigma_noise': 0.12455127844056596, 'A_repulsion': 0.0971897410678542, 'gamma': 0.4537092608263078, 'sigma_update': 0.5283586962365918, 'eta_learning': 0.42659705397979797, 'sigma_boundary': 5.646232270629649, 'alpha': 0.0}. Best is trial 128 with value: 0.014613619245705397.
[I 2026-03-20 03:05:44,220] Trial 177 finished with value: 0.11519029275865642 and parameters: {'sigma_noise': 0.23993690714841703, 'A_repulsion': 0.057060670233996594, 'gamma': 0.6152853933439865, 'sigma_update': 0.15090755391543575, 'eta_learning': 0.19865056305736645, 'sigma_boundary': 7.363752878318932, 'alpha': 0.0}. Best is trial 128 with value: 0.014613619245705397.
[I 2026-03-20 03:05:58,050] Trial 182 finished with value: 0.18803638794976624 and parameters: {'sigma_noise': 0.13006395083022784, 'A_repulsion': 0.16233101295059343, 'gamma': 0.8290734431794932, 'sigma_update': 0.10614451127446456, 'eta_learning': 0.40245444949396275, 'sigma_boundary': 7.050345663958968, 'alpha': 0.0}. Best is trial 128 with value: 0.014613619245705397.
[I 2026-03-20 03:06:04,876] Trial 176 finished with value: 0.7577211794722506 and parameters: {'sigma_noise': 0.21547284941544836, 'A_repulsion': 0.14564626173976275, 'gamma': 0.5344190427199991, 'sigma_update': 0.19442181795940022, 'eta_learning': 0.7828854290403858, 'sigma_boundary': 4.7882630816176786, 'alpha': 0.0}. Best is trial 128 with value: 0.014613619245705397.
[I 2026-03-20 03:06:05,924] Trial 186 finished with value: 0.05156517439921078 and parameters: {'sigma_noise': 0.14913227429482945, 'A_repulsion': 0.06879652915209503, 'gamma': 0.5654873973956678, 'sigma_update': 0.1681117477833071, 'eta_learning': 0.20808874996912335, 'sigma_boundary': 4.676074190906535, 'alpha': 0.0}. Best is trial 128 with value: 0.014613619245705397.
[I 2026-03-20 03:06:20,983] Trial 178 finished with value: 0.7370909238917789 and parameters: {'sigma_noise': 0.20422178360688137, 'A_repulsion': 0.14750286299315885, 'gamma': 0.36776675856435326, 'sigma_update': 0.3658429255644336, 'eta_learning': 0.8317877554862436, 'sigma_boundary': 9.279688425438556, 'alpha': 0.0}. Best is trial 128 with value: 0.014613619245705397.
[I 2026-03-20 03:06:40,943] Trial 180 finished with value: 0.46233368223657123 and parameters: {'sigma_noise': 0.11363910546642747, 'A_repulsion': 0.31489584192170395, 'gamma': 0.45039474858976924, 'sigma_update': 0.3734900179141494, 'eta_learning': 0.5115888221430532, 'sigma_boundary': 4.718103571879972, 'alpha': 0.0}. Best is trial 128 with value: 0.014613619245705397.
[I 2026-03-20 03:07:02,288] Trial 188 finished with value: 0.3197545968523431 and parameters: {'sigma_noise': 0.09731438001356078, 'A_repulsion': 0.21167631162245684, 'gamma': 0.6394628994504491, 'sigma_update': 0.08255932394326587, 'eta_learning': 0.6423961228762025, 'sigma_boundary': 6.930198622789924, 'alpha': 0.0}. Best is trial 128 with value: 0.014613619245705397.
[I 2026-03-20 03:07:26,376] Trial 183 finished with value: 0.2258276888100724 and parameters: {'sigma_noise': 0.21503605314201996, 'A_repulsion': 0.2068733984761106, 'gamma': 0.7334784041286722, 'sigma_update': 0.4377411012269279, 'eta_learning': 0.243815932585267, 'sigma_boundary': 9.009954219570332, 'alpha': 0.0}. Best is trial 128 with value: 0.014613619245705397.
[I 2026-03-20 03:08:01,829] Trial 185 finished with value: 0.8834468677264772 and parameters: {'sigma_noise': 0.28746514679477064, 'A_repulsion': 0.14609070725501824, 'gamma': 0.4240395294527299, 'sigma_update': 0.4170696028012633, 'eta_learning': 0.8436713849634329, 'sigma_boundary': 7.384140449177409, 'alpha': 0.0}. Best is trial 128 with value: 0.014613619245705397.
[I 2026-03-20 03:08:07,248] Trial 179 finished with value: 0.22360759986880965 and parameters: {'sigma_noise': 0.2723393369412565, 'A_repulsion': 0.24756392855832174, 'gamma': 0.39087577957781944, 'sigma_update': 0.3262964253079267, 'eta_learning': 0.16001008704453484, 'sigma_boundary': 7.187660087864707, 'alpha': 0.0}. Best is trial 128 with value: 0.014613619245705397.
[I 2026-03-20 03:08:23,428] Trial 189 finished with value: 0.518150429845933 and parameters: {'sigma_noise': 0.1450514395769948, 'A_repulsion': 0.2693094722768836, 'gamma': 0.6084628679034269, 'sigma_update': 0.4151393376772928, 'eta_learning': 0.4816936833643687, 'sigma_boundary': 5.273836698826474, 'alpha': 0.0}. Best is trial 128 with value: 0.014613619245705397.
[I 2026-03-20 03:08:28,424] Trial 187 finished with value: 0.5536331846418283 and parameters: {'sigma_noise': 0.30138824098713685, 'A_repulsion': 0.07727786438791585, 'gamma': 0.5844199390180558, 'sigma_update': 0.369492567823956, 'eta_learning': 0.37961033942434447, 'sigma_boundary': 4.938122072218533, 'alpha': 0.0}. Best is trial 128 with value: 0.014613619245705397.
[I 2026-03-20 03:08:38,770] Trial 196 finished with value: 0.03805802297877061 and parameters: {'sigma_noise': 0.1659529875773672, 'A_repulsion': 0.10200620753884292, 'gamma': 0.2920146719501992, 'sigma_update': 0.36341436014046796, 'eta_learning': 0.15080315922768595, 'sigma_boundary': 6.743500837748839, 'alpha': 0.0}. Best is trial 128 with value: 0.014613619245705397.
[I 2026-03-20 03:08:43,113] Trial 193 finished with value: 0.015829269812968935 and parameters: {'sigma_noise': 0.1859603461745028, 'A_repulsion': 0.15433484810186696, 'gamma': 0.36743315438497176, 'sigma_update': 0.1405469920515269, 'eta_learning': 0.040620165616115755, 'sigma_boundary': 5.766884370372286, 'alpha': 0.0}. Best is trial 128 with value: 0.014613619245705397.
[I 2026-03-20 03:08:47,928] Trial 191 finished with value: 0.028318338420387074 and parameters: {'sigma_noise': 0.21206983044465982, 'A_repulsion': 0.16628536264173355, 'gamma': 0.6612178264593486, 'sigma_update': 0.4248566950433999, 'eta_learning': 0.057455460858628016, 'sigma_boundary': 4.26757873903975, 'alpha': 0.0}. Best is trial 128 with value: 0.014613619245705397.
[I 2026-03-20 03:08:49,756] Trial 194 finished with value: 0.24102341115818965 and parameters: {'sigma_noise': 0.14409239249221725, 'A_repulsion': 0.2834604396367625, 'gamma': 0.6590616380745802, 'sigma_update': 0.20184748360070323, 'eta_learning': 0.31327946413293406, 'sigma_boundary': 6.403217891891169, 'alpha': 0.0}. Best is trial 128 with value: 0.014613619245705397.
[I 2026-03-20 03:08:50,813] Trial 190 finished with value: 0.7976920737489067 and parameters: {'sigma_noise': 0.20032670339146053, 'A_repulsion': 0.23290612375670966, 'gamma': 0.5560156815134835, 'sigma_update': 0.42192272621319954, 'eta_learning': 0.5876662303634212, 'sigma_boundary': 3.404092737690908, 'alpha': 0.0}. Best is trial 128 with value: 0.014613619245705397.
[I 2026-03-20 03:08:55,212] Trial 195 finished with value: 0.6792989504965871 and parameters: {'sigma_noise': 0.24013339751424867, 'A_repulsion': 0.11764588223925394, 'gamma': 0.4017610998594109, 'sigma_update': 0.3076655234991032, 'eta_learning': 0.5881049134442122, 'sigma_boundary': 7.550878267498454, 'alpha': 0.0}. Best is trial 128 with value: 0.014613619245705397.
[I 2026-03-20 03:09:02,367] Trial 192 finished with value: 0.8789919523006455 and parameters: {'sigma_noise': 0.2612851178144486, 'A_repulsion': 0.17699710357490653, 'gamma': 0.17344518279611704, 'sigma_update': 0.5524597248826258, 'eta_learning': 0.751407858753635, 'sigma_boundary': 5.253498871563894, 'alpha': 0.0}. Best is trial 128 with value: 0.014613619245705397.
[I 2026-03-20 03:09:03,799] Trial 197 finished with value: 0.013661411926514676 and parameters: {'sigma_noise': 0.1573989453237452, 'A_repulsion': 0.1325411097670569, 'gamma': 0.5628608655187901, 'sigma_update': 0.3562047780217315, 'eta_learning': 0.040714904294394186, 'sigma_boundary': 7.784745162939724, 'alpha': 0.0}. Best is trial 197 with value: 0.013661411926514676.
[I 2026-03-20 03:09:12,713] Trial 199 finished with value: 0.46476760671431583 and parameters: {'sigma_noise': 0.17259110871247763, 'A_repulsion': 0.015665781736073997, 'gamma': 0.4123601749109387, 'sigma_update': 0.18654992111915888, 'eta_learning': 1.541148348766772, 'sigma_boundary': 6.210592150055759, 'alpha': 0.0}. Best is trial 197 with value: 0.013661411926514676.
[I 2026-03-20 03:09:13,567] Trial 198 finished with value: 0.3536231741448134 and parameters: {'sigma_noise': 0.16201938606392707, 'A_repulsion': 0.2183955431175936, 'gamma': 0.6535558985702997, 'sigma_update': 0.15858577989616757, 'eta_learning': 0.38600815868695487, 'sigma_boundary': 6.013174350792028, 'alpha': 0.0}. Best is trial 197 with value: 0.013661411926514676.
