[I 2026-03-20 02:37:07,260] Trial 116 finished with value: 0.8272942034968838 and parameters: {'sigma_noise': 0.22434453421737804, 'A_repulsion': 0.1412217189916996, 'gamma': 0.3814659536942883, 'sigma_update': 0.275619845149118, 'eta_learning': 1.386513691178256, 'sigma_boundary': 8.876070221329996, 'alpha': 0.0}. Best is trial 118 with value: 0.018626318811384417.
[I 2026-03-20 02:37:44,647] Trial 117 finished with value: 0.7520162088995908 and parameters: {'sigma_noise': 0.21694091026397988, 'A_repulsion': 0.17705530557639287, 'gamma': 0.4938428557161733, 'sigma_update': 0.24405103324358368, 'eta_learning': 0.6157122856414717, 'sigma_boundary': 6.112961915289036, 'alpha': 0.0}. Best is trial 118 with value: 0.018626318811384417.
[I 2026-03-20 02:37:48,673] Trial 112 finished with value: 0.798187081856077 and parameters: {'sigma_noise': 0.24055195520439593, 'A_repulsion': 0.2607816536627227, 'gamma': 0.4757209304174998, 'sigma_update': 0.2425840936772819, 'eta_learning': 0.4304877350178706, 'sigma_boundary': 8.023963990392375, 'alpha': 0.0}. Best is trial 118 with value: 0.018626318811384417.
[I 2026-03-20 02:38:08,825] Trial 115 finished with value: 0.21938047408448086 and parameters: {'sigma_noise': 0.23053889450544934, 'A_repulsion': 0.21644998644182914, 'gamma': 0.2702495518310761, 'sigma_update': 0.16881847376043294, 'eta_learning': 0.2121025203775794, 'sigma_boundary': 7.422788202394301, 'alpha': 0.0}. Best is trial 118 with value: 0.018626318811384417.
[I 2026-03-20 02:38:29,778] Trial 121 finished with value: 0.5080963159514723 and parameters: {'sigma_noise': 0.22404398321965452, 'A_repulsion': 0.05130039167039879, 'gamma': 0.751662906548795, 'sigma_update': 0.22382509266837072, 'eta_learning': 0.6213196004362513, 'sigma_boundary': 8.805189035179916, 'alpha': 0.0}. Best is trial 118 with value: 0.018626318811384417.
[I 2026-03-20 02:39:10,564] Trial 122 finished with value: 0.27826256338823696 and parameters: {'sigma_noise': 0.1861118859218287, 'A_repulsion': 0.1414797420168244, 'gamma': 0.41463689337340814, 'sigma_update': 0.21908085462682753, 'eta_learning': 0.36373116716063186, 'sigma_boundary': 9.166264944265526, 'alpha': 0.0}. Best is trial 118 with value: 0.018626318811384417.
[I 2026-03-20 02:41:40,295] Trial 128 finished with value: 0.014613619245705397 and parameters: {'sigma_noise': 0.1122008487088122, 'A_repulsion': 0.06661140777105809, 'gamma': 0.6593829275862039, 'sigma_update': 0.20315549587654477, 'eta_learning': 0.1162843059283404, 'sigma_boundary': 4.7623952235804206, 'alpha': 0.0}. Best is trial 128 with value: 0.014613619245705397.
[I 2026-03-20 02:41:46,508] Trial 125 finished with value: 0.7650778983577798 and parameters: {'sigma_noise': 0.28344080132252497, 'A_repulsion': 0.04106981074065724, 'gamma': 0.33217085257311085, 'sigma_update': 0.18142270812246714, 'eta_learning': 1.3816153486402938, 'sigma_boundary': 8.011367869374023, 'alpha': 0.0}. Best is trial 128 with value: 0.014613619245705397.
[I 2026-03-20 02:42:02,619] Trial 123 finished with value: 0.8383495147918695 and parameters: {'sigma_noise': 0.19573180021308417, 'A_repulsion': 0.31204449311414784, 'gamma': 0.7221975807869159, 'sigma_update': 0.3168899747439548, 'eta_learning': 0.5613439133619427, 'sigma_boundary': 9.305908471141036, 'alpha': 0.0}. Best is trial 128 with value: 0.014613619245705397.
[I 2026-03-20 02:42:31,567] Trial 131 finished with value: 0.40714812378852766 and parameters: {'sigma_noise': 0.17510968987804637, 'A_repulsion': 0.012484846611351796, 'gamma': 0.3636861480302114, 'sigma_update': 0.13428327159733694, 'eta_learning': 1.0015587964445403, 'sigma_boundary': 6.168028216917696, 'alpha': 0.0}. Best is trial 128 with value: 0.014613619245705397.
[I 2026-03-20 02:43:03,287] Trial 126 finished with value: 0.4018285739654387 and parameters: {'sigma_noise': 0.2815817719267746, 'A_repulsion': 0.12555280613170441, 'gamma': 0.5897656631312638, 'sigma_update': 0.43347484081135357, 'eta_learning': 0.28519188435445103, 'sigma_boundary': 5.904899495675724, 'alpha': 0.0}. Best is trial 128 with value: 0.014613619245705397.
[I 2026-03-20 02:43:47,928] Trial 135 finished with value: 0.24174608941617357 and parameters: {'sigma_noise': 0.09087764257914088, 'A_repulsion': 0.1361741794375945, 'gamma': 0.5428254037576624, 'sigma_update': 0.017493384298556958, 'eta_learning': 0.7014017218451898, 'sigma_boundary': 6.209020975156093, 'alpha': 0.0}. Best is trial 128 with value: 0.014613619245705397.
[I 2026-03-20 02:44:40,745] Trial 124 finished with value: 0.4568286853910518 and parameters: {'sigma_noise': 0.26748563985252893, 'A_repulsion': 0.323823405314249, 'gamma': 0.6614912067600957, 'sigma_update': 0.2960354771559565, 'eta_learning': 0.21433356238412263, 'sigma_boundary': 4.72988897060921, 'alpha': 0.0}. Best is trial 128 with value: 0.014613619245705397.
[I 2026-03-20 02:45:12,198] Trial 137 finished with value: 0.16213631726802807 and parameters: {'sigma_noise': 0.15245803454828968, 'A_repulsion': 0.03957782024321241, 'gamma': 0.41475325394090395, 'sigma_update': 0.19187975285382072, 'eta_learning': 0.4577252287516307, 'sigma_boundary': 9.710124758038, 'alpha': 0.0}. Best is trial 128 with value: 0.014613619245705397.
[I 2026-03-20 02:45:17,079] Trial 136 finished with value: 0.49894612614942496 and parameters: {'sigma_noise': 0.2218770369583759, 'A_repulsion': 0.03868035131714383, 'gamma': 0.4814086853430001, 'sigma_update': 0.06134296154141138, 'eta_learning': 0.6606863249189229, 'sigma_boundary': 8.014125462144266, 'alpha': 0.0}. Best is trial 128 with value: 0.014613619245705397.
[I 2026-03-20 02:45:30,364] Trial 133 finished with value: 0.1781624430364196 and parameters: {'sigma_noise': 0.20681666580976238, 'A_repulsion': 0.1800491853504329, 'gamma': 0.3921489614347708, 'sigma_update': 0.3821031444623376, 'eta_learning': 0.22092619921386353, 'sigma_boundary': 5.053395492416092, 'alpha': 0.0}. Best is trial 128 with value: 0.014613619245705397.
[I 2026-03-20 02:45:49,580] Trial 140 finished with value: 0.13758861939305672 and parameters: {'sigma_noise': 0.13984846753176006, 'A_repulsion': 0.042785485904994494, 'gamma': 0.7113772110122839, 'sigma_update': 0.30676647749828073, 'eta_learning': 0.44777944595454994, 'sigma_boundary': 7.578143638848456, 'alpha': 0.0}. Best is trial 128 with value: 0.014613619245705397.
[I 2026-03-20 02:46:09,912] Trial 129 finished with value: 0.802314380545718 and parameters: {'sigma_noise': 0.18753129951835584, 'A_repulsion': 0.35298340294645747, 'gamma': 0.3710451336331309, 'sigma_update': 0.17814639556091005, 'eta_learning': 0.4733756389274704, 'sigma_boundary': 8.36326198957922, 'alpha': 0.0}. Best is trial 128 with value: 0.014613619245705397.
[I 2026-03-20 02:46:10,452] Trial 132 finished with value: 0.8884038632858131 and parameters: {'sigma_noise': 0.25893111973590066, 'A_repulsion': 0.17584389951813306, 'gamma': 0.419029450834317, 'sigma_update': 0.1957117275480322, 'eta_learning': 1.0505396404810632, 'sigma_boundary': 5.789087201381464, 'alpha': 0.0}. Best is trial 128 with value: 0.014613619245705397.
[I 2026-03-20 02:46:13,716] Trial 134 finished with value: 0.48511819733586503 and parameters: {'sigma_noise': 0.23354681522320025, 'A_repulsion': 0.16683797513011348, 'gamma': 0.37823824303600545, 'sigma_update': 0.3344669603886395, 'eta_learning': 0.3640289607095949, 'sigma_boundary': 9.476692849937967, 'alpha': 0.0}. Best is trial 128 with value: 0.014613619245705397.
[I 2026-03-20 02:46:15,784] Trial 142 finished with value: 0.02057085480752156 and parameters: {'sigma_noise': 0.12240289958330451, 'A_repulsion': 0.03672739109254834, 'gamma': 0.6064462292032334, 'sigma_update': 0.20875476049568734, 'eta_learning': 0.17418143978541345, 'sigma_boundary': 7.155343721242897, 'alpha': 0.0}. Best is trial 128 with value: 0.014613619245705397.
[I 2026-03-20 02:46:39,487] Trial 138 finished with value: 0.48834340004918864 and parameters: {'sigma_noise': 0.10327912006933276, 'A_repulsion': 0.20612357931203168, 'gamma': 0.3970434007418897, 'sigma_update': 0.21244160720817404, 'eta_learning': 1.1086520829610893, 'sigma_boundary': 9.138737683508772, 'alpha': 0.0}. Best is trial 128 with value: 0.014613619245705397.
[I 2026-03-20 02:46:41,367] Trial 127 finished with value: 0.1686688568856338 and parameters: {'sigma_noise': 0.26556948915827605, 'A_repulsion': 0.2844975517028294, 'gamma': 0.5504139575851807, 'sigma_update': 0.36846392285566, 'eta_learning': 0.13353048105028784, 'sigma_boundary': 9.43742024694069, 'alpha': 0.0}. Best is trial 128 with value: 0.014613619245705397.
[I 2026-03-20 02:46:49,677] Trial 139 finished with value: 0.5289972170360654 and parameters: {'sigma_noise': 0.20661994898472602, 'A_repulsion': 0.05084736563485871, 'gamma': 0.48493152739479406, 'sigma_update': 0.34882771654544903, 'eta_learning': 0.8036148175137584, 'sigma_boundary': 9.230099995333282, 'alpha': 0.0}. Best is trial 128 with value: 0.014613619245705397.
[I 2026-03-20 02:47:00,093] Trial 130 finished with value: 0.9209257997111852 and parameters: {'sigma_noise': 0.29352078138922977, 'A_repulsion': 0.21263003959958787, 'gamma': 0.7598399698474718, 'sigma_update': 0.30040295765750324, 'eta_learning': 1.6278393112405127, 'sigma_boundary': 4.225529556671487, 'alpha': 0.0}. Best is trial 128 with value: 0.014613619245705397.
[I 2026-03-20 02:47:49,364] Trial 143 finished with value: 0.2618047919706894 and parameters: {'sigma_noise': 0.15003529934265947, 'A_repulsion': 0.1250045525556066, 'gamma': 0.718945809483201, 'sigma_update': 0.20210205042218216, 'eta_learning': 0.45825711968768146, 'sigma_boundary': 6.8772858960524, 'alpha': 0.0}. Best is trial 128 with value: 0.014613619245705397.
[I 2026-03-20 02:48:40,960] Trial 141 finished with value: 0.7983116314162475 and parameters: {'sigma_noise': 0.17934452585515875, 'A_repulsion': 0.21253493975286164, 'gamma': 0.4723229420761598, 'sigma_update': 0.10089343778818442, 'eta_learning': 0.9717275540308474, 'sigma_boundary': 7.091841438349556, 'alpha': 0.0}. Best is trial 128 with value: 0.014613619245705397.
[I 2026-03-20 02:48:59,646] Trial 146 finished with value: 0.035969810201104874 and parameters: {'sigma_noise': 0.16495168779032468, 'A_repulsion': 0.06604140233114814, 'gamma': 0.459770966496189, 'sigma_update': 0.16583549520268248, 'eta_learning': 0.16693216632097232, 'sigma_boundary': 9.061910669340207, 'alpha': 0.0}. Best is trial 128 with value: 0.014613619245705397.
[I 2026-03-20 02:49:07,385] Trial 144 finished with value: 0.7615961171253982 and parameters: {'sigma_noise': 0.12273235294109196, 'A_repulsion': 0.2864048696034822, 'gamma': 0.5154423150626567, 'sigma_update': 0.4361281101676478, 'eta_learning': 1.8686820106325006, 'sigma_boundary': 8.273248990695645, 'alpha': 0.0}. Best is trial 128 with value: 0.014613619245705397.
[I 2026-03-20 02:49:37,560] Trial 145 finished with value: 0.0431779973988246 and parameters: {'sigma_noise': 0.2517246394448405, 'A_repulsion': 0.02050682936859699, 'gamma': 0.5860555374357679, 'sigma_update': 0.03828276829875428, 'eta_learning': 0.1035415030905173, 'sigma_boundary': 9.82376555911764, 'alpha': 0.0}. Best is trial 128 with value: 0.014613619245705397.
[I 2026-03-20 02:49:55,855] Trial 148 finished with value: 0.1265886683622288 and parameters: {'sigma_noise': 0.0806416325376777, 'A_repulsion': 0.031433962951871286, 'gamma': 0.48509309120137367, 'sigma_update': 0.22067218516081075, 'eta_learning': 0.7396615190880029, 'sigma_boundary': 9.10968904981976, 'alpha': 0.0}. Best is trial 128 with value: 0.014613619245705397.
[I 2026-03-20 02:50:34,432] Trial 147 finished with value: 0.018002558537851623 and parameters: {'sigma_noise': 0.07186580501684081, 'A_repulsion': 0.14985832014847916, 'gamma': 0.5426096418732232, 'sigma_update': 0.1442553000176666, 'eta_learning': 0.11491809228531895, 'sigma_boundary': 6.38391231950969, 'alpha': 0.0}. Best is trial 128 with value: 0.014613619245705397.
[I 2026-03-20 02:52:39,099] Trial 152 finished with value: 0.23884444931518922 and parameters: {'sigma_noise': 0.07317736054519138, 'A_repulsion': 0.17444273741468005, 'gamma': 0.23977633724705516, 'sigma_update': 0.3656958039133157, 'eta_learning': 0.7449040610785961, 'sigma_boundary': 5.402942399005447, 'alpha': 0.0}. Best is trial 128 with value: 0.014613619245705397.
[I 2026-03-20 02:52:49,434] Trial 150 finished with value: 0.10745889424230501 and parameters: {'sigma_noise': 0.17648075067446872, 'A_repulsion': 0.11993043271288814, 'gamma': 0.36340189651945853, 'sigma_update': 0.40877451748442134, 'eta_learning': 0.2478521181179451, 'sigma_boundary': 8.72709000448066, 'alpha': 0.0}. Best is trial 128 with value: 0.014613619245705397.
[I 2026-03-20 02:53:26,836] Trial 151 finished with value: 0.040779766500437825 and parameters: {'sigma_noise': 0.13337792166390994, 'A_repulsion': 0.18627028323326658, 'gamma': 0.7619602267795139, 'sigma_update': 0.2197467063221889, 'eta_learning': 0.17581368806956477, 'sigma_boundary': 9.986948974055649, 'alpha': 0.0}. Best is trial 128 with value: 0.014613619245705397.
[I 2026-03-20 02:54:25,532] Trial 149 finished with value: 0.8277678419070693 and parameters: {'sigma_noise': 0.2892180720046295, 'A_repulsion': 0.10276738298359388, 'gamma': 0.43873105640956017, 'sigma_update': 0.18005805375229797, 'eta_learning': 0.748639270910837, 'sigma_boundary': 7.121434113730025, 'alpha': 0.0}. Best is trial 128 with value: 0.014613619245705397.
[I 2026-03-20 02:55:09,197] Trial 159 finished with value: 0.059917703118221394 and parameters: {'sigma_noise': 0.1601221325249938, 'A_repulsion': 0.03180643863466648, 'gamma': 0.6326504054057126, 'sigma_update': 0.15098783894011267, 'eta_learning': 0.24892069605907688, 'sigma_boundary': 7.6487429064472385, 'alpha': 0.0}. Best is trial 128 with value: 0.014613619245705397.
[I 2026-03-20 02:55:12,636] Trial 157 finished with value: 0.29677777174721626 and parameters: {'sigma_noise': 0.1360601013429943, 'A_repulsion': 0.08914662970476953, 'gamma': 0.18785845871323725, 'sigma_update': 0.44033687124322596, 'eta_learning': 0.6248840565018442, 'sigma_boundary': 5.522444115720901, 'alpha': 0.0}. Best is trial 128 with value: 0.014613619245705397.
[I 2026-03-20 02:55:37,012] Trial 153 finished with value: 0.03191993567916602 and parameters: {'sigma_noise': 0.17066574527968448, 'A_repulsion': 0.17773522152378265, 'gamma': 0.6624328177219119, 'sigma_update': 0.35794817051992883, 'eta_learning': 0.09023867003699747, 'sigma_boundary': 3.988254416762195, 'alpha': 0.0}. Best is trial 128 with value: 0.014613619245705397.
[I 2026-03-20 02:55:40,871] Trial 155 finished with value: 0.12159772896407782 and parameters: {'sigma_noise': 0.14690595806429452, 'A_repulsion': 0.1714516063605288, 'gamma': 0.5594912508899188, 'sigma_update': 0.33514911867993413, 'eta_learning': 0.27923759293129513, 'sigma_boundary': 7.381608207072891, 'alpha': 0.0}. Best is trial 128 with value: 0.014613619245705397.
[I 2026-03-20 02:55:48,588] Trial 165 finished with value: 0.03864861852647617 and parameters: {'sigma_noise': 0.08423467274597735, 'A_repulsion': 0.09944458706394406, 'gamma': 0.5287689903142149, 'sigma_update': 0.2384737156769579, 'eta_learning': 0.01078086460956649, 'sigma_boundary': 7.950178889993667, 'alpha': 0.0}. Best is trial 128 with value: 0.014613619245705397.
[I 2026-03-20 02:55:57,864] Trial 156 finished with value: 0.6422018641667865 and parameters: {'sigma_noise': 0.14362007633630497, 'A_repulsion': 0.16829005891258397, 'gamma': 0.29169345156083204, 'sigma_update': 0.5414223524967181, 'eta_learning': 1.3325233506265943, 'sigma_boundary': 2.871453896881838, 'alpha': 0.0}. Best is trial 128 with value: 0.014613619245705397.
[I 2026-03-20 02:56:09,467] Trial 154 finished with value: 0.019876141046535824 and parameters: {'sigma_noise': 0.17125350292818756, 'A_repulsion': 0.2051793704491664, 'gamma': 0.3603026110498573, 'sigma_update': 0.28449145046616686, 'eta_learning': 0.06886156182883148, 'sigma_boundary': 7.162275485848852, 'alpha': 0.0}. Best is trial 128 with value: 0.014613619245705397.
[I 2026-03-20 02:56:22,251] Trial 161 finished with value: 0.5946756619560258 and parameters: {'sigma_noise': 0.09926477489908529, 'A_repulsion': 0.2836635331978057, 'gamma': 0.45181611511688696, 'sigma_update': 0.26255521579257496, 'eta_learning': 1.094666569307731, 'sigma_boundary': 6.912639376926203, 'alpha': 0.0}. Best is trial 128 with value: 0.014613619245705397.
[I 2026-03-20 02:56:38,814] Trial 163 finished with value: 0.08538401518340903 and parameters: {'sigma_noise': 0.07977825505816907, 'A_repulsion': 0.29450659872164153, 'gamma': 0.4596499791954267, 'sigma_update': 0.4015760808633603, 'eta_learning': 0.31313163506770547, 'sigma_boundary': 8.647578802146361, 'alpha': 0.0}. Best is trial 128 with value: 0.014613619245705397.
[I 2026-03-20 02:56:43,968] Trial 160 finished with value: 0.6177541032461537 and parameters: {'sigma_noise': 0.10536801488555743, 'A_repulsion': 0.27030510258776985, 'gamma': 0.6057824909738065, 'sigma_update': 0.3402290821886189, 'eta_learning': 1.1363864344536982, 'sigma_boundary': 3.914115611870336, 'alpha': 0.0}. Best is trial 128 with value: 0.014613619245705397.
[I 2026-03-20 02:57:47,552] Trial 158 finished with value: 0.7308447223743536 and parameters: {'sigma_noise': 0.15874173288442853, 'A_repulsion': 0.25265280960842723, 'gamma': 0.4034552065411819, 'sigma_update': 0.08471290113434922, 'eta_learning': 0.7206249704489617, 'sigma_boundary': 5.966889930703152, 'alpha': 0.0}. Best is trial 128 with value: 0.014613619245705397.
[I 2026-03-20 02:57:50,926] Trial 168 finished with value: 0.1236848984695424 and parameters: {'sigma_noise': 0.15232191273888546, 'A_repulsion': 0.03033754135590694, 'gamma': 0.5437388809686163, 'sigma_update': 0.4015739384084137, 'eta_learning': 0.3967071250039547, 'sigma_boundary': 6.761067735137575, 'alpha': 0.0}. Best is trial 128 with value: 0.014613619245705397.
[I 2026-03-20 02:58:31,372] Trial 162 finished with value: 0.8693513176342349 and parameters: {'sigma_noise': 0.18902666884967012, 'A_repulsion': 0.2390500833656135, 'gamma': 0.640919034764701, 'sigma_update': 0.2816081746296924, 'eta_learning': 1.061735727696029, 'sigma_boundary': 5.940004767916205, 'alpha': 0.0}. Best is trial 128 with value: 0.014613619245705397.
[I 2026-03-20 02:58:54,604] Trial 167 finished with value: 0.558966898581319 and parameters: {'sigma_noise': 0.1129836652001956, 'A_repulsion': 0.24927555255918835, 'gamma': 0.685738235173043, 'sigma_update': 0.10515196024709916, 'eta_learning': 0.8924566115243555, 'sigma_boundary': 7.25485295020987, 'alpha': 0.0}. Best is trial 128 with value: 0.014613619245705397.
[I 2026-03-20 02:59:28,310] Trial 172 finished with value: 0.36076632403094494 and parameters: {'sigma_noise': 0.06658102627423312, 'A_repulsion': 0.21583277264187903, 'gamma': 0.6239761149946295, 'sigma_update': 0.23630057354147246, 'eta_learning': 1.2440752659731116, 'sigma_boundary': 4.388941990404249, 'alpha': 0.0}. Best is trial 128 with value: 0.014613619245705397.
[I 2026-03-20 02:59:40,426] Trial 170 finished with value: 0.02428264069027783 and parameters: {'sigma_noise': 0.15367209079490698, 'A_repulsion': 0.17101957816889393, 'gamma': 0.776682953819398, 'sigma_update': 0.1635828883804967, 'eta_learning': 0.012538485196026922, 'sigma_boundary': 5.139798687038464, 'alpha': 0.0}. Best is trial 128 with value: 0.014613619245705397.
[I 2026-03-20 02:59:45,181] Trial 164 finished with value: 0.2370302461739839 and parameters: {'sigma_noise': 0.16799676693471594, 'A_repulsion': 0.364763343470741, 'gamma': 0.5805987753553674, 'sigma_update': 0.3197753672580984, 'eta_learning': 0.23609467350953356, 'sigma_boundary': 6.336885346608271, 'alpha': 0.0}. Best is trial 128 with value: 0.014613619245705397.
[I 2026-03-20 02:59:46,585] Trial 169 finished with value: 0.5096371000034376 and parameters: {'sigma_noise': 0.1258522372571549, 'A_repulsion': 0.24084908700371457, 'gamma': 0.39686505475285544, 'sigma_update': 0.491768223657382, 'eta_learning': 0.6502834622314588, 'sigma_boundary': 6.279268393965014, 'alpha': 0.0}. Best is trial 128 with value: 0.014613619245705397.
[I 2026-03-20 02:59:59,728] Trial 166 finished with value: 0.8265610997801228 and parameters: {'sigma_noise': 0.2072471292746742, 'A_repulsion': 0.1880755357457077, 'gamma': 0.622129632134583, 'sigma_update': 0.11326971199498792, 'eta_learning': 0.8960277311722769, 'sigma_boundary': 5.985904656431365, 'alpha': 0.0}. Best is trial 128 with value: 0.014613619245705397.
[I 2026-03-20 03:00:47,544] Trial 171 finished with value: 0.07285659173524874 and parameters: {'sigma_noise': 0.16728958420215884, 'A_repulsion': 0.1822790854463835, 'gamma': 0.5855788047125546, 'sigma_update': 0.3624972433610253, 'eta_learning': 0.18062560824541324, 'sigma_boundary': 7.83659128460668, 'alpha': 0.0}. Best is trial 128 with value: 0.014613619245705397.
[I 2026-03-20 03:02:06,529] Trial 175 finished with value: 0.09345748546991094 and parameters: {'sigma_noise': 0.07988713120598796, 'A_repulsion': 0.09853347117303114, 'gamma': 0.6050284899488784, 'sigma_update': 0.28131930626441143, 'eta_learning': 0.4956036321958715, 'sigma_boundary': 8.090873197084115, 'alpha': 0.0}. Best is trial 128 with value: 0.014613619245705397.
[I 2026-03-20 03:03:36,369] Trial 174 finished with value: 0.21189270466796362 and parameters: {'sigma_noise': 0.1300377164076238, 'A_repulsion': 0.2622912993630839, 'gamma': 0.5416172552702411, 'sigma_update': 0.43811191816863904, 'eta_learning': 0.3260659286025384, 'sigma_boundary': 4.560251795332536, 'alpha': 0.0}. Best is trial 128 with value: 0.014613619245705397.
[I 2026-03-20 03:04:52,122] Trial 173 finished with value: 0.06743600872316959 and parameters: {'sigma_noise': 0.23261745048781934, 'A_repulsion': 0.17819609346098528, 'gamma': 0.7393266132151408, 'sigma_update': 0.09985287571040725, 'eta_learning': 0.10341104882099833, 'sigma_boundary': 6.627384766562497, 'alpha': 0.0}. Best is trial 128 with value: 0.014613619245705397.
