[I 2026-03-06 08:52:00,737] Trial 182 finished with value: 0.08631870342174497 and parameters: {'sigma_noise': 0.14818160970415295, 'A_repulsion': 0.21132404582712933, 'gamma': 0.5424215655715523, 'sigma_update': 0.33505731658877275, 'eta_learning': 0.6044316629008474, 'sigma_boundary': 3.9520312049402553, 'alpha': 0.6934043374717523}. Best is trial 5 with value: 0.037791452661088396.
[I 2026-03-06 08:52:11,080] Trial 168 finished with value: 0.16898066306239806 and parameters: {'sigma_noise': 0.22678667321779006, 'A_repulsion': 0.24742104024141104, 'gamma': 0.4349267612302257, 'sigma_update': 0.07888473997646024, 'eta_learning': 1.8950188156614902, 'sigma_boundary': 1.2865080202255812, 'alpha': 0.7690655929895547}. Best is trial 5 with value: 0.037791452661088396.
[I 2026-03-06 08:52:13,797] Trial 172 finished with value: 0.11061746687117063 and parameters: {'sigma_noise': 0.23575100287074913, 'A_repulsion': 0.1869992943957531, 'gamma': 0.2594508837196855, 'sigma_update': 0.21150323069750954, 'eta_learning': 0.97978500779471, 'sigma_boundary': 4.729104177062465, 'alpha': 0.9118142781965397}. Best is trial 5 with value: 0.037791452661088396.
[I 2026-03-06 08:52:28,134] Trial 176 finished with value: 0.07055353417654282 and parameters: {'sigma_noise': 0.27928749507452605, 'A_repulsion': 0.07191462184960601, 'gamma': 0.5521436168821382, 'sigma_update': 0.17016418458765656, 'eta_learning': 0.40673173033065413, 'sigma_boundary': 6.909924383231657, 'alpha': 0.6565905103211356}. Best is trial 5 with value: 0.037791452661088396.
[I 2026-03-06 08:52:28,854] Trial 169 finished with value: 0.14226124062962858 and parameters: {'sigma_noise': 0.22820907308476973, 'A_repulsion': 0.2360501058987231, 'gamma': 0.5971604588099856, 'sigma_update': 0.22716524180007083, 'eta_learning': 1.4662686520077295, 'sigma_boundary': 5.996411332775513, 'alpha': 0.45190323141506866}. Best is trial 5 with value: 0.037791452661088396.
[I 2026-03-06 08:52:30,307] Trial 174 finished with value: 0.11200849348535806 and parameters: {'sigma_noise': 0.20326138384599834, 'A_repulsion': 0.25706992155863934, 'gamma': 0.26597024943006786, 'sigma_update': 0.26486062844358116, 'eta_learning': 0.911335734646968, 'sigma_boundary': 4.537419891543524, 'alpha': 0.4828894930476272}. Best is trial 5 with value: 0.037791452661088396.
[I 2026-03-06 08:52:40,011] Trial 180 finished with value: 0.11325189953312693 and parameters: {'sigma_noise': 0.18707937598625307, 'A_repulsion': 0.19084655171691, 'gamma': 0.5277457370225909, 'sigma_update': 0.08984346302308416, 'eta_learning': 0.6785788551005247, 'sigma_boundary': 3.831761806456875, 'alpha': 0.8752715908400155}. Best is trial 5 with value: 0.037791452661088396.
[I 2026-03-06 08:52:50,709] Trial 173 finished with value: 0.10295510830102098 and parameters: {'sigma_noise': 0.23700012197280923, 'A_repulsion': 0.2165300084129932, 'gamma': 0.3949023566242564, 'sigma_update': 0.3348573135153735, 'eta_learning': 1.448040003691486, 'sigma_boundary': 2.9612669178004807, 'alpha': 0.7520871582254272}. Best is trial 5 with value: 0.037791452661088396.
[I 2026-03-06 08:52:52,944] Trial 186 finished with value: 0.07309451537460475 and parameters: {'sigma_noise': 0.16652493814052222, 'A_repulsion': 0.16504725673566367, 'gamma': 0.6679570778250892, 'sigma_update': 0.27821893281080895, 'eta_learning': 1.2046227837859511, 'sigma_boundary': 7.007256176589084, 'alpha': 0.6044477858923686}. Best is trial 5 with value: 0.037791452661088396.
[I 2026-03-06 08:53:01,614] Trial 181 finished with value: 0.06809861679264882 and parameters: {'sigma_noise': 0.1582431574213456, 'A_repulsion': 0.30567994618867367, 'gamma': 0.5655352203147379, 'sigma_update': 0.14049419499821467, 'eta_learning': 0.9163560881739211, 'sigma_boundary': 1.7314652996101796, 'alpha': 0.6187866518905772}. Best is trial 5 with value: 0.037791452661088396.
[I 2026-03-06 08:53:06,227] Trial 171 finished with value: 0.09164977936283289 and parameters: {'sigma_noise': 0.2786402840244805, 'A_repulsion': 0.3602970898228853, 'gamma': 0.6091207481724824, 'sigma_update': 0.33425479144972425, 'eta_learning': 1.120050408087905, 'sigma_boundary': 2.0425396496322206, 'alpha': 0.8102095932184469}. Best is trial 5 with value: 0.037791452661088396.
[I 2026-03-06 08:53:09,136] Trial 170 finished with value: 0.10909205445753209 and parameters: {'sigma_noise': 0.29530911483600253, 'A_repulsion': 0.21147706884369194, 'gamma': 0.4939892561088323, 'sigma_update': 0.3404727273577891, 'eta_learning': 1.7880906115931539, 'sigma_boundary': 5.5313855407216685, 'alpha': 0.91601350875482}. Best is trial 5 with value: 0.037791452661088396.
[I 2026-03-06 08:53:12,321] Trial 191 finished with value: 0.05969303055541211 and parameters: {'sigma_noise': 0.14043990964454375, 'A_repulsion': 0.17248954343407671, 'gamma': 0.7228564831218385, 'sigma_update': 0.15262828704565504, 'eta_learning': 1.375168970758905, 'sigma_boundary': 6.596088283157685, 'alpha': 0.6612120012324603}. Best is trial 5 with value: 0.037791452661088396.
[I 2026-03-06 08:53:22,762] Trial 188 finished with value: 0.0829099902567671 and parameters: {'sigma_noise': 0.15159162833235512, 'A_repulsion': 0.20525926544808826, 'gamma': 0.39363293735880434, 'sigma_update': 0.13674358195683944, 'eta_learning': 1.2688894663447383, 'sigma_boundary': 5.908972026977086, 'alpha': 0.8664837329688517}. Best is trial 5 with value: 0.037791452661088396.
[I 2026-03-06 08:53:34,127] Trial 175 finished with value: 0.24860136552338347 and parameters: {'sigma_noise': 0.323364679424183, 'A_repulsion': 0.3124164044200193, 'gamma': 0.7103080165100585, 'sigma_update': 0.08686417062434929, 'eta_learning': 0.9191394133748738, 'sigma_boundary': 4.2691629388450005, 'alpha': 0.8924990658946224}. Best is trial 5 with value: 0.037791452661088396.
[I 2026-03-06 08:53:34,276] Trial 184 finished with value: 0.06524662703595437 and parameters: {'sigma_noise': 0.1702227809611451, 'A_repulsion': 0.25132958839596997, 'gamma': 0.9297361531045731, 'sigma_update': 0.0992779434897928, 'eta_learning': 0.8362667548904941, 'sigma_boundary': 6.215876530860744, 'alpha': 0.6770346741953874}. Best is trial 5 with value: 0.037791452661088396.
[I 2026-03-06 08:53:47,034] Trial 178 finished with value: 0.13458297615088927 and parameters: {'sigma_noise': 0.306860667420762, 'A_repulsion': 0.18289042917862072, 'gamma': 0.31699942285230504, 'sigma_update': 0.167300546837386, 'eta_learning': 0.7196180617896133, 'sigma_boundary': 2.7765512130046806, 'alpha': 0.686427249077964}. Best is trial 5 with value: 0.037791452661088396.
[I 2026-03-06 08:53:49,009] Trial 183 finished with value: 0.1831112951635756 and parameters: {'sigma_noise': 0.2606931746304739, 'A_repulsion': 0.19635946181775715, 'gamma': 0.8223838060434192, 'sigma_update': 0.363364334138307, 'eta_learning': 0.9966594253292848, 'sigma_boundary': 8.372697094906856, 'alpha': 0.4579466306277018}. Best is trial 5 with value: 0.037791452661088396.
[I 2026-03-06 08:53:49,167] Trial 194 finished with value: 0.09295411383906088 and parameters: {'sigma_noise': 0.2065065625579084, 'A_repulsion': 0.027300286315538463, 'gamma': 0.6311074144204284, 'sigma_update': 0.05281773732879494, 'eta_learning': 0.8889324866397514, 'sigma_boundary': 3.8220133870748203, 'alpha': 0.5188389061894142}. Best is trial 5 with value: 0.037791452661088396.
[I 2026-03-06 08:53:51,480] Trial 193 finished with value: 0.05148004762972891 and parameters: {'sigma_noise': 0.1660615871254369, 'A_repulsion': 0.13310850411994074, 'gamma': 0.7302563015041003, 'sigma_update': 0.24060036578950877, 'eta_learning': 1.4734332915512702, 'sigma_boundary': 8.296896884835284, 'alpha': 0.782977458540878}. Best is trial 5 with value: 0.037791452661088396.
[I 2026-03-06 08:53:55,649] Trial 179 finished with value: 0.11466548159761888 and parameters: {'sigma_noise': 0.2666209431169661, 'A_repulsion': 0.257579965584371, 'gamma': 0.3770287086803407, 'sigma_update': 0.25411042335045714, 'eta_learning': 1.254439668111675, 'sigma_boundary': 3.4601664330720494, 'alpha': 0.8912075899356116}. Best is trial 5 with value: 0.037791452661088396.
[I 2026-03-06 08:54:04,358] Trial 190 finished with value: 0.04612230842961712 and parameters: {'sigma_noise': 0.22317582993966184, 'A_repulsion': 0.1672707436608965, 'gamma': 0.8262260721810633, 'sigma_update': 0.08536187302530718, 'eta_learning': 0.8892052349178061, 'sigma_boundary': 3.0386461812728482, 'alpha': 0.659605059975561}. Best is trial 5 with value: 0.037791452661088396.
[I 2026-03-06 08:54:05,049] Trial 189 finished with value: 0.09857648981185843 and parameters: {'sigma_noise': 0.2730478868473736, 'A_repulsion': 0.10254455294852842, 'gamma': 0.4025147370383972, 'sigma_update': 0.2337419240751881, 'eta_learning': 1.2547808123252575, 'sigma_boundary': 6.881798935178617, 'alpha': 0.5669208033829175}. Best is trial 5 with value: 0.037791452661088396.
[I 2026-03-06 08:54:16,824] Trial 192 finished with value: 0.07211869587477289 and parameters: {'sigma_noise': 0.2114443107048825, 'A_repulsion': 0.1877825602834451, 'gamma': 0.6567188681540986, 'sigma_update': 0.13442038032099235, 'eta_learning': 1.755848633024189, 'sigma_boundary': 5.336887092960827, 'alpha': 0.8782335457067705}. Best is trial 5 with value: 0.037791452661088396.
[I 2026-03-06 08:54:17,000] Trial 187 finished with value: 0.2699168421596575 and parameters: {'sigma_noise': 0.3578491080002687, 'A_repulsion': 0.16274934365371313, 'gamma': 0.612242814840796, 'sigma_update': 0.07616821929429865, 'eta_learning': 0.9198227997025216, 'sigma_boundary': 4.532198982469899, 'alpha': 0.5908722470109475}. Best is trial 5 with value: 0.037791452661088396.
[I 2026-03-06 08:54:19,801] Trial 195 finished with value: 0.06118020420018348 and parameters: {'sigma_noise': 0.23557940019028972, 'A_repulsion': 0.11372153354313877, 'gamma': 0.549377795159793, 'sigma_update': 0.1715327325420632, 'eta_learning': 0.9483346608873681, 'sigma_boundary': 3.4701144630484824, 'alpha': 0.6514875554192274}. Best is trial 5 with value: 0.037791452661088396.
[I 2026-03-06 08:54:21,999] Trial 197 finished with value: 0.2960173827323362 and parameters: {'sigma_noise': 0.23373204210628623, 'A_repulsion': 0.09670548999435913, 'gamma': 0.42368455106114505, 'sigma_update': 0.4061891227962855, 'eta_learning': 0.9036399099098181, 'sigma_boundary': 5.761005182958815, 'alpha': 0.45578128007540486}. Best is trial 5 with value: 0.037791452661088396.
[I 2026-03-06 08:54:28,356] Trial 196 finished with value: 0.05655434300683422 and parameters: {'sigma_noise': 0.19355360754289064, 'A_repulsion': 0.25023302374482836, 'gamma': 0.7920686019613865, 'sigma_update': 0.26473187476906496, 'eta_learning': 1.8597992169536055, 'sigma_boundary': 4.323002486417711, 'alpha': 0.5505266869571459}. Best is trial 5 with value: 0.037791452661088396.
[I 2026-03-06 08:54:30,775] Trial 198 finished with value: 0.06015621255785402 and parameters: {'sigma_noise': 0.21635446629432598, 'A_repulsion': 0.21508577330705503, 'gamma': 0.5844315680049783, 'sigma_update': 0.20465184287904056, 'eta_learning': 1.2074199453152894, 'sigma_boundary': 5.279230366883322, 'alpha': 0.5703558947492466}. Best is trial 5 with value: 0.037791452661088396.
[I 2026-03-06 08:54:31,669] Trial 199 finished with value: 0.08647630433711134 and parameters: {'sigma_noise': 0.24032049374197573, 'A_repulsion': 0.10617128508298207, 'gamma': 0.6938103802093438, 'sigma_update': 0.25533731160853435, 'eta_learning': 0.7274031133972247, 'sigma_boundary': 5.1034312942890905, 'alpha': 0.5134752899145331}. Best is trial 5 with value: 0.037791452661088396.
[I 2026-03-06 08:54:50,718] A new study created in memory with name: no-name-c7b8f24f-c534-4d1a-b947-af3826275b2d
[I 2026-03-06 09:05:50,470] Trial 29 finished with value: 0.3864882424619345 and parameters: {'sigma_noise': 0.05479565787936034, 'A_repulsion': 0.037789269903667766, 'gamma': 0.9410955310370456, 'sigma_update': 0.5705302818785183, 'eta_learning': 2.275982764837703, 'sigma_boundary': 0.9334176274092828, 'alpha': 0.3504653095802952}. Best is trial 29 with value: 0.3864882424619345.
[I 2026-03-06 09:09:04,292] Trial 27 finished with value: 0.27003278970861944 and parameters: {'sigma_noise': 0.16965042252097418, 'A_repulsion': 0.10288341785586946, 'gamma': 0.2770252106350571, 'sigma_update': 0.4426537913132914, 'eta_learning': 0.9129466055938323, 'sigma_boundary': 9.420720322395477, 'alpha': 0.5176517229082668}. Best is trial 27 with value: 0.27003278970861944.
[I 2026-03-06 09:09:56,877] Trial 30 finished with value: 0.3427884588644854 and parameters: {'sigma_noise': 0.17528593358280642, 'A_repulsion': 0.13498983277934629, 'gamma': 0.533246645346653, 'sigma_update': 0.11061437054266492, 'eta_learning': 0.9113056994226189, 'sigma_boundary': 8.258514839753461, 'alpha': 0.3112339827015993}. Best is trial 27 with value: 0.27003278970861944.
[I 2026-03-06 09:10:05,226] Trial 34 finished with value: 1.6108567209572784 and parameters: {'sigma_noise': 0.09179988662235888, 'A_repulsion': 0.3188643699951676, 'gamma': 0.941686602079102, 'sigma_update': 0.52481689544714, 'eta_learning': 1.6707375429973157, 'sigma_boundary': 6.964051037156899, 'alpha': 0.06176521019272141}. Best is trial 27 with value: 0.27003278970861944.
[I 2026-03-06 09:10:24,307] Trial 10 finished with value: 0.03468194644203019 and parameters: {'sigma_noise': 0.19421681727187629, 'A_repulsion': 0.13971799155092962, 'gamma': 0.71751882611626, 'sigma_update': 0.27251408034355573, 'eta_learning': 2.0703113188061306, 'sigma_boundary': 7.744515876154918, 'alpha': 0.7714541754708008}. Best is trial 10 with value: 0.03468194644203019.
[I 2026-03-06 09:10:27,659] Trial 2 finished with value: 0.13121560666374563 and parameters: {'sigma_noise': 0.28248942830822976, 'A_repulsion': 0.011190413043372094, 'gamma': 0.3518517712351634, 'sigma_update': 0.3272659559814466, 'eta_learning': 2.6972218453222054, 'sigma_boundary': 5.092227395129987, 'alpha': 0.7987094085686456}. Best is trial 10 with value: 0.03468194644203019.
[I 2026-03-06 09:10:28,806] Trial 20 finished with value: 0.11215036069170911 and parameters: {'sigma_noise': 0.11101206805587926, 'A_repulsion': 0.3189528230082644, 'gamma': 0.9646440849632109, 'sigma_update': 0.6579216103443716, 'eta_learning': 2.588586820848598, 'sigma_boundary': 0.036535379852932426, 'alpha': 0.9115499626521925}. Best is trial 10 with value: 0.03468194644203019.
[I 2026-03-06 09:10:34,150] Trial 16 finished with value: 0.3726247859342352 and parameters: {'sigma_noise': 0.13647155950920653, 'A_repulsion': 0.2551843775699935, 'gamma': 0.9981813631855946, 'sigma_update': 0.46570580595755307, 'eta_learning': 1.176957766349066, 'sigma_boundary': 6.588891929414823, 'alpha': 0.3679601353751304}. Best is trial 10 with value: 0.03468194644203019.
[I 2026-03-06 09:10:49,504] Trial 14 finished with value: 0.043115674591877796 and parameters: {'sigma_noise': 0.08601277531028498, 'A_repulsion': 0.4289348983245799, 'gamma': 0.7631568661140298, 'sigma_update': 0.06679639249425016, 'eta_learning': 0.16373577857761504, 'sigma_boundary': 5.534894679278484, 'alpha': 0.16845939927566722}. Best is trial 10 with value: 0.03468194644203019.
[I 2026-03-06 09:10:51,569] Trial 35 finished with value: 0.11906941105053508 and parameters: {'sigma_noise': 0.19344371285461542, 'A_repulsion': 0.1614188093680728, 'gamma': 0.4980789398780039, 'sigma_update': 0.4087260218263796, 'eta_learning': 2.4942734308015417, 'sigma_boundary': 6.977890064946461, 'alpha': 0.6993945346162251}. Best is trial 10 with value: 0.03468194644203019.
[I 2026-03-06 09:11:14,222] Trial 6 finished with value: 0.8456076626887519 and parameters: {'sigma_noise': 0.13699523280894083, 'A_repulsion': 0.3078276662188991, 'gamma': 0.8105697355328569, 'sigma_update': 0.3453588779110168, 'eta_learning': 2.2503742940292177, 'sigma_boundary': 6.850961075842224, 'alpha': 0.2595540777962003}. Best is trial 10 with value: 0.03468194644203019.
[I 2026-03-06 09:11:14,788] Trial 28 finished with value: 0.0754895065795114 and parameters: {'sigma_noise': 0.11224469958311736, 'A_repulsion': 0.4006508739240272, 'gamma': 0.8733031582278031, 'sigma_update': 0.2939221615301857, 'eta_learning': 1.1577955036876668, 'sigma_boundary': 5.943416004573677, 'alpha': 0.7635842383344326}. Best is trial 10 with value: 0.03468194644203019.
[I 2026-03-06 09:11:16,666] Trial 12 finished with value: 0.0839481760450137 and parameters: {'sigma_noise': 0.19580126150153765, 'A_repulsion': 0.19820596331173734, 'gamma': 0.06981651277313461, 'sigma_update': 0.35655830632970537, 'eta_learning': 0.09616908236969082, 'sigma_boundary': 0.49289079477421827, 'alpha': 0.46090338629354566}. Best is trial 10 with value: 0.03468194644203019.
[I 2026-03-06 09:11:36,355] Trial 18 finished with value: 0.432585739247153 and parameters: {'sigma_noise': 0.134298601420201, 'A_repulsion': 0.3516075398218412, 'gamma': 0.34950673169300095, 'sigma_update': 0.30810547731630256, 'eta_learning': 2.672416887639611, 'sigma_boundary': 1.5330783187939618, 'alpha': 0.31631232446326896}. Best is trial 10 with value: 0.03468194644203019.
[I 2026-03-06 09:11:52,161] Trial 36 finished with value: 0.9096246451932019 and parameters: {'sigma_noise': 0.19311229730314533, 'A_repulsion': 0.2276115674608145, 'gamma': 0.13224487632898504, 'sigma_update': 0.49348553119294986, 'eta_learning': 2.1983758830417965, 'sigma_boundary': 4.570014827054973, 'alpha': 0.31855805129317594}. Best is trial 10 with value: 0.03468194644203019.
[I 2026-03-06 09:12:25,190] Trial 22 finished with value: 0.10317192408066758 and parameters: {'sigma_noise': 0.32105815585793007, 'A_repulsion': 0.07807607333526417, 'gamma': 0.6263206112270088, 'sigma_update': 0.27360182138826433, 'eta_learning': 2.4691391779957095, 'sigma_boundary': 4.842978255727928, 'alpha': 0.9154770288601228}. Best is trial 10 with value: 0.03468194644203019.
[I 2026-03-06 09:12:25,842] Trial 13 finished with value: 0.4738668578488464 and parameters: {'sigma_noise': 0.33571623509930526, 'A_repulsion': 0.05132264311535717, 'gamma': 0.5083680330545729, 'sigma_update': 0.34357673949231177, 'eta_learning': 0.9932854433712175, 'sigma_boundary': 3.9323035444594976, 'alpha': 0.42235738120858346}. Best is trial 10 with value: 0.03468194644203019.
[I 2026-03-06 09:12:58,100] Trial 26 finished with value: 2.361641332112754 and parameters: {'sigma_noise': 0.16987272688071758, 'A_repulsion': 0.35263492521132317, 'gamma': 0.7021101838465071, 'sigma_update': 0.015447889868068922, 'eta_learning': 1.2720750657774254, 'sigma_boundary': 2.8257948334313747, 'alpha': 0.03874156578222698}. Best is trial 10 with value: 0.03468194644203019.
[I 2026-03-06 09:13:04,409] Trial 3 finished with value: 2.254259163631284 and parameters: {'sigma_noise': 0.44587884289896346, 'A_repulsion': 0.058817193417946445, 'gamma': 0.3608523343601167, 'sigma_update': 0.5381128944636536, 'eta_learning': 0.8935164465022513, 'sigma_boundary': 7.534408580875926, 'alpha': 0.09539286080282017}. Best is trial 10 with value: 0.03468194644203019.
[I 2026-03-06 09:13:11,960] Trial 1 finished with value: 0.06710496000503989 and parameters: {'sigma_noise': 0.21638124810243375, 'A_repulsion': 0.41694045893038256, 'gamma': 0.7126004486427369, 'sigma_update': 0.45838658148150163, 'eta_learning': 2.0640709510867716, 'sigma_boundary': 5.221822361141346, 'alpha': 0.9011053078868392}. Best is trial 10 with value: 0.03468194644203019.
[I 2026-03-06 09:13:12,115] Trial 21 finished with value: 0.06594444637352878 and parameters: {'sigma_noise': 0.20577027881762527, 'A_repulsion': 0.3162428225975129, 'gamma': 0.556753612976536, 'sigma_update': 0.2728421143437404, 'eta_learning': 0.8937739747103094, 'sigma_boundary': 6.624626715065043, 'alpha': 0.7055230647083681}. Best is trial 10 with value: 0.03468194644203019.
[I 2026-03-06 09:13:12,668] Trial 33 finished with value: 2.327531256970394 and parameters: {'sigma_noise': 0.37226172863438317, 'A_repulsion': 0.1520470137821892, 'gamma': 0.2190189825525644, 'sigma_update': 0.5870894382144392, 'eta_learning': 1.4017072929760175, 'sigma_boundary': 6.246454294004958, 'alpha': 0.1172994582215906}. Best is trial 10 with value: 0.03468194644203019.
[I 2026-03-06 09:13:18,686] Trial 38 finished with value: 0.09330377498943912 and parameters: {'sigma_noise': 0.15194848913585438, 'A_repulsion': 0.4708720117098854, 'gamma': 0.45333530728066, 'sigma_update': 0.2888295129654865, 'eta_learning': 1.0287923498400768, 'sigma_boundary': 5.06764348938114, 'alpha': 0.5722884171760498}. Best is trial 10 with value: 0.03468194644203019.
[I 2026-03-06 09:13:19,914] Trial 5 finished with value: 0.23835044777892028 and parameters: {'sigma_noise': 0.4196673393182671, 'A_repulsion': 0.15286500602815728, 'gamma': 0.990521559344554, 'sigma_update': 0.2556187594164554, 'eta_learning': 2.728429553562579, 'sigma_boundary': 4.088303730214534, 'alpha': 0.42943394090022224}. Best is trial 10 with value: 0.03468194644203019.
[I 2026-03-06 09:13:21,801] Trial 9 finished with value: 2.319179588096816 and parameters: {'sigma_noise': 0.33854908011094553, 'A_repulsion': 0.24997044277899794, 'gamma': 0.6244947193343922, 'sigma_update': 0.13013222305009664, 'eta_learning': 2.034165884618486, 'sigma_boundary': 3.362226118934764, 'alpha': 0.1972162882014551}. Best is trial 10 with value: 0.03468194644203019.
[I 2026-03-06 09:13:24,169] Trial 37 finished with value: 0.14642191093992088 and parameters: {'sigma_noise': 0.20073660716133496, 'A_repulsion': 0.4417003234301281, 'gamma': 0.36906723082510423, 'sigma_update': 0.13638350159836993, 'eta_learning': 0.33042183477416437, 'sigma_boundary': 4.712918758644375, 'alpha': 0.9437284509803303}. Best is trial 10 with value: 0.03468194644203019.
