/nfs/nhome/live/apourdehghan/Hybrid_hpc_utils.py:56: DtypeWarning: Columns (16) have mixed types. Specify dtype option on import or set low_memory=False.
  data = pd.read_csv(data_path)
[I 2026-03-06 07:10:14,780] A new study created in memory with name: no-name-1f6d7362-ef79-4695-bd53-9b8b8841dc35
[I 2026-03-06 07:23:24,536] Trial 0 finished with value: 0.1071251510734893 and parameters: {'sigma_noise': 0.06450920010037008, 'A_repulsion': 0.03207631833365421, 'gamma': 0.1870752530151114, 'sigma_update': 0.20317485565092921, 'eta_learning': 0.4714129292059359, 'sigma_boundary': 7.231174218885353, 'alpha': 0.22317530574005318}. Best is trial 0 with value: 0.1071251510734893.
[I 2026-03-06 07:25:15,919] Trial 38 finished with value: 1.0438859262673001 and parameters: {'sigma_noise': 0.060940574443330765, 'A_repulsion': 0.20986199663870636, 'gamma': 0.9619039073877197, 'sigma_update': 0.4009025962981313, 'eta_learning': 2.7884151083523125, 'sigma_boundary': 0.7853355313823037, 'alpha': 0.08768879644609184}. Best is trial 0 with value: 0.1071251510734893.
[I 2026-03-06 07:25:50,150] Trial 37 finished with value: 0.5745709019261441 and parameters: {'sigma_noise': 0.16180940249066772, 'A_repulsion': 0.041208394507464885, 'gamma': 0.0863816716906253, 'sigma_update': 0.5682335428922872, 'eta_learning': 0.8352160806117216, 'sigma_boundary': 8.457815123088588, 'alpha': 0.2982746895915054}. Best is trial 0 with value: 0.1071251510734893.
[I 2026-03-06 07:25:50,645] Trial 4 finished with value: 0.11387170845151055 and parameters: {'sigma_noise': 0.07417236491582697, 'A_repulsion': 0.19642876422061495, 'gamma': 0.807516660798337, 'sigma_update': 0.4478856626624865, 'eta_learning': 0.1516190828806815, 'sigma_boundary': 9.68584296775932, 'alpha': 0.8365571908506584}. Best is trial 0 with value: 0.1071251510734893.
[I 2026-03-06 07:26:14,423] Trial 8 finished with value: 0.7971880390392748 and parameters: {'sigma_noise': 0.1592792347936475, 'A_repulsion': 0.07485092276610622, 'gamma': 0.8897038853839676, 'sigma_update': 0.3219564600962134, 'eta_learning': 2.547396236954238, 'sigma_boundary': 9.35616742334352, 'alpha': 0.1853618343495631}. Best is trial 0 with value: 0.1071251510734893.
[I 2026-03-06 07:27:20,699] Trial 5 finished with value: 0.037791452661088396 and parameters: {'sigma_noise': 0.23842956151483768, 'A_repulsion': 0.007023577439024098, 'gamma': 0.7733572154155189, 'sigma_update': 0.03191878193212184, 'eta_learning': 0.14227812391082517, 'sigma_boundary': 6.33401793979898, 'alpha': 0.4378808864789935}. Best is trial 5 with value: 0.037791452661088396.
[I 2026-03-06 07:27:35,455] Trial 24 finished with value: 0.208286793044291 and parameters: {'sigma_noise': 0.05753066149320194, 'A_repulsion': 0.4730318994397003, 'gamma': 0.10544827575557933, 'sigma_update': 0.30209659877408, 'eta_learning': 2.154932016367036, 'sigma_boundary': 3.86142517483043, 'alpha': 0.40902268766602745}. Best is trial 5 with value: 0.037791452661088396.
[I 2026-03-06 07:28:09,691] Trial 22 finished with value: 0.21037664513430482 and parameters: {'sigma_noise': 0.09780562155363169, 'A_repulsion': 0.36723640132248686, 'gamma': 0.6631564021900358, 'sigma_update': 0.5250464981158557, 'eta_learning': 1.2185503974685714, 'sigma_boundary': 1.666914563660138, 'alpha': 0.4588853133697265}. Best is trial 5 with value: 0.037791452661088396.
[I 2026-03-06 07:28:21,968] Trial 32 finished with value: 0.08354034062023963 and parameters: {'sigma_noise': 0.15052333356322295, 'A_repulsion': 0.2341205119285349, 'gamma': 0.6276508440106542, 'sigma_update': 0.4923083329631886, 'eta_learning': 0.5266599795344085, 'sigma_boundary': 5.6717711715587, 'alpha': 0.727268833454989}. Best is trial 5 with value: 0.037791452661088396.
[I 2026-03-06 07:28:24,914] Trial 25 finished with value: 1.0758294559645187 and parameters: {'sigma_noise': 0.22977381497945243, 'A_repulsion': 0.09688536271108977, 'gamma': 0.16735155331479737, 'sigma_update': 0.6726199517208846, 'eta_learning': 1.8943116684092105, 'sigma_boundary': 6.268061829586914, 'alpha': 0.3403712125872256}. Best is trial 5 with value: 0.037791452661088396.
[I 2026-03-06 07:28:28,189] Trial 18 finished with value: 1.828632800464742 and parameters: {'sigma_noise': 0.27527129483520557, 'A_repulsion': 0.01149998135685254, 'gamma': 0.6106856030718077, 'sigma_update': 0.011720327206084617, 'eta_learning': 1.6450545640677716, 'sigma_boundary': 6.625047770840209, 'alpha': 0.14185611755154115}. Best is trial 5 with value: 0.037791452661088396.
[I 2026-03-06 07:29:24,049] Trial 6 finished with value: 0.17213673413667724 and parameters: {'sigma_noise': 0.10844612130102892, 'A_repulsion': 0.4407676400139711, 'gamma': 0.31755971614816075, 'sigma_update': 0.4782811329003186, 'eta_learning': 0.39472790728267754, 'sigma_boundary': 4.701007895293548, 'alpha': 0.5160590560309103}. Best is trial 5 with value: 0.037791452661088396.
[I 2026-03-06 07:29:28,487] Trial 11 finished with value: 0.08008117999528896 and parameters: {'sigma_noise': 0.1032629189917349, 'A_repulsion': 0.42347640520301855, 'gamma': 0.8050113741903303, 'sigma_update': 0.26072564061007936, 'eta_learning': 0.602351995905468, 'sigma_boundary': 4.642122673824021, 'alpha': 0.5027145456045123}. Best is trial 5 with value: 0.037791452661088396.
[I 2026-03-06 07:29:56,208] Trial 23 finished with value: 0.19024839188423293 and parameters: {'sigma_noise': 0.1687719409520298, 'A_repulsion': 0.28445049222641844, 'gamma': 0.4669090230636577, 'sigma_update': 0.4922104677681115, 'eta_learning': 0.48452115555994674, 'sigma_boundary': 1.8628920209444944, 'alpha': 0.5504677015765088}. Best is trial 5 with value: 0.037791452661088396.
[I 2026-03-06 07:30:08,342] Trial 9 finished with value: 0.05438473600932794 and parameters: {'sigma_noise': 0.22514130463792464, 'A_repulsion': 0.2122821924812784, 'gamma': 0.5610507696844657, 'sigma_update': 0.21574836644929377, 'eta_learning': 0.18613191901277168, 'sigma_boundary': 6.759560978999705, 'alpha': 0.6258313796483052}. Best is trial 5 with value: 0.037791452661088396.
[I 2026-03-06 07:30:25,663] Trial 10 finished with value: 1.1214434540530647 and parameters: {'sigma_noise': 0.3706930785775337, 'A_repulsion': 0.013337614393761188, 'gamma': 0.14660547896577347, 'sigma_update': 0.3703680008795971, 'eta_learning': 0.7555378248472195, 'sigma_boundary': 4.70537639743126, 'alpha': 0.2192876498979126}. Best is trial 5 with value: 0.037791452661088396.
[I 2026-03-06 07:30:25,889] Trial 39 finished with value: 0.12535874741195385 and parameters: {'sigma_noise': 0.16774438244773032, 'A_repulsion': 0.36028487889259553, 'gamma': 0.29763216772852524, 'sigma_update': 0.5611810505997636, 'eta_learning': 1.3680114332231925, 'sigma_boundary': 0.019188774360221594, 'alpha': 0.7256378183192383}. Best is trial 5 with value: 0.037791452661088396.
[I 2026-03-06 07:30:27,382] Trial 17 finished with value: 0.41311382445389183 and parameters: {'sigma_noise': 0.20286521093720866, 'A_repulsion': 0.2600153383646325, 'gamma': 0.7265305031091931, 'sigma_update': 0.41136010548564234, 'eta_learning': 2.3546724648688517, 'sigma_boundary': 6.927923796104294, 'alpha': 0.3874632258107271}. Best is trial 5 with value: 0.037791452661088396.
[I 2026-03-06 07:30:32,923] Trial 14 finished with value: 0.19277739211687464 and parameters: {'sigma_noise': 0.14206429180917263, 'A_repulsion': 0.4179297690105587, 'gamma': 0.415399037325454, 'sigma_update': 0.11906912990707304, 'eta_learning': 0.8422341377476813, 'sigma_boundary': 4.527462260702522, 'alpha': 0.36185149574098774}. Best is trial 5 with value: 0.037791452661088396.
[I 2026-03-06 07:31:39,552] Trial 2 finished with value: 0.5680436229314334 and parameters: {'sigma_noise': 0.3314019242580434, 'A_repulsion': 0.13328561084367657, 'gamma': 0.4511294525625361, 'sigma_update': 0.5919368500847233, 'eta_learning': 0.8934831609900039, 'sigma_boundary': 4.990282061307153, 'alpha': 0.5491673897891014}. Best is trial 5 with value: 0.037791452661088396.
[I 2026-03-06 07:31:41,810] Trial 26 finished with value: 0.09747915831051687 and parameters: {'sigma_noise': 0.1775837176798114, 'A_repulsion': 0.39005923701608985, 'gamma': 0.6380039684998424, 'sigma_update': 0.14190082812515448, 'eta_learning': 1.744377217425263, 'sigma_boundary': 5.769543449029469, 'alpha': 0.8289972083078623}. Best is trial 5 with value: 0.037791452661088396.
[I 2026-03-06 07:31:45,500] Trial 36 finished with value: 0.13397576505480138 and parameters: {'sigma_noise': 0.19869337516546853, 'A_repulsion': 0.37087415599483675, 'gamma': 0.22429853870931404, 'sigma_update': 0.40848698198887484, 'eta_learning': 0.9210179710511899, 'sigma_boundary': 1.1736468860827018, 'alpha': 0.9861534627531068}. Best is trial 5 with value: 0.037791452661088396.
[I 2026-03-06 07:32:00,589] Trial 3 finished with value: 2.305382327978162 and parameters: {'sigma_noise': 0.3756957327724827, 'A_repulsion': 0.13799561125218296, 'gamma': 0.5039182670712867, 'sigma_update': 0.5560211827863402, 'eta_learning': 2.0666277926481187, 'sigma_boundary': 8.154977392263458, 'alpha': 0.12205454089983403}. Best is trial 5 with value: 0.037791452661088396.
[I 2026-03-06 07:32:12,830] Trial 7 finished with value: 0.07157028461793614 and parameters: {'sigma_noise': 0.4106725623505704, 'A_repulsion': 0.06687749667445536, 'gamma': 0.9472054779656609, 'sigma_update': 0.676428773909626, 'eta_learning': 1.7042453945389018, 'sigma_boundary': 6.371453927693448, 'alpha': 0.8163289178988222}. Best is trial 5 with value: 0.037791452661088396.
[I 2026-03-06 07:32:14,515] Trial 27 finished with value: 2.4190067486127487 and parameters: {'sigma_noise': 0.2841841782383054, 'A_repulsion': 0.2605139579851223, 'gamma': 0.8045961302333033, 'sigma_update': 0.09228159262007736, 'eta_learning': 2.986906065682003, 'sigma_boundary': 8.758769089049709, 'alpha': 0.06506690991411035}. Best is trial 5 with value: 0.037791452661088396.
[I 2026-03-06 07:32:15,252] Trial 16 finished with value: 0.4355891863124137 and parameters: {'sigma_noise': 0.31540923238543533, 'A_repulsion': 0.15219796087894782, 'gamma': 0.031664597185840325, 'sigma_update': 0.04878678505932803, 'eta_learning': 2.492580434228723, 'sigma_boundary': 8.859739309276545, 'alpha': 0.8207358607692061}. Best is trial 5 with value: 0.037791452661088396.
[I 2026-03-06 07:32:25,812] Trial 35 finished with value: 1.9119112922893566 and parameters: {'sigma_noise': 0.3903343289040295, 'A_repulsion': 0.09376643833261367, 'gamma': 0.2895892201359652, 'sigma_update': 0.3803816841182661, 'eta_learning': 2.1988456825400537, 'sigma_boundary': 3.3026517241104076, 'alpha': 0.19175753059322098}. Best is trial 5 with value: 0.037791452661088396.
[I 2026-03-06 07:32:37,835] Trial 13 finished with value: 1.8808848289614482 and parameters: {'sigma_noise': 0.3247178399429997, 'A_repulsion': 0.21310848096277057, 'gamma': 0.26800641351425014, 'sigma_update': 0.09043187205156686, 'eta_learning': 2.4360829148121232, 'sigma_boundary': 6.8980770725188565, 'alpha': 0.23429379406344297}. Best is trial 5 with value: 0.037791452661088396.
[I 2026-03-06 07:33:01,110] Trial 19 finished with value: 0.15740127794554887 and parameters: {'sigma_noise': 0.3740238314221121, 'A_repulsion': 0.17668417032262557, 'gamma': 0.7633157717493536, 'sigma_update': 0.17097215034630478, 'eta_learning': 0.7731551913959201, 'sigma_boundary': 5.5494136068033795, 'alpha': 0.9610255360321452}. Best is trial 5 with value: 0.037791452661088396.
[I 2026-03-06 07:33:12,393] Trial 21 finished with value: 2.291525820614715 and parameters: {'sigma_noise': 0.22627043025919774, 'A_repulsion': 0.47773480424591463, 'gamma': 0.5567296700891504, 'sigma_update': 0.1458358806149274, 'eta_learning': 1.3672451133114036, 'sigma_boundary': 2.325083857271923, 'alpha': 0.2053171176731201}. Best is trial 5 with value: 0.037791452661088396.
[I 2026-03-06 07:33:20,552] Trial 1 finished with value: 0.17173814896810266 and parameters: {'sigma_noise': 0.29162316734582716, 'A_repulsion': 0.3624511938599201, 'gamma': 0.1988079884182351, 'sigma_update': 0.15403076895061515, 'eta_learning': 2.228517592291995, 'sigma_boundary': 7.9243978408089815, 'alpha': 0.43152155425038996}. Best is trial 5 with value: 0.037791452661088396.
[I 2026-03-06 07:33:32,768] Trial 31 finished with value: 1.519507628045233 and parameters: {'sigma_noise': 0.27712475577871787, 'A_repulsion': 0.39557275811946574, 'gamma': 0.6417004822279546, 'sigma_update': 0.43167908710120184, 'eta_learning': 2.846536867457132, 'sigma_boundary': 4.659026124901792, 'alpha': 0.31761387274403696}. Best is trial 5 with value: 0.037791452661088396.
[I 2026-03-06 07:33:38,963] Trial 28 finished with value: 2.337240222086069 and parameters: {'sigma_noise': 0.4257331864702319, 'A_repulsion': 0.21841218060631623, 'gamma': 0.9457729461366347, 'sigma_update': 0.6134367961688638, 'eta_learning': 1.041344738907141, 'sigma_boundary': 1.0410110225862856, 'alpha': 0.027670270861458346}. Best is trial 5 with value: 0.037791452661088396.
[I 2026-03-06 07:33:44,209] Trial 29 finished with value: 0.5350559025250273 and parameters: {'sigma_noise': 0.30603089235198966, 'A_repulsion': 0.38287792220139094, 'gamma': 0.2695844511625614, 'sigma_update': 0.6629939261419062, 'eta_learning': 2.480365729841988, 'sigma_boundary': 5.314604813493766, 'alpha': 0.6897029247695419}. Best is trial 5 with value: 0.037791452661088396.
[I 2026-03-06 07:33:57,477] Trial 20 finished with value: 2.3210102311647036 and parameters: {'sigma_noise': 0.3588686309678541, 'A_repulsion': 0.31245856072474765, 'gamma': 0.5920189662477323, 'sigma_update': 0.10499950859730144, 'eta_learning': 1.9991760698148866, 'sigma_boundary': 9.052929212295625, 'alpha': 0.03662245222691418}. Best is trial 5 with value: 0.037791452661088396.
[I 2026-03-06 07:34:14,613] Trial 30 finished with value: 1.1949996516450319 and parameters: {'sigma_noise': 0.3500771256016419, 'A_repulsion': 0.36676262659250536, 'gamma': 0.5301835407080598, 'sigma_update': 0.6031533708325345, 'eta_learning': 1.9693433152952557, 'sigma_boundary': 4.328061315804195, 'alpha': 0.41343847434524117}. Best is trial 5 with value: 0.037791452661088396.
[I 2026-03-06 07:34:34,320] Trial 12 finished with value: 0.07736955205783014 and parameters: {'sigma_noise': 0.37247698818136055, 'A_repulsion': 0.42432297601920244, 'gamma': 0.9512408276114837, 'sigma_update': 0.3187740792853966, 'eta_learning': 0.7259162817802216, 'sigma_boundary': 1.3336678561499216, 'alpha': 0.4960483368076928}. Best is trial 5 with value: 0.037791452661088396.
[I 2026-03-06 07:34:43,755] Trial 15 finished with value: 0.3311433843545297 and parameters: {'sigma_noise': 0.3841718613365153, 'A_repulsion': 0.3702043459236858, 'gamma': 0.5964302186967625, 'sigma_update': 0.10354399247580395, 'eta_learning': 2.376847040698881, 'sigma_boundary': 3.2296260778874535, 'alpha': 0.9944933602196572}. Best is trial 5 with value: 0.037791452661088396.
[I 2026-03-06 07:34:51,720] Trial 34 finished with value: 0.28944347894625755 and parameters: {'sigma_noise': 0.42949559807925025, 'A_repulsion': 0.36925151421395536, 'gamma': 0.8356022351239294, 'sigma_update': 0.22455002425366924, 'eta_learning': 0.7607368321637652, 'sigma_boundary': 0.43518388165264643, 'alpha': 0.4704552848364225}. Best is trial 5 with value: 0.037791452661088396.
[I 2026-03-06 07:35:18,770] Trial 33 finished with value: 2.132361177508967 and parameters: {'sigma_noise': 0.38843884080765145, 'A_repulsion': 0.4994581345193849, 'gamma': 0.44483970222021296, 'sigma_update': 0.6566335095907986, 'eta_learning': 1.810385712818244, 'sigma_boundary': 0.9102588391262296, 'alpha': 0.31492349322008983}. Best is trial 5 with value: 0.037791452661088396.
[I 2026-03-06 07:44:06,841] Trial 40 finished with value: 0.09497806696147032 and parameters: {'sigma_noise': 0.21621570327721723, 'A_repulsion': 0.18922430071950033, 'gamma': 0.4124426683572435, 'sigma_update': 0.0884693458744443, 'eta_learning': 0.7062414178726916, 'sigma_boundary': 6.887277315687378, 'alpha': 0.6206833708659123}. Best is trial 5 with value: 0.037791452661088396.
[I 2026-03-06 07:46:23,546] Trial 43 finished with value: 0.1685247912396661 and parameters: {'sigma_noise': 0.13259759412617456, 'A_repulsion': 0.37168932373592745, 'gamma': 0.43257951439710224, 'sigma_update': 0.34775833252399335, 'eta_learning': 1.7402272159422403, 'sigma_boundary': 5.218321726613572, 'alpha': 0.4905166416574303}. Best is trial 5 with value: 0.037791452661088396.
[I 2026-03-06 07:47:26,330] Trial 47 finished with value: 0.2624853523149099 and parameters: {'sigma_noise': 0.24008606299676233, 'A_repulsion': 0.07625818127011347, 'gamma': 0.49268077042787445, 'sigma_update': 0.4162463848053984, 'eta_learning': 2.0956293245609046, 'sigma_boundary': 5.812901199251347, 'alpha': 0.508101472113757}. Best is trial 5 with value: 0.037791452661088396.
[I 2026-03-06 07:47:40,972] Trial 41 finished with value: 0.08821578257088233 and parameters: {'sigma_noise': 0.2347607651900347, 'A_repulsion': 0.28690214370042344, 'gamma': 0.577260923197004, 'sigma_update': 0.2855849603269464, 'eta_learning': 1.31735982454316, 'sigma_boundary': 4.393434948412946, 'alpha': 0.6041887872884693}. Best is trial 5 with value: 0.037791452661088396.
[I 2026-03-06 07:48:20,553] Trial 52 finished with value: 0.3131027462596442 and parameters: {'sigma_noise': 0.1528975365500304, 'A_repulsion': 0.2148124259667606, 'gamma': 0.4580918565325616, 'sigma_update': 0.16095177199820734, 'eta_learning': 1.779834542995892, 'sigma_boundary': 6.146294689161643, 'alpha': 0.32564330392492447}. Best is trial 5 with value: 0.037791452661088396.
[I 2026-03-06 07:48:52,378] Trial 42 finished with value: 0.6586504893346281 and parameters: {'sigma_noise': 0.2696499644301593, 'A_repulsion': 0.31227067103941997, 'gamma': 0.41164890065113124, 'sigma_update': 0.25239426761914685, 'eta_learning': 0.6396190722030746, 'sigma_boundary': 6.892246205476954, 'alpha': 0.33882953958735496}. Best is trial 5 with value: 0.037791452661088396.
[I 2026-03-06 07:49:01,695] Trial 45 finished with value: 0.12063407573688865 and parameters: {'sigma_noise': 0.1951786052988405, 'A_repulsion': 0.3376843056142361, 'gamma': 0.6591080667251908, 'sigma_update': 0.42374523493159716, 'eta_learning': 1.2324553625927517, 'sigma_boundary': 5.356520928342953, 'alpha': 0.5894950165761094}. Best is trial 5 with value: 0.037791452661088396.
[I 2026-03-06 07:49:41,565] Trial 44 finished with value: 2.181573337499085 and parameters: {'sigma_noise': 0.3488540508961275, 'A_repulsion': 0.2210771926634445, 'gamma': 0.6674755951640946, 'sigma_update': 0.15404746001073868, 'eta_learning': 1.8874649215318104, 'sigma_boundary': 5.6737153995590806, 'alpha': 0.2203459323602346}. Best is trial 5 with value: 0.037791452661088396.
[I 2026-03-06 07:50:10,350] Trial 53 finished with value: 0.07486341964577625 and parameters: {'sigma_noise': 0.15158872370117915, 'A_repulsion': 0.31570979913124986, 'gamma': 0.6555036205744779, 'sigma_update': 0.38929557367466217, 'eta_learning': 1.0438839969462426, 'sigma_boundary': 7.378849840595177, 'alpha': 0.7854555302539519}. Best is trial 5 with value: 0.037791452661088396.
[I 2026-03-06 07:51:01,237] Trial 48 finished with value: 0.0962697109494573 and parameters: {'sigma_noise': 0.29047530092067486, 'A_repulsion': 0.21050862258758077, 'gamma': 0.6293345803569194, 'sigma_update': 0.14801369324845967, 'eta_learning': 1.5317232981304205, 'sigma_boundary': 5.654896361273175, 'alpha': 0.7756597625796736}. Best is trial 5 with value: 0.037791452661088396.
[I 2026-03-06 07:51:26,260] Trial 67 finished with value: 0.15410707042951238 and parameters: {'sigma_noise': 0.1375246297351197, 'A_repulsion': 0.23851421178499307, 'gamma': 0.0903961746355246, 'sigma_update': 0.30286321187691206, 'eta_learning': 1.7610319890925634, 'sigma_boundary': 5.58076013209003, 'alpha': 0.5316781098590013}. Best is trial 5 with value: 0.037791452661088396.
[I 2026-03-06 07:51:26,805] Trial 46 finished with value: 0.1988180042076312 and parameters: {'sigma_noise': 0.30168647396123777, 'A_repulsion': 0.34528731521757705, 'gamma': 0.529726607161313, 'sigma_update': 0.3580433608848337, 'eta_learning': 1.2550174444408957, 'sigma_boundary': 4.886197841401937, 'alpha': 0.5640313257848951}. Best is trial 5 with value: 0.037791452661088396.
[I 2026-03-06 07:51:29,422] Trial 66 finished with value: 0.23689136116501233 and parameters: {'sigma_noise': 0.17056718524944742, 'A_repulsion': 0.2036109286732498, 'gamma': 0.020447571682942686, 'sigma_update': 0.3429422867359461, 'eta_learning': 2.1723386522482095, 'sigma_boundary': 3.7790007511703343, 'alpha': 0.47488364697390045}. Best is trial 5 with value: 0.037791452661088396.
[I 2026-03-06 07:51:30,921] Trial 61 finished with value: 0.1129414728492556 and parameters: {'sigma_noise': 0.17147534850663806, 'A_repulsion': 0.23494195750725994, 'gamma': 0.4715880549983062, 'sigma_update': 0.42806879796507286, 'eta_learning': 1.3697842203992987, 'sigma_boundary': 5.992435139513784, 'alpha': 0.7473728593459208}. Best is trial 5 with value: 0.037791452661088396.
[I 2026-03-06 07:51:38,969] Trial 49 finished with value: 0.14856414909466942 and parameters: {'sigma_noise': 0.3615647844955593, 'A_repulsion': 0.20358042782708324, 'gamma': 0.6329140021091875, 'sigma_update': 0.28042735343161995, 'eta_learning': 1.6973861947437163, 'sigma_boundary': 8.16036708994128, 'alpha': 0.6483884277167999}. Best is trial 5 with value: 0.037791452661088396.
[I 2026-03-06 07:51:59,042] Trial 58 finished with value: 0.7518122128354618 and parameters: {'sigma_noise': 0.25050024582328767, 'A_repulsion': 0.21460545305177298, 'gamma': 0.7376209770003371, 'sigma_update': 0.541886300390556, 'eta_learning': 0.789060354218321, 'sigma_boundary': 6.673809562173293, 'alpha': 0.34174816431678107}. Best is trial 5 with value: 0.037791452661088396.
