[I 2026-03-06 10:37:56,904] Trial 199 finished with value: 0.041993331362440774 and parameters: {'sigma_noise': 0.15858121808894493, 'A_repulsion': 0.1630008367484662, 'gamma': 0.6102018190910639, 'sigma_update': 0.19546610848987744, 'eta_learning': 0.883377152823933, 'sigma_boundary': 8.49031034725922, 'alpha': 0.729193406288198}. Best is trial 191 with value: 0.023061624585592876.
[I 2026-03-06 10:37:57,447] Trial 187 finished with value: 0.08141594852282086 and parameters: {'sigma_noise': 0.36609884186593206, 'A_repulsion': 0.16834450039967344, 'gamma': 0.9361215460125377, 'sigma_update': 0.1570471769282677, 'eta_learning': 0.9448043758656393, 'sigma_boundary': 6.3815610804263345, 'alpha': 0.7315637983899027}. Best is trial 191 with value: 0.023061624585592876.
[I 2026-03-06 10:38:00,982] Trial 197 finished with value: 0.1530045625782596 and parameters: {'sigma_noise': 0.29074202878593464, 'A_repulsion': 0.15736165122682252, 'gamma': 0.38898957896099307, 'sigma_update': 0.3103156057941202, 'eta_learning': 1.6459416660625703, 'sigma_boundary': 5.184056279470875, 'alpha': 0.5953250764605802}. Best is trial 191 with value: 0.023061624585592876.
[I 2026-03-06 10:38:02,726] Trial 189 finished with value: 0.6793978777073333 and parameters: {'sigma_noise': 0.4003735140735109, 'A_repulsion': 0.3704363374845988, 'gamma': 0.8628322935944479, 'sigma_update': 0.3397768864236246, 'eta_learning': 0.9251393204283153, 'sigma_boundary': 6.130080480760581, 'alpha': 0.4248118741491632}. Best is trial 191 with value: 0.023061624585592876.
