[I 2026-03-06 09:50:26,024] Trial 82 finished with value: 0.5902217941529996 and parameters: {'sigma_noise': 0.25588617589134516, 'A_repulsion': 0.1624471571128842, 'gamma': 0.35706240493198954, 'sigma_update': 0.24653080882915793, 'eta_learning': 1.6230414997096363, 'sigma_boundary': 4.651651499182469, 'alpha': 0.33181472433661857}. Best is trial 10 with value: 0.03468194644203019.
[I 2026-03-06 09:50:58,165] Trial 87 finished with value: 0.16937441982391907 and parameters: {'sigma_noise': 0.15940960527095294, 'A_repulsion': 0.2932718235176291, 'gamma': 0.5184820057920592, 'sigma_update': 0.36796788325469026, 'eta_learning': 1.4293355987445429, 'sigma_boundary': 4.8104828547500444, 'alpha': 0.49297785820070433}. Best is trial 10 with value: 0.03468194644203019.
[I 2026-03-06 09:51:08,400] Trial 91 finished with value: 0.04080787871821268 and parameters: {'sigma_noise': 0.2101611455995661, 'A_repulsion': 0.11712450331216073, 'gamma': 0.7033740949863201, 'sigma_update': 0.2394919819111365, 'eta_learning': 0.45836644067494076, 'sigma_boundary': 9.113706983153223, 'alpha': 0.9847845823170445}. Best is trial 10 with value: 0.03468194644203019.
[I 2026-03-06 09:51:40,349] Trial 95 finished with value: 0.06716601185056659 and parameters: {'sigma_noise': 0.23352501827435573, 'A_repulsion': 0.09067331638343554, 'gamma': 0.5449465229352926, 'sigma_update': 0.12638428515919123, 'eta_learning': 1.2529128896819215, 'sigma_boundary': 4.782007821881204, 'alpha': 0.54637618666126}. Best is trial 10 with value: 0.03468194644203019.
[I 2026-03-06 09:53:24,137] Trial 102 finished with value: 0.07665245674289523 and parameters: {'sigma_noise': 0.1587009015960198, 'A_repulsion': 0.2839437243767568, 'gamma': 0.7679305937833883, 'sigma_update': 0.08982439657984985, 'eta_learning': 0.6333007913298607, 'sigma_boundary': 4.6151721669253, 'alpha': 0.7878448460301104}. Best is trial 10 with value: 0.03468194644203019.
[I 2026-03-06 09:53:27,668] Trial 85 finished with value: 1.2373756403619658 and parameters: {'sigma_noise': 0.2348041077686977, 'A_repulsion': 0.28954361500773096, 'gamma': 0.444657134874733, 'sigma_update': 0.47209578003862307, 'eta_learning': 1.653549316667044, 'sigma_boundary': 6.7037183352495315, 'alpha': 0.303438834441427}. Best is trial 10 with value: 0.03468194644203019.
[I 2026-03-06 09:53:32,670] Trial 105 finished with value: 0.11508636841233735 and parameters: {'sigma_noise': 0.17979892452394036, 'A_repulsion': 0.19412431923644677, 'gamma': 0.7138067445137357, 'sigma_update': 0.27500718342274855, 'eta_learning': 1.2712095785123003, 'sigma_boundary': 5.928785208088248, 'alpha': 0.45483970506330285}. Best is trial 10 with value: 0.03468194644203019.
[I 2026-03-06 09:53:42,856] Trial 88 finished with value: 0.0842803700859883 and parameters: {'sigma_noise': 0.22145006082716584, 'A_repulsion': 0.4004517180446996, 'gamma': 0.47820208176546897, 'sigma_update': 0.33946774799318563, 'eta_learning': 1.191715296916883, 'sigma_boundary': 7.502214281549573, 'alpha': 0.8598556082181666}. Best is trial 10 with value: 0.03468194644203019.
[I 2026-03-06 09:53:43,844] Trial 97 finished with value: 0.057302353042916074 and parameters: {'sigma_noise': 0.21950876716992257, 'A_repulsion': 0.1990130590312444, 'gamma': 0.6471719723238011, 'sigma_update': 0.14302567878291586, 'eta_learning': 1.2985933333279933, 'sigma_boundary': 4.430306742975316, 'alpha': 0.5686003104922791}. Best is trial 10 with value: 0.03468194644203019.
[I 2026-03-06 09:53:45,301] Trial 101 finished with value: 0.11944470655913152 and parameters: {'sigma_noise': 0.30148285085490467, 'A_repulsion': 0.03932346958528404, 'gamma': 0.44633244916789344, 'sigma_update': 0.21841870249772832, 'eta_learning': 0.5946679185327889, 'sigma_boundary': 6.897243645012083, 'alpha': 0.6033162854557587}. Best is trial 10 with value: 0.03468194644203019.
[I 2026-03-06 09:53:47,269] Trial 106 finished with value: 0.07523738912660435 and parameters: {'sigma_noise': 0.21715572972063207, 'A_repulsion': 0.14286999823428992, 'gamma': 0.5609364603810141, 'sigma_update': 0.13940194333863454, 'eta_learning': 0.860730200494599, 'sigma_boundary': 4.735147686072305, 'alpha': 0.9391818299546062}. Best is trial 10 with value: 0.03468194644203019.
[I 2026-03-06 09:54:01,535] Trial 98 finished with value: 0.06908453010194682 and parameters: {'sigma_noise': 0.19898967853024008, 'A_repulsion': 0.20512072930092182, 'gamma': 0.4883078901004907, 'sigma_update': 0.3052110462059429, 'eta_learning': 0.7841025009343363, 'sigma_boundary': 5.6970898673868895, 'alpha': 0.7987441575058442}. Best is trial 10 with value: 0.03468194644203019.
[I 2026-03-06 09:54:25,794] Trial 111 finished with value: 0.04386483737371402 and parameters: {'sigma_noise': 0.21682343843475954, 'A_repulsion': 0.139169151951238, 'gamma': 0.7034880759421989, 'sigma_update': 0.28434975460565826, 'eta_learning': 1.452210909691689, 'sigma_boundary': 5.289649327388655, 'alpha': 0.8233584073802696}. Best is trial 10 with value: 0.03468194644203019.
[I 2026-03-06 09:54:35,010] Trial 86 finished with value: 1.1250177178606338 and parameters: {'sigma_noise': 0.27992592044062437, 'A_repulsion': 0.24458652760219024, 'gamma': 0.480933381923793, 'sigma_update': 0.6983745120972682, 'eta_learning': 0.3420900624801016, 'sigma_boundary': 7.613115886339828, 'alpha': 0.29659984664304073}. Best is trial 10 with value: 0.03468194644203019.
[I 2026-03-06 09:54:40,748] Trial 90 finished with value: 0.10172426473183568 and parameters: {'sigma_noise': 0.2805067691389655, 'A_repulsion': 0.28682947711373424, 'gamma': 0.6627044025423471, 'sigma_update': 0.22712858370451125, 'eta_learning': 1.7359146986087601, 'sigma_boundary': 8.315884217620239, 'alpha': 0.6129262386825878}. Best is trial 10 with value: 0.03468194644203019.
[I 2026-03-06 09:54:55,707] Trial 92 finished with value: 0.10957401229046683 and parameters: {'sigma_noise': 0.2225835694979355, 'A_repulsion': 0.394524774566273, 'gamma': 0.6322467985687581, 'sigma_update': 0.15246948459046933, 'eta_learning': 1.4005106085392767, 'sigma_boundary': 4.842289229216107, 'alpha': 0.9964626551265406}. Best is trial 10 with value: 0.03468194644203019.
[I 2026-03-06 09:55:06,109] Trial 109 finished with value: 0.05145980265698176 and parameters: {'sigma_noise': 0.19746196426825519, 'A_repulsion': 0.23076530848030483, 'gamma': 0.5370505951556379, 'sigma_update': 0.2033558056258795, 'eta_learning': 1.0805833094573858, 'sigma_boundary': 1.4248138796141556, 'alpha': 0.6183392166550861}. Best is trial 10 with value: 0.03468194644203019.
[I 2026-03-06 09:55:07,068] Trial 84 finished with value: 0.43624502270057264 and parameters: {'sigma_noise': 0.427581863228827, 'A_repulsion': 0.22768238748170372, 'gamma': 0.5671334124233616, 'sigma_update': 0.33030044257301666, 'eta_learning': 1.4884993489369098, 'sigma_boundary': 5.11692583403543, 'alpha': 0.5262120336191062}. Best is trial 10 with value: 0.03468194644203019.
[I 2026-03-06 09:55:24,925] Trial 94 finished with value: 0.21644191929849896 and parameters: {'sigma_noise': 0.2971687291518121, 'A_repulsion': 0.1942486787457082, 'gamma': 0.6157156245745654, 'sigma_update': 0.14430826792742138, 'eta_learning': 1.5633700896702332, 'sigma_boundary': 6.205242212758217, 'alpha': 0.4773480717487815}. Best is trial 10 with value: 0.03468194644203019.
[I 2026-03-06 09:55:25,166] Trial 100 finished with value: 0.08604003022966641 and parameters: {'sigma_noise': 0.18770466719404105, 'A_repulsion': 0.3388960789609845, 'gamma': 0.4259917020475701, 'sigma_update': 0.187421649216374, 'eta_learning': 0.6448496701285189, 'sigma_boundary': 3.3782653401899005, 'alpha': 0.816785371438526}. Best is trial 10 with value: 0.03468194644203019.
[I 2026-03-06 09:55:38,173] Trial 93 finished with value: 0.38346354887053324 and parameters: {'sigma_noise': 0.29374661297617, 'A_repulsion': 0.21532104793059645, 'gamma': 0.6251795076093455, 'sigma_update': 0.1556048938629224, 'eta_learning': 1.5067967187083233, 'sigma_boundary': 7.004288608881942, 'alpha': 0.41828759899769224}. Best is trial 10 with value: 0.03468194644203019.
[I 2026-03-06 09:55:43,097] Trial 118 finished with value: 0.0806320480858215 and parameters: {'sigma_noise': 0.18443995538786417, 'A_repulsion': 0.13381104500416593, 'gamma': 0.393483545601251, 'sigma_update': 0.38662031058514, 'eta_learning': 0.3599741278967088, 'sigma_boundary': 5.344419427481986, 'alpha': 0.8104362256017308}. Best is trial 10 with value: 0.03468194644203019.
[I 2026-03-06 09:55:44,305] Trial 89 finished with value: 0.10706421382507386 and parameters: {'sigma_noise': 0.27113454573481344, 'A_repulsion': 0.39635262831604645, 'gamma': 0.5152496344734281, 'sigma_update': 0.3010643842040194, 'eta_learning': 1.6639976223796475, 'sigma_boundary': 6.7731823469543455, 'alpha': 0.6634649437308019}. Best is trial 10 with value: 0.03468194644203019.
[I 2026-03-06 09:55:53,267] Trial 104 finished with value: 0.03713726939790021 and parameters: {'sigma_noise': 0.24184055093324747, 'A_repulsion': 0.23676216236567837, 'gamma': 0.8246846739767766, 'sigma_update': 0.29272291752967744, 'eta_learning': 1.1580447243237555, 'sigma_boundary': 6.010414967206456, 'alpha': 0.7281798958505761}. Best is trial 10 with value: 0.03468194644203019.
[I 2026-03-06 09:55:59,946] Trial 110 finished with value: 0.14530023865488975 and parameters: {'sigma_noise': 0.21870009732830392, 'A_repulsion': 0.22922769154089695, 'gamma': 0.6115947348757126, 'sigma_update': 0.33583695836822003, 'eta_learning': 1.0385043514361452, 'sigma_boundary': 5.757582754692901, 'alpha': 0.5054522054308382}. Best is trial 10 with value: 0.03468194644203019.
[I 2026-03-06 09:56:17,649] Trial 96 finished with value: 0.10163202998896165 and parameters: {'sigma_noise': 0.25859533806391855, 'A_repulsion': 0.2882894860647184, 'gamma': 0.39425042485668566, 'sigma_update': 0.2067394653419008, 'eta_learning': 1.5320672598958454, 'sigma_boundary': 4.431126677908416, 'alpha': 0.7909092036652994}. Best is trial 10 with value: 0.03468194644203019.
[I 2026-03-06 09:56:25,426] Trial 113 finished with value: 0.048472181632024436 and parameters: {'sigma_noise': 0.18012537922238658, 'A_repulsion': 0.27182418985480267, 'gamma': 0.8685131474851266, 'sigma_update': 0.14316221507402832, 'eta_learning': 0.4720709935067392, 'sigma_boundary': 6.611865707061989, 'alpha': 0.8237248609262429}. Best is trial 10 with value: 0.03468194644203019.
[I 2026-03-06 09:56:59,909] Trial 99 finished with value: 0.08888666788345556 and parameters: {'sigma_noise': 0.23959028565343576, 'A_repulsion': 0.37685441539734854, 'gamma': 0.8670948526810265, 'sigma_update': 0.08170879893329511, 'eta_learning': 2.058939171230146, 'sigma_boundary': 6.254113520022456, 'alpha': 0.7801983326103442}. Best is trial 10 with value: 0.03468194644203019.
[I 2026-03-06 09:57:19,059] Trial 103 finished with value: 0.6257313987588107 and parameters: {'sigma_noise': 0.33182655508703485, 'A_repulsion': 0.19271069206703534, 'gamma': 0.3493174978003181, 'sigma_update': 0.042258973545377054, 'eta_learning': 1.2200414344572514, 'sigma_boundary': 4.227273670931701, 'alpha': 0.8178477055780895}. Best is trial 10 with value: 0.03468194644203019.
[I 2026-03-06 09:57:19,247] Trial 107 finished with value: 0.09786483365112322 and parameters: {'sigma_noise': 0.25219934585429793, 'A_repulsion': 0.26202070762497476, 'gamma': 0.39657849780319127, 'sigma_update': 0.24587257001014742, 'eta_learning': 0.7690390991497136, 'sigma_boundary': 2.9076734616197277, 'alpha': 0.8743330756214459}. Best is trial 10 with value: 0.03468194644203019.
[I 2026-03-06 09:57:42,801] Trial 114 finished with value: 0.1125414957019236 and parameters: {'sigma_noise': 0.29349327947924864, 'A_repulsion': 0.16297355133417651, 'gamma': 0.5265488683337168, 'sigma_update': 0.3654537656019153, 'eta_learning': 1.0610168546181986, 'sigma_boundary': 4.238708811461441, 'alpha': 0.8479140815529275}. Best is trial 10 with value: 0.03468194644203019.
[I 2026-03-06 09:58:21,058] Trial 112 finished with value: 0.11575723488094679 and parameters: {'sigma_noise': 0.28533903168221786, 'A_repulsion': 0.29315321525759686, 'gamma': 0.22775197240683898, 'sigma_update': 0.18241165863202502, 'eta_learning': 1.615328428148673, 'sigma_boundary': 6.788573306936609, 'alpha': 0.6104715580919933}. Best is trial 10 with value: 0.03468194644203019.
[I 2026-03-06 09:59:16,697] Trial 116 finished with value: 0.084808442777358 and parameters: {'sigma_noise': 0.25768931686700036, 'A_repulsion': 0.35927526530293175, 'gamma': 0.5940249244302133, 'sigma_update': 0.33758576074813507, 'eta_learning': 1.6655096868757604, 'sigma_boundary': 4.93526573297004, 'alpha': 0.7680719714388915}. Best is trial 10 with value: 0.03468194644203019.
[I 2026-03-06 09:59:19,718] Trial 108 finished with value: 0.22564387956956855 and parameters: {'sigma_noise': 0.4222656064019165, 'A_repulsion': 0.24845471860769583, 'gamma': 0.3996177345702357, 'sigma_update': 0.28702922420426374, 'eta_learning': 1.564313335440033, 'sigma_boundary': 4.133642371431856, 'alpha': 0.8635138893234062}. Best is trial 10 with value: 0.03468194644203019.
[I 2026-03-06 09:59:39,017] Trial 115 finished with value: 0.12833826780762447 and parameters: {'sigma_noise': 0.3304250341960982, 'A_repulsion': 0.28134285112277074, 'gamma': 0.5536482970018007, 'sigma_update': 0.23973818884826517, 'eta_learning': 0.9556047130717762, 'sigma_boundary': 3.6407343982345255, 'alpha': 0.7116505943075985}. Best is trial 10 with value: 0.03468194644203019.
[I 2026-03-06 10:00:45,458] Trial 117 finished with value: 0.1282963737592586 and parameters: {'sigma_noise': 0.3330713079790195, 'A_repulsion': 0.33271655416289747, 'gamma': 0.5820064667456183, 'sigma_update': 0.3865606529933137, 'eta_learning': 0.3658308340499881, 'sigma_boundary': 6.012758198415621, 'alpha': 0.9122197502386404}. Best is trial 10 with value: 0.03468194644203019.
[I 2026-03-06 10:00:59,159] Trial 119 finished with value: 0.22388873947188342 and parameters: {'sigma_noise': 0.3537452818080199, 'A_repulsion': 0.30009435286048847, 'gamma': 0.5857127775638927, 'sigma_update': 0.24085992059940953, 'eta_learning': 1.7408483812860294, 'sigma_boundary': 4.956060369221975, 'alpha': 0.5421193427170475}. Best is trial 10 with value: 0.03468194644203019.
[I 2026-03-06 10:07:00,514] Trial 120 finished with value: 0.05058730894293176 and parameters: {'sigma_noise': 0.19421948383616533, 'A_repulsion': 0.3300233023614608, 'gamma': 0.626078678908263, 'sigma_update': 0.19508266055863463, 'eta_learning': 1.960353244342798, 'sigma_boundary': 2.522039297421424, 'alpha': 0.6372357551729932}. Best is trial 10 with value: 0.03468194644203019.
[I 2026-03-06 10:09:46,149] Trial 122 finished with value: 0.04382611845401191 and parameters: {'sigma_noise': 0.19719894880470734, 'A_repulsion': 0.118596661392917, 'gamma': 0.611130816481352, 'sigma_update': 0.18676485958755698, 'eta_learning': 1.7661474586354413, 'sigma_boundary': 7.977270726622409, 'alpha': 0.8325372804704756}. Best is trial 10 with value: 0.03468194644203019.
[I 2026-03-06 10:10:35,067] Trial 121 finished with value: 0.23765458906563802 and parameters: {'sigma_noise': 0.16493795030052655, 'A_repulsion': 0.24430317294952575, 'gamma': 0.6236315920501926, 'sigma_update': 0.2400312600566525, 'eta_learning': 2.0294331923174407, 'sigma_boundary': 5.383062167768391, 'alpha': 0.3853399729251315}. Best is trial 10 with value: 0.03468194644203019.
[I 2026-03-06 10:11:30,294] Trial 125 finished with value: 0.05575912699450268 and parameters: {'sigma_noise': 0.1671687085248575, 'A_repulsion': 0.26018584785473015, 'gamma': 0.5861198294401979, 'sigma_update': 0.2745587095520561, 'eta_learning': 1.441728992185464, 'sigma_boundary': 4.119084816971372, 'alpha': 0.837145687268024}. Best is trial 10 with value: 0.03468194644203019.
[I 2026-03-06 10:11:40,032] Trial 124 finished with value: 0.06055090258762359 and parameters: {'sigma_noise': 0.17027832370916557, 'A_repulsion': 0.2580147645665357, 'gamma': 0.5406395740872647, 'sigma_update': 0.2539574207585778, 'eta_learning': 0.8375049348330074, 'sigma_boundary': 4.389210750514623, 'alpha': 0.6666274024769206}. Best is trial 10 with value: 0.03468194644203019.
[I 2026-03-06 10:12:35,521] Trial 123 finished with value: 0.1251909238558681 and parameters: {'sigma_noise': 0.276634718907592, 'A_repulsion': 0.15216463814168618, 'gamma': 0.7109777291769072, 'sigma_update': 0.23576902823415144, 'eta_learning': 1.1551474767757406, 'sigma_boundary': 5.697609984702856, 'alpha': 0.5182206953346998}. Best is trial 10 with value: 0.03468194644203019.
[I 2026-03-06 10:12:52,355] Trial 146 finished with value: 0.056209257733545494 and parameters: {'sigma_noise': 0.09819580331598993, 'A_repulsion': 0.11107245545087444, 'gamma': 0.47609790369309446, 'sigma_update': 0.27682244252056487, 'eta_learning': 0.3040601608971428, 'sigma_boundary': 4.504201769583188, 'alpha': 0.5978834469284611}. Best is trial 10 with value: 0.03468194644203019.
[I 2026-03-06 10:12:55,610] Trial 140 finished with value: 0.04225692113289336 and parameters: {'sigma_noise': 0.20417980110566664, 'A_repulsion': 0.07510786111760517, 'gamma': 0.6650389298104259, 'sigma_update': 0.1920498413019877, 'eta_learning': 1.1689774831641027, 'sigma_boundary': 5.135129980324216, 'alpha': 0.6388484704335253}. Best is trial 10 with value: 0.03468194644203019.
[I 2026-03-06 10:13:16,809] Trial 136 finished with value: 0.062462348624893166 and parameters: {'sigma_noise': 0.15344013234231046, 'A_repulsion': 0.12282020758362455, 'gamma': 0.35937753063189015, 'sigma_update': 0.10795975410779285, 'eta_learning': 1.0825926795221072, 'sigma_boundary': 9.834985257401003, 'alpha': 0.6721772660381636}. Best is trial 10 with value: 0.03468194644203019.
[I 2026-03-06 10:13:40,046] Trial 126 finished with value: 0.18651271538203662 and parameters: {'sigma_noise': 0.20802481755442098, 'A_repulsion': 0.25940533547981826, 'gamma': 0.6793305297016572, 'sigma_update': 0.05738287556355893, 'eta_learning': 0.945379004834446, 'sigma_boundary': 2.893419511815256, 'alpha': 0.4811157503342182}. Best is trial 10 with value: 0.03468194644203019.
[I 2026-03-06 10:14:24,279] Trial 134 finished with value: 0.6619474170555331 and parameters: {'sigma_noise': 0.24827449743453506, 'A_repulsion': 0.10749203461777872, 'gamma': 0.5649292566703287, 'sigma_update': 0.4047436062252482, 'eta_learning': 0.9451297441989472, 'sigma_boundary': 7.0239440080339595, 'alpha': 0.3315291001365166}. Best is trial 10 with value: 0.03468194644203019.
[I 2026-03-06 10:14:26,620] Trial 135 finished with value: 0.058301044073729935 and parameters: {'sigma_noise': 0.21596440779681453, 'A_repulsion': 0.13941245659221152, 'gamma': 0.587140232295211, 'sigma_update': 0.29309206915020924, 'eta_learning': 0.45361195175509367, 'sigma_boundary': 6.5437725453475055, 'alpha': 0.8587911620025324}. Best is trial 10 with value: 0.03468194644203019.
[I 2026-03-06 10:14:55,903] Trial 148 finished with value: 0.17723424135941887 and parameters: {'sigma_noise': 0.12507239507091175, 'A_repulsion': 0.18379313344225645, 'gamma': 0.6497692353794442, 'sigma_update': 0.38197406762576097, 'eta_learning': 1.9341488219562875, 'sigma_boundary': 6.749467327828974, 'alpha': 0.46773294460401493}. Best is trial 10 with value: 0.03468194644203019.
[I 2026-03-06 10:15:02,083] Trial 144 finished with value: 0.07556592797474787 and parameters: {'sigma_noise': 0.1574878703885781, 'A_repulsion': 0.21035564923767505, 'gamma': 0.7492695172438366, 'sigma_update': 0.1016201425615633, 'eta_learning': 1.6771288061657244, 'sigma_boundary': 5.965694902829627, 'alpha': 0.8910242363037749}. Best is trial 10 with value: 0.03468194644203019.
[I 2026-03-06 10:15:05,681] Trial 137 finished with value: 0.05434232097876518 and parameters: {'sigma_noise': 0.14294303729030605, 'A_repulsion': 0.2928620198297532, 'gamma': 0.7053276772253154, 'sigma_update': 0.21093927266603152, 'eta_learning': 0.35483889853109213, 'sigma_boundary': 9.666136715748957, 'alpha': 0.8562351030505185}. Best is trial 10 with value: 0.03468194644203019.
[I 2026-03-06 10:15:19,878] Trial 127 finished with value: 0.1334233283860734 and parameters: {'sigma_noise': 0.16199245734406376, 'A_repulsion': 0.366600041375772, 'gamma': 0.3519328516869935, 'sigma_update': 0.0825385615611624, 'eta_learning': 0.7963171649358057, 'sigma_boundary': 0.43000299519869994, 'alpha': 0.5502831781244629}. Best is trial 10 with value: 0.03468194644203019.
[I 2026-03-06 10:15:56,998] Trial 138 finished with value: 0.04965960064628379 and parameters: {'sigma_noise': 0.23194858357362658, 'A_repulsion': 0.16357040013802962, 'gamma': 0.8166307844476798, 'sigma_update': 0.0800772288584685, 'eta_learning': 0.07814774320068134, 'sigma_boundary': 6.250010821450694, 'alpha': 0.7016971521544357}. Best is trial 10 with value: 0.03468194644203019.
[I 2026-03-06 10:15:59,904] Trial 153 finished with value: 0.1050981141961985 and parameters: {'sigma_noise': 0.21340161552091214, 'A_repulsion': 0.02035130113448355, 'gamma': 0.5190066242189147, 'sigma_update': 0.3246798747571547, 'eta_learning': 0.785520493740633, 'sigma_boundary': 8.939532730495566, 'alpha': 0.6396103265411671}. Best is trial 10 with value: 0.03468194644203019.
[I 2026-03-06 10:16:56,817] Trial 145 finished with value: 0.05616083757593103 and parameters: {'sigma_noise': 0.20888721861742515, 'A_repulsion': 0.22366816255212166, 'gamma': 0.5643614406558597, 'sigma_update': 0.21340023611187817, 'eta_learning': 0.707872384590061, 'sigma_boundary': 6.296264245178087, 'alpha': 0.6483445563014655}. Best is trial 10 with value: 0.03468194644203019.
[I 2026-03-06 10:17:12,936] Trial 131 finished with value: 0.06724846069880505 and parameters: {'sigma_noise': 0.2737542457914184, 'A_repulsion': 0.23755962644227688, 'gamma': 0.7117772547729079, 'sigma_update': 0.3567516355339273, 'eta_learning': 2.316141562254261, 'sigma_boundary': 3.039917948961956, 'alpha': 0.8508118716802395}. Best is trial 10 with value: 0.03468194644203019.
