[I 2026-03-06 09:13:27,618] Trial 32 finished with value: 0.18808808834880003 and parameters: {'sigma_noise': 0.28233218157943984, 'A_repulsion': 0.3192732929178465, 'gamma': 0.5930856120053574, 'sigma_update': 0.3898923752339415, 'eta_learning': 1.6447742546487576, 'sigma_boundary': 3.2535129819679542, 'alpha': 0.5779091845547647}. Best is trial 10 with value: 0.03468194644203019.
[I 2026-03-06 09:13:28,508] Trial 0 finished with value: 0.5147781422414242 and parameters: {'sigma_noise': 0.32314272431745156, 'A_repulsion': 0.2687228184123683, 'gamma': 0.22555608165572655, 'sigma_update': 0.47724150454724484, 'eta_learning': 1.5067527732428725, 'sigma_boundary': 7.224088022762188, 'alpha': 0.5197370775844092}. Best is trial 10 with value: 0.03468194644203019.
[I 2026-03-06 09:13:38,972] Trial 4 finished with value: 0.47288875906511735 and parameters: {'sigma_noise': 0.43913771246810596, 'A_repulsion': 0.033306673914512086, 'gamma': 0.5758543788517443, 'sigma_update': 0.25056384516388414, 'eta_learning': 0.8121720568320969, 'sigma_boundary': 4.342824562259539, 'alpha': 0.4466868592324714}. Best is trial 10 with value: 0.03468194644203019.
[I 2026-03-06 09:13:44,590] Trial 25 finished with value: 0.2260571372575425 and parameters: {'sigma_noise': 0.2904139051903686, 'A_repulsion': 0.4059141208197375, 'gamma': 0.937007803814863, 'sigma_update': 0.27637621489050584, 'eta_learning': 1.7829261384616335, 'sigma_boundary': 6.3385475693212365, 'alpha': 0.43400601202816413}. Best is trial 10 with value: 0.03468194644203019.
[I 2026-03-06 09:13:53,004] Trial 23 finished with value: 0.4670385938883962 and parameters: {'sigma_noise': 0.39752507375844376, 'A_repulsion': 0.09159440068417435, 'gamma': 0.336280566087755, 'sigma_update': 0.42988774514561684, 'eta_learning': 2.170014968936205, 'sigma_boundary': 7.558580015251241, 'alpha': 0.5456432017144667}. Best is trial 10 with value: 0.03468194644203019.
[I 2026-03-06 09:13:55,184] Trial 17 finished with value: 1.4203285887954773 and parameters: {'sigma_noise': 0.38972984571863517, 'A_repulsion': 0.20238980156914554, 'gamma': 0.24723353797910755, 'sigma_update': 0.4214784536510032, 'eta_learning': 2.924729184188539, 'sigma_boundary': 9.526058644309474, 'alpha': 0.3150542356194421}. Best is trial 10 with value: 0.03468194644203019.
[I 2026-03-06 09:13:58,555] Trial 31 finished with value: 0.5221508990734341 and parameters: {'sigma_noise': 0.35712761877604127, 'A_repulsion': 0.24589073361729769, 'gamma': 0.5550425768651095, 'sigma_update': 0.06826230748517519, 'eta_learning': 1.6993900756697102, 'sigma_boundary': 0.2937896697542004, 'alpha': 0.3550219829749184}. Best is trial 10 with value: 0.03468194644203019.
[I 2026-03-06 09:14:05,805] Trial 8 finished with value: 0.34658139551849754 and parameters: {'sigma_noise': 0.3802706632442512, 'A_repulsion': 0.2794719050578063, 'gamma': 0.09202529711911628, 'sigma_update': 0.39977071028080535, 'eta_learning': 0.5040206269844085, 'sigma_boundary': 7.082806039512451, 'alpha': 0.542234190805328}. Best is trial 10 with value: 0.03468194644203019.
[I 2026-03-06 09:14:09,997] Trial 7 finished with value: 0.23817490048011752 and parameters: {'sigma_noise': 0.3704015521407044, 'A_repulsion': 0.29962687043612, 'gamma': 0.18986735664327373, 'sigma_update': 0.3838438851426021, 'eta_learning': 1.9864524883390553, 'sigma_boundary': 7.217785487560433, 'alpha': 0.7608816367480827}. Best is trial 10 with value: 0.03468194644203019.
[I 2026-03-06 09:14:10,948] Trial 24 finished with value: 0.28539440593879817 and parameters: {'sigma_noise': 0.39480919100738215, 'A_repulsion': 0.2592025551354047, 'gamma': 0.8393334734593353, 'sigma_update': 0.08791625164975735, 'eta_learning': 2.4075941132237046, 'sigma_boundary': 6.49996686243128, 'alpha': 0.7588345081825136}. Best is trial 10 with value: 0.03468194644203019.
[I 2026-03-06 09:14:11,473] Trial 19 finished with value: 0.2931701209806484 and parameters: {'sigma_noise': 0.3431837882707328, 'A_repulsion': 0.3811550605776751, 'gamma': 0.6377583169152339, 'sigma_update': 0.5971185830500754, 'eta_learning': 2.616345152271614, 'sigma_boundary': 9.044804466924885, 'alpha': 0.6810625159426406}. Best is trial 10 with value: 0.03468194644203019.
[I 2026-03-06 09:14:36,382] Trial 39 finished with value: 0.07460542567184997 and parameters: {'sigma_noise': 0.378501936549891, 'A_repulsion': 0.419988276647837, 'gamma': 0.9517775647616539, 'sigma_update': 0.47472445869555646, 'eta_learning': 0.8524999498173316, 'sigma_boundary': 6.072988117682248, 'alpha': 0.751148664404702}. Best is trial 10 with value: 0.03468194644203019.
[I 2026-03-06 09:14:40,799] Trial 15 finished with value: 0.23114397874986561 and parameters: {'sigma_noise': 0.41225906698503145, 'A_repulsion': 0.3516543474000287, 'gamma': 0.3753606224358616, 'sigma_update': 0.18533789438389836, 'eta_learning': 1.8431323183248838, 'sigma_boundary': 5.323746762134564, 'alpha': 0.6487416727204275}. Best is trial 10 with value: 0.03468194644203019.
[I 2026-03-06 09:15:06,394] Trial 11 finished with value: 1.8480251236823038 and parameters: {'sigma_noise': 0.4486465727324221, 'A_repulsion': 0.4623219948877042, 'gamma': 0.031218612654425104, 'sigma_update': 0.6809003855453635, 'eta_learning': 0.3941250407327392, 'sigma_boundary': 7.508459599497666, 'alpha': 0.34922163396727124}. Best is trial 10 with value: 0.03468194644203019.
[I 2026-03-06 09:25:05,192] Trial 40 finished with value: 0.09798007018312499 and parameters: {'sigma_noise': 0.21621570327721723, 'A_repulsion': 0.18922430071950033, 'gamma': 0.4124426683572435, 'sigma_update': 0.0884693458744443, 'eta_learning': 0.7062414178726916, 'sigma_boundary': 6.887277315687378, 'alpha': 0.6206833708659123}. Best is trial 10 with value: 0.03468194644203019.
[I 2026-03-06 09:28:17,269] Trial 47 finished with value: 0.3025213886911401 and parameters: {'sigma_noise': 0.24008606299676233, 'A_repulsion': 0.07625818127011347, 'gamma': 0.49268077042787445, 'sigma_update': 0.4162463848053984, 'eta_learning': 2.0956293245609046, 'sigma_boundary': 5.812901199251347, 'alpha': 0.508101472113757}. Best is trial 10 with value: 0.03468194644203019.
[I 2026-03-06 09:29:03,618] Trial 52 finished with value: 0.36924994572357733 and parameters: {'sigma_noise': 0.1528975365500304, 'A_repulsion': 0.2148124259667606, 'gamma': 0.4580918565325616, 'sigma_update': 0.16095177199820734, 'eta_learning': 1.779834542995892, 'sigma_boundary': 6.146294689161643, 'alpha': 0.32564330392492447}. Best is trial 10 with value: 0.03468194644203019.
[I 2026-03-06 09:29:17,028] Trial 43 finished with value: 0.14281637898743824 and parameters: {'sigma_noise': 0.13259759412617456, 'A_repulsion': 0.37168932373592745, 'gamma': 0.43257951439710224, 'sigma_update': 0.34775833252399335, 'eta_learning': 1.7402272159422403, 'sigma_boundary': 5.218321726613572, 'alpha': 0.4905166416574303}. Best is trial 10 with value: 0.03468194644203019.
[I 2026-03-06 09:29:58,357] Trial 41 finished with value: 0.09070731333600077 and parameters: {'sigma_noise': 0.2347607651900347, 'A_repulsion': 0.28690214370042344, 'gamma': 0.577260923197004, 'sigma_update': 0.2855849603269464, 'eta_learning': 1.31735982454316, 'sigma_boundary': 4.393434948412946, 'alpha': 0.6041887872884693}. Best is trial 10 with value: 0.03468194644203019.
[I 2026-03-06 09:30:44,834] Trial 67 finished with value: 0.13686831445408376 and parameters: {'sigma_noise': 0.1375246297351197, 'A_repulsion': 0.23851421178499307, 'gamma': 0.0903961746355246, 'sigma_update': 0.30286321187691206, 'eta_learning': 1.7610319890925634, 'sigma_boundary': 5.58076013209003, 'alpha': 0.5316781098590013}. Best is trial 10 with value: 0.03468194644203019.
[I 2026-03-06 09:30:45,412] Trial 53 finished with value: 0.05829757079981714 and parameters: {'sigma_noise': 0.15158872370117915, 'A_repulsion': 0.31570979913124986, 'gamma': 0.6555036205744779, 'sigma_update': 0.38929557367466217, 'eta_learning': 1.0438839969462426, 'sigma_boundary': 7.378849840595177, 'alpha': 0.7854555302539519}. Best is trial 10 with value: 0.03468194644203019.
[I 2026-03-06 09:30:58,613] Trial 42 finished with value: 0.6783305390879875 and parameters: {'sigma_noise': 0.2696499644301593, 'A_repulsion': 0.31227067103941997, 'gamma': 0.41164890065113124, 'sigma_update': 0.25239426761914685, 'eta_learning': 0.6396190722030746, 'sigma_boundary': 6.892246205476954, 'alpha': 0.33882953958735496}. Best is trial 10 with value: 0.03468194644203019.
[I 2026-03-06 09:30:59,376] Trial 45 finished with value: 0.1102639068761189 and parameters: {'sigma_noise': 0.1951786052988405, 'A_repulsion': 0.3376843056142361, 'gamma': 0.6591080667251908, 'sigma_update': 0.42374523493159716, 'eta_learning': 1.2324553625927517, 'sigma_boundary': 5.356520928342953, 'alpha': 0.5894950165761094}. Best is trial 10 with value: 0.03468194644203019.
[I 2026-03-06 09:31:25,630] Trial 66 finished with value: 0.20379870810283174 and parameters: {'sigma_noise': 0.17056718524944742, 'A_repulsion': 0.2036109286732498, 'gamma': 0.020447571682942686, 'sigma_update': 0.3429422867359461, 'eta_learning': 2.1723386522482095, 'sigma_boundary': 3.7790007511703343, 'alpha': 0.47488364697390045}. Best is trial 10 with value: 0.03468194644203019.
[I 2026-03-06 09:31:34,795] Trial 61 finished with value: 0.10324441707717481 and parameters: {'sigma_noise': 0.17147534850663806, 'A_repulsion': 0.23494195750725994, 'gamma': 0.4715880549983062, 'sigma_update': 0.42806879796507286, 'eta_learning': 1.3697842203992987, 'sigma_boundary': 5.992435139513784, 'alpha': 0.7473728593459208}. Best is trial 10 with value: 0.03468194644203019.
[I 2026-03-06 09:31:41,152] Trial 44 finished with value: 2.231797380006502 and parameters: {'sigma_noise': 0.3488540508961275, 'A_repulsion': 0.2210771926634445, 'gamma': 0.6674755951640946, 'sigma_update': 0.15404746001073868, 'eta_learning': 1.8874649215318104, 'sigma_boundary': 5.6737153995590806, 'alpha': 0.2203459323602346}. Best is trial 10 with value: 0.03468194644203019.
[I 2026-03-06 09:31:59,461] Trial 48 finished with value: 0.09741235918135031 and parameters: {'sigma_noise': 0.29047530092067486, 'A_repulsion': 0.21050862258758077, 'gamma': 0.6293345803569194, 'sigma_update': 0.14801369324845967, 'eta_learning': 1.5317232981304205, 'sigma_boundary': 5.654896361273175, 'alpha': 0.7756597625796736}. Best is trial 10 with value: 0.03468194644203019.
[I 2026-03-06 09:32:15,706] Trial 46 finished with value: 0.20709250764019466 and parameters: {'sigma_noise': 0.30168647396123777, 'A_repulsion': 0.34528731521757705, 'gamma': 0.529726607161313, 'sigma_update': 0.3580433608848337, 'eta_learning': 1.2550174444408957, 'sigma_boundary': 4.886197841401937, 'alpha': 0.5640313257848951}. Best is trial 10 with value: 0.03468194644203019.
[I 2026-03-06 09:32:24,647] Trial 49 finished with value: 0.15494119966417697 and parameters: {'sigma_noise': 0.3615647844955593, 'A_repulsion': 0.20358042782708324, 'gamma': 0.6329140021091875, 'sigma_update': 0.28042735343161995, 'eta_learning': 1.6973861947437163, 'sigma_boundary': 8.16036708994128, 'alpha': 0.6483884277167999}. Best is trial 10 with value: 0.03468194644203019.
[I 2026-03-06 09:32:34,284] Trial 51 finished with value: 0.17786212433171011 and parameters: {'sigma_noise': 0.2640077982154318, 'A_repulsion': 0.26953167197463207, 'gamma': 0.5472947839374694, 'sigma_update': 0.4408850836381528, 'eta_learning': 0.9687499755894097, 'sigma_boundary': 4.343965653465198, 'alpha': 0.6421514298554512}. Best is trial 10 with value: 0.03468194644203019.
[I 2026-03-06 09:32:54,569] Trial 62 finished with value: 0.5240000030859926 and parameters: {'sigma_noise': 0.28553846677506434, 'A_repulsion': 0.10760233396500901, 'gamma': 0.6824502323245483, 'sigma_update': 0.28019500495556887, 'eta_learning': 1.3668942048094928, 'sigma_boundary': 1.8321203500923984, 'alpha': 0.3455477979461055}. Best is trial 10 with value: 0.03468194644203019.
[I 2026-03-06 09:33:06,350] Trial 70 finished with value: 0.18544799473977516 and parameters: {'sigma_noise': 0.3129902995677972, 'A_repulsion': 0.0577209448082123, 'gamma': 0.5010905107221886, 'sigma_update': 0.291695017383973, 'eta_learning': 2.016121647731716, 'sigma_boundary': 7.06895739631233, 'alpha': 0.5434768805171629}. Best is trial 10 with value: 0.03468194644203019.
[I 2026-03-06 09:33:34,186] Trial 56 finished with value: 0.03656636588176661 and parameters: {'sigma_noise': 0.2194396610280523, 'A_repulsion': 0.30599459524325745, 'gamma': 0.9560308284719279, 'sigma_update': 0.252340928018681, 'eta_learning': 0.8803866806017061, 'sigma_boundary': 2.506995028136458, 'alpha': 0.7434135440543953}. Best is trial 10 with value: 0.03468194644203019.
[I 2026-03-06 09:33:35,149] Trial 58 finished with value: 0.7829063396284097 and parameters: {'sigma_noise': 0.25050024582328767, 'A_repulsion': 0.21460545305177298, 'gamma': 0.7376209770003371, 'sigma_update': 0.541886300390556, 'eta_learning': 0.789060354218321, 'sigma_boundary': 6.673809562173293, 'alpha': 0.34174816431678107}. Best is trial 10 with value: 0.03468194644203019.
[I 2026-03-06 09:33:37,266] Trial 60 finished with value: 0.38989383556267065 and parameters: {'sigma_noise': 0.24160681031222103, 'A_repulsion': 0.20085375738257247, 'gamma': 0.6059009683552289, 'sigma_update': 0.33579597068498096, 'eta_learning': 0.326421539332358, 'sigma_boundary': 4.4562402830542975, 'alpha': 0.2779107247365111}. Best is trial 10 with value: 0.03468194644203019.
[I 2026-03-06 09:33:38,929] Trial 54 finished with value: 0.4076793442609702 and parameters: {'sigma_noise': 0.3618990602582221, 'A_repulsion': 0.19791666277997116, 'gamma': 0.5670465422102886, 'sigma_update': 0.46494118338057694, 'eta_learning': 1.4611026126460276, 'sigma_boundary': 4.658564216799343, 'alpha': 0.5869090642446255}. Best is trial 10 with value: 0.03468194644203019.
[I 2026-03-06 09:33:44,102] Trial 50 finished with value: 0.29110588794177034 and parameters: {'sigma_noise': 0.30497446864834554, 'A_repulsion': 0.36267127568243407, 'gamma': 0.5208414064665573, 'sigma_update': 0.49316322159494413, 'eta_learning': 0.11927638018808799, 'sigma_boundary': 5.365509143975795, 'alpha': 0.2834429031728667}. Best is trial 10 with value: 0.03468194644203019.
[I 2026-03-06 09:33:58,291] Trial 76 finished with value: 0.1163638754646362 and parameters: {'sigma_noise': 0.1811172582858509, 'A_repulsion': 0.2989265063856727, 'gamma': 0.5925735428244511, 'sigma_update': 0.38313482432429946, 'eta_learning': 1.3907803034932733, 'sigma_boundary': 7.526547629983431, 'alpha': 0.5837221254182595}. Best is trial 10 with value: 0.03468194644203019.
[I 2026-03-06 09:34:00,277] Trial 55 finished with value: 0.1643920312513776 and parameters: {'sigma_noise': 0.28247887600537797, 'A_repulsion': 0.21337429003408026, 'gamma': 0.5531180590095109, 'sigma_update': 0.33050899542507983, 'eta_learning': 2.149501539306499, 'sigma_boundary': 5.460424559490534, 'alpha': 0.564741616900807}. Best is trial 10 with value: 0.03468194644203019.
[I 2026-03-06 09:34:01,282] Trial 71 finished with value: 0.07234061287467539 and parameters: {'sigma_noise': 0.22984864809513889, 'A_repulsion': 0.19845955777392338, 'gamma': 0.26239746861002583, 'sigma_update': 0.14961820808859408, 'eta_learning': 0.9092323811781399, 'sigma_boundary': 6.093649863936739, 'alpha': 0.5154996661029778}. Best is trial 10 with value: 0.03468194644203019.
[I 2026-03-06 09:34:23,273] Trial 73 finished with value: 0.1523463764273113 and parameters: {'sigma_noise': 0.2530543319401579, 'A_repulsion': 0.18092971561129234, 'gamma': 0.5495141820740267, 'sigma_update': 0.3599532431527223, 'eta_learning': 2.021387711603754, 'sigma_boundary': 5.163136177567429, 'alpha': 0.5926640118507592}. Best is trial 10 with value: 0.03468194644203019.
[I 2026-03-06 09:34:46,227] Trial 68 finished with value: 0.21569866794229825 and parameters: {'sigma_noise': 0.3149491250512286, 'A_repulsion': 0.14390602680120484, 'gamma': 0.4764539176325859, 'sigma_update': 0.10473427177604397, 'eta_learning': 1.1709571056877446, 'sigma_boundary': 4.7994491397414585, 'alpha': 0.48154303977486934}. Best is trial 10 with value: 0.03468194644203019.
[I 2026-03-06 09:34:49,260] Trial 69 finished with value: 0.7217326547220839 and parameters: {'sigma_noise': 0.28760725161993916, 'A_repulsion': 0.2664254767539615, 'gamma': 0.4015662394307829, 'sigma_update': 0.5736364879546467, 'eta_learning': 1.7684081480544256, 'sigma_boundary': 6.156390822856451, 'alpha': 0.493559100043356}. Best is trial 10 with value: 0.03468194644203019.
[I 2026-03-06 09:34:50,124] Trial 57 finished with value: 0.6654543241880544 and parameters: {'sigma_noise': 0.253858784784795, 'A_repulsion': 0.35856220697051594, 'gamma': 0.39998516011251906, 'sigma_update': 0.21102687405365203, 'eta_learning': 1.4350371812772695, 'sigma_boundary': 5.3338654529767435, 'alpha': 0.35439343969689197}. Best is trial 10 with value: 0.03468194644203019.
[I 2026-03-06 09:34:52,434] Trial 59 finished with value: 0.44122985667537856 and parameters: {'sigma_noise': 0.3146396221202298, 'A_repulsion': 0.24717110595814787, 'gamma': 0.5266586968063843, 'sigma_update': 0.4043343692108771, 'eta_learning': 0.8678217044611681, 'sigma_boundary': 7.336806811589235, 'alpha': 0.4736899243502259}. Best is trial 10 with value: 0.03468194644203019.
[I 2026-03-06 09:35:02,836] Trial 64 finished with value: 0.912929833099632 and parameters: {'sigma_noise': 0.3165718807449173, 'A_repulsion': 0.16701164596610568, 'gamma': 0.43028834539969396, 'sigma_update': 0.14754577646049388, 'eta_learning': 1.3466625863491462, 'sigma_boundary': 7.646451289737382, 'alpha': 0.32815224808582233}. Best is trial 10 with value: 0.03468194644203019.
[I 2026-03-06 09:35:27,847] Trial 72 finished with value: 0.11889246779556996 and parameters: {'sigma_noise': 0.2844970566376784, 'A_repulsion': 0.23151960413031575, 'gamma': 0.5072914426149664, 'sigma_update': 0.29491508848335757, 'eta_learning': 1.4216725160330383, 'sigma_boundary': 3.326288913332853, 'alpha': 0.6499237712718309}. Best is trial 10 with value: 0.03468194644203019.
[I 2026-03-06 09:35:35,077] Trial 63 finished with value: 0.11435791952649918 and parameters: {'sigma_noise': 0.30558413736805495, 'A_repulsion': 0.3460492481862967, 'gamma': 0.6291826631151985, 'sigma_update': 0.3454151916967875, 'eta_learning': 0.8153829425889766, 'sigma_boundary': 7.326890828038551, 'alpha': 0.687816003801017}. Best is trial 10 with value: 0.03468194644203019.
[I 2026-03-06 09:35:42,289] Trial 75 finished with value: 0.16685691255869095 and parameters: {'sigma_noise': 0.2745106037434633, 'A_repulsion': 0.2429449418869586, 'gamma': 0.38901761284439934, 'sigma_update': 0.3483416266956353, 'eta_learning': 1.5854086386306683, 'sigma_boundary': 6.153142238022742, 'alpha': 0.5954044115751704}. Best is trial 10 with value: 0.03468194644203019.
[I 2026-03-06 09:35:58,962] Trial 74 finished with value: 0.2490283302983864 and parameters: {'sigma_noise': 0.2802048055390188, 'A_repulsion': 0.3301761246466657, 'gamma': 0.31271179682934014, 'sigma_update': 0.47230410253641736, 'eta_learning': 1.9353926629472422, 'sigma_boundary': 4.757455692324738, 'alpha': 0.7005504641794673}. Best is trial 10 with value: 0.03468194644203019.
[I 2026-03-06 09:36:10,189] Trial 65 finished with value: 1.6480916041686031 and parameters: {'sigma_noise': 0.3678170436543965, 'A_repulsion': 0.3021716691112286, 'gamma': 0.33876185211081206, 'sigma_update': 0.5176070388182418, 'eta_learning': 0.6933360961447641, 'sigma_boundary': 6.092964021799587, 'alpha': 0.3191672431549029}. Best is trial 10 with value: 0.03468194644203019.
[I 2026-03-06 09:36:37,854] Trial 77 finished with value: 0.8054752256404516 and parameters: {'sigma_noise': 0.24946075881430357, 'A_repulsion': 0.37070490108738924, 'gamma': 0.40217011234361993, 'sigma_update': 0.43455239647716476, 'eta_learning': 0.9792298809374917, 'sigma_boundary': 2.0007245919487247, 'alpha': 0.35809257667729444}. Best is trial 10 with value: 0.03468194644203019.
[I 2026-03-06 09:36:49,154] Trial 78 finished with value: 0.11654392082305369 and parameters: {'sigma_noise': 0.2545994294938762, 'A_repulsion': 0.41123585635216203, 'gamma': 0.4055237912691868, 'sigma_update': 0.3297665921231204, 'eta_learning': 1.3410048285454153, 'sigma_boundary': 6.763516636376601, 'alpha': 0.7122479374369793}. Best is trial 10 with value: 0.03468194644203019.
[I 2026-03-06 09:37:01,761] Trial 79 finished with value: 1.8894484432581473 and parameters: {'sigma_noise': 0.3084489115077677, 'A_repulsion': 0.24633806431824326, 'gamma': 0.39256757443109036, 'sigma_update': 0.3744679282712593, 'eta_learning': 1.7097025187917587, 'sigma_boundary': 6.812382997989869, 'alpha': 0.24832943779089617}. Best is trial 10 with value: 0.03468194644203019.
[I 2026-03-06 09:44:34,054] Trial 80 finished with value: 0.19494086349424128 and parameters: {'sigma_noise': 0.0849362043452129, 'A_repulsion': 0.3625255265431908, 'gamma': 0.47899715974541596, 'sigma_update': 0.36711216683495934, 'eta_learning': 2.0945317135336046, 'sigma_boundary': 5.021631197237493, 'alpha': 0.43110612007937776}. Best is trial 10 with value: 0.03468194644203019.
[I 2026-03-06 09:50:05,907] Trial 83 finished with value: 0.4551638586215054 and parameters: {'sigma_noise': 0.2857205293357731, 'A_repulsion': 0.11044954777971139, 'gamma': 0.5363844375227759, 'sigma_update': 0.39292912345786873, 'eta_learning': 1.4437671381730144, 'sigma_boundary': 3.531068163201568, 'alpha': 0.4283930599133182}. Best is trial 10 with value: 0.03468194644203019.
[I 2026-03-06 09:50:08,354] Trial 81 finished with value: 0.09232722416899095 and parameters: {'sigma_noise': 0.18517719170570301, 'A_repulsion': 0.3356906610210774, 'gamma': 0.4512434023450978, 'sigma_update': 0.2801373389938366, 'eta_learning': 2.0697660911541598, 'sigma_boundary': 3.6771952646869552, 'alpha': 0.538863510830717}. Best is trial 10 with value: 0.03468194644203019.
