[I 2026-03-06 08:17:57,194] Trial 117 finished with value: 0.10566957588537929 and parameters: {'sigma_noise': 0.10151940195863202, 'A_repulsion': 0.3993990283493665, 'gamma': 0.4142338505625859, 'sigma_update': 0.18660863089316235, 'eta_learning': 0.5134607993808155, 'sigma_boundary': 3.739839225829549, 'alpha': 0.5850162490352393}. Best is trial 5 with value: 0.037791452661088396.
[I 2026-03-06 08:18:11,295] Trial 113 finished with value: 0.07111730899340013 and parameters: {'sigma_noise': 0.18218203865332444, 'A_repulsion': 0.31871469124454144, 'gamma': 0.8703439691034488, 'sigma_update': 0.097561800860714, 'eta_learning': 0.5683101580708276, 'sigma_boundary': 5.405208375817655, 'alpha': 0.8363237098994819}. Best is trial 5 with value: 0.037791452661088396.
[I 2026-03-06 08:18:19,809] Trial 115 finished with value: 0.06478998103160578 and parameters: {'sigma_noise': 0.2061025374611724, 'A_repulsion': 0.23612523704216848, 'gamma': 0.4000859975252951, 'sigma_update': 0.19361353872615375, 'eta_learning': 0.5849013858524293, 'sigma_boundary': 4.771171021629261, 'alpha': 0.49678619503307164}. Best is trial 5 with value: 0.037791452661088396.
[I 2026-03-06 08:18:37,383] Trial 110 finished with value: 0.09211685487951898 and parameters: {'sigma_noise': 0.24607507650110277, 'A_repulsion': 0.29468683382066074, 'gamma': 0.6762496623448456, 'sigma_update': 0.3036370263996075, 'eta_learning': 1.3460567072416953, 'sigma_boundary': 4.03054612736353, 'alpha': 0.5716794488161946}. Best is trial 5 with value: 0.037791452661088396.
[I 2026-03-06 08:19:53,257] Trial 119 finished with value: 0.48113037181172863 and parameters: {'sigma_noise': 0.22406122690844843, 'A_repulsion': 0.23615679270219017, 'gamma': 0.4287879625441455, 'sigma_update': 0.19930417613478613, 'eta_learning': 1.3356746712749445, 'sigma_boundary': 6.49968380486675, 'alpha': 0.3339370557318959}. Best is trial 5 with value: 0.037791452661088396.
[I 2026-03-06 08:19:55,758] Trial 118 finished with value: 0.08516786644511624 and parameters: {'sigma_noise': 0.2078954478341254, 'A_repulsion': 0.29659588974490864, 'gamma': 0.5020477502151737, 'sigma_update': 0.28929579246288245, 'eta_learning': 1.0807595787994482, 'sigma_boundary': 0.923088548696016, 'alpha': 0.8912463167387721}. Best is trial 5 with value: 0.037791452661088396.
[I 2026-03-06 08:20:07,274] Trial 112 finished with value: 0.1347305481795386 and parameters: {'sigma_noise': 0.29959388755262994, 'A_repulsion': 0.3255439779738504, 'gamma': 0.24493413085095866, 'sigma_update': 0.1683161811106614, 'eta_learning': 1.7320072679550043, 'sigma_boundary': 5.944070808240164, 'alpha': 0.6261159161445263}. Best is trial 5 with value: 0.037791452661088396.
[I 2026-03-06 08:24:30,214] Trial 120 finished with value: 0.13027478691482317 and parameters: {'sigma_noise': 0.2529918847859292, 'A_repulsion': 0.14777209683870887, 'gamma': 0.5285977718601509, 'sigma_update': 0.3630336012691048, 'eta_learning': 0.9268405549420459, 'sigma_boundary': 8.103424085104002, 'alpha': 0.6469061293416373}. Best is trial 5 with value: 0.037791452661088396.
[I 2026-03-06 08:29:16,695] Trial 127 finished with value: 0.056864835778932574 and parameters: {'sigma_noise': 0.1520558050796839, 'A_repulsion': 0.09757556403993192, 'gamma': 0.5608139412050156, 'sigma_update': 0.16032951784278504, 'eta_learning': 0.932628311858419, 'sigma_boundary': 5.725238992758554, 'alpha': 0.6071685578027128}. Best is trial 5 with value: 0.037791452661088396.
[I 2026-03-06 08:29:36,457] Trial 122 finished with value: 0.09836212417459317 and parameters: {'sigma_noise': 0.18653846536546687, 'A_repulsion': 0.21806710635872661, 'gamma': 0.6431829553988996, 'sigma_update': 0.09474607789890872, 'eta_learning': 2.1554928486498417, 'sigma_boundary': 5.085348468933193, 'alpha': 0.8818077138552268}. Best is trial 5 with value: 0.037791452661088396.
[I 2026-03-06 08:30:10,122] Trial 131 finished with value: 0.13928325324190435 and parameters: {'sigma_noise': 0.10446931447337289, 'A_repulsion': 0.09727533160223589, 'gamma': 0.45573509427619396, 'sigma_update': 0.3434774381521208, 'eta_learning': 1.4064726217566723, 'sigma_boundary': 6.819135128349721, 'alpha': 0.5805361131412358}. Best is trial 5 with value: 0.037791452661088396.
[I 2026-03-06 08:30:29,051] Trial 123 finished with value: 0.07629943088957866 and parameters: {'sigma_noise': 0.2369316846688989, 'A_repulsion': 0.21281878388157352, 'gamma': 0.7136878001783777, 'sigma_update': 0.16018064095877227, 'eta_learning': 1.4155843355479842, 'sigma_boundary': 3.8298113962097156, 'alpha': 0.4966803759522739}. Best is trial 5 with value: 0.037791452661088396.
[I 2026-03-06 08:32:11,556] Trial 125 finished with value: 0.06771364540085557 and parameters: {'sigma_noise': 0.2214598569230829, 'A_repulsion': 0.24764194296147643, 'gamma': 0.6260078920203181, 'sigma_update': 0.32750573152689855, 'eta_learning': 1.0485968710210243, 'sigma_boundary': 6.0683519724387915, 'alpha': 0.842511370621603}. Best is trial 5 with value: 0.037791452661088396.
[I 2026-03-06 08:32:26,688] Trial 121 finished with value: 0.1284818369669176 and parameters: {'sigma_noise': 0.30639306474323463, 'A_repulsion': 0.20878012331847512, 'gamma': 0.7149179556234937, 'sigma_update': 0.3511006532696911, 'eta_learning': 1.8677509873361657, 'sigma_boundary': 6.7940736386896585, 'alpha': 0.5908436814951268}. Best is trial 5 with value: 0.037791452661088396.
[I 2026-03-06 08:32:55,667] Trial 133 finished with value: 0.06587561526807689 and parameters: {'sigma_noise': 0.12965627597416468, 'A_repulsion': 0.23809011713256784, 'gamma': 0.5118082554482665, 'sigma_update': 0.1780831661996375, 'eta_learning': 1.571011907628795, 'sigma_boundary': 7.034187892306667, 'alpha': 0.6058584598437968}. Best is trial 5 with value: 0.037791452661088396.
[I 2026-03-06 08:33:16,273] Trial 124 finished with value: 0.08278919512165042 and parameters: {'sigma_noise': 0.258971080308906, 'A_repulsion': 0.2682105349451816, 'gamma': 0.5999035797830983, 'sigma_update': 0.30477821828332846, 'eta_learning': 0.8084826632421316, 'sigma_boundary': 4.5125853873671495, 'alpha': 0.7795670976914705}. Best is trial 5 with value: 0.037791452661088396.
[I 2026-03-06 08:33:59,996] Trial 130 finished with value: 0.0697653273875384 and parameters: {'sigma_noise': 0.19947063980952479, 'A_repulsion': 0.2426259122431189, 'gamma': 0.5682019664800975, 'sigma_update': 0.17976422699089217, 'eta_learning': 1.0490263410096006, 'sigma_boundary': 5.3488248298693435, 'alpha': 0.49523971469941386}. Best is trial 5 with value: 0.037791452661088396.
[I 2026-03-06 08:34:03,446] Trial 138 finished with value: 0.07871592823965981 and parameters: {'sigma_noise': 0.12705756905839907, 'A_repulsion': 0.26139067777386094, 'gamma': 0.526442003728945, 'sigma_update': 0.13756717552066816, 'eta_learning': 1.5422645320181738, 'sigma_boundary': 2.931565137153212, 'alpha': 0.7238318227957031}. Best is trial 5 with value: 0.037791452661088396.
[I 2026-03-06 08:34:12,361] Trial 136 finished with value: 0.09374076097119144 and parameters: {'sigma_noise': 0.17704252808315146, 'A_repulsion': 0.18665266799772987, 'gamma': 0.1621941357951103, 'sigma_update': 0.1597791498310683, 'eta_learning': 0.6318795786967695, 'sigma_boundary': 3.8726579863669572, 'alpha': 0.6239051142355883}. Best is trial 5 with value: 0.037791452661088396.
[I 2026-03-06 08:34:17,346] Trial 144 finished with value: 0.045935146729076046 and parameters: {'sigma_noise': 0.21995613491035887, 'A_repulsion': 0.06953832583441463, 'gamma': 0.7365047499982269, 'sigma_update': 0.20529200739063905, 'eta_learning': 1.2650249384036794, 'sigma_boundary': 4.227414159756768, 'alpha': 0.6069502129512718}. Best is trial 5 with value: 0.037791452661088396.
[I 2026-03-06 08:34:36,870] Trial 128 finished with value: 0.1755084607975157 and parameters: {'sigma_noise': 0.23316997129179057, 'A_repulsion': 0.27214921615413623, 'gamma': 0.4287285502468234, 'sigma_update': 0.13413630400052107, 'eta_learning': 1.1039979097336472, 'sigma_boundary': 5.395899225852535, 'alpha': 0.40242471528790097}. Best is trial 5 with value: 0.037791452661088396.
[I 2026-03-06 08:34:37,824] Trial 134 finished with value: 0.799967389216953 and parameters: {'sigma_noise': 0.21424145146552492, 'A_repulsion': 0.1762788792229349, 'gamma': 0.8505736825482427, 'sigma_update': 0.1052086504385273, 'eta_learning': 1.8066975989473744, 'sigma_boundary': 8.501229178112668, 'alpha': 0.3268148547326955}. Best is trial 5 with value: 0.037791452661088396.
[I 2026-03-06 08:34:46,869] Trial 126 finished with value: 0.1080227274184304 and parameters: {'sigma_noise': 0.3356798378795537, 'A_repulsion': 0.17060227562006486, 'gamma': 0.7040383580057384, 'sigma_update': 0.20344687919461815, 'eta_learning': 0.44467234226837443, 'sigma_boundary': 5.857560687788869, 'alpha': 0.6076823569385523}. Best is trial 5 with value: 0.037791452661088396.
[I 2026-03-06 08:35:09,371] Trial 137 finished with value: 0.08443085701709321 and parameters: {'sigma_noise': 0.18222496489836892, 'A_repulsion': 0.22900170069229364, 'gamma': 0.5888696512096885, 'sigma_update': 0.39297001531196846, 'eta_learning': 0.3600317871827519, 'sigma_boundary': 3.9304487365408725, 'alpha': 0.6207222287217457}. Best is trial 5 with value: 0.037791452661088396.
[I 2026-03-06 08:35:18,353] Trial 129 finished with value: 0.12575415349093422 and parameters: {'sigma_noise': 0.25634007370220213, 'A_repulsion': 0.2281384111755755, 'gamma': 0.5743560137684176, 'sigma_update': 0.06981257517500482, 'eta_learning': 0.4799660286135003, 'sigma_boundary': 5.239323658085711, 'alpha': 0.586619400599532}. Best is trial 5 with value: 0.037791452661088396.
[I 2026-03-06 08:35:44,381] Trial 142 finished with value: 0.055369076067792206 and parameters: {'sigma_noise': 0.20134001431863247, 'A_repulsion': 0.21716861381188543, 'gamma': 0.475010540283484, 'sigma_update': 0.14933204484708143, 'eta_learning': 1.5368926521204993, 'sigma_boundary': 5.447706642545007, 'alpha': 0.6150596079072692}. Best is trial 5 with value: 0.037791452661088396.
[I 2026-03-06 08:35:50,056] Trial 146 finished with value: 0.05784380591584819 and parameters: {'sigma_noise': 0.18244691829347692, 'A_repulsion': 0.1510156798690806, 'gamma': 0.9325010193538952, 'sigma_update': 0.216476353179793, 'eta_learning': 0.33896310871317764, 'sigma_boundary': 3.35642712463603, 'alpha': 0.9824286000527847}. Best is trial 5 with value: 0.037791452661088396.
[I 2026-03-06 08:35:58,148] Trial 149 finished with value: 0.13437196404063614 and parameters: {'sigma_noise': 0.1588784971822953, 'A_repulsion': 0.19027680543034964, 'gamma': 0.03991006704292769, 'sigma_update': 0.2393873279215802, 'eta_learning': 0.6987392402474054, 'sigma_boundary': 4.1812386220387125, 'alpha': 0.6241479220099064}. Best is trial 5 with value: 0.037791452661088396.
[I 2026-03-06 08:35:59,814] Trial 139 finished with value: 0.055954262342981065 and parameters: {'sigma_noise': 0.2466874567994033, 'A_repulsion': 0.1628261188460905, 'gamma': 0.7505859622813642, 'sigma_update': 0.2625989023657201, 'eta_learning': 0.5227301025108371, 'sigma_boundary': 5.657487842662364, 'alpha': 0.5728820593010041}. Best is trial 5 with value: 0.037791452661088396.
[I 2026-03-06 08:36:03,254] Trial 148 finished with value: 0.04339589948344383 and parameters: {'sigma_noise': 0.18605244070310684, 'A_repulsion': 0.16423033463513323, 'gamma': 0.831446386634948, 'sigma_update': 0.164441232969099, 'eta_learning': 0.4197235507453053, 'sigma_boundary': 6.410235434127553, 'alpha': 0.7270199164231957}. Best is trial 5 with value: 0.037791452661088396.
[I 2026-03-06 08:36:25,947] Trial 147 finished with value: 0.09704162076264639 and parameters: {'sigma_noise': 0.1792423224894033, 'A_repulsion': 0.2117123529897609, 'gamma': 0.15967461615503492, 'sigma_update': 0.20793448923817426, 'eta_learning': 0.8213159687702585, 'sigma_boundary': 5.31480162882459, 'alpha': 0.6598198020213236}. Best is trial 5 with value: 0.037791452661088396.
[I 2026-03-06 08:37:03,959] Trial 141 finished with value: 0.08397918615723679 and parameters: {'sigma_noise': 0.31299707239551844, 'A_repulsion': 0.1637779665110355, 'gamma': 0.749729900390929, 'sigma_update': 0.20091596440190285, 'eta_learning': 0.7405660748627921, 'sigma_boundary': 6.228386437343097, 'alpha': 0.9223624227412001}. Best is trial 5 with value: 0.037791452661088396.
[I 2026-03-06 08:37:07,414] Trial 135 finished with value: 0.08038059430379607 and parameters: {'sigma_noise': 0.2614915670514488, 'A_repulsion': 0.25039407627176874, 'gamma': 0.6243889535474885, 'sigma_update': 0.2516754584525156, 'eta_learning': 0.8039656635557282, 'sigma_boundary': 6.264560507089572, 'alpha': 0.585192859917139}. Best is trial 5 with value: 0.037791452661088396.
[I 2026-03-06 08:37:22,248] Trial 140 finished with value: 0.11399313467511844 and parameters: {'sigma_noise': 0.2497968890570788, 'A_repulsion': 0.26529760357920357, 'gamma': 0.3504910075303367, 'sigma_update': 0.15681486342617412, 'eta_learning': 0.9086214404367593, 'sigma_boundary': 3.6590579210154965, 'alpha': 0.8488984808679408}. Best is trial 5 with value: 0.037791452661088396.
[I 2026-03-06 08:37:32,899] Trial 132 finished with value: 0.30016971353946276 and parameters: {'sigma_noise': 0.33484677432301346, 'A_repulsion': 0.28937793748113166, 'gamma': 0.2873624009229342, 'sigma_update': 0.07230718813755531, 'eta_learning': 1.376128484547222, 'sigma_boundary': 4.88397324006802, 'alpha': 0.613621341717127}. Best is trial 5 with value: 0.037791452661088396.
[I 2026-03-06 08:37:49,176] Trial 152 finished with value: 0.05975443006011211 and parameters: {'sigma_noise': 0.19769606620414765, 'A_repulsion': 0.19817844805920895, 'gamma': 0.5510156643076977, 'sigma_update': 0.13569069877255965, 'eta_learning': 0.39150606629127044, 'sigma_boundary': 3.1181641622014613, 'alpha': 0.6024577087406159}. Best is trial 5 with value: 0.037791452661088396.
[I 2026-03-06 08:38:04,847] Trial 143 finished with value: 0.16760822477035958 and parameters: {'sigma_noise': 0.24691067010788603, 'A_repulsion': 0.35188214184443034, 'gamma': 0.4259706875650799, 'sigma_update': 0.24369485164780394, 'eta_learning': 1.3309975988289, 'sigma_boundary': 6.119967661068979, 'alpha': 0.4455048938560678}. Best is trial 5 with value: 0.037791452661088396.
[I 2026-03-06 08:38:06,175] Trial 156 finished with value: 0.11031886402481897 and parameters: {'sigma_noise': 0.17997971656131945, 'A_repulsion': 0.18078937688332114, 'gamma': 0.34346668882748554, 'sigma_update': 0.3080524716117748, 'eta_learning': 1.0320311450763597, 'sigma_boundary': 5.043388044467095, 'alpha': 0.7556767749820383}. Best is trial 5 with value: 0.037791452661088396.
[I 2026-03-06 08:38:15,876] Trial 145 finished with value: 0.1747267752003348 and parameters: {'sigma_noise': 0.2703657188791803, 'A_repulsion': 0.22130430644695503, 'gamma': 0.3758279242852894, 'sigma_update': 0.10707092656552364, 'eta_learning': 0.9279143907534168, 'sigma_boundary': 5.076042300824087, 'alpha': 0.8001511466292073}. Best is trial 5 with value: 0.037791452661088396.
[I 2026-03-06 08:38:57,582] Trial 151 finished with value: 0.12378455972333663 and parameters: {'sigma_noise': 0.3252428560964247, 'A_repulsion': 0.11921670053719238, 'gamma': 0.3899978447590305, 'sigma_update': 0.24580968052801622, 'eta_learning': 1.165848919746897, 'sigma_boundary': 3.7287645261527955, 'alpha': 0.9014167108099258}. Best is trial 5 with value: 0.037791452661088396.
[I 2026-03-06 08:39:25,879] Trial 150 finished with value: 0.10843998190849814 and parameters: {'sigma_noise': 0.23443744280624812, 'A_repulsion': 0.30415753179053223, 'gamma': 0.4590384622280214, 'sigma_update': 0.14473987182438028, 'eta_learning': 0.7739186101437744, 'sigma_boundary': 6.61515569094856, 'alpha': 0.8032781756751529}. Best is trial 5 with value: 0.037791452661088396.
[I 2026-03-06 08:39:30,369] Trial 159 finished with value: 0.07926949876208769 and parameters: {'sigma_noise': 0.1851459041819139, 'A_repulsion': 0.18416701342676745, 'gamma': 0.4579122475677706, 'sigma_update': 0.23226034458949762, 'eta_learning': 1.6956658946789307, 'sigma_boundary': 4.298779905766539, 'alpha': 0.8651027302878544}. Best is trial 5 with value: 0.037791452661088396.
[I 2026-03-06 08:39:46,374] Trial 154 finished with value: 0.16710764801387307 and parameters: {'sigma_noise': 0.34321219758703353, 'A_repulsion': 0.09417995871993762, 'gamma': 0.41671535977331486, 'sigma_update': 0.11954804267306925, 'eta_learning': 1.0407398078219134, 'sigma_boundary': 2.1082463419480675, 'alpha': 0.6878003363003911}. Best is trial 5 with value: 0.037791452661088396.
[I 2026-03-06 08:40:33,382] Trial 155 finished with value: 0.13459256131484287 and parameters: {'sigma_noise': 0.3032457841760234, 'A_repulsion': 0.19846965867023555, 'gamma': 0.3522935345182376, 'sigma_update': 0.17973826682004648, 'eta_learning': 1.205404627532821, 'sigma_boundary': 3.5038032372446337, 'alpha': 0.8555578996033569}. Best is trial 5 with value: 0.037791452661088396.
[I 2026-03-06 08:40:41,360] Trial 157 finished with value: 0.1036226753723061 and parameters: {'sigma_noise': 0.25708718832229155, 'A_repulsion': 0.1783661652665443, 'gamma': 0.7166098955883202, 'sigma_update': 0.4129890665616921, 'eta_learning': 0.5518671240522559, 'sigma_boundary': 3.560533601551264, 'alpha': 0.5881396703656642}. Best is trial 5 with value: 0.037791452661088396.
[I 2026-03-06 08:40:42,940] Trial 153 finished with value: 1.1255586886730247 and parameters: {'sigma_noise': 0.3501872778437038, 'A_repulsion': 0.15877856722546188, 'gamma': 0.3118466671144447, 'sigma_update': 0.3342942727057941, 'eta_learning': 1.137637752483422, 'sigma_boundary': 6.715278437897657, 'alpha': 0.3005799411274146}. Best is trial 5 with value: 0.037791452661088396.
[I 2026-03-06 08:42:16,339] Trial 158 finished with value: 0.157800598350575 and parameters: {'sigma_noise': 0.1923430655221836, 'A_repulsion': 0.4338032601813216, 'gamma': 0.45515082241322313, 'sigma_update': 0.10351899453704268, 'eta_learning': 0.9949283948786476, 'sigma_boundary': 5.515664667924926, 'alpha': 0.8186489183501928}. Best is trial 5 with value: 0.037791452661088396.
[I 2026-03-06 08:42:46,631] Trial 160 finished with value: 0.08833358083764693 and parameters: {'sigma_noise': 0.17509435246278882, 'A_repulsion': 0.14401491770688007, 'gamma': 0.31561278766108825, 'sigma_update': 0.2412525995355467, 'eta_learning': 1.441753185789307, 'sigma_boundary': 4.449521307517577, 'alpha': 0.6904721647113035}. Best is trial 5 with value: 0.037791452661088396.
[I 2026-03-06 08:46:56,737] Trial 164 finished with value: 0.062440999372623845 and parameters: {'sigma_noise': 0.1616522230834168, 'A_repulsion': 0.1151824632938869, 'gamma': 0.31839965909428114, 'sigma_update': 0.1472125934989238, 'eta_learning': 1.0775973398262413, 'sigma_boundary': 6.555272846654207, 'alpha': 0.48119107471037437}. Best is trial 5 with value: 0.037791452661088396.
[I 2026-03-06 08:48:10,986] Trial 161 finished with value: 0.08775390141927827 and parameters: {'sigma_noise': 0.16540268335562508, 'A_repulsion': 0.3202369188555586, 'gamma': 0.517544394920777, 'sigma_update': 0.18216791549548705, 'eta_learning': 1.3361848440353574, 'sigma_boundary': 3.7833316982082295, 'alpha': 0.8081111161447746}. Best is trial 5 with value: 0.037791452661088396.
[I 2026-03-06 08:49:15,910] Trial 162 finished with value: 0.1019684462319694 and parameters: {'sigma_noise': 0.2777652619090037, 'A_repulsion': 0.17591752237062744, 'gamma': 0.47025937949959684, 'sigma_update': 0.20031530189377278, 'eta_learning': 1.6415036286756057, 'sigma_boundary': 3.228224706490564, 'alpha': 0.761454338866215}. Best is trial 5 with value: 0.037791452661088396.
[I 2026-03-06 08:49:24,907] Trial 163 finished with value: 0.08301812836442932 and parameters: {'sigma_noise': 0.21575086677224614, 'A_repulsion': 0.23672284682178932, 'gamma': 0.310352374545993, 'sigma_update': 0.2193628001341064, 'eta_learning': 0.7120825108251722, 'sigma_boundary': 6.335528230545139, 'alpha': 0.6631142318708126}. Best is trial 5 with value: 0.037791452661088396.
[I 2026-03-06 08:50:25,978] Trial 185 finished with value: 0.07399477702639476 and parameters: {'sigma_noise': 0.1034247367112088, 'A_repulsion': 0.04705061173186306, 'gamma': 0.8894455413225439, 'sigma_update': 0.03473239659068251, 'eta_learning': 0.9670640246726908, 'sigma_boundary': 5.791670479886565, 'alpha': 0.780201788677775}. Best is trial 5 with value: 0.037791452661088396.
[I 2026-03-06 08:50:26,154] Trial 177 finished with value: 0.09080071126571107 and parameters: {'sigma_noise': 0.1347367785107949, 'A_repulsion': 0.1772413614954953, 'gamma': 0.2881297283254172, 'sigma_update': 0.20686057571084732, 'eta_learning': 0.9601329503146169, 'sigma_boundary': 7.798097920367425, 'alpha': 0.640963171647613}. Best is trial 5 with value: 0.037791452661088396.
[I 2026-03-06 08:51:19,574] Trial 166 finished with value: 0.10880357918283623 and parameters: {'sigma_noise': 0.23204768695434158, 'A_repulsion': 0.23390274432177666, 'gamma': 0.3976349820720226, 'sigma_update': 0.11454808825696582, 'eta_learning': 1.2127159694049958, 'sigma_boundary': 4.672516644370725, 'alpha': 0.6819530518862751}. Best is trial 5 with value: 0.037791452661088396.
[I 2026-03-06 08:51:54,889] Trial 165 finished with value: 0.10000480053491759 and parameters: {'sigma_noise': 0.29255416703278403, 'A_repulsion': 0.2179269141052801, 'gamma': 0.4102846240065673, 'sigma_update': 0.23444870516255614, 'eta_learning': 0.8570283153895865, 'sigma_boundary': 5.607774056432943, 'alpha': 0.6976695239209376}. Best is trial 5 with value: 0.037791452661088396.
[I 2026-03-06 08:51:58,642] Trial 167 finished with value: 0.11519509720325233 and parameters: {'sigma_noise': 0.2700314677314833, 'A_repulsion': 0.19276909817213944, 'gamma': 0.3711716640450632, 'sigma_update': 0.1308286727791287, 'eta_learning': 1.2104330550329587, 'sigma_boundary': 6.942254692517451, 'alpha': 0.6707139689371405}. Best is trial 5 with value: 0.037791452661088396.
