[I 2026-03-06 10:17:18,725] Trial 139 finished with value: 0.24833216995482066 and parameters: {'sigma_noise': 0.2685332452771647, 'A_repulsion': 0.15244933113731646, 'gamma': 0.5667176616696996, 'sigma_update': 0.060237259361588164, 'eta_learning': 0.36119732100244895, 'sigma_boundary': 4.251370129141497, 'alpha': 0.8151225193074105}. Best is trial 10 with value: 0.03468194644203019.
[I 2026-03-06 10:17:19,834] Trial 129 finished with value: 0.18732033251623492 and parameters: {'sigma_noise': 0.29320331338142286, 'A_repulsion': 0.2582824279960818, 'gamma': 0.6521442985580753, 'sigma_update': 0.07524775945117386, 'eta_learning': 0.752614967104294, 'sigma_boundary': 4.393501820586713, 'alpha': 0.6732851935553803}. Best is trial 10 with value: 0.03468194644203019.
[I 2026-03-06 10:17:26,361] Trial 130 finished with value: 0.1032739095719543 and parameters: {'sigma_noise': 0.30204872793506654, 'A_repulsion': 0.25848764746449227, 'gamma': 0.6777137624105065, 'sigma_update': 0.23987506995241364, 'eta_learning': 1.2376390765627612, 'sigma_boundary': 5.07876372561128, 'alpha': 0.6481915513196045}. Best is trial 10 with value: 0.03468194644203019.
[I 2026-03-06 10:17:34,345] Trial 133 finished with value: 0.07826682021144128 and parameters: {'sigma_noise': 0.2880700471506327, 'A_repulsion': 0.2763685422960683, 'gamma': 0.6901738688225277, 'sigma_update': 0.26429433026229704, 'eta_learning': 1.9285143408370957, 'sigma_boundary': 6.244240081364377, 'alpha': 0.8292005937811054}. Best is trial 10 with value: 0.03468194644203019.
[I 2026-03-06 10:17:46,964] Trial 132 finished with value: 0.21200851356834913 and parameters: {'sigma_noise': 0.3054839568215565, 'A_repulsion': 0.24222128002458754, 'gamma': 0.25161506726906757, 'sigma_update': 0.08563977253212025, 'eta_learning': 1.1825337221371648, 'sigma_boundary': 6.160150733307169, 'alpha': 0.5805637053770495}. Best is trial 10 with value: 0.03468194644203019.
[I 2026-03-06 10:18:01,351] Trial 142 finished with value: 0.08810169550417238 and parameters: {'sigma_noise': 0.29754012288648773, 'A_repulsion': 0.15773464678331797, 'gamma': 0.6338030816721024, 'sigma_update': 0.20420143835738575, 'eta_learning': 0.8464699542427678, 'sigma_boundary': 7.64935726510964, 'alpha': 0.7349079962333679}. Best is trial 10 with value: 0.03468194644203019.
[I 2026-03-06 10:18:28,585] Trial 143 finished with value: 0.12200364206029637 and parameters: {'sigma_noise': 0.31051707663232964, 'A_repulsion': 0.15071444835839978, 'gamma': 0.5442111938081389, 'sigma_update': 0.25306535580591866, 'eta_learning': 2.02770503081306, 'sigma_boundary': 5.709952057983447, 'alpha': 0.6591368035074303}. Best is trial 10 with value: 0.03468194644203019.
[I 2026-03-06 10:18:41,846] Trial 128 finished with value: 0.17952862301275635 and parameters: {'sigma_noise': 0.3539944118981981, 'A_repulsion': 0.28204819850950985, 'gamma': 0.5466713905803878, 'sigma_update': 0.2078171784340432, 'eta_learning': 1.2420800686518074, 'sigma_boundary': 5.380156532219908, 'alpha': 0.588811479780708}. Best is trial 10 with value: 0.03468194644203019.
[I 2026-03-06 10:18:52,056] Trial 149 finished with value: 0.045818747553078104 and parameters: {'sigma_noise': 0.22651168632155994, 'A_repulsion': 0.25871517969240754, 'gamma': 0.8841686813639736, 'sigma_update': 0.49516015033177335, 'eta_learning': 0.8249261835327671, 'sigma_boundary': 7.849357702758675, 'alpha': 0.9686888444731526}. Best is trial 10 with value: 0.03468194644203019.
[I 2026-03-06 10:19:04,432] Trial 159 finished with value: 0.04761983698461919 and parameters: {'sigma_noise': 0.12481544300854652, 'A_repulsion': 0.10787863254952061, 'gamma': 0.5091432439248144, 'sigma_update': 0.24629480875465692, 'eta_learning': 1.270365856604454, 'sigma_boundary': 6.871861124190004, 'alpha': 0.8752828594730492}. Best is trial 10 with value: 0.03468194644203019.
[I 2026-03-06 10:19:07,758] Trial 147 finished with value: 0.6148536473867223 and parameters: {'sigma_noise': 0.26824243757184274, 'A_repulsion': 0.1892171243809932, 'gamma': 0.4808797269225377, 'sigma_update': 0.02910765617517095, 'eta_learning': 1.3045496086431456, 'sigma_boundary': 7.556770235744847, 'alpha': 0.8063617257627338}. Best is trial 10 with value: 0.03468194644203019.
[I 2026-03-06 10:19:08,986] Trial 141 finished with value: 0.17704478378518065 and parameters: {'sigma_noise': 0.29442216505677626, 'A_repulsion': 0.21643860655678526, 'gamma': 0.48552855965393515, 'sigma_update': 0.35486993007833056, 'eta_learning': 0.8831056709335806, 'sigma_boundary': 4.297856920430153, 'alpha': 0.5910423988508846}. Best is trial 10 with value: 0.03468194644203019.
[I 2026-03-06 10:19:29,928] Trial 157 finished with value: 0.22895124541014086 and parameters: {'sigma_noise': 0.19592017553456004, 'A_repulsion': 0.0637018134208753, 'gamma': 0.36824525475754893, 'sigma_update': 0.0424317810074251, 'eta_learning': 1.338142891902937, 'sigma_boundary': 5.790897214739977, 'alpha': 0.5836352447434653}. Best is trial 10 with value: 0.03468194644203019.
[I 2026-03-06 10:19:36,312] Trial 150 finished with value: 0.07300482963550944 and parameters: {'sigma_noise': 0.2096781016103671, 'A_repulsion': 0.26975715360079244, 'gamma': 0.6194390786577924, 'sigma_update': 0.1122957134012075, 'eta_learning': 0.4072799106987499, 'sigma_boundary': 5.698290605079922, 'alpha': 0.7429213500706263}. Best is trial 10 with value: 0.03468194644203019.
[I 2026-03-06 10:20:09,752] Trial 151 finished with value: 0.06582637383111115 and parameters: {'sigma_noise': 0.21417678112810545, 'A_repulsion': 0.2939558415020631, 'gamma': 0.6655248037659318, 'sigma_update': 0.154874838022665, 'eta_learning': 1.4213298395108136, 'sigma_boundary': 7.392193296793504, 'alpha': 0.5360231023217007}. Best is trial 10 with value: 0.03468194644203019.
[I 2026-03-06 10:20:12,915] Trial 155 finished with value: 0.10305068660693656 and parameters: {'sigma_noise': 0.22897858962981904, 'A_repulsion': 0.15879903735814752, 'gamma': 0.35551634455728853, 'sigma_update': 0.32539055903503245, 'eta_learning': 0.639894633980025, 'sigma_boundary': 7.841391100392749, 'alpha': 0.7752929945524509}. Best is trial 10 with value: 0.03468194644203019.
[I 2026-03-06 10:21:32,410] Trial 156 finished with value: 0.11694533651557845 and parameters: {'sigma_noise': 0.2862665159950463, 'A_repulsion': 0.1167417930641692, 'gamma': 0.31826722144880376, 'sigma_update': 0.28016789654256946, 'eta_learning': 1.3167178465502747, 'sigma_boundary': 6.440647128506302, 'alpha': 0.9945706440601744}. Best is trial 10 with value: 0.03468194644203019.
[I 2026-03-06 10:21:32,616] Trial 154 finished with value: 0.20292733741600943 and parameters: {'sigma_noise': 0.35338063877075715, 'A_repulsion': 0.10523553772176644, 'gamma': 0.32285990749358057, 'sigma_update': 0.3684658486744142, 'eta_learning': 1.1344203417344327, 'sigma_boundary': 8.620249337656746, 'alpha': 0.763331967740299}. Best is trial 10 with value: 0.03468194644203019.
[I 2026-03-06 10:21:49,273] Trial 152 finished with value: 0.14323858822975058 and parameters: {'sigma_noise': 0.33130134671974154, 'A_repulsion': 0.2806052823613592, 'gamma': 0.5838874120347671, 'sigma_update': 0.20156695579144362, 'eta_learning': 1.5829311566912574, 'sigma_boundary': 6.8582975804711515, 'alpha': 0.9526752843688951}. Best is trial 10 with value: 0.03468194644203019.
[I 2026-03-06 10:22:42,363] Trial 158 finished with value: 0.1457557488480728 and parameters: {'sigma_noise': 0.12984146043783948, 'A_repulsion': 0.38614060300614683, 'gamma': 0.5808900150262172, 'sigma_update': 0.05377497323406506, 'eta_learning': 0.6322063936922833, 'sigma_boundary': 7.290078067788152, 'alpha': 0.7223594960879269}. Best is trial 10 with value: 0.03468194644203019.
[I 2026-03-06 10:27:02,118] Trial 160 finished with value: 0.038313181839965904 and parameters: {'sigma_noise': 0.18255437104251543, 'A_repulsion': 0.11003394421829825, 'gamma': 0.718522887098825, 'sigma_update': 0.33624379579679975, 'eta_learning': 1.2247166144431854, 'sigma_boundary': 7.500066729468681, 'alpha': 0.9220947675846051}. Best is trial 10 with value: 0.03468194644203019.
[I 2026-03-06 10:30:23,490] Trial 161 finished with value: 0.09665187629273791 and parameters: {'sigma_noise': 0.1279330615385777, 'A_repulsion': 0.27019696366728074, 'gamma': 0.5095814782029326, 'sigma_update': 0.12931502693394306, 'eta_learning': 1.3006305231199742, 'sigma_boundary': 7.672025530638727, 'alpha': 0.8897813326833978}. Best is trial 10 with value: 0.03468194644203019.
[I 2026-03-06 10:30:31,380] Trial 162 finished with value: 0.07239959283758529 and parameters: {'sigma_noise': 0.20864921045320134, 'A_repulsion': 0.08726260284364584, 'gamma': 0.39077702407258447, 'sigma_update': 0.2460705460209742, 'eta_learning': 1.085504835044624, 'sigma_boundary': 8.664332473352568, 'alpha': 0.8325301419369336}. Best is trial 10 with value: 0.03468194644203019.
[I 2026-03-06 10:32:45,212] Trial 164 finished with value: 0.05112523207690052 and parameters: {'sigma_noise': 0.19718054836782412, 'A_repulsion': 0.1939434513505386, 'gamma': 0.6066462970422869, 'sigma_update': 0.11911633873222174, 'eta_learning': 1.205191978690007, 'sigma_boundary': 8.376857863585316, 'alpha': 0.5669727151623918}. Best is trial 10 with value: 0.03468194644203019.
[I 2026-03-06 10:33:11,697] Trial 177 finished with value: 0.0299813051746277 and parameters: {'sigma_noise': 0.16516725177133523, 'A_repulsion': 0.024931938251625138, 'gamma': 0.7087677596831123, 'sigma_update': 0.2749307858167269, 'eta_learning': 0.886136926685665, 'sigma_boundary': 6.288833155335966, 'alpha': 0.8895229423747916}. Best is trial 177 with value: 0.0299813051746277.
[I 2026-03-06 10:33:44,696] Trial 167 finished with value: 0.06864007422766297 and parameters: {'sigma_noise': 0.17483959559536083, 'A_repulsion': 0.2453211184485547, 'gamma': 0.4567785460148739, 'sigma_update': 0.21958767642439952, 'eta_learning': 0.7871051910433526, 'sigma_boundary': 4.660158881559155, 'alpha': 0.9064493716689179}. Best is trial 177 with value: 0.0299813051746277.
[I 2026-03-06 10:33:47,059] Trial 169 finished with value: 0.10345772816648119 and parameters: {'sigma_noise': 0.11385209744568857, 'A_repulsion': 0.4039307736974566, 'gamma': 0.4078757178645065, 'sigma_update': 0.1519035098061954, 'eta_learning': 1.3811856894674133, 'sigma_boundary': 8.715926919960955, 'alpha': 0.7315893437639464}. Best is trial 177 with value: 0.0299813051746277.
[I 2026-03-06 10:34:20,736] Trial 163 finished with value: 0.046894515662667294 and parameters: {'sigma_noise': 0.240352598669072, 'A_repulsion': 0.2234803582127966, 'gamma': 0.797374198569076, 'sigma_update': 0.23598258155010496, 'eta_learning': 0.4196621954350691, 'sigma_boundary': 6.482204053140971, 'alpha': 0.8796434228932403}. Best is trial 177 with value: 0.0299813051746277.
[I 2026-03-06 10:34:25,752] Trial 170 finished with value: 0.10031549424335179 and parameters: {'sigma_noise': 0.21947998590444812, 'A_repulsion': 0.10718922379975222, 'gamma': 0.3633403462291191, 'sigma_update': 0.32931655351963013, 'eta_learning': 0.3816068797741933, 'sigma_boundary': 5.1544727283862715, 'alpha': 0.6095028187675946}. Best is trial 177 with value: 0.0299813051746277.
[I 2026-03-06 10:34:34,850] Trial 173 finished with value: 0.06385629437032031 and parameters: {'sigma_noise': 0.1869712907172177, 'A_repulsion': 0.15563501351735004, 'gamma': 0.5718741793168631, 'sigma_update': 0.2566894115478709, 'eta_learning': 0.9082540602994635, 'sigma_boundary': 7.256381359035639, 'alpha': 0.6058997466899066}. Best is trial 177 with value: 0.0299813051746277.
[I 2026-03-06 10:34:43,469] Trial 166 finished with value: 0.05930966576414437 and parameters: {'sigma_noise': 0.23692479600209182, 'A_repulsion': 0.19798113953902913, 'gamma': 0.6321331261471621, 'sigma_update': 0.21566248198155044, 'eta_learning': 0.8683465565844929, 'sigma_boundary': 6.117056854382376, 'alpha': 0.8268491669331668}. Best is trial 177 with value: 0.0299813051746277.
[I 2026-03-06 10:34:56,639] Trial 168 finished with value: 0.03394939955875849 and parameters: {'sigma_noise': 0.26627231288963066, 'A_repulsion': 0.14351253708101683, 'gamma': 0.9499347922497265, 'sigma_update': 0.2158173135802639, 'eta_learning': 0.8593238109815096, 'sigma_boundary': 2.737105688075318, 'alpha': 0.8092452122575073}. Best is trial 177 with value: 0.0299813051746277.
[I 2026-03-06 10:35:08,991] Trial 165 finished with value: 0.07856726164100976 and parameters: {'sigma_noise': 0.27125815911476264, 'A_repulsion': 0.16049855916643938, 'gamma': 0.5900972796787475, 'sigma_update': 0.19871561865767412, 'eta_learning': 0.27684617965759906, 'sigma_boundary': 7.1167141052015666, 'alpha': 0.874995030256057}. Best is trial 177 with value: 0.0299813051746277.
[I 2026-03-06 10:35:25,426] Trial 181 finished with value: 0.033362387609222735 and parameters: {'sigma_noise': 0.15921485580817168, 'A_repulsion': 0.11317906573687898, 'gamma': 0.6754255764796763, 'sigma_update': 0.3413072558798398, 'eta_learning': 0.10576062223652578, 'sigma_boundary': 5.724750767086903, 'alpha': 0.8077025556606917}. Best is trial 177 with value: 0.0299813051746277.
[I 2026-03-06 10:35:33,881] Trial 172 finished with value: 0.07599561464608325 and parameters: {'sigma_noise': 0.1945892556267323, 'A_repulsion': 0.1883436321220483, 'gamma': 0.5207186059487156, 'sigma_update': 0.3829236702181232, 'eta_learning': 0.58425088444142, 'sigma_boundary': 6.061611638046207, 'alpha': 0.8168637930899114}. Best is trial 177 with value: 0.0299813051746277.
[I 2026-03-06 10:35:35,306] Trial 179 finished with value: 0.04937953262049008 and parameters: {'sigma_noise': 0.14678422819431408, 'A_repulsion': 0.11018668360648609, 'gamma': 0.5299142566849819, 'sigma_update': 0.13510235458815953, 'eta_learning': 0.9807427631069874, 'sigma_boundary': 4.895578990144517, 'alpha': 0.8103350588284698}. Best is trial 177 with value: 0.0299813051746277.
[I 2026-03-06 10:35:41,900] Trial 184 finished with value: 0.02949272326732235 and parameters: {'sigma_noise': 0.18498348723618724, 'A_repulsion': 0.087196901137885, 'gamma': 0.9321887987883519, 'sigma_update': 0.40817058078953794, 'eta_learning': 0.027294472811307778, 'sigma_boundary': 7.130997313537573, 'alpha': 0.761195525631441}. Best is trial 184 with value: 0.02949272326732235.
[I 2026-03-06 10:35:45,147] Trial 180 finished with value: 0.08645100463628295 and parameters: {'sigma_noise': 0.1486052532182722, 'A_repulsion': 0.17080859960646463, 'gamma': 0.6379548544319821, 'sigma_update': 0.19336285195343123, 'eta_learning': 0.9867948796795984, 'sigma_boundary': 4.399044251945171, 'alpha': 0.42073146671549394}. Best is trial 184 with value: 0.02949272326732235.
[I 2026-03-06 10:35:48,250] Trial 182 finished with value: 0.057056541532284274 and parameters: {'sigma_noise': 0.12986106594569816, 'A_repulsion': 0.25632084020225965, 'gamma': 0.5952276770883492, 'sigma_update': 0.2418659161448773, 'eta_learning': 0.9300148722622644, 'sigma_boundary': 3.6819141535725475, 'alpha': 0.7919469919648471}. Best is trial 184 with value: 0.02949272326732235.
[I 2026-03-06 10:36:12,253] Trial 186 finished with value: 0.054461200621837534 and parameters: {'sigma_noise': 0.18665866319353963, 'A_repulsion': 0.09552105001504785, 'gamma': 0.4184158339025564, 'sigma_update': 0.1577323099970048, 'eta_learning': 0.9159513344871303, 'sigma_boundary': 5.075468394312769, 'alpha': 0.6528467672153944}. Best is trial 184 with value: 0.02949272326732235.
[I 2026-03-06 10:36:15,807] Trial 174 finished with value: 0.07539426223330202 and parameters: {'sigma_noise': 0.160026459087681, 'A_repulsion': 0.3574397181795098, 'gamma': 0.5742939754871172, 'sigma_update': 0.304036997641897, 'eta_learning': 1.433128915783401, 'sigma_boundary': 6.499930464534811, 'alpha': 0.8628552463221928}. Best is trial 184 with value: 0.02949272326732235.
[I 2026-03-06 10:36:19,726] Trial 193 finished with value: 0.024931643817988014 and parameters: {'sigma_noise': 0.15651314824676138, 'A_repulsion': 0.07288903711695364, 'gamma': 0.808361713774164, 'sigma_update': 0.20747105589933224, 'eta_learning': 0.6538736249609355, 'sigma_boundary': 6.887041440523083, 'alpha': 0.7283452934975388}. Best is trial 193 with value: 0.024931643817988014.
[I 2026-03-06 10:36:25,246] Trial 178 finished with value: 0.054673827473812685 and parameters: {'sigma_noise': 0.13415619369595783, 'A_repulsion': 0.28794733699361263, 'gamma': 0.8101064600461401, 'sigma_update': 0.2947122333551427, 'eta_learning': 1.0610918552208686, 'sigma_boundary': 6.645826707494908, 'alpha': 0.8556030897192162}. Best is trial 193 with value: 0.024931643817988014.
[I 2026-03-06 10:36:29,107] Trial 190 finished with value: 0.09002421517278217 and parameters: {'sigma_noise': 0.1469701221210908, 'A_repulsion': 0.1593082260083424, 'gamma': 0.4929093423144123, 'sigma_update': 0.2912840509100941, 'eta_learning': 1.3022205941788845, 'sigma_boundary': 6.185781119085619, 'alpha': 0.555913511396857}. Best is trial 193 with value: 0.024931643817988014.
[I 2026-03-06 10:36:31,327] Trial 176 finished with value: 0.0910712490809166 and parameters: {'sigma_noise': 0.3622859313531687, 'A_repulsion': 0.02707707881326052, 'gamma': 0.8114097109194668, 'sigma_update': 0.2655870457580653, 'eta_learning': 0.7559612022627995, 'sigma_boundary': 6.8942070939054565, 'alpha': 0.886337868949585}. Best is trial 193 with value: 0.024931643817988014.
[I 2026-03-06 10:36:54,522] Trial 195 finished with value: 0.05286855263945246 and parameters: {'sigma_noise': 0.1777389450804755, 'A_repulsion': 0.09366798817686267, 'gamma': 0.5912000773410941, 'sigma_update': 0.07617776592240891, 'eta_learning': 0.9325359487521669, 'sigma_boundary': 6.192090263690322, 'alpha': 0.6149675266089746}. Best is trial 193 with value: 0.024931643817988014.
[I 2026-03-06 10:37:13,174] Trial 171 finished with value: 0.16994027667112252 and parameters: {'sigma_noise': 0.3677981594083967, 'A_repulsion': 0.2235720721692241, 'gamma': 0.4652802786888414, 'sigma_update': 0.2208184516656277, 'eta_learning': 1.0231857123204697, 'sigma_boundary': 6.602752224391028, 'alpha': 0.9060422315250701}. Best is trial 193 with value: 0.024931643817988014.
[I 2026-03-06 10:37:17,778] Trial 175 finished with value: 0.8374914346511115 and parameters: {'sigma_noise': 0.253154755051108, 'A_repulsion': 0.2533604253367351, 'gamma': 0.19529514210818344, 'sigma_update': 0.015474915198086721, 'eta_learning': 0.7213041072703125, 'sigma_boundary': 6.668222912217891, 'alpha': 0.6902736312612238}. Best is trial 193 with value: 0.024931643817988014.
[I 2026-03-06 10:37:22,003] Trial 183 finished with value: 0.16251885166168953 and parameters: {'sigma_noise': 0.24856541598712034, 'A_repulsion': 0.18037917648721463, 'gamma': 0.45566785469938836, 'sigma_update': 0.3848434637481376, 'eta_learning': 1.1898748769708005, 'sigma_boundary': 8.414349360971375, 'alpha': 0.6313809661958243}. Best is trial 193 with value: 0.024931643817988014.
[I 2026-03-06 10:37:25,992] Trial 188 finished with value: 0.0836809029024994 and parameters: {'sigma_noise': 0.22287674878241942, 'A_repulsion': 0.16507819424814316, 'gamma': 0.3979194940235067, 'sigma_update': 0.32897029522485355, 'eta_learning': 1.100292592150501, 'sigma_boundary': 8.104717171519324, 'alpha': 0.934109441443534}. Best is trial 193 with value: 0.024931643817988014.
[I 2026-03-06 10:37:28,376] Trial 198 finished with value: 0.026904627815474935 and parameters: {'sigma_noise': 0.15419910225776817, 'A_repulsion': 0.08954570282136035, 'gamma': 0.8464695282727919, 'sigma_update': 0.1955265690218983, 'eta_learning': 0.5603460366633902, 'sigma_boundary': 6.445355913999359, 'alpha': 0.7487992867081052}. Best is trial 193 with value: 0.024931643817988014.
[I 2026-03-06 10:37:36,243] Trial 192 finished with value: 0.034646778068216894 and parameters: {'sigma_noise': 0.24510947133269068, 'A_repulsion': 0.11696789780582068, 'gamma': 0.7828565083431835, 'sigma_update': 0.23262140957189212, 'eta_learning': 0.032298902370474315, 'sigma_boundary': 3.808141674851046, 'alpha': 0.5230745196158233}. Best is trial 193 with value: 0.024931643817988014.
[I 2026-03-06 10:37:37,573] Trial 185 finished with value: 0.14503819947838384 and parameters: {'sigma_noise': 0.26004790951324097, 'A_repulsion': 0.18435229478004206, 'gamma': 0.6516894990657498, 'sigma_update': 0.22610100367927655, 'eta_learning': 0.7844370328579318, 'sigma_boundary': 4.729517056025074, 'alpha': 0.46968855664788856}. Best is trial 193 with value: 0.024931643817988014.
[I 2026-03-06 10:37:44,519] Trial 194 finished with value: 0.09432344911132066 and parameters: {'sigma_noise': 0.17670773094845182, 'A_repulsion': 0.2343213338703866, 'gamma': 0.5019381397634158, 'sigma_update': 0.08210946808063223, 'eta_learning': 1.5188601579982348, 'sigma_boundary': 5.187265758943721, 'alpha': 0.6725848982264082}. Best is trial 193 with value: 0.024931643817988014.
[I 2026-03-06 10:37:47,797] Trial 191 finished with value: 0.023061624585592876 and parameters: {'sigma_noise': 0.22263683696372577, 'A_repulsion': 0.22316237430123737, 'gamma': 0.930342432262242, 'sigma_update': 0.2896532800953358, 'eta_learning': 0.6782917412251179, 'sigma_boundary': 5.457122876653628, 'alpha': 0.6307802155624174}. Best is trial 191 with value: 0.023061624585592876.
[I 2026-03-06 10:37:56,436] Trial 196 finished with value: 0.034746884742229804 and parameters: {'sigma_noise': 0.2745126834449131, 'A_repulsion': 0.05063178246440503, 'gamma': 0.8747378389651774, 'sigma_update': 0.2881117114711289, 'eta_learning': 0.3609159401948186, 'sigma_boundary': 6.030101575720097, 'alpha': 0.9428986510467372}. Best is trial 191 with value: 0.023061624585592876.
