[I 2026-03-06 07:52:18,685] Trial 51 finished with value: 0.17734628169014782 and parameters: {'sigma_noise': 0.2640077982154318, 'A_repulsion': 0.26953167197463207, 'gamma': 0.5472947839374694, 'sigma_update': 0.4408850836381528, 'eta_learning': 0.9687499755894097, 'sigma_boundary': 4.343965653465198, 'alpha': 0.6421514298554512}. Best is trial 5 with value: 0.037791452661088396.
[I 2026-03-06 07:52:33,831] Trial 62 finished with value: 0.48633689038812977 and parameters: {'sigma_noise': 0.28553846677506434, 'A_repulsion': 0.10760233396500901, 'gamma': 0.6824502323245483, 'sigma_update': 0.28019500495556887, 'eta_learning': 1.3668942048094928, 'sigma_boundary': 1.8321203500923984, 'alpha': 0.3455477979461055}. Best is trial 5 with value: 0.037791452661088396.
[I 2026-03-06 07:52:39,085] Trial 50 finished with value: 0.32025919168635864 and parameters: {'sigma_noise': 0.30497446864834554, 'A_repulsion': 0.36267127568243407, 'gamma': 0.5208414064665573, 'sigma_update': 0.49316322159494413, 'eta_learning': 0.11927638018808799, 'sigma_boundary': 5.365509143975795, 'alpha': 0.2834429031728667}. Best is trial 5 with value: 0.037791452661088396.
[I 2026-03-06 07:52:44,408] Trial 55 finished with value: 0.16895498426211908 and parameters: {'sigma_noise': 0.28247887600537797, 'A_repulsion': 0.21337429003408026, 'gamma': 0.5531180590095109, 'sigma_update': 0.33050899542507983, 'eta_learning': 2.149501539306499, 'sigma_boundary': 5.460424559490534, 'alpha': 0.564741616900807}. Best is trial 5 with value: 0.037791452661088396.
[I 2026-03-06 07:52:49,349] Trial 56 finished with value: 0.049673864232806356 and parameters: {'sigma_noise': 0.2194396610280523, 'A_repulsion': 0.30599459524325745, 'gamma': 0.9560308284719279, 'sigma_update': 0.252340928018681, 'eta_learning': 0.8803866806017061, 'sigma_boundary': 2.506995028136458, 'alpha': 0.7434135440543953}. Best is trial 5 with value: 0.037791452661088396.
[I 2026-03-06 07:53:15,002] Trial 60 finished with value: 0.3736051505096774 and parameters: {'sigma_noise': 0.24160681031222103, 'A_repulsion': 0.20085375738257247, 'gamma': 0.6059009683552289, 'sigma_update': 0.33579597068498096, 'eta_learning': 0.326421539332358, 'sigma_boundary': 4.4562402830542975, 'alpha': 0.2779107247365111}. Best is trial 5 with value: 0.037791452661088396.
[I 2026-03-06 07:53:28,546] Trial 54 finished with value: 0.34289166839475754 and parameters: {'sigma_noise': 0.3618990602582221, 'A_repulsion': 0.19791666277997116, 'gamma': 0.5670465422102886, 'sigma_update': 0.46494118338057694, 'eta_learning': 1.4611026126460276, 'sigma_boundary': 4.658564216799343, 'alpha': 0.5869090642446255}. Best is trial 5 with value: 0.037791452661088396.
[I 2026-03-06 07:53:28,761] Trial 70 finished with value: 0.16438288304540105 and parameters: {'sigma_noise': 0.3129902995677972, 'A_repulsion': 0.0577209448082123, 'gamma': 0.5010905107221886, 'sigma_update': 0.291695017383973, 'eta_learning': 2.016121647731716, 'sigma_boundary': 7.06895739631233, 'alpha': 0.5434768805171629}. Best is trial 5 with value: 0.037791452661088396.
[I 2026-03-06 07:53:36,961] Trial 57 finished with value: 0.6206483769567764 and parameters: {'sigma_noise': 0.253858784784795, 'A_repulsion': 0.35856220697051594, 'gamma': 0.39998516011251906, 'sigma_update': 0.21102687405365203, 'eta_learning': 1.4350371812772695, 'sigma_boundary': 5.3338654529767435, 'alpha': 0.35439343969689197}. Best is trial 5 with value: 0.037791452661088396.
[I 2026-03-06 07:54:10,483] Trial 71 finished with value: 0.07718313364251532 and parameters: {'sigma_noise': 0.22984864809513889, 'A_repulsion': 0.19845955777392338, 'gamma': 0.26239746861002583, 'sigma_update': 0.14961820808859408, 'eta_learning': 0.9092323811781399, 'sigma_boundary': 6.093649863936739, 'alpha': 0.5154996661029778}. Best is trial 5 with value: 0.037791452661088396.
[I 2026-03-06 07:54:34,643] Trial 73 finished with value: 0.15373710834111398 and parameters: {'sigma_noise': 0.2530543319401579, 'A_repulsion': 0.18092971561129234, 'gamma': 0.5495141820740267, 'sigma_update': 0.3599532431527223, 'eta_learning': 2.021387711603754, 'sigma_boundary': 5.163136177567429, 'alpha': 0.5926640118507592}. Best is trial 5 with value: 0.037791452661088396.
[I 2026-03-06 07:54:42,197] Trial 59 finished with value: 0.39488467840715297 and parameters: {'sigma_noise': 0.3146396221202298, 'A_repulsion': 0.24717110595814787, 'gamma': 0.5266586968063843, 'sigma_update': 0.4043343692108771, 'eta_learning': 0.8678217044611681, 'sigma_boundary': 7.336806811589235, 'alpha': 0.4736899243502259}. Best is trial 5 with value: 0.037791452661088396.
[I 2026-03-06 07:54:56,928] Trial 64 finished with value: 0.8345528641878812 and parameters: {'sigma_noise': 0.3165718807449173, 'A_repulsion': 0.16701164596610568, 'gamma': 0.43028834539969396, 'sigma_update': 0.14754577646049388, 'eta_learning': 1.3466625863491462, 'sigma_boundary': 7.646451289737382, 'alpha': 0.32815224808582233}. Best is trial 5 with value: 0.037791452661088396.
[I 2026-03-06 07:55:03,933] Trial 68 finished with value: 0.1666957147703519 and parameters: {'sigma_noise': 0.3149491250512286, 'A_repulsion': 0.14390602680120484, 'gamma': 0.4764539176325859, 'sigma_update': 0.10473427177604397, 'eta_learning': 1.1709571056877446, 'sigma_boundary': 4.7994491397414585, 'alpha': 0.48154303977486934}. Best is trial 5 with value: 0.037791452661088396.
[I 2026-03-06 07:55:23,390] Trial 76 finished with value: 0.11745973442609348 and parameters: {'sigma_noise': 0.1811172582858509, 'A_repulsion': 0.2989265063856727, 'gamma': 0.5925735428244511, 'sigma_update': 0.38313482432429946, 'eta_learning': 1.3907803034932733, 'sigma_boundary': 7.526547629983431, 'alpha': 0.5837221254182595}. Best is trial 5 with value: 0.037791452661088396.
[I 2026-03-06 07:55:48,161] Trial 63 finished with value: 0.11608777898731479 and parameters: {'sigma_noise': 0.30558413736805495, 'A_repulsion': 0.3460492481862967, 'gamma': 0.6291826631151985, 'sigma_update': 0.3454151916967875, 'eta_learning': 0.8153829425889766, 'sigma_boundary': 7.326890828038551, 'alpha': 0.687816003801017}. Best is trial 5 with value: 0.037791452661088396.
[I 2026-03-06 07:55:54,311] Trial 69 finished with value: 0.637185952411198 and parameters: {'sigma_noise': 0.28760725161993916, 'A_repulsion': 0.2664254767539615, 'gamma': 0.4015662394307829, 'sigma_update': 0.5736364879546467, 'eta_learning': 1.7684081480544256, 'sigma_boundary': 6.156390822856451, 'alpha': 0.493559100043356}. Best is trial 5 with value: 0.037791452661088396.
[I 2026-03-06 07:56:14,102] Trial 72 finished with value: 0.10627552675891841 and parameters: {'sigma_noise': 0.2844970566376784, 'A_repulsion': 0.23151960413031575, 'gamma': 0.5072914426149664, 'sigma_update': 0.29491508848335757, 'eta_learning': 1.4216725160330383, 'sigma_boundary': 3.326288913332853, 'alpha': 0.6499237712718309}. Best is trial 5 with value: 0.037791452661088396.
[I 2026-03-06 07:56:19,495] Trial 65 finished with value: 1.4647390074171778 and parameters: {'sigma_noise': 0.3678170436543965, 'A_repulsion': 0.3021716691112286, 'gamma': 0.33876185211081206, 'sigma_update': 0.5176070388182418, 'eta_learning': 0.6933360961447641, 'sigma_boundary': 6.092964021799587, 'alpha': 0.3191672431549029}. Best is trial 5 with value: 0.037791452661088396.
[I 2026-03-06 07:56:51,585] Trial 75 finished with value: 0.16495162115620077 and parameters: {'sigma_noise': 0.2745106037434633, 'A_repulsion': 0.2429449418869586, 'gamma': 0.38901761284439934, 'sigma_update': 0.3483416266956353, 'eta_learning': 1.5854086386306683, 'sigma_boundary': 6.153142238022742, 'alpha': 0.5954044115751704}. Best is trial 5 with value: 0.037791452661088396.
[I 2026-03-06 07:57:10,394] Trial 74 finished with value: 0.2378872333755573 and parameters: {'sigma_noise': 0.2802048055390188, 'A_repulsion': 0.3301761246466657, 'gamma': 0.31271179682934014, 'sigma_update': 0.47230410253641736, 'eta_learning': 1.9353926629472422, 'sigma_boundary': 4.757455692324738, 'alpha': 0.7005504641794673}. Best is trial 5 with value: 0.037791452661088396.
[I 2026-03-06 07:57:41,920] Trial 77 finished with value: 0.7741336760724128 and parameters: {'sigma_noise': 0.24946075881430357, 'A_repulsion': 0.37070490108738924, 'gamma': 0.40217011234361993, 'sigma_update': 0.43455239647716476, 'eta_learning': 0.9792298809374917, 'sigma_boundary': 2.0007245919487247, 'alpha': 0.35809257667729444}. Best is trial 5 with value: 0.037791452661088396.
[I 2026-03-06 07:58:04,827] Trial 78 finished with value: 0.1083049605998958 and parameters: {'sigma_noise': 0.2545994294938762, 'A_repulsion': 0.41123585635216203, 'gamma': 0.4055237912691868, 'sigma_update': 0.3297665921231204, 'eta_learning': 1.3410048285454153, 'sigma_boundary': 6.763516636376601, 'alpha': 0.7122479374369793}. Best is trial 5 with value: 0.037791452661088396.
[I 2026-03-06 07:58:07,793] Trial 79 finished with value: 1.7897013711414098 and parameters: {'sigma_noise': 0.3084489115077677, 'A_repulsion': 0.24633806431824326, 'gamma': 0.39256757443109036, 'sigma_update': 0.3744679282712593, 'eta_learning': 1.7097025187917587, 'sigma_boundary': 6.812382997989869, 'alpha': 0.24832943779089617}. Best is trial 5 with value: 0.037791452661088396.
[I 2026-03-06 08:03:18,360] Trial 80 finished with value: 0.22126280335855222 and parameters: {'sigma_noise': 0.0849362043452129, 'A_repulsion': 0.3625255265431908, 'gamma': 0.47899715974541596, 'sigma_update': 0.36711216683495934, 'eta_learning': 2.0945317135336046, 'sigma_boundary': 5.021631197237493, 'alpha': 0.43110612007937776}. Best is trial 5 with value: 0.037791452661088396.
[I 2026-03-06 08:08:30,873] Trial 81 finished with value: 0.09908100925699054 and parameters: {'sigma_noise': 0.18517719170570301, 'A_repulsion': 0.3356906610210774, 'gamma': 0.4512434023450978, 'sigma_update': 0.2801373389938366, 'eta_learning': 2.0697660911541598, 'sigma_boundary': 3.6771952646869552, 'alpha': 0.538863510830717}. Best is trial 5 with value: 0.037791452661088396.
[I 2026-03-06 08:08:34,733] Trial 82 finished with value: 0.5208207394876476 and parameters: {'sigma_noise': 0.25588617589134516, 'A_repulsion': 0.1624471571128842, 'gamma': 0.35706240493198954, 'sigma_update': 0.24653080882915793, 'eta_learning': 1.6230414997096363, 'sigma_boundary': 4.651651499182469, 'alpha': 0.33181472433661857}. Best is trial 5 with value: 0.037791452661088396.
[I 2026-03-06 08:08:40,036] Trial 83 finished with value: 0.41758553369209334 and parameters: {'sigma_noise': 0.2857205293357731, 'A_repulsion': 0.11044954777971139, 'gamma': 0.5363844375227759, 'sigma_update': 0.39292912345786873, 'eta_learning': 1.4437671381730144, 'sigma_boundary': 3.531068163201568, 'alpha': 0.4283930599133182}. Best is trial 5 with value: 0.037791452661088396.
[I 2026-03-06 08:09:56,031] Trial 87 finished with value: 0.18113691818128347 and parameters: {'sigma_noise': 0.15940960527095294, 'A_repulsion': 0.2932718235176291, 'gamma': 0.5184820057920592, 'sigma_update': 0.36796788325469026, 'eta_learning': 1.4293355987445429, 'sigma_boundary': 4.8104828547500444, 'alpha': 0.49297785820070433}. Best is trial 5 with value: 0.037791452661088396.
[I 2026-03-06 08:10:16,566] Trial 92 finished with value: 0.09820500918645694 and parameters: {'sigma_noise': 0.13847852284371914, 'A_repulsion': 0.1876765808563966, 'gamma': 0.44612498924308924, 'sigma_update': 0.0807462872280931, 'eta_learning': 0.7776750798786297, 'sigma_boundary': 2.9780273142027176, 'alpha': 0.7845354750218556}. Best is trial 5 with value: 0.037791452661088396.
[I 2026-03-06 08:10:39,641] Trial 89 finished with value: 0.17353665551175385 and parameters: {'sigma_noise': 0.17914502027383666, 'A_repulsion': 0.19413246210638443, 'gamma': 0.6504154916751613, 'sigma_update': 0.26197457740255947, 'eta_learning': 1.0073828559882632, 'sigma_boundary': 4.133741022566958, 'alpha': 0.3990835590356541}. Best is trial 5 with value: 0.037791452661088396.
[I 2026-03-06 08:11:16,906] Trial 104 finished with value: 0.21206671328915513 and parameters: {'sigma_noise': 0.14391145235500474, 'A_repulsion': 0.11876232988201826, 'gamma': 0.24647682448788444, 'sigma_update': 0.049504968783633446, 'eta_learning': 1.7934476003922326, 'sigma_boundary': 5.469241279409009, 'alpha': 0.757791077219473}. Best is trial 5 with value: 0.037791452661088396.
[I 2026-03-06 08:11:40,467] Trial 85 finished with value: 1.1903518512041547 and parameters: {'sigma_noise': 0.2348041077686977, 'A_repulsion': 0.28954361500773096, 'gamma': 0.444657134874733, 'sigma_update': 0.47209578003862307, 'eta_learning': 1.653549316667044, 'sigma_boundary': 6.7037183352495315, 'alpha': 0.303438834441427}. Best is trial 5 with value: 0.037791452661088396.
[I 2026-03-06 08:11:58,255] Trial 91 finished with value: 0.1687027060190132 and parameters: {'sigma_noise': 0.13536292823702784, 'A_repulsion': 0.39389048405530375, 'gamma': 0.6914130911526039, 'sigma_update': 0.33056960259437745, 'eta_learning': 1.5341773756897101, 'sigma_boundary': 3.0313417099462967, 'alpha': 0.4181717028375464}. Best is trial 5 with value: 0.037791452661088396.
[I 2026-03-06 08:12:39,260] Trial 86 finished with value: 1.0187529441401417 and parameters: {'sigma_noise': 0.27992592044062437, 'A_repulsion': 0.24458652760219024, 'gamma': 0.480933381923793, 'sigma_update': 0.6983745120972682, 'eta_learning': 0.3420900624801016, 'sigma_boundary': 7.613115886339828, 'alpha': 0.29659984664304073}. Best is trial 5 with value: 0.037791452661088396.
[I 2026-03-06 08:13:00,512] Trial 88 finished with value: 0.10216859748670905 and parameters: {'sigma_noise': 0.20217875686150322, 'A_repulsion': 0.3754899292666929, 'gamma': 0.3284977582025063, 'sigma_update': 0.3202498588405776, 'eta_learning': 1.3607277517222875, 'sigma_boundary': 6.21959182961829, 'alpha': 0.7340567268274892}. Best is trial 5 with value: 0.037791452661088396.
[I 2026-03-06 08:13:06,674] Trial 84 finished with value: 0.41117985729435125 and parameters: {'sigma_noise': 0.427581863228827, 'A_repulsion': 0.22768238748170372, 'gamma': 0.5671334124233616, 'sigma_update': 0.33030044257301666, 'eta_learning': 1.4884993489369098, 'sigma_boundary': 5.11692583403543, 'alpha': 0.5262120336191062}. Best is trial 5 with value: 0.037791452661088396.
[I 2026-03-06 08:13:27,514] Trial 90 finished with value: 0.10918252696096808 and parameters: {'sigma_noise': 0.255960370801024, 'A_repulsion': 0.1901611257873726, 'gamma': 0.5964389891739588, 'sigma_update': 0.25724986789999765, 'eta_learning': 1.0047787281466436, 'sigma_boundary': 2.0274071392329147, 'alpha': 0.5101232026645759}. Best is trial 5 with value: 0.037791452661088396.
[I 2026-03-06 08:13:53,404] Trial 96 finished with value: 0.09137324882116143 and parameters: {'sigma_noise': 0.23054912173536524, 'A_repulsion': 0.23394386792430577, 'gamma': 0.3056424603921524, 'sigma_update': 0.2286014026181868, 'eta_learning': 1.1175355948529657, 'sigma_boundary': 6.089780769877888, 'alpha': 0.713770005126377}. Best is trial 5 with value: 0.037791452661088396.
[I 2026-03-06 08:14:11,675] Trial 95 finished with value: 0.09311302222607366 and parameters: {'sigma_noise': 0.30478377721667804, 'A_repulsion': 0.1395542471945822, 'gamma': 0.6202059831875031, 'sigma_update': 0.1355929146372668, 'eta_learning': 1.4572624522906967, 'sigma_boundary': 3.5278641114549236, 'alpha': 0.6694603875668735}. Best is trial 5 with value: 0.037791452661088396.
[I 2026-03-06 08:14:13,709] Trial 98 finished with value: 0.07739950348820263 and parameters: {'sigma_noise': 0.20556650722022435, 'A_repulsion': 0.2937722182554327, 'gamma': 0.5304021709853387, 'sigma_update': 0.24486685355584004, 'eta_learning': 1.1195555355128919, 'sigma_boundary': 3.3369719756647567, 'alpha': 0.8315833514824971}. Best is trial 5 with value: 0.037791452661088396.
[I 2026-03-06 08:14:19,672] Trial 108 finished with value: 0.07505535405116164 and parameters: {'sigma_noise': 0.143313752479795, 'A_repulsion': 0.20409761987512093, 'gamma': 0.1159177546914912, 'sigma_update': 0.14080627070882865, 'eta_learning': 1.139058710028843, 'sigma_boundary': 4.814634035630828, 'alpha': 0.43920188704371527}. Best is trial 5 with value: 0.037791452661088396.
[I 2026-03-06 08:14:38,543] Trial 93 finished with value: 0.3154613818982498 and parameters: {'sigma_noise': 0.2877499653036563, 'A_repulsion': 0.26262784597323924, 'gamma': 0.649650840433198, 'sigma_update': 0.10891033517853604, 'eta_learning': 1.743583066176661, 'sigma_boundary': 5.541320888497036, 'alpha': 0.43717081729893226}. Best is trial 5 with value: 0.037791452661088396.
[I 2026-03-06 08:14:41,189] Trial 97 finished with value: 0.07283692439319031 and parameters: {'sigma_noise': 0.27914800211616614, 'A_repulsion': 0.17690165339987943, 'gamma': 0.6635066608259953, 'sigma_update': 0.19374719072717592, 'eta_learning': 1.121891568112496, 'sigma_boundary': 5.265347648300936, 'alpha': 0.6437918940663012}. Best is trial 5 with value: 0.037791452661088396.
[I 2026-03-06 08:14:42,992] Trial 94 finished with value: 0.1640346751701336 and parameters: {'sigma_noise': 0.27797836236214746, 'A_repulsion': 0.21733050364979356, 'gamma': 0.6079406655029167, 'sigma_update': 0.10801818301094457, 'eta_learning': 1.6493672679164864, 'sigma_boundary': 5.423120736861045, 'alpha': 0.4675337497583903}. Best is trial 5 with value: 0.037791452661088396.
[I 2026-03-06 08:14:44,021] Trial 106 finished with value: 0.10843282307069008 and parameters: {'sigma_noise': 0.19964102789989008, 'A_repulsion': 0.18114714944451055, 'gamma': 0.5315561816897111, 'sigma_update': 0.0975894772622836, 'eta_learning': 0.8730999214671105, 'sigma_boundary': 3.7222194073614516, 'alpha': 0.9180054600964122}. Best is trial 5 with value: 0.037791452661088396.
[I 2026-03-06 08:14:47,090] Trial 111 finished with value: 0.057124731725516575 and parameters: {'sigma_noise': 0.15388860180211184, 'A_repulsion': 0.1709427810779402, 'gamma': 0.64996075947322, 'sigma_update': 0.213354483966436, 'eta_learning': 1.4672894116677413, 'sigma_boundary': 4.312648532921147, 'alpha': 0.7648219989423001}. Best is trial 5 with value: 0.037791452661088396.
[I 2026-03-06 08:15:16,665] Trial 114 finished with value: 0.08367984502236578 and parameters: {'sigma_noise': 0.1444104545775865, 'A_repulsion': 0.2040322354310752, 'gamma': 0.41039639911510556, 'sigma_update': 0.24091944223997905, 'eta_learning': 1.1023967977225555, 'sigma_boundary': 2.83656348882075, 'alpha': 0.6503342183920243}. Best is trial 5 with value: 0.037791452661088396.
[I 2026-03-06 08:15:28,648] Trial 99 finished with value: 0.10418044464597379 and parameters: {'sigma_noise': 0.22143420662477514, 'A_repulsion': 0.31688261379096, 'gamma': 0.5676844063691604, 'sigma_update': 0.4446241605006336, 'eta_learning': 1.2753068018367948, 'sigma_boundary': 7.025487368161368, 'alpha': 0.7538868395216166}. Best is trial 5 with value: 0.037791452661088396.
[I 2026-03-06 08:15:47,299] Trial 103 finished with value: 0.8363968283580774 and parameters: {'sigma_noise': 0.26459890831038585, 'A_repulsion': 0.1692716567774299, 'gamma': 0.24027008045018067, 'sigma_update': 0.017635864937647815, 'eta_learning': 0.9421946359179074, 'sigma_boundary': 4.785974761646925, 'alpha': 0.6875758580782472}. Best is trial 5 with value: 0.037791452661088396.
[I 2026-03-06 08:16:17,219] Trial 107 finished with value: 0.09384552331688185 and parameters: {'sigma_noise': 0.21455962065084122, 'A_repulsion': 0.22762169070191765, 'gamma': 0.30787895358320894, 'sigma_update': 0.25315881372875604, 'eta_learning': 0.41859363152929274, 'sigma_boundary': 4.058156216724645, 'alpha': 0.7743042402525614}. Best is trial 5 with value: 0.037791452661088396.
[I 2026-03-06 08:16:19,759] Trial 102 finished with value: 0.06621311605475416 and parameters: {'sigma_noise': 0.23670023241066374, 'A_repulsion': 0.25061087024743667, 'gamma': 0.7733972680806788, 'sigma_update': 0.15717177503160812, 'eta_learning': 0.3262393139492355, 'sigma_boundary': 5.950971186419903, 'alpha': 0.8663791289954015}. Best is trial 5 with value: 0.037791452661088396.
[I 2026-03-06 08:16:26,293] Trial 100 finished with value: 0.09926713570576257 and parameters: {'sigma_noise': 0.2586511168202546, 'A_repulsion': 0.28595814157750865, 'gamma': 0.4125989232883538, 'sigma_update': 0.27624522223206505, 'eta_learning': 0.2329448705849153, 'sigma_boundary': 5.369365307002174, 'alpha': 0.8552514989662785}. Best is trial 5 with value: 0.037791452661088396.
[I 2026-03-06 08:16:55,472] Trial 101 finished with value: 0.33961754342523387 and parameters: {'sigma_noise': 0.26349792967147284, 'A_repulsion': 0.24847120366819161, 'gamma': 0.5453961547744944, 'sigma_update': 0.04222636488745342, 'eta_learning': 1.6109946199540388, 'sigma_boundary': 0.7177014214266256, 'alpha': 0.6280828109695006}. Best is trial 5 with value: 0.037791452661088396.
[I 2026-03-06 08:17:00,146] Trial 109 finished with value: 0.12570232480484284 and parameters: {'sigma_noise': 0.28845956528763705, 'A_repulsion': 0.13070621293563228, 'gamma': 0.5210966815532758, 'sigma_update': 0.3410457792688792, 'eta_learning': 0.4755116697441018, 'sigma_boundary': 4.732759563219612, 'alpha': 0.688346401438187}. Best is trial 5 with value: 0.037791452661088396.
[I 2026-03-06 08:17:15,170] Trial 105 finished with value: 0.05182525753208704 and parameters: {'sigma_noise': 0.26592106898457346, 'A_repulsion': 0.24781934116647464, 'gamma': 0.818883564194937, 'sigma_update': 0.28526266666614364, 'eta_learning': 1.539653808151111, 'sigma_boundary': 4.636293324501085, 'alpha': 0.6120084958402081}. Best is trial 5 with value: 0.037791452661088396.
[I 2026-03-06 08:17:42,240] Trial 116 finished with value: 0.10814952413908865 and parameters: {'sigma_noise': 0.15915445943372844, 'A_repulsion': 0.2843780309328001, 'gamma': 0.4438800973546289, 'sigma_update': 0.3235369019409026, 'eta_learning': 1.1431830006645174, 'sigma_boundary': 7.046692229662111, 'alpha': 0.5974041832629631}. Best is trial 5 with value: 0.037791452661088396.
