[I 2026-03-04 05:26:52,743] Trial 139 finished with value: 0.08440197221124522 and parameters: {'sigma_noise': 0.2422701263781592, 'A_repulsion': 0.19235452231902322, 'gamma': 0.8122455342629599, 'sigma_update': 0.46507518254832214, 'eta_learning': 0.697662869825936, 'sigma_boundary': 2.835497974369787, 'alpha': 0.5445466850548609}. Best is trial 117 with value: 0.04895664947994857.
[I 2026-03-04 05:26:52,830] Trial 137 finished with value: 0.07939554479258278 and parameters: {'sigma_noise': 0.26573872134381044, 'A_repulsion': 0.193429701729244, 'gamma': 0.6926201274756983, 'sigma_update': 0.5748293482452735, 'eta_learning': 1.0262145283845912, 'sigma_boundary': 5.0721455566896125, 'alpha': 0.7739170630225845}. Best is trial 117 with value: 0.04895664947994857.
[I 2026-03-04 05:27:19,573] Trial 140 finished with value: 0.07724298659332168 and parameters: {'sigma_noise': 0.2830149876104984, 'A_repulsion': 0.17626157831096487, 'gamma': 0.723779682112905, 'sigma_update': 0.4420855735350637, 'eta_learning': 0.9188123348726245, 'sigma_boundary': 1.748752995287225, 'alpha': 0.8108431290902123}. Best is trial 117 with value: 0.04895664947994857.
[I 2026-03-04 05:27:30,556] Trial 143 finished with value: 0.07259782188670703 and parameters: {'sigma_noise': 0.24965275633558176, 'A_repulsion': 0.20969386841299115, 'gamma': 0.735520638388658, 'sigma_update': 0.5160807831198314, 'eta_learning': 0.45440146354171057, 'sigma_boundary': 6.897397807518792, 'alpha': 0.5991521801799499}. Best is trial 117 with value: 0.04895664947994857.
[I 2026-03-04 05:27:51,765] Trial 142 finished with value: 0.10312187630219219 and parameters: {'sigma_noise': 0.28141047411875225, 'A_repulsion': 0.3853729448466028, 'gamma': 0.6121380719904961, 'sigma_update': 0.20294792951495166, 'eta_learning': 1.368949463459186, 'sigma_boundary': 5.746004362999931, 'alpha': 0.58986718060499}. Best is trial 117 with value: 0.04895664947994857.
[I 2026-03-04 05:28:44,481] Trial 144 finished with value: 0.07757159466595358 and parameters: {'sigma_noise': 0.2932514171470097, 'A_repulsion': 0.25277769935085626, 'gamma': 0.7273622324031255, 'sigma_update': 0.4159457832940385, 'eta_learning': 0.43159700156620784, 'sigma_boundary': 2.26227521038633, 'alpha': 0.7017559387637076}. Best is trial 117 with value: 0.04895664947994857.
[I 2026-03-04 05:28:47,111] Trial 145 finished with value: 0.2341846481166045 and parameters: {'sigma_noise': 0.28599714043517077, 'A_repulsion': 0.18344864144857434, 'gamma': 0.8932622125699194, 'sigma_update': 0.4479879478362544, 'eta_learning': 0.6320774362419747, 'sigma_boundary': 6.529738252775368, 'alpha': 0.4102597161329382}. Best is trial 117 with value: 0.04895664947994857.
[I 2026-03-04 05:29:25,404] Trial 150 finished with value: 0.09636020786894722 and parameters: {'sigma_noise': 0.17022380301630435, 'A_repulsion': 0.09165174090790704, 'gamma': 0.8157977915674527, 'sigma_update': 0.3645710505274191, 'eta_learning': 1.359923592142822, 'sigma_boundary': 3.157690160331746, 'alpha': 0.8939059320989542}. Best is trial 117 with value: 0.04895664947994857.
[I 2026-03-04 05:29:41,029] Trial 146 finished with value: 0.2542260191935919 and parameters: {'sigma_noise': 0.32560458107751683, 'A_repulsion': 0.2973625234094541, 'gamma': 0.6023647930060056, 'sigma_update': 0.5198147077805823, 'eta_learning': 0.501967880008374, 'sigma_boundary': 1.820554994168232, 'alpha': 0.6161742395536483}. Best is trial 117 with value: 0.04895664947994857.
[I 2026-03-04 05:29:42,729] Trial 148 finished with value: 0.06722655765743665 and parameters: {'sigma_noise': 0.2895599666848394, 'A_repulsion': 0.04077142142518218, 'gamma': 0.7407617560007081, 'sigma_update': 0.48211717715282026, 'eta_learning': 1.2706145231826953, 'sigma_boundary': 1.9211245762282114, 'alpha': 0.6919009770370601}. Best is trial 117 with value: 0.04895664947994857.
[I 2026-03-04 05:29:56,820] Trial 147 finished with value: 0.057320177029386445 and parameters: {'sigma_noise': 0.2628949888770123, 'A_repulsion': 0.1354405895051016, 'gamma': 0.9664792658283063, 'sigma_update': 0.6948791847461658, 'eta_learning': 1.0358764798251643, 'sigma_boundary': 3.157395719796614, 'alpha': 0.8369247598475138}. Best is trial 117 with value: 0.04895664947994857.
[I 2026-03-04 05:30:07,910] Trial 155 finished with value: 0.05768049597832136 and parameters: {'sigma_noise': 0.20827469168330925, 'A_repulsion': 0.05857797463832132, 'gamma': 0.7829521885520073, 'sigma_update': 0.27884963478197505, 'eta_learning': 1.4584683653105581, 'sigma_boundary': 2.123449749456445, 'alpha': 0.5176760933480219}. Best is trial 117 with value: 0.04895664947994857.
[I 2026-03-04 05:30:33,549] Trial 156 finished with value: 0.09757697664243722 and parameters: {'sigma_noise': 0.22118360344410543, 'A_repulsion': 0.09237426565380252, 'gamma': 0.7658831159073851, 'sigma_update': 0.43700330337083765, 'eta_learning': 1.1629750624768278, 'sigma_boundary': 3.0891443798226375, 'alpha': 0.5360473339872069}. Best is trial 117 with value: 0.04895664947994857.
[I 2026-03-04 05:30:35,287] Trial 153 finished with value: 0.05297488272462121 and parameters: {'sigma_noise': 0.22371784326122318, 'A_repulsion': 0.1281019428969884, 'gamma': 0.8715147975001595, 'sigma_update': 0.3644109057216456, 'eta_learning': 1.0507962809221119, 'sigma_boundary': 1.871276273753594, 'alpha': 0.6227893657094343}. Best is trial 117 with value: 0.04895664947994857.
[I 2026-03-04 05:30:42,100] Trial 154 finished with value: 0.05651108023747678 and parameters: {'sigma_noise': 0.21856743150124391, 'A_repulsion': 0.18092780610237702, 'gamma': 0.9183316211605552, 'sigma_update': 0.3950442285378954, 'eta_learning': 0.8012533961446511, 'sigma_boundary': 1.9886358254956498, 'alpha': 0.6625776967050325}. Best is trial 117 with value: 0.04895664947994857.
[I 2026-03-04 05:30:53,106] Trial 149 finished with value: 0.27589020388582863 and parameters: {'sigma_noise': 0.3084577368225968, 'A_repulsion': 0.15851756024133457, 'gamma': 0.7948290935386797, 'sigma_update': 0.5968493828292872, 'eta_learning': 1.812411536076438, 'sigma_boundary': 1.7000031863036231, 'alpha': 0.4691812444286305}. Best is trial 117 with value: 0.04895664947994857.
[I 2026-03-04 05:30:53,229] Trial 151 finished with value: 0.09094740797396503 and parameters: {'sigma_noise': 0.25720832694865753, 'A_repulsion': 0.1741335065430606, 'gamma': 0.7411634655093243, 'sigma_update': 0.36019722640150004, 'eta_learning': 1.118038473413625, 'sigma_boundary': 3.6054880924154777, 'alpha': 0.9818201787213796}. Best is trial 117 with value: 0.04895664947994857.
[I 2026-03-04 05:30:53,459] Trial 152 finished with value: 0.06372387210398775 and parameters: {'sigma_noise': 0.27355236255710424, 'A_repulsion': 0.11488873234454192, 'gamma': 0.9799418554647705, 'sigma_update': 0.39411897186626155, 'eta_learning': 1.4023814692313104, 'sigma_boundary': 3.9364605412726803, 'alpha': 0.7585892610955008}. Best is trial 117 with value: 0.04895664947994857.
[I 2026-03-04 05:31:22,241] Trial 157 finished with value: 0.38979071784173924 and parameters: {'sigma_noise': 0.2753577273699955, 'A_repulsion': 0.14015739413691108, 'gamma': 0.9380689843314763, 'sigma_update': 0.2043726206872772, 'eta_learning': 1.4234431090096142, 'sigma_boundary': 1.0270856493766283, 'alpha': 0.3066391680663055}. Best is trial 117 with value: 0.04895664947994857.
[I 2026-03-04 05:31:39,656] Trial 161 finished with value: 0.05174504929217985 and parameters: {'sigma_noise': 0.20837624592181098, 'A_repulsion': 0.18711026521914603, 'gamma': 0.8472550508063024, 'sigma_update': 0.5508339657126565, 'eta_learning': 0.8045523601939715, 'sigma_boundary': 1.148834806699969, 'alpha': 0.6853607990823541}. Best is trial 117 with value: 0.04895664947994857.
[I 2026-03-04 05:31:55,339] Trial 163 finished with value: 0.08831087478069422 and parameters: {'sigma_noise': 0.19033924817236392, 'A_repulsion': 0.19186075400091251, 'gamma': 0.6854298667211952, 'sigma_update': 0.338815145883312, 'eta_learning': 1.9256304854134376, 'sigma_boundary': 1.86244142477111, 'alpha': 0.512554877195718}. Best is trial 117 with value: 0.04895664947994857.
[I 2026-03-04 05:32:00,713] Trial 159 finished with value: 0.06639998700363635 and parameters: {'sigma_noise': 0.33434737423374905, 'A_repulsion': 0.08424646320492186, 'gamma': 0.9247478735652742, 'sigma_update': 0.3446203996449444, 'eta_learning': 1.262712866578533, 'sigma_boundary': 0.5320118065028724, 'alpha': 0.5350652302565195}. Best is trial 117 with value: 0.04895664947994857.
[I 2026-03-04 05:32:07,998] Trial 162 finished with value: 0.07524199386701262 and parameters: {'sigma_noise': 0.2524273644037797, 'A_repulsion': 0.19453283976688543, 'gamma': 0.932662105858111, 'sigma_update': 0.3132522830233699, 'eta_learning': 1.5249272764425579, 'sigma_boundary': 0.19460677562795653, 'alpha': 0.7398707990131562}. Best is trial 117 with value: 0.04895664947994857.
[I 2026-03-04 05:32:15,279] Trial 164 finished with value: 0.18697057942002557 and parameters: {'sigma_noise': 0.25327753529689206, 'A_repulsion': 0.15981815800585275, 'gamma': 0.5949274289538503, 'sigma_update': 0.44080616236815234, 'eta_learning': 1.3406857988579968, 'sigma_boundary': 3.7999653462668728, 'alpha': 0.5237612425749342}. Best is trial 117 with value: 0.04895664947994857.
[I 2026-03-04 05:32:18,459] Trial 160 finished with value: 0.06929813815458255 and parameters: {'sigma_noise': 0.31877856199625204, 'A_repulsion': 0.11438176470656043, 'gamma': 0.8639745997932885, 'sigma_update': 0.45753994190705116, 'eta_learning': 0.8407258549086408, 'sigma_boundary': 1.3176988463595973, 'alpha': 0.7504150583800565}. Best is trial 117 with value: 0.04895664947994857.
[I 2026-03-04 05:32:28,854] Trial 166 finished with value: 0.07403439468645491 and parameters: {'sigma_noise': 0.2604352064687979, 'A_repulsion': 0.015374723838713383, 'gamma': 0.9625122543574091, 'sigma_update': 0.41986119530060806, 'eta_learning': 0.9027526879500372, 'sigma_boundary': 3.9710314496442836, 'alpha': 0.9387387404649578}. Best is trial 117 with value: 0.04895664947994857.
[I 2026-03-04 05:32:33,712] Trial 158 finished with value: 0.12609175670738226 and parameters: {'sigma_noise': 0.44151362372801234, 'A_repulsion': 0.04943161737459038, 'gamma': 0.7905088428654581, 'sigma_update': 0.3608646996882718, 'eta_learning': 1.6158490324913302, 'sigma_boundary': 0.7232357319512862, 'alpha': 0.613150074710898}. Best is trial 117 with value: 0.04895664947994857.
[I 2026-03-04 05:32:45,984] Trial 165 finished with value: 0.16874899624014375 and parameters: {'sigma_noise': 0.24078477991934233, 'A_repulsion': 0.16930746422575865, 'gamma': 0.7309122877039042, 'sigma_update': 0.4529106852981763, 'eta_learning': 0.3563128966028549, 'sigma_boundary': 2.3724040071463026, 'alpha': 0.39277223196138733}. Best is trial 117 with value: 0.04895664947994857.
[I 2026-03-04 05:33:37,164] Trial 167 finished with value: 0.07193798150940427 and parameters: {'sigma_noise': 0.275305991061615, 'A_repulsion': 0.199473193000195, 'gamma': 0.9743525053200747, 'sigma_update': 0.3666082342213442, 'eta_learning': 1.0720888277956309, 'sigma_boundary': 0.321966903168289, 'alpha': 0.6733940079982594}. Best is trial 117 with value: 0.04895664947994857.
[I 2026-03-04 05:33:51,292] Trial 169 finished with value: 0.07078127384943544 and parameters: {'sigma_noise': 0.2572965249205671, 'A_repulsion': 0.06001364991018679, 'gamma': 0.980544728849941, 'sigma_update': 0.4383030348442299, 'eta_learning': 0.335748822217086, 'sigma_boundary': 0.8295222483970699, 'alpha': 0.7727745660504125}. Best is trial 117 with value: 0.04895664947994857.
[I 2026-03-04 05:34:10,323] Trial 170 finished with value: 0.050080955300783304 and parameters: {'sigma_noise': 0.2323437974948459, 'A_repulsion': 0.004881189768252858, 'gamma': 0.8235291145284753, 'sigma_update': 0.38607088903982223, 'eta_learning': 1.572832646439262, 'sigma_boundary': 2.6984656064823684, 'alpha': 0.6432282115014437}. Best is trial 117 with value: 0.04895664947994857.
[I 2026-03-04 05:34:26,438] Trial 168 finished with value: 0.08647710936583601 and parameters: {'sigma_noise': 0.2090457763972941, 'A_repulsion': 0.3021349544052585, 'gamma': 0.6854400454339306, 'sigma_update': 0.41010608860510983, 'eta_learning': 1.240861660312456, 'sigma_boundary': 1.8592684187781339, 'alpha': 0.5938963749046301}. Best is trial 117 with value: 0.04895664947994857.
[I 2026-03-04 05:35:04,841] Trial 172 finished with value: 0.0578282427437113 and parameters: {'sigma_noise': 0.2918373415758033, 'A_repulsion': 0.07876215971395932, 'gamma': 0.9154441362211323, 'sigma_update': 0.3122565827261601, 'eta_learning': 0.3066789170938841, 'sigma_boundary': 3.3044629375368486, 'alpha': 0.4850580251711631}. Best is trial 117 with value: 0.04895664947994857.
[I 2026-03-04 05:35:07,390] Trial 178 finished with value: 0.09884778111682987 and parameters: {'sigma_noise': 0.13703901924300657, 'A_repulsion': 0.08958911999216265, 'gamma': 0.8735259343923739, 'sigma_update': 0.5179007704544162, 'eta_learning': 0.6403002661898473, 'sigma_boundary': 3.187761285390869, 'alpha': 0.7569353934994594}. Best is trial 117 with value: 0.04895664947994857.
[I 2026-03-04 05:35:12,877] Trial 173 finished with value: 0.3045441508858736 and parameters: {'sigma_noise': 0.24957712086673983, 'A_repulsion': 0.09256972552178444, 'gamma': 0.5837638346021465, 'sigma_update': 0.374788465995908, 'eta_learning': 0.843313148602749, 'sigma_boundary': 4.63576624857044, 'alpha': 0.3990046757140061}. Best is trial 117 with value: 0.04895664947994857.
[I 2026-03-04 05:35:30,523] Trial 174 finished with value: 0.07076257051581711 and parameters: {'sigma_noise': 0.262304535337566, 'A_repulsion': 0.1061012065282444, 'gamma': 0.7223550391508803, 'sigma_update': 0.3256427799672383, 'eta_learning': 0.91779140473591, 'sigma_boundary': 0.9544517739572751, 'alpha': 0.6255115027513489}. Best is trial 117 with value: 0.04895664947994857.
[I 2026-03-04 05:35:37,967] Trial 171 finished with value: 0.0998859674653798 and parameters: {'sigma_noise': 0.2651724627275472, 'A_repulsion': 0.20417220646568637, 'gamma': 0.7909296402107864, 'sigma_update': 0.36325620827203486, 'eta_learning': 1.4996657931880029, 'sigma_boundary': 3.921857638432084, 'alpha': 0.49214483959688105}. Best is trial 117 with value: 0.04895664947994857.
[I 2026-03-04 05:35:38,830] Trial 176 finished with value: 0.5038770146482701 and parameters: {'sigma_noise': 0.2253165815106138, 'A_repulsion': 0.1016009411909693, 'gamma': 0.6881955306536176, 'sigma_update': 0.3675811315921049, 'eta_learning': 1.0988368736022442, 'sigma_boundary': 5.442546636238192, 'alpha': 0.31986175236977704}. Best is trial 117 with value: 0.04895664947994857.
[I 2026-03-04 05:35:53,362] Trial 177 finished with value: 0.05295657946641255 and parameters: {'sigma_noise': 0.26373476196235074, 'A_repulsion': 0.06481186704128027, 'gamma': 0.9630527947600054, 'sigma_update': 0.3109508351714931, 'eta_learning': 0.7316878824158594, 'sigma_boundary': 4.233246402350604, 'alpha': 0.7245238416360391}. Best is trial 117 with value: 0.04895664947994857.
[I 2026-03-04 05:36:07,885] Trial 175 finished with value: 0.056645004841336916 and parameters: {'sigma_noise': 0.33830853306392006, 'A_repulsion': 0.06291082799412227, 'gamma': 0.9864115420817177, 'sigma_update': 0.10986152819052768, 'eta_learning': 1.187527453561706, 'sigma_boundary': 2.632886634163764, 'alpha': 0.4667950089294314}. Best is trial 117 with value: 0.04895664947994857.
[I 2026-03-04 05:36:08,341] Trial 180 finished with value: 0.1701216029779285 and parameters: {'sigma_noise': 0.31195195437149026, 'A_repulsion': 0.01853844756240583, 'gamma': 0.7615153281558124, 'sigma_update': 0.49096550000772876, 'eta_learning': 1.3597324508101267, 'sigma_boundary': 4.962232715469435, 'alpha': 0.5184580668616988}. Best is trial 117 with value: 0.04895664947994857.
[I 2026-03-04 05:36:25,773] Trial 184 finished with value: 0.06857307811283053 and parameters: {'sigma_noise': 0.1541715067986075, 'A_repulsion': 0.02975431922666369, 'gamma': 0.9901285888832061, 'sigma_update': 0.5175326203228836, 'eta_learning': 1.3947969724750238, 'sigma_boundary': 1.2103201423329715, 'alpha': 0.8203884726016727}. Best is trial 117 with value: 0.04895664947994857.
[I 2026-03-04 05:36:30,172] Trial 185 finished with value: 0.10491118717770095 and parameters: {'sigma_noise': 0.15496082952076656, 'A_repulsion': 0.05508893646679537, 'gamma': 0.7882180753237106, 'sigma_update': 0.35811845100748085, 'eta_learning': 0.39999683883223336, 'sigma_boundary': 3.2472016337575025, 'alpha': 0.8092203741291881}. Best is trial 117 with value: 0.04895664947994857.
[I 2026-03-04 05:36:33,540] Trial 179 finished with value: 0.19124051033171102 and parameters: {'sigma_noise': 0.2469347181798484, 'A_repulsion': 0.20496277030707025, 'gamma': 0.6773651341462749, 'sigma_update': 0.40362739066812553, 'eta_learning': 1.4827655990963529, 'sigma_boundary': 2.1023579233233725, 'alpha': 0.4510041643187159}. Best is trial 117 with value: 0.04895664947994857.
[I 2026-03-04 05:36:42,498] Trial 189 finished with value: 0.1009593211289328 and parameters: {'sigma_noise': 0.12834896430198617, 'A_repulsion': 0.05481644673812813, 'gamma': 0.8975941071868732, 'sigma_update': 0.4199199485594443, 'eta_learning': 0.9130645992444547, 'sigma_boundary': 0.5202724977626072, 'alpha': 0.7905951935948036}. Best is trial 117 with value: 0.04895664947994857.
[I 2026-03-04 05:36:45,563] Trial 187 finished with value: 0.08256748373579176 and parameters: {'sigma_noise': 0.1521328926386734, 'A_repulsion': 0.04917569826719845, 'gamma': 0.8039533000444538, 'sigma_update': 0.5418659100269049, 'eta_learning': 1.2446086123601607, 'sigma_boundary': 2.2655173975963505, 'alpha': 0.6350392349622163}. Best is trial 117 with value: 0.04895664947994857.
[I 2026-03-04 05:36:51,535] Trial 181 finished with value: 0.1067805160842156 and parameters: {'sigma_noise': 0.2669284295842735, 'A_repulsion': 0.15104021852669539, 'gamma': 0.69195011632606, 'sigma_update': 0.2522691620654034, 'eta_learning': 2.1656244043500092, 'sigma_boundary': 2.326149396717737, 'alpha': 0.5204083235065745}. Best is trial 117 with value: 0.04895664947994857.
[I 2026-03-04 05:36:54,779] Trial 183 finished with value: 0.06315796566400181 and parameters: {'sigma_noise': 0.23657740209551886, 'A_repulsion': 0.13337388480403323, 'gamma': 0.766946905583238, 'sigma_update': 0.43437208505826674, 'eta_learning': 0.48924940225281244, 'sigma_boundary': 2.0658916992258693, 'alpha': 0.695352200740628}. Best is trial 117 with value: 0.04895664947994857.
[I 2026-03-04 05:37:15,090] Trial 190 finished with value: 0.10976033191018811 and parameters: {'sigma_noise': 0.17364597984106822, 'A_repulsion': 0.1776991123327622, 'gamma': 0.6309914706089756, 'sigma_update': 0.38745105565034865, 'eta_learning': 1.0197435137783653, 'sigma_boundary': 1.496930253917319, 'alpha': 0.5577132205139558}. Best is trial 117 with value: 0.04895664947994857.
[I 2026-03-04 05:37:22,384] Trial 188 finished with value: 0.4762389342353035 and parameters: {'sigma_noise': 0.32141120288722724, 'A_repulsion': 0.06211796276966454, 'gamma': 0.5042323551818851, 'sigma_update': 0.43179171168231745, 'eta_learning': 1.425317903516969, 'sigma_boundary': 4.212340091634351, 'alpha': 0.4522420774412538}. Best is trial 117 with value: 0.04895664947994857.
[I 2026-03-04 05:37:27,572] Trial 186 finished with value: 0.1058138071483837 and parameters: {'sigma_noise': 0.19366054596870236, 'A_repulsion': 0.3449482270315829, 'gamma': 0.7329351625478339, 'sigma_update': 0.45282583321963144, 'eta_learning': 0.10451957638228541, 'sigma_boundary': 1.3943242978977044, 'alpha': 0.5803554717689317}. Best is trial 117 with value: 0.04895664947994857.
[I 2026-03-04 05:37:27,684] Trial 182 finished with value: 0.07182638536349303 and parameters: {'sigma_noise': 0.30221307631566985, 'A_repulsion': 0.22122346367645743, 'gamma': 0.7557102536063323, 'sigma_update': 0.46115711270965043, 'eta_learning': 1.1025094815537044, 'sigma_boundary': 3.7198682808244268, 'alpha': 0.6663816311689678}. Best is trial 117 with value: 0.04895664947994857.
[I 2026-03-04 05:37:57,039] Trial 193 finished with value: 0.11106582140248682 and parameters: {'sigma_noise': 0.3012081713227535, 'A_repulsion': 0.03562507931268212, 'gamma': 0.9981148869944998, 'sigma_update': 0.4407630789700861, 'eta_learning': 0.8388850296736355, 'sigma_boundary': 0.07832585962880242, 'alpha': 0.5222074627510586}. Best is trial 117 with value: 0.04895664947994857.
[I 2026-03-04 05:38:00,614] Trial 191 finished with value: 0.06552956071972157 and parameters: {'sigma_noise': 0.25187449563496217, 'A_repulsion': 0.19320977612935225, 'gamma': 0.8092981942720443, 'sigma_update': 0.26396048681680356, 'eta_learning': 1.5621611639250303, 'sigma_boundary': 1.0534228941092256, 'alpha': 0.6895996309536211}. Best is trial 117 with value: 0.04895664947994857.
[I 2026-03-04 05:38:04,161] Trial 194 finished with value: 0.07107540630225748 and parameters: {'sigma_noise': 0.25996858074658363, 'A_repulsion': 0.06307881781144546, 'gamma': 0.7141205574006768, 'sigma_update': 0.4003131128372667, 'eta_learning': 0.9609584653075433, 'sigma_boundary': 4.3104210784999735, 'alpha': 0.7234394764458205}. Best is trial 117 with value: 0.04895664947994857.
[I 2026-03-04 05:38:05,333] Trial 192 finished with value: 0.09991444081339215 and parameters: {'sigma_noise': 0.3713723971262942, 'A_repulsion': 0.03922520694634682, 'gamma': 0.7519192359914916, 'sigma_update': 0.4063683833563542, 'eta_learning': 1.4989592979918847, 'sigma_boundary': 2.651232180182655, 'alpha': 0.7757306562151488}. Best is trial 117 with value: 0.04895664947994857.
