[I 2026-03-04 05:15:15,173] Trial 89 finished with value: 0.07952056625617078 and parameters: {'sigma_noise': 0.18687803357709099, 'A_repulsion': 0.18068800001776078, 'gamma': 0.8343431680346068, 'sigma_update': 0.5664379898592103, 'eta_learning': 0.5769026767963418, 'sigma_boundary': 1.4166414882592062, 'alpha': 0.7125226758115435}. Best is trial 60 with value: 0.07373253304254515.
[I 2026-03-04 05:15:15,393] Trial 81 finished with value: 0.4293938649718601 and parameters: {'sigma_noise': 0.3567272432130228, 'A_repulsion': 0.11436674078082378, 'gamma': 0.5037010196128828, 'sigma_update': 0.5986720392616705, 'eta_learning': 0.8691457173063105, 'sigma_boundary': 3.3550158546735553, 'alpha': 0.6632293399044935}. Best is trial 60 with value: 0.07373253304254515.
[I 2026-03-04 05:15:16,401] Trial 80 finished with value: 0.07904285528104349 and parameters: {'sigma_noise': 0.2757917085153958, 'A_repulsion': 0.24646473347849646, 'gamma': 0.8199079204607448, 'sigma_update': 0.15981843263853712, 'eta_learning': 1.0132108405458151, 'sigma_boundary': 4.423381320541188, 'alpha': 0.5583214860137945}. Best is trial 60 with value: 0.07373253304254515.
[I 2026-03-04 05:15:26,348] Trial 86 finished with value: 0.09508548972245859 and parameters: {'sigma_noise': 0.210781211075387, 'A_repulsion': 0.19176068630519216, 'gamma': 0.6014306072016703, 'sigma_update': 0.33167698466812645, 'eta_learning': 0.38908587949699774, 'sigma_boundary': 2.9385717449583177, 'alpha': 0.48969077383213955}. Best is trial 60 with value: 0.07373253304254515.
[I 2026-03-04 05:15:35,141] Trial 87 finished with value: 0.08998889417025022 and parameters: {'sigma_noise': 0.27564338613107153, 'A_repulsion': 0.11635542964442334, 'gamma': 0.5526248986834463, 'sigma_update': 0.23862762771296578, 'eta_learning': 0.8082212178839022, 'sigma_boundary': 1.3729043846057816, 'alpha': 0.7015257400819657}. Best is trial 60 with value: 0.07373253304254515.
[I 2026-03-04 05:15:42,064] Trial 92 finished with value: 0.12212043330091173 and parameters: {'sigma_noise': 0.21620799347192216, 'A_repulsion': 0.017682545664838525, 'gamma': 0.4345455507797919, 'sigma_update': 0.32755116899292175, 'eta_learning': 1.0887762085923054, 'sigma_boundary': 1.5345303194747828, 'alpha': 0.42181361302487563}. Best is trial 60 with value: 0.07373253304254515.
[I 2026-03-04 05:15:44,314] Trial 85 finished with value: 0.07421769675532364 and parameters: {'sigma_noise': 0.1946089404917936, 'A_repulsion': 0.31529608248811664, 'gamma': 0.9011831809985427, 'sigma_update': 0.4282789310924654, 'eta_learning': 0.5947949482040753, 'sigma_boundary': 2.916566273327815, 'alpha': 0.5913780938673572}. Best is trial 60 with value: 0.07373253304254515.
[I 2026-03-04 05:15:45,632] Trial 93 finished with value: 0.1118527610853349 and parameters: {'sigma_noise': 0.16101380740809193, 'A_repulsion': 0.021899167075386694, 'gamma': 0.750523439235468, 'sigma_update': 0.43116385565804555, 'eta_learning': 1.6756152593813252, 'sigma_boundary': 1.7698021899457401, 'alpha': 0.43945481365979716}. Best is trial 60 with value: 0.07373253304254515.
[I 2026-03-04 05:15:53,169] Trial 91 finished with value: 0.08764265948083519 and parameters: {'sigma_noise': 0.2337037349509506, 'A_repulsion': 0.14276527010304763, 'gamma': 0.676110744742139, 'sigma_update': 0.31225132592029253, 'eta_learning': 1.7867620056634248, 'sigma_boundary': 2.6141592853199787, 'alpha': 0.8164698078262772}. Best is trial 60 with value: 0.07373253304254515.
[I 2026-03-04 05:15:57,948] Trial 82 finished with value: 0.38352008198122706 and parameters: {'sigma_noise': 0.31811901240769735, 'A_repulsion': 0.19398026256010775, 'gamma': 0.5839297311360645, 'sigma_update': 0.49141793280706114, 'eta_learning': 0.7479579041730807, 'sigma_boundary': 5.659824099526827, 'alpha': 0.513948460420125}. Best is trial 60 with value: 0.07373253304254515.
[I 2026-03-04 05:16:21,655] Trial 88 finished with value: 0.09657279752378159 and parameters: {'sigma_noise': 0.26573569230676036, 'A_repulsion': 0.2781523208524356, 'gamma': 0.6937637148303339, 'sigma_update': 0.16753706070696994, 'eta_learning': 1.2255871884233027, 'sigma_boundary': 4.324498272174121, 'alpha': 0.709050789936454}. Best is trial 60 with value: 0.07373253304254515.
[I 2026-03-04 05:16:48,277] Trial 94 finished with value: 0.07014851249432356 and parameters: {'sigma_noise': 0.2490414269350526, 'A_repulsion': 0.1613771949927344, 'gamma': 0.7432153965655978, 'sigma_update': 0.4298907321437871, 'eta_learning': 1.3282675236380037, 'sigma_boundary': 3.4687245848433688, 'alpha': 0.5839617942070213}. Best is trial 94 with value: 0.07014851249432356.
[I 2026-03-04 05:16:54,430] Trial 95 finished with value: 0.3647816693037541 and parameters: {'sigma_noise': 0.2661148930086307, 'A_repulsion': 0.04398662863190287, 'gamma': 0.2761469249838387, 'sigma_update': 0.6179949533700769, 'eta_learning': 1.2125867080661108, 'sigma_boundary': 3.1644841047258843, 'alpha': 0.7685607030489794}. Best is trial 94 with value: 0.07014851249432356.
[I 2026-03-04 05:17:46,491] Trial 96 finished with value: 0.13381778904771194 and parameters: {'sigma_noise': 0.297154140374078, 'A_repulsion': 0.11904297196365879, 'gamma': 0.5427350809622177, 'sigma_update': 0.30823594494814144, 'eta_learning': 1.3111582997536497, 'sigma_boundary': 3.868200558434329, 'alpha': 0.6358978003249157}. Best is trial 94 with value: 0.07014851249432356.
[I 2026-03-04 05:17:52,206] Trial 99 finished with value: 0.08168756848810307 and parameters: {'sigma_noise': 0.13857938071816783, 'A_repulsion': 0.05049160870956637, 'gamma': 0.7658206692403355, 'sigma_update': 0.5408952988699816, 'eta_learning': 0.8934954548802868, 'sigma_boundary': 4.47551800201851, 'alpha': 0.6805206489285334}. Best is trial 94 with value: 0.07014851249432356.
[I 2026-03-04 05:18:16,256] Trial 98 finished with value: 0.09530427565946045 and parameters: {'sigma_noise': 0.21411284805712566, 'A_repulsion': 0.11091270612145378, 'gamma': 0.6248279857206215, 'sigma_update': 0.3438021227237192, 'eta_learning': 2.4206215552278763, 'sigma_boundary': 1.4985081673802811, 'alpha': 0.9202156529586362}. Best is trial 94 with value: 0.07014851249432356.
[I 2026-03-04 05:18:51,310] Trial 102 finished with value: 0.09974442481166382 and parameters: {'sigma_noise': 0.18413063971239074, 'A_repulsion': 0.002274857035804309, 'gamma': 0.7113483261379535, 'sigma_update': 0.5201126380297904, 'eta_learning': 1.9142326593585142, 'sigma_boundary': 4.1733879852069, 'alpha': 0.6414144394620755}. Best is trial 94 with value: 0.07014851249432356.
[I 2026-03-04 05:19:05,728] Trial 97 finished with value: 0.13966620623263765 and parameters: {'sigma_noise': 0.32823436787038046, 'A_repulsion': 0.1732218876253432, 'gamma': 0.5265809228145293, 'sigma_update': 0.2808794028264838, 'eta_learning': 1.3102386540887214, 'sigma_boundary': 0.9968366327765475, 'alpha': 0.7906968202714375}. Best is trial 94 with value: 0.07014851249432356.
[I 2026-03-04 05:19:07,669] Trial 101 finished with value: 0.06216046364064668 and parameters: {'sigma_noise': 0.2231409404498917, 'A_repulsion': 0.15557439224094763, 'gamma': 0.7040689993014995, 'sigma_update': 0.4329793372124326, 'eta_learning': 1.9329081379715949, 'sigma_boundary': 1.5704815737450604, 'alpha': 0.8263481500725641}. Best is trial 101 with value: 0.06216046364064668.
[I 2026-03-04 05:19:33,602] Trial 100 finished with value: 0.2304195506577843 and parameters: {'sigma_noise': 0.3454487211832177, 'A_repulsion': 0.0804905319617049, 'gamma': 0.5555050238292382, 'sigma_update': 0.5474361697933651, 'eta_learning': 0.5353039555614432, 'sigma_boundary': 2.4341073896901393, 'alpha': 0.7650339243890922}. Best is trial 101 with value: 0.06216046364064668.
[I 2026-03-04 05:19:47,861] Trial 103 finished with value: 0.10030548498658733 and parameters: {'sigma_noise': 0.2105335151696031, 'A_repulsion': 0.11184051173540503, 'gamma': 0.6831093109096189, 'sigma_update': 0.6239109300054503, 'eta_learning': 1.5780471665825129, 'sigma_boundary': 0.8906089995591441, 'alpha': 0.5683084511999613}. Best is trial 101 with value: 0.06216046364064668.
[I 2026-03-04 05:20:01,843] Trial 105 finished with value: 0.1867627276145814 and parameters: {'sigma_noise': 0.2658027928526551, 'A_repulsion': 0.05359533832785774, 'gamma': 0.6117092333266163, 'sigma_update': 0.5442423712359173, 'eta_learning': 1.1156008579169117, 'sigma_boundary': 5.179415065654141, 'alpha': 0.6001890962532463}. Best is trial 101 with value: 0.06216046364064668.
[I 2026-03-04 05:20:04,827] Trial 110 finished with value: 0.09709004587946037 and parameters: {'sigma_noise': 0.1867492034346449, 'A_repulsion': 0.06760272999408362, 'gamma': 0.5566674095488265, 'sigma_update': 0.35619237547648425, 'eta_learning': 1.0060448604291374, 'sigma_boundary': 1.8836847144930462, 'alpha': 0.6133946768450842}. Best is trial 101 with value: 0.06216046364064668.
[I 2026-03-04 05:20:06,991] Trial 107 finished with value: 0.20727963833512758 and parameters: {'sigma_noise': 0.15239041747590576, 'A_repulsion': 0.15803873139192842, 'gamma': 0.2873400140602738, 'sigma_update': 0.4768050471688913, 'eta_learning': 1.6386010658641783, 'sigma_boundary': 3.8053321844935177, 'alpha': 0.5773494674862567}. Best is trial 101 with value: 0.06216046364064668.
[I 2026-03-04 05:20:30,441] Trial 104 finished with value: 0.09885968360925029 and parameters: {'sigma_noise': 0.26685730741443886, 'A_repulsion': 0.13975321314445416, 'gamma': 0.662571060270753, 'sigma_update': 0.419298908505506, 'eta_learning': 1.4737524307438306, 'sigma_boundary': 2.114184456365521, 'alpha': 0.6997063126127195}. Best is trial 101 with value: 0.06216046364064668.
[I 2026-03-04 05:20:31,992] Trial 111 finished with value: 0.08349861758779205 and parameters: {'sigma_noise': 0.16532267266131978, 'A_repulsion': 0.16327454590332247, 'gamma': 0.9402197008440281, 'sigma_update': 0.4174862899678439, 'eta_learning': 1.5957038760657312, 'sigma_boundary': 1.2380379691062373, 'alpha': 0.48400147327534626}. Best is trial 101 with value: 0.06216046364064668.
[I 2026-03-04 05:20:43,607] Trial 115 finished with value: 0.20225347154813328 and parameters: {'sigma_noise': 0.18082176795186233, 'A_repulsion': 0.14980916245978965, 'gamma': 0.5791792533133872, 'sigma_update': 0.5540862140585819, 'eta_learning': 0.9072167518553834, 'sigma_boundary': 5.080878969393753, 'alpha': 0.5112605015793374}. Best is trial 101 with value: 0.06216046364064668.
[I 2026-03-04 05:20:45,869] Trial 108 finished with value: 0.08414547356001648 and parameters: {'sigma_noise': 0.19585550716509492, 'A_repulsion': 0.26474392722671247, 'gamma': 0.6818798586620014, 'sigma_update': 0.48619432680282065, 'eta_learning': 2.0387952069132345, 'sigma_boundary': 5.154169620426121, 'alpha': 0.6426383514426992}. Best is trial 101 with value: 0.06216046364064668.
[I 2026-03-04 05:20:51,219] Trial 106 finished with value: 0.10594090918681467 and parameters: {'sigma_noise': 0.3038456036413627, 'A_repulsion': 0.08050082135800701, 'gamma': 0.6780737527983977, 'sigma_update': 0.19314608324699312, 'eta_learning': 1.9979199305373125, 'sigma_boundary': 3.879601533572151, 'alpha': 0.6873112316105318}. Best is trial 101 with value: 0.06216046364064668.
[I 2026-03-04 05:21:02,838] Trial 112 finished with value: 0.10342797597941222 and parameters: {'sigma_noise': 0.2770844269189588, 'A_repulsion': 0.09437130964809035, 'gamma': 0.563581698190429, 'sigma_update': 0.3401122023671592, 'eta_learning': 1.9885803953641876, 'sigma_boundary': 1.6753709782764892, 'alpha': 0.5781743699742098}. Best is trial 101 with value: 0.06216046364064668.
[I 2026-03-04 05:21:08,058] Trial 117 finished with value: 0.04895664947994857 and parameters: {'sigma_noise': 0.26164218979398185, 'A_repulsion': 0.007272781485637897, 'gamma': 0.8128243431332124, 'sigma_update': 0.5028129292778799, 'eta_learning': 1.1008731857935867, 'sigma_boundary': 1.6733673089244383, 'alpha': 0.6986355953114068}. Best is trial 117 with value: 0.04895664947994857.
[I 2026-03-04 05:21:21,103] Trial 114 finished with value: 0.22863123475975253 and parameters: {'sigma_noise': 0.258201710777403, 'A_repulsion': 0.13918303327554188, 'gamma': 0.4347011358995501, 'sigma_update': 0.47684790792332205, 'eta_learning': 0.48083540875113917, 'sigma_boundary': 1.7271407531305036, 'alpha': 0.5525607879756035}. Best is trial 117 with value: 0.04895664947994857.
[I 2026-03-04 05:21:32,168] Trial 119 finished with value: 0.12061150149011185 and parameters: {'sigma_noise': 0.12466736362752122, 'A_repulsion': 0.10856156667734301, 'gamma': 0.5726139564719218, 'sigma_update': 0.44381508962157606, 'eta_learning': 1.0773158135766134, 'sigma_boundary': 3.7657670072983342, 'alpha': 0.7058149343962677}. Best is trial 117 with value: 0.04895664947994857.
[I 2026-03-04 05:21:39,904] Trial 113 finished with value: 0.22308022470989947 and parameters: {'sigma_noise': 0.2752655518276839, 'A_repulsion': 0.19511039982761283, 'gamma': 0.5598678760734095, 'sigma_update': 0.31676857315938617, 'eta_learning': 1.830655109258082, 'sigma_boundary': 4.2693392425597185, 'alpha': 0.4596565177184716}. Best is trial 117 with value: 0.04895664947994857.
[I 2026-03-04 05:21:42,447] Trial 109 finished with value: 0.26619337569089624 and parameters: {'sigma_noise': 0.3316986002034226, 'A_repulsion': 0.22258342673985285, 'gamma': 0.6857180553768537, 'sigma_update': 0.48929882975583094, 'eta_learning': 2.4061811197766616, 'sigma_boundary': 2.7738050890289747, 'alpha': 0.5718263839748391}. Best is trial 117 with value: 0.04895664947994857.
[I 2026-03-04 05:21:42,635] Trial 116 finished with value: 0.1678824540190272 and parameters: {'sigma_noise': 0.3676132650360598, 'A_repulsion': 0.04228042578277937, 'gamma': 0.339333276176115, 'sigma_update': 0.321633086362207, 'eta_learning': 1.2152253536533897, 'sigma_boundary': 4.4086699877507725, 'alpha': 0.6138653495663862}. Best is trial 117 with value: 0.04895664947994857.
[I 2026-03-04 05:21:54,710] Trial 118 finished with value: 0.14223848054563082 and parameters: {'sigma_noise': 0.16131240401809055, 'A_repulsion': 0.13040169207532726, 'gamma': 0.62406172638844, 'sigma_update': 0.40863764762183674, 'eta_learning': 1.4759401297055352, 'sigma_boundary': 4.5359337653090055, 'alpha': 0.4801355677704422}. Best is trial 117 with value: 0.04895664947994857.
[I 2026-03-04 05:22:58,112] Trial 121 finished with value: 0.05117297254225159 and parameters: {'sigma_noise': 0.26383014913979336, 'A_repulsion': 0.026243751031017254, 'gamma': 0.9755854897885843, 'sigma_update': 0.42386941727159233, 'eta_learning': 1.174602501609295, 'sigma_boundary': 2.9768929569367897, 'alpha': 0.7011515905099609}. Best is trial 117 with value: 0.04895664947994857.
[I 2026-03-04 05:23:03,739] Trial 120 finished with value: 0.05092359294406358 and parameters: {'sigma_noise': 0.22778903880743612, 'A_repulsion': 0.1297360198695053, 'gamma': 0.8454689582026018, 'sigma_update': 0.3411624074914342, 'eta_learning': 1.2934969890040733, 'sigma_boundary': 1.9663224314728123, 'alpha': 0.6204892160414995}. Best is trial 117 with value: 0.04895664947994857.
[I 2026-03-04 05:23:33,509] Trial 122 finished with value: 0.08746256258881487 and parameters: {'sigma_noise': 0.20000855427208547, 'A_repulsion': 0.20590381424326182, 'gamma': 0.5921674400302795, 'sigma_update': 0.38992020715478054, 'eta_learning': 1.3728566725050722, 'sigma_boundary': 0.7784579427007834, 'alpha': 0.7583769207621383}. Best is trial 117 with value: 0.04895664947994857.
[I 2026-03-04 05:24:27,235] Trial 124 finished with value: 0.0699110536933862 and parameters: {'sigma_noise': 0.24507054954343632, 'A_repulsion': 0.16750963918839656, 'gamma': 0.74192577806882, 'sigma_update': 0.4707389661536793, 'eta_learning': 0.7994620213230563, 'sigma_boundary': 2.3097378972655247, 'alpha': 0.5966562254052328}. Best is trial 117 with value: 0.04895664947994857.
[I 2026-03-04 05:24:28,738] Trial 126 finished with value: 0.10192119756164307 and parameters: {'sigma_noise': 0.16749212095006838, 'A_repulsion': 0.20308557140216543, 'gamma': 0.6582269039740688, 'sigma_update': 0.35885812890235624, 'eta_learning': 1.5558811690713887, 'sigma_boundary': 3.878249807414089, 'alpha': 0.6217466490836646}. Best is trial 117 with value: 0.04895664947994857.
[I 2026-03-04 05:24:51,276] Trial 123 finished with value: 0.08604339653146212 and parameters: {'sigma_noise': 0.3048928178960099, 'A_repulsion': 0.17954681000697342, 'gamma': 0.7162846288260902, 'sigma_update': 0.3224439291766168, 'eta_learning': 0.8141253058125808, 'sigma_boundary': 1.0717249076997786, 'alpha': 0.5042060029838884}. Best is trial 117 with value: 0.04895664947994857.
[I 2026-03-04 05:24:58,399] Trial 134 finished with value: 0.10501881815463418 and parameters: {'sigma_noise': 0.11733097842089578, 'A_repulsion': 0.14804784529707232, 'gamma': 0.7594366402338417, 'sigma_update': 0.5301319567803568, 'eta_learning': 0.8307798025375268, 'sigma_boundary': 2.8545706913680955, 'alpha': 0.6728123367694004}. Best is trial 117 with value: 0.04895664947994857.
[I 2026-03-04 05:25:10,056] Trial 125 finished with value: 0.15392577722760886 and parameters: {'sigma_noise': 0.32498573407273373, 'A_repulsion': 0.14969668828730295, 'gamma': 0.6084456394804604, 'sigma_update': 0.44070300166606874, 'eta_learning': 0.8841306777323579, 'sigma_boundary': 2.219019978974561, 'alpha': 0.8251191355097208}. Best is trial 117 with value: 0.04895664947994857.
[I 2026-03-04 05:25:23,541] Trial 129 finished with value: 0.2561678490763959 and parameters: {'sigma_noise': 0.3205889856101364, 'A_repulsion': 0.010294270015621138, 'gamma': 0.7291723835893091, 'sigma_update': 0.4121837561889192, 'eta_learning': 1.0630062290508027, 'sigma_boundary': 4.7807052801428815, 'alpha': 0.4246833092469516}. Best is trial 117 with value: 0.04895664947994857.
[I 2026-03-04 05:25:28,919] Trial 127 finished with value: 0.1445535765359776 and parameters: {'sigma_noise': 0.30261233765685897, 'A_repulsion': 0.10321486772675342, 'gamma': 0.5888405058927193, 'sigma_update': 0.25291817203279926, 'eta_learning': 0.5936801341021367, 'sigma_boundary': 5.3015763697412766, 'alpha': 0.47301729981175356}. Best is trial 117 with value: 0.04895664947994857.
[I 2026-03-04 05:25:29,326] Trial 130 finished with value: 0.08456539488340964 and parameters: {'sigma_noise': 0.24785967992390467, 'A_repulsion': 0.13436316859238773, 'gamma': 0.6684864253228301, 'sigma_update': 0.6314414800059316, 'eta_learning': 1.0617410502585374, 'sigma_boundary': 3.1093194527743337, 'alpha': 0.737409245336667}. Best is trial 117 with value: 0.04895664947994857.
[I 2026-03-04 05:25:35,448] Trial 135 finished with value: 0.1200666974253399 and parameters: {'sigma_noise': 0.12636020623529998, 'A_repulsion': 0.23518704837565715, 'gamma': 0.7591009598116435, 'sigma_update': 0.4499037637330309, 'eta_learning': 0.9762685107567742, 'sigma_boundary': 4.39832765653613, 'alpha': 0.5233049937765929}. Best is trial 117 with value: 0.04895664947994857.
[I 2026-03-04 05:25:47,657] Trial 132 finished with value: 0.24776163848058894 and parameters: {'sigma_noise': 0.23206183104541755, 'A_repulsion': 0.15165567504196031, 'gamma': 0.6704216020858946, 'sigma_update': 0.4513486646075305, 'eta_learning': 1.8610799347199969, 'sigma_boundary': 2.47444530290236, 'alpha': 0.4433342656123852}. Best is trial 117 with value: 0.04895664947994857.
[I 2026-03-04 05:25:51,491] Trial 128 finished with value: 0.07691337314811705 and parameters: {'sigma_noise': 0.26494623098807824, 'A_repulsion': 0.19538916151504562, 'gamma': 0.8108047247345853, 'sigma_update': 0.3490845304537001, 'eta_learning': 0.4497149064725666, 'sigma_boundary': 3.562356331597277, 'alpha': 0.7737224881727967}. Best is trial 117 with value: 0.04895664947994857.
[I 2026-03-04 05:26:20,777] Trial 136 finished with value: 0.08092616420415581 and parameters: {'sigma_noise': 0.2881078336271811, 'A_repulsion': 0.08707117146799054, 'gamma': 0.7035548547462566, 'sigma_update': 0.3996610868450178, 'eta_learning': 2.1039025175952877, 'sigma_boundary': 2.0439313270351844, 'alpha': 0.7195009000688616}. Best is trial 117 with value: 0.04895664947994857.
[I 2026-03-04 05:26:26,154] Trial 138 finished with value: 0.06690090102581514 and parameters: {'sigma_noise': 0.28149341619227775, 'A_repulsion': 0.05557799664472428, 'gamma': 0.74501899907055, 'sigma_update': 0.4504283872352689, 'eta_learning': 0.4933269039495924, 'sigma_boundary': 6.269378156301475, 'alpha': 0.7737967131863803}. Best is trial 117 with value: 0.04895664947994857.
[I 2026-03-04 05:26:28,962] Trial 133 finished with value: 0.07726419426283773 and parameters: {'sigma_noise': 0.24034939379367803, 'A_repulsion': 0.22355737563108358, 'gamma': 0.7529875989155085, 'sigma_update': 0.6043383245292883, 'eta_learning': 1.0419454155343661, 'sigma_boundary': 3.3204717327803555, 'alpha': 0.6617122445973231}. Best is trial 117 with value: 0.04895664947994857.
[I 2026-03-04 05:26:30,454] Trial 141 finished with value: 0.08485443969013773 and parameters: {'sigma_noise': 0.19701602048279626, 'A_repulsion': 0.10516514073497898, 'gamma': 0.7824390520087887, 'sigma_update': 0.43443667762173044, 'eta_learning': 1.2436721401670672, 'sigma_boundary': 3.495576159412871, 'alpha': 0.8477333960748572}. Best is trial 117 with value: 0.04895664947994857.
[I 2026-03-04 05:26:31,486] Trial 131 finished with value: 0.135832273055903 and parameters: {'sigma_noise': 0.30772276431187595, 'A_repulsion': 0.15118988357398977, 'gamma': 0.7501686071393586, 'sigma_update': 0.46127218995960967, 'eta_learning': 1.338591296854778, 'sigma_boundary': 5.170004328981377, 'alpha': 0.5190259660775626}. Best is trial 117 with value: 0.04895664947994857.
