[I 2026-03-04 05:38:09,531] Trial 196 finished with value: 0.04808361940157935 and parameters: {'sigma_noise': 0.18859075497643146, 'A_repulsion': 0.02600869178158835, 'gamma': 0.9347117391623779, 'sigma_update': 0.40230847166941724, 'eta_learning': 0.7345224798384037, 'sigma_boundary': 0.5189716423824942, 'alpha': 0.5956238097369346}. Best is trial 196 with value: 0.04808361940157935.
[I 2026-03-04 05:38:13,742] Trial 195 finished with value: 0.07229910478626073 and parameters: {'sigma_noise': 0.27524986216545905, 'A_repulsion': 0.05975443570193009, 'gamma': 0.9256206036137844, 'sigma_update': 0.5010747638209159, 'eta_learning': 1.1295864950711498, 'sigma_boundary': 2.8630010150651297, 'alpha': 0.8860241915944154}. Best is trial 196 with value: 0.04808361940157935.
[I 2026-03-04 05:38:19,588] Trial 199 finished with value: 0.07106099744849392 and parameters: {'sigma_noise': 0.2229359288758056, 'A_repulsion': 0.15374644862058023, 'gamma': 0.8853508871533661, 'sigma_update': 0.2124216909822421, 'eta_learning': 0.45459781618447226, 'sigma_boundary': 1.882161336034572, 'alpha': 0.6492423186935886}. Best is trial 196 with value: 0.04808361940157935.
[I 2026-03-04 05:38:21,169] Trial 198 finished with value: 0.0567248858732579 and parameters: {'sigma_noise': 0.22068887830248607, 'A_repulsion': 0.15736170068019373, 'gamma': 0.9776216970945318, 'sigma_update': 0.1955262244974309, 'eta_learning': 1.6650996134235714, 'sigma_boundary': 1.43419128586844, 'alpha': 0.5203128224820242}. Best is trial 196 with value: 0.04808361940157935.
[I 2026-03-04 05:38:21,917] Trial 197 finished with value: 0.05788927359857464 and parameters: {'sigma_noise': 0.2211888662910821, 'A_repulsion': 0.235136299607894, 'gamma': 0.8379023171801463, 'sigma_update': 0.2842821586714444, 'eta_learning': 1.2212807052219052, 'sigma_boundary': 1.544931750471734, 'alpha': 0.5186956921581475}. Best is trial 196 with value: 0.04808361940157935.
