[I 2026-03-04 04:24:38,815] Trial 57 finished with value: 0.1664931640043042 and parameters: {'sigma_noise': 0.18311758486885282, 'A_repulsion': 0.34594860380489323, 'gamma': 0.5873276997079686, 'sigma_update': 0.4274794582743608, 'eta_learning': 0.8170562414798747, 'sigma_boundary': 7.770349338864479, 'alpha': 0.728706430795696}. Best is trial 50 with value: 0.09265201215718324.
[I 2026-03-04 04:24:47,116] Trial 56 finished with value: 0.17633049017639107 and parameters: {'sigma_noise': 0.31107282077371506, 'A_repulsion': 0.2995016890124388, 'gamma': 0.7020858471288416, 'sigma_update': 0.40397821795637284, 'eta_learning': 1.7075247393367026, 'sigma_boundary': 6.254471000555237, 'alpha': 0.5941172947726944}. Best is trial 50 with value: 0.09265201215718324.
[I 2026-03-04 04:24:58,687] Trial 55 finished with value: 0.2347837893530415 and parameters: {'sigma_noise': 0.35484316785022474, 'A_repulsion': 0.3469623302645549, 'gamma': 0.49676605149177544, 'sigma_update': 0.3736134592854545, 'eta_learning': 0.6153012392303833, 'sigma_boundary': 8.09242818099024, 'alpha': 0.7119066979403487}. Best is trial 50 with value: 0.09265201215718324.
[I 2026-03-04 04:25:25,200] Trial 59 finished with value: 0.13167352464392262 and parameters: {'sigma_noise': 0.2743191562927508, 'A_repulsion': 0.3856950528899683, 'gamma': 0.7193449433129443, 'sigma_update': 0.49709779843316104, 'eta_learning': 1.061702423002889, 'sigma_boundary': 6.121160226647656, 'alpha': 0.7510656400985036}. Best is trial 50 with value: 0.09265201215718324.
[I 2026-03-04 04:26:15,939] Trial 60 finished with value: 0.25537529313602103 and parameters: {'sigma_noise': 0.29282983406506974, 'A_repulsion': 0.21850053573737332, 'gamma': 0.5722049664424809, 'sigma_update': 0.47043744403759025, 'eta_learning': 1.510534024264297, 'sigma_boundary': 4.668265840059931, 'alpha': 0.5858445156923126}. Best is trial 50 with value: 0.09265201215718324.
[I 2026-03-04 04:26:37,100] Trial 61 finished with value: 0.10319188569807086 and parameters: {'sigma_noise': 0.27466556557205657, 'A_repulsion': 0.4095008081603492, 'gamma': 0.8176547086440944, 'sigma_update': 0.3131460905778843, 'eta_learning': 1.415803897941794, 'sigma_boundary': 3.5153713211753983, 'alpha': 0.7331895741366182}. Best is trial 50 with value: 0.09265201215718324.
[I 2026-03-04 04:26:46,231] Trial 64 finished with value: 0.31198810091921736 and parameters: {'sigma_noise': 0.17713503154346605, 'A_repulsion': 0.3376688636747024, 'gamma': 0.3164939269483283, 'sigma_update': 0.4734278939628487, 'eta_learning': 2.1860289636559855, 'sigma_boundary': 3.340349371219975, 'alpha': 0.48331519534214373}. Best is trial 50 with value: 0.09265201215718324.
[I 2026-03-04 04:27:02,880] Trial 63 finished with value: 0.2433631054245314 and parameters: {'sigma_noise': 0.2453812325629981, 'A_repulsion': 0.2907670802941404, 'gamma': 0.5496974738373774, 'sigma_update': 0.5363919468175321, 'eta_learning': 0.662042677648654, 'sigma_boundary': 6.067157506807029, 'alpha': 0.7266276142173648}. Best is trial 50 with value: 0.09265201215718324.
[I 2026-03-04 04:27:04,054] Trial 62 finished with value: 0.14923255625049014 and parameters: {'sigma_noise': 0.3128010488681588, 'A_repulsion': 0.44208465464217794, 'gamma': 0.5178787564861601, 'sigma_update': 0.3706277701226554, 'eta_learning': 0.7699196886286879, 'sigma_boundary': 5.7864567475406385, 'alpha': 0.8041751457446233}. Best is trial 50 with value: 0.09265201215718324.
[I 2026-03-04 04:27:18,869] Trial 67 finished with value: 0.1642493786405631 and parameters: {'sigma_noise': 0.19782896444079218, 'A_repulsion': 0.37562299078020184, 'gamma': 0.7971642518754603, 'sigma_update': 0.24069239066763204, 'eta_learning': 1.8810082197593387, 'sigma_boundary': 6.800751399585792, 'alpha': 0.7841994182993832}. Best is trial 50 with value: 0.09265201215718324.
[I 2026-03-04 04:27:32,973] Trial 73 finished with value: 0.12452041232258859 and parameters: {'sigma_noise': 0.14325981983687985, 'A_repulsion': 0.2588557420902285, 'gamma': 0.5709375871993276, 'sigma_update': 0.15302389505687633, 'eta_learning': 1.3277361193583186, 'sigma_boundary': 5.822110641527158, 'alpha': 0.4662289614160492}. Best is trial 50 with value: 0.09265201215718324.
[I 2026-03-04 04:27:33,442] Trial 66 finished with value: 0.42757387600841396 and parameters: {'sigma_noise': 0.2833887960579102, 'A_repulsion': 0.3585363745756672, 'gamma': 0.36967352025608674, 'sigma_update': 0.5363923044202978, 'eta_learning': 1.0265160897290109, 'sigma_boundary': 5.691203485936738, 'alpha': 0.6184547078299406}. Best is trial 50 with value: 0.09265201215718324.
[I 2026-03-04 04:27:43,867] Trial 69 finished with value: 0.15234915467697221 and parameters: {'sigma_noise': 0.16969808403417502, 'A_repulsion': 0.4360483732955142, 'gamma': 0.6501418505904087, 'sigma_update': 0.574034292224122, 'eta_learning': 1.230090457130041, 'sigma_boundary': 7.608496679696424, 'alpha': 0.8306645410065262}. Best is trial 50 with value: 0.09265201215718324.
[I 2026-03-04 04:27:52,851] Trial 65 finished with value: 0.12418574420085227 and parameters: {'sigma_noise': 0.3255652808110187, 'A_repulsion': 0.4186903919225913, 'gamma': 0.7844264923853609, 'sigma_update': 0.3292259470280314, 'eta_learning': 1.475043090955869, 'sigma_boundary': 4.214072699964654, 'alpha': 0.8294565441120102}. Best is trial 50 with value: 0.09265201215718324.
[I 2026-03-04 04:27:59,948] Trial 68 finished with value: 0.18050295204656358 and parameters: {'sigma_noise': 0.2879967401136047, 'A_repulsion': 0.3499142936733549, 'gamma': 0.42427637971071586, 'sigma_update': 0.42965339387868334, 'eta_learning': 1.2506170651049087, 'sigma_boundary': 0.7910649360336973, 'alpha': 0.6677710750476762}. Best is trial 50 with value: 0.09265201215718324.
[I 2026-03-04 04:28:00,704] Trial 70 finished with value: 0.16898329491757505 and parameters: {'sigma_noise': 0.20854541619982297, 'A_repulsion': 0.3446357571202471, 'gamma': 0.49112304876296003, 'sigma_update': 0.2668787705595788, 'eta_learning': 1.250973010848938, 'sigma_boundary': 6.159782273156883, 'alpha': 0.7797154483721007}. Best is trial 50 with value: 0.09265201215718324.
[I 2026-03-04 04:28:14,056] Trial 72 finished with value: 0.11922784464917868 and parameters: {'sigma_noise': 0.2331342911558934, 'A_repulsion': 0.3977228323716731, 'gamma': 0.8477484722346839, 'sigma_update': 0.3789000639574266, 'eta_learning': 0.4859711414003362, 'sigma_boundary': 6.091921375376754, 'alpha': 0.6056242993953177}. Best is trial 50 with value: 0.09265201215718324.
[I 2026-03-04 04:28:31,345] Trial 78 finished with value: 0.19371464713580372 and parameters: {'sigma_noise': 0.17162736910952986, 'A_repulsion': 0.2578341746668752, 'gamma': 0.6908659295199274, 'sigma_update': 0.5217451930911158, 'eta_learning': 2.2251082372923836, 'sigma_boundary': 7.987709466663906, 'alpha': 0.9178079520081032}. Best is trial 50 with value: 0.09265201215718324.
[I 2026-03-04 04:28:36,313] Trial 74 finished with value: 0.25347658990474753 and parameters: {'sigma_noise': 0.31228643182934385, 'A_repulsion': 0.2235012663120622, 'gamma': 0.35877981944827064, 'sigma_update': 0.4454450324887652, 'eta_learning': 1.3366016177971993, 'sigma_boundary': 8.436390698230513, 'alpha': 0.6717668057448316}. Best is trial 50 with value: 0.09265201215718324.
[I 2026-03-04 04:28:38,271] Trial 71 finished with value: 0.17507468650494817 and parameters: {'sigma_noise': 0.30169773544672757, 'A_repulsion': 0.45419612893460926, 'gamma': 0.6946072708704519, 'sigma_update': 0.15500074367596714, 'eta_learning': 1.951621663814894, 'sigma_boundary': 6.380670817472632, 'alpha': 0.7320057863334135}. Best is trial 50 with value: 0.09265201215718324.
[I 2026-03-04 04:28:45,310] Trial 75 finished with value: 1.3997267640660755 and parameters: {'sigma_noise': 0.26355147343480095, 'A_repulsion': 0.3283710316169192, 'gamma': 0.5327964914588822, 'sigma_update': 0.46717205883590535, 'eta_learning': 1.068100840347451, 'sigma_boundary': 5.087397624062476, 'alpha': 0.27274530511398615}. Best is trial 50 with value: 0.09265201215718324.
[I 2026-03-04 04:28:55,799] Trial 76 finished with value: 0.1094122199566804 and parameters: {'sigma_noise': 0.23496465091198837, 'A_repulsion': 0.3777739698352627, 'gamma': 0.7411905984851492, 'sigma_update': 0.4610265223956413, 'eta_learning': 0.9416845585479633, 'sigma_boundary': 6.983925781013252, 'alpha': 0.6745498322077355}. Best is trial 50 with value: 0.09265201215718324.
[I 2026-03-04 04:28:58,770] Trial 77 finished with value: 0.1710067660491023 and parameters: {'sigma_noise': 0.24101814042082031, 'A_repulsion': 0.29354820250892016, 'gamma': 0.9168374874601838, 'sigma_update': 0.45275692960463143, 'eta_learning': 1.9400904809145407, 'sigma_boundary': 8.361998782297162, 'alpha': 0.9697913710212671}. Best is trial 50 with value: 0.09265201215718324.
[I 2026-03-04 04:29:36,352] Trial 79 finished with value: 0.1164319690109161 and parameters: {'sigma_noise': 0.22737770993297468, 'A_repulsion': 0.2860344288387889, 'gamma': 0.7530296764094156, 'sigma_update': 0.4613749084887526, 'eta_learning': 1.9830163264872276, 'sigma_boundary': 3.2205630176104707, 'alpha': 0.8266763995435518}. Best is trial 50 with value: 0.09265201215718324.
[I 2026-03-04 04:30:12,714] Trial 80 finished with value: 0.14977819207638915 and parameters: {'sigma_noise': 0.1592101593994593, 'A_repulsion': 0.3526384272480569, 'gamma': 0.6518166957527676, 'sigma_update': 0.2807327200466914, 'eta_learning': 2.2568573063182282, 'sigma_boundary': 5.129464085638425, 'alpha': 0.6948702649623149}. Best is trial 50 with value: 0.09265201215718324.
[I 2026-03-04 04:30:30,443] Trial 83 finished with value: 0.16150670491705998 and parameters: {'sigma_noise': 0.17192382296683062, 'A_repulsion': 0.15882102852294688, 'gamma': 0.8415540327978084, 'sigma_update': 0.3598084898284889, 'eta_learning': 1.9296295809923516, 'sigma_boundary': 5.883455218636373, 'alpha': 0.9055442287347057}. Best is trial 50 with value: 0.09265201215718324.
[I 2026-03-04 04:30:31,038] Trial 84 finished with value: 0.209462600216608 and parameters: {'sigma_noise': 0.0733525545299004, 'A_repulsion': 0.375765058480641, 'gamma': 0.7320105732928712, 'sigma_update': 0.26216195577230994, 'eta_learning': 1.8571420528386238, 'sigma_boundary': 4.410201243847591, 'alpha': 0.6483034176507809}. Best is trial 50 with value: 0.09265201215718324.
[I 2026-03-04 04:30:55,562] Trial 82 finished with value: 0.08401293865270207 and parameters: {'sigma_noise': 0.307227749977857, 'A_repulsion': 0.15710344274684868, 'gamma': 0.9289266524532992, 'sigma_update': 0.4599837694128446, 'eta_learning': 2.2339136725308797, 'sigma_boundary': 5.914815003078837, 'alpha': 0.7050643935042558}. Best is trial 82 with value: 0.08401293865270207.
[I 2026-03-04 04:31:02,748] Trial 81 finished with value: 0.17897221885627057 and parameters: {'sigma_noise': 0.3710388109935355, 'A_repulsion': 0.1641118114145762, 'gamma': 0.5974359866455231, 'sigma_update': 0.2717523569462111, 'eta_learning': 1.9918090609334396, 'sigma_boundary': 7.818570833317757, 'alpha': 0.9754956417165007}. Best is trial 82 with value: 0.08401293865270207.
[I 2026-03-04 04:31:21,117] Trial 88 finished with value: 0.13180768680776397 and parameters: {'sigma_noise': 0.17127149026277066, 'A_repulsion': 0.24465994387959095, 'gamma': 0.788275611776623, 'sigma_update': 0.42903788766819667, 'eta_learning': 1.69515623203015, 'sigma_boundary': 2.7061297377221436, 'alpha': 0.7016315282990953}. Best is trial 82 with value: 0.08401293865270207.
[I 2026-03-04 04:31:36,027] Trial 87 finished with value: 0.13349567102503992 and parameters: {'sigma_noise': 0.2466489390200871, 'A_repulsion': 0.2278640639690263, 'gamma': 0.8789656959230452, 'sigma_update': 0.41859010164757027, 'eta_learning': 1.4974561437966154, 'sigma_boundary': 3.892266012504122, 'alpha': 0.9254021425033259}. Best is trial 82 with value: 0.08401293865270207.
[I 2026-03-04 04:31:45,877] Trial 91 finished with value: 0.13644229344333542 and parameters: {'sigma_noise': 0.19356075666308442, 'A_repulsion': 0.2793123953724722, 'gamma': 0.7784881515634658, 'sigma_update': 0.18102474371070354, 'eta_learning': 1.6889652805725597, 'sigma_boundary': 6.498113435194075, 'alpha': 0.7091075707898382}. Best is trial 82 with value: 0.08401293865270207.
[I 2026-03-04 04:31:46,503] Trial 85 finished with value: 0.19245554690010513 and parameters: {'sigma_noise': 0.3932538513725307, 'A_repulsion': 0.15366559045904363, 'gamma': 0.7465484283438191, 'sigma_update': 0.5045496413264063, 'eta_learning': 2.180950168824203, 'sigma_boundary': 7.386107855332039, 'alpha': 0.6519525476856417}. Best is trial 82 with value: 0.08401293865270207.
[I 2026-03-04 04:31:52,667] Trial 86 finished with value: 0.22192489509842372 and parameters: {'sigma_noise': 0.28662000771998225, 'A_repulsion': 0.25912985044959663, 'gamma': 0.6188358119242839, 'sigma_update': 0.4402117309380858, 'eta_learning': 1.7355031805167351, 'sigma_boundary': 5.250442893155095, 'alpha': 0.5523661066440508}. Best is trial 82 with value: 0.08401293865270207.
[I 2026-03-04 04:31:57,928] Trial 89 finished with value: 0.11634269796294625 and parameters: {'sigma_noise': 0.26658953515442113, 'A_repulsion': 0.17302196803576508, 'gamma': 0.8809033505717212, 'sigma_update': 0.15234678426038137, 'eta_learning': 1.9515407020368212, 'sigma_boundary': 3.3603206643271317, 'alpha': 0.7865441720811595}. Best is trial 82 with value: 0.08401293865270207.
[I 2026-03-04 04:32:09,455] Trial 96 finished with value: 0.15855930031136914 and parameters: {'sigma_noise': 0.1939253575920405, 'A_repulsion': 0.1681865272742209, 'gamma': 0.8139271327875269, 'sigma_update': 0.38851373555972657, 'eta_learning': 1.431292150341199, 'sigma_boundary': 5.8959242710728015, 'alpha': 0.9364169413701623}. Best is trial 82 with value: 0.08401293865270207.
[I 2026-03-04 04:32:17,033] Trial 92 finished with value: 0.11346860093880551 and parameters: {'sigma_noise': 0.2513695715004762, 'A_repulsion': 0.19350621979000437, 'gamma': 0.7105925101778194, 'sigma_update': 0.5266816084974086, 'eta_learning': 1.3776919038624977, 'sigma_boundary': 7.187526864250214, 'alpha': 0.9889552236657857}. Best is trial 82 with value: 0.08401293865270207.
[I 2026-03-04 04:32:23,170] Trial 90 finished with value: 0.10250635751067741 and parameters: {'sigma_noise': 0.3964387986664293, 'A_repulsion': 0.09335682902311593, 'gamma': 0.8726485963502695, 'sigma_update': 0.5235736359285402, 'eta_learning': 2.1544670667592865, 'sigma_boundary': 3.573286656079131, 'alpha': 0.8649283708871257}. Best is trial 82 with value: 0.08401293865270207.
[I 2026-03-04 04:32:25,780] Trial 94 finished with value: 0.09302053575004421 and parameters: {'sigma_noise': 0.23840423934825333, 'A_repulsion': 0.1438210578446311, 'gamma': 0.9284545665833667, 'sigma_update': 0.48929249443392553, 'eta_learning': 2.277837877875192, 'sigma_boundary': 5.740463965750582, 'alpha': 0.8225090217258978}. Best is trial 82 with value: 0.08401293865270207.
[I 2026-03-04 04:32:36,027] Trial 95 finished with value: 0.10926394085589936 and parameters: {'sigma_noise': 0.30817335070267127, 'A_repulsion': 0.09482546919318008, 'gamma': 0.831251603453396, 'sigma_update': 0.21431434904008087, 'eta_learning': 1.8690276307179634, 'sigma_boundary': 3.644427055184519, 'alpha': 0.5800749592166043}. Best is trial 82 with value: 0.08401293865270207.
[I 2026-03-04 04:33:06,970] Trial 93 finished with value: 0.1470239249789978 and parameters: {'sigma_noise': 0.34441820792930555, 'A_repulsion': 0.34884422605213417, 'gamma': 0.7113236214269353, 'sigma_update': 0.3418177099095064, 'eta_learning': 2.278051465348229, 'sigma_boundary': 6.8423312104687675, 'alpha': 0.9605958600847347}. Best is trial 82 with value: 0.08401293865270207.
[I 2026-03-04 04:33:11,794] Trial 97 finished with value: 0.12673673928361984 and parameters: {'sigma_noise': 0.28713104701612124, 'A_repulsion': 0.24240502609990278, 'gamma': 0.7865531551186128, 'sigma_update': 0.16506817781051392, 'eta_learning': 0.9643936999440168, 'sigma_boundary': 4.865442940864069, 'alpha': 0.8948464423832073}. Best is trial 82 with value: 0.08401293865270207.
[I 2026-03-04 04:33:29,577] Trial 98 finished with value: 0.1898633354476803 and parameters: {'sigma_noise': 0.418374905480411, 'A_repulsion': 0.2642644353904096, 'gamma': 0.7690373119993373, 'sigma_update': 0.5011103247597951, 'eta_learning': 1.7646135771523757, 'sigma_boundary': 5.368540639887183, 'alpha': 0.6772872370106868}. Best is trial 82 with value: 0.08401293865270207.
[I 2026-03-04 04:33:43,730] Trial 99 finished with value: 0.17119407023947575 and parameters: {'sigma_noise': 0.3115821103616829, 'A_repulsion': 0.1282033704232723, 'gamma': 0.37932697961944317, 'sigma_update': 0.42099357161984446, 'eta_learning': 2.338815041935034, 'sigma_boundary': 3.974529564569334, 'alpha': 0.8346989762848775}. Best is trial 82 with value: 0.08401293865270207.
[I 2026-03-04 04:34:12,910] Trial 101 finished with value: 0.11651138855265408 and parameters: {'sigma_noise': 0.16621551071252283, 'A_repulsion': 0.27035136289547484, 'gamma': 0.7288842964544614, 'sigma_update': 0.5545360351540937, 'eta_learning': 1.4644487634388756, 'sigma_boundary': 6.468598963224557, 'alpha': 0.7206307801705564}. Best is trial 82 with value: 0.08401293865270207.
[I 2026-03-04 04:34:31,376] Trial 100 finished with value: 0.10922899566467931 and parameters: {'sigma_noise': 0.3093191836640684, 'A_repulsion': 0.24158469514956157, 'gamma': 0.7951100212790676, 'sigma_update': 0.3243598984068439, 'eta_learning': 1.20503601710226, 'sigma_boundary': 7.095176111765069, 'alpha': 0.6488191022209406}. Best is trial 82 with value: 0.08401293865270207.
[I 2026-03-04 04:34:47,535] Trial 110 finished with value: 0.18344711565460564 and parameters: {'sigma_noise': 0.11053868688897023, 'A_repulsion': 0.10673575793874684, 'gamma': 0.8065746900019067, 'sigma_update': 0.22071750322866976, 'eta_learning': 1.9501331228725467, 'sigma_boundary': 2.414276170218199, 'alpha': 0.7652352526942728}. Best is trial 82 with value: 0.08401293865270207.
[I 2026-03-04 04:34:55,817] Trial 102 finished with value: 0.1172611346686477 and parameters: {'sigma_noise': 0.28944102414318224, 'A_repulsion': 0.28726298303618525, 'gamma': 0.7355783842372944, 'sigma_update': 0.3771114441310344, 'eta_learning': 2.7192609559903307, 'sigma_boundary': 9.378863026516173, 'alpha': 0.8959690016069318}. Best is trial 82 with value: 0.08401293865270207.
[I 2026-03-04 04:35:01,870] Trial 103 finished with value: 0.1834120776817706 and parameters: {'sigma_noise': 0.2297527817783121, 'A_repulsion': 0.27093089848642926, 'gamma': 0.558824917609722, 'sigma_update': 0.5429192905302905, 'eta_learning': 1.9926611258319606, 'sigma_boundary': 6.566264620953645, 'alpha': 0.7782282760226531}. Best is trial 82 with value: 0.08401293865270207.
[I 2026-03-04 04:35:15,664] Trial 109 finished with value: 0.08376540706887152 and parameters: {'sigma_noise': 0.15468282414642687, 'A_repulsion': 0.24153698767809, 'gamma': 0.8434621571969642, 'sigma_update': 0.43432248856906325, 'eta_learning': 1.5374941435034624, 'sigma_boundary': 8.601650247615758, 'alpha': 0.5808690632420971}. Best is trial 109 with value: 0.08376540706887152.
[I 2026-03-04 04:35:25,574] Trial 104 finished with value: 0.11050594038297348 and parameters: {'sigma_noise': 0.23471087123968204, 'A_repulsion': 0.3845895660352222, 'gamma': 0.774526119976993, 'sigma_update': 0.33010911600126774, 'eta_learning': 1.9663424208604405, 'sigma_boundary': 3.480507590889505, 'alpha': 0.5639228970488874}. Best is trial 109 with value: 0.08376540706887152.
[I 2026-03-04 04:35:36,138] Trial 107 finished with value: 0.15535782572112086 and parameters: {'sigma_noise': 0.21747113289089204, 'A_repulsion': 0.21677170771150123, 'gamma': 0.5020779957883974, 'sigma_update': 0.3859535837868521, 'eta_learning': 1.318319296195175, 'sigma_boundary': 7.402131662045656, 'alpha': 0.7412697455838712}. Best is trial 109 with value: 0.08376540706887152.
[I 2026-03-04 04:35:59,707] Trial 112 finished with value: 0.11596214557325321 and parameters: {'sigma_noise': 0.19909218527020744, 'A_repulsion': 0.234009282080444, 'gamma': 0.7962055808718463, 'sigma_update': 0.46043030767572374, 'eta_learning': 2.185000199174162, 'sigma_boundary': 4.236572197664608, 'alpha': 0.6112167731874895}. Best is trial 109 with value: 0.08376540706887152.
[I 2026-03-04 04:36:02,754] Trial 115 finished with value: 0.28438523576018737 and parameters: {'sigma_noise': 0.17719525022263777, 'A_repulsion': 0.19718003011560448, 'gamma': 0.656515732571857, 'sigma_update': 0.5365992525414977, 'eta_learning': 1.4733903906714116, 'sigma_boundary': 5.687536470298085, 'alpha': 0.4733241131611038}. Best is trial 109 with value: 0.08376540706887152.
[I 2026-03-04 04:36:08,224] Trial 106 finished with value: 0.1299898113910137 and parameters: {'sigma_noise': 0.264535341371054, 'A_repulsion': 0.3486893215869751, 'gamma': 0.7097463774815294, 'sigma_update': 0.21361590640653078, 'eta_learning': 2.2608682915470792, 'sigma_boundary': 6.457022008790923, 'alpha': 0.6408412418546332}. Best is trial 109 with value: 0.08376540706887152.
[I 2026-03-04 04:36:11,061] Trial 114 finished with value: 0.13908371963734553 and parameters: {'sigma_noise': 0.17544840074872253, 'A_repulsion': 0.28358338332928895, 'gamma': 0.5660898259933165, 'sigma_update': 0.3792029545459029, 'eta_learning': 1.739891416108462, 'sigma_boundary': 4.284832325930347, 'alpha': 0.7314212768885748}. Best is trial 109 with value: 0.08376540706887152.
[I 2026-03-04 04:36:15,589] Trial 105 finished with value: 0.2302471276946309 and parameters: {'sigma_noise': 0.3789781562387213, 'A_repulsion': 0.3459306349499436, 'gamma': 0.9736834238688109, 'sigma_update': 0.5842550497547866, 'eta_learning': 1.8402700059075798, 'sigma_boundary': 4.33164062109915, 'alpha': 0.9219061092746066}. Best is trial 109 with value: 0.08376540706887152.
