[I 2026-03-04 04:37:30,871] Trial 112 finished with value: 0.10907443925960777 and parameters: {'sigma_noise': 0.2892166535865565, 'A_repulsion': 0.4150057222370376, 'gamma': 0.664850443126961, 'sigma_update': 0.2483330444511384, 'eta_learning': 0.48009862519279356, 'sigma_boundary': 6.006941220648714, 'alpha': 0.805033183578927}. Best is trial 105 with value: 0.06595604593660456.
[I 2026-03-04 04:37:32,605] Trial 114 finished with value: 0.11277279575861571 and parameters: {'sigma_noise': 0.22615137688097037, 'A_repulsion': 0.4126766432775948, 'gamma': 0.6638300919352409, 'sigma_update': 0.4163986958197013, 'eta_learning': 0.8210443215261181, 'sigma_boundary': 4.595995588432554, 'alpha': 0.9404970018713508}. Best is trial 105 with value: 0.06595604593660456.
[I 2026-03-04 04:37:38,249] Trial 110 finished with value: 0.10593453779735809 and parameters: {'sigma_noise': 0.4120290730939016, 'A_repulsion': 0.3245428258041265, 'gamma': 0.8434976545041528, 'sigma_update': 0.5590551507040522, 'eta_learning': 0.9004859151445103, 'sigma_boundary': 7.509774669982217, 'alpha': 0.9071861233950997}. Best is trial 105 with value: 0.06595604593660456.
[I 2026-03-04 04:37:41,078] Trial 116 finished with value: 0.12011434245256357 and parameters: {'sigma_noise': 0.2584651339133972, 'A_repulsion': 0.23338680593980277, 'gamma': 0.8681714250109375, 'sigma_update': 0.45856503737057686, 'eta_learning': 1.1179819136982703, 'sigma_boundary': 7.4694508199547895, 'alpha': 0.8082303975807688}. Best is trial 105 with value: 0.06595604593660456.
[I 2026-03-04 04:38:36,576] Trial 117 finished with value: 0.08683006326709809 and parameters: {'sigma_noise': 0.33404929044723175, 'A_repulsion': 0.4461681516240867, 'gamma': 0.8910248784670702, 'sigma_update': 0.47919117723577226, 'eta_learning': 1.204803716106362, 'sigma_boundary': 6.0345886063396, 'alpha': 0.5333184026000393}. Best is trial 105 with value: 0.06595604593660456.
[I 2026-03-04 04:38:38,763] Trial 118 finished with value: 0.12460401814427385 and parameters: {'sigma_noise': 0.250241901239967, 'A_repulsion': 0.41793972448654537, 'gamma': 0.8030069502959779, 'sigma_update': 0.466718727313914, 'eta_learning': 0.8065487302968561, 'sigma_boundary': 8.759624959902682, 'alpha': 0.8251942592300073}. Best is trial 105 with value: 0.06595604593660456.
[I 2026-03-04 04:39:11,296] Trial 119 finished with value: 0.1348119376042921 and parameters: {'sigma_noise': 0.287681336947439, 'A_repulsion': 0.38770607414477476, 'gamma': 0.42965531169625226, 'sigma_update': 0.2952967156395216, 'eta_learning': 0.4300216863158446, 'sigma_boundary': 7.4201970791304905, 'alpha': 0.976759034584973}. Best is trial 105 with value: 0.06595604593660456.
[I 2026-03-04 04:39:19,291] Trial 120 finished with value: 0.072131094196841 and parameters: {'sigma_noise': 0.29517923461996437, 'A_repulsion': 0.185262581493056, 'gamma': 0.708571052907849, 'sigma_update': 0.5770680133980083, 'eta_learning': 1.0806149195440014, 'sigma_boundary': 9.472737170882644, 'alpha': 0.9083250504450073}. Best is trial 105 with value: 0.06595604593660456.
[I 2026-03-04 04:39:39,202] Trial 121 finished with value: 0.10755214396514542 and parameters: {'sigma_noise': 0.23424560520110282, 'A_repulsion': 0.3944605436057601, 'gamma': 0.4611419382800514, 'sigma_update': 0.3468131879804819, 'eta_learning': 1.3031700374618145, 'sigma_boundary': 8.051220626630759, 'alpha': 0.9621280027897435}. Best is trial 105 with value: 0.06595604593660456.
[I 2026-03-04 04:39:50,416] Trial 122 finished with value: 0.0769367665259433 and parameters: {'sigma_noise': 0.3259886487568985, 'A_repulsion': 0.275454519374509, 'gamma': 0.5988566934330264, 'sigma_update': 0.36746847186108106, 'eta_learning': 0.88083633228983, 'sigma_boundary': 9.027848372358713, 'alpha': 0.722995073246547}. Best is trial 105 with value: 0.06595604593660456.
[I 2026-03-04 04:40:13,317] Trial 124 finished with value: 0.08422842468653219 and parameters: {'sigma_noise': 0.3022434793161583, 'A_repulsion': 0.2999168516241506, 'gamma': 0.6817184714703372, 'sigma_update': 0.31586706347432497, 'eta_learning': 1.100618197897506, 'sigma_boundary': 7.339571385315946, 'alpha': 0.8032102824078919}. Best is trial 105 with value: 0.06595604593660456.
[I 2026-03-04 04:40:21,004] Trial 123 finished with value: 0.07430327006511261 and parameters: {'sigma_noise': 0.3659629563798816, 'A_repulsion': 0.2847112161493587, 'gamma': 0.7400895855836479, 'sigma_update': 0.43115686924489055, 'eta_learning': 0.6098985564480758, 'sigma_boundary': 6.072597443729499, 'alpha': 0.7304080383236148}. Best is trial 105 with value: 0.06595604593660456.
[I 2026-03-04 04:40:51,223] Trial 128 finished with value: 0.1279432187185322 and parameters: {'sigma_noise': 0.18890282392970043, 'A_repulsion': 0.2589796379352392, 'gamma': 0.3602528256098347, 'sigma_update': 0.2612823526451164, 'eta_learning': 1.2939293076556684, 'sigma_boundary': 6.74138277584569, 'alpha': 0.9163142914406479}. Best is trial 105 with value: 0.06595604593660456.
[I 2026-03-04 04:41:04,037] Trial 127 finished with value: 0.09563177318373495 and parameters: {'sigma_noise': 0.21339654726320867, 'A_repulsion': 0.3236837994337509, 'gamma': 0.6692935308173772, 'sigma_update': 0.4826319338217693, 'eta_learning': 0.4600673691154001, 'sigma_boundary': 8.492448190980094, 'alpha': 0.8341776376807681}. Best is trial 105 with value: 0.06595604593660456.
[I 2026-03-04 04:41:21,778] Trial 125 finished with value: 0.16976783208683066 and parameters: {'sigma_noise': 0.37453054539989017, 'A_repulsion': 0.3618776883460622, 'gamma': 0.9806518108244371, 'sigma_update': 0.31368001427551057, 'eta_learning': 0.1874488441930804, 'sigma_boundary': 8.549087582710449, 'alpha': 0.9304865672265029}. Best is trial 105 with value: 0.06595604593660456.
[I 2026-03-04 04:41:24,137] Trial 137 finished with value: 0.09953427359873288 and parameters: {'sigma_noise': 0.22283509873282842, 'A_repulsion': 0.10184399653755757, 'gamma': 0.5341062261174903, 'sigma_update': 0.2909522867272663, 'eta_learning': 1.624777533174059, 'sigma_boundary': 9.198182865427926, 'alpha': 0.9358985486293558}. Best is trial 105 with value: 0.06595604593660456.
[I 2026-03-04 04:41:30,138] Trial 126 finished with value: 0.09829996794936172 and parameters: {'sigma_noise': 0.2971394018853511, 'A_repulsion': 0.4128488335418051, 'gamma': 0.516130799841711, 'sigma_update': 0.42313238281731175, 'eta_learning': 0.7334648207697998, 'sigma_boundary': 8.755819864394777, 'alpha': 0.9425689558567724}. Best is trial 105 with value: 0.06595604593660456.
[I 2026-03-04 04:41:33,026] Trial 134 finished with value: 0.09370156323884987 and parameters: {'sigma_noise': 0.21837824616225648, 'A_repulsion': 0.23872500589865125, 'gamma': 0.5988726541111166, 'sigma_update': 0.31243671777839616, 'eta_learning': 0.24404775474337054, 'sigma_boundary': 3.9962602370191846, 'alpha': 0.5701993609312856}. Best is trial 105 with value: 0.06595604593660456.
[I 2026-03-04 04:41:42,423] Trial 132 finished with value: 0.1033240037119187 and parameters: {'sigma_noise': 0.3123589178305849, 'A_repulsion': 0.1410619676259963, 'gamma': 0.9356162133235788, 'sigma_update': 0.40998283951712083, 'eta_learning': 1.1028556261847315, 'sigma_boundary': 8.1573290225104, 'alpha': 0.8163538361511959}. Best is trial 105 with value: 0.06595604593660456.
[I 2026-03-04 04:41:43,165] Trial 129 finished with value: 0.100637889658856 and parameters: {'sigma_noise': 0.27573423485719084, 'A_repulsion': 0.28495711716260763, 'gamma': 0.6623622214615147, 'sigma_update': 0.33720093465728657, 'eta_learning': 0.9140812630409613, 'sigma_boundary': 9.365201508955698, 'alpha': 0.8224929432292144}. Best is trial 105 with value: 0.06595604593660456.
[I 2026-03-04 04:41:43,284] Trial 131 finished with value: 0.07081652158192336 and parameters: {'sigma_noise': 0.2662773212597814, 'A_repulsion': 0.2448249612548466, 'gamma': 0.5912546594802567, 'sigma_update': 0.5721655712261818, 'eta_learning': 1.4100028898865549, 'sigma_boundary': 7.941745541818816, 'alpha': 0.8415383079937315}. Best is trial 105 with value: 0.06595604593660456.
[I 2026-03-04 04:41:54,638] Trial 130 finished with value: 0.10861858039314558 and parameters: {'sigma_noise': 0.2897950980585738, 'A_repulsion': 0.3543455963246577, 'gamma': 0.5403069860147387, 'sigma_update': 0.3497036043473518, 'eta_learning': 0.33503285487504897, 'sigma_boundary': 6.342033059613319, 'alpha': 0.9775551530848837}. Best is trial 105 with value: 0.06595604593660456.
[I 2026-03-04 04:41:58,032] Trial 135 finished with value: 0.10966582054186803 and parameters: {'sigma_noise': 0.2617074159576875, 'A_repulsion': 0.2312729663227071, 'gamma': 0.44190616870412824, 'sigma_update': 0.3999871942504619, 'eta_learning': 0.7827724107750611, 'sigma_boundary': 7.603603034507874, 'alpha': 0.8339875086840042}. Best is trial 105 with value: 0.06595604593660456.
[I 2026-03-04 04:42:13,165] Trial 138 finished with value: 0.07603455937871094 and parameters: {'sigma_noise': 0.2693939364405224, 'A_repulsion': 0.2007412222434058, 'gamma': 0.7417485004252443, 'sigma_update': 0.3684259205377522, 'eta_learning': 0.9548282709800974, 'sigma_boundary': 6.570911657868673, 'alpha': 0.6490613279753671}. Best is trial 105 with value: 0.06595604593660456.
[I 2026-03-04 04:42:19,368] Trial 133 finished with value: 0.09221907682518786 and parameters: {'sigma_noise': 0.3022065250154252, 'A_repulsion': 0.3836951514083523, 'gamma': 0.8211345972917655, 'sigma_update': 0.41540977472538576, 'eta_learning': 1.4131391250260612, 'sigma_boundary': 7.3486951487289325, 'alpha': 0.8237667947863905}. Best is trial 105 with value: 0.06595604593660456.
[I 2026-03-04 04:42:29,983] Trial 136 finished with value: 0.08314280617652736 and parameters: {'sigma_noise': 0.27465834644817444, 'A_repulsion': 0.32446259264262933, 'gamma': 0.5157373709511462, 'sigma_update': 0.31637793353871496, 'eta_learning': 1.0845914099515181, 'sigma_boundary': 7.711096848619773, 'alpha': 0.6423290096829868}. Best is trial 105 with value: 0.06595604593660456.
[I 2026-03-04 04:42:30,963] Trial 139 finished with value: 0.07251305297413921 and parameters: {'sigma_noise': 0.25188322961837023, 'A_repulsion': 0.3467092192398549, 'gamma': 0.6465550979826626, 'sigma_update': 0.2256280640883539, 'eta_learning': 0.6499332381455621, 'sigma_boundary': 5.6736463584497665, 'alpha': 0.6381167210736065}. Best is trial 105 with value: 0.06595604593660456.
[I 2026-03-04 04:42:36,122] Trial 140 finished with value: 0.1339047902244577 and parameters: {'sigma_noise': 0.28072985658784994, 'A_repulsion': 0.30527051775427616, 'gamma': 0.7959305712832192, 'sigma_update': 0.4929300531226835, 'eta_learning': 1.0244597000906228, 'sigma_boundary': 8.440963481830732, 'alpha': 0.9899075403206354}. Best is trial 105 with value: 0.06595604593660456.
[I 2026-03-04 04:43:24,996] Trial 141 finished with value: 0.07721975328216206 and parameters: {'sigma_noise': 0.24708089053766386, 'A_repulsion': 0.3185918632039428, 'gamma': 0.5379137051525249, 'sigma_update': 0.4826259402882461, 'eta_learning': 0.0786118968326415, 'sigma_boundary': 7.424212590299717, 'alpha': 0.7131283724161064}. Best is trial 105 with value: 0.06595604593660456.
[I 2026-03-04 04:43:55,171] Trial 142 finished with value: 0.11715253618029764 and parameters: {'sigma_noise': 0.3346455155159186, 'A_repulsion': 0.3859925709611787, 'gamma': 0.7545281615136323, 'sigma_update': 0.2199819928329964, 'eta_learning': 0.6374949492125015, 'sigma_boundary': 7.468540734734437, 'alpha': 0.8877418986943817}. Best is trial 105 with value: 0.06595604593660456.
[I 2026-03-04 04:44:05,632] Trial 143 finished with value: 0.09047496088421056 and parameters: {'sigma_noise': 0.32311823362243086, 'A_repulsion': 0.22689113363081148, 'gamma': 0.6972827430515475, 'sigma_update': 0.3619698625551204, 'eta_learning': 1.304609920629213, 'sigma_boundary': 7.374593339843821, 'alpha': 0.9539484096021104}. Best is trial 105 with value: 0.06595604593660456.
[I 2026-03-04 04:44:20,018] Trial 144 finished with value: 0.07467578459846456 and parameters: {'sigma_noise': 0.31417608621817805, 'A_repulsion': 0.29315789378016066, 'gamma': 0.6119583658815649, 'sigma_update': 0.3944737408153636, 'eta_learning': 0.5868714078808247, 'sigma_boundary': 9.889475998536136, 'alpha': 0.7464753010500202}. Best is trial 105 with value: 0.06595604593660456.
[I 2026-03-04 04:44:53,321] Trial 145 finished with value: 0.12875605301736623 and parameters: {'sigma_noise': 0.37746294353642024, 'A_repulsion': 0.32122626171455937, 'gamma': 0.5496835634266561, 'sigma_update': 0.49388167809690753, 'eta_learning': 0.6103011508020824, 'sigma_boundary': 7.250271500731781, 'alpha': 0.8653743259322264}. Best is trial 105 with value: 0.06595604593660456.
[I 2026-03-04 04:44:59,602] Trial 148 finished with value: 0.0963766106693557 and parameters: {'sigma_noise': 0.19470724707819437, 'A_repulsion': 0.35656428929939765, 'gamma': 0.6583152081225858, 'sigma_update': 0.20485642850498142, 'eta_learning': 1.2353044331270118, 'sigma_boundary': 4.525082998441166, 'alpha': 0.6582508426162836}. Best is trial 105 with value: 0.06595604593660456.
[I 2026-03-04 04:44:59,802] Trial 146 finished with value: 0.0770270970506482 and parameters: {'sigma_noise': 0.3168045155561491, 'A_repulsion': 0.360843484140277, 'gamma': 0.6234922696782055, 'sigma_update': 0.3132807936061769, 'eta_learning': 1.0842519227136092, 'sigma_boundary': 6.2642010976112115, 'alpha': 0.6469501871762504}. Best is trial 105 with value: 0.06595604593660456.
[I 2026-03-04 04:45:29,149] Trial 152 finished with value: 0.11316677740671587 and parameters: {'sigma_noise': 0.24003834304327837, 'A_repulsion': 0.0909922092025168, 'gamma': 0.7159382405150606, 'sigma_update': 0.43753070433172137, 'eta_learning': 1.3636422212826562, 'sigma_boundary': 7.485004154307354, 'alpha': 0.9171695085781462}. Best is trial 105 with value: 0.06595604593660456.
[I 2026-03-04 04:45:31,423] Trial 147 finished with value: 0.1347646781872956 and parameters: {'sigma_noise': 0.4244814309161316, 'A_repulsion': 0.3153622936194819, 'gamma': 0.583462300699493, 'sigma_update': 0.49431947157926087, 'eta_learning': 0.0384974812514529, 'sigma_boundary': 8.79029622776996, 'alpha': 0.7855104993138337}. Best is trial 105 with value: 0.06595604593660456.
[I 2026-03-04 04:45:43,735] Trial 150 finished with value: 0.06272501905749223 and parameters: {'sigma_noise': 0.3004787713630778, 'A_repulsion': 0.15380648878131092, 'gamma': 0.5890830709032404, 'sigma_update': 0.612640231284033, 'eta_learning': 0.04478385642337146, 'sigma_boundary': 6.105759516154562, 'alpha': 0.8226106515857611}. Best is trial 150 with value: 0.06272501905749223.
[I 2026-03-04 04:45:52,116] Trial 149 finished with value: 0.0586869224353079 and parameters: {'sigma_noise': 0.21952083076862838, 'A_repulsion': 0.36274874170690447, 'gamma': 0.5512053976630827, 'sigma_update': 0.5008183690718854, 'eta_learning': 1.1574506211907674, 'sigma_boundary': 7.207025706127465, 'alpha': 0.8500727869465075}. Best is trial 149 with value: 0.0586869224353079.
[I 2026-03-04 04:46:19,370] Trial 151 finished with value: 0.0795650568465703 and parameters: {'sigma_noise': 0.23570012699694792, 'A_repulsion': 0.39059031312999476, 'gamma': 0.7220460218265644, 'sigma_update': 0.2527077984997815, 'eta_learning': 1.1938701490672328, 'sigma_boundary': 7.558825117224607, 'alpha': 0.6891130926425767}. Best is trial 149 with value: 0.0586869224353079.
[I 2026-03-04 04:46:25,356] Trial 154 finished with value: 0.08938962633434684 and parameters: {'sigma_noise': 0.2401888578228767, 'A_repulsion': 0.34678776927957655, 'gamma': 0.6778895455380944, 'sigma_update': 0.35300109925134804, 'eta_learning': 1.6064099471596733, 'sigma_boundary': 9.068553504252794, 'alpha': 0.7933590086643917}. Best is trial 149 with value: 0.0586869224353079.
[I 2026-03-04 04:46:29,712] Trial 153 finished with value: 0.07893057148556726 and parameters: {'sigma_noise': 0.3132508645697073, 'A_repulsion': 0.2554825567515639, 'gamma': 0.7926906068461743, 'sigma_update': 0.44266480197375996, 'eta_learning': 0.5226869841709271, 'sigma_boundary': 8.815451218831193, 'alpha': 0.7622582454329033}. Best is trial 149 with value: 0.0586869224353079.
[I 2026-03-04 04:46:34,338] Trial 155 finished with value: 0.07772641390484995 and parameters: {'sigma_noise': 0.34169389729138205, 'A_repulsion': 0.19753512539046708, 'gamma': 0.8585281375200765, 'sigma_update': 0.4712666253296322, 'eta_learning': 0.7917884316101461, 'sigma_boundary': 8.474425055881225, 'alpha': 0.7378894196748399}. Best is trial 149 with value: 0.0586869224353079.
[I 2026-03-04 04:46:35,916] Trial 158 finished with value: 0.07383879444878116 and parameters: {'sigma_noise': 0.20976101139869224, 'A_repulsion': 0.30148895754637783, 'gamma': 0.6784547380456563, 'sigma_update': 0.5812695685625433, 'eta_learning': 0.8577071298506964, 'sigma_boundary': 8.103242471870937, 'alpha': 0.7473163276908176}. Best is trial 149 with value: 0.0586869224353079.
[I 2026-03-04 04:46:36,320] Trial 156 finished with value: 0.09833165621738292 and parameters: {'sigma_noise': 0.2878817031797762, 'A_repulsion': 0.2658483578112224, 'gamma': 0.5602738612780175, 'sigma_update': 0.6649439497364383, 'eta_learning': 0.5494254241350178, 'sigma_boundary': 7.473504644652792, 'alpha': 0.9216280209186597}. Best is trial 149 with value: 0.0586869224353079.
[I 2026-03-04 04:46:36,930] Trial 157 finished with value: 0.08670590193803576 and parameters: {'sigma_noise': 0.29470739917453037, 'A_repulsion': 0.285324148638195, 'gamma': 0.7793028720248337, 'sigma_update': 0.58540543199359, 'eta_learning': 0.5449503836396553, 'sigma_boundary': 7.771789447681381, 'alpha': 0.8378504018207317}. Best is trial 149 with value: 0.0586869224353079.
[I 2026-03-04 04:46:46,430] Trial 159 finished with value: 0.09446569593550258 and parameters: {'sigma_noise': 0.2918781405539699, 'A_repulsion': 0.19790872966615825, 'gamma': 0.843095150589228, 'sigma_update': 0.5909623942304526, 'eta_learning': 0.369242065449416, 'sigma_boundary': 6.029318380316698, 'alpha': 0.9705822700838258}. Best is trial 149 with value: 0.0586869224353079.
[I 2026-03-04 04:47:18,371] Trial 162 finished with value: 0.1875598446427469 and parameters: {'sigma_noise': 0.3495876886046755, 'A_repulsion': 0.14395352679131196, 'gamma': 0.7585167806898754, 'sigma_update': 0.504097906147196, 'eta_learning': 0.9507258206208739, 'sigma_boundary': 7.541773928347767, 'alpha': 0.5287869650125703}. Best is trial 149 with value: 0.0586869224353079.
[I 2026-03-04 04:47:21,428] Trial 160 finished with value: 0.09841955446113095 and parameters: {'sigma_noise': 0.372682237155586, 'A_repulsion': 0.2875905989224178, 'gamma': 0.6062740208726467, 'sigma_update': 0.35263313017464426, 'eta_learning': 0.603562860564799, 'sigma_boundary': 7.985213305941188, 'alpha': 0.8494926919840583}. Best is trial 149 with value: 0.0586869224353079.
[I 2026-03-04 04:47:29,601] Trial 163 finished with value: 0.21306909087164755 and parameters: {'sigma_noise': 0.38155972443425507, 'A_repulsion': 0.18616537866713517, 'gamma': 0.6211663089583231, 'sigma_update': 0.6336888331640613, 'eta_learning': 1.6002881339511519, 'sigma_boundary': 3.617118813976645, 'alpha': 0.6890803042478568}. Best is trial 149 with value: 0.0586869224353079.
[I 2026-03-04 04:47:39,874] Trial 161 finished with value: 0.11384594205586854 and parameters: {'sigma_noise': 0.3347715505899475, 'A_repulsion': 0.41615531417810975, 'gamma': 0.5946774505329572, 'sigma_update': 0.38020681518240557, 'eta_learning': 0.9725501273150325, 'sigma_boundary': 7.15713173828578, 'alpha': 0.9634905291027217}. Best is trial 149 with value: 0.0586869224353079.
[I 2026-03-04 04:47:47,109] Trial 164 finished with value: 0.11743491086477655 and parameters: {'sigma_noise': 0.3934465778851267, 'A_repulsion': 0.3150533234649918, 'gamma': 0.7143158955409797, 'sigma_update': 0.4698599656435834, 'eta_learning': 0.2420992534133936, 'sigma_boundary': 8.44530788750363, 'alpha': 0.7595580716916653}. Best is trial 149 with value: 0.0586869224353079.
[I 2026-03-04 04:48:22,938] Trial 167 finished with value: 0.12710909153335254 and parameters: {'sigma_noise': 0.21018469370080872, 'A_repulsion': 0.15906150349910303, 'gamma': 0.7106997295008456, 'sigma_update': 0.5625336955978215, 'eta_learning': 1.2368902534328035, 'sigma_boundary': 7.101739714453246, 'alpha': 0.9324111223012682}. Best is trial 149 with value: 0.0586869224353079.
[I 2026-03-04 04:48:33,589] Trial 166 finished with value: 0.11157227413561432 and parameters: {'sigma_noise': 0.2380890743103864, 'A_repulsion': 0.19578543104047091, 'gamma': 0.4287791118799692, 'sigma_update': 0.37898202767948835, 'eta_learning': 0.5327857029905516, 'sigma_boundary': 9.78472813565022, 'alpha': 0.664153283811336}. Best is trial 149 with value: 0.0586869224353079.
[I 2026-03-04 04:48:42,212] Trial 165 finished with value: 0.15877004512792728 and parameters: {'sigma_noise': 0.3702092208647597, 'A_repulsion': 0.3196130525174541, 'gamma': 0.9158521358859781, 'sigma_update': 0.38103222969619677, 'eta_learning': 1.0154723198019262, 'sigma_boundary': 7.5077078521548675, 'alpha': 0.4658070438721322}. Best is trial 149 with value: 0.0586869224353079.
[I 2026-03-04 04:49:34,864] Trial 170 finished with value: 0.09010301608280094 and parameters: {'sigma_noise': 0.30723621485967934, 'A_repulsion': 0.11733927448805546, 'gamma': 0.6590149538481306, 'sigma_update': 0.6476389213154147, 'eta_learning': 1.3339243469675994, 'sigma_boundary': 6.5547754698944845, 'alpha': 0.8318846375296386}. Best is trial 149 with value: 0.0586869224353079.
[I 2026-03-04 04:49:37,758] Trial 168 finished with value: 0.10301440488176994 and parameters: {'sigma_noise': 0.4179578851300003, 'A_repulsion': 0.2528265780073555, 'gamma': 0.7912156894824272, 'sigma_update': 0.4149265266840698, 'eta_learning': 0.9646982517767859, 'sigma_boundary': 9.716220301008322, 'alpha': 0.7025903246725077}. Best is trial 149 with value: 0.0586869224353079.
