[I 2026-03-04 04:49:46,280] Trial 171 finished with value: 0.1465856623102878 and parameters: {'sigma_noise': 0.3055574380263728, 'A_repulsion': 0.1551625385267456, 'gamma': 0.6061447027113261, 'sigma_update': 0.47994002346502324, 'eta_learning': 0.4237761907882513, 'sigma_boundary': 7.664500678972456, 'alpha': 0.5674878817655364}. Best is trial 149 with value: 0.0586869224353079.
[I 2026-03-04 04:49:58,047] Trial 169 finished with value: 0.11466188665165078 and parameters: {'sigma_noise': 0.2937342726822547, 'A_repulsion': 0.3209874102014405, 'gamma': 0.8118186761897215, 'sigma_update': 0.4640653387020354, 'eta_learning': 0.9243346508425192, 'sigma_boundary': 7.240538756184245, 'alpha': 0.9256139614814537}. Best is trial 149 with value: 0.0586869224353079.
[I 2026-03-04 04:50:17,314] Trial 173 finished with value: 0.11673612070829806 and parameters: {'sigma_noise': 0.2567254048069186, 'A_repulsion': 0.24360358928687378, 'gamma': 0.944253028819863, 'sigma_update': 0.46475960066073874, 'eta_learning': 0.2551324182625794, 'sigma_boundary': 7.491594465737171, 'alpha': 0.6495951757041968}. Best is trial 149 with value: 0.0586869224353079.
[I 2026-03-04 04:50:19,942] Trial 172 finished with value: 0.06897336988997665 and parameters: {'sigma_noise': 0.26580874733866666, 'A_repulsion': 0.22902518860234827, 'gamma': 0.6777428132792092, 'sigma_update': 0.4404150609480823, 'eta_learning': 1.331945653342181, 'sigma_boundary': 8.627531188448057, 'alpha': 0.8876879702212418}. Best is trial 149 with value: 0.0586869224353079.
[I 2026-03-04 04:50:48,329] Trial 180 finished with value: 0.10278050120364504 and parameters: {'sigma_noise': 0.18468643735716056, 'A_repulsion': 0.22281668871630717, 'gamma': 0.6079372556961903, 'sigma_update': 0.42046613639619473, 'eta_learning': 1.285977458032564, 'sigma_boundary': 6.392569086017636, 'alpha': 0.6418279192437406}. Best is trial 149 with value: 0.0586869224353079.
[I 2026-03-04 04:50:49,979] Trial 175 finished with value: 0.0761647612136908 and parameters: {'sigma_noise': 0.27171545653255497, 'A_repulsion': 0.31373722713650337, 'gamma': 0.699277519357462, 'sigma_update': 0.4378617065889053, 'eta_learning': 1.5447678073221953, 'sigma_boundary': 7.124013119009953, 'alpha': 0.6543331397958123}. Best is trial 149 with value: 0.0586869224353079.
[I 2026-03-04 04:50:55,931] Trial 174 finished with value: 0.07664422065607315 and parameters: {'sigma_noise': 0.3667838928552826, 'A_repulsion': 0.2529558376355772, 'gamma': 0.756461833377135, 'sigma_update': 0.43264710254568134, 'eta_learning': 1.041783515738697, 'sigma_boundary': 7.169526786116934, 'alpha': 0.7976585748775531}. Best is trial 149 with value: 0.0586869224353079.
[I 2026-03-04 04:51:01,194] Trial 176 finished with value: 0.1456995986256446 and parameters: {'sigma_noise': 0.309280450124353, 'A_repulsion': 0.14133545786879742, 'gamma': 0.43604959493649265, 'sigma_update': 0.6640574377812827, 'eta_learning': 0.9476494157335057, 'sigma_boundary': 9.038806116049185, 'alpha': 0.957175982606563}. Best is trial 149 with value: 0.0586869224353079.
[I 2026-03-04 04:51:14,500] Trial 178 finished with value: 0.08196577789993302 and parameters: {'sigma_noise': 0.4009210114469938, 'A_repulsion': 0.10429001516030473, 'gamma': 0.8738995879482442, 'sigma_update': 0.4353400572220916, 'eta_learning': 1.0165341230077798, 'sigma_boundary': 8.655324947015217, 'alpha': 0.6545545767969524}. Best is trial 149 with value: 0.0586869224353079.
[I 2026-03-04 04:51:22,033] Trial 182 finished with value: 0.11811843000680283 and parameters: {'sigma_noise': 0.2771168545197268, 'A_repulsion': 0.21619597666195292, 'gamma': 0.4848231794090834, 'sigma_update': 0.45731687044637076, 'eta_learning': 1.1134675199359805, 'sigma_boundary': 6.111825685188309, 'alpha': 0.694485441547022}. Best is trial 149 with value: 0.0586869224353079.
[I 2026-03-04 04:51:25,944] Trial 177 finished with value: 0.11175688196212841 and parameters: {'sigma_noise': 0.2708956062836167, 'A_repulsion': 0.3459060159942975, 'gamma': 0.9692678081216696, 'sigma_update': 0.5147314898474074, 'eta_learning': 0.8640683119262418, 'sigma_boundary': 8.220109883601221, 'alpha': 0.6831767257545562}. Best is trial 149 with value: 0.0586869224353079.
[I 2026-03-04 04:51:28,590] Trial 183 finished with value: 0.10029116176917066 and parameters: {'sigma_noise': 0.3212063028586251, 'A_repulsion': 0.21350275957913817, 'gamma': 0.6299762094493131, 'sigma_update': 0.5021445746634472, 'eta_learning': 1.6359629084782852, 'sigma_boundary': 9.028812561373279, 'alpha': 0.780837235338066}. Best is trial 149 with value: 0.0586869224353079.
[I 2026-03-04 04:51:35,675] Trial 179 finished with value: 0.10425398445843748 and parameters: {'sigma_noise': 0.3584692273940391, 'A_repulsion': 0.21954062215267742, 'gamma': 0.8667552725153088, 'sigma_update': 0.3471151791348525, 'eta_learning': 1.0770141700327243, 'sigma_boundary': 8.58150281358662, 'alpha': 0.7634314100516577}. Best is trial 149 with value: 0.0586869224353079.
[I 2026-03-04 04:51:39,980] Trial 181 finished with value: 0.07702449589534852 and parameters: {'sigma_noise': 0.33075642896599955, 'A_repulsion': 0.3775133732663578, 'gamma': 0.6022258875621586, 'sigma_update': 0.4864469444422121, 'eta_learning': 0.09270361521092856, 'sigma_boundary': 6.269785552635074, 'alpha': 0.7874682665285427}. Best is trial 149 with value: 0.0586869224353079.
[I 2026-03-04 04:51:43,454] Trial 184 finished with value: 0.09394308360805043 and parameters: {'sigma_noise': 0.25399331084138504, 'A_repulsion': 0.20341676163966102, 'gamma': 0.6480387467424971, 'sigma_update': 0.32011501381275803, 'eta_learning': 0.46684951446927164, 'sigma_boundary': 9.444175381130542, 'alpha': 0.525945340604791}. Best is trial 149 with value: 0.0586869224353079.
[I 2026-03-04 04:52:09,060] Trial 188 finished with value: 0.11092186263998974 and parameters: {'sigma_noise': 0.22881020165677102, 'A_repulsion': 0.2639209160023429, 'gamma': 0.8119100957692514, 'sigma_update': 0.5304585176449542, 'eta_learning': 0.5311823975366772, 'sigma_boundary': 6.808323604281839, 'alpha': 0.5732101585709239}. Best is trial 149 with value: 0.0586869224353079.
[I 2026-03-04 04:52:12,650] Trial 185 finished with value: 0.08432791737911807 and parameters: {'sigma_noise': 0.29425002000190775, 'A_repulsion': 0.3796697415706434, 'gamma': 0.7774857853758834, 'sigma_update': 0.5474262900861635, 'eta_learning': 1.090471323643192, 'sigma_boundary': 7.858444326389779, 'alpha': 0.6953958174520057}. Best is trial 149 with value: 0.0586869224353079.
[I 2026-03-04 04:52:13,219] Trial 186 finished with value: 0.077553665589628 and parameters: {'sigma_noise': 0.35540626545550047, 'A_repulsion': 0.23369234266683397, 'gamma': 0.9423633258775369, 'sigma_update': 0.4230998418793492, 'eta_learning': 0.7550026054437861, 'sigma_boundary': 8.591308128208748, 'alpha': 0.6400570464527192}. Best is trial 149 with value: 0.0586869224353079.
[I 2026-03-04 04:52:14,029] Trial 187 finished with value: 0.14275431942318348 and parameters: {'sigma_noise': 0.24881885271101795, 'A_repulsion': 0.2887133367294289, 'gamma': 0.9523585252891905, 'sigma_update': 0.589618472537437, 'eta_learning': 1.0878052562070015, 'sigma_boundary': 7.9531531987119735, 'alpha': 0.5298608932246871}. Best is trial 149 with value: 0.0586869224353079.
[I 2026-03-04 04:52:34,084] Trial 189 finished with value: 0.11325530109582632 and parameters: {'sigma_noise': 0.24560274860213416, 'A_repulsion': 0.29480242381624433, 'gamma': 0.8356129836287746, 'sigma_update': 0.5053862593427446, 'eta_learning': 1.1599821099978085, 'sigma_boundary': 7.850182415133611, 'alpha': 0.5756832501968394}. Best is trial 149 with value: 0.0586869224353079.
[I 2026-03-04 04:52:40,790] Trial 191 finished with value: 0.08379575072140319 and parameters: {'sigma_noise': 0.2707671413028865, 'A_repulsion': 0.22799540937509832, 'gamma': 0.8048688480263962, 'sigma_update': 0.4755716426879765, 'eta_learning': 0.39843535844834144, 'sigma_boundary': 8.888622039525234, 'alpha': 0.7110403789322226}. Best is trial 149 with value: 0.0586869224353079.
[I 2026-03-04 04:52:44,608] Trial 190 finished with value: 0.1193208920643661 and parameters: {'sigma_noise': 0.2797693112218496, 'A_repulsion': 0.3542740073045332, 'gamma': 0.8113588013315924, 'sigma_update': 0.36378971866606463, 'eta_learning': 1.1536855190621413, 'sigma_boundary': 7.659501070964086, 'alpha': 0.8886402275267071}. Best is trial 149 with value: 0.0586869224353079.
[I 2026-03-04 04:53:04,355] Trial 197 finished with value: 0.10903470702819648 and parameters: {'sigma_noise': 0.22956046382967, 'A_repulsion': 0.11632952524907783, 'gamma': 0.6223386980797836, 'sigma_update': 0.5285014212635006, 'eta_learning': 0.7707841868111782, 'sigma_boundary': 8.110388707491028, 'alpha': 0.6751855793217444}. Best is trial 149 with value: 0.0586869224353079.
[I 2026-03-04 04:53:05,623] Trial 196 finished with value: 0.12458317952747426 and parameters: {'sigma_noise': 0.18413770438579652, 'A_repulsion': 0.2022326681802044, 'gamma': 0.5644207808175946, 'sigma_update': 0.5141659180376884, 'eta_learning': 0.8190034021465685, 'sigma_boundary': 6.956985940058182, 'alpha': 0.627859271952232}. Best is trial 149 with value: 0.0586869224353079.
[I 2026-03-04 04:53:07,756] Trial 194 finished with value: 0.10218886672653252 and parameters: {'sigma_noise': 0.23291467522063747, 'A_repulsion': 0.2685052121281716, 'gamma': 0.7864352030300756, 'sigma_update': 0.4494893247871008, 'eta_learning': 0.876402841212125, 'sigma_boundary': 6.579836234212252, 'alpha': 0.6791382319818394}. Best is trial 149 with value: 0.0586869224353079.
[I 2026-03-04 04:53:08,914] Trial 193 finished with value: 0.08302270190930583 and parameters: {'sigma_noise': 0.30934605053227615, 'A_repulsion': 0.22400404491926648, 'gamma': 0.6579201992297569, 'sigma_update': 0.5994688770489639, 'eta_learning': 0.6094636590093803, 'sigma_boundary': 8.262118115487846, 'alpha': 0.8309686837312696}. Best is trial 149 with value: 0.0586869224353079.
[I 2026-03-04 04:53:10,744] Trial 192 finished with value: 0.07630727384226019 and parameters: {'sigma_noise': 0.3128071132467775, 'A_repulsion': 0.25470883961746743, 'gamma': 0.8236985786915736, 'sigma_update': 0.5302201583449836, 'eta_learning': 0.75111847386589, 'sigma_boundary': 9.710369601723459, 'alpha': 0.785029821850402}. Best is trial 149 with value: 0.0586869224353079.
[I 2026-03-04 04:53:14,568] Trial 195 finished with value: 0.08217473107580145 and parameters: {'sigma_noise': 0.351575249296336, 'A_repulsion': 0.28281482746494563, 'gamma': 0.9827726844708271, 'sigma_update': 0.6647935433446431, 'eta_learning': 0.5840812766348582, 'sigma_boundary': 5.015114539552315, 'alpha': 0.6643081516659558}. Best is trial 149 with value: 0.0586869224353079.
[I 2026-03-04 04:53:16,767] Trial 198 finished with value: 0.07909366312833721 and parameters: {'sigma_noise': 0.25099953263923436, 'A_repulsion': 0.2936162571535167, 'gamma': 0.728703891002723, 'sigma_update': 0.4920396687052208, 'eta_learning': 0.6632530430418646, 'sigma_boundary': 6.621711280451778, 'alpha': 0.7081005961327618}. Best is trial 149 with value: 0.0586869224353079.
[I 2026-03-04 04:53:17,943] Trial 199 finished with value: 0.15682485781554695 and parameters: {'sigma_noise': 0.31647055135143665, 'A_repulsion': 0.34147380705576874, 'gamma': 0.6148754315694107, 'sigma_update': 0.6560082694450977, 'eta_learning': 0.7134399279216322, 'sigma_boundary': 7.064974767959932, 'alpha': 0.7245812869476643}. Best is trial 149 with value: 0.0586869224353079.
[I 2026-03-04 04:53:28,072] A new study created in memory with name: no-name-4bf987cc-b488-447d-9991-e9ec7688b483
[I 2026-03-04 04:56:35,018] Trial 15 finished with value: 0.16460616896347932 and parameters: {'sigma_noise': 0.08480885680122081, 'A_repulsion': 0.06397545166816176, 'gamma': 0.025462976496888175, 'sigma_update': 0.40413674376285974, 'eta_learning': 1.159835130641384, 'sigma_boundary': 8.709080622936382, 'alpha': 0.6616594429880063}. Best is trial 15 with value: 0.16460616896347932.
[I 2026-03-04 04:57:15,168] Trial 18 finished with value: 0.766229873062297 and parameters: {'sigma_noise': 0.09503732934757428, 'A_repulsion': 0.3526310241519445, 'gamma': 0.7608046528007245, 'sigma_update': 0.3001485560773466, 'eta_learning': 2.9627992746551426, 'sigma_boundary': 9.37292429047213, 'alpha': 0.2314178724862227}. Best is trial 15 with value: 0.16460616896347932.
[I 2026-03-04 04:57:28,685] Trial 20 finished with value: 1.5724404230569808 and parameters: {'sigma_noise': 0.2184887030168296, 'A_repulsion': 0.010590772254720271, 'gamma': 0.24337979111320496, 'sigma_update': 0.2591742250920984, 'eta_learning': 2.6103348549843113, 'sigma_boundary': 2.0028210092900807, 'alpha': 0.041204639696110434}. Best is trial 15 with value: 0.16460616896347932.
[I 2026-03-04 04:57:30,132] Trial 10 finished with value: 0.1344748967559713 and parameters: {'sigma_noise': 0.2294087326493967, 'A_repulsion': 0.0233994753566229, 'gamma': 0.3960747324361899, 'sigma_update': 0.45069363455302375, 'eta_learning': 1.0506071517218085, 'sigma_boundary': 0.14313903319160926, 'alpha': 0.4341007610631884}. Best is trial 10 with value: 0.1344748967559713.
[I 2026-03-04 04:57:45,537] Trial 6 finished with value: 1.390733492436662 and parameters: {'sigma_noise': 0.0653061431620023, 'A_repulsion': 0.4977261326075274, 'gamma': 0.5038308042509994, 'sigma_update': 0.19182300408196137, 'eta_learning': 1.6064308075908256, 'sigma_boundary': 4.831049906244296, 'alpha': 0.12006646683515654}. Best is trial 10 with value: 0.1344748967559713.
[I 2026-03-04 04:57:47,113] Trial 9 finished with value: 0.3467738962830966 and parameters: {'sigma_noise': 0.1911144915881126, 'A_repulsion': 0.14384088176893256, 'gamma': 0.06578689209067773, 'sigma_update': 0.052229187002380335, 'eta_learning': 2.5431225979186287, 'sigma_boundary': 8.452690466285803, 'alpha': 0.6281426229397875}. Best is trial 10 with value: 0.1344748967559713.
[I 2026-03-04 04:57:58,258] Trial 17 finished with value: 0.3215453182920246 and parameters: {'sigma_noise': 0.07855075765130533, 'A_repulsion': 0.4679021572481918, 'gamma': 0.7784560168929695, 'sigma_update': 0.10551014862120615, 'eta_learning': 1.5788689519424366, 'sigma_boundary': 5.136285683237733, 'alpha': 0.3126838142746865}. Best is trial 10 with value: 0.1344748967559713.
[I 2026-03-04 04:58:05,629] Trial 3 finished with value: 0.35815209999344344 and parameters: {'sigma_noise': 0.190561385247775, 'A_repulsion': 0.2226893084313234, 'gamma': 0.05868825596362914, 'sigma_update': 0.6911556946113426, 'eta_learning': 0.2754979784264921, 'sigma_boundary': 2.0636428289838564, 'alpha': 0.6854072484986724}. Best is trial 10 with value: 0.1344748967559713.
[I 2026-03-04 04:58:06,603] Trial 1 finished with value: 0.13218872234303694 and parameters: {'sigma_noise': 0.22037821166829807, 'A_repulsion': 0.12111296480930828, 'gamma': 0.2986239820810377, 'sigma_update': 0.046393576319546125, 'eta_learning': 1.0659156634668057, 'sigma_boundary': 1.274856610770433, 'alpha': 0.3622053090846815}. Best is trial 1 with value: 0.13218872234303694.
[I 2026-03-04 04:58:21,951] Trial 13 finished with value: 0.24237137925653177 and parameters: {'sigma_noise': 0.11265974665830224, 'A_repulsion': 0.4758945621599044, 'gamma': 0.10777184052909611, 'sigma_update': 0.4511992900035631, 'eta_learning': 0.4884105975691963, 'sigma_boundary': 8.079332704055068, 'alpha': 0.8613070970546766}. Best is trial 1 with value: 0.13218872234303694.
[I 2026-03-04 04:58:24,302] Trial 16 finished with value: 0.26851979248347546 and parameters: {'sigma_noise': 0.18571682141545687, 'A_repulsion': 0.2803444230267371, 'gamma': 0.07993919639539368, 'sigma_update': 0.09974154730082697, 'eta_learning': 0.9038512745091647, 'sigma_boundary': 0.6168284437269095, 'alpha': 0.9980843944982566}. Best is trial 1 with value: 0.13218872234303694.
[I 2026-03-04 04:58:27,370] Trial 7 finished with value: 0.25567119061218935 and parameters: {'sigma_noise': 0.32131440673142136, 'A_repulsion': 0.08360485254659739, 'gamma': 0.6534522411438438, 'sigma_update': 0.6786637282902371, 'eta_learning': 0.12251524825583447, 'sigma_boundary': 1.2899756518904129, 'alpha': 0.276041205962807}. Best is trial 1 with value: 0.13218872234303694.
[I 2026-03-04 04:58:31,773] Trial 4 finished with value: 0.14855357331110774 and parameters: {'sigma_noise': 0.26610461057018514, 'A_repulsion': 0.15908760740549427, 'gamma': 0.8804743412586934, 'sigma_update': 0.5752541429609205, 'eta_learning': 0.46205918902147775, 'sigma_boundary': 9.19229402796626, 'alpha': 0.4757376015657153}. Best is trial 1 with value: 0.13218872234303694.
[I 2026-03-04 04:58:50,075] Trial 11 finished with value: 0.12257960786816798 and parameters: {'sigma_noise': 0.3389434942083051, 'A_repulsion': 0.1143447298523877, 'gamma': 0.6588632620043015, 'sigma_update': 0.21273850205559136, 'eta_learning': 1.1835241644156758, 'sigma_boundary': 6.533466402431362, 'alpha': 0.8388036482269278}. Best is trial 11 with value: 0.12257960786816798.
[I 2026-03-04 04:59:08,422] Trial 12 finished with value: 0.24834069335477976 and parameters: {'sigma_noise': 0.41478430064195215, 'A_repulsion': 0.12157684483808079, 'gamma': 0.7569573573599825, 'sigma_update': 0.09237540576426473, 'eta_learning': 0.6891848018529684, 'sigma_boundary': 5.2452741266094645, 'alpha': 0.7688905075052326}. Best is trial 11 with value: 0.12257960786816798.
[I 2026-03-04 04:59:09,211] Trial 19 finished with value: 0.8096529669593234 and parameters: {'sigma_noise': 0.3128746042205588, 'A_repulsion': 0.2339040823319949, 'gamma': 0.6593474629174941, 'sigma_update': 0.010658364345742403, 'eta_learning': 0.4566974119420282, 'sigma_boundary': 1.7502873661099048, 'alpha': 0.5526346711321235}. Best is trial 11 with value: 0.12257960786816798.
[I 2026-03-04 04:59:10,357] Trial 5 finished with value: 1.5224742458898244 and parameters: {'sigma_noise': 0.3130884172125614, 'A_repulsion': 0.2725906404743448, 'gamma': 0.8329310677630779, 'sigma_update': 0.47852784860925013, 'eta_learning': 0.610019753872229, 'sigma_boundary': 1.8767710950495478, 'alpha': 0.26529462544577886}. Best is trial 11 with value: 0.12257960786816798.
[I 2026-03-04 04:59:11,961] Trial 2 finished with value: 2.198994618564199 and parameters: {'sigma_noise': 0.44735570201262165, 'A_repulsion': 0.060845312786873273, 'gamma': 0.6692899737008381, 'sigma_update': 0.05337426637252434, 'eta_learning': 2.9697569819556127, 'sigma_boundary': 8.724824219774803, 'alpha': 0.0344739177827833}. Best is trial 11 with value: 0.12257960786816798.
[I 2026-03-04 04:59:12,362] Trial 21 finished with value: 0.5245416975377937 and parameters: {'sigma_noise': 0.22533418458799148, 'A_repulsion': 0.36763018653049556, 'gamma': 0.45673022132876895, 'sigma_update': 0.46414575687578885, 'eta_learning': 0.42083146894556805, 'sigma_boundary': 7.443802004193222, 'alpha': 0.37415377654166426}. Best is trial 11 with value: 0.12257960786816798.
[I 2026-03-04 04:59:30,691] Trial 8 finished with value: 2.1997946579990977 and parameters: {'sigma_noise': 0.35410681629415675, 'A_repulsion': 0.2721112480446574, 'gamma': 0.5954958112327925, 'sigma_update': 0.10558519309434909, 'eta_learning': 1.2312254706182773, 'sigma_boundary': 5.153211586900476, 'alpha': 0.22861023377789402}. Best is trial 11 with value: 0.12257960786816798.
[I 2026-03-04 04:59:40,387] Trial 23 finished with value: 0.6345479116950207 and parameters: {'sigma_noise': 0.31631731890445053, 'A_repulsion': 0.43912212151298735, 'gamma': 0.39490583279078967, 'sigma_update': 0.12445241742879176, 'eta_learning': 1.3459787502168137, 'sigma_boundary': 7.351323601726845, 'alpha': 0.38892038496666437}. Best is trial 11 with value: 0.12257960786816798.
[I 2026-03-04 04:59:44,718] Trial 0 finished with value: 0.39367993361457265 and parameters: {'sigma_noise': 0.38681880040044037, 'A_repulsion': 0.33793909560262747, 'gamma': 0.4913784563895017, 'sigma_update': 0.10333294254638241, 'eta_learning': 0.4586236981958503, 'sigma_boundary': 1.600383339119667, 'alpha': 0.8696036776702487}. Best is trial 11 with value: 0.12257960786816798.
[I 2026-03-04 05:00:00,297] Trial 14 finished with value: 2.1818197490511904 and parameters: {'sigma_noise': 0.4174086072854971, 'A_repulsion': 0.419550497304546, 'gamma': 0.3779805787315874, 'sigma_update': 0.5987731180712063, 'eta_learning': 1.2950242129076714, 'sigma_boundary': 4.903290378684028, 'alpha': 0.25679362899084546}. Best is trial 11 with value: 0.12257960786816798.
[I 2026-03-04 05:00:02,875] Trial 22 finished with value: 1.2798764284387787 and parameters: {'sigma_noise': 0.3899362989284162, 'A_repulsion': 0.4899980511503945, 'gamma': 0.6136575792729592, 'sigma_update': 0.011397078242534896, 'eta_learning': 1.8328597986989787, 'sigma_boundary': 2.225700180061154, 'alpha': 0.47392306056435896}. Best is trial 11 with value: 0.12257960786816798.
[I 2026-03-04 05:01:50,324] Trial 24 finished with value: 0.1034519942333969 and parameters: {'sigma_noise': 0.2050742875377069, 'A_repulsion': 0.19221190642933925, 'gamma': 0.5640235201171256, 'sigma_update': 0.270269493215712, 'eta_learning': 0.7759183439192983, 'sigma_boundary': 7.606457621656844, 'alpha': 0.48431431661562474}. Best is trial 24 with value: 0.1034519942333969.
[I 2026-03-04 05:02:09,174] Trial 28 finished with value: 0.19712045816131624 and parameters: {'sigma_noise': 0.12278188083444508, 'A_repulsion': 0.13633520410906427, 'gamma': 0.400144401697565, 'sigma_update': 0.30878288591542535, 'eta_learning': 1.0438437781933096, 'sigma_boundary': 5.597240895992003, 'alpha': 0.36607728091336966}. Best is trial 24 with value: 0.1034519942333969.
