/nfs/nhome/live/apourdehghan/Hybrid_hpc_utils.py:56: DtypeWarning: Columns (16) have mixed types. Specify dtype option on import or set low_memory=False.
  data = pd.read_csv(data_path)
[I 2026-03-04 04:11:56,859] A new study created in memory with name: no-name-10bbaad5-78b5-489d-8378-200aeea8244a
[I 2026-03-04 04:14:34,997] Trial 11 finished with value: 0.5876662972200016 and parameters: {'sigma_noise': 0.15019396430023804, 'A_repulsion': 0.11572954165694183, 'gamma': 0.412472446351941, 'sigma_update': 0.46107319811349473, 'eta_learning': 2.280290747162506, 'sigma_boundary': 4.160397130756432, 'alpha': 0.30131235281196056}. Best is trial 11 with value: 0.5876662972200016.
[I 2026-03-04 04:14:36,011] Trial 13 finished with value: 1.5045682988032545 and parameters: {'sigma_noise': 0.22962314249198534, 'A_repulsion': 0.013421709076234023, 'gamma': 0.2119967679693262, 'sigma_update': 0.347573379844602, 'eta_learning': 2.446992016713358, 'sigma_boundary': 3.456208337699488, 'alpha': 0.04507689661781711}. Best is trial 11 with value: 0.5876662972200016.
[I 2026-03-04 04:14:42,259] Trial 9 finished with value: 0.888328821616228 and parameters: {'sigma_noise': 0.17768457790740882, 'A_repulsion': 0.11613401528539657, 'gamma': 0.5572471914552192, 'sigma_update': 0.6027819228856904, 'eta_learning': 2.206108335165964, 'sigma_boundary': 6.979303438311351, 'alpha': 0.26368945162247315}. Best is trial 11 with value: 0.5876662972200016.
[I 2026-03-04 04:14:52,011] Trial 19 finished with value: 0.14378909685611252 and parameters: {'sigma_noise': 0.2853993409150524, 'A_repulsion': 0.010267674419394746, 'gamma': 0.4547785050672488, 'sigma_update': 0.41936880721236425, 'eta_learning': 2.5389941170044468, 'sigma_boundary': 1.8555674693105744, 'alpha': 0.8755915609137834}. Best is trial 19 with value: 0.14378909685611252.
[I 2026-03-04 04:14:58,200] Trial 16 finished with value: 1.3691323950346561 and parameters: {'sigma_noise': 0.2663719016764119, 'A_repulsion': 0.026854502407418546, 'gamma': 0.2517443508482451, 'sigma_update': 0.14006054582604424, 'eta_learning': 2.001989591550311, 'sigma_boundary': 1.7066144876713234, 'alpha': 0.13816674241699778}. Best is trial 19 with value: 0.14378909685611252.
[I 2026-03-04 04:15:11,682] Trial 0 finished with value: 0.13445108506489 and parameters: {'sigma_noise': 0.16385842060015204, 'A_repulsion': 0.24255973258009234, 'gamma': 0.9111704532202408, 'sigma_update': 0.21229977565266642, 'eta_learning': 1.7163616224657519, 'sigma_boundary': 0.7186105582807705, 'alpha': 0.5882994293150338}. Best is trial 0 with value: 0.13445108506489.
[I 2026-03-04 04:15:21,051] Trial 8 finished with value: 0.15544139798507922 and parameters: {'sigma_noise': 0.1685237041524577, 'A_repulsion': 0.26877020583871974, 'gamma': 0.45732610082669073, 'sigma_update': 0.38782995809171084, 'eta_learning': 2.0300696815196844, 'sigma_boundary': 3.2908659289900664, 'alpha': 0.8106883345682441}. Best is trial 0 with value: 0.13445108506489.
[I 2026-03-04 04:15:22,162] Trial 10 finished with value: 0.642804230276947 and parameters: {'sigma_noise': 0.20288453312002952, 'A_repulsion': 0.19516259757720306, 'gamma': 0.6673035652831829, 'sigma_update': 0.6714898220785921, 'eta_learning': 1.6910869863104414, 'sigma_boundary': 5.7566618761856345, 'alpha': 0.3876311120355247}. Best is trial 0 with value: 0.13445108506489.
[I 2026-03-04 04:15:26,146] Trial 12 finished with value: 0.18759293544500294 and parameters: {'sigma_noise': 0.16929993741672034, 'A_repulsion': 0.28309537620659897, 'gamma': 0.5561935983503142, 'sigma_update': 0.5986551773380477, 'eta_learning': 0.11893362850436473, 'sigma_boundary': 7.4410118204082965, 'alpha': 0.08916229050027347}. Best is trial 0 with value: 0.13445108506489.
[I 2026-03-04 04:15:26,283] Trial 6 finished with value: 0.21929616977538874 and parameters: {'sigma_noise': 0.3317698608046368, 'A_repulsion': 0.013970942718471657, 'gamma': 0.07657362568878072, 'sigma_update': 0.15974555989094083, 'eta_learning': 0.5875484750942364, 'sigma_boundary': 9.394735048798873, 'alpha': 0.9421130241055165}. Best is trial 0 with value: 0.13445108506489.
[I 2026-03-04 04:15:30,187] Trial 15 finished with value: 1.9336238120622178 and parameters: {'sigma_noise': 0.13401735730075637, 'A_repulsion': 0.3687276841181861, 'gamma': 0.5963747028862367, 'sigma_update': 0.13068114916411272, 'eta_learning': 2.140295479606987, 'sigma_boundary': 4.244170337974324, 'alpha': 0.0437479284047706}. Best is trial 0 with value: 0.13445108506489.
[I 2026-03-04 04:15:42,577] Trial 17 finished with value: 0.14838539541493884 and parameters: {'sigma_noise': 0.2745429679253084, 'A_repulsion': 0.14882793456163484, 'gamma': 0.862592658706388, 'sigma_update': 0.13725259293454203, 'eta_learning': 0.5667964168937746, 'sigma_boundary': 0.815059636346885, 'alpha': 0.38311619122435336}. Best is trial 0 with value: 0.13445108506489.
[I 2026-03-04 04:15:48,145] Trial 2 finished with value: 0.4833612330237334 and parameters: {'sigma_noise': 0.14029684559345762, 'A_repulsion': 0.4657359986022751, 'gamma': 0.6109515163593019, 'sigma_update': 0.2783682787516155, 'eta_learning': 2.3854071998367, 'sigma_boundary': 5.020238017688126, 'alpha': 0.34749331348197277}. Best is trial 0 with value: 0.13445108506489.
[I 2026-03-04 04:15:56,336] Trial 1 finished with value: 0.13595271215059634 and parameters: {'sigma_noise': 0.2615763757892638, 'A_repulsion': 0.3055100596350218, 'gamma': 0.46739697355512744, 'sigma_update': 0.5023447449423365, 'eta_learning': 0.03683301808538684, 'sigma_boundary': 7.452524369212266, 'alpha': 0.6868542910296235}. Best is trial 0 with value: 0.13445108506489.
[I 2026-03-04 04:16:20,180] Trial 3 finished with value: 1.6484814167601 and parameters: {'sigma_noise': 0.29268512676772973, 'A_repulsion': 0.46712869833790455, 'gamma': 0.8009484151611955, 'sigma_update': 0.5153627741974183, 'eta_learning': 1.688495069829471, 'sigma_boundary': 3.9413345106825357, 'alpha': 0.3018606036743563}. Best is trial 0 with value: 0.13445108506489.
[I 2026-03-04 04:16:20,511] Trial 7 finished with value: 2.1003872858060464 and parameters: {'sigma_noise': 0.3430639210751097, 'A_repulsion': 0.32188744079485104, 'gamma': 0.22009880810478388, 'sigma_update': 0.6450163565848017, 'eta_learning': 2.6440140154606238, 'sigma_boundary': 7.5620596611315065, 'alpha': 0.15878399547796462}. Best is trial 0 with value: 0.13445108506489.
[I 2026-03-04 04:16:21,853] Trial 4 finished with value: 0.5588395780972317 and parameters: {'sigma_noise': 0.3575511763696039, 'A_repulsion': 0.31680866408209685, 'gamma': 0.27636582084856787, 'sigma_update': 0.5644087634416071, 'eta_learning': 1.4086676766824129, 'sigma_boundary': 3.2022350021842443, 'alpha': 0.6031089101009784}. Best is trial 0 with value: 0.13445108506489.
[I 2026-03-04 04:16:32,497] Trial 18 finished with value: 0.18553956607708327 and parameters: {'sigma_noise': 0.3444561178912119, 'A_repulsion': 0.47584193262632685, 'gamma': 0.41909344213091876, 'sigma_update': 0.37795438655476404, 'eta_learning': 0.5289299214721389, 'sigma_boundary': 3.3510171352348075, 'alpha': 0.8998831212197437}. Best is trial 0 with value: 0.13445108506489.
[I 2026-03-04 04:16:38,790] Trial 14 finished with value: 2.1910134451512087 and parameters: {'sigma_noise': 0.42318660718343687, 'A_repulsion': 0.383752071487245, 'gamma': 0.4578299121600727, 'sigma_update': 0.3771564451387595, 'eta_learning': 2.5627029615767225, 'sigma_boundary': 9.083920264283135, 'alpha': 0.16598931620137625}. Best is trial 0 with value: 0.13445108506489.
[I 2026-03-04 04:16:42,503] Trial 5 finished with value: 0.7483793448511201 and parameters: {'sigma_noise': 0.38892042329555543, 'A_repulsion': 0.4838912010488573, 'gamma': 0.16166176791913392, 'sigma_update': 0.16451324036365284, 'eta_learning': 1.2624401500020634, 'sigma_boundary': 0.479915113403122, 'alpha': 0.3262799239230705}. Best is trial 0 with value: 0.13445108506489.
[I 2026-03-04 04:18:16,780] Trial 21 finished with value: 0.18259835464676533 and parameters: {'sigma_noise': 0.1266021008861391, 'A_repulsion': 0.3660812546709751, 'gamma': 0.4728759849860697, 'sigma_update': 0.1577941505476128, 'eta_learning': 1.4593693058232438, 'sigma_boundary': 7.800861182414339, 'alpha': 0.501215064233084}. Best is trial 0 with value: 0.13445108506489.
[I 2026-03-04 04:18:35,066] Trial 22 finished with value: 1.7738537741450688 and parameters: {'sigma_noise': 0.2070258704294785, 'A_repulsion': 0.23698556601752324, 'gamma': 0.6444125609178087, 'sigma_update': 0.40372700419861096, 'eta_learning': 0.9750676743662905, 'sigma_boundary': 7.660514499860287, 'alpha': 0.10691713922409818}. Best is trial 0 with value: 0.13445108506489.
[I 2026-03-04 04:18:42,782] Trial 24 finished with value: 0.43600340803045556 and parameters: {'sigma_noise': 0.15865731281707135, 'A_repulsion': 0.31280500580643267, 'gamma': 0.5049490295614771, 'sigma_update': 0.5072010479695762, 'eta_learning': 1.889825394000652, 'sigma_boundary': 5.24965802514809, 'alpha': 0.4295965861122393}. Best is trial 0 with value: 0.13445108506489.
[I 2026-03-04 04:19:03,754] Trial 20 finished with value: 1.1765845772229016 and parameters: {'sigma_noise': 0.26563015639294946, 'A_repulsion': 0.34438416583219567, 'gamma': 0.34146944590322714, 'sigma_update': 0.3969787802672109, 'eta_learning': 1.633186597199113, 'sigma_boundary': 4.564859478865758, 'alpha': 0.30776856850160933}. Best is trial 0 with value: 0.13445108506489.
[I 2026-03-04 04:19:06,700] Trial 29 finished with value: 0.11280510838086992 and parameters: {'sigma_noise': 0.26439619668926506, 'A_repulsion': 0.1313045917328532, 'gamma': 0.7307412586865389, 'sigma_update': 0.4112854608456654, 'eta_learning': 1.7277583998000643, 'sigma_boundary': 2.0586007953759737, 'alpha': 0.8430504661837757}. Best is trial 29 with value: 0.11280510838086992.
[I 2026-03-04 04:19:07,422] Trial 23 finished with value: 0.22347825386826944 and parameters: {'sigma_noise': 0.2728711723062281, 'A_repulsion': 0.24059660249388024, 'gamma': 0.6499507022835547, 'sigma_update': 0.4200952186305792, 'eta_learning': 1.8413278241507356, 'sigma_boundary': 8.75709375793712, 'alpha': 0.5137037185003153}. Best is trial 29 with value: 0.11280510838086992.
[I 2026-03-04 04:19:16,238] Trial 30 finished with value: 0.21461401499444527 and parameters: {'sigma_noise': 0.2001415498503194, 'A_repulsion': 0.2907288332472045, 'gamma': 0.6067699877691151, 'sigma_update': 0.4427840710856373, 'eta_learning': 0.2934777310474464, 'sigma_boundary': 4.402319129662289, 'alpha': 0.3795869526741322}. Best is trial 29 with value: 0.11280510838086992.
[I 2026-03-04 04:19:30,597] Trial 26 finished with value: 0.23397933816344613 and parameters: {'sigma_noise': 0.3282032912402429, 'A_repulsion': 0.1969724615130672, 'gamma': 0.5225237376686652, 'sigma_update': 0.23437203175249974, 'eta_learning': 1.285558727947611, 'sigma_boundary': 3.5453916561692247, 'alpha': 0.48972126587718007}. Best is trial 29 with value: 0.11280510838086992.
[I 2026-03-04 04:19:35,434] Trial 25 finished with value: 0.1488384754269693 and parameters: {'sigma_noise': 0.2735298968206346, 'A_repulsion': 0.342699050473001, 'gamma': 0.5371695082406085, 'sigma_update': 0.3452363937086626, 'eta_learning': 1.4225717748879296, 'sigma_boundary': 4.605182074392121, 'alpha': 0.5880451694026024}. Best is trial 29 with value: 0.11280510838086992.
[I 2026-03-04 04:19:42,412] Trial 34 finished with value: 0.1224157076661031 and parameters: {'sigma_noise': 0.18886119688457376, 'A_repulsion': 0.19846033245333605, 'gamma': 0.9386119228626421, 'sigma_update': 0.3760838011035102, 'eta_learning': 0.3728172355548914, 'sigma_boundary': 4.142751034558758, 'alpha': 0.35239406264744805}. Best is trial 29 with value: 0.11280510838086992.
[I 2026-03-04 04:19:45,921] Trial 27 finished with value: 0.13282133526821258 and parameters: {'sigma_noise': 0.2684503682907357, 'A_repulsion': 0.36053951754935365, 'gamma': 0.6639533775192138, 'sigma_update': 0.38766091003656367, 'eta_learning': 1.473286518076275, 'sigma_boundary': 6.099485108121267, 'alpha': 0.7895171951289082}. Best is trial 29 with value: 0.11280510838086992.
[I 2026-03-04 04:19:56,854] Trial 28 finished with value: 1.9001934490717947 and parameters: {'sigma_noise': 0.3007103974876528, 'A_repulsion': 0.3338268101966512, 'gamma': 0.4325946618275799, 'sigma_update': 0.4013890709375318, 'eta_learning': 2.3851760829177056, 'sigma_boundary': 4.547108530702937, 'alpha': 0.1922471101914962}. Best is trial 29 with value: 0.11280510838086992.
[I 2026-03-04 04:20:04,702] Trial 33 finished with value: 0.15152216053405076 and parameters: {'sigma_noise': 0.26790547078710236, 'A_repulsion': 0.20962622880340656, 'gamma': 0.6473668588009334, 'sigma_update': 0.42433831554547496, 'eta_learning': 1.6372847057145077, 'sigma_boundary': 4.440850791194933, 'alpha': 0.7114822080140988}. Best is trial 29 with value: 0.11280510838086992.
[I 2026-03-04 04:20:06,639] Trial 32 finished with value: 0.476245621669775 and parameters: {'sigma_noise': 0.25598204899367133, 'A_repulsion': 0.3454413729690894, 'gamma': 0.4481070740895577, 'sigma_update': 0.4962658014749679, 'eta_learning': 1.406266279273893, 'sigma_boundary': 6.836553254849516, 'alpha': 0.4943111013846982}. Best is trial 29 with value: 0.11280510838086992.
[I 2026-03-04 04:20:07,999] Trial 31 finished with value: 0.9736512092778403 and parameters: {'sigma_noise': 0.2719789981571081, 'A_repulsion': 0.3761022544715556, 'gamma': 0.9081891257087704, 'sigma_update': 0.466360858093429, 'eta_learning': 1.0862089630647895, 'sigma_boundary': 4.436038066696721, 'alpha': 0.33206849131457683}. Best is trial 29 with value: 0.11280510838086992.
[I 2026-03-04 04:20:27,415] Trial 37 finished with value: 1.5572306908398907 and parameters: {'sigma_noise': 0.3271454254955929, 'A_repulsion': 0.09476897574635162, 'gamma': 0.5588196643439562, 'sigma_update': 0.16223407869662843, 'eta_learning': 1.4559612627511826, 'sigma_boundary': 3.601278138597007, 'alpha': 0.23401700913532147}. Best is trial 29 with value: 0.11280510838086992.
[I 2026-03-04 04:20:29,224] Trial 38 finished with value: 0.15971703513432373 and parameters: {'sigma_noise': 0.2291693731691291, 'A_repulsion': 0.24163427442413254, 'gamma': 0.670238679316661, 'sigma_update': 0.2790805385341227, 'eta_learning': 2.573314736013985, 'sigma_boundary': 6.8110311307483125, 'alpha': 0.4800847979070356}. Best is trial 29 with value: 0.11280510838086992.
[I 2026-03-04 04:20:44,932] Trial 35 finished with value: 0.18807522335611532 and parameters: {'sigma_noise': 0.24477487099306988, 'A_repulsion': 0.3997291423551461, 'gamma': 0.6782511550555139, 'sigma_update': 0.4131249680006786, 'eta_learning': 0.757114897512478, 'sigma_boundary': 4.205099165813215, 'alpha': 0.52007952928674}. Best is trial 29 with value: 0.11280510838086992.
[I 2026-03-04 04:20:45,374] Trial 36 finished with value: 0.3010154296388381 and parameters: {'sigma_noise': 0.27252353843564553, 'A_repulsion': 0.26808653596345583, 'gamma': 0.5423082945486254, 'sigma_update': 0.38411730876912004, 'eta_learning': 2.0095715352639933, 'sigma_boundary': 2.7480383143949254, 'alpha': 0.4737975521279965}. Best is trial 29 with value: 0.11280510838086992.
[I 2026-03-04 04:21:08,159] Trial 39 finished with value: 0.26032881152302 and parameters: {'sigma_noise': 0.37264459133443334, 'A_repulsion': 0.2555641474423636, 'gamma': 0.1867995164570844, 'sigma_update': 0.3173692877371163, 'eta_learning': 1.1875865415282358, 'sigma_boundary': 4.3825820214245885, 'alpha': 0.5925464152319007}. Best is trial 29 with value: 0.11280510838086992.
[I 2026-03-04 04:22:05,196] Trial 41 finished with value: 0.2710062754555719 and parameters: {'sigma_noise': 0.24008606299676233, 'A_repulsion': 0.07625818127011347, 'gamma': 0.49268077042787445, 'sigma_update': 0.4162463848053984, 'eta_learning': 2.0956293245609046, 'sigma_boundary': 5.812901199251347, 'alpha': 0.508101472113757}. Best is trial 29 with value: 0.11280510838086992.
[I 2026-03-04 04:22:19,300] Trial 40 finished with value: 0.5791678413590435 and parameters: {'sigma_noise': 0.29503445024381886, 'A_repulsion': 0.138802473463893, 'gamma': 0.49007129658753884, 'sigma_update': 0.4692190043647624, 'eta_learning': 1.7529056495772009, 'sigma_boundary': 4.924233951142602, 'alpha': 0.4199331022910342}. Best is trial 29 with value: 0.11280510838086992.
[I 2026-03-04 04:22:30,673] Trial 43 finished with value: 0.3128625170013867 and parameters: {'sigma_noise': 0.09751103658172358, 'A_repulsion': 0.3483641860999402, 'gamma': 0.4721907490917508, 'sigma_update': 0.48647073480548764, 'eta_learning': 1.4532521558643317, 'sigma_boundary': 0.46726444523167704, 'alpha': 0.3405254666805633}. Best is trial 29 with value: 0.11280510838086992.
[I 2026-03-04 04:22:51,447] Trial 42 finished with value: 0.19404042924338796 and parameters: {'sigma_noise': 0.25805888319035586, 'A_repulsion': 0.23397970374850782, 'gamma': 0.5958506728506157, 'sigma_update': 0.6325855655958366, 'eta_learning': 1.0563265724684936, 'sigma_boundary': 4.3352534548826265, 'alpha': 0.7519235430340119}. Best is trial 29 with value: 0.11280510838086992.
[I 2026-03-04 04:23:00,881] Trial 45 finished with value: 0.1617239374205981 and parameters: {'sigma_noise': 0.161151243250584, 'A_repulsion': 0.37694285749793077, 'gamma': 0.6104619330590609, 'sigma_update': 0.36273351935897036, 'eta_learning': 0.9243986811996461, 'sigma_boundary': 3.9524397583073387, 'alpha': 0.5943057582675408}. Best is trial 29 with value: 0.11280510838086992.
[I 2026-03-04 04:23:15,921] Trial 47 finished with value: 0.33430559927562575 and parameters: {'sigma_noise': 0.175101488184157, 'A_repulsion': 0.2848156815331458, 'gamma': 0.5764494581657184, 'sigma_update': 0.3064646721840701, 'eta_learning': 1.6010167415638934, 'sigma_boundary': 2.562189529833336, 'alpha': 0.3478932007562179}. Best is trial 29 with value: 0.11280510838086992.
[I 2026-03-04 04:23:16,265] Trial 44 finished with value: 0.1572693957018576 and parameters: {'sigma_noise': 0.2372352798624514, 'A_repulsion': 0.26244054089939683, 'gamma': 0.5069877160708071, 'sigma_update': 0.4011930024252872, 'eta_learning': 0.8937627040498102, 'sigma_boundary': 6.090115325536904, 'alpha': 0.8244036643834703}. Best is trial 29 with value: 0.11280510838086992.
[I 2026-03-04 04:23:16,350] Trial 46 finished with value: 1.253125817755718 and parameters: {'sigma_noise': 0.2518796335400877, 'A_repulsion': 0.19931519738157139, 'gamma': 0.35561218051210836, 'sigma_update': 0.38068981186954953, 'eta_learning': 1.9323746336458678, 'sigma_boundary': 5.716836345702195, 'alpha': 0.24472046398995984}. Best is trial 29 with value: 0.11280510838086992.
[I 2026-03-04 04:23:37,062] Trial 50 finished with value: 0.09265201215718324 and parameters: {'sigma_noise': 0.31673460188371716, 'A_repulsion': 0.09670642845296612, 'gamma': 0.7742033336999204, 'sigma_update': 0.4820372250509472, 'eta_learning': 1.8184260898640785, 'sigma_boundary': 5.453956894608558, 'alpha': 0.9847976336690728}. Best is trial 50 with value: 0.09265201215718324.
[I 2026-03-04 04:23:41,657] Trial 53 finished with value: 0.1704521965466949 and parameters: {'sigma_noise': 0.13524081679175465, 'A_repulsion': 0.3891352678832714, 'gamma': 0.664844215060028, 'sigma_update': 0.4045787997711932, 'eta_learning': 1.0618238999228886, 'sigma_boundary': 5.884080317166412, 'alpha': 0.7437623728323911}. Best is trial 50 with value: 0.09265201215718324.
[I 2026-03-04 04:23:56,291] Trial 48 finished with value: 0.27138701578012747 and parameters: {'sigma_noise': 0.2409223264412424, 'A_repulsion': 0.3207100178885077, 'gamma': 0.7166844402037619, 'sigma_update': 0.2855788967581572, 'eta_learning': 1.777729774104953, 'sigma_boundary': 6.605873930503327, 'alpha': 0.42365494606870824}. Best is trial 50 with value: 0.09265201215718324.
[I 2026-03-04 04:23:59,898] Trial 52 finished with value: 0.14066510975399973 and parameters: {'sigma_noise': 0.1992701458729258, 'A_repulsion': 0.3100050368022487, 'gamma': 0.8207308845487491, 'sigma_update': 0.3517370235909365, 'eta_learning': 2.188118874835536, 'sigma_boundary': 4.932756980357047, 'alpha': 0.6873290600853135}. Best is trial 50 with value: 0.09265201215718324.
[I 2026-03-04 04:24:03,449] Trial 54 finished with value: 0.18165680006308652 and parameters: {'sigma_noise': 0.23078119835343763, 'A_repulsion': 0.2777471987053908, 'gamma': 0.3461476455759265, 'sigma_update': 0.3194949761050714, 'eta_learning': 0.6250920553992991, 'sigma_boundary': 5.296462246880863, 'alpha': 0.5076934420624389}. Best is trial 50 with value: 0.09265201215718324.
[I 2026-03-04 04:24:16,188] Trial 49 finished with value: 0.10846594008799618 and parameters: {'sigma_noise': 0.29610342034137194, 'A_repulsion': 0.40981018960463644, 'gamma': 0.7700673958739928, 'sigma_update': 0.27776986845870727, 'eta_learning': 1.9776414103741333, 'sigma_boundary': 5.687745241627133, 'alpha': 0.6772638148669526}. Best is trial 50 with value: 0.09265201215718324.
[I 2026-03-04 04:24:24,199] Trial 51 finished with value: 0.24485967856908392 and parameters: {'sigma_noise': 0.37253624445291644, 'A_repulsion': 0.26424111956152196, 'gamma': 0.6021784531834866, 'sigma_update': 0.42196437481436627, 'eta_learning': 1.7586151465499489, 'sigma_boundary': 4.708792134200106, 'alpha': 0.6305345517130527}. Best is trial 50 with value: 0.09265201215718324.
[I 2026-03-04 04:24:30,026] Trial 58 finished with value: 0.16930156004519478 and parameters: {'sigma_noise': 0.2560003921528384, 'A_repulsion': 0.16889123606896528, 'gamma': 0.4080973842667786, 'sigma_update': 0.3613105634823135, 'eta_learning': 1.8694955492259555, 'sigma_boundary': 7.631626015912191, 'alpha': 0.673740656900584}. Best is trial 50 with value: 0.09265201215718324.
