[I 2026-03-04 05:02:41,195] Trial 33 finished with value: 0.15941971324160342 and parameters: {'sigma_noise': 0.10201945048033015, 'A_repulsion': 0.23634978524544173, 'gamma': 0.2953240296092498, 'sigma_update': 0.2168250446556737, 'eta_learning': 1.1400126958224093, 'sigma_boundary': 8.321473536657077, 'alpha': 0.648078804759415}. Best is trial 24 with value: 0.1034519942333969.
[I 2026-03-04 05:02:49,676] Trial 30 finished with value: 0.11392805364919961 and parameters: {'sigma_noise': 0.1909451189312084, 'A_repulsion': 0.18341861386488956, 'gamma': 0.5698234532857486, 'sigma_update': 0.44142230380407, 'eta_learning': 0.9421998949495617, 'sigma_boundary': 5.148577232501614, 'alpha': 0.7490312340666406}. Best is trial 24 with value: 0.1034519942333969.
[I 2026-03-04 05:03:13,779] Trial 32 finished with value: 0.10142129226475252 and parameters: {'sigma_noise': 0.23850806424602494, 'A_repulsion': 0.1824940986103318, 'gamma': 0.7742178979212029, 'sigma_update': 0.43931146507601676, 'eta_learning': 1.4630240197920898, 'sigma_boundary': 2.71142124465958, 'alpha': 0.5070342141416146}. Best is trial 32 with value: 0.10142129226475252.
[I 2026-03-04 05:03:18,723] Trial 31 finished with value: 0.5368491243932902 and parameters: {'sigma_noise': 0.23464214958149648, 'A_repulsion': 0.1939684899982581, 'gamma': 0.5950697224409931, 'sigma_update': 0.28003720333625437, 'eta_learning': 1.9551612876300275, 'sigma_boundary': 4.494382050405589, 'alpha': 0.3424358209289152}. Best is trial 32 with value: 0.10142129226475252.
[I 2026-03-04 05:03:22,835] Trial 25 finished with value: 0.8949693903647946 and parameters: {'sigma_noise': 0.3010531778438141, 'A_repulsion': 0.30207632254458316, 'gamma': 0.3841257649823925, 'sigma_update': 0.5045589221177055, 'eta_learning': 1.6394940025558207, 'sigma_boundary': 4.604857332572402, 'alpha': 0.3983144836812043}. Best is trial 32 with value: 0.10142129226475252.
[I 2026-03-04 05:03:35,854] Trial 26 finished with value: 0.14514595735706096 and parameters: {'sigma_noise': 0.26550277226290614, 'A_repulsion': 0.35568119835760753, 'gamma': 0.5635155345374007, 'sigma_update': 0.17348223529679033, 'eta_learning': 1.9482591882845215, 'sigma_boundary': 3.763521398123734, 'alpha': 0.47682233240243166}. Best is trial 32 with value: 0.10142129226475252.
[I 2026-03-04 05:03:43,571] Trial 27 finished with value: 0.11430679521605468 and parameters: {'sigma_noise': 0.2891832944437015, 'A_repulsion': 0.3482381057046853, 'gamma': 0.4291064560889412, 'sigma_update': 0.28698702732273246, 'eta_learning': 1.1960793006488546, 'sigma_boundary': 7.994074355781162, 'alpha': 0.6448879455080831}. Best is trial 32 with value: 0.10142129226475252.
[I 2026-03-04 05:03:44,024] Trial 29 finished with value: 1.4162753362667089 and parameters: {'sigma_noise': 0.25329727969982385, 'A_repulsion': 0.36823099196480474, 'gamma': 0.47359789683069137, 'sigma_update': 0.5605910957504628, 'eta_learning': 2.3208403414031076, 'sigma_boundary': 7.85719302485563, 'alpha': 0.32582515199615175}. Best is trial 32 with value: 0.10142129226475252.
[I 2026-03-04 05:04:05,400] Trial 42 finished with value: 0.09318282702367336 and parameters: {'sigma_noise': 0.2060949300801001, 'A_repulsion': 0.22522813866394123, 'gamma': 0.5019708761239545, 'sigma_update': 0.3031832341339672, 'eta_learning': 1.6878926934059537, 'sigma_boundary': 4.017320740858791, 'alpha': 0.679093790755991}. Best is trial 42 with value: 0.09318282702367336.
[I 2026-03-04 05:04:07,686] Trial 39 finished with value: 0.3310818911951956 and parameters: {'sigma_noise': 0.21049117726168393, 'A_repulsion': 0.22012386125614292, 'gamma': 0.09669934485845076, 'sigma_update': 0.3918075052584393, 'eta_learning': 1.6671279433948412, 'sigma_boundary': 4.332556838911614, 'alpha': 0.4301242141803082}. Best is trial 42 with value: 0.09318282702367336.
[I 2026-03-04 05:04:21,410] Trial 35 finished with value: 0.24648051870460003 and parameters: {'sigma_noise': 0.35388411213172916, 'A_repulsion': 0.14825004292619237, 'gamma': 0.4578212812659244, 'sigma_update': 0.5210622522138494, 'eta_learning': 2.0560293238350655, 'sigma_boundary': 2.4316991200591587, 'alpha': 0.7604394087024322}. Best is trial 42 with value: 0.09318282702367336.
[I 2026-03-04 05:04:29,579] Trial 34 finished with value: 0.3579295501898771 and parameters: {'sigma_noise': 0.3077366317849659, 'A_repulsion': 0.316769701940199, 'gamma': 0.6488689324175649, 'sigma_update': 0.18324450158004735, 'eta_learning': 1.0341832389760475, 'sigma_boundary': 3.8960854125699607, 'alpha': 0.42723231627251834}. Best is trial 42 with value: 0.09318282702367336.
[I 2026-03-04 05:04:34,708] Trial 36 finished with value: 0.15609592099164532 and parameters: {'sigma_noise': 0.31724323565312895, 'A_repulsion': 0.28855992552223847, 'gamma': 0.635407814556688, 'sigma_update': 0.47455378405385673, 'eta_learning': 1.5922949038730554, 'sigma_boundary': 4.481345290810617, 'alpha': 0.67941993131738}. Best is trial 42 with value: 0.09318282702367336.
[I 2026-03-04 05:04:36,608] Trial 37 finished with value: 0.16637133099292087 and parameters: {'sigma_noise': 0.24961243727139937, 'A_repulsion': 0.2894764234388118, 'gamma': 0.3882778656409433, 'sigma_update': 0.1832258251723374, 'eta_learning': 2.002606753510138, 'sigma_boundary': 3.2697248439725644, 'alpha': 0.7729339066572912}. Best is trial 42 with value: 0.09318282702367336.
[I 2026-03-04 05:04:42,983] Trial 45 finished with value: 0.5626142714905614 and parameters: {'sigma_noise': 0.32581434129741293, 'A_repulsion': 0.047026175270405535, 'gamma': 0.8344522337498447, 'sigma_update': 0.35357016459430274, 'eta_learning': 1.236529552550506, 'sigma_boundary': 3.3069317838243784, 'alpha': 0.33763516742957145}. Best is trial 42 with value: 0.09318282702367336.
[I 2026-03-04 05:04:45,385] Trial 38 finished with value: 0.28310803067509477 and parameters: {'sigma_noise': 0.24579751844459524, 'A_repulsion': 0.2605608513063465, 'gamma': 0.5349621122862664, 'sigma_update': 0.4387839326191826, 'eta_learning': 0.3518972471494432, 'sigma_boundary': 2.792552816828384, 'alpha': 0.41144808132894}. Best is trial 42 with value: 0.09318282702367336.
[I 2026-03-04 05:04:55,331] Trial 41 finished with value: 0.22021325829786353 and parameters: {'sigma_noise': 0.21312885194463482, 'A_repulsion': 0.3370349303519823, 'gamma': 0.13242673189831908, 'sigma_update': 0.240645076674261, 'eta_learning': 1.2537412573615085, 'sigma_boundary': 3.123922475888967, 'alpha': 0.37932601762911244}. Best is trial 42 with value: 0.09318282702367336.
[I 2026-03-04 05:05:19,010] Trial 43 finished with value: 0.11231988830447472 and parameters: {'sigma_noise': 0.26130564093664427, 'A_repulsion': 0.33161791549123637, 'gamma': 0.5060123895437852, 'sigma_update': 0.31173627455551695, 'eta_learning': 2.092066892504015, 'sigma_boundary': 3.4514845132278893, 'alpha': 0.5887079947437478}. Best is trial 42 with value: 0.09318282702367336.
[I 2026-03-04 05:05:19,763] Trial 40 finished with value: 1.0023409273178852 and parameters: {'sigma_noise': 0.3196792264877581, 'A_repulsion': 0.3331533450039215, 'gamma': 0.4041496269513421, 'sigma_update': 0.5331218808102927, 'eta_learning': 1.646696757341849, 'sigma_boundary': 2.849238013453911, 'alpha': 0.4115204868684683}. Best is trial 42 with value: 0.09318282702367336.
[I 2026-03-04 05:05:20,464] Trial 47 finished with value: 0.20503886125044996 and parameters: {'sigma_noise': 0.15772661227478585, 'A_repulsion': 0.41388358457180985, 'gamma': 0.27994144706406027, 'sigma_update': 0.320148109398771, 'eta_learning': 1.7925956288865217, 'sigma_boundary': 1.2799072503755815, 'alpha': 0.3573298175771411}. Best is trial 42 with value: 0.09318282702367336.
[I 2026-03-04 05:05:29,549] Trial 44 finished with value: 0.14783165925469047 and parameters: {'sigma_noise': 0.25622729747527284, 'A_repulsion': 0.29467823068603005, 'gamma': 0.40625943075966814, 'sigma_update': 0.2788723116485605, 'eta_learning': 0.6719056783666, 'sigma_boundary': 6.279194935365204, 'alpha': 0.4625483729892546}. Best is trial 42 with value: 0.09318282702367336.
[I 2026-03-04 05:05:51,310] Trial 46 finished with value: 0.15280639331770177 and parameters: {'sigma_noise': 0.2800740713608037, 'A_repulsion': 0.261824006903806, 'gamma': 0.42987736378887853, 'sigma_update': 0.18115991737642215, 'eta_learning': 1.7969586538611992, 'sigma_boundary': 1.1928744021144189, 'alpha': 0.4519379911085885}. Best is trial 42 with value: 0.09318282702367336.
[I 2026-03-04 05:07:26,338] Trial 49 finished with value: 0.11982342283918529 and parameters: {'sigma_noise': 0.22412485680482686, 'A_repulsion': 0.17535447938507623, 'gamma': 0.4771607145124905, 'sigma_update': 0.388188854998327, 'eta_learning': 2.192153721594701, 'sigma_boundary': 2.48951579787252, 'alpha': 0.9126772240022984}. Best is trial 42 with value: 0.09318282702367336.
[I 2026-03-04 05:07:33,394] Trial 48 finished with value: 0.10060967787401225 and parameters: {'sigma_noise': 0.27319345612795015, 'A_repulsion': 0.2783309935480077, 'gamma': 0.26376674497896974, 'sigma_update': 0.18143051478154384, 'eta_learning': 1.0352806212080257, 'sigma_boundary': 5.060451977549914, 'alpha': 0.4935374520483425}. Best is trial 42 with value: 0.09318282702367336.
[I 2026-03-04 05:07:46,346] Trial 50 finished with value: 0.0850306698598281 and parameters: {'sigma_noise': 0.1622180519751577, 'A_repulsion': 0.24388151842933986, 'gamma': 0.7601953544342069, 'sigma_update': 0.2426170061954979, 'eta_learning': 1.8044906448584714, 'sigma_boundary': 4.275053242597609, 'alpha': 0.5623099655353351}. Best is trial 50 with value: 0.0850306698598281.
[I 2026-03-04 05:08:13,248] Trial 53 finished with value: 0.21684040642956115 and parameters: {'sigma_noise': 0.21626840941354375, 'A_repulsion': 0.15072964465254637, 'gamma': 0.7692550854828704, 'sigma_update': 0.2655843517665191, 'eta_learning': 1.0675996189288308, 'sigma_boundary': 3.9908319139377464, 'alpha': 0.36992811231102035}. Best is trial 50 with value: 0.0850306698598281.
[I 2026-03-04 05:08:30,763] Trial 51 finished with value: 0.5615828998674174 and parameters: {'sigma_noise': 0.2534691715175451, 'A_repulsion': 0.21452996973053456, 'gamma': 0.35947344569047457, 'sigma_update': 0.45563365348241597, 'eta_learning': 1.234759859926504, 'sigma_boundary': 7.688921257262578, 'alpha': 0.3977761165295397}. Best is trial 50 with value: 0.0850306698598281.
[I 2026-03-04 05:08:32,499] Trial 63 finished with value: 0.12762205231680185 and parameters: {'sigma_noise': 0.08767650256823256, 'A_repulsion': 0.10787022216456849, 'gamma': 0.619705523776084, 'sigma_update': 0.3676273144054712, 'eta_learning': 0.9000752407935154, 'sigma_boundary': 2.230541615872556, 'alpha': 0.3567616230014946}. Best is trial 50 with value: 0.0850306698598281.
[I 2026-03-04 05:08:33,455] Trial 57 finished with value: 0.18893209063691638 and parameters: {'sigma_noise': 0.1818511656304373, 'A_repulsion': 0.1949084371207152, 'gamma': 0.669067631460239, 'sigma_update': 0.3557211999281904, 'eta_learning': 1.145438286421296, 'sigma_boundary': 4.5101873680930735, 'alpha': 0.4054371873916352}. Best is trial 50 with value: 0.0850306698598281.
[I 2026-03-04 05:08:57,476] Trial 58 finished with value: 1.1961958078108723 and parameters: {'sigma_noise': 0.1972599971767861, 'A_repulsion': 0.16035266382967758, 'gamma': 0.3084107374809543, 'sigma_update': 0.4876203773758631, 'eta_learning': 1.238682039703199, 'sigma_boundary': 3.9871541415192246, 'alpha': 0.20171704825579234}. Best is trial 50 with value: 0.0850306698598281.
[I 2026-03-04 05:09:05,133] Trial 60 finished with value: 0.07373253304254515 and parameters: {'sigma_noise': 0.2922146254871389, 'A_repulsion': 0.0006535588833659622, 'gamma': 0.8014699271048195, 'sigma_update': 0.42721078218871833, 'eta_learning': 2.071868241618166, 'sigma_boundary': 1.469228788279425, 'alpha': 0.5768925039791917}. Best is trial 60 with value: 0.07373253304254515.
[I 2026-03-04 05:09:13,798] Trial 54 finished with value: 0.09755056844088676 and parameters: {'sigma_noise': 0.1945736293535224, 'A_repulsion': 0.3885855797155366, 'gamma': 0.3635354666796066, 'sigma_update': 0.27085971273881343, 'eta_learning': 1.5168299739248512, 'sigma_boundary': 1.8106285402607627, 'alpha': 0.5648409496386546}. Best is trial 60 with value: 0.07373253304254515.
[I 2026-03-04 05:09:31,379] Trial 64 finished with value: 0.09983370027103886 and parameters: {'sigma_noise': 0.17078657255510424, 'A_repulsion': 0.20738272585906492, 'gamma': 0.5571001059162182, 'sigma_update': 0.5129209395959362, 'eta_learning': 0.608541647786583, 'sigma_boundary': 5.352701591800417, 'alpha': 0.7011060540241614}. Best is trial 60 with value: 0.07373253304254515.
[I 2026-03-04 05:09:31,701] Trial 52 finished with value: 0.47820745475589554 and parameters: {'sigma_noise': 0.29823697579188, 'A_repulsion': 0.3417151813324756, 'gamma': 0.4841229623631553, 'sigma_update': 0.3728818114854764, 'eta_learning': 1.5455015799860878, 'sigma_boundary': 5.684749540312189, 'alpha': 0.4374723143148073}. Best is trial 60 with value: 0.07373253304254515.
[I 2026-03-04 05:09:44,701] Trial 61 finished with value: 0.1092683021088871 and parameters: {'sigma_noise': 0.191820512774651, 'A_repulsion': 0.22583865624200578, 'gamma': 0.38063361288265396, 'sigma_update': 0.30782553032637217, 'eta_learning': 1.1439973074837577, 'sigma_boundary': 3.4538995263702, 'alpha': 0.70991798879793}. Best is trial 60 with value: 0.07373253304254515.
[I 2026-03-04 05:09:59,178] Trial 66 finished with value: 0.11666772844518689 and parameters: {'sigma_noise': 0.17156096948114852, 'A_repulsion': 0.2095783626423637, 'gamma': 0.5710221330214406, 'sigma_update': 0.4848176746665816, 'eta_learning': 1.0336682703400089, 'sigma_boundary': 7.6172247131268875, 'alpha': 0.702990807958823}. Best is trial 60 with value: 0.07373253304254515.
[I 2026-03-04 05:10:02,930] Trial 56 finished with value: 0.5630518487195657 and parameters: {'sigma_noise': 0.34167306994176505, 'A_repulsion': 0.25863559797833635, 'gamma': 0.21607052672119642, 'sigma_update': 0.4178646025737024, 'eta_learning': 1.5700604887817031, 'sigma_boundary': 1.896649643257759, 'alpha': 0.4355292415322677}. Best is trial 60 with value: 0.07373253304254515.
[I 2026-03-04 05:10:08,027] Trial 59 finished with value: 0.5919005160375259 and parameters: {'sigma_noise': 0.276187610973519, 'A_repulsion': 0.21609520336529503, 'gamma': 0.6470022012164892, 'sigma_update': 0.45719526132608107, 'eta_learning': 1.5575800153874877, 'sigma_boundary': 5.236227246793932, 'alpha': 0.38169092631686874}. Best is trial 60 with value: 0.07373253304254515.
[I 2026-03-04 05:10:08,777] Trial 65 finished with value: 0.09706316402658113 and parameters: {'sigma_noise': 0.19384418903056022, 'A_repulsion': 0.27034193524676364, 'gamma': 0.5507198359708907, 'sigma_update': 0.2863349571913437, 'eta_learning': 1.0513999699507173, 'sigma_boundary': 7.036671156590911, 'alpha': 0.6631435562466409}. Best is trial 60 with value: 0.07373253304254515.
[I 2026-03-04 05:10:13,483] Trial 55 finished with value: 1.0338535705159413 and parameters: {'sigma_noise': 0.3044891559245351, 'A_repulsion': 0.40316394595857513, 'gamma': 0.3477653638862762, 'sigma_update': 0.4772793969842577, 'eta_learning': 2.080427636635825, 'sigma_boundary': 5.124882919511554, 'alpha': 0.38866713103479944}. Best is trial 60 with value: 0.07373253304254515.
[I 2026-03-04 05:10:27,046] Trial 62 finished with value: 0.1732275061311413 and parameters: {'sigma_noise': 0.2781091842092681, 'A_repulsion': 0.1920346012080352, 'gamma': 0.565521321918932, 'sigma_update': 0.2147626460668132, 'eta_learning': 1.5627549119951005, 'sigma_boundary': 3.4065751322037183, 'alpha': 0.4499792374975371}. Best is trial 60 with value: 0.07373253304254515.
[I 2026-03-04 05:10:31,604] Trial 70 finished with value: 0.09460831103798899 and parameters: {'sigma_noise': 0.1837325387997208, 'A_repulsion': 0.19668777482114957, 'gamma': 0.7051912477962574, 'sigma_update': 0.2743846242148665, 'eta_learning': 1.5180794383301546, 'sigma_boundary': 4.972756805992005, 'alpha': 0.4471261534696298}. Best is trial 60 with value: 0.07373253304254515.
[I 2026-03-04 05:10:49,014] Trial 69 finished with value: 0.9296009271589061 and parameters: {'sigma_noise': 0.26363146401739734, 'A_repulsion': 0.15451920023457216, 'gamma': 0.6311722400494869, 'sigma_update': 0.21614563123530292, 'eta_learning': 1.7622361210091642, 'sigma_boundary': 5.674764605618883, 'alpha': 0.30142030974834966}. Best is trial 60 with value: 0.07373253304254515.
[I 2026-03-04 05:11:14,421] Trial 67 finished with value: 0.48369120064620413 and parameters: {'sigma_noise': 0.2797410860228289, 'A_repulsion': 0.23249093391399947, 'gamma': 0.8986492376412113, 'sigma_update': 0.3158975022626176, 'eta_learning': 1.4352826162800425, 'sigma_boundary': 6.551576951905897, 'alpha': 0.3623703305207109}. Best is trial 60 with value: 0.07373253304254515.
[I 2026-03-04 05:11:15,126] Trial 68 finished with value: 0.19144645015837974 and parameters: {'sigma_noise': 0.3032660816785333, 'A_repulsion': 0.1961713066700032, 'gamma': 0.7167979132848294, 'sigma_update': 0.25099152097128874, 'eta_learning': 0.9046790730416328, 'sigma_boundary': 5.889709193065141, 'alpha': 0.4500904971220136}. Best is trial 60 with value: 0.07373253304254515.
[I 2026-03-04 05:11:49,911] Trial 71 finished with value: 0.08097618160754341 and parameters: {'sigma_noise': 0.22752530928648568, 'A_repulsion': 0.3641658964046919, 'gamma': 0.667729634370321, 'sigma_update': 0.3714374090655282, 'eta_learning': 1.5875395941759507, 'sigma_boundary': 1.8559906611903338, 'alpha': 0.7041513449366216}. Best is trial 60 with value: 0.07373253304254515.
[I 2026-03-04 05:12:08,312] Trial 74 finished with value: 0.12548284559290798 and parameters: {'sigma_noise': 0.1217595774962226, 'A_repulsion': 0.05198306657098578, 'gamma': 0.7428620573247857, 'sigma_update': 0.4094029267988265, 'eta_learning': 1.4709961621159606, 'sigma_boundary': 3.5819849130279886, 'alpha': 0.806025164920619}. Best is trial 60 with value: 0.07373253304254515.
[I 2026-03-04 05:12:53,115] Trial 72 finished with value: 1.132555118676537 and parameters: {'sigma_noise': 0.26709519556738665, 'A_repulsion': 0.13849657000266175, 'gamma': 0.5292790153119721, 'sigma_update': 0.4423311186967281, 'eta_learning': 1.3817231295026386, 'sigma_boundary': 5.197682227266714, 'alpha': 0.26072013582154735}. Best is trial 60 with value: 0.07373253304254515.
[I 2026-03-04 05:12:59,127] Trial 73 finished with value: 0.11459264295774507 and parameters: {'sigma_noise': 0.25930748579984547, 'A_repulsion': 0.1493316692294015, 'gamma': 0.6352937257164424, 'sigma_update': 0.4154044569757136, 'eta_learning': 0.6742113416687723, 'sigma_boundary': 4.750422369399956, 'alpha': 0.604800892691945}. Best is trial 60 with value: 0.07373253304254515.
[I 2026-03-04 05:13:25,269] Trial 78 finished with value: 0.0797306120599243 and parameters: {'sigma_noise': 0.2277086355795659, 'A_repulsion': 0.08703346041001764, 'gamma': 0.5902919527751739, 'sigma_update': 0.2784808264388055, 'eta_learning': 1.2867642645790291, 'sigma_boundary': 6.323669384059138, 'alpha': 0.6519030610550096}. Best is trial 60 with value: 0.07373253304254515.
[I 2026-03-04 05:13:49,089] Trial 77 finished with value: 0.9658270093418109 and parameters: {'sigma_noise': 0.25957812480003456, 'A_repulsion': 0.14730769472936278, 'gamma': 0.6736450324693752, 'sigma_update': 0.4769347919896067, 'eta_learning': 0.4038176235903868, 'sigma_boundary': 3.810155677768327, 'alpha': 0.19325881283393131}. Best is trial 60 with value: 0.07373253304254515.
[I 2026-03-04 05:13:51,388] Trial 75 finished with value: 0.10885608325498658 and parameters: {'sigma_noise': 0.2337722474685261, 'A_repulsion': 0.20642453839912547, 'gamma': 0.8102536595327575, 'sigma_update': 0.39395564649813114, 'eta_learning': 0.7240385368136223, 'sigma_boundary': 2.9477685829329463, 'alpha': 0.4731986818452887}. Best is trial 60 with value: 0.07373253304254515.
[I 2026-03-04 05:14:14,045] Trial 79 finished with value: 0.43316906530466837 and parameters: {'sigma_noise': 0.25750483893318993, 'A_repulsion': 0.1247667708223021, 'gamma': 0.2166967750759464, 'sigma_update': 0.20362702441455854, 'eta_learning': 0.7151196994845531, 'sigma_boundary': 6.3427138250853625, 'alpha': 0.30975898456541595}. Best is trial 60 with value: 0.07373253304254515.
[I 2026-03-04 05:14:38,921] Trial 84 finished with value: 0.2965559910365073 and parameters: {'sigma_noise': 0.22990744705908245, 'A_repulsion': 0.0917407219252203, 'gamma': 0.5587525599790326, 'sigma_update': 0.4427556407075945, 'eta_learning': 1.5729160858051547, 'sigma_boundary': 6.355940227955725, 'alpha': 0.46498397375181855}. Best is trial 60 with value: 0.07373253304254515.
[I 2026-03-04 05:14:41,078] Trial 76 finished with value: 0.18230522028521856 and parameters: {'sigma_noise': 0.3217143139170188, 'A_repulsion': 0.2735361633225778, 'gamma': 0.5426974241736683, 'sigma_update': 0.2819407423634329, 'eta_learning': 1.0917449639364942, 'sigma_boundary': 4.793650280020549, 'alpha': 0.4983215201265421}. Best is trial 60 with value: 0.07373253304254515.
[I 2026-03-04 05:14:56,246] Trial 90 finished with value: 0.08351824106166647 and parameters: {'sigma_noise': 0.2106808628354669, 'A_repulsion': 0.03743953763685896, 'gamma': 0.8189183269953352, 'sigma_update': 0.5246121701586984, 'eta_learning': 1.3275466540214689, 'sigma_boundary': 3.551451605219099, 'alpha': 0.6323761755447459}. Best is trial 60 with value: 0.07373253304254515.
[I 2026-03-04 05:15:09,772] Trial 83 finished with value: 1.0930679890791506 and parameters: {'sigma_noise': 0.3074110456320403, 'A_repulsion': 0.1084382920966883, 'gamma': 0.8803389660731269, 'sigma_update': 0.346394106857521, 'eta_learning': 0.9968806439812523, 'sigma_boundary': 8.103790680851711, 'alpha': 0.257173632487488}. Best is trial 60 with value: 0.07373253304254515.
