[I 2026-03-04 05:25:06,232] Trial 140 finished with value: 0.11116138352566862 and parameters: {'sigma_noise': 0.23851631195098777, 'A_repulsion': 0.4131892535438078, 'gamma': 0.6624679474042728, 'sigma_update': 0.20777193448174272, 'eta_learning': 2.2017562645492115, 'sigma_boundary': 8.648947148988679, 'alpha': 0.6454464645262712}. Best is trial 87 with value: 0.06911704025987131.
[I 2026-03-04 05:25:14,992] Trial 141 finished with value: 0.10642101716716212 and parameters: {'sigma_noise': 0.28429834488632205, 'A_repulsion': 0.347356785835379, 'gamma': 0.7117683929825984, 'sigma_update': 0.25284970694031095, 'eta_learning': 2.2519236986527207, 'sigma_boundary': 7.527508745609565, 'alpha': 0.7524584365051716}. Best is trial 87 with value: 0.06911704025987131.
[I 2026-03-04 05:25:39,231] Trial 143 finished with value: 0.14186352348808454 and parameters: {'sigma_noise': 0.33634591947068015, 'A_repulsion': 0.4469173678373188, 'gamma': 0.8670801606221046, 'sigma_update': 0.3963349956162355, 'eta_learning': 1.5843075112323037, 'sigma_boundary': 8.131584789748812, 'alpha': 0.8711990250731598}. Best is trial 87 with value: 0.06911704025987131.
[I 2026-03-04 05:25:43,644] Trial 142 finished with value: 0.1014443192043859 and parameters: {'sigma_noise': 0.4384445691700143, 'A_repulsion': 0.3047165480595061, 'gamma': 0.8554942728193952, 'sigma_update': 0.5213493452921195, 'eta_learning': 1.7110257764088013, 'sigma_boundary': 8.678567655513342, 'alpha': 0.8530148662624606}. Best is trial 87 with value: 0.06911704025987131.
[I 2026-03-04 05:26:49,652] Trial 145 finished with value: 0.11745617894693736 and parameters: {'sigma_noise': 0.28602412923576653, 'A_repulsion': 0.24241157540957517, 'gamma': 0.7112394689636885, 'sigma_update': 0.3778049544728379, 'eta_learning': 1.0061015182411, 'sigma_boundary': 4.88675711628042, 'alpha': 0.506515856697303}. Best is trial 87 with value: 0.06911704025987131.
[I 2026-03-04 05:26:55,213] Trial 146 finished with value: 0.09029313913921566 and parameters: {'sigma_noise': 0.22815342737034178, 'A_repulsion': 0.27933539382291733, 'gamma': 0.7661995023644644, 'sigma_update': 0.0834155821392938, 'eta_learning': 1.1554512190512836, 'sigma_boundary': 6.903011417035303, 'alpha': 0.6652838563949417}. Best is trial 87 with value: 0.06911704025987131.
[I 2026-03-04 05:27:04,484] Trial 144 finished with value: 0.2334589846433258 and parameters: {'sigma_noise': 0.38657227332896577, 'A_repulsion': 0.2932334362626527, 'gamma': 0.5896818460024694, 'sigma_update': 0.38622265085366525, 'eta_learning': 1.695841812382085, 'sigma_boundary': 9.076465763787485, 'alpha': 0.5793616895293124}. Best is trial 87 with value: 0.06911704025987131.
[I 2026-03-04 05:27:08,488] Trial 147 finished with value: 0.09301490158965435 and parameters: {'sigma_noise': 0.2193461063886996, 'A_repulsion': 0.4323317168353086, 'gamma': 0.5489108438382733, 'sigma_update': 0.4290582113470494, 'eta_learning': 1.4518283578834115, 'sigma_boundary': 9.061265847083531, 'alpha': 0.7226376372920976}. Best is trial 87 with value: 0.06911704025987131.
[I 2026-03-04 05:27:42,342] Trial 148 finished with value: 0.09761042944533635 and parameters: {'sigma_noise': 0.35963140167125035, 'A_repulsion': 0.3059692604539581, 'gamma': 0.7743526679951513, 'sigma_update': 0.3240415831091349, 'eta_learning': 1.4250135709564247, 'sigma_boundary': 8.484460587541502, 'alpha': 0.5841967470973143}. Best is trial 87 with value: 0.06911704025987131.
[I 2026-03-04 05:27:42,590] Trial 151 finished with value: 0.19362878366270858 and parameters: {'sigma_noise': 0.23374145164217874, 'A_repulsion': 0.31513639326476134, 'gamma': 0.692203074591289, 'sigma_update': 0.20311834782267932, 'eta_learning': 1.9573410668775422, 'sigma_boundary': 9.64613714397843, 'alpha': 0.4237010262379418}. Best is trial 87 with value: 0.06911704025987131.
[I 2026-03-04 05:27:45,503] Trial 150 finished with value: 0.13427915645931365 and parameters: {'sigma_noise': 0.37828859223998074, 'A_repulsion': 0.17296858080627958, 'gamma': 0.7395972631857934, 'sigma_update': 0.1844431727548498, 'eta_learning': 0.7648186545089348, 'sigma_boundary': 8.370814896084836, 'alpha': 0.6381235783327931}. Best is trial 87 with value: 0.06911704025987131.
[I 2026-03-04 05:27:49,518] Trial 152 finished with value: 0.08465144330142833 and parameters: {'sigma_noise': 0.2596807296059449, 'A_repulsion': 0.328629856011994, 'gamma': 0.853072238470581, 'sigma_update': 0.30800958908035986, 'eta_learning': 1.744690012446495, 'sigma_boundary': 8.86012669776957, 'alpha': 0.6547757218718324}. Best is trial 87 with value: 0.06911704025987131.
[I 2026-03-04 05:27:52,019] Trial 149 finished with value: 0.09429435622412055 and parameters: {'sigma_noise': 0.36671086762334887, 'A_repulsion': 0.3556470122004152, 'gamma': 0.9079432410991309, 'sigma_update': 0.5472189342759418, 'eta_learning': 0.49178307113685027, 'sigma_boundary': 8.287853564815126, 'alpha': 0.6472431420098359}. Best is trial 87 with value: 0.06911704025987131.
[I 2026-03-04 05:28:20,029] Trial 153 finished with value: 0.11471110440378432 and parameters: {'sigma_noise': 0.34228199311146146, 'A_repulsion': 0.45579882797227067, 'gamma': 0.6518234816399633, 'sigma_update': 0.4694963855768196, 'eta_learning': 1.8277552722061179, 'sigma_boundary': 6.745222778407312, 'alpha': 0.716967711978544}. Best is trial 87 with value: 0.06911704025987131.
[I 2026-03-04 05:28:25,518] Trial 154 finished with value: 0.1107583211456434 and parameters: {'sigma_noise': 0.3643925627365671, 'A_repulsion': 0.41576317598176893, 'gamma': 0.4883757132306758, 'sigma_update': 0.2703287204486673, 'eta_learning': 0.3501397884748763, 'sigma_boundary': 7.225454160652543, 'alpha': 0.6492351424621311}. Best is trial 87 with value: 0.06911704025987131.
[I 2026-03-04 05:28:30,448] Trial 155 finished with value: 0.19307443281293596 and parameters: {'sigma_noise': 0.36739316373650893, 'A_repulsion': 0.403330344233888, 'gamma': 0.4796267390018041, 'sigma_update': 0.3932350068393863, 'eta_learning': 0.6086783456659592, 'sigma_boundary': 4.071962256420796, 'alpha': 0.6168526665630636}. Best is trial 87 with value: 0.06911704025987131.
[I 2026-03-04 05:28:44,315] Trial 156 finished with value: 0.13872983117430188 and parameters: {'sigma_noise': 0.3897403435419986, 'A_repulsion': 0.4359636867885727, 'gamma': 0.8606808505717982, 'sigma_update': 0.3392985005089534, 'eta_learning': 0.635187940469641, 'sigma_boundary': 8.549796792398785, 'alpha': 0.8485000533280711}. Best is trial 87 with value: 0.06911704025987131.
[I 2026-03-04 05:28:57,481] Trial 157 finished with value: 0.10487398853986785 and parameters: {'sigma_noise': 0.3212360611482257, 'A_repulsion': 0.4027539971089685, 'gamma': 0.6950501608882951, 'sigma_update': 0.4105455665473438, 'eta_learning': 1.6062387381291292, 'sigma_boundary': 9.626448558532799, 'alpha': 0.782190023203171}. Best is trial 87 with value: 0.06911704025987131.
[I 2026-03-04 05:29:01,351] Trial 159 finished with value: 0.10409711727383009 and parameters: {'sigma_noise': 0.24612772032062324, 'A_repulsion': 0.3726080566152774, 'gamma': 0.6401556166302046, 'sigma_update': 0.46731308468697236, 'eta_learning': 1.0864889839451024, 'sigma_boundary': 7.195653333966439, 'alpha': 0.7299188709636082}. Best is trial 87 with value: 0.06911704025987131.
[I 2026-03-04 05:29:21,336] Trial 158 finished with value: 0.09285975147786973 and parameters: {'sigma_noise': 0.3357900612686443, 'A_repulsion': 0.44483577651165823, 'gamma': 0.6683428176216248, 'sigma_update': 0.45885911008845914, 'eta_learning': 1.5148865733056989, 'sigma_boundary': 8.653354392851394, 'alpha': 0.8339994039185822}. Best is trial 87 with value: 0.06911704025987131.
[I 2026-03-04 05:29:37,473] Trial 160 finished with value: 0.09730218373545453 and parameters: {'sigma_noise': 0.3485381715991495, 'A_repulsion': 0.24932896844549288, 'gamma': 0.571458757955885, 'sigma_update': 0.30543572175272526, 'eta_learning': 2.713182292697881, 'sigma_boundary': 9.41143854528778, 'alpha': 0.8743480458142306}. Best is trial 87 with value: 0.06911704025987131.
[I 2026-03-04 05:29:58,730] Trial 163 finished with value: 0.5513208053776257 and parameters: {'sigma_noise': 0.24065634053686785, 'A_repulsion': 0.25326188460262894, 'gamma': 0.6812562118207226, 'sigma_update': 0.17270594672188633, 'eta_learning': 2.912635850729546, 'sigma_boundary': 6.462327464035578, 'alpha': 0.35263177445046506}. Best is trial 87 with value: 0.06911704025987131.
[I 2026-03-04 05:30:03,387] Trial 161 finished with value: 0.10077674543088817 and parameters: {'sigma_noise': 0.3947605624819066, 'A_repulsion': 0.32221576703938987, 'gamma': 0.8664013934761278, 'sigma_update': 0.5499267627459352, 'eta_learning': 1.939683858240514, 'sigma_boundary': 9.66370864738951, 'alpha': 0.8195834231762089}. Best is trial 87 with value: 0.06911704025987131.
[I 2026-03-04 05:30:14,379] Trial 162 finished with value: 0.13772991095514814 and parameters: {'sigma_noise': 0.2958586770055462, 'A_repulsion': 0.343299216045714, 'gamma': 0.8224736472582568, 'sigma_update': 0.25187548335065985, 'eta_learning': 2.405696141399008, 'sigma_boundary': 6.724993683126922, 'alpha': 0.8797894375240322}. Best is trial 87 with value: 0.06911704025987131.
[I 2026-03-04 05:31:07,167] Trial 164 finished with value: 0.10157512015620938 and parameters: {'sigma_noise': 0.2057792838332414, 'A_repulsion': 0.3517379767285477, 'gamma': 0.6837676930302585, 'sigma_update': 0.3234680562768699, 'eta_learning': 1.8138918400183086, 'sigma_boundary': 8.533178040217198, 'alpha': 0.6012354832065873}. Best is trial 87 with value: 0.06911704025987131.
[I 2026-03-04 05:31:21,737] Trial 165 finished with value: 0.0961710716383993 and parameters: {'sigma_noise': 0.28528917744242055, 'A_repulsion': 0.29892756099101736, 'gamma': 0.7918307621285958, 'sigma_update': 0.18445368243235288, 'eta_learning': 1.8551763127402503, 'sigma_boundary': 9.989984288929278, 'alpha': 0.7742273321582793}. Best is trial 87 with value: 0.06911704025987131.
[I 2026-03-04 05:31:28,197] Trial 167 finished with value: 0.07598616450947848 and parameters: {'sigma_noise': 0.2822488832883535, 'A_repulsion': 0.28162255999303415, 'gamma': 0.8175271008271593, 'sigma_update': 0.4658309293176963, 'eta_learning': 1.7981358148277538, 'sigma_boundary': 9.644573798031857, 'alpha': 0.6917542083028977}. Best is trial 87 with value: 0.06911704025987131.
[I 2026-03-04 05:31:42,197] Trial 166 finished with value: 0.13579335553055585 and parameters: {'sigma_noise': 0.31329686744886687, 'A_repulsion': 0.386707349671326, 'gamma': 0.658039478812088, 'sigma_update': 0.4235692364274819, 'eta_learning': 1.9083076172537232, 'sigma_boundary': 7.672090556294388, 'alpha': 0.5568055982741602}. Best is trial 87 with value: 0.06911704025987131.
[I 2026-03-04 05:32:15,882] Trial 170 finished with value: 0.13030171618697314 and parameters: {'sigma_noise': 0.3833911783608943, 'A_repulsion': 0.21440569338508073, 'gamma': 0.6915053627558777, 'sigma_update': 0.4470226264630425, 'eta_learning': 2.00966304452806, 'sigma_boundary': 6.28261932677212, 'alpha': 0.7162256192594799}. Best is trial 87 with value: 0.06911704025987131.
[I 2026-03-04 05:32:22,785] Trial 168 finished with value: 0.09214237754237664 and parameters: {'sigma_noise': 0.34801380527927367, 'A_repulsion': 0.39999275032566367, 'gamma': 0.82353506395814, 'sigma_update': 0.4636236036765663, 'eta_learning': 1.728029094456127, 'sigma_boundary': 9.167135265811055, 'alpha': 0.6458391708189695}. Best is trial 87 with value: 0.06911704025987131.
[I 2026-03-04 05:32:26,391] Trial 169 finished with value: 1.0877676625512747 and parameters: {'sigma_noise': 0.3361853832968603, 'A_repulsion': 0.48757138978187164, 'gamma': 0.9108613456136684, 'sigma_update': 0.46763155914117993, 'eta_learning': 2.09032109787558, 'sigma_boundary': 9.230881359867336, 'alpha': 0.3587806544626039}. Best is trial 87 with value: 0.06911704025987131.
[I 2026-03-04 05:32:31,737] Trial 172 finished with value: 0.10007978132329602 and parameters: {'sigma_noise': 0.363111570104006, 'A_repulsion': 0.4012114728298349, 'gamma': 0.9046338698304763, 'sigma_update': 0.6261565543774961, 'eta_learning': 1.2527085260030604, 'sigma_boundary': 6.69263548222697, 'alpha': 0.7620122633674007}. Best is trial 87 with value: 0.06911704025987131.
[I 2026-03-04 05:32:41,188] Trial 171 finished with value: 0.10914082551729304 and parameters: {'sigma_noise': 0.439236591470479, 'A_repulsion': 0.41419874959349334, 'gamma': 0.8684509498249242, 'sigma_update': 0.5026923208751071, 'eta_learning': 0.9274167009202914, 'sigma_boundary': 6.881071991665882, 'alpha': 0.8070933097115918}. Best is trial 87 with value: 0.06911704025987131.
[I 2026-03-04 05:32:45,146] Trial 174 finished with value: 0.10741994438330904 and parameters: {'sigma_noise': 0.2354886030089413, 'A_repulsion': 0.2914059455234264, 'gamma': 0.590643321855586, 'sigma_update': 0.6231498871608996, 'eta_learning': 1.643171185012834, 'sigma_boundary': 8.28457771020531, 'alpha': 0.7658105527145942}. Best is trial 87 with value: 0.06911704025987131.
[I 2026-03-04 05:33:03,772] Trial 176 finished with value: 0.09784795564647315 and parameters: {'sigma_noise': 0.27028871232388313, 'A_repulsion': 0.29146255103468366, 'gamma': 0.852776147743386, 'sigma_update': 0.3269211852296783, 'eta_learning': 1.6024619252377492, 'sigma_boundary': 7.841122400838348, 'alpha': 0.4840947128910459}. Best is trial 87 with value: 0.06911704025987131.
[I 2026-03-04 05:33:03,956] Trial 173 finished with value: 0.10631713550235235 and parameters: {'sigma_noise': 0.3898002318285771, 'A_repulsion': 0.34106162198443946, 'gamma': 0.8158566205134156, 'sigma_update': 0.4904880749848219, 'eta_learning': 1.9668932283078215, 'sigma_boundary': 9.912683208900912, 'alpha': 0.6238214002068561}. Best is trial 87 with value: 0.06911704025987131.
[I 2026-03-04 05:33:21,908] Trial 177 finished with value: 0.09392521154119363 and parameters: {'sigma_noise': 0.25758911263820183, 'A_repulsion': 0.27789643284207777, 'gamma': 0.6712099096150764, 'sigma_update': 0.504686759254216, 'eta_learning': 1.597616695522631, 'sigma_boundary': 7.268435307945325, 'alpha': 0.6534482706446534}. Best is trial 87 with value: 0.06911704025987131.
[I 2026-03-04 05:33:27,740] Trial 175 finished with value: 0.24480280909537996 and parameters: {'sigma_noise': 0.4233974739181108, 'A_repulsion': 0.4469154178815121, 'gamma': 0.6617399687064399, 'sigma_update': 0.39745660650231324, 'eta_learning': 1.1148270476614912, 'sigma_boundary': 7.0136357276478005, 'alpha': 0.6008279165384367}. Best is trial 87 with value: 0.06911704025987131.
[I 2026-03-04 05:33:54,009] Trial 179 finished with value: 0.09662730887022661 and parameters: {'sigma_noise': 0.3189617713037623, 'A_repulsion': 0.3132714520059918, 'gamma': 0.6654516191609745, 'sigma_update': 0.35868938357562974, 'eta_learning': 1.400415763725045, 'sigma_boundary': 8.968736815380547, 'alpha': 0.5916964587710272}. Best is trial 87 with value: 0.06911704025987131.
[I 2026-03-04 05:33:59,259] Trial 178 finished with value: 0.15671177630097458 and parameters: {'sigma_noise': 0.42860942174345024, 'A_repulsion': 0.4751754902070743, 'gamma': 0.5222176706113314, 'sigma_update': 0.37812443931090856, 'eta_learning': 1.8625474954785541, 'sigma_boundary': 6.716500494832902, 'alpha': 0.7103206942990014}. Best is trial 87 with value: 0.06911704025987131.
[I 2026-03-04 05:34:20,629] Trial 181 finished with value: 0.13814288235331496 and parameters: {'sigma_noise': 0.27007440153971246, 'A_repulsion': 0.28402205995234164, 'gamma': 0.6897232889765088, 'sigma_update': 0.5168296649632251, 'eta_learning': 1.003674111996617, 'sigma_boundary': 8.021853313209128, 'alpha': 0.5644833271056788}. Best is trial 87 with value: 0.06911704025987131.
[I 2026-03-04 05:34:26,091] Trial 180 finished with value: 0.09554391125968026 and parameters: {'sigma_noise': 0.40689312660859084, 'A_repulsion': 0.3644839845486145, 'gamma': 0.9312201053039696, 'sigma_update': 0.3495340073259245, 'eta_learning': 1.3787357515006176, 'sigma_boundary': 8.151003760679183, 'alpha': 0.6513929823878198}. Best is trial 87 with value: 0.06911704025987131.
[I 2026-03-04 05:34:26,501] Trial 183 finished with value: 0.14150763507566066 and parameters: {'sigma_noise': 0.2378239709708287, 'A_repulsion': 0.2559352495112359, 'gamma': 0.6896723077206803, 'sigma_update': 0.326638563000304, 'eta_learning': 2.4142959483868993, 'sigma_boundary': 7.515741714178464, 'alpha': 0.4760261399733553}. Best is trial 87 with value: 0.06911704025987131.
[I 2026-03-04 05:34:45,835] Trial 182 finished with value: 0.15972350682632291 and parameters: {'sigma_noise': 0.313247534655268, 'A_repulsion': 0.47860900237459836, 'gamma': 0.6838511823939117, 'sigma_update': 0.5108110152545233, 'eta_learning': 2.4866533941217135, 'sigma_boundary': 7.5273914450153825, 'alpha': 0.5886901648879013}. Best is trial 87 with value: 0.06911704025987131.
[I 2026-03-04 05:35:24,140] Trial 184 finished with value: 0.13240788642340762 and parameters: {'sigma_noise': 0.3250922396378656, 'A_repulsion': 0.1824584414758703, 'gamma': 0.572241597720944, 'sigma_update': 0.4131220963303221, 'eta_learning': 1.6560758727708813, 'sigma_boundary': 9.837077374410876, 'alpha': 0.639938676994413}. Best is trial 87 with value: 0.06911704025987131.
[I 2026-03-04 05:35:41,163] Trial 186 finished with value: 0.1136881646485852 and parameters: {'sigma_noise': 0.28364999832296317, 'A_repulsion': 0.3457453208994727, 'gamma': 0.764964786511017, 'sigma_update': 0.5592232986679255, 'eta_learning': 1.4354350438253805, 'sigma_boundary': 9.165292716448988, 'alpha': 0.6168120765953998}. Best is trial 87 with value: 0.06911704025987131.
[I 2026-03-04 05:35:50,915] Trial 185 finished with value: 0.10878052589803225 and parameters: {'sigma_noise': 0.33877343194749077, 'A_repulsion': 0.4579372332388445, 'gamma': 0.7546858080946536, 'sigma_update': 0.3176754384004361, 'eta_learning': 1.6327791307280537, 'sigma_boundary': 8.37122668463115, 'alpha': 0.731090997729377}. Best is trial 87 with value: 0.06911704025987131.
[I 2026-03-04 05:35:52,406] Trial 191 finished with value: 0.09524531647524143 and parameters: {'sigma_noise': 0.26167992576735377, 'A_repulsion': 0.10846096075083869, 'gamma': 0.7511714677212908, 'sigma_update': 0.44800271359308697, 'eta_learning': 1.4773115013868305, 'sigma_boundary': 9.440510288093856, 'alpha': 0.646060291023224}. Best is trial 87 with value: 0.06911704025987131.
[I 2026-03-04 05:36:05,404] Trial 192 finished with value: 0.08882910414177743 and parameters: {'sigma_noise': 0.2992768368785473, 'A_repulsion': 0.07440334377300628, 'gamma': 0.8616282429121299, 'sigma_update': 0.3408208694835153, 'eta_learning': 1.7076029623742426, 'sigma_boundary': 7.679028313941288, 'alpha': 0.5148872127170259}. Best is trial 87 with value: 0.06911704025987131.
[I 2026-03-04 05:36:07,619] Trial 187 finished with value: 0.09749096821508482 and parameters: {'sigma_noise': 0.4003202852627868, 'A_repulsion': 0.37652101212420613, 'gamma': 0.9408299088480782, 'sigma_update': 0.4969250581947463, 'eta_learning': 2.0353081796593093, 'sigma_boundary': 9.32724453563193, 'alpha': 0.6332424318872079}. Best is trial 87 with value: 0.06911704025987131.
[I 2026-03-04 05:36:10,783] Trial 197 finished with value: 0.09973051235198056 and parameters: {'sigma_noise': 0.23719508008672985, 'A_repulsion': 0.006009693152219997, 'gamma': 0.7676813837063434, 'sigma_update': 0.5464763456482351, 'eta_learning': 2.0350953854858806, 'sigma_boundary': 8.982988007834335, 'alpha': 0.6801076774448092}. Best is trial 87 with value: 0.06911704025987131.
[I 2026-03-04 05:36:19,275] Trial 190 finished with value: 0.08633245020412539 and parameters: {'sigma_noise': 0.25290044776147547, 'A_repulsion': 0.25683647442020535, 'gamma': 0.820198564118884, 'sigma_update': 0.25250096958162055, 'eta_learning': 1.7629439145445935, 'sigma_boundary': 8.031367696474515, 'alpha': 0.5058528583566732}. Best is trial 87 with value: 0.06911704025987131.
[I 2026-03-04 05:36:20,866] Trial 188 finished with value: 0.10873702816570634 and parameters: {'sigma_noise': 0.3057603772397302, 'A_repulsion': 0.28636132927576186, 'gamma': 0.6545211306691493, 'sigma_update': 0.4425240102625821, 'eta_learning': 1.8082436622685907, 'sigma_boundary': 8.084698550432268, 'alpha': 0.6016980462271045}. Best is trial 87 with value: 0.06911704025987131.
[I 2026-03-04 05:36:22,094] Trial 189 finished with value: 0.11599607145107814 and parameters: {'sigma_noise': 0.27905649800748167, 'A_repulsion': 0.33047653254528947, 'gamma': 0.8432148561698979, 'sigma_update': 0.5407870818203367, 'eta_learning': 1.8731902510170584, 'sigma_boundary': 8.69285014489946, 'alpha': 0.804804176094674}. Best is trial 87 with value: 0.06911704025987131.
[I 2026-03-04 05:36:27,341] Trial 193 finished with value: 0.09732591918016227 and parameters: {'sigma_noise': 0.3020316220091196, 'A_repulsion': 0.19991573218959507, 'gamma': 0.8651240823131439, 'sigma_update': 0.39435460296350655, 'eta_learning': 1.3972870248964995, 'sigma_boundary': 9.073120735409075, 'alpha': 0.670222219156976}. Best is trial 87 with value: 0.06911704025987131.
[I 2026-03-04 05:36:34,804] Trial 194 finished with value: 0.10059136470874788 and parameters: {'sigma_noise': 0.3601639575536268, 'A_repulsion': 0.2801594176286357, 'gamma': 0.7920242552355194, 'sigma_update': 0.5126829740296014, 'eta_learning': 1.670826128679826, 'sigma_boundary': 9.789102911149827, 'alpha': 0.8793787861867416}. Best is trial 87 with value: 0.06911704025987131.
[I 2026-03-04 05:36:37,239] Trial 198 finished with value: 0.20281224129891096 and parameters: {'sigma_noise': 0.18894307645796604, 'A_repulsion': 0.26274616378195803, 'gamma': 0.6542576886705633, 'sigma_update': 0.554963498139482, 'eta_learning': 1.3985969707006345, 'sigma_boundary': 9.03395975056271, 'alpha': 0.5355302373478168}. Best is trial 87 with value: 0.06911704025987131.
