[I 2026-03-04 04:26:44,512] Trial 57 finished with value: 0.11663862701735928 and parameters: {'sigma_noise': 0.2707745469654069, 'A_repulsion': 0.2899809875251536, 'gamma': 0.49823254788236543, 'sigma_update': 0.30834656314393427, 'eta_learning': 1.1825359304732697, 'sigma_boundary': 5.99734730748034, 'alpha': 0.7942049346575542}. Best is trial 46 with value: 0.07042087530047023.
[I 2026-03-04 04:27:05,585] Trial 55 finished with value: 0.7725047118367996 and parameters: {'sigma_noise': 0.3044891559245351, 'A_repulsion': 0.40316394595857513, 'gamma': 0.3477653638862762, 'sigma_update': 0.4772793969842577, 'eta_learning': 2.080427636635825, 'sigma_boundary': 5.124882919511554, 'alpha': 0.38866713103479944}. Best is trial 46 with value: 0.07042087530047023.
[I 2026-03-04 04:27:08,725] Trial 65 finished with value: 0.11804991286294586 and parameters: {'sigma_noise': 0.1529235424231259, 'A_repulsion': 0.31380748470661773, 'gamma': 0.514838466286708, 'sigma_update': 0.3438398467887111, 'eta_learning': 0.5931678455571048, 'sigma_boundary': 8.439921114913714, 'alpha': 0.7578906275175612}. Best is trial 46 with value: 0.07042087530047023.
[I 2026-03-04 04:27:11,105] Trial 61 finished with value: 0.11230234215697767 and parameters: {'sigma_noise': 0.20562134170501223, 'A_repulsion': 0.36330360147678215, 'gamma': 0.6385051750569737, 'sigma_update': 0.13240854690276613, 'eta_learning': 1.1128185798137091, 'sigma_boundary': 8.35259006411593, 'alpha': 0.6451762867392841}. Best is trial 46 with value: 0.07042087530047023.
[I 2026-03-04 04:27:18,547] Trial 64 finished with value: 0.09777354948110586 and parameters: {'sigma_noise': 0.16803513986616092, 'A_repulsion': 0.34162206493964886, 'gamma': 0.7284166152029519, 'sigma_update': 0.3973664329227595, 'eta_learning': 1.4322307026281789, 'sigma_boundary': 6.815940430381951, 'alpha': 0.5842256667580465}. Best is trial 46 with value: 0.07042087530047023.
[I 2026-03-04 04:27:24,423] Trial 59 finished with value: 0.132347247820664 and parameters: {'sigma_noise': 0.33094475170581694, 'A_repulsion': 0.29904467052484995, 'gamma': 0.3905882463911546, 'sigma_update': 0.4067368441456244, 'eta_learning': 1.1466105849394255, 'sigma_boundary': 7.605413461661951, 'alpha': 0.6252885507409189}. Best is trial 46 with value: 0.07042087530047023.
[I 2026-03-04 04:27:29,644] Trial 66 finished with value: 0.09821265489545761 and parameters: {'sigma_noise': 0.16835100488430457, 'A_repulsion': 0.3584644096969782, 'gamma': 0.6536242966596499, 'sigma_update': 0.48037036377416986, 'eta_learning': 0.7266490029266058, 'sigma_boundary': 7.1434955799610975, 'alpha': 0.5972539732041164}. Best is trial 46 with value: 0.07042087530047023.
[I 2026-03-04 04:27:44,577] Trial 60 finished with value: 1.8741217271420703 and parameters: {'sigma_noise': 0.4004818644526048, 'A_repulsion': 0.22031874576509297, 'gamma': 0.45434046709937853, 'sigma_update': 0.15138326032196076, 'eta_learning': 1.0445591503033083, 'sigma_boundary': 4.258955591211145, 'alpha': 0.25249508731725123}. Best is trial 46 with value: 0.07042087530047023.
[I 2026-03-04 04:27:45,930] Trial 62 finished with value: 0.17510521824175185 and parameters: {'sigma_noise': 0.31730405006959767, 'A_repulsion': 0.2441069215865972, 'gamma': 0.3952290736272738, 'sigma_update': 0.1402652883136096, 'eta_learning': 0.9075248672710756, 'sigma_boundary': 8.153573210170924, 'alpha': 0.7085856347329251}. Best is trial 46 with value: 0.07042087530047023.
[I 2026-03-04 04:27:51,622] Trial 68 finished with value: 0.0817683362792949 and parameters: {'sigma_noise': 0.25667802939770135, 'A_repulsion': 0.14458747173946526, 'gamma': 0.42623543938754876, 'sigma_update': 0.33961265471293145, 'eta_learning': 0.9111475702677173, 'sigma_boundary': 8.24050809767588, 'alpha': 0.7416054413637344}. Best is trial 46 with value: 0.07042087530047023.
[I 2026-03-04 04:27:52,829] Trial 58 finished with value: 0.09934578975628605 and parameters: {'sigma_noise': 0.3959186372700948, 'A_repulsion': 0.3906399634298803, 'gamma': 0.7280896553203962, 'sigma_update': 0.32968001257769336, 'eta_learning': 1.4563301113019071, 'sigma_boundary': 7.7460100234845495, 'alpha': 0.8371056166979782}. Best is trial 46 with value: 0.07042087530047023.
[I 2026-03-04 04:27:54,131] Trial 63 finished with value: 0.169756107860646 and parameters: {'sigma_noise': 0.2932205122716116, 'A_repulsion': 0.3206392597452088, 'gamma': 0.7082884758192973, 'sigma_update': 0.18709935235089, 'eta_learning': 1.5426676690667374, 'sigma_boundary': 3.6338627534737884, 'alpha': 0.8688239671007822}. Best is trial 46 with value: 0.07042087530047023.
[I 2026-03-04 04:28:00,930] Trial 67 finished with value: 0.11339658352224499 and parameters: {'sigma_noise': 0.27903208955903447, 'A_repulsion': 0.1880443492182547, 'gamma': 0.21403952777154825, 'sigma_update': 0.43929792541363344, 'eta_learning': 0.7909882579268877, 'sigma_boundary': 6.774667447996807, 'alpha': 0.7395228679526172}. Best is trial 46 with value: 0.07042087530047023.
[I 2026-03-04 04:28:36,016] Trial 69 finished with value: 0.16386034142072733 and parameters: {'sigma_noise': 0.3536501349425235, 'A_repulsion': 0.22877440884819455, 'gamma': 0.3744746698046088, 'sigma_update': 0.2763808230914401, 'eta_learning': 0.38447808525283556, 'sigma_boundary': 7.485629142553054, 'alpha': 0.8142911755576963}. Best is trial 46 with value: 0.07042087530047023.
[I 2026-03-04 04:28:37,195] Trial 70 finished with value: 0.11644682548702488 and parameters: {'sigma_noise': 0.2654681787550845, 'A_repulsion': 0.2871307721468482, 'gamma': 0.3980224976726154, 'sigma_update': 0.2681920465137121, 'eta_learning': 0.7288078681196924, 'sigma_boundary': 5.985420068469166, 'alpha': 0.7876367498032077}. Best is trial 46 with value: 0.07042087530047023.
[I 2026-03-04 04:28:39,425] Trial 71 finished with value: 0.14031353738053146 and parameters: {'sigma_noise': 0.19609836596786417, 'A_repulsion': 0.3823011207450192, 'gamma': 0.21921872672543877, 'sigma_update': 0.1461619088729489, 'eta_learning': 1.7021854315235243, 'sigma_boundary': 7.641782082040084, 'alpha': 0.5351818112220047}. Best is trial 46 with value: 0.07042087530047023.
[I 2026-03-04 04:29:43,628] Trial 73 finished with value: 0.10640039466236288 and parameters: {'sigma_noise': 0.23525589637835687, 'A_repulsion': 0.21521654404872875, 'gamma': 0.6485943030037664, 'sigma_update': 0.33980150217563376, 'eta_learning': 1.3400393319024306, 'sigma_boundary': 7.236224108049503, 'alpha': 0.562236038737633}. Best is trial 46 with value: 0.07042087530047023.
[I 2026-03-04 04:30:06,814] Trial 74 finished with value: 0.110111856340766 and parameters: {'sigma_noise': 0.2145470001230207, 'A_repulsion': 0.31982079325114265, 'gamma': 0.6641617538279907, 'sigma_update': 0.20322504919344142, 'eta_learning': 0.7549123455035391, 'sigma_boundary': 3.151197253476216, 'alpha': 0.42101554455860124}. Best is trial 46 with value: 0.07042087530047023.
[I 2026-03-04 04:30:11,710] Trial 75 finished with value: 0.10504671481263303 and parameters: {'sigma_noise': 0.24671850285297509, 'A_repulsion': 0.2103108520265639, 'gamma': 0.4526609179950442, 'sigma_update': 0.28983160663031043, 'eta_learning': 1.8380181533141606, 'sigma_boundary': 5.778615676322114, 'alpha': 0.6677320553604754}. Best is trial 46 with value: 0.07042087530047023.
[I 2026-03-04 04:30:30,498] Trial 72 finished with value: 0.1283711569507708 and parameters: {'sigma_noise': 0.3852882245085015, 'A_repulsion': 0.2802513076079909, 'gamma': 0.5663960214641922, 'sigma_update': 0.39172848579662256, 'eta_learning': 1.088771743459153, 'sigma_boundary': 7.570108595271111, 'alpha': 0.7176464326729131}. Best is trial 46 with value: 0.07042087530047023.
[I 2026-03-04 04:30:40,931] Trial 76 finished with value: 0.08832489205242064 and parameters: {'sigma_noise': 0.25076957094051394, 'A_repulsion': 0.2763596834073755, 'gamma': 0.6700541256542684, 'sigma_update': 0.4966449481910485, 'eta_learning': 0.7242395604024959, 'sigma_boundary': 7.165132244617064, 'alpha': 0.6733161734478819}. Best is trial 46 with value: 0.07042087530047023.
[I 2026-03-04 04:30:53,709] Trial 81 finished with value: 0.09807660645763411 and parameters: {'sigma_noise': 0.15845807145254104, 'A_repulsion': 0.10037056525527868, 'gamma': 0.35360141903822184, 'sigma_update': 0.4274973516329301, 'eta_learning': 1.3105089270646069, 'sigma_boundary': 5.88193018315214, 'alpha': 0.7528776957771799}. Best is trial 46 with value: 0.07042087530047023.
[I 2026-03-04 04:31:21,863] Trial 78 finished with value: 0.12941832357597835 and parameters: {'sigma_noise': 0.20248210291831714, 'A_repulsion': 0.3334780447791977, 'gamma': 0.2820341850560014, 'sigma_update': 0.29660995800415874, 'eta_learning': 1.1510160815197379, 'sigma_boundary': 6.582731862722403, 'alpha': 0.7317337960580793}. Best is trial 46 with value: 0.07042087530047023.
[I 2026-03-04 04:31:26,958] Trial 79 finished with value: 0.12120518677055508 and parameters: {'sigma_noise': 0.2298054854282096, 'A_repulsion': 0.22830505369703213, 'gamma': 0.5137438933142683, 'sigma_update': 0.2871493746119696, 'eta_learning': 1.7867228677211617, 'sigma_boundary': 6.442562950431383, 'alpha': 0.9159917814376799}. Best is trial 46 with value: 0.07042087530047023.
[I 2026-03-04 04:31:35,263] Trial 86 finished with value: 0.112726412765749 and parameters: {'sigma_noise': 0.20715865623897273, 'A_repulsion': 0.13225474867166545, 'gamma': 0.5538497180922383, 'sigma_update': 0.39016712759773414, 'eta_learning': 1.3530725481863952, 'sigma_boundary': 6.7593594435023086, 'alpha': 0.5991183218480997}. Best is trial 46 with value: 0.07042087530047023.
[I 2026-03-04 04:31:45,738] Trial 80 finished with value: 1.013590038728229 and parameters: {'sigma_noise': 0.279922162227394, 'A_repulsion': 0.26629454475627473, 'gamma': 0.31522429583933875, 'sigma_update': 0.4772945596234989, 'eta_learning': 1.297337449136895, 'sigma_boundary': 6.182399825073018, 'alpha': 0.3366365684054715}. Best is trial 46 with value: 0.07042087530047023.
[I 2026-03-04 04:31:54,425] Trial 77 finished with value: 0.07824587475997889 and parameters: {'sigma_noise': 0.2870843305455608, 'A_repulsion': 0.40214274971102903, 'gamma': 0.553061156762192, 'sigma_update': 0.31790974603316835, 'eta_learning': 1.3740409594615137, 'sigma_boundary': 6.120444001230812, 'alpha': 0.6238275850256315}. Best is trial 46 with value: 0.07042087530047023.
[I 2026-03-04 04:31:58,435] Trial 85 finished with value: 0.1731942221500004 and parameters: {'sigma_noise': 0.24725974092119563, 'A_repulsion': 0.21768399115386058, 'gamma': 0.3329402921794706, 'sigma_update': 0.3725738859030922, 'eta_learning': 1.4096512552467897, 'sigma_boundary': 5.731342924655121, 'alpha': 0.4436556707133916}. Best is trial 46 with value: 0.07042087530047023.
[I 2026-03-04 04:32:05,613] Trial 84 finished with value: 0.08257565700435192 and parameters: {'sigma_noise': 0.23712922080487714, 'A_repulsion': 0.2392293663306116, 'gamma': 0.6060941226189204, 'sigma_update': 0.419899989741108, 'eta_learning': 0.7196299769992835, 'sigma_boundary': 5.599827143867596, 'alpha': 0.8283212530741738}. Best is trial 46 with value: 0.07042087530047023.
[I 2026-03-04 04:32:09,114] Trial 91 finished with value: 0.10813920798090033 and parameters: {'sigma_noise': 0.22494998505717423, 'A_repulsion': 0.1550512755941, 'gamma': 0.7172842697062061, 'sigma_update': 0.33339530841650045, 'eta_learning': 0.6287519606572806, 'sigma_boundary': 7.08516451310042, 'alpha': 0.8106912462733139}. Best is trial 46 with value: 0.07042087530047023.
[I 2026-03-04 04:32:13,150] Trial 83 finished with value: 0.11698121022194928 and parameters: {'sigma_noise': 0.23781055496548992, 'A_repulsion': 0.2982276296803988, 'gamma': 0.19054738630417556, 'sigma_update': 0.30632896161614265, 'eta_learning': 1.5360542662060104, 'sigma_boundary': 6.946517490443532, 'alpha': 0.7131132123780825}. Best is trial 46 with value: 0.07042087530047023.
[I 2026-03-04 04:32:14,983] Trial 82 finished with value: 0.09608036994730873 and parameters: {'sigma_noise': 0.2627550703895442, 'A_repulsion': 0.30280357312961154, 'gamma': 0.5140274906478778, 'sigma_update': 0.3235742780952127, 'eta_learning': 1.6772724133250563, 'sigma_boundary': 9.576762243232842, 'alpha': 0.7122873982505845}. Best is trial 46 with value: 0.07042087530047023.
[I 2026-03-04 04:32:17,758] Trial 90 finished with value: 0.08935064427988358 and parameters: {'sigma_noise': 0.2543237135088085, 'A_repulsion': 0.1634715123976254, 'gamma': 0.4843737450030045, 'sigma_update': 0.5417957821945619, 'eta_learning': 0.05799308325929121, 'sigma_boundary': 4.982658462218269, 'alpha': 0.6254263861819958}. Best is trial 46 with value: 0.07042087530047023.
[I 2026-03-04 04:32:24,659] Trial 87 finished with value: 0.1119266893776792 and parameters: {'sigma_noise': 0.24582654430877354, 'A_repulsion': 0.19884786769315912, 'gamma': 0.5877621001775605, 'sigma_update': 0.2622931243871491, 'eta_learning': 0.6024844929199368, 'sigma_boundary': 8.02686059285002, 'alpha': 0.43291237347729805}. Best is trial 46 with value: 0.07042087530047023.
[I 2026-03-04 04:32:39,827] Trial 92 finished with value: 0.08720036982883042 and parameters: {'sigma_noise': 0.21035083116672532, 'A_repulsion': 0.27791166647541077, 'gamma': 0.5636307319053828, 'sigma_update': 0.36415545532859006, 'eta_learning': 1.525701674923403, 'sigma_boundary': 6.056251442763007, 'alpha': 0.7784464187236225}. Best is trial 46 with value: 0.07042087530047023.
[I 2026-03-04 04:32:46,713] Trial 89 finished with value: 0.35393202871015994 and parameters: {'sigma_noise': 0.23916684944321714, 'A_repulsion': 0.34502733456304513, 'gamma': 0.5899349150611134, 'sigma_update': 0.552795490236006, 'eta_learning': 1.6369513782934633, 'sigma_boundary': 5.177496822699688, 'alpha': 0.4664487570244604}. Best is trial 46 with value: 0.07042087530047023.
[I 2026-03-04 04:32:55,303] Trial 88 finished with value: 0.14541972089946803 and parameters: {'sigma_noise': 0.25260527527409865, 'A_repulsion': 0.40738165721726466, 'gamma': 0.7156800947411375, 'sigma_update': 0.23753862037858742, 'eta_learning': 1.224047065631214, 'sigma_boundary': 5.546982782649615, 'alpha': 0.9960294050227063}. Best is trial 46 with value: 0.07042087530047023.
[I 2026-03-04 04:33:15,107] Trial 95 finished with value: 0.14912459975249096 and parameters: {'sigma_noise': 0.22646551975355333, 'A_repulsion': 0.2576437525652168, 'gamma': 0.8688022243921669, 'sigma_update': 0.25929693029376655, 'eta_learning': 0.3979716597923581, 'sigma_boundary': 6.88277216705998, 'alpha': 0.8173843752397236}. Best is trial 46 with value: 0.07042087530047023.
[I 2026-03-04 04:33:40,688] Trial 94 finished with value: 0.07312493699547676 and parameters: {'sigma_noise': 0.2707590724484267, 'A_repulsion': 0.39196524036879254, 'gamma': 0.5440251072272378, 'sigma_update': 0.4649630315901791, 'eta_learning': 0.2822564348712219, 'sigma_boundary': 8.140467100700912, 'alpha': 0.8014595173278967}. Best is trial 46 with value: 0.07042087530047023.
[I 2026-03-04 04:34:06,529] Trial 93 finished with value: 0.08411954173792913 and parameters: {'sigma_noise': 0.4002796845429817, 'A_repulsion': 0.42186026758495165, 'gamma': 0.7853864294892836, 'sigma_update': 0.3269211780548318, 'eta_learning': 1.0858677916682267, 'sigma_boundary': 7.211483530641623, 'alpha': 0.8960942267894815}. Best is trial 46 with value: 0.07042087530047023.
[I 2026-03-04 04:34:30,612] Trial 96 finished with value: 0.0663945951341696 and parameters: {'sigma_noise': 0.25669274932619063, 'A_repulsion': 0.2277090327328619, 'gamma': 0.6379276183830348, 'sigma_update': 0.4213325019786138, 'eta_learning': 0.7938089015361337, 'sigma_boundary': 8.719517273317543, 'alpha': 0.8771913215160541}. Best is trial 96 with value: 0.0663945951341696.
[I 2026-03-04 04:34:44,129] Trial 99 finished with value: 0.10351967230101333 and parameters: {'sigma_noise': 0.22194270500386476, 'A_repulsion': 0.13009470540188992, 'gamma': 0.45299482944211045, 'sigma_update': 0.34154703088000704, 'eta_learning': 1.8649913959534479, 'sigma_boundary': 5.597244527313746, 'alpha': 0.7329875377485705}. Best is trial 96 with value: 0.0663945951341696.
[I 2026-03-04 04:34:45,419] Trial 97 finished with value: 0.10708195177352015 and parameters: {'sigma_noise': 0.2558363712345011, 'A_repulsion': 0.18264217564141977, 'gamma': 0.4813362996772036, 'sigma_update': 0.37601596971744444, 'eta_learning': 0.7390164759496911, 'sigma_boundary': 4.101547314182497, 'alpha': 0.8604981080160784}. Best is trial 96 with value: 0.0663945951341696.
[I 2026-03-04 04:35:10,004] Trial 100 finished with value: 0.12626408590695307 and parameters: {'sigma_noise': 0.1792815743787325, 'A_repulsion': 0.2520503643430302, 'gamma': 0.8281313191091234, 'sigma_update': 0.41832307007609104, 'eta_learning': 1.0020543620468205, 'sigma_boundary': 6.932594488653688, 'alpha': 0.7620520560394995}. Best is trial 96 with value: 0.0663945951341696.
[I 2026-03-04 04:35:14,154] Trial 98 finished with value: 0.140723231556648 and parameters: {'sigma_noise': 0.267158050566722, 'A_repulsion': 0.35423732682282527, 'gamma': 0.7730659742354846, 'sigma_update': 0.24406038246787054, 'eta_learning': 0.5279604866734594, 'sigma_boundary': 5.879777543134075, 'alpha': 0.9355199877796674}. Best is trial 96 with value: 0.0663945951341696.
[I 2026-03-04 04:35:55,595] Trial 104 finished with value: 0.1213469037678188 and parameters: {'sigma_noise': 0.2065192825778152, 'A_repulsion': 0.18377716409702893, 'gamma': 0.8845930013308633, 'sigma_update': 0.3352177420596617, 'eta_learning': 2.1758481011840463, 'sigma_boundary': 6.026362480720312, 'alpha': 0.7313977264678135}. Best is trial 96 with value: 0.0663945951341696.
[I 2026-03-04 04:36:10,859] Trial 101 finished with value: 0.07272354977071095 and parameters: {'sigma_noise': 0.3045766205199019, 'A_repulsion': 0.4265539176388972, 'gamma': 0.7394079517538952, 'sigma_update': 0.28065204859395976, 'eta_learning': 0.32239590003094337, 'sigma_boundary': 4.077164798996515, 'alpha': 0.6334313980900289}. Best is trial 96 with value: 0.0663945951341696.
[I 2026-03-04 04:36:18,571] Trial 108 finished with value: 0.11049644340821449 and parameters: {'sigma_noise': 0.16373210331766155, 'A_repulsion': 0.30090560339936406, 'gamma': 0.43058155153472755, 'sigma_update': 0.08605789721507572, 'eta_learning': 2.1622628602932306, 'sigma_boundary': 8.728590259950561, 'alpha': 0.45426722130312075}. Best is trial 96 with value: 0.0663945951341696.
[I 2026-03-04 04:36:35,177] Trial 109 finished with value: 0.10416130608412169 and parameters: {'sigma_noise': 0.17955761825361127, 'A_repulsion': 0.35450985016601466, 'gamma': 0.4496010472004939, 'sigma_update': 0.4140791177128576, 'eta_learning': 0.6804121518522643, 'sigma_boundary': 6.789256256790458, 'alpha': 0.6159263144063314}. Best is trial 96 with value: 0.0663945951341696.
[I 2026-03-04 04:36:44,175] Trial 102 finished with value: 0.12311887337687699 and parameters: {'sigma_noise': 0.36064946296808004, 'A_repulsion': 0.32977100978185087, 'gamma': 0.9637726269885133, 'sigma_update': 0.30143543532470773, 'eta_learning': 0.9006631213063384, 'sigma_boundary': 6.776245545373641, 'alpha': 0.7237103111253993}. Best is trial 96 with value: 0.0663945951341696.
[I 2026-03-04 04:36:45,496] Trial 103 finished with value: 0.07462621257363984 and parameters: {'sigma_noise': 0.311298094464884, 'A_repulsion': 0.3852094305738438, 'gamma': 0.8026676969945118, 'sigma_update': 0.32120415310106576, 'eta_learning': 1.0065041630334988, 'sigma_boundary': 8.683854090750167, 'alpha': 0.573643747240144}. Best is trial 96 with value: 0.0663945951341696.
[I 2026-03-04 04:36:46,767] Trial 106 finished with value: 0.09687898364197774 and parameters: {'sigma_noise': 0.21735604960509974, 'A_repulsion': 0.3349800303747736, 'gamma': 0.5976124989546528, 'sigma_update': 0.3140947425395413, 'eta_learning': 1.4998283029937227, 'sigma_boundary': 7.457947785701408, 'alpha': 0.7549179802433195}. Best is trial 96 with value: 0.0663945951341696.
[I 2026-03-04 04:36:56,553] Trial 111 finished with value: 0.08181591331392965 and parameters: {'sigma_noise': 0.22362108808678127, 'A_repulsion': 0.29198427756712597, 'gamma': 0.6636125937907272, 'sigma_update': 0.4427573655818903, 'eta_learning': 1.6183925300972604, 'sigma_boundary': 8.546716164151343, 'alpha': 0.6323638750971047}. Best is trial 96 with value: 0.0663945951341696.
[I 2026-03-04 04:37:00,711] Trial 113 finished with value: 0.10593130012496385 and parameters: {'sigma_noise': 0.26049304322137207, 'A_repulsion': 0.21548548344858148, 'gamma': 0.7902868143352577, 'sigma_update': 0.413518381179992, 'eta_learning': 0.6052283196355397, 'sigma_boundary': 7.5125640869614525, 'alpha': 0.7674876991962934}. Best is trial 96 with value: 0.0663945951341696.
[I 2026-03-04 04:37:05,998] Trial 105 finished with value: 0.06595604593660456 and parameters: {'sigma_noise': 0.3141127306966672, 'A_repulsion': 0.36574578941276586, 'gamma': 0.8523861193334634, 'sigma_update': 0.3509432917991374, 'eta_learning': 0.9250536569964668, 'sigma_boundary': 8.236817872454916, 'alpha': 0.7244806803469623}. Best is trial 105 with value: 0.06595604593660456.
[I 2026-03-04 04:37:10,569] Trial 107 finished with value: 0.11026977360404883 and parameters: {'sigma_noise': 0.36048781734596647, 'A_repulsion': 0.2953363920875652, 'gamma': 0.6497555750623849, 'sigma_update': 0.2978584018562135, 'eta_learning': 1.312740709658027, 'sigma_boundary': 6.85526120947626, 'alpha': 0.9180438231372048}. Best is trial 105 with value: 0.06595604593660456.
[I 2026-03-04 04:37:28,235] Trial 115 finished with value: 0.09752993974503416 and parameters: {'sigma_noise': 0.2187748736778291, 'A_repulsion': 0.3139943724568002, 'gamma': 0.6886373482640479, 'sigma_update': 0.23206014970127312, 'eta_learning': 0.8915891583045215, 'sigma_boundary': 6.557016684787623, 'alpha': 0.7459187041641933}. Best is trial 105 with value: 0.06595604593660456.
