[I 2026-03-04 04:48:05,675] Trial 166 finished with value: 0.2869557555210174 and parameters: {'sigma_noise': 0.21933660779813446, 'A_repulsion': 0.3575487159472103, 'gamma': 0.6570000211867862, 'sigma_update': 0.33478009848047285, 'eta_learning': 1.9373509203424992, 'sigma_boundary': 6.606421821528282, 'alpha': 0.42826369530353764}. Best is trial 129 with value: 0.07509117529322022.
[I 2026-03-04 04:48:19,362] Trial 172 finished with value: 0.12048896743132809 and parameters: {'sigma_noise': 0.2584251443198486, 'A_repulsion': 0.07907480565488835, 'gamma': 0.6319962649646687, 'sigma_update': 0.4666373318571487, 'eta_learning': 1.90301425645003, 'sigma_boundary': 5.128913556354716, 'alpha': 0.7271915822890891}. Best is trial 129 with value: 0.07509117529322022.
[I 2026-03-04 04:48:22,317] Trial 170 finished with value: 0.07420450603057197 and parameters: {'sigma_noise': 0.25905259735141295, 'A_repulsion': 0.18004385113536836, 'gamma': 0.837698426429858, 'sigma_update': 0.3282742237187316, 'eta_learning': 2.183472409091671, 'sigma_boundary': 5.924162758557987, 'alpha': 0.6601897788843465}. Best is trial 170 with value: 0.07420450603057197.
[I 2026-03-04 04:48:38,747] Trial 169 finished with value: 0.36519689320564164 and parameters: {'sigma_noise': 0.35101047737049057, 'A_repulsion': 0.25864276216296955, 'gamma': 0.7065938696424393, 'sigma_update': 0.533641468228331, 'eta_learning': 2.2534092195838804, 'sigma_boundary': 9.762094267273076, 'alpha': 0.5139467881177349}. Best is trial 170 with value: 0.07420450603057197.
[I 2026-03-04 04:48:47,299] Trial 175 finished with value: 0.11666995038007534 and parameters: {'sigma_noise': 0.25996846418562586, 'A_repulsion': 0.12898028689954372, 'gamma': 0.5829432166589967, 'sigma_update': 0.33795391204008, 'eta_learning': 2.061058378074288, 'sigma_boundary': 9.031510455851983, 'alpha': 0.7334701063268312}. Best is trial 170 with value: 0.07420450603057197.
[I 2026-03-04 04:49:01,900] Trial 173 finished with value: 0.0873724875727129 and parameters: {'sigma_noise': 0.27557420492699675, 'A_repulsion': 0.2857615658945739, 'gamma': 0.7502709339472093, 'sigma_update': 0.42592956053835346, 'eta_learning': 2.579862580861442, 'sigma_boundary': 6.453035264611271, 'alpha': 0.6764604755037746}. Best is trial 170 with value: 0.07420450603057197.
[I 2026-03-04 04:49:24,011] Trial 177 finished with value: 0.09189205637836192 and parameters: {'sigma_noise': 0.30548510656942274, 'A_repulsion': 0.16860537693238883, 'gamma': 0.8094958714926697, 'sigma_update': 0.3173722395960547, 'eta_learning': 2.1051793694992766, 'sigma_boundary': 5.43048817378187, 'alpha': 0.8096297569103014}. Best is trial 170 with value: 0.07420450603057197.
[I 2026-03-04 04:49:24,266] Trial 176 finished with value: 0.12030384169989404 and parameters: {'sigma_noise': 0.25648195528442835, 'A_repulsion': 0.32299167071062085, 'gamma': 0.8994787869517775, 'sigma_update': 0.29194504557965123, 'eta_learning': 2.5901942459317504, 'sigma_boundary': 8.527235786606013, 'alpha': 0.6635135332198756}. Best is trial 170 with value: 0.07420450603057197.
[I 2026-03-04 04:49:34,387] Trial 181 finished with value: 0.0910177911026316 and parameters: {'sigma_noise': 0.17741439501105416, 'A_repulsion': 0.045348536535684214, 'gamma': 0.8983628139060682, 'sigma_update': 0.39203607824129105, 'eta_learning': 2.7009984466603676, 'sigma_boundary': 9.192156349239575, 'alpha': 0.559936879024324}. Best is trial 170 with value: 0.07420450603057197.
[I 2026-03-04 04:49:50,705] Trial 179 finished with value: 0.12053779424148398 and parameters: {'sigma_noise': 0.20482264654311394, 'A_repulsion': 0.22520701419153147, 'gamma': 0.8026114100066232, 'sigma_update': 0.2721392682614929, 'eta_learning': 2.8414968316471105, 'sigma_boundary': 8.63979823067627, 'alpha': 0.6168836009514587}. Best is trial 170 with value: 0.07420450603057197.
[I 2026-03-04 04:50:03,497] Trial 180 finished with value: 0.10814617473283504 and parameters: {'sigma_noise': 0.27047906853388376, 'A_repulsion': 0.15732288149187068, 'gamma': 0.7328863802328084, 'sigma_update': 0.2499544517935866, 'eta_learning': 2.480107281997218, 'sigma_boundary': 6.897259666790294, 'alpha': 0.5716086322890627}. Best is trial 170 with value: 0.07420450603057197.
[I 2026-03-04 04:50:14,051] Trial 178 finished with value: 0.13066567339687019 and parameters: {'sigma_noise': 0.31851234921141774, 'A_repulsion': 0.2455336349724542, 'gamma': 0.6217736915580727, 'sigma_update': 0.4321121651922745, 'eta_learning': 2.1067985982644215, 'sigma_boundary': 8.364727978706915, 'alpha': 0.7946148104092884}. Best is trial 170 with value: 0.07420450603057197.
[I 2026-03-04 04:50:33,266] Trial 182 finished with value: 0.19506114068402677 and parameters: {'sigma_noise': 0.23343699984509014, 'A_repulsion': 0.20956831930583583, 'gamma': 0.6060067660169595, 'sigma_update': 0.6283550419245119, 'eta_learning': 2.6351290630763398, 'sigma_boundary': 9.403347555407603, 'alpha': 0.7157181246714018}. Best is trial 170 with value: 0.07420450603057197.
[I 2026-03-04 04:50:47,217] Trial 184 finished with value: 0.18411199591013813 and parameters: {'sigma_noise': 0.11230502724825982, 'A_repulsion': 0.2384189113236768, 'gamma': 0.9122963735967785, 'sigma_update': 0.5779781815912547, 'eta_learning': 2.4437350020576085, 'sigma_boundary': 5.900120360758635, 'alpha': 0.8742692923123632}. Best is trial 170 with value: 0.07420450603057197.
[I 2026-03-04 04:50:56,656] Trial 185 finished with value: 0.13399286428218599 and parameters: {'sigma_noise': 0.17247886033272541, 'A_repulsion': 0.16496022716252767, 'gamma': 0.752421551067608, 'sigma_update': 0.370765047061891, 'eta_learning': 2.4739656570022612, 'sigma_boundary': 8.418592095943326, 'alpha': 0.5322603221986737}. Best is trial 170 with value: 0.07420450603057197.
[I 2026-03-04 04:51:00,489] Trial 183 finished with value: 0.16675323235159456 and parameters: {'sigma_noise': 0.18150224317494307, 'A_repulsion': 0.21278649134866928, 'gamma': 0.8443618389979367, 'sigma_update': 0.40982873052605395, 'eta_learning': 2.6894918223228013, 'sigma_boundary': 9.268817652655732, 'alpha': 0.9033277892675042}. Best is trial 170 with value: 0.07420450603057197.
[I 2026-03-04 04:51:14,551] Trial 190 finished with value: 0.07224212464540525 and parameters: {'sigma_noise': 0.2239272287769648, 'A_repulsion': 0.09685257108929846, 'gamma': 0.8209160031398581, 'sigma_update': 0.36040560698816876, 'eta_learning': 2.8528155519632157, 'sigma_boundary': 7.53686049828291, 'alpha': 0.644219154792063}. Best is trial 190 with value: 0.07224212464540525.
[I 2026-03-04 04:51:26,405] Trial 186 finished with value: 0.11808785097181973 and parameters: {'sigma_noise': 0.25758630071698, 'A_repulsion': 0.17771522046363442, 'gamma': 0.9542324028036545, 'sigma_update': 0.5299927528247728, 'eta_learning': 2.1883524869088693, 'sigma_boundary': 6.280492610845109, 'alpha': 0.7209661950363376}. Best is trial 190 with value: 0.07224212464540525.
[I 2026-03-04 04:51:31,803] Trial 188 finished with value: 0.11654756046570908 and parameters: {'sigma_noise': 0.22392171202865124, 'A_repulsion': 0.22492113364621438, 'gamma': 0.7472570849291468, 'sigma_update': 0.35412070279015606, 'eta_learning': 2.6230977011724432, 'sigma_boundary': 7.574117871904297, 'alpha': 0.8393150474508076}. Best is trial 190 with value: 0.07224212464540525.
[I 2026-03-04 04:51:40,332] Trial 191 finished with value: 0.15830719209831784 and parameters: {'sigma_noise': 0.26246670736310673, 'A_repulsion': 0.10651740104470166, 'gamma': 0.8627031046317504, 'sigma_update': 0.5160343579055677, 'eta_learning': 2.8660423706292875, 'sigma_boundary': 3.6668745421740363, 'alpha': 0.5439390788190368}. Best is trial 190 with value: 0.07224212464540525.
[I 2026-03-04 04:51:42,434] Trial 189 finished with value: 0.12262720868349057 and parameters: {'sigma_noise': 0.2754572087395421, 'A_repulsion': 0.17472019166765143, 'gamma': 0.8907969203673198, 'sigma_update': 0.2870471645310876, 'eta_learning': 2.476813145504245, 'sigma_boundary': 4.962199888271813, 'alpha': 0.7524206680959192}. Best is trial 190 with value: 0.07224212464540525.
[I 2026-03-04 04:51:43,654] Trial 192 finished with value: 0.2005009417931083 and parameters: {'sigma_noise': 0.2744983830893501, 'A_repulsion': 0.10642585533089166, 'gamma': 0.7098422390914301, 'sigma_update': 0.525791136316188, 'eta_learning': 2.7059328371468783, 'sigma_boundary': 8.067576589042163, 'alpha': 0.5741685792993563}. Best is trial 190 with value: 0.07224212464540525.
[I 2026-03-04 04:51:47,721] Trial 187 finished with value: 0.12603092831470897 and parameters: {'sigma_noise': 0.2933612841844935, 'A_repulsion': 0.2709205586083168, 'gamma': 0.6391271306575704, 'sigma_update': 0.3938804470634233, 'eta_learning': 2.2986660346859105, 'sigma_boundary': 6.882207633173558, 'alpha': 0.6836221189130842}. Best is trial 190 with value: 0.07224212464540525.
[I 2026-03-04 04:51:55,964] Trial 193 finished with value: 0.10575779391767182 and parameters: {'sigma_noise': 0.27424495179995334, 'A_repulsion': 0.17945291967923196, 'gamma': 0.8510470535353628, 'sigma_update': 0.42166674925058967, 'eta_learning': 2.970647949321917, 'sigma_boundary': 4.85909970331682, 'alpha': 0.5612021142594128}. Best is trial 190 with value: 0.07224212464540525.
[I 2026-03-04 04:51:59,993] Trial 197 finished with value: 0.2421983018691715 and parameters: {'sigma_noise': 0.24848518894560906, 'A_repulsion': 0.0770948419244637, 'gamma': 0.6735394527509033, 'sigma_update': 0.6592405610538309, 'eta_learning': 2.9912669280714255, 'sigma_boundary': 2.6361349442166517, 'alpha': 0.5733616854978687}. Best is trial 190 with value: 0.07224212464540525.
[I 2026-03-04 04:52:03,815] Trial 195 finished with value: 0.23349724138595296 and parameters: {'sigma_noise': 0.22760888254803774, 'A_repulsion': 0.26725859946395664, 'gamma': 0.7278165146616852, 'sigma_update': 0.43445890433778367, 'eta_learning': 2.5762935406501604, 'sigma_boundary': 5.7109382082869935, 'alpha': 0.47796727417959917}. Best is trial 190 with value: 0.07224212464540525.
[I 2026-03-04 04:52:08,020] Trial 194 finished with value: 0.09360542401355183 and parameters: {'sigma_noise': 0.28504418183485203, 'A_repulsion': 0.3890021893110352, 'gamma': 0.8671219525975113, 'sigma_update': 0.44902313079355927, 'eta_learning': 2.554851424736053, 'sigma_boundary': 3.9413807570670807, 'alpha': 0.7282893662910089}. Best is trial 190 with value: 0.07224212464540525.
[I 2026-03-04 04:52:08,557] Trial 196 finished with value: 0.12882000107879107 and parameters: {'sigma_noise': 0.20960977711742362, 'A_repulsion': 0.2423902989338348, 'gamma': 0.7491173957186444, 'sigma_update': 0.44921692716719364, 'eta_learning': 2.3962534385150693, 'sigma_boundary': 6.873514165532925, 'alpha': 0.8417516526975679}. Best is trial 190 with value: 0.07224212464540525.
[I 2026-03-04 04:52:10,804] Trial 198 finished with value: 0.1307740413206661 and parameters: {'sigma_noise': 0.23287409456682318, 'A_repulsion': 0.2545139585525645, 'gamma': 0.9349938221981642, 'sigma_update': 0.452851969657435, 'eta_learning': 2.131350214487616, 'sigma_boundary': 6.695515632801514, 'alpha': 0.7614419779031338}. Best is trial 190 with value: 0.07224212464540525.
[I 2026-03-04 04:52:12,077] Trial 199 finished with value: 0.1139294867221187 and parameters: {'sigma_noise': 0.37306470115046925, 'A_repulsion': 0.1799267310949553, 'gamma': 0.8356977364021593, 'sigma_update': 0.385424706523025, 'eta_learning': 2.5895669729406774, 'sigma_boundary': 3.3519410684034026, 'alpha': 0.7629859885304101}. Best is trial 190 with value: 0.07224212464540525.
[I 2026-03-04 04:52:19,330] A new study created in memory with name: no-name-76f0275f-a0b0-4ee1-8135-82a22359e005
[I 2026-03-04 04:54:43,592] Trial 3 finished with value: 0.18891515098153994 and parameters: {'sigma_noise': 0.06290180201384842, 'A_repulsion': 0.05735612609367058, 'gamma': 0.21405953558058788, 'sigma_update': 0.6855047884826814, 'eta_learning': 0.7882575236144052, 'sigma_boundary': 4.473275943046775, 'alpha': 0.6532393585004328}. Best is trial 3 with value: 0.18891515098153994.
[I 2026-03-04 04:54:44,046] Trial 14 finished with value: 0.13582481306734628 and parameters: {'sigma_noise': 0.08212822681663418, 'A_repulsion': 0.016893929594486545, 'gamma': 0.5378324025988074, 'sigma_update': 0.07229843327963868, 'eta_learning': 1.9746785212650206, 'sigma_boundary': 2.8175727011047664, 'alpha': 0.32894982623257984}. Best is trial 14 with value: 0.13582481306734628.
[I 2026-03-04 04:55:00,066] Trial 10 finished with value: 0.198577425484529 and parameters: {'sigma_noise': 0.07409886860971376, 'A_repulsion': 0.16815138623857784, 'gamma': 0.24378119428286243, 'sigma_update': 0.14522530367118644, 'eta_learning': 2.436483995523935, 'sigma_boundary': 9.987539961466622, 'alpha': 0.9655017303777059}. Best is trial 14 with value: 0.13582481306734628.
[I 2026-03-04 04:55:07,783] Trial 0 finished with value: 0.13174882600206272 and parameters: {'sigma_noise': 0.06630279658789284, 'A_repulsion': 0.2066467039414452, 'gamma': 0.25585084685785614, 'sigma_update': 0.574130294616982, 'eta_learning': 2.8321270093996325, 'sigma_boundary': 7.2550645384360095, 'alpha': 0.9016046114150594}. Best is trial 0 with value: 0.13174882600206272.
[I 2026-03-04 04:55:14,657] Trial 4 finished with value: 0.11510073055766563 and parameters: {'sigma_noise': 0.1454236343971425, 'A_repulsion': 0.09544695728678776, 'gamma': 0.8362288193160237, 'sigma_update': 0.34087687315246296, 'eta_learning': 1.205502347336479, 'sigma_boundary': 5.783058927647101, 'alpha': 0.5720442346107272}. Best is trial 4 with value: 0.11510073055766563.
[I 2026-03-04 04:55:25,434] Trial 17 finished with value: 1.3535964152491946 and parameters: {'sigma_noise': 0.17328386757694725, 'A_repulsion': 0.1129398634875089, 'gamma': 0.7716940663044741, 'sigma_update': 0.3745350460702118, 'eta_learning': 2.7339069717213573, 'sigma_boundary': 0.7290099316044188, 'alpha': 0.08183474636547716}. Best is trial 4 with value: 0.11510073055766563.
[I 2026-03-04 04:55:46,916] Trial 5 finished with value: 0.2662037422963886 and parameters: {'sigma_noise': 0.08281088264941779, 'A_repulsion': 0.4760895472158456, 'gamma': 0.7439777945967977, 'sigma_update': 0.07921951929714262, 'eta_learning': 0.24548823386511628, 'sigma_boundary': 9.747744993256802, 'alpha': 0.9256796787545712}. Best is trial 4 with value: 0.11510073055766563.
[I 2026-03-04 04:56:07,126] Trial 8 finished with value: 0.19077010902816022 and parameters: {'sigma_noise': 0.28876674273716535, 'A_repulsion': 0.09716176216387756, 'gamma': 0.4883883557870635, 'sigma_update': 0.36313611851476, 'eta_learning': 2.999263778176608, 'sigma_boundary': 0.6237933801480062, 'alpha': 0.4304089588771032}. Best is trial 4 with value: 0.11510073055766563.
[I 2026-03-04 04:56:11,181] Trial 12 finished with value: 1.9868586436306388 and parameters: {'sigma_noise': 0.30777262785428994, 'A_repulsion': 0.08381593296764611, 'gamma': 0.8717373717286095, 'sigma_update': 0.5725747132245178, 'eta_learning': 0.7300295440696855, 'sigma_boundary': 1.9997517572095178, 'alpha': 0.08539945801026705}. Best is trial 4 with value: 0.11510073055766563.
[I 2026-03-04 04:56:29,522] Trial 16 finished with value: 0.08642217569740235 and parameters: {'sigma_noise': 0.3745452788936408, 'A_repulsion': 0.07008306076063037, 'gamma': 0.7477127906387017, 'sigma_update': 0.4214051583981929, 'eta_learning': 0.17886554649789457, 'sigma_boundary': 5.048451566866038, 'alpha': 0.6674009985466822}. Best is trial 16 with value: 0.08642217569740235.
[I 2026-03-04 04:56:32,167] Trial 1 finished with value: 0.10904866750398835 and parameters: {'sigma_noise': 0.15078806506410913, 'A_repulsion': 0.4614010364887803, 'gamma': 0.5578192334495436, 'sigma_update': 0.2484751738808024, 'eta_learning': 0.32416254479156625, 'sigma_boundary': 3.726194089261257, 'alpha': 0.49233018706004283}. Best is trial 16 with value: 0.08642217569740235.
[I 2026-03-04 04:56:32,356] Trial 13 finished with value: 1.6173125545532585 and parameters: {'sigma_noise': 0.22395835869880742, 'A_repulsion': 0.25095465163658615, 'gamma': 0.2527492028493577, 'sigma_update': 0.5552242941393237, 'eta_learning': 1.4346305349506594, 'sigma_boundary': 2.625546847570565, 'alpha': 0.21720487516083897}. Best is trial 16 with value: 0.08642217569740235.
[I 2026-03-04 04:56:41,118] Trial 15 finished with value: 0.5365890030707694 and parameters: {'sigma_noise': 0.23160831020639228, 'A_repulsion': 0.27763976853092404, 'gamma': 0.7751294340376641, 'sigma_update': 0.5489867019891942, 'eta_learning': 2.8197361663984166, 'sigma_boundary': 6.0131884539969915, 'alpha': 0.3985042791005029}. Best is trial 16 with value: 0.08642217569740235.
[I 2026-03-04 04:56:51,337] Trial 18 finished with value: 2.0776220562003367 and parameters: {'sigma_noise': 0.2071933990358535, 'A_repulsion': 0.42257989397014656, 'gamma': 0.7530022028833835, 'sigma_update': 0.37300853987987503, 'eta_learning': 1.1272867929755608, 'sigma_boundary': 4.830159117283997, 'alpha': 0.10735855229877211}. Best is trial 16 with value: 0.08642217569740235.
[I 2026-03-04 04:56:58,657] Trial 7 finished with value: 0.10247784418111255 and parameters: {'sigma_noise': 0.33617871926908344, 'A_repulsion': 0.20324004692880387, 'gamma': 0.7493012957032287, 'sigma_update': 0.4959708394154888, 'eta_learning': 2.2586779338751035, 'sigma_boundary': 3.1148823180856775, 'alpha': 0.6089347663478603}. Best is trial 16 with value: 0.08642217569740235.
[I 2026-03-04 04:57:05,000] Trial 6 finished with value: 0.185816827553132 and parameters: {'sigma_noise': 0.2585003358970166, 'A_repulsion': 0.36581514658112163, 'gamma': 0.04222758033710148, 'sigma_update': 0.10870053705201382, 'eta_learning': 2.7765992149134933, 'sigma_boundary': 6.134882253781165, 'alpha': 0.7436057509917854}. Best is trial 16 with value: 0.08642217569740235.
[I 2026-03-04 04:57:05,614] Trial 9 finished with value: 0.28388499705443027 and parameters: {'sigma_noise': 0.20683120459298338, 'A_repulsion': 0.3948452391772459, 'gamma': 0.0664562829041785, 'sigma_update': 0.0628795578443903, 'eta_learning': 1.6893708856177965, 'sigma_boundary': 4.155402646409231, 'alpha': 0.8555531644432591}. Best is trial 16 with value: 0.08642217569740235.
[I 2026-03-04 04:57:10,986] Trial 11 finished with value: 0.07723223503513035 and parameters: {'sigma_noise': 0.24964101737076644, 'A_repulsion': 0.4775771702443225, 'gamma': 0.7440131709399771, 'sigma_update': 0.5515195282922839, 'eta_learning': 1.3745031075991425, 'sigma_boundary': 0.5263311072762616, 'alpha': 0.6477810998639582}. Best is trial 11 with value: 0.07723223503513035.
[I 2026-03-04 04:57:28,056] Trial 19 finished with value: 0.15475912024791066 and parameters: {'sigma_noise': 0.38802595324656747, 'A_repulsion': 0.3904496443283191, 'gamma': 0.2121828822500733, 'sigma_update': 0.373891562046414, 'eta_learning': 2.4200163270383803, 'sigma_boundary': 1.9315176766446975, 'alpha': 0.9348975253396659}. Best is trial 11 with value: 0.07723223503513035.
[I 2026-03-04 04:57:30,587] Trial 2 finished with value: 0.5602090025770707 and parameters: {'sigma_noise': 0.3632320382420528, 'A_repulsion': 0.381434216207072, 'gamma': 0.3074220078174772, 'sigma_update': 0.013893495355527, 'eta_learning': 0.3263312356120204, 'sigma_boundary': 9.807178970511071, 'alpha': 0.43509138341873144}. Best is trial 11 with value: 0.07723223503513035.
[I 2026-03-04 04:58:41,008] Trial 21 finished with value: 0.11279600258155206 and parameters: {'sigma_noise': 0.1266021008861391, 'A_repulsion': 0.3660812546709751, 'gamma': 0.4728759849860697, 'sigma_update': 0.1577941505476128, 'eta_learning': 1.4593693058232438, 'sigma_boundary': 7.800861182414339, 'alpha': 0.501215064233084}. Best is trial 11 with value: 0.07723223503513035.
[I 2026-03-04 04:59:12,671] Trial 24 finished with value: 0.3717038290897493 and parameters: {'sigma_noise': 0.15865731281707135, 'A_repulsion': 0.31280500580643267, 'gamma': 0.5049490295614771, 'sigma_update': 0.5072010479695762, 'eta_learning': 1.889825394000652, 'sigma_boundary': 5.24965802514809, 'alpha': 0.4295965861122393}. Best is trial 11 with value: 0.07723223503513035.
[I 2026-03-04 04:59:12,756] Trial 22 finished with value: 2.0195166283197445 and parameters: {'sigma_noise': 0.2070258704294785, 'A_repulsion': 0.23698556601752324, 'gamma': 0.6444125609178087, 'sigma_update': 0.40372700419861096, 'eta_learning': 0.9750676743662905, 'sigma_boundary': 7.660514499860287, 'alpha': 0.10691713922409818}. Best is trial 11 with value: 0.07723223503513035.
[I 2026-03-04 04:59:26,453] Trial 20 finished with value: 1.1509729156785826 and parameters: {'sigma_noise': 0.26563015639294946, 'A_repulsion': 0.34438416583219567, 'gamma': 0.34146944590322714, 'sigma_update': 0.3969787802672109, 'eta_learning': 1.633186597199113, 'sigma_boundary': 4.564859478865758, 'alpha': 0.30776856850160933}. Best is trial 11 with value: 0.07723223503513035.
[I 2026-03-04 04:59:43,718] Trial 23 finished with value: 0.13724183903794643 and parameters: {'sigma_noise': 0.2728711723062281, 'A_repulsion': 0.24059660249388024, 'gamma': 0.6499507022835547, 'sigma_update': 0.4200952186305792, 'eta_learning': 1.8413278241507356, 'sigma_boundary': 8.75709375793712, 'alpha': 0.5137037185003153}. Best is trial 11 with value: 0.07723223503513035.
[I 2026-03-04 05:00:01,416] Trial 25 finished with value: 0.12582176633907485 and parameters: {'sigma_noise': 0.2735298968206346, 'A_repulsion': 0.342699050473001, 'gamma': 0.5371695082406085, 'sigma_update': 0.3452363937086626, 'eta_learning': 1.4225717748879296, 'sigma_boundary': 4.605182074392121, 'alpha': 0.5880451694026024}. Best is trial 11 with value: 0.07723223503513035.
