/nfs/nhome/live/apourdehghan/Hybrid_hpc_utils.py:56: DtypeWarning: Columns (16) have mixed types. Specify dtype option on import or set low_memory=False.
  data = pd.read_csv(data_path)
[I 2026-03-04 04:12:54,925] A new study created in memory with name: no-name-8dec6c30-b8c2-4f90-bceb-635f47445c9f
[I 2026-03-04 04:16:05,198] Trial 12 finished with value: 0.1626788202256678 and parameters: {'sigma_noise': 0.13814559861629438, 'A_repulsion': 0.05463023007386314, 'gamma': 0.9098566439876457, 'sigma_update': 0.5253162331778128, 'eta_learning': 0.8265573096970226, 'sigma_boundary': 6.998340993273672, 'alpha': 0.8078927000517989}. Best is trial 12 with value: 0.1626788202256678.
[I 2026-03-04 04:16:09,029] Trial 22 finished with value: 0.9487276755962519 and parameters: {'sigma_noise': 0.1922451622213891, 'A_repulsion': 0.011336948946006509, 'gamma': 0.08086661050371774, 'sigma_update': 0.08229498336938383, 'eta_learning': 1.0015216011853036, 'sigma_boundary': 6.977387133980237, 'alpha': 0.059374180233866314}. Best is trial 12 with value: 0.1626788202256678.
[I 2026-03-04 04:16:20,529] Trial 16 finished with value: 0.18689834179779072 and parameters: {'sigma_noise': 0.07475515291489195, 'A_repulsion': 0.2725831402900344, 'gamma': 0.8724893131180406, 'sigma_update': 0.48771184352995534, 'eta_learning': 1.7041095153213606, 'sigma_boundary': 6.749444943643904, 'alpha': 0.7112813294974968}. Best is trial 12 with value: 0.1626788202256678.
[I 2026-03-04 04:16:26,834] Trial 4 finished with value: 0.2273104685996129 and parameters: {'sigma_noise': 0.10201524012499524, 'A_repulsion': 0.2393647168743414, 'gamma': 0.966180750255759, 'sigma_update': 0.6065411316119677, 'eta_learning': 2.1543966056370802, 'sigma_boundary': 5.295771047815238, 'alpha': 0.8894253438945626}. Best is trial 12 with value: 0.1626788202256678.
[I 2026-03-04 04:16:27,345] Trial 17 finished with value: 1.4320553900956627 and parameters: {'sigma_noise': 0.12225672021111472, 'A_repulsion': 0.16928989260616195, 'gamma': 0.6771019658814106, 'sigma_update': 0.3376060211233696, 'eta_learning': 1.943339006509115, 'sigma_boundary': 6.967274222328284, 'alpha': 0.04258760052791266}. Best is trial 12 with value: 0.1626788202256678.
[I 2026-03-04 04:16:32,917] Trial 20 finished with value: 0.17285564901820188 and parameters: {'sigma_noise': 0.12453847346531838, 'A_repulsion': 0.22140451880638168, 'gamma': 0.18783839393470428, 'sigma_update': 0.13696175361748505, 'eta_learning': 1.0342143407778899, 'sigma_boundary': 7.931651368494357, 'alpha': 0.30634355888343134}. Best is trial 12 with value: 0.1626788202256678.
[I 2026-03-04 04:16:38,694] Trial 23 finished with value: 0.1332606875203289 and parameters: {'sigma_noise': 0.060122236450889724, 'A_repulsion': 0.4736481655279217, 'gamma': 0.167443983368534, 'sigma_update': 0.3702813372777511, 'eta_learning': 0.21746135124771027, 'sigma_boundary': 7.5312551901947735, 'alpha': 0.3019416445050973}. Best is trial 23 with value: 0.1332606875203289.
[I 2026-03-04 04:16:46,109] Trial 21 finished with value: 0.08342431246374767 and parameters: {'sigma_noise': 0.13534324209879162, 'A_repulsion': 0.2661370999152232, 'gamma': 0.49300271681057, 'sigma_update': 0.5891661650931229, 'eta_learning': 0.023245651323646248, 'sigma_boundary': 6.395700068851786, 'alpha': 0.6103193802813615}. Best is trial 21 with value: 0.08342431246374767.
[I 2026-03-04 04:16:48,494] Trial 10 finished with value: 0.7203053544123915 and parameters: {'sigma_noise': 0.15547308051340375, 'A_repulsion': 0.19566244052540055, 'gamma': 0.637504544004843, 'sigma_update': 0.11178479720948327, 'eta_learning': 2.2033658369038385, 'sigma_boundary': 9.131979977410705, 'alpha': 0.23533114020944357}. Best is trial 21 with value: 0.08342431246374767.
[I 2026-03-04 04:16:56,582] Trial 7 finished with value: 0.5810908542490858 and parameters: {'sigma_noise': 0.08956855541563016, 'A_repulsion': 0.45065356088008257, 'gamma': 0.16366485609844295, 'sigma_update': 0.6395462797889878, 'eta_learning': 1.013992692014671, 'sigma_boundary': 0.2738411398920368, 'alpha': 0.24901629441916062}. Best is trial 21 with value: 0.08342431246374767.
[I 2026-03-04 04:16:57,264] Trial 1 finished with value: 0.26575344750880114 and parameters: {'sigma_noise': 0.2606890963484686, 'A_repulsion': 0.062169170775084104, 'gamma': 0.9664439924472937, 'sigma_update': 0.5900177375581539, 'eta_learning': 2.3671103125864597, 'sigma_boundary': 7.7076983650052995, 'alpha': 0.4410462018541146}. Best is trial 21 with value: 0.08342431246374767.
[I 2026-03-04 04:17:00,252] Trial 9 finished with value: 0.2902886343852641 and parameters: {'sigma_noise': 0.08216249656942415, 'A_repulsion': 0.4811777225949533, 'gamma': 0.8977294374572586, 'sigma_update': 0.5628712264109422, 'eta_learning': 0.42830389808159897, 'sigma_boundary': 5.933670812593513, 'alpha': 0.8268537407477812}. Best is trial 21 with value: 0.08342431246374767.
[I 2026-03-04 04:17:07,382] Trial 11 finished with value: 0.11610050334386823 and parameters: {'sigma_noise': 0.10172630385555675, 'A_repulsion': 0.4618998202795709, 'gamma': 0.5984073728311732, 'sigma_update': 0.132479667926891, 'eta_learning': 0.8183094712586939, 'sigma_boundary': 1.0769704003077638, 'alpha': 0.3663649948780917}. Best is trial 21 with value: 0.08342431246374767.
[I 2026-03-04 04:17:41,857] Trial 8 finished with value: 0.0859896391438523 and parameters: {'sigma_noise': 0.21198417328630187, 'A_repulsion': 0.40401257962158577, 'gamma': 0.4020260094861693, 'sigma_update': 0.4940150560447988, 'eta_learning': 1.8882185156765001, 'sigma_boundary': 8.623841188550482, 'alpha': 0.8126344706811408}. Best is trial 21 with value: 0.08342431246374767.
[I 2026-03-04 04:17:45,039] Trial 15 finished with value: 1.7080790249918274 and parameters: {'sigma_noise': 0.16011645859783447, 'A_repulsion': 0.46858432787948506, 'gamma': 0.9669384620073285, 'sigma_update': 0.4108138353430523, 'eta_learning': 2.5793793266027976, 'sigma_boundary': 3.785442709542713, 'alpha': 0.15823492039705533}. Best is trial 21 with value: 0.08342431246374767.
[I 2026-03-04 04:17:47,291] Trial 0 finished with value: 0.933317322521833 and parameters: {'sigma_noise': 0.36004640844531244, 'A_repulsion': 0.09820647160026269, 'gamma': 0.1255909307875796, 'sigma_update': 0.6308817124890369, 'eta_learning': 0.4034293899975666, 'sigma_boundary': 8.085934644541497, 'alpha': 0.3087624388519876}. Best is trial 21 with value: 0.08342431246374767.
[I 2026-03-04 04:17:47,496] Trial 5 finished with value: 0.2520538308269163 and parameters: {'sigma_noise': 0.3191303838885873, 'A_repulsion': 0.16493821014806176, 'gamma': 0.7215230954628483, 'sigma_update': 0.08994257350104898, 'eta_learning': 0.825904095786421, 'sigma_boundary': 0.2304872301802158, 'alpha': 0.4038337295396357}. Best is trial 21 with value: 0.08342431246374767.
[I 2026-03-04 04:18:00,360] Trial 6 finished with value: 0.14712581407565775 and parameters: {'sigma_noise': 0.2951170716486033, 'A_repulsion': 0.3373197226425943, 'gamma': 0.37413725265561903, 'sigma_update': 0.2755984640989241, 'eta_learning': 0.3209252916956018, 'sigma_boundary': 6.189172961103827, 'alpha': 0.9455718572316744}. Best is trial 21 with value: 0.08342431246374767.
[I 2026-03-04 04:18:07,164] Trial 2 finished with value: 0.12439877802580679 and parameters: {'sigma_noise': 0.3875565300143064, 'A_repulsion': 0.20219950609575726, 'gamma': 0.9088660245095427, 'sigma_update': 0.4040141093577622, 'eta_learning': 1.9610319305008688, 'sigma_boundary': 2.589713464635519, 'alpha': 0.9422609832753317}. Best is trial 21 with value: 0.08342431246374767.
[I 2026-03-04 04:18:26,896] Trial 13 finished with value: 0.14388935499997685 and parameters: {'sigma_noise': 0.3597842134651712, 'A_repulsion': 0.3502845028468614, 'gamma': 0.4327721194663507, 'sigma_update': 0.3423514741024085, 'eta_learning': 1.9395387683449041, 'sigma_boundary': 3.413738433345655, 'alpha': 0.8403007358990819}. Best is trial 21 with value: 0.08342431246374767.
[I 2026-03-04 04:18:29,341] Trial 3 finished with value: 1.0430735804245133 and parameters: {'sigma_noise': 0.3205783604799578, 'A_repulsion': 0.4522257481849546, 'gamma': 0.496444260945632, 'sigma_update': 0.5529739365698028, 'eta_learning': 2.3315643322600184, 'sigma_boundary': 6.100332110492465, 'alpha': 0.4063466859748436}. Best is trial 21 with value: 0.08342431246374767.
[I 2026-03-04 04:18:31,470] Trial 18 finished with value: 0.15919717078149787 and parameters: {'sigma_noise': 0.40446825004527215, 'A_repulsion': 0.31276030220564927, 'gamma': 0.23121263773143858, 'sigma_update': 0.26967279361803, 'eta_learning': 0.8898135870665311, 'sigma_boundary': 0.5359356636616018, 'alpha': 0.597383565082325}. Best is trial 21 with value: 0.08342431246374767.
[I 2026-03-04 04:18:35,137] Trial 14 finished with value: 0.40508644402485544 and parameters: {'sigma_noise': 0.44584465405709217, 'A_repulsion': 0.2801084705952343, 'gamma': 0.815627857402699, 'sigma_update': 0.07534032041182986, 'eta_learning': 2.8393961542080235, 'sigma_boundary': 4.020840911462845, 'alpha': 0.6038763960985488}. Best is trial 21 with value: 0.08342431246374767.
[I 2026-03-04 04:18:47,740] Trial 19 finished with value: 0.17424648077596844 and parameters: {'sigma_noise': 0.4279119863953411, 'A_repulsion': 0.47110061410185783, 'gamma': 0.638558107331436, 'sigma_update': 0.04503986473639284, 'eta_learning': 0.060028956430560894, 'sigma_boundary': 8.787167942004992, 'alpha': 0.44798699549465215}. Best is trial 21 with value: 0.08342431246374767.
[I 2026-03-04 04:20:16,190] Trial 28 finished with value: 0.18513070249739255 and parameters: {'sigma_noise': 0.12278188083444508, 'A_repulsion': 0.13633520410906427, 'gamma': 0.400144401697565, 'sigma_update': 0.30878288591542535, 'eta_learning': 1.0438437781933096, 'sigma_boundary': 5.597240895992003, 'alpha': 0.36607728091336966}. Best is trial 21 with value: 0.08342431246374767.
[I 2026-03-04 04:20:38,367] Trial 33 finished with value: 0.17578658854675888 and parameters: {'sigma_noise': 0.10201945048033015, 'A_repulsion': 0.23634978524544173, 'gamma': 0.2953240296092498, 'sigma_update': 0.2168250446556737, 'eta_learning': 1.1400126958224093, 'sigma_boundary': 8.321473536657077, 'alpha': 0.648078804759415}. Best is trial 21 with value: 0.08342431246374767.
[I 2026-03-04 04:20:44,654] Trial 24 finished with value: 0.09952266709104417 and parameters: {'sigma_noise': 0.2050742875377069, 'A_repulsion': 0.19221190642933925, 'gamma': 0.5640235201171256, 'sigma_update': 0.270269493215712, 'eta_learning': 0.7759183439192983, 'sigma_boundary': 7.606457621656844, 'alpha': 0.48431431661562474}. Best is trial 21 with value: 0.08342431246374767.
[I 2026-03-04 04:20:54,122] Trial 30 finished with value: 0.09256734661848824 and parameters: {'sigma_noise': 0.1909451189312084, 'A_repulsion': 0.18341861386488956, 'gamma': 0.5698234532857486, 'sigma_update': 0.44142230380407, 'eta_learning': 0.9421998949495617, 'sigma_boundary': 5.148577232501614, 'alpha': 0.7490312340666406}. Best is trial 21 with value: 0.08342431246374767.
[I 2026-03-04 04:21:15,733] Trial 32 finished with value: 0.1374286318505238 and parameters: {'sigma_noise': 0.23850806424602494, 'A_repulsion': 0.1824940986103318, 'gamma': 0.7742178979212029, 'sigma_update': 0.43931146507601676, 'eta_learning': 1.4630240197920898, 'sigma_boundary': 2.71142124465958, 'alpha': 0.5070342141416146}. Best is trial 21 with value: 0.08342431246374767.
[I 2026-03-04 04:21:17,549] Trial 31 finished with value: 0.41081610415511755 and parameters: {'sigma_noise': 0.23464214958149648, 'A_repulsion': 0.1939684899982581, 'gamma': 0.5950697224409931, 'sigma_update': 0.28003720333625437, 'eta_learning': 1.9551612876300275, 'sigma_boundary': 4.494382050405589, 'alpha': 0.3424358209289152}. Best is trial 21 with value: 0.08342431246374767.
[I 2026-03-04 04:21:34,629] Trial 25 finished with value: 0.7771683840913997 and parameters: {'sigma_noise': 0.3010531778438141, 'A_repulsion': 0.30207632254458316, 'gamma': 0.3841257649823925, 'sigma_update': 0.5045589221177055, 'eta_learning': 1.6394940025558207, 'sigma_boundary': 4.604857332572402, 'alpha': 0.3983144836812043}. Best is trial 21 with value: 0.08342431246374767.
[I 2026-03-04 04:21:41,506] Trial 26 finished with value: 0.10450822128611567 and parameters: {'sigma_noise': 0.26550277226290614, 'A_repulsion': 0.35568119835760753, 'gamma': 0.5635155345374007, 'sigma_update': 0.17348223529679033, 'eta_learning': 1.9482591882845215, 'sigma_boundary': 3.763521398123734, 'alpha': 0.47682233240243166}. Best is trial 21 with value: 0.08342431246374767.
[I 2026-03-04 04:21:47,802] Trial 27 finished with value: 0.08900362178770053 and parameters: {'sigma_noise': 0.2891832944437015, 'A_repulsion': 0.3482381057046853, 'gamma': 0.4291064560889412, 'sigma_update': 0.28698702732273246, 'eta_learning': 1.1960793006488546, 'sigma_boundary': 7.994074355781162, 'alpha': 0.6448879455080831}. Best is trial 21 with value: 0.08342431246374767.
[I 2026-03-04 04:21:52,113] Trial 29 finished with value: 1.0769506886092974 and parameters: {'sigma_noise': 0.25329727969982385, 'A_repulsion': 0.36823099196480474, 'gamma': 0.47359789683069137, 'sigma_update': 0.5605910957504628, 'eta_learning': 2.3208403414031076, 'sigma_boundary': 7.85719302485563, 'alpha': 0.32582515199615175}. Best is trial 21 with value: 0.08342431246374767.
[I 2026-03-04 04:22:07,946] Trial 35 finished with value: 0.15712173375256033 and parameters: {'sigma_noise': 0.35388411213172916, 'A_repulsion': 0.14825004292619237, 'gamma': 0.4578212812659244, 'sigma_update': 0.5210622522138494, 'eta_learning': 2.0560293238350655, 'sigma_boundary': 2.4316991200591587, 'alpha': 0.7604394087024322}. Best is trial 21 with value: 0.08342431246374767.
[I 2026-03-04 04:22:11,772] Trial 39 finished with value: 0.15627864234702982 and parameters: {'sigma_noise': 0.21049117726168393, 'A_repulsion': 0.22012386125614292, 'gamma': 0.09669934485845076, 'sigma_update': 0.3918075052584393, 'eta_learning': 1.6671279433948412, 'sigma_boundary': 4.332556838911614, 'alpha': 0.4301242141803082}. Best is trial 21 with value: 0.08342431246374767.
[I 2026-03-04 04:22:12,259] Trial 34 finished with value: 0.2717414396069513 and parameters: {'sigma_noise': 0.3077366317849659, 'A_repulsion': 0.316769701940199, 'gamma': 0.6488689324175649, 'sigma_update': 0.18324450158004735, 'eta_learning': 1.0341832389760475, 'sigma_boundary': 3.8960854125699607, 'alpha': 0.42723231627251834}. Best is trial 21 with value: 0.08342431246374767.
[I 2026-03-04 04:22:21,499] Trial 36 finished with value: 0.08936028631489774 and parameters: {'sigma_noise': 0.31724323565312895, 'A_repulsion': 0.28855992552223847, 'gamma': 0.635407814556688, 'sigma_update': 0.47455378405385673, 'eta_learning': 1.5922949038730554, 'sigma_boundary': 4.481345290810617, 'alpha': 0.67941993131738}. Best is trial 21 with value: 0.08342431246374767.
[I 2026-03-04 04:22:34,212] Trial 42 finished with value: 0.09405335389228642 and parameters: {'sigma_noise': 0.2060949300801001, 'A_repulsion': 0.22522813866394123, 'gamma': 0.5019708761239545, 'sigma_update': 0.3031832341339672, 'eta_learning': 1.6878926934059537, 'sigma_boundary': 4.017320740858791, 'alpha': 0.679093790755991}. Best is trial 21 with value: 0.08342431246374767.
[I 2026-03-04 04:22:41,303] Trial 38 finished with value: 0.2108914962498637 and parameters: {'sigma_noise': 0.24579751844459524, 'A_repulsion': 0.2605608513063465, 'gamma': 0.5349621122862664, 'sigma_update': 0.4387839326191826, 'eta_learning': 0.3518972471494432, 'sigma_boundary': 2.792552816828384, 'alpha': 0.41144808132894}. Best is trial 21 with value: 0.08342431246374767.
[I 2026-03-04 04:22:50,330] Trial 37 finished with value: 0.14124824054037216 and parameters: {'sigma_noise': 0.24961243727139937, 'A_repulsion': 0.2894764234388118, 'gamma': 0.3882778656409433, 'sigma_update': 0.1832258251723374, 'eta_learning': 2.002606753510138, 'sigma_boundary': 3.2697248439725644, 'alpha': 0.7729339066572912}. Best is trial 21 with value: 0.08342431246374767.
[I 2026-03-04 04:22:57,848] Trial 45 finished with value: 0.35644923158023273 and parameters: {'sigma_noise': 0.32581434129741293, 'A_repulsion': 0.047026175270405535, 'gamma': 0.8344522337498447, 'sigma_update': 0.35357016459430274, 'eta_learning': 1.236529552550506, 'sigma_boundary': 3.3069317838243784, 'alpha': 0.33763516742957145}. Best is trial 21 with value: 0.08342431246374767.
[I 2026-03-04 04:22:59,405] Trial 41 finished with value: 0.16557218999180606 and parameters: {'sigma_noise': 0.21312885194463482, 'A_repulsion': 0.3370349303519823, 'gamma': 0.13242673189831908, 'sigma_update': 0.240645076674261, 'eta_learning': 1.2537412573615085, 'sigma_boundary': 3.123922475888967, 'alpha': 0.37932601762911244}. Best is trial 21 with value: 0.08342431246374767.
[I 2026-03-04 04:23:10,659] Trial 40 finished with value: 0.7947392845735085 and parameters: {'sigma_noise': 0.3196792264877581, 'A_repulsion': 0.3331533450039215, 'gamma': 0.4041496269513421, 'sigma_update': 0.5331218808102927, 'eta_learning': 1.646696757341849, 'sigma_boundary': 2.849238013453911, 'alpha': 0.4115204868684683}. Best is trial 21 with value: 0.08342431246374767.
[I 2026-03-04 04:23:26,307] Trial 47 finished with value: 0.18570645348211193 and parameters: {'sigma_noise': 0.15772661227478585, 'A_repulsion': 0.41388358457180985, 'gamma': 0.27994144706406027, 'sigma_update': 0.320148109398771, 'eta_learning': 1.7925956288865217, 'sigma_boundary': 1.2799072503755815, 'alpha': 0.3573298175771411}. Best is trial 21 with value: 0.08342431246374767.
[I 2026-03-04 04:23:32,765] Trial 44 finished with value: 0.10866557568809174 and parameters: {'sigma_noise': 0.25622729747527284, 'A_repulsion': 0.29467823068603005, 'gamma': 0.40625943075966814, 'sigma_update': 0.2788723116485605, 'eta_learning': 0.6719056783666, 'sigma_boundary': 6.279194935365204, 'alpha': 0.4625483729892546}. Best is trial 21 with value: 0.08342431246374767.
[I 2026-03-04 04:23:35,534] Trial 43 finished with value: 0.09971280815066874 and parameters: {'sigma_noise': 0.26130564093664427, 'A_repulsion': 0.33161791549123637, 'gamma': 0.5060123895437852, 'sigma_update': 0.31173627455551695, 'eta_learning': 2.092066892504015, 'sigma_boundary': 3.4514845132278893, 'alpha': 0.5887079947437478}. Best is trial 21 with value: 0.08342431246374767.
[I 2026-03-04 04:23:43,817] Trial 46 finished with value: 0.07042087530047023 and parameters: {'sigma_noise': 0.2800740713608037, 'A_repulsion': 0.261824006903806, 'gamma': 0.42987736378887853, 'sigma_update': 0.18115991737642215, 'eta_learning': 1.7969586538611992, 'sigma_boundary': 1.1928744021144189, 'alpha': 0.4519379911085885}. Best is trial 46 with value: 0.07042087530047023.
[I 2026-03-04 04:25:06,874] Trial 49 finished with value: 0.0896110886201805 and parameters: {'sigma_noise': 0.22412485680482686, 'A_repulsion': 0.17535447938507623, 'gamma': 0.4771607145124905, 'sigma_update': 0.388188854998327, 'eta_learning': 2.192153721594701, 'sigma_boundary': 2.48951579787252, 'alpha': 0.9126772240022984}. Best is trial 46 with value: 0.07042087530047023.
[I 2026-03-04 04:25:06,989] Trial 50 finished with value: 0.10354445133599756 and parameters: {'sigma_noise': 0.1622180519751577, 'A_repulsion': 0.24388151842933986, 'gamma': 0.7601953544342069, 'sigma_update': 0.2426170061954979, 'eta_learning': 1.8044906448584714, 'sigma_boundary': 4.275053242597609, 'alpha': 0.5623099655353351}. Best is trial 46 with value: 0.07042087530047023.
[I 2026-03-04 04:25:17,311] Trial 48 finished with value: 0.07536538605601431 and parameters: {'sigma_noise': 0.27319345612795015, 'A_repulsion': 0.2783309935480077, 'gamma': 0.26376674497896974, 'sigma_update': 0.18143051478154384, 'eta_learning': 1.0352806212080257, 'sigma_boundary': 5.060451977549914, 'alpha': 0.4935374520483425}. Best is trial 46 with value: 0.07042087530047023.
[I 2026-03-04 04:25:34,778] Trial 53 finished with value: 0.17639126798347549 and parameters: {'sigma_noise': 0.21626840941354375, 'A_repulsion': 0.15072964465254637, 'gamma': 0.7692550854828704, 'sigma_update': 0.2655843517665191, 'eta_learning': 1.0675996189288308, 'sigma_boundary': 3.9908319139377464, 'alpha': 0.36992811231102035}. Best is trial 46 with value: 0.07042087530047023.
[I 2026-03-04 04:25:42,370] Trial 51 finished with value: 0.41901018462834516 and parameters: {'sigma_noise': 0.2534691715175451, 'A_repulsion': 0.21452996973053456, 'gamma': 0.35947344569047457, 'sigma_update': 0.45563365348241597, 'eta_learning': 1.234759859926504, 'sigma_boundary': 7.688921257262578, 'alpha': 0.3977761165295397}. Best is trial 46 with value: 0.07042087530047023.
[I 2026-03-04 04:26:24,814] Trial 54 finished with value: 0.09008864551063464 and parameters: {'sigma_noise': 0.1945736293535224, 'A_repulsion': 0.3885855797155366, 'gamma': 0.3635354666796066, 'sigma_update': 0.27085971273881343, 'eta_learning': 1.5168299739248512, 'sigma_boundary': 1.8106285402607627, 'alpha': 0.5648409496386546}. Best is trial 46 with value: 0.07042087530047023.
[I 2026-03-04 04:26:27,688] Trial 52 finished with value: 0.31358371407989805 and parameters: {'sigma_noise': 0.29823697579188, 'A_repulsion': 0.3417151813324756, 'gamma': 0.4841229623631553, 'sigma_update': 0.3728818114854764, 'eta_learning': 1.5455015799860878, 'sigma_boundary': 5.684749540312189, 'alpha': 0.4374723143148073}. Best is trial 46 with value: 0.07042087530047023.
[I 2026-03-04 04:26:42,954] Trial 56 finished with value: 0.08886569661882907 and parameters: {'sigma_noise': 0.2665176039981918, 'A_repulsion': 0.2845437301522138, 'gamma': 0.6175639199324393, 'sigma_update': 0.31260653909325414, 'eta_learning': 0.35850726954170764, 'sigma_boundary': 7.384816928979779, 'alpha': 0.7927814698980382}. Best is trial 46 with value: 0.07042087530047023.
