[I 2026-03-04 04:36:17,286] Trial 108 finished with value: 0.09710431655091203 and parameters: {'sigma_noise': 0.3346329599413721, 'A_repulsion': 0.17982844909039858, 'gamma': 0.9356402091243791, 'sigma_update': 0.44580830582984915, 'eta_learning': 2.2202906433229694, 'sigma_boundary': 4.876488852218892, 'alpha': 0.6837380166752665}. Best is trial 109 with value: 0.08376540706887152.
[I 2026-03-04 04:36:26,109] Trial 113 finished with value: 0.158655330722824 and parameters: {'sigma_noise': 0.20614987179637906, 'A_repulsion': 0.2759261592866935, 'gamma': 0.5200797806446814, 'sigma_update': 0.4159094934496809, 'eta_learning': 1.4866151524731996, 'sigma_boundary': 4.616687527873915, 'alpha': 0.7784455042655061}. Best is trial 109 with value: 0.08376540706887152.
[I 2026-03-04 04:36:44,119] Trial 111 finished with value: 0.1487634474720903 and parameters: {'sigma_noise': 0.29453907068173474, 'A_repulsion': 0.37777260663200274, 'gamma': 0.986945864826863, 'sigma_update': 0.5834015297695656, 'eta_learning': 1.5909437565445113, 'sigma_boundary': 6.487149051979423, 'alpha': 0.8230454628108685}. Best is trial 109 with value: 0.08376540706887152.
[I 2026-03-04 04:37:17,855] Trial 117 finished with value: 0.1597527163052755 and parameters: {'sigma_noise': 0.23577338304698492, 'A_repulsion': 0.2513425252785241, 'gamma': 0.7083458768686224, 'sigma_update': 0.3855488287250345, 'eta_learning': 2.283585025458665, 'sigma_boundary': 6.349435175782285, 'alpha': 0.528679038284376}. Best is trial 109 with value: 0.08376540706887152.
[I 2026-03-04 04:37:19,613] Trial 116 finished with value: 0.08155015319106794 and parameters: {'sigma_noise': 0.32446669062273564, 'A_repulsion': 0.1547599513744657, 'gamma': 0.956216380137622, 'sigma_update': 0.4754586576125716, 'eta_learning': 2.5213067947679932, 'sigma_boundary': 7.7052767203286106, 'alpha': 0.6979553460282162}. Best is trial 116 with value: 0.08155015319106794.
[I 2026-03-04 04:37:41,471] Trial 119 finished with value: 0.1491375141161867 and parameters: {'sigma_noise': 0.2684388472717483, 'A_repulsion': 0.142935656378618, 'gamma': 0.6656365807458847, 'sigma_update': 0.5085781986282959, 'eta_learning': 1.9864410203632807, 'sigma_boundary': 5.069337838213581, 'alpha': 0.6776444595949399}. Best is trial 116 with value: 0.08155015319106794.
[I 2026-03-04 04:37:47,770] Trial 118 finished with value: 0.1323522032630685 and parameters: {'sigma_noise': 0.3137546740015643, 'A_repulsion': 0.18369385550597198, 'gamma': 0.7745210551961957, 'sigma_update': 0.4064039439891023, 'eta_learning': 1.6529452019362973, 'sigma_boundary': 5.585002806869113, 'alpha': 0.7468322168137278}. Best is trial 116 with value: 0.08155015319106794.
[I 2026-03-04 04:38:18,439] Trial 120 finished with value: 0.13393522778486072 and parameters: {'sigma_noise': 0.2266585664421351, 'A_repulsion': 0.2500758447993919, 'gamma': 0.6277614741215759, 'sigma_update': 0.3928725975319372, 'eta_learning': 1.8704177347068869, 'sigma_boundary': 6.35233851485171, 'alpha': 0.9726725567178105}. Best is trial 116 with value: 0.08155015319106794.
[I 2026-03-04 04:38:21,169] Trial 121 finished with value: 0.1293796358397313 and parameters: {'sigma_noise': 0.1627940367041986, 'A_repulsion': 0.2771914004843717, 'gamma': 0.9760334885111073, 'sigma_update': 0.5296001924549529, 'eta_learning': 1.8403594199619544, 'sigma_boundary': 6.934957210713777, 'alpha': 0.760916681882218}. Best is trial 116 with value: 0.08155015319106794.
[I 2026-03-04 04:38:40,244] Trial 123 finished with value: 0.079427177990069 and parameters: {'sigma_noise': 0.24096263814511187, 'A_repulsion': 0.11443984411144148, 'gamma': 0.9059798894686165, 'sigma_update': 0.5487558035539895, 'eta_learning': 1.4020806735629991, 'sigma_boundary': 5.434852897844292, 'alpha': 0.6629443510919165}. Best is trial 123 with value: 0.079427177990069.
[I 2026-03-04 04:38:51,252] Trial 122 finished with value: 0.14004711631796735 and parameters: {'sigma_noise': 0.2629714410670651, 'A_repulsion': 0.18899764982584574, 'gamma': 0.606688560739674, 'sigma_update': 0.2689837984460675, 'eta_learning': 1.3680084322547037, 'sigma_boundary': 5.006913019308395, 'alpha': 0.7384073632251164}. Best is trial 123 with value: 0.079427177990069.
[I 2026-03-04 04:39:14,247] Trial 124 finished with value: 0.10665484921639196 and parameters: {'sigma_noise': 0.254576005402956, 'A_repulsion': 0.2706765012541174, 'gamma': 0.9992636954941214, 'sigma_update': 0.4433533591561656, 'eta_learning': 2.33158758646004, 'sigma_boundary': 5.898701735330917, 'alpha': 0.6829153998510562}. Best is trial 123 with value: 0.079427177990069.
[I 2026-03-04 04:39:21,882] Trial 125 finished with value: 0.1533604870131983 and parameters: {'sigma_noise': 0.2433758615754878, 'A_repulsion': 0.24167071113209765, 'gamma': 0.9725155927608323, 'sigma_update': 0.33446997620878866, 'eta_learning': 2.615431075053441, 'sigma_boundary': 6.041339430390319, 'alpha': 0.8154309408885398}. Best is trial 123 with value: 0.079427177990069.
[I 2026-03-04 04:39:34,212] Trial 127 finished with value: 0.09136688635031129 and parameters: {'sigma_noise': 0.25458249103126135, 'A_repulsion': 0.17876953151817482, 'gamma': 0.8737870260752035, 'sigma_update': 0.6486607853610499, 'eta_learning': 2.0135075775112163, 'sigma_boundary': 4.762079138851447, 'alpha': 0.7766543422709251}. Best is trial 123 with value: 0.079427177990069.
[I 2026-03-04 04:39:38,407] Trial 126 finished with value: 0.8176323135358825 and parameters: {'sigma_noise': 0.3015231970862863, 'A_repulsion': 0.1697574397842468, 'gamma': 0.7495102492454322, 'sigma_update': 0.24325437654601414, 'eta_learning': 1.9316080044402566, 'sigma_boundary': 5.375450095199567, 'alpha': 0.34040345131174893}. Best is trial 123 with value: 0.079427177990069.
[I 2026-03-04 04:39:58,708] Trial 130 finished with value: 0.07747688528491037 and parameters: {'sigma_noise': 0.2642015296016517, 'A_repulsion': 0.14295429823365768, 'gamma': 0.7632362347316366, 'sigma_update': 0.4670368499829159, 'eta_learning': 2.3170459908859398, 'sigma_boundary': 4.460822384525708, 'alpha': 0.7483171676563146}. Best is trial 130 with value: 0.07747688528491037.
[I 2026-03-04 04:40:07,448] Trial 135 finished with value: 0.09935532897449029 and parameters: {'sigma_noise': 0.1426991057413423, 'A_repulsion': 0.21491451686377447, 'gamma': 0.8664143324735133, 'sigma_update': 0.4172435122513337, 'eta_learning': 2.5490319697716735, 'sigma_boundary': 6.426005796847741, 'alpha': 0.5206476018832955}. Best is trial 130 with value: 0.07747688528491037.
[I 2026-03-04 04:40:10,838] Trial 133 finished with value: 0.24965800588192844 and parameters: {'sigma_noise': 0.19558883054081755, 'A_repulsion': 0.30229732418402855, 'gamma': 0.9719356292649234, 'sigma_update': 0.5214602760712754, 'eta_learning': 1.7047734348779326, 'sigma_boundary': 6.543670663674311, 'alpha': 0.45063901287780783}. Best is trial 130 with value: 0.07747688528491037.
[I 2026-03-04 04:40:11,738] Trial 132 finished with value: 0.1388910948942662 and parameters: {'sigma_noise': 0.17746469389386615, 'A_repulsion': 0.319933875642867, 'gamma': 0.6858245868976484, 'sigma_update': 0.2753867184886336, 'eta_learning': 1.756221181632585, 'sigma_boundary': 6.2977092611116, 'alpha': 0.6552139711176068}. Best is trial 130 with value: 0.07747688528491037.
[I 2026-03-04 04:40:13,816] Trial 131 finished with value: 0.29708497923081895 and parameters: {'sigma_noise': 0.2888454094376918, 'A_repulsion': 0.14087926565120829, 'gamma': 0.6316046465878936, 'sigma_update': 0.5943761633497917, 'eta_learning': 2.328990269930921, 'sigma_boundary': 2.872448886042315, 'alpha': 0.5609377971372828}. Best is trial 130 with value: 0.07747688528491037.
[I 2026-03-04 04:40:23,190] Trial 134 finished with value: 0.12816711198343278 and parameters: {'sigma_noise': 0.19258466710522543, 'A_repulsion': 0.3076709202978708, 'gamma': 0.7730599006122413, 'sigma_update': 0.4227998282382332, 'eta_learning': 1.9776078674480289, 'sigma_boundary': 6.343284656604668, 'alpha': 0.5139247321286956}. Best is trial 130 with value: 0.07747688528491037.
[I 2026-03-04 04:40:28,450] Trial 128 finished with value: 0.10796803127489438 and parameters: {'sigma_noise': 0.31915548409779415, 'A_repulsion': 0.23013427362879363, 'gamma': 0.9322492578839356, 'sigma_update': 0.2729856990100213, 'eta_learning': 2.7297390655619154, 'sigma_boundary': 4.920716275266764, 'alpha': 0.7977076398888914}. Best is trial 130 with value: 0.07747688528491037.
[I 2026-03-04 04:40:39,196] Trial 129 finished with value: 0.07509117529322022 and parameters: {'sigma_noise': 0.25508519340834584, 'A_repulsion': 0.3077398754856854, 'gamma': 0.9122071696813943, 'sigma_update': 0.39425112809698193, 'eta_learning': 2.3828840892827987, 'sigma_boundary': 4.84277261116087, 'alpha': 0.6102436869781477}. Best is trial 129 with value: 0.07509117529322022.
[I 2026-03-04 04:41:01,414] Trial 137 finished with value: 0.07868609303750948 and parameters: {'sigma_noise': 0.26798616520534985, 'A_repulsion': 0.09580321036138215, 'gamma': 0.7684211983080764, 'sigma_update': 0.38215654706451097, 'eta_learning': 2.358248365930786, 'sigma_boundary': 8.20296045914416, 'alpha': 0.8586000299745455}. Best is trial 129 with value: 0.07509117529322022.
[I 2026-03-04 04:41:29,909] Trial 136 finished with value: 0.26902364840516946 and parameters: {'sigma_noise': 0.21212944510133808, 'A_repulsion': 0.3090486820507215, 'gamma': 0.6878360092463803, 'sigma_update': 0.3856549085189687, 'eta_learning': 2.4634295504705928, 'sigma_boundary': 7.869883313807113, 'alpha': 0.4375202303858199}. Best is trial 129 with value: 0.07509117529322022.
[I 2026-03-04 04:41:55,769] Trial 138 finished with value: 0.17888229013052237 and parameters: {'sigma_noise': 0.28629680069993907, 'A_repulsion': 0.20785358665822706, 'gamma': 0.7306315946989208, 'sigma_update': 0.507297954880658, 'eta_learning': 2.236039095915374, 'sigma_boundary': 8.349511263250555, 'alpha': 0.5889301168216932}. Best is trial 129 with value: 0.07509117529322022.
[I 2026-03-04 04:42:01,234] Trial 139 finished with value: 0.11687281534401298 and parameters: {'sigma_noise': 0.23544264068168147, 'A_repulsion': 0.35149191806251856, 'gamma': 0.9209500338178469, 'sigma_update': 0.40941043382820386, 'eta_learning': 2.021109705711997, 'sigma_boundary': 7.215059910515422, 'alpha': 0.6236923506592303}. Best is trial 129 with value: 0.07509117529322022.
[I 2026-03-04 04:42:19,864] Trial 141 finished with value: 0.1423379020482225 and parameters: {'sigma_noise': 0.22201315086282675, 'A_repulsion': 0.23109846899960745, 'gamma': 0.9810582312674562, 'sigma_update': 0.3210422213103092, 'eta_learning': 2.3682496498354424, 'sigma_boundary': 8.435744490441728, 'alpha': 0.7389283470382173}. Best is trial 129 with value: 0.07509117529322022.
[I 2026-03-04 04:42:40,473] Trial 140 finished with value: 0.14976848941500231 and parameters: {'sigma_noise': 0.24772060876198987, 'A_repulsion': 0.2948582152460813, 'gamma': 0.5681616884061802, 'sigma_update': 0.4619035313435397, 'eta_learning': 1.7707616795105414, 'sigma_boundary': 4.235765478476134, 'alpha': 0.6700552071420327}. Best is trial 129 with value: 0.07509117529322022.
[I 2026-03-04 04:42:43,487] Trial 143 finished with value: 0.11187129144963237 and parameters: {'sigma_noise': 0.15972261741622606, 'A_repulsion': 0.3092405866600457, 'gamma': 0.7285690649067003, 'sigma_update': 0.34583442081124344, 'eta_learning': 1.9738374889602495, 'sigma_boundary': 6.759430201384213, 'alpha': 0.49803542013802204}. Best is trial 129 with value: 0.07509117529322022.
[I 2026-03-04 04:42:45,987] Trial 142 finished with value: 0.1125973977091619 and parameters: {'sigma_noise': 0.14330602318696703, 'A_repulsion': 0.39747712805562674, 'gamma': 0.8487697014165495, 'sigma_update': 0.5873514052751103, 'eta_learning': 0.8167921144523261, 'sigma_boundary': 8.400208718899393, 'alpha': 0.5694967729154016}. Best is trial 129 with value: 0.07509117529322022.
[I 2026-03-04 04:43:11,527] Trial 144 finished with value: 0.10270901870720184 and parameters: {'sigma_noise': 0.1300215586699145, 'A_repulsion': 0.39179338192234514, 'gamma': 0.9882404316441494, 'sigma_update': 0.5842003573917809, 'eta_learning': 1.7841158710197411, 'sigma_boundary': 9.003910423750803, 'alpha': 0.7038597613993558}. Best is trial 129 with value: 0.07509117529322022.
[I 2026-03-04 04:43:23,123] Trial 149 finished with value: 0.33874261142133155 and parameters: {'sigma_noise': 0.1751926295170808, 'A_repulsion': 0.12272072911000825, 'gamma': 0.8244328205916917, 'sigma_update': 0.6903347487021992, 'eta_learning': 1.9324033300257113, 'sigma_boundary': 3.65829645948845, 'alpha': 0.50223546954408}. Best is trial 129 with value: 0.07509117529322022.
[I 2026-03-04 04:43:33,026] Trial 146 finished with value: 0.2681350704347606 and parameters: {'sigma_noise': 0.19308769671386922, 'A_repulsion': 0.27089387529146786, 'gamma': 0.7362370584197191, 'sigma_update': 0.5232080447018265, 'eta_learning': 1.9629109959589512, 'sigma_boundary': 6.1008597155511355, 'alpha': 0.4702564334078305}. Best is trial 129 with value: 0.07509117529322022.
[I 2026-03-04 04:43:41,476] Trial 152 finished with value: 0.1691071430045541 and parameters: {'sigma_noise': 0.14493490549809002, 'A_repulsion': 0.2663633488769013, 'gamma': 0.7830044890731797, 'sigma_update': 0.3731033966642762, 'eta_learning': 1.916866650470534, 'sigma_boundary': 9.874333015204641, 'alpha': 0.769385157048913}. Best is trial 129 with value: 0.07509117529322022.
[I 2026-03-04 04:43:46,195] Trial 147 finished with value: 0.12243731947483136 and parameters: {'sigma_noise': 0.21780978562760955, 'A_repulsion': 0.2680309614078145, 'gamma': 0.7169029795098776, 'sigma_update': 0.5183594891029565, 'eta_learning': 1.978427163374355, 'sigma_boundary': 5.904255873460024, 'alpha': 0.8951621883772132}. Best is trial 129 with value: 0.07509117529322022.
[I 2026-03-04 04:43:58,561] Trial 145 finished with value: 0.12117673577153697 and parameters: {'sigma_noise': 0.28107007379769133, 'A_repulsion': 0.3492617236229952, 'gamma': 0.8132046229377469, 'sigma_update': 0.5266459422437336, 'eta_learning': 2.13067379527892, 'sigma_boundary': 4.184705103012658, 'alpha': 0.594137923630714}. Best is trial 129 with value: 0.07509117529322022.
[I 2026-03-04 04:44:12,124] Trial 154 finished with value: 0.08735849723704948 and parameters: {'sigma_noise': 0.27068186290590285, 'A_repulsion': 0.1298432676239469, 'gamma': 0.833793690458575, 'sigma_update': 0.4146592607839051, 'eta_learning': 0.7868868408580176, 'sigma_boundary': 4.37532247207656, 'alpha': 0.619820386213203}. Best is trial 129 with value: 0.07509117529322022.
[I 2026-03-04 04:44:20,652] Trial 153 finished with value: 0.2248374224914395 and parameters: {'sigma_noise': 0.24500384527564434, 'A_repulsion': 0.2190549456528533, 'gamma': 0.6689630613842668, 'sigma_update': 0.4754375381825636, 'eta_learning': 2.1981684973506592, 'sigma_boundary': 7.612327310135633, 'alpha': 0.5171842526850406}. Best is trial 129 with value: 0.07509117529322022.
[I 2026-03-04 04:44:38,324] Trial 151 finished with value: 0.21851943288747688 and parameters: {'sigma_noise': 0.19078671791835072, 'A_repulsion': 0.43023102399398805, 'gamma': 0.8438164603967134, 'sigma_update': 0.24652803514449478, 'eta_learning': 1.4553649711169825, 'sigma_boundary': 6.690845693415776, 'alpha': 0.820182193123963}. Best is trial 129 with value: 0.07509117529322022.
[I 2026-03-04 04:44:38,435] Trial 148 finished with value: 0.18198467405845978 and parameters: {'sigma_noise': 0.29625768738836217, 'A_repulsion': 0.34822971860586327, 'gamma': 0.5530726499570505, 'sigma_update': 0.23598895363449396, 'eta_learning': 2.444791892654745, 'sigma_boundary': 6.807780770615947, 'alpha': 0.5326863783303847}. Best is trial 129 with value: 0.07509117529322022.
[I 2026-03-04 04:44:39,146] Trial 150 finished with value: 0.08925113649418367 and parameters: {'sigma_noise': 0.34065492154359944, 'A_repulsion': 0.20701850860800347, 'gamma': 0.9023743646251567, 'sigma_update': 0.36145542216191623, 'eta_learning': 1.6489330559629956, 'sigma_boundary': 3.4022347832087743, 'alpha': 0.6723335553297507}. Best is trial 129 with value: 0.07509117529322022.
[I 2026-03-04 04:44:51,909] Trial 156 finished with value: 0.1709049333774832 and parameters: {'sigma_noise': 0.1592726881681609, 'A_repulsion': 0.2922632618173941, 'gamma': 0.7850844272228543, 'sigma_update': 0.3302911603435922, 'eta_learning': 1.077499253473686, 'sigma_boundary': 4.837423890947211, 'alpha': 0.4105987259154116}. Best is trial 129 with value: 0.07509117529322022.
[I 2026-03-04 04:45:00,950] Trial 157 finished with value: 0.15121690015412254 and parameters: {'sigma_noise': 0.135827582763891, 'A_repulsion': 0.2196000514405534, 'gamma': 0.5874515839682162, 'sigma_update': 0.2969221711248754, 'eta_learning': 1.84508902684686, 'sigma_boundary': 8.186853588551042, 'alpha': 0.5864344760709006}. Best is trial 129 with value: 0.07509117529322022.
[I 2026-03-04 04:45:06,731] Trial 155 finished with value: 0.1929215984066494 and parameters: {'sigma_noise': 0.2643580375679286, 'A_repulsion': 0.3263982469011979, 'gamma': 0.5459109816264693, 'sigma_update': 0.4728319504992356, 'eta_learning': 1.9923675940804435, 'sigma_boundary': 8.703417692103237, 'alpha': 0.677507732884713}. Best is trial 129 with value: 0.07509117529322022.
[I 2026-03-04 04:45:45,447] Trial 159 finished with value: 0.08322106834446302 and parameters: {'sigma_noise': 0.18028328390981663, 'A_repulsion': 0.19969813479108, 'gamma': 0.8196227592085806, 'sigma_update': 0.5341516670434677, 'eta_learning': 2.0742286558124072, 'sigma_boundary': 4.8316872205460015, 'alpha': 0.7094816580020278}. Best is trial 129 with value: 0.07509117529322022.
[I 2026-03-04 04:45:54,504] Trial 162 finished with value: 0.19493153341576291 and parameters: {'sigma_noise': 0.12774098002876563, 'A_repulsion': 0.14657224564636176, 'gamma': 0.7094738231825956, 'sigma_update': 0.26874297533205094, 'eta_learning': 2.679027155232199, 'sigma_boundary': 9.489449197959217, 'alpha': 0.941773625675591}. Best is trial 129 with value: 0.07509117529322022.
[I 2026-03-04 04:45:58,165] Trial 158 finished with value: 0.1518013610738477 and parameters: {'sigma_noise': 0.18261202161372275, 'A_repulsion': 0.27979940270735204, 'gamma': 0.6641368652103306, 'sigma_update': 0.4660430948794887, 'eta_learning': 1.727110051073748, 'sigma_boundary': 7.184685357782549, 'alpha': 0.5979342683343514}. Best is trial 129 with value: 0.07509117529322022.
[I 2026-03-04 04:46:28,319] Trial 161 finished with value: 0.15521404520850504 and parameters: {'sigma_noise': 0.16450088033491206, 'A_repulsion': 0.2858479929897315, 'gamma': 0.8949428388713688, 'sigma_update': 0.31927672214128283, 'eta_learning': 2.039552761524469, 'sigma_boundary': 8.215350312249663, 'alpha': 0.7830790280393939}. Best is trial 129 with value: 0.07509117529322022.
[I 2026-03-04 04:46:30,384] Trial 160 finished with value: 0.12868311287570688 and parameters: {'sigma_noise': 0.37547936059567116, 'A_repulsion': 0.03135138169852986, 'gamma': 0.8550042718775767, 'sigma_update': 0.4419514547434681, 'eta_learning': 1.9232982723115672, 'sigma_boundary': 4.997634209443471, 'alpha': 0.6544888234917658}. Best is trial 129 with value: 0.07509117529322022.
[I 2026-03-04 04:47:10,942] Trial 163 finished with value: 0.0933807742034445 and parameters: {'sigma_noise': 0.3088954005767768, 'A_repulsion': 0.24133588783256868, 'gamma': 0.8394927937098198, 'sigma_update': 0.45343464047233656, 'eta_learning': 2.4607248222213713, 'sigma_boundary': 3.7071700404397685, 'alpha': 0.876966170281726}. Best is trial 129 with value: 0.07509117529322022.
[I 2026-03-04 04:47:28,115] Trial 165 finished with value: 0.10654958343113005 and parameters: {'sigma_noise': 0.25532042698439217, 'A_repulsion': 0.19567382059465424, 'gamma': 0.9327943063956856, 'sigma_update': 0.3703375738899271, 'eta_learning': 2.6226067582955364, 'sigma_boundary': 5.987033441330795, 'alpha': 0.7916674228115339}. Best is trial 129 with value: 0.07509117529322022.
[I 2026-03-04 04:47:33,678] Trial 164 finished with value: 0.12264389664431745 and parameters: {'sigma_noise': 0.2606026428023185, 'A_repulsion': 0.2608691144046705, 'gamma': 0.8736307800270219, 'sigma_update': 0.28013873394061606, 'eta_learning': 2.3896031619649816, 'sigma_boundary': 5.757200795208291, 'alpha': 0.6998964046752966}. Best is trial 129 with value: 0.07509117529322022.
[I 2026-03-04 04:47:37,684] Trial 167 finished with value: 0.1525985839489874 and parameters: {'sigma_noise': 0.2307804850197075, 'A_repulsion': 0.22524288206563042, 'gamma': 0.9746488554490546, 'sigma_update': 0.4140370189501219, 'eta_learning': 2.314810189234714, 'sigma_boundary': 6.763577738998626, 'alpha': 0.848050346121473}. Best is trial 129 with value: 0.07509117529322022.
[I 2026-03-04 04:47:50,231] Trial 171 finished with value: 0.14698053166464328 and parameters: {'sigma_noise': 0.2331918246302221, 'A_repulsion': 0.0735504568560719, 'gamma': 0.5913517286500073, 'sigma_update': 0.33454423449284676, 'eta_learning': 2.232140177124175, 'sigma_boundary': 4.620680615373541, 'alpha': 0.5379901428616958}. Best is trial 129 with value: 0.07509117529322022.
[I 2026-03-04 04:47:54,286] Trial 168 finished with value: 0.08459056938233464 and parameters: {'sigma_noise': 0.24801811570840293, 'A_repulsion': 0.21865678534134997, 'gamma': 0.7703705961286289, 'sigma_update': 0.43804924679223, 'eta_learning': 2.3186899059023114, 'sigma_boundary': 7.1972649799306465, 'alpha': 0.6258947522874249}. Best is trial 129 with value: 0.07509117529322022.
[I 2026-03-04 04:48:02,443] Trial 174 finished with value: 0.16660619072374586 and parameters: {'sigma_noise': 0.18129212022480123, 'A_repulsion': 0.14262077425810976, 'gamma': 0.9951733796390163, 'sigma_update': 0.6199084713274617, 'eta_learning': 2.418092550753544, 'sigma_boundary': 5.586848896688558, 'alpha': 0.93675046949756}. Best is trial 129 with value: 0.07509117529322022.
