[I 2026-03-04 05:00:21,631] Trial 26 finished with value: 0.1427716534074271 and parameters: {'sigma_noise': 0.3282032912402429, 'A_repulsion': 0.1969724615130672, 'gamma': 0.5225237376686652, 'sigma_update': 0.23437203175249974, 'eta_learning': 1.285558727947611, 'sigma_boundary': 3.5453916561692247, 'alpha': 0.48972126587718007}. Best is trial 11 with value: 0.07723223503513035.
[I 2026-03-04 05:00:29,926] Trial 29 finished with value: 0.10414598260460975 and parameters: {'sigma_noise': 0.26439619668926506, 'A_repulsion': 0.1313045917328532, 'gamma': 0.7307412586865389, 'sigma_update': 0.4112854608456654, 'eta_learning': 1.7277583998000643, 'sigma_boundary': 2.0586007953759737, 'alpha': 0.8430504661837757}. Best is trial 11 with value: 0.07723223503513035.
[I 2026-03-04 05:00:35,546] Trial 34 finished with value: 0.1239443184713913 and parameters: {'sigma_noise': 0.18886119688457376, 'A_repulsion': 0.19846033245333605, 'gamma': 0.9386119228626421, 'sigma_update': 0.3760838011035102, 'eta_learning': 0.3728172355548914, 'sigma_boundary': 4.142751034558758, 'alpha': 0.35239406264744805}. Best is trial 11 with value: 0.07723223503513035.
[I 2026-03-04 05:00:41,748] Trial 30 finished with value: 0.1676659251672407 and parameters: {'sigma_noise': 0.2001415498503194, 'A_repulsion': 0.2907288332472045, 'gamma': 0.6067699877691151, 'sigma_update': 0.4427840710856373, 'eta_learning': 0.2934777310474464, 'sigma_boundary': 4.402319129662289, 'alpha': 0.3795869526741322}. Best is trial 11 with value: 0.07723223503513035.
[I 2026-03-04 05:00:56,762] Trial 27 finished with value: 0.09493256126823324 and parameters: {'sigma_noise': 0.2684503682907357, 'A_repulsion': 0.36053951754935365, 'gamma': 0.6639533775192138, 'sigma_update': 0.38766091003656367, 'eta_learning': 1.473286518076275, 'sigma_boundary': 6.099485108121267, 'alpha': 0.7895171951289082}. Best is trial 11 with value: 0.07723223503513035.
[I 2026-03-04 05:01:14,093] Trial 33 finished with value: 0.08515390707434722 and parameters: {'sigma_noise': 0.26790547078710236, 'A_repulsion': 0.20962622880340656, 'gamma': 0.6473668588009334, 'sigma_update': 0.42433831554547496, 'eta_learning': 1.6372847057145077, 'sigma_boundary': 4.440850791194933, 'alpha': 0.7114822080140988}. Best is trial 11 with value: 0.07723223503513035.
[I 2026-03-04 05:01:16,994] Trial 28 finished with value: 1.9473698511329989 and parameters: {'sigma_noise': 0.3007103974876528, 'A_repulsion': 0.3338268101966512, 'gamma': 0.4325946618275799, 'sigma_update': 0.4013890709375318, 'eta_learning': 2.3851760829177056, 'sigma_boundary': 4.547108530702937, 'alpha': 0.1922471101914962}. Best is trial 11 with value: 0.07723223503513035.
[I 2026-03-04 05:01:21,813] Trial 31 finished with value: 0.9563443708688123 and parameters: {'sigma_noise': 0.2719789981571081, 'A_repulsion': 0.3761022544715556, 'gamma': 0.9081891257087704, 'sigma_update': 0.466360858093429, 'eta_learning': 1.0862089630647895, 'sigma_boundary': 4.436038066696721, 'alpha': 0.33206849131457683}. Best is trial 11 with value: 0.07723223503513035.
[I 2026-03-04 05:01:23,315] Trial 32 finished with value: 0.39467619105986973 and parameters: {'sigma_noise': 0.25598204899367133, 'A_repulsion': 0.3454413729690894, 'gamma': 0.4481070740895577, 'sigma_update': 0.4962658014749679, 'eta_learning': 1.406266279273893, 'sigma_boundary': 6.836553254849516, 'alpha': 0.4943111013846982}. Best is trial 11 with value: 0.07723223503513035.
[I 2026-03-04 05:01:26,897] Trial 37 finished with value: 1.4973913210352507 and parameters: {'sigma_noise': 0.3271454254955929, 'A_repulsion': 0.09476897574635162, 'gamma': 0.5588196643439562, 'sigma_update': 0.16223407869662843, 'eta_learning': 1.4559612627511826, 'sigma_boundary': 3.601278138597007, 'alpha': 0.23401700913532147}. Best is trial 11 with value: 0.07723223503513035.
[I 2026-03-04 05:01:46,836] Trial 38 finished with value: 0.12544500302040915 and parameters: {'sigma_noise': 0.2291693731691291, 'A_repulsion': 0.24163427442413254, 'gamma': 0.670238679316661, 'sigma_update': 0.2790805385341227, 'eta_learning': 2.573314736013985, 'sigma_boundary': 6.8110311307483125, 'alpha': 0.4800847979070356}. Best is trial 11 with value: 0.07723223503513035.
[I 2026-03-04 05:01:48,498] Trial 35 finished with value: 0.1275648568005083 and parameters: {'sigma_noise': 0.24477487099306988, 'A_repulsion': 0.3997291423551461, 'gamma': 0.6782511550555139, 'sigma_update': 0.4131249680006786, 'eta_learning': 0.757114897512478, 'sigma_boundary': 4.205099165813215, 'alpha': 0.52007952928674}. Best is trial 11 with value: 0.07723223503513035.
[I 2026-03-04 05:01:50,517] Trial 36 finished with value: 0.23803250479664564 and parameters: {'sigma_noise': 0.27252353843564553, 'A_repulsion': 0.26808653596345583, 'gamma': 0.5423082945486254, 'sigma_update': 0.38411730876912004, 'eta_learning': 2.0095715352639933, 'sigma_boundary': 2.7480383143949254, 'alpha': 0.4737975521279965}. Best is trial 11 with value: 0.07723223503513035.
[I 2026-03-04 05:02:20,952] Trial 39 finished with value: 0.11622870950477965 and parameters: {'sigma_noise': 0.37264459133443334, 'A_repulsion': 0.2555641474423636, 'gamma': 0.1867995164570844, 'sigma_update': 0.3173692877371163, 'eta_learning': 1.1875865415282358, 'sigma_boundary': 4.3825820214245885, 'alpha': 0.5925464152319007}. Best is trial 11 with value: 0.07723223503513035.
[I 2026-03-04 05:03:02,464] Trial 41 finished with value: 0.20786502906028526 and parameters: {'sigma_noise': 0.24008606299676233, 'A_repulsion': 0.07625818127011347, 'gamma': 0.49268077042787445, 'sigma_update': 0.4162463848053984, 'eta_learning': 2.0956293245609046, 'sigma_boundary': 5.812901199251347, 'alpha': 0.508101472113757}. Best is trial 11 with value: 0.07723223503513035.
[I 2026-03-04 05:03:09,117] Trial 40 finished with value: 0.5513196125687008 and parameters: {'sigma_noise': 0.29503445024381886, 'A_repulsion': 0.138802473463893, 'gamma': 0.49007129658753884, 'sigma_update': 0.4692190043647624, 'eta_learning': 1.7529056495772009, 'sigma_boundary': 4.924233951142602, 'alpha': 0.4199331022910342}. Best is trial 11 with value: 0.07723223503513035.
[I 2026-03-04 05:03:11,423] Trial 43 finished with value: 0.3296891085134489 and parameters: {'sigma_noise': 0.09751103658172358, 'A_repulsion': 0.3483641860999402, 'gamma': 0.4721907490917508, 'sigma_update': 0.48647073480548764, 'eta_learning': 1.4532521558643317, 'sigma_boundary': 0.46726444523167704, 'alpha': 0.3405254666805633}. Best is trial 11 with value: 0.07723223503513035.
[I 2026-03-04 05:03:46,691] Trial 42 finished with value: 0.11653204931428915 and parameters: {'sigma_noise': 0.25805888319035586, 'A_repulsion': 0.23397970374850782, 'gamma': 0.5958506728506157, 'sigma_update': 0.6325855655958366, 'eta_learning': 1.0563265724684936, 'sigma_boundary': 4.3352534548826265, 'alpha': 0.7519235430340119}. Best is trial 11 with value: 0.07723223503513035.
[I 2026-03-04 05:04:09,521] Trial 44 finished with value: 0.08801411202140144 and parameters: {'sigma_noise': 0.2372352798624514, 'A_repulsion': 0.26244054089939683, 'gamma': 0.5069877160708071, 'sigma_update': 0.4011930024252872, 'eta_learning': 0.8937627040498102, 'sigma_boundary': 6.090115325536904, 'alpha': 0.8244036643834703}. Best is trial 11 with value: 0.07723223503513035.
[I 2026-03-04 05:04:20,663] Trial 45 finished with value: 0.11435520922802428 and parameters: {'sigma_noise': 0.161151243250584, 'A_repulsion': 0.37694285749793077, 'gamma': 0.6104619330590609, 'sigma_update': 0.36273351935897036, 'eta_learning': 0.9243986811996461, 'sigma_boundary': 3.9524397583073387, 'alpha': 0.5943057582675408}. Best is trial 11 with value: 0.07723223503513035.
[I 2026-03-04 05:04:35,596] Trial 47 finished with value: 0.33817444584461687 and parameters: {'sigma_noise': 0.175101488184157, 'A_repulsion': 0.2848156815331458, 'gamma': 0.5764494581657184, 'sigma_update': 0.3064646721840701, 'eta_learning': 1.6010167415638934, 'sigma_boundary': 2.562189529833336, 'alpha': 0.3478932007562179}. Best is trial 11 with value: 0.07723223503513035.
[I 2026-03-04 05:04:45,757] Trial 46 finished with value: 1.2431140470182651 and parameters: {'sigma_noise': 0.2518796335400877, 'A_repulsion': 0.19931519738157139, 'gamma': 0.35561218051210836, 'sigma_update': 0.38068981186954953, 'eta_learning': 1.9323746336458678, 'sigma_boundary': 5.716836345702195, 'alpha': 0.24472046398995984}. Best is trial 11 with value: 0.07723223503513035.
[I 2026-03-04 05:04:58,118] Trial 48 finished with value: 0.09256524593930676 and parameters: {'sigma_noise': 0.20408919526041203, 'A_repulsion': 0.2836400115098921, 'gamma': 0.6780477935288921, 'sigma_update': 0.29770610378156315, 'eta_learning': 1.9118822041810393, 'sigma_boundary': 8.125357514342747, 'alpha': 0.5779361128799391}. Best is trial 11 with value: 0.07723223503513035.
[I 2026-03-04 05:05:12,993] Trial 53 finished with value: 0.17734004917618018 and parameters: {'sigma_noise': 0.1336253181059972, 'A_repulsion': 0.35609420219623944, 'gamma': 0.8042719796460078, 'sigma_update': 0.39277246506057817, 'eta_learning': 1.3543166772416013, 'sigma_boundary': 6.175833198488208, 'alpha': 0.7541601388421066}. Best is trial 11 with value: 0.07723223503513035.
[I 2026-03-04 05:05:17,247] Trial 49 finished with value: 0.31873837310254133 and parameters: {'sigma_noise': 0.30350718095947576, 'A_repulsion': 0.1704576823241979, 'gamma': 0.7276098269993735, 'sigma_update': 0.28231112350647386, 'eta_learning': 1.773436365901224, 'sigma_boundary': 2.061823176375545, 'alpha': 0.38641955375584586}. Best is trial 11 with value: 0.07723223503513035.
[I 2026-03-04 05:05:40,173] Trial 57 finished with value: 0.14004841886019664 and parameters: {'sigma_noise': 0.16616994447272587, 'A_repulsion': 0.2818867525957256, 'gamma': 0.8070602757952849, 'sigma_update': 0.3501419246486297, 'eta_learning': 1.4769929638880201, 'sigma_boundary': 8.13386810762634, 'alpha': 0.7223579293077135}. Best is trial 11 with value: 0.07723223503513035.
[I 2026-03-04 05:05:43,710] Trial 54 finished with value: 0.09928211893697622 and parameters: {'sigma_noise': 0.2671568615648389, 'A_repulsion': 0.19358948038175283, 'gamma': 0.8167588151135987, 'sigma_update': 0.3161903329460294, 'eta_learning': 1.762958496444405, 'sigma_boundary': 5.158722638141843, 'alpha': 0.5068863269834344}. Best is trial 11 with value: 0.07723223503513035.
[I 2026-03-04 05:05:43,867] Trial 52 finished with value: 0.09983632690435656 and parameters: {'sigma_noise': 0.17954350223350962, 'A_repulsion': 0.4042067059542817, 'gamma': 0.37319534543442, 'sigma_update': 0.4062755869536665, 'eta_learning': 0.9259999816911664, 'sigma_boundary': 5.246450920577942, 'alpha': 0.7224929649904092}. Best is trial 11 with value: 0.07723223503513035.
[I 2026-03-04 05:05:50,286] Trial 50 finished with value: 0.10811009403847041 and parameters: {'sigma_noise': 0.2874380713194264, 'A_repulsion': 0.3436301330770055, 'gamma': 0.8980507609231518, 'sigma_update': 0.5431197745661981, 'eta_learning': 2.318098466473061, 'sigma_boundary': 7.312759430959934, 'alpha': 0.8075287364943263}. Best is trial 11 with value: 0.07723223503513035.
[I 2026-03-04 05:06:02,674] Trial 51 finished with value: 0.10413434824247396 and parameters: {'sigma_noise': 0.26039299138974964, 'A_repulsion': 0.38055101709087563, 'gamma': 0.41439555738223166, 'sigma_update': 0.2537681437720638, 'eta_learning': 1.745275280394801, 'sigma_boundary': 6.166011353098155, 'alpha': 0.5226384972209053}. Best is trial 11 with value: 0.07723223503513035.
[I 2026-03-04 05:06:15,399] Trial 55 finished with value: 0.09580089121106103 and parameters: {'sigma_noise': 0.2626638240575481, 'A_repulsion': 0.2684789798695414, 'gamma': 0.7265002739537814, 'sigma_update': 0.1172243971790813, 'eta_learning': 1.8025621977889839, 'sigma_boundary': 9.048758945631889, 'alpha': 0.6151423857251335}. Best is trial 11 with value: 0.07723223503513035.
[I 2026-03-04 05:06:16,114] Trial 58 finished with value: 0.12634414888389212 and parameters: {'sigma_noise': 0.2824207331613791, 'A_repulsion': 0.18606727494575923, 'gamma': 0.36734472733287876, 'sigma_update': 0.4209028517684103, 'eta_learning': 1.6885582774422108, 'sigma_boundary': 7.445431787027241, 'alpha': 0.7061555665866937}. Best is trial 11 with value: 0.07723223503513035.
[I 2026-03-04 05:06:24,470] Trial 59 finished with value: 0.1364237186955399 and parameters: {'sigma_noise': 0.12940104190657253, 'A_repulsion': 0.35749063327146824, 'gamma': 0.6277967599865977, 'sigma_update': 0.19543580195531507, 'eta_learning': 1.5192083562744279, 'sigma_boundary': 7.524994749884593, 'alpha': 0.6356825453545504}. Best is trial 11 with value: 0.07723223503513035.
[I 2026-03-04 05:06:30,716] Trial 56 finished with value: 0.11922017820104916 and parameters: {'sigma_noise': 0.2206479153234211, 'A_repulsion': 0.3362549307888678, 'gamma': 0.39850180689371645, 'sigma_update': 0.2604509680198489, 'eta_learning': 1.2711271803126702, 'sigma_boundary': 7.138335612618292, 'alpha': 0.5429729939829517}. Best is trial 11 with value: 0.07723223503513035.
[I 2026-03-04 05:07:02,741] Trial 60 finished with value: 0.09871728524398962 and parameters: {'sigma_noise': 0.19051922387132786, 'A_repulsion': 0.22924051733786543, 'gamma': 0.38259674594243503, 'sigma_update': 0.26940706793393965, 'eta_learning': 1.5511275206734436, 'sigma_boundary': 5.508016043585269, 'alpha': 0.5065627850316566}. Best is trial 11 with value: 0.07723223503513035.
[I 2026-03-04 05:07:22,447] Trial 63 finished with value: 0.1490236433716271 and parameters: {'sigma_noise': 0.12655109339153917, 'A_repulsion': 0.2145533221434868, 'gamma': 0.6933585544008855, 'sigma_update': 0.23243656783515368, 'eta_learning': 1.7443702751870707, 'sigma_boundary': 7.118549785946918, 'alpha': 0.6186808050820322}. Best is trial 11 with value: 0.07723223503513035.
[I 2026-03-04 05:07:50,475] Trial 61 finished with value: 0.13258820828962609 and parameters: {'sigma_noise': 0.1865198618482306, 'A_repulsion': 0.45015627844692496, 'gamma': 0.5775639116476659, 'sigma_update': 0.17923419640969282, 'eta_learning': 1.139884891058445, 'sigma_boundary': 4.459115572804556, 'alpha': 0.6778760680414406}. Best is trial 11 with value: 0.07723223503513035.
[I 2026-03-04 05:07:54,597] Trial 62 finished with value: 0.11693999037773872 and parameters: {'sigma_noise': 0.21534352269877804, 'A_repulsion': 0.3725847691962149, 'gamma': 0.7777749546827364, 'sigma_update': 0.12430873143208312, 'eta_learning': 2.01099283095522, 'sigma_boundary': 6.9199467814148035, 'alpha': 0.6837866368388115}. Best is trial 11 with value: 0.07723223503513035.
[I 2026-03-04 05:08:32,119] Trial 64 finished with value: 0.4829885580306056 and parameters: {'sigma_noise': 0.1892647087422264, 'A_repulsion': 0.335223660410647, 'gamma': 0.4577493801141214, 'sigma_update': 0.5304778160760285, 'eta_learning': 2.3144748772903916, 'sigma_boundary': 3.6292649715301333, 'alpha': 0.44305820830535125}. Best is trial 11 with value: 0.07723223503513035.
[I 2026-03-04 05:08:37,680] Trial 66 finished with value: 0.12162588047022721 and parameters: {'sigma_noise': 0.17341561308297693, 'A_repulsion': 0.2716500097396234, 'gamma': 0.6521723066740222, 'sigma_update': 0.25836850420259483, 'eta_learning': 2.346017652197343, 'sigma_boundary': 6.88759072346182, 'alpha': 0.47262880228099424}. Best is trial 11 with value: 0.07723223503513035.
[I 2026-03-04 05:08:43,688] Trial 69 finished with value: 0.20716966368147943 and parameters: {'sigma_noise': 0.0738216934955104, 'A_repulsion': 0.38189809282457937, 'gamma': 0.7243793565401975, 'sigma_update': 0.37011107535900173, 'eta_learning': 1.8005044488357047, 'sigma_boundary': 8.77191942826615, 'alpha': 0.7478472633356132}. Best is trial 11 with value: 0.07723223503513035.
[I 2026-03-04 05:09:03,612] Trial 65 finished with value: 0.15871517313174807 and parameters: {'sigma_noise': 0.19887186900647474, 'A_repulsion': 0.4562204993890846, 'gamma': 0.5196213936566373, 'sigma_update': 0.11255307415436948, 'eta_learning': 1.3835641969130856, 'sigma_boundary': 5.4805800375145965, 'alpha': 0.73221611235165}. Best is trial 11 with value: 0.07723223503513035.
[I 2026-03-04 05:09:27,092] Trial 71 finished with value: 0.10702409091631698 and parameters: {'sigma_noise': 0.1451822286061399, 'A_repulsion': 0.26988344853933277, 'gamma': 0.6795402787932427, 'sigma_update': 0.3745166113056833, 'eta_learning': 1.4394849029593164, 'sigma_boundary': 8.75102027208197, 'alpha': 0.5335625421233224}. Best is trial 11 with value: 0.07723223503513035.
[I 2026-03-04 05:09:32,352] Trial 67 finished with value: 0.10792431774715922 and parameters: {'sigma_noise': 0.2335602686912292, 'A_repulsion': 0.4426112138433038, 'gamma': 0.5592938708998039, 'sigma_update': 0.38371722799546204, 'eta_learning': 0.9193505745589028, 'sigma_boundary': 6.773755325042961, 'alpha': 0.8623093914891575}. Best is trial 11 with value: 0.07723223503513035.
[I 2026-03-04 05:09:45,728] Trial 72 finished with value: 0.14954422883224466 and parameters: {'sigma_noise': 0.15450894091222747, 'A_repulsion': 0.3583560239852071, 'gamma': 0.8548948520311918, 'sigma_update': 0.19621253232203312, 'eta_learning': 0.8217289948966406, 'sigma_boundary': 6.934429008724739, 'alpha': 0.573019808614633}. Best is trial 11 with value: 0.07723223503513035.
[I 2026-03-04 05:09:56,264] Trial 68 finished with value: 0.09184291980289251 and parameters: {'sigma_noise': 0.2708457022710183, 'A_repulsion': 0.41129140661227814, 'gamma': 0.6923192508485257, 'sigma_update': 0.2715885614443736, 'eta_learning': 1.7617677907212697, 'sigma_boundary': 2.2842261276532723, 'alpha': 0.5881552727382622}. Best is trial 11 with value: 0.07723223503513035.
[I 2026-03-04 05:10:01,862] Trial 70 finished with value: 0.10275214660344659 and parameters: {'sigma_noise': 0.25470597769922954, 'A_repulsion': 0.32304060439125165, 'gamma': 0.7175135733546446, 'sigma_update': 0.3446625574247553, 'eta_learning': 1.64362689858092, 'sigma_boundary': 6.026458304982615, 'alpha': 0.8107436290428935}. Best is trial 11 with value: 0.07723223503513035.
[I 2026-03-04 05:10:08,611] Trial 74 finished with value: 0.10476282225197538 and parameters: {'sigma_noise': 0.26208512063639555, 'A_repulsion': 0.17787012484931683, 'gamma': 0.4831564060722499, 'sigma_update': 0.3011067219283383, 'eta_learning': 2.0253872853930646, 'sigma_boundary': 8.948327763491042, 'alpha': 0.6135499380583953}. Best is trial 11 with value: 0.07723223503513035.
[I 2026-03-04 05:10:15,287] Trial 75 finished with value: 1.4295351653465627 and parameters: {'sigma_noise': 0.20333136680637787, 'A_repulsion': 0.2798476964507125, 'gamma': 0.6520540466452506, 'sigma_update': 0.3252696322979404, 'eta_learning': 1.524500713025138, 'sigma_boundary': 5.846966533073557, 'alpha': 0.20666333114664076}. Best is trial 11 with value: 0.07723223503513035.
[I 2026-03-04 05:10:28,109] Trial 73 finished with value: 0.09574978545652041 and parameters: {'sigma_noise': 0.3068873233156485, 'A_repulsion': 0.27480242728293053, 'gamma': 0.7335818762911841, 'sigma_update': 0.49494937789931714, 'eta_learning': 0.8306382180411613, 'sigma_boundary': 4.635057406765439, 'alpha': 0.6364961558248394}. Best is trial 11 with value: 0.07723223503513035.
[I 2026-03-04 05:10:47,357] Trial 76 finished with value: 0.13109175116869026 and parameters: {'sigma_noise': 0.22835137334702044, 'A_repulsion': 0.312468680147363, 'gamma': 0.5689853282419635, 'sigma_update': 0.14779857052926332, 'eta_learning': 1.580950321900334, 'sigma_boundary': 9.361992041509453, 'alpha': 0.8583848354750296}. Best is trial 11 with value: 0.07723223503513035.
[I 2026-03-04 05:10:52,115] Trial 77 finished with value: 0.1051870586329862 and parameters: {'sigma_noise': 0.27035520138469415, 'A_repulsion': 0.33764870615082776, 'gamma': 0.6747459990360526, 'sigma_update': 0.4019804583120342, 'eta_learning': 1.1053909153861066, 'sigma_boundary': 8.164220646184376, 'alpha': 0.5901294937253873}. Best is trial 11 with value: 0.07723223503513035.
[I 2026-03-04 05:11:06,219] Trial 79 finished with value: 0.11460753667018597 and parameters: {'sigma_noise': 0.3095262767542848, 'A_repulsion': 0.23530924292676542, 'gamma': 0.652627618215193, 'sigma_update': 0.20144191961582888, 'eta_learning': 1.5502283507790433, 'sigma_boundary': 8.80833400962396, 'alpha': 0.63815426426518}. Best is trial 11 with value: 0.07723223503513035.
[I 2026-03-04 05:11:15,370] Trial 78 finished with value: 0.11378131684770258 and parameters: {'sigma_noise': 0.3308269880267193, 'A_repulsion': 0.33403853085251, 'gamma': 0.6882690229291121, 'sigma_update': 0.318598251858439, 'eta_learning': 1.7723240173219954, 'sigma_boundary': 4.088299614127345, 'alpha': 0.7144442855638542}. Best is trial 11 with value: 0.07723223503513035.
[I 2026-03-04 05:11:22,223] Trial 80 finished with value: 0.12061649355806636 and parameters: {'sigma_noise': 0.22581269502416096, 'A_repulsion': 0.24148915978607177, 'gamma': 0.6417309785791111, 'sigma_update': 0.36655897696283446, 'eta_learning': 1.8038283013413485, 'sigma_boundary': 3.680942366560338, 'alpha': 0.5463149995594933}. Best is trial 11 with value: 0.07723223503513035.
[I 2026-03-04 05:12:04,278] Trial 81 finished with value: 0.18306655260664928 and parameters: {'sigma_noise': 0.3091615877662991, 'A_repulsion': 0.2159727482822404, 'gamma': 0.9234653531559732, 'sigma_update': 0.5738328413617805, 'eta_learning': 2.354616190662677, 'sigma_boundary': 8.162573453153481, 'alpha': 0.49900079850932366}. Best is trial 11 with value: 0.07723223503513035.
[I 2026-03-04 05:12:20,871] Trial 82 finished with value: 0.5863255881395408 and parameters: {'sigma_noise': 0.23180811013264163, 'A_repulsion': 0.2613556990655549, 'gamma': 0.6016514985482448, 'sigma_update': 0.34090843138998683, 'eta_learning': 1.9370456274922954, 'sigma_boundary': 7.56587301274125, 'alpha': 0.34834187665441385}. Best is trial 11 with value: 0.07723223503513035.
