[I 2026-03-04 05:12:32,503] Trial 83 finished with value: 1.2386506546679468 and parameters: {'sigma_noise': 0.27552499741122194, 'A_repulsion': 0.3041805467467319, 'gamma': 0.6390759644588907, 'sigma_update': 0.4336561972739992, 'eta_learning': 2.026218064950862, 'sigma_boundary': 9.776291320830376, 'alpha': 0.3098513364615518}. Best is trial 11 with value: 0.07723223503513035.
[I 2026-03-04 05:12:46,873] Trial 84 finished with value: 0.11672130840734408 and parameters: {'sigma_noise': 0.2364064124566551, 'A_repulsion': 0.2121466078720339, 'gamma': 0.6765058347002869, 'sigma_update': 0.26061793503063224, 'eta_learning': 2.3674837564673936, 'sigma_boundary': 9.470549589073649, 'alpha': 0.8581244695032795}. Best is trial 11 with value: 0.07723223503513035.
[I 2026-03-04 05:13:03,819] Trial 85 finished with value: 1.0158193957559454 and parameters: {'sigma_noise': 0.2132866332605063, 'A_repulsion': 0.2918368446266682, 'gamma': 0.6865618617559697, 'sigma_update': 0.26756473887961074, 'eta_learning': 2.5427695238149037, 'sigma_boundary': 5.975004726577419, 'alpha': 0.29297064317103955}. Best is trial 11 with value: 0.07723223503513035.
[I 2026-03-04 05:13:25,324] Trial 86 finished with value: 0.1472728194832432 and parameters: {'sigma_noise': 0.2556186719050519, 'A_repulsion': 0.28846022490371404, 'gamma': 0.8028748729544928, 'sigma_update': 0.16204188608834946, 'eta_learning': 2.270695229069474, 'sigma_boundary': 9.053387280823152, 'alpha': 0.4711238640256156}. Best is trial 11 with value: 0.07723223503513035.
[I 2026-03-04 05:13:31,208] Trial 87 finished with value: 0.06911704025987131 and parameters: {'sigma_noise': 0.26384871934278925, 'A_repulsion': 0.2151335597890801, 'gamma': 0.7517887940120966, 'sigma_update': 0.33086667315547796, 'eta_learning': 1.4305792225466267, 'sigma_boundary': 8.16423709740285, 'alpha': 0.6709894339765237}. Best is trial 87 with value: 0.06911704025987131.
[I 2026-03-04 05:13:51,973] Trial 92 finished with value: 0.12490615569342103 and parameters: {'sigma_noise': 0.1915640036342509, 'A_repulsion': 0.22231164101090614, 'gamma': 0.8752522910842337, 'sigma_update': 0.20853704260033487, 'eta_learning': 1.3669322687713206, 'sigma_boundary': 5.8667901274872625, 'alpha': 0.5368220786065919}. Best is trial 87 with value: 0.06911704025987131.
[I 2026-03-04 05:14:10,498] Trial 95 finished with value: 0.20092821603729477 and parameters: {'sigma_noise': 0.20738024059244714, 'A_repulsion': 0.14284311808031538, 'gamma': 0.5941458546663549, 'sigma_update': 0.3592468381466138, 'eta_learning': 1.5006983401773104, 'sigma_boundary': 7.409171750558356, 'alpha': 0.44494038447464035}. Best is trial 87 with value: 0.06911704025987131.
[I 2026-03-04 05:14:10,568] Trial 90 finished with value: 0.24127807583937666 and parameters: {'sigma_noise': 0.29134623487712524, 'A_repulsion': 0.15695144456781596, 'gamma': 0.5853857859554438, 'sigma_update': 0.39433321645335584, 'eta_learning': 2.369729187384618, 'sigma_boundary': 5.909122758712007, 'alpha': 0.47491142800406005}. Best is trial 87 with value: 0.06911704025987131.
[I 2026-03-04 05:14:18,876] Trial 89 finished with value: 0.08342984037895393 and parameters: {'sigma_noise': 0.26044776501107464, 'A_repulsion': 0.28459913249946567, 'gamma': 0.8569947408893792, 'sigma_update': 0.30548140486244496, 'eta_learning': 1.8880065695592105, 'sigma_boundary': 7.360999899249643, 'alpha': 0.5795805755997302}. Best is trial 87 with value: 0.06911704025987131.
[I 2026-03-04 05:14:26,801] Trial 88 finished with value: 0.09136428069921937 and parameters: {'sigma_noise': 0.30553243447636763, 'A_repulsion': 0.3413897850220593, 'gamma': 0.6924410341471887, 'sigma_update': 0.2714416180837279, 'eta_learning': 2.591459502242628, 'sigma_boundary': 6.784893892409604, 'alpha': 0.5946482982144228}. Best is trial 87 with value: 0.06911704025987131.
[I 2026-03-04 05:14:33,340] Trial 94 finished with value: 0.34335687471999043 and parameters: {'sigma_noise': 0.22441442499502623, 'A_repulsion': 0.21577708119977226, 'gamma': 0.5722857040349625, 'sigma_update': 0.305080893218557, 'eta_learning': 1.4483841164069466, 'sigma_boundary': 7.568024612004236, 'alpha': 0.3765535092891752}. Best is trial 87 with value: 0.06911704025987131.
[I 2026-03-04 05:14:35,034] Trial 91 finished with value: 0.2371572296063654 and parameters: {'sigma_noise': 0.19285923942564148, 'A_repulsion': 0.3769027289303382, 'gamma': 0.6720937228139252, 'sigma_update': 0.3171033322256233, 'eta_learning': 2.250065904771706, 'sigma_boundary': 8.621991462138558, 'alpha': 0.4156192644146395}. Best is trial 87 with value: 0.06911704025987131.
[I 2026-03-04 05:14:46,121] Trial 93 finished with value: 0.12305478478498494 and parameters: {'sigma_noise': 0.2200667055278565, 'A_repulsion': 0.3928294979714363, 'gamma': 0.5904905470457802, 'sigma_update': 0.20405218156240781, 'eta_learning': 1.9445974437863935, 'sigma_boundary': 6.105969454716642, 'alpha': 0.7061203379553332}. Best is trial 87 with value: 0.06911704025987131.
[I 2026-03-04 05:14:58,368] Trial 96 finished with value: 0.12423512539278211 and parameters: {'sigma_noise': 0.20204041551901625, 'A_repulsion': 0.24087735674215552, 'gamma': 0.7498671514731723, 'sigma_update': 0.2592662766957909, 'eta_learning': 1.8569883453792815, 'sigma_boundary': 6.382674933073241, 'alpha': 0.8275671658727952}. Best is trial 87 with value: 0.06911704025987131.
[I 2026-03-04 05:15:05,572] Trial 97 finished with value: 0.11633230125515041 and parameters: {'sigma_noise': 0.24695090391191987, 'A_repulsion': 0.16692479606712773, 'gamma': 0.9557352994906467, 'sigma_update': 0.13156840419407875, 'eta_learning': 1.3649424681919278, 'sigma_boundary': 8.141388366845911, 'alpha': 0.6930487120886478}. Best is trial 87 with value: 0.06911704025987131.
[I 2026-03-04 05:15:31,476] Trial 100 finished with value: 0.1122843700938272 and parameters: {'sigma_noise': 0.1761582220412487, 'A_repulsion': 0.3378030120763334, 'gamma': 0.9123429497476311, 'sigma_update': 0.31525187524834536, 'eta_learning': 2.0852163980939533, 'sigma_boundary': 8.50758317578246, 'alpha': 0.5261059025184028}. Best is trial 87 with value: 0.06911704025987131.
[I 2026-03-04 05:15:48,034] Trial 98 finished with value: 0.1579515986510321 and parameters: {'sigma_noise': 0.29941457654777787, 'A_repulsion': 0.32136487505229633, 'gamma': 0.7874065413304194, 'sigma_update': 0.2952250485125731, 'eta_learning': 2.5622048544167657, 'sigma_boundary': 6.477271089672326, 'alpha': 0.47815222128042356}. Best is trial 87 with value: 0.06911704025987131.
[I 2026-03-04 05:16:05,272] Trial 99 finished with value: 0.22117146447740682 and parameters: {'sigma_noise': 0.28640970599783727, 'A_repulsion': 0.39124098311256394, 'gamma': 0.5222123248727163, 'sigma_update': 0.32265062258249855, 'eta_learning': 1.38064620875869, 'sigma_boundary': 7.927989269385691, 'alpha': 0.4581564546984236}. Best is trial 87 with value: 0.06911704025987131.
[I 2026-03-04 05:16:12,142] Trial 102 finished with value: 0.14910453394940104 and parameters: {'sigma_noise': 0.132723682038958, 'A_repulsion': 0.301938842637371, 'gamma': 0.6454313421322545, 'sigma_update': 0.21579876982568172, 'eta_learning': 1.942714181774499, 'sigma_boundary': 6.405455814459577, 'alpha': 0.718349040839457}. Best is trial 87 with value: 0.06911704025987131.
[I 2026-03-04 05:16:25,494] Trial 103 finished with value: 0.10400680714002186 and parameters: {'sigma_noise': 0.1688987214527387, 'A_repulsion': 0.24244933726092663, 'gamma': 0.625321048556677, 'sigma_update': 0.3107989099357896, 'eta_learning': 1.1457567563188351, 'sigma_boundary': 8.297900527801344, 'alpha': 0.6795283862211159}. Best is trial 87 with value: 0.06911704025987131.
[I 2026-03-04 05:16:41,750] Trial 101 finished with value: 0.18461906037819795 and parameters: {'sigma_noise': 0.2415077394306137, 'A_repulsion': 0.26319157394431847, 'gamma': 0.8922230230659771, 'sigma_update': 0.13410103887506714, 'eta_learning': 1.1576135514048234, 'sigma_boundary': 8.584645390033993, 'alpha': 0.41711649295934394}. Best is trial 87 with value: 0.06911704025987131.
[I 2026-03-04 05:17:36,451] Trial 104 finished with value: 0.27779183928954493 and parameters: {'sigma_noise': 0.3472224687284326, 'A_repulsion': 0.35143340934779294, 'gamma': 0.7887673460249969, 'sigma_update': 0.16693488204158172, 'eta_learning': 1.3789029252728002, 'sigma_boundary': 8.411628286470675, 'alpha': 0.4758051402612392}. Best is trial 87 with value: 0.06911704025987131.
[I 2026-03-04 05:18:00,610] Trial 105 finished with value: 0.11538141468340846 and parameters: {'sigma_noise': 0.4133664597205704, 'A_repulsion': 0.4328250245880094, 'gamma': 0.8279292195110877, 'sigma_update': 0.3584070185039681, 'eta_learning': 1.5941006664105868, 'sigma_boundary': 5.3585874355894, 'alpha': 0.8148008323516007}. Best is trial 87 with value: 0.06911704025987131.
[I 2026-03-04 05:18:09,605] Trial 107 finished with value: 0.2663437056692365 and parameters: {'sigma_noise': 0.3045532194946361, 'A_repulsion': 0.3661961433805519, 'gamma': 0.5433865217685118, 'sigma_update': 0.3063458557003213, 'eta_learning': 1.4948759544543337, 'sigma_boundary': 5.57714579260835, 'alpha': 0.4358361513141377}. Best is trial 87 with value: 0.06911704025987131.
[I 2026-03-04 05:18:15,357] Trial 106 finished with value: 0.10318637661720392 and parameters: {'sigma_noise': 0.4038754242506018, 'A_repulsion': 0.28102309761718197, 'gamma': 0.7719042018700961, 'sigma_update': 0.27713838384354184, 'eta_learning': 1.47452118342412, 'sigma_boundary': 9.626689134252262, 'alpha': 0.6837798523709323}. Best is trial 87 with value: 0.06911704025987131.
[I 2026-03-04 05:18:41,211] Trial 110 finished with value: 1.0784755772737808 and parameters: {'sigma_noise': 0.3399724287016997, 'A_repulsion': 0.14517660306675517, 'gamma': 0.9521842304854715, 'sigma_update': 0.3435570315255076, 'eta_learning': 1.6850996230907582, 'sigma_boundary': 5.713205313825176, 'alpha': 0.2770466975292985}. Best is trial 87 with value: 0.06911704025987131.
[I 2026-03-04 05:18:44,469] Trial 113 finished with value: 0.10833930401669023 and parameters: {'sigma_noise': 0.22811521773793547, 'A_repulsion': 0.25982656972996887, 'gamma': 0.8833429283207117, 'sigma_update': 0.30229064425997104, 'eta_learning': 1.315825160001094, 'sigma_boundary': 8.830184813149863, 'alpha': 0.5520706919631133}. Best is trial 87 with value: 0.06911704025987131.
[I 2026-03-04 05:18:47,505] Trial 109 finished with value: 0.11462828657194968 and parameters: {'sigma_noise': 0.2844377075244784, 'A_repulsion': 0.33664250130298395, 'gamma': 0.7072437530712815, 'sigma_update': 0.475278353193085, 'eta_learning': 2.3251982826482873, 'sigma_boundary': 8.419633369728777, 'alpha': 0.6471039465643051}. Best is trial 87 with value: 0.06911704025987131.
[I 2026-03-04 05:18:51,575] Trial 108 finished with value: 0.11573981380831899 and parameters: {'sigma_noise': 0.3476660118524177, 'A_repulsion': 0.37259596477075585, 'gamma': 0.8410613982910972, 'sigma_update': 0.36840101391600494, 'eta_learning': 1.3252558018912268, 'sigma_boundary': 4.587241465769637, 'alpha': 0.8415874464443158}. Best is trial 87 with value: 0.06911704025987131.
[I 2026-03-04 05:18:54,470] Trial 115 finished with value: 0.11471665483051718 and parameters: {'sigma_noise': 0.20115948316623083, 'A_repulsion': 0.2848707346488135, 'gamma': 0.6463165962914964, 'sigma_update': 0.31860302674081425, 'eta_learning': 2.1399424107484744, 'sigma_boundary': 8.114944659070716, 'alpha': 0.508485872226377}. Best is trial 87 with value: 0.06911704025987131.
[I 2026-03-04 05:19:02,210] Trial 112 finished with value: 0.27876610302348664 and parameters: {'sigma_noise': 0.2943398411361467, 'A_repulsion': 0.2818235871353761, 'gamma': 0.6347531509724887, 'sigma_update': 0.304519483569757, 'eta_learning': 1.5076403396491704, 'sigma_boundary': 7.386035448287942, 'alpha': 0.42976135478320676}. Best is trial 87 with value: 0.06911704025987131.
[I 2026-03-04 05:19:06,313] Trial 111 finished with value: 0.10144389904878909 and parameters: {'sigma_noise': 0.26859828526619717, 'A_repulsion': 0.46776703706003286, 'gamma': 0.6525606798904442, 'sigma_update': 0.3759998235081613, 'eta_learning': 1.1146863081313874, 'sigma_boundary': 7.0275010284111135, 'alpha': 0.7421057724365365}. Best is trial 87 with value: 0.06911704025987131.
[I 2026-03-04 05:19:09,235] Trial 114 finished with value: 0.09505626918982506 and parameters: {'sigma_noise': 0.26401994777877136, 'A_repulsion': 0.25805049146245373, 'gamma': 0.8720493347113284, 'sigma_update': 0.29994482149525636, 'eta_learning': 1.376631379722528, 'sigma_boundary': 8.899980973962004, 'alpha': 0.4657524628633709}. Best is trial 87 with value: 0.06911704025987131.
[I 2026-03-04 05:19:34,333] Trial 116 finished with value: 0.1619593519681891 and parameters: {'sigma_noise': 0.3404822701931983, 'A_repulsion': 0.2603709544265384, 'gamma': 0.40759331995559467, 'sigma_update': 0.42641737623731996, 'eta_learning': 1.4965197613546029, 'sigma_boundary': 6.559441933156401, 'alpha': 0.7806949835454834}. Best is trial 87 with value: 0.06911704025987131.
[I 2026-03-04 05:19:39,880] Trial 117 finished with value: 0.13027506688128498 and parameters: {'sigma_noise': 0.3192625871867293, 'A_repulsion': 0.28926751029214065, 'gamma': 0.631497487202485, 'sigma_update': 0.338732993492505, 'eta_learning': 1.859397443118935, 'sigma_boundary': 5.386379118188313, 'alpha': 0.5762778066742793}. Best is trial 87 with value: 0.06911704025987131.
[I 2026-03-04 05:19:57,369] Trial 119 finished with value: 0.09202959209659908 and parameters: {'sigma_noise': 0.23652943097357082, 'A_repulsion': 0.2102035451155286, 'gamma': 0.5818370938049662, 'sigma_update': 0.32175431132752563, 'eta_learning': 1.4515934424092753, 'sigma_boundary': 7.149758297275185, 'alpha': 0.6004410757965432}. Best is trial 87 with value: 0.06911704025987131.
[I 2026-03-04 05:20:05,302] Trial 118 finished with value: 0.08642499347136408 and parameters: {'sigma_noise': 0.2795036818717219, 'A_repulsion': 0.24839994700235468, 'gamma': 0.6998222345740491, 'sigma_update': 0.30967569658052985, 'eta_learning': 1.4577800461685058, 'sigma_boundary': 6.555991176068414, 'alpha': 0.7459510440662157}. Best is trial 87 with value: 0.06911704025987131.
[I 2026-03-04 05:20:39,925] Trial 122 finished with value: 0.10155043732745393 and parameters: {'sigma_noise': 0.2832515309044733, 'A_repulsion': 0.1938292357863977, 'gamma': 0.9089573783848122, 'sigma_update': 0.2737153021106404, 'eta_learning': 1.6400165200832184, 'sigma_boundary': 7.529490108368922, 'alpha': 0.687223916629972}. Best is trial 87 with value: 0.06911704025987131.
[I 2026-03-04 05:20:49,467] Trial 121 finished with value: 0.16001685918559638 and parameters: {'sigma_noise': 0.28418694077467793, 'A_repulsion': 0.386047016223241, 'gamma': 0.6746790202702994, 'sigma_update': 0.49066766564802555, 'eta_learning': 1.6375803962257096, 'sigma_boundary': 7.209105903027006, 'alpha': 0.547923355852396}. Best is trial 87 with value: 0.06911704025987131.
[I 2026-03-04 05:20:58,942] Trial 120 finished with value: 0.09729349955667309 and parameters: {'sigma_noise': 0.37249092270558565, 'A_repulsion': 0.38582592741774285, 'gamma': 0.944026414108567, 'sigma_update': 0.48794513065265643, 'eta_learning': 0.6271470879813532, 'sigma_boundary': 6.778050190198371, 'alpha': 0.7359432943383957}. Best is trial 87 with value: 0.06911704025987131.
[I 2026-03-04 05:20:59,743] Trial 123 finished with value: 0.08796289990002584 and parameters: {'sigma_noise': 0.2188714294821456, 'A_repulsion': 0.28173164685383384, 'gamma': 0.6264800524892906, 'sigma_update': 0.3762763598166042, 'eta_learning': 1.8904163448942644, 'sigma_boundary': 5.196448311185028, 'alpha': 0.6136813761295818}. Best is trial 87 with value: 0.06911704025987131.
[I 2026-03-04 05:22:19,619] Trial 124 finished with value: 0.1856403216000989 and parameters: {'sigma_noise': 0.3535418427790668, 'A_repulsion': 0.34255078758604035, 'gamma': 0.5711003421549823, 'sigma_update': 0.36537810540396204, 'eta_learning': 1.4135842903767697, 'sigma_boundary': 6.835759793211882, 'alpha': 0.5954528049770668}. Best is trial 87 with value: 0.06911704025987131.
[I 2026-03-04 05:22:26,288] Trial 127 finished with value: 0.15535624910501022 and parameters: {'sigma_noise': 0.2190398253982072, 'A_repulsion': 0.30745729898609686, 'gamma': 0.5187023129640882, 'sigma_update': 0.38604317359884877, 'eta_learning': 1.1837503132123472, 'sigma_boundary': 5.9014072825601, 'alpha': 0.5444511832477233}. Best is trial 87 with value: 0.06911704025987131.
[I 2026-03-04 05:22:38,714] Trial 126 finished with value: 0.128007849892882 and parameters: {'sigma_noise': 0.35976696326278795, 'A_repulsion': 0.1998968321627284, 'gamma': 0.6253426751566533, 'sigma_update': 0.16288731088558328, 'eta_learning': 2.2501112035445336, 'sigma_boundary': 7.455563322391273, 'alpha': 0.6720837490506407}. Best is trial 87 with value: 0.06911704025987131.
[I 2026-03-04 05:22:46,430] Trial 125 finished with value: 0.2172085133907567 and parameters: {'sigma_noise': 0.40087353894716465, 'A_repulsion': 0.27631460060747204, 'gamma': 0.6468447468087286, 'sigma_update': 0.4179448472393244, 'eta_learning': 1.2177943636225952, 'sigma_boundary': 6.956506214480807, 'alpha': 0.5963639348569013}. Best is trial 87 with value: 0.06911704025987131.
[I 2026-03-04 05:23:00,112] Trial 132 finished with value: 0.09714982209042294 and parameters: {'sigma_noise': 0.33841815602034087, 'A_repulsion': 0.13057517713362204, 'gamma': 0.7451737372998158, 'sigma_update': 0.34610757370945006, 'eta_learning': 2.3291927935697014, 'sigma_boundary': 9.943532466630485, 'alpha': 0.5980988408398122}. Best is trial 87 with value: 0.06911704025987131.
[I 2026-03-04 05:23:07,348] Trial 131 finished with value: 0.08528939002366794 and parameters: {'sigma_noise': 0.2744436013016666, 'A_repulsion': 0.24769699261181827, 'gamma': 0.699584639140217, 'sigma_update': 0.4148906328578969, 'eta_learning': 0.6310928228487358, 'sigma_boundary': 5.804111477706356, 'alpha': 0.7367070955326428}. Best is trial 87 with value: 0.06911704025987131.
[I 2026-03-04 05:23:16,517] Trial 130 finished with value: 0.09876048420704453 and parameters: {'sigma_noise': 0.2835747760333458, 'A_repulsion': 0.37871377260707884, 'gamma': 0.5262277999659012, 'sigma_update': 0.39869464178016717, 'eta_learning': 1.9008671307169054, 'sigma_boundary': 5.064133392226848, 'alpha': 0.820067343358134}. Best is trial 87 with value: 0.06911704025987131.
[I 2026-03-04 05:23:20,137] Trial 128 finished with value: 0.15314930909283428 and parameters: {'sigma_noise': 0.4244134410755622, 'A_repulsion': 0.23437005957260004, 'gamma': 0.6316862606790181, 'sigma_update': 0.3089143840315701, 'eta_learning': 1.0008535110056203, 'sigma_boundary': 6.576810511993559, 'alpha': 0.6515023887950558}. Best is trial 87 with value: 0.06911704025987131.
[I 2026-03-04 05:23:30,267] Trial 129 finished with value: 0.18132692831922193 and parameters: {'sigma_noise': 0.36474825995096066, 'A_repulsion': 0.3325904370903826, 'gamma': 0.6096555603937239, 'sigma_update': 0.27552868745809367, 'eta_learning': 1.3691042839560972, 'sigma_boundary': 7.499238093152683, 'alpha': 0.5368803481757439}. Best is trial 87 with value: 0.06911704025987131.
[I 2026-03-04 05:23:37,082] Trial 135 finished with value: 0.12281084442933003 and parameters: {'sigma_noise': 0.2894661160739819, 'A_repulsion': 0.3588819584348172, 'gamma': 0.8399239968415397, 'sigma_update': 0.44306534392262087, 'eta_learning': 1.676409892278336, 'sigma_boundary': 6.156988157152636, 'alpha': 0.8300017619379959}. Best is trial 87 with value: 0.06911704025987131.
[I 2026-03-04 05:23:42,575] Trial 133 finished with value: 0.10289634328667033 and parameters: {'sigma_noise': 0.31698439192821504, 'A_repulsion': 0.40936314381383476, 'gamma': 0.7346746768713799, 'sigma_update': 0.2526224599363541, 'eta_learning': 1.3422646726716125, 'sigma_boundary': 8.798956102468926, 'alpha': 0.5947372336677815}. Best is trial 87 with value: 0.06911704025987131.
[I 2026-03-04 05:23:45,133] Trial 134 finished with value: 0.0802232239566568 and parameters: {'sigma_noise': 0.3275998627198532, 'A_repulsion': 0.4306573129621622, 'gamma': 0.8213648314848643, 'sigma_update': 0.43645615334739724, 'eta_learning': 1.4595545205863107, 'sigma_boundary': 8.223986000059602, 'alpha': 0.7462832926504173}. Best is trial 87 with value: 0.06911704025987131.
[I 2026-03-04 05:23:59,245] Trial 136 finished with value: 0.08897181483529254 and parameters: {'sigma_noise': 0.3086829116103208, 'A_repulsion': 0.2683742603211786, 'gamma': 0.859062828060706, 'sigma_update': 0.5559679245597305, 'eta_learning': 1.9913192490887215, 'sigma_boundary': 8.121487147515213, 'alpha': 0.625796874338413}. Best is trial 87 with value: 0.06911704025987131.
[I 2026-03-04 05:24:18,678] Trial 137 finished with value: 0.12777723405495794 and parameters: {'sigma_noise': 0.38331150840129496, 'A_repulsion': 0.2818062639483287, 'gamma': 0.44566185177803497, 'sigma_update': 0.3214940501908661, 'eta_learning': 1.443341157566718, 'sigma_boundary': 8.031908274882282, 'alpha': 0.6750985484613761}. Best is trial 87 with value: 0.06911704025987131.
[I 2026-03-04 05:24:38,097] Trial 138 finished with value: 0.1812123326904183 and parameters: {'sigma_noise': 0.33707721219624265, 'A_repulsion': 0.43116919490706096, 'gamma': 0.5711912487584649, 'sigma_update': 0.4464095003145785, 'eta_learning': 2.0511133675967717, 'sigma_boundary': 6.938789931210438, 'alpha': 0.6359471983311319}. Best is trial 87 with value: 0.06911704025987131.
[I 2026-03-04 05:24:39,044] Trial 139 finished with value: 0.08089436113970577 and parameters: {'sigma_noise': 0.31068637482773925, 'A_repulsion': 0.38486574676377755, 'gamma': 0.8266083737852316, 'sigma_update': 0.3460185646619978, 'eta_learning': 1.8348425592890023, 'sigma_boundary': 9.357033197515923, 'alpha': 0.66790083661164}. Best is trial 87 with value: 0.06911704025987131.
