[I 2026-03-04 05:36:40,814] Trial 195 finished with value: 0.12154718714552329 and parameters: {'sigma_noise': 0.3924954213351448, 'A_repulsion': 0.3517262771457493, 'gamma': 0.9621388267083947, 'sigma_update': 0.463173129352233, 'eta_learning': 2.0765410742282366, 'sigma_boundary': 9.37984716424743, 'alpha': 0.8350441963010298}. Best is trial 87 with value: 0.06911704025987131.
[I 2026-03-04 05:36:41,278] Trial 196 finished with value: 0.07457376768946827 and parameters: {'sigma_noise': 0.28192717709060977, 'A_repulsion': 0.36572825399080716, 'gamma': 0.851105025997111, 'sigma_update': 0.4500608493916158, 'eta_learning': 2.24874222350457, 'sigma_boundary': 8.92804412349008, 'alpha': 0.628794230133878}. Best is trial 87 with value: 0.06911704025987131.
[I 2026-03-04 05:36:42,840] Trial 199 finished with value: 0.14930630416857313 and parameters: {'sigma_noise': 0.40088582992878236, 'A_repulsion': 0.21328575128521732, 'gamma': 0.6289007525067118, 'sigma_update': 0.42927692175291543, 'eta_learning': 1.555259924474778, 'sigma_boundary': 9.278085167239539, 'alpha': 0.8256111576230964}. Best is trial 87 with value: 0.06911704025987131.
