/nfs/nhome/live/apourdehghan/Hybrid_hpc_utils.py:56: DtypeWarning: Columns (16) have mixed types. Specify dtype option on import or set low_memory=False.
  data = pd.read_csv(data_path)
[I 2026-03-19 02:23:09,744] A new study created in memory with name: no-name-b362a405-2f6b-4e4b-8e75-698b9a7891cb
[I 2026-03-19 02:27:38,212] Trial 30 finished with value: 0.08048514802777317 and parameters: {'sigma_noise': 0.08138684982148928, 'A_repulsion': 0.05973920028243651, 'gamma': 0.9932567067263588, 'sigma_update': 0.13435956999539064, 'eta_learning': 0.038341289026293926, 'sigma_boundary': 4.591483868393535, 'alpha': 0.507889097762319}. Best is trial 30 with value: 0.08048514802777317.
[I 2026-03-19 02:28:05,984] Trial 18 finished with value: 0.03621243176325267 and parameters: {'sigma_noise': 0.11478054881301009, 'A_repulsion': 0.10416831115432446, 'gamma': 0.04176675190977011, 'sigma_update': 0.06108316674763279, 'eta_learning': 1.975940510825633, 'sigma_boundary': 7.005405196992354, 'alpha': 0.4570777255707119}. Best is trial 18 with value: 0.03621243176325267.
[I 2026-03-19 02:28:08,030] Trial 26 finished with value: 0.07835594642309338 and parameters: {'sigma_noise': 0.0797286092337477, 'A_repulsion': 0.18330079453728854, 'gamma': 0.5862685683229935, 'sigma_update': 0.5882250577524837, 'eta_learning': 0.904816389450754, 'sigma_boundary': 6.941651458443173, 'alpha': 0.27860848821168027}. Best is trial 18 with value: 0.03621243176325267.
[I 2026-03-19 02:28:08,361] Trial 15 finished with value: 0.020230664324773107 and parameters: {'sigma_noise': 0.17842764180756404, 'A_repulsion': 0.00048312177585951854, 'gamma': 0.26835934696150854, 'sigma_update': 0.5393327180010314, 'eta_learning': 2.2774087371505223, 'sigma_boundary': 6.612928755376953, 'alpha': 0.9732614888261522}. Best is trial 15 with value: 0.020230664324773107.
[I 2026-03-19 02:28:11,822] Trial 35 finished with value: 0.23615302586746678 and parameters: {'sigma_noise': 0.054281237649931535, 'A_repulsion': 0.26151225501989184, 'gamma': 0.06041414711204095, 'sigma_update': 0.38955229951621406, 'eta_learning': 1.7812431465105152, 'sigma_boundary': 6.116248750614026, 'alpha': 0.03940695299588026}. Best is trial 15 with value: 0.020230664324773107.
[I 2026-03-19 02:28:12,039] Trial 14 finished with value: 0.07146851368540694 and parameters: {'sigma_noise': 0.06910084653717488, 'A_repulsion': 0.26069931377232247, 'gamma': 0.7831945655435684, 'sigma_update': 0.6363913338284115, 'eta_learning': 2.202343267287363, 'sigma_boundary': 9.77925900928161, 'alpha': 0.9591077062233512}. Best is trial 15 with value: 0.020230664324773107.
[I 2026-03-19 02:28:20,438] Trial 1 finished with value: 0.019500615734768828 and parameters: {'sigma_noise': 0.17969705231510397, 'A_repulsion': 0.023641912780037633, 'gamma': 0.7576994759714638, 'sigma_update': 0.3436853263716516, 'eta_learning': 1.775709456708821, 'sigma_boundary': 1.0105627808240776, 'alpha': 0.49793254244153085}. Best is trial 1 with value: 0.019500615734768828.
[I 2026-03-19 02:28:29,099] Trial 5 finished with value: 0.01204694959933054 and parameters: {'sigma_noise': 0.20577717939143225, 'A_repulsion': 0.015192465720205939, 'gamma': 0.5721189750626298, 'sigma_update': 0.2170337422850533, 'eta_learning': 0.0958633483644908, 'sigma_boundary': 1.4853358030585193, 'alpha': 0.039025072945313655}. Best is trial 5 with value: 0.01204694959933054.
[I 2026-03-19 02:28:40,686] Trial 0 finished with value: 0.016144867453637978 and parameters: {'sigma_noise': 0.23802168983303817, 'A_repulsion': 0.021950086658760692, 'gamma': 0.7897282169364971, 'sigma_update': 0.4160027779416159, 'eta_learning': 2.850423485711359, 'sigma_boundary': 4.7303418332549, 'alpha': 0.563619338684128}. Best is trial 5 with value: 0.01204694959933054.
[I 2026-03-19 02:28:49,384] Trial 13 finished with value: 0.024569484939660994 and parameters: {'sigma_noise': 0.13209509447343326, 'A_repulsion': 0.18472123013387287, 'gamma': 0.8851631598356979, 'sigma_update': 0.03983704888071028, 'eta_learning': 1.5143350282528734, 'sigma_boundary': 3.859267905737923, 'alpha': 0.7405343482334706}. Best is trial 5 with value: 0.01204694959933054.
[I 2026-03-19 02:28:52,509] Trial 31 finished with value: 0.029217465662160047 and parameters: {'sigma_noise': 0.14594768391359972, 'A_repulsion': 0.20185716864999892, 'gamma': 0.5577670496666656, 'sigma_update': 0.47725391096798425, 'eta_learning': 0.811225527261991, 'sigma_boundary': 7.550172455356424, 'alpha': 0.580726663086297}. Best is trial 5 with value: 0.01204694959933054.
[I 2026-03-19 02:29:21,827] Trial 6 finished with value: 0.022440129081799577 and parameters: {'sigma_noise': 0.1439184951194089, 'A_repulsion': 0.3224962259259937, 'gamma': 0.6101891864427657, 'sigma_update': 0.3293329542704638, 'eta_learning': 0.09500520734018796, 'sigma_boundary': 6.709098122886749, 'alpha': 0.2400219766990812}. Best is trial 5 with value: 0.01204694959933054.
[I 2026-03-19 02:29:31,557] Trial 12 finished with value: 0.5019049356663761 and parameters: {'sigma_noise': 0.19185009559312277, 'A_repulsion': 0.24721316674628901, 'gamma': 0.42050992287988176, 'sigma_update': 0.5554610110521898, 'eta_learning': 1.3989345987795472, 'sigma_boundary': 9.159055962348509, 'alpha': 0.07256285818639163}. Best is trial 5 with value: 0.01204694959933054.
[I 2026-03-19 02:29:32,222] Trial 20 finished with value: 0.07252558264220306 and parameters: {'sigma_noise': 0.3124478959903533, 'A_repulsion': 0.02157910570405991, 'gamma': 0.29065575613097544, 'sigma_update': 0.4025830887922196, 'eta_learning': 2.292455254472981, 'sigma_boundary': 1.3625679921047775, 'alpha': 0.3965299075751434}. Best is trial 5 with value: 0.01204694959933054.
[I 2026-03-19 02:29:40,893] Trial 10 finished with value: 0.1599796390264085 and parameters: {'sigma_noise': 0.11913840628595174, 'A_repulsion': 0.3977834733755836, 'gamma': 0.6593873162625237, 'sigma_update': 0.017854473291547983, 'eta_learning': 1.726371320141595, 'sigma_boundary': 1.2353740332523029, 'alpha': 0.8384183544883262}. Best is trial 5 with value: 0.01204694959933054.
[I 2026-03-19 02:29:51,499] Trial 8 finished with value: 0.00987411723456271 and parameters: {'sigma_noise': 0.3795765786977931, 'A_repulsion': 0.03508663191627759, 'gamma': 0.8889510947190624, 'sigma_update': 0.26972247364915874, 'eta_learning': 0.3487643665836878, 'sigma_boundary': 0.7615911644607126, 'alpha': 0.5912214497384695}. Best is trial 8 with value: 0.00987411723456271.
[I 2026-03-19 02:30:03,654] Trial 36 finished with value: 0.34182278767828805 and parameters: {'sigma_noise': 0.18289209398337064, 'A_repulsion': 0.3002558651729796, 'gamma': 0.9137827951256381, 'sigma_update': 0.3684293873703911, 'eta_learning': 2.9782331849946995, 'sigma_boundary': 5.144551475702084, 'alpha': 0.22690977518854605}. Best is trial 8 with value: 0.00987411723456271.
[I 2026-03-19 02:30:06,054] Trial 39 finished with value: 0.12690274474854207 and parameters: {'sigma_noise': 0.3655378794054638, 'A_repulsion': 0.03993095031934646, 'gamma': 0.6929066347551074, 'sigma_update': 0.24889277843963223, 'eta_learning': 2.9839229498927673, 'sigma_boundary': 8.151896517047344, 'alpha': 0.371973972346057}. Best is trial 8 with value: 0.00987411723456271.
[I 2026-03-19 02:30:18,824] Trial 3 finished with value: 0.04470068131000728 and parameters: {'sigma_noise': 0.36756042222238355, 'A_repulsion': 0.06241275777769195, 'gamma': 0.4647114809577448, 'sigma_update': 0.678477889442486, 'eta_learning': 0.1570764602770269, 'sigma_boundary': 1.433409349157319, 'alpha': 0.7661189680864368}. Best is trial 8 with value: 0.00987411723456271.
[I 2026-03-19 02:30:20,392] Trial 34 finished with value: 0.32369711736315887 and parameters: {'sigma_noise': 0.33820973734244386, 'A_repulsion': 0.05626125842262425, 'gamma': 0.6874590973507404, 'sigma_update': 0.65511632100716, 'eta_learning': 0.46028695846958967, 'sigma_boundary': 5.8976482977502, 'alpha': 0.1869803635824021}. Best is trial 8 with value: 0.00987411723456271.
[I 2026-03-19 02:30:23,432] Trial 7 finished with value: 0.04535360913802369 and parameters: {'sigma_noise': 0.44763802997377894, 'A_repulsion': 0.016591283111334343, 'gamma': 0.7366883041854327, 'sigma_update': 0.1432586890410029, 'eta_learning': 1.5378907503920418, 'sigma_boundary': 3.3317743688629946, 'alpha': 0.8851635905173433}. Best is trial 8 with value: 0.00987411723456271.
[I 2026-03-19 02:30:25,342] Trial 22 finished with value: 0.24464647077528123 and parameters: {'sigma_noise': 0.3439951703832604, 'A_repulsion': 0.08799400251845951, 'gamma': 0.4459419341842512, 'sigma_update': 0.6006634523668333, 'eta_learning': 1.0875350813637885, 'sigma_boundary': 9.18683803748308, 'alpha': 0.36825191227446075}. Best is trial 8 with value: 0.00987411723456271.
[I 2026-03-19 02:30:30,223] Trial 4 finished with value: 0.028360610691434085 and parameters: {'sigma_noise': 0.2175692598249554, 'A_repulsion': 0.3266199886654034, 'gamma': 0.6007964934526623, 'sigma_update': 0.6228364397163796, 'eta_learning': 2.76925499690143, 'sigma_boundary': 1.244650402462216, 'alpha': 0.6231687261136685}. Best is trial 8 with value: 0.00987411723456271.
[I 2026-03-19 02:30:32,919] Trial 11 finished with value: 0.23333677389936902 and parameters: {'sigma_noise': 0.35460960430318206, 'A_repulsion': 0.11810685851057362, 'gamma': 0.4768567100125513, 'sigma_update': 0.24718867140894116, 'eta_learning': 0.7141832215328228, 'sigma_boundary': 3.7445666226931515, 'alpha': 0.3000030214028837}. Best is trial 8 with value: 0.00987411723456271.
[I 2026-03-19 02:30:33,870] Trial 32 finished with value: 0.5346288476914554 and parameters: {'sigma_noise': 0.19679937822750843, 'A_repulsion': 0.36754851389008364, 'gamma': 0.9055656535700601, 'sigma_update': 0.4035065725042405, 'eta_learning': 2.8066944839257246, 'sigma_boundary': 6.341499567520244, 'alpha': 0.08144273549585179}. Best is trial 8 with value: 0.00987411723456271.
[I 2026-03-19 02:30:45,237] Trial 23 finished with value: 0.528567956812481 and parameters: {'sigma_noise': 0.433039546164896, 'A_repulsion': 0.06471269505543165, 'gamma': 0.8420120665074106, 'sigma_update': 0.4316793251829648, 'eta_learning': 2.0285253842761515, 'sigma_boundary': 8.737169994456819, 'alpha': 0.07089586492937372}. Best is trial 8 with value: 0.00987411723456271.
[I 2026-03-19 02:30:47,175] Trial 28 finished with value: 0.04510992577787833 and parameters: {'sigma_noise': 0.3798895869043519, 'A_repulsion': 0.09764447149066158, 'gamma': 0.11432243193805736, 'sigma_update': 0.496964614799609, 'eta_learning': 0.40061987782051506, 'sigma_boundary': 8.052055157529301, 'alpha': 0.718810372019548}. Best is trial 8 with value: 0.00987411723456271.
[I 2026-03-19 02:30:49,463] Trial 37 finished with value: 0.0311327252840516 and parameters: {'sigma_noise': 0.17987000542298692, 'A_repulsion': 0.4671019867626597, 'gamma': 0.850366478638283, 'sigma_update': 0.6095764446999484, 'eta_learning': 1.4415054916118906, 'sigma_boundary': 3.725626470999035, 'alpha': 0.7878875353192609}. Best is trial 8 with value: 0.00987411723456271.
[I 2026-03-19 02:31:29,724] Trial 29 finished with value: 0.06348332471110436 and parameters: {'sigma_noise': 0.20337399475897588, 'A_repulsion': 0.47272664026145467, 'gamma': 0.8036519670965094, 'sigma_update': 0.11565833809845055, 'eta_learning': 0.669565454403458, 'sigma_boundary': 8.467750138405723, 'alpha': 0.9393253710808577}. Best is trial 8 with value: 0.00987411723456271.
[I 2026-03-19 02:31:39,191] Trial 19 finished with value: 0.02566645722314692 and parameters: {'sigma_noise': 0.3996993704487143, 'A_repulsion': 0.17236876580913185, 'gamma': 0.30236655226758463, 'sigma_update': 0.23455623297342237, 'eta_learning': 2.1501200697694607, 'sigma_boundary': 1.262504234411353, 'alpha': 0.5557336120295462}. Best is trial 8 with value: 0.00987411723456271.
[I 2026-03-19 02:32:13,101] Trial 2 finished with value: 0.1587643476831022 and parameters: {'sigma_noise': 0.40826488553561774, 'A_repulsion': 0.22599360023978277, 'gamma': 0.2653626901354621, 'sigma_update': 0.6518737440752305, 'eta_learning': 0.9035652237692323, 'sigma_boundary': 4.841024509488311, 'alpha': 0.5654355220524458}. Best is trial 8 with value: 0.00987411723456271.
[I 2026-03-19 02:32:22,759] Trial 21 finished with value: 0.05979487898586861 and parameters: {'sigma_noise': 0.3731013337774817, 'A_repulsion': 0.2840979885938029, 'gamma': 0.3496319330014583, 'sigma_update': 0.40363042193013987, 'eta_learning': 0.315789255005966, 'sigma_boundary': 5.278166240726377, 'alpha': 0.454548025677021}. Best is trial 8 with value: 0.00987411723456271.
[I 2026-03-19 02:32:30,825] Trial 17 finished with value: 0.0314459421729652 and parameters: {'sigma_noise': 0.2702048333536184, 'A_repulsion': 0.42769197037479895, 'gamma': 0.7468202409067718, 'sigma_update': 0.0951461709410679, 'eta_learning': 2.80828319901181, 'sigma_boundary': 9.244254437157858, 'alpha': 0.5927253002393266}. Best is trial 8 with value: 0.00987411723456271.
[I 2026-03-19 02:32:50,791] Trial 16 finished with value: 0.5461747503377041 and parameters: {'sigma_noise': 0.332219405404358, 'A_repulsion': 0.39950814750574865, 'gamma': 0.4197251403596196, 'sigma_update': 0.6696559709807113, 'eta_learning': 1.1529421313933612, 'sigma_boundary': 6.66736977231028, 'alpha': 0.015823609351067525}. Best is trial 8 with value: 0.00987411723456271.
[I 2026-03-19 02:33:06,807] Trial 33 finished with value: 0.0175288436971129 and parameters: {'sigma_noise': 0.3606916266343737, 'A_repulsion': 0.3704067990096098, 'gamma': 0.6831609691880675, 'sigma_update': 0.5627137553250569, 'eta_learning': 0.843161348215654, 'sigma_boundary': 8.710915890891732, 'alpha': 0.818994069996071}. Best is trial 8 with value: 0.00987411723456271.
[I 2026-03-19 02:33:12,415] Trial 9 finished with value: 0.25947634430482963 and parameters: {'sigma_noise': 0.3080727896840928, 'A_repulsion': 0.4969907565024332, 'gamma': 0.714441423042121, 'sigma_update': 0.5165479577200948, 'eta_learning': 0.5966657148243325, 'sigma_boundary': 4.706105297758052, 'alpha': 0.37565364963916437}. Best is trial 8 with value: 0.00987411723456271.
[I 2026-03-19 02:33:43,338] Trial 24 finished with value: 0.19663874017921618 and parameters: {'sigma_noise': 0.3303997434647926, 'A_repulsion': 0.46173011845910117, 'gamma': 0.8266385432670745, 'sigma_update': 0.6615489851653018, 'eta_learning': 1.0422371877203296, 'sigma_boundary': 0.6251136364346244, 'alpha': 0.36787986021666064}. Best is trial 8 with value: 0.00987411723456271.
[I 2026-03-19 02:34:13,830] Trial 38 finished with value: 0.057505249158663965 and parameters: {'sigma_noise': 0.4477882697852552, 'A_repulsion': 0.335593216922013, 'gamma': 0.38380437153563246, 'sigma_update': 0.3415129229109274, 'eta_learning': 1.6184385352398392, 'sigma_boundary': 5.300786613554337, 'alpha': 0.5166828224767324}. Best is trial 8 with value: 0.00987411723456271.
[I 2026-03-19 02:34:21,105] Trial 40 finished with value: 0.03281352409789941 and parameters: {'sigma_noise': 0.21621570327721723, 'A_repulsion': 0.18922430071950033, 'gamma': 0.4124426683572435, 'sigma_update': 0.0884693458744443, 'eta_learning': 0.7062414178726916, 'sigma_boundary': 6.887277315687378, 'alpha': 0.6206833708659123}. Best is trial 8 with value: 0.00987411723456271.
[I 2026-03-19 02:34:26,864] Trial 47 finished with value: 0.03881698025856563 and parameters: {'sigma_noise': 0.24008606299676233, 'A_repulsion': 0.07625818127011347, 'gamma': 0.49268077042787445, 'sigma_update': 0.4162463848053984, 'eta_learning': 2.0956293245609046, 'sigma_boundary': 5.812901199251347, 'alpha': 0.508101472113757}. Best is trial 8 with value: 0.00987411723456271.
[I 2026-03-19 02:35:16,187] Trial 25 finished with value: 0.020427687177417764 and parameters: {'sigma_noise': 0.4198774171240996, 'A_repulsion': 0.49352953016618845, 'gamma': 0.8647022082312519, 'sigma_update': 0.6146232976024899, 'eta_learning': 1.1595356869205484, 'sigma_boundary': 3.778608398463912, 'alpha': 0.8239242699859092}. Best is trial 8 with value: 0.00987411723456271.
[I 2026-03-19 02:35:18,391] Trial 45 finished with value: 0.021631891866883256 and parameters: {'sigma_noise': 0.1951786052988405, 'A_repulsion': 0.3376843056142361, 'gamma': 0.6591080667251908, 'sigma_update': 0.42374523493159716, 'eta_learning': 1.2324553625927517, 'sigma_boundary': 5.356520928342953, 'alpha': 0.5894950165761094}. Best is trial 8 with value: 0.00987411723456271.
[I 2026-03-19 02:35:25,055] Trial 41 finished with value: 0.017731784062425582 and parameters: {'sigma_noise': 0.2347607651900347, 'A_repulsion': 0.28690214370042344, 'gamma': 0.577260923197004, 'sigma_update': 0.2855849603269464, 'eta_learning': 1.31735982454316, 'sigma_boundary': 4.393434948412946, 'alpha': 0.6041887872884693}. Best is trial 8 with value: 0.00987411723456271.
[I 2026-03-19 02:35:33,515] Trial 52 finished with value: 0.059898210944084256 and parameters: {'sigma_noise': 0.1528975365500304, 'A_repulsion': 0.2148124259667606, 'gamma': 0.4580918565325616, 'sigma_update': 0.16095177199820734, 'eta_learning': 1.779834542995892, 'sigma_boundary': 6.146294689161643, 'alpha': 0.32564330392492447}. Best is trial 8 with value: 0.00987411723456271.
[I 2026-03-19 02:35:34,508] Trial 42 finished with value: 0.18378335051655093 and parameters: {'sigma_noise': 0.26639853652555384, 'A_repulsion': 0.22470287687324828, 'gamma': 0.5866585721090105, 'sigma_update': 0.2868795397027274, 'eta_learning': 1.4611501972140815, 'sigma_boundary': 5.872273583954749, 'alpha': 0.3274523080756023}. Best is trial 8 with value: 0.00987411723456271.
[I 2026-03-19 02:35:43,089] Trial 27 finished with value: 0.14366084125006368 and parameters: {'sigma_noise': 0.4489771654161922, 'A_repulsion': 0.46563858552312615, 'gamma': 0.9674795716269485, 'sigma_update': 0.1549286817791481, 'eta_learning': 0.16615224577589763, 'sigma_boundary': 7.170377606865928, 'alpha': 0.37176891691274416}. Best is trial 8 with value: 0.00987411723456271.
[I 2026-03-19 02:36:03,086] Trial 53 finished with value: 0.03844394659769957 and parameters: {'sigma_noise': 0.15158872370117915, 'A_repulsion': 0.31570979913124986, 'gamma': 0.6555036205744779, 'sigma_update': 0.38929557367466217, 'eta_learning': 1.0438839969462426, 'sigma_boundary': 7.378849840595177, 'alpha': 0.7854555302539519}. Best is trial 8 with value: 0.00987411723456271.
[I 2026-03-19 02:36:13,319] Trial 48 finished with value: 0.02804508213680959 and parameters: {'sigma_noise': 0.29047530092067486, 'A_repulsion': 0.21050862258758077, 'gamma': 0.6293345803569194, 'sigma_update': 0.14801369324845967, 'eta_learning': 1.5317232981304205, 'sigma_boundary': 5.654896361273175, 'alpha': 0.7756597625796736}. Best is trial 8 with value: 0.00987411723456271.
[I 2026-03-19 02:36:35,309] Trial 44 finished with value: 0.5448723986239916 and parameters: {'sigma_noise': 0.3488540508961275, 'A_repulsion': 0.2210771926634445, 'gamma': 0.6674755951640946, 'sigma_update': 0.15404746001073868, 'eta_learning': 1.8874649215318104, 'sigma_boundary': 5.6737153995590806, 'alpha': 0.2203459323602346}. Best is trial 8 with value: 0.00987411723456271.
[I 2026-03-19 02:36:41,856] Trial 67 finished with value: 0.042834818117426884 and parameters: {'sigma_noise': 0.1375246297351197, 'A_repulsion': 0.23851421178499307, 'gamma': 0.0903961746355246, 'sigma_update': 0.30286321187691206, 'eta_learning': 1.7610319890925634, 'sigma_boundary': 5.58076013209003, 'alpha': 0.5316781098590013}. Best is trial 8 with value: 0.00987411723456271.
[I 2026-03-19 02:36:42,991] Trial 61 finished with value: 0.027239964260606576 and parameters: {'sigma_noise': 0.17147534850663806, 'A_repulsion': 0.23494195750725994, 'gamma': 0.4715880549983062, 'sigma_update': 0.42806879796507286, 'eta_learning': 1.3697842203992987, 'sigma_boundary': 5.992435139513784, 'alpha': 0.7473728593459208}. Best is trial 8 with value: 0.00987411723456271.
[I 2026-03-19 02:36:57,091] Trial 66 finished with value: 0.04230228348796911 and parameters: {'sigma_noise': 0.17056718524944742, 'A_repulsion': 0.2036109286732498, 'gamma': 0.020447571682942686, 'sigma_update': 0.3429422867359461, 'eta_learning': 2.1723386522482095, 'sigma_boundary': 3.7790007511703343, 'alpha': 0.47488364697390045}. Best is trial 8 with value: 0.00987411723456271.
[I 2026-03-19 02:37:06,374] Trial 43 finished with value: 0.01777365798296469 and parameters: {'sigma_noise': 0.3025481747566366, 'A_repulsion': 0.33699279594069703, 'gamma': 0.6291208167513694, 'sigma_update': 0.31891890629474606, 'eta_learning': 1.5569008633576296, 'sigma_boundary': 7.509705479149232, 'alpha': 0.5943659334047419}. Best is trial 8 with value: 0.00987411723456271.
[I 2026-03-19 02:37:12,168] Trial 62 finished with value: 0.08810506221443955 and parameters: {'sigma_noise': 0.28553846677506434, 'A_repulsion': 0.10760233396500901, 'gamma': 0.6824502323245483, 'sigma_update': 0.28019500495556887, 'eta_learning': 1.3668942048094928, 'sigma_boundary': 1.8321203500923984, 'alpha': 0.3455477979461055}. Best is trial 8 with value: 0.00987411723456271.
[I 2026-03-19 02:37:12,268] Trial 46 finished with value: 0.022631451609593848 and parameters: {'sigma_noise': 0.30168647396123777, 'A_repulsion': 0.34528731521757705, 'gamma': 0.529726607161313, 'sigma_update': 0.3580433608848337, 'eta_learning': 1.2550174444408957, 'sigma_boundary': 4.886197841401937, 'alpha': 0.5640313257848951}. Best is trial 8 with value: 0.00987411723456271.
[I 2026-03-19 02:37:12,959] Trial 51 finished with value: 0.020725423972329484 and parameters: {'sigma_noise': 0.2640077982154318, 'A_repulsion': 0.26953167197463207, 'gamma': 0.5472947839374694, 'sigma_update': 0.4408850836381528, 'eta_learning': 0.9687499755894097, 'sigma_boundary': 4.343965653465198, 'alpha': 0.6421514298554512}. Best is trial 8 with value: 0.00987411723456271.
