[I 2026-03-19 02:58:15,349] Trial 170 finished with value: 0.02347724105772042 and parameters: {'sigma_noise': 0.26581922254298684, 'A_repulsion': 0.14174355686273876, 'gamma': 0.7235235462956077, 'sigma_update': 0.5243531504719976, 'eta_learning': 1.4651137874821196, 'sigma_boundary': 4.194340824283651, 'alpha': 0.5800468497594162}. Best is trial 146 with value: 0.009832583601576165.
[I 2026-03-19 02:58:30,850] Trial 182 finished with value: 0.021483673765522845 and parameters: {'sigma_noise': 0.17653889286847324, 'A_repulsion': 0.10537522730355962, 'gamma': 0.5544896609235588, 'sigma_update': 0.11493171732647695, 'eta_learning': 2.0509149871971295, 'sigma_boundary': 1.78554957864643, 'alpha': 0.5117649923789497}. Best is trial 146 with value: 0.009832583601576165.
[I 2026-03-19 02:58:36,470] Trial 169 finished with value: 0.016133609040926887 and parameters: {'sigma_noise': 0.29059258748093814, 'A_repulsion': 0.1852140376188559, 'gamma': 0.8001005733665612, 'sigma_update': 0.2278135289185606, 'eta_learning': 2.596445442748032, 'sigma_boundary': 2.0039336102634637, 'alpha': 0.7986871746303102}. Best is trial 146 with value: 0.009832583601576165.
[I 2026-03-19 02:58:54,461] Trial 177 finished with value: 0.02110826471621599 and parameters: {'sigma_noise': 0.20012271978958912, 'A_repulsion': 0.26386286300609746, 'gamma': 0.8231284520721176, 'sigma_update': 0.22930927219574124, 'eta_learning': 1.0728466410364388, 'sigma_boundary': 5.838680667766886, 'alpha': 0.6057528750687072}. Best is trial 146 with value: 0.009832583601576165.
[I 2026-03-19 02:58:56,869] Trial 171 finished with value: 0.015041300618334037 and parameters: {'sigma_noise': 0.2509420356848109, 'A_repulsion': 0.2604563961979858, 'gamma': 0.6992257287663163, 'sigma_update': 0.47511803265912483, 'eta_learning': 1.4833891915610604, 'sigma_boundary': 4.643124418566853, 'alpha': 0.6242284212645002}. Best is trial 146 with value: 0.009832583601576165.
[I 2026-03-19 02:59:07,993] Trial 167 finished with value: 0.013843983018211659 and parameters: {'sigma_noise': 0.29405892512531034, 'A_repulsion': 0.2937125258175558, 'gamma': 0.6735634120175672, 'sigma_update': 0.3687915630382702, 'eta_learning': 1.9522580854318943, 'sigma_boundary': 4.810959812318083, 'alpha': 0.6606068440088723}. Best is trial 146 with value: 0.009832583601576165.
[I 2026-03-19 02:59:14,609] Trial 176 finished with value: 0.00984035458707005 and parameters: {'sigma_noise': 0.3124637765878934, 'A_repulsion': 0.1509449518947778, 'gamma': 0.7216245176257261, 'sigma_update': 0.3710678691800052, 'eta_learning': 0.7239221252558886, 'sigma_boundary': 7.648986552888279, 'alpha': 0.7493119847768848}. Best is trial 146 with value: 0.009832583601576165.
[I 2026-03-19 02:59:15,938] Trial 173 finished with value: 0.014228767781511708 and parameters: {'sigma_noise': 0.299486971098785, 'A_repulsion': 0.2293668349201531, 'gamma': 0.6231285050305191, 'sigma_update': 0.4241997213750416, 'eta_learning': 1.3929346590487917, 'sigma_boundary': 8.296176953622625, 'alpha': 0.7698598688120227}. Best is trial 146 with value: 0.009832583601576165.
[I 2026-03-19 02:59:20,303] Trial 175 finished with value: 0.019166701158492432 and parameters: {'sigma_noise': 0.25360154005117774, 'A_repulsion': 0.33128243535959223, 'gamma': 0.49893075526633035, 'sigma_update': 0.40685766418766794, 'eta_learning': 2.4157417961958663, 'sigma_boundary': 3.784978172481971, 'alpha': 0.6933672270824878}. Best is trial 146 with value: 0.009832583601576165.
[I 2026-03-19 02:59:21,509] Trial 179 finished with value: 0.032925859707722646 and parameters: {'sigma_noise': 0.20295771126383272, 'A_repulsion': 0.3274716021525734, 'gamma': 0.8371714654416431, 'sigma_update': 0.3949183586767169, 'eta_learning': 1.5357776752180359, 'sigma_boundary': 6.918835174490231, 'alpha': 0.79205486207242}. Best is trial 146 with value: 0.009832583601576165.
[I 2026-03-19 02:59:21,835] Trial 174 finished with value: 0.022432530123910627 and parameters: {'sigma_noise': 0.29290582721140385, 'A_repulsion': 0.2538651715182575, 'gamma': 0.6286273283400253, 'sigma_update': 0.18227736522966226, 'eta_learning': 1.444300640656475, 'sigma_boundary': 5.643932981095633, 'alpha': 0.7522621572697815}. Best is trial 146 with value: 0.009832583601576165.
[I 2026-03-19 02:59:28,545] Trial 181 finished with value: 0.017090782460373537 and parameters: {'sigma_noise': 0.31316157913517906, 'A_repulsion': 0.12703922121050817, 'gamma': 0.8957383869482839, 'sigma_update': 0.3245802165890537, 'eta_learning': 1.5752476034182115, 'sigma_boundary': 3.1663944044272334, 'alpha': 0.8606859179895443}. Best is trial 146 with value: 0.009832583601576165.
[I 2026-03-19 02:59:31,630] Trial 183 finished with value: 0.02718506029745923 and parameters: {'sigma_noise': 0.21809398411520314, 'A_repulsion': 0.2959404357400607, 'gamma': 0.5460354247106364, 'sigma_update': 0.35166955478306045, 'eta_learning': 1.2566740700006584, 'sigma_boundary': 4.819426662216987, 'alpha': 0.8636000737791727}. Best is trial 146 with value: 0.009832583601576165.
[I 2026-03-19 02:59:39,033] Trial 185 finished with value: 0.02197741596093744 and parameters: {'sigma_noise': 0.2255233428992791, 'A_repulsion': 0.22632539504343968, 'gamma': 0.3928880670762091, 'sigma_update': 0.3683553013194723, 'eta_learning': 1.3761692083923838, 'sigma_boundary': 5.354253918221108, 'alpha': 0.7384993445821375}. Best is trial 146 with value: 0.009832583601576165.
[I 2026-03-19 02:59:39,341] Trial 186 finished with value: 0.009380924503025127 and parameters: {'sigma_noise': 0.27398888365377455, 'A_repulsion': 0.14008983755904125, 'gamma': 0.9745288394895577, 'sigma_update': 0.47737708536516815, 'eta_learning': 1.9498867231467718, 'sigma_boundary': 5.035309855428442, 'alpha': 0.6290420227303789}. Best is trial 186 with value: 0.009380924503025127.
[I 2026-03-19 02:59:43,175] Trial 184 finished with value: 0.012627127064884306 and parameters: {'sigma_noise': 0.27204740195084887, 'A_repulsion': 0.21522621256267527, 'gamma': 0.6344527528863351, 'sigma_update': 0.34125476307347385, 'eta_learning': 2.215756084716474, 'sigma_boundary': 5.508109453995326, 'alpha': 0.7434613129415155}. Best is trial 186 with value: 0.009380924503025127.
[I 2026-03-19 02:59:53,142] Trial 193 finished with value: 0.04161533180115656 and parameters: {'sigma_noise': 0.1534473620187592, 'A_repulsion': 0.06927798417735476, 'gamma': 0.9979078260681921, 'sigma_update': 0.23386460623380387, 'eta_learning': 1.596688312327091, 'sigma_boundary': 3.8374607095808058, 'alpha': 0.7290869409166507}. Best is trial 186 with value: 0.009380924503025127.
[I 2026-03-19 03:00:03,048] Trial 180 finished with value: 0.017452458996429675 and parameters: {'sigma_noise': 0.320783098591368, 'A_repulsion': 0.3124323265094487, 'gamma': 0.6012554816714926, 'sigma_update': 0.3306624618127373, 'eta_learning': 2.2974872121901977, 'sigma_boundary': 7.4581295482804775, 'alpha': 0.750316003820288}. Best is trial 186 with value: 0.009380924503025127.
[I 2026-03-19 03:00:03,368] Trial 187 finished with value: 0.014295246820031107 and parameters: {'sigma_noise': 0.27482724360947147, 'A_repulsion': 0.24579724854002016, 'gamma': 0.6193493993582418, 'sigma_update': 0.31383454268843264, 'eta_learning': 1.7457655003973638, 'sigma_boundary': 5.303738750692172, 'alpha': 0.5783557971264913}. Best is trial 186 with value: 0.009380924503025127.
[I 2026-03-19 03:00:04,763] Trial 190 finished with value: 0.016746331258350476 and parameters: {'sigma_noise': 0.27748537827300984, 'A_repulsion': 0.10689681504644857, 'gamma': 0.5288370106493954, 'sigma_update': 0.2852193640032841, 'eta_learning': 2.195585824783423, 'sigma_boundary': 4.920923674139466, 'alpha': 0.88234975123383}. Best is trial 186 with value: 0.009380924503025127.
[I 2026-03-19 03:00:06,133] Trial 192 finished with value: 0.015055018932851117 and parameters: {'sigma_noise': 0.22250437695948144, 'A_repulsion': 0.121896901684182, 'gamma': 0.6715393660909733, 'sigma_update': 0.42238602253632573, 'eta_learning': 0.7437686098583045, 'sigma_boundary': 3.837462095378507, 'alpha': 0.6631714721504698}. Best is trial 186 with value: 0.009380924503025127.
[I 2026-03-19 03:00:07,291] Trial 191 finished with value: 0.011654745132236995 and parameters: {'sigma_noise': 0.25060361431890665, 'A_repulsion': 0.12169792119572007, 'gamma': 0.7166488368889322, 'sigma_update': 0.3514966460282629, 'eta_learning': 1.4716103282307338, 'sigma_boundary': 1.9578051103822367, 'alpha': 0.6911530260360936}. Best is trial 186 with value: 0.009380924503025127.
[I 2026-03-19 03:00:07,628] Trial 178 finished with value: 0.02535950159952938 and parameters: {'sigma_noise': 0.42701863066634965, 'A_repulsion': 0.21411996194995758, 'gamma': 0.7502009514646849, 'sigma_update': 0.3819121853775819, 'eta_learning': 1.7793839105498663, 'sigma_boundary': 5.269098152089331, 'alpha': 0.6460410890982323}. Best is trial 186 with value: 0.009380924503025127.
[I 2026-03-19 03:00:13,402] Trial 188 finished with value: 0.026018678412147993 and parameters: {'sigma_noise': 0.3181516797740019, 'A_repulsion': 0.25434064132222733, 'gamma': 0.7486955348770614, 'sigma_update': 0.36770216479489337, 'eta_learning': 1.6541299362300417, 'sigma_boundary': 6.01817359842454, 'alpha': 0.5145509907099775}. Best is trial 186 with value: 0.009380924503025127.
[I 2026-03-19 03:00:20,385] Trial 189 finished with value: 0.022043132140417816 and parameters: {'sigma_noise': 0.26649169858866734, 'A_repulsion': 0.31777941268036436, 'gamma': 0.6743189332646382, 'sigma_update': 0.300065526455878, 'eta_learning': 1.5046101438937878, 'sigma_boundary': 5.864870139529348, 'alpha': 0.838293076994336}. Best is trial 186 with value: 0.009380924503025127.
[I 2026-03-19 03:00:22,687] Trial 196 finished with value: 0.014558352578504687 and parameters: {'sigma_noise': 0.2631703833171603, 'A_repulsion': 0.16008046780992582, 'gamma': 0.5841633034475976, 'sigma_update': 0.1796059473962742, 'eta_learning': 2.1554502876464214, 'sigma_boundary': 5.626614527365253, 'alpha': 0.4783550936014874}. Best is trial 186 with value: 0.009380924503025127.
[I 2026-03-19 03:00:22,885] Trial 195 finished with value: 0.02043441559901292 and parameters: {'sigma_noise': 0.27106912876064054, 'A_repulsion': 0.1701898092140813, 'gamma': 0.733736959963211, 'sigma_update': 0.3997464704255264, 'eta_learning': 1.18418543326318, 'sigma_boundary': 3.715974732843865, 'alpha': 0.5215310904109862}. Best is trial 186 with value: 0.009380924503025127.
[I 2026-03-19 03:00:23,130] Trial 197 finished with value: 0.010112709095882053 and parameters: {'sigma_noise': 0.23979825201698385, 'A_repulsion': 0.17297515300257787, 'gamma': 0.8221014672591402, 'sigma_update': 0.399308535916677, 'eta_learning': 1.7183490688313499, 'sigma_boundary': 2.1499573832624086, 'alpha': 0.6435318264163383}. Best is trial 186 with value: 0.009380924503025127.
[I 2026-03-19 03:00:24,525] Trial 194 finished with value: 0.013871811653727726 and parameters: {'sigma_noise': 0.30161969455049303, 'A_repulsion': 0.22921118747589891, 'gamma': 0.5248086287051794, 'sigma_update': 0.2759608811361178, 'eta_learning': 1.7814439429041211, 'sigma_boundary': 4.792823873307813, 'alpha': 0.6879764867550796}. Best is trial 186 with value: 0.009380924503025127.
[I 2026-03-19 03:00:26,015] Trial 198 finished with value: 0.028931797251797953 and parameters: {'sigma_noise': 0.2651962759521141, 'A_repulsion': 0.23123353888611325, 'gamma': 0.5585026896646312, 'sigma_update': 0.1635544258043327, 'eta_learning': 1.8263477733871452, 'sigma_boundary': 5.638244745773991, 'alpha': 0.7567343623066752}. Best is trial 186 with value: 0.009380924503025127.
[I 2026-03-19 03:00:27,426] Trial 199 finished with value: 0.082790052117826 and parameters: {'sigma_noise': 0.3267048452546464, 'A_repulsion': 0.21723463700827603, 'gamma': 0.6934750900935854, 'sigma_update': 0.19894082764972917, 'eta_learning': 2.0596741508540273, 'sigma_boundary': 5.117912652714969, 'alpha': 0.4191595757233959}. Best is trial 186 with value: 0.009380924503025127.
