[I 2026-03-19 02:48:02,996] Trial 115 finished with value: 0.014422529091289223 and parameters: {'sigma_noise': 0.2421976904514585, 'A_repulsion': 0.27906550411547376, 'gamma': 0.6814330530776788, 'sigma_update': 0.2834299518668989, 'eta_learning': 0.620228228868684, 'sigma_boundary': 5.361275748735703, 'alpha': 0.5330603461740036}. Best is trial 8 with value: 0.00987411723456271.
[I 2026-03-19 02:48:34,572] Trial 116 finished with value: 0.03000705543980873 and parameters: {'sigma_noise': 0.19050027368950806, 'A_repulsion': 0.38349585400748437, 'gamma': 0.5057605775758013, 'sigma_update': 0.2673849478189771, 'eta_learning': 1.0119809129640134, 'sigma_boundary': 6.8993624078547375, 'alpha': 0.6173894172980161}. Best is trial 8 with value: 0.00987411723456271.
[I 2026-03-19 02:48:47,362] Trial 110 finished with value: 0.015193574676549916 and parameters: {'sigma_noise': 0.30922455434964247, 'A_repulsion': 0.3702244585918205, 'gamma': 0.6862003189138377, 'sigma_update': 0.38648145869915224, 'eta_learning': 1.4646050703481406, 'sigma_boundary': 6.194355226460483, 'alpha': 0.6317624544019147}. Best is trial 8 with value: 0.00987411723456271.
[I 2026-03-19 02:48:53,480] Trial 119 finished with value: 0.022254364726637808 and parameters: {'sigma_noise': 0.19578630556005233, 'A_repulsion': 0.25990080425791134, 'gamma': 0.7557704077363616, 'sigma_update': 0.24566837845681452, 'eta_learning': 1.227444334211513, 'sigma_boundary': 7.417724800934321, 'alpha': 0.606023178624473}. Best is trial 8 with value: 0.00987411723456271.
[I 2026-03-19 02:49:05,038] Trial 122 finished with value: 0.034536784732552755 and parameters: {'sigma_noise': 0.18410609899701752, 'A_repulsion': 0.29473363785325485, 'gamma': 0.4922548422296532, 'sigma_update': 0.5193380443399569, 'eta_learning': 2.177336406079516, 'sigma_boundary': 4.750538376944224, 'alpha': 0.5920165762480949}. Best is trial 8 with value: 0.00987411723456271.
[I 2026-03-19 02:49:05,086] Trial 126 finished with value: 0.03886803114988553 and parameters: {'sigma_noise': 0.1201482860653873, 'A_repulsion': 0.2562830544849197, 'gamma': 0.5613640570392708, 'sigma_update': 0.31042615885476993, 'eta_learning': 2.171624279079003, 'sigma_boundary': 5.33668978912855, 'alpha': 0.5912963014989193}. Best is trial 8 with value: 0.00987411723456271.
[I 2026-03-19 02:49:11,406] Trial 113 finished with value: 0.342912667743527 and parameters: {'sigma_noise': 0.3358169285868473, 'A_repulsion': 0.3109530169216869, 'gamma': 0.3148641987042433, 'sigma_update': 0.4258455438304185, 'eta_learning': 1.3930571325697556, 'sigma_boundary': 5.521368026284801, 'alpha': 0.32550512020674477}. Best is trial 8 with value: 0.00987411723456271.
[I 2026-03-19 02:49:52,018] Trial 125 finished with value: 0.017844541057428033 and parameters: {'sigma_noise': 0.20712801189075114, 'A_repulsion': 0.27777392617097774, 'gamma': 0.7527070163503244, 'sigma_update': 0.2835427973771966, 'eta_learning': 1.2443564567189447, 'sigma_boundary': 3.3284339852047946, 'alpha': 0.587728273233241}. Best is trial 8 with value: 0.00987411723456271.
[I 2026-03-19 02:49:52,690] Trial 124 finished with value: 0.016608196854472682 and parameters: {'sigma_noise': 0.22676207502142232, 'A_repulsion': 0.2775648438348731, 'gamma': 0.5916743482224, 'sigma_update': 0.2297690845041599, 'eta_learning': 1.8287997864205106, 'sigma_boundary': 6.012864646477025, 'alpha': 0.5264450916302983}. Best is trial 8 with value: 0.00987411723456271.
[I 2026-03-19 02:49:58,020] Trial 117 finished with value: 0.17482955478365628 and parameters: {'sigma_noise': 0.22668675200658878, 'A_repulsion': 0.4173459643320431, 'gamma': 0.629576897679692, 'sigma_update': 0.39325161233965605, 'eta_learning': 0.34863629520018724, 'sigma_boundary': 5.684626998879673, 'alpha': 0.2748524031104585}. Best is trial 8 with value: 0.00987411723456271.
[I 2026-03-19 02:49:58,399] Trial 120 finished with value: 0.04134363551706924 and parameters: {'sigma_noise': 0.24663819242160123, 'A_repulsion': 0.28547855719602855, 'gamma': 0.41660245750905245, 'sigma_update': 0.1726306788066904, 'eta_learning': 1.2263239028946236, 'sigma_boundary': 6.2013674848849885, 'alpha': 0.8418184870078056}. Best is trial 8 with value: 0.00987411723456271.
[I 2026-03-19 02:50:41,680] Trial 121 finished with value: 0.02364800606558151 and parameters: {'sigma_noise': 0.2808816100482899, 'A_repulsion': 0.31886992954201293, 'gamma': 0.5913888456804804, 'sigma_update': 0.28232418103205953, 'eta_learning': 2.1485875784027684, 'sigma_boundary': 6.960723355046641, 'alpha': 0.8499730201359417}. Best is trial 8 with value: 0.00987411723456271.
[I 2026-03-19 02:50:42,851] Trial 123 finished with value: 0.01635225843036642 and parameters: {'sigma_noise': 0.2933139721760462, 'A_repulsion': 0.24580502012973976, 'gamma': 0.7204815270086009, 'sigma_update': 0.4449197259692054, 'eta_learning': 1.5295923204908795, 'sigma_boundary': 6.317260357982979, 'alpha': 0.6063504381821804}. Best is trial 8 with value: 0.00987411723456271.
[I 2026-03-19 02:50:48,438] Trial 128 finished with value: 0.02807649930175195 and parameters: {'sigma_noise': 0.21221809715946, 'A_repulsion': 0.35537226231007957, 'gamma': 0.8399506537991098, 'sigma_update': 0.21511922871752187, 'eta_learning': 0.8482456873530954, 'sigma_boundary': 3.115601305794254, 'alpha': 0.6502732710630728}. Best is trial 8 with value: 0.00987411723456271.
[I 2026-03-19 02:51:22,197] Trial 135 finished with value: 0.010443682185501664 and parameters: {'sigma_noise': 0.2397517105472305, 'A_repulsion': 0.1792510505548285, 'gamma': 0.8704844144201236, 'sigma_update': 0.2663204591007964, 'eta_learning': 1.8597449208552126, 'sigma_boundary': 3.9681465481778586, 'alpha': 0.557498333534675}. Best is trial 8 with value: 0.00987411723456271.
[I 2026-03-19 02:51:40,352] Trial 127 finished with value: 0.02828171715081417 and parameters: {'sigma_noise': 0.2595350352351337, 'A_repulsion': 0.32169316562320627, 'gamma': 0.7374758672238155, 'sigma_update': 0.0808324570557381, 'eta_learning': 1.121561630317299, 'sigma_boundary': 5.638776545669587, 'alpha': 0.7066888026674445}. Best is trial 8 with value: 0.00987411723456271.
[I 2026-03-19 02:51:41,884] Trial 118 finished with value: 0.03208691082710408 and parameters: {'sigma_noise': 0.29521266746573566, 'A_repulsion': 0.437739388021574, 'gamma': 0.6648080813309208, 'sigma_update': 0.5124683263832609, 'eta_learning': 0.9811268126516166, 'sigma_boundary': 2.4448042364267963, 'alpha': 0.5877780615137456}. Best is trial 8 with value: 0.00987411723456271.
[I 2026-03-19 02:51:46,070] Trial 129 finished with value: 0.047841292679558486 and parameters: {'sigma_noise': 0.2855498387480992, 'A_repulsion': 0.32240942892802427, 'gamma': 0.6671043196565014, 'sigma_update': 0.2925843187294238, 'eta_learning': 1.1078288129866718, 'sigma_boundary': 6.847094348946381, 'alpha': 0.4345893015347737}. Best is trial 8 with value: 0.00987411723456271.
[I 2026-03-19 02:51:46,295] Trial 136 finished with value: 0.017781636038764405 and parameters: {'sigma_noise': 0.21842201616554102, 'A_repulsion': 0.23627426985443972, 'gamma': 0.6071498532127216, 'sigma_update': 0.2856789470205934, 'eta_learning': 1.2003526296692362, 'sigma_boundary': 1.9707631502540064, 'alpha': 0.5178226650643902}. Best is trial 8 with value: 0.00987411723456271.
[I 2026-03-19 02:51:48,023] Trial 134 finished with value: 0.01256853336059879 and parameters: {'sigma_noise': 0.25024460477931537, 'A_repulsion': 0.2704261167889234, 'gamma': 0.7175851860620381, 'sigma_update': 0.3080501429286191, 'eta_learning': 1.466023024365248, 'sigma_boundary': 6.535835786961329, 'alpha': 0.6087461609101534}. Best is trial 8 with value: 0.00987411723456271.
[I 2026-03-19 02:52:04,273] Trial 142 finished with value: 0.021974060578363534 and parameters: {'sigma_noise': 0.24623384020355926, 'A_repulsion': 0.10785229948858464, 'gamma': 0.6018735735078493, 'sigma_update': 0.3439594987829101, 'eta_learning': 1.1914561609938996, 'sigma_boundary': 5.829096973058366, 'alpha': 0.5189826961713546}. Best is trial 8 with value: 0.00987411723456271.
[I 2026-03-19 02:52:06,992] Trial 141 finished with value: 0.029918476846060926 and parameters: {'sigma_noise': 0.16405249821997506, 'A_repulsion': 0.2244023715407636, 'gamma': 0.624805366160504, 'sigma_update': 0.3242656583705839, 'eta_learning': 1.243134982295838, 'sigma_boundary': 5.622877439477824, 'alpha': 0.6745118962258446}. Best is trial 8 with value: 0.00987411723456271.
[I 2026-03-19 02:52:08,480] Trial 130 finished with value: 0.05301669367592209 and parameters: {'sigma_noise': 0.3495742568429365, 'A_repulsion': 0.2359375874222926, 'gamma': 0.5631831849661201, 'sigma_update': 0.3281479072280043, 'eta_learning': 0.9616568317103227, 'sigma_boundary': 5.208179273427514, 'alpha': 0.4678595735810731}. Best is trial 8 with value: 0.00987411723456271.
[I 2026-03-19 02:52:30,327] Trial 139 finished with value: 0.017325198022480795 and parameters: {'sigma_noise': 0.2540774160939967, 'A_repulsion': 0.19988758067857218, 'gamma': 0.49286016036214825, 'sigma_update': 0.3377639034224517, 'eta_learning': 1.6960320424269932, 'sigma_boundary': 5.091860960924926, 'alpha': 0.7545196605988256}. Best is trial 8 with value: 0.00987411723456271.
[I 2026-03-19 02:52:31,098] Trial 137 finished with value: 0.024861859240165568 and parameters: {'sigma_noise': 0.22082011341231544, 'A_repulsion': 0.25944485769161685, 'gamma': 0.5713411418957682, 'sigma_update': 0.3596203529813827, 'eta_learning': 2.2517728736511686, 'sigma_boundary': 4.973892239507595, 'alpha': 0.5025367436294339}. Best is trial 8 with value: 0.00987411723456271.
[I 2026-03-19 02:52:31,252] Trial 143 finished with value: 0.032813656581957035 and parameters: {'sigma_noise': 0.18160010152695788, 'A_repulsion': 0.19566494989485328, 'gamma': 0.3680708921912465, 'sigma_update': 0.2786828013815054, 'eta_learning': 2.003949853833816, 'sigma_boundary': 4.298228674728505, 'alpha': 0.7297413168640046}. Best is trial 8 with value: 0.00987411723456271.
[I 2026-03-19 02:52:45,435] Trial 133 finished with value: 0.01582505822197432 and parameters: {'sigma_noise': 0.2918837398815669, 'A_repulsion': 0.28457408257399086, 'gamma': 0.5462538617283123, 'sigma_update': 0.31386262564756306, 'eta_learning': 1.7316372883303766, 'sigma_boundary': 4.198553763393741, 'alpha': 0.7175653208035343}. Best is trial 8 with value: 0.00987411723456271.
[I 2026-03-19 02:52:55,809] Trial 138 finished with value: 0.07646614734372259 and parameters: {'sigma_noise': 0.29662546018395874, 'A_repulsion': 0.1788458722603275, 'gamma': 0.5080560401843883, 'sigma_update': 0.44744448506237583, 'eta_learning': 1.036549957167312, 'sigma_boundary': 5.630487231138203, 'alpha': 0.4615328773187968}. Best is trial 8 with value: 0.00987411723456271.
[I 2026-03-19 02:52:56,425] Trial 140 finished with value: 0.011859691573938364 and parameters: {'sigma_noise': 0.2951413964283007, 'A_repulsion': 0.15106231108230717, 'gamma': 0.6642435840638407, 'sigma_update': 0.365639786057566, 'eta_learning': 1.6794349079461566, 'sigma_boundary': 5.016108947650376, 'alpha': 0.7251748471970867}. Best is trial 8 with value: 0.00987411723456271.
[I 2026-03-19 02:53:10,148] Trial 131 finished with value: 0.018202465650042406 and parameters: {'sigma_noise': 0.2971298255658725, 'A_repulsion': 0.35655084575372853, 'gamma': 0.5063856820660687, 'sigma_update': 0.24174721704421936, 'eta_learning': 1.7912401566697982, 'sigma_boundary': 5.940311782213887, 'alpha': 0.6054445534695604}. Best is trial 8 with value: 0.00987411723456271.
[I 2026-03-19 02:53:13,558] Trial 144 finished with value: 0.018681079984681583 and parameters: {'sigma_noise': 0.22834539663562825, 'A_repulsion': 0.2426100031234672, 'gamma': 0.6016612956535106, 'sigma_update': 0.4083908860636267, 'eta_learning': 1.9728749210789782, 'sigma_boundary': 5.073705921462283, 'alpha': 0.7973643033126895}. Best is trial 8 with value: 0.00987411723456271.
[I 2026-03-19 02:53:40,662] Trial 146 finished with value: 0.009832583601576165 and parameters: {'sigma_noise': 0.24192498296316728, 'A_repulsion': 0.22471333541805188, 'gamma': 0.9010315017665043, 'sigma_update': 0.3480767388495862, 'eta_learning': 2.0155036478022454, 'sigma_boundary': 5.007155256366368, 'alpha': 0.6014256110888753}. Best is trial 146 with value: 0.009832583601576165.
[I 2026-03-19 02:53:43,664] Trial 132 finished with value: 0.015477833032451229 and parameters: {'sigma_noise': 0.3220002114839967, 'A_repulsion': 0.34996236111263984, 'gamma': 0.6562289653183179, 'sigma_update': 0.40235774810652997, 'eta_learning': 1.160648249883083, 'sigma_boundary': 8.091941500922275, 'alpha': 0.7222040804094607}. Best is trial 146 with value: 0.009832583601576165.
[I 2026-03-19 02:53:47,023] Trial 149 finished with value: 0.01654378794260761 and parameters: {'sigma_noise': 0.2402627951720162, 'A_repulsion': 0.1846224784611682, 'gamma': 0.539472756710231, 'sigma_update': 0.28214407204585956, 'eta_learning': 1.00958591550777, 'sigma_boundary': 3.4722453040492534, 'alpha': 0.6405162525088818}. Best is trial 146 with value: 0.009832583601576165.
[I 2026-03-19 02:54:05,521] Trial 145 finished with value: 0.027242178866891714 and parameters: {'sigma_noise': 0.2928001466159454, 'A_repulsion': 0.20637555036367794, 'gamma': 0.5183432373093807, 'sigma_update': 0.3563926256164562, 'eta_learning': 1.5365478662637415, 'sigma_boundary': 3.0224157979962194, 'alpha': 0.5311622085217869}. Best is trial 146 with value: 0.009832583601576165.
[I 2026-03-19 02:54:12,402] Trial 147 finished with value: 0.023120069607166734 and parameters: {'sigma_noise': 0.2549432344548334, 'A_repulsion': 0.2656849861354016, 'gamma': 0.5500810017459292, 'sigma_update': 0.16585261798829617, 'eta_learning': 1.3721336453461426, 'sigma_boundary': 4.987260455980164, 'alpha': 0.6503642920657549}. Best is trial 146 with value: 0.009832583601576165.
[I 2026-03-19 02:55:11,815] Trial 155 finished with value: 0.021649531378651717 and parameters: {'sigma_noise': 0.19104277101242678, 'A_repulsion': 0.2560993645996338, 'gamma': 0.6391672190954494, 'sigma_update': 0.4931513108872116, 'eta_learning': 1.1411412770736622, 'sigma_boundary': 3.2652693369665373, 'alpha': 0.6343188663638402}. Best is trial 146 with value: 0.009832583601576165.
[I 2026-03-19 02:55:23,219] Trial 152 finished with value: 0.012365267607764253 and parameters: {'sigma_noise': 0.3138476661262878, 'A_repulsion': 0.17871495973239032, 'gamma': 0.7827053251236982, 'sigma_update': 0.41219190887359153, 'eta_learning': 0.8579180584573456, 'sigma_boundary': 1.87519816564143, 'alpha': 0.5617339810452803}. Best is trial 146 with value: 0.009832583601576165.
[I 2026-03-19 02:55:28,762] Trial 157 finished with value: 0.013357140304735199 and parameters: {'sigma_noise': 0.2337674094599484, 'A_repulsion': 0.10040373749996548, 'gamma': 0.6598984718849011, 'sigma_update': 0.43992290517102456, 'eta_learning': 1.8141398614135307, 'sigma_boundary': 6.288617214228523, 'alpha': 0.7606926395913305}. Best is trial 146 with value: 0.009832583601576165.
[I 2026-03-19 02:55:35,469] Trial 150 finished with value: 0.018727062771586336 and parameters: {'sigma_noise': 0.3282390059341164, 'A_repulsion': 0.25772156529425777, 'gamma': 0.5177677258587244, 'sigma_update': 0.2350202808184186, 'eta_learning': 1.7512135956061028, 'sigma_boundary': 6.298838396606849, 'alpha': 0.6893525130999737}. Best is trial 146 with value: 0.009832583601576165.
[I 2026-03-19 02:55:40,367] Trial 151 finished with value: 0.027794334338705918 and parameters: {'sigma_noise': 0.34768475295848644, 'A_repulsion': 0.1672454795334402, 'gamma': 0.663872173639845, 'sigma_update': 0.36822871032302207, 'eta_learning': 2.0217726946080674, 'sigma_boundary': 3.8249815087906476, 'alpha': 0.5480508057143741}. Best is trial 146 with value: 0.009832583601576165.
[I 2026-03-19 02:56:08,012] Trial 162 finished with value: 0.020386470720868778 and parameters: {'sigma_noise': 0.23176845664163953, 'A_repulsion': 0.12986989272781693, 'gamma': 0.6284712550338557, 'sigma_update': 0.3446217510873238, 'eta_learning': 1.1553506488195164, 'sigma_boundary': 3.795625849159253, 'alpha': 0.510667188557729}. Best is trial 146 with value: 0.009832583601576165.
[I 2026-03-19 02:56:23,305] Trial 153 finished with value: 0.01864853454609663 and parameters: {'sigma_noise': 0.26762917351969934, 'A_repulsion': 0.33190153506059417, 'gamma': 0.6884903423368058, 'sigma_update': 0.26283851907486605, 'eta_learning': 1.5349388023418582, 'sigma_boundary': 5.708160977977329, 'alpha': 0.729024880939333}. Best is trial 146 with value: 0.009832583601576165.
[I 2026-03-19 02:56:47,338] Trial 161 finished with value: 0.015506410813757638 and parameters: {'sigma_noise': 0.23449975424891584, 'A_repulsion': 0.24434486129640492, 'gamma': 0.6668194871071026, 'sigma_update': 0.31005873181033733, 'eta_learning': 2.1828842373677175, 'sigma_boundary': 5.235305861685984, 'alpha': 0.6594622486647174}. Best is trial 146 with value: 0.009832583601576165.
[I 2026-03-19 02:56:50,788] Trial 165 finished with value: 0.03438706548883963 and parameters: {'sigma_noise': 0.124199924805554, 'A_repulsion': 0.27820103274317615, 'gamma': 0.70021309127704, 'sigma_update': 0.39772612485328435, 'eta_learning': 1.4398156585925594, 'sigma_boundary': 5.18909942571507, 'alpha': 0.5973532293781482}. Best is trial 146 with value: 0.009832583601576165.
[I 2026-03-19 02:57:02,246] Trial 148 finished with value: 0.014644847417941665 and parameters: {'sigma_noise': 0.3842927750450002, 'A_repulsion': 0.3156354201780758, 'gamma': 0.8383807843184137, 'sigma_update': 0.3114671548023863, 'eta_learning': 1.7135093436638227, 'sigma_boundary': 5.218139918172823, 'alpha': 0.6129943281542352}. Best is trial 146 with value: 0.009832583601576165.
[I 2026-03-19 02:57:03,482] Trial 159 finished with value: 0.021848683438515135 and parameters: {'sigma_noise': 0.2600563268632074, 'A_repulsion': 0.28878693592187543, 'gamma': 0.5838792798679666, 'sigma_update': 0.28314102213253595, 'eta_learning': 1.9109797487221414, 'sigma_boundary': 5.910527134693637, 'alpha': 0.8214786463891068}. Best is trial 146 with value: 0.009832583601576165.
[I 2026-03-19 02:57:08,976] Trial 164 finished with value: 0.011477897315954656 and parameters: {'sigma_noise': 0.24118397782970824, 'A_repulsion': 0.09383656101260393, 'gamma': 0.7244086174948183, 'sigma_update': 0.2636995471535073, 'eta_learning': 1.1449007092536727, 'sigma_boundary': 8.120600794050583, 'alpha': 0.6305909702701652}. Best is trial 146 with value: 0.009832583601576165.
[I 2026-03-19 02:57:11,127] Trial 156 finished with value: 0.02446613565032948 and parameters: {'sigma_noise': 0.31229222924226335, 'A_repulsion': 0.2977289512459639, 'gamma': 0.571497241087824, 'sigma_update': 0.33612098420244607, 'eta_learning': 1.1725061605116933, 'sigma_boundary': 3.4410991723132622, 'alpha': 0.9804245051506115}. Best is trial 146 with value: 0.009832583601576165.
[I 2026-03-19 02:57:16,827] Trial 160 finished with value: 0.018669420386301552 and parameters: {'sigma_noise': 0.28607970274429867, 'A_repulsion': 0.19186522303756276, 'gamma': 0.853882082708347, 'sigma_update': 0.30441471137720727, 'eta_learning': 2.2471656042253474, 'sigma_boundary': 5.2775753364315285, 'alpha': 0.8290965471699263}. Best is trial 146 with value: 0.009832583601576165.
[I 2026-03-19 02:57:24,136] Trial 163 finished with value: 0.06529399580434175 and parameters: {'sigma_noise': 0.3263443521289918, 'A_repulsion': 0.13816467867724613, 'gamma': 0.6933733067438576, 'sigma_update': 0.3522859538083022, 'eta_learning': 1.811024047875593, 'sigma_boundary': 3.618205129707433, 'alpha': 0.4293620269871485}. Best is trial 146 with value: 0.009832583601576165.
[I 2026-03-19 02:57:34,048] Trial 158 finished with value: 0.019870293409348202 and parameters: {'sigma_noise': 0.35736037179150504, 'A_repulsion': 0.19660972349918332, 'gamma': 0.6064594748071469, 'sigma_update': 0.23691246825115603, 'eta_learning': 1.3170848166340496, 'sigma_boundary': 5.870292845819419, 'alpha': 0.7355323829028984}. Best is trial 146 with value: 0.009832583601576165.
[I 2026-03-19 02:57:48,199] Trial 154 finished with value: 0.01708392577539025 and parameters: {'sigma_noise': 0.3190671384610635, 'A_repulsion': 0.3551397289133966, 'gamma': 0.6711533776329403, 'sigma_update': 0.2923879631031247, 'eta_learning': 1.8112587149193147, 'sigma_boundary': 5.844226918348435, 'alpha': 0.5550947604961505}. Best is trial 146 with value: 0.009832583601576165.
[I 2026-03-19 02:57:54,535] Trial 166 finished with value: 0.014908883653978064 and parameters: {'sigma_noise': 0.24442152197573785, 'A_repulsion': 0.22808354920726845, 'gamma': 0.7549223465219634, 'sigma_update': 0.28046898730336595, 'eta_learning': 1.8424474608048436, 'sigma_boundary': 3.7111690308485192, 'alpha': 0.5045544342141215}. Best is trial 146 with value: 0.009832583601576165.
[I 2026-03-19 02:57:57,029] Trial 168 finished with value: 0.011800353878566846 and parameters: {'sigma_noise': 0.23801279325188296, 'A_repulsion': 0.15534250880196537, 'gamma': 0.8670012726880013, 'sigma_update': 0.29256987421979863, 'eta_learning': 1.7322354236047508, 'sigma_boundary': 5.496041861771978, 'alpha': 0.6317633327481077}. Best is trial 146 with value: 0.009832583601576165.
[I 2026-03-19 02:58:05,764] Trial 172 finished with value: 0.021775237371558252 and parameters: {'sigma_noise': 0.19541705864152997, 'A_repulsion': 0.18562233481469576, 'gamma': 0.43765450520376176, 'sigma_update': 0.3601128629049664, 'eta_learning': 1.196212177060688, 'sigma_boundary': 3.8098668902839408, 'alpha': 0.6231172125283516}. Best is trial 146 with value: 0.009832583601576165.
