[I 2026-03-19 02:37:14,608] Trial 58 finished with value: 0.1647531805161583 and parameters: {'sigma_noise': 0.25050024582328767, 'A_repulsion': 0.21460545305177298, 'gamma': 0.7376209770003371, 'sigma_update': 0.541886300390556, 'eta_learning': 0.789060354218321, 'sigma_boundary': 6.673809562173293, 'alpha': 0.34174816431678107}. Best is trial 8 with value: 0.00987411723456271.
[I 2026-03-19 02:37:16,785] Trial 49 finished with value: 0.017497034716106714 and parameters: {'sigma_noise': 0.3615647844955593, 'A_repulsion': 0.20358042782708324, 'gamma': 0.6329140021091875, 'sigma_update': 0.28042735343161995, 'eta_learning': 1.6973861947437163, 'sigma_boundary': 8.16036708994128, 'alpha': 0.6483884277167999}. Best is trial 8 with value: 0.00987411723456271.
[I 2026-03-19 02:37:18,620] Trial 60 finished with value: 0.055512633579323595 and parameters: {'sigma_noise': 0.24160681031222103, 'A_repulsion': 0.20085375738257247, 'gamma': 0.6059009683552289, 'sigma_update': 0.33579597068498096, 'eta_learning': 0.326421539332358, 'sigma_boundary': 4.4562402830542975, 'alpha': 0.2779107247365111}. Best is trial 8 with value: 0.00987411723456271.
[I 2026-03-19 02:37:21,136] Trial 56 finished with value: 0.037400973669811224 and parameters: {'sigma_noise': 0.2194396610280523, 'A_repulsion': 0.30599459524325745, 'gamma': 0.9560308284719279, 'sigma_update': 0.252340928018681, 'eta_learning': 0.8803866806017061, 'sigma_boundary': 2.506995028136458, 'alpha': 0.7434135440543953}. Best is trial 8 with value: 0.00987411723456271.
[I 2026-03-19 02:37:23,716] Trial 55 finished with value: 0.020482481439499642 and parameters: {'sigma_noise': 0.28247887600537797, 'A_repulsion': 0.21337429003408026, 'gamma': 0.5531180590095109, 'sigma_update': 0.33050899542507983, 'eta_learning': 2.149501539306499, 'sigma_boundary': 5.460424559490534, 'alpha': 0.564741616900807}. Best is trial 8 with value: 0.00987411723456271.
[I 2026-03-19 02:38:04,460] Trial 50 finished with value: 0.03667085454527997 and parameters: {'sigma_noise': 0.30497446864834554, 'A_repulsion': 0.36267127568243407, 'gamma': 0.5208414064665573, 'sigma_update': 0.49316322159494413, 'eta_learning': 0.11927638018808799, 'sigma_boundary': 5.365509143975795, 'alpha': 0.2834429031728667}. Best is trial 8 with value: 0.00987411723456271.
[I 2026-03-19 02:38:06,034] Trial 54 finished with value: 0.048051178047473914 and parameters: {'sigma_noise': 0.3618990602582221, 'A_repulsion': 0.19791666277997116, 'gamma': 0.5670465422102886, 'sigma_update': 0.46494118338057694, 'eta_learning': 1.4611026126460276, 'sigma_boundary': 4.658564216799343, 'alpha': 0.5869090642446255}. Best is trial 8 with value: 0.00987411723456271.
[I 2026-03-19 02:38:08,915] Trial 64 finished with value: 0.19754048869816407 and parameters: {'sigma_noise': 0.3165718807449173, 'A_repulsion': 0.16701164596610568, 'gamma': 0.43028834539969396, 'sigma_update': 0.14754577646049388, 'eta_learning': 1.3466625863491462, 'sigma_boundary': 7.646451289737382, 'alpha': 0.32815224808582233}. Best is trial 8 with value: 0.00987411723456271.
[I 2026-03-19 02:38:18,559] Trial 59 finished with value: 0.05784609867603733 and parameters: {'sigma_noise': 0.3146396221202298, 'A_repulsion': 0.24717110595814787, 'gamma': 0.5266586968063843, 'sigma_update': 0.4043343692108771, 'eta_learning': 0.8678217044611681, 'sigma_boundary': 7.336806811589235, 'alpha': 0.4736899243502259}. Best is trial 8 with value: 0.00987411723456271.
[I 2026-03-19 02:38:30,662] Trial 57 finished with value: 0.12715167570184194 and parameters: {'sigma_noise': 0.253858784784795, 'A_repulsion': 0.35856220697051594, 'gamma': 0.39998516011251906, 'sigma_update': 0.21102687405365203, 'eta_learning': 1.4350371812772695, 'sigma_boundary': 5.3338654529767435, 'alpha': 0.35439343969689197}. Best is trial 8 with value: 0.00987411723456271.
[I 2026-03-19 02:38:42,348] Trial 70 finished with value: 0.018892154713354054 and parameters: {'sigma_noise': 0.3129902995677972, 'A_repulsion': 0.0577209448082123, 'gamma': 0.5010905107221886, 'sigma_update': 0.291695017383973, 'eta_learning': 2.016121647731716, 'sigma_boundary': 7.06895739631233, 'alpha': 0.5434768805171629}. Best is trial 8 with value: 0.00987411723456271.
[I 2026-03-19 02:38:55,108] Trial 68 finished with value: 0.029161463292344748 and parameters: {'sigma_noise': 0.3149491250512286, 'A_repulsion': 0.14390602680120484, 'gamma': 0.4764539176325859, 'sigma_update': 0.10473427177604397, 'eta_learning': 1.1709571056877446, 'sigma_boundary': 4.7994491397414585, 'alpha': 0.48154303977486934}. Best is trial 8 with value: 0.00987411723456271.
[I 2026-03-19 02:39:13,862] Trial 71 finished with value: 0.02621793202810775 and parameters: {'sigma_noise': 0.22984864809513889, 'A_repulsion': 0.19845955777392338, 'gamma': 0.26239746861002583, 'sigma_update': 0.14961820808859408, 'eta_learning': 0.9092323811781399, 'sigma_boundary': 6.093649863936739, 'alpha': 0.5154996661029778}. Best is trial 8 with value: 0.00987411723456271.
[I 2026-03-19 02:39:28,012] Trial 63 finished with value: 0.015235853409723842 and parameters: {'sigma_noise': 0.30558413736805495, 'A_repulsion': 0.3460492481862967, 'gamma': 0.6291826631151985, 'sigma_update': 0.3454151916967875, 'eta_learning': 0.8153829425889766, 'sigma_boundary': 7.326890828038551, 'alpha': 0.687816003801017}. Best is trial 8 with value: 0.00987411723456271.
[I 2026-03-19 02:39:37,039] Trial 69 finished with value: 0.12093695234516452 and parameters: {'sigma_noise': 0.28760725161993916, 'A_repulsion': 0.2664254767539615, 'gamma': 0.4015662394307829, 'sigma_update': 0.5736364879546467, 'eta_learning': 1.7684081480544256, 'sigma_boundary': 6.156390822856451, 'alpha': 0.493559100043356}. Best is trial 8 with value: 0.00987411723456271.
[I 2026-03-19 02:39:54,020] Trial 73 finished with value: 0.02120057634546524 and parameters: {'sigma_noise': 0.2530543319401579, 'A_repulsion': 0.18092971561129234, 'gamma': 0.5495141820740267, 'sigma_update': 0.3599532431527223, 'eta_learning': 2.021387711603754, 'sigma_boundary': 5.163136177567429, 'alpha': 0.5926640118507592}. Best is trial 8 with value: 0.00987411723456271.
[I 2026-03-19 02:40:00,627] Trial 72 finished with value: 0.01606377874723411 and parameters: {'sigma_noise': 0.2844970566376784, 'A_repulsion': 0.23151960413031575, 'gamma': 0.5072914426149664, 'sigma_update': 0.29491508848335757, 'eta_learning': 1.4216725160330383, 'sigma_boundary': 3.326288913332853, 'alpha': 0.6499237712718309}. Best is trial 8 with value: 0.00987411723456271.
[I 2026-03-19 02:40:14,476] Trial 65 finished with value: 0.38442293174536385 and parameters: {'sigma_noise': 0.3678170436543965, 'A_repulsion': 0.3021716691112286, 'gamma': 0.33876185211081206, 'sigma_update': 0.5176070388182418, 'eta_learning': 0.6933360961447641, 'sigma_boundary': 6.092964021799587, 'alpha': 0.3191672431549029}. Best is trial 8 with value: 0.00987411723456271.
[I 2026-03-19 02:40:25,244] Trial 76 finished with value: 0.023126041376705257 and parameters: {'sigma_noise': 0.1811172582858509, 'A_repulsion': 0.2989265063856727, 'gamma': 0.5925735428244511, 'sigma_update': 0.38313482432429946, 'eta_learning': 1.3907803034932733, 'sigma_boundary': 7.526547629983431, 'alpha': 0.5837221254182595}. Best is trial 8 with value: 0.00987411723456271.
[I 2026-03-19 02:40:36,310] Trial 75 finished with value: 0.022448527954041734 and parameters: {'sigma_noise': 0.2745106037434633, 'A_repulsion': 0.2429449418869586, 'gamma': 0.38901761284439934, 'sigma_update': 0.3483416266956353, 'eta_learning': 1.5854086386306683, 'sigma_boundary': 6.153142238022742, 'alpha': 0.5954044115751704}. Best is trial 8 with value: 0.00987411723456271.
[I 2026-03-19 02:41:18,247] Trial 80 finished with value: 0.04934110056584468 and parameters: {'sigma_noise': 0.0849362043452129, 'A_repulsion': 0.3625255265431908, 'gamma': 0.47899715974541596, 'sigma_update': 0.36711216683495934, 'eta_learning': 2.0945317135336046, 'sigma_boundary': 5.021631197237493, 'alpha': 0.43110612007937776}. Best is trial 8 with value: 0.00987411723456271.
[I 2026-03-19 02:41:39,462] Trial 74 finished with value: 0.029558849155210537 and parameters: {'sigma_noise': 0.2802048055390188, 'A_repulsion': 0.3301761246466657, 'gamma': 0.31271179682934014, 'sigma_update': 0.47230410253641736, 'eta_learning': 1.9353926629472422, 'sigma_boundary': 4.757455692324738, 'alpha': 0.7005504641794673}. Best is trial 8 with value: 0.00987411723456271.
[I 2026-03-19 02:42:14,205] Trial 83 finished with value: 0.0648676235766998 and parameters: {'sigma_noise': 0.2857205293357731, 'A_repulsion': 0.11044954777971139, 'gamma': 0.5363844375227759, 'sigma_update': 0.39292912345786873, 'eta_learning': 1.4437671381730144, 'sigma_boundary': 3.531068163201568, 'alpha': 0.4283930599133182}. Best is trial 8 with value: 0.00987411723456271.
[I 2026-03-19 02:42:16,634] Trial 82 finished with value: 0.10272508972072777 and parameters: {'sigma_noise': 0.25588617589134516, 'A_repulsion': 0.1624471571128842, 'gamma': 0.35706240493198954, 'sigma_update': 0.24653080882915793, 'eta_learning': 1.6230414997096363, 'sigma_boundary': 4.651651499182469, 'alpha': 0.33181472433661857}. Best is trial 8 with value: 0.00987411723456271.
[I 2026-03-19 02:42:20,054] Trial 77 finished with value: 0.1597222410336247 and parameters: {'sigma_noise': 0.24946075881430357, 'A_repulsion': 0.37070490108738924, 'gamma': 0.40217011234361993, 'sigma_update': 0.43455239647716476, 'eta_learning': 0.9792298809374917, 'sigma_boundary': 2.0007245919487247, 'alpha': 0.35809257667729444}. Best is trial 8 with value: 0.00987411723456271.
[I 2026-03-19 02:42:26,917] Trial 81 finished with value: 0.0252792756875314 and parameters: {'sigma_noise': 0.18517719170570301, 'A_repulsion': 0.3356906610210774, 'gamma': 0.4512434023450978, 'sigma_update': 0.2801373389938366, 'eta_learning': 2.0697660911541598, 'sigma_boundary': 3.6771952646869552, 'alpha': 0.538863510830717}. Best is trial 8 with value: 0.00987411723456271.
[I 2026-03-19 02:42:29,136] Trial 87 finished with value: 0.03219130992887774 and parameters: {'sigma_noise': 0.15940960527095294, 'A_repulsion': 0.2932718235176291, 'gamma': 0.5184820057920592, 'sigma_update': 0.36796788325469026, 'eta_learning': 1.4293355987445429, 'sigma_boundary': 4.8104828547500444, 'alpha': 0.49297785820070433}. Best is trial 8 with value: 0.00987411723456271.
[I 2026-03-19 02:42:45,421] Trial 79 finished with value: 0.46001971765225913 and parameters: {'sigma_noise': 0.3084489115077677, 'A_repulsion': 0.24633806431824326, 'gamma': 0.39256757443109036, 'sigma_update': 0.3744679282712593, 'eta_learning': 1.7097025187917587, 'sigma_boundary': 6.812382997989869, 'alpha': 0.24832943779089617}. Best is trial 8 with value: 0.00987411723456271.
[I 2026-03-19 02:42:48,966] Trial 88 finished with value: 0.025105748549157057 and parameters: {'sigma_noise': 0.16269499943826393, 'A_repulsion': 0.2621246329001449, 'gamma': 0.519629169771441, 'sigma_update': 0.29786996215779804, 'eta_learning': 0.9762361262584698, 'sigma_boundary': 3.209004896405779, 'alpha': 0.5126218347357517}. Best is trial 8 with value: 0.00987411723456271.
[I 2026-03-19 02:42:49,589] Trial 78 finished with value: 0.022290448463758654 and parameters: {'sigma_noise': 0.2545994294938762, 'A_repulsion': 0.41123585635216203, 'gamma': 0.4055237912691868, 'sigma_update': 0.3297665921231204, 'eta_learning': 1.3410048285454153, 'sigma_boundary': 6.763516636376601, 'alpha': 0.7122479374369793}. Best is trial 8 with value: 0.00987411723456271.
[I 2026-03-19 02:43:05,526] Trial 90 finished with value: 0.025112210700359464 and parameters: {'sigma_noise': 0.1753907065053975, 'A_repulsion': 0.19071370153163897, 'gamma': 0.7794119461778873, 'sigma_update': 0.26849767307808525, 'eta_learning': 0.9409746681603722, 'sigma_boundary': 3.0491267499899775, 'alpha': 0.6170046109386387}. Best is trial 8 with value: 0.00987411723456271.
[I 2026-03-19 02:43:07,579] Trial 85 finished with value: 0.2899104312412517 and parameters: {'sigma_noise': 0.2348041077686977, 'A_repulsion': 0.28954361500773096, 'gamma': 0.444657134874733, 'sigma_update': 0.47209578003862307, 'eta_learning': 1.653549316667044, 'sigma_boundary': 6.7037183352495315, 'alpha': 0.303438834441427}. Best is trial 8 with value: 0.00987411723456271.
[I 2026-03-19 02:43:24,739] Trial 89 finished with value: 0.03410423141398815 and parameters: {'sigma_noise': 0.19071836871928372, 'A_repulsion': 0.26584569762427507, 'gamma': 0.583561948224682, 'sigma_update': 0.18707059368679993, 'eta_learning': 1.0725292558752857, 'sigma_boundary': 2.4441796223200787, 'alpha': 0.7006904557756481}. Best is trial 8 with value: 0.00987411723456271.
[I 2026-03-19 02:43:27,499] Trial 104 finished with value: 0.049912670661045516 and parameters: {'sigma_noise': 0.07162158491648854, 'A_repulsion': 0.21451984067951202, 'gamma': 0.5876288943517457, 'sigma_update': 0.4261897293693476, 'eta_learning': 1.3241780713889755, 'sigma_boundary': 3.9019761187654662, 'alpha': 0.6371346052808511}. Best is trial 8 with value: 0.00987411723456271.
[I 2026-03-19 02:43:47,233] Trial 99 finished with value: 0.024510097926096965 and parameters: {'sigma_noise': 0.19345460112098078, 'A_repulsion': 0.2412213434685413, 'gamma': 0.2727352832617967, 'sigma_update': 0.23842440985406063, 'eta_learning': 1.751250454646123, 'sigma_boundary': 8.062729465426289, 'alpha': 0.4982218963868403}. Best is trial 8 with value: 0.00987411723456271.
[I 2026-03-19 02:44:14,464] Trial 86 finished with value: 0.23528227409627503 and parameters: {'sigma_noise': 0.27992592044062437, 'A_repulsion': 0.24458652760219024, 'gamma': 0.480933381923793, 'sigma_update': 0.6983745120972682, 'eta_learning': 0.3420900624801016, 'sigma_boundary': 7.613115886339828, 'alpha': 0.29659984664304073}. Best is trial 8 with value: 0.00987411723456271.
[I 2026-03-19 02:44:18,532] Trial 96 finished with value: 0.03191332229109462 and parameters: {'sigma_noise': 0.1824028681839115, 'A_repulsion': 0.32778770244888444, 'gamma': 0.5826874174532278, 'sigma_update': 0.2408890558936916, 'eta_learning': 1.1587182184322042, 'sigma_boundary': 4.26144616118085, 'alpha': 0.6283316173309602}. Best is trial 8 with value: 0.00987411723456271.
[I 2026-03-19 02:44:22,633] Trial 103 finished with value: 0.02231701767107537 and parameters: {'sigma_noise': 0.17831403335489338, 'A_repulsion': 0.1940110248758165, 'gamma': 0.7009032376207606, 'sigma_update': 0.2732707572800929, 'eta_learning': 1.1378442381242302, 'sigma_boundary': 2.609779662449527, 'alpha': 0.5215928850393675}. Best is trial 8 with value: 0.00987411723456271.
[I 2026-03-19 02:44:25,104] Trial 94 finished with value: 0.012229291108799245 and parameters: {'sigma_noise': 0.24561451731532585, 'A_repulsion': 0.21919631623070757, 'gamma': 0.7494832048007338, 'sigma_update': 0.3398485818827878, 'eta_learning': 1.8716266985214278, 'sigma_boundary': 6.327543555029707, 'alpha': 0.5936790221692799}. Best is trial 8 with value: 0.00987411723456271.
[I 2026-03-19 02:44:38,892] Trial 95 finished with value: 0.011441533942126205 and parameters: {'sigma_noise': 0.2892061132452864, 'A_repulsion': 0.20778882527015546, 'gamma': 0.708897253929875, 'sigma_update': 0.41087007519375285, 'eta_learning': 1.7475544362723268, 'sigma_boundary': 3.943334279420583, 'alpha': 0.7124661684440408}. Best is trial 8 with value: 0.00987411723456271.
[I 2026-03-19 02:44:56,414] Trial 108 finished with value: 0.045780795110601166 and parameters: {'sigma_noise': 0.10346668200488779, 'A_repulsion': 0.2656338606741523, 'gamma': 0.798556592024041, 'sigma_update': 0.3134923723545683, 'eta_learning': 0.4966602537002251, 'sigma_boundary': 5.2118539659396825, 'alpha': 0.5545489267780793}. Best is trial 8 with value: 0.00987411723456271.
[I 2026-03-19 02:45:07,172] Trial 91 finished with value: 0.04588055381782353 and parameters: {'sigma_noise': 0.2453186335282992, 'A_repulsion': 0.34576026316724306, 'gamma': 0.9558633607327863, 'sigma_update': 0.24343677618352355, 'eta_learning': 2.0547089140200856, 'sigma_boundary': 4.233348834633383, 'alpha': 0.8598994947255801}. Best is trial 8 with value: 0.00987411723456271.
[I 2026-03-19 02:45:17,337] Trial 84 finished with value: 0.05219016612250313 and parameters: {'sigma_noise': 0.427581863228827, 'A_repulsion': 0.22768238748170372, 'gamma': 0.5671334124233616, 'sigma_update': 0.33030044257301666, 'eta_learning': 1.4884993489369098, 'sigma_boundary': 5.11692583403543, 'alpha': 0.5262120336191062}. Best is trial 8 with value: 0.00987411723456271.
[I 2026-03-19 02:45:23,812] Trial 97 finished with value: 0.014271614075535963 and parameters: {'sigma_noise': 0.2975067150550581, 'A_repulsion': 0.23938275556872396, 'gamma': 0.5774631508602809, 'sigma_update': 0.3313904497111679, 'eta_learning': 1.5590689211043927, 'sigma_boundary': 5.215112039654018, 'alpha': 0.6774673185589599}. Best is trial 8 with value: 0.00987411723456271.
[I 2026-03-19 02:45:44,788] Trial 101 finished with value: 0.0338650104704716 and parameters: {'sigma_noise': 0.27419618335546025, 'A_repulsion': 0.2648787516299647, 'gamma': 0.9123773961216389, 'sigma_update': 0.5421832325978371, 'eta_learning': 1.5900241678394162, 'sigma_boundary': 3.2824751365190346, 'alpha': 0.49025621145314613}. Best is trial 8 with value: 0.00987411723456271.
[I 2026-03-19 02:45:48,810] Trial 92 finished with value: 0.013178226483632238 and parameters: {'sigma_noise': 0.3188145685867575, 'A_repulsion': 0.309458019082964, 'gamma': 0.7154004682273339, 'sigma_update': 0.2321926753238294, 'eta_learning': 0.7664486904724072, 'sigma_boundary': 8.626760194297576, 'alpha': 0.6404078553104761}. Best is trial 8 with value: 0.00987411723456271.
[I 2026-03-19 02:45:54,502] Trial 98 finished with value: 0.028831852848813146 and parameters: {'sigma_noise': 0.2661612729304787, 'A_repulsion': 0.3953669393755468, 'gamma': 0.5743178880816067, 'sigma_update': 0.4282515467640212, 'eta_learning': 1.2013969521618537, 'sigma_boundary': 3.778448170567439, 'alpha': 0.5529369766918397}. Best is trial 8 with value: 0.00987411723456271.
[I 2026-03-19 02:46:10,297] Trial 106 finished with value: 0.0334200732264579 and parameters: {'sigma_noise': 0.24910173392776863, 'A_repulsion': 0.26342980157203555, 'gamma': 0.46793000165865223, 'sigma_update': 0.4485391207897106, 'eta_learning': 1.1509623136536877, 'sigma_boundary': 2.6849570318597804, 'alpha': 0.5408000945843638}. Best is trial 8 with value: 0.00987411723456271.
[I 2026-03-19 02:46:15,058] Trial 93 finished with value: 0.09114508662274737 and parameters: {'sigma_noise': 0.27654308793782867, 'A_repulsion': 0.4168871582247162, 'gamma': 0.40689206557824975, 'sigma_update': 0.40219073296031077, 'eta_learning': 0.8512531571159594, 'sigma_boundary': 6.727595788227184, 'alpha': 0.4151816080224011}. Best is trial 8 with value: 0.00987411723456271.
[I 2026-03-19 02:46:16,465] Trial 100 finished with value: 0.020312765887604677 and parameters: {'sigma_noise': 0.28797999031356636, 'A_repulsion': 0.3777820730725203, 'gamma': 0.45842937635380315, 'sigma_update': 0.20359771249453978, 'eta_learning': 0.7971792614322917, 'sigma_boundary': 3.0594519962184705, 'alpha': 0.5412806034797246}. Best is trial 8 with value: 0.00987411723456271.
[I 2026-03-19 02:46:47,056] Trial 112 finished with value: 0.027251882973745572 and parameters: {'sigma_noise': 0.16180563547302662, 'A_repulsion': 0.3576267178238815, 'gamma': 0.792940477597146, 'sigma_update': 0.2017630681483933, 'eta_learning': 1.8112595479382936, 'sigma_boundary': 4.299980391230035, 'alpha': 0.5406340784024433}. Best is trial 8 with value: 0.00987411723456271.
[I 2026-03-19 02:46:52,221] Trial 107 finished with value: 0.016737582338481077 and parameters: {'sigma_noise': 0.24257422910057214, 'A_repulsion': 0.34177423931077133, 'gamma': 0.5732748764226975, 'sigma_update': 0.2882511534160939, 'eta_learning': 0.504332937571718, 'sigma_boundary': 2.9322049012595413, 'alpha': 0.5927986453065438}. Best is trial 8 with value: 0.00987411723456271.
[I 2026-03-19 02:47:04,012] Trial 102 finished with value: 0.03923931205783184 and parameters: {'sigma_noise': 0.3433081055310856, 'A_repulsion': 0.28458259677255593, 'gamma': 0.3016958461967568, 'sigma_update': 0.32097472833502777, 'eta_learning': 1.268250793939626, 'sigma_boundary': 4.541814458263642, 'alpha': 0.46868158030159035}. Best is trial 8 with value: 0.00987411723456271.
[I 2026-03-19 02:47:07,639] Trial 105 finished with value: 0.019436801052264814 and parameters: {'sigma_noise': 0.3301264126122061, 'A_repulsion': 0.324977236608542, 'gamma': 0.6100363014241644, 'sigma_update': 0.41010186002866156, 'eta_learning': 1.8471706670125243, 'sigma_boundary': 6.530468535689507, 'alpha': 0.6952506901860405}. Best is trial 8 with value: 0.00987411723456271.
[I 2026-03-19 02:47:10,150] Trial 111 finished with value: 0.027163519922995878 and parameters: {'sigma_noise': 0.2333308028346665, 'A_repulsion': 0.29242944708617746, 'gamma': 0.48852522650786184, 'sigma_update': 0.5098672700670797, 'eta_learning': 1.335297260257493, 'sigma_boundary': 5.327901621201412, 'alpha': 0.6826788723935655}. Best is trial 8 with value: 0.00987411723456271.
[I 2026-03-19 02:47:46,308] Trial 114 finished with value: 0.017941847772486072 and parameters: {'sigma_noise': 0.2134097643563822, 'A_repulsion': 0.32791180551863863, 'gamma': 0.6707987449599275, 'sigma_update': 0.46949325374096057, 'eta_learning': 0.6530235466107157, 'sigma_boundary': 4.5461810169282595, 'alpha': 0.6356578027205568}. Best is trial 8 with value: 0.00987411723456271.
[I 2026-03-19 02:47:52,118] Trial 109 finished with value: 0.022340958843556753 and parameters: {'sigma_noise': 0.32175645213919374, 'A_repulsion': 0.27451645463644714, 'gamma': 0.5513323631958901, 'sigma_update': 0.25244081409637636, 'eta_learning': 0.8323257305438921, 'sigma_boundary': 3.991874038843713, 'alpha': 0.8198877830436543}. Best is trial 8 with value: 0.00987411723456271.
