[I 2026-03-24 17:31:15,509] A new study created in memory with name: no-name-41411b88-9fe7-481a-aab1-7c16c7a3838a
[I 2026-03-24 17:32:13,789] Trial 10 finished with value: 0.07449759391010428 and parameters: {'sigma_noise': 0.1650225101357203, 'A_repulsion': 0.008765427473593546, 'gamma': 0.5318784544867843, 'sigma_update': 0.6513093726221282, 'eta_learning': 0.1473925179852378, 'sigma_boundary': 9.191119461083984, 'alpha': 0.02173729649340972}. Best is trial 10 with value: 0.07449759391010428.
[I 2026-03-24 17:32:16,413] Trial 3 finished with value: 0.013032394004774243 and parameters: {'sigma_noise': 0.12949013786386535, 'A_repulsion': 0.16935974533324788, 'gamma': 0.22883834115435497, 'sigma_update': 0.1362296620880696, 'eta_learning': 0.15007883439359634, 'sigma_boundary': 1.0171578441122864, 'alpha': 0.31849978499095755}. Best is trial 3 with value: 0.013032394004774243.
[I 2026-03-24 17:32:17,156] Trial 13 finished with value: 0.02672602769584836 and parameters: {'sigma_noise': 0.21950774596284844, 'A_repulsion': 0.057029823816447556, 'gamma': 0.8060711094651811, 'sigma_update': 0.21491266866202138, 'eta_learning': 0.10814610928694032, 'sigma_boundary': 5.00011864028894, 'alpha': 0.8168848970674882}. Best is trial 3 with value: 0.013032394004774243.
[I 2026-03-24 17:32:18,300] Trial 1 finished with value: 0.058962114488341835 and parameters: {'sigma_noise': 0.15140227400996767, 'A_repulsion': 0.09309280794551339, 'gamma': 0.9759901250453011, 'sigma_update': 0.6833482829045296, 'eta_learning': 0.11878258401910527, 'sigma_boundary': 9.27513870477861, 'alpha': 0.11740710807097388}. Best is trial 3 with value: 0.013032394004774243.
[I 2026-03-24 17:32:18,691] Trial 21 finished with value: 0.012663334933064863 and parameters: {'sigma_noise': 0.020028751104227676, 'A_repulsion': 0.4340119758335131, 'gamma': 0.5143993458140997, 'sigma_update': 0.4615374154366142, 'eta_learning': 0.17840012788722184, 'sigma_boundary': 4.657214479783391, 'alpha': 0.8258044924879439}. Best is trial 21 with value: 0.012663334933064863.
[I 2026-03-24 17:32:19,538] Trial 9 finished with value: 0.011946246224504492 and parameters: {'sigma_noise': 0.019616242566129524, 'A_repulsion': 0.48517235157966215, 'gamma': 0.24486768179942547, 'sigma_update': 0.39644260767076583, 'eta_learning': 0.11640349186365831, 'sigma_boundary': 4.285853235619684, 'alpha': 0.6698591692189144}. Best is trial 9 with value: 0.011946246224504492.
[I 2026-03-24 17:32:20,471] Trial 5 finished with value: 0.016838506669092458 and parameters: {'sigma_noise': 0.07684658360344829, 'A_repulsion': 0.2673693563138988, 'gamma': 0.7535521180345747, 'sigma_update': 0.30540995838085466, 'eta_learning': 0.15078157842776074, 'sigma_boundary': 3.174638958079423, 'alpha': 0.28678516352019157}. Best is trial 9 with value: 0.011946246224504492.
[I 2026-03-24 17:32:20,576] Trial 20 finished with value: 0.026982313259223626 and parameters: {'sigma_noise': 0.13275326428862408, 'A_repulsion': 0.01896904893532142, 'gamma': 0.5806179281871309, 'sigma_update': 0.36265079599646216, 'eta_learning': 0.020282050038236972, 'sigma_boundary': 3.9354471214581137, 'alpha': 0.7359134260236314}. Best is trial 9 with value: 0.011946246224504492.
[I 2026-03-24 17:32:21,048] Trial 15 finished with value: 0.0237217480492685 and parameters: {'sigma_noise': 0.11503386976840183, 'A_repulsion': 0.2559507286483637, 'gamma': 0.5602643699581796, 'sigma_update': 0.1868485707015265, 'eta_learning': 0.039742870322628875, 'sigma_boundary': 0.2796030636532347, 'alpha': 0.22190240375085601}. Best is trial 9 with value: 0.011946246224504492.
[I 2026-03-24 17:32:21,105] Trial 7 finished with value: 0.08877673106481865 and parameters: {'sigma_noise': 0.2554481291863199, 'A_repulsion': 0.04214741121791238, 'gamma': 0.8580225367013677, 'sigma_update': 0.27049305412533875, 'eta_learning': 0.11600901800090592, 'sigma_boundary': 9.21876113958251, 'alpha': 0.09140525228988505}. Best is trial 9 with value: 0.011946246224504492.
[I 2026-03-24 17:32:24,206] Trial 0 finished with value: 0.027770853921167158 and parameters: {'sigma_noise': 0.11410138270750989, 'A_repulsion': 0.22359900545527406, 'gamma': 0.649817939409281, 'sigma_update': 0.16729493911687426, 'eta_learning': 0.14918689310750058, 'sigma_boundary': 0.21195501007559733, 'alpha': 0.2713110553727369}. Best is trial 9 with value: 0.011946246224504492.
[I 2026-03-24 17:32:26,231] Trial 4 finished with value: 0.08929470324204361 and parameters: {'sigma_noise': 0.07669648992396243, 'A_repulsion': 0.3458792382910757, 'gamma': 0.26524012893946225, 'sigma_update': 0.04794166643126148, 'eta_learning': 0.08793747213818189, 'sigma_boundary': 1.9276146451490965, 'alpha': 0.6335822034288668}. Best is trial 9 with value: 0.011946246224504492.
[I 2026-03-24 17:32:27,782] Trial 17 finished with value: 0.056510854485481356 and parameters: {'sigma_noise': 0.28480067961157396, 'A_repulsion': 0.02316326767285687, 'gamma': 0.7183805019561815, 'sigma_update': 0.10210970743075008, 'eta_learning': 0.10167105433426198, 'sigma_boundary': 5.853287586630076, 'alpha': 0.22357604588168334}. Best is trial 9 with value: 0.011946246224504492.
[I 2026-03-24 17:32:29,349] Trial 14 finished with value: 0.02803988578768396 and parameters: {'sigma_noise': 0.09024001727851445, 'A_repulsion': 0.35887446881233964, 'gamma': 0.7873794370174834, 'sigma_update': 0.6133528825603171, 'eta_learning': 0.03709211191247192, 'sigma_boundary': 7.718450783612093, 'alpha': 0.6789700694012858}. Best is trial 9 with value: 0.011946246224504492.
[I 2026-03-24 17:32:30,166] Trial 6 finished with value: 0.11141414858484944 and parameters: {'sigma_noise': 0.23038371369541533, 'A_repulsion': 0.16388204516464971, 'gamma': 0.24602704485813168, 'sigma_update': 0.6529984090949809, 'eta_learning': 0.03508960432089775, 'sigma_boundary': 9.745927352841377, 'alpha': 0.8968417213125547}. Best is trial 9 with value: 0.011946246224504492.
[I 2026-03-24 17:32:31,620] Trial 23 finished with value: 0.020136604121165507 and parameters: {'sigma_noise': 0.16110369990953138, 'A_repulsion': 0.35439354797177575, 'gamma': 0.8214486195487755, 'sigma_update': 0.49780529977380056, 'eta_learning': 0.15100358345390058, 'sigma_boundary': 3.058104066523407, 'alpha': 0.8007312259949712}. Best is trial 9 with value: 0.011946246224504492.
[I 2026-03-24 17:32:33,173] Trial 16 finished with value: 0.028261689926221772 and parameters: {'sigma_noise': 0.10288836704123139, 'A_repulsion': 0.41693140936192186, 'gamma': 0.7648976882486728, 'sigma_update': 0.04724781513875652, 'eta_learning': 0.03106923837585191, 'sigma_boundary': 6.7650782410618175, 'alpha': 0.0011781074266439262}. Best is trial 9 with value: 0.011946246224504492.
[I 2026-03-24 17:32:39,248] Trial 22 finished with value: 0.043568256010347015 and parameters: {'sigma_noise': 0.2716529665947391, 'A_repulsion': 0.23572888937241265, 'gamma': 0.8236309627994314, 'sigma_update': 0.5642313468441991, 'eta_learning': 0.06384172697883742, 'sigma_boundary': 8.945551530172688, 'alpha': 0.3896074857327525}. Best is trial 9 with value: 0.011946246224504492.
[I 2026-03-24 17:32:40,649] Trial 12 finished with value: 0.029055445560601842 and parameters: {'sigma_noise': 0.1363951539661019, 'A_repulsion': 0.4200187302623882, 'gamma': 0.36055104387851056, 'sigma_update': 0.19402711076240423, 'eta_learning': 0.06805991188654387, 'sigma_boundary': 9.147499836264329, 'alpha': 0.9528129346664767}. Best is trial 9 with value: 0.011946246224504492.
[I 2026-03-24 17:32:41,075] Trial 2 finished with value: 0.09080458231993946 and parameters: {'sigma_noise': 0.26327634424857826, 'A_repulsion': 0.28676650501437323, 'gamma': 0.5372698184872017, 'sigma_update': 0.5910637274203445, 'eta_learning': 0.1884371211169632, 'sigma_boundary': 3.414196308783083, 'alpha': 0.7287453593837294}. Best is trial 9 with value: 0.011946246224504492.
[I 2026-03-24 17:32:42,766] Trial 8 finished with value: 0.01952273105662328 and parameters: {'sigma_noise': 0.15160293708625364, 'A_repulsion': 0.4713449464923858, 'gamma': 0.7652825465084885, 'sigma_update': 0.6186160283357586, 'eta_learning': 0.1925918737899521, 'sigma_boundary': 9.814770332095328, 'alpha': 0.6125801830507207}. Best is trial 9 with value: 0.011946246224504492.
[I 2026-03-24 17:32:46,693] Trial 18 finished with value: 0.05903767642848828 and parameters: {'sigma_noise': 0.2050224850039382, 'A_repulsion': 0.48495039103802784, 'gamma': 0.21662806272241913, 'sigma_update': 0.5932028620922989, 'eta_learning': 0.045142708821299435, 'sigma_boundary': 9.561596737922402, 'alpha': 0.373936738029749}. Best is trial 9 with value: 0.011946246224504492.
[I 2026-03-24 17:32:51,801] Trial 11 finished with value: 0.06414157185402952 and parameters: {'sigma_noise': 0.29172877680766474, 'A_repulsion': 0.44825059031763775, 'gamma': 0.9744549551886591, 'sigma_update': 0.6520290113708456, 'eta_learning': 0.021072423030208988, 'sigma_boundary': 0.14928074654546866, 'alpha': 0.5350627686495739}. Best is trial 9 with value: 0.011946246224504492.
[I 2026-03-24 17:33:00,235] Trial 19 finished with value: 0.39136181405976367 and parameters: {'sigma_noise': 0.2725888964614242, 'A_repulsion': 0.47192119174947045, 'gamma': 0.36326978801360194, 'sigma_update': 0.15246637409028943, 'eta_learning': 0.16896932430148395, 'sigma_boundary': 8.347373648343876, 'alpha': 0.10229871239571431}. Best is trial 9 with value: 0.011946246224504492.
[I 2026-03-24 17:33:23,600] Trial 24 finished with value: 0.022610456147463317 and parameters: {'sigma_noise': 0.1495868604483972, 'A_repulsion': 0.194340365369029, 'gamma': 0.7272529847517356, 'sigma_update': 0.36279873666203, 'eta_learning': 0.10470361483861669, 'sigma_boundary': 5.554943244834428, 'alpha': 0.359978469940623}. Best is trial 9 with value: 0.011946246224504492.
[I 2026-03-24 17:33:27,371] Trial 31 finished with value: 0.023961389602455883 and parameters: {'sigma_noise': 0.13860326012488286, 'A_repulsion': 0.15897494302579218, 'gamma': 0.6167968846081254, 'sigma_update': 0.562024821804441, 'eta_learning': 0.05378243271432368, 'sigma_boundary': 5.01661022364769, 'alpha': 0.4538339290098883}. Best is trial 9 with value: 0.011946246224504492.
[I 2026-03-24 17:33:27,561] Trial 32 finished with value: 0.023090169884105855 and parameters: {'sigma_noise': 0.13688915270201507, 'A_repulsion': 0.1921011705141805, 'gamma': 0.29825356669410025, 'sigma_update': 0.46240882718962417, 'eta_learning': 0.07204677460696433, 'sigma_boundary': 6.078935494936968, 'alpha': 0.654641968141412}. Best is trial 9 with value: 0.011946246224504492.
[I 2026-03-24 17:33:28,300] Trial 26 finished with value: 0.024872616575833527 and parameters: {'sigma_noise': 0.16553654604036835, 'A_repulsion': 0.15792977408060369, 'gamma': 0.3388683444448122, 'sigma_update': 0.347501433185372, 'eta_learning': 0.089848303929022, 'sigma_boundary': 7.493845683802453, 'alpha': 0.7075176153263797}. Best is trial 9 with value: 0.011946246224504492.
[I 2026-03-24 17:33:28,503] Trial 29 finished with value: 0.019443758110070524 and parameters: {'sigma_noise': 0.11256158128912168, 'A_repulsion': 0.339019724672208, 'gamma': 0.4591110459845926, 'sigma_update': 0.28965065291252495, 'eta_learning': 0.0712807247120111, 'sigma_boundary': 6.445557376759568, 'alpha': 0.27224450678632683}. Best is trial 9 with value: 0.011946246224504492.
[I 2026-03-24 17:33:31,409] Trial 30 finished with value: 0.03332455439481061 and parameters: {'sigma_noise': 0.11832188780934216, 'A_repulsion': 0.262182741496404, 'gamma': 0.786034968312846, 'sigma_update': 0.4605794116551312, 'eta_learning': 0.11697702513414651, 'sigma_boundary': 3.54764411564648, 'alpha': 0.27697002377554686}. Best is trial 9 with value: 0.011946246224504492.
[I 2026-03-24 17:33:33,657] Trial 27 finished with value: 0.06750180035616114 and parameters: {'sigma_noise': 0.22172218459064605, 'A_repulsion': 0.2739403651406558, 'gamma': 0.2563052454541754, 'sigma_update': 0.5761381864781874, 'eta_learning': 0.05185822012309196, 'sigma_boundary': 5.484052755712425, 'alpha': 0.6582766573656573}. Best is trial 9 with value: 0.011946246224504492.
[I 2026-03-24 17:33:34,226] Trial 25 finished with value: 0.07088435458755694 and parameters: {'sigma_noise': 0.1948574378577842, 'A_repulsion': 0.3236660213564523, 'gamma': 0.37897221950676596, 'sigma_update': 0.3582008053664668, 'eta_learning': 0.1306813113452474, 'sigma_boundary': 4.742553196665376, 'alpha': 0.26309925788180333}. Best is trial 9 with value: 0.011946246224504492.
[I 2026-03-24 17:33:36,314] Trial 36 finished with value: 0.02512466618945436 and parameters: {'sigma_noise': 0.1540402444346146, 'A_repulsion': 0.19176388041360323, 'gamma': 0.34222686320974344, 'sigma_update': 0.3450419400529496, 'eta_learning': 0.08168808395084692, 'sigma_boundary': 5.914401792380553, 'alpha': 0.6286284111399911}. Best is trial 9 with value: 0.011946246224504492.
[I 2026-03-24 17:33:36,509] Trial 28 finished with value: 0.025619267641299105 and parameters: {'sigma_noise': 0.1897040976588579, 'A_repulsion': 0.22523356410064824, 'gamma': 0.5888106737081074, 'sigma_update': 0.4146011785488653, 'eta_learning': 0.12514184176337606, 'sigma_boundary': 6.444458460086234, 'alpha': 0.5860519108279841}. Best is trial 9 with value: 0.011946246224504492.
[I 2026-03-24 17:33:38,213] Trial 38 finished with value: 0.02315825752879088 and parameters: {'sigma_noise': 0.10799755750702972, 'A_repulsion': 0.23590847406426085, 'gamma': 0.5406026696996837, 'sigma_update': 0.33855011493922876, 'eta_learning': 0.09424100566619965, 'sigma_boundary': 7.685831317008437, 'alpha': 0.5815478970577772}. Best is trial 9 with value: 0.011946246224504492.
[I 2026-03-24 17:33:39,567] Trial 34 finished with value: 0.04397050490109575 and parameters: {'sigma_noise': 0.2134360751759752, 'A_repulsion': 0.18367649733211291, 'gamma': 0.2621372166246905, 'sigma_update': 0.2910161928661402, 'eta_learning': 0.054026845391537966, 'sigma_boundary': 2.2863756621207645, 'alpha': 0.21493024877554107}. Best is trial 9 with value: 0.011946246224504492.
[I 2026-03-24 17:33:40,466] Trial 37 finished with value: 0.029162312061614473 and parameters: {'sigma_noise': 0.17429446271612306, 'A_repulsion': 0.21132777539154132, 'gamma': 0.5144506666940961, 'sigma_update': 0.5105900377394783, 'eta_learning': 0.1021772724982038, 'sigma_boundary': 3.3734984575126137, 'alpha': 0.693795700185396}. Best is trial 9 with value: 0.011946246224504492.
[I 2026-03-24 17:33:41,123] Trial 33 finished with value: 0.03197184175311192 and parameters: {'sigma_noise': 0.21015017795486438, 'A_repulsion': 0.2464895001598551, 'gamma': 0.4938741663234166, 'sigma_update': 0.32001690074140987, 'eta_learning': 0.07386349324903965, 'sigma_boundary': 3.7023256566314577, 'alpha': 0.6758285416029648}. Best is trial 9 with value: 0.011946246224504492.
[I 2026-03-24 17:33:44,304] Trial 39 finished with value: 0.018177460699264132 and parameters: {'sigma_noise': 0.14881586830954222, 'A_repulsion': 0.3023710297485997, 'gamma': 0.5643781472365356, 'sigma_update': 0.1395544528961703, 'eta_learning': 0.1170182638016764, 'sigma_boundary': 5.6781413984131195, 'alpha': 0.8207160160892015}. Best is trial 9 with value: 0.011946246224504492.
[I 2026-03-24 17:33:47,417] Trial 44 finished with value: 0.03462054032382726 and parameters: {'sigma_noise': 0.09618840509013629, 'A_repulsion': 0.1317445158345027, 'gamma': 0.3214153529429731, 'sigma_update': 0.5036341125100778, 'eta_learning': 0.14846817183809194, 'sigma_boundary': 5.703030566494908, 'alpha': 0.37329781853446786}. Best is trial 9 with value: 0.011946246224504492.
[I 2026-03-24 17:33:49,938] Trial 40 finished with value: 0.03251252507640177 and parameters: {'sigma_noise': 0.16127437502506434, 'A_repulsion': 0.2818565359972528, 'gamma': 0.5984808616960526, 'sigma_update': 0.5465978850376436, 'eta_learning': 0.11579682892989791, 'sigma_boundary': 4.398880449516958, 'alpha': 0.4559591668202945}. Best is trial 9 with value: 0.011946246224504492.
[I 2026-03-24 17:33:51,492] Trial 43 finished with value: 0.01071058675785641 and parameters: {'sigma_noise': 0.1569399532593274, 'A_repulsion': 0.25385214165153186, 'gamma': 0.3741691101791771, 'sigma_update': 0.12042444444897162, 'eta_learning': 0.14875867950122057, 'sigma_boundary': 1.6966115042317798, 'alpha': 0.3839363409747831}. Best is trial 43 with value: 0.01071058675785641.
[I 2026-03-24 17:33:52,413] Trial 35 finished with value: 0.04245949336819818 and parameters: {'sigma_noise': 0.2399058719092902, 'A_repulsion': 0.32978585950115624, 'gamma': 0.7852249352529036, 'sigma_update': 0.5023491056458257, 'eta_learning': 0.11264893899520816, 'sigma_boundary': 8.380627401187256, 'alpha': 0.5429771110882785}. Best is trial 43 with value: 0.01071058675785641.
[I 2026-03-24 17:33:52,811] Trial 45 finished with value: 0.03352057219700544 and parameters: {'sigma_noise': 0.18018625571159422, 'A_repulsion': 0.1141956419763836, 'gamma': 0.6362512048769202, 'sigma_update': 0.27772831581717466, 'eta_learning': 0.13289323978390022, 'sigma_boundary': 5.833190846795745, 'alpha': 0.3300147074279925}. Best is trial 43 with value: 0.01071058675785641.
[I 2026-03-24 17:33:53,843] Trial 42 finished with value: 0.03516140887039555 and parameters: {'sigma_noise': 0.16743975785634888, 'A_repulsion': 0.3208998599129514, 'gamma': 0.5387049153164425, 'sigma_update': 0.4531108648282735, 'eta_learning': 0.07733923675347903, 'sigma_boundary': 2.4384227256754354, 'alpha': 0.3529216038375243}. Best is trial 43 with value: 0.01071058675785641.
[I 2026-03-24 17:33:59,809] Trial 41 finished with value: 0.018619644907646817 and parameters: {'sigma_noise': 0.16347934710106665, 'A_repulsion': 0.22326265094774933, 'gamma': 0.2483024669166915, 'sigma_update': 0.07617534815878244, 'eta_learning': 0.05795461201148552, 'sigma_boundary': 7.024567880699956, 'alpha': 0.3767165135348954}. Best is trial 43 with value: 0.01071058675785641.
[I 2026-03-24 17:34:03,769] Trial 46 finished with value: 0.04544066066165624 and parameters: {'sigma_noise': 0.22003694000015536, 'A_repulsion': 0.17036048197872142, 'gamma': 0.46511816921148474, 'sigma_update': 0.4232497908235924, 'eta_learning': 0.17159767713351587, 'sigma_boundary': 4.571325421670695, 'alpha': 0.5783954047334904}. Best is trial 43 with value: 0.01071058675785641.
[I 2026-03-24 17:34:09,739] Trial 47 finished with value: 0.023605190799159265 and parameters: {'sigma_noise': 0.09621595275044008, 'A_repulsion': 0.22806404601058272, 'gamma': 0.3574312056067469, 'sigma_update': 0.17060931534356755, 'eta_learning': 0.15057554997893804, 'sigma_boundary': 3.5128744935810197, 'alpha': 0.5532833487637389}. Best is trial 43 with value: 0.01071058675785641.
[I 2026-03-24 17:34:35,141] Trial 48 finished with value: 0.017616305977309482 and parameters: {'sigma_noise': 0.12414138748529147, 'A_repulsion': 0.2265057794382117, 'gamma': 0.47104153752224803, 'sigma_update': 0.45069583938234686, 'eta_learning': 0.06481177424593701, 'sigma_boundary': 3.979441978143147, 'alpha': 0.5597667479659176}. Best is trial 43 with value: 0.01071058675785641.
[I 2026-03-24 17:34:36,612] Trial 49 finished with value: 0.01484618167051864 and parameters: {'sigma_noise': 0.10304552583218902, 'A_repulsion': 0.28298399778173683, 'gamma': 0.5981422470974121, 'sigma_update': 0.20724320609847158, 'eta_learning': 0.08261874540998486, 'sigma_boundary': 4.505136609942657, 'alpha': 0.45417455461856415}. Best is trial 43 with value: 0.01071058675785641.
[I 2026-03-24 17:34:37,767] Trial 56 finished with value: 0.020404888230287268 and parameters: {'sigma_noise': 0.11614185512081275, 'A_repulsion': 0.11980113260589856, 'gamma': 0.48169561849948217, 'sigma_update': 0.3978656877292937, 'eta_learning': 0.08153669695620512, 'sigma_boundary': 5.294005837629829, 'alpha': 0.5133173382959859}. Best is trial 43 with value: 0.01071058675785641.
[I 2026-03-24 17:34:39,319] Trial 50 finished with value: 0.02590738213075195 and parameters: {'sigma_noise': 0.14718371547256523, 'A_repulsion': 0.21884499000992008, 'gamma': 0.4283556115427397, 'sigma_update': 0.38644899124785076, 'eta_learning': 0.10085584401663097, 'sigma_boundary': 5.444341249482667, 'alpha': 0.36937689460895223}. Best is trial 43 with value: 0.01071058675785641.
[I 2026-03-24 17:34:40,363] Trial 51 finished with value: 0.0364617709754947 and parameters: {'sigma_noise': 0.15326326811750815, 'A_repulsion': 0.2627583799194788, 'gamma': 0.37373519780805886, 'sigma_update': 0.45640603482311454, 'eta_learning': 0.10737440307013166, 'sigma_boundary': 5.9904070081836975, 'alpha': 0.43606953281496175}. Best is trial 43 with value: 0.01071058675785641.
[I 2026-03-24 17:34:41,856] Trial 57 finished with value: 0.020827203995604032 and parameters: {'sigma_noise': 0.14625545686422792, 'A_repulsion': 0.149037238777242, 'gamma': 0.7112148018121707, 'sigma_update': 0.3540989489535239, 'eta_learning': 0.0884243543793753, 'sigma_boundary': 6.463774230125122, 'alpha': 0.5776878532187779}. Best is trial 43 with value: 0.01071058675785641.
[I 2026-03-24 17:34:44,583] Trial 61 finished with value: 0.02386337754296879 and parameters: {'sigma_noise': 0.05311608173184001, 'A_repulsion': 0.2351238851421607, 'gamma': 0.6369904371787427, 'sigma_update': 0.3352455196160477, 'eta_learning': 0.08436674000446184, 'sigma_boundary': 4.824224089461611, 'alpha': 0.504652549259041}. Best is trial 43 with value: 0.01071058675785641.
[I 2026-03-24 17:34:45,207] Trial 58 finished with value: 0.036886643262431754 and parameters: {'sigma_noise': 0.15844446479052154, 'A_repulsion': 0.15905616482545154, 'gamma': 0.3836223727272041, 'sigma_update': 0.31126842550648615, 'eta_learning': 0.07261217809738184, 'sigma_boundary': 4.408819463329373, 'alpha': 0.17146687998423263}. Best is trial 43 with value: 0.01071058675785641.
