[I 2026-03-24 17:40:11,250] Trial 170 finished with value: 0.01032318912124583 and parameters: {'sigma_noise': 0.07963185355998104, 'A_repulsion': 0.33249060971428224, 'gamma': 0.28965222135826046, 'sigma_update': 0.4023989910322837, 'eta_learning': 0.041753067371782, 'sigma_boundary': 9.085179196544741, 'alpha': 0.6728887668744492}. Best is trial 170 with value: 0.01032318912124583.
[I 2026-03-24 17:40:12,146] Trial 168 finished with value: 0.01820059762458876 and parameters: {'sigma_noise': 0.07047424985861839, 'A_repulsion': 0.42604209990467157, 'gamma': 0.5819316115215302, 'sigma_update': 0.4936195790238351, 'eta_learning': 0.03606151414711409, 'sigma_boundary': 6.667011243381867, 'alpha': 0.30459377937461496}. Best is trial 170 with value: 0.01032318912124583.
[I 2026-03-24 17:40:12,235] Trial 169 finished with value: 0.016119649702147805 and parameters: {'sigma_noise': 0.1039034585223265, 'A_repulsion': 0.2476278488555717, 'gamma': 0.4774438437699754, 'sigma_update': 0.3540572842188605, 'eta_learning': 0.10658730041515682, 'sigma_boundary': 6.062654504407322, 'alpha': 0.7306539557648656}. Best is trial 170 with value: 0.01032318912124583.
[I 2026-03-24 17:40:16,939] Trial 173 finished with value: 0.01288081796052929 and parameters: {'sigma_noise': 0.07087798641199582, 'A_repulsion': 0.19309136179165226, 'gamma': 0.2451827097387076, 'sigma_update': 0.33834920359931403, 'eta_learning': 0.09899952161415387, 'sigma_boundary': 5.900531931128883, 'alpha': 0.5095241262879245}. Best is trial 170 with value: 0.01032318912124583.
[I 2026-03-24 17:40:21,649] Trial 175 finished with value: 0.020313547316169016 and parameters: {'sigma_noise': 0.11762764595682314, 'A_repulsion': 0.23429607159259577, 'gamma': 0.1818479946884646, 'sigma_update': 0.3412265165146461, 'eta_learning': 0.04778213246982936, 'sigma_boundary': 6.763966930821972, 'alpha': 0.4253021651902873}. Best is trial 170 with value: 0.01032318912124583.
[I 2026-03-24 17:40:25,065] Trial 171 finished with value: 0.01546723346392144 and parameters: {'sigma_noise': 0.10444947399260691, 'A_repulsion': 0.3838807862345426, 'gamma': 0.385416986582984, 'sigma_update': 0.3269376203325896, 'eta_learning': 0.09069130344340116, 'sigma_boundary': 6.212623361347109, 'alpha': 0.6291497370731826}. Best is trial 170 with value: 0.01032318912124583.
[I 2026-03-24 17:40:25,486] Trial 172 finished with value: 0.018657304422954688 and parameters: {'sigma_noise': 0.1388677547363075, 'A_repulsion': 0.21709782528956498, 'gamma': 0.4954895385125381, 'sigma_update': 0.40432626228663376, 'eta_learning': 0.08176411539221107, 'sigma_boundary': 4.528078715193737, 'alpha': 0.432392096431629}. Best is trial 170 with value: 0.01032318912124583.
[I 2026-03-24 17:40:25,586] Trial 174 finished with value: 0.017360448267208704 and parameters: {'sigma_noise': 0.12180253607124866, 'A_repulsion': 0.2375994883931314, 'gamma': 0.4053257232737045, 'sigma_update': 0.33090299848791105, 'eta_learning': 0.04498634161329839, 'sigma_boundary': 7.307667979328883, 'alpha': 0.44371060490452774}. Best is trial 170 with value: 0.01032318912124583.
[I 2026-03-24 17:40:25,693] Trial 177 finished with value: 0.014127470737898018 and parameters: {'sigma_noise': 0.06687938977580378, 'A_repulsion': 0.22441570083270918, 'gamma': 0.21406408145354486, 'sigma_update': 0.41251158714802216, 'eta_learning': 0.08435639709571116, 'sigma_boundary': 5.44804324782415, 'alpha': 0.5941177992593941}. Best is trial 170 with value: 0.01032318912124583.
[I 2026-03-24 17:40:26,713] Trial 178 finished with value: 0.012240887788271374 and parameters: {'sigma_noise': 0.06952421922732215, 'A_repulsion': 0.28368362015541293, 'gamma': 0.5527289425358713, 'sigma_update': 0.35646899718180175, 'eta_learning': 0.07494889810213803, 'sigma_boundary': 7.877030552631734, 'alpha': 0.4907605144817443}. Best is trial 170 with value: 0.01032318912124583.
[I 2026-03-24 17:40:28,036] Trial 181 finished with value: 0.0207529358786338 and parameters: {'sigma_noise': 0.058292233856352633, 'A_repulsion': 0.17567333891520898, 'gamma': 0.5084711060405747, 'sigma_update': 0.46446736909833475, 'eta_learning': 0.11409974978490761, 'sigma_boundary': 6.398515436382568, 'alpha': 0.5942084269377507}. Best is trial 170 with value: 0.01032318912124583.
[I 2026-03-24 17:40:28,754] Trial 176 finished with value: 0.012166329138149683 and parameters: {'sigma_noise': 0.1170073243799992, 'A_repulsion': 0.36489618273638874, 'gamma': 0.4302186841441343, 'sigma_update': 0.2975748065865176, 'eta_learning': 0.052445707928343945, 'sigma_boundary': 5.71301786367212, 'alpha': 0.6607081967976312}. Best is trial 170 with value: 0.01032318912124583.
[I 2026-03-24 17:40:30,469] Trial 180 finished with value: 0.017375039917507825 and parameters: {'sigma_noise': 0.0740044172891487, 'A_repulsion': 0.3520000964313368, 'gamma': 0.429688296197846, 'sigma_update': 0.3387076446053898, 'eta_learning': 0.09200652449629179, 'sigma_boundary': 6.267526446988354, 'alpha': 0.7311059212090214}. Best is trial 170 with value: 0.01032318912124583.
[I 2026-03-24 17:40:31,438] Trial 179 finished with value: 0.011444863327090573 and parameters: {'sigma_noise': 0.05175061968542612, 'A_repulsion': 0.3638586159767687, 'gamma': 0.43033908217017275, 'sigma_update': 0.29571574905607706, 'eta_learning': 0.13506478309832393, 'sigma_boundary': 4.284787917736044, 'alpha': 0.7667400452401233}. Best is trial 170 with value: 0.01032318912124583.
[I 2026-03-24 17:40:39,218] Trial 182 finished with value: 0.013438481851376053 and parameters: {'sigma_noise': 0.09369354907339915, 'A_repulsion': 0.4219945180771207, 'gamma': 0.42138188812327065, 'sigma_update': 0.3209424902411652, 'eta_learning': 0.05724738374273856, 'sigma_boundary': 9.322415613384873, 'alpha': 0.6432512388351244}. Best is trial 170 with value: 0.01032318912124583.
[I 2026-03-24 17:40:41,158] Trial 183 finished with value: 0.011173252044017524 and parameters: {'sigma_noise': 0.059982228258563135, 'A_repulsion': 0.4557382164405642, 'gamma': 0.26491425540169716, 'sigma_update': 0.4225604092149993, 'eta_learning': 0.07270954821945821, 'sigma_boundary': 5.098492152301521, 'alpha': 0.40675064645800274}. Best is trial 170 with value: 0.01032318912124583.
[I 2026-03-24 17:40:44,561] Trial 185 finished with value: 0.023951847576953237 and parameters: {'sigma_noise': 0.12987071125612287, 'A_repulsion': 0.16462383268563194, 'gamma': 0.3736695699003855, 'sigma_update': 0.37063440542593595, 'eta_learning': 0.08109749667989766, 'sigma_boundary': 5.095876113163834, 'alpha': 0.7627519121356491}. Best is trial 170 with value: 0.01032318912124583.
[I 2026-03-24 17:40:45,025] Trial 186 finished with value: 0.01861554288685112 and parameters: {'sigma_noise': 0.06317452647755685, 'A_repulsion': 0.2508603579714326, 'gamma': 0.21603677985377218, 'sigma_update': 0.4992273407482638, 'eta_learning': 0.08435242820631243, 'sigma_boundary': 6.801191434162222, 'alpha': 0.5675511357501595}. Best is trial 170 with value: 0.01032318912124583.
[I 2026-03-24 17:40:45,216] Trial 188 finished with value: 0.022845159799064166 and parameters: {'sigma_noise': 0.06444989330397964, 'A_repulsion': 0.24923801518605204, 'gamma': 0.4661779141056499, 'sigma_update': 0.473337747117917, 'eta_learning': 0.07066037159239144, 'sigma_boundary': 5.62642606614437, 'alpha': 0.5694465988887689}. Best is trial 170 with value: 0.01032318912124583.
[I 2026-03-24 17:40:45,410] Trial 184 finished with value: 0.02024847621778981 and parameters: {'sigma_noise': 0.1343779353027066, 'A_repulsion': 0.20524471098711358, 'gamma': 0.5033560278771272, 'sigma_update': 0.37643014042652795, 'eta_learning': 0.02103662539850376, 'sigma_boundary': 6.411147943182957, 'alpha': 0.692992963484475}. Best is trial 170 with value: 0.01032318912124583.
[I 2026-03-24 17:40:47,454] Trial 190 finished with value: 0.007352141537774161 and parameters: {'sigma_noise': 0.020189517853915692, 'A_repulsion': 0.25070762866399227, 'gamma': 0.21118878843516492, 'sigma_update': 0.3925018843188571, 'eta_learning': 0.060549643776309225, 'sigma_boundary': 7.582995078596566, 'alpha': 0.6759244469122723}. Best is trial 190 with value: 0.007352141537774161.
[I 2026-03-24 17:40:48,649] Trial 189 finished with value: 0.00772605619573699 and parameters: {'sigma_noise': 0.045183541660072164, 'A_repulsion': 0.31279597362705525, 'gamma': 0.38998894868268735, 'sigma_update': 0.44366969501025094, 'eta_learning': 0.11149130007506318, 'sigma_boundary': 6.313335351134696, 'alpha': 0.6856538617167388}. Best is trial 190 with value: 0.007352141537774161.
[I 2026-03-24 17:40:49,028] Trial 187 finished with value: 0.026494397065088958 and parameters: {'sigma_noise': 0.13757941817850325, 'A_repulsion': 0.30541406511841684, 'gamma': 0.18882776209780164, 'sigma_update': 0.33273567299172724, 'eta_learning': 0.07240438695451186, 'sigma_boundary': 2.5445789624128756, 'alpha': 0.5421105229527607}. Best is trial 190 with value: 0.007352141537774161.
[I 2026-03-24 17:40:51,444] Trial 191 finished with value: 0.008819159435436635 and parameters: {'sigma_noise': 0.02959718410781053, 'A_repulsion': 0.27783216327520155, 'gamma': 0.3784117782241691, 'sigma_update': 0.3727850281560991, 'eta_learning': 0.0670557146744921, 'sigma_boundary': 7.440429147195263, 'alpha': 0.7496833672721129}. Best is trial 190 with value: 0.007352141537774161.
[I 2026-03-24 17:40:53,383] Trial 193 finished with value: 0.019361776543450473 and parameters: {'sigma_noise': 0.07968321958482695, 'A_repulsion': 0.12615475444745008, 'gamma': 0.42010641767713586, 'sigma_update': 0.40930928747600326, 'eta_learning': 0.09672270836107585, 'sigma_boundary': 7.454284497216709, 'alpha': 0.6337801750208059}. Best is trial 190 with value: 0.007352141537774161.
[I 2026-03-24 17:40:54,590] Trial 192 finished with value: 0.012435609807720854 and parameters: {'sigma_noise': 0.014346750122522605, 'A_repulsion': 0.2636699216629244, 'gamma': 0.29412322993313345, 'sigma_update': 0.5710596531061025, 'eta_learning': 0.01691633793239552, 'sigma_boundary': 6.961262969268808, 'alpha': 0.5509967897445783}. Best is trial 190 with value: 0.007352141537774161.
[I 2026-03-24 17:40:55,160] Trial 194 finished with value: 0.011473791541400014 and parameters: {'sigma_noise': 0.09211798651612131, 'A_repulsion': 0.2267299416614169, 'gamma': 0.3062943393344552, 'sigma_update': 0.28285649728569334, 'eta_learning': 0.08504369548287712, 'sigma_boundary': 7.856353062121358, 'alpha': 0.48857549406328094}. Best is trial 190 with value: 0.007352141537774161.
[I 2026-03-24 17:40:57,261] Trial 196 finished with value: 0.01980630620974751 and parameters: {'sigma_noise': 0.07806361166842156, 'A_repulsion': 0.27276584496790285, 'gamma': 0.4066322780066906, 'sigma_update': 0.48715724473791483, 'eta_learning': 0.048689315951714746, 'sigma_boundary': 5.292972882731254, 'alpha': 0.5744936711957268}. Best is trial 190 with value: 0.007352141537774161.
[I 2026-03-24 17:40:57,438] Trial 195 finished with value: 0.014611937220160388 and parameters: {'sigma_noise': 0.06527451478594035, 'A_repulsion': 0.3659524263849679, 'gamma': 0.3705751955306178, 'sigma_update': 0.38297095158561845, 'eta_learning': 0.03081654675096366, 'sigma_boundary': 5.184822900092656, 'alpha': 0.5174513933509677}. Best is trial 190 with value: 0.007352141537774161.
[I 2026-03-24 17:40:57,739] Trial 197 finished with value: 0.011341963713300455 and parameters: {'sigma_noise': 0.06805761868786081, 'A_repulsion': 0.25861022460495037, 'gamma': 0.5172878503421284, 'sigma_update': 0.37052061786903656, 'eta_learning': 0.0676491584645845, 'sigma_boundary': 6.176939905046076, 'alpha': 0.5465678494988706}. Best is trial 190 with value: 0.007352141537774161.
[I 2026-03-24 17:40:58,190] Trial 199 finished with value: 0.022020019809593238 and parameters: {'sigma_noise': 0.14994669224396387, 'A_repulsion': 0.22962870784360023, 'gamma': 0.4708126978176516, 'sigma_update': 0.39906212952291253, 'eta_learning': 0.08499068772440774, 'sigma_boundary': 6.935648914694699, 'alpha': 0.7241103843508093}. Best is trial 190 with value: 0.007352141537774161.
[I 2026-03-24 17:40:58,364] Trial 198 finished with value: 0.01941113082177036 and parameters: {'sigma_noise': 0.114794210170181, 'A_repulsion': 0.35352696102130543, 'gamma': 0.5459947949731139, 'sigma_update': 0.5132594603374939, 'eta_learning': 0.042070595904661216, 'sigma_boundary': 6.994898587427303, 'alpha': 0.646592094090571}. Best is trial 190 with value: 0.007352141537774161.
