[I 2026-03-24 17:34:45,496] Trial 53 finished with value: 0.019439375979518923 and parameters: {'sigma_noise': 0.15062191706607045, 'A_repulsion': 0.32747626765426807, 'gamma': 0.8034345452799447, 'sigma_update': 0.2688092244238964, 'eta_learning': 0.11330349529542638, 'sigma_boundary': 4.989395643987847, 'alpha': 0.6200629066053469}. Best is trial 43 with value: 0.01071058675785641.
[I 2026-03-24 17:34:45,966] Trial 60 finished with value: 0.020265119479803275 and parameters: {'sigma_noise': 0.14612460859403056, 'A_repulsion': 0.11295374597521415, 'gamma': 0.5762567646629617, 'sigma_update': 0.38457736135352005, 'eta_learning': 0.06560839779084059, 'sigma_boundary': 8.140591165068162, 'alpha': 0.40825354185374113}. Best is trial 43 with value: 0.01071058675785641.
[I 2026-03-24 17:34:46,833] Trial 55 finished with value: 0.03581442988460056 and parameters: {'sigma_noise': 0.12695059455345564, 'A_repulsion': 0.26774807246013743, 'gamma': 0.5286592641514449, 'sigma_update': 0.6250136743402638, 'eta_learning': 0.15173358667701992, 'sigma_boundary': 5.627088044597662, 'alpha': 0.5286720117787077}. Best is trial 43 with value: 0.01071058675785641.
[I 2026-03-24 17:34:48,619] Trial 54 finished with value: 0.024000923785634058 and parameters: {'sigma_noise': 0.1333807711700471, 'A_repulsion': 0.324022245068857, 'gamma': 0.477895049037046, 'sigma_update': 0.2764613718605957, 'eta_learning': 0.02458612998228332, 'sigma_boundary': 6.339374396590728, 'alpha': 0.3641554391274927}. Best is trial 43 with value: 0.01071058675785641.
[I 2026-03-24 17:34:50,498] Trial 52 finished with value: 0.02447568965403963 and parameters: {'sigma_noise': 0.2121774532911257, 'A_repulsion': 0.325941977610169, 'gamma': 0.5222329128591006, 'sigma_update': 0.16845163526539353, 'eta_learning': 0.13371861910833968, 'sigma_boundary': 6.421235883617145, 'alpha': 0.43386495157936517}. Best is trial 43 with value: 0.01071058675785641.
[I 2026-03-24 17:34:55,375] Trial 62 finished with value: 0.024997995800526685 and parameters: {'sigma_noise': 0.1379803046928757, 'A_repulsion': 0.29809025518316634, 'gamma': 0.3238213115839753, 'sigma_update': 0.347770919316476, 'eta_learning': 0.11085157419767483, 'sigma_boundary': 8.10184718013275, 'alpha': 0.415917842372082}. Best is trial 43 with value: 0.01071058675785641.
[I 2026-03-24 17:34:56,949] Trial 59 finished with value: 0.030025026887403147 and parameters: {'sigma_noise': 0.13026896980144015, 'A_repulsion': 0.3486918325085403, 'gamma': 0.7082286591492983, 'sigma_update': 0.1449916504231752, 'eta_learning': 0.040537755642806324, 'sigma_boundary': 5.7485541751092, 'alpha': 0.4582014111920015}. Best is trial 43 with value: 0.01071058675785641.
[I 2026-03-24 17:34:59,456] Trial 63 finished with value: 0.05560893518503163 and parameters: {'sigma_noise': 0.16136295056923175, 'A_repulsion': 0.3269493954657344, 'gamma': 0.4198017936352786, 'sigma_update': 0.2815489136162791, 'eta_learning': 0.09249925091371143, 'sigma_boundary': 6.925426912247391, 'alpha': 0.13510624852240788}. Best is trial 43 with value: 0.01071058675785641.
[I 2026-03-24 17:35:00,894] Trial 68 finished with value: 0.02856098965470178 and parameters: {'sigma_noise': 0.06262487070265255, 'A_repulsion': 0.31926541951089454, 'gamma': 0.32568842678083365, 'sigma_update': 0.47274611692801793, 'eta_learning': 0.11628038551866188, 'sigma_boundary': 2.137706166167721, 'alpha': 0.1803831616943649}. Best is trial 43 with value: 0.01071058675785641.
[I 2026-03-24 17:35:06,403] Trial 64 finished with value: 0.021106931115248674 and parameters: {'sigma_noise': 0.1764236785541001, 'A_repulsion': 0.3397499444281953, 'gamma': 0.5500930338234586, 'sigma_update': 0.2589339622794954, 'eta_learning': 0.09821227632016752, 'sigma_boundary': 7.65913973061261, 'alpha': 0.6315775570272515}. Best is trial 43 with value: 0.01071058675785641.
[I 2026-03-24 17:35:09,295] Trial 66 finished with value: 0.016079106425456003 and parameters: {'sigma_noise': 0.17640004681205632, 'A_repulsion': 0.24686808040126318, 'gamma': 0.23900992156070083, 'sigma_update': 0.17155551868309699, 'eta_learning': 0.09757854302031221, 'sigma_boundary': 6.987314655061782, 'alpha': 0.43715622603773885}. Best is trial 43 with value: 0.01071058675785641.
[I 2026-03-24 17:35:09,938] Trial 65 finished with value: 0.0451187436265434 and parameters: {'sigma_noise': 0.17949583292769908, 'A_repulsion': 0.3183636798260054, 'gamma': 0.7390093761806887, 'sigma_update': 0.2868682069474315, 'eta_learning': 0.11124634264471345, 'sigma_boundary': 9.851023911353966, 'alpha': 0.20840126276839918}. Best is trial 43 with value: 0.01071058675785641.
[I 2026-03-24 17:35:10,262] Trial 67 finished with value: 0.0768126233420429 and parameters: {'sigma_noise': 0.22450915878530095, 'A_repulsion': 0.21211821050954255, 'gamma': 0.491003055847145, 'sigma_update': 0.25410884291217833, 'eta_learning': 0.14754941387034523, 'sigma_boundary': 5.696452011108377, 'alpha': 0.21347988678108015}. Best is trial 43 with value: 0.01071058675785641.
[I 2026-03-24 17:35:10,498] Trial 69 finished with value: 0.041184155217250204 and parameters: {'sigma_noise': 0.1461682512131377, 'A_repulsion': 0.2796162350799809, 'gamma': 0.6178526466877508, 'sigma_update': 0.420785340648326, 'eta_learning': 0.09591510249019686, 'sigma_boundary': 8.840779276615839, 'alpha': 0.213901449283149}. Best is trial 43 with value: 0.01071058675785641.
[I 2026-03-24 17:35:14,741] Trial 70 finished with value: 0.020402895792308487 and parameters: {'sigma_noise': 0.14275901127002225, 'A_repulsion': 0.19798132613185193, 'gamma': 0.43078033633409246, 'sigma_update': 0.2596655268023988, 'eta_learning': 0.07196150449902322, 'sigma_boundary': 7.338821250885443, 'alpha': 0.2481788260554595}. Best is trial 43 with value: 0.01071058675785641.
[I 2026-03-24 17:35:17,975] Trial 71 finished with value: 0.02306975667919802 and parameters: {'sigma_noise': 0.13462868983298681, 'A_repulsion': 0.1658911325581358, 'gamma': 0.7338823359352104, 'sigma_update': 0.46601870681240964, 'eta_learning': 0.0951841310835934, 'sigma_boundary': 3.525622884023649, 'alpha': 0.4205906090656263}. Best is trial 43 with value: 0.01071058675785641.
[I 2026-03-24 17:35:43,004] Trial 72 finished with value: 0.02178725409646125 and parameters: {'sigma_noise': 0.0881943880440734, 'A_repulsion': 0.23865682739748395, 'gamma': 0.6514562832034156, 'sigma_update': 0.20584083863269365, 'eta_learning': 0.07574416333648362, 'sigma_boundary': 5.953270199393511, 'alpha': 0.17704327918223178}. Best is trial 43 with value: 0.01071058675785641.
[I 2026-03-24 17:35:45,973] Trial 73 finished with value: 0.015475751633096488 and parameters: {'sigma_noise': 0.11296606060680277, 'A_repulsion': 0.2958294219246271, 'gamma': 0.3761920282671422, 'sigma_update': 0.2603492813717599, 'eta_learning': 0.07208524015623399, 'sigma_boundary': 6.752343570150692, 'alpha': 0.34032225122188664}. Best is trial 43 with value: 0.01071058675785641.
[I 2026-03-24 17:35:45,984] Trial 74 finished with value: 0.031238221502828584 and parameters: {'sigma_noise': 0.10645717474865017, 'A_repulsion': 0.1324918175709739, 'gamma': 0.22745135190952648, 'sigma_update': 0.569732860438277, 'eta_learning': 0.09189574813215572, 'sigma_boundary': 6.956467711757727, 'alpha': 0.3017398784869713}. Best is trial 43 with value: 0.01071058675785641.
[I 2026-03-24 17:35:47,954] Trial 81 finished with value: 0.015675004937560185 and parameters: {'sigma_noise': 0.07295259437251397, 'A_repulsion': 0.13179413479238425, 'gamma': 0.25134860775531365, 'sigma_update': 0.3515230276442217, 'eta_learning': 0.09349260695370205, 'sigma_boundary': 6.028918098819214, 'alpha': 0.42129203033329726}. Best is trial 43 with value: 0.01071058675785641.
[I 2026-03-24 17:35:49,235] Trial 75 finished with value: 0.022035437888187112 and parameters: {'sigma_noise': 0.1443661177895297, 'A_repulsion': 0.22587294576399666, 'gamma': 0.6461578448646053, 'sigma_update': 0.30910833379516583, 'eta_learning': 0.09543355125046274, 'sigma_boundary': 6.317811681409034, 'alpha': 0.40860150590411104}. Best is trial 43 with value: 0.01071058675785641.
[I 2026-03-24 17:35:52,804] Trial 76 finished with value: 0.015201236269437531 and parameters: {'sigma_noise': 0.10152845334852283, 'A_repulsion': 0.3847443853619401, 'gamma': 0.375661643327367, 'sigma_update': 0.32744587190169483, 'eta_learning': 0.09517556871087525, 'sigma_boundary': 5.761150338313728, 'alpha': 0.4796442011743848}. Best is trial 43 with value: 0.01071058675785641.
[I 2026-03-24 17:35:53,999] Trial 78 finished with value: 0.022218907679017144 and parameters: {'sigma_noise': 0.09750824652845348, 'A_repulsion': 0.31756846147271556, 'gamma': 0.5330619993366885, 'sigma_update': 0.3844640476788431, 'eta_learning': 0.09556071238296611, 'sigma_boundary': 7.073202482075536, 'alpha': 0.24557802280667163}. Best is trial 43 with value: 0.01071058675785641.
[I 2026-03-24 17:35:54,368] Trial 77 finished with value: 0.02197182308762729 and parameters: {'sigma_noise': 0.07633335581361755, 'A_repulsion': 0.42489981447172454, 'gamma': 0.5619279767238418, 'sigma_update': 0.32890111543602407, 'eta_learning': 0.060099752967823994, 'sigma_boundary': 7.410844103349085, 'alpha': 0.20029838603255076}. Best is trial 43 with value: 0.01071058675785641.
[I 2026-03-24 17:35:55,242] Trial 79 finished with value: 0.03104927936763619 and parameters: {'sigma_noise': 0.184223792974783, 'A_repulsion': 0.18368189971684462, 'gamma': 0.6871648770192603, 'sigma_update': 0.3004215170255584, 'eta_learning': 0.07770385953109775, 'sigma_boundary': 6.620234308860603, 'alpha': 0.2691494278803848}. Best is trial 43 with value: 0.01071058675785641.
[I 2026-03-24 17:35:56,644] Trial 82 finished with value: 0.018123967066042135 and parameters: {'sigma_noise': 0.1386546675932143, 'A_repulsion': 0.2571937874534646, 'gamma': 0.6266258823046559, 'sigma_update': 0.41586325027940607, 'eta_learning': 0.09852836284921984, 'sigma_boundary': 3.9232791036225367, 'alpha': 0.46443611984420335}. Best is trial 43 with value: 0.01071058675785641.
[I 2026-03-24 17:35:56,964] Trial 84 finished with value: 0.02420238571870851 and parameters: {'sigma_noise': 0.14296861917280765, 'A_repulsion': 0.25027918100231245, 'gamma': 0.6120161847044033, 'sigma_update': 0.4532083321889479, 'eta_learning': 0.09337507660872797, 'sigma_boundary': 3.6225393742214327, 'alpha': 0.44008116197604324}. Best is trial 43 with value: 0.01071058675785641.
[I 2026-03-24 17:35:59,302] Trial 83 finished with value: 0.01570545125750577 and parameters: {'sigma_noise': 0.0967186184453791, 'A_repulsion': 0.26357087673080254, 'gamma': 0.4144319549239627, 'sigma_update': 0.255191998017767, 'eta_learning': 0.06088909616925653, 'sigma_boundary': 5.337857501999292, 'alpha': 0.3896235244498546}. Best is trial 43 with value: 0.01071058675785641.
[I 2026-03-24 17:36:02,486] Trial 86 finished with value: 0.022096849548283302 and parameters: {'sigma_noise': 0.045034156812547674, 'A_repulsion': 0.29309540831719166, 'gamma': 0.6504773777330229, 'sigma_update': 0.36219102875555254, 'eta_learning': 0.0630462814969848, 'sigma_boundary': 7.295382899183349, 'alpha': 0.3516357773180925}. Best is trial 43 with value: 0.01071058675785641.
[I 2026-03-24 17:36:03,375] Trial 88 finished with value: 0.02145724786339266 and parameters: {'sigma_noise': 0.12490746070210203, 'A_repulsion': 0.007413071497325147, 'gamma': 0.529680181927897, 'sigma_update': 0.37027739794824405, 'eta_learning': 0.09443086396062858, 'sigma_boundary': 8.098243848016415, 'alpha': 0.47145363138644436}. Best is trial 43 with value: 0.01071058675785641.
[I 2026-03-24 17:36:03,713] Trial 85 finished with value: 0.020800867973819498 and parameters: {'sigma_noise': 0.05648969409213841, 'A_repulsion': 0.32636667108045475, 'gamma': 0.44205268087169297, 'sigma_update': 0.5343155719889284, 'eta_learning': 0.041824352841983395, 'sigma_boundary': 8.1148359336085, 'alpha': 0.25451162641465147}. Best is trial 43 with value: 0.01071058675785641.
[I 2026-03-24 17:36:07,697] Trial 80 finished with value: 0.04390436184303488 and parameters: {'sigma_noise': 0.16971226711874723, 'A_repulsion': 0.3746490070685236, 'gamma': 0.5797385771137413, 'sigma_update': 0.41098989663612456, 'eta_learning': 0.12191934982862725, 'sigma_boundary': 6.868804525810871, 'alpha': 0.30756078129747044}. Best is trial 43 with value: 0.01071058675785641.
[I 2026-03-24 17:36:14,235] Trial 87 finished with value: 0.028864849604763314 and parameters: {'sigma_noise': 0.11949180517919727, 'A_repulsion': 0.4389032274790397, 'gamma': 0.3969543559415081, 'sigma_update': 0.5877160737944263, 'eta_learning': 0.04928310969223707, 'sigma_boundary': 6.675945632923239, 'alpha': 0.5564235715739979}. Best is trial 43 with value: 0.01071058675785641.
[I 2026-03-24 17:36:16,555] Trial 92 finished with value: 0.019936526649436515 and parameters: {'sigma_noise': 0.1568460409079525, 'A_repulsion': 0.13508439910065417, 'gamma': 0.6253247691619885, 'sigma_update': 0.25453654089931815, 'eta_learning': 0.03675113655457648, 'sigma_boundary': 8.786646210088387, 'alpha': 0.5381955589180704}. Best is trial 43 with value: 0.01071058675785641.
[I 2026-03-24 17:36:18,299] Trial 89 finished with value: 0.040477350910352816 and parameters: {'sigma_noise': 0.1547668971187823, 'A_repulsion': 0.16891505921253389, 'gamma': 0.922799322607683, 'sigma_update': 0.3082899453937912, 'eta_learning': 0.028806283519582046, 'sigma_boundary': 6.088970911653509, 'alpha': 0.4814834670709296}. Best is trial 43 with value: 0.01071058675785641.
[I 2026-03-24 17:36:18,508] Trial 94 finished with value: 0.010555090499740958 and parameters: {'sigma_noise': 0.045653686356584004, 'A_repulsion': 0.2399014504165198, 'gamma': 0.2441991797307871, 'sigma_update': 0.43947240347682404, 'eta_learning': 0.06532930727140529, 'sigma_boundary': 6.432451271545594, 'alpha': 0.3250049060594403}. Best is trial 94 with value: 0.010555090499740958.
[I 2026-03-24 17:36:23,832] Trial 93 finished with value: 0.016733973580565303 and parameters: {'sigma_noise': 0.15233432733006422, 'A_repulsion': 0.14935357463048132, 'gamma': 0.482605431410198, 'sigma_update': 0.2715928054947956, 'eta_learning': 0.09485896370876556, 'sigma_boundary': 9.551563118176789, 'alpha': 0.7054832547420694}. Best is trial 94 with value: 0.010555090499740958.
[I 2026-03-24 17:36:24,197] Trial 91 finished with value: 0.030539086579631516 and parameters: {'sigma_noise': 0.23420689729741745, 'A_repulsion': 0.10209242485969908, 'gamma': 0.5077324679523405, 'sigma_update': 0.19247391792177104, 'eta_learning': 0.07778791168306168, 'sigma_boundary': 6.7814895141087375, 'alpha': 0.5013873178124015}. Best is trial 94 with value: 0.010555090499740958.
[I 2026-03-24 17:36:24,868] Trial 95 finished with value: 0.030140765735972165 and parameters: {'sigma_noise': 0.06868184349079136, 'A_repulsion': 0.13921651691530443, 'gamma': 0.6085009244763638, 'sigma_update': 0.24067206922019369, 'eta_learning': 0.04049109596146547, 'sigma_boundary': 6.815866408416901, 'alpha': 0.3960718050351346}. Best is trial 94 with value: 0.010555090499740958.
[I 2026-03-24 17:36:32,692] Trial 90 finished with value: 0.05714868430508954 and parameters: {'sigma_noise': 0.21343169233295511, 'A_repulsion': 0.26812723272842437, 'gamma': 0.4800459146738682, 'sigma_update': 0.50210619494696, 'eta_learning': 0.05872310057165389, 'sigma_boundary': 9.409931652764357, 'alpha': 0.2920967593016397}. Best is trial 94 with value: 0.010555090499740958.
[I 2026-03-24 17:36:47,671] Trial 96 finished with value: 0.022490500274993573 and parameters: {'sigma_noise': 0.08122585016581224, 'A_repulsion': 0.12403226638557505, 'gamma': 0.31981699982267925, 'sigma_update': 0.48984132074581066, 'eta_learning': 0.08590286793793105, 'sigma_boundary': 4.9141602885564, 'alpha': 0.46186080451845607}. Best is trial 94 with value: 0.010555090499740958.
[I 2026-03-24 17:36:51,435] Trial 100 finished with value: 0.012671259672664043 and parameters: {'sigma_noise': 0.05542047538753799, 'A_repulsion': 0.12862179961726977, 'gamma': 0.5333092112471043, 'sigma_update': 0.4542719336851186, 'eta_learning': 0.12090354267030579, 'sigma_boundary': 5.762692045291259, 'alpha': 0.9869190222562204}. Best is trial 94 with value: 0.010555090499740958.
[I 2026-03-24 17:36:51,506] Trial 97 finished with value: 0.03275588440836824 and parameters: {'sigma_noise': 0.07948100536177337, 'A_repulsion': 0.12500852417504776, 'gamma': 0.7031987985307308, 'sigma_update': 0.5523965258175066, 'eta_learning': 0.09813363546905934, 'sigma_boundary': 6.180705855548576, 'alpha': 0.17134983896710793}. Best is trial 94 with value: 0.010555090499740958.
[I 2026-03-24 17:36:52,754] Trial 98 finished with value: 0.02709575388741662 and parameters: {'sigma_noise': 0.16796370924523135, 'A_repulsion': 0.10425368028960394, 'gamma': 0.5405000311347044, 'sigma_update': 0.5173124116161067, 'eta_learning': 0.0709753829162028, 'sigma_boundary': 7.7970270351786155, 'alpha': 0.6702197558852686}. Best is trial 94 with value: 0.010555090499740958.
[I 2026-03-24 17:36:54,990] Trial 99 finished with value: 0.01401271716099148 and parameters: {'sigma_noise': 0.12450001039941785, 'A_repulsion': 0.14727493636575772, 'gamma': 0.6540303643843195, 'sigma_update': 0.4260976643984729, 'eta_learning': 0.1486334544713036, 'sigma_boundary': 7.0895486549571505, 'alpha': 0.7414948395508931}. Best is trial 94 with value: 0.010555090499740958.
[I 2026-03-24 17:36:55,721] Trial 103 finished with value: 0.023353203107430144 and parameters: {'sigma_noise': 0.06686289346242988, 'A_repulsion': 0.17327216024773065, 'gamma': 0.5094605084773416, 'sigma_update': 0.13310408783725206, 'eta_learning': 0.15731108555931428, 'sigma_boundary': 8.288830244789105, 'alpha': 0.5953395800816013}. Best is trial 94 with value: 0.010555090499740958.
[I 2026-03-24 17:36:57,529] Trial 101 finished with value: 0.030753997067554873 and parameters: {'sigma_noise': 0.18347853554394825, 'A_repulsion': 0.08828913014067247, 'gamma': 0.44661976666893316, 'sigma_update': 0.37471763865458735, 'eta_learning': 0.08922011285175417, 'sigma_boundary': 7.802274108721844, 'alpha': 0.4219336282294594}. Best is trial 94 with value: 0.010555090499740958.
[I 2026-03-24 17:36:58,736] Trial 104 finished with value: 0.04786364354130988 and parameters: {'sigma_noise': 0.18000552990363475, 'A_repulsion': 0.034011281682682803, 'gamma': 0.5416957511015148, 'sigma_update': 0.5261475630493809, 'eta_learning': 0.12242253342193529, 'sigma_boundary': 7.609779338499175, 'alpha': 0.36520565997454957}. Best is trial 94 with value: 0.010555090499740958.
[I 2026-03-24 17:37:01,586] Trial 106 finished with value: 0.031467422638161144 and parameters: {'sigma_noise': 0.02793106541196897, 'A_repulsion': 0.11174161263143219, 'gamma': 0.6992693841465841, 'sigma_update': 0.36171045952855346, 'eta_learning': 0.08800187836138375, 'sigma_boundary': 6.413209173996634, 'alpha': 0.34414026450500923}. Best is trial 94 with value: 0.010555090499740958.
[I 2026-03-24 17:37:01,705] Trial 102 finished with value: 0.03372583599266496 and parameters: {'sigma_noise': 0.11151054318089643, 'A_repulsion': 0.131145320041925, 'gamma': 0.4843634549775816, 'sigma_update': 0.3784034168144012, 'eta_learning': 0.03452531031095531, 'sigma_boundary': 5.721878360051192, 'alpha': 0.4045007425238486}. Best is trial 94 with value: 0.010555090499740958.
[I 2026-03-24 17:37:03,486] Trial 107 finished with value: 0.019846079423672627 and parameters: {'sigma_noise': 0.13651322591208764, 'A_repulsion': 0.1590021391105698, 'gamma': 0.6915523838838737, 'sigma_update': 0.4979854267286517, 'eta_learning': 0.05710957778346513, 'sigma_boundary': 7.733465217876627, 'alpha': 0.521221010249769}. Best is trial 94 with value: 0.010555090499740958.
[I 2026-03-24 17:37:05,138] Trial 105 finished with value: 0.024208936941775117 and parameters: {'sigma_noise': 0.1747954111915809, 'A_repulsion': 0.15634807690831146, 'gamma': 0.6338634949270665, 'sigma_update': 0.46545985426729153, 'eta_learning': 0.11667324018594896, 'sigma_boundary': 7.093792230655989, 'alpha': 0.6495635913508094}. Best is trial 94 with value: 0.010555090499740958.
[I 2026-03-24 17:37:07,590] Trial 109 finished with value: 0.013983948431045015 and parameters: {'sigma_noise': 0.1220185389813622, 'A_repulsion': 0.10414480462397102, 'gamma': 0.600044017372775, 'sigma_update': 0.3283586187177005, 'eta_learning': 0.1088059987398737, 'sigma_boundary': 8.769721655593496, 'alpha': 0.815721560605039}. Best is trial 94 with value: 0.010555090499740958.
[I 2026-03-24 17:37:11,564] Trial 108 finished with value: 0.024223781620846194 and parameters: {'sigma_noise': 0.1376995592282477, 'A_repulsion': 0.18582434608959092, 'gamma': 0.6317130982968001, 'sigma_update': 0.5155179439304948, 'eta_learning': 0.03525969485970982, 'sigma_boundary': 7.63786025135911, 'alpha': 0.526090554914872}. Best is trial 94 with value: 0.010555090499740958.
[I 2026-03-24 17:37:12,871] Trial 110 finished with value: 0.01920206872198703 and parameters: {'sigma_noise': 0.15422822988516624, 'A_repulsion': 0.18301047243610558, 'gamma': 0.4924964136942322, 'sigma_update': 0.34781080120061825, 'eta_learning': 0.04532150308724864, 'sigma_boundary': 7.37719986172545, 'alpha': 0.4381684897626677}. Best is trial 94 with value: 0.010555090499740958.
[I 2026-03-24 17:37:18,331] Trial 111 finished with value: 0.027046034939138902 and parameters: {'sigma_noise': 0.18193057129757545, 'A_repulsion': 0.14626346515797994, 'gamma': 0.2725661886499935, 'sigma_update': 0.36997472612458177, 'eta_learning': 0.03980416758416965, 'sigma_boundary': 5.341752466029919, 'alpha': 0.3470304615676746}. Best is trial 94 with value: 0.010555090499740958.
