[I 2026-03-24 17:37:19,690] Trial 114 finished with value: 0.031812568118379056 and parameters: {'sigma_noise': 0.11880471204802598, 'A_repulsion': 0.009230861233274351, 'gamma': 0.3813623946839695, 'sigma_update': 0.3156382879050187, 'eta_learning': 0.03089593745323705, 'sigma_boundary': 6.7456941396791175, 'alpha': 0.28117983485055137}. Best is trial 94 with value: 0.010555090499740958.
[I 2026-03-24 17:37:23,895] Trial 115 finished with value: 0.015378221314593037 and parameters: {'sigma_noise': 0.10586823788958778, 'A_repulsion': 0.12723062031896523, 'gamma': 0.6273816649072383, 'sigma_update': 0.4697342376887987, 'eta_learning': 0.0583988808029338, 'sigma_boundary': 7.83797973054087, 'alpha': 0.7091864800545225}. Best is trial 94 with value: 0.010555090499740958.
[I 2026-03-24 17:37:24,447] Trial 112 finished with value: 0.021478390442642162 and parameters: {'sigma_noise': 0.1639175081621188, 'A_repulsion': 0.15008217904482582, 'gamma': 0.6237056480293777, 'sigma_update': 0.4520390446459487, 'eta_learning': 0.07326763966624994, 'sigma_boundary': 8.384724592950834, 'alpha': 0.5622860092219972}. Best is trial 94 with value: 0.010555090499740958.
[I 2026-03-24 17:37:26,239] Trial 116 finished with value: 0.02324940914686946 and parameters: {'sigma_noise': 0.07696240675716724, 'A_repulsion': 0.030824295606899338, 'gamma': 0.6164508697731885, 'sigma_update': 0.5697351253414994, 'eta_learning': 0.12058315439516383, 'sigma_boundary': 5.597743382560938, 'alpha': 0.6219689879537709}. Best is trial 94 with value: 0.010555090499740958.
[I 2026-03-24 17:37:33,348] Trial 117 finished with value: 0.019829982623802794 and parameters: {'sigma_noise': 0.1471476138464512, 'A_repulsion': 0.1333172150605828, 'gamma': 0.6096611294312151, 'sigma_update': 0.3602216284886817, 'eta_learning': 0.08685883352634682, 'sigma_boundary': 7.320077470288498, 'alpha': 0.5687057449241303}. Best is trial 94 with value: 0.010555090499740958.
[I 2026-03-24 17:37:33,486] Trial 113 finished with value: 0.0587723225194517 and parameters: {'sigma_noise': 0.1630700733016842, 'A_repulsion': 0.21051960199317504, 'gamma': 0.5316739443471495, 'sigma_update': 0.3821050057015286, 'eta_learning': 0.14370103411412416, 'sigma_boundary': 5.037706705987541, 'alpha': 0.2085970768449963}. Best is trial 94 with value: 0.010555090499740958.
[I 2026-03-24 17:37:34,872] Trial 119 finished with value: 0.016605482001118804 and parameters: {'sigma_noise': 0.11767618919550725, 'A_repulsion': 0.00869759123432634, 'gamma': 0.41008371728226245, 'sigma_update': 0.3194512254171749, 'eta_learning': 0.08053706463158113, 'sigma_boundary': 7.475110095656284, 'alpha': 0.48965602214935233}. Best is trial 94 with value: 0.010555090499740958.
[I 2026-03-24 17:37:35,501] Trial 118 finished with value: 0.0217087047048739 and parameters: {'sigma_noise': 0.09803607337127342, 'A_repulsion': 0.17076108139223048, 'gamma': 0.6751115103098608, 'sigma_update': 0.35330919385985543, 'eta_learning': 0.10117773356712448, 'sigma_boundary': 7.270502011823105, 'alpha': 0.3317606592955623}. Best is trial 94 with value: 0.010555090499740958.
[I 2026-03-24 17:37:56,442] Trial 120 finished with value: 0.026369674777032615 and parameters: {'sigma_noise': 0.14684706154035956, 'A_repulsion': 0.14159530853356483, 'gamma': 0.5897753577745122, 'sigma_update': 0.30396566711119755, 'eta_learning': 0.11800199978976923, 'sigma_boundary': 9.740571437270313, 'alpha': 0.32752247771987963}. Best is trial 94 with value: 0.010555090499740958.
[I 2026-03-24 17:37:59,034] Trial 122 finished with value: 0.029620086766024022 and parameters: {'sigma_noise': 0.07117750697690203, 'A_repulsion': 0.1863492580430638, 'gamma': 0.6151917030460715, 'sigma_update': 0.3348791853594188, 'eta_learning': 0.04821924194733408, 'sigma_boundary': 6.118786205080904, 'alpha': 0.41698115079113035}. Best is trial 94 with value: 0.010555090499740958.
[I 2026-03-24 17:38:00,081] Trial 127 finished with value: 0.020324085189309997 and parameters: {'sigma_noise': 0.03914351566094768, 'A_repulsion': 0.15953345594898927, 'gamma': 0.3793535777746927, 'sigma_update': 0.46319545793772615, 'eta_learning': 0.060301818396333445, 'sigma_boundary': 8.509355726582847, 'alpha': 0.48332174098096076}. Best is trial 94 with value: 0.010555090499740958.
[I 2026-03-24 17:38:01,041] Trial 121 finished with value: 0.01322876243071036 and parameters: {'sigma_noise': 0.0790084992843138, 'A_repulsion': 0.2704652886647292, 'gamma': 0.5146061240529499, 'sigma_update': 0.43358413104370924, 'eta_learning': 0.06184267760596454, 'sigma_boundary': 5.692074021525329, 'alpha': 0.669946410869843}. Best is trial 94 with value: 0.010555090499740958.
[I 2026-03-24 17:38:04,451] Trial 125 finished with value: 0.024601589877239267 and parameters: {'sigma_noise': 0.1387180964985409, 'A_repulsion': 0.11414815846067597, 'gamma': 0.5695570486580063, 'sigma_update': 0.21677856055544387, 'eta_learning': 0.09766040346194126, 'sigma_boundary': 6.387715271116397, 'alpha': 0.26096183915401644}. Best is trial 94 with value: 0.010555090499740958.
[I 2026-03-24 17:38:04,823] Trial 129 finished with value: 0.03264425091698762 and parameters: {'sigma_noise': 0.05555531750538823, 'A_repulsion': 0.11584629978860242, 'gamma': 0.36591561145679263, 'sigma_update': 0.3632677545099611, 'eta_learning': 0.034835930196311184, 'sigma_boundary': 9.88604757250265, 'alpha': 0.42875036986648135}. Best is trial 94 with value: 0.010555090499740958.
[I 2026-03-24 17:38:05,476] Trial 124 finished with value: 0.01546899025504346 and parameters: {'sigma_noise': 0.10000190951200942, 'A_repulsion': 0.25771031241882947, 'gamma': 0.46703402175292963, 'sigma_update': 0.27587800468424106, 'eta_learning': 0.04243196551303465, 'sigma_boundary': 8.615471701185056, 'alpha': 0.330945862676066}. Best is trial 94 with value: 0.010555090499740958.
[I 2026-03-24 17:38:07,296] Trial 130 finished with value: 0.030242532449872402 and parameters: {'sigma_noise': 0.11111810200519416, 'A_repulsion': 0.15212127061828962, 'gamma': 0.3910823944388909, 'sigma_update': 0.4365659248630684, 'eta_learning': 0.025313440546067118, 'sigma_boundary': 6.258020310790038, 'alpha': 0.47001713892945807}. Best is trial 94 with value: 0.010555090499740958.
[I 2026-03-24 17:38:08,246] Trial 126 finished with value: 0.01417464666389559 and parameters: {'sigma_noise': 0.11424406108076071, 'A_repulsion': 0.30183680698550347, 'gamma': 0.40344180976496963, 'sigma_update': 0.3238796182375694, 'eta_learning': 0.07795395707880057, 'sigma_boundary': 7.156213959439305, 'alpha': 0.42468727463577505}. Best is trial 94 with value: 0.010555090499740958.
[I 2026-03-24 17:38:09,459] Trial 123 finished with value: 0.03934052109354351 and parameters: {'sigma_noise': 0.17049320356004896, 'A_repulsion': 0.1614125722605605, 'gamma': 0.276892460928872, 'sigma_update': 0.4898551109260128, 'eta_learning': 0.05835706481536109, 'sigma_boundary': 5.151959479722839, 'alpha': 0.5504791831381213}. Best is trial 94 with value: 0.010555090499740958.
[I 2026-03-24 17:38:10,831] Trial 131 finished with value: 0.011612621947363892 and parameters: {'sigma_noise': 0.09402168085765074, 'A_repulsion': 0.1577159162620615, 'gamma': 0.49081129556530384, 'sigma_update': 0.2279160068598789, 'eta_learning': 0.11959374792734183, 'sigma_boundary': 7.428121656924644, 'alpha': 0.39752809195399424}. Best is trial 94 with value: 0.010555090499740958.
[I 2026-03-24 17:38:13,151] Trial 128 finished with value: 0.01432309966001579 and parameters: {'sigma_noise': 0.09650731896988198, 'A_repulsion': 0.21100907708164388, 'gamma': 0.30592531868187933, 'sigma_update': 0.31403742235971527, 'eta_learning': 0.09686253642878877, 'sigma_boundary': 9.567361615392247, 'alpha': 0.5886057517162261}. Best is trial 94 with value: 0.010555090499740958.
[I 2026-03-24 17:38:13,431] Trial 132 finished with value: 0.016254056366342924 and parameters: {'sigma_noise': 0.13538574257734318, 'A_repulsion': 0.04111456197235455, 'gamma': 0.5372419217437959, 'sigma_update': 0.2521320645368689, 'eta_learning': 0.06960726773487369, 'sigma_boundary': 8.502985562863323, 'alpha': 0.5220228758094919}. Best is trial 94 with value: 0.010555090499740958.
[I 2026-03-24 17:38:20,160] Trial 134 finished with value: 0.026299221547884034 and parameters: {'sigma_noise': 0.12429879756684788, 'A_repulsion': 0.14966720820637563, 'gamma': 0.5451394941370274, 'sigma_update': 0.4251489891440511, 'eta_learning': 0.051669469334417364, 'sigma_boundary': 6.761674869676049, 'alpha': 0.35655916953356104}. Best is trial 94 with value: 0.010555090499740958.
[I 2026-03-24 17:38:21,708] Trial 133 finished with value: 0.01325118340439879 and parameters: {'sigma_noise': 0.13269559887859356, 'A_repulsion': 0.2034960763286102, 'gamma': 0.6042786407304259, 'sigma_update': 0.38628014847406134, 'eta_learning': 0.07498027510298967, 'sigma_boundary': 8.258731072659069, 'alpha': 0.6264644718054789}. Best is trial 94 with value: 0.010555090499740958.
[I 2026-03-24 17:38:27,722] Trial 136 finished with value: 0.013482535816688837 and parameters: {'sigma_noise': 0.0964361869608261, 'A_repulsion': 0.14791575145845734, 'gamma': 0.38413015083444885, 'sigma_update': 0.2067761149756902, 'eta_learning': 0.08396610651631513, 'sigma_boundary': 6.932599416452497, 'alpha': 0.3333512697742024}. Best is trial 94 with value: 0.010555090499740958.
[I 2026-03-24 17:38:27,742] Trial 135 finished with value: 0.03021561209528237 and parameters: {'sigma_noise': 0.06788839061605555, 'A_repulsion': 0.16103871010976883, 'gamma': 0.2893075200412663, 'sigma_update': 0.22837195638762586, 'eta_learning': 0.054773605208739036, 'sigma_boundary': 7.856853898569039, 'alpha': 0.533389911522721}. Best is trial 94 with value: 0.010555090499740958.
[I 2026-03-24 17:38:30,553] Trial 139 finished with value: 0.024281101196691555 and parameters: {'sigma_noise': 0.08124798185212447, 'A_repulsion': 0.08892306196120198, 'gamma': 0.5718101870604532, 'sigma_update': 0.19497040770730795, 'eta_learning': 0.07122491647483067, 'sigma_boundary': 8.767762257444275, 'alpha': 0.3926340090628931}. Best is trial 94 with value: 0.010555090499740958.
[I 2026-03-24 17:38:33,263] Trial 137 finished with value: 0.027922947493913938 and parameters: {'sigma_noise': 0.07568941423110172, 'A_repulsion': 0.1861756945649197, 'gamma': 0.5965606227107193, 'sigma_update': 0.3271675304618516, 'eta_learning': 0.0555408262391541, 'sigma_boundary': 6.477950842627445, 'alpha': 0.49862411909990173}. Best is trial 94 with value: 0.010555090499740958.
[I 2026-03-24 17:38:34,559] Trial 138 finished with value: 0.013465949574636957 and parameters: {'sigma_noise': 0.12158971064975568, 'A_repulsion': 0.1239605608720489, 'gamma': 0.4733996283889492, 'sigma_update': 0.17299994850701553, 'eta_learning': 0.0869063167302226, 'sigma_boundary': 4.782582365566143, 'alpha': 0.36975434306508004}. Best is trial 94 with value: 0.010555090499740958.
[I 2026-03-24 17:38:37,242] Trial 141 finished with value: 0.020829275536876267 and parameters: {'sigma_noise': 0.08780699413243447, 'A_repulsion': 0.1457531561327856, 'gamma': 0.4032137596358625, 'sigma_update': 0.5047192996914565, 'eta_learning': 0.07478762389170546, 'sigma_boundary': 6.301862469140372, 'alpha': 0.5642631057325304}. Best is trial 94 with value: 0.010555090499740958.
[I 2026-03-24 17:38:39,133] Trial 140 finished with value: 0.013832856006195998 and parameters: {'sigma_noise': 0.05772909691759849, 'A_repulsion': 0.1991344567604957, 'gamma': 0.4624876793104784, 'sigma_update': 0.3524294831978353, 'eta_learning': 0.08494740906472141, 'sigma_boundary': 5.484819823131114, 'alpha': 0.592963129501001}. Best is trial 94 with value: 0.010555090499740958.
[I 2026-03-24 17:38:39,978] Trial 142 finished with value: 0.011817421150399608 and parameters: {'sigma_noise': 0.1367738366910367, 'A_repulsion': 0.13331303103822767, 'gamma': 0.5021784801831927, 'sigma_update': 0.2383503919345844, 'eta_learning': 0.07276800533025204, 'sigma_boundary': 7.3918331711869465, 'alpha': 0.6817215686126875}. Best is trial 94 with value: 0.010555090499740958.
[I 2026-03-24 17:38:40,699] Trial 143 finished with value: 0.015140604872633403 and parameters: {'sigma_noise': 0.059704499465622445, 'A_repulsion': 0.21603718602494013, 'gamma': 0.2568694358174051, 'sigma_update': 0.39515555132541313, 'eta_learning': 0.0720359354986153, 'sigma_boundary': 6.95816344446398, 'alpha': 0.47650670340836326}. Best is trial 94 with value: 0.010555090499740958.
[I 2026-03-24 17:39:00,713] Trial 144 finished with value: 0.02377429826412214 and parameters: {'sigma_noise': 0.03178829505539774, 'A_repulsion': 0.15889442035100151, 'gamma': 0.47306950982769946, 'sigma_update': 0.50595080961018, 'eta_learning': 0.07476019411599767, 'sigma_boundary': 7.03760102426443, 'alpha': 0.4128306129725865}. Best is trial 94 with value: 0.010555090499740958.
[I 2026-03-24 17:39:02,674] Trial 147 finished with value: 0.02595651497040602 and parameters: {'sigma_noise': 0.05327181978689644, 'A_repulsion': 0.1308304734643461, 'gamma': 0.4562354981498083, 'sigma_update': 0.4133541717980844, 'eta_learning': 0.05913438475375792, 'sigma_boundary': 6.990576528993182, 'alpha': 0.2601053651970746}. Best is trial 94 with value: 0.010555090499740958.
[I 2026-03-24 17:39:03,856] Trial 146 finished with value: 0.021992841129646286 and parameters: {'sigma_noise': 0.10975886974085428, 'A_repulsion': 0.13124130937422254, 'gamma': 0.46438789943655673, 'sigma_update': 0.4583289351519547, 'eta_learning': 0.06446754731534987, 'sigma_boundary': 8.829898086380659, 'alpha': 0.4531929349801617}. Best is trial 94 with value: 0.010555090499740958.
[I 2026-03-24 17:39:09,104] Trial 149 finished with value: 0.014309475452696986 and parameters: {'sigma_noise': 0.07208463094731289, 'A_repulsion': 0.10829805232818557, 'gamma': 0.11787329131010801, 'sigma_update': 0.48503985388140336, 'eta_learning': 0.029858085666649194, 'sigma_boundary': 8.478906111948392, 'alpha': 0.47067150974819677}. Best is trial 94 with value: 0.010555090499740958.
[I 2026-03-24 17:39:11,199] Trial 151 finished with value: 0.019424826788602446 and parameters: {'sigma_noise': 0.10845235629613206, 'A_repulsion': 0.10254705422278476, 'gamma': 0.1771116354794892, 'sigma_update': 0.4580932080333851, 'eta_learning': 0.04542693121795389, 'sigma_boundary': 8.161360702416903, 'alpha': 0.40372355785850733}. Best is trial 94 with value: 0.010555090499740958.
[I 2026-03-24 17:39:12,077] Trial 145 finished with value: 0.019683562689198478 and parameters: {'sigma_noise': 0.1469997832057994, 'A_repulsion': 0.2022140789704682, 'gamma': 0.5104448218953325, 'sigma_update': 0.5109677712691761, 'eta_learning': 0.0483426250041939, 'sigma_boundary': 8.101661243415494, 'alpha': 0.6346116346163394}. Best is trial 94 with value: 0.010555090499740958.
[I 2026-03-24 17:39:13,359] Trial 150 finished with value: 0.014127816214722838 and parameters: {'sigma_noise': 0.054823678359322184, 'A_repulsion': 0.29323914109728, 'gamma': 0.4273431964078869, 'sigma_update': 0.4275011577539718, 'eta_learning': 0.08744491713358121, 'sigma_boundary': 8.295526462009793, 'alpha': 0.3479459532446056}. Best is trial 94 with value: 0.010555090499740958.
[I 2026-03-24 17:39:14,154] Trial 152 finished with value: 0.013098319447737596 and parameters: {'sigma_noise': 0.10591701656506188, 'A_repulsion': 0.23113357667901901, 'gamma': 0.6285381432028161, 'sigma_update': 0.4117544022320111, 'eta_learning': 0.06655066811377336, 'sigma_boundary': 7.9565024762456105, 'alpha': 0.6622770355418012}. Best is trial 94 with value: 0.010555090499740958.
[I 2026-03-24 17:39:15,940] Trial 148 finished with value: 0.024359972969308745 and parameters: {'sigma_noise': 0.08639330823179481, 'A_repulsion': 0.2174165223743065, 'gamma': 0.3372017637138287, 'sigma_update': 0.41314324607684055, 'eta_learning': 0.12415545864364637, 'sigma_boundary': 6.033749401384521, 'alpha': 0.3125572300356181}. Best is trial 94 with value: 0.010555090499740958.
[I 2026-03-24 17:39:19,051] Trial 156 finished with value: 0.023198908070481222 and parameters: {'sigma_noise': 0.1571104464070209, 'A_repulsion': 0.09959040316597298, 'gamma': 0.5758982367695241, 'sigma_update': 0.48845690124122954, 'eta_learning': 0.09395467475264063, 'sigma_boundary': 7.206983774970469, 'alpha': 0.7752631842497746}. Best is trial 94 with value: 0.010555090499740958.
[I 2026-03-24 17:39:21,617] Trial 153 finished with value: 0.026035375378224243 and parameters: {'sigma_noise': 0.14410131180660543, 'A_repulsion': 0.16253132702969214, 'gamma': 0.41291533963807514, 'sigma_update': 0.5321378566973481, 'eta_learning': 0.023070408957116845, 'sigma_boundary': 4.061375638307329, 'alpha': 0.45443307868595656}. Best is trial 94 with value: 0.010555090499740958.
[I 2026-03-24 17:39:22,895] Trial 155 finished with value: 0.024252961292491583 and parameters: {'sigma_noise': 0.1039107235842726, 'A_repulsion': 0.2685320311474022, 'gamma': 0.5524815905862073, 'sigma_update': 0.34552612014514245, 'eta_learning': 0.04492555384590512, 'sigma_boundary': 9.056521702346258, 'alpha': 0.4632023018347408}. Best is trial 94 with value: 0.010555090499740958.
[I 2026-03-24 17:39:23,925] Trial 154 finished with value: 0.019597965361016583 and parameters: {'sigma_noise': 0.10867509098827313, 'A_repulsion': 0.31015058998913103, 'gamma': 0.44769909397899116, 'sigma_update': 0.25709653971093405, 'eta_learning': 0.044438822095908784, 'sigma_boundary': 8.843243961315515, 'alpha': 0.41753888006724443}. Best is trial 94 with value: 0.010555090499740958.
[I 2026-03-24 17:39:27,808] Trial 157 finished with value: 0.025693092198865414 and parameters: {'sigma_noise': 0.1370747941127137, 'A_repulsion': 0.23702098383786274, 'gamma': 0.45013399126402603, 'sigma_update': 0.5489896942389498, 'eta_learning': 0.07357019805173352, 'sigma_boundary': 5.795977078909725, 'alpha': 0.6404071009018624}. Best is trial 94 with value: 0.010555090499740958.
[I 2026-03-24 17:39:28,053] Trial 158 finished with value: 0.018961343161615466 and parameters: {'sigma_noise': 0.025998894834711198, 'A_repulsion': 0.34374212240725627, 'gamma': 0.30531778353659145, 'sigma_update': 0.1909325247020425, 'eta_learning': 0.09379749317686437, 'sigma_boundary': 5.037179092196721, 'alpha': 0.758063201024826}. Best is trial 94 with value: 0.010555090499740958.
[I 2026-03-24 17:39:37,875] Trial 160 finished with value: 0.015736442216790904 and parameters: {'sigma_noise': 0.06922561247913418, 'A_repulsion': 0.30339523907317334, 'gamma': 0.4793783408329891, 'sigma_update': 0.37260808524695543, 'eta_learning': 0.05038902504526488, 'sigma_boundary': 7.322034195386608, 'alpha': 0.49215776731020944}. Best is trial 94 with value: 0.010555090499740958.
[I 2026-03-24 17:39:38,614] Trial 159 finished with value: 0.012441945758548928 and parameters: {'sigma_noise': 0.08242594529939719, 'A_repulsion': 0.27240748810627785, 'gamma': 0.21200870683251705, 'sigma_update': 0.39444326459703094, 'eta_learning': 0.06662412164638667, 'sigma_boundary': 5.474225244487631, 'alpha': 0.5404104980511893}. Best is trial 94 with value: 0.010555090499740958.
[I 2026-03-24 17:39:40,940] Trial 162 finished with value: 0.02074256826423551 and parameters: {'sigma_noise': 0.12907310264622995, 'A_repulsion': 0.20925727033507524, 'gamma': 0.45837131587995666, 'sigma_update': 0.33297343658667616, 'eta_learning': 0.10689515472215481, 'sigma_boundary': 6.044373955002331, 'alpha': 0.5101209673509396}. Best is trial 94 with value: 0.010555090499740958.
[I 2026-03-24 17:39:42,812] Trial 161 finished with value: 0.022442315326080337 and parameters: {'sigma_noise': 0.07992836381730119, 'A_repulsion': 0.3488586241564605, 'gamma': 0.5883478454359682, 'sigma_update': 0.20494267271882732, 'eta_learning': 0.06721152179844943, 'sigma_boundary': 6.889842363332629, 'alpha': 0.5695832222842906}. Best is trial 94 with value: 0.010555090499740958.
[I 2026-03-24 17:39:43,615] Trial 163 finished with value: 0.01173599535583644 and parameters: {'sigma_noise': 0.08082122294910979, 'A_repulsion': 0.17591803013501428, 'gamma': 0.3646764459499737, 'sigma_update': 0.2538156867600476, 'eta_learning': 0.09506396496445921, 'sigma_boundary': 7.391834208813968, 'alpha': 0.6138013648104012}. Best is trial 94 with value: 0.010555090499740958.
[I 2026-03-24 17:39:44,878] Trial 165 finished with value: 0.020404713078614484 and parameters: {'sigma_noise': 0.07417376575103184, 'A_repulsion': 0.33210694358964266, 'gamma': 0.32093889389726826, 'sigma_update': 0.3631907755743335, 'eta_learning': 0.05764960698792835, 'sigma_boundary': 5.640684933512791, 'alpha': 0.5756877710920563}. Best is trial 94 with value: 0.010555090499740958.
[I 2026-03-24 17:39:51,095] Trial 164 finished with value: 0.013534368251516162 and parameters: {'sigma_noise': 0.09751917383982939, 'A_repulsion': 0.3669375473141252, 'gamma': 0.5556453322738069, 'sigma_update': 0.23349614993414994, 'eta_learning': 0.11947723683888757, 'sigma_boundary': 5.591678422615919, 'alpha': 0.5175161671341109}. Best is trial 94 with value: 0.010555090499740958.
[I 2026-03-24 17:39:55,940] Trial 167 finished with value: 0.015687461763771057 and parameters: {'sigma_noise': 0.13729446605971538, 'A_repulsion': 0.25947331189968525, 'gamma': 0.4153543609657958, 'sigma_update': 0.2623177462395804, 'eta_learning': 0.06472298980892333, 'sigma_boundary': 5.554207000163927, 'alpha': 0.36747680703074226}. Best is trial 94 with value: 0.010555090499740958.
[I 2026-03-24 17:40:00,929] Trial 166 finished with value: 0.014459189093162909 and parameters: {'sigma_noise': 0.15701040146153974, 'A_repulsion': 0.31352399443925455, 'gamma': 0.542288610779548, 'sigma_update': 0.30309057374921583, 'eta_learning': 0.050778501498650215, 'sigma_boundary': 5.770957113012015, 'alpha': 0.46049169653428035}. Best is trial 94 with value: 0.010555090499740958.
