[I 2026-03-06 23:54:42,379] Trial 37 finished with value: 0.22145111362031822 and parameters: {'sigma_noise': 0.30627563716300854, 'A_repulsion': 0.13689738023747816, 'gamma': 0.44565792604759713, 'sigma_update': 0.0735620630984857, 'eta_learning': 1.5414501879926297, 'sigma_boundary': 1.1850750779458359, 'alpha': 0.6447248313368299}. Best is trial 3 with value: 0.030190373738098495.
[I 2026-03-06 23:54:51,819] Trial 0 finished with value: 2.0582547084588647 and parameters: {'sigma_noise': 0.3328739964845838, 'A_repulsion': 0.09805150019315051, 'gamma': 0.16435702406656216, 'sigma_update': 0.3163354683041873, 'eta_learning': 0.6496447459091496, 'sigma_boundary': 3.891794590008643, 'alpha': 0.1435973037838264}. Best is trial 3 with value: 0.030190373738098495.
[I 2026-03-06 23:55:03,350] Trial 7 finished with value: 0.38514514259434407 and parameters: {'sigma_noise': 0.43390968424266707, 'A_repulsion': 0.12278949043018533, 'gamma': 0.6453589612941499, 'sigma_update': 0.4392532953664709, 'eta_learning': 2.3685291712075403, 'sigma_boundary': 3.949975396959093, 'alpha': 0.6408901398024784}. Best is trial 3 with value: 0.030190373738098495.
[I 2026-03-06 23:55:14,971] Trial 21 finished with value: 2.478116734915076 and parameters: {'sigma_noise': 0.4281247300451666, 'A_repulsion': 0.11298001590701223, 'gamma': 0.2122211599168245, 'sigma_update': 0.2253409304987773, 'eta_learning': 0.8923872175146225, 'sigma_boundary': 8.589513375093805, 'alpha': 0.033946744199706225}. Best is trial 3 with value: 0.030190373738098495.
[I 2026-03-06 23:55:20,202] Trial 18 finished with value: 0.12271754510193975 and parameters: {'sigma_noise': 0.29800227346491676, 'A_repulsion': 0.18658127429010257, 'gamma': 0.5787422507409663, 'sigma_update': 0.3073142628390869, 'eta_learning': 0.6211774039882052, 'sigma_boundary': 4.435756986419873, 'alpha': 0.8005890690175175}. Best is trial 3 with value: 0.030190373738098495.
[I 2026-03-06 23:55:23,005] Trial 9 finished with value: 0.36801676342073153 and parameters: {'sigma_noise': 0.3018699415699648, 'A_repulsion': 0.33877604687081336, 'gamma': 0.4543784680968177, 'sigma_update': 0.5263852678620872, 'eta_learning': 2.1673783581091177, 'sigma_boundary': 2.361422356672797, 'alpha': 0.6587552579404949}. Best is trial 3 with value: 0.030190373738098495.
[I 2026-03-06 23:55:29,995] Trial 25 finished with value: 0.0650075902116033 and parameters: {'sigma_noise': 0.2366983383317316, 'A_repulsion': 0.45593738091636693, 'gamma': 0.9315053122992452, 'sigma_update': 0.5101378202559679, 'eta_learning': 2.0381821743895667, 'sigma_boundary': 9.044173699340433, 'alpha': 0.8787271803248632}. Best is trial 3 with value: 0.030190373738098495.
[I 2026-03-06 23:55:38,579] Trial 14 finished with value: 0.1388447864543877 and parameters: {'sigma_noise': 0.31960619469255513, 'A_repulsion': 0.30493790602879917, 'gamma': 0.7363842920055292, 'sigma_update': 0.36038254683279, 'eta_learning': 2.783891100171657, 'sigma_boundary': 5.7983252734530675, 'alpha': 0.6342720261623421}. Best is trial 3 with value: 0.030190373738098495.
[I 2026-03-06 23:55:53,777] Trial 36 finished with value: 2.44957735362914 and parameters: {'sigma_noise': 0.25618628489984535, 'A_repulsion': 0.43444922165249245, 'gamma': 0.14975283126706984, 'sigma_update': 0.3649800087496952, 'eta_learning': 1.8534006219120642, 'sigma_boundary': 6.499585989105655, 'alpha': 0.2026856481566025}. Best is trial 3 with value: 0.030190373738098495.
[I 2026-03-06 23:56:03,436] Trial 24 finished with value: 0.1186230463124745 and parameters: {'sigma_noise': 0.29847434147736934, 'A_repulsion': 0.4470120984301045, 'gamma': 0.8119925253594144, 'sigma_update': 0.41469740128313476, 'eta_learning': 0.590070995582521, 'sigma_boundary': 0.8275039445760829, 'alpha': 0.5105985622884961}. Best is trial 3 with value: 0.030190373738098495.
[I 2026-03-06 23:56:13,645] Trial 34 finished with value: 0.7622495340654596 and parameters: {'sigma_noise': 0.42342379739299163, 'A_repulsion': 0.23452984382810987, 'gamma': 0.13028876716224125, 'sigma_update': 0.4582616608122755, 'eta_learning': 1.7211186183460838, 'sigma_boundary': 7.439727272508996, 'alpha': 0.449497562305643}. Best is trial 3 with value: 0.030190373738098495.
[I 2026-03-06 23:56:28,428] Trial 22 finished with value: 0.08149122277968543 and parameters: {'sigma_noise': 0.3900578365356499, 'A_repulsion': 0.36304919641827677, 'gamma': 0.9993897855051341, 'sigma_update': 0.46892198904990423, 'eta_learning': 2.8251889240433665, 'sigma_boundary': 8.203629901193503, 'alpha': 0.6144016051301501}. Best is trial 3 with value: 0.030190373738098495.
[I 2026-03-06 23:56:39,055] Trial 17 finished with value: 2.0155159507368063 and parameters: {'sigma_noise': 0.38170022226185807, 'A_repulsion': 0.323900574900896, 'gamma': 0.030963165950255334, 'sigma_update': 0.2304987160299498, 'eta_learning': 1.087292302842712, 'sigma_boundary': 4.631701565749198, 'alpha': 0.2819834135758351}. Best is trial 3 with value: 0.030190373738098495.
[I 2026-03-06 23:57:12,585] Trial 26 finished with value: 0.43418481143722376 and parameters: {'sigma_noise': 0.3999501819673042, 'A_repulsion': 0.3544703974273492, 'gamma': 0.916938218939544, 'sigma_update': 0.054050896493135124, 'eta_learning': 1.6701632290801576, 'sigma_boundary': 3.8173322970755166, 'alpha': 0.9873098211570103}. Best is trial 3 with value: 0.030190373738098495.
[I 2026-03-06 23:58:11,915] Trial 33 finished with value: 0.9450202435862607 and parameters: {'sigma_noise': 0.4071969699257843, 'A_repulsion': 0.3906726420135818, 'gamma': 0.47330067548293536, 'sigma_update': 0.024147265012231627, 'eta_learning': 1.029543032433248, 'sigma_boundary': 3.611618280782912, 'alpha': 0.8377948516600403}. Best is trial 3 with value: 0.030190373738098495.
[I 2026-03-07 00:11:42,487] Trial 42 finished with value: 0.41552112959890763 and parameters: {'sigma_noise': 0.1419388386585957, 'A_repulsion': 0.26151539157951664, 'gamma': 0.45774230527503185, 'sigma_update': 0.572032023420421, 'eta_learning': 1.637173646869209, 'sigma_boundary': 4.815629106104108, 'alpha': 0.5182272956844846}. Best is trial 3 with value: 0.030190373738098495.
[I 2026-03-07 00:13:31,693] Trial 40 finished with value: 0.1719549879043652 and parameters: {'sigma_noise': 0.28317102496941876, 'A_repulsion': 0.39259808041856414, 'gamma': 0.11389928045180807, 'sigma_update': 0.26705040486181136, 'eta_learning': 1.379240701275116, 'sigma_boundary': 7.298930392915096, 'alpha': 0.7643017622348447}. Best is trial 3 with value: 0.030190373738098495.
[I 2026-03-07 00:14:51,808] Trial 41 finished with value: 0.2454371224989347 and parameters: {'sigma_noise': 0.2559650652498288, 'A_repulsion': 0.31445395146375393, 'gamma': 0.4418053758607063, 'sigma_update': 0.39034599389115565, 'eta_learning': 2.003064506236143, 'sigma_boundary': 5.077894138432176, 'alpha': 0.5583234374580832}. Best is trial 3 with value: 0.030190373738098495.
[I 2026-03-07 00:15:10,511] Trial 48 finished with value: 0.09807530637305117 and parameters: {'sigma_noise': 0.1460416641913648, 'A_repulsion': 0.2103280268460585, 'gamma': 0.42666749940387244, 'sigma_update': 0.24526698740296013, 'eta_learning': 1.7066698825723017, 'sigma_boundary': 5.1188518326102805, 'alpha': 0.5692400637619155}. Best is trial 3 with value: 0.030190373738098495.
[I 2026-03-07 00:15:59,578] Trial 43 finished with value: 0.09518810616256684 and parameters: {'sigma_noise': 0.255575189989756, 'A_repulsion': 0.35372751617145365, 'gamma': 0.6541855725926249, 'sigma_update': 0.1790317137078585, 'eta_learning': 0.8864420354476564, 'sigma_boundary': 1.12754931255335, 'alpha': 0.5500490811184835}. Best is trial 3 with value: 0.030190373738098495.
[I 2026-03-07 00:16:15,977] Trial 44 finished with value: 0.17840215376703167 and parameters: {'sigma_noise': 0.2433902600815147, 'A_repulsion': 0.22055433501745061, 'gamma': 0.5075334612973061, 'sigma_update': 0.47861211651506874, 'eta_learning': 0.7417533291987256, 'sigma_boundary': 2.2170909455072123, 'alpha': 0.7629667725613378}. Best is trial 3 with value: 0.030190373738098495.
[I 2026-03-07 00:16:43,534] Trial 49 finished with value: 0.3307187028000009 and parameters: {'sigma_noise': 0.17914536042550983, 'A_repulsion': 0.2107557962508377, 'gamma': 0.4154279715359519, 'sigma_update': 0.5157869486517016, 'eta_learning': 1.8055451626069967, 'sigma_boundary': 3.7454459603046986, 'alpha': 0.5772414622009041}. Best is trial 3 with value: 0.030190373738098495.
[I 2026-03-07 00:16:52,095] Trial 47 finished with value: 0.1247120481922479 and parameters: {'sigma_noise': 0.23935067401342563, 'A_repulsion': 0.17793866962333488, 'gamma': 0.4563396619849511, 'sigma_update': 0.28405465423010884, 'eta_learning': 1.1174588554734928, 'sigma_boundary': 3.459919555819562, 'alpha': 0.6241592623610807}. Best is trial 3 with value: 0.030190373738098495.
[I 2026-03-07 00:17:16,622] Trial 53 finished with value: 0.19825025088932702 and parameters: {'sigma_noise': 0.1650146559360952, 'A_repulsion': 0.19989004957852993, 'gamma': 0.3262955365433197, 'sigma_update': 0.3708279278065308, 'eta_learning': 0.4452533153963652, 'sigma_boundary': 4.399423607866809, 'alpha': 0.43533285403625727}. Best is trial 3 with value: 0.030190373738098495.
[I 2026-03-07 00:17:27,231] Trial 45 finished with value: 0.7387797899653002 and parameters: {'sigma_noise': 0.25703646899113797, 'A_repulsion': 0.2436366497972426, 'gamma': 0.3821940426318495, 'sigma_update': 0.5138154704034049, 'eta_learning': 1.2969694793946351, 'sigma_boundary': 4.172859992307275, 'alpha': 0.4338162992440851}. Best is trial 3 with value: 0.030190373738098495.
[I 2026-03-07 00:18:15,396] Trial 51 finished with value: 1.148827014950367 and parameters: {'sigma_noise': 0.19136338849579948, 'A_repulsion': 0.22424381381803676, 'gamma': 0.34293525246673623, 'sigma_update': 0.46732514365570965, 'eta_learning': 1.5516036577626442, 'sigma_boundary': 7.251394592870956, 'alpha': 0.2761787142392422}. Best is trial 3 with value: 0.030190373738098495.
[I 2026-03-07 00:18:21,443] Trial 46 finished with value: 0.7494825973816869 and parameters: {'sigma_noise': 0.29462488894806615, 'A_repulsion': 0.23320656070661563, 'gamma': 0.4432919457726396, 'sigma_update': 0.3647502698334962, 'eta_learning': 2.0387634160500494, 'sigma_boundary': 6.445208789591436, 'alpha': 0.3782271626409658}. Best is trial 3 with value: 0.030190373738098495.
[I 2026-03-07 00:19:46,025] Trial 78 finished with value: 0.1197260155969325 and parameters: {'sigma_noise': 0.11428433495782185, 'A_repulsion': 0.10873424642436436, 'gamma': 0.5410084689229286, 'sigma_update': 0.3826640869974378, 'eta_learning': 0.4594565977156021, 'sigma_boundary': 6.160988683953144, 'alpha': 0.4756094168739444}. Best is trial 3 with value: 0.030190373738098495.
[I 2026-03-07 00:20:13,745] Trial 60 finished with value: 0.09292177349932573 and parameters: {'sigma_noise': 0.12891765744777234, 'A_repulsion': 0.29542034465470857, 'gamma': 0.5690571200861707, 'sigma_update': 0.4640066898045205, 'eta_learning': 2.102783242952628, 'sigma_boundary': 5.266496748384067, 'alpha': 0.8992823759482939}. Best is trial 3 with value: 0.030190373738098495.
[I 2026-03-07 00:20:23,122] Trial 52 finished with value: 0.4518898354992268 and parameters: {'sigma_noise': 0.23996784676510924, 'A_repulsion': 0.35452600847046606, 'gamma': 0.6856833658774496, 'sigma_update': 0.32367906313351824, 'eta_learning': 1.2757002937697308, 'sigma_boundary': 3.103824568193316, 'alpha': 0.39776843693130653}. Best is trial 3 with value: 0.030190373738098495.
[I 2026-03-07 00:20:53,534] Trial 50 finished with value: 0.24730488206440338 and parameters: {'sigma_noise': 0.2565286119862749, 'A_repulsion': 0.2585982019716449, 'gamma': 0.4882209885252813, 'sigma_update': 0.35285283943490536, 'eta_learning': 1.1570104182832106, 'sigma_boundary': 5.884905314491986, 'alpha': 0.5107657883262432}. Best is trial 3 with value: 0.030190373738098495.
[I 2026-03-07 00:21:40,721] Trial 54 finished with value: 0.18721469581595676 and parameters: {'sigma_noise': 0.1859806556382269, 'A_repulsion': 0.3660189290342687, 'gamma': 0.49412332851835555, 'sigma_update': 0.4277651421214908, 'eta_learning': 1.489379863501455, 'sigma_boundary': 3.516932940732864, 'alpha': 0.590702614280208}. Best is trial 3 with value: 0.030190373738098495.
[I 2026-03-07 00:22:38,351] Trial 55 finished with value: 0.46548994092837137 and parameters: {'sigma_noise': 0.31909657109715206, 'A_repulsion': 0.2768721587642092, 'gamma': 0.51987744870698, 'sigma_update': 0.363057845058443, 'eta_learning': 1.5730344164599095, 'sigma_boundary': 4.283751092128882, 'alpha': 0.45938021426251935}. Best is trial 3 with value: 0.030190373738098495.
[I 2026-03-07 00:22:48,077] Trial 57 finished with value: 0.26434345672133946 and parameters: {'sigma_noise': 0.2678817899887612, 'A_repulsion': 0.28901866022308864, 'gamma': 0.2891015850342852, 'sigma_update': 0.2983316047649382, 'eta_learning': 2.0563107125989677, 'sigma_boundary': 5.876383076192762, 'alpha': 0.4533781490841172}. Best is trial 3 with value: 0.030190373738098495.
[I 2026-03-07 00:22:50,788] Trial 66 finished with value: 0.13775205417856035 and parameters: {'sigma_noise': 0.14336138340420834, 'A_repulsion': 0.3008138515896241, 'gamma': 0.21204111092370212, 'sigma_update': 0.10537647816758709, 'eta_learning': 1.4553017634645435, 'sigma_boundary': 7.171546726985312, 'alpha': 0.6890926934442471}. Best is trial 3 with value: 0.030190373738098495.
[I 2026-03-07 00:22:51,416] Trial 56 finished with value: 1.9766787053854384 and parameters: {'sigma_noise': 0.2172171722203639, 'A_repulsion': 0.29118791322420456, 'gamma': 0.6811880072781186, 'sigma_update': 0.45245801472334196, 'eta_learning': 0.768944130059692, 'sigma_boundary': 2.7759974985833638, 'alpha': 0.2029676806110831}. Best is trial 3 with value: 0.030190373738098495.
[I 2026-03-07 00:23:44,225] Trial 64 finished with value: 0.39743106345875995 and parameters: {'sigma_noise': 0.25907225638268055, 'A_repulsion': 0.1720075327183804, 'gamma': 0.5151199916304773, 'sigma_update': 0.3965853736737096, 'eta_learning': 1.386390963955109, 'sigma_boundary': 5.373333466586335, 'alpha': 0.45822552277737116}. Best is trial 3 with value: 0.030190373738098495.
[I 2026-03-07 00:23:52,033] Trial 59 finished with value: 0.18991985722536478 and parameters: {'sigma_noise': 0.24810484458374904, 'A_repulsion': 0.40134626218234587, 'gamma': 0.47978689706800015, 'sigma_update': 0.4224172961316254, 'eta_learning': 1.9831852249963584, 'sigma_boundary': 3.8440686651180287, 'alpha': 0.6571195947056832}. Best is trial 3 with value: 0.030190373738098495.
[I 2026-03-07 00:24:03,955] Trial 67 finished with value: 0.13495607879669433 and parameters: {'sigma_noise': 0.1860218549927588, 'A_repulsion': 0.25615162635111033, 'gamma': 0.4659271835641005, 'sigma_update': 0.29741805706020685, 'eta_learning': 0.617495249882457, 'sigma_boundary': 5.533708528662291, 'alpha': 0.48869188111207734}. Best is trial 3 with value: 0.030190373738098495.
[I 2026-03-07 00:24:18,032] Trial 58 finished with value: 0.2638909056273581 and parameters: {'sigma_noise': 0.27379007877318834, 'A_repulsion': 0.2483658070429285, 'gamma': 0.5028475695411652, 'sigma_update': 0.4161148331202926, 'eta_learning': 0.602642524331495, 'sigma_boundary': 4.626185454586068, 'alpha': 0.5593050982424544}. Best is trial 3 with value: 0.030190373738098495.
[I 2026-03-07 00:24:38,564] Trial 74 finished with value: 0.15786182254675332 and parameters: {'sigma_noise': 0.24581563536434098, 'A_repulsion': 0.13397418681613513, 'gamma': 0.5509857759013842, 'sigma_update': 0.30784344896036836, 'eta_learning': 1.291737022839284, 'sigma_boundary': 6.452673870021574, 'alpha': 0.5441272267174628}. Best is trial 3 with value: 0.030190373738098495.
[I 2026-03-07 00:24:59,044] Trial 61 finished with value: 1.4888425338282878 and parameters: {'sigma_noise': 0.32552563509559024, 'A_repulsion': 0.27650358925202784, 'gamma': 0.6833303990000708, 'sigma_update': 0.4870427415403715, 'eta_learning': 1.9834998495738907, 'sigma_boundary': 3.613621009377673, 'alpha': 0.33790771853563095}. Best is trial 3 with value: 0.030190373738098495.
[I 2026-03-07 00:25:04,365] Trial 62 finished with value: 0.5583821702283823 and parameters: {'sigma_noise': 0.30896075577680177, 'A_repulsion': 0.3155817353584255, 'gamma': 0.5079778363265799, 'sigma_update': 0.5109997789400064, 'eta_learning': 1.3362300975361803, 'sigma_boundary': 5.153834497601394, 'alpha': 0.5254716828751531}. Best is trial 3 with value: 0.030190373738098495.
[I 2026-03-07 00:25:11,362] Trial 63 finished with value: 2.367859917941364 and parameters: {'sigma_noise': 0.2747569420852125, 'A_repulsion': 0.354574549413083, 'gamma': 0.35653943504839847, 'sigma_update': 0.4687535204255203, 'eta_learning': 1.3415343410076566, 'sigma_boundary': 4.0823825630282835, 'alpha': 0.2184021117514368}. Best is trial 3 with value: 0.030190373738098495.
[I 2026-03-07 00:25:46,791] Trial 65 finished with value: 0.20899453565237933 and parameters: {'sigma_noise': 0.3273215885079848, 'A_repulsion': 0.11919115016072601, 'gamma': 0.7133317195405791, 'sigma_update': 0.08151451540680167, 'eta_learning': 1.9266895012525935, 'sigma_boundary': 4.939758484801578, 'alpha': 0.6133219353158825}. Best is trial 3 with value: 0.030190373738098495.
[I 2026-03-07 00:26:19,007] Trial 70 finished with value: 0.5647726822230417 and parameters: {'sigma_noise': 0.2748928343659187, 'A_repulsion': 0.19977070528543608, 'gamma': 0.798288935493869, 'sigma_update': 0.3522848204103406, 'eta_learning': 1.731675046576393, 'sigma_boundary': 3.1372256565204943, 'alpha': 0.3738226994445837}. Best is trial 3 with value: 0.030190373738098495.
[I 2026-03-07 00:26:32,860] Trial 72 finished with value: 0.26403758996710824 and parameters: {'sigma_noise': 0.32698246024031513, 'A_repulsion': 0.21419608060980688, 'gamma': 0.08223962497449648, 'sigma_update': 0.32897223982464235, 'eta_learning': 1.104782951049125, 'sigma_boundary': 6.070446677649857, 'alpha': 0.510590390559399}. Best is trial 3 with value: 0.030190373738098495.
[I 2026-03-07 00:26:38,217] Trial 75 finished with value: 0.08276818246425094 and parameters: {'sigma_noise': 0.17933823732114734, 'A_repulsion': 0.3573403497411759, 'gamma': 0.6044441072954139, 'sigma_update': 0.22734834752948502, 'eta_learning': 0.788665916101273, 'sigma_boundary': 5.0547248823218505, 'alpha': 0.6586697719375317}. Best is trial 3 with value: 0.030190373738098495.
[I 2026-03-07 00:27:02,317] Trial 69 finished with value: 0.1561331508525855 and parameters: {'sigma_noise': 0.26134445311845717, 'A_repulsion': 0.2790405428106755, 'gamma': 0.4249329956287302, 'sigma_update': 0.3113453442910511, 'eta_learning': 1.295301439424139, 'sigma_boundary': 2.964287427952355, 'alpha': 0.5736113975956688}. Best is trial 3 with value: 0.030190373738098495.
[I 2026-03-07 00:27:12,845] Trial 73 finished with value: 0.44189317113047705 and parameters: {'sigma_noise': 0.30165475524010144, 'A_repulsion': 0.29202008007941843, 'gamma': 0.41311193338078095, 'sigma_update': 0.34715400813612796, 'eta_learning': 0.7652934116042487, 'sigma_boundary': 4.499105133571112, 'alpha': 0.4306736522452338}. Best is trial 3 with value: 0.030190373738098495.
[I 2026-03-07 00:27:19,672] Trial 71 finished with value: 0.29661562182245704 and parameters: {'sigma_noise': 0.33073542997701183, 'A_repulsion': 0.32276113059639133, 'gamma': 0.4850036512696395, 'sigma_update': 0.4827899479912487, 'eta_learning': 2.0514075029957795, 'sigma_boundary': 4.854894380471049, 'alpha': 0.7436252309459676}. Best is trial 3 with value: 0.030190373738098495.
[I 2026-03-07 00:27:30,957] Trial 68 finished with value: 0.5650957914392276 and parameters: {'sigma_noise': 0.335247480157736, 'A_repulsion': 0.35572642027343243, 'gamma': 0.6778234477011236, 'sigma_update': 0.22401702381745378, 'eta_learning': 2.523401555687188, 'sigma_boundary': 5.787910870891747, 'alpha': 0.42857654950526897}. Best is trial 3 with value: 0.030190373738098495.
[I 2026-03-07 00:27:48,389] Trial 79 finished with value: 0.1919058136809414 and parameters: {'sigma_noise': 0.2082016563471804, 'A_repulsion': 0.22909228407773707, 'gamma': 0.4337951003837229, 'sigma_update': 0.4231507528440082, 'eta_learning': 2.0773821713565366, 'sigma_boundary': 4.670249355735998, 'alpha': 0.6492861179751785}. Best is trial 3 with value: 0.030190373738098495.
[I 2026-03-07 00:28:05,504] Trial 76 finished with value: 0.23903734478611977 and parameters: {'sigma_noise': 0.3264690278858797, 'A_repulsion': 0.32566350207193084, 'gamma': 0.44346737714357304, 'sigma_update': 0.2349729380262704, 'eta_learning': 0.954535736469848, 'sigma_boundary': 4.576576442867233, 'alpha': 0.4685797314831034}. Best is trial 3 with value: 0.030190373738098495.
[I 2026-03-07 00:28:23,795] Trial 77 finished with value: 2.41256013274409 and parameters: {'sigma_noise': 0.19605045088383982, 'A_repulsion': 0.39724891042847266, 'gamma': 0.4299112113055524, 'sigma_update': 0.2915627301419392, 'eta_learning': 1.654517143208159, 'sigma_boundary': 6.811881314397905, 'alpha': 0.15071351742161165}. Best is trial 3 with value: 0.030190373738098495.
[I 2026-03-07 00:37:12,045] Trial 81 finished with value: 0.20568127954205465 and parameters: {'sigma_noise': 0.08942808327761156, 'A_repulsion': 0.21435120510404826, 'gamma': 0.3823976812196553, 'sigma_update': 0.4674543146053688, 'eta_learning': 1.2320678051549034, 'sigma_boundary': 5.9865168391292665, 'alpha': 0.6117709986559539}. Best is trial 3 with value: 0.030190373738098495.
[I 2026-03-07 00:39:32,401] Trial 80 finished with value: 0.11177519740013496 and parameters: {'sigma_noise': 0.2103884341989657, 'A_repulsion': 0.13965724292994547, 'gamma': 0.6273540575435294, 'sigma_update': 0.36427644468954706, 'eta_learning': 2.029918063370059, 'sigma_boundary': 6.502776024316254, 'alpha': 0.6523230438465938}. Best is trial 3 with value: 0.030190373738098495.
