[I 2026-03-07 01:21:50,430] Trial 152 finished with value: 0.08981270983240258 and parameters: {'sigma_noise': 0.08774030185095845, 'A_repulsion': 0.21304430495020127, 'gamma': 0.6178039805993425, 'sigma_update': 0.2637625170861494, 'eta_learning': 1.3434204428015017, 'sigma_boundary': 4.1148702225737965, 'alpha': 0.576522617633165}. Best is trial 3 with value: 0.030190373738098495.
[I 2026-03-07 01:22:22,081] Trial 150 finished with value: 0.03256688772560719 and parameters: {'sigma_noise': 0.12882141214090984, 'A_repulsion': 0.16052320269009449, 'gamma': 0.9114871275007908, 'sigma_update': 0.33859978643320965, 'eta_learning': 0.5433685122461877, 'sigma_boundary': 1.6856388274902296, 'alpha': 0.7208863591743391}. Best is trial 3 with value: 0.030190373738098495.
[I 2026-03-07 01:22:53,740] Trial 146 finished with value: 0.09777087962894226 and parameters: {'sigma_noise': 0.1468892626940108, 'A_repulsion': 0.2780681260247866, 'gamma': 0.47101251582426185, 'sigma_update': 0.30268912407162246, 'eta_learning': 1.3008607620659691, 'sigma_boundary': 5.073481153735435, 'alpha': 0.6911792348667577}. Best is trial 3 with value: 0.030190373738098495.
[I 2026-03-07 01:23:02,262] Trial 140 finished with value: 0.11057845136366673 and parameters: {'sigma_noise': 0.21588856672423118, 'A_repulsion': 0.18478209678409752, 'gamma': 0.39347106088080663, 'sigma_update': 0.11607923549160074, 'eta_learning': 2.2513226486372715, 'sigma_boundary': 1.024660584883332, 'alpha': 0.6835153100130089}. Best is trial 3 with value: 0.030190373738098495.
[I 2026-03-07 01:23:23,959] Trial 137 finished with value: 0.06947951493465788 and parameters: {'sigma_noise': 0.27988366863420894, 'A_repulsion': 0.377009114398406, 'gamma': 0.8728903866155862, 'sigma_update': 0.22227789376274645, 'eta_learning': 2.3479517305201223, 'sigma_boundary': 4.191114245899456, 'alpha': 0.7569001472073347}. Best is trial 3 with value: 0.030190373738098495.
[I 2026-03-07 01:23:50,333] Trial 153 finished with value: 0.07863229380322445 and parameters: {'sigma_noise': 0.09448677804371966, 'A_repulsion': 0.29158475110397986, 'gamma': 0.6454496626343055, 'sigma_update': 0.27481500881614745, 'eta_learning': 0.5189742211177136, 'sigma_boundary': 1.5711837627970784, 'alpha': 0.5565780602412492}. Best is trial 3 with value: 0.030190373738098495.
[I 2026-03-07 01:24:13,707] Trial 142 finished with value: 0.07351859161195999 and parameters: {'sigma_noise': 0.23879218112361406, 'A_repulsion': 0.17335440948394246, 'gamma': 0.6336938800587749, 'sigma_update': 0.15525566882733952, 'eta_learning': 1.0828476424008269, 'sigma_boundary': 4.316989311593266, 'alpha': 0.6597900655657459}. Best is trial 3 with value: 0.030190373738098495.
[I 2026-03-07 01:24:29,073] Trial 139 finished with value: 0.10202869181028801 and parameters: {'sigma_noise': 0.2436237871532439, 'A_repulsion': 0.3431997613974339, 'gamma': 0.5256756125002776, 'sigma_update': 0.1911831431306636, 'eta_learning': 2.0174156778695203, 'sigma_boundary': 4.882915795716877, 'alpha': 0.6935455906898742}. Best is trial 3 with value: 0.030190373738098495.
[I 2026-03-07 01:24:49,139] Trial 145 finished with value: 0.0791127018628325 and parameters: {'sigma_noise': 0.17487426463110395, 'A_repulsion': 0.3082633008347094, 'gamma': 0.5999725606671785, 'sigma_update': 0.1954714449497695, 'eta_learning': 1.309652473965771, 'sigma_boundary': 3.9638889246562736, 'alpha': 0.4937044138852803}. Best is trial 3 with value: 0.030190373738098495.
[I 2026-03-07 01:25:04,397] Trial 141 finished with value: 0.096441765846601 and parameters: {'sigma_noise': 0.1813705702518965, 'A_repulsion': 0.3484371511681967, 'gamma': 0.48033612871901976, 'sigma_update': 0.27324582847871254, 'eta_learning': 1.455754668679124, 'sigma_boundary': 4.693817438368475, 'alpha': 0.6151787315883145}. Best is trial 3 with value: 0.030190373738098495.
[I 2026-03-07 01:25:20,349] Trial 144 finished with value: 0.1073229719599143 and parameters: {'sigma_noise': 0.19747424353830134, 'A_repulsion': 0.27717088821697045, 'gamma': 0.83377645732523, 'sigma_update': 0.4174937260691456, 'eta_learning': 1.520269573098389, 'sigma_boundary': 2.3399243384700723, 'alpha': 0.5157243465255285}. Best is trial 3 with value: 0.030190373738098495.
[I 2026-03-07 01:25:24,040] Trial 147 finished with value: 0.07686678074416733 and parameters: {'sigma_noise': 0.17238735206581648, 'A_repulsion': 0.2587585807156256, 'gamma': 0.5785184214283698, 'sigma_update': 0.302036877675418, 'eta_learning': 0.8260207703140494, 'sigma_boundary': 1.1850934033119882, 'alpha': 0.7255580271957388}. Best is trial 3 with value: 0.030190373738098495.
[I 2026-03-07 01:26:13,556] Trial 148 finished with value: 0.09589611392871508 and parameters: {'sigma_noise': 0.20778464287854298, 'A_repulsion': 0.2337383211812412, 'gamma': 0.6394408204236945, 'sigma_update': 0.1265575375615171, 'eta_learning': 1.5904993202375404, 'sigma_boundary': 4.452381462287355, 'alpha': 0.4664964428275269}. Best is trial 3 with value: 0.030190373738098495.
[I 2026-03-07 01:26:25,940] Trial 143 finished with value: 0.05832889026382271 and parameters: {'sigma_noise': 0.23390340129925197, 'A_repulsion': 0.2842948962359665, 'gamma': 0.7765059156872106, 'sigma_update': 0.36998995371106225, 'eta_learning': 1.7033927581942023, 'sigma_boundary': 5.585462558203428, 'alpha': 0.6860787675434743}. Best is trial 3 with value: 0.030190373738098495.
[I 2026-03-07 01:27:35,268] Trial 154 finished with value: 0.0683828104144629 and parameters: {'sigma_noise': 0.20814176506162446, 'A_repulsion': 0.18438891859749798, 'gamma': 0.6388294427915817, 'sigma_update': 0.3186124519717264, 'eta_learning': 1.5837524048058513, 'sigma_boundary': 3.337726700305234, 'alpha': 0.786825579986109}. Best is trial 3 with value: 0.030190373738098495.
[I 2026-03-07 01:28:06,541] Trial 149 finished with value: 0.08462632987262411 and parameters: {'sigma_noise': 0.24582434859711477, 'A_repulsion': 0.25004639940818635, 'gamma': 0.638819377503937, 'sigma_update': 0.30940985570737645, 'eta_learning': 1.0851767456235477, 'sigma_boundary': 2.740746401358468, 'alpha': 0.994800524925969}. Best is trial 3 with value: 0.030190373738098495.
[I 2026-03-07 01:28:32,102] Trial 155 finished with value: 0.10631349962231698 and parameters: {'sigma_noise': 0.2491165088371331, 'A_repulsion': 0.1588672918341392, 'gamma': 0.4407736187930755, 'sigma_update': 0.195668825343406, 'eta_learning': 1.067438369365278, 'sigma_boundary': 4.171824471113944, 'alpha': 0.8007688429920843}. Best is trial 3 with value: 0.030190373738098495.
[I 2026-03-07 01:29:11,456] Trial 158 finished with value: 0.04329062217474912 and parameters: {'sigma_noise': 0.1682675514178335, 'A_repulsion': 0.29751605630649064, 'gamma': 0.7746494834697435, 'sigma_update': 0.3812338950335877, 'eta_learning': 1.8551594340535194, 'sigma_boundary': 3.1937663542602586, 'alpha': 0.7388028710773235}. Best is trial 3 with value: 0.030190373738098495.
[I 2026-03-07 01:30:13,483] Trial 151 finished with value: 0.027660068451842358 and parameters: {'sigma_noise': 0.2156253642510263, 'A_repulsion': 0.35445307670905113, 'gamma': 0.953744667797121, 'sigma_update': 0.2903810936902093, 'eta_learning': 1.4737862320762003, 'sigma_boundary': 2.6209730076786513, 'alpha': 0.5302029555935368}. Best is trial 151 with value: 0.027660068451842358.
[I 2026-03-07 01:30:20,748] Trial 156 finished with value: 0.07308906685796895 and parameters: {'sigma_noise': 0.22459288739685274, 'A_repulsion': 0.28678197360112, 'gamma': 0.7002130151302235, 'sigma_update': 0.16408423380169637, 'eta_learning': 1.365010435202439, 'sigma_boundary': 1.577687684593964, 'alpha': 0.5391050187402915}. Best is trial 151 with value: 0.027660068451842358.
[I 2026-03-07 01:30:30,604] Trial 159 finished with value: 0.1014005408422463 and parameters: {'sigma_noise': 0.22518816372190176, 'A_repulsion': 0.21220724834252774, 'gamma': 0.5263904423746928, 'sigma_update': 0.2876146296540974, 'eta_learning': 2.617566219940803, 'sigma_boundary': 4.4077894270167, 'alpha': 0.6964145277002759}. Best is trial 151 with value: 0.027660068451842358.
[I 2026-03-07 01:37:13,888] Trial 160 finished with value: 0.04787422778088862 and parameters: {'sigma_noise': 0.21036463094871233, 'A_repulsion': 0.13925923930370326, 'gamma': 0.7565732754680775, 'sigma_update': 0.15867498873654762, 'eta_learning': 1.7425300862364128, 'sigma_boundary': 2.9103300567346158, 'alpha': 0.6471398240078379}. Best is trial 151 with value: 0.027660068451842358.
[I 2026-03-07 01:38:20,622] Trial 165 finished with value: 0.05215687070019312 and parameters: {'sigma_noise': 0.12032823784989329, 'A_repulsion': 0.1279548519011226, 'gamma': 0.6833933596606226, 'sigma_update': 0.28280205662869734, 'eta_learning': 1.6685295550292156, 'sigma_boundary': 2.6160190550753857, 'alpha': 0.7946083008312419}. Best is trial 151 with value: 0.027660068451842358.
[I 2026-03-07 01:39:27,098] Trial 161 finished with value: 0.0588689159137587 and parameters: {'sigma_noise': 0.1677476300524601, 'A_repulsion': 0.2221300121953863, 'gamma': 0.658659875848256, 'sigma_update': 0.4394413439381543, 'eta_learning': 1.2059116874050375, 'sigma_boundary': 5.459341815592504, 'alpha': 0.788713246867897}. Best is trial 151 with value: 0.027660068451842358.
[I 2026-03-07 01:39:38,778] Trial 164 finished with value: 0.032929669663921246 and parameters: {'sigma_noise': 0.1795237511725602, 'A_repulsion': 0.09392712947868598, 'gamma': 0.7600201187295313, 'sigma_update': 0.34693655133762047, 'eta_learning': 1.8901737183674256, 'sigma_boundary': 4.6121280359486, 'alpha': 0.892915848187136}. Best is trial 151 with value: 0.027660068451842358.
[I 2026-03-07 01:41:35,175] Trial 166 finished with value: 0.0889494105554292 and parameters: {'sigma_noise': 0.11944276932681992, 'A_repulsion': 0.2535846922563442, 'gamma': 0.5908149737867251, 'sigma_update': 0.3723956278072557, 'eta_learning': 1.5648655013225452, 'sigma_boundary': 4.182682531901068, 'alpha': 0.7313469909255879}. Best is trial 151 with value: 0.027660068451842358.
[I 2026-03-07 01:42:43,611] Trial 162 finished with value: 0.11190049130335963 and parameters: {'sigma_noise': 0.2305425533019762, 'A_repulsion': 0.21002660204560103, 'gamma': 0.3792092349790565, 'sigma_update': 0.2715117643443094, 'eta_learning': 1.1625672232085893, 'sigma_boundary': 3.5706826748298144, 'alpha': 0.6405812207790909}. Best is trial 151 with value: 0.027660068451842358.
[I 2026-03-07 01:44:07,503] Trial 171 finished with value: 0.09762254152240929 and parameters: {'sigma_noise': 0.06498858424000829, 'A_repulsion': 0.3610797727109186, 'gamma': 0.8661650412860469, 'sigma_update': 0.44885707760223204, 'eta_learning': 1.8656330473502387, 'sigma_boundary': 5.033837552417056, 'alpha': 0.7250713178215121}. Best is trial 151 with value: 0.027660068451842358.
[I 2026-03-07 01:44:39,111] Trial 167 finished with value: 0.07231200485759398 and parameters: {'sigma_noise': 0.16614836406108435, 'A_repulsion': 0.24557037760152628, 'gamma': 0.5935258860812556, 'sigma_update': 0.26745595996100124, 'eta_learning': 1.2045708243311917, 'sigma_boundary': 1.527701048029632, 'alpha': 0.6419956814690526}. Best is trial 151 with value: 0.027660068451842358.
[I 2026-03-07 01:44:44,471] Trial 163 finished with value: 0.1086719452025498 and parameters: {'sigma_noise': 0.34244318776457805, 'A_repulsion': 0.20594779467523008, 'gamma': 0.756032268625225, 'sigma_update': 0.2785130717295595, 'eta_learning': 0.8020780395159935, 'sigma_boundary': 5.3471573700445285, 'alpha': 0.7341743479978033}. Best is trial 151 with value: 0.027660068451842358.
[I 2026-03-07 01:45:03,476] Trial 175 finished with value: 0.0381535406852445 and parameters: {'sigma_noise': 0.1586437782225782, 'A_repulsion': 0.14134367268936238, 'gamma': 0.8105326139441478, 'sigma_update': 0.23343868441937923, 'eta_learning': 1.3962066754526952, 'sigma_boundary': 6.636517737096477, 'alpha': 0.8105132331270203}. Best is trial 151 with value: 0.027660068451842358.
[I 2026-03-07 01:45:12,498] Trial 172 finished with value: 0.07058541314683917 and parameters: {'sigma_noise': 0.13627946057298385, 'A_repulsion': 0.21921345400255735, 'gamma': 0.7817924961801154, 'sigma_update': 0.3925210258281546, 'eta_learning': 2.305270476068466, 'sigma_boundary': 5.7394571517454915, 'alpha': 0.6211569263424475}. Best is trial 151 with value: 0.027660068451842358.
[I 2026-03-07 01:45:26,490] Trial 168 finished with value: 0.8810586252400237 and parameters: {'sigma_noise': 0.18053446713422266, 'A_repulsion': 0.20776263226985453, 'gamma': 0.7227250595958518, 'sigma_update': 0.010135565074604851, 'eta_learning': 2.010205664880614, 'sigma_boundary': 2.761737614890768, 'alpha': 0.8142732404835706}. Best is trial 151 with value: 0.027660068451842358.
[I 2026-03-07 01:46:03,512] Trial 176 finished with value: 0.07412279705010896 and parameters: {'sigma_noise': 0.12025546368920081, 'A_repulsion': 0.24057384534833068, 'gamma': 0.6767635248557217, 'sigma_update': 0.15532897021160758, 'eta_learning': 2.1802740405516623, 'sigma_boundary': 3.0208361112990065, 'alpha': 0.754007368861401}. Best is trial 151 with value: 0.027660068451842358.
[I 2026-03-07 01:46:08,841] Trial 169 finished with value: 0.124862245069656 and parameters: {'sigma_noise': 0.1877773520818279, 'A_repulsion': 0.2310282012897773, 'gamma': 0.5162236744062633, 'sigma_update': 0.3758871214196842, 'eta_learning': 1.1470515360163944, 'sigma_boundary': 5.216608047458583, 'alpha': 0.6745982582666821}. Best is trial 151 with value: 0.027660068451842358.
[I 2026-03-07 01:47:09,182] Trial 185 finished with value: 0.058235519575421724 and parameters: {'sigma_noise': 0.1403171239385923, 'A_repulsion': 0.13144367463601503, 'gamma': 0.6347734216822538, 'sigma_update': 0.4660011245816684, 'eta_learning': 1.0181120861967856, 'sigma_boundary': 2.051338934392182, 'alpha': 0.8670050680852964}. Best is trial 151 with value: 0.027660068451842358.
[I 2026-03-07 01:47:11,201] Trial 170 finished with value: 0.07309625639096501 and parameters: {'sigma_noise': 0.23092198659185692, 'A_repulsion': 0.19470049247151233, 'gamma': 0.6363397765820785, 'sigma_update': 0.23095258184239145, 'eta_learning': 1.2796345444059167, 'sigma_boundary': 2.2411905059284654, 'alpha': 0.6802610186580057}. Best is trial 151 with value: 0.027660068451842358.
[I 2026-03-07 01:47:47,052] Trial 183 finished with value: 0.06231050375960506 and parameters: {'sigma_noise': 0.10043241869476084, 'A_repulsion': 0.2928412289649143, 'gamma': 0.8741998273766042, 'sigma_update': 0.2589388339082554, 'eta_learning': 0.9232141366695136, 'sigma_boundary': 4.152769393090456, 'alpha': 0.5824496095756931}. Best is trial 151 with value: 0.027660068451842358.
[I 2026-03-07 01:48:05,981] Trial 178 finished with value: 0.13385271934218787 and parameters: {'sigma_noise': 0.20114789573209474, 'A_repulsion': 0.18109295845190565, 'gamma': 0.6021362246934692, 'sigma_update': 0.29455381080503423, 'eta_learning': 1.4214162951907865, 'sigma_boundary': 1.711297862604238, 'alpha': 0.47093570946978314}. Best is trial 151 with value: 0.027660068451842358.
[I 2026-03-07 01:48:19,184] Trial 173 finished with value: 0.032813295386234065 and parameters: {'sigma_noise': 0.2533899372126004, 'A_repulsion': 0.1806261039176803, 'gamma': 0.8886880899803488, 'sigma_update': 0.2807820387606652, 'eta_learning': 0.6463475688186333, 'sigma_boundary': 3.677439934714412, 'alpha': 0.7954815747309577}. Best is trial 151 with value: 0.027660068451842358.
[I 2026-03-07 01:48:28,200] Trial 188 finished with value: 0.06802630616791075 and parameters: {'sigma_noise': 0.12781984456888285, 'A_repulsion': 0.2017247339887856, 'gamma': 0.7700855478730473, 'sigma_update': 0.18424374223310186, 'eta_learning': 1.6841041020653946, 'sigma_boundary': 4.247105199443484, 'alpha': 0.9433392088381285}. Best is trial 151 with value: 0.027660068451842358.
[I 2026-03-07 01:48:36,446] Trial 181 finished with value: 0.04935556524229562 and parameters: {'sigma_noise': 0.14833393554974422, 'A_repulsion': 0.256608900202509, 'gamma': 0.9213978287901681, 'sigma_update': 0.3428994326599321, 'eta_learning': 1.677414578718542, 'sigma_boundary': 3.33968213948214, 'alpha': 0.8835950419112625}. Best is trial 151 with value: 0.027660068451842358.
[I 2026-03-07 01:48:42,384] Trial 179 finished with value: 0.09425865164128505 and parameters: {'sigma_noise': 0.11115081810847903, 'A_repulsion': 0.42190833830533636, 'gamma': 0.635752703982771, 'sigma_update': 0.27593793037363795, 'eta_learning': 1.9439527769220717, 'sigma_boundary': 4.528069223967471, 'alpha': 0.6470996924012251}. Best is trial 151 with value: 0.027660068451842358.
[I 2026-03-07 01:48:54,218] Trial 177 finished with value: 0.06850463275866733 and parameters: {'sigma_noise': 0.19815078404190667, 'A_repulsion': 0.262345813862319, 'gamma': 0.8261556418095645, 'sigma_update': 0.33826596434845585, 'eta_learning': 1.2480800056911179, 'sigma_boundary': 3.970861387683848, 'alpha': 0.5373711610521702}. Best is trial 151 with value: 0.027660068451842358.
[I 2026-03-07 01:48:56,995] Trial 186 finished with value: 0.06573549254606928 and parameters: {'sigma_noise': 0.1668999658494955, 'A_repulsion': 0.19434851315023227, 'gamma': 0.7153980676094354, 'sigma_update': 0.18811615775838247, 'eta_learning': 1.4097560253296955, 'sigma_boundary': 4.973264815468149, 'alpha': 0.9817281228965731}. Best is trial 151 with value: 0.027660068451842358.
[I 2026-03-07 01:49:10,609] Trial 174 finished with value: 0.04860645788736426 and parameters: {'sigma_noise': 0.2297920704702368, 'A_repulsion': 0.30633317127370446, 'gamma': 0.7972162577081952, 'sigma_update': 0.2424519668688348, 'eta_learning': 1.481470762947097, 'sigma_boundary': 0.4501894822218513, 'alpha': 0.5536507666117019}. Best is trial 151 with value: 0.027660068451842358.
[I 2026-03-07 01:49:55,536] Trial 182 finished with value: 0.01891776010905128 and parameters: {'sigma_noise': 0.1941413651197456, 'A_repulsion': 0.3311098635768702, 'gamma': 0.9743318401828059, 'sigma_update': 0.4049911698055392, 'eta_learning': 0.9751244355865699, 'sigma_boundary': 3.5924782690668158, 'alpha': 0.6573855929467538}. Best is trial 182 with value: 0.01891776010905128.
[I 2026-03-07 01:50:05,346] Trial 180 finished with value: 0.19009767196193145 and parameters: {'sigma_noise': 0.2489476329991877, 'A_repulsion': 0.28273014991885087, 'gamma': 0.46357245597691255, 'sigma_update': 0.30666702590482764, 'eta_learning': 1.841348519853664, 'sigma_boundary': 5.428687546958224, 'alpha': 0.5088098609611932}. Best is trial 182 with value: 0.01891776010905128.
[I 2026-03-07 01:50:09,219] Trial 187 finished with value: 0.07372214843724523 and parameters: {'sigma_noise': 0.16755949243970636, 'A_repulsion': 0.3199699778295069, 'gamma': 0.6569028113467894, 'sigma_update': 0.3734453409134759, 'eta_learning': 0.9287959312043954, 'sigma_boundary': 2.6044043472882397, 'alpha': 0.6842691425082066}. Best is trial 182 with value: 0.01891776010905128.
[I 2026-03-07 01:50:19,556] Trial 184 finished with value: 0.08219581646603559 and parameters: {'sigma_noise': 0.25195058605510834, 'A_repulsion': 0.2220546383695452, 'gamma': 0.7482473585555481, 'sigma_update': 0.21647046853890722, 'eta_learning': 0.4554839801318064, 'sigma_boundary': 1.6091837891727498, 'alpha': 0.4847794889233235}. Best is trial 182 with value: 0.01891776010905128.
[I 2026-03-07 01:50:21,505] Trial 195 finished with value: 0.07573086791231663 and parameters: {'sigma_noise': 0.12434127675405228, 'A_repulsion': 0.2807077536100152, 'gamma': 0.7314206104013913, 'sigma_update': 0.32489795138135114, 'eta_learning': 1.654695922504435, 'sigma_boundary': 4.610391316096855, 'alpha': 0.5829038063270917}. Best is trial 182 with value: 0.01891776010905128.
[I 2026-03-07 01:50:24,240] Trial 189 finished with value: 0.07451950630757442 and parameters: {'sigma_noise': 0.16887104586251367, 'A_repulsion': 0.34453512103581607, 'gamma': 0.729853957164739, 'sigma_update': 0.27786479974632516, 'eta_learning': 1.9699956545976702, 'sigma_boundary': 4.715532040082052, 'alpha': 0.8523616539616925}. Best is trial 182 with value: 0.01891776010905128.
[I 2026-03-07 01:50:52,014] Trial 190 finished with value: 0.04788480973145135 and parameters: {'sigma_noise': 0.24469184600683708, 'A_repulsion': 0.3007414469940314, 'gamma': 0.9191819429301589, 'sigma_update': 0.48470780296459626, 'eta_learning': 2.829320181930291, 'sigma_boundary': 2.955107939972416, 'alpha': 0.6338609260308736}. Best is trial 182 with value: 0.01891776010905128.
[I 2026-03-07 01:50:54,376] Trial 194 finished with value: 0.10907005176074222 and parameters: {'sigma_noise': 0.2063343634595458, 'A_repulsion': 0.2140250028580022, 'gamma': 0.39629788884810074, 'sigma_update': 0.3230506603190481, 'eta_learning': 0.9284700776974077, 'sigma_boundary': 4.641384661533862, 'alpha': 0.8453237923295123}. Best is trial 182 with value: 0.01891776010905128.
[I 2026-03-07 01:50:55,789] Trial 192 finished with value: 0.056070037157668735 and parameters: {'sigma_noise': 0.21846163115395595, 'A_repulsion': 0.29502306641107257, 'gamma': 0.740161779609447, 'sigma_update': 0.3930309604210377, 'eta_learning': 2.0459452542175978, 'sigma_boundary': 1.681733944019713, 'alpha': 0.8368419492414505}. Best is trial 182 with value: 0.01891776010905128.
[I 2026-03-07 01:50:57,255] Trial 191 finished with value: 0.08925810564803294 and parameters: {'sigma_noise': 0.30111738520439973, 'A_repulsion': 0.16386665272274822, 'gamma': 0.7649029876201399, 'sigma_update': 0.16497213259576962, 'eta_learning': 1.0976788479049886, 'sigma_boundary': 4.255666840666771, 'alpha': 0.7145301413616822}. Best is trial 182 with value: 0.01891776010905128.
