[I 2026-03-06 23:18:33,071] Trial 188 finished with value: 0.030329555415868778 and parameters: {'sigma_noise': 0.1357037157004985, 'A_repulsion': 0.0073480142969917644, 'gamma': 0.6681865927049775, 'sigma_update': 0.14417894512418142, 'eta_learning': 0.5529222533060464, 'sigma_boundary': 5.085194393155296, 'alpha': 0.5427417459950193}. Best is trial 163 with value: 0.01736933412406757.
[I 2026-03-06 23:19:09,650] Trial 165 finished with value: 0.1325599204976851 and parameters: {'sigma_noise': 0.19175385500151026, 'A_repulsion': 0.19892830922642954, 'gamma': 0.44426243292869844, 'sigma_update': 0.42958225523872556, 'eta_learning': 0.9515593582659407, 'sigma_boundary': 2.4036611453857866, 'alpha': 0.7488985041121503}. Best is trial 163 with value: 0.01736933412406757.
[I 2026-03-06 23:19:40,963] Trial 176 finished with value: 0.27108818735603285 and parameters: {'sigma_noise': 0.17564012892317488, 'A_repulsion': 0.09008764579957018, 'gamma': 0.6242787991372315, 'sigma_update': 0.03761658962233732, 'eta_learning': 1.688612625122174, 'sigma_boundary': 3.3213826716414587, 'alpha': 0.7364102824774026}. Best is trial 163 with value: 0.01736933412406757.
[I 2026-03-06 23:19:54,897] Trial 180 finished with value: 0.019536483528232014 and parameters: {'sigma_noise': 0.143833168314508, 'A_repulsion': 0.14471651796736418, 'gamma': 0.8690978968237624, 'sigma_update': 0.23185746326193596, 'eta_learning': 0.949184550109841, 'sigma_boundary': 1.755752874614018, 'alpha': 0.6356504845606511}. Best is trial 163 with value: 0.01736933412406757.
[I 2026-03-06 23:19:55,123] Trial 187 finished with value: 0.013357021781713021 and parameters: {'sigma_noise': 0.1939691627597055, 'A_repulsion': 0.007402366385618933, 'gamma': 0.9035246093956074, 'sigma_update': 0.2051101899728879, 'eta_learning': 1.4033937277872406, 'sigma_boundary': 3.5323400755307603, 'alpha': 0.6637989055716949}. Best is trial 187 with value: 0.013357021781713021.
[I 2026-03-06 23:19:57,811] Trial 181 finished with value: 0.06943333848045022 and parameters: {'sigma_noise': 0.08959675058899291, 'A_repulsion': 0.2783243892328031, 'gamma': 0.8649657991879921, 'sigma_update': 0.17120796422006654, 'eta_learning': 1.0268425728784432, 'sigma_boundary': 4.23706637772523, 'alpha': 0.7129801127880329}. Best is trial 187 with value: 0.013357021781713021.
[I 2026-03-06 23:20:43,328] Trial 167 finished with value: 0.07961099343685218 and parameters: {'sigma_noise': 0.2166393365600669, 'A_repulsion': 0.21182134278174963, 'gamma': 0.6669936265590233, 'sigma_update': 0.26995864633968775, 'eta_learning': 1.5243542417011102, 'sigma_boundary': 3.418254470154701, 'alpha': 0.6091996342512966}. Best is trial 187 with value: 0.013357021781713021.
[I 2026-03-06 23:20:48,785] Trial 192 finished with value: 0.05864022173358577 and parameters: {'sigma_noise': 0.08726401827638802, 'A_repulsion': 0.21289090309131178, 'gamma': 0.7844329375379842, 'sigma_update': 0.25114067419541297, 'eta_learning': 0.7692680301103634, 'sigma_boundary': 6.6265840041495085, 'alpha': 0.8509220161259416}. Best is trial 187 with value: 0.013357021781713021.
[I 2026-03-06 23:21:16,538] Trial 177 finished with value: 0.03183252980366552 and parameters: {'sigma_noise': 0.1456818872334948, 'A_repulsion': 0.2780826352846304, 'gamma': 0.8580995032077475, 'sigma_update': 0.21439903098189406, 'eta_learning': 2.269459209730612, 'sigma_boundary': 5.199263567274232, 'alpha': 0.5965135970788304}. Best is trial 187 with value: 0.013357021781713021.
[I 2026-03-06 23:21:43,714] Trial 169 finished with value: 0.3904145548943076 and parameters: {'sigma_noise': 0.22360803034840943, 'A_repulsion': 0.26563671712874276, 'gamma': 0.7578551518201825, 'sigma_update': 0.22847668911677815, 'eta_learning': 0.7045887814902254, 'sigma_boundary': 3.866074623471682, 'alpha': 0.3627132551744494}. Best is trial 187 with value: 0.013357021781713021.
[I 2026-03-06 23:21:55,475] Trial 173 finished with value: 0.02487955454537094 and parameters: {'sigma_noise': 0.1920692768406102, 'A_repulsion': 0.26528132979456787, 'gamma': 0.8942315562082275, 'sigma_update': 0.32525083715680875, 'eta_learning': 1.4317914876568598, 'sigma_boundary': 3.2445830414153267, 'alpha': 0.7184366830197999}. Best is trial 187 with value: 0.013357021781713021.
[I 2026-03-06 23:21:59,876] Trial 171 finished with value: 0.04015855276303826 and parameters: {'sigma_noise': 0.17175342132772603, 'A_repulsion': 0.32352644668045827, 'gamma': 0.8500384933593338, 'sigma_update': 0.43199128882750726, 'eta_learning': 1.426592213688497, 'sigma_boundary': 4.0617456868868285, 'alpha': 0.831883392592672}. Best is trial 187 with value: 0.013357021781713021.
[I 2026-03-06 23:22:00,088] Trial 168 finished with value: 0.10030111169684998 and parameters: {'sigma_noise': 0.29702431816917135, 'A_repulsion': 0.2689105714876308, 'gamma': 0.7248380262926862, 'sigma_update': 0.23593618399519511, 'eta_learning': 0.2502273008164227, 'sigma_boundary': 3.2075390493238087, 'alpha': 0.910002713747815}. Best is trial 187 with value: 0.013357021781713021.
[I 2026-03-06 23:22:03,980] Trial 172 finished with value: 0.05480450829284805 and parameters: {'sigma_noise': 0.18590093547900371, 'A_repulsion': 0.2982074775247058, 'gamma': 0.7925805396132874, 'sigma_update': 0.2438048731560781, 'eta_learning': 1.4258672705517355, 'sigma_boundary': 3.7246376851236227, 'alpha': 0.516880727573697}. Best is trial 187 with value: 0.013357021781713021.
[I 2026-03-06 23:22:04,523] Trial 179 finished with value: 0.16734642528277388 and parameters: {'sigma_noise': 0.18384620959398967, 'A_repulsion': 0.22970389257130078, 'gamma': 0.7205783415372385, 'sigma_update': 0.38830143895935265, 'eta_learning': 1.4292176391501612, 'sigma_boundary': 2.4393849977860387, 'alpha': 0.46011375770510243}. Best is trial 187 with value: 0.013357021781713021.
[I 2026-03-06 23:22:07,088] Trial 178 finished with value: 0.08317910715142174 and parameters: {'sigma_noise': 0.21919446388704872, 'A_repulsion': 0.20147206606210807, 'gamma': 0.5081785384563202, 'sigma_update': 0.2238901087617955, 'eta_learning': 1.5738049146653197, 'sigma_boundary': 5.057893802177816, 'alpha': 0.8829894818557381}. Best is trial 187 with value: 0.013357021781713021.
[I 2026-03-06 23:22:12,149] Trial 183 finished with value: 0.028597786018685085 and parameters: {'sigma_noise': 0.13821278785202085, 'A_repulsion': 0.2731586553626282, 'gamma': 0.8948110111481258, 'sigma_update': 0.2701597733889777, 'eta_learning': 1.3130908702204451, 'sigma_boundary': 1.8813284339822984, 'alpha': 0.5164701141776138}. Best is trial 187 with value: 0.013357021781713021.
[I 2026-03-06 23:22:29,465] Trial 170 finished with value: 0.06820693741080218 and parameters: {'sigma_noise': 0.1904010118673547, 'A_repulsion': 0.42700213358524164, 'gamma': 0.8036036669287494, 'sigma_update': 0.18814387958191903, 'eta_learning': 2.1086435224726934, 'sigma_boundary': 2.8297344266914553, 'alpha': 0.6850003331768032}. Best is trial 187 with value: 0.013357021781713021.
[I 2026-03-06 23:22:31,433] Trial 175 finished with value: 0.06659668836901174 and parameters: {'sigma_noise': 0.22949142913355763, 'A_repulsion': 0.23679819545761469, 'gamma': 0.6492800693579621, 'sigma_update': 0.1974001348723757, 'eta_learning': 1.9339207512294616, 'sigma_boundary': 2.869821364573505, 'alpha': 0.7681078471372071}. Best is trial 187 with value: 0.013357021781713021.
[I 2026-03-06 23:22:34,456] Trial 174 finished with value: 0.1399495681640769 and parameters: {'sigma_noise': 0.3004557336530974, 'A_repulsion': 0.14919285193158363, 'gamma': 0.9052720782106954, 'sigma_update': 0.3110659628398629, 'eta_learning': 1.5969748078223203, 'sigma_boundary': 4.194895134147454, 'alpha': 0.47004070271593446}. Best is trial 187 with value: 0.013357021781713021.
[I 2026-03-06 23:22:37,309] Trial 185 finished with value: 0.06781267091578841 and parameters: {'sigma_noise': 0.24518153595890424, 'A_repulsion': 0.1407268057538584, 'gamma': 0.7588597712934497, 'sigma_update': 0.38425248156616415, 'eta_learning': 2.1177899168618626, 'sigma_boundary': 5.347207860353911, 'alpha': 0.6984583447984427}. Best is trial 187 with value: 0.013357021781713021.
[I 2026-03-06 23:22:40,067] Trial 189 finished with value: 0.055378242390447 and parameters: {'sigma_noise': 0.21193335831292198, 'A_repulsion': 0.15918287516388718, 'gamma': 0.6825020579082288, 'sigma_update': 0.19767131809320226, 'eta_learning': 1.676585983183023, 'sigma_boundary': 3.666398129327363, 'alpha': 0.6347090614571554}. Best is trial 187 with value: 0.013357021781713021.
[I 2026-03-06 23:22:43,971] Trial 196 finished with value: 0.044794413650191794 and parameters: {'sigma_noise': 0.10047079687820842, 'A_repulsion': 0.2264809521436513, 'gamma': 0.7697810358841797, 'sigma_update': 0.33817457584126887, 'eta_learning': 0.37834559235869286, 'sigma_boundary': 4.702774286524855, 'alpha': 0.675617930508148}. Best is trial 187 with value: 0.013357021781713021.
[I 2026-03-06 23:22:51,563] Trial 195 finished with value: 0.045397176601461094 and parameters: {'sigma_noise': 0.1400827903634989, 'A_repulsion': 0.16976945778204564, 'gamma': 0.7344481366902941, 'sigma_update': 0.43645901610043175, 'eta_learning': 1.6887481062145877, 'sigma_boundary': 6.365423934405827, 'alpha': 0.7214999885430255}. Best is trial 187 with value: 0.013357021781713021.
[I 2026-03-06 23:23:02,492] Trial 182 finished with value: 0.16292713612663745 and parameters: {'sigma_noise': 0.2712530915482985, 'A_repulsion': 0.22548769376768818, 'gamma': 0.4709078680640154, 'sigma_update': 0.38111174693390476, 'eta_learning': 0.7110215629684614, 'sigma_boundary': 2.7010036960327515, 'alpha': 0.733067056175122}. Best is trial 187 with value: 0.013357021781713021.
[I 2026-03-06 23:23:02,682] Trial 199 finished with value: 0.05058544648555442 and parameters: {'sigma_noise': 0.11007343180120532, 'A_repulsion': 0.14381524714170352, 'gamma': 0.5724255516815494, 'sigma_update': 0.1604711795805441, 'eta_learning': 0.532400215431801, 'sigma_boundary': 2.4219323961778696, 'alpha': 0.6642086383315278}. Best is trial 187 with value: 0.013357021781713021.
[I 2026-03-06 23:23:06,618] Trial 190 finished with value: 0.23088670499255926 and parameters: {'sigma_noise': 0.2768292934520173, 'A_repulsion': 0.15262203111009048, 'gamma': 0.7916626798461177, 'sigma_update': 0.4511489847691834, 'eta_learning': 0.7851085840331173, 'sigma_boundary': 4.08823677229372, 'alpha': 0.47582180343143277}. Best is trial 187 with value: 0.013357021781713021.
[I 2026-03-06 23:23:15,376] Trial 198 finished with value: 0.15078206629065033 and parameters: {'sigma_noise': 0.19664114007403527, 'A_repulsion': 0.16325745850112186, 'gamma': 0.6216689089961175, 'sigma_update': 0.44561188750748704, 'eta_learning': 1.3364827391440028, 'sigma_boundary': 3.6746807207337833, 'alpha': 0.5931914549019522}. Best is trial 187 with value: 0.013357021781713021.
[I 2026-03-06 23:23:25,330] Trial 194 finished with value: 0.14449707500092898 and parameters: {'sigma_noise': 0.2865611928478748, 'A_repulsion': 0.22281534734409614, 'gamma': 0.7359952674539166, 'sigma_update': 0.08474866459712763, 'eta_learning': 1.167611573300382, 'sigma_boundary': 1.424227748301396, 'alpha': 0.6999813480030909}. Best is trial 187 with value: 0.013357021781713021.
[I 2026-03-06 23:23:25,642] Trial 193 finished with value: 0.20386821756658097 and parameters: {'sigma_noise': 0.3098133888680235, 'A_repulsion': 0.2119801518237643, 'gamma': 0.615109882484691, 'sigma_update': 0.24903545299664112, 'eta_learning': 1.1049828518007434, 'sigma_boundary': 5.851439367563766, 'alpha': 0.5191335747210521}. Best is trial 187 with value: 0.013357021781713021.
[I 2026-03-06 23:23:26,629] Trial 197 finished with value: 0.1284357850499112 and parameters: {'sigma_noise': 0.26159222326163956, 'A_repulsion': 0.21937349997040428, 'gamma': 0.5610623932136163, 'sigma_update': 0.3133442461471994, 'eta_learning': 1.7619468439770118, 'sigma_boundary': 5.4224456256918785, 'alpha': 0.663362875266712}. Best is trial 187 with value: 0.013357021781713021.
[I 2026-03-06 23:23:54,931] A new study created in memory with name: no-name-b291ef64-b79f-4d33-80ec-6d2564c5674e
[I 2026-03-06 23:41:59,003] Trial 5 finished with value: 0.11441275793848227 and parameters: {'sigma_noise': 0.05769626030142954, 'A_repulsion': 0.02331592125497728, 'gamma': 0.5529892636193846, 'sigma_update': 0.3556449596513084, 'eta_learning': 2.8930284065882055, 'sigma_boundary': 9.948436651462789, 'alpha': 0.7663929217153058}. Best is trial 5 with value: 0.11441275793848227.
[I 2026-03-06 23:44:07,626] Trial 16 finished with value: 0.5760801262404666 and parameters: {'sigma_noise': 0.10133596850872331, 'A_repulsion': 0.018778592144858774, 'gamma': 0.3214291544783645, 'sigma_update': 0.5365897257282272, 'eta_learning': 2.5800051503164823, 'sigma_boundary': 5.488567873829033, 'alpha': 0.3074008571143736}. Best is trial 5 with value: 0.11441275793848227.
[I 2026-03-06 23:44:48,954] Trial 11 finished with value: 0.22102595035108857 and parameters: {'sigma_noise': 0.0881056442040693, 'A_repulsion': 0.12660118195941406, 'gamma': 0.34164133642754296, 'sigma_update': 0.523976163042197, 'eta_learning': 2.5132755001890383, 'sigma_boundary': 3.3596706619734507, 'alpha': 0.6649342186196554}. Best is trial 5 with value: 0.11441275793848227.
[I 2026-03-06 23:45:14,747] Trial 30 finished with value: 0.945771190431426 and parameters: {'sigma_noise': 0.06374550305409121, 'A_repulsion': 0.1592001775010301, 'gamma': 0.8916934191105933, 'sigma_update': 0.45877384319154524, 'eta_learning': 2.780343862906539, 'sigma_boundary': 9.179136877500083, 'alpha': 0.10185343251755352}. Best is trial 5 with value: 0.11441275793848227.
[I 2026-03-06 23:45:47,318] Trial 39 finished with value: 0.17236754460248072 and parameters: {'sigma_noise': 0.13029998250009933, 'A_repulsion': 0.07353326628477236, 'gamma': 0.06585863428620907, 'sigma_update': 0.05398823017736128, 'eta_learning': 0.16107132718773673, 'sigma_boundary': 8.319903490716928, 'alpha': 0.9008200754967625}. Best is trial 5 with value: 0.11441275793848227.
[I 2026-03-06 23:46:15,145] Trial 31 finished with value: 0.30720727198419184 and parameters: {'sigma_noise': 0.12501675717429134, 'A_repulsion': 0.1467336776001304, 'gamma': 0.012634062971881809, 'sigma_update': 0.4978274086016475, 'eta_learning': 1.4597314677097728, 'sigma_boundary': 1.4304056649895376, 'alpha': 0.5701258292860659}. Best is trial 5 with value: 0.11441275793848227.
[I 2026-03-06 23:46:42,615] Trial 29 finished with value: 0.09110733581374231 and parameters: {'sigma_noise': 0.05951015721724615, 'A_repulsion': 0.3158581273708339, 'gamma': 0.24524374701904755, 'sigma_update': 0.6588363034157904, 'eta_learning': 0.07012176135993659, 'sigma_boundary': 2.361877886749587, 'alpha': 0.25688796421334126}. Best is trial 29 with value: 0.09110733581374231.
[I 2026-03-06 23:47:27,726] Trial 12 finished with value: 1.4844989277559866 and parameters: {'sigma_noise': 0.11168890998574083, 'A_repulsion': 0.18450483219047253, 'gamma': 0.09612396635050217, 'sigma_update': 0.22971917651914003, 'eta_learning': 2.369884660464378, 'sigma_boundary': 9.9994086119282, 'alpha': 0.08539303007354215}. Best is trial 29 with value: 0.09110733581374231.
[I 2026-03-06 23:49:04,255] Trial 4 finished with value: 0.06828692998667163 and parameters: {'sigma_noise': 0.16218106642498276, 'A_repulsion': 0.12924880542969736, 'gamma': 0.4534701128638131, 'sigma_update': 0.17848064627347612, 'eta_learning': 1.1336375963612597, 'sigma_boundary': 6.188789757730113, 'alpha': 0.6004429019373835}. Best is trial 4 with value: 0.06828692998667163.
[I 2026-03-06 23:49:16,620] Trial 35 finished with value: 0.13051012639329934 and parameters: {'sigma_noise': 0.07895506507676271, 'A_repulsion': 0.386523302769852, 'gamma': 0.9955928206110274, 'sigma_update': 0.2656280302238878, 'eta_learning': 0.7839616804890964, 'sigma_boundary': 0.48923081845340205, 'alpha': 0.7043054486843613}. Best is trial 4 with value: 0.06828692998667163.
[I 2026-03-06 23:49:33,573] Trial 28 finished with value: 0.1565672581546767 and parameters: {'sigma_noise': 0.06403206780576216, 'A_repulsion': 0.4409086923850178, 'gamma': 0.4766813577321347, 'sigma_update': 0.4070513957478718, 'eta_learning': 2.8954160431753255, 'sigma_boundary': 3.6632810279546195, 'alpha': 0.8943673548035471}. Best is trial 4 with value: 0.06828692998667163.
[I 2026-03-06 23:49:35,665] Trial 23 finished with value: 0.04909741475366222 and parameters: {'sigma_noise': 0.18407121704214008, 'A_repulsion': 0.14150852617118437, 'gamma': 0.9983819969364188, 'sigma_update': 0.020574631918982775, 'eta_learning': 0.08130164000351589, 'sigma_boundary': 2.8514396340971015, 'alpha': 0.15489164201704098}. Best is trial 23 with value: 0.04909741475366222.
[I 2026-03-06 23:49:43,036] Trial 38 finished with value: 0.10544682385674428 and parameters: {'sigma_noise': 0.2049495634892935, 'A_repulsion': 0.09965543180507885, 'gamma': 0.6890546860945079, 'sigma_update': 0.6087068035367549, 'eta_learning': 1.077484992504224, 'sigma_boundary': 8.10982932405367, 'alpha': 0.7298386321846557}. Best is trial 23 with value: 0.04909741475366222.
[I 2026-03-06 23:50:26,796] Trial 27 finished with value: 0.09239483514458917 and parameters: {'sigma_noise': 0.2700106314837321, 'A_repulsion': 0.024250337569521496, 'gamma': 0.7109396585188725, 'sigma_update': 0.6884611327250043, 'eta_learning': 2.7891871593465196, 'sigma_boundary': 9.74446187421489, 'alpha': 0.826846284470579}. Best is trial 23 with value: 0.04909741475366222.
[I 2026-03-06 23:51:07,003] Trial 2 finished with value: 0.43993149451979596 and parameters: {'sigma_noise': 0.2641129511833875, 'A_repulsion': 0.07584415338352313, 'gamma': 0.12278841839972682, 'sigma_update': 0.6313208470335784, 'eta_learning': 2.546236539318044, 'sigma_boundary': 1.3519179040425242, 'alpha': 0.8410959647170144}. Best is trial 23 with value: 0.04909741475366222.
[I 2026-03-06 23:51:13,817] Trial 32 finished with value: 2.1805947699872132 and parameters: {'sigma_noise': 0.07910103911017541, 'A_repulsion': 0.45464143341580177, 'gamma': 0.9891960606787048, 'sigma_update': 0.5322637632767855, 'eta_learning': 2.7379551750529183, 'sigma_boundary': 6.383467005368871, 'alpha': 0.04658559536822526}. Best is trial 23 with value: 0.04909741475366222.
[I 2026-03-06 23:51:48,246] Trial 10 finished with value: 0.12193951147956011 and parameters: {'sigma_noise': 0.31652566618059236, 'A_repulsion': 0.0018034699542398558, 'gamma': 0.7329661846677988, 'sigma_update': 0.08749446653425937, 'eta_learning': 0.4027242533800544, 'sigma_boundary': 2.8848534437594258, 'alpha': 0.5438977702177836}. Best is trial 23 with value: 0.04909741475366222.
[I 2026-03-06 23:52:20,946] Trial 1 finished with value: 0.12860096538508542 and parameters: {'sigma_noise': 0.24601252172400423, 'A_repulsion': 0.13343763614384285, 'gamma': 0.46140337850882285, 'sigma_update': 0.299775083498111, 'eta_learning': 1.7715828102390714, 'sigma_boundary': 6.691323094802073, 'alpha': 0.676477098624404}. Best is trial 23 with value: 0.04909741475366222.
[I 2026-03-06 23:52:38,545] Trial 13 finished with value: 0.15371257797793347 and parameters: {'sigma_noise': 0.10097916165337675, 'A_repulsion': 0.48126878547785235, 'gamma': 0.9336501608407816, 'sigma_update': 0.48866366305859754, 'eta_learning': 1.7304032317231186, 'sigma_boundary': 1.5112975962660498, 'alpha': 0.9613913082764592}. Best is trial 23 with value: 0.04909741475366222.
[I 2026-03-06 23:52:49,297] Trial 8 finished with value: 0.11652387395015604 and parameters: {'sigma_noise': 0.1047048202238341, 'A_repulsion': 0.44153771696190525, 'gamma': 0.6070873297032755, 'sigma_update': 0.45371802411805895, 'eta_learning': 2.2442340673224495, 'sigma_boundary': 6.863178227892142, 'alpha': 0.687547350915839}. Best is trial 23 with value: 0.04909741475366222.
[I 2026-03-06 23:53:10,111] Trial 15 finished with value: 0.17781081300477714 and parameters: {'sigma_noise': 0.10827035451301432, 'A_repulsion': 0.4960911545832542, 'gamma': 0.3003185998580181, 'sigma_update': 0.5510479851342761, 'eta_learning': 2.6971100937761876, 'sigma_boundary': 0.957667995738274, 'alpha': 0.9711323574599514}. Best is trial 23 with value: 0.04909741475366222.
[I 2026-03-06 23:53:17,090] Trial 6 finished with value: 0.29834819113627936 and parameters: {'sigma_noise': 0.19556419350267673, 'A_repulsion': 0.27335355587017934, 'gamma': 0.5500515625168676, 'sigma_update': 0.5944851189696108, 'eta_learning': 2.8449469305018953, 'sigma_boundary': 0.7080301519666116, 'alpha': 0.5542832484616917}. Best is trial 23 with value: 0.04909741475366222.
[I 2026-03-06 23:53:31,284] Trial 3 finished with value: 0.030190373738098495 and parameters: {'sigma_noise': 0.22157323059037698, 'A_repulsion': 0.2250244570169349, 'gamma': 0.8248534159096425, 'sigma_update': 0.5580142975944494, 'eta_learning': 2.7494719543797608, 'sigma_boundary': 1.33394306677447, 'alpha': 0.7708684034232367}. Best is trial 3 with value: 0.030190373738098495.
[I 2026-03-06 23:53:31,449] Trial 20 finished with value: 0.3621683311010258 and parameters: {'sigma_noise': 0.3371789921756009, 'A_repulsion': 0.05710326601456439, 'gamma': 0.487627385729707, 'sigma_update': 0.5395901985765243, 'eta_learning': 2.3004442837385493, 'sigma_boundary': 4.434959441321827, 'alpha': 0.7619871823865675}. Best is trial 3 with value: 0.030190373738098495.
[I 2026-03-06 23:54:06,190] Trial 19 finished with value: 0.24433194559605043 and parameters: {'sigma_noise': 0.3079852087802018, 'A_repulsion': 0.10773609890948699, 'gamma': 0.016960095646268297, 'sigma_update': 0.36957610228750704, 'eta_learning': 1.6483167972701982, 'sigma_boundary': 1.3728057643316727, 'alpha': 0.717122286375407}. Best is trial 3 with value: 0.030190373738098495.
