/nfs/nhome/live/apourdehghan/Hybrid_hpc_utils.py:56: DtypeWarning: Columns (16) have mixed types. Specify dtype option on import or set low_memory=False.
  data = pd.read_csv(data_path)
[I 2026-03-06 21:07:57,421] A new study created in memory with name: no-name-056325d7-6622-4a3c-9005-01e0a7dc874b
[I 2026-03-06 21:27:47,357] Trial 3 finished with value: 1.151163144830053 and parameters: {'sigma_noise': 0.08950409958334178, 'A_repulsion': 0.19138453510378894, 'gamma': 0.07546456337726483, 'sigma_update': 0.6852823947999557, 'eta_learning': 2.1443594222698725, 'sigma_boundary': 8.817049984859484, 'alpha': 0.18025421869592706}. Best is trial 3 with value: 1.151163144830053.
[I 2026-03-06 21:28:13,260] Trial 5 finished with value: 0.6911238244334955 and parameters: {'sigma_noise': 0.0904064241355941, 'A_repulsion': 0.1443670461751968, 'gamma': 0.1488388354403627, 'sigma_update': 0.0221541602961318, 'eta_learning': 1.8565570298693048, 'sigma_boundary': 4.824658564648634, 'alpha': 0.24034080776607936}. Best is trial 5 with value: 0.6911238244334955.
[I 2026-03-06 21:28:14,068] Trial 2 finished with value: 0.2891153293006077 and parameters: {'sigma_noise': 0.14609169971237884, 'A_repulsion': 0.06743824380146096, 'gamma': 0.9542760668932149, 'sigma_update': 0.5768023171187562, 'eta_learning': 1.7250232845807232, 'sigma_boundary': 5.71716426734149, 'alpha': 0.4745120479725685}. Best is trial 2 with value: 0.2891153293006077.
[I 2026-03-06 21:28:24,470] Trial 28 finished with value: 0.12074647166149187 and parameters: {'sigma_noise': 0.1275928409031351, 'A_repulsion': 0.11112759740411454, 'gamma': 0.20397765347487973, 'sigma_update': 0.3610754670937871, 'eta_learning': 1.8077402792917519, 'sigma_boundary': 7.02565718193463, 'alpha': 0.8842843340630692}. Best is trial 28 with value: 0.12074647166149187.
[I 2026-03-06 21:28:26,736] Trial 34 finished with value: 0.13132769426026117 and parameters: {'sigma_noise': 0.07285953925103539, 'A_repulsion': 0.2418290725213949, 'gamma': 0.4186934550854338, 'sigma_update': 0.41602154943678205, 'eta_learning': 0.6692177436642411, 'sigma_boundary': 3.3293421685010087, 'alpha': 0.5616948123424087}. Best is trial 28 with value: 0.12074647166149187.
[I 2026-03-06 21:29:50,760] Trial 6 finished with value: 1.6200432761465717 and parameters: {'sigma_noise': 0.14406086231335558, 'A_repulsion': 0.13670385929696882, 'gamma': 0.8234937597146734, 'sigma_update': 0.42395532073497344, 'eta_learning': 1.9482111415579617, 'sigma_boundary': 6.339745849166429, 'alpha': 0.07952231012186917}. Best is trial 28 with value: 0.12074647166149187.
[I 2026-03-06 21:29:52,197] Trial 8 finished with value: 0.21671233265822698 and parameters: {'sigma_noise': 0.06900587799574352, 'A_repulsion': 0.343899803377161, 'gamma': 0.047952822523818266, 'sigma_update': 0.6683383865990725, 'eta_learning': 2.8948468598824233, 'sigma_boundary': 7.49690422690906, 'alpha': 0.9493775139530185}. Best is trial 28 with value: 0.12074647166149187.
[I 2026-03-06 21:30:00,093] Trial 32 finished with value: 0.10073921876985048 and parameters: {'sigma_noise': 0.1929779697122322, 'A_repulsion': 0.06058894184627689, 'gamma': 0.16524169272716005, 'sigma_update': 0.24359781161415453, 'eta_learning': 1.813135089287638, 'sigma_boundary': 6.889211484474922, 'alpha': 0.9621452463715084}. Best is trial 32 with value: 0.10073921876985048.
[I 2026-03-06 21:32:19,230] Trial 38 finished with value: 0.06353805878542207 and parameters: {'sigma_noise': 0.15556408394410542, 'A_repulsion': 0.25520637610811026, 'gamma': 0.6492399344437036, 'sigma_update': 0.3635381183002803, 'eta_learning': 1.4381623480581318, 'sigma_boundary': 7.264880116795629, 'alpha': 0.7400051174111667}. Best is trial 38 with value: 0.06353805878542207.
[I 2026-03-06 21:32:36,323] Trial 25 finished with value: 0.08260224295290586 and parameters: {'sigma_noise': 0.24602691557157158, 'A_repulsion': 0.10807553092863265, 'gamma': 0.0848278648390065, 'sigma_update': 0.25500097225552765, 'eta_learning': 0.01952864232025221, 'sigma_boundary': 6.571302095792425, 'alpha': 0.3799128444686599}. Best is trial 38 with value: 0.06353805878542207.
[I 2026-03-06 21:32:45,723] Trial 9 finished with value: 0.16854887510057465 and parameters: {'sigma_noise': 0.08954415583913522, 'A_repulsion': 0.4521313026482826, 'gamma': 0.958350004060766, 'sigma_update': 0.21571061346589737, 'eta_learning': 2.852274240197829, 'sigma_boundary': 5.051210021684318, 'alpha': 0.9739131290624718}. Best is trial 38 with value: 0.06353805878542207.
[I 2026-03-06 21:33:44,095] Trial 12 finished with value: 0.8844546525711652 and parameters: {'sigma_noise': 0.16402404859932285, 'A_repulsion': 0.3078861612386861, 'gamma': 0.5166022106642169, 'sigma_update': 0.3714766582478816, 'eta_learning': 2.6303195807472934, 'sigma_boundary': 1.9995609851470462, 'alpha': 0.2876358962318849}. Best is trial 38 with value: 0.06353805878542207.
[I 2026-03-06 21:34:05,504] Trial 22 finished with value: 0.14776393080550335 and parameters: {'sigma_noise': 0.2567448489331447, 'A_repulsion': 0.153075772172242, 'gamma': 0.08694714162524741, 'sigma_update': 0.11731155922611136, 'eta_learning': 2.889312935152499, 'sigma_boundary': 1.1650972722833597, 'alpha': 0.6555975149882288}. Best is trial 38 with value: 0.06353805878542207.
[I 2026-03-06 21:34:18,422] Trial 23 finished with value: 1.585973582496263 and parameters: {'sigma_noise': 0.3314291090197832, 'A_repulsion': 0.02716903754469291, 'gamma': 0.31471887979500646, 'sigma_update': 0.4861318848558376, 'eta_learning': 1.4169150274206077, 'sigma_boundary': 9.792365109447307, 'alpha': 0.2082240056025123}. Best is trial 38 with value: 0.06353805878542207.
[I 2026-03-06 21:34:35,893] Trial 13 finished with value: 0.34443215127986904 and parameters: {'sigma_noise': 0.14790299333890505, 'A_repulsion': 0.4043324740094602, 'gamma': 0.03894434857094039, 'sigma_update': 0.6447462606191138, 'eta_learning': 1.3199371056523646, 'sigma_boundary': 4.9452694723462916, 'alpha': 0.7764937432793609}. Best is trial 38 with value: 0.06353805878542207.
[I 2026-03-06 21:34:42,849] Trial 15 finished with value: 0.051257495670750386 and parameters: {'sigma_noise': 0.22657433736596955, 'A_repulsion': 0.2268897429851417, 'gamma': 0.8456162267127488, 'sigma_update': 0.2262742978349245, 'eta_learning': 1.8106371848242857, 'sigma_boundary': 4.5569357889292, 'alpha': 0.940049829426735}. Best is trial 15 with value: 0.051257495670750386.
[I 2026-03-06 21:35:05,056] Trial 16 finished with value: 0.03383209390169963 and parameters: {'sigma_noise': 0.18177071151420193, 'A_repulsion': 0.3332053311920416, 'gamma': 0.7819570258567478, 'sigma_update': 0.649220415835596, 'eta_learning': 1.0992912397875734, 'sigma_boundary': 9.529293550015218, 'alpha': 0.8009909800158188}. Best is trial 16 with value: 0.03383209390169963.
[I 2026-03-06 21:35:06,349] Trial 19 finished with value: 0.9382613427493887 and parameters: {'sigma_noise': 0.17913472084080662, 'A_repulsion': 0.34103604687150907, 'gamma': 0.14633314310502915, 'sigma_update': 0.651833641456867, 'eta_learning': 1.9719438442122312, 'sigma_boundary': 4.329305419627565, 'alpha': 0.45061829122206787}. Best is trial 16 with value: 0.03383209390169963.
[I 2026-03-06 21:35:21,694] Trial 18 finished with value: 1.6255060207858745 and parameters: {'sigma_noise': 0.31844128666517857, 'A_repulsion': 0.1092393668866487, 'gamma': 0.5729775616689193, 'sigma_update': 0.1742870210628895, 'eta_learning': 0.9110330884955375, 'sigma_boundary': 9.356159828784536, 'alpha': 0.23645980217467433}. Best is trial 16 with value: 0.03383209390169963.
[I 2026-03-06 21:35:27,556] Trial 30 finished with value: 2.3251009079573812 and parameters: {'sigma_noise': 0.2694406286821856, 'A_repulsion': 0.16685543143215187, 'gamma': 0.7414008603858185, 'sigma_update': 0.2700530880226136, 'eta_learning': 2.7386590598054146, 'sigma_boundary': 2.4035861849507656, 'alpha': 0.13525575529573353}. Best is trial 16 with value: 0.03383209390169963.
[I 2026-03-06 21:35:53,187] Trial 39 finished with value: 0.9185157931722978 and parameters: {'sigma_noise': 0.2793456964879582, 'A_repulsion': 0.18917270165845457, 'gamma': 0.011472826299140742, 'sigma_update': 0.32188048036848654, 'eta_learning': 0.8029307457238004, 'sigma_boundary': 6.394888507244862, 'alpha': 0.28843178688887716}. Best is trial 16 with value: 0.03383209390169963.
[I 2026-03-06 21:35:54,846] Trial 0 finished with value: 0.30304025433241816 and parameters: {'sigma_noise': 0.15691183270642553, 'A_repulsion': 0.43570407739854383, 'gamma': 0.8040431801975099, 'sigma_update': 0.5575908102742453, 'eta_learning': 2.2092606759184528, 'sigma_boundary': 5.4238528878713685, 'alpha': 0.4635503694358406}. Best is trial 16 with value: 0.03383209390169963.
[I 2026-03-06 21:36:18,031] Trial 1 finished with value: 0.21843186304190626 and parameters: {'sigma_noise': 0.31124269601547805, 'A_repulsion': 0.148630704380454, 'gamma': 0.159704611812272, 'sigma_update': 0.1055582619023085, 'eta_learning': 0.5472107355382188, 'sigma_boundary': 0.7133914817890773, 'alpha': 0.821862912982616}. Best is trial 16 with value: 0.03383209390169963.
[I 2026-03-06 21:36:19,075] Trial 37 finished with value: 0.13310966852229608 and parameters: {'sigma_noise': 0.23878720340749382, 'A_repulsion': 0.2817875475747469, 'gamma': 0.5166724934119744, 'sigma_update': 0.13250197080642678, 'eta_learning': 0.7019505909362439, 'sigma_boundary': 4.436400420337904, 'alpha': 0.9197115647089036}. Best is trial 16 with value: 0.03383209390169963.
[I 2026-03-06 21:36:24,375] Trial 36 finished with value: 1.29722825544669 and parameters: {'sigma_noise': 0.43995896508857973, 'A_repulsion': 0.017625979678726145, 'gamma': 0.7304649817514843, 'sigma_update': 0.4812139107326242, 'eta_learning': 1.260168345066901, 'sigma_boundary': 8.376712022111475, 'alpha': 0.304705879098344}. Best is trial 16 with value: 0.03383209390169963.
[I 2026-03-06 21:36:33,005] Trial 31 finished with value: 0.13634642297856553 and parameters: {'sigma_noise': 0.24936051780420349, 'A_repulsion': 0.42179647251714136, 'gamma': 0.48941350223688723, 'sigma_update': 0.3181556760173333, 'eta_learning': 0.7827190361330372, 'sigma_boundary': 0.24322998945224644, 'alpha': 0.9528842260685007}. Best is trial 16 with value: 0.03383209390169963.
[I 2026-03-06 21:36:35,963] Trial 21 finished with value: 0.1314481822897638 and parameters: {'sigma_noise': 0.3742701749033012, 'A_repulsion': 0.22825115119382366, 'gamma': 0.976541833763513, 'sigma_update': 0.10336133418218181, 'eta_learning': 1.0250568635969914, 'sigma_boundary': 3.052575332473101, 'alpha': 0.49794773366813583}. Best is trial 16 with value: 0.03383209390169963.
[I 2026-03-06 21:36:36,594] Trial 10 finished with value: 0.14312546756977756 and parameters: {'sigma_noise': 0.27505887512820965, 'A_repulsion': 0.3867616738021199, 'gamma': 0.5173684454898668, 'sigma_update': 0.2619929550217811, 'eta_learning': 1.2747310015566824, 'sigma_boundary': 0.20937155832266974, 'alpha': 0.9089551205760722}. Best is trial 16 with value: 0.03383209390169963.
[I 2026-03-06 21:36:38,824] Trial 27 finished with value: 0.4552405737967696 and parameters: {'sigma_noise': 0.44407359801492713, 'A_repulsion': 0.15583087651316874, 'gamma': 0.9935145578917187, 'sigma_update': 0.4606032165614529, 'eta_learning': 2.8084526916536996, 'sigma_boundary': 4.455615233749431, 'alpha': 0.4346219131314476}. Best is trial 16 with value: 0.03383209390169963.
[I 2026-03-06 21:36:40,236] Trial 33 finished with value: 2.490740792308484 and parameters: {'sigma_noise': 0.4160415050038634, 'A_repulsion': 0.16852273342837143, 'gamma': 0.6552783588928, 'sigma_update': 0.6698196668878704, 'eta_learning': 1.751912084788488, 'sigma_boundary': 4.8740104486271605, 'alpha': 0.10385851619336595}. Best is trial 16 with value: 0.03383209390169963.
[I 2026-03-06 21:36:49,106] Trial 11 finished with value: 0.9804523820217852 and parameters: {'sigma_noise': 0.29044797829288727, 'A_repulsion': 0.22281376359264327, 'gamma': 0.8976650597491662, 'sigma_update': 0.5986304758649541, 'eta_learning': 1.2226305115634248, 'sigma_boundary': 8.270767856720612, 'alpha': 0.3615962105734888}. Best is trial 16 with value: 0.03383209390169963.
[I 2026-03-06 21:36:49,796] Trial 4 finished with value: 2.3727069959264533 and parameters: {'sigma_noise': 0.3121582423469286, 'A_repulsion': 0.27487664266873446, 'gamma': 0.2968677624900899, 'sigma_update': 0.5748420404045216, 'eta_learning': 2.0987398547948932, 'sigma_boundary': 1.673994989489651, 'alpha': 0.2169951233946914}. Best is trial 16 with value: 0.03383209390169963.
[I 2026-03-06 21:36:55,082] Trial 24 finished with value: 1.8071062039672012 and parameters: {'sigma_noise': 0.3182307110339788, 'A_repulsion': 0.23363235968509538, 'gamma': 0.3392416588028638, 'sigma_update': 0.035159011894435814, 'eta_learning': 2.3728849213500554, 'sigma_boundary': 1.886995881566929, 'alpha': 0.29961754272472463}. Best is trial 16 with value: 0.03383209390169963.
[I 2026-03-06 21:37:04,130] Trial 29 finished with value: 0.582032871228717 and parameters: {'sigma_noise': 0.4041915178415511, 'A_repulsion': 0.19845356342053966, 'gamma': 0.3208725360383138, 'sigma_update': 0.07833874818363461, 'eta_learning': 1.096994352467294, 'sigma_boundary': 6.728494225112793, 'alpha': 0.419516055883865}. Best is trial 16 with value: 0.03383209390169963.
[I 2026-03-06 21:37:05,965] Trial 20 finished with value: 1.1217392150907992 and parameters: {'sigma_noise': 0.4202929732596913, 'A_repulsion': 0.04542362733633665, 'gamma': 0.0389588620070414, 'sigma_update': 0.19594260565453128, 'eta_learning': 0.468896563740831, 'sigma_boundary': 9.792927905568158, 'alpha': 0.2437459518191546}. Best is trial 16 with value: 0.03383209390169963.
[I 2026-03-06 21:37:29,893] Trial 14 finished with value: 1.4187318736986314 and parameters: {'sigma_noise': 0.42542521318120863, 'A_repulsion': 0.07328636660756399, 'gamma': 0.5932467672367479, 'sigma_update': 0.285920742322998, 'eta_learning': 1.454526671496899, 'sigma_boundary': 6.57011649777838, 'alpha': 0.3145610036240166}. Best is trial 16 with value: 0.03383209390169963.
[I 2026-03-06 21:37:40,323] Trial 17 finished with value: 0.6407078641571178 and parameters: {'sigma_noise': 0.44039114652605715, 'A_repulsion': 0.20992444178942626, 'gamma': 0.5325272694609564, 'sigma_update': 0.4243017955145445, 'eta_learning': 1.8586598672809431, 'sigma_boundary': 4.2426463669076115, 'alpha': 0.5102933990490339}. Best is trial 16 with value: 0.03383209390169963.
[I 2026-03-06 21:37:53,333] Trial 26 finished with value: 0.15995571995676908 and parameters: {'sigma_noise': 0.44874692109403175, 'A_repulsion': 0.2884496130338933, 'gamma': 0.8707646259873292, 'sigma_update': 0.315827265536781, 'eta_learning': 0.6644363549098423, 'sigma_boundary': 0.14226886204929556, 'alpha': 0.6638229647037945}. Best is trial 16 with value: 0.03383209390169963.
[I 2026-03-06 21:38:12,226] Trial 7 finished with value: 0.5336182358749716 and parameters: {'sigma_noise': 0.4458941813672133, 'A_repulsion': 0.29676909499142373, 'gamma': 0.3574472971876959, 'sigma_update': 0.5721298767192503, 'eta_learning': 0.8925379814646242, 'sigma_boundary': 2.588490647875258, 'alpha': 0.8157698694832406}. Best is trial 16 with value: 0.03383209390169963.
[I 2026-03-06 21:38:13,596] Trial 35 finished with value: 0.38393514338760526 and parameters: {'sigma_noise': 0.3954024774579511, 'A_repulsion': 0.3878867117020706, 'gamma': 0.4066802150328341, 'sigma_update': 0.4824696870257524, 'eta_learning': 1.5323420028697965, 'sigma_boundary': 4.1348683985437, 'alpha': 0.761746258291569}. Best is trial 16 with value: 0.03383209390169963.
[I 2026-03-06 21:53:26,665] Trial 42 finished with value: 0.3923711718652313 and parameters: {'sigma_noise': 0.1419388386585957, 'A_repulsion': 0.26151539157951664, 'gamma': 0.45774230527503185, 'sigma_update': 0.572032023420421, 'eta_learning': 1.637173646869209, 'sigma_boundary': 4.815629106104108, 'alpha': 0.5182272956844846}. Best is trial 16 with value: 0.03383209390169963.
[I 2026-03-06 21:56:09,801] Trial 44 finished with value: 0.18338712975193122 and parameters: {'sigma_noise': 0.2433902600815147, 'A_repulsion': 0.22055433501745061, 'gamma': 0.5075334612973061, 'sigma_update': 0.47861211651506874, 'eta_learning': 0.7417533291987256, 'sigma_boundary': 2.2170909455072123, 'alpha': 0.7629667725613378}. Best is trial 16 with value: 0.03383209390169963.
[I 2026-03-06 21:56:22,202] Trial 41 finished with value: 0.2501310060018702 and parameters: {'sigma_noise': 0.2559650652498288, 'A_repulsion': 0.31445395146375393, 'gamma': 0.4418053758607063, 'sigma_update': 0.39034599389115565, 'eta_learning': 2.003064506236143, 'sigma_boundary': 5.077894138432176, 'alpha': 0.5583234374580832}. Best is trial 16 with value: 0.03383209390169963.
[I 2026-03-06 21:56:26,744] Trial 48 finished with value: 0.08102488502293771 and parameters: {'sigma_noise': 0.1460416641913648, 'A_repulsion': 0.2103280268460585, 'gamma': 0.42666749940387244, 'sigma_update': 0.24526698740296013, 'eta_learning': 1.7066698825723017, 'sigma_boundary': 5.1188518326102805, 'alpha': 0.5692400637619155}. Best is trial 16 with value: 0.03383209390169963.
[I 2026-03-06 21:56:51,018] Trial 47 finished with value: 0.11799847810951883 and parameters: {'sigma_noise': 0.23935067401342563, 'A_repulsion': 0.17793866962333488, 'gamma': 0.4563396619849511, 'sigma_update': 0.28405465423010884, 'eta_learning': 1.1174588554734928, 'sigma_boundary': 3.459919555819562, 'alpha': 0.6241592623610807}. Best is trial 16 with value: 0.03383209390169963.
[I 2026-03-06 21:56:51,611] Trial 43 finished with value: 0.09888224550091679 and parameters: {'sigma_noise': 0.255575189989756, 'A_repulsion': 0.35372751617145365, 'gamma': 0.6541855725926249, 'sigma_update': 0.1790317137078585, 'eta_learning': 0.8864420354476564, 'sigma_boundary': 1.12754931255335, 'alpha': 0.5500490811184835}. Best is trial 16 with value: 0.03383209390169963.
[I 2026-03-06 21:56:56,029] Trial 40 finished with value: 0.1722519429350152 and parameters: {'sigma_noise': 0.28317102496941876, 'A_repulsion': 0.39259808041856414, 'gamma': 0.11389928045180807, 'sigma_update': 0.26705040486181136, 'eta_learning': 1.379240701275116, 'sigma_boundary': 7.298930392915096, 'alpha': 0.7643017622348447}. Best is trial 16 with value: 0.03383209390169963.
[I 2026-03-06 21:58:13,869] Trial 49 finished with value: 0.3077156696797726 and parameters: {'sigma_noise': 0.17914536042550983, 'A_repulsion': 0.2107557962508377, 'gamma': 0.4154279715359519, 'sigma_update': 0.5157869486517016, 'eta_learning': 1.8055451626069967, 'sigma_boundary': 3.7454459603046986, 'alpha': 0.5772414622009041}. Best is trial 16 with value: 0.03383209390169963.
[I 2026-03-06 21:58:28,332] Trial 45 finished with value: 0.7318027233746374 and parameters: {'sigma_noise': 0.25703646899113797, 'A_repulsion': 0.2436366497972426, 'gamma': 0.3821940426318495, 'sigma_update': 0.5138154704034049, 'eta_learning': 1.2969694793946351, 'sigma_boundary': 4.172859992307275, 'alpha': 0.4338162992440851}. Best is trial 16 with value: 0.03383209390169963.
[I 2026-03-06 21:58:35,058] Trial 78 finished with value: 0.10766657720041038 and parameters: {'sigma_noise': 0.11428433495782185, 'A_repulsion': 0.10873424642436436, 'gamma': 0.5410084689229286, 'sigma_update': 0.3826640869974378, 'eta_learning': 0.4594565977156021, 'sigma_boundary': 6.160988683953144, 'alpha': 0.4756094168739444}. Best is trial 16 with value: 0.03383209390169963.
[I 2026-03-06 21:59:08,918] Trial 53 finished with value: 0.19466129749859895 and parameters: {'sigma_noise': 0.1650146559360952, 'A_repulsion': 0.19989004957852993, 'gamma': 0.3262955365433197, 'sigma_update': 0.3708279278065308, 'eta_learning': 0.4452533153963652, 'sigma_boundary': 4.399423607866809, 'alpha': 0.43533285403625727}. Best is trial 16 with value: 0.03383209390169963.
[I 2026-03-06 21:59:12,076] Trial 46 finished with value: 0.7676798242091795 and parameters: {'sigma_noise': 0.29462488894806615, 'A_repulsion': 0.23320656070661563, 'gamma': 0.4432919457726396, 'sigma_update': 0.3647502698334962, 'eta_learning': 2.0387634160500494, 'sigma_boundary': 6.445208789591436, 'alpha': 0.3782271626409658}. Best is trial 16 with value: 0.03383209390169963.
[I 2026-03-06 22:00:06,818] Trial 51 finished with value: 1.113814211863546 and parameters: {'sigma_noise': 0.19136338849579948, 'A_repulsion': 0.22424381381803676, 'gamma': 0.34293525246673623, 'sigma_update': 0.46732514365570965, 'eta_learning': 1.5516036577626442, 'sigma_boundary': 7.251394592870956, 'alpha': 0.2761787142392422}. Best is trial 16 with value: 0.03383209390169963.
[I 2026-03-06 22:00:16,564] Trial 60 finished with value: 0.0793078400597359 and parameters: {'sigma_noise': 0.12891765744777234, 'A_repulsion': 0.29542034465470857, 'gamma': 0.5690571200861707, 'sigma_update': 0.4640066898045205, 'eta_learning': 2.102783242952628, 'sigma_boundary': 5.266496748384067, 'alpha': 0.8992823759482939}. Best is trial 16 with value: 0.03383209390169963.
[I 2026-03-06 22:01:19,247] Trial 66 finished with value: 0.11837872654283398 and parameters: {'sigma_noise': 0.14336138340420834, 'A_repulsion': 0.3008138515896241, 'gamma': 0.21204111092370212, 'sigma_update': 0.10537647816758709, 'eta_learning': 1.4553017634645435, 'sigma_boundary': 7.171546726985312, 'alpha': 0.6890926934442471}. Best is trial 16 with value: 0.03383209390169963.
[I 2026-03-06 22:01:31,232] Trial 50 finished with value: 0.24170652128744768 and parameters: {'sigma_noise': 0.2565286119862749, 'A_repulsion': 0.2585982019716449, 'gamma': 0.4882209885252813, 'sigma_update': 0.35285283943490536, 'eta_learning': 1.1570104182832106, 'sigma_boundary': 5.884905314491986, 'alpha': 0.5107657883262432}. Best is trial 16 with value: 0.03383209390169963.
