[I 2026-03-06 22:02:32,686] Trial 52 finished with value: 0.4528384490007844 and parameters: {'sigma_noise': 0.23996784676510924, 'A_repulsion': 0.35452600847046606, 'gamma': 0.6856833658774496, 'sigma_update': 0.32367906313351824, 'eta_learning': 1.2757002937697308, 'sigma_boundary': 3.103824568193316, 'alpha': 0.39776843693130653}. Best is trial 16 with value: 0.03383209390169963.
[I 2026-03-06 22:02:37,457] Trial 67 finished with value: 0.1383472490452039 and parameters: {'sigma_noise': 0.1860218549927588, 'A_repulsion': 0.25615162635111033, 'gamma': 0.4659271835641005, 'sigma_update': 0.29741805706020685, 'eta_learning': 0.617495249882457, 'sigma_boundary': 5.533708528662291, 'alpha': 0.48869188111207734}. Best is trial 16 with value: 0.03383209390169963.
[I 2026-03-06 22:02:44,607] Trial 74 finished with value: 0.162412937938281 and parameters: {'sigma_noise': 0.24581563536434098, 'A_repulsion': 0.13397418681613513, 'gamma': 0.5509857759013842, 'sigma_update': 0.30784344896036836, 'eta_learning': 1.291737022839284, 'sigma_boundary': 6.452673870021574, 'alpha': 0.5441272267174628}. Best is trial 16 with value: 0.03383209390169963.
[I 2026-03-06 22:02:58,393] Trial 54 finished with value: 0.18882367737424227 and parameters: {'sigma_noise': 0.1859806556382269, 'A_repulsion': 0.3660189290342687, 'gamma': 0.49412332851835555, 'sigma_update': 0.4277651421214908, 'eta_learning': 1.489379863501455, 'sigma_boundary': 3.516932940732864, 'alpha': 0.590702614280208}. Best is trial 16 with value: 0.03383209390169963.
[I 2026-03-06 22:03:12,196] Trial 57 finished with value: 0.26542259824168696 and parameters: {'sigma_noise': 0.2678817899887612, 'A_repulsion': 0.28901866022308864, 'gamma': 0.2891015850342852, 'sigma_update': 0.2983316047649382, 'eta_learning': 2.0563107125989677, 'sigma_boundary': 5.876383076192762, 'alpha': 0.4533781490841172}. Best is trial 16 with value: 0.03383209390169963.
[I 2026-03-06 22:03:26,204] Trial 55 finished with value: 0.4707473041608147 and parameters: {'sigma_noise': 0.31909657109715206, 'A_repulsion': 0.2768721587642092, 'gamma': 0.51987744870698, 'sigma_update': 0.363057845058443, 'eta_learning': 1.5730344164599095, 'sigma_boundary': 4.283751092128882, 'alpha': 0.45938021426251935}. Best is trial 16 with value: 0.03383209390169963.
[I 2026-03-06 22:03:27,143] Trial 64 finished with value: 0.3883234636544042 and parameters: {'sigma_noise': 0.25907225638268055, 'A_repulsion': 0.1720075327183804, 'gamma': 0.5151199916304773, 'sigma_update': 0.3965853736737096, 'eta_learning': 1.386390963955109, 'sigma_boundary': 5.373333466586335, 'alpha': 0.45822552277737116}. Best is trial 16 with value: 0.03383209390169963.
[I 2026-03-06 22:03:27,728] Trial 56 finished with value: 1.892999712315989 and parameters: {'sigma_noise': 0.2172171722203639, 'A_repulsion': 0.29118791322420456, 'gamma': 0.6811880072781186, 'sigma_update': 0.45245801472334196, 'eta_learning': 0.768944130059692, 'sigma_boundary': 2.7759974985833638, 'alpha': 0.2029676806110831}. Best is trial 16 with value: 0.03383209390169963.
[I 2026-03-06 22:04:20,393] Trial 59 finished with value: 0.1998241740564741 and parameters: {'sigma_noise': 0.24810484458374904, 'A_repulsion': 0.40134626218234587, 'gamma': 0.47978689706800015, 'sigma_update': 0.4224172961316254, 'eta_learning': 1.9831852249963584, 'sigma_boundary': 3.8440686651180287, 'alpha': 0.6571195947056832}. Best is trial 16 with value: 0.03383209390169963.
[I 2026-03-06 22:04:22,664] Trial 58 finished with value: 0.2672869105430732 and parameters: {'sigma_noise': 0.27379007877318834, 'A_repulsion': 0.2483658070429285, 'gamma': 0.5028475695411652, 'sigma_update': 0.4161148331202926, 'eta_learning': 0.602642524331495, 'sigma_boundary': 4.626185454586068, 'alpha': 0.5593050982424544}. Best is trial 16 with value: 0.03383209390169963.
[I 2026-03-06 22:04:35,300] Trial 79 finished with value: 0.19214771707230704 and parameters: {'sigma_noise': 0.2082016563471804, 'A_repulsion': 0.22909228407773707, 'gamma': 0.4337951003837229, 'sigma_update': 0.4231507528440082, 'eta_learning': 2.0773821713565366, 'sigma_boundary': 4.670249355735998, 'alpha': 0.6492861179751785}. Best is trial 16 with value: 0.03383209390169963.
[I 2026-03-06 22:04:44,964] Trial 61 finished with value: 1.4689501002697551 and parameters: {'sigma_noise': 0.32552563509559024, 'A_repulsion': 0.27650358925202784, 'gamma': 0.6833303990000708, 'sigma_update': 0.4870427415403715, 'eta_learning': 1.9834998495738907, 'sigma_boundary': 3.613621009377673, 'alpha': 0.33790771853563095}. Best is trial 16 with value: 0.03383209390169963.
[I 2026-03-06 22:05:01,272] Trial 65 finished with value: 0.22249277749420746 and parameters: {'sigma_noise': 0.3273215885079848, 'A_repulsion': 0.11919115016072601, 'gamma': 0.7133317195405791, 'sigma_update': 0.08151451540680167, 'eta_learning': 1.9266895012525935, 'sigma_boundary': 4.939758484801578, 'alpha': 0.6133219353158825}. Best is trial 16 with value: 0.03383209390169963.
[I 2026-03-06 22:05:03,037] Trial 72 finished with value: 0.26452852250264325 and parameters: {'sigma_noise': 0.32698246024031513, 'A_repulsion': 0.21419608060980688, 'gamma': 0.08223962497449648, 'sigma_update': 0.32897223982464235, 'eta_learning': 1.104782951049125, 'sigma_boundary': 6.070446677649857, 'alpha': 0.510590390559399}. Best is trial 16 with value: 0.03383209390169963.
[I 2026-03-06 22:05:07,273] Trial 63 finished with value: 2.316782694372444 and parameters: {'sigma_noise': 0.2747569420852125, 'A_repulsion': 0.354574549413083, 'gamma': 0.35653943504839847, 'sigma_update': 0.4687535204255203, 'eta_learning': 1.3415343410076566, 'sigma_boundary': 4.0823825630282835, 'alpha': 0.2184021117514368}. Best is trial 16 with value: 0.03383209390169963.
[I 2026-03-06 22:05:10,802] Trial 70 finished with value: 0.5429385973118294 and parameters: {'sigma_noise': 0.2748928343659187, 'A_repulsion': 0.19977070528543608, 'gamma': 0.798288935493869, 'sigma_update': 0.3522848204103406, 'eta_learning': 1.731675046576393, 'sigma_boundary': 3.1372256565204943, 'alpha': 0.3738226994445837}. Best is trial 16 with value: 0.03383209390169963.
[I 2026-03-06 22:05:13,645] Trial 62 finished with value: 0.5450174517502581 and parameters: {'sigma_noise': 0.30896075577680177, 'A_repulsion': 0.3155817353584255, 'gamma': 0.5079778363265799, 'sigma_update': 0.5109997789400064, 'eta_learning': 1.3362300975361803, 'sigma_boundary': 5.153834497601394, 'alpha': 0.5254716828751531}. Best is trial 16 with value: 0.03383209390169963.
[I 2026-03-06 22:05:30,448] Trial 69 finished with value: 0.16068616689520404 and parameters: {'sigma_noise': 0.26134445311845717, 'A_repulsion': 0.2790405428106755, 'gamma': 0.4249329956287302, 'sigma_update': 0.3113453442910511, 'eta_learning': 1.295301439424139, 'sigma_boundary': 2.964287427952355, 'alpha': 0.5736113975956688}. Best is trial 16 with value: 0.03383209390169963.
[I 2026-03-06 22:05:33,580] Trial 75 finished with value: 0.07124372131832372 and parameters: {'sigma_noise': 0.17933823732114734, 'A_repulsion': 0.3573403497411759, 'gamma': 0.6044441072954139, 'sigma_update': 0.22734834752948502, 'eta_learning': 0.788665916101273, 'sigma_boundary': 5.0547248823218505, 'alpha': 0.6586697719375317}. Best is trial 16 with value: 0.03383209390169963.
[I 2026-03-06 22:05:47,821] Trial 73 finished with value: 0.4521283036222257 and parameters: {'sigma_noise': 0.30165475524010144, 'A_repulsion': 0.29202008007941843, 'gamma': 0.41311193338078095, 'sigma_update': 0.34715400813612796, 'eta_learning': 0.7652934116042487, 'sigma_boundary': 4.499105133571112, 'alpha': 0.4306736522452338}. Best is trial 16 with value: 0.03383209390169963.
[I 2026-03-06 22:06:01,252] Trial 68 finished with value: 0.5735957469731625 and parameters: {'sigma_noise': 0.335247480157736, 'A_repulsion': 0.35572642027343243, 'gamma': 0.6778234477011236, 'sigma_update': 0.22401702381745378, 'eta_learning': 2.523401555687188, 'sigma_boundary': 5.787910870891747, 'alpha': 0.42857654950526897}. Best is trial 16 with value: 0.03383209390169963.
[I 2026-03-06 22:06:07,375] Trial 71 finished with value: 0.29090808618702735 and parameters: {'sigma_noise': 0.33073542997701183, 'A_repulsion': 0.32276113059639133, 'gamma': 0.4850036512696395, 'sigma_update': 0.4827899479912487, 'eta_learning': 2.0514075029957795, 'sigma_boundary': 4.854894380471049, 'alpha': 0.7436252309459676}. Best is trial 16 with value: 0.03383209390169963.
[I 2026-03-06 22:06:28,492] Trial 77 finished with value: 2.386331891031035 and parameters: {'sigma_noise': 0.19605045088383982, 'A_repulsion': 0.39724891042847266, 'gamma': 0.4299112113055524, 'sigma_update': 0.2915627301419392, 'eta_learning': 1.654517143208159, 'sigma_boundary': 6.811881314397905, 'alpha': 0.15071351742161165}. Best is trial 16 with value: 0.03383209390169963.
[I 2026-03-06 22:06:48,896] Trial 76 finished with value: 0.25354501804175456 and parameters: {'sigma_noise': 0.3264690278858797, 'A_repulsion': 0.32566350207193084, 'gamma': 0.44346737714357304, 'sigma_update': 0.2349729380262704, 'eta_learning': 0.954535736469848, 'sigma_boundary': 4.576576442867233, 'alpha': 0.4685797314831034}. Best is trial 16 with value: 0.03383209390169963.
[I 2026-03-06 22:18:19,082] Trial 81 finished with value: 0.18311718056236637 and parameters: {'sigma_noise': 0.08942808327761156, 'A_repulsion': 0.21435120510404826, 'gamma': 0.3823976812196553, 'sigma_update': 0.4674543146053688, 'eta_learning': 1.2320678051549034, 'sigma_boundary': 5.9865168391292665, 'alpha': 0.6117709986559539}. Best is trial 16 with value: 0.03383209390169963.
[I 2026-03-06 22:19:15,789] Trial 80 finished with value: 0.10298198996610414 and parameters: {'sigma_noise': 0.2103884341989657, 'A_repulsion': 0.13965724292994547, 'gamma': 0.6273540575435294, 'sigma_update': 0.36427644468954706, 'eta_learning': 2.029918063370059, 'sigma_boundary': 6.502776024316254, 'alpha': 0.6523230438465938}. Best is trial 16 with value: 0.03383209390169963.
[I 2026-03-06 22:21:19,251] Trial 85 finished with value: 0.24166652148457643 and parameters: {'sigma_noise': 0.21237430051697337, 'A_repulsion': 0.07836114550671464, 'gamma': 0.2916628080441797, 'sigma_update': 0.3304666252989675, 'eta_learning': 1.3482367222853635, 'sigma_boundary': 4.364968556629045, 'alpha': 0.45114974787381157}. Best is trial 16 with value: 0.03383209390169963.
[I 2026-03-06 22:23:49,466] Trial 90 finished with value: 0.05982280414678253 and parameters: {'sigma_noise': 0.1566736520262132, 'A_repulsion': 0.1907461505665869, 'gamma': 0.5101183588582998, 'sigma_update': 0.18683836124660336, 'eta_learning': 2.0825192686518443, 'sigma_boundary': 5.736233215911474, 'alpha': 0.7220815796105269}. Best is trial 16 with value: 0.03383209390169963.
[I 2026-03-06 22:24:55,344] Trial 86 finished with value: 0.0755636127364118 and parameters: {'sigma_noise': 0.19723512391084191, 'A_repulsion': 0.2874429607913599, 'gamma': 0.650777071482966, 'sigma_update': 0.36477207062523054, 'eta_learning': 1.4627709035924188, 'sigma_boundary': 4.37660165923481, 'alpha': 0.7349842820923228}. Best is trial 16 with value: 0.03383209390169963.
[I 2026-03-06 22:25:11,312] Trial 82 finished with value: 0.53873187123771 and parameters: {'sigma_noise': 0.2767816520474916, 'A_repulsion': 0.19822602275210305, 'gamma': 0.5683112894731677, 'sigma_update': 0.41229374662927226, 'eta_learning': 1.1028338016386001, 'sigma_boundary': 5.60010058387575, 'alpha': 0.4184778719768315}. Best is trial 16 with value: 0.03383209390169963.
[I 2026-03-06 22:25:20,004] Trial 89 finished with value: 0.03286803461204913 and parameters: {'sigma_noise': 0.20805312786651747, 'A_repulsion': 0.20404921126728665, 'gamma': 0.8439723384763587, 'sigma_update': 0.36542454078487197, 'eta_learning': 0.9454981759295047, 'sigma_boundary': 2.204968059943916, 'alpha': 0.6093901282462868}. Best is trial 89 with value: 0.03286803461204913.
[I 2026-03-06 22:25:43,084] Trial 83 finished with value: 0.15439682848805553 and parameters: {'sigma_noise': 0.32426750301453305, 'A_repulsion': 0.24043270813427634, 'gamma': 0.6654737111496903, 'sigma_update': 0.2511865988335653, 'eta_learning': 1.2186164490427533, 'sigma_boundary': 6.608623976077398, 'alpha': 0.5847778230819258}. Best is trial 89 with value: 0.03286803461204913.
[I 2026-03-06 22:26:17,580] Trial 84 finished with value: 0.9504793514285951 and parameters: {'sigma_noise': 0.34205593310400473, 'A_repulsion': 0.22620098732907998, 'gamma': 0.35964556550992766, 'sigma_update': 0.5747765533783324, 'eta_learning': 1.9855489069454701, 'sigma_boundary': 7.766112428490271, 'alpha': 0.4780588146882312}. Best is trial 89 with value: 0.03286803461204913.
[I 2026-03-06 22:26:25,317] Trial 91 finished with value: 0.06062061267602406 and parameters: {'sigma_noise': 0.15080945598556172, 'A_repulsion': 0.34164499574622226, 'gamma': 0.7060786383175089, 'sigma_update': 0.26905476524380983, 'eta_learning': 1.5830829872988805, 'sigma_boundary': 6.498876605796701, 'alpha': 0.7253647138541292}. Best is trial 89 with value: 0.03286803461204913.
[I 2026-03-06 22:27:07,601] Trial 87 finished with value: 1.75853792501646 and parameters: {'sigma_noise': 0.23897698096440673, 'A_repulsion': 0.35396444686055084, 'gamma': 0.3612486550824886, 'sigma_update': 0.5096176468567006, 'eta_learning': 2.5662291053474156, 'sigma_boundary': 5.0243192826864025, 'alpha': 0.2865780236506835}. Best is trial 89 with value: 0.03286803461204913.
[I 2026-03-06 22:27:25,690] Trial 88 finished with value: 0.09855044988733266 and parameters: {'sigma_noise': 0.2504791264072979, 'A_repulsion': 0.2303918665718014, 'gamma': 0.5105078292843783, 'sigma_update': 0.11591348901361251, 'eta_learning': 2.1061317694643455, 'sigma_boundary': 3.498069895222266, 'alpha': 0.6295795169874414}. Best is trial 89 with value: 0.03286803461204913.
[I 2026-03-06 22:27:52,393] Trial 107 finished with value: 0.09555761898346117 and parameters: {'sigma_noise': 0.23543073743189752, 'A_repulsion': 0.01162957289934885, 'gamma': 0.6116042884932441, 'sigma_update': 0.31377580992239, 'eta_learning': 1.0679543622697765, 'sigma_boundary': 5.233601015329448, 'alpha': 0.687683576334459}. Best is trial 89 with value: 0.03286803461204913.
[I 2026-03-06 22:28:00,140] Trial 93 finished with value: 0.07700761734442349 and parameters: {'sigma_noise': 0.20401208060775877, 'A_repulsion': 0.2530908774293491, 'gamma': 0.5740602572789809, 'sigma_update': 0.19810493241788946, 'eta_learning': 1.2685415164599012, 'sigma_boundary': 1.3432262643000388, 'alpha': 0.8153577580002677}. Best is trial 89 with value: 0.03286803461204913.
[I 2026-03-06 22:28:24,240] Trial 96 finished with value: 0.11834473463862014 and parameters: {'sigma_noise': 0.16638724906481916, 'A_repulsion': 0.23037222749350506, 'gamma': 0.6324677689027414, 'sigma_update': 0.1832356011575956, 'eta_learning': 1.315526626156389, 'sigma_boundary': 5.4688535605099435, 'alpha': 0.41621312960124046}. Best is trial 89 with value: 0.03286803461204913.
[I 2026-03-06 22:28:46,863] Trial 99 finished with value: 0.030327662470499738 and parameters: {'sigma_noise': 0.20725101419518038, 'A_repulsion': 0.1346469527275891, 'gamma': 0.8783393651576938, 'sigma_update': 0.11320949821190064, 'eta_learning': 0.8376130512363933, 'sigma_boundary': 0.8919112593192072, 'alpha': 0.5601363967667871}. Best is trial 99 with value: 0.030327662470499738.
[I 2026-03-06 22:29:27,744] Trial 111 finished with value: 0.08922402267948584 and parameters: {'sigma_noise': 0.1457873166949672, 'A_repulsion': 0.22596301855777745, 'gamma': 0.302469416612122, 'sigma_update': 0.19433727262136233, 'eta_learning': 0.01464247441702645, 'sigma_boundary': 2.468707039958906, 'alpha': 0.5196470405289385}. Best is trial 99 with value: 0.030327662470499738.
[I 2026-03-06 22:29:33,486] Trial 102 finished with value: 0.08098088481804225 and parameters: {'sigma_noise': 0.15575157025964492, 'A_repulsion': 0.28057702062582174, 'gamma': 0.33931494675187207, 'sigma_update': 0.1732378607171383, 'eta_learning': 1.2287971782597547, 'sigma_boundary': 3.326089340022377, 'alpha': 0.5622118724556427}. Best is trial 99 with value: 0.030327662470499738.
[I 2026-03-06 22:29:33,833] Trial 110 finished with value: 0.13870010210120315 and parameters: {'sigma_noise': 0.13860038818664472, 'A_repulsion': 0.25951133745644744, 'gamma': 0.30383393649109214, 'sigma_update': 0.40454833456927713, 'eta_learning': 1.4130474617695952, 'sigma_boundary': 4.17226215101676, 'alpha': 0.7392530662650642}. Best is trial 99 with value: 0.030327662470499738.
[I 2026-03-06 22:29:53,701] Trial 98 finished with value: 0.5247101332888212 and parameters: {'sigma_noise': 0.17597176997974812, 'A_repulsion': 0.28500921335511803, 'gamma': 0.49725565494655993, 'sigma_update': 0.3886604408270327, 'eta_learning': 1.9009388690587652, 'sigma_boundary': 7.2324932272378515, 'alpha': 0.36845093476329566}. Best is trial 99 with value: 0.030327662470499738.
[I 2026-03-06 22:30:07,080] Trial 94 finished with value: 0.16335922290421084 and parameters: {'sigma_noise': 0.2678991472445361, 'A_repulsion': 0.2016252486723555, 'gamma': 0.631696927836266, 'sigma_update': 0.30303654628021975, 'eta_learning': 0.2571009357766146, 'sigma_boundary': 2.6989281937800005, 'alpha': 0.4078581301801997}. Best is trial 99 with value: 0.030327662470499738.
[I 2026-03-06 22:30:13,262] Trial 92 finished with value: 1.880448177594636 and parameters: {'sigma_noise': 0.2581693055385982, 'A_repulsion': 0.2984571162147328, 'gamma': 0.6429889090241817, 'sigma_update': 0.11093050805928492, 'eta_learning': 1.2924507171232096, 'sigma_boundary': 3.310074983292315, 'alpha': 0.2688085811336865}. Best is trial 99 with value: 0.030327662470499738.
[I 2026-03-06 22:30:57,425] Trial 112 finished with value: 0.22378326061514164 and parameters: {'sigma_noise': 0.15642340379126143, 'A_repulsion': 0.26187482736863366, 'gamma': 0.5719969941315782, 'sigma_update': 0.3976327877690325, 'eta_learning': 2.034310063642392, 'sigma_boundary': 3.4467330347731435, 'alpha': 0.4655819723400124}. Best is trial 99 with value: 0.030327662470499738.
[I 2026-03-06 22:31:02,338] Trial 106 finished with value: 0.07630026683849413 and parameters: {'sigma_noise': 0.1450292246116648, 'A_repulsion': 0.3165218565645424, 'gamma': 0.5145171712546436, 'sigma_update': 0.06003825313477383, 'eta_learning': 0.34416095847913847, 'sigma_boundary': 4.030402406642592, 'alpha': 0.4275678382184168}. Best is trial 99 with value: 0.030327662470499738.
[I 2026-03-06 22:31:18,661] Trial 95 finished with value: 0.17878118782336042 and parameters: {'sigma_noise': 0.3252978579686209, 'A_repulsion': 0.3236009709031111, 'gamma': 0.5532266319121073, 'sigma_update': 0.3453828825693495, 'eta_learning': 1.499276405304037, 'sigma_boundary': 3.221255694449795, 'alpha': 0.6872687761415577}. Best is trial 99 with value: 0.030327662470499738.
[I 2026-03-06 22:31:19,072] Trial 105 finished with value: 0.10175871679668523 and parameters: {'sigma_noise': 0.17282147344318116, 'A_repulsion': 0.28171570585358946, 'gamma': 0.6052174748905331, 'sigma_update': 0.2785352281082059, 'eta_learning': 1.251265947165955, 'sigma_boundary': 4.844115106672787, 'alpha': 0.5109653559587093}. Best is trial 99 with value: 0.030327662470499738.
[I 2026-03-06 22:31:27,965] Trial 115 finished with value: 0.1064460705344916 and parameters: {'sigma_noise': 0.18333473453523869, 'A_repulsion': 0.2094527075466924, 'gamma': 0.2687537480646433, 'sigma_update': 0.24196567498549795, 'eta_learning': 1.3484448630111943, 'sigma_boundary': 1.3718143064357318, 'alpha': 0.44681959925642}. Best is trial 99 with value: 0.030327662470499738.
[I 2026-03-06 22:31:33,107] Trial 103 finished with value: 0.16441911346774302 and parameters: {'sigma_noise': 0.28080362226430244, 'A_repulsion': 0.14028227148468353, 'gamma': 0.519551931211058, 'sigma_update': 0.18349149337073586, 'eta_learning': 0.9299282773200839, 'sigma_boundary': 6.138562145377706, 'alpha': 0.46538031229453325}. Best is trial 99 with value: 0.030327662470499738.
[I 2026-03-06 22:32:16,525] Trial 97 finished with value: 0.17034551446054064 and parameters: {'sigma_noise': 0.24234082234455728, 'A_repulsion': 0.2979631294798405, 'gamma': 0.6425839472549641, 'sigma_update': 0.12367624197661248, 'eta_learning': 1.1691035717814804, 'sigma_boundary': 2.550726024129613, 'alpha': 0.4382302660212223}. Best is trial 99 with value: 0.030327662470499738.
[I 2026-03-06 22:32:17,240] Trial 117 finished with value: 0.5151129419911217 and parameters: {'sigma_noise': 0.177596478332616, 'A_repulsion': 0.22244017751190692, 'gamma': 0.7712055669382769, 'sigma_update': 0.36551600136037227, 'eta_learning': 0.8580989116296627, 'sigma_boundary': 4.056744804701235, 'alpha': 0.31525770452171015}. Best is trial 99 with value: 0.030327662470499738.
[I 2026-03-06 22:32:35,807] Trial 101 finished with value: 0.1068993301007983 and parameters: {'sigma_noise': 0.1972569639143406, 'A_repulsion': 0.37669637298145486, 'gamma': 0.39952860664856915, 'sigma_update': 0.2936162950501962, 'eta_learning': 0.7991904179936467, 'sigma_boundary': 5.183110919661816, 'alpha': 0.701584712119481}. Best is trial 99 with value: 0.030327662470499738.
[I 2026-03-06 22:32:58,119] Trial 100 finished with value: 0.15719010677434292 and parameters: {'sigma_noise': 0.2734486048962256, 'A_repulsion': 0.41731508889488655, 'gamma': 0.5178239435930857, 'sigma_update': 0.3103620700713063, 'eta_learning': 1.2307953304277437, 'sigma_boundary': 4.346237099174859, 'alpha': 0.5978717942444208}. Best is trial 99 with value: 0.030327662470499738.
[I 2026-03-06 22:33:19,910] Trial 109 finished with value: 0.08941854374095096 and parameters: {'sigma_noise': 0.18879806553248984, 'A_repulsion': 0.3421538395263848, 'gamma': 0.20090911784399915, 'sigma_update': 0.17595630982952992, 'eta_learning': 1.8415669005520563, 'sigma_boundary': 3.993163357268007, 'alpha': 0.4508501481738646}. Best is trial 99 with value: 0.030327662470499738.
