[I 2026-03-07 00:40:38,292] Trial 89 finished with value: 0.08588506894820062 and parameters: {'sigma_noise': 0.1136089952547656, 'A_repulsion': 0.12360193492130281, 'gamma': 0.38666800206368096, 'sigma_update': 0.18633095243334608, 'eta_learning': 0.8162747456914683, 'sigma_boundary': 3.8374287501103157, 'alpha': 0.7461868982333731}. Best is trial 3 with value: 0.030190373738098495.
[I 2026-03-07 00:42:44,587] Trial 85 finished with value: 0.2609075346013372 and parameters: {'sigma_noise': 0.21237430051697337, 'A_repulsion': 0.07836114550671464, 'gamma': 0.2916628080441797, 'sigma_update': 0.3304666252989675, 'eta_learning': 1.3482367222853635, 'sigma_boundary': 4.364968556629045, 'alpha': 0.45114974787381157}. Best is trial 3 with value: 0.030190373738098495.
[I 2026-03-07 00:46:03,821] Trial 88 finished with value: 0.11715128343985423 and parameters: {'sigma_noise': 0.20958196587805644, 'A_repulsion': 0.19108288463691503, 'gamma': 0.45199481360471533, 'sigma_update': 0.35009328752104774, 'eta_learning': 0.8721582549324356, 'sigma_boundary': 1.8574061983371066, 'alpha': 0.7263086511326595}. Best is trial 3 with value: 0.030190373738098495.
[I 2026-03-07 00:46:21,946] Trial 82 finished with value: 0.5338226869553906 and parameters: {'sigma_noise': 0.2767816520474916, 'A_repulsion': 0.19822602275210305, 'gamma': 0.5683112894731677, 'sigma_update': 0.41229374662927226, 'eta_learning': 1.1028338016386001, 'sigma_boundary': 5.60010058387575, 'alpha': 0.4184778719768315}. Best is trial 3 with value: 0.030190373738098495.
[I 2026-03-07 00:46:49,932] Trial 86 finished with value: 0.07392876572632745 and parameters: {'sigma_noise': 0.19723512391084191, 'A_repulsion': 0.2874429607913599, 'gamma': 0.650777071482966, 'sigma_update': 0.36477207062523054, 'eta_learning': 1.4627709035924188, 'sigma_boundary': 4.37660165923481, 'alpha': 0.7349842820923228}. Best is trial 3 with value: 0.030190373738098495.
[I 2026-03-07 00:46:53,524] Trial 83 finished with value: 0.16103642043260458 and parameters: {'sigma_noise': 0.32426750301453305, 'A_repulsion': 0.24043270813427634, 'gamma': 0.6654737111496903, 'sigma_update': 0.2511865988335653, 'eta_learning': 1.2186164490427533, 'sigma_boundary': 6.608623976077398, 'alpha': 0.5847778230819258}. Best is trial 3 with value: 0.030190373738098495.
[I 2026-03-07 00:47:08,847] Trial 95 finished with value: 0.1392175265722916 and parameters: {'sigma_noise': 0.12257779582531732, 'A_repulsion': 0.24426019397203444, 'gamma': 0.39319522977565946, 'sigma_update': 0.24997886896781632, 'eta_learning': 1.689991418869061, 'sigma_boundary': 5.198172155973092, 'alpha': 0.4496736988240651}. Best is trial 3 with value: 0.030190373738098495.
[I 2026-03-07 00:47:30,196] Trial 84 finished with value: 0.941101109410574 and parameters: {'sigma_noise': 0.34205593310400473, 'A_repulsion': 0.22620098732907998, 'gamma': 0.35964556550992766, 'sigma_update': 0.5747765533783324, 'eta_learning': 1.9855489069454701, 'sigma_boundary': 7.766112428490271, 'alpha': 0.4780588146882312}. Best is trial 3 with value: 0.030190373738098495.
[I 2026-03-07 00:47:50,886] Trial 87 finished with value: 1.8006097911736267 and parameters: {'sigma_noise': 0.23897698096440673, 'A_repulsion': 0.35396444686055084, 'gamma': 0.3612486550824886, 'sigma_update': 0.5096176468567006, 'eta_learning': 2.5662291053474156, 'sigma_boundary': 5.0243192826864025, 'alpha': 0.2865780236506835}. Best is trial 3 with value: 0.030190373738098495.
[I 2026-03-07 00:48:14,794] Trial 91 finished with value: 0.0513714537294546 and parameters: {'sigma_noise': 0.1805914279604034, 'A_repulsion': 0.2946528302975534, 'gamma': 0.75530442147058, 'sigma_update': 0.35418346655511895, 'eta_learning': 1.704508111230352, 'sigma_boundary': 3.8292233521978662, 'alpha': 0.8521709708809931}. Best is trial 3 with value: 0.030190373738098495.
[I 2026-03-07 00:48:19,310] Trial 100 finished with value: 0.09058737487679298 and parameters: {'sigma_noise': 0.1514052495180095, 'A_repulsion': 0.16624996072859632, 'gamma': 0.4555050703522556, 'sigma_update': 0.24433945369339713, 'eta_learning': 1.9601984470308822, 'sigma_boundary': 3.6296280417218636, 'alpha': 0.6115481872699948}. Best is trial 3 with value: 0.030190373738098495.
[I 2026-03-07 00:48:51,947] Trial 93 finished with value: 0.14129718816329032 and parameters: {'sigma_noise': 0.12581177017554196, 'A_repulsion': 0.35739819393258077, 'gamma': 0.5455686105373149, 'sigma_update': 0.0566346713494565, 'eta_learning': 0.9581771617839874, 'sigma_boundary': 3.6815091520328833, 'alpha': 0.5741318503208583}. Best is trial 3 with value: 0.030190373738098495.
[I 2026-03-07 00:49:00,027] Trial 92 finished with value: 0.12530552102622888 and parameters: {'sigma_noise': 0.20831110501245081, 'A_repulsion': 0.2037938129712693, 'gamma': 0.19564461680841663, 'sigma_update': 0.2806180424762143, 'eta_learning': 0.7242033892645391, 'sigma_boundary': 2.6392380489210203, 'alpha': 0.7737214055816481}. Best is trial 3 with value: 0.030190373738098495.
[I 2026-03-07 00:49:07,476] Trial 94 finished with value: 0.08977885943237265 and parameters: {'sigma_noise': 0.24298237119622762, 'A_repulsion': 0.12695447574989344, 'gamma': 0.40902826102762097, 'sigma_update': 0.1219324674964495, 'eta_learning': 0.4437876964789507, 'sigma_boundary': 5.930737791272214, 'alpha': 0.5797119593351221}. Best is trial 3 with value: 0.030190373738098495.
[I 2026-03-07 00:49:21,550] Trial 90 finished with value: 0.04328165171617517 and parameters: {'sigma_noise': 0.22682556997107894, 'A_repulsion': 0.2628251448437764, 'gamma': 0.835952632010015, 'sigma_update': 0.24701888642122752, 'eta_learning': 1.8786246174004653, 'sigma_boundary': 3.1773867639613154, 'alpha': 0.624913883639557}. Best is trial 3 with value: 0.030190373738098495.
[I 2026-03-07 00:50:59,744] Trial 97 finished with value: 0.09955999315616368 and parameters: {'sigma_noise': 0.17188287788933776, 'A_repulsion': 0.23409715400251027, 'gamma': 0.3034112500937954, 'sigma_update': 0.19227850148319522, 'eta_learning': 0.7527980175639786, 'sigma_boundary': 2.9060377829212434, 'alpha': 0.7389900359294213}. Best is trial 3 with value: 0.030190373738098495.
[I 2026-03-07 00:51:34,907] Trial 101 finished with value: 0.05033242159495219 and parameters: {'sigma_noise': 0.19886358630819195, 'A_repulsion': 0.16472857353261827, 'gamma': 0.7171796879112712, 'sigma_update': 0.17920506476496864, 'eta_learning': 1.7770596579312607, 'sigma_boundary': 2.6752693972765864, 'alpha': 0.583625965877233}. Best is trial 3 with value: 0.030190373738098495.
[I 2026-03-07 00:52:35,689] Trial 104 finished with value: 0.08551698373486435 and parameters: {'sigma_noise': 0.1559980640994469, 'A_repulsion': 0.27403801872467043, 'gamma': 0.39515837887007593, 'sigma_update': 0.19442988341759032, 'eta_learning': 0.9564406794323128, 'sigma_boundary': 4.485142303296061, 'alpha': 0.5680004261170754}. Best is trial 3 with value: 0.030190373738098495.
[I 2026-03-07 00:53:30,461] Trial 96 finished with value: 0.12073955188008484 and parameters: {'sigma_noise': 0.27041543254041694, 'A_repulsion': 0.26480006629779734, 'gamma': 0.529833608177496, 'sigma_update': 0.33464004277934495, 'eta_learning': 0.8098230733052243, 'sigma_boundary': 3.178223942403105, 'alpha': 0.7958578465013396}. Best is trial 3 with value: 0.030190373738098495.
[I 2026-03-07 00:53:47,965] Trial 108 finished with value: 0.06583856297102836 and parameters: {'sigma_noise': 0.22387889423512114, 'A_repulsion': 0.17143534295264737, 'gamma': 0.6501881383382395, 'sigma_update': 0.1995274541962094, 'eta_learning': 1.6236532430136423, 'sigma_boundary': 2.668621568799338, 'alpha': 0.644705701827605}. Best is trial 3 with value: 0.030190373738098495.
[I 2026-03-07 00:53:56,442] Trial 106 finished with value: 0.10934408520245965 and parameters: {'sigma_noise': 0.24031869333200712, 'A_repulsion': 0.14200277237985257, 'gamma': 0.5726398123690759, 'sigma_update': 0.1141020892581859, 'eta_learning': 0.552959226745394, 'sigma_boundary': 0.8825619759684842, 'alpha': 0.8287375627253144}. Best is trial 3 with value: 0.030190373738098495.
[I 2026-03-07 00:54:11,694] Trial 99 finished with value: 2.510159294729088 and parameters: {'sigma_noise': 0.2981539220694757, 'A_repulsion': 0.2550284519800749, 'gamma': 0.7276668440160581, 'sigma_update': 0.2957060001580297, 'eta_learning': 1.9990113122126518, 'sigma_boundary': 4.434426445158727, 'alpha': 0.1626279317626983}. Best is trial 3 with value: 0.030190373738098495.
[I 2026-03-07 00:54:22,026] Trial 109 finished with value: 0.13379153058702187 and parameters: {'sigma_noise': 0.1535152252066298, 'A_repulsion': 0.32108915156131856, 'gamma': 0.5626763905342138, 'sigma_update': 0.2665633642947914, 'eta_learning': 1.795791849751358, 'sigma_boundary': 4.602491581225087, 'alpha': 0.4703318272300991}. Best is trial 3 with value: 0.030190373738098495.
[I 2026-03-07 00:54:31,733] Trial 103 finished with value: 0.21435329278419468 and parameters: {'sigma_noise': 0.2514779015205369, 'A_repulsion': 0.19044020139013507, 'gamma': 0.5447549923767361, 'sigma_update': 0.40041995654382345, 'eta_learning': 0.3413705193259067, 'sigma_boundary': 3.906194307962213, 'alpha': 0.4751802212736613}. Best is trial 3 with value: 0.030190373738098495.
[I 2026-03-07 00:54:36,807] Trial 98 finished with value: 0.29356451982558 and parameters: {'sigma_noise': 0.3335726344801341, 'A_repulsion': 0.2665273877626437, 'gamma': 0.5201947361585257, 'sigma_update': 0.46208099764016475, 'eta_learning': 1.9313737223204448, 'sigma_boundary': 3.9792891271911426, 'alpha': 0.6943046849264966}. Best is trial 3 with value: 0.030190373738098495.
[I 2026-03-07 00:55:40,810] Trial 102 finished with value: 0.09926059708818752 and parameters: {'sigma_noise': 0.24958987847088293, 'A_repulsion': 0.28820706251194583, 'gamma': 0.5367176143460258, 'sigma_update': 0.1329947824388745, 'eta_learning': 1.1774134166096533, 'sigma_boundary': 1.182547722175316, 'alpha': 0.5856342454940715}. Best is trial 3 with value: 0.030190373738098495.
[I 2026-03-07 00:55:45,857] Trial 105 finished with value: 0.09928175164441794 and parameters: {'sigma_noise': 0.24824134441064927, 'A_repulsion': 0.25301985899092694, 'gamma': 0.5580991093050134, 'sigma_update': 0.26206033852823657, 'eta_learning': 1.2803775758198228, 'sigma_boundary': 3.931297577423288, 'alpha': 0.7487237019606487}. Best is trial 3 with value: 0.030190373738098495.
[I 2026-03-07 00:56:12,954] Trial 107 finished with value: 0.11481048928822882 and parameters: {'sigma_noise': 0.263220251766713, 'A_repulsion': 0.32743501568298927, 'gamma': 0.7201823647033979, 'sigma_update': 0.33148608071844554, 'eta_learning': 0.18220531337274004, 'sigma_boundary': 6.628999723260474, 'alpha': 0.401176082619921}. Best is trial 3 with value: 0.030190373738098495.
[I 2026-03-07 00:56:47,494] Trial 116 finished with value: 0.5662414325196775 and parameters: {'sigma_noise': 0.16628303289896562, 'A_repulsion': 0.2971374825181551, 'gamma': 0.540957109536703, 'sigma_update': 0.06083817095158737, 'eta_learning': 0.9975768363846724, 'sigma_boundary': 3.7507399281897253, 'alpha': 0.32949013627823337}. Best is trial 3 with value: 0.030190373738098495.
[I 2026-03-07 00:57:35,665] Trial 110 finished with value: 0.2683068521341265 and parameters: {'sigma_noise': 0.2793016126270791, 'A_repulsion': 0.3328371472554733, 'gamma': 0.7241599191738604, 'sigma_update': 0.1453858374500744, 'eta_learning': 1.8785273168123922, 'sigma_boundary': 3.573902790360692, 'alpha': 0.45865504072696184}. Best is trial 3 with value: 0.030190373738098495.
[I 2026-03-07 00:57:46,449] Trial 114 finished with value: 0.17156364588451628 and parameters: {'sigma_noise': 0.1721213005324144, 'A_repulsion': 0.39477622794121414, 'gamma': 0.46375934570565847, 'sigma_update': 0.34119597996361806, 'eta_learning': 1.754456049253807, 'sigma_boundary': 1.1559231989755137, 'alpha': 0.45286445340117953}. Best is trial 3 with value: 0.030190373738098495.
[I 2026-03-07 00:57:52,028] Trial 113 finished with value: 0.907290459510353 and parameters: {'sigma_noise': 0.29422396323688166, 'A_repulsion': 0.12192798250449682, 'gamma': 0.24871310016932538, 'sigma_update': 0.020089077848532914, 'eta_learning': 1.0884275839565014, 'sigma_boundary': 1.2301597554613637, 'alpha': 0.6484608976525206}. Best is trial 3 with value: 0.030190373738098495.
[I 2026-03-07 00:58:20,358] Trial 112 finished with value: 0.13417499443447195 and parameters: {'sigma_noise': 0.28788712590094656, 'A_repulsion': 0.37790789005909453, 'gamma': 0.39656230148772553, 'sigma_update': 0.24976545220409826, 'eta_learning': 1.7699099794493318, 'sigma_boundary': 4.857496558519896, 'alpha': 0.7023485576001428}. Best is trial 3 with value: 0.030190373738098495.
[I 2026-03-07 00:58:22,955] Trial 111 finished with value: 0.24408924206650107 and parameters: {'sigma_noise': 0.18620652011200722, 'A_repulsion': 0.4327776366851462, 'gamma': 0.5381555845665457, 'sigma_update': 0.14000004098507834, 'eta_learning': 0.25836672056093, 'sigma_boundary': 1.3635709434888355, 'alpha': 0.27058374122513984}. Best is trial 3 with value: 0.030190373738098495.
[I 2026-03-07 00:58:24,421] Trial 119 finished with value: 0.07652806493067657 and parameters: {'sigma_noise': 0.1368916492279041, 'A_repulsion': 0.4312590056608578, 'gamma': 0.6382792384425765, 'sigma_update': 0.17445108046113464, 'eta_learning': 1.5577646414481716, 'sigma_boundary': 1.353478541160809, 'alpha': 0.5546500417248417}. Best is trial 3 with value: 0.030190373738098495.
[I 2026-03-07 00:59:12,878] Trial 115 finished with value: 0.27747418051784106 and parameters: {'sigma_noise': 0.2954628287928778, 'A_repulsion': 0.32530263402887044, 'gamma': 0.3381741570269141, 'sigma_update': 0.06398378768349515, 'eta_learning': 1.0277717774235693, 'sigma_boundary': 2.1590469942789174, 'alpha': 0.4411187638510744}. Best is trial 3 with value: 0.030190373738098495.
[I 2026-03-07 00:59:27,347] Trial 117 finished with value: 0.13675400864078258 and parameters: {'sigma_noise': 0.3041303954923388, 'A_repulsion': 0.20461731995057159, 'gamma': 0.44064621024246853, 'sigma_update': 0.22570599295169397, 'eta_learning': 0.8759368160700882, 'sigma_boundary': 6.394649375031622, 'alpha': 0.8407372379942579}. Best is trial 3 with value: 0.030190373738098495.
[I 2026-03-07 00:59:48,974] Trial 118 finished with value: 0.3560824431636165 and parameters: {'sigma_noise': 0.21667907592581687, 'A_repulsion': 0.3684140452539517, 'gamma': 0.35357632280028684, 'sigma_update': 0.37195757443810207, 'eta_learning': 1.5213819376713764, 'sigma_boundary': 7.066003412232155, 'alpha': 0.44181742091283105}. Best is trial 3 with value: 0.030190373738098495.
[I 2026-03-07 01:08:42,845] Trial 120 finished with value: 0.0857179098786607 and parameters: {'sigma_noise': 0.2348117539012809, 'A_repulsion': 0.3761904342812321, 'gamma': 0.6503606512064982, 'sigma_update': 0.24014873798483052, 'eta_learning': 0.33004101668681346, 'sigma_boundary': 4.245941112561392, 'alpha': 0.6098489668012396}. Best is trial 3 with value: 0.030190373738098495.
[I 2026-03-07 01:10:46,575] Trial 121 finished with value: 0.1000754588618372 and parameters: {'sigma_noise': 0.25163293536252873, 'A_repulsion': 0.3413571444875865, 'gamma': 0.531495357813265, 'sigma_update': 0.201870010014484, 'eta_learning': 1.6842159605405835, 'sigma_boundary': 3.4505069591926683, 'alpha': 0.6514085485302703}. Best is trial 3 with value: 0.030190373738098495.
[I 2026-03-07 01:12:13,987] Trial 123 finished with value: 0.07434200627648016 and parameters: {'sigma_noise': 0.20344073460338752, 'A_repulsion': 0.1997479938308278, 'gamma': 0.5828569658175604, 'sigma_update': 0.21624788371967438, 'eta_learning': 0.8701565530504644, 'sigma_boundary': 1.9696784927483082, 'alpha': 0.5456618405377632}. Best is trial 3 with value: 0.030190373738098495.
[I 2026-03-07 01:13:12,858] Trial 122 finished with value: 0.3046371937578994 and parameters: {'sigma_noise': 0.23990546952184577, 'A_repulsion': 0.3006656092872858, 'gamma': 0.6068850697813062, 'sigma_update': 0.04198603577177252, 'eta_learning': 0.5157415620251498, 'sigma_boundary': 1.7111557698400948, 'alpha': 0.5007031505540914}. Best is trial 3 with value: 0.030190373738098495.
[I 2026-03-07 01:13:28,430] Trial 131 finished with value: 0.08497931322420472 and parameters: {'sigma_noise': 0.11674405568964781, 'A_repulsion': 0.2000803279648144, 'gamma': 0.432115393638884, 'sigma_update': 0.22211531993899017, 'eta_learning': 1.3933705809799741, 'sigma_boundary': 1.3975093358537527, 'alpha': 0.48005715492266143}. Best is trial 3 with value: 0.030190373738098495.
[I 2026-03-07 01:14:37,379] Trial 124 finished with value: 0.057319112130026675 and parameters: {'sigma_noise': 0.1893513671368992, 'A_repulsion': 0.18956935875312608, 'gamma': 0.6668479275374353, 'sigma_update': 0.17263259980456855, 'eta_learning': 1.2769089947603072, 'sigma_boundary': 2.2285072960887518, 'alpha': 0.525125691351093}. Best is trial 3 with value: 0.030190373738098495.
[I 2026-03-07 01:14:37,817] Trial 132 finished with value: 0.14303409076562965 and parameters: {'sigma_noise': 0.08612384424764541, 'A_repulsion': 0.3528014811630704, 'gamma': 0.5833174063149021, 'sigma_update': 0.24638370815300484, 'eta_learning': 1.8577965093329711, 'sigma_boundary': 3.8764820876907398, 'alpha': 0.4170825436726877}. Best is trial 3 with value: 0.030190373738098495.
[I 2026-03-07 01:15:57,056] Trial 133 finished with value: 0.1373464537288448 and parameters: {'sigma_noise': 0.14769657434101924, 'A_repulsion': 0.2155406269416536, 'gamma': 0.2861583375166627, 'sigma_update': 0.3104624571198312, 'eta_learning': 0.7678132913698714, 'sigma_boundary': 2.0106705565848957, 'alpha': 0.5071413454511942}. Best is trial 3 with value: 0.030190373738098495.
[I 2026-03-07 01:17:01,217] Trial 130 finished with value: 0.09817924067558051 and parameters: {'sigma_noise': 0.20799843646378097, 'A_repulsion': 0.19114657345377623, 'gamma': 0.5394603706440357, 'sigma_update': 0.3744964085823929, 'eta_learning': 0.47872637280286945, 'sigma_boundary': 3.5865036614912906, 'alpha': 0.7811120782709279}. Best is trial 3 with value: 0.030190373738098495.
[I 2026-03-07 01:17:36,299] Trial 127 finished with value: 0.1670766429208027 and parameters: {'sigma_noise': 0.1543604657075916, 'A_repulsion': 0.4101075319570382, 'gamma': 0.46586568792579736, 'sigma_update': 0.38285280699925545, 'eta_learning': 0.8516386485681023, 'sigma_boundary': 3.3312092801507815, 'alpha': 0.5434163462075827}. Best is trial 3 with value: 0.030190373738098495.
[I 2026-03-07 01:17:57,639] Trial 125 finished with value: 0.22977311684025936 and parameters: {'sigma_noise': 0.319707131656633, 'A_repulsion': 0.2151356036967962, 'gamma': 0.4070728736518972, 'sigma_update': 0.27253127019676193, 'eta_learning': 1.2320688267795883, 'sigma_boundary': 5.5512694926932005, 'alpha': 0.5035296416430715}. Best is trial 3 with value: 0.030190373738098495.
[I 2026-03-07 01:19:07,891] Trial 136 finished with value: 0.1849302791388765 and parameters: {'sigma_noise': 0.17828516592591293, 'A_repulsion': 0.29347917642444415, 'gamma': 0.5877039276947027, 'sigma_update': 0.29017898713779133, 'eta_learning': 1.5161561438462752, 'sigma_boundary': 4.500017454513013, 'alpha': 0.4484192081351049}. Best is trial 3 with value: 0.030190373738098495.
[I 2026-03-07 01:19:11,337] Trial 128 finished with value: 0.5724682911563224 and parameters: {'sigma_noise': 0.30245704076902025, 'A_repulsion': 0.2914892057586822, 'gamma': 0.40243613911403664, 'sigma_update': 0.24755152521622398, 'eta_learning': 1.2831931055120689, 'sigma_boundary': 6.606177275976814, 'alpha': 0.3818887978004966}. Best is trial 3 with value: 0.030190373738098495.
[I 2026-03-07 01:19:56,590] Trial 129 finished with value: 0.13802506969480524 and parameters: {'sigma_noise': 0.25414858260854756, 'A_repulsion': 0.48855591497075557, 'gamma': 0.44246812757104925, 'sigma_update': 0.1599574838722821, 'eta_learning': 1.982515300239802, 'sigma_boundary': 1.1351439612195444, 'alpha': 0.6323730754645887}. Best is trial 3 with value: 0.030190373738098495.
[I 2026-03-07 01:20:03,642] Trial 157 finished with value: 0.1781016896698857 and parameters: {'sigma_noise': 0.05004569735242952, 'A_repulsion': 0.12356362255547891, 'gamma': 0.5979726653616999, 'sigma_update': 0.5053291148149726, 'eta_learning': 1.8985980110144627, 'sigma_boundary': 6.2166294637636215, 'alpha': 0.5856196052230749}. Best is trial 3 with value: 0.030190373738098495.
[I 2026-03-07 01:20:18,456] Trial 126 finished with value: 0.31682443399599536 and parameters: {'sigma_noise': 0.36224540094757685, 'A_repulsion': 0.3433557351001094, 'gamma': 0.31099899789944124, 'sigma_update': 0.09319966964437128, 'eta_learning': 1.2388648819807135, 'sigma_boundary': 2.2649538737517334, 'alpha': 0.663811852998429}. Best is trial 3 with value: 0.030190373738098495.
[I 2026-03-07 01:20:24,022] Trial 135 finished with value: 0.5434648099257968 and parameters: {'sigma_noise': 0.23446871453859514, 'A_repulsion': 0.2575502340105917, 'gamma': 0.768286717299802, 'sigma_update': 0.41526423831191006, 'eta_learning': 1.8110575608547381, 'sigma_boundary': 4.037168835497291, 'alpha': 0.3844817076869009}. Best is trial 3 with value: 0.030190373738098495.
[I 2026-03-07 01:21:09,287] Trial 138 finished with value: 0.051891927811810915 and parameters: {'sigma_noise': 0.19253387245429854, 'A_repulsion': 0.2136491328859712, 'gamma': 0.7753636618728416, 'sigma_update': 0.3177755732802128, 'eta_learning': 1.2029012709289542, 'sigma_boundary': 2.295664231847878, 'alpha': 0.9965825214793977}. Best is trial 3 with value: 0.030190373738098495.
[I 2026-03-07 01:21:31,323] Trial 134 finished with value: 0.12892951954368886 and parameters: {'sigma_noise': 0.2932888992465812, 'A_repulsion': 0.39782956641307626, 'gamma': 0.5420123768457414, 'sigma_update': 0.20385225265841372, 'eta_learning': 1.4719392856027853, 'sigma_boundary': 4.311656797077403, 'alpha': 0.7356307132695972}. Best is trial 3 with value: 0.030190373738098495.
