[I 2026-03-07 01:51:05,094] Trial 197 finished with value: 0.08624249132932361 and parameters: {'sigma_noise': 0.16577055483959136, 'A_repulsion': 0.2639168765060259, 'gamma': 0.6323409922018267, 'sigma_update': 0.19740115947945513, 'eta_learning': 1.712998059686019, 'sigma_boundary': 4.531486816726995, 'alpha': 0.4681197945873922}. Best is trial 182 with value: 0.01891776010905128.
[I 2026-03-07 01:51:06,468] Trial 193 finished with value: 0.03321017786596428 and parameters: {'sigma_noise': 0.20567123415021232, 'A_repulsion': 0.32867476847220345, 'gamma': 0.9018883930453631, 'sigma_update': 0.3030434136492278, 'eta_learning': 2.024583024329017, 'sigma_boundary': 2.8078045081375493, 'alpha': 0.5660453523659824}. Best is trial 182 with value: 0.01891776010905128.
[I 2026-03-07 01:51:13,722] Trial 196 finished with value: 0.055802259938858706 and parameters: {'sigma_noise': 0.22338176032650858, 'A_repulsion': 0.341396286335952, 'gamma': 0.7981076297080844, 'sigma_update': 0.3550390167831267, 'eta_learning': 1.360708910462555, 'sigma_boundary': 3.3504115808075823, 'alpha': 0.8204365667507331}. Best is trial 182 with value: 0.01891776010905128.
[I 2026-03-07 01:51:19,492] Trial 198 finished with value: 0.04054181272522152 and parameters: {'sigma_noise': 0.2611995341892101, 'A_repulsion': 0.38225364406407614, 'gamma': 0.9135923601347837, 'sigma_update': 0.35040907275393884, 'eta_learning': 1.510596249043541, 'sigma_boundary': 5.153786136722963, 'alpha': 0.7055452256150402}. Best is trial 182 with value: 0.01891776010905128.
[I 2026-03-07 01:51:19,769] Trial 199 finished with value: 0.10739292999494443 and parameters: {'sigma_noise': 0.26640252752625804, 'A_repulsion': 0.3704445732454943, 'gamma': 0.5448442367950241, 'sigma_update': 0.21999530941708056, 'eta_learning': 0.8489128386070223, 'sigma_boundary': 4.346013272646413, 'alpha': 0.6269944739063051}. Best is trial 182 with value: 0.01891776010905128.
