[I 2026-03-06 22:33:38,506] Trial 108 finished with value: 0.10477614191926848 and parameters: {'sigma_noise': 0.18753475308551404, 'A_repulsion': 0.35966195679822394, 'gamma': 0.43797697961670096, 'sigma_update': 0.27613334839545695, 'eta_learning': 0.8679214124083607, 'sigma_boundary': 5.1298195735345224, 'alpha': 0.6010489846993777}. Best is trial 99 with value: 0.030327662470499738.
[I 2026-03-06 22:33:42,512] Trial 119 finished with value: 0.10074346359986357 and parameters: {'sigma_noise': 0.1639743690433666, 'A_repulsion': 0.30054538608630676, 'gamma': 0.4131652534707031, 'sigma_update': 0.15856510740117183, 'eta_learning': 1.9801638492693703, 'sigma_boundary': 3.1148082031641153, 'alpha': 0.886221601585583}. Best is trial 99 with value: 0.030327662470499738.
[I 2026-03-06 22:33:47,131] Trial 104 finished with value: 0.10398473011664378 and parameters: {'sigma_noise': 0.2694469218016057, 'A_repulsion': 0.2540556944459597, 'gamma': 0.6134254776704716, 'sigma_update': 0.23389337386960865, 'eta_learning': 1.2789137879659582, 'sigma_boundary': 2.5467439768436577, 'alpha': 0.6057541170282053}. Best is trial 99 with value: 0.030327662470499738.
[I 2026-03-06 22:34:04,671] Trial 113 finished with value: 1.2880174161723452 and parameters: {'sigma_noise': 0.1954608298617439, 'A_repulsion': 0.3503648479821516, 'gamma': 0.3209969352140188, 'sigma_update': 0.1926988628811393, 'eta_learning': 0.5480621942295063, 'sigma_boundary': 1.7740000488320047, 'alpha': 0.22476772510068233}. Best is trial 99 with value: 0.030327662470499738.
[I 2026-03-06 22:34:33,869] Trial 116 finished with value: 0.1154553678558699 and parameters: {'sigma_noise': 0.2529846901292649, 'A_repulsion': 0.2177218130366635, 'gamma': 0.3766202694326968, 'sigma_update': 0.26080358239374973, 'eta_learning': 1.0192253495625923, 'sigma_boundary': 1.7069913876543403, 'alpha': 0.7838708357887693}. Best is trial 99 with value: 0.030327662470499738.
[I 2026-03-06 22:34:42,289] Trial 114 finished with value: 0.10953865340636222 and parameters: {'sigma_noise': 0.2330191873289591, 'A_repulsion': 0.300089159639275, 'gamma': 0.33098601310484715, 'sigma_update': 0.18002281989255225, 'eta_learning': 2.360515097156825, 'sigma_boundary': 4.380184841791493, 'alpha': 0.7001961808215019}. Best is trial 99 with value: 0.030327662470499738.
[I 2026-03-06 22:35:12,817] Trial 118 finished with value: 0.2411448705484181 and parameters: {'sigma_noise': 0.2943350599834126, 'A_repulsion': 0.18227447754282675, 'gamma': 0.6241293822823858, 'sigma_update': 0.4430214829734721, 'eta_learning': 2.133630829735912, 'sigma_boundary': 3.820821517101465, 'alpha': 0.5824758278311509}. Best is trial 99 with value: 0.030327662470499738.
[I 2026-03-06 22:42:08,139] Trial 120 finished with value: 0.040703194834291384 and parameters: {'sigma_noise': 0.16764349392998001, 'A_repulsion': 0.10570473139350134, 'gamma': 0.6226825328295759, 'sigma_update': 0.18691110121482735, 'eta_learning': 1.3096974502436092, 'sigma_boundary': 3.951846611680123, 'alpha': 0.6666452431316636}. Best is trial 99 with value: 0.030327662470499738.
[I 2026-03-06 22:45:59,635] Trial 121 finished with value: 0.10681071582162342 and parameters: {'sigma_noise': 0.15269468738344816, 'A_repulsion': 0.2889799277245619, 'gamma': 0.4813650031531472, 'sigma_update': 0.32108339252431206, 'eta_learning': 1.6892277861944336, 'sigma_boundary': 3.7289410235778067, 'alpha': 0.5913499973662907}. Best is trial 99 with value: 0.030327662470499738.
[I 2026-03-06 22:51:15,432] Trial 122 finished with value: 0.12894180503873384 and parameters: {'sigma_noise': 0.2734571596919891, 'A_repulsion': 0.23722191401962717, 'gamma': 0.3683622714691227, 'sigma_update': 0.2048342255768895, 'eta_learning': 1.925315230450883, 'sigma_boundary': 1.7393838924383278, 'alpha': 0.49254968831251045}. Best is trial 99 with value: 0.030327662470499738.
[I 2026-03-06 22:52:03,564] Trial 128 finished with value: 0.08964912003264935 and parameters: {'sigma_noise': 0.18031379105264927, 'A_repulsion': 0.1800194551379759, 'gamma': 0.34153958433774073, 'sigma_update': 0.21253112524774118, 'eta_learning': 0.6919300202362108, 'sigma_boundary': 3.1429083887716716, 'alpha': 0.9111000423491231}. Best is trial 99 with value: 0.030327662470499738.
[I 2026-03-06 22:52:09,660] Trial 123 finished with value: 0.07487960681847039 and parameters: {'sigma_noise': 0.24695733593732294, 'A_repulsion': 0.16140985139978398, 'gamma': 0.6543561827166819, 'sigma_update': 0.16985814447356026, 'eta_learning': 1.1888182747130187, 'sigma_boundary': 5.84202237947137, 'alpha': 0.5991089936975197}. Best is trial 99 with value: 0.030327662470499738.
[I 2026-03-06 22:52:35,367] Trial 136 finished with value: 0.190948091590081 and parameters: {'sigma_noise': 0.11776976320825788, 'A_repulsion': 0.18559159335765518, 'gamma': 0.6454516400345811, 'sigma_update': 0.24430571604470017, 'eta_learning': 1.6667148703936345, 'sigma_boundary': 1.9796582429736667, 'alpha': 0.33654826637060226}. Best is trial 99 with value: 0.030327662470499738.
[I 2026-03-06 22:53:13,173] Trial 135 finished with value: 0.08305348553268821 and parameters: {'sigma_noise': 0.08126642348367646, 'A_repulsion': 0.35718107706331936, 'gamma': 0.6308770949196544, 'sigma_update': 0.23393645893140713, 'eta_learning': 1.5455763728693916, 'sigma_boundary': 4.479862101331841, 'alpha': 0.4814979893508952}. Best is trial 99 with value: 0.030327662470499738.
[I 2026-03-06 22:53:22,800] Trial 129 finished with value: 0.11070989644726359 and parameters: {'sigma_noise': 0.15626114972355656, 'A_repulsion': 0.27086130414190457, 'gamma': 0.3090665915993775, 'sigma_update': 0.32972607437003015, 'eta_learning': 1.2396734390756783, 'sigma_boundary': 4.542245129258266, 'alpha': 0.6957740644410957}. Best is trial 99 with value: 0.030327662470499738.
[I 2026-03-06 22:53:40,946] Trial 125 finished with value: 0.164060311277247 and parameters: {'sigma_noise': 0.204117931117884, 'A_repulsion': 0.25771473307858783, 'gamma': 0.44800032332447415, 'sigma_update': 0.43567938577906934, 'eta_learning': 1.904042712070397, 'sigma_boundary': 4.741701715846202, 'alpha': 0.728377401961148}. Best is trial 99 with value: 0.030327662470499738.
[I 2026-03-06 22:54:02,341] Trial 126 finished with value: 0.2034333898399276 and parameters: {'sigma_noise': 0.2020953962866669, 'A_repulsion': 0.2548748039702576, 'gamma': 0.4371991328565211, 'sigma_update': 0.2701893213942569, 'eta_learning': 0.8095971198963047, 'sigma_boundary': 3.5030355723389732, 'alpha': 0.40864625332796567}. Best is trial 99 with value: 0.030327662470499738.
[I 2026-03-06 22:54:17,279] Trial 142 finished with value: 0.044733570913481596 and parameters: {'sigma_noise': 0.13103311268307521, 'A_repulsion': 0.13611110602898113, 'gamma': 0.9192947266027058, 'sigma_update': 0.37474275513739835, 'eta_learning': 1.5959338921872972, 'sigma_boundary': 1.8445412383654987, 'alpha': 0.5550326783216826}. Best is trial 99 with value: 0.030327662470499738.
[I 2026-03-06 22:55:04,855] Trial 124 finished with value: 0.08449173455726897 and parameters: {'sigma_noise': 0.2715822852859364, 'A_repulsion': 0.2298582514453167, 'gamma': 0.6898174015646515, 'sigma_update': 0.23008842933637205, 'eta_learning': 1.978370057756022, 'sigma_boundary': 5.678572562228582, 'alpha': 0.8389846983201523}. Best is trial 99 with value: 0.030327662470499738.
[I 2026-03-06 22:55:09,238] Trial 127 finished with value: 0.2775888349961154 and parameters: {'sigma_noise': 0.23600108582526036, 'A_repulsion': 0.2571329493365993, 'gamma': 0.49034572701102525, 'sigma_update': 0.2794959782820699, 'eta_learning': 1.3426260198086102, 'sigma_boundary': 2.535224286775651, 'alpha': 0.40970543865338493}. Best is trial 99 with value: 0.030327662470499738.
[I 2026-03-06 22:55:20,418] Trial 151 finished with value: 0.08250791930788585 and parameters: {'sigma_noise': 0.14267696031746493, 'A_repulsion': 0.08619093495817032, 'gamma': 0.4558315496866589, 'sigma_update': 0.33588854558853304, 'eta_learning': 1.1093508157580716, 'sigma_boundary': 3.3281717865981317, 'alpha': 0.7780164608550105}. Best is trial 99 with value: 0.030327662470499738.
[I 2026-03-06 22:55:26,968] Trial 131 finished with value: 0.10352627701558828 and parameters: {'sigma_noise': 0.22373652779554953, 'A_repulsion': 0.18373272635424215, 'gamma': 0.3326742500507092, 'sigma_update': 0.2422100075253764, 'eta_learning': 1.099868249866942, 'sigma_boundary': 5.846723484460385, 'alpha': 0.7526049835580988}. Best is trial 99 with value: 0.030327662470499738.
[I 2026-03-06 22:55:42,524] Trial 130 finished with value: 0.11729775356066309 and parameters: {'sigma_noise': 0.17205203538692074, 'A_repulsion': 0.3133233714875021, 'gamma': 0.5434608682199282, 'sigma_update': 0.3693390214421219, 'eta_learning': 1.568998952103945, 'sigma_boundary': 4.726764386518961, 'alpha': 0.6240210366689942}. Best is trial 99 with value: 0.030327662470499738.
[I 2026-03-06 22:56:09,006] Trial 133 finished with value: 0.09890002546775185 and parameters: {'sigma_noise': 0.25111489043453317, 'A_repulsion': 0.14989193409897028, 'gamma': 0.4186615938114491, 'sigma_update': 0.23381776255939365, 'eta_learning': 1.4642604384687121, 'sigma_boundary': 2.6873265354428835, 'alpha': 0.7581387100754263}. Best is trial 99 with value: 0.030327662470499738.
[I 2026-03-06 22:56:12,014] Trial 146 finished with value: 0.025508841143473314 and parameters: {'sigma_noise': 0.2010001813005266, 'A_repulsion': 0.0708557493566219, 'gamma': 0.8066453204506846, 'sigma_update': 0.3396455314328606, 'eta_learning': 1.5551218920741332, 'sigma_boundary': 3.218688264156589, 'alpha': 0.7061045379794588}. Best is trial 146 with value: 0.025508841143473314.
[I 2026-03-06 22:56:14,345] Trial 147 finished with value: 0.03814410219416098 and parameters: {'sigma_noise': 0.16919997557791236, 'A_repulsion': 0.10526423438292234, 'gamma': 0.7708947594940649, 'sigma_update': 0.11205972528425433, 'eta_learning': 1.3901147500401891, 'sigma_boundary': 4.962566832109084, 'alpha': 0.7321312138406445}. Best is trial 146 with value: 0.025508841143473314.
[I 2026-03-06 22:56:44,366] Trial 132 finished with value: 0.22473296745222202 and parameters: {'sigma_noise': 0.21277000430282766, 'A_repulsion': 0.243469422949603, 'gamma': 0.3126400818534865, 'sigma_update': 0.43518764696973133, 'eta_learning': 1.5874173403793024, 'sigma_boundary': 2.6852149902761866, 'alpha': 0.6666906455682681}. Best is trial 146 with value: 0.025508841143473314.
[I 2026-03-06 22:57:02,514] Trial 143 finished with value: 1.0356382532520305 and parameters: {'sigma_noise': 0.13002135605172482, 'A_repulsion': 0.2939080152152379, 'gamma': 0.6616818363338077, 'sigma_update': 0.40098518903367125, 'eta_learning': 2.048054692832861, 'sigma_boundary': 2.2710554140815065, 'alpha': 0.23897066782120807}. Best is trial 146 with value: 0.025508841143473314.
[I 2026-03-06 22:57:08,719] Trial 134 finished with value: 0.09367974814697161 and parameters: {'sigma_noise': 0.21514206844644207, 'A_repulsion': 0.2472934173619253, 'gamma': 0.5066389696860673, 'sigma_update': 0.2758720611105746, 'eta_learning': 1.6447733090746004, 'sigma_boundary': 3.1490337142757236, 'alpha': 0.6881506769167471}. Best is trial 146 with value: 0.025508841143473314.
[I 2026-03-06 22:57:13,232] Trial 149 finished with value: 0.07319742612043438 and parameters: {'sigma_noise': 0.08797544900399326, 'A_repulsion': 0.35609916320255747, 'gamma': 0.745600435754059, 'sigma_update': 0.2678587608325843, 'eta_learning': 1.6606424378865439, 'sigma_boundary': 6.358068435984852, 'alpha': 0.6761033219738308}. Best is trial 146 with value: 0.025508841143473314.
[I 2026-03-06 22:57:35,717] Trial 139 finished with value: 0.05913145167218621 and parameters: {'sigma_noise': 0.22455823542382292, 'A_repulsion': 0.16637020492022647, 'gamma': 0.6869707245755434, 'sigma_update': 0.2582309472230101, 'eta_learning': 0.8145704833491354, 'sigma_boundary': 3.0681607317382062, 'alpha': 0.7344563552121117}. Best is trial 146 with value: 0.025508841143473314.
[I 2026-03-06 22:57:41,428] Trial 138 finished with value: 0.05243370476939192 and parameters: {'sigma_noise': 0.2156275287563626, 'A_repulsion': 0.1875790546143314, 'gamma': 0.7934081770669832, 'sigma_update': 0.21365075062475597, 'eta_learning': 0.44447925417218725, 'sigma_boundary': 7.78464518165474, 'alpha': 0.9677060955856793}. Best is trial 146 with value: 0.025508841143473314.
[I 2026-03-06 22:57:43,341] Trial 137 finished with value: 0.07174450290671114 and parameters: {'sigma_noise': 0.1583954871315705, 'A_repulsion': 0.316682439104242, 'gamma': 0.7691954796390071, 'sigma_update': 0.22335557070983134, 'eta_learning': 0.9105579030235957, 'sigma_boundary': 3.0755706119388404, 'alpha': 0.8744053784319289}. Best is trial 146 with value: 0.025508841143473314.
[I 2026-03-06 22:57:46,507] Trial 159 finished with value: 0.14316204212281652 and parameters: {'sigma_noise': 0.10316662837578815, 'A_repulsion': 0.14602510021745846, 'gamma': 0.4771564584393594, 'sigma_update': 0.3168034386672648, 'eta_learning': 1.153698868394704, 'sigma_boundary': 5.304168189362102, 'alpha': 0.4685029685589466}. Best is trial 146 with value: 0.025508841143473314.
[I 2026-03-06 22:57:52,189] Trial 155 finished with value: 0.12004345450069615 and parameters: {'sigma_noise': 0.06192743998252703, 'A_repulsion': 0.3879602892396181, 'gamma': 0.43176243195699776, 'sigma_update': 0.2375687752105912, 'eta_learning': 1.7341366344770626, 'sigma_boundary': 5.319159204559734, 'alpha': 0.6537023029078973}. Best is trial 146 with value: 0.025508841143473314.
[I 2026-03-06 22:58:15,579] Trial 145 finished with value: 0.09480633595577889 and parameters: {'sigma_noise': 0.15867504566928936, 'A_repulsion': 0.25481906072226634, 'gamma': 0.7435913812981004, 'sigma_update': 0.2767485373760069, 'eta_learning': 2.1195105645337753, 'sigma_boundary': 1.2941939652531174, 'alpha': 0.4105114286112426}. Best is trial 146 with value: 0.025508841143473314.
[I 2026-03-06 22:58:44,557] Trial 153 finished with value: 0.046280832100833266 and parameters: {'sigma_noise': 0.12949805125133831, 'A_repulsion': 0.2190905863418742, 'gamma': 0.6544446691834539, 'sigma_update': 0.17921183060444376, 'eta_learning': 0.869889957991822, 'sigma_boundary': 5.893201914806474, 'alpha': 0.6083120225501205}. Best is trial 146 with value: 0.025508841143473314.
[I 2026-03-06 22:58:54,996] Trial 157 finished with value: 0.055900115136458366 and parameters: {'sigma_noise': 0.1414394131777807, 'A_repulsion': 0.16424686878700068, 'gamma': 0.9344915710013163, 'sigma_update': 0.4534623052031753, 'eta_learning': 0.968290961305693, 'sigma_boundary': 3.7647613440965344, 'alpha': 0.5839801312811657}. Best is trial 146 with value: 0.025508841143473314.
[I 2026-03-06 22:59:05,907] Trial 140 finished with value: 0.12395876912827329 and parameters: {'sigma_noise': 0.23742759253526513, 'A_repulsion': 0.21519950276720248, 'gamma': 0.4082667724818525, 'sigma_update': 0.38559644077788985, 'eta_learning': 0.96731184754006, 'sigma_boundary': 4.903910466878911, 'alpha': 0.9192434069660989}. Best is trial 146 with value: 0.025508841143473314.
[I 2026-03-06 22:59:30,601] Trial 141 finished with value: 0.07235620000855991 and parameters: {'sigma_noise': 0.19460773763092226, 'A_repulsion': 0.30975696772090433, 'gamma': 0.7052249566886657, 'sigma_update': 0.24247957457548758, 'eta_learning': 1.3005849692306224, 'sigma_boundary': 3.939257126466667, 'alpha': 0.9377197140849194}. Best is trial 146 with value: 0.025508841143473314.
[I 2026-03-06 23:00:59,280] Trial 144 finished with value: 0.09969620075728695 and parameters: {'sigma_noise': 0.29453797762806383, 'A_repulsion': 0.29837370467142826, 'gamma': 0.7033669126693932, 'sigma_update': 0.3867679770005165, 'eta_learning': 0.909086193661369, 'sigma_boundary': 5.394497065077779, 'alpha': 0.9734666718566471}. Best is trial 146 with value: 0.025508841143473314.
[I 2026-03-06 23:01:07,285] Trial 156 finished with value: 0.11568782326707477 and parameters: {'sigma_noise': 0.16065181446205185, 'A_repulsion': 0.28402872857490513, 'gamma': 0.9181492947758404, 'sigma_update': 0.4526435598586435, 'eta_learning': 1.292287731374731, 'sigma_boundary': 4.694124431836109, 'alpha': 0.4986485145178602}. Best is trial 146 with value: 0.025508841143473314.
[I 2026-03-06 23:01:56,096] Trial 148 finished with value: 0.07698152941548574 and parameters: {'sigma_noise': 0.25463816301950465, 'A_repulsion': 0.3514149818702123, 'gamma': 0.8098879340884163, 'sigma_update': 0.32810496115213367, 'eta_learning': 1.9853560425508843, 'sigma_boundary': 5.243768883237426, 'alpha': 0.5663500407540943}. Best is trial 146 with value: 0.025508841143473314.
[I 2026-03-06 23:02:16,614] Trial 154 finished with value: 0.05360268313007983 and parameters: {'sigma_noise': 0.20609310331450342, 'A_repulsion': 0.24332856131965358, 'gamma': 0.7519760956364002, 'sigma_update': 0.3481577232362334, 'eta_learning': 1.306895548413306, 'sigma_boundary': 3.0980324153236953, 'alpha': 0.8283268711869946}. Best is trial 146 with value: 0.025508841143473314.
[I 2026-03-06 23:02:48,040] Trial 150 finished with value: 0.05324067002488146 and parameters: {'sigma_noise': 0.23509145674323167, 'A_repulsion': 0.3213197338155518, 'gamma': 0.881250860996913, 'sigma_update': 0.23580877435524922, 'eta_learning': 1.7778803505582377, 'sigma_boundary': 1.840951376322737, 'alpha': 0.8017556835714145}. Best is trial 146 with value: 0.025508841143473314.
[I 2026-03-06 23:03:44,052] Trial 152 finished with value: 0.13944261897568289 and parameters: {'sigma_noise': 0.2092479016719077, 'A_repulsion': 0.37042525632704393, 'gamma': 0.43208066946535106, 'sigma_update': 0.10220461859557851, 'eta_learning': 1.3802222727691165, 'sigma_boundary': 5.884217681780729, 'alpha': 0.7502544385963928}. Best is trial 146 with value: 0.025508841143473314.
[I 2026-03-06 23:04:51,057] Trial 158 finished with value: 0.12889333933337307 and parameters: {'sigma_noise': 0.26469206263819095, 'A_repulsion': 0.3384433480212852, 'gamma': 0.7147062295370677, 'sigma_update': 0.2970519151903409, 'eta_learning': 1.8045140716432846, 'sigma_boundary': 3.528886985696218, 'alpha': 0.5420351348252124}. Best is trial 146 with value: 0.025508841143473314.
[I 2026-03-06 23:09:49,268] Trial 161 finished with value: 0.060900122624491265 and parameters: {'sigma_noise': 0.0833063085044895, 'A_repulsion': 0.2564901419434424, 'gamma': 0.7216183625744172, 'sigma_update': 0.3677039506358881, 'eta_learning': 1.7852620441448652, 'sigma_boundary': 2.838429467298051, 'alpha': 0.7270027421135408}. Best is trial 146 with value: 0.025508841143473314.
[I 2026-03-06 23:12:05,051] Trial 160 finished with value: 0.1513474444914026 and parameters: {'sigma_noise': 0.31764074289830296, 'A_repulsion': 0.12285874079167541, 'gamma': 0.5369710651524849, 'sigma_update': 0.3230911862742789, 'eta_learning': 1.5364788586341838, 'sigma_boundary': 4.409656122274173, 'alpha': 0.8317540752282041}. Best is trial 146 with value: 0.025508841143473314.
[I 2026-03-06 23:15:37,212] Trial 163 finished with value: 0.01736933412406757 and parameters: {'sigma_noise': 0.16386121228464579, 'A_repulsion': 0.08393055276408912, 'gamma': 0.9663710405340834, 'sigma_update': 0.25549613442394187, 'eta_learning': 0.7338813503291559, 'sigma_boundary': 0.8043956394607233, 'alpha': 0.7932588238541631}. Best is trial 163 with value: 0.01736933412406757.
[I 2026-03-06 23:15:46,577] Trial 162 finished with value: 0.057315680644634895 and parameters: {'sigma_noise': 0.15348843615288416, 'A_repulsion': 0.11327503148919878, 'gamma': 0.7246498193709592, 'sigma_update': 0.33339183784994475, 'eta_learning': 1.871514306117937, 'sigma_boundary': 2.645740984558614, 'alpha': 0.6015005228189461}. Best is trial 163 with value: 0.01736933412406757.
[I 2026-03-06 23:15:54,525] Trial 166 finished with value: 0.25807811861390934 and parameters: {'sigma_noise': 0.08254025083183254, 'A_repulsion': 0.20175769052911732, 'gamma': 0.7466812881194564, 'sigma_update': 0.6743149914100338, 'eta_learning': 0.941471083040842, 'sigma_boundary': 3.8121366170140063, 'alpha': 0.4768016044342969}. Best is trial 163 with value: 0.01736933412406757.
[I 2026-03-06 23:15:55,184] Trial 164 finished with value: 0.0587306900400745 and parameters: {'sigma_noise': 0.11216353685427262, 'A_repulsion': 0.16592003208900652, 'gamma': 0.6102392627703096, 'sigma_update': 0.2629087072814505, 'eta_learning': 1.5062936086601333, 'sigma_boundary': 3.841143341236223, 'alpha': 0.8478852968492057}. Best is trial 163 with value: 0.01736933412406757.
[I 2026-03-06 23:17:33,635] Trial 184 finished with value: 0.09336533668419092 and parameters: {'sigma_noise': 0.06334681323330396, 'A_repulsion': 0.13822870425616524, 'gamma': 0.8584610523736346, 'sigma_update': 0.12048077106155897, 'eta_learning': 2.418476824552934, 'sigma_boundary': 2.9685208737492914, 'alpha': 0.5738787052267147}. Best is trial 163 with value: 0.01736933412406757.
[I 2026-03-06 23:17:48,406] Trial 186 finished with value: 0.10187642486009096 and parameters: {'sigma_noise': 0.051273312451563906, 'A_repulsion': 0.1708419126694376, 'gamma': 0.8705677658548763, 'sigma_update': 0.14658835330320727, 'eta_learning': 1.0028362973420302, 'sigma_boundary': 5.184126329143824, 'alpha': 0.6698169036317527}. Best is trial 163 with value: 0.01736933412406757.
[I 2026-03-06 23:18:10,148] Trial 191 finished with value: 0.06572828610342528 and parameters: {'sigma_noise': 0.09547801789859738, 'A_repulsion': 0.06504319641125511, 'gamma': 0.8310282542412389, 'sigma_update': 0.35344138573013356, 'eta_learning': 1.6007749600090089, 'sigma_boundary': 3.032874561625865, 'alpha': 0.5658276910579743}. Best is trial 163 with value: 0.01736933412406757.
