[I 2026-03-04 14:54:30,715] Trial 21 finished with value: 1.2266638614208274 and parameters: {'sigma_noise': 0.305526786622693, 'A_repulsion': 0.24242230031195716, 'gamma': 0.3883118746674907, 'sigma_update': 0.43693955625305964, 'eta_learning': 1.5263157093861137, 'sigma_boundary': 4.450532666040908, 'alpha': 0.3232859344700073}. Best is trial 2 with value: 0.11436685427297785.
[I 2026-03-04 14:54:54,675] Trial 23 finished with value: 0.18161022183966655 and parameters: {'sigma_noise': 0.3010635652517123, 'A_repulsion': 0.2556113974072702, 'gamma': 0.29158177905468735, 'sigma_update': 0.21324093775486125, 'eta_learning': 1.6052707738342926, 'sigma_boundary': 3.9567990375615314, 'alpha': 0.5334558938047516}. Best is trial 2 with value: 0.11436685427297785.
[I 2026-03-04 14:55:02,496] Trial 24 finished with value: 0.2986859374194124 and parameters: {'sigma_noise': 0.1933293991667508, 'A_repulsion': 0.39586026590846946, 'gamma': 0.44913996088428904, 'sigma_update': 0.42788702659392397, 'eta_learning': 1.6925723941454667, 'sigma_boundary': 3.604260887659261, 'alpha': 0.48142466791895255}. Best is trial 2 with value: 0.11436685427297785.
[I 2026-03-04 14:55:17,520] Trial 31 finished with value: 0.20976206444586293 and parameters: {'sigma_noise': 0.2661441579721395, 'A_repulsion': 0.12458765279265965, 'gamma': 0.5380896013170197, 'sigma_update': 0.18473718845590403, 'eta_learning': 1.0553642755097425, 'sigma_boundary': 3.5707697642790306, 'alpha': 0.45191285536271947}. Best is trial 2 with value: 0.11436685427297785.
[I 2026-03-04 14:55:30,732] Trial 28 finished with value: 0.3087729029100543 and parameters: {'sigma_noise': 0.24294851263142747, 'A_repulsion': 0.3425304765795353, 'gamma': 0.26729044465021656, 'sigma_update': 0.4302977364235114, 'eta_learning': 1.1017088493706957, 'sigma_boundary': 3.9809844034720117, 'alpha': 0.520237397858739}. Best is trial 2 with value: 0.11436685427297785.
[I 2026-03-04 14:55:44,006] Trial 30 finished with value: 0.3779315337317173 and parameters: {'sigma_noise': 0.26086634704442524, 'A_repulsion': 0.3045582774992373, 'gamma': 0.45397297888075655, 'sigma_update': 0.5149779899685505, 'eta_learning': 1.767248332147525, 'sigma_boundary': 1.5934875665426231, 'alpha': 0.5325477781637442}. Best is trial 2 with value: 0.11436685427297785.
[I 2026-03-04 14:55:48,107] Trial 35 finished with value: 0.13097472448306058 and parameters: {'sigma_noise': 0.20951904735425858, 'A_repulsion': 0.18795156578223968, 'gamma': 0.5755515343356522, 'sigma_update': 0.2369035299156675, 'eta_learning': 2.0130779005869335, 'sigma_boundary': 4.291357467201759, 'alpha': 0.6650272944750767}. Best is trial 2 with value: 0.11436685427297785.
[I 2026-03-04 14:55:59,852] Trial 26 finished with value: 0.20222685297060072 and parameters: {'sigma_noise': 0.2993267441181638, 'A_repulsion': 0.39087626761634064, 'gamma': 0.2193078124795275, 'sigma_update': 0.20396671046496267, 'eta_learning': 1.2667270352947972, 'sigma_boundary': 5.255180744262016, 'alpha': 0.7023741515208322}. Best is trial 2 with value: 0.11436685427297785.
[I 2026-03-04 14:56:06,809] Trial 34 finished with value: 0.4526450552111837 and parameters: {'sigma_noise': 0.36201660977540084, 'A_repulsion': 0.06465729412178617, 'gamma': 0.5662556645313764, 'sigma_update': 0.45602423177138834, 'eta_learning': 2.1263808443923446, 'sigma_boundary': 4.188718777211248, 'alpha': 0.5203292328266735}. Best is trial 2 with value: 0.11436685427297785.
[I 2026-03-04 14:56:26,842] Trial 33 finished with value: 1.3980289210516386 and parameters: {'sigma_noise': 0.32591610440712365, 'A_repulsion': 0.2462568837038317, 'gamma': 0.6320413430334186, 'sigma_update': 0.3890262812978455, 'eta_learning': 2.732504275791407, 'sigma_boundary': 4.978442759258201, 'alpha': 0.32057263441178974}. Best is trial 2 with value: 0.11436685427297785.
[I 2026-03-04 14:56:34,066] Trial 37 finished with value: 1.8583143871565175 and parameters: {'sigma_noise': 0.2482661527843848, 'A_repulsion': 0.23650732000873115, 'gamma': 0.16055703005563923, 'sigma_update': 0.41006066568477095, 'eta_learning': 1.4534327990981912, 'sigma_boundary': 1.8754450822349726, 'alpha': 0.19336507615697884}. Best is trial 2 with value: 0.11436685427297785.
[I 2026-03-04 14:56:34,325] Trial 38 finished with value: 0.4615904891439389 and parameters: {'sigma_noise': 0.29815554773894026, 'A_repulsion': 0.15873085394987632, 'gamma': 0.36482905351190603, 'sigma_update': 0.51953236254315, 'eta_learning': 1.5954549249907661, 'sigma_boundary': 3.98391752103635, 'alpha': 0.5363984449745225}. Best is trial 2 with value: 0.11436685427297785.
[I 2026-03-04 14:56:40,478] Trial 32 finished with value: 0.20539805125201172 and parameters: {'sigma_noise': 0.28866592362860316, 'A_repulsion': 0.3783578789955877, 'gamma': 0.5637320142841808, 'sigma_update': 0.1462957694869218, 'eta_learning': 1.5415126728424307, 'sigma_boundary': 6.1439382505969675, 'alpha': 0.5076580757568769}. Best is trial 2 with value: 0.11436685427297785.
[I 2026-03-04 14:56:47,211] Trial 36 finished with value: 0.2260749281367808 and parameters: {'sigma_noise': 0.2671901868329161, 'A_repulsion': 0.29495118791617664, 'gamma': 0.5547988763878348, 'sigma_update': 0.3690841951678499, 'eta_learning': 2.297506735414567, 'sigma_boundary': 5.042319916505053, 'alpha': 0.5692517665176549}. Best is trial 2 with value: 0.11436685427297785.
[I 2026-03-04 14:56:48,064] Trial 39 finished with value: 0.9950264116413005 and parameters: {'sigma_noise': 0.20463374353868463, 'A_repulsion': 0.34597942137333315, 'gamma': 0.5087615109860789, 'sigma_update': 0.3878826583562203, 'eta_learning': 2.060787657365464, 'sigma_boundary': 7.305139056955355, 'alpha': 0.31417738090882064}. Best is trial 2 with value: 0.11436685427297785.
[I 2026-03-04 15:00:19,884] Trial 43 finished with value: 0.16466983146680958 and parameters: {'sigma_noise': 0.2176489845672323, 'A_repulsion': 0.19082656597007736, 'gamma': 0.5495128642112319, 'sigma_update': 0.27223880908380066, 'eta_learning': 0.7969951391616554, 'sigma_boundary': 5.518753359046012, 'alpha': 0.5282770055030228}. Best is trial 2 with value: 0.11436685427297785.
[I 2026-03-04 15:00:24,885] Trial 41 finished with value: 0.20081501009649794 and parameters: {'sigma_noise': 0.2517561332681501, 'A_repulsion': 0.15030303968046366, 'gamma': 0.34282276516135535, 'sigma_update': 0.40111442294879307, 'eta_learning': 1.4477204818398297, 'sigma_boundary': 4.0209174155513265, 'alpha': 0.7523262693537833}. Best is trial 2 with value: 0.11436685427297785.
[I 2026-03-04 15:00:27,790] Trial 40 finished with value: 0.1763039251705547 and parameters: {'sigma_noise': 0.25038627749107656, 'A_repulsion': 0.31281053660658825, 'gamma': 0.6212590244930948, 'sigma_update': 0.4047090709209992, 'eta_learning': 0.7172182242024087, 'sigma_boundary': 4.177846468124945, 'alpha': 0.6154289659471939}. Best is trial 2 with value: 0.11436685427297785.
[I 2026-03-04 15:00:42,030] Trial 42 finished with value: 0.5486568678457673 and parameters: {'sigma_noise': 0.24947543145597972, 'A_repulsion': 0.20639602391709744, 'gamma': 0.5549995728945678, 'sigma_update': 0.4520983517820399, 'eta_learning': 1.7827650366093606, 'sigma_boundary': 5.609183246755078, 'alpha': 0.4074727885381958}. Best is trial 2 with value: 0.11436685427297785.
[I 2026-03-04 15:01:08,208] Trial 44 finished with value: 0.16775379486420494 and parameters: {'sigma_noise': 0.27219438142142277, 'A_repulsion': 0.13836694487222723, 'gamma': 0.23920186639961816, 'sigma_update': 0.2056264379859444, 'eta_learning': 1.4171186343195887, 'sigma_boundary': 4.256796776676958, 'alpha': 0.5345087780086557}. Best is trial 2 with value: 0.11436685427297785.
[I 2026-03-04 15:01:21,400] Trial 49 finished with value: 0.18004647274787633 and parameters: {'sigma_noise': 0.19536007099976677, 'A_repulsion': 0.11558770448915222, 'gamma': 0.25683313152832715, 'sigma_update': 0.28348310142259614, 'eta_learning': 1.849528827270124, 'sigma_boundary': 5.680706051485569, 'alpha': 0.5941658777796286}. Best is trial 2 with value: 0.11436685427297785.
[I 2026-03-04 15:01:35,959] Trial 52 finished with value: 0.16990973914098334 and parameters: {'sigma_noise': 0.23612030027629416, 'A_repulsion': 0.03419381631998189, 'gamma': 0.4492086910442388, 'sigma_update': 0.39473772014870406, 'eta_learning': 1.724553686398943, 'sigma_boundary': 5.567010478891096, 'alpha': 0.9139156792193242}. Best is trial 2 with value: 0.11436685427297785.
[I 2026-03-04 15:01:57,258] Trial 45 finished with value: 0.330588222342153 and parameters: {'sigma_noise': 0.34248989834043647, 'A_repulsion': 0.1936883490255673, 'gamma': 0.5307068596767681, 'sigma_update': 0.4490630562439148, 'eta_learning': 1.7658455427304667, 'sigma_boundary': 3.2806585633517247, 'alpha': 0.5820723064525435}. Best is trial 2 with value: 0.11436685427297785.
[I 2026-03-04 15:02:22,603] Trial 46 finished with value: 0.32310618621383286 and parameters: {'sigma_noise': 0.2431255480747136, 'A_repulsion': 0.29324957254365075, 'gamma': 0.5183113479249962, 'sigma_update': 0.44175329966698124, 'eta_learning': 1.2144551185941668, 'sigma_boundary': 3.330578754607615, 'alpha': 0.5043081660945781}. Best is trial 2 with value: 0.11436685427297785.
[I 2026-03-04 15:02:23,486] Trial 47 finished with value: 0.23796696611379708 and parameters: {'sigma_noise': 0.2565286119862749, 'A_repulsion': 0.2585982019716449, 'gamma': 0.4882209885252813, 'sigma_update': 0.35285283943490536, 'eta_learning': 1.1570104182832106, 'sigma_boundary': 5.884905314491986, 'alpha': 0.5107657883262432}. Best is trial 2 with value: 0.11436685427297785.
[I 2026-03-04 15:02:41,532] Trial 58 finished with value: 0.2451720631616237 and parameters: {'sigma_noise': 0.2551462090012333, 'A_repulsion': 0.06005477798783335, 'gamma': 0.4307029851878617, 'sigma_update': 0.2726203963215475, 'eta_learning': 1.1076728906827538, 'sigma_boundary': 3.8065565861899064, 'alpha': 0.4553022425181955}. Best is trial 2 with value: 0.11436685427297785.
[I 2026-03-04 15:02:52,995] Trial 48 finished with value: 0.21221452801006493 and parameters: {'sigma_noise': 0.33566385563512735, 'A_repulsion': 0.21255529970790343, 'gamma': 0.4331524313492394, 'sigma_update': 0.27879671691024593, 'eta_learning': 1.4359760516464042, 'sigma_boundary': 3.017565798358017, 'alpha': 0.5962879223276762}. Best is trial 2 with value: 0.11436685427297785.
[I 2026-03-04 15:02:55,953] Trial 56 finished with value: 0.1368016900618857 and parameters: {'sigma_noise': 0.18460006868400464, 'A_repulsion': 0.26295792351148656, 'gamma': 0.508125505051557, 'sigma_update': 0.32428639788613306, 'eta_learning': 1.7614887667407342, 'sigma_boundary': 7.345776073247731, 'alpha': 0.8045300845470817}. Best is trial 2 with value: 0.11436685427297785.
[I 2026-03-04 15:03:02,844] Trial 50 finished with value: 0.6819410008266547 and parameters: {'sigma_noise': 0.28901257372061007, 'A_repulsion': 0.20186418348699434, 'gamma': 0.5630610390312556, 'sigma_update': 0.287544603146924, 'eta_learning': 2.270536210913108, 'sigma_boundary': 6.312670026891832, 'alpha': 0.35551858532382846}. Best is trial 2 with value: 0.11436685427297785.
[I 2026-03-04 15:03:27,044] Trial 51 finished with value: 0.19602794643652915 and parameters: {'sigma_noise': 0.27086298480821824, 'A_repulsion': 0.35931801448526823, 'gamma': 0.2079943775294983, 'sigma_update': 0.21924301074701003, 'eta_learning': 1.580146812601521, 'sigma_boundary': 2.116537378306322, 'alpha': 0.7176597341183616}. Best is trial 2 with value: 0.11436685427297785.
[I 2026-03-04 15:03:30,010] Trial 54 finished with value: 0.16022785664647848 and parameters: {'sigma_noise': 0.26862475571495137, 'A_repulsion': 0.18291986393623788, 'gamma': 0.43458459478481154, 'sigma_update': 0.2361395242672773, 'eta_learning': 1.1534908692791348, 'sigma_boundary': 2.745721282377956, 'alpha': 0.6069895367759999}. Best is trial 2 with value: 0.11436685427297785.
[I 2026-03-04 15:03:39,241] Trial 57 finished with value: 0.22027254303520713 and parameters: {'sigma_noise': 0.25812868004556144, 'A_repulsion': 0.21601449544864285, 'gamma': 0.12067028152560895, 'sigma_update': 0.17271778789457487, 'eta_learning': 2.0749480348502316, 'sigma_boundary': 3.0734202185658197, 'alpha': 0.6770360539466556}. Best is trial 2 with value: 0.11436685427297785.
[I 2026-03-04 15:03:52,168] Trial 53 finished with value: 1.513514858901016 and parameters: {'sigma_noise': 0.3562218088683137, 'A_repulsion': 0.2517810218424045, 'gamma': 0.5038027614021497, 'sigma_update': 0.29431902275767585, 'eta_learning': 1.0044062189907266, 'sigma_boundary': 4.175560741137544, 'alpha': 0.3048241015543584}. Best is trial 2 with value: 0.11436685427297785.
[I 2026-03-04 15:03:56,058] Trial 55 finished with value: 0.2579690573571892 and parameters: {'sigma_noise': 0.3585361501513295, 'A_repulsion': 0.11829033623457602, 'gamma': 0.09620920620660472, 'sigma_update': 0.24369527292281387, 'eta_learning': 1.9159807476318618, 'sigma_boundary': 5.498043625225186, 'alpha': 0.5765351819518902}. Best is trial 2 with value: 0.11436685427297785.
[I 2026-03-04 15:04:23,456] Trial 59 finished with value: 0.2060061014734398 and parameters: {'sigma_noise': 0.29910442925041236, 'A_repulsion': 0.30439609291390546, 'gamma': 0.4057919173421847, 'sigma_update': 0.1971925881995541, 'eta_learning': 1.8385000909491338, 'sigma_boundary': 7.7043676692409955, 'alpha': 0.7944728885312956}. Best is trial 2 with value: 0.11436685427297785.
[I 2026-03-04 15:07:15,131] Trial 65 finished with value: 1.4085293896996607 and parameters: {'sigma_noise': 0.11026975870711218, 'A_repulsion': 0.27146949474409166, 'gamma': 0.4770734255942084, 'sigma_update': 0.5149894362732923, 'eta_learning': 2.2350535399602394, 'sigma_boundary': 5.163215124223216, 'alpha': 0.14809129745895017}. Best is trial 2 with value: 0.11436685427297785.
[I 2026-03-04 15:07:25,979] Trial 64 finished with value: 0.21250580517856626 and parameters: {'sigma_noise': 0.21352961602504394, 'A_repulsion': 0.1523167347583899, 'gamma': 0.21511245555722266, 'sigma_update': 0.12554528441127608, 'eta_learning': 1.7422532804915072, 'sigma_boundary': 7.773563403470351, 'alpha': 0.6513716258506809}. Best is trial 2 with value: 0.11436685427297785.
[I 2026-03-04 15:07:40,195] Trial 60 finished with value: 0.18352094321605078 and parameters: {'sigma_noise': 0.31210358428017765, 'A_repulsion': 0.16156693505386363, 'gamma': 0.2804474714918279, 'sigma_update': 0.22518145099072898, 'eta_learning': 0.9699911453488202, 'sigma_boundary': 2.9351916502157667, 'alpha': 0.6227230392571262}. Best is trial 2 with value: 0.11436685427297785.
[I 2026-03-04 15:08:05,102] Trial 70 finished with value: 0.20410890450564043 and parameters: {'sigma_noise': 0.18358406558533674, 'A_repulsion': 0.03789083693620693, 'gamma': 0.101464368863608, 'sigma_update': 0.12310840718853767, 'eta_learning': 1.7514699309921906, 'sigma_boundary': 5.441640840990564, 'alpha': 0.7340198081693796}. Best is trial 2 with value: 0.11436685427297785.
[I 2026-03-04 15:08:08,536] Trial 61 finished with value: 0.21392197065370844 and parameters: {'sigma_noise': 0.3318618418531029, 'A_repulsion': 0.24766693732468015, 'gamma': 0.2500455611362117, 'sigma_update': 0.256358620350141, 'eta_learning': 2.3261932345927625, 'sigma_boundary': 3.2724765242526495, 'alpha': 0.551228769990426}. Best is trial 2 with value: 0.11436685427297785.
[I 2026-03-04 15:08:15,058] Trial 62 finished with value: 0.40098275822202534 and parameters: {'sigma_noise': 0.3920655024895411, 'A_repulsion': 0.19416125463834127, 'gamma': 0.23899072237243388, 'sigma_update': 0.43308811913959006, 'eta_learning': 2.3058700673260466, 'sigma_boundary': 5.285362923699557, 'alpha': 0.5810334892112982}. Best is trial 2 with value: 0.11436685427297785.
[I 2026-03-04 15:08:41,860] Trial 63 finished with value: 1.4873352595585758 and parameters: {'sigma_noise': 0.3868912338854381, 'A_repulsion': 0.2560588381747213, 'gamma': 0.44891643115053853, 'sigma_update': 0.2096999015653375, 'eta_learning': 1.9961423285795188, 'sigma_boundary': 5.661924791646413, 'alpha': 0.3218432459297301}. Best is trial 2 with value: 0.11436685427297785.
[I 2026-03-04 15:08:55,272] Trial 67 finished with value: 0.1626124113060458 and parameters: {'sigma_noise': 0.20491359606966336, 'A_repulsion': 0.24885847825938537, 'gamma': 0.3436702832146051, 'sigma_update': 0.3961673806532473, 'eta_learning': 1.4756559610097741, 'sigma_boundary': 4.019145836728864, 'alpha': 0.830961202935267}. Best is trial 2 with value: 0.11436685427297785.
[I 2026-03-04 15:09:12,026] Trial 72 finished with value: 0.13252544161255095 and parameters: {'sigma_noise': 0.17657187168506117, 'A_repulsion': 0.2121694541104878, 'gamma': 0.5883684302249652, 'sigma_update': 0.29392345733997655, 'eta_learning': 1.817879589328388, 'sigma_boundary': 2.127012752120828, 'alpha': 0.6836507563029753}. Best is trial 2 with value: 0.11436685427297785.
[I 2026-03-04 15:09:22,923] Trial 68 finished with value: 0.20868147345086718 and parameters: {'sigma_noise': 0.25339435985282227, 'A_repulsion': 0.1758293049634444, 'gamma': 0.1355191669295495, 'sigma_update': 0.18215723174357357, 'eta_learning': 1.8967704604096165, 'sigma_boundary': 5.35608657127946, 'alpha': 0.7723150386932405}. Best is trial 2 with value: 0.11436685427297785.
[I 2026-03-04 15:09:54,430] Trial 76 finished with value: 0.13550395731536816 and parameters: {'sigma_noise': 0.16291291153227627, 'A_repulsion': 0.24652833793045564, 'gamma': 0.44704613532538867, 'sigma_update': 0.2776996625408319, 'eta_learning': 1.7615704254969693, 'sigma_boundary': 8.43617796220667, 'alpha': 0.6907634607532853}. Best is trial 2 with value: 0.11436685427297785.
[I 2026-03-04 15:10:01,764] Trial 71 finished with value: 0.7625310962885903 and parameters: {'sigma_noise': 0.24738675469597937, 'A_repulsion': 0.22344523887308, 'gamma': 0.13459723104798246, 'sigma_update': 0.36891613664697454, 'eta_learning': 1.4899314024611623, 'sigma_boundary': 4.425811326753177, 'alpha': 0.31451369515568117}. Best is trial 2 with value: 0.11436685427297785.
[I 2026-03-04 15:10:02,378] Trial 66 finished with value: 0.2541551178573086 and parameters: {'sigma_noise': 0.35396447309647544, 'A_repulsion': 0.4274982963413706, 'gamma': 0.44890251659989183, 'sigma_update': 0.28140972573225026, 'eta_learning': 1.3259888046103099, 'sigma_boundary': 5.591795379209938, 'alpha': 0.5593192439792718}. Best is trial 2 with value: 0.11436685427297785.
[I 2026-03-04 15:10:07,204] Trial 69 finished with value: 0.194016244858008 and parameters: {'sigma_noise': 0.2864644431966249, 'A_repulsion': 0.24930610954480814, 'gamma': 0.4124171836512839, 'sigma_update': 0.2638850134667981, 'eta_learning': 1.9742091984236434, 'sigma_boundary': 8.097701524887455, 'alpha': 0.9127485778180627}. Best is trial 2 with value: 0.11436685427297785.
[I 2026-03-04 15:10:34,769] Trial 78 finished with value: 0.151783307702063 and parameters: {'sigma_noise': 0.22055621507745693, 'A_repulsion': 0.19094336850107504, 'gamma': 0.4774466857950879, 'sigma_update': 0.1884706030527725, 'eta_learning': 1.2213463401007967, 'sigma_boundary': 5.170159078606133, 'alpha': 0.8920181778484759}. Best is trial 2 with value: 0.11436685427297785.
[I 2026-03-04 15:10:38,087] Trial 73 finished with value: 0.21362878483581038 and parameters: {'sigma_noise': 0.32025098215914827, 'A_repulsion': 0.2365843304461966, 'gamma': 0.3309676688438995, 'sigma_update': 0.34423613411114373, 'eta_learning': 1.1437146633172879, 'sigma_boundary': 1.482058032155327, 'alpha': 0.8415952567001928}. Best is trial 2 with value: 0.11436685427297785.
[I 2026-03-04 15:10:45,318] Trial 75 finished with value: 0.27209502144182696 and parameters: {'sigma_noise': 0.3541539187947424, 'A_repulsion': 0.08749054019157847, 'gamma': 0.46153135417802893, 'sigma_update': 0.22797310209873334, 'eta_learning': 2.2330916419216127, 'sigma_boundary': 5.912118481728388, 'alpha': 0.4890033467435005}. Best is trial 2 with value: 0.11436685427297785.
[I 2026-03-04 15:10:53,511] Trial 79 finished with value: 0.18802287604611512 and parameters: {'sigma_noise': 0.22409082260182978, 'A_repulsion': 0.14944084741944386, 'gamma': 0.14554417590178378, 'sigma_update': 0.35851906149863166, 'eta_learning': 1.939641885845866, 'sigma_boundary': 6.682026930838275, 'alpha': 0.8292335925330349}. Best is trial 2 with value: 0.11436685427297785.
[I 2026-03-04 15:11:11,881] Trial 77 finished with value: 0.2024569336635284 and parameters: {'sigma_noise': 0.30014058758179873, 'A_repulsion': 0.16548665075054753, 'gamma': 0.39063252469128923, 'sigma_update': 0.1639673185634663, 'eta_learning': 1.2223146227001203, 'sigma_boundary': 5.6323965347526554, 'alpha': 0.5721913702251175}. Best is trial 2 with value: 0.11436685427297785.
[I 2026-03-04 15:11:13,810] Trial 74 finished with value: 0.3794999444345065 and parameters: {'sigma_noise': 0.290682336331456, 'A_repulsion': 0.27811770897173405, 'gamma': 0.30934173492327866, 'sigma_update': 0.0769264816909811, 'eta_learning': 1.8008869994773458, 'sigma_boundary': 5.24395847032493, 'alpha': 0.8110421380889601}. Best is trial 2 with value: 0.11436685427297785.
[I 2026-03-04 15:14:00,971] Trial 84 finished with value: 0.1592377351672882 and parameters: {'sigma_noise': 0.12453290203387692, 'A_repulsion': 0.18035402010365995, 'gamma': 0.5007208921026535, 'sigma_update': 0.11325568591450336, 'eta_learning': 1.0939305063663978, 'sigma_boundary': 3.6535481132126084, 'alpha': 0.6414408214510618}. Best is trial 2 with value: 0.11436685427297785.
[I 2026-03-04 15:14:42,771] Trial 82 finished with value: 0.25260198979726106 and parameters: {'sigma_noise': 0.2166063927427761, 'A_repulsion': 0.23258178511084776, 'gamma': 0.5365006318084813, 'sigma_update': 0.4619308875683817, 'eta_learning': 2.3083236031562726, 'sigma_boundary': 4.489229966840477, 'alpha': 0.5765946293382295}. Best is trial 2 with value: 0.11436685427297785.
