[I 2026-03-04 14:52:10,664] Trial 165 finished with value: 0.12536207071436614 and parameters: {'sigma_noise': 0.22347316168997988, 'A_repulsion': 0.09729070389130555, 'gamma': 0.5971915187584076, 'sigma_update': 0.19867884191430463, 'eta_learning': 1.259689743391984, 'sigma_boundary': 5.539153371434571, 'alpha': 0.5284947426768392}. Best is trial 144 with value: 0.10231654261724601.
[I 2026-03-04 14:52:41,565] Trial 179 finished with value: 0.17238280194675956 and parameters: {'sigma_noise': 0.11811325904059297, 'A_repulsion': 0.042125849165807354, 'gamma': 0.3792964169423746, 'sigma_update': 0.4413887626351914, 'eta_learning': 0.46936124305358295, 'sigma_boundary': 3.8716328340304234, 'alpha': 0.507533150538503}. Best is trial 144 with value: 0.10231654261724601.
[I 2026-03-04 14:52:43,179] Trial 174 finished with value: 0.11074353167288088 and parameters: {'sigma_noise': 0.1794983779061859, 'A_repulsion': 0.06722709895241111, 'gamma': 0.6103742551627226, 'sigma_update': 0.2433460986480853, 'eta_learning': 2.3664546019174826, 'sigma_boundary': 8.14598062612823, 'alpha': 0.8132253503956525}. Best is trial 144 with value: 0.10231654261724601.
[I 2026-03-04 14:53:30,576] Trial 176 finished with value: 0.13503738824751038 and parameters: {'sigma_noise': 0.13449323212359915, 'A_repulsion': 0.19732110149539486, 'gamma': 0.504165670869448, 'sigma_update': 0.26559450478686314, 'eta_learning': 0.16399568154412858, 'sigma_boundary': 3.3455753465746225, 'alpha': 0.8403767368810346}. Best is trial 144 with value: 0.10231654261724601.
[I 2026-03-04 14:53:43,856] Trial 175 finished with value: 0.13293770739319768 and parameters: {'sigma_noise': 0.2270036789131445, 'A_repulsion': 0.07106353403959555, 'gamma': 0.7318273478057452, 'sigma_update': 0.1413587157381492, 'eta_learning': 0.7896180347072446, 'sigma_boundary': 5.6198222588499736, 'alpha': 0.5046057383966618}. Best is trial 144 with value: 0.10231654261724601.
[I 2026-03-04 14:53:58,004] Trial 169 finished with value: 0.24055061748154358 and parameters: {'sigma_noise': 0.3824561527998, 'A_repulsion': 0.022260875770171787, 'gamma': 0.5770337971466956, 'sigma_update': 0.42181531977154063, 'eta_learning': 0.6019433854068821, 'sigma_boundary': 3.5433873697374794, 'alpha': 0.7485340814758945}. Best is trial 144 with value: 0.10231654261724601.
[I 2026-03-04 14:54:05,900] Trial 183 finished with value: 0.11770226421359098 and parameters: {'sigma_noise': 0.13573316980042727, 'A_repulsion': 0.014361116058655338, 'gamma': 0.5553155140721631, 'sigma_update': 0.2394405742594933, 'eta_learning': 0.7198086842889395, 'sigma_boundary': 3.1380189034213863, 'alpha': 0.7349152873444615}. Best is trial 144 with value: 0.10231654261724601.
[I 2026-03-04 14:54:14,425] Trial 181 finished with value: 0.11475278991719612 and parameters: {'sigma_noise': 0.17482825274269737, 'A_repulsion': 0.016885566703342278, 'gamma': 0.7121857007275544, 'sigma_update': 0.188408443319999, 'eta_learning': 0.6565614279980526, 'sigma_boundary': 7.149532470705646, 'alpha': 0.5713611896859732}. Best is trial 144 with value: 0.10231654261724601.
[I 2026-03-04 14:54:17,390] Trial 172 finished with value: 0.14764874573671957 and parameters: {'sigma_noise': 0.2692381141446357, 'A_repulsion': 0.12114243563279388, 'gamma': 0.4763732605660607, 'sigma_update': 0.25853088469585417, 'eta_learning': 1.6279888664619102, 'sigma_boundary': 2.721242047490292, 'alpha': 0.5582129160341803}. Best is trial 144 with value: 0.10231654261724601.
[I 2026-03-04 14:54:23,151] Trial 189 finished with value: 0.14250112689550376 and parameters: {'sigma_noise': 0.09239145774809272, 'A_repulsion': 0.09974568675787157, 'gamma': 0.6260173029922059, 'sigma_update': 0.2486693606382123, 'eta_learning': 1.269728674021631, 'sigma_boundary': 8.270776774970061, 'alpha': 0.771970033662915}. Best is trial 144 with value: 0.10231654261724601.
[I 2026-03-04 14:54:23,332] Trial 185 finished with value: 0.14083591346101457 and parameters: {'sigma_noise': 0.11784594954324021, 'A_repulsion': 0.08481530620020424, 'gamma': 0.40072268672089084, 'sigma_update': 0.1490221946883366, 'eta_learning': 2.2013401284201266, 'sigma_boundary': 8.045500722591512, 'alpha': 0.664524684792401}. Best is trial 144 with value: 0.10231654261724601.
[I 2026-03-04 14:54:33,667] Trial 173 finished with value: 0.12589289550768945 and parameters: {'sigma_noise': 0.20762076132106005, 'A_repulsion': 0.2712365592508116, 'gamma': 0.6068825933998064, 'sigma_update': 0.2766627058580818, 'eta_learning': 1.3859870436495503, 'sigma_boundary': 6.983132321916359, 'alpha': 0.7365613937301496}. Best is trial 144 with value: 0.10231654261724601.
[I 2026-03-04 14:54:47,544] Trial 184 finished with value: 0.13443481159274195 and parameters: {'sigma_noise': 0.2062388799092572, 'A_repulsion': 0.022431548434123705, 'gamma': 0.7267836061501896, 'sigma_update': 0.2890938532376108, 'eta_learning': 1.031947243524187, 'sigma_boundary': 7.170175419848629, 'alpha': 0.5739549767023133}. Best is trial 144 with value: 0.10231654261724601.
[I 2026-03-04 14:54:57,487] Trial 186 finished with value: 0.13005537555615423 and parameters: {'sigma_noise': 0.15101938689522693, 'A_repulsion': 0.09459521587099261, 'gamma': 0.7846981550757546, 'sigma_update': 0.30265011803988906, 'eta_learning': 1.387485205849718, 'sigma_boundary': 8.406170610483995, 'alpha': 0.7361600669444529}. Best is trial 144 with value: 0.10231654261724601.
[I 2026-03-04 14:54:59,830] Trial 182 finished with value: 0.21243635615029943 and parameters: {'sigma_noise': 0.20961969459038954, 'A_repulsion': 0.04566412326250438, 'gamma': 0.6909479682309722, 'sigma_update': 0.043974346406373516, 'eta_learning': 1.76693276097355, 'sigma_boundary': 6.506043377675046, 'alpha': 0.6711719947968461}. Best is trial 144 with value: 0.10231654261724601.
[I 2026-03-04 14:55:07,231] Trial 187 finished with value: 0.16510708088597842 and parameters: {'sigma_noise': 0.13463137528702696, 'A_repulsion': 0.1687744713822097, 'gamma': 0.9974836618218508, 'sigma_update': 0.10903861498194625, 'eta_learning': 1.0069567526566576, 'sigma_boundary': 4.4608228570428, 'alpha': 0.7020777261109468}. Best is trial 144 with value: 0.10231654261724601.
[I 2026-03-04 14:55:07,370] Trial 194 finished with value: 0.1542670897294905 and parameters: {'sigma_noise': 0.10115766309587976, 'A_repulsion': 0.08421314813487425, 'gamma': 0.8501831615164681, 'sigma_update': 0.06300618762285624, 'eta_learning': 2.0729617998254786, 'sigma_boundary': 5.246787395559675, 'alpha': 0.8079714995464309}. Best is trial 144 with value: 0.10231654261724601.
[I 2026-03-04 14:55:12,825] Trial 192 finished with value: 0.20285223468953034 and parameters: {'sigma_noise': 0.08616560853139132, 'A_repulsion': 0.20031744601109544, 'gamma': 0.6092710458383521, 'sigma_update': 0.09544846887787616, 'eta_learning': 2.21241471856793, 'sigma_boundary': 7.04295960698956, 'alpha': 0.8383364886004974}. Best is trial 144 with value: 0.10231654261724601.
[I 2026-03-04 14:55:13,130] Trial 177 finished with value: 0.21502381819276892 and parameters: {'sigma_noise': 0.24747802260235557, 'A_repulsion': 0.21241752461444538, 'gamma': 0.5269757335901675, 'sigma_update': 0.3945392778226558, 'eta_learning': 1.6211615246260704, 'sigma_boundary': 4.292966861470343, 'alpha': 0.5227592001238209}. Best is trial 144 with value: 0.10231654261724601.
[I 2026-03-04 14:55:14,422] Trial 190 finished with value: 0.12205491534888548 and parameters: {'sigma_noise': 0.13335362036249124, 'A_repulsion': 0.1334476021555745, 'gamma': 0.6505575253927761, 'sigma_update': 0.297254866719065, 'eta_learning': 1.662033990093342, 'sigma_boundary': 7.294711422344459, 'alpha': 0.6689499256617796}. Best is trial 144 with value: 0.10231654261724601.
[I 2026-03-04 14:55:17,661] Trial 178 finished with value: 0.3805193731549201 and parameters: {'sigma_noise': 0.3530591530376136, 'A_repulsion': 0.027102549036155693, 'gamma': 0.4857757728210875, 'sigma_update': 0.34383835084445025, 'eta_learning': 2.4101473190584235, 'sigma_boundary': 5.421812057749981, 'alpha': 0.42660891394187883}. Best is trial 144 with value: 0.10231654261724601.
[I 2026-03-04 14:55:28,135] Trial 180 finished with value: 0.11317634484273123 and parameters: {'sigma_noise': 0.226171324088773, 'A_repulsion': 0.19851939742284916, 'gamma': 0.8215080214161505, 'sigma_update': 0.21055743491638435, 'eta_learning': 1.6709335838263457, 'sigma_boundary': 5.883904268505945, 'alpha': 0.5673634884234136}. Best is trial 144 with value: 0.10231654261724601.
[I 2026-03-04 14:55:30,070] Trial 191 finished with value: 0.11268541970049223 and parameters: {'sigma_noise': 0.16505738206164516, 'A_repulsion': 0.11006229601551829, 'gamma': 0.49725506692244675, 'sigma_update': 0.1955366330355238, 'eta_learning': 1.1122569747938602, 'sigma_boundary': 5.230928689733053, 'alpha': 0.5763282299391033}. Best is trial 144 with value: 0.10231654261724601.
[I 2026-03-04 14:55:32,036] Trial 195 finished with value: 0.12082633061368743 and parameters: {'sigma_noise': 0.16535914235628138, 'A_repulsion': 0.0739185922302605, 'gamma': 0.6816871415451873, 'sigma_update': 0.23700771333550102, 'eta_learning': 1.746839452836549, 'sigma_boundary': 5.165697199072455, 'alpha': 0.9468223896526649}. Best is trial 144 with value: 0.10231654261724601.
[I 2026-03-04 14:55:33,757] Trial 193 finished with value: 0.1972581217777189 and parameters: {'sigma_noise': 0.06653443646780821, 'A_repulsion': 0.3559941729392556, 'gamma': 0.6722910688821196, 'sigma_update': 0.306244490823159, 'eta_learning': 2.246934548679768, 'sigma_boundary': 7.437199168267579, 'alpha': 0.41565128910059046}. Best is trial 144 with value: 0.10231654261724601.
[I 2026-03-04 14:55:45,579] Trial 197 finished with value: 0.409062667240626 and parameters: {'sigma_noise': 0.15769328605972988, 'A_repulsion': 0.10469340088285364, 'gamma': 0.7564509906110899, 'sigma_update': 0.019669881387843147, 'eta_learning': 2.4482462962657974, 'sigma_boundary': 9.929540560823655, 'alpha': 0.5741881081699538}. Best is trial 144 with value: 0.10231654261724601.
[I 2026-03-04 14:55:49,750] Trial 188 finished with value: 0.35542556189195235 and parameters: {'sigma_noise': 0.2729179690862204, 'A_repulsion': 0.19516723918973405, 'gamma': 0.7303933685506853, 'sigma_update': 0.06787009951674063, 'eta_learning': 2.36235135808201, 'sigma_boundary': 9.233353260822305, 'alpha': 0.4786705849886803}. Best is trial 144 with value: 0.10231654261724601.
[I 2026-03-04 14:55:57,541] Trial 198 finished with value: 0.17346779834406506 and parameters: {'sigma_noise': 0.18623710674964183, 'A_repulsion': 0.2967744601083259, 'gamma': 0.31176569537834525, 'sigma_update': 0.3528930681735789, 'eta_learning': 1.1844708080990183, 'sigma_boundary': 7.791413948803577, 'alpha': 0.5242639998994134}. Best is trial 144 with value: 0.10231654261724601.
[I 2026-03-04 14:55:59,758] Trial 196 finished with value: 0.6886662717429748 and parameters: {'sigma_noise': 0.2606728564209277, 'A_repulsion': 0.2635469702394683, 'gamma': 0.7934236563820691, 'sigma_update': 0.19514204483845574, 'eta_learning': 1.2046832558240583, 'sigma_boundary': 7.934077930686663, 'alpha': 0.3504804591243385}. Best is trial 144 with value: 0.10231654261724601.
[I 2026-03-04 14:56:01,101] Trial 199 finished with value: 0.11601760232085682 and parameters: {'sigma_noise': 0.2464377626274475, 'A_repulsion': 0.262895294921655, 'gamma': 0.6990793993844441, 'sigma_update': 0.26585406077077617, 'eta_learning': 1.9764050070836048, 'sigma_boundary': 6.326591052648991, 'alpha': 0.5973171895969596}. Best is trial 144 with value: 0.10231654261724601.
[I 2026-03-04 14:56:13,914] A new study created in memory with name: no-name-46d9608d-cbed-4c72-9332-906279893d61
[I 2026-03-04 15:05:24,335] Trial 28 finished with value: 0.13906443155852632 and parameters: {'sigma_noise': 0.07040021388334715, 'A_repulsion': 0.07690271174239316, 'gamma': 0.5464322724787087, 'sigma_update': 0.38186334766006513, 'eta_learning': 1.084810889869412, 'sigma_boundary': 9.878476910031772, 'alpha': 0.8060521415392581}. Best is trial 28 with value: 0.13906443155852632.
[I 2026-03-04 15:05:28,329] Trial 8 finished with value: 0.0813573077299479 and parameters: {'sigma_noise': 0.0826065965645229, 'A_repulsion': 0.04093434772312765, 'gamma': 0.4866770392996622, 'sigma_update': 0.6719448056425434, 'eta_learning': 0.17140151075556131, 'sigma_boundary': 9.733690406159841, 'alpha': 0.07403482618666357}. Best is trial 8 with value: 0.0813573077299479.
[I 2026-03-04 15:06:29,619] Trial 30 finished with value: 0.3497519358583159 and parameters: {'sigma_noise': 0.08193265676250522, 'A_repulsion': 0.15729096455087643, 'gamma': 0.7376188661547494, 'sigma_update': 0.26037328391645304, 'eta_learning': 1.9655001566277985, 'sigma_boundary': 4.979621477906607, 'alpha': 0.23601693885812114}. Best is trial 8 with value: 0.0813573077299479.
[I 2026-03-04 15:06:49,988] Trial 12 finished with value: 0.10605219526025769 and parameters: {'sigma_noise': 0.15442438438369688, 'A_repulsion': 0.06987029600746864, 'gamma': 0.6028381358266647, 'sigma_update': 0.2592654199128245, 'eta_learning': 0.8539019499992336, 'sigma_boundary': 8.197611390176744, 'alpha': 0.8812597284733521}. Best is trial 8 with value: 0.0813573077299479.
[I 2026-03-04 15:06:50,688] Trial 20 finished with value: 0.2305866813813673 and parameters: {'sigma_noise': 0.17299231613058647, 'A_repulsion': 0.04376424820024594, 'gamma': 0.03497987010810764, 'sigma_update': 0.6393678311364379, 'eta_learning': 0.5641191384136341, 'sigma_boundary': 3.3402073101355185, 'alpha': 0.7667740619648619}. Best is trial 8 with value: 0.0813573077299479.
[I 2026-03-04 15:07:02,726] Trial 39 finished with value: 0.17938241305833263 and parameters: {'sigma_noise': 0.08160733747566104, 'A_repulsion': 0.18066559449459413, 'gamma': 0.9667652652742443, 'sigma_update': 0.27094458893106016, 'eta_learning': 0.02458060500000347, 'sigma_boundary': 6.531806146479155, 'alpha': 0.6417754812036401}. Best is trial 8 with value: 0.0813573077299479.
[I 2026-03-04 15:07:10,477] Trial 19 finished with value: 0.08694317715686606 and parameters: {'sigma_noise': 0.13039778793367085, 'A_repulsion': 0.10265729519956968, 'gamma': 0.21358787687072556, 'sigma_update': 0.08440649699831765, 'eta_learning': 0.18514258651390972, 'sigma_boundary': 8.795665527157896, 'alpha': 0.1569071683496115}. Best is trial 8 with value: 0.0813573077299479.
[I 2026-03-04 15:07:11,412] Trial 10 finished with value: 0.24380055974219056 and parameters: {'sigma_noise': 0.16050394678370633, 'A_repulsion': 0.0685494363446717, 'gamma': 0.11572730810296551, 'sigma_update': 0.5103070280960412, 'eta_learning': 2.0861675676132303, 'sigma_boundary': 9.509546921532245, 'alpha': 0.5490826264022205}. Best is trial 8 with value: 0.0813573077299479.
[I 2026-03-04 15:07:15,575] Trial 37 finished with value: 0.10719650312441571 and parameters: {'sigma_noise': 0.13953550375531343, 'A_repulsion': 0.11977221180714892, 'gamma': 0.22049981242084227, 'sigma_update': 0.10385038508794177, 'eta_learning': 2.1855698509561017, 'sigma_boundary': 1.1332944735395634, 'alpha': 0.4415987189759323}. Best is trial 8 with value: 0.0813573077299479.
[I 2026-03-04 15:07:22,554] Trial 26 finished with value: 0.111473227771791 and parameters: {'sigma_noise': 0.09292628935963872, 'A_repulsion': 0.18993290823970221, 'gamma': 0.8334064934901336, 'sigma_update': 0.2986642254221984, 'eta_learning': 1.5489417043668032, 'sigma_boundary': 8.150328075537491, 'alpha': 0.6417090871881863}. Best is trial 8 with value: 0.0813573077299479.
[I 2026-03-04 15:07:55,739] Trial 23 finished with value: 0.22594297533889937 and parameters: {'sigma_noise': 0.07881644257682746, 'A_repulsion': 0.3606934895830395, 'gamma': 0.985084558639707, 'sigma_update': 0.3016849910126989, 'eta_learning': 0.22882786276939426, 'sigma_boundary': 1.0977232229878664, 'alpha': 0.9772575989049422}. Best is trial 8 with value: 0.0813573077299479.
[I 2026-03-04 15:08:02,263] Trial 29 finished with value: 0.08401646965562742 and parameters: {'sigma_noise': 0.2313982842762769, 'A_repulsion': 0.046377699238596415, 'gamma': 0.9900779753819327, 'sigma_update': 0.29647048269415927, 'eta_learning': 2.820628696541743, 'sigma_boundary': 5.873993748092867, 'alpha': 0.798229282107695}. Best is trial 8 with value: 0.0813573077299479.
[I 2026-03-04 15:08:12,269] Trial 22 finished with value: 0.19004094171927638 and parameters: {'sigma_noise': 0.14554135249508474, 'A_repulsion': 0.2114952443497185, 'gamma': 0.10850753793189015, 'sigma_update': 0.6433732461913143, 'eta_learning': 1.887285283192866, 'sigma_boundary': 4.251573121295474, 'alpha': 0.9315505368365743}. Best is trial 8 with value: 0.0813573077299479.
[I 2026-03-04 15:08:14,238] Trial 14 finished with value: 0.10890568219361293 and parameters: {'sigma_noise': 0.11452152228941342, 'A_repulsion': 0.26497110439369365, 'gamma': 0.9629831386360929, 'sigma_update': 0.026268113969942497, 'eta_learning': 0.8723562108134129, 'sigma_boundary': 6.030826291960414, 'alpha': 0.8742641373857339}. Best is trial 8 with value: 0.0813573077299479.
[I 2026-03-04 15:08:42,531] Trial 13 finished with value: 0.24468698840970443 and parameters: {'sigma_noise': 0.07565519838097945, 'A_repulsion': 0.46385036645787125, 'gamma': 0.20341981081958063, 'sigma_update': 0.0872522845865431, 'eta_learning': 1.452266211904656, 'sigma_boundary': 8.315450951430995, 'alpha': 0.9303206230734741}. Best is trial 8 with value: 0.0813573077299479.
[I 2026-03-04 15:09:09,369] Trial 2 finished with value: 0.222181336313687 and parameters: {'sigma_noise': 0.11122915963801061, 'A_repulsion': 0.4329124785744385, 'gamma': 0.4482702479801856, 'sigma_update': 0.20657541143240163, 'eta_learning': 1.5067385265971496, 'sigma_boundary': 5.9397646111237465, 'alpha': 0.34028671800635857}. Best is trial 8 with value: 0.0813573077299479.
[I 2026-03-04 15:09:11,564] Trial 11 finished with value: 1.6249896894101712 and parameters: {'sigma_noise': 0.0992020351977637, 'A_repulsion': 0.4449877693733704, 'gamma': 0.9398988891032664, 'sigma_update': 0.295969769849107, 'eta_learning': 1.1103502251625799, 'sigma_boundary': 0.9898097330766266, 'alpha': 0.07590122413040612}. Best is trial 8 with value: 0.0813573077299479.
[I 2026-03-04 15:09:17,999] Trial 3 finished with value: 0.21526083775923574 and parameters: {'sigma_noise': 0.09305180436670041, 'A_repulsion': 0.4652708031352111, 'gamma': 0.2271031121144998, 'sigma_update': 0.1535895285696358, 'eta_learning': 1.0582580699066706, 'sigma_boundary': 5.9964582111783615, 'alpha': 0.5893081669025363}. Best is trial 8 with value: 0.0813573077299479.
[I 2026-03-04 15:09:45,920] Trial 0 finished with value: 0.227183443219563 and parameters: {'sigma_noise': 0.1285007390079677, 'A_repulsion': 0.44295790298506194, 'gamma': 0.20665891212796855, 'sigma_update': 0.18112720915944278, 'eta_learning': 2.731039220537052, 'sigma_boundary': 2.381959572530323, 'alpha': 0.8186000678817514}. Best is trial 8 with value: 0.0813573077299479.
[I 2026-03-04 15:10:05,533] Trial 24 finished with value: 0.2939924519501062 and parameters: {'sigma_noise': 0.21856439280348938, 'A_repulsion': 0.28338907972434857, 'gamma': 0.25744575550588333, 'sigma_update': 0.6799586815448885, 'eta_learning': 0.5360823926150793, 'sigma_boundary': 5.317873795102033, 'alpha': 0.7859606661614632}. Best is trial 8 with value: 0.0813573077299479.
[I 2026-03-04 15:10:20,571] Trial 33 finished with value: 0.2197969615650317 and parameters: {'sigma_noise': 0.3944869298605842, 'A_repulsion': 0.040877894737005815, 'gamma': 0.12326119744775528, 'sigma_update': 0.43439341289913297, 'eta_learning': 0.07637156196589619, 'sigma_boundary': 6.02992851920194, 'alpha': 0.6194298642471195}. Best is trial 8 with value: 0.0813573077299479.
[I 2026-03-04 15:10:42,768] Trial 34 finished with value: 1.778476040722191 and parameters: {'sigma_noise': 0.3600852836422174, 'A_repulsion': 0.12606073349590946, 'gamma': 0.07494868989550199, 'sigma_update': 0.3927481382075228, 'eta_learning': 2.8244522113870754, 'sigma_boundary': 5.524445173559294, 'alpha': 0.021363086343801352}. Best is trial 8 with value: 0.0813573077299479.
[I 2026-03-04 15:10:52,576] Trial 36 finished with value: 0.11846221577713273 and parameters: {'sigma_noise': 0.23738698029289207, 'A_repulsion': 0.29706790101591407, 'gamma': 0.9153171582692621, 'sigma_update': 0.1289529434925862, 'eta_learning': 0.709186448890888, 'sigma_boundary': 4.6622136974775, 'alpha': 0.793822183482292}. Best is trial 8 with value: 0.0813573077299479.
[I 2026-03-04 15:10:54,375] Trial 27 finished with value: 0.12270290820980086 and parameters: {'sigma_noise': 0.15998429739855757, 'A_repulsion': 0.4880796982233111, 'gamma': 0.683535015867638, 'sigma_update': 0.4779019872717074, 'eta_learning': 2.517427585099781, 'sigma_boundary': 3.525257689929411, 'alpha': 0.5544050828095972}. Best is trial 8 with value: 0.0813573077299479.
[I 2026-03-04 15:10:59,121] Trial 5 finished with value: 0.17763035103133068 and parameters: {'sigma_noise': 0.36875867267821744, 'A_repulsion': 0.14279893936331833, 'gamma': 0.5400147342017343, 'sigma_update': 0.16937554770937008, 'eta_learning': 0.14107370268741784, 'sigma_boundary': 9.713886111069115, 'alpha': 0.7102450754777992}. Best is trial 8 with value: 0.0813573077299479.
[I 2026-03-04 15:11:06,414] Trial 31 finished with value: 0.19000088303740484 and parameters: {'sigma_noise': 0.30746127800961365, 'A_repulsion': 0.18482975002528984, 'gamma': 0.3495543032773414, 'sigma_update': 0.5490215217306067, 'eta_learning': 0.08203256619450601, 'sigma_boundary': 6.812978664119745, 'alpha': 0.22585369266030253}. Best is trial 8 with value: 0.0813573077299479.
