[I 2026-03-04 16:06:04,742] Trial 196 finished with value: 0.16127229383732447 and parameters: {'sigma_noise': 0.3566541477959861, 'A_repulsion': 0.1700209107467097, 'gamma': 0.6524139845016755, 'sigma_update': 0.26983782646783305, 'eta_learning': 1.446664633985476, 'sigma_boundary': 5.065035347390969, 'alpha': 0.7223173243220101}. Best is trial 8 with value: 0.0813573077299479.
[I 2026-03-04 16:06:08,137] Trial 199 finished with value: 0.10975431219301204 and parameters: {'sigma_noise': 0.23080454836953623, 'A_repulsion': 0.2565870607509316, 'gamma': 0.6235954505261969, 'sigma_update': 0.3048525977704911, 'eta_learning': 1.9296592358828168, 'sigma_boundary': 4.814830794966994, 'alpha': 0.6704739848641705}. Best is trial 8 with value: 0.0813573077299479.
[I 2026-03-04 16:06:08,883] Trial 198 finished with value: 0.18370512732282576 and parameters: {'sigma_noise': 0.28233808060786375, 'A_repulsion': 0.2421772273400789, 'gamma': 0.5844251241560281, 'sigma_update': 0.6168626086938234, 'eta_learning': 1.6096540789049545, 'sigma_boundary': 6.295776243456192, 'alpha': 0.7320049178270182}. Best is trial 8 with value: 0.0813573077299479.
