[I 2026-03-04 15:32:43,294] Trial 139 finished with value: 0.16617797953876806 and parameters: {'sigma_noise': 0.24243105100371082, 'A_repulsion': 0.18587419797025237, 'gamma': 0.624056099517912, 'sigma_update': 0.2755611074187251, 'eta_learning': 1.6111140854843518, 'sigma_boundary': 4.108687268005343, 'alpha': 0.550960960464275}. Best is trial 2 with value: 0.11436685427297785.
[I 2026-03-04 15:33:34,580] Trial 140 finished with value: 0.1670560222623581 and parameters: {'sigma_noise': 0.10096113472026277, 'A_repulsion': 0.18843786142877103, 'gamma': 0.5309925947046326, 'sigma_update': 0.1534652380512974, 'eta_learning': 0.9025046952986127, 'sigma_boundary': 5.988150586884685, 'alpha': 0.8204881015800378}. Best is trial 2 with value: 0.11436685427297785.
[I 2026-03-04 15:35:02,110] Trial 141 finished with value: 0.11720180860308461 and parameters: {'sigma_noise': 0.21628454187173524, 'A_repulsion': 0.22012309330820998, 'gamma': 0.7713395318821096, 'sigma_update': 0.35557491519661655, 'eta_learning': 1.0221650468773498, 'sigma_boundary': 3.857999666794673, 'alpha': 0.7140966126608379}. Best is trial 2 with value: 0.11436685427297785.
[I 2026-03-04 15:35:39,350] Trial 142 finished with value: 0.1294099041606761 and parameters: {'sigma_noise': 0.19898551221641608, 'A_repulsion': 0.25637140983804363, 'gamma': 0.6329922759310949, 'sigma_update': 0.3975695549889265, 'eta_learning': 1.2485422729296862, 'sigma_boundary': 6.78761006442542, 'alpha': 0.8788720652302872}. Best is trial 2 with value: 0.11436685427297785.
[I 2026-03-04 15:35:41,424] Trial 145 finished with value: 0.13481432512922797 and parameters: {'sigma_noise': 0.17116391920985174, 'A_repulsion': 0.27551358771043283, 'gamma': 0.6536803260198955, 'sigma_update': 0.23901914724157508, 'eta_learning': 1.1881330198753035, 'sigma_boundary': 5.9281071342543985, 'alpha': 0.7902163778882464}. Best is trial 2 with value: 0.11436685427297785.
[I 2026-03-04 15:35:49,207] Trial 144 finished with value: 0.16530087768582713 and parameters: {'sigma_noise': 0.22371696968328303, 'A_repulsion': 0.2012093959576563, 'gamma': 0.37724372823730695, 'sigma_update': 0.4779232814143527, 'eta_learning': 1.197473932077343, 'sigma_boundary': 6.081918415909726, 'alpha': 0.9648057252672143}. Best is trial 2 with value: 0.11436685427297785.
[I 2026-03-04 15:36:00,311] Trial 148 finished with value: 0.16289909703583755 and parameters: {'sigma_noise': 0.12628593724822285, 'A_repulsion': 0.32293358130370126, 'gamma': 0.4233998358653924, 'sigma_update': 0.2788588084337668, 'eta_learning': 1.3441495432148902, 'sigma_boundary': 4.859427946572789, 'alpha': 0.8553837983860817}. Best is trial 2 with value: 0.11436685427297785.
[I 2026-03-04 15:36:26,001] Trial 152 finished with value: 0.1434085520422182 and parameters: {'sigma_noise': 0.11621645507938154, 'A_repulsion': 0.2228288717098465, 'gamma': 0.5048472539899982, 'sigma_update': 0.3215307745064714, 'eta_learning': 1.0823155486408418, 'sigma_boundary': 5.823442824032113, 'alpha': 0.7428157893643297}. Best is trial 2 with value: 0.11436685427297785.
[I 2026-03-04 15:36:34,324] Trial 143 finished with value: 0.1548566745033166 and parameters: {'sigma_noise': 0.21835381397981035, 'A_repulsion': 0.4698982335118924, 'gamma': 0.4458154050942366, 'sigma_update': 0.30290419858776507, 'eta_learning': 0.9771639412016955, 'sigma_boundary': 6.442663760084775, 'alpha': 0.6015038465643983}. Best is trial 2 with value: 0.11436685427297785.
[I 2026-03-04 15:36:54,303] Trial 149 finished with value: 0.18994892633759944 and parameters: {'sigma_noise': 0.2109985979076902, 'A_repulsion': 0.18083119493519112, 'gamma': 0.5277183819705312, 'sigma_update': 0.28069570938207294, 'eta_learning': 1.314075437562905, 'sigma_boundary': 4.324040972416638, 'alpha': 0.5004543698585044}. Best is trial 2 with value: 0.11436685427297785.
[I 2026-03-04 15:36:59,635] Trial 147 finished with value: 0.2199374596316047 and parameters: {'sigma_noise': 0.314799134349832, 'A_repulsion': 0.19598135304044584, 'gamma': 0.4916574917592874, 'sigma_update': 0.14765064671811312, 'eta_learning': 1.9186335578068257, 'sigma_boundary': 4.298548912131676, 'alpha': 0.7332428053670351}. Best is trial 2 with value: 0.11436685427297785.
[I 2026-03-04 15:37:01,347] Trial 150 finished with value: 0.12939304180226552 and parameters: {'sigma_noise': 0.17169862616880996, 'A_repulsion': 0.2590738274068272, 'gamma': 0.6246887804071753, 'sigma_update': 0.4482940252398653, 'eta_learning': 1.4272564205086031, 'sigma_boundary': 5.305109341213884, 'alpha': 0.7722363721200384}. Best is trial 2 with value: 0.11436685427297785.
[I 2026-03-04 15:37:27,705] Trial 146 finished with value: 0.2961101504923105 and parameters: {'sigma_noise': 0.373711772370731, 'A_repulsion': 0.32901341975687626, 'gamma': 0.23151314025888595, 'sigma_update': 0.4943247088312937, 'eta_learning': 1.4482475774965384, 'sigma_boundary': 4.974804372267937, 'alpha': 0.884499959875711}. Best is trial 2 with value: 0.11436685427297785.
[I 2026-03-04 15:37:59,372] Trial 151 finished with value: 0.14818545722132892 and parameters: {'sigma_noise': 0.25554428389025674, 'A_repulsion': 0.225250618631347, 'gamma': 0.7368096554155397, 'sigma_update': 0.2371375351893323, 'eta_learning': 0.9382669923572395, 'sigma_boundary': 5.151701663114593, 'alpha': 0.9820181532168814}. Best is trial 2 with value: 0.11436685427297785.
[I 2026-03-04 15:38:16,070] Trial 153 finished with value: 0.13789657013533232 and parameters: {'sigma_noise': 0.1956234649408759, 'A_repulsion': 0.29278758722593307, 'gamma': 0.6003714757784698, 'sigma_update': 0.34605556216963407, 'eta_learning': 1.0739815799537042, 'sigma_boundary': 7.284113678946747, 'alpha': 0.9568977402747811}. Best is trial 2 with value: 0.11436685427297785.
[I 2026-03-04 15:38:36,567] Trial 155 finished with value: 0.1719977709696669 and parameters: {'sigma_noise': 0.16710913330241417, 'A_repulsion': 0.32407079563559993, 'gamma': 0.7716509810666303, 'sigma_update': 0.1289069553705718, 'eta_learning': 1.2457662911855343, 'sigma_boundary': 7.189020018670087, 'alpha': 0.7705914879968203}. Best is trial 2 with value: 0.11436685427297785.
[I 2026-03-04 15:38:45,488] Trial 154 finished with value: 0.15900884916278663 and parameters: {'sigma_noise': 0.22686804007826905, 'A_repulsion': 0.24802739018809128, 'gamma': 0.34400166939366944, 'sigma_update': 0.24873186374140793, 'eta_learning': 1.246826984561047, 'sigma_boundary': 4.143459772520238, 'alpha': 0.558875025985728}. Best is trial 2 with value: 0.11436685427297785.
[I 2026-03-04 15:39:04,250] Trial 157 finished with value: 0.1339606293322754 and parameters: {'sigma_noise': 0.1847833265469096, 'A_repulsion': 0.2324999280599654, 'gamma': 0.6446369109239333, 'sigma_update': 0.3054502287833418, 'eta_learning': 0.47104657939144406, 'sigma_boundary': 7.010913023618878, 'alpha': 0.8837549303477465}. Best is trial 2 with value: 0.11436685427297785.
[I 2026-03-04 15:39:14,772] Trial 156 finished with value: 0.19438325659603292 and parameters: {'sigma_noise': 0.22917877968984685, 'A_repulsion': 0.2627614602345574, 'gamma': 0.39112635280376434, 'sigma_update': 0.35581753929088406, 'eta_learning': 0.6426138332999326, 'sigma_boundary': 5.4852163223830965, 'alpha': 0.6086260984503552}. Best is trial 2 with value: 0.11436685427297785.
[I 2026-03-04 15:39:15,881] Trial 158 finished with value: 0.23734073047341353 and parameters: {'sigma_noise': 0.1525430010760649, 'A_repulsion': 0.3089177596948584, 'gamma': 0.2035990814091809, 'sigma_update': 0.09673065110544472, 'eta_learning': 0.7066235682877159, 'sigma_boundary': 6.462476310385373, 'alpha': 0.5659109478654258}. Best is trial 2 with value: 0.11436685427297785.
[I 2026-03-04 15:40:22,866] Trial 160 finished with value: 0.125293019908359 and parameters: {'sigma_noise': 0.19042630332908478, 'A_repulsion': 0.2423099862158778, 'gamma': 0.4792319890019763, 'sigma_update': 0.2209242247377562, 'eta_learning': 1.1032487133823567, 'sigma_boundary': 2.435029056483605, 'alpha': 0.5896740635252807}. Best is trial 2 with value: 0.11436685427297785.
[I 2026-03-04 15:40:24,100] Trial 159 finished with value: 0.1549724510937314 and parameters: {'sigma_noise': 0.216409074262224, 'A_repulsion': 0.3678277926644272, 'gamma': 0.6499211793605518, 'sigma_update': 0.25277801392406274, 'eta_learning': 0.26864998500516435, 'sigma_boundary': 5.389686463341665, 'alpha': 0.8299004439143554}. Best is trial 2 with value: 0.11436685427297785.
[I 2026-03-04 15:41:22,184] Trial 161 finished with value: 0.17254659363198216 and parameters: {'sigma_noise': 0.15232295529085538, 'A_repulsion': 0.2298760344793921, 'gamma': 0.5473941516299595, 'sigma_update': 0.1401505716890237, 'eta_learning': 0.5656778876651961, 'sigma_boundary': 5.630022792448751, 'alpha': 0.9942929746373614}. Best is trial 2 with value: 0.11436685427297785.
[I 2026-03-04 15:42:42,797] Trial 163 finished with value: 0.14409737841665757 and parameters: {'sigma_noise': 0.24834344416524257, 'A_repulsion': 0.20109178027844948, 'gamma': 0.5872417325804524, 'sigma_update': 0.1794430304466109, 'eta_learning': 1.9193736155246717, 'sigma_boundary': 4.5251602880089, 'alpha': 0.745696041829732}. Best is trial 2 with value: 0.11436685427297785.
[I 2026-03-04 15:43:07,874] Trial 164 finished with value: 0.16790727620880758 and parameters: {'sigma_noise': 0.20420201889331824, 'A_repulsion': 0.3166686370819266, 'gamma': 0.46790069458160366, 'sigma_update': 0.4224918996784819, 'eta_learning': 1.0928219555954972, 'sigma_boundary': 6.185663610537215, 'alpha': 0.7017772725049349}. Best is trial 2 with value: 0.11436685427297785.
[I 2026-03-04 15:43:15,594] Trial 169 finished with value: 0.1262287670065313 and parameters: {'sigma_noise': 0.1967169826039158, 'A_repulsion': 0.18334487493178941, 'gamma': 0.5108971532643091, 'sigma_update': 0.25649543002965763, 'eta_learning': 0.9744949351304304, 'sigma_boundary': 5.330159103855734, 'alpha': 0.7861142564911148}. Best is trial 2 with value: 0.11436685427297785.
[I 2026-03-04 15:43:19,761] Trial 162 finished with value: 0.2160722744897497 and parameters: {'sigma_noise': 0.26907282364501145, 'A_repulsion': 0.2921318660757298, 'gamma': 0.4400049840674369, 'sigma_update': 0.12882047918554757, 'eta_learning': 0.4889967352276305, 'sigma_boundary': 6.318990085830268, 'alpha': 0.6484106155390696}. Best is trial 2 with value: 0.11436685427297785.
[I 2026-03-04 15:43:25,156] Trial 167 finished with value: 0.136275494605808 and parameters: {'sigma_noise': 0.21088431820698, 'A_repulsion': 0.22130242047767673, 'gamma': 0.5503614436479127, 'sigma_update': 0.27126204918360974, 'eta_learning': 0.8603321921606176, 'sigma_boundary': 4.923295568262435, 'alpha': 0.7051750738756074}. Best is trial 2 with value: 0.11436685427297785.
[I 2026-03-04 15:43:26,267] Trial 170 finished with value: 0.18819749363312535 and parameters: {'sigma_noise': 0.14890331465800932, 'A_repulsion': 0.2624566571642346, 'gamma': 0.30099183793843254, 'sigma_update': 0.14510625627026483, 'eta_learning': 0.8816607606763777, 'sigma_boundary': 3.807049116497955, 'alpha': 0.7200579708289597}. Best is trial 2 with value: 0.11436685427297785.
[I 2026-03-04 15:43:40,770] Trial 171 finished with value: 0.1293155804599032 and parameters: {'sigma_noise': 0.15532081997267672, 'A_repulsion': 0.19083668439218487, 'gamma': 0.49801659791333147, 'sigma_update': 0.2486152765110501, 'eta_learning': 1.5568313647388947, 'sigma_boundary': 5.238391085236629, 'alpha': 0.8334191779530548}. Best is trial 2 with value: 0.11436685427297785.
[I 2026-03-04 15:43:43,763] Trial 165 finished with value: 0.16674100149783408 and parameters: {'sigma_noise': 0.29382918718945744, 'A_repulsion': 0.2068703177569638, 'gamma': 0.6832989818791764, 'sigma_update': 0.30310315982897384, 'eta_learning': 1.2085868306762202, 'sigma_boundary': 3.471942609217675, 'alpha': 0.7509651696291351}. Best is trial 2 with value: 0.11436685427297785.
[I 2026-03-04 15:44:16,104] Trial 166 finished with value: 0.20080560622580637 and parameters: {'sigma_noise': 0.31768752575305814, 'A_repulsion': 0.25173570589131394, 'gamma': 0.5862922168876655, 'sigma_update': 0.2408406737633473, 'eta_learning': 0.862327196155202, 'sigma_boundary': 4.496482677867873, 'alpha': 0.5437148979833601}. Best is trial 2 with value: 0.11436685427297785.
[I 2026-03-04 15:44:38,197] Trial 168 finished with value: 0.3520117138615031 and parameters: {'sigma_noise': 0.276877209057269, 'A_repulsion': 0.24661593443014038, 'gamma': 0.49275587956968814, 'sigma_update': 0.06673009728160419, 'eta_learning': 1.7581045705923144, 'sigma_boundary': 3.310155651964425, 'alpha': 0.6408816182049173}. Best is trial 2 with value: 0.11436685427297785.
[I 2026-03-04 15:45:17,512] Trial 175 finished with value: 0.14866662523568147 and parameters: {'sigma_noise': 0.16603453528889558, 'A_repulsion': 0.27840949593997705, 'gamma': 0.2710489360355848, 'sigma_update': 0.2577204155093786, 'eta_learning': 1.22663668556592, 'sigma_boundary': 4.887973777702397, 'alpha': 0.7100105584001111}. Best is trial 2 with value: 0.11436685427297785.
[I 2026-03-04 15:45:42,962] Trial 173 finished with value: 0.17218662485805009 and parameters: {'sigma_noise': 0.27121618605757025, 'A_repulsion': 0.20412092427076825, 'gamma': 0.699928981068247, 'sigma_update': 0.11811126645308803, 'eta_learning': 2.000561534239609, 'sigma_boundary': 5.899638867196468, 'alpha': 0.7329109234880478}. Best is trial 2 with value: 0.11436685427297785.
[I 2026-03-04 15:45:44,946] Trial 172 finished with value: 0.2291871729396408 and parameters: {'sigma_noise': 0.26576385861407315, 'A_repulsion': 0.30622763320295, 'gamma': 0.22444726419508496, 'sigma_update': 0.15678114446350713, 'eta_learning': 1.3711755776846148, 'sigma_boundary': 4.916318361074222, 'alpha': 0.7687160531660232}. Best is trial 2 with value: 0.11436685427297785.
[I 2026-03-04 15:45:47,637] Trial 176 finished with value: 0.13341244961910945 and parameters: {'sigma_noise': 0.14891027355628728, 'A_repulsion': 0.31801126693693144, 'gamma': 0.662462263395369, 'sigma_update': 0.18310018147585375, 'eta_learning': 2.1012457223268655, 'sigma_boundary': 2.5716602508206923, 'alpha': 0.6639334279598221}. Best is trial 2 with value: 0.11436685427297785.
[I 2026-03-04 15:45:53,639] Trial 174 finished with value: 0.4115074380810226 and parameters: {'sigma_noise': 0.2244511367355987, 'A_repulsion': 0.24719635768194506, 'gamma': 0.5153100807230157, 'sigma_update': 0.06075225310681559, 'eta_learning': 1.6787277495522341, 'sigma_boundary': 4.211140897872312, 'alpha': 0.8205886313427853}. Best is trial 2 with value: 0.11436685427297785.
[I 2026-03-04 15:46:10,436] Trial 177 finished with value: 0.1573790493120576 and parameters: {'sigma_noise': 0.14374890429035975, 'A_repulsion': 0.38560576859078083, 'gamma': 0.5390200524379333, 'sigma_update': 0.30183664134538674, 'eta_learning': 1.5190987406391347, 'sigma_boundary': 4.406295467422333, 'alpha': 0.8780044580671731}. Best is trial 2 with value: 0.11436685427297785.
[I 2026-03-04 15:46:31,509] Trial 179 finished with value: 0.145288389917987 and parameters: {'sigma_noise': 0.12039679306144513, 'A_repulsion': 0.21291239315333757, 'gamma': 0.5774144168115787, 'sigma_update': 0.28450129066415336, 'eta_learning': 1.8136832711913013, 'sigma_boundary': 6.948890340847346, 'alpha': 0.8114348350540133}. Best is trial 2 with value: 0.11436685427297785.
[I 2026-03-04 15:46:48,511] Trial 178 finished with value: 0.3323420568494164 and parameters: {'sigma_noise': 0.23211689878032543, 'A_repulsion': 0.2883706236511655, 'gamma': 0.5285614581273504, 'sigma_update': 0.07607425648065344, 'eta_learning': 1.227069944045936, 'sigma_boundary': 3.5902414523799284, 'alpha': 0.8041717445625802}. Best is trial 2 with value: 0.11436685427297785.
[I 2026-03-04 15:47:40,909] Trial 180 finished with value: 0.16273303370128878 and parameters: {'sigma_noise': 0.22833543017581176, 'A_repulsion': 0.26865518893481005, 'gamma': 0.5276275315342289, 'sigma_update': 0.4115395051942316, 'eta_learning': 0.9764089541372587, 'sigma_boundary': 3.929558224165083, 'alpha': 0.7200136844888234}. Best is trial 2 with value: 0.11436685427297785.
[I 2026-03-04 15:48:47,018] Trial 181 finished with value: 0.14385954141601864 and parameters: {'sigma_noise': 0.2417071129412638, 'A_repulsion': 0.2484004486589795, 'gamma': 0.6671874024100838, 'sigma_update': 0.27228592274488733, 'eta_learning': 1.1445525629233662, 'sigma_boundary': 3.189363695735664, 'alpha': 0.9606073861781577}. Best is trial 2 with value: 0.11436685427297785.
[I 2026-03-04 15:49:12,215] Trial 183 finished with value: 0.1675294349901195 and parameters: {'sigma_noise': 0.1478606031466349, 'A_repulsion': 0.18279110505383095, 'gamma': 0.5103690883131661, 'sigma_update': 0.10045810086340505, 'eta_learning': 1.9135138035298433, 'sigma_boundary': 4.012379858549756, 'alpha': 0.6095358606456248}. Best is trial 2 with value: 0.11436685427297785.
[I 2026-03-04 15:49:29,124] Trial 189 finished with value: 0.21085951257777694 and parameters: {'sigma_noise': 0.14262206845495623, 'A_repulsion': 0.1790024603421197, 'gamma': 0.41976558443522094, 'sigma_update': 0.3236740120476363, 'eta_learning': 1.0869823433377264, 'sigma_boundary': 4.13654548494201, 'alpha': 0.4956744699070259}. Best is trial 2 with value: 0.11436685427297785.
[I 2026-03-04 15:49:54,929] Trial 184 finished with value: 0.16071558564860006 and parameters: {'sigma_noise': 0.19356261953019877, 'A_repulsion': 0.23795687093028983, 'gamma': 0.46984877044203277, 'sigma_update': 0.34030173094667626, 'eta_learning': 0.9674084854517069, 'sigma_boundary': 1.6588616985342466, 'alpha': 0.5906868022572622}. Best is trial 2 with value: 0.11436685427297785.
[I 2026-03-04 15:50:03,608] Trial 186 finished with value: 0.13999964363111095 and parameters: {'sigma_noise': 0.19212535589791735, 'A_repulsion': 0.25898781328178405, 'gamma': 0.544301285664723, 'sigma_update': 0.23240231924133134, 'eta_learning': 0.8913151530349892, 'sigma_boundary': 5.058114034582626, 'alpha': 0.5169383539633386}. Best is trial 2 with value: 0.11436685427297785.
[I 2026-03-04 15:50:06,849] Trial 185 finished with value: 0.14137609926340938 and parameters: {'sigma_noise': 0.18196714131024705, 'A_repulsion': 0.2761672739105508, 'gamma': 0.5063345774195879, 'sigma_update': 0.34856524778450354, 'eta_learning': 0.8677524363166472, 'sigma_boundary': 2.5271439616209648, 'alpha': 0.6736392201842303}. Best is trial 2 with value: 0.11436685427297785.
[I 2026-03-04 15:50:12,062] Trial 182 finished with value: 0.2522972935836895 and parameters: {'sigma_noise': 0.24178524286855646, 'A_repulsion': 0.2569766220990159, 'gamma': 0.5253353314378043, 'sigma_update': 0.07953283661874236, 'eta_learning': 1.3071422421711865, 'sigma_boundary': 4.467015325074251, 'alpha': 0.7034275249758499}. Best is trial 2 with value: 0.11436685427297785.
[I 2026-03-04 15:50:16,331] Trial 188 finished with value: 0.23497201623295888 and parameters: {'sigma_noise': 0.22354188632810973, 'A_repulsion': 0.20474323447891196, 'gamma': 0.6261279233195454, 'sigma_update': 0.25910286297205526, 'eta_learning': 1.182061410476017, 'sigma_boundary': 4.801693386857245, 'alpha': 0.4254435760930407}. Best is trial 2 with value: 0.11436685427297785.
[I 2026-03-04 15:50:32,029] Trial 190 finished with value: 0.1421432244310501 and parameters: {'sigma_noise': 0.22780231788263994, 'A_repulsion': 0.17551086507701225, 'gamma': 0.546123226575316, 'sigma_update': 0.21791228609717872, 'eta_learning': 1.0037368510066955, 'sigma_boundary': 1.696213794151661, 'alpha': 0.5662986709651376}. Best is trial 2 with value: 0.11436685427297785.
[I 2026-03-04 15:50:45,510] Trial 193 finished with value: 0.1552248722518182 and parameters: {'sigma_noise': 0.08721857061116474, 'A_repulsion': 0.2374548983780028, 'gamma': 0.5340669807692171, 'sigma_update': 0.3249882071101709, 'eta_learning': 1.288326369877176, 'sigma_boundary': 4.054298470531501, 'alpha': 0.7002366116514763}. Best is trial 2 with value: 0.11436685427297785.
[I 2026-03-04 15:50:46,586] Trial 187 finished with value: 0.18133638168927407 and parameters: {'sigma_noise': 0.2913650640869567, 'A_repulsion': 0.33633075747512353, 'gamma': 0.42651222319250864, 'sigma_update': 0.2690177732341825, 'eta_learning': 1.1264403656860047, 'sigma_boundary': 2.257931731016543, 'alpha': 0.6125718551743182}. Best is trial 2 with value: 0.11436685427297785.
[I 2026-03-04 15:50:57,566] Trial 194 finished with value: 0.14514311933588492 and parameters: {'sigma_noise': 0.1276723995273664, 'A_repulsion': 0.22229636592827443, 'gamma': 0.5318942889044753, 'sigma_update': 0.25704565289476217, 'eta_learning': 0.9263958864535692, 'sigma_boundary': 4.075376089247989, 'alpha': 0.5780671444988776}. Best is trial 2 with value: 0.11436685427297785.
[I 2026-03-04 15:51:06,132] Trial 195 finished with value: 0.1297078588537023 and parameters: {'sigma_noise': 0.18887983053363316, 'A_repulsion': 0.1544963278353857, 'gamma': 0.4143966402233615, 'sigma_update': 0.21078877620773656, 'eta_learning': 0.7049583543639616, 'sigma_boundary': 4.232136544674206, 'alpha': 0.7163718781447569}. Best is trial 2 with value: 0.11436685427297785.
[I 2026-03-04 15:51:10,980] Trial 191 finished with value: 0.18416145036282527 and parameters: {'sigma_noise': 0.2692649990102766, 'A_repulsion': 0.28689451286737994, 'gamma': 0.5543646694697748, 'sigma_update': 0.28886988907472194, 'eta_learning': 1.799695310454989, 'sigma_boundary': 4.915797999533289, 'alpha': 0.5436332946141017}. Best is trial 2 with value: 0.11436685427297785.
[I 2026-03-04 15:51:16,903] Trial 197 finished with value: 0.2027740752463271 and parameters: {'sigma_noise': 0.22771782774575589, 'A_repulsion': 0.1106881191782903, 'gamma': 0.5681523384929, 'sigma_update': 0.2856254978500563, 'eta_learning': 0.7089541561992722, 'sigma_boundary': 3.7125542149728457, 'alpha': 0.46660478481931894}. Best is trial 2 with value: 0.11436685427297785.
