[I 2026-03-04 15:28:26,057] Trial 89 finished with value: 0.17599352343756786 and parameters: {'sigma_noise': 0.148502915444421, 'A_repulsion': 0.14089181240046927, 'gamma': 0.9177446968135975, 'sigma_update': 0.6826256672016289, 'eta_learning': 1.8635935679752804, 'sigma_boundary': 1.3494240483829072, 'alpha': 0.624899794078606}. Best is trial 38 with value: 0.1052792563388611.
[I 2026-03-04 15:28:42,951] Trial 94 finished with value: 0.13244165988413936 and parameters: {'sigma_noise': 0.15939017609709807, 'A_repulsion': 0.0709086989777662, 'gamma': 0.4989925323235101, 'sigma_update': 0.19096164361471216, 'eta_learning': 1.6781021001048797, 'sigma_boundary': 2.7036658486781446, 'alpha': 0.8852909365847037}. Best is trial 38 with value: 0.1052792563388611.
[I 2026-03-04 15:28:43,981] Trial 87 finished with value: 0.21411656556505426 and parameters: {'sigma_noise': 0.1540037702971474, 'A_repulsion': 0.2282318373902198, 'gamma': 0.5622175210760885, 'sigma_update': 0.5421092343513683, 'eta_learning': 0.8897223578985276, 'sigma_boundary': 5.958265115355393, 'alpha': 0.6188358298939094}. Best is trial 38 with value: 0.1052792563388611.
[I 2026-03-04 15:28:50,528] Trial 80 finished with value: 0.18614059676061262 and parameters: {'sigma_noise': 0.3257601487199898, 'A_repulsion': 0.18381010248382612, 'gamma': 0.20283649938579784, 'sigma_update': 0.27991908738420607, 'eta_learning': 2.1271317631169677, 'sigma_boundary': 3.7867700051217934, 'alpha': 0.5478617757309586}. Best is trial 38 with value: 0.1052792563388611.
[I 2026-03-04 15:28:58,622] Trial 83 finished with value: 0.18513425858502702 and parameters: {'sigma_noise': 0.29216760521165996, 'A_repulsion': 0.08331101732800991, 'gamma': 0.5078483604506543, 'sigma_update': 0.38445497817673674, 'eta_learning': 2.28993531073234, 'sigma_boundary': 2.4690919757411898, 'alpha': 0.6953190767479132}. Best is trial 38 with value: 0.1052792563388611.
[I 2026-03-04 15:29:10,668] Trial 96 finished with value: 0.12293352674772565 and parameters: {'sigma_noise': 0.11959034717748185, 'A_repulsion': 0.052977260318545105, 'gamma': 0.5894925414336436, 'sigma_update': 0.10827001542880936, 'eta_learning': 2.0313392756405313, 'sigma_boundary': 7.030924806510834, 'alpha': 0.8059392489578016}. Best is trial 38 with value: 0.1052792563388611.
[I 2026-03-04 15:30:37,972] Trial 88 finished with value: 0.13571846967803947 and parameters: {'sigma_noise': 0.2929144229971587, 'A_repulsion': 0.24639525248246613, 'gamma': 0.7628246369286074, 'sigma_update': 0.2998235613931378, 'eta_learning': 2.172129559020842, 'sigma_boundary': 5.111124734677182, 'alpha': 0.6366273151758943}. Best is trial 38 with value: 0.1052792563388611.
[I 2026-03-04 15:30:45,912] Trial 95 finished with value: 0.13473749099387583 and parameters: {'sigma_noise': 0.15752676940896893, 'A_repulsion': 0.18417205801376593, 'gamma': 0.6137478559145255, 'sigma_update': 0.11864931228399192, 'eta_learning': 1.7681608808638265, 'sigma_boundary': 2.993134579717753, 'alpha': 0.6410751962599402}. Best is trial 38 with value: 0.1052792563388611.
[I 2026-03-04 15:30:57,311] Trial 101 finished with value: 0.1396888681626983 and parameters: {'sigma_noise': 0.18584376985640716, 'A_repulsion': 0.11545842708267906, 'gamma': 0.6585319268671946, 'sigma_update': 0.37889811394629475, 'eta_learning': 1.5419847185629132, 'sigma_boundary': 3.1900827615917215, 'alpha': 0.6037967197956868}. Best is trial 38 with value: 0.1052792563388611.
[I 2026-03-04 15:30:58,629] Trial 92 finished with value: 0.2540840681562982 and parameters: {'sigma_noise': 0.19712677914853227, 'A_repulsion': 0.3113581192595602, 'gamma': 0.5413059459316739, 'sigma_update': 0.36758083403178904, 'eta_learning': 1.7117540024436082, 'sigma_boundary': 4.830802148344921, 'alpha': 0.4682125734925459}. Best is trial 38 with value: 0.1052792563388611.
[I 2026-03-04 15:31:12,031] Trial 93 finished with value: 0.13823052069173247 and parameters: {'sigma_noise': 0.20317464109556016, 'A_repulsion': 0.27465727432904075, 'gamma': 0.5630136457471575, 'sigma_update': 0.3920075563743166, 'eta_learning': 2.2583852849509514, 'sigma_boundary': 5.053060825078175, 'alpha': 0.6630661033532661}. Best is trial 38 with value: 0.1052792563388611.
[I 2026-03-04 15:31:14,913] Trial 86 finished with value: 0.5176876355765548 and parameters: {'sigma_noise': 0.2593368032162821, 'A_repulsion': 0.3012719069393269, 'gamma': 0.3231312768324136, 'sigma_update': 0.4337808730195928, 'eta_learning': 1.9882631121598362, 'sigma_boundary': 4.995822616024773, 'alpha': 0.42182509101789945}. Best is trial 38 with value: 0.1052792563388611.
[I 2026-03-04 15:31:17,093] Trial 90 finished with value: 0.14969273043337417 and parameters: {'sigma_noise': 0.3356069470177466, 'A_repulsion': 0.19996961795383947, 'gamma': 0.6305679272377287, 'sigma_update': 0.30208156989530743, 'eta_learning': 2.0034512666316795, 'sigma_boundary': 6.054905200616873, 'alpha': 0.8778205023144529}. Best is trial 38 with value: 0.1052792563388611.
[I 2026-03-04 15:31:31,311] Trial 103 finished with value: 0.2638172037238032 and parameters: {'sigma_noise': 0.14107198807509985, 'A_repulsion': 0.14758551449612706, 'gamma': 0.5277271513667602, 'sigma_update': 0.3780177810579325, 'eta_learning': 1.7083587390752903, 'sigma_boundary': 4.960535566974823, 'alpha': 0.4370648503476878}. Best is trial 38 with value: 0.1052792563388611.
[I 2026-03-04 15:31:37,849] Trial 85 finished with value: 0.18999858512583914 and parameters: {'sigma_noise': 0.35726204593389693, 'A_repulsion': 0.28045460507978975, 'gamma': 0.6438967304307932, 'sigma_update': 0.24858488015384014, 'eta_learning': 1.8719812395342315, 'sigma_boundary': 5.629867607542896, 'alpha': 0.6210794717078825}. Best is trial 38 with value: 0.1052792563388611.
[I 2026-03-04 15:31:39,004] Trial 97 finished with value: 0.16464425634795835 and parameters: {'sigma_noise': 0.07957902374231295, 'A_repulsion': 0.45702495741810484, 'gamma': 0.7412821453547501, 'sigma_update': 0.28367364418049296, 'eta_learning': 1.633933872862009, 'sigma_boundary': 5.490645937829976, 'alpha': 0.6351828458701495}. Best is trial 38 with value: 0.1052792563388611.
[I 2026-03-04 15:32:20,494] Trial 91 finished with value: 0.11532456917111801 and parameters: {'sigma_noise': 0.2500871278471069, 'A_repulsion': 0.4496349748202588, 'gamma': 0.84229083321316, 'sigma_update': 0.3392645777207062, 'eta_learning': 1.9073583827685667, 'sigma_boundary': 1.9124896789191317, 'alpha': 0.6290137027447552}. Best is trial 38 with value: 0.1052792563388611.
[I 2026-03-04 15:32:30,285] Trial 105 finished with value: 0.137571066610282 and parameters: {'sigma_noise': 0.227083041631645, 'A_repulsion': 0.10113102734871648, 'gamma': 0.6055774067579025, 'sigma_update': 0.09000592205153155, 'eta_learning': 2.5982342950527486, 'sigma_boundary': 3.0390218699076685, 'alpha': 0.5069256114363137}. Best is trial 38 with value: 0.1052792563388611.
[I 2026-03-04 15:32:35,317] Trial 107 finished with value: 0.12301538731651067 and parameters: {'sigma_noise': 0.1590154290265725, 'A_repulsion': 0.2154152869234343, 'gamma': 0.8130359066374288, 'sigma_update': 0.33265026549639326, 'eta_learning': 2.2474281691626783, 'sigma_boundary': 5.838613056223373, 'alpha': 0.5960066878585035}. Best is trial 38 with value: 0.1052792563388611.
[I 2026-03-04 15:32:49,567] Trial 106 finished with value: 0.13577871555431476 and parameters: {'sigma_noise': 0.16688257827726882, 'A_repulsion': 0.23407714737998678, 'gamma': 0.5906033400209297, 'sigma_update': 0.32242044106110385, 'eta_learning': 0.6776470379682816, 'sigma_boundary': 4.512271291874459, 'alpha': 0.6438232667695711}. Best is trial 38 with value: 0.1052792563388611.
[I 2026-03-04 15:33:03,548] Trial 99 finished with value: 0.12051986977053185 and parameters: {'sigma_noise': 0.2194108683879304, 'A_repulsion': 0.26704990082033053, 'gamma': 0.7710763438155749, 'sigma_update': 0.14726426841634102, 'eta_learning': 1.851887330077587, 'sigma_boundary': 2.4048180272131985, 'alpha': 0.8400792270782919}. Best is trial 38 with value: 0.1052792563388611.
[I 2026-03-04 15:33:06,413] Trial 98 finished with value: 0.4600152030201069 and parameters: {'sigma_noise': 0.2448209919690914, 'A_repulsion': 0.2474430484955887, 'gamma': 0.7621406593642435, 'sigma_update': 0.36393748212442434, 'eta_learning': 1.302481368902468, 'sigma_boundary': 4.496950019666535, 'alpha': 0.3839720380718782}. Best is trial 38 with value: 0.1052792563388611.
[I 2026-03-04 15:33:39,175] Trial 102 finished with value: 0.12211099799508104 and parameters: {'sigma_noise': 0.23731561043453858, 'A_repulsion': 0.25547061239295227, 'gamma': 0.6477372850965976, 'sigma_update': 0.2561995374117688, 'eta_learning': 2.0214173448784067, 'sigma_boundary': 2.147018971662158, 'alpha': 0.5324510147944106}. Best is trial 38 with value: 0.1052792563388611.
[I 2026-03-04 15:33:58,847] Trial 104 finished with value: 0.12180347632995085 and parameters: {'sigma_noise': 0.20458144953125584, 'A_repulsion': 0.2860009610243194, 'gamma': 0.6994687559581132, 'sigma_update': 0.21714271819299072, 'eta_learning': 1.7731742700136819, 'sigma_boundary': 0.5863822810123471, 'alpha': 0.6857712836218324}. Best is trial 38 with value: 0.1052792563388611.
[I 2026-03-04 15:34:20,825] Trial 117 finished with value: 0.11952630551643417 and parameters: {'sigma_noise': 0.17964039774584944, 'A_repulsion': 0.07413605983493021, 'gamma': 0.8675029100472282, 'sigma_update': 0.33705960735214824, 'eta_learning': 1.4001715969037136, 'sigma_boundary': 1.584362564111284, 'alpha': 0.8502217590395711}. Best is trial 38 with value: 0.1052792563388611.
[I 2026-03-04 15:34:31,623] Trial 108 finished with value: 1.5376060689998028 and parameters: {'sigma_noise': 0.20519218471067296, 'A_repulsion': 0.29117594597128504, 'gamma': 0.4401779088404459, 'sigma_update': 0.18397311157508986, 'eta_learning': 1.7550935234054421, 'sigma_boundary': 3.1738028449241753, 'alpha': 0.2270424502688802}. Best is trial 38 with value: 0.1052792563388611.
[I 2026-03-04 15:34:49,935] Trial 100 finished with value: 0.21254607560529953 and parameters: {'sigma_noise': 0.32490905981405155, 'A_repulsion': 0.31335737594596513, 'gamma': 0.6424736563233445, 'sigma_update': 0.30451801830865977, 'eta_learning': 1.8494578744490184, 'sigma_boundary': 2.0542806241973857, 'alpha': 0.5381699048128751}. Best is trial 38 with value: 0.1052792563388611.
[I 2026-03-04 15:35:38,319] Trial 109 finished with value: 0.37322639853596 and parameters: {'sigma_noise': 0.3189125074851089, 'A_repulsion': 0.24532389844238295, 'gamma': 0.49888517312267283, 'sigma_update': 0.441046904413066, 'eta_learning': 2.307035685090994, 'sigma_boundary': 2.6611353713523997, 'alpha': 0.5147122698593054}. Best is trial 38 with value: 0.1052792563388611.
[I 2026-03-04 15:35:41,031] Trial 116 finished with value: 0.10050767499349628 and parameters: {'sigma_noise': 0.20512545776008384, 'A_repulsion': 0.17229479104390272, 'gamma': 0.8831648276085127, 'sigma_update': 0.18859133690037427, 'eta_learning': 2.3286009087346025, 'sigma_boundary': 2.7503488372454235, 'alpha': 0.7071456515904792}. Best is trial 116 with value: 0.10050767499349628.
[I 2026-03-04 15:35:47,083] Trial 112 finished with value: 0.14495046838842773 and parameters: {'sigma_noise': 0.1823219245630252, 'A_repulsion': 0.2786877739247269, 'gamma': 0.6177524850365563, 'sigma_update': 0.4232317551490849, 'eta_learning': 1.5892602088167411, 'sigma_boundary': 1.198290591904161, 'alpha': 0.6019362578544633}. Best is trial 116 with value: 0.10050767499349628.
[I 2026-03-04 15:35:57,489] Trial 119 finished with value: 0.1472434650509922 and parameters: {'sigma_noise': 0.17692797894133178, 'A_repulsion': 0.20384430371304682, 'gamma': 0.8236817406854426, 'sigma_update': 0.28699657159590586, 'eta_learning': 1.6704129784618527, 'sigma_boundary': 4.037124594723477, 'alpha': 0.46664258932720426}. Best is trial 116 with value: 0.10050767499349628.
[I 2026-03-04 15:35:58,761] Trial 113 finished with value: 0.13010502803418827 and parameters: {'sigma_noise': 0.18157525462383795, 'A_repulsion': 0.3088785492733057, 'gamma': 0.5950341027036283, 'sigma_update': 0.2703104421390932, 'eta_learning': 2.8434261231836055, 'sigma_boundary': 4.708267385562684, 'alpha': 0.7765843130529579}. Best is trial 116 with value: 0.10050767499349628.
[I 2026-03-04 15:36:05,327] Trial 114 finished with value: 0.15444286370891117 and parameters: {'sigma_noise': 0.19087891350047376, 'A_repulsion': 0.26284838450083825, 'gamma': 0.669355338323703, 'sigma_update': 0.4424837663507161, 'eta_learning': 1.8586153100600193, 'sigma_boundary': 2.5237971076502834, 'alpha': 0.5941903185298657}. Best is trial 116 with value: 0.10050767499349628.
[I 2026-03-04 15:36:15,421] Trial 118 finished with value: 0.18936484197289838 and parameters: {'sigma_noise': 0.13150983794681947, 'A_repulsion': 0.30884391798708216, 'gamma': 0.4315023772724724, 'sigma_update': 0.298789069887603, 'eta_learning': 1.3783640752439443, 'sigma_boundary': 3.0864361703970817, 'alpha': 0.46754398256155166}. Best is trial 116 with value: 0.10050767499349628.
[I 2026-03-04 15:36:57,045] Trial 115 finished with value: 0.16909514463419023 and parameters: {'sigma_noise': 0.19083758719264848, 'A_repulsion': 0.3550206729712711, 'gamma': 0.5589988676351414, 'sigma_update': 0.4420480961075121, 'eta_learning': 1.8590732931708291, 'sigma_boundary': 2.352949087460275, 'alpha': 0.6553568056040622}. Best is trial 116 with value: 0.10050767499349628.
[I 2026-03-04 15:37:10,097] Trial 111 finished with value: 0.12467694618859351 and parameters: {'sigma_noise': 0.256459094139681, 'A_repulsion': 0.38466370951774176, 'gamma': 0.836359556004875, 'sigma_update': 0.2285877063717317, 'eta_learning': 2.2986221064161585, 'sigma_boundary': 2.4804795731976794, 'alpha': 0.6943329448681299}. Best is trial 116 with value: 0.10050767499349628.
[I 2026-03-04 15:37:19,323] Trial 110 finished with value: 0.2466813647567981 and parameters: {'sigma_noise': 0.34422968584805125, 'A_repulsion': 0.23844968978030748, 'gamma': 0.48959596657074245, 'sigma_update': 0.14917366019079248, 'eta_learning': 1.3464688180945081, 'sigma_boundary': 2.83155572426297, 'alpha': 0.9339488494392776}. Best is trial 116 with value: 0.10050767499349628.
[I 2026-03-04 15:40:36,234] Trial 120 finished with value: 0.15751840969090364 and parameters: {'sigma_noise': 0.10887422342743681, 'A_repulsion': 0.4301699080883086, 'gamma': 0.5890876370745328, 'sigma_update': 0.3126474991694172, 'eta_learning': 1.835997099611192, 'sigma_boundary': 6.893833610817583, 'alpha': 0.784183934533762}. Best is trial 116 with value: 0.10050767499349628.
[I 2026-03-04 15:41:37,592] Trial 138 finished with value: 0.16526167665886177 and parameters: {'sigma_noise': 0.08159746996967306, 'A_repulsion': 0.016598204807701952, 'gamma': 0.5090046679245648, 'sigma_update': 0.06212535267291973, 'eta_learning': 2.518088345434746, 'sigma_boundary': 6.779537945770712, 'alpha': 0.6961935479887301}. Best is trial 116 with value: 0.10050767499349628.
[I 2026-03-04 15:42:32,709] Trial 121 finished with value: 0.12394930719366547 and parameters: {'sigma_noise': 0.21805636862330313, 'A_repulsion': 0.3058338946257558, 'gamma': 0.8984353795400272, 'sigma_update': 0.3312964703378702, 'eta_learning': 1.9172469020717964, 'sigma_boundary': 5.099336510549061, 'alpha': 0.83841099596566}. Best is trial 116 with value: 0.10050767499349628.
[I 2026-03-04 15:42:39,202] Trial 125 finished with value: 0.10489244015780215 and parameters: {'sigma_noise': 0.1834196910529614, 'A_repulsion': 0.2094263931859755, 'gamma': 0.693240506327881, 'sigma_update': 0.20038570927224397, 'eta_learning': 2.6496759217716486, 'sigma_boundary': 2.493989042533417, 'alpha': 0.5951487869000751}. Best is trial 116 with value: 0.10050767499349628.
[I 2026-03-04 15:42:45,033] Trial 135 finished with value: 0.22659257159006344 and parameters: {'sigma_noise': 0.05816768052978499, 'A_repulsion': 0.256407950871416, 'gamma': 0.07566025446927627, 'sigma_update': 0.22265404361089974, 'eta_learning': 2.2904931865007625, 'sigma_boundary': 2.7845376372206374, 'alpha': 0.8531991770118619}. Best is trial 116 with value: 0.10050767499349628.
[I 2026-03-04 15:43:29,459] Trial 126 finished with value: 0.12134817313789181 and parameters: {'sigma_noise': 0.25302306061657925, 'A_repulsion': 0.1999923865727781, 'gamma': 0.6116053175927607, 'sigma_update': 0.19446003472233472, 'eta_learning': 1.6577226606219455, 'sigma_boundary': 2.5995225451868986, 'alpha': 0.5683802924218306}. Best is trial 116 with value: 0.10050767499349628.
[I 2026-03-04 15:43:55,044] Trial 127 finished with value: 0.1052761124917256 and parameters: {'sigma_noise': 0.19711014128242027, 'A_repulsion': 0.28836051517850675, 'gamma': 0.7953099393448955, 'sigma_update': 0.17779610279264774, 'eta_learning': 2.332243091919585, 'sigma_boundary': 1.7488675056467697, 'alpha': 0.6024463632822152}. Best is trial 116 with value: 0.10050767499349628.
[I 2026-03-04 15:44:19,228] Trial 128 finished with value: 0.16578895214180261 and parameters: {'sigma_noise': 0.2776660776239743, 'A_repulsion': 0.18648562881915842, 'gamma': 0.7196668966848184, 'sigma_update': 0.4188541360175554, 'eta_learning': 1.1996427772859435, 'sigma_boundary': 6.81858994286281, 'alpha': 0.5942448547589739}. Best is trial 116 with value: 0.10050767499349628.
[I 2026-03-04 15:44:23,222] Trial 142 finished with value: 0.13992716541461794 and parameters: {'sigma_noise': 0.11854312573939722, 'A_repulsion': 0.14307809637811064, 'gamma': 0.5142280174440675, 'sigma_update': 0.3560543111664317, 'eta_learning': 1.0366905240118773, 'sigma_boundary': 1.8065424629831994, 'alpha': 0.8515996461131603}. Best is trial 116 with value: 0.10050767499349628.
[I 2026-03-04 15:44:33,816] Trial 122 finished with value: 0.13350319886894474 and parameters: {'sigma_noise': 0.23639841157462677, 'A_repulsion': 0.412883594404215, 'gamma': 0.7837446279870038, 'sigma_update': 0.44358844382518914, 'eta_learning': 2.370082286678392, 'sigma_boundary': 2.0677282285334693, 'alpha': 0.549641830537666}. Best is trial 116 with value: 0.10050767499349628.
[I 2026-03-04 15:44:51,816] Trial 123 finished with value: 0.16901401982130065 and parameters: {'sigma_noise': 0.34447560459633064, 'A_repulsion': 0.26508374064317525, 'gamma': 0.7112691534772835, 'sigma_update': 0.23218212297275514, 'eta_learning': 2.317484726574462, 'sigma_boundary': 5.147578124785987, 'alpha': 0.983590001351776}. Best is trial 116 with value: 0.10050767499349628.
[I 2026-03-04 15:45:11,928] Trial 132 finished with value: 0.2072225402407979 and parameters: {'sigma_noise': 0.1554098887210229, 'A_repulsion': 0.2696004900219807, 'gamma': 0.5876873761917353, 'sigma_update': 0.054680442612416835, 'eta_learning': 2.1320976423272833, 'sigma_boundary': 3.4570362347902015, 'alpha': 0.6473687282459217}. Best is trial 116 with value: 0.10050767499349628.
[I 2026-03-04 15:45:13,072] Trial 136 finished with value: 0.1722376352573107 and parameters: {'sigma_noise': 0.12358402685324826, 'A_repulsion': 0.3126552172765068, 'gamma': 0.8670127484384639, 'sigma_update': 0.3694690835956955, 'eta_learning': 2.634381458470377, 'sigma_boundary': 4.262763885831884, 'alpha': 0.9812707175711117}. Best is trial 116 with value: 0.10050767499349628.
[I 2026-03-04 15:45:14,935] Trial 124 finished with value: 0.13074396357017065 and parameters: {'sigma_noise': 0.2704919123800746, 'A_repulsion': 0.4017524906138096, 'gamma': 0.6754474638453881, 'sigma_update': 0.27309228562090754, 'eta_learning': 1.2656601002519379, 'sigma_boundary': 3.3939711677946334, 'alpha': 0.6824332759806991}. Best is trial 116 with value: 0.10050767499349628.
[I 2026-03-04 15:45:35,596] Trial 130 finished with value: 0.11226576196024558 and parameters: {'sigma_noise': 0.17281712594650683, 'A_repulsion': 0.2813611500354066, 'gamma': 0.7700076159481067, 'sigma_update': 0.19667164048440122, 'eta_learning': 2.14948517242198, 'sigma_boundary': 6.348171766629243, 'alpha': 0.6455000673263898}. Best is trial 116 with value: 0.10050767499349628.
[I 2026-03-04 15:45:39,283] Trial 134 finished with value: 0.18469326073521358 and parameters: {'sigma_noise': 0.24394885996644694, 'A_repulsion': 0.15742608111375886, 'gamma': 0.7086329097264144, 'sigma_update': 0.08268274633165242, 'eta_learning': 1.2483020211165952, 'sigma_boundary': 2.011232741202367, 'alpha': 0.792097320273174}. Best is trial 116 with value: 0.10050767499349628.
[I 2026-03-04 15:45:48,932] Trial 140 finished with value: 0.13039387375613137 and parameters: {'sigma_noise': 0.13108847450117497, 'A_repulsion': 0.2273064008021436, 'gamma': 0.7147844184368484, 'sigma_update': 0.24533299774905654, 'eta_learning': 2.2564084384628473, 'sigma_boundary': 2.7967915271689177, 'alpha': 0.6228003483145556}. Best is trial 116 with value: 0.10050767499349628.
[I 2026-03-04 15:45:58,260] Trial 129 finished with value: 0.1321281087831543 and parameters: {'sigma_noise': 0.27871383273505107, 'A_repulsion': 0.18173440185157824, 'gamma': 0.5077597501429719, 'sigma_update': 0.18363822990366566, 'eta_learning': 1.9393857134391281, 'sigma_boundary': 3.5631284415141757, 'alpha': 0.6785453396297219}. Best is trial 116 with value: 0.10050767499349628.
[I 2026-03-04 15:45:58,593] Trial 131 finished with value: 0.12776076138154013 and parameters: {'sigma_noise': 0.20237431119685956, 'A_repulsion': 0.28203130218675276, 'gamma': 0.7248892161244828, 'sigma_update': 0.4262177323902123, 'eta_learning': 1.7181396114018523, 'sigma_boundary': 2.605157270140745, 'alpha': 0.6266808099640934}. Best is trial 116 with value: 0.10050767499349628.
[I 2026-03-04 15:46:15,087] Trial 141 finished with value: 0.12775194609383028 and parameters: {'sigma_noise': 0.15972337041912443, 'A_repulsion': 0.21522519005282634, 'gamma': 0.6208956429709677, 'sigma_update': 0.22645195160750378, 'eta_learning': 0.8859786367369139, 'sigma_boundary': 4.41875392893733, 'alpha': 0.5504802173208474}. Best is trial 116 with value: 0.10050767499349628.
