[I 2026-03-04 15:52:41,431] Trial 134 finished with value: 0.1807977360724915 and parameters: {'sigma_noise': 0.3296744734553666, 'A_repulsion': 0.03622831560113489, 'gamma': 0.6111040882964084, 'sigma_update': 0.10807636912275179, 'eta_learning': 0.870912221887985, 'sigma_boundary': 1.6490778944078714, 'alpha': 0.4370614495397024}. Best is trial 8 with value: 0.0813573077299479.
[I 2026-03-04 15:52:47,483] Trial 144 finished with value: 0.10347532888588706 and parameters: {'sigma_noise': 0.16826305897482088, 'A_repulsion': 0.141993698888812, 'gamma': 0.6482730225301966, 'sigma_update': 0.3206850153303844, 'eta_learning': 0.8742565560281911, 'sigma_boundary': 5.280075003574413, 'alpha': 0.7484812942901673}. Best is trial 8 with value: 0.0813573077299479.
[I 2026-03-04 15:52:49,918] Trial 131 finished with value: 0.4311368880266342 and parameters: {'sigma_noise': 0.2492914732718447, 'A_repulsion': 0.24871862936615916, 'gamma': 0.6459272103674246, 'sigma_update': 0.3893992581026406, 'eta_learning': 1.4662953257629208, 'sigma_boundary': 6.187353631538531, 'alpha': 0.3913412108538565}. Best is trial 8 with value: 0.0813573077299479.
[I 2026-03-04 15:52:54,626] Trial 146 finished with value: 0.11346653060808523 and parameters: {'sigma_noise': 0.12818639051745861, 'A_repulsion': 0.2273649669884581, 'gamma': 0.49554724213201196, 'sigma_update': 0.24302383307675635, 'eta_learning': 1.2289078627464152, 'sigma_boundary': 4.808300184891658, 'alpha': 0.5331832291788051}. Best is trial 8 with value: 0.0813573077299479.
[I 2026-03-04 15:52:55,401] Trial 154 finished with value: 0.10683086111214865 and parameters: {'sigma_noise': 0.10830081528475645, 'A_repulsion': 0.07409346909900978, 'gamma': 0.6672011284178611, 'sigma_update': 0.3773187756915225, 'eta_learning': 1.1349075106669164, 'sigma_boundary': 7.91603523320204, 'alpha': 0.5816912198483986}. Best is trial 8 with value: 0.0813573077299479.
[I 2026-03-04 15:53:35,311] Trial 142 finished with value: 0.6984519633832648 and parameters: {'sigma_noise': 0.21442418549809328, 'A_repulsion': 0.17968235414125674, 'gamma': 0.5527840368566865, 'sigma_update': 0.38810362339959603, 'eta_learning': 1.7708766815238641, 'sigma_boundary': 3.4913105286174715, 'alpha': 0.2963664565619951}. Best is trial 8 with value: 0.0813573077299479.
[I 2026-03-04 15:54:03,611] Trial 143 finished with value: 0.10462072368467157 and parameters: {'sigma_noise': 0.2137971451847167, 'A_repulsion': 0.21107307429610966, 'gamma': 0.6983130608251357, 'sigma_update': 0.3183438662972733, 'eta_learning': 1.3938813248857778, 'sigma_boundary': 6.476257636658691, 'alpha': 0.7107700780452672}. Best is trial 8 with value: 0.0813573077299479.
[I 2026-03-04 15:54:16,354] Trial 138 finished with value: 0.10921302449822487 and parameters: {'sigma_noise': 0.20782161022669926, 'A_repulsion': 0.2563302209962982, 'gamma': 0.5882476977180232, 'sigma_update': 0.42735913416657406, 'eta_learning': 1.5856872354343892, 'sigma_boundary': 3.0843103815956368, 'alpha': 0.8247222662294553}. Best is trial 8 with value: 0.0813573077299479.
[I 2026-03-04 15:54:23,638] Trial 159 finished with value: 0.10778764944609351 and parameters: {'sigma_noise': 0.10077781988657723, 'A_repulsion': 0.16427300769660125, 'gamma': 0.6747807365315732, 'sigma_update': 0.27309306640636316, 'eta_learning': 1.0700052022375899, 'sigma_boundary': 7.319852437543642, 'alpha': 0.4854920732211677}. Best is trial 8 with value: 0.0813573077299479.
[I 2026-03-04 15:54:44,526] Trial 156 finished with value: 0.11159112112925061 and parameters: {'sigma_noise': 0.12283251456645378, 'A_repulsion': 0.14078401240723973, 'gamma': 0.8671718472461557, 'sigma_update': 0.381247697106425, 'eta_learning': 1.1216209038407672, 'sigma_boundary': 4.967668062545738, 'alpha': 0.7318159415088996}. Best is trial 8 with value: 0.0813573077299479.
[I 2026-03-04 15:54:59,868] Trial 148 finished with value: 0.11507778188157208 and parameters: {'sigma_noise': 0.22715178077410808, 'A_repulsion': 0.199734364020393, 'gamma': 0.6593526662200128, 'sigma_update': 0.21867143583234283, 'eta_learning': 0.7887361272382047, 'sigma_boundary': 4.091907573401525, 'alpha': 0.6887834518931062}. Best is trial 8 with value: 0.0813573077299479.
[I 2026-03-04 15:55:00,250] Trial 149 finished with value: 0.1224336468988372 and parameters: {'sigma_noise': 0.16209869932439702, 'A_repulsion': 0.25351678504468467, 'gamma': 0.4628610289823213, 'sigma_update': 0.25131681051824273, 'eta_learning': 1.5482023181099194, 'sigma_boundary': 5.100922471803827, 'alpha': 0.6657748002796094}. Best is trial 8 with value: 0.0813573077299479.
[I 2026-03-04 15:55:09,230] Trial 153 finished with value: 0.10954591710330804 and parameters: {'sigma_noise': 0.18515993408848147, 'A_repulsion': 0.1335353438591963, 'gamma': 0.7967776076858998, 'sigma_update': 0.24172928995511425, 'eta_learning': 1.083953317351688, 'sigma_boundary': 5.293348605213013, 'alpha': 0.8535361513944182}. Best is trial 8 with value: 0.0813573077299479.
[I 2026-03-04 15:55:15,708] Trial 152 finished with value: 0.1251585469434831 and parameters: {'sigma_noise': 0.1565872467927461, 'A_repulsion': 0.22029694391732713, 'gamma': 0.787292312159375, 'sigma_update': 0.47477404159029607, 'eta_learning': 0.28035087320749946, 'sigma_boundary': 3.2718458333489484, 'alpha': 0.8941817191348762}. Best is trial 8 with value: 0.0813573077299479.
[I 2026-03-04 15:55:37,089] Trial 151 finished with value: 0.12675333575452616 and parameters: {'sigma_noise': 0.1565577758373538, 'A_repulsion': 0.24836739909540945, 'gamma': 0.7414267110145007, 'sigma_update': 0.2272842761652672, 'eta_learning': 1.1151983194551798, 'sigma_boundary': 5.395922986290641, 'alpha': 0.7339669925729663}. Best is trial 8 with value: 0.0813573077299479.
[I 2026-03-04 15:55:37,201] Trial 147 finished with value: 0.11832276466865571 and parameters: {'sigma_noise': 0.21899689786729176, 'A_repulsion': 0.23752599174827832, 'gamma': 0.7811124881729868, 'sigma_update': 0.2302455414411148, 'eta_learning': 1.5463181143799551, 'sigma_boundary': 6.744169458909841, 'alpha': 0.8188957378087439}. Best is trial 8 with value: 0.0813573077299479.
[I 2026-03-04 15:56:19,247] Trial 150 finished with value: 0.13788964792911088 and parameters: {'sigma_noise': 0.21912266634098637, 'A_repulsion': 0.25984364124126536, 'gamma': 0.4738106164586653, 'sigma_update': 0.38539127068686757, 'eta_learning': 1.9024580538582536, 'sigma_boundary': 1.6170768786194976, 'alpha': 0.5673810187144759}. Best is trial 8 with value: 0.0813573077299479.
[I 2026-03-04 15:56:44,990] Trial 160 finished with value: 0.13334420414676504 and parameters: {'sigma_noise': 0.11385311924900272, 'A_repulsion': 0.07565888394010307, 'gamma': 0.5336531142802966, 'sigma_update': 0.23355924855010135, 'eta_learning': 1.4092009347806072, 'sigma_boundary': 8.502867134590199, 'alpha': 0.8588528414446472}. Best is trial 8 with value: 0.0813573077299479.
[I 2026-03-04 15:57:16,992] Trial 158 finished with value: 0.11953782053460718 and parameters: {'sigma_noise': 0.2504073703635649, 'A_repulsion': 0.11834180381083995, 'gamma': 0.6028860572988604, 'sigma_update': 0.37974146791142444, 'eta_learning': 2.285795739451844, 'sigma_boundary': 5.02867480712177, 'alpha': 0.6766064262682405}. Best is trial 8 with value: 0.0813573077299479.
[I 2026-03-04 15:58:02,410] Trial 155 finished with value: 0.1096527456184671 and parameters: {'sigma_noise': 0.25192730936102814, 'A_repulsion': 0.32416439509003037, 'gamma': 0.809095015769286, 'sigma_update': 0.16689058555679412, 'eta_learning': 1.431187826444557, 'sigma_boundary': 6.29173441220421, 'alpha': 0.6592479477571075}. Best is trial 8 with value: 0.0813573077299479.
[I 2026-03-04 15:58:20,483] Trial 157 finished with value: 0.2074623903103987 and parameters: {'sigma_noise': 0.221530594744333, 'A_repulsion': 0.30155399024564056, 'gamma': 0.8799845709570677, 'sigma_update': 0.2157910412883053, 'eta_learning': 2.405695491187999, 'sigma_boundary': 6.28907964281345, 'alpha': 0.4050365848271988}. Best is trial 8 with value: 0.0813573077299479.
[I 2026-03-04 15:59:18,773] Trial 163 finished with value: 0.10315701056365614 and parameters: {'sigma_noise': 0.1659432059934538, 'A_repulsion': 0.07732508647153652, 'gamma': 0.6373593117945321, 'sigma_update': 0.28117169383951784, 'eta_learning': 1.200317289152575, 'sigma_boundary': 3.728263073984639, 'alpha': 0.7607205644661408}. Best is trial 8 with value: 0.0813573077299479.
[I 2026-03-04 16:00:15,062] Trial 162 finished with value: 0.08649070857843197 and parameters: {'sigma_noise': 0.22554621644066525, 'A_repulsion': 0.08024380657429776, 'gamma': 0.8026619754915341, 'sigma_update': 0.3928418340742445, 'eta_learning': 1.0735767193352157, 'sigma_boundary': 5.933194575700693, 'alpha': 0.8652195645047992}. Best is trial 8 with value: 0.0813573077299479.
[I 2026-03-04 16:00:25,468] Trial 167 finished with value: 0.11216611638209459 and parameters: {'sigma_noise': 0.08067976621960136, 'A_repulsion': 0.17331265576773905, 'gamma': 0.7914931886845263, 'sigma_update': 0.45469045688365933, 'eta_learning': 1.1101516896981805, 'sigma_boundary': 6.005098661536869, 'alpha': 0.563880729514195}. Best is trial 8 with value: 0.0813573077299479.
[I 2026-03-04 16:00:31,254] Trial 161 finished with value: 0.5320442968343658 and parameters: {'sigma_noise': 0.14843616914602048, 'A_repulsion': 0.24892937811748322, 'gamma': 0.6785027346657074, 'sigma_update': 0.011597782513795514, 'eta_learning': 1.4430827351476416, 'sigma_boundary': 1.4534286917337158, 'alpha': 0.48294854753658295}. Best is trial 8 with value: 0.0813573077299479.
[I 2026-03-04 16:00:36,212] Trial 165 finished with value: 0.13876210642557202 and parameters: {'sigma_noise': 0.13806960568366944, 'A_repulsion': 0.15124975467472002, 'gamma': 0.6029488653784428, 'sigma_update': 0.03873081548261654, 'eta_learning': 2.077069079587727, 'sigma_boundary': 3.4980740987059513, 'alpha': 0.5079636126447366}. Best is trial 8 with value: 0.0813573077299479.
[I 2026-03-04 16:00:54,044] Trial 170 finished with value: 0.1116260924883534 and parameters: {'sigma_noise': 0.08770841788999723, 'A_repulsion': 0.060023934589071654, 'gamma': 0.9136310771405746, 'sigma_update': 0.3117536487392162, 'eta_learning': 0.7454337535438036, 'sigma_boundary': 3.169130663441358, 'alpha': 0.4567250171670279}. Best is trial 8 with value: 0.0813573077299479.
[I 2026-03-04 16:01:02,406] Trial 166 finished with value: 0.10834661965592883 and parameters: {'sigma_noise': 0.12028555682988486, 'A_repulsion': 0.20139786680894772, 'gamma': 0.7694163589175793, 'sigma_update': 0.18713012990004774, 'eta_learning': 0.9623298171034013, 'sigma_boundary': 1.7420781743803917, 'alpha': 0.5212823440226783}. Best is trial 8 with value: 0.0813573077299479.
[I 2026-03-04 16:01:13,437] Trial 168 finished with value: 0.09133040010178316 and parameters: {'sigma_noise': 0.18375697150677023, 'A_repulsion': 0.03435822365114298, 'gamma': 0.7186204697084926, 'sigma_update': 0.3774014846864076, 'eta_learning': 1.800905732519556, 'sigma_boundary': 2.859589809745694, 'alpha': 0.9660228998251484}. Best is trial 8 with value: 0.0813573077299479.
[I 2026-03-04 16:01:49,831] Trial 174 finished with value: 0.10800030777722747 and parameters: {'sigma_noise': 0.09902883844051957, 'A_repulsion': 0.009658659997625663, 'gamma': 0.6428653703167223, 'sigma_update': 0.36631226341556883, 'eta_learning': 2.0212127094698067, 'sigma_boundary': 5.29822742410101, 'alpha': 0.737059145091073}. Best is trial 8 with value: 0.0813573077299479.
[I 2026-03-04 16:01:50,917] Trial 164 finished with value: 0.1205577881567394 and parameters: {'sigma_noise': 0.236094779995128, 'A_repulsion': 0.14363556777828965, 'gamma': 0.6766129610927233, 'sigma_update': 0.1782536870960038, 'eta_learning': 1.7367904928503293, 'sigma_boundary': 4.245106557627467, 'alpha': 0.8347668219786012}. Best is trial 8 with value: 0.0813573077299479.
[I 2026-03-04 16:01:53,641] Trial 171 finished with value: 0.16788511476634 and parameters: {'sigma_noise': 0.11881871091421957, 'A_repulsion': 0.11012900928361538, 'gamma': 0.6644387613477821, 'sigma_update': 0.06217364859500142, 'eta_learning': 1.3583933848968446, 'sigma_boundary': 2.9342763565750256, 'alpha': 0.7433887298474501}. Best is trial 8 with value: 0.0813573077299479.
[I 2026-03-04 16:01:54,096] Trial 173 finished with value: 0.12415368551048615 and parameters: {'sigma_noise': 0.09477432295043765, 'A_repulsion': 0.03644972461852691, 'gamma': 0.8409863816249364, 'sigma_update': 0.17673579757313748, 'eta_learning': 1.2679070253101161, 'sigma_boundary': 0.8916695898222793, 'alpha': 0.7915268139203613}. Best is trial 8 with value: 0.0813573077299479.
[I 2026-03-04 16:02:21,679] Trial 169 finished with value: 0.10107849144477277 and parameters: {'sigma_noise': 0.1573654592894041, 'A_repulsion': 0.08997975370971198, 'gamma': 0.7542463440022165, 'sigma_update': 0.0769289260470275, 'eta_learning': 1.923245783966974, 'sigma_boundary': 1.8187700362970094, 'alpha': 0.6692912290674774}. Best is trial 8 with value: 0.0813573077299479.
[I 2026-03-04 16:02:54,667] Trial 181 finished with value: 0.15917111812439172 and parameters: {'sigma_noise': 0.05897911057582167, 'A_repulsion': 0.09693248840759552, 'gamma': 0.8961566726500905, 'sigma_update': 0.2406210958722862, 'eta_learning': 1.6478270704482434, 'sigma_boundary': 5.522753035417025, 'alpha': 0.806624699833615}. Best is trial 8 with value: 0.0813573077299479.
[I 2026-03-04 16:03:43,354] Trial 179 finished with value: 0.10196031320598392 and parameters: {'sigma_noise': 0.1494875426758338, 'A_repulsion': 0.06403289145343033, 'gamma': 0.6336586578153139, 'sigma_update': 0.25409213142118564, 'eta_learning': 1.4746653970133266, 'sigma_boundary': 2.9224783054850234, 'alpha': 0.8160645931038271}. Best is trial 8 with value: 0.0813573077299479.
[I 2026-03-04 16:04:00,291] Trial 175 finished with value: 0.0987984224299984 and parameters: {'sigma_noise': 0.1807506180741647, 'A_repulsion': 0.12297193422084307, 'gamma': 0.5986234023935878, 'sigma_update': 0.10738195632709488, 'eta_learning': 0.7315681392985717, 'sigma_boundary': 6.000809645049347, 'alpha': 0.5407872057137378}. Best is trial 8 with value: 0.0813573077299479.
[I 2026-03-04 16:04:06,417] Trial 188 finished with value: 0.1364711000972769 and parameters: {'sigma_noise': 0.09438640076608402, 'A_repulsion': 0.11893778606019495, 'gamma': 0.6905133897522818, 'sigma_update': 0.14402760122405772, 'eta_learning': 1.41237742477425, 'sigma_boundary': 1.957431596656395, 'alpha': 0.9047507677891963}. Best is trial 8 with value: 0.0813573077299479.
[I 2026-03-04 16:04:10,682] Trial 176 finished with value: 0.09873384705332147 and parameters: {'sigma_noise': 0.19544611282756147, 'A_repulsion': 0.10716033276338884, 'gamma': 0.83648684000398, 'sigma_update': 0.14325945241206264, 'eta_learning': 1.4748293491181201, 'sigma_boundary': 3.3746987936090207, 'alpha': 0.6351788685251525}. Best is trial 8 with value: 0.0813573077299479.
[I 2026-03-04 16:04:35,620] Trial 172 finished with value: 0.10770201327258629 and parameters: {'sigma_noise': 0.23553399839637312, 'A_repulsion': 0.23476870884571074, 'gamma': 0.6382596346885551, 'sigma_update': 0.23741610268757632, 'eta_learning': 1.4613213674232424, 'sigma_boundary': 2.939710286303574, 'alpha': 0.6013726204972188}. Best is trial 8 with value: 0.0813573077299479.
[I 2026-03-04 16:04:45,358] Trial 183 finished with value: 0.11827592893008113 and parameters: {'sigma_noise': 0.14350448446350367, 'A_repulsion': 0.18906808774862233, 'gamma': 0.6359438757673791, 'sigma_update': 0.1942171461988529, 'eta_learning': 1.0632371174166624, 'sigma_boundary': 6.0252220441174345, 'alpha': 0.7943275739530742}. Best is trial 8 with value: 0.0813573077299479.
[I 2026-03-04 16:04:46,329] Trial 186 finished with value: 0.13276150178893384 and parameters: {'sigma_noise': 0.10832968449452046, 'A_repulsion': 0.21090802628233069, 'gamma': 0.9512440016523929, 'sigma_update': 0.11581429379816228, 'eta_learning': 1.4852457054126345, 'sigma_boundary': 6.729493388278307, 'alpha': 0.6950402900375767}. Best is trial 8 with value: 0.0813573077299479.
[I 2026-03-04 16:04:46,827] Trial 182 finished with value: 0.0928605380998426 and parameters: {'sigma_noise': 0.16760743314694873, 'A_repulsion': 0.15860814118838026, 'gamma': 0.8204854266194719, 'sigma_update': 0.4636979787295449, 'eta_learning': 0.732794403984513, 'sigma_boundary': 7.191714784850422, 'alpha': 0.8206736020951535}. Best is trial 8 with value: 0.0813573077299479.
[I 2026-03-04 16:04:51,428] Trial 184 finished with value: 0.102503146723146 and parameters: {'sigma_noise': 0.19604513690741515, 'A_repulsion': 0.12176482029948522, 'gamma': 0.5676918325397413, 'sigma_update': 0.41672703574547676, 'eta_learning': 0.2621683530207899, 'sigma_boundary': 5.4018276745867215, 'alpha': 0.8124826549572907}. Best is trial 8 with value: 0.0813573077299479.
[I 2026-03-04 16:05:00,347] Trial 192 finished with value: 0.11618549589474778 and parameters: {'sigma_noise': 0.08532003199210578, 'A_repulsion': 0.16728833476098337, 'gamma': 0.7428849455935875, 'sigma_update': 0.4266254745003332, 'eta_learning': 1.3234457034775962, 'sigma_boundary': 3.5912747144271937, 'alpha': 0.6445052173491517}. Best is trial 8 with value: 0.0813573077299479.
[I 2026-03-04 16:05:01,592] Trial 180 finished with value: 0.11629196488987939 and parameters: {'sigma_noise': 0.23769197792785218, 'A_repulsion': 0.10023569896330367, 'gamma': 0.5496730087644371, 'sigma_update': 0.33728400119856594, 'eta_learning': 1.0952094545413835, 'sigma_boundary': 6.268165890831068, 'alpha': 0.6240806330023937}. Best is trial 8 with value: 0.0813573077299479.
[I 2026-03-04 16:05:07,317] Trial 194 finished with value: 0.13188688887362987 and parameters: {'sigma_noise': 0.10830552049769493, 'A_repulsion': 0.14682864762087403, 'gamma': 0.3531133587426745, 'sigma_update': 0.44121786979575633, 'eta_learning': 1.539022812587882, 'sigma_boundary': 5.077949526500168, 'alpha': 0.8500232291135214}. Best is trial 8 with value: 0.0813573077299479.
[I 2026-03-04 16:05:13,572] Trial 178 finished with value: 0.12417204598527921 and parameters: {'sigma_noise': 0.2557140830702241, 'A_repulsion': 0.13749439704696187, 'gamma': 0.4869052074109751, 'sigma_update': 0.17128443726550865, 'eta_learning': 2.65190140756269, 'sigma_boundary': 3.8019019908362672, 'alpha': 0.5793515751599602}. Best is trial 8 with value: 0.0813573077299479.
[I 2026-03-04 16:05:20,547] Trial 185 finished with value: 0.13672815749621053 and parameters: {'sigma_noise': 0.2735702439688721, 'A_repulsion': 0.018660793847276952, 'gamma': 0.4554986217322006, 'sigma_update': 0.2601392263951488, 'eta_learning': 0.5428904176100813, 'sigma_boundary': 5.638808081177102, 'alpha': 0.949925310182182}. Best is trial 8 with value: 0.0813573077299479.
[I 2026-03-04 16:05:21,515] Trial 190 finished with value: 0.10475712362384258 and parameters: {'sigma_noise': 0.19892125335580646, 'A_repulsion': 0.056682970901884344, 'gamma': 0.5535506668464926, 'sigma_update': 0.24667854617135496, 'eta_learning': 0.8408955665855619, 'sigma_boundary': 4.524102136462934, 'alpha': 0.7922144664318514}. Best is trial 8 with value: 0.0813573077299479.
[I 2026-03-04 16:05:30,791] Trial 193 finished with value: 0.1612350610862306 and parameters: {'sigma_noise': 0.08112654414701172, 'A_repulsion': 0.3266569807342494, 'gamma': 0.8294678360907976, 'sigma_update': 0.24618077928506218, 'eta_learning': 0.4815543416468184, 'sigma_boundary': 4.549660271526213, 'alpha': 0.7147148622946209}. Best is trial 8 with value: 0.0813573077299479.
[I 2026-03-04 16:05:32,319] Trial 189 finished with value: 0.11904381978880922 and parameters: {'sigma_noise': 0.13704258809352354, 'A_repulsion': 0.20256825556575891, 'gamma': 0.8063544496916231, 'sigma_update': 0.42826017579114206, 'eta_learning': 0.8483808145498717, 'sigma_boundary': 4.807522357724824, 'alpha': 0.884154889409738}. Best is trial 8 with value: 0.0813573077299479.
[I 2026-03-04 16:05:38,559] Trial 177 finished with value: 0.11172802533174284 and parameters: {'sigma_noise': 0.2517159542480501, 'A_repulsion': 0.2656858953662158, 'gamma': 0.6669687477420281, 'sigma_update': 0.32795389797231644, 'eta_learning': 1.7021837041218222, 'sigma_boundary': 5.320250931443195, 'alpha': 0.6189149801683311}. Best is trial 8 with value: 0.0813573077299479.
[I 2026-03-04 16:05:39,509] Trial 197 finished with value: 0.09281019869722006 and parameters: {'sigma_noise': 0.1793751722364132, 'A_repulsion': 0.019633422927338523, 'gamma': 0.794801590585435, 'sigma_update': 0.32301679312949017, 'eta_learning': 1.7731857802571833, 'sigma_boundary': 1.9678981279435535, 'alpha': 0.7494702621852067}. Best is trial 8 with value: 0.0813573077299479.
[I 2026-03-04 16:05:44,707] Trial 195 finished with value: 0.17158860660699676 and parameters: {'sigma_noise': 0.10269232323162081, 'A_repulsion': 0.3133253184143782, 'gamma': 0.7623342900375584, 'sigma_update': 0.3456695979251219, 'eta_learning': 1.3905038037395199, 'sigma_boundary': 3.4387529032885475, 'alpha': 0.9526173149119687}. Best is trial 8 with value: 0.0813573077299479.
[I 2026-03-04 16:05:58,211] Trial 191 finished with value: 0.12375485302445041 and parameters: {'sigma_noise': 0.24574223224642439, 'A_repulsion': 0.28708467876298044, 'gamma': 0.6787636446124404, 'sigma_update': 0.4432094111374347, 'eta_learning': 0.9486126032443116, 'sigma_boundary': 2.9994342938176883, 'alpha': 0.8791123185789566}. Best is trial 8 with value: 0.0813573077299479.
[I 2026-03-04 16:06:00,558] Trial 187 finished with value: 0.12812097874187311 and parameters: {'sigma_noise': 0.3246338594941779, 'A_repulsion': 0.34484063631311046, 'gamma': 0.7795782026947801, 'sigma_update': 0.37871148995230597, 'eta_learning': 1.2211496284526935, 'sigma_boundary': 3.020534985172564, 'alpha': 0.9342420082050762}. Best is trial 8 with value: 0.0813573077299479.
