[I 2026-03-04 14:34:08,961] Trial 170 finished with value: 0.12483046409783904 and parameters: {'sigma_noise': 0.1286426909270697, 'A_repulsion': 0.15350961332651197, 'gamma': 0.26792633295457335, 'sigma_update': 0.31000503481474834, 'eta_learning': 0.5877312214878792, 'sigma_boundary': 5.3261056512761655, 'alpha': 0.5461285410610568}. Best is trial 131 with value: 0.09279822794861006.
[I 2026-03-04 14:34:22,076] Trial 172 finished with value: 0.11007738483192034 and parameters: {'sigma_noise': 0.158933233701622, 'A_repulsion': 0.08748173729679723, 'gamma': 0.4139421224808287, 'sigma_update': 0.2544068049355144, 'eta_learning': 0.8355130916765855, 'sigma_boundary': 3.320442593844292, 'alpha': 0.4725651567534791}. Best is trial 131 with value: 0.09279822794861006.
[I 2026-03-04 14:34:31,064] Trial 167 finished with value: 0.14646513114879248 and parameters: {'sigma_noise': 0.2403003154059815, 'A_repulsion': 0.16135628192101661, 'gamma': 0.34111740342520064, 'sigma_update': 0.28022114848848295, 'eta_learning': 1.0946903933611243, 'sigma_boundary': 4.272460215233934, 'alpha': 0.503477057934624}. Best is trial 131 with value: 0.09279822794861006.
[I 2026-03-04 14:34:49,083] Trial 169 finished with value: 0.11010494474119098 and parameters: {'sigma_noise': 0.20063326037439272, 'A_repulsion': 0.19765531233503075, 'gamma': 0.5693855680507935, 'sigma_update': 0.25246196359551704, 'eta_learning': 0.13546509629997475, 'sigma_boundary': 6.1266522347706776, 'alpha': 0.9014306684461761}. Best is trial 131 with value: 0.09279822794861006.
[I 2026-03-04 14:35:41,054] Trial 175 finished with value: 0.11808353093897792 and parameters: {'sigma_noise': 0.1625848730167973, 'A_repulsion': 0.018477144309194865, 'gamma': 0.33900574116494153, 'sigma_update': 0.2835427393624135, 'eta_learning': 0.6950157976894431, 'sigma_boundary': 7.2183379669255405, 'alpha': 0.77315922509288}. Best is trial 131 with value: 0.09279822794861006.
[I 2026-03-04 14:35:46,805] Trial 173 finished with value: 0.10157705589585538 and parameters: {'sigma_noise': 0.16653149612033583, 'A_repulsion': 0.1602197389361065, 'gamma': 0.5843837152890695, 'sigma_update': 0.28896157956082863, 'eta_learning': 0.40421664428712367, 'sigma_boundary': 4.537171671565565, 'alpha': 0.5358262467524771}. Best is trial 131 with value: 0.09279822794861006.
[I 2026-03-04 14:36:25,446] Trial 178 finished with value: 0.11059165726774314 and parameters: {'sigma_noise': 0.1495371557123698, 'A_repulsion': 0.06493622475777466, 'gamma': 0.3593272297661442, 'sigma_update': 0.14126187980590144, 'eta_learning': 1.0047621176328918, 'sigma_boundary': 6.680494800131853, 'alpha': 0.5223603780623451}. Best is trial 131 with value: 0.09279822794861006.
[I 2026-03-04 14:36:52,773] Trial 174 finished with value: 0.1030936205688152 and parameters: {'sigma_noise': 0.24583239513400196, 'A_repulsion': 0.08376509432635194, 'gamma': 0.45242203283081633, 'sigma_update': 0.23709869145397106, 'eta_learning': 0.4156216049741651, 'sigma_boundary': 3.6897088792044754, 'alpha': 0.7234646457049658}. Best is trial 131 with value: 0.09279822794861006.
[I 2026-03-04 14:37:09,375] Trial 177 finished with value: 0.11491805954194428 and parameters: {'sigma_noise': 0.16841370183510218, 'A_repulsion': 0.1560464914702007, 'gamma': 0.37184413827203, 'sigma_update': 0.20212754664608487, 'eta_learning': 0.7185660012073753, 'sigma_boundary': 1.648421178099145, 'alpha': 0.6465319866868663}. Best is trial 131 with value: 0.09279822794861006.
[I 2026-03-04 14:37:10,875] Trial 181 finished with value: 0.12839789672725507 and parameters: {'sigma_noise': 0.11130425029612791, 'A_repulsion': 0.07327280210205434, 'gamma': 0.43411812213671025, 'sigma_update': 0.31641783445544797, 'eta_learning': 0.5957945218697914, 'sigma_boundary': 4.715606484476753, 'alpha': 0.5177945329009039}. Best is trial 131 with value: 0.09279822794861006.
[I 2026-03-04 14:37:25,947] Trial 179 finished with value: 0.1066999934966856 and parameters: {'sigma_noise': 0.2441151561674358, 'A_repulsion': 0.033029930861479026, 'gamma': 0.36169075234931347, 'sigma_update': 0.26257037207404377, 'eta_learning': 0.6242716474718267, 'sigma_boundary': 4.279395046800092, 'alpha': 0.7194109389748073}. Best is trial 131 with value: 0.09279822794861006.
[I 2026-03-04 14:37:32,092] Trial 176 finished with value: 0.09002024549104617 and parameters: {'sigma_noise': 0.20310556800573165, 'A_repulsion': 0.18904183830379506, 'gamma': 0.6321472123944436, 'sigma_update': 0.17894430924459712, 'eta_learning': 0.40940226610564984, 'sigma_boundary': 2.8256370466940037, 'alpha': 0.5012839378482826}. Best is trial 176 with value: 0.09002024549104617.
[I 2026-03-04 14:37:57,702] Trial 180 finished with value: 0.1051833146626073 and parameters: {'sigma_noise': 0.22624264209425943, 'A_repulsion': 0.1247387744834864, 'gamma': 0.3590620145057336, 'sigma_update': 0.21663666569851878, 'eta_learning': 0.8522450112102299, 'sigma_boundary': 4.664441658312257, 'alpha': 0.7038656826577637}. Best is trial 176 with value: 0.09002024549104617.
[I 2026-03-04 14:38:34,895] Trial 182 finished with value: 0.091632931499551 and parameters: {'sigma_noise': 0.19082602402576443, 'A_repulsion': 0.12264341268772821, 'gamma': 0.6162387982154246, 'sigma_update': 0.19976475394410684, 'eta_learning': 0.8003190168787963, 'sigma_boundary': 6.246761065549401, 'alpha': 0.5819468594248819}. Best is trial 176 with value: 0.09002024549104617.
[I 2026-03-04 14:38:36,526] Trial 183 finished with value: 0.23121570245915676 and parameters: {'sigma_noise': 0.16360081730785914, 'A_repulsion': 0.14796283454415213, 'gamma': 0.3038023911712164, 'sigma_update': 0.061207117465383855, 'eta_learning': 0.6463925700152642, 'sigma_boundary': 7.089150329385704, 'alpha': 0.7441415112766994}. Best is trial 176 with value: 0.09002024549104617.
[I 2026-03-04 14:39:09,456] Trial 186 finished with value: 0.11677322335437412 and parameters: {'sigma_noise': 0.1728286727144298, 'A_repulsion': 0.10540273444830164, 'gamma': 0.34418002370631307, 'sigma_update': 0.16618913915318176, 'eta_learning': 0.3686584698845684, 'sigma_boundary': 4.113763360500513, 'alpha': 0.4810636323710463}. Best is trial 176 with value: 0.09002024549104617.
[I 2026-03-04 14:39:40,431] Trial 185 finished with value: 0.11348625517412071 and parameters: {'sigma_noise': 0.2604319022597243, 'A_repulsion': 0.0674301335991537, 'gamma': 0.36788066742595066, 'sigma_update': 0.29624102864299934, 'eta_learning': 0.8548942601387605, 'sigma_boundary': 4.543951369861279, 'alpha': 0.7123758395128266}. Best is trial 176 with value: 0.09002024549104617.
[I 2026-03-04 14:39:40,511] Trial 188 finished with value: 0.13826679794859265 and parameters: {'sigma_noise': 0.11496972555738157, 'A_repulsion': 0.07349021332788383, 'gamma': 0.27689731078981183, 'sigma_update': 0.15520994176765265, 'eta_learning': 1.0807514847860966, 'sigma_boundary': 4.994813908689709, 'alpha': 0.5845115983872093}. Best is trial 176 with value: 0.09002024549104617.
[I 2026-03-04 14:39:48,940] Trial 190 finished with value: 0.13090027235202475 and parameters: {'sigma_noise': 0.08939825049611276, 'A_repulsion': 0.15343851932604527, 'gamma': 0.37811042282442386, 'sigma_update': 0.19216608966764614, 'eta_learning': 1.0873390706921904, 'sigma_boundary': 2.972545936217315, 'alpha': 0.5847266339170927}. Best is trial 176 with value: 0.09002024549104617.
[I 2026-03-04 14:40:10,877] Trial 189 finished with value: 0.10997972491653496 and parameters: {'sigma_noise': 0.16228011334097964, 'A_repulsion': 0.0989247970116811, 'gamma': 0.4995645816449827, 'sigma_update': 0.24958108022183023, 'eta_learning': 1.1726943481775283, 'sigma_boundary': 4.252863045182204, 'alpha': 0.6480109608236589}. Best is trial 176 with value: 0.09002024549104617.
[I 2026-03-04 14:40:11,004] Trial 184 finished with value: 0.12287940566214399 and parameters: {'sigma_noise': 0.2547107731024452, 'A_repulsion': 0.19845197592663932, 'gamma': 0.16646559947628464, 'sigma_update': 0.14015119104316953, 'eta_learning': 0.9158682724169414, 'sigma_boundary': 4.563074846270173, 'alpha': 0.5058275833354547}. Best is trial 176 with value: 0.09002024549104617.
[I 2026-03-04 14:40:26,640] Trial 191 finished with value: 0.0972401824819809 and parameters: {'sigma_noise': 0.16610331494385588, 'A_repulsion': 0.12615234871764044, 'gamma': 0.49537929921624285, 'sigma_update': 0.1751343843234218, 'eta_learning': 0.9717544200678689, 'sigma_boundary': 5.657547870066164, 'alpha': 0.5625544160836461}. Best is trial 176 with value: 0.09002024549104617.
[I 2026-03-04 14:40:42,867] Trial 193 finished with value: 0.10936076810596788 and parameters: {'sigma_noise': 0.1262734500956616, 'A_repulsion': 0.020503315042707596, 'gamma': 0.6295222609274617, 'sigma_update': 0.10463179297220206, 'eta_learning': 0.17792273369088066, 'sigma_boundary': 3.152030069410159, 'alpha': 0.4825902692555742}. Best is trial 176 with value: 0.09002024549104617.
[I 2026-03-04 14:40:47,864] Trial 194 finished with value: 0.12576088536855284 and parameters: {'sigma_noise': 0.1129995581384657, 'A_repulsion': 0.07904755237041379, 'gamma': 0.48647464711558064, 'sigma_update': 0.14096858507958945, 'eta_learning': 1.7631099733544209, 'sigma_boundary': 5.793839689407116, 'alpha': 0.36435391332088607}. Best is trial 176 with value: 0.09002024549104617.
[I 2026-03-04 14:40:58,195] Trial 192 finished with value: 0.11282150513346033 and parameters: {'sigma_noise': 0.21829588172289627, 'A_repulsion': 0.15315885530442097, 'gamma': 0.4038602458397088, 'sigma_update': 0.2287512769810028, 'eta_learning': 0.2552741328302108, 'sigma_boundary': 3.2736822948740194, 'alpha': 0.7180262909343067}. Best is trial 176 with value: 0.09002024549104617.
[I 2026-03-04 14:40:59,368] Trial 187 finished with value: 0.24772906657535101 and parameters: {'sigma_noise': 0.3313325405007146, 'A_repulsion': 0.2696227098079302, 'gamma': 0.46865938176217226, 'sigma_update': 0.3641836590762223, 'eta_learning': 0.5470937065229051, 'sigma_boundary': 8.124477537437386, 'alpha': 0.49693183409114333}. Best is trial 176 with value: 0.09002024549104617.
[I 2026-03-04 14:41:03,003] Trial 195 finished with value: 0.12972598812422997 and parameters: {'sigma_noise': 0.11690414926831459, 'A_repulsion': 0.09652127551159645, 'gamma': 0.41957972343725514, 'sigma_update': 0.30091685231722376, 'eta_learning': 0.885317378141274, 'sigma_boundary': 3.32915036117338, 'alpha': 0.5760720211035003}. Best is trial 176 with value: 0.09002024549104617.
[I 2026-03-04 14:41:15,932] Trial 196 finished with value: 0.17000962642208278 and parameters: {'sigma_noise': 0.23239767777641857, 'A_repulsion': 0.01431661825167671, 'gamma': 0.48055140340774444, 'sigma_update': 0.05616768848048824, 'eta_learning': 0.9164933444494764, 'sigma_boundary': 4.863828204570404, 'alpha': 0.5262786883527354}. Best is trial 176 with value: 0.09002024549104617.
[I 2026-03-04 14:41:18,651] Trial 199 finished with value: 0.11475826418292497 and parameters: {'sigma_noise': 0.1696981692838091, 'A_repulsion': 0.10252519454497913, 'gamma': 0.23490360034480864, 'sigma_update': 0.19005669749963516, 'eta_learning': 1.5872224734622842, 'sigma_boundary': 3.215685764691375, 'alpha': 0.5493752476141195}. Best is trial 176 with value: 0.09002024549104617.
[I 2026-03-04 14:41:24,099] Trial 197 finished with value: 0.11862594098950957 and parameters: {'sigma_noise': 0.20978293222846517, 'A_repulsion': 0.15489124676067365, 'gamma': 0.2946493203857189, 'sigma_update': 0.3432791014971253, 'eta_learning': 0.5594021278567526, 'sigma_boundary': 3.7224625618359832, 'alpha': 0.6672213066168503}. Best is trial 176 with value: 0.09002024549104617.
[I 2026-03-04 14:41:24,571] Trial 198 finished with value: 0.22157193094604044 and parameters: {'sigma_noise': 0.19961497856390137, 'A_repulsion': 0.17650465040126978, 'gamma': 0.655381348435008, 'sigma_update': 0.1372163068225463, 'eta_learning': 0.9355868320959977, 'sigma_boundary': 5.041885182884489, 'alpha': 0.36547550078740987}. Best is trial 176 with value: 0.09002024549104617.
[I 2026-03-04 14:41:37,871] A new study created in memory with name: no-name-febdad18-b228-4896-ab2d-c1f7330856c6
[I 2026-03-04 14:46:22,619] Trial 16 finished with value: 0.6650557459210229 and parameters: {'sigma_noise': 0.12401518200429949, 'A_repulsion': 0.15021921106138753, 'gamma': 0.8296749488387387, 'sigma_update': 0.41380568422746644, 'eta_learning': 1.3166369542641123, 'sigma_boundary': 6.007334657557955, 'alpha': 0.21666519622479408}. Best is trial 16 with value: 0.6650557459210229.
[I 2026-03-04 14:46:56,338] Trial 1 finished with value: 0.244143431627078 and parameters: {'sigma_noise': 0.13243226518980156, 'A_repulsion': 0.22841744195145658, 'gamma': 0.3323877042596184, 'sigma_update': 0.507124235791856, 'eta_learning': 1.1137577190167238, 'sigma_boundary': 3.4744583037060486, 'alpha': 0.623776638449399}. Best is trial 1 with value: 0.244143431627078.
[I 2026-03-04 14:47:07,031] Trial 4 finished with value: 0.554729400191875 and parameters: {'sigma_noise': 0.1434583792218621, 'A_repulsion': 0.26026351778627255, 'gamma': 0.7350318335107116, 'sigma_update': 0.02516578499673307, 'eta_learning': 0.6274600224421678, 'sigma_boundary': 1.4907670792621783, 'alpha': 0.6778271726487258}. Best is trial 1 with value: 0.244143431627078.
[I 2026-03-04 14:47:26,312] Trial 13 finished with value: 0.176013790176558 and parameters: {'sigma_noise': 0.12048819547068015, 'A_repulsion': 0.3802496704503299, 'gamma': 0.8153213345866922, 'sigma_update': 0.4360794711664369, 'eta_learning': 1.8668224273365894, 'sigma_boundary': 7.116173968881161, 'alpha': 0.4909020603163904}. Best is trial 13 with value: 0.176013790176558.
[I 2026-03-04 14:47:28,706] Trial 18 finished with value: 0.1701309511207888 and parameters: {'sigma_noise': 0.14562081393429133, 'A_repulsion': 0.29786193565413926, 'gamma': 0.2919218865575976, 'sigma_update': 0.38297951090783944, 'eta_learning': 0.8299028213752891, 'sigma_boundary': 1.6779184869712425, 'alpha': 0.6219478680931969}. Best is trial 18 with value: 0.1701309511207888.
[I 2026-03-04 14:47:52,560] Trial 12 finished with value: 1.9911147323796496 and parameters: {'sigma_noise': 0.11861844847888602, 'A_repulsion': 0.4696152060744667, 'gamma': 0.6620953885667863, 'sigma_update': 0.5935501175752839, 'eta_learning': 0.7477726350860059, 'sigma_boundary': 2.6960596786090045, 'alpha': 0.11615127827530947}. Best is trial 18 with value: 0.1701309511207888.
[I 2026-03-04 14:48:00,015] Trial 19 finished with value: 0.1274382078409828 and parameters: {'sigma_noise': 0.20822547933431407, 'A_repulsion': 0.2677299884167979, 'gamma': 0.5990457519968176, 'sigma_update': 0.5324145282246541, 'eta_learning': 1.2545075920048734, 'sigma_boundary': 1.9898431456666188, 'alpha': 0.8987439402986354}. Best is trial 19 with value: 0.1274382078409828.
[I 2026-03-04 14:48:02,065] Trial 2 finished with value: 0.11436685427297785 and parameters: {'sigma_noise': 0.1983251154863857, 'A_repulsion': 0.2464601411343163, 'gamma': 0.7393574825575848, 'sigma_update': 0.5231992492315104, 'eta_learning': 0.4919532419481061, 'sigma_boundary': 3.582229352560858, 'alpha': 0.8120070951422725}. Best is trial 2 with value: 0.11436685427297785.
[I 2026-03-04 14:48:09,192] Trial 0 finished with value: 0.7232944900994287 and parameters: {'sigma_noise': 0.21725347949028367, 'A_repulsion': 0.26120870692220166, 'gamma': 0.6594677520701935, 'sigma_update': 0.30190839449876233, 'eta_learning': 1.1938344893012314, 'sigma_boundary': 0.560703408021145, 'alpha': 0.26389842149511256}. Best is trial 2 with value: 0.11436685427297785.
[I 2026-03-04 14:48:09,541] Trial 11 finished with value: 2.3288420132691696 and parameters: {'sigma_noise': 0.3615438733917776, 'A_repulsion': 0.07457256254281902, 'gamma': 0.9648134955215479, 'sigma_update': 0.5713301983432714, 'eta_learning': 0.659565054271577, 'sigma_boundary': 1.3974625068766091, 'alpha': 0.0012796569224946541}. Best is trial 2 with value: 0.11436685427297785.
[I 2026-03-04 14:48:28,630] Trial 7 finished with value: 0.1274869501414287 and parameters: {'sigma_noise': 0.22854661791805242, 'A_repulsion': 0.30413066004281575, 'gamma': 0.6495509069058673, 'sigma_update': 0.20853609074900167, 'eta_learning': 1.8522787007184516, 'sigma_boundary': 2.1079722730272072, 'alpha': 0.5486832234833611}. Best is trial 2 with value: 0.11436685427297785.
[I 2026-03-04 14:48:42,438] Trial 9 finished with value: 0.27685242123757503 and parameters: {'sigma_noise': 0.43780416548951034, 'A_repulsion': 0.07351816650019544, 'gamma': 0.3145976074473076, 'sigma_update': 0.4214602761288802, 'eta_learning': 0.1510467889145023, 'sigma_boundary': 0.31701304295941013, 'alpha': 0.7541040891212422}. Best is trial 2 with value: 0.11436685427297785.
[I 2026-03-04 14:48:45,629] Trial 10 finished with value: 0.20528754937103394 and parameters: {'sigma_noise': 0.21420000467513006, 'A_repulsion': 0.36581380612265113, 'gamma': 0.943688349686424, 'sigma_update': 0.5475592679016528, 'eta_learning': 1.229854927685674, 'sigma_boundary': 8.300819701461972, 'alpha': 0.5285666249860942}. Best is trial 2 with value: 0.11436685427297785.
[I 2026-03-04 14:48:49,284] Trial 5 finished with value: 0.45131774877402975 and parameters: {'sigma_noise': 0.30991363366823854, 'A_repulsion': 0.2890661098426652, 'gamma': 0.4050979796439055, 'sigma_update': 0.6620348209759155, 'eta_learning': 1.818360986470295, 'sigma_boundary': 0.8484337543794326, 'alpha': 0.7047943191858157}. Best is trial 2 with value: 0.11436685427297785.
[I 2026-03-04 14:49:09,589] Trial 14 finished with value: 0.1641837041483724 and parameters: {'sigma_noise': 0.27454494462296775, 'A_repulsion': 0.44363070436913365, 'gamma': 0.7483655171159285, 'sigma_update': 0.6294294118498893, 'eta_learning': 2.189525169553337, 'sigma_boundary': 8.818064868683361, 'alpha': 0.9869114502482988}. Best is trial 2 with value: 0.11436685427297785.
[I 2026-03-04 14:49:21,735] Trial 17 finished with value: 0.27208501689948145 and parameters: {'sigma_noise': 0.40817114622950695, 'A_repulsion': 0.24406564355453003, 'gamma': 0.30262547553588187, 'sigma_update': 0.24706405301125386, 'eta_learning': 1.113522566017547, 'sigma_boundary': 0.05923250692917191, 'alpha': 0.6191077758036637}. Best is trial 2 with value: 0.11436685427297785.
[I 2026-03-04 14:49:25,512] Trial 3 finished with value: 2.4664027712250283 and parameters: {'sigma_noise': 0.3861642534491142, 'A_repulsion': 0.35256384960626264, 'gamma': 0.33692119610321863, 'sigma_update': 0.34885095151397044, 'eta_learning': 1.6572349615923736, 'sigma_boundary': 2.174649328287091, 'alpha': 0.017686213695701447}. Best is trial 2 with value: 0.11436685427297785.
[I 2026-03-04 14:49:32,896] Trial 8 finished with value: 1.778799917151554 and parameters: {'sigma_noise': 0.3647740394117716, 'A_repulsion': 0.4027011927409598, 'gamma': 0.6797527234220904, 'sigma_update': 0.013952482935732643, 'eta_learning': 1.90822144362514, 'sigma_boundary': 9.416079324728779, 'alpha': 0.4401989572633168}. Best is trial 2 with value: 0.11436685427297785.
[I 2026-03-04 14:49:34,482] Trial 6 finished with value: 2.4635936019871014 and parameters: {'sigma_noise': 0.3634954169848138, 'A_repulsion': 0.4609867292070374, 'gamma': 0.5621766047072292, 'sigma_update': 0.557132016984211, 'eta_learning': 1.8661425205232909, 'sigma_boundary': 7.369016219603671, 'alpha': 0.16840435973106938}. Best is trial 2 with value: 0.11436685427297785.
[I 2026-03-04 14:49:38,028] Trial 15 finished with value: 0.4587722965599649 and parameters: {'sigma_noise': 0.4187843616089569, 'A_repulsion': 0.3534339570101332, 'gamma': 0.8964285312478191, 'sigma_update': 0.1077135362088107, 'eta_learning': 2.024773135548307, 'sigma_boundary': 9.085026737727107, 'alpha': 0.634848038775065}. Best is trial 2 with value: 0.11436685427297785.
[I 2026-03-04 14:52:49,183] Trial 22 finished with value: 0.6249554644726585 and parameters: {'sigma_noise': 0.1431136356809754, 'A_repulsion': 0.15784046159249096, 'gamma': 0.5493417135876606, 'sigma_update': 0.43995863691303944, 'eta_learning': 1.5787188336697584, 'sigma_boundary': 6.583380130518989, 'alpha': 0.2851350901008467}. Best is trial 2 with value: 0.11436685427297785.
[I 2026-03-04 14:53:41,505] Trial 20 finished with value: 0.20001790056878727 and parameters: {'sigma_noise': 0.3196189542812983, 'A_repulsion': 0.1276799541670749, 'gamma': 0.39737072474503576, 'sigma_update': 0.33120910336348874, 'eta_learning': 2.117402318451232, 'sigma_boundary': 6.25974807350635, 'alpha': 0.8610600321829138}. Best is trial 2 with value: 0.11436685427297785.
[I 2026-03-04 14:53:41,625] Trial 25 finished with value: 0.20206885489435433 and parameters: {'sigma_noise': 0.17021824521539292, 'A_repulsion': 0.10529914596350395, 'gamma': 0.19155890781463564, 'sigma_update': 0.2882007729942358, 'eta_learning': 1.837419151800297, 'sigma_boundary': 5.528822905459748, 'alpha': 0.5526782825454517}. Best is trial 2 with value: 0.11436685427297785.
[I 2026-03-04 14:53:47,210] Trial 29 finished with value: 0.3294520331356172 and parameters: {'sigma_noise': 0.2060030214454388, 'A_repulsion': 0.0611672401380535, 'gamma': 0.5000432919865428, 'sigma_update': 0.1550753265733004, 'eta_learning': 1.397575497073235, 'sigma_boundary': 3.2941911128334342, 'alpha': 0.31656034005970046}. Best is trial 2 with value: 0.11436685427297785.
[I 2026-03-04 14:54:20,793] Trial 27 finished with value: 0.33171304321467704 and parameters: {'sigma_noise': 0.2100394070950961, 'A_repulsion': 0.16059887266219286, 'gamma': 0.21586752596653136, 'sigma_update': 0.4352563698822102, 'eta_learning': 1.3027046777903029, 'sigma_boundary': 2.499276931238079, 'alpha': 0.47253205540004783}. Best is trial 2 with value: 0.11436685427297785.
