[I 2026-03-04 14:46:22,296] Trial 182 finished with value: 0.3289472819976434 and parameters: {'sigma_noise': 0.08094878307301667, 'A_repulsion': 0.11376746945755017, 'gamma': 0.4408143313427076, 'sigma_update': 0.4849531551366473, 'eta_learning': 2.544446313737298, 'sigma_boundary': 2.148146476674813, 'alpha': 0.31715590123879156}. Best is trial 42 with value: 0.08987863759392348.
[I 2026-03-04 14:46:24,624] Trial 183 finished with value: 0.1073552604314191 and parameters: {'sigma_noise': 0.07615041805188312, 'A_repulsion': 0.036504576421979934, 'gamma': 0.5414430206858742, 'sigma_update': 0.1755535826246388, 'eta_learning': 0.7440514807070915, 'sigma_boundary': 1.1206668384554208, 'alpha': 0.41790077593100394}. Best is trial 42 with value: 0.08987863759392348.
[I 2026-03-04 14:46:36,878] Trial 176 finished with value: 0.13443188536739595 and parameters: {'sigma_noise': 0.16771194610787032, 'A_repulsion': 0.079919419248569, 'gamma': 0.5490782700286357, 'sigma_update': 0.0568096366383866, 'eta_learning': 2.01074439614322, 'sigma_boundary': 6.093724168637404, 'alpha': 0.5863076082487775}. Best is trial 42 with value: 0.08987863759392348.
[I 2026-03-04 14:46:42,873] Trial 167 finished with value: 0.11843685108774368 and parameters: {'sigma_noise': 0.2249445921423554, 'A_repulsion': 0.14741940845404283, 'gamma': 0.6559787290854983, 'sigma_update': 0.2122850261572291, 'eta_learning': 1.0472480030555942, 'sigma_boundary': 5.093253938858203, 'alpha': 0.47249248461159854}. Best is trial 42 with value: 0.08987863759392348.
[I 2026-03-04 14:46:44,970] Trial 162 finished with value: 0.27892650265267815 and parameters: {'sigma_noise': 0.2106336425109797, 'A_repulsion': 0.2795158512482462, 'gamma': 0.5627228712128178, 'sigma_update': 0.212003852739055, 'eta_learning': 2.2422287592192167, 'sigma_boundary': 3.992824484534868, 'alpha': 0.38047987975869174}. Best is trial 42 with value: 0.08987863759392348.
[I 2026-03-04 14:46:57,179] Trial 170 finished with value: 0.11244005045829891 and parameters: {'sigma_noise': 0.22441304734156858, 'A_repulsion': 0.14294819310890855, 'gamma': 0.6353794173520226, 'sigma_update': 0.27385070484836477, 'eta_learning': 0.9788743610882614, 'sigma_boundary': 8.544366837427116, 'alpha': 0.5472273428344807}. Best is trial 42 with value: 0.08987863759392348.
[I 2026-03-04 14:47:03,252] Trial 185 finished with value: 0.08760831305892883 and parameters: {'sigma_noise': 0.10964952544806404, 'A_repulsion': 0.07441872021665873, 'gamma': 0.6255554027763333, 'sigma_update': 0.0904674513178542, 'eta_learning': 1.5358158343336743, 'sigma_boundary': 1.2668354684345935, 'alpha': 0.37148208477207123}. Best is trial 185 with value: 0.08760831305892883.
[I 2026-03-04 14:47:14,801] Trial 168 finished with value: 0.11684786493619195 and parameters: {'sigma_noise': 0.21712367989827341, 'A_repulsion': 0.22116787109305452, 'gamma': 0.5406055024256124, 'sigma_update': 0.18807491766417808, 'eta_learning': 1.2825809176406502, 'sigma_boundary': 2.376500400824942, 'alpha': 0.9499634287455365}. Best is trial 185 with value: 0.08760831305892883.
[I 2026-03-04 14:47:34,014] Trial 187 finished with value: 0.5038578764637444 and parameters: {'sigma_noise': 0.10516870880165076, 'A_repulsion': 0.142502880847471, 'gamma': 0.2735973170892369, 'sigma_update': 0.3792963931089877, 'eta_learning': 2.186629256706349, 'sigma_boundary': 3.481294942284704, 'alpha': 0.22247530980252145}. Best is trial 185 with value: 0.08760831305892883.
[I 2026-03-04 14:47:43,493] Trial 174 finished with value: 0.09506559720696589 and parameters: {'sigma_noise': 0.2230474132910188, 'A_repulsion': 0.21067438945156186, 'gamma': 0.5076512348891336, 'sigma_update': 0.3284314122669188, 'eta_learning': 2.38753317261859, 'sigma_boundary': 0.6181581331488372, 'alpha': 0.6675202730152732}. Best is trial 185 with value: 0.08760831305892883.
[I 2026-03-04 14:47:50,573] Trial 173 finished with value: 0.2068100202138126 and parameters: {'sigma_noise': 0.3259526560498128, 'A_repulsion': 0.05487981344845637, 'gamma': 0.36647482531833514, 'sigma_update': 0.13062230228351698, 'eta_learning': 1.7536501794459192, 'sigma_boundary': 0.3729844980531911, 'alpha': 0.6603216432631276}. Best is trial 185 with value: 0.08760831305892883.
[I 2026-03-04 14:47:53,967] Trial 171 finished with value: 0.12304578046104218 and parameters: {'sigma_noise': 0.2802752324351717, 'A_repulsion': 0.13845541094611535, 'gamma': 0.7979665570722531, 'sigma_update': 0.45908425814724385, 'eta_learning': 1.421733435214462, 'sigma_boundary': 2.756504895172909, 'alpha': 0.6215872534271903}. Best is trial 185 with value: 0.08760831305892883.
[I 2026-03-04 14:48:02,035] Trial 169 finished with value: 0.21385228492949065 and parameters: {'sigma_noise': 0.3476249440121596, 'A_repulsion': 0.17361634775139984, 'gamma': 0.5382394035150763, 'sigma_update': 0.24064287398211115, 'eta_learning': 2.1931218606447898, 'sigma_boundary': 5.107190490084889, 'alpha': 0.5075911601624049}. Best is trial 185 with value: 0.08760831305892883.
[I 2026-03-04 14:48:11,391] Trial 181 finished with value: 0.40955304292067807 and parameters: {'sigma_noise': 0.15987590618402242, 'A_repulsion': 0.2726495618167959, 'gamma': 0.4254483577214252, 'sigma_update': 0.3801977436305336, 'eta_learning': 1.5909129201886758, 'sigma_boundary': 2.0616857176510326, 'alpha': 0.3313142660370755}. Best is trial 185 with value: 0.08760831305892883.
[I 2026-03-04 14:48:14,139] Trial 178 finished with value: 0.10920376577403895 and parameters: {'sigma_noise': 0.23265245359422887, 'A_repulsion': 0.19828164997235265, 'gamma': 0.611121426549656, 'sigma_update': 0.25933492795279645, 'eta_learning': 1.7056362706662405, 'sigma_boundary': 5.273269503420953, 'alpha': 0.5798608869464452}. Best is trial 185 with value: 0.08760831305892883.
[I 2026-03-04 14:48:19,166] Trial 184 finished with value: 0.10996970040409833 and parameters: {'sigma_noise': 0.20965357195319195, 'A_repulsion': 0.11214334228481002, 'gamma': 0.493843281446228, 'sigma_update': 0.14394607904689688, 'eta_learning': 1.7444482657065168, 'sigma_boundary': 4.7193914331374645, 'alpha': 0.7589981486723796}. Best is trial 185 with value: 0.08760831305892883.
[I 2026-03-04 14:48:35,300] Trial 194 finished with value: 0.10297428398945643 and parameters: {'sigma_noise': 0.1727658172430382, 'A_repulsion': 0.0021013930239778683, 'gamma': 0.649651342048322, 'sigma_update': 0.1700481092310918, 'eta_learning': 1.741965172577913, 'sigma_boundary': 2.218403182175733, 'alpha': 0.7133253308475783}. Best is trial 185 with value: 0.08760831305892883.
[I 2026-03-04 14:48:43,912] Trial 186 finished with value: 0.1973854487712329 and parameters: {'sigma_noise': 0.1786647341734845, 'A_repulsion': 0.17137980327434454, 'gamma': 0.5139175449962049, 'sigma_update': 0.40930130110940854, 'eta_learning': 1.9226534817286813, 'sigma_boundary': 1.5135356353296723, 'alpha': 0.45804804431819085}. Best is trial 185 with value: 0.08760831305892883.
[I 2026-03-04 14:48:48,013] Trial 193 finished with value: 0.11964152092069 and parameters: {'sigma_noise': 0.18353235063395806, 'A_repulsion': 0.0013662483147733467, 'gamma': 0.7446330462229446, 'sigma_update': 0.18155922092729299, 'eta_learning': 1.685251286242899, 'sigma_boundary': 3.952269146524981, 'alpha': 0.4453020994037884}. Best is trial 185 with value: 0.08760831305892883.
[I 2026-03-04 14:48:49,525] Trial 177 finished with value: 0.1892774481138612 and parameters: {'sigma_noise': 0.27142082862321154, 'A_repulsion': 0.29513015222300987, 'gamma': 0.45681920459675873, 'sigma_update': 0.09520908301657427, 'eta_learning': 1.4705939402027755, 'sigma_boundary': 0.6508201238489543, 'alpha': 0.4472529019858611}. Best is trial 185 with value: 0.08760831305892883.
[I 2026-03-04 14:48:52,127] Trial 188 finished with value: 0.08962965388056317 and parameters: {'sigma_noise': 0.17768246966168055, 'A_repulsion': 0.18728042783661902, 'gamma': 0.6509690218326829, 'sigma_update': 0.18294530720323784, 'eta_learning': 1.512486065321183, 'sigma_boundary': 1.821455069374649, 'alpha': 0.532584801996919}. Best is trial 185 with value: 0.08760831305892883.
[I 2026-03-04 14:48:55,236] Trial 189 finished with value: 0.10063372921143826 and parameters: {'sigma_noise': 0.14071963402466464, 'A_repulsion': 0.15409783935218163, 'gamma': 0.8005513887087562, 'sigma_update': 0.3364090949798054, 'eta_learning': 1.9492943547653994, 'sigma_boundary': 2.2075544316120155, 'alpha': 0.7747327078660922}. Best is trial 185 with value: 0.08760831305892883.
[I 2026-03-04 14:48:57,384] Trial 190 finished with value: 0.10945024946461213 and parameters: {'sigma_noise': 0.15838175856757764, 'A_repulsion': 0.14694167349138665, 'gamma': 0.5666218361903623, 'sigma_update': 0.29336956847759343, 'eta_learning': 1.8169258281910823, 'sigma_boundary': 4.864711079574932, 'alpha': 0.5789766140062732}. Best is trial 185 with value: 0.08760831305892883.
[I 2026-03-04 14:48:59,467] Trial 192 finished with value: 0.39165607770877264 and parameters: {'sigma_noise': 0.15149099080436967, 'A_repulsion': 0.16064643133711992, 'gamma': 0.5306656562703069, 'sigma_update': 0.34399747372966594, 'eta_learning': 1.088371730729618, 'sigma_boundary': 3.129321858119512, 'alpha': 0.28707404470981257}. Best is trial 185 with value: 0.08760831305892883.
[I 2026-03-04 14:49:03,840] Trial 195 finished with value: 0.3183649817951275 and parameters: {'sigma_noise': 0.11770785423510582, 'A_repulsion': 0.13859578072703724, 'gamma': 0.9223655620286334, 'sigma_update': 0.4506599675229326, 'eta_learning': 1.6313297819419006, 'sigma_boundary': 0.8842334051466031, 'alpha': 0.2978038926945558}. Best is trial 185 with value: 0.08760831305892883.
[I 2026-03-04 14:49:08,660] Trial 197 finished with value: 0.10782123126615975 and parameters: {'sigma_noise': 0.10040047349085605, 'A_repulsion': 0.08879652639494817, 'gamma': 0.5778555562610945, 'sigma_update': 0.16812981296383497, 'eta_learning': 2.3228458757785755, 'sigma_boundary': 3.187704916544197, 'alpha': 0.6632280389209603}. Best is trial 185 with value: 0.08760831305892883.
[I 2026-03-04 14:49:12,386] Trial 191 finished with value: 0.30771780377319036 and parameters: {'sigma_noise': 0.23652836208212014, 'A_repulsion': 0.13946505558069913, 'gamma': 0.6471819866914135, 'sigma_update': 0.10236836265181197, 'eta_learning': 2.38026411109415, 'sigma_boundary': 0.28165865335139945, 'alpha': 0.3153880310061592}. Best is trial 185 with value: 0.08760831305892883.
[I 2026-03-04 14:49:16,339] Trial 196 finished with value: 0.09715368813003007 and parameters: {'sigma_noise': 0.1906166740114687, 'A_repulsion': 0.12384388523982168, 'gamma': 0.8154826585670794, 'sigma_update': 0.4573116896248057, 'eta_learning': 1.6801611121287907, 'sigma_boundary': 0.41252558216250934, 'alpha': 0.6304019971557832}. Best is trial 185 with value: 0.08760831305892883.
[I 2026-03-04 14:49:20,924] Trial 199 finished with value: 0.12577754551963177 and parameters: {'sigma_noise': 0.285302434180745, 'A_repulsion': 0.05090486016685654, 'gamma': 0.407787891639406, 'sigma_update': 0.2354526714007821, 'eta_learning': 2.322494714035263, 'sigma_boundary': 0.22826251630563626, 'alpha': 0.6221322116256295}. Best is trial 185 with value: 0.08760831305892883.
[I 2026-03-04 14:49:23,008] Trial 198 finished with value: 0.6454496049167517 and parameters: {'sigma_noise': 0.3041204345792432, 'A_repulsion': 0.17089057885526962, 'gamma': 0.5069989963107568, 'sigma_update': 0.02559180602993974, 'eta_learning': 1.0002845152467572, 'sigma_boundary': 1.6354920789610374, 'alpha': 0.736016141010641}. Best is trial 185 with value: 0.08760831305892883.
[I 2026-03-04 14:49:33,431] A new study created in memory with name: no-name-a9969e47-13ee-4ba6-9be2-a6d76d5b7601
[I 2026-03-04 14:58:33,502] Trial 23 finished with value: 0.19134578232791 and parameters: {'sigma_noise': 0.06067961921260037, 'A_repulsion': 0.02841649971275162, 'gamma': 0.8462249084783894, 'sigma_update': 0.31845695399534085, 'eta_learning': 2.743467927111057, 'sigma_boundary': 8.164044735021756, 'alpha': 0.5738491404679456}. Best is trial 23 with value: 0.19134578232791.
[I 2026-03-04 14:58:56,093] Trial 12 finished with value: 0.45842773916175494 and parameters: {'sigma_noise': 0.0838526080742151, 'A_repulsion': 0.05784106603967987, 'gamma': 0.03313599378210975, 'sigma_update': 0.5874431564428799, 'eta_learning': 1.0932302489628973, 'sigma_boundary': 3.193331968124322, 'alpha': 0.3042967305898929}. Best is trial 23 with value: 0.19134578232791.
[I 2026-03-04 14:59:14,719] Trial 4 finished with value: 0.17619261625731314 and parameters: {'sigma_noise': 0.07745841418313369, 'A_repulsion': 0.08416108240395287, 'gamma': 0.11512977916660948, 'sigma_update': 0.07471485802249175, 'eta_learning': 2.616726982500939, 'sigma_boundary': 3.6880237895943417, 'alpha': 0.8865367908570824}. Best is trial 4 with value: 0.17619261625731314.
[I 2026-03-04 14:59:15,534] Trial 15 finished with value: 0.16479914237355572 and parameters: {'sigma_noise': 0.09721811998381323, 'A_repulsion': 0.062164214028365805, 'gamma': 0.19904940873930987, 'sigma_update': 0.2894553671046502, 'eta_learning': 2.5610139317994602, 'sigma_boundary': 2.3459725456761356, 'alpha': 0.7337037044061879}. Best is trial 15 with value: 0.16479914237355572.
[I 2026-03-04 14:59:31,687] Trial 18 finished with value: 0.5470909922001226 and parameters: {'sigma_noise': 0.08877947658217661, 'A_repulsion': 0.12808642442000595, 'gamma': 0.1646907565662955, 'sigma_update': 0.5435449055673612, 'eta_learning': 2.232282620393587, 'sigma_boundary': 3.7179321012879623, 'alpha': 0.30542958185220637}. Best is trial 15 with value: 0.16479914237355572.
[I 2026-03-04 15:00:04,510] Trial 38 finished with value: 0.1052792563388611 and parameters: {'sigma_noise': 0.09765024436708858, 'A_repulsion': 0.10535310716465762, 'gamma': 0.5614828167550671, 'sigma_update': 0.6564684507033525, 'eta_learning': 0.7153325956894364, 'sigma_boundary': 0.33079038661592214, 'alpha': 0.643039792877232}. Best is trial 38 with value: 0.1052792563388611.
[I 2026-03-04 15:00:12,947] Trial 13 finished with value: 0.37754865610557947 and parameters: {'sigma_noise': 0.09330879521495637, 'A_repulsion': 0.18237546673378952, 'gamma': 0.40979686477483757, 'sigma_update': 0.026317508665364468, 'eta_learning': 2.3147277698770936, 'sigma_boundary': 3.755995370597553, 'alpha': 0.5097317348744781}. Best is trial 38 with value: 0.1052792563388611.
[I 2026-03-04 15:00:40,916] Trial 32 finished with value: 0.6033802679164246 and parameters: {'sigma_noise': 0.05874782487828183, 'A_repulsion': 0.3157942153023914, 'gamma': 0.8488116145969475, 'sigma_update': 0.5985184457602717, 'eta_learning': 2.4678340985757563, 'sigma_boundary': 2.339911987730135, 'alpha': 0.2882014482109826}. Best is trial 38 with value: 0.1052792563388611.
[I 2026-03-04 15:00:43,282] Trial 36 finished with value: 0.17222890522470738 and parameters: {'sigma_noise': 0.08267063924490747, 'A_repulsion': 0.2648057349221211, 'gamma': 0.6821373158966917, 'sigma_update': 0.2503680812152773, 'eta_learning': 1.8911814661387873, 'sigma_boundary': 3.26644829994725, 'alpha': 0.9318956050271473}. Best is trial 38 with value: 0.1052792563388611.
[I 2026-03-04 15:00:57,432] Trial 37 finished with value: 0.1323277559029498 and parameters: {'sigma_noise': 0.15409314302886862, 'A_repulsion': 0.06992420841040486, 'gamma': 0.5482670326766759, 'sigma_update': 0.6154955574564559, 'eta_learning': 0.40584112186477905, 'sigma_boundary': 5.5948211596376485, 'alpha': 0.8009999955362258}. Best is trial 38 with value: 0.1052792563388611.
[I 2026-03-04 15:01:42,853] Trial 16 finished with value: 0.17927919918566576 and parameters: {'sigma_noise': 0.20426955064108626, 'A_repulsion': 0.08702621851454295, 'gamma': 0.07750056377139118, 'sigma_update': 0.21142533571732078, 'eta_learning': 1.347195731882349, 'sigma_boundary': 3.0894549035850436, 'alpha': 0.38734007043508834}. Best is trial 38 with value: 0.1052792563388611.
[I 2026-03-04 15:02:08,906] Trial 2 finished with value: 0.12607997074172206 and parameters: {'sigma_noise': 0.2355669092822113, 'A_repulsion': 0.08407279639529036, 'gamma': 0.6563325885645057, 'sigma_update': 0.15876175898737957, 'eta_learning': 1.2859845082116919, 'sigma_boundary': 6.678339580846287, 'alpha': 0.5440394466144604}. Best is trial 38 with value: 0.1052792563388611.
[I 2026-03-04 15:02:14,053] Trial 21 finished with value: 0.15721047419612197 and parameters: {'sigma_noise': 0.11763770719986764, 'A_repulsion': 0.3278178829900797, 'gamma': 0.12753856485119272, 'sigma_update': 0.1823975007399375, 'eta_learning': 2.044496072031055, 'sigma_boundary': 6.6825516980715385, 'alpha': 0.522357450428368}. Best is trial 38 with value: 0.1052792563388611.
[I 2026-03-04 15:02:28,681] Trial 20 finished with value: 0.1615917363252706 and parameters: {'sigma_noise': 0.12879816558459622, 'A_repulsion': 0.36828782305609287, 'gamma': 0.04429003068053938, 'sigma_update': 0.2665523000004224, 'eta_learning': 0.9012925603539623, 'sigma_boundary': 0.5121745160927104, 'alpha': 0.44759741790900376}. Best is trial 38 with value: 0.1052792563388611.
[I 2026-03-04 15:02:30,252] Trial 3 finished with value: 0.2657848704407782 and parameters: {'sigma_noise': 0.0719782363024084, 'A_repulsion': 0.4964921744010087, 'gamma': 0.31049242168727, 'sigma_update': 0.1622909390044329, 'eta_learning': 0.6192830313220742, 'sigma_boundary': 7.381854135589597, 'alpha': 0.8254374248847777}. Best is trial 38 with value: 0.1052792563388611.
[I 2026-03-04 15:02:40,331] Trial 26 finished with value: 0.11861434161232393 and parameters: {'sigma_noise': 0.2099823123499463, 'A_repulsion': 0.18909259604817374, 'gamma': 0.884607309244037, 'sigma_update': 0.6560757611294673, 'eta_learning': 1.2507523981870547, 'sigma_boundary': 6.980879491187344, 'alpha': 0.9625373720716935}. Best is trial 38 with value: 0.1052792563388611.
[I 2026-03-04 15:02:45,821] Trial 5 finished with value: 0.2128907633659257 and parameters: {'sigma_noise': 0.2973978852409997, 'A_repulsion': 0.0641522438220698, 'gamma': 0.4832524775240142, 'sigma_update': 0.1880102746879222, 'eta_learning': 2.620854249144268, 'sigma_boundary': 6.536714781089815, 'alpha': 0.4407942401542002}. Best is trial 38 with value: 0.1052792563388611.
[I 2026-03-04 15:02:49,866] Trial 33 finished with value: 0.2333988638613992 and parameters: {'sigma_noise': 0.20007415319427974, 'A_repulsion': 0.20864873747882057, 'gamma': 0.46192948993607397, 'sigma_update': 0.4489069891648653, 'eta_learning': 0.7087954896808241, 'sigma_boundary': 5.896483776321883, 'alpha': 0.5864506229298674}. Best is trial 38 with value: 0.1052792563388611.
[I 2026-03-04 15:03:05,807] Trial 31 finished with value: 0.15801268049090655 and parameters: {'sigma_noise': 0.22572559217179217, 'A_repulsion': 0.1867645760357689, 'gamma': 0.4616833754416357, 'sigma_update': 0.14600234412738058, 'eta_learning': 1.6966210713114331, 'sigma_boundary': 2.492314937485148, 'alpha': 0.8916768955499406}. Best is trial 38 with value: 0.1052792563388611.
[I 2026-03-04 15:03:07,157] Trial 22 finished with value: 0.64349035968464 and parameters: {'sigma_noise': 0.2588326209715391, 'A_repulsion': 0.13789911738986, 'gamma': 0.47560554194270566, 'sigma_update': 0.6873856543118105, 'eta_learning': 2.6793677189801346, 'sigma_boundary': 7.563824492093494, 'alpha': 0.5354717838907804}. Best is trial 38 with value: 0.1052792563388611.
[I 2026-03-04 15:03:13,098] Trial 6 finished with value: 0.16011380517457535 and parameters: {'sigma_noise': 0.2949444744291375, 'A_repulsion': 0.08835029097187241, 'gamma': 0.35515990271097436, 'sigma_update': 0.17020783765452377, 'eta_learning': 1.1597882630433312, 'sigma_boundary': 3.042862752311486, 'alpha': 0.8499293014335763}. Best is trial 38 with value: 0.1052792563388611.
[I 2026-03-04 15:03:25,248] Trial 19 finished with value: 1.4447705250429506 and parameters: {'sigma_noise': 0.23893175647455644, 'A_repulsion': 0.20125222548656158, 'gamma': 0.8631417596426579, 'sigma_update': 0.014925661618380066, 'eta_learning': 2.9790116939212083, 'sigma_boundary': 0.7124089033066198, 'alpha': 0.3823191559981334}. Best is trial 38 with value: 0.1052792563388611.
[I 2026-03-04 15:04:01,512] Trial 10 finished with value: 0.18003888896024328 and parameters: {'sigma_noise': 0.15381641963629472, 'A_repulsion': 0.41415679736584593, 'gamma': 0.5194378701830692, 'sigma_update': 0.1835501813922589, 'eta_learning': 0.0778977802765227, 'sigma_boundary': 9.773939146762956, 'alpha': 0.8924598860696965}. Best is trial 38 with value: 0.1052792563388611.
[I 2026-03-04 15:04:21,387] Trial 39 finished with value: 0.21248909821407447 and parameters: {'sigma_noise': 0.3199724617455301, 'A_repulsion': 0.160363835281555, 'gamma': 0.23190077122479483, 'sigma_update': 0.09967298901282505, 'eta_learning': 1.7354145611536718, 'sigma_boundary': 0.3930631542406579, 'alpha': 0.44459669654804834}. Best is trial 38 with value: 0.1052792563388611.
[I 2026-03-04 15:04:35,497] Trial 11 finished with value: 0.45952799805501054 and parameters: {'sigma_noise': 0.433145303821988, 'A_repulsion': 0.04357294137433465, 'gamma': 0.0256429121035866, 'sigma_update': 0.32724329712760525, 'eta_learning': 0.299314091594935, 'sigma_boundary': 6.381053832155267, 'alpha': 0.3295958382811178}. Best is trial 38 with value: 0.1052792563388611.
[I 2026-03-04 15:04:36,643] Trial 30 finished with value: 1.9523452837857096 and parameters: {'sigma_noise': 0.44377135090670283, 'A_repulsion': 0.08402897548525246, 'gamma': 0.6517641846907068, 'sigma_update': 0.05476227651046584, 'eta_learning': 1.7065168549030836, 'sigma_boundary': 0.12534260050010643, 'alpha': 0.23290644746899736}. Best is trial 38 with value: 0.1052792563388611.
