[I 2026-03-04 15:04:44,756] Trial 7 finished with value: 0.17679046213754543 and parameters: {'sigma_noise': 0.21430518556637468, 'A_repulsion': 0.4398318981934766, 'gamma': 0.45361484739482455, 'sigma_update': 0.40986385945833603, 'eta_learning': 0.9904212227786893, 'sigma_boundary': 2.2583894345532816, 'alpha': 0.5823640302238063}. Best is trial 38 with value: 0.1052792563388611.
[I 2026-03-04 15:04:57,461] Trial 27 finished with value: 2.415204190526663 and parameters: {'sigma_noise': 0.3479589289396125, 'A_repulsion': 0.24217981176290865, 'gamma': 0.29695525455396954, 'sigma_update': 0.5822203855208283, 'eta_learning': 2.663676158222883, 'sigma_boundary': 9.677104585997608, 'alpha': 0.03204455898421554}. Best is trial 38 with value: 0.1052792563388611.
[I 2026-03-04 15:05:02,689] Trial 35 finished with value: 0.13636375030763728 and parameters: {'sigma_noise': 0.3647568049797684, 'A_repulsion': 0.17740581588377852, 'gamma': 0.8472518048657312, 'sigma_update': 0.2757558853934337, 'eta_learning': 0.24812760935609032, 'sigma_boundary': 3.106228945503518, 'alpha': 0.700121332050214}. Best is trial 38 with value: 0.1052792563388611.
[I 2026-03-04 15:05:25,353] Trial 24 finished with value: 0.1165426564676857 and parameters: {'sigma_noise': 0.24440037164624828, 'A_repulsion': 0.4777296932368586, 'gamma': 0.8895498894069597, 'sigma_update': 0.3028182885601465, 'eta_learning': 1.6368352319002124, 'sigma_boundary': 7.252587132247697, 'alpha': 0.6736514889534053}. Best is trial 38 with value: 0.1052792563388611.
[I 2026-03-04 15:05:32,970] Trial 34 finished with value: 0.7607727943642509 and parameters: {'sigma_noise': 0.3067360269752899, 'A_repulsion': 0.3062515166806207, 'gamma': 0.13112366617561366, 'sigma_update': 0.6387603965266752, 'eta_learning': 0.2222473581663617, 'sigma_boundary': 8.482461424260167, 'alpha': 0.34242125378806076}. Best is trial 38 with value: 0.1052792563388611.
[I 2026-03-04 15:05:36,693] Trial 28 finished with value: 2.4150885243134903 and parameters: {'sigma_noise': 0.4252184771829848, 'A_repulsion': 0.24270521562833447, 'gamma': 0.7175259511253099, 'sigma_update': 0.33284544168283825, 'eta_learning': 1.0504895510777577, 'sigma_boundary': 2.9688049568752786, 'alpha': 0.024705240411900697}. Best is trial 38 with value: 0.1052792563388611.
[I 2026-03-04 15:05:50,090] Trial 29 finished with value: 0.21783047608723138 and parameters: {'sigma_noise': 0.40836136170478604, 'A_repulsion': 0.2622632042584356, 'gamma': 0.4243950115825441, 'sigma_update': 0.2109661972331867, 'eta_learning': 0.6514552193727194, 'sigma_boundary': 8.1315962977838, 'alpha': 0.661855397262615}. Best is trial 38 with value: 0.1052792563388611.
[I 2026-03-04 15:06:00,948] Trial 25 finished with value: 0.2953437154216297 and parameters: {'sigma_noise': 0.4373205125227342, 'A_repulsion': 0.24864303072530397, 'gamma': 0.46397270958784115, 'sigma_update': 0.37486450976221075, 'eta_learning': 1.8574995501911908, 'sigma_boundary': 6.164104827451031, 'alpha': 0.7129058237715226}. Best is trial 38 with value: 0.1052792563388611.
[I 2026-03-04 15:06:06,304] Trial 14 finished with value: 0.33439638674477906 and parameters: {'sigma_noise': 0.2850353482527077, 'A_repulsion': 0.4822099635433912, 'gamma': 0.2754506034649696, 'sigma_update': 0.07838590183764095, 'eta_learning': 1.109584863657583, 'sigma_boundary': 7.193296327900517, 'alpha': 0.8256351812395829}. Best is trial 38 with value: 0.1052792563388611.
[I 2026-03-04 15:06:14,723] Trial 8 finished with value: 2.4153802414331227 and parameters: {'sigma_noise': 0.44542329049263546, 'A_repulsion': 0.30640516135450474, 'gamma': 0.6485052115184546, 'sigma_update': 0.42687261723009473, 'eta_learning': 0.8012921994372949, 'sigma_boundary': 4.503042630542292, 'alpha': 0.13194191766222652}. Best is trial 38 with value: 0.1052792563388611.
[I 2026-03-04 15:06:16,289] Trial 0 finished with value: 2.2525244873846697 and parameters: {'sigma_noise': 0.3725732903436491, 'A_repulsion': 0.39217910759097085, 'gamma': 0.3439349447152476, 'sigma_update': 0.694837322456298, 'eta_learning': 0.6303887818155879, 'sigma_boundary': 7.824802723664098, 'alpha': 0.27607548094406054}. Best is trial 38 with value: 0.1052792563388611.
[I 2026-03-04 15:06:24,947] Trial 9 finished with value: 2.499277180694234 and parameters: {'sigma_noise': 0.4131912801162032, 'A_repulsion': 0.397012319109435, 'gamma': 0.8724181248781256, 'sigma_update': 0.4206040766135046, 'eta_learning': 1.831783575238315, 'sigma_boundary': 5.139382254268914, 'alpha': 0.2141484072687858}. Best is trial 38 with value: 0.1052792563388611.
[I 2026-03-04 15:06:49,934] Trial 17 finished with value: 2.4148653295429385 and parameters: {'sigma_noise': 0.4466172957322864, 'A_repulsion': 0.42247445049863724, 'gamma': 0.6052032887693104, 'sigma_update': 0.35029977867456724, 'eta_learning': 2.1454880690472646, 'sigma_boundary': 9.984905493396289, 'alpha': 0.05157234635405672}. Best is trial 38 with value: 0.1052792563388611.
[I 2026-03-04 15:06:54,551] Trial 1 finished with value: 2.4148653295429385 and parameters: {'sigma_noise': 0.4414152709313263, 'A_repulsion': 0.4606168742647436, 'gamma': 0.6300244229748252, 'sigma_update': 0.39878709443270255, 'eta_learning': 0.4636828881551089, 'sigma_boundary': 7.742762406013127, 'alpha': 0.09808214841853491}. Best is trial 38 with value: 0.1052792563388611.
[I 2026-03-04 15:12:58,612] Trial 42 finished with value: 0.11830601121213022 and parameters: {'sigma_noise': 0.2044893285356123, 'A_repulsion': 0.19239851745935188, 'gamma': 0.5775165479136554, 'sigma_update': 0.17068382230382848, 'eta_learning': 2.106525209220709, 'sigma_boundary': 2.6719560587037026, 'alpha': 0.6220622783998855}. Best is trial 38 with value: 0.1052792563388611.
[I 2026-03-04 15:13:08,501] Trial 41 finished with value: 1.8116974016021679 and parameters: {'sigma_noise': 0.21596660210422208, 'A_repulsion': 0.21835437522667622, 'gamma': 0.800599209298611, 'sigma_update': 0.3347215097310862, 'eta_learning': 1.6585486217926777, 'sigma_boundary': 3.1032202228703802, 'alpha': 0.16708964843419827}. Best is trial 38 with value: 0.1052792563388611.
[I 2026-03-04 15:13:10,717] Trial 40 finished with value: 0.11163093840042465 and parameters: {'sigma_noise': 0.1837519773179172, 'A_repulsion': 0.30532636936367824, 'gamma': 0.8395527595643852, 'sigma_update': 0.2994180850697349, 'eta_learning': 1.9332721872223426, 'sigma_boundary': 2.86257761804727, 'alpha': 0.583201435565698}. Best is trial 38 with value: 0.1052792563388611.
[I 2026-03-04 15:14:35,263] Trial 60 finished with value: 0.18236809906708112 and parameters: {'sigma_noise': 0.09363380027166252, 'A_repulsion': 0.1682465400262957, 'gamma': 0.10946175611797547, 'sigma_update': 0.2938461159879548, 'eta_learning': 1.8033256128600863, 'sigma_boundary': 6.152442606907378, 'alpha': 0.7724847795974292}. Best is trial 38 with value: 0.1052792563388611.
[I 2026-03-04 15:14:36,961] Trial 44 finished with value: 0.6848620866867163 and parameters: {'sigma_noise': 0.2828116830365223, 'A_repulsion': 0.26179185578765435, 'gamma': 0.211141859349289, 'sigma_update': 0.4912124474899918, 'eta_learning': 2.0273890802388324, 'sigma_boundary': 4.6992032923908535, 'alpha': 0.4213751634852652}. Best is trial 38 with value: 0.1052792563388611.
[I 2026-03-04 15:14:52,733] Trial 45 finished with value: 1.5426365369169075 and parameters: {'sigma_noise': 0.30588268312033373, 'A_repulsion': 0.1302951942270906, 'gamma': 0.2698956204276475, 'sigma_update': 0.2938096603501574, 'eta_learning': 1.7176366913821444, 'sigma_boundary': 6.839771932999442, 'alpha': 0.22389445642791372}. Best is trial 38 with value: 0.1052792563388611.
[I 2026-03-04 15:15:02,374] Trial 51 finished with value: 0.19471064937267812 and parameters: {'sigma_noise': 0.16876629696855533, 'A_repulsion': 0.11936019734538117, 'gamma': 0.497617161164102, 'sigma_update': 0.4673810781298412, 'eta_learning': 0.8559904128618145, 'sigma_boundary': 5.5458542339299, 'alpha': 0.6363211099096344}. Best is trial 38 with value: 0.1052792563388611.
[I 2026-03-04 15:15:10,333] Trial 48 finished with value: 0.1602877278124254 and parameters: {'sigma_noise': 0.2024536957702155, 'A_repulsion': 0.27156247926540933, 'gamma': 0.6759840536644053, 'sigma_update': 0.33608770941677246, 'eta_learning': 1.8670454612038452, 'sigma_boundary': 3.282087382047383, 'alpha': 0.5123207533333549}. Best is trial 38 with value: 0.1052792563388611.
[I 2026-03-04 15:15:11,597] Trial 46 finished with value: 0.12974466282934316 and parameters: {'sigma_noise': 0.22746684417731883, 'A_repulsion': 0.2677808966463358, 'gamma': 0.5790693682044161, 'sigma_update': 0.31356887382620985, 'eta_learning': 1.804029341889473, 'sigma_boundary': 6.320474558244399, 'alpha': 0.6923116246861782}. Best is trial 38 with value: 0.1052792563388611.
[I 2026-03-04 15:15:28,679] Trial 43 finished with value: 2.4452633920887994 and parameters: {'sigma_noise': 0.39898408910003175, 'A_repulsion': 0.21507511736146612, 'gamma': 0.6697823483350386, 'sigma_update': 0.35147213748695266, 'eta_learning': 1.8536000558766745, 'sigma_boundary': 8.602558486560337, 'alpha': 0.17625725333355274}. Best is trial 38 with value: 0.1052792563388611.
[I 2026-03-04 15:15:38,495] Trial 49 finished with value: 0.46914613320217696 and parameters: {'sigma_noise': 0.2620764800657804, 'A_repulsion': 0.16305370035672212, 'gamma': 0.34393201729072104, 'sigma_update': 0.425603875865516, 'eta_learning': 0.48199968638511, 'sigma_boundary': 3.6656942892093665, 'alpha': 0.36757084430989906}. Best is trial 38 with value: 0.1052792563388611.
[I 2026-03-04 15:15:50,756] Trial 56 finished with value: 0.22345528112598773 and parameters: {'sigma_noise': 0.17890806753629074, 'A_repulsion': 0.18854309777173142, 'gamma': 0.31111485130123945, 'sigma_update': 0.39967271719581215, 'eta_learning': 2.1236988840651527, 'sigma_boundary': 6.938128319718288, 'alpha': 0.591323911377714}. Best is trial 38 with value: 0.1052792563388611.
[I 2026-03-04 15:16:01,262] Trial 47 finished with value: 1.0735117050399456 and parameters: {'sigma_noise': 0.31185200136367464, 'A_repulsion': 0.21765281343494208, 'gamma': 0.5335369120592943, 'sigma_update': 0.6406787230143769, 'eta_learning': 1.7959289946942005, 'sigma_boundary': 8.385716757123847, 'alpha': 0.405376153272449}. Best is trial 38 with value: 0.1052792563388611.
[I 2026-03-04 15:16:26,900] Trial 53 finished with value: 0.11735887070963531 and parameters: {'sigma_noise': 0.17612511531574637, 'A_repulsion': 0.24818649564972595, 'gamma': 0.71469682144606, 'sigma_update': 0.25227589064871814, 'eta_learning': 1.175380861130758, 'sigma_boundary': 5.1141238570740715, 'alpha': 0.6333138687574702}. Best is trial 38 with value: 0.1052792563388611.
[I 2026-03-04 15:17:00,349] Trial 62 finished with value: 0.29254484469456854 and parameters: {'sigma_noise': 0.1322026138672988, 'A_repulsion': 0.2756852375111255, 'gamma': 0.33190874762805445, 'sigma_update': 0.4726817952696513, 'eta_learning': 1.7581843170538995, 'sigma_boundary': 5.398988344986699, 'alpha': 0.536183965382903}. Best is trial 38 with value: 0.1052792563388611.
[I 2026-03-04 15:17:19,034] Trial 50 finished with value: 0.15810846038307613 and parameters: {'sigma_noise': 0.2856026023809075, 'A_repulsion': 0.2877056257852537, 'gamma': 0.516999471533905, 'sigma_update': 0.33984417404302897, 'eta_learning': 1.658016150176702, 'sigma_boundary': 5.117077491801962, 'alpha': 0.641017731367518}. Best is trial 38 with value: 0.1052792563388611.
[I 2026-03-04 15:17:41,176] Trial 57 finished with value: 0.11878730764442712 and parameters: {'sigma_noise': 0.22906758198295107, 'A_repulsion': 0.2552147669181235, 'gamma': 0.701540348658032, 'sigma_update': 0.2779711581700772, 'eta_learning': 1.4126617202912262, 'sigma_boundary': 1.5358534989462125, 'alpha': 0.5328689666703779}. Best is trial 38 with value: 0.1052792563388611.
[I 2026-03-04 15:17:44,038] Trial 58 finished with value: 0.13098917322058873 and parameters: {'sigma_noise': 0.24842851802456373, 'A_repulsion': 0.21276777035612554, 'gamma': 0.47122895488906175, 'sigma_update': 0.3242951516441534, 'eta_learning': 1.625746826884032, 'sigma_boundary': 0.37640426793283027, 'alpha': 0.7539082784346238}. Best is trial 38 with value: 0.1052792563388611.
[I 2026-03-04 15:17:51,023] Trial 71 finished with value: 1.2683035548265085 and parameters: {'sigma_noise': 0.14438312387565566, 'A_repulsion': 0.18164440274203258, 'gamma': 0.43535542486856393, 'sigma_update': 0.3023608633415258, 'eta_learning': 1.6252484360760633, 'sigma_boundary': 1.2137954958959882, 'alpha': 0.13579098418290347}. Best is trial 38 with value: 0.1052792563388611.
[I 2026-03-04 15:17:51,367] Trial 54 finished with value: 0.1998485367955497 and parameters: {'sigma_noise': 0.2312880605264085, 'A_repulsion': 0.29105712901736874, 'gamma': 0.6027028184040082, 'sigma_update': 0.26903492292475845, 'eta_learning': 1.3365912163186158, 'sigma_boundary': 5.606674670276872, 'alpha': 0.4442623366235158}. Best is trial 38 with value: 0.1052792563388611.
[I 2026-03-04 15:18:18,754] Trial 55 finished with value: 0.14624644362543898 and parameters: {'sigma_noise': 0.26798945813255626, 'A_repulsion': 0.3252191238060061, 'gamma': 0.5916524100581324, 'sigma_update': 0.2741030847507949, 'eta_learning': 2.1143430665333836, 'sigma_boundary': 1.5322480588278728, 'alpha': 0.5200459768183824}. Best is trial 38 with value: 0.1052792563388611.
[I 2026-03-04 15:18:21,683] Trial 52 finished with value: 0.2017069146178661 and parameters: {'sigma_noise': 0.3787592054392466, 'A_repulsion': 0.19629796358796484, 'gamma': 0.2924564878304208, 'sigma_update': 0.19398083631974655, 'eta_learning': 2.2580436604448404, 'sigma_boundary': 3.537311912287127, 'alpha': 0.5540928997149455}. Best is trial 38 with value: 0.1052792563388611.
[I 2026-03-04 15:18:33,453] Trial 59 finished with value: 0.8263544780167698 and parameters: {'sigma_noise': 0.26064067449872513, 'A_repulsion': 0.34528884424107575, 'gamma': 0.5608550466851963, 'sigma_update': 0.612531374578766, 'eta_learning': 1.8639058847926926, 'sigma_boundary': 2.635080140622469, 'alpha': 0.4276428806997062}. Best is trial 38 with value: 0.1052792563388611.
[I 2026-03-04 15:18:49,519] Trial 61 finished with value: 0.13970213150489788 and parameters: {'sigma_noise': 0.21886391578921466, 'A_repulsion': 0.4077319445972473, 'gamma': 0.6900828801461264, 'sigma_update': 0.38562364213327416, 'eta_learning': 1.2985553272130956, 'sigma_boundary': 8.248547138535658, 'alpha': 0.5726937721247158}. Best is trial 38 with value: 0.1052792563388611.
[I 2026-03-04 15:18:52,325] Trial 63 finished with value: 0.1416660314016318 and parameters: {'sigma_noise': 0.1893763112586228, 'A_repulsion': 0.30761423811679833, 'gamma': 0.14051798260688286, 'sigma_update': 0.21084301648768577, 'eta_learning': 2.039042788713883, 'sigma_boundary': 4.229750469868091, 'alpha': 0.4714378612145398}. Best is trial 38 with value: 0.1052792563388611.
[I 2026-03-04 15:18:57,283] Trial 64 finished with value: 0.5674058695854007 and parameters: {'sigma_noise': 0.24415414230211502, 'A_repulsion': 0.1862236190648468, 'gamma': 0.5471464452465313, 'sigma_update': 0.5630952148255908, 'eta_learning': 1.0891673030857776, 'sigma_boundary': 3.3329995426718777, 'alpha': 0.4451278364430845}. Best is trial 38 with value: 0.1052792563388611.
[I 2026-03-04 15:19:00,007] Trial 66 finished with value: 0.15213423213150806 and parameters: {'sigma_noise': 0.2687116937725674, 'A_repulsion': 0.14456975254180982, 'gamma': 0.8317840666288293, 'sigma_update': 0.4037299600464585, 'eta_learning': 2.4730959186546833, 'sigma_boundary': 3.0839226387439105, 'alpha': 0.5583549325681377}. Best is trial 38 with value: 0.1052792563388611.
[I 2026-03-04 15:19:07,993] Trial 73 finished with value: 0.13254557324932573 and parameters: {'sigma_noise': 0.15712419159436347, 'A_repulsion': 0.19172902300909822, 'gamma': 0.6487894178310676, 'sigma_update': 0.11926569504517683, 'eta_learning': 1.8432432651145687, 'sigma_boundary': 2.29085363864097, 'alpha': 0.709817159860942}. Best is trial 38 with value: 0.1052792563388611.
[I 2026-03-04 15:19:40,610] Trial 65 finished with value: 0.2476540161539742 and parameters: {'sigma_noise': 0.21429186532404965, 'A_repulsion': 0.3094948220395938, 'gamma': 0.5971242485819034, 'sigma_update': 0.3581077230236105, 'eta_learning': 1.6286910883278323, 'sigma_boundary': 3.59582096480041, 'alpha': 0.46206666126632523}. Best is trial 38 with value: 0.1052792563388611.
[I 2026-03-04 15:19:51,983] Trial 72 finished with value: 0.15170221232241576 and parameters: {'sigma_noise': 0.19272609682562147, 'A_repulsion': 0.2598474488957574, 'gamma': 0.8321507489311583, 'sigma_update': 0.4770169361863341, 'eta_learning': 0.9287748693484326, 'sigma_boundary': 3.9499487794104504, 'alpha': 0.5574738963823588}. Best is trial 38 with value: 0.1052792563388611.
[I 2026-03-04 15:20:47,494] Trial 67 finished with value: 1.458823931062983 and parameters: {'sigma_noise': 0.273878698118724, 'A_repulsion': 0.3653937083603488, 'gamma': 0.48538642412504623, 'sigma_update': 0.30425869940618244, 'eta_learning': 1.3971576087847426, 'sigma_boundary': 5.496153937941039, 'alpha': 0.3012123018878069}. Best is trial 38 with value: 0.1052792563388611.
[I 2026-03-04 15:20:54,620] Trial 74 finished with value: 0.3823511979037237 and parameters: {'sigma_noise': 0.2018166067582446, 'A_repulsion': 0.3292304048680866, 'gamma': 0.4193423247468311, 'sigma_update': 0.22691583744329458, 'eta_learning': 1.6884655064087386, 'sigma_boundary': 4.828859943991176, 'alpha': 0.3661944931207869}. Best is trial 38 with value: 0.1052792563388611.
[I 2026-03-04 15:21:13,391] Trial 68 finished with value: 0.12848321018312098 and parameters: {'sigma_noise': 0.31550431524126366, 'A_repulsion': 0.30051163302364475, 'gamma': 0.8765917351752366, 'sigma_update': 0.3947868598522685, 'eta_learning': 2.488760551776129, 'sigma_boundary': 4.914886852455014, 'alpha': 0.5849035266760733}. Best is trial 38 with value: 0.1052792563388611.
[I 2026-03-04 15:21:23,512] Trial 75 finished with value: 0.4315782600853968 and parameters: {'sigma_noise': 0.25656452590716083, 'A_repulsion': 0.3304956935874961, 'gamma': 0.418878006202274, 'sigma_update': 0.348010482644553, 'eta_learning': 1.5223205665891117, 'sigma_boundary': 4.3721048466429595, 'alpha': 0.41115203335017264}. Best is trial 38 with value: 0.1052792563388611.
[I 2026-03-04 15:21:27,730] Trial 70 finished with value: 1.1539206778817392 and parameters: {'sigma_noise': 0.3417164670286037, 'A_repulsion': 0.24989079994950839, 'gamma': 0.36178064046271774, 'sigma_update': 0.2647152671150692, 'eta_learning': 1.2950657116584323, 'sigma_boundary': 3.538202501303695, 'alpha': 0.3234944415887748}. Best is trial 38 with value: 0.1052792563388611.
[I 2026-03-04 15:21:34,657] Trial 76 finished with value: 0.1520856436616897 and parameters: {'sigma_noise': 0.2984967563216044, 'A_repulsion': 0.19514615772776606, 'gamma': 0.2514639196803481, 'sigma_update': 0.2523160949285424, 'eta_learning': 0.9323067116800734, 'sigma_boundary': 6.22900254623302, 'alpha': 0.6755265674626776}. Best is trial 38 with value: 0.1052792563388611.
[I 2026-03-04 15:21:41,745] Trial 77 finished with value: 0.2664859043289804 and parameters: {'sigma_noise': 0.39402405416214964, 'A_repulsion': 0.12627040133450873, 'gamma': 0.6461879445596727, 'sigma_update': 0.43309707185531576, 'eta_learning': 1.1507717645835323, 'sigma_boundary': 3.9363364390228814, 'alpha': 0.6499607509328686}. Best is trial 38 with value: 0.1052792563388611.
[I 2026-03-04 15:22:00,483] Trial 79 finished with value: 1.5384837336551902 and parameters: {'sigma_noise': 0.2508843380105465, 'A_repulsion': 0.2548549038513567, 'gamma': 0.7764064574603223, 'sigma_update': 0.36732628073328577, 'eta_learning': 1.2048612989249774, 'sigma_boundary': 4.320379279993712, 'alpha': 0.24900254707956937}. Best is trial 38 with value: 0.1052792563388611.
[I 2026-03-04 15:22:16,203] Trial 69 finished with value: 0.3142528513736159 and parameters: {'sigma_noise': 0.39102385711327114, 'A_repulsion': 0.30249891102950943, 'gamma': 0.37446464726930356, 'sigma_update': 0.3887881474704354, 'eta_learning': 0.4196081663653696, 'sigma_boundary': 4.801004726656376, 'alpha': 0.5700543939825475}. Best is trial 38 with value: 0.1052792563388611.
[I 2026-03-04 15:22:20,051] Trial 78 finished with value: 0.33155213677865225 and parameters: {'sigma_noise': 0.3017088869655227, 'A_repulsion': 0.21862141385150258, 'gamma': 0.6413281349813911, 'sigma_update': 0.16717117226382194, 'eta_learning': 1.3456910647251845, 'sigma_boundary': 3.9989561623136023, 'alpha': 0.42256651106405974}. Best is trial 38 with value: 0.1052792563388611.
[I 2026-03-04 15:26:26,957] Trial 81 finished with value: 0.16500021962950365 and parameters: {'sigma_noise': 0.2210314826204618, 'A_repulsion': 0.07320259658110415, 'gamma': 0.6513402582174661, 'sigma_update': 0.3189298233643604, 'eta_learning': 1.8992689151415652, 'sigma_boundary': 5.516218761923316, 'alpha': 0.5310622483422909}. Best is trial 38 with value: 0.1052792563388611.
[I 2026-03-04 15:26:56,918] Trial 82 finished with value: 0.542580320593264 and parameters: {'sigma_noise': 0.21333605899681657, 'A_repulsion': 0.12800123431761443, 'gamma': 0.412701939343676, 'sigma_update': 0.42655708891045047, 'eta_learning': 1.3976316861473281, 'sigma_boundary': 4.336386806147032, 'alpha': 0.37520102623313945}. Best is trial 38 with value: 0.1052792563388611.
[I 2026-03-04 15:28:20,302] Trial 84 finished with value: 0.27384831832999446 and parameters: {'sigma_noise': 0.1858199011172385, 'A_repulsion': 0.20520529313873032, 'gamma': 0.5535200390370345, 'sigma_update': 0.45865568015645897, 'eta_learning': 1.542273045110535, 'sigma_boundary': 4.4463452393478535, 'alpha': 0.5152095817022584}. Best is trial 38 with value: 0.1052792563388611.
