[I 2026-03-04 15:14:48,059] Trial 85 finished with value: 0.34439181895492954 and parameters: {'sigma_noise': 0.19283800477172902, 'A_repulsion': 0.20437532176141732, 'gamma': 0.4797103199206231, 'sigma_update': 0.07133255338205842, 'eta_learning': 1.536835699451323, 'sigma_boundary': 4.51829499320351, 'alpha': 0.9275908128190291}. Best is trial 2 with value: 0.11436685427297785.
[I 2026-03-04 15:14:56,855] Trial 83 finished with value: 0.13234616359119478 and parameters: {'sigma_noise': 0.18173648654815933, 'A_repulsion': 0.27074248829866077, 'gamma': 0.5947116989339947, 'sigma_update': 0.30102292014229287, 'eta_learning': 1.0373685953282206, 'sigma_boundary': 5.821906320920663, 'alpha': 0.9435798083913935}. Best is trial 2 with value: 0.11436685427297785.
[I 2026-03-04 15:15:01,167] Trial 80 finished with value: 0.1725413242792122 and parameters: {'sigma_noise': 0.24231239414397243, 'A_repulsion': 0.31713356019555317, 'gamma': 0.4462240304721673, 'sigma_update': 0.45595236406402884, 'eta_learning': 1.7136781624598516, 'sigma_boundary': 5.509171191740539, 'alpha': 0.8523405969948054}. Best is trial 2 with value: 0.11436685427297785.
[I 2026-03-04 15:15:15,266] Trial 81 finished with value: 0.17770830741334476 and parameters: {'sigma_noise': 0.31337818828117436, 'A_repulsion': 0.19900308605750433, 'gamma': 0.777794874657589, 'sigma_update': 0.4029097832290386, 'eta_learning': 1.4561809120585334, 'sigma_boundary': 5.758131935902197, 'alpha': 0.6081862238908857}. Best is trial 2 with value: 0.11436685427297785.
[I 2026-03-04 15:15:35,775] Trial 93 finished with value: 0.13754999657227668 and parameters: {'sigma_noise': 0.12552992630909326, 'A_repulsion': 0.17579072835759224, 'gamma': 0.6336958596035102, 'sigma_update': 0.28041250753592095, 'eta_learning': 2.4459762555684104, 'sigma_boundary': 4.334735002463284, 'alpha': 0.6670918790160991}. Best is trial 2 with value: 0.11436685427297785.
[I 2026-03-04 15:15:50,480] Trial 86 finished with value: 0.19460530042691937 and parameters: {'sigma_noise': 0.2663354258935215, 'A_repulsion': 0.16706108215774473, 'gamma': 0.38450520633417284, 'sigma_update': 0.3483058306803202, 'eta_learning': 1.5276902770717096, 'sigma_boundary': 5.225390743164486, 'alpha': 0.7587477590197362}. Best is trial 2 with value: 0.11436685427297785.
[I 2026-03-04 15:16:15,090] Trial 91 finished with value: 0.1493642206321552 and parameters: {'sigma_noise': 0.11010002284232617, 'A_repulsion': 0.284964181289006, 'gamma': 0.5210783156645371, 'sigma_update': 0.40934237314701655, 'eta_learning': 1.81727287897533, 'sigma_boundary': 5.936535836536131, 'alpha': 0.7399845063650001}. Best is trial 2 with value: 0.11436685427297785.
[I 2026-03-04 15:16:20,541] Trial 88 finished with value: 0.19913059072850342 and parameters: {'sigma_noise': 0.2977347380599055, 'A_repulsion': 0.12823595094398124, 'gamma': 0.33372068731176163, 'sigma_update': 0.33677642746682757, 'eta_learning': 1.6533061148577286, 'sigma_boundary': 5.6941399306377525, 'alpha': 0.8643685632739926}. Best is trial 2 with value: 0.11436685427297785.
[I 2026-03-04 15:16:22,746] Trial 90 finished with value: 0.3072044943044449 and parameters: {'sigma_noise': 0.18103662182976005, 'A_repulsion': 0.19634416207773167, 'gamma': 0.3364186033722075, 'sigma_update': 0.41583752138431523, 'eta_learning': 1.5132412996285245, 'sigma_boundary': 4.58253383600978, 'alpha': 0.47521341016993845}. Best is trial 2 with value: 0.11436685427297785.
[I 2026-03-04 15:16:28,967] Trial 87 finished with value: 0.1577954822363386 and parameters: {'sigma_noise': 0.25756225669615473, 'A_repulsion': 0.24443860772298356, 'gamma': 0.4630772841171313, 'sigma_update': 0.2768590714677445, 'eta_learning': 1.8931739214693648, 'sigma_boundary': 5.7612906837701425, 'alpha': 0.6899730795787921}. Best is trial 2 with value: 0.11436685427297785.
[I 2026-03-04 15:16:35,442] Trial 89 finished with value: 0.22498057584620365 and parameters: {'sigma_noise': 0.30819687040846516, 'A_repulsion': 0.1108195592310075, 'gamma': 0.5421990700123679, 'sigma_update': 0.16692118147696378, 'eta_learning': 2.439739890668099, 'sigma_boundary': 2.868497443559438, 'alpha': 0.9919775556590229}. Best is trial 2 with value: 0.11436685427297785.
[I 2026-03-04 15:16:54,038] Trial 96 finished with value: 0.15716113806331025 and parameters: {'sigma_noise': 0.2123352027436291, 'A_repulsion': 0.10466165112123765, 'gamma': 0.3170275591359287, 'sigma_update': 0.19736969601637502, 'eta_learning': 1.5632580884656422, 'sigma_boundary': 8.176341871666331, 'alpha': 0.8205999678264342}. Best is trial 2 with value: 0.11436685427297785.
[I 2026-03-04 15:17:07,687] Trial 92 finished with value: 0.1773523862815346 and parameters: {'sigma_noise': 0.28939549431728084, 'A_repulsion': 0.13171351163917358, 'gamma': 0.347500396287, 'sigma_update': 0.2153515244997909, 'eta_learning': 2.014328516788912, 'sigma_boundary': 8.604840355144571, 'alpha': 0.7143101360911962}. Best is trial 2 with value: 0.11436685427297785.
[I 2026-03-04 15:17:52,105] Trial 95 finished with value: 0.17754467484428937 and parameters: {'sigma_noise': 0.3179484461255697, 'A_repulsion': 0.12534193309237174, 'gamma': 0.7319625861834482, 'sigma_update': 0.17688924694119326, 'eta_learning': 1.9788584237306202, 'sigma_boundary': 5.837252023118543, 'alpha': 0.62740342864821}. Best is trial 2 with value: 0.11436685427297785.
[I 2026-03-04 15:18:09,675] Trial 94 finished with value: 0.14378064766713816 and parameters: {'sigma_noise': 0.22186772933884225, 'A_repulsion': 0.3278653943189874, 'gamma': 0.5421875551513948, 'sigma_update': 0.22955053523636892, 'eta_learning': 1.9702469908728, 'sigma_boundary': 5.1649627491026315, 'alpha': 0.7859747492538912}. Best is trial 2 with value: 0.11436685427297785.
[I 2026-03-04 15:18:19,337] Trial 97 finished with value: 0.18498666801400304 and parameters: {'sigma_noise': 0.3067460190821895, 'A_repulsion': 0.17896326802118462, 'gamma': 0.3395111937523133, 'sigma_update': 0.2678793368908319, 'eta_learning': 2.2107655278948197, 'sigma_boundary': 4.73784484690805, 'alpha': 0.756419338124858}. Best is trial 2 with value: 0.11436685427297785.
[I 2026-03-04 15:18:32,749] Trial 98 finished with value: 0.1401038121670687 and parameters: {'sigma_noise': 0.23845659068677344, 'A_repulsion': 0.2795863516556293, 'gamma': 0.5938688014345104, 'sigma_update': 0.3963131380933668, 'eta_learning': 1.0378221642421295, 'sigma_boundary': 4.810369665766083, 'alpha': 0.9045321505681241}. Best is trial 2 with value: 0.11436685427297785.
[I 2026-03-04 15:18:55,056] Trial 99 finished with value: 0.15428613889443524 and parameters: {'sigma_noise': 0.23735992512198673, 'A_repulsion': 0.3366801293481885, 'gamma': 0.43693885317765335, 'sigma_update': 0.2281313226318629, 'eta_learning': 2.1474969949584164, 'sigma_boundary': 6.150616475380931, 'alpha': 0.7014092123794308}. Best is trial 2 with value: 0.11436685427297785.
[I 2026-03-04 15:20:42,170] Trial 100 finished with value: 0.22546113563082493 and parameters: {'sigma_noise': 0.1581972246604168, 'A_repulsion': 0.2593853108859008, 'gamma': 0.21547084333618963, 'sigma_update': 0.0898381821468534, 'eta_learning': 2.4619051448596765, 'sigma_boundary': 6.631119541047975, 'alpha': 0.5674937860170783}. Best is trial 2 with value: 0.11436685427297785.
[I 2026-03-04 15:20:50,818] Trial 101 finished with value: 0.16624722032858935 and parameters: {'sigma_noise': 0.19217695973723103, 'A_repulsion': 0.10524816654142692, 'gamma': 0.1869915806006642, 'sigma_update': 0.22390763936230174, 'eta_learning': 1.7491504988839672, 'sigma_boundary': 3.71081306697776, 'alpha': 0.7136787431456856}. Best is trial 2 with value: 0.11436685427297785.
[I 2026-03-04 15:21:40,727] Trial 109 finished with value: 0.15120262257621903 and parameters: {'sigma_noise': 0.09371595886823199, 'A_repulsion': 0.1771810438123529, 'gamma': 0.5670684574207676, 'sigma_update': 0.29113188471931756, 'eta_learning': 1.4487453245655804, 'sigma_boundary': 6.288904940163179, 'alpha': 0.6505325944517085}. Best is trial 2 with value: 0.11436685427297785.
[I 2026-03-04 15:21:55,979] Trial 104 finished with value: 0.15636752692724845 and parameters: {'sigma_noise': 0.16120172848498626, 'A_repulsion': 0.32792922628467114, 'gamma': 0.3727202386372263, 'sigma_update': 0.32252751822399406, 'eta_learning': 0.9947209397547093, 'sigma_boundary': 8.154434868811633, 'alpha': 0.8640738784159999}. Best is trial 2 with value: 0.11436685427297785.
[I 2026-03-04 15:22:02,576] Trial 102 finished with value: 0.1771113485028006 and parameters: {'sigma_noise': 0.20624873925839565, 'A_repulsion': 0.27714756092809806, 'gamma': 0.19799286103595112, 'sigma_update': 0.29491076497800073, 'eta_learning': 1.4460349838244202, 'sigma_boundary': 5.143208383627781, 'alpha': 0.8390660966857744}. Best is trial 2 with value: 0.11436685427297785.
[I 2026-03-04 15:22:07,226] Trial 105 finished with value: 0.14523847076282756 and parameters: {'sigma_noise': 0.14983182490092337, 'A_repulsion': 0.32737737123170313, 'gamma': 0.6141792544062622, 'sigma_update': 0.4045543659390981, 'eta_learning': 0.9414645632411954, 'sigma_boundary': 6.489150017186178, 'alpha': 0.9993969171111705}. Best is trial 2 with value: 0.11436685427297785.
[I 2026-03-04 15:22:25,367] Trial 106 finished with value: 0.19669073242107926 and parameters: {'sigma_noise': 0.26962778493129086, 'A_repulsion': 0.12292869333059218, 'gamma': 0.1402819417642596, 'sigma_update': 0.2644262738744976, 'eta_learning': 1.3718067573382273, 'sigma_boundary': 7.3219816901225885, 'alpha': 0.935522827674306}. Best is trial 2 with value: 0.11436685427297785.
[I 2026-03-04 15:22:39,444] Trial 113 finished with value: 0.19033185509849465 and parameters: {'sigma_noise': 0.11372152174198402, 'A_repulsion': 0.20395202428872042, 'gamma': 0.5174732195020917, 'sigma_update': 0.3594552276744655, 'eta_learning': 1.084127338444322, 'sigma_boundary': 6.43549153333649, 'alpha': 0.5388260200181135}. Best is trial 2 with value: 0.11436685427297785.
[I 2026-03-04 15:22:41,116] Trial 103 finished with value: 0.1435088667098245 and parameters: {'sigma_noise': 0.2765714364923803, 'A_repulsion': 0.28623204866320207, 'gamma': 0.7208892815624451, 'sigma_update': 0.34379714107482007, 'eta_learning': 1.6711410991349445, 'sigma_boundary': 4.659036424018466, 'alpha': 0.7765505473340855}. Best is trial 2 with value: 0.11436685427297785.
[I 2026-03-04 15:23:15,511] Trial 111 finished with value: 0.14425580351475692 and parameters: {'sigma_noise': 0.21226458825217953, 'A_repulsion': 0.21544555159038223, 'gamma': 0.3533641216643472, 'sigma_update': 0.23464361224655528, 'eta_learning': 1.7023762852607895, 'sigma_boundary': 3.8618748723102887, 'alpha': 0.7074615597775475}. Best is trial 2 with value: 0.11436685427297785.
[I 2026-03-04 15:23:27,684] Trial 108 finished with value: 0.15905110376912968 and parameters: {'sigma_noise': 0.25459290328663514, 'A_repulsion': 0.18394192491615374, 'gamma': 0.608828137245405, 'sigma_update': 0.3756377014952441, 'eta_learning': 1.2930222698961091, 'sigma_boundary': 6.597921925903959, 'alpha': 0.7395872452875238}. Best is trial 2 with value: 0.11436685427297785.
[I 2026-03-04 15:23:44,416] Trial 107 finished with value: 0.18074497371898668 and parameters: {'sigma_noise': 0.3165614285918795, 'A_repulsion': 0.25226131461870904, 'gamma': 0.5671796674236262, 'sigma_update': 0.2872048757470441, 'eta_learning': 2.020093653835337, 'sigma_boundary': 7.997966284473268, 'alpha': 0.8513861093586433}. Best is trial 2 with value: 0.11436685427297785.
[I 2026-03-04 15:23:46,116] Trial 114 finished with value: 0.16969525104405186 and parameters: {'sigma_noise': 0.17444104026478618, 'A_repulsion': 0.2684786366041486, 'gamma': 0.37903171698279686, 'sigma_update': 0.20290429356368667, 'eta_learning': 0.9637277213172601, 'sigma_boundary': 4.56383146119858, 'alpha': 0.8847829120124134}. Best is trial 2 with value: 0.11436685427297785.
[I 2026-03-04 15:23:54,633] Trial 112 finished with value: 0.14094060111844808 and parameters: {'sigma_noise': 0.22213170256627485, 'A_repulsion': 0.27138837353315876, 'gamma': 0.5893537835904301, 'sigma_update': 0.296590702680085, 'eta_learning': 0.7145236262498866, 'sigma_boundary': 6.374081349830179, 'alpha': 0.8089991630240444}. Best is trial 2 with value: 0.11436685427297785.
[I 2026-03-04 15:24:22,096] Trial 110 finished with value: 0.1857524475915276 and parameters: {'sigma_noise': 0.2640948052628653, 'A_repulsion': 0.2920877235678563, 'gamma': 0.30399419619201307, 'sigma_update': 0.23492942513230095, 'eta_learning': 1.6910646697298095, 'sigma_boundary': 4.167581409659115, 'alpha': 0.8654406051671101}. Best is trial 2 with value: 0.11436685427297785.
[I 2026-03-04 15:24:55,305] Trial 119 finished with value: 0.12895139405430775 and parameters: {'sigma_noise': 0.13579752032025189, 'A_repulsion': 0.1775781232057294, 'gamma': 0.6786071937058515, 'sigma_update': 0.49690007179808415, 'eta_learning': 0.8498221536200598, 'sigma_boundary': 7.282482324936678, 'alpha': 0.9449815622991128}. Best is trial 2 with value: 0.11436685427297785.
[I 2026-03-04 15:24:59,097] Trial 115 finished with value: 0.1314385085742694 and parameters: {'sigma_noise': 0.19290879767248265, 'A_repulsion': 0.277991135635722, 'gamma': 0.6263793678105711, 'sigma_update': 0.5008659310907885, 'eta_learning': 1.3893727137205099, 'sigma_boundary': 4.831410058028813, 'alpha': 0.786659274535276}. Best is trial 2 with value: 0.11436685427297785.
[I 2026-03-04 15:25:16,329] Trial 116 finished with value: 0.15063662946329337 and parameters: {'sigma_noise': 0.18423665525665162, 'A_repulsion': 0.31891979906433404, 'gamma': 0.3852730893367864, 'sigma_update': 0.35000332648446814, 'eta_learning': 1.4856141102984728, 'sigma_boundary': 6.708329123745091, 'alpha': 0.7056311279433936}. Best is trial 2 with value: 0.11436685427297785.
[I 2026-03-04 15:25:31,069] Trial 117 finished with value: 0.16245772827403537 and parameters: {'sigma_noise': 0.1564806934682094, 'A_repulsion': 0.3689353368676383, 'gamma': 0.4116001790269451, 'sigma_update': 0.2924810385440967, 'eta_learning': 0.6263660849373642, 'sigma_boundary': 7.730064476346711, 'alpha': 0.8824144148883578}. Best is trial 2 with value: 0.11436685427297785.
[I 2026-03-04 15:25:41,606] Trial 118 finished with value: 0.16757595036412007 and parameters: {'sigma_noise': 0.30569752037544673, 'A_repulsion': 0.11040972430916526, 'gamma': 0.6595181229098417, 'sigma_update': 0.22325149662888413, 'eta_learning': 1.0610964247892039, 'sigma_boundary': 6.75051000245041, 'alpha': 0.8876439266939811}. Best is trial 2 with value: 0.11436685427297785.
[I 2026-03-04 15:27:54,714] Trial 121 finished with value: 0.1515778934122193 and parameters: {'sigma_noise': 0.1739975491183259, 'A_repulsion': 0.3177421413666656, 'gamma': 0.49246298135579186, 'sigma_update': 0.15543662747809764, 'eta_learning': 2.0265914962949294, 'sigma_boundary': 7.553482920734651, 'alpha': 0.58618480110209}. Best is trial 2 with value: 0.11436685427297785.
[I 2026-03-04 15:27:55,692] Trial 125 finished with value: 0.1425208469698434 and parameters: {'sigma_noise': 0.13285402387634582, 'A_repulsion': 0.17104332265887623, 'gamma': 0.41027022372399014, 'sigma_update': 0.46027304543624326, 'eta_learning': 2.0524411825954023, 'sigma_boundary': 7.858220452221842, 'alpha': 0.9327210125963669}. Best is trial 2 with value: 0.11436685427297785.
[I 2026-03-04 15:28:36,140] Trial 120 finished with value: 0.17737475539942615 and parameters: {'sigma_noise': 0.2693619157548149, 'A_repulsion': 0.3516896103021072, 'gamma': 0.4880729736539453, 'sigma_update': 0.3284911125409595, 'eta_learning': 1.4587104029200348, 'sigma_boundary': 6.218922733419762, 'alpha': 0.8516228763881253}. Best is trial 2 with value: 0.11436685427297785.
[I 2026-03-04 15:28:42,381] Trial 122 finished with value: 0.11730623774766588 and parameters: {'sigma_noise': 0.19948542172702516, 'A_repulsion': 0.2430839273567733, 'gamma': 0.7444086645229521, 'sigma_update': 0.4247736890398748, 'eta_learning': 1.6777950829268, 'sigma_boundary': 7.767502849599331, 'alpha': 0.8606810974588757}. Best is trial 2 with value: 0.11436685427297785.
[I 2026-03-04 15:28:54,043] Trial 128 finished with value: 0.14921208876452358 and parameters: {'sigma_noise': 0.1342765037352011, 'A_repulsion': 0.24783219775597767, 'gamma': 0.37960957464580786, 'sigma_update': 0.2912718740839859, 'eta_learning': 1.5269138905253015, 'sigma_boundary': 6.173888351647036, 'alpha': 0.8365500282894892}. Best is trial 2 with value: 0.11436685427297785.
[I 2026-03-04 15:29:00,959] Trial 127 finished with value: 0.1832468837756093 and parameters: {'sigma_noise': 0.13827696030359143, 'A_repulsion': 0.261144507791965, 'gamma': 0.6095450226878281, 'sigma_update': 0.10441604790184701, 'eta_learning': 0.9962841164025292, 'sigma_boundary': 5.790142524739802, 'alpha': 0.884610386986088}. Best is trial 2 with value: 0.11436685427297785.
[I 2026-03-04 15:29:13,790] Trial 123 finished with value: 0.15850319473346222 and parameters: {'sigma_noise': 0.22544282563744605, 'A_repulsion': 0.23758567693540833, 'gamma': 0.46911660177579845, 'sigma_update': 0.2755044304665577, 'eta_learning': 1.627465396558531, 'sigma_boundary': 7.0124417513215365, 'alpha': 0.9682162461319964}. Best is trial 2 with value: 0.11436685427297785.
[I 2026-03-04 15:29:19,820] Trial 126 finished with value: 0.17538514994704296 and parameters: {'sigma_noise': 0.11063131377289848, 'A_repulsion': 0.4193142296645656, 'gamma': 0.8584016367942692, 'sigma_update': 0.2018940771211708, 'eta_learning': 1.8891531942471278, 'sigma_boundary': 6.159509500313503, 'alpha': 0.7449795570279985}. Best is trial 2 with value: 0.11436685427297785.
[I 2026-03-04 15:29:30,287] Trial 124 finished with value: 0.1412926641478472 and parameters: {'sigma_noise': 0.2343254283836173, 'A_repulsion': 0.22395516937189822, 'gamma': 0.5543139257350022, 'sigma_update': 0.2551797478028139, 'eta_learning': 1.6921728595248524, 'sigma_boundary': 8.017728575917944, 'alpha': 0.6709804876297438}. Best is trial 2 with value: 0.11436685427297785.
[I 2026-03-04 15:30:10,451] Trial 130 finished with value: 0.12900595063811857 and parameters: {'sigma_noise': 0.19536339658389895, 'A_repulsion': 0.1599033377337806, 'gamma': 0.6537781943872514, 'sigma_update': 0.32560105472650847, 'eta_learning': 0.9562983916401545, 'sigma_boundary': 6.345596103418514, 'alpha': 0.9340921801147913}. Best is trial 2 with value: 0.11436685427297785.
[I 2026-03-04 15:30:18,811] Trial 129 finished with value: 0.12790441389021368 and parameters: {'sigma_noise': 0.16201302475242785, 'A_repulsion': 0.30861002005181304, 'gamma': 0.5564560385212839, 'sigma_update': 0.2732423426283042, 'eta_learning': 1.1325596033409615, 'sigma_boundary': 8.492252663539206, 'alpha': 0.8127720724489033}. Best is trial 2 with value: 0.11436685427297785.
[I 2026-03-04 15:30:35,042] Trial 131 finished with value: 0.15537914691201635 and parameters: {'sigma_noise': 0.2775948076926443, 'A_repulsion': 0.07911006176620461, 'gamma': 0.5238872464878522, 'sigma_update': 0.2806905618049277, 'eta_learning': 0.9824122688804398, 'sigma_boundary': 5.13123341906308, 'alpha': 0.7758516507768856}. Best is trial 2 with value: 0.11436685427297785.
[I 2026-03-04 15:30:40,204] Trial 132 finished with value: 0.16354480519995424 and parameters: {'sigma_noise': 0.17122807108699878, 'A_repulsion': 0.3060308659357402, 'gamma': 0.2949705780192607, 'sigma_update': 0.24244422870921756, 'eta_learning': 1.4555371405237267, 'sigma_boundary': 5.804058416917179, 'alpha': 0.8336827805316114}. Best is trial 2 with value: 0.11436685427297785.
[I 2026-03-04 15:31:13,149] Trial 137 finished with value: 0.2068112146483956 and parameters: {'sigma_noise': 0.07944323632074923, 'A_repulsion': 0.34020001719709675, 'gamma': 0.34787180252399247, 'sigma_update': 0.2301354478220119, 'eta_learning': 1.063864573588323, 'sigma_boundary': 8.160176137746552, 'alpha': 0.752312907105898}. Best is trial 2 with value: 0.11436685427297785.
[I 2026-03-04 15:31:37,319] Trial 138 finished with value: 0.21131771139104158 and parameters: {'sigma_noise': 0.15540631070240302, 'A_repulsion': 0.2175184807945631, 'gamma': 0.4004689186460622, 'sigma_update': 0.3743603100125371, 'eta_learning': 1.432316033545286, 'sigma_boundary': 7.266155932483045, 'alpha': 0.5431595682173226}. Best is trial 2 with value: 0.11436685427297785.
[I 2026-03-04 15:31:41,132] Trial 134 finished with value: 0.16859885961000082 and parameters: {'sigma_noise': 0.21827078324299792, 'A_repulsion': 0.24620574165683828, 'gamma': 0.3980396286335647, 'sigma_update': 0.4521908733273161, 'eta_learning': 0.5135023572060772, 'sigma_boundary': 6.046090329114169, 'alpha': 0.7827419460588505}. Best is trial 2 with value: 0.11436685427297785.
[I 2026-03-04 15:31:59,361] Trial 133 finished with value: 0.1745701529861212 and parameters: {'sigma_noise': 0.27445415008584345, 'A_repulsion': 0.41130856024453544, 'gamma': 0.5178434632723627, 'sigma_update': 0.349348005035524, 'eta_learning': 0.6454564699302353, 'sigma_boundary': 7.925415687440305, 'alpha': 0.7640977775475765}. Best is trial 2 with value: 0.11436685427297785.
[I 2026-03-04 15:32:21,612] Trial 136 finished with value: 0.14879490928081782 and parameters: {'sigma_noise': 0.27307819474931666, 'A_repulsion': 0.16979334598425808, 'gamma': 0.5775781605443745, 'sigma_update': 0.27635032845685203, 'eta_learning': 0.8400740809254015, 'sigma_boundary': 4.923098059279874, 'alpha': 0.7667989510921169}. Best is trial 2 with value: 0.11436685427297785.
[I 2026-03-04 15:32:27,891] Trial 135 finished with value: 0.12693029337266137 and parameters: {'sigma_noise': 0.20778018305308932, 'A_repulsion': 0.31430461371280327, 'gamma': 0.5831751996478095, 'sigma_update': 0.2204731413581738, 'eta_learning': 1.4279351346239344, 'sigma_boundary': 3.072398441524804, 'alpha': 0.7176685513352508}. Best is trial 2 with value: 0.11436685427297785.
