[I 2026-03-04 14:14:09,546] Trial 109 finished with value: 0.24572676723903075 and parameters: {'sigma_noise': 0.281722984666036, 'A_repulsion': 0.26270420542364326, 'gamma': 0.432404062627292, 'sigma_update': 0.337324989919882, 'eta_learning': 0.967516168981174, 'sigma_boundary': 6.398083429943854, 'alpha': 0.4496790486168594}. Best is trial 35 with value: 0.09723225904901461.
[I 2026-03-04 14:14:45,561] Trial 112 finished with value: 0.12280342150684875 and parameters: {'sigma_noise': 0.20834563368634734, 'A_repulsion': 0.22353684655332356, 'gamma': 0.6594338350855713, 'sigma_update': 0.276469941025523, 'eta_learning': 1.2491145132976618, 'sigma_boundary': 4.841778724108506, 'alpha': 0.487712145610489}. Best is trial 35 with value: 0.09723225904901461.
[I 2026-03-04 14:15:10,506] Trial 119 finished with value: 0.11980646500552096 and parameters: {'sigma_noise': 0.12770114004426386, 'A_repulsion': 0.13110975514403422, 'gamma': 0.3681531198719553, 'sigma_update': 0.24901695017451586, 'eta_learning': 1.3397862358155712, 'sigma_boundary': 3.892812307231264, 'alpha': 0.620159315507118}. Best is trial 35 with value: 0.09723225904901461.
[I 2026-03-04 14:15:33,331] Trial 118 finished with value: 0.11019110430900239 and parameters: {'sigma_noise': 0.199820963409378, 'A_repulsion': 0.09492761839812097, 'gamma': 0.550511510055734, 'sigma_update': 0.29630612667598855, 'eta_learning': 1.5982813829861224, 'sigma_boundary': 7.905381528275472, 'alpha': 0.5947766191454805}. Best is trial 35 with value: 0.09723225904901461.
[I 2026-03-04 14:15:34,633] Trial 123 finished with value: 0.11171648272400972 and parameters: {'sigma_noise': 0.11130380331580468, 'A_repulsion': 0.018189761921213937, 'gamma': 0.5706022721272919, 'sigma_update': 0.0957738175673415, 'eta_learning': 0.38796390387371804, 'sigma_boundary': 6.126150938098728, 'alpha': 0.5031668732872174}. Best is trial 35 with value: 0.09723225904901461.
[I 2026-03-04 14:15:39,235] Trial 114 finished with value: 0.2928338010745174 and parameters: {'sigma_noise': 0.29391079762082545, 'A_repulsion': 0.09235858653878316, 'gamma': 0.1261921048252341, 'sigma_update': 0.4795580012876895, 'eta_learning': 0.8367903127118617, 'sigma_boundary': 5.938262833138844, 'alpha': 0.5596820689938065}. Best is trial 35 with value: 0.09723225904901461.
[I 2026-03-04 14:15:43,205] Trial 115 finished with value: 0.1350054122599129 and parameters: {'sigma_noise': 0.231860159905881, 'A_repulsion': 0.18448822961772957, 'gamma': 0.303659425199694, 'sigma_update': 0.327868951509166, 'eta_learning': 1.4391694625819191, 'sigma_boundary': 1.5220956410398243, 'alpha': 0.5204498229446141}. Best is trial 35 with value: 0.09723225904901461.
[I 2026-03-04 14:15:52,877] Trial 122 finished with value: 0.14623097025101114 and parameters: {'sigma_noise': 0.13522035298525217, 'A_repulsion': 0.09915920450552025, 'gamma': 0.34240235471066915, 'sigma_update': 0.2867546028005651, 'eta_learning': 1.2383809917782562, 'sigma_boundary': 4.434113749363546, 'alpha': 0.39996524804745276}. Best is trial 35 with value: 0.09723225904901461.
[I 2026-03-04 14:16:16,573] Trial 117 finished with value: 0.289302644037433 and parameters: {'sigma_noise': 0.2249749446297581, 'A_repulsion': 0.19179167076802162, 'gamma': 0.4555317937104313, 'sigma_update': 0.3465919425819221, 'eta_learning': 1.45261059396751, 'sigma_boundary': 4.30899086731729, 'alpha': 0.39092372199028236}. Best is trial 35 with value: 0.09723225904901461.
[I 2026-03-04 14:16:54,687] Trial 120 finished with value: 0.11951818125001995 and parameters: {'sigma_noise': 0.22688106989234275, 'A_repulsion': 0.1861894557424418, 'gamma': 0.3741268328513096, 'sigma_update': 0.3043575400365057, 'eta_learning': 1.3459901430866659, 'sigma_boundary': 4.43821921765976, 'alpha': 0.6033825627744025}. Best is trial 35 with value: 0.09723225904901461.
[I 2026-03-04 14:17:21,706] Trial 121 finished with value: 0.15017524807011334 and parameters: {'sigma_noise': 0.2070827689027716, 'A_repulsion': 0.20078444644812724, 'gamma': 0.44079257949119893, 'sigma_update': 0.27052605874823626, 'eta_learning': 0.9673106335010367, 'sigma_boundary': 6.173479977040424, 'alpha': 0.4240685873046315}. Best is trial 35 with value: 0.09723225904901461.
[I 2026-03-04 14:17:56,939] Trial 126 finished with value: 0.147565105118517 and parameters: {'sigma_noise': 0.05354866307345585, 'A_repulsion': 0.08389608941556909, 'gamma': 0.47643260417099614, 'sigma_update': 0.3228432392403806, 'eta_learning': 1.393506428438226, 'sigma_boundary': 6.608737624920457, 'alpha': 0.6825185478671764}. Best is trial 35 with value: 0.09723225904901461.
[I 2026-03-04 14:18:48,191] Trial 124 finished with value: 0.12184533991671298 and parameters: {'sigma_noise': 0.19110127749349753, 'A_repulsion': 0.12828955320360455, 'gamma': 0.29014430614976866, 'sigma_update': 0.34199371285028385, 'eta_learning': 0.5918931541550347, 'sigma_boundary': 5.936925032889336, 'alpha': 0.6246774381375633}. Best is trial 35 with value: 0.09723225904901461.
[I 2026-03-04 14:18:59,855] Trial 128 finished with value: 0.11977431235428664 and parameters: {'sigma_noise': 0.11089775527195997, 'A_repulsion': 0.1436289773534233, 'gamma': 0.42651156602355617, 'sigma_update': 0.24925136004171264, 'eta_learning': 0.723750976238388, 'sigma_boundary': 5.554670454873302, 'alpha': 0.5976971518505787}. Best is trial 35 with value: 0.09723225904901461.
[I 2026-03-04 14:19:36,219] Trial 125 finished with value: 0.12518131221220966 and parameters: {'sigma_noise': 0.24287641682525468, 'A_repulsion': 0.06341460523944142, 'gamma': 0.4428853690161367, 'sigma_update': 0.3182230845210721, 'eta_learning': 0.8789739580528025, 'sigma_boundary': 3.220676391091393, 'alpha': 0.618416627891776}. Best is trial 35 with value: 0.09723225904901461.
[I 2026-03-04 14:19:38,534] Trial 127 finished with value: 0.11517949094325652 and parameters: {'sigma_noise': 0.14917933387565913, 'A_repulsion': 0.19500596253370858, 'gamma': 0.4615747933883264, 'sigma_update': 0.21440263664730788, 'eta_learning': 0.7764363784549287, 'sigma_boundary': 4.767165178449606, 'alpha': 0.39179399944758864}. Best is trial 35 with value: 0.09723225904901461.
[I 2026-03-04 14:20:14,015] Trial 130 finished with value: 0.10892794328971876 and parameters: {'sigma_noise': 0.20013495366607825, 'A_repulsion': 0.07876877724613612, 'gamma': 0.528400998848155, 'sigma_update': 0.283293514730698, 'eta_learning': 1.1877243795657322, 'sigma_boundary': 3.8339118825350225, 'alpha': 0.7568974437991621}. Best is trial 35 with value: 0.09723225904901461.
[I 2026-03-04 14:20:36,449] Trial 129 finished with value: 0.11831994348759975 and parameters: {'sigma_noise': 0.22403980056024964, 'A_repulsion': 0.09409453587928238, 'gamma': 0.28686973906385144, 'sigma_update': 0.2709628224113772, 'eta_learning': 1.5656697345797193, 'sigma_boundary': 3.7020690738156126, 'alpha': 0.5920554006365605}. Best is trial 35 with value: 0.09723225904901461.
[I 2026-03-04 14:20:45,471] Trial 132 finished with value: 0.11105391753350133 and parameters: {'sigma_noise': 0.12911298929060944, 'A_repulsion': 0.19055070537156027, 'gamma': 0.5417267588738294, 'sigma_update': 0.2585964534264307, 'eta_learning': 0.7351138886143591, 'sigma_boundary': 6.702753380195242, 'alpha': 0.7035299457317724}. Best is trial 35 with value: 0.09723225904901461.
[I 2026-03-04 14:21:03,928] Trial 131 finished with value: 0.09279822794861006 and parameters: {'sigma_noise': 0.19672454925484167, 'A_repulsion': 0.14793355633925998, 'gamma': 0.7090944157830473, 'sigma_update': 0.26079821570337386, 'eta_learning': 1.6339604975034643, 'sigma_boundary': 3.4137482793089244, 'alpha': 0.5972000815878024}. Best is trial 131 with value: 0.09279822794861006.
[I 2026-03-04 14:21:10,983] Trial 135 finished with value: 0.15588770438097 and parameters: {'sigma_noise': 0.13278737946738056, 'A_repulsion': 0.05663219043112973, 'gamma': 0.28418876357567746, 'sigma_update': 0.4142272786834912, 'eta_learning': 1.1118537530498709, 'sigma_boundary': 5.059813336708195, 'alpha': 0.5882303285777257}. Best is trial 131 with value: 0.09279822794861006.
[I 2026-03-04 14:21:40,895] Trial 138 finished with value: 0.09551619014362966 and parameters: {'sigma_noise': 0.17821599510792707, 'A_repulsion': 0.028843562471981832, 'gamma': 0.3375238644867363, 'sigma_update': 0.18497132358008583, 'eta_learning': 0.425947790930439, 'sigma_boundary': 4.335738519457139, 'alpha': 0.4677786524118893}. Best is trial 131 with value: 0.09279822794861006.
[I 2026-03-04 14:21:44,600] Trial 134 finished with value: 0.11063514413077255 and parameters: {'sigma_noise': 0.2214145414527528, 'A_repulsion': 0.06514435992120429, 'gamma': 0.23679927332998463, 'sigma_update': 0.2356016428779786, 'eta_learning': 1.141712259344051, 'sigma_boundary': 4.186203024127161, 'alpha': 0.5624586530187238}. Best is trial 131 with value: 0.09279822794861006.
[I 2026-03-04 14:22:02,662] Trial 139 finished with value: 0.11295437224930557 and parameters: {'sigma_noise': 0.16826184147654188, 'A_repulsion': 0.08021226709167399, 'gamma': 0.4691408995044219, 'sigma_update': 0.31140748317478795, 'eta_learning': 0.9656204639961367, 'sigma_boundary': 4.1317702633479545, 'alpha': 0.5887701090860351}. Best is trial 131 with value: 0.09279822794861006.
[I 2026-03-04 14:22:38,391] Trial 133 finished with value: 0.0996595887300478 and parameters: {'sigma_noise': 0.2195761780912528, 'A_repulsion': 0.27140042578537316, 'gamma': 0.5346904669567069, 'sigma_update': 0.2542581523605335, 'eta_learning': 0.7919262145983966, 'sigma_boundary': 4.024500676752181, 'alpha': 0.5731976960579643}. Best is trial 131 with value: 0.09279822794861006.
[I 2026-03-04 14:23:13,562] Trial 137 finished with value: 0.10518389898712643 and parameters: {'sigma_noise': 0.25490429120445685, 'A_repulsion': 0.11877312950537292, 'gamma': 0.4586862657947921, 'sigma_update': 0.29046323114388184, 'eta_learning': 0.6165047849443624, 'sigma_boundary': 3.6244876240111794, 'alpha': 0.7288726868222066}. Best is trial 131 with value: 0.09279822794861006.
[I 2026-03-04 14:23:16,082] Trial 140 finished with value: 0.10558158442274153 and parameters: {'sigma_noise': 0.2205351071809476, 'A_repulsion': 0.13956339066518875, 'gamma': 0.5335310328287353, 'sigma_update': 0.3057233418406502, 'eta_learning': 0.9396859173807599, 'sigma_boundary': 7.942047428906008, 'alpha': 0.690355972461403}. Best is trial 131 with value: 0.09279822794861006.
[I 2026-03-04 14:23:17,601] Trial 136 finished with value: 0.12679641066058034 and parameters: {'sigma_noise': 0.30249451345860023, 'A_repulsion': 0.052255259606435886, 'gamma': 0.6396148312078197, 'sigma_update': 0.32385717987625284, 'eta_learning': 1.562387072819447, 'sigma_boundary': 4.680967790077793, 'alpha': 0.6681689294764562}. Best is trial 131 with value: 0.09279822794861006.
[I 2026-03-04 14:23:34,357] Trial 141 finished with value: 0.09675506779832022 and parameters: {'sigma_noise': 0.1772770374328544, 'A_repulsion': 0.20553869244406686, 'gamma': 0.6177791381424329, 'sigma_update': 0.27038639573186085, 'eta_learning': 1.612466487616795, 'sigma_boundary': 4.393491569914324, 'alpha': 0.6294327624012277}. Best is trial 131 with value: 0.09279822794861006.
[I 2026-03-04 14:23:54,622] Trial 142 finished with value: 0.10695629285006492 and parameters: {'sigma_noise': 0.18639040825993364, 'A_repulsion': 0.1246273798378047, 'gamma': 0.497876029212281, 'sigma_update': 0.24179060863547017, 'eta_learning': 0.6736726282948179, 'sigma_boundary': 5.653150677301, 'alpha': 0.6404354992672492}. Best is trial 131 with value: 0.09279822794861006.
[I 2026-03-04 14:25:00,294] Trial 143 finished with value: 0.22052528373200442 and parameters: {'sigma_noise': 0.26456283431014216, 'A_repulsion': 0.1260726828632339, 'gamma': 0.6084761336023613, 'sigma_update': 0.3010063308839693, 'eta_learning': 1.4606660758651437, 'sigma_boundary': 6.751769576687691, 'alpha': 0.4353083242541179}. Best is trial 131 with value: 0.09279822794861006.
[I 2026-03-04 14:25:19,621] Trial 144 finished with value: 0.09895495132075965 and parameters: {'sigma_noise': 0.17295623230039653, 'A_repulsion': 0.21558034893832095, 'gamma': 0.5203528600673161, 'sigma_update': 0.11685708953248157, 'eta_learning': 1.8132484172655232, 'sigma_boundary': 3.506392789598301, 'alpha': 0.5070251209251012}. Best is trial 131 with value: 0.09279822794861006.
[I 2026-03-04 14:25:21,606] Trial 146 finished with value: 0.12379716306402841 and parameters: {'sigma_noise': 0.20842433764169693, 'A_repulsion': 0.03813090682587414, 'gamma': 0.14124767620987821, 'sigma_update': 0.2649350640327039, 'eta_learning': 1.206688276688867, 'sigma_boundary': 4.438375628090938, 'alpha': 0.6241355298971255}. Best is trial 131 with value: 0.09279822794861006.
[I 2026-03-04 14:26:30,452] Trial 148 finished with value: 0.157301165613353 and parameters: {'sigma_noise': 0.19148851250667404, 'A_repulsion': 0.13519435107431022, 'gamma': 0.3256252142877829, 'sigma_update': 0.38367962025472346, 'eta_learning': 0.6284197572636686, 'sigma_boundary': 5.19833700779236, 'alpha': 0.5110196027983266}. Best is trial 131 with value: 0.09279822794861006.
[I 2026-03-04 14:26:34,602] Trial 147 finished with value: 0.09761113969587831 and parameters: {'sigma_noise': 0.1942877557619187, 'A_repulsion': 0.13752553362421904, 'gamma': 0.4277670905154342, 'sigma_update': 0.17502944073800675, 'eta_learning': 1.1901539564400665, 'sigma_boundary': 3.314141873677048, 'alpha': 0.613425077548972}. Best is trial 131 with value: 0.09279822794861006.
[I 2026-03-04 14:27:00,462] Trial 151 finished with value: 0.10794383090740996 and parameters: {'sigma_noise': 0.140824359125919, 'A_repulsion': 0.12898695670787086, 'gamma': 0.27912768832871915, 'sigma_update': 0.16284156889068735, 'eta_learning': 0.792311967575055, 'sigma_boundary': 4.142443556341755, 'alpha': 0.4750629259972226}. Best is trial 131 with value: 0.09279822794861006.
[I 2026-03-04 14:27:04,259] Trial 152 finished with value: 0.13595125310784265 and parameters: {'sigma_noise': 0.12559110301038198, 'A_repulsion': 0.11433731012293778, 'gamma': 0.2705671644700695, 'sigma_update': 0.16369070098913704, 'eta_learning': 0.976361405244435, 'sigma_boundary': 6.747712861198724, 'alpha': 0.6480441504993744}. Best is trial 131 with value: 0.09279822794861006.
[I 2026-03-04 14:27:37,696] Trial 145 finished with value: 0.1371829713685776 and parameters: {'sigma_noise': 0.29236976928318076, 'A_repulsion': 0.26727169192510003, 'gamma': 0.41314384021209405, 'sigma_update': 0.25758703188056564, 'eta_learning': 0.9829285223620742, 'sigma_boundary': 6.470835892919688, 'alpha': 0.5725098122997128}. Best is trial 131 with value: 0.09279822794861006.
[I 2026-03-04 14:27:41,752] Trial 149 finished with value: 0.16544917164187678 and parameters: {'sigma_noise': 0.24081670676111783, 'A_repulsion': 0.11666533247653058, 'gamma': 0.4118303033500495, 'sigma_update': 0.20545666086534234, 'eta_learning': 0.9513169978568268, 'sigma_boundary': 5.837262922032784, 'alpha': 0.3955824888170248}. Best is trial 131 with value: 0.09279822794861006.
[I 2026-03-04 14:27:53,148] Trial 153 finished with value: 0.10052906302786471 and parameters: {'sigma_noise': 0.16335581373462818, 'A_repulsion': 0.16796474607680442, 'gamma': 0.6540432554685154, 'sigma_update': 0.3271919293409697, 'eta_learning': 0.7711064230421815, 'sigma_boundary': 4.542924106114941, 'alpha': 0.6251485419905223}. Best is trial 131 with value: 0.09279822794861006.
[I 2026-03-04 14:28:38,941] Trial 150 finished with value: 0.11491939175085353 and parameters: {'sigma_noise': 0.24169135807298298, 'A_repulsion': 0.19352875504659542, 'gamma': 0.47399217749587563, 'sigma_update': 0.15705777614729835, 'eta_learning': 0.5599585345736748, 'sigma_boundary': 5.617010669828046, 'alpha': 0.5312473372050226}. Best is trial 131 with value: 0.09279822794861006.
[I 2026-03-04 14:29:19,321] Trial 155 finished with value: 0.1123176610818065 and parameters: {'sigma_noise': 0.2422194972376106, 'A_repulsion': 0.15517150481342448, 'gamma': 0.3828822454347916, 'sigma_update': 0.2905523689663295, 'eta_learning': 0.9569581202615526, 'sigma_boundary': 6.671102466005616, 'alpha': 0.6188448099352286}. Best is trial 131 with value: 0.09279822794861006.
[I 2026-03-04 14:29:30,218] Trial 161 finished with value: 0.10422560277360858 and parameters: {'sigma_noise': 0.13726514708577045, 'A_repulsion': 0.06168475815172648, 'gamma': 0.3345975234883609, 'sigma_update': 0.22357630186455074, 'eta_learning': 1.0734619346475394, 'sigma_boundary': 3.117938784448061, 'alpha': 0.6467787060724959}. Best is trial 131 with value: 0.09279822794861006.
[I 2026-03-04 14:29:43,144] Trial 154 finished with value: 0.11003443068754604 and parameters: {'sigma_noise': 0.2604139674284586, 'A_repulsion': 0.1690839222737998, 'gamma': 0.25366072125734707, 'sigma_update': 0.24822436625668534, 'eta_learning': 1.1203618561930135, 'sigma_boundary': 5.07539826600948, 'alpha': 0.6094595563748808}. Best is trial 131 with value: 0.09279822794861006.
[I 2026-03-04 14:30:06,642] Trial 156 finished with value: 0.10754871822190001 and parameters: {'sigma_noise': 0.2461181790832439, 'A_repulsion': 0.19305284446769239, 'gamma': 0.5772902613443405, 'sigma_update': 0.1793503259295613, 'eta_learning': 2.2432229793239338, 'sigma_boundary': 3.1053260160589025, 'alpha': 0.6092194689618541}. Best is trial 131 with value: 0.09279822794861006.
[I 2026-03-04 14:30:10,411] Trial 159 finished with value: 0.10086228684688667 and parameters: {'sigma_noise': 0.21971406416909217, 'A_repulsion': 0.09052998435338269, 'gamma': 0.6034482657449475, 'sigma_update': 0.33798504603062546, 'eta_learning': 2.311169851178211, 'sigma_boundary': 3.635292382434624, 'alpha': 0.7365099723952779}. Best is trial 131 with value: 0.09279822794861006.
[I 2026-03-04 14:30:12,649] Trial 157 finished with value: 0.16021522530809124 and parameters: {'sigma_noise': 0.18955621594469535, 'A_repulsion': 0.2099787766302272, 'gamma': 0.5362433403808132, 'sigma_update': 0.2817270028798751, 'eta_learning': 0.8174837351195038, 'sigma_boundary': 4.528754707585483, 'alpha': 0.3981996732175489}. Best is trial 131 with value: 0.09279822794861006.
[I 2026-03-04 14:30:35,590] Trial 158 finished with value: 0.11015365446497447 and parameters: {'sigma_noise': 0.22381253906257004, 'A_repulsion': 0.13643814892110845, 'gamma': 0.7359184412896427, 'sigma_update': 0.30747609959639677, 'eta_learning': 1.1065752783997223, 'sigma_boundary': 4.028354113676976, 'alpha': 0.5901342521235682}. Best is trial 131 with value: 0.09279822794861006.
[I 2026-03-04 14:31:09,333] Trial 162 finished with value: 0.11622095295442784 and parameters: {'sigma_noise': 0.168533518143974, 'A_repulsion': 0.2140904286416297, 'gamma': 0.2027475343997258, 'sigma_update': 0.18615638049730276, 'eta_learning': 0.9383160589192702, 'sigma_boundary': 3.7037098115776654, 'alpha': 0.514098498799384}. Best is trial 131 with value: 0.09279822794861006.
[I 2026-03-04 14:31:27,866] Trial 163 finished with value: 0.09671734248965758 and parameters: {'sigma_noise': 0.14515700081330465, 'A_repulsion': 0.10811939811034449, 'gamma': 0.48727706003444454, 'sigma_update': 0.14350371126701836, 'eta_learning': 0.49979773162369545, 'sigma_boundary': 4.92555390906861, 'alpha': 0.5012165133286062}. Best is trial 131 with value: 0.09279822794861006.
[I 2026-03-04 14:31:34,808] Trial 160 finished with value: 0.12895444581739338 and parameters: {'sigma_noise': 0.2476643051348295, 'A_repulsion': 0.22194604482607383, 'gamma': 0.4349123105666438, 'sigma_update': 0.26256535850020624, 'eta_learning': 1.2056848772980484, 'sigma_boundary': 4.805516166797375, 'alpha': 0.5396434022785802}. Best is trial 131 with value: 0.09279822794861006.
[I 2026-03-04 14:32:12,549] Trial 165 finished with value: 0.11018015719657953 and parameters: {'sigma_noise': 0.15344282799334152, 'A_repulsion': 0.16245621857651, 'gamma': 0.43258976623914747, 'sigma_update': 0.24332686937737824, 'eta_learning': 1.0638036990197834, 'sigma_boundary': 4.654178914235511, 'alpha': 0.6912016607156932}. Best is trial 131 with value: 0.09279822794861006.
[I 2026-03-04 14:32:38,790] Trial 166 finished with value: 0.11410409823001673 and parameters: {'sigma_noise': 0.13049897655273193, 'A_repulsion': 0.08907385593840474, 'gamma': 0.5134692677194301, 'sigma_update': 0.33060750061230204, 'eta_learning': 0.2725892655511211, 'sigma_boundary': 3.8735942090150277, 'alpha': 0.46496435907910183}. Best is trial 131 with value: 0.09279822794861006.
[I 2026-03-04 14:32:47,814] Trial 168 finished with value: 0.1252941876825642 and parameters: {'sigma_noise': 0.1185705730745578, 'A_repulsion': 0.0736946928186169, 'gamma': 0.2997658914470326, 'sigma_update': 0.19509405530439294, 'eta_learning': 1.1678452531395653, 'sigma_boundary': 3.7222750059946628, 'alpha': 0.40907284473651195}. Best is trial 131 with value: 0.09279822794861006.
[I 2026-03-04 14:33:07,792] Trial 164 finished with value: 0.11638811025404219 and parameters: {'sigma_noise': 0.1996704010922758, 'A_repulsion': 0.22406441157687834, 'gamma': 0.47294978292463713, 'sigma_update': 0.21878138025501617, 'eta_learning': 0.015092416215003759, 'sigma_boundary': 6.333266110121501, 'alpha': 0.49827664167783214}. Best is trial 131 with value: 0.09279822794861006.
[I 2026-03-04 14:33:54,714] Trial 171 finished with value: 0.10477889507707346 and parameters: {'sigma_noise': 0.1416832410899982, 'A_repulsion': 0.08432076550402173, 'gamma': 0.47031671003583253, 'sigma_update': 0.189015816915579, 'eta_learning': 0.5810170585386405, 'sigma_boundary': 2.9395213596663727, 'alpha': 0.5917583351936109}. Best is trial 131 with value: 0.09279822794861006.
