[I 2026-03-04 16:01:37,549] Trial 199 finished with value: 0.13176070688434355 and parameters: {'sigma_noise': 0.17650158890418066, 'A_repulsion': 0.1698171767254706, 'gamma': 0.5196432933920133, 'sigma_update': 0.3399285678218169, 'eta_learning': 1.6566650603508455, 'sigma_boundary': 4.6291442338998605, 'alpha': 0.8886770085218626}. Best is trial 116 with value: 0.10050767499349628.
[I 2026-03-04 16:01:40,779] Trial 195 finished with value: 0.16080139733816765 and parameters: {'sigma_noise': 0.29137804057338884, 'A_repulsion': 0.17631599812219964, 'gamma': 0.6327159571522483, 'sigma_update': 0.12955907019518043, 'eta_learning': 2.3467040588873243, 'sigma_boundary': 4.207476860147622, 'alpha': 0.715771821445281}. Best is trial 116 with value: 0.10050767499349628.
[I 2026-03-04 16:01:43,695] Trial 197 finished with value: 0.15483104789001106 and parameters: {'sigma_noise': 0.22721142098609193, 'A_repulsion': 0.24471855789834862, 'gamma': 0.41216783999261103, 'sigma_update': 0.4476642892486288, 'eta_learning': 2.3275849645498523, 'sigma_boundary': 5.544422002068653, 'alpha': 0.9588347820669376}. Best is trial 116 with value: 0.10050767499349628.
[I 2026-03-04 16:01:45,565] Trial 198 finished with value: 0.433051393254019 and parameters: {'sigma_noise': 0.3655483694788493, 'A_repulsion': 0.2608705209347921, 'gamma': 0.6386207046716759, 'sigma_update': 0.054906375009177305, 'eta_learning': 2.190802538209916, 'sigma_boundary': 6.365467460828303, 'alpha': 0.91965691088828}. Best is trial 116 with value: 0.10050767499349628.
