[I 2026-03-04 15:46:40,918] Trial 139 finished with value: 0.12023748477985324 and parameters: {'sigma_noise': 0.21557516647384994, 'A_repulsion': 0.18069874769531874, 'gamma': 0.6835713949293307, 'sigma_update': 0.38744368986306466, 'eta_learning': 2.1375824346989454, 'sigma_boundary': 5.934800291857245, 'alpha': 0.9208126546698948}. Best is trial 116 with value: 0.10050767499349628.
[I 2026-03-04 15:46:42,571] Trial 137 finished with value: 0.12399013178170412 and parameters: {'sigma_noise': 0.25650981825840197, 'A_repulsion': 0.1836005841530226, 'gamma': 0.5409517345302434, 'sigma_update': 0.1868444878278389, 'eta_learning': 2.684154324003811, 'sigma_boundary': 3.6248210009398476, 'alpha': 0.8196763079340584}. Best is trial 116 with value: 0.10050767499349628.
[I 2026-03-04 15:47:23,747] Trial 133 finished with value: 0.1427026509635343 and parameters: {'sigma_noise': 0.24943290770171495, 'A_repulsion': 0.3143330979839667, 'gamma': 0.38832789340774115, 'sigma_update': 0.29169863433575194, 'eta_learning': 2.2580574377382248, 'sigma_boundary': 1.4875611938203979, 'alpha': 0.7281076435752336}. Best is trial 116 with value: 0.10050767499349628.
[I 2026-03-04 15:47:37,389] Trial 146 finished with value: 0.28756028384004906 and parameters: {'sigma_noise': 0.16111429406658595, 'A_repulsion': 0.16903497217265284, 'gamma': 0.6428506615890516, 'sigma_update': 0.44371666446881763, 'eta_learning': 1.6861416871485315, 'sigma_boundary': 4.645998874923184, 'alpha': 0.4615229251303005}. Best is trial 116 with value: 0.10050767499349628.
[I 2026-03-04 15:48:09,854] Trial 147 finished with value: 0.1785943888171794 and parameters: {'sigma_noise': 0.19514843400473209, 'A_repulsion': 0.17829778465938614, 'gamma': 0.35015706721344686, 'sigma_update': 0.20818430847069916, 'eta_learning': 1.7234696577135116, 'sigma_boundary': 3.331946546681457, 'alpha': 0.40687969424667825}. Best is trial 116 with value: 0.10050767499349628.
[I 2026-03-04 15:48:41,333] Trial 148 finished with value: 0.12325338966558748 and parameters: {'sigma_noise': 0.16460585891106683, 'A_repulsion': 0.24449230306143324, 'gamma': 0.7322961916339199, 'sigma_update': 0.3007477245888178, 'eta_learning': 1.3275054957577943, 'sigma_boundary': 3.2457630722708535, 'alpha': 0.6627226794185205}. Best is trial 116 with value: 0.10050767499349628.
[I 2026-03-04 15:48:50,401] Trial 145 finished with value: 0.11842389365071378 and parameters: {'sigma_noise': 0.23766331923964568, 'A_repulsion': 0.2566786289515077, 'gamma': 0.6643757078133279, 'sigma_update': 0.20019998423619317, 'eta_learning': 1.4178263862324478, 'sigma_boundary': 1.770756444340386, 'alpha': 0.5165303519988139}. Best is trial 116 with value: 0.10050767499349628.
[I 2026-03-04 15:49:12,039] Trial 149 finished with value: 0.12147189212434202 and parameters: {'sigma_noise': 0.19095259505925455, 'A_repulsion': 0.23333352674445884, 'gamma': 0.6599254279137433, 'sigma_update': 0.3119651964874372, 'eta_learning': 2.22863054620523, 'sigma_boundary': 7.663436613873711, 'alpha': 0.764988084161453}. Best is trial 116 with value: 0.10050767499349628.
[I 2026-03-04 15:49:15,958] Trial 154 finished with value: 0.1305678304758651 and parameters: {'sigma_noise': 0.14913567561980434, 'A_repulsion': 0.18751984830239177, 'gamma': 0.8808489079900387, 'sigma_update': 0.13534156619781812, 'eta_learning': 2.469892415311588, 'sigma_boundary': 2.9451322168515244, 'alpha': 0.8873740519317154}. Best is trial 116 with value: 0.10050767499349628.
[I 2026-03-04 15:49:47,495] Trial 152 finished with value: 0.12281414819112528 and parameters: {'sigma_noise': 0.15228414344587407, 'A_repulsion': 0.28989166041033104, 'gamma': 0.9019686330731322, 'sigma_update': 0.4245221752155959, 'eta_learning': 1.31478542221099, 'sigma_boundary': 1.523958399395183, 'alpha': 0.7323774547233607}. Best is trial 116 with value: 0.10050767499349628.
[I 2026-03-04 15:50:02,467] Trial 143 finished with value: 0.26480110378640254 and parameters: {'sigma_noise': 0.36767181887779155, 'A_repulsion': 0.29754887650755063, 'gamma': 0.4822397844106562, 'sigma_update': 0.4333223718615279, 'eta_learning': 1.6165033298824478, 'sigma_boundary': 3.964149395543835, 'alpha': 0.6609958568732746}. Best is trial 116 with value: 0.10050767499349628.
[I 2026-03-04 15:50:04,320] Trial 144 finished with value: 0.15535124858866406 and parameters: {'sigma_noise': 0.2741274758181352, 'A_repulsion': 0.4494482925957025, 'gamma': 0.864109472589714, 'sigma_update': 0.17144348887371877, 'eta_learning': 1.984012158411357, 'sigma_boundary': 4.0404255970650045, 'alpha': 0.7970494145684904}. Best is trial 116 with value: 0.10050767499349628.
[I 2026-03-04 15:50:07,996] Trial 156 finished with value: 0.11377852706605344 and parameters: {'sigma_noise': 0.18680560648338818, 'A_repulsion': 0.23541595770214102, 'gamma': 0.843991159577885, 'sigma_update': 0.47077020522833957, 'eta_learning': 1.5937329107762552, 'sigma_boundary': 6.675815988419731, 'alpha': 0.8452585435046842}. Best is trial 116 with value: 0.10050767499349628.
[I 2026-03-04 15:50:21,767] Trial 158 finished with value: 0.155731653393611 and parameters: {'sigma_noise': 0.16179550847768198, 'A_repulsion': 0.1505702834041706, 'gamma': 0.7241730161500609, 'sigma_update': 0.4552524973366627, 'eta_learning': 2.0505257239077976, 'sigma_boundary': 4.393918624544895, 'alpha': 0.5783989783011447}. Best is trial 116 with value: 0.10050767499349628.
[I 2026-03-04 15:50:25,667] Trial 151 finished with value: 0.11261468455852572 and parameters: {'sigma_noise': 0.24701433788454918, 'A_repulsion': 0.17141143147088447, 'gamma': 0.6792935327815587, 'sigma_update': 0.2893684913819227, 'eta_learning': 1.2558603129123205, 'sigma_boundary': 2.8199304861852235, 'alpha': 0.7877279670356528}. Best is trial 116 with value: 0.10050767499349628.
[I 2026-03-04 15:50:43,778] Trial 150 finished with value: 0.13319539231948493 and parameters: {'sigma_noise': 0.184759801971227, 'A_repulsion': 0.3299068941339242, 'gamma': 0.9369078580952914, 'sigma_update': 0.38395791262879186, 'eta_learning': 1.7190997885762769, 'sigma_boundary': 2.870786205578368, 'alpha': 0.840479834117501}. Best is trial 116 with value: 0.10050767499349628.
[I 2026-03-04 15:50:56,544] Trial 155 finished with value: 0.1382098407871896 and parameters: {'sigma_noise': 0.2578418688590211, 'A_repulsion': 0.15362220286441183, 'gamma': 0.40230969748510315, 'sigma_update': 0.32100062258029105, 'eta_learning': 1.127641993212262, 'sigma_boundary': 4.573519469330412, 'alpha': 0.7966757709230154}. Best is trial 116 with value: 0.10050767499349628.
[I 2026-03-04 15:51:58,026] Trial 153 finished with value: 0.1369319739821454 and parameters: {'sigma_noise': 0.22729976481745884, 'A_repulsion': 0.34732629883029864, 'gamma': 0.47544614092146353, 'sigma_update': 0.3120648426623156, 'eta_learning': 1.4928496102296687, 'sigma_boundary': 4.936745388003821, 'alpha': 0.6320732515552299}. Best is trial 116 with value: 0.10050767499349628.
[I 2026-03-04 15:52:09,020] Trial 157 finished with value: 0.12400811542800014 and parameters: {'sigma_noise': 0.24212910456336267, 'A_repulsion': 0.2243997693204648, 'gamma': 0.5169462280572397, 'sigma_update': 0.28077115571254135, 'eta_learning': 2.572186849999872, 'sigma_boundary': 3.8933225940405403, 'alpha': 0.6386799141439435}. Best is trial 116 with value: 0.10050767499349628.
[I 2026-03-04 15:52:16,702] Trial 159 finished with value: 0.14074767976617317 and parameters: {'sigma_noise': 0.18307742277743072, 'A_repulsion': 0.32716694958779136, 'gamma': 0.7822782770635651, 'sigma_update': 0.2948790139275372, 'eta_learning': 1.8058652043915335, 'sigma_boundary': 4.047204528926909, 'alpha': 0.8410313779168532}. Best is trial 116 with value: 0.10050767499349628.
[I 2026-03-04 15:53:19,681] Trial 162 finished with value: 0.12254532220257944 and parameters: {'sigma_noise': 0.10921713914361686, 'A_repulsion': 0.021686723117077478, 'gamma': 0.5137871183076745, 'sigma_update': 0.20648748142661236, 'eta_learning': 2.76244767275627, 'sigma_boundary': 5.3150333705170745, 'alpha': 0.9804371898226176}. Best is trial 116 with value: 0.10050767499349628.
[I 2026-03-04 15:55:28,863] Trial 161 finished with value: 0.139902702890521 and parameters: {'sigma_noise': 0.15870218897331248, 'A_repulsion': 0.23265738509391878, 'gamma': 0.5798498586152186, 'sigma_update': 0.2773863683556525, 'eta_learning': 2.128163297702824, 'sigma_boundary': 4.272154328736897, 'alpha': 0.6304036086655493}. Best is trial 116 with value: 0.10050767499349628.
[I 2026-03-04 15:55:46,800] Trial 160 finished with value: 0.1110216666743151 and parameters: {'sigma_noise': 0.1816511211110921, 'A_repulsion': 0.34366018369331097, 'gamma': 0.8708831956695396, 'sigma_update': 0.13494095555381602, 'eta_learning': 1.218443233738361, 'sigma_boundary': 5.182473753024785, 'alpha': 0.6058181253707402}. Best is trial 116 with value: 0.10050767499349628.
[I 2026-03-04 15:56:00,738] Trial 167 finished with value: 0.13668447548334275 and parameters: {'sigma_noise': 0.148063074710369, 'A_repulsion': 0.009570309746887704, 'gamma': 0.5868446635269176, 'sigma_update': 0.3396629911294257, 'eta_learning': 0.6447553059528968, 'sigma_boundary': 5.137173417014812, 'alpha': 0.7171762831823127}. Best is trial 116 with value: 0.10050767499349628.
[I 2026-03-04 15:56:20,420] Trial 164 finished with value: 0.1859165339390093 and parameters: {'sigma_noise': 0.14966543879286048, 'A_repulsion': 0.16498636755100077, 'gamma': 0.25498323410449353, 'sigma_update': 0.07170641838486874, 'eta_learning': 1.621337785447492, 'sigma_boundary': 4.706130986146131, 'alpha': 0.761565232626149}. Best is trial 116 with value: 0.10050767499349628.
[I 2026-03-04 15:56:30,599] Trial 165 finished with value: 0.1248236130540856 and parameters: {'sigma_noise': 0.11327454590453988, 'A_repulsion': 0.2269334844006848, 'gamma': 0.6523444395929456, 'sigma_update': 0.11620926207027354, 'eta_learning': 2.244974291889358, 'sigma_boundary': 3.547802870972331, 'alpha': 0.6217297993838777}. Best is trial 116 with value: 0.10050767499349628.
[I 2026-03-04 15:56:31,783] Trial 166 finished with value: 0.35185699520796054 and parameters: {'sigma_noise': 0.17322886044902633, 'A_repulsion': 0.068806572107076, 'gamma': 0.6723711977834773, 'sigma_update': 0.035030918749746225, 'eta_learning': 2.752786609361722, 'sigma_boundary': 8.544587527842644, 'alpha': 0.881967934142615}. Best is trial 116 with value: 0.10050767499349628.
[I 2026-03-04 15:56:52,538] Trial 163 finished with value: 0.10851815714598606 and parameters: {'sigma_noise': 0.23002588456021694, 'A_repulsion': 0.14963730314060286, 'gamma': 0.7568198837301293, 'sigma_update': 0.21076640419796636, 'eta_learning': 1.4865996718304983, 'sigma_boundary': 4.017111965192756, 'alpha': 0.5378919596724954}. Best is trial 116 with value: 0.10050767499349628.
[I 2026-03-04 15:56:58,449] Trial 175 finished with value: 0.1863612025058487 and parameters: {'sigma_noise': 0.0519737345585418, 'A_repulsion': 0.25880283910867435, 'gamma': 0.7580952968873682, 'sigma_update': 0.4092226691210709, 'eta_learning': 2.147669010795199, 'sigma_boundary': 6.743022074703098, 'alpha': 0.8007633450415985}. Best is trial 116 with value: 0.10050767499349628.
[I 2026-03-04 15:57:54,054] Trial 169 finished with value: 0.12644104606100237 and parameters: {'sigma_noise': 0.18850331473100684, 'A_repulsion': 0.18113517555818193, 'gamma': 0.587896013492659, 'sigma_update': 0.1975649205620183, 'eta_learning': 1.8815120179125884, 'sigma_boundary': 5.056009842207639, 'alpha': 0.8124792254868206}. Best is trial 116 with value: 0.10050767499349628.
[I 2026-03-04 15:57:54,743] Trial 177 finished with value: 0.13361582743207767 and parameters: {'sigma_noise': 0.130938016435016, 'A_repulsion': 0.18371852244913642, 'gamma': 0.8040781014357946, 'sigma_update': 0.3324785097994619, 'eta_learning': 2.381989823474333, 'sigma_boundary': 2.6128774869433293, 'alpha': 0.7335484420712007}. Best is trial 116 with value: 0.10050767499349628.
[I 2026-03-04 15:58:22,198] Trial 168 finished with value: 0.11739826980188403 and parameters: {'sigma_noise': 0.23176419749764504, 'A_repulsion': 0.15594086648058958, 'gamma': 0.5734008548617116, 'sigma_update': 0.16679223007954336, 'eta_learning': 1.0743243638234823, 'sigma_boundary': 3.3337251699305366, 'alpha': 0.7704318725289298}. Best is trial 116 with value: 0.10050767499349628.
[I 2026-03-04 15:59:04,689] Trial 174 finished with value: 0.12740442776054123 and parameters: {'sigma_noise': 0.2042704903203189, 'A_repulsion': 0.2590331303506766, 'gamma': 0.8001782049050239, 'sigma_update': 0.27998696402770407, 'eta_learning': 1.762265988760068, 'sigma_boundary': 4.363875883781407, 'alpha': 0.8916700139514127}. Best is trial 116 with value: 0.10050767499349628.
[I 2026-03-04 15:59:08,023] Trial 182 finished with value: 0.17021249136272473 and parameters: {'sigma_noise': 0.07905523968275466, 'A_repulsion': 0.337100875651133, 'gamma': 0.8665563712503785, 'sigma_update': 0.32004317004066113, 'eta_learning': 2.5419680531168556, 'sigma_boundary': 4.467263269624514, 'alpha': 0.6662454009851143}. Best is trial 116 with value: 0.10050767499349628.
[I 2026-03-04 15:59:31,293] Trial 179 finished with value: 0.33862524509964664 and parameters: {'sigma_noise': 0.2279008840235875, 'A_repulsion': 0.20976473101257276, 'gamma': 0.7047437124354113, 'sigma_update': 0.18133867985955857, 'eta_learning': 2.2761835987709667, 'sigma_boundary': 5.55765039436048, 'alpha': 0.39045257233423025}. Best is trial 116 with value: 0.10050767499349628.
[I 2026-03-04 15:59:35,911] Trial 171 finished with value: 0.11576265508915962 and parameters: {'sigma_noise': 0.2520806626057927, 'A_repulsion': 0.25307047251703924, 'gamma': 0.6232976367282913, 'sigma_update': 0.2328729542788478, 'eta_learning': 1.4537270182346869, 'sigma_boundary': 4.912998164764872, 'alpha': 0.6537556582503529}. Best is trial 116 with value: 0.10050767499349628.
[I 2026-03-04 15:59:47,539] Trial 173 finished with value: 0.10842895468946648 and parameters: {'sigma_noise': 0.24657855422647496, 'A_repulsion': 0.29392128424641245, 'gamma': 0.8241752814988378, 'sigma_update': 0.21468915556255935, 'eta_learning': 1.7385008328323373, 'sigma_boundary': 3.2899620967537246, 'alpha': 0.7007078073667424}. Best is trial 116 with value: 0.10050767499349628.
[I 2026-03-04 15:59:59,026] Trial 178 finished with value: 0.1828003846752973 and parameters: {'sigma_noise': 0.20962808138248562, 'A_repulsion': 0.31541065922830697, 'gamma': 0.5260248882468779, 'sigma_update': 0.4088417002550986, 'eta_learning': 2.392234031327063, 'sigma_boundary': 7.923393344048818, 'alpha': 0.6213338936893087}. Best is trial 116 with value: 0.10050767499349628.
[I 2026-03-04 16:00:01,376] Trial 170 finished with value: 0.14767038695256948 and parameters: {'sigma_noise': 0.31555023464176946, 'A_repulsion': 0.3171923414394033, 'gamma': 0.47132291685613364, 'sigma_update': 0.3264125066891333, 'eta_learning': 1.9884434994913025, 'sigma_boundary': 1.6907815347782549, 'alpha': 0.7245300896697433}. Best is trial 116 with value: 0.10050767499349628.
[I 2026-03-04 16:00:11,399] Trial 192 finished with value: 0.1266844195159579 and parameters: {'sigma_noise': 0.15264917223132773, 'A_repulsion': 0.08636709116503488, 'gamma': 0.4188177478734493, 'sigma_update': 0.23923723057950164, 'eta_learning': 2.473868505260561, 'sigma_boundary': 3.548089005419918, 'alpha': 0.8076700293436161}. Best is trial 116 with value: 0.10050767499349628.
[I 2026-03-04 16:00:22,295] Trial 172 finished with value: 0.17829068198606968 and parameters: {'sigma_noise': 0.3240013930874439, 'A_repulsion': 0.31418820762345034, 'gamma': 0.7916516667365098, 'sigma_update': 0.16950997989156996, 'eta_learning': 2.455744978692526, 'sigma_boundary': 3.2684780692410187, 'alpha': 0.9412901111989448}. Best is trial 116 with value: 0.10050767499349628.
[I 2026-03-04 16:00:27,430] Trial 176 finished with value: 0.14149378603836613 and parameters: {'sigma_noise': 0.3191457223181146, 'A_repulsion': 0.2883683456449817, 'gamma': 0.8074485368108494, 'sigma_update': 0.26064997512305227, 'eta_learning': 1.4325305143178935, 'sigma_boundary': 4.18417640652742, 'alpha': 0.569526303330554}. Best is trial 116 with value: 0.10050767499349628.
[I 2026-03-04 16:00:35,702] Trial 185 finished with value: 0.11533900446864775 and parameters: {'sigma_noise': 0.1747189803638149, 'A_repulsion': 0.18826511622553826, 'gamma': 0.7422219931804039, 'sigma_update': 0.36176133561795226, 'eta_learning': 2.1701568043213615, 'sigma_boundary': 5.66335245079016, 'alpha': 0.8972790203415432}. Best is trial 116 with value: 0.10050767499349628.
[I 2026-03-04 16:00:47,600] Trial 184 finished with value: 0.11340693787678109 and parameters: {'sigma_noise': 0.22882912322993332, 'A_repulsion': 0.19593383838570266, 'gamma': 0.6836930227076699, 'sigma_update': 0.3037286000897751, 'eta_learning': 2.7720518781512364, 'sigma_boundary': 4.534621612762348, 'alpha': 0.7967163127034907}. Best is trial 116 with value: 0.10050767499349628.
[I 2026-03-04 16:00:49,189] Trial 181 finished with value: 0.15030416253710174 and parameters: {'sigma_noise': 0.24833092962500591, 'A_repulsion': 0.30955616625415583, 'gamma': 0.582427090231195, 'sigma_update': 0.16894430866538748, 'eta_learning': 1.7997957119967987, 'sigma_boundary': 3.6591230365456773, 'alpha': 0.9556808510643239}. Best is trial 116 with value: 0.10050767499349628.
[I 2026-03-04 16:00:49,743] Trial 188 finished with value: 0.1421417112277203 and parameters: {'sigma_noise': 0.16234620936164262, 'A_repulsion': 0.19680674854704144, 'gamma': 0.5784791312802486, 'sigma_update': 0.24175217696331927, 'eta_learning': 1.4227314331918406, 'sigma_boundary': 5.413237184455193, 'alpha': 0.5008954968357068}. Best is trial 116 with value: 0.10050767499349628.
[I 2026-03-04 16:00:50,564] Trial 180 finished with value: 0.13985727429204126 and parameters: {'sigma_noise': 0.2555971103975352, 'A_repulsion': 0.3765221631345375, 'gamma': 0.6995915058859228, 'sigma_update': 0.4211798486424998, 'eta_learning': 2.1935320309306223, 'sigma_boundary': 1.8902020692761, 'alpha': 0.6104738827984705}. Best is trial 116 with value: 0.10050767499349628.
[I 2026-03-04 16:00:54,887] Trial 183 finished with value: 0.13297679564441797 and parameters: {'sigma_noise': 0.2035734362690973, 'A_repulsion': 0.3195767595996275, 'gamma': 0.6988156655537913, 'sigma_update': 0.46875584896029016, 'eta_learning': 1.3146595871590447, 'sigma_boundary': 2.407001949531117, 'alpha': 0.9183495563827301}. Best is trial 116 with value: 0.10050767499349628.
[I 2026-03-04 16:00:57,682] Trial 191 finished with value: 0.11914820634796205 and parameters: {'sigma_noise': 0.24428687671271432, 'A_repulsion': 0.02312833032065681, 'gamma': 0.6493149140659786, 'sigma_update': 0.28542067367856233, 'eta_learning': 2.2647639410323115, 'sigma_boundary': 7.257098580367589, 'alpha': 0.9781171658552685}. Best is trial 116 with value: 0.10050767499349628.
[I 2026-03-04 16:01:00,949] Trial 187 finished with value: 0.11208550797114955 and parameters: {'sigma_noise': 0.17507479347236715, 'A_repulsion': 0.22694992791164958, 'gamma': 0.7642780018270505, 'sigma_update': 0.1570839856415178, 'eta_learning': 1.8129659105145022, 'sigma_boundary': 4.888783838207807, 'alpha': 0.6583498007567287}. Best is trial 116 with value: 0.10050767499349628.
[I 2026-03-04 16:01:13,903] Trial 186 finished with value: 0.8943916879577205 and parameters: {'sigma_noise': 0.25328968104652816, 'A_repulsion': 0.20786107532683015, 'gamma': 0.4538977880518393, 'sigma_update': 0.3331048469920771, 'eta_learning': 1.0775542199786006, 'sigma_boundary': 2.7868534323188117, 'alpha': 0.3005735206365607}. Best is trial 116 with value: 0.10050767499349628.
[I 2026-03-04 16:01:14,730] Trial 194 finished with value: 0.13045120945977068 and parameters: {'sigma_noise': 0.14005087665258176, 'A_repulsion': 0.24725963107797394, 'gamma': 0.5651640389546104, 'sigma_update': 0.21618599281462025, 'eta_learning': 2.4676661405935794, 'sigma_boundary': 6.551632523583356, 'alpha': 0.6476686813734195}. Best is trial 116 with value: 0.10050767499349628.
[I 2026-03-04 16:01:27,309] Trial 189 finished with value: 0.1108675170853381 and parameters: {'sigma_noise': 0.26840366366293616, 'A_repulsion': 0.15655592940235158, 'gamma': 0.9325443325379725, 'sigma_update': 0.11405883200999441, 'eta_learning': 1.243505340342459, 'sigma_boundary': 0.565781906522064, 'alpha': 0.6978235792212392}. Best is trial 116 with value: 0.10050767499349628.
[I 2026-03-04 16:01:31,897] Trial 196 finished with value: 0.10090687682951063 and parameters: {'sigma_noise': 0.26121949447646525, 'A_repulsion': 0.12911843137783235, 'gamma': 0.9202332275102807, 'sigma_update': 0.5092832217020163, 'eta_learning': 2.120226220399138, 'sigma_boundary': 5.7018624951147325, 'alpha': 0.8855672389367729}. Best is trial 116 with value: 0.10050767499349628.
[I 2026-03-04 16:01:33,518] Trial 190 finished with value: 0.12377026993744948 and parameters: {'sigma_noise': 0.2823781972057376, 'A_repulsion': 0.14512414687453076, 'gamma': 0.5897280236857312, 'sigma_update': 0.22553681460593591, 'eta_learning': 1.9882319631505019, 'sigma_boundary': 7.77238027657198, 'alpha': 0.6870801217865862}. Best is trial 116 with value: 0.10050767499349628.
[I 2026-03-04 16:01:35,115] Trial 193 finished with value: 0.12466874575068226 and parameters: {'sigma_noise': 0.26861057511125447, 'A_repulsion': 0.17310187450803002, 'gamma': 0.7484431773753613, 'sigma_update': 0.4507323104204377, 'eta_learning': 2.4939610604469893, 'sigma_boundary': 4.183622220948883, 'alpha': 0.7393830719108775}. Best is trial 116 with value: 0.10050767499349628.
