[I 2026-03-04 14:13:07,727] Trial 54 finished with value: 0.4129582856292 and parameters: {'sigma_noise': 0.268988532349557, 'A_repulsion': 0.2452455397434958, 'gamma': 0.5515793061881841, 'sigma_update': 0.3926621798285796, 'eta_learning': 2.042949445726486, 'sigma_boundary': 5.541833928816471, 'alpha': 0.4179960109353582}. Best is trial 2 with value: 0.11194380224594991.
[I 2026-03-04 14:13:42,976] Trial 61 finished with value: 0.29643937986690155 and parameters: {'sigma_noise': 0.260714063041161, 'A_repulsion': 0.14708964069675395, 'gamma': 0.45667359110954275, 'sigma_update': 0.350436257499159, 'eta_learning': 0.7561879945662232, 'sigma_boundary': 5.200280754880071, 'alpha': 0.42089835032470024}. Best is trial 2 with value: 0.11194380224594991.
[I 2026-03-04 14:13:58,993] Trial 57 finished with value: 0.3379528922702989 and parameters: {'sigma_noise': 0.3018488855095784, 'A_repulsion': 0.16550654587983543, 'gamma': 0.7290576720037468, 'sigma_update': 0.32856131259145466, 'eta_learning': 1.2715375552404706, 'sigma_boundary': 8.199241673092304, 'alpha': 0.40820578172523203}. Best is trial 2 with value: 0.11194380224594991.
[I 2026-03-04 14:14:03,453] Trial 55 finished with value: 1.4206908378034053 and parameters: {'sigma_noise': 0.35873104482999113, 'A_repulsion': 0.2801859739312777, 'gamma': 0.6675078406422539, 'sigma_update': 0.423759663118423, 'eta_learning': 1.4389078025838535, 'sigma_boundary': 5.0043381474032085, 'alpha': 0.3192810643607056}. Best is trial 2 with value: 0.11194380224594991.
[I 2026-03-04 14:14:09,588] Trial 58 finished with value: 0.15012653181774896 and parameters: {'sigma_noise': 0.25558634677322234, 'A_repulsion': 0.21665159958729174, 'gamma': 0.45699751352657664, 'sigma_update': 0.3009762863117384, 'eta_learning': 2.0636535406523833, 'sigma_boundary': 2.840471780032749, 'alpha': 0.6349339414595583}. Best is trial 2 with value: 0.11194380224594991.
[I 2026-03-04 14:14:20,081] Trial 59 finished with value: 0.28835796202039743 and parameters: {'sigma_noise': 0.23865558547708016, 'A_repulsion': 0.24146299214041966, 'gamma': 0.8254306245379882, 'sigma_update': 0.27964605487785166, 'eta_learning': 1.6760189139556478, 'sigma_boundary': 5.958461330930487, 'alpha': 0.39661625009533513}. Best is trial 2 with value: 0.11194380224594991.
[I 2026-03-04 14:14:26,141] Trial 63 finished with value: 0.27854151688265094 and parameters: {'sigma_noise': 0.21472924131752819, 'A_repulsion': 0.20141361487456283, 'gamma': 0.6195476989003771, 'sigma_update': 0.32566260166919353, 'eta_learning': 1.6248507607473748, 'sigma_boundary': 2.8138568354174898, 'alpha': 0.40287651799963775}. Best is trial 2 with value: 0.11194380224594991.
[I 2026-03-04 14:15:11,193] Trial 73 finished with value: 0.21104954839647352 and parameters: {'sigma_noise': 0.18082366233804192, 'A_repulsion': 0.25952149715670914, 'gamma': 0.4837488816225989, 'sigma_update': 0.38049039296470705, 'eta_learning': 1.9500604989099897, 'sigma_boundary': 5.735656516723279, 'alpha': 0.4815178087642989}. Best is trial 2 with value: 0.11194380224594991.
[I 2026-03-04 14:15:18,041] Trial 64 finished with value: 0.22858286088178575 and parameters: {'sigma_noise': 0.18205787771576426, 'A_repulsion': 0.3509564844479949, 'gamma': 0.31797918224731425, 'sigma_update': 0.19402286289203566, 'eta_learning': 0.5711851529771655, 'sigma_boundary': 1.4976068264180018, 'alpha': 0.31797700938259643}. Best is trial 2 with value: 0.11194380224594991.
[I 2026-03-04 14:15:21,852] Trial 66 finished with value: 0.2064399888726982 and parameters: {'sigma_noise': 0.26626175542306935, 'A_repulsion': 0.17090669944335407, 'gamma': 0.3910016553430775, 'sigma_update': 0.20842163664661478, 'eta_learning': 2.098866843875622, 'sigma_boundary': 5.753068223782073, 'alpha': 0.4169527903434571}. Best is trial 2 with value: 0.11194380224594991.
[I 2026-03-04 14:15:25,285] Trial 65 finished with value: 0.15735551868539843 and parameters: {'sigma_noise': 0.1958353863240998, 'A_repulsion': 0.32714466603968106, 'gamma': 0.4942127349793044, 'sigma_update': 0.5019978780977513, 'eta_learning': 0.6277132376382555, 'sigma_boundary': 3.509234877465159, 'alpha': 0.7292680304141986}. Best is trial 2 with value: 0.11194380224594991.
[I 2026-03-04 14:15:26,996] Trial 70 finished with value: 1.6814726732561072 and parameters: {'sigma_noise': 0.20624095494925798, 'A_repulsion': 0.2743017263534977, 'gamma': 0.37693547365314295, 'sigma_update': 0.48862751324849873, 'eta_learning': 1.4487967037554272, 'sigma_boundary': 4.965662619638071, 'alpha': 0.16281669785805486}. Best is trial 2 with value: 0.11194380224594991.
[I 2026-03-04 14:15:48,999] Trial 75 finished with value: 0.27881956475904 and parameters: {'sigma_noise': 0.20659164376875488, 'A_repulsion': 0.21573539303030043, 'gamma': 0.30820495378384644, 'sigma_update': 0.37434542918886116, 'eta_learning': 1.820368832032854, 'sigma_boundary': 4.606895657520238, 'alpha': 0.431646544555499}. Best is trial 2 with value: 0.11194380224594991.
[I 2026-03-04 14:15:53,974] Trial 76 finished with value: 0.9194779916167749 and parameters: {'sigma_noise': 0.2000603445399895, 'A_repulsion': 0.24526851868484462, 'gamma': 0.46692303200414587, 'sigma_update': 0.39316185034735895, 'eta_learning': 1.7050351328035458, 'sigma_boundary': 5.205589711191193, 'alpha': 0.2761714859362245}. Best is trial 2 with value: 0.11194380224594991.
[I 2026-03-04 14:16:00,200] Trial 62 finished with value: 0.3889522672186989 and parameters: {'sigma_noise': 0.3089752850766141, 'A_repulsion': 0.24838455573738993, 'gamma': 0.4842134645736064, 'sigma_update': 0.5675782861667886, 'eta_learning': 1.4915720824718004, 'sigma_boundary': 4.929589329390956, 'alpha': 0.5870186662432286}. Best is trial 2 with value: 0.11194380224594991.
[I 2026-03-04 14:16:16,262] Trial 67 finished with value: 0.17950270735025736 and parameters: {'sigma_noise': 0.26737650691591314, 'A_repulsion': 0.29163032610951134, 'gamma': 0.21676883488003312, 'sigma_update': 0.3771015483981705, 'eta_learning': 2.1456031083023595, 'sigma_boundary': 4.62418020991083, 'alpha': 0.6738472670682469}. Best is trial 2 with value: 0.11194380224594991.
[I 2026-03-04 14:16:16,909] Trial 68 finished with value: 0.5183537748492657 and parameters: {'sigma_noise': 0.22251090619198288, 'A_repulsion': 0.3262124300339173, 'gamma': 0.3473647228707033, 'sigma_update': 0.36158585194657905, 'eta_learning': 1.6027447156354186, 'sigma_boundary': 3.602840450875468, 'alpha': 0.3526155506388577}. Best is trial 2 with value: 0.11194380224594991.
[I 2026-03-04 14:16:24,084] Trial 69 finished with value: 0.21191429305456377 and parameters: {'sigma_noise': 0.2661974514772225, 'A_repulsion': 0.2975349379553801, 'gamma': 0.40883701138996137, 'sigma_update': 0.5030520682294878, 'eta_learning': 1.3245903402873258, 'sigma_boundary': 7.13382088504293, 'alpha': 0.7086449350048327}. Best is trial 2 with value: 0.11194380224594991.
[I 2026-03-04 14:17:04,450] Trial 72 finished with value: 1.1244701605311227 and parameters: {'sigma_noise': 0.301413388491454, 'A_repulsion': 0.2709777053232535, 'gamma': 0.4124000148197286, 'sigma_update': 0.43027834869927173, 'eta_learning': 1.1971678506436492, 'sigma_boundary': 2.99901041772162, 'alpha': 0.31366654805146466}. Best is trial 2 with value: 0.11194380224594991.
[I 2026-03-04 14:17:16,785] Trial 74 finished with value: 0.14252648095075007 and parameters: {'sigma_noise': 0.3008654053438244, 'A_repulsion': 0.2308893521611204, 'gamma': 0.6886732156628284, 'sigma_update': 0.3722036707887814, 'eta_learning': 0.927050698361079, 'sigma_boundary': 8.021404553661895, 'alpha': 0.6481823077861778}. Best is trial 2 with value: 0.11194380224594991.
[I 2026-03-04 14:17:21,843] Trial 71 finished with value: 0.15243045729635807 and parameters: {'sigma_noise': 0.2492344131394973, 'A_repulsion': 0.4382432122636579, 'gamma': 0.2181781697814831, 'sigma_update': 0.30395284142052253, 'eta_learning': 2.2288342895271245, 'sigma_boundary': 8.182232440117659, 'alpha': 0.633417083010694}. Best is trial 2 with value: 0.11194380224594991.
[I 2026-03-04 14:17:27,600] Trial 78 finished with value: 0.15342511710827061 and parameters: {'sigma_noise': 0.20975101535552715, 'A_repulsion': 0.3099284350477286, 'gamma': 0.23914087919567162, 'sigma_update': 0.2942385702775337, 'eta_learning': 2.0320130089717603, 'sigma_boundary': 6.936098404220392, 'alpha': 0.5805899520329514}. Best is trial 2 with value: 0.11194380224594991.
[I 2026-03-04 14:17:36,401] Trial 77 finished with value: 0.21384411663943345 and parameters: {'sigma_noise': 0.2939954834939726, 'A_repulsion': 0.2691521878287442, 'gamma': 0.6430833281074158, 'sigma_update': 0.2930604528220881, 'eta_learning': 1.2354301694359666, 'sigma_boundary': 6.136617391983816, 'alpha': 0.48728662742362033}. Best is trial 2 with value: 0.11194380224594991.
[I 2026-03-04 14:18:10,092] Trial 79 finished with value: 0.14396276487947007 and parameters: {'sigma_noise': 0.22200877889841852, 'A_repulsion': 0.3924619488942258, 'gamma': 0.5016430398438452, 'sigma_update': 0.26128094037757627, 'eta_learning': 0.8851343586466242, 'sigma_boundary': 4.383614375507585, 'alpha': 0.69852654606996}. Best is trial 2 with value: 0.11194380224594991.
[I 2026-03-04 14:22:27,461] Trial 82 finished with value: 0.2040671125604714 and parameters: {'sigma_noise': 0.1213116169167494, 'A_repulsion': 0.20263013459865004, 'gamma': 0.5971425392547607, 'sigma_update': 0.27950327533985303, 'eta_learning': 0.5327706330874024, 'sigma_boundary': 5.510102331233482, 'alpha': 0.31474173714306863}. Best is trial 2 with value: 0.11194380224594991.
[I 2026-03-04 14:23:27,016] Trial 88 finished with value: 0.22528732976197535 and parameters: {'sigma_noise': 0.08018657924646719, 'A_repulsion': 0.22517451678319578, 'gamma': 0.5537552404774497, 'sigma_update': 0.36261562536338277, 'eta_learning': 1.107955073991554, 'sigma_boundary': 3.514674588472738, 'alpha': 0.3667430252557787}. Best is trial 2 with value: 0.11194380224594991.
[I 2026-03-04 14:23:41,397] Trial 81 finished with value: 0.13626406807579505 and parameters: {'sigma_noise': 0.19257022020039666, 'A_repulsion': 0.2664507215318881, 'gamma': 0.26588800126492523, 'sigma_update': 0.24204819966260935, 'eta_learning': 1.7039586437406073, 'sigma_boundary': 1.856247773690726, 'alpha': 0.47201462025380225}. Best is trial 2 with value: 0.11194380224594991.
[I 2026-03-04 14:23:59,309] Trial 90 finished with value: 0.15099116136615792 and parameters: {'sigma_noise': 0.09722014097971779, 'A_repulsion': 0.15424549521000885, 'gamma': 0.8475003145288798, 'sigma_update': 0.4409000527869566, 'eta_learning': 2.0006630528240485, 'sigma_boundary': 8.78394893124417, 'alpha': 0.6485652102719778}. Best is trial 2 with value: 0.11194380224594991.
[I 2026-03-04 14:24:03,104] Trial 83 finished with value: 0.8185514067006863 and parameters: {'sigma_noise': 0.1931709369472558, 'A_repulsion': 0.19702011741172093, 'gamma': 0.44811349155663927, 'sigma_update': 0.44216389043646004, 'eta_learning': 1.5744177175635277, 'sigma_boundary': 3.1166006719319883, 'alpha': 0.27829545003663614}. Best is trial 2 with value: 0.11194380224594991.
[I 2026-03-04 14:24:06,344] Trial 85 finished with value: 0.28275820510261457 and parameters: {'sigma_noise': 0.12495571612834853, 'A_repulsion': 0.28447011720150783, 'gamma': 0.18571719840462672, 'sigma_update': 0.47907275115629067, 'eta_learning': 2.2267925492548764, 'sigma_boundary': 7.792444299712331, 'alpha': 0.4968625789175107}. Best is trial 2 with value: 0.11194380224594991.
[I 2026-03-04 14:24:48,497] Trial 80 finished with value: 0.3390709367987263 and parameters: {'sigma_noise': 0.37554204762944166, 'A_repulsion': 0.3103706448110713, 'gamma': 0.5003794754229833, 'sigma_update': 0.36730415521046955, 'eta_learning': 1.4549556698365018, 'sigma_boundary': 3.66094646576486, 'alpha': 0.4908060055432436}. Best is trial 2 with value: 0.11194380224594991.
[I 2026-03-04 14:24:53,672] Trial 98 finished with value: 0.14139304642826417 and parameters: {'sigma_noise': 0.11677230797756358, 'A_repulsion': 0.006522621516363042, 'gamma': 0.6545290198590431, 'sigma_update': 0.46534481381058895, 'eta_learning': 1.616437329284501, 'sigma_boundary': 8.580654888459096, 'alpha': 0.6718307082813502}. Best is trial 2 with value: 0.11194380224594991.
[I 2026-03-04 14:24:58,766] Trial 84 finished with value: 0.1306496959413132 and parameters: {'sigma_noise': 0.19585332684426937, 'A_repulsion': 0.22185877170997656, 'gamma': 0.5787664471321697, 'sigma_update': 0.3711830368283689, 'eta_learning': 0.8573744647646468, 'sigma_boundary': 4.66405895174273, 'alpha': 0.6345413809121079}. Best is trial 2 with value: 0.11194380224594991.
[I 2026-03-04 14:25:15,061] Trial 91 finished with value: 0.178052827626066 and parameters: {'sigma_noise': 0.06603278650262973, 'A_repulsion': 0.3699894689473322, 'gamma': 0.5032866846705065, 'sigma_update': 0.3548432664178063, 'eta_learning': 2.2584355994327847, 'sigma_boundary': 8.900299645957867, 'alpha': 0.7735140423185731}. Best is trial 2 with value: 0.11194380224594991.
[I 2026-03-04 14:25:24,998] Trial 96 finished with value: 0.1365277501758819 and parameters: {'sigma_noise': 0.12304117877244128, 'A_repulsion': 0.11796351041622757, 'gamma': 0.5254823092855283, 'sigma_update': 0.17861916748334447, 'eta_learning': 1.695816560712404, 'sigma_boundary': 6.246493673533859, 'alpha': 0.6647006017638022}. Best is trial 2 with value: 0.11194380224594991.
[I 2026-03-04 14:25:26,970] Trial 93 finished with value: 0.12940673529741223 and parameters: {'sigma_noise': 0.22267215684530395, 'A_repulsion': 0.017144284705642276, 'gamma': 0.4851307922883308, 'sigma_update': 0.16789430586398324, 'eta_learning': 1.098167773982985, 'sigma_boundary': 2.6866059908823177, 'alpha': 0.5809789295452169}. Best is trial 2 with value: 0.11194380224594991.
[I 2026-03-04 14:26:09,600] Trial 89 finished with value: 0.1328058637291336 and parameters: {'sigma_noise': 0.1660806650255299, 'A_repulsion': 0.24199860969240655, 'gamma': 0.8383976484367284, 'sigma_update': 0.36941196402849835, 'eta_learning': 1.795785064385604, 'sigma_boundary': 7.732752241271641, 'alpha': 0.8074895170810342}. Best is trial 2 with value: 0.11194380224594991.
[I 2026-03-04 14:26:18,736] Trial 106 finished with value: 0.13900956422429467 and parameters: {'sigma_noise': 0.11664841435817999, 'A_repulsion': 0.09984726448988071, 'gamma': 0.7015022282233115, 'sigma_update': 0.4530082034592692, 'eta_learning': 1.041399441098525, 'sigma_boundary': 6.220510482829195, 'alpha': 0.7187752187560884}. Best is trial 2 with value: 0.11194380224594991.
[I 2026-03-04 14:26:20,198] Trial 92 finished with value: 0.13779132866446775 and parameters: {'sigma_noise': 0.23200350124274166, 'A_repulsion': 0.07780115071084565, 'gamma': 0.4864361864796035, 'sigma_update': 0.21663124091131064, 'eta_learning': 2.016774489053979, 'sigma_boundary': 7.0452585595047905, 'alpha': 0.8178293386194964}. Best is trial 2 with value: 0.11194380224594991.
[I 2026-03-04 14:26:57,593] Trial 94 finished with value: 0.15446361666491104 and parameters: {'sigma_noise': 0.15020736362926118, 'A_repulsion': 0.29266186095653907, 'gamma': 0.5152191413050943, 'sigma_update': 0.32306297481042456, 'eta_learning': 2.0931197562177744, 'sigma_boundary': 7.638557201452503, 'alpha': 0.9482950187819248}. Best is trial 2 with value: 0.11194380224594991.
[I 2026-03-04 14:27:13,496] Trial 102 finished with value: 0.15977110469407207 and parameters: {'sigma_noise': 0.11267515676269046, 'A_repulsion': 0.23362050969067188, 'gamma': 0.5948488550695268, 'sigma_update': 0.2630169807170962, 'eta_learning': 0.8844952850079166, 'sigma_boundary': 5.6173834535434, 'alpha': 0.9665628505217807}. Best is trial 2 with value: 0.11194380224594991.
[I 2026-03-04 14:27:55,377] Trial 86 finished with value: 0.18047460206994465 and parameters: {'sigma_noise': 0.28736201957775653, 'A_repulsion': 0.40240593541503106, 'gamma': 0.2961058540122813, 'sigma_update': 0.18062216807378545, 'eta_learning': 1.4645826565129796, 'sigma_boundary': 6.209215057008522, 'alpha': 0.4408622747619498}. Best is trial 2 with value: 0.11194380224594991.
[I 2026-03-04 14:28:20,871] Trial 117 finished with value: 0.15773169943292292 and parameters: {'sigma_noise': 0.09660031877621847, 'A_repulsion': 0.07657868891456465, 'gamma': 0.5754797369272383, 'sigma_update': 0.3306934526765904, 'eta_learning': 0.9481245156386277, 'sigma_boundary': 5.510831323657194, 'alpha': 0.4883081266900412}. Best is trial 2 with value: 0.11194380224594991.
[I 2026-03-04 14:28:25,047] Trial 99 finished with value: 0.2156760932640818 and parameters: {'sigma_noise': 0.23722506764972578, 'A_repulsion': 0.12980723581529682, 'gamma': 0.30089861186769784, 'sigma_update': 0.12372275231947828, 'eta_learning': 2.145113732866968, 'sigma_boundary': 4.983091410600012, 'alpha': 0.9907137653298588}. Best is trial 2 with value: 0.11194380224594991.
[I 2026-03-04 14:28:39,786] Trial 101 finished with value: 0.14146540195556545 and parameters: {'sigma_noise': 0.2508877689113511, 'A_repulsion': 0.10788946872968005, 'gamma': 0.5894796142877551, 'sigma_update': 0.35927040676062744, 'eta_learning': 1.8453297893361342, 'sigma_boundary': 6.868399234542686, 'alpha': 0.7255721972356284}. Best is trial 2 with value: 0.11194380224594991.
[I 2026-03-04 14:28:41,310] Trial 100 finished with value: 0.18516657833608902 and parameters: {'sigma_noise': 0.19132518027225798, 'A_repulsion': 0.2536449901442817, 'gamma': 0.7193771007818871, 'sigma_update': 0.40944736872732396, 'eta_learning': 1.6322999474596909, 'sigma_boundary': 4.980222989928813, 'alpha': 0.49582868243365413}. Best is trial 2 with value: 0.11194380224594991.
[I 2026-03-04 14:28:48,425] Trial 95 finished with value: 0.14360653321022374 and parameters: {'sigma_noise': 0.2751762844914849, 'A_repulsion': 0.21509367083012426, 'gamma': 0.6923020274440711, 'sigma_update': 0.423911919384563, 'eta_learning': 1.2070091313178073, 'sigma_boundary': 7.087143402484493, 'alpha': 0.6757042063733035}. Best is trial 2 with value: 0.11194380224594991.
[I 2026-03-04 14:28:51,140] Trial 87 finished with value: 1.6314561073495257 and parameters: {'sigma_noise': 0.3049098277020995, 'A_repulsion': 0.40506505740704424, 'gamma': 0.5650026985654856, 'sigma_update': 0.21465094774476057, 'eta_learning': 1.3090526498327544, 'sigma_boundary': 4.400318049399128, 'alpha': 0.2936119759744596}. Best is trial 2 with value: 0.11194380224594991.
[I 2026-03-04 14:29:11,161] Trial 97 finished with value: 0.21356716678001714 and parameters: {'sigma_noise': 0.284365995560984, 'A_repulsion': 0.12781244888158458, 'gamma': 0.5778016887634545, 'sigma_update': 0.4576872460388657, 'eta_learning': 1.6490860078197223, 'sigma_boundary': 7.292950203248854, 'alpha': 0.6101902203206779}. Best is trial 2 with value: 0.11194380224594991.
[I 2026-03-04 14:29:23,772] Trial 108 finished with value: 0.28559517455844824 and parameters: {'sigma_noise': 0.11300692205578682, 'A_repulsion': 0.30152266045749543, 'gamma': 0.4243250163831655, 'sigma_update': 0.5125644660403311, 'eta_learning': 1.1910863655064983, 'sigma_boundary': 3.5493892869765746, 'alpha': 0.46028404235422377}. Best is trial 2 with value: 0.11194380224594991.
[I 2026-03-04 14:29:35,634] Trial 110 finished with value: 0.13969965557141775 and parameters: {'sigma_noise': 0.09309112707399975, 'A_repulsion': 0.36023529416648836, 'gamma': 0.7640316679819713, 'sigma_update': 0.2995768663727643, 'eta_learning': 2.1507105020532675, 'sigma_boundary': 2.0457938709395926, 'alpha': 0.5580079626322422}. Best is trial 2 with value: 0.11194380224594991.
[I 2026-03-04 14:30:11,895] Trial 109 finished with value: 0.3831517866604951 and parameters: {'sigma_noise': 0.18934704419912513, 'A_repulsion': 0.21762858135866298, 'gamma': 0.5852972322470374, 'sigma_update': 0.5551745260974629, 'eta_learning': 1.9148886837645125, 'sigma_boundary': 8.306237354343395, 'alpha': 0.4644466318014958}. Best is trial 2 with value: 0.11194380224594991.
[I 2026-03-04 14:30:20,958] Trial 118 finished with value: 0.12447856639523779 and parameters: {'sigma_noise': 0.20760063638591186, 'A_repulsion': 0.035773839943688435, 'gamma': 0.5754541863572736, 'sigma_update': 0.3495754811696468, 'eta_learning': 1.7388015857073942, 'sigma_boundary': 3.4997194770063005, 'alpha': 0.8197507174294963}. Best is trial 2 with value: 0.11194380224594991.
[I 2026-03-04 14:30:23,771] Trial 107 finished with value: 0.11625744065566306 and parameters: {'sigma_noise': 0.1821073319942073, 'A_repulsion': 0.26501584682165713, 'gamma': 0.7428937238281932, 'sigma_update': 0.3251019370543843, 'eta_learning': 2.1887274026189205, 'sigma_boundary': 4.238698912938062, 'alpha': 0.7367969107082158}. Best is trial 2 with value: 0.11194380224594991.
[I 2026-03-04 14:30:33,586] Trial 115 finished with value: 0.13018548100330685 and parameters: {'sigma_noise': 0.2019027451416474, 'A_repulsion': 0.05854828289602196, 'gamma': 0.6752063577376622, 'sigma_update': 0.5030822220125126, 'eta_learning': 1.1310782296263688, 'sigma_boundary': 5.075960090098762, 'alpha': 0.7895889877933954}. Best is trial 2 with value: 0.11194380224594991.
[I 2026-03-04 14:30:52,295] Trial 103 finished with value: 0.1411568022053029 and parameters: {'sigma_noise': 0.2103507635109269, 'A_repulsion': 0.2787388003548328, 'gamma': 0.6421964268020238, 'sigma_update': 0.17765877994768092, 'eta_learning': 1.3687756737756944, 'sigma_boundary': 6.331129347829273, 'alpha': 0.7753621518391275}. Best is trial 2 with value: 0.11194380224594991.
[I 2026-03-04 14:30:52,532] Trial 111 finished with value: 0.17277938492395892 and parameters: {'sigma_noise': 0.19844082691508214, 'A_repulsion': 0.2229166832046637, 'gamma': 0.4503904767655333, 'sigma_update': 0.466412559876834, 'eta_learning': 1.7950369727581825, 'sigma_boundary': 5.32564550697815, 'alpha': 0.7107810477790596}. Best is trial 2 with value: 0.11194380224594991.
