/nfs/nhome/live/apourdehghan/Hybrid_hpc_utils.py:56: DtypeWarning: Columns (16) have mixed types. Specify dtype option on import or set low_memory=False.
  data = pd.read_csv(data_path)
[I 2026-03-04 13:30:13,465] A new study created in memory with name: no-name-f5a8c646-c36b-4402-abef-59c65b7842bf
[I 2026-03-04 13:35:17,432] Trial 1 finished with value: 0.12108942811642952 and parameters: {'sigma_noise': 0.1743207498288183, 'A_repulsion': 0.013162289923067949, 'gamma': 0.010973610986210185, 'sigma_update': 0.3210918207436684, 'eta_learning': 0.36877281586691113, 'sigma_boundary': 9.707492113714377, 'alpha': 0.6635409822453969}. Best is trial 1 with value: 0.12108942811642952.
[I 2026-03-04 13:35:18,095] Trial 0 finished with value: 0.13002067036328363 and parameters: {'sigma_noise': 0.07991991330585071, 'A_repulsion': 0.15182535901459804, 'gamma': 0.38555150719739445, 'sigma_update': 0.2529176250576044, 'eta_learning': 1.6167307894128913, 'sigma_boundary': 4.095628614688136, 'alpha': 0.4219053020996728}. Best is trial 1 with value: 0.12108942811642952.
[I 2026-03-04 13:35:18,218] Trial 8 finished with value: 0.20459026344134829 and parameters: {'sigma_noise': 0.1174108948756631, 'A_repulsion': 0.08513283854514242, 'gamma': 0.34701118043493867, 'sigma_update': 0.6254032058681409, 'eta_learning': 1.007830345360239, 'sigma_boundary': 4.89915886858287, 'alpha': 0.6125701133385927}. Best is trial 1 with value: 0.12108942811642952.
[I 2026-03-04 13:35:34,784] Trial 15 finished with value: 0.1018029520823427 and parameters: {'sigma_noise': 0.1227994504599463, 'A_repulsion': 0.1340964337461854, 'gamma': 0.23117151678616293, 'sigma_update': 0.5361454728825337, 'eta_learning': 0.0409712654890784, 'sigma_boundary': 5.108080192854554, 'alpha': 0.5961399122713832}. Best is trial 15 with value: 0.1018029520823427.
[I 2026-03-04 13:35:42,568] Trial 5 finished with value: 1.1459500187303258 and parameters: {'sigma_noise': 0.23043259914215203, 'A_repulsion': 0.0035349210877474446, 'gamma': 0.12247577812087593, 'sigma_update': 0.6136105882742684, 'eta_learning': 1.932134468234692, 'sigma_boundary': 7.9781055059885535, 'alpha': 0.08166375286947691}. Best is trial 15 with value: 0.1018029520823427.
[I 2026-03-04 13:35:45,637] Trial 13 finished with value: 0.6296862117307838 and parameters: {'sigma_noise': 0.06731255766352846, 'A_repulsion': 0.3602829534398571, 'gamma': 0.9458966330231001, 'sigma_update': 0.264289308669315, 'eta_learning': 1.4947813735381117, 'sigma_boundary': 8.50529275044809, 'alpha': 0.15451882082625934}. Best is trial 15 with value: 0.1018029520823427.
[I 2026-03-04 13:36:22,010] Trial 18 finished with value: 0.7273519381038531 and parameters: {'sigma_noise': 0.219296588284073, 'A_repulsion': 0.10040978441989062, 'gamma': 0.09352938912092422, 'sigma_update': 0.6745695752368251, 'eta_learning': 0.5473367825626402, 'sigma_boundary': 7.509612585977422, 'alpha': 0.24032232446381063}. Best is trial 15 with value: 0.1018029520823427.
[I 2026-03-04 13:36:26,325] Trial 10 finished with value: 0.10059585571891842 and parameters: {'sigma_noise': 0.2180594056892417, 'A_repulsion': 0.12188838485487125, 'gamma': 0.7651269494031419, 'sigma_update': 0.46360187179480683, 'eta_learning': 0.09815619057242653, 'sigma_boundary': 5.823684939093766, 'alpha': 0.6019915363404923}. Best is trial 10 with value: 0.10059585571891842.
[I 2026-03-04 13:36:27,221] Trial 12 finished with value: 0.22191575774755304 and parameters: {'sigma_noise': 0.16727978408967106, 'A_repulsion': 0.19546995152771746, 'gamma': 0.9052903869495673, 'sigma_update': 0.6472312755706431, 'eta_learning': 2.3149787423896666, 'sigma_boundary': 7.710359380555103, 'alpha': 0.5576391284606295}. Best is trial 10 with value: 0.10059585571891842.
[I 2026-03-04 13:36:52,198] Trial 2 finished with value: 0.1198272315257593 and parameters: {'sigma_noise': 0.15874261814187088, 'A_repulsion': 0.2871691633485942, 'gamma': 0.7675205886080188, 'sigma_update': 0.42370497160178094, 'eta_learning': 1.31313077295487, 'sigma_boundary': 2.76115050569157, 'alpha': 0.5462379665718649}. Best is trial 10 with value: 0.10059585571891842.
[I 2026-03-04 13:36:58,898] Trial 4 finished with value: 1.5883958957469888 and parameters: {'sigma_noise': 0.2225076176697695, 'A_repulsion': 0.19462256740100664, 'gamma': 0.7476534793398512, 'sigma_update': 0.49559795948729213, 'eta_learning': 1.5966811531816028, 'sigma_boundary': 2.751318474449997, 'alpha': 0.06348885402886884}. Best is trial 10 with value: 0.10059585571891842.
[I 2026-03-04 13:37:17,938] Trial 3 finished with value: 0.8438691003590416 and parameters: {'sigma_noise': 0.15832239613523336, 'A_repulsion': 0.3768946902124629, 'gamma': 0.22650620681661557, 'sigma_update': 0.3865711788308692, 'eta_learning': 2.1026199345674517, 'sigma_boundary': 7.6178683396756135, 'alpha': 0.2577075763018766}. Best is trial 10 with value: 0.10059585571891842.
[I 2026-03-04 13:37:44,983] Trial 17 finished with value: 1.647079670479929 and parameters: {'sigma_noise': 0.4214484489988957, 'A_repulsion': 0.04200005013775476, 'gamma': 0.8460385423150738, 'sigma_update': 0.35994554941996315, 'eta_learning': 2.913975759595027, 'sigma_boundary': 5.931677651534011, 'alpha': 0.03713656101786822}. Best is trial 10 with value: 0.10059585571891842.
[I 2026-03-04 13:37:46,520] Trial 19 finished with value: 0.7148243732730724 and parameters: {'sigma_noise': 0.16822869497166837, 'A_repulsion': 0.39242297135655074, 'gamma': 0.4323410233380074, 'sigma_update': 0.05318924134409514, 'eta_learning': 0.2673779123751638, 'sigma_boundary': 6.63736593829913, 'alpha': 0.005357988772822897}. Best is trial 10 with value: 0.10059585571891842.
[I 2026-03-04 13:37:52,100] Trial 9 finished with value: 0.1236343892903507 and parameters: {'sigma_noise': 0.19896459221078794, 'A_repulsion': 0.34338089745389133, 'gamma': 0.5553094210210445, 'sigma_update': 0.06202091991258683, 'eta_learning': 0.05755041849039178, 'sigma_boundary': 7.303716624676866, 'alpha': 0.012177287921885105}. Best is trial 10 with value: 0.10059585571891842.
[I 2026-03-04 13:38:03,986] Trial 6 finished with value: 0.4078445532045803 and parameters: {'sigma_noise': 0.4495331243025953, 'A_repulsion': 0.03795343276072827, 'gamma': 0.5477515275585986, 'sigma_update': 0.3296517717555697, 'eta_learning': 1.4989469941998332, 'sigma_boundary': 2.902740910292091, 'alpha': 0.44956800176416756}. Best is trial 10 with value: 0.10059585571891842.
[I 2026-03-04 13:38:24,378] Trial 7 finished with value: 1.6244420751549096 and parameters: {'sigma_noise': 0.28458305523083477, 'A_repulsion': 0.41027657812326235, 'gamma': 0.5206425238735085, 'sigma_update': 0.1282873868994983, 'eta_learning': 0.8218828116188517, 'sigma_boundary': 3.271667720291736, 'alpha': 0.07415239703454746}. Best is trial 10 with value: 0.10059585571891842.
[I 2026-03-04 13:38:38,535] Trial 11 finished with value: 0.154221296361508 and parameters: {'sigma_noise': 0.3609102029623317, 'A_repulsion': 0.33084641008158583, 'gamma': 0.9177843211457196, 'sigma_update': 0.3622034258790483, 'eta_learning': 1.8036589952717377, 'sigma_boundary': 4.464370644743661, 'alpha': 0.5349413604184965}. Best is trial 10 with value: 0.10059585571891842.
[I 2026-03-04 13:38:45,420] Trial 14 finished with value: 1.6597467586888244 and parameters: {'sigma_noise': 0.3829303734714232, 'A_repulsion': 0.3478178366132726, 'gamma': 0.41584247161748195, 'sigma_update': 0.5695948153113448, 'eta_learning': 0.4507929436115014, 'sigma_boundary': 6.34626628235058, 'alpha': 0.12181378936002385}. Best is trial 10 with value: 0.10059585571891842.
[I 2026-03-04 13:38:57,664] Trial 16 finished with value: 0.333223781960868 and parameters: {'sigma_noise': 0.4015606014393071, 'A_repulsion': 0.35225886047286065, 'gamma': 0.6501396043031608, 'sigma_update': 0.22747375146348264, 'eta_learning': 0.4197445567961463, 'sigma_boundary': 1.0536288793497348, 'alpha': 0.47687557773693745}. Best is trial 10 with value: 0.10059585571891842.
[I 2026-03-04 13:41:20,793] Trial 22 finished with value: 0.4270580040576066 and parameters: {'sigma_noise': 0.1431136356809754, 'A_repulsion': 0.15784046159249096, 'gamma': 0.5493417135876606, 'sigma_update': 0.43995863691303944, 'eta_learning': 1.5787188336697584, 'sigma_boundary': 6.583380130518989, 'alpha': 0.2851350901008467}. Best is trial 10 with value: 0.10059585571891842.
[I 2026-03-04 13:41:38,042] Trial 25 finished with value: 0.11969659861519472 and parameters: {'sigma_noise': 0.17021824521539292, 'A_repulsion': 0.10529914596350395, 'gamma': 0.19155890781463564, 'sigma_update': 0.2882007729942358, 'eta_learning': 1.837419151800297, 'sigma_boundary': 5.528822905459748, 'alpha': 0.5526782825454517}. Best is trial 10 with value: 0.10059585571891842.
[I 2026-03-04 13:42:51,207] Trial 20 finished with value: 0.16049349710786326 and parameters: {'sigma_noise': 0.3196189542812983, 'A_repulsion': 0.1276799541670749, 'gamma': 0.39737072474503576, 'sigma_update': 0.33120910336348874, 'eta_learning': 2.117402318451232, 'sigma_boundary': 6.25974807350635, 'alpha': 0.8610600321829138}. Best is trial 10 with value: 0.10059585571891842.
[I 2026-03-04 13:42:56,343] Trial 29 finished with value: 0.26984600135139736 and parameters: {'sigma_noise': 0.2060030214454388, 'A_repulsion': 0.0611672401380535, 'gamma': 0.5000432919865428, 'sigma_update': 0.1550753265733004, 'eta_learning': 1.397575497073235, 'sigma_boundary': 3.2941911128334342, 'alpha': 0.31656034005970046}. Best is trial 10 with value: 0.10059585571891842.
[I 2026-03-04 13:42:59,853] Trial 27 finished with value: 0.24976403716067525 and parameters: {'sigma_noise': 0.2100394070950961, 'A_repulsion': 0.16059887266219286, 'gamma': 0.21586752596653136, 'sigma_update': 0.4352563698822102, 'eta_learning': 1.3027046777903029, 'sigma_boundary': 2.499276931238079, 'alpha': 0.47253205540004783}. Best is trial 10 with value: 0.10059585571891842.
[I 2026-03-04 13:43:15,547] Trial 21 finished with value: 0.9170621236796005 and parameters: {'sigma_noise': 0.305526786622693, 'A_repulsion': 0.24242230031195716, 'gamma': 0.3883118746674907, 'sigma_update': 0.43693955625305964, 'eta_learning': 1.5263157093861137, 'sigma_boundary': 4.450532666040908, 'alpha': 0.3232859344700073}. Best is trial 10 with value: 0.10059585571891842.
[I 2026-03-04 13:43:25,025] Trial 24 finished with value: 0.22676597076657712 and parameters: {'sigma_noise': 0.1933293991667508, 'A_repulsion': 0.39586026590846946, 'gamma': 0.44913996088428904, 'sigma_update': 0.42788702659392397, 'eta_learning': 1.6925723941454667, 'sigma_boundary': 3.604260887659261, 'alpha': 0.48142466791895255}. Best is trial 10 with value: 0.10059585571891842.
[I 2026-03-04 13:43:30,243] Trial 23 finished with value: 0.1373672454239702 and parameters: {'sigma_noise': 0.3010635652517123, 'A_repulsion': 0.2556113974072702, 'gamma': 0.29158177905468735, 'sigma_update': 0.21324093775486125, 'eta_learning': 1.6052707738342926, 'sigma_boundary': 3.9567990375615314, 'alpha': 0.5334558938047516}. Best is trial 10 with value: 0.10059585571891842.
[I 2026-03-04 13:44:10,846] Trial 28 finished with value: 0.21866416867687982 and parameters: {'sigma_noise': 0.24294851263142747, 'A_repulsion': 0.3425304765795353, 'gamma': 0.26729044465021656, 'sigma_update': 0.4302977364235114, 'eta_learning': 1.1017088493706957, 'sigma_boundary': 3.9809844034720117, 'alpha': 0.520237397858739}. Best is trial 10 with value: 0.10059585571891842.
[I 2026-03-04 13:44:18,172] Trial 31 finished with value: 0.15126392215686707 and parameters: {'sigma_noise': 0.2661441579721395, 'A_repulsion': 0.12458765279265965, 'gamma': 0.5380896013170197, 'sigma_update': 0.18473718845590403, 'eta_learning': 1.0553642755097425, 'sigma_boundary': 3.5707697642790306, 'alpha': 0.45191285536271947}. Best is trial 10 with value: 0.10059585571891842.
[I 2026-03-04 13:44:39,058] Trial 26 finished with value: 0.16571029835621282 and parameters: {'sigma_noise': 0.2993267441181638, 'A_repulsion': 0.39087626761634064, 'gamma': 0.2193078124795275, 'sigma_update': 0.20396671046496267, 'eta_learning': 1.2667270352947972, 'sigma_boundary': 5.255180744262016, 'alpha': 0.7023741515208322}. Best is trial 10 with value: 0.10059585571891842.
[I 2026-03-04 13:44:39,985] Trial 30 finished with value: 0.2831823530464309 and parameters: {'sigma_noise': 0.26086634704442524, 'A_repulsion': 0.3045582774992373, 'gamma': 0.45397297888075655, 'sigma_update': 0.5149779899685505, 'eta_learning': 1.767248332147525, 'sigma_boundary': 1.5934875665426231, 'alpha': 0.5325477781637442}. Best is trial 10 with value: 0.10059585571891842.
[I 2026-03-04 13:44:42,813] Trial 35 finished with value: 0.09723225904901461 and parameters: {'sigma_noise': 0.20951904735425858, 'A_repulsion': 0.18795156578223968, 'gamma': 0.5755515343356522, 'sigma_update': 0.2369035299156675, 'eta_learning': 2.0130779005869335, 'sigma_boundary': 4.291357467201759, 'alpha': 0.6650272944750767}. Best is trial 35 with value: 0.09723225904901461.
[I 2026-03-04 13:45:08,584] Trial 34 finished with value: 0.32982842380638616 and parameters: {'sigma_noise': 0.36201660977540084, 'A_repulsion': 0.06465729412178617, 'gamma': 0.5662556645313764, 'sigma_update': 0.45602423177138834, 'eta_learning': 2.1263808443923446, 'sigma_boundary': 4.188718777211248, 'alpha': 0.5203292328266735}. Best is trial 35 with value: 0.09723225904901461.
[I 2026-03-04 13:45:36,014] Trial 33 finished with value: 1.107636238266933 and parameters: {'sigma_noise': 0.32591610440712365, 'A_repulsion': 0.2462568837038317, 'gamma': 0.6320413430334186, 'sigma_update': 0.3890262812978455, 'eta_learning': 2.732504275791407, 'sigma_boundary': 4.978442759258201, 'alpha': 0.32057263441178974}. Best is trial 35 with value: 0.09723225904901461.
[I 2026-03-04 13:45:59,836] Trial 32 finished with value: 0.1783899702662351 and parameters: {'sigma_noise': 0.28866592362860316, 'A_repulsion': 0.3783578789955877, 'gamma': 0.5637320142841808, 'sigma_update': 0.1462957694869218, 'eta_learning': 1.5415126728424307, 'sigma_boundary': 6.1439382505969675, 'alpha': 0.5076580757568769}. Best is trial 35 with value: 0.09723225904901461.
[I 2026-03-04 13:46:00,881] Trial 37 finished with value: 1.328399157767821 and parameters: {'sigma_noise': 0.2482661527843848, 'A_repulsion': 0.23650732000873115, 'gamma': 0.16055703005563923, 'sigma_update': 0.41006066568477095, 'eta_learning': 1.4534327990981912, 'sigma_boundary': 1.8754450822349726, 'alpha': 0.19336507615697884}. Best is trial 35 with value: 0.09723225904901461.
[I 2026-03-04 13:46:07,883] Trial 36 finished with value: 0.1541559163606249 and parameters: {'sigma_noise': 0.2671901868329161, 'A_repulsion': 0.29495118791617664, 'gamma': 0.5547988763878348, 'sigma_update': 0.3690841951678499, 'eta_learning': 2.297506735414567, 'sigma_boundary': 5.042319916505053, 'alpha': 0.5692517665176549}. Best is trial 35 with value: 0.09723225904901461.
[I 2026-03-04 13:46:14,169] Trial 38 finished with value: 0.3470038420036645 and parameters: {'sigma_noise': 0.29815554773894026, 'A_repulsion': 0.15873085394987632, 'gamma': 0.36482905351190603, 'sigma_update': 0.51953236254315, 'eta_learning': 1.5954549249907661, 'sigma_boundary': 3.98391752103635, 'alpha': 0.5363984449745225}. Best is trial 35 with value: 0.09723225904901461.
[I 2026-03-04 13:46:31,324] Trial 39 finished with value: 0.7757216751201961 and parameters: {'sigma_noise': 0.20463374353868463, 'A_repulsion': 0.34597942137333315, 'gamma': 0.5087615109860789, 'sigma_update': 0.3878826583562203, 'eta_learning': 2.060787657365464, 'sigma_boundary': 7.305139056955355, 'alpha': 0.31417738090882064}. Best is trial 35 with value: 0.09723225904901461.
[I 2026-03-04 13:48:38,976] Trial 41 finished with value: 0.14184736201865233 and parameters: {'sigma_noise': 0.2517561332681501, 'A_repulsion': 0.15030303968046366, 'gamma': 0.34282276516135535, 'sigma_update': 0.40111442294879307, 'eta_learning': 1.4477204818398297, 'sigma_boundary': 4.0209174155513265, 'alpha': 0.7523262693537833}. Best is trial 35 with value: 0.09723225904901461.
[I 2026-03-04 13:49:17,561] Trial 40 finished with value: 0.13584307084697325 and parameters: {'sigma_noise': 0.25038627749107656, 'A_repulsion': 0.31281053660658825, 'gamma': 0.6212590244930948, 'sigma_update': 0.4047090709209992, 'eta_learning': 0.7172182242024087, 'sigma_boundary': 4.177846468124945, 'alpha': 0.6154289659471939}. Best is trial 35 with value: 0.09723225904901461.
[I 2026-03-04 13:49:59,151] Trial 49 finished with value: 0.13137590394710102 and parameters: {'sigma_noise': 0.14925843375581377, 'A_repulsion': 0.10076345734317321, 'gamma': 0.40366567734835174, 'sigma_update': 0.304022479736218, 'eta_learning': 1.6714069789683215, 'sigma_boundary': 5.122862858361551, 'alpha': 0.5155280673157557}. Best is trial 35 with value: 0.09723225904901461.
[I 2026-03-04 13:50:00,953] Trial 43 finished with value: 0.11256746588639154 and parameters: {'sigma_noise': 0.2176489845672323, 'A_repulsion': 0.19082656597007736, 'gamma': 0.5495128642112319, 'sigma_update': 0.27223880908380066, 'eta_learning': 0.7969951391616554, 'sigma_boundary': 5.518753359046012, 'alpha': 0.5282770055030228}. Best is trial 35 with value: 0.09723225904901461.
[I 2026-03-04 13:50:17,782] Trial 42 finished with value: 0.3712797449017431 and parameters: {'sigma_noise': 0.24947543145597972, 'A_repulsion': 0.20639602391709744, 'gamma': 0.5549995728945678, 'sigma_update': 0.4520983517820399, 'eta_learning': 1.7827650366093606, 'sigma_boundary': 5.609183246755078, 'alpha': 0.4074727885381958}. Best is trial 35 with value: 0.09723225904901461.
[I 2026-03-04 13:50:18,299] Trial 44 finished with value: 0.12436998703617219 and parameters: {'sigma_noise': 0.27219438142142277, 'A_repulsion': 0.13836694487222723, 'gamma': 0.23920186639961816, 'sigma_update': 0.2056264379859444, 'eta_learning': 1.4171186343195887, 'sigma_boundary': 4.256796776676958, 'alpha': 0.5345087780086557}. Best is trial 35 with value: 0.09723225904901461.
[I 2026-03-04 13:51:19,514] Trial 47 finished with value: 0.1770824821843587 and parameters: {'sigma_noise': 0.2565286119862749, 'A_repulsion': 0.2585982019716449, 'gamma': 0.4882209885252813, 'sigma_update': 0.35285283943490536, 'eta_learning': 1.1570104182832106, 'sigma_boundary': 5.884905314491986, 'alpha': 0.5107657883262432}. Best is trial 35 with value: 0.09723225904901461.
[I 2026-03-04 13:51:20,996] Trial 45 finished with value: 0.2720500874432048 and parameters: {'sigma_noise': 0.34248989834043647, 'A_repulsion': 0.1936883490255673, 'gamma': 0.5307068596767681, 'sigma_update': 0.4490630562439148, 'eta_learning': 1.7658455427304667, 'sigma_boundary': 3.2806585633517247, 'alpha': 0.5820723064525435}. Best is trial 35 with value: 0.09723225904901461.
[I 2026-03-04 13:51:22,500] Trial 48 finished with value: 0.2272664253182193 and parameters: {'sigma_noise': 0.24763621715618456, 'A_repulsion': 0.15137909538402392, 'gamma': 0.41233462662015646, 'sigma_update': 0.20644585953404673, 'eta_learning': 1.7823096327593453, 'sigma_boundary': 4.99857931690191, 'alpha': 0.38765013869589393}. Best is trial 35 with value: 0.09723225904901461.
[I 2026-03-04 13:51:23,769] Trial 46 finished with value: 0.24024357287633827 and parameters: {'sigma_noise': 0.2431255480747136, 'A_repulsion': 0.29324957254365075, 'gamma': 0.5183113479249962, 'sigma_update': 0.44175329966698124, 'eta_learning': 1.2144551185941668, 'sigma_boundary': 3.330578754607615, 'alpha': 0.5043081660945781}. Best is trial 35 with value: 0.09723225904901461.
[I 2026-03-04 13:51:40,787] Trial 51 finished with value: 0.1659005093012232 and parameters: {'sigma_noise': 0.16450850864793623, 'A_repulsion': 0.2827142832005391, 'gamma': 0.12621597150016797, 'sigma_update': 0.13753978231192676, 'eta_learning': 1.7300315597028, 'sigma_boundary': 2.395417685124509, 'alpha': 0.6490884599969255}. Best is trial 35 with value: 0.09723225904901461.
[I 2026-03-04 13:51:42,162] Trial 50 finished with value: 0.1616827875123391 and parameters: {'sigma_noise': 0.333259562962299, 'A_repulsion': 0.00828945114543514, 'gamma': 0.2547239250923702, 'sigma_update': 0.15349409377740095, 'eta_learning': 1.9115352843941338, 'sigma_boundary': 6.2712613928290795, 'alpha': 0.5884639178638619}. Best is trial 35 with value: 0.09723225904901461.
[I 2026-03-04 13:51:49,086] Trial 52 finished with value: 0.10360040229220645 and parameters: {'sigma_noise': 0.22104491498762407, 'A_repulsion': 0.1816639578276801, 'gamma': 0.3720880441906421, 'sigma_update': 0.23226895862159538, 'eta_learning': 1.4584399302327684, 'sigma_boundary': 4.596527402393123, 'alpha': 0.6001943128537226}. Best is trial 35 with value: 0.09723225904901461.
[I 2026-03-04 13:52:07,517] Trial 54 finished with value: 0.13432339349531858 and parameters: {'sigma_noise': 0.20046842030841466, 'A_repulsion': 0.13428949036647544, 'gamma': 0.37999020691495705, 'sigma_update': 0.3927991163903058, 'eta_learning': 1.0889838875257711, 'sigma_boundary': 4.796073055607793, 'alpha': 0.6474152595872205}. Best is trial 35 with value: 0.09723225904901461.
[I 2026-03-04 13:52:14,158] Trial 57 finished with value: 0.11046452984546898 and parameters: {'sigma_noise': 0.18489365895436732, 'A_repulsion': 0.07021815136959844, 'gamma': 0.25282307894116907, 'sigma_update': 0.2752545502583621, 'eta_learning': 2.285637438056453, 'sigma_boundary': 4.427097889391275, 'alpha': 0.7190974743229774}. Best is trial 35 with value: 0.09723225904901461.
[I 2026-03-04 13:53:12,817] Trial 55 finished with value: 0.1992068979452916 and parameters: {'sigma_noise': 0.25549655231209817, 'A_repulsion': 0.14548350333099638, 'gamma': 0.15152901921661782, 'sigma_update': 0.12048061633035635, 'eta_learning': 1.8256292285596472, 'sigma_boundary': 6.544936419006448, 'alpha': 0.8193599847365544}. Best is trial 35 with value: 0.09723225904901461.
