[I 2026-03-04 15:34:16,583] Trial 81 finished with value: 0.11885948896079085 and parameters: {'sigma_noise': 0.19257022020039666, 'A_repulsion': 0.2664507215318881, 'gamma': 0.26588800126492523, 'sigma_update': 0.24204819966260935, 'eta_learning': 1.7039586437406073, 'sigma_boundary': 1.856247773690726, 'alpha': 0.47201462025380225}. Best is trial 8 with value: 0.0813573077299479.
[I 2026-03-04 15:34:20,733] Trial 85 finished with value: 0.2375795119665821 and parameters: {'sigma_noise': 0.12495571612834853, 'A_repulsion': 0.28447011720150783, 'gamma': 0.18571719840462672, 'sigma_update': 0.47907275115629067, 'eta_learning': 2.2267925492548764, 'sigma_boundary': 7.792444299712331, 'alpha': 0.4968625789175107}. Best is trial 8 with value: 0.0813573077299479.
[I 2026-03-04 15:34:45,814] Trial 84 finished with value: 0.11234318761438004 and parameters: {'sigma_noise': 0.19585332684426937, 'A_repulsion': 0.22185877170997656, 'gamma': 0.5787664471321697, 'sigma_update': 0.3711830368283689, 'eta_learning': 0.8573744647646468, 'sigma_boundary': 4.66405895174273, 'alpha': 0.6345413809121079}. Best is trial 8 with value: 0.0813573077299479.
[I 2026-03-04 15:35:04,735] Trial 89 finished with value: 0.10563133466226265 and parameters: {'sigma_noise': 0.16212194885005343, 'A_repulsion': 0.13608117687287344, 'gamma': 0.7893283532094628, 'sigma_update': 0.3042944846483184, 'eta_learning': 1.9010518996615013, 'sigma_boundary': 6.539647539462661, 'alpha': 0.7813436457740688}. Best is trial 8 with value: 0.0813573077299479.
[I 2026-03-04 15:35:08,891] Trial 80 finished with value: 0.3281034835421618 and parameters: {'sigma_noise': 0.37554204762944166, 'A_repulsion': 0.3103706448110713, 'gamma': 0.5003794754229833, 'sigma_update': 0.36730415521046955, 'eta_learning': 1.4549556698365018, 'sigma_boundary': 3.66094646576486, 'alpha': 0.4908060055432436}. Best is trial 8 with value: 0.0813573077299479.
[I 2026-03-04 15:35:12,669] Trial 91 finished with value: 0.09828744544372947 and parameters: {'sigma_noise': 0.15227499142593864, 'A_repulsion': 0.1484094832232597, 'gamma': 0.6807614465213004, 'sigma_update': 0.16986137835965306, 'eta_learning': 1.1385514750270338, 'sigma_boundary': 3.208426148464719, 'alpha': 0.5766706716831329}. Best is trial 8 with value: 0.0813573077299479.
[I 2026-03-04 15:35:36,855] Trial 88 finished with value: 0.5583235251522629 and parameters: {'sigma_noise': 0.1977101459018028, 'A_repulsion': 0.15549710430217545, 'gamma': 0.528341278597438, 'sigma_update': 0.517915402672097, 'eta_learning': 0.6957974695431142, 'sigma_boundary': 5.558509712398954, 'alpha': 0.2979282718801632}. Best is trial 8 with value: 0.0813573077299479.
[I 2026-03-04 15:36:26,907] Trial 102 finished with value: 0.1421232528992855 and parameters: {'sigma_noise': 0.08228097400582107, 'A_repulsion': 0.1387680631905242, 'gamma': 0.7434641755294406, 'sigma_update': 0.20829339761448856, 'eta_learning': 0.22203182257061582, 'sigma_boundary': 6.452223661331003, 'alpha': 0.7933783642290042}. Best is trial 8 with value: 0.0813573077299479.
[I 2026-03-04 15:36:27,975] Trial 106 finished with value: 0.11485470760546715 and parameters: {'sigma_noise': 0.11793145465231095, 'A_repulsion': 0.07830668736599773, 'gamma': 0.6096033849381597, 'sigma_update': 0.46064501258355434, 'eta_learning': 1.0382842154805323, 'sigma_boundary': 5.091519148083873, 'alpha': 0.6190344377751387}. Best is trial 8 with value: 0.0813573077299479.
[I 2026-03-04 15:36:42,238] Trial 95 finished with value: 0.1253945570216487 and parameters: {'sigma_noise': 0.1807876044068048, 'A_repulsion': 0.13595566716216034, 'gamma': 0.44604562334398973, 'sigma_update': 0.34210778241196177, 'eta_learning': 1.9330790612760331, 'sigma_boundary': 6.548830847581479, 'alpha': 0.5448073500280713}. Best is trial 8 with value: 0.0813573077299479.
[I 2026-03-04 15:37:05,740] Trial 99 finished with value: 0.10079723992043471 and parameters: {'sigma_noise': 0.1977120922143169, 'A_repulsion': 0.0663383774913312, 'gamma': 0.6340852291815797, 'sigma_update': 0.29173854081650635, 'eta_learning': 0.3811127164417458, 'sigma_boundary': 3.6741438910925286, 'alpha': 0.6485099779394727}. Best is trial 8 with value: 0.0813573077299479.
[I 2026-03-04 15:37:34,842] Trial 94 finished with value: 0.1271352144255342 and parameters: {'sigma_noise': 0.18174625936717526, 'A_repulsion': 0.23399194083825509, 'gamma': 0.8252470481828037, 'sigma_update': 0.28582288771537084, 'eta_learning': 1.816219048332424, 'sigma_boundary': 6.672374517784025, 'alpha': 0.904985256333223}. Best is trial 8 with value: 0.0813573077299479.
[I 2026-03-04 15:37:51,280] Trial 92 finished with value: 0.13746639831972843 and parameters: {'sigma_noise': 0.2959685454017528, 'A_repulsion': 0.12131156830714108, 'gamma': 0.5802254250541524, 'sigma_update': 0.3456432550118417, 'eta_learning': 1.1156185021551968, 'sigma_boundary': 7.325203968846524, 'alpha': 0.8836786507264092}. Best is trial 8 with value: 0.0813573077299479.
[I 2026-03-04 15:38:10,569] Trial 97 finished with value: 0.2075793837023398 and parameters: {'sigma_noise': 0.25728101153383304, 'A_repulsion': 0.10602416297523864, 'gamma': 0.5161942084815734, 'sigma_update': 0.44235759980512945, 'eta_learning': 1.8147491260788424, 'sigma_boundary': 6.971819473397135, 'alpha': 0.5460756884015028}. Best is trial 8 with value: 0.0813573077299479.
[I 2026-03-04 15:38:22,360] Trial 86 finished with value: 0.16484988910341408 and parameters: {'sigma_noise': 0.28736201957775653, 'A_repulsion': 0.40240593541503106, 'gamma': 0.2961058540122813, 'sigma_update': 0.18062216807378545, 'eta_learning': 1.4645826565129796, 'sigma_boundary': 6.209215057008522, 'alpha': 0.4408622747619498}. Best is trial 8 with value: 0.0813573077299479.
[I 2026-03-04 15:38:28,688] Trial 98 finished with value: 0.17147916773954652 and parameters: {'sigma_noise': 0.17369018717666534, 'A_repulsion': 0.19786296222260205, 'gamma': 0.2711323226760518, 'sigma_update': 0.09163918415011653, 'eta_learning': 0.5725987823790208, 'sigma_boundary': 8.061142791842775, 'alpha': 0.6719475716350961}. Best is trial 8 with value: 0.0813573077299479.
[I 2026-03-04 15:38:37,052] Trial 115 finished with value: 0.14413372645238193 and parameters: {'sigma_noise': 0.17485829350719223, 'A_repulsion': 0.03216867976048951, 'gamma': 0.47998966001238513, 'sigma_update': 0.4932033725089515, 'eta_learning': 1.408024185969191, 'sigma_boundary': 4.259693256001009, 'alpha': 0.6690892474891189}. Best is trial 8 with value: 0.0813573077299479.
[I 2026-03-04 15:38:37,575] Trial 93 finished with value: 0.15299176895744637 and parameters: {'sigma_noise': 0.2973708807695672, 'A_repulsion': 0.13533277800626226, 'gamma': 0.28770809605855435, 'sigma_update': 0.37084571990503984, 'eta_learning': 0.23319970841266682, 'sigma_boundary': 3.638812747851126, 'alpha': 0.6888199945682196}. Best is trial 8 with value: 0.0813573077299479.
[I 2026-03-04 15:38:44,985] Trial 96 finished with value: 0.11306216264622823 and parameters: {'sigma_noise': 0.22458380657742633, 'A_repulsion': 0.19644197654854276, 'gamma': 0.6356758605786959, 'sigma_update': 0.35226105103543004, 'eta_learning': 0.486381561864088, 'sigma_boundary': 6.471577310049103, 'alpha': 0.7765068773661913}. Best is trial 8 with value: 0.0813573077299479.
[I 2026-03-04 15:38:49,832] Trial 100 finished with value: 0.17627842046415199 and parameters: {'sigma_noise': 0.16559454012960897, 'A_repulsion': 0.27491180794317494, 'gamma': 0.47720371741380757, 'sigma_update': 0.46396341914065986, 'eta_learning': 1.510742501595392, 'sigma_boundary': 5.559277358035623, 'alpha': 0.5406731252319994}. Best is trial 8 with value: 0.0813573077299479.
[I 2026-03-04 15:38:54,572] Trial 101 finished with value: 0.14258451038389902 and parameters: {'sigma_noise': 0.25568415023619656, 'A_repulsion': 0.11813345423369948, 'gamma': 0.5276651971865991, 'sigma_update': 0.42112279020756627, 'eta_learning': 1.5157084753528949, 'sigma_boundary': 6.981619866029182, 'alpha': 0.7299589373872892}. Best is trial 8 with value: 0.0813573077299479.
[I 2026-03-04 15:39:07,742] Trial 87 finished with value: 1.5472739735591374 and parameters: {'sigma_noise': 0.3049098277020995, 'A_repulsion': 0.40506505740704424, 'gamma': 0.5650026985654856, 'sigma_update': 0.21465094774476057, 'eta_learning': 1.3090526498327544, 'sigma_boundary': 4.400318049399128, 'alpha': 0.2936119759744596}. Best is trial 8 with value: 0.0813573077299479.
[I 2026-03-04 15:39:08,096] Trial 107 finished with value: 0.08588209815653262 and parameters: {'sigma_noise': 0.27314020206737616, 'A_repulsion': 0.016419839368494143, 'gamma': 0.9564455314555199, 'sigma_update': 0.3550137222085893, 'eta_learning': 1.8429408957121984, 'sigma_boundary': 4.25664692685798, 'alpha': 0.7993863681366432}. Best is trial 8 with value: 0.0813573077299479.
[I 2026-03-04 15:39:34,614] Trial 103 finished with value: 0.13928294607273656 and parameters: {'sigma_noise': 0.17559969541871123, 'A_repulsion': 0.24487293037934776, 'gamma': 0.4831454430582302, 'sigma_update': 0.19764875848202557, 'eta_learning': 1.3410431568960992, 'sigma_boundary': 6.446745577746263, 'alpha': 0.7661915885286052}. Best is trial 8 with value: 0.0813573077299479.
[I 2026-03-04 15:39:44,353] Trial 109 finished with value: 0.33417001308709 and parameters: {'sigma_noise': 0.197727154826295, 'A_repulsion': 0.19647748791111636, 'gamma': 0.7487981931956165, 'sigma_update': 0.517229272769288, 'eta_learning': 1.8874260653998776, 'sigma_boundary': 7.494990286573655, 'alpha': 0.4179864392774443}. Best is trial 8 with value: 0.0813573077299479.
[I 2026-03-04 15:39:49,550] Trial 104 finished with value: 0.11813353757606081 and parameters: {'sigma_noise': 0.2605039353115811, 'A_repulsion': 0.13222256437653077, 'gamma': 0.5169849649807803, 'sigma_update': 0.21901761629130553, 'eta_learning': 1.5421416187296713, 'sigma_boundary': 4.986935703990252, 'alpha': 0.6783140914343951}. Best is trial 8 with value: 0.0813573077299479.
[I 2026-03-04 15:40:19,187] Trial 108 finished with value: 0.24885313249925078 and parameters: {'sigma_noise': 0.17026851950795113, 'A_repulsion': 0.2937028089504907, 'gamma': 0.7084685076017649, 'sigma_update': 0.4350556325184799, 'eta_learning': 1.3645485174986485, 'sigma_boundary': 2.241270460174586, 'alpha': 0.3883153164652461}. Best is trial 8 with value: 0.0813573077299479.
[I 2026-03-04 15:40:30,124] Trial 105 finished with value: 0.10117355988349191 and parameters: {'sigma_noise': 0.21952628829394127, 'A_repulsion': 0.22722410341965674, 'gamma': 0.6618237142498977, 'sigma_update': 0.2589807177409839, 'eta_learning': 1.833414321854739, 'sigma_boundary': 4.878057297847518, 'alpha': 0.6144787372504281}. Best is trial 8 with value: 0.0813573077299479.
[I 2026-03-04 15:40:51,444] Trial 114 finished with value: 0.12767158807250711 and parameters: {'sigma_noise': 0.21918643614800687, 'A_repulsion': 0.10530365478883606, 'gamma': 0.491807793186043, 'sigma_update': 0.34813518575359736, 'eta_learning': 1.5183021019379375, 'sigma_boundary': 5.381407896792593, 'alpha': 0.8956776921278841}. Best is trial 8 with value: 0.0813573077299479.
[I 2026-03-04 15:41:00,929] Trial 117 finished with value: 0.108205901812152 and parameters: {'sigma_noise': 0.1715121418370659, 'A_repulsion': 0.13550024331886373, 'gamma': 0.5875750108537728, 'sigma_update': 0.4361113278260833, 'eta_learning': 0.3190291380279346, 'sigma_boundary': 4.916833648098273, 'alpha': 0.4966406801111294}. Best is trial 8 with value: 0.0813573077299479.
[I 2026-03-04 15:41:12,349] Trial 110 finished with value: 0.12675166997191362 and parameters: {'sigma_noise': 0.1240376749986778, 'A_repulsion': 0.45614324972929343, 'gamma': 0.5067791521701547, 'sigma_update': 0.48179390955149437, 'eta_learning': 1.19904397068049, 'sigma_boundary': 3.8571812257451277, 'alpha': 0.7802999804736365}. Best is trial 8 with value: 0.0813573077299479.
[I 2026-03-04 15:41:27,012] Trial 116 finished with value: 0.15059946865263915 and parameters: {'sigma_noise': 0.13080482776930008, 'A_repulsion': 0.3122071130400985, 'gamma': 0.2118208305654836, 'sigma_update': 0.28025592916172853, 'eta_learning': 1.5161771259158436, 'sigma_boundary': 6.71929286011036, 'alpha': 0.6279416657622647}. Best is trial 8 with value: 0.0813573077299479.
[I 2026-03-04 15:41:27,763] Trial 111 finished with value: 0.11310353573381043 and parameters: {'sigma_noise': 0.23400015113695272, 'A_repulsion': 0.2033408081817158, 'gamma': 0.6818166903874107, 'sigma_update': 0.4233616929351677, 'eta_learning': 1.7817778009459748, 'sigma_boundary': 4.504386413006088, 'alpha': 0.6559194566833687}. Best is trial 8 with value: 0.0813573077299479.
[I 2026-03-04 15:42:04,889] Trial 119 finished with value: 0.1931820239250946 and parameters: {'sigma_noise': 0.1450742048377912, 'A_repulsion': 0.23399534397840932, 'gamma': 0.44555476128916216, 'sigma_update': 0.2291980318897918, 'eta_learning': 1.8606820390306096, 'sigma_boundary': 6.59112213229348, 'alpha': 0.35688209964800427}. Best is trial 8 with value: 0.0813573077299479.
[I 2026-03-04 15:42:08,466] Trial 118 finished with value: 0.14923554907696698 and parameters: {'sigma_noise': 0.2571875420738531, 'A_repulsion': 0.10411343751046835, 'gamma': 0.44520164100536463, 'sigma_update': 0.49209242410286114, 'eta_learning': 1.0506252386684922, 'sigma_boundary': 4.0173033875383135, 'alpha': 0.8766436786869737}. Best is trial 8 with value: 0.0813573077299479.
[I 2026-03-04 15:42:12,943] Trial 113 finished with value: 0.13727888907054028 and parameters: {'sigma_noise': 0.21606644692935623, 'A_repulsion': 0.26849164873836, 'gamma': 0.39756829459972653, 'sigma_update': 0.23634205009753503, 'eta_learning': 0.6821044593621939, 'sigma_boundary': 7.420435886928775, 'alpha': 0.44163929413313724}. Best is trial 8 with value: 0.0813573077299479.
[I 2026-03-04 15:42:25,586] Trial 112 finished with value: 0.19821781932503618 and parameters: {'sigma_noise': 0.21218906595243975, 'A_repulsion': 0.3325994200654091, 'gamma': 0.31376431842736935, 'sigma_update': 0.4624014827557309, 'eta_learning': 0.9199508967168767, 'sigma_boundary': 4.400498413422915, 'alpha': 0.5582284717314488}. Best is trial 8 with value: 0.0813573077299479.
[I 2026-03-04 15:44:30,218] Trial 120 finished with value: 0.11006984713483561 and parameters: {'sigma_noise': 0.11344425258315188, 'A_repulsion': 0.03654783903570777, 'gamma': 0.7726069903842211, 'sigma_update': 0.318301261433892, 'eta_learning': 1.1231675626333046, 'sigma_boundary': 7.59718228758506, 'alpha': 0.8454000565395978}. Best is trial 8 with value: 0.0813573077299479.
[I 2026-03-04 15:46:08,877] Trial 124 finished with value: 0.10813766317866752 and parameters: {'sigma_noise': 0.09767020181380037, 'A_repulsion': 0.12287203025559548, 'gamma': 0.7140421520321885, 'sigma_update': 0.30763901915609393, 'eta_learning': 0.4759428498225845, 'sigma_boundary': 6.267632610660111, 'alpha': 0.5048602665205126}. Best is trial 8 with value: 0.0813573077299479.
[I 2026-03-04 15:46:08,942] Trial 128 finished with value: 0.15991888966672874 and parameters: {'sigma_noise': 0.06833886543217774, 'A_repulsion': 0.10198479876615181, 'gamma': 0.308528462381024, 'sigma_update': 0.2280567389079346, 'eta_learning': 0.9932533768149607, 'sigma_boundary': 1.101739322567971, 'alpha': 0.7395401758532891}. Best is trial 8 with value: 0.0813573077299479.
[I 2026-03-04 15:46:17,847] Trial 127 finished with value: 0.128021046578321 and parameters: {'sigma_noise': 0.08378130743069685, 'A_repulsion': 0.13055363784137308, 'gamma': 0.5017270072230308, 'sigma_update': 0.45382514045283784, 'eta_learning': 1.1351428829763137, 'sigma_boundary': 5.599852330720043, 'alpha': 0.656143079585799}. Best is trial 8 with value: 0.0813573077299479.
[I 2026-03-04 15:47:07,567] Trial 121 finished with value: 0.1246000603331619 and parameters: {'sigma_noise': 0.20536870265672424, 'A_repulsion': 0.0836944826049585, 'gamma': 0.414924224593091, 'sigma_update': 0.38703609798909105, 'eta_learning': 1.44438968672644, 'sigma_boundary': 5.452367177904498, 'alpha': 0.90153023423169}. Best is trial 8 with value: 0.0813573077299479.
[I 2026-03-04 15:47:28,036] Trial 129 finished with value: 0.12261129590889336 and parameters: {'sigma_noise': 0.13569231741063265, 'A_repulsion': 0.07264780258751799, 'gamma': 0.7891431820336623, 'sigma_update': 0.38919328656344526, 'eta_learning': 0.8317221379957699, 'sigma_boundary': 7.8063440585832815, 'alpha': 0.4634945999254239}. Best is trial 8 with value: 0.0813573077299479.
[I 2026-03-04 15:47:58,391] Trial 130 finished with value: 0.12976171172610035 and parameters: {'sigma_noise': 0.0643321292634846, 'A_repulsion': 0.1795378094166105, 'gamma': 0.7964106927445076, 'sigma_update': 0.24733879354875576, 'eta_learning': 1.2812748685158577, 'sigma_boundary': 5.986392347733465, 'alpha': 0.655713891870944}. Best is trial 8 with value: 0.0813573077299479.
[I 2026-03-04 15:48:18,550] Trial 122 finished with value: 0.12361256428376656 and parameters: {'sigma_noise': 0.18869307995702345, 'A_repulsion': 0.22307230805985212, 'gamma': 0.5040969192956497, 'sigma_update': 0.21737275355312402, 'eta_learning': 1.4339371512421255, 'sigma_boundary': 5.526087810079372, 'alpha': 0.42813527934277373}. Best is trial 8 with value: 0.0813573077299479.
[I 2026-03-04 15:48:43,667] Trial 123 finished with value: 0.1390644051365528 and parameters: {'sigma_noise': 0.14607910144967617, 'A_repulsion': 0.2973397776693841, 'gamma': 0.5506188368195715, 'sigma_update': 0.40423407455185867, 'eta_learning': 0.9774502843342323, 'sigma_boundary': 6.606737262887869, 'alpha': 0.5026710714840056}. Best is trial 8 with value: 0.0813573077299479.
[I 2026-03-04 15:49:44,344] Trial 140 finished with value: 0.15229347953738687 and parameters: {'sigma_noise': 0.05863085413951783, 'A_repulsion': 0.1941862532614929, 'gamma': 0.5963717124018671, 'sigma_update': 0.21399941736213882, 'eta_learning': 2.0972168355432683, 'sigma_boundary': 4.5578874598329095, 'alpha': 0.7420756023586044}. Best is trial 8 with value: 0.0813573077299479.
[I 2026-03-04 15:49:49,177] Trial 133 finished with value: 0.10438085426681326 and parameters: {'sigma_noise': 0.2015189193371802, 'A_repulsion': 0.042870369857712726, 'gamma': 0.573835741864895, 'sigma_update': 0.2648800038550492, 'eta_learning': 0.611123681842429, 'sigma_boundary': 5.308306736786969, 'alpha': 0.4854320085035905}. Best is trial 8 with value: 0.0813573077299479.
[I 2026-03-04 15:49:55,777] Trial 125 finished with value: 0.11523751232902668 and parameters: {'sigma_noise': 0.2680465485448417, 'A_repulsion': 0.11185647975946636, 'gamma': 0.6934342724167484, 'sigma_update': 0.27708539979482777, 'eta_learning': 1.900916471789565, 'sigma_boundary': 7.447019339115036, 'alpha': 0.7138124978341626}. Best is trial 8 with value: 0.0813573077299479.
[I 2026-03-04 15:50:00,799] Trial 145 finished with value: 0.12331981572521829 and parameters: {'sigma_noise': 0.0676504874433311, 'A_repulsion': 0.09769266099173254, 'gamma': 0.5181838327394823, 'sigma_update': 0.1695812654001645, 'eta_learning': 1.7877773593668853, 'sigma_boundary': 7.776856825911503, 'alpha': 0.4695838123297419}. Best is trial 8 with value: 0.0813573077299479.
[I 2026-03-04 15:50:50,789] Trial 137 finished with value: 0.11326936126692322 and parameters: {'sigma_noise': 0.121319648508249, 'A_repulsion': 0.1757240170268087, 'gamma': 0.6433816460394083, 'sigma_update': 0.25890942660387234, 'eta_learning': 1.334889754231282, 'sigma_boundary': 3.560489124568441, 'alpha': 0.7229182915032466}. Best is trial 8 with value: 0.0813573077299479.
[I 2026-03-04 15:50:58,869] Trial 141 finished with value: 0.1387114909544587 and parameters: {'sigma_noise': 0.10012419959232824, 'A_repulsion': 0.18427705516811396, 'gamma': 0.6290940365896116, 'sigma_update': 0.138426844730176, 'eta_learning': 2.2018675412510977, 'sigma_boundary': 5.296931222586847, 'alpha': 0.7251579961970424}. Best is trial 8 with value: 0.0813573077299479.
[I 2026-03-04 15:51:38,683] Trial 136 finished with value: 0.32620246968830746 and parameters: {'sigma_noise': 0.17343154696175225, 'A_repulsion': 0.1287843248811262, 'gamma': 0.5585283076603317, 'sigma_update': 0.03963265724116589, 'eta_learning': 0.7798361987185751, 'sigma_boundary': 3.14434853017612, 'alpha': 0.9034356605405893}. Best is trial 8 with value: 0.0813573077299479.
[I 2026-03-04 15:51:43,455] Trial 139 finished with value: 0.11140886496979263 and parameters: {'sigma_noise': 0.16512754448449973, 'A_repulsion': 0.09456824672431699, 'gamma': 0.8110050549114107, 'sigma_update': 0.23170317421108164, 'eta_learning': 1.0654872306357073, 'sigma_boundary': 6.924230722327226, 'alpha': 0.9159722432492121}. Best is trial 8 with value: 0.0813573077299479.
[I 2026-03-04 15:51:57,112] Trial 126 finished with value: 0.10822860170267017 and parameters: {'sigma_noise': 0.2748959794712384, 'A_repulsion': 0.23891365456565733, 'gamma': 0.841343769188071, 'sigma_update': 0.4740087604099468, 'eta_learning': 1.6111668473498575, 'sigma_boundary': 6.31893203330892, 'alpha': 0.5832043893052791}. Best is trial 8 with value: 0.0813573077299479.
[I 2026-03-04 15:52:01,370] Trial 132 finished with value: 0.13126814271723564 and parameters: {'sigma_noise': 0.1842765097822902, 'A_repulsion': 0.27427628971910084, 'gamma': 0.6321136750000138, 'sigma_update': 0.1480800007421622, 'eta_learning': 0.6642943442325617, 'sigma_boundary': 3.920730481771671, 'alpha': 0.7308545576416599}. Best is trial 8 with value: 0.0813573077299479.
[I 2026-03-04 15:52:31,287] Trial 135 finished with value: 0.1319968221322501 and parameters: {'sigma_noise': 0.1760507680706377, 'A_repulsion': 0.19374348638973374, 'gamma': 0.5849583616852834, 'sigma_update': 0.18462585174215296, 'eta_learning': 0.6620082822859537, 'sigma_boundary': 1.997133838699204, 'alpha': 0.7952113254285789}. Best is trial 8 with value: 0.0813573077299479.
