[I 2026-03-04 14:05:54,430] Trial 54 finished with value: 0.18449355820373692 and parameters: {'sigma_noise': 0.2312880605264085, 'A_repulsion': 0.29105712901736874, 'gamma': 0.6027028184040082, 'sigma_update': 0.26903492292475845, 'eta_learning': 1.3365912163186158, 'sigma_boundary': 5.606674670276872, 'alpha': 0.4442623366235158}. Best is trial 42 with value: 0.08987863759392348.
[I 2026-03-04 14:06:01,431] Trial 58 finished with value: 0.10178780077024871 and parameters: {'sigma_noise': 0.24842851802456373, 'A_repulsion': 0.21276777035612554, 'gamma': 0.47122895488906175, 'sigma_update': 0.3242951516441534, 'eta_learning': 1.625746826884032, 'sigma_boundary': 0.37640426793283027, 'alpha': 0.7539082784346238}. Best is trial 42 with value: 0.08987863759392348.
[I 2026-03-04 14:06:06,417] Trial 50 finished with value: 0.12479465845153889 and parameters: {'sigma_noise': 0.2856026023809075, 'A_repulsion': 0.2877056257852537, 'gamma': 0.516999471533905, 'sigma_update': 0.33984417404302897, 'eta_learning': 1.658016150176702, 'sigma_boundary': 5.117077491801962, 'alpha': 0.641017731367518}. Best is trial 42 with value: 0.08987863759392348.
[I 2026-03-04 14:06:09,620] Trial 71 finished with value: 1.0123942943286162 and parameters: {'sigma_noise': 0.14438312387565566, 'A_repulsion': 0.18164440274203258, 'gamma': 0.43535542486856393, 'sigma_update': 0.3023608633415258, 'eta_learning': 1.6252484360760633, 'sigma_boundary': 1.2137954958959882, 'alpha': 0.13579098418290347}. Best is trial 42 with value: 0.08987863759392348.
[I 2026-03-04 14:06:32,883] Trial 55 finished with value: 0.13234668873975283 and parameters: {'sigma_noise': 0.26798945813255626, 'A_repulsion': 0.3252191238060061, 'gamma': 0.5916524100581324, 'sigma_update': 0.2741030847507949, 'eta_learning': 2.1143430665333836, 'sigma_boundary': 1.5322480588278728, 'alpha': 0.5200459768183824}. Best is trial 42 with value: 0.08987863759392348.
[I 2026-03-04 14:06:44,539] Trial 52 finished with value: 0.16444932695278325 and parameters: {'sigma_noise': 0.3787592054392466, 'A_repulsion': 0.19629796358796484, 'gamma': 0.2924564878304208, 'sigma_update': 0.19398083631974655, 'eta_learning': 2.2580436604448404, 'sigma_boundary': 3.537311912287127, 'alpha': 0.5540928997149455}. Best is trial 42 with value: 0.08987863759392348.
[I 2026-03-04 14:06:50,749] Trial 59 finished with value: 0.6460602302997885 and parameters: {'sigma_noise': 0.26064067449872513, 'A_repulsion': 0.34528884424107575, 'gamma': 0.5608550466851963, 'sigma_update': 0.612531374578766, 'eta_learning': 1.8639058847926926, 'sigma_boundary': 2.635080140622469, 'alpha': 0.4276428806997062}. Best is trial 42 with value: 0.08987863759392348.
[I 2026-03-04 14:07:03,967] Trial 64 finished with value: 0.4513777240429228 and parameters: {'sigma_noise': 0.24415414230211502, 'A_repulsion': 0.1862236190648468, 'gamma': 0.5471464452465313, 'sigma_update': 0.5630952148255908, 'eta_learning': 1.0891673030857776, 'sigma_boundary': 3.3329995426718777, 'alpha': 0.4451278364430845}. Best is trial 42 with value: 0.08987863759392348.
[I 2026-03-04 14:07:17,372] Trial 73 finished with value: 0.11759543139144724 and parameters: {'sigma_noise': 0.15712419159436347, 'A_repulsion': 0.19172902300909822, 'gamma': 0.6487894178310676, 'sigma_update': 0.11926569504517683, 'eta_learning': 1.8432432651145687, 'sigma_boundary': 2.29085363864097, 'alpha': 0.709817159860942}. Best is trial 42 with value: 0.08987863759392348.
[I 2026-03-04 14:07:21,449] Trial 66 finished with value: 0.13774221135003908 and parameters: {'sigma_noise': 0.2687116937725674, 'A_repulsion': 0.14456975254180982, 'gamma': 0.8317840666288293, 'sigma_update': 0.4037299600464585, 'eta_learning': 2.4730959186546833, 'sigma_boundary': 3.0839226387439105, 'alpha': 0.5583549325681377}. Best is trial 42 with value: 0.08987863759392348.
[I 2026-03-04 14:07:26,460] Trial 63 finished with value: 0.1109844715182507 and parameters: {'sigma_noise': 0.1893763112586228, 'A_repulsion': 0.30761423811679833, 'gamma': 0.14051798260688286, 'sigma_update': 0.21084301648768577, 'eta_learning': 2.039042788713883, 'sigma_boundary': 4.229750469868091, 'alpha': 0.4714378612145398}. Best is trial 42 with value: 0.08987863759392348.
[I 2026-03-04 14:07:42,817] Trial 61 finished with value: 0.11338825771845736 and parameters: {'sigma_noise': 0.21886391578921466, 'A_repulsion': 0.4077319445972473, 'gamma': 0.6900828801461264, 'sigma_update': 0.38562364213327416, 'eta_learning': 1.2985553272130956, 'sigma_boundary': 8.248547138535658, 'alpha': 0.5726937721247158}. Best is trial 42 with value: 0.08987863759392348.
[I 2026-03-04 14:07:54,387] Trial 65 finished with value: 0.19333614801946958 and parameters: {'sigma_noise': 0.21429186532404965, 'A_repulsion': 0.3094948220395938, 'gamma': 0.5971242485819034, 'sigma_update': 0.3581077230236105, 'eta_learning': 1.6286910883278323, 'sigma_boundary': 3.59582096480041, 'alpha': 0.46206666126632523}. Best is trial 42 with value: 0.08987863759392348.
[I 2026-03-04 14:08:03,970] Trial 72 finished with value: 0.12050142484163155 and parameters: {'sigma_noise': 0.19272609682562147, 'A_repulsion': 0.2598474488957574, 'gamma': 0.8321507489311583, 'sigma_update': 0.4770169361863341, 'eta_learning': 0.9287748693484326, 'sigma_boundary': 3.9499487794104504, 'alpha': 0.5574738963823588}. Best is trial 42 with value: 0.08987863759392348.
[I 2026-03-04 14:08:59,457] Trial 74 finished with value: 0.31018004389285225 and parameters: {'sigma_noise': 0.2018166067582446, 'A_repulsion': 0.3292304048680866, 'gamma': 0.4193423247468311, 'sigma_update': 0.22691583744329458, 'eta_learning': 1.6884655064087386, 'sigma_boundary': 4.828859943991176, 'alpha': 0.3661944931207869}. Best is trial 42 with value: 0.08987863759392348.
[I 2026-03-04 14:09:34,255] Trial 68 finished with value: 0.12153792043333007 and parameters: {'sigma_noise': 0.31550431524126366, 'A_repulsion': 0.30051163302364475, 'gamma': 0.8765917351752366, 'sigma_update': 0.3947868598522685, 'eta_learning': 2.488760551776129, 'sigma_boundary': 4.914886852455014, 'alpha': 0.5849035266760733}. Best is trial 42 with value: 0.08987863759392348.
[I 2026-03-04 14:09:35,244] Trial 76 finished with value: 0.14259524799753182 and parameters: {'sigma_noise': 0.2984967563216044, 'A_repulsion': 0.19514615772776606, 'gamma': 0.2514639196803481, 'sigma_update': 0.2523160949285424, 'eta_learning': 0.9323067116800734, 'sigma_boundary': 6.22900254623302, 'alpha': 0.6755265674626776}. Best is trial 42 with value: 0.08987863759392348.
[I 2026-03-04 14:09:35,913] Trial 67 finished with value: 1.1270174116599267 and parameters: {'sigma_noise': 0.273878698118724, 'A_repulsion': 0.3653937083603488, 'gamma': 0.48538642412504623, 'sigma_update': 0.30425869940618244, 'eta_learning': 1.3971576087847426, 'sigma_boundary': 5.496153937941039, 'alpha': 0.3012123018878069}. Best is trial 42 with value: 0.08987863759392348.
[I 2026-03-04 14:09:38,461] Trial 77 finished with value: 0.2318193525436431 and parameters: {'sigma_noise': 0.39402405416214964, 'A_repulsion': 0.12627040133450873, 'gamma': 0.6461879445596727, 'sigma_update': 0.43309707185531576, 'eta_learning': 1.1507717645835323, 'sigma_boundary': 3.9363364390228814, 'alpha': 0.6499607509328686}. Best is trial 42 with value: 0.08987863759392348.
[I 2026-03-04 14:09:44,861] Trial 75 finished with value: 0.31755375906825467 and parameters: {'sigma_noise': 0.25656452590716083, 'A_repulsion': 0.3304956935874961, 'gamma': 0.418878006202274, 'sigma_update': 0.348010482644553, 'eta_learning': 1.5223205665891117, 'sigma_boundary': 4.3721048466429595, 'alpha': 0.41115203335017264}. Best is trial 42 with value: 0.08987863759392348.
[I 2026-03-04 14:09:56,118] Trial 70 finished with value: 0.9241730770159532 and parameters: {'sigma_noise': 0.3417164670286037, 'A_repulsion': 0.24989079994950839, 'gamma': 0.36178064046271774, 'sigma_update': 0.2647152671150692, 'eta_learning': 1.2950657116584323, 'sigma_boundary': 3.538202501303695, 'alpha': 0.3234944415887748}. Best is trial 42 with value: 0.08987863759392348.
[I 2026-03-04 14:10:04,522] Trial 79 finished with value: 1.1576169072764748 and parameters: {'sigma_noise': 0.2508843380105465, 'A_repulsion': 0.2548549038513567, 'gamma': 0.7764064574603223, 'sigma_update': 0.36732628073328577, 'eta_learning': 1.2048612989249774, 'sigma_boundary': 4.320379279993712, 'alpha': 0.24900254707956937}. Best is trial 42 with value: 0.08987863759392348.
[I 2026-03-04 14:10:25,407] Trial 69 finished with value: 0.26464225669407376 and parameters: {'sigma_noise': 0.39102385711327114, 'A_repulsion': 0.30249891102950943, 'gamma': 0.37446464726930356, 'sigma_update': 0.3887881474704354, 'eta_learning': 0.4196081663653696, 'sigma_boundary': 4.801004726656376, 'alpha': 0.5700543939825475}. Best is trial 42 with value: 0.08987863759392348.
[I 2026-03-04 14:10:32,832] Trial 78 finished with value: 0.28733252223083233 and parameters: {'sigma_noise': 0.3017088869655227, 'A_repulsion': 0.21862141385150258, 'gamma': 0.6413281349813911, 'sigma_update': 0.16717117226382194, 'eta_learning': 1.3456910647251845, 'sigma_boundary': 3.9989561623136023, 'alpha': 0.42256651106405974}. Best is trial 42 with value: 0.08987863759392348.
[I 2026-03-04 14:15:57,957] Trial 81 finished with value: 0.1380713600785231 and parameters: {'sigma_noise': 0.2210314826204618, 'A_repulsion': 0.07320259658110415, 'gamma': 0.6513402582174661, 'sigma_update': 0.3189298233643604, 'eta_learning': 1.8992689151415652, 'sigma_boundary': 5.516218761923316, 'alpha': 0.5310622483422909}. Best is trial 42 with value: 0.08987863759392348.
[I 2026-03-04 14:16:12,259] Trial 94 finished with value: 0.1397977921930818 and parameters: {'sigma_noise': 0.051845866735245695, 'A_repulsion': 0.1419055776283207, 'gamma': 0.5544430354939697, 'sigma_update': 0.24476090285154548, 'eta_learning': 1.332247558653464, 'sigma_boundary': 5.330297556669451, 'alpha': 0.7999856970741964}. Best is trial 42 with value: 0.08987863759392348.
[I 2026-03-04 14:16:40,298] Trial 80 finished with value: 0.16821019658352146 and parameters: {'sigma_noise': 0.3257601487199898, 'A_repulsion': 0.18381010248382612, 'gamma': 0.20283649938579784, 'sigma_update': 0.27991908738420607, 'eta_learning': 2.1271317631169677, 'sigma_boundary': 3.7867700051217934, 'alpha': 0.5478617757309586}. Best is trial 42 with value: 0.08987863759392348.
[I 2026-03-04 14:16:50,183] Trial 82 finished with value: 0.4094147255530569 and parameters: {'sigma_noise': 0.21333605899681657, 'A_repulsion': 0.12800123431761443, 'gamma': 0.412701939343676, 'sigma_update': 0.42655708891045047, 'eta_learning': 1.3976316861473281, 'sigma_boundary': 4.336386806147032, 'alpha': 0.37520102623313945}. Best is trial 42 with value: 0.08987863759392348.
[I 2026-03-04 14:17:01,714] Trial 91 finished with value: 0.11425382413554239 and parameters: {'sigma_noise': 0.12829815959545662, 'A_repulsion': 0.11411301211679975, 'gamma': 0.6785147792178507, 'sigma_update': 0.172946720125607, 'eta_learning': 2.5063409081019445, 'sigma_boundary': 2.6598233970025538, 'alpha': 0.7974064113669774}. Best is trial 42 with value: 0.08987863759392348.
[I 2026-03-04 14:17:12,485] Trial 84 finished with value: 0.20293298080017486 and parameters: {'sigma_noise': 0.1858199011172385, 'A_repulsion': 0.20520529313873032, 'gamma': 0.5535200390370345, 'sigma_update': 0.45865568015645897, 'eta_learning': 1.542273045110535, 'sigma_boundary': 4.4463452393478535, 'alpha': 0.5152095817022584}. Best is trial 42 with value: 0.08987863759392348.
[I 2026-03-04 14:17:21,353] Trial 83 finished with value: 0.15722979407088478 and parameters: {'sigma_noise': 0.29216760521165996, 'A_repulsion': 0.08331101732800991, 'gamma': 0.5078483604506543, 'sigma_update': 0.38445497817673674, 'eta_learning': 2.28993531073234, 'sigma_boundary': 2.4690919757411898, 'alpha': 0.6953190767479132}. Best is trial 42 with value: 0.08987863759392348.
[I 2026-03-04 14:17:26,214] Trial 97 finished with value: 0.14171718349422086 and parameters: {'sigma_noise': 0.09475633527696832, 'A_repulsion': 0.11687451425042825, 'gamma': 0.2879294341958834, 'sigma_update': 0.11915517857257574, 'eta_learning': 2.145716172230688, 'sigma_boundary': 4.596139916856199, 'alpha': 0.6914817071910861}. Best is trial 42 with value: 0.08987863759392348.
[I 2026-03-04 14:18:01,725] Trial 95 finished with value: 0.09798904298803908 and parameters: {'sigma_noise': 0.1264079562011276, 'A_repulsion': 0.1625313690338342, 'gamma': 0.5749085422069403, 'sigma_update': 0.16950935667026137, 'eta_learning': 1.6031881189109822, 'sigma_boundary': 3.529067497441937, 'alpha': 0.6009763160582862}. Best is trial 42 with value: 0.08987863759392348.
[I 2026-03-04 14:18:08,292] Trial 87 finished with value: 0.15458011714611794 and parameters: {'sigma_noise': 0.1540037702971474, 'A_repulsion': 0.2282318373902198, 'gamma': 0.5622175210760885, 'sigma_update': 0.5421092343513683, 'eta_learning': 0.8897223578985276, 'sigma_boundary': 5.958265115355393, 'alpha': 0.6188358298939094}. Best is trial 42 with value: 0.08987863759392348.
[I 2026-03-04 14:18:41,106] Trial 96 finished with value: 0.2170753881445786 and parameters: {'sigma_noise': 0.1616274480703609, 'A_repulsion': 0.13359058360391163, 'gamma': 0.3817591396692234, 'sigma_update': 0.3580259842510166, 'eta_learning': 1.4893088464595972, 'sigma_boundary': 1.3737477177837931, 'alpha': 0.3893221018833196}. Best is trial 42 with value: 0.08987863759392348.
[I 2026-03-04 14:18:43,085] Trial 105 finished with value: 0.09394664291517218 and parameters: {'sigma_noise': 0.09986147493647163, 'A_repulsion': 0.12917205844344115, 'gamma': 0.5886585380131181, 'sigma_update': 0.14472838876183605, 'eta_learning': 2.294085604304645, 'sigma_boundary': 5.749013362883625, 'alpha': 0.4205092140185822}. Best is trial 42 with value: 0.08987863759392348.
[I 2026-03-04 14:19:01,685] Trial 88 finished with value: 0.11889142920161486 and parameters: {'sigma_noise': 0.17426049363362917, 'A_repulsion': 0.2620837847599199, 'gamma': 0.4677712808826242, 'sigma_update': 0.13388329650559222, 'eta_learning': 1.6674982286257793, 'sigma_boundary': 1.4789951263427787, 'alpha': 0.6408932187816077}. Best is trial 42 with value: 0.08987863759392348.
[I 2026-03-04 14:19:04,929] Trial 90 finished with value: 0.11407324404055566 and parameters: {'sigma_noise': 0.17760672917771736, 'A_repulsion': 0.2510710733982298, 'gamma': 0.978281897249757, 'sigma_update': 0.384403326757365, 'eta_learning': 0.8717937709103253, 'sigma_boundary': 4.677988116318746, 'alpha': 0.7159609422379337}. Best is trial 42 with value: 0.08987863759392348.
[I 2026-03-04 14:19:06,219] Trial 89 finished with value: 0.10749290481152998 and parameters: {'sigma_noise': 0.1850790155148465, 'A_repulsion': 0.19199304148092705, 'gamma': 0.5199699776691711, 'sigma_update': 0.1202557415194081, 'eta_learning': 1.4946421518436108, 'sigma_boundary': 4.32950798987894, 'alpha': 0.6429169502142632}. Best is trial 42 with value: 0.08987863759392348.
[I 2026-03-04 14:20:00,004] Trial 101 finished with value: 0.09562464412471158 and parameters: {'sigma_noise': 0.15277319121628735, 'A_repulsion': 0.19617479359798373, 'gamma': 0.7535312973915596, 'sigma_update': 0.37798203147730636, 'eta_learning': 1.4667201197814437, 'sigma_boundary': 5.19553697983741, 'alpha': 0.632214075213755}. Best is trial 42 with value: 0.08987863759392348.
[I 2026-03-04 14:20:07,487] Trial 92 finished with value: 0.10019892422365805 and parameters: {'sigma_noise': 0.25682492987871325, 'A_repulsion': 0.16288457913882143, 'gamma': 0.6957577291412046, 'sigma_update': 0.17388902520195862, 'eta_learning': 1.9183290020772517, 'sigma_boundary': 0.18637107469493405, 'alpha': 0.668924923857769}. Best is trial 42 with value: 0.08987863759392348.
[I 2026-03-04 14:20:21,837] Trial 99 finished with value: 0.16563685442575055 and parameters: {'sigma_noise': 0.17225950069046736, 'A_repulsion': 0.2556045237588317, 'gamma': 0.614832796276935, 'sigma_update': 0.08367854014486835, 'eta_learning': 1.8364738343632303, 'sigma_boundary': 4.03569008765326, 'alpha': 0.801840763525433}. Best is trial 42 with value: 0.08987863759392348.
[I 2026-03-04 14:20:39,386] Trial 93 finished with value: 0.12334616169661394 and parameters: {'sigma_noise': 0.235493223754365, 'A_repulsion': 0.22417145072041542, 'gamma': 0.4634155531742541, 'sigma_update': 0.3827662077518509, 'eta_learning': 2.1852847763774808, 'sigma_boundary': 4.686343610589476, 'alpha': 0.6863203188811311}. Best is trial 42 with value: 0.08987863759392348.
[I 2026-03-04 14:20:40,872] Trial 103 finished with value: 0.20458405133586294 and parameters: {'sigma_noise': 0.18647823411347647, 'A_repulsion': 0.136000365270365, 'gamma': 0.603468927378149, 'sigma_update': 0.457853851513744, 'eta_learning': 1.5709404517778482, 'sigma_boundary': 4.222883423157097, 'alpha': 0.48481291124260095}. Best is trial 42 with value: 0.08987863759392348.
[I 2026-03-04 14:20:47,890] Trial 86 finished with value: 0.4109007132051913 and parameters: {'sigma_noise': 0.2593368032162821, 'A_repulsion': 0.3012719069393269, 'gamma': 0.3231312768324136, 'sigma_update': 0.4337808730195928, 'eta_learning': 1.9882631121598362, 'sigma_boundary': 4.995822616024773, 'alpha': 0.42182509101789945}. Best is trial 42 with value: 0.08987863759392348.
[I 2026-03-04 14:21:04,141] Trial 102 finished with value: 0.09577417421036351 and parameters: {'sigma_noise': 0.17165948729553604, 'A_repulsion': 0.28889261702679037, 'gamma': 0.6268253256477538, 'sigma_update': 0.22709691728963177, 'eta_learning': 2.0371234674920684, 'sigma_boundary': 4.283848332711046, 'alpha': 0.521142127928222}. Best is trial 42 with value: 0.08987863759392348.
[I 2026-03-04 14:21:06,194] Trial 85 finished with value: 0.16964651300964612 and parameters: {'sigma_noise': 0.35726204593389693, 'A_repulsion': 0.28045460507978975, 'gamma': 0.6438967304307932, 'sigma_update': 0.24858488015384014, 'eta_learning': 1.8719812395342315, 'sigma_boundary': 5.629867607542896, 'alpha': 0.6210794717078825}. Best is trial 42 with value: 0.08987863759392348.
[I 2026-03-04 14:21:37,912] Trial 104 finished with value: 0.12195856143004008 and parameters: {'sigma_noise': 0.1352892146215055, 'A_repulsion': 0.3283255130666679, 'gamma': 0.6708645798423943, 'sigma_update': 0.16288080887106593, 'eta_learning': 1.8575391439980955, 'sigma_boundary': 3.10965651231039, 'alpha': 0.6757498274669589}. Best is trial 42 with value: 0.08987863759392348.
[I 2026-03-04 14:22:20,748] Trial 107 finished with value: 0.11284672570701376 and parameters: {'sigma_noise': 0.26222775390436154, 'A_repulsion': 0.11736087642358535, 'gamma': 0.6652663274028432, 'sigma_update': 0.32511044354728336, 'eta_learning': 2.2089649031021783, 'sigma_boundary': 4.228899316956445, 'alpha': 0.6738014464046326}. Best is trial 42 with value: 0.08987863759392348.
[I 2026-03-04 14:22:23,247] Trial 108 finished with value: 1.1025142233878413 and parameters: {'sigma_noise': 0.1859816301456137, 'A_repulsion': 0.2583010539204632, 'gamma': 0.46603915936136214, 'sigma_update': 0.26690646881335334, 'eta_learning': 1.724840799890739, 'sigma_boundary': 2.832648644053621, 'alpha': 0.20690859424925528}. Best is trial 42 with value: 0.08987863759392348.
[I 2026-03-04 14:22:26,035] Trial 106 finished with value: 0.10130560284376919 and parameters: {'sigma_noise': 0.22433006161334323, 'A_repulsion': 0.22344119923169325, 'gamma': 0.5968773383568443, 'sigma_update': 0.3400770464062167, 'eta_learning': 0.6893599104420979, 'sigma_boundary': 3.4767686029803677, 'alpha': 0.6713849086290326}. Best is trial 42 with value: 0.08987863759392348.
[I 2026-03-04 14:22:36,225] Trial 98 finished with value: 0.2427066285769095 and parameters: {'sigma_noise': 0.28315260492875344, 'A_repulsion': 0.2542642699925975, 'gamma': 0.7423774413479443, 'sigma_update': 0.3239673539484454, 'eta_learning': 1.4438579943817427, 'sigma_boundary': 4.553225240413795, 'alpha': 0.4475252774045584}. Best is trial 42 with value: 0.08987863759392348.
[I 2026-03-04 14:23:11,517] Trial 100 finished with value: 0.10418740889260095 and parameters: {'sigma_noise': 0.21791765645924382, 'A_repulsion': 0.3874215635837087, 'gamma': 0.5998709120685254, 'sigma_update': 0.21150665731471907, 'eta_learning': 1.9622825545832048, 'sigma_boundary': 5.322241545954636, 'alpha': 0.507089908014869}. Best is trial 42 with value: 0.08987863759392348.
[I 2026-03-04 14:23:15,683] Trial 116 finished with value: 0.10354538150923828 and parameters: {'sigma_noise': 0.16384694297479788, 'A_repulsion': 0.17615803087189483, 'gamma': 0.7701456946626914, 'sigma_update': 0.13592727588663736, 'eta_learning': 2.272001796654048, 'sigma_boundary': 4.817600420127934, 'alpha': 0.7089322012520658}. Best is trial 42 with value: 0.08987863759392348.
[I 2026-03-04 14:23:37,403] Trial 109 finished with value: 0.17951090663373787 and parameters: {'sigma_noise': 0.19042767671046884, 'A_repulsion': 0.3563058107760729, 'gamma': 0.5454332760751545, 'sigma_update': 0.38063299226954583, 'eta_learning': 2.2876674597432194, 'sigma_boundary': 6.585555996198891, 'alpha': 0.489102215944521}. Best is trial 42 with value: 0.08987863759392348.
[I 2026-03-04 14:23:44,446] Trial 117 finished with value: 0.10491278952648243 and parameters: {'sigma_noise': 0.18692138474557013, 'A_repulsion': 0.1622627782224783, 'gamma': 0.9067792741416957, 'sigma_update': 0.14938488088940766, 'eta_learning': 2.887837790416302, 'sigma_boundary': 4.090372343813104, 'alpha': 0.6867952828365248}. Best is trial 42 with value: 0.08987863759392348.
[I 2026-03-04 14:23:46,997] Trial 110 finished with value: 0.1914158191591016 and parameters: {'sigma_noise': 0.1575097209024547, 'A_repulsion': 0.3327929708655727, 'gamma': 0.3987855399834455, 'sigma_update': 0.08330163406364172, 'eta_learning': 1.1707190708677775, 'sigma_boundary': 6.866004971495969, 'alpha': 0.7679383680463752}. Best is trial 42 with value: 0.08987863759392348.
