/nfs/nhome/live/apourdehghan/Hybrid_hpc_utils.py:56: DtypeWarning: Columns (16) have mixed types. Specify dtype option on import or set low_memory=False.
  data = pd.read_csv(data_path)
[I 2026-03-04 13:45:44,119] A new study created in memory with name: no-name-480f5fdb-d00c-4583-aa06-670f44921a73
[I 2026-03-04 13:54:36,138] Trial 18 finished with value: 0.15731334627867605 and parameters: {'sigma_noise': 0.05997361283502012, 'A_repulsion': 0.01704370904504443, 'gamma': 0.3080505146299364, 'sigma_update': 0.391243104766764, 'eta_learning': 0.17491675478844496, 'sigma_boundary': 1.8767153119472315, 'alpha': 0.8697123458202479}. Best is trial 18 with value: 0.15731334627867605.
[I 2026-03-04 13:55:19,646] Trial 0 finished with value: 0.17866206536708729 and parameters: {'sigma_noise': 0.07597801729633771, 'A_repulsion': 0.09264534129969876, 'gamma': 0.830921751157568, 'sigma_update': 0.1633965869490333, 'eta_learning': 2.9265788695017623, 'sigma_boundary': 8.85232238271725, 'alpha': 0.9759284600388911}. Best is trial 18 with value: 0.15731334627867605.
[I 2026-03-04 13:55:55,253] Trial 9 finished with value: 0.31811839635323813 and parameters: {'sigma_noise': 0.07424626477221064, 'A_repulsion': 0.18699553367977922, 'gamma': 0.16649128937581054, 'sigma_update': 0.5216353143266645, 'eta_learning': 0.7792369404020996, 'sigma_boundary': 2.5095406465170997, 'alpha': 0.33559166455369926}. Best is trial 18 with value: 0.15731334627867605.
[I 2026-03-04 13:55:56,665] Trial 14 finished with value: 0.20707548945729554 and parameters: {'sigma_noise': 0.06857806712087991, 'A_repulsion': 0.1753866099201576, 'gamma': 0.06064934926342142, 'sigma_update': 0.24144043879220795, 'eta_learning': 1.852860110817165, 'sigma_boundary': 0.16414139929889396, 'alpha': 0.8551694194725387}. Best is trial 18 with value: 0.15731334627867605.
[I 2026-03-04 13:56:04,755] Trial 24 finished with value: 0.9445753087268268 and parameters: {'sigma_noise': 0.1046011530479404, 'A_repulsion': 0.13338842016146868, 'gamma': 0.3685644561672981, 'sigma_update': 0.5828549777941303, 'eta_learning': 2.2428925640071835, 'sigma_boundary': 0.49795403561863444, 'alpha': 0.1820786462331544}. Best is trial 18 with value: 0.15731334627867605.
[I 2026-03-04 13:56:21,206] Trial 19 finished with value: 0.13964475885671881 and parameters: {'sigma_noise': 0.1252623972336276, 'A_repulsion': 0.09966244639539462, 'gamma': 0.6954657117040111, 'sigma_update': 0.20319722005156596, 'eta_learning': 0.708730246074683, 'sigma_boundary': 4.157696932481282, 'alpha': 0.8290934872241537}. Best is trial 19 with value: 0.13964475885671881.
[I 2026-03-04 13:56:33,488] Trial 28 finished with value: 0.16919586008647 and parameters: {'sigma_noise': 0.187681366412499, 'A_repulsion': 0.00792009448648473, 'gamma': 0.23006823255268882, 'sigma_update': 0.08985921972733377, 'eta_learning': 0.9364679775781044, 'sigma_boundary': 7.344778953463184, 'alpha': 0.627291406829798}. Best is trial 19 with value: 0.13964475885671881.
[I 2026-03-04 13:56:47,860] Trial 3 finished with value: 0.1410918370485037 and parameters: {'sigma_noise': 0.1780623415919908, 'A_repulsion': 0.042965132962299424, 'gamma': 0.8700652277763172, 'sigma_update': 0.22367172149637962, 'eta_learning': 2.1535541067984654, 'sigma_boundary': 6.842081525420413, 'alpha': 0.9617853085981388}. Best is trial 19 with value: 0.13964475885671881.
[I 2026-03-04 13:57:00,156] Trial 34 finished with value: 0.43605094124858923 and parameters: {'sigma_noise': 0.21856167758569167, 'A_repulsion': 0.016726643568988286, 'gamma': 0.8524982269413014, 'sigma_update': 0.018679923833824084, 'eta_learning': 1.8188215920613884, 'sigma_boundary': 9.884876701835914, 'alpha': 0.6569755509335988}. Best is trial 19 with value: 0.13964475885671881.
[I 2026-03-04 13:57:07,690] Trial 1 finished with value: 0.11331425670465661 and parameters: {'sigma_noise': 0.220348476052466, 'A_repulsion': 0.021061634355918346, 'gamma': 0.7160124084300494, 'sigma_update': 0.1426338090140305, 'eta_learning': 2.5415149961717556, 'sigma_boundary': 0.3278831167016622, 'alpha': 0.6358049714606483}. Best is trial 1 with value: 0.11331425670465661.
[I 2026-03-04 13:57:15,410] Trial 22 finished with value: 0.2001264771514727 and parameters: {'sigma_noise': 0.10675236530450555, 'A_repulsion': 0.25726112152170105, 'gamma': 0.048013640114661076, 'sigma_update': 0.34949367963052436, 'eta_learning': 2.0219588511726223, 'sigma_boundary': 4.332580582219556, 'alpha': 0.807495888085336}. Best is trial 1 with value: 0.11331425670465661.
[I 2026-03-04 13:57:45,702] Trial 37 finished with value: 0.5444588725086146 and parameters: {'sigma_noise': 0.2060802517277911, 'A_repulsion': 0.09260926388894963, 'gamma': 0.6295815900275716, 'sigma_update': 0.6106671516660711, 'eta_learning': 1.5019163085272687, 'sigma_boundary': 0.7393495075495339, 'alpha': 0.33463748200410137}. Best is trial 1 with value: 0.11331425670465661.
[I 2026-03-04 13:57:53,121] Trial 33 finished with value: 1.45549276202992 and parameters: {'sigma_noise': 0.24981039562516338, 'A_repulsion': 0.04007949397796606, 'gamma': 0.449218483003558, 'sigma_update': 0.6505162732339272, 'eta_learning': 1.2530231118445927, 'sigma_boundary': 3.7014923386348055, 'alpha': 0.1372222392167043}. Best is trial 1 with value: 0.11331425670465661.
[I 2026-03-04 13:58:01,301] Trial 39 finished with value: 0.17637320053604255 and parameters: {'sigma_noise': 0.27579235729307533, 'A_repulsion': 0.013378274351822539, 'gamma': 0.16114603630036145, 'sigma_update': 0.3219039451584368, 'eta_learning': 1.1839458343554365, 'sigma_boundary': 5.495020007980465, 'alpha': 0.9940726652910995}. Best is trial 1 with value: 0.11331425670465661.
[I 2026-03-04 13:58:02,524] Trial 12 finished with value: 0.15979137158203566 and parameters: {'sigma_noise': 0.1879906240879609, 'A_repulsion': 0.15349316710027205, 'gamma': 0.33459014281755406, 'sigma_update': 0.16217565154078625, 'eta_learning': 2.269024909072292, 'sigma_boundary': 9.281262126424151, 'alpha': 0.8604351626869079}. Best is trial 1 with value: 0.11331425670465661.
[I 2026-03-04 13:58:07,767] Trial 27 finished with value: 0.39906747904761275 and parameters: {'sigma_noise': 0.22329424422619604, 'A_repulsion': 0.11705814901254497, 'gamma': 0.3827769874507578, 'sigma_update': 0.22321001752092468, 'eta_learning': 1.2950424897338004, 'sigma_boundary': 0.5309561345346655, 'alpha': 0.26462966771645535}. Best is trial 1 with value: 0.11331425670465661.
[I 2026-03-04 13:59:11,840] Trial 31 finished with value: 0.16214522757336344 and parameters: {'sigma_noise': 0.15531791254387844, 'A_repulsion': 0.3422592644997788, 'gamma': 0.2870309044140708, 'sigma_update': 0.5264940524634594, 'eta_learning': 1.1235784594240554, 'sigma_boundary': 0.3629059989718364, 'alpha': 0.7689029109898857}. Best is trial 1 with value: 0.11331425670465661.
[I 2026-03-04 13:59:14,522] Trial 30 finished with value: 0.4119314098688813 and parameters: {'sigma_noise': 0.1750287862144741, 'A_repulsion': 0.30030060164497374, 'gamma': 0.8635741126813191, 'sigma_update': 0.019865072592083144, 'eta_learning': 0.7368286858177318, 'sigma_boundary': 7.687617850241608, 'alpha': 0.8380936277673496}. Best is trial 1 with value: 0.11331425670465661.
[I 2026-03-04 13:59:27,422] Trial 23 finished with value: 1.4527130720998485 and parameters: {'sigma_noise': 0.24909472227243973, 'A_repulsion': 0.19526072457480437, 'gamma': 0.7582520803479355, 'sigma_update': 0.5143619381771622, 'eta_learning': 2.416576189175767, 'sigma_boundary': 2.4000559801529033, 'alpha': 0.22175371747084172}. Best is trial 1 with value: 0.11331425670465661.
[I 2026-03-04 13:59:35,074] Trial 29 finished with value: 1.4331003429299436 and parameters: {'sigma_noise': 0.3819185094407018, 'A_repulsion': 0.006237173238502036, 'gamma': 0.1837176358302392, 'sigma_update': 0.6654656782332132, 'eta_learning': 1.9741082878939622, 'sigma_boundary': 5.795887129714561, 'alpha': 0.2317881539296941}. Best is trial 1 with value: 0.11331425670465661.
[I 2026-03-04 13:59:37,156] Trial 17 finished with value: 0.48511935125133787 and parameters: {'sigma_noise': 0.2394026537804847, 'A_repulsion': 0.1835587278802014, 'gamma': 0.9667125600488775, 'sigma_update': 0.08719961002021447, 'eta_learning': 2.0129810130216175, 'sigma_boundary': 4.142418211662164, 'alpha': 0.3768141711979174}. Best is trial 1 with value: 0.11331425670465661.
[I 2026-03-04 13:59:40,895] Trial 25 finished with value: 0.15834726520792952 and parameters: {'sigma_noise': 0.1855255601263418, 'A_repulsion': 0.3004643734338094, 'gamma': 0.5444707432979919, 'sigma_update': 0.183318656293286, 'eta_learning': 1.280117455056598, 'sigma_boundary': 0.016410870154032156, 'alpha': 0.20394628487923538}. Best is trial 1 with value: 0.11331425670465661.
[I 2026-03-04 14:00:20,122] Trial 10 finished with value: 0.1770096700816053 and parameters: {'sigma_noise': 0.15942330704204488, 'A_repulsion': 0.4525495749287263, 'gamma': 0.22966097996206683, 'sigma_update': 0.27028327483351094, 'eta_learning': 2.877072617001297, 'sigma_boundary': 4.703935663994723, 'alpha': 0.6983617671246388}. Best is trial 1 with value: 0.11331425670465661.
[I 2026-03-04 14:00:38,062] Trial 21 finished with value: 0.7090828605907737 and parameters: {'sigma_noise': 0.165939596258164, 'A_repulsion': 0.4856061635565393, 'gamma': 0.33924836093380334, 'sigma_update': 0.46806752537272955, 'eta_learning': 1.9946193486797659, 'sigma_boundary': 2.0034339045253198, 'alpha': 0.3333900741681517}. Best is trial 1 with value: 0.11331425670465661.
[I 2026-03-04 14:00:46,011] Trial 32 finished with value: 2.0457913430413326 and parameters: {'sigma_noise': 0.22186070051276613, 'A_repulsion': 0.36553806691403046, 'gamma': 0.6028065100160434, 'sigma_update': 0.5031481218278887, 'eta_learning': 1.6945467139789119, 'sigma_boundary': 0.584104681065022, 'alpha': 0.1308826055066593}. Best is trial 1 with value: 0.11331425670465661.
[I 2026-03-04 14:00:50,167] Trial 7 finished with value: 0.1956076608684544 and parameters: {'sigma_noise': 0.22467670807937584, 'A_repulsion': 0.3318130741600986, 'gamma': 0.748454709958336, 'sigma_update': 0.07244687152838625, 'eta_learning': 1.6469306935701236, 'sigma_boundary': 6.021866071791508, 'alpha': 0.731723656775073}. Best is trial 1 with value: 0.11331425670465661.
[I 2026-03-04 14:00:58,827] Trial 4 finished with value: 0.3477892550389452 and parameters: {'sigma_noise': 0.351729252643137, 'A_repulsion': 0.21642048955943327, 'gamma': 0.1570802829336479, 'sigma_update': 0.4993693727734599, 'eta_learning': 2.8611646741716177, 'sigma_boundary': 6.034018998554636, 'alpha': 0.6488870159239678}. Best is trial 1 with value: 0.11331425670465661.
[I 2026-03-04 14:01:05,883] Trial 36 finished with value: 0.4985946032400821 and parameters: {'sigma_noise': 0.24861159586376064, 'A_repulsion': 0.4060512423022404, 'gamma': 0.6563097387758721, 'sigma_update': 0.4944367022196374, 'eta_learning': 0.4787516392803781, 'sigma_boundary': 4.398707908709097, 'alpha': 0.3919336196333739}. Best is trial 1 with value: 0.11331425670465661.
[I 2026-03-04 14:01:07,363] Trial 2 finished with value: 0.11194380224594991 and parameters: {'sigma_noise': 0.1986646106973639, 'A_repulsion': 0.4876449506597873, 'gamma': 0.6998027054805378, 'sigma_update': 0.1625511684253236, 'eta_learning': 0.40157126370691637, 'sigma_boundary': 9.451960417709792, 'alpha': 0.42668974728228815}. Best is trial 2 with value: 0.11194380224594991.
[I 2026-03-04 14:01:09,867] Trial 26 finished with value: 0.1789689961366387 and parameters: {'sigma_noise': 0.24775810941484228, 'A_repulsion': 0.32097713817663703, 'gamma': 0.9859547564792761, 'sigma_update': 0.06506764126674956, 'eta_learning': 2.72832243685866, 'sigma_boundary': 0.6893557211773975, 'alpha': 0.8994614363488705}. Best is trial 2 with value: 0.11194380224594991.
[I 2026-03-04 14:01:16,610] Trial 20 finished with value: 0.6490082543846168 and parameters: {'sigma_noise': 0.32597921784533657, 'A_repulsion': 0.27566902564974854, 'gamma': 0.34624434278344124, 'sigma_update': 0.6965677228532748, 'eta_learning': 2.9338198573408585, 'sigma_boundary': 3.645338736886334, 'alpha': 0.5857265534598535}. Best is trial 2 with value: 0.11194380224594991.
[I 2026-03-04 14:01:20,316] Trial 6 finished with value: 2.0665733524925 and parameters: {'sigma_noise': 0.41549373830745057, 'A_repulsion': 0.17912064669261485, 'gamma': 0.9335410630116264, 'sigma_update': 0.35473045911389983, 'eta_learning': 2.1095707376110395, 'sigma_boundary': 3.195230153188556, 'alpha': 0.10664013238036707}. Best is trial 2 with value: 0.11194380224594991.
[I 2026-03-04 14:01:30,661] Trial 5 finished with value: 0.16921533576471598 and parameters: {'sigma_noise': 0.2177478861702013, 'A_repulsion': 0.4942293338941991, 'gamma': 0.911507937269602, 'sigma_update': 0.46668021219027545, 'eta_learning': 2.6329905991612645, 'sigma_boundary': 8.17137534387934, 'alpha': 0.8673749454018757}. Best is trial 2 with value: 0.11194380224594991.
[I 2026-03-04 14:01:48,920] Trial 13 finished with value: 2.100523903917307 and parameters: {'sigma_noise': 0.27785716870356886, 'A_repulsion': 0.48467323152031666, 'gamma': 0.37217730932542714, 'sigma_update': 0.3547562545303809, 'eta_learning': 2.518931182684821, 'sigma_boundary': 3.3658314903189672, 'alpha': 0.0545238110182118}. Best is trial 2 with value: 0.11194380224594991.
[I 2026-03-04 14:02:08,847] Trial 38 finished with value: 2.119829338446685 and parameters: {'sigma_noise': 0.3128031008158637, 'A_repulsion': 0.4626151378041037, 'gamma': 0.4912100913755195, 'sigma_update': 0.2946428225620691, 'eta_learning': 0.8912542685076208, 'sigma_boundary': 8.588586802194936, 'alpha': 0.12305822646170095}. Best is trial 2 with value: 0.11194380224594991.
[I 2026-03-04 14:02:09,875] Trial 8 finished with value: 2.100523903917307 and parameters: {'sigma_noise': 0.34947035575886115, 'A_repulsion': 0.43603860320585497, 'gamma': 0.3839409757732072, 'sigma_update': 0.38719533580465226, 'eta_learning': 1.097893578117629, 'sigma_boundary': 8.664146077620956, 'alpha': 0.05224795006393845}. Best is trial 2 with value: 0.11194380224594991.
[I 2026-03-04 14:02:10,571] Trial 11 finished with value: 1.9577592315554484 and parameters: {'sigma_noise': 0.4076232788085611, 'A_repulsion': 0.28089215683502666, 'gamma': 0.09827619087596286, 'sigma_update': 0.27115160845329217, 'eta_learning': 2.4024222648034073, 'sigma_boundary': 1.8605265503394788, 'alpha': 0.2196818827794511}. Best is trial 2 with value: 0.11194380224594991.
[I 2026-03-04 14:02:15,608] Trial 16 finished with value: 0.27663275216513583 and parameters: {'sigma_noise': 0.3188579448457035, 'A_repulsion': 0.4560649537706542, 'gamma': 0.4207455285010411, 'sigma_update': 0.6127698437131291, 'eta_learning': 1.887441618406372, 'sigma_boundary': 4.078048465236394, 'alpha': 0.776214446322267}. Best is trial 2 with value: 0.11194380224594991.
[I 2026-03-04 14:02:38,293] Trial 35 finished with value: 0.2886674416167477 and parameters: {'sigma_noise': 0.3431621790367986, 'A_repulsion': 0.49457163868909515, 'gamma': 0.21837877812214784, 'sigma_update': 0.5682104214256783, 'eta_learning': 1.5573160722491544, 'sigma_boundary': 8.693409511443072, 'alpha': 0.8118403469904654}. Best is trial 2 with value: 0.11194380224594991.
[I 2026-03-04 14:02:48,691] Trial 15 finished with value: 1.901398163816545 and parameters: {'sigma_noise': 0.4340209130345417, 'A_repulsion': 0.46038870429010637, 'gamma': 0.9859519593455469, 'sigma_update': 0.6440618071528823, 'eta_learning': 0.20272886154459702, 'sigma_boundary': 4.363489700282822, 'alpha': 0.08820037958074944}. Best is trial 2 with value: 0.11194380224594991.
[I 2026-03-04 14:07:38,128] Trial 40 finished with value: 0.14262415796661848 and parameters: {'sigma_noise': 0.20149744165620315, 'A_repulsion': 0.09840775761741649, 'gamma': 0.5850864960951551, 'sigma_update': 0.3744321974558434, 'eta_learning': 0.46140980798745546, 'sigma_boundary': 2.2114483050958627, 'alpha': 0.5514292402874694}. Best is trial 2 with value: 0.11194380224594991.
[I 2026-03-04 14:09:03,453] Trial 42 finished with value: 0.136728053938698 and parameters: {'sigma_noise': 0.16452164045088075, 'A_repulsion': 0.18028506425890384, 'gamma': 0.6308457153379534, 'sigma_update': 0.33317370874734686, 'eta_learning': 1.54378955394442, 'sigma_boundary': 7.148314389046959, 'alpha': 0.5660050808474288}. Best is trial 2 with value: 0.11194380224594991.
[I 2026-03-04 14:09:33,594] Trial 47 finished with value: 0.13941973431797863 and parameters: {'sigma_noise': 0.132032810096041, 'A_repulsion': 0.24001394265989975, 'gamma': 0.6032973471019842, 'sigma_update': 0.3179615474160203, 'eta_learning': 1.1365030128626825, 'sigma_boundary': 7.457136215386456, 'alpha': 0.9473008589104748}. Best is trial 2 with value: 0.11194380224594991.
[I 2026-03-04 14:10:09,329] Trial 41 finished with value: 0.2783165953112835 and parameters: {'sigma_noise': 0.2627714753420977, 'A_repulsion': 0.2350084949061321, 'gamma': 0.7429422019286164, 'sigma_update': 0.3323406808551702, 'eta_learning': 1.9321435526439645, 'sigma_boundary': 3.379008193217843, 'alpha': 0.42879988942724934}. Best is trial 2 with value: 0.11194380224594991.
[I 2026-03-04 14:10:11,929] Trial 49 finished with value: 0.21117658821726734 and parameters: {'sigma_noise': 0.2072475376418063, 'A_repulsion': 0.14250992785505454, 'gamma': 0.20409759228748817, 'sigma_update': 0.45802491742235996, 'eta_learning': 1.2192296556414957, 'sigma_boundary': 3.9632892034978036, 'alpha': 0.6797443092400619}. Best is trial 2 with value: 0.11194380224594991.
[I 2026-03-04 14:10:21,643] Trial 56 finished with value: 0.49485561534231526 and parameters: {'sigma_noise': 0.12406802571933043, 'A_repulsion': 0.11694883051926797, 'gamma': 0.4165336685547748, 'sigma_update': 0.39167800004986725, 'eta_learning': 1.5918180353120353, 'sigma_boundary': 6.640873030023293, 'alpha': 0.24650045618892358}. Best is trial 2 with value: 0.11194380224594991.
[I 2026-03-04 14:10:47,453] Trial 45 finished with value: 0.15014816468769637 and parameters: {'sigma_noise': 0.2020229302164785, 'A_repulsion': 0.29103226402545757, 'gamma': 0.28920710936807864, 'sigma_update': 0.3037519561198902, 'eta_learning': 1.5938545200230063, 'sigma_boundary': 3.651256718717676, 'alpha': 0.7818682004884204}. Best is trial 2 with value: 0.11194380224594991.
[I 2026-03-04 14:11:18,697] Trial 43 finished with value: 0.30799078132787333 and parameters: {'sigma_noise': 0.286863936900862, 'A_repulsion': 0.21645546176007666, 'gamma': 0.6749254958067095, 'sigma_update': 0.3866088488439558, 'eta_learning': 1.6216765759502278, 'sigma_boundary': 4.284470095240938, 'alpha': 0.45979743143816765}. Best is trial 2 with value: 0.11194380224594991.
[I 2026-03-04 14:11:42,967] Trial 46 finished with value: 1.2149120772936777 and parameters: {'sigma_noise': 0.256982727849404, 'A_repulsion': 0.25473245931375743, 'gamma': 0.4021699935953061, 'sigma_update': 0.16261764802401626, 'eta_learning': 1.207269188809759, 'sigma_boundary': 6.4830878810210715, 'alpha': 0.26382248812022757}. Best is trial 2 with value: 0.11194380224594991.
[I 2026-03-04 14:11:48,290] Trial 48 finished with value: 0.17026169609467368 and parameters: {'sigma_noise': 0.28276905468531655, 'A_repulsion': 0.19509580823459782, 'gamma': 0.3377702815757019, 'sigma_update': 0.29192764195165416, 'eta_learning': 1.345800977468361, 'sigma_boundary': 1.2373766557704293, 'alpha': 0.514379543993611}. Best is trial 2 with value: 0.11194380224594991.
[I 2026-03-04 14:11:55,861] Trial 44 finished with value: 0.4416734443930959 and parameters: {'sigma_noise': 0.31345462400698104, 'A_repulsion': 0.28741347508675363, 'gamma': 0.716351000592337, 'sigma_update': 0.19801379427634994, 'eta_learning': 0.7395669100556739, 'sigma_boundary': 5.108781483908299, 'alpha': 0.4019299977060712}. Best is trial 2 with value: 0.11194380224594991.
[I 2026-03-04 14:12:15,504] Trial 52 finished with value: 0.1822754519687238 and parameters: {'sigma_noise': 0.22846006639319577, 'A_repulsion': 0.25162051296033755, 'gamma': 0.5227183328635073, 'sigma_update': 0.293411149360532, 'eta_learning': 1.8141131645915403, 'sigma_boundary': 5.466129770565574, 'alpha': 0.4618091306482019}. Best is trial 2 with value: 0.11194380224594991.
[I 2026-03-04 14:12:43,170] Trial 53 finished with value: 0.14589389952580661 and parameters: {'sigma_noise': 0.23159656329584605, 'A_repulsion': 0.2551729362584851, 'gamma': 0.8301044811895184, 'sigma_update': 0.33300593218644936, 'eta_learning': 1.5378287421657786, 'sigma_boundary': 7.0926453312341735, 'alpha': 0.5082820604326669}. Best is trial 2 with value: 0.11194380224594991.
[I 2026-03-04 14:12:44,607] Trial 50 finished with value: 0.1703286049356642 and parameters: {'sigma_noise': 0.2770443992060871, 'A_repulsion': 0.3107603138440542, 'gamma': 0.5421022329873172, 'sigma_update': 0.2974006381348615, 'eta_learning': 2.49667997893195, 'sigma_boundary': 3.9803757574867076, 'alpha': 0.5091159973337444}. Best is trial 2 with value: 0.11194380224594991.
[I 2026-03-04 14:12:45,443] Trial 60 finished with value: 0.9942916946715215 and parameters: {'sigma_noise': 0.2992129890715293, 'A_repulsion': 0.04511733620639047, 'gamma': 0.6221554590810142, 'sigma_update': 0.3494556626143255, 'eta_learning': 1.4659364457018949, 'sigma_boundary': 4.343509252527579, 'alpha': 0.24182105696503797}. Best is trial 2 with value: 0.11194380224594991.
[I 2026-03-04 14:12:55,831] Trial 51 finished with value: 0.36934591789670174 and parameters: {'sigma_noise': 0.3298816329514028, 'A_repulsion': 0.20798631759277153, 'gamma': 0.37980161290105086, 'sigma_update': 0.3953961048427571, 'eta_learning': 1.5121167496136596, 'sigma_boundary': 4.344903773833754, 'alpha': 0.4507907016612735}. Best is trial 2 with value: 0.11194380224594991.
