[I 2026-03-04 15:51:20,029] Trial 196 finished with value: 0.17475775238840818 and parameters: {'sigma_noise': 0.20380205279023694, 'A_repulsion': 0.23430081148531892, 'gamma': 0.5400328735922778, 'sigma_update': 0.3057551290666124, 'eta_learning': 0.7799394229493262, 'sigma_boundary': 3.099556878683237, 'alpha': 0.5341651389658627}. Best is trial 2 with value: 0.11436685427297785.
[I 2026-03-04 15:51:21,469] Trial 192 finished with value: 0.13258327702459058 and parameters: {'sigma_noise': 0.25579358433533755, 'A_repulsion': 0.21118678738151322, 'gamma': 0.6750330235675996, 'sigma_update': 0.2173480690814676, 'eta_learning': 0.932118337699793, 'sigma_boundary': 5.654382240488117, 'alpha': 0.6935773177613586}. Best is trial 2 with value: 0.11436685427297785.
[I 2026-03-04 15:51:22,511] Trial 199 finished with value: 0.12707247392225532 and parameters: {'sigma_noise': 0.15228385472730388, 'A_repulsion': 0.20814752340443093, 'gamma': 0.6246613481164148, 'sigma_update': 0.21332715110575304, 'eta_learning': 1.0149963490484197, 'sigma_boundary': 0.02643615577107971, 'alpha': 0.5592085918860344}. Best is trial 2 with value: 0.11436685427297785.
[I 2026-03-04 15:51:23,888] Trial 198 finished with value: 0.1502609487414176 and parameters: {'sigma_noise': 0.2269223373710082, 'A_repulsion': 0.23148143514932937, 'gamma': 0.51980985344836, 'sigma_update': 0.33460839319699626, 'eta_learning': 1.8858099063833078, 'sigma_boundary': 3.7876163578508866, 'alpha': 0.711784713031803}. Best is trial 2 with value: 0.11436685427297785.
