[I 2026-03-04 14:23:59,639] Trial 113 finished with value: 0.09395100149592281 and parameters: {'sigma_noise': 0.20998834710973663, 'A_repulsion': 0.19748239904414888, 'gamma': 0.38378943824877754, 'sigma_update': 0.2648658960969144, 'eta_learning': 2.705846534928448, 'sigma_boundary': 4.018548175934569, 'alpha': 0.770378709382809}. Best is trial 42 with value: 0.08987863759392348.
[I 2026-03-04 14:24:27,212] Trial 112 finished with value: 0.09160485102812635 and parameters: {'sigma_noise': 0.16024721817185275, 'A_repulsion': 0.3462272120667388, 'gamma': 0.69342942217552, 'sigma_update': 0.37831370091421845, 'eta_learning': 1.73032569940749, 'sigma_boundary': 3.1715481386804534, 'alpha': 0.6571848448972649}. Best is trial 42 with value: 0.08987863759392348.
[I 2026-03-04 14:24:45,827] Trial 118 finished with value: 0.14781996360558722 and parameters: {'sigma_noise': 0.17746255023120272, 'A_repulsion': 0.2656481894574716, 'gamma': 0.4702239693633653, 'sigma_update': 0.36901492153153487, 'eta_learning': 1.3915892658661906, 'sigma_boundary': 1.795126726641203, 'alpha': 0.4950321157588874}. Best is trial 42 with value: 0.08987863759392348.
[I 2026-03-04 14:24:50,606] Trial 114 finished with value: 0.09707940298722524 and parameters: {'sigma_noise': 0.19663954542987222, 'A_repulsion': 0.2984119606877835, 'gamma': 0.691239354549223, 'sigma_update': 0.39397904301850767, 'eta_learning': 1.9639661056475464, 'sigma_boundary': 3.856043179755867, 'alpha': 0.6618194688358654}. Best is trial 42 with value: 0.08987863759392348.
[I 2026-03-04 14:25:11,986] Trial 119 finished with value: 0.11065284219005436 and parameters: {'sigma_noise': 0.22984958135458694, 'A_repulsion': 0.1771911347513076, 'gamma': 0.7804908814005782, 'sigma_update': 0.2762120590903145, 'eta_learning': 1.727138084828607, 'sigma_boundary': 3.762363781571436, 'alpha': 0.5345177991338397}. Best is trial 42 with value: 0.08987863759392348.
[I 2026-03-04 14:25:46,723] Trial 115 finished with value: 0.10421765586893232 and parameters: {'sigma_noise': 0.20578666593081896, 'A_repulsion': 0.35795586161107384, 'gamma': 0.538697023016487, 'sigma_update': 0.3930980058352101, 'eta_learning': 1.9937191821028624, 'sigma_boundary': 3.030329977977616, 'alpha': 0.7074995554385269}. Best is trial 42 with value: 0.08987863759392348.
[I 2026-03-04 14:25:46,952] Trial 111 finished with value: 0.1467703303448018 and parameters: {'sigma_noise': 0.24762339904935188, 'A_repulsion': 0.3347391636166345, 'gamma': 0.6114541069618462, 'sigma_update': 0.11337613583914814, 'eta_learning': 2.469131067337078, 'sigma_boundary': 3.5592227990432628, 'alpha': 0.7069306256117915}. Best is trial 42 with value: 0.08987863759392348.
[I 2026-03-04 14:29:35,055] Trial 124 finished with value: 0.11936131590190283 and parameters: {'sigma_noise': 0.14301357232516287, 'A_repulsion': 0.09797529121801662, 'gamma': 0.6260358202677466, 'sigma_update': 0.14334465719171408, 'eta_learning': 2.578491624962615, 'sigma_boundary': 3.6694402074965544, 'alpha': 0.8661982800041695}. Best is trial 42 with value: 0.08987863759392348.
[I 2026-03-04 14:30:48,670] Trial 134 finished with value: 0.10074039732889534 and parameters: {'sigma_noise': 0.1261922505722335, 'A_repulsion': 0.04930089107289576, 'gamma': 0.5647439165973218, 'sigma_update': 0.17397093851644754, 'eta_learning': 2.465098871382896, 'sigma_boundary': 6.019998360333756, 'alpha': 0.5023535362420442}. Best is trial 42 with value: 0.08987863759392348.
[I 2026-03-04 14:30:49,250] Trial 131 finished with value: 0.13454717295169533 and parameters: {'sigma_noise': 0.07571404303795432, 'A_repulsion': 0.1997037614440702, 'gamma': 0.6526452643704032, 'sigma_update': 0.26178606529929155, 'eta_learning': 2.632859502579646, 'sigma_boundary': 3.2017826827847955, 'alpha': 0.8305394417880941}. Best is trial 42 with value: 0.08987863759392348.
[I 2026-03-04 14:30:53,729] Trial 122 finished with value: 0.17851601620767368 and parameters: {'sigma_noise': 0.0912115548348673, 'A_repulsion': 0.3525021550081387, 'gamma': 0.4024305816217288, 'sigma_update': 0.32789132204736005, 'eta_learning': 1.704032774051854, 'sigma_boundary': 1.7712981697198127, 'alpha': 0.3789007108120565}. Best is trial 42 with value: 0.08987863759392348.
[I 2026-03-04 14:31:15,569] Trial 136 finished with value: 0.15054902080895755 and parameters: {'sigma_noise': 0.06194863634044401, 'A_repulsion': 0.12895376206209316, 'gamma': 0.7327971360856629, 'sigma_update': 0.21655586412021138, 'eta_learning': 1.813703860529186, 'sigma_boundary': 2.6746639423893077, 'alpha': 0.750556494507421}. Best is trial 42 with value: 0.08987863759392348.
[I 2026-03-04 14:31:20,701] Trial 138 finished with value: 0.138606498460623 and parameters: {'sigma_noise': 0.06115444873337346, 'A_repulsion': 0.0829692091096993, 'gamma': 0.35630816760465556, 'sigma_update': 0.333911212140815, 'eta_learning': 1.5582720081944226, 'sigma_boundary': 3.9592186072651483, 'alpha': 0.6201296320651869}. Best is trial 42 with value: 0.08987863759392348.
[I 2026-03-04 14:31:52,798] Trial 133 finished with value: 0.11366877742869369 and parameters: {'sigma_noise': 0.1639404510379804, 'A_repulsion': 0.09432269751590641, 'gamma': 0.887978433628567, 'sigma_update': 0.3501875060990419, 'eta_learning': 2.7579792858850434, 'sigma_boundary': 3.3477969261550133, 'alpha': 0.5349817943843687}. Best is trial 42 with value: 0.08987863759392348.
[I 2026-03-04 14:31:54,876] Trial 121 finished with value: 0.09682833362950824 and parameters: {'sigma_noise': 0.19787513362268105, 'A_repulsion': 0.28065541165404456, 'gamma': 0.6674851723280533, 'sigma_update': 0.23717211402077476, 'eta_learning': 2.305839127175023, 'sigma_boundary': 6.911143716994356, 'alpha': 0.7691154439545321}. Best is trial 42 with value: 0.08987863759392348.
[I 2026-03-04 14:32:02,663] Trial 126 finished with value: 0.09652545970306556 and parameters: {'sigma_noise': 0.170729704397805, 'A_repulsion': 0.20011836562685104, 'gamma': 0.5697532559480636, 'sigma_update': 0.10145251516084033, 'eta_learning': 0.7291829411925584, 'sigma_boundary': 5.56133247533614, 'alpha': 0.4683977660200224}. Best is trial 42 with value: 0.08987863759392348.
[I 2026-03-04 14:32:07,562] Trial 141 finished with value: 0.12311169941560245 and parameters: {'sigma_noise': 0.08421384183575178, 'A_repulsion': 0.07268824284399626, 'gamma': 0.576652449942065, 'sigma_update': 0.09282003417927681, 'eta_learning': 1.9582036207100109, 'sigma_boundary': 4.589838605866054, 'alpha': 0.7132330701118509}. Best is trial 42 with value: 0.08987863759392348.
[I 2026-03-04 14:32:47,092] Trial 129 finished with value: 0.10075494287922852 and parameters: {'sigma_noise': 0.24557429641025952, 'A_repulsion': 0.10256662526926916, 'gamma': 0.5083362927040391, 'sigma_update': 0.16211376113224996, 'eta_learning': 2.044247680543328, 'sigma_boundary': 1.5006739603232875, 'alpha': 0.5035338719131595}. Best is trial 42 with value: 0.08987863759392348.
[I 2026-03-04 14:32:56,324] Trial 125 finished with value: 0.1357697662564909 and parameters: {'sigma_noise': 0.25009815254047685, 'A_repulsion': 0.1795153831912461, 'gamma': 0.6812579566310196, 'sigma_update': 0.3251402165634052, 'eta_learning': 1.5486059252784077, 'sigma_boundary': 4.184286454400951, 'alpha': 0.5403166057028014}. Best is trial 42 with value: 0.08987863759392348.
[I 2026-03-04 14:33:03,323] Trial 123 finished with value: 0.1244442041024354 and parameters: {'sigma_noise': 0.1966115082438744, 'A_repulsion': 0.3119363979363444, 'gamma': 0.43381084942635956, 'sigma_update': 0.30739908015380324, 'eta_learning': 0.6323875674607004, 'sigma_boundary': 2.87355513437804, 'alpha': 0.49033399468390565}. Best is trial 42 with value: 0.08987863759392348.
[I 2026-03-04 14:33:15,791] Trial 139 finished with value: 0.6234388418490787 and parameters: {'sigma_noise': 0.06839120527056596, 'A_repulsion': 0.22659407903033557, 'gamma': 0.4964027514413567, 'sigma_update': 0.01024071807462336, 'eta_learning': 1.9417335951449324, 'sigma_boundary': 1.5597300439784136, 'alpha': 0.7376638954786789}. Best is trial 42 with value: 0.08987863759392348.
[I 2026-03-04 14:33:18,596] Trial 120 finished with value: 0.16900052329865645 and parameters: {'sigma_noise': 0.31825561808980496, 'A_repulsion': 0.19063793369248574, 'gamma': 0.29770308923633154, 'sigma_update': 0.33206609415013655, 'eta_learning': 1.85734931064226, 'sigma_boundary': 1.5024642824096088, 'alpha': 0.8515686778557459}. Best is trial 42 with value: 0.08987863759392348.
[I 2026-03-04 14:33:20,393] Trial 135 finished with value: 0.13119243061531213 and parameters: {'sigma_noise': 0.07278669047312358, 'A_repulsion': 0.31781643197921705, 'gamma': 0.6910821551153952, 'sigma_update': 0.43516508080783095, 'eta_learning': 0.6605227938778682, 'sigma_boundary': 6.054291560963288, 'alpha': 0.42203830046978186}. Best is trial 42 with value: 0.08987863759392348.
[I 2026-03-04 14:33:33,516] Trial 142 finished with value: 0.09498713657369942 and parameters: {'sigma_noise': 0.13269752271665408, 'A_repulsion': 0.10072602264773303, 'gamma': 0.5258527319530956, 'sigma_update': 0.23149462153274863, 'eta_learning': 1.7406418530672825, 'sigma_boundary': 0.8774106204889978, 'alpha': 0.5349817569981783}. Best is trial 42 with value: 0.08987863759392348.
[I 2026-03-04 14:33:43,956] Trial 128 finished with value: 0.09816709440884075 and parameters: {'sigma_noise': 0.2085955210489145, 'A_repulsion': 0.226193099653332, 'gamma': 0.6018371383224143, 'sigma_update': 0.3086508774176656, 'eta_learning': 2.6548901416188686, 'sigma_boundary': 1.9802734592843054, 'alpha': 0.6441917949387832}. Best is trial 42 with value: 0.08987863759392348.
[I 2026-03-04 14:33:49,251] Trial 137 finished with value: 0.10255053154941969 and parameters: {'sigma_noise': 0.19809361526318175, 'A_repulsion': 0.04910497151417645, 'gamma': 0.2192854323524359, 'sigma_update': 0.2300078665790293, 'eta_learning': 1.2242051055797116, 'sigma_boundary': 1.1312786674552675, 'alpha': 0.6826574867010979}. Best is trial 42 with value: 0.08987863759392348.
[I 2026-03-04 14:33:56,666] Trial 127 finished with value: 0.1329338376127893 and parameters: {'sigma_noise': 0.19963483894514372, 'A_repulsion': 0.32547918126905134, 'gamma': 0.6802040531708708, 'sigma_update': 0.3536857451398584, 'eta_learning': 1.7187518050723685, 'sigma_boundary': 4.799792905249843, 'alpha': 0.5102797782109276}. Best is trial 42 with value: 0.08987863759392348.
[I 2026-03-04 14:34:14,083] Trial 130 finished with value: 0.10193936722370633 and parameters: {'sigma_noise': 0.19048144682611967, 'A_repulsion': 0.27165737069686663, 'gamma': 0.5668663462307161, 'sigma_update': 0.2904246912511236, 'eta_learning': 1.1339204994508152, 'sigma_boundary': 2.9894490674900247, 'alpha': 0.6017689328648615}. Best is trial 42 with value: 0.08987863759392348.
[I 2026-03-04 14:34:49,517] Trial 152 finished with value: 0.16819985423520264 and parameters: {'sigma_noise': 0.09413660248380429, 'A_repulsion': 0.03979142716069389, 'gamma': 0.6740595804298842, 'sigma_update': 0.0487471363019773, 'eta_learning': 1.746080964450845, 'sigma_boundary': 2.216730745434464, 'alpha': 0.8046533332558332}. Best is trial 42 with value: 0.08987863759392348.
[I 2026-03-04 14:35:05,517] Trial 147 finished with value: 0.11299023475195927 and parameters: {'sigma_noise': 0.1153216137867974, 'A_repulsion': 0.13618649336192393, 'gamma': 0.6309105762801779, 'sigma_update': 0.15486612118326964, 'eta_learning': 2.2934449995322, 'sigma_boundary': 3.4821277590823243, 'alpha': 0.6360146029051614}. Best is trial 42 with value: 0.08987863759392348.
[I 2026-03-04 14:35:51,890] Trial 146 finished with value: 0.13020191911131979 and parameters: {'sigma_noise': 0.22619378885582248, 'A_repulsion': 0.021466748965754567, 'gamma': 0.595804676333763, 'sigma_update': 0.11731566858557409, 'eta_learning': 1.0634493536510987, 'sigma_boundary': 3.578420535912139, 'alpha': 0.825423094940595}. Best is trial 42 with value: 0.08987863759392348.
[I 2026-03-04 14:35:52,555] Trial 145 finished with value: 0.14219701265052037 and parameters: {'sigma_noise': 0.16807305845647605, 'A_repulsion': 0.10410463027000201, 'gamma': 0.4572149621303497, 'sigma_update': 0.18549990850245354, 'eta_learning': 2.1395004775587387, 'sigma_boundary': 2.692157967353565, 'alpha': 0.37714115242580354}. Best is trial 42 with value: 0.08987863759392348.
[I 2026-03-04 14:36:02,048] Trial 132 finished with value: 0.16930827919905178 and parameters: {'sigma_noise': 0.3020615419778402, 'A_repulsion': 0.2624021051155529, 'gamma': 0.5844680303214941, 'sigma_update': 0.38096386473560856, 'eta_learning': 1.4075376575459708, 'sigma_boundary': 4.336611359931359, 'alpha': 0.6241441450427733}. Best is trial 42 with value: 0.08987863759392348.
[I 2026-03-04 14:36:11,868] Trial 143 finished with value: 0.09910762484976449 and parameters: {'sigma_noise': 0.1506132423254051, 'A_repulsion': 0.22613824348956413, 'gamma': 0.7415157088255245, 'sigma_update': 0.1654079433402444, 'eta_learning': 1.6574195482561818, 'sigma_boundary': 1.4774966505373868, 'alpha': 0.5949999914916385}. Best is trial 42 with value: 0.08987863759392348.
[I 2026-03-04 14:36:30,131] Trial 153 finished with value: 0.0986416292836738 and parameters: {'sigma_noise': 0.12769128004047814, 'A_repulsion': 0.11825049365881268, 'gamma': 0.6338327045142725, 'sigma_update': 0.23768247914758933, 'eta_learning': 1.5334378540505789, 'sigma_boundary': 3.149916966480222, 'alpha': 0.5593369760642557}. Best is trial 42 with value: 0.08987863759392348.
[I 2026-03-04 14:36:33,762] Trial 140 finished with value: 0.10031155286441151 and parameters: {'sigma_noise': 0.2419235708901784, 'A_repulsion': 0.2040948053440911, 'gamma': 0.7620972053247274, 'sigma_update': 0.17252019490524906, 'eta_learning': 2.2336534107848056, 'sigma_boundary': 1.7158753779322855, 'alpha': 0.716268452141797}. Best is trial 42 with value: 0.08987863759392348.
[I 2026-03-04 14:37:45,691] Trial 148 finished with value: 0.1719007312716279 and parameters: {'sigma_noise': 0.13639006128002049, 'A_repulsion': 0.258599329868754, 'gamma': 0.37367169523203964, 'sigma_update': 0.11279242934117767, 'eta_learning': 2.2235732507329633, 'sigma_boundary': 1.288936585023322, 'alpha': 0.704145937979981}. Best is trial 42 with value: 0.08987863759392348.
[I 2026-03-04 14:37:50,914] Trial 157 finished with value: 0.15034865362782968 and parameters: {'sigma_noise': 0.11005679190199652, 'A_repulsion': 0.13665579410446646, 'gamma': 0.6116301416068526, 'sigma_update': 0.04557550170707496, 'eta_learning': 1.7679280448903587, 'sigma_boundary': 5.13317908721534, 'alpha': 0.6092502249403612}. Best is trial 42 with value: 0.08987863759392348.
[I 2026-03-04 14:37:57,965] Trial 144 finished with value: 0.24102384229195628 and parameters: {'sigma_noise': 0.1993546045674694, 'A_repulsion': 0.19011198833318854, 'gamma': 0.548489868841842, 'sigma_update': 0.05901689045833415, 'eta_learning': 1.8147723932937285, 'sigma_boundary': 0.3595086617137085, 'alpha': 0.9555190879789626}. Best is trial 42 with value: 0.08987863759392348.
[I 2026-03-04 14:38:05,878] Trial 151 finished with value: 0.16786404455719184 and parameters: {'sigma_noise': 0.18786356383614256, 'A_repulsion': 0.1444944027532406, 'gamma': 0.9121354315436219, 'sigma_update': 0.07873388795936398, 'eta_learning': 2.1266009410013305, 'sigma_boundary': 2.437103251315524, 'alpha': 0.4522020354329255}. Best is trial 42 with value: 0.08987863759392348.
[I 2026-03-04 14:38:28,139] Trial 154 finished with value: 0.09495015062699955 and parameters: {'sigma_noise': 0.17800377401171918, 'A_repulsion': 0.15498707970000525, 'gamma': 0.6567737718738046, 'sigma_update': 0.20490788440715113, 'eta_learning': 1.271676424346872, 'sigma_boundary': 3.1054484136002998, 'alpha': 0.7810822276013545}. Best is trial 42 with value: 0.08987863759392348.
[I 2026-03-04 14:38:36,908] Trial 149 finished with value: 0.09715128453617547 and parameters: {'sigma_noise': 0.19031481930156124, 'A_repulsion': 0.22656892234870746, 'gamma': 0.5035262556613956, 'sigma_update': 0.2525443049131295, 'eta_learning': 2.5099084040696322, 'sigma_boundary': 4.114080126355994, 'alpha': 0.7817882293036483}. Best is trial 42 with value: 0.08987863759392348.
[I 2026-03-04 14:39:00,809] Trial 158 finished with value: 0.0984431002837658 and parameters: {'sigma_noise': 0.13108195844613504, 'A_repulsion': 0.14865083929524253, 'gamma': 0.4583161259704919, 'sigma_update': 0.12579197644987178, 'eta_learning': 1.2267780140671014, 'sigma_boundary': 3.904407522253371, 'alpha': 0.5077854074245027}. Best is trial 42 with value: 0.08987863759392348.
[I 2026-03-04 14:39:45,017] Trial 150 finished with value: 0.31476536287448736 and parameters: {'sigma_noise': 0.2317840180935895, 'A_repulsion': 0.21522646216698602, 'gamma': 0.6481354984464083, 'sigma_update': 0.04554050381041753, 'eta_learning': 1.8648649223866354, 'sigma_boundary': 2.6646449468678153, 'alpha': 0.8112324817033941}. Best is trial 42 with value: 0.08987863759392348.
[I 2026-03-04 14:40:58,603] Trial 159 finished with value: 0.19278511275268334 and parameters: {'sigma_noise': 0.24202343472440208, 'A_repulsion': 0.1557553114048959, 'gamma': 0.718171561700281, 'sigma_update': 0.38441782694298, 'eta_learning': 1.4959340711576665, 'sigma_boundary': 3.181304747794569, 'alpha': 0.4643303386038041}. Best is trial 42 with value: 0.08987863759392348.
[I 2026-03-04 14:41:08,418] Trial 156 finished with value: 0.6584309807864853 and parameters: {'sigma_noise': 0.20059049035357557, 'A_repulsion': 0.308183896574241, 'gamma': 0.5023454327647255, 'sigma_update': 0.12328976733062338, 'eta_learning': 1.5306170337217502, 'sigma_boundary': 3.5335980521891037, 'alpha': 0.3116015339309023}. Best is trial 42 with value: 0.08987863759392348.
[I 2026-03-04 14:41:11,862] Trial 155 finished with value: 0.09557756490751751 and parameters: {'sigma_noise': 0.21853796633367945, 'A_repulsion': 0.2944420290658343, 'gamma': 0.6340949297260706, 'sigma_update': 0.25195230590665885, 'eta_learning': 1.476023080572438, 'sigma_boundary': 1.7932309102896486, 'alpha': 0.5428204438571806}. Best is trial 42 with value: 0.08987863759392348.
[I 2026-03-04 14:41:39,554] Trial 163 finished with value: 0.1278521877817757 and parameters: {'sigma_noise': 0.061216457186064, 'A_repulsion': 0.03528701291532818, 'gamma': 0.8463730981874564, 'sigma_update': 0.24025851684652033, 'eta_learning': 2.059549101971034, 'sigma_boundary': 5.606451357071695, 'alpha': 0.47636675073572915}. Best is trial 42 with value: 0.08987863759392348.
[I 2026-03-04 14:44:01,911] Trial 164 finished with value: 0.10093639064587227 and parameters: {'sigma_noise': 0.15764982299603006, 'A_repulsion': 0.09826119147911502, 'gamma': 0.6628599598792556, 'sigma_update': 0.21752106834974022, 'eta_learning': 1.7511557724158324, 'sigma_boundary': 1.9699106305079277, 'alpha': 0.698085380624162}. Best is trial 42 with value: 0.08987863759392348.
[I 2026-03-04 14:44:21,547] Trial 166 finished with value: 0.0972120818379669 and parameters: {'sigma_noise': 0.13776393044344898, 'A_repulsion': 0.11491281253460697, 'gamma': 0.6380175487978722, 'sigma_update': 0.36044855765641926, 'eta_learning': 2.3569334367223282, 'sigma_boundary': 2.7247652116238803, 'alpha': 0.7458947119116328}. Best is trial 42 with value: 0.08987863759392348.
[I 2026-03-04 14:44:25,192] Trial 160 finished with value: 0.11437280825244106 and parameters: {'sigma_noise': 0.1917165289836843, 'A_repulsion': 0.1799023007120204, 'gamma': 0.5650361099053505, 'sigma_update': 0.12296783227770876, 'eta_learning': 1.4880202610763198, 'sigma_boundary': 0.9861722465164316, 'alpha': 0.6531565035646755}. Best is trial 42 with value: 0.08987863759392348.
[I 2026-03-04 14:45:11,966] Trial 161 finished with value: 0.10880035911209056 and parameters: {'sigma_noise': 0.19529455475618923, 'A_repulsion': 0.15026901201148418, 'gamma': 0.7257831172420193, 'sigma_update': 0.39287827234756245, 'eta_learning': 2.073286624033637, 'sigma_boundary': 5.585153419375235, 'alpha': 0.6230078106838217}. Best is trial 42 with value: 0.08987863759392348.
[I 2026-03-04 14:45:16,021] Trial 172 finished with value: 0.1622199690311189 and parameters: {'sigma_noise': 0.07429846535037779, 'A_repulsion': 0.269689870329406, 'gamma': 0.7017152329111551, 'sigma_update': 0.15265301700105283, 'eta_learning': 2.217037722542235, 'sigma_boundary': 0.6373793251942503, 'alpha': 0.7133027758305748}. Best is trial 42 with value: 0.08987863759392348.
[I 2026-03-04 14:45:18,643] Trial 179 finished with value: 0.1511133780749025 and parameters: {'sigma_noise': 0.07198997556556926, 'A_repulsion': 0.13427583891339986, 'gamma': 0.7738077400925902, 'sigma_update': 0.36894640859827693, 'eta_learning': 1.9851395867480708, 'sigma_boundary': 3.17334216598034, 'alpha': 0.9572317198478982}. Best is trial 42 with value: 0.08987863759392348.
[I 2026-03-04 14:45:55,904] Trial 175 finished with value: 0.09672641484089864 and parameters: {'sigma_noise': 0.1438468497799515, 'A_repulsion': 0.0930952890997661, 'gamma': 0.6669967311446741, 'sigma_update': 0.14089270823859879, 'eta_learning': 1.5670326799741903, 'sigma_boundary': 0.7147639298842637, 'alpha': 0.6038186389407638}. Best is trial 42 with value: 0.08987863759392348.
[I 2026-03-04 14:46:10,367] Trial 180 finished with value: 0.1732807670563632 and parameters: {'sigma_noise': 0.05283953998024014, 'A_repulsion': 0.25374699581595883, 'gamma': 0.5380448566172155, 'sigma_update': 0.199975134507741, 'eta_learning': 2.0971338739830365, 'sigma_boundary': 3.22628533160003, 'alpha': 0.8793972980269917}. Best is trial 42 with value: 0.08987863759392348.
[I 2026-03-04 14:46:15,528] Trial 165 finished with value: 0.1141262295334613 and parameters: {'sigma_noise': 0.19315295531411897, 'A_repulsion': 0.17566489383288147, 'gamma': 0.8741737075782428, 'sigma_update': 0.1748070876341199, 'eta_learning': 1.6060572260546926, 'sigma_boundary': 2.176519102063213, 'alpha': 0.7998347879822721}. Best is trial 42 with value: 0.08987863759392348.
