[I 2026-03-04 15:11:14,183] Trial 4 finished with value: 0.31423582537229955 and parameters: {'sigma_noise': 0.2644483939056716, 'A_repulsion': 0.343827344942446, 'gamma': 0.5164541397689247, 'sigma_update': 0.1770321985118458, 'eta_learning': 0.5836083188449936, 'sigma_boundary': 6.108884558488274, 'alpha': 0.3763144347192203}. Best is trial 8 with value: 0.0813573077299479.
[I 2026-03-04 15:11:30,347] Trial 25 finished with value: 0.358649351938645 and parameters: {'sigma_noise': 0.41969954441057966, 'A_repulsion': 0.08095372749661262, 'gamma': 0.7906931124686275, 'sigma_update': 0.6831666330238212, 'eta_learning': 0.34888864586666934, 'sigma_boundary': 4.977821497938588, 'alpha': 0.4848222563680755}. Best is trial 8 with value: 0.0813573077299479.
[I 2026-03-04 15:11:32,916] Trial 16 finished with value: 0.38000356370091076 and parameters: {'sigma_noise': 0.3235959971582874, 'A_repulsion': 0.27062486737088404, 'gamma': 0.07525831533812728, 'sigma_update': 0.19737159753225816, 'eta_learning': 1.4762193824659529, 'sigma_boundary': 7.765886602092085, 'alpha': 0.3756859079380337}. Best is trial 8 with value: 0.0813573077299479.
[I 2026-03-04 15:11:40,584] Trial 6 finished with value: 0.1314403325116764 and parameters: {'sigma_noise': 0.34719568402264317, 'A_repulsion': 0.2447409531384061, 'gamma': 0.7674024392766516, 'sigma_update': 0.5892331831161038, 'eta_learning': 2.1791249700546835, 'sigma_boundary': 2.121057445034938, 'alpha': 0.9578767383886443}. Best is trial 8 with value: 0.0813573077299479.
[I 2026-03-04 15:11:44,114] Trial 21 finished with value: 0.1708625827656225 and parameters: {'sigma_noise': 0.3056289328846977, 'A_repulsion': 0.2945684805108923, 'gamma': 0.6036518014321512, 'sigma_update': 0.10616181345980631, 'eta_learning': 1.5760170491692818, 'sigma_boundary': 0.5923456211669859, 'alpha': 0.6436426976022496}. Best is trial 8 with value: 0.0813573077299479.
[I 2026-03-04 15:11:55,093] Trial 38 finished with value: 0.7097783731571033 and parameters: {'sigma_noise': 0.39979854622038496, 'A_repulsion': 0.21744256963712622, 'gamma': 0.4917250731017098, 'sigma_update': 0.3613844732737478, 'eta_learning': 2.372654395368708, 'sigma_boundary': 3.542780099402727, 'alpha': 0.3945952234319874}. Best is trial 8 with value: 0.0813573077299479.
[I 2026-03-04 15:11:57,320] Trial 1 finished with value: 1.1319369227103278 and parameters: {'sigma_noise': 0.32101212726043904, 'A_repulsion': 0.32051770637795884, 'gamma': 0.9094510249207848, 'sigma_update': 0.6776255456233957, 'eta_learning': 1.5611125838528137, 'sigma_boundary': 8.604360238763643, 'alpha': 0.3426499269087394}. Best is trial 8 with value: 0.0813573077299479.
[I 2026-03-04 15:12:00,633] Trial 17 finished with value: 1.7720189438054539 and parameters: {'sigma_noise': 0.39406042410110975, 'A_repulsion': 0.2026792025859122, 'gamma': 0.030506812065454095, 'sigma_update': 0.020234711534087617, 'eta_learning': 1.3382014406414522, 'sigma_boundary': 2.470326325189908, 'alpha': 0.14770868705094564}. Best is trial 8 with value: 0.0813573077299479.
[I 2026-03-04 15:12:01,273] Trial 9 finished with value: 0.3051985897733772 and parameters: {'sigma_noise': 0.2613943697850623, 'A_repulsion': 0.4663659975221496, 'gamma': 0.23776275538298447, 'sigma_update': 0.6326773839464899, 'eta_learning': 0.36693628968388786, 'sigma_boundary': 4.4025681372640815, 'alpha': 0.6708105040940541}. Best is trial 8 with value: 0.0813573077299479.
[I 2026-03-04 15:12:02,073] Trial 35 finished with value: 0.33146360368502226 and parameters: {'sigma_noise': 0.3300825604970731, 'A_repulsion': 0.3226921562630366, 'gamma': 0.49270342814944085, 'sigma_update': 0.6702275737835399, 'eta_learning': 1.2954352251774772, 'sigma_boundary': 7.503020823277055, 'alpha': 0.7325815820782997}. Best is trial 8 with value: 0.0813573077299479.
[I 2026-03-04 15:12:11,160] Trial 15 finished with value: 0.28706765577687465 and parameters: {'sigma_noise': 0.33416722695675044, 'A_repulsion': 0.34481728324742034, 'gamma': 0.711553716677101, 'sigma_update': 0.21473733029122052, 'eta_learning': 0.7029512180708877, 'sigma_boundary': 2.5442283678849638, 'alpha': 0.4424937487685805}. Best is trial 8 with value: 0.0813573077299479.
[I 2026-03-04 15:12:36,022] Trial 7 finished with value: 0.31016526981578196 and parameters: {'sigma_noise': 0.4234717422993746, 'A_repulsion': 0.26482405029353767, 'gamma': 0.10301594398704453, 'sigma_update': 0.17182955068534575, 'eta_learning': 2.6371310976205846, 'sigma_boundary': 4.995888913080345, 'alpha': 0.9687294284066446}. Best is trial 8 with value: 0.0813573077299479.
[I 2026-03-04 15:12:45,259] Trial 32 finished with value: 0.5442517874082682 and parameters: {'sigma_noise': 0.44344477983567504, 'A_repulsion': 0.3140450748188283, 'gamma': 0.5615086400389213, 'sigma_update': 0.6877411259373754, 'eta_learning': 0.4377354882231286, 'sigma_boundary': 2.673012206222096, 'alpha': 0.6550314268539474}. Best is trial 8 with value: 0.0813573077299479.
[I 2026-03-04 15:13:10,583] Trial 18 finished with value: 0.35698190040241373 and parameters: {'sigma_noise': 0.4284240788178952, 'A_repulsion': 0.423343970455198, 'gamma': 0.014754132306728542, 'sigma_update': 0.09424306847721155, 'eta_learning': 1.502616969239391, 'sigma_boundary': 2.285557849516933, 'alpha': 0.4207299652773029}. Best is trial 8 with value: 0.0813573077299479.
[I 2026-03-04 15:18:10,611] Trial 40 finished with value: 0.10549006421835999 and parameters: {'sigma_noise': 0.20149744165620315, 'A_repulsion': 0.09840775761741649, 'gamma': 0.5850864960951551, 'sigma_update': 0.3744321974558434, 'eta_learning': 0.46140980798745546, 'sigma_boundary': 2.2114483050958627, 'alpha': 0.5514292402874694}. Best is trial 8 with value: 0.0813573077299479.
[I 2026-03-04 15:19:34,949] Trial 42 finished with value: 0.10332662897508448 and parameters: {'sigma_noise': 0.16452164045088075, 'A_repulsion': 0.18028506425890384, 'gamma': 0.6308457153379534, 'sigma_update': 0.33317370874734686, 'eta_learning': 1.54378955394442, 'sigma_boundary': 7.148314389046959, 'alpha': 0.5660050808474288}. Best is trial 8 with value: 0.0813573077299479.
[I 2026-03-04 15:20:01,154] Trial 47 finished with value: 0.1334735678569513 and parameters: {'sigma_noise': 0.132032810096041, 'A_repulsion': 0.24001394265989975, 'gamma': 0.6032973471019842, 'sigma_update': 0.3179615474160203, 'eta_learning': 1.1365030128626825, 'sigma_boundary': 7.457136215386456, 'alpha': 0.9473008589104748}. Best is trial 8 with value: 0.0813573077299479.
[I 2026-03-04 15:20:13,507] Trial 56 finished with value: 0.46688853501032596 and parameters: {'sigma_noise': 0.12406802571933043, 'A_repulsion': 0.11694883051926797, 'gamma': 0.4165336685547748, 'sigma_update': 0.39167800004986725, 'eta_learning': 1.5918180353120353, 'sigma_boundary': 6.640873030023293, 'alpha': 0.24650045618892358}. Best is trial 8 with value: 0.0813573077299479.
[I 2026-03-04 15:20:27,628] Trial 41 finished with value: 0.22856988182571047 and parameters: {'sigma_noise': 0.2627714753420977, 'A_repulsion': 0.2350084949061321, 'gamma': 0.7429422019286164, 'sigma_update': 0.3323406808551702, 'eta_learning': 1.9321435526439645, 'sigma_boundary': 3.379008193217843, 'alpha': 0.42879988942724934}. Best is trial 8 with value: 0.0813573077299479.
[I 2026-03-04 15:20:46,839] Trial 49 finished with value: 0.17479815127229892 and parameters: {'sigma_noise': 0.2072475376418063, 'A_repulsion': 0.14250992785505454, 'gamma': 0.20409759228748817, 'sigma_update': 0.45802491742235996, 'eta_learning': 1.2192296556414957, 'sigma_boundary': 3.9632892034978036, 'alpha': 0.6797443092400619}. Best is trial 8 with value: 0.0813573077299479.
[I 2026-03-04 15:21:22,582] Trial 45 finished with value: 0.13695969051992163 and parameters: {'sigma_noise': 0.2020229302164785, 'A_repulsion': 0.29103226402545757, 'gamma': 0.28920710936807864, 'sigma_update': 0.3037519561198902, 'eta_learning': 1.5938545200230063, 'sigma_boundary': 3.651256718717676, 'alpha': 0.7818682004884204}. Best is trial 8 with value: 0.0813573077299479.
[I 2026-03-04 15:21:52,633] Trial 43 finished with value: 0.2630450530235997 and parameters: {'sigma_noise': 0.286863936900862, 'A_repulsion': 0.21645546176007666, 'gamma': 0.6749254958067095, 'sigma_update': 0.3866088488439558, 'eta_learning': 1.6216765759502278, 'sigma_boundary': 4.284470095240938, 'alpha': 0.45979743143816765}. Best is trial 8 with value: 0.0813573077299479.
[I 2026-03-04 15:21:56,470] Trial 48 finished with value: 0.16457370558216905 and parameters: {'sigma_noise': 0.28276905468531655, 'A_repulsion': 0.19509580823459782, 'gamma': 0.3377702815757019, 'sigma_update': 0.29192764195165416, 'eta_learning': 1.345800977468361, 'sigma_boundary': 1.2373766557704293, 'alpha': 0.514379543993611}. Best is trial 8 with value: 0.0813573077299479.
[I 2026-03-04 15:22:12,025] Trial 46 finished with value: 1.1662973317462952 and parameters: {'sigma_noise': 0.256982727849404, 'A_repulsion': 0.25473245931375743, 'gamma': 0.4021699935953061, 'sigma_update': 0.16261764802401626, 'eta_learning': 1.207269188809759, 'sigma_boundary': 6.4830878810210715, 'alpha': 0.26382248812022757}. Best is trial 8 with value: 0.0813573077299479.
[I 2026-03-04 15:22:32,420] Trial 52 finished with value: 0.1598968443910795 and parameters: {'sigma_noise': 0.22846006639319577, 'A_repulsion': 0.25162051296033755, 'gamma': 0.5227183328635073, 'sigma_update': 0.293411149360532, 'eta_learning': 1.8141131645915403, 'sigma_boundary': 5.466129770565574, 'alpha': 0.4618091306482019}. Best is trial 8 with value: 0.0813573077299479.
[I 2026-03-04 15:22:32,914] Trial 44 finished with value: 0.39426509960722483 and parameters: {'sigma_noise': 0.31345462400698104, 'A_repulsion': 0.28741347508675363, 'gamma': 0.716351000592337, 'sigma_update': 0.19801379427634994, 'eta_learning': 0.7395669100556739, 'sigma_boundary': 5.108781483908299, 'alpha': 0.4019299977060712}. Best is trial 8 with value: 0.0813573077299479.
[I 2026-03-04 15:22:51,359] Trial 53 finished with value: 0.10139450460296774 and parameters: {'sigma_noise': 0.23159656329584605, 'A_repulsion': 0.2551729362584851, 'gamma': 0.8301044811895184, 'sigma_update': 0.33300593218644936, 'eta_learning': 1.5378287421657786, 'sigma_boundary': 7.0926453312341735, 'alpha': 0.5082820604326669}. Best is trial 8 with value: 0.0813573077299479.
[I 2026-03-04 15:23:08,045] Trial 51 finished with value: 0.3915329563461325 and parameters: {'sigma_noise': 0.3298816329514028, 'A_repulsion': 0.20798631759277153, 'gamma': 0.37980161290105086, 'sigma_update': 0.3953961048427571, 'eta_learning': 1.5121167496136596, 'sigma_boundary': 4.344903773833754, 'alpha': 0.4507907016612735}. Best is trial 8 with value: 0.0813573077299479.
[I 2026-03-04 15:23:14,320] Trial 50 finished with value: 0.16223106342441945 and parameters: {'sigma_noise': 0.2770443992060871, 'A_repulsion': 0.3107603138440542, 'gamma': 0.5421022329873172, 'sigma_update': 0.2974006381348615, 'eta_learning': 2.49667997893195, 'sigma_boundary': 3.9803757574867076, 'alpha': 0.5091159973337444}. Best is trial 8 with value: 0.0813573077299479.
[I 2026-03-04 15:23:27,162] Trial 60 finished with value: 0.9532010910837161 and parameters: {'sigma_noise': 0.2992129890715293, 'A_repulsion': 0.04511733620639047, 'gamma': 0.6221554590810142, 'sigma_update': 0.3494556626143255, 'eta_learning': 1.4659364457018949, 'sigma_boundary': 4.343509252527579, 'alpha': 0.24182105696503797}. Best is trial 8 with value: 0.0813573077299479.
[I 2026-03-04 15:23:46,551] Trial 54 finished with value: 0.3838953297475131 and parameters: {'sigma_noise': 0.268988532349557, 'A_repulsion': 0.2452455397434958, 'gamma': 0.5515793061881841, 'sigma_update': 0.3926621798285796, 'eta_learning': 2.042949445726486, 'sigma_boundary': 5.541833928816471, 'alpha': 0.4179960109353582}. Best is trial 8 with value: 0.0813573077299479.
[I 2026-03-04 15:24:09,154] Trial 57 finished with value: 0.32258163526573796 and parameters: {'sigma_noise': 0.3018488855095784, 'A_repulsion': 0.16550654587983543, 'gamma': 0.7290576720037468, 'sigma_update': 0.32856131259145466, 'eta_learning': 1.2715375552404706, 'sigma_boundary': 8.199241673092304, 'alpha': 0.40820578172523203}. Best is trial 8 with value: 0.0813573077299479.
[I 2026-03-04 15:24:18,048] Trial 58 finished with value: 0.12727749173998754 and parameters: {'sigma_noise': 0.25558634677322234, 'A_repulsion': 0.21665159958729174, 'gamma': 0.45699751352657664, 'sigma_update': 0.3009762863117384, 'eta_learning': 2.0636535406523833, 'sigma_boundary': 2.840471780032749, 'alpha': 0.6349339414595583}. Best is trial 8 with value: 0.0813573077299479.
[I 2026-03-04 15:24:34,716] Trial 59 finished with value: 0.24864581733970764 and parameters: {'sigma_noise': 0.23865558547708016, 'A_repulsion': 0.24146299214041966, 'gamma': 0.8254306245379882, 'sigma_update': 0.27964605487785166, 'eta_learning': 1.6760189139556478, 'sigma_boundary': 5.958461330930487, 'alpha': 0.39661625009533513}. Best is trial 8 with value: 0.0813573077299479.
[I 2026-03-04 15:24:40,184] Trial 63 finished with value: 0.21568457292596194 and parameters: {'sigma_noise': 0.21472924131752819, 'A_repulsion': 0.20141361487456283, 'gamma': 0.6195476989003771, 'sigma_update': 0.32566260166919353, 'eta_learning': 1.6248507607473748, 'sigma_boundary': 2.8138568354174898, 'alpha': 0.40287651799963775}. Best is trial 8 with value: 0.0813573077299479.
[I 2026-03-04 15:24:40,727] Trial 61 finished with value: 0.2425517792819834 and parameters: {'sigma_noise': 0.260714063041161, 'A_repulsion': 0.14708964069675395, 'gamma': 0.45667359110954275, 'sigma_update': 0.350436257499159, 'eta_learning': 0.7561879945662232, 'sigma_boundary': 5.200280754880071, 'alpha': 0.42089835032470024}. Best is trial 8 with value: 0.0813573077299479.
[I 2026-03-04 15:25:05,909] Trial 55 finished with value: 1.3046754800251068 and parameters: {'sigma_noise': 0.35873104482999113, 'A_repulsion': 0.2801859739312777, 'gamma': 0.6675078406422539, 'sigma_update': 0.423759663118423, 'eta_learning': 1.4389078025838535, 'sigma_boundary': 5.0043381474032085, 'alpha': 0.3192810643607056}. Best is trial 8 with value: 0.0813573077299479.
[I 2026-03-04 15:25:13,790] Trial 73 finished with value: 0.16315828836500396 and parameters: {'sigma_noise': 0.18082366233804192, 'A_repulsion': 0.25952149715670914, 'gamma': 0.4837488816225989, 'sigma_update': 0.38049039296470705, 'eta_learning': 1.9500604989099897, 'sigma_boundary': 5.735656516723279, 'alpha': 0.4815178087642989}. Best is trial 8 with value: 0.0813573077299479.
[I 2026-03-04 15:25:16,591] Trial 75 finished with value: 0.22973210553003048 and parameters: {'sigma_noise': 0.20659164376875488, 'A_repulsion': 0.21573539303030043, 'gamma': 0.30820495378384644, 'sigma_update': 0.37434542918886116, 'eta_learning': 1.820368832032854, 'sigma_boundary': 4.606895657520238, 'alpha': 0.431646544555499}. Best is trial 8 with value: 0.0813573077299479.
[I 2026-03-04 15:25:32,324] Trial 76 finished with value: 0.8631239371365503 and parameters: {'sigma_noise': 0.2000603445399895, 'A_repulsion': 0.24526851868484462, 'gamma': 0.46692303200414587, 'sigma_update': 0.39316185034735895, 'eta_learning': 1.7050351328035458, 'sigma_boundary': 5.205589711191193, 'alpha': 0.2761714859362245}. Best is trial 8 with value: 0.0813573077299479.
[I 2026-03-04 15:25:33,561] Trial 64 finished with value: 0.19059491154991504 and parameters: {'sigma_noise': 0.18205787771576426, 'A_repulsion': 0.3509564844479949, 'gamma': 0.31797918224731425, 'sigma_update': 0.19402286289203566, 'eta_learning': 0.5711851529771655, 'sigma_boundary': 1.4976068264180018, 'alpha': 0.31797700938259643}. Best is trial 8 with value: 0.0813573077299479.
[I 2026-03-04 15:25:38,274] Trial 66 finished with value: 0.18377558553463041 and parameters: {'sigma_noise': 0.26626175542306935, 'A_repulsion': 0.17090669944335407, 'gamma': 0.3910016553430775, 'sigma_update': 0.20842163664661478, 'eta_learning': 2.098866843875622, 'sigma_boundary': 5.753068223782073, 'alpha': 0.4169527903434571}. Best is trial 8 with value: 0.0813573077299479.
[I 2026-03-04 15:25:41,369] Trial 70 finished with value: 1.5939686645132025 and parameters: {'sigma_noise': 0.20624095494925798, 'A_repulsion': 0.2743017263534977, 'gamma': 0.37693547365314295, 'sigma_update': 0.48862751324849873, 'eta_learning': 1.4487967037554272, 'sigma_boundary': 4.965662619638071, 'alpha': 0.16281669785805486}. Best is trial 8 with value: 0.0813573077299479.
[I 2026-03-04 15:25:46,633] Trial 65 finished with value: 0.13064873245334468 and parameters: {'sigma_noise': 0.1958353863240998, 'A_repulsion': 0.32714466603968106, 'gamma': 0.4942127349793044, 'sigma_update': 0.5019978780977513, 'eta_learning': 0.6277132376382555, 'sigma_boundary': 3.509234877465159, 'alpha': 0.7292680304141986}. Best is trial 8 with value: 0.0813573077299479.
[I 2026-03-04 15:26:16,529] Trial 62 finished with value: 0.3269390680599905 and parameters: {'sigma_noise': 0.3089752850766141, 'A_repulsion': 0.24838455573738993, 'gamma': 0.4842134645736064, 'sigma_update': 0.5675782861667886, 'eta_learning': 1.4915720824718004, 'sigma_boundary': 4.929589329390956, 'alpha': 0.5870186662432286}. Best is trial 8 with value: 0.0813573077299479.
[I 2026-03-04 15:26:32,832] Trial 67 finished with value: 0.1577794730272895 and parameters: {'sigma_noise': 0.26737650691591314, 'A_repulsion': 0.29163032610951134, 'gamma': 0.21676883488003312, 'sigma_update': 0.3771015483981705, 'eta_learning': 2.1456031083023595, 'sigma_boundary': 4.62418020991083, 'alpha': 0.6738472670682469}. Best is trial 8 with value: 0.0813573077299479.
[I 2026-03-04 15:26:37,734] Trial 68 finished with value: 0.5252554188455113 and parameters: {'sigma_noise': 0.22251090619198288, 'A_repulsion': 0.3262124300339173, 'gamma': 0.3473647228707033, 'sigma_update': 0.36158585194657905, 'eta_learning': 1.6027447156354186, 'sigma_boundary': 3.602840450875468, 'alpha': 0.3526155506388577}. Best is trial 8 with value: 0.0813573077299479.
[I 2026-03-04 15:26:39,025] Trial 69 finished with value: 0.19618707361279528 and parameters: {'sigma_noise': 0.2661974514772225, 'A_repulsion': 0.2975349379553801, 'gamma': 0.40883701138996137, 'sigma_update': 0.5030520682294878, 'eta_learning': 1.3245903402873258, 'sigma_boundary': 7.13382088504293, 'alpha': 0.7086449350048327}. Best is trial 8 with value: 0.0813573077299479.
[I 2026-03-04 15:26:55,960] Trial 74 finished with value: 0.13476150577014373 and parameters: {'sigma_noise': 0.3008654053438244, 'A_repulsion': 0.2308893521611204, 'gamma': 0.6886732156628284, 'sigma_update': 0.3722036707887814, 'eta_learning': 0.927050698361079, 'sigma_boundary': 8.021404553661895, 'alpha': 0.6481823077861778}. Best is trial 8 with value: 0.0813573077299479.
[I 2026-03-04 15:27:09,280] Trial 72 finished with value: 1.0909384323261815 and parameters: {'sigma_noise': 0.301413388491454, 'A_repulsion': 0.2709777053232535, 'gamma': 0.4124000148197286, 'sigma_update': 0.43027834869927173, 'eta_learning': 1.1971678506436492, 'sigma_boundary': 2.99901041772162, 'alpha': 0.31366654805146466}. Best is trial 8 with value: 0.0813573077299479.
[I 2026-03-04 15:27:26,669] Trial 78 finished with value: 0.1362820468010241 and parameters: {'sigma_noise': 0.20975101535552715, 'A_repulsion': 0.3099284350477286, 'gamma': 0.23914087919567162, 'sigma_update': 0.2942385702775337, 'eta_learning': 2.0320130089717603, 'sigma_boundary': 6.936098404220392, 'alpha': 0.5805899520329514}. Best is trial 8 with value: 0.0813573077299479.
[I 2026-03-04 15:27:45,237] Trial 71 finished with value: 0.15862091859555044 and parameters: {'sigma_noise': 0.2492344131394973, 'A_repulsion': 0.4382432122636579, 'gamma': 0.2181781697814831, 'sigma_update': 0.30395284142052253, 'eta_learning': 2.2288342895271245, 'sigma_boundary': 8.182232440117659, 'alpha': 0.633417083010694}. Best is trial 8 with value: 0.0813573077299479.
[I 2026-03-04 15:27:47,436] Trial 77 finished with value: 0.1758700296923074 and parameters: {'sigma_noise': 0.2939954834939726, 'A_repulsion': 0.2691521878287442, 'gamma': 0.6430833281074158, 'sigma_update': 0.2930604528220881, 'eta_learning': 1.2354301694359666, 'sigma_boundary': 6.136617391983816, 'alpha': 0.48728662742362033}. Best is trial 8 with value: 0.0813573077299479.
[I 2026-03-04 15:28:18,123] Trial 79 finished with value: 0.1343589042505882 and parameters: {'sigma_noise': 0.22200877889841852, 'A_repulsion': 0.3924619488942258, 'gamma': 0.5016430398438452, 'sigma_update': 0.26128094037757627, 'eta_learning': 0.8851343586466242, 'sigma_boundary': 4.383614375507585, 'alpha': 0.69852654606996}. Best is trial 8 with value: 0.0813573077299479.
[I 2026-03-04 15:32:56,262] Trial 82 finished with value: 0.14100235025677288 and parameters: {'sigma_noise': 0.1213116169167494, 'A_repulsion': 0.20263013459865004, 'gamma': 0.5971425392547607, 'sigma_update': 0.27950327533985303, 'eta_learning': 0.5327706330874024, 'sigma_boundary': 5.510102331233482, 'alpha': 0.31474173714306863}. Best is trial 8 with value: 0.0813573077299479.
[I 2026-03-04 15:33:27,016] Trial 90 finished with value: 0.11672641363971846 and parameters: {'sigma_noise': 0.07645048307740687, 'A_repulsion': 0.06884932692515397, 'gamma': 0.6975499207860754, 'sigma_update': 0.48093160043223687, 'eta_learning': 0.8486090098742262, 'sigma_boundary': 3.165765023141523, 'alpha': 0.5194553546030676}. Best is trial 8 with value: 0.0813573077299479.
[I 2026-03-04 15:33:54,033] Trial 83 finished with value: 0.7698054603598992 and parameters: {'sigma_noise': 0.1931709369472558, 'A_repulsion': 0.19702011741172093, 'gamma': 0.44811349155663927, 'sigma_update': 0.44216389043646004, 'eta_learning': 1.5744177175635277, 'sigma_boundary': 3.1166006719319883, 'alpha': 0.27829545003663614}. Best is trial 8 with value: 0.0813573077299479.
