[I 2026-03-04 14:30:59,512] Trial 104 finished with value: 0.14993073095606088 and parameters: {'sigma_noise': 0.2689173658027577, 'A_repulsion': 0.19189779394627793, 'gamma': 0.4194749692014118, 'sigma_update': 0.2941463170386191, 'eta_learning': 1.1550503666054468, 'sigma_boundary': 5.981584652002113, 'alpha': 0.803263710738056}. Best is trial 2 with value: 0.11194380224594991.
[I 2026-03-04 14:31:04,361] Trial 112 finished with value: 0.26789633419042524 and parameters: {'sigma_noise': 0.19798572589108315, 'A_repulsion': 0.22292181858715138, 'gamma': 0.6859849501946002, 'sigma_update': 0.27855203272419854, 'eta_learning': 1.6027436558937918, 'sigma_boundary': 2.5877994285491726, 'alpha': 0.37987371188626645}. Best is trial 2 with value: 0.11194380224594991.
[I 2026-03-04 14:31:25,358] Trial 105 finished with value: 0.1441999921770973 and parameters: {'sigma_noise': 0.21864328241520126, 'A_repulsion': 0.29971829141129397, 'gamma': 0.4215791251531416, 'sigma_update': 0.3753053070621903, 'eta_learning': 1.4175733747059462, 'sigma_boundary': 6.12575325173041, 'alpha': 0.7334391461593687}. Best is trial 2 with value: 0.11194380224594991.
[I 2026-03-04 14:31:29,441] Trial 114 finished with value: 0.12564816786014887 and parameters: {'sigma_noise': 0.23354266112063082, 'A_repulsion': 0.12895553957161393, 'gamma': 0.6091801542734739, 'sigma_update': 0.3212347068769541, 'eta_learning': 1.5903851704837113, 'sigma_boundary': 5.561257189766372, 'alpha': 0.943040155616508}. Best is trial 2 with value: 0.11194380224594991.
[I 2026-03-04 14:31:32,233] Trial 113 finished with value: 0.32216715893679954 and parameters: {'sigma_noise': 0.21701249600070488, 'A_repulsion': 0.22585294984322551, 'gamma': 0.6104357074232737, 'sigma_update': 0.12825583470808438, 'eta_learning': 1.09137764583542, 'sigma_boundary': 6.703841220082925, 'alpha': 0.36391423624914526}. Best is trial 2 with value: 0.11194380224594991.
[I 2026-03-04 14:33:31,744] Trial 116 finished with value: 0.11097899232785043 and parameters: {'sigma_noise': 0.258120958374429, 'A_repulsion': 0.3219870750670437, 'gamma': 0.9041077071684328, 'sigma_update': 0.20787477447427863, 'eta_learning': 1.2838411193858754, 'sigma_boundary': 5.116090828160391, 'alpha': 0.5683332902836402}. Best is trial 116 with value: 0.11097899232785043.
[I 2026-03-04 14:34:28,520] Trial 120 finished with value: 0.1516117106828773 and parameters: {'sigma_noise': 0.10514019094825906, 'A_repulsion': 0.10759791186916066, 'gamma': 0.676642833704492, 'sigma_update': 0.3313114811895617, 'eta_learning': 1.304807820293581, 'sigma_boundary': 9.301277214048786, 'alpha': 0.9773899350154893}. Best is trial 116 with value: 0.11097899232785043.
[I 2026-03-04 14:34:29,212] Trial 119 finished with value: 0.187705861220211 and parameters: {'sigma_noise': 0.259678185221928, 'A_repulsion': 0.33838109286737417, 'gamma': 0.6783982643302516, 'sigma_update': 0.36595619876983, 'eta_learning': 0.8210056051094272, 'sigma_boundary': 7.34305783387325, 'alpha': 0.5081270516764085}. Best is trial 116 with value: 0.11097899232785043.
[I 2026-03-04 14:35:32,239] Trial 123 finished with value: 0.19017692950420848 and parameters: {'sigma_noise': 0.051951273835018075, 'A_repulsion': 0.19775062193981485, 'gamma': 0.6308004639331226, 'sigma_update': 0.1343507271884541, 'eta_learning': 1.5194707643203686, 'sigma_boundary': 8.840376024293217, 'alpha': 0.8186520880881387}. Best is trial 116 with value: 0.11097899232785043.
[I 2026-03-04 14:36:28,685] Trial 129 finished with value: 0.15731615542463873 and parameters: {'sigma_noise': 0.09705225487044615, 'A_repulsion': 0.10406341760157949, 'gamma': 0.6037927471998116, 'sigma_update': 0.39908706389749604, 'eta_learning': 1.052868266082353, 'sigma_boundary': 9.623228974087617, 'alpha': 0.574744805045508}. Best is trial 116 with value: 0.11097899232785043.
[I 2026-03-04 14:37:21,087] Trial 124 finished with value: 0.1109209115302057 and parameters: {'sigma_noise': 0.16677265620091736, 'A_repulsion': 0.15077592199479856, 'gamma': 0.5472345761776568, 'sigma_update': 0.1650906024864255, 'eta_learning': 1.7176938306104483, 'sigma_boundary': 3.2517338405870637, 'alpha': 0.48249440622528916}. Best is trial 124 with value: 0.1109209115302057.
[I 2026-03-04 14:37:38,819] Trial 127 finished with value: 0.13067358587696115 and parameters: {'sigma_noise': 0.13572987778429396, 'A_repulsion': 0.12914209046838426, 'gamma': 0.8301567000782892, 'sigma_update': 0.30875423329928997, 'eta_learning': 1.2139854973222401, 'sigma_boundary': 7.102852284969877, 'alpha': 0.5874077920794877}. Best is trial 124 with value: 0.1109209115302057.
[I 2026-03-04 14:38:00,404] Trial 122 finished with value: 0.21756102274250916 and parameters: {'sigma_noise': 0.1938498071649543, 'A_repulsion': 0.1822680072872018, 'gamma': 0.5352537559439048, 'sigma_update': 0.5160753569886655, 'eta_learning': 1.6377534421664255, 'sigma_boundary': 5.367890753189211, 'alpha': 0.5992551906142214}. Best is trial 124 with value: 0.1109209115302057.
[I 2026-03-04 14:38:25,880] Trial 125 finished with value: 0.16176888525715924 and parameters: {'sigma_noise': 0.2242343981498548, 'A_repulsion': 0.11646266434118797, 'gamma': 0.39670375128465546, 'sigma_update': 0.46070057933409037, 'eta_learning': 0.7106288185780356, 'sigma_boundary': 4.84126404224345, 'alpha': 0.850889650995422}. Best is trial 124 with value: 0.1109209115302057.
[I 2026-03-04 14:38:52,050] Trial 121 finished with value: 0.1468134881513869 and parameters: {'sigma_noise': 0.27580627644411315, 'A_repulsion': 0.14819172157892457, 'gamma': 0.6574801765201108, 'sigma_update': 0.19232264131097934, 'eta_learning': 1.056432984605592, 'sigma_boundary': 7.476489165918467, 'alpha': 0.792000935991473}. Best is trial 124 with value: 0.1109209115302057.
[I 2026-03-04 14:38:57,894] Trial 136 finished with value: 0.14957272861451942 and parameters: {'sigma_noise': 0.1083410058019604, 'A_repulsion': 0.1194059895473435, 'gamma': 0.5111007816387401, 'sigma_update': 0.32449958363958015, 'eta_learning': 1.4888533999380027, 'sigma_boundary': 5.557815414299493, 'alpha': 0.5731529671435507}. Best is trial 124 with value: 0.1109209115302057.
[I 2026-03-04 14:39:10,730] Trial 133 finished with value: 0.1250274734664263 and parameters: {'sigma_noise': 0.17086480667540904, 'A_repulsion': 0.07467763228378771, 'gamma': 0.46759253700885967, 'sigma_update': 0.29610078353762936, 'eta_learning': 0.4772221011012689, 'sigma_boundary': 7.038230525939963, 'alpha': 0.6355702481631005}. Best is trial 124 with value: 0.1109209115302057.
[I 2026-03-04 14:39:26,301] Trial 128 finished with value: 0.12018550349902027 and parameters: {'sigma_noise': 0.16900616425905474, 'A_repulsion': 0.22812559633628782, 'gamma': 0.3360033370977496, 'sigma_update': 0.21747147433982517, 'eta_learning': 0.520411855629866, 'sigma_boundary': 4.532099089248253, 'alpha': 0.47811050424341994}. Best is trial 124 with value: 0.1109209115302057.
[I 2026-03-04 14:39:33,951] Trial 126 finished with value: 0.17396477301451507 and parameters: {'sigma_noise': 0.16652157615885838, 'A_repulsion': 0.250926215898917, 'gamma': 0.5373568241256067, 'sigma_update': 0.5748534199368395, 'eta_learning': 1.1919442364255863, 'sigma_boundary': 3.259399697865574, 'alpha': 0.6819483564322161}. Best is trial 124 with value: 0.1109209115302057.
[I 2026-03-04 14:39:50,680] Trial 135 finished with value: 0.13054764397175128 and parameters: {'sigma_noise': 0.11477566928718835, 'A_repulsion': 0.16605960715896828, 'gamma': 0.6347431952186465, 'sigma_update': 0.24904232296942744, 'eta_learning': 1.715999989204604, 'sigma_boundary': 7.0244893099644985, 'alpha': 0.5491614271637969}. Best is trial 124 with value: 0.1109209115302057.
[I 2026-03-04 14:39:55,169] Trial 132 finished with value: 0.18826239314194781 and parameters: {'sigma_noise': 0.11544350413319808, 'A_repulsion': 0.2792636934506728, 'gamma': 0.4152622441762462, 'sigma_update': 0.13183210411663088, 'eta_learning': 1.0180728895983184, 'sigma_boundary': 4.722538363708062, 'alpha': 0.7464831927142286}. Best is trial 124 with value: 0.1109209115302057.
[I 2026-03-04 14:40:13,924] Trial 134 finished with value: 0.1952791515924712 and parameters: {'sigma_noise': 0.24092429082873829, 'A_repulsion': 0.06085382606361702, 'gamma': 0.31932114773506753, 'sigma_update': 0.14388315447973468, 'eta_learning': 1.5319954336191148, 'sigma_boundary': 4.495523703076522, 'alpha': 0.9219873171195836}. Best is trial 124 with value: 0.1109209115302057.
[I 2026-03-04 14:40:47,508] Trial 130 finished with value: 0.14470221152666232 and parameters: {'sigma_noise': 0.16956662150237334, 'A_repulsion': 0.3046180451305315, 'gamma': 0.7498798871003356, 'sigma_update': 0.3303507429509246, 'eta_learning': 0.23483336917102698, 'sigma_boundary': 7.945513321347877, 'alpha': 0.8323150021980619}. Best is trial 124 with value: 0.1109209115302057.
[I 2026-03-04 14:40:50,362] Trial 131 finished with value: 0.3798295221579513 and parameters: {'sigma_noise': 0.21168794172166183, 'A_repulsion': 0.2413913999927771, 'gamma': 0.4429222690839041, 'sigma_update': 0.4033602748481127, 'eta_learning': 1.5915648987987143, 'sigma_boundary': 6.694756500430104, 'alpha': 0.4017809467887099}. Best is trial 124 with value: 0.1109209115302057.
[I 2026-03-04 14:40:57,767] Trial 137 finished with value: 0.13284380703737902 and parameters: {'sigma_noise': 0.15205789254999713, 'A_repulsion': 0.12872248232730238, 'gamma': 0.6389609078940133, 'sigma_update': 0.2989782915057051, 'eta_learning': 1.7111064249111823, 'sigma_boundary': 4.178096093622556, 'alpha': 0.5928329103326928}. Best is trial 124 with value: 0.1109209115302057.
[I 2026-03-04 14:41:35,373] Trial 145 finished with value: 0.15521648590720985 and parameters: {'sigma_noise': 0.13439864195832538, 'A_repulsion': 0.08864268916791956, 'gamma': 0.5120789704074941, 'sigma_update': 0.3267317700514321, 'eta_learning': 1.1228550726730164, 'sigma_boundary': 2.949527811427992, 'alpha': 0.5112142417288138}. Best is trial 124 with value: 0.1109209115302057.
[I 2026-03-04 14:41:48,391] Trial 139 finished with value: 0.12888075597396764 and parameters: {'sigma_noise': 0.16378379465417936, 'A_repulsion': 0.15328308704530974, 'gamma': 0.8510790696832466, 'sigma_update': 0.15729374032927654, 'eta_learning': 1.6441320260004695, 'sigma_boundary': 7.925231447835469, 'alpha': 0.7832398301151875}. Best is trial 124 with value: 0.1109209115302057.
[I 2026-03-04 14:42:04,952] Trial 140 finished with value: 0.16270244193113645 and parameters: {'sigma_noise': 0.2349894406296082, 'A_repulsion': 0.018959293524454662, 'gamma': 0.8525532562568559, 'sigma_update': 0.3366839881989111, 'eta_learning': 1.3327348793634273, 'sigma_boundary': 5.148719370099013, 'alpha': 0.5280415698184215}. Best is trial 124 with value: 0.1109209115302057.
[I 2026-03-04 14:43:14,044] Trial 156 finished with value: 0.15067993236628469 and parameters: {'sigma_noise': 0.09982305221057794, 'A_repulsion': 0.1466745687676724, 'gamma': 0.57962311395514, 'sigma_update': 0.26024986257351745, 'eta_learning': 1.5551407520111797, 'sigma_boundary': 5.183779589720428, 'alpha': 0.8041561402982287}. Best is trial 124 with value: 0.1109209115302057.
[I 2026-03-04 14:43:14,127] Trial 153 finished with value: 0.128308890586866 and parameters: {'sigma_noise': 0.1591504674542447, 'A_repulsion': 0.07923869561517627, 'gamma': 0.7486677578363087, 'sigma_update': 0.3178735293980387, 'eta_learning': 1.3569642835372642, 'sigma_boundary': 4.45705610859454, 'alpha': 0.7506136373238604}. Best is trial 124 with value: 0.1109209115302057.
[I 2026-03-04 14:43:32,275] Trial 141 finished with value: 0.1380057080334544 and parameters: {'sigma_noise': 0.18547522283986356, 'A_repulsion': 0.2484754922199701, 'gamma': 0.6260950772863688, 'sigma_update': 0.21713028501493695, 'eta_learning': 2.1405733460897056, 'sigma_boundary': 5.355304989341215, 'alpha': 0.4457873707299361}. Best is trial 124 with value: 0.1109209115302057.
[I 2026-03-04 14:43:33,762] Trial 144 finished with value: 0.10231654261724601 and parameters: {'sigma_noise': 0.18853392431139204, 'A_repulsion': 0.15987176393101307, 'gamma': 0.7234624595042779, 'sigma_update': 0.2159209466621704, 'eta_learning': 1.3542659178447343, 'sigma_boundary': 5.021211825002754, 'alpha': 0.7689296054707677}. Best is trial 144 with value: 0.10231654261724601.
[I 2026-03-04 14:43:56,906] Trial 152 finished with value: 0.17411786362559706 and parameters: {'sigma_noise': 0.07918341919321413, 'A_repulsion': 0.3406951173345513, 'gamma': 0.6931773658436806, 'sigma_update': 0.3108695719377258, 'eta_learning': 0.4318628971260021, 'sigma_boundary': 5.132585239940781, 'alpha': 0.68935971272146}. Best is trial 144 with value: 0.10231654261724601.
[I 2026-03-04 14:43:59,614] Trial 143 finished with value: 0.14045161913122842 and parameters: {'sigma_noise': 0.20356176138448062, 'A_repulsion': 0.1927289565295397, 'gamma': 0.6604692186938588, 'sigma_update': 0.3786755089307115, 'eta_learning': 1.3805187667491485, 'sigma_boundary': 5.369244720429905, 'alpha': 0.6212364074353542}. Best is trial 144 with value: 0.10231654261724601.
[I 2026-03-04 14:44:00,506] Trial 138 finished with value: 0.172419268522993 and parameters: {'sigma_noise': 0.271762391121468, 'A_repulsion': 0.1481897045128289, 'gamma': 0.3646292108330427, 'sigma_update': 0.33097742306050665, 'eta_learning': 2.2706905696514887, 'sigma_boundary': 6.490282807056587, 'alpha': 0.6469184428042891}. Best is trial 144 with value: 0.10231654261724601.
[I 2026-03-04 14:44:09,187] Trial 154 finished with value: 0.12475383786846547 and parameters: {'sigma_noise': 0.13531044118845242, 'A_repulsion': 0.19250169455258803, 'gamma': 0.7131053190623022, 'sigma_update': 0.20596453856763844, 'eta_learning': 1.3825663358251672, 'sigma_boundary': 8.72967250871457, 'alpha': 0.6794994173161889}. Best is trial 144 with value: 0.10231654261724601.
[I 2026-03-04 14:44:13,187] Trial 147 finished with value: 0.15819498569459495 and parameters: {'sigma_noise': 0.20046472396211018, 'A_repulsion': 0.1308679192873566, 'gamma': 0.6654805342736145, 'sigma_update': 0.4844585917069017, 'eta_learning': 1.1742515455534706, 'sigma_boundary': 4.990299329909788, 'alpha': 0.6297224160260315}. Best is trial 144 with value: 0.10231654261724601.
[I 2026-03-04 14:44:35,115] Trial 151 finished with value: 0.12018475709896526 and parameters: {'sigma_noise': 0.196368494744932, 'A_repulsion': 0.12801953087778886, 'gamma': 0.5535861854011699, 'sigma_update': 0.3328827409973596, 'eta_learning': 0.9132900361716415, 'sigma_boundary': 4.4946402324880195, 'alpha': 0.7126814756543023}. Best is trial 144 with value: 0.10231654261724601.
[I 2026-03-04 14:44:55,269] Trial 148 finished with value: 0.10992886645866844 and parameters: {'sigma_noise': 0.22850787477833007, 'A_repulsion': 0.1288852727873882, 'gamma': 0.6763142267290942, 'sigma_update': 0.21730842214452278, 'eta_learning': 1.162349410072333, 'sigma_boundary': 2.9130829666179805, 'alpha': 0.6284169438247933}. Best is trial 144 with value: 0.10231654261724601.
[I 2026-03-04 14:45:00,602] Trial 142 finished with value: 0.1935490447507937 and parameters: {'sigma_noise': 0.26009231987763054, 'A_repulsion': 0.21611091996814885, 'gamma': 0.36416536949115724, 'sigma_update': 0.14144416132878052, 'eta_learning': 2.1765924214150143, 'sigma_boundary': 5.023201298338421, 'alpha': 0.4130917507231756}. Best is trial 144 with value: 0.10231654261724601.
[I 2026-03-04 14:45:15,797] Trial 157 finished with value: 0.824769781536202 and parameters: {'sigma_noise': 0.20331237309763567, 'A_repulsion': 0.1352974920642239, 'gamma': 0.2733381792195236, 'sigma_update': 0.5051116532434822, 'eta_learning': 1.4530070271050037, 'sigma_boundary': 5.6295914193863155, 'alpha': 0.2708808023409329}. Best is trial 144 with value: 0.10231654261724601.
[I 2026-03-04 14:45:27,562] Trial 146 finished with value: 0.16606055775145107 and parameters: {'sigma_noise': 0.27506955076833, 'A_repulsion': 0.15311307093629403, 'gamma': 0.45241584450821815, 'sigma_update': 0.18004407615003387, 'eta_learning': 1.089919476587277, 'sigma_boundary': 5.695628054105348, 'alpha': 0.6605048809425964}. Best is trial 144 with value: 0.10231654261724601.
[I 2026-03-04 14:45:43,516] Trial 155 finished with value: 0.3243075327984656 and parameters: {'sigma_noise': 0.22078345893510365, 'A_repulsion': 0.1481594251305456, 'gamma': 0.5440356780967475, 'sigma_update': 0.4798666407915121, 'eta_learning': 0.81071959991434, 'sigma_boundary': 3.6890371205434462, 'alpha': 0.45495095391651885}. Best is trial 144 with value: 0.10231654261724601.
[I 2026-03-04 14:46:39,585] Trial 149 finished with value: 0.16605014377106617 and parameters: {'sigma_noise': 0.30940182769739855, 'A_repulsion': 0.15885641852212395, 'gamma': 0.4961396362403478, 'sigma_update': 0.29652725757270426, 'eta_learning': 1.2602239481099975, 'sigma_boundary': 5.519243870082605, 'alpha': 0.6991668085295754}. Best is trial 144 with value: 0.10231654261724601.
[I 2026-03-04 14:47:08,450] Trial 150 finished with value: 0.18849308103407347 and parameters: {'sigma_noise': 0.3273777591299229, 'A_repulsion': 0.19688168770778144, 'gamma': 0.3227792455308048, 'sigma_update': 0.22772480343152202, 'eta_learning': 2.260403683419632, 'sigma_boundary': 2.9362355028589984, 'alpha': 0.6580169364797701}. Best is trial 144 with value: 0.10231654261724601.
[I 2026-03-04 14:47:31,311] Trial 162 finished with value: 0.1930971100736009 and parameters: {'sigma_noise': 0.09263639475393642, 'A_repulsion': 0.058099930454061643, 'gamma': 0.8851946994420281, 'sigma_update': 0.4018505113309811, 'eta_learning': 1.5238706557116763, 'sigma_boundary': 4.3811121621690114, 'alpha': 0.44905277289604417}. Best is trial 144 with value: 0.10231654261724601.
[I 2026-03-04 14:48:36,642] Trial 160 finished with value: 0.10916301330869921 and parameters: {'sigma_noise': 0.21986663168787896, 'A_repulsion': 0.093421504520492, 'gamma': 0.8472850678358382, 'sigma_update': 0.33129925444330094, 'eta_learning': 1.1939499666475821, 'sigma_boundary': 9.068861511287778, 'alpha': 0.8108093421259618}. Best is trial 144 with value: 0.10231654261724601.
[I 2026-03-04 14:48:38,014] Trial 159 finished with value: 0.11162264069714192 and parameters: {'sigma_noise': 0.1657832207821689, 'A_repulsion': 0.1681013831948788, 'gamma': 0.5573320367736837, 'sigma_update': 0.2076891223842659, 'eta_learning': 0.8860127583284289, 'sigma_boundary': 7.757040923538061, 'alpha': 0.5960520583146502}. Best is trial 144 with value: 0.10231654261724601.
[I 2026-03-04 14:49:01,071] Trial 158 finished with value: 0.17438320919581318 and parameters: {'sigma_noise': 0.25442350073242065, 'A_repulsion': 0.1540229646974575, 'gamma': 0.6166117597404037, 'sigma_update': 0.36922137230733265, 'eta_learning': 2.5611949832643317, 'sigma_boundary': 5.851013203438394, 'alpha': 0.5663732767439638}. Best is trial 144 with value: 0.10231654261724601.
[I 2026-03-04 14:50:01,178] Trial 161 finished with value: 0.1195655427574189 and parameters: {'sigma_noise': 0.21879702896625353, 'A_repulsion': 0.11194262075947617, 'gamma': 0.5351628640812128, 'sigma_update': 0.39732171137544114, 'eta_learning': 1.2716625294507942, 'sigma_boundary': 4.338847329252017, 'alpha': 0.8286853632304169}. Best is trial 144 with value: 0.10231654261724601.
[I 2026-03-04 14:50:25,213] Trial 170 finished with value: 0.14959546871803897 and parameters: {'sigma_noise': 0.12073272457626676, 'A_repulsion': 0.005775615561432204, 'gamma': 0.33871819613992665, 'sigma_update': 0.18888354950459887, 'eta_learning': 1.0702560420993403, 'sigma_boundary': 4.876606450853027, 'alpha': 0.8572298923922066}. Best is trial 144 with value: 0.10231654261724601.
[I 2026-03-04 14:50:55,123] Trial 163 finished with value: 0.15263165337479165 and parameters: {'sigma_noise': 0.15932721049062154, 'A_repulsion': 0.1548683513825933, 'gamma': 0.26470394289104715, 'sigma_update': 0.24067087370920556, 'eta_learning': 1.91246873397198, 'sigma_boundary': 7.354241359723685, 'alpha': 0.907277093028299}. Best is trial 144 with value: 0.10231654261724601.
[I 2026-03-04 14:51:25,352] Trial 168 finished with value: 0.12370396141192874 and parameters: {'sigma_noise': 0.18548590680967442, 'A_repulsion': 0.04870804346267284, 'gamma': 0.7076496499863065, 'sigma_update': 0.28685265532248244, 'eta_learning': 2.6688021917977194, 'sigma_boundary': 4.324993251894744, 'alpha': 0.916107875243001}. Best is trial 144 with value: 0.10231654261724601.
[I 2026-03-04 14:51:39,847] Trial 164 finished with value: 0.14534496202723424 and parameters: {'sigma_noise': 0.25316284287969754, 'A_repulsion': 0.029743884449321634, 'gamma': 0.6803059524830929, 'sigma_update': 0.36591060564700995, 'eta_learning': 1.797485957650825, 'sigma_boundary': 3.9941195806653966, 'alpha': 0.6483587343594035}. Best is trial 144 with value: 0.10231654261724601.
[I 2026-03-04 14:51:41,546] Trial 166 finished with value: 0.15861130817915028 and parameters: {'sigma_noise': 0.18854374071740398, 'A_repulsion': 0.04493327669839638, 'gamma': 0.33774702671773643, 'sigma_update': 0.09644876570903059, 'eta_learning': 1.2180413260648892, 'sigma_boundary': 2.7184587684368733, 'alpha': 0.6665177018021888}. Best is trial 144 with value: 0.10231654261724601.
[I 2026-03-04 14:51:45,723] Trial 171 finished with value: 0.12220346075131697 and parameters: {'sigma_noise': 0.161826505744617, 'A_repulsion': 0.004692111437925792, 'gamma': 0.744647405959563, 'sigma_update': 0.19234123332176853, 'eta_learning': 2.0376649144070855, 'sigma_boundary': 3.1817560695735705, 'alpha': 0.6722414723985171}. Best is trial 144 with value: 0.10231654261724601.
[I 2026-03-04 14:51:54,647] Trial 167 finished with value: 0.15716364100148789 and parameters: {'sigma_noise': 0.10235704884145413, 'A_repulsion': 0.23299285302586473, 'gamma': 0.4754877451918184, 'sigma_update': 0.21538223313824365, 'eta_learning': 1.3912608867464957, 'sigma_boundary': 6.8024708563371465, 'alpha': 0.7673852337937621}. Best is trial 144 with value: 0.10231654261724601.
