/nfs/nhome/live/apourdehghan/Hybrid_hpc_utils.py:56: DtypeWarning: Columns (16) have mixed types. Specify dtype option on import or set low_memory=False.
  data = pd.read_csv(data_path)
[I 2026-03-04 13:37:43,829] A new study created in memory with name: no-name-5baf09fc-2fed-48a4-a91f-373ef03dfcb6
[I 2026-03-04 13:46:12,331] Trial 15 finished with value: 0.4213383003060471 and parameters: {'sigma_noise': 0.051589092612027, 'A_repulsion': 0.04424175287494686, 'gamma': 0.24891522985301365, 'sigma_update': 0.15034526347834054, 'eta_learning': 1.982790884235011, 'sigma_boundary': 4.4346096171202705, 'alpha': 0.0889854480732658}. Best is trial 15 with value: 0.4213383003060471.
[I 2026-03-04 13:48:29,135] Trial 2 finished with value: 0.09778490895735231 and parameters: {'sigma_noise': 0.17672518901897044, 'A_repulsion': 0.03200733042382259, 'gamma': 0.7928116940617489, 'sigma_update': 0.3896794913974408, 'eta_learning': 2.1310890089420935, 'sigma_boundary': 1.0689810840985137, 'alpha': 0.6513457544743103}. Best is trial 2 with value: 0.09778490895735231.
[I 2026-03-04 13:48:49,450] Trial 8 finished with value: 0.5395601114447931 and parameters: {'sigma_noise': 0.17361783902241312, 'A_repulsion': 0.08416568686394521, 'gamma': 0.7068905396835901, 'sigma_update': 0.09754695053663642, 'eta_learning': 1.763038098125115, 'sigma_boundary': 4.90598990142716, 'alpha': 0.2708306336058731}. Best is trial 2 with value: 0.09778490895735231.
[I 2026-03-04 13:48:59,594] Trial 26 finished with value: 0.14747529140073684 and parameters: {'sigma_noise': 0.08014876915439118, 'A_repulsion': 0.3339040399653661, 'gamma': 0.4176447735486742, 'sigma_update': 0.4443136766267529, 'eta_learning': 2.814666808378748, 'sigma_boundary': 9.679135971848304, 'alpha': 0.5838628398204898}. Best is trial 2 with value: 0.09778490895735231.
[I 2026-03-04 13:49:24,589] Trial 3 finished with value: 0.10860163044390994 and parameters: {'sigma_noise': 0.0561543411473203, 'A_repulsion': 0.4821568798179688, 'gamma': 0.5057191423081886, 'sigma_update': 0.525747198155939, 'eta_learning': 0.17985715149570597, 'sigma_boundary': 0.2863292222870766, 'alpha': 0.5569638856494915}. Best is trial 2 with value: 0.09778490895735231.
[I 2026-03-04 13:49:31,996] Trial 27 finished with value: 0.107235824226321 and parameters: {'sigma_noise': 0.1450664596453578, 'A_repulsion': 0.23566656493879534, 'gamma': 0.6361349401569649, 'sigma_update': 0.29203713199650416, 'eta_learning': 1.8232669734783704, 'sigma_boundary': 7.262927263983019, 'alpha': 0.8508807425468543}. Best is trial 2 with value: 0.09778490895735231.
[I 2026-03-04 13:49:48,555] Trial 13 finished with value: 0.370514607374566 and parameters: {'sigma_noise': 0.21294817757689344, 'A_repulsion': 0.12170977369700114, 'gamma': 0.8325328719033352, 'sigma_update': 0.09468291085658545, 'eta_learning': 2.719792805065806, 'sigma_boundary': 3.1159973953241584, 'alpha': 0.3770811058258614}. Best is trial 2 with value: 0.09778490895735231.
[I 2026-03-04 13:49:57,849] Trial 5 finished with value: 0.09277326556003028 and parameters: {'sigma_noise': 0.12406582450144402, 'A_repulsion': 0.3227211775048913, 'gamma': 0.6122674966279942, 'sigma_update': 0.6541902589762238, 'eta_learning': 1.0776036597641523, 'sigma_boundary': 1.031766681625803, 'alpha': 0.7723022489792601}. Best is trial 5 with value: 0.09277326556003028.
[I 2026-03-04 13:50:13,781] Trial 9 finished with value: 0.8111605039597911 and parameters: {'sigma_noise': 0.3199457580764374, 'A_repulsion': 0.005604711741342916, 'gamma': 0.7599049152569729, 'sigma_update': 0.16510077813775595, 'eta_learning': 0.5529429370804086, 'sigma_boundary': 3.0521817191708673, 'alpha': 0.20711471786394675}. Best is trial 5 with value: 0.09277326556003028.
[I 2026-03-04 13:50:18,280] Trial 28 finished with value: 1.1856995473086025 and parameters: {'sigma_noise': 0.17869736996499913, 'A_repulsion': 0.24454670943327367, 'gamma': 0.24989721718034105, 'sigma_update': 0.4188894630117872, 'eta_learning': 1.7664170932118468, 'sigma_boundary': 0.9146258193352793, 'alpha': 0.167214216895319}. Best is trial 5 with value: 0.09277326556003028.
[I 2026-03-04 13:50:29,248] Trial 36 finished with value: 0.1765930263628576 and parameters: {'sigma_noise': 0.11455851456896614, 'A_repulsion': 0.375167025325296, 'gamma': 0.3299197405707505, 'sigma_update': 0.17172422874376284, 'eta_learning': 1.833381319237848, 'sigma_boundary': 5.492577388881072, 'alpha': 0.8577709200925034}. Best is trial 5 with value: 0.09277326556003028.
[I 2026-03-04 13:50:36,462] Trial 18 finished with value: 0.17655392842338263 and parameters: {'sigma_noise': 0.15416758094753202, 'A_repulsion': 0.29381323788325264, 'gamma': 0.07430785300318511, 'sigma_update': 0.4618767780019987, 'eta_learning': 1.7600497032347864, 'sigma_boundary': 7.486205076322379, 'alpha': 0.6238883437921592}. Best is trial 5 with value: 0.09277326556003028.
[I 2026-03-04 13:50:39,273] Trial 1 finished with value: 0.18141441261908645 and parameters: {'sigma_noise': 0.07925133484212293, 'A_repulsion': 0.49587613989877194, 'gamma': 0.9727486471639898, 'sigma_update': 0.43972510631021045, 'eta_learning': 2.660207154132119, 'sigma_boundary': 3.1309317981556686, 'alpha': 0.7879343512552346}. Best is trial 5 with value: 0.09277326556003028.
[I 2026-03-04 13:50:46,705] Trial 11 finished with value: 0.3806073793894176 and parameters: {'sigma_noise': 0.3553669443266262, 'A_repulsion': 0.008685699827606808, 'gamma': 0.5555058635929719, 'sigma_update': 0.3745577337389879, 'eta_learning': 2.495273069182261, 'sigma_boundary': 8.20422408825449, 'alpha': 0.4229846030830259}. Best is trial 5 with value: 0.09277326556003028.
[I 2026-03-04 13:50:50,723] Trial 22 finished with value: 0.1926619976378581 and parameters: {'sigma_noise': 0.16107914913406543, 'A_repulsion': 0.28427542463081296, 'gamma': 0.6556379054904931, 'sigma_update': 0.08587061371458923, 'eta_learning': 2.776418322249348, 'sigma_boundary': 5.515391507539394, 'alpha': 0.8913062030352298}. Best is trial 5 with value: 0.09277326556003028.
[I 2026-03-04 13:50:54,706] Trial 35 finished with value: 0.16050174802452633 and parameters: {'sigma_noise': 0.3523674672883946, 'A_repulsion': 0.031142301258874627, 'gamma': 0.5089189231377654, 'sigma_update': 0.29959085682262276, 'eta_learning': 0.7570975679699706, 'sigma_boundary': 4.898544166642601, 'alpha': 0.6882486637281059}. Best is trial 5 with value: 0.09277326556003028.
[I 2026-03-04 13:50:56,907] Trial 23 finished with value: 0.7368106592741854 and parameters: {'sigma_noise': 0.30992700690383124, 'A_repulsion': 0.08106598762482159, 'gamma': 0.09782811983226408, 'sigma_update': 0.43716058448004885, 'eta_learning': 0.8158345872440679, 'sigma_boundary': 6.892717447385225, 'alpha': 0.2886746717308075}. Best is trial 5 with value: 0.09277326556003028.
[I 2026-03-04 13:51:02,016] Trial 7 finished with value: 0.7131879740007283 and parameters: {'sigma_noise': 0.12241346521596377, 'A_repulsion': 0.4285926707568932, 'gamma': 0.5614881740287934, 'sigma_update': 0.5033635745446862, 'eta_learning': 0.48228728552967765, 'sigma_boundary': 6.734185731871466, 'alpha': 0.1804143881664434}. Best is trial 5 with value: 0.09277326556003028.
[I 2026-03-04 13:51:17,795] Trial 16 finished with value: 0.10839206929269798 and parameters: {'sigma_noise': 0.11461470221725785, 'A_repulsion': 0.46576556157230115, 'gamma': 0.537095991280746, 'sigma_update': 0.28750848908124743, 'eta_learning': 0.17046738972118758, 'sigma_boundary': 4.93881479727959, 'alpha': 0.18879794756976365}. Best is trial 5 with value: 0.09277326556003028.
[I 2026-03-04 13:51:23,089] Trial 19 finished with value: 0.13226752472428424 and parameters: {'sigma_noise': 0.12462505983477819, 'A_repulsion': 0.4860720073660015, 'gamma': 0.5530286684550609, 'sigma_update': 0.3218619540858714, 'eta_learning': 1.0353310879665023, 'sigma_boundary': 1.2915553346817346, 'alpha': 0.8885392279405335}. Best is trial 5 with value: 0.09277326556003028.
[I 2026-03-04 13:51:43,851] Trial 21 finished with value: 0.11683335148351734 and parameters: {'sigma_noise': 0.15032843544600033, 'A_repulsion': 0.44717584115104037, 'gamma': 0.3000161097094357, 'sigma_update': 0.34719709452478204, 'eta_learning': 1.991740029795388, 'sigma_boundary': 2.668661263778541, 'alpha': 0.8260728197427306}. Best is trial 5 with value: 0.09277326556003028.
[I 2026-03-04 13:51:58,127] Trial 34 finished with value: 1.5458587604617584 and parameters: {'sigma_noise': 0.25594936723638295, 'A_repulsion': 0.21768581137034831, 'gamma': 0.1008600148550756, 'sigma_update': 0.1220274016964139, 'eta_learning': 1.1676943694348207, 'sigma_boundary': 9.69433359806138, 'alpha': 0.14778433622505294}. Best is trial 5 with value: 0.09277326556003028.
[I 2026-03-04 13:52:32,403] Trial 0 finished with value: 0.1549288493838385 and parameters: {'sigma_noise': 0.2901512339864229, 'A_repulsion': 0.23706188021032643, 'gamma': 0.23104790061465116, 'sigma_update': 0.41640393284858535, 'eta_learning': 0.8935995973143065, 'sigma_boundary': 2.960262754696634, 'alpha': 0.8426490234835431}. Best is trial 5 with value: 0.09277326556003028.
[I 2026-03-04 13:52:36,780] Trial 6 finished with value: 1.5016920586505598 and parameters: {'sigma_noise': 0.3350866816253481, 'A_repulsion': 0.16819123383843432, 'gamma': 0.6243216390292725, 'sigma_update': 0.6813306330329723, 'eta_learning': 0.6787360023855307, 'sigma_boundary': 3.0822665863233607, 'alpha': 0.16563401404023292}. Best is trial 5 with value: 0.09277326556003028.
[I 2026-03-04 13:52:42,998] Trial 14 finished with value: 0.09523874646231273 and parameters: {'sigma_noise': 0.2641842487076118, 'A_repulsion': 0.2833348937484864, 'gamma': 0.6432128767460339, 'sigma_update': 0.2583504308837325, 'eta_learning': 2.670162230752632, 'sigma_boundary': 7.505085464574344, 'alpha': 0.8078746340576562}. Best is trial 5 with value: 0.09277326556003028.
[I 2026-03-04 13:52:48,896] Trial 37 finished with value: 0.15466377960614694 and parameters: {'sigma_noise': 0.22722720223035825, 'A_repulsion': 0.3663051199489041, 'gamma': 0.8812990039901714, 'sigma_update': 0.4274118518357919, 'eta_learning': 2.104159769327931, 'sigma_boundary': 8.496509208568487, 'alpha': 0.48127521451974975}. Best is trial 5 with value: 0.09277326556003028.
[I 2026-03-04 13:53:06,436] Trial 31 finished with value: 0.22033572057519166 and parameters: {'sigma_noise': 0.37785325523012214, 'A_repulsion': 0.20238624442405734, 'gamma': 0.8830916617350195, 'sigma_update': 0.10731523827378237, 'eta_learning': 0.3342890386125678, 'sigma_boundary': 8.535875475000571, 'alpha': 0.9631242797568123}. Best is trial 5 with value: 0.09277326556003028.
[I 2026-03-04 13:53:12,096] Trial 25 finished with value: 0.1081354782535694 and parameters: {'sigma_noise': 0.2582933546657959, 'A_repulsion': 0.42136301999391523, 'gamma': 0.4199827628986065, 'sigma_update': 0.2614956559134293, 'eta_learning': 1.0702740597695635, 'sigma_boundary': 8.944228046363277, 'alpha': 0.5953094205796773}. Best is trial 5 with value: 0.09277326556003028.
[I 2026-03-04 13:53:22,533] Trial 4 finished with value: 0.3308970041102965 and parameters: {'sigma_noise': 0.3225677099790524, 'A_repulsion': 0.3108356293524602, 'gamma': 0.31296343783747715, 'sigma_update': 0.08860545274024728, 'eta_learning': 2.4858798024073163, 'sigma_boundary': 8.788990073433125, 'alpha': 0.7710569549268095}. Best is trial 5 with value: 0.09277326556003028.
[I 2026-03-04 13:53:31,085] Trial 39 finished with value: 0.7802228856751627 and parameters: {'sigma_noise': 0.431268964529879, 'A_repulsion': 0.20900100418951095, 'gamma': 0.14231855276130537, 'sigma_update': 0.4441668699180763, 'eta_learning': 2.1679390902271067, 'sigma_boundary': 4.1458107673420725, 'alpha': 0.36881654681613907}. Best is trial 5 with value: 0.09277326556003028.
[I 2026-03-04 13:53:46,608] Trial 24 finished with value: 1.5818927339298579 and parameters: {'sigma_noise': 0.33115166562309384, 'A_repulsion': 0.4295389548031497, 'gamma': 0.7150659657427939, 'sigma_update': 0.47566204813675705, 'eta_learning': 2.892199147801039, 'sigma_boundary': 6.524724563903955, 'alpha': 0.22470768185270573}. Best is trial 5 with value: 0.09277326556003028.
[I 2026-03-04 13:53:48,897] Trial 30 finished with value: 1.5807050442552826 and parameters: {'sigma_noise': 0.43415348192447223, 'A_repulsion': 0.26805786511400825, 'gamma': 0.41890183807860476, 'sigma_update': 0.17156867008603113, 'eta_learning': 1.3818416576136272, 'sigma_boundary': 8.779541279165569, 'alpha': 0.13883658884607675}. Best is trial 5 with value: 0.09277326556003028.
[I 2026-03-04 13:53:55,967] Trial 17 finished with value: 0.17561301227067663 and parameters: {'sigma_noise': 0.3760769086065992, 'A_repulsion': 0.34845317664601744, 'gamma': 0.7552125891125373, 'sigma_update': 0.4112439600626554, 'eta_learning': 2.161782434255621, 'sigma_boundary': 9.973789149129592, 'alpha': 0.6701800467328565}. Best is trial 5 with value: 0.09277326556003028.
[I 2026-03-04 13:54:07,572] Trial 29 finished with value: 1.581504612193732 and parameters: {'sigma_noise': 0.4494294122563569, 'A_repulsion': 0.3023469459114294, 'gamma': 0.1180246957787303, 'sigma_update': 0.2724022751061136, 'eta_learning': 2.037328793367803, 'sigma_boundary': 9.127496320375316, 'alpha': 0.0880945948647156}. Best is trial 5 with value: 0.09277326556003028.
[I 2026-03-04 13:54:14,218] Trial 12 finished with value: 0.26654292872824326 and parameters: {'sigma_noise': 0.3675961874653378, 'A_repulsion': 0.400940499561968, 'gamma': 0.743337566759585, 'sigma_update': 0.1378025674311842, 'eta_learning': 2.692619194723248, 'sigma_boundary': 9.626002568977352, 'alpha': 0.5998379026431085}. Best is trial 5 with value: 0.09277326556003028.
[I 2026-03-04 13:54:14,321] Trial 20 finished with value: 1.119759363799492 and parameters: {'sigma_noise': 0.37632637576942113, 'A_repulsion': 0.3634067780882254, 'gamma': 0.7896654087042654, 'sigma_update': 0.12494189293018532, 'eta_learning': 2.099456908946029, 'sigma_boundary': 3.8553557357637382, 'alpha': 0.4044081522455486}. Best is trial 5 with value: 0.09277326556003028.
[I 2026-03-04 13:54:14,912] Trial 10 finished with value: 1.5820711568797758 and parameters: {'sigma_noise': 0.41210093893554633, 'A_repulsion': 0.4008088146760482, 'gamma': 0.718748141252594, 'sigma_update': 0.5705371354509889, 'eta_learning': 1.8875342778651112, 'sigma_boundary': 2.1900006788441586, 'alpha': 0.04994952455402635}. Best is trial 5 with value: 0.09277326556003028.
[I 2026-03-04 13:54:29,120] Trial 32 finished with value: 1.5622441202221933 and parameters: {'sigma_noise': 0.41367838671540175, 'A_repulsion': 0.4377512876251157, 'gamma': 0.49090623325480215, 'sigma_update': 0.6870650559389062, 'eta_learning': 1.1033998511009455, 'sigma_boundary': 9.843070180935944, 'alpha': 0.2974205576831864}. Best is trial 5 with value: 0.09277326556003028.
[I 2026-03-04 13:54:45,585] Trial 33 finished with value: 0.28360191914590127 and parameters: {'sigma_noise': 0.3708778928604697, 'A_repulsion': 0.48465973277749325, 'gamma': 0.3431974084737269, 'sigma_update': 0.15455766187886663, 'eta_learning': 1.4039081060483036, 'sigma_boundary': 5.806357454659012, 'alpha': 0.8130015635298947}. Best is trial 5 with value: 0.09277326556003028.
[I 2026-03-04 13:54:57,436] Trial 38 finished with value: 0.8910961639416819 and parameters: {'sigma_noise': 0.4313290649455617, 'A_repulsion': 0.4404905405371632, 'gamma': 0.20240112249028305, 'sigma_update': 0.15668244037877035, 'eta_learning': 0.23885271404257838, 'sigma_boundary': 2.524153064245346, 'alpha': 0.33246498885471465}. Best is trial 5 with value: 0.09277326556003028.
[I 2026-03-04 14:00:37,684] Trial 40 finished with value: 0.09547238195239488 and parameters: {'sigma_noise': 0.1837519773179172, 'A_repulsion': 0.30532636936367824, 'gamma': 0.8395527595643852, 'sigma_update': 0.2994180850697349, 'eta_learning': 1.9332721872223426, 'sigma_boundary': 2.86257761804727, 'alpha': 0.583201435565698}. Best is trial 5 with value: 0.09277326556003028.
[I 2026-03-04 14:02:31,586] Trial 60 finished with value: 0.12818346336131892 and parameters: {'sigma_noise': 0.09363380027166252, 'A_repulsion': 0.1682465400262957, 'gamma': 0.10946175611797547, 'sigma_update': 0.2938461159879548, 'eta_learning': 1.8033256128600863, 'sigma_boundary': 6.152442606907378, 'alpha': 0.7724847795974292}. Best is trial 5 with value: 0.09277326556003028.
[I 2026-03-04 14:02:41,315] Trial 42 finished with value: 0.08987863759392348 and parameters: {'sigma_noise': 0.2044893285356123, 'A_repulsion': 0.19239851745935188, 'gamma': 0.5775165479136554, 'sigma_update': 0.17068382230382848, 'eta_learning': 2.106525209220709, 'sigma_boundary': 2.6719560587037026, 'alpha': 0.6220622783998855}. Best is trial 42 with value: 0.08987863759392348.
[I 2026-03-04 14:02:54,585] Trial 41 finished with value: 1.3286549379884574 and parameters: {'sigma_noise': 0.21596660210422208, 'A_repulsion': 0.21835437522667622, 'gamma': 0.800599209298611, 'sigma_update': 0.3347215097310862, 'eta_learning': 1.6585486217926777, 'sigma_boundary': 3.1032202228703802, 'alpha': 0.16708964843419827}. Best is trial 42 with value: 0.08987863759392348.
[I 2026-03-04 14:03:09,933] Trial 51 finished with value: 0.1396544868896251 and parameters: {'sigma_noise': 0.16876629696855533, 'A_repulsion': 0.11936019734538117, 'gamma': 0.497617161164102, 'sigma_update': 0.4673810781298412, 'eta_learning': 0.8559904128618145, 'sigma_boundary': 5.5458542339299, 'alpha': 0.6363211099096344}. Best is trial 42 with value: 0.08987863759392348.
[I 2026-03-04 14:03:54,106] Trial 56 finished with value: 0.14895084273262033 and parameters: {'sigma_noise': 0.17890806753629074, 'A_repulsion': 0.18854309777173142, 'gamma': 0.31111485130123945, 'sigma_update': 0.39967271719581215, 'eta_learning': 2.1236988840651527, 'sigma_boundary': 6.938128319718288, 'alpha': 0.591323911377714}. Best is trial 42 with value: 0.08987863759392348.
[I 2026-03-04 14:04:15,208] Trial 45 finished with value: 1.168872327080195 and parameters: {'sigma_noise': 0.30588268312033373, 'A_repulsion': 0.1302951942270906, 'gamma': 0.2698956204276475, 'sigma_update': 0.2938096603501574, 'eta_learning': 1.7176366913821444, 'sigma_boundary': 6.839771932999442, 'alpha': 0.22389445642791372}. Best is trial 42 with value: 0.08987863759392348.
[I 2026-03-04 14:04:17,378] Trial 53 finished with value: 0.09183641632610397 and parameters: {'sigma_noise': 0.17612511531574637, 'A_repulsion': 0.24818649564972595, 'gamma': 0.71469682144606, 'sigma_update': 0.25227589064871814, 'eta_learning': 1.175380861130758, 'sigma_boundary': 5.1141238570740715, 'alpha': 0.6333138687574702}. Best is trial 42 with value: 0.08987863759392348.
[I 2026-03-04 14:04:34,427] Trial 48 finished with value: 0.1288292742094634 and parameters: {'sigma_noise': 0.2024536957702155, 'A_repulsion': 0.27156247926540933, 'gamma': 0.6759840536644053, 'sigma_update': 0.33608770941677246, 'eta_learning': 1.8670454612038452, 'sigma_boundary': 3.282087382047383, 'alpha': 0.5123207533333549}. Best is trial 42 with value: 0.08987863759392348.
[I 2026-03-04 14:04:34,681] Trial 49 finished with value: 0.3439287425356708 and parameters: {'sigma_noise': 0.2620764800657804, 'A_repulsion': 0.16305370035672212, 'gamma': 0.34393201729072104, 'sigma_update': 0.425603875865516, 'eta_learning': 0.48199968638511, 'sigma_boundary': 3.6656942892093665, 'alpha': 0.36757084430989906}. Best is trial 42 with value: 0.08987863759392348.
[I 2026-03-04 14:04:41,781] Trial 44 finished with value: 0.5060634508952143 and parameters: {'sigma_noise': 0.2828116830365223, 'A_repulsion': 0.26179185578765435, 'gamma': 0.211141859349289, 'sigma_update': 0.4912124474899918, 'eta_learning': 2.0273890802388324, 'sigma_boundary': 4.6992032923908535, 'alpha': 0.4213751634852652}. Best is trial 42 with value: 0.08987863759392348.
[I 2026-03-04 14:04:49,940] Trial 46 finished with value: 0.09525393551513003 and parameters: {'sigma_noise': 0.22746684417731883, 'A_repulsion': 0.2677808966463358, 'gamma': 0.5790693682044161, 'sigma_update': 0.31356887382620985, 'eta_learning': 1.804029341889473, 'sigma_boundary': 6.320474558244399, 'alpha': 0.6923116246861782}. Best is trial 42 with value: 0.08987863759392348.
[I 2026-03-04 14:05:13,073] Trial 47 finished with value: 0.818593477394304 and parameters: {'sigma_noise': 0.31185200136367464, 'A_repulsion': 0.21765281343494208, 'gamma': 0.5335369120592943, 'sigma_update': 0.6406787230143769, 'eta_learning': 1.7959289946942005, 'sigma_boundary': 8.385716757123847, 'alpha': 0.405376153272449}. Best is trial 42 with value: 0.08987863759392348.
[I 2026-03-04 14:05:16,529] Trial 43 finished with value: 1.5803506389601756 and parameters: {'sigma_noise': 0.39898408910003175, 'A_repulsion': 0.21507511736146612, 'gamma': 0.6697823483350386, 'sigma_update': 0.35147213748695266, 'eta_learning': 1.8536000558766745, 'sigma_boundary': 8.602558486560337, 'alpha': 0.17625725333355274}. Best is trial 42 with value: 0.08987863759392348.
[I 2026-03-04 14:05:45,369] Trial 62 finished with value: 0.20288163924922112 and parameters: {'sigma_noise': 0.1322026138672988, 'A_repulsion': 0.2756852375111255, 'gamma': 0.33190874762805445, 'sigma_update': 0.4726817952696513, 'eta_learning': 1.7581843170538995, 'sigma_boundary': 5.398988344986699, 'alpha': 0.536183965382903}. Best is trial 42 with value: 0.08987863759392348.
[I 2026-03-04 14:05:48,142] Trial 57 finished with value: 0.10461130516206518 and parameters: {'sigma_noise': 0.22906758198295107, 'A_repulsion': 0.2552147669181235, 'gamma': 0.701540348658032, 'sigma_update': 0.2779711581700772, 'eta_learning': 1.4126617202912262, 'sigma_boundary': 1.5358534989462125, 'alpha': 0.5328689666703779}. Best is trial 42 with value: 0.08987863759392348.
