[I 2026-03-04 13:53:14,186] Trial 53 finished with value: 0.15184787383529313 and parameters: {'sigma_noise': 0.3023145306310255, 'A_repulsion': 0.20405441150517523, 'gamma': 0.6120244650372616, 'sigma_update': 0.36286403175891657, 'eta_learning': 1.0485036413972388, 'sigma_boundary': 7.320686486854374, 'alpha': 0.6528446585751485}. Best is trial 35 with value: 0.09723225904901461.
[I 2026-03-04 13:53:33,536] Trial 58 finished with value: 0.11817661910801089 and parameters: {'sigma_noise': 0.2449631480978977, 'A_repulsion': 0.20418256264150927, 'gamma': 0.33666784637597785, 'sigma_update': 0.32330360761557714, 'eta_learning': 0.72025972022923, 'sigma_boundary': 4.069315502878057, 'alpha': 0.8449165642303058}. Best is trial 35 with value: 0.09723225904901461.
[I 2026-03-04 13:54:10,083] Trial 56 finished with value: 0.777605245514158 and parameters: {'sigma_noise': 0.25549571065233495, 'A_repulsion': 0.30492639342897926, 'gamma': 0.13857552992851802, 'sigma_update': 0.3614673343147247, 'eta_learning': 1.8635451381394503, 'sigma_boundary': 3.4050147089934604, 'alpha': 0.30846497098653264}. Best is trial 35 with value: 0.09723225904901461.
[I 2026-03-04 13:54:33,916] Trial 59 finished with value: 0.5621725156818334 and parameters: {'sigma_noise': 0.30213455977007164, 'A_repulsion': 0.20478422880631592, 'gamma': 0.08453407114600775, 'sigma_update': 0.3368995578301402, 'eta_learning': 2.1323005021512, 'sigma_boundary': 6.178700193299741, 'alpha': 0.33171314560954446}. Best is trial 35 with value: 0.09723225904901461.
[I 2026-03-04 13:54:56,428] Trial 60 finished with value: 0.11636596339581884 and parameters: {'sigma_noise': 0.1782988758053774, 'A_repulsion': 0.1237753538022511, 'gamma': 0.30565518932610314, 'sigma_update': 0.35529341367533185, 'eta_learning': 1.1311143081686286, 'sigma_boundary': 6.286517691814534, 'alpha': 0.7517860020183607}. Best is trial 35 with value: 0.09723225904901461.
[I 2026-03-04 13:55:35,108] Trial 62 finished with value: 0.1465576019548238 and parameters: {'sigma_noise': 0.12503854856444188, 'A_repulsion': 0.07201413885723924, 'gamma': 0.09610152689488365, 'sigma_update': 0.35751152023427896, 'eta_learning': 1.9876345275472747, 'sigma_boundary': 7.3964605596775534, 'alpha': 0.5714873397130513}. Best is trial 35 with value: 0.09723225904901461.
[I 2026-03-04 13:56:03,844] Trial 61 finished with value: 0.11090640208197407 and parameters: {'sigma_noise': 0.2445368075569499, 'A_repulsion': 0.07837507114168935, 'gamma': 0.43419784176666415, 'sigma_update': 0.1766431600914565, 'eta_learning': 2.128266069768322, 'sigma_boundary': 5.325865139393348, 'alpha': 0.6129403188384878}. Best is trial 35 with value: 0.09723225904901461.
[I 2026-03-04 13:57:18,897] Trial 64 finished with value: 0.1252327062155535 and parameters: {'sigma_noise': 0.27033670894850304, 'A_repulsion': 0.08615573417037177, 'gamma': 0.25629247202102645, 'sigma_update': 0.21165959435431453, 'eta_learning': 1.7599463071730315, 'sigma_boundary': 3.324885556609394, 'alpha': 0.6501346744197557}. Best is trial 35 with value: 0.09723225904901461.
[I 2026-03-04 13:57:33,144] Trial 63 finished with value: 0.1386808688467217 and parameters: {'sigma_noise': 0.2749391647632428, 'A_repulsion': 0.13853577358047311, 'gamma': 0.33163289504765514, 'sigma_update': 0.25157792104785026, 'eta_learning': 2.2860608914383334, 'sigma_boundary': 5.293760180822229, 'alpha': 0.49778634173772973}. Best is trial 35 with value: 0.09723225904901461.
[I 2026-03-04 13:58:10,675] Trial 71 finished with value: 0.17892825801795353 and parameters: {'sigma_noise': 0.27553077672493026, 'A_repulsion': 0.01761153392708245, 'gamma': 0.2578301405573741, 'sigma_update': 0.09204322357754341, 'eta_learning': 1.6908473146696519, 'sigma_boundary': 5.116168702042106, 'alpha': 0.3881905080181854}. Best is trial 35 with value: 0.09723225904901461.
[I 2026-03-04 13:58:11,397] Trial 69 finished with value: 0.1805660206394627 and parameters: {'sigma_noise': 0.2796530086756985, 'A_repulsion': 0.03355183466204831, 'gamma': 0.2989254864114769, 'sigma_update': 0.3871507802044864, 'eta_learning': 1.5217160685566737, 'sigma_boundary': 5.01241922727574, 'alpha': 0.7291661071554152}. Best is trial 35 with value: 0.09723225904901461.
[I 2026-03-04 13:58:22,778] Trial 72 finished with value: 0.10862641505474699 and parameters: {'sigma_noise': 0.20489798519674796, 'A_repulsion': 0.13349545308643082, 'gamma': 0.024896041838534232, 'sigma_update': 0.12998467038477915, 'eta_learning': 1.6989129150800892, 'sigma_boundary': 6.424674043983886, 'alpha': 0.40753017846172584}. Best is trial 35 with value: 0.09723225904901461.
[I 2026-03-04 13:58:26,589] Trial 73 finished with value: 0.12503450313066278 and parameters: {'sigma_noise': 0.2030165773969131, 'A_repulsion': 0.09173833594990104, 'gamma': 0.02269941860063611, 'sigma_update': 0.18999557363995087, 'eta_learning': 1.9658135294575965, 'sigma_boundary': 4.305364176937106, 'alpha': 0.6411017592735372}. Best is trial 35 with value: 0.09723225904901461.
[I 2026-03-04 13:58:39,278] Trial 65 finished with value: 0.42141666993803306 and parameters: {'sigma_noise': 0.3416280945820615, 'A_repulsion': 0.15789871436740155, 'gamma': 0.52699543354448, 'sigma_update': 0.30690708107704057, 'eta_learning': 1.735351110197966, 'sigma_boundary': 8.24850661932101, 'alpha': 0.4016214820253966}. Best is trial 35 with value: 0.09723225904901461.
[I 2026-03-04 13:59:13,661] Trial 66 finished with value: 0.2313947955456759 and parameters: {'sigma_noise': 0.3084998919651722, 'A_repulsion': 0.14534306577312572, 'gamma': 0.07148782619234204, 'sigma_update': 0.34998981025761294, 'eta_learning': 0.9878270612828064, 'sigma_boundary': 5.785637765995876, 'alpha': 0.510800785644776}. Best is trial 35 with value: 0.09723225904901461.
[I 2026-03-04 13:59:21,708] Trial 68 finished with value: 0.32470429281867197 and parameters: {'sigma_noise': 0.4056158632191695, 'A_repulsion': 0.051579067598292644, 'gamma': 0.010941180372565551, 'sigma_update': 0.31907207880661437, 'eta_learning': 2.202534472384149, 'sigma_boundary': 7.040280373372468, 'alpha': 0.4109355076149943}. Best is trial 35 with value: 0.09723225904901461.
[I 2026-03-04 13:59:39,681] Trial 67 finished with value: 0.14257374185405375 and parameters: {'sigma_noise': 0.26812602697010374, 'A_repulsion': 0.27013277924693607, 'gamma': 0.013504062906701737, 'sigma_update': 0.1799423865364999, 'eta_learning': 2.4554096436326756, 'sigma_boundary': 6.473696018695776, 'alpha': 0.5325553634485558}. Best is trial 35 with value: 0.09723225904901461.
[I 2026-03-04 13:59:47,428] Trial 70 finished with value: 0.18240053441682058 and parameters: {'sigma_noise': 0.27546525717269515, 'A_repulsion': 0.22746872012695807, 'gamma': 0.20708964090938842, 'sigma_update': 0.28617948187091047, 'eta_learning': 1.5458357557452151, 'sigma_boundary': 5.092347447513407, 'alpha': 0.4646796123252177}. Best is trial 35 with value: 0.09723225904901461.
[I 2026-03-04 14:00:13,404] Trial 77 finished with value: 0.41495673525792787 and parameters: {'sigma_noise': 0.210681858877863, 'A_repulsion': 0.07708876568952737, 'gamma': 0.3945569721815978, 'sigma_update': 0.03164305950553126, 'eta_learning': 1.3574064144066493, 'sigma_boundary': 3.9406998513522926, 'alpha': 0.6969559375043952}. Best is trial 35 with value: 0.09723225904901461.
[I 2026-03-04 14:00:48,710] Trial 78 finished with value: 0.19323367645412085 and parameters: {'sigma_noise': 0.2513814754661792, 'A_repulsion': 0.055563582942902395, 'gamma': 0.6771724479960679, 'sigma_update': 0.46397574297240957, 'eta_learning': 2.1329143889742643, 'sigma_boundary': 6.455069211574471, 'alpha': 0.5342789854844032}. Best is trial 35 with value: 0.09723225904901461.
[I 2026-03-04 14:01:02,974] Trial 74 finished with value: 0.17912852162589668 and parameters: {'sigma_noise': 0.3542789504212225, 'A_repulsion': 0.33150504018530635, 'gamma': 0.40451957085000734, 'sigma_update': 0.3005101334386957, 'eta_learning': 2.523723056127803, 'sigma_boundary': 5.687826389467699, 'alpha': 0.6804208173925652}. Best is trial 35 with value: 0.09723225904901461.
[I 2026-03-04 14:01:10,030] Trial 76 finished with value: 0.16046595505854286 and parameters: {'sigma_noise': 0.22730506044884619, 'A_repulsion': 0.2546707485289961, 'gamma': 0.1957383953669419, 'sigma_update': 0.11999763474191166, 'eta_learning': 1.1729964221030433, 'sigma_boundary': 4.220815860882558, 'alpha': 0.5864344909653916}. Best is trial 35 with value: 0.09723225904901461.
[I 2026-03-04 14:01:15,726] Trial 75 finished with value: 0.15242779937456913 and parameters: {'sigma_noise': 0.2461792298458515, 'A_repulsion': 0.2283691408930989, 'gamma': 0.25738723357256243, 'sigma_update': 0.07369370230474478, 'eta_learning': 1.5479646982320605, 'sigma_boundary': 8.319559117858894, 'alpha': 0.46259255032073454}. Best is trial 35 with value: 0.09723225904901461.
[I 2026-03-04 14:01:25,735] Trial 79 finished with value: 0.11173393384319488 and parameters: {'sigma_noise': 0.15039830519848502, 'A_repulsion': 0.2171641172737103, 'gamma': 0.4513298758787822, 'sigma_update': 0.2434382032606144, 'eta_learning': 0.9615587786811177, 'sigma_boundary': 3.4657859138251697, 'alpha': 0.4692300518777058}. Best is trial 35 with value: 0.09723225904901461.
[I 2026-03-04 14:01:39,269] Trial 80 finished with value: 0.108278172952192 and parameters: {'sigma_noise': 0.19164954810378781, 'A_repulsion': 0.12728979705470583, 'gamma': 0.4352470997504969, 'sigma_update': 0.26406272593355895, 'eta_learning': 1.2122809539398633, 'sigma_boundary': 5.242878178451783, 'alpha': 0.6420822601537681}. Best is trial 35 with value: 0.09723225904901461.
[I 2026-03-04 14:01:45,333] Trial 81 finished with value: 0.12161588544838399 and parameters: {'sigma_noise': 0.18250033420797035, 'A_repulsion': 0.04741830251058472, 'gamma': 0.5776211548050424, 'sigma_update': 0.3214297108017199, 'eta_learning': 1.250949339091657, 'sigma_boundary': 5.224745950759425, 'alpha': 0.57055951618494}. Best is trial 35 with value: 0.09723225904901461.
[I 2026-03-04 14:03:07,765] Trial 82 finished with value: 0.3842910918035354 and parameters: {'sigma_noise': 0.20801681180485143, 'A_repulsion': 0.15384515849446953, 'gamma': 0.7294951531041435, 'sigma_update': 0.37537157026181317, 'eta_learning': 1.2605543552502791, 'sigma_boundary': 5.610722808676105, 'alpha': 0.3328641941691118}. Best is trial 35 with value: 0.09723225904901461.
[I 2026-03-04 14:04:15,641] Trial 83 finished with value: 0.12165428987225124 and parameters: {'sigma_noise': 0.21708514053878863, 'A_repulsion': 0.11766594153939239, 'gamma': 0.35559541373035025, 'sigma_update': 0.4086933329235334, 'eta_learning': 1.287874855490584, 'sigma_boundary': 6.554964717186593, 'alpha': 0.7638148536176997}. Best is trial 35 with value: 0.09723225904901461.
[I 2026-03-04 14:04:39,321] Trial 88 finished with value: 0.12265157004922453 and parameters: {'sigma_noise': 0.11436463715905804, 'A_repulsion': 0.1933071579163903, 'gamma': 0.34333867218551023, 'sigma_update': 0.10782236865392684, 'eta_learning': 1.4385288116552446, 'sigma_boundary': 3.95183687242144, 'alpha': 0.48487959302268074}. Best is trial 35 with value: 0.09723225904901461.
[I 2026-03-04 14:05:02,359] Trial 89 finished with value: 0.12457028852677848 and parameters: {'sigma_noise': 0.1136709756386306, 'A_repulsion': 0.23532566212753186, 'gamma': 0.30972212954933115, 'sigma_update': 0.33573058412927603, 'eta_learning': 1.1077875825410792, 'sigma_boundary': 6.495434596762764, 'alpha': 0.6420483344169763}. Best is trial 35 with value: 0.09723225904901461.
[I 2026-03-04 14:05:04,530] Trial 84 finished with value: 0.1734926208685228 and parameters: {'sigma_noise': 0.18658826928543287, 'A_repulsion': 0.23023374848554123, 'gamma': 0.5619743674623054, 'sigma_update': 0.5400834518407692, 'eta_learning': 1.3299147259391169, 'sigma_boundary': 5.064700278968458, 'alpha': 0.6318619587084569}. Best is trial 35 with value: 0.09723225904901461.
[I 2026-03-04 14:05:20,236] Trial 85 finished with value: 0.11218361312017447 and parameters: {'sigma_noise': 0.24081320881079338, 'A_repulsion': 0.08287038093986453, 'gamma': 0.46002498711901557, 'sigma_update': 0.14791253172409727, 'eta_learning': 0.8939245775664828, 'sigma_boundary': 5.6176444756980874, 'alpha': 0.7061452585105435}. Best is trial 35 with value: 0.09723225904901461.
[I 2026-03-04 14:05:28,764] Trial 86 finished with value: 0.17071318314686154 and parameters: {'sigma_noise': 0.1648043492300411, 'A_repulsion': 0.23698312502499969, 'gamma': 0.049377094217652656, 'sigma_update': 0.08648280662610394, 'eta_learning': 0.9112860821972285, 'sigma_boundary': 5.276667213661645, 'alpha': 0.5290500286307068}. Best is trial 35 with value: 0.09723225904901461.
[I 2026-03-04 14:05:35,256] Trial 92 finished with value: 0.14736861968702086 and parameters: {'sigma_noise': 0.0722836125604559, 'A_repulsion': 0.1798407826935868, 'gamma': 0.4269108805543326, 'sigma_update': 0.4088090210956673, 'eta_learning': 1.216182240913809, 'sigma_boundary': 5.345744161435812, 'alpha': 0.5852773807646702}. Best is trial 35 with value: 0.09723225904901461.
[I 2026-03-04 14:06:13,424] Trial 87 finished with value: 0.32344203385642656 and parameters: {'sigma_noise': 0.27847315298278186, 'A_repulsion': 0.13969204133676807, 'gamma': 0.43847877088929194, 'sigma_update': 0.33550194567288, 'eta_learning': 2.2254290146386757, 'sigma_boundary': 5.294213499351148, 'alpha': 0.4125152896663049}. Best is trial 35 with value: 0.09723225904901461.
[I 2026-03-04 14:06:45,314] Trial 93 finished with value: 0.1106576344113263 and parameters: {'sigma_noise': 0.205589623205171, 'A_repulsion': 0.13010403674463758, 'gamma': 0.13462387155199212, 'sigma_update': 0.25174919399274054, 'eta_learning': 1.4763476362493304, 'sigma_boundary': 6.218102447077446, 'alpha': 0.6047751989367369}. Best is trial 35 with value: 0.09723225904901461.
[I 2026-03-04 14:06:59,405] Trial 91 finished with value: 0.3972734546631693 and parameters: {'sigma_noise': 0.24576920290422782, 'A_repulsion': 0.14854093002071128, 'gamma': 0.6834068111556992, 'sigma_update': 0.12242425562416173, 'eta_learning': 1.2528004959625296, 'sigma_boundary': 3.597863577509407, 'alpha': 0.3644254111801787}. Best is trial 35 with value: 0.09723225904901461.
[I 2026-03-04 14:07:16,222] Trial 90 finished with value: 0.24804873858516663 and parameters: {'sigma_noise': 0.2618644455323805, 'A_repulsion': 0.17236797293169834, 'gamma': 0.19755856224806875, 'sigma_update': 0.3238521050690352, 'eta_learning': 1.577424743993263, 'sigma_boundary': 6.5416766983633154, 'alpha': 0.4156636925927481}. Best is trial 35 with value: 0.09723225904901461.
[I 2026-03-04 14:07:46,821] Trial 101 finished with value: 0.11949627122556108 and parameters: {'sigma_noise': 0.08897591879378436, 'A_repulsion': 0.23220482844158785, 'gamma': 0.5169413355999694, 'sigma_update': 0.19289395622139005, 'eta_learning': 1.4294389249466053, 'sigma_boundary': 4.253769319885491, 'alpha': 0.5858890763998682}. Best is trial 35 with value: 0.09723225904901461.
[I 2026-03-04 14:07:56,876] Trial 96 finished with value: 0.11703262249454807 and parameters: {'sigma_noise': 0.17563551417776274, 'A_repulsion': 0.1699682131151709, 'gamma': 0.32141412185324447, 'sigma_update': 0.22016063097321284, 'eta_learning': 0.992936465086039, 'sigma_boundary': 3.8383409147600425, 'alpha': 0.6158283477260895}. Best is trial 35 with value: 0.09723225904901461.
[I 2026-03-04 14:08:07,760] Trial 100 finished with value: 0.1196571440150769 and parameters: {'sigma_noise': 0.20626362172990453, 'A_repulsion': 0.07781125594125184, 'gamma': 0.3414562822382501, 'sigma_update': 0.3051929081085705, 'eta_learning': 1.3180450180134207, 'sigma_boundary': 3.601135311543608, 'alpha': 0.6204996425509666}. Best is trial 35 with value: 0.09723225904901461.
[I 2026-03-04 14:08:19,855] Trial 98 finished with value: 0.12938854694756252 and parameters: {'sigma_noise': 0.13270083845124545, 'A_repulsion': 0.292444900419327, 'gamma': 0.31793818214192393, 'sigma_update': 0.21900760322756546, 'eta_learning': 1.5970005960426328, 'sigma_boundary': 6.351449214261221, 'alpha': 0.672932846352874}. Best is trial 35 with value: 0.09723225904901461.
[I 2026-03-04 14:08:39,231] Trial 99 finished with value: 0.12044418010396732 and parameters: {'sigma_noise': 0.2222921548937436, 'A_repulsion': 0.13523195077692707, 'gamma': 0.04659399108404632, 'sigma_update': 0.18825641757869166, 'eta_learning': 1.3688989898797856, 'sigma_boundary': 4.765715559113208, 'alpha': 0.6955945335054334}. Best is trial 35 with value: 0.09723225904901461.
[I 2026-03-04 14:09:04,063] Trial 94 finished with value: 0.13545214157141597 and parameters: {'sigma_noise': 0.32384197712495233, 'A_repulsion': 0.2609347613083156, 'gamma': 0.5423313556481505, 'sigma_update': 0.22861611567481877, 'eta_learning': 1.8529871296197944, 'sigma_boundary': 3.0352832229925877, 'alpha': 0.6213727804130982}. Best is trial 35 with value: 0.09723225904901461.
[I 2026-03-04 14:09:07,060] Trial 95 finished with value: 0.1312452385169811 and parameters: {'sigma_noise': 0.2665571470756544, 'A_repulsion': 0.2149768236900874, 'gamma': 0.318156967316387, 'sigma_update': 0.2401247305760715, 'eta_learning': 1.6136127684752177, 'sigma_boundary': 6.403854885683846, 'alpha': 0.8199748580757333}. Best is trial 35 with value: 0.09723225904901461.
[I 2026-03-04 14:09:36,101] Trial 102 finished with value: 0.11767360139499629 and parameters: {'sigma_noise': 0.1539489416992598, 'A_repulsion': 0.14044032832120243, 'gamma': 0.42366964125368517, 'sigma_update': 0.3348824905772273, 'eta_learning': 2.4019641327005217, 'sigma_boundary': 1.8855194054536926, 'alpha': 0.5670554219420885}. Best is trial 35 with value: 0.09723225904901461.
[I 2026-03-04 14:09:49,549] Trial 97 finished with value: 0.16074079496347327 and parameters: {'sigma_noise': 0.36325096251106537, 'A_repulsion': 0.17857104084010997, 'gamma': 0.6118365310917373, 'sigma_update': 0.20582073094881326, 'eta_learning': 0.9611161888973031, 'sigma_boundary': 5.431009886010257, 'alpha': 0.5886225524798757}. Best is trial 35 with value: 0.09723225904901461.
[I 2026-03-04 14:10:02,739] Trial 103 finished with value: 0.11784052221768387 and parameters: {'sigma_noise': 0.09380375557085836, 'A_repulsion': 0.1268684930140075, 'gamma': 0.5234692102416452, 'sigma_update': 0.25967558400415813, 'eta_learning': 1.1161826597240256, 'sigma_boundary': 2.9175302248891684, 'alpha': 0.6659726367939913}. Best is trial 35 with value: 0.09723225904901461.
[I 2026-03-04 14:11:25,236] Trial 104 finished with value: 0.1266501955531198 and parameters: {'sigma_noise': 0.18844119609255905, 'A_repulsion': 0.08220291654812777, 'gamma': 0.25224690836760405, 'sigma_update': 0.09489902173618374, 'eta_learning': 1.1897890206638115, 'sigma_boundary': 4.427393247653287, 'alpha': 0.5430003521443678}. Best is trial 35 with value: 0.09723225904901461.
[I 2026-03-04 14:12:20,869] Trial 107 finished with value: 0.11756498322275478 and parameters: {'sigma_noise': 0.2560550910555736, 'A_repulsion': 0.05470178898691842, 'gamma': 0.6182764578193871, 'sigma_update': 0.2533386220497405, 'eta_learning': 1.375217318818261, 'sigma_boundary': 7.079475230896136, 'alpha': 0.5384181291321107}. Best is trial 35 with value: 0.09723225904901461.
[I 2026-03-04 14:12:32,446] Trial 111 finished with value: 0.1489340251053435 and parameters: {'sigma_noise': 0.16029745417288227, 'A_repulsion': 0.007661204452730552, 'gamma': 0.2557243589824458, 'sigma_update': 0.41057379797674737, 'eta_learning': 1.4808261332767843, 'sigma_boundary': 5.215314812439754, 'alpha': 0.6460612616343802}. Best is trial 35 with value: 0.09723225904901461.
[I 2026-03-04 14:12:35,878] Trial 108 finished with value: 0.1227188208309845 and parameters: {'sigma_noise': 0.25474971278879677, 'A_repulsion': 0.08249131660584011, 'gamma': 0.29268176095803333, 'sigma_update': 0.3159665797863404, 'eta_learning': 1.470922030286982, 'sigma_boundary': 6.37190727944758, 'alpha': 0.694912983494018}. Best is trial 35 with value: 0.09723225904901461.
[I 2026-03-04 14:12:49,279] Trial 105 finished with value: 0.09903515706121101 and parameters: {'sigma_noise': 0.21139970392088475, 'A_repulsion': 0.22994117547594653, 'gamma': 0.4456720538537785, 'sigma_update': 0.25773188752852694, 'eta_learning': 0.8064799711663312, 'sigma_boundary': 3.034217419036733, 'alpha': 0.6309030241216437}. Best is trial 35 with value: 0.09723225904901461.
[I 2026-03-04 14:13:26,169] Trial 110 finished with value: 0.1222968760368144 and parameters: {'sigma_noise': 0.1976357187405896, 'A_repulsion': 0.15916692673982127, 'gamma': 0.22007685476478425, 'sigma_update': 0.2987085177601155, 'eta_learning': 1.05659543245668, 'sigma_boundary': 6.940803994537095, 'alpha': 0.5777311672926061}. Best is trial 35 with value: 0.09723225904901461.
[I 2026-03-04 14:13:33,375] Trial 106 finished with value: 0.13642215889173143 and parameters: {'sigma_noise': 0.2943015789597318, 'A_repulsion': 0.1801326777215656, 'gamma': 0.383093545517482, 'sigma_update': 0.2846148660103329, 'eta_learning': 1.1139387491860768, 'sigma_boundary': 3.5293651781919797, 'alpha': 0.8025016375087569}. Best is trial 35 with value: 0.09723225904901461.
[I 2026-03-04 14:13:50,174] Trial 116 finished with value: 0.11154393578673863 and parameters: {'sigma_noise': 0.12283317797271393, 'A_repulsion': 0.049999799222538235, 'gamma': 0.28900530893730497, 'sigma_update': 0.2265075793154257, 'eta_learning': 0.24245954087601435, 'sigma_boundary': 4.7338895825051175, 'alpha': 0.4006031452782135}. Best is trial 35 with value: 0.09723225904901461.
[I 2026-03-04 14:14:05,224] Trial 113 finished with value: 0.10909536960089619 and parameters: {'sigma_noise': 0.20979570088812927, 'A_repulsion': 0.06356452377408565, 'gamma': 0.414707113397629, 'sigma_update': 0.20647997984081043, 'eta_learning': 1.5723328497355675, 'sigma_boundary': 3.8764767933463293, 'alpha': 0.4617109154647101}. Best is trial 35 with value: 0.09723225904901461.
