[I 2026-03-25 04:41:58,618] Trial 109 finished with value: 0.029745782473846013 and parameters: {'sigma_noise': 0.22437049043177493, 'A_repulsion': 0.2126438330391548, 'gamma': 0.5478601297114505, 'sigma_update': 0.3440897048261488, 'eta_learning': 0.3156198808977557, 'sigma_boundary': 7.088052221411365, 'alpha': 0.6184612676401724}. Best is trial 88 with value: 0.010090513206727315.
[I 2026-03-25 04:42:01,310] Trial 114 finished with value: 0.011099565057728116 and parameters: {'sigma_noise': 0.16581907287555706, 'A_repulsion': 0.22226754772891627, 'gamma': 0.5068350281141247, 'sigma_update': 0.27964584159906314, 'eta_learning': 0.23389064661720288, 'sigma_boundary': 4.920694407874217, 'alpha': 0.7870549105264265}. Best is trial 88 with value: 0.010090513206727315.
[I 2026-03-25 04:42:02,695] Trial 117 finished with value: 0.007321539387677637 and parameters: {'sigma_noise': 0.1477249716573174, 'A_repulsion': 0.12055379201669597, 'gamma': 0.6284113674877283, 'sigma_update': 0.3337245020314313, 'eta_learning': 0.21856997722921093, 'sigma_boundary': 9.304716061519496, 'alpha': 0.9346061406615069}. Best is trial 117 with value: 0.007321539387677637.
[I 2026-03-25 04:42:05,097] Trial 113 finished with value: 0.01663665805636002 and parameters: {'sigma_noise': 0.24500381392364942, 'A_repulsion': 0.14196588410238095, 'gamma': 0.4618455420265107, 'sigma_update': 0.19663240194736054, 'eta_learning': 0.4011256325845008, 'sigma_boundary': 5.786411994907606, 'alpha': 0.5866075147587202}. Best is trial 117 with value: 0.007321539387677637.
[I 2026-03-25 04:42:08,594] Trial 115 finished with value: 0.012192944779707036 and parameters: {'sigma_noise': 0.19278426087125855, 'A_repulsion': 0.2902494923131501, 'gamma': 0.642192987527583, 'sigma_update': 0.3605916833323718, 'eta_learning': 0.4624031791498438, 'sigma_boundary': 4.173982412064585, 'alpha': 0.7871144258515147}. Best is trial 117 with value: 0.007321539387677637.
[I 2026-03-25 04:42:13,479] Trial 116 finished with value: 0.030691769711426353 and parameters: {'sigma_noise': 0.22515471431131895, 'A_repulsion': 0.20568750349158824, 'gamma': 0.4262858753548354, 'sigma_update': 0.1230431428924965, 'eta_learning': 0.2330182351152026, 'sigma_boundary': 9.3272222749791, 'alpha': 0.7270800312266498}. Best is trial 117 with value: 0.007321539387677637.
[I 2026-03-25 04:42:16,831] Trial 118 finished with value: 0.013630014017515329 and parameters: {'sigma_noise': 0.13119788696327225, 'A_repulsion': 0.2110427140165943, 'gamma': 0.4250239082653591, 'sigma_update': 0.3637308590746584, 'eta_learning': 0.21234278265020826, 'sigma_boundary': 5.205792181135587, 'alpha': 0.6312945867015247}. Best is trial 117 with value: 0.007321539387677637.
[I 2026-03-25 04:42:19,267] Trial 120 finished with value: 0.03387742706908076 and parameters: {'sigma_noise': 0.07752647552608394, 'A_repulsion': 0.01314628855961475, 'gamma': 0.8686416599418183, 'sigma_update': 0.16749208454390382, 'eta_learning': 0.4573032593817987, 'sigma_boundary': 4.791930584408034, 'alpha': 0.6296723081452457}. Best is trial 117 with value: 0.007321539387677637.
[I 2026-03-25 04:42:25,175] Trial 122 finished with value: 0.01118970292158781 and parameters: {'sigma_noise': 0.10712404295554223, 'A_repulsion': 0.12655008822359, 'gamma': 0.6179118692176587, 'sigma_update': 0.320391328336316, 'eta_learning': 0.5262252837208662, 'sigma_boundary': 8.631121129363036, 'alpha': 0.7807064176951255}. Best is trial 117 with value: 0.007321539387677637.
[I 2026-03-25 04:42:26,970] Trial 123 finished with value: 0.019853266297433385 and parameters: {'sigma_noise': 0.08668250941654135, 'A_repulsion': 0.1581237946271482, 'gamma': 0.8010950497417819, 'sigma_update': 0.3147798804026308, 'eta_learning': 0.5727630005990165, 'sigma_boundary': 6.966986121447624, 'alpha': 0.7181082687822397}. Best is trial 117 with value: 0.007321539387677637.
[I 2026-03-25 04:42:28,315] Trial 119 finished with value: 0.040246784182560565 and parameters: {'sigma_noise': 0.1979724797270646, 'A_repulsion': 0.20512656503582138, 'gamma': 0.3336841509591785, 'sigma_update': 0.4221073621447752, 'eta_learning': 0.6573905849353119, 'sigma_boundary': 6.60964015167929, 'alpha': 0.7229523813529077}. Best is trial 117 with value: 0.007321539387677637.
[I 2026-03-25 04:42:31,560] Trial 125 finished with value: 0.01798699119518269 and parameters: {'sigma_noise': 0.028950335500058398, 'A_repulsion': 0.13064434452167561, 'gamma': 0.5643879256457321, 'sigma_update': 0.406891976165182, 'eta_learning': 0.4044236033792048, 'sigma_boundary': 8.022703929015139, 'alpha': 0.6141027374419566}. Best is trial 117 with value: 0.007321539387677637.
[I 2026-03-25 04:42:37,634] Trial 129 finished with value: 0.01287129191034597 and parameters: {'sigma_noise': 0.1511350205155489, 'A_repulsion': 0.1057970017092422, 'gamma': 0.7086329465127302, 'sigma_update': 0.42899396149233804, 'eta_learning': 0.3743849594718653, 'sigma_boundary': 7.878129349472949, 'alpha': 0.9551715543068877}. Best is trial 117 with value: 0.007321539387677637.
[I 2026-03-25 04:42:39,229] Trial 124 finished with value: 0.01761899837290414 and parameters: {'sigma_noise': 0.2513630068840947, 'A_repulsion': 0.15925922508940907, 'gamma': 0.6088957618584815, 'sigma_update': 0.2018260698651739, 'eta_learning': 0.7426144143054757, 'sigma_boundary': 7.276778432124022, 'alpha': 0.7918682124014387}. Best is trial 117 with value: 0.007321539387677637.
[I 2026-03-25 04:42:43,298] Trial 127 finished with value: 0.012045490303795498 and parameters: {'sigma_noise': 0.13941879924836276, 'A_repulsion': 0.21502076391746, 'gamma': 0.7480261622185316, 'sigma_update': 0.29571211313216006, 'eta_learning': 0.24800067275709176, 'sigma_boundary': 8.612358689013101, 'alpha': 0.4681658271232608}. Best is trial 117 with value: 0.007321539387677637.
[I 2026-03-25 04:42:44,809] Trial 131 finished with value: 0.02629909220008468 and parameters: {'sigma_noise': 0.09039390122113422, 'A_repulsion': 0.1253251789079744, 'gamma': 0.8733916148750789, 'sigma_update': 0.24722893239217505, 'eta_learning': 0.23232940318532613, 'sigma_boundary': 9.793448814295278, 'alpha': 0.914088864060874}. Best is trial 117 with value: 0.007321539387677637.
[I 2026-03-25 04:42:46,096] Trial 128 finished with value: 0.021122678168833495 and parameters: {'sigma_noise': 0.20548050189860542, 'A_repulsion': 0.16700776521417593, 'gamma': 0.606641720163969, 'sigma_update': 0.29100551755175824, 'eta_learning': 0.49183873551622515, 'sigma_boundary': 7.925174430799681, 'alpha': 0.6568571302732268}. Best is trial 117 with value: 0.007321539387677637.
[I 2026-03-25 04:42:47,255] Trial 121 finished with value: 0.03354547585405639 and parameters: {'sigma_noise': 0.33174632483090777, 'A_repulsion': 0.26777501003688065, 'gamma': 0.7329284412781644, 'sigma_update': 0.2794848785555082, 'eta_learning': 0.6165925443637067, 'sigma_boundary': 5.492840523276802, 'alpha': 0.8551535865038544}. Best is trial 117 with value: 0.007321539387677637.
[I 2026-03-25 04:42:48,622] Trial 126 finished with value: 0.020687927091058798 and parameters: {'sigma_noise': 0.21077811915088504, 'A_repulsion': 0.15504169487699257, 'gamma': 0.6039651481325835, 'sigma_update': 0.28193316715005023, 'eta_learning': 0.4203274629029018, 'sigma_boundary': 7.6770219484843345, 'alpha': 0.6336567413263233}. Best is trial 117 with value: 0.007321539387677637.
[I 2026-03-25 04:42:54,162] Trial 134 finished with value: 0.00993408722314532 and parameters: {'sigma_noise': 0.09174725892611725, 'A_repulsion': 0.249901996745463, 'gamma': 0.6728470739405501, 'sigma_update': 0.21495871282580906, 'eta_learning': 0.33439374711188785, 'sigma_boundary': 6.284135017365308, 'alpha': 0.479454640164951}. Best is trial 117 with value: 0.007321539387677637.
[I 2026-03-25 04:42:56,615] Trial 138 finished with value: 0.009594979807594304 and parameters: {'sigma_noise': 0.139902337317987, 'A_repulsion': 0.00930235967671067, 'gamma': 0.5636366902068094, 'sigma_update': 0.15052945019942635, 'eta_learning': 0.29269550551305873, 'sigma_boundary': 9.608589992545928, 'alpha': 0.6832700381504108}. Best is trial 117 with value: 0.007321539387677637.
[I 2026-03-25 04:42:58,550] Trial 130 finished with value: 0.0229837138983629 and parameters: {'sigma_noise': 0.2529231008908394, 'A_repulsion': 0.18453944386500556, 'gamma': 0.5600329431828882, 'sigma_update': 0.2645398400259802, 'eta_learning': 0.43042619067067145, 'sigma_boundary': 6.904169044093932, 'alpha': 0.623722906491059}. Best is trial 117 with value: 0.007321539387677637.
[I 2026-03-25 04:43:00,891] Trial 135 finished with value: 0.011926403043840583 and parameters: {'sigma_noise': 0.17036780602582033, 'A_repulsion': 0.1341732638516105, 'gamma': 0.45370663364230857, 'sigma_update': 0.19762058547108569, 'eta_learning': 0.19357387163326883, 'sigma_boundary': 6.109150648377175, 'alpha': 0.5037220826024243}. Best is trial 117 with value: 0.007321539387677637.
[I 2026-03-25 04:43:01,669] Trial 137 finished with value: 0.015668521211878148 and parameters: {'sigma_noise': 0.07101906931428156, 'A_repulsion': 0.22125211208171688, 'gamma': 0.6479687361782664, 'sigma_update': 0.24413549906381657, 'eta_learning': 0.1630375197250453, 'sigma_boundary': 8.272244953359628, 'alpha': 0.6702863893357528}. Best is trial 117 with value: 0.007321539387677637.
[I 2026-03-25 04:43:02,528] Trial 133 finished with value: 0.0742598414703419 and parameters: {'sigma_noise': 0.2754942993549874, 'A_repulsion': 0.11406907001149545, 'gamma': 0.6294355862840422, 'sigma_update': 0.41215260381037205, 'eta_learning': 0.3030310680250273, 'sigma_boundary': 8.839662608454761, 'alpha': 0.4625581746689168}. Best is trial 117 with value: 0.007321539387677637.
[I 2026-03-25 04:43:08,505] Trial 136 finished with value: 0.012237796248001063 and parameters: {'sigma_noise': 0.11112744240083723, 'A_repulsion': 0.4514516783819111, 'gamma': 0.7500674844601523, 'sigma_update': 0.3749819010568175, 'eta_learning': 0.5374626481811149, 'sigma_boundary': 6.16151356112983, 'alpha': 0.7298715747612418}. Best is trial 117 with value: 0.007321539387677637.
[I 2026-03-25 04:43:12,723] Trial 132 finished with value: 0.0635921757186238 and parameters: {'sigma_noise': 0.29031679159818014, 'A_repulsion': 0.26220515034000036, 'gamma': 0.2834944124264171, 'sigma_update': 0.2690978077393779, 'eta_learning': 0.33690085004164455, 'sigma_boundary': 9.160505735506723, 'alpha': 0.411342504748677}. Best is trial 117 with value: 0.007321539387677637.
[I 2026-03-25 04:43:12,946] Trial 140 finished with value: 0.02225227809154067 and parameters: {'sigma_noise': 0.12871717362467733, 'A_repulsion': 0.20788041496570758, 'gamma': 0.705855597129809, 'sigma_update': 0.06492390297592322, 'eta_learning': 0.6581701081563376, 'sigma_boundary': 7.873879369619173, 'alpha': 0.6752207903003401}. Best is trial 117 with value: 0.007321539387677637.
[I 2026-03-25 04:43:19,664] Trial 139 finished with value: 0.019980756769014518 and parameters: {'sigma_noise': 0.2054179592686668, 'A_repulsion': 0.27770290441458806, 'gamma': 0.5701760899400311, 'sigma_update': 0.36461848586373585, 'eta_learning': 0.5682154893869609, 'sigma_boundary': 7.010807616118694, 'alpha': 0.8354268998481706}. Best is trial 117 with value: 0.007321539387677637.
[I 2026-03-25 04:43:23,939] Trial 143 finished with value: 0.05113285522634528 and parameters: {'sigma_noise': 0.12523873858631007, 'A_repulsion': 0.07456297959710731, 'gamma': 0.7088262509360553, 'sigma_update': 0.04099595269731731, 'eta_learning': 0.6600245467885337, 'sigma_boundary': 7.9652245396995065, 'alpha': 0.5719789756279813}. Best is trial 117 with value: 0.007321539387677637.
[I 2026-03-25 04:43:25,739] Trial 146 finished with value: 0.011190189328120178 and parameters: {'sigma_noise': 0.10042517171835914, 'A_repulsion': 0.16700302796354163, 'gamma': 0.6070838501689185, 'sigma_update': 0.3049343468488223, 'eta_learning': 0.5108793040020501, 'sigma_boundary': 6.9835228945737535, 'alpha': 0.8287634702569674}. Best is trial 117 with value: 0.007321539387677637.
[I 2026-03-25 04:43:29,440] Trial 142 finished with value: 0.02487325673372571 and parameters: {'sigma_noise': 0.1424859056824244, 'A_repulsion': 0.31263056069978445, 'gamma': 0.5311614748466688, 'sigma_update': 0.41110750792067435, 'eta_learning': 0.39710628033381223, 'sigma_boundary': 7.402481247068747, 'alpha': 0.5741369285198288}. Best is trial 117 with value: 0.007321539387677637.
[I 2026-03-25 04:43:30,274] Trial 141 finished with value: 0.022359917449685282 and parameters: {'sigma_noise': 0.2564355433918071, 'A_repulsion': 0.3018506819187076, 'gamma': 0.46127626760721097, 'sigma_update': 0.19519366550639297, 'eta_learning': 0.6840879180870881, 'sigma_boundary': 9.190965421640577, 'alpha': 0.6068677034220139}. Best is trial 117 with value: 0.007321539387677637.
[I 2026-03-25 04:43:32,043] Trial 145 finished with value: 0.012890777165068298 and parameters: {'sigma_noise': 0.09089600997226135, 'A_repulsion': 0.32496657689464076, 'gamma': 0.7451993553684673, 'sigma_update': 0.34829602538758664, 'eta_learning': 0.4522382804096437, 'sigma_boundary': 7.683152532187539, 'alpha': 0.6889267326682047}. Best is trial 117 with value: 0.007321539387677637.
[I 2026-03-25 04:43:32,146] Trial 147 finished with value: 0.010950950852875431 and parameters: {'sigma_noise': 0.1032839176659772, 'A_repulsion': 0.1691190894747314, 'gamma': 0.6250236283672435, 'sigma_update': 0.1463080124626402, 'eta_learning': 0.271739127974493, 'sigma_boundary': 6.116506109481524, 'alpha': 0.5153468383602113}. Best is trial 117 with value: 0.007321539387677637.
[I 2026-03-25 04:43:34,733] Trial 144 finished with value: 0.015211400988059806 and parameters: {'sigma_noise': 0.1688958387745889, 'A_repulsion': 0.10749166292908895, 'gamma': 0.4855334726141409, 'sigma_update': 0.2993224196951153, 'eta_learning': 0.814711095259997, 'sigma_boundary': 6.8572867818450876, 'alpha': 0.7370538587456041}. Best is trial 117 with value: 0.007321539387677637.
[I 2026-03-25 04:43:39,558] Trial 151 finished with value: 0.01926854526993539 and parameters: {'sigma_noise': 0.09911153884057711, 'A_repulsion': 0.022619951759165174, 'gamma': 0.7728531997073967, 'sigma_update': 0.2970373985326385, 'eta_learning': 0.7214862910599064, 'sigma_boundary': 8.782073583568026, 'alpha': 0.9141709355999739}. Best is trial 117 with value: 0.007321539387677637.
[I 2026-03-25 04:43:41,835] Trial 148 finished with value: 0.01831341574273939 and parameters: {'sigma_noise': 0.16849637693692476, 'A_repulsion': 0.12182450678454948, 'gamma': 0.4052436101211925, 'sigma_update': 0.19591909671314323, 'eta_learning': 0.2682429218170255, 'sigma_boundary': 6.2860082740641605, 'alpha': 0.775712165534349}. Best is trial 117 with value: 0.007321539387677637.
[I 2026-03-25 04:43:43,592] Trial 153 finished with value: 0.023966419756872234 and parameters: {'sigma_noise': 0.20304957441929794, 'A_repulsion': 0.02303666293922127, 'gamma': 0.8926102314487192, 'sigma_update': 0.3010169198438642, 'eta_learning': 0.05111253983887333, 'sigma_boundary': 9.094701285143886, 'alpha': 0.6266328066006781}. Best is trial 117 with value: 0.007321539387677637.
[I 2026-03-25 04:43:46,394] Trial 150 finished with value: 0.02122275420371606 and parameters: {'sigma_noise': 0.10500270554087626, 'A_repulsion': 0.24259479072492235, 'gamma': 0.8460150165390018, 'sigma_update': 0.27602043718818475, 'eta_learning': 0.3331774996219102, 'sigma_boundary': 9.715256105526855, 'alpha': 0.7172920388127153}. Best is trial 117 with value: 0.007321539387677637.
[I 2026-03-25 04:43:47,714] Trial 154 finished with value: 0.025467349779414204 and parameters: {'sigma_noise': 0.173521718677344, 'A_repulsion': 0.07307082103894673, 'gamma': 0.33342390937870964, 'sigma_update': 0.3646115778400152, 'eta_learning': 0.5810706853544879, 'sigma_boundary': 8.949746724484989, 'alpha': 0.836079404450624}. Best is trial 117 with value: 0.007321539387677637.
[I 2026-03-25 04:43:53,941] Trial 149 finished with value: 0.011162605451491468 and parameters: {'sigma_noise': 0.1487745227769456, 'A_repulsion': 0.2572230533187822, 'gamma': 0.7214545421630671, 'sigma_update': 0.1638951039024857, 'eta_learning': 0.4419769616927051, 'sigma_boundary': 6.608131011451438, 'alpha': 0.7940062384655107}. Best is trial 117 with value: 0.007321539387677637.
[I 2026-03-25 04:43:56,944] Trial 156 finished with value: 0.02419096214563285 and parameters: {'sigma_noise': 0.16198276909070544, 'A_repulsion': 0.05356066053843177, 'gamma': 0.6937620041871797, 'sigma_update': 0.3661746514127255, 'eta_learning': 0.6246850100052455, 'sigma_boundary': 8.072837016150288, 'alpha': 0.6793473686259808}. Best is trial 117 with value: 0.007321539387677637.
[I 2026-03-25 04:43:58,157] Trial 158 finished with value: 0.02009399555615634 and parameters: {'sigma_noise': 0.0655718254099644, 'A_repulsion': 0.16370434355294328, 'gamma': 0.855791160935632, 'sigma_update': 0.45922539475236906, 'eta_learning': 0.4973995689382896, 'sigma_boundary': 8.463436963388233, 'alpha': 0.6095196173163546}. Best is trial 117 with value: 0.007321539387677637.
[I 2026-03-25 04:43:58,884] Trial 155 finished with value: 0.010567723336764197 and parameters: {'sigma_noise': 0.12184279299104815, 'A_repulsion': 0.18794153755816878, 'gamma': 0.5676228397840373, 'sigma_update': 0.23737965102221267, 'eta_learning': 0.6840681537759802, 'sigma_boundary': 9.715867495115281, 'alpha': 0.6163413915438961}. Best is trial 117 with value: 0.007321539387677637.
[I 2026-03-25 04:44:01,275] Trial 157 finished with value: 0.015649648325616154 and parameters: {'sigma_noise': 0.15845280041418755, 'A_repulsion': 0.10758937147146465, 'gamma': 0.8232408650846801, 'sigma_update': 0.3568210548040903, 'eta_learning': 0.6982209011637164, 'sigma_boundary': 8.614445142031318, 'alpha': 0.6987091032000917}. Best is trial 117 with value: 0.007321539387677637.
[I 2026-03-25 04:44:02,698] Trial 159 finished with value: 0.01943791924715063 and parameters: {'sigma_noise': 0.17223008973818768, 'A_repulsion': 0.03662349389263367, 'gamma': 0.7599830668676433, 'sigma_update': 0.40423645630366906, 'eta_learning': 0.2552136925774445, 'sigma_boundary': 8.680080091123742, 'alpha': 0.9301809380392067}. Best is trial 117 with value: 0.007321539387677637.
[I 2026-03-25 04:44:03,463] Trial 152 finished with value: 0.04512861022282815 and parameters: {'sigma_noise': 0.22446010502287897, 'A_repulsion': 0.16910459653911966, 'gamma': 0.8649810797458746, 'sigma_update': 0.2713075880877868, 'eta_learning': 0.40826009882017644, 'sigma_boundary': 6.7809044146263355, 'alpha': 0.36964512880276}. Best is trial 117 with value: 0.007321539387677637.
[I 2026-03-25 04:44:07,287] Trial 160 finished with value: 0.014983474576930104 and parameters: {'sigma_noise': 0.1550446322191321, 'A_repulsion': 0.09671303879385691, 'gamma': 0.7360474992959942, 'sigma_update': 0.3666063583143005, 'eta_learning': 0.6703175548568963, 'sigma_boundary': 8.677224954093557, 'alpha': 0.8562316026125418}. Best is trial 117 with value: 0.007321539387677637.
[I 2026-03-25 04:44:07,499] Trial 161 finished with value: 0.019085319594096223 and parameters: {'sigma_noise': 0.0897821688007961, 'A_repulsion': 0.1674045905960547, 'gamma': 0.4413202855464473, 'sigma_update': 0.49207479199726517, 'eta_learning': 0.5316303412951602, 'sigma_boundary': 7.070466229267929, 'alpha': 0.7685489206736995}. Best is trial 117 with value: 0.007321539387677637.
[I 2026-03-25 04:44:14,388] Trial 164 finished with value: 0.016692674866190704 and parameters: {'sigma_noise': 0.10195652609144064, 'A_repulsion': 0.09931015135888205, 'gamma': 0.7935334190048735, 'sigma_update': 0.2939440800312062, 'eta_learning': 0.45668424874072705, 'sigma_boundary': 9.02686303486533, 'alpha': 0.7446558219229303}. Best is trial 117 with value: 0.007321539387677637.
[I 2026-03-25 04:44:27,341] Trial 169 finished with value: 0.02035972245402471 and parameters: {'sigma_noise': 0.09060689310936207, 'A_repulsion': 0.009827146070759019, 'gamma': 0.7860264747162179, 'sigma_update': 0.27073473462432407, 'eta_learning': 0.3820861201123269, 'sigma_boundary': 8.577941291471541, 'alpha': 0.7943281512655017}. Best is trial 117 with value: 0.007321539387677637.
[I 2026-03-25 04:44:27,457] Trial 163 finished with value: 0.05955594737981354 and parameters: {'sigma_noise': 0.16539971999993833, 'A_repulsion': 0.34630896429335845, 'gamma': 0.5590258019677294, 'sigma_update': 0.568871279261105, 'eta_learning': 0.46619413541060856, 'sigma_boundary': 8.383744887653588, 'alpha': 0.5816029717017681}. Best is trial 117 with value: 0.007321539387677637.
[I 2026-03-25 04:44:28,191] Trial 162 finished with value: 0.05008428066118973 and parameters: {'sigma_noise': 0.18907317972280216, 'A_repulsion': 0.25010918801044835, 'gamma': 0.27871995590547427, 'sigma_update': 0.29154696621074994, 'eta_learning': 0.39921150489880564, 'sigma_boundary': 5.005455336179394, 'alpha': 0.40603400793943684}. Best is trial 117 with value: 0.007321539387677637.
[I 2026-03-25 04:44:30,002] Trial 165 finished with value: 0.0073705227011733425 and parameters: {'sigma_noise': 0.15272870017786264, 'A_repulsion': 0.2154047923002094, 'gamma': 0.6239960857419231, 'sigma_update': 0.2707384371391201, 'eta_learning': 0.40992703604287845, 'sigma_boundary': 4.3046006408524935, 'alpha': 0.7968149768335244}. Best is trial 117 with value: 0.007321539387677637.
[I 2026-03-25 04:44:31,448] Trial 166 finished with value: 0.015445517810349245 and parameters: {'sigma_noise': 0.18303452014911994, 'A_repulsion': 0.10325179760456663, 'gamma': 0.5443841946756997, 'sigma_update': 0.2665621519059198, 'eta_learning': 0.42206713751370806, 'sigma_boundary': 6.5164876270608865, 'alpha': 0.5913421274636943}. Best is trial 117 with value: 0.007321539387677637.
