[I 2026-03-25 04:44:32,727] Trial 167 finished with value: 0.022840371778788254 and parameters: {'sigma_noise': 0.08070643506601198, 'A_repulsion': 0.18621882228008482, 'gamma': 0.8054128451791273, 'sigma_update': 0.08708724590517812, 'eta_learning': 0.5712089403332746, 'sigma_boundary': 7.1259619665589655, 'alpha': 0.8668907626550771}. Best is trial 117 with value: 0.007321539387677637.
[I 2026-03-25 04:44:32,909] Trial 172 finished with value: 0.01593917818798567 and parameters: {'sigma_noise': 0.10763965903871384, 'A_repulsion': 0.0965684684466312, 'gamma': 0.6092101648984543, 'sigma_update': 0.4571824271201495, 'eta_learning': 0.5088524488707847, 'sigma_boundary': 8.957035855827655, 'alpha': 0.6989244315876965}. Best is trial 117 with value: 0.007321539387677637.
[I 2026-03-25 04:44:38,219] Trial 174 finished with value: 0.020452795950310902 and parameters: {'sigma_noise': 0.014653372669628562, 'A_repulsion': 0.17235798856290638, 'gamma': 0.6707764526811303, 'sigma_update': 0.34993647155863455, 'eta_learning': 0.2676800093155045, 'sigma_boundary': 6.521320491911363, 'alpha': 0.7537538977952355}. Best is trial 117 with value: 0.007321539387677637.
[I 2026-03-25 04:44:41,807] Trial 170 finished with value: 0.03011367839271679 and parameters: {'sigma_noise': 0.18202210463581778, 'A_repulsion': 0.13659852606569464, 'gamma': 0.6601806681607024, 'sigma_update': 0.3251124252866523, 'eta_learning': 0.6746070101369935, 'sigma_boundary': 7.3735319196639, 'alpha': 0.5591045485074694}. Best is trial 117 with value: 0.007321539387677637.
[I 2026-03-25 04:44:42,032] Trial 175 finished with value: 0.019994552914191256 and parameters: {'sigma_noise': 0.03921777292650481, 'A_repulsion': 0.09281072392365347, 'gamma': 0.6937681290602976, 'sigma_update': 0.35522836448788764, 'eta_learning': 0.13697746499964034, 'sigma_boundary': 6.977142702863575, 'alpha': 0.7760516849374942}. Best is trial 117 with value: 0.007321539387677637.
[I 2026-03-25 04:44:42,590] Trial 168 finished with value: 0.018231296195163987 and parameters: {'sigma_noise': 0.182772903725361, 'A_repulsion': 0.2538366866206698, 'gamma': 0.44315321889328657, 'sigma_update': 0.3231372699895676, 'eta_learning': 0.5661085686869333, 'sigma_boundary': 8.902292979887662, 'alpha': 0.6431131543646373}. Best is trial 117 with value: 0.007321539387677637.
[I 2026-03-25 04:44:43,188] Trial 171 finished with value: 0.036369069496940645 and parameters: {'sigma_noise': 0.18078809251057243, 'A_repulsion': 0.20403738803963828, 'gamma': 0.6570860458187174, 'sigma_update': 0.10282635476245355, 'eta_learning': 0.488528434385617, 'sigma_boundary': 7.321548328092447, 'alpha': 0.6290999237544413}. Best is trial 117 with value: 0.007321539387677637.
[I 2026-03-25 04:44:51,253] Trial 173 finished with value: 0.026696152006033758 and parameters: {'sigma_noise': 0.18439998860024015, 'A_repulsion': 0.1581166397319151, 'gamma': 0.6926718461706978, 'sigma_update': 0.2646306540244789, 'eta_learning': 0.5743184845750555, 'sigma_boundary': 9.110488188120954, 'alpha': 0.5770876332583333}. Best is trial 117 with value: 0.007321539387677637.
[I 2026-03-25 04:44:58,051] Trial 176 finished with value: 0.051671584737552435 and parameters: {'sigma_noise': 0.2124109988692105, 'A_repulsion': 0.25039519765829854, 'gamma': 0.39257257175494453, 'sigma_update': 0.34009979486213043, 'eta_learning': 0.6688121036521419, 'sigma_boundary': 5.649889633957666, 'alpha': 0.5439378464136648}. Best is trial 117 with value: 0.007321539387677637.
[I 2026-03-25 04:44:59,164] Trial 178 finished with value: 0.006684069969450545 and parameters: {'sigma_noise': 0.13808940608176062, 'A_repulsion': 0.13662959576501935, 'gamma': 0.6834497663843886, 'sigma_update': 0.18553667747937574, 'eta_learning': 0.3723784455629269, 'sigma_boundary': 9.636169869437373, 'alpha': 0.6443886664173664}. Best is trial 178 with value: 0.006684069969450545.
[I 2026-03-25 04:45:03,006] Trial 181 finished with value: 0.020766167382018204 and parameters: {'sigma_noise': 0.15539948578740717, 'A_repulsion': 0.09690398974298776, 'gamma': 0.6571565706924822, 'sigma_update': 0.2410197423521748, 'eta_learning': 0.6674300571453068, 'sigma_boundary': 9.836880908603328, 'alpha': 0.5414455571458768}. Best is trial 178 with value: 0.006684069969450545.
[I 2026-03-25 04:45:06,984] Trial 183 finished with value: 0.03643751254766072 and parameters: {'sigma_noise': 0.19704474732132543, 'A_repulsion': 0.06277470362887004, 'gamma': 0.3452687169962079, 'sigma_update': 0.4156577853311063, 'eta_learning': 0.5370645116444012, 'sigma_boundary': 9.290025993321237, 'alpha': 0.7710916238086859}. Best is trial 178 with value: 0.006684069969450545.
[I 2026-03-25 04:45:07,887] Trial 182 finished with value: 0.011732666554810766 and parameters: {'sigma_noise': 0.11565848316339344, 'A_repulsion': 0.24396805593690712, 'gamma': 0.8091299365921507, 'sigma_update': 0.2588682979751651, 'eta_learning': 0.5424954463596731, 'sigma_boundary': 8.95058715477984, 'alpha': 0.651994691238264}. Best is trial 178 with value: 0.006684069969450545.
[I 2026-03-25 04:45:09,508] Trial 177 finished with value: 0.019490324613050787 and parameters: {'sigma_noise': 0.2147149503288636, 'A_repulsion': 0.32230089988681015, 'gamma': 0.682775064397278, 'sigma_update': 0.36742517126912794, 'eta_learning': 0.41468577011805613, 'sigma_boundary': 7.328780982320026, 'alpha': 0.6107525051668743}. Best is trial 178 with value: 0.006684069969450545.
[I 2026-03-25 04:45:12,350] Trial 180 finished with value: 0.017652018502374113 and parameters: {'sigma_noise': 0.20324470340954778, 'A_repulsion': 0.17723137153025809, 'gamma': 0.7339711583178394, 'sigma_update': 0.256788743131275, 'eta_learning': 0.41670777116765034, 'sigma_boundary': 9.842908129531994, 'alpha': 0.49270006927154275}. Best is trial 178 with value: 0.006684069969450545.
[I 2026-03-25 04:45:12,406] Trial 184 finished with value: 0.02229098906778594 and parameters: {'sigma_noise': 0.1693955835447409, 'A_repulsion': 0.172593964447806, 'gamma': 0.7314237672341162, 'sigma_update': 0.12941518075566988, 'eta_learning': 0.8651067794560166, 'sigma_boundary': 9.290364474219581, 'alpha': 0.9603619935439187}. Best is trial 178 with value: 0.006684069969450545.
[I 2026-03-25 04:45:13,623] Trial 185 finished with value: 0.01598814269452043 and parameters: {'sigma_noise': 0.2344904060563685, 'A_repulsion': 0.18372707624886392, 'gamma': 0.8537401277676016, 'sigma_update': 0.24277043226834052, 'eta_learning': 0.6219971275203962, 'sigma_boundary': 7.3311680336077325, 'alpha': 0.6988844933040008}. Best is trial 178 with value: 0.006684069969450545.
[I 2026-03-25 04:45:15,309] Trial 179 finished with value: 0.17722709413474153 and parameters: {'sigma_noise': 0.3057671845360345, 'A_repulsion': 0.24653384337847456, 'gamma': 0.8325461987859751, 'sigma_update': 0.4844034043656533, 'eta_learning': 0.5794628412957051, 'sigma_boundary': 5.515490491690558, 'alpha': 0.3929540513254044}. Best is trial 178 with value: 0.006684069969450545.
[I 2026-03-25 04:45:15,970] Trial 186 finished with value: 0.014157261555923496 and parameters: {'sigma_noise': 0.14088216553079533, 'A_repulsion': 0.0986011415691121, 'gamma': 0.6974415157990529, 'sigma_update': 0.3796932965946436, 'eta_learning': 0.6620410455068086, 'sigma_boundary': 8.852789714525729, 'alpha': 0.7836607469787159}. Best is trial 178 with value: 0.006684069969450545.
[I 2026-03-25 04:45:18,260] Trial 190 finished with value: 0.014335207897860495 and parameters: {'sigma_noise': 0.030077838093556436, 'A_repulsion': 0.14641923286928407, 'gamma': 0.66183562415076, 'sigma_update': 0.32803014718981893, 'eta_learning': 0.51061268479263, 'sigma_boundary': 5.44680483533498, 'alpha': 0.7185812623575182}. Best is trial 178 with value: 0.006684069969450545.
[I 2026-03-25 04:45:19,001] Trial 189 finished with value: 0.01838357737374656 and parameters: {'sigma_noise': 0.07945965753255718, 'A_repulsion': 0.20356096731535245, 'gamma': 0.711859263076782, 'sigma_update': 0.5385892935801353, 'eta_learning': 0.45752390486095806, 'sigma_boundary': 7.9733685698386125, 'alpha': 0.6999068519054401}. Best is trial 178 with value: 0.006684069969450545.
[I 2026-03-25 04:45:19,051] Trial 188 finished with value: 0.01653361475713988 and parameters: {'sigma_noise': 0.05289905939672586, 'A_repulsion': 0.2051465668232717, 'gamma': 0.5714786491734032, 'sigma_update': 0.31419791616937387, 'eta_learning': 0.7392593910418455, 'sigma_boundary': 8.694304196581815, 'alpha': 0.442824738545986}. Best is trial 178 with value: 0.006684069969450545.
[I 2026-03-25 04:45:20,100] Trial 187 finished with value: 0.012944698804142207 and parameters: {'sigma_noise': 0.08845829131521102, 'A_repulsion': 0.18597700997067168, 'gamma': 0.6337544291030447, 'sigma_update': 0.15453797358055762, 'eta_learning': 0.7872147114432835, 'sigma_boundary': 9.448321037350908, 'alpha': 0.9342598323853603}. Best is trial 178 with value: 0.006684069969450545.
[I 2026-03-25 04:45:20,245] Trial 191 finished with value: 0.017610791898080888 and parameters: {'sigma_noise': 0.04081779802349856, 'A_repulsion': 0.25164649134434647, 'gamma': 0.7895059996708728, 'sigma_update': 0.517908333430397, 'eta_learning': 0.5902254235747277, 'sigma_boundary': 8.116554262135065, 'alpha': 0.6793631106756508}. Best is trial 178 with value: 0.006684069969450545.
[I 2026-03-25 04:45:20,400] Trial 193 finished with value: 0.04016064946734499 and parameters: {'sigma_noise': 0.07379858426322178, 'A_repulsion': 0.12437256140612196, 'gamma': 0.9870317663567554, 'sigma_update': 0.4630269039662437, 'eta_learning': 0.6129151348565746, 'sigma_boundary': 7.264840491962111, 'alpha': 0.44453023445113293}. Best is trial 178 with value: 0.006684069969450545.
[I 2026-03-25 04:45:21,465] Trial 194 finished with value: 0.013057482479897924 and parameters: {'sigma_noise': 0.08584462382242675, 'A_repulsion': 0.1826510349801119, 'gamma': 0.5903754717801148, 'sigma_update': 0.49656345023404824, 'eta_learning': 0.5996618808328869, 'sigma_boundary': 6.4130487693737, 'alpha': 0.7455604609598544}. Best is trial 178 with value: 0.006684069969450545.
[I 2026-03-25 04:45:24,269] Trial 192 finished with value: 0.01254905870461905 and parameters: {'sigma_noise': 0.16805189746350693, 'A_repulsion': 0.17119462238887306, 'gamma': 0.5303061286195265, 'sigma_update': 0.18492030423848105, 'eta_learning': 0.6718333671064682, 'sigma_boundary': 9.16415132161458, 'alpha': 0.580934098452687}. Best is trial 178 with value: 0.006684069969450545.
[I 2026-03-25 04:45:24,362] Trial 195 finished with value: 0.017602253476221724 and parameters: {'sigma_noise': 0.11474918916295575, 'A_repulsion': 0.13202082469830684, 'gamma': 0.6182305012979411, 'sigma_update': 0.49682011694999856, 'eta_learning': 0.7283410569197227, 'sigma_boundary': 9.789808537761418, 'alpha': 0.6698346067792909}. Best is trial 178 with value: 0.006684069969450545.
[I 2026-03-25 04:45:25,583] Trial 198 finished with value: 0.030267287133048132 and parameters: {'sigma_noise': 0.1446384355435062, 'A_repulsion': 0.16337132762394346, 'gamma': 0.9371288324795595, 'sigma_update': 0.44256611697674575, 'eta_learning': 0.7812184884859052, 'sigma_boundary': 9.703023679490355, 'alpha': 0.861997840883971}. Best is trial 178 with value: 0.006684069969450545.
[I 2026-03-25 04:45:25,617] Trial 197 finished with value: 0.01389409249245318 and parameters: {'sigma_noise': 0.19906469149466238, 'A_repulsion': 0.10534131890774631, 'gamma': 0.6171740022515002, 'sigma_update': 0.27495531714483323, 'eta_learning': 0.5937444765781845, 'sigma_boundary': 8.26029508038653, 'alpha': 0.818414395551939}. Best is trial 178 with value: 0.006684069969450545.
[I 2026-03-25 04:45:25,844] Trial 196 finished with value: 0.021332188230570728 and parameters: {'sigma_noise': 0.24183465873670465, 'A_repulsion': 0.08381327673578473, 'gamma': 0.8170882527037518, 'sigma_update': 0.33376021222835983, 'eta_learning': 0.5558067525664916, 'sigma_boundary': 7.171407366294864, 'alpha': 0.5634130582274015}. Best is trial 178 with value: 0.006684069969450545.
[I 2026-03-25 04:45:25,953] Trial 199 finished with value: 0.01790015656338721 and parameters: {'sigma_noise': 0.2525781579879744, 'A_repulsion': 0.11860521877119398, 'gamma': 0.8130476764980185, 'sigma_update': 0.36150272766008723, 'eta_learning': 0.8713903634887902, 'sigma_boundary': 9.635228158823056, 'alpha': 0.8063957200407045}. Best is trial 178 with value: 0.006684069969450545.
