[I 2026-03-25 04:35:58,445] A new study created in memory with name: no-name-ebf113ee-454b-4b61-8471-d35ccb287fae
[I 2026-03-25 04:36:49,667] Trial 6 finished with value: 0.039928776519726886 and parameters: {'sigma_noise': 0.02036559838307905, 'A_repulsion': 0.21187746175717193, 'gamma': 0.14439876758537146, 'sigma_update': 0.12491348218913245, 'eta_learning': 0.1455296893866042, 'sigma_boundary': 9.16116409357272, 'alpha': 0.7572315231514575}. Best is trial 6 with value: 0.039928776519726886.
[I 2026-03-25 04:36:52,757] Trial 9 finished with value: 0.011734572373491532 and parameters: {'sigma_noise': 0.09345424226580407, 'A_repulsion': 0.1706285488150699, 'gamma': 0.14832753338291402, 'sigma_update': 0.22588160574852814, 'eta_learning': 0.16875715505594066, 'sigma_boundary': 4.0533978896952085, 'alpha': 0.3045482843043614}. Best is trial 9 with value: 0.011734572373491532.
[I 2026-03-25 04:36:53,696] Trial 16 finished with value: 0.22636559405502096 and parameters: {'sigma_noise': 0.06771786574276496, 'A_repulsion': 0.19309454898458256, 'gamma': 0.4561102838127868, 'sigma_update': 0.5629573174617264, 'eta_learning': 0.7976779123108066, 'sigma_boundary': 4.235480731761187, 'alpha': 0.15444865185340517}. Best is trial 9 with value: 0.011734572373491532.
[I 2026-03-25 04:36:53,978] Trial 12 finished with value: 0.04414511899923762 and parameters: {'sigma_noise': 0.11039245282459213, 'A_repulsion': 0.11901993851943138, 'gamma': 0.9960888457635577, 'sigma_update': 0.09630754264338226, 'eta_learning': 0.17007741167603713, 'sigma_boundary': 1.8562202281966518, 'alpha': 0.7991562908585715}. Best is trial 9 with value: 0.011734572373491532.
[I 2026-03-25 04:36:54,488] Trial 1 finished with value: 0.013767514617292047 and parameters: {'sigma_noise': 0.02289299847206264, 'A_repulsion': 0.4222940854237726, 'gamma': 0.3094648971138534, 'sigma_update': 0.11218423906684606, 'eta_learning': 0.5559849196251541, 'sigma_boundary': 1.79741492588772, 'alpha': 0.28767094146374206}. Best is trial 9 with value: 0.011734572373491532.
[I 2026-03-25 04:36:56,853] Trial 14 finished with value: 0.140136253596291 and parameters: {'sigma_noise': 0.03416873896582962, 'A_repulsion': 0.26576064413120654, 'gamma': 0.9310387774844077, 'sigma_update': 0.34391950214648054, 'eta_learning': 0.7310947096236118, 'sigma_boundary': 2.547297994575245, 'alpha': 0.12550959112796334}. Best is trial 9 with value: 0.011734572373491532.
[I 2026-03-25 04:36:57,108] Trial 0 finished with value: 0.05792177221806447 and parameters: {'sigma_noise': 0.1512294077886394, 'A_repulsion': 0.21474881216218183, 'gamma': 0.6275853884935942, 'sigma_update': 0.48543759396700226, 'eta_learning': 0.7173603008495354, 'sigma_boundary': 6.0944723809568515, 'alpha': 0.4977208657862958}. Best is trial 9 with value: 0.011734572373491532.
[I 2026-03-25 04:36:59,347] Trial 21 finished with value: 0.02188134195714441 and parameters: {'sigma_noise': 0.14705004720990475, 'A_repulsion': 0.14637489617644384, 'gamma': 0.016409397440661912, 'sigma_update': 0.31293226722173834, 'eta_learning': 0.31150152593403596, 'sigma_boundary': 0.4622177136363823, 'alpha': 0.761746581644489}. Best is trial 9 with value: 0.011734572373491532.
[I 2026-03-25 04:37:02,539] Trial 18 finished with value: 0.33564590539512756 and parameters: {'sigma_noise': 0.06715164301753104, 'A_repulsion': 0.45065851020301395, 'gamma': 0.3928312762522802, 'sigma_update': 0.29545696362881674, 'eta_learning': 0.44701881354788053, 'sigma_boundary': 1.2492528525632203, 'alpha': 0.07408134357157437}. Best is trial 9 with value: 0.011734572373491532.
[I 2026-03-25 04:37:03,420] Trial 3 finished with value: 0.09429223952856404 and parameters: {'sigma_noise': 0.28803291978350265, 'A_repulsion': 0.08241179747829364, 'gamma': 0.515321743164726, 'sigma_update': 0.6600633395573292, 'eta_learning': 0.10943790446089631, 'sigma_boundary': 5.755877906718939, 'alpha': 0.43501336687205405}. Best is trial 9 with value: 0.011734572373491532.
[I 2026-03-25 04:37:04,651] Trial 23 finished with value: 0.04375540917815495 and parameters: {'sigma_noise': 0.25422583307584967, 'A_repulsion': 0.11238735597145427, 'gamma': 0.06930725319850425, 'sigma_update': 0.44221006993854134, 'eta_learning': 0.07275602740268942, 'sigma_boundary': 6.92340994304986, 'alpha': 0.339620901175985}. Best is trial 9 with value: 0.011734572373491532.
[I 2026-03-25 04:37:04,936] Trial 13 finished with value: 0.03525332593901224 and parameters: {'sigma_noise': 0.07550647965910949, 'A_repulsion': 0.4784763633293782, 'gamma': 0.8231631857167969, 'sigma_update': 0.13389114680726782, 'eta_learning': 0.3792085153352327, 'sigma_boundary': 3.817369840637971, 'alpha': 0.7956731241857332}. Best is trial 9 with value: 0.011734572373491532.
[I 2026-03-25 04:37:05,404] Trial 17 finished with value: 0.017670376825865683 and parameters: {'sigma_noise': 0.2344982229882855, 'A_repulsion': 0.18020739577038308, 'gamma': 0.5282429791845038, 'sigma_update': 0.35825020909940736, 'eta_learning': 0.04096304227542985, 'sigma_boundary': 4.739559465116018, 'alpha': 0.6862321988457202}. Best is trial 9 with value: 0.011734572373491532.
[I 2026-03-25 04:37:05,933] Trial 15 finished with value: 0.01714210901497832 and parameters: {'sigma_noise': 0.14703223617015954, 'A_repulsion': 0.3029799594350709, 'gamma': 0.18775573144909377, 'sigma_update': 0.28217608091093666, 'eta_learning': 0.720469985984222, 'sigma_boundary': 6.919233609935548, 'alpha': 0.7945767019142863}. Best is trial 9 with value: 0.011734572373491532.
[I 2026-03-25 04:37:06,994] Trial 7 finished with value: 0.025315657031849327 and parameters: {'sigma_noise': 0.28213480204491015, 'A_repulsion': 0.21867361534351076, 'gamma': 0.45871662491926996, 'sigma_update': 0.2603910810007464, 'eta_learning': 0.6561632329277757, 'sigma_boundary': 2.541852187211234, 'alpha': 0.8128320748477851}. Best is trial 9 with value: 0.011734572373491532.
[I 2026-03-25 04:37:11,605] Trial 5 finished with value: 0.2782578914969048 and parameters: {'sigma_noise': 0.26527038157019794, 'A_repulsion': 0.30981743951877333, 'gamma': 0.5931484462308906, 'sigma_update': 0.619583450128667, 'eta_learning': 0.4142315220530168, 'sigma_boundary': 1.3437032449803619, 'alpha': 0.3930845015517421}. Best is trial 9 with value: 0.011734572373491532.
[I 2026-03-25 04:37:12,888] Trial 20 finished with value: 0.024954129289094913 and parameters: {'sigma_noise': 0.1796324810671403, 'A_repulsion': 0.37908710726655775, 'gamma': 0.7245763067900435, 'sigma_update': 0.2535141338192399, 'eta_learning': 0.6283756200901273, 'sigma_boundary': 0.8831258406984326, 'alpha': 0.3770392711285592}. Best is trial 9 with value: 0.011734572373491532.
[I 2026-03-25 04:37:16,405] Trial 4 finished with value: 0.09668419354085256 and parameters: {'sigma_noise': 0.33398863664103146, 'A_repulsion': 0.19655616210739812, 'gamma': 0.3459931626944552, 'sigma_update': 0.09297292346255759, 'eta_learning': 0.45561158138954994, 'sigma_boundary': 6.899750294122004, 'alpha': 0.7170076993262733}. Best is trial 9 with value: 0.011734572373491532.
[I 2026-03-25 04:37:18,494] Trial 2 finished with value: 0.721764596317382 and parameters: {'sigma_noise': 0.38299781075744055, 'A_repulsion': 0.009341483240738635, 'gamma': 0.9264995022859452, 'sigma_update': 0.06525675727528815, 'eta_learning': 0.5092571084056795, 'sigma_boundary': 2.4816967799613385, 'alpha': 0.14563837445024086}. Best is trial 9 with value: 0.011734572373491532.
[I 2026-03-25 04:37:28,781] Trial 8 finished with value: 0.09116679024297633 and parameters: {'sigma_noise': 0.3287635035554948, 'A_repulsion': 0.4360803005475338, 'gamma': 0.4395422167849382, 'sigma_update': 0.5585682066988266, 'eta_learning': 0.8891569708082955, 'sigma_boundary': 7.1977744373759025, 'alpha': 0.9849626113434389}. Best is trial 9 with value: 0.011734572373491532.
[I 2026-03-25 04:37:29,914] Trial 11 finished with value: 0.8873902352693135 and parameters: {'sigma_noise': 0.3720102209715054, 'A_repulsion': 0.3519163688632549, 'gamma': 0.46773391478631504, 'sigma_update': 0.4021176649888839, 'eta_learning': 0.28729769277778267, 'sigma_boundary': 5.838477808421124, 'alpha': 0.05047023427469277}. Best is trial 9 with value: 0.011734572373491532.
[I 2026-03-25 04:37:32,694] Trial 19 finished with value: 0.08098525943233911 and parameters: {'sigma_noise': 0.35073910743549924, 'A_repulsion': 0.195234633132014, 'gamma': 0.21672670973934174, 'sigma_update': 0.08325810307474281, 'eta_learning': 0.2361055281202365, 'sigma_boundary': 0.40700397149003825, 'alpha': 0.4240280620583091}. Best is trial 9 with value: 0.011734572373491532.
[I 2026-03-25 04:37:36,638] Trial 10 finished with value: 0.9321377536426607 and parameters: {'sigma_noise': 0.41288937480717186, 'A_repulsion': 0.37590413526973454, 'gamma': 0.508908975886653, 'sigma_update': 0.11450345639760769, 'eta_learning': 0.2303680336997087, 'sigma_boundary': 9.155629186536189, 'alpha': 0.021062426946190205}. Best is trial 9 with value: 0.011734572373491532.
[I 2026-03-25 04:37:59,383] Trial 24 finished with value: 0.11832301295087237 and parameters: {'sigma_noise': 0.2217869606803268, 'A_repulsion': 0.194340365369029, 'gamma': 0.7272529847517356, 'sigma_update': 0.36279873666203, 'eta_learning': 0.5034556773170027, 'sigma_boundary': 5.554943244834428, 'alpha': 0.359978469940623}. Best is trial 9 with value: 0.011734572373491532.
[I 2026-03-25 04:38:00,895] Trial 31 finished with value: 0.053515102962760346 and parameters: {'sigma_noise': 0.20512218777568436, 'A_repulsion': 0.15897494302579218, 'gamma': 0.6167968846081254, 'sigma_update': 0.562024821804441, 'eta_learning': 0.2381295178272655, 'sigma_boundary': 5.01661022364769, 'alpha': 0.4538339290098883}. Best is trial 9 with value: 0.011734572373491532.
[I 2026-03-25 04:38:03,154] Trial 22 finished with value: 0.18395783984261585 and parameters: {'sigma_noise': 0.4154778507211075, 'A_repulsion': 0.45774373993384554, 'gamma': 0.27725893295889165, 'sigma_update': 0.08098912065037438, 'eta_learning': 0.16025335220428763, 'sigma_boundary': 7.768174888433135, 'alpha': 0.7708069721764697}. Best is trial 9 with value: 0.011734572373491532.
[I 2026-03-25 04:38:03,210] Trial 26 finished with value: 0.04372125541301898 and parameters: {'sigma_noise': 0.24598648364745546, 'A_repulsion': 0.15792977408060369, 'gamma': 0.3388683444448122, 'sigma_update': 0.347501433185372, 'eta_learning': 0.4260516888933252, 'sigma_boundary': 7.493845683802453, 'alpha': 0.7075176153263797}. Best is trial 9 with value: 0.011734572373491532.
[I 2026-03-25 04:38:06,051] Trial 30 finished with value: 0.24306550791986728 and parameters: {'sigma_noise': 0.17435045046934677, 'A_repulsion': 0.262182741496404, 'gamma': 0.786034968312846, 'sigma_update': 0.4605794116551312, 'eta_learning': 0.5674066046463424, 'sigma_boundary': 3.54764411564648, 'alpha': 0.27697002377554686}. Best is trial 9 with value: 0.011734572373491532.
[I 2026-03-25 04:38:06,978] Trial 29 finished with value: 0.09127606430038841 and parameters: {'sigma_noise': 0.16561067505935706, 'A_repulsion': 0.339019724672208, 'gamma': 0.4591110459845926, 'sigma_update': 0.28965065291252495, 'eta_learning': 0.3293048287625842, 'sigma_boundary': 6.445557376759568, 'alpha': 0.27224450678632683}. Best is trial 9 with value: 0.011734572373491532.
[I 2026-03-25 04:38:07,119] Trial 28 finished with value: 0.07561322025859427 and parameters: {'sigma_noise': 0.2826544929996465, 'A_repulsion': 0.22523356410064824, 'gamma': 0.5888106737081074, 'sigma_update': 0.4146011785488653, 'eta_learning': 0.6099495965565385, 'sigma_boundary': 6.444458460086234, 'alpha': 0.5860519108279841}. Best is trial 9 with value: 0.011734572373491532.
[I 2026-03-25 04:38:09,529] Trial 38 finished with value: 0.019392199658440572 and parameters: {'sigma_noise': 0.15868594932101063, 'A_repulsion': 0.23590847406426085, 'gamma': 0.5406026696996837, 'sigma_update': 0.33855011493922876, 'eta_learning': 0.44893997689230347, 'sigma_boundary': 7.685831317008437, 'alpha': 0.5815478970577772}. Best is trial 9 with value: 0.011734572373491532.
[I 2026-03-25 04:38:09,827] Trial 32 finished with value: 0.059049054921415746 and parameters: {'sigma_noise': 0.20252147306512633, 'A_repulsion': 0.1921011705141805, 'gamma': 0.29825356669410025, 'sigma_update': 0.46240882718962417, 'eta_learning': 0.33329635189944573, 'sigma_boundary': 6.078935494936968, 'alpha': 0.654641968141412}. Best is trial 9 with value: 0.011734572373491532.
[I 2026-03-25 04:38:17,811] Trial 37 finished with value: 0.07138040900936549 and parameters: {'sigma_noise': 0.25927435722446257, 'A_repulsion': 0.21132777539154132, 'gamma': 0.5144506666940961, 'sigma_update': 0.5105900377394783, 'eta_learning': 0.4902921040695882, 'sigma_boundary': 3.3734984575126137, 'alpha': 0.693795700185396}. Best is trial 9 with value: 0.011734572373491532.
[I 2026-03-25 04:38:19,385] Trial 36 finished with value: 0.045631512434286925 and parameters: {'sigma_noise': 0.2285438191421739, 'A_repulsion': 0.19176388041360323, 'gamma': 0.34222686320974344, 'sigma_update': 0.3450419400529496, 'eta_learning': 0.38353264795441294, 'sigma_boundary': 5.914401792380553, 'alpha': 0.6286284111399911}. Best is trial 9 with value: 0.011734572373491532.
[I 2026-03-25 04:38:19,607] Trial 25 finished with value: 0.6734267772950143 and parameters: {'sigma_noise': 0.29047335399112084, 'A_repulsion': 0.3236660213564523, 'gamma': 0.37897221950676596, 'sigma_update': 0.3582008053664668, 'eta_learning': 0.6388131485883944, 'sigma_boundary': 4.742553196665376, 'alpha': 0.26309925788180333}. Best is trial 9 with value: 0.011734572373491532.
[I 2026-03-25 04:38:20,386] Trial 27 finished with value: 0.1368164970589959 and parameters: {'sigma_noise': 0.3312336593789113, 'A_repulsion': 0.2739403651406558, 'gamma': 0.2563052454541754, 'sigma_update': 0.5761381864781874, 'eta_learning': 0.22810335748347915, 'sigma_boundary': 5.484052755712425, 'alpha': 0.6582766573656573}. Best is trial 9 with value: 0.011734572373491532.
[I 2026-03-25 04:38:24,208] Trial 33 finished with value: 0.04484095007302452 and parameters: {'sigma_noise': 0.31367613206944944, 'A_repulsion': 0.2464895001598551, 'gamma': 0.4938741663234166, 'sigma_update': 0.32001690074140987, 'eta_learning': 0.34276241219236453, 'sigma_boundary': 3.7023256566314577, 'alpha': 0.6758285416029648}. Best is trial 9 with value: 0.011734572373491532.
[I 2026-03-25 04:38:27,563] Trial 34 finished with value: 0.2284482866953923 and parameters: {'sigma_noise': 0.3186616313014796, 'A_repulsion': 0.18367649733211291, 'gamma': 0.2621372166246905, 'sigma_update': 0.2910161928661402, 'eta_learning': 0.23940303651380307, 'sigma_boundary': 2.2863756621207645, 'alpha': 0.21493024877554107}. Best is trial 9 with value: 0.011734572373491532.
[I 2026-03-25 04:38:29,074] Trial 39 finished with value: 0.03034863571841684 and parameters: {'sigma_noise': 0.220617179504133, 'A_repulsion': 0.3023710297485997, 'gamma': 0.5643781472365356, 'sigma_update': 0.1395544528961703, 'eta_learning': 0.567621479808735, 'sigma_boundary': 5.6781413984131195, 'alpha': 0.8207160160892015}. Best is trial 9 with value: 0.011734572373491532.
[I 2026-03-25 04:38:29,355] Trial 44 finished with value: 0.13842270757281266 and parameters: {'sigma_noise': 0.14076861461951717, 'A_repulsion': 0.1317445158345027, 'gamma': 0.3214153529429731, 'sigma_update': 0.5036341125100778, 'eta_learning': 0.731492053261637, 'sigma_boundary': 5.703030566494908, 'alpha': 0.37329781853446786}. Best is trial 9 with value: 0.011734572373491532.
[I 2026-03-25 04:38:29,608] Trial 40 finished with value: 0.15131893422256723 and parameters: {'sigma_noise': 0.23951974141733903, 'A_repulsion': 0.2818565359972528, 'gamma': 0.5984808616960526, 'sigma_update': 0.5465978850376436, 'eta_learning': 0.5612571612663102, 'sigma_boundary': 4.398880449516958, 'alpha': 0.4559591668202945}. Best is trial 9 with value: 0.011734572373491532.
[I 2026-03-25 04:38:29,819] Trial 35 finished with value: 0.07609179881327066 and parameters: {'sigma_noise': 0.3588227022071989, 'A_repulsion': 0.32978585950115624, 'gamma': 0.7852249352529036, 'sigma_update': 0.5023491056458257, 'eta_learning': 0.5448549979224004, 'sigma_boundary': 8.380627401187256, 'alpha': 0.5429771110882785}. Best is trial 9 with value: 0.011734572373491532.
[I 2026-03-25 04:38:35,966] Trial 41 finished with value: 0.03910136521439719 and parameters: {'sigma_noise': 0.24286521629127356, 'A_repulsion': 0.22326265094774933, 'gamma': 0.2483024669166915, 'sigma_update': 0.07617534815878244, 'eta_learning': 0.2598687678493193, 'sigma_boundary': 7.024567880699956, 'alpha': 0.3767165135348954}. Best is trial 9 with value: 0.011734572373491532.
[I 2026-03-25 04:38:38,957] Trial 42 finished with value: 0.21143717240462975 and parameters: {'sigma_noise': 0.2488741153682535, 'A_repulsion': 0.3208998599129514, 'gamma': 0.5387049153164425, 'sigma_update': 0.4531108648282735, 'eta_learning': 0.3608728651891803, 'sigma_boundary': 2.4384227256754354, 'alpha': 0.3529216038375243}. Best is trial 9 with value: 0.011734572373491532.
[I 2026-03-25 04:38:42,172] Trial 43 finished with value: 0.05091752103726178 and parameters: {'sigma_noise': 0.23294337735897952, 'A_repulsion': 0.25385214165153186, 'gamma': 0.3741691101791771, 'sigma_update': 0.12042444444897162, 'eta_learning': 0.7330057510853071, 'sigma_boundary': 1.6966115042317798, 'alpha': 0.3839363409747831}. Best is trial 9 with value: 0.011734572373491532.
[I 2026-03-25 04:38:45,220] Trial 45 finished with value: 0.16152635935261045 and parameters: {'sigma_noise': 0.2682136293555223, 'A_repulsion': 0.1141956419763836, 'gamma': 0.6362512048769202, 'sigma_update': 0.27772831581717466, 'eta_learning': 0.650338459926638, 'sigma_boundary': 5.833190846795745, 'alpha': 0.3300147074279925}. Best is trial 9 with value: 0.011734572373491532.
[I 2026-03-25 04:38:49,486] Trial 46 finished with value: 0.08457341352029457 and parameters: {'sigma_noise': 0.3286767365519599, 'A_repulsion': 0.17036048197872142, 'gamma': 0.46511816921148474, 'sigma_update': 0.4232497908235924, 'eta_learning': 0.8520089492746352, 'sigma_boundary': 4.571325421670695, 'alpha': 0.5783954047334904}. Best is trial 9 with value: 0.011734572373491532.
[I 2026-03-25 04:39:03,572] Trial 47 finished with value: 0.011315947280073919 and parameters: {'sigma_noise': 0.14081041106963324, 'A_repulsion': 0.22806404601058272, 'gamma': 0.3574312056067469, 'sigma_update': 0.17060931534356755, 'eta_learning': 0.742472602521835, 'sigma_boundary': 3.5128744935810197, 'alpha': 0.5532833487637389}. Best is trial 47 with value: 0.011315947280073919.
[I 2026-03-25 04:39:08,666] Trial 48 finished with value: 0.04461129059807397 and parameters: {'sigma_noise': 0.1831800361845802, 'A_repulsion': 0.2265057794382117, 'gamma': 0.47104153752224803, 'sigma_update': 0.45069583938234686, 'eta_learning': 0.2955981921235666, 'sigma_boundary': 3.979441978143147, 'alpha': 0.5597667479659176}. Best is trial 47 with value: 0.011315947280073919.
[I 2026-03-25 04:39:13,254] Trial 50 finished with value: 0.1383689215125883 and parameters: {'sigma_noise': 0.21814080968251276, 'A_repulsion': 0.21884499000992008, 'gamma': 0.4283556115427397, 'sigma_update': 0.38644899124785076, 'eta_learning': 0.48340676619191936, 'sigma_boundary': 5.444341249482667, 'alpha': 0.36937689460895223}. Best is trial 47 with value: 0.011315947280073919.
[I 2026-03-25 04:39:16,397] Trial 49 finished with value: 0.010174319813531006 and parameters: {'sigma_noise': 0.1511725219522868, 'A_repulsion': 0.28298399778173683, 'gamma': 0.5981422470974121, 'sigma_update': 0.20724320609847158, 'eta_learning': 0.3883818839783422, 'sigma_boundary': 4.505136609942657, 'alpha': 0.45417455461856415}. Best is trial 49 with value: 0.010174319813531006.
[I 2026-03-25 04:39:16,497] Trial 55 finished with value: 0.14222716605365063 and parameters: {'sigma_noise': 0.18744228139144997, 'A_repulsion': 0.26774807246013743, 'gamma': 0.5286592641514449, 'sigma_update': 0.6250136743402638, 'eta_learning': 0.7485065832118406, 'sigma_boundary': 5.627088044597662, 'alpha': 0.5286720117787077}. Best is trial 49 with value: 0.010174319813531006.
[I 2026-03-25 04:39:20,316] Trial 51 finished with value: 0.13437277416541726 and parameters: {'sigma_noise': 0.22736495852311583, 'A_repulsion': 0.2627583799194788, 'gamma': 0.37373519780805886, 'sigma_update': 0.45640603482311454, 'eta_learning': 0.5173718896812123, 'sigma_boundary': 5.9904070081836975, 'alpha': 0.43606953281496175}. Best is trial 49 with value: 0.010174319813531006.
[I 2026-03-25 04:39:23,250] Trial 65 finished with value: 0.023034793700535294 and parameters: {'sigma_noise': 0.02777336138349993, 'A_repulsion': 0.2672092500149606, 'gamma': 0.43043439725144506, 'sigma_update': 0.5548534921987222, 'eta_learning': 0.5804074859598021, 'sigma_boundary': 5.192834496906481, 'alpha': 0.6278675800496861}. Best is trial 49 with value: 0.010174319813531006.
[I 2026-03-25 04:39:23,944] Trial 53 finished with value: 0.0166923296746437 and parameters: {'sigma_noise': 0.2233573914105897, 'A_repulsion': 0.32747626765426807, 'gamma': 0.8034345452799447, 'sigma_update': 0.2688092244238964, 'eta_learning': 0.5482655807498533, 'sigma_boundary': 4.989395643987847, 'alpha': 0.6200629066053469}. Best is trial 49 with value: 0.010174319813531006.
[I 2026-03-25 04:39:24,836] Trial 54 finished with value: 0.015384021570502567 and parameters: {'sigma_noise': 0.1971984114304163, 'A_repulsion': 0.324022245068857, 'gamma': 0.477895049037046, 'sigma_update': 0.2764613718605957, 'eta_learning': 0.08600141411821308, 'sigma_boundary': 6.339374396590728, 'alpha': 0.3641554391274927}. Best is trial 49 with value: 0.010174319813531006.
