[I 2026-03-25 04:39:25,252] Trial 57 finished with value: 0.029676720421552255 and parameters: {'sigma_noise': 0.22541621329137357, 'A_repulsion': 0.10237442965238609, 'gamma': 0.07921313216917472, 'sigma_update': 0.26264748318877373, 'eta_learning': 0.32716203096510166, 'sigma_boundary': 7.007234084476609, 'alpha': 0.7465912721091696}. Best is trial 49 with value: 0.010174319813531006.
[I 2026-03-25 04:39:28,422] Trial 58 finished with value: 0.02210776650793083 and parameters: {'sigma_noise': 0.2564146917472537, 'A_repulsion': 0.07407863232939668, 'gamma': 0.5336329849809529, 'sigma_update': 0.2408202416142648, 'eta_learning': 0.5234114562271517, 'sigma_boundary': 8.302796424779322, 'alpha': 0.7021677035510124}. Best is trial 49 with value: 0.010174319813531006.
[I 2026-03-25 04:39:28,877] Trial 62 finished with value: 0.05103641608559806 and parameters: {'sigma_noise': 0.1973217537649776, 'A_repulsion': 0.13570349633637746, 'gamma': 0.4610524323561221, 'sigma_update': 0.5522934285659649, 'eta_learning': 0.3415279494283711, 'sigma_boundary': 4.063056861212113, 'alpha': 0.7971450524055712}. Best is trial 49 with value: 0.010174319813531006.
[I 2026-03-25 04:39:31,721] Trial 56 finished with value: 0.2569782575646147 and parameters: {'sigma_noise': 0.1885357793453282, 'A_repulsion': 0.22630790746402452, 'gamma': 0.758588471786131, 'sigma_update': 0.3806467853856477, 'eta_learning': 0.5411894984712324, 'sigma_boundary': 7.796605222594748, 'alpha': 0.23987494602277298}. Best is trial 49 with value: 0.010174319813531006.
[I 2026-03-25 04:39:32,609] Trial 63 finished with value: 0.011743179175650183 and parameters: {'sigma_noise': 0.1471896132563514, 'A_repulsion': 0.20105385644678456, 'gamma': 0.7062095020983502, 'sigma_update': 0.4530393366187922, 'eta_learning': 0.3708647714806296, 'sigma_boundary': 5.5610966039411425, 'alpha': 0.6869997702232278}. Best is trial 49 with value: 0.010174319813531006.
[I 2026-03-25 04:39:33,113] Trial 59 finished with value: 0.062342024379676 and parameters: {'sigma_noise': 0.2120204881781834, 'A_repulsion': 0.3458162920169751, 'gamma': 0.3860277633753046, 'sigma_update': 0.4467776526928811, 'eta_learning': 0.14737275068999414, 'sigma_boundary': 7.077608924822084, 'alpha': 0.3923028082147785}. Best is trial 49 with value: 0.010174319813531006.
[I 2026-03-25 04:39:34,927] Trial 52 finished with value: 0.10260026759663088 and parameters: {'sigma_noise': 0.31675199809688037, 'A_repulsion': 0.325941977610169, 'gamma': 0.5222329128591006, 'sigma_update': 0.16845163526539353, 'eta_learning': 0.6546391206171384, 'sigma_boundary': 6.421235883617145, 'alpha': 0.43386495157936517}. Best is trial 49 with value: 0.010174319813531006.
[I 2026-03-25 04:39:42,660] Trial 60 finished with value: 0.0764555151113494 and parameters: {'sigma_noise': 0.26242408252040583, 'A_repulsion': 0.23880056692918078, 'gamma': 0.26518703196678634, 'sigma_update': 0.4735621395385497, 'eta_learning': 0.6363437997405557, 'sigma_boundary': 7.060776186409031, 'alpha': 0.8162829259298822}. Best is trial 49 with value: 0.010174319813531006.
[I 2026-03-25 04:39:43,410] Trial 61 finished with value: 0.22910423584814227 and parameters: {'sigma_noise': 0.3166176079825476, 'A_repulsion': 0.13352603484010625, 'gamma': 0.29811202129382003, 'sigma_update': 0.47420698305725323, 'eta_learning': 0.37622100746711745, 'sigma_boundary': 6.812463716393152, 'alpha': 0.35225381974063774}. Best is trial 49 with value: 0.010174319813531006.
[I 2026-03-25 04:39:45,819] Trial 67 finished with value: 0.029569936594410626 and parameters: {'sigma_noise': 0.22053991671605433, 'A_repulsion': 0.1934068768805435, 'gamma': 0.9690117796308043, 'sigma_update': 0.3036960620157123, 'eta_learning': 0.5553891354941857, 'sigma_boundary': 5.485657718737766, 'alpha': 0.4882429959041028}. Best is trial 49 with value: 0.010174319813531006.
[I 2026-03-25 04:39:46,285] Trial 66 finished with value: 0.030230588119500648 and parameters: {'sigma_noise': 0.24234479533190298, 'A_repulsion': 0.21526324372319125, 'gamma': 0.5947992168711798, 'sigma_update': 0.6414805211974925, 'eta_learning': 0.20162398371719156, 'sigma_boundary': 5.986823215846356, 'alpha': 0.8851905727527953}. Best is trial 49 with value: 0.010174319813531006.
[I 2026-03-25 04:39:49,292] Trial 69 finished with value: 0.027031852408086202 and parameters: {'sigma_noise': 0.11729433876582593, 'A_repulsion': 0.19094209393393616, 'gamma': 0.4151755111095253, 'sigma_update': 0.4315015627125725, 'eta_learning': 0.6127452387459362, 'sigma_boundary': 4.996661520638259, 'alpha': 0.6764826359980286}. Best is trial 49 with value: 0.010174319813531006.
[I 2026-03-25 04:39:53,637] Trial 64 finished with value: 0.040487831867856 and parameters: {'sigma_noise': 0.3520413154119361, 'A_repulsion': 0.3063007454667971, 'gamma': 0.344416149214089, 'sigma_update': 0.19863231730691736, 'eta_learning': 0.6062087203094331, 'sigma_boundary': 7.786670464525417, 'alpha': 0.8423712112473083}. Best is trial 49 with value: 0.010174319813531006.
[I 2026-03-25 04:39:58,241] Trial 68 finished with value: 0.10420929773751347 and parameters: {'sigma_noise': 0.27895185385744226, 'A_repulsion': 0.2875546472277073, 'gamma': 0.2866113775012577, 'sigma_update': 0.4766101475687023, 'eta_learning': 0.3845172821145132, 'sigma_boundary': 4.9430550064987, 'alpha': 0.5560715207557844}. Best is trial 49 with value: 0.010174319813531006.
[I 2026-03-25 04:39:59,979] Trial 70 finished with value: 0.04996324679595537 and parameters: {'sigma_noise': 0.2492820762605745, 'A_repulsion': 0.252569178432014, 'gamma': 0.5735796423871106, 'sigma_update': 0.4954492909910371, 'eta_learning': 0.48441436082233624, 'sigma_boundary': 6.354988776060276, 'alpha': 0.752067647066682}. Best is trial 49 with value: 0.010174319813531006.
[I 2026-03-25 04:40:08,583] Trial 71 finished with value: 0.06872145183157884 and parameters: {'sigma_noise': 0.24440942231142548, 'A_repulsion': 0.06309245343323655, 'gamma': 0.2769186418842552, 'sigma_update': 0.3971363976858522, 'eta_learning': 0.48029947161938624, 'sigma_boundary': 9.92132894621468, 'alpha': 0.5158876547612661}. Best is trial 49 with value: 0.010174319813531006.
[I 2026-03-25 04:40:19,803] Trial 72 finished with value: 0.20230866996587507 and parameters: {'sigma_noise': 0.246335341270964, 'A_repulsion': 0.2548777180309476, 'gamma': 0.5991004808012421, 'sigma_update': 0.48052902438576645, 'eta_learning': 0.5067966593875204, 'sigma_boundary': 6.9634104376177115, 'alpha': 0.3813606139698087}. Best is trial 49 with value: 0.010174319813531006.
[I 2026-03-25 04:40:20,066] Trial 76 finished with value: 0.025764129179703235 and parameters: {'sigma_noise': 0.09602521268373736, 'A_repulsion': 0.2289813660369159, 'gamma': 0.3654389423229668, 'sigma_update': 0.5142353899435058, 'eta_learning': 0.5706672040725844, 'sigma_boundary': 5.694165362188885, 'alpha': 0.8449815135776103}. Best is trial 49 with value: 0.010174319813531006.
[I 2026-03-25 04:40:23,056] Trial 79 finished with value: 0.022633221514410204 and parameters: {'sigma_noise': 0.12320527894959918, 'A_repulsion': 0.15227873961187507, 'gamma': 0.40682069115216773, 'sigma_update': 0.4771572200721249, 'eta_learning': 0.5307934164356435, 'sigma_boundary': 9.118431389640792, 'alpha': 0.873114880838233}. Best is trial 49 with value: 0.010174319813531006.
[I 2026-03-25 04:40:25,685] Trial 74 finished with value: 0.032722127703182585 and parameters: {'sigma_noise': 0.2718151349639008, 'A_repulsion': 0.11710186197673485, 'gamma': 0.5170835004159462, 'sigma_update': 0.3300130993347711, 'eta_learning': 0.08496172269370696, 'sigma_boundary': 5.33537188668293, 'alpha': 0.45030181379996104}. Best is trial 49 with value: 0.010174319813531006.
[I 2026-03-25 04:40:26,102] Trial 80 finished with value: 0.029479396181343293 and parameters: {'sigma_noise': 0.23577065474521613, 'A_repulsion': 0.01723506466497185, 'gamma': 0.6216023581468734, 'sigma_update': 0.6575522716989537, 'eta_learning': 0.2175722344025017, 'sigma_boundary': 6.805741567664926, 'alpha': 0.8852956527844074}. Best is trial 49 with value: 0.010174319813531006.
[I 2026-03-25 04:40:29,434] Trial 77 finished with value: 0.022817063193915087 and parameters: {'sigma_noise': 0.22260644913182978, 'A_repulsion': 0.12640210991685058, 'gamma': 0.4824385094814039, 'sigma_update': 0.3089949653201701, 'eta_learning': 0.3103452623007122, 'sigma_boundary': 6.798224095185802, 'alpha': 0.9605819622627826}. Best is trial 49 with value: 0.010174319813531006.
[I 2026-03-25 04:40:30,367] Trial 73 finished with value: 0.06008758604470693 and parameters: {'sigma_noise': 0.2581518445836285, 'A_repulsion': 0.21984206110665294, 'gamma': 0.5560507001798732, 'sigma_update': 0.4718077186459765, 'eta_learning': 0.2948577741377622, 'sigma_boundary': 5.035460310140843, 'alpha': 0.6432062524729815}. Best is trial 49 with value: 0.010174319813531006.
[I 2026-03-25 04:40:32,811] Trial 75 finished with value: 0.14281413170685478 and parameters: {'sigma_noise': 0.31988988339462154, 'A_repulsion': 0.11027422667087433, 'gamma': 0.103854173476322, 'sigma_update': 0.6402807533274107, 'eta_learning': 0.24578683621715797, 'sigma_boundary': 8.934142052265212, 'alpha': 0.9097823964209131}. Best is trial 49 with value: 0.010174319813531006.
[I 2026-03-25 04:40:32,953] Trial 83 finished with value: 0.03321994429276325 and parameters: {'sigma_noise': 0.20806089709690992, 'A_repulsion': 0.03590222186528966, 'gamma': 0.45866853225015686, 'sigma_update': 0.4216591742994441, 'eta_learning': 0.3001684253402357, 'sigma_boundary': 6.375790901549319, 'alpha': 0.6899628002662379}. Best is trial 49 with value: 0.010174319813531006.
[I 2026-03-25 04:40:36,475] Trial 86 finished with value: 0.04212813343988202 and parameters: {'sigma_noise': 0.2151079163669739, 'A_repulsion': 0.0673571639027827, 'gamma': 0.42919523595018666, 'sigma_update': 0.44646840085779504, 'eta_learning': 0.30151287323890524, 'sigma_boundary': 4.817467681349508, 'alpha': 0.7268030485257323}. Best is trial 49 with value: 0.010174319813531006.
[I 2026-03-25 04:40:36,475] Trial 78 finished with value: 0.09520275955446304 and parameters: {'sigma_noise': 0.22521949287253876, 'A_repulsion': 0.17770019484335983, 'gamma': 0.32577334843368994, 'sigma_update': 0.5666889823207966, 'eta_learning': 0.43508563737291106, 'sigma_boundary': 7.624180303044537, 'alpha': 0.7644309292595739}. Best is trial 49 with value: 0.010174319813531006.
[I 2026-03-25 04:40:36,995] Trial 82 finished with value: 0.04170240256870917 and parameters: {'sigma_noise': 0.18357469389965747, 'A_repulsion': 0.1643159793842695, 'gamma': 0.5905028074993233, 'sigma_update': 0.42532626795957207, 'eta_learning': 0.5712593516459578, 'sigma_boundary': 7.443764927064366, 'alpha': 0.5578753545765258}. Best is trial 49 with value: 0.010174319813531006.
[I 2026-03-25 04:40:37,489] Trial 84 finished with value: 0.06113772078708299 and parameters: {'sigma_noise': 0.1992828193348023, 'A_repulsion': 0.1387885838170407, 'gamma': 0.4099311477641014, 'sigma_update': 0.598574544984712, 'eta_learning': 0.12303322952850235, 'sigma_boundary': 6.14588320098317, 'alpha': 0.7152991957475039}. Best is trial 49 with value: 0.010174319813531006.
[I 2026-03-25 04:40:42,141] Trial 81 finished with value: 0.09979691209014815 and parameters: {'sigma_noise': 0.25937347965790847, 'A_repulsion': 0.16166826212156674, 'gamma': 0.30492279157847774, 'sigma_update': 0.4528768563197821, 'eta_learning': 0.3900237733378127, 'sigma_boundary': 8.167299931025331, 'alpha': 0.5185368881715728}. Best is trial 49 with value: 0.010174319813531006.
[I 2026-03-25 04:40:42,241] Trial 85 finished with value: 0.020431781336433287 and parameters: {'sigma_noise': 0.2661466709417128, 'A_repulsion': 0.10828057968607888, 'gamma': 0.3389219626679802, 'sigma_update': 0.16595076381516125, 'eta_learning': 0.6604374617894476, 'sigma_boundary': 6.403871616257398, 'alpha': 0.6456827051265434}. Best is trial 49 with value: 0.010174319813531006.
[I 2026-03-25 04:40:47,855] Trial 88 finished with value: 0.010090513206727315 and parameters: {'sigma_noise': 0.15660047916151354, 'A_repulsion': 0.20447620671468314, 'gamma': 0.6750141236648679, 'sigma_update': 0.2601922864505885, 'eta_learning': 0.4184002619674936, 'sigma_boundary': 8.141209559724013, 'alpha': 0.5527084496815731}. Best is trial 88 with value: 0.010090513206727315.
[I 2026-03-25 04:40:52,123] Trial 93 finished with value: 0.010562488261840166 and parameters: {'sigma_noise': 0.10355425419992177, 'A_repulsion': 0.05866997293158789, 'gamma': 0.6570488984065878, 'sigma_update': 0.25684471266758024, 'eta_learning': 0.6183823828978625, 'sigma_boundary': 8.446547485463011, 'alpha': 0.8895418010525357}. Best is trial 88 with value: 0.010090513206727315.
[I 2026-03-25 04:40:53,044] Trial 90 finished with value: 0.020229965885574058 and parameters: {'sigma_noise': 0.1286458790909509, 'A_repulsion': 0.29117092865330796, 'gamma': 0.541931530112936, 'sigma_update': 0.3672949230065965, 'eta_learning': 0.44683635196798394, 'sigma_boundary': 5.3336848171197575, 'alpha': 0.5344650992305483}. Best is trial 88 with value: 0.010090513206727315.
[I 2026-03-25 04:40:56,886] Trial 89 finished with value: 0.028050136683724684 and parameters: {'sigma_noise': 0.2210254663587096, 'A_repulsion': 0.09680124007636305, 'gamma': 0.689754125212089, 'sigma_update': 0.6833605600287889, 'eta_learning': 0.4182879605553695, 'sigma_boundary': 8.58213635351322, 'alpha': 0.7948983645530183}. Best is trial 88 with value: 0.010090513206727315.
[I 2026-03-25 04:40:57,778] Trial 92 finished with value: 0.03929253178296192 and parameters: {'sigma_noise': 0.20272919770582606, 'A_repulsion': 0.0937359424896307, 'gamma': 0.4191511645981466, 'sigma_update': 0.5019927864690399, 'eta_learning': 0.39677072567257793, 'sigma_boundary': 7.918124572589575, 'alpha': 0.9468447667756179}. Best is trial 88 with value: 0.010090513206727315.
[I 2026-03-25 04:40:58,686] Trial 87 finished with value: 0.04073202112903782 and parameters: {'sigma_noise': 0.29959827369158687, 'A_repulsion': 0.06497167197820419, 'gamma': 0.4359853213444035, 'sigma_update': 0.26707841973394053, 'eta_learning': 0.6305277324673314, 'sigma_boundary': 4.907325352457961, 'alpha': 0.6987844667872333}. Best is trial 88 with value: 0.010090513206727315.
[I 2026-03-25 04:41:02,276] Trial 91 finished with value: 0.04238500005006783 and parameters: {'sigma_noise': 0.22104177019980162, 'A_repulsion': 0.10506578872156865, 'gamma': 0.4665396635002675, 'sigma_update': 0.33022942863248755, 'eta_learning': 0.7193613733844183, 'sigma_boundary': 5.497417163528269, 'alpha': 0.5605111369219639}. Best is trial 88 with value: 0.010090513206727315.
[I 2026-03-25 04:41:13,032] Trial 94 finished with value: 0.021632320706830098 and parameters: {'sigma_noise': 0.2323756707538878, 'A_repulsion': 0.17580006169904042, 'gamma': 0.4159753627917078, 'sigma_update': 0.2295212073498592, 'eta_learning': 0.47538988800692983, 'sigma_boundary': 8.58831233511112, 'alpha': 0.7694996258250932}. Best is trial 88 with value: 0.010090513206727315.
[I 2026-03-25 04:41:20,336] Trial 96 finished with value: 0.036808195250221075 and parameters: {'sigma_noise': 0.1692332388717488, 'A_repulsion': 0.0453221680835961, 'gamma': 0.38803577923846133, 'sigma_update': 0.27171073310495014, 'eta_learning': 0.4982312805148115, 'sigma_boundary': 7.579486545718709, 'alpha': 0.4088821596161495}. Best is trial 88 with value: 0.010090513206727315.
[I 2026-03-25 04:41:24,033] Trial 99 finished with value: 0.019480760400244893 and parameters: {'sigma_noise': 0.1588562561992417, 'A_repulsion': 0.1301114665532493, 'gamma': 0.7796831183276264, 'sigma_update': 0.1954365146236002, 'eta_learning': 0.38391260509419795, 'sigma_boundary': 2.547743813320857, 'alpha': 0.6403755246722436}. Best is trial 88 with value: 0.010090513206727315.
[I 2026-03-25 04:41:24,808] Trial 95 finished with value: 0.035991674857717544 and parameters: {'sigma_noise': 0.2272111874550374, 'A_repulsion': 0.24486670286400822, 'gamma': 0.582600801661428, 'sigma_update': 0.5498306321562013, 'eta_learning': 0.19826956182756686, 'sigma_boundary': 8.14361414244971, 'alpha': 0.7463152067539924}. Best is trial 88 with value: 0.010090513206727315.
[I 2026-03-25 04:41:28,253] Trial 107 finished with value: 0.01775288071882003 and parameters: {'sigma_noise': 0.055230006287383324, 'A_repulsion': 0.09731405928229878, 'gamma': 0.5513362941222728, 'sigma_update': 0.5171879397038387, 'eta_learning': 0.39562311514027443, 'sigma_boundary': 5.843706825135688, 'alpha': 0.5522991449274598}. Best is trial 88 with value: 0.010090513206727315.
[I 2026-03-25 04:41:28,608] Trial 103 finished with value: 0.010549758240694635 and parameters: {'sigma_noise': 0.07161960041104856, 'A_repulsion': 0.17313660285884774, 'gamma': 0.3698681652968902, 'sigma_update': 0.25361362043777697, 'eta_learning': 0.41858952963354906, 'sigma_boundary': 6.01120810221031, 'alpha': 0.4981688422114223}. Best is trial 88 with value: 0.010090513206727315.
[I 2026-03-25 04:41:29,035] Trial 108 finished with value: 0.05134344197872255 and parameters: {'sigma_noise': 0.17188084999931152, 'A_repulsion': 0.043124387310121026, 'gamma': 0.5701763294097515, 'sigma_update': 0.613823191196603, 'eta_learning': 0.5808354629371806, 'sigma_boundary': 4.21913160474755, 'alpha': 0.655756312047249}. Best is trial 88 with value: 0.010090513206727315.
[I 2026-03-25 04:41:36,188] Trial 98 finished with value: 0.031342407150014705 and parameters: {'sigma_noise': 0.3676202649571395, 'A_repulsion': 0.08729527916685671, 'gamma': 0.8394990063869997, 'sigma_update': 0.27576580434876136, 'eta_learning': 0.16565524212976365, 'sigma_boundary': 3.5636797434969654, 'alpha': 0.7145883590541748}. Best is trial 88 with value: 0.010090513206727315.
[I 2026-03-25 04:41:36,246] Trial 106 finished with value: 0.039955820289131264 and parameters: {'sigma_noise': 0.20305943873903856, 'A_repulsion': 0.06097512087154944, 'gamma': 0.5159320251754808, 'sigma_update': 0.5146910058113692, 'eta_learning': 0.2905464411431401, 'sigma_boundary': 7.095038771376299, 'alpha': 0.7562695406434891}. Best is trial 88 with value: 0.010090513206727315.
[I 2026-03-25 04:41:37,228] Trial 102 finished with value: 0.02091477667246127 and parameters: {'sigma_noise': 0.20616821676676333, 'A_repulsion': 0.1850131290728299, 'gamma': 0.5167193491606743, 'sigma_update': 0.30250838262733515, 'eta_learning': 0.5690468789611033, 'sigma_boundary': 6.133286954112357, 'alpha': 0.642915807607591}. Best is trial 88 with value: 0.010090513206727315.
[I 2026-03-25 04:41:39,275] Trial 97 finished with value: 0.06416653041494319 and parameters: {'sigma_noise': 0.3136218539615779, 'A_repulsion': 0.1530509136322086, 'gamma': 0.47081835738440925, 'sigma_update': 0.49072305897326385, 'eta_learning': 0.1942124837459437, 'sigma_boundary': 7.904159776280802, 'alpha': 0.8327130276164737}. Best is trial 88 with value: 0.010090513206727315.
[I 2026-03-25 04:41:39,600] Trial 101 finished with value: 0.02424240668442763 and parameters: {'sigma_noise': 0.2240405790840428, 'A_repulsion': 0.18286122595498663, 'gamma': 0.7443020305132914, 'sigma_update': 0.4552650173943766, 'eta_learning': 0.30832055239380846, 'sigma_boundary': 6.824583633804328, 'alpha': 0.7327936586652858}. Best is trial 88 with value: 0.010090513206727315.
[I 2026-03-25 04:41:40,892] Trial 104 finished with value: 0.024382766285195052 and parameters: {'sigma_noise': 0.21708594408093032, 'A_repulsion': 0.15021024201318575, 'gamma': 0.48871679590433975, 'sigma_update': 0.30925157198402586, 'eta_learning': 0.4387582510039489, 'sigma_boundary': 6.632965725578691, 'alpha': 0.6990923299647267}. Best is trial 88 with value: 0.010090513206727315.
[I 2026-03-25 04:41:44,060] Trial 100 finished with value: 0.01802240681221627 and parameters: {'sigma_noise': 0.2300932047037602, 'A_repulsion': 0.2398598442703968, 'gamma': 0.6424222304531633, 'sigma_update': 0.21512466367577576, 'eta_learning': 0.24771630330728067, 'sigma_boundary': 6.644240910185369, 'alpha': 0.7292850402348315}. Best is trial 88 with value: 0.010090513206727315.
[I 2026-03-25 04:41:49,500] Trial 105 finished with value: 0.02903017689369124 and parameters: {'sigma_noise': 0.23312514602618561, 'A_repulsion': 0.1968541043871117, 'gamma': 0.3937371949142468, 'sigma_update': 0.2997910761518941, 'eta_learning': 0.4580376835685741, 'sigma_boundary': 3.881650125933894, 'alpha': 0.6112054727570396}. Best is trial 88 with value: 0.010090513206727315.
[I 2026-03-25 04:41:52,150] Trial 111 finished with value: 0.02039648722374482 and parameters: {'sigma_noise': 0.15532584548647357, 'A_repulsion': 0.14218101453421464, 'gamma': 0.5125743446572983, 'sigma_update': 0.42209363278340967, 'eta_learning': 0.7298465166198473, 'sigma_boundary': 5.764761435374692, 'alpha': 0.7918437092407917}. Best is trial 88 with value: 0.010090513206727315.
[I 2026-03-25 04:41:54,552] Trial 112 finished with value: 0.032597141615573554 and parameters: {'sigma_noise': 0.1603623580483104, 'A_repulsion': 0.20761725974993792, 'gamma': 0.4989462060572309, 'sigma_update': 0.11202381002875143, 'eta_learning': 0.34719563565440065, 'sigma_boundary': 6.269646894482883, 'alpha': 0.6133303738354225}. Best is trial 88 with value: 0.010090513206727315.
[I 2026-03-25 04:41:58,053] Trial 110 finished with value: 0.03743446099596715 and parameters: {'sigma_noise': 0.25764282186972537, 'A_repulsion': 0.2045785955585659, 'gamma': 0.2886201123509811, 'sigma_update': 0.3140163747825198, 'eta_learning': 0.45357268150497937, 'sigma_boundary': 5.61650701427962, 'alpha': 0.7553662118319405}. Best is trial 88 with value: 0.010090513206727315.
