[I 2026-03-17 03:05:11,286] Trial 164 finished with value: 0.055465942656945544 and parameters: {'sigma_noise': 0.30487435811429975, 'A_repulsion': 0.37735162645002746, 'gamma': 0.669641756442549, 'sigma_update': 0.39021645614929584, 'eta_learning': 0.28205928385307405, 'sigma_boundary': 3.3376486260770224, 'alpha': 0.6668666185168609}. Best is trial 117 with value: 0.03888735936513571.
[I 2026-03-17 03:05:26,778] Trial 168 finished with value: 0.08467230842860038 and parameters: {'sigma_noise': 0.2383219833987208, 'A_repulsion': 0.41801974308481543, 'gamma': 0.6125477716784096, 'sigma_update': 0.3194125725643925, 'eta_learning': 2.0503364023631394, 'sigma_boundary': 4.208937303945913, 'alpha': 0.488833569072387}. Best is trial 117 with value: 0.03888735936513571.
[I 2026-03-17 03:05:35,846] Trial 170 finished with value: 0.05396849466908883 and parameters: {'sigma_noise': 0.19043120090526172, 'A_repulsion': 0.3637278340944259, 'gamma': 0.5376825173726821, 'sigma_update': 0.389518050172337, 'eta_learning': 1.6206849290193457, 'sigma_boundary': 7.959632387146614, 'alpha': 0.7522430071978321}. Best is trial 117 with value: 0.03888735936513571.
[I 2026-03-17 03:05:54,174] Trial 171 finished with value: 0.06346617275124997 and parameters: {'sigma_noise': 0.3004228780282939, 'A_repulsion': 0.25063662424848326, 'gamma': 0.6827385856054945, 'sigma_update': 0.2944475701534471, 'eta_learning': 1.0036032083889932, 'sigma_boundary': 7.239206788970351, 'alpha': 0.5584964722973476}. Best is trial 117 with value: 0.03888735936513571.
[I 2026-03-17 03:05:56,041] Trial 174 finished with value: 0.10564256727134039 and parameters: {'sigma_noise': 0.17410141562836623, 'A_repulsion': 0.37605602437401847, 'gamma': 0.5413136771847052, 'sigma_update': 0.5099843754214788, 'eta_learning': 0.7542313101063721, 'sigma_boundary': 6.676648262792657, 'alpha': 0.5483968798623043}. Best is trial 117 with value: 0.03888735936513571.
[I 2026-03-17 03:05:56,839] Trial 172 finished with value: 0.11190027113551829 and parameters: {'sigma_noise': 0.13926815543573198, 'A_repulsion': 0.44574118269272484, 'gamma': 0.4456636151606018, 'sigma_update': 0.10995257759327882, 'eta_learning': 1.3126457560425349, 'sigma_boundary': 4.464046433085532, 'alpha': 0.5141093502132693}. Best is trial 117 with value: 0.03888735936513571.
[I 2026-03-17 03:06:16,725] Trial 175 finished with value: 0.061964946775686224 and parameters: {'sigma_noise': 0.23258801074157903, 'A_repulsion': 0.4378289899495406, 'gamma': 0.2946228687681474, 'sigma_update': 0.3564630378923891, 'eta_learning': 0.9025653337386454, 'sigma_boundary': 5.8172666114363025, 'alpha': 0.5792035856758174}. Best is trial 117 with value: 0.03888735936513571.
[I 2026-03-17 03:06:21,743] Trial 177 finished with value: 0.053403035077818954 and parameters: {'sigma_noise': 0.2685439331504139, 'A_repulsion': 0.23231000275770322, 'gamma': 0.31809203847151585, 'sigma_update': 0.31389462689487135, 'eta_learning': 1.8053423314600785, 'sigma_boundary': 6.530784310368094, 'alpha': 0.676683298509306}. Best is trial 117 with value: 0.03888735936513571.
[I 2026-03-17 03:06:23,603] Trial 180 finished with value: 0.09598987718772505 and parameters: {'sigma_noise': 0.137610467045016, 'A_repulsion': 0.39420309128654224, 'gamma': 0.5119084724524893, 'sigma_update': 0.27183464283382786, 'eta_learning': 1.2557766431742527, 'sigma_boundary': 4.3743736483357605, 'alpha': 0.6220833222555}. Best is trial 117 with value: 0.03888735936513571.
[I 2026-03-17 03:06:33,123] Trial 181 finished with value: 0.06279341971673941 and parameters: {'sigma_noise': 0.1800895068540131, 'A_repulsion': 0.335193043382567, 'gamma': 0.43486462229736095, 'sigma_update': 0.39176057170793915, 'eta_learning': 1.0516650556263614, 'sigma_boundary': 5.6071867070975765, 'alpha': 0.7407088570936577}. Best is trial 117 with value: 0.03888735936513571.
[I 2026-03-17 03:06:38,902] Trial 185 finished with value: 0.06284162975036807 and parameters: {'sigma_noise': 0.19010309704988915, 'A_repulsion': 0.24122246650755202, 'gamma': 0.40727120433797337, 'sigma_update': 0.3851811551565785, 'eta_learning': 1.2717483871272164, 'sigma_boundary': 2.2972959709022067, 'alpha': 0.8353536643474138}. Best is trial 117 with value: 0.03888735936513571.
[I 2026-03-17 03:06:41,388] Trial 173 finished with value: 0.11273899636330872 and parameters: {'sigma_noise': 0.3045344386805502, 'A_repulsion': 0.46047213095124473, 'gamma': 0.14538639478497964, 'sigma_update': 0.31651835681652174, 'eta_learning': 1.4352894003007821, 'sigma_boundary': 4.759188476386798, 'alpha': 0.8208758622678186}. Best is trial 117 with value: 0.03888735936513571.
[I 2026-03-17 03:06:44,180] Trial 178 finished with value: 0.0747345025848015 and parameters: {'sigma_noise': 0.22840074391489212, 'A_repulsion': 0.30469560839565507, 'gamma': 0.42757342558271894, 'sigma_update': 0.2407611207052969, 'eta_learning': 0.9800601509457267, 'sigma_boundary': 6.334835418228987, 'alpha': 0.6986978766881258}. Best is trial 117 with value: 0.03888735936513571.
[I 2026-03-17 03:06:45,881] Trial 186 finished with value: 0.1389954265570221 and parameters: {'sigma_noise': 0.12118791876447554, 'A_repulsion': 0.4098384202407096, 'gamma': 0.6309338333192499, 'sigma_update': 0.24926008222502835, 'eta_learning': 0.529833395429073, 'sigma_boundary': 3.55555529911522, 'alpha': 0.7446246469121829}. Best is trial 117 with value: 0.03888735936513571.
[I 2026-03-17 03:06:47,359] Trial 179 finished with value: 0.1149458508158237 and parameters: {'sigma_noise': 0.20668776711700182, 'A_repulsion': 0.3698825092720085, 'gamma': 0.37450257335044446, 'sigma_update': 0.475719138706808, 'eta_learning': 0.8913674051277388, 'sigma_boundary': 5.070241649447437, 'alpha': 0.5959910818270853}. Best is trial 117 with value: 0.03888735936513571.
[I 2026-03-17 03:07:00,402] Trial 182 finished with value: 0.046720920098668045 and parameters: {'sigma_noise': 0.27442337701283775, 'A_repulsion': 0.2565343913755366, 'gamma': 0.5187213008683333, 'sigma_update': 0.21021231636559862, 'eta_learning': 1.1765911199303718, 'sigma_boundary': 7.135108672318358, 'alpha': 0.553402765231725}. Best is trial 117 with value: 0.03888735936513571.
[I 2026-03-17 03:07:02,845] Trial 184 finished with value: 0.032336102139280995 and parameters: {'sigma_noise': 0.23817086773480006, 'A_repulsion': 0.2515979321291217, 'gamma': 0.6982596203638236, 'sigma_update': 0.2996556174493396, 'eta_learning': 2.0285677940904536, 'sigma_boundary': 4.6921099617628315, 'alpha': 0.6518074094053797}. Best is trial 184 with value: 0.032336102139280995.
[I 2026-03-17 03:07:14,353] Trial 189 finished with value: 0.08993732764159292 and parameters: {'sigma_noise': 0.21771618426822487, 'A_repulsion': 0.22760020151914195, 'gamma': 0.49508862617847343, 'sigma_update': 0.436765227702923, 'eta_learning': 1.6464691186980118, 'sigma_boundary': 3.326766661707606, 'alpha': 0.5925325293212721}. Best is trial 184 with value: 0.032336102139280995.
[I 2026-03-17 03:07:15,515] Trial 187 finished with value: 0.08248865868486771 and parameters: {'sigma_noise': 0.17994428214416736, 'A_repulsion': 0.3788777292081015, 'gamma': 0.741243577115482, 'sigma_update': 0.35631968803904945, 'eta_learning': 0.09954483083792767, 'sigma_boundary': 6.379522738446166, 'alpha': 0.6299491526834691}. Best is trial 184 with value: 0.032336102139280995.
[I 2026-03-17 03:07:16,918] Trial 183 finished with value: 0.07997750457484154 and parameters: {'sigma_noise': 0.30436814253835537, 'A_repulsion': 0.4408202049535362, 'gamma': 0.2745510434636657, 'sigma_update': 0.32414791202876786, 'eta_learning': 1.3628950652154923, 'sigma_boundary': 6.570066798844783, 'alpha': 0.7197802608955606}. Best is trial 184 with value: 0.032336102139280995.
[I 2026-03-17 03:07:21,821] Trial 188 finished with value: 0.06311804093401413 and parameters: {'sigma_noise': 0.246719858022028, 'A_repulsion': 0.32972075506595877, 'gamma': 0.7102742476704309, 'sigma_update': 0.3601066510595491, 'eta_learning': 0.6789530269255105, 'sigma_boundary': 3.7964764773478152, 'alpha': 0.9290604776143856}. Best is trial 184 with value: 0.032336102139280995.
[I 2026-03-17 03:07:24,774] Trial 194 finished with value: 0.11426584875962256 and parameters: {'sigma_noise': 0.15997428042727058, 'A_repulsion': 0.3423821416603818, 'gamma': 0.6347695411832455, 'sigma_update': 0.28487618983937246, 'eta_learning': 1.123948916408207, 'sigma_boundary': 3.604986397762698, 'alpha': 0.9451039976703802}. Best is trial 184 with value: 0.032336102139280995.
[I 2026-03-17 03:07:29,959] Trial 191 finished with value: 0.06906006977200885 and parameters: {'sigma_noise': 0.18086525416683452, 'A_repulsion': 0.33958357090025476, 'gamma': 0.6071622216674613, 'sigma_update': 0.4507231423230113, 'eta_learning': 0.9724127027532542, 'sigma_boundary': 1.3353289583118129, 'alpha': 0.5180921178389095}. Best is trial 184 with value: 0.032336102139280995.
[I 2026-03-17 03:07:31,031] Trial 195 finished with value: 0.06485641934538851 and parameters: {'sigma_noise': 0.13893260853524664, 'A_repulsion': 0.34523088326810086, 'gamma': 0.7652167675488074, 'sigma_update': 0.31487563011154057, 'eta_learning': 1.4882536785299862, 'sigma_boundary': 4.518884945986898, 'alpha': 0.607446628801367}. Best is trial 184 with value: 0.032336102139280995.
[I 2026-03-17 03:07:33,383] Trial 192 finished with value: 0.04250811242613007 and parameters: {'sigma_noise': 0.2143015363637133, 'A_repulsion': 0.30129568453710376, 'gamma': 0.45122351578289793, 'sigma_update': 0.18718489151651255, 'eta_learning': 0.7591641574468561, 'sigma_boundary': 3.1590977471074386, 'alpha': 0.4808052824614012}. Best is trial 184 with value: 0.032336102139280995.
[I 2026-03-17 03:07:33,725] Trial 190 finished with value: 0.2344618097535039 and parameters: {'sigma_noise': 0.25794945136763947, 'A_repulsion': 0.37430003647971366, 'gamma': 0.6329211903208778, 'sigma_update': 0.37874701964777197, 'eta_learning': 1.0003842971077055, 'sigma_boundary': 1.936428745141694, 'alpha': 0.4299125907274314}. Best is trial 184 with value: 0.032336102139280995.
[I 2026-03-17 03:07:36,502] Trial 193 finished with value: 0.09559716244636884 and parameters: {'sigma_noise': 0.20676290779629064, 'A_repulsion': 0.370474449271606, 'gamma': 0.6548801178299081, 'sigma_update': 0.4003736693820022, 'eta_learning': 0.8514337245809056, 'sigma_boundary': 6.634359757874892, 'alpha': 0.47985565093907667}. Best is trial 184 with value: 0.032336102139280995.
[I 2026-03-17 03:07:40,851] Trial 196 finished with value: 0.05033389725030113 and parameters: {'sigma_noise': 0.2412095764003836, 'A_repulsion': 0.3459018962143276, 'gamma': 0.43510716941872984, 'sigma_update': 0.3606669738351378, 'eta_learning': 0.7476190099482963, 'sigma_boundary': 1.9738788724308942, 'alpha': 0.6960311091906815}. Best is trial 184 with value: 0.032336102139280995.
[I 2026-03-17 03:07:46,683] Trial 197 finished with value: 0.05393114714143575 and parameters: {'sigma_noise': 0.23021600955906496, 'A_repulsion': 0.49356050750909053, 'gamma': 0.5516276024398062, 'sigma_update': 0.4321403795914285, 'eta_learning': 0.4721013836154791, 'sigma_boundary': 1.635116243035825, 'alpha': 0.6566607161472059}. Best is trial 184 with value: 0.032336102139280995.
[I 2026-03-17 03:07:47,531] Trial 198 finished with value: 0.05512512956947232 and parameters: {'sigma_noise': 0.23207581781822972, 'A_repulsion': 0.39025564173344135, 'gamma': 0.8952273487968614, 'sigma_update': 0.4799644869602737, 'eta_learning': 0.8578213135142576, 'sigma_boundary': 1.996090851742718, 'alpha': 0.7303068304273761}. Best is trial 184 with value: 0.032336102139280995.
[I 2026-03-17 03:07:48,157] Trial 199 finished with value: 0.06648666719484848 and parameters: {'sigma_noise': 0.24803979156382616, 'A_repulsion': 0.3441908240135942, 'gamma': 0.41483846428587207, 'sigma_update': 0.29922384798290425, 'eta_learning': 1.8202575711174696, 'sigma_boundary': 3.6194672211558157, 'alpha': 0.5093496303808902}. Best is trial 184 with value: 0.032336102139280995.
