[I 2026-03-17 02:28:56,247] Trial 61 finished with value: 0.049368466232921265 and parameters: {'sigma_noise': 0.17147534850663806, 'A_repulsion': 0.23494195750725994, 'gamma': 0.4715880549983062, 'sigma_update': 0.42806879796507286, 'eta_learning': 1.3697842203992987, 'sigma_boundary': 5.992435139513784, 'alpha': 0.7473728593459208}. Best is trial 41 with value: 0.03992415232161885.
[I 2026-03-17 02:28:59,322] Trial 55 finished with value: 0.07355399727533034 and parameters: {'sigma_noise': 0.28247887600537797, 'A_repulsion': 0.21337429003408026, 'gamma': 0.5531180590095109, 'sigma_update': 0.33050899542507983, 'eta_learning': 2.149501539306499, 'sigma_boundary': 5.460424559490534, 'alpha': 0.564741616900807}. Best is trial 41 with value: 0.03992415232161885.
[I 2026-03-17 02:29:19,169] Trial 54 finished with value: 0.21695018023064486 and parameters: {'sigma_noise': 0.3618990602582221, 'A_repulsion': 0.19791666277997116, 'gamma': 0.5670465422102886, 'sigma_update': 0.46494118338057694, 'eta_learning': 1.4611026126460276, 'sigma_boundary': 4.658564216799343, 'alpha': 0.5869090642446255}. Best is trial 41 with value: 0.03992415232161885.
[I 2026-03-17 02:29:48,386] Trial 56 finished with value: 0.09376870334965673 and parameters: {'sigma_noise': 0.2194396610280523, 'A_repulsion': 0.30599459524325745, 'gamma': 0.9560308284719279, 'sigma_update': 0.252340928018681, 'eta_learning': 0.8803866806017061, 'sigma_boundary': 2.506995028136458, 'alpha': 0.7434135440543953}. Best is trial 41 with value: 0.03992415232161885.
[I 2026-03-17 02:29:53,640] Trial 62 finished with value: 0.3632961928440669 and parameters: {'sigma_noise': 0.28553846677506434, 'A_repulsion': 0.10760233396500901, 'gamma': 0.6824502323245483, 'sigma_update': 0.28019500495556887, 'eta_learning': 1.3668942048094928, 'sigma_boundary': 1.8321203500923984, 'alpha': 0.3455477979461055}. Best is trial 41 with value: 0.03992415232161885.
[I 2026-03-17 02:29:55,283] Trial 58 finished with value: 0.5607503897809505 and parameters: {'sigma_noise': 0.25050024582328767, 'A_repulsion': 0.21460545305177298, 'gamma': 0.7376209770003371, 'sigma_update': 0.541886300390556, 'eta_learning': 0.789060354218321, 'sigma_boundary': 6.673809562173293, 'alpha': 0.34174816431678107}. Best is trial 41 with value: 0.03992415232161885.
[I 2026-03-17 02:29:56,437] Trial 70 finished with value: 0.08605563698371492 and parameters: {'sigma_noise': 0.3129902995677972, 'A_repulsion': 0.0577209448082123, 'gamma': 0.5010905107221886, 'sigma_update': 0.291695017383973, 'eta_learning': 2.016121647731716, 'sigma_boundary': 7.06895739631233, 'alpha': 0.5434768805171629}. Best is trial 41 with value: 0.03992415232161885.
[I 2026-03-17 02:29:56,880] Trial 60 finished with value: 0.288572035414959 and parameters: {'sigma_noise': 0.24160681031222103, 'A_repulsion': 0.20085375738257247, 'gamma': 0.6059009683552289, 'sigma_update': 0.33579597068498096, 'eta_learning': 0.326421539332358, 'sigma_boundary': 4.4562402830542975, 'alpha': 0.2779107247365111}. Best is trial 41 with value: 0.03992415232161885.
[I 2026-03-17 02:30:13,175] Trial 57 finished with value: 0.4673711267851634 and parameters: {'sigma_noise': 0.253858784784795, 'A_repulsion': 0.35856220697051594, 'gamma': 0.39998516011251906, 'sigma_update': 0.21102687405365203, 'eta_learning': 1.4350371812772695, 'sigma_boundary': 5.3338654529767435, 'alpha': 0.35439343969689197}. Best is trial 41 with value: 0.03992415232161885.
[I 2026-03-17 02:30:28,266] Trial 59 finished with value: 0.26384241942693987 and parameters: {'sigma_noise': 0.3146396221202298, 'A_repulsion': 0.24717110595814787, 'gamma': 0.5266586968063843, 'sigma_update': 0.4043343692108771, 'eta_learning': 0.8678217044611681, 'sigma_boundary': 7.336806811589235, 'alpha': 0.4736899243502259}. Best is trial 41 with value: 0.03992415232161885.
[I 2026-03-17 02:30:38,007] Trial 71 finished with value: 0.06011329848422532 and parameters: {'sigma_noise': 0.22984864809513889, 'A_repulsion': 0.19845955777392338, 'gamma': 0.26239746861002583, 'sigma_update': 0.14961820808859408, 'eta_learning': 0.9092323811781399, 'sigma_boundary': 6.093649863936739, 'alpha': 0.5154996661029778}. Best is trial 41 with value: 0.03992415232161885.
[I 2026-03-17 02:30:51,495] Trial 73 finished with value: 0.06424154369555275 and parameters: {'sigma_noise': 0.2530543319401579, 'A_repulsion': 0.18092971561129234, 'gamma': 0.5495141820740267, 'sigma_update': 0.3599532431527223, 'eta_learning': 2.021387711603754, 'sigma_boundary': 5.163136177567429, 'alpha': 0.5926640118507592}. Best is trial 41 with value: 0.03992415232161885.
[I 2026-03-17 02:30:57,087] Trial 68 finished with value: 0.09508221539298148 and parameters: {'sigma_noise': 0.3149491250512286, 'A_repulsion': 0.14390602680120484, 'gamma': 0.4764539176325859, 'sigma_update': 0.10473427177604397, 'eta_learning': 1.1709571056877446, 'sigma_boundary': 4.7994491397414585, 'alpha': 0.48154303977486934}. Best is trial 41 with value: 0.03992415232161885.
[I 2026-03-17 02:30:59,668] Trial 76 finished with value: 0.04733890588647467 and parameters: {'sigma_noise': 0.1811172582858509, 'A_repulsion': 0.2989265063856727, 'gamma': 0.5925735428244511, 'sigma_update': 0.38313482432429946, 'eta_learning': 1.3907803034932733, 'sigma_boundary': 7.526547629983431, 'alpha': 0.5837221254182595}. Best is trial 41 with value: 0.03992415232161885.
[I 2026-03-17 02:31:01,848] Trial 69 finished with value: 0.5215066926799783 and parameters: {'sigma_noise': 0.28760725161993916, 'A_repulsion': 0.2664254767539615, 'gamma': 0.4015662394307829, 'sigma_update': 0.5736364879546467, 'eta_learning': 1.7684081480544256, 'sigma_boundary': 6.156390822856451, 'alpha': 0.493559100043356}. Best is trial 41 with value: 0.03992415232161885.
[I 2026-03-17 02:31:01,851] Trial 64 finished with value: 0.6705045777585278 and parameters: {'sigma_noise': 0.3165718807449173, 'A_repulsion': 0.16701164596610568, 'gamma': 0.43028834539969396, 'sigma_update': 0.14754577646049388, 'eta_learning': 1.3466625863491462, 'sigma_boundary': 7.646451289737382, 'alpha': 0.32815224808582233}. Best is trial 41 with value: 0.03992415232161885.
[I 2026-03-17 02:31:11,629] Trial 63 finished with value: 0.050182610706400066 and parameters: {'sigma_noise': 0.30558413736805495, 'A_repulsion': 0.3460492481862967, 'gamma': 0.6291826631151985, 'sigma_update': 0.3454151916967875, 'eta_learning': 0.8153829425889766, 'sigma_boundary': 7.326890828038551, 'alpha': 0.687816003801017}. Best is trial 41 with value: 0.03992415232161885.
[I 2026-03-17 02:31:41,574] Trial 72 finished with value: 0.050343891449138416 and parameters: {'sigma_noise': 0.2844970566376784, 'A_repulsion': 0.23151960413031575, 'gamma': 0.5072914426149664, 'sigma_update': 0.29491508848335757, 'eta_learning': 1.4216725160330383, 'sigma_boundary': 3.326288913332853, 'alpha': 0.6499237712718309}. Best is trial 41 with value: 0.03992415232161885.
[I 2026-03-17 02:31:43,330] Trial 65 finished with value: 1.2890926847957027 and parameters: {'sigma_noise': 0.3678170436543965, 'A_repulsion': 0.3021716691112286, 'gamma': 0.33876185211081206, 'sigma_update': 0.5176070388182418, 'eta_learning': 0.6933360961447641, 'sigma_boundary': 6.092964021799587, 'alpha': 0.3191672431549029}. Best is trial 41 with value: 0.03992415232161885.
[I 2026-03-17 02:31:47,137] Trial 74 finished with value: 0.11354073186865785 and parameters: {'sigma_noise': 0.2802048055390188, 'A_repulsion': 0.3301761246466657, 'gamma': 0.31271179682934014, 'sigma_update': 0.47230410253641736, 'eta_learning': 1.9353926629472422, 'sigma_boundary': 4.757455692324738, 'alpha': 0.7005504641794673}. Best is trial 41 with value: 0.03992415232161885.
[I 2026-03-17 02:31:57,472] Trial 77 finished with value: 0.6111319557012213 and parameters: {'sigma_noise': 0.24946075881430357, 'A_repulsion': 0.37070490108738924, 'gamma': 0.40217011234361993, 'sigma_update': 0.43455239647716476, 'eta_learning': 0.9792298809374917, 'sigma_boundary': 2.0007245919487247, 'alpha': 0.35809257667729444}. Best is trial 41 with value: 0.03992415232161885.
[I 2026-03-17 02:31:59,097] Trial 75 finished with value: 0.07025000373872449 and parameters: {'sigma_noise': 0.2745106037434633, 'A_repulsion': 0.2429449418869586, 'gamma': 0.38901761284439934, 'sigma_update': 0.3483416266956353, 'eta_learning': 1.5854086386306683, 'sigma_boundary': 6.153142238022742, 'alpha': 0.5954044115751704}. Best is trial 41 with value: 0.03992415232161885.
[I 2026-03-17 02:32:16,011] Trial 78 finished with value: 0.06164444779839973 and parameters: {'sigma_noise': 0.2545994294938762, 'A_repulsion': 0.41123585635216203, 'gamma': 0.4055237912691868, 'sigma_update': 0.3297665921231204, 'eta_learning': 1.3410048285454153, 'sigma_boundary': 6.763516636376601, 'alpha': 0.7122479374369793}. Best is trial 41 with value: 0.03992415232161885.
[I 2026-03-17 02:32:17,277] Trial 79 finished with value: 1.5518177263672142 and parameters: {'sigma_noise': 0.3084489115077677, 'A_repulsion': 0.24633806431824326, 'gamma': 0.39256757443109036, 'sigma_update': 0.3744679282712593, 'eta_learning': 1.7097025187917587, 'sigma_boundary': 6.812382997989869, 'alpha': 0.24832943779089617}. Best is trial 41 with value: 0.03992415232161885.
[I 2026-03-17 02:35:42,314] Trial 80 finished with value: 0.10898971842644202 and parameters: {'sigma_noise': 0.0849362043452129, 'A_repulsion': 0.3625255265431908, 'gamma': 0.47899715974541596, 'sigma_update': 0.36711216683495934, 'eta_learning': 2.0945317135336046, 'sigma_boundary': 5.021631197237493, 'alpha': 0.43110612007937776}. Best is trial 41 with value: 0.03992415232161885.
[I 2026-03-17 02:37:56,986] Trial 82 finished with value: 0.3893961184292136 and parameters: {'sigma_noise': 0.25588617589134516, 'A_repulsion': 0.1624471571128842, 'gamma': 0.35706240493198954, 'sigma_update': 0.24653080882915793, 'eta_learning': 1.6230414997096363, 'sigma_boundary': 4.651651499182469, 'alpha': 0.33181472433661857}. Best is trial 41 with value: 0.03992415232161885.
[I 2026-03-17 02:38:20,514] Trial 81 finished with value: 0.048495966329550735 and parameters: {'sigma_noise': 0.18517719170570301, 'A_repulsion': 0.3356906610210774, 'gamma': 0.4512434023450978, 'sigma_update': 0.2801373389938366, 'eta_learning': 2.0697660911541598, 'sigma_boundary': 3.6771952646869552, 'alpha': 0.538863510830717}. Best is trial 41 with value: 0.03992415232161885.
[I 2026-03-17 02:38:42,578] Trial 83 finished with value: 0.27207748220986294 and parameters: {'sigma_noise': 0.2857205293357731, 'A_repulsion': 0.11044954777971139, 'gamma': 0.5363844375227759, 'sigma_update': 0.39292912345786873, 'eta_learning': 1.4437671381730144, 'sigma_boundary': 3.531068163201568, 'alpha': 0.4283930599133182}. Best is trial 41 with value: 0.03992415232161885.
[I 2026-03-17 02:39:04,437] Trial 87 finished with value: 0.07110215921822981 and parameters: {'sigma_noise': 0.15940960527095294, 'A_repulsion': 0.2932718235176291, 'gamma': 0.5184820057920592, 'sigma_update': 0.36796788325469026, 'eta_learning': 1.4293355987445429, 'sigma_boundary': 4.8104828547500444, 'alpha': 0.49297785820070433}. Best is trial 41 with value: 0.03992415232161885.
[I 2026-03-17 02:39:34,944] Trial 85 finished with value: 0.9541406626930693 and parameters: {'sigma_noise': 0.2348041077686977, 'A_repulsion': 0.28954361500773096, 'gamma': 0.444657134874733, 'sigma_update': 0.47209578003862307, 'eta_learning': 1.653549316667044, 'sigma_boundary': 6.7037183352495315, 'alpha': 0.303438834441427}. Best is trial 41 with value: 0.03992415232161885.
[I 2026-03-17 02:40:06,338] Trial 86 finished with value: 0.9695282542165015 and parameters: {'sigma_noise': 0.27992592044062437, 'A_repulsion': 0.24458652760219024, 'gamma': 0.480933381923793, 'sigma_update': 0.6983745120972682, 'eta_learning': 0.3420900624801016, 'sigma_boundary': 7.613115886339828, 'alpha': 0.29659984664304073}. Best is trial 41 with value: 0.03992415232161885.
[I 2026-03-17 02:40:09,648] Trial 84 finished with value: 0.28024449098531784 and parameters: {'sigma_noise': 0.427581863228827, 'A_repulsion': 0.22768238748170372, 'gamma': 0.5671334124233616, 'sigma_update': 0.33030044257301666, 'eta_learning': 1.4884993489369098, 'sigma_boundary': 5.11692583403543, 'alpha': 0.5262120336191062}. Best is trial 41 with value: 0.03992415232161885.
[I 2026-03-17 02:40:29,452] Trial 103 finished with value: 0.09191664143569088 and parameters: {'sigma_noise': 0.07428932757115003, 'A_repulsion': 0.405784846081798, 'gamma': 0.5621087908978112, 'sigma_update': 0.3163600005352084, 'eta_learning': 1.6423643080422905, 'sigma_boundary': 6.367930179019103, 'alpha': 0.4789635537389513}. Best is trial 41 with value: 0.03992415232161885.
[I 2026-03-17 02:40:39,349] Trial 104 finished with value: 0.12576188278782846 and parameters: {'sigma_noise': 0.07814504958888598, 'A_repulsion': 0.3780316685994436, 'gamma': 0.4188042487261621, 'sigma_update': 0.4001128512671526, 'eta_learning': 2.040502612699812, 'sigma_boundary': 6.474975386329581, 'alpha': 0.8238070612606402}. Best is trial 41 with value: 0.03992415232161885.
[I 2026-03-17 02:40:48,191] Trial 88 finished with value: 0.08072926384236699 and parameters: {'sigma_noise': 0.1729559825058254, 'A_repulsion': 0.3952653344629827, 'gamma': 0.37942708869903663, 'sigma_update': 0.28605345630883433, 'eta_learning': 1.3625566688180037, 'sigma_boundary': 4.299528865422197, 'alpha': 0.6884465276370693}. Best is trial 41 with value: 0.03992415232161885.
[I 2026-03-17 02:40:49,339] Trial 96 finished with value: 0.05655886484674714 and parameters: {'sigma_noise': 0.15071706826337022, 'A_repulsion': 0.2883038973201756, 'gamma': 0.5252746377001949, 'sigma_update': 0.2733385680400319, 'eta_learning': 1.8936724122400328, 'sigma_boundary': 5.07169021191576, 'alpha': 0.5547981319494198}. Best is trial 41 with value: 0.03992415232161885.
[I 2026-03-17 02:40:53,858] Trial 92 finished with value: 0.062122196514686576 and parameters: {'sigma_noise': 0.1461242599186156, 'A_repulsion': 0.3690282852511242, 'gamma': 0.8086163165610165, 'sigma_update': 0.45425270421241504, 'eta_learning': 1.8689673577608164, 'sigma_boundary': 6.683399387371362, 'alpha': 0.6633222013186608}. Best is trial 41 with value: 0.03992415232161885.
[I 2026-03-17 02:41:21,615] Trial 109 finished with value: 0.10734598641867743 and parameters: {'sigma_noise': 0.1313780179196072, 'A_repulsion': 0.20677240818952766, 'gamma': 0.7094228170263084, 'sigma_update': 0.3956558138326881, 'eta_learning': 1.1662764250617554, 'sigma_boundary': 4.02000484897552, 'alpha': 0.41465273821584664}. Best is trial 41 with value: 0.03992415232161885.
[I 2026-03-17 02:41:21,940] Trial 89 finished with value: 0.052553147889551885 and parameters: {'sigma_noise': 0.2244661405245858, 'A_repulsion': 0.34107592547987575, 'gamma': 0.2993643378342156, 'sigma_update': 0.3430009535679285, 'eta_learning': 1.7232865146743446, 'sigma_boundary': 5.643744134182461, 'alpha': 0.6638975802468429}. Best is trial 41 with value: 0.03992415232161885.
[I 2026-03-17 02:41:31,238] Trial 97 finished with value: 0.04657709315232805 and parameters: {'sigma_noise': 0.17618550478315614, 'A_repulsion': 0.31616231417111174, 'gamma': 0.6053874206357353, 'sigma_update': 0.36557600903177895, 'eta_learning': 0.8693555192150055, 'sigma_boundary': 4.16538823337216, 'alpha': 0.5941905246333195}. Best is trial 41 with value: 0.03992415232161885.
[I 2026-03-17 02:41:32,387] Trial 90 finished with value: 0.3017092776301865 and parameters: {'sigma_noise': 0.22872953369448612, 'A_repulsion': 0.2933935880690031, 'gamma': 0.680554302274538, 'sigma_update': 0.46959711113128627, 'eta_learning': 0.786132630809736, 'sigma_boundary': 3.875822153953663, 'alpha': 0.4138482086211062}. Best is trial 41 with value: 0.03992415232161885.
[I 2026-03-17 02:41:53,655] Trial 95 finished with value: 0.07579838553729086 and parameters: {'sigma_noise': 0.15096326211971603, 'A_repulsion': 0.39156327453538337, 'gamma': 0.5511517243509844, 'sigma_update': 0.4734560567938319, 'eta_learning': 0.9152070944829176, 'sigma_boundary': 3.953834350510362, 'alpha': 0.5526729192746692}. Best is trial 41 with value: 0.03992415232161885.
[I 2026-03-17 02:42:03,282] Trial 93 finished with value: 0.052380497125524825 and parameters: {'sigma_noise': 0.24338892009527907, 'A_repulsion': 0.3973094971473553, 'gamma': 0.39075340825857974, 'sigma_update': 0.32001912135294414, 'eta_learning': 0.7548502478323553, 'sigma_boundary': 5.215365755031809, 'alpha': 0.6080151394797012}. Best is trial 41 with value: 0.03992415232161885.
[I 2026-03-17 02:42:04,068] Trial 100 finished with value: 0.05643417227327079 and parameters: {'sigma_noise': 0.16940446981126434, 'A_repulsion': 0.2619384708178886, 'gamma': 0.8326449106181465, 'sigma_update': 0.23466714575872283, 'eta_learning': 1.8696895583317201, 'sigma_boundary': 4.1055566821224385, 'alpha': 0.4180893179778411}. Best is trial 41 with value: 0.03992415232161885.
[I 2026-03-17 02:42:11,478] Trial 101 finished with value: 0.04630918786962143 and parameters: {'sigma_noise': 0.18898509040873063, 'A_repulsion': 0.26375159192037545, 'gamma': 0.6080769925930936, 'sigma_update': 0.4156511935022563, 'eta_learning': 0.5805971915678562, 'sigma_boundary': 7.707101092280183, 'alpha': 0.7236419280595248}. Best is trial 41 with value: 0.03992415232161885.
[I 2026-03-17 02:42:16,662] Trial 107 finished with value: 0.0792768452787396 and parameters: {'sigma_noise': 0.14506259407582817, 'A_repulsion': 0.2711351862830586, 'gamma': 0.767439488086963, 'sigma_update': 0.35064199896494713, 'eta_learning': 2.0422939549125756, 'sigma_boundary': 5.510922686222511, 'alpha': 0.4291231521919771}. Best is trial 41 with value: 0.03992415232161885.
[I 2026-03-17 02:42:29,701] Trial 91 finished with value: 0.18683419042083796 and parameters: {'sigma_noise': 0.3968899837210324, 'A_repulsion': 0.29568279354455607, 'gamma': 0.5823039538853254, 'sigma_update': 0.44763825909455757, 'eta_learning': 1.5991409867779047, 'sigma_boundary': 6.231344841603974, 'alpha': 0.6350288626081391}. Best is trial 41 with value: 0.03992415232161885.
[I 2026-03-17 02:42:29,957] Trial 108 finished with value: 0.0638596744044986 and parameters: {'sigma_noise': 0.14423521460200772, 'A_repulsion': 0.3043164261109954, 'gamma': 0.42939229977726817, 'sigma_update': 0.3602914918071677, 'eta_learning': 2.085349818167076, 'sigma_boundary': 8.90701788259522, 'alpha': 0.5414267030904865}. Best is trial 41 with value: 0.03992415232161885.
[I 2026-03-17 02:42:32,032] Trial 94 finished with value: 0.0545642643023508 and parameters: {'sigma_noise': 0.20780940740040593, 'A_repulsion': 0.38292535525530447, 'gamma': 0.4095165808546839, 'sigma_update': 0.3468695460583176, 'eta_learning': 0.8103062416097366, 'sigma_boundary': 5.379619941088576, 'alpha': 0.6139961634302503}. Best is trial 41 with value: 0.03992415232161885.
[I 2026-03-17 02:42:35,812] Trial 99 finished with value: 0.15415784947350678 and parameters: {'sigma_noise': 0.19302866918464207, 'A_repulsion': 0.2690591723553097, 'gamma': 0.5490779539681607, 'sigma_update': 0.10198193575420876, 'eta_learning': 0.9512848145352857, 'sigma_boundary': 5.3391095198227125, 'alpha': 0.9481991906238725}. Best is trial 41 with value: 0.03992415232161885.
[I 2026-03-17 02:42:59,977] Trial 106 finished with value: 0.07821692330861779 and parameters: {'sigma_noise': 0.1307781644272146, 'A_repulsion': 0.3784835695968606, 'gamma': 0.814663560988473, 'sigma_update': 0.4134416886261758, 'eta_learning': 1.6809990461895052, 'sigma_boundary': 4.649636506394053, 'alpha': 0.6700875090315564}. Best is trial 41 with value: 0.03992415232161885.
[I 2026-03-17 02:43:08,816] Trial 98 finished with value: 0.0468944411143932 and parameters: {'sigma_noise': 0.23260852795107806, 'A_repulsion': 0.34087924198344677, 'gamma': 0.7344042595106015, 'sigma_update': 0.4054163548647738, 'eta_learning': 1.9350549629886231, 'sigma_boundary': 4.100738637153484, 'alpha': 0.5819006138437176}. Best is trial 41 with value: 0.03992415232161885.
[I 2026-03-17 02:43:10,445] Trial 102 finished with value: 0.08272477937739284 and parameters: {'sigma_noise': 0.1909823368243022, 'A_repulsion': 0.3086518270842102, 'gamma': 0.9384399587348172, 'sigma_update': 0.2491976367481073, 'eta_learning': 1.0570007300386048, 'sigma_boundary': 3.8251750522117454, 'alpha': 0.6623710000112658}. Best is trial 41 with value: 0.03992415232161885.
[I 2026-03-17 02:43:48,085] Trial 111 finished with value: 0.040443171437888614 and parameters: {'sigma_noise': 0.19506085866927098, 'A_repulsion': 0.3096264845859902, 'gamma': 0.6469582375454678, 'sigma_update': 0.4734977543362146, 'eta_learning': 1.4852557626925145, 'sigma_boundary': 4.6674454450683305, 'alpha': 0.8167108013729858}. Best is trial 41 with value: 0.03992415232161885.
[I 2026-03-17 02:43:51,141] Trial 105 finished with value: 0.06847464281057432 and parameters: {'sigma_noise': 0.27402696621642325, 'A_repulsion': 0.3097150559202753, 'gamma': 0.5714072724677282, 'sigma_update': 0.4134758150298535, 'eta_learning': 0.8450647077554085, 'sigma_boundary': 3.2586055005406678, 'alpha': 0.6473309724910645}. Best is trial 41 with value: 0.03992415232161885.
[I 2026-03-17 02:44:13,869] Trial 110 finished with value: 0.26476454003198346 and parameters: {'sigma_noise': 0.2607066224338193, 'A_repulsion': 0.3232700823106109, 'gamma': 0.4901631918887111, 'sigma_update': 0.5064835893917152, 'eta_learning': 1.4148266222108798, 'sigma_boundary': 4.063725545320822, 'alpha': 0.5226725203314934}. Best is trial 41 with value: 0.03992415232161885.
[I 2026-03-17 02:44:15,640] Trial 115 finished with value: 0.06695693487817918 and parameters: {'sigma_noise': 0.18727625168252732, 'A_repulsion': 0.2800566556121329, 'gamma': 0.647332091635019, 'sigma_update': 0.32710527983274207, 'eta_learning': 1.4779784438112848, 'sigma_boundary': 7.183469711432928, 'alpha': 0.4680502823047735}. Best is trial 41 with value: 0.03992415232161885.
