[I 2026-03-17 02:44:20,123] Trial 116 finished with value: 0.04577178901945106 and parameters: {'sigma_noise': 0.23495238896701987, 'A_repulsion': 0.20740881796848598, 'gamma': 0.5305996752266164, 'sigma_update': 0.24987970252661015, 'eta_learning': 1.801049167887496, 'sigma_boundary': 5.680986578475075, 'alpha': 0.6833260364250239}. Best is trial 41 with value: 0.03992415232161885.
[I 2026-03-17 02:44:21,002] Trial 114 finished with value: 0.06039484314484479 and parameters: {'sigma_noise': 0.19507334709657514, 'A_repulsion': 0.29665560392652895, 'gamma': 0.6532432239875618, 'sigma_update': 0.49845298441914687, 'eta_learning': 1.9497441848125066, 'sigma_boundary': 6.413753492665452, 'alpha': 0.5980216035427975}. Best is trial 41 with value: 0.03992415232161885.
[I 2026-03-17 02:44:29,069] Trial 112 finished with value: 0.04848357450591867 and parameters: {'sigma_noise': 0.19643588794449957, 'A_repulsion': 0.3896544395048117, 'gamma': 0.3217153477844931, 'sigma_update': 0.22356416981950372, 'eta_learning': 1.907968772155962, 'sigma_boundary': 4.675226228428331, 'alpha': 0.4633179487568858}. Best is trial 41 with value: 0.03992415232161885.
[I 2026-03-17 02:45:06,435] Trial 113 finished with value: 0.0937900028476614 and parameters: {'sigma_noise': 0.2579785962568063, 'A_repulsion': 0.36139546030605946, 'gamma': 0.9626055696949439, 'sigma_update': 0.2638011555092785, 'eta_learning': 1.1143724466085645, 'sigma_boundary': 4.522635279941135, 'alpha': 0.778158404011114}. Best is trial 41 with value: 0.03992415232161885.
[I 2026-03-17 02:45:09,134] Trial 119 finished with value: 0.05027612441382054 and parameters: {'sigma_noise': 0.2129519531671672, 'A_repulsion': 0.2799184637047176, 'gamma': 0.3653720293526698, 'sigma_update': 0.2834338412675974, 'eta_learning': 1.1627595570487712, 'sigma_boundary': 7.082649888699449, 'alpha': 0.5673461550218282}. Best is trial 41 with value: 0.03992415232161885.
[I 2026-03-17 02:45:17,588] Trial 117 finished with value: 0.03888735936513571 and parameters: {'sigma_noise': 0.294234903554668, 'A_repulsion': 0.31460217984115807, 'gamma': 0.8125978148196759, 'sigma_update': 0.30359746353274575, 'eta_learning': 2.205490835490692, 'sigma_boundary': 7.991553180298592, 'alpha': 0.5564211111098584}. Best is trial 117 with value: 0.03888735936513571.
[I 2026-03-17 02:45:23,094] Trial 118 finished with value: 0.16970438084525025 and parameters: {'sigma_noise': 0.24405952260820973, 'A_repulsion': 0.35908532337845833, 'gamma': 0.8102465689349226, 'sigma_update': 0.5287303899310297, 'eta_learning': 2.2129554738214865, 'sigma_boundary': 3.743543847370895, 'alpha': 0.47845044873915477}. Best is trial 117 with value: 0.03888735936513571.
[I 2026-03-17 02:46:23,689] Trial 120 finished with value: 0.0671812731286939 and parameters: {'sigma_noise': 0.14395835971541288, 'A_repulsion': 0.15466063225271193, 'gamma': 0.525285294016169, 'sigma_update': 0.25337391671158294, 'eta_learning': 1.1343752073960223, 'sigma_boundary': 3.9513006591053057, 'alpha': 0.6284442806939331}. Best is trial 117 with value: 0.03888735936513571.
[I 2026-03-17 02:50:50,170] Trial 121 finished with value: 0.05048577346292886 and parameters: {'sigma_noise': 0.23330709570920333, 'A_repulsion': 0.25567169494232833, 'gamma': 0.36324659948015736, 'sigma_update': 0.3359207371940629, 'eta_learning': 0.8186870761924342, 'sigma_boundary': 2.418522789506148, 'alpha': 0.6568761087251249}. Best is trial 117 with value: 0.03888735936513571.
[I 2026-03-17 02:51:34,936] Trial 122 finished with value: 0.07789537958282973 and parameters: {'sigma_noise': 0.19477674857812932, 'A_repulsion': 0.42509632128823904, 'gamma': 0.5162006705233566, 'sigma_update': 0.4063988358387359, 'eta_learning': 1.5912959055645945, 'sigma_boundary': 3.510734814440262, 'alpha': 0.9223414292208119}. Best is trial 117 with value: 0.03888735936513571.
[I 2026-03-17 02:51:47,458] Trial 123 finished with value: 0.06677962628669684 and parameters: {'sigma_noise': 0.23903784961740387, 'A_repulsion': 0.3583051424019153, 'gamma': 0.5628967268338109, 'sigma_update': 0.4494993468849521, 'eta_learning': 0.8388851329816382, 'sigma_boundary': 5.452563764565081, 'alpha': 0.624159482625896}. Best is trial 117 with value: 0.03888735936513571.
[I 2026-03-17 02:51:53,196] Trial 139 finished with value: 0.08255365552676969 and parameters: {'sigma_noise': 0.07399640458359469, 'A_repulsion': 0.2872256108310724, 'gamma': 0.46483574966001256, 'sigma_update': 0.38114962340547737, 'eta_learning': 0.7371353815834079, 'sigma_boundary': 4.500397035507385, 'alpha': 0.517309508338244}. Best is trial 117 with value: 0.03888735936513571.
[I 2026-03-17 02:51:57,789] Trial 124 finished with value: 0.052392763136613424 and parameters: {'sigma_noise': 0.22039440485977752, 'A_repulsion': 0.2794878425476008, 'gamma': 0.7438324015561215, 'sigma_update': 0.3466393144790336, 'eta_learning': 1.4939824746488588, 'sigma_boundary': 3.458368602920598, 'alpha': 0.5090018763869633}. Best is trial 117 with value: 0.03888735936513571.
[I 2026-03-17 02:52:07,344] Trial 125 finished with value: 0.07671577013783898 and parameters: {'sigma_noise': 0.18861176604644497, 'A_repulsion': 0.27648805568021073, 'gamma': 0.39512701284641716, 'sigma_update': 0.16922528053577957, 'eta_learning': 1.2202943672575233, 'sigma_boundary': 4.268721496949689, 'alpha': 0.5615854698902732}. Best is trial 117 with value: 0.03888735936513571.
[I 2026-03-17 02:52:27,152] Trial 146 finished with value: 0.10036702318524221 and parameters: {'sigma_noise': 0.05635741060487856, 'A_repulsion': 0.337187843448188, 'gamma': 0.5248360122012719, 'sigma_update': 0.4052567063591647, 'eta_learning': 0.767332051465566, 'sigma_boundary': 3.2625425668218275, 'alpha': 0.3806776875564036}. Best is trial 117 with value: 0.03888735936513571.
[I 2026-03-17 02:52:40,430] Trial 126 finished with value: 0.061354620286365444 and parameters: {'sigma_noise': 0.21730910658055919, 'A_repulsion': 0.2551624434192544, 'gamma': 0.6795920143409462, 'sigma_update': 0.3864215191346137, 'eta_learning': 0.7818333117452307, 'sigma_boundary': 5.721199253349454, 'alpha': 0.5313617752681634}. Best is trial 117 with value: 0.03888735936513571.
[I 2026-03-17 02:52:55,984] Trial 127 finished with value: 0.11322724946571862 and parameters: {'sigma_noise': 0.19852985174839155, 'A_repulsion': 0.3066777639200656, 'gamma': 0.7641183658769999, 'sigma_update': 0.39423919154686066, 'eta_learning': 1.5714354533036936, 'sigma_boundary': 5.305911992210999, 'alpha': 0.4358839270685306}. Best is trial 117 with value: 0.03888735936513571.
[I 2026-03-17 02:53:16,208] Trial 132 finished with value: 0.12384358732068455 and parameters: {'sigma_noise': 0.1987013844654157, 'A_repulsion': 0.2751350984074239, 'gamma': 0.5327199818107051, 'sigma_update': 0.38732380653659515, 'eta_learning': 1.9917863917541712, 'sigma_boundary': 7.305497701146038, 'alpha': 0.46762456628683435}. Best is trial 117 with value: 0.03888735936513571.
[I 2026-03-17 02:53:21,120] Trial 128 finished with value: 0.04552774745276049 and parameters: {'sigma_noise': 0.21050677846836324, 'A_repulsion': 0.26719472682691475, 'gamma': 0.6096839919795409, 'sigma_update': 0.25867685809906255, 'eta_learning': 1.4707427139026938, 'sigma_boundary': 4.9389616437408685, 'alpha': 0.6295041503236396}. Best is trial 117 with value: 0.03888735936513571.
[I 2026-03-17 02:53:34,862] Trial 130 finished with value: 0.06368750444431315 and parameters: {'sigma_noise': 0.16012391736787013, 'A_repulsion': 0.37160797525838646, 'gamma': 0.560953898210743, 'sigma_update': 0.32420266631347083, 'eta_learning': 1.4561688287330765, 'sigma_boundary': 5.509571532944571, 'alpha': 0.6802035825040185}. Best is trial 117 with value: 0.03888735936513571.
[I 2026-03-17 02:53:38,211] Trial 137 finished with value: 0.05716855871849445 and parameters: {'sigma_noise': 0.1327958134574642, 'A_repulsion': 0.3432515636988994, 'gamma': 0.7260069870912835, 'sigma_update': 0.24108427950238984, 'eta_learning': 1.9446883127240153, 'sigma_boundary': 5.74907463167023, 'alpha': 0.5136255365023386}. Best is trial 117 with value: 0.03888735936513571.
[I 2026-03-17 02:53:45,727] Trial 131 finished with value: 0.04168586362024307 and parameters: {'sigma_noise': 0.23632036352186886, 'A_repulsion': 0.2767567773809757, 'gamma': 0.6086631585475923, 'sigma_update': 0.3418359264233791, 'eta_learning': 1.164219450093145, 'sigma_boundary': 2.8135099421229506, 'alpha': 0.6270748037319366}. Best is trial 117 with value: 0.03888735936513571.
[I 2026-03-17 02:53:53,871] Trial 129 finished with value: 0.05349355351288956 and parameters: {'sigma_noise': 0.21090147471753423, 'A_repulsion': 0.33837734445097756, 'gamma': 0.5215470648585889, 'sigma_update': 0.16416423957736945, 'eta_learning': 1.078000690855382, 'sigma_boundary': 5.938458616443047, 'alpha': 0.5260550656622932}. Best is trial 117 with value: 0.03888735936513571.
[I 2026-03-17 02:54:14,035] Trial 133 finished with value: 0.04917908612992901 and parameters: {'sigma_noise': 0.20717819198917015, 'A_repulsion': 0.3316231901423748, 'gamma': 0.6976136577500517, 'sigma_update': 0.31661935002690383, 'eta_learning': 1.4258350578542418, 'sigma_boundary': 5.08645028628686, 'alpha': 0.7152703425839184}. Best is trial 117 with value: 0.03888735936513571.
[I 2026-03-17 02:54:15,590] Trial 140 finished with value: 0.05306289792142051 and parameters: {'sigma_noise': 0.24463673671572422, 'A_repulsion': 0.17374682046154377, 'gamma': 0.2868779915505174, 'sigma_update': 0.20288783839207614, 'eta_learning': 0.6169153305028009, 'sigma_boundary': 4.449093894536786, 'alpha': 0.5450330703560499}. Best is trial 117 with value: 0.03888735936513571.
[I 2026-03-17 02:54:40,921] Trial 141 finished with value: 0.07742655091953335 and parameters: {'sigma_noise': 0.1684351287603778, 'A_repulsion': 0.36493135295615037, 'gamma': 0.6187284694811234, 'sigma_update': 0.29182720281841495, 'eta_learning': 0.6855028458045593, 'sigma_boundary': 4.6615454318198815, 'alpha': 0.7353851176868098}. Best is trial 117 with value: 0.03888735936513571.
[I 2026-03-17 02:54:42,174] Trial 135 finished with value: 0.14951025908620072 and parameters: {'sigma_noise': 0.22486433627329838, 'A_repulsion': 0.33464596220554205, 'gamma': 0.5309821265964517, 'sigma_update': 0.49049368793341597, 'eta_learning': 1.9564670620716882, 'sigma_boundary': 3.768228487503216, 'alpha': 0.5562147694122261}. Best is trial 117 with value: 0.03888735936513571.
[I 2026-03-17 02:54:48,992] Trial 136 finished with value: 0.044554977803141216 and parameters: {'sigma_noise': 0.22840945243646965, 'A_repulsion': 0.33117276901112325, 'gamma': 0.6400045237847198, 'sigma_update': 0.48807017752236453, 'eta_learning': 0.8477753636033031, 'sigma_boundary': 5.25101281159265, 'alpha': 0.9271638790913959}. Best is trial 117 with value: 0.03888735936513571.
[I 2026-03-17 02:54:52,008] Trial 134 finished with value: 0.04287712833708346 and parameters: {'sigma_noise': 0.23189203724817792, 'A_repulsion': 0.34075904939798357, 'gamma': 0.5456528515313747, 'sigma_update': 0.3490078862108846, 'eta_learning': 1.60602266549367, 'sigma_boundary': 4.357697127762016, 'alpha': 0.5897340874592991}. Best is trial 117 with value: 0.03888735936513571.
[I 2026-03-17 02:55:09,880] Trial 138 finished with value: 0.04236291267575877 and parameters: {'sigma_noise': 0.20366609949606318, 'A_repulsion': 0.36090797624414844, 'gamma': 0.6388099060746688, 'sigma_update': 0.28979949554932943, 'eta_learning': 0.97917492899311, 'sigma_boundary': 1.7499982962559886, 'alpha': 0.5151779709181401}. Best is trial 117 with value: 0.03888735936513571.
[I 2026-03-17 02:55:20,026] Trial 143 finished with value: 0.17623074175480785 and parameters: {'sigma_noise': 0.14241652614085598, 'A_repulsion': 0.487928365254095, 'gamma': 0.8493466262516242, 'sigma_update': 0.2842976472176414, 'eta_learning': 0.36847809898914613, 'sigma_boundary': 4.192197009832194, 'alpha': 0.8589401230215935}. Best is trial 117 with value: 0.03888735936513571.
[I 2026-03-17 02:55:33,348] Trial 145 finished with value: 0.0806043110539934 and parameters: {'sigma_noise': 0.23940830702496696, 'A_repulsion': 0.3764641476120018, 'gamma': 0.20832050390025497, 'sigma_update': 0.3805677580269518, 'eta_learning': 1.1571833895761832, 'sigma_boundary': 6.271802772443452, 'alpha': 0.5693946440795492}. Best is trial 117 with value: 0.03888735936513571.
[I 2026-03-17 02:55:37,151] Trial 142 finished with value: 0.05077916808441692 and parameters: {'sigma_noise': 0.2590984290355354, 'A_repulsion': 0.2819714216739457, 'gamma': 0.6017533878357219, 'sigma_update': 0.20304099855599625, 'eta_learning': 0.5162265692212794, 'sigma_boundary': 3.2595312536092584, 'alpha': 0.5907803299881477}. Best is trial 117 with value: 0.03888735936513571.
[I 2026-03-17 02:55:44,847] Trial 144 finished with value: 0.05143060032475302 and parameters: {'sigma_noise': 0.16986422261225637, 'A_repulsion': 0.47010904078509974, 'gamma': 0.6207749801922942, 'sigma_update': 0.30429690012948357, 'eta_learning': 1.0222108644422154, 'sigma_boundary': 6.764853567664473, 'alpha': 0.5575553457719877}. Best is trial 117 with value: 0.03888735936513571.
[I 2026-03-17 02:56:15,727] Trial 147 finished with value: 0.05676236256806196 and parameters: {'sigma_noise': 0.2575653933596634, 'A_repulsion': 0.2687007393122572, 'gamma': 0.2849891379459254, 'sigma_update': 0.36231664955461607, 'eta_learning': 0.8922581144091847, 'sigma_boundary': 4.984430267737445, 'alpha': 0.7239544522508081}. Best is trial 117 with value: 0.03888735936513571.
[I 2026-03-17 02:56:21,529] Trial 149 finished with value: 0.08957435194881458 and parameters: {'sigma_noise': 0.24624278905165137, 'A_repulsion': 0.2288934825607126, 'gamma': 0.15900117716025058, 'sigma_update': 0.21353971244361955, 'eta_learning': 1.3358454655732825, 'sigma_boundary': 7.808076127871884, 'alpha': 0.6421727362506473}. Best is trial 117 with value: 0.03888735936513571.
[I 2026-03-17 02:56:29,520] Trial 148 finished with value: 0.09628594284326161 and parameters: {'sigma_noise': 0.28896068646289613, 'A_repulsion': 0.34479828620195846, 'gamma': 0.4757197157212681, 'sigma_update': 0.3484945187568859, 'eta_learning': 0.5831839135493512, 'sigma_boundary': 6.909430585687888, 'alpha': 0.531587994676026}. Best is trial 117 with value: 0.03888735936513571.
[I 2026-03-17 02:56:36,531] Trial 150 finished with value: 0.07208100936812128 and parameters: {'sigma_noise': 0.22562097780315665, 'A_repulsion': 0.2656290015343888, 'gamma': 0.2467937097618841, 'sigma_update': 0.21205178524785767, 'eta_learning': 1.0460324566535086, 'sigma_boundary': 4.195328818687181, 'alpha': 0.606752851014231}. Best is trial 117 with value: 0.03888735936513571.
[I 2026-03-17 02:57:03,246] Trial 151 finished with value: 0.22442767704931732 and parameters: {'sigma_noise': 0.2955771115334599, 'A_repulsion': 0.24778413124988166, 'gamma': 0.369812399343539, 'sigma_update': 0.33791864492923757, 'eta_learning': 1.6412937674939096, 'sigma_boundary': 6.461995469537607, 'alpha': 0.43328428449449485}. Best is trial 117 with value: 0.03888735936513571.
[I 2026-03-17 02:57:04,132] Trial 153 finished with value: 0.06988963194437296 and parameters: {'sigma_noise': 0.19787991061125448, 'A_repulsion': 0.3028701034827029, 'gamma': 0.5116664587592088, 'sigma_update': 0.36939624068507665, 'eta_learning': 1.0415123461222304, 'sigma_boundary': 3.942815176006177, 'alpha': 0.8852154394245402}. Best is trial 117 with value: 0.03888735936513571.
[I 2026-03-17 02:57:13,305] Trial 155 finished with value: 0.14453136537862898 and parameters: {'sigma_noise': 0.2222402566185845, 'A_repulsion': 0.3090645806191115, 'gamma': 0.2920780974461482, 'sigma_update': 0.35901896955324564, 'eta_learning': 1.5331219344259517, 'sigma_boundary': 6.209903967504794, 'alpha': 0.449686698038825}. Best is trial 117 with value: 0.03888735936513571.
[I 2026-03-17 02:57:16,887] Trial 152 finished with value: 0.052382830143077375 and parameters: {'sigma_noise': 0.22380828000859204, 'A_repulsion': 0.34074331227216204, 'gamma': 0.44995855104283883, 'sigma_update': 0.3398211809504926, 'eta_learning': 1.168736872808235, 'sigma_boundary': 5.5949512569124655, 'alpha': 0.6705361568211751}. Best is trial 117 with value: 0.03888735936513571.
[I 2026-03-17 02:57:45,035] Trial 154 finished with value: 0.09318542663443863 and parameters: {'sigma_noise': 0.3034501739995429, 'A_repulsion': 0.33735432342414207, 'gamma': 0.26532114820858105, 'sigma_update': 0.2653342076124792, 'eta_learning': 1.3657291200617498, 'sigma_boundary': 3.1316122690832446, 'alpha': 0.6841782467240275}. Best is trial 117 with value: 0.03888735936513571.
[I 2026-03-17 02:58:01,293] Trial 156 finished with value: 0.15716354035897773 and parameters: {'sigma_noise': 0.15969622169616388, 'A_repulsion': 0.4333745223632751, 'gamma': 0.3302065687031337, 'sigma_update': 0.22524619081781616, 'eta_learning': 0.3607573685614087, 'sigma_boundary': 5.543158733158457, 'alpha': 0.8629405116227202}. Best is trial 117 with value: 0.03888735936513571.
[I 2026-03-17 02:58:02,079] Trial 157 finished with value: 0.06661426186712924 and parameters: {'sigma_noise': 0.2517730316917524, 'A_repulsion': 0.3285850888403157, 'gamma': 0.22937781112051356, 'sigma_update': 0.3503100258399017, 'eta_learning': 1.6920366773377888, 'sigma_boundary': 6.776707527194947, 'alpha': 0.7646860730555571}. Best is trial 117 with value: 0.03888735936513571.
[I 2026-03-17 02:58:22,130] Trial 158 finished with value: 0.25525012313832124 and parameters: {'sigma_noise': 0.19141982453054074, 'A_repulsion': 0.4064496745906764, 'gamma': 0.27777027988009534, 'sigma_update': 0.26168586167406815, 'eta_learning': 0.7522745611447645, 'sigma_boundary': 5.67532341927552, 'alpha': 0.34196227566266885}. Best is trial 117 with value: 0.03888735936513571.
[I 2026-03-17 02:58:40,104] Trial 159 finished with value: 0.0818153328385658 and parameters: {'sigma_noise': 0.2910019365705544, 'A_repulsion': 0.36983068181515505, 'gamma': 0.46717203507565197, 'sigma_update': 0.2799968313339235, 'eta_learning': 0.46223312227809304, 'sigma_boundary': 3.4243036040644355, 'alpha': 0.7675791225465178}. Best is trial 117 with value: 0.03888735936513571.
[I 2026-03-17 02:59:44,515] Trial 160 finished with value: 0.08498420647738328 and parameters: {'sigma_noise': 0.2440868161492437, 'A_repulsion': 0.4845216472402177, 'gamma': 0.30192722781459164, 'sigma_update': 0.41872429852472376, 'eta_learning': 0.7191893015608857, 'sigma_boundary': 5.720714057329699, 'alpha': 0.9376670793707292}. Best is trial 117 with value: 0.03888735936513571.
[I 2026-03-17 03:03:13,460] Trial 166 finished with value: 0.07493404705107554 and parameters: {'sigma_noise': 0.10701387911320993, 'A_repulsion': 0.36433917702048996, 'gamma': 0.70028143074012, 'sigma_update': 0.30884876770945213, 'eta_learning': 0.8215687780599212, 'sigma_boundary': 5.440940409703, 'alpha': 0.5392146046569297}. Best is trial 117 with value: 0.03888735936513571.
[I 2026-03-17 03:03:28,981] Trial 162 finished with value: 0.06792436779288538 and parameters: {'sigma_noise': 0.17850900501332773, 'A_repulsion': 0.26754199707421655, 'gamma': 0.3360010071279723, 'sigma_update': 0.3727244190309309, 'eta_learning': 1.262639552453267, 'sigma_boundary': 6.145350544030943, 'alpha': 0.7639867061504667}. Best is trial 117 with value: 0.03888735936513571.
[I 2026-03-17 03:04:05,966] Trial 161 finished with value: 0.05176077862922644 and parameters: {'sigma_noise': 0.27018866389961976, 'A_repulsion': 0.40888526754599047, 'gamma': 0.6111292333905468, 'sigma_update': 0.24121658484475667, 'eta_learning': 0.9522668532728247, 'sigma_boundary': 5.087871225744112, 'alpha': 0.5891817434970391}. Best is trial 117 with value: 0.03888735936513571.
[I 2026-03-17 03:04:22,474] Trial 176 finished with value: 0.08820228184466708 and parameters: {'sigma_noise': 0.10316077780465965, 'A_repulsion': 0.29688630853441444, 'gamma': 0.6132337017778586, 'sigma_update': 0.42461192698221634, 'eta_learning': 1.0182774355816873, 'sigma_boundary': 5.774038031630056, 'alpha': 0.7759143757571803}. Best is trial 117 with value: 0.03888735936513571.
[I 2026-03-17 03:04:32,279] Trial 163 finished with value: 0.22062057968453394 and parameters: {'sigma_noise': 0.2969373454950235, 'A_repulsion': 0.2417533856268065, 'gamma': 0.4593923322429059, 'sigma_update': 0.6079344129188681, 'eta_learning': 1.8671630092799056, 'sigma_boundary': 2.8829754613332303, 'alpha': 0.7125073365963934}. Best is trial 117 with value: 0.03888735936513571.
[I 2026-03-17 03:04:52,339] Trial 167 finished with value: 0.10111772608778799 and parameters: {'sigma_noise': 0.18360970603378673, 'A_repulsion': 0.3500559474484953, 'gamma': 0.07449381029249957, 'sigma_update': 0.3628657979413427, 'eta_learning': 2.1073432502926077, 'sigma_boundary': 4.738559384798879, 'alpha': 0.45962512036935815}. Best is trial 117 with value: 0.03888735936513571.
[I 2026-03-17 03:04:55,534] Trial 165 finished with value: 0.049676243946554 and parameters: {'sigma_noise': 0.2711209790342885, 'A_repulsion': 0.3478827991515544, 'gamma': 0.3074029375143945, 'sigma_update': 0.17502921266302374, 'eta_learning': 1.0437816231925152, 'sigma_boundary': 6.844392592124149, 'alpha': 0.46740411729762377}. Best is trial 117 with value: 0.03888735936513571.
[I 2026-03-17 03:05:02,990] Trial 169 finished with value: 0.05365661494420215 and parameters: {'sigma_noise': 0.16273099208431557, 'A_repulsion': 0.3633736711252192, 'gamma': 0.47291466496609497, 'sigma_update': 0.1978360488116182, 'eta_learning': 0.974611975803439, 'sigma_boundary': 6.781063652578606, 'alpha': 0.48721745524028914}. Best is trial 117 with value: 0.03888735936513571.
