/nfs/nhome/live/apourdehghan/Hybrid_hpc_utils.py:56: DtypeWarning: Columns (16) have mixed types. Specify dtype option on import or set low_memory=False.
  data = pd.read_csv(data_path)
[I 2026-03-17 02:04:39,683] A new study created in memory with name: no-name-49f6263c-7c96-4a60-bc0e-4d7821d1fa5d
[I 2026-03-17 02:12:36,756] Trial 20 finished with value: 0.10744128798892 and parameters: {'sigma_noise': 0.0689366233384968, 'A_repulsion': 0.09803718412418239, 'gamma': 0.20398016292950785, 'sigma_update': 0.5428120655073372, 'eta_learning': 2.5785386472865817, 'sigma_boundary': 4.980826713123082, 'alpha': 0.7443238949646435}. Best is trial 20 with value: 0.10744128798892.
[I 2026-03-17 02:13:03,180] Trial 12 finished with value: 0.3570064469420041 and parameters: {'sigma_noise': 0.09622550567135968, 'A_repulsion': 0.06037654823386923, 'gamma': 0.6028003273854097, 'sigma_update': 0.044005120220376025, 'eta_learning': 1.1220854538674456, 'sigma_boundary': 7.580228238808946, 'alpha': 0.14791986133584445}. Best is trial 20 with value: 0.10744128798892.
[I 2026-03-17 02:13:19,124] Trial 13 finished with value: 0.05849878231353938 and parameters: {'sigma_noise': 0.09251622020979924, 'A_repulsion': 0.08228082015319382, 'gamma': 0.5401452615905411, 'sigma_update': 0.47603127094593267, 'eta_learning': 0.3953227703666673, 'sigma_boundary': 1.9287822293421983, 'alpha': 0.42380158197691675}. Best is trial 13 with value: 0.05849878231353938.
[I 2026-03-17 02:13:25,106] Trial 18 finished with value: 0.09942409059052942 and parameters: {'sigma_noise': 0.08952149181588709, 'A_repulsion': 0.14589001189876516, 'gamma': 0.30498870249939686, 'sigma_update': 0.20456785607478598, 'eta_learning': 2.0527493104308294, 'sigma_boundary': 1.36628083656588, 'alpha': 0.543583263768357}. Best is trial 13 with value: 0.05849878231353938.
[I 2026-03-17 02:13:33,602] Trial 3 finished with value: 0.8718905599545798 and parameters: {'sigma_noise': 0.1482235691597348, 'A_repulsion': 0.017910250604735167, 'gamma': 0.8374853101800528, 'sigma_update': 0.49065055660367396, 'eta_learning': 1.8879118523775027, 'sigma_boundary': 1.00619011323702, 'alpha': 0.09880506377096943}. Best is trial 13 with value: 0.05849878231353938.
[I 2026-03-17 02:13:49,957] Trial 26 finished with value: 0.05458401476401084 and parameters: {'sigma_noise': 0.10870789677581918, 'A_repulsion': 0.1279532354127435, 'gamma': 0.7090844478812757, 'sigma_update': 0.30987129107169187, 'eta_learning': 0.6043833839104503, 'sigma_boundary': 7.556542526343085, 'alpha': 0.4385088777433992}. Best is trial 26 with value: 0.05458401476401084.
[I 2026-03-17 02:13:50,682] Trial 11 finished with value: 0.2807529363754818 and parameters: {'sigma_noise': 0.1616726297697822, 'A_repulsion': 0.027042812967930374, 'gamma': 0.9252231273757828, 'sigma_update': 0.30469448236151864, 'eta_learning': 0.5658566762273689, 'sigma_boundary': 9.582042567379373, 'alpha': 0.1369879188015959}. Best is trial 26 with value: 0.05458401476401084.
[I 2026-03-17 02:14:32,607] Trial 16 finished with value: 0.0454695107830698 and parameters: {'sigma_noise': 0.07972177279269639, 'A_repulsion': 0.3407154754016485, 'gamma': 0.9906980424219475, 'sigma_update': 0.5683439760954626, 'eta_learning': 0.089030329075268, 'sigma_boundary': 7.761546948745329, 'alpha': 0.0954540353467127}. Best is trial 16 with value: 0.0454695107830698.
[I 2026-03-17 02:14:37,893] Trial 38 finished with value: 0.11865055738701039 and parameters: {'sigma_noise': 0.16156307062651334, 'A_repulsion': 0.11767441252291783, 'gamma': 0.5356266122666726, 'sigma_update': 0.09409910755576394, 'eta_learning': 0.9034246946922381, 'sigma_boundary': 3.0147927065579063, 'alpha': 0.7688602416428095}. Best is trial 16 with value: 0.0454695107830698.
[I 2026-03-17 02:15:07,647] Trial 8 finished with value: 0.08425187787987795 and parameters: {'sigma_noise': 0.20265287685194727, 'A_repulsion': 0.11661967738591439, 'gamma': 0.8880650926936672, 'sigma_update': 0.30851278090884954, 'eta_learning': 2.1409466730034614, 'sigma_boundary': 1.4621056567773432, 'alpha': 0.3719316670633235}. Best is trial 16 with value: 0.0454695107830698.
[I 2026-03-17 02:15:09,477] Trial 29 finished with value: 1.5080317420193772 and parameters: {'sigma_noise': 0.17306548986174175, 'A_repulsion': 0.1679778972028525, 'gamma': 0.10150587731409734, 'sigma_update': 0.14251290793829094, 'eta_learning': 1.5665465329950412, 'sigma_boundary': 1.9423865794252235, 'alpha': 0.08868937438131508}. Best is trial 16 with value: 0.0454695107830698.
[I 2026-03-17 02:15:21,854] Trial 22 finished with value: 0.06229634207177202 and parameters: {'sigma_noise': 0.17057654036050213, 'A_repulsion': 0.18771595464035346, 'gamma': 0.4742312263541619, 'sigma_update': 0.31130667205246954, 'eta_learning': 0.5143364407712651, 'sigma_boundary': 9.97680639290873, 'alpha': 0.7402659583724288}. Best is trial 16 with value: 0.0454695107830698.
[I 2026-03-17 02:15:46,115] Trial 9 finished with value: 0.5343809094195036 and parameters: {'sigma_noise': 0.27081032006805267, 'A_repulsion': 0.057974312232949465, 'gamma': 0.4222098107605101, 'sigma_update': 0.5742623817389485, 'eta_learning': 1.284666976777499, 'sigma_boundary': 5.946389930581651, 'alpha': 0.41700382642293865}. Best is trial 16 with value: 0.0454695107830698.
[I 2026-03-17 02:15:55,612] Trial 25 finished with value: 0.17033956768892639 and parameters: {'sigma_noise': 0.13270119488032486, 'A_repulsion': 0.34675112290172233, 'gamma': 0.09300393537203859, 'sigma_update': 0.4184475056973748, 'eta_learning': 1.158866383517899, 'sigma_boundary': 6.803179931088551, 'alpha': 0.42024713355285126}. Best is trial 16 with value: 0.0454695107830698.
[I 2026-03-17 02:15:57,379] Trial 33 finished with value: 0.6497023341341853 and parameters: {'sigma_noise': 0.1927267189105536, 'A_repulsion': 0.20195194584241932, 'gamma': 0.6207043142825136, 'sigma_update': 0.6442776257856748, 'eta_learning': 1.1814889786858878, 'sigma_boundary': 7.273879611951083, 'alpha': 0.33673008427387374}. Best is trial 16 with value: 0.0454695107830698.
[I 2026-03-17 02:15:58,486] Trial 35 finished with value: 0.4176358078233372 and parameters: {'sigma_noise': 0.10589574142258927, 'A_repulsion': 0.44368562542565443, 'gamma': 0.2697990890438852, 'sigma_update': 0.45338638598860315, 'eta_learning': 0.4360256064072186, 'sigma_boundary': 5.110807485664351, 'alpha': 0.20866157286978881}. Best is trial 16 with value: 0.0454695107830698.
[I 2026-03-17 02:16:30,899] Trial 39 finished with value: 0.8546434869819131 and parameters: {'sigma_noise': 0.2801880289742409, 'A_repulsion': 0.08898867055799625, 'gamma': 0.4430934031401495, 'sigma_update': 0.666478480205636, 'eta_learning': 0.3364424710323918, 'sigma_boundary': 0.06162347783962366, 'alpha': 0.14902198372120823}. Best is trial 16 with value: 0.0454695107830698.
[I 2026-03-17 02:16:45,196] Trial 30 finished with value: 0.062437072216378134 and parameters: {'sigma_noise': 0.3018085178086186, 'A_repulsion': 0.11390029023777631, 'gamma': 0.19498380367503373, 'sigma_update': 0.343507489717975, 'eta_learning': 0.08390738660015853, 'sigma_boundary': 4.897367904522774, 'alpha': 0.6844404257695866}. Best is trial 16 with value: 0.0454695107830698.
[I 2026-03-17 02:16:52,110] Trial 5 finished with value: 0.22519358296235364 and parameters: {'sigma_noise': 0.12340601649441255, 'A_repulsion': 0.4660002760866984, 'gamma': 0.74045491220352, 'sigma_update': 0.02834083160014251, 'eta_learning': 0.9526363272324959, 'sigma_boundary': 7.4780979260991245, 'alpha': 0.5497765887887022}. Best is trial 16 with value: 0.0454695107830698.
[I 2026-03-17 02:17:09,291] Trial 2 finished with value: 0.05842479897067515 and parameters: {'sigma_noise': 0.25819075827355803, 'A_repulsion': 0.1963502617221704, 'gamma': 0.973469255097082, 'sigma_update': 0.3280820781559387, 'eta_learning': 1.2262242596971658, 'sigma_boundary': 6.290566230831632, 'alpha': 0.7178435118720627}. Best is trial 16 with value: 0.0454695107830698.
[I 2026-03-17 02:17:21,575] Trial 6 finished with value: 0.15709155247289494 and parameters: {'sigma_noise': 0.2216959421819622, 'A_repulsion': 0.3934720153259429, 'gamma': 0.06291991846441382, 'sigma_update': 0.14951327163315903, 'eta_learning': 0.3794745549981948, 'sigma_boundary': 0.1296936040926538, 'alpha': 0.377317361221013}. Best is trial 16 with value: 0.0454695107830698.
[I 2026-03-17 02:17:34,028] Trial 27 finished with value: 0.22171779898731803 and parameters: {'sigma_noise': 0.3988979448426813, 'A_repulsion': 0.07336709090777616, 'gamma': 0.7455688900535627, 'sigma_update': 0.5574332282188816, 'eta_learning': 0.3667044583935612, 'sigma_boundary': 2.63812578185579, 'alpha': 0.5225408627336002}. Best is trial 16 with value: 0.0454695107830698.
[I 2026-03-17 02:17:40,490] Trial 19 finished with value: 0.714963777392787 and parameters: {'sigma_noise': 0.37368134349826443, 'A_repulsion': 0.14736023158549771, 'gamma': 0.4070758543956031, 'sigma_update': 0.6686556640638909, 'eta_learning': 2.77445711912653, 'sigma_boundary': 6.769917231473009, 'alpha': 0.5405082021259169}. Best is trial 16 with value: 0.0454695107830698.
[I 2026-03-17 02:17:43,762] Trial 34 finished with value: 0.059122215755937284 and parameters: {'sigma_noise': 0.25026522051479144, 'A_repulsion': 0.40362735652097675, 'gamma': 0.7721643384684824, 'sigma_update': 0.2118538815356536, 'eta_learning': 0.25119903485922196, 'sigma_boundary': 4.780109641351623, 'alpha': 0.6055724403680552}. Best is trial 16 with value: 0.0454695107830698.
[I 2026-03-17 02:17:47,965] Trial 10 finished with value: 0.11771289029272906 and parameters: {'sigma_noise': 0.23108898735045846, 'A_repulsion': 0.4345822122516234, 'gamma': 0.8088601606721536, 'sigma_update': 0.5212378197511515, 'eta_learning': 1.861955896046618, 'sigma_boundary': 8.417039469399338, 'alpha': 0.9956121824020381}. Best is trial 16 with value: 0.0454695107830698.
[I 2026-03-17 02:17:50,140] Trial 17 finished with value: 1.6016755887610987 and parameters: {'sigma_noise': 0.43482154773395515, 'A_repulsion': 0.028457456561999384, 'gamma': 0.9644122080269028, 'sigma_update': 0.32968407308741204, 'eta_learning': 0.5881299384007915, 'sigma_boundary': 2.834253796889571, 'alpha': 0.14893318061125083}. Best is trial 16 with value: 0.0454695107830698.
[I 2026-03-17 02:17:55,234] Trial 23 finished with value: 0.4253998857169169 and parameters: {'sigma_noise': 0.43082032715685264, 'A_repulsion': 0.036211656260320135, 'gamma': 0.07209523658074517, 'sigma_update': 0.255564310975879, 'eta_learning': 0.5432243080024776, 'sigma_boundary': 0.8111928748854563, 'alpha': 0.27991644913879976}. Best is trial 16 with value: 0.0454695107830698.
[I 2026-03-17 02:18:00,509] Trial 32 finished with value: 0.12410039099985125 and parameters: {'sigma_noise': 0.38261093101706556, 'A_repulsion': 0.1968230183563685, 'gamma': 0.3783731873794876, 'sigma_update': 0.24320217273641756, 'eta_learning': 2.0980835846108827, 'sigma_boundary': 9.041416858669516, 'alpha': 0.5516424665816164}. Best is trial 16 with value: 0.0454695107830698.
[I 2026-03-17 02:18:01,451] Trial 7 finished with value: 1.4348817381812382 and parameters: {'sigma_noise': 0.17002663629853493, 'A_repulsion': 0.4818506973826914, 'gamma': 0.289011649997128, 'sigma_update': 0.477425451694007, 'eta_learning': 0.4311449590680921, 'sigma_boundary': 4.940492724944979, 'alpha': 0.16395431932614746}. Best is trial 16 with value: 0.0454695107830698.
[I 2026-03-17 02:18:02,971] Trial 15 finished with value: 2.2044054498939953 and parameters: {'sigma_noise': 0.3654777250320482, 'A_repulsion': 0.191651820643444, 'gamma': 0.6644863834983725, 'sigma_update': 0.11684282145161853, 'eta_learning': 0.9696372374012407, 'sigma_boundary': 5.23516668643515, 'alpha': 0.04292117694879649}. Best is trial 16 with value: 0.0454695107830698.
[I 2026-03-17 02:18:05,662] Trial 21 finished with value: 0.10802500884218899 and parameters: {'sigma_noise': 0.2748261750877207, 'A_repulsion': 0.2590812307548156, 'gamma': 0.8301167767507427, 'sigma_update': 0.2658427045444801, 'eta_learning': 0.39531167995304645, 'sigma_boundary': 5.395552797092186, 'alpha': 0.39313498261847424}. Best is trial 16 with value: 0.0454695107830698.
[I 2026-03-17 02:18:20,307] Trial 28 finished with value: 0.5285755456556047 and parameters: {'sigma_noise': 0.34912829334350226, 'A_repulsion': 0.13760091651150286, 'gamma': 0.560476643065475, 'sigma_update': 0.0249537671549604, 'eta_learning': 2.6492493265136368, 'sigma_boundary': 5.366094903036504, 'alpha': 0.47928422289630856}. Best is trial 16 with value: 0.0454695107830698.
[I 2026-03-17 02:18:26,528] Trial 4 finished with value: 0.8497857040629915 and parameters: {'sigma_noise': 0.435859647867945, 'A_repulsion': 0.15198807333269182, 'gamma': 0.12721850618795907, 'sigma_update': 0.6576230774744707, 'eta_learning': 1.854683876250426, 'sigma_boundary': 9.767690342965956, 'alpha': 0.49945470511174916}. Best is trial 16 with value: 0.0454695107830698.
[I 2026-03-17 02:18:31,187] Trial 37 finished with value: 0.2593525791566713 and parameters: {'sigma_noise': 0.4210664494793603, 'A_repulsion': 0.20855636846876757, 'gamma': 0.18594298249998797, 'sigma_update': 0.5774792637021818, 'eta_learning': 0.08561520103303251, 'sigma_boundary': 7.314354602222551, 'alpha': 0.6833370136964404}. Best is trial 16 with value: 0.0454695107830698.
[I 2026-03-17 02:18:41,962] Trial 1 finished with value: 0.08451438277208188 and parameters: {'sigma_noise': 0.39287982105035546, 'A_repulsion': 0.41723023187787767, 'gamma': 0.7031697554978827, 'sigma_update': 0.2968953466336373, 'eta_learning': 1.9790633790269716, 'sigma_boundary': 6.5956691141537025, 'alpha': 0.7751458458168586}. Best is trial 16 with value: 0.0454695107830698.
[I 2026-03-17 02:18:47,713] Trial 14 finished with value: 0.476762344228295 and parameters: {'sigma_noise': 0.44318509470051043, 'A_repulsion': 0.3123339473454864, 'gamma': 0.11112882694694272, 'sigma_update': 0.6572151976620071, 'eta_learning': 0.181346742727514, 'sigma_boundary': 4.610015627747776, 'alpha': 0.7510159995060149}. Best is trial 16 with value: 0.0454695107830698.
[I 2026-03-17 02:18:48,276] Trial 36 finished with value: 1.3132043461411662 and parameters: {'sigma_noise': 0.4044509544835319, 'A_repulsion': 0.3917781400004216, 'gamma': 0.7295293407279502, 'sigma_update': 0.3872926367876255, 'eta_learning': 1.5799179628314002, 'sigma_boundary': 9.46356267189658, 'alpha': 0.3659604821270449}. Best is trial 16 with value: 0.0454695107830698.
[I 2026-03-17 02:18:54,345] Trial 24 finished with value: 2.074480198599156 and parameters: {'sigma_noise': 0.36417227820054227, 'A_repulsion': 0.4243571866913768, 'gamma': 0.22414208044136386, 'sigma_update': 0.23257128205262523, 'eta_learning': 0.5944554085729022, 'sigma_boundary': 6.007148061749955, 'alpha': 0.2401336860056893}. Best is trial 16 with value: 0.0454695107830698.
[I 2026-03-17 02:19:00,110] Trial 31 finished with value: 2.207685856342315 and parameters: {'sigma_noise': 0.43794737953378776, 'A_repulsion': 0.36645968286621367, 'gamma': 0.7300000777869096, 'sigma_update': 0.6423250684463212, 'eta_learning': 1.686471463447059, 'sigma_boundary': 0.5003608890814989, 'alpha': 0.048145169489204664}. Best is trial 16 with value: 0.0454695107830698.
[I 2026-03-17 02:19:08,697] Trial 0 finished with value: 0.17275761097720646 and parameters: {'sigma_noise': 0.4165389635084267, 'A_repulsion': 0.47508948073174834, 'gamma': 0.104766902760004, 'sigma_update': 0.34208119451018565, 'eta_learning': 2.1449251079982115, 'sigma_boundary': 8.177315868340568, 'alpha': 0.9131617994600464}. Best is trial 16 with value: 0.0454695107830698.
[I 2026-03-17 02:24:48,371] Trial 40 finished with value: 0.11412475111124677 and parameters: {'sigma_noise': 0.21621570327721723, 'A_repulsion': 0.18922430071950033, 'gamma': 0.4124426683572435, 'sigma_update': 0.0884693458744443, 'eta_learning': 0.7062414178726916, 'sigma_boundary': 6.887277315687378, 'alpha': 0.6206833708659123}. Best is trial 16 with value: 0.0454695107830698.
[I 2026-03-17 02:25:28,100] Trial 43 finished with value: 0.06982996591425854 and parameters: {'sigma_noise': 0.13259759412617456, 'A_repulsion': 0.37168932373592745, 'gamma': 0.43257951439710224, 'sigma_update': 0.34775833252399335, 'eta_learning': 1.7402272159422403, 'sigma_boundary': 5.218321726613572, 'alpha': 0.4905166416574303}. Best is trial 16 with value: 0.0454695107830698.
[I 2026-03-17 02:25:30,829] Trial 47 finished with value: 0.16299701694957394 and parameters: {'sigma_noise': 0.24008606299676233, 'A_repulsion': 0.07625818127011347, 'gamma': 0.49268077042787445, 'sigma_update': 0.4162463848053984, 'eta_learning': 2.0956293245609046, 'sigma_boundary': 5.812901199251347, 'alpha': 0.508101472113757}. Best is trial 16 with value: 0.0454695107830698.
[I 2026-03-17 02:26:17,874] Trial 41 finished with value: 0.03992415232161885 and parameters: {'sigma_noise': 0.2347607651900347, 'A_repulsion': 0.28690214370042344, 'gamma': 0.577260923197004, 'sigma_update': 0.2855849603269464, 'eta_learning': 1.31735982454316, 'sigma_boundary': 4.393434948412946, 'alpha': 0.6041887872884693}. Best is trial 41 with value: 0.03992415232161885.
[I 2026-03-17 02:26:25,404] Trial 42 finished with value: 0.5064269266646848 and parameters: {'sigma_noise': 0.2696499644301593, 'A_repulsion': 0.31227067103941997, 'gamma': 0.41164890065113124, 'sigma_update': 0.25239426761914685, 'eta_learning': 0.6396190722030746, 'sigma_boundary': 6.892246205476954, 'alpha': 0.33882953958735496}. Best is trial 41 with value: 0.03992415232161885.
[I 2026-03-17 02:26:27,897] Trial 52 finished with value: 0.18124006611422838 and parameters: {'sigma_noise': 0.1528975365500304, 'A_repulsion': 0.2148124259667606, 'gamma': 0.4580918565325616, 'sigma_update': 0.16095177199820734, 'eta_learning': 1.779834542995892, 'sigma_boundary': 6.146294689161643, 'alpha': 0.32564330392492447}. Best is trial 41 with value: 0.03992415232161885.
[I 2026-03-17 02:26:41,838] Trial 45 finished with value: 0.049310007392531205 and parameters: {'sigma_noise': 0.1951786052988405, 'A_repulsion': 0.3376843056142361, 'gamma': 0.6591080667251908, 'sigma_update': 0.42374523493159716, 'eta_learning': 1.2324553625927517, 'sigma_boundary': 5.356520928342953, 'alpha': 0.5894950165761094}. Best is trial 41 with value: 0.03992415232161885.
[I 2026-03-17 02:27:01,457] Trial 44 finished with value: 2.0344546403672656 and parameters: {'sigma_noise': 0.3488540508961275, 'A_repulsion': 0.2210771926634445, 'gamma': 0.6674755951640946, 'sigma_update': 0.15404746001073868, 'eta_learning': 1.8874649215318104, 'sigma_boundary': 5.6737153995590806, 'alpha': 0.2203459323602346}. Best is trial 41 with value: 0.03992415232161885.
[I 2026-03-17 02:27:26,077] Trial 46 finished with value: 0.10437102674645875 and parameters: {'sigma_noise': 0.30168647396123777, 'A_repulsion': 0.34528731521757705, 'gamma': 0.529726607161313, 'sigma_update': 0.3580433608848337, 'eta_learning': 1.2550174444408957, 'sigma_boundary': 4.886197841401937, 'alpha': 0.5640313257848951}. Best is trial 41 with value: 0.03992415232161885.
[I 2026-03-17 02:27:48,641] Trial 53 finished with value: 0.06580204961254205 and parameters: {'sigma_noise': 0.15158872370117915, 'A_repulsion': 0.31570979913124986, 'gamma': 0.6555036205744779, 'sigma_update': 0.38929557367466217, 'eta_learning': 1.0438839969462426, 'sigma_boundary': 7.378849840595177, 'alpha': 0.7854555302539519}. Best is trial 41 with value: 0.03992415232161885.
[I 2026-03-17 02:27:58,549] Trial 48 finished with value: 0.09017209092874363 and parameters: {'sigma_noise': 0.29047530092067486, 'A_repulsion': 0.21050862258758077, 'gamma': 0.6293345803569194, 'sigma_update': 0.14801369324845967, 'eta_learning': 1.5317232981304205, 'sigma_boundary': 5.654896361273175, 'alpha': 0.7756597625796736}. Best is trial 41 with value: 0.03992415232161885.
[I 2026-03-17 02:28:12,440] Trial 67 finished with value: 0.08653454188831142 and parameters: {'sigma_noise': 0.1375246297351197, 'A_repulsion': 0.23851421178499307, 'gamma': 0.0903961746355246, 'sigma_update': 0.30286321187691206, 'eta_learning': 1.7610319890925634, 'sigma_boundary': 5.58076013209003, 'alpha': 0.5316781098590013}. Best is trial 41 with value: 0.03992415232161885.
[I 2026-03-17 02:28:21,421] Trial 49 finished with value: 0.08434620696225652 and parameters: {'sigma_noise': 0.3615647844955593, 'A_repulsion': 0.20358042782708324, 'gamma': 0.6329140021091875, 'sigma_update': 0.28042735343161995, 'eta_learning': 1.6973861947437163, 'sigma_boundary': 8.16036708994128, 'alpha': 0.6483884277167999}. Best is trial 41 with value: 0.03992415232161885.
[I 2026-03-17 02:28:35,376] Trial 66 finished with value: 0.0969739957953896 and parameters: {'sigma_noise': 0.17056718524944742, 'A_repulsion': 0.2036109286732498, 'gamma': 0.020447571682942686, 'sigma_update': 0.3429422867359461, 'eta_learning': 2.1723386522482095, 'sigma_boundary': 3.7790007511703343, 'alpha': 0.47488364697390045}. Best is trial 41 with value: 0.03992415232161885.
[I 2026-03-17 02:28:40,684] Trial 51 finished with value: 0.07722129342976664 and parameters: {'sigma_noise': 0.2640077982154318, 'A_repulsion': 0.26953167197463207, 'gamma': 0.5472947839374694, 'sigma_update': 0.4408850836381528, 'eta_learning': 0.9687499755894097, 'sigma_boundary': 4.343965653465198, 'alpha': 0.6421514298554512}. Best is trial 41 with value: 0.03992415232161885.
[I 2026-03-17 02:28:51,487] Trial 50 finished with value: 0.22330350141562438 and parameters: {'sigma_noise': 0.30497446864834554, 'A_repulsion': 0.36267127568243407, 'gamma': 0.5208414064665573, 'sigma_update': 0.49316322159494413, 'eta_learning': 0.11927638018808799, 'sigma_boundary': 5.365509143975795, 'alpha': 0.2834429031728667}. Best is trial 41 with value: 0.03992415232161885.
