/nfs/nhome/live/apourdehghan/Hybrid_hpc_utils.py:56: DtypeWarning: Columns (16) have mixed types. Specify dtype option on import or set low_memory=False.
  data = pd.read_csv(data_path)
[I 2026-03-20 00:53:18,025] A new study created in memory with name: no-name-f5a066b2-c2f5-4e67-a39d-9aa75958b37f
[I 2026-03-20 00:56:27,689] Trial 12 finished with value: 0.28079580929734715 and parameters: {'sigma_noise': 0.11101043592909408, 'A_repulsion': 0.0701777094426565, 'gamma': 0.10810134031798736, 'sigma_update': 0.6737956938350791, 'eta_learning': 2.294037501138478, 'sigma_boundary': 9.50286750191909, 'alpha': 0.0}. Best is trial 12 with value: 0.28079580929734715.
[I 2026-03-20 00:56:33,264] Trial 8 finished with value: 0.21988770031259067 and parameters: {'sigma_noise': 0.10720544675171456, 'A_repulsion': 0.052667484196165903, 'gamma': 0.7372847234956922, 'sigma_update': 0.4050077259386014, 'eta_learning': 1.0990388930933568, 'sigma_boundary': 2.6981508602454762, 'alpha': 0.0}. Best is trial 8 with value: 0.21988770031259067.
[I 2026-03-20 00:56:34,240] Trial 6 finished with value: 0.27488141259852317 and parameters: {'sigma_noise': 0.1343451145826136, 'A_repulsion': 0.01693432705953024, 'gamma': 0.2989155091247234, 'sigma_update': 0.21116421073727715, 'eta_learning': 2.1249395894475693, 'sigma_boundary': 7.504895008948626, 'alpha': 0.0}. Best is trial 8 with value: 0.21988770031259067.
[I 2026-03-20 00:57:10,569] Trial 22 finished with value: 0.47347381438386943 and parameters: {'sigma_noise': 0.19948700456987084, 'A_repulsion': 0.0570124457565111, 'gamma': 0.29328001676073173, 'sigma_update': 0.12863991179523324, 'eta_learning': 1.749464425821918, 'sigma_boundary': 3.1380147143244184, 'alpha': 0.0}. Best is trial 8 with value: 0.21988770031259067.
[I 2026-03-20 00:57:20,302] Trial 15 finished with value: 0.4998111204682306 and parameters: {'sigma_noise': 0.18439204700046735, 'A_repulsion': 0.15580622434799601, 'gamma': 0.559763664111211, 'sigma_update': 0.218468920016886, 'eta_learning': 0.6910118049755344, 'sigma_boundary': 1.3158127264819812, 'alpha': 0.0}. Best is trial 8 with value: 0.21988770031259067.
[I 2026-03-20 00:57:23,091] Trial 2 finished with value: 0.5245186511396518 and parameters: {'sigma_noise': 0.21608162020840033, 'A_repulsion': 0.12660071322232697, 'gamma': 0.6337305377523896, 'sigma_update': 0.2492994866417965, 'eta_learning': 1.6236323499373744, 'sigma_boundary': 8.889893650668768, 'alpha': 0.0}. Best is trial 8 with value: 0.21988770031259067.
[I 2026-03-20 00:57:30,987] Trial 21 finished with value: 0.35191324531038515 and parameters: {'sigma_noise': 0.20788480148020894, 'A_repulsion': 0.12735187479667331, 'gamma': 0.15320008311509664, 'sigma_update': 0.5904142795811287, 'eta_learning': 0.408255211597713, 'sigma_boundary': 1.2827537075388007, 'alpha': 0.0}. Best is trial 8 with value: 0.21988770031259067.
[I 2026-03-20 00:57:39,014] Trial 14 finished with value: 0.2617454197337039 and parameters: {'sigma_noise': 0.253399685041046, 'A_repulsion': 0.14365990094168923, 'gamma': 0.8303199573806621, 'sigma_update': 0.36362055645347524, 'eta_learning': 0.3025705445680959, 'sigma_boundary': 6.931674014288012, 'alpha': 0.0}. Best is trial 8 with value: 0.21988770031259067.
[I 2026-03-20 00:57:40,419] Trial 0 finished with value: 0.5283761164413991 and parameters: {'sigma_noise': 0.17830448498753615, 'A_repulsion': 0.302041927154609, 'gamma': 0.574690922418974, 'sigma_update': 0.24599660820986227, 'eta_learning': 0.5046190920033136, 'sigma_boundary': 3.5250987033859285, 'alpha': 0.0}. Best is trial 8 with value: 0.21988770031259067.
[I 2026-03-20 00:57:42,666] Trial 10 finished with value: 0.5268846183889847 and parameters: {'sigma_noise': 0.3419027289525989, 'A_repulsion': 0.06743483899785535, 'gamma': 0.298547564509607, 'sigma_update': 0.2764724889419919, 'eta_learning': 2.7859875368785065, 'sigma_boundary': 5.4044460928572065, 'alpha': 0.0}. Best is trial 8 with value: 0.21988770031259067.
[I 2026-03-20 00:57:45,992] Trial 18 finished with value: 0.5464430881996111 and parameters: {'sigma_noise': 0.1744674531381433, 'A_repulsion': 0.32774645390930773, 'gamma': 0.3463152486210471, 'sigma_update': 0.14282480583008855, 'eta_learning': 2.9153542276760187, 'sigma_boundary': 9.470751875897362, 'alpha': 0.0}. Best is trial 8 with value: 0.21988770031259067.
[I 2026-03-20 00:57:54,392] Trial 5 finished with value: 0.5453497964366835 and parameters: {'sigma_noise': 0.18378350713721664, 'A_repulsion': 0.2961584342142741, 'gamma': 0.6585994331529794, 'sigma_update': 0.6648340186239728, 'eta_learning': 1.5789346727658136, 'sigma_boundary': 0.9429915211844676, 'alpha': 0.0}. Best is trial 8 with value: 0.21988770031259067.
[I 2026-03-20 00:57:56,750] Trial 11 finished with value: 0.5457291951294168 and parameters: {'sigma_noise': 0.23737630616954963, 'A_repulsion': 0.2644173017015751, 'gamma': 0.8316295036270357, 'sigma_update': 0.16766574105790139, 'eta_learning': 2.5776286813671967, 'sigma_boundary': 9.887382450368134, 'alpha': 0.0}. Best is trial 8 with value: 0.21988770031259067.
[I 2026-03-20 00:57:56,932] Trial 17 finished with value: 0.5287739405093691 and parameters: {'sigma_noise': 0.37644270054608764, 'A_repulsion': 0.05610163812924096, 'gamma': 0.7653332705423925, 'sigma_update': 0.6529053292536356, 'eta_learning': 1.7570108898152896, 'sigma_boundary': 8.768641652838431, 'alpha': 0.0}. Best is trial 8 with value: 0.21988770031259067.
[I 2026-03-20 00:58:05,550] Trial 16 finished with value: 0.11040072116812362 and parameters: {'sigma_noise': 0.3612379936815574, 'A_repulsion': 0.07300849499545126, 'gamma': 0.7669562135829845, 'sigma_update': 0.4720209737961841, 'eta_learning': 0.12334678010804591, 'sigma_boundary': 2.982062499720493, 'alpha': 0.0}. Best is trial 16 with value: 0.11040072116812362.
[I 2026-03-20 00:58:12,922] Trial 9 finished with value: 0.5455717656154585 and parameters: {'sigma_noise': 0.2049016805014306, 'A_repulsion': 0.366800609479365, 'gamma': 0.6355785752738418, 'sigma_update': 0.17711600937500957, 'eta_learning': 0.5938630194289173, 'sigma_boundary': 0.677478510961169, 'alpha': 0.0}. Best is trial 16 with value: 0.11040072116812362.
[I 2026-03-20 00:59:11,331] Trial 23 finished with value: 0.5454550093742343 and parameters: {'sigma_noise': 0.41325753368608154, 'A_repulsion': 0.23558058545073413, 'gamma': 0.411177477428489, 'sigma_update': 0.60107123811691, 'eta_learning': 0.7774705331367596, 'sigma_boundary': 1.83267814512537, 'alpha': 0.0}. Best is trial 16 with value: 0.11040072116812362.
[I 2026-03-20 00:59:30,972] Trial 7 finished with value: 0.5461747503377041 and parameters: {'sigma_noise': 0.3812558448179757, 'A_repulsion': 0.3284668713264408, 'gamma': 0.033582671588686525, 'sigma_update': 0.42993050477863587, 'eta_learning': 1.2289859652293393, 'sigma_boundary': 1.2198837101139952, 'alpha': 0.0}. Best is trial 16 with value: 0.11040072116812362.
[I 2026-03-20 01:00:02,470] Trial 4 finished with value: 0.5461747503377041 and parameters: {'sigma_noise': 0.44812636490669683, 'A_repulsion': 0.3281318464174217, 'gamma': 0.23209370270651797, 'sigma_update': 0.6674442474834211, 'eta_learning': 1.079388261030516, 'sigma_boundary': 0.8230157802414153, 'alpha': 0.0}. Best is trial 16 with value: 0.11040072116812362.
[I 2026-03-20 01:00:18,957] Trial 1 finished with value: 0.5461747503377041 and parameters: {'sigma_noise': 0.44803767036906145, 'A_repulsion': 0.3940497384381565, 'gamma': 0.229457551634322, 'sigma_update': 0.5167321938337539, 'eta_learning': 2.7479398038792144, 'sigma_boundary': 3.4780583353663834, 'alpha': 0.0}. Best is trial 16 with value: 0.11040072116812362.
[I 2026-03-20 01:00:40,612] Trial 3 finished with value: 0.5461747503377041 and parameters: {'sigma_noise': 0.4371172216552732, 'A_repulsion': 0.3714442143469851, 'gamma': 0.5994641084734653, 'sigma_update': 0.07042098126884158, 'eta_learning': 1.4926874274207076, 'sigma_boundary': 0.14393236420084946, 'alpha': 0.0}. Best is trial 16 with value: 0.11040072116812362.
[I 2026-03-20 01:00:41,603] Trial 19 finished with value: 0.5461747503377041 and parameters: {'sigma_noise': 0.3827804914922383, 'A_repulsion': 0.4354780949092977, 'gamma': 0.3999227472277585, 'sigma_update': 0.1389687499521189, 'eta_learning': 1.5350554955558664, 'sigma_boundary': 4.003153189908924, 'alpha': 0.0}. Best is trial 16 with value: 0.11040072116812362.
[I 2026-03-20 01:00:44,113] Trial 13 finished with value: 0.5461747503377041 and parameters: {'sigma_noise': 0.4385216756967734, 'A_repulsion': 0.4550797166138451, 'gamma': 0.9179972725349392, 'sigma_update': 0.3477413762114104, 'eta_learning': 1.5486266216883602, 'sigma_boundary': 9.830917124790659, 'alpha': 0.0}. Best is trial 16 with value: 0.11040072116812362.
[I 2026-03-20 01:00:50,929] Trial 20 finished with value: 0.5461747503377041 and parameters: {'sigma_noise': 0.44970176275491014, 'A_repulsion': 0.426570669520458, 'gamma': 0.6031965400773193, 'sigma_update': 0.4247111192795284, 'eta_learning': 1.4183198842375486, 'sigma_boundary': 8.07128120241306, 'alpha': 0.0}. Best is trial 16 with value: 0.11040072116812362.
[I 2026-03-20 01:01:16,887] Trial 24 finished with value: 0.5446279595248877 and parameters: {'sigma_noise': 0.2720197495429201, 'A_repulsion': 0.194340365369029, 'gamma': 0.5034556773170027, 'sigma_update': 0.3421204610668761, 'eta_learning': 1.0863356251224627, 'sigma_boundary': 7.2477346643129685, 'alpha': 0.0}. Best is trial 16 with value: 0.11040072116812362.
[I 2026-03-20 01:01:42,407] Trial 25 finished with value: 0.5450471054778149 and parameters: {'sigma_noise': 0.23949161948610115, 'A_repulsion': 0.3236660213564523, 'gamma': 0.6388131485883944, 'sigma_update': 0.4498332142133486, 'eta_learning': 0.7966667810665921, 'sigma_boundary': 3.733265124113729, 'alpha': 0.0}. Best is trial 16 with value: 0.11040072116812362.
[I 2026-03-20 01:01:43,349] Trial 26 finished with value: 0.5445828729146803 and parameters: {'sigma_noise': 0.3496534808329311, 'A_repulsion': 0.15792977408060369, 'gamma': 0.4260516888933252, 'sigma_update': 0.38006971299260056, 'eta_learning': 2.1254776698258753, 'sigma_boundary': 3.328580566670377, 'alpha': 0.0}. Best is trial 16 with value: 0.11040072116812362.
[I 2026-03-20 01:01:44,848] Trial 34 finished with value: 0.36994164430482906 and parameters: {'sigma_noise': 0.14114617265748808, 'A_repulsion': 0.18367649733211291, 'gamma': 0.23940303651380307, 'sigma_update': 0.49403755817732026, 'eta_learning': 0.6526414438388678, 'sigma_boundary': 2.5542937313946044, 'alpha': 0.0}. Best is trial 16 with value: 0.11040072116812362.
[I 2026-03-20 01:01:51,224] Trial 30 finished with value: 0.5258035292927815 and parameters: {'sigma_noise': 0.1916474120378971, 'A_repulsion': 0.262182741496404, 'gamma': 0.5674066046463424, 'sigma_update': 0.26773138823602105, 'eta_learning': 0.8381403710888852, 'sigma_boundary': 7.8408983166114465, 'alpha': 0.0}. Best is trial 16 with value: 0.11040072116812362.
[I 2026-03-20 01:02:03,435] Trial 31 finished with value: 0.5295283404386429 and parameters: {'sigma_noise': 0.2504648738197273, 'A_repulsion': 0.15897494302579218, 'gamma': 0.2381295178272655, 'sigma_update': 0.3159870671936868, 'eta_learning': 1.366963447739566, 'sigma_boundary': 6.133132199227448, 'alpha': 0.0}. Best is trial 16 with value: 0.11040072116812362.
[I 2026-03-20 01:02:09,684] Trial 33 finished with value: 0.5439441541830737 and parameters: {'sigma_noise': 0.19784086713239074, 'A_repulsion': 0.2464895001598551, 'gamma': 0.34276241219236453, 'sigma_update': 0.4862193889270911, 'eta_learning': 2.0307273393928646, 'sigma_boundary': 4.892730223809021, 'alpha': 0.0}. Best is trial 16 with value: 0.11040072116812362.
[I 2026-03-20 01:02:14,105] Trial 37 finished with value: 0.5180756818703998 and parameters: {'sigma_noise': 0.17244788622890866, 'A_repulsion': 0.23661863630776409, 'gamma': 0.4820226420401079, 'sigma_update': 0.36337745049559206, 'eta_learning': 1.1877008674447909, 'sigma_boundary': 5.790813895731528, 'alpha': 0.0}. Best is trial 16 with value: 0.11040072116812362.
[I 2026-03-20 01:02:17,623] Trial 27 finished with value: 0.5455837998774927 and parameters: {'sigma_noise': 0.2691812915200171, 'A_repulsion': 0.2739403651406558, 'gamma': 0.22810335748347915, 'sigma_update': 0.5137527840260199, 'eta_learning': 1.9782472055233156, 'sigma_boundary': 2.4954438404921335, 'alpha': 0.0}. Best is trial 16 with value: 0.11040072116812362.
[I 2026-03-20 01:02:17,743] Trial 36 finished with value: 0.5308853291521121 and parameters: {'sigma_noise': 0.18914155035177566, 'A_repulsion': 0.16088914663869874, 'gamma': 0.4794900417049177, 'sigma_update': 0.045224292603667296, 'eta_learning': 1.8605261895353238, 'sigma_boundary': 5.526979744641348, 'alpha': 0.0}. Best is trial 16 with value: 0.11040072116812362.
[I 2026-03-20 01:02:31,206] Trial 32 finished with value: 0.545317266460923 and parameters: {'sigma_noise': 0.29300042021769646, 'A_repulsion': 0.1921011705141805, 'gamma': 0.33329635189944573, 'sigma_update': 0.3119086736703117, 'eta_learning': 1.9673794847428219, 'sigma_boundary': 2.9187405366404655, 'alpha': 0.0}. Best is trial 16 with value: 0.11040072116812362.
[I 2026-03-20 01:02:33,637] Trial 28 finished with value: 0.5456762005934387 and parameters: {'sigma_noise': 0.3076359743778272, 'A_repulsion': 0.22523356410064824, 'gamma': 0.6099495965565385, 'sigma_update': 0.43757181856762745, 'eta_learning': 1.7622952133756726, 'sigma_boundary': 5.850725889236356, 'alpha': 0.0}. Best is trial 16 with value: 0.11040072116812362.
[I 2026-03-20 01:03:08,961] Trial 29 finished with value: 0.5454535735677652 and parameters: {'sigma_noise': 0.30767997504542816, 'A_repulsion': 0.339019724672208, 'gamma': 0.3293048287625842, 'sigma_update': 0.2540258313430826, 'eta_learning': 0.8240110752911173, 'sigma_boundary': 4.541938736753616, 'alpha': 0.0}. Best is trial 16 with value: 0.11040072116812362.
[I 2026-03-20 01:03:28,995] Trial 39 finished with value: 0.5454240228434588 and parameters: {'sigma_noise': 0.27695260854506987, 'A_repulsion': 0.3023710297485997, 'gamma': 0.567621479808735, 'sigma_update': 0.34028603149511766, 'eta_learning': 2.4639408881067126, 'sigma_boundary': 5.604179485750495, 'alpha': 0.0}. Best is trial 16 with value: 0.11040072116812362.
[I 2026-03-20 01:03:39,678] Trial 38 finished with value: 0.5454550093742343 and parameters: {'sigma_noise': 0.35734059327361106, 'A_repulsion': 0.23590847406426085, 'gamma': 0.44893997689230347, 'sigma_update': 0.2431666023443121, 'eta_learning': 1.748828212202754, 'sigma_boundary': 5.364263303333172, 'alpha': 0.0}. Best is trial 16 with value: 0.11040072116812362.
[I 2026-03-20 01:03:52,407] Trial 40 finished with value: 0.5453686261536159 and parameters: {'sigma_noise': 0.22573094892960793, 'A_repulsion': 0.2818565359972528, 'gamma': 0.5612571612663102, 'sigma_update': 0.36992868540446344, 'eta_learning': 1.3733179087926808, 'sigma_boundary': 5.948306877114712, 'alpha': 0.0}. Best is trial 16 with value: 0.11040072116812362.
[I 2026-03-20 01:04:10,751] Trial 35 finished with value: 0.5461747503377041 and parameters: {'sigma_noise': 0.3851602563037941, 'A_repulsion': 0.32978585950115624, 'gamma': 0.5448549979224004, 'sigma_update': 0.5570174193703801, 'eta_learning': 1.6335015621539528, 'sigma_boundary': 7.832724346642936, 'alpha': 0.0}. Best is trial 16 with value: 0.11040072116812362.
[I 2026-03-20 01:04:17,449] Trial 42 finished with value: 0.5207343310529229 and parameters: {'sigma_noise': 0.14723414317018763, 'A_repulsion': 0.3208998599129514, 'gamma': 0.3608728651891803, 'sigma_update': 0.38459804455476115, 'eta_learning': 1.0652355954741977, 'sigma_boundary': 5.345113236375011, 'alpha': 0.0}. Best is trial 16 with value: 0.11040072116812362.
[I 2026-03-20 01:04:23,617] Trial 43 finished with value: 0.46739981865820757 and parameters: {'sigma_noise': 0.11753199216143262, 'A_repulsion': 0.25385214165153186, 'gamma': 0.7330057510853071, 'sigma_update': 0.3596157508583997, 'eta_learning': 1.1579696595146014, 'sigma_boundary': 3.684797384535332, 'alpha': 0.0}. Best is trial 16 with value: 0.11040072116812362.
[I 2026-03-20 01:04:44,477] Trial 41 finished with value: 0.5462751218826154 and parameters: {'sigma_noise': 0.33086357880680506, 'A_repulsion': 0.22326265094774933, 'gamma': 0.2598687678493193, 'sigma_update': 0.3751749982749517, 'eta_learning': 1.1363823754693372, 'sigma_boundary': 2.414688529795705, 'alpha': 0.0}. Best is trial 16 with value: 0.11040072116812362.
[I 2026-03-20 01:05:04,341] Trial 47 finished with value: 0.5297062154890607 and parameters: {'sigma_noise': 0.190255234978219, 'A_repulsion': 0.22806404601058272, 'gamma': 0.742472602521835, 'sigma_update': 0.21513450826828848, 'eta_learning': 1.6643172128035792, 'sigma_boundary': 3.5158967111226276, 'alpha': 0.0}. Best is trial 16 with value: 0.11040072116812362.
[I 2026-03-20 01:05:05,016] Trial 44 finished with value: 0.528100049704392 and parameters: {'sigma_noise': 0.277949171831628, 'A_repulsion': 0.1317445158345027, 'gamma': 0.731492053261637, 'sigma_update': 0.2150689638351519, 'eta_learning': 1.126160477418059, 'sigma_boundary': 3.15246401606091, 'alpha': 0.0}. Best is trial 16 with value: 0.11040072116812362.
[I 2026-03-20 01:05:06,036] Trial 46 finished with value: 0.5289412717713393 and parameters: {'sigma_noise': 0.23263565251934715, 'A_repulsion': 0.17036048197872142, 'gamma': 0.8520089492746352, 'sigma_update': 0.5097430641383006, 'eta_learning': 1.7394022601531365, 'sigma_boundary': 4.602556071134074, 'alpha': 0.0}. Best is trial 16 with value: 0.11040072116812362.
[I 2026-03-20 01:05:10,908] Trial 45 finished with value: 0.5266374520472263 and parameters: {'sigma_noise': 0.2831607946664963, 'A_repulsion': 0.1141956419763836, 'gamma': 0.650338459926638, 'sigma_update': 0.41492591876206897, 'eta_learning': 0.9967439752096976, 'sigma_boundary': 6.329443976485286, 'alpha': 0.0}. Best is trial 16 with value: 0.11040072116812362.
[I 2026-03-20 01:05:39,199] Trial 50 finished with value: 0.49321827443840177 and parameters: {'sigma_noise': 0.21903257032029888, 'A_repulsion': 0.06892618651437618, 'gamma': 0.3756831256628627, 'sigma_update': 0.38534489110540937, 'eta_learning': 1.3186930402593222, 'sigma_boundary': 4.787104640663913, 'alpha': 0.0}. Best is trial 16 with value: 0.11040072116812362.
[I 2026-03-20 01:06:12,085] Trial 48 finished with value: 0.5458039599958512 and parameters: {'sigma_noise': 0.2362794090998982, 'A_repulsion': 0.2852674256946838, 'gamma': 0.5641690804862585, 'sigma_update': 0.28416566215403116, 'eta_learning': 1.3645045610405062, 'sigma_boundary': 2.891945393246899, 'alpha': 0.0}. Best is trial 16 with value: 0.11040072116812362.
[I 2026-03-20 01:06:32,573] Trial 49 finished with value: 0.5453382418109216 and parameters: {'sigma_noise': 0.2299854498475538, 'A_repulsion': 0.28298399778173683, 'gamma': 0.3883818839783422, 'sigma_update': 0.23138418215244977, 'eta_learning': 1.367981918309507, 'sigma_boundary': 5.944889947982977, 'alpha': 0.0}. Best is trial 16 with value: 0.11040072116812362.
[I 2026-03-20 01:06:54,177] Trial 51 finished with value: 0.5456523363088083 and parameters: {'sigma_noise': 0.2894557360634113, 'A_repulsion': 0.2627583799194788, 'gamma': 0.5173718896812123, 'sigma_update': 0.35086777586579526, 'eta_learning': 1.3138479031167358, 'sigma_boundary': 3.680418814244957, 'alpha': 0.0}. Best is trial 16 with value: 0.11040072116812362.
[I 2026-03-20 01:06:55,755] Trial 56 finished with value: 0.5457758302652147 and parameters: {'sigma_noise': 0.2359772673241589, 'A_repulsion': 0.26937192329799214, 'gamma': 0.1478730048898413, 'sigma_update': 0.5454175689482768, 'eta_learning': 1.79417430043423, 'sigma_boundary': 3.3199690346627144, 'alpha': 0.0}. Best is trial 16 with value: 0.11040072116812362.
[I 2026-03-20 01:06:58,137] Trial 57 finished with value: 0.5258456443622023 and parameters: {'sigma_noise': 0.2015596489305343, 'A_repulsion': 0.2977990303161158, 'gamma': 0.5251130814398595, 'sigma_update': 0.35122026282681323, 'eta_learning': 0.6103507643648187, 'sigma_boundary': 7.201465097059328, 'alpha': 0.0}. Best is trial 16 with value: 0.11040072116812362.
[I 2026-03-20 01:07:08,358] Trial 53 finished with value: 0.5455217337851462 and parameters: {'sigma_noise': 0.24937520096047439, 'A_repulsion': 0.32747626765426807, 'gamma': 0.5482655807498533, 'sigma_update': 0.3445831819847883, 'eta_learning': 1.8639880907499875, 'sigma_boundary': 8.016475866006715, 'alpha': 0.0}. Best is trial 16 with value: 0.11040072116812362.
[I 2026-03-20 01:07:16,743] Trial 55 finished with value: 0.545696582009248 and parameters: {'sigma_noise': 0.27490843021412065, 'A_repulsion': 0.26774807246013743, 'gamma': 0.7485065832118406, 'sigma_update': 0.2882617594547738, 'eta_learning': 1.5907293152183362, 'sigma_boundary': 5.243743483710036, 'alpha': 0.0}. Best is trial 16 with value: 0.11040072116812362.
[I 2026-03-20 01:07:32,393] Trial 52 finished with value: 0.5454059891314249 and parameters: {'sigma_noise': 0.306706141486172, 'A_repulsion': 0.325941977610169, 'gamma': 0.6546391206171384, 'sigma_update': 0.4910429061064715, 'eta_learning': 1.307256205222302, 'sigma_boundary': 5.178895757032742, 'alpha': 0.0}. Best is trial 16 with value: 0.11040072116812362.
[I 2026-03-20 01:07:36,384] Trial 61 finished with value: 0.5151753866354593 and parameters: {'sigma_noise': 0.19540807938827537, 'A_repulsion': 0.174608974380241, 'gamma': 0.4463885981281901, 'sigma_update': 0.4979787477317553, 'eta_learning': 1.4244274322120607, 'sigma_boundary': 7.995239239828145, 'alpha': 0.0}. Best is trial 16 with value: 0.11040072116812362.
