[I 2026-03-20 01:19:01,908] Trial 117 finished with value: 0.5323847780533704 and parameters: {'sigma_noise': 0.19526925750559648, 'A_repulsion': 0.30118174805389786, 'gamma': 0.5762985776054088, 'sigma_update': 0.45810699648155273, 'eta_learning': 0.8251246563235273, 'sigma_boundary': 7.793367253305697, 'alpha': 0.0}. Best is trial 120 with value: 0.024499585111342866.
[I 2026-03-20 01:19:06,221] Trial 121 finished with value: 0.3913980069303924 and parameters: {'sigma_noise': 0.17521455768389022, 'A_repulsion': 0.14380134681399623, 'gamma': 0.6163383292131188, 'sigma_update': 0.21828725008100858, 'eta_learning': 0.6536270966804238, 'sigma_boundary': 6.968983217259821, 'alpha': 0.0}. Best is trial 120 with value: 0.024499585111342866.
[I 2026-03-20 01:19:12,544] Trial 118 finished with value: 0.5307293646617586 and parameters: {'sigma_noise': 0.2705580383349667, 'A_repulsion': 0.14870495061949798, 'gamma': 0.566634911034164, 'sigma_update': 0.5300831938858576, 'eta_learning': 1.6753716182427212, 'sigma_boundary': 6.734511334731842, 'alpha': 0.0}. Best is trial 120 with value: 0.024499585111342866.
[I 2026-03-20 01:19:16,544] Trial 115 finished with value: 0.5456458241950248 and parameters: {'sigma_noise': 0.3030008307303449, 'A_repulsion': 0.23017932638551586, 'gamma': 0.3635427194440644, 'sigma_update': 0.480091385758571, 'eta_learning': 1.5580071117816638, 'sigma_boundary': 8.363665047993806, 'alpha': 0.0}. Best is trial 120 with value: 0.024499585111342866.
[I 2026-03-20 01:19:18,144] Trial 122 finished with value: 0.084078741954396 and parameters: {'sigma_noise': 0.20244126497539566, 'A_repulsion': 0.11788862950839057, 'gamma': 0.463456701436062, 'sigma_update': 0.23859684488249597, 'eta_learning': 0.23560284732584175, 'sigma_boundary': 4.793872452093117, 'alpha': 0.0}. Best is trial 120 with value: 0.024499585111342866.
[I 2026-03-20 01:20:01,022] Trial 125 finished with value: 0.016942124337828036 and parameters: {'sigma_noise': 0.1645527824280637, 'A_repulsion': 0.04628931068044034, 'gamma': 0.4282673678567893, 'sigma_update': 0.28962675307355207, 'eta_learning': 0.17498304872507464, 'sigma_boundary': 8.285055023793733, 'alpha': 0.0}. Best is trial 125 with value: 0.016942124337828036.
[I 2026-03-20 01:20:13,656] Trial 123 finished with value: 0.4270706869172155 and parameters: {'sigma_noise': 0.29908158208664715, 'A_repulsion': 0.05985192446228754, 'gamma': 0.3136820507227924, 'sigma_update': 0.21286499164024, 'eta_learning': 0.44439693875692127, 'sigma_boundary': 8.226573941013257, 'alpha': 0.0}. Best is trial 125 with value: 0.016942124337828036.
[I 2026-03-20 01:20:16,627] Trial 130 finished with value: 0.06380606811431831 and parameters: {'sigma_noise': 0.0822152934612306, 'A_repulsion': 0.10441540748090897, 'gamma': 0.45367059799209336, 'sigma_update': 0.4937403997530253, 'eta_learning': 0.4907483641279141, 'sigma_boundary': 8.413300662284696, 'alpha': 0.0}. Best is trial 125 with value: 0.016942124337828036.
[I 2026-03-20 01:20:20,875] Trial 119 finished with value: 0.5456988923407843 and parameters: {'sigma_noise': 0.2725946547258855, 'A_repulsion': 0.29065051005679665, 'gamma': 0.5750772875489818, 'sigma_update': 0.37244014207519827, 'eta_learning': 1.077621015248343, 'sigma_boundary': 4.580361557478527, 'alpha': 0.0}. Best is trial 125 with value: 0.016942124337828036.
[I 2026-03-20 01:20:24,742] Trial 124 finished with value: 0.3740652605793241 and parameters: {'sigma_noise': 0.23890581617039158, 'A_repulsion': 0.0509561839118588, 'gamma': 0.7295172713367134, 'sigma_update': 0.5133855277450106, 'eta_learning': 0.5383828130812057, 'sigma_boundary': 6.346383354911404, 'alpha': 0.0}. Best is trial 125 with value: 0.016942124337828036.
[I 2026-03-20 01:20:34,173] Trial 128 finished with value: 0.016872342821744962 and parameters: {'sigma_noise': 0.20213865360189204, 'A_repulsion': 0.01901956593002163, 'gamma': 0.629397830278919, 'sigma_update': 0.2839061892819421, 'eta_learning': 0.14154724458648632, 'sigma_boundary': 7.0386104960270695, 'alpha': 0.0}. Best is trial 128 with value: 0.016872342821744962.
[I 2026-03-20 01:20:37,828] Trial 126 finished with value: 0.013799711143610342 and parameters: {'sigma_noise': 0.21193042885172053, 'A_repulsion': 0.13199537754535648, 'gamma': 0.7240095043985375, 'sigma_update': 0.4344480982550707, 'eta_learning': 0.09026758528487236, 'sigma_boundary': 5.907851785897841, 'alpha': 0.0}. Best is trial 126 with value: 0.013799711143610342.
[I 2026-03-20 01:21:15,570] Trial 129 finished with value: 0.5224579250876327 and parameters: {'sigma_noise': 0.25762678109965714, 'A_repulsion': 0.09023043478340681, 'gamma': 0.5335139251510624, 'sigma_update': 0.34368870077182684, 'eta_learning': 0.875149665044996, 'sigma_boundary': 8.102861871473667, 'alpha': 0.0}. Best is trial 126 with value: 0.013799711143610342.
[I 2026-03-20 01:21:24,025] Trial 131 finished with value: 0.16619702548060838 and parameters: {'sigma_noise': 0.2144092951055122, 'A_repulsion': 0.11858987900865882, 'gamma': 0.5650946770701062, 'sigma_update': 0.35937090111232795, 'eta_learning': 0.31155117304960106, 'sigma_boundary': 5.762522465947499, 'alpha': 0.0}. Best is trial 126 with value: 0.013799711143610342.
[I 2026-03-20 01:21:32,627] Trial 133 finished with value: 0.46487851872085917 and parameters: {'sigma_noise': 0.23037497882668334, 'A_repulsion': 0.06209175856811738, 'gamma': 0.4149758686647015, 'sigma_update': 0.4152082840457303, 'eta_learning': 0.8129007532916738, 'sigma_boundary': 5.14183165910655, 'alpha': 0.0}. Best is trial 126 with value: 0.013799711143610342.
[I 2026-03-20 01:21:41,277] Trial 135 finished with value: 0.35390516664721144 and parameters: {'sigma_noise': 0.14632910546432498, 'A_repulsion': 0.09973723895188447, 'gamma': 0.5034870417094853, 'sigma_update': 0.3330182226345323, 'eta_learning': 1.014024464800902, 'sigma_boundary': 5.907485700393687, 'alpha': 0.0}. Best is trial 126 with value: 0.013799711143610342.
[I 2026-03-20 01:21:44,791] Trial 136 finished with value: 0.41301709426805006 and parameters: {'sigma_noise': 0.21304401231048992, 'A_repulsion': 0.023100664274442018, 'gamma': 0.4533894201874206, 'sigma_update': 0.3093390749297659, 'eta_learning': 1.0831160345779323, 'sigma_boundary': 8.09385334749751, 'alpha': 0.0}. Best is trial 126 with value: 0.013799711143610342.
[I 2026-03-20 01:21:57,319] Trial 127 finished with value: 0.5450168717160809 and parameters: {'sigma_noise': 0.23979520092075296, 'A_repulsion': 0.3144940789756139, 'gamma': 0.4474497899361116, 'sigma_update': 0.30280725759898564, 'eta_learning': 0.7767062201072074, 'sigma_boundary': 4.231536455320967, 'alpha': 0.0}. Best is trial 126 with value: 0.013799711143610342.
[I 2026-03-20 01:22:03,081] Trial 142 finished with value: 0.08968667685103307 and parameters: {'sigma_noise': 0.05635936537056885, 'A_repulsion': 0.018752110386216825, 'gamma': 0.7700928752813209, 'sigma_update': 0.47621884815108123, 'eta_learning': 0.9410609321963074, 'sigma_boundary': 4.619309835209926, 'alpha': 0.0}. Best is trial 126 with value: 0.013799711143610342.
[I 2026-03-20 01:22:06,286] Trial 134 finished with value: 0.5282546468989222 and parameters: {'sigma_noise': 0.24547174656439674, 'A_repulsion': 0.1507296316827414, 'gamma': 0.3274303921715974, 'sigma_update': 0.3571092363860355, 'eta_learning': 1.3773937338919722, 'sigma_boundary': 5.115030175572332, 'alpha': 0.0}. Best is trial 126 with value: 0.013799711143610342.
[I 2026-03-20 01:22:17,362] Trial 132 finished with value: 0.5448531549151256 and parameters: {'sigma_noise': 0.31318880836882607, 'A_repulsion': 0.17943927823693373, 'gamma': 0.4279902016742962, 'sigma_update': 0.3607760328404885, 'eta_learning': 1.058649591844157, 'sigma_boundary': 7.131832800818771, 'alpha': 0.0}. Best is trial 126 with value: 0.013799711143610342.
[I 2026-03-20 01:22:30,568] Trial 139 finished with value: 0.30392356140269117 and parameters: {'sigma_noise': 0.11113054802563432, 'A_repulsion': 0.16589827981171895, 'gamma': 0.5815161033259777, 'sigma_update': 0.3399261161676736, 'eta_learning': 0.9366441525293906, 'sigma_boundary': 6.95415647559487, 'alpha': 0.0}. Best is trial 126 with value: 0.013799711143610342.
[I 2026-03-20 01:22:30,747] Trial 137 finished with value: 0.5126374955452571 and parameters: {'sigma_noise': 0.1606478371916934, 'A_repulsion': 0.24916017833139398, 'gamma': 0.5217920360735206, 'sigma_update': 0.27616467888975765, 'eta_learning': 1.3640615215283836, 'sigma_boundary': 4.977690480583811, 'alpha': 0.0}. Best is trial 126 with value: 0.013799711143610342.
[I 2026-03-20 01:22:52,346] Trial 145 finished with value: 0.11929547409249626 and parameters: {'sigma_noise': 0.15458811646558207, 'A_repulsion': 0.023742447585325177, 'gamma': 0.6050502924600539, 'sigma_update': 0.5253499691205347, 'eta_learning': 0.4951200809181617, 'sigma_boundary': 7.82032023523182, 'alpha': 0.0}. Best is trial 126 with value: 0.013799711143610342.
[I 2026-03-20 01:23:00,077] Trial 138 finished with value: 0.5280614050678383 and parameters: {'sigma_noise': 0.32115331048726514, 'A_repulsion': 0.09099559846443508, 'gamma': 0.35347503832483573, 'sigma_update': 0.4135641214270086, 'eta_learning': 0.9594429399077862, 'sigma_boundary': 8.083506723104282, 'alpha': 0.0}. Best is trial 126 with value: 0.013799711143610342.
[I 2026-03-20 01:23:33,833] Trial 140 finished with value: 0.520426834331782 and parameters: {'sigma_noise': 0.196113060246127, 'A_repulsion': 0.2889795124626491, 'gamma': 0.46793830056474167, 'sigma_update': 0.2757930736990749, 'eta_learning': 0.5689272699104966, 'sigma_boundary': 5.9035066522694954, 'alpha': 0.0}. Best is trial 126 with value: 0.013799711143610342.
[I 2026-03-20 01:23:49,020] Trial 144 finished with value: 0.5224513425108992 and parameters: {'sigma_noise': 0.2511000656662629, 'A_repulsion': 0.15033161980980222, 'gamma': 0.5352013170959377, 'sigma_update': 0.25550009154029174, 'eta_learning': 0.7973555140835928, 'sigma_boundary': 4.096122549810198, 'alpha': 0.0}. Best is trial 126 with value: 0.013799711143610342.
[I 2026-03-20 01:23:55,712] Trial 141 finished with value: 0.5154971953331293 and parameters: {'sigma_noise': 0.2827499490711817, 'A_repulsion': 0.17885020906922536, 'gamma': 0.5312820890513061, 'sigma_update': 0.32064724801318806, 'eta_learning': 0.4636486142153306, 'sigma_boundary': 5.498497820012169, 'alpha': 0.0}. Best is trial 126 with value: 0.013799711143610342.
[I 2026-03-20 01:23:56,890] Trial 143 finished with value: 0.5401711506264965 and parameters: {'sigma_noise': 0.23794250869037814, 'A_repulsion': 0.22518820681262042, 'gamma': 0.5103151495493621, 'sigma_update': 0.3075425653401633, 'eta_learning': 0.8908016908127129, 'sigma_boundary': 7.874106869473438, 'alpha': 0.0}. Best is trial 126 with value: 0.013799711143610342.
[I 2026-03-20 01:24:05,328] Trial 151 finished with value: 0.011181442317489885 and parameters: {'sigma_noise': 0.14679279311455773, 'A_repulsion': 0.06557777745858841, 'gamma': 0.72761691546309, 'sigma_update': 0.5116278344832966, 'eta_learning': 0.0948670122226927, 'sigma_boundary': 7.055628531617122, 'alpha': 0.0}. Best is trial 151 with value: 0.011181442317489885.
[I 2026-03-20 01:24:27,469] Trial 148 finished with value: 0.47763379295598274 and parameters: {'sigma_noise': 0.13512258530568172, 'A_repulsion': 0.2767257986378174, 'gamma': 0.4986852452400796, 'sigma_update': 0.4228314732894558, 'eta_learning': 0.9294692302810914, 'sigma_boundary': 9.77636032771024, 'alpha': 0.0}. Best is trial 151 with value: 0.011181442317489885.
[I 2026-03-20 01:24:31,958] Trial 146 finished with value: 0.5463749502217405 and parameters: {'sigma_noise': 0.17526412291395954, 'A_repulsion': 0.34862242690639944, 'gamma': 0.45553000234476365, 'sigma_update': 0.3998039933869355, 'eta_learning': 1.8537231420403946, 'sigma_boundary': 6.522387673318768, 'alpha': 0.0}. Best is trial 151 with value: 0.011181442317489885.
[I 2026-03-20 01:24:38,358] Trial 152 finished with value: 0.15647730124535156 and parameters: {'sigma_noise': 0.21513316591311132, 'A_repulsion': 0.07167607604418778, 'gamma': 0.6287398794970447, 'sigma_update': 0.3675603107441394, 'eta_learning': 0.3467305847899405, 'sigma_boundary': 6.2045485195748356, 'alpha': 0.0}. Best is trial 151 with value: 0.011181442317489885.
[I 2026-03-20 01:24:40,634] Trial 150 finished with value: 0.1751035312819779 and parameters: {'sigma_noise': 0.19470911536461916, 'A_repulsion': 0.16247784854912634, 'gamma': 0.6755524836556942, 'sigma_update': 0.5007026802554615, 'eta_learning': 0.3169175685723131, 'sigma_boundary': 7.6903629404091784, 'alpha': 0.0}. Best is trial 151 with value: 0.011181442317489885.
[I 2026-03-20 01:24:48,671] Trial 147 finished with value: 0.5304920209315841 and parameters: {'sigma_noise': 0.2182242448942101, 'A_repulsion': 0.2445045789461564, 'gamma': 0.49561048551706405, 'sigma_update': 0.2633086285497123, 'eta_learning': 0.8016871391228847, 'sigma_boundary': 6.520025240365028, 'alpha': 0.0}. Best is trial 151 with value: 0.011181442317489885.
[I 2026-03-20 01:25:01,360] Trial 153 finished with value: 0.31278329100703 and parameters: {'sigma_noise': 0.14734431307733142, 'A_repulsion': 0.13600799048183265, 'gamma': 0.26963431998156484, 'sigma_update': 0.32026605746327463, 'eta_learning': 0.6931530257375725, 'sigma_boundary': 8.810293973999194, 'alpha': 0.0}. Best is trial 151 with value: 0.011181442317489885.
[I 2026-03-20 01:25:02,436] Trial 154 finished with value: 0.18635408771613482 and parameters: {'sigma_noise': 0.1073581024538614, 'A_repulsion': 0.1249952760457729, 'gamma': 0.5521399590713191, 'sigma_update': 0.29119569984445515, 'eta_learning': 0.6603123570632884, 'sigma_boundary': 5.183057133106755, 'alpha': 0.0}. Best is trial 151 with value: 0.011181442317489885.
[I 2026-03-20 01:25:08,045] Trial 157 finished with value: 0.010625316632530048 and parameters: {'sigma_noise': 0.15897996909265902, 'A_repulsion': 0.014095115832796781, 'gamma': 0.7730602866513864, 'sigma_update': 0.3804916095340895, 'eta_learning': 0.10764241903258716, 'sigma_boundary': 6.207066581571529, 'alpha': 0.0}. Best is trial 157 with value: 0.010625316632530048.
[I 2026-03-20 01:25:12,737] Trial 149 finished with value: 0.5236859313292934 and parameters: {'sigma_noise': 0.2662858914865165, 'A_repulsion': 0.2233883400035931, 'gamma': 0.5207274468921325, 'sigma_update': 0.5705876259412241, 'eta_learning': 0.5053890086114758, 'sigma_boundary': 8.894400671048878, 'alpha': 0.0}. Best is trial 157 with value: 0.010625316632530048.
[I 2026-03-20 01:25:26,937] Trial 160 finished with value: 0.02017851992149788 and parameters: {'sigma_noise': 0.141727861878632, 'A_repulsion': 0.03424455101389522, 'gamma': 0.6946967759122974, 'sigma_update': 0.38736146247314485, 'eta_learning': 0.23432642908261522, 'sigma_boundary': 7.338041580368614, 'alpha': 0.0}. Best is trial 157 with value: 0.010625316632530048.
[I 2026-03-20 01:25:36,090] Trial 158 finished with value: 0.2189466242557947 and parameters: {'sigma_noise': 0.14118355785933306, 'A_repulsion': 0.08854425502904395, 'gamma': 0.7009536854521912, 'sigma_update': 0.17704503933995788, 'eta_learning': 0.6401549804730794, 'sigma_boundary': 6.620908650293553, 'alpha': 0.0}. Best is trial 157 with value: 0.010625316632530048.
[I 2026-03-20 01:25:42,383] Trial 155 finished with value: 0.5159088916693012 and parameters: {'sigma_noise': 0.20201681233797347, 'A_repulsion': 0.15946140870624814, 'gamma': 0.7234794133983924, 'sigma_update': 0.5013926618185812, 'eta_learning': 0.7520678067750631, 'sigma_boundary': 7.312387358987793, 'alpha': 0.0}. Best is trial 157 with value: 0.010625316632530048.
[I 2026-03-20 01:26:09,617] Trial 156 finished with value: 0.5319228109875193 and parameters: {'sigma_noise': 0.23665077550741298, 'A_repulsion': 0.2003984433290774, 'gamma': 0.7019953986426204, 'sigma_update': 0.3286632258617041, 'eta_learning': 1.3739459474944462, 'sigma_boundary': 5.439268456305544, 'alpha': 0.0}. Best is trial 157 with value: 0.010625316632530048.
[I 2026-03-20 01:26:12,689] Trial 159 finished with value: 0.05932961467032672 and parameters: {'sigma_noise': 0.20724800339954214, 'A_repulsion': 0.13095326500524498, 'gamma': 0.6266092113677326, 'sigma_update': 0.3131466502657715, 'eta_learning': 0.20575908923232822, 'sigma_boundary': 8.385547449423715, 'alpha': 0.0}. Best is trial 157 with value: 0.010625316632530048.
[I 2026-03-20 01:26:18,045] Trial 161 finished with value: 0.39974438565837556 and parameters: {'sigma_noise': 0.18594493499817694, 'A_repulsion': 0.08977011242359663, 'gamma': 0.6624631162573071, 'sigma_update': 0.4187712436110661, 'eta_learning': 0.7953839273832778, 'sigma_boundary': 9.327487642376909, 'alpha': 0.0}. Best is trial 157 with value: 0.010625316632530048.
[I 2026-03-20 01:26:26,000] Trial 162 finished with value: 0.40298489119374736 and parameters: {'sigma_noise': 0.15515571182330462, 'A_repulsion': 0.13366507700645602, 'gamma': 0.8347542017194522, 'sigma_update': 0.38031126956367867, 'eta_learning': 0.9145687033822647, 'sigma_boundary': 9.222846747119569, 'alpha': 0.0}. Best is trial 157 with value: 0.010625316632530048.
[I 2026-03-20 01:26:30,595] Trial 163 finished with value: 0.4330633950697751 and parameters: {'sigma_noise': 0.18073866486194207, 'A_repulsion': 0.1080924526941289, 'gamma': 0.942276399110405, 'sigma_update': 0.350547368383969, 'eta_learning': 0.9874862366960565, 'sigma_boundary': 8.861574200309757, 'alpha': 0.0}. Best is trial 157 with value: 0.010625316632530048.
[I 2026-03-20 01:27:41,823] Trial 164 finished with value: 0.5454569003266272 and parameters: {'sigma_noise': 0.2736415816918461, 'A_repulsion': 0.20475960266172888, 'gamma': 0.42402963336856087, 'sigma_update': 0.21719967855597946, 'eta_learning': 1.483180339632332, 'sigma_boundary': 6.225227175185483, 'alpha': 0.0}. Best is trial 157 with value: 0.010625316632530048.
[I 2026-03-20 01:27:47,749] Trial 172 finished with value: 0.04694598873536156 and parameters: {'sigma_noise': 0.1229533637773927, 'A_repulsion': 0.05298882887972089, 'gamma': 0.5837165041023973, 'sigma_update': 0.39150193535338695, 'eta_learning': 0.384358389938163, 'sigma_boundary': 9.97448664366488, 'alpha': 0.0}. Best is trial 157 with value: 0.010625316632530048.
[I 2026-03-20 01:27:48,153] Trial 165 finished with value: 0.36764609966078016 and parameters: {'sigma_noise': 0.24039831790151472, 'A_repulsion': 0.18739843697495137, 'gamma': 0.5898107684835503, 'sigma_update': 0.5156705303864523, 'eta_learning': 0.3335232975283961, 'sigma_boundary': 4.816196385203658, 'alpha': 0.0}. Best is trial 157 with value: 0.010625316632530048.
[I 2026-03-20 01:28:02,537] Trial 167 finished with value: 0.1988549399191817 and parameters: {'sigma_noise': 0.1960926897438648, 'A_repulsion': 0.13372184507204093, 'gamma': 0.9205213263275346, 'sigma_update': 0.323243300734378, 'eta_learning': 0.3651717816000769, 'sigma_boundary': 8.423210577592705, 'alpha': 0.0}. Best is trial 157 with value: 0.010625316632530048.
[I 2026-03-20 01:28:14,144] Trial 166 finished with value: 0.12213070161156918 and parameters: {'sigma_noise': 0.2344230563143777, 'A_repulsion': 0.17338279715891028, 'gamma': 0.7534773388925693, 'sigma_update': 0.362003087500808, 'eta_learning': 0.21649847066101877, 'sigma_boundary': 5.854105383085192, 'alpha': 0.0}. Best is trial 157 with value: 0.010625316632530048.
[I 2026-03-20 01:28:14,977] Trial 168 finished with value: 0.3923952106988892 and parameters: {'sigma_noise': 0.20457466074918879, 'A_repulsion': 0.16516192523684106, 'gamma': 0.5349687811918066, 'sigma_update': 0.25737740224959116, 'eta_learning': 0.45860905514008027, 'sigma_boundary': 6.489861941519117, 'alpha': 0.0}. Best is trial 157 with value: 0.010625316632530048.
[I 2026-03-20 01:28:22,132] Trial 169 finished with value: 0.5293871611116262 and parameters: {'sigma_noise': 0.2253785748748613, 'A_repulsion': 0.18456414936132517, 'gamma': 0.5310770969948735, 'sigma_update': 0.1064495557146131, 'eta_learning': 1.2527776888508888, 'sigma_boundary': 6.007542305782276, 'alpha': 0.0}. Best is trial 157 with value: 0.010625316632530048.
[I 2026-03-20 01:28:34,167] Trial 175 finished with value: 0.14451359355775847 and parameters: {'sigma_noise': 0.1670048610354053, 'A_repulsion': 0.08425674192763202, 'gamma': 0.6964874218391406, 'sigma_update': 0.4100439970113689, 'eta_learning': 0.4290292057811936, 'sigma_boundary': 8.362349023031078, 'alpha': 0.0}. Best is trial 157 with value: 0.010625316632530048.
[I 2026-03-20 01:28:38,895] Trial 173 finished with value: 0.1673233224349364 and parameters: {'sigma_noise': 0.18133519020435135, 'A_repulsion': 0.11923595554269176, 'gamma': 0.7721614716453019, 'sigma_update': 0.2997225548646722, 'eta_learning': 0.3793408502071619, 'sigma_boundary': 8.190732165383835, 'alpha': 0.0}. Best is trial 157 with value: 0.010625316632530048.
[I 2026-03-20 01:28:57,537] Trial 174 finished with value: 0.5455590825238286 and parameters: {'sigma_noise': 0.22134805736852253, 'A_repulsion': 0.11259191380799347, 'gamma': 0.725482800592345, 'sigma_update': 0.35901686101310104, 'eta_learning': 1.5460646669277671, 'sigma_boundary': 7.951176806342662, 'alpha': 0.0}. Best is trial 157 with value: 0.010625316632530048.
[I 2026-03-20 01:29:01,714] Trial 179 finished with value: 0.025936611943680507 and parameters: {'sigma_noise': 0.12681662138127103, 'A_repulsion': 0.1686707824687813, 'gamma': 0.5848786454139674, 'sigma_update': 0.38486305125782094, 'eta_learning': 0.03543839507837636, 'sigma_boundary': 4.714043444281075, 'alpha': 0.0}. Best is trial 157 with value: 0.010625316632530048.
[I 2026-03-20 01:29:15,002] Trial 171 finished with value: 0.5245513774127248 and parameters: {'sigma_noise': 0.3274390402726581, 'A_repulsion': 0.12033074399183204, 'gamma': 0.5996963762878227, 'sigma_update': 0.39492099367477845, 'eta_learning': 0.5954426179374189, 'sigma_boundary': 8.795125638813886, 'alpha': 0.0}. Best is trial 157 with value: 0.010625316632530048.
