[I 2026-03-20 01:07:46,405] Trial 54 finished with value: 0.5454059891314249 and parameters: {'sigma_noise': 0.303428404267897, 'A_repulsion': 0.324022245068857, 'gamma': 0.08600141411821308, 'sigma_update': 0.3035611451976983, 'eta_learning': 1.0988247629912034, 'sigma_boundary': 4.731486403919282, 'alpha': 0.0}. Best is trial 16 with value: 0.11040072116812362.
[I 2026-03-20 01:07:55,456] Trial 58 finished with value: 0.5451375602251912 and parameters: {'sigma_noise': 0.32504834448722864, 'A_repulsion': 0.24161453034912747, 'gamma': 0.5597633868216539, 'sigma_update': 0.37756841588640055, 'eta_learning': 0.8714455776537563, 'sigma_boundary': 6.1497840002371955, 'alpha': 0.0}. Best is trial 16 with value: 0.11040072116812362.
[I 2026-03-20 01:08:26,188] Trial 59 finished with value: 0.5454239821233151 and parameters: {'sigma_noise': 0.30225096967072024, 'A_repulsion': 0.3688028293854927, 'gamma': 0.4100262596091908, 'sigma_update': 0.23491716754619585, 'eta_learning': 0.8936933818476899, 'sigma_boundary': 4.430745191619387, 'alpha': 0.0}. Best is trial 16 with value: 0.11040072116812362.
[I 2026-03-20 01:08:29,734] Trial 68 finished with value: 0.06498434755467009 and parameters: {'sigma_noise': 0.05235729271245757, 'A_repulsion': 0.2713968290622726, 'gamma': 0.303665717551277, 'sigma_update': 0.4138814570063405, 'eta_learning': 0.4508753863773407, 'sigma_boundary': 5.624349267836131, 'alpha': 0.0}. Best is trial 68 with value: 0.06498434755467009.
[I 2026-03-20 01:08:46,823] Trial 60 finished with value: 0.5454240228434588 and parameters: {'sigma_noise': 0.3143608346172521, 'A_repulsion': 0.27793685325845435, 'gamma': 0.6621432987188993, 'sigma_update': 0.31114790343076904, 'eta_learning': 1.9226168458817336, 'sigma_boundary': 5.879974304628381, 'alpha': 0.0}. Best is trial 68 with value: 0.06498434755467009.
[I 2026-03-20 01:08:51,575] Trial 64 finished with value: 0.5432298445277383 and parameters: {'sigma_noise': 0.2575966334124346, 'A_repulsion': 0.19156994135548766, 'gamma': 0.911427703969093, 'sigma_update': 0.33385711967222437, 'eta_learning': 1.5984442154542182, 'sigma_boundary': 3.7993412337210017, 'alpha': 0.0}. Best is trial 68 with value: 0.06498434755467009.
[I 2026-03-20 01:08:57,484] Trial 63 finished with value: 0.5450509857266728 and parameters: {'sigma_noise': 0.2729048750438359, 'A_repulsion': 0.25760576855475714, 'gamma': 0.25386409248131925, 'sigma_update': 0.21090739056990554, 'eta_learning': 0.7957951077381725, 'sigma_boundary': 5.622242822962177, 'alpha': 0.0}. Best is trial 68 with value: 0.06498434755467009.
[I 2026-03-20 01:09:01,681] Trial 62 finished with value: 0.5456163813066547 and parameters: {'sigma_noise': 0.27494281104982365, 'A_repulsion': 0.3263901107111376, 'gamma': 0.4067359271896341, 'sigma_update': 0.20328820278003945, 'eta_learning': 0.9025975902515125, 'sigma_boundary': 8.304823803438001, 'alpha': 0.0}. Best is trial 68 with value: 0.06498434755467009.
[I 2026-03-20 01:09:21,226] Trial 67 finished with value: 0.5236368136309953 and parameters: {'sigma_noise': 0.18591592397164303, 'A_repulsion': 0.27829529927298885, 'gamma': 0.21405653016410134, 'sigma_update': 0.3652479207310709, 'eta_learning': 0.6754328110747554, 'sigma_boundary': 3.5389499828971815, 'alpha': 0.0}. Best is trial 68 with value: 0.06498434755467009.
[I 2026-03-20 01:09:24,280] Trial 71 finished with value: 0.5434404294895641 and parameters: {'sigma_noise': 0.17742561945414848, 'A_repulsion': 0.17619689535210623, 'gamma': 0.4887723588444273, 'sigma_update': 0.3903838451052003, 'eta_learning': 1.90490858558012, 'sigma_boundary': 4.983451031394898, 'alpha': 0.0}. Best is trial 68 with value: 0.06498434755467009.
[I 2026-03-20 01:09:51,271] Trial 65 finished with value: 0.5454536142879087 and parameters: {'sigma_noise': 0.3380237523211767, 'A_repulsion': 0.2537464709032471, 'gamma': 0.13948681653225545, 'sigma_update': 0.1366348153630432, 'eta_learning': 1.9385715346651755, 'sigma_boundary': 7.0124902397878905, 'alpha': 0.0}. Best is trial 68 with value: 0.06498434755467009.
[I 2026-03-20 01:10:18,810] Trial 69 finished with value: 0.5456907904119567 and parameters: {'sigma_noise': 0.25586325337612886, 'A_repulsion': 0.2883312073672043, 'gamma': 0.33332594103839097, 'sigma_update': 0.17519287701659306, 'eta_learning': 1.808529383138198, 'sigma_boundary': 6.6149958754999965, 'alpha': 0.0}. Best is trial 68 with value: 0.06498434755467009.
[I 2026-03-20 01:10:21,063] Trial 72 finished with value: 0.532115998255631 and parameters: {'sigma_noise': 0.2693907094922852, 'A_repulsion': 0.19169303880046168, 'gamma': 0.2738189969545186, 'sigma_update': 0.4665819379094023, 'eta_learning': 1.328495385539396, 'sigma_boundary': 5.641258488918765, 'alpha': 0.0}. Best is trial 68 with value: 0.06498434755467009.
[I 2026-03-20 01:10:24,047] Trial 66 finished with value: 0.5455333821424169 and parameters: {'sigma_noise': 0.36666034459122476, 'A_repulsion': 0.28403983159294205, 'gamma': 0.4425311982032501, 'sigma_update': 0.26801156477439353, 'eta_learning': 0.40622026399391825, 'sigma_boundary': 6.94093082252374, 'alpha': 0.0}. Best is trial 68 with value: 0.06498434755467009.
[I 2026-03-20 01:10:31,707] Trial 74 finished with value: 0.12071238294884142 and parameters: {'sigma_noise': 0.14796539020736588, 'A_repulsion': 0.13729870166179514, 'gamma': 0.4032613084897485, 'sigma_update': 0.33212997565672664, 'eta_learning': 0.3841721926262367, 'sigma_boundary': 7.930376576695731, 'alpha': 0.0}. Best is trial 68 with value: 0.06498434755467009.
[I 2026-03-20 01:10:42,071] Trial 70 finished with value: 0.5455691570003326 and parameters: {'sigma_noise': 0.3186913389983042, 'A_repulsion': 0.27360095011531327, 'gamma': 0.47366655944789005, 'sigma_update': 0.32488595208344306, 'eta_learning': 1.0995932630702112, 'sigma_boundary': 5.470117220525487, 'alpha': 0.0}. Best is trial 68 with value: 0.06498434755467009.
[I 2026-03-20 01:11:09,052] Trial 80 finished with value: 0.25627859636873074 and parameters: {'sigma_noise': 0.11921571603889114, 'A_repulsion': 0.12727934211738795, 'gamma': 0.05263774212253569, 'sigma_update': 0.3876104440171705, 'eta_learning': 0.796422182047674, 'sigma_boundary': 6.695897996563785, 'alpha': 0.0}. Best is trial 68 with value: 0.06498434755467009.
[I 2026-03-20 01:11:12,605] Trial 73 finished with value: 0.5446915543682775 and parameters: {'sigma_noise': 0.2722684603688127, 'A_repulsion': 0.23215690135183836, 'gamma': 0.42775383511000337, 'sigma_update': 0.32057741446365406, 'eta_learning': 0.6865693731799801, 'sigma_boundary': 7.272317524610242, 'alpha': 0.0}. Best is trial 68 with value: 0.06498434755467009.
[I 2026-03-20 01:11:13,903] Trial 78 finished with value: 0.4137084128402676 and parameters: {'sigma_noise': 0.1505979830641822, 'A_repulsion': 0.22718513234140944, 'gamma': 0.37693686111440183, 'sigma_update': 0.5615594597769208, 'eta_learning': 0.5730397148272237, 'sigma_boundary': 2.830335249781662, 'alpha': 0.0}. Best is trial 68 with value: 0.06498434755467009.
[I 2026-03-20 01:11:36,227] Trial 79 finished with value: 0.5289377947587559 and parameters: {'sigma_noise': 0.22130351453659752, 'A_repulsion': 0.19226685379121886, 'gamma': 0.4683138866066149, 'sigma_update': 0.3217725817143283, 'eta_learning': 1.37168262539052, 'sigma_boundary': 5.100424937055618, 'alpha': 0.0}. Best is trial 68 with value: 0.06498434755467009.
[I 2026-03-20 01:12:02,761] Trial 81 finished with value: 0.5316130954061031 and parameters: {'sigma_noise': 0.20312861649333835, 'A_repulsion': 0.24082088687520362, 'gamma': 0.1960647869682317, 'sigma_update': 0.23891038078279245, 'eta_learning': 1.4106264260090307, 'sigma_boundary': 5.108144410202978, 'alpha': 0.0}. Best is trial 68 with value: 0.06498434755467009.
[I 2026-03-20 01:12:03,176] Trial 77 finished with value: 0.5453408579241674 and parameters: {'sigma_noise': 0.28195619994812954, 'A_repulsion': 0.26842951643816193, 'gamma': 0.456488511071409, 'sigma_update': 0.5003310211792558, 'eta_learning': 0.8605731875499891, 'sigma_boundary': 6.455560101409794, 'alpha': 0.0}. Best is trial 68 with value: 0.06498434755467009.
[I 2026-03-20 01:12:20,480] Trial 75 finished with value: 0.5455705520866582 and parameters: {'sigma_noise': 0.3259769684447989, 'A_repulsion': 0.23974190765669073, 'gamma': 0.7509067889748263, 'sigma_update': 0.3388367483899959, 'eta_learning': 1.3460379852774595, 'sigma_boundary': 7.522195521630038, 'alpha': 0.0}. Best is trial 68 with value: 0.06498434755467009.
[I 2026-03-20 01:12:33,039] Trial 76 finished with value: 0.08012164825229584 and parameters: {'sigma_noise': 0.29379055806717524, 'A_repulsion': 0.3123035962508505, 'gamma': 0.33324958671429156, 'sigma_update': 0.18210011068573637, 'eta_learning': 0.08865526303469468, 'sigma_boundary': 4.406850899866528, 'alpha': 0.0}. Best is trial 68 with value: 0.06498434755467009.
[I 2026-03-20 01:12:34,095] Trial 82 finished with value: 0.5441909700870695 and parameters: {'sigma_noise': 0.334877516866419, 'A_repulsion': 0.14233012109612186, 'gamma': 0.30833844937010924, 'sigma_update': 0.449519480052132, 'eta_learning': 1.3937953800054705, 'sigma_boundary': 6.0233261602954045, 'alpha': 0.0}. Best is trial 68 with value: 0.06498434755467009.
[I 2026-03-20 01:13:06,200] Trial 84 finished with value: 0.5437052184450393 and parameters: {'sigma_noise': 0.32618884188446484, 'A_repulsion': 0.13166135183834843, 'gamma': 0.5740085529835534, 'sigma_update': 0.2453449868534455, 'eta_learning': 1.4585325450196116, 'sigma_boundary': 4.84732895838049, 'alpha': 0.0}. Best is trial 68 with value: 0.06498434755467009.
[I 2026-03-20 01:13:12,747] Trial 85 finished with value: 0.5442203488250111 and parameters: {'sigma_noise': 0.2176995278863338, 'A_repulsion': 0.264706232762719, 'gamma': 0.7807428495721066, 'sigma_update': 0.1791726212105451, 'eta_learning': 1.2820396631846827, 'sigma_boundary': 7.680660370140762, 'alpha': 0.0}. Best is trial 68 with value: 0.06498434755467009.
[I 2026-03-20 01:13:16,330] Trial 88 finished with value: 0.4186241626833957 and parameters: {'sigma_noise': 0.1627163508697299, 'A_repulsion': 0.2532849808193599, 'gamma': 0.2097876372105048, 'sigma_update': 0.41617196844806204, 'eta_learning': 0.5176700382970788, 'sigma_boundary': 5.828677359586289, 'alpha': 0.0}. Best is trial 68 with value: 0.06498434755467009.
[I 2026-03-20 01:13:24,010] Trial 83 finished with value: 0.5451621969704167 and parameters: {'sigma_noise': 0.3146789707220506, 'A_repulsion': 0.29612903612414476, 'gamma': 0.5872575587729594, 'sigma_update': 0.1803433310073455, 'eta_learning': 0.6757393198106572, 'sigma_boundary': 6.384091328959908, 'alpha': 0.0}. Best is trial 68 with value: 0.06498434755467009.
[I 2026-03-20 01:13:29,453] Trial 86 finished with value: 0.5443292492021327 and parameters: {'sigma_noise': 0.2701411439454574, 'A_repulsion': 0.18741552007730936, 'gamma': 0.4451959530133764, 'sigma_update': 0.18770775023839462, 'eta_learning': 1.8373123148381056, 'sigma_boundary': 5.452611833367208, 'alpha': 0.0}. Best is trial 68 with value: 0.06498434755467009.
[I 2026-03-20 01:13:37,655] Trial 90 finished with value: 0.5314533985025398 and parameters: {'sigma_noise': 0.1982725202589803, 'A_repulsion': 0.25190075593993994, 'gamma': 0.5379814906853668, 'sigma_update': 0.5873371524099431, 'eta_learning': 1.3036227058495908, 'sigma_boundary': 6.1412596120624645, 'alpha': 0.0}. Best is trial 68 with value: 0.06498434755467009.
[I 2026-03-20 01:13:47,819] Trial 91 finished with value: 0.5274692764420301 and parameters: {'sigma_noise': 0.20577095158657238, 'A_repulsion': 0.21490317757883426, 'gamma': 0.6471282180539205, 'sigma_update': 0.5388062446179773, 'eta_learning': 1.0850851673438087, 'sigma_boundary': 6.941127109177906, 'alpha': 0.0}. Best is trial 68 with value: 0.06498434755467009.
[I 2026-03-20 01:14:00,454] Trial 92 finished with value: 0.41114625435672386 and parameters: {'sigma_noise': 0.21375857178589858, 'A_repulsion': 0.10214198206293401, 'gamma': 0.8099992036977592, 'sigma_update': 0.38127929543092737, 'eta_learning': 0.5957442962398699, 'sigma_boundary': 7.945574850033671, 'alpha': 0.0}. Best is trial 68 with value: 0.06498434755467009.
[I 2026-03-20 01:14:04,857] Trial 89 finished with value: 0.5455978909920176 and parameters: {'sigma_noise': 0.2425945718927659, 'A_repulsion': 0.33626599016885256, 'gamma': 0.6839720357037867, 'sigma_update': 0.4062308777755225, 'eta_learning': 1.3237497910775973, 'sigma_boundary': 8.602332617300897, 'alpha': 0.0}. Best is trial 68 with value: 0.06498434755467009.
[I 2026-03-20 01:14:23,855] Trial 93 finished with value: 0.5196501684952715 and parameters: {'sigma_noise': 0.1817789133383842, 'A_repulsion': 0.12333908526268342, 'gamma': 0.2819318052241604, 'sigma_update': 0.2758112627614339, 'eta_learning': 1.6991806232969422, 'sigma_boundary': 7.46719449121345, 'alpha': 0.0}. Best is trial 68 with value: 0.06498434755467009.
[I 2026-03-20 01:14:26,784] Trial 94 finished with value: 0.4853253707631387 and parameters: {'sigma_noise': 0.21828376733363214, 'A_repulsion': 0.07593197954580921, 'gamma': 0.45802330716379475, 'sigma_update': 0.3307685969204087, 'eta_learning': 0.9143638367151965, 'sigma_boundary': 7.362525728954294, 'alpha': 0.0}. Best is trial 68 with value: 0.06498434755467009.
[I 2026-03-20 01:14:44,654] Trial 97 finished with value: 0.3199219997829764 and parameters: {'sigma_noise': 0.16810759660353183, 'A_repulsion': 0.14351554777945477, 'gamma': 0.5553847013090208, 'sigma_update': 0.34266040253546953, 'eta_learning': 0.5489354581814717, 'sigma_boundary': 6.1404022427314775, 'alpha': 0.0}. Best is trial 68 with value: 0.06498434755467009.
[I 2026-03-20 01:14:49,756] Trial 87 finished with value: 0.5454073842177505 and parameters: {'sigma_noise': 0.4184233712076461, 'A_repulsion': 0.22923247748421655, 'gamma': 0.3542504643249182, 'sigma_update': 0.2107804417328159, 'eta_learning': 1.7218511146091664, 'sigma_boundary': 5.479596131117997, 'alpha': 0.0}. Best is trial 68 with value: 0.06498434755467009.
[I 2026-03-20 01:15:04,815] Trial 96 finished with value: 0.5227937856344737 and parameters: {'sigma_noise': 0.23831244795121098, 'A_repulsion': 0.1905674622506583, 'gamma': 0.6555064874803244, 'sigma_update': 0.49831226467667833, 'eta_learning': 0.6307314270329111, 'sigma_boundary': 8.219020511451856, 'alpha': 0.0}. Best is trial 68 with value: 0.06498434755467009.
[I 2026-03-20 01:15:06,575] Trial 98 finished with value: 0.488426501610002 and parameters: {'sigma_noise': 0.1363068643375972, 'A_repulsion': 0.19999875858226596, 'gamma': 0.5008844176343126, 'sigma_update': 0.412799113175208, 'eta_learning': 2.0223079600854685, 'sigma_boundary': 7.639227345902262, 'alpha': 0.0}. Best is trial 68 with value: 0.06498434755467009.
[I 2026-03-20 01:15:12,113] Trial 95 finished with value: 0.5282597083656776 and parameters: {'sigma_noise': 0.26463201382778706, 'A_repulsion': 0.18710405365894658, 'gamma': 0.7221288399773433, 'sigma_update': 0.47531194751305933, 'eta_learning': 0.6679920099060508, 'sigma_boundary': 5.12678927671573, 'alpha': 0.0}. Best is trial 68 with value: 0.06498434755467009.
[I 2026-03-20 01:15:29,434] Trial 99 finished with value: 0.5171728334932003 and parameters: {'sigma_noise': 0.15299779927366433, 'A_repulsion': 0.2905935917298229, 'gamma': 0.11916964197074081, 'sigma_update': 0.4465338056558092, 'eta_learning': 1.1711529715386362, 'sigma_boundary': 8.799530581133856, 'alpha': 0.0}. Best is trial 68 with value: 0.06498434755467009.
[I 2026-03-20 01:16:11,778] Trial 101 finished with value: 0.5459331273799823 and parameters: {'sigma_noise': 0.19757129232743748, 'A_repulsion': 0.2926216525240117, 'gamma': 0.499535857570678, 'sigma_update': 0.3739796041323411, 'eta_learning': 1.9384845001323068, 'sigma_boundary': 9.062968480726845, 'alpha': 0.0}. Best is trial 68 with value: 0.06498434755467009.
[I 2026-03-20 01:16:20,217] Trial 100 finished with value: 0.5455217337851462 and parameters: {'sigma_noise': 0.26953001943288896, 'A_repulsion': 0.3049650859924187, 'gamma': 0.778702573357878, 'sigma_update': 0.5189706326817973, 'eta_learning': 1.7297049304943328, 'sigma_boundary': 7.399503811579641, 'alpha': 0.0}. Best is trial 68 with value: 0.06498434755467009.
[I 2026-03-20 01:16:21,754] Trial 104 finished with value: 0.38302702798298405 and parameters: {'sigma_noise': 0.1118528123850102, 'A_repulsion': 0.2614185473998897, 'gamma': 0.4962896252499315, 'sigma_update': 0.5183166815764522, 'eta_learning': 0.8323589332405017, 'sigma_boundary': 7.961502643324412, 'alpha': 0.0}. Best is trial 68 with value: 0.06498434755467009.
[I 2026-03-20 01:16:48,552] Trial 102 finished with value: 0.5302590167407306 and parameters: {'sigma_noise': 0.26968676166294947, 'A_repulsion': 0.15196987643020926, 'gamma': 0.5406240023563684, 'sigma_update': 0.4500858958003261, 'eta_learning': 2.2232325211189767, 'sigma_boundary': 4.846863018645774, 'alpha': 0.0}. Best is trial 68 with value: 0.06498434755467009.
[I 2026-03-20 01:16:50,633] Trial 106 finished with value: 0.5227584015880918 and parameters: {'sigma_noise': 0.19372686211200146, 'A_repulsion': 0.1924031317133399, 'gamma': 0.5443938842203552, 'sigma_update': 0.4447211915264226, 'eta_learning': 0.8469987864095182, 'sigma_boundary': 8.469293506381117, 'alpha': 0.0}. Best is trial 68 with value: 0.06498434755467009.
[I 2026-03-20 01:16:52,769] Trial 105 finished with value: 0.51485286502952 and parameters: {'sigma_noise': 0.21892329539436362, 'A_repulsion': 0.1596572911518426, 'gamma': 0.43270884150745803, 'sigma_update': 0.18806816770815044, 'eta_learning': 0.8813017498725179, 'sigma_boundary': 6.893359085608223, 'alpha': 0.0}. Best is trial 68 with value: 0.06498434755467009.
[I 2026-03-20 01:17:00,389] Trial 109 finished with value: 0.39403943781796824 and parameters: {'sigma_noise': 0.11151734787913098, 'A_repulsion': 0.22787366938070405, 'gamma': 0.5419505095113002, 'sigma_update': 0.45406805546242535, 'eta_learning': 1.0764381684816147, 'sigma_boundary': 8.343842524226472, 'alpha': 0.0}. Best is trial 68 with value: 0.06498434755467009.
[I 2026-03-20 01:17:08,880] Trial 107 finished with value: 0.5051479183177748 and parameters: {'sigma_noise': 0.15704767993775587, 'A_repulsion': 0.17710853176206368, 'gamma': 0.5485352628687642, 'sigma_update': 0.6382254596674611, 'eta_learning': 1.3245283902312137, 'sigma_boundary': 7.618311243194932, 'alpha': 0.0}. Best is trial 68 with value: 0.06498434755467009.
[I 2026-03-20 01:17:15,192] Trial 110 finished with value: 0.3070082930255714 and parameters: {'sigma_noise': 0.05703591340848492, 'A_repulsion': 0.3604335759959739, 'gamma': 0.4573363621161217, 'sigma_update': 0.1513786086606266, 'eta_learning': 1.0375654274206296, 'sigma_boundary': 6.022405772041682, 'alpha': 0.0}. Best is trial 68 with value: 0.06498434755467009.
[I 2026-03-20 01:17:28,173] Trial 108 finished with value: 0.5045996708082751 and parameters: {'sigma_noise': 0.1363260061830634, 'A_repulsion': 0.2945309661860208, 'gamma': 0.5441393146382015, 'sigma_update': 0.3036134847390484, 'eta_learning': 1.9950958252137656, 'sigma_boundary': 7.125511789171931, 'alpha': 0.0}. Best is trial 68 with value: 0.06498434755467009.
[I 2026-03-20 01:17:44,014] Trial 112 finished with value: 0.5145163660250851 and parameters: {'sigma_noise': 0.17559648119247362, 'A_repulsion': 0.21381110451997004, 'gamma': 0.4276321391936733, 'sigma_update': 0.440240238870974, 'eta_learning': 1.5522000765475896, 'sigma_boundary': 5.307918586563718, 'alpha': 0.0}. Best is trial 68 with value: 0.06498434755467009.
[I 2026-03-20 01:17:49,160] Trial 111 finished with value: 0.5308111522937466 and parameters: {'sigma_noise': 0.15333124592980213, 'A_repulsion': 0.3196599286002793, 'gamma': 0.32528022393448924, 'sigma_update': 0.6213643712624158, 'eta_learning': 1.3765299459224631, 'sigma_boundary': 5.92460716501554, 'alpha': 0.0}. Best is trial 68 with value: 0.06498434755467009.
[I 2026-03-20 01:18:00,201] Trial 103 finished with value: 0.5461747503377041 and parameters: {'sigma_noise': 0.3156587825488395, 'A_repulsion': 0.37537353517664934, 'gamma': 0.5477642605893713, 'sigma_update': 0.33140259621665547, 'eta_learning': 1.2655185134586864, 'sigma_boundary': 6.003819815976939, 'alpha': 0.0}. Best is trial 68 with value: 0.06498434755467009.
[I 2026-03-20 01:18:18,319] Trial 114 finished with value: 0.5161452538180492 and parameters: {'sigma_noise': 0.21912515538363098, 'A_repulsion': 0.1556543788004925, 'gamma': 0.5165573225502841, 'sigma_update': 0.30547172485630963, 'eta_learning': 1.0712007413941786, 'sigma_boundary': 9.400775518796648, 'alpha': 0.0}. Best is trial 68 with value: 0.06498434755467009.
[I 2026-03-20 01:18:20,705] Trial 113 finished with value: 0.5298291517058139 and parameters: {'sigma_noise': 0.23116182109695882, 'A_repulsion': 0.21483018315471433, 'gamma': 0.21685578071712444, 'sigma_update': 0.5538280050434775, 'eta_learning': 1.0704229611232114, 'sigma_boundary': 8.399008932450482, 'alpha': 0.0}. Best is trial 68 with value: 0.06498434755467009.
[I 2026-03-20 01:18:53,613] Trial 120 finished with value: 0.024499585111342866 and parameters: {'sigma_noise': 0.20543942311727992, 'A_repulsion': 0.03373356859513839, 'gamma': 0.5112758543943832, 'sigma_update': 0.15827550813117017, 'eta_learning': 0.17072334054764904, 'sigma_boundary': 8.598110660024531, 'alpha': 0.0}. Best is trial 120 with value: 0.024499585111342866.
[I 2026-03-20 01:18:56,642] Trial 116 finished with value: 0.544834050138947 and parameters: {'sigma_noise': 0.25629158227620324, 'A_repulsion': 0.21412254902218797, 'gamma': 0.3974861182050732, 'sigma_update': 0.48864998635278306, 'eta_learning': 1.7964026044518706, 'sigma_boundary': 6.111876312519542, 'alpha': 0.0}. Best is trial 120 with value: 0.024499585111342866.
