[I 2026-03-20 01:29:17,167] Trial 178 finished with value: 0.015007821538206513 and parameters: {'sigma_noise': 0.1715955201718218, 'A_repulsion': 0.18296738776538543, 'gamma': 0.5954400756206996, 'sigma_update': 0.3919810431451618, 'eta_learning': 0.11986734245801628, 'sigma_boundary': 8.391387800075435, 'alpha': 0.0}. Best is trial 157 with value: 0.010625316632530048.
[I 2026-03-20 01:29:22,085] Trial 177 finished with value: 0.44522218308472283 and parameters: {'sigma_noise': 0.19867658351366896, 'A_repulsion': 0.11371193141968244, 'gamma': 0.6982341477165647, 'sigma_update': 0.258884893013934, 'eta_learning': 0.7148831110024776, 'sigma_boundary': 4.962685303810901, 'alpha': 0.0}. Best is trial 157 with value: 0.010625316632530048.
[I 2026-03-20 01:29:23,391] Trial 182 finished with value: 0.009843131486823939 and parameters: {'sigma_noise': 0.15459970910912518, 'A_repulsion': 0.1074470386672721, 'gamma': 0.5725402526982574, 'sigma_update': 0.16732525791212802, 'eta_learning': 0.08380929333107487, 'sigma_boundary': 7.0576344531993, 'alpha': 0.0}. Best is trial 182 with value: 0.009843131486823939.
[I 2026-03-20 01:29:50,477] Trial 170 finished with value: 0.5233966172064575 and parameters: {'sigma_noise': 0.36027361652634254, 'A_repulsion': 0.2508588839847232, 'gamma': 0.480070150616434, 'sigma_update': 0.39961871589294123, 'eta_learning': 0.31813943757121493, 'sigma_boundary': 6.61915220057859, 'alpha': 0.0}. Best is trial 182 with value: 0.009843131486823939.
[I 2026-03-20 01:29:55,705] Trial 181 finished with value: 0.22574528836398605 and parameters: {'sigma_noise': 0.24608181412338187, 'A_repulsion': 0.11786319257610198, 'gamma': 0.41450156301949653, 'sigma_update': 0.23558860922248606, 'eta_learning': 0.3103225983725503, 'sigma_boundary': 6.607834075373668, 'alpha': 0.0}. Best is trial 182 with value: 0.009843131486823939.
[I 2026-03-20 01:29:59,529] Trial 176 finished with value: 0.1963634512085419 and parameters: {'sigma_noise': 0.32419621849050395, 'A_repulsion': 0.13572848295528497, 'gamma': 0.5349862458981481, 'sigma_update': 0.48364298134040096, 'eta_learning': 0.21177945279031946, 'sigma_boundary': 7.258983630602079, 'alpha': 0.0}. Best is trial 182 with value: 0.009843131486823939.
[I 2026-03-20 01:30:02,144] Trial 180 finished with value: 0.5300573693600599 and parameters: {'sigma_noise': 0.2719392170677239, 'A_repulsion': 0.2157257675868886, 'gamma': 0.523529927110364, 'sigma_update': 0.3094155820471741, 'eta_learning': 0.5851607401279743, 'sigma_boundary': 6.007918650950953, 'alpha': 0.0}. Best is trial 182 with value: 0.009843131486823939.
[I 2026-03-20 01:30:02,889] Trial 185 finished with value: 0.2390481310521499 and parameters: {'sigma_noise': 0.21724298940224446, 'A_repulsion': 0.007147377864559816, 'gamma': 0.9508977114130707, 'sigma_update': 0.19533770746968482, 'eta_learning': 0.5110723530265365, 'sigma_boundary': 4.0183760017429, 'alpha': 0.0}. Best is trial 182 with value: 0.009843131486823939.
[I 2026-03-20 01:30:07,052] Trial 187 finished with value: 0.049511321315041934 and parameters: {'sigma_noise': 0.11058799709729589, 'A_repulsion': 0.20751596173432152, 'gamma': 0.7386316793963321, 'sigma_update': 0.32777738435677334, 'eta_learning': 0.3004222238530696, 'sigma_boundary': 9.108873508592197, 'alpha': 0.0}. Best is trial 182 with value: 0.009843131486823939.
[I 2026-03-20 01:30:09,163] Trial 186 finished with value: 0.4182959042935779 and parameters: {'sigma_noise': 0.14306646689126362, 'A_repulsion': 0.15609351676433728, 'gamma': 0.7146125501025055, 'sigma_update': 0.4801253941204466, 'eta_learning': 1.0287422723214217, 'sigma_boundary': 4.217834834700268, 'alpha': 0.0}. Best is trial 182 with value: 0.009843131486823939.
[I 2026-03-20 01:30:10,121] Trial 184 finished with value: 0.11290209828293758 and parameters: {'sigma_noise': 0.27316756027177436, 'A_repulsion': 0.04096343578437969, 'gamma': 0.33079979092031037, 'sigma_update': 0.2164818872837253, 'eta_learning': 0.2510065049620434, 'sigma_boundary': 6.2692328300401945, 'alpha': 0.0}. Best is trial 182 with value: 0.009843131486823939.
[I 2026-03-20 01:30:27,671] Trial 190 finished with value: 0.1330641206913335 and parameters: {'sigma_noise': 0.060614090383576416, 'A_repulsion': 0.05382734986352805, 'gamma': 0.4016630007592116, 'sigma_update': 0.40634232602177306, 'eta_learning': 1.2096159929448391, 'sigma_boundary': 4.617124659295024, 'alpha': 0.0}. Best is trial 182 with value: 0.009843131486823939.
[I 2026-03-20 01:30:36,248] Trial 188 finished with value: 0.12764717242475504 and parameters: {'sigma_noise': 0.15319769628059401, 'A_repulsion': 0.02837468091824632, 'gamma': 0.5392217940396441, 'sigma_update': 0.43117606514636475, 'eta_learning': 0.4896467058686824, 'sigma_boundary': 4.996064463414161, 'alpha': 0.0}. Best is trial 182 with value: 0.009843131486823939.
[I 2026-03-20 01:30:37,433] Trial 183 finished with value: 0.5316442342328429 and parameters: {'sigma_noise': 0.23992212078101072, 'A_repulsion': 0.30781765708631437, 'gamma': 0.7037496533951956, 'sigma_update': 0.4012885699760291, 'eta_learning': 0.7449632022181746, 'sigma_boundary': 3.1379077815828866, 'alpha': 0.0}. Best is trial 182 with value: 0.009843131486823939.
[I 2026-03-20 01:30:54,169] Trial 193 finished with value: 0.29420624565939807 and parameters: {'sigma_noise': 0.13376743972166544, 'A_repulsion': 0.0971181944461263, 'gamma': 0.7701176327838288, 'sigma_update': 0.4274211655306906, 'eta_learning': 0.8708719997886486, 'sigma_boundary': 2.3940828722880876, 'alpha': 0.0}. Best is trial 182 with value: 0.009843131486823939.
[I 2026-03-20 01:31:02,510] Trial 192 finished with value: 0.40849109152758045 and parameters: {'sigma_noise': 0.2474787787892332, 'A_repulsion': 0.041259663667608276, 'gamma': 0.8650792248628415, 'sigma_update': 0.36593914292912316, 'eta_learning': 0.5769216048059125, 'sigma_boundary': 4.109658558576905, 'alpha': 0.0}. Best is trial 182 with value: 0.009843131486823939.
[I 2026-03-20 01:31:04,712] Trial 191 finished with value: 0.04546244094622536 and parameters: {'sigma_noise': 0.1715089999314833, 'A_repulsion': 0.2384400775359569, 'gamma': 0.6221852740850622, 'sigma_update': 0.5714274305701015, 'eta_learning': 0.17900831198813422, 'sigma_boundary': 9.838540082134662, 'alpha': 0.0}. Best is trial 182 with value: 0.009843131486823939.
[I 2026-03-20 01:31:04,905] Trial 189 finished with value: 0.5261092154694191 and parameters: {'sigma_noise': 0.3613323161170953, 'A_repulsion': 0.04578078944530858, 'gamma': 0.5974037240897703, 'sigma_update': 0.3005020290562431, 'eta_learning': 0.886403689713142, 'sigma_boundary': 8.554336987106337, 'alpha': 0.0}. Best is trial 182 with value: 0.009843131486823939.
[I 2026-03-20 01:31:06,711] Trial 195 finished with value: 0.44900885945676733 and parameters: {'sigma_noise': 0.25810312225319815, 'A_repulsion': 0.004051712889857867, 'gamma': 0.719191606803184, 'sigma_update': 0.2752983738424662, 'eta_learning': 0.8754254389227355, 'sigma_boundary': 8.108897072553546, 'alpha': 0.0}. Best is trial 182 with value: 0.009843131486823939.
[I 2026-03-20 01:31:08,432] Trial 196 finished with value: 0.3632841448636957 and parameters: {'sigma_noise': 0.23292537528493085, 'A_repulsion': 0.004123607238245369, 'gamma': 0.7599874292202851, 'sigma_update': 0.218538209715267, 'eta_learning': 0.7121470589910172, 'sigma_boundary': 9.541534770714778, 'alpha': 0.0}. Best is trial 182 with value: 0.009843131486823939.
[I 2026-03-20 01:31:09,256] Trial 194 finished with value: 0.5190761809007388 and parameters: {'sigma_noise': 0.2266791779658911, 'A_repulsion': 0.15521540503565015, 'gamma': 0.558950689425887, 'sigma_update': 0.2831324569458669, 'eta_learning': 0.7074081711194216, 'sigma_boundary': 6.330683056093479, 'alpha': 0.0}. Best is trial 182 with value: 0.009843131486823939.
[I 2026-03-20 01:31:11,776] Trial 197 finished with value: 0.4228739451794832 and parameters: {'sigma_noise': 0.23689332045571354, 'A_repulsion': 0.043727758240750376, 'gamma': 0.7498613510602528, 'sigma_update': 0.41477492350981426, 'eta_learning': 0.7046963658349055, 'sigma_boundary': 6.5297961437825816, 'alpha': 0.0}. Best is trial 182 with value: 0.009843131486823939.
[I 2026-03-20 01:31:14,700] Trial 199 finished with value: 0.5275041055177618 and parameters: {'sigma_noise': 0.27548090008106113, 'A_repulsion': 0.12159694612056504, 'gamma': 0.7952318297938434, 'sigma_update': 0.23997241207746928, 'eta_learning': 1.3190341975132271, 'sigma_boundary': 9.841926330980964, 'alpha': 0.0}. Best is trial 182 with value: 0.009843131486823939.
[I 2026-03-20 01:31:16,020] Trial 198 finished with value: 0.5185412483903242 and parameters: {'sigma_noise': 0.3306445164408106, 'A_repulsion': 0.1756889246891997, 'gamma': 0.635038012384872, 'sigma_update': 0.26258645576206907, 'eta_learning': 0.3877450378849935, 'sigma_boundary': 7.237242994836961, 'alpha': 0.0}. Best is trial 182 with value: 0.009843131486823939.
