/nfs/nhome/live/apourdehghan/Hybrid_hpc_utils.py:56: DtypeWarning: Columns (16) have mixed types. Specify dtype option on import or set low_memory=False.
  data = pd.read_csv(data_path)
[I 2026-03-04 15:45:31,584] A new study created in memory with name: no-name-5cd41747-6724-484a-a713-fe44cd52cb71
[I 2026-03-04 15:56:19,342] Trial 6 finished with value: 0.07881842892447366 and parameters: {'sigma_noise': 0.06332998901293974, 'A_repulsion': 0.12805564550549658, 'gamma': 0.40816625738270385, 'sigma_update': 0.37109655834648614, 'eta_learning': 0.3249383010185947, 'sigma_boundary': 6.77846358453136, 'alpha': 0.6580422242769577}. Best is trial 6 with value: 0.07881842892447366.
[I 2026-03-04 15:57:47,453] Trial 10 finished with value: 0.060204707884907685 and parameters: {'sigma_noise': 0.12195009225088263, 'A_repulsion': 0.12259710673179136, 'gamma': 0.9300921367788708, 'sigma_update': 0.21589861291677404, 'eta_learning': 1.1588484678699371, 'sigma_boundary': 8.775943070154048, 'alpha': 0.5095484841320755}. Best is trial 10 with value: 0.060204707884907685.
[I 2026-03-04 15:57:56,891] Trial 2 finished with value: 0.3658891599550077 and parameters: {'sigma_noise': 0.11092897124699533, 'A_repulsion': 0.15634446546575242, 'gamma': 0.027982604860587144, 'sigma_update': 0.5254197335598998, 'eta_learning': 2.8306065277160863, 'sigma_boundary': 6.696855559551716, 'alpha': 0.4701801290360169}. Best is trial 10 with value: 0.060204707884907685.
[I 2026-03-04 15:58:21,583] Trial 15 finished with value: 0.02619290068656008 and parameters: {'sigma_noise': 0.15261098099756737, 'A_repulsion': 0.15092192088294604, 'gamma': 0.7404763662204632, 'sigma_update': 0.13732654987766088, 'eta_learning': 2.8221758268979515, 'sigma_boundary': 1.9203676231528366, 'alpha': 0.6445033753023861}. Best is trial 15 with value: 0.02619290068656008.
[I 2026-03-04 15:58:42,227] Trial 1 finished with value: 0.19696896398493577 and parameters: {'sigma_noise': 0.05316116658460146, 'A_repulsion': 0.4905730604140153, 'gamma': 0.182787346340583, 'sigma_update': 0.4843920156172089, 'eta_learning': 2.779055459993255, 'sigma_boundary': 3.0993314618707166, 'alpha': 0.5127046363363101}. Best is trial 15 with value: 0.02619290068656008.
[I 2026-03-04 15:59:14,023] Trial 11 finished with value: 0.25406334378315554 and parameters: {'sigma_noise': 0.2682384656978945, 'A_repulsion': 0.05099868161033233, 'gamma': 0.44608795463490775, 'sigma_update': 0.6346726510917355, 'eta_learning': 0.5901320652220432, 'sigma_boundary': 8.447461960769653, 'alpha': 0.8067211230921041}. Best is trial 15 with value: 0.02619290068656008.
[I 2026-03-04 15:59:25,505] Trial 18 finished with value: 1.741884709018219 and parameters: {'sigma_noise': 0.24160519360889293, 'A_repulsion': 0.06345416728099945, 'gamma': 0.5171535116234701, 'sigma_update': 0.05820735487150826, 'eta_learning': 1.0479860578721447, 'sigma_boundary': 8.4803873556818, 'alpha': 0.13005054941884242}. Best is trial 15 with value: 0.02619290068656008.
[I 2026-03-04 15:59:25,862] Trial 20 finished with value: 0.11747763423442473 and parameters: {'sigma_noise': 0.08627680122305877, 'A_repulsion': 0.37467647065615634, 'gamma': 0.8736641072672015, 'sigma_update': 0.38604377374459903, 'eta_learning': 0.8776696696753765, 'sigma_boundary': 0.9583655862101067, 'alpha': 0.8439070629416043}. Best is trial 15 with value: 0.02619290068656008.
[I 2026-03-04 15:59:59,951] Trial 22 finished with value: 0.06129595667601183 and parameters: {'sigma_noise': 0.13674260131417465, 'A_repulsion': 0.36272549212523997, 'gamma': 0.7516256668569684, 'sigma_update': 0.6937147918954937, 'eta_learning': 0.3349418063652314, 'sigma_boundary': 0.2963128882950243, 'alpha': 0.32177760926254284}. Best is trial 15 with value: 0.02619290068656008.
[I 2026-03-04 16:00:19,544] Trial 7 finished with value: 2.023758752222006 and parameters: {'sigma_noise': 0.344287339871117, 'A_repulsion': 0.03702844959685364, 'gamma': 0.609933355989101, 'sigma_update': 0.566565765616123, 'eta_learning': 1.5759810627941748, 'sigma_boundary': 1.0627534382511508, 'alpha': 0.15503850552769916}. Best is trial 15 with value: 0.02619290068656008.
[I 2026-03-04 16:00:39,892] Trial 4 finished with value: 0.43850402734556654 and parameters: {'sigma_noise': 0.15965936184439702, 'A_repulsion': 0.3603096066216155, 'gamma': 0.10297500854094437, 'sigma_update': 0.03263177726683222, 'eta_learning': 2.704585114390504, 'sigma_boundary': 6.512357333988142, 'alpha': 0.8679870281203406}. Best is trial 15 with value: 0.02619290068656008.
[I 2026-03-04 16:01:16,029] Trial 17 finished with value: 0.37343433816333854 and parameters: {'sigma_noise': 0.3654871347315232, 'A_repulsion': 0.08317860575732067, 'gamma': 0.9087770286233111, 'sigma_update': 0.6799680156228181, 'eta_learning': 0.15181195437492637, 'sigma_boundary': 9.913804478322444, 'alpha': 0.16553062381461958}. Best is trial 15 with value: 0.02619290068656008.
[I 2026-03-04 16:01:17,290] Trial 12 finished with value: 0.057811511108514235 and parameters: {'sigma_noise': 0.22790958981839932, 'A_repulsion': 0.2820448925254825, 'gamma': 0.42545169085022577, 'sigma_update': 0.30966745861666634, 'eta_learning': 0.276810300162289, 'sigma_boundary': 9.17030324209324, 'alpha': 0.6105450468302288}. Best is trial 15 with value: 0.02619290068656008.
[I 2026-03-04 16:01:45,930] Trial 8 finished with value: 0.03617798626997157 and parameters: {'sigma_noise': 0.2032438713532076, 'A_repulsion': 0.4354992010058507, 'gamma': 0.7210362995597925, 'sigma_update': 0.6271814732871511, 'eta_learning': 1.3795626078434147, 'sigma_boundary': 3.1811908494404717, 'alpha': 0.9126174431458903}. Best is trial 15 with value: 0.02619290068656008.
[I 2026-03-04 16:01:58,079] Trial 21 finished with value: 2.454111375181064 and parameters: {'sigma_noise': 0.2927494054572369, 'A_repulsion': 0.26921680592442904, 'gamma': 0.8412363642137664, 'sigma_update': 0.21531227393479252, 'eta_learning': 0.36332594348921055, 'sigma_boundary': 7.652484972888958, 'alpha': 0.014564465102582025}. Best is trial 15 with value: 0.02619290068656008.
[I 2026-03-04 16:01:58,966] Trial 13 finished with value: 0.06122900685027027 and parameters: {'sigma_noise': 0.2101347703703178, 'A_repulsion': 0.38367780738297236, 'gamma': 0.8521623383791196, 'sigma_update': 0.29407381530898663, 'eta_learning': 0.7700213741346668, 'sigma_boundary': 3.6683407301044353, 'alpha': 0.954540782366004}. Best is trial 15 with value: 0.02619290068656008.
[I 2026-03-04 16:02:12,736] Trial 0 finished with value: 0.056804869355867524 and parameters: {'sigma_noise': 0.2705760560164398, 'A_repulsion': 0.33749311100415647, 'gamma': 0.6015011951767223, 'sigma_update': 0.15136970545131967, 'eta_learning': 0.9516463161397123, 'sigma_boundary': 1.0022025337030465, 'alpha': 0.6817106033848671}. Best is trial 15 with value: 0.02619290068656008.
[I 2026-03-04 16:02:14,829] Trial 23 finished with value: 0.034543305823777015 and parameters: {'sigma_noise': 0.21390391529608616, 'A_repulsion': 0.3906570200863243, 'gamma': 0.8764858855192662, 'sigma_update': 0.19356442045590738, 'eta_learning': 2.5986626920067515, 'sigma_boundary': 3.742673367468105, 'alpha': 0.47545113725611066}. Best is trial 15 with value: 0.02619290068656008.
[I 2026-03-04 16:02:19,561] Trial 16 finished with value: 0.7670924237302473 and parameters: {'sigma_noise': 0.43100950446737096, 'A_repulsion': 0.06915355876983714, 'gamma': 0.48629816181463237, 'sigma_update': 0.6652883606558946, 'eta_learning': 2.0046401465516586, 'sigma_boundary': 0.7139072453173907, 'alpha': 0.534694597698804}. Best is trial 15 with value: 0.02619290068656008.
[I 2026-03-04 16:02:42,940] Trial 19 finished with value: 2.4245301787767852 and parameters: {'sigma_noise': 0.21711696582726392, 'A_repulsion': 0.49982816880614545, 'gamma': 0.9688509726527565, 'sigma_update': 0.26742309698072414, 'eta_learning': 1.7386618226375916, 'sigma_boundary': 3.4865274166148743, 'alpha': 0.22350294471609156}. Best is trial 15 with value: 0.02619290068656008.
[I 2026-03-04 16:02:45,349] Trial 9 finished with value: 2.6669760110694423 and parameters: {'sigma_noise': 0.35690170467479626, 'A_repulsion': 0.2462676570009314, 'gamma': 0.019210197407819176, 'sigma_update': 0.5311605338823989, 'eta_learning': 0.8244584686498722, 'sigma_boundary': 9.93369598083155, 'alpha': 0.12888213359833067}. Best is trial 15 with value: 0.02619290068656008.
[I 2026-03-04 16:02:51,338] Trial 5 finished with value: 2.3149898769531747 and parameters: {'sigma_noise': 0.2548689006290898, 'A_repulsion': 0.46040760732790387, 'gamma': 0.4906282705091205, 'sigma_update': 0.6624613844222278, 'eta_learning': 0.7641191361996383, 'sigma_boundary': 4.046252106062619, 'alpha': 0.2701872524258191}. Best is trial 15 with value: 0.02619290068656008.
[I 2026-03-04 16:03:28,071] Trial 14 finished with value: 2.2701815813645814 and parameters: {'sigma_noise': 0.4170212851412239, 'A_repulsion': 0.28668119191427627, 'gamma': 0.9289258167230999, 'sigma_update': 0.10817133978827943, 'eta_learning': 1.9626076968767332, 'sigma_boundary': 5.8735212982427605, 'alpha': 0.3574898425970535}. Best is trial 15 with value: 0.02619290068656008.
[I 2026-03-04 16:03:40,866] Trial 3 finished with value: 0.1651577237319448 and parameters: {'sigma_noise': 0.4363467905628568, 'A_repulsion': 0.3066552089672181, 'gamma': 0.38691152976492416, 'sigma_update': 0.2544299041529609, 'eta_learning': 0.25788327626568175, 'sigma_boundary': 7.123879293649272, 'alpha': 0.6204568821546473}. Best is trial 15 with value: 0.02619290068656008.
[I 2026-03-04 16:11:53,709] Trial 24 finished with value: 0.49788576019589004 and parameters: {'sigma_noise': 0.2425336006184789, 'A_repulsion': 0.194340365369029, 'gamma': 0.7272529847517356, 'sigma_update': 0.36279873666203, 'eta_learning': 1.500335833512968, 'sigma_boundary': 5.554943244834428, 'alpha': 0.359978469940623}. Best is trial 15 with value: 0.02619290068656008.
[I 2026-03-04 16:13:13,886] Trial 26 finished with value: 0.10605323629229393 and parameters: {'sigma_noise': 0.2645331669522322, 'A_repulsion': 0.15792977408060369, 'gamma': 0.3388683444448122, 'sigma_update': 0.347501433185372, 'eta_learning': 1.2665601513040832, 'sigma_boundary': 7.493845683802453, 'alpha': 0.7075176153263797}. Best is trial 15 with value: 0.02619290068656008.
[I 2026-03-04 16:14:04,469] Trial 31 finished with value: 0.37373970759191977 and parameters: {'sigma_noise': 0.22738380706880396, 'A_repulsion': 0.15897494302579218, 'gamma': 0.6167968846081254, 'sigma_update': 0.562024821804441, 'eta_learning': 0.69899723060962, 'sigma_boundary': 5.01661022364769, 'alpha': 0.4538339290098883}. Best is trial 15 with value: 0.02619290068656008.
[I 2026-03-04 16:14:44,137] Trial 30 finished with value: 1.0733512293778165 and parameters: {'sigma_noise': 0.19940950042667888, 'A_repulsion': 0.262182741496404, 'gamma': 0.786034968312846, 'sigma_update': 0.4605794116551312, 'eta_learning': 1.693480553426832, 'sigma_boundary': 3.54764411564648, 'alpha': 0.27697002377554686}. Best is trial 15 with value: 0.02619290068656008.
[I 2026-03-04 16:15:02,290] Trial 32 finished with value: 0.19869657107576622 and parameters: {'sigma_noise': 0.22501952096829664, 'A_repulsion': 0.1921011705141805, 'gamma': 0.29825356669410025, 'sigma_update': 0.46240882718962417, 'eta_learning': 0.9864202951306493, 'sigma_boundary': 6.078935494936968, 'alpha': 0.654641968141412}. Best is trial 15 with value: 0.02619290068656008.
[I 2026-03-04 16:15:03,374] Trial 29 finished with value: 1.0259833950917048 and parameters: {'sigma_noise': 0.19146425005396095, 'A_repulsion': 0.339019724672208, 'gamma': 0.4591110459845926, 'sigma_update': 0.28965065291252495, 'eta_learning': 0.974365088889017, 'sigma_boundary': 6.445557376759568, 'alpha': 0.27224450678632683}. Best is trial 15 with value: 0.02619290068656008.
[I 2026-03-04 16:15:05,093] Trial 25 finished with value: 2.0647605506830677 and parameters: {'sigma_noise': 0.3049757763555644, 'A_repulsion': 0.3236660213564523, 'gamma': 0.37897221950676596, 'sigma_update': 0.3582008053664668, 'eta_learning': 1.909142741696262, 'sigma_boundary': 4.742553196665376, 'alpha': 0.26309925788180333}. Best is trial 15 with value: 0.02619290068656008.
[I 2026-03-04 16:15:41,732] Trial 28 finished with value: 0.18138515514648046 and parameters: {'sigma_noise': 0.29786772090876956, 'A_repulsion': 0.22523356410064824, 'gamma': 0.5888106737081074, 'sigma_update': 0.4146011785488653, 'eta_learning': 1.8219689835394444, 'sigma_boundary': 6.444458460086234, 'alpha': 0.5860519108279841}. Best is trial 15 with value: 0.02619290068656008.
[I 2026-03-04 16:15:44,626] Trial 27 finished with value: 0.47329841457252475 and parameters: {'sigma_noise': 0.3420305994353739, 'A_repulsion': 0.2739403651406558, 'gamma': 0.2563052454541754, 'sigma_update': 0.5761381864781874, 'eta_learning': 0.6687162008844472, 'sigma_boundary': 5.484052755712425, 'alpha': 0.6582766573656573}. Best is trial 15 with value: 0.02619290068656008.
[I 2026-03-04 16:16:30,323] Trial 44 finished with value: 0.5525308787381902 and parameters: {'sigma_noise': 0.16888055874501562, 'A_repulsion': 0.1317445158345027, 'gamma': 0.3214153529429731, 'sigma_update': 0.5036341125100778, 'eta_learning': 2.1890517568204992, 'sigma_boundary': 5.703030566494908, 'alpha': 0.37329781853446786}. Best is trial 15 with value: 0.02619290068656008.
[I 2026-03-04 16:16:35,287] Trial 38 finished with value: 0.08576387563556448 and parameters: {'sigma_noise': 0.18516904483728241, 'A_repulsion': 0.23590847406426085, 'gamma': 0.5406026696996837, 'sigma_update': 0.33855011493922876, 'eta_learning': 1.335687404957563, 'sigma_boundary': 7.685831317008437, 'alpha': 0.5815478970577772}. Best is trial 15 with value: 0.02619290068656008.
[I 2026-03-04 16:16:52,939] Trial 36 finished with value: 0.11470375106317532 and parameters: {'sigma_noise': 0.2486761992201581, 'A_repulsion': 0.19176388041360323, 'gamma': 0.34222686320974344, 'sigma_update': 0.3450419400529496, 'eta_learning': 1.1381440579633282, 'sigma_boundary': 5.914401792380553, 'alpha': 0.6286284111399911}. Best is trial 15 with value: 0.02619290068656008.
[I 2026-03-04 16:17:25,788] Trial 33 finished with value: 0.10182915413928964 and parameters: {'sigma_noise': 0.32606921097222674, 'A_repulsion': 0.2464895001598551, 'gamma': 0.4938741663234166, 'sigma_update': 0.32001690074140987, 'eta_learning': 1.0150097095506767, 'sigma_boundary': 3.7023256566314577, 'alpha': 0.6758285416029648}. Best is trial 15 with value: 0.02619290068656008.
[I 2026-03-04 16:17:48,490] Trial 34 finished with value: 1.9018620817393028 and parameters: {'sigma_noise': 0.3306014830013451, 'A_repulsion': 0.18367649733211291, 'gamma': 0.2621372166246905, 'sigma_update': 0.2910161928661402, 'eta_learning': 0.7028435143194659, 'sigma_boundary': 2.2863756621207645, 'alpha': 0.21493024877554107}. Best is trial 15 with value: 0.02619290068656008.
[I 2026-03-04 16:17:55,114] Trial 45 finished with value: 0.71490720899711 and parameters: {'sigma_noise': 0.28473966305047477, 'A_repulsion': 0.1141956419763836, 'gamma': 0.6362512048769202, 'sigma_update': 0.27772831581717466, 'eta_learning': 1.9439515102834826, 'sigma_boundary': 5.833190846795745, 'alpha': 0.3300147074279925}. Best is trial 15 with value: 0.02619290068656008.
[I 2026-03-04 16:18:03,340] Trial 47 finished with value: 0.03799225947718905 and parameters: {'sigma_noise': 0.1689185555178484, 'A_repulsion': 0.22806404601058272, 'gamma': 0.3574312056067469, 'sigma_update': 0.17060931534356755, 'eta_learning': 2.2222152338790773, 'sigma_boundary': 3.5128744935810197, 'alpha': 0.5532833487637389}. Best is trial 15 with value: 0.02619290068656008.
[I 2026-03-04 16:18:04,053] Trial 37 finished with value: 0.19407967984055147 and parameters: {'sigma_noise': 0.2766130520222387, 'A_repulsion': 0.21132777539154132, 'gamma': 0.5144506666940961, 'sigma_update': 0.5105900377394783, 'eta_learning': 1.4605791829980492, 'sigma_boundary': 3.3734984575126137, 'alpha': 0.693795700185396}. Best is trial 15 with value: 0.02619290068656008.
[I 2026-03-04 16:18:34,435] Trial 41 finished with value: 0.2795880870521323 and parameters: {'sigma_noise': 0.26169565117388505, 'A_repulsion': 0.22326265094774933, 'gamma': 0.2483024669166915, 'sigma_update': 0.07617534815878244, 'eta_learning': 0.7646541574439037, 'sigma_boundary': 7.024567880699956, 'alpha': 0.3767165135348954}. Best is trial 15 with value: 0.02619290068656008.
[I 2026-03-04 16:18:40,190] Trial 39 finished with value: 0.06255762680503821 and parameters: {'sigma_noise': 0.24147016318557546, 'A_repulsion': 0.3023710297485997, 'gamma': 0.5643781472365356, 'sigma_update': 0.1395544528961703, 'eta_learning': 1.6941295198263815, 'sigma_boundary': 5.6781413984131195, 'alpha': 0.8207160160892015}. Best is trial 15 with value: 0.02619290068656008.
[I 2026-03-04 16:18:50,881] Trial 40 finished with value: 0.5344798947508644 and parameters: {'sigma_noise': 0.2586543103793991, 'A_repulsion': 0.2818565359972528, 'gamma': 0.5984808616960526, 'sigma_update': 0.5465978850376436, 'eta_learning': 1.6749079921073409, 'sigma_boundary': 4.398880449516958, 'alpha': 0.4559591668202945}. Best is trial 15 with value: 0.02619290068656008.
[I 2026-03-04 16:18:51,293] Trial 42 finished with value: 0.9542977455287998 and parameters: {'sigma_noise': 0.2671582866984123, 'A_repulsion': 0.3208998599129514, 'gamma': 0.5387049153164425, 'sigma_update': 0.4531108648282735, 'eta_learning': 1.0697069362784335, 'sigma_boundary': 2.4384227256754354, 'alpha': 0.3529216038375243}. Best is trial 15 with value: 0.02619290068656008.
[I 2026-03-04 16:19:06,278] Trial 43 finished with value: 0.15891150548252259 and parameters: {'sigma_noise': 0.25267579759907227, 'A_repulsion': 0.25385214165153186, 'gamma': 0.3741691101791771, 'sigma_update': 0.12042444444897162, 'eta_learning': 2.1936234300455233, 'sigma_boundary': 1.6966115042317798, 'alpha': 0.3839363409747831}. Best is trial 15 with value: 0.02619290068656008.
[I 2026-03-04 16:19:17,715] Trial 35 finished with value: 0.21929751082860421 and parameters: {'sigma_noise': 0.3671115474610899, 'A_repulsion': 0.32978585950115624, 'gamma': 0.7852249352529036, 'sigma_update': 0.5023491056458257, 'eta_learning': 1.625370145240381, 'sigma_boundary': 8.380627401187256, 'alpha': 0.5429771110882785}. Best is trial 15 with value: 0.02619290068656008.
[I 2026-03-04 16:20:28,717] Trial 46 finished with value: 0.2752817961969531 and parameters: {'sigma_noise': 0.3397061241381453, 'A_repulsion': 0.17036048197872142, 'gamma': 0.46511816921148474, 'sigma_update': 0.4232497908235924, 'eta_learning': 2.5530371296274335, 'sigma_boundary': 4.571325421670695, 'alpha': 0.5783954047334904}. Best is trial 15 with value: 0.02619290068656008.
[I 2026-03-04 16:27:08,329] Trial 48 finished with value: 0.19345610999016344 and parameters: {'sigma_noise': 0.20743639653143653, 'A_repulsion': 0.2265057794382117, 'gamma': 0.47104153752224803, 'sigma_update': 0.45069583938234686, 'eta_learning': 0.8725642368176405, 'sigma_boundary': 3.979441978143147, 'alpha': 0.5597667479659176}. Best is trial 15 with value: 0.02619290068656008.
[I 2026-03-04 16:28:31,304] Trial 49 finished with value: 0.06340786752588322 and parameters: {'sigma_noise': 0.17833865632026075, 'A_repulsion': 0.28298399778173683, 'gamma': 0.5981422470974121, 'sigma_update': 0.20724320609847158, 'eta_learning': 1.1527897303992356, 'sigma_boundary': 4.505136609942657, 'alpha': 0.45417455461856415}. Best is trial 15 with value: 0.02619290068656008.
[I 2026-03-04 16:30:03,258] Trial 56 finished with value: 0.05426775605175856 and parameters: {'sigma_noise': 0.19181570708216877, 'A_repulsion': 0.1286081246289083, 'gamma': 0.7519584953830422, 'sigma_update': 0.528640915951448, 'eta_learning': 1.2307987400053186, 'sigma_boundary': 4.459970184307265, 'alpha': 0.6994584125531069}. Best is trial 15 with value: 0.02619290068656008.
[I 2026-03-04 16:30:13,314] Trial 50 finished with value: 0.5306432044572837 and parameters: {'sigma_noise': 0.23921891789319344, 'A_repulsion': 0.21884499000992008, 'gamma': 0.4283556115427397, 'sigma_update': 0.38644899124785076, 'eta_learning': 1.4397840716301402, 'sigma_boundary': 5.444341249482667, 'alpha': 0.36937689460895223}. Best is trial 15 with value: 0.02619290068656008.
[I 2026-03-04 16:31:01,300] Trial 58 finished with value: 0.18719253901690075 and parameters: {'sigma_noise': 0.2861716782138226, 'A_repulsion': 0.03133767930967435, 'gamma': 0.43635868911186043, 'sigma_update': 0.3925514019356709, 'eta_learning': 0.7710582894006086, 'sigma_boundary': 5.197287737506707, 'alpha': 0.5955222427897642}. Best is trial 15 with value: 0.02619290068656008.
[I 2026-03-04 16:31:29,242] Trial 51 finished with value: 0.48260504599104137 and parameters: {'sigma_noise': 0.24760450774828713, 'A_repulsion': 0.2627583799194788, 'gamma': 0.37373519780805886, 'sigma_update': 0.45640603482311454, 'eta_learning': 1.5423656062089142, 'sigma_boundary': 5.9904070081836975, 'alpha': 0.43606953281496175}. Best is trial 15 with value: 0.02619290068656008.
[I 2026-03-04 16:31:39,181] Trial 55 finished with value: 0.4523489772302017 and parameters: {'sigma_noise': 0.21131116490131813, 'A_repulsion': 0.26774807246013743, 'gamma': 0.5286592641514449, 'sigma_update': 0.6250136743402638, 'eta_learning': 2.2404390745488922, 'sigma_boundary': 5.627088044597662, 'alpha': 0.5286720117787077}. Best is trial 15 with value: 0.02619290068656008.
[I 2026-03-04 16:32:08,553] Trial 54 finished with value: 0.08673706099050937 and parameters: {'sigma_noise': 0.22018037402765117, 'A_repulsion': 0.324022245068857, 'gamma': 0.477895049037046, 'sigma_update': 0.2764613718605957, 'eta_learning': 0.2395396244580375, 'sigma_boundary': 6.339374396590728, 'alpha': 0.3641554391274927}. Best is trial 15 with value: 0.02619290068656008.
