[I 2026-03-04 16:32:16,001] Trial 65 finished with value: 0.1713444086352447 and parameters: {'sigma_noise': 0.11851911271689278, 'A_repulsion': 0.21138261347678738, 'gamma': 0.46408587322244693, 'sigma_update': 0.5621314812042469, 'eta_learning': 2.326253324790973, 'sigma_boundary': 5.098921087280162, 'alpha': 0.6698337215955719}. Best is trial 15 with value: 0.02619290068656008.
[I 2026-03-04 16:32:21,768] Trial 57 finished with value: 0.4031068651430335 and parameters: {'sigma_noise': 0.2515948935790095, 'A_repulsion': 0.18696229594146968, 'gamma': 0.108095648408967, 'sigma_update': 0.5169105055937262, 'eta_learning': 1.371540042229995, 'sigma_boundary': 7.926926589623766, 'alpha': 0.5410956170358806}. Best is trial 15 with value: 0.02619290068656008.
[I 2026-03-04 16:32:22,924] Trial 53 finished with value: 0.02068840395670181 and parameters: {'sigma_noise': 0.2439612649187179, 'A_repulsion': 0.32747626765426807, 'gamma': 0.8034345452799447, 'sigma_update': 0.2688092244238964, 'eta_learning': 1.6356707943859206, 'sigma_boundary': 4.989395643987847, 'alpha': 0.6200629066053469}. Best is trial 53 with value: 0.02068840395670181.
[I 2026-03-04 16:32:29,576] Trial 59 finished with value: 0.11615221884142576 and parameters: {'sigma_noise': 0.2468632069238632, 'A_repulsion': 0.16132016759420603, 'gamma': 0.3703893234348977, 'sigma_update': 0.21295792250794804, 'eta_learning': 2.2911599667518274, 'sigma_boundary': 7.616332815748685, 'alpha': 0.43992344710218123}. Best is trial 53 with value: 0.02068840395670181.
[I 2026-03-04 16:32:40,715] Trial 63 finished with value: 0.05500449361931482 and parameters: {'sigma_noise': 0.2284198563445598, 'A_repulsion': 0.11797975120027805, 'gamma': 0.6370160549738484, 'sigma_update': 0.41436546302490573, 'eta_learning': 1.711325688343053, 'sigma_boundary': 4.98698632419103, 'alpha': 0.735701146696769}. Best is trial 53 with value: 0.02068840395670181.
[I 2026-03-04 16:33:06,323] Trial 52 finished with value: 0.2834712844393824 and parameters: {'sigma_noise': 0.3288654528153458, 'A_repulsion': 0.325941977610169, 'gamma': 0.5222329128591006, 'sigma_update': 0.16845163526539353, 'eta_learning': 1.9569403743891352, 'sigma_boundary': 6.421235883617145, 'alpha': 0.43386495157936517}. Best is trial 53 with value: 0.02068840395670181.
[I 2026-03-04 16:33:30,113] Trial 67 finished with value: 0.05463594442458668 and parameters: {'sigma_noise': 0.21610849330882137, 'A_repulsion': 0.12814430952492645, 'gamma': 0.8766976087745436, 'sigma_update': 0.324542118200726, 'eta_learning': 0.9279946435239097, 'sigma_boundary': 3.6350064743608064, 'alpha': 0.5154007418015334}. Best is trial 53 with value: 0.02068840395670181.
[I 2026-03-04 16:33:34,560] Trial 69 finished with value: 0.13523422319708928 and parameters: {'sigma_noise': 0.17051023050845282, 'A_repulsion': 0.2532029454144503, 'gamma': 0.46063413171686857, 'sigma_update': 0.5156728850637784, 'eta_learning': 1.5571643329719336, 'sigma_boundary': 4.988027549988298, 'alpha': 0.7146983158560914}. Best is trial 53 with value: 0.02068840395670181.
[I 2026-03-04 16:34:00,776] Trial 60 finished with value: 0.3830851575580615 and parameters: {'sigma_noise': 0.26437324258308226, 'A_repulsion': 0.21291355508571638, 'gamma': 0.13801953027465763, 'sigma_update': 0.5168505032343356, 'eta_learning': 1.2295675756236764, 'sigma_boundary': 4.762266293636116, 'alpha': 0.5675212354413357}. Best is trial 53 with value: 0.02068840395670181.
[I 2026-03-04 16:34:42,199] Trial 61 finished with value: 0.5416971395342994 and parameters: {'sigma_noise': 0.3024444030535668, 'A_repulsion': 0.23831030702481262, 'gamma': 0.42035508437271085, 'sigma_update': 0.400399842943887, 'eta_learning': 1.127802251535292, 'sigma_boundary': 9.103258816371595, 'alpha': 0.4154649595677673}. Best is trial 53 with value: 0.02068840395670181.
[I 2026-03-04 16:34:46,722] Trial 66 finished with value: 0.2542028531420429 and parameters: {'sigma_noise': 0.3630824734597603, 'A_repulsion': 0.06117346413345462, 'gamma': 0.4391914446733577, 'sigma_update': 0.4900150735398611, 'eta_learning': 2.0593970282702467, 'sigma_boundary': 5.638998261566178, 'alpha': 0.7585683381686192}. Best is trial 53 with value: 0.02068840395670181.
[I 2026-03-04 16:34:48,051] Trial 68 finished with value: 0.01667197519119265 and parameters: {'sigma_noise': 0.30159922263431527, 'A_repulsion': 0.1420507319708494, 'gamma': 0.8446225652478745, 'sigma_update': 0.35988749519448804, 'eta_learning': 0.2040842108972978, 'sigma_boundary': 8.898793896923905, 'alpha': 0.7130336756666474}. Best is trial 68 with value: 0.01667197519119265.
[I 2026-03-04 16:34:49,706] Trial 64 finished with value: 0.09115517489543015 and parameters: {'sigma_noise': 0.28318064572394924, 'A_repulsion': 0.21544563088970606, 'gamma': 0.08537815579427298, 'sigma_update': 0.2566079408455981, 'eta_learning': 0.6104131110386253, 'sigma_boundary': 3.0280150374557846, 'alpha': 0.5217845915186048}. Best is trial 68 with value: 0.01667197519119265.
[I 2026-03-04 16:35:12,361] Trial 62 finished with value: 0.15243559942861024 and parameters: {'sigma_noise': 0.3118887479196038, 'A_repulsion': 0.2084383274429619, 'gamma': 0.5164463057856005, 'sigma_update': 0.5325981450688907, 'eta_learning': 1.78470936387021, 'sigma_boundary': 6.0478627076481395, 'alpha': 0.8419765388566361}. Best is trial 68 with value: 0.01667197519119265.
[I 2026-03-04 16:35:16,086] Trial 70 finished with value: 0.27169113161142316 and parameters: {'sigma_noise': 0.2848862345153342, 'A_repulsion': 0.13340981148501893, 'gamma': 0.41772200131155784, 'sigma_update': 0.45119518789291885, 'eta_learning': 1.5236280912788758, 'sigma_boundary': 4.358136539416474, 'alpha': 0.5734777370610205}. Best is trial 68 with value: 0.01667197519119265.
[I 2026-03-04 16:35:22,706] Trial 71 finished with value: 0.19583321936353976 and parameters: {'sigma_noise': 0.2099089970207232, 'A_repulsion': 0.14296240463008686, 'gamma': 0.2532691459923654, 'sigma_update': 0.4394436909811111, 'eta_learning': 0.4926754451183085, 'sigma_boundary': 9.17375477076486, 'alpha': 0.5599034222326529}. Best is trial 68 with value: 0.01667197519119265.
[I 2026-03-04 16:42:23,346] Trial 72 finished with value: 0.7006669089653241 and parameters: {'sigma_noise': 0.23274688835034585, 'A_repulsion': 0.15313066656534305, 'gamma': 0.5533796176671321, 'sigma_update': 0.39289372291652497, 'eta_learning': 1.4754447499795484, 'sigma_boundary': 6.117880535005271, 'alpha': 0.3239177717064139}. Best is trial 68 with value: 0.01667197519119265.
[I 2026-03-04 16:45:24,995] Trial 75 finished with value: 0.11364516538479202 and parameters: {'sigma_noise': 0.2602467107796362, 'A_repulsion': 0.12095122268472272, 'gamma': 0.31234853042004934, 'sigma_update': 0.3618210242389962, 'eta_learning': 1.1018242959094877, 'sigma_boundary': 6.670212964318226, 'alpha': 0.7243736921053423}. Best is trial 68 with value: 0.01667197519119265.
[I 2026-03-04 16:45:28,245] Trial 73 finished with value: 0.15542077550269184 and parameters: {'sigma_noise': 0.3200897512878245, 'A_repulsion': 0.17739426836344382, 'gamma': 0.5365036179466522, 'sigma_update': 0.3736574272057551, 'eta_learning': 1.7121156634087187, 'sigma_boundary': 5.768150960664597, 'alpha': 0.6335777831900113}. Best is trial 68 with value: 0.01667197519119265.
[I 2026-03-04 16:45:52,642] Trial 79 finished with value: 0.2376077920476977 and parameters: {'sigma_noise': 0.18447996233480046, 'A_repulsion': 0.10617811030237456, 'gamma': 0.26203905619897344, 'sigma_update': 0.45659031694307106, 'eta_learning': 1.4507096795453014, 'sigma_boundary': 5.6335329999577874, 'alpha': 0.5527865641658543}. Best is trial 68 with value: 0.01667197519119265.
[I 2026-03-04 16:46:36,682] Trial 80 finished with value: 0.047261423736268064 and parameters: {'sigma_noise': 0.17354060981450573, 'A_repulsion': 0.18927215629833116, 'gamma': 0.5595696995003168, 'sigma_update': 0.4770634270631682, 'eta_learning': 1.693741132714547, 'sigma_boundary': 7.551869351973441, 'alpha': 0.872787946977628}. Best is trial 68 with value: 0.01667197519119265.
[I 2026-03-04 16:46:49,236] Trial 94 finished with value: 0.183272636011512 and parameters: {'sigma_noise': 0.10168626843008927, 'A_repulsion': 0.04094230584666715, 'gamma': 0.7633895539463463, 'sigma_update': 0.596738139846039, 'eta_learning': 2.0362802446411465, 'sigma_boundary': 2.9060938082500134, 'alpha': 0.566572006530226}. Best is trial 68 with value: 0.01667197519119265.
[I 2026-03-04 16:47:09,287] Trial 82 finished with value: 0.1334820636007667 and parameters: {'sigma_noise': 0.239416306205605, 'A_repulsion': 0.1467793267428073, 'gamma': 0.3630720782216885, 'sigma_update': 0.401869457755981, 'eta_learning': 0.9763837045465704, 'sigma_boundary': 9.359259998053831, 'alpha': 0.6715807579252004}. Best is trial 68 with value: 0.01667197519119265.
[I 2026-03-04 16:47:29,354] Trial 84 finished with value: 0.1132885165826627 and parameters: {'sigma_noise': 0.23562701207261888, 'A_repulsion': 0.1437838135575756, 'gamma': 0.35342114580335326, 'sigma_update': 0.38214588811315475, 'eta_learning': 0.7835285533854884, 'sigma_boundary': 9.17724538114255, 'alpha': 0.6996528081267299}. Best is trial 68 with value: 0.01667197519119265.
[I 2026-03-04 16:47:52,356] Trial 78 finished with value: 0.09863660974775004 and parameters: {'sigma_noise': 0.23234816158716315, 'A_repulsion': 0.2465422949428553, 'gamma': 0.6089390907137918, 'sigma_update': 0.4397464697129514, 'eta_learning': 1.3979456840377547, 'sigma_boundary': 6.37821149803485, 'alpha': 0.6498025505342122}. Best is trial 68 with value: 0.01667197519119265.
[I 2026-03-04 16:48:00,851] Trial 74 finished with value: 0.6931322472484294 and parameters: {'sigma_noise': 0.3365886677046869, 'A_repulsion': 0.29689246996075364, 'gamma': 0.49507152527188447, 'sigma_update': 0.6265829576912681, 'eta_learning': 0.4578579186692119, 'sigma_boundary': 6.8262843561156465, 'alpha': 0.5195426147053703}. Best is trial 68 with value: 0.01667197519119265.
[I 2026-03-04 16:48:09,717] Trial 76 finished with value: 0.07184320058350015 and parameters: {'sigma_noise': 0.2992788661950034, 'A_repulsion': 0.2170465653862909, 'gamma': 0.602310100748673, 'sigma_update': 0.3082658943540783, 'eta_learning': 1.6511842847414553, 'sigma_boundary': 8.960315442641482, 'alpha': 0.6791043835018777}. Best is trial 68 with value: 0.01667197519119265.
[I 2026-03-04 16:48:15,950] Trial 77 finished with value: 0.02951408748863046 and parameters: {'sigma_noise': 0.22261331610466645, 'A_repulsion': 0.29592030240442035, 'gamma': 0.7095260163219664, 'sigma_update': 0.2695822933538011, 'eta_learning': 1.8301396403379475, 'sigma_boundary': 5.879240825811405, 'alpha': 0.6022167915966438}. Best is trial 68 with value: 0.01667197519119265.
[I 2026-03-04 16:48:57,482] Trial 88 finished with value: 0.20613003456759604 and parameters: {'sigma_noise': 0.1952056310810108, 'A_repulsion': 0.19631420684745599, 'gamma': 0.7889227581374048, 'sigma_update': 0.6407812617195564, 'eta_learning': 0.6785600408004089, 'sigma_boundary': 2.104796120856466, 'alpha': 0.5264782061782481}. Best is trial 68 with value: 0.01667197519119265.
[I 2026-03-04 16:49:26,343] Trial 87 finished with value: 0.06586985771435436 and parameters: {'sigma_noise': 0.2832769853944967, 'A_repulsion': 0.11736363338884903, 'gamma': 0.5687588161268565, 'sigma_update': 0.24059899364516324, 'eta_learning': 0.8419481292791601, 'sigma_boundary': 2.8984016841339044, 'alpha': 0.5972720362032136}. Best is trial 68 with value: 0.01667197519119265.
[I 2026-03-04 16:49:27,963] Trial 89 finished with value: 0.8225059389457927 and parameters: {'sigma_noise': 0.2729354522750868, 'A_repulsion': 0.07951410946225833, 'gamma': 0.41291630729847834, 'sigma_update': 0.4024627812621133, 'eta_learning': 2.2310350825739764, 'sigma_boundary': 4.596367075365978, 'alpha': 0.3097084616644167}. Best is trial 68 with value: 0.01667197519119265.
[I 2026-03-04 16:49:37,675] Trial 83 finished with value: 0.19875400792660514 and parameters: {'sigma_noise': 0.3393231445622164, 'A_repulsion': 0.15981349508193238, 'gamma': 0.4818581759742146, 'sigma_update': 0.32098387558248936, 'eta_learning': 1.437770901869674, 'sigma_boundary': 6.675427773671329, 'alpha': 0.5361734380081987}. Best is trial 68 with value: 0.01667197519119265.
[I 2026-03-04 16:50:03,605] Trial 95 finished with value: 0.018497328588301415 and parameters: {'sigma_noise': 0.2237361258972736, 'A_repulsion': 0.09991649029593708, 'gamma': 0.9251254213968441, 'sigma_update': 0.5009201880041699, 'eta_learning': 1.3738831031450636, 'sigma_boundary': 5.610267147459466, 'alpha': 0.7404515097576204}. Best is trial 68 with value: 0.01667197519119265.
[I 2026-03-04 16:50:17,719] Trial 81 finished with value: 0.560528954092397 and parameters: {'sigma_noise': 0.4076929281894545, 'A_repulsion': 0.1816664889206489, 'gamma': 0.4456727584118921, 'sigma_update': 0.5302831172942244, 'eta_learning': 0.8141357571299933, 'sigma_boundary': 6.09765980054775, 'alpha': 0.576860018306582}. Best is trial 68 with value: 0.01667197519119265.
[I 2026-03-04 16:50:39,073] Trial 91 finished with value: 0.018273855200269026 and parameters: {'sigma_noise': 0.2646419923376077, 'A_repulsion': 0.1614070503023517, 'gamma': 0.8150622059543146, 'sigma_update': 0.6119707926955348, 'eta_learning': 1.9187385699208634, 'sigma_boundary': 4.987081263302593, 'alpha': 0.9766674256539241}. Best is trial 68 with value: 0.01667197519119265.
[I 2026-03-04 16:50:41,216] Trial 90 finished with value: 0.018421965322637412 and parameters: {'sigma_noise': 0.26498491050730244, 'A_repulsion': 0.19402455793517173, 'gamma': 0.8037289999610218, 'sigma_update': 0.23083749815125845, 'eta_learning': 0.69919460137917, 'sigma_boundary': 3.877201985283352, 'alpha': 0.8709085050584388}. Best is trial 68 with value: 0.01667197519119265.
[I 2026-03-04 16:50:49,066] Trial 86 finished with value: 0.316877917393415 and parameters: {'sigma_noise': 0.25688093289293285, 'A_repulsion': 0.33123931864305134, 'gamma': 0.5025988754015975, 'sigma_update': 0.3662225523066751, 'eta_learning': 1.4308875439001552, 'sigma_boundary': 6.683044717101777, 'alpha': 0.44050787893668475}. Best is trial 68 with value: 0.01667197519119265.
[I 2026-03-04 16:51:01,335] Trial 85 finished with value: 0.05491209992576073 and parameters: {'sigma_noise': 0.27239694749662363, 'A_repulsion': 0.390155311725937, 'gamma': 0.5530274482877666, 'sigma_update': 0.3055964172437163, 'eta_learning': 1.0115210017783398, 'sigma_boundary': 4.613129684178841, 'alpha': 0.7031146907097163}. Best is trial 68 with value: 0.01667197519119265.
[I 2026-03-04 16:51:37,043] Trial 92 finished with value: 0.06710567096871745 and parameters: {'sigma_noise': 0.30739476908051755, 'A_repulsion': 0.16711304782863604, 'gamma': 0.654409786396712, 'sigma_update': 0.5278567433154449, 'eta_learning': 1.257803402143534, 'sigma_boundary': 5.250619855070601, 'alpha': 0.871786066772002}. Best is trial 68 with value: 0.01667197519119265.
[I 2026-03-04 16:52:02,914] Trial 93 finished with value: 0.07585789206526172 and parameters: {'sigma_noise': 0.23452960299640419, 'A_repulsion': 0.2760418386877008, 'gamma': 0.49852079802627297, 'sigma_update': 0.47071826681231044, 'eta_learning': 1.8882277205436466, 'sigma_boundary': 4.99147451108504, 'alpha': 0.8848263294190922}. Best is trial 68 with value: 0.01667197519119265.
[I 2026-03-04 16:55:42,755] Trial 96 finished with value: 0.15471327319715925 and parameters: {'sigma_noise': 0.14264161452116236, 'A_repulsion': 0.03681731083807378, 'gamma': 0.635936075757301, 'sigma_update': 0.38034622111584004, 'eta_learning': 2.078835957172719, 'sigma_boundary': 3.5871021317767635, 'alpha': 0.4777561112368687}. Best is trial 68 with value: 0.01667197519119265.
[I 2026-03-04 16:56:41,354] Trial 97 finished with value: 0.11758953991009814 and parameters: {'sigma_noise': 0.07685993466987913, 'A_repulsion': 0.025625143204497602, 'gamma': 0.5894153300065205, 'sigma_update': 0.4055704757836343, 'eta_learning': 0.6993894479459748, 'sigma_boundary': 5.43709195277774, 'alpha': 0.4937426501567609}. Best is trial 68 with value: 0.01667197519119265.
[I 2026-03-04 17:00:29,951] Trial 98 finished with value: 0.0947519723542295 and parameters: {'sigma_noise': 0.23952380482263153, 'A_repulsion': 0.0980199417564724, 'gamma': 0.357819477458509, 'sigma_update': 0.35678658129737, 'eta_learning': 1.5302244822720192, 'sigma_boundary': 3.8301241622069004, 'alpha': 0.7913502080991789}. Best is trial 68 with value: 0.01667197519119265.
[I 2026-03-04 17:00:59,502] Trial 100 finished with value: 0.0964630057182159 and parameters: {'sigma_noise': 0.2584352923732933, 'A_repulsion': 0.03345726622591945, 'gamma': 0.18215706853782027, 'sigma_update': 0.28829533270653873, 'eta_learning': 1.6176972291096952, 'sigma_boundary': 4.904064580603367, 'alpha': 0.685170413186929}. Best is trial 68 with value: 0.01667197519119265.
[I 2026-03-04 17:01:02,509] Trial 99 finished with value: 0.05843457466188339 and parameters: {'sigma_noise': 0.1239907570008533, 'A_repulsion': 0.2643682735395263, 'gamma': 0.4608495770358384, 'sigma_update': 0.21824442354360937, 'eta_learning': 1.5378762193656965, 'sigma_boundary': 4.341090446853042, 'alpha': 0.7537053282145657}. Best is trial 68 with value: 0.01667197519119265.
[I 2026-03-04 17:01:22,441] Trial 106 finished with value: 0.06686683872721277 and parameters: {'sigma_noise': 0.10324674831835788, 'A_repulsion': 0.08658734319799397, 'gamma': 0.8482376682364497, 'sigma_update': 0.38203716444505104, 'eta_learning': 1.207494396433802, 'sigma_boundary': 6.362677742334434, 'alpha': 0.6716447323383872}. Best is trial 68 with value: 0.01667197519119265.
[I 2026-03-04 17:02:02,142] Trial 102 finished with value: 0.10559563528587297 and parameters: {'sigma_noise': 0.24789065526704757, 'A_repulsion': 0.030851182170555075, 'gamma': 0.752236605635949, 'sigma_update': 0.4739352523317058, 'eta_learning': 1.498330682656077, 'sigma_boundary': 4.096552220009853, 'alpha': 0.6034116666060275}. Best is trial 68 with value: 0.01667197519119265.
[I 2026-03-04 17:02:47,416] Trial 104 finished with value: 0.20251911820142246 and parameters: {'sigma_noise': 0.1729132169109553, 'A_repulsion': 0.1300109209543765, 'gamma': 0.24037773162536333, 'sigma_update': 0.38108479762718167, 'eta_learning': 1.2590814863649242, 'sigma_boundary': 6.066529267507946, 'alpha': 0.4759826807838351}. Best is trial 68 with value: 0.01667197519119265.
[I 2026-03-04 17:02:50,168] Trial 107 finished with value: 0.07065632886024106 and parameters: {'sigma_noise': 0.20737866878269012, 'A_repulsion': 0.0747594040894055, 'gamma': 0.5163343009864444, 'sigma_update': 0.4104213061660575, 'eta_learning': 0.9551902862656333, 'sigma_boundary': 3.8908607791343597, 'alpha': 0.8187663414091397}. Best is trial 68 with value: 0.01667197519119265.
[I 2026-03-04 17:02:55,257] Trial 103 finished with value: 0.06240168358124927 and parameters: {'sigma_noise': 0.10216510338092755, 'A_repulsion': 0.38342275717794966, 'gamma': 0.7622297444889204, 'sigma_update': 0.4182325012727879, 'eta_learning': 2.044894363098558, 'sigma_boundary': 6.354495716168541, 'alpha': 0.7335797196517493}. Best is trial 68 with value: 0.01667197519119265.
[I 2026-03-04 17:03:31,709] Trial 108 finished with value: 0.08173425598911574 and parameters: {'sigma_noise': 0.22720596002367616, 'A_repulsion': 0.036485902734090914, 'gamma': 0.5389197565580871, 'sigma_update': 0.45559874441495407, 'eta_learning': 1.0354754450395565, 'sigma_boundary': 3.037141022365764, 'alpha': 0.8391475713544826}. Best is trial 68 with value: 0.01667197519119265.
[I 2026-03-04 17:03:33,356] Trial 101 finished with value: 0.3149265957375735 and parameters: {'sigma_noise': 0.2443913311845089, 'A_repulsion': 0.16807266516450506, 'gamma': 0.41392755030856454, 'sigma_update': 0.4889123821900519, 'eta_learning': 1.5446284265263655, 'sigma_boundary': 5.3380384466939255, 'alpha': 0.5539803134448773}. Best is trial 68 with value: 0.01667197519119265.
[I 2026-03-04 17:03:44,320] Trial 109 finished with value: 0.026686202435127072 and parameters: {'sigma_noise': 0.20446325872762738, 'A_repulsion': 0.04696662856303843, 'gamma': 0.5115583940038524, 'sigma_update': 0.1866532966646812, 'eta_learning': 1.8903913377986652, 'sigma_boundary': 4.245373108982535, 'alpha': 0.7471984477720245}. Best is trial 68 with value: 0.01667197519119265.
[I 2026-03-04 17:03:53,415] Trial 105 finished with value: 0.059371369128969634 and parameters: {'sigma_noise': 0.19045313185501517, 'A_repulsion': 0.21212782834716654, 'gamma': 0.3829188565042651, 'sigma_update': 0.30080498565379843, 'eta_learning': 1.2533732662326775, 'sigma_boundary': 3.618250181207621, 'alpha': 0.6976261001334896}. Best is trial 68 with value: 0.01667197519119265.
[I 2026-03-04 17:05:07,495] Trial 115 finished with value: 0.035231117256765296 and parameters: {'sigma_noise': 0.20791467415520432, 'A_repulsion': 0.08200417868589746, 'gamma': 0.5619176673284223, 'sigma_update': 0.34118169268598925, 'eta_learning': 1.5148751650789944, 'sigma_boundary': 4.0949745032584035, 'alpha': 0.9362756522217897}. Best is trial 68 with value: 0.01667197519119265.
[I 2026-03-04 17:05:07,772] Trial 112 finished with value: 0.08603951621814332 and parameters: {'sigma_noise': 0.2095650642674191, 'A_repulsion': 0.1047073936345681, 'gamma': 0.4226366978929451, 'sigma_update': 0.3935832438055152, 'eta_learning': 1.1754585184623931, 'sigma_boundary': 3.7703594652401904, 'alpha': 0.784825719750448}. Best is trial 68 with value: 0.01667197519119265.
[I 2026-03-04 17:05:10,810] Trial 110 finished with value: 0.14199870945637588 and parameters: {'sigma_noise': 0.25153857088769876, 'A_repulsion': 0.1166114358911709, 'gamma': 0.5821050872100441, 'sigma_update': 0.5457646971477063, 'eta_learning': 1.416280420136652, 'sigma_boundary': 3.29222381053357, 'alpha': 0.718698519758063}. Best is trial 68 with value: 0.01667197519119265.
