[I 2026-03-04 18:24:36,699] Trial 26 finished with value: 0.0919016714420826 and parameters: {'sigma_noise': 0.2645331669522322, 'A_repulsion': 0.15792977408060369, 'gamma': 0.3388683444448122, 'sigma_update': 0.347501433185372, 'eta_learning': 1.2665601513040832, 'sigma_boundary': 7.493845683802453, 'alpha': 0.7075176153263797}. Best is trial 19 with value: 0.042139282856138854.
[I 2026-03-04 18:25:52,559] Trial 31 finished with value: 0.30266305238429636 and parameters: {'sigma_noise': 0.22738380706880396, 'A_repulsion': 0.15897494302579218, 'gamma': 0.6167968846081254, 'sigma_update': 0.562024821804441, 'eta_learning': 0.69899723060962, 'sigma_boundary': 5.01661022364769, 'alpha': 0.4538339290098883}. Best is trial 19 with value: 0.042139282856138854.
[I 2026-03-04 18:26:11,241] Trial 30 finished with value: 0.9699766917147825 and parameters: {'sigma_noise': 0.19940950042667888, 'A_repulsion': 0.262182741496404, 'gamma': 0.786034968312846, 'sigma_update': 0.4605794116551312, 'eta_learning': 1.693480553426832, 'sigma_boundary': 3.54764411564648, 'alpha': 0.27697002377554686}. Best is trial 19 with value: 0.042139282856138854.
[I 2026-03-04 18:26:32,165] Trial 32 finished with value: 0.15592465426651225 and parameters: {'sigma_noise': 0.22501952096829664, 'A_repulsion': 0.1921011705141805, 'gamma': 0.29825356669410025, 'sigma_update': 0.46240882718962417, 'eta_learning': 0.9864202951306493, 'sigma_boundary': 6.078935494936968, 'alpha': 0.654641968141412}. Best is trial 19 with value: 0.042139282856138854.
[I 2026-03-04 18:26:36,050] Trial 25 finished with value: 1.80294338083845 and parameters: {'sigma_noise': 0.3049757763555644, 'A_repulsion': 0.3236660213564523, 'gamma': 0.37897221950676596, 'sigma_update': 0.3582008053664668, 'eta_learning': 1.909142741696262, 'sigma_boundary': 4.742553196665376, 'alpha': 0.26309925788180333}. Best is trial 19 with value: 0.042139282856138854.
[I 2026-03-04 18:26:40,518] Trial 29 finished with value: 0.9237352246439943 and parameters: {'sigma_noise': 0.19146425005396095, 'A_repulsion': 0.339019724672208, 'gamma': 0.4591110459845926, 'sigma_update': 0.28965065291252495, 'eta_learning': 0.974365088889017, 'sigma_boundary': 6.445557376759568, 'alpha': 0.27224450678632683}. Best is trial 19 with value: 0.042139282856138854.
[I 2026-03-04 18:27:00,215] Trial 27 finished with value: 0.3989374176173104 and parameters: {'sigma_noise': 0.3420305994353739, 'A_repulsion': 0.2739403651406558, 'gamma': 0.2563052454541754, 'sigma_update': 0.5761381864781874, 'eta_learning': 0.6687162008844472, 'sigma_boundary': 5.484052755712425, 'alpha': 0.6582766573656573}. Best is trial 19 with value: 0.042139282856138854.
[I 2026-03-04 18:27:13,734] Trial 28 finished with value: 0.146591648131033 and parameters: {'sigma_noise': 0.29786772090876956, 'A_repulsion': 0.22523356410064824, 'gamma': 0.5888106737081074, 'sigma_update': 0.4146011785488653, 'eta_learning': 1.8219689835394444, 'sigma_boundary': 6.444458460086234, 'alpha': 0.5860519108279841}. Best is trial 19 with value: 0.042139282856138854.
[I 2026-03-04 18:28:31,247] Trial 44 finished with value: 0.49418197205772507 and parameters: {'sigma_noise': 0.16888055874501562, 'A_repulsion': 0.1317445158345027, 'gamma': 0.3214153529429731, 'sigma_update': 0.5036341125100778, 'eta_learning': 2.1890517568204992, 'sigma_boundary': 5.703030566494908, 'alpha': 0.37329781853446786}. Best is trial 19 with value: 0.042139282856138854.
[I 2026-03-04 18:28:35,699] Trial 36 finished with value: 0.09445792894959912 and parameters: {'sigma_noise': 0.2486761992201581, 'A_repulsion': 0.19176388041360323, 'gamma': 0.34222686320974344, 'sigma_update': 0.3450419400529496, 'eta_learning': 1.1381440579633282, 'sigma_boundary': 5.914401792380553, 'alpha': 0.6286284111399911}. Best is trial 19 with value: 0.042139282856138854.
[I 2026-03-04 18:28:53,557] Trial 33 finished with value: 0.09534504378933019 and parameters: {'sigma_noise': 0.32606921097222674, 'A_repulsion': 0.2464895001598551, 'gamma': 0.4938741663234166, 'sigma_update': 0.32001690074140987, 'eta_learning': 1.0150097095506767, 'sigma_boundary': 3.7023256566314577, 'alpha': 0.6758285416029648}. Best is trial 19 with value: 0.042139282856138854.
[I 2026-03-04 18:28:56,899] Trial 38 finished with value: 0.06760973980971162 and parameters: {'sigma_noise': 0.18516904483728241, 'A_repulsion': 0.23590847406426085, 'gamma': 0.5406026696996837, 'sigma_update': 0.33855011493922876, 'eta_learning': 1.335687404957563, 'sigma_boundary': 7.685831317008437, 'alpha': 0.5815478970577772}. Best is trial 19 with value: 0.042139282856138854.
[I 2026-03-04 18:29:11,786] Trial 34 finished with value: 1.687160356051986 and parameters: {'sigma_noise': 0.3306014830013451, 'A_repulsion': 0.18367649733211291, 'gamma': 0.2621372166246905, 'sigma_update': 0.2910161928661402, 'eta_learning': 0.7028435143194659, 'sigma_boundary': 2.2863756621207645, 'alpha': 0.21493024877554107}. Best is trial 19 with value: 0.042139282856138854.
[I 2026-03-04 18:29:34,160] Trial 47 finished with value: 0.06151821253564184 and parameters: {'sigma_noise': 0.1689185555178484, 'A_repulsion': 0.22806404601058272, 'gamma': 0.3574312056067469, 'sigma_update': 0.17060931534356755, 'eta_learning': 2.2222152338790773, 'sigma_boundary': 3.5128744935810197, 'alpha': 0.5532833487637389}. Best is trial 19 with value: 0.042139282856138854.
[I 2026-03-04 18:29:44,447] Trial 37 finished with value: 0.15218698615711815 and parameters: {'sigma_noise': 0.2766130520222387, 'A_repulsion': 0.21132777539154132, 'gamma': 0.5144506666940961, 'sigma_update': 0.5105900377394783, 'eta_learning': 1.4605791829980492, 'sigma_boundary': 3.3734984575126137, 'alpha': 0.693795700185396}. Best is trial 19 with value: 0.042139282856138854.
[I 2026-03-04 18:30:19,393] Trial 45 finished with value: 0.6013974880808545 and parameters: {'sigma_noise': 0.28473966305047477, 'A_repulsion': 0.1141956419763836, 'gamma': 0.6362512048769202, 'sigma_update': 0.27772831581717466, 'eta_learning': 1.9439515102834826, 'sigma_boundary': 5.833190846795745, 'alpha': 0.3300147074279925}. Best is trial 19 with value: 0.042139282856138854.
[I 2026-03-04 18:30:49,853] Trial 41 finished with value: 0.2297656762812619 and parameters: {'sigma_noise': 0.26169565117388505, 'A_repulsion': 0.22326265094774933, 'gamma': 0.2483024669166915, 'sigma_update': 0.07617534815878244, 'eta_learning': 0.7646541574439037, 'sigma_boundary': 7.024567880699956, 'alpha': 0.3767165135348954}. Best is trial 19 with value: 0.042139282856138854.
[I 2026-03-04 18:31:02,669] Trial 39 finished with value: 0.11194169736273792 and parameters: {'sigma_noise': 0.24147016318557546, 'A_repulsion': 0.3023710297485997, 'gamma': 0.5643781472365356, 'sigma_update': 0.1395544528961703, 'eta_learning': 1.6941295198263815, 'sigma_boundary': 5.6781413984131195, 'alpha': 0.8207160160892015}. Best is trial 19 with value: 0.042139282856138854.
[I 2026-03-04 18:31:04,731] Trial 35 finished with value: 0.17723951823524786 and parameters: {'sigma_noise': 0.3671115474610899, 'A_repulsion': 0.32978585950115624, 'gamma': 0.7852249352529036, 'sigma_update': 0.5023491056458257, 'eta_learning': 1.625370145240381, 'sigma_boundary': 8.380627401187256, 'alpha': 0.5429771110882785}. Best is trial 19 with value: 0.042139282856138854.
[I 2026-03-04 18:31:06,174] Trial 40 finished with value: 0.45758281456590894 and parameters: {'sigma_noise': 0.2586543103793991, 'A_repulsion': 0.2818565359972528, 'gamma': 0.5984808616960526, 'sigma_update': 0.5465978850376436, 'eta_learning': 1.6749079921073409, 'sigma_boundary': 4.398880449516958, 'alpha': 0.4559591668202945}. Best is trial 19 with value: 0.042139282856138854.
[I 2026-03-04 18:31:23,363] Trial 43 finished with value: 0.1279353406010332 and parameters: {'sigma_noise': 0.25267579759907227, 'A_repulsion': 0.25385214165153186, 'gamma': 0.3741691101791771, 'sigma_update': 0.12042444444897162, 'eta_learning': 2.1936234300455233, 'sigma_boundary': 1.6966115042317798, 'alpha': 0.3839363409747831}. Best is trial 19 with value: 0.042139282856138854.
[I 2026-03-04 18:31:39,989] Trial 42 finished with value: 0.8370043497648469 and parameters: {'sigma_noise': 0.2671582866984123, 'A_repulsion': 0.3208998599129514, 'gamma': 0.5387049153164425, 'sigma_update': 0.4531108648282735, 'eta_learning': 1.0697069362784335, 'sigma_boundary': 2.4384227256754354, 'alpha': 0.3529216038375243}. Best is trial 19 with value: 0.042139282856138854.
[I 2026-03-04 18:32:24,879] Trial 46 finished with value: 0.2475881189453289 and parameters: {'sigma_noise': 0.3397061241381453, 'A_repulsion': 0.17036048197872142, 'gamma': 0.46511816921148474, 'sigma_update': 0.4232497908235924, 'eta_learning': 2.5530371296274335, 'sigma_boundary': 4.571325421670695, 'alpha': 0.5783954047334904}. Best is trial 19 with value: 0.042139282856138854.
[I 2026-03-04 18:39:48,084] Trial 48 finished with value: 0.1484141602539228 and parameters: {'sigma_noise': 0.20743639653143653, 'A_repulsion': 0.2265057794382117, 'gamma': 0.47104153752224803, 'sigma_update': 0.45069583938234686, 'eta_learning': 0.8725642368176405, 'sigma_boundary': 3.979441978143147, 'alpha': 0.5597667479659176}. Best is trial 19 with value: 0.042139282856138854.
[I 2026-03-04 18:40:29,403] Trial 49 finished with value: 0.05181932669465188 and parameters: {'sigma_noise': 0.17833865632026075, 'A_repulsion': 0.28298399778173683, 'gamma': 0.5981422470974121, 'sigma_update': 0.20724320609847158, 'eta_learning': 1.1527897303992356, 'sigma_boundary': 4.505136609942657, 'alpha': 0.45417455461856415}. Best is trial 19 with value: 0.042139282856138854.
[I 2026-03-04 18:41:30,593] Trial 56 finished with value: 0.04445061312983804 and parameters: {'sigma_noise': 0.19181570708216877, 'A_repulsion': 0.1286081246289083, 'gamma': 0.7519584953830422, 'sigma_update': 0.528640915951448, 'eta_learning': 1.2307987400053186, 'sigma_boundary': 4.459970184307265, 'alpha': 0.6994584125531069}. Best is trial 19 with value: 0.042139282856138854.
[I 2026-03-04 18:42:32,342] Trial 50 finished with value: 0.47825074416410507 and parameters: {'sigma_noise': 0.23921891789319344, 'A_repulsion': 0.21884499000992008, 'gamma': 0.4283556115427397, 'sigma_update': 0.38644899124785076, 'eta_learning': 1.4397840716301402, 'sigma_boundary': 5.444341249482667, 'alpha': 0.36937689460895223}. Best is trial 19 with value: 0.042139282856138854.
[I 2026-03-04 18:43:27,889] Trial 55 finished with value: 0.3781004091777171 and parameters: {'sigma_noise': 0.21131116490131813, 'A_repulsion': 0.26774807246013743, 'gamma': 0.5286592641514449, 'sigma_update': 0.6250136743402638, 'eta_learning': 2.2404390745488922, 'sigma_boundary': 5.627088044597662, 'alpha': 0.5286720117787077}. Best is trial 19 with value: 0.042139282856138854.
[I 2026-03-04 18:43:39,974] Trial 58 finished with value: 0.14692942289691643 and parameters: {'sigma_noise': 0.2861716782138226, 'A_repulsion': 0.03133767930967435, 'gamma': 0.43635868911186043, 'sigma_update': 0.3925514019356709, 'eta_learning': 0.7710582894006086, 'sigma_boundary': 5.197287737506707, 'alpha': 0.5955222427897642}. Best is trial 19 with value: 0.042139282856138854.
[I 2026-03-04 18:43:49,685] Trial 51 finished with value: 0.4219435794078651 and parameters: {'sigma_noise': 0.24760450774828713, 'A_repulsion': 0.2627583799194788, 'gamma': 0.37373519780805886, 'sigma_update': 0.45640603482311454, 'eta_learning': 1.5423656062089142, 'sigma_boundary': 5.9904070081836975, 'alpha': 0.43606953281496175}. Best is trial 19 with value: 0.042139282856138854.
[I 2026-03-04 18:44:08,552] Trial 54 finished with value: 0.06699742334474135 and parameters: {'sigma_noise': 0.22018037402765117, 'A_repulsion': 0.324022245068857, 'gamma': 0.477895049037046, 'sigma_update': 0.2764613718605957, 'eta_learning': 0.2395396244580375, 'sigma_boundary': 6.339374396590728, 'alpha': 0.3641554391274927}. Best is trial 19 with value: 0.042139282856138854.
[I 2026-03-04 18:44:34,848] Trial 63 finished with value: 0.04663362684787311 and parameters: {'sigma_noise': 0.2284198563445598, 'A_repulsion': 0.11797975120027805, 'gamma': 0.6370160549738484, 'sigma_update': 0.41436546302490573, 'eta_learning': 1.711325688343053, 'sigma_boundary': 4.98698632419103, 'alpha': 0.735701146696769}. Best is trial 19 with value: 0.042139282856138854.
[I 2026-03-04 18:44:38,807] Trial 53 finished with value: 0.04182335131715387 and parameters: {'sigma_noise': 0.2439612649187179, 'A_repulsion': 0.32747626765426807, 'gamma': 0.8034345452799447, 'sigma_update': 0.2688092244238964, 'eta_learning': 1.6356707943859206, 'sigma_boundary': 4.989395643987847, 'alpha': 0.6200629066053469}. Best is trial 53 with value: 0.04182335131715387.
[I 2026-03-04 18:44:51,585] Trial 59 finished with value: 0.09790812200059518 and parameters: {'sigma_noise': 0.2468632069238632, 'A_repulsion': 0.16132016759420603, 'gamma': 0.3703893234348977, 'sigma_update': 0.21295792250794804, 'eta_learning': 2.2911599667518274, 'sigma_boundary': 7.616332815748685, 'alpha': 0.43992344710218123}. Best is trial 53 with value: 0.04182335131715387.
[I 2026-03-04 18:45:00,139] Trial 57 finished with value: 0.3659708036331918 and parameters: {'sigma_noise': 0.2515948935790095, 'A_repulsion': 0.18696229594146968, 'gamma': 0.108095648408967, 'sigma_update': 0.5169105055937262, 'eta_learning': 1.371540042229995, 'sigma_boundary': 7.926926589623766, 'alpha': 0.5410956170358806}. Best is trial 53 with value: 0.04182335131715387.
[I 2026-03-04 18:45:03,636] Trial 65 finished with value: 0.12031085379632232 and parameters: {'sigma_noise': 0.11851911271689278, 'A_repulsion': 0.21138261347678738, 'gamma': 0.46408587322244693, 'sigma_update': 0.5621314812042469, 'eta_learning': 2.326253324790973, 'sigma_boundary': 5.098921087280162, 'alpha': 0.6698337215955719}. Best is trial 53 with value: 0.04182335131715387.
[I 2026-03-04 18:45:11,688] Trial 52 finished with value: 0.2474181628621448 and parameters: {'sigma_noise': 0.3288654528153458, 'A_repulsion': 0.325941977610169, 'gamma': 0.5222329128591006, 'sigma_update': 0.16845163526539353, 'eta_learning': 1.9569403743891352, 'sigma_boundary': 6.421235883617145, 'alpha': 0.43386495157936517}. Best is trial 53 with value: 0.04182335131715387.
[I 2026-03-04 18:46:09,325] Trial 60 finished with value: 0.3318868308513999 and parameters: {'sigma_noise': 0.26437324258308226, 'A_repulsion': 0.21291355508571638, 'gamma': 0.13801953027465763, 'sigma_update': 0.5168505032343356, 'eta_learning': 1.2295675756236764, 'sigma_boundary': 4.762266293636116, 'alpha': 0.5675212354413357}. Best is trial 53 with value: 0.04182335131715387.
[I 2026-03-04 18:46:27,142] Trial 67 finished with value: 0.04282304600252944 and parameters: {'sigma_noise': 0.21610849330882137, 'A_repulsion': 0.12814430952492645, 'gamma': 0.8766976087745436, 'sigma_update': 0.324542118200726, 'eta_learning': 0.9279946435239097, 'sigma_boundary': 3.6350064743608064, 'alpha': 0.5154007418015334}. Best is trial 53 with value: 0.04182335131715387.
[I 2026-03-04 18:46:38,978] Trial 61 finished with value: 0.4517822912575038 and parameters: {'sigma_noise': 0.3024444030535668, 'A_repulsion': 0.23831030702481262, 'gamma': 0.42035508437271085, 'sigma_update': 0.400399842943887, 'eta_learning': 1.127802251535292, 'sigma_boundary': 9.103258816371595, 'alpha': 0.4154649595677673}. Best is trial 53 with value: 0.04182335131715387.
[I 2026-03-04 18:46:45,472] Trial 69 finished with value: 0.10029302077854474 and parameters: {'sigma_noise': 0.17051023050845282, 'A_repulsion': 0.2532029454144503, 'gamma': 0.46063413171686857, 'sigma_update': 0.5156728850637784, 'eta_learning': 1.5571643329719336, 'sigma_boundary': 4.988027549988298, 'alpha': 0.7146983158560914}. Best is trial 53 with value: 0.04182335131715387.
[I 2026-03-04 18:47:34,658] Trial 62 finished with value: 0.12169936812530707 and parameters: {'sigma_noise': 0.3118887479196038, 'A_repulsion': 0.2084383274429619, 'gamma': 0.5164463057856005, 'sigma_update': 0.5325981450688907, 'eta_learning': 1.78470936387021, 'sigma_boundary': 6.0478627076481395, 'alpha': 0.8419765388566361}. Best is trial 53 with value: 0.04182335131715387.
[I 2026-03-04 18:47:52,363] Trial 64 finished with value: 0.08957536387394707 and parameters: {'sigma_noise': 0.28318064572394924, 'A_repulsion': 0.21544563088970606, 'gamma': 0.08537815579427298, 'sigma_update': 0.2566079408455981, 'eta_learning': 0.6104131110386253, 'sigma_boundary': 3.0280150374557846, 'alpha': 0.5217845915186048}. Best is trial 53 with value: 0.04182335131715387.
[I 2026-03-04 18:47:53,878] Trial 68 finished with value: 0.04417668107155005 and parameters: {'sigma_noise': 0.30159922263431527, 'A_repulsion': 0.1420507319708494, 'gamma': 0.8446225652478745, 'sigma_update': 0.35988749519448804, 'eta_learning': 0.2040842108972978, 'sigma_boundary': 8.898793896923905, 'alpha': 0.7130336756666474}. Best is trial 53 with value: 0.04182335131715387.
[I 2026-03-04 18:47:55,073] Trial 66 finished with value: 0.22245203074646114 and parameters: {'sigma_noise': 0.3630824734597603, 'A_repulsion': 0.06117346413345462, 'gamma': 0.4391914446733577, 'sigma_update': 0.4900150735398611, 'eta_learning': 2.0593970282702467, 'sigma_boundary': 5.638998261566178, 'alpha': 0.7585683381686192}. Best is trial 53 with value: 0.04182335131715387.
[I 2026-03-04 18:47:56,026] Trial 71 finished with value: 0.14658285655994924 and parameters: {'sigma_noise': 0.2099089970207232, 'A_repulsion': 0.14296240463008686, 'gamma': 0.2532691459923654, 'sigma_update': 0.4394436909811111, 'eta_learning': 0.4926754451183085, 'sigma_boundary': 9.17375477076486, 'alpha': 0.5599034222326529}. Best is trial 53 with value: 0.04182335131715387.
[I 2026-03-04 18:48:01,448] Trial 70 finished with value: 0.23641928007258275 and parameters: {'sigma_noise': 0.2848862345153342, 'A_repulsion': 0.13340981148501893, 'gamma': 0.41772200131155784, 'sigma_update': 0.45119518789291885, 'eta_learning': 1.5236280912788758, 'sigma_boundary': 4.358136539416474, 'alpha': 0.5734777370610205}. Best is trial 53 with value: 0.04182335131715387.
[I 2026-03-04 18:55:48,382] Trial 72 finished with value: 0.5983543267470155 and parameters: {'sigma_noise': 0.23274688835034585, 'A_repulsion': 0.15313066656534305, 'gamma': 0.5533796176671321, 'sigma_update': 0.39289372291652497, 'eta_learning': 1.4754447499795484, 'sigma_boundary': 6.117880535005271, 'alpha': 0.3239177717064139}. Best is trial 53 with value: 0.04182335131715387.
[I 2026-03-04 18:58:11,868] Trial 73 finished with value: 0.12263876390443819 and parameters: {'sigma_noise': 0.3200897512878245, 'A_repulsion': 0.17739426836344382, 'gamma': 0.5365036179466522, 'sigma_update': 0.3736574272057551, 'eta_learning': 1.7121156634087187, 'sigma_boundary': 5.768150960664597, 'alpha': 0.6335777831900113}. Best is trial 53 with value: 0.04182335131715387.
[I 2026-03-04 18:58:13,047] Trial 75 finished with value: 0.09645363418607844 and parameters: {'sigma_noise': 0.2602467107796362, 'A_repulsion': 0.12095122268472272, 'gamma': 0.31234853042004934, 'sigma_update': 0.3618210242389962, 'eta_learning': 1.1018242959094877, 'sigma_boundary': 6.670212964318226, 'alpha': 0.7243736921053423}. Best is trial 53 with value: 0.04182335131715387.
[I 2026-03-04 18:58:38,889] Trial 79 finished with value: 0.1969631344030584 and parameters: {'sigma_noise': 0.18447996233480046, 'A_repulsion': 0.10617811030237456, 'gamma': 0.26203905619897344, 'sigma_update': 0.45659031694307106, 'eta_learning': 1.4507096795453014, 'sigma_boundary': 5.6335329999577874, 'alpha': 0.5527865641658543}. Best is trial 53 with value: 0.04182335131715387.
[I 2026-03-04 18:58:48,500] Trial 88 finished with value: 0.06822458889194323 and parameters: {'sigma_noise': 0.12447350108573449, 'A_repulsion': 0.012270438485968732, 'gamma': 0.8817275357961862, 'sigma_update': 0.27442111190194945, 'eta_learning': 1.7082126516831593, 'sigma_boundary': 2.008584695911548, 'alpha': 0.6798891599099217}. Best is trial 53 with value: 0.04182335131715387.
[I 2026-03-04 18:59:05,139] Trial 80 finished with value: 0.0464039507251851 and parameters: {'sigma_noise': 0.17354060981450573, 'A_repulsion': 0.18927215629833116, 'gamma': 0.5595696995003168, 'sigma_update': 0.4770634270631682, 'eta_learning': 1.693741132714547, 'sigma_boundary': 7.551869351973441, 'alpha': 0.872787946977628}. Best is trial 53 with value: 0.04182335131715387.
[I 2026-03-04 18:59:55,276] Trial 94 finished with value: 0.13063722936344904 and parameters: {'sigma_noise': 0.10168626843008927, 'A_repulsion': 0.04094230584666715, 'gamma': 0.7633895539463463, 'sigma_update': 0.596738139846039, 'eta_learning': 2.0362802446411465, 'sigma_boundary': 2.9060938082500134, 'alpha': 0.566572006530226}. Best is trial 53 with value: 0.04182335131715387.
[I 2026-03-04 19:00:08,672] Trial 74 finished with value: 0.5919562664281347 and parameters: {'sigma_noise': 0.3365886677046869, 'A_repulsion': 0.29689246996075364, 'gamma': 0.49507152527188447, 'sigma_update': 0.6265829576912681, 'eta_learning': 0.4578579186692119, 'sigma_boundary': 6.8262843561156465, 'alpha': 0.5195426147053703}. Best is trial 53 with value: 0.04182335131715387.
[I 2026-03-04 19:00:30,282] Trial 84 finished with value: 0.09341912969354849 and parameters: {'sigma_noise': 0.23562701207261888, 'A_repulsion': 0.1437838135575756, 'gamma': 0.35342114580335326, 'sigma_update': 0.38214588811315475, 'eta_learning': 0.7835285533854884, 'sigma_boundary': 9.17724538114255, 'alpha': 0.6996528081267299}. Best is trial 53 with value: 0.04182335131715387.
[I 2026-03-04 19:00:33,168] Trial 82 finished with value: 0.10650845346897697 and parameters: {'sigma_noise': 0.239416306205605, 'A_repulsion': 0.1467793267428073, 'gamma': 0.3630720782216885, 'sigma_update': 0.401869457755981, 'eta_learning': 0.9763837045465704, 'sigma_boundary': 9.359259998053831, 'alpha': 0.6715807579252004}. Best is trial 53 with value: 0.04182335131715387.
