[I 2026-03-04 20:10:31,760] Trial 198 finished with value: 0.10071520421272277 and parameters: {'sigma_noise': 0.10626687250852383, 'A_repulsion': 0.12693533555199585, 'gamma': 0.9862057298920863, 'sigma_update': 0.46934051558021, 'eta_learning': 1.2137651243830578, 'sigma_boundary': 6.684241456658617, 'alpha': 0.5600978208911596}. Best is trial 95 with value: 0.02669121107467251.
[I 2026-03-04 20:10:33,619] Trial 196 finished with value: 0.04083072439384072 and parameters: {'sigma_noise': 0.1717216981088198, 'A_repulsion': 0.09672277446288766, 'gamma': 0.8082805004658614, 'sigma_update': 0.42404880018895585, 'eta_learning': 0.8386727379116624, 'sigma_boundary': 6.658240337237617, 'alpha': 0.8148555288624475}. Best is trial 95 with value: 0.02669121107467251.
[I 2026-03-04 20:10:36,942] Trial 197 finished with value: 0.02611406915549297 and parameters: {'sigma_noise': 0.24479102519382873, 'A_repulsion': 0.09159283877953951, 'gamma': 0.8556179264684673, 'sigma_update': 0.5838293217201711, 'eta_learning': 1.0562417266034099, 'sigma_boundary': 5.882256807993815, 'alpha': 0.7614836250562776}. Best is trial 197 with value: 0.02611406915549297.
[I 2026-03-04 20:10:41,438] Trial 199 finished with value: 0.1104812312394621 and parameters: {'sigma_noise': 0.27704224648117837, 'A_repulsion': 0.24529624981033082, 'gamma': 0.5808147679664357, 'sigma_update': 0.30484365235197186, 'eta_learning': 1.5727491704012149, 'sigma_boundary': 5.766006318736063, 'alpha': 0.5070008474793298}. Best is trial 197 with value: 0.02611406915549297.
