[I 2026-03-04 17:05:13,813] Trial 116 finished with value: 0.1687369200194765 and parameters: {'sigma_noise': 0.21709162524881787, 'A_repulsion': 0.03840177022095541, 'gamma': 0.4072984574163954, 'sigma_update': 0.39594863853989787, 'eta_learning': 1.827587804984288, 'sigma_boundary': 6.234906290632259, 'alpha': 0.5814362449020584}. Best is trial 68 with value: 0.01667197519119265.
[I 2026-03-04 17:05:50,648] Trial 114 finished with value: 0.2788306180645924 and parameters: {'sigma_noise': 0.28344785289215085, 'A_repulsion': 0.013208645020133247, 'gamma': 0.6959238586134943, 'sigma_update': 0.5491345892021906, 'eta_learning': 1.80068035874841, 'sigma_boundary': 6.693305596398669, 'alpha': 0.5178937765318544}. Best is trial 68 with value: 0.01667197519119265.
[I 2026-03-04 17:05:58,085] Trial 118 finished with value: 0.08070475487541594 and parameters: {'sigma_noise': 0.13311447929173403, 'A_repulsion': 0.1733889483585674, 'gamma': 0.6804094923663124, 'sigma_update': 0.4555929439553075, 'eta_learning': 0.9892147529977935, 'sigma_boundary': 5.404382050118617, 'alpha': 0.6338720061035291}. Best is trial 68 with value: 0.01667197519119265.
[I 2026-03-04 17:07:05,046] Trial 117 finished with value: 0.07035704262560451 and parameters: {'sigma_noise': 0.22330128696198354, 'A_repulsion': 0.18309537841331863, 'gamma': 0.55852908567747, 'sigma_update': 0.3865484521251597, 'eta_learning': 1.3568786781741644, 'sigma_boundary': 4.6643881578529465, 'alpha': 0.7222238838692802}. Best is trial 68 with value: 0.01667197519119265.
[I 2026-03-04 17:07:39,832] Trial 119 finished with value: 0.1346814326461002 and parameters: {'sigma_noise': 0.2338463243745646, 'A_repulsion': 0.12264805143984511, 'gamma': 0.5781587920824767, 'sigma_update': 0.4299016489261874, 'eta_learning': 2.0544844648744935, 'sigma_boundary': 6.819322416697445, 'alpha': 0.618056118188081}. Best is trial 68 with value: 0.01667197519119265.
[I 2026-03-04 17:07:47,840] Trial 111 finished with value: 0.4174448127039277 and parameters: {'sigma_noise': 0.27840844141476095, 'A_repulsion': 0.24841826325591831, 'gamma': 0.5456922683360562, 'sigma_update': 0.6586590583316334, 'eta_learning': 1.7804257832285217, 'sigma_boundary': 3.4591654393924456, 'alpha': 0.6186295441355784}. Best is trial 68 with value: 0.01667197519119265.
[I 2026-03-04 17:08:01,738] Trial 113 finished with value: 0.200452451194064 and parameters: {'sigma_noise': 0.34610351635792796, 'A_repulsion': 0.1774067045797354, 'gamma': 0.570887853920578, 'sigma_update': 0.4037164859841594, 'eta_learning': 1.2577726368639053, 'sigma_boundary': 9.049618852940252, 'alpha': 0.607661493743225}. Best is trial 68 with value: 0.01667197519119265.
[I 2026-03-04 17:11:07,075] Trial 121 finished with value: 0.3745873092704006 and parameters: {'sigma_noise': 0.15823601085190353, 'A_repulsion': 0.11403254394682208, 'gamma': 0.9052819459674164, 'sigma_update': 0.47689205369898324, 'eta_learning': 1.3754302135126553, 'sigma_boundary': 3.7801814813505565, 'alpha': 0.36767368460044925}. Best is trial 68 with value: 0.01667197519119265.
[I 2026-03-04 17:11:55,695] Trial 120 finished with value: 0.05129658464326449 and parameters: {'sigma_noise': 0.29505697452805524, 'A_repulsion': 0.08725681236225964, 'gamma': 0.8094939569849215, 'sigma_update': 0.6083198386471628, 'eta_learning': 2.0232593233585776, 'sigma_boundary': 6.5130258739591635, 'alpha': 0.7588493610205087}. Best is trial 68 with value: 0.01667197519119265.
[I 2026-03-04 17:14:38,499] Trial 122 finished with value: 0.015365967502371385 and parameters: {'sigma_noise': 0.19332009874894812, 'A_repulsion': 0.08654793638114452, 'gamma': 0.7316244706403588, 'sigma_update': 0.5190167288296044, 'eta_learning': 1.5615323101102345, 'sigma_boundary': 5.936507915231963, 'alpha': 0.9716882267229666}. Best is trial 122 with value: 0.015365967502371385.
[I 2026-03-04 17:16:10,366] Trial 124 finished with value: 0.019106956387405116 and parameters: {'sigma_noise': 0.18137720325231832, 'A_repulsion': 0.17310354033191175, 'gamma': 0.7131177259398152, 'sigma_update': 0.6302835722291542, 'eta_learning': 1.855093232041958, 'sigma_boundary': 5.769840784934762, 'alpha': 0.9068417308099362}. Best is trial 122 with value: 0.015365967502371385.
[I 2026-03-04 17:16:21,210] Trial 128 finished with value: 0.017424792798877757 and parameters: {'sigma_noise': 0.19996654790178237, 'A_repulsion': 0.0762833522558172, 'gamma': 0.9479976565036937, 'sigma_update': 0.48679588309930083, 'eta_learning': 0.8782166689397091, 'sigma_boundary': 4.256238508000722, 'alpha': 0.8691069336940098}. Best is trial 122 with value: 0.015365967502371385.
[I 2026-03-04 17:16:27,492] Trial 126 finished with value: 0.05280156295673338 and parameters: {'sigma_noise': 0.18561262733387518, 'A_repulsion': 0.1922167363134001, 'gamma': 0.6530375414338732, 'sigma_update': 0.4688011564611963, 'eta_learning': 1.3570174519820173, 'sigma_boundary': 5.308040021696053, 'alpha': 0.7239100363620397}. Best is trial 122 with value: 0.015365967502371385.
[I 2026-03-04 17:17:58,192] Trial 127 finished with value: 0.016281112373538884 and parameters: {'sigma_noise': 0.21357895382718517, 'A_repulsion': 0.1768324873471229, 'gamma': 0.9306690137608989, 'sigma_update': 0.35393694774007545, 'eta_learning': 1.0398232752120051, 'sigma_boundary': 3.4734441040042676, 'alpha': 0.6385014250937421}. Best is trial 122 with value: 0.015365967502371385.
[I 2026-03-04 17:18:19,383] Trial 125 finished with value: 0.06669830877899148 and parameters: {'sigma_noise': 0.26876462741195145, 'A_repulsion': 0.19930928067386902, 'gamma': 0.9229134601648757, 'sigma_update': 0.4882905511740975, 'eta_learning': 2.5691981778456094, 'sigma_boundary': 3.6957497296043678, 'alpha': 0.5941182235861249}. Best is trial 122 with value: 0.015365967502371385.
[I 2026-03-04 17:18:25,379] Trial 131 finished with value: 0.024641552743081503 and parameters: {'sigma_noise': 0.22917291724666417, 'A_repulsion': 0.08868426832467524, 'gamma': 0.9390546021552455, 'sigma_update': 0.4011242323949629, 'eta_learning': 2.0425201926368786, 'sigma_boundary': 3.9509096360718536, 'alpha': 0.6548565395987977}. Best is trial 122 with value: 0.015365967502371385.
[I 2026-03-04 17:19:43,663] Trial 137 finished with value: 0.025656413764816553 and parameters: {'sigma_noise': 0.17794014939252784, 'A_repulsion': 0.1433827858622996, 'gamma': 0.8224545035550941, 'sigma_update': 0.583557028758865, 'eta_learning': 0.9572246481657919, 'sigma_boundary': 6.653020673818218, 'alpha': 0.9397559678640416}. Best is trial 122 with value: 0.015365967502371385.
[I 2026-03-04 17:19:46,443] Trial 130 finished with value: 0.012329444974109122 and parameters: {'sigma_noise': 0.2540738010092304, 'A_repulsion': 0.18666699732068426, 'gamma': 0.8866955486814209, 'sigma_update': 0.5904340618339139, 'eta_learning': 1.3954917627288341, 'sigma_boundary': 6.052326020341626, 'alpha': 0.7890863919346813}. Best is trial 130 with value: 0.012329444974109122.
[I 2026-03-04 17:19:50,681] Trial 129 finished with value: 0.1569655313134371 and parameters: {'sigma_noise': 0.25610788186990746, 'A_repulsion': 0.2401458500602591, 'gamma': 0.5436987541547522, 'sigma_update': 0.6160440522543525, 'eta_learning': 1.7665631418187318, 'sigma_boundary': 4.569282260682983, 'alpha': 0.7970811521631752}. Best is trial 130 with value: 0.012329444974109122.
[I 2026-03-04 17:19:52,285] Trial 123 finished with value: 0.09778708283010772 and parameters: {'sigma_noise': 0.36740005084869926, 'A_repulsion': 0.3366527022319511, 'gamma': 0.6928820079944553, 'sigma_update': 0.4444690451486697, 'eta_learning': 0.8672881023095156, 'sigma_boundary': 3.8320849020766983, 'alpha': 0.8020253370972006}. Best is trial 130 with value: 0.012329444974109122.
[I 2026-03-04 17:19:52,563] Trial 135 finished with value: 0.022200811750383208 and parameters: {'sigma_noise': 0.28588865521893014, 'A_repulsion': 0.044669090184740634, 'gamma': 0.7243174644841844, 'sigma_update': 0.5776082132320554, 'eta_learning': 1.503981581356722, 'sigma_boundary': 3.799446285495255, 'alpha': 0.9336324090215988}. Best is trial 130 with value: 0.012329444974109122.
[I 2026-03-04 17:20:31,676] Trial 139 finished with value: 0.015198889988082479 and parameters: {'sigma_noise': 0.24420585490033553, 'A_repulsion': 0.07972034619487033, 'gamma': 0.9728609436686935, 'sigma_update': 0.5611949573679612, 'eta_learning': 2.5008495514316906, 'sigma_boundary': 3.575088412418582, 'alpha': 0.9505811882442355}. Best is trial 130 with value: 0.012329444974109122.
[I 2026-03-04 17:20:46,075] Trial 136 finished with value: 0.06757864414424825 and parameters: {'sigma_noise': 0.2822891323384146, 'A_repulsion': 0.10223949418720754, 'gamma': 0.8191662909981209, 'sigma_update': 0.5356334278849957, 'eta_learning': 2.0503064978782914, 'sigma_boundary': 4.360434523552284, 'alpha': 0.6734281480432397}. Best is trial 130 with value: 0.012329444974109122.
[I 2026-03-04 17:21:02,009] Trial 132 finished with value: 0.09793632043410734 and parameters: {'sigma_noise': 0.32489276990623944, 'A_repulsion': 0.1527893777186177, 'gamma': 0.7446081757172479, 'sigma_update': 0.42320852154066696, 'eta_learning': 1.447063145668161, 'sigma_boundary': 5.749675493660095, 'alpha': 0.6337190261237491}. Best is trial 130 with value: 0.012329444974109122.
[I 2026-03-04 17:21:33,509] Trial 133 finished with value: 0.15929993965024364 and parameters: {'sigma_noise': 0.2587833795019482, 'A_repulsion': 0.28050858477602897, 'gamma': 0.6546794853593907, 'sigma_update': 0.6094138210495594, 'eta_learning': 1.6757080809310179, 'sigma_boundary': 5.795183323128099, 'alpha': 0.657928033244374}. Best is trial 130 with value: 0.012329444974109122.
[I 2026-03-04 17:22:32,701] Trial 134 finished with value: 0.026883888162471333 and parameters: {'sigma_noise': 0.29020721602580746, 'A_repulsion': 0.2890598563893252, 'gamma': 0.7980469379444468, 'sigma_update': 0.4793599849379662, 'eta_learning': 2.0195315491452286, 'sigma_boundary': 5.187515067345137, 'alpha': 0.946961032860401}. Best is trial 130 with value: 0.012329444974109122.
[I 2026-03-04 17:22:38,721] Trial 138 finished with value: 0.17127745265611785 and parameters: {'sigma_noise': 0.3158046065345282, 'A_repulsion': 0.15580086842268104, 'gamma': 0.7058581773857803, 'sigma_update': 0.4657061963177361, 'eta_learning': 2.4159826241690348, 'sigma_boundary': 2.6484944546492772, 'alpha': 0.5782957034641463}. Best is trial 130 with value: 0.012329444974109122.
[I 2026-03-04 17:22:40,943] Trial 141 finished with value: 0.025584140942118083 and parameters: {'sigma_noise': 0.23800400074542788, 'A_repulsion': 0.09965106746527053, 'gamma': 0.6217632291830254, 'sigma_update': 0.20733634425021563, 'eta_learning': 1.1246150358237346, 'sigma_boundary': 3.765450359650711, 'alpha': 0.7939018265135943}. Best is trial 130 with value: 0.012329444974109122.
[I 2026-03-04 17:22:55,248] Trial 140 finished with value: 0.04838072938340365 and parameters: {'sigma_noise': 0.28312871349698204, 'A_repulsion': 0.11875625636021352, 'gamma': 0.6008946144554073, 'sigma_update': 0.28173473380361713, 'eta_learning': 1.6868077316710404, 'sigma_boundary': 3.8232832486924084, 'alpha': 0.9014698854128957}. Best is trial 130 with value: 0.012329444974109122.
[I 2026-03-04 17:23:19,868] Trial 142 finished with value: 0.01250804487959135 and parameters: {'sigma_noise': 0.24705561716936902, 'A_repulsion': 0.15820287933718374, 'gamma': 0.8188579990925021, 'sigma_update': 0.48282343544876954, 'eta_learning': 1.6289821608360484, 'sigma_boundary': 0.9560185172850597, 'alpha': 0.919260003924871}. Best is trial 130 with value: 0.012329444974109122.
[I 2026-03-04 17:23:58,767] Trial 143 finished with value: 0.04580765225434033 and parameters: {'sigma_noise': 0.2973841970836956, 'A_repulsion': 0.11248489346852844, 'gamma': 0.6841348036310875, 'sigma_update': 0.42939630902665343, 'eta_learning': 1.1512116005902462, 'sigma_boundary': 5.964514077106304, 'alpha': 0.8797221545714113}. Best is trial 130 with value: 0.012329444974109122.
[I 2026-03-04 17:26:25,300] Trial 145 finished with value: 0.018629352588064668 and parameters: {'sigma_noise': 0.18182165891595853, 'A_repulsion': 0.10974756662346177, 'gamma': 0.7788055958180271, 'sigma_update': 0.47536315338876073, 'eta_learning': 0.9043244239850465, 'sigma_boundary': 5.316483572165003, 'alpha': 0.8551031185029196}. Best is trial 130 with value: 0.012329444974109122.
[I 2026-03-04 17:29:27,913] Trial 144 finished with value: 0.0817434468488216 and parameters: {'sigma_noise': 0.3977070602556388, 'A_repulsion': 0.21948530485986062, 'gamma': 0.724794331445862, 'sigma_update': 0.47610004750781154, 'eta_learning': 0.9091389959614761, 'sigma_boundary': 1.8433343352850322, 'alpha': 0.9350209482271774}. Best is trial 130 with value: 0.012329444974109122.
[I 2026-03-04 17:30:14,137] Trial 146 finished with value: 0.09885885576872458 and parameters: {'sigma_noise': 0.2613005901238677, 'A_repulsion': 0.12522729443359087, 'gamma': 0.45644636760516144, 'sigma_update': 0.37942746261941906, 'eta_learning': 1.712569334370797, 'sigma_boundary': 6.1285876528978, 'alpha': 0.7521391503315533}. Best is trial 130 with value: 0.012329444974109122.
[I 2026-03-04 17:30:24,510] Trial 149 finished with value: 0.06482235608353473 and parameters: {'sigma_noise': 0.09588206898841817, 'A_repulsion': 0.2688407456576323, 'gamma': 0.47063108129792686, 'sigma_update': 0.2059694655458223, 'eta_learning': 0.7540298323187268, 'sigma_boundary': 2.6175350748695565, 'alpha': 0.5707510298931002}. Best is trial 130 with value: 0.012329444974109122.
[I 2026-03-04 17:32:56,710] Trial 150 finished with value: 0.01857372712607395 and parameters: {'sigma_noise': 0.18454045716865725, 'A_repulsion': 0.14264772776889234, 'gamma': 0.7663714804543635, 'sigma_update': 0.3889646318667168, 'eta_learning': 1.4364250441720752, 'sigma_boundary': 7.7209869178346775, 'alpha': 0.873755121717367}. Best is trial 130 with value: 0.012329444974109122.
[I 2026-03-04 17:33:00,631] Trial 148 finished with value: 0.0466413434264959 and parameters: {'sigma_noise': 0.2829108757562317, 'A_repulsion': 0.1641697342327349, 'gamma': 0.8268382465822904, 'sigma_update': 0.3005290363994679, 'eta_learning': 1.4541466974709456, 'sigma_boundary': 6.692795719693859, 'alpha': 0.5697033308067303}. Best is trial 130 with value: 0.012329444974109122.
[I 2026-03-04 17:33:01,755] Trial 154 finished with value: 0.07989003602900838 and parameters: {'sigma_noise': 0.09960430963718853, 'A_repulsion': 0.12138823819401126, 'gamma': 0.7082231806464429, 'sigma_update': 0.6665680461957826, 'eta_learning': 1.4233187374193903, 'sigma_boundary': 5.826854051416569, 'alpha': 0.7948119519497178}. Best is trial 130 with value: 0.012329444974109122.
[I 2026-03-04 17:34:02,709] Trial 147 finished with value: 0.026377332428967254 and parameters: {'sigma_noise': 0.3267729163058067, 'A_repulsion': 0.16614478674762087, 'gamma': 0.8083661948795282, 'sigma_update': 0.4583619009232024, 'eta_learning': 2.1908889675549865, 'sigma_boundary': 6.9885155716022815, 'alpha': 0.9633399051576726}. Best is trial 130 with value: 0.012329444974109122.
[I 2026-03-04 17:34:10,934] Trial 153 finished with value: 0.012118882825835148 and parameters: {'sigma_noise': 0.22543569520367784, 'A_repulsion': 0.0157695759611233, 'gamma': 0.970063109766189, 'sigma_update': 0.680820869791117, 'eta_learning': 1.7745051854915528, 'sigma_boundary': 6.308066768126655, 'alpha': 0.9353344032522867}. Best is trial 153 with value: 0.012118882825835148.
[I 2026-03-04 17:34:14,029] Trial 152 finished with value: 0.018881125318031114 and parameters: {'sigma_noise': 0.18620202867936658, 'A_repulsion': 0.21108584969821018, 'gamma': 0.8276390603862643, 'sigma_update': 0.47742526702260635, 'eta_learning': 0.9525036305868805, 'sigma_boundary': 5.582795418863595, 'alpha': 0.8233719593252973}. Best is trial 153 with value: 0.012118882825835148.
[I 2026-03-04 17:34:54,103] Trial 158 finished with value: 0.020570507710244997 and parameters: {'sigma_noise': 0.22991449583334206, 'A_repulsion': 0.05447985715787196, 'gamma': 0.6305539618773465, 'sigma_update': 0.16235150948922947, 'eta_learning': 0.1510601139761221, 'sigma_boundary': 3.6162271081817328, 'alpha': 0.8003963049438129}. Best is trial 153 with value: 0.012118882825835148.
[I 2026-03-04 17:35:08,677] Trial 163 finished with value: 0.06242692824468577 and parameters: {'sigma_noise': 0.10182211586230883, 'A_repulsion': 0.05089104085974708, 'gamma': 0.894890362901436, 'sigma_update': 0.40555091622992095, 'eta_learning': 0.31733111232053535, 'sigma_boundary': 1.9667923712953312, 'alpha': 0.772316958395398}. Best is trial 153 with value: 0.012118882825835148.
[I 2026-03-04 17:35:26,279] Trial 156 finished with value: 0.054891541941388754 and parameters: {'sigma_noise': 0.24620434094927357, 'A_repulsion': 0.12902852477411045, 'gamma': 0.5500182167791972, 'sigma_update': 0.3085261482438115, 'eta_learning': 1.8066562797371495, 'sigma_boundary': 6.189133788062805, 'alpha': 0.7431535924409232}. Best is trial 153 with value: 0.012118882825835148.
[I 2026-03-04 17:35:32,356] Trial 155 finished with value: 0.029202285219789306 and parameters: {'sigma_noise': 0.3234844118407156, 'A_repulsion': 0.02933873978778201, 'gamma': 0.8434812275380286, 'sigma_update': 0.5366146799494521, 'eta_learning': 1.2917768484890664, 'sigma_boundary': 4.758361214443116, 'alpha': 0.8119276318105301}. Best is trial 153 with value: 0.012118882825835148.
[I 2026-03-04 17:36:14,909] Trial 157 finished with value: 0.14248764202539063 and parameters: {'sigma_noise': 0.2581433319486434, 'A_repulsion': 0.16201857735367048, 'gamma': 0.7675021976206914, 'sigma_update': 0.6636309766080163, 'eta_learning': 1.3537094563042564, 'sigma_boundary': 6.633051922546323, 'alpha': 0.6449475773686708}. Best is trial 153 with value: 0.012118882825835148.
[I 2026-03-04 17:36:22,152] Trial 160 finished with value: 0.037675718182326186 and parameters: {'sigma_noise': 0.1682494132568632, 'A_repulsion': 0.18744791743182876, 'gamma': 0.8493964283260862, 'sigma_update': 0.44931760932077935, 'eta_learning': 1.447032275048653, 'sigma_boundary': 3.866686815937729, 'alpha': 0.9315782093371979}. Best is trial 153 with value: 0.012118882825835148.
[I 2026-03-04 17:36:46,269] Trial 162 finished with value: 0.011555390674021527 and parameters: {'sigma_noise': 0.2424725467983987, 'A_repulsion': 0.025599944494456683, 'gamma': 0.7971764561302528, 'sigma_update': 0.4252964615215196, 'eta_learning': 1.6322433105967278, 'sigma_boundary': 7.50133294853567, 'alpha': 0.8384115664179029}. Best is trial 162 with value: 0.011555390674021527.
[I 2026-03-04 17:36:47,771] Trial 166 finished with value: 0.07018594887330443 and parameters: {'sigma_noise': 0.0870479936186688, 'A_repulsion': 0.1784374795061584, 'gamma': 0.7755909455133898, 'sigma_update': 0.42611744551358277, 'eta_learning': 1.5197468402356706, 'sigma_boundary': 7.693553685590072, 'alpha': 0.819461236793995}. Best is trial 162 with value: 0.011555390674021527.
[I 2026-03-04 17:36:48,824] Trial 164 finished with value: 0.03728891273555451 and parameters: {'sigma_noise': 0.17651162203385817, 'A_repulsion': 0.05227470257947084, 'gamma': 0.4616279475956785, 'sigma_update': 0.22260254914779082, 'eta_learning': 1.593795691982026, 'sigma_boundary': 5.9120473056011775, 'alpha': 0.8471625055343537}. Best is trial 162 with value: 0.011555390674021527.
[I 2026-03-04 17:36:57,207] Trial 159 finished with value: 0.023809171503496714 and parameters: {'sigma_noise': 0.24579587627640037, 'A_repulsion': 0.14819774231924634, 'gamma': 0.9676878693418622, 'sigma_update': 0.37727058808809855, 'eta_learning': 1.032644241689236, 'sigma_boundary': 5.083095617123813, 'alpha': 0.6071079684329589}. Best is trial 162 with value: 0.011555390674021527.
[I 2026-03-04 17:37:01,965] Trial 151 finished with value: 0.04201699550449291 and parameters: {'sigma_noise': 0.3756427243547011, 'A_repulsion': 0.19783842483542696, 'gamma': 0.9182592124596572, 'sigma_update': 0.6078444701646517, 'eta_learning': 1.0115816858771325, 'sigma_boundary': 6.098451236292279, 'alpha': 0.9705372400363597}. Best is trial 162 with value: 0.011555390674021527.
[I 2026-03-04 17:38:30,802] Trial 161 finished with value: 0.08176737399600567 and parameters: {'sigma_noise': 0.21469041421519575, 'A_repulsion': 0.2521646978481663, 'gamma': 0.8491760248675297, 'sigma_update': 0.5504051398475379, 'eta_learning': 1.2886709954385016, 'sigma_boundary': 5.346618032391314, 'alpha': 0.6134698050332414}. Best is trial 162 with value: 0.011555390674021527.
[I 2026-03-04 17:38:31,079] Trial 167 finished with value: 0.04526693037183194 and parameters: {'sigma_noise': 0.14410518955558255, 'A_repulsion': 0.13188448436111627, 'gamma': 0.94334329581367, 'sigma_update': 0.320805161608126, 'eta_learning': 1.6229435765226214, 'sigma_boundary': 7.883198716013654, 'alpha': 0.8190702804173418}. Best is trial 162 with value: 0.011555390674021527.
[I 2026-03-04 17:38:35,481] Trial 165 finished with value: 0.018637123515370516 and parameters: {'sigma_noise': 0.19348799199320166, 'A_repulsion': 0.18331527553132787, 'gamma': 0.8218956158249227, 'sigma_update': 0.3611755814577038, 'eta_learning': 0.9362300035074288, 'sigma_boundary': 4.41143940370505, 'alpha': 0.6864668510199337}. Best is trial 162 with value: 0.011555390674021527.
[I 2026-03-04 17:42:33,692] Trial 168 finished with value: 0.053003332534829584 and parameters: {'sigma_noise': 0.13158562172887983, 'A_repulsion': 0.3674765764066722, 'gamma': 0.6909942498142464, 'sigma_update': 0.434744035049157, 'eta_learning': 2.2067982898273053, 'sigma_boundary': 3.355634364552792, 'alpha': 0.8041738042400897}. Best is trial 162 with value: 0.011555390674021527.
