[I 2026-03-04 17:44:04,745] Trial 170 finished with value: 0.05493401235918939 and parameters: {'sigma_noise': 0.12823877964745412, 'A_repulsion': 0.10358889309049286, 'gamma': 0.9465958662620266, 'sigma_update': 0.5678601017288747, 'eta_learning': 1.0208502576677236, 'sigma_boundary': 1.622817711489596, 'alpha': 0.7334636757396638}. Best is trial 162 with value: 0.011555390674021527.
[I 2026-03-04 17:44:28,078] Trial 169 finished with value: 0.05759790428558891 and parameters: {'sigma_noise': 0.2529787214184002, 'A_repulsion': 0.020929176713208014, 'gamma': 0.6266862237411368, 'sigma_update': 0.47518561591897424, 'eta_learning': 0.9712290311117497, 'sigma_boundary': 5.968142044522611, 'alpha': 0.8252366815491557}. Best is trial 162 with value: 0.011555390674021527.
[I 2026-03-04 17:44:56,379] Trial 171 finished with value: 0.07004821750229984 and parameters: {'sigma_noise': 0.15840451726251442, 'A_repulsion': 0.08253238159446387, 'gamma': 0.6071186821932482, 'sigma_update': 0.35502052659342154, 'eta_learning': 1.1886417215371317, 'sigma_boundary': 4.495529627844424, 'alpha': 0.6333489432774657}. Best is trial 162 with value: 0.011555390674021527.
[I 2026-03-04 17:47:12,003] Trial 182 finished with value: 0.09242268537339415 and parameters: {'sigma_noise': 0.05252243845903681, 'A_repulsion': 0.07851586948676763, 'gamma': 0.7116008634705197, 'sigma_update': 0.47943744844231134, 'eta_learning': 1.3228461549990567, 'sigma_boundary': 1.5682903846998717, 'alpha': 0.7757359845570411}. Best is trial 162 with value: 0.011555390674021527.
[I 2026-03-04 17:47:56,678] Trial 177 finished with value: 0.07389979425298616 and parameters: {'sigma_noise': 0.08540251217342607, 'A_repulsion': 0.21044113078480098, 'gamma': 0.7922991059836383, 'sigma_update': 0.541022625898751, 'eta_learning': 1.621969237610997, 'sigma_boundary': 4.8138802384211825, 'alpha': 0.7477488539005631}. Best is trial 162 with value: 0.011555390674021527.
[I 2026-03-04 17:48:28,093] Trial 176 finished with value: 0.07405645029652143 and parameters: {'sigma_noise': 0.12511045360664674, 'A_repulsion': 0.15640468062144314, 'gamma': 0.6053783010111965, 'sigma_update': 0.5304377395402624, 'eta_learning': 1.2112890111675498, 'sigma_boundary': 6.3778663575209515, 'alpha': 0.7486409489871374}. Best is trial 162 with value: 0.011555390674021527.
[I 2026-03-04 17:49:02,602] Trial 173 finished with value: 0.012363213520276695 and parameters: {'sigma_noise': 0.3069754154152902, 'A_repulsion': 0.040859484528170564, 'gamma': 0.990854725152231, 'sigma_update': 0.33711746287745653, 'eta_learning': 1.2498465387694238, 'sigma_boundary': 5.639677479961292, 'alpha': 0.7717511638433613}. Best is trial 162 with value: 0.011555390674021527.
[I 2026-03-04 17:49:37,071] Trial 174 finished with value: 0.019163498422508127 and parameters: {'sigma_noise': 0.26180801349056015, 'A_repulsion': 0.14245229439702473, 'gamma': 0.9297884222952056, 'sigma_update': 0.693019116526072, 'eta_learning': 1.2412789740415473, 'sigma_boundary': 4.231894532683222, 'alpha': 0.8045496610296693}. Best is trial 162 with value: 0.011555390674021527.
[I 2026-03-04 17:49:39,885] Trial 180 finished with value: 0.06163371187567111 and parameters: {'sigma_noise': 0.203501919383973, 'A_repulsion': 0.0782202148884435, 'gamma': 0.564867552881338, 'sigma_update': 0.39159884603049494, 'eta_learning': 0.8388254321558888, 'sigma_boundary': 3.841811010519187, 'alpha': 0.7497761795698201}. Best is trial 162 with value: 0.011555390674021527.
[I 2026-03-04 17:49:43,393] Trial 172 finished with value: 0.012059698214287776 and parameters: {'sigma_noise': 0.24456948856762345, 'A_repulsion': 0.16720832107590572, 'gamma': 0.8123196592296079, 'sigma_update': 0.44158205240648163, 'eta_learning': 1.67266252043879, 'sigma_boundary': 8.78458576019604, 'alpha': 0.7800659080426761}. Best is trial 162 with value: 0.011555390674021527.
[I 2026-03-04 17:50:04,095] Trial 175 finished with value: 0.22671321791802743 and parameters: {'sigma_noise': 0.20531591442443453, 'A_repulsion': 0.18543313864027494, 'gamma': 0.8959217388331138, 'sigma_update': 0.6855789942008151, 'eta_learning': 1.02140826032566, 'sigma_boundary': 3.2158695527266974, 'alpha': 0.5703701253839205}. Best is trial 162 with value: 0.011555390674021527.
[I 2026-03-04 17:50:28,644] Trial 179 finished with value: 0.065980626468196 and parameters: {'sigma_noise': 0.2887441895973081, 'A_repulsion': 0.03931678429809378, 'gamma': 0.3497082458202626, 'sigma_update': 0.22172761568578242, 'eta_learning': 0.6648678426994684, 'sigma_boundary': 4.69955473563899, 'alpha': 0.6995497801192727}. Best is trial 162 with value: 0.011555390674021527.
[I 2026-03-04 17:50:42,078] Trial 183 finished with value: 0.20191795617398745 and parameters: {'sigma_noise': 0.22640397083309338, 'A_repulsion': 0.031269542033936025, 'gamma': 0.46818944252163636, 'sigma_update': 0.3944555871766851, 'eta_learning': 0.602031045100287, 'sigma_boundary': 6.243984029699011, 'alpha': 0.46736561757020206}. Best is trial 162 with value: 0.011555390674021527.
[I 2026-03-04 17:51:03,171] Trial 186 finished with value: 0.16882558566800576 and parameters: {'sigma_noise': 0.2597818818893833, 'A_repulsion': 0.043829671525518525, 'gamma': 0.5941150450439184, 'sigma_update': 0.5882102167243412, 'eta_learning': 1.1811414750383609, 'sigma_boundary': 5.383967578792793, 'alpha': 0.6998133617499376}. Best is trial 162 with value: 0.011555390674021527.
[I 2026-03-04 17:51:07,287] Trial 185 finished with value: 0.023952314397643736 and parameters: {'sigma_noise': 0.16205968612008792, 'A_repulsion': 0.11920750997851454, 'gamma': 0.8549233529517665, 'sigma_update': 0.42574280736888365, 'eta_learning': 0.5564362168015685, 'sigma_boundary': 8.614391662703367, 'alpha': 0.7274276105766678}. Best is trial 162 with value: 0.011555390674021527.
[I 2026-03-04 17:51:13,310] Trial 184 finished with value: 0.049261411626607576 and parameters: {'sigma_noise': 0.20915370253874455, 'A_repulsion': 0.08780773360100746, 'gamma': 0.9471666703604191, 'sigma_update': 0.38305874084927155, 'eta_learning': 1.361670173024319, 'sigma_boundary': 8.26845415343729, 'alpha': 0.5831966351455402}. Best is trial 162 with value: 0.011555390674021527.
[I 2026-03-04 17:51:52,181] Trial 188 finished with value: 0.008495315445360922 and parameters: {'sigma_noise': 0.2505879417750501, 'A_repulsion': 0.10015416009175401, 'gamma': 0.9804884265381454, 'sigma_update': 0.489103552612351, 'eta_learning': 0.5549606921630376, 'sigma_boundary': 5.619325177512628, 'alpha': 0.8536323939168028}. Best is trial 188 with value: 0.008495315445360922.
[I 2026-03-04 17:51:56,728] Trial 187 finished with value: 0.0314088918900539 and parameters: {'sigma_noise': 0.2018026237254974, 'A_repulsion': 0.1580625502291355, 'gamma': 0.6283993154803379, 'sigma_update': 0.6653582221278601, 'eta_learning': 0.9156772218145599, 'sigma_boundary': 5.346495443548429, 'alpha': 0.9115041338452334}. Best is trial 188 with value: 0.008495315445360922.
[I 2026-03-04 17:52:01,918] Trial 178 finished with value: 0.15936836694486206 and parameters: {'sigma_noise': 0.3396521187285234, 'A_repulsion': 0.12882671069793605, 'gamma': 0.6134699120714951, 'sigma_update': 0.4335550920687568, 'eta_learning': 0.9756397061130837, 'sigma_boundary': 8.86427419848526, 'alpha': 0.6638948756413043}. Best is trial 188 with value: 0.008495315445360922.
[I 2026-03-04 17:52:08,463] Trial 181 finished with value: 0.05655831394498949 and parameters: {'sigma_noise': 0.3642874884425768, 'A_repulsion': 0.06989916812349733, 'gamma': 0.7304297850383453, 'sigma_update': 0.5168357862247804, 'eta_learning': 1.508126224412753, 'sigma_boundary': 5.256485901346654, 'alpha': 0.954605667230505}. Best is trial 188 with value: 0.008495315445360922.
[I 2026-03-04 17:52:34,675] Trial 190 finished with value: 0.013181056937034105 and parameters: {'sigma_noise': 0.2648361623370526, 'A_repulsion': 0.05682889121530358, 'gamma': 0.7550905125832468, 'sigma_update': 0.5048473505901988, 'eta_learning': 1.4093736192921391, 'sigma_boundary': 9.187597274334468, 'alpha': 0.9130177034022052}. Best is trial 188 with value: 0.008495315445360922.
[I 2026-03-04 17:53:09,055] Trial 189 finished with value: 0.011190065396041907 and parameters: {'sigma_noise': 0.299281439910878, 'A_repulsion': 0.12313015949003689, 'gamma': 0.9546081296980659, 'sigma_update': 0.30325342959344903, 'eta_learning': 1.2856387177708952, 'sigma_boundary': 6.7282673369045645, 'alpha': 0.7080137347871132}. Best is trial 188 with value: 0.008495315445360922.
[I 2026-03-04 17:53:17,434] Trial 191 finished with value: 0.02121465367309553 and parameters: {'sigma_noise': 0.3158877048947498, 'A_repulsion': 0.1000189156511248, 'gamma': 0.7891184383079314, 'sigma_update': 0.45263706968908257, 'eta_learning': 1.474887616116425, 'sigma_boundary': 7.411641515274263, 'alpha': 0.987032057578033}. Best is trial 188 with value: 0.008495315445360922.
[I 2026-03-04 17:54:38,520] Trial 193 finished with value: 0.02144746980201702 and parameters: {'sigma_noise': 0.1975374619117623, 'A_repulsion': 0.15914556875646924, 'gamma': 0.7320249749559947, 'sigma_update': 0.4715231967473066, 'eta_learning': 0.9679864828909747, 'sigma_boundary': 3.9667205777883514, 'alpha': 0.7999394100750892}. Best is trial 188 with value: 0.008495315445360922.
[I 2026-03-04 17:54:44,573] Trial 195 finished with value: 0.08203057412244089 and parameters: {'sigma_noise': 0.20117885906470961, 'A_repulsion': 0.08964337456014865, 'gamma': 0.5314942693213154, 'sigma_update': 0.5048767975479903, 'eta_learning': 0.640760226782064, 'sigma_boundary': 4.248634932625118, 'alpha': 0.8062452087774443}. Best is trial 188 with value: 0.008495315445360922.
[I 2026-03-04 17:54:59,429] Trial 192 finished with value: 0.026079954963673307 and parameters: {'sigma_noise': 0.2663145377873115, 'A_repulsion': 0.2366980782311695, 'gamma': 0.7214842916267098, 'sigma_update': 0.44691351106537713, 'eta_learning': 1.6101018249963333, 'sigma_boundary': 5.304852131462535, 'alpha': 0.9614510946007614}. Best is trial 188 with value: 0.008495315445360922.
[I 2026-03-04 17:54:59,663] Trial 194 finished with value: 0.020463112893713047 and parameters: {'sigma_noise': 0.20292555387044636, 'A_repulsion': 0.20559340256178052, 'gamma': 0.7090265959428841, 'sigma_update': 0.4156084250174009, 'eta_learning': 0.3710847749559366, 'sigma_boundary': 5.060278323740925, 'alpha': 0.8874185830331267}. Best is trial 188 with value: 0.008495315445360922.
[I 2026-03-04 17:55:12,959] Trial 199 finished with value: 0.15016938829043935 and parameters: {'sigma_noise': 0.14523634950698014, 'A_repulsion': 0.11759433021452596, 'gamma': 0.3965696509801671, 'sigma_update': 0.3689671067785513, 'eta_learning': 1.443058093626042, 'sigma_boundary': 4.031407520051138, 'alpha': 0.5287614848788758}. Best is trial 188 with value: 0.008495315445360922.
[I 2026-03-04 17:55:15,761] Trial 196 finished with value: 0.011499693067497468 and parameters: {'sigma_noise': 0.2360019198084129, 'A_repulsion': 0.11800630986192023, 'gamma': 0.8468979458977804, 'sigma_update': 0.5778788012694908, 'eta_learning': 0.44071571842074275, 'sigma_boundary': 5.37949508794116, 'alpha': 0.7894639959177688}. Best is trial 188 with value: 0.008495315445360922.
[I 2026-03-04 17:55:16,041] Trial 197 finished with value: 0.021104560728226304 and parameters: {'sigma_noise': 0.23100917559937661, 'A_repulsion': 0.07295832282141572, 'gamma': 0.9352746697755737, 'sigma_update': 0.4608881444411038, 'eta_learning': 0.9525076608427643, 'sigma_boundary': 4.676652376413889, 'alpha': 0.9973534843670097}. Best is trial 188 with value: 0.008495315445360922.
[I 2026-03-04 17:55:19,539] Trial 198 finished with value: 0.08596328779730153 and parameters: {'sigma_noise': 0.3393880634855327, 'A_repulsion': 0.07824576532864555, 'gamma': 0.8185010974164775, 'sigma_update': 0.641334718774657, 'eta_learning': 0.922859883698665, 'sigma_boundary': 2.8776063699885923, 'alpha': 0.728692607623354}. Best is trial 188 with value: 0.008495315445360922.
[I 2026-03-04 17:55:46,941] A new study created in memory with name: no-name-66532c42-63c6-499e-9bb5-7874c245cf4e
[I 2026-03-04 18:07:13,751] Trial 18 finished with value: 0.12869281322265233 and parameters: {'sigma_noise': 0.050460782797176584, 'A_repulsion': 0.16585446927295555, 'gamma': 0.18311872985529193, 'sigma_update': 0.43560464885398026, 'eta_learning': 2.1121879643145074, 'sigma_boundary': 1.1772444899893253, 'alpha': 0.6407228091760733}. Best is trial 18 with value: 0.12869281322265233.
[I 2026-03-04 18:08:25,702] Trial 0 finished with value: 0.1489534840387732 and parameters: {'sigma_noise': 0.05633872626339986, 'A_repulsion': 0.2553786161705999, 'gamma': 0.11207428343135481, 'sigma_update': 0.1853266910740324, 'eta_learning': 0.4705920428146033, 'sigma_boundary': 5.9299244672715306, 'alpha': 0.6814822719829934}. Best is trial 18 with value: 0.12869281322265233.
[I 2026-03-04 18:08:30,356] Trial 8 finished with value: 0.13936823200966472 and parameters: {'sigma_noise': 0.11138839523318658, 'A_repulsion': 0.13811626668730775, 'gamma': 0.151243443292893, 'sigma_update': 0.466795795767862, 'eta_learning': 1.4682781792484072, 'sigma_boundary': 7.395765443499555, 'alpha': 0.691404649789432}. Best is trial 18 with value: 0.12869281322265233.
[I 2026-03-04 18:09:01,006] Trial 23 finished with value: 0.08226390463312888 and parameters: {'sigma_noise': 0.18039511467677616, 'A_repulsion': 0.018438410326734378, 'gamma': 0.1494469674210636, 'sigma_update': 0.2036765096528806, 'eta_learning': 2.5817251078463777, 'sigma_boundary': 4.132359291957464, 'alpha': 0.4241461782311525}. Best is trial 23 with value: 0.08226390463312888.
[I 2026-03-04 18:09:33,534] Trial 22 finished with value: 0.20070890469553582 and parameters: {'sigma_noise': 0.05212311956574674, 'A_repulsion': 0.46934448131635587, 'gamma': 0.8026076470682749, 'sigma_update': 0.5258995268179393, 'eta_learning': 1.6404439577555363, 'sigma_boundary': 0.683381647100621, 'alpha': 0.9063774449681217}. Best is trial 23 with value: 0.08226390463312888.
[I 2026-03-04 18:09:47,962] Trial 1 finished with value: 0.050742290912483196 and parameters: {'sigma_noise': 0.22537332011153344, 'A_repulsion': 0.03680798349355868, 'gamma': 0.8793129106210135, 'sigma_update': 0.24312642450658548, 'eta_learning': 2.214326440183135, 'sigma_boundary': 4.693001277152048, 'alpha': 0.9806461473906207}. Best is trial 1 with value: 0.050742290912483196.
[I 2026-03-04 18:09:59,533] Trial 13 finished with value: 0.25029949266508655 and parameters: {'sigma_noise': 0.18530688278666468, 'A_repulsion': 0.14881747072302753, 'gamma': 0.41084663664366083, 'sigma_update': 0.5006712666823724, 'eta_learning': 0.9670320396384986, 'sigma_boundary': 9.596415574562817, 'alpha': 0.5002007761820115}. Best is trial 1 with value: 0.050742290912483196.
[I 2026-03-04 18:10:30,460] Trial 11 finished with value: 1.8023772438826544 and parameters: {'sigma_noise': 0.14438923965814526, 'A_repulsion': 0.3094322209159844, 'gamma': 0.5140526929201095, 'sigma_update': 0.6504035860193469, 'eta_learning': 1.4517777365307807, 'sigma_boundary': 4.5666720982675315, 'alpha': 0.1231150100451206}. Best is trial 1 with value: 0.050742290912483196.
[I 2026-03-04 18:10:41,238] Trial 21 finished with value: 0.06019428169987494 and parameters: {'sigma_noise': 0.26115393795649194, 'A_repulsion': 0.09069638210568148, 'gamma': 0.4628293171697185, 'sigma_update': 0.19870389149212075, 'eta_learning': 1.4949700720967787, 'sigma_boundary': 1.1578672107380168, 'alpha': 0.4811223543677867}. Best is trial 1 with value: 0.050742290912483196.
[I 2026-03-04 18:11:11,373] Trial 17 finished with value: 0.48133886852967406 and parameters: {'sigma_noise': 0.17053496643668753, 'A_repulsion': 0.3283024777996259, 'gamma': 0.08182056385108818, 'sigma_update': 0.570228873244791, 'eta_learning': 1.019438926551369, 'sigma_boundary': 6.279210091116364, 'alpha': 0.45228246785179527}. Best is trial 1 with value: 0.050742290912483196.
[I 2026-03-04 18:11:18,092] Trial 16 finished with value: 0.13544491727342053 and parameters: {'sigma_noise': 0.3564724406197403, 'A_repulsion': 0.013484908146323582, 'gamma': 0.06644923482056486, 'sigma_update': 0.23548984851171403, 'eta_learning': 2.606805006673444, 'sigma_boundary': 2.153736350225936, 'alpha': 0.8232124521940558}. Best is trial 1 with value: 0.050742290912483196.
[I 2026-03-04 18:12:19,645] Trial 12 finished with value: 0.11235476373130145 and parameters: {'sigma_noise': 0.37532550023822353, 'A_repulsion': 0.07054022858369874, 'gamma': 0.6777774744164015, 'sigma_update': 0.27515877958246737, 'eta_learning': 0.6299671274905149, 'sigma_boundary': 3.114927999336402, 'alpha': 0.624615819444088}. Best is trial 1 with value: 0.050742290912483196.
[I 2026-03-04 18:12:21,833] Trial 6 finished with value: 1.1427677848071616 and parameters: {'sigma_noise': 0.21044755559357892, 'A_repulsion': 0.3143024916676595, 'gamma': 0.01826609871073459, 'sigma_update': 0.09135828301418383, 'eta_learning': 0.3407562963927206, 'sigma_boundary': 0.029120389329837272, 'alpha': 0.02853627396993086}. Best is trial 1 with value: 0.050742290912483196.
[I 2026-03-04 18:12:36,791] Trial 15 finished with value: 0.1614006108872046 and parameters: {'sigma_noise': 0.44430880518876953, 'A_repulsion': 0.03639344798294397, 'gamma': 0.5303247064547667, 'sigma_update': 0.3789222465216548, 'eta_learning': 0.07867740327763047, 'sigma_boundary': 4.228972325256065, 'alpha': 0.5505431359183197}. Best is trial 1 with value: 0.050742290912483196.
[I 2026-03-04 18:13:10,296] Trial 3 finished with value: 2.0834738334039455 and parameters: {'sigma_noise': 0.2696988970201338, 'A_repulsion': 0.3575062442596328, 'gamma': 0.8851989929612357, 'sigma_update': 0.17016937641723873, 'eta_learning': 2.569059846212129, 'sigma_boundary': 2.2273264073980545, 'alpha': 0.24408399857701313}. Best is trial 1 with value: 0.050742290912483196.
[I 2026-03-04 18:13:35,081] Trial 19 finished with value: 0.042139282856138854 and parameters: {'sigma_noise': 0.245941835211602, 'A_repulsion': 0.47236482815754594, 'gamma': 0.6924912712910241, 'sigma_update': 0.673418661894367, 'eta_learning': 0.48045556827780017, 'sigma_boundary': 0.25812779167146443, 'alpha': 0.684589010020368}. Best is trial 19 with value: 0.042139282856138854.
[I 2026-03-04 18:13:37,399] Trial 14 finished with value: 0.320782020147936 and parameters: {'sigma_noise': 0.420044975086655, 'A_repulsion': 0.19984136665281177, 'gamma': 0.6903708712476955, 'sigma_update': 0.4514315748570821, 'eta_learning': 2.973250285689192, 'sigma_boundary': 4.01429610829721, 'alpha': 0.5293857082293055}. Best is trial 19 with value: 0.042139282856138854.
[I 2026-03-04 18:13:55,114] Trial 10 finished with value: 0.20137841900429906 and parameters: {'sigma_noise': 0.35449014076884183, 'A_repulsion': 0.30943280586610994, 'gamma': 0.1319196481985913, 'sigma_update': 0.33938165864477693, 'eta_learning': 2.468263949523175, 'sigma_boundary': 2.8003027737869064, 'alpha': 0.4822236129701014}. Best is trial 19 with value: 0.042139282856138854.
[I 2026-03-04 18:14:08,935] Trial 7 finished with value: 0.1793482378150615 and parameters: {'sigma_noise': 0.43184438698258953, 'A_repulsion': 0.24910877425940792, 'gamma': 0.26878114414296134, 'sigma_update': 0.2791911066523358, 'eta_learning': 0.8576271350358002, 'sigma_boundary': 7.6611817674902145, 'alpha': 0.6712644186991765}. Best is trial 19 with value: 0.042139282856138854.
[I 2026-03-04 18:14:10,364] Trial 9 finished with value: 0.5236290695804124 and parameters: {'sigma_noise': 0.4320869761913735, 'A_repulsion': 0.24104487999401414, 'gamma': 0.3222760799594501, 'sigma_update': 0.6307381537821649, 'eta_learning': 2.076051023263924, 'sigma_boundary': 0.07727607011493605, 'alpha': 0.597892344648616}. Best is trial 19 with value: 0.042139282856138854.
[I 2026-03-04 18:14:20,366] Trial 4 finished with value: 0.3685973555819684 and parameters: {'sigma_noise': 0.30208086642181947, 'A_repulsion': 0.4947476055241213, 'gamma': 0.4774630591083429, 'sigma_update': 0.48787456371992705, 'eta_learning': 2.0198148024725744, 'sigma_boundary': 5.230424112228069, 'alpha': 0.5123075037274258}. Best is trial 19 with value: 0.042139282856138854.
[I 2026-03-04 18:14:20,981] Trial 5 finished with value: 2.319131044738487 and parameters: {'sigma_noise': 0.3309748393905943, 'A_repulsion': 0.4348430411595538, 'gamma': 0.9293492366108336, 'sigma_update': 0.36608203119345156, 'eta_learning': 1.4308646877366678, 'sigma_boundary': 8.352837581138031, 'alpha': 0.0523598442477301}. Best is trial 19 with value: 0.042139282856138854.
[I 2026-03-04 18:14:45,712] Trial 20 finished with value: 2.239203580150524 and parameters: {'sigma_noise': 0.3054764627810137, 'A_repulsion': 0.4615972133840122, 'gamma': 0.27246463778424096, 'sigma_update': 0.020501569919611738, 'eta_learning': 0.3866210123141873, 'sigma_boundary': 7.256171794779714, 'alpha': 0.055919789189881164}. Best is trial 19 with value: 0.042139282856138854.
[I 2026-03-04 18:14:54,536] Trial 2 finished with value: 0.5142194632058963 and parameters: {'sigma_noise': 0.3376528083607738, 'A_repulsion': 0.42654896148460963, 'gamma': 0.16282206700945737, 'sigma_update': 0.033832991933984424, 'eta_learning': 0.07114746514520079, 'sigma_boundary': 5.274026229842502, 'alpha': 0.6119986537753208}. Best is trial 19 with value: 0.042139282856138854.
[I 2026-03-04 18:23:41,566] Trial 24 finished with value: 0.43562693007518405 and parameters: {'sigma_noise': 0.2425336006184789, 'A_repulsion': 0.194340365369029, 'gamma': 0.7272529847517356, 'sigma_update': 0.36279873666203, 'eta_learning': 1.500335833512968, 'sigma_boundary': 5.554943244834428, 'alpha': 0.359978469940623}. Best is trial 19 with value: 0.042139282856138854.
