[I 2026-03-04 19:01:07,050] Trial 77 finished with value: 0.043135770247562974 and parameters: {'sigma_noise': 0.22261331610466645, 'A_repulsion': 0.29592030240442035, 'gamma': 0.7095260163219664, 'sigma_update': 0.2695822933538011, 'eta_learning': 1.8301396403379475, 'sigma_boundary': 5.879240825811405, 'alpha': 0.6022167915966438}. Best is trial 53 with value: 0.04182335131715387.
[I 2026-03-04 19:01:11,081] Trial 78 finished with value: 0.07381766136451966 and parameters: {'sigma_noise': 0.23234816158716315, 'A_repulsion': 0.2465422949428553, 'gamma': 0.6089390907137918, 'sigma_update': 0.4397464697129514, 'eta_learning': 1.3979456840377547, 'sigma_boundary': 6.37821149803485, 'alpha': 0.6498025505342122}. Best is trial 53 with value: 0.04182335131715387.
[I 2026-03-04 19:01:43,433] Trial 76 finished with value: 0.07329724774864814 and parameters: {'sigma_noise': 0.2992788661950034, 'A_repulsion': 0.2170465653862909, 'gamma': 0.602310100748673, 'sigma_update': 0.3082658943540783, 'eta_learning': 1.6511842847414553, 'sigma_boundary': 8.960315442641482, 'alpha': 0.6791043835018777}. Best is trial 53 with value: 0.04182335131715387.
[I 2026-03-04 19:02:48,996] Trial 87 finished with value: 0.06604658607544278 and parameters: {'sigma_noise': 0.2832769853944967, 'A_repulsion': 0.11736363338884903, 'gamma': 0.5687588161268565, 'sigma_update': 0.24059899364516324, 'eta_learning': 0.8419481292791601, 'sigma_boundary': 2.8984016841339044, 'alpha': 0.5972720362032136}. Best is trial 53 with value: 0.04182335131715387.
[I 2026-03-04 19:02:56,211] Trial 90 finished with value: 0.060020049479908584 and parameters: {'sigma_noise': 0.22486201612204199, 'A_repulsion': 0.1080514479045425, 'gamma': 0.3671765948132478, 'sigma_update': 0.26430935447187937, 'eta_learning': 2.4713841576926834, 'sigma_boundary': 3.0100498562133, 'alpha': 0.8432324981940557}. Best is trial 53 with value: 0.04182335131715387.
[I 2026-03-04 19:03:02,114] Trial 83 finished with value: 0.16759491221520698 and parameters: {'sigma_noise': 0.3393231445622164, 'A_repulsion': 0.15981349508193238, 'gamma': 0.4818581759742146, 'sigma_update': 0.32098387558248936, 'eta_learning': 1.437770901869674, 'sigma_boundary': 6.675427773671329, 'alpha': 0.5361734380081987}. Best is trial 53 with value: 0.04182335131715387.
[I 2026-03-04 19:03:21,777] Trial 81 finished with value: 0.47000058815482576 and parameters: {'sigma_noise': 0.4076929281894545, 'A_repulsion': 0.1816664889206489, 'gamma': 0.4456727584118921, 'sigma_update': 0.5302831172942244, 'eta_learning': 0.8141357571299933, 'sigma_boundary': 6.09765980054775, 'alpha': 0.576860018306582}. Best is trial 53 with value: 0.04182335131715387.
[I 2026-03-04 19:03:26,820] Trial 95 finished with value: 0.02669121107467251 and parameters: {'sigma_noise': 0.2237361258972736, 'A_repulsion': 0.09991649029593708, 'gamma': 0.9251254213968441, 'sigma_update': 0.5009201880041699, 'eta_learning': 1.3738831031450636, 'sigma_boundary': 5.610267147459466, 'alpha': 0.7404515097576204}. Best is trial 95 with value: 0.02669121107467251.
[I 2026-03-04 19:03:46,914] Trial 85 finished with value: 0.07092085462273072 and parameters: {'sigma_noise': 0.27239694749662363, 'A_repulsion': 0.390155311725937, 'gamma': 0.5530274482877666, 'sigma_update': 0.3055964172437163, 'eta_learning': 1.0115210017783398, 'sigma_boundary': 4.613129684178841, 'alpha': 0.7031146907097163}. Best is trial 95 with value: 0.02669121107467251.
[I 2026-03-04 19:04:11,861] Trial 86 finished with value: 0.26507122171284303 and parameters: {'sigma_noise': 0.25688093289293285, 'A_repulsion': 0.33123931864305134, 'gamma': 0.5025988754015975, 'sigma_update': 0.3662225523066751, 'eta_learning': 1.4308875439001552, 'sigma_boundary': 6.683044717101777, 'alpha': 0.44050787893668475}. Best is trial 95 with value: 0.02669121107467251.
[I 2026-03-04 19:04:21,727] Trial 89 finished with value: 0.2718492284056883 and parameters: {'sigma_noise': 0.34797486547524814, 'A_repulsion': 0.1002788958690428, 'gamma': 0.5525056350012405, 'sigma_update': 0.670389765065638, 'eta_learning': 1.354319057722747, 'sigma_boundary': 3.9210424460079865, 'alpha': 0.7552534586242747}. Best is trial 95 with value: 0.02669121107467251.
[I 2026-03-04 19:05:20,063] Trial 92 finished with value: 0.06236586991616309 and parameters: {'sigma_noise': 0.30739476908051755, 'A_repulsion': 0.16711304782863604, 'gamma': 0.654409786396712, 'sigma_update': 0.5278567433154449, 'eta_learning': 1.257803402143534, 'sigma_boundary': 5.250619855070601, 'alpha': 0.871786066772002}. Best is trial 95 with value: 0.02669121107467251.
[I 2026-03-04 19:05:25,640] Trial 93 finished with value: 0.06896841570749873 and parameters: {'sigma_noise': 0.23452960299640419, 'A_repulsion': 0.2760418386877008, 'gamma': 0.49852079802627297, 'sigma_update': 0.47071826681231044, 'eta_learning': 1.8882277205436466, 'sigma_boundary': 4.99147451108504, 'alpha': 0.8848263294190922}. Best is trial 95 with value: 0.02669121107467251.
[I 2026-03-04 19:06:44,286] Trial 91 finished with value: 0.3628079063377064 and parameters: {'sigma_noise': 0.35547526298224774, 'A_repulsion': 0.2657111919890305, 'gamma': 0.5425010651058199, 'sigma_update': 0.46939802867245467, 'eta_learning': 1.428256512982818, 'sigma_boundary': 5.036969136735876, 'alpha': 0.5265283975049978}. Best is trial 95 with value: 0.02669121107467251.
[I 2026-03-04 19:09:43,018] Trial 97 finished with value: 0.09574521771329472 and parameters: {'sigma_noise': 0.07685993466987913, 'A_repulsion': 0.025625143204497602, 'gamma': 0.5894153300065205, 'sigma_update': 0.4055704757836343, 'eta_learning': 0.6993894479459748, 'sigma_boundary': 5.43709195277774, 'alpha': 0.4937426501567609}. Best is trial 95 with value: 0.02669121107467251.
[I 2026-03-04 19:09:43,713] Trial 96 finished with value: 0.11458645853291474 and parameters: {'sigma_noise': 0.14264161452116236, 'A_repulsion': 0.03681731083807378, 'gamma': 0.635936075757301, 'sigma_update': 0.38034622111584004, 'eta_learning': 2.078835957172719, 'sigma_boundary': 3.5871021317767635, 'alpha': 0.4777561112368687}. Best is trial 95 with value: 0.02669121107467251.
[I 2026-03-04 19:13:50,170] Trial 98 finished with value: 0.07670741772198067 and parameters: {'sigma_noise': 0.23952380482263153, 'A_repulsion': 0.0980199417564724, 'gamma': 0.357819477458509, 'sigma_update': 0.35678658129737, 'eta_learning': 1.5302244822720192, 'sigma_boundary': 3.8301241622069004, 'alpha': 0.7913502080991789}. Best is trial 95 with value: 0.02669121107467251.
[I 2026-03-04 19:14:25,813] Trial 99 finished with value: 0.08775466456197425 and parameters: {'sigma_noise': 0.1239907570008533, 'A_repulsion': 0.2643682735395263, 'gamma': 0.4608495770358384, 'sigma_update': 0.21824442354360937, 'eta_learning': 1.5378762193656965, 'sigma_boundary': 4.341090446853042, 'alpha': 0.7537053282145657}. Best is trial 95 with value: 0.02669121107467251.
[I 2026-03-04 19:14:34,798] Trial 101 finished with value: 0.034951554066982485 and parameters: {'sigma_noise': 0.2025033473392049, 'A_repulsion': 0.12551834119817468, 'gamma': 0.7325911437171467, 'sigma_update': 0.3503448486217975, 'eta_learning': 1.5503331179223694, 'sigma_boundary': 2.101021562679724, 'alpha': 0.708426574503877}. Best is trial 95 with value: 0.02669121107467251.
[I 2026-03-04 19:14:50,501] Trial 106 finished with value: 0.07734045924163747 and parameters: {'sigma_noise': 0.10324674831835788, 'A_repulsion': 0.08658734319799397, 'gamma': 0.8482376682364497, 'sigma_update': 0.38203716444505104, 'eta_learning': 1.207494396433802, 'sigma_boundary': 6.362677742334434, 'alpha': 0.6716447323383872}. Best is trial 95 with value: 0.02669121107467251.
[I 2026-03-04 19:15:27,497] Trial 102 finished with value: 0.07464561145037263 and parameters: {'sigma_noise': 0.24789065526704757, 'A_repulsion': 0.030851182170555075, 'gamma': 0.752236605635949, 'sigma_update': 0.4739352523317058, 'eta_learning': 1.498330682656077, 'sigma_boundary': 4.096552220009853, 'alpha': 0.6034116666060275}. Best is trial 95 with value: 0.02669121107467251.
[I 2026-03-04 19:15:42,368] Trial 103 finished with value: 0.08866247983389153 and parameters: {'sigma_noise': 0.10216510338092755, 'A_repulsion': 0.38342275717794966, 'gamma': 0.7622297444889204, 'sigma_update': 0.4182325012727879, 'eta_learning': 2.044894363098558, 'sigma_boundary': 6.354495716168541, 'alpha': 0.7335797196517493}. Best is trial 95 with value: 0.02669121107467251.
[I 2026-03-04 19:15:56,356] Trial 104 finished with value: 0.17355410818784334 and parameters: {'sigma_noise': 0.1729132169109553, 'A_repulsion': 0.1300109209543765, 'gamma': 0.24037773162536333, 'sigma_update': 0.38108479762718167, 'eta_learning': 1.2590814863649242, 'sigma_boundary': 6.066529267507946, 'alpha': 0.4759826807838351}. Best is trial 95 with value: 0.02669121107467251.
[I 2026-03-04 19:16:04,378] Trial 100 finished with value: 0.05742058940227593 and parameters: {'sigma_noise': 0.2743865988959712, 'A_repulsion': 0.1436842939616449, 'gamma': 0.6617252423753864, 'sigma_update': 0.2549535281504263, 'eta_learning': 1.1132460780687972, 'sigma_boundary': 0.06834122236272966, 'alpha': 0.3094410363530327}. Best is trial 95 with value: 0.02669121107467251.
[I 2026-03-04 19:16:33,904] Trial 108 finished with value: 0.05998015365788191 and parameters: {'sigma_noise': 0.22720596002367616, 'A_repulsion': 0.036485902734090914, 'gamma': 0.5389197565580871, 'sigma_update': 0.45559874441495407, 'eta_learning': 1.0354754450395565, 'sigma_boundary': 3.037141022365764, 'alpha': 0.8391475713544826}. Best is trial 95 with value: 0.02669121107467251.
[I 2026-03-04 19:16:43,700] Trial 107 finished with value: 0.0524689115450968 and parameters: {'sigma_noise': 0.20737866878269012, 'A_repulsion': 0.0747594040894055, 'gamma': 0.5163343009864444, 'sigma_update': 0.4104213061660575, 'eta_learning': 0.9551902862656333, 'sigma_boundary': 3.8908607791343597, 'alpha': 0.8187663414091397}. Best is trial 95 with value: 0.02669121107467251.
[I 2026-03-04 19:16:50,628] Trial 105 finished with value: 0.06279909873398282 and parameters: {'sigma_noise': 0.19045313185501517, 'A_repulsion': 0.21212782834716654, 'gamma': 0.3829188565042651, 'sigma_update': 0.30080498565379843, 'eta_learning': 1.2533732662326775, 'sigma_boundary': 3.618250181207621, 'alpha': 0.6976261001334896}. Best is trial 95 with value: 0.02669121107467251.
[I 2026-03-04 19:17:43,417] Trial 109 finished with value: 0.04445629101206208 and parameters: {'sigma_noise': 0.20446325872762738, 'A_repulsion': 0.04696662856303843, 'gamma': 0.5115583940038524, 'sigma_update': 0.1866532966646812, 'eta_learning': 1.8903913377986652, 'sigma_boundary': 4.245373108982535, 'alpha': 0.7471984477720245}. Best is trial 95 with value: 0.02669121107467251.
[I 2026-03-04 19:18:54,341] Trial 112 finished with value: 0.06905287889306265 and parameters: {'sigma_noise': 0.2095650642674191, 'A_repulsion': 0.1047073936345681, 'gamma': 0.4226366978929451, 'sigma_update': 0.3935832438055152, 'eta_learning': 1.1754585184623931, 'sigma_boundary': 3.7703594652401904, 'alpha': 0.784825719750448}. Best is trial 95 with value: 0.02669121107467251.
[I 2026-03-04 19:19:18,044] Trial 115 finished with value: 0.04634931277482454 and parameters: {'sigma_noise': 0.20791467415520432, 'A_repulsion': 0.08200417868589746, 'gamma': 0.5619176673284223, 'sigma_update': 0.34118169268598925, 'eta_learning': 1.5148751650789944, 'sigma_boundary': 4.0949745032584035, 'alpha': 0.9362756522217897}. Best is trial 95 with value: 0.02669121107467251.
[I 2026-03-04 19:19:30,209] Trial 110 finished with value: 0.10787699976864505 and parameters: {'sigma_noise': 0.25153857088769876, 'A_repulsion': 0.1166114358911709, 'gamma': 0.5821050872100441, 'sigma_update': 0.5457646971477063, 'eta_learning': 1.416280420136652, 'sigma_boundary': 3.29222381053357, 'alpha': 0.718698519758063}. Best is trial 95 with value: 0.02669121107467251.
[I 2026-03-04 19:19:41,660] Trial 116 finished with value: 0.13179713318483563 and parameters: {'sigma_noise': 0.21709162524881787, 'A_repulsion': 0.03840177022095541, 'gamma': 0.4072984574163954, 'sigma_update': 0.39594863853989787, 'eta_learning': 1.827587804984288, 'sigma_boundary': 6.234906290632259, 'alpha': 0.5814362449020584}. Best is trial 95 with value: 0.02669121107467251.
[I 2026-03-04 19:19:42,522] Trial 114 finished with value: 0.21212163695717318 and parameters: {'sigma_noise': 0.28344785289215085, 'A_repulsion': 0.013208645020133247, 'gamma': 0.6959238586134943, 'sigma_update': 0.5491345892021906, 'eta_learning': 1.80068035874841, 'sigma_boundary': 6.693305596398669, 'alpha': 0.5178937765318544}. Best is trial 95 with value: 0.02669121107467251.
[I 2026-03-04 19:20:29,217] Trial 118 finished with value: 0.060929078346058194 and parameters: {'sigma_noise': 0.13311447929173403, 'A_repulsion': 0.1733889483585674, 'gamma': 0.6804094923663124, 'sigma_update': 0.4555929439553075, 'eta_learning': 0.9892147529977935, 'sigma_boundary': 5.404382050118617, 'alpha': 0.6338720061035291}. Best is trial 95 with value: 0.02669121107467251.
[I 2026-03-04 19:22:01,295] Trial 117 finished with value: 0.053066437917223014 and parameters: {'sigma_noise': 0.22330128696198354, 'A_repulsion': 0.18309537841331863, 'gamma': 0.55852908567747, 'sigma_update': 0.3865484521251597, 'eta_learning': 1.3568786781741644, 'sigma_boundary': 4.6643881578529465, 'alpha': 0.7222238838692802}. Best is trial 95 with value: 0.02669121107467251.
[I 2026-03-04 19:22:07,027] Trial 113 finished with value: 0.16818762376908544 and parameters: {'sigma_noise': 0.34610351635792796, 'A_repulsion': 0.1774067045797354, 'gamma': 0.570887853920578, 'sigma_update': 0.4037164859841594, 'eta_learning': 1.2577726368639053, 'sigma_boundary': 9.049618852940252, 'alpha': 0.607661493743225}. Best is trial 95 with value: 0.02669121107467251.
[I 2026-03-04 19:22:12,200] Trial 111 finished with value: 0.33429181708513755 and parameters: {'sigma_noise': 0.27840844141476095, 'A_repulsion': 0.24841826325591831, 'gamma': 0.5456922683360562, 'sigma_update': 0.6586590583316334, 'eta_learning': 1.7804257832285217, 'sigma_boundary': 3.4591654393924456, 'alpha': 0.6186295441355784}. Best is trial 95 with value: 0.02669121107467251.
[I 2026-03-04 19:22:37,562] Trial 119 finished with value: 0.11155973248331919 and parameters: {'sigma_noise': 0.2338463243745646, 'A_repulsion': 0.12264805143984511, 'gamma': 0.5781587920824767, 'sigma_update': 0.4299016489261874, 'eta_learning': 2.0544844648744935, 'sigma_boundary': 6.819322416697445, 'alpha': 0.618056118188081}. Best is trial 95 with value: 0.02669121107467251.
[I 2026-03-04 19:24:09,690] Trial 121 finished with value: 0.056917415237756716 and parameters: {'sigma_noise': 0.12564941711672434, 'A_repulsion': 0.1251101959284247, 'gamma': 0.6352036892524259, 'sigma_update': 0.25217242074719565, 'eta_learning': 1.7974200311866901, 'sigma_boundary': 5.335576934710703, 'alpha': 0.6038528086745232}. Best is trial 95 with value: 0.02669121107467251.
[I 2026-03-04 19:26:37,137] Trial 120 finished with value: 0.061187702381256044 and parameters: {'sigma_noise': 0.25519660689640283, 'A_repulsion': 0.1490889588058174, 'gamma': 0.9094738032183756, 'sigma_update': 0.31530712309271786, 'eta_learning': 1.7329447698665932, 'sigma_boundary': 3.066385633158873, 'alpha': 0.9777193648849768}. Best is trial 95 with value: 0.02669121107467251.
[I 2026-03-04 19:28:36,514] Trial 122 finished with value: 0.04581233354713252 and parameters: {'sigma_noise': 0.1996778419501083, 'A_repulsion': 0.07999494863129279, 'gamma': 0.7937368801747101, 'sigma_update': 0.1950416737635842, 'eta_learning': 1.9685659124340036, 'sigma_boundary': 4.754849364930083, 'alpha': 0.8739767696372597}. Best is trial 95 with value: 0.02669121107467251.
[I 2026-03-04 19:30:08,648] Trial 127 finished with value: 0.045677170903103526 and parameters: {'sigma_noise': 0.155527449009222, 'A_repulsion': 0.07210837559572864, 'gamma': 0.707135893079198, 'sigma_update': 0.4781766313572865, 'eta_learning': 1.9363714000130898, 'sigma_boundary': 5.96410118821725, 'alpha': 0.906845849851931}. Best is trial 95 with value: 0.02669121107467251.
[I 2026-03-04 19:30:18,941] Trial 129 finished with value: 0.03891114114904109 and parameters: {'sigma_noise': 0.2184767168018521, 'A_repulsion': 0.01818622492262427, 'gamma': 0.897108562670487, 'sigma_update': 0.509976598953641, 'eta_learning': 1.746575433254597, 'sigma_boundary': 6.2791244102528445, 'alpha': 0.9422905940797991}. Best is trial 95 with value: 0.02669121107467251.
[I 2026-03-04 19:31:18,041] Trial 128 finished with value: 0.06542202280978351 and parameters: {'sigma_noise': 0.22308194628719252, 'A_repulsion': 0.0712829366732137, 'gamma': 0.6384893831309151, 'sigma_update': 0.5506713374307957, 'eta_learning': 1.060349004971126, 'sigma_boundary': 4.068250369972975, 'alpha': 0.7276154324437487}. Best is trial 95 with value: 0.02669121107467251.
[I 2026-03-04 19:31:31,895] Trial 126 finished with value: 0.07304866175596107 and parameters: {'sigma_noise': 0.27431068549616605, 'A_repulsion': 0.0759843660732908, 'gamma': 0.5456903522910184, 'sigma_update': 0.33965326129872114, 'eta_learning': 1.6743131777913647, 'sigma_boundary': 4.30921104070105, 'alpha': 0.6575591693000001}. Best is trial 95 with value: 0.02669121107467251.
[I 2026-03-04 19:32:20,426] Trial 133 finished with value: 0.047136299925419914 and parameters: {'sigma_noise': 0.17046330528426967, 'A_repulsion': 0.05985163202415533, 'gamma': 0.8026089666509476, 'sigma_update': 0.3810046681402128, 'eta_learning': 1.6927110256014064, 'sigma_boundary': 2.8337432500701176, 'alpha': 0.6113816879495659}. Best is trial 95 with value: 0.02669121107467251.
[I 2026-03-04 19:32:25,235] Trial 130 finished with value: 0.030760611755169122 and parameters: {'sigma_noise': 0.22380039944922786, 'A_repulsion': 0.15556183624759878, 'gamma': 0.8774931920902778, 'sigma_update': 0.3466973940246518, 'eta_learning': 2.303848130335586, 'sigma_boundary': 6.249807040098573, 'alpha': 0.7233457100486612}. Best is trial 95 with value: 0.02669121107467251.
[I 2026-03-04 19:32:44,465] Trial 124 finished with value: 0.04144799352480327 and parameters: {'sigma_noise': 0.3019091284943785, 'A_repulsion': 0.15102969508284314, 'gamma': 0.8083379630824182, 'sigma_update': 0.47622528852361806, 'eta_learning': 1.0397766407071647, 'sigma_boundary': 3.0467686552057764, 'alpha': 0.8724201310860943}. Best is trial 95 with value: 0.02669121107467251.
[I 2026-03-04 19:32:49,846] Trial 123 finished with value: 0.07093136346469786 and parameters: {'sigma_noise': 0.24060826574418026, 'A_repulsion': 0.2779143436227298, 'gamma': 0.775585861208163, 'sigma_update': 0.41746726821549274, 'eta_learning': 2.322772451799344, 'sigma_boundary': 4.984294422518561, 'alpha': 0.5465133866299848}. Best is trial 95 with value: 0.02669121107467251.
[I 2026-03-04 19:33:05,296] Trial 131 finished with value: 0.050547601268597774 and parameters: {'sigma_noise': 0.2573187964277765, 'A_repulsion': 0.12319938680951745, 'gamma': 0.6418249020244295, 'sigma_update': 0.36209100265651045, 'eta_learning': 1.191029737704457, 'sigma_boundary': 2.0658272064907326, 'alpha': 0.9614498153246047}. Best is trial 95 with value: 0.02669121107467251.
[I 2026-03-04 19:33:08,062] Trial 125 finished with value: 0.06317960959444915 and parameters: {'sigma_noise': 0.31925479814503277, 'A_repulsion': 0.15120849310004963, 'gamma': 0.7967331917257927, 'sigma_update': 0.27783629207861854, 'eta_learning': 1.6923631332665892, 'sigma_boundary': 1.5492154057851484, 'alpha': 0.9667583531928069}. Best is trial 95 with value: 0.02669121107467251.
[I 2026-03-04 19:34:32,716] Trial 137 finished with value: 0.043910304384931105 and parameters: {'sigma_noise': 0.18392477175167538, 'A_repulsion': 0.08470327378841953, 'gamma': 0.7950012903980375, 'sigma_update': 0.23080503320403187, 'eta_learning': 1.7463417695320202, 'sigma_boundary': 4.551525836998909, 'alpha': 0.8271001529939842}. Best is trial 95 with value: 0.02669121107467251.
[I 2026-03-04 19:34:56,150] Trial 134 finished with value: 0.03642746987192888 and parameters: {'sigma_noise': 0.23776698767306997, 'A_repulsion': 0.11389531415024366, 'gamma': 0.8371396659663147, 'sigma_update': 0.3278694564487608, 'eta_learning': 2.4348121359591905, 'sigma_boundary': 3.957400839499379, 'alpha': 0.8022977651088156}. Best is trial 95 with value: 0.02669121107467251.
[I 2026-03-04 19:35:03,873] Trial 132 finished with value: 0.05891558295087386 and parameters: {'sigma_noise': 0.27666675541368846, 'A_repulsion': 0.21049656416675933, 'gamma': 0.5577962071220143, 'sigma_update': 0.39113747327648773, 'eta_learning': 1.793833131390738, 'sigma_boundary': 4.696511198103189, 'alpha': 0.8800415675189158}. Best is trial 95 with value: 0.02669121107467251.
[I 2026-03-04 19:35:25,727] Trial 135 finished with value: 0.034703802959356364 and parameters: {'sigma_noise': 0.24852245716359173, 'A_repulsion': 0.10917821117493776, 'gamma': 0.7979905700814689, 'sigma_update': 0.4019913109542683, 'eta_learning': 1.054613092858405, 'sigma_boundary': 6.174891980319811, 'alpha': 0.8542179762681419}. Best is trial 95 with value: 0.02669121107467251.
[I 2026-03-04 19:35:26,034] Trial 139 finished with value: 0.04250369147013435 and parameters: {'sigma_noise': 0.22390284893990725, 'A_repulsion': 0.013742913196356649, 'gamma': 0.7863060140387061, 'sigma_update': 0.37672689973505397, 'eta_learning': 1.3241346491151305, 'sigma_boundary': 4.235749989800725, 'alpha': 0.6323007122515109}. Best is trial 95 with value: 0.02669121107467251.
[I 2026-03-04 19:36:51,415] Trial 140 finished with value: 0.05587089013083945 and parameters: {'sigma_noise': 0.15201343382366755, 'A_repulsion': 0.1731489852604906, 'gamma': 0.6299409573203905, 'sigma_update': 0.2695899353136571, 'eta_learning': 1.4657243052227085, 'sigma_boundary': 4.810919987766404, 'alpha': 0.8196922269492084}. Best is trial 95 with value: 0.02669121107467251.
