[I 2026-03-04 19:37:29,166] Trial 136 finished with value: 0.05566818041951061 and parameters: {'sigma_noise': 0.3082885237401242, 'A_repulsion': 0.1393787834424311, 'gamma': 0.728044461257268, 'sigma_update': 0.3422062101148806, 'eta_learning': 1.3543954555227555, 'sigma_boundary': 3.9138339287866617, 'alpha': 0.9593596178774005}. Best is trial 95 with value: 0.02669121107467251.
[I 2026-03-04 19:37:30,768] Trial 141 finished with value: 0.05025404804111251 and parameters: {'sigma_noise': 0.14522567635520414, 'A_repulsion': 0.1951096985440587, 'gamma': 0.710449823864878, 'sigma_update': 0.41517322606501167, 'eta_learning': 2.1171015558337487, 'sigma_boundary': 4.858326927476374, 'alpha': 0.7735480600752239}. Best is trial 95 with value: 0.02669121107467251.
[I 2026-03-04 19:37:57,608] Trial 142 finished with value: 0.030337556331340124 and parameters: {'sigma_noise': 0.21157181507381434, 'A_repulsion': 0.14158356254409238, 'gamma': 0.9270065678860034, 'sigma_update': 0.35213159841398967, 'eta_learning': 1.0636985314547684, 'sigma_boundary': 3.307428371695567, 'alpha': 0.6773851642008625}. Best is trial 95 with value: 0.02669121107467251.
[I 2026-03-04 19:38:14,803] Trial 138 finished with value: 0.08244872025575459 and parameters: {'sigma_noise': 0.3062705638610555, 'A_repulsion': 0.22186110283720473, 'gamma': 0.7891515407412867, 'sigma_update': 0.20577642057933396, 'eta_learning': 1.3758706287776656, 'sigma_boundary': 3.1141467273315193, 'alpha': 0.9269944833542707}. Best is trial 95 with value: 0.02669121107467251.
[I 2026-03-04 19:38:28,875] Trial 143 finished with value: 0.044268119212237625 and parameters: {'sigma_noise': 0.21481729904962538, 'A_repulsion': 0.1436029449484324, 'gamma': 0.5773711632356718, 'sigma_update': 0.4261353964702373, 'eta_learning': 1.6839702776077827, 'sigma_boundary': 6.181544255478361, 'alpha': 0.8193349297960776}. Best is trial 95 with value: 0.02669121107467251.
[I 2026-03-04 19:39:01,735] Trial 144 finished with value: 0.05718552536346823 and parameters: {'sigma_noise': 0.13655990625295072, 'A_repulsion': 0.11025398112847005, 'gamma': 0.6321467687276074, 'sigma_update': 0.38833528404434703, 'eta_learning': 2.2630369827033188, 'sigma_boundary': 5.159147426756027, 'alpha': 0.9775093266038332}. Best is trial 95 with value: 0.02669121107467251.
[I 2026-03-04 19:40:27,818] Trial 145 finished with value: 0.0954418673410318 and parameters: {'sigma_noise': 0.16325767037019617, 'A_repulsion': 0.08591272498593869, 'gamma': 0.8412756163691215, 'sigma_update': 0.44227084885090384, 'eta_learning': 2.2411851702682304, 'sigma_boundary': 4.246243364180777, 'alpha': 0.5077241548838749}. Best is trial 95 with value: 0.02669121107467251.
[I 2026-03-04 19:43:18,243] Trial 146 finished with value: 0.030112922385486733 and parameters: {'sigma_noise': 0.20064540787652402, 'A_repulsion': 0.07916079900005603, 'gamma': 0.8252108330583805, 'sigma_update': 0.49708636299522174, 'eta_learning': 2.147767326056358, 'sigma_boundary': 3.9923671866053922, 'alpha': 0.8034445576328872}. Best is trial 95 with value: 0.02669121107467251.
[I 2026-03-04 19:46:08,861] Trial 147 finished with value: 0.033494791958432316 and parameters: {'sigma_noise': 0.2055620514842446, 'A_repulsion': 0.16199396990657502, 'gamma': 0.7512413970783396, 'sigma_update': 0.4958591870442701, 'eta_learning': 2.4790103883967918, 'sigma_boundary': 4.895078213298966, 'alpha': 0.7895153711074226}. Best is trial 95 with value: 0.02669121107467251.
[I 2026-03-04 19:46:16,817] Trial 150 finished with value: 0.06673513275415102 and parameters: {'sigma_noise': 0.2151502778220053, 'A_repulsion': 0.017729421592142997, 'gamma': 0.4432414340222127, 'sigma_update': 0.4114246034368703, 'eta_learning': 1.9700148709465812, 'sigma_boundary': 4.624000968821091, 'alpha': 0.8355301577558878}. Best is trial 95 with value: 0.02669121107467251.
[I 2026-03-04 19:47:31,068] Trial 149 finished with value: 0.02684873112187958 and parameters: {'sigma_noise': 0.2230635629918048, 'A_repulsion': 0.15016384562732088, 'gamma': 0.8283434559345043, 'sigma_update': 0.5999091943488953, 'eta_learning': 2.098840934580375, 'sigma_boundary': 7.911246731586329, 'alpha': 0.8362838927067283}. Best is trial 95 with value: 0.02669121107467251.
[I 2026-03-04 19:47:40,680] Trial 148 finished with value: 0.07795536727954701 and parameters: {'sigma_noise': 0.24971593306668588, 'A_repulsion': 0.19302660056365206, 'gamma': 0.4052338605505952, 'sigma_update': 0.4058027193926814, 'eta_learning': 1.945682064939675, 'sigma_boundary': 3.2886851744408454, 'alpha': 0.9077226877960366}. Best is trial 95 with value: 0.02669121107467251.
[I 2026-03-04 19:47:47,563] Trial 153 finished with value: 0.0311547460386269 and parameters: {'sigma_noise': 0.19728481463028485, 'A_repulsion': 0.09547411397263318, 'gamma': 0.9244491609734594, 'sigma_update': 0.4485525534231007, 'eta_learning': 1.2715155213924585, 'sigma_boundary': 7.445810160033859, 'alpha': 0.7293364638630055}. Best is trial 95 with value: 0.02669121107467251.
[I 2026-03-04 19:48:12,088] Trial 155 finished with value: 0.04908568898906496 and parameters: {'sigma_noise': 0.199125372038773, 'A_repulsion': 0.12647487004909688, 'gamma': 0.5999135540765475, 'sigma_update': 0.42377243526694175, 'eta_learning': 1.207447922231591, 'sigma_boundary': 6.410068047574357, 'alpha': 0.738198090659812}. Best is trial 95 with value: 0.02669121107467251.
[I 2026-03-04 19:49:04,064] Trial 157 finished with value: 0.07876240364641268 and parameters: {'sigma_noise': 0.24102469330958248, 'A_repulsion': 0.004903328330482987, 'gamma': 0.5787096632176222, 'sigma_update': 0.5630596799668783, 'eta_learning': 1.2323023014860766, 'sigma_boundary': 5.239013654595721, 'alpha': 0.7952135323921783}. Best is trial 95 with value: 0.02669121107467251.
[I 2026-03-04 19:49:34,807] Trial 151 finished with value: 0.028493189385156013 and parameters: {'sigma_noise': 0.26287904054463124, 'A_repulsion': 0.16725730972733838, 'gamma': 0.828107029591822, 'sigma_update': 0.5769749715694406, 'eta_learning': 2.176938592202233, 'sigma_boundary': 6.317728551546131, 'alpha': 0.8239428184792179}. Best is trial 95 with value: 0.02669121107467251.
[I 2026-03-04 19:49:36,214] Trial 152 finished with value: 0.04290768529840143 and parameters: {'sigma_noise': 0.27441994332362396, 'A_repulsion': 0.15434513091773217, 'gamma': 0.8357753225524571, 'sigma_update': 0.38382129690378763, 'eta_learning': 2.2249707281049993, 'sigma_boundary': 5.164378723121534, 'alpha': 0.8727253821670832}. Best is trial 95 with value: 0.02669121107467251.
[I 2026-03-04 19:50:23,212] Trial 154 finished with value: 0.037987517670992565 and parameters: {'sigma_noise': 0.3007531372201838, 'A_repulsion': 0.13417316081577604, 'gamma': 0.7610856349757168, 'sigma_update': 0.6093414734642673, 'eta_learning': 1.212692832030134, 'sigma_boundary': 5.585673196255058, 'alpha': 0.8863049514100706}. Best is trial 95 with value: 0.02669121107467251.
[I 2026-03-04 19:50:46,891] Trial 158 finished with value: 0.12579648890435807 and parameters: {'sigma_noise': 0.18818750580957144, 'A_repulsion': 0.142704849369866, 'gamma': 0.6533500857606221, 'sigma_update': 0.05582553076856578, 'eta_learning': 1.8919210466047025, 'sigma_boundary': 3.8084003722458553, 'alpha': 0.7243919442941643}. Best is trial 95 with value: 0.02669121107467251.
[I 2026-03-04 19:50:48,945] Trial 156 finished with value: 0.05392787446564292 and parameters: {'sigma_noise': 0.2646033247817623, 'A_repulsion': 0.19768005373630435, 'gamma': 0.6600298348906172, 'sigma_update': 0.35930817574479523, 'eta_learning': 1.2421721357998339, 'sigma_boundary': 6.743523343584454, 'alpha': 0.6894137199792384}. Best is trial 95 with value: 0.02669121107467251.
[I 2026-03-04 19:50:52,025] Trial 161 finished with value: 0.0671689487875923 and parameters: {'sigma_noise': 0.23427774105846905, 'A_repulsion': 0.07360144479059877, 'gamma': 0.5729834113600988, 'sigma_update': 0.5133142572151023, 'eta_learning': 0.8747003506122167, 'sigma_boundary': 3.2425714262866125, 'alpha': 0.7888869681558529}. Best is trial 95 with value: 0.02669121107467251.
[I 2026-03-04 19:51:04,098] Trial 159 finished with value: 0.0596982815619987 and parameters: {'sigma_noise': 0.29001130422234106, 'A_repulsion': 0.06723848677015912, 'gamma': 0.6641387640675449, 'sigma_update': 0.346539752815529, 'eta_learning': 1.231159016881972, 'sigma_boundary': 2.7417022102775164, 'alpha': 0.7098933544471371}. Best is trial 95 with value: 0.02669121107467251.
[I 2026-03-04 19:51:18,145] Trial 160 finished with value: 0.04497842862316016 and parameters: {'sigma_noise': 0.2022485720587741, 'A_repulsion': 0.17170016579767614, 'gamma': 0.8226329156639955, 'sigma_update': 0.4279785228383642, 'eta_learning': 1.2195956091143534, 'sigma_boundary': 3.3386610206513487, 'alpha': 0.8901882713209526}. Best is trial 95 with value: 0.02669121107467251.
[I 2026-03-04 19:53:18,877] Trial 163 finished with value: 0.04437657329080453 and parameters: {'sigma_noise': 0.2752997043082326, 'A_repulsion': 0.058773342496063675, 'gamma': 0.9366514931586206, 'sigma_update': 0.2864954458892932, 'eta_learning': 2.03967294923824, 'sigma_boundary': 4.7491245280466705, 'alpha': 0.8674724597242642}. Best is trial 95 with value: 0.02669121107467251.
[I 2026-03-04 19:53:57,568] Trial 162 finished with value: 0.04577003704032619 and parameters: {'sigma_noise': 0.3176353867028295, 'A_repulsion': 0.09031951144013067, 'gamma': 0.7763313698811595, 'sigma_update': 0.3866420923390835, 'eta_learning': 1.6061946263467322, 'sigma_boundary': 6.567116251619045, 'alpha': 0.8472443948073398}. Best is trial 95 with value: 0.02669121107467251.
[I 2026-03-04 19:54:10,489] Trial 165 finished with value: 0.04202866112324581 and parameters: {'sigma_noise': 0.2325849555325294, 'A_repulsion': 0.13136150297971103, 'gamma': 0.6257854963373083, 'sigma_update': 0.32945627931051374, 'eta_learning': 1.233633410538434, 'sigma_boundary': 2.831910387351214, 'alpha': 0.7857253898633845}. Best is trial 95 with value: 0.02669121107467251.
[I 2026-03-04 19:54:39,245] Trial 167 finished with value: 0.02998867640992895 and parameters: {'sigma_noise': 0.2676701440041171, 'A_repulsion': 0.10804180224937869, 'gamma': 0.9311251230785635, 'sigma_update': 0.3619345118136436, 'eta_learning': 2.3526262368029265, 'sigma_boundary': 5.0167857840874674, 'alpha': 0.6075100214467095}. Best is trial 95 with value: 0.02669121107467251.
[I 2026-03-04 19:55:09,397] Trial 169 finished with value: 0.035070475314672236 and parameters: {'sigma_noise': 0.22162381854696028, 'A_repulsion': 0.06100979052425924, 'gamma': 0.6785014745576085, 'sigma_update': 0.3435117971168839, 'eta_learning': 1.921636161663134, 'sigma_boundary': 6.275704616197149, 'alpha': 0.807711233304334}. Best is trial 95 with value: 0.02669121107467251.
[I 2026-03-04 19:55:46,196] Trial 164 finished with value: 0.0590836207180724 and parameters: {'sigma_noise': 0.2544066591747298, 'A_repulsion': 0.26192672257621785, 'gamma': 0.6678993671744018, 'sigma_update': 0.2621793428821351, 'eta_learning': 1.719718486298042, 'sigma_boundary': 6.963028759497515, 'alpha': 0.8080954035266738}. Best is trial 95 with value: 0.02669121107467251.
[I 2026-03-04 19:55:58,439] Trial 168 finished with value: 0.04405613324647338 and parameters: {'sigma_noise': 0.18110694210103556, 'A_repulsion': 0.29800435598355896, 'gamma': 0.6973643533617496, 'sigma_update': 0.5635353750973936, 'eta_learning': 0.442023072158233, 'sigma_boundary': 3.297020550215623, 'alpha': 0.8097431976702091}. Best is trial 95 with value: 0.02669121107467251.
[I 2026-03-04 19:56:35,168] Trial 166 finished with value: 0.042764086064196974 and parameters: {'sigma_noise': 0.3071218565420374, 'A_repulsion': 0.18394250195854817, 'gamma': 0.7959363962969023, 'sigma_update': 0.4230045981470951, 'eta_learning': 1.824047237265779, 'sigma_boundary': 5.07308035736409, 'alpha': 0.8382695122919648}. Best is trial 95 with value: 0.02669121107467251.
[I 2026-03-04 19:58:17,510] Trial 170 finished with value: 0.034782470433257884 and parameters: {'sigma_noise': 0.1927182879394273, 'A_repulsion': 0.1248775807280768, 'gamma': 0.7290728629614465, 'sigma_update': 0.49255053314445113, 'eta_learning': 1.9987925974836864, 'sigma_boundary': 0.8791344528581548, 'alpha': 0.8490527875294833}. Best is trial 95 with value: 0.02669121107467251.
[I 2026-03-04 20:00:42,781] Trial 175 finished with value: 0.08909915764610292 and parameters: {'sigma_noise': 0.09579717843551477, 'A_repulsion': 0.10045155336425639, 'gamma': 0.739847373444453, 'sigma_update': 0.4561266281328514, 'eta_learning': 1.5330687560341834, 'sigma_boundary': 6.833995484864536, 'alpha': 0.9498557878558972}. Best is trial 95 with value: 0.02669121107467251.
[I 2026-03-04 20:03:06,217] Trial 172 finished with value: 0.05698913930630166 and parameters: {'sigma_noise': 0.3181712836377304, 'A_repulsion': 0.07819034675031522, 'gamma': 0.6788860969756116, 'sigma_update': 0.42511999672227946, 'eta_learning': 0.823212579963537, 'sigma_boundary': 6.46470715279477, 'alpha': 0.8819600415596165}. Best is trial 95 with value: 0.02669121107467251.
[I 2026-03-04 20:03:25,137] Trial 171 finished with value: 0.05113915760223936 and parameters: {'sigma_noise': 0.24146876362318603, 'A_repulsion': 0.19144141705440287, 'gamma': 0.5445339720264479, 'sigma_update': 0.3504494290345959, 'eta_learning': 1.8353915227528164, 'sigma_boundary': 4.3275921579453875, 'alpha': 0.7731781254147625}. Best is trial 95 with value: 0.02669121107467251.
[I 2026-03-04 20:03:41,080] Trial 173 finished with value: 0.04096799666723615 and parameters: {'sigma_noise': 0.3174092774273057, 'A_repulsion': 0.04748620141335197, 'gamma': 0.8573004014092607, 'sigma_update': 0.29238859071660034, 'eta_learning': 1.5192795889333643, 'sigma_boundary': 4.361329871350966, 'alpha': 0.6746942559860041}. Best is trial 95 with value: 0.02669121107467251.
[I 2026-03-04 20:04:14,500] Trial 177 finished with value: 0.05119705609793471 and parameters: {'sigma_noise': 0.27739672968052304, 'A_repulsion': 0.016054048162068582, 'gamma': 0.7316617918278322, 'sigma_update': 0.3234339891789201, 'eta_learning': 1.3758896411404424, 'sigma_boundary': 3.5297752430564273, 'alpha': 0.6347063818719123}. Best is trial 95 with value: 0.02669121107467251.
[I 2026-03-04 20:04:46,357] Trial 179 finished with value: 0.043350945143371206 and parameters: {'sigma_noise': 0.18517123809478658, 'A_repulsion': 0.15014157531845196, 'gamma': 0.5461275979374672, 'sigma_update': 0.14801237727468344, 'eta_learning': 1.9114058605569562, 'sigma_boundary': 6.644565359210774, 'alpha': 0.5828205357592565}. Best is trial 95 with value: 0.02669121107467251.
[I 2026-03-04 20:04:56,067] Trial 185 finished with value: 0.0742490217906019 and parameters: {'sigma_noise': 0.14356776509745606, 'A_repulsion': 0.028259633295362727, 'gamma': 0.6851702032708319, 'sigma_update': 0.4495369684110732, 'eta_learning': 1.3995263590183302, 'sigma_boundary': 6.617562490280316, 'alpha': 0.6175783441197047}. Best is trial 95 with value: 0.02669121107467251.
[I 2026-03-04 20:04:59,130] Trial 176 finished with value: 0.05471897307503576 and parameters: {'sigma_noise': 0.22740993881063892, 'A_repulsion': 0.2074486120045, 'gamma': 0.6543373438517004, 'sigma_update': 0.4671501414681742, 'eta_learning': 1.752195235949063, 'sigma_boundary': 6.384629519650486, 'alpha': 0.9987869925864254}. Best is trial 95 with value: 0.02669121107467251.
[I 2026-03-04 20:05:33,302] Trial 181 finished with value: 0.03641106821791285 and parameters: {'sigma_noise': 0.20793804434680702, 'A_repulsion': 0.030203786753364534, 'gamma': 0.9146518897935179, 'sigma_update': 0.41189527628382416, 'eta_learning': 1.4740208132191768, 'sigma_boundary': 6.743671692100679, 'alpha': 0.6458006630354065}. Best is trial 95 with value: 0.02669121107467251.
[I 2026-03-04 20:05:34,412] Trial 180 finished with value: 0.046485221543969946 and parameters: {'sigma_noise': 0.18001414986799263, 'A_repulsion': 0.14567985635405323, 'gamma': 0.6074559344281407, 'sigma_update': 0.3097159740472368, 'eta_learning': 1.8981317787821521, 'sigma_boundary': 4.6009597830739635, 'alpha': 0.7550571580865997}. Best is trial 95 with value: 0.02669121107467251.
[I 2026-03-04 20:05:39,183] Trial 178 finished with value: 0.047722319436172014 and parameters: {'sigma_noise': 0.20120783081807125, 'A_repulsion': 0.1859639551700982, 'gamma': 0.9054733710881596, 'sigma_update': 0.4348287430591098, 'eta_learning': 1.49744527826975, 'sigma_boundary': 4.728721456622609, 'alpha': 0.8678204219092833}. Best is trial 95 with value: 0.02669121107467251.
[I 2026-03-04 20:06:04,754] Trial 174 finished with value: 0.040846806353837986 and parameters: {'sigma_noise': 0.2666391304183084, 'A_repulsion': 0.2564095257558642, 'gamma': 0.7285281418734352, 'sigma_update': 0.6048547151667907, 'eta_learning': 0.26656930261437156, 'sigma_boundary': 4.197488054757415, 'alpha': 0.8442247083757337}. Best is trial 95 with value: 0.02669121107467251.
[I 2026-03-04 20:06:08,569] Trial 184 finished with value: 0.1778375659482782 and parameters: {'sigma_noise': 0.22810661949485606, 'A_repulsion': 0.07715737605486506, 'gamma': 0.7562619690495246, 'sigma_update': 0.507360043795918, 'eta_learning': 1.45458226369528, 'sigma_boundary': 6.557163221869735, 'alpha': 0.4829250621058846}. Best is trial 95 with value: 0.02669121107467251.
[I 2026-03-04 20:06:55,148] Trial 182 finished with value: 0.05287761021818181 and parameters: {'sigma_noise': 0.1816272285340223, 'A_repulsion': 0.2538981826678104, 'gamma': 0.67110176292272, 'sigma_update': 0.4705772997931085, 'eta_learning': 2.231510385673582, 'sigma_boundary': 2.0708330792299123, 'alpha': 0.9102804912336037}. Best is trial 95 with value: 0.02669121107467251.
[I 2026-03-04 20:08:04,933] Trial 183 finished with value: 0.10346351141573631 and parameters: {'sigma_noise': 0.2573605703143899, 'A_repulsion': 0.258097627603991, 'gamma': 0.5257184274501855, 'sigma_update': 0.3686461031244313, 'eta_learning': 0.9379584100402271, 'sigma_boundary': 2.5246283234048232, 'alpha': 0.5547614351952241}. Best is trial 95 with value: 0.02669121107467251.
[I 2026-03-04 20:08:07,167] Trial 188 finished with value: 0.039103697381251884 and parameters: {'sigma_noise': 0.189036865826398, 'A_repulsion': 0.11701329795191463, 'gamma': 0.8278545364390542, 'sigma_update': 0.5340739811912546, 'eta_learning': 0.8516459633074352, 'sigma_boundary': 6.1433300950682845, 'alpha': 0.8783751049121107}. Best is trial 95 with value: 0.02669121107467251.
[I 2026-03-04 20:08:37,696] Trial 186 finished with value: 0.05654617982356732 and parameters: {'sigma_noise': 0.286381400741326, 'A_repulsion': 0.11524384959615244, 'gamma': 0.6017069837723373, 'sigma_update': 0.4828351515399872, 'eta_learning': 1.3305602624855395, 'sigma_boundary': 5.420909111230435, 'alpha': 0.9439266474273411}. Best is trial 95 with value: 0.02669121107467251.
[I 2026-03-04 20:08:40,839] Trial 190 finished with value: 0.0351217118243397 and parameters: {'sigma_noise': 0.22608330678203498, 'A_repulsion': 0.09789823602540923, 'gamma': 0.6666657407727091, 'sigma_update': 0.5254125464914347, 'eta_learning': 2.0277638975345096, 'sigma_boundary': 8.048153388637747, 'alpha': 0.9643110088353178}. Best is trial 95 with value: 0.02669121107467251.
[I 2026-03-04 20:08:58,169] Trial 189 finished with value: 0.04460424426472604 and parameters: {'sigma_noise': 0.1870130933624538, 'A_repulsion': 0.22761768248042583, 'gamma': 0.7183391122675432, 'sigma_update': 0.609006740324029, 'eta_learning': 1.5876565212850893, 'sigma_boundary': 5.017935931387009, 'alpha': 0.9186174554475147}. Best is trial 95 with value: 0.02669121107467251.
[I 2026-03-04 20:08:58,312] Trial 191 finished with value: 0.03527214932414543 and parameters: {'sigma_noise': 0.1987520727762253, 'A_repulsion': 0.08102117374356901, 'gamma': 0.7051684596326006, 'sigma_update': 0.605471740562921, 'eta_learning': 1.9920605997192113, 'sigma_boundary': 6.514915613345327, 'alpha': 0.8445356960398728}. Best is trial 95 with value: 0.02669121107467251.
[I 2026-03-04 20:08:59,964] Trial 192 finished with value: 0.044552757476633946 and parameters: {'sigma_noise': 0.20980421480959915, 'A_repulsion': 0.05674337596759502, 'gamma': 0.712219480462301, 'sigma_update': 0.49650278428718353, 'eta_learning': 1.90555229336048, 'sigma_boundary': 3.842357488155538, 'alpha': 0.7228915858987801}. Best is trial 95 with value: 0.02669121107467251.
[I 2026-03-04 20:09:18,312] Trial 187 finished with value: 0.06917423006350858 and parameters: {'sigma_noise': 0.2892675725800357, 'A_repulsion': 0.16578980090536896, 'gamma': 0.7311658919332102, 'sigma_update': 0.16646086098854934, 'eta_learning': 0.9129546413221572, 'sigma_boundary': 3.594598752522039, 'alpha': 0.8432320182352299}. Best is trial 95 with value: 0.02669121107467251.
[I 2026-03-04 20:09:30,202] Trial 193 finished with value: 0.0387767011537194 and parameters: {'sigma_noise': 0.22818681530195822, 'A_repulsion': 0.1204331869527035, 'gamma': 0.7621639673308639, 'sigma_update': 0.41853452593903273, 'eta_learning': 1.1123355543618494, 'sigma_boundary': 5.005188839794288, 'alpha': 0.6646424308036698}. Best is trial 95 with value: 0.02669121107467251.
[I 2026-03-04 20:10:11,414] Trial 195 finished with value: 0.08481449090803521 and parameters: {'sigma_noise': 0.22425074664885403, 'A_repulsion': 0.10280290324016486, 'gamma': 0.6554026809561777, 'sigma_update': 0.3949301656947214, 'eta_learning': 1.012129933973028, 'sigma_boundary': 7.015853283880602, 'alpha': 0.5703219034038312}. Best is trial 95 with value: 0.02669121107467251.
[I 2026-03-04 20:10:27,641] Trial 194 finished with value: 0.04421486126634899 and parameters: {'sigma_noise': 0.34226203183318915, 'A_repulsion': 0.15779682103687223, 'gamma': 0.9751869237455675, 'sigma_update': 0.5310308820106887, 'eta_learning': 1.8156630979898827, 'sigma_boundary': 6.7712327828927865, 'alpha': 0.8777875019465404}. Best is trial 95 with value: 0.02669121107467251.
