[I 2026-03-19 02:39:42,227] Trial 111 finished with value: 0.01913106563090411 and parameters: {'sigma_noise': 0.10581786135533577, 'A_repulsion': 0.35646627965052213, 'gamma': 0.4578582022281483, 'sigma_update': 0.6292018639046383, 'eta_learning': 0.21674528602296556, 'sigma_boundary': 5.525088344458759, 'alpha': 0.8719259284509456}. Best is trial 87 with value: 0.012460229311296632.
[I 2026-03-19 02:40:28,337] Trial 113 finished with value: 0.017529752958889228 and parameters: {'sigma_noise': 0.16585817757328775, 'A_repulsion': 0.2811638116375932, 'gamma': 0.4536823993127416, 'sigma_update': 0.6352994857323866, 'eta_learning': 0.5120635061341994, 'sigma_boundary': 1.0613570405986932, 'alpha': 0.9965222550047643}. Best is trial 87 with value: 0.012460229311296632.
[I 2026-03-19 02:40:50,491] Trial 115 finished with value: 0.015097506643845033 and parameters: {'sigma_noise': 0.16354759797052743, 'A_repulsion': 0.2787396729186662, 'gamma': 0.4665683752613047, 'sigma_update': 0.6358938118729686, 'eta_learning': 0.55824970949123, 'sigma_boundary': 1.1374378478035587, 'alpha': 0.8486749896466719}. Best is trial 87 with value: 0.012460229311296632.
[I 2026-03-19 02:40:55,233] Trial 114 finished with value: 0.01578578550470653 and parameters: {'sigma_noise': 0.16718208957415143, 'A_repulsion': 0.28029021183267233, 'gamma': 0.4704405750553752, 'sigma_update': 0.633536900377886, 'eta_learning': 0.5215783228738803, 'sigma_boundary': 0.8312948233089451, 'alpha': 0.9944780061473089}. Best is trial 87 with value: 0.012460229311296632.
[I 2026-03-19 02:41:13,394] Trial 116 finished with value: 0.01582887902049631 and parameters: {'sigma_noise': 0.1666402081375193, 'A_repulsion': 0.35341577775433464, 'gamma': 0.4341335181784124, 'sigma_update': 0.6218172817643346, 'eta_learning': 0.5154650718401876, 'sigma_boundary': 1.4407581020820772, 'alpha': 0.8761246450250328}. Best is trial 87 with value: 0.012460229311296632.
[I 2026-03-19 02:41:17,893] Trial 118 finished with value: 0.015969220986984094 and parameters: {'sigma_noise': 0.17344137314338126, 'A_repulsion': 0.357593458089218, 'gamma': 0.47049380114625133, 'sigma_update': 0.6320010094781204, 'eta_learning': 0.5638875754571575, 'sigma_boundary': 1.3186907502134324, 'alpha': 0.8859365310910987}. Best is trial 87 with value: 0.012460229311296632.
[I 2026-03-19 02:41:22,806] Trial 117 finished with value: 0.03235404891598787 and parameters: {'sigma_noise': 0.17336479908876118, 'A_repulsion': 0.35969833030136006, 'gamma': 0.23157595723664143, 'sigma_update': 0.6318228148126842, 'eta_learning': 0.5232510969309927, 'sigma_boundary': 1.0814863824652847, 'alpha': 0.8603150041793456}. Best is trial 87 with value: 0.012460229311296632.
[I 2026-03-19 02:41:31,767] Trial 119 finished with value: 0.015756415453812338 and parameters: {'sigma_noise': 0.17263247456467518, 'A_repulsion': 0.35940267182266267, 'gamma': 0.45447098713918005, 'sigma_update': 0.624595217914708, 'eta_learning': 0.5503728616399576, 'sigma_boundary': 1.2703484271780343, 'alpha': 0.872046258691064}. Best is trial 87 with value: 0.012460229311296632.
[I 2026-03-19 02:41:35,507] Trial 121 finished with value: 0.0160705596501507 and parameters: {'sigma_noise': 0.15862871732327627, 'A_repulsion': 0.359447942428562, 'gamma': 0.45996953603129487, 'sigma_update': 0.6209285175533324, 'eta_learning': 0.5116960842802848, 'sigma_boundary': 1.247158515204674, 'alpha': 0.8830120566116322}. Best is trial 87 with value: 0.012460229311296632.
[I 2026-03-19 02:41:55,756] Trial 120 finished with value: 0.01905909966315165 and parameters: {'sigma_noise': 0.16457800281862378, 'A_repulsion': 0.47289427102715, 'gamma': 0.4457860657096513, 'sigma_update': 0.6291380685382734, 'eta_learning': 0.5678418140086668, 'sigma_boundary': 1.487329689662393, 'alpha': 0.8677331030194895}. Best is trial 87 with value: 0.012460229311296632.
[I 2026-03-19 02:41:55,831] Trial 123 finished with value: 0.03666453960049912 and parameters: {'sigma_noise': 0.1512788868909335, 'A_repulsion': 0.35608422208849105, 'gamma': 0.8296409572618496, 'sigma_update': 0.6338988280544091, 'eta_learning': 0.530610284073696, 'sigma_boundary': 1.2516883553988152, 'alpha': 0.8606529129372218}. Best is trial 87 with value: 0.012460229311296632.
[I 2026-03-19 02:41:57,096] Trial 122 finished with value: 0.05317813113569504 and parameters: {'sigma_noise': 0.15792427557675964, 'A_repulsion': 0.3576439109236297, 'gamma': 0.451304463759135, 'sigma_update': 0.6191751399701658, 'eta_learning': 0.5087769190176681, 'sigma_boundary': 1.1977340792804418, 'alpha': 0.5235082899892332}. Best is trial 87 with value: 0.012460229311296632.
[I 2026-03-19 02:42:17,888] Trial 124 finished with value: 0.017148957272940683 and parameters: {'sigma_noise': 0.1532213790904813, 'A_repulsion': 0.35554108716605726, 'gamma': 0.46032477581473197, 'sigma_update': 0.6258586663802137, 'eta_learning': 0.5494979353587143, 'sigma_boundary': 1.1037516450896008, 'alpha': 0.8955358906706475}. Best is trial 87 with value: 0.012460229311296632.
[I 2026-03-19 02:42:28,719] Trial 126 finished with value: 0.01873561693254464 and parameters: {'sigma_noise': 0.15192783107062818, 'A_repulsion': 0.3504087135714237, 'gamma': 0.6499377632236679, 'sigma_update': 0.6233311968120736, 'eta_learning': 1.7930184888342207, 'sigma_boundary': 5.452198277935549, 'alpha': 0.8668504114611559}. Best is trial 87 with value: 0.012460229311296632.
[I 2026-03-19 02:42:30,345] Trial 125 finished with value: 0.01644330057058394 and parameters: {'sigma_noise': 0.17175306204545082, 'A_repulsion': 0.3501240701481279, 'gamma': 0.46747736356510655, 'sigma_update': 0.6290448064008387, 'eta_learning': 0.5449696375207368, 'sigma_boundary': 5.537706898319412, 'alpha': 0.8727683358879489}. Best is trial 87 with value: 0.012460229311296632.
[I 2026-03-19 02:42:38,665] Trial 130 finished with value: 0.013985237458051905 and parameters: {'sigma_noise': 0.15694168521516386, 'A_repulsion': 0.3456913298170045, 'gamma': 0.8337364679232524, 'sigma_update': 0.6270578638923426, 'eta_learning': 0.3631284467897254, 'sigma_boundary': 1.2647069183637574, 'alpha': 0.5092103552345593}. Best is trial 87 with value: 0.012460229311296632.
[I 2026-03-19 02:42:42,739] Trial 131 finished with value: 0.023538205016725315 and parameters: {'sigma_noise': 0.152396550867682, 'A_repulsion': 0.34981029949910714, 'gamma': 0.8496911174474877, 'sigma_update': 0.6343375637235342, 'eta_learning': 2.5060164028672283, 'sigma_boundary': 1.2109694246026117, 'alpha': 0.5365749886608115}. Best is trial 87 with value: 0.012460229311296632.
[I 2026-03-19 02:42:43,217] Trial 128 finished with value: 0.015740572207912206 and parameters: {'sigma_noise': 0.16142010896241482, 'A_repulsion': 0.35448465424457026, 'gamma': 0.46787926735850854, 'sigma_update': 0.629159705980089, 'eta_learning': 1.7949526508845435, 'sigma_boundary': 1.4011290934369711, 'alpha': 0.8857812721893555}. Best is trial 87 with value: 0.012460229311296632.
[I 2026-03-19 02:42:45,269] Trial 127 finished with value: 0.016366876598268392 and parameters: {'sigma_noise': 0.15352006792915182, 'A_repulsion': 0.3594670440923998, 'gamma': 0.4567472379675106, 'sigma_update': 0.6327845396798731, 'eta_learning': 1.7685675223393922, 'sigma_boundary': 1.2155764143627423, 'alpha': 0.8520204946617309}. Best is trial 87 with value: 0.012460229311296632.
[I 2026-03-19 02:42:52,151] Trial 132 finished with value: 0.016092414802466676 and parameters: {'sigma_noise': 0.15903111793350833, 'A_repulsion': 0.34623057601915314, 'gamma': 0.4589221926423128, 'sigma_update': 0.631131392082533, 'eta_learning': 0.3678840668114711, 'sigma_boundary': 1.2814515512925362, 'alpha': 0.8632153700161946}. Best is trial 87 with value: 0.012460229311296632.
[I 2026-03-19 02:42:55,282] Trial 129 finished with value: 0.046121175729599076 and parameters: {'sigma_noise': 0.15275262177979948, 'A_repulsion': 0.3559863409524096, 'gamma': 0.8526961855316152, 'sigma_update': 0.6366957573227089, 'eta_learning': 1.8654045249121172, 'sigma_boundary': 1.3713241158260367, 'alpha': 0.9085311126173692}. Best is trial 87 with value: 0.012460229311296632.
[I 2026-03-19 02:43:21,346] Trial 133 finished with value: 0.037953900324870164 and parameters: {'sigma_noise': 0.1603382414696405, 'A_repulsion': 0.35405914312928494, 'gamma': 0.827351831543359, 'sigma_update': 0.6323548201974456, 'eta_learning': 1.7060087458045445, 'sigma_boundary': 7.6675909419836215, 'alpha': 0.5204573747288878}. Best is trial 87 with value: 0.012460229311296632.
[I 2026-03-19 02:43:26,295] Trial 135 finished with value: 0.07203062151467347 and parameters: {'sigma_noise': 0.1724893390586329, 'A_repulsion': 0.3527426367332074, 'gamma': 0.4627860971697383, 'sigma_update': 0.571098773206184, 'eta_learning': 1.761074465649266, 'sigma_boundary': 1.696633727294501, 'alpha': 0.5174842209335865}. Best is trial 87 with value: 0.012460229311296632.
[I 2026-03-19 02:43:28,748] Trial 134 finished with value: 0.03300522204700031 and parameters: {'sigma_noise': 0.15860325534287992, 'A_repulsion': 0.35340042305268665, 'gamma': 0.8174140070953094, 'sigma_update': 0.6374073682308736, 'eta_learning': 1.783966533041121, 'sigma_boundary': 1.471390072572944, 'alpha': 0.8556542392278681}. Best is trial 87 with value: 0.012460229311296632.
[I 2026-03-19 02:43:30,082] Trial 136 finished with value: 0.0526260483443278 and parameters: {'sigma_noise': 0.1570674821764439, 'A_repulsion': 0.3528247558031605, 'gamma': 0.461397722404582, 'sigma_update': 0.5814912499618301, 'eta_learning': 1.7678871503248537, 'sigma_boundary': 1.4975335139782113, 'alpha': 0.5458309546729049}. Best is trial 87 with value: 0.012460229311296632.
[I 2026-03-19 02:43:32,327] Trial 137 finished with value: 0.03853661768655509 and parameters: {'sigma_noise': 0.15387350986610115, 'A_repulsion': 0.3509974045090611, 'gamma': 0.46638034192438826, 'sigma_update': 0.5813197493782873, 'eta_learning': 0.38801700731722627, 'sigma_boundary': 1.5248228996994024, 'alpha': 0.5103286749577959}. Best is trial 87 with value: 0.012460229311296632.
[I 2026-03-19 02:43:36,093] Trial 139 finished with value: 0.01944458528140529 and parameters: {'sigma_noise': 0.1522770224211538, 'A_repulsion': 0.345316651681882, 'gamma': 0.8106681072759747, 'sigma_update': 0.5942926895807792, 'eta_learning': 1.8561961902501294, 'sigma_boundary': 1.274859649618933, 'alpha': 0.5352414434076505}. Best is trial 87 with value: 0.012460229311296632.
[I 2026-03-19 02:43:40,284] Trial 140 finished with value: 0.020842400022145047 and parameters: {'sigma_noise': 0.15398631181004274, 'A_repulsion': 0.3494308366574903, 'gamma': 0.8230150339034854, 'sigma_update': 0.603755994766785, 'eta_learning': 1.8279842158654358, 'sigma_boundary': 1.2647390814925714, 'alpha': 0.5371083374968435}. Best is trial 87 with value: 0.012460229311296632.
[I 2026-03-19 02:43:43,294] Trial 138 finished with value: 0.02752015821755333 and parameters: {'sigma_noise': 0.16659068631854743, 'A_repulsion': 0.35016118435370025, 'gamma': 0.8248922011302181, 'sigma_update': 0.5771793843527995, 'eta_learning': 1.7890851905170007, 'sigma_boundary': 1.3496571431820925, 'alpha': 0.5021919179306109}. Best is trial 87 with value: 0.012460229311296632.
[I 2026-03-19 02:43:44,076] Trial 141 finished with value: 0.025359532402519334 and parameters: {'sigma_noise': 0.1664342142417654, 'A_repulsion': 0.35015221585193956, 'gamma': 0.7164496924592294, 'sigma_update': 0.5828151195375779, 'eta_learning': 1.8611122389165558, 'sigma_boundary': 1.3466612715804396, 'alpha': 0.5278934330679657}. Best is trial 87 with value: 0.012460229311296632.
[I 2026-03-19 02:43:50,326] Trial 142 finished with value: 0.016295980253164987 and parameters: {'sigma_noise': 0.15131677950629022, 'A_repulsion': 0.3491388664553614, 'gamma': 0.5710993997046501, 'sigma_update': 0.5818444090678248, 'eta_learning': 1.845823131579382, 'sigma_boundary': 1.6066698016341063, 'alpha': 0.7127834605424062}. Best is trial 87 with value: 0.012460229311296632.
[I 2026-03-19 02:43:51,889] Trial 144 finished with value: 0.03679442141122541 and parameters: {'sigma_noise': 0.15445313801532742, 'A_repulsion': 0.35113252668563266, 'gamma': 0.4557746051502948, 'sigma_update': 0.59411783031336, 'eta_learning': 0.3567398283785455, 'sigma_boundary': 1.4757554395095829, 'alpha': 0.5192208864121834}. Best is trial 87 with value: 0.012460229311296632.
[I 2026-03-19 02:44:00,232] Trial 143 finished with value: 0.02650042281041864 and parameters: {'sigma_noise': 0.15777359731166135, 'A_repulsion': 0.35145708707377177, 'gamma': 0.5660000377921404, 'sigma_update': 0.5578260846688308, 'eta_learning': 1.6958299976827749, 'sigma_boundary': 1.3955005705034738, 'alpha': 0.5729772455104671}. Best is trial 87 with value: 0.012460229311296632.
[I 2026-03-19 02:44:07,749] Trial 145 finished with value: 0.04706243000290507 and parameters: {'sigma_noise': 0.1499223388110483, 'A_repulsion': 0.35043115764914473, 'gamma': 0.8256973218316244, 'sigma_update': 0.5806036878758692, 'eta_learning': 0.3769200735964243, 'sigma_boundary': 1.3355824188788437, 'alpha': 0.9181894788866704}. Best is trial 87 with value: 0.012460229311296632.
[I 2026-03-19 02:44:21,741] Trial 147 finished with value: 0.023234789169002627 and parameters: {'sigma_noise': 0.16012499163297517, 'A_repulsion': 0.3451260424849323, 'gamma': 0.44719421512995117, 'sigma_update': 0.5892313113558676, 'eta_learning': 1.829014941919793, 'sigma_boundary': 1.4717131181090144, 'alpha': 0.6949431174053763}. Best is trial 87 with value: 0.012460229311296632.
[I 2026-03-19 02:44:23,789] Trial 151 finished with value: 0.01617083532081396 and parameters: {'sigma_noise': 0.15166777018820768, 'A_repulsion': 0.2510335947775591, 'gamma': 0.8406104467698913, 'sigma_update': 0.586261613340371, 'eta_learning': 1.8346151967340854, 'sigma_boundary': 4.565459780009075, 'alpha': 0.7023288582236744}. Best is trial 87 with value: 0.012460229311296632.
[I 2026-03-19 02:44:24,722] Trial 146 finished with value: 0.025234560188257045 and parameters: {'sigma_noise': 0.15736054467592736, 'A_repulsion': 0.3464930250398114, 'gamma': 0.8300040094741616, 'sigma_update': 0.5747751638219323, 'eta_learning': 0.3672928255607208, 'sigma_boundary': 1.6126291581151722, 'alpha': 0.711924562249091}. Best is trial 87 with value: 0.012460229311296632.
[I 2026-03-19 02:44:32,793] Trial 149 finished with value: 0.04059736251500967 and parameters: {'sigma_noise': 0.1708132230184723, 'A_repulsion': 0.3466823395363737, 'gamma': 0.5678840307188577, 'sigma_update': 0.580766485172726, 'eta_learning': 0.3825700729028222, 'sigma_boundary': 4.596523765321448, 'alpha': 0.4918363600214152}. Best is trial 87 with value: 0.012460229311296632.
[I 2026-03-19 02:44:40,592] Trial 152 finished with value: 0.044473320728306766 and parameters: {'sigma_noise': 0.1519483082105431, 'A_repulsion': 0.3433930772601617, 'gamma': 0.4508169237540417, 'sigma_update': 0.5966156193973674, 'eta_learning': 0.3626756052913696, 'sigma_boundary': 4.648657507000459, 'alpha': 0.5024500058286889}. Best is trial 87 with value: 0.012460229311296632.
[I 2026-03-19 02:44:41,880] Trial 150 finished with value: 0.014585805251456009 and parameters: {'sigma_noise': 0.15001269556286054, 'A_repulsion': 0.34835906470612477, 'gamma': 0.8321582395679991, 'sigma_update': 0.6033648849967616, 'eta_learning': 0.381479829774795, 'sigma_boundary': 4.368505899394017, 'alpha': 0.5160663229200939}. Best is trial 87 with value: 0.012460229311296632.
[I 2026-03-19 02:44:50,190] Trial 148 finished with value: 0.01755721749950512 and parameters: {'sigma_noise': 0.1860561338136861, 'A_repulsion': 0.3455418401605158, 'gamma': 0.45172430549990517, 'sigma_update': 0.5907546786275407, 'eta_learning': 0.22498686568069212, 'sigma_boundary': 4.562073841426076, 'alpha': 0.7062920598339748}. Best is trial 87 with value: 0.012460229311296632.
[I 2026-03-19 02:45:42,270] Trial 155 finished with value: 0.04493972797363424 and parameters: {'sigma_noise': 0.15356446371868568, 'A_repulsion': 0.25776292445922305, 'gamma': 0.516175422420249, 'sigma_update': 0.5836558356433333, 'eta_learning': 1.7175037916472713, 'sigma_boundary': 1.621542997636168, 'alpha': 0.5420849003013692}. Best is trial 87 with value: 0.012460229311296632.
[I 2026-03-19 02:45:44,489] Trial 154 finished with value: 0.07082963375480424 and parameters: {'sigma_noise': 0.1543385176034223, 'A_repulsion': 0.258648650856603, 'gamma': 0.5197691567263314, 'sigma_update': 0.5826095322664613, 'eta_learning': 1.6702422294599997, 'sigma_boundary': 4.606644605512303, 'alpha': 0.5099759689008493}. Best is trial 87 with value: 0.012460229311296632.
[I 2026-03-19 02:45:49,634] Trial 153 finished with value: 0.01604749277254853 and parameters: {'sigma_noise': 0.15195796210467408, 'A_repulsion': 0.33961605374908777, 'gamma': 0.5234819497358614, 'sigma_update': 0.5874542927166604, 'eta_learning': 0.3550052696638498, 'sigma_boundary': 4.577584185160917, 'alpha': 0.7198152430561555}. Best is trial 87 with value: 0.012460229311296632.
[I 2026-03-19 02:45:56,937] Trial 156 finished with value: 0.029026116670136087 and parameters: {'sigma_noise': 0.153385160495909, 'A_repulsion': 0.25600444745845985, 'gamma': 0.5207454017306402, 'sigma_update': 0.5845274684087008, 'eta_learning': 0.4109431756074924, 'sigma_boundary': 1.5456894208923262, 'alpha': 0.5185900501808899}. Best is trial 87 with value: 0.012460229311296632.
[I 2026-03-19 02:46:08,785] Trial 158 finished with value: 0.019161602737694995 and parameters: {'sigma_noise': 0.15153685874849748, 'A_repulsion': 0.2536038345744017, 'gamma': 0.49885748701782356, 'sigma_update': 0.604661251656281, 'eta_learning': 0.7415576824377554, 'sigma_boundary': 1.6201260890469646, 'alpha': 0.7446215756057338}. Best is trial 87 with value: 0.012460229311296632.
[I 2026-03-19 02:46:59,150] Trial 161 finished with value: 0.013613449459301617 and parameters: {'sigma_noise': 0.19111392866875646, 'A_repulsion': 0.2534796460501414, 'gamma': 0.49162396750729354, 'sigma_update': 0.5912348229127146, 'eta_learning': 0.7238212494488543, 'sigma_boundary': 1.914838488614917, 'alpha': 0.9133415135401164}. Best is trial 87 with value: 0.012460229311296632.
[I 2026-03-19 02:47:14,039] Trial 157 finished with value: 0.0186478223030983 and parameters: {'sigma_noise': 0.18721933109294686, 'A_repulsion': 0.45800357861875296, 'gamma': 0.5310963012412826, 'sigma_update': 0.5863461985380581, 'eta_learning': 0.38576904420116886, 'sigma_boundary': 1.7076553701335233, 'alpha': 0.706949770800826}. Best is trial 87 with value: 0.012460229311296632.
[I 2026-03-19 02:47:14,495] Trial 159 finished with value: 0.016789640705786396 and parameters: {'sigma_noise': 0.18544675068494273, 'A_repulsion': 0.3442883233922535, 'gamma': 0.5120926211851591, 'sigma_update': 0.585058041872663, 'eta_learning': 0.3854915005392429, 'sigma_boundary': 1.5003805226238534, 'alpha': 0.9117621333021568}. Best is trial 87 with value: 0.012460229311296632.
[I 2026-03-19 02:47:19,477] Trial 160 finished with value: 0.015423566903262612 and parameters: {'sigma_noise': 0.1925766384576134, 'A_repulsion': 0.3451390506930392, 'gamma': 0.5028254850216343, 'sigma_update': 0.5901693057196922, 'eta_learning': 0.7324231234964655, 'sigma_boundary': 1.7028066919141656, 'alpha': 0.908813962388861}. Best is trial 87 with value: 0.012460229311296632.
[I 2026-03-19 02:47:19,914] Trial 164 finished with value: 0.015568179632026904 and parameters: {'sigma_noise': 0.18162735129813, 'A_repulsion': 0.254451642996786, 'gamma': 0.5171631823350161, 'sigma_update': 0.5791557548445638, 'eta_learning': 0.7818351112274589, 'sigma_boundary': 1.9556647082558871, 'alpha': 0.9169419932411055}. Best is trial 87 with value: 0.012460229311296632.
[I 2026-03-19 02:47:25,661] Trial 162 finished with value: 0.016097167415993503 and parameters: {'sigma_noise': 0.18975280473490666, 'A_repulsion': 0.34236258417972687, 'gamma': 0.47945492969405257, 'sigma_update': 0.5979724704893967, 'eta_learning': 0.7489967526973216, 'sigma_boundary': 1.7865973006830769, 'alpha': 0.9214991115691149}. Best is trial 87 with value: 0.012460229311296632.
[I 2026-03-19 02:47:35,452] Trial 166 finished with value: 0.015050314975884303 and parameters: {'sigma_noise': 0.19328517179989302, 'A_repulsion': 0.24981143094273114, 'gamma': 0.5188653266894602, 'sigma_update': 0.5931424242718182, 'eta_learning': 0.8183912959206294, 'sigma_boundary': 1.7008871265033587, 'alpha': 0.9198507833361904}. Best is trial 87 with value: 0.012460229311296632.
[I 2026-03-19 02:47:37,863] Trial 165 finished with value: 0.022940457249852178 and parameters: {'sigma_noise': 0.18834030901682056, 'A_repulsion': 0.2527678942769066, 'gamma': 0.49850237312041157, 'sigma_update': 0.5809302510688693, 'eta_learning': 0.7449531074916905, 'sigma_boundary': 1.8423556530299199, 'alpha': 0.7138004898556676}. Best is trial 87 with value: 0.012460229311296632.
[I 2026-03-19 02:47:40,942] Trial 168 finished with value: 0.01790440369275931 and parameters: {'sigma_noise': 0.19029199644746, 'A_repulsion': 0.2528502036392363, 'gamma': 0.5038766756603442, 'sigma_update': 0.5817266945984753, 'eta_learning': 0.3947798855840456, 'sigma_boundary': 1.8352338975065456, 'alpha': 0.729476423903511}. Best is trial 87 with value: 0.012460229311296632.
[I 2026-03-19 02:47:41,541] Trial 163 finished with value: 0.015487142154213599 and parameters: {'sigma_noise': 0.2007029227055855, 'A_repulsion': 0.3450073837248184, 'gamma': 0.5126725780965645, 'sigma_update': 0.5886375384442327, 'eta_learning': 0.7447073769596044, 'sigma_boundary': 1.6631146625885878, 'alpha': 0.9232370576972544}. Best is trial 87 with value: 0.012460229311296632.
