[I 2026-03-19 02:33:18,441] Trial 45 finished with value: 0.6930847557072296 and parameters: {'sigma_noise': 0.36075848817855777, 'A_repulsion': 0.15135786078371227, 'gamma': 0.8984310233574586, 'sigma_update': 0.48907145738711577, 'eta_learning': 1.6024270880533877, 'sigma_boundary': 0.7404050639307, 'alpha': 0.086137415262443}. Best is trial 15 with value: 0.013399013178752452.
[I 2026-03-19 02:33:29,169] Trial 64 finished with value: 0.016308811515577164 and parameters: {'sigma_noise': 0.13133796818543975, 'A_repulsion': 0.31364928022273575, 'gamma': 0.4197923843509853, 'sigma_update': 0.697236175023627, 'eta_learning': 0.060332688749711816, 'sigma_boundary': 6.8032596505875516, 'alpha': 0.9552189395060129}. Best is trial 15 with value: 0.013399013178752452.
[I 2026-03-19 02:33:29,397] Trial 60 finished with value: 0.02139857819743057 and parameters: {'sigma_noise': 0.21089952864075776, 'A_repulsion': 0.30685785066670024, 'gamma': 0.40174846984046836, 'sigma_update': 0.6715763317333455, 'eta_learning': 0.11977618137956342, 'sigma_boundary': 0.02483002867417694, 'alpha': 0.9940446412184445}. Best is trial 15 with value: 0.013399013178752452.
[I 2026-03-19 02:33:29,436] Trial 46 finished with value: 0.024358589389076823 and parameters: {'sigma_noise': 0.2377120313748569, 'A_repulsion': 0.37767527667539497, 'gamma': 0.5471565698741786, 'sigma_update': 0.3684405760033186, 'eta_learning': 0.8679917494461241, 'sigma_boundary': 3.756411410594326, 'alpha': 0.9404554918967157}. Best is trial 15 with value: 0.013399013178752452.
[I 2026-03-19 02:33:40,552] Trial 58 finished with value: 0.0231743725404852 and parameters: {'sigma_noise': 0.2091983712215454, 'A_repulsion': 0.30858455150356573, 'gamma': 0.3734352916189338, 'sigma_update': 0.6907192286892996, 'eta_learning': 0.010106387080536183, 'sigma_boundary': 0.13808462180760905, 'alpha': 0.9444105145934407}. Best is trial 15 with value: 0.013399013178752452.
[I 2026-03-19 02:33:40,564] Trial 65 finished with value: 0.18796375367898707 and parameters: {'sigma_noise': 0.13054697905959597, 'A_repulsion': 0.3019601977071974, 'gamma': 0.3279972211746422, 'sigma_update': 0.6971429581903609, 'eta_learning': 0.05148396802726224, 'sigma_boundary': 0.2435707479079552, 'alpha': 0.17622178453874288}. Best is trial 15 with value: 0.013399013178752452.
[I 2026-03-19 02:33:40,605] Trial 66 finished with value: 0.03425551988743207 and parameters: {'sigma_noise': 0.1225778911772428, 'A_repulsion': 0.30373891500023953, 'gamma': 0.41988841083196526, 'sigma_update': 0.6936929322390906, 'eta_learning': 0.10643510817892901, 'sigma_boundary': 0.3587419418212576, 'alpha': 0.19686313072513162}. Best is trial 15 with value: 0.013399013178752452.
[I 2026-03-19 02:34:02,962] Trial 67 finished with value: 0.09873084342739682 and parameters: {'sigma_noise': 0.13787664551020581, 'A_repulsion': 0.31111951252032355, 'gamma': 0.3650548261476117, 'sigma_update': 0.6700161477278928, 'eta_learning': 0.022239522210307228, 'sigma_boundary': 0.0799368140174801, 'alpha': 0.1795195165482143}. Best is trial 15 with value: 0.013399013178752452.
[I 2026-03-19 02:34:10,679] Trial 69 finished with value: 0.19558195795642608 and parameters: {'sigma_noise': 0.1257127241445484, 'A_repulsion': 0.316110494406963, 'gamma': 0.3528078682681797, 'sigma_update': 0.43700100024982247, 'eta_learning': 0.04990233069169325, 'sigma_boundary': 0.23597936720142876, 'alpha': 0.18668130121252324}. Best is trial 15 with value: 0.013399013178752452.
[I 2026-03-19 02:34:22,100] Trial 68 finished with value: 0.5018142849710973 and parameters: {'sigma_noise': 0.12755600421210178, 'A_repulsion': 0.3861130293844892, 'gamma': 0.3303142876853208, 'sigma_update': 0.6635865235203147, 'eta_learning': 0.019710069581349618, 'sigma_boundary': 0.014948121841302342, 'alpha': 0.21185801097064927}. Best is trial 15 with value: 0.013399013178752452.
[I 2026-03-19 02:34:22,391] Trial 72 finished with value: 0.0125285909066063 and parameters: {'sigma_noise': 0.12842843775733423, 'A_repulsion': 0.3320432631253232, 'gamma': 0.29878787546346663, 'sigma_update': 0.6561923668646333, 'eta_learning': 0.08428874800669084, 'sigma_boundary': 5.009750456224856, 'alpha': 0.19097464982818663}. Best is trial 72 with value: 0.0125285909066063.
[I 2026-03-19 02:34:28,967] Trial 70 finished with value: 0.08235014472791305 and parameters: {'sigma_noise': 0.1300427652726965, 'A_repulsion': 0.33286175403332874, 'gamma': 0.3501421334902353, 'sigma_update': 0.69226952368104, 'eta_learning': 0.011559524742170077, 'sigma_boundary': 0.11709486718255235, 'alpha': 0.15076478149250203}. Best is trial 72 with value: 0.0125285909066063.
[I 2026-03-19 02:34:30,936] Trial 71 finished with value: 0.37866779116611116 and parameters: {'sigma_noise': 0.13075234471327757, 'A_repulsion': 0.3244939192988756, 'gamma': 0.31482247079100756, 'sigma_update': 0.6755267145068586, 'eta_learning': 0.06911433345467133, 'sigma_boundary': 0.019705796639354567, 'alpha': 0.22186113605617494}. Best is trial 72 with value: 0.0125285909066063.
[I 2026-03-19 02:34:49,587] Trial 48 finished with value: 0.3248874642027629 and parameters: {'sigma_noise': 0.44558729634907496, 'A_repulsion': 0.23386963433253483, 'gamma': 0.6345162429764696, 'sigma_update': 0.42710420030946844, 'eta_learning': 2.2043355081632137, 'sigma_boundary': 5.781200900500507, 'alpha': 0.3907020870515666}. Best is trial 72 with value: 0.0125285909066063.
[I 2026-03-19 02:34:56,066] Trial 74 finished with value: 0.05022661490584939 and parameters: {'sigma_noise': 0.12378404734966969, 'A_repulsion': 0.3918571684065697, 'gamma': 0.7746235790081256, 'sigma_update': 0.6872115452433928, 'eta_learning': 0.08022408458910765, 'sigma_boundary': 0.33485425086670584, 'alpha': 0.1721218528843017}. Best is trial 72 with value: 0.0125285909066063.
[I 2026-03-19 02:34:58,734] Trial 73 finished with value: 0.227824700912419 and parameters: {'sigma_noise': 0.12533968328771705, 'A_repulsion': 0.38323867413290497, 'gamma': 0.7705430450737467, 'sigma_update': 0.6605280856700122, 'eta_learning': 0.056794962983684805, 'sigma_boundary': 0.19844439530174307, 'alpha': 0.1932632402178791}. Best is trial 72 with value: 0.0125285909066063.
[I 2026-03-19 02:35:11,302] Trial 75 finished with value: 0.15955712464919686 and parameters: {'sigma_noise': 0.13489407465343417, 'A_repulsion': 0.37835992500940263, 'gamma': 0.7654409178096876, 'sigma_update': 0.43754973470767505, 'eta_learning': 0.013413235321278444, 'sigma_boundary': 0.38427768199508205, 'alpha': 0.21006445808635923}. Best is trial 72 with value: 0.0125285909066063.
[I 2026-03-19 02:35:23,370] Trial 76 finished with value: 0.1262974986481884 and parameters: {'sigma_noise': 0.12608737188822736, 'A_repulsion': 0.3148751413697376, 'gamma': 0.35125707062751604, 'sigma_update': 0.6871990904732306, 'eta_learning': 0.013340151319549645, 'sigma_boundary': 0.13932780259026423, 'alpha': 0.13700987345128413}. Best is trial 72 with value: 0.0125285909066063.
[I 2026-03-19 02:35:48,476] Trial 77 finished with value: 0.058570903707923574 and parameters: {'sigma_noise': 0.12392182598370911, 'A_repulsion': 0.37765314726267474, 'gamma': 0.7507638821048411, 'sigma_update': 0.6567175853528615, 'eta_learning': 0.025125282405070684, 'sigma_boundary': 0.07754131273881737, 'alpha': 0.2574854191629013}. Best is trial 72 with value: 0.0125285909066063.
[I 2026-03-19 02:35:51,733] Trial 78 finished with value: 0.051060369784638814 and parameters: {'sigma_noise': 0.11809102675774887, 'A_repulsion': 0.4030665327945091, 'gamma': 0.7299208640734911, 'sigma_update': 0.4363902349786685, 'eta_learning': 0.01098009215272723, 'sigma_boundary': 0.09549367939190212, 'alpha': 0.19457695922531024}. Best is trial 72 with value: 0.0125285909066063.
[I 2026-03-19 02:35:53,873] Trial 59 finished with value: 0.16046400801740593 and parameters: {'sigma_noise': 0.43243076445495443, 'A_repulsion': 0.2824651419340087, 'gamma': 0.6941801495912381, 'sigma_update': 0.6704691733434043, 'eta_learning': 0.10774804311005526, 'sigma_boundary': 6.174224825713792, 'alpha': 0.2377291576879698}. Best is trial 72 with value: 0.0125285909066063.
[I 2026-03-19 02:35:56,976] Trial 62 finished with value: 0.07596150008152788 and parameters: {'sigma_noise': 0.42758588918604656, 'A_repulsion': 0.2981769390004337, 'gamma': 0.35980358358184983, 'sigma_update': 0.6890815697134081, 'eta_learning': 0.022345333651537208, 'sigma_boundary': 6.445098642294383, 'alpha': 0.22566708584859235}. Best is trial 72 with value: 0.0125285909066063.
[I 2026-03-19 02:35:58,807] Trial 80 finished with value: 0.061558930070381136 and parameters: {'sigma_noise': 0.12250038570334448, 'A_repulsion': 0.381756948999621, 'gamma': 0.7475832708590385, 'sigma_update': 0.682163715010761, 'eta_learning': 0.15933356677703414, 'sigma_boundary': 0.17049065107526773, 'alpha': 0.654507805658997}. Best is trial 72 with value: 0.0125285909066063.
[I 2026-03-19 02:36:11,367] Trial 81 finished with value: 0.12270453744195411 and parameters: {'sigma_noise': 0.11674039951724763, 'A_repulsion': 0.37535653034994665, 'gamma': 0.7662355232159299, 'sigma_update': 0.6856823717312904, 'eta_learning': 0.05501920086551676, 'sigma_boundary': 0.09955752207213564, 'alpha': 0.16434405904293398}. Best is trial 72 with value: 0.0125285909066063.
[I 2026-03-19 02:36:16,006] Trial 79 finished with value: 0.0969245723523789 and parameters: {'sigma_noise': 0.12864537385066022, 'A_repulsion': 0.3815999143103243, 'gamma': 0.7343017445758051, 'sigma_update': 0.6940874922701948, 'eta_learning': 0.017506075476087457, 'sigma_boundary': 0.658495223558063, 'alpha': 0.2019841023060197}. Best is trial 72 with value: 0.0125285909066063.
[I 2026-03-19 02:36:19,718] Trial 82 finished with value: 0.08213716181070028 and parameters: {'sigma_noise': 0.12244769063702282, 'A_repulsion': 0.3811132809529627, 'gamma': 0.7609388373986178, 'sigma_update': 0.4511360844395672, 'eta_learning': 0.17926776399498234, 'sigma_boundary': 0.15433406169011532, 'alpha': 0.21373573052836087}. Best is trial 72 with value: 0.0125285909066063.
[I 2026-03-19 02:36:44,426] Trial 83 finished with value: 0.01535461680266199 and parameters: {'sigma_noise': 0.13622041491838358, 'A_repulsion': 0.37536967870549653, 'gamma': 0.7660902761607442, 'sigma_update': 0.6561396921807079, 'eta_learning': 1.7683355410597148, 'sigma_boundary': 0.3250417254665958, 'alpha': 0.61785087520859}. Best is trial 72 with value: 0.0125285909066063.
[I 2026-03-19 02:36:44,625] Trial 84 finished with value: 0.07449946760791612 and parameters: {'sigma_noise': 0.12837612486797384, 'A_repulsion': 0.40351125796310755, 'gamma': 0.7894699941828954, 'sigma_update': 0.6651140025404672, 'eta_learning': 0.02014208512559361, 'sigma_boundary': 0.18666886728465748, 'alpha': 0.6306658866524888}. Best is trial 72 with value: 0.0125285909066063.
[I 2026-03-19 02:36:58,584] Trial 63 finished with value: 0.12699082133081796 and parameters: {'sigma_noise': 0.4215111892688107, 'A_repulsion': 0.38552640348670725, 'gamma': 0.34775253194819705, 'sigma_update': 0.6591499550485952, 'eta_learning': 0.04001213419842109, 'sigma_boundary': 6.4468348221106755, 'alpha': 0.17937276559775256}. Best is trial 72 with value: 0.0125285909066063.
[I 2026-03-19 02:37:10,493] Trial 87 finished with value: 0.012460229311296632 and parameters: {'sigma_noise': 0.12281551074253101, 'A_repulsion': 0.375841692310654, 'gamma': 0.7709682877986195, 'sigma_update': 0.16656640583710117, 'eta_learning': 0.10796906913032456, 'sigma_boundary': 5.451269172693372, 'alpha': 0.17945682832062326}. Best is trial 87 with value: 0.012460229311296632.
[I 2026-03-19 02:37:18,520] Trial 88 finished with value: 0.01665709893511125 and parameters: {'sigma_noise': 0.13214962209818826, 'A_repulsion': 0.3712094432758844, 'gamma': 0.6257201531988608, 'sigma_update': 0.43165356543603883, 'eta_learning': 1.7403756402842983, 'sigma_boundary': 0.7115392460287777, 'alpha': 0.6190004866245021}. Best is trial 87 with value: 0.012460229311296632.
[I 2026-03-19 02:37:26,538] Trial 92 finished with value: 0.1745988452572462 and parameters: {'sigma_noise': 0.10747860319144603, 'A_repulsion': 0.3674648130003624, 'gamma': 0.6348151508641197, 'sigma_update': 0.44284862113402496, 'eta_learning': 0.4966697749662753, 'sigma_boundary': 5.550596778596661, 'alpha': 0.17263012242770104}. Best is trial 87 with value: 0.012460229311296632.
[I 2026-03-19 02:37:27,391] Trial 86 finished with value: 0.20144556139271316 and parameters: {'sigma_noise': 0.12996387165325599, 'A_repulsion': 0.3800010932144867, 'gamma': 0.7531168285168126, 'sigma_update': 0.4225731122674968, 'eta_learning': 0.042057795053797586, 'sigma_boundary': 0.24001446401539495, 'alpha': 0.16659750776696075}. Best is trial 87 with value: 0.012460229311296632.
[I 2026-03-19 02:37:31,705] Trial 90 finished with value: 0.274699500770447 and parameters: {'sigma_noise': 0.11828862288359929, 'A_repulsion': 0.37583034174803287, 'gamma': 0.6225585416477943, 'sigma_update': 0.1762201422325349, 'eta_learning': 0.549209227372023, 'sigma_boundary': 5.081448081170141, 'alpha': 0.1601278868558086}. Best is trial 87 with value: 0.012460229311296632.
[I 2026-03-19 02:37:32,754] Trial 89 finished with value: 0.4342166637270658 and parameters: {'sigma_noise': 0.11942657002482188, 'A_repulsion': 0.3776387267678807, 'gamma': 0.6148990639353167, 'sigma_update': 0.17921597700422096, 'eta_learning': 1.7573204969318659, 'sigma_boundary': 5.514911849608797, 'alpha': 0.17035132970798766}. Best is trial 87 with value: 0.012460229311296632.
[I 2026-03-19 02:37:34,475] Trial 93 finished with value: 0.20501244577756203 and parameters: {'sigma_noise': 0.11535181727731605, 'A_repulsion': 0.37170394631803216, 'gamma': 0.6517202355836054, 'sigma_update': 0.18426140894884163, 'eta_learning': 0.5416769036061668, 'sigma_boundary': 5.298550495586253, 'alpha': 0.18111490045926493}. Best is trial 87 with value: 0.012460229311296632.
[I 2026-03-19 02:37:58,223] Trial 91 finished with value: 0.3516584512328785 and parameters: {'sigma_noise': 0.1397203338254021, 'A_repulsion': 0.37052198615434234, 'gamma': 0.6497330759845286, 'sigma_update': 0.17384722180291587, 'eta_learning': 0.6101075561353965, 'sigma_boundary': 0.8217290412367192, 'alpha': 0.16032352173042996}. Best is trial 87 with value: 0.012460229311296632.
[I 2026-03-19 02:38:03,980] Trial 94 finished with value: 0.016074055612569204 and parameters: {'sigma_noise': 0.12225834444102802, 'A_repulsion': 0.36150663530203025, 'gamma': 0.66592456246073, 'sigma_update': 0.6361378663619175, 'eta_learning': 1.777758690852405, 'sigma_boundary': 0.8086141960421183, 'alpha': 0.6326336627397829}. Best is trial 87 with value: 0.012460229311296632.
[I 2026-03-19 02:38:06,948] Trial 95 finished with value: 0.2634052614582408 and parameters: {'sigma_noise': 0.11769462715346968, 'A_repulsion': 0.37044936731506906, 'gamma': 0.6140326895055187, 'sigma_update': 0.624259603020108, 'eta_learning': 0.5578779905962262, 'sigma_boundary': 0.8588998598712606, 'alpha': 0.17291975984527222}. Best is trial 87 with value: 0.012460229311296632.
[I 2026-03-19 02:38:11,435] Trial 101 finished with value: 0.024805622624131548 and parameters: {'sigma_noise': 0.11324193200024044, 'A_repulsion': 0.273919802680386, 'gamma': 0.6077349839260905, 'sigma_update': 0.6227253696841097, 'eta_learning': 0.5586710280801324, 'sigma_boundary': 5.688926485208288, 'alpha': 0.8846576369288381}. Best is trial 87 with value: 0.012460229311296632.
[I 2026-03-19 02:38:14,070] Trial 96 finished with value: 0.2568283001305774 and parameters: {'sigma_noise': 0.11487181238334543, 'A_repulsion': 0.3718523425599591, 'gamma': 0.6000103474938261, 'sigma_update': 0.42049825426106535, 'eta_learning': 0.5512808532112502, 'sigma_boundary': 5.418283023080388, 'alpha': 0.16239502914636833}. Best is trial 87 with value: 0.012460229311296632.
[I 2026-03-19 02:38:15,911] Trial 97 finished with value: 0.31946243235711186 and parameters: {'sigma_noise': 0.1301210757299017, 'A_repulsion': 0.36410006875171275, 'gamma': 0.619126714276083, 'sigma_update': 0.6332678602103161, 'eta_learning': 0.5696258009921968, 'sigma_boundary': 5.496229306878464, 'alpha': 0.18309626082384636}. Best is trial 87 with value: 0.012460229311296632.
[I 2026-03-19 02:38:20,372] Trial 102 finished with value: 0.028573414745343213 and parameters: {'sigma_noise': 0.11265176937068805, 'A_repulsion': 0.2847088393614435, 'gamma': 0.6643416790824235, 'sigma_update': 0.6352746254146985, 'eta_learning': 0.600134209984189, 'sigma_boundary': 0.9661707971947879, 'alpha': 0.8430768859805049}. Best is trial 87 with value: 0.012460229311296632.
[I 2026-03-19 02:38:21,886] Trial 98 finished with value: 0.27993609536063013 and parameters: {'sigma_noise': 0.10997755193384606, 'A_repulsion': 0.3600064516817941, 'gamma': 0.6209223747648736, 'sigma_update': 0.6402061311342396, 'eta_learning': 0.5976761132961201, 'sigma_boundary': 5.699202910598083, 'alpha': 0.18394128873551424}. Best is trial 87 with value: 0.012460229311296632.
[I 2026-03-19 02:38:23,207] Trial 85 finished with value: 0.020421869119518564 and parameters: {'sigma_noise': 0.28118155345871604, 'A_repulsion': 0.3689585452088535, 'gamma': 0.7826734290312383, 'sigma_update': 0.6687904328665426, 'eta_learning': 0.057146103653464925, 'sigma_boundary': 5.456552794024029, 'alpha': 0.6311361300087872}. Best is trial 87 with value: 0.012460229311296632.
[I 2026-03-19 02:38:28,619] Trial 99 finished with value: 0.3841816374342139 and parameters: {'sigma_noise': 0.12360800752289816, 'A_repulsion': 0.36238574413960956, 'gamma': 0.6815073502977556, 'sigma_update': 0.6335193826080378, 'eta_learning': 0.6441086173249082, 'sigma_boundary': 5.53451566704976, 'alpha': 0.16124021627795643}. Best is trial 87 with value: 0.012460229311296632.
[I 2026-03-19 02:38:39,719] Trial 103 finished with value: 0.027304784576247375 and parameters: {'sigma_noise': 0.10736183395451701, 'A_repulsion': 0.2686694913265242, 'gamma': 0.6350127247386028, 'sigma_update': 0.6394093459748631, 'eta_learning': 0.5607563738466208, 'sigma_boundary': 5.745289854065255, 'alpha': 0.8718385239873625}. Best is trial 87 with value: 0.012460229311296632.
[I 2026-03-19 02:38:54,880] Trial 100 finished with value: 0.014403768216537148 and parameters: {'sigma_noise': 0.172474297808611, 'A_repulsion': 0.2807139836005454, 'gamma': 0.6140351174198173, 'sigma_update': 0.6403505414259858, 'eta_learning': 0.5624391995705749, 'sigma_boundary': 5.508293261606889, 'alpha': 0.868396973878721}. Best is trial 87 with value: 0.012460229311296632.
[I 2026-03-19 02:38:56,919] Trial 106 finished with value: 0.023698754870792527 and parameters: {'sigma_noise': 0.10713216322014513, 'A_repulsion': 0.2801188964923251, 'gamma': 0.5861188621945691, 'sigma_update': 0.6292041721052528, 'eta_learning': 0.5574122454727938, 'sigma_boundary': 5.713867557153082, 'alpha': 0.8632679752420245}. Best is trial 87 with value: 0.012460229311296632.
[I 2026-03-19 02:39:02,725] Trial 104 finished with value: 0.030382596518780218 and parameters: {'sigma_noise': 0.11011136859403876, 'A_repulsion': 0.35629066132139914, 'gamma': 0.6441175935614305, 'sigma_update': 0.6340165106117511, 'eta_learning': 0.561485324100468, 'sigma_boundary': 5.6893191782983905, 'alpha': 0.8768954253299246}. Best is trial 87 with value: 0.012460229311296632.
[I 2026-03-19 02:39:06,982] Trial 107 finished with value: 0.026772805766529406 and parameters: {'sigma_noise': 0.10558229892818839, 'A_repulsion': 0.36337405897340097, 'gamma': 0.6025218726421397, 'sigma_update': 0.6331812859328164, 'eta_learning': 0.5884650809955768, 'sigma_boundary': 5.463164978402907, 'alpha': 0.8743483755173798}. Best is trial 87 with value: 0.012460229311296632.
[I 2026-03-19 02:39:13,510] Trial 109 finished with value: 0.017599858238902828 and parameters: {'sigma_noise': 0.1105070335187873, 'A_repulsion': 0.27775343824741083, 'gamma': 0.5843848371459527, 'sigma_update': 0.6300085951660573, 'eta_learning': 0.22679597065661877, 'sigma_boundary': 5.377392053588363, 'alpha': 0.6415296408841664}. Best is trial 87 with value: 0.012460229311296632.
[I 2026-03-19 02:39:14,668] Trial 108 finished with value: 0.02900369986798638 and parameters: {'sigma_noise': 0.10853839137493237, 'A_repulsion': 0.36039128652580116, 'gamma': 0.6088886844890407, 'sigma_update': 0.6205463720664262, 'eta_learning': 0.5522187162693428, 'sigma_boundary': 1.3206040058644732, 'alpha': 0.8826194256625256}. Best is trial 87 with value: 0.012460229311296632.
[I 2026-03-19 02:39:20,750] Trial 105 finished with value: 0.027540701013945457 and parameters: {'sigma_noise': 0.11016968561971546, 'A_repulsion': 0.36107735671422203, 'gamma': 0.6191593933354445, 'sigma_update': 0.6354263628331773, 'eta_learning': 0.5500539068549648, 'sigma_boundary': 0.795607905616418, 'alpha': 0.8699157689715786}. Best is trial 87 with value: 0.012460229311296632.
[I 2026-03-19 02:39:28,962] Trial 110 finished with value: 0.0206073822478697 and parameters: {'sigma_noise': 0.10811009926405822, 'A_repulsion': 0.27887637033201773, 'gamma': 0.46670178220037883, 'sigma_update': 0.6341900462959236, 'eta_learning': 0.5446033719069392, 'sigma_boundary': 0.8362433975713895, 'alpha': 0.9028006630635446}. Best is trial 87 with value: 0.012460229311296632.
[I 2026-03-19 02:39:37,277] Trial 112 finished with value: 0.02417518990775598 and parameters: {'sigma_noise': 0.10618920036742444, 'A_repulsion': 0.2801072991173837, 'gamma': 0.5829983727633081, 'sigma_update': 0.6322099746686367, 'eta_learning': 0.5176698905774411, 'sigma_boundary': 1.064672930695745, 'alpha': 0.8623391005619201}. Best is trial 87 with value: 0.012460229311296632.
