[I 2026-03-19 02:47:50,040] Trial 170 finished with value: 0.014879270091188772 and parameters: {'sigma_noise': 0.18685160777727414, 'A_repulsion': 0.25547828227779, 'gamma': 0.49856048967714517, 'sigma_update': 0.5968830923829088, 'eta_learning': 0.7116425008528202, 'sigma_boundary': 1.7593605631163058, 'alpha': 0.919058596829559}. Best is trial 87 with value: 0.012460229311296632.
[I 2026-03-19 02:47:59,984] Trial 171 finished with value: 0.021266832036179458 and parameters: {'sigma_noise': 0.1895488473394256, 'A_repulsion': 0.25889792663469957, 'gamma': 0.520364818802132, 'sigma_update': 0.5841259127515412, 'eta_learning': 0.7229833849447235, 'sigma_boundary': 1.67718469644878, 'alpha': 0.7005913277826692}. Best is trial 87 with value: 0.012460229311296632.
[I 2026-03-19 02:48:07,268] Trial 169 finished with value: 0.020290302691531256 and parameters: {'sigma_noise': 0.18849833545455155, 'A_repulsion': 0.3390150197492894, 'gamma': 0.4907562820694896, 'sigma_update': 0.58037416201242, 'eta_learning': 0.3947929191388472, 'sigma_boundary': 1.8894799657958723, 'alpha': 0.7299451249662812}. Best is trial 87 with value: 0.012460229311296632.
[I 2026-03-19 02:48:09,537] Trial 172 finished with value: 0.018459048807873628 and parameters: {'sigma_noise': 0.18517644838841285, 'A_repulsion': 0.3276492275343174, 'gamma': 0.5203279693705803, 'sigma_update': 0.5865257660791612, 'eta_learning': 0.754173498633895, 'sigma_boundary': 1.8394657888117016, 'alpha': 0.7446562883662007}. Best is trial 87 with value: 0.012460229311296632.
[I 2026-03-19 02:48:11,367] Trial 173 finished with value: 0.028099888501438207 and parameters: {'sigma_noise': 0.19030779629463884, 'A_repulsion': 0.2543049431990603, 'gamma': 0.4250463246419795, 'sigma_update': 0.5763097685336341, 'eta_learning': 0.738457261310829, 'sigma_boundary': 1.745742958187626, 'alpha': 0.6988100291741433}. Best is trial 87 with value: 0.012460229311296632.
[I 2026-03-19 02:48:14,216] Trial 167 finished with value: 0.01969495805428926 and parameters: {'sigma_noise': 0.19006506794197353, 'A_repulsion': 0.4483874752442325, 'gamma': 0.5273016961894563, 'sigma_update': 0.5957987158729126, 'eta_learning': 0.7232584332650855, 'sigma_boundary': 1.88066447321683, 'alpha': 0.740841398016973}. Best is trial 87 with value: 0.012460229311296632.
[I 2026-03-19 02:48:14,485] Trial 174 finished with value: 0.01621412095227855 and parameters: {'sigma_noise': 0.19020506352024028, 'A_repulsion': 0.2563321580084056, 'gamma': 0.5055597132138187, 'sigma_update': 0.5904443508561246, 'eta_learning': 0.7365450495891872, 'sigma_boundary': 1.931796244043999, 'alpha': 0.8171163771278841}. Best is trial 87 with value: 0.012460229311296632.
[I 2026-03-19 02:48:21,180] Trial 176 finished with value: 0.021801347834082448 and parameters: {'sigma_noise': 0.18859048154772462, 'A_repulsion': 0.24909039082447, 'gamma': 0.5164103861226252, 'sigma_update': 0.5913345798297486, 'eta_learning': 0.8138754833384987, 'sigma_boundary': 1.9567074741508992, 'alpha': 0.7224018242639905}. Best is trial 87 with value: 0.012460229311296632.
[I 2026-03-19 02:48:21,483] Trial 180 finished with value: 0.017373089426526763 and parameters: {'sigma_noise': 0.18521924039292237, 'A_repulsion': 0.2561046062713536, 'gamma': 0.5207575576775786, 'sigma_update': 0.6021531903768484, 'eta_learning': 0.3987390987897297, 'sigma_boundary': 2.122709675741217, 'alpha': 0.7430302905080148}. Best is trial 87 with value: 0.012460229311296632.
[I 2026-03-19 02:48:21,572] Trial 178 finished with value: 0.022382191563082986 and parameters: {'sigma_noise': 0.1914549505825953, 'A_repulsion': 0.2571004200768532, 'gamma': 0.5174470974445499, 'sigma_update': 0.6059749122670998, 'eta_learning': 0.6823479084631671, 'sigma_boundary': 1.8420569841521715, 'alpha': 0.7273661879825564}. Best is trial 87 with value: 0.012460229311296632.
[I 2026-03-19 02:48:24,510] Trial 175 finished with value: 0.021272599256093545 and parameters: {'sigma_noise': 0.19447581323128788, 'A_repulsion': 0.2517900263440798, 'gamma': 0.5279089461071222, 'sigma_update': 0.5725189910451349, 'eta_learning': 0.745990531506106, 'sigma_boundary': 2.1069364619479876, 'alpha': 0.709910060305927}. Best is trial 87 with value: 0.012460229311296632.
[I 2026-03-19 02:48:25,605] Trial 179 finished with value: 0.014321812311358132 and parameters: {'sigma_noise': 0.19312697487094613, 'A_repulsion': 0.2545988146261336, 'gamma': 0.5107731485061748, 'sigma_update': 0.5543167707568973, 'eta_learning': 0.4482275859059994, 'sigma_boundary': 0.5318259968806601, 'alpha': 0.8167734602960158}. Best is trial 87 with value: 0.012460229311296632.
[I 2026-03-19 02:48:26,991] Trial 181 finished with value: 0.016158348900353465 and parameters: {'sigma_noise': 0.18839986128296538, 'A_repulsion': 0.24758803513077454, 'gamma': 0.5125373153968549, 'sigma_update': 0.6034443748059589, 'eta_learning': 0.7447487456735231, 'sigma_boundary': 2.020202833483703, 'alpha': 0.8218318559899965}. Best is trial 87 with value: 0.012460229311296632.
[I 2026-03-19 02:48:30,494] Trial 184 finished with value: 0.01810101921353437 and parameters: {'sigma_noise': 0.18257289996048257, 'A_repulsion': 0.24968755330135278, 'gamma': 0.5012959886606059, 'sigma_update': 0.6523288814183282, 'eta_learning': 0.7365218293151137, 'sigma_boundary': 1.9990357672772054, 'alpha': 0.8169034510174451}. Best is trial 87 with value: 0.012460229311296632.
[I 2026-03-19 02:48:31,107] Trial 177 finished with value: 0.019214390539403842 and parameters: {'sigma_noise': 0.18899864996563656, 'A_repulsion': 0.32913110355549313, 'gamma': 0.5246053425936559, 'sigma_update': 0.6046674203180209, 'eta_learning': 0.8434235869280444, 'sigma_boundary': 1.855507532914447, 'alpha': 0.7470452061568112}. Best is trial 87 with value: 0.012460229311296632.
[I 2026-03-19 02:48:38,846] Trial 183 finished with value: 0.015958620664118153 and parameters: {'sigma_noise': 0.18730457396659828, 'A_repulsion': 0.32736969832478086, 'gamma': 0.5190466003946325, 'sigma_update': 0.6061653572563684, 'eta_learning': 0.7545571901424335, 'sigma_boundary': 2.019588085760778, 'alpha': 0.8215802650806748}. Best is trial 87 with value: 0.012460229311296632.
[I 2026-03-19 02:48:40,034] Trial 185 finished with value: 0.018339689737167472 and parameters: {'sigma_noise': 0.19017499941527682, 'A_repulsion': 0.29360517970358796, 'gamma': 0.4932133201976283, 'sigma_update': 0.6064686798252827, 'eta_learning': 0.7076632659221365, 'sigma_boundary': 2.0008992263404473, 'alpha': 0.7987722536474078}. Best is trial 87 with value: 0.012460229311296632.
[I 2026-03-19 02:48:47,486] Trial 182 finished with value: 0.01634475620621064 and parameters: {'sigma_noise': 0.18668464253481448, 'A_repulsion': 0.4504663848682544, 'gamma': 0.4985263978287293, 'sigma_update': 0.6081026256296762, 'eta_learning': 0.7561799621795534, 'sigma_boundary': 1.8933282162095422, 'alpha': 0.8238995200000298}. Best is trial 87 with value: 0.012460229311296632.
[I 2026-03-19 02:48:50,128] Trial 188 finished with value: 0.019661336824500872 and parameters: {'sigma_noise': 0.18561123090009513, 'A_repulsion': 0.3291411396115025, 'gamma': 0.5219204534005099, 'sigma_update': 0.6066100958282719, 'eta_learning': 0.7466498525152393, 'sigma_boundary': 2.0071040570151313, 'alpha': 0.7494358822392962}. Best is trial 87 with value: 0.012460229311296632.
[I 2026-03-19 02:48:52,186] Trial 186 finished with value: 0.01679151405847055 and parameters: {'sigma_noise': 0.19723163873698157, 'A_repulsion': 0.3280906509688557, 'gamma': 0.5182099958742006, 'sigma_update': 0.6048415487418459, 'eta_learning': 0.6983690284370465, 'sigma_boundary': 1.9677556236135936, 'alpha': 0.8197388017384232}. Best is trial 87 with value: 0.012460229311296632.
[I 2026-03-19 02:48:53,277] Trial 187 finished with value: 0.019192227991519508 and parameters: {'sigma_noise': 0.19082068970306557, 'A_repulsion': 0.3318480518154507, 'gamma': 0.5221570683843249, 'sigma_update': 0.6082496973819705, 'eta_learning': 0.7449179419136768, 'sigma_boundary': 1.9751697013717313, 'alpha': 0.7528793629988515}. Best is trial 87 with value: 0.012460229311296632.
[I 2026-03-19 02:48:54,982] Trial 191 finished with value: 0.020915686828158284 and parameters: {'sigma_noise': 0.18996584579006742, 'A_repulsion': 0.32755342096919643, 'gamma': 0.5075706405715483, 'sigma_update': 0.6072451913322994, 'eta_learning': 0.7467174950792814, 'sigma_boundary': 2.0242836700368643, 'alpha': 0.7465022765937438}. Best is trial 87 with value: 0.012460229311296632.
[I 2026-03-19 02:48:57,314] Trial 190 finished with value: 0.018736898210376024 and parameters: {'sigma_noise': 0.1887680448828022, 'A_repulsion': 0.3265155816697598, 'gamma': 0.5193167413900202, 'sigma_update': 0.6512596050863302, 'eta_learning': 0.7045385751126279, 'sigma_boundary': 2.0339687538934035, 'alpha': 0.7994400509886567}. Best is trial 87 with value: 0.012460229311296632.
[I 2026-03-19 02:48:58,382] Trial 192 finished with value: 0.018336618083469713 and parameters: {'sigma_noise': 0.19119029522591746, 'A_repulsion': 0.33071710289826023, 'gamma': 0.49925926765671497, 'sigma_update': 0.6067717613131165, 'eta_learning': 0.8719896151948872, 'sigma_boundary': 2.032705526233579, 'alpha': 0.8148893169283935}. Best is trial 87 with value: 0.012460229311296632.
[I 2026-03-19 02:48:59,043] Trial 189 finished with value: 0.021980142488065534 and parameters: {'sigma_noise': 0.19171605107229012, 'A_repulsion': 0.4168037290564058, 'gamma': 0.5093615378052492, 'sigma_update': 0.606836601585633, 'eta_learning': 0.7593044467804614, 'sigma_boundary': 2.076764110579144, 'alpha': 0.7446555712977352}. Best is trial 87 with value: 0.012460229311296632.
[I 2026-03-19 02:49:07,990] Trial 193 finished with value: 0.026629465902093676 and parameters: {'sigma_noise': 0.17858764293785576, 'A_repulsion': 0.3241855321094364, 'gamma': 0.49051160506439817, 'sigma_update': 0.6534233884825702, 'eta_learning': 0.8133918099333495, 'sigma_boundary': 2.2250083359010873, 'alpha': 0.7463115512698388}. Best is trial 87 with value: 0.012460229311296632.
[I 2026-03-19 02:49:08,872] Trial 194 finished with value: 0.02415959506146261 and parameters: {'sigma_noise': 0.19459293083062607, 'A_repulsion': 0.32685776474889333, 'gamma': 0.4991136362717443, 'sigma_update': 0.6092768376408658, 'eta_learning': 0.7588795666286702, 'sigma_boundary': 2.3952139922899374, 'alpha': 0.7495351962559567}. Best is trial 87 with value: 0.012460229311296632.
[I 2026-03-19 02:49:09,746] Trial 195 finished with value: 0.018377760077864236 and parameters: {'sigma_noise': 0.19446271128417364, 'A_repulsion': 0.32739928621322795, 'gamma': 0.49228142463309843, 'sigma_update': 0.6058827619542964, 'eta_learning': 0.4464156422616022, 'sigma_boundary': 1.98149996400985, 'alpha': 0.7961435315143748}. Best is trial 87 with value: 0.012460229311296632.
[I 2026-03-19 02:49:09,969] Trial 196 finished with value: 0.02151547420837479 and parameters: {'sigma_noise': 0.19368550837273835, 'A_repulsion': 0.3268376661286449, 'gamma': 0.4891092404552969, 'sigma_update': 0.6505815759953546, 'eta_learning': 0.9064210885295907, 'sigma_boundary': 1.9435282532814764, 'alpha': 0.8058616248739378}. Best is trial 87 with value: 0.012460229311296632.
[I 2026-03-19 02:49:10,036] Trial 197 finished with value: 0.023392566141886634 and parameters: {'sigma_noise': 0.18258069955745426, 'A_repulsion': 0.3320168726268494, 'gamma': 0.4276642659741178, 'sigma_update': 0.6548973686018519, 'eta_learning': 0.6973075764552255, 'sigma_boundary': 0.6416221386914689, 'alpha': 0.8009607677967274}. Best is trial 87 with value: 0.012460229311296632.
[I 2026-03-19 02:49:13,632] Trial 199 finished with value: 0.02431629128790083 and parameters: {'sigma_noise': 0.17629654032803307, 'A_repulsion': 0.32870488948146587, 'gamma': 0.42036597342112997, 'sigma_update': 0.6536828633245177, 'eta_learning': 1.434571288254275, 'sigma_boundary': 1.9734050765694378, 'alpha': 0.8217809615886366}. Best is trial 87 with value: 0.012460229311296632.
[I 2026-03-19 02:49:14,237] Trial 198 finished with value: 0.026927742979451413 and parameters: {'sigma_noise': 0.19745908833370263, 'A_repulsion': 0.4488162203451698, 'gamma': 0.4215839067500615, 'sigma_update': 0.6534670577752936, 'eta_learning': 0.825875273205825, 'sigma_boundary': 2.057205291574774, 'alpha': 0.8185281314274013}. Best is trial 87 with value: 0.012460229311296632.
