/nfs/nhome/live/apourdehghan/Hybrid_hpc_utils.py:56: DtypeWarning: Columns (16) have mixed types. Specify dtype option on import or set low_memory=False.
  data = pd.read_csv(data_path)
[I 2026-03-19 02:23:09,681] A new study created in memory with name: no-name-0e2c725a-4882-4276-9ad1-e20b43caef62
[I 2026-03-19 02:26:26,107] Trial 3 finished with value: 0.019716893964834288 and parameters: {'sigma_noise': 0.06459295783490436, 'A_repulsion': 0.09252084619041179, 'gamma': 0.6907104772344365, 'sigma_update': 0.5642201393604636, 'eta_learning': 0.32746112227847163, 'sigma_boundary': 4.83888719064953, 'alpha': 0.13429437819739243}. Best is trial 3 with value: 0.019716893964834288.
[I 2026-03-19 02:26:41,123] Trial 8 finished with value: 0.034051093663884646 and parameters: {'sigma_noise': 0.06699583153534548, 'A_repulsion': 0.16699099061187594, 'gamma': 0.20046149857490092, 'sigma_update': 0.37406283796438544, 'eta_learning': 1.032228187174961, 'sigma_boundary': 4.6654122439489925, 'alpha': 0.5745462785296221}. Best is trial 3 with value: 0.019716893964834288.
[I 2026-03-19 02:26:53,759] Trial 21 finished with value: 0.02605568814425921 and parameters: {'sigma_noise': 0.08457114707764934, 'A_repulsion': 0.1532739055021623, 'gamma': 0.5172160780869223, 'sigma_update': 0.34238171951803037, 'eta_learning': 1.3227474421929355, 'sigma_boundary': 8.05069994421481, 'alpha': 0.5621256823467927}. Best is trial 3 with value: 0.019716893964834288.
[I 2026-03-19 02:26:54,672] Trial 4 finished with value: 0.03860443353421947 and parameters: {'sigma_noise': 0.07935907571957297, 'A_repulsion': 0.19997681616311191, 'gamma': 0.5594367200505123, 'sigma_update': 0.23812243613812686, 'eta_learning': 2.3623893767492263, 'sigma_boundary': 8.707477335538737, 'alpha': 0.7442203362986142}. Best is trial 3 with value: 0.019716893964834288.
[I 2026-03-19 02:27:08,410] Trial 29 finished with value: 0.06564096207375268 and parameters: {'sigma_noise': 0.0909530998017766, 'A_repulsion': 0.21004775094967115, 'gamma': 0.14039605590488843, 'sigma_update': 0.5197741907372201, 'eta_learning': 2.2853496919048406, 'sigma_boundary': 1.8353441754241009, 'alpha': 0.4545403469569743}. Best is trial 3 with value: 0.019716893964834288.
[I 2026-03-19 02:27:15,857] Trial 26 finished with value: 0.3834829694326816 and parameters: {'sigma_noise': 0.08125705874018566, 'A_repulsion': 0.23067468020550091, 'gamma': 0.9885041096139856, 'sigma_update': 0.5204094392181855, 'eta_learning': 2.926534814857384, 'sigma_boundary': 2.7174542927185996, 'alpha': 0.04729319115288755}. Best is trial 3 with value: 0.019716893964834288.
[I 2026-03-19 02:27:18,077] Trial 5 finished with value: 0.20201985657016563 and parameters: {'sigma_noise': 0.17938336623923862, 'A_repulsion': 0.09885469418448001, 'gamma': 0.9370863275261967, 'sigma_update': 0.5437954432489296, 'eta_learning': 0.4045024307824374, 'sigma_boundary': 6.212379544430586, 'alpha': 0.05231518334513463}. Best is trial 3 with value: 0.019716893964834288.
[I 2026-03-19 02:27:20,400] Trial 10 finished with value: 0.029815897270991043 and parameters: {'sigma_noise': 0.09829062633609209, 'A_repulsion': 0.26859934957858317, 'gamma': 0.5913748710388731, 'sigma_update': 0.3519821229976799, 'eta_learning': 1.001553966092409, 'sigma_boundary': 1.1496129030147368, 'alpha': 0.6732335100022919}. Best is trial 3 with value: 0.019716893964834288.
[I 2026-03-19 02:27:21,251] Trial 28 finished with value: 0.03648392355155937 and parameters: {'sigma_noise': 0.05346761492577459, 'A_repulsion': 0.42799634466726405, 'gamma': 0.5015224845455678, 'sigma_update': 0.5024473002718468, 'eta_learning': 2.839548765659689, 'sigma_boundary': 9.596169856165206, 'alpha': 0.5377361277775661}. Best is trial 3 with value: 0.019716893964834288.
[I 2026-03-19 02:27:30,572] Trial 25 finished with value: 0.1520253858168415 and parameters: {'sigma_noise': 0.1601885856562107, 'A_repulsion': 0.2093874288080036, 'gamma': 0.747564921916073, 'sigma_update': 0.5624076235351014, 'eta_learning': 0.32713662975603935, 'sigma_boundary': 8.142999544162423, 'alpha': 0.0681511163819506}. Best is trial 3 with value: 0.019716893964834288.
[I 2026-03-19 02:27:41,430] Trial 33 finished with value: 0.4701209187966466 and parameters: {'sigma_noise': 0.06196932628288217, 'A_repulsion': 0.4353364984107593, 'gamma': 0.038168098096227024, 'sigma_update': 0.22321795252415833, 'eta_learning': 1.9753196187369135, 'sigma_boundary': 2.2981950367707475, 'alpha': 0.061875789074219756}. Best is trial 3 with value: 0.019716893964834288.
[I 2026-03-19 02:27:41,523] Trial 11 finished with value: 0.04313914768935463 and parameters: {'sigma_noise': 0.10580801582971655, 'A_repulsion': 0.3461592497736809, 'gamma': 0.8166546735467335, 'sigma_update': 0.4680312517475512, 'eta_learning': 0.8207762675539341, 'sigma_boundary': 3.3699945784261405, 'alpha': 0.7754927599567392}. Best is trial 3 with value: 0.019716893964834288.
[I 2026-03-19 02:27:41,923] Trial 0 finished with value: 0.02528862463970928 and parameters: {'sigma_noise': 0.14010700332269493, 'A_repulsion': 0.34652620600641326, 'gamma': 0.21038480150847302, 'sigma_update': 0.48439900199745595, 'eta_learning': 0.8342914018463655, 'sigma_boundary': 2.134969383746014, 'alpha': 0.7643113613566098}. Best is trial 3 with value: 0.019716893964834288.
[I 2026-03-19 02:27:42,772] Trial 39 finished with value: 0.04240672678523605 and parameters: {'sigma_noise': 0.07156503028283004, 'A_repulsion': 0.49234206627072424, 'gamma': 0.15504646364235952, 'sigma_update': 0.22024061287226573, 'eta_learning': 1.5413547791597215, 'sigma_boundary': 3.3569985091754035, 'alpha': 0.46592825730761434}. Best is trial 3 with value: 0.019716893964834288.
[I 2026-03-19 02:27:50,704] Trial 20 finished with value: 0.020579083096447775 and parameters: {'sigma_noise': 0.1364252926547208, 'A_repulsion': 0.3053662776059571, 'gamma': 0.8685264093190499, 'sigma_update': 0.2812144424666609, 'eta_learning': 0.5697031774433206, 'sigma_boundary': 1.0572506540432365, 'alpha': 0.45382012067732014}. Best is trial 3 with value: 0.019716893964834288.
[I 2026-03-19 02:27:55,841] Trial 16 finished with value: 0.544665744738569 and parameters: {'sigma_noise': 0.3349213458300554, 'A_repulsion': 0.007991288866388058, 'gamma': 0.6693392610905615, 'sigma_update': 0.6034440591855975, 'eta_learning': 1.3385801248472984, 'sigma_boundary': 8.764960689273963, 'alpha': 0.10468265213785499}. Best is trial 3 with value: 0.019716893964834288.
[I 2026-03-19 02:27:56,688] Trial 18 finished with value: 0.08733849133790925 and parameters: {'sigma_noise': 0.09076106944404955, 'A_repulsion': 0.49879132093973205, 'gamma': 0.9515679967528138, 'sigma_update': 0.1344813637994927, 'eta_learning': 1.144120950977056, 'sigma_boundary': 3.819125951860007, 'alpha': 0.8129645233692577}. Best is trial 3 with value: 0.019716893964834288.
[I 2026-03-19 02:28:00,109] Trial 12 finished with value: 0.03975977316799025 and parameters: {'sigma_noise': 0.09101476086423888, 'A_repulsion': 0.4701795519303849, 'gamma': 0.5442369289971247, 'sigma_update': 0.37179407615786053, 'eta_learning': 2.625728340386307, 'sigma_boundary': 9.717535147457745, 'alpha': 0.7323738515616978}. Best is trial 3 with value: 0.019716893964834288.
[I 2026-03-19 02:28:03,381] Trial 38 finished with value: 0.08703248393743125 and parameters: {'sigma_noise': 0.28199193302656583, 'A_repulsion': 0.03974675040196779, 'gamma': 0.8298239340959711, 'sigma_update': 0.236799269697662, 'eta_learning': 1.3166545966282333, 'sigma_boundary': 1.3072855757501578, 'alpha': 0.3117228849945357}. Best is trial 3 with value: 0.019716893964834288.
[I 2026-03-19 02:28:07,201] Trial 36 finished with value: 0.030849167317485326 and parameters: {'sigma_noise': 0.1539800351780003, 'A_repulsion': 0.3358875134082973, 'gamma': 0.22462331165982016, 'sigma_update': 0.294857529244068, 'eta_learning': 2.0024987084537043, 'sigma_boundary': 8.176392026028376, 'alpha': 0.7160658747935078}. Best is trial 3 with value: 0.019716893964834288.
[I 2026-03-19 02:28:14,789] Trial 35 finished with value: 0.029751643517325933 and parameters: {'sigma_noise': 0.22868549466588534, 'A_repulsion': 0.2105395083632846, 'gamma': 0.9280966926807523, 'sigma_update': 0.28729589748247547, 'eta_learning': 2.111644816191213, 'sigma_boundary': 0.75993728146649, 'alpha': 0.7719311407866976}. Best is trial 3 with value: 0.019716893964834288.
[I 2026-03-19 02:28:15,544] Trial 22 finished with value: 0.15006921478064805 and parameters: {'sigma_noise': 0.18774882755399847, 'A_repulsion': 0.2575372409495993, 'gamma': 0.48898813572682803, 'sigma_update': 0.3387989248304444, 'eta_learning': 0.6515143265245834, 'sigma_boundary': 1.6173705024635763, 'alpha': 0.26951158071897696}. Best is trial 3 with value: 0.019716893964834288.
[I 2026-03-19 02:28:16,422] Trial 17 finished with value: 0.016385834753247355 and parameters: {'sigma_noise': 0.14881699943329524, 'A_repulsion': 0.3881613070318385, 'gamma': 0.20600060426897465, 'sigma_update': 0.37960145771001186, 'eta_learning': 0.12500823112361364, 'sigma_boundary': 9.50231557533744, 'alpha': 0.35166434036960026}. Best is trial 17 with value: 0.016385834753247355.
[I 2026-03-19 02:28:28,872] Trial 13 finished with value: 0.22910051184528882 and parameters: {'sigma_noise': 0.2271634404103534, 'A_repulsion': 0.28692409699616983, 'gamma': 0.43764379598618364, 'sigma_update': 0.5885505599378987, 'eta_learning': 2.6601871115113136, 'sigma_boundary': 8.822054111923018, 'alpha': 0.40964228431722005}. Best is trial 17 with value: 0.016385834753247355.
[I 2026-03-19 02:28:54,201] Trial 6 finished with value: 0.03894725218974743 and parameters: {'sigma_noise': 0.21416249528350279, 'A_repulsion': 0.3805478220281816, 'gamma': 0.961300850849206, 'sigma_update': 0.2636459569417655, 'eta_learning': 1.2335503735980873, 'sigma_boundary': 6.0575311431982435, 'alpha': 0.7707853853441684}. Best is trial 17 with value: 0.016385834753247355.
[I 2026-03-19 02:28:58,099] Trial 7 finished with value: 0.026795279683962902 and parameters: {'sigma_noise': 0.39808256263103287, 'A_repulsion': 0.1335075480547796, 'gamma': 0.6891840169075251, 'sigma_update': 0.5921663574814052, 'eta_learning': 0.28830352278134963, 'sigma_boundary': 1.857410704963249, 'alpha': 0.9756907344182992}. Best is trial 17 with value: 0.016385834753247355.
[I 2026-03-19 02:29:13,096] Trial 24 finished with value: 0.06703478229110922 and parameters: {'sigma_noise': 0.4125584819117454, 'A_repulsion': 0.11832790672900062, 'gamma': 0.01938196329665271, 'sigma_update': 0.3821399478702331, 'eta_learning': 2.538163618547053, 'sigma_boundary': 6.880867725977539, 'alpha': 0.5892072796085517}. Best is trial 17 with value: 0.016385834753247355.
[I 2026-03-19 02:29:15,178] Trial 1 finished with value: 0.09737538500732666 and parameters: {'sigma_noise': 0.22993762669717693, 'A_repulsion': 0.3828697997748018, 'gamma': 0.18224064731508904, 'sigma_update': 0.078676071554006, 'eta_learning': 0.8461260809178359, 'sigma_boundary': 5.8041215259761, 'alpha': 0.3638296348335801}. Best is trial 17 with value: 0.016385834753247355.
[I 2026-03-19 02:29:17,280] Trial 14 finished with value: 0.18439636556465264 and parameters: {'sigma_noise': 0.28681176006879755, 'A_repulsion': 0.3011027457611177, 'gamma': 0.9566638329098229, 'sigma_update': 0.6247830475716238, 'eta_learning': 2.9484572419801562, 'sigma_boundary': 6.453047594891675, 'alpha': 0.3971600385105295}. Best is trial 17 with value: 0.016385834753247355.
[I 2026-03-19 02:29:31,837] Trial 37 finished with value: 0.6215699590466968 and parameters: {'sigma_noise': 0.42272416438833144, 'A_repulsion': 0.1148060119583072, 'gamma': 0.8862689090649394, 'sigma_update': 0.5441515305805793, 'eta_learning': 0.33048767339389656, 'sigma_boundary': 8.102670215075998, 'alpha': 0.028928923902969528}. Best is trial 17 with value: 0.016385834753247355.
[I 2026-03-19 02:29:40,936] Trial 27 finished with value: 0.21555453157138674 and parameters: {'sigma_noise': 0.3411931594421105, 'A_repulsion': 0.16998656274611346, 'gamma': 0.13832437091435282, 'sigma_update': 0.027089399735273766, 'eta_learning': 2.9003498813261586, 'sigma_boundary': 7.967496734247048, 'alpha': 0.7947543612305596}. Best is trial 17 with value: 0.016385834753247355.
[I 2026-03-19 02:29:43,039] Trial 2 finished with value: 0.06515854526416352 and parameters: {'sigma_noise': 0.3765838267582444, 'A_repulsion': 0.2547325044019966, 'gamma': 0.3385722168004519, 'sigma_update': 0.4787914622498064, 'eta_learning': 1.521328582527382, 'sigma_boundary': 2.91214884185931, 'alpha': 0.6784363538593322}. Best is trial 17 with value: 0.016385834753247355.
[I 2026-03-19 02:29:45,430] Trial 31 finished with value: 0.04302604960639191 and parameters: {'sigma_noise': 0.24189069268642516, 'A_repulsion': 0.4237948705730903, 'gamma': 0.9322916897858274, 'sigma_update': 0.10982435925384405, 'eta_learning': 1.2857619556364956, 'sigma_boundary': 8.892032405557565, 'alpha': 0.8967456439227828}. Best is trial 17 with value: 0.016385834753247355.
[I 2026-03-19 02:29:51,287] Trial 15 finished with value: 0.013399013178752452 and parameters: {'sigma_noise': 0.24771937798640675, 'A_repulsion': 0.47964688214276086, 'gamma': 0.8305864284718801, 'sigma_update': 0.6532216799425918, 'eta_learning': 2.7548326202935227, 'sigma_boundary': 1.9965411229143282, 'alpha': 0.7691740062824994}. Best is trial 15 with value: 0.013399013178752452.
[I 2026-03-19 02:30:06,404] Trial 40 finished with value: 0.05360916144837088 and parameters: {'sigma_noise': 0.06797178593812508, 'A_repulsion': 0.12560961182145736, 'gamma': 0.9422795260404448, 'sigma_update': 0.5325481080579598, 'eta_learning': 2.2353539644010136, 'sigma_boundary': 2.761617472222706, 'alpha': 0.3977212900547221}. Best is trial 15 with value: 0.013399013178752452.
[I 2026-03-19 02:30:12,999] Trial 9 finished with value: 0.04692344209430322 and parameters: {'sigma_noise': 0.41054306091242465, 'A_repulsion': 0.24293977513572151, 'gamma': 0.9659360744309827, 'sigma_update': 0.1530015931642864, 'eta_learning': 2.882358038958029, 'sigma_boundary': 2.3311809627487072, 'alpha': 0.47594013922067613}. Best is trial 15 with value: 0.013399013178752452.
[I 2026-03-19 02:30:38,358] Trial 23 finished with value: 0.023056869892881734 and parameters: {'sigma_noise': 0.2875803119987284, 'A_repulsion': 0.4800781722542117, 'gamma': 0.9587616963083258, 'sigma_update': 0.10781141047460259, 'eta_learning': 2.135236097716748, 'sigma_boundary': 2.1367393294403927, 'alpha': 0.6143159069341901}. Best is trial 15 with value: 0.013399013178752452.
[I 2026-03-19 02:30:49,765] Trial 43 finished with value: 0.02480810117605158 and parameters: {'sigma_noise': 0.0807721180854466, 'A_repulsion': 0.19567087793378357, 'gamma': 0.1319139662043122, 'sigma_update': 0.09950424810983895, 'eta_learning': 0.4866710015854401, 'sigma_boundary': 4.986653483022228, 'alpha': 0.30861359686363354}. Best is trial 15 with value: 0.013399013178752452.
[I 2026-03-19 02:30:58,003] Trial 34 finished with value: 0.7200018191929143 and parameters: {'sigma_noise': 0.39245868338223444, 'A_repulsion': 0.32357153824522766, 'gamma': 0.8637659774976241, 'sigma_update': 0.016833381742149968, 'eta_learning': 2.059205356660946, 'sigma_boundary': 4.789245181947443, 'alpha': 0.25137082074497774}. Best is trial 15 with value: 0.013399013178752452.
[I 2026-03-19 02:31:15,556] Trial 32 finished with value: 0.7356476481464669 and parameters: {'sigma_noise': 0.39281313382610117, 'A_repulsion': 0.3904836440208116, 'gamma': 0.1363722236032142, 'sigma_update': 0.4861192886100905, 'eta_learning': 2.046743344190293, 'sigma_boundary': 4.210367197550326, 'alpha': 0.022580115905930565}. Best is trial 15 with value: 0.013399013178752452.
[I 2026-03-19 02:31:15,930] Trial 30 finished with value: 0.030816127538579027 and parameters: {'sigma_noise': 0.3697969993148206, 'A_repulsion': 0.43212097129755966, 'gamma': 0.9102451405080301, 'sigma_update': 0.20888087836957178, 'eta_learning': 0.7390566523630459, 'sigma_boundary': 9.31708641047234, 'alpha': 0.8181303812889988}. Best is trial 15 with value: 0.013399013178752452.
[I 2026-03-19 02:31:16,450] Trial 44 finished with value: 0.04259371141598559 and parameters: {'sigma_noise': 0.20874512674496953, 'A_repulsion': 0.05917034879554267, 'gamma': 0.4775887083636851, 'sigma_update': 0.1221690119476405, 'eta_learning': 2.33728457790752, 'sigma_boundary': 4.0850005759195485, 'alpha': 0.9553096880708738}. Best is trial 15 with value: 0.013399013178752452.
[I 2026-03-19 02:31:21,711] Trial 41 finished with value: 0.5162049661139441 and parameters: {'sigma_noise': 0.222050380581779, 'A_repulsion': 0.07846641050503511, 'gamma': 0.2753590587797609, 'sigma_update': 0.4930173935898981, 'eta_learning': 1.9227432651322833, 'sigma_boundary': 8.563468013692196, 'alpha': 0.07542389926705251}. Best is trial 15 with value: 0.013399013178752452.
[I 2026-03-19 02:31:37,689] Trial 42 finished with value: 0.025654607298444952 and parameters: {'sigma_noise': 0.2056975123355385, 'A_repulsion': 0.14596011277679777, 'gamma': 0.07094797062130617, 'sigma_update': 0.4601713358820261, 'eta_learning': 0.4392336927637888, 'sigma_boundary': 6.525413903369123, 'alpha': 0.964189727206973}. Best is trial 15 with value: 0.013399013178752452.
[I 2026-03-19 02:31:41,330] Trial 19 finished with value: 0.48405817245848126 and parameters: {'sigma_noise': 0.3962170899499529, 'A_repulsion': 0.46007990474365235, 'gamma': 0.7049869491893618, 'sigma_update': 0.6974927532201857, 'eta_learning': 1.0713533295461148, 'sigma_boundary': 6.219878794859833, 'alpha': 0.38264016571131965}. Best is trial 15 with value: 0.013399013178752452.
[I 2026-03-19 02:31:55,265] Trial 47 finished with value: 0.46546221099041524 and parameters: {'sigma_noise': 0.24805229289592245, 'A_repulsion': 0.03750607450272242, 'gamma': 0.27082574986931307, 'sigma_update': 0.38345811677137737, 'eta_learning': 1.4461180682851076, 'sigma_boundary': 7.214153465862377, 'alpha': 0.09233655385295103}. Best is trial 15 with value: 0.013399013178752452.
[I 2026-03-19 02:32:16,241] Trial 57 finished with value: 0.09029289776211694 and parameters: {'sigma_noise': 0.2344157227072396, 'A_repulsion': 0.0058589802186676115, 'gamma': 0.3864639002923209, 'sigma_update': 0.6872802581826121, 'eta_learning': 0.23536274593655288, 'sigma_boundary': 0.1482606862906315, 'alpha': 0.28898015024897244}. Best is trial 15 with value: 0.013399013178752452.
[I 2026-03-19 02:32:16,861] Trial 56 finished with value: 0.08862513003542682 and parameters: {'sigma_noise': 0.25099586640703686, 'A_repulsion': 0.013035577278133967, 'gamma': 0.4007291165927756, 'sigma_update': 0.6765972988775938, 'eta_learning': 0.27692045737085447, 'sigma_boundary': 6.2397303137939675, 'alpha': 0.27462708622236126}. Best is trial 15 with value: 0.013399013178752452.
[I 2026-03-19 02:32:17,697] Trial 54 finished with value: 0.12025675674099033 and parameters: {'sigma_noise': 0.2955069674111519, 'A_repulsion': 0.014233450117182106, 'gamma': 0.7831712621834144, 'sigma_update': 0.6783075565771849, 'eta_learning': 0.016972281655595944, 'sigma_boundary': 0.2862161875691025, 'alpha': 0.26457016990995225}. Best is trial 15 with value: 0.013399013178752452.
[I 2026-03-19 02:32:34,021] Trial 53 finished with value: 0.07254783416523031 and parameters: {'sigma_noise': 0.32872824612291723, 'A_repulsion': 0.010056791805602053, 'gamma': 0.3340748428073125, 'sigma_update': 0.6772106135407426, 'eta_learning': 0.06123652632562293, 'sigma_boundary': 0.12382058294371756, 'alpha': 0.9403504412504786}. Best is trial 15 with value: 0.013399013178752452.
[I 2026-03-19 02:32:38,697] Trial 51 finished with value: 0.06598764628669158 and parameters: {'sigma_noise': 0.3187457576940222, 'A_repulsion': 0.007751999640324386, 'gamma': 0.32252722793802824, 'sigma_update': 0.6619879870823655, 'eta_learning': 0.03197537143236984, 'sigma_boundary': 0.06298948951241545, 'alpha': 0.9510651170176645}. Best is trial 15 with value: 0.013399013178752452.
[I 2026-03-19 02:32:42,754] Trial 52 finished with value: 0.0861748154960568 and parameters: {'sigma_noise': 0.35526533906280794, 'A_repulsion': 0.03043801525854367, 'gamma': 0.34205701279218614, 'sigma_update': 0.6957323157438426, 'eta_learning': 0.03439123713023484, 'sigma_boundary': 5.113104722137566, 'alpha': 0.9587726466814473}. Best is trial 15 with value: 0.013399013178752452.
[I 2026-03-19 02:32:45,621] Trial 55 finished with value: 0.08280846987291689 and parameters: {'sigma_noise': 0.24056265443754954, 'A_repulsion': 0.04492869023673268, 'gamma': 0.3816668468943327, 'sigma_update': 0.030246636069132027, 'eta_learning': 0.15042737893717395, 'sigma_boundary': 0.22425044331568855, 'alpha': 0.25830673146658034}. Best is trial 15 with value: 0.013399013178752452.
[I 2026-03-19 02:32:51,762] Trial 50 finished with value: 0.30644670926997586 and parameters: {'sigma_noise': 0.3555671520977487, 'A_repulsion': 0.007366756023823334, 'gamma': 0.3795743608421315, 'sigma_update': 0.6781843213049905, 'eta_learning': 1.5500619273182885, 'sigma_boundary': 6.895483010018699, 'alpha': 0.36118033600767707}. Best is trial 15 with value: 0.013399013178752452.
[I 2026-03-19 02:33:08,653] Trial 61 finished with value: 0.018266602782199035 and parameters: {'sigma_noise': 0.13718688595933676, 'A_repulsion': 0.3350136855508793, 'gamma': 0.3872439050633835, 'sigma_update': 0.6749747232445787, 'eta_learning': 0.048698822977423284, 'sigma_boundary': 0.0848398505204756, 'alpha': 0.9897178630089885}. Best is trial 15 with value: 0.013399013178752452.
[I 2026-03-19 02:33:13,044] Trial 49 finished with value: 0.20699222622505534 and parameters: {'sigma_noise': 0.3790963734677748, 'A_repulsion': 0.011143790239204476, 'gamma': 0.3333102207590731, 'sigma_update': 0.018606958440784915, 'eta_learning': 0.0985768763571627, 'sigma_boundary': 4.26382230869013, 'alpha': 0.9747070540836813}. Best is trial 15 with value: 0.013399013178752452.
