[I 2026-03-03 20:00:54,600] Trial 112 finished with value: 0.08691169791572291 and parameters: {'sigma_noise': 0.22411543433469722, 'A_repulsion': 0.3290627538020917, 'gamma': 0.5940727318374746, 'sigma_update': 0.16443876993503853, 'eta_learning': 2.6019815312503285, 'sigma_boundary': 4.375943147405948, 'alpha': 0.43676510928743584}. Best is trial 102 with value: 0.046346890195000684.
[I 2026-03-03 20:01:11,358] Trial 115 finished with value: 0.0886494182880811 and parameters: {'sigma_noise': 0.2731169998600128, 'A_repulsion': 0.3412040042811075, 'gamma': 0.7052057509670216, 'sigma_update': 0.2584510803862058, 'eta_learning': 1.9204723995721666, 'sigma_boundary': 4.111612984920677, 'alpha': 0.4959276641870842}. Best is trial 102 with value: 0.046346890195000684.
[I 2026-03-03 20:01:25,182] Trial 113 finished with value: 0.06773658972363805 and parameters: {'sigma_noise': 0.2828834024707357, 'A_repulsion': 0.379552586372289, 'gamma': 0.7773398540573149, 'sigma_update': 0.25078562273716537, 'eta_learning': 1.4487025455892906, 'sigma_boundary': 6.073555421818428, 'alpha': 0.642406969032886}. Best is trial 102 with value: 0.046346890195000684.
[I 2026-03-03 20:01:35,681] Trial 117 finished with value: 0.06806624248986366 and parameters: {'sigma_noise': 0.23590732934458764, 'A_repulsion': 0.394578448157032, 'gamma': 0.902255943644538, 'sigma_update': 0.29476031462637226, 'eta_learning': 1.4210199864071276, 'sigma_boundary': 1.9984637763078146, 'alpha': 0.5604026430002078}. Best is trial 102 with value: 0.046346890195000684.
[I 2026-03-03 20:01:46,640] Trial 119 finished with value: 0.07887831083587957 and parameters: {'sigma_noise': 0.3064009401838888, 'A_repulsion': 0.2519664667856269, 'gamma': 0.8442154620925076, 'sigma_update': 0.3413410347700793, 'eta_learning': 1.8360951875133094, 'sigma_boundary': 3.7443942691707552, 'alpha': 0.5016404005257089}. Best is trial 102 with value: 0.046346890195000684.
[I 2026-03-03 20:01:47,934] Trial 110 finished with value: 0.061479681371020514 and parameters: {'sigma_noise': 0.3415626149248957, 'A_repulsion': 0.4320664677212162, 'gamma': 0.6438259341030325, 'sigma_update': 0.355121414997257, 'eta_learning': 1.1886009562661075, 'sigma_boundary': 3.735301037571932, 'alpha': 0.769862733205253}. Best is trial 102 with value: 0.046346890195000684.
[I 2026-03-03 20:02:06,346] Trial 118 finished with value: 0.042256693847259705 and parameters: {'sigma_noise': 0.32431228601182055, 'A_repulsion': 0.28989214960789356, 'gamma': 0.7790344882081568, 'sigma_update': 0.5386950454750666, 'eta_learning': 0.36964067639993936, 'sigma_boundary': 2.5123669420549497, 'alpha': 0.8157985448564835}. Best is trial 118 with value: 0.042256693847259705.
[I 2026-03-03 20:04:56,075] Trial 125 finished with value: 0.17688243574210774 and parameters: {'sigma_noise': 0.08849153789643843, 'A_repulsion': 0.3148330850132516, 'gamma': 0.46473543042623244, 'sigma_update': 0.38525544073974655, 'eta_learning': 1.40027368036799, 'sigma_boundary': 4.190482204670149, 'alpha': 0.4506798268408635}. Best is trial 118 with value: 0.042256693847259705.
[I 2026-03-03 20:05:02,758] Trial 123 finished with value: 0.06313535992270258 and parameters: {'sigma_noise': 0.19350326156730263, 'A_repulsion': 0.20147591595764006, 'gamma': 0.7628512586007711, 'sigma_update': 0.35390307350980155, 'eta_learning': 0.7919710947924016, 'sigma_boundary': 4.146051170744782, 'alpha': 0.6386748569387751}. Best is trial 118 with value: 0.042256693847259705.
[I 2026-03-03 20:05:02,868] Trial 122 finished with value: 0.13257551388715638 and parameters: {'sigma_noise': 0.2001404517780611, 'A_repulsion': 0.3493987763304828, 'gamma': 0.6726575433976412, 'sigma_update': 0.42476970144389337, 'eta_learning': 1.6727741951509185, 'sigma_boundary': 2.940266065872, 'alpha': 0.5140880881450319}. Best is trial 118 with value: 0.042256693847259705.
[I 2026-03-03 20:05:15,118] Trial 120 finished with value: 0.13268615278419427 and parameters: {'sigma_noise': 0.2867157504615023, 'A_repulsion': 0.3308529551171867, 'gamma': 0.6236874046118793, 'sigma_update': 0.5232022651979611, 'eta_learning': 1.3544019916177505, 'sigma_boundary': 5.570704837799235, 'alpha': 0.5939224589203151}. Best is trial 118 with value: 0.042256693847259705.
[I 2026-03-03 20:05:22,778] Trial 121 finished with value: 0.0630243232974283 and parameters: {'sigma_noise': 0.3249046344791636, 'A_repulsion': 0.2479828595849208, 'gamma': 0.7288422078722424, 'sigma_update': 0.22201992600643983, 'eta_learning': 2.0897896404624703, 'sigma_boundary': 3.401922602558553, 'alpha': 0.8985238027020684}. Best is trial 118 with value: 0.042256693847259705.
[I 2026-03-03 20:05:25,566] Trial 124 finished with value: 0.05351524891986397 and parameters: {'sigma_noise': 0.21033770514299305, 'A_repulsion': 0.18477273787795517, 'gamma': 0.6820822652324161, 'sigma_update': 0.17310039601396818, 'eta_learning': 1.4489605964391714, 'sigma_boundary': 6.074932451757789, 'alpha': 0.5679086230301752}. Best is trial 118 with value: 0.042256693847259705.
[I 2026-03-03 20:05:41,068] Trial 129 finished with value: 0.14960828083804648 and parameters: {'sigma_noise': 0.10930894131203375, 'A_repulsion': 0.30369771360326436, 'gamma': 0.7844535157155348, 'sigma_update': 0.37781621756307604, 'eta_learning': 1.7515682379792623, 'sigma_boundary': 6.434034368630982, 'alpha': 0.7529286863457634}. Best is trial 118 with value: 0.042256693847259705.
[I 2026-03-03 20:06:14,095] Trial 130 finished with value: 0.10331821917574474 and parameters: {'sigma_noise': 0.18276975646756394, 'A_repulsion': 0.21842456016062717, 'gamma': 0.42710256742354374, 'sigma_update': 0.4130781992461324, 'eta_learning': 1.8067493480593297, 'sigma_boundary': 5.2196517396950135, 'alpha': 0.6642411086083243}. Best is trial 118 with value: 0.042256693847259705.
[I 2026-03-03 20:06:25,390] Trial 126 finished with value: 0.06454965651535274 and parameters: {'sigma_noise': 0.19855219384881778, 'A_repulsion': 0.2431519682823003, 'gamma': 0.4548915916802812, 'sigma_update': 0.2113786232751839, 'eta_learning': 1.2561253292869505, 'sigma_boundary': 8.688390515318474, 'alpha': 0.5327294339469365}. Best is trial 118 with value: 0.042256693847259705.
[I 2026-03-03 20:06:29,104] Trial 127 finished with value: 0.07406950992659933 and parameters: {'sigma_noise': 0.23715694887866978, 'A_repulsion': 0.19878770486182454, 'gamma': 0.8408806477348664, 'sigma_update': 0.1849095451884759, 'eta_learning': 1.8973329324135062, 'sigma_boundary': 5.971434889836796, 'alpha': 0.6364208747622406}. Best is trial 118 with value: 0.042256693847259705.
[I 2026-03-03 20:06:46,289] Trial 132 finished with value: 0.3438010075860744 and parameters: {'sigma_noise': 0.21660727437577976, 'A_repulsion': 0.22323078689053627, 'gamma': 0.5647037389697074, 'sigma_update': 0.25658699356813, 'eta_learning': 0.6611167918674082, 'sigma_boundary': 2.767353287754923, 'alpha': 0.30268012222003016}. Best is trial 118 with value: 0.042256693847259705.
[I 2026-03-03 20:06:48,911] Trial 136 finished with value: 0.14516826645784633 and parameters: {'sigma_noise': 0.1283189691967076, 'A_repulsion': 0.2491417963517279, 'gamma': 0.1496020486355828, 'sigma_update': 0.22006561599717372, 'eta_learning': 1.4320429995772912, 'sigma_boundary': 3.433838408090732, 'alpha': 0.773723008997317}. Best is trial 118 with value: 0.042256693847259705.
[I 2026-03-03 20:06:53,273] Trial 128 finished with value: 0.073315487223161 and parameters: {'sigma_noise': 0.27891379905166575, 'A_repulsion': 0.17949637100848737, 'gamma': 0.2775603898214744, 'sigma_update': 0.30181825801399464, 'eta_learning': 1.7572490760767183, 'sigma_boundary': 6.7578615982031724, 'alpha': 0.5984819025062525}. Best is trial 118 with value: 0.042256693847259705.
[I 2026-03-03 20:07:21,011] Trial 131 finished with value: 0.06317748228651439 and parameters: {'sigma_noise': 0.1984776354221512, 'A_repulsion': 0.44166008833122133, 'gamma': 0.704938614733877, 'sigma_update': 0.3845229972320222, 'eta_learning': 0.46208377801569517, 'sigma_boundary': 5.2984382101327645, 'alpha': 0.616594980723693}. Best is trial 118 with value: 0.042256693847259705.
[I 2026-03-03 20:07:27,800] Trial 137 finished with value: 0.046655457250223284 and parameters: {'sigma_noise': 0.2507252091278775, 'A_repulsion': 0.14192809308903692, 'gamma': 0.6166247968152276, 'sigma_update': 0.3205413063993209, 'eta_learning': 1.330198884360552, 'sigma_boundary': 4.850422032054438, 'alpha': 0.8509346488826656}. Best is trial 118 with value: 0.042256693847259705.
[I 2026-03-03 20:08:04,352] Trial 138 finished with value: 0.08822479001322338 and parameters: {'sigma_noise': 0.1952370186872403, 'A_repulsion': 0.3135368341989557, 'gamma': 0.6125915983140928, 'sigma_update': 0.3526871986705939, 'eta_learning': 1.6075832344492027, 'sigma_boundary': 4.007142168250436, 'alpha': 0.822118279334914}. Best is trial 118 with value: 0.042256693847259705.
[I 2026-03-03 20:08:08,233] Trial 140 finished with value: 0.1303851262856467 and parameters: {'sigma_noise': 0.18131348106597167, 'A_repulsion': 0.3098867447267751, 'gamma': 0.7451004138072563, 'sigma_update': 0.35934744603044183, 'eta_learning': 1.7547489941188104, 'sigma_boundary': 5.1515537486326055, 'alpha': 0.9344975981837771}. Best is trial 118 with value: 0.042256693847259705.
[I 2026-03-03 20:08:13,634] Trial 135 finished with value: 0.05795784550936549 and parameters: {'sigma_noise': 0.2831049893307393, 'A_repulsion': 0.19154620334387912, 'gamma': 0.8993706767027688, 'sigma_update': 0.3430380996906685, 'eta_learning': 1.4446882406471346, 'sigma_boundary': 4.4073489357225295, 'alpha': 0.6490089902066467}. Best is trial 118 with value: 0.042256693847259705.
[I 2026-03-03 20:08:14,065] Trial 133 finished with value: 0.32118882518431924 and parameters: {'sigma_noise': 0.2683047538761934, 'A_repulsion': 0.30022982049537444, 'gamma': 0.5808412333275121, 'sigma_update': 0.30651247847348406, 'eta_learning': 0.7561735898481728, 'sigma_boundary': 6.1088834329800346, 'alpha': 0.37963058923703374}. Best is trial 118 with value: 0.042256693847259705.
[I 2026-03-03 20:08:15,651] Trial 143 finished with value: 0.1482992908835547 and parameters: {'sigma_noise': 0.16696068610086612, 'A_repulsion': 0.2986603008310694, 'gamma': 0.5764578790675908, 'sigma_update': 0.2355120708886321, 'eta_learning': 1.7712378755448435, 'sigma_boundary': 5.312340416678407, 'alpha': 0.9207058955393366}. Best is trial 118 with value: 0.042256693847259705.
[I 2026-03-03 20:08:18,288] Trial 134 finished with value: 0.09199157250568266 and parameters: {'sigma_noise': 0.20936526880769663, 'A_repulsion': 0.4283230787241663, 'gamma': 0.7542713810429956, 'sigma_update': 0.3465319962787946, 'eta_learning': 2.3369783076335557, 'sigma_boundary': 1.3905952491250648, 'alpha': 0.4411783248175556}. Best is trial 118 with value: 0.042256693847259705.
[I 2026-03-03 20:08:58,516] Trial 149 finished with value: 0.14484394448487697 and parameters: {'sigma_noise': 0.1297981164325379, 'A_repulsion': 0.3792165809923629, 'gamma': 0.38233487001304944, 'sigma_update': 0.35123396255546313, 'eta_learning': 1.8901733808418326, 'sigma_boundary': 4.16346181218457, 'alpha': 0.8670079954485959}. Best is trial 118 with value: 0.042256693847259705.
[I 2026-03-03 20:08:59,555] Trial 139 finished with value: 0.058930251024808984 and parameters: {'sigma_noise': 0.27708738384826254, 'A_repulsion': 0.3347649171780386, 'gamma': 0.6242937825201317, 'sigma_update': 0.26215165765162013, 'eta_learning': 2.395808516338932, 'sigma_boundary': 4.587389332453519, 'alpha': 0.5922822914936212}. Best is trial 118 with value: 0.042256693847259705.
[I 2026-03-03 20:09:02,194] Trial 152 finished with value: 0.10605658388684512 and parameters: {'sigma_noise': 0.19320851055298766, 'A_repulsion': 0.21185176751792242, 'gamma': 0.2667263277145205, 'sigma_update': 0.22811240878034433, 'eta_learning': 1.8332348316599238, 'sigma_boundary': 4.031869576119735, 'alpha': 0.937493597879494}. Best is trial 118 with value: 0.042256693847259705.
[I 2026-03-03 20:09:09,077] Trial 142 finished with value: 0.07791850712789516 and parameters: {'sigma_noise': 0.2646696519743168, 'A_repulsion': 0.295901694103666, 'gamma': 0.5370075987264786, 'sigma_update': 0.15408706778741055, 'eta_learning': 1.5999959429133273, 'sigma_boundary': 5.558277912997805, 'alpha': 0.7827782234267874}. Best is trial 118 with value: 0.042256693847259705.
[I 2026-03-03 20:09:13,263] Trial 141 finished with value: 0.09244142892097601 and parameters: {'sigma_noise': 0.23303078745986666, 'A_repulsion': 0.3275131103481326, 'gamma': 0.35895959656727927, 'sigma_update': 0.21060941432376729, 'eta_learning': 1.392486511083675, 'sigma_boundary': 5.029284715393801, 'alpha': 0.6520026231531045}. Best is trial 118 with value: 0.042256693847259705.
[I 2026-03-03 20:09:19,284] Trial 144 finished with value: 0.06664133679667604 and parameters: {'sigma_noise': 0.2725651238169006, 'A_repulsion': 0.18825617713121745, 'gamma': 0.2840708670277818, 'sigma_update': 0.31211746203650725, 'eta_learning': 1.650863786073159, 'sigma_boundary': 3.2657195513348043, 'alpha': 0.9027426449808207}. Best is trial 118 with value: 0.042256693847259705.
[I 2026-03-03 20:09:26,604] Trial 146 finished with value: 0.09088143959109393 and parameters: {'sigma_noise': 0.2676805380908615, 'A_repulsion': 0.18879752142558637, 'gamma': 0.5085291049317309, 'sigma_update': 0.3279769236600098, 'eta_learning': 1.4418297681575603, 'sigma_boundary': 1.5895207930466595, 'alpha': 0.5862699560306895}. Best is trial 118 with value: 0.042256693847259705.
[I 2026-03-03 20:09:38,813] Trial 150 finished with value: 0.09532812809688397 and parameters: {'sigma_noise': 0.17671516376571667, 'A_repulsion': 0.36251989698659065, 'gamma': 0.615270020976084, 'sigma_update': 0.5114392401136107, 'eta_learning': 2.012223504856365, 'sigma_boundary': 4.423708108353501, 'alpha': 0.9716255154793216}. Best is trial 118 with value: 0.042256693847259705.
[I 2026-03-03 20:09:50,202] Trial 147 finished with value: 0.09617443714740366 and parameters: {'sigma_noise': 0.21713987473641544, 'A_repulsion': 0.31197689513194027, 'gamma': 0.2952689745981242, 'sigma_update': 0.3399841743662441, 'eta_learning': 1.662385878991214, 'sigma_boundary': 4.3900294829696955, 'alpha': 0.6584613915704716}. Best is trial 118 with value: 0.042256693847259705.
[I 2026-03-03 20:09:55,586] Trial 145 finished with value: 0.18796032203207086 and parameters: {'sigma_noise': 0.3216801885344682, 'A_repulsion': 0.19154698461668518, 'gamma': 0.3872824665032205, 'sigma_update': 0.4546205896624737, 'eta_learning': 1.3723289177394002, 'sigma_boundary': 4.0089978647975455, 'alpha': 0.5837061217258589}. Best is trial 118 with value: 0.042256693847259705.
[I 2026-03-03 20:09:59,514] Trial 154 finished with value: 0.082599240247909 and parameters: {'sigma_noise': 0.19738856809550992, 'A_repulsion': 0.16136466155352772, 'gamma': 0.5729567403901267, 'sigma_update': 0.24312954414366056, 'eta_learning': 1.3210839564496244, 'sigma_boundary': 6.190625256469228, 'alpha': 0.8135735888059801}. Best is trial 118 with value: 0.042256693847259705.
[I 2026-03-03 20:10:06,574] Trial 148 finished with value: 0.16653184480800615 and parameters: {'sigma_noise': 0.1960996244808607, 'A_repulsion': 0.376938032521809, 'gamma': 0.4972740584563645, 'sigma_update': 0.2259166453595841, 'eta_learning': 1.398387148514909, 'sigma_boundary': 2.5716044385761703, 'alpha': 0.9495587491675733}. Best is trial 118 with value: 0.042256693847259705.
[I 2026-03-03 20:10:08,077] Trial 153 finished with value: 0.11768818670295426 and parameters: {'sigma_noise': 0.2269978599701648, 'A_repulsion': 0.2133820764870214, 'gamma': 0.23851647473297516, 'sigma_update': 0.4298974529679179, 'eta_learning': 1.4764010501089382, 'sigma_boundary': 4.5364804916456265, 'alpha': 0.7024333300131139}. Best is trial 118 with value: 0.042256693847259705.
[I 2026-03-03 20:10:08,528] Trial 155 finished with value: 0.09924204649411554 and parameters: {'sigma_noise': 0.16078151531182844, 'A_repulsion': 0.2551334659864687, 'gamma': 0.4770945333652931, 'sigma_update': 0.27342312366717114, 'eta_learning': 1.4020797374706109, 'sigma_boundary': 3.7658955009364536, 'alpha': 0.7148282658242867}. Best is trial 118 with value: 0.042256693847259705.
[I 2026-03-03 20:10:29,932] Trial 159 finished with value: 0.11780871671863387 and parameters: {'sigma_noise': 0.10414308283204832, 'A_repulsion': 0.3621204964247766, 'gamma': 0.5518753931905188, 'sigma_update': 0.5378884277807661, 'eta_learning': 1.4902280796949612, 'sigma_boundary': 3.341469486423229, 'alpha': 0.7722533110895087}. Best is trial 118 with value: 0.042256693847259705.
[I 2026-03-03 20:10:33,680] Trial 151 finished with value: 0.06835872290712108 and parameters: {'sigma_noise': 0.24321086496005662, 'A_repulsion': 0.3254148350402052, 'gamma': 0.63018225211134, 'sigma_update': 0.3565700678863331, 'eta_learning': 1.9986983456133784, 'sigma_boundary': 4.546556584921926, 'alpha': 0.8521898959480613}. Best is trial 118 with value: 0.042256693847259705.
[I 2026-03-03 20:10:34,704] Trial 157 finished with value: 0.12685838462810273 and parameters: {'sigma_noise': 0.18002534290424121, 'A_repulsion': 0.26074071013654626, 'gamma': 0.5266796701561641, 'sigma_update': 0.28029706240973223, 'eta_learning': 1.7601748199214666, 'sigma_boundary': 2.3317598273908144, 'alpha': 0.9136173804889502}. Best is trial 118 with value: 0.042256693847259705.
[I 2026-03-03 20:11:25,729] Trial 156 finished with value: 0.21258373692486693 and parameters: {'sigma_noise': 0.26564573958722104, 'A_repulsion': 0.32336938085180156, 'gamma': 0.4038237076046494, 'sigma_update': 0.4074912894707361, 'eta_learning': 1.9255830240841716, 'sigma_boundary': 5.189939906390175, 'alpha': 0.49057564924659175}. Best is trial 118 with value: 0.042256693847259705.
[I 2026-03-03 20:11:43,208] Trial 158 finished with value: 0.06730682540559368 and parameters: {'sigma_noise': 0.2470119660830415, 'A_repulsion': 0.30651537177063787, 'gamma': 0.6289582762604182, 'sigma_update': 0.41120104836712174, 'eta_learning': 1.9755845915473087, 'sigma_boundary': 5.425346436013266, 'alpha': 0.9220712912210074}. Best is trial 118 with value: 0.042256693847259705.
[I 2026-03-03 20:13:10,051] Trial 165 finished with value: 0.15426384437782345 and parameters: {'sigma_noise': 0.11368311688917006, 'A_repulsion': 0.19629932754488988, 'gamma': 0.419657839011403, 'sigma_update': 0.28852286093443097, 'eta_learning': 1.6453682974958128, 'sigma_boundary': 5.616813083353127, 'alpha': 0.4968624847162796}. Best is trial 118 with value: 0.042256693847259705.
[I 2026-03-03 20:13:50,270] Trial 161 finished with value: 0.08667314086407246 and parameters: {'sigma_noise': 0.2101562685702143, 'A_repulsion': 0.16696562933776854, 'gamma': 0.3148276441039683, 'sigma_update': 0.3487752258104027, 'eta_learning': 1.791668202323749, 'sigma_boundary': 0.572641743189295, 'alpha': 0.8755024214308633}. Best is trial 118 with value: 0.042256693847259705.
[I 2026-03-03 20:14:12,457] Trial 163 finished with value: 0.4111389517434347 and parameters: {'sigma_noise': 0.238161370185959, 'A_repulsion': 0.15632913051694608, 'gamma': 0.388353337804246, 'sigma_update': 0.4192662379904843, 'eta_learning': 1.9930396477575965, 'sigma_boundary': 4.98188012637415, 'alpha': 0.36164806177224107}. Best is trial 118 with value: 0.042256693847259705.
[I 2026-03-03 20:14:30,403] Trial 162 finished with value: 0.06267353479200395 and parameters: {'sigma_noise': 0.23323609650701482, 'A_repulsion': 0.2506154878985516, 'gamma': 0.3629092410683923, 'sigma_update': 0.2543147824039204, 'eta_learning': 1.7821441213395144, 'sigma_boundary': 3.291656762325716, 'alpha': 0.7144761074200031}. Best is trial 118 with value: 0.042256693847259705.
[I 2026-03-03 20:14:35,571] Trial 164 finished with value: 0.07658567523884265 and parameters: {'sigma_noise': 0.2621441692982666, 'A_repulsion': 0.14455131520165593, 'gamma': 0.5392316389400386, 'sigma_update': 0.3360537915033698, 'eta_learning': 1.8650249063073914, 'sigma_boundary': 6.889704497723148, 'alpha': 0.605654443309757}. Best is trial 118 with value: 0.042256693847259705.
[I 2026-03-03 20:14:37,909] Trial 166 finished with value: 0.06793369424898209 and parameters: {'sigma_noise': 0.22036452440450588, 'A_repulsion': 0.20792980985805576, 'gamma': 0.4402579780694073, 'sigma_update': 0.3444310962024772, 'eta_learning': 1.688139283690819, 'sigma_boundary': 5.879213130587577, 'alpha': 0.7820274039911402}. Best is trial 118 with value: 0.042256693847259705.
[I 2026-03-03 20:14:38,767] Trial 160 finished with value: 0.18613765592450254 and parameters: {'sigma_noise': 0.26554247781835344, 'A_repulsion': 0.2272940659410368, 'gamma': 0.8203734215547277, 'sigma_update': 0.3695636679161426, 'eta_learning': 1.438180322925899, 'sigma_boundary': 2.8273491723282422, 'alpha': 0.4068680279158108}. Best is trial 118 with value: 0.042256693847259705.
[I 2026-03-03 20:15:05,682] Trial 174 finished with value: 0.1549165336495521 and parameters: {'sigma_noise': 0.09433933495024456, 'A_repulsion': 0.2682216324446909, 'gamma': 0.394513723843992, 'sigma_update': 0.3418289214832777, 'eta_learning': 2.235230274165966, 'sigma_boundary': 3.4980731917905206, 'alpha': 0.6055940007940096}. Best is trial 118 with value: 0.042256693847259705.
[I 2026-03-03 20:15:30,227] Trial 167 finished with value: 0.051099850204185907 and parameters: {'sigma_noise': 0.3205952963668635, 'A_repulsion': 0.14560911619040945, 'gamma': 0.5990014667371919, 'sigma_update': 0.2872968047988649, 'eta_learning': 1.7684596328660307, 'sigma_boundary': 3.540519551054288, 'alpha': 0.9504983443819999}. Best is trial 118 with value: 0.042256693847259705.
