[I 2026-03-03 20:43:00,182] Trial 82 finished with value: 0.061863178919078984 and parameters: {'sigma_noise': 0.16669743198582537, 'A_repulsion': 0.191702192714231, 'gamma': 0.2290855304010294, 'sigma_update': 0.12018390526446467, 'eta_learning': 1.471778805409454, 'sigma_boundary': 4.954541183424074, 'alpha': 0.39652899723249}. Best is trial 72 with value: 0.043244915373315845.
[I 2026-03-03 20:43:47,377] Trial 89 finished with value: 0.10174489223706178 and parameters: {'sigma_noise': 0.16800716848616074, 'A_repulsion': 0.20004291158012233, 'gamma': 0.8913329250157785, 'sigma_update': 0.17193157678497215, 'eta_learning': 1.6188973979208778, 'sigma_boundary': 2.344277618089776, 'alpha': 0.5910430317520531}. Best is trial 72 with value: 0.043244915373315845.
[I 2026-03-03 20:43:52,309] Trial 93 finished with value: 0.09545026109889869 and parameters: {'sigma_noise': 0.14250325700895916, 'A_repulsion': 0.2407957515661303, 'gamma': 0.7514737832290047, 'sigma_update': 0.31467392815854084, 'eta_learning': 0.9022395215979622, 'sigma_boundary': 6.060068333309357, 'alpha': 0.5857029788645678}. Best is trial 72 with value: 0.043244915373315845.
[I 2026-03-03 20:44:00,300] Trial 84 finished with value: 0.07678591347417975 and parameters: {'sigma_noise': 0.22121612930449258, 'A_repulsion': 0.23606157547266568, 'gamma': 0.2079444536292104, 'sigma_update': 0.42086123978171225, 'eta_learning': 1.7415891553395135, 'sigma_boundary': 3.776510695240427, 'alpha': 0.6557144578587046}. Best is trial 72 with value: 0.043244915373315845.
[I 2026-03-03 20:44:12,997] Trial 83 finished with value: 0.3095423491342296 and parameters: {'sigma_noise': 0.20839829091041967, 'A_repulsion': 0.30555053334211746, 'gamma': 0.41986088116486564, 'sigma_update': 0.45241988366583447, 'eta_learning': 1.8618702482804657, 'sigma_boundary': 4.554570401357482, 'alpha': 0.3821858116548952}. Best is trial 72 with value: 0.043244915373315845.
[I 2026-03-03 20:44:18,188] Trial 99 finished with value: 0.07946513285133691 and parameters: {'sigma_noise': 0.19591098967845394, 'A_repulsion': 0.17695488493542347, 'gamma': 0.4569013572782565, 'sigma_update': 0.20286436291107704, 'eta_learning': 1.2314211744931332, 'sigma_boundary': 6.803519577890181, 'alpha': 0.38347716690455935}. Best is trial 72 with value: 0.043244915373315845.
[I 2026-03-03 20:44:22,371] Trial 86 finished with value: 0.20145235919187043 and parameters: {'sigma_noise': 0.25647855999131036, 'A_repulsion': 0.1946425917039606, 'gamma': 0.6038826375679284, 'sigma_update': 0.3386316832645447, 'eta_learning': 1.674223776705745, 'sigma_boundary': 6.817419276047926, 'alpha': 0.4029281956618813}. Best is trial 72 with value: 0.043244915373315845.
[I 2026-03-03 20:44:29,196] Trial 85 finished with value: 0.07685668295513781 and parameters: {'sigma_noise': 0.20435111021907904, 'A_repulsion': 0.3151104132103021, 'gamma': 0.5456139229024395, 'sigma_update': 0.21262622538682135, 'eta_learning': 1.2816855616194234, 'sigma_boundary': 5.234094875536185, 'alpha': 0.6417945526555924}. Best is trial 72 with value: 0.043244915373315845.
[I 2026-03-03 20:44:29,728] Trial 87 finished with value: 0.04758001273185494 and parameters: {'sigma_noise': 0.2531825599882931, 'A_repulsion': 0.1867228489288132, 'gamma': 0.5844026920876864, 'sigma_update': 0.44693838030491684, 'eta_learning': 1.1094880260972937, 'sigma_boundary': 6.642473379679465, 'alpha': 0.8026798662469476}. Best is trial 72 with value: 0.043244915373315845.
[I 2026-03-03 20:45:03,033] Trial 101 finished with value: 0.42462291020260423 and parameters: {'sigma_noise': 0.22502465324503146, 'A_repulsion': 0.1901132422275927, 'gamma': 0.3624077155500526, 'sigma_update': 0.16221786075900602, 'eta_learning': 2.1236687382820554, 'sigma_boundary': 5.7616671107351625, 'alpha': 0.29885599154641973}. Best is trial 72 with value: 0.043244915373315845.
[I 2026-03-03 20:45:05,960] Trial 88 finished with value: 0.046377157364032265 and parameters: {'sigma_noise': 0.2481624000056552, 'A_repulsion': 0.35074699678594556, 'gamma': 0.6912459642032094, 'sigma_update': 0.21405932126461846, 'eta_learning': 1.1123043033966318, 'sigma_boundary': 3.7887241377143903, 'alpha': 0.504471608143781}. Best is trial 72 with value: 0.043244915373315845.
[I 2026-03-03 20:45:11,068] Trial 92 finished with value: 0.0720280419929799 and parameters: {'sigma_noise': 0.20746324452153764, 'A_repulsion': 0.3107932773275205, 'gamma': 0.6246767884246255, 'sigma_update': 0.3257991754592243, 'eta_learning': 0.4211320649141351, 'sigma_boundary': 4.861258837547958, 'alpha': 0.6905688718898179}. Best is trial 72 with value: 0.043244915373315845.
[I 2026-03-03 20:45:14,159] Trial 94 finished with value: 0.10025894875839332 and parameters: {'sigma_noise': 0.2083873447643494, 'A_repulsion': 0.29161827139745533, 'gamma': 0.25109461011365186, 'sigma_update': 0.3685424464182404, 'eta_learning': 0.6379962812913991, 'sigma_boundary': 3.660367301704843, 'alpha': 0.9373127341256459}. Best is trial 72 with value: 0.043244915373315845.
[I 2026-03-03 20:45:29,218] Trial 90 finished with value: 0.203152175711559 and parameters: {'sigma_noise': 0.27784715366279394, 'A_repulsion': 0.2665808168800627, 'gamma': 0.472211971733332, 'sigma_update': 0.37656680028137596, 'eta_learning': 1.8044563928858013, 'sigma_boundary': 4.495546725514063, 'alpha': 0.4391079925761331}. Best is trial 72 with value: 0.043244915373315845.
[I 2026-03-03 20:45:34,282] Trial 98 finished with value: 0.0774561122665253 and parameters: {'sigma_noise': 0.2324595854768554, 'A_repulsion': 0.2907425795034278, 'gamma': 0.5986100523276429, 'sigma_update': 0.4308134153260897, 'eta_learning': 1.6751555654634025, 'sigma_boundary': 5.770162632782619, 'alpha': 0.5569737141331166}. Best is trial 72 with value: 0.043244915373315845.
[I 2026-03-03 20:45:40,811] Trial 104 finished with value: 0.052724504210600015 and parameters: {'sigma_noise': 0.17994484922577203, 'A_repulsion': 0.27317797407755884, 'gamma': 0.568994861990462, 'sigma_update': 0.3094818730241516, 'eta_learning': 0.6682446913803936, 'sigma_boundary': 4.854895014386144, 'alpha': 0.5070850778387046}. Best is trial 72 with value: 0.043244915373315845.
[I 2026-03-03 20:45:45,788] Trial 102 finished with value: 0.9670973456091827 and parameters: {'sigma_noise': 0.21489445010136748, 'A_repulsion': 0.23963213427666138, 'gamma': 0.5977829560861866, 'sigma_update': 0.22735227492249957, 'eta_learning': 1.2886971659841424, 'sigma_boundary': 5.406391013583431, 'alpha': 0.2227964593545494}. Best is trial 72 with value: 0.043244915373315845.
[I 2026-03-03 20:45:50,933] Trial 95 finished with value: 0.315716102664047 and parameters: {'sigma_noise': 0.2688159465998579, 'A_repulsion': 0.3101000583773587, 'gamma': 0.6543459592720318, 'sigma_update': 0.12471935290133607, 'eta_learning': 2.1439858777406413, 'sigma_boundary': 4.830249971509139, 'alpha': 0.38722904486681264}. Best is trial 72 with value: 0.043244915373315845.
[I 2026-03-03 20:45:55,771] Trial 97 finished with value: 0.08712705482463182 and parameters: {'sigma_noise': 0.2249339577184561, 'A_repulsion': 0.31135878528970307, 'gamma': 0.573229448417776, 'sigma_update': 0.05740940959201896, 'eta_learning': 0.9641872335625081, 'sigma_boundary': 4.520580304196546, 'alpha': 0.5345728812807761}. Best is trial 72 with value: 0.043244915373315845.
[I 2026-03-03 20:45:59,562] Trial 91 finished with value: 0.404406215609712 and parameters: {'sigma_noise': 0.38897136594355947, 'A_repulsion': 0.22305299800137401, 'gamma': 0.5610144736387199, 'sigma_update': 0.2674629511695515, 'eta_learning': 1.583388099488339, 'sigma_boundary': 3.3755412550091615, 'alpha': 0.3974215151777321}. Best is trial 72 with value: 0.043244915373315845.
[I 2026-03-03 20:46:04,027] Trial 96 finished with value: 0.3895645646754003 and parameters: {'sigma_noise': 0.35035961126657866, 'A_repulsion': 0.20754444460472993, 'gamma': 0.8110411030473157, 'sigma_update': 0.336217834234282, 'eta_learning': 1.0262557680792872, 'sigma_boundary': 4.5191259213212795, 'alpha': 0.3761382553403546}. Best is trial 72 with value: 0.043244915373315845.
[I 2026-03-03 20:46:18,229] Trial 107 finished with value: 0.33135960417316324 and parameters: {'sigma_noise': 0.17058223899623093, 'A_repulsion': 0.26005252735795936, 'gamma': 0.5677915326609887, 'sigma_update': 0.23007781113587183, 'eta_learning': 1.1822889889656194, 'sigma_boundary': 5.585181983824111, 'alpha': 0.2937976969144698}. Best is trial 72 with value: 0.043244915373315845.
[I 2026-03-03 20:46:39,141] Trial 103 finished with value: 0.06656465869776329 and parameters: {'sigma_noise': 0.20353452194873028, 'A_repulsion': 0.3668958110968445, 'gamma': 0.45637930059263565, 'sigma_update': 0.16633148022390354, 'eta_learning': 1.2323257615101078, 'sigma_boundary': 3.5271764116282216, 'alpha': 0.5149015646784085}. Best is trial 72 with value: 0.043244915373315845.
[I 2026-03-03 20:46:40,477] Trial 109 finished with value: 0.13161718924709956 and parameters: {'sigma_noise': 0.193803335283613, 'A_repulsion': 0.30644971433296564, 'gamma': 0.9337389672989908, 'sigma_update': 0.11753612951527424, 'eta_learning': 0.9775388165197596, 'sigma_boundary': 4.88934356071579, 'alpha': 0.6916996323040016}. Best is trial 72 with value: 0.043244915373315845.
[I 2026-03-03 20:47:00,488] Trial 111 finished with value: 0.06407258116084685 and parameters: {'sigma_noise': 0.25925527608193993, 'A_repulsion': 0.16876466018649727, 'gamma': 0.2560352759188091, 'sigma_update': 0.41197799833307974, 'eta_learning': 0.3531833647167456, 'sigma_boundary': 5.594863802153397, 'alpha': 0.5988724071091013}. Best is trial 72 with value: 0.043244915373315845.
[I 2026-03-03 20:47:02,005] Trial 108 finished with value: 0.06453041654974058 and parameters: {'sigma_noise': 0.23878756666732825, 'A_repulsion': 0.2609447536166382, 'gamma': 0.6340645466866272, 'sigma_update': 0.24378856306431537, 'eta_learning': 2.192367024180616, 'sigma_boundary': 5.367357390955684, 'alpha': 0.7208667191307367}. Best is trial 72 with value: 0.043244915373315845.
[I 2026-03-03 20:47:11,167] Trial 106 finished with value: 0.06544665946808612 and parameters: {'sigma_noise': 0.20619558763261575, 'A_repulsion': 0.39511582817736823, 'gamma': 0.6720422041026204, 'sigma_update': 0.26803389574991676, 'eta_learning': 0.9365036098306746, 'sigma_boundary': 5.47639116485416, 'alpha': 0.6306265848983}. Best is trial 72 with value: 0.043244915373315845.
[I 2026-03-03 20:47:11,444] Trial 114 finished with value: 0.07527139811243966 and parameters: {'sigma_noise': 0.23159791632806298, 'A_repulsion': 0.2375715751390942, 'gamma': 0.3902883448665251, 'sigma_update': 0.37412634458324895, 'eta_learning': 1.3519853272452769, 'sigma_boundary': 5.500556631236585, 'alpha': 0.5094651931699277}. Best is trial 72 with value: 0.043244915373315845.
[I 2026-03-03 20:47:13,625] Trial 105 finished with value: 0.09016172828051366 and parameters: {'sigma_noise': 0.2583121934818853, 'A_repulsion': 0.3740987390875884, 'gamma': 0.38904529596609194, 'sigma_update': 0.16081978439048678, 'eta_learning': 1.9927558055549135, 'sigma_boundary': 2.76691403045478, 'alpha': 0.5919835173772249}. Best is trial 72 with value: 0.043244915373315845.
[I 2026-03-03 20:47:17,920] Trial 112 finished with value: 0.05336194627807113 and parameters: {'sigma_noise': 0.19277988375617477, 'A_repulsion': 0.3334053108075713, 'gamma': 0.365782272253868, 'sigma_update': 0.26387277048536484, 'eta_learning': 2.193043631211004, 'sigma_boundary': 7.562157589992464, 'alpha': 0.4715017765505988}. Best is trial 72 with value: 0.043244915373315845.
[I 2026-03-03 20:47:34,115] Trial 100 finished with value: 0.17664804072808932 and parameters: {'sigma_noise': 0.42649781012682536, 'A_repulsion': 0.33569624259313285, 'gamma': 0.5023175876142638, 'sigma_update': 0.1006181296188238, 'eta_learning': 1.5402513418276718, 'sigma_boundary': 6.148623370509247, 'alpha': 0.5711384853589809}. Best is trial 72 with value: 0.043244915373315845.
[I 2026-03-03 20:47:42,344] Trial 113 finished with value: 0.07237040974912341 and parameters: {'sigma_noise': 0.25035090397887705, 'A_repulsion': 0.2731976873107301, 'gamma': 0.7599276850339467, 'sigma_update': 0.21664359038750824, 'eta_learning': 1.5985126625211707, 'sigma_boundary': 6.880459444429795, 'alpha': 0.45367534336926396}. Best is trial 72 with value: 0.043244915373315845.
[I 2026-03-03 20:48:06,487] Trial 116 finished with value: 0.24119356667254016 and parameters: {'sigma_noise': 0.23802510566083257, 'A_repulsion': 0.3054860240692114, 'gamma': 0.5361819160531479, 'sigma_update': 0.23826110040424395, 'eta_learning': 0.8898341742007451, 'sigma_boundary': 2.0693161848944683, 'alpha': 0.3516561128616508}. Best is trial 72 with value: 0.043244915373315845.
[I 2026-03-03 20:48:07,480] Trial 110 finished with value: 0.07268584829154162 and parameters: {'sigma_noise': 0.3362006001658252, 'A_repulsion': 0.28586253809237777, 'gamma': 0.727762050183631, 'sigma_update': 0.19613491198214966, 'eta_learning': 1.6101831119221235, 'sigma_boundary': 4.207814847524147, 'alpha': 0.5190677034871581}. Best is trial 72 with value: 0.043244915373315845.
[I 2026-03-03 20:48:09,034] Trial 115 finished with value: 0.05048297848077207 and parameters: {'sigma_noise': 0.24786597516841197, 'A_repulsion': 0.31090184444226615, 'gamma': 0.5401363157448729, 'sigma_update': 0.2953673392502001, 'eta_learning': 1.7945779281096799, 'sigma_boundary': 6.719007780111548, 'alpha': 0.5378881930394979}. Best is trial 72 with value: 0.043244915373315845.
[I 2026-03-03 20:48:30,912] Trial 117 finished with value: 0.07824823043529508 and parameters: {'sigma_noise': 0.24292006837981678, 'A_repulsion': 0.36557322740484255, 'gamma': 0.6859189507618599, 'sigma_update': 0.2890619216744757, 'eta_learning': 1.5829548583161028, 'sigma_boundary': 5.737501640218868, 'alpha': 0.7810780593883819}. Best is trial 72 with value: 0.043244915373315845.
[I 2026-03-03 20:48:58,836] Trial 118 finished with value: 0.08904990770303294 and parameters: {'sigma_noise': 0.25499620596743805, 'A_repulsion': 0.41488449579316405, 'gamma': 0.6822635094825886, 'sigma_update': 0.16490202565475376, 'eta_learning': 0.6450388322134104, 'sigma_boundary': 2.314185856012283, 'alpha': 0.74526956367382}. Best is trial 72 with value: 0.043244915373315845.
[I 2026-03-03 20:49:03,104] Trial 119 finished with value: 0.073276969401976 and parameters: {'sigma_noise': 0.26316404388333403, 'A_repulsion': 0.32448076248363833, 'gamma': 0.5416490172227766, 'sigma_update': 0.39246172362740805, 'eta_learning': 1.1935945569481443, 'sigma_boundary': 6.6935562736696435, 'alpha': 0.5414537222945013}. Best is trial 72 with value: 0.043244915373315845.
[I 2026-03-03 20:51:59,781] Trial 120 finished with value: 0.32277048703022554 and parameters: {'sigma_noise': 0.2724803768336971, 'A_repulsion': 0.2566232187950396, 'gamma': 0.7473081443393566, 'sigma_update': 0.40099287487682034, 'eta_learning': 1.594694159041299, 'sigma_boundary': 4.063093730191222, 'alpha': 0.3771107525192001}. Best is trial 72 with value: 0.043244915373315845.
[I 2026-03-03 20:52:14,921] Trial 121 finished with value: 0.07807685458007003 and parameters: {'sigma_noise': 0.26226144664473916, 'A_repulsion': 0.348211395739764, 'gamma': 0.4231052697396272, 'sigma_update': 0.16082768479799542, 'eta_learning': 0.886394644511579, 'sigma_boundary': 5.737937520799718, 'alpha': 0.4084539938170113}. Best is trial 72 with value: 0.043244915373315845.
[I 2026-03-03 20:52:35,274] Trial 122 finished with value: 0.05769807455441018 and parameters: {'sigma_noise': 0.21093542868972498, 'A_repulsion': 0.3308991905191617, 'gamma': 0.6092309360202592, 'sigma_update': 0.37927703707939325, 'eta_learning': 1.8619293423242804, 'sigma_boundary': 4.2669938586979725, 'alpha': 0.61250331168232}. Best is trial 72 with value: 0.043244915373315845.
[I 2026-03-03 20:52:59,812] Trial 128 finished with value: 0.9936919174537417 and parameters: {'sigma_noise': 0.18680466645514576, 'A_repulsion': 0.230468924970276, 'gamma': 0.6713352049808827, 'sigma_update': 0.2707457722044123, 'eta_learning': 2.011923959950474, 'sigma_boundary': 5.4513420440618825, 'alpha': 0.2019309224281048}. Best is trial 72 with value: 0.043244915373315845.
[I 2026-03-03 20:53:08,739] Trial 131 finished with value: 0.11866746190726432 and parameters: {'sigma_noise': 0.1387802687421128, 'A_repulsion': 0.2402887125952549, 'gamma': 0.6564229336502095, 'sigma_update': 0.34438307587418604, 'eta_learning': 1.9182059629973442, 'sigma_boundary': 4.115103608879405, 'alpha': 0.7670739191413654}. Best is trial 72 with value: 0.043244915373315845.
[I 2026-03-03 20:53:09,449] Trial 125 finished with value: 0.06337821393281555 and parameters: {'sigma_noise': 0.17349038588704968, 'A_repulsion': 0.3597659720892423, 'gamma': 0.5820105252368704, 'sigma_update': 0.285178387088241, 'eta_learning': 2.507754706826547, 'sigma_boundary': 4.682873426915126, 'alpha': 0.473954036077465}. Best is trial 72 with value: 0.043244915373315845.
[I 2026-03-03 20:53:18,146] Trial 129 finished with value: 0.07293437322077156 and parameters: {'sigma_noise': 0.18347180970001176, 'A_repulsion': 0.28366746753093275, 'gamma': 0.5201470820111321, 'sigma_update': 0.3729629470285355, 'eta_learning': 2.0647573579870424, 'sigma_boundary': 4.328814268429781, 'alpha': 0.7859854503661475}. Best is trial 72 with value: 0.043244915373315845.
[I 2026-03-03 20:53:45,662] Trial 126 finished with value: 0.05391432917978917 and parameters: {'sigma_noise': 0.2027336461876092, 'A_repulsion': 0.3551834454962204, 'gamma': 0.70489971743111, 'sigma_update': 0.4547069033013122, 'eta_learning': 1.1314398160151862, 'sigma_boundary': 5.119914546856314, 'alpha': 0.6890169060857384}. Best is trial 72 with value: 0.043244915373315845.
[I 2026-03-03 20:53:49,101] Trial 123 finished with value: 0.040690877829400916 and parameters: {'sigma_noise': 0.3014788358205944, 'A_repulsion': 0.22914128871335523, 'gamma': 0.7081758953465324, 'sigma_update': 0.35157483100981174, 'eta_learning': 1.6056185611327132, 'sigma_boundary': 5.724672074764586, 'alpha': 0.6785524947720405}. Best is trial 123 with value: 0.040690877829400916.
[I 2026-03-03 20:53:53,975] Trial 127 finished with value: 0.07265826863545041 and parameters: {'sigma_noise': 0.19600528454809774, 'A_repulsion': 0.36794159406133975, 'gamma': 0.38153282041129993, 'sigma_update': 0.16664181653755136, 'eta_learning': 1.419153286757429, 'sigma_boundary': 5.906055022507074, 'alpha': 0.5388948178560591}. Best is trial 123 with value: 0.040690877829400916.
[I 2026-03-03 20:53:54,243] Trial 124 finished with value: 0.1938390274465479 and parameters: {'sigma_noise': 0.2973260431490767, 'A_repulsion': 0.21968153329146772, 'gamma': 0.44785915569648993, 'sigma_update': 0.04320380572456186, 'eta_learning': 1.1795965137096718, 'sigma_boundary': 5.305440300774511, 'alpha': 0.6316956543961569}. Best is trial 123 with value: 0.040690877829400916.
[I 2026-03-03 20:54:14,073] Trial 137 finished with value: 0.0852476318931363 and parameters: {'sigma_noise': 0.18349372507777206, 'A_repulsion': 0.25973551163961295, 'gamma': 0.6818613835669696, 'sigma_update': 0.21956996672264403, 'eta_learning': 1.1177073730859204, 'sigma_boundary': 2.8664292235245417, 'alpha': 0.6777617646596572}. Best is trial 123 with value: 0.040690877829400916.
[I 2026-03-03 20:54:16,215] Trial 139 finished with value: 0.07439082205497549 and parameters: {'sigma_noise': 0.13675945298727699, 'A_repulsion': 0.30651173888371425, 'gamma': 0.7523239953565756, 'sigma_update': 0.3070833744717183, 'eta_learning': 0.5464666822731182, 'sigma_boundary': 5.20120624067783, 'alpha': 0.3878562162780049}. Best is trial 123 with value: 0.040690877829400916.
[I 2026-03-03 20:54:29,386] Trial 132 finished with value: 0.046564041637399786 and parameters: {'sigma_noise': 0.2217194719854726, 'A_repulsion': 0.30539128194088044, 'gamma': 0.8559583529598265, 'sigma_update': 0.19595052778942362, 'eta_learning': 1.0534861134194633, 'sigma_boundary': 1.3288531737994393, 'alpha': 0.4820739316070779}. Best is trial 123 with value: 0.040690877829400916.
[I 2026-03-03 20:54:42,723] Trial 134 finished with value: 1.4409909013376425 and parameters: {'sigma_noise': 0.2608348155105188, 'A_repulsion': 0.17634389286163688, 'gamma': 0.6338907401619767, 'sigma_update': 0.20885248083880598, 'eta_learning': 1.7961519674223105, 'sigma_boundary': 6.438231485420151, 'alpha': 0.17750148940166738}. Best is trial 123 with value: 0.040690877829400916.
[I 2026-03-03 20:54:55,541] Trial 138 finished with value: 0.05313448474048638 and parameters: {'sigma_noise': 0.2189629831387384, 'A_repulsion': 0.2657224814982099, 'gamma': 0.5592552163034359, 'sigma_update': 0.34104274360836906, 'eta_learning': 1.071174496394657, 'sigma_boundary': 5.160599264075012, 'alpha': 0.5471887488184418}. Best is trial 123 with value: 0.040690877829400916.
[I 2026-03-03 20:54:57,870] Trial 141 finished with value: 0.04288834346407252 and parameters: {'sigma_noise': 0.21600050459669357, 'A_repulsion': 0.2416168604863801, 'gamma': 0.8590582693237689, 'sigma_update': 0.24878133859622475, 'eta_learning': 1.0504141332527421, 'sigma_boundary': 3.9311860673240644, 'alpha': 0.48592239227442635}. Best is trial 123 with value: 0.040690877829400916.
[I 2026-03-03 20:55:00,643] Trial 130 finished with value: 0.07205053607410634 and parameters: {'sigma_noise': 0.34949530066519496, 'A_repulsion': 0.31848897802862586, 'gamma': 0.6341868779301324, 'sigma_update': 0.25279212239982063, 'eta_learning': 0.9168137024887743, 'sigma_boundary': 5.626433286785511, 'alpha': 0.6959909692436084}. Best is trial 123 with value: 0.040690877829400916.
