/nfs/nhome/live/apourdehghan/Hybrid_hpc_utils.py:56: DtypeWarning: Columns (16) have mixed types. Specify dtype option on import or set low_memory=False.
  data = pd.read_csv(data_path)
[I 2026-03-03 19:31:14,322] A new study created in memory with name: no-name-b05de296-8f73-4bab-8c4a-1213d81f2b75
[I 2026-03-03 19:36:40,787] Trial 3 finished with value: 0.34045632723326097 and parameters: {'sigma_noise': 0.05432341565680568, 'A_repulsion': 0.13606864921508788, 'gamma': 0.3070427061193816, 'sigma_update': 0.07606000292260913, 'eta_learning': 2.750654927974931, 'sigma_boundary': 2.8081738295700265, 'alpha': 0.17607328324289495}. Best is trial 3 with value: 0.34045632723326097.
[I 2026-03-03 19:37:40,301] Trial 23 finished with value: 0.1983188628514418 and parameters: {'sigma_noise': 0.0990500727174819, 'A_repulsion': 0.23423822130175626, 'gamma': 0.14763090130984022, 'sigma_update': 0.07280059492170228, 'eta_learning': 2.1132322354911532, 'sigma_boundary': 6.671623882095599, 'alpha': 0.3266345003905238}. Best is trial 23 with value: 0.1983188628514418.
[I 2026-03-03 19:37:46,058] Trial 14 finished with value: 1.1996643251087888 and parameters: {'sigma_noise': 0.07852883598369807, 'A_repulsion': 0.30132372891057296, 'gamma': 0.7694677077900581, 'sigma_update': 0.05977149345855272, 'eta_learning': 1.7403715323405442, 'sigma_boundary': 9.27133980257293, 'alpha': 0.012552751937933038}. Best is trial 23 with value: 0.1983188628514418.
[I 2026-03-03 19:38:20,734] Trial 7 finished with value: 0.39154441972501186 and parameters: {'sigma_noise': 0.18343053443911045, 'A_repulsion': 0.15555257898572517, 'gamma': 0.2120672472802024, 'sigma_update': 0.6515049277253369, 'eta_learning': 2.5044655545305066, 'sigma_boundary': 4.809634723019012, 'alpha': 0.5127635591582076}. Best is trial 23 with value: 0.1983188628514418.
[I 2026-03-03 19:38:25,161] Trial 25 finished with value: 1.0371556486933438 and parameters: {'sigma_noise': 0.2456077833438543, 'A_repulsion': 0.03774212021401552, 'gamma': 0.2946242893858179, 'sigma_update': 0.34566699741472634, 'eta_learning': 1.8457290662861017, 'sigma_boundary': 6.350055434667322, 'alpha': 0.13491392850474293}. Best is trial 23 with value: 0.1983188628514418.
[I 2026-03-03 19:38:26,582] Trial 18 finished with value: 0.07638211578305015 and parameters: {'sigma_noise': 0.1678719718116677, 'A_repulsion': 0.1668895410941374, 'gamma': 0.5533976983020149, 'sigma_update': 0.3690095700925121, 'eta_learning': 1.2036271966135883, 'sigma_boundary': 1.4973784170907687, 'alpha': 0.6719991764290444}. Best is trial 18 with value: 0.07638211578305015.
[I 2026-03-03 19:38:36,247] Trial 29 finished with value: 0.07646322032402993 and parameters: {'sigma_noise': 0.18729467499252916, 'A_repulsion': 0.16286115280819025, 'gamma': 0.727798214489931, 'sigma_update': 0.33959863814642094, 'eta_learning': 0.9181214166082229, 'sigma_boundary': 3.2032944996099184, 'alpha': 0.7683861516530068}. Best is trial 18 with value: 0.07638211578305015.
[I 2026-03-03 19:38:37,829] Trial 22 finished with value: 0.0493893479428353 and parameters: {'sigma_noise': 0.16197838447174756, 'A_repulsion': 0.2364555629987054, 'gamma': 0.9081637964976584, 'sigma_update': 0.28744530313435945, 'eta_learning': 0.1309444034676064, 'sigma_boundary': 5.485648613548996, 'alpha': 0.13747926338264482}. Best is trial 22 with value: 0.0493893479428353.
[I 2026-03-03 19:38:40,840] Trial 5 finished with value: 0.13826495331216362 and parameters: {'sigma_noise': 0.08845088027099549, 'A_repulsion': 0.4485840164912737, 'gamma': 0.08020293667250213, 'sigma_update': 0.5316907534454528, 'eta_learning': 0.38831133764474796, 'sigma_boundary': 5.024085912287332, 'alpha': 0.6804702171355882}. Best is trial 22 with value: 0.0493893479428353.
[I 2026-03-03 19:38:41,803] Trial 6 finished with value: 0.10499296867391653 and parameters: {'sigma_noise': 0.16488207058130172, 'A_repulsion': 0.2241152510246524, 'gamma': 0.2500304083183376, 'sigma_update': 0.2366528120888676, 'eta_learning': 0.2660981173322985, 'sigma_boundary': 7.947135560040613, 'alpha': 0.7396182903384118}. Best is trial 22 with value: 0.0493893479428353.
[I 2026-03-03 19:38:55,527] Trial 9 finished with value: 0.14527498273959638 and parameters: {'sigma_noise': 0.09229029326657678, 'A_repulsion': 0.464782662161211, 'gamma': 0.7368644559247219, 'sigma_update': 0.64463865756304, 'eta_learning': 1.0143849351344247, 'sigma_boundary': 5.157400074490202, 'alpha': 0.5893026400470432}. Best is trial 22 with value: 0.0493893479428353.
[I 2026-03-03 19:39:00,694] Trial 20 finished with value: 0.13807358156204383 and parameters: {'sigma_noise': 0.18542586229030533, 'A_repulsion': 0.19687029224994174, 'gamma': 0.604723619085542, 'sigma_update': 0.1305316890366057, 'eta_learning': 2.872474817984023, 'sigma_boundary': 4.37855314831493, 'alpha': 0.3889696896110355}. Best is trial 22 with value: 0.0493893479428353.
[I 2026-03-03 19:39:10,251] Trial 2 finished with value: 0.06358406946489714 and parameters: {'sigma_noise': 0.30231526801128206, 'A_repulsion': 0.061037397504181745, 'gamma': 0.39033123387559365, 'sigma_update': 0.31424172251294324, 'eta_learning': 0.8071243920512756, 'sigma_boundary': 0.3669736539848272, 'alpha': 0.8145057894138823}. Best is trial 22 with value: 0.0493893479428353.
[I 2026-03-03 19:39:27,007] Trial 24 finished with value: 0.2406641712507866 and parameters: {'sigma_noise': 0.339141419863345, 'A_repulsion': 0.06120811543627508, 'gamma': 0.32272823920425775, 'sigma_update': 0.4868605326442675, 'eta_learning': 1.8815672343815484, 'sigma_boundary': 2.118703437639132, 'alpha': 0.5340880389803586}. Best is trial 22 with value: 0.0493893479428353.
[I 2026-03-03 19:39:34,805] Trial 17 finished with value: 0.16963544387708393 and parameters: {'sigma_noise': 0.369636448281613, 'A_repulsion': 0.029904313561360973, 'gamma': 0.3734140793408733, 'sigma_update': 0.1188100010809616, 'eta_learning': 0.5267719897212881, 'sigma_boundary': 1.2135338092109105, 'alpha': 0.9835074682659762}. Best is trial 22 with value: 0.0493893479428353.
[I 2026-03-03 19:39:43,667] Trial 26 finished with value: 1.2717497467925007 and parameters: {'sigma_noise': 0.30555105086963885, 'A_repulsion': 0.0912596449687238, 'gamma': 0.5617697859948685, 'sigma_update': 0.13421473892750999, 'eta_learning': 2.237759971395739, 'sigma_boundary': 9.748177419640182, 'alpha': 0.20749812094066278}. Best is trial 22 with value: 0.0493893479428353.
[I 2026-03-03 19:39:51,490] Trial 13 finished with value: 0.11894890260443061 and parameters: {'sigma_noise': 0.18342265902326943, 'A_repulsion': 0.3820719557159815, 'gamma': 0.2865226575701244, 'sigma_update': 0.30071587423828916, 'eta_learning': 1.3190824476015373, 'sigma_boundary': 2.347856141598155, 'alpha': 0.441621222248924}. Best is trial 22 with value: 0.0493893479428353.
[I 2026-03-03 19:40:05,926] Trial 21 finished with value: 0.16292913478105892 and parameters: {'sigma_noise': 0.1986339133904102, 'A_repulsion': 0.34682636010906287, 'gamma': 0.3658700440016453, 'sigma_update': 0.48080777031685307, 'eta_learning': 1.0686141639200626, 'sigma_boundary': 6.715995661284433, 'alpha': 0.5900721497598038}. Best is trial 22 with value: 0.0493893479428353.
[I 2026-03-03 19:40:10,556] Trial 35 finished with value: 0.15823991196804754 and parameters: {'sigma_noise': 0.4139478080445724, 'A_repulsion': 0.03629407658949518, 'gamma': 0.23329445249622716, 'sigma_update': 0.13390734850339608, 'eta_learning': 0.9853514823996062, 'sigma_boundary': 9.417934530510264, 'alpha': 0.987613101422376}. Best is trial 22 with value: 0.0493893479428353.
[I 2026-03-03 19:40:13,633] Trial 38 finished with value: 1.618963833061629 and parameters: {'sigma_noise': 0.18530673430020256, 'A_repulsion': 0.40047149755649997, 'gamma': 0.526334371006511, 'sigma_update': 0.18460270334449905, 'eta_learning': 2.3766315252820265, 'sigma_boundary': 2.526686083624311, 'alpha': 0.15851458624588188}. Best is trial 22 with value: 0.0493893479428353.
[I 2026-03-03 19:40:17,463] Trial 16 finished with value: 0.05095894709209131 and parameters: {'sigma_noise': 0.34533221123678787, 'A_repulsion': 0.17776162189033284, 'gamma': 0.7845283654536996, 'sigma_update': 0.35401884265240796, 'eta_learning': 2.530102247964833, 'sigma_boundary': 0.27468427715871657, 'alpha': 0.8665795745295836}. Best is trial 22 with value: 0.0493893479428353.
[I 2026-03-03 19:40:29,097] Trial 31 finished with value: 0.19549352730952002 and parameters: {'sigma_noise': 0.3148588441145778, 'A_repulsion': 0.22623752072015801, 'gamma': 0.41520299115618464, 'sigma_update': 0.10301183446025307, 'eta_learning': 1.1634506931507913, 'sigma_boundary': 4.911832933644886, 'alpha': 0.8357222718114049}. Best is trial 22 with value: 0.0493893479428353.
[I 2026-03-03 19:40:30,707] Trial 37 finished with value: 0.05634128687974575 and parameters: {'sigma_noise': 0.3150983479201035, 'A_repulsion': 0.23502710439175595, 'gamma': 0.9615272976785553, 'sigma_update': 0.37678864044875965, 'eta_learning': 0.37557564192284626, 'sigma_boundary': 8.780241340274204, 'alpha': 0.6538434464824975}. Best is trial 22 with value: 0.0493893479428353.
[I 2026-03-03 19:40:31,016] Trial 1 finished with value: 0.0892449255656144 and parameters: {'sigma_noise': 0.20614814884669164, 'A_repulsion': 0.37564518072536274, 'gamma': 0.7150699397090433, 'sigma_update': 0.2599138070572571, 'eta_learning': 1.3984898658514011, 'sigma_boundary': 0.9083755536151334, 'alpha': 0.7308635926670736}. Best is trial 22 with value: 0.0493893479428353.
[I 2026-03-03 19:40:37,109] Trial 11 finished with value: 1.3178204695462843 and parameters: {'sigma_noise': 0.4278018002348745, 'A_repulsion': 0.04562726313348897, 'gamma': 0.6769494538873566, 'sigma_update': 0.5044955962120601, 'eta_learning': 1.8246167140848324, 'sigma_boundary': 5.71452182530897, 'alpha': 0.23802266133135253}. Best is trial 22 with value: 0.0493893479428353.
[I 2026-03-03 19:40:40,707] Trial 30 finished with value: 1.6427533239287557 and parameters: {'sigma_noise': 0.21506100792002858, 'A_repulsion': 0.46636495875908385, 'gamma': 0.12233369201449705, 'sigma_update': 0.12089800919093624, 'eta_learning': 1.080287427351966, 'sigma_boundary': 9.486465372488807, 'alpha': 0.06076005147342933}. Best is trial 22 with value: 0.0493893479428353.
[I 2026-03-03 19:40:50,638] Trial 33 finished with value: 0.11045478243692276 and parameters: {'sigma_noise': 0.435140645630006, 'A_repulsion': 0.13491298206019586, 'gamma': 0.7297296640159393, 'sigma_update': 0.4063691259871775, 'eta_learning': 2.556492532098982, 'sigma_boundary': 6.937944852076412, 'alpha': 0.7277234490640025}. Best is trial 22 with value: 0.0493893479428353.
[I 2026-03-03 19:40:51,403] Trial 10 finished with value: 1.6368655833176675 and parameters: {'sigma_noise': 0.4434618416332163, 'A_repulsion': 0.13050176379272033, 'gamma': 0.41848028410604665, 'sigma_update': 0.2578361581641119, 'eta_learning': 1.9591572235734545, 'sigma_boundary': 6.769857296584956, 'alpha': 0.01391890192607248}. Best is trial 22 with value: 0.0493893479428353.
[I 2026-03-03 19:41:02,193] Trial 32 finished with value: 1.5815964688747792 and parameters: {'sigma_noise': 0.31435509938953593, 'A_repulsion': 0.32304539774531427, 'gamma': 0.6164351232116636, 'sigma_update': 0.4654530269815456, 'eta_learning': 0.45547831235905906, 'sigma_boundary': 7.473791589012548, 'alpha': 0.1522326637474991}. Best is trial 22 with value: 0.0493893479428353.
[I 2026-03-03 19:41:11,835] Trial 8 finished with value: 0.092567682858191 and parameters: {'sigma_noise': 0.29829297107540365, 'A_repulsion': 0.40860520575332687, 'gamma': 0.7978619385251444, 'sigma_update': 0.3739014053499939, 'eta_learning': 2.8240433506364875, 'sigma_boundary': 7.846474735102827, 'alpha': 0.9711949170197749}. Best is trial 22 with value: 0.0493893479428353.
[I 2026-03-03 19:41:29,090] Trial 19 finished with value: 1.5746036439051572 and parameters: {'sigma_noise': 0.31668091168286566, 'A_repulsion': 0.4089011238773488, 'gamma': 0.18622088397280465, 'sigma_update': 0.06589080542937589, 'eta_learning': 2.7188242218391894, 'sigma_boundary': 9.342854183921906, 'alpha': 0.24776133155892544}. Best is trial 22 with value: 0.0493893479428353.
[I 2026-03-03 19:41:30,055] Trial 4 finished with value: 1.6411340902369522 and parameters: {'sigma_noise': 0.28291641355417385, 'A_repulsion': 0.4657748292067431, 'gamma': 0.16214130729973203, 'sigma_update': 0.22084574056329706, 'eta_learning': 2.0218912620259437, 'sigma_boundary': 7.3747564173867035, 'alpha': 0.17915945770924635}. Best is trial 22 with value: 0.0493893479428353.
[I 2026-03-03 19:41:30,503] Trial 0 finished with value: 0.15774200440211 and parameters: {'sigma_noise': 0.3041027886433847, 'A_repulsion': 0.42162077903237133, 'gamma': 0.2744396886706236, 'sigma_update': 0.15173180410005735, 'eta_learning': 0.2260957649975839, 'sigma_boundary': 3.474828701747003, 'alpha': 0.8273736320171319}. Best is trial 22 with value: 0.0493893479428353.
[I 2026-03-03 19:41:31,458] Trial 28 finished with value: 1.6405277520050698 and parameters: {'sigma_noise': 0.38509698007388526, 'A_repulsion': 0.35567803561089756, 'gamma': 0.7894646791871489, 'sigma_update': 0.1350489494433331, 'eta_learning': 2.001558592072387, 'sigma_boundary': 1.64439562895745, 'alpha': 0.1768273230765135}. Best is trial 22 with value: 0.0493893479428353.
[I 2026-03-03 19:41:46,392] Trial 39 finished with value: 0.1795421269228831 and parameters: {'sigma_noise': 0.3469575094677432, 'A_repulsion': 0.46637259657742697, 'gamma': 0.1780250423860039, 'sigma_update': 0.3445073717147748, 'eta_learning': 0.7871312730957383, 'sigma_boundary': 7.36644384234106, 'alpha': 0.47029607265106976}. Best is trial 22 with value: 0.0493893479428353.
[I 2026-03-03 19:41:49,905] Trial 34 finished with value: 1.3984109058466312 and parameters: {'sigma_noise': 0.40890025663514323, 'A_repulsion': 0.3044790875954363, 'gamma': 0.5745255979886847, 'sigma_update': 0.06478322192197729, 'eta_learning': 2.8518149456949926, 'sigma_boundary': 8.988209181210076, 'alpha': 0.3390672932651583}. Best is trial 22 with value: 0.0493893479428353.
[I 2026-03-03 19:41:54,379] Trial 27 finished with value: 0.1924939943475798 and parameters: {'sigma_noise': 0.3760042733195497, 'A_repulsion': 0.4484002271002128, 'gamma': 0.47756827872988367, 'sigma_update': 0.25825468131360735, 'eta_learning': 0.8088061708296984, 'sigma_boundary': 1.2282728152311246, 'alpha': 0.4447709653970958}. Best is trial 22 with value: 0.0493893479428353.
[I 2026-03-03 19:41:58,882] Trial 15 finished with value: 1.0598709664564159 and parameters: {'sigma_noise': 0.3633321088034877, 'A_repulsion': 0.4543519948354625, 'gamma': 0.9781153151731533, 'sigma_update': 0.07258024207378967, 'eta_learning': 0.8637608951322742, 'sigma_boundary': 1.6919794749725265, 'alpha': 0.44396491929050486}. Best is trial 22 with value: 0.0493893479428353.
[I 2026-03-03 19:42:06,261] Trial 36 finished with value: 0.19914322222851077 and parameters: {'sigma_noise': 0.38996519660386575, 'A_repulsion': 0.464410261420773, 'gamma': 0.6858142158210516, 'sigma_update': 0.12675592945391745, 'eta_learning': 0.03426710116896698, 'sigma_boundary': 5.511571550186702, 'alpha': 0.9751986138254743}. Best is trial 22 with value: 0.0493893479428353.
[I 2026-03-03 19:42:14,871] Trial 12 finished with value: 0.10830408614415053 and parameters: {'sigma_noise': 0.4420602062439562, 'A_repulsion': 0.49159214380456373, 'gamma': 0.22093776013395333, 'sigma_update': 0.339699103187019, 'eta_learning': 1.945111820555633, 'sigma_boundary': 1.9658573046936296, 'alpha': 0.9041270692698797}. Best is trial 22 with value: 0.0493893479428353.
[I 2026-03-03 19:46:23,717] Trial 61 finished with value: 0.20764805897444427 and parameters: {'sigma_noise': 0.061851184931265096, 'A_repulsion': 0.10339438633898279, 'gamma': 0.6819391365569685, 'sigma_update': 0.2844054275926598, 'eta_learning': 1.7257328286396278, 'sigma_boundary': 5.656791034531769, 'alpha': 0.39061522023169715}. Best is trial 22 with value: 0.0493893479428353.
[I 2026-03-03 19:46:24,985] Trial 41 finished with value: 0.21357728306090384 and parameters: {'sigma_noise': 0.2051364063459475, 'A_repulsion': 0.18756269335144116, 'gamma': 0.5370359402299137, 'sigma_update': 0.12786095849184523, 'eta_learning': 1.5689663279213533, 'sigma_boundary': 4.358101477547799, 'alpha': 0.3592391675726}. Best is trial 22 with value: 0.0493893479428353.
[I 2026-03-03 19:46:59,484] Trial 40 finished with value: 0.10478251915629075 and parameters: {'sigma_noise': 0.32690056837504616, 'A_repulsion': 0.3314931907157309, 'gamma': 0.6433305717724594, 'sigma_update': 0.24426738779104545, 'eta_learning': 0.967401632353518, 'sigma_boundary': 6.108191808393318, 'alpha': 0.5245187663716947}. Best is trial 22 with value: 0.0493893479428353.
[I 2026-03-03 19:47:21,305] Trial 44 finished with value: 0.08548004527466602 and parameters: {'sigma_noise': 0.2024536957702155, 'A_repulsion': 0.27156247926540933, 'gamma': 0.6759840536644053, 'sigma_update': 0.33608770941677246, 'eta_learning': 1.8670454612038452, 'sigma_boundary': 3.282087382047383, 'alpha': 0.5123207533333549}. Best is trial 22 with value: 0.0493893479428353.
[I 2026-03-03 19:47:49,236] Trial 48 finished with value: 0.08588072671502135 and parameters: {'sigma_noise': 0.16849826481586563, 'A_repulsion': 0.38145481490059163, 'gamma': 0.6548577469042081, 'sigma_update': 0.38785447413848323, 'eta_learning': 0.784517897763386, 'sigma_boundary': 5.160719877893668, 'alpha': 0.6817630559537011}. Best is trial 22 with value: 0.0493893479428353.
[I 2026-03-03 19:47:49,755] Trial 42 finished with value: 1.1711721165483568 and parameters: {'sigma_noise': 0.29625963780175485, 'A_repulsion': 0.2925255535041351, 'gamma': 0.6613315100988431, 'sigma_update': 0.5118693569374452, 'eta_learning': 1.8027406573255553, 'sigma_boundary': 1.2935534467910519, 'alpha': 0.2896545639272952}. Best is trial 22 with value: 0.0493893479428353.
[I 2026-03-03 19:48:01,931] Trial 49 finished with value: 0.1547948611121602 and parameters: {'sigma_noise': 0.17566639315261778, 'A_repulsion': 0.3960126288561889, 'gamma': 0.8004231573175565, 'sigma_update': 0.38000868513141756, 'eta_learning': 0.9373138740346927, 'sigma_boundary': 3.0472309206492207, 'alpha': 0.9196332101982196}. Best is trial 22 with value: 0.0493893479428353.
[I 2026-03-03 19:48:12,882] Trial 45 finished with value: 0.13785895080420474 and parameters: {'sigma_noise': 0.2708449490316231, 'A_repulsion': 0.24021105846036542, 'gamma': 0.14655084191226958, 'sigma_update': 0.42116788106010417, 'eta_learning': 1.8289257535398864, 'sigma_boundary': 3.0957226109711566, 'alpha': 0.5581819742481314}. Best is trial 22 with value: 0.0493893479428353.
[I 2026-03-03 19:48:14,737] Trial 56 finished with value: 0.07038721388267927 and parameters: {'sigma_noise': 0.20506554389817494, 'A_repulsion': 0.1804119577122676, 'gamma': 0.5775714321695274, 'sigma_update': 0.2372597545053637, 'eta_learning': 1.1769379514246323, 'sigma_boundary': 6.4528174366970195, 'alpha': 0.7586083523778804}. Best is trial 22 with value: 0.0493893479428353.
[I 2026-03-03 19:48:16,976] Trial 71 finished with value: 0.16732068076136475 and parameters: {'sigma_noise': 0.07932616014063265, 'A_repulsion': 0.29106143904474513, 'gamma': 0.46715751548607026, 'sigma_update': 0.18763691337437519, 'eta_learning': 2.443204312615927, 'sigma_boundary': 4.764080115908457, 'alpha': 0.456748891641603}. Best is trial 22 with value: 0.0493893479428353.
[I 2026-03-03 19:48:17,867] Trial 51 finished with value: 0.10936165843385583 and parameters: {'sigma_noise': 0.2629332458124762, 'A_repulsion': 0.18898704628634144, 'gamma': 0.7209091404279496, 'sigma_update': 0.18230076775641985, 'eta_learning': 1.172556265388773, 'sigma_boundary': 8.500252962410391, 'alpha': 0.4420606234449738}. Best is trial 22 with value: 0.0493893479428353.
[I 2026-03-03 19:48:31,658] Trial 46 finished with value: 0.11742761360069338 and parameters: {'sigma_noise': 0.26202766234654934, 'A_repulsion': 0.29058210963711906, 'gamma': 0.4299056140425132, 'sigma_update': 0.10720398778052873, 'eta_learning': 0.8621688933349398, 'sigma_boundary': 7.016474289895043, 'alpha': 0.5238343987442746}. Best is trial 22 with value: 0.0493893479428353.
[I 2026-03-03 19:48:33,233] Trial 53 finished with value: 0.28175988507577 and parameters: {'sigma_noise': 0.21614918189451232, 'A_repulsion': 0.25345313934616887, 'gamma': 0.42048125418438836, 'sigma_update': 0.3734590924744061, 'eta_learning': 1.4816160408004797, 'sigma_boundary': 5.546380508398577, 'alpha': 0.38065720012865945}. Best is trial 22 with value: 0.0493893479428353.
[I 2026-03-03 19:48:41,571] Trial 50 finished with value: 0.0764439126282943 and parameters: {'sigma_noise': 0.28400124674440613, 'A_repulsion': 0.2362290487459494, 'gamma': 0.487269573741367, 'sigma_update': 0.3283272523402414, 'eta_learning': 0.6426691056070764, 'sigma_boundary': 4.2943734801877715, 'alpha': 0.6306585689751629}. Best is trial 22 with value: 0.0493893479428353.
[I 2026-03-03 19:48:48,710] Trial 52 finished with value: 0.1488494897064747 and parameters: {'sigma_noise': 0.3626936266275004, 'A_repulsion': 0.10284604162004582, 'gamma': 0.48318734984286843, 'sigma_update': 0.23488422852843427, 'eta_learning': 2.2462067248588036, 'sigma_boundary': 2.134873452990201, 'alpha': 0.4349575955580024}. Best is trial 22 with value: 0.0493893479428353.
[I 2026-03-03 19:48:54,350] Trial 47 finished with value: 0.10595497620556377 and parameters: {'sigma_noise': 0.3219586168140099, 'A_repulsion': 0.31780947284023253, 'gamma': 0.4979403737818907, 'sigma_update': 0.4806484422605375, 'eta_learning': 2.3617021029408716, 'sigma_boundary': 2.4657331825455153, 'alpha': 0.7993865510470188}. Best is trial 22 with value: 0.0493893479428353.
