[I 2026-03-03 21:05:06,642] Trial 195 finished with value: 1.263982693888834 and parameters: {'sigma_noise': 0.22900255986798324, 'A_repulsion': 0.32239810835687127, 'gamma': 0.5955380280354918, 'sigma_update': 0.03204391675318681, 'eta_learning': 0.869955234409193, 'sigma_boundary': 5.33199582714039, 'alpha': 0.252876717973852}. Best is trial 123 with value: 0.040690877829400916.
[I 2026-03-03 21:05:10,671] Trial 193 finished with value: 0.1012515911887838 and parameters: {'sigma_noise': 0.3103700833562323, 'A_repulsion': 0.43460330945897285, 'gamma': 0.9145268503151648, 'sigma_update': 0.24836181602927646, 'eta_learning': 0.7175601271740473, 'sigma_boundary': 4.745456258571052, 'alpha': 0.742566147299824}. Best is trial 123 with value: 0.040690877829400916.
[I 2026-03-03 21:05:12,112] Trial 194 finished with value: 0.9961299999835832 and parameters: {'sigma_noise': 0.276996772555548, 'A_repulsion': 0.47351012567217077, 'gamma': 0.8114434552995077, 'sigma_update': 0.14077280406575587, 'eta_learning': 0.41103860353852956, 'sigma_boundary': 3.123887554206129, 'alpha': 0.3138725183451175}. Best is trial 123 with value: 0.040690877829400916.
[I 2026-03-03 21:05:15,470] Trial 197 finished with value: 0.27089550975104776 and parameters: {'sigma_noise': 0.3070389413021528, 'A_repulsion': 0.316048287967968, 'gamma': 0.841249103128494, 'sigma_update': 0.06464240205946255, 'eta_learning': 0.4335430025453357, 'sigma_boundary': 3.1723982980530847, 'alpha': 0.5033926771041822}. Best is trial 123 with value: 0.040690877829400916.
[I 2026-03-03 21:05:18,368] Trial 199 finished with value: 0.11593410314624049 and parameters: {'sigma_noise': 0.22044502063266386, 'A_repulsion': 0.3423782680303719, 'gamma': 0.7376108082456521, 'sigma_update': 0.08948840484626942, 'eta_learning': 0.1652235898677905, 'sigma_boundary': 6.3316230082818405, 'alpha': 0.6624977230075474}. Best is trial 123 with value: 0.040690877829400916.
[I 2026-03-03 21:05:18,713] Trial 198 finished with value: 0.05023318614303808 and parameters: {'sigma_noise': 0.29141308036022984, 'A_repulsion': 0.27356984710866816, 'gamma': 0.7573449119528175, 'sigma_update': 0.31008962132669227, 'eta_learning': 0.5842106149297888, 'sigma_boundary': 5.8248674032631325, 'alpha': 0.6554032492340885}. Best is trial 123 with value: 0.040690877829400916.
