[I 2026-03-03 19:48:54,472] Trial 43 finished with value: 0.05185475537791571 and parameters: {'sigma_noise': 0.32568795610931833, 'A_repulsion': 0.3293900434512488, 'gamma': 0.6780189814234888, 'sigma_update': 0.31226479069471935, 'eta_learning': 1.5228102165638464, 'sigma_boundary': 2.9191247739316912, 'alpha': 0.8297035767312205}. Best is trial 22 with value: 0.0493893479428353.
[I 2026-03-03 19:49:10,586] Trial 54 finished with value: 0.19874060104987917 and parameters: {'sigma_noise': 0.20082562924724373, 'A_repulsion': 0.33397454149618133, 'gamma': 0.43922425121135944, 'sigma_update': 0.5002667307787977, 'eta_learning': 0.2743052952148687, 'sigma_boundary': 4.067470810092124, 'alpha': 0.3670949815701846}. Best is trial 22 with value: 0.0493893479428353.
[I 2026-03-03 19:49:17,952] Trial 60 finished with value: 0.08732713143472863 and parameters: {'sigma_noise': 0.23302582855272513, 'A_repulsion': 0.2063584480684535, 'gamma': 0.5436009489018286, 'sigma_update': 0.22815430067415352, 'eta_learning': 1.0385975425041178, 'sigma_boundary': 3.827849243839698, 'alpha': 0.45529664377430223}. Best is trial 22 with value: 0.0493893479428353.
[I 2026-03-03 19:49:31,871] Trial 70 finished with value: 0.13693483003616663 and parameters: {'sigma_noise': 0.1305518786451817, 'A_repulsion': 0.29845674663959765, 'gamma': 0.7786250054442698, 'sigma_update': 0.2783506308532438, 'eta_learning': 1.5269064480877756, 'sigma_boundary': 5.193619789190335, 'alpha': 0.6802415439731864}. Best is trial 22 with value: 0.0493893479428353.
[I 2026-03-03 19:49:40,105] Trial 57 finished with value: 0.10578293111452125 and parameters: {'sigma_noise': 0.22790243633987134, 'A_repulsion': 0.26865631783345845, 'gamma': 0.5305743919637628, 'sigma_update': 0.3644928058474493, 'eta_learning': 1.8340452562797531, 'sigma_boundary': 3.427424766334867, 'alpha': 0.5676513210965802}. Best is trial 22 with value: 0.0493893479428353.
[I 2026-03-03 19:49:42,748] Trial 58 finished with value: 1.5091835069443489 and parameters: {'sigma_noise': 0.263455711673959, 'A_repulsion': 0.1894850856043684, 'gamma': 0.8268738575462823, 'sigma_update': 0.6030662803105427, 'eta_learning': 1.049646623018598, 'sigma_boundary': 8.572749383286686, 'alpha': 0.1272043306961601}. Best is trial 22 with value: 0.0493893479428353.
[I 2026-03-03 19:49:44,706] Trial 62 finished with value: 0.0650277202446232 and parameters: {'sigma_noise': 0.209173007383483, 'A_repulsion': 0.2796503595994221, 'gamma': 0.5695867023378833, 'sigma_update': 0.18690194813443503, 'eta_learning': 1.3809945638051868, 'sigma_boundary': 6.5686921083937895, 'alpha': 0.5162750449496931}. Best is trial 22 with value: 0.0493893479428353.
[I 2026-03-03 19:49:56,656] Trial 55 finished with value: 0.5168967969003356 and parameters: {'sigma_noise': 0.2956482122286306, 'A_repulsion': 0.32871374699164857, 'gamma': 0.5915899645912677, 'sigma_update': 0.38180883532978993, 'eta_learning': 1.4792838581785537, 'sigma_boundary': 7.0798421530855125, 'alpha': 0.3825087529593574}. Best is trial 22 with value: 0.0493893479428353.
[I 2026-03-03 19:50:07,534] Trial 59 finished with value: 0.11810083277248731 and parameters: {'sigma_noise': 0.2846876936499684, 'A_repulsion': 0.3021551247769149, 'gamma': 0.38821461160585574, 'sigma_update': 0.20814293144987153, 'eta_learning': 1.0870062061266947, 'sigma_boundary': 6.732836213668098, 'alpha': 0.4333440450973388}. Best is trial 22 with value: 0.0493893479428353.
[I 2026-03-03 19:50:14,289] Trial 64 finished with value: 0.11115717627154947 and parameters: {'sigma_noise': 0.2653559232946351, 'A_repulsion': 0.23314744484848487, 'gamma': 0.5843999460627219, 'sigma_update': 0.3447102949088731, 'eta_learning': 1.2117506694167701, 'sigma_boundary': 6.815618966004686, 'alpha': 0.5248743796442359}. Best is trial 22 with value: 0.0493893479428353.
[I 2026-03-03 19:50:24,513] Trial 67 finished with value: 0.07865373330829965 and parameters: {'sigma_noise': 0.24174356399023456, 'A_repulsion': 0.2810920057243688, 'gamma': 0.7918923664830616, 'sigma_update': 0.23304857917640492, 'eta_learning': 1.0589166377368777, 'sigma_boundary': 6.2722225417612405, 'alpha': 0.45171458377468}. Best is trial 22 with value: 0.0493893479428353.
[I 2026-03-03 19:50:41,255] Trial 74 finished with value: 1.255205976557722 and parameters: {'sigma_noise': 0.19978363830556672, 'A_repulsion': 0.270456566671127, 'gamma': 0.43191628823303374, 'sigma_update': 0.46335114134298316, 'eta_learning': 0.8321030743567606, 'sigma_boundary': 6.460711555868466, 'alpha': 0.17955439618361752}. Best is trial 22 with value: 0.0493893479428353.
[I 2026-03-03 19:50:41,862] Trial 65 finished with value: 0.058900667879887805 and parameters: {'sigma_noise': 0.3374228117934237, 'A_repulsion': 0.25979793115049554, 'gamma': 0.638367081550156, 'sigma_update': 0.34973229901724967, 'eta_learning': 1.6158533879274175, 'sigma_boundary': 6.700111851032721, 'alpha': 0.7525265423825407}. Best is trial 22 with value: 0.0493893479428353.
[I 2026-03-03 19:50:44,798] Trial 68 finished with value: 0.15057386448497934 and parameters: {'sigma_noise': 0.16683940799057884, 'A_repulsion': 0.4941043661722119, 'gamma': 0.4981922848432663, 'sigma_update': 0.39078208285125765, 'eta_learning': 1.0970022908212833, 'sigma_boundary': 5.3196100531130135, 'alpha': 0.4860581691717802}. Best is trial 22 with value: 0.0493893479428353.
[I 2026-03-03 19:51:08,725] Trial 63 finished with value: 0.0652946828769688 and parameters: {'sigma_noise': 0.2834941378597286, 'A_repulsion': 0.4587297615759446, 'gamma': 0.7899157746527757, 'sigma_update': 0.35697135388638584, 'eta_learning': 1.5053557089795946, 'sigma_boundary': 5.244340845175021, 'alpha': 0.702065018105535}. Best is trial 22 with value: 0.0493893479428353.
[I 2026-03-03 19:51:12,967] Trial 69 finished with value: 0.10375461804251736 and parameters: {'sigma_noise': 0.24396898738054773, 'A_repulsion': 0.4183981867848452, 'gamma': 0.5500920534162166, 'sigma_update': 0.2985231014377785, 'eta_learning': 0.8061227649904398, 'sigma_boundary': 4.715426466643177, 'alpha': 0.46431921611047977}. Best is trial 22 with value: 0.0493893479428353.
[I 2026-03-03 19:51:14,228] Trial 77 finished with value: 0.19069224718527955 and parameters: {'sigma_noise': 0.2785859609411452, 'A_repulsion': 0.18966622750895804, 'gamma': 0.5963762514884984, 'sigma_update': 0.28574927575255515, 'eta_learning': 0.7279729335004752, 'sigma_boundary': 5.966517890457666, 'alpha': 0.40447118672591653}. Best is trial 22 with value: 0.0493893479428353.
[I 2026-03-03 19:51:16,387] Trial 72 finished with value: 0.07413429063303692 and parameters: {'sigma_noise': 0.2591556029857948, 'A_repulsion': 0.3435684195728786, 'gamma': 0.6024330463333915, 'sigma_update': 0.3760444804295607, 'eta_learning': 1.149490568143152, 'sigma_boundary': 5.190240429425334, 'alpha': 0.665562142534212}. Best is trial 22 with value: 0.0493893479428353.
[I 2026-03-03 19:51:17,724] Trial 75 finished with value: 1.7041903707501889 and parameters: {'sigma_noise': 0.2887158013846669, 'A_repulsion': 0.2546659425128524, 'gamma': 0.6519286473207873, 'sigma_update': 0.27447500687517623, 'eta_learning': 1.6125413432996418, 'sigma_boundary': 6.385288366134172, 'alpha': 0.16243820702287176}. Best is trial 22 with value: 0.0493893479428353.
[I 2026-03-03 19:51:18,014] Trial 78 finished with value: 0.17673978089516085 and parameters: {'sigma_noise': 0.2560015295570463, 'A_repulsion': 0.2106953910454467, 'gamma': 0.3327899525448529, 'sigma_update': 0.44127385212075604, 'eta_learning': 2.107868679490982, 'sigma_boundary': 1.8876823496212904, 'alpha': 0.5275152979404789}. Best is trial 22 with value: 0.0493893479428353.
[I 2026-03-03 19:51:32,810] Trial 66 finished with value: 0.17065433034957506 and parameters: {'sigma_noise': 0.36347734849608243, 'A_repulsion': 0.35580494928842743, 'gamma': 0.5005160226534272, 'sigma_update': 0.4184421947590185, 'eta_learning': 1.8224006216427904, 'sigma_boundary': 7.391294596274438, 'alpha': 0.5639324970593645}. Best is trial 22 with value: 0.0493893479428353.
[I 2026-03-03 19:51:51,042] Trial 76 finished with value: 0.7820769150860698 and parameters: {'sigma_noise': 0.29603921582902554, 'A_repulsion': 0.3056476791697873, 'gamma': 0.4244927919974063, 'sigma_update': 0.520832251582061, 'eta_learning': 1.9941104869125315, 'sigma_boundary': 7.128771532470824, 'alpha': 0.37247354132205635}. Best is trial 22 with value: 0.0493893479428353.
[I 2026-03-03 19:52:04,124] Trial 79 finished with value: 0.3752759040917703 and parameters: {'sigma_noise': 0.2733550483576372, 'A_repulsion': 0.345241031251032, 'gamma': 0.4669334943715325, 'sigma_update': 0.31946159961541, 'eta_learning': 1.739708457027953, 'sigma_boundary': 7.64117293064082, 'alpha': 0.3859848099272719}. Best is trial 22 with value: 0.0493893479428353.
[I 2026-03-03 19:52:06,182] Trial 73 finished with value: 0.07563761224604573 and parameters: {'sigma_noise': 0.3563672811064826, 'A_repulsion': 0.3974337381023144, 'gamma': 0.38951392989242534, 'sigma_update': 0.2951786308080805, 'eta_learning': 1.7645798419990666, 'sigma_boundary': 5.898659054332364, 'alpha': 0.800561003402383}. Best is trial 22 with value: 0.0493893479428353.
[I 2026-03-03 19:55:03,705] Trial 81 finished with value: 0.12607455549803917 and parameters: {'sigma_noise': 0.16254553453812598, 'A_repulsion': 0.22479610981951262, 'gamma': 0.5243547920480611, 'sigma_update': 0.22895853640107777, 'eta_learning': 0.9395498319590849, 'sigma_boundary': 6.131082065816588, 'alpha': 0.426278813272161}. Best is trial 22 with value: 0.0493893479428353.
[I 2026-03-03 19:55:21,581] Trial 82 finished with value: 0.09266297374464462 and parameters: {'sigma_noise': 0.16669743198582537, 'A_repulsion': 0.191702192714231, 'gamma': 0.2290855304010294, 'sigma_update': 0.12018390526446467, 'eta_learning': 1.471778805409454, 'sigma_boundary': 4.954541183424074, 'alpha': 0.39652899723249}. Best is trial 22 with value: 0.0493893479428353.
[I 2026-03-03 19:55:32,420] Trial 80 finished with value: 0.09924552942184994 and parameters: {'sigma_noise': 0.18121000009127303, 'A_repulsion': 0.2640503951541754, 'gamma': 0.5310253576798765, 'sigma_update': 0.20066082021620674, 'eta_learning': 1.4157133501138197, 'sigma_boundary': 4.311903370479817, 'alpha': 0.44057274077952957}. Best is trial 22 with value: 0.0493893479428353.
[I 2026-03-03 19:56:13,897] Trial 90 finished with value: 0.12228950151638074 and parameters: {'sigma_noise': 0.1351574622812303, 'A_repulsion': 0.18510174735201967, 'gamma': 0.7033461707056538, 'sigma_update': 0.3490175162688397, 'eta_learning': 1.1883333153959803, 'sigma_boundary': 5.9861249759840245, 'alpha': 0.864546703934529}. Best is trial 22 with value: 0.0493893479428353.
[I 2026-03-03 19:56:15,686] Trial 89 finished with value: 0.1733080889365746 and parameters: {'sigma_noise': 0.11410090469077751, 'A_repulsion': 0.25883711659183917, 'gamma': 0.5826452929235107, 'sigma_update': 0.4835617863093885, 'eta_learning': 1.5181845785394081, 'sigma_boundary': 7.614276095804078, 'alpha': 0.47057296068891474}. Best is trial 22 with value: 0.0493893479428353.
[I 2026-03-03 19:56:54,709] Trial 83 finished with value: 0.4052942346844607 and parameters: {'sigma_noise': 0.20839829091041967, 'A_repulsion': 0.30555053334211746, 'gamma': 0.41986088116486564, 'sigma_update': 0.45241988366583447, 'eta_learning': 1.8618702482804657, 'sigma_boundary': 4.554570401357482, 'alpha': 0.3821858116548952}. Best is trial 22 with value: 0.0493893479428353.
[I 2026-03-03 19:57:09,158] Trial 84 finished with value: 0.12007687858133904 and parameters: {'sigma_noise': 0.22121612930449258, 'A_repulsion': 0.23606157547266568, 'gamma': 0.2079444536292104, 'sigma_update': 0.42086123978171225, 'eta_learning': 1.7415891553395135, 'sigma_boundary': 3.776510695240427, 'alpha': 0.6557144578587046}. Best is trial 22 with value: 0.0493893479428353.
[I 2026-03-03 19:57:16,657] Trial 87 finished with value: 0.0578559685533972 and parameters: {'sigma_noise': 0.2531825599882931, 'A_repulsion': 0.1867228489288132, 'gamma': 0.5844026920876864, 'sigma_update': 0.44693838030491684, 'eta_learning': 1.1094880260972937, 'sigma_boundary': 6.642473379679465, 'alpha': 0.8026798662469476}. Best is trial 22 with value: 0.0493893479428353.
[I 2026-03-03 19:57:19,069] Trial 85 finished with value: 0.06979647536756264 and parameters: {'sigma_noise': 0.20435111021907904, 'A_repulsion': 0.3151104132103021, 'gamma': 0.5456139229024395, 'sigma_update': 0.21262622538682135, 'eta_learning': 1.2816855616194234, 'sigma_boundary': 5.234094875536185, 'alpha': 0.6417945526555924}. Best is trial 22 with value: 0.0493893479428353.
[I 2026-03-03 19:57:22,383] Trial 92 finished with value: 0.07943195374545847 and parameters: {'sigma_noise': 0.1913847706910929, 'A_repulsion': 0.2633806780140037, 'gamma': 0.46918355614735213, 'sigma_update': 0.35905761006475573, 'eta_learning': 1.6637854411502686, 'sigma_boundary': 3.9984019534778623, 'alpha': 0.9202956433645946}. Best is trial 22 with value: 0.0493893479428353.
[I 2026-03-03 19:57:26,749] Trial 95 finished with value: 0.09957542102048263 and parameters: {'sigma_noise': 0.17164241415785486, 'A_repulsion': 0.28184882648896004, 'gamma': 0.48400702357016, 'sigma_update': 0.36346764883139193, 'eta_learning': 2.020571480112217, 'sigma_boundary': 6.015103960876342, 'alpha': 0.7067412082575376}. Best is trial 22 with value: 0.0493893479428353.
[I 2026-03-03 19:57:37,431] Trial 88 finished with value: 0.07949043263288982 and parameters: {'sigma_noise': 0.25525962291574306, 'A_repulsion': 0.2155556502064278, 'gamma': 0.6320879157773595, 'sigma_update': 0.32950972347055413, 'eta_learning': 1.7549943623036217, 'sigma_boundary': 6.06159786006571, 'alpha': 0.5517437232303138}. Best is trial 22 with value: 0.0493893479428353.
[I 2026-03-03 19:57:38,325] Trial 86 finished with value: 0.27678859278147694 and parameters: {'sigma_noise': 0.25647855999131036, 'A_repulsion': 0.1946425917039606, 'gamma': 0.6038826375679284, 'sigma_update': 0.3386316832645447, 'eta_learning': 1.674223776705745, 'sigma_boundary': 6.817419276047926, 'alpha': 0.4029281956618813}. Best is trial 22 with value: 0.0493893479428353.
[I 2026-03-03 19:58:18,469] Trial 91 finished with value: 0.09404520686139087 and parameters: {'sigma_noise': 0.27458904074177043, 'A_repulsion': 0.31782861797605233, 'gamma': 0.36454832985485974, 'sigma_update': 0.13017421484837147, 'eta_learning': 1.0002224719116544, 'sigma_boundary': 4.0075524831791824, 'alpha': 0.4536230008078061}. Best is trial 22 with value: 0.0493893479428353.
[I 2026-03-03 19:58:28,930] Trial 93 finished with value: 0.08430258023825377 and parameters: {'sigma_noise': 0.26943042848824783, 'A_repulsion': 0.26408251082885453, 'gamma': 0.23226722261657398, 'sigma_update': 0.3536341129752867, 'eta_learning': 1.4215255420635449, 'sigma_boundary': 5.267950420389162, 'alpha': 0.6994287184271928}. Best is trial 22 with value: 0.0493893479428353.
[I 2026-03-03 19:58:31,890] Trial 94 finished with value: 0.16990449291665013 and parameters: {'sigma_noise': 0.3427304571235224, 'A_repulsion': 0.1957396299123046, 'gamma': 0.6598886690452883, 'sigma_update': 0.6183320248547788, 'eta_learning': 0.9004966695719764, 'sigma_boundary': 8.14407472296398, 'alpha': 0.6352121692656498}. Best is trial 22 with value: 0.0493893479428353.
[I 2026-03-03 19:58:34,696] Trial 96 finished with value: 0.085063411583412 and parameters: {'sigma_noise': 0.1841116281467861, 'A_repulsion': 0.4246224657321931, 'gamma': 0.6117645611931145, 'sigma_update': 0.1345211537782367, 'eta_learning': 2.0627317072605473, 'sigma_boundary': 2.4844119042535455, 'alpha': 0.558344558015881}. Best is trial 22 with value: 0.0493893479428353.
[I 2026-03-03 19:58:38,014] Trial 104 finished with value: 0.05673549822537356 and parameters: {'sigma_noise': 0.22987605299638408, 'A_repulsion': 0.1675542179461056, 'gamma': 0.7793014798653802, 'sigma_update': 0.34595920972159844, 'eta_learning': 1.3751124121750942, 'sigma_boundary': 3.984096953567161, 'alpha': 0.7632790183904211}. Best is trial 22 with value: 0.0493893479428353.
[I 2026-03-03 19:58:51,701] Trial 99 finished with value: 0.07218825413197026 and parameters: {'sigma_noise': 0.26769877294819877, 'A_repulsion': 0.19391142999522762, 'gamma': 0.5490380944072694, 'sigma_update': 0.1567894924599337, 'eta_learning': 1.577260440049266, 'sigma_boundary': 6.037834668805465, 'alpha': 0.6498614705944458}. Best is trial 22 with value: 0.0493893479428353.
[I 2026-03-03 19:58:52,278] Trial 97 finished with value: 0.09034138264067759 and parameters: {'sigma_noise': 0.26972398222088056, 'A_repulsion': 0.31592110200054196, 'gamma': 0.7900863616887773, 'sigma_update': 0.4114196064914057, 'eta_learning': 1.4492948783727317, 'sigma_boundary': 0.9044438503070713, 'alpha': 0.9085505081835532}. Best is trial 22 with value: 0.0493893479428353.
[I 2026-03-03 19:59:04,790] Trial 98 finished with value: 0.06902689882167419 and parameters: {'sigma_noise': 0.2593300008993199, 'A_repulsion': 0.33080556265062777, 'gamma': 0.49672676814567207, 'sigma_update': 0.30357121282733773, 'eta_learning': 1.211285028507804, 'sigma_boundary': 5.93638730827452, 'alpha': 0.570961737237226}. Best is trial 22 with value: 0.0493893479428353.
[I 2026-03-03 19:59:15,671] Trial 103 finished with value: 0.09462260968029232 and parameters: {'sigma_noise': 0.22272190510022716, 'A_repulsion': 0.29463973844463576, 'gamma': 0.635281425995547, 'sigma_update': 0.29892238597848797, 'eta_learning': 1.926080388981059, 'sigma_boundary': 2.078714061834099, 'alpha': 0.9271164871106139}. Best is trial 22 with value: 0.0493893479428353.
[I 2026-03-03 19:59:21,824] Trial 101 finished with value: 0.07821836747050541 and parameters: {'sigma_noise': 0.2687616758013735, 'A_repulsion': 0.30381839144979994, 'gamma': 0.27165396794409274, 'sigma_update': 0.17296981455155183, 'eta_learning': 2.0360271152584595, 'sigma_boundary': 5.849719154223007, 'alpha': 0.613539154328514}. Best is trial 22 with value: 0.0493893479428353.
[I 2026-03-03 19:59:31,090] Trial 102 finished with value: 0.046346890195000684 and parameters: {'sigma_noise': 0.273635565116332, 'A_repulsion': 0.25516980274381823, 'gamma': 0.5721938050805649, 'sigma_update': 0.3197177656470555, 'eta_learning': 1.7556320208769305, 'sigma_boundary': 6.853137421592783, 'alpha': 0.7950029956534514}. Best is trial 102 with value: 0.046346890195000684.
[I 2026-03-03 19:59:43,677] Trial 107 finished with value: 0.056862473908392275 and parameters: {'sigma_noise': 0.22830796901370337, 'A_repulsion': 0.2262760588924431, 'gamma': 0.6338774478888619, 'sigma_update': 0.2893031618283468, 'eta_learning': 1.8059700019840954, 'sigma_boundary': 6.254362140570484, 'alpha': 0.7896564790703378}. Best is trial 102 with value: 0.046346890195000684.
[I 2026-03-03 19:59:54,326] Trial 106 finished with value: 0.09781084992746922 and parameters: {'sigma_noise': 0.2292469712415785, 'A_repulsion': 0.30164489236845465, 'gamma': 0.9847320226470355, 'sigma_update': 0.32194432252260563, 'eta_learning': 1.6227551640563584, 'sigma_boundary': 2.7367599748032334, 'alpha': 0.7788529481172546}. Best is trial 102 with value: 0.046346890195000684.
[I 2026-03-03 19:59:54,801] Trial 111 finished with value: 0.10779295769686284 and parameters: {'sigma_noise': 0.34228804889954567, 'A_repulsion': 0.016222733530267652, 'gamma': 0.6243139586908001, 'sigma_update': 0.293513972607477, 'eta_learning': 1.265221192752545, 'sigma_boundary': 2.4167568259807477, 'alpha': 0.5224586428596605}. Best is trial 102 with value: 0.046346890195000684.
[I 2026-03-03 20:00:05,600] Trial 100 finished with value: 0.08739106590420945 and parameters: {'sigma_noise': 0.3021913010446679, 'A_repulsion': 0.38484560619627484, 'gamma': 0.5248645810602781, 'sigma_update': 0.16575084148938068, 'eta_learning': 2.0057837518668173, 'sigma_boundary': 3.8674251857258617, 'alpha': 0.5658457412442462}. Best is trial 102 with value: 0.046346890195000684.
[I 2026-03-03 20:00:14,117] Trial 105 finished with value: 0.07637697743360511 and parameters: {'sigma_noise': 0.2424190120752034, 'A_repulsion': 0.40556159027151517, 'gamma': 0.4533547176505143, 'sigma_update': 0.3069044692430124, 'eta_learning': 2.054503206915109, 'sigma_boundary': 0.7468006179563276, 'alpha': 0.8042341167483201}. Best is trial 102 with value: 0.046346890195000684.
[I 2026-03-03 20:00:22,755] Trial 116 finished with value: 0.23898578704089815 and parameters: {'sigma_noise': 0.22584002606685577, 'A_repulsion': 0.18413659162378881, 'gamma': 0.34904781137307095, 'sigma_update': 0.06977777920494439, 'eta_learning': 1.505368281732351, 'sigma_boundary': 4.496781074527973, 'alpha': 0.8691952493423492}. Best is trial 102 with value: 0.046346890195000684.
[I 2026-03-03 20:00:28,776] Trial 114 finished with value: 0.11387403021380235 and parameters: {'sigma_noise': 0.2753509392025095, 'A_repulsion': 0.19282487220035213, 'gamma': 0.5664001097356349, 'sigma_update': 0.32275836744748515, 'eta_learning': 1.7320642165985642, 'sigma_boundary': 3.660080108147541, 'alpha': 0.49065686149349064}. Best is trial 102 with value: 0.046346890195000684.
[I 2026-03-03 20:00:29,694] Trial 109 finished with value: 0.18441049046430852 and parameters: {'sigma_noise': 0.20003132341850727, 'A_repulsion': 0.3892919274531509, 'gamma': 0.9692665055458548, 'sigma_update': 0.2563210778769914, 'eta_learning': 0.6370868489599371, 'sigma_boundary': 3.953575443984143, 'alpha': 0.9247703074911566}. Best is trial 102 with value: 0.046346890195000684.
[I 2026-03-03 20:00:32,451] Trial 108 finished with value: 0.09153560996129274 and parameters: {'sigma_noise': 0.22331243149473823, 'A_repulsion': 0.42624754205957294, 'gamma': 0.602193485467557, 'sigma_update': 0.24618438020917893, 'eta_learning': 1.2689457613587507, 'sigma_boundary': 3.0973332562966593, 'alpha': 0.470025138916486}. Best is trial 102 with value: 0.046346890195000684.
