[I 2026-03-03 20:15:34,003] Trial 170 finished with value: 0.08837088620401008 and parameters: {'sigma_noise': 0.16883194210958924, 'A_repulsion': 0.2722691614224252, 'gamma': 0.625053005007396, 'sigma_update': 0.357889785169533, 'eta_learning': 2.09444539251824, 'sigma_boundary': 9.041182821306421, 'alpha': 0.7357232574428108}. Best is trial 118 with value: 0.042256693847259705.
[I 2026-03-03 20:15:49,206] Trial 169 finished with value: 0.2503475072319959 and parameters: {'sigma_noise': 0.2736515588013557, 'A_repulsion': 0.2760548594388574, 'gamma': 0.6117590626211966, 'sigma_update': 0.5156951943840901, 'eta_learning': 2.0144927497882668, 'sigma_boundary': 4.206762519653053, 'alpha': 0.5137663604402729}. Best is trial 118 with value: 0.042256693847259705.
[I 2026-03-03 20:15:58,116] Trial 168 finished with value: 0.09327131567745628 and parameters: {'sigma_noise': 0.2252839866145399, 'A_repulsion': 0.32550668418202544, 'gamma': 0.43041763938849703, 'sigma_update': 0.2950399255385357, 'eta_learning': 2.2573505722128555, 'sigma_boundary': 5.603485501651433, 'alpha': 0.9591700028984542}. Best is trial 118 with value: 0.042256693847259705.
[I 2026-03-03 20:16:07,103] Trial 172 finished with value: 0.10800799223276372 and parameters: {'sigma_noise': 0.23251051980855686, 'A_repulsion': 0.2856053729561085, 'gamma': 0.47854568925622404, 'sigma_update': 0.37771894879015666, 'eta_learning': 1.8901993566373925, 'sigma_boundary': 4.088405895014292, 'alpha': 0.6214671144469947}. Best is trial 118 with value: 0.042256693847259705.
[I 2026-03-03 20:16:11,073] Trial 173 finished with value: 0.06662595954678768 and parameters: {'sigma_noise': 0.2178855077036057, 'A_repulsion': 0.24700053861869636, 'gamma': 0.5289685505299231, 'sigma_update': 0.34680448155424676, 'eta_learning': 1.9217843937136099, 'sigma_boundary': 4.15529610791721, 'alpha': 0.7467638176002673}. Best is trial 118 with value: 0.042256693847259705.
[I 2026-03-03 20:16:17,083] Trial 179 finished with value: 0.10158122536792841 and parameters: {'sigma_noise': 0.17587848666859557, 'A_repulsion': 0.20467415504228886, 'gamma': 0.40363634397592163, 'sigma_update': 0.48117505423237183, 'eta_learning': 1.034884493692289, 'sigma_boundary': 5.6675362998152785, 'alpha': 0.8827932593163414}. Best is trial 118 with value: 0.042256693847259705.
[I 2026-03-03 20:16:18,609] Trial 171 finished with value: 0.05376633621632752 and parameters: {'sigma_noise': 0.2772682094369598, 'A_repulsion': 0.3201645477386566, 'gamma': 0.32549477132962557, 'sigma_update': 0.2568420390591417, 'eta_learning': 1.483372846718668, 'sigma_boundary': 3.7535715850007003, 'alpha': 0.6157914863457402}. Best is trial 118 with value: 0.042256693847259705.
[I 2026-03-03 20:16:21,468] Trial 183 finished with value: 0.14473902274739234 and parameters: {'sigma_noise': 0.17350820378591253, 'A_repulsion': 0.1936142870079773, 'gamma': 0.5915359542394688, 'sigma_update': 0.16509751777043094, 'eta_learning': 1.1014826131317261, 'sigma_boundary': 3.863137233303151, 'alpha': 0.804411803014287}. Best is trial 118 with value: 0.042256693847259705.
[I 2026-03-03 20:16:30,634] Trial 175 finished with value: 0.09066213810298077 and parameters: {'sigma_noise': 0.191114937503364, 'A_repulsion': 0.2732360082983991, 'gamma': 0.8596106651632656, 'sigma_update': 0.453082122887717, 'eta_learning': 1.6634659039484403, 'sigma_boundary': 5.995646820043044, 'alpha': 0.7731894542223728}. Best is trial 118 with value: 0.042256693847259705.
[I 2026-03-03 20:16:33,115] Trial 177 finished with value: 0.052411344524986365 and parameters: {'sigma_noise': 0.22508776140746278, 'A_repulsion': 0.1969350817700362, 'gamma': 0.48874159834595343, 'sigma_update': 0.2353847044346707, 'eta_learning': 2.453674571756105, 'sigma_boundary': 7.623487802554026, 'alpha': 0.5814102398544295}. Best is trial 118 with value: 0.042256693847259705.
[I 2026-03-03 20:16:50,338] Trial 180 finished with value: 0.12812246901401042 and parameters: {'sigma_noise': 0.17300163217370035, 'A_repulsion': 0.39988115555900444, 'gamma': 0.8935881911658008, 'sigma_update': 0.2629655626972616, 'eta_learning': 1.7186704660558925, 'sigma_boundary': 4.948843706995608, 'alpha': 0.6354694650862499}. Best is trial 118 with value: 0.042256693847259705.
[I 2026-03-03 20:16:54,721] Trial 181 finished with value: 0.06001966331191999 and parameters: {'sigma_noise': 0.2038288070862781, 'A_repulsion': 0.22463917114684753, 'gamma': 0.6771825784972352, 'sigma_update': 0.3914407338638556, 'eta_learning': 1.5941766860093425, 'sigma_boundary': 4.260445483502762, 'alpha': 0.7472198272118301}. Best is trial 118 with value: 0.042256693847259705.
[I 2026-03-03 20:16:57,075] Trial 178 finished with value: 0.09060468095479056 and parameters: {'sigma_noise': 0.2418655200091699, 'A_repulsion': 0.27265492850500395, 'gamma': 0.33862400024098704, 'sigma_update': 0.4107834003610445, 'eta_learning': 1.9695500861244377, 'sigma_boundary': 4.594632293747598, 'alpha': 0.723727191493601}. Best is trial 118 with value: 0.042256693847259705.
[I 2026-03-03 20:16:59,633] Trial 176 finished with value: 0.06623374316417752 and parameters: {'sigma_noise': 0.2839817382963658, 'A_repulsion': 0.263859722688575, 'gamma': 0.6062038128987496, 'sigma_update': 0.4070391513763994, 'eta_learning': 0.6735670263066078, 'sigma_boundary': 4.016309610865779, 'alpha': 0.7807840186275086}. Best is trial 118 with value: 0.042256693847259705.
[I 2026-03-03 20:17:15,099] Trial 187 finished with value: 0.10991122693113156 and parameters: {'sigma_noise': 0.22473707560204326, 'A_repulsion': 0.23708571297595576, 'gamma': 0.7425961663921093, 'sigma_update': 0.2090710673070644, 'eta_learning': 2.1322989773061103, 'sigma_boundary': 5.521763326949467, 'alpha': 0.8695515339017942}. Best is trial 118 with value: 0.042256693847259705.
[I 2026-03-03 20:17:23,186] Trial 185 finished with value: 0.08902299018077928 and parameters: {'sigma_noise': 0.28432221056192325, 'A_repulsion': 0.2701047543469287, 'gamma': 0.47264595401578174, 'sigma_update': 0.20019282269460076, 'eta_learning': 1.221947366359063, 'sigma_boundary': 4.161230743383147, 'alpha': 0.9534419049635074}. Best is trial 118 with value: 0.042256693847259705.
[I 2026-03-03 20:17:27,309] Trial 192 finished with value: 0.08678296174100023 and parameters: {'sigma_noise': 0.23268060695911313, 'A_repulsion': 0.21075455851855174, 'gamma': 0.6532978738383259, 'sigma_update': 0.22890300176178027, 'eta_learning': 2.0100989201513424, 'sigma_boundary': 3.489929408535023, 'alpha': 0.8968333397846543}. Best is trial 118 with value: 0.042256693847259705.
[I 2026-03-03 20:17:31,162] Trial 182 finished with value: 0.05921769957311819 and parameters: {'sigma_noise': 0.3311299462069429, 'A_repulsion': 0.24931091952629786, 'gamma': 0.7868799916926497, 'sigma_update': 0.26719632242338104, 'eta_learning': 2.2213622081271898, 'sigma_boundary': 4.042412234311924, 'alpha': 0.6481708813052709}. Best is trial 118 with value: 0.042256693847259705.
[I 2026-03-03 20:17:32,281] Trial 194 finished with value: 0.08434882335711986 and parameters: {'sigma_noise': 0.2537159881586675, 'A_repulsion': 0.17516559715252314, 'gamma': 0.7862127572408255, 'sigma_update': 0.3804748876717033, 'eta_learning': 1.5275503787417073, 'sigma_boundary': 4.606687284055811, 'alpha': 0.9622741642319614}. Best is trial 118 with value: 0.042256693847259705.
[I 2026-03-03 20:17:42,404] Trial 184 finished with value: 0.06198177991160866 and parameters: {'sigma_noise': 0.3712776396222487, 'A_repulsion': 0.2203577563383616, 'gamma': 0.6906234816871742, 'sigma_update': 0.25332211571472657, 'eta_learning': 1.7149441253069886, 'sigma_boundary': 6.627025998406825, 'alpha': 0.6672769108265093}. Best is trial 118 with value: 0.042256693847259705.
[I 2026-03-03 20:17:43,221] Trial 188 finished with value: 0.06557397308989597 and parameters: {'sigma_noise': 0.3387591719301565, 'A_repulsion': 0.1984229766466986, 'gamma': 0.5600722338420255, 'sigma_update': 0.3321987482269822, 'eta_learning': 1.463226613730509, 'sigma_boundary': 3.8119765089766426, 'alpha': 0.7620130151233051}. Best is trial 118 with value: 0.042256693847259705.
[I 2026-03-03 20:17:44,894] Trial 193 finished with value: 0.07442298956290831 and parameters: {'sigma_noise': 0.23057523907848632, 'A_repulsion': 0.2744669145321078, 'gamma': 0.5360509479319725, 'sigma_update': 0.4332137405439053, 'eta_learning': 1.8670624671260343, 'sigma_boundary': 5.127625171126066, 'alpha': 0.9232453634291018}. Best is trial 118 with value: 0.042256693847259705.
[I 2026-03-03 20:17:44,991] Trial 189 finished with value: 0.07908622041335536 and parameters: {'sigma_noise': 0.2437012917413089, 'A_repulsion': 0.29351781739673166, 'gamma': 0.38535958035675605, 'sigma_update': 0.3520728635557842, 'eta_learning': 1.4566866794937774, 'sigma_boundary': 4.392595215208421, 'alpha': 0.7259893686226034}. Best is trial 118 with value: 0.042256693847259705.
[I 2026-03-03 20:17:48,418] Trial 197 finished with value: 0.1381160283633585 and parameters: {'sigma_noise': 0.21532858380744907, 'A_repulsion': 0.26444157088778136, 'gamma': 0.5701155574040859, 'sigma_update': 0.19399297730920048, 'eta_learning': 1.6886355869184804, 'sigma_boundary': 3.243125868118963, 'alpha': 0.9893682579502011}. Best is trial 118 with value: 0.042256693847259705.
[I 2026-03-03 20:17:52,377] Trial 191 finished with value: 0.11437996308919725 and parameters: {'sigma_noise': 0.3099917297704873, 'A_repulsion': 0.18975370343579534, 'gamma': 0.5606777623876101, 'sigma_update': 0.41685816672873455, 'eta_learning': 1.2924340787503121, 'sigma_boundary': 4.005087916937722, 'alpha': 0.6377016955374604}. Best is trial 118 with value: 0.042256693847259705.
[I 2026-03-03 20:17:52,837] Trial 186 finished with value: 0.055862554773675854 and parameters: {'sigma_noise': 0.34586823036146275, 'A_repulsion': 0.3077018179160057, 'gamma': 0.7314311957268592, 'sigma_update': 0.2407332096165692, 'eta_learning': 1.6297702950593407, 'sigma_boundary': 4.2690726665011995, 'alpha': 0.7057139226112814}. Best is trial 118 with value: 0.042256693847259705.
[I 2026-03-03 20:17:55,249] Trial 190 finished with value: 0.17858851427745245 and parameters: {'sigma_noise': 0.3049065489122548, 'A_repulsion': 0.2705590136029161, 'gamma': 0.30625142783538967, 'sigma_update': 0.36006853611288836, 'eta_learning': 1.2095260545472049, 'sigma_boundary': 7.861057327321416, 'alpha': 0.4903995800858119}. Best is trial 118 with value: 0.042256693847259705.
[I 2026-03-03 20:17:59,450] Trial 195 finished with value: 0.06295957446016776 and parameters: {'sigma_noise': 0.2636607864593994, 'A_repulsion': 0.29349883536240906, 'gamma': 0.7780770271988248, 'sigma_update': 0.2122330606422644, 'eta_learning': 2.282223713619152, 'sigma_boundary': 2.6436111503866844, 'alpha': 0.6540717133144827}. Best is trial 118 with value: 0.042256693847259705.
[I 2026-03-03 20:18:00,248] Trial 198 finished with value: 0.09101100904982433 and parameters: {'sigma_noise': 0.17140977113640093, 'A_repulsion': 0.260122085030178, 'gamma': 0.5115246455180862, 'sigma_update': 0.40623818081213614, 'eta_learning': 1.4720259695868902, 'sigma_boundary': 5.403789556627221, 'alpha': 0.7804032049296814}. Best is trial 118 with value: 0.042256693847259705.
[I 2026-03-03 20:18:01,183] Trial 196 finished with value: 0.09877327953887746 and parameters: {'sigma_noise': 0.3322345092798681, 'A_repulsion': 0.14967037356464982, 'gamma': 0.47418642735813277, 'sigma_update': 0.3914434358084584, 'eta_learning': 1.6997552968965541, 'sigma_boundary': 4.883091711559889, 'alpha': 0.9227151553360414}. Best is trial 118 with value: 0.042256693847259705.
[I 2026-03-03 20:18:02,413] Trial 199 finished with value: 0.07305604371005174 and parameters: {'sigma_noise': 0.2352628868783413, 'A_repulsion': 0.3047447266130777, 'gamma': 0.6004121335167193, 'sigma_update': 0.4618777504358179, 'eta_learning': 1.7554145738150986, 'sigma_boundary': 2.235798142443357, 'alpha': 0.8693462902806807}. Best is trial 118 with value: 0.042256693847259705.
[I 2026-03-03 20:18:13,014] A new study created in memory with name: no-name-a4ee88e6-2c1b-469a-ad16-efbdbddacefc
[I 2026-03-03 20:24:35,400] Trial 27 finished with value: 0.3599900666442013 and parameters: {'sigma_noise': 0.11500747967828998, 'A_repulsion': 0.08568944964923703, 'gamma': 0.19663161200920654, 'sigma_update': 0.0175354041582503, 'eta_learning': 2.8197444381783368, 'sigma_boundary': 6.86351645419718, 'alpha': 0.9288816959500565}. Best is trial 27 with value: 0.3599900666442013.
[I 2026-03-03 20:24:43,937] Trial 16 finished with value: 0.13560669055262844 and parameters: {'sigma_noise': 0.058873767554644824, 'A_repulsion': 0.36084828327589047, 'gamma': 0.02038783612869024, 'sigma_update': 0.5787835187129433, 'eta_learning': 2.8758386316496267, 'sigma_boundary': 4.992008387686042, 'alpha': 0.8166853417490187}. Best is trial 16 with value: 0.13560669055262844.
[I 2026-03-03 20:24:52,057] Trial 5 finished with value: 0.11005707483562366 and parameters: {'sigma_noise': 0.1584847181999105, 'A_repulsion': 0.1314500972911492, 'gamma': 0.7208948197584896, 'sigma_update': 0.2521657384731552, 'eta_learning': 0.447176839215043, 'sigma_boundary': 7.692300428943108, 'alpha': 0.8753187518944601}. Best is trial 5 with value: 0.11005707483562366.
[I 2026-03-03 20:25:13,794] Trial 32 finished with value: 0.1584068152767797 and parameters: {'sigma_noise': 0.09640461175421283, 'A_repulsion': 0.3722225923956355, 'gamma': 0.33063348707456064, 'sigma_update': 0.43171680909095633, 'eta_learning': 0.257615833772748, 'sigma_boundary': 9.402148797909282, 'alpha': 0.8042218543825326}. Best is trial 5 with value: 0.11005707483562366.
[I 2026-03-03 20:25:21,014] Trial 35 finished with value: 0.13544772151138693 and parameters: {'sigma_noise': 0.1158405740076804, 'A_repulsion': 0.26455745756784227, 'gamma': 0.6906904074620025, 'sigma_update': 0.37167535134126295, 'eta_learning': 1.4524207212587488, 'sigma_boundary': 4.234832792904059, 'alpha': 0.3899428311398849}. Best is trial 5 with value: 0.11005707483562366.
[I 2026-03-03 20:25:23,470] Trial 37 finished with value: 0.06037674703499974 and parameters: {'sigma_noise': 0.22748191103190812, 'A_repulsion': 0.041743121746366185, 'gamma': 0.6696976104523167, 'sigma_update': 0.5039623358988353, 'eta_learning': 1.6124653578617072, 'sigma_boundary': 6.3832792786832355, 'alpha': 0.7097348477926486}. Best is trial 37 with value: 0.06037674703499974.
[I 2026-03-03 20:25:41,569] Trial 31 finished with value: 0.045265914611308716 and parameters: {'sigma_noise': 0.22278280569280745, 'A_repulsion': 0.13723897830407833, 'gamma': 0.559972675628837, 'sigma_update': 0.623976637031865, 'eta_learning': 0.24271074538905987, 'sigma_boundary': 8.067022100181756, 'alpha': 0.770323249673747}. Best is trial 31 with value: 0.045265914611308716.
[I 2026-03-03 20:25:47,541] Trial 8 finished with value: 0.3843994361248667 and parameters: {'sigma_noise': 0.2761355373449454, 'A_repulsion': 0.05820797187913024, 'gamma': 0.26806934181296455, 'sigma_update': 0.28361446506300403, 'eta_learning': 1.3956575228037669, 'sigma_boundary': 6.102203416778732, 'alpha': 0.28174994735841685}. Best is trial 31 with value: 0.045265914611308716.
[I 2026-03-03 20:26:04,974] Trial 11 finished with value: 0.10379890774867023 and parameters: {'sigma_noise': 0.25057362532174304, 'A_repulsion': 0.11971135922865656, 'gamma': 0.1395415946943896, 'sigma_update': 0.13628418925663063, 'eta_learning': 1.890440062183226, 'sigma_boundary': 4.579711283244091, 'alpha': 0.7552905773490575}. Best is trial 31 with value: 0.045265914611308716.
[I 2026-03-03 20:26:07,228] Trial 25 finished with value: 1.4352358603313502 and parameters: {'sigma_noise': 0.30892514641583435, 'A_repulsion': 0.03061957965512402, 'gamma': 0.41492597696924305, 'sigma_update': 0.06216475438747975, 'eta_learning': 2.3799093971083214, 'sigma_boundary': 8.16629014567752, 'alpha': 0.08894771503657828}. Best is trial 31 with value: 0.045265914611308716.
[I 2026-03-03 20:26:18,500] Trial 14 finished with value: 0.07091314155680549 and parameters: {'sigma_noise': 0.20302869706932686, 'A_repulsion': 0.2251216202538765, 'gamma': 0.31754013894162203, 'sigma_update': 0.4458549721756499, 'eta_learning': 0.5310962204902064, 'sigma_boundary': 7.514481464001607, 'alpha': 0.7880593454016181}. Best is trial 31 with value: 0.045265914611308716.
[I 2026-03-03 20:26:19,039] Trial 9 finished with value: 1.5998009879012411 and parameters: {'sigma_noise': 0.34555980266596104, 'A_repulsion': 0.0500630169963549, 'gamma': 0.5191544208313259, 'sigma_update': 0.5550715102879474, 'eta_learning': 2.9300107970863274, 'sigma_boundary': 1.0930438832974794, 'alpha': 0.014587608944809594}. Best is trial 31 with value: 0.045265914611308716.
[I 2026-03-03 20:26:19,486] Trial 0 finished with value: 0.313274626891278 and parameters: {'sigma_noise': 0.1567546560257293, 'A_repulsion': 0.3469227781469116, 'gamma': 0.14536174147936448, 'sigma_update': 0.5450583154270142, 'eta_learning': 2.7393659688593153, 'sigma_boundary': 8.851337002252516, 'alpha': 0.4292392977197581}. Best is trial 31 with value: 0.045265914611308716.
[I 2026-03-03 20:26:21,549] Trial 7 finished with value: 1.3421620965445336 and parameters: {'sigma_noise': 0.2945147472343553, 'A_repulsion': 0.07756828680859912, 'gamma': 0.7021308724605143, 'sigma_update': 0.6161414930427301, 'eta_learning': 2.398795205348324, 'sigma_boundary': 8.116342262301838, 'alpha': 0.14779863119989256}. Best is trial 31 with value: 0.045265914611308716.
[I 2026-03-03 20:26:36,206] Trial 17 finished with value: 0.0973890193545443 and parameters: {'sigma_noise': 0.2204144990047865, 'A_repulsion': 0.2583403268679277, 'gamma': 0.034745793135372696, 'sigma_update': 0.4699395088058089, 'eta_learning': 0.9739997096679857, 'sigma_boundary': 7.710409141504175, 'alpha': 0.8020882903872532}. Best is trial 31 with value: 0.045265914611308716.
[I 2026-03-03 20:26:46,845] Trial 23 finished with value: 0.09110143530238048 and parameters: {'sigma_noise': 0.1399753826672681, 'A_repulsion': 0.45357532456598365, 'gamma': 0.2514821573134619, 'sigma_update': 0.5917017154291023, 'eta_learning': 0.32604795191946245, 'sigma_boundary': 6.953652921059156, 'alpha': 0.6642128658818661}. Best is trial 31 with value: 0.045265914611308716.
[I 2026-03-03 20:27:05,096] Trial 15 finished with value: 1.0802547850961508 and parameters: {'sigma_noise': 0.38695222963498377, 'A_repulsion': 0.040480191816299804, 'gamma': 0.8060333930602961, 'sigma_update': 0.12024794450420224, 'eta_learning': 0.7948022316760334, 'sigma_boundary': 7.473325353431699, 'alpha': 0.26712724316066716}. Best is trial 31 with value: 0.045265914611308716.
[I 2026-03-03 20:27:07,064] Trial 39 finished with value: 0.0630908552253181 and parameters: {'sigma_noise': 0.24093693589232568, 'A_repulsion': 0.278071930791048, 'gamma': 0.5592195750355858, 'sigma_update': 0.6066501269437693, 'eta_learning': 0.767059746289357, 'sigma_boundary': 6.773254827476334, 'alpha': 0.9403944736674463}. Best is trial 31 with value: 0.045265914611308716.
[I 2026-03-03 20:27:08,936] Trial 34 finished with value: 0.3901483799779044 and parameters: {'sigma_noise': 0.3011526650005784, 'A_repulsion': 0.2316205310633559, 'gamma': 0.6501240775385012, 'sigma_update': 0.6343497775402858, 'eta_learning': 1.8167344334924571, 'sigma_boundary': 9.697376945908399, 'alpha': 0.44953076383777524}. Best is trial 31 with value: 0.045265914611308716.
[I 2026-03-03 20:27:11,405] Trial 38 finished with value: 1.476796534615747 and parameters: {'sigma_noise': 0.25493685073821826, 'A_repulsion': 0.3155338666324822, 'gamma': 0.40052957494186064, 'sigma_update': 0.623132973640269, 'eta_learning': 0.9288966571051354, 'sigma_boundary': 3.703614847086438, 'alpha': 0.09363841431325448}. Best is trial 31 with value: 0.045265914611308716.
[I 2026-03-03 20:27:20,717] Trial 19 finished with value: 0.2656927177369476 and parameters: {'sigma_noise': 0.21325963055586267, 'A_repulsion': 0.3444283475086359, 'gamma': 0.22677376856767317, 'sigma_update': 0.6755378594122446, 'eta_learning': 0.569320826338458, 'sigma_boundary': 8.25899473808142, 'alpha': 0.5893862346490549}. Best is trial 31 with value: 0.045265914611308716.
[I 2026-03-03 20:27:24,303] Trial 6 finished with value: 0.20765918793189408 and parameters: {'sigma_noise': 0.25557031452905943, 'A_repulsion': 0.2767601301469149, 'gamma': 0.9057428797413795, 'sigma_update': 0.6941883398074389, 'eta_learning': 1.820927075987844, 'sigma_boundary': 8.148975351131204, 'alpha': 0.5042595231893905}. Best is trial 31 with value: 0.045265914611308716.
[I 2026-03-03 20:27:28,839] Trial 12 finished with value: 0.0626326160263393 and parameters: {'sigma_noise': 0.22266433281082637, 'A_repulsion': 0.417514028001179, 'gamma': 0.5826495060644908, 'sigma_update': 0.6778465935145327, 'eta_learning': 0.030034757386914683, 'sigma_boundary': 7.869627900604434, 'alpha': 0.21523276180941964}. Best is trial 31 with value: 0.045265914611308716.
[I 2026-03-03 20:27:29,943] Trial 22 finished with value: 0.07863146369687042 and parameters: {'sigma_noise': 0.34836290616557186, 'A_repulsion': 0.1881477121236736, 'gamma': 0.6524333973474783, 'sigma_update': 0.09471701268623217, 'eta_learning': 0.6047711885942678, 'sigma_boundary': 8.948584334704835, 'alpha': 0.6929844223428607}. Best is trial 31 with value: 0.045265914611308716.
[I 2026-03-03 20:27:36,868] Trial 1 finished with value: 0.2886218807762814 and parameters: {'sigma_noise': 0.44413517373920247, 'A_repulsion': 0.05402395639505764, 'gamma': 0.9366286276959791, 'sigma_update': 0.6805419730249944, 'eta_learning': 2.6072674525441584, 'sigma_boundary': 4.407118390799552, 'alpha': 0.4760519891335505}. Best is trial 31 with value: 0.045265914611308716.
