[I 2026-03-03 20:55:07,538] Trial 133 finished with value: 0.08491176995379972 and parameters: {'sigma_noise': 0.22034716392557901, 'A_repulsion': 0.35735023987230685, 'gamma': 0.7182012956318746, 'sigma_update': 0.16740187025207395, 'eta_learning': 1.7680166664219852, 'sigma_boundary': 2.4676015706381644, 'alpha': 0.709155903236446}. Best is trial 123 with value: 0.040690877829400916.
[I 2026-03-03 20:55:18,778] Trial 135 finished with value: 0.05653255747372854 and parameters: {'sigma_noise': 0.21773523179855742, 'A_repulsion': 0.3508764713546014, 'gamma': 0.3260195919176474, 'sigma_update': 0.19047534370116284, 'eta_learning': 0.99018700003155, 'sigma_boundary': 3.6953897906072495, 'alpha': 0.48167099575032185}. Best is trial 123 with value: 0.040690877829400916.
[I 2026-03-03 20:55:32,032] Trial 140 finished with value: 0.046631272760619444 and parameters: {'sigma_noise': 0.23608964335262506, 'A_repulsion': 0.3591697651129562, 'gamma': 0.7304092116111248, 'sigma_update': 0.12966813506021627, 'eta_learning': 0.496357644828126, 'sigma_boundary': 3.1824259719014694, 'alpha': 0.4987406762197617}. Best is trial 123 with value: 0.040690877829400916.
[I 2026-03-03 20:55:33,993] Trial 152 finished with value: 0.08082843003416178 and parameters: {'sigma_noise': 0.16065834113404082, 'A_repulsion': 0.2104591837427361, 'gamma': 0.8426066088818951, 'sigma_update': 0.281880483024143, 'eta_learning': 0.6693260468025858, 'sigma_boundary': 3.5503710940873545, 'alpha': 0.5926901124830355}. Best is trial 123 with value: 0.040690877829400916.
[I 2026-03-03 20:55:34,165] Trial 144 finished with value: 0.06399462916700331 and parameters: {'sigma_noise': 0.19317971713896598, 'A_repulsion': 0.27924473675509126, 'gamma': 0.8891080051579084, 'sigma_update': 0.3944677919906647, 'eta_learning': 0.7903846748427754, 'sigma_boundary': 3.8371974862578098, 'alpha': 0.5202935157220996}. Best is trial 123 with value: 0.040690877829400916.
[I 2026-03-03 20:55:45,072] Trial 143 finished with value: 0.10143849904448073 and parameters: {'sigma_noise': 0.18619759524947865, 'A_repulsion': 0.3069861987967812, 'gamma': 0.699005354998336, 'sigma_update': 0.12303232872351996, 'eta_learning': 0.5184576163512213, 'sigma_boundary': 4.2772716758754425, 'alpha': 0.6920239215331683}. Best is trial 123 with value: 0.040690877829400916.
[I 2026-03-03 20:55:45,360] Trial 142 finished with value: 0.049123536325866995 and parameters: {'sigma_noise': 0.24184801719469112, 'A_repulsion': 0.2906312364865746, 'gamma': 0.7902438448360649, 'sigma_update': 0.14886314213024798, 'eta_learning': 0.7513360143524923, 'sigma_boundary': 6.181653780355167, 'alpha': 0.5685405414839826}. Best is trial 123 with value: 0.040690877829400916.
[I 2026-03-03 20:56:11,759] Trial 149 finished with value: 0.0847658276026449 and parameters: {'sigma_noise': 0.22041131929541874, 'A_repulsion': 0.24618590906762294, 'gamma': 0.5539265975720162, 'sigma_update': 0.25006812474246487, 'eta_learning': 0.19411458504044432, 'sigma_boundary': 3.071007461234678, 'alpha': 0.764670700960056}. Best is trial 123 with value: 0.040690877829400916.
[I 2026-03-03 20:56:20,100] Trial 136 finished with value: 0.4827918619325397 and parameters: {'sigma_noise': 0.37922243436822417, 'A_repulsion': 0.29729770948258477, 'gamma': 0.6446139513601349, 'sigma_update': 0.20055442607272417, 'eta_learning': 1.1996718754283378, 'sigma_boundary': 3.9906336253311774, 'alpha': 0.400301941678444}. Best is trial 123 with value: 0.040690877829400916.
[I 2026-03-03 20:56:28,292] Trial 153 finished with value: 0.07206046922463116 and parameters: {'sigma_noise': 0.1867894913798151, 'A_repulsion': 0.26849861864668156, 'gamma': 0.6114929835712902, 'sigma_update': 0.45478745600624754, 'eta_learning': 0.9628509317654756, 'sigma_boundary': 4.516187570435396, 'alpha': 0.5687959742498591}. Best is trial 123 with value: 0.040690877829400916.
[I 2026-03-03 20:56:28,367] Trial 147 finished with value: 0.046452663492245284 and parameters: {'sigma_noise': 0.24718454162988218, 'A_repulsion': 0.23418115558068409, 'gamma': 0.5843355326849853, 'sigma_update': 0.3475603537521804, 'eta_learning': 0.7158867320586096, 'sigma_boundary': 4.667644138104328, 'alpha': 0.5968855377461956}. Best is trial 123 with value: 0.040690877829400916.
[I 2026-03-03 20:56:32,631] Trial 145 finished with value: 0.1883322782064668 and parameters: {'sigma_noise': 0.24795409012515807, 'A_repulsion': 0.3585085590009305, 'gamma': 0.6529948215740665, 'sigma_update': 0.47983943135708174, 'eta_learning': 1.2809288913548407, 'sigma_boundary': 5.237994397983361, 'alpha': 0.44790742818427143}. Best is trial 123 with value: 0.040690877829400916.
[I 2026-03-03 20:56:40,800] Trial 148 finished with value: 0.04295366831787982 and parameters: {'sigma_noise': 0.2152723076878033, 'A_repulsion': 0.3168651780323678, 'gamma': 0.6251157921209669, 'sigma_update': 0.27316329532365036, 'eta_learning': 1.5675324459830036, 'sigma_boundary': 2.7841219842345035, 'alpha': 0.5516554516019815}. Best is trial 123 with value: 0.040690877829400916.
[I 2026-03-03 20:56:45,174] Trial 154 finished with value: 0.0990580365929028 and parameters: {'sigma_noise': 0.12492619446140232, 'A_repulsion': 0.33701609781563957, 'gamma': 0.7040143162794869, 'sigma_update': 0.17886798202776855, 'eta_learning': 1.056029406128595, 'sigma_boundary': 5.5855105620525, 'alpha': 0.5253536067028385}. Best is trial 123 with value: 0.040690877829400916.
[I 2026-03-03 20:57:00,146] Trial 146 finished with value: 1.256084818635027 and parameters: {'sigma_noise': 0.2588037353796351, 'A_repulsion': 0.3426868064089988, 'gamma': 0.6813650088620096, 'sigma_update': 0.34310853605109, 'eta_learning': 1.0086106161101613, 'sigma_boundary': 3.4093375191768023, 'alpha': 0.2655817719134266}. Best is trial 123 with value: 0.040690877829400916.
[I 2026-03-03 20:57:12,178] Trial 155 finished with value: 0.05559417935445886 and parameters: {'sigma_noise': 0.1909331522915957, 'A_repulsion': 0.28056026057866473, 'gamma': 0.5819555067909001, 'sigma_update': 0.2261246425361099, 'eta_learning': 0.6059755211941843, 'sigma_boundary': 3.9830004438455084, 'alpha': 0.465925596838521}. Best is trial 123 with value: 0.040690877829400916.
[I 2026-03-03 20:57:15,584] Trial 150 finished with value: 0.10789014600738994 and parameters: {'sigma_noise': 0.22966694820679673, 'A_repulsion': 0.40942041266966284, 'gamma': 0.5717277274419429, 'sigma_update': 0.2792726233579325, 'eta_learning': 0.3812754000953989, 'sigma_boundary': 2.598083135567618, 'alpha': 0.882067779502955}. Best is trial 123 with value: 0.040690877829400916.
[I 2026-03-03 20:57:30,752] Trial 151 finished with value: 0.07851937491581593 and parameters: {'sigma_noise': 0.26431844045166564, 'A_repulsion': 0.3770626122963546, 'gamma': 0.6972427560737672, 'sigma_update': 0.217746699397234, 'eta_learning': 0.7169490425440687, 'sigma_boundary': 3.93872069456725, 'alpha': 0.7237482327534854}. Best is trial 123 with value: 0.040690877829400916.
[I 2026-03-03 20:57:59,152] Trial 157 finished with value: 0.057806100358960125 and parameters: {'sigma_noise': 0.20686473880142464, 'A_repulsion': 0.3163198569587869, 'gamma': 0.7490627489143229, 'sigma_update': 0.2184353796941023, 'eta_learning': 0.4063085586525617, 'sigma_boundary': 2.327691521020893, 'alpha': 0.5253308019126697}. Best is trial 123 with value: 0.040690877829400916.
[I 2026-03-03 20:58:08,668] Trial 156 finished with value: 0.06407795555248277 and parameters: {'sigma_noise': 0.30743767939787575, 'A_repulsion': 0.2844578572141132, 'gamma': 0.5040833848092808, 'sigma_update': 0.3547251902996059, 'eta_learning': 1.213309133988935, 'sigma_boundary': 5.2446412929067705, 'alpha': 0.6409564376450433}. Best is trial 123 with value: 0.040690877829400916.
[I 2026-03-03 20:58:56,151] Trial 159 finished with value: 0.0999289875064932 and parameters: {'sigma_noise': 0.21075343393895257, 'A_repulsion': 0.3705743318503717, 'gamma': 0.33592771245241426, 'sigma_update': 0.3178520708855088, 'eta_learning': 0.18928535069755226, 'sigma_boundary': 2.328175476700296, 'alpha': 0.6924089351706767}. Best is trial 123 with value: 0.040690877829400916.
[I 2026-03-03 20:58:57,287] Trial 158 finished with value: 0.10140181129463803 and parameters: {'sigma_noise': 0.23497897322261252, 'A_repulsion': 0.40512035513586775, 'gamma': 0.7065581141386109, 'sigma_update': 0.24889853215604804, 'eta_learning': 0.7857541828192408, 'sigma_boundary': 4.210628074783206, 'alpha': 0.8074794869191996}. Best is trial 123 with value: 0.040690877829400916.
[I 2026-03-03 21:01:24,482] Trial 161 finished with value: 0.08795304116069615 and parameters: {'sigma_noise': 0.1955853600346532, 'A_repulsion': 0.2795880656525407, 'gamma': 0.8209888699107815, 'sigma_update': 0.39730558890335477, 'eta_learning': 0.6534944800400553, 'sigma_boundary': 1.1449061930982711, 'alpha': 0.39891077257717034}. Best is trial 123 with value: 0.040690877829400916.
[I 2026-03-03 21:01:40,989] Trial 165 finished with value: 0.06855541743107968 and parameters: {'sigma_noise': 0.16207990294128816, 'A_repulsion': 0.22077725607302773, 'gamma': 0.4125930687508158, 'sigma_update': 0.2124659863152411, 'eta_learning': 1.3041744374984687, 'sigma_boundary': 4.457271578172358, 'alpha': 0.493658851717908}. Best is trial 123 with value: 0.040690877829400916.
[I 2026-03-03 21:02:05,796] Trial 166 finished with value: 0.0784044671743675 and parameters: {'sigma_noise': 0.17384570780004577, 'A_repulsion': 0.3099355460339964, 'gamma': 0.6748472693036046, 'sigma_update': 0.29085052386929866, 'eta_learning': 1.1118314250129908, 'sigma_boundary': 4.9643657630044284, 'alpha': 0.6446865158080645}. Best is trial 123 with value: 0.040690877829400916.
[I 2026-03-03 21:02:07,108] Trial 162 finished with value: 0.04507003802482838 and parameters: {'sigma_noise': 0.24117179835263314, 'A_repulsion': 0.24451184248529917, 'gamma': 0.7326782324547914, 'sigma_update': 0.289977570641414, 'eta_learning': 0.8248034880219124, 'sigma_boundary': 3.90367281351083, 'alpha': 0.4848277491404891}. Best is trial 123 with value: 0.040690877829400916.
[I 2026-03-03 21:02:27,262] Trial 164 finished with value: 0.061963390578506666 and parameters: {'sigma_noise': 0.1931943987126784, 'A_repulsion': 0.33823256452332884, 'gamma': 0.6548313273511384, 'sigma_update': 0.2621916775190937, 'eta_learning': 1.8231534184578395, 'sigma_boundary': 5.788707300525261, 'alpha': 0.5929043809065604}. Best is trial 123 with value: 0.040690877829400916.
[I 2026-03-03 21:02:28,302] Trial 163 finished with value: 0.11162902592570087 and parameters: {'sigma_noise': 0.24329830551960419, 'A_repulsion': 0.2751067862737091, 'gamma': 0.47912825146443455, 'sigma_update': 0.3790861457116121, 'eta_learning': 1.9435845347731453, 'sigma_boundary': 4.405863794476021, 'alpha': 0.4803026892715817}. Best is trial 123 with value: 0.040690877829400916.
[I 2026-03-03 21:02:37,776] Trial 160 finished with value: 1.5009426028894268 and parameters: {'sigma_noise': 0.3014874145380585, 'A_repulsion': 0.44618758049523, 'gamma': 0.48617271262939155, 'sigma_update': 0.22620838866001156, 'eta_learning': 1.3112923315977585, 'sigma_boundary': 4.258325870442679, 'alpha': 0.28585178416670615}. Best is trial 123 with value: 0.040690877829400916.
[I 2026-03-03 21:02:43,431] Trial 170 finished with value: 0.15599029562331143 and parameters: {'sigma_noise': 0.17546862654731726, 'A_repulsion': 0.3336906435750568, 'gamma': 0.5047089352330572, 'sigma_update': 0.13403602799767686, 'eta_learning': 1.4034386560975345, 'sigma_boundary': 5.906776433296783, 'alpha': 0.9066209605744002}. Best is trial 123 with value: 0.040690877829400916.
[I 2026-03-03 21:03:09,274] Trial 168 finished with value: 0.09043803616060228 and parameters: {'sigma_noise': 0.23110266931755075, 'A_repulsion': 0.2769437461996638, 'gamma': 0.7911743631872344, 'sigma_update': 0.2238669028565108, 'eta_learning': 0.6950527939383233, 'sigma_boundary': 4.1597141216634395, 'alpha': 0.8501927131073482}. Best is trial 123 with value: 0.040690877829400916.
[I 2026-03-03 21:03:21,984] Trial 179 finished with value: 0.11233014062043244 and parameters: {'sigma_noise': 0.11248661033823044, 'A_repulsion': 0.38090000676098706, 'gamma': 0.5820453059956464, 'sigma_update': 0.32060760840279606, 'eta_learning': 0.5347341995644536, 'sigma_boundary': 5.319735646893871, 'alpha': 0.558001178149568}. Best is trial 123 with value: 0.040690877829400916.
[I 2026-03-03 21:03:23,717] Trial 184 finished with value: 0.1290429924629578 and parameters: {'sigma_noise': 0.15817825837195837, 'A_repulsion': 0.22810000576988093, 'gamma': 0.9735612916607368, 'sigma_update': 0.2516252993135143, 'eta_learning': 0.21270332489242916, 'sigma_boundary': 5.558772866673139, 'alpha': 0.4959093000198205}. Best is trial 123 with value: 0.040690877829400916.
[I 2026-03-03 21:03:24,325] Trial 167 finished with value: 0.05699919120982326 and parameters: {'sigma_noise': 0.20650188728250468, 'A_repulsion': 0.4069639361000261, 'gamma': 0.9877705817396728, 'sigma_update': 0.27707910800010493, 'eta_learning': 1.099561383398127, 'sigma_boundary': 3.9700691977043494, 'alpha': 0.49814138460116214}. Best is trial 123 with value: 0.040690877829400916.
[I 2026-03-03 21:03:34,903] Trial 172 finished with value: 0.044738712309358906 and parameters: {'sigma_noise': 0.21474187130065014, 'A_repulsion': 0.3432938080284621, 'gamma': 0.7667039186589225, 'sigma_update': 0.25128635169579727, 'eta_learning': 0.9905061769915718, 'sigma_boundary': 4.5863788515840245, 'alpha': 0.4784873330642124}. Best is trial 123 with value: 0.040690877829400916.
[I 2026-03-03 21:03:37,134] Trial 183 finished with value: 0.14760992446618432 and parameters: {'sigma_noise': 0.12735868811521622, 'A_repulsion': 0.36065401136044195, 'gamma': 0.729005763108551, 'sigma_update': 0.40405145329181535, 'eta_learning': 0.18104833867737727, 'sigma_boundary': 3.0857324509122757, 'alpha': 0.7202807731116467}. Best is trial 123 with value: 0.040690877829400916.
[I 2026-03-03 21:03:45,056] Trial 173 finished with value: 0.0520507992015638 and parameters: {'sigma_noise': 0.2334566872064669, 'A_repulsion': 0.3196534550662432, 'gamma': 0.6568566662653739, 'sigma_update': 0.26918912000102274, 'eta_learning': 0.9914923970864071, 'sigma_boundary': 5.265334213169539, 'alpha': 0.48458431935220314}. Best is trial 123 with value: 0.040690877829400916.
[I 2026-03-03 21:03:56,524] Trial 177 finished with value: 0.04956132719533117 and parameters: {'sigma_noise': 0.2685320126961693, 'A_repulsion': 0.2061708421552316, 'gamma': 0.5957138544854705, 'sigma_update': 0.15287983508793895, 'eta_learning': 1.4028137964603478, 'sigma_boundary': 7.246376256588938, 'alpha': 0.6401658074194446}. Best is trial 123 with value: 0.040690877829400916.
[I 2026-03-03 21:04:03,625] Trial 171 finished with value: 0.10370138038273129 and parameters: {'sigma_noise': 0.28815747076640047, 'A_repulsion': 0.36291303917778045, 'gamma': 0.7279674595757986, 'sigma_update': 0.36624584371164937, 'eta_learning': 0.6017211801049682, 'sigma_boundary': 3.7793562418695608, 'alpha': 0.467207860369218}. Best is trial 123 with value: 0.040690877829400916.
[I 2026-03-03 21:04:03,710] Trial 188 finished with value: 0.15431598258155843 and parameters: {'sigma_noise': 0.13357163870488858, 'A_repulsion': 0.2447183325074334, 'gamma': 0.8570241489610873, 'sigma_update': 0.0754606470010847, 'eta_learning': 0.4261445212335842, 'sigma_boundary': 2.18456932910286, 'alpha': 0.7623657521416098}. Best is trial 123 with value: 0.040690877829400916.
[I 2026-03-03 21:04:06,208] Trial 175 finished with value: 0.32581506785334247 and parameters: {'sigma_noise': 0.21855226887903217, 'A_repulsion': 0.3905532117375255, 'gamma': 0.5520446617229606, 'sigma_update': 0.476530751265699, 'eta_learning': 1.4011249768794034, 'sigma_boundary': 5.084551816082064, 'alpha': 0.3913197978150398}. Best is trial 123 with value: 0.040690877829400916.
[I 2026-03-03 21:04:06,825] Trial 169 finished with value: 0.07385733199244103 and parameters: {'sigma_noise': 0.3091415451474625, 'A_repulsion': 0.40531987036705, 'gamma': 0.4862787645218466, 'sigma_update': 0.3592148528252333, 'eta_learning': 1.4053965038889167, 'sigma_boundary': 3.8910566928423824, 'alpha': 0.6147915650811303}. Best is trial 123 with value: 0.040690877829400916.
[I 2026-03-03 21:04:09,850] Trial 191 finished with value: 0.10503714883411906 and parameters: {'sigma_noise': 0.13205851765503895, 'A_repulsion': 0.2411790159918836, 'gamma': 0.6920784410396853, 'sigma_update': 0.2658069161286472, 'eta_learning': 0.6564299256992402, 'sigma_boundary': 4.6514835702155795, 'alpha': 0.5981673827660121}. Best is trial 123 with value: 0.040690877829400916.
[I 2026-03-03 21:04:15,526] Trial 176 finished with value: 0.09688040313538732 and parameters: {'sigma_noise': 0.15938804838190093, 'A_repulsion': 0.46321812452247, 'gamma': 0.7922667475272607, 'sigma_update': 0.2978286879406841, 'eta_learning': 1.1727877091977685, 'sigma_boundary': 3.3346792259393907, 'alpha': 0.589474411044641}. Best is trial 123 with value: 0.040690877829400916.
[I 2026-03-03 21:04:19,273] Trial 178 finished with value: 0.05343682639575277 and parameters: {'sigma_noise': 0.26402758857497294, 'A_repulsion': 0.30013867942683775, 'gamma': 0.6088459806323877, 'sigma_update': 0.3439850033051525, 'eta_learning': 0.7531060598507587, 'sigma_boundary': 4.654071934290958, 'alpha': 0.5622315539272608}. Best is trial 123 with value: 0.040690877829400916.
[I 2026-03-03 21:04:19,491] Trial 187 finished with value: 0.07060636981244045 and parameters: {'sigma_noise': 0.16178687049713053, 'A_repulsion': 0.22867805625620646, 'gamma': 0.6684838268485531, 'sigma_update': 0.2761750199513783, 'eta_learning': 0.6744580344518563, 'sigma_boundary': 2.112435024661735, 'alpha': 0.5564232145202014}. Best is trial 123 with value: 0.040690877829400916.
[I 2026-03-03 21:04:21,674] Trial 174 finished with value: 0.052367457242435876 and parameters: {'sigma_noise': 0.2885311292587702, 'A_repulsion': 0.34104213437656, 'gamma': 0.9057863667584861, 'sigma_update': 0.2859312038029236, 'eta_learning': 0.8291622028896218, 'sigma_boundary': 6.78206366396006, 'alpha': 0.5895001817910013}. Best is trial 123 with value: 0.040690877829400916.
[I 2026-03-03 21:04:25,903] Trial 180 finished with value: 0.26764651011186774 and parameters: {'sigma_noise': 0.22445491514000943, 'A_repulsion': 0.29869513088634897, 'gamma': 0.7784052610582625, 'sigma_update': 0.030738929422227244, 'eta_learning': 1.0252037149677315, 'sigma_boundary': 2.3894672075167716, 'alpha': 0.9061502397071594}. Best is trial 123 with value: 0.040690877829400916.
[I 2026-03-03 21:04:35,083] Trial 181 finished with value: 0.06569181804857674 and parameters: {'sigma_noise': 0.2028370213949487, 'A_repulsion': 0.4072868797583745, 'gamma': 0.5895791366496701, 'sigma_update': 0.23645622560542637, 'eta_learning': 0.961398450409032, 'sigma_boundary': 3.7440512364117158, 'alpha': 0.5504435165824618}. Best is trial 123 with value: 0.040690877829400916.
[I 2026-03-03 21:04:36,574] Trial 186 finished with value: 0.06164850524386398 and parameters: {'sigma_noise': 0.17823386989239504, 'A_repulsion': 0.3730564878535498, 'gamma': 0.56248416212343, 'sigma_update': 0.17498557529130507, 'eta_learning': 0.8249387645794195, 'sigma_boundary': 3.2808982842638925, 'alpha': 0.39186847353927695}. Best is trial 123 with value: 0.040690877829400916.
[I 2026-03-03 21:04:37,899] Trial 190 finished with value: 0.06413653561761715 and parameters: {'sigma_noise': 0.20407458731804057, 'A_repulsion': 0.24900068661286673, 'gamma': 0.5362952242987871, 'sigma_update': 0.4587286006438119, 'eta_learning': 1.7179166123361154, 'sigma_boundary': 3.8027898577522716, 'alpha': 0.7600278499503269}. Best is trial 123 with value: 0.040690877829400916.
[I 2026-03-03 21:04:43,484] Trial 185 finished with value: 0.053189501475228614 and parameters: {'sigma_noise': 0.2556770082622985, 'A_repulsion': 0.2645385405208369, 'gamma': 0.7054527718366286, 'sigma_update': 0.25876803297268414, 'eta_learning': 1.5470701068763986, 'sigma_boundary': 2.8791113940829174, 'alpha': 0.6723952831354881}. Best is trial 123 with value: 0.040690877829400916.
[I 2026-03-03 21:04:47,207] Trial 189 finished with value: 0.06719052803334646 and parameters: {'sigma_noise': 0.25081216085113595, 'A_repulsion': 0.26904071377266237, 'gamma': 0.6524866290520864, 'sigma_update': 0.20547465548369592, 'eta_learning': 0.9097224211823485, 'sigma_boundary': 4.476041765620293, 'alpha': 0.7384131481627731}. Best is trial 123 with value: 0.040690877829400916.
[I 2026-03-03 21:04:50,896] Trial 182 finished with value: 0.09272005945317076 and parameters: {'sigma_noise': 0.3275085576855218, 'A_repulsion': 0.41378736309249753, 'gamma': 0.7935259103513681, 'sigma_update': 0.15699173940698835, 'eta_learning': 1.4449235020871656, 'sigma_boundary': 4.430671394306471, 'alpha': 0.5265194798408925}. Best is trial 123 with value: 0.040690877829400916.
[I 2026-03-03 21:04:58,075] Trial 192 finished with value: 0.5633215991211183 and parameters: {'sigma_noise': 0.2613707556440103, 'A_repulsion': 0.30565883749722533, 'gamma': 0.8778851939846858, 'sigma_update': 0.09276723628396233, 'eta_learning': 0.6321500811857068, 'sigma_boundary': 4.27459580889796, 'alpha': 0.38535321345230844}. Best is trial 123 with value: 0.040690877829400916.
[I 2026-03-03 21:04:59,755] Trial 196 finished with value: 0.15588527161641702 and parameters: {'sigma_noise': 0.15161385621971302, 'A_repulsion': 0.3204842254872668, 'gamma': 0.9910645321523052, 'sigma_update': 0.23431489640719264, 'eta_learning': 0.866401837752621, 'sigma_boundary': 3.777180995491756, 'alpha': 0.645525791206829}. Best is trial 123 with value: 0.040690877829400916.
