[I 2026-03-03 20:27:39,505] Trial 3 finished with value: 0.16081745590683044 and parameters: {'sigma_noise': 0.1889857768627481, 'A_repulsion': 0.44750692728797087, 'gamma': 0.11863810638346493, 'sigma_update': 0.31744870833976757, 'eta_learning': 0.6094439862061799, 'sigma_boundary': 0.32606373609755873, 'alpha': 0.7714297299704292}. Best is trial 31 with value: 0.045265914611308716.
[I 2026-03-03 20:27:54,026] Trial 28 finished with value: 0.052591240794311295 and parameters: {'sigma_noise': 0.2883324274920859, 'A_repulsion': 0.325659437903123, 'gamma': 0.6424255536935862, 'sigma_update': 0.14546637325030998, 'eta_learning': 1.7165659371159068, 'sigma_boundary': 4.088437594898235, 'alpha': 0.5516361152229473}. Best is trial 31 with value: 0.045265914611308716.
[I 2026-03-03 20:27:56,097] Trial 30 finished with value: 0.1862214022783129 and parameters: {'sigma_noise': 0.3087120075196864, 'A_repulsion': 0.28728583412799574, 'gamma': 0.22271163315609221, 'sigma_update': 0.09480947043742213, 'eta_learning': 2.555423566656101, 'sigma_boundary': 0.735251005914176, 'alpha': 0.8511124586907493}. Best is trial 31 with value: 0.045265914611308716.
[I 2026-03-03 20:27:58,440] Trial 10 finished with value: 1.2199172850772406 and parameters: {'sigma_noise': 0.2736592135366127, 'A_repulsion': 0.3429625395371564, 'gamma': 0.20810383135114477, 'sigma_update': 0.5625812652873733, 'eta_learning': 1.7730798102520877, 'sigma_boundary': 8.895334700131764, 'alpha': 0.28274097704533097}. Best is trial 31 with value: 0.045265914611308716.
[I 2026-03-03 20:28:01,393] Trial 24 finished with value: 1.5408281017033842 and parameters: {'sigma_noise': 0.32435104231925804, 'A_repulsion': 0.30979356652223755, 'gamma': 0.4119194380934322, 'sigma_update': 0.29474532486160604, 'eta_learning': 2.104999654276984, 'sigma_boundary': 6.1948180096152825, 'alpha': 0.020312446793710137}. Best is trial 31 with value: 0.045265914611308716.
[I 2026-03-03 20:28:07,586] Trial 2 finished with value: 0.16859349862830664 and parameters: {'sigma_noise': 0.2867540394611703, 'A_repulsion': 0.41254971502928345, 'gamma': 0.931915799237769, 'sigma_update': 0.42580541771678687, 'eta_learning': 0.5393301619782543, 'sigma_boundary': 9.20634155917993, 'alpha': 0.9887943185473175}. Best is trial 31 with value: 0.045265914611308716.
[I 2026-03-03 20:28:13,901] Trial 33 finished with value: 1.4870257960642939 and parameters: {'sigma_noise': 0.25231451158511914, 'A_repulsion': 0.49793222809623067, 'gamma': 0.6610352240024198, 'sigma_update': 0.6109406507927332, 'eta_learning': 2.382582077845945, 'sigma_boundary': 9.226088944317652, 'alpha': 0.23631586779486868}. Best is trial 31 with value: 0.045265914611308716.
[I 2026-03-03 20:28:19,725] Trial 26 finished with value: 0.06991601331326641 and parameters: {'sigma_noise': 0.31419935919917547, 'A_repulsion': 0.4081614643747679, 'gamma': 0.6126841847173246, 'sigma_update': 0.4775084776043691, 'eta_learning': 1.8607543786160723, 'sigma_boundary': 2.999743175848848, 'alpha': 0.716160693494241}. Best is trial 31 with value: 0.045265914611308716.
[I 2026-03-03 20:28:43,113] Trial 29 finished with value: 0.12212025871193524 and parameters: {'sigma_noise': 0.3539645822041663, 'A_repulsion': 0.4371280867941878, 'gamma': 0.4357749855873584, 'sigma_update': 0.4302114803131552, 'eta_learning': 1.3434123603233703, 'sigma_boundary': 6.419538279432866, 'alpha': 0.6393157336934832}. Best is trial 31 with value: 0.045265914611308716.
[I 2026-03-03 20:28:48,642] Trial 4 finished with value: 0.08273163085454419 and parameters: {'sigma_noise': 0.41748377657536817, 'A_repulsion': 0.3705279871065111, 'gamma': 0.26035505795522357, 'sigma_update': 0.2079439401444524, 'eta_learning': 0.5371260310870934, 'sigma_boundary': 6.671773749077837, 'alpha': 0.4820432703531673}. Best is trial 31 with value: 0.045265914611308716.
[I 2026-03-03 20:28:49,575] Trial 20 finished with value: 0.9568078938602961 and parameters: {'sigma_noise': 0.4476850468527659, 'A_repulsion': 0.26472644142714874, 'gamma': 0.22348404574758948, 'sigma_update': 0.5785437504958415, 'eta_learning': 1.9350717230575574, 'sigma_boundary': 6.164409772745928, 'alpha': 0.3658858950063776}. Best is trial 31 with value: 0.045265914611308716.
[I 2026-03-03 20:28:54,039] Trial 36 finished with value: 0.10853093042002049 and parameters: {'sigma_noise': 0.37114078614986573, 'A_repulsion': 0.4549383434856216, 'gamma': 0.6545377096324704, 'sigma_update': 0.18115282169815258, 'eta_learning': 1.7024775771534335, 'sigma_boundary': 2.7693552333743754, 'alpha': 0.7550320457274609}. Best is trial 31 with value: 0.045265914611308716.
[I 2026-03-03 20:29:02,938] Trial 13 finished with value: 0.08058296663345274 and parameters: {'sigma_noise': 0.39665457823825395, 'A_repulsion': 0.4858396450572098, 'gamma': 0.7385330812645281, 'sigma_update': 0.4865049497952234, 'eta_learning': 0.9257238919286106, 'sigma_boundary': 4.432141945887997, 'alpha': 0.7416450459575552}. Best is trial 31 with value: 0.045265914611308716.
[I 2026-03-03 20:29:03,082] Trial 18 finished with value: 1.540556438320436 and parameters: {'sigma_noise': 0.425634751484589, 'A_repulsion': 0.47030886092174035, 'gamma': 0.8206584966773816, 'sigma_update': 0.4211431035949543, 'eta_learning': 0.8224053734093137, 'sigma_boundary': 8.75663405831681, 'alpha': 0.19247062047929941}. Best is trial 31 with value: 0.045265914611308716.
[I 2026-03-03 20:29:03,433] Trial 21 finished with value: 0.22054621117454531 and parameters: {'sigma_noise': 0.41686346568916427, 'A_repulsion': 0.4167584803890035, 'gamma': 0.6163538484316212, 'sigma_update': 0.5006517245894331, 'eta_learning': 1.8260806230144784, 'sigma_boundary': 8.848438600744394, 'alpha': 0.6285931862941747}. Best is trial 31 with value: 0.045265914611308716.
[I 2026-03-03 20:33:25,510] Trial 61 finished with value: 0.1546080643805721 and parameters: {'sigma_noise': 0.061851184931265096, 'A_repulsion': 0.10339438633898279, 'gamma': 0.6819391365569685, 'sigma_update': 0.2844054275926598, 'eta_learning': 1.7257328286396278, 'sigma_boundary': 5.656791034531769, 'alpha': 0.39061522023169715}. Best is trial 31 with value: 0.045265914611308716.
[I 2026-03-03 20:33:36,601] Trial 41 finished with value: 0.1526993070705874 and parameters: {'sigma_noise': 0.2051364063459475, 'A_repulsion': 0.18756269335144116, 'gamma': 0.5370359402299137, 'sigma_update': 0.12786095849184523, 'eta_learning': 1.5689663279213533, 'sigma_boundary': 4.358101477547799, 'alpha': 0.3592391675726}. Best is trial 31 with value: 0.045265914611308716.
[I 2026-03-03 20:34:26,442] Trial 44 finished with value: 0.05728507886784998 and parameters: {'sigma_noise': 0.2024536957702155, 'A_repulsion': 0.27156247926540933, 'gamma': 0.6759840536644053, 'sigma_update': 0.33608770941677246, 'eta_learning': 1.8670454612038452, 'sigma_boundary': 3.282087382047383, 'alpha': 0.5123207533333549}. Best is trial 31 with value: 0.045265914611308716.
[I 2026-03-03 20:34:43,907] Trial 42 finished with value: 0.9934549936043361 and parameters: {'sigma_noise': 0.29625963780175485, 'A_repulsion': 0.2925255535041351, 'gamma': 0.6613315100988431, 'sigma_update': 0.5118693569374452, 'eta_learning': 1.8027406573255553, 'sigma_boundary': 1.2935534467910519, 'alpha': 0.2896545639272952}. Best is trial 31 with value: 0.045265914611308716.
[I 2026-03-03 20:34:58,020] Trial 40 finished with value: 0.06407438532754076 and parameters: {'sigma_noise': 0.32690056837504616, 'A_repulsion': 0.3314931907157309, 'gamma': 0.6433305717724594, 'sigma_update': 0.24426738779104545, 'eta_learning': 0.967401632353518, 'sigma_boundary': 6.108191808393318, 'alpha': 0.5245187663716947}. Best is trial 31 with value: 0.045265914611308716.
[I 2026-03-03 20:34:58,693] Trial 45 finished with value: 0.10926746400666051 and parameters: {'sigma_noise': 0.2708449490316231, 'A_repulsion': 0.24021105846036542, 'gamma': 0.14655084191226958, 'sigma_update': 0.42116788106010417, 'eta_learning': 1.8289257535398864, 'sigma_boundary': 3.0957226109711566, 'alpha': 0.5581819742481314}. Best is trial 31 with value: 0.045265914611308716.
[I 2026-03-03 20:35:02,757] Trial 48 finished with value: 0.07975559053204515 and parameters: {'sigma_noise': 0.16849826481586563, 'A_repulsion': 0.38145481490059163, 'gamma': 0.6548577469042081, 'sigma_update': 0.38785447413848323, 'eta_learning': 0.784517897763386, 'sigma_boundary': 5.160719877893668, 'alpha': 0.6817630559537011}. Best is trial 31 with value: 0.045265914611308716.
[I 2026-03-03 20:35:15,530] Trial 71 finished with value: 0.11093825118649736 and parameters: {'sigma_noise': 0.07932616014063265, 'A_repulsion': 0.29106143904474513, 'gamma': 0.46715751548607026, 'sigma_update': 0.18763691337437519, 'eta_learning': 2.443204312615927, 'sigma_boundary': 4.764080115908457, 'alpha': 0.456748891641603}. Best is trial 31 with value: 0.045265914611308716.
[I 2026-03-03 20:35:20,405] Trial 53 finished with value: 0.2137380111370497 and parameters: {'sigma_noise': 0.21614918189451232, 'A_repulsion': 0.25345313934616887, 'gamma': 0.42048125418438836, 'sigma_update': 0.3734590924744061, 'eta_learning': 1.4816160408004797, 'sigma_boundary': 5.546380508398577, 'alpha': 0.38065720012865945}. Best is trial 31 with value: 0.045265914611308716.
[I 2026-03-03 20:35:27,392] Trial 56 finished with value: 0.07073678340686343 and parameters: {'sigma_noise': 0.20506554389817494, 'A_repulsion': 0.1804119577122676, 'gamma': 0.5775714321695274, 'sigma_update': 0.2372597545053637, 'eta_learning': 1.1769379514246323, 'sigma_boundary': 6.4528174366970195, 'alpha': 0.7586083523778804}. Best is trial 31 with value: 0.045265914611308716.
[I 2026-03-03 20:35:29,680] Trial 51 finished with value: 0.05887297713391996 and parameters: {'sigma_noise': 0.2629332458124762, 'A_repulsion': 0.18898704628634144, 'gamma': 0.7209091404279496, 'sigma_update': 0.18230076775641985, 'eta_learning': 1.172556265388773, 'sigma_boundary': 8.500252962410391, 'alpha': 0.4420606234449738}. Best is trial 31 with value: 0.045265914611308716.
[I 2026-03-03 20:35:31,970] Trial 49 finished with value: 0.14470209722162952 and parameters: {'sigma_noise': 0.17566639315261778, 'A_repulsion': 0.3960126288561889, 'gamma': 0.8004231573175565, 'sigma_update': 0.38000868513141756, 'eta_learning': 0.9373138740346927, 'sigma_boundary': 3.0472309206492207, 'alpha': 0.9196332101982196}. Best is trial 31 with value: 0.045265914611308716.
[I 2026-03-03 20:35:42,890] Trial 43 finished with value: 0.07740963513806932 and parameters: {'sigma_noise': 0.32568795610931833, 'A_repulsion': 0.3293900434512488, 'gamma': 0.6780189814234888, 'sigma_update': 0.31226479069471935, 'eta_learning': 1.5228102165638464, 'sigma_boundary': 2.9191247739316912, 'alpha': 0.8297035767312205}. Best is trial 31 with value: 0.045265914611308716.
[I 2026-03-03 20:35:49,041] Trial 46 finished with value: 0.062480601432198926 and parameters: {'sigma_noise': 0.26202766234654934, 'A_repulsion': 0.29058210963711906, 'gamma': 0.4299056140425132, 'sigma_update': 0.10720398778052873, 'eta_learning': 0.8621688933349398, 'sigma_boundary': 7.016474289895043, 'alpha': 0.5238343987442746}. Best is trial 31 with value: 0.045265914611308716.
[I 2026-03-03 20:35:59,546] Trial 52 finished with value: 0.13188625454759778 and parameters: {'sigma_noise': 0.3626936266275004, 'A_repulsion': 0.10284604162004582, 'gamma': 0.48318734984286843, 'sigma_update': 0.23488422852843427, 'eta_learning': 2.2462067248588036, 'sigma_boundary': 2.134873452990201, 'alpha': 0.4349575955580024}. Best is trial 31 with value: 0.045265914611308716.
[I 2026-03-03 20:36:04,678] Trial 70 finished with value: 0.1273532173271243 and parameters: {'sigma_noise': 0.1305518786451817, 'A_repulsion': 0.29845674663959765, 'gamma': 0.7786250054442698, 'sigma_update': 0.2783506308532438, 'eta_learning': 1.5269064480877756, 'sigma_boundary': 5.193619789190335, 'alpha': 0.6802415439731864}. Best is trial 31 with value: 0.045265914611308716.
[I 2026-03-03 20:36:10,307] Trial 54 finished with value: 0.12483029917197869 and parameters: {'sigma_noise': 0.20082562924724373, 'A_repulsion': 0.33397454149618133, 'gamma': 0.43922425121135944, 'sigma_update': 0.5002667307787977, 'eta_learning': 0.2743052952148687, 'sigma_boundary': 4.067470810092124, 'alpha': 0.3670949815701846}. Best is trial 31 with value: 0.045265914611308716.
[I 2026-03-03 20:36:13,648] Trial 60 finished with value: 0.05108681279475462 and parameters: {'sigma_noise': 0.23302582855272513, 'A_repulsion': 0.2063584480684535, 'gamma': 0.5436009489018286, 'sigma_update': 0.22815430067415352, 'eta_learning': 1.0385975425041178, 'sigma_boundary': 3.827849243839698, 'alpha': 0.45529664377430223}. Best is trial 31 with value: 0.045265914611308716.
[I 2026-03-03 20:36:14,164] Trial 50 finished with value: 0.054898882736145974 and parameters: {'sigma_noise': 0.28400124674440613, 'A_repulsion': 0.2362290487459494, 'gamma': 0.487269573741367, 'sigma_update': 0.3283272523402414, 'eta_learning': 0.6426691056070764, 'sigma_boundary': 4.2943734801877715, 'alpha': 0.6306585689751629}. Best is trial 31 with value: 0.045265914611308716.
[I 2026-03-03 20:36:15,298] Trial 47 finished with value: 0.08217547556036825 and parameters: {'sigma_noise': 0.3219586168140099, 'A_repulsion': 0.31780947284023253, 'gamma': 0.4979403737818907, 'sigma_update': 0.4806484422605375, 'eta_learning': 2.3617021029408716, 'sigma_boundary': 2.4657331825455153, 'alpha': 0.7993865510470188}. Best is trial 31 with value: 0.045265914611308716.
[I 2026-03-03 20:36:33,844] Trial 62 finished with value: 0.057703321164162207 and parameters: {'sigma_noise': 0.209173007383483, 'A_repulsion': 0.2796503595994221, 'gamma': 0.5695867023378833, 'sigma_update': 0.18690194813443503, 'eta_learning': 1.3809945638051868, 'sigma_boundary': 6.5686921083937895, 'alpha': 0.5162750449496931}. Best is trial 31 with value: 0.045265914611308716.
[I 2026-03-03 20:36:34,642] Trial 57 finished with value: 0.05854761460626162 and parameters: {'sigma_noise': 0.22790243633987134, 'A_repulsion': 0.26865631783345845, 'gamma': 0.5305743919637628, 'sigma_update': 0.3644928058474493, 'eta_learning': 1.8340452562797531, 'sigma_boundary': 3.427424766334867, 'alpha': 0.5676513210965802}. Best is trial 31 with value: 0.045265914611308716.
[I 2026-03-03 20:36:44,392] Trial 58 finished with value: 1.501143495557647 and parameters: {'sigma_noise': 0.263455711673959, 'A_repulsion': 0.1894850856043684, 'gamma': 0.8268738575462823, 'sigma_update': 0.6030662803105427, 'eta_learning': 1.049646623018598, 'sigma_boundary': 8.572749383286686, 'alpha': 0.1272043306961601}. Best is trial 31 with value: 0.045265914611308716.
[I 2026-03-03 20:37:00,779] Trial 59 finished with value: 0.06477806089112609 and parameters: {'sigma_noise': 0.2846876936499684, 'A_repulsion': 0.3021551247769149, 'gamma': 0.38821461160585574, 'sigma_update': 0.20814293144987153, 'eta_learning': 1.0870062061266947, 'sigma_boundary': 6.732836213668098, 'alpha': 0.4333440450973388}. Best is trial 31 with value: 0.045265914611308716.
[I 2026-03-03 20:37:00,880] Trial 64 finished with value: 0.07645174633043254 and parameters: {'sigma_noise': 0.2653559232946351, 'A_repulsion': 0.23314744484848487, 'gamma': 0.5843999460627219, 'sigma_update': 0.3447102949088731, 'eta_learning': 1.2117506694167701, 'sigma_boundary': 6.815618966004686, 'alpha': 0.5248743796442359}. Best is trial 31 with value: 0.045265914611308716.
[I 2026-03-03 20:37:05,402] Trial 55 finished with value: 0.40090661753774537 and parameters: {'sigma_noise': 0.2956482122286306, 'A_repulsion': 0.32871374699164857, 'gamma': 0.5915899645912677, 'sigma_update': 0.38180883532978993, 'eta_learning': 1.4792838581785537, 'sigma_boundary': 7.0798421530855125, 'alpha': 0.3825087529593574}. Best is trial 31 with value: 0.045265914611308716.
[I 2026-03-03 20:37:20,666] Trial 67 finished with value: 0.06073705752035291 and parameters: {'sigma_noise': 0.24174356399023456, 'A_repulsion': 0.2810920057243688, 'gamma': 0.7918923664830616, 'sigma_update': 0.23304857917640492, 'eta_learning': 1.0589166377368777, 'sigma_boundary': 6.2722225417612405, 'alpha': 0.45171458377468}. Best is trial 31 with value: 0.045265914611308716.
[I 2026-03-03 20:37:34,763] Trial 68 finished with value: 0.08112130969522785 and parameters: {'sigma_noise': 0.16683940799057884, 'A_repulsion': 0.4941043661722119, 'gamma': 0.4981922848432663, 'sigma_update': 0.39078208285125765, 'eta_learning': 1.0970022908212833, 'sigma_boundary': 5.3196100531130135, 'alpha': 0.4860581691717802}. Best is trial 31 with value: 0.045265914611308716.
[I 2026-03-03 20:37:37,105] Trial 65 finished with value: 0.05827277300493797 and parameters: {'sigma_noise': 0.3374228117934237, 'A_repulsion': 0.25979793115049554, 'gamma': 0.638367081550156, 'sigma_update': 0.34973229901724967, 'eta_learning': 1.6158533879274175, 'sigma_boundary': 6.700111851032721, 'alpha': 0.7525265423825407}. Best is trial 31 with value: 0.045265914611308716.
[I 2026-03-03 20:37:37,322] Trial 74 finished with value: 1.1828148227144581 and parameters: {'sigma_noise': 0.19978363830556672, 'A_repulsion': 0.270456566671127, 'gamma': 0.43191628823303374, 'sigma_update': 0.46335114134298316, 'eta_learning': 0.8321030743567606, 'sigma_boundary': 6.460711555868466, 'alpha': 0.17955439618361752}. Best is trial 31 with value: 0.045265914611308716.
[I 2026-03-03 20:37:54,850] Trial 63 finished with value: 0.06567836283185832 and parameters: {'sigma_noise': 0.2834941378597286, 'A_repulsion': 0.4587297615759446, 'gamma': 0.7899157746527757, 'sigma_update': 0.35697135388638584, 'eta_learning': 1.5053557089795946, 'sigma_boundary': 5.244340845175021, 'alpha': 0.702065018105535}. Best is trial 31 with value: 0.045265914611308716.
[I 2026-03-03 20:37:56,171] Trial 72 finished with value: 0.043244915373315845 and parameters: {'sigma_noise': 0.2591556029857948, 'A_repulsion': 0.3435684195728786, 'gamma': 0.6024330463333915, 'sigma_update': 0.3760444804295607, 'eta_learning': 1.149490568143152, 'sigma_boundary': 5.190240429425334, 'alpha': 0.665562142534212}. Best is trial 72 with value: 0.043244915373315845.
[I 2026-03-03 20:38:01,211] Trial 69 finished with value: 0.06633880391591167 and parameters: {'sigma_noise': 0.24396898738054773, 'A_repulsion': 0.4183981867848452, 'gamma': 0.5500920534162166, 'sigma_update': 0.2985231014377785, 'eta_learning': 0.8061227649904398, 'sigma_boundary': 4.715426466643177, 'alpha': 0.46431921611047977}. Best is trial 72 with value: 0.043244915373315845.
[I 2026-03-03 20:38:06,824] Trial 78 finished with value: 0.12492071977526784 and parameters: {'sigma_noise': 0.2560015295570463, 'A_repulsion': 0.2106953910454467, 'gamma': 0.3327899525448529, 'sigma_update': 0.44127385212075604, 'eta_learning': 2.107868679490982, 'sigma_boundary': 1.8876823496212904, 'alpha': 0.5275152979404789}. Best is trial 72 with value: 0.043244915373315845.
[I 2026-03-03 20:38:11,653] Trial 77 finished with value: 0.15686200985946705 and parameters: {'sigma_noise': 0.2785859609411452, 'A_repulsion': 0.18966622750895804, 'gamma': 0.5963762514884984, 'sigma_update': 0.28574927575255515, 'eta_learning': 0.7279729335004752, 'sigma_boundary': 5.966517890457666, 'alpha': 0.40447118672591653}. Best is trial 72 with value: 0.043244915373315845.
[I 2026-03-03 20:38:24,175] Trial 75 finished with value: 1.5400067564921476 and parameters: {'sigma_noise': 0.2887158013846669, 'A_repulsion': 0.2546659425128524, 'gamma': 0.6519286473207873, 'sigma_update': 0.27447500687517623, 'eta_learning': 1.6125413432996418, 'sigma_boundary': 6.385288366134172, 'alpha': 0.16243820702287176}. Best is trial 72 with value: 0.043244915373315845.
[I 2026-03-03 20:38:28,909] Trial 66 finished with value: 0.17704392311115125 and parameters: {'sigma_noise': 0.36347734849608243, 'A_repulsion': 0.35580494928842743, 'gamma': 0.5005160226534272, 'sigma_update': 0.4184421947590185, 'eta_learning': 1.8224006216427904, 'sigma_boundary': 7.391294596274438, 'alpha': 0.5639324970593645}. Best is trial 72 with value: 0.043244915373315845.
[I 2026-03-03 20:38:50,581] Trial 76 finished with value: 0.685834188548188 and parameters: {'sigma_noise': 0.29603921582902554, 'A_repulsion': 0.3056476791697873, 'gamma': 0.4244927919974063, 'sigma_update': 0.520832251582061, 'eta_learning': 1.9941104869125315, 'sigma_boundary': 7.128771532470824, 'alpha': 0.37247354132205635}. Best is trial 72 with value: 0.043244915373315845.
[I 2026-03-03 20:38:52,066] Trial 79 finished with value: 0.2905602887314451 and parameters: {'sigma_noise': 0.2733550483576372, 'A_repulsion': 0.345241031251032, 'gamma': 0.4669334943715325, 'sigma_update': 0.31946159961541, 'eta_learning': 1.739708457027953, 'sigma_boundary': 7.64117293064082, 'alpha': 0.3859848099272719}. Best is trial 72 with value: 0.043244915373315845.
[I 2026-03-03 20:39:21,394] Trial 73 finished with value: 0.11442815121935584 and parameters: {'sigma_noise': 0.3563672811064826, 'A_repulsion': 0.3974337381023144, 'gamma': 0.38951392989242534, 'sigma_update': 0.2951786308080805, 'eta_learning': 1.7645798419990666, 'sigma_boundary': 5.898659054332364, 'alpha': 0.800561003402383}. Best is trial 72 with value: 0.043244915373315845.
[I 2026-03-03 20:42:11,829] Trial 81 finished with value: 0.07087272834644187 and parameters: {'sigma_noise': 0.16254553453812598, 'A_repulsion': 0.22479610981951262, 'gamma': 0.5243547920480611, 'sigma_update': 0.22895853640107777, 'eta_learning': 0.9395498319590849, 'sigma_boundary': 6.131082065816588, 'alpha': 0.426278813272161}. Best is trial 72 with value: 0.043244915373315845.
[I 2026-03-03 20:42:24,873] Trial 80 finished with value: 0.05490704770817236 and parameters: {'sigma_noise': 0.18121000009127303, 'A_repulsion': 0.2640503951541754, 'gamma': 0.5310253576798765, 'sigma_update': 0.20066082021620674, 'eta_learning': 1.4157133501138197, 'sigma_boundary': 4.311903370479817, 'alpha': 0.44057274077952957}. Best is trial 72 with value: 0.043244915373315845.
