[I 2026-03-20 02:33:18,949] Trial 119 finished with value: 0.43361434923414566 and parameters: {'sigma_noise': 0.15603829989616108, 'A_repulsion': 0.28695384918407935, 'gamma': 0.26227873066863544, 'sigma_update': 0.35828569689591006, 'eta_learning': 0.4073856310933564, 'sigma_boundary': 4.103989500685796, 'alpha': 0.0}. Best is trial 106 with value: 0.014026010655677016.
[I 2026-03-20 02:33:20,033] Trial 121 finished with value: 0.2963230441159354 and parameters: {'sigma_noise': 0.05018848762597641, 'A_repulsion': 0.31293366263559064, 'gamma': 0.5898990657023364, 'sigma_update': 0.32086499303334176, 'eta_learning': 0.9603374133190997, 'sigma_boundary': 5.7458854851247585, 'alpha': 0.0}. Best is trial 106 with value: 0.014026010655677016.
[I 2026-03-20 02:33:22,096] Trial 116 finished with value: 0.5618847376665448 and parameters: {'sigma_noise': 0.17080603245621395, 'A_repulsion': 0.3103837371872299, 'gamma': 0.4030124689394011, 'sigma_update': 0.5099830099851113, 'eta_learning': 0.45774309570618665, 'sigma_boundary': 9.61163563046899, 'alpha': 0.0}. Best is trial 106 with value: 0.014026010655677016.
[I 2026-03-20 02:33:49,715] Trial 123 finished with value: 0.047528975690695 and parameters: {'sigma_noise': 0.11232836727940725, 'A_repulsion': 0.22599170357354845, 'gamma': 0.3400100731717355, 'sigma_update': 0.049144926000846634, 'eta_learning': 0.20766916348350906, 'sigma_boundary': 4.829310285883269, 'alpha': 0.0}. Best is trial 106 with value: 0.014026010655677016.
[I 2026-03-20 02:33:51,066] Trial 111 finished with value: 0.7305046428695525 and parameters: {'sigma_noise': 0.3518248348839183, 'A_repulsion': 0.23371612694626548, 'gamma': 0.6361269972177974, 'sigma_update': 0.4682919955955171, 'eta_learning': 0.48311388622448065, 'sigma_boundary': 8.488750876525657, 'alpha': 0.0}. Best is trial 106 with value: 0.014026010655677016.
[I 2026-03-20 02:34:09,460] Trial 125 finished with value: 0.02406594574750926 and parameters: {'sigma_noise': 0.08123937993204314, 'A_repulsion': 0.19691577539490507, 'gamma': 0.4289592549536584, 'sigma_update': 0.10956906372830404, 'eta_learning': 0.041089086140215954, 'sigma_boundary': 8.773511483868518, 'alpha': 0.0}. Best is trial 106 with value: 0.014026010655677016.
[I 2026-03-20 02:34:24,440] Trial 131 finished with value: 0.21056206713687345 and parameters: {'sigma_noise': 0.0855177393350532, 'A_repulsion': 0.12875045672364474, 'gamma': 0.23157883110659963, 'sigma_update': 0.28637157024589904, 'eta_learning': 0.754572682881051, 'sigma_boundary': 3.8275807620391133, 'alpha': 0.0}. Best is trial 106 with value: 0.014026010655677016.
[I 2026-03-20 02:34:27,825] Trial 128 finished with value: 0.3241974560599709 and parameters: {'sigma_noise': 0.055403097852442254, 'A_repulsion': 0.24897545106741786, 'gamma': 0.06243942503893766, 'sigma_update': 0.26653371097871315, 'eta_learning': 1.6229876855867091, 'sigma_boundary': 4.5494756576028665, 'alpha': 0.0}. Best is trial 106 with value: 0.014026010655677016.
[I 2026-03-20 02:34:28,350] Trial 120 finished with value: 0.7346140458301436 and parameters: {'sigma_noise': 0.2709251824990469, 'A_repulsion': 0.27612761787899487, 'gamma': 0.40711472544883115, 'sigma_update': 0.09706632704819926, 'eta_learning': 1.561977988017255, 'sigma_boundary': 8.178238693556867, 'alpha': 0.0}. Best is trial 106 with value: 0.014026010655677016.
[I 2026-03-20 02:34:28,472] Trial 122 finished with value: 0.734681368276126 and parameters: {'sigma_noise': 0.21471491577246854, 'A_repulsion': 0.3437949424450951, 'gamma': 0.31446222894708475, 'sigma_update': 0.33588770930324074, 'eta_learning': 1.5321703832012972, 'sigma_boundary': 7.79911064594089, 'alpha': 0.0}. Best is trial 106 with value: 0.014026010655677016.
[I 2026-03-20 02:34:43,024] Trial 127 finished with value: 0.4894349635659353 and parameters: {'sigma_noise': 0.06400472578208238, 'A_repulsion': 0.39354881958670873, 'gamma': 0.2803127583278279, 'sigma_update': 0.036295179999240985, 'eta_learning': 1.4837799374026013, 'sigma_boundary': 7.688937198313652, 'alpha': 0.0}. Best is trial 106 with value: 0.014026010655677016.
[I 2026-03-20 02:34:50,415] Trial 126 finished with value: 0.6539312928712941 and parameters: {'sigma_noise': 0.1676255614775466, 'A_repulsion': 0.2598886146296488, 'gamma': 0.5578652990699634, 'sigma_update': 0.48491903973646294, 'eta_learning': 0.729350458880721, 'sigma_boundary': 6.559308218749738, 'alpha': 0.0}. Best is trial 106 with value: 0.014026010655677016.
[I 2026-03-20 02:34:50,817] Trial 129 finished with value: 0.35667690246413986 and parameters: {'sigma_noise': 0.12748778175152115, 'A_repulsion': 0.27530590248820525, 'gamma': 0.40865087250263776, 'sigma_update': 0.3304335128855405, 'eta_learning': 0.4661776841999719, 'sigma_boundary': 6.8656131335949295, 'alpha': 0.0}. Best is trial 106 with value: 0.014026010655677016.
[I 2026-03-20 02:34:58,739] Trial 124 finished with value: 0.633175452313203 and parameters: {'sigma_noise': 0.14046587819555567, 'A_repulsion': 0.3217870992929305, 'gamma': 0.1174604113710098, 'sigma_update': 0.042299117711844095, 'eta_learning': 0.731329550405211, 'sigma_boundary': 2.323397573481616, 'alpha': 0.0}. Best is trial 106 with value: 0.014026010655677016.
[I 2026-03-20 02:34:58,926] Trial 135 finished with value: 0.05097274122744913 and parameters: {'sigma_noise': 0.07039986485833641, 'A_repulsion': 0.24379719056598295, 'gamma': 0.4906234886092647, 'sigma_update': 0.06537004392242073, 'eta_learning': 0.3450768504437952, 'sigma_boundary': 8.096675234528384, 'alpha': 0.0}. Best is trial 106 with value: 0.014026010655677016.
[I 2026-03-20 02:35:03,246] Trial 130 finished with value: 0.6003561072219569 and parameters: {'sigma_noise': 0.21697078565641853, 'A_repulsion': 0.10731855426733267, 'gamma': 0.5157826237784927, 'sigma_update': 0.09968520293200055, 'eta_learning': 0.9715759396062005, 'sigma_boundary': 5.530635115866902, 'alpha': 0.0}. Best is trial 106 with value: 0.014026010655677016.
[I 2026-03-20 02:35:11,511] Trial 134 finished with value: 0.5017126147532904 and parameters: {'sigma_noise': 0.12010808858383962, 'A_repulsion': 0.2323936757718078, 'gamma': 0.4547271869599413, 'sigma_update': 0.1303168244395823, 'eta_learning': 0.8627299007804027, 'sigma_boundary': 4.242907134455715, 'alpha': 0.0}. Best is trial 106 with value: 0.014026010655677016.
[I 2026-03-20 02:35:21,860] Trial 139 finished with value: 0.28117191306128886 and parameters: {'sigma_noise': 0.09614934476442441, 'A_repulsion': 0.11016198803743221, 'gamma': 0.3073456672479873, 'sigma_update': 0.20336329699772118, 'eta_learning': 1.0495648153407335, 'sigma_boundary': 4.751967571769709, 'alpha': 0.0}. Best is trial 106 with value: 0.014026010655677016.
[I 2026-03-20 02:35:33,148] Trial 141 finished with value: 0.01748352705680963 and parameters: {'sigma_noise': 0.06558363708349377, 'A_repulsion': 0.1732820602002118, 'gamma': 0.530644509348978, 'sigma_update': 0.17842363610130355, 'eta_learning': 0.06570322456326938, 'sigma_boundary': 6.350443544621585, 'alpha': 0.0}. Best is trial 106 with value: 0.014026010655677016.
[I 2026-03-20 02:35:38,452] Trial 137 finished with value: 0.16846798043904718 and parameters: {'sigma_noise': 0.10401081552720041, 'A_repulsion': 0.35008411613914914, 'gamma': 0.2525854939803991, 'sigma_update': 0.14903327859049284, 'eta_learning': 0.2886366224588808, 'sigma_boundary': 2.89535301672064, 'alpha': 0.0}. Best is trial 106 with value: 0.014026010655677016.
[I 2026-03-20 02:35:40,313] Trial 132 finished with value: 0.7072785027640667 and parameters: {'sigma_noise': 0.22601484682860534, 'A_repulsion': 0.21625377997528905, 'gamma': 0.5178606416431697, 'sigma_update': 0.19417769799825327, 'eta_learning': 2.1066439588909676, 'sigma_boundary': 6.592492363171283, 'alpha': 0.0}. Best is trial 106 with value: 0.014026010655677016.
[I 2026-03-20 02:35:46,853] Trial 143 finished with value: 0.2610030583402479 and parameters: {'sigma_noise': 0.13671816250490493, 'A_repulsion': 0.02241223288790356, 'gamma': 0.5726769109866257, 'sigma_update': 0.0838448977649481, 'eta_learning': 0.7987558569079907, 'sigma_boundary': 2.631349743530117, 'alpha': 0.0}. Best is trial 106 with value: 0.014026010655677016.
[I 2026-03-20 02:35:49,626] Trial 138 finished with value: 0.022699424868808164 and parameters: {'sigma_noise': 0.10102200726799596, 'A_repulsion': 0.3795094133907855, 'gamma': 0.35735115935959144, 'sigma_update': 0.11800589012245685, 'eta_learning': 0.10808292845025391, 'sigma_boundary': 4.338107569927539, 'alpha': 0.0}. Best is trial 106 with value: 0.014026010655677016.
[I 2026-03-20 02:36:14,019] Trial 144 finished with value: 0.04119461995401625 and parameters: {'sigma_noise': 0.05277851857195831, 'A_repulsion': 0.23504782383111425, 'gamma': 0.2865748173832288, 'sigma_update': 0.16074072901099812, 'eta_learning': 0.37090490402727033, 'sigma_boundary': 8.133811727166018, 'alpha': 0.0}. Best is trial 106 with value: 0.014026010655677016.
[I 2026-03-20 02:36:19,184] Trial 133 finished with value: 0.735696305978736 and parameters: {'sigma_noise': 0.27348038142790904, 'A_repulsion': 0.35532825539986196, 'gamma': 0.3938383070532949, 'sigma_update': 0.5526555425637438, 'eta_learning': 0.7909051658118001, 'sigma_boundary': 7.146547861583081, 'alpha': 0.0}. Best is trial 106 with value: 0.014026010655677016.
[I 2026-03-20 02:36:21,068] Trial 142 finished with value: 0.5862713127448772 and parameters: {'sigma_noise': 0.15345017092142516, 'A_repulsion': 0.2209183411959677, 'gamma': 0.23034815275738524, 'sigma_update': 0.12564040765633422, 'eta_learning': 0.8536117883918453, 'sigma_boundary': 4.332679467202195, 'alpha': 0.0}. Best is trial 106 with value: 0.014026010655677016.
[I 2026-03-20 02:36:23,144] Trial 140 finished with value: 0.3804913869740315 and parameters: {'sigma_noise': 0.2722415883867672, 'A_repulsion': 0.11716089556326612, 'gamma': 0.1640851802550698, 'sigma_update': 0.12661650077976555, 'eta_learning': 0.31542173409161106, 'sigma_boundary': 5.469447267024246, 'alpha': 0.0}. Best is trial 106 with value: 0.014026010655677016.
[I 2026-03-20 02:36:24,211] Trial 145 finished with value: 0.35464668372609487 and parameters: {'sigma_noise': 0.12054977210886059, 'A_repulsion': 0.14423117628650944, 'gamma': 0.2265485911058736, 'sigma_update': 0.13420829425979652, 'eta_learning': 0.7728806847771756, 'sigma_boundary': 4.678417846485011, 'alpha': 0.0}. Best is trial 106 with value: 0.014026010655677016.
[I 2026-03-20 02:36:32,930] Trial 136 finished with value: 0.7356476481464669 and parameters: {'sigma_noise': 0.24992311588520993, 'A_repulsion': 0.3614354009327408, 'gamma': 0.7191032769959157, 'sigma_update': 0.21346200192807666, 'eta_learning': 1.8653968884332137, 'sigma_boundary': 8.861225356854987, 'alpha': 0.0}. Best is trial 106 with value: 0.014026010655677016.
[I 2026-03-20 02:36:56,420] Trial 148 finished with value: 0.3238296255964789 and parameters: {'sigma_noise': 0.054348441092576284, 'A_repulsion': 0.25314497326953755, 'gamma': 0.1409732345293228, 'sigma_update': 0.35129740096987755, 'eta_learning': 1.5460133256185447, 'sigma_boundary': 6.766084405914386, 'alpha': 0.0}. Best is trial 106 with value: 0.014026010655677016.
[I 2026-03-20 02:36:58,920] Trial 146 finished with value: 0.2995323459731095 and parameters: {'sigma_noise': 0.10108747132115818, 'A_repulsion': 0.26227546845428135, 'gamma': 0.26517826303793535, 'sigma_update': 0.1305050723235351, 'eta_learning': 0.5347281642676969, 'sigma_boundary': 9.443573930558927, 'alpha': 0.0}. Best is trial 106 with value: 0.014026010655677016.
[I 2026-03-20 02:37:00,902] Trial 154 finished with value: 0.03141070758706207 and parameters: {'sigma_noise': 0.05061548505474274, 'A_repulsion': 0.013996793407104385, 'gamma': 0.3701870286088083, 'sigma_update': 0.04560291200978122, 'eta_learning': 0.5155213451187974, 'sigma_boundary': 5.381644650149164, 'alpha': 0.0}. Best is trial 106 with value: 0.014026010655677016.
[I 2026-03-20 02:37:22,395] Trial 150 finished with value: 0.5750405650266124 and parameters: {'sigma_noise': 0.16435518570907665, 'A_repulsion': 0.19628236729052148, 'gamma': 0.17955666456678204, 'sigma_update': 0.1903997908169913, 'eta_learning': 0.68457178106717, 'sigma_boundary': 2.8817686887053857, 'alpha': 0.0}. Best is trial 106 with value: 0.014026010655677016.
[I 2026-03-20 02:37:28,498] Trial 147 finished with value: 0.04044648576131817 and parameters: {'sigma_noise': 0.1742221140960089, 'A_repulsion': 0.20289359633675297, 'gamma': 0.16532417194272286, 'sigma_update': 0.24713889991006552, 'eta_learning': 0.12309574611963248, 'sigma_boundary': 6.332072545199391, 'alpha': 0.0}. Best is trial 106 with value: 0.014026010655677016.
[I 2026-03-20 02:37:34,926] Trial 152 finished with value: 0.10286825270017459 and parameters: {'sigma_noise': 0.09428308951044537, 'A_repulsion': 0.3151486541327368, 'gamma': 0.29510878160682785, 'sigma_update': 0.05565826644031536, 'eta_learning': 0.3176151104759943, 'sigma_boundary': 8.020474136938274, 'alpha': 0.0}. Best is trial 106 with value: 0.014026010655677016.
[I 2026-03-20 02:37:36,440] Trial 155 finished with value: 0.06417382627848792 and parameters: {'sigma_noise': 0.1462223005200511, 'A_repulsion': 0.1561898137462976, 'gamma': 0.11199064419396117, 'sigma_update': 0.11731907503697747, 'eta_learning': 0.2292573719042076, 'sigma_boundary': 6.555409747228474, 'alpha': 0.0}. Best is trial 106 with value: 0.014026010655677016.
[I 2026-03-20 02:37:37,040] Trial 156 finished with value: 0.014208843572785755 and parameters: {'sigma_noise': 0.06598902867435574, 'A_repulsion': 0.30426500649117444, 'gamma': 0.5749723390110077, 'sigma_update': 0.3070363194729909, 'eta_learning': 0.09681583626250616, 'sigma_boundary': 4.733420452962767, 'alpha': 0.0}. Best is trial 106 with value: 0.014026010655677016.
[I 2026-03-20 02:37:44,516] Trial 149 finished with value: 0.6005822434058452 and parameters: {'sigma_noise': 0.14513811488462774, 'A_repulsion': 0.34032680103644225, 'gamma': 0.6772233385986499, 'sigma_update': 0.36782779119516057, 'eta_learning': 0.5965488109527528, 'sigma_boundary': 9.996147276925125, 'alpha': 0.0}. Best is trial 106 with value: 0.014026010655677016.
[I 2026-03-20 02:37:50,693] Trial 153 finished with value: 0.064424498269746 and parameters: {'sigma_noise': 0.18085832738833796, 'A_repulsion': 0.17899188575950636, 'gamma': 0.433368288938969, 'sigma_update': 0.27389090476016364, 'eta_learning': 0.1719742050264807, 'sigma_boundary': 8.646624463105862, 'alpha': 0.0}. Best is trial 106 with value: 0.014026010655677016.
[I 2026-03-20 02:37:58,763] Trial 157 finished with value: 0.15734547394052487 and parameters: {'sigma_noise': 0.14958607194745055, 'A_repulsion': 0.1875810589916731, 'gamma': 0.42417817597459967, 'sigma_update': 0.08577209625793274, 'eta_learning': 0.3318643309804706, 'sigma_boundary': 9.916123380382052, 'alpha': 0.0}. Best is trial 106 with value: 0.014026010655677016.
[I 2026-03-20 02:38:12,060] Trial 151 finished with value: 0.7193452117232928 and parameters: {'sigma_noise': 0.20583292029674055, 'A_repulsion': 0.2552339978284108, 'gamma': 0.46760396415354727, 'sigma_update': 0.2563527294068025, 'eta_learning': 1.5704819448537484, 'sigma_boundary': 3.698593121214068, 'alpha': 0.0}. Best is trial 106 with value: 0.014026010655677016.
[I 2026-03-20 02:38:13,575] Trial 158 finished with value: 0.5757996546530096 and parameters: {'sigma_noise': 0.1028985064528364, 'A_repulsion': 0.3089715414815766, 'gamma': 0.2569903143433931, 'sigma_update': 0.3733442918606456, 'eta_learning': 1.3492943342618091, 'sigma_boundary': 7.099476783911648, 'alpha': 0.0}. Best is trial 106 with value: 0.014026010655677016.
[I 2026-03-20 02:38:31,776] Trial 164 finished with value: 0.1102781307229083 and parameters: {'sigma_noise': 0.0945116371439729, 'A_repulsion': 0.08210889192626097, 'gamma': 0.3625077173363226, 'sigma_update': 0.2536024967442847, 'eta_learning': 0.5444776728854784, 'sigma_boundary': 7.987248807139022, 'alpha': 0.0}. Best is trial 106 with value: 0.014026010655677016.
[I 2026-03-20 02:38:35,785] Trial 162 finished with value: 0.47838137746707826 and parameters: {'sigma_noise': 0.13030630000267418, 'A_repulsion': 0.18683071814762925, 'gamma': 0.48575099562091023, 'sigma_update': 0.30622110945936937, 'eta_learning': 0.8616722967659002, 'sigma_boundary': 7.534089941978081, 'alpha': 0.0}. Best is trial 106 with value: 0.014026010655677016.
[I 2026-03-20 02:38:40,229] Trial 167 finished with value: 0.12023372556540593 and parameters: {'sigma_noise': 0.05120071371652008, 'A_repulsion': 0.2032072821951766, 'gamma': 0.08898593399763385, 'sigma_update': 0.19306828065712384, 'eta_learning': 0.6364968171498189, 'sigma_boundary': 6.10863955675147, 'alpha': 0.0}. Best is trial 106 with value: 0.014026010655677016.
[I 2026-03-20 02:38:44,968] Trial 168 finished with value: 0.02179028305421132 and parameters: {'sigma_noise': 0.07814839359730855, 'A_repulsion': 0.12399532501247748, 'gamma': 0.617875067768002, 'sigma_update': 0.10334755416324228, 'eta_learning': 0.2600740571243129, 'sigma_boundary': 7.912092764787786, 'alpha': 0.0}. Best is trial 106 with value: 0.014026010655677016.
[I 2026-03-20 02:38:48,545] Trial 165 finished with value: 0.3044770813370466 and parameters: {'sigma_noise': 0.09774840939099946, 'A_repulsion': 0.18548639164179498, 'gamma': 0.22768871146815764, 'sigma_update': 0.34204928327687173, 'eta_learning': 0.726626916899877, 'sigma_boundary': 4.111765995022294, 'alpha': 0.0}. Best is trial 106 with value: 0.014026010655677016.
[I 2026-03-20 02:38:56,948] Trial 159 finished with value: 0.7249794080858104 and parameters: {'sigma_noise': 0.17649933557427283, 'A_repulsion': 0.34162362435221333, 'gamma': 0.3862913559695818, 'sigma_update': 0.3351790003901155, 'eta_learning': 1.0573397288694666, 'sigma_boundary': 8.42781516648473, 'alpha': 0.0}. Best is trial 106 with value: 0.014026010655677016.
[I 2026-03-20 02:38:59,915] Trial 160 finished with value: 0.6810493357514176 and parameters: {'sigma_noise': 0.14634583834478382, 'A_repulsion': 0.3437383773240443, 'gamma': 0.6205814502710642, 'sigma_update': 0.39218324397509885, 'eta_learning': 1.3635301640930226, 'sigma_boundary': 5.592026417876874, 'alpha': 0.0}. Best is trial 106 with value: 0.014026010655677016.
[I 2026-03-20 02:39:05,011] Trial 169 finished with value: 0.07524458838016908 and parameters: {'sigma_noise': 0.11596724782304764, 'A_repulsion': 0.13330583647042715, 'gamma': 0.4111193244222396, 'sigma_update': 0.2854779865118378, 'eta_learning': 0.3401307651013113, 'sigma_boundary': 5.492244024603552, 'alpha': 0.0}. Best is trial 106 with value: 0.014026010655677016.
[I 2026-03-20 02:39:23,855] Trial 171 finished with value: 0.26278827894193385 and parameters: {'sigma_noise': 0.09608482910433805, 'A_repulsion': 0.17046090871056935, 'gamma': 0.5231133217318142, 'sigma_update': 0.19527286365993324, 'eta_learning': 0.6687087918088643, 'sigma_boundary': 8.211036612851078, 'alpha': 0.0}. Best is trial 106 with value: 0.014026010655677016.
[I 2026-03-20 02:39:41,850] Trial 163 finished with value: 0.735696305978736 and parameters: {'sigma_noise': 0.24110758428877532, 'A_repulsion': 0.3485797623557162, 'gamma': 0.34819253705802666, 'sigma_update': 0.3917343924942671, 'eta_learning': 1.30789403763763, 'sigma_boundary': 6.235012035720949, 'alpha': 0.0}. Best is trial 106 with value: 0.014026010655677016.
[I 2026-03-20 02:39:44,318] Trial 173 finished with value: 0.0620800199935324 and parameters: {'sigma_noise': 0.053234236926417246, 'A_repulsion': 0.23552422715288368, 'gamma': 0.5758934381016365, 'sigma_update': 0.14266263644385085, 'eta_learning': 0.38381742226479354, 'sigma_boundary': 3.182745465945467, 'alpha': 0.0}. Best is trial 106 with value: 0.014026010655677016.
[I 2026-03-20 02:39:45,730] Trial 161 finished with value: 0.7358060831483719 and parameters: {'sigma_noise': 0.29769962882539924, 'A_repulsion': 0.3194134145977079, 'gamma': 0.6143572490961634, 'sigma_update': 0.27085209242399166, 'eta_learning': 0.7238205255935066, 'sigma_boundary': 5.512950748062828, 'alpha': 0.0}. Best is trial 106 with value: 0.014026010655677016.
[I 2026-03-20 02:39:47,516] Trial 172 finished with value: 0.48966000584482755 and parameters: {'sigma_noise': 0.06810238027240577, 'A_repulsion': 0.4141308894503456, 'gamma': 0.5610122164147503, 'sigma_update': 0.32443130163294964, 'eta_learning': 1.0271388818627027, 'sigma_boundary': 6.409196204743795, 'alpha': 0.0}. Best is trial 106 with value: 0.014026010655677016.
[I 2026-03-20 02:39:51,555] Trial 170 finished with value: 0.02541121150256088 and parameters: {'sigma_noise': 0.1891927779597974, 'A_repulsion': 0.09358930709226876, 'gamma': 0.596933552264081, 'sigma_update': 0.02900365275790239, 'eta_learning': 0.023705237018685675, 'sigma_boundary': 6.349431949010277, 'alpha': 0.0}. Best is trial 106 with value: 0.014026010655677016.
[I 2026-03-20 02:39:52,367] Trial 166 finished with value: 0.46883646752199915 and parameters: {'sigma_noise': 0.1630980752180241, 'A_repulsion': 0.42450005418321934, 'gamma': 0.26051692602018617, 'sigma_update': 0.2772376732497564, 'eta_learning': 0.335369775690676, 'sigma_boundary': 8.107005040203976, 'alpha': 0.0}. Best is trial 106 with value: 0.014026010655677016.
[I 2026-03-20 02:40:27,486] Trial 178 finished with value: 0.011460068353935777 and parameters: {'sigma_noise': 0.12975727367291043, 'A_repulsion': 0.23204854127590688, 'gamma': 0.18668198535303993, 'sigma_update': 0.18322238368755372, 'eta_learning': 0.05182872550840356, 'sigma_boundary': 8.525704000608854, 'alpha': 0.0}. Best is trial 178 with value: 0.011460068353935777.
