[I 2026-03-20 02:26:02,050] Trial 62 finished with value: 0.5706908679212024 and parameters: {'sigma_noise': 0.13478577709654777, 'A_repulsion': 0.24558346192714672, 'gamma': 0.47248725240807915, 'sigma_update': 0.1224046832804416, 'eta_learning': 0.9758284034775128, 'sigma_boundary': 6.994666967171716, 'alpha': 0.0}. Best is trial 57 with value: 0.03296075357286961.
[I 2026-03-20 02:26:07,958] Trial 51 finished with value: 0.7345665927868206 and parameters: {'sigma_noise': 0.2894557360634113, 'A_repulsion': 0.2627583799194788, 'gamma': 0.5173718896812123, 'sigma_update': 0.35086777586579526, 'eta_learning': 1.3138479031167358, 'sigma_boundary': 3.680418814244957, 'alpha': 0.0}. Best is trial 57 with value: 0.03296075357286961.
[I 2026-03-20 02:26:15,751] Trial 65 finished with value: 0.24350606127561897 and parameters: {'sigma_noise': 0.2145575918448262, 'A_repulsion': 0.08510017374739637, 'gamma': 0.6057299466191765, 'sigma_update': 0.11849610612849261, 'eta_learning': 0.33571468917210867, 'sigma_boundary': 4.237773939396207, 'alpha': 0.0}. Best is trial 57 with value: 0.03296075357286961.
[I 2026-03-20 02:26:21,603] Trial 54 finished with value: 0.7356476481464669 and parameters: {'sigma_noise': 0.303428404267897, 'A_repulsion': 0.324022245068857, 'gamma': 0.08600141411821308, 'sigma_update': 0.3035611451976983, 'eta_learning': 1.0988247629912034, 'sigma_boundary': 4.731486403919282, 'alpha': 0.0}. Best is trial 57 with value: 0.03296075357286961.
[I 2026-03-20 02:26:23,096] Trial 52 finished with value: 0.7356476481464669 and parameters: {'sigma_noise': 0.306706141486172, 'A_repulsion': 0.325941977610169, 'gamma': 0.6546391206171384, 'sigma_update': 0.4910429061064715, 'eta_learning': 1.307256205222302, 'sigma_boundary': 5.178895757032742, 'alpha': 0.0}. Best is trial 57 with value: 0.03296075357286961.
[I 2026-03-20 02:26:25,596] Trial 63 finished with value: 0.6000287427197296 and parameters: {'sigma_noise': 0.193740402991599, 'A_repulsion': 0.23929310701315887, 'gamma': 0.3136639570459107, 'sigma_update': 0.23400323337546305, 'eta_learning': 0.5068844875536674, 'sigma_boundary': 5.391256958285847, 'alpha': 0.0}. Best is trial 57 with value: 0.03296075357286961.
[I 2026-03-20 02:26:31,174] Trial 61 finished with value: 0.689905440846951 and parameters: {'sigma_noise': 0.2268075337158384, 'A_repulsion': 0.21106028801147003, 'gamma': 0.6499590176168829, 'sigma_update': 0.4591317359044263, 'eta_learning': 1.1481061452471333, 'sigma_boundary': 8.832638795772274, 'alpha': 0.0}. Best is trial 57 with value: 0.03296075357286961.
[I 2026-03-20 02:26:46,417] Trial 60 finished with value: 0.734470800574321 and parameters: {'sigma_noise': 0.2783838822894594, 'A_repulsion': 0.2771859830295996, 'gamma': 0.6243682000659738, 'sigma_update': 0.281098388363972, 'eta_learning': 2.1033736625397608, 'sigma_boundary': 6.199620130804431, 'alpha': 0.0}. Best is trial 57 with value: 0.03296075357286961.
[I 2026-03-20 02:26:53,655] Trial 72 finished with value: 0.019243081351722046 and parameters: {'sigma_noise': 0.07716828879802717, 'A_repulsion': 0.08496977807515503, 'gamma': 0.29501605595245206, 'sigma_update': 0.41578171971182415, 'eta_learning': 0.22848112692902445, 'sigma_boundary': 3.6357421789702227, 'alpha': 0.0}. Best is trial 72 with value: 0.019243081351722046.
[I 2026-03-20 02:26:58,400] Trial 70 finished with value: 0.6770137801766357 and parameters: {'sigma_noise': 0.17404921097575216, 'A_repulsion': 0.21718323768823572, 'gamma': 0.4098864014576007, 'sigma_update': 0.31216380400876886, 'eta_learning': 1.34707842931229, 'sigma_boundary': 4.744742431686658, 'alpha': 0.0}. Best is trial 72 with value: 0.019243081351722046.
[I 2026-03-20 02:27:09,413] Trial 69 finished with value: 0.6842253499140161 and parameters: {'sigma_noise': 0.2511282085638095, 'A_repulsion': 0.19845289082009981, 'gamma': 0.6095654112053414, 'sigma_update': 0.1396741603920544, 'eta_learning': 0.8412703548957219, 'sigma_boundary': 5.222667209437815, 'alpha': 0.0}. Best is trial 72 with value: 0.019243081351722046.
[I 2026-03-20 02:27:16,539] Trial 64 finished with value: 0.734470800574321 and parameters: {'sigma_noise': 0.31880856820978004, 'A_repulsion': 0.22357558692087434, 'gamma': 0.3784546882105058, 'sigma_update': 0.3679938084169526, 'eta_learning': 2.637456539883432, 'sigma_boundary': 5.16981533709057, 'alpha': 0.0}. Best is trial 72 with value: 0.019243081351722046.
[I 2026-03-20 02:27:35,724] Trial 74 finished with value: 0.035007743172903366 and parameters: {'sigma_noise': 0.17251562177702512, 'A_repulsion': 0.07238980038695139, 'gamma': 0.1826425424749491, 'sigma_update': 0.5401526472922883, 'eta_learning': 0.020573437326195796, 'sigma_boundary': 4.291356698401629, 'alpha': 0.0}. Best is trial 72 with value: 0.019243081351722046.
[I 2026-03-20 02:27:36,207] Trial 67 finished with value: 0.7056261151048598 and parameters: {'sigma_noise': 0.2397019072403942, 'A_repulsion': 0.3710960982131401, 'gamma': 0.33609895561607955, 'sigma_update': 0.4152735076665272, 'eta_learning': 0.3891879779165208, 'sigma_boundary': 4.991841932650701, 'alpha': 0.0}. Best is trial 72 with value: 0.019243081351722046.
[I 2026-03-20 02:27:47,965] Trial 75 finished with value: 0.3763136643151563 and parameters: {'sigma_noise': 0.10724760918118027, 'A_repulsion': 0.2694904150376569, 'gamma': 0.07103677064849358, 'sigma_update': 0.321104134744834, 'eta_learning': 0.5578847933598228, 'sigma_boundary': 4.012974370807047, 'alpha': 0.0}. Best is trial 72 with value: 0.019243081351722046.
[I 2026-03-20 02:28:02,574] Trial 73 finished with value: 0.6713387559591555 and parameters: {'sigma_noise': 0.16309201129398804, 'A_repulsion': 0.2935446192880677, 'gamma': 0.20280020168378637, 'sigma_update': 0.54339378481952, 'eta_learning': 1.0739784742405525, 'sigma_boundary': 3.9233239279498022, 'alpha': 0.0}. Best is trial 72 with value: 0.019243081351722046.
[I 2026-03-20 02:28:06,501] Trial 68 finished with value: 0.7358060831483719 and parameters: {'sigma_noise': 0.2639051374127982, 'A_repulsion': 0.46622710022286085, 'gamma': 0.4167874681419101, 'sigma_update': 0.4199792313012138, 'eta_learning': 0.4425028323305482, 'sigma_boundary': 8.768948732207237, 'alpha': 0.0}. Best is trial 72 with value: 0.019243081351722046.
[I 2026-03-20 02:28:21,401] Trial 71 finished with value: 0.7344224430247743 and parameters: {'sigma_noise': 0.3427574615394849, 'A_repulsion': 0.23030622408155213, 'gamma': 0.6033187226619425, 'sigma_update': 0.4176686285311664, 'eta_learning': 1.3045220285724521, 'sigma_boundary': 6.269523939593321, 'alpha': 0.0}. Best is trial 72 with value: 0.019243081351722046.
[I 2026-03-20 02:28:34,454] Trial 78 finished with value: 0.5151540446492678 and parameters: {'sigma_noise': 0.14494522255568068, 'A_repulsion': 0.189485589970739, 'gamma': 0.6021509780843706, 'sigma_update': 0.20357416948252757, 'eta_learning': 0.8359585201143317, 'sigma_boundary': 5.675994176409049, 'alpha': 0.0}. Best is trial 72 with value: 0.019243081351722046.
[I 2026-03-20 02:28:35,083] Trial 76 finished with value: 0.7074459845222983 and parameters: {'sigma_noise': 0.2428279158317616, 'A_repulsion': 0.1894317080248347, 'gamma': 0.3139853741939813, 'sigma_update': 0.20550977032047293, 'eta_learning': 1.8847436899195589, 'sigma_boundary': 8.95026904589597, 'alpha': 0.0}. Best is trial 72 with value: 0.019243081351722046.
[I 2026-03-20 02:28:50,456] Trial 80 finished with value: 0.5286906180871077 and parameters: {'sigma_noise': 0.16991774227345072, 'A_repulsion': 0.12452249598017366, 'gamma': 0.526540664257341, 'sigma_update': 0.3262132806617829, 'eta_learning': 1.0529763524054696, 'sigma_boundary': 8.563966820806423, 'alpha': 0.0}. Best is trial 72 with value: 0.019243081351722046.
[I 2026-03-20 02:29:05,545] Trial 77 finished with value: 0.734633915232803 and parameters: {'sigma_noise': 0.2607617243904382, 'A_repulsion': 0.28674547242081727, 'gamma': 0.40389417609249034, 'sigma_update': 0.2337706350881532, 'eta_learning': 1.0556155935305231, 'sigma_boundary': 8.574169174836562, 'alpha': 0.0}. Best is trial 72 with value: 0.019243081351722046.
[I 2026-03-20 02:29:22,815] Trial 79 finished with value: 0.734673398076657 and parameters: {'sigma_noise': 0.2192518439998758, 'A_repulsion': 0.27557262977617053, 'gamma': 0.6436138615592902, 'sigma_update': 0.5314467901258333, 'eta_learning': 1.256239018933912, 'sigma_boundary': 7.0667590678831536, 'alpha': 0.0}. Best is trial 72 with value: 0.019243081351722046.
[I 2026-03-20 02:29:23,841] Trial 88 finished with value: 0.3485042810662597 and parameters: {'sigma_noise': 0.1517711297453357, 'A_repulsion': 0.22820047997764056, 'gamma': 0.3313080197976894, 'sigma_update': 0.12610713481894112, 'eta_learning': 0.3893938643322848, 'sigma_boundary': 3.110581915115766, 'alpha': 0.0}. Best is trial 72 with value: 0.019243081351722046.
[I 2026-03-20 02:29:41,276] Trial 83 finished with value: 0.6840280428043575 and parameters: {'sigma_noise': 0.28967946651751914, 'A_repulsion': 0.19155414036797677, 'gamma': 0.4026392021866194, 'sigma_update': 0.37346605931602983, 'eta_learning': 0.6412824889938371, 'sigma_boundary': 4.908812356684193, 'alpha': 0.0}. Best is trial 72 with value: 0.019243081351722046.
[I 2026-03-20 02:29:41,519] Trial 86 finished with value: 0.6761667643849314 and parameters: {'sigma_noise': 0.23169521398262355, 'A_repulsion': 0.19451043714885288, 'gamma': 0.5006750891130756, 'sigma_update': 0.29157653552061125, 'eta_learning': 0.8193293770617864, 'sigma_boundary': 9.132494517489311, 'alpha': 0.0}. Best is trial 72 with value: 0.019243081351722046.
[I 2026-03-20 02:29:43,811] Trial 84 finished with value: 0.7034801717589456 and parameters: {'sigma_noise': 0.21931733631620626, 'A_repulsion': 0.24248015294370517, 'gamma': 0.2750215769755642, 'sigma_update': 0.2717155698954286, 'eta_learning': 1.1522832915680488, 'sigma_boundary': 6.48542796311835, 'alpha': 0.0}. Best is trial 72 with value: 0.019243081351722046.
[I 2026-03-20 02:29:43,918] Trial 92 finished with value: 0.38275927644746544 and parameters: {'sigma_noise': 0.056980914538995786, 'A_repulsion': 0.2936230718415106, 'gamma': 0.35910306629449945, 'sigma_update': 0.2152975596484871, 'eta_learning': 1.4424126408592683, 'sigma_boundary': 6.1295743546399715, 'alpha': 0.0}. Best is trial 72 with value: 0.019243081351722046.
[I 2026-03-20 02:29:45,062] Trial 85 finished with value: 0.7316820891053084 and parameters: {'sigma_noise': 0.18813260738639442, 'A_repulsion': 0.3403842113513472, 'gamma': 0.4654492894008039, 'sigma_update': 0.26502742135552476, 'eta_learning': 1.6525324546496187, 'sigma_boundary': 6.591446320553529, 'alpha': 0.0}. Best is trial 72 with value: 0.019243081351722046.
[I 2026-03-20 02:29:45,914] Trial 87 finished with value: 0.651291497950459 and parameters: {'sigma_noise': 0.28580562477347987, 'A_repulsion': 0.10361079177267012, 'gamma': 0.35068194657016066, 'sigma_update': 0.16146426535392364, 'eta_learning': 1.1266462753745654, 'sigma_boundary': 8.740649173430558, 'alpha': 0.0}. Best is trial 72 with value: 0.019243081351722046.
[I 2026-03-20 02:29:46,259] Trial 82 finished with value: 0.7349804373567711 and parameters: {'sigma_noise': 0.28768593615944865, 'A_repulsion': 0.2593153507115908, 'gamma': 0.3433805861603795, 'sigma_update': 0.4373165066871267, 'eta_learning': 0.7146262135788707, 'sigma_boundary': 6.714960471485692, 'alpha': 0.0}. Best is trial 72 with value: 0.019243081351722046.
[I 2026-03-20 02:29:52,180] Trial 81 finished with value: 0.7307976708391013 and parameters: {'sigma_noise': 0.34663294044799625, 'A_repulsion': 0.1707223063548023, 'gamma': 0.3178319587745179, 'sigma_update': 0.5421602033983542, 'eta_learning': 0.7352635702201343, 'sigma_boundary': 4.854391187773282, 'alpha': 0.0}. Best is trial 72 with value: 0.019243081351722046.
[I 2026-03-20 02:29:59,867] Trial 95 finished with value: 0.053949644480159466 and parameters: {'sigma_noise': 0.08606114674334626, 'A_repulsion': 0.22431654179746768, 'gamma': 0.2989461750104699, 'sigma_update': 0.27902450924803984, 'eta_learning': 0.01749566666608454, 'sigma_boundary': 7.322143398628338, 'alpha': 0.0}. Best is trial 72 with value: 0.019243081351722046.
[I 2026-03-20 02:30:00,897] Trial 90 finished with value: 0.645886361029802 and parameters: {'sigma_noise': 0.13569922471659718, 'A_repulsion': 0.3000077736039638, 'gamma': 0.5483821482244824, 'sigma_update': 0.26692049184623756, 'eta_learning': 0.8529195961833695, 'sigma_boundary': 4.458488968875205, 'alpha': 0.0}. Best is trial 72 with value: 0.019243081351722046.
[I 2026-03-20 02:30:07,923] Trial 91 finished with value: 0.5446361503669879 and parameters: {'sigma_noise': 0.2325455224588439, 'A_repulsion': 0.1555557200949959, 'gamma': 0.5077492183305798, 'sigma_update': 0.3346047448428122, 'eta_learning': 0.47344219373151486, 'sigma_boundary': 6.523792860340106, 'alpha': 0.0}. Best is trial 72 with value: 0.019243081351722046.
[I 2026-03-20 02:30:10,668] Trial 89 finished with value: 0.7074459845222983 and parameters: {'sigma_noise': 0.25364907444131807, 'A_repulsion': 0.17695982014662695, 'gamma': 0.2998379730033212, 'sigma_update': 0.34149957315293894, 'eta_learning': 1.7079798577377967, 'sigma_boundary': 3.5689015811193854, 'alpha': 0.0}. Best is trial 72 with value: 0.019243081351722046.
[I 2026-03-20 02:30:13,158] Trial 97 finished with value: 0.11365549285773827 and parameters: {'sigma_noise': 0.0678621307475607, 'A_repulsion': 0.05570000038328468, 'gamma': 0.1460976916674356, 'sigma_update': 0.24291529568893502, 'eta_learning': 0.8463242887665549, 'sigma_boundary': 9.845857170164622, 'alpha': 0.0}. Best is trial 72 with value: 0.019243081351722046.
[I 2026-03-20 02:30:22,396] Trial 93 finished with value: 0.6567546335025404 and parameters: {'sigma_noise': 0.19095195599941533, 'A_repulsion': 0.2106047637378831, 'gamma': 0.4823089144394219, 'sigma_update': 0.19290330466075103, 'eta_learning': 0.9357350239038238, 'sigma_boundary': 6.955460227529529, 'alpha': 0.0}. Best is trial 72 with value: 0.019243081351722046.
[I 2026-03-20 02:30:27,260] Trial 94 finished with value: 0.5389468118356824 and parameters: {'sigma_noise': 0.09991219167473953, 'A_repulsion': 0.27723395544459173, 'gamma': 0.12328740471509307, 'sigma_update': 0.4732292435379816, 'eta_learning': 1.1465194760347406, 'sigma_boundary': 2.9517194444327064, 'alpha': 0.0}. Best is trial 72 with value: 0.019243081351722046.
[I 2026-03-20 02:30:46,356] Trial 96 finished with value: 0.46187860873426095 and parameters: {'sigma_noise': 0.11306359400836835, 'A_repulsion': 0.29144036092160347, 'gamma': 0.2273260450199473, 'sigma_update': 0.49067384547885823, 'eta_learning': 0.6929822050904851, 'sigma_boundary': 8.168974372146012, 'alpha': 0.0}. Best is trial 72 with value: 0.019243081351722046.
[I 2026-03-20 02:30:55,328] Trial 100 finished with value: 0.08182411235930778 and parameters: {'sigma_noise': 0.10956389014015294, 'A_repulsion': 0.07499729267783739, 'gamma': 0.14582283224699477, 'sigma_update': 0.541850882566718, 'eta_learning': 0.437768857234991, 'sigma_boundary': 6.309007902976465, 'alpha': 0.0}. Best is trial 72 with value: 0.019243081351722046.
[I 2026-03-20 02:30:57,385] Trial 99 finished with value: 0.41324192492189205 and parameters: {'sigma_noise': 0.12915024403707187, 'A_repulsion': 0.10161592522247723, 'gamma': 0.524929963032083, 'sigma_update': 0.3126944549672429, 'eta_learning': 1.3853029720700691, 'sigma_boundary': 8.742090135476857, 'alpha': 0.0}. Best is trial 72 with value: 0.019243081351722046.
[I 2026-03-20 02:31:37,644] Trial 98 finished with value: 0.734681368276126 and parameters: {'sigma_noise': 0.2470168832447227, 'A_repulsion': 0.290886639409584, 'gamma': 0.4425044356929924, 'sigma_update': 0.35051310979855127, 'eta_learning': 1.248040713993318, 'sigma_boundary': 7.7809783642093535, 'alpha': 0.0}. Best is trial 72 with value: 0.019243081351722046.
[I 2026-03-20 02:31:41,273] Trial 101 finished with value: 0.2573821752558466 and parameters: {'sigma_noise': 0.1638870977777434, 'A_repulsion': 0.24693111509630294, 'gamma': 0.38999955776767126, 'sigma_update': 0.35056553955713854, 'eta_learning': 0.3191330456743967, 'sigma_boundary': 6.207745592150372, 'alpha': 0.0}. Best is trial 72 with value: 0.019243081351722046.
[I 2026-03-20 02:31:41,762] Trial 108 finished with value: 0.07647967694741892 and parameters: {'sigma_noise': 0.07100730853203746, 'A_repulsion': 0.006017032786582749, 'gamma': 0.534695888444331, 'sigma_update': 0.09150745312718037, 'eta_learning': 0.7323803516958506, 'sigma_boundary': 9.481423061570148, 'alpha': 0.0}. Best is trial 72 with value: 0.019243081351722046.
[I 2026-03-20 02:31:46,420] Trial 102 finished with value: 0.5357940344145007 and parameters: {'sigma_noise': 0.13982102772099883, 'A_repulsion': 0.2207222522256822, 'gamma': 0.34811164763847974, 'sigma_update': 0.4498052613803581, 'eta_learning': 0.7771008254666193, 'sigma_boundary': 6.967608053423727, 'alpha': 0.0}. Best is trial 72 with value: 0.019243081351722046.
[I 2026-03-20 02:31:56,796] Trial 103 finished with value: 0.54086097305924 and parameters: {'sigma_noise': 0.09153081960441814, 'A_repulsion': 0.3166002385794333, 'gamma': 0.24661105447861142, 'sigma_update': 0.6820118690668122, 'eta_learning': 1.528683375827856, 'sigma_boundary': 3.8049965132748778, 'alpha': 0.0}. Best is trial 72 with value: 0.019243081351722046.
[I 2026-03-20 02:31:57,488] Trial 106 finished with value: 0.014026010655677016 and parameters: {'sigma_noise': 0.06700144276400208, 'A_repulsion': 0.15592395553718888, 'gamma': 0.5469297502932884, 'sigma_update': 0.49893776811989315, 'eta_learning': 0.19395486515561683, 'sigma_boundary': 5.768774077282548, 'alpha': 0.0}. Best is trial 106 with value: 0.014026010655677016.
[I 2026-03-20 02:32:00,484] Trial 112 finished with value: 0.1504586873577318 and parameters: {'sigma_noise': 0.05829778101426447, 'A_repulsion': 0.167921600532363, 'gamma': 0.5481211406448592, 'sigma_update': 0.24099486152781974, 'eta_learning': 0.7447347700781997, 'sigma_boundary': 7.478828878897813, 'alpha': 0.0}. Best is trial 106 with value: 0.014026010655677016.
[I 2026-03-20 02:32:07,354] Trial 115 finished with value: 0.15821634615784191 and parameters: {'sigma_noise': 0.08198108654576053, 'A_repulsion': 0.013541312399779931, 'gamma': 0.5248412810897933, 'sigma_update': 0.25644281352237314, 'eta_learning': 1.1812944437741215, 'sigma_boundary': 5.688566912116383, 'alpha': 0.0}. Best is trial 106 with value: 0.014026010655677016.
[I 2026-03-20 02:32:16,328] Trial 118 finished with value: 0.028868671288694126 and parameters: {'sigma_noise': 0.05049435508907668, 'A_repulsion': 0.02206437509073761, 'gamma': 0.3070567317091886, 'sigma_update': 0.2255651232869746, 'eta_learning': 0.06380705133636325, 'sigma_boundary': 7.243237846497581, 'alpha': 0.0}. Best is trial 106 with value: 0.014026010655677016.
[I 2026-03-20 02:32:20,316] Trial 107 finished with value: 0.4342593967836181 and parameters: {'sigma_noise': 0.1255630100970006, 'A_repulsion': 0.14225950010261368, 'gamma': 0.5229109360029148, 'sigma_update': 0.2217103683986381, 'eta_learning': 1.3006830785342225, 'sigma_boundary': 7.089624153615703, 'alpha': 0.0}. Best is trial 106 with value: 0.014026010655677016.
[I 2026-03-20 02:32:23,104] Trial 104 finished with value: 0.6056700488271956 and parameters: {'sigma_noise': 0.19410392650409575, 'A_repulsion': 0.14058195091301945, 'gamma': 0.3530742843712385, 'sigma_update': 0.2403878680011451, 'eta_learning': 0.954606366764972, 'sigma_boundary': 3.8641223210930966, 'alpha': 0.0}. Best is trial 106 with value: 0.014026010655677016.
[I 2026-03-20 02:32:35,926] Trial 113 finished with value: 0.32827461334439284 and parameters: {'sigma_noise': 0.14512768704567258, 'A_repulsion': 0.14241221565402246, 'gamma': 0.12058730597372491, 'sigma_update': 0.6348476903135699, 'eta_learning': 0.5565620358090071, 'sigma_boundary': 5.8427608565675175, 'alpha': 0.0}. Best is trial 106 with value: 0.014026010655677016.
[I 2026-03-20 02:32:36,592] Trial 105 finished with value: 0.6639762745236775 and parameters: {'sigma_noise': 0.19121559944875582, 'A_repulsion': 0.2552304936725949, 'gamma': 0.35799584198339834, 'sigma_update': 0.4859476808388207, 'eta_learning': 0.7953662949432505, 'sigma_boundary': 8.173523715099515, 'alpha': 0.0}. Best is trial 106 with value: 0.014026010655677016.
[I 2026-03-20 02:32:52,842] Trial 117 finished with value: 0.4201105182478949 and parameters: {'sigma_noise': 0.09490298299851734, 'A_repulsion': 0.27009461932879797, 'gamma': 0.4725394742156705, 'sigma_update': 0.3255051129866101, 'eta_learning': 0.769269888390239, 'sigma_boundary': 5.504529726443262, 'alpha': 0.0}. Best is trial 106 with value: 0.014026010655677016.
[I 2026-03-20 02:32:52,862] Trial 109 finished with value: 0.6630630105608593 and parameters: {'sigma_noise': 0.17941688916111337, 'A_repulsion': 0.22693028398056916, 'gamma': 0.5368178398613336, 'sigma_update': 0.13252125621175473, 'eta_learning': 1.057878113842395, 'sigma_boundary': 2.50437893754918, 'alpha': 0.0}. Best is trial 106 with value: 0.014026010655677016.
[I 2026-03-20 02:32:59,861] Trial 114 finished with value: 0.6632808417166957 and parameters: {'sigma_noise': 0.1678118981823325, 'A_repulsion': 0.270155001383866, 'gamma': 0.5107176556208476, 'sigma_update': 0.17901292535345287, 'eta_learning': 0.9265724111152494, 'sigma_boundary': 5.821774673863542, 'alpha': 0.0}. Best is trial 106 with value: 0.014026010655677016.
[I 2026-03-20 02:33:08,041] Trial 110 finished with value: 0.14674624620489451 and parameters: {'sigma_noise': 0.26605629583807183, 'A_repulsion': 0.20358090659629216, 'gamma': 0.3001141452637329, 'sigma_update': 0.3517923165445327, 'eta_learning': 0.12510330815905205, 'sigma_boundary': 2.7198806218724787, 'alpha': 0.0}. Best is trial 106 with value: 0.014026010655677016.
