/nfs/nhome/live/apourdehghan/Hybrid_hpc_utils.py:56: DtypeWarning: Columns (16) have mixed types. Specify dtype option on import or set low_memory=False.
  data = pd.read_csv(data_path)
[I 2026-03-20 02:15:58,503] A new study created in memory with name: no-name-fc138634-b20f-4065-8c52-2620910b151b
[I 2026-03-20 02:18:05,873] Trial 7 finished with value: 0.20631814266391307 and parameters: {'sigma_noise': 0.08913530073834225, 'A_repulsion': 0.01082866348492062, 'gamma': 0.8139136587779636, 'sigma_update': 0.16905129646654343, 'eta_learning': 2.318144543998095, 'sigma_boundary': 4.436109391134861, 'alpha': 0.0}. Best is trial 7 with value: 0.20631814266391307.
[I 2026-03-20 02:18:13,487] Trial 4 finished with value: 0.31036990992944774 and parameters: {'sigma_noise': 0.11526148515220576, 'A_repulsion': 0.04659172978369519, 'gamma': 0.48955971586096414, 'sigma_update': 0.12980038969999, 'eta_learning': 2.3748437229366592, 'sigma_boundary': 4.031603058293739, 'alpha': 0.0}. Best is trial 7 with value: 0.20631814266391307.
[I 2026-03-20 02:18:23,492] Trial 5 finished with value: 0.2152863962326635 and parameters: {'sigma_noise': 0.07972665649029467, 'A_repulsion': 0.27370252368851006, 'gamma': 0.19533736155418496, 'sigma_update': 0.42430721027322105, 'eta_learning': 0.46738769946600334, 'sigma_boundary': 2.112074288316158, 'alpha': 0.0}. Best is trial 7 with value: 0.20631814266391307.
[I 2026-03-20 02:18:35,594] Trial 12 finished with value: 0.5917785731268472 and parameters: {'sigma_noise': 0.13975387952046164, 'A_repulsion': 0.12917525368077454, 'gamma': 0.546862988716551, 'sigma_update': 0.4423164661880856, 'eta_learning': 2.3111197205606753, 'sigma_boundary': 0.3205007241564782, 'alpha': 0.0}. Best is trial 7 with value: 0.20631814266391307.
[I 2026-03-20 02:18:35,984] Trial 21 finished with value: 0.1174029583902959 and parameters: {'sigma_noise': 0.15227512768060725, 'A_repulsion': 0.09782431593288565, 'gamma': 0.370283096892566, 'sigma_update': 0.29830347345883146, 'eta_learning': 0.2985439561565831, 'sigma_boundary': 2.6374771215017057, 'alpha': 0.0}. Best is trial 21 with value: 0.1174029583902959.
[I 2026-03-20 02:18:56,460] Trial 9 finished with value: 0.033804003888590145 and parameters: {'sigma_noise': 0.22584763656284318, 'A_repulsion': 0.1466153322954269, 'gamma': 0.019375131941730968, 'sigma_update': 0.4423105975934798, 'eta_learning': 0.07005540607134213, 'sigma_boundary': 6.511026348181586, 'alpha': 0.0}. Best is trial 9 with value: 0.033804003888590145.
[I 2026-03-20 02:19:02,404] Trial 1 finished with value: 0.6830397558790248 and parameters: {'sigma_noise': 0.2585037942047317, 'A_repulsion': 0.1449108946057836, 'gamma': 0.8812102637083714, 'sigma_update': 0.4668070372518961, 'eta_learning': 1.919143546839528, 'sigma_boundary': 5.683408910501366, 'alpha': 0.0}. Best is trial 9 with value: 0.033804003888590145.
[I 2026-03-20 02:19:04,794] Trial 3 finished with value: 0.7142729621656139 and parameters: {'sigma_noise': 0.10472264562688079, 'A_repulsion': 0.43572368599198535, 'gamma': 0.9532272864414436, 'sigma_update': 0.49212827248752317, 'eta_learning': 1.464839649112636, 'sigma_boundary': 1.5383895060899104, 'alpha': 0.0}. Best is trial 9 with value: 0.033804003888590145.
[I 2026-03-20 02:19:06,224] Trial 17 finished with value: 0.711423670556661 and parameters: {'sigma_noise': 0.0918771764496801, 'A_repulsion': 0.48710658577346666, 'gamma': 0.4213828431382425, 'sigma_update': 0.23427836966344273, 'eta_learning': 2.2416030967352785, 'sigma_boundary': 2.7603544456799085, 'alpha': 0.0}. Best is trial 9 with value: 0.033804003888590145.
[I 2026-03-20 02:19:10,406] Trial 19 finished with value: 0.6080339887231964 and parameters: {'sigma_noise': 0.35914983861870325, 'A_repulsion': 0.02147783638364842, 'gamma': 0.8487045483230102, 'sigma_update': 0.27545072198955306, 'eta_learning': 0.6110021974876112, 'sigma_boundary': 8.664742856411733, 'alpha': 0.0}. Best is trial 9 with value: 0.033804003888590145.
[I 2026-03-20 02:19:12,515] Trial 13 finished with value: 0.722394368972996 and parameters: {'sigma_noise': 0.1516354084251853, 'A_repulsion': 0.38539378305821914, 'gamma': 0.25813057641728765, 'sigma_update': 0.46129791946338977, 'eta_learning': 2.922397271587759, 'sigma_boundary': 2.3148815526154602, 'alpha': 0.0}. Best is trial 9 with value: 0.033804003888590145.
[I 2026-03-20 02:19:14,831] Trial 22 finished with value: 0.37552045520241123 and parameters: {'sigma_noise': 0.3152020582430874, 'A_repulsion': 0.11293256523932943, 'gamma': 0.167670494195868, 'sigma_update': 0.6733738346944788, 'eta_learning': 1.5953292742448222, 'sigma_boundary': 0.07272219403730852, 'alpha': 0.0}. Best is trial 9 with value: 0.033804003888590145.
[I 2026-03-20 02:19:24,030] Trial 18 finished with value: 0.7338295986851981 and parameters: {'sigma_noise': 0.15859194181148842, 'A_repulsion': 0.452809123769011, 'gamma': 0.8575665322738437, 'sigma_update': 0.2974137616894276, 'eta_learning': 1.093762869719858, 'sigma_boundary': 7.953020374667614, 'alpha': 0.0}. Best is trial 9 with value: 0.033804003888590145.
[I 2026-03-20 02:19:24,497] Trial 23 finished with value: 0.7193220533329425 and parameters: {'sigma_noise': 0.21614387673705832, 'A_repulsion': 0.2218337697314236, 'gamma': 0.03576325380342373, 'sigma_update': 0.08044578351615285, 'eta_learning': 1.8203299887657498, 'sigma_boundary': 1.302352166192376, 'alpha': 0.0}. Best is trial 9 with value: 0.033804003888590145.
[I 2026-03-20 02:19:30,056] Trial 20 finished with value: 0.7319064238211603 and parameters: {'sigma_noise': 0.16201427435689145, 'A_repulsion': 0.421758134368392, 'gamma': 0.22258611511870863, 'sigma_update': 0.17037326445182674, 'eta_learning': 0.7124693828276375, 'sigma_boundary': 2.9732713661319483, 'alpha': 0.0}. Best is trial 9 with value: 0.033804003888590145.
[I 2026-03-20 02:19:32,196] Trial 2 finished with value: 0.7359018815564222 and parameters: {'sigma_noise': 0.15707991534783342, 'A_repulsion': 0.46843996398238247, 'gamma': 0.34633254810526487, 'sigma_update': 0.11545438333668334, 'eta_learning': 1.1858781313425806, 'sigma_boundary': 7.628170069792188, 'alpha': 0.0}. Best is trial 9 with value: 0.033804003888590145.
[I 2026-03-20 02:19:49,667] Trial 14 finished with value: 0.7035431485239947 and parameters: {'sigma_noise': 0.36988194120675416, 'A_repulsion': 0.11903865346362796, 'gamma': 0.2771092698481746, 'sigma_update': 0.07209729966897048, 'eta_learning': 2.1419500086676666, 'sigma_boundary': 4.259709375672687, 'alpha': 0.0}. Best is trial 9 with value: 0.033804003888590145.
[I 2026-03-20 02:19:53,430] Trial 0 finished with value: 0.735687625158576 and parameters: {'sigma_noise': 0.2253719035911052, 'A_repulsion': 0.450660452933976, 'gamma': 0.5127490896428578, 'sigma_update': 0.6309860252029165, 'eta_learning': 0.4544610709652895, 'sigma_boundary': 5.454684306578508, 'alpha': 0.0}. Best is trial 9 with value: 0.033804003888590145.
[I 2026-03-20 02:20:10,251] Trial 11 finished with value: 0.4632234998160144 and parameters: {'sigma_noise': 0.29104762987611094, 'A_repulsion': 0.3261860233793488, 'gamma': 0.832577378486587, 'sigma_update': 0.027746865811883598, 'eta_learning': 0.22950447602096746, 'sigma_boundary': 7.320536154880173, 'alpha': 0.0}. Best is trial 9 with value: 0.033804003888590145.
[I 2026-03-20 02:20:11,331] Trial 15 finished with value: 0.7356476481464669 and parameters: {'sigma_noise': 0.40191868601575026, 'A_repulsion': 0.2418961140753067, 'gamma': 0.3286774057453786, 'sigma_update': 0.5771585487445189, 'eta_learning': 2.047032416741848, 'sigma_boundary': 9.195385871099832, 'alpha': 0.0}. Best is trial 9 with value: 0.033804003888590145.
[I 2026-03-20 02:20:17,078] Trial 16 finished with value: 0.7356476481464669 and parameters: {'sigma_noise': 0.3723532387834784, 'A_repulsion': 0.28954061095312117, 'gamma': 0.5211179606063967, 'sigma_update': 0.3375726440983215, 'eta_learning': 1.1870548540843748, 'sigma_boundary': 0.21289045763087103, 'alpha': 0.0}. Best is trial 9 with value: 0.033804003888590145.
[I 2026-03-20 02:20:23,926] Trial 8 finished with value: 0.7356476481464669 and parameters: {'sigma_noise': 0.31620931904127664, 'A_repulsion': 0.42245543314936523, 'gamma': 0.37038875393145143, 'sigma_update': 0.5925763087696636, 'eta_learning': 2.8622749438043225, 'sigma_boundary': 6.59646936655207, 'alpha': 0.0}. Best is trial 9 with value: 0.033804003888590145.
[I 2026-03-20 02:20:35,927] Trial 6 finished with value: 0.7356476481464669 and parameters: {'sigma_noise': 0.39491991173952845, 'A_repulsion': 0.38017836814724965, 'gamma': 0.11463538348465734, 'sigma_update': 0.43895329412932527, 'eta_learning': 0.4590719304726708, 'sigma_boundary': 0.5125778277675582, 'alpha': 0.0}. Best is trial 9 with value: 0.033804003888590145.
[I 2026-03-20 02:21:13,814] Trial 10 finished with value: 0.7356476481464669 and parameters: {'sigma_noise': 0.4124898154612218, 'A_repulsion': 0.42733656441329826, 'gamma': 0.027378283050699496, 'sigma_update': 0.13138661593928136, 'eta_learning': 1.3465286480597392, 'sigma_boundary': 7.989724875716249, 'alpha': 0.0}. Best is trial 9 with value: 0.033804003888590145.
[I 2026-03-20 02:21:35,047] Trial 24 finished with value: 0.7206427009117179 and parameters: {'sigma_noise': 0.2720197495429201, 'A_repulsion': 0.194340365369029, 'gamma': 0.5034556773170027, 'sigma_update': 0.3421204610668761, 'eta_learning': 1.0863356251224627, 'sigma_boundary': 7.2477346643129685, 'alpha': 0.0}. Best is trial 9 with value: 0.033804003888590145.
[I 2026-03-20 02:21:48,547] Trial 25 finished with value: 0.7347285248895585 and parameters: {'sigma_noise': 0.23949161948610115, 'A_repulsion': 0.3236660213564523, 'gamma': 0.6388131485883944, 'sigma_update': 0.4498332142133486, 'eta_learning': 0.7966667810665921, 'sigma_boundary': 3.733265124113729, 'alpha': 0.0}. Best is trial 9 with value: 0.033804003888590145.
[I 2026-03-20 02:21:59,901] Trial 34 finished with value: 0.4754478783529381 and parameters: {'sigma_noise': 0.14114617265748808, 'A_repulsion': 0.18367649733211291, 'gamma': 0.23940303651380307, 'sigma_update': 0.49403755817732026, 'eta_learning': 0.6526414438388678, 'sigma_boundary': 2.5542937313946044, 'alpha': 0.0}. Best is trial 9 with value: 0.033804003888590145.
[I 2026-03-20 02:22:06,966] Trial 26 finished with value: 0.7304101595543386 and parameters: {'sigma_noise': 0.3496534808329311, 'A_repulsion': 0.15792977408060369, 'gamma': 0.4260516888933252, 'sigma_update': 0.38006971299260056, 'eta_learning': 2.1254776698258753, 'sigma_boundary': 3.328580566670377, 'alpha': 0.0}. Best is trial 9 with value: 0.033804003888590145.
[I 2026-03-20 02:22:11,806] Trial 28 finished with value: 0.7346813688739962 and parameters: {'sigma_noise': 0.3076359743778272, 'A_repulsion': 0.22523356410064824, 'gamma': 0.6099495965565385, 'sigma_update': 0.43757181856762745, 'eta_learning': 1.7622952133756726, 'sigma_boundary': 5.850725889236356, 'alpha': 0.0}. Best is trial 9 with value: 0.033804003888590145.
[I 2026-03-20 02:22:16,720] Trial 27 finished with value: 0.734566593959785 and parameters: {'sigma_noise': 0.2691812915200171, 'A_repulsion': 0.2739403651406558, 'gamma': 0.22810335748347915, 'sigma_update': 0.5137527840260199, 'eta_learning': 1.9782472055233156, 'sigma_boundary': 2.4954438404921335, 'alpha': 0.0}. Best is trial 9 with value: 0.033804003888590145.
[I 2026-03-20 02:22:21,249] Trial 33 finished with value: 0.7048694354760107 and parameters: {'sigma_noise': 0.19784086713239074, 'A_repulsion': 0.2464895001598551, 'gamma': 0.34276241219236453, 'sigma_update': 0.4862193889270911, 'eta_learning': 2.0307273393928646, 'sigma_boundary': 4.892730223809021, 'alpha': 0.0}. Best is trial 9 with value: 0.033804003888590145.
[I 2026-03-20 02:22:21,910] Trial 30 finished with value: 0.669261757048955 and parameters: {'sigma_noise': 0.1916474120378971, 'A_repulsion': 0.262182741496404, 'gamma': 0.5674066046463424, 'sigma_update': 0.26773138823602105, 'eta_learning': 0.8381403710888852, 'sigma_boundary': 7.8408983166114465, 'alpha': 0.0}. Best is trial 9 with value: 0.033804003888590145.
[I 2026-03-20 02:22:22,301] Trial 31 finished with value: 0.6803707455366329 and parameters: {'sigma_noise': 0.2504648738197273, 'A_repulsion': 0.15897494302579218, 'gamma': 0.2381295178272655, 'sigma_update': 0.3159870671936868, 'eta_learning': 1.366963447739566, 'sigma_boundary': 6.133132199227448, 'alpha': 0.0}. Best is trial 9 with value: 0.033804003888590145.
[I 2026-03-20 02:22:29,482] Trial 37 finished with value: 0.6568474273505807 and parameters: {'sigma_noise': 0.18467461291341797, 'A_repulsion': 0.21132777539154132, 'gamma': 0.4902921040695882, 'sigma_update': 0.4009075147383617, 'eta_learning': 2.084449143554334, 'sigma_boundary': 5.100365818458607, 'alpha': 0.0}. Best is trial 9 with value: 0.033804003888590145.
[I 2026-03-20 02:22:39,943] Trial 32 finished with value: 0.7317487439106167 and parameters: {'sigma_noise': 0.29300042021769646, 'A_repulsion': 0.1921011705141805, 'gamma': 0.33329635189944573, 'sigma_update': 0.3119086736703117, 'eta_learning': 1.9673794847428219, 'sigma_boundary': 2.9187405366404655, 'alpha': 0.0}. Best is trial 9 with value: 0.033804003888590145.
[I 2026-03-20 02:22:53,199] Trial 36 finished with value: 0.7305035983239265 and parameters: {'sigma_noise': 0.2864124841794015, 'A_repulsion': 0.19176388041360323, 'gamma': 0.38353264795441294, 'sigma_update': 0.35271644365477267, 'eta_learning': 1.8895989493085736, 'sigma_boundary': 3.362471074207411, 'alpha': 0.0}. Best is trial 9 with value: 0.033804003888590145.
[I 2026-03-20 02:22:56,388] Trial 43 finished with value: 0.5709643163512321 and parameters: {'sigma_noise': 0.11753199216143262, 'A_repulsion': 0.25385214165153186, 'gamma': 0.7330057510853071, 'sigma_update': 0.3596157508583997, 'eta_learning': 1.1579696595146014, 'sigma_boundary': 3.684797384535332, 'alpha': 0.0}. Best is trial 9 with value: 0.033804003888590145.
[I 2026-03-20 02:23:08,403] Trial 29 finished with value: 0.7356476481464669 and parameters: {'sigma_noise': 0.30767997504542816, 'A_repulsion': 0.339019724672208, 'gamma': 0.3293048287625842, 'sigma_update': 0.2540258313430826, 'eta_learning': 0.8240110752911173, 'sigma_boundary': 4.541938736753616, 'alpha': 0.0}. Best is trial 9 with value: 0.033804003888590145.
[I 2026-03-20 02:23:15,090] Trial 39 finished with value: 0.7356476481464669 and parameters: {'sigma_noise': 0.27695260854506987, 'A_repulsion': 0.3023710297485997, 'gamma': 0.567621479808735, 'sigma_update': 0.34028603149511766, 'eta_learning': 2.4639408881067126, 'sigma_boundary': 5.604179485750495, 'alpha': 0.0}. Best is trial 9 with value: 0.033804003888590145.
[I 2026-03-20 02:23:18,485] Trial 42 finished with value: 0.6657500409998214 and parameters: {'sigma_noise': 0.14723414317018763, 'A_repulsion': 0.3208998599129514, 'gamma': 0.3608728651891803, 'sigma_update': 0.38459804455476115, 'eta_learning': 1.0652355954741977, 'sigma_boundary': 5.345113236375011, 'alpha': 0.0}. Best is trial 9 with value: 0.033804003888590145.
[I 2026-03-20 02:23:22,039] Trial 40 finished with value: 0.7317021702812626 and parameters: {'sigma_noise': 0.22573094892960793, 'A_repulsion': 0.2818565359972528, 'gamma': 0.5612571612663102, 'sigma_update': 0.36992868540446344, 'eta_learning': 1.3733179087926808, 'sigma_boundary': 5.948306877114712, 'alpha': 0.0}. Best is trial 9 with value: 0.033804003888590145.
[I 2026-03-20 02:23:22,860] Trial 38 finished with value: 0.7356476481464669 and parameters: {'sigma_noise': 0.35734059327361106, 'A_repulsion': 0.23590847406426085, 'gamma': 0.44893997689230347, 'sigma_update': 0.2431666023443121, 'eta_learning': 1.748828212202754, 'sigma_boundary': 5.364263303333172, 'alpha': 0.0}. Best is trial 9 with value: 0.033804003888590145.
[I 2026-03-20 02:23:34,579] Trial 44 finished with value: 0.6680536294505657 and parameters: {'sigma_noise': 0.277949171831628, 'A_repulsion': 0.1317445158345027, 'gamma': 0.731492053261637, 'sigma_update': 0.2150689638351519, 'eta_learning': 1.126160477418059, 'sigma_boundary': 3.15246401606091, 'alpha': 0.0}. Best is trial 9 with value: 0.033804003888590145.
[I 2026-03-20 02:23:42,224] Trial 45 finished with value: 0.6686722106344988 and parameters: {'sigma_noise': 0.2831607946664963, 'A_repulsion': 0.1141956419763836, 'gamma': 0.650338459926638, 'sigma_update': 0.41492591876206897, 'eta_learning': 0.9967439752096976, 'sigma_boundary': 6.329443976485286, 'alpha': 0.0}. Best is trial 9 with value: 0.033804003888590145.
[I 2026-03-20 02:23:44,980] Trial 41 finished with value: 0.7347005735834633 and parameters: {'sigma_noise': 0.33086357880680506, 'A_repulsion': 0.22326265094774933, 'gamma': 0.2598687678493193, 'sigma_update': 0.3751749982749517, 'eta_learning': 1.1363823754693372, 'sigma_boundary': 2.414688529795705, 'alpha': 0.0}. Best is trial 9 with value: 0.033804003888590145.
[I 2026-03-20 02:23:46,471] Trial 35 finished with value: 0.7356476481464669 and parameters: {'sigma_noise': 0.3851602563037941, 'A_repulsion': 0.32978585950115624, 'gamma': 0.5448549979224004, 'sigma_update': 0.5570174193703801, 'eta_learning': 1.6335015621539528, 'sigma_boundary': 7.832724346642936, 'alpha': 0.0}. Best is trial 9 with value: 0.033804003888590145.
[I 2026-03-20 02:23:56,549] Trial 46 finished with value: 0.6799396258326875 and parameters: {'sigma_noise': 0.23263565251934715, 'A_repulsion': 0.17036048197872142, 'gamma': 0.8520089492746352, 'sigma_update': 0.5097430641383006, 'eta_learning': 1.7394022601531365, 'sigma_boundary': 4.602556071134074, 'alpha': 0.0}. Best is trial 9 with value: 0.033804003888590145.
[I 2026-03-20 02:24:21,540] Trial 47 finished with value: 0.6784812524213502 and parameters: {'sigma_noise': 0.190255234978219, 'A_repulsion': 0.22806404601058272, 'gamma': 0.742472602521835, 'sigma_update': 0.21513450826828848, 'eta_learning': 1.6643172128035792, 'sigma_boundary': 3.5158967111226276, 'alpha': 0.0}. Best is trial 9 with value: 0.033804003888590145.
[I 2026-03-20 02:24:37,057] Trial 56 finished with value: 0.26334521046226045 and parameters: {'sigma_noise': 0.09666173387671745, 'A_repulsion': 0.05323697355019927, 'gamma': 0.13670734702646664, 'sigma_update': 0.3321960572317736, 'eta_learning': 1.6784965555328317, 'sigma_boundary': 5.794373191438177, 'alpha': 0.0}. Best is trial 9 with value: 0.033804003888590145.
[I 2026-03-20 02:24:52,250] Trial 50 finished with value: 0.5862780736720632 and parameters: {'sigma_noise': 0.21903257032029888, 'A_repulsion': 0.06892618651437618, 'gamma': 0.3756831256628627, 'sigma_update': 0.38534489110540937, 'eta_learning': 1.3186930402593222, 'sigma_boundary': 4.787104640663913, 'alpha': 0.0}. Best is trial 9 with value: 0.033804003888590145.
[I 2026-03-20 02:25:02,216] Trial 57 finished with value: 0.03296075357286961 and parameters: {'sigma_noise': 0.08879337575816658, 'A_repulsion': 0.283060876548044, 'gamma': 0.3714727843165776, 'sigma_update': 0.4699330054613766, 'eta_learning': 0.19922679681532993, 'sigma_boundary': 5.442154032697606, 'alpha': 0.0}. Best is trial 57 with value: 0.03296075357286961.
[I 2026-03-20 02:25:02,741] Trial 48 finished with value: 0.7347285250508035 and parameters: {'sigma_noise': 0.2362794090998982, 'A_repulsion': 0.2852674256946838, 'gamma': 0.5641690804862585, 'sigma_update': 0.28416566215403116, 'eta_learning': 1.3645045610405062, 'sigma_boundary': 2.891945393246899, 'alpha': 0.0}. Best is trial 57 with value: 0.03296075357286961.
[I 2026-03-20 02:25:10,294] Trial 59 finished with value: 0.2759755579502682 and parameters: {'sigma_noise': 0.08096884898193464, 'A_repulsion': 0.11470037213365011, 'gamma': 0.37761952966825235, 'sigma_update': 0.33746739732070324, 'eta_learning': 1.5874464472930991, 'sigma_boundary': 8.744610128549434, 'alpha': 0.0}. Best is trial 57 with value: 0.03296075357286961.
[I 2026-03-20 02:25:18,556] Trial 49 finished with value: 0.7317021702812626 and parameters: {'sigma_noise': 0.2299854498475538, 'A_repulsion': 0.28298399778173683, 'gamma': 0.3883818839783422, 'sigma_update': 0.23138418215244977, 'eta_learning': 1.367981918309507, 'sigma_boundary': 5.944889947982977, 'alpha': 0.0}. Best is trial 57 with value: 0.03296075357286961.
[I 2026-03-20 02:25:47,528] Trial 58 finished with value: 0.6643555417102944 and parameters: {'sigma_noise': 0.21516847287511098, 'A_repulsion': 0.17941973486943938, 'gamma': 0.5885214929326452, 'sigma_update': 0.3852429594636366, 'eta_learning': 1.1697577340359837, 'sigma_boundary': 3.316307451287835, 'alpha': 0.0}. Best is trial 57 with value: 0.03296075357286961.
[I 2026-03-20 02:25:56,765] Trial 53 finished with value: 0.7356476481464669 and parameters: {'sigma_noise': 0.24937520096047439, 'A_repulsion': 0.32747626765426807, 'gamma': 0.5482655807498533, 'sigma_update': 0.3445831819847883, 'eta_learning': 1.8639880907499875, 'sigma_boundary': 8.016475866006715, 'alpha': 0.0}. Best is trial 57 with value: 0.03296075357286961.
[I 2026-03-20 02:26:00,384] Trial 66 finished with value: 0.3460619475996608 and parameters: {'sigma_noise': 0.07821153917379282, 'A_repulsion': 0.20079081092556442, 'gamma': 0.25602473301300177, 'sigma_update': 0.23780610704549715, 'eta_learning': 1.1729586631221203, 'sigma_boundary': 5.723042004739704, 'alpha': 0.0}. Best is trial 57 with value: 0.03296075357286961.
[I 2026-03-20 02:26:01,883] Trial 55 finished with value: 0.7346140458301436 and parameters: {'sigma_noise': 0.27490843021412065, 'A_repulsion': 0.26774807246013743, 'gamma': 0.7485065832118406, 'sigma_update': 0.2882617594547738, 'eta_learning': 1.5907293152183362, 'sigma_boundary': 5.243743483710036, 'alpha': 0.0}. Best is trial 57 with value: 0.03296075357286961.
