[I 2026-03-20 02:40:38,740] Trial 181 finished with value: 0.03338476901051891 and parameters: {'sigma_noise': 0.10339575868442055, 'A_repulsion': 0.11912041386796451, 'gamma': 0.4862168314580669, 'sigma_update': 0.24412171520813242, 'eta_learning': 0.027141765078241537, 'sigma_boundary': 6.024847282327045, 'alpha': 0.0}. Best is trial 178 with value: 0.011460068353935777.
[I 2026-03-20 02:40:41,065] Trial 180 finished with value: 0.4756389701194531 and parameters: {'sigma_noise': 0.09983331851513087, 'A_repulsion': 0.22508001154600954, 'gamma': 0.3312196076069887, 'sigma_update': 0.15975353209788035, 'eta_learning': 1.2827652688209192, 'sigma_boundary': 6.573299353815551, 'alpha': 0.0}. Best is trial 178 with value: 0.011460068353935777.
[I 2026-03-20 02:40:42,272] Trial 179 finished with value: 0.23650076502594813 and parameters: {'sigma_noise': 0.2472473906563425, 'A_repulsion': 0.045339411448696465, 'gamma': 0.4166783494113572, 'sigma_update': 0.31418546766950833, 'eta_learning': 0.314175273512364, 'sigma_boundary': 3.5603339677982855, 'alpha': 0.0}. Best is trial 178 with value: 0.011460068353935777.
[I 2026-03-20 02:40:43,621] Trial 176 finished with value: 0.40658849266146524 and parameters: {'sigma_noise': 0.12983175528628288, 'A_repulsion': 0.3298467178052579, 'gamma': 0.35540026666426144, 'sigma_update': 0.16528913035958373, 'eta_learning': 0.4314130974106471, 'sigma_boundary': 5.5355841469800255, 'alpha': 0.0}. Best is trial 178 with value: 0.011460068353935777.
[I 2026-03-20 02:41:07,113] Trial 184 finished with value: 0.01176500518748718 and parameters: {'sigma_noise': 0.11035154139696456, 'A_repulsion': 0.1560501334663689, 'gamma': 0.2677128002463789, 'sigma_update': 0.08073276260532623, 'eta_learning': 0.06610258486390039, 'sigma_boundary': 5.925482090555765, 'alpha': 0.0}. Best is trial 178 with value: 0.011460068353935777.
[I 2026-03-20 02:41:11,448] Trial 177 finished with value: 0.7316355119306023 and parameters: {'sigma_noise': 0.2151820481678861, 'A_repulsion': 0.30570608483300904, 'gamma': 0.23217859276290415, 'sigma_update': 0.285994128944272, 'eta_learning': 1.30769382441155, 'sigma_boundary': 5.8504892794939325, 'alpha': 0.0}. Best is trial 178 with value: 0.011460068353935777.
[I 2026-03-20 02:41:11,833] Trial 187 finished with value: 0.04289885530028587 and parameters: {'sigma_noise': 0.09006874008887268, 'A_repulsion': 0.15993967195862646, 'gamma': 0.5784540923671371, 'sigma_update': 0.06529739950730534, 'eta_learning': 0.2960021908090765, 'sigma_boundary': 5.205058437092969, 'alpha': 0.0}. Best is trial 178 with value: 0.011460068353935777.
[I 2026-03-20 02:41:12,721] Trial 182 finished with value: 0.12109136472134203 and parameters: {'sigma_noise': 0.13870876165995, 'A_repulsion': 0.2433290443830074, 'gamma': 0.5313256485940153, 'sigma_update': 0.04240154063171845, 'eta_learning': 0.28196182946154214, 'sigma_boundary': 6.877795125385485, 'alpha': 0.0}. Best is trial 178 with value: 0.011460068353935777.
[I 2026-03-20 02:41:13,042] Trial 175 finished with value: 0.7356476481464669 and parameters: {'sigma_noise': 0.2624678239548823, 'A_repulsion': 0.31003437111581267, 'gamma': 0.19185320544562934, 'sigma_update': 0.3485777370572829, 'eta_learning': 1.2477594372538876, 'sigma_boundary': 0.20820567828820516, 'alpha': 0.0}. Best is trial 178 with value: 0.011460068353935777.
[I 2026-03-20 02:41:16,225] Trial 190 finished with value: 0.08616314844804632 and parameters: {'sigma_noise': 0.12675153263330646, 'A_repulsion': 0.03201755251143806, 'gamma': 0.3195150138109583, 'sigma_update': 0.4075132818572442, 'eta_learning': 0.4133055902517312, 'sigma_boundary': 3.2289667675024845, 'alpha': 0.0}. Best is trial 178 with value: 0.011460068353935777.
[I 2026-03-20 02:41:19,172] Trial 174 finished with value: 0.6254259663762848 and parameters: {'sigma_noise': 0.22912429725393452, 'A_repulsion': 0.3024952801536165, 'gamma': 0.1258603257327466, 'sigma_update': 0.022678483496934576, 'eta_learning': 0.40756162441190563, 'sigma_boundary': 6.244902051820302, 'alpha': 0.0}. Best is trial 178 with value: 0.011460068353935777.
[I 2026-03-20 02:41:19,340] Trial 185 finished with value: 0.04785730386699028 and parameters: {'sigma_noise': 0.11806208799088529, 'A_repulsion': 0.2638565085220035, 'gamma': 0.1951798082911782, 'sigma_update': 0.31510143829620735, 'eta_learning': 0.2029802100236271, 'sigma_boundary': 9.217431803364097, 'alpha': 0.0}. Best is trial 178 with value: 0.011460068353935777.
[I 2026-03-20 02:41:22,140] Trial 183 finished with value: 0.5991152544621665 and parameters: {'sigma_noise': 0.18977862454591676, 'A_repulsion': 0.1329226239356649, 'gamma': 0.6006878672853524, 'sigma_update': 0.260202920018257, 'eta_learning': 1.1831850492292968, 'sigma_boundary': 7.043696904845544, 'alpha': 0.0}. Best is trial 178 with value: 0.011460068353935777.
[I 2026-03-20 02:41:22,905] Trial 188 finished with value: 0.35577434032810556 and parameters: {'sigma_noise': 0.06737500163337487, 'A_repulsion': 0.2821628050531023, 'gamma': 0.6253527678222154, 'sigma_update': 0.32275155052791044, 'eta_learning': 0.9608692879983188, 'sigma_boundary': 6.310583119685366, 'alpha': 0.0}. Best is trial 178 with value: 0.011460068353935777.
[I 2026-03-20 02:41:25,519] Trial 186 finished with value: 0.5155883745917528 and parameters: {'sigma_noise': 0.09382625980129684, 'A_repulsion': 0.29508862821548537, 'gamma': 0.4616818484767889, 'sigma_update': 0.2551326157821314, 'eta_learning': 1.0958588975546373, 'sigma_boundary': 2.333037406506938, 'alpha': 0.0}. Best is trial 178 with value: 0.011460068353935777.
[I 2026-03-20 02:41:34,979] Trial 189 finished with value: 0.4030586050343295 and parameters: {'sigma_noise': 0.1780583735829006, 'A_repulsion': 0.2528041520449019, 'gamma': 0.7382452552184181, 'sigma_update': 0.15106646004562835, 'eta_learning': 0.3668869318267617, 'sigma_boundary': 4.500859884615112, 'alpha': 0.0}. Best is trial 178 with value: 0.011460068353935777.
[I 2026-03-20 02:41:35,434] Trial 194 finished with value: 0.03613706100400676 and parameters: {'sigma_noise': 0.060815545548458576, 'A_repulsion': 0.15688784400708433, 'gamma': 0.381558744405049, 'sigma_update': 0.2267058368638557, 'eta_learning': 0.3807015401022028, 'sigma_boundary': 8.368012613278148, 'alpha': 0.0}. Best is trial 178 with value: 0.011460068353935777.
[I 2026-03-20 02:41:38,052] Trial 192 finished with value: 0.014238609478713676 and parameters: {'sigma_noise': 0.15050966832668589, 'A_repulsion': 0.026275573910662542, 'gamma': 0.5156148141739608, 'sigma_update': 0.19714607479482707, 'eta_learning': 0.08549109381869838, 'sigma_boundary': 3.2604310950724846, 'alpha': 0.0}. Best is trial 178 with value: 0.011460068353935777.
[I 2026-03-20 02:41:45,458] Trial 191 finished with value: 0.6646112083099015 and parameters: {'sigma_noise': 0.1892502358646183, 'A_repulsion': 0.24538696524234216, 'gamma': 0.42614747708033784, 'sigma_update': 0.31284211247573707, 'eta_learning': 0.8373850945452708, 'sigma_boundary': 4.638853464367786, 'alpha': 0.0}. Best is trial 178 with value: 0.011460068353935777.
[I 2026-03-20 02:41:48,380] Trial 196 finished with value: 0.37481824210408976 and parameters: {'sigma_noise': 0.14064064326817993, 'A_repulsion': 0.24889453210511595, 'gamma': 0.5722914038417478, 'sigma_update': 0.07189415130536647, 'eta_learning': 0.39915980827290176, 'sigma_boundary': 1.4192254914696363, 'alpha': 0.0}. Best is trial 178 with value: 0.011460068353935777.
[I 2026-03-20 02:41:48,470] Trial 198 finished with value: 0.014457870747031514 and parameters: {'sigma_noise': 0.07583221072516125, 'A_repulsion': 0.13608602338629083, 'gamma': 0.18380821755426469, 'sigma_update': 0.21759944443008597, 'eta_learning': 0.09581423381421872, 'sigma_boundary': 4.185163511480823, 'alpha': 0.0}. Best is trial 178 with value: 0.011460068353935777.
[I 2026-03-20 02:41:49,536] Trial 197 finished with value: 0.5925628096276588 and parameters: {'sigma_noise': 0.11934737919623435, 'A_repulsion': 0.2946138202726753, 'gamma': 0.39269038847473264, 'sigma_update': 0.1054504265840215, 'eta_learning': 1.308128012788826, 'sigma_boundary': 5.622592225846876, 'alpha': 0.0}. Best is trial 178 with value: 0.011460068353935777.
[I 2026-03-20 02:41:50,563] Trial 193 finished with value: 0.6871068708615683 and parameters: {'sigma_noise': 0.23197115615075148, 'A_repulsion': 0.19026100543554497, 'gamma': 0.37137568130349763, 'sigma_update': 0.5088635437398044, 'eta_learning': 0.8468119989886127, 'sigma_boundary': 3.170119337358767, 'alpha': 0.0}. Best is trial 178 with value: 0.011460068353935777.
[I 2026-03-20 02:41:50,636] Trial 195 finished with value: 0.37953411601715675 and parameters: {'sigma_noise': 0.1980785196041423, 'A_repulsion': 0.22863304322572997, 'gamma': 0.75960360818594, 'sigma_update': 0.14740528699887376, 'eta_learning': 0.33869625518424273, 'sigma_boundary': 6.077593069444422, 'alpha': 0.0}. Best is trial 178 with value: 0.011460068353935777.
[I 2026-03-20 02:41:52,166] Trial 199 finished with value: 0.6491413151792338 and parameters: {'sigma_noise': 0.13798868371878137, 'A_repulsion': 0.26987429822709474, 'gamma': 0.60223341936563, 'sigma_update': 0.12640513714580792, 'eta_learning': 1.628919628030567, 'sigma_boundary': 3.1061070519414695, 'alpha': 0.0}. Best is trial 178 with value: 0.011460068353935777.
