[I 2026-03-24 03:19:53,385] Trial 112 finished with value: 0.01302150250177821 and parameters: {'sigma_noise': 0.11639032666197784, 'A_repulsion': 0.08305973701162661, 'gamma': 0.8540231368813269, 'sigma_update': 0.08138721283656236, 'eta_learning': 0.14027090949520216, 'sigma_boundary': 8.738370334669185, 'alpha': 0.07920307616771094}. Best is trial 112 with value: 0.01302150250177821.
[I 2026-03-24 03:21:09,667] Trial 113 finished with value: 0.01751432814362409 and parameters: {'sigma_noise': 0.11297469244994408, 'A_repulsion': 0.08312046163480699, 'gamma': 0.9096114688939293, 'sigma_update': 0.07986326988240995, 'eta_learning': 0.049947621658094875, 'sigma_boundary': 7.158909330840018, 'alpha': 0.07892888596963114}. Best is trial 112 with value: 0.01302150250177821.
[I 2026-03-24 03:22:18,210] Trial 114 finished with value: 0.015010437000943842 and parameters: {'sigma_noise': 0.1327274717922017, 'A_repulsion': 0.07980205224635809, 'gamma': 0.6863696290512395, 'sigma_update': 0.061304905434987525, 'eta_learning': 0.054664417398264616, 'sigma_boundary': 7.009947424593862, 'alpha': 0.07428567675820522}. Best is trial 112 with value: 0.01302150250177821.
[I 2026-03-24 03:22:53,747] Trial 115 finished with value: 0.015474329253385943 and parameters: {'sigma_noise': 0.1319210175303732, 'A_repulsion': 0.09441131005165557, 'gamma': 0.8793043729270718, 'sigma_update': 0.06750907266967054, 'eta_learning': 0.054183496243109114, 'sigma_boundary': 9.420007815080572, 'alpha': 0.07746828916581219}. Best is trial 112 with value: 0.01302150250177821.
[I 2026-03-24 03:23:32,262] Trial 117 finished with value: 0.013472676172488663 and parameters: {'sigma_noise': 0.11905446233610806, 'A_repulsion': 0.08361562179299534, 'gamma': 0.8495776112938257, 'sigma_update': 0.07449953914562985, 'eta_learning': 0.13765725287783248, 'sigma_boundary': 6.959645803438551, 'alpha': 0.07704834397502774}. Best is trial 112 with value: 0.01302150250177821.
[I 2026-03-24 03:23:40,769] Trial 116 finished with value: 0.018627051942894993 and parameters: {'sigma_noise': 0.12954267623691645, 'A_repulsion': 0.08195930366490826, 'gamma': 0.9114451076014666, 'sigma_update': 0.07624481172832237, 'eta_learning': 0.1767842729329189, 'sigma_boundary': 7.1966353373442455, 'alpha': 0.07398279345542662}. Best is trial 112 with value: 0.01302150250177821.
[I 2026-03-24 03:24:29,772] Trial 118 finished with value: 0.017526929408267305 and parameters: {'sigma_noise': 0.12088747509319325, 'A_repulsion': 0.09071465165491366, 'gamma': 0.9263788190232831, 'sigma_update': 0.05979518519348165, 'eta_learning': 0.18197461541840915, 'sigma_boundary': 9.281643786414016, 'alpha': 0.30243468055125705}. Best is trial 112 with value: 0.01302150250177821.
[I 2026-03-24 03:25:17,774] Trial 119 finished with value: 0.01735606849064482 and parameters: {'sigma_noise': 0.12134981519842353, 'A_repulsion': 0.09978141978842323, 'gamma': 0.6980332509818911, 'sigma_update': 0.06044315461144735, 'eta_learning': 0.17655899542150597, 'sigma_boundary': 7.1941344933580345, 'alpha': 0.07311397177699641}. Best is trial 112 with value: 0.01302150250177821.
[I 2026-03-24 03:25:51,580] Trial 120 finished with value: 0.017348665693952044 and parameters: {'sigma_noise': 0.1200197705085626, 'A_repulsion': 0.08720397665430543, 'gamma': 0.9161507028858868, 'sigma_update': 0.055399684493289844, 'eta_learning': 0.1763576170127031, 'sigma_boundary': 7.319002835693184, 'alpha': 0.07701015822856794}. Best is trial 112 with value: 0.01302150250177821.
[I 2026-03-24 03:26:28,017] Trial 121 finished with value: 0.01719905527998441 and parameters: {'sigma_noise': 0.11428648946681934, 'A_repulsion': 0.02047448767141983, 'gamma': 0.7036580132802535, 'sigma_update': 0.05840537194543408, 'eta_learning': 0.17851511699419176, 'sigma_boundary': 7.310606545136703, 'alpha': 0.2893893998500992}. Best is trial 112 with value: 0.01302150250177821.
[I 2026-03-24 03:28:11,162] Trial 122 finished with value: 0.021640686500536847 and parameters: {'sigma_noise': 0.13092984692354961, 'A_repulsion': 0.09789071153940332, 'gamma': 0.703824628530719, 'sigma_update': 0.0707184056040798, 'eta_learning': 0.17841468902313806, 'sigma_boundary': 7.111352808648862, 'alpha': 0.05146870473890611}. Best is trial 112 with value: 0.01302150250177821.
[I 2026-03-24 03:28:16,321] Trial 123 finished with value: 0.01797637321768673 and parameters: {'sigma_noise': 0.11895756153289445, 'A_repulsion': 0.08619421220261211, 'gamma': 0.5467772525444311, 'sigma_update': 0.0661894770875098, 'eta_learning': 0.042698495201360404, 'sigma_boundary': 7.263693475029107, 'alpha': 0.0755439037518572}. Best is trial 112 with value: 0.01302150250177821.
[I 2026-03-24 03:28:17,431] Trial 125 finished with value: 0.017397870763377704 and parameters: {'sigma_noise': 0.12263666422180966, 'A_repulsion': 0.09522721936366355, 'gamma': 0.7100460492345139, 'sigma_update': 0.34110006090599615, 'eta_learning': 0.04160561471145012, 'sigma_boundary': 6.987482108104155, 'alpha': 0.07761308754250729}. Best is trial 112 with value: 0.01302150250177821.
[I 2026-03-24 03:28:19,817] Trial 109 finished with value: 0.05995410316534891 and parameters: {'sigma_noise': 0.22549392661704284, 'A_repulsion': 0.49879738703680054, 'gamma': 0.9249476439608993, 'sigma_update': 0.07455192688544582, 'eta_learning': 0.13882396690996496, 'sigma_boundary': 9.278517797740443, 'alpha': 0.2901881797279805}. Best is trial 112 with value: 0.01302150250177821.
[I 2026-03-24 03:28:21,617] Trial 127 finished with value: 0.01513498056176477 and parameters: {'sigma_noise': 0.12042321088645493, 'A_repulsion': 0.020374335990913407, 'gamma': 0.5457032655997045, 'sigma_update': 0.052905107685035355, 'eta_learning': 0.053957078041276016, 'sigma_boundary': 7.249102564985205, 'alpha': 0.07343237528150796}. Best is trial 112 with value: 0.01302150250177821.
[I 2026-03-24 03:28:32,789] Trial 124 finished with value: 0.017878887713102157 and parameters: {'sigma_noise': 0.11376219599246756, 'A_repulsion': 0.09234826815932747, 'gamma': 0.7054634088826514, 'sigma_update': 0.06337514699853865, 'eta_learning': 0.05116746591116576, 'sigma_boundary': 7.4100812845637245, 'alpha': 0.07942784573603792}. Best is trial 112 with value: 0.01302150250177821.
[I 2026-03-24 03:28:42,806] Trial 128 finished with value: 0.015609191760655193 and parameters: {'sigma_noise': 0.11967072371513329, 'A_repulsion': 0.01721049890739904, 'gamma': 0.7108995859146491, 'sigma_update': 0.05721101936911016, 'eta_learning': 0.051126298559262665, 'sigma_boundary': 7.319776368539795, 'alpha': 0.0775714020858772}. Best is trial 112 with value: 0.01302150250177821.
[I 2026-03-24 03:29:04,665] Trial 130 finished with value: 0.02222311124732005 and parameters: {'sigma_noise': 0.11669921522548958, 'A_repulsion': 0.02350745385323091, 'gamma': 0.7119427667115066, 'sigma_update': 0.05498095982677835, 'eta_learning': 0.05447458861767957, 'sigma_boundary': 6.928406521007019, 'alpha': 0.25650319577884084}. Best is trial 112 with value: 0.01302150250177821.
[I 2026-03-24 03:29:06,117] Trial 129 finished with value: 0.020504496429797014 and parameters: {'sigma_noise': 0.1320628409284897, 'A_repulsion': 0.019705248849952527, 'gamma': 0.7065502066940486, 'sigma_update': 0.057431967679187616, 'eta_learning': 0.05234579329757192, 'sigma_boundary': 7.357888394269484, 'alpha': 0.2577778123852697}. Best is trial 112 with value: 0.01302150250177821.
[I 2026-03-24 03:29:11,586] Trial 132 finished with value: 0.017982536028348598 and parameters: {'sigma_noise': 0.11878952840048707, 'A_repulsion': 0.02091099665938827, 'gamma': 0.5407519486598179, 'sigma_update': 0.048452010650463284, 'eta_learning': 0.15599592500376358, 'sigma_boundary': 7.155499885213784, 'alpha': 0.2551383106095461}. Best is trial 112 with value: 0.01302150250177821.
[I 2026-03-24 03:29:15,928] Trial 126 finished with value: 0.025446459833871907 and parameters: {'sigma_noise': 0.12024712837039404, 'A_repulsion': 0.09873440264313865, 'gamma': 0.7102749510059491, 'sigma_update': 0.055265023294863325, 'eta_learning': 0.05132347940462119, 'sigma_boundary': 7.318550033279381, 'alpha': 0.25931097706751705}. Best is trial 112 with value: 0.01302150250177821.
[I 2026-03-24 03:29:26,127] Trial 134 finished with value: 0.016149797473419356 and parameters: {'sigma_noise': 0.12950705781307362, 'A_repulsion': 0.021954912377993407, 'gamma': 0.7119257248811957, 'sigma_update': 0.24726195521658595, 'eta_learning': 0.0874033846931934, 'sigma_boundary': 7.064187820366402, 'alpha': 0.2543141765472537}. Best is trial 112 with value: 0.01302150250177821.
[I 2026-03-24 03:29:30,726] Trial 131 finished with value: 0.019979089750419184 and parameters: {'sigma_noise': 0.13174039425921075, 'A_repulsion': 0.021236528701759697, 'gamma': 0.7138366449127008, 'sigma_update': 0.05651681059227638, 'eta_learning': 0.05512396555460916, 'sigma_boundary': 7.274809450332533, 'alpha': 0.2590510795423153}. Best is trial 112 with value: 0.01302150250177821.
[I 2026-03-24 03:29:32,099] Trial 133 finished with value: 0.01768114801597557 and parameters: {'sigma_noise': 0.11818716222445633, 'A_repulsion': 0.018131045354651935, 'gamma': 0.5505262680854187, 'sigma_update': 0.04557954700488687, 'eta_learning': 0.15667613029310984, 'sigma_boundary': 7.198153237475607, 'alpha': 0.2582873494221284}. Best is trial 112 with value: 0.01302150250177821.
[I 2026-03-24 03:30:10,681] Trial 135 finished with value: 0.020800027964435547 and parameters: {'sigma_noise': 0.1289646917339901, 'A_repulsion': 0.017921023680396067, 'gamma': 0.8718572724417881, 'sigma_update': 0.05667192252455826, 'eta_learning': 0.05569108876812322, 'sigma_boundary': 7.447402430712071, 'alpha': 0.261159604874428}. Best is trial 112 with value: 0.01302150250177821.
[I 2026-03-24 03:31:49,479] Trial 136 finished with value: 0.018061871525099648 and parameters: {'sigma_noise': 0.12867035850718217, 'A_repulsion': 0.0237172909962231, 'gamma': 0.7002962137319457, 'sigma_update': 0.049660509722537306, 'eta_learning': 0.0886583852931688, 'sigma_boundary': 9.614400577150587, 'alpha': 0.2559210275580258}. Best is trial 112 with value: 0.01302150250177821.
[I 2026-03-24 03:32:31,296] Trial 137 finished with value: 0.015502192734319091 and parameters: {'sigma_noise': 0.12361337593137936, 'A_repulsion': 0.019179505332467043, 'gamma': 0.7131224233005639, 'sigma_update': 0.048024112492036614, 'eta_learning': 0.1560900776017276, 'sigma_boundary': 9.602479769576968, 'alpha': 0.006098538013490043}. Best is trial 112 with value: 0.01302150250177821.
[I 2026-03-24 03:33:28,809] Trial 138 finished with value: 0.01389323615746819 and parameters: {'sigma_noise': 0.12111349957569557, 'A_repulsion': 0.025390570741530262, 'gamma': 0.7030132569070894, 'sigma_update': 0.04377088315248638, 'eta_learning': 0.15714982345428316, 'sigma_boundary': 9.61627217751862, 'alpha': 0.040380956607933796}. Best is trial 112 with value: 0.01302150250177821.
[I 2026-03-24 03:33:49,887] Trial 140 finished with value: 0.015511371068855409 and parameters: {'sigma_noise': 0.11978936709123159, 'A_repulsion': 0.021694389624582137, 'gamma': 0.8570782162811477, 'sigma_update': 0.05464928531133344, 'eta_learning': 0.15682206942145988, 'sigma_boundary': 7.704470817692469, 'alpha': 0.008203043116360081}. Best is trial 112 with value: 0.01302150250177821.
[I 2026-03-24 03:33:57,424] Trial 139 finished with value: 0.012935223343270253 and parameters: {'sigma_noise': 0.12122422362751872, 'A_repulsion': 0.022977114439972565, 'gamma': 0.541824171159054, 'sigma_update': 0.04688665912772088, 'eta_learning': 0.12776003363320598, 'sigma_boundary': 7.687092861472369, 'alpha': 0.009174188601958733}. Best is trial 139 with value: 0.012935223343270253.
[I 2026-03-24 03:34:39,637] Trial 141 finished with value: 0.016126925237107223 and parameters: {'sigma_noise': 0.12319627903458548, 'A_repulsion': 0.021593400683305713, 'gamma': 0.8460941071925935, 'sigma_update': 0.3465277264731774, 'eta_learning': 0.15762542796489962, 'sigma_boundary': 7.725793750129996, 'alpha': 0.007959939281448558}. Best is trial 139 with value: 0.012935223343270253.
[I 2026-03-24 03:36:12,952] Trial 142 finished with value: 0.015088699529915693 and parameters: {'sigma_noise': 0.17368009425684544, 'A_repulsion': 0.02842151054399949, 'gamma': 0.4827133541263797, 'sigma_update': 0.3335440689783754, 'eta_learning': 0.07764694466398338, 'sigma_boundary': 6.441589674051433, 'alpha': 0.032396631433956616}. Best is trial 139 with value: 0.012935223343270253.
[I 2026-03-24 03:37:10,301] Trial 143 finished with value: 0.021692514103646983 and parameters: {'sigma_noise': 0.1740694776361854, 'A_repulsion': 0.017768933906224447, 'gamma': 0.5464949662487926, 'sigma_update': 0.043675424625892856, 'eta_learning': 0.12658073864539424, 'sigma_boundary': 7.722257579816345, 'alpha': 0.0022896418124748324}. Best is trial 139 with value: 0.012935223343270253.
[I 2026-03-24 03:38:06,795] Trial 144 finished with value: 0.012096906817453656 and parameters: {'sigma_noise': 0.17327646814809064, 'A_repulsion': 0.019305061440465378, 'gamma': 0.8532809159245484, 'sigma_update': 0.04695139367782086, 'eta_learning': 0.15602948821974486, 'sigma_boundary': 7.922300964944352, 'alpha': 0.2556245859253515}. Best is trial 144 with value: 0.012096906817453656.
[I 2026-03-24 03:39:00,429] Trial 146 finished with value: 0.01752677808400261 and parameters: {'sigma_noise': 0.17401379533004271, 'A_repulsion': 0.019258104121884778, 'gamma': 0.8453035992012188, 'sigma_update': 0.32993185407699754, 'eta_learning': 0.12849850002810068, 'sigma_boundary': 9.607978740735204, 'alpha': 0.5100942161123125}. Best is trial 144 with value: 0.012096906817453656.
[I 2026-03-24 03:39:13,680] Trial 147 finished with value: 0.01999437685743767 and parameters: {'sigma_noise': 0.17452508838913872, 'A_repulsion': 0.023953227659320155, 'gamma': 0.495407546304364, 'sigma_update': 0.15957710375297468, 'eta_learning': 0.12730195662922725, 'sigma_boundary': 8.945832262697675, 'alpha': 0.022558774448712016}. Best is trial 144 with value: 0.012096906817453656.
[I 2026-03-24 03:39:28,276] Trial 148 finished with value: 0.026959806091398253 and parameters: {'sigma_noise': 0.17169032397693526, 'A_repulsion': 0.02209953405167603, 'gamma': 0.8530511288318704, 'sigma_update': 0.03918837875302826, 'eta_learning': 0.15649280151593395, 'sigma_boundary': 8.938996843797073, 'alpha': 0.007597382843922557}. Best is trial 144 with value: 0.012096906817453656.
[I 2026-03-24 03:39:32,673] Trial 145 finished with value: 0.02788301708475866 and parameters: {'sigma_noise': 0.1742364778305306, 'A_repulsion': 0.02070532823965407, 'gamma': 0.8624983950336133, 'sigma_update': 0.040958392959848926, 'eta_learning': 0.1583458358880078, 'sigma_boundary': 8.906572258296332, 'alpha': 0.008306831029264466}. Best is trial 144 with value: 0.012096906817453656.
[I 2026-03-24 03:39:46,771] Trial 154 finished with value: 0.01427534266470439 and parameters: {'sigma_noise': 0.15793904042808976, 'A_repulsion': 0.03375256259380635, 'gamma': 0.8557950351915655, 'sigma_update': 0.24200239539432525, 'eta_learning': 0.07797614417140322, 'sigma_boundary': 9.551461224262713, 'alpha': 0.18354424593147464}. Best is trial 144 with value: 0.012096906817453656.
[I 2026-03-24 03:40:08,219] Trial 153 finished with value: 0.015921753103574392 and parameters: {'sigma_noise': 0.10385651629901185, 'A_repulsion': 0.11039789844717288, 'gamma': 0.8512254532410191, 'sigma_update': 0.030078440583134483, 'eta_learning': 0.14355490192660775, 'sigma_boundary': 7.991968260105157, 'alpha': 0.00391253670170183}. Best is trial 144 with value: 0.012096906817453656.
[I 2026-03-24 03:40:18,384] Trial 151 finished with value: 0.012334074570594308 and parameters: {'sigma_noise': 0.1711407745322523, 'A_repulsion': 0.03375882392583901, 'gamma': 0.8364652340902328, 'sigma_update': 0.04035068267562762, 'eta_learning': 0.15706250726096516, 'sigma_boundary': 7.689169734938768, 'alpha': 0.26214199078725253}. Best is trial 144 with value: 0.012096906817453656.
[I 2026-03-24 03:40:23,205] Trial 156 finished with value: 0.0218300284666332 and parameters: {'sigma_noise': 0.1728969707681794, 'A_repulsion': 0.034190815550695655, 'gamma': 0.7779032218236317, 'sigma_update': 0.1600586469047388, 'eta_learning': 0.1250747750452895, 'sigma_boundary': 7.73321656905092, 'alpha': 0.0049567628582734835}. Best is trial 144 with value: 0.012096906817453656.
[I 2026-03-24 03:40:30,783] Trial 155 finished with value: 0.014821997787851633 and parameters: {'sigma_noise': 0.17423099057936736, 'A_repulsion': 0.0348843700552425, 'gamma': 0.8600043874570398, 'sigma_update': 0.16059456475889555, 'eta_learning': 0.07794732575463148, 'sigma_boundary': 8.972022797925606, 'alpha': 0.01288386565399427}. Best is trial 144 with value: 0.012096906817453656.
[I 2026-03-24 03:40:37,727] Trial 158 finished with value: 0.020868410528998394 and parameters: {'sigma_noise': 0.1761795901593348, 'A_repulsion': 0.03387632774199599, 'gamma': 0.8409014759011723, 'sigma_update': 0.14069238391316607, 'eta_learning': 0.12630813381104433, 'sigma_boundary': 9.640210526983063, 'alpha': 0.015033673880517726}. Best is trial 144 with value: 0.012096906817453656.
[I 2026-03-24 03:41:00,105] Trial 157 finished with value: 0.014436651582334988 and parameters: {'sigma_noise': 0.1734836137676036, 'A_repulsion': 0.03204974253157076, 'gamma': 0.7828805626266372, 'sigma_update': 0.029965913225464186, 'eta_learning': 0.07719539574905646, 'sigma_boundary': 9.590488323375553, 'alpha': 0.026060638141765083}. Best is trial 144 with value: 0.012096906817453656.
[I 2026-03-24 03:41:18,073] Trial 150 finished with value: 0.030520725291695413 and parameters: {'sigma_noise': 0.174102556397377, 'A_repulsion': 0.10999761377821266, 'gamma': 0.8648848282620161, 'sigma_update': 0.0387295180066668, 'eta_learning': 0.1291074075985078, 'sigma_boundary': 6.374852469255056, 'alpha': 0.022992169115739897}. Best is trial 144 with value: 0.012096906817453656.
[I 2026-03-24 03:41:35,070] Trial 152 finished with value: 0.020068904746616933 and parameters: {'sigma_noise': 0.17410301820692167, 'A_repulsion': 0.11172092193793366, 'gamma': 0.8499068294814125, 'sigma_update': 0.042546396663780454, 'eta_learning': 0.08703962741452408, 'sigma_boundary': 7.797098794287679, 'alpha': 0.01700709905391714}. Best is trial 144 with value: 0.012096906817453656.
[I 2026-03-24 03:41:35,485] Trial 159 finished with value: 0.019255344875880757 and parameters: {'sigma_noise': 0.1766487441498958, 'A_repulsion': 0.044396248656545415, 'gamma': 0.790509662687327, 'sigma_update': 0.15545927336316695, 'eta_learning': 0.1270016068519376, 'sigma_boundary': 7.773465615184496, 'alpha': 0.5072182144731225}. Best is trial 144 with value: 0.012096906817453656.
[I 2026-03-24 03:41:47,675] Trial 149 finished with value: 0.018487357225866124 and parameters: {'sigma_noise': 0.17610596894863415, 'A_repulsion': 0.16587234139208318, 'gamma': 0.8373402939873699, 'sigma_update': 0.03617937436903255, 'eta_learning': 0.15777904142063015, 'sigma_boundary': 7.7788949380808985, 'alpha': 0.45817473355119187}. Best is trial 144 with value: 0.012096906817453656.
[I 2026-03-24 03:41:56,317] Trial 160 finished with value: 0.013392439377038136 and parameters: {'sigma_noise': 0.1016750848615953, 'A_repulsion': 0.041914953085294825, 'gamma': 0.8374385463835958, 'sigma_update': 0.1597766253936252, 'eta_learning': 0.07866850329059483, 'sigma_boundary': 7.764910717527712, 'alpha': 0.03478690533651525}. Best is trial 144 with value: 0.012096906817453656.
[I 2026-03-24 03:43:40,298] Trial 161 finished with value: 0.013016240278462888 and parameters: {'sigma_noise': 0.15405711165946423, 'A_repulsion': 0.04164849589887717, 'gamma': 0.8601172334849015, 'sigma_update': 0.03250881815278231, 'eta_learning': 0.07675384198241866, 'sigma_boundary': 7.679157421189425, 'alpha': 0.026729606962175766}. Best is trial 144 with value: 0.012096906817453656.
[I 2026-03-24 03:44:29,887] Trial 162 finished with value: 0.020589331177005715 and parameters: {'sigma_noise': 0.17365215892338218, 'A_repulsion': 0.03749673078617623, 'gamma': 0.8424307846512702, 'sigma_update': 0.4002996563699838, 'eta_learning': 0.1289557976014846, 'sigma_boundary': 7.718640702367758, 'alpha': 0.0377510648434775}. Best is trial 144 with value: 0.012096906817453656.
[I 2026-03-24 03:44:44,417] Trial 165 finished with value: 0.012529020470884347 and parameters: {'sigma_noise': 0.0999261905677334, 'A_repulsion': 0.04095588378089554, 'gamma': 0.6363001275016396, 'sigma_update': 0.030125086452838193, 'eta_learning': 0.1297568542234321, 'sigma_boundary': 8.015932573497507, 'alpha': 0.03654009880285209}. Best is trial 144 with value: 0.012096906817453656.
[I 2026-03-24 03:45:39,887] Trial 163 finished with value: 0.02230175523771623 and parameters: {'sigma_noise': 0.17141323943934916, 'A_repulsion': 0.04182401795747332, 'gamma': 0.8416043563495036, 'sigma_update': 0.029878149247054633, 'eta_learning': 0.12921866599433865, 'sigma_boundary': 6.4160822711107635, 'alpha': 0.031029898143745745}. Best is trial 144 with value: 0.012096906817453656.
[I 2026-03-24 03:46:00,128] Trial 164 finished with value: 0.03824118250791166 and parameters: {'sigma_noise': 0.17350115186100248, 'A_repulsion': 0.04119697331645584, 'gamma': 0.6389014446377203, 'sigma_update': 0.030805834467588403, 'eta_learning': 0.13124559235216843, 'sigma_boundary': 7.940132819322468, 'alpha': 0.5283218118471349}. Best is trial 144 with value: 0.012096906817453656.
[I 2026-03-24 03:46:17,428] Trial 166 finished with value: 0.01228485240557274 and parameters: {'sigma_noise': 0.10208581267534009, 'A_repulsion': 0.03303992568819185, 'gamma': 0.6362731347414671, 'sigma_update': 0.029745052284868068, 'eta_learning': 0.1300892616360096, 'sigma_boundary': 8.952478975936732, 'alpha': 0.03821133158833444}. Best is trial 144 with value: 0.012096906817453656.
