[I 2026-03-24 02:54:57,919] Trial 51 finished with value: 0.029823146248473813 and parameters: {'sigma_noise': 0.16464059431641798, 'A_repulsion': 0.2803379270920065, 'gamma': 0.772203432025896, 'sigma_update': 0.48529428255086954, 'eta_learning': 0.19923872638145626, 'sigma_boundary': 9.746330748779092, 'alpha': 0.23468977258425264}. Best is trial 36 with value: 0.013287643747194397.
[I 2026-03-24 02:55:23,645] Trial 56 finished with value: 0.023024280660461596 and parameters: {'sigma_noise': 0.1879412648952098, 'A_repulsion': 0.0022293015891544517, 'gamma': 0.7306628845521865, 'sigma_update': 0.013403242996911882, 'eta_learning': 0.19241415445473772, 'sigma_boundary': 9.904899161781257, 'alpha': 0.19522166205155855}. Best is trial 36 with value: 0.013287643747194397.
[I 2026-03-24 02:55:36,067] Trial 57 finished with value: 0.014571075360485129 and parameters: {'sigma_noise': 0.1893999241546844, 'A_repulsion': 0.004387011314948869, 'gamma': 0.7594047278619218, 'sigma_update': 0.015387356634480445, 'eta_learning': 0.14805742860026427, 'sigma_boundary': 9.40693385287304, 'alpha': 0.37465084611543364}. Best is trial 36 with value: 0.013287643747194397.
[I 2026-03-24 02:55:58,006] Trial 58 finished with value: 0.015797145293359297 and parameters: {'sigma_noise': 0.1897150072665091, 'A_repulsion': 0.011946024933565717, 'gamma': 0.736438124922002, 'sigma_update': 0.011052760833861572, 'eta_learning': 0.0896818547680995, 'sigma_boundary': 9.79791545954051, 'alpha': 0.3657009438361044}. Best is trial 36 with value: 0.013287643747194397.
[I 2026-03-24 02:56:19,090] Trial 60 finished with value: 0.014595559286011129 and parameters: {'sigma_noise': 0.20314692211782015, 'A_repulsion': 0.029763837116085937, 'gamma': 0.7979163115786427, 'sigma_update': 0.19678357457449008, 'eta_learning': 0.08186693334242659, 'sigma_boundary': 9.894658944961039, 'alpha': 0.16036731542069438}. Best is trial 36 with value: 0.013287643747194397.
[I 2026-03-24 02:56:26,615] Trial 59 finished with value: 0.017417161550903556 and parameters: {'sigma_noise': 0.20262143830320295, 'A_repulsion': 0.02755019755362717, 'gamma': 0.7524897210016142, 'sigma_update': 0.01664902338442764, 'eta_learning': 0.08182962028263394, 'sigma_boundary': 9.969463374746658, 'alpha': 0.3625780817154873}. Best is trial 36 with value: 0.013287643747194397.
[I 2026-03-24 02:57:39,868] Trial 64 finished with value: 0.01678564585045407 and parameters: {'sigma_noise': 0.20325054348160768, 'A_repulsion': 0.03608497121195577, 'gamma': 0.807125995907639, 'sigma_update': 0.14102182872232624, 'eta_learning': 0.1493431766088549, 'sigma_boundary': 3.5858060279072523, 'alpha': 0.2092136350434591}. Best is trial 36 with value: 0.013287643747194397.
[I 2026-03-24 02:57:55,014] Trial 61 finished with value: 0.02001145148008392 and parameters: {'sigma_noise': 0.2051103847668164, 'A_repulsion': 0.11980522724337406, 'gamma': 0.802269082883917, 'sigma_update': 0.20252601588616925, 'eta_learning': 0.1160596074325053, 'sigma_boundary': 9.866083037035748, 'alpha': 0.16707801158379348}. Best is trial 36 with value: 0.013287643747194397.
[I 2026-03-24 02:58:11,717] Trial 65 finished with value: 0.01787756053854717 and parameters: {'sigma_noise': 0.2015951482386254, 'A_repulsion': 0.04015233412151539, 'gamma': 0.7995666274327907, 'sigma_update': 0.14348722050136326, 'eta_learning': 0.1504450329671208, 'sigma_boundary': 9.052300230537528, 'alpha': 0.17652144449523136}. Best is trial 36 with value: 0.013287643747194397.
[I 2026-03-24 02:58:33,813] Trial 63 finished with value: 0.02198917102653632 and parameters: {'sigma_noise': 0.2063069305106145, 'A_repulsion': 0.12797644245048942, 'gamma': 0.8219529788924459, 'sigma_update': 0.17593113294731344, 'eta_learning': 0.08189777291719653, 'sigma_boundary': 9.986815321855172, 'alpha': 0.41352515153650415}. Best is trial 36 with value: 0.013287643747194397.
[I 2026-03-24 02:58:47,746] Trial 62 finished with value: 0.034844590962436056 and parameters: {'sigma_noise': 0.20789283145523602, 'A_repulsion': 0.1336141164314821, 'gamma': 0.7092237451246264, 'sigma_update': 0.014321843978942358, 'eta_learning': 0.1458315611010896, 'sigma_boundary': 9.42448838664717, 'alpha': 0.16844722181056915}. Best is trial 36 with value: 0.013287643747194397.
[I 2026-03-24 02:58:56,134] Trial 66 finished with value: 0.018992004154669753 and parameters: {'sigma_noise': 0.21353649014882956, 'A_repulsion': 0.039693257836028145, 'gamma': 0.7801387456162322, 'sigma_update': 0.1284337125848676, 'eta_learning': 0.15463007176265098, 'sigma_boundary': 4.893288975683511, 'alpha': 0.20596810588805708}. Best is trial 36 with value: 0.013287643747194397.
[I 2026-03-24 03:00:56,017] Trial 68 finished with value: 0.017214714187568567 and parameters: {'sigma_noise': 0.2088555006714457, 'A_repulsion': 0.03740322467123064, 'gamma': 0.5716576378984469, 'sigma_update': 0.1282420684409655, 'eta_learning': 0.15042511685338794, 'sigma_boundary': 3.6721869727219087, 'alpha': 0.21719111749480025}. Best is trial 36 with value: 0.013287643747194397.
[I 2026-03-24 03:01:19,998] Trial 67 finished with value: 0.028147094316862697 and parameters: {'sigma_noise': 0.20667501301481728, 'A_repulsion': 0.13425400331557644, 'gamma': 0.7995332013225929, 'sigma_update': 0.14751488696848333, 'eta_learning': 0.15025607972841437, 'sigma_boundary': 5.035971386073504, 'alpha': 0.15648297196769304}. Best is trial 36 with value: 0.013287643747194397.
[I 2026-03-24 03:01:46,828] Trial 71 finished with value: 0.021465784907878285 and parameters: {'sigma_noise': 0.21543127231275389, 'A_repulsion': 0.05220880838384509, 'gamma': 0.5784057108623624, 'sigma_update': 0.13067524299050773, 'eta_learning': 0.15056477407941912, 'sigma_boundary': 5.181880974104916, 'alpha': 0.18245849812814777}. Best is trial 36 with value: 0.013287643747194397.
[I 2026-03-24 03:02:06,189] Trial 69 finished with value: 0.02481934018655862 and parameters: {'sigma_noise': 0.21368245444177555, 'A_repulsion': 0.129743564466058, 'gamma': 0.5846533006359954, 'sigma_update': 0.21575672375607816, 'eta_learning': 0.1493561441156913, 'sigma_boundary': 4.929779420401886, 'alpha': 0.2162204302777977}. Best is trial 36 with value: 0.013287643747194397.
[I 2026-03-24 03:02:33,543] Trial 70 finished with value: 0.02596262026744044 and parameters: {'sigma_noise': 0.20431528402728366, 'A_repulsion': 0.13349517842643968, 'gamma': 0.5823293395346468, 'sigma_update': 0.11952509435612954, 'eta_learning': 0.15157707377957305, 'sigma_boundary': 5.01073549402936, 'alpha': 0.16222430640202948}. Best is trial 36 with value: 0.013287643747194397.
[I 2026-03-24 03:03:45,564] Trial 72 finished with value: 0.020225514948921025 and parameters: {'sigma_noise': 0.20873561254073209, 'A_repulsion': 0.12902953450694915, 'gamma': 0.5790667869243824, 'sigma_update': 0.22424039012171101, 'eta_learning': 0.07130795056162506, 'sigma_boundary': 4.885192098622741, 'alpha': 0.1286837070151342}. Best is trial 36 with value: 0.013287643747194397.
[I 2026-03-24 03:03:46,641] Trial 73 finished with value: 0.01566531091306846 and parameters: {'sigma_noise': 0.2073982377365171, 'A_repulsion': 0.05460545667294624, 'gamma': 0.8230952464285233, 'sigma_update': 0.11863634766557096, 'eta_learning': 0.08087327995475241, 'sigma_boundary': 5.0179432933954455, 'alpha': 0.14523443422804794}. Best is trial 36 with value: 0.013287643747194397.
[I 2026-03-24 03:04:58,486] Trial 74 finished with value: 0.02639248604483466 and parameters: {'sigma_noise': 0.20434686914994377, 'A_repulsion': 0.05719327205567523, 'gamma': 0.6602528555393672, 'sigma_update': 0.11255671609872445, 'eta_learning': 0.1640433998861171, 'sigma_boundary': 2.3741057280407665, 'alpha': 0.14703087157517733}. Best is trial 36 with value: 0.013287643747194397.
[I 2026-03-24 03:05:40,849] Trial 75 finished with value: 0.02594528410631482 and parameters: {'sigma_noise': 0.20560978422043763, 'A_repulsion': 0.051390682799784385, 'gamma': 0.6534628926850994, 'sigma_update': 0.12363059152657752, 'eta_learning': 0.166867371016551, 'sigma_boundary': 4.752871054901755, 'alpha': 0.14027975874307336}. Best is trial 36 with value: 0.013287643747194397.
[I 2026-03-24 03:06:19,737] Trial 76 finished with value: 0.03252053829689055 and parameters: {'sigma_noise': 0.2096054777536653, 'A_repulsion': 0.05320499140148517, 'gamma': 0.6582684985370234, 'sigma_update': 0.11016246471222338, 'eta_learning': 0.16011631649547983, 'sigma_boundary': 4.748502993151912, 'alpha': 0.10125969225709622}. Best is trial 36 with value: 0.013287643747194397.
[I 2026-03-24 03:06:29,074] Trial 78 finished with value: 0.02481594373460115 and parameters: {'sigma_noise': 0.20591114370414315, 'A_repulsion': 0.05184018506908536, 'gamma': 0.6507567695513988, 'sigma_update': 0.12502412412689862, 'eta_learning': 0.14621291877432274, 'sigma_boundary': 4.639877720166792, 'alpha': 0.12403153723951373}. Best is trial 36 with value: 0.013287643747194397.
[I 2026-03-24 03:06:42,694] Trial 77 finished with value: 0.029738402514658226 and parameters: {'sigma_noise': 0.21324538577101904, 'A_repulsion': 0.0540649802964898, 'gamma': 0.6359895035163545, 'sigma_update': 0.12151125738780254, 'eta_learning': 0.16485660354946233, 'sigma_boundary': 4.793544633588858, 'alpha': 0.1305605641830257}. Best is trial 36 with value: 0.013287643747194397.
[I 2026-03-24 03:06:43,155] Trial 83 finished with value: 0.01318326649010005 and parameters: {'sigma_noise': 0.14304203494791506, 'A_repulsion': 0.05903128638620743, 'gamma': 0.8345993535278127, 'sigma_update': 0.11581683023598613, 'eta_learning': 0.16181000073030757, 'sigma_boundary': 8.211820547157657, 'alpha': 0.1446925346019896}. Best is trial 83 with value: 0.01318326649010005.
[I 2026-03-24 03:06:57,841] Trial 79 finished with value: 0.030244297018042706 and parameters: {'sigma_noise': 0.20714444944155058, 'A_repulsion': 0.05482704262334052, 'gamma': 0.6324072904543422, 'sigma_update': 0.11423425691885743, 'eta_learning': 0.161175264289233, 'sigma_boundary': 4.700195123075115, 'alpha': 0.11334185407332656}. Best is trial 83 with value: 0.01318326649010005.
[I 2026-03-24 03:07:11,609] Trial 80 finished with value: 0.029370138916151037 and parameters: {'sigma_noise': 0.2055189463590839, 'A_repulsion': 0.06308738532129576, 'gamma': 0.6542619331285094, 'sigma_update': 0.11660528972237562, 'eta_learning': 0.16506301625893646, 'sigma_boundary': 4.691901931564615, 'alpha': 0.12326111100718765}. Best is trial 83 with value: 0.01318326649010005.
[I 2026-03-24 03:07:44,751] Trial 81 finished with value: 0.026028566917452416 and parameters: {'sigma_noise': 0.20840892530592345, 'A_repulsion': 0.05571984963981311, 'gamma': 0.8279411544494619, 'sigma_update': 0.11602978289506787, 'eta_learning': 0.16549790150115357, 'sigma_boundary': 8.113720411972272, 'alpha': 0.14550231580420037}. Best is trial 83 with value: 0.01318326649010005.
[I 2026-03-24 03:08:00,019] Trial 82 finished with value: 0.016621345480047425 and parameters: {'sigma_noise': 0.21603529345700667, 'A_repulsion': 0.05504899356828963, 'gamma': 0.8256860702106811, 'sigma_update': 0.11895281722936257, 'eta_learning': 0.07325603122785589, 'sigma_boundary': 8.433933333114833, 'alpha': 0.1290011553738929}. Best is trial 83 with value: 0.01318326649010005.
[I 2026-03-24 03:08:13,603] Trial 84 finished with value: 0.024275869896500032 and parameters: {'sigma_noise': 0.20950405984038548, 'A_repulsion': 0.05269429084677014, 'gamma': 0.5928682041530428, 'sigma_update': 0.12174093549420405, 'eta_learning': 0.16378555277983597, 'sigma_boundary': 8.357460472552376, 'alpha': 0.1382931334692356}. Best is trial 83 with value: 0.01318326649010005.
[I 2026-03-24 03:08:27,166] Trial 85 finished with value: 0.01599178724726005 and parameters: {'sigma_noise': 0.14358572002067224, 'A_repulsion': 0.062036702298860213, 'gamma': 0.603839781039836, 'sigma_update': 0.11144990969092425, 'eta_learning': 0.06037433275136461, 'sigma_boundary': 8.70875785531516, 'alpha': 0.14396116362781766}. Best is trial 83 with value: 0.01318326649010005.
[I 2026-03-24 03:08:31,388] Trial 86 finished with value: 0.014766468464234867 and parameters: {'sigma_noise': 0.13899556242484606, 'A_repulsion': 0.06127188048783799, 'gamma': 0.6803704805423917, 'sigma_update': 0.11270992377157539, 'eta_learning': 0.07268034301284579, 'sigma_boundary': 8.421573623379558, 'alpha': 0.13420831176947756}. Best is trial 83 with value: 0.01318326649010005.
[I 2026-03-24 03:08:44,039] Trial 87 finished with value: 0.014433753708933515 and parameters: {'sigma_noise': 0.14500227134797858, 'A_repulsion': 0.0593505730328037, 'gamma': 0.6758029639110696, 'sigma_update': 0.11242885869182062, 'eta_learning': 0.07161440498909606, 'sigma_boundary': 8.534307351992043, 'alpha': 0.1324051838924803}. Best is trial 83 with value: 0.01318326649010005.
[I 2026-03-24 03:09:35,953] Trial 89 finished with value: 0.014439704024158145 and parameters: {'sigma_noise': 0.14595576392503315, 'A_repulsion': 0.06277380485351614, 'gamma': 0.6762209381608628, 'sigma_update': 0.10457988920753863, 'eta_learning': 0.06907192216453334, 'sigma_boundary': 8.296184487823922, 'alpha': 0.11977251180774771}. Best is trial 83 with value: 0.01318326649010005.
[I 2026-03-24 03:10:37,176] Trial 88 finished with value: 0.01671177556662833 and parameters: {'sigma_noise': 0.21520229647977876, 'A_repulsion': 0.058203989234942445, 'gamma': 0.6191381610885265, 'sigma_update': 0.11460891353085996, 'eta_learning': 0.06729281789978848, 'sigma_boundary': 8.450892381157072, 'alpha': 0.12688132080761505}. Best is trial 83 with value: 0.01318326649010005.
[I 2026-03-24 03:11:25,104] Trial 90 finished with value: 0.018693452338230963 and parameters: {'sigma_noise': 0.2307709515172749, 'A_repulsion': 0.060056883171861516, 'gamma': 0.6098531146242955, 'sigma_update': 0.08560987579695367, 'eta_learning': 0.07036931257380538, 'sigma_boundary': 7.947887597226364, 'alpha': 0.11305299073237111}. Best is trial 83 with value: 0.01318326649010005.
[I 2026-03-24 03:11:55,288] Trial 92 finished with value: 0.015005609654242498 and parameters: {'sigma_noise': 0.14097740239213158, 'A_repulsion': 0.0607713474289486, 'gamma': 0.6086774502699488, 'sigma_update': 0.08601890170822386, 'eta_learning': 0.06974889826907386, 'sigma_boundary': 8.387247107770579, 'alpha': 0.12321996433822828}. Best is trial 83 with value: 0.01318326649010005.
[I 2026-03-24 03:12:45,397] Trial 93 finished with value: 0.015476148500721185 and parameters: {'sigma_noise': 0.14724015601389254, 'A_repulsion': 0.06296554712278468, 'gamma': 0.6683088792755579, 'sigma_update': 0.09503130229401732, 'eta_learning': 0.05788215940296283, 'sigma_boundary': 7.958013528876643, 'alpha': 0.11605384235928698}. Best is trial 83 with value: 0.01318326649010005.
[I 2026-03-24 03:12:50,674] Trial 94 finished with value: 0.013806423441640363 and parameters: {'sigma_noise': 0.14592285740035324, 'A_repulsion': 0.06263670240865897, 'gamma': 0.6500104685522518, 'sigma_update': 0.11493087615969223, 'eta_learning': 0.07129129305320067, 'sigma_boundary': 8.31160019129545, 'alpha': 0.11560211586136582}. Best is trial 83 with value: 0.01318326649010005.
[I 2026-03-24 03:13:30,315] Trial 91 finished with value: 0.01834489068367196 and parameters: {'sigma_noise': 0.22560581232936922, 'A_repulsion': 0.07427728177326702, 'gamma': 0.6743577926562423, 'sigma_update': 0.1081666551915661, 'eta_learning': 0.07155233672378115, 'sigma_boundary': 8.457465851126337, 'alpha': 0.12286351572934649}. Best is trial 83 with value: 0.01318326649010005.
[I 2026-03-24 03:14:07,576] Trial 97 finished with value: 0.013078551681392974 and parameters: {'sigma_noise': 0.11836865076259269, 'A_repulsion': 0.06620714614537125, 'gamma': 0.6426259368679452, 'sigma_update': 0.08601780025497754, 'eta_learning': 0.16459614338943718, 'sigma_boundary': 8.514710835953785, 'alpha': 0.11282142814532897}. Best is trial 97 with value: 0.013078551681392974.
[I 2026-03-24 03:15:02,299] Trial 95 finished with value: 0.03897567104966417 and parameters: {'sigma_noise': 0.22592180789890298, 'A_repulsion': 0.06858377546039007, 'gamma': 0.6745473809314146, 'sigma_update': 0.09585104505787367, 'eta_learning': 0.16398428201566498, 'sigma_boundary': 8.29053428529441, 'alpha': 0.10722373738015088}. Best is trial 97 with value: 0.013078551681392974.
[I 2026-03-24 03:16:28,503] Trial 96 finished with value: 0.040114093546030946 and parameters: {'sigma_noise': 0.22639399211198324, 'A_repulsion': 0.06532714459742654, 'gamma': 0.6724217782489796, 'sigma_update': 0.08723065446926084, 'eta_learning': 0.17088226754401564, 'sigma_boundary': 8.483151295486671, 'alpha': 0.11301932355224419}. Best is trial 97 with value: 0.013078551681392974.
[I 2026-03-24 03:17:05,836] Trial 100 finished with value: 0.018485634563932103 and parameters: {'sigma_noise': 0.14237644840271463, 'A_repulsion': 0.07333963339695118, 'gamma': 0.9416242834586094, 'sigma_update': 0.08337934608397823, 'eta_learning': 0.14028695099138974, 'sigma_boundary': 8.657316978978065, 'alpha': 0.2907505443830111}. Best is trial 97 with value: 0.013078551681392974.
[I 2026-03-24 03:17:33,683] Trial 103 finished with value: 0.01988339027540908 and parameters: {'sigma_noise': 0.1461605331568678, 'A_repulsion': 0.07420749773535633, 'gamma': 0.9330947859553275, 'sigma_update': 0.07481315992510074, 'eta_learning': 0.1744606007663021, 'sigma_boundary': 8.45084294157633, 'alpha': 0.08378879270129477}. Best is trial 97 with value: 0.013078551681392974.
[I 2026-03-24 03:17:36,169] Trial 102 finished with value: 0.016707115822650952 and parameters: {'sigma_noise': 0.13927054209693077, 'A_repulsion': 0.07365390332915413, 'gamma': 0.6803065746390711, 'sigma_update': 0.07948161653472077, 'eta_learning': 0.1763069757178008, 'sigma_boundary': 8.560139628200346, 'alpha': 0.2899799247901702}. Best is trial 97 with value: 0.013078551681392974.
[I 2026-03-24 03:17:43,085] Trial 101 finished with value: 0.01514689916944715 and parameters: {'sigma_noise': 0.14320568432300762, 'A_repulsion': 0.08276542054865386, 'gamma': 0.8534894509451585, 'sigma_update': 0.07371226479170101, 'eta_learning': 0.17899788935801622, 'sigma_boundary': 8.406872195417833, 'alpha': 0.2948221340915782}. Best is trial 97 with value: 0.013078551681392974.
[I 2026-03-24 03:17:54,711] Trial 98 finished with value: 0.018120974085715797 and parameters: {'sigma_noise': 0.22918597213976472, 'A_repulsion': 0.07478594693817044, 'gamma': 0.6272585538346894, 'sigma_update': 0.07791687380738599, 'eta_learning': 0.16333680458342054, 'sigma_boundary': 8.684733989372354, 'alpha': 0.30712351418944794}. Best is trial 97 with value: 0.013078551681392974.
[I 2026-03-24 03:18:02,983] Trial 104 finished with value: 0.015548407571840629 and parameters: {'sigma_noise': 0.14058307023756675, 'A_repulsion': 0.0775179792809161, 'gamma': 0.924023487157186, 'sigma_update': 0.06968980624104588, 'eta_learning': 0.1769784071890465, 'sigma_boundary': 9.301207617430016, 'alpha': 0.3040727599430212}. Best is trial 97 with value: 0.013078551681392974.
[I 2026-03-24 03:18:37,900] Trial 105 finished with value: 0.01617897007349647 and parameters: {'sigma_noise': 0.15324380433284587, 'A_repulsion': 0.09386511768823065, 'gamma': 0.9388524261380422, 'sigma_update': 0.07519002544614077, 'eta_learning': 0.1388839057137554, 'sigma_boundary': 8.260941381353195, 'alpha': 0.2967012853807446}. Best is trial 97 with value: 0.013078551681392974.
[I 2026-03-24 03:18:41,300] Trial 99 finished with value: 0.035317991843046674 and parameters: {'sigma_noise': 0.22741970547597795, 'A_repulsion': 0.07759595095395916, 'gamma': 0.6183096332509562, 'sigma_update': 0.07519728015184092, 'eta_learning': 0.13891055228705043, 'sigma_boundary': 8.4853289367247, 'alpha': 0.09205338072989785}. Best is trial 97 with value: 0.013078551681392974.
[I 2026-03-24 03:18:50,308] Trial 106 finished with value: 0.018006030445078848 and parameters: {'sigma_noise': 0.14387358488360058, 'A_repulsion': 0.07729582629682442, 'gamma': 0.6923907269726368, 'sigma_update': 0.07468356870513031, 'eta_learning': 0.13946385206029052, 'sigma_boundary': 8.775572572208922, 'alpha': 0.2963748242275793}. Best is trial 97 with value: 0.013078551681392974.
[I 2026-03-24 03:19:04,206] Trial 108 finished with value: 0.014816501564958985 and parameters: {'sigma_noise': 0.1464073781893286, 'A_repulsion': 0.07961943863992231, 'gamma': 0.9228708549367886, 'sigma_update': 0.07676272800847816, 'eta_learning': 0.1782366564275902, 'sigma_boundary': 8.787441333794224, 'alpha': 0.29671656344007336}. Best is trial 97 with value: 0.013078551681392974.
[I 2026-03-24 03:19:05,838] Trial 107 finished with value: 0.015823436654139583 and parameters: {'sigma_noise': 0.14259278151293375, 'A_repulsion': 0.07232131178291297, 'gamma': 0.8976945214870561, 'sigma_update': 0.060461352307494776, 'eta_learning': 0.13814466765905897, 'sigma_boundary': 8.48044964143448, 'alpha': 0.30260016164085846}. Best is trial 97 with value: 0.013078551681392974.
[I 2026-03-24 03:19:22,480] Trial 110 finished with value: 0.01788857530423473 and parameters: {'sigma_noise': 0.14550391719073857, 'A_repulsion': 0.07820344410109721, 'gamma': 0.9340354827249849, 'sigma_update': 0.07670513104535812, 'eta_learning': 0.13894743423755435, 'sigma_boundary': 9.400740250516343, 'alpha': 0.30100295405646776}. Best is trial 97 with value: 0.013078551681392974.
[I 2026-03-24 03:19:25,735] Trial 111 finished with value: 0.017943329755044406 and parameters: {'sigma_noise': 0.11502278215516501, 'A_repulsion': 0.08149586648213508, 'gamma': 0.9110326332939095, 'sigma_update': 0.0761629841852783, 'eta_learning': 0.04780752033077935, 'sigma_boundary': 9.287637592610654, 'alpha': 0.07155623589413596}. Best is trial 97 with value: 0.013078551681392974.
