[I 2026-03-24 03:47:24,128] Trial 167 finished with value: 0.012514828974154265 and parameters: {'sigma_noise': 0.10046867934852907, 'A_repulsion': 0.033540206105871315, 'gamma': 0.7883154227278014, 'sigma_update': 0.025124476430975956, 'eta_learning': 0.13304647299409536, 'sigma_boundary': 8.886578547296345, 'alpha': 0.03560305721869271}. Best is trial 144 with value: 0.012096906817453656.
[I 2026-03-24 03:48:30,872] Trial 168 finished with value: 0.04395603446026865 and parameters: {'sigma_noise': 0.10344617339112937, 'A_repulsion': 0.04012670208748176, 'gamma': 0.6417657288636816, 'sigma_update': 0.029720285081643684, 'eta_learning': 0.13214606783346086, 'sigma_boundary': 8.029062464961365, 'alpha': 0.5493851681400547}. Best is trial 144 with value: 0.012096906817453656.
[I 2026-03-24 03:49:20,636] Trial 171 finished with value: 0.012969073254454124 and parameters: {'sigma_noise': 0.09969193207178334, 'A_repulsion': 0.04187801990475434, 'gamma': 0.6317793819087449, 'sigma_update': 0.10262024198208551, 'eta_learning': 0.13155950423422075, 'sigma_boundary': 8.004179674333693, 'alpha': 0.04177058838323837}. Best is trial 144 with value: 0.012096906817453656.
[I 2026-03-24 03:49:21,079] Trial 169 finished with value: 0.015471345950115433 and parameters: {'sigma_noise': 0.09634918209167186, 'A_repulsion': 0.042504497815864066, 'gamma': 0.2526652340913549, 'sigma_update': 0.033391628519322994, 'eta_learning': 0.06383040049236116, 'sigma_boundary': 7.9886210492698, 'alpha': 0.02997749250015324}. Best is trial 144 with value: 0.012096906817453656.
[I 2026-03-24 03:49:34,979] Trial 172 finished with value: 0.01145822835428813 and parameters: {'sigma_noise': 0.10548374172290235, 'A_repulsion': 0.03992470650061458, 'gamma': 0.6398753363022546, 'sigma_update': 0.09728915889570261, 'eta_learning': 0.10959336549926474, 'sigma_boundary': 8.038562150585317, 'alpha': 0.043985912600411}. Best is trial 172 with value: 0.01145822835428813.
[I 2026-03-24 03:49:39,213] Trial 173 finished with value: 0.013100812130359345 and parameters: {'sigma_noise': 0.09456484844051191, 'A_repulsion': 0.0372323734800251, 'gamma': 0.8916284048198827, 'sigma_update': 0.10157001758577455, 'eta_learning': 0.1222046692895416, 'sigma_boundary': 7.951742376205119, 'alpha': 0.046566082796571096}. Best is trial 172 with value: 0.01145822835428813.
[I 2026-03-24 03:49:39,622] Trial 170 finished with value: 0.013581378310040785 and parameters: {'sigma_noise': 0.10666703748990389, 'A_repulsion': 0.044585712686713574, 'gamma': 0.639604490778986, 'sigma_update': 0.3783230998505904, 'eta_learning': 0.06438920231491001, 'sigma_boundary': 8.119389418570623, 'alpha': 0.04137947771786936}. Best is trial 172 with value: 0.01145822835428813.
[I 2026-03-24 03:50:09,243] Trial 176 finished with value: 0.01324150149426631 and parameters: {'sigma_noise': 0.09521469252431027, 'A_repulsion': 0.0437009365535036, 'gamma': 0.6322291160493668, 'sigma_update': 0.10322651519193769, 'eta_learning': 0.10911947038907097, 'sigma_boundary': 8.121652185786825, 'alpha': 0.040852367357254143}. Best is trial 172 with value: 0.01145822835428813.
[I 2026-03-24 03:50:31,555] Trial 179 finished with value: 0.015017918034181416 and parameters: {'sigma_noise': 0.09140637947554972, 'A_repulsion': 0.04244690846608302, 'gamma': 0.6403722450120782, 'sigma_update': 0.29845275019841083, 'eta_learning': 0.16987136431408523, 'sigma_boundary': 3.3769078809149313, 'alpha': 0.04641763310730064}. Best is trial 172 with value: 0.01145822835428813.
[I 2026-03-24 03:50:58,188] Trial 175 finished with value: 0.022022663017388193 and parameters: {'sigma_noise': 0.1541440336584456, 'A_repulsion': 0.04195395268035533, 'gamma': 0.7833088375886337, 'sigma_update': 0.10010554800186945, 'eta_learning': 0.1692902665137516, 'sigma_boundary': 8.085097137818602, 'alpha': 0.04439979841304703}. Best is trial 172 with value: 0.01145822835428813.
[I 2026-03-24 03:50:59,610] Trial 174 finished with value: 0.01612441416304481 and parameters: {'sigma_noise': 0.1531381658760181, 'A_repulsion': 0.039048307255565524, 'gamma': 0.6376087343020747, 'sigma_update': 0.09947745811221054, 'eta_learning': 0.06332085695097703, 'sigma_boundary': 8.092644203693858, 'alpha': 0.1880509926481894}. Best is trial 172 with value: 0.01145822835428813.
[I 2026-03-24 03:51:11,074] Trial 182 finished with value: 0.015417700897137449 and parameters: {'sigma_noise': 0.09394953694259175, 'A_repulsion': 0.04206729370521393, 'gamma': 0.8879346124507029, 'sigma_update': 0.36428518336248844, 'eta_learning': 0.1686003332667085, 'sigma_boundary': 3.3990338393416946, 'alpha': 0.23535943106478402}. Best is trial 172 with value: 0.01145822835428813.
[I 2026-03-24 03:51:19,518] Trial 177 finished with value: 0.016202491740973053 and parameters: {'sigma_noise': 0.15542056765769152, 'A_repulsion': 0.04111110666989269, 'gamma': 0.6377279879445099, 'sigma_update': 0.3057822923800482, 'eta_learning': 0.16923803456519593, 'sigma_boundary': 8.127154971364542, 'alpha': 0.18276097483638604}. Best is trial 172 with value: 0.01145822835428813.
[I 2026-03-24 03:51:23,311] Trial 178 finished with value: 0.01290456834511939 and parameters: {'sigma_noise': 0.15292264133079544, 'A_repulsion': 0.04259805640007734, 'gamma': 0.6409303409775113, 'sigma_update': 0.10016078432891667, 'eta_learning': 0.06426135614701703, 'sigma_boundary': 8.078576901795, 'alpha': 0.04882150852027561}. Best is trial 172 with value: 0.01145822835428813.
[I 2026-03-24 03:51:35,315] Trial 184 finished with value: 0.013271913198784397 and parameters: {'sigma_noise': 0.09562408958103069, 'A_repulsion': 0.04283071639500179, 'gamma': 0.8131741820884366, 'sigma_update': 0.09774197509915611, 'eta_learning': 0.16880439225065702, 'sigma_boundary': 8.110121362949423, 'alpha': 0.05261207096464414}. Best is trial 172 with value: 0.01145822835428813.
[I 2026-03-24 03:52:03,944] Trial 180 finished with value: 0.014406210886065758 and parameters: {'sigma_noise': 0.15521712168237747, 'A_repulsion': 0.041928970417561655, 'gamma': 0.8847913669082872, 'sigma_update': 0.36444045873544145, 'eta_learning': 0.06448449909480646, 'sigma_boundary': 3.305852133330236, 'alpha': 0.038762312658592854}. Best is trial 172 with value: 0.01145822835428813.
[I 2026-03-24 03:52:12,991] Trial 181 finished with value: 0.016343700169082022 and parameters: {'sigma_noise': 0.15449940289886427, 'A_repulsion': 0.04371549436132405, 'gamma': 0.7895832137648355, 'sigma_update': 0.09722442939716208, 'eta_learning': 0.1336456329162387, 'sigma_boundary': 8.122914652521974, 'alpha': 0.04732159531686679}. Best is trial 172 with value: 0.01145822835428813.
[I 2026-03-24 03:52:15,503] Trial 183 finished with value: 0.02975075577341404 and parameters: {'sigma_noise': 0.15653203060214815, 'A_repulsion': 0.04196260574450368, 'gamma': 0.8921403252611222, 'sigma_update': 0.3704107964334041, 'eta_learning': 0.17098056864701652, 'sigma_boundary': 3.2402776600375742, 'alpha': 0.043709188775996735}. Best is trial 172 with value: 0.01145822835428813.
[I 2026-03-24 03:53:23,628] Trial 186 finished with value: 0.014022785482874498 and parameters: {'sigma_noise': 0.09375268369535789, 'A_repulsion': 0.042381469329802676, 'gamma': 0.8119854376756438, 'sigma_update': 0.36260293688657297, 'eta_learning': 0.16920228323152214, 'sigma_boundary': 8.096835331564188, 'alpha': 0.047785639793367016}. Best is trial 172 with value: 0.01145822835428813.
[I 2026-03-24 03:53:34,925] Trial 185 finished with value: 0.021867904139199465 and parameters: {'sigma_noise': 0.1534265855857351, 'A_repulsion': 0.0428786619854905, 'gamma': 0.8892524316254455, 'sigma_update': 0.09888353561348691, 'eta_learning': 0.17025048975158869, 'sigma_boundary': 8.111191317026071, 'alpha': 0.048868597178188505}. Best is trial 172 with value: 0.01145822835428813.
[I 2026-03-24 03:53:36,466] Trial 187 finished with value: 0.013247610621477031 and parameters: {'sigma_noise': 0.09446030706630107, 'A_repulsion': 0.04449774426495561, 'gamma': 0.8863733131177703, 'sigma_update': 0.09615625781027519, 'eta_learning': 0.11181193843070927, 'sigma_boundary': 8.068922068846073, 'alpha': 0.048179938966640946}. Best is trial 172 with value: 0.01145822835428813.
[I 2026-03-24 03:53:59,422] Trial 189 finished with value: 0.022469639275837328 and parameters: {'sigma_noise': 0.09731475346644004, 'A_repulsion': 3.6803784819685985e-05, 'gamma': 0.8894429333933289, 'sigma_update': 0.09817409535142296, 'eta_learning': 0.16938930282319345, 'sigma_boundary': 8.074805613298626, 'alpha': 0.22818772804644558}. Best is trial 172 with value: 0.01145822835428813.
[I 2026-03-24 03:54:09,283] Trial 190 finished with value: 0.012999034195371217 and parameters: {'sigma_noise': 0.09208505444237672, 'A_repulsion': 0.007971404109062299, 'gamma': 0.8909715164728426, 'sigma_update': 0.09335744075931754, 'eta_learning': 0.11070363765579622, 'sigma_boundary': 3.404086800890748, 'alpha': 0.050455966439706415}. Best is trial 172 with value: 0.01145822835428813.
[I 2026-03-24 03:54:15,945] Trial 188 finished with value: 0.015480714251392896 and parameters: {'sigma_noise': 0.09687015439218233, 'A_repulsion': 0.04377025367536211, 'gamma': 0.8908856242097818, 'sigma_update': 0.019992581951488293, 'eta_learning': 0.06354825819027336, 'sigma_boundary': 8.02113664019171, 'alpha': 0.05352548614453867}. Best is trial 172 with value: 0.01145822835428813.
[I 2026-03-24 03:54:46,970] Trial 191 finished with value: 0.012461552237002764 and parameters: {'sigma_noise': 0.09528804662169336, 'A_repulsion': 0.00833247260141324, 'gamma': 0.8215850979732511, 'sigma_update': 0.01687759801845265, 'eta_learning': 0.12227214023442512, 'sigma_boundary': 8.1498513625517, 'alpha': 0.052675494863880006}. Best is trial 172 with value: 0.01145822835428813.
[I 2026-03-24 03:55:12,912] Trial 194 finished with value: 0.01405131315883265 and parameters: {'sigma_noise': 0.08428033690590266, 'A_repulsion': 0.04608202307333643, 'gamma': 0.8164056147602803, 'sigma_update': 0.36564116632916477, 'eta_learning': 0.11089121170023333, 'sigma_boundary': 8.213116997954037, 'alpha': 0.050170986725819156}. Best is trial 172 with value: 0.01145822835428813.
[I 2026-03-24 03:55:13,411] Trial 192 finished with value: 0.012612040941661375 and parameters: {'sigma_noise': 0.09278600774699065, 'A_repulsion': 0.046710555572181886, 'gamma': 0.8879773495924658, 'sigma_update': 0.010373503377080436, 'eta_learning': 0.1212744334617902, 'sigma_boundary': 3.2535374071493983, 'alpha': 0.05285478328827917}. Best is trial 172 with value: 0.01145822835428813.
[I 2026-03-24 03:55:16,625] Trial 197 finished with value: 0.014518512261329613 and parameters: {'sigma_noise': 0.07964964086066471, 'A_repulsion': 0.0475764731649972, 'gamma': 0.8948576643119107, 'sigma_update': 0.3618942930757232, 'eta_learning': 0.11442705539113002, 'sigma_boundary': 8.14811339117732, 'alpha': 0.05333643345291744}. Best is trial 172 with value: 0.01145822835428813.
[I 2026-03-24 03:55:17,360] Trial 193 finished with value: 0.013464571690235195 and parameters: {'sigma_noise': 0.09371014934184942, 'A_repulsion': 0.04732373454145748, 'gamma': 0.8891753726939384, 'sigma_update': 0.09783311905970161, 'eta_learning': 0.12025372811891884, 'sigma_boundary': 8.15727582421989, 'alpha': 0.05639056647422783}. Best is trial 172 with value: 0.01145822835428813.
[I 2026-03-24 03:55:19,170] Trial 195 finished with value: 0.013017843661609192 and parameters: {'sigma_noise': 0.08826920171435301, 'A_repulsion': 0.04837885401437406, 'gamma': 0.8119530435406107, 'sigma_update': 0.2923131974362997, 'eta_learning': 0.11585479788508352, 'sigma_boundary': 2.3796514160309186, 'alpha': 0.04639268098756436}. Best is trial 172 with value: 0.01145822835428813.
[I 2026-03-24 03:55:21,991] Trial 196 finished with value: 0.016707218541737925 and parameters: {'sigma_noise': 0.08187566023652802, 'A_repulsion': 0.04744284176242446, 'gamma': 0.4553649371371514, 'sigma_update': 0.011972171981253818, 'eta_learning': 0.12048438647017384, 'sigma_boundary': 8.168106196018561, 'alpha': 0.09555040153051465}. Best is trial 172 with value: 0.01145822835428813.
[I 2026-03-24 03:55:23,423] Trial 199 finished with value: 0.01598077187673612 and parameters: {'sigma_noise': 0.07929255268913071, 'A_repulsion': 0.046987686111477, 'gamma': 0.8881295850496385, 'sigma_update': 0.09573289812315766, 'eta_learning': 0.11053080331395918, 'sigma_boundary': 8.084558344826075, 'alpha': 0.05617374407962576}. Best is trial 172 with value: 0.01145822835428813.
[I 2026-03-24 03:55:23,604] Trial 198 finished with value: 0.014294227792593128 and parameters: {'sigma_noise': 0.09111133493334354, 'A_repulsion': 0.048859730749507224, 'gamma': 0.9972601166506223, 'sigma_update': 0.13495955137332674, 'eta_learning': 0.10797734654249241, 'sigma_boundary': 8.162910822182235, 'alpha': 0.05306398820139638}. Best is trial 172 with value: 0.01145822835428813.
