/nfs/nhome/live/apourdehghan/Hybrid_hpc_utils.py:56: DtypeWarning: Columns (16) have mixed types. Specify dtype option on import or set low_memory=False.
  data = pd.read_csv(data_path)
[I 2026-03-24 02:20:25,972] A new study created in memory with name: no-name-ae207b0e-a6ab-4fad-a06f-3695e520ac3d
[I 2026-03-24 02:29:45,446] Trial 6 finished with value: 0.03188380169791142 and parameters: {'sigma_noise': 0.07333707279616779, 'A_repulsion': 0.06936731299469356, 'gamma': 0.8704119456555899, 'sigma_update': 0.5470380632643937, 'eta_learning': 0.0709328131847511, 'sigma_boundary': 5.996945164441014, 'alpha': 0.5459953027269396}. Best is trial 6 with value: 0.03188380169791142.
[I 2026-03-24 02:29:59,700] Trial 8 finished with value: 0.03150701470336198 and parameters: {'sigma_noise': 0.061956089352662204, 'A_repulsion': 0.19857406547492645, 'gamma': 0.2745211898340085, 'sigma_update': 0.5560441001700159, 'eta_learning': 0.018734090640850142, 'sigma_boundary': 7.58839705302425, 'alpha': 0.7075226566162699}. Best is trial 8 with value: 0.03150701470336198.
[I 2026-03-24 02:30:27,156] Trial 5 finished with value: 0.02635149683256565 and parameters: {'sigma_noise': 0.13008824046868897, 'A_repulsion': 0.056550537551650015, 'gamma': 0.06198200625196166, 'sigma_update': 0.4608433191413632, 'eta_learning': 0.1742984273353993, 'sigma_boundary': 4.840945248405344, 'alpha': 0.02095214420127145}. Best is trial 5 with value: 0.02635149683256565.
[I 2026-03-24 02:30:41,276] Trial 16 finished with value: 0.017401719753586176 and parameters: {'sigma_noise': 0.1573392076940781, 'A_repulsion': 0.047141484940203815, 'gamma': 0.5193646920965916, 'sigma_update': 0.37553777760477125, 'eta_learning': 0.18363851748119414, 'sigma_boundary': 0.4055387693342483, 'alpha': 0.24209268186558386}. Best is trial 16 with value: 0.017401719753586176.
[I 2026-03-24 02:30:44,662] Trial 17 finished with value: 0.028036116348416275 and parameters: {'sigma_noise': 0.13662564014890158, 'A_repulsion': 0.08118064742403214, 'gamma': 0.3030700102644339, 'sigma_update': 0.5728229720329638, 'eta_learning': 0.1028366453929568, 'sigma_boundary': 6.2084851817041375, 'alpha': 0.939113731417227}. Best is trial 16 with value: 0.017401719753586176.
[I 2026-03-24 02:30:48,711] Trial 2 finished with value: 0.023100360504754523 and parameters: {'sigma_noise': 0.09481283899194325, 'A_repulsion': 0.14775668674119413, 'gamma': 0.6933615105785537, 'sigma_update': 0.34699843005605846, 'eta_learning': 0.017359164942029368, 'sigma_boundary': 4.249176686216809, 'alpha': 0.024999359779139252}. Best is trial 16 with value: 0.017401719753586176.
[I 2026-03-24 02:30:50,324] Trial 20 finished with value: 0.036272000057391264 and parameters: {'sigma_noise': 0.08904873400991146, 'A_repulsion': 0.1967711009890672, 'gamma': 0.29054475085463155, 'sigma_update': 0.6824866530587562, 'eta_learning': 0.1919861657342566, 'sigma_boundary': 1.925024601152092, 'alpha': 0.1056943095757642}. Best is trial 16 with value: 0.017401719753586176.
[I 2026-03-24 02:30:56,072] Trial 19 finished with value: 0.07223979330572237 and parameters: {'sigma_noise': 0.03213674978775787, 'A_repulsion': 0.38217113889767956, 'gamma': 0.17050290964572531, 'sigma_update': 0.2820838006473568, 'eta_learning': 0.13269363382046093, 'sigma_boundary': 7.513584398405057, 'alpha': 0.6450097799878158}. Best is trial 16 with value: 0.017401719753586176.
[I 2026-03-24 02:31:39,773] Trial 4 finished with value: 0.030806831412508742 and parameters: {'sigma_noise': 0.10811311050486049, 'A_repulsion': 0.21347160657949088, 'gamma': 0.9051176329659798, 'sigma_update': 0.27741692485868713, 'eta_learning': 0.05031363187787894, 'sigma_boundary': 6.951540188849349, 'alpha': 0.2793266199209471}. Best is trial 16 with value: 0.017401719753586176.
[I 2026-03-24 02:32:07,750] Trial 7 finished with value: 0.023535090519266992 and parameters: {'sigma_noise': 0.2176816413758077, 'A_repulsion': 0.07249082603671397, 'gamma': 0.5248034245462513, 'sigma_update': 0.27561684386876495, 'eta_learning': 0.059552268808480066, 'sigma_boundary': 0.2752944885315456, 'alpha': 0.4888114545121536}. Best is trial 16 with value: 0.017401719753586176.
[I 2026-03-24 02:32:37,748] Trial 22 finished with value: 0.04495844357067523 and parameters: {'sigma_noise': 0.12671177938242192, 'A_repulsion': 0.2663502787341677, 'gamma': 0.44130562411133556, 'sigma_update': 0.30424403482200363, 'eta_learning': 0.012199117335082285, 'sigma_boundary': 0.7187414732869524, 'alpha': 0.8306098958704452}. Best is trial 16 with value: 0.017401719753586176.
[I 2026-03-24 02:32:49,489] Trial 1 finished with value: 0.03490215758112893 and parameters: {'sigma_noise': 0.08082940853170231, 'A_repulsion': 0.43645298921311043, 'gamma': 0.8523082616895448, 'sigma_update': 0.6668340753340729, 'eta_learning': 0.06058453019108262, 'sigma_boundary': 2.420060825550565, 'alpha': 0.3381196999067594}. Best is trial 16 with value: 0.017401719753586176.
[I 2026-03-24 02:33:09,967] Trial 21 finished with value: 0.05681149875774211 and parameters: {'sigma_noise': 0.24657899937422775, 'A_repulsion': 0.11110109816988895, 'gamma': 0.407586627055405, 'sigma_update': 0.660741204963869, 'eta_learning': 0.12558415821740024, 'sigma_boundary': 8.167774379046662, 'alpha': 0.6366247161115622}. Best is trial 16 with value: 0.017401719753586176.
[I 2026-03-24 02:33:18,964] Trial 23 finished with value: 0.03132607613482371 and parameters: {'sigma_noise': 0.1759836574363428, 'A_repulsion': 0.21928901451809396, 'gamma': 0.9853965809255384, 'sigma_update': 0.4431431222196689, 'eta_learning': 0.13579523870495808, 'sigma_boundary': 4.1329472984110245, 'alpha': 0.6659757852749885}. Best is trial 16 with value: 0.017401719753586176.
[I 2026-03-24 02:33:23,629] Trial 13 finished with value: 0.0963914295768091 and parameters: {'sigma_noise': 0.21973306351187435, 'A_repulsion': 0.16691563314282037, 'gamma': 0.6099100183645385, 'sigma_update': 0.3199127455665918, 'eta_learning': 0.16018336877535305, 'sigma_boundary': 4.369596992898078, 'alpha': 0.01565061546042823}. Best is trial 16 with value: 0.017401719753586176.
[I 2026-03-24 02:33:36,891] Trial 15 finished with value: 0.027065552023194567 and parameters: {'sigma_noise': 0.27873889331678203, 'A_repulsion': 0.08578373166567699, 'gamma': 0.6642039997633964, 'sigma_update': 0.6794362617829386, 'eta_learning': 0.03536939888601755, 'sigma_boundary': 6.045782115571904, 'alpha': 0.18236880046831938}. Best is trial 16 with value: 0.017401719753586176.
[I 2026-03-24 02:33:39,488] Trial 0 finished with value: 0.04614152157102778 and parameters: {'sigma_noise': 0.2596173789625144, 'A_repulsion': 0.13631704226705976, 'gamma': 0.4667349081629534, 'sigma_update': 0.1604621480709666, 'eta_learning': 0.11881991698758611, 'sigma_boundary': 6.608951884195262, 'alpha': 0.7467162606879126}. Best is trial 16 with value: 0.017401719753586176.
[I 2026-03-24 02:34:14,707] Trial 3 finished with value: 0.04565475141638213 and parameters: {'sigma_noise': 0.23011477999059754, 'A_repulsion': 0.17995692468635732, 'gamma': 0.19928324458358207, 'sigma_update': 0.2585877872955118, 'eta_learning': 0.07757081407532997, 'sigma_boundary': 1.9418176936827014, 'alpha': 0.6793900593082894}. Best is trial 16 with value: 0.017401719753586176.
[I 2026-03-24 02:35:07,293] Trial 12 finished with value: 0.027802994034098825 and parameters: {'sigma_noise': 0.2545643073914755, 'A_repulsion': 0.20347896016024086, 'gamma': 0.09269759047370203, 'sigma_update': 0.6739375861857219, 'eta_learning': 0.021115095375479717, 'sigma_boundary': 7.717311824522436, 'alpha': 0.12368623410463242}. Best is trial 16 with value: 0.017401719753586176.
[I 2026-03-24 02:35:13,114] Trial 11 finished with value: 0.023276674126652453 and parameters: {'sigma_noise': 0.16190770566279206, 'A_repulsion': 0.3954596806255936, 'gamma': 0.8879725067228642, 'sigma_update': 0.43589987797783025, 'eta_learning': 0.09762027183570196, 'sigma_boundary': 5.680520188305121, 'alpha': 0.2860266139739912}. Best is trial 16 with value: 0.017401719753586176.
[I 2026-03-24 02:36:45,623] Trial 9 finished with value: 0.040569969684460264 and parameters: {'sigma_noise': 0.19713409680298044, 'A_repulsion': 0.4645203034339584, 'gamma': 0.15201250627523782, 'sigma_update': 0.3906844495142216, 'eta_learning': 0.011253700965281496, 'sigma_boundary': 6.674711958756624, 'alpha': 0.04794170218016258}. Best is trial 16 with value: 0.017401719753586176.
[I 2026-03-24 02:37:54,921] Trial 10 finished with value: 0.0358705501368289 and parameters: {'sigma_noise': 0.2872384195177447, 'A_repulsion': 0.32893652371871884, 'gamma': 0.9134846282121272, 'sigma_update': 0.6276310303856697, 'eta_learning': 0.06537492586578038, 'sigma_boundary': 4.449544497309437, 'alpha': 0.6060287267801222}. Best is trial 16 with value: 0.017401719753586176.
[I 2026-03-24 02:38:28,053] Trial 14 finished with value: 0.045598414727027 and parameters: {'sigma_noise': 0.291180808037019, 'A_repulsion': 0.3302755639638593, 'gamma': 0.6309956079389707, 'sigma_update': 0.6844872524852224, 'eta_learning': 0.036841551140096795, 'sigma_boundary': 3.079519030724291, 'alpha': 0.8912919664756749}. Best is trial 16 with value: 0.017401719753586176.
[I 2026-03-24 02:38:30,118] Trial 18 finished with value: 0.04767701659874204 and parameters: {'sigma_noise': 0.2470026851913461, 'A_repulsion': 0.44719326966748474, 'gamma': 0.3476102855401489, 'sigma_update': 0.44158791801558633, 'eta_learning': 0.01035699164906313, 'sigma_boundary': 1.1628318866069467, 'alpha': 0.7481850912060181}. Best is trial 16 with value: 0.017401719753586176.
[I 2026-03-24 02:39:14,999] Trial 25 finished with value: 0.04143810124919264 and parameters: {'sigma_noise': 0.053030126694055456, 'A_repulsion': 0.09909959067376306, 'gamma': 0.9642400204007409, 'sigma_update': 0.2721843913653585, 'eta_learning': 0.10461162765648922, 'sigma_boundary': 3.310631305580609, 'alpha': 0.4239970539808684}. Best is trial 16 with value: 0.017401719753586176.
[I 2026-03-24 02:40:17,921] Trial 28 finished with value: 0.051429583684901053 and parameters: {'sigma_noise': 0.10060304800496955, 'A_repulsion': 0.03367580302967671, 'gamma': 0.3631962851805081, 'sigma_update': 0.0793253637380184, 'eta_learning': 0.1489643769073065, 'sigma_boundary': 4.181090513059581, 'alpha': 0.8306684548261577}. Best is trial 16 with value: 0.017401719753586176.
[I 2026-03-24 02:40:48,113] Trial 24 finished with value: 0.026714929688445035 and parameters: {'sigma_noise': 0.10340261430307682, 'A_repulsion': 0.18251715361932924, 'gamma': 0.526276616255883, 'sigma_update': 0.5997907456196854, 'eta_learning': 0.09508412070512097, 'sigma_boundary': 8.724932931238568, 'alpha': 0.7568154962479466}. Best is trial 16 with value: 0.017401719753586176.
[I 2026-03-24 02:41:10,832] Trial 30 finished with value: 0.05022484413081886 and parameters: {'sigma_noise': 0.06652756138635252, 'A_repulsion': 0.23524713935610203, 'gamma': 0.09198561160360216, 'sigma_update': 0.4157366852813952, 'eta_learning': 0.13354042095241905, 'sigma_boundary': 1.6940417691674525, 'alpha': 0.815546485293222}. Best is trial 16 with value: 0.017401719753586176.
[I 2026-03-24 02:41:50,615] Trial 27 finished with value: 0.05400821280245056 and parameters: {'sigma_noise': 0.03799822344317832, 'A_repulsion': 0.41255205017553076, 'gamma': 0.5737438309164455, 'sigma_update': 0.3174790207679538, 'eta_learning': 0.03604781650192322, 'sigma_boundary': 3.9798143859560824, 'alpha': 0.26530035195175816}. Best is trial 16 with value: 0.017401719753586176.
[I 2026-03-24 02:43:21,051] Trial 32 finished with value: 0.023100642072710016 and parameters: {'sigma_noise': 0.08749797097856547, 'A_repulsion': 0.3068570851332174, 'gamma': 0.8712425272950438, 'sigma_update': 0.396567617206653, 'eta_learning': 0.170632952593511, 'sigma_boundary': 5.638761501100814, 'alpha': 0.06008046294834091}. Best is trial 16 with value: 0.017401719753586176.
[I 2026-03-24 02:43:49,677] Trial 35 finished with value: 0.015104618292914181 and parameters: {'sigma_noise': 0.1929438271610496, 'A_repulsion': 0.00029538567853246156, 'gamma': 0.6517655049719979, 'sigma_update': 0.14992188738618517, 'eta_learning': 0.15162801480551863, 'sigma_boundary': 3.8725498308477095, 'alpha': 0.1962180612645733}. Best is trial 35 with value: 0.015104618292914181.
[I 2026-03-24 02:43:49,928] Trial 34 finished with value: 0.01404268789104143 and parameters: {'sigma_noise': 0.20929101821083948, 'A_repulsion': 0.001891568587924164, 'gamma': 0.6763089079842792, 'sigma_update': 0.08544317386420297, 'eta_learning': 0.14075854549201913, 'sigma_boundary': 9.975251387083278, 'alpha': 0.22500302704178893}. Best is trial 34 with value: 0.01404268789104143.
[I 2026-03-24 02:43:54,072] Trial 38 finished with value: 0.014517624510861001 and parameters: {'sigma_noise': 0.16791454078814022, 'A_repulsion': 0.004081365933954445, 'gamma': 0.6889038665450656, 'sigma_update': 0.11560012324381386, 'eta_learning': 0.09111060482951532, 'sigma_boundary': 9.754426193947724, 'alpha': 0.20864272993579874}. Best is trial 34 with value: 0.01404268789104143.
[I 2026-03-24 02:43:57,103] Trial 37 finished with value: 0.013649913657009426 and parameters: {'sigma_noise': 0.18497547333117512, 'A_repulsion': 0.0010755668484452863, 'gamma': 0.6500627231373242, 'sigma_update': 0.10435721557361843, 'eta_learning': 0.1640887908948236, 'sigma_boundary': 3.183401576604794, 'alpha': 0.22173852059959318}. Best is trial 37 with value: 0.013649913657009426.
[I 2026-03-24 02:44:07,052] Trial 36 finished with value: 0.013287643747194397 and parameters: {'sigma_noise': 0.190232677595125, 'A_repulsion': 0.005059759510634504, 'gamma': 0.6426256570964977, 'sigma_update': 0.09306910099280302, 'eta_learning': 0.15743254633468717, 'sigma_boundary': 3.8526771484214914, 'alpha': 0.2197843816020672}. Best is trial 36 with value: 0.013287643747194397.
[I 2026-03-24 02:44:17,616] Trial 39 finished with value: 0.018050092688858394 and parameters: {'sigma_noise': 0.18033249669023418, 'A_repulsion': 0.0037274712717493552, 'gamma': 0.7619445993277251, 'sigma_update': 0.09711546519697634, 'eta_learning': 0.10002646660704757, 'sigma_boundary': 2.889833553043932, 'alpha': 0.35996437760105815}. Best is trial 36 with value: 0.013287643747194397.
[I 2026-03-24 02:44:48,533] Trial 40 finished with value: 0.01947150879675491 and parameters: {'sigma_noise': 0.16977229035140226, 'A_repulsion': 0.015626341674135263, 'gamma': 0.7423304773796705, 'sigma_update': 0.04319812634971981, 'eta_learning': 0.09790968111288584, 'sigma_boundary': 2.762366856691061, 'alpha': 0.35719660669583886}. Best is trial 36 with value: 0.013287643747194397.
[I 2026-03-24 02:45:18,991] Trial 41 finished with value: 0.016591953201599632 and parameters: {'sigma_noise': 0.18535124391673902, 'A_repulsion': 0.0032279823027220045, 'gamma': 0.7392769225068527, 'sigma_update': 0.060671242302392236, 'eta_learning': 0.09684698828010081, 'sigma_boundary': 9.698512772110561, 'alpha': 0.339802708291966}. Best is trial 36 with value: 0.013287643747194397.
[I 2026-03-24 02:45:23,690] Trial 31 finished with value: 0.04007222622936357 and parameters: {'sigma_noise': 0.15680534093553938, 'A_repulsion': 0.3803514920254747, 'gamma': 0.4939276403967511, 'sigma_update': 0.17616731095737856, 'eta_learning': 0.11289630781198784, 'sigma_boundary': 6.617826985009786, 'alpha': 0.044085113351298943}. Best is trial 36 with value: 0.013287643747194397.
[I 2026-03-24 02:45:51,065] Trial 42 finished with value: 0.017198189567263433 and parameters: {'sigma_noise': 0.1680497594675544, 'A_repulsion': 0.0035350402255701976, 'gamma': 0.7253871626373262, 'sigma_update': 0.029942411142788172, 'eta_learning': 0.09453676364508545, 'sigma_boundary': 9.435542660869618, 'alpha': 0.3230353607277082}. Best is trial 36 with value: 0.013287643747194397.
[I 2026-03-24 02:46:23,983] Trial 29 finished with value: 0.02605581698816164 and parameters: {'sigma_noise': 0.18565294998792367, 'A_repulsion': 0.3115479429458971, 'gamma': 0.4029696945122494, 'sigma_update': 0.03386813273047558, 'eta_learning': 0.12363418180466028, 'sigma_boundary': 7.495905752088002, 'alpha': 0.17403775853366177}. Best is trial 36 with value: 0.013287643747194397.
[I 2026-03-24 02:46:47,184] Trial 43 finished with value: 0.02605239032936404 and parameters: {'sigma_noise': 0.1904859870596908, 'A_repulsion': 0.01325336854199411, 'gamma': 0.7012627518889021, 'sigma_update': 0.015397411546269335, 'eta_learning': 0.1986058731656406, 'sigma_boundary': 3.288829537313405, 'alpha': 0.4404621043773499}. Best is trial 36 with value: 0.013287643747194397.
[I 2026-03-24 02:47:17,077] Trial 44 finished with value: 0.015692718064087785 and parameters: {'sigma_noise': 0.16459693481711124, 'A_repulsion': 0.006192115359135129, 'gamma': 0.7410540024968661, 'sigma_update': 0.15876114235671648, 'eta_learning': 0.10421397128480536, 'sigma_boundary': 9.093957303856168, 'alpha': 0.32655203699844054}. Best is trial 36 with value: 0.013287643747194397.
[I 2026-03-24 02:48:18,520] Trial 26 finished with value: 0.051371193831386844 and parameters: {'sigma_noise': 0.2354955534801592, 'A_repulsion': 0.40678481291194796, 'gamma': 0.8105986842342079, 'sigma_update': 0.3225149432141615, 'eta_learning': 0.11737451801456447, 'sigma_boundary': 9.12419739836411, 'alpha': 0.9511092200564953}. Best is trial 36 with value: 0.013287643747194397.
[I 2026-03-24 02:49:07,737] Trial 45 finished with value: 0.01673622771884555 and parameters: {'sigma_noise': 0.1791917337751281, 'A_repulsion': 0.002214031396251398, 'gamma': 0.74407877406459, 'sigma_update': 0.028054615378278747, 'eta_learning': 0.09329592865720596, 'sigma_boundary': 9.008638478202224, 'alpha': 0.3626370409949301}. Best is trial 36 with value: 0.013287643747194397.
[I 2026-03-24 02:49:12,726] Trial 46 finished with value: 0.016456161286233815 and parameters: {'sigma_noise': 0.16553693192136687, 'A_repulsion': 0.007029785448403152, 'gamma': 0.7774861695462397, 'sigma_update': 0.16073039785317267, 'eta_learning': 0.10455890591928314, 'sigma_boundary': 3.7632051948160763, 'alpha': 0.37937141593170937}. Best is trial 36 with value: 0.013287643747194397.
[I 2026-03-24 02:49:36,874] Trial 48 finished with value: 0.01530795928610885 and parameters: {'sigma_noise': 0.1665739637744123, 'A_repulsion': 0.024487936064894977, 'gamma': 0.7609734492002983, 'sigma_update': 0.18125210057910685, 'eta_learning': 0.09032009992465913, 'sigma_boundary': 9.476235765167381, 'alpha': 0.24524643856606132}. Best is trial 36 with value: 0.013287643747194397.
[I 2026-03-24 02:49:42,811] Trial 47 finished with value: 0.016513461306763896 and parameters: {'sigma_noise': 0.18313716466197538, 'A_repulsion': 0.010613730290882764, 'gamma': 0.7653550373527144, 'sigma_update': 0.17116793926361995, 'eta_learning': 0.09938667517649212, 'sigma_boundary': 8.993231478474575, 'alpha': 0.3684873463595422}. Best is trial 36 with value: 0.013287643747194397.
[I 2026-03-24 02:50:40,927] Trial 49 finished with value: 0.013625765964980377 and parameters: {'sigma_noise': 0.16728742748773848, 'A_repulsion': 0.004909476023650897, 'gamma': 0.7885015963107567, 'sigma_update': 0.36594322666595014, 'eta_learning': 0.08308289824143199, 'sigma_boundary': 9.644211086705681, 'alpha': 0.24151284046489246}. Best is trial 36 with value: 0.013287643747194397.
[I 2026-03-24 02:51:52,649] Trial 33 finished with value: 0.07930071955648849 and parameters: {'sigma_noise': 0.29737772599561846, 'A_repulsion': 0.3339210668135351, 'gamma': 0.5370690374553605, 'sigma_update': 0.04197794352805562, 'eta_learning': 0.1527306260434622, 'sigma_boundary': 9.993234217202026, 'alpha': 0.2778040009090377}. Best is trial 36 with value: 0.013287643747194397.
[I 2026-03-24 02:52:55,257] Trial 53 finished with value: 0.037728236668674274 and parameters: {'sigma_noise': 0.01058138030349734, 'A_repulsion': 0.277933492718645, 'gamma': 0.7355133809635513, 'sigma_update': 0.22248008228623545, 'eta_learning': 0.18236993845864324, 'sigma_boundary': 5.208205571218571, 'alpha': 0.20244900465583476}. Best is trial 36 with value: 0.013287643747194397.
[I 2026-03-24 02:53:57,782] Trial 52 finished with value: 0.01842209400418331 and parameters: {'sigma_noise': 0.16404134236151655, 'A_repulsion': 0.14430057731481424, 'gamma': 0.7354878094471672, 'sigma_update': 0.19787782077230048, 'eta_learning': 0.08466094448111432, 'sigma_boundary': 9.704401707385546, 'alpha': 0.23275479266997703}. Best is trial 36 with value: 0.013287643747194397.
[I 2026-03-24 02:54:27,392] Trial 54 finished with value: 0.018527036979853168 and parameters: {'sigma_noise': 0.19440433171912155, 'A_repulsion': 0.0013563653168628172, 'gamma': 0.7560946972699374, 'sigma_update': 0.19555478360853829, 'eta_learning': 0.19561725894285031, 'sigma_boundary': 2.779084236237681, 'alpha': 0.19732854352342738}. Best is trial 36 with value: 0.013287643747194397.
[I 2026-03-24 02:54:32,359] Trial 55 finished with value: 0.015563790469316906 and parameters: {'sigma_noise': 0.1831801794749589, 'A_repulsion': 9.033207636165971e-05, 'gamma': 0.7416761987972936, 'sigma_update': 0.1939590385952556, 'eta_learning': 0.1957394882843308, 'sigma_boundary': 9.931511204351171, 'alpha': 0.20250708662509243}. Best is trial 36 with value: 0.013287643747194397.
[I 2026-03-24 02:54:33,859] Trial 50 finished with value: 0.027170968789183816 and parameters: {'sigma_noise': 0.16199851973397897, 'A_repulsion': 0.27102212420711047, 'gamma': 0.769676022786884, 'sigma_update': 0.36790357148910247, 'eta_learning': 0.1988561658024582, 'sigma_boundary': 5.2432485916233995, 'alpha': 0.2220874871235448}. Best is trial 36 with value: 0.013287643747194397.
