[I 2026-03-04 02:49:57,886] Trial 192 finished with value: 0.0960083322322581 and parameters: {'sigma_noise': 0.2511790122081732, 'A_repulsion': 0.020457071572088065, 'gamma': 0.8467333366735726, 'sigma_update': 0.6517043184282529, 'eta_learning': 2.6419645185751954, 'sigma_boundary': 7.952595102338771, 'alpha': 0.9333643214367482}. Best is trial 144 with value: 0.08806507559735113.
[I 2026-03-04 02:50:00,968] Trial 196 finished with value: 0.10875361990020851 and parameters: {'sigma_noise': 0.24704632051339379, 'A_repulsion': 0.054455932716135316, 'gamma': 0.851471648119654, 'sigma_update': 0.6536414325329172, 'eta_learning': 2.660111250835077, 'sigma_boundary': 8.10610193356598, 'alpha': 0.9662118339958645}. Best is trial 144 with value: 0.08806507559735113.
[I 2026-03-04 02:50:02,031] Trial 197 finished with value: 0.10084617092662107 and parameters: {'sigma_noise': 0.24427000785038402, 'A_repulsion': 0.05497492483594431, 'gamma': 0.8413385719535396, 'sigma_update': 0.6298868265942745, 'eta_learning': 2.607306039225748, 'sigma_boundary': 8.086182805600872, 'alpha': 0.9351688286607082}. Best is trial 144 with value: 0.08806507559735113.
[I 2026-03-04 02:50:05,347] Trial 198 finished with value: 0.09163213783480462 and parameters: {'sigma_noise': 0.2494895736294333, 'A_repulsion': 0.0564173806671185, 'gamma': 0.7063876834430066, 'sigma_update': 0.6554545934811827, 'eta_learning': 2.6216596649091914, 'sigma_boundary': 8.094005916015258, 'alpha': 0.939559867933967}. Best is trial 144 with value: 0.08806507559735113.
[I 2026-03-04 02:50:05,829] Trial 199 finished with value: 0.10448540907427611 and parameters: {'sigma_noise': 0.2457437458909434, 'A_repulsion': 0.04951087204966761, 'gamma': 0.865953181587014, 'sigma_update': 0.6416349593476586, 'eta_learning': 2.6345868751346133, 'sigma_boundary': 8.174721833747027, 'alpha': 0.9406078040042825}. Best is trial 144 with value: 0.08806507559735113.
