[I 2026-03-04 02:00:27,442] Trial 167 finished with value: 0.09008229863832565 and parameters: {'sigma_noise': 0.23870931735189196, 'A_repulsion': 0.23615650679569172, 'gamma': 0.5251581775533317, 'sigma_update': 0.6682679140067369, 'eta_learning': 0.23694344976318044, 'sigma_boundary': 5.003514971657798, 'alpha': 0.9042936154643089}. Best is trial 102 with value: 0.04342260586857779.
[I 2026-03-04 02:00:31,573] Trial 171 finished with value: 0.06766120471091482 and parameters: {'sigma_noise': 0.2507960923418517, 'A_repulsion': 0.1528983718599783, 'gamma': 0.5296050587535621, 'sigma_update': 0.666029582929905, 'eta_learning': 0.2112661649872303, 'sigma_boundary': 4.770592442963651, 'alpha': 0.786902874582479}. Best is trial 102 with value: 0.04342260586857779.
[I 2026-03-04 02:00:32,042] Trial 168 finished with value: 0.08084307672000286 and parameters: {'sigma_noise': 0.24423515761973938, 'A_repulsion': 0.20594241171908165, 'gamma': 0.538307595037631, 'sigma_update': 0.6643745802257053, 'eta_learning': 0.2461468417947858, 'sigma_boundary': 0.6197939929905539, 'alpha': 0.7921054989889575}. Best is trial 102 with value: 0.04342260586857779.
[I 2026-03-04 02:00:49,245] Trial 172 finished with value: 0.07412233156166623 and parameters: {'sigma_noise': 0.2588988240049757, 'A_repulsion': 0.2055717415455464, 'gamma': 0.5306285632749315, 'sigma_update': 0.6619619718044277, 'eta_learning': 0.23979198603370896, 'sigma_boundary': 9.112297126523224, 'alpha': 0.7798835257338289}. Best is trial 102 with value: 0.04342260586857779.
[I 2026-03-04 02:00:53,881] Trial 175 finished with value: 0.0638304175438212 and parameters: {'sigma_noise': 0.2573415430833476, 'A_repulsion': 0.14253106353810496, 'gamma': 0.5296393222549874, 'sigma_update': 0.6789126885259085, 'eta_learning': 0.3060488448382366, 'sigma_boundary': 9.70835524114959, 'alpha': 0.9266735459058025}. Best is trial 102 with value: 0.04342260586857779.
[I 2026-03-04 02:00:56,741] Trial 174 finished with value: 0.06290166383140271 and parameters: {'sigma_noise': 0.25650380239147563, 'A_repulsion': 0.14652331702096238, 'gamma': 0.539251981381696, 'sigma_update': 0.6657835730127626, 'eta_learning': 0.28069192452393893, 'sigma_boundary': 9.68604990333741, 'alpha': 0.9301770945725969}. Best is trial 102 with value: 0.04342260586857779.
[I 2026-03-04 02:00:58,599] Trial 176 finished with value: 0.07245833247121905 and parameters: {'sigma_noise': 0.25640144244737056, 'A_repulsion': 0.14490663209939014, 'gamma': 0.5158769040680221, 'sigma_update': 0.6651086080844846, 'eta_learning': 0.26494944846919344, 'sigma_boundary': 9.676506290606273, 'alpha': 0.7833955929329639}. Best is trial 102 with value: 0.04342260586857779.
[I 2026-03-04 02:00:58,868] Trial 183 finished with value: 0.07452888410922232 and parameters: {'sigma_noise': 0.23008892410062973, 'A_repulsion': 0.0999986222163067, 'gamma': 0.8973934288228942, 'sigma_update': 0.660029844983564, 'eta_learning': 0.2662393169802886, 'sigma_boundary': 2.5227600210099577, 'alpha': 0.7819992708378237}. Best is trial 102 with value: 0.04342260586857779.
[I 2026-03-04 02:00:58,940] Trial 177 finished with value: 0.06737121496757437 and parameters: {'sigma_noise': 0.25726208341629686, 'A_repulsion': 0.1029397779041889, 'gamma': 0.5171647105955911, 'sigma_update': 0.6655250529373179, 'eta_learning': 0.27754672914220313, 'sigma_boundary': 9.777716964542154, 'alpha': 0.7896106822403727}. Best is trial 102 with value: 0.04342260586857779.
[I 2026-03-04 02:01:03,364] Trial 181 finished with value: 0.07417291990048408 and parameters: {'sigma_noise': 0.2568875493196023, 'A_repulsion': 0.09995838689776454, 'gamma': 0.5167732855444416, 'sigma_update': 0.6767480259206893, 'eta_learning': 0.3515356162830008, 'sigma_boundary': 9.783837470499229, 'alpha': 0.7885904487674622}. Best is trial 102 with value: 0.04342260586857779.
[I 2026-03-04 02:01:12,810] Trial 180 finished with value: 0.06592923172178221 and parameters: {'sigma_noise': 0.257450605072322, 'A_repulsion': 0.10061418530199151, 'gamma': 0.9646345160270089, 'sigma_update': 0.6682991578623583, 'eta_learning': 0.3382125476664313, 'sigma_boundary': 9.673007258015359, 'alpha': 0.7864893890386482}. Best is trial 102 with value: 0.04342260586857779.
[I 2026-03-04 02:01:14,936] Trial 178 finished with value: 0.09164834692011971 and parameters: {'sigma_noise': 0.25546114893607597, 'A_repulsion': 0.14755646088165242, 'gamma': 0.9454790846804468, 'sigma_update': 0.6662979952964876, 'eta_learning': 0.2602010893235368, 'sigma_boundary': 9.799654325849028, 'alpha': 0.9197160616462408}. Best is trial 102 with value: 0.04342260586857779.
[I 2026-03-04 02:01:17,700] Trial 188 finished with value: 0.07249200378312867 and parameters: {'sigma_noise': 0.2638885122637005, 'A_repulsion': 0.04782683588040733, 'gamma': 0.9427770354164889, 'sigma_update': 0.6669054007965636, 'eta_learning': 0.26461183003858524, 'sigma_boundary': 2.4615417510163464, 'alpha': 0.9228445708388262}. Best is trial 102 with value: 0.04342260586857779.
[I 2026-03-04 02:01:18,891] Trial 179 finished with value: 0.07386039250591744 and parameters: {'sigma_noise': 0.2562129200389722, 'A_repulsion': 0.1442688863237642, 'gamma': 0.5040956777889772, 'sigma_update': 0.6651681640531721, 'eta_learning': 0.27561262769280453, 'sigma_boundary': 9.732059954868253, 'alpha': 0.7903502802666863}. Best is trial 102 with value: 0.04342260586857779.
[I 2026-03-04 02:01:19,673] Trial 184 finished with value: 0.08896962945404986 and parameters: {'sigma_noise': 0.25705982635230445, 'A_repulsion': 0.09979071015038816, 'gamma': 0.9340279757814581, 'sigma_update': 0.14036698789625607, 'eta_learning': 0.29427620585337105, 'sigma_boundary': 2.5743005693055543, 'alpha': 0.7836763199366333}. Best is trial 102 with value: 0.04342260586857779.
[I 2026-03-04 02:01:21,996] Trial 173 finished with value: 0.08017280930125466 and parameters: {'sigma_noise': 0.2591811563357225, 'A_repulsion': 0.20622837328084098, 'gamma': 0.5296901353365985, 'sigma_update': 0.6608147577266242, 'eta_learning': 0.2922387707898422, 'sigma_boundary': 9.751656794069884, 'alpha': 0.9171096535796689}. Best is trial 102 with value: 0.04342260586857779.
[I 2026-03-04 02:01:26,108] Trial 182 finished with value: 0.07507506985896006 and parameters: {'sigma_noise': 0.25698002976638734, 'A_repulsion': 0.15119972831208958, 'gamma': 0.9593814256865837, 'sigma_update': 0.6623801312796732, 'eta_learning': 0.27532021526180883, 'sigma_boundary': 9.661084669365087, 'alpha': 0.7884406482923524}. Best is trial 102 with value: 0.04342260586857779.
[I 2026-03-04 02:01:34,944] Trial 186 finished with value: 0.05314735616607703 and parameters: {'sigma_noise': 0.257513579651964, 'A_repulsion': 0.14760964479274682, 'gamma': 0.9378689852715316, 'sigma_update': 0.6698365771777974, 'eta_learning': 0.2831194391631942, 'sigma_boundary': 9.71664397641693, 'alpha': 0.7870966864531318}. Best is trial 102 with value: 0.04342260586857779.
[I 2026-03-04 02:01:36,534] Trial 185 finished with value: 0.07484407857918232 and parameters: {'sigma_noise': 0.25667247512064784, 'A_repulsion': 0.1467638195403387, 'gamma': 0.5106383163863586, 'sigma_update': 0.6684620942333193, 'eta_learning': 0.2859019090518679, 'sigma_boundary': 2.803328173616455, 'alpha': 0.7855574707005557}. Best is trial 102 with value: 0.04342260586857779.
[I 2026-03-04 02:01:39,965] Trial 192 finished with value: 0.059940210942603996 and parameters: {'sigma_noise': 0.2580373929903321, 'A_repulsion': 0.0495063446682711, 'gamma': 0.9540082883704899, 'sigma_update': 0.5758555469315892, 'eta_learning': 0.30025211930010165, 'sigma_boundary': 2.4225491298650312, 'alpha': 0.7883668794441456}. Best is trial 102 with value: 0.04342260586857779.
[I 2026-03-04 02:01:40,691] Trial 187 finished with value: 0.042707460536768695 and parameters: {'sigma_noise': 0.2621737956208725, 'A_repulsion': 0.14878596289119714, 'gamma': 0.9403670222246108, 'sigma_update': 0.5739486575230704, 'eta_learning': 0.35362937879439615, 'sigma_boundary': 1.5476171951434148, 'alpha': 0.6863765157766765}. Best is trial 187 with value: 0.042707460536768695.
[I 2026-03-04 02:01:47,448] Trial 189 finished with value: 0.05791939165716273 and parameters: {'sigma_noise': 0.26540405948481244, 'A_repulsion': 0.1520171428909513, 'gamma': 0.9112712334667887, 'sigma_update': 0.6622943766461822, 'eta_learning': 0.2756384346033496, 'sigma_boundary': 2.699069417980441, 'alpha': 0.7806471879299104}. Best is trial 187 with value: 0.042707460536768695.
[I 2026-03-04 02:01:52,404] Trial 190 finished with value: 0.08033585661253484 and parameters: {'sigma_noise': 0.25608633719806106, 'A_repulsion': 0.1458624839258604, 'gamma': 0.9368498291869704, 'sigma_update': 0.5738320769449554, 'eta_learning': 0.30670129680375036, 'sigma_boundary': 2.6286824889652807, 'alpha': 0.7893922762807448}. Best is trial 187 with value: 0.042707460536768695.
[I 2026-03-04 02:01:52,683] Trial 191 finished with value: 0.07291700429958654 and parameters: {'sigma_noise': 0.25656131653087544, 'A_repulsion': 0.1454451057451143, 'gamma': 0.9468848272944456, 'sigma_update': 0.6708757629315536, 'eta_learning': 0.3030267365659812, 'sigma_boundary': 2.498826932181768, 'alpha': 0.7924550469717389}. Best is trial 187 with value: 0.042707460536768695.
[I 2026-03-04 02:01:53,204] Trial 193 finished with value: 0.058280086571884895 and parameters: {'sigma_noise': 0.2579380014205125, 'A_repulsion': 0.10294185084336524, 'gamma': 0.954566536056474, 'sigma_update': 0.661895194036656, 'eta_learning': 0.2882341876779966, 'sigma_boundary': 3.2502194048404833, 'alpha': 0.7893779583339726}. Best is trial 187 with value: 0.042707460536768695.
[I 2026-03-04 02:02:01,568] Trial 194 finished with value: 0.07100322576741726 and parameters: {'sigma_noise': 0.25664412621405186, 'A_repulsion': 0.14904880254899502, 'gamma': 0.9504670255630049, 'sigma_update': 0.663485258717284, 'eta_learning': 0.26939965662624776, 'sigma_boundary': 2.5599847221027927, 'alpha': 0.7860577048161096}. Best is trial 187 with value: 0.042707460536768695.
[I 2026-03-04 02:02:04,709] Trial 195 finished with value: 0.05542064161188816 and parameters: {'sigma_noise': 0.2577274502348014, 'A_repulsion': 0.14390923290984153, 'gamma': 0.9473722988098484, 'sigma_update': 0.5637583069595541, 'eta_learning': 0.31804603493850825, 'sigma_boundary': 2.799492786973315, 'alpha': 0.780029071349286}. Best is trial 187 with value: 0.042707460536768695.
[I 2026-03-04 02:02:07,166] Trial 196 finished with value: 0.08096073486096511 and parameters: {'sigma_noise': 0.2582802350271715, 'A_repulsion': 0.14603705986690702, 'gamma': 0.9480161654848297, 'sigma_update': 0.5717911922645353, 'eta_learning': 0.31137168710975227, 'sigma_boundary': 2.807249015118633, 'alpha': 0.7925210982691824}. Best is trial 187 with value: 0.042707460536768695.
[I 2026-03-04 02:02:08,085] Trial 197 finished with value: 0.10153390340319195 and parameters: {'sigma_noise': 0.25736082623654466, 'A_repulsion': 0.15122034087630407, 'gamma': 0.9490937931940485, 'sigma_update': 0.5752796921001465, 'eta_learning': 0.22820698087705937, 'sigma_boundary': 3.0753511840749503, 'alpha': 0.7951370131283002}. Best is trial 187 with value: 0.042707460536768695.
[I 2026-03-04 02:02:09,912] Trial 198 finished with value: 0.07852433211963347 and parameters: {'sigma_noise': 0.2591049883172657, 'A_repulsion': 0.10292735592253563, 'gamma': 0.9416162737631486, 'sigma_update': 0.5760226782011036, 'eta_learning': 0.2770163117910018, 'sigma_boundary': 1.5269105597126078, 'alpha': 0.7831901051644813}. Best is trial 187 with value: 0.042707460536768695.
[I 2026-03-04 02:02:10,965] Trial 199 finished with value: 0.03770016786293693 and parameters: {'sigma_noise': 0.25957300101089864, 'A_repulsion': 0.14418116595206087, 'gamma': 0.9533094302276857, 'sigma_update': 0.5679914697859871, 'eta_learning': 0.3226483751653577, 'sigma_boundary': 2.547826408518623, 'alpha': 0.6854059253840675}. Best is trial 199 with value: 0.03770016786293693.
[I 2026-03-04 02:02:19,922] A new study created in memory with name: no-name-d238bd72-bdc6-4a01-a929-9981738cd105
[I 2026-03-04 02:08:03,741] Trial 25 finished with value: 0.5014068804535506 and parameters: {'sigma_noise': 0.07149204466201856, 'A_repulsion': 0.06027372562935118, 'gamma': 0.715173235665861, 'sigma_update': 0.6406374842396763, 'eta_learning': 2.5950906556187223, 'sigma_boundary': 5.758747409396618, 'alpha': 0.1734248566461002}. Best is trial 25 with value: 0.5014068804535506.
[I 2026-03-04 02:08:28,578] Trial 2 finished with value: 0.3188832780367894 and parameters: {'sigma_noise': 0.14784018611964833, 'A_repulsion': 0.02735818589713407, 'gamma': 0.4856711160567902, 'sigma_update': 0.44348465642846446, 'eta_learning': 2.761494452387005, 'sigma_boundary': 9.64981602484693, 'alpha': 0.38729714290241046}. Best is trial 2 with value: 0.3188832780367894.
[I 2026-03-04 02:08:51,435] Trial 5 finished with value: 1.1402265405870535 and parameters: {'sigma_noise': 0.12210836867420297, 'A_repulsion': 0.11613206316126262, 'gamma': 0.5026295836791451, 'sigma_update': 0.3943209655386876, 'eta_learning': 1.3732237426818392, 'sigma_boundary': 7.152091129627917, 'alpha': 0.015759447185567432}. Best is trial 2 with value: 0.3188832780367894.
[I 2026-03-04 02:08:52,376] Trial 36 finished with value: 0.15455999465567583 and parameters: {'sigma_noise': 0.12043400222167984, 'A_repulsion': 0.1426052039451799, 'gamma': 0.04029013131564141, 'sigma_update': 0.5830143407241135, 'eta_learning': 0.1885530004129142, 'sigma_boundary': 2.162016154147407, 'alpha': 0.10323035738936315}. Best is trial 36 with value: 0.15455999465567583.
[I 2026-03-04 02:09:02,332] Trial 12 finished with value: 0.4637640081279762 and parameters: {'sigma_noise': 0.15237239793313045, 'A_repulsion': 0.05657153686847699, 'gamma': 0.3058045834532743, 'sigma_update': 0.6141248226032102, 'eta_learning': 2.78737184828919, 'sigma_boundary': 3.7589953796044715, 'alpha': 0.4228991356680655}. Best is trial 36 with value: 0.15455999465567583.
[I 2026-03-04 02:09:05,655] Trial 33 finished with value: 0.18445831682315378 and parameters: {'sigma_noise': 0.13253906130912765, 'A_repulsion': 0.13007386467159787, 'gamma': 0.18491127899860327, 'sigma_update': 0.2720747281372828, 'eta_learning': 2.0209761088126674, 'sigma_boundary': 8.379159384262866, 'alpha': 0.41322481313098025}. Best is trial 36 with value: 0.15455999465567583.
[I 2026-03-04 02:09:07,064] Trial 18 finished with value: 0.16835824631073254 and parameters: {'sigma_noise': 0.14222503227771469, 'A_repulsion': 0.11272532451398615, 'gamma': 0.9901385000614398, 'sigma_update': 0.42768000116946253, 'eta_learning': 0.6177995701564477, 'sigma_boundary': 7.43844986515978, 'alpha': 0.9556761219329232}. Best is trial 36 with value: 0.15455999465567583.
[I 2026-03-04 02:09:34,068] Trial 13 finished with value: 1.4086286970157273 and parameters: {'sigma_noise': 0.15628276020980936, 'A_repulsion': 0.07481534123670064, 'gamma': 0.4354811541033976, 'sigma_update': 0.38087079884667385, 'eta_learning': 1.9123044810022185, 'sigma_boundary': 1.6337221021879467, 'alpha': 0.023912468394223008}. Best is trial 36 with value: 0.15455999465567583.
[I 2026-03-04 02:09:35,706] Trial 15 finished with value: 0.3495296868359772 and parameters: {'sigma_noise': 0.14759368876434342, 'A_repulsion': 0.15077943461918825, 'gamma': 0.39778888570107546, 'sigma_update': 0.289490374109616, 'eta_learning': 1.7318251456000366, 'sigma_boundary': 0.08852390412213557, 'alpha': 0.06936521978971821}. Best is trial 36 with value: 0.15455999465567583.
[I 2026-03-04 02:09:53,267] Trial 23 finished with value: 0.7429940584533623 and parameters: {'sigma_noise': 0.0889853236936617, 'A_repulsion': 0.33445525413803495, 'gamma': 0.9477663724723678, 'sigma_update': 0.05333380762677394, 'eta_learning': 1.5036764191284178, 'sigma_boundary': 3.5738243309044186, 'alpha': 0.2496363470272578}. Best is trial 36 with value: 0.15455999465567583.
[I 2026-03-04 02:10:05,883] Trial 32 finished with value: 0.23287741362925957 and parameters: {'sigma_noise': 0.08114211532056959, 'A_repulsion': 0.4246596619622982, 'gamma': 0.8286384080790467, 'sigma_update': 0.21310773536456742, 'eta_learning': 1.2986650348885702, 'sigma_boundary': 0.8517176128108955, 'alpha': 0.5668176730135539}. Best is trial 36 with value: 0.15455999465567583.
[I 2026-03-04 02:10:12,027] Trial 27 finished with value: 0.26536247458589074 and parameters: {'sigma_noise': 0.18185420060403867, 'A_repulsion': 0.17535570002944312, 'gamma': 0.25374357337930487, 'sigma_update': 0.4038837797549742, 'eta_learning': 1.1374187542247085, 'sigma_boundary': 2.900397019635371, 'alpha': 0.5104595412711216}. Best is trial 36 with value: 0.15455999465567583.
[I 2026-03-04 02:10:12,687] Trial 29 finished with value: 1.7578026336779888 and parameters: {'sigma_noise': 0.0668009711902728, 'A_repulsion': 0.4688394980190403, 'gamma': 0.6478943902192917, 'sigma_update': 0.696730138061408, 'eta_learning': 2.607416678675595, 'sigma_boundary': 4.73228751632643, 'alpha': 0.02526339894250529}. Best is trial 36 with value: 0.15455999465567583.
[I 2026-03-04 02:10:35,169] Trial 37 finished with value: 0.09735693313540955 and parameters: {'sigma_noise': 0.317918730551429, 'A_repulsion': 0.008600592517955752, 'gamma': 0.9518169623086427, 'sigma_update': 0.3736461373953382, 'eta_learning': 2.3954613586939426, 'sigma_boundary': 1.2620712502660896, 'alpha': 0.7587454138347974}. Best is trial 37 with value: 0.09735693313540955.
[I 2026-03-04 02:10:35,377] Trial 1 finished with value: 1.0609629576955268 and parameters: {'sigma_noise': 0.25208678519729544, 'A_repulsion': 0.07842753358450905, 'gamma': 0.7594403481598563, 'sigma_update': 0.17584375276807857, 'eta_learning': 1.186922618793672, 'sigma_boundary': 6.520907766403639, 'alpha': 0.20842622507460007}. Best is trial 37 with value: 0.09735693313540955.
[I 2026-03-04 02:10:48,409] Trial 26 finished with value: 0.19468264601318028 and parameters: {'sigma_noise': 0.12406777151263318, 'A_repulsion': 0.38952230183863346, 'gamma': 0.8189325736567662, 'sigma_update': 0.08311291652490098, 'eta_learning': 1.6183597588313516, 'sigma_boundary': 3.226059694292207, 'alpha': 0.7425477116197137}. Best is trial 37 with value: 0.09735693313540955.
[I 2026-03-04 02:10:54,772] Trial 8 finished with value: 0.23597697458762612 and parameters: {'sigma_noise': 0.10749482417882872, 'A_repulsion': 0.4762385052461729, 'gamma': 0.7114947059155389, 'sigma_update': 0.45876768035001914, 'eta_learning': 0.18557723135007917, 'sigma_boundary': 5.878007766692849, 'alpha': 0.5499690128701752}. Best is trial 37 with value: 0.09735693313540955.
[I 2026-03-04 02:11:23,318] Trial 35 finished with value: 0.13909346370946568 and parameters: {'sigma_noise': 0.21902871417548847, 'A_repulsion': 0.27492975465760505, 'gamma': 0.569732362768502, 'sigma_update': 0.5045531667207361, 'eta_learning': 2.5518840221234687, 'sigma_boundary': 0.13198762046456347, 'alpha': 0.9039572003775191}. Best is trial 37 with value: 0.09735693313540955.
[I 2026-03-04 02:11:28,553] Trial 34 finished with value: 0.30222247424909116 and parameters: {'sigma_noise': 0.14155986044196128, 'A_repulsion': 0.47506906681157296, 'gamma': 0.8525140340410399, 'sigma_update': 0.4878696090267996, 'eta_learning': 2.103994541079331, 'sigma_boundary': 9.85250051868509, 'alpha': 0.9350059581981224}. Best is trial 37 with value: 0.09735693313540955.
[I 2026-03-04 02:11:33,991] Trial 31 finished with value: 0.897386351932179 and parameters: {'sigma_noise': 0.1179590618142596, 'A_repulsion': 0.4994306295600493, 'gamma': 0.552029970194177, 'sigma_update': 0.013075697989142479, 'eta_learning': 0.7536525366711802, 'sigma_boundary': 1.922141484705538, 'alpha': 0.31594440488601316}. Best is trial 37 with value: 0.09735693313540955.
[I 2026-03-04 02:11:48,044] Trial 39 finished with value: 0.21466140649499585 and parameters: {'sigma_noise': 0.15706540218825574, 'A_repulsion': 0.4675924753001329, 'gamma': 0.2275654890767908, 'sigma_update': 0.15194123678089896, 'eta_learning': 1.366871847374981, 'sigma_boundary': 3.7742260393768876, 'alpha': 0.4963401783119008}. Best is trial 37 with value: 0.09735693313540955.
[I 2026-03-04 02:11:55,430] Trial 20 finished with value: 0.9375133696728397 and parameters: {'sigma_noise': 0.20456749599527074, 'A_repulsion': 0.3433684600700873, 'gamma': 0.9397091219189452, 'sigma_update': 0.4767005681735576, 'eta_learning': 0.3301877452893081, 'sigma_boundary': 6.101782028905942, 'alpha': 0.14701139725769607}. Best is trial 37 with value: 0.09735693313540955.
[I 2026-03-04 02:12:00,216] Trial 0 finished with value: 0.2517231369494707 and parameters: {'sigma_noise': 0.1660609835146269, 'A_repulsion': 0.4453141455736274, 'gamma': 0.021602232430473267, 'sigma_update': 0.12610221651111825, 'eta_learning': 2.2494670580927396, 'sigma_boundary': 6.325516031528081, 'alpha': 0.5377821100394885}. Best is trial 37 with value: 0.09735693313540955.
[I 2026-03-04 02:12:00,987] Trial 21 finished with value: 0.2400422912413597 and parameters: {'sigma_noise': 0.3863419814985904, 'A_repulsion': 0.1184429722983813, 'gamma': 0.4277054742827141, 'sigma_update': 0.38230658032245457, 'eta_learning': 1.0075632832413433, 'sigma_boundary': 5.302622518610267, 'alpha': 0.9219912056975667}. Best is trial 37 with value: 0.09735693313540955.
[I 2026-03-04 02:12:05,513] Trial 11 finished with value: 0.15357770207394356 and parameters: {'sigma_noise': 0.17632183919956368, 'A_repulsion': 0.42237728526583446, 'gamma': 0.6987212943965071, 'sigma_update': 0.28233023183278194, 'eta_learning': 1.3381906045933407, 'sigma_boundary': 7.934938882643974, 'alpha': 0.4936116854505378}. Best is trial 37 with value: 0.09735693313540955.
