[I 2026-03-04 02:40:29,996] Trial 144 finished with value: 0.08806507559735113 and parameters: {'sigma_noise': 0.2704824942178556, 'A_repulsion': 0.005782960201069417, 'gamma': 0.742668396742221, 'sigma_update': 0.6195967660761401, 'eta_learning': 2.7677419123288693, 'sigma_boundary': 6.19443562300588, 'alpha': 0.9462773445673083}. Best is trial 144 with value: 0.08806507559735113.
[I 2026-03-04 02:40:38,743] Trial 148 finished with value: 0.09903665973914252 and parameters: {'sigma_noise': 0.23662468298130682, 'A_repulsion': 0.006625685433000558, 'gamma': 0.8386787844395951, 'sigma_update': 0.6040773094654496, 'eta_learning': 2.7454437726508614, 'sigma_boundary': 7.728941375852144, 'alpha': 0.9258058177059422}. Best is trial 144 with value: 0.08806507559735113.
[I 2026-03-04 02:40:40,240] Trial 127 finished with value: 0.14204982797676702 and parameters: {'sigma_noise': 0.26531133047695155, 'A_repulsion': 0.282184599930826, 'gamma': 0.7656608192342459, 'sigma_update': 0.34880030236070936, 'eta_learning': 2.840243127403651, 'sigma_boundary': 1.2095882276166927, 'alpha': 0.9011380642611823}. Best is trial 144 with value: 0.08806507559735113.
[I 2026-03-04 02:40:54,326] Trial 145 finished with value: 0.10803877535391677 and parameters: {'sigma_noise': 0.23830458335425103, 'A_repulsion': 0.03501580211006267, 'gamma': 0.7418522274994549, 'sigma_update': 0.3713074239956743, 'eta_learning': 2.7687184464930317, 'sigma_boundary': 7.56155455980527, 'alpha': 0.9148905263534618}. Best is trial 144 with value: 0.08806507559735113.
[I 2026-03-04 02:41:01,567] Trial 135 finished with value: 0.11624095731139056 and parameters: {'sigma_noise': 0.26719447166919746, 'A_repulsion': 0.16535265967248425, 'gamma': 0.7489027635453727, 'sigma_update': 0.3637163176811271, 'eta_learning': 2.7876767516940233, 'sigma_boundary': 7.735709024769736, 'alpha': 0.8303241067594183}. Best is trial 144 with value: 0.08806507559735113.
[I 2026-03-04 02:41:06,783] Trial 136 finished with value: 0.11954061865532287 and parameters: {'sigma_noise': 0.2612331052455001, 'A_repulsion': 0.17134169567974938, 'gamma': 0.7408158746872825, 'sigma_update': 0.3704164953194007, 'eta_learning': 2.7700409269257458, 'sigma_boundary': 7.461724364132926, 'alpha': 0.8265964724925006}. Best is trial 144 with value: 0.08806507559735113.
[I 2026-03-04 02:41:10,435] Trial 147 finished with value: 0.1219059299981235 and parameters: {'sigma_noise': 0.260724420865376, 'A_repulsion': 0.03531839078190811, 'gamma': 0.8509488790430897, 'sigma_update': 0.41932302204531857, 'eta_learning': 2.77979665168405, 'sigma_boundary': 7.530964543320868, 'alpha': 0.9524414257932833}. Best is trial 144 with value: 0.08806507559735113.
[I 2026-03-04 02:41:16,241] Trial 134 finished with value: 0.12017426175299802 and parameters: {'sigma_noise': 0.2700163757411451, 'A_repulsion': 0.16727263222727456, 'gamma': 0.7570462840476141, 'sigma_update': 0.36165262280315513, 'eta_learning': 2.7949637959013653, 'sigma_boundary': 7.160644670610233, 'alpha': 0.8232344414919243}. Best is trial 144 with value: 0.08806507559735113.
[I 2026-03-04 02:41:23,644] Trial 146 finished with value: 0.08933034211066357 and parameters: {'sigma_noise': 0.259480374803244, 'A_repulsion': 0.036850252554298024, 'gamma': 0.8441102183518868, 'sigma_update': 0.6303368632293966, 'eta_learning': 2.763565600271517, 'sigma_boundary': 7.373870475895741, 'alpha': 0.9115527709501987}. Best is trial 144 with value: 0.08806507559735113.
[I 2026-03-04 02:41:27,041] Trial 150 finished with value: 0.09065040410866054 and parameters: {'sigma_noise': 0.23720629981485114, 'A_repulsion': 0.03979627778323476, 'gamma': 0.8214331987188039, 'sigma_update': 0.6238283692120442, 'eta_learning': 2.741272926470521, 'sigma_boundary': 7.569286224390142, 'alpha': 0.9148354314486687}. Best is trial 144 with value: 0.08806507559735113.
[I 2026-03-04 02:41:52,858] Trial 151 finished with value: 0.09740364909195222 and parameters: {'sigma_noise': 0.237363005348956, 'A_repulsion': 0.03628083737808678, 'gamma': 0.8379654538565823, 'sigma_update': 0.6324381172728837, 'eta_learning': 2.692443144052783, 'sigma_boundary': 7.525532026191381, 'alpha': 0.9165331898113802}. Best is trial 144 with value: 0.08806507559735113.
[I 2026-03-04 02:41:55,703] Trial 155 finished with value: 0.10360863057269629 and parameters: {'sigma_noise': 0.23118032875062422, 'A_repulsion': 0.007650774795441348, 'gamma': 0.8198278720932448, 'sigma_update': 0.39627090479728116, 'eta_learning': 2.733891961724769, 'sigma_boundary': 6.241642569044088, 'alpha': 0.9194999305766933}. Best is trial 144 with value: 0.08806507559735113.
[I 2026-03-04 02:42:01,049] Trial 152 finished with value: 0.08916258268523095 and parameters: {'sigma_noise': 0.26057311731045635, 'A_repulsion': 0.03805533112107935, 'gamma': 0.8202166972292642, 'sigma_update': 0.6305298144360088, 'eta_learning': 2.7543367538064665, 'sigma_boundary': 6.639127212889144, 'alpha': 0.9189744725343996}. Best is trial 144 with value: 0.08806507559735113.
[I 2026-03-04 02:42:01,796] Trial 154 finished with value: 0.10206714502246048 and parameters: {'sigma_noise': 0.23534621096049346, 'A_repulsion': 0.031142054319338495, 'gamma': 0.8189129576329092, 'sigma_update': 0.6258363518788448, 'eta_learning': 2.7375325841251175, 'sigma_boundary': 7.666424374465813, 'alpha': 0.9543434561683303}. Best is trial 144 with value: 0.08806507559735113.
[I 2026-03-04 02:42:03,047] Trial 153 finished with value: 0.09395088806848195 and parameters: {'sigma_noise': 0.2374370648454071, 'A_repulsion': 0.031544822829311564, 'gamma': 0.8164769468079489, 'sigma_update': 0.6274806947430924, 'eta_learning': 2.7472368869398487, 'sigma_boundary': 7.686158414485176, 'alpha': 0.9227065571112953}. Best is trial 144 with value: 0.08806507559735113.
[I 2026-03-04 02:42:11,690] Trial 143 finished with value: 0.11657779923238709 and parameters: {'sigma_noise': 0.26229035007698487, 'A_repulsion': 0.16837590930181873, 'gamma': 0.7374206650144314, 'sigma_update': 0.36983179635656804, 'eta_learning': 2.771385198017132, 'sigma_boundary': 7.495324617414408, 'alpha': 0.823964553453823}. Best is trial 144 with value: 0.08806507559735113.
[I 2026-03-04 02:42:15,783] Trial 156 finished with value: 0.08835329054682478 and parameters: {'sigma_noise': 0.25299710667386077, 'A_repulsion': 0.008301482755962972, 'gamma': 0.8247765808844844, 'sigma_update': 0.6213821688674719, 'eta_learning': 2.734123127090344, 'sigma_boundary': 7.669473390769971, 'alpha': 0.9153823958243846}. Best is trial 144 with value: 0.08806507559735113.
[I 2026-03-04 02:42:18,138] Trial 157 finished with value: 0.09408311845528022 and parameters: {'sigma_noise': 0.23926149785507894, 'A_repulsion': 0.03423905749924513, 'gamma': 0.8297437362610252, 'sigma_update': 0.6097784751274984, 'eta_learning': 2.7431225780039803, 'sigma_boundary': 7.6593671562743575, 'alpha': 0.9196696696062606}. Best is trial 144 with value: 0.08806507559735113.
[I 2026-03-04 02:42:22,985] Trial 158 finished with value: 0.09024777086331048 and parameters: {'sigma_noise': 0.254343719571518, 'A_repulsion': 0.004380015217635676, 'gamma': 0.8257003774343948, 'sigma_update': 0.6270358094342823, 'eta_learning': 2.687058956285778, 'sigma_boundary': 7.702878551194672, 'alpha': 0.9198695890543577}. Best is trial 144 with value: 0.08806507559735113.
[I 2026-03-04 02:42:53,691] Trial 149 finished with value: 0.10887897572281435 and parameters: {'sigma_noise': 0.26467840750766797, 'A_repulsion': 0.1644148207989477, 'gamma': 0.837841754580582, 'sigma_update': 0.6249665495685502, 'eta_learning': 2.6903125995262633, 'sigma_boundary': 7.645191545468373, 'alpha': 0.9183385614757298}. Best is trial 144 with value: 0.08806507559735113.
[I 2026-03-04 02:42:59,925] Trial 159 finished with value: 0.0951467753077688 and parameters: {'sigma_noise': 0.23732260813210954, 'A_repulsion': 0.04317643283416681, 'gamma': 0.8273824371730298, 'sigma_update': 0.6325724708930612, 'eta_learning': 2.7349265713421147, 'sigma_boundary': 7.621555895321037, 'alpha': 0.9161795209616101}. Best is trial 144 with value: 0.08806507559735113.
[I 2026-03-04 02:45:29,625] Trial 161 finished with value: 0.0925021098680435 and parameters: {'sigma_noise': 0.23780630961838722, 'A_repulsion': 0.006512907982257019, 'gamma': 0.8339984809456329, 'sigma_update': 0.630789412933561, 'eta_learning': 2.7092079660060047, 'sigma_boundary': 7.735906414744562, 'alpha': 0.9205353397546836}. Best is trial 144 with value: 0.08806507559735113.
[I 2026-03-04 02:45:54,316] Trial 162 finished with value: 0.09345596834520412 and parameters: {'sigma_noise': 0.23289686195104595, 'A_repulsion': 0.0033206086285613393, 'gamma': 0.8249657592529748, 'sigma_update': 0.6299592812355586, 'eta_learning': 2.7161501017687173, 'sigma_boundary': 6.223337183454829, 'alpha': 0.9173996796929665}. Best is trial 144 with value: 0.08806507559735113.
[I 2026-03-04 02:46:38,049] Trial 160 finished with value: 0.12666264777125963 and parameters: {'sigma_noise': 0.23508453566275161, 'A_repulsion': 0.1693640605468308, 'gamma': 0.8306542369337748, 'sigma_update': 0.623007773334718, 'eta_learning': 2.734545721244703, 'sigma_boundary': 7.573824370184695, 'alpha': 0.9559432196173678}. Best is trial 144 with value: 0.08806507559735113.
[I 2026-03-04 02:46:47,408] Trial 163 finished with value: 0.10150710467202208 and parameters: {'sigma_noise': 0.23319634489002, 'A_repulsion': 0.009083880246726806, 'gamma': 0.8196542366195674, 'sigma_update': 0.6297068038654053, 'eta_learning': 2.7606910087190193, 'sigma_boundary': 7.415418922929455, 'alpha': 0.9557826856244076}. Best is trial 144 with value: 0.08806507559735113.
[I 2026-03-04 02:46:53,742] Trial 164 finished with value: 0.10099260087370693 and parameters: {'sigma_noise': 0.23977795490056836, 'A_repulsion': 0.010240630896726503, 'gamma': 0.8386777580294228, 'sigma_update': 0.6363349057164511, 'eta_learning': 2.740354984823045, 'sigma_boundary': 7.3977852894193505, 'alpha': 0.9498292993553484}. Best is trial 144 with value: 0.08806507559735113.
[I 2026-03-04 02:47:20,671] Trial 165 finished with value: 0.09224845168575893 and parameters: {'sigma_noise': 0.25038658626564664, 'A_repulsion': 0.00119444253346897, 'gamma': 0.8226909049225772, 'sigma_update': 0.6229418685423248, 'eta_learning': 2.7115964457193686, 'sigma_boundary': 7.711410398100508, 'alpha': 0.927502584971298}. Best is trial 144 with value: 0.08806507559735113.
[I 2026-03-04 02:47:21,062] Trial 166 finished with value: 0.10256185922479888 and parameters: {'sigma_noise': 0.23896716175532712, 'A_repulsion': 0.0026386929815691035, 'gamma': 0.8295533508078701, 'sigma_update': 0.6310916002205776, 'eta_learning': 2.7310278156525665, 'sigma_boundary': 7.520004239772534, 'alpha': 0.9508885597827674}. Best is trial 144 with value: 0.08806507559735113.
[I 2026-03-04 02:47:38,271] Trial 167 finished with value: 0.102852928015078 and parameters: {'sigma_noise': 0.23936905599169098, 'A_repulsion': 0.002871130050870532, 'gamma': 0.8209313242511536, 'sigma_update': 0.6346933829047781, 'eta_learning': 2.730750359638132, 'sigma_boundary': 7.648543693799386, 'alpha': 0.9550225626299805}. Best is trial 144 with value: 0.08806507559735113.
[I 2026-03-04 02:47:44,635] Trial 169 finished with value: 0.11857117071241047 and parameters: {'sigma_noise': 0.239773754481976, 'A_repulsion': 0.009766725761523452, 'gamma': 0.8403884277025382, 'sigma_update': 0.4187135591195629, 'eta_learning': 2.763153121754811, 'sigma_boundary': 7.578593180258331, 'alpha': 0.9494702797487379}. Best is trial 144 with value: 0.08806507559735113.
[I 2026-03-04 02:47:56,394] Trial 168 finished with value: 0.10481311321206076 and parameters: {'sigma_noise': 0.2501804197941728, 'A_repulsion': 0.0003597169874882313, 'gamma': 0.8310726535612076, 'sigma_update': 0.3968011847226826, 'eta_learning': 2.726601116377668, 'sigma_boundary': 7.683224104783696, 'alpha': 0.945120575359395}. Best is trial 144 with value: 0.08806507559735113.
[I 2026-03-04 02:48:17,308] Trial 173 finished with value: 0.12047155479565441 and parameters: {'sigma_noise': 0.23591407820776256, 'A_repulsion': 0.006420646477148905, 'gamma': 0.8350131472695669, 'sigma_update': 0.4089156331512517, 'eta_learning': 2.7201431772883016, 'sigma_boundary': 7.575784286726415, 'alpha': 0.9575862165270138}. Best is trial 144 with value: 0.08806507559735113.
[I 2026-03-04 02:48:19,472] Trial 171 finished with value: 0.10728946285020399 and parameters: {'sigma_noise': 0.2368359463258251, 'A_repulsion': 0.005742329332655505, 'gamma': 0.6987886454028402, 'sigma_update': 0.41443450274159666, 'eta_learning': 2.7239012005862993, 'sigma_boundary': 7.719222631957054, 'alpha': 0.9574486371241764}. Best is trial 144 with value: 0.08806507559735113.
[I 2026-03-04 02:48:25,650] Trial 170 finished with value: 0.10195621962926592 and parameters: {'sigma_noise': 0.24150841985840368, 'A_repulsion': 0.009757023850984354, 'gamma': 0.8213764511885863, 'sigma_update': 0.41267283217847467, 'eta_learning': 2.7297328312710776, 'sigma_boundary': 7.610708232063488, 'alpha': 0.9494832149622051}. Best is trial 144 with value: 0.08806507559735113.
[I 2026-03-04 02:48:30,931] Trial 174 finished with value: 0.11089449854481001 and parameters: {'sigma_noise': 0.23941242769840998, 'A_repulsion': 0.03332030920417801, 'gamma': 0.7035185390366974, 'sigma_update': 0.4059096432507361, 'eta_learning': 2.684272450562849, 'sigma_boundary': 7.641128059468588, 'alpha': 0.9676515518417776}. Best is trial 144 with value: 0.08806507559735113.
[I 2026-03-04 02:48:40,286] Trial 172 finished with value: 0.11788418298337616 and parameters: {'sigma_noise': 0.23914619722457173, 'A_repulsion': 0.02873503339192877, 'gamma': 0.8356116986973293, 'sigma_update': 0.42053084133934815, 'eta_learning': 2.743070399646945, 'sigma_boundary': 7.6644402161817675, 'alpha': 0.9572066251857677}. Best is trial 144 with value: 0.08806507559735113.
[I 2026-03-04 02:48:51,982] Trial 175 finished with value: 0.1327196600712682 and parameters: {'sigma_noise': 0.23916663827742135, 'A_repulsion': 0.035317380105498224, 'gamma': 0.8351538228647485, 'sigma_update': 0.39712534618711814, 'eta_learning': 2.697809431707158, 'sigma_boundary': 7.620993280202719, 'alpha': 0.9522628568430361}. Best is trial 144 with value: 0.08806507559735113.
[I 2026-03-04 02:48:56,046] Trial 180 finished with value: 0.11291883394217789 and parameters: {'sigma_noise': 0.23397246926219833, 'A_repulsion': 0.03594357182374498, 'gamma': 0.7010467548539486, 'sigma_update': 0.413001551906352, 'eta_learning': 2.690849077320246, 'sigma_boundary': 7.892274178891391, 'alpha': 0.926204181519974}. Best is trial 144 with value: 0.08806507559735113.
[I 2026-03-04 02:48:59,102] Trial 177 finished with value: 0.11315546348198174 and parameters: {'sigma_noise': 0.2341523137811265, 'A_repulsion': 0.039172315318288624, 'gamma': 0.7003349986450946, 'sigma_update': 0.41214044654515547, 'eta_learning': 2.6734722830174094, 'sigma_boundary': 7.624352967550493, 'alpha': 0.9532471354574326}. Best is trial 144 with value: 0.08806507559735113.
[I 2026-03-04 02:49:01,217] Trial 176 finished with value: 0.10908486162670687 and parameters: {'sigma_noise': 0.23982481701776176, 'A_repulsion': 0.03461756421381052, 'gamma': 0.6986748909100553, 'sigma_update': 0.40064590923868093, 'eta_learning': 2.6674416337125004, 'sigma_boundary': 8.095161043354427, 'alpha': 0.9509586187444494}. Best is trial 144 with value: 0.08806507559735113.
[I 2026-03-04 02:49:01,923] Trial 179 finished with value: 0.11039383593617859 and parameters: {'sigma_noise': 0.23611463315545755, 'A_repulsion': 0.03407599077610998, 'gamma': 0.6997177624591148, 'sigma_update': 0.4035087183573737, 'eta_learning': 2.6926762513951736, 'sigma_boundary': 7.631818003896108, 'alpha': 0.954137718050564}. Best is trial 144 with value: 0.08806507559735113.
[I 2026-03-04 02:49:06,688] Trial 178 finished with value: 0.11135722829392627 and parameters: {'sigma_noise': 0.23886923574347824, 'A_repulsion': 0.035397117058755374, 'gamma': 0.7067879121398775, 'sigma_update': 0.3969599935739078, 'eta_learning': 2.6983813583897183, 'sigma_boundary': 7.7398507872873985, 'alpha': 0.9549249657321126}. Best is trial 144 with value: 0.08806507559735113.
[I 2026-03-04 02:49:12,075] Trial 181 finished with value: 0.1069261603758683 and parameters: {'sigma_noise': 0.2427422272520485, 'A_repulsion': 0.035026526251681456, 'gamma': 0.6979640335745249, 'sigma_update': 0.39917232567207644, 'eta_learning': 2.6863026180883467, 'sigma_boundary': 7.658870247097181, 'alpha': 0.9555224461075627}. Best is trial 144 with value: 0.08806507559735113.
[I 2026-03-04 02:49:16,323] Trial 183 finished with value: 0.10691823918827202 and parameters: {'sigma_noise': 0.2475869122671057, 'A_repulsion': 0.020585303199108448, 'gamma': 0.704036247473952, 'sigma_update': 0.39687643432235675, 'eta_learning': 2.6879511673607017, 'sigma_boundary': 8.10419690254508, 'alpha': 0.9518663190044936}. Best is trial 144 with value: 0.08806507559735113.
[I 2026-03-04 02:49:22,476] Trial 182 finished with value: 0.10797153633287483 and parameters: {'sigma_noise': 0.25031700154328795, 'A_repulsion': 0.018225269564030047, 'gamma': 0.7019260821818191, 'sigma_update': 0.4148442792581071, 'eta_learning': 2.6955892331949505, 'sigma_boundary': 8.167709789366752, 'alpha': 0.9582826490061757}. Best is trial 144 with value: 0.08806507559735113.
[I 2026-03-04 02:49:23,830] Trial 185 finished with value: 0.1123013652295549 and parameters: {'sigma_noise': 0.2476482944718502, 'A_repulsion': 0.020216340495339706, 'gamma': 0.827570075538591, 'sigma_update': 0.3916033055526828, 'eta_learning': 2.684689988356533, 'sigma_boundary': 8.09787646068449, 'alpha': 0.9383371830682689}. Best is trial 144 with value: 0.08806507559735113.
[I 2026-03-04 02:49:28,385] Trial 187 finished with value: 0.09388940792307987 and parameters: {'sigma_noise': 0.2503670474221036, 'A_repulsion': 0.019225156954783544, 'gamma': 0.8214305346099671, 'sigma_update': 0.6287632961745949, 'eta_learning': 2.6664102278449193, 'sigma_boundary': 8.278105454992282, 'alpha': 0.9337286150990516}. Best is trial 144 with value: 0.08806507559735113.
[I 2026-03-04 02:49:31,271] Trial 184 finished with value: 0.10976564280943545 and parameters: {'sigma_noise': 0.24553561123430845, 'A_repulsion': 0.05400138156340678, 'gamma': 0.7056708657858217, 'sigma_update': 0.40421216090306616, 'eta_learning': 2.663670666245418, 'sigma_boundary': 8.253091477047805, 'alpha': 0.9581762904598824}. Best is trial 144 with value: 0.08806507559735113.
[I 2026-03-04 02:49:31,490] Trial 186 finished with value: 0.10264203592413554 and parameters: {'sigma_noise': 0.2468382953234612, 'A_repulsion': 0.020551133776824437, 'gamma': 0.7063927773551265, 'sigma_update': 0.4033655682766376, 'eta_learning': 2.6652457615255876, 'sigma_boundary': 8.159088966169271, 'alpha': 0.934840948297515}. Best is trial 144 with value: 0.08806507559735113.
[I 2026-03-04 02:49:35,552] Trial 188 finished with value: 0.09394096520045528 and parameters: {'sigma_noise': 0.24856006999075905, 'A_repulsion': 0.019531676643855612, 'gamma': 0.6950497354760898, 'sigma_update': 0.6303666719461359, 'eta_learning': 2.66751275157733, 'sigma_boundary': 8.146105610178951, 'alpha': 0.9330943078661609}. Best is trial 144 with value: 0.08806507559735113.
[I 2026-03-04 02:49:42,102] Trial 189 finished with value: 0.09504867755898433 and parameters: {'sigma_noise': 0.24839677678317268, 'A_repulsion': 0.01954469487056394, 'gamma': 0.8257265046079847, 'sigma_update': 0.6359516552538854, 'eta_learning': 2.6771805125512453, 'sigma_boundary': 8.104954759471802, 'alpha': 0.9362383730599283}. Best is trial 144 with value: 0.08806507559735113.
[I 2026-03-04 02:49:48,620] Trial 191 finished with value: 0.09505385984749373 and parameters: {'sigma_noise': 0.25101532082695416, 'A_repulsion': 0.019914078841469375, 'gamma': 0.6989147535180884, 'sigma_update': 0.6311062260004641, 'eta_learning': 2.6784967363787753, 'sigma_boundary': 8.108223917554497, 'alpha': 0.9625484635729283}. Best is trial 144 with value: 0.08806507559735113.
[I 2026-03-04 02:49:50,652] Trial 194 finished with value: 0.09417782139981401 and parameters: {'sigma_noise': 0.24657919032656733, 'A_repulsion': 0.017424131907108613, 'gamma': 0.8490990800697358, 'sigma_update': 0.6445187985619703, 'eta_learning': 2.640466117804208, 'sigma_boundary': 8.07781013881741, 'alpha': 0.9357463873326298}. Best is trial 144 with value: 0.08806507559735113.
[I 2026-03-04 02:49:56,325] Trial 190 finished with value: 0.09154395612635077 and parameters: {'sigma_noise': 0.250305183065313, 'A_repulsion': 0.020518814752105416, 'gamma': 0.6992069694507379, 'sigma_update': 0.6369504824743539, 'eta_learning': 2.656993435868962, 'sigma_boundary': 8.06613878338075, 'alpha': 0.9493807667296748}. Best is trial 144 with value: 0.08806507559735113.
[I 2026-03-04 02:49:56,478] Trial 195 finished with value: 0.09235546893807682 and parameters: {'sigma_noise': 0.24679578060948562, 'A_repulsion': 0.0192976709100251, 'gamma': 0.7058552987061806, 'sigma_update': 0.6473286956734632, 'eta_learning': 2.6373553597083714, 'sigma_boundary': 8.095369535613786, 'alpha': 0.9344616870024709}. Best is trial 144 with value: 0.08806507559735113.
[I 2026-03-04 02:49:57,110] Trial 193 finished with value: 0.10017029877441042 and parameters: {'sigma_noise': 0.24776014698446253, 'A_repulsion': 0.019385352370538424, 'gamma': 0.8462418437051235, 'sigma_update': 0.6143520503066047, 'eta_learning': 2.6631901602325465, 'sigma_boundary': 8.090826790052711, 'alpha': 0.9393090108718698}. Best is trial 144 with value: 0.08806507559735113.
