[I 2026-03-04 02:12:24,874] Trial 9 finished with value: 0.17206764783286665 and parameters: {'sigma_noise': 0.22786625827255796, 'A_repulsion': 0.3412399600405522, 'gamma': 0.7252859095529324, 'sigma_update': 0.1632956283416914, 'eta_learning': 1.7455992597286538, 'sigma_boundary': 2.7691149680739624, 'alpha': 0.8067009951634992}. Best is trial 37 with value: 0.09735693313540955.
[I 2026-03-04 02:12:26,106] Trial 14 finished with value: 2.084237917526462 and parameters: {'sigma_noise': 0.34217969219505895, 'A_repulsion': 0.16024374591394092, 'gamma': 0.4020944460882663, 'sigma_update': 0.5757829036139894, 'eta_learning': 2.6279206817294494, 'sigma_boundary': 0.708303487495096, 'alpha': 0.1461831810960149}. Best is trial 37 with value: 0.09735693313540955.
[I 2026-03-04 02:12:33,825] Trial 22 finished with value: 0.21754770537727008 and parameters: {'sigma_noise': 0.244078646106628, 'A_repulsion': 0.3290861625491572, 'gamma': 0.29711431869327604, 'sigma_update': 0.519212685645243, 'eta_learning': 1.2199569578343854, 'sigma_boundary': 0.7466637687045588, 'alpha': 0.7356585881653468}. Best is trial 37 with value: 0.09735693313540955.
[I 2026-03-04 02:12:35,101] Trial 17 finished with value: 0.42126538734102403 and parameters: {'sigma_noise': 0.20915655190150595, 'A_repulsion': 0.4992187166956555, 'gamma': 0.09672744755694326, 'sigma_update': 0.43534086980730685, 'eta_learning': 1.2457296586773747, 'sigma_boundary': 7.980293661304045, 'alpha': 0.3996465263155663}. Best is trial 37 with value: 0.09735693313540955.
[I 2026-03-04 02:12:39,154] Trial 16 finished with value: 0.7081024818365456 and parameters: {'sigma_noise': 0.4349071532715728, 'A_repulsion': 0.03615148301602816, 'gamma': 0.19343296588290362, 'sigma_update': 0.031171707338111067, 'eta_learning': 0.3388029058649853, 'sigma_boundary': 4.801580691256801, 'alpha': 0.76459906216586}. Best is trial 37 with value: 0.09735693313540955.
[I 2026-03-04 02:12:39,579] Trial 7 finished with value: 0.7144301169403218 and parameters: {'sigma_noise': 0.3202990636706432, 'A_repulsion': 0.27899757713992024, 'gamma': 0.8803401980330878, 'sigma_update': 0.18771753356301557, 'eta_learning': 0.5605865278642723, 'sigma_boundary': 7.932843356404247, 'alpha': 0.3646054228201048}. Best is trial 37 with value: 0.09735693313540955.
[I 2026-03-04 02:13:14,968] Trial 3 finished with value: 0.3780569769770993 and parameters: {'sigma_noise': 0.3538437840262419, 'A_repulsion': 0.3700270080094294, 'gamma': 0.4528085804329049, 'sigma_update': 0.5633061648536677, 'eta_learning': 0.9010036017192168, 'sigma_boundary': 7.188701095384538, 'alpha': 0.6876340770640627}. Best is trial 37 with value: 0.09735693313540955.
[I 2026-03-04 02:13:18,613] Trial 6 finished with value: 0.17850667469170015 and parameters: {'sigma_noise': 0.33601106649953827, 'A_repulsion': 0.4135162996839508, 'gamma': 0.6519568278113992, 'sigma_update': 0.41438452010936744, 'eta_learning': 2.2740943538784144, 'sigma_boundary': 5.5257375273069815, 'alpha': 0.8064735535895589}. Best is trial 37 with value: 0.09735693313540955.
[I 2026-03-04 02:13:25,594] Trial 28 finished with value: 0.3178649197430161 and parameters: {'sigma_noise': 0.3495211690275345, 'A_repulsion': 0.40481497795529897, 'gamma': 0.4868409699338622, 'sigma_update': 0.13638176088099518, 'eta_learning': 0.5318859462575231, 'sigma_boundary': 6.042955544493416, 'alpha': 0.9919062653716333}. Best is trial 37 with value: 0.09735693313540955.
[I 2026-03-04 02:13:28,128] Trial 4 finished with value: 2.1596278105890145 and parameters: {'sigma_noise': 0.39629938503604917, 'A_repulsion': 0.32773663771583483, 'gamma': 0.7305964583268856, 'sigma_update': 0.1305902710825801, 'eta_learning': 1.2933515391137524, 'sigma_boundary': 1.5747244736503214, 'alpha': 0.09499113020779337}. Best is trial 37 with value: 0.09735693313540955.
[I 2026-03-04 02:13:29,485] Trial 30 finished with value: 1.7635855575663943 and parameters: {'sigma_noise': 0.3937047339260209, 'A_repulsion': 0.28603468024653966, 'gamma': 0.5882204935645272, 'sigma_update': 0.15893809536882111, 'eta_learning': 0.2172882316816455, 'sigma_boundary': 4.299420815446464, 'alpha': 0.021479429611528045}. Best is trial 37 with value: 0.09735693313540955.
[I 2026-03-04 02:13:29,941] Trial 10 finished with value: 0.32830389056423026 and parameters: {'sigma_noise': 0.4044784862640584, 'A_repulsion': 0.33344209784568224, 'gamma': 0.8002876470740367, 'sigma_update': 0.4741519514978278, 'eta_learning': 0.12325818520984592, 'sigma_boundary': 4.831175920834849, 'alpha': 0.31294017813654573}. Best is trial 37 with value: 0.09735693313540955.
[I 2026-03-04 02:13:38,027] Trial 19 finished with value: 1.7437829040232913 and parameters: {'sigma_noise': 0.3521908865210071, 'A_repulsion': 0.40438999070737003, 'gamma': 0.551460416364069, 'sigma_update': 0.1310572298600317, 'eta_learning': 2.695100195402722, 'sigma_boundary': 6.05088502391367, 'alpha': 0.32705932634964585}. Best is trial 37 with value: 0.09735693313540955.
[I 2026-03-04 02:13:41,804] Trial 38 finished with value: 0.6874627325254916 and parameters: {'sigma_noise': 0.37001251248295264, 'A_repulsion': 0.35568988587007594, 'gamma': 0.5922509531311285, 'sigma_update': 0.025517688123891137, 'eta_learning': 2.6772268949248312, 'sigma_boundary': 8.269013455764782, 'alpha': 0.9953698345902746}. Best is trial 37 with value: 0.09735693313540955.
[I 2026-03-04 02:13:43,082] Trial 24 finished with value: 2.1462817119270294 and parameters: {'sigma_noise': 0.3402090561217668, 'A_repulsion': 0.44830631266571636, 'gamma': 0.9196663268323386, 'sigma_update': 0.4371684713947953, 'eta_learning': 2.5763197423671507, 'sigma_boundary': 2.874283203801146, 'alpha': 0.20135597836126662}. Best is trial 37 with value: 0.09735693313540955.
[I 2026-03-04 02:15:54,225] Trial 40 finished with value: 0.2009987947846047 and parameters: {'sigma_noise': 0.11186887310082026, 'A_repulsion': 0.08850889034458398, 'gamma': 0.29947134212839893, 'sigma_update': 0.6669579394063513, 'eta_learning': 1.5860969235165945, 'sigma_boundary': 6.387314310892236, 'alpha': 0.7438418785856102}. Best is trial 37 with value: 0.09735693313540955.
[I 2026-03-04 02:16:47,676] Trial 44 finished with value: 0.16615353757267387 and parameters: {'sigma_noise': 0.1251718316524305, 'A_repulsion': 0.10919768580377454, 'gamma': 0.6536566313160976, 'sigma_update': 0.3773272016319169, 'eta_learning': 0.9566030045176729, 'sigma_boundary': 6.649514809472341, 'alpha': 0.9695788881257308}. Best is trial 37 with value: 0.09735693313540955.
[I 2026-03-04 02:17:13,345] Trial 41 finished with value: 0.9455998080631159 and parameters: {'sigma_noise': 0.24612025044527736, 'A_repulsion': 0.014174795843182764, 'gamma': 0.36150505817504613, 'sigma_update': 0.673212799625187, 'eta_learning': 0.47446725704088555, 'sigma_boundary': 2.824585248276735, 'alpha': 0.07195512993070774}. Best is trial 37 with value: 0.09735693313540955.
[I 2026-03-04 02:18:28,562] Trial 42 finished with value: 1.6558217473386747 and parameters: {'sigma_noise': 0.15568972899269046, 'A_repulsion': 0.38152112996215426, 'gamma': 0.7207196768896948, 'sigma_update': 0.1650393570466944, 'eta_learning': 1.59994227168069, 'sigma_boundary': 4.971122577782414, 'alpha': 0.1814031771941994}. Best is trial 37 with value: 0.09735693313540955.
[I 2026-03-04 02:18:30,619] Trial 46 finished with value: 0.20690915767025717 and parameters: {'sigma_noise': 0.14361376878859156, 'A_repulsion': 0.3989860081652593, 'gamma': 0.6734886066942524, 'sigma_update': 0.28095447941659846, 'eta_learning': 0.10104765448617477, 'sigma_boundary': 4.978181939959152, 'alpha': 0.7279536958257167}. Best is trial 37 with value: 0.09735693313540955.
[I 2026-03-04 02:18:57,050] Trial 45 finished with value: 0.1888419712605335 and parameters: {'sigma_noise': 0.2152802830170884, 'A_repulsion': 0.31707000055301676, 'gamma': 0.6792161356481695, 'sigma_update': 0.6585110632674326, 'eta_learning': 2.46938177823063, 'sigma_boundary': 5.468812661095712, 'alpha': 0.6393655414472682}. Best is trial 37 with value: 0.09735693313540955.
[I 2026-03-04 02:19:03,115] Trial 43 finished with value: 0.24525269968172436 and parameters: {'sigma_noise': 0.25049554703447907, 'A_repulsion': 0.3433324317152028, 'gamma': 0.12514038065240443, 'sigma_update': 0.18288689628089527, 'eta_learning': 1.8691547792745764, 'sigma_boundary': 3.186148112367993, 'alpha': 0.988602087895266}. Best is trial 37 with value: 0.09735693313540955.
[I 2026-03-04 02:19:49,497] Trial 47 finished with value: 1.937738619334219 and parameters: {'sigma_noise': 0.177652278673972, 'A_repulsion': 0.44803437588329287, 'gamma': 0.2069360238573113, 'sigma_update': 0.3092062069819305, 'eta_learning': 1.3445338651870176, 'sigma_boundary': 9.647596574515633, 'alpha': 0.16294212429596255}. Best is trial 37 with value: 0.09735693313540955.
[I 2026-03-04 02:19:55,704] Trial 50 finished with value: 0.2675218915149851 and parameters: {'sigma_noise': 0.2799834834827277, 'A_repulsion': 0.23199335738700347, 'gamma': 0.0652387763886153, 'sigma_update': 0.5315923838732656, 'eta_learning': 0.0476646786618779, 'sigma_boundary': 5.595002108918599, 'alpha': 0.9769781010320444}. Best is trial 37 with value: 0.09735693313540955.
[I 2026-03-04 02:20:08,015] Trial 52 finished with value: 0.1601014439696709 and parameters: {'sigma_noise': 0.31574591162988364, 'A_repulsion': 0.24767405085797667, 'gamma': 0.9339162765140478, 'sigma_update': 0.5284540362833967, 'eta_learning': 0.1846408864751543, 'sigma_boundary': 6.478819692939614, 'alpha': 0.9425640627287484}. Best is trial 37 with value: 0.09735693313540955.
[I 2026-03-04 02:20:09,806] Trial 51 finished with value: 0.2605247584950591 and parameters: {'sigma_noise': 0.3188492977238597, 'A_repulsion': 0.2456399370675474, 'gamma': 0.05478644794201204, 'sigma_update': 0.5091543230772996, 'eta_learning': 0.11576789527329323, 'sigma_boundary': 5.97902760780811, 'alpha': 0.9316444670305685}. Best is trial 37 with value: 0.09735693313540955.
[I 2026-03-04 02:20:44,103] Trial 54 finished with value: 0.31739679547457034 and parameters: {'sigma_noise': 0.3473647062487338, 'A_repulsion': 0.23794733898918866, 'gamma': 0.016273768408998024, 'sigma_update': 0.5249995246640702, 'eta_learning': 0.11226554775647395, 'sigma_boundary': 2.081748927492267, 'alpha': 0.7293495465925862}. Best is trial 37 with value: 0.09735693313540955.
[I 2026-03-04 02:20:46,283] Trial 53 finished with value: 0.27875050497146686 and parameters: {'sigma_noise': 0.35567050344819345, 'A_repulsion': 0.232719367977121, 'gamma': 0.07105472986987671, 'sigma_update': 0.5373649705231383, 'eta_learning': 0.052117854155754095, 'sigma_boundary': 1.9890683034790628, 'alpha': 0.7686219206336639}. Best is trial 37 with value: 0.09735693313540955.
[I 2026-03-04 02:20:53,547] Trial 55 finished with value: 0.2989377204328736 and parameters: {'sigma_noise': 0.34464133538126185, 'A_repulsion': 0.21524069121244377, 'gamma': 0.04213716956868274, 'sigma_update': 0.5483657980645515, 'eta_learning': 0.02952590309802658, 'sigma_boundary': 2.0863181722781245, 'alpha': 0.7563890227657541}. Best is trial 37 with value: 0.09735693313540955.
[I 2026-03-04 02:21:04,092] Trial 49 finished with value: 0.3487566953091614 and parameters: {'sigma_noise': 0.37921609346989715, 'A_repulsion': 0.43977339093237533, 'gamma': 0.01811125658271001, 'sigma_update': 0.556578720807455, 'eta_learning': 0.03775435925816917, 'sigma_boundary': 2.0464531186077566, 'alpha': 0.7104352452907948}. Best is trial 37 with value: 0.09735693313540955.
[I 2026-03-04 02:21:09,335] Trial 48 finished with value: 1.7032832235573798 and parameters: {'sigma_noise': 0.4174344345314174, 'A_repulsion': 0.4288465383764562, 'gamma': 0.5179291211107613, 'sigma_update': 0.24347807551164793, 'eta_learning': 0.6131677998576056, 'sigma_boundary': 5.944417113789379, 'alpha': 0.3274649605622407}. Best is trial 37 with value: 0.09735693313540955.
[I 2026-03-04 02:21:25,638] Trial 56 finished with value: 0.39407901516551835 and parameters: {'sigma_noise': 0.3686174369489498, 'A_repulsion': 0.23999395229448897, 'gamma': 0.03332468441959813, 'sigma_update': 0.5204584022246188, 'eta_learning': 2.2999272075665176, 'sigma_boundary': 1.9884068599064313, 'alpha': 0.7468464728343471}. Best is trial 37 with value: 0.09735693313540955.
[I 2026-03-04 02:21:37,376] Trial 57 finished with value: 0.17571791556072303 and parameters: {'sigma_noise': 0.3380477094997477, 'A_repulsion': 0.26029109902634756, 'gamma': 0.611914547659548, 'sigma_update': 0.5276286017914549, 'eta_learning': 2.087440875910474, 'sigma_boundary': 0.135720904783746, 'alpha': 0.9839514076624888}. Best is trial 37 with value: 0.09735693313540955.
[I 2026-03-04 02:21:41,380] Trial 61 finished with value: 0.3506844440623988 and parameters: {'sigma_noise': 0.3409787438714762, 'A_repulsion': 0.1828291556707312, 'gamma': 0.08035220916499769, 'sigma_update': 0.547686645347841, 'eta_learning': 2.3482223319537225, 'sigma_boundary': 0.44326656754695226, 'alpha': 0.8055735928543794}. Best is trial 37 with value: 0.09735693313540955.
[I 2026-03-04 02:21:46,290] Trial 58 finished with value: 0.19632396504663632 and parameters: {'sigma_noise': 0.3338458112078038, 'A_repulsion': 0.24843940502203404, 'gamma': 0.5695412196459793, 'sigma_update': 0.5263257865608401, 'eta_learning': 2.316139600680782, 'sigma_boundary': 0.03585685288003582, 'alpha': 0.7971924448961724}. Best is trial 37 with value: 0.09735693313540955.
[I 2026-03-04 02:21:54,373] Trial 60 finished with value: 0.29436097313958676 and parameters: {'sigma_noise': 0.3282991998695116, 'A_repulsion': 0.23306984643063444, 'gamma': 0.03288875619316976, 'sigma_update': 0.5410581032820342, 'eta_learning': 2.3020535291834827, 'sigma_boundary': 0.1973247844957522, 'alpha': 0.8068826226025483}. Best is trial 37 with value: 0.09735693313540955.
[I 2026-03-04 02:21:59,277] Trial 59 finished with value: 0.21597478871066073 and parameters: {'sigma_noise': 0.353173231956532, 'A_repulsion': 0.24755332215881187, 'gamma': 0.5858863608873465, 'sigma_update': 0.5073915207729964, 'eta_learning': 2.368419471642347, 'sigma_boundary': 0.4967491377823405, 'alpha': 0.80228125402884}. Best is trial 37 with value: 0.09735693313540955.
[I 2026-03-04 02:22:04,715] Trial 63 finished with value: 0.30136848311881814 and parameters: {'sigma_noise': 0.2951198620537101, 'A_repulsion': 0.2240977470605013, 'gamma': 0.04489463995331622, 'sigma_update': 0.5396902226122808, 'eta_learning': 2.3412468415531826, 'sigma_boundary': 0.20418552887238772, 'alpha': 0.7955721615600283}. Best is trial 37 with value: 0.09735693313540955.
[I 2026-03-04 02:22:07,137] Trial 64 finished with value: 0.15455106276982655 and parameters: {'sigma_noise': 0.29953926773101963, 'A_repulsion': 0.2263920539598078, 'gamma': 0.5928700947753706, 'sigma_update': 0.5329828253553571, 'eta_learning': 2.357860040491005, 'sigma_boundary': 0.0782160226196593, 'alpha': 0.7828333468775358}. Best is trial 37 with value: 0.09735693313540955.
[I 2026-03-04 02:22:17,956] Trial 66 finished with value: 0.14883468620047446 and parameters: {'sigma_noise': 0.2833437073760622, 'A_repulsion': 0.23064684155664872, 'gamma': 0.6274181840090783, 'sigma_update': 0.32737753251968416, 'eta_learning': 2.383935502254305, 'sigma_boundary': 8.619053699690507, 'alpha': 0.6916793712123551}. Best is trial 37 with value: 0.09735693313540955.
[I 2026-03-04 02:22:21,617] Trial 65 finished with value: 0.1611385953555789 and parameters: {'sigma_noise': 0.31882963634857436, 'A_repulsion': 0.22996079766189179, 'gamma': 0.5814673525410683, 'sigma_update': 0.2993720144058717, 'eta_learning': 2.3685041064686203, 'sigma_boundary': 0.2013825909532645, 'alpha': 0.6706012377638197}. Best is trial 37 with value: 0.09735693313540955.
[I 2026-03-04 02:22:34,798] Trial 62 finished with value: 0.32669155534646677 and parameters: {'sigma_noise': 0.3465436367444962, 'A_repulsion': 0.25238525567760284, 'gamma': 0.06075627866752703, 'sigma_update': 0.5484100157740123, 'eta_learning': 2.3967486360934624, 'sigma_boundary': 0.016445078395735793, 'alpha': 0.805678076280956}. Best is trial 37 with value: 0.09735693313540955.
[I 2026-03-04 02:22:38,137] Trial 70 finished with value: 0.15479065470737424 and parameters: {'sigma_noise': 0.27981064842680814, 'A_repulsion': 0.22040840600538966, 'gamma': 0.590342456881976, 'sigma_update': 0.31409400774559587, 'eta_learning': 2.2869437438605265, 'sigma_boundary': 1.9407916834540133, 'alpha': 0.6460872299182907}. Best is trial 37 with value: 0.09735693313540955.
[I 2026-03-04 02:22:41,116] Trial 68 finished with value: 0.1670171962220786 and parameters: {'sigma_noise': 0.31361144923850803, 'A_repulsion': 0.23626807211382814, 'gamma': 0.6180159596290867, 'sigma_update': 0.3188789739985434, 'eta_learning': 2.3547066717780254, 'sigma_boundary': 1.2330983063923435, 'alpha': 0.6452837270303226}. Best is trial 37 with value: 0.09735693313540955.
[I 2026-03-04 02:22:43,362] Trial 67 finished with value: 0.14023205326227814 and parameters: {'sigma_noise': 0.2946973432946041, 'A_repulsion': 0.23732802860840774, 'gamma': 0.6355108958847031, 'sigma_update': 0.3015715734446313, 'eta_learning': 2.987524014029173, 'sigma_boundary': 8.695513757475645, 'alpha': 0.8479341795349873}. Best is trial 37 with value: 0.09735693313540955.
[I 2026-03-04 02:22:53,024] Trial 69 finished with value: 0.15002855415912184 and parameters: {'sigma_noise': 0.2844032793443687, 'A_repulsion': 0.23618319841479732, 'gamma': 0.6197097126932665, 'sigma_update': 0.31121574712282746, 'eta_learning': 2.2979196286618695, 'sigma_boundary': 0.039216913296130446, 'alpha': 0.6470999346143081}. Best is trial 37 with value: 0.09735693313540955.
[I 2026-03-04 02:22:53,133] Trial 75 finished with value: 0.19998118192888148 and parameters: {'sigma_noise': 0.27200344655358716, 'A_repulsion': 0.19958319573444855, 'gamma': 0.018663438783304443, 'sigma_update': 0.32733558477548225, 'eta_learning': 2.3308894264097377, 'sigma_boundary': 0.13629797018259338, 'alpha': 0.6453471832047522}. Best is trial 37 with value: 0.09735693313540955.
[I 2026-03-04 02:22:57,096] Trial 74 finished with value: 0.14200261372269637 and parameters: {'sigma_noise': 0.2797903250432229, 'A_repulsion': 0.20888889267677024, 'gamma': 0.5623585344931044, 'sigma_update': 0.3309050271517771, 'eta_learning': 2.336002327844955, 'sigma_boundary': 2.2479582422382887, 'alpha': 0.8711184364083072}. Best is trial 37 with value: 0.09735693313540955.
[I 2026-03-04 02:23:04,924] Trial 72 finished with value: 0.15346152062535418 and parameters: {'sigma_noise': 0.28419144192021956, 'A_repulsion': 0.2050780574314903, 'gamma': 0.5716146259196855, 'sigma_update': 0.32945146158977784, 'eta_learning': 2.33021154501285, 'sigma_boundary': 1.8055994961636375, 'alpha': 0.6540384906951664}. Best is trial 37 with value: 0.09735693313540955.
[I 2026-03-04 02:23:09,291] Trial 73 finished with value: 0.13634761271478157 and parameters: {'sigma_noise': 0.2807269221214587, 'A_repulsion': 0.20609701161535413, 'gamma': 0.5801303042215187, 'sigma_update': 0.3066610778127232, 'eta_learning': 2.519830911158326, 'sigma_boundary': 2.068622572555989, 'alpha': 0.8597914214395503}. Best is trial 37 with value: 0.09735693313540955.
[I 2026-03-04 02:23:17,290] Trial 71 finished with value: 0.16603105212848807 and parameters: {'sigma_noise': 0.30474644822182534, 'A_repulsion': 0.21671424230352754, 'gamma': 0.5979044806779407, 'sigma_update': 0.33085782008748976, 'eta_learning': 2.3455222402166283, 'sigma_boundary': 1.8023903258395615, 'alpha': 0.8484661856477893}. Best is trial 37 with value: 0.09735693313540955.
[I 2026-03-04 02:23:27,088] Trial 78 finished with value: 0.19815624068838097 and parameters: {'sigma_noise': 0.2856127689169896, 'A_repulsion': 0.2044896625599035, 'gamma': 0.05495282544932795, 'sigma_update': 0.3264691750691817, 'eta_learning': 2.365295474022056, 'sigma_boundary': 2.2513878841735213, 'alpha': 0.6279703495713996}. Best is trial 37 with value: 0.09735693313540955.
[I 2026-03-04 02:23:34,463] Trial 77 finished with value: 0.21685097884069252 and parameters: {'sigma_noise': 0.2946932677788409, 'A_repulsion': 0.2051634992172865, 'gamma': 0.012753799992997195, 'sigma_update': 0.31186957071380067, 'eta_learning': 2.9839953944509956, 'sigma_boundary': 0.03647608166823073, 'alpha': 0.6279685928305269}. Best is trial 37 with value: 0.09735693313540955.
[I 2026-03-04 02:23:34,621] Trial 76 finished with value: 0.15458842611572865 and parameters: {'sigma_noise': 0.3079854743034491, 'A_repulsion': 0.21382802726193478, 'gamma': 0.5834482740704896, 'sigma_update': 0.31219410825840244, 'eta_learning': 2.3884045957148805, 'sigma_boundary': 0.24219743184293496, 'alpha': 0.6463824959907297}. Best is trial 37 with value: 0.09735693313540955.
[I 2026-03-04 02:23:36,422] Trial 79 finished with value: 0.126736320961377 and parameters: {'sigma_noise': 0.2921617309445137, 'A_repulsion': 0.20480711695737236, 'gamma': 0.7695831262798023, 'sigma_update': 0.3216723281454803, 'eta_learning': 2.907944191855025, 'sigma_boundary': 2.266797102323322, 'alpha': 0.63470264059334}. Best is trial 37 with value: 0.09735693313540955.
[I 2026-03-04 02:26:00,935] Trial 80 finished with value: 0.14881059660853946 and parameters: {'sigma_noise': 0.3006855214395401, 'A_repulsion': 0.22870905868981492, 'gamma': 0.9771699833606438, 'sigma_update': 0.32364297790385826, 'eta_learning': 2.3668000911444436, 'sigma_boundary': 8.930905554569362, 'alpha': 0.8793129313326087}. Best is trial 37 with value: 0.09735693313540955.
[I 2026-03-04 02:26:09,244] Trial 82 finished with value: 0.1336004661297229 and parameters: {'sigma_noise': 0.17964577294198678, 'A_repulsion': 0.2073902580399271, 'gamma': 0.6518136476598638, 'sigma_update': 0.3389727346043737, 'eta_learning': 2.939302756654633, 'sigma_boundary': 0.08295601439339155, 'alpha': 0.8718719027537952}. Best is trial 37 with value: 0.09735693313540955.
