[I 2026-03-04 01:36:29,750] Trial 78 finished with value: 0.6494353102495484 and parameters: {'sigma_noise': 0.18608249775223049, 'A_repulsion': 0.005617900180646108, 'gamma': 0.6284088976349181, 'sigma_update': 0.01227209072830765, 'eta_learning': 0.6527917279950599, 'sigma_boundary': 6.30067971614587, 'alpha': 0.8679979768061252}. Best is trial 26 with value: 0.04717816040107002.
[I 2026-03-04 01:36:30,822] Trial 48 finished with value: 0.15799999890095912 and parameters: {'sigma_noise': 0.3401559680191977, 'A_repulsion': 0.4515474388652039, 'gamma': 0.9184433355889841, 'sigma_update': 0.2951477562801099, 'eta_learning': 0.06618729419574491, 'sigma_boundary': 8.397116189639785, 'alpha': 0.6439733401115613}. Best is trial 26 with value: 0.04717816040107002.
[I 2026-03-04 01:36:39,331] Trial 50 finished with value: 2.076255061037824 and parameters: {'sigma_noise': 0.33236847185097107, 'A_repulsion': 0.45540216095987673, 'gamma': 0.6170788520593874, 'sigma_update': 0.17253407647091185, 'eta_learning': 0.8438056792304551, 'sigma_boundary': 0.8475305448755264, 'alpha': 0.010416691949990675}. Best is trial 26 with value: 0.04717816040107002.
[I 2026-03-04 01:36:42,850] Trial 79 finished with value: 0.08380885312359626 and parameters: {'sigma_noise': 0.187517280550552, 'A_repulsion': 0.008436105080921158, 'gamma': 0.6135351133887357, 'sigma_update': 0.07088973677857113, 'eta_learning': 0.055643122648220716, 'sigma_boundary': 8.647950995194678, 'alpha': 0.010119252233855514}. Best is trial 26 with value: 0.04717816040107002.
[I 2026-03-04 01:36:47,741] Trial 61 finished with value: 1.7209247321064902 and parameters: {'sigma_noise': 0.3579037739654088, 'A_repulsion': 0.0014551930732137341, 'gamma': 0.6664562634087041, 'sigma_update': 0.033946774317583306, 'eta_learning': 0.7639068807115439, 'sigma_boundary': 8.617385752549389, 'alpha': 0.10389100692423248}. Best is trial 26 with value: 0.04717816040107002.
[I 2026-03-04 01:36:48,722] Trial 51 finished with value: 2.0762565621632527 and parameters: {'sigma_noise': 0.3055176812568031, 'A_repulsion': 0.4107555419001779, 'gamma': 0.6542358025462955, 'sigma_update': 0.16831045873258604, 'eta_learning': 1.811732302598938, 'sigma_boundary': 6.308546391176755, 'alpha': 0.05569919929687553}. Best is trial 26 with value: 0.04717816040107002.
[I 2026-03-04 01:36:49,501] Trial 71 finished with value: 1.6700446840090182 and parameters: {'sigma_noise': 0.28205431134313597, 'A_repulsion': 0.015703076835245716, 'gamma': 0.6695622236627771, 'sigma_update': 0.06840279541292187, 'eta_learning': 2.0662435589410832, 'sigma_boundary': 8.441214153338247, 'alpha': 0.05899617884978954}. Best is trial 26 with value: 0.04717816040107002.
[I 2026-03-04 01:37:02,479] Trial 59 finished with value: 2.1250587576628477 and parameters: {'sigma_noise': 0.3433192221278186, 'A_repulsion': 0.16584507247200642, 'gamma': 0.711615603894223, 'sigma_update': 0.07176693262874817, 'eta_learning': 0.7380653931669253, 'sigma_boundary': 7.15397658522231, 'alpha': 0.02105958368042657}. Best is trial 26 with value: 0.04717816040107002.
[I 2026-03-04 01:37:05,346] Trial 72 finished with value: 1.4696503741959315 and parameters: {'sigma_noise': 0.18230157563481703, 'A_repulsion': 0.19113492214299735, 'gamma': 0.6543698590798107, 'sigma_update': 0.023898394371690612, 'eta_learning': 0.6141092779068521, 'sigma_boundary': 8.926595378759966, 'alpha': 0.05204493009788287}. Best is trial 26 with value: 0.04717816040107002.
[I 2026-03-04 01:37:08,745] Trial 68 finished with value: 1.6964871556796322 and parameters: {'sigma_noise': 0.3222841429810459, 'A_repulsion': 0.010884400238799885, 'gamma': 0.6738368939075997, 'sigma_update': 0.05633296746890985, 'eta_learning': 0.6705861197075185, 'sigma_boundary': 8.844692932532787, 'alpha': 0.009860846278501423}. Best is trial 26 with value: 0.04717816040107002.
[I 2026-03-04 01:37:16,609] Trial 49 finished with value: 2.076255061037824 and parameters: {'sigma_noise': 0.3398635612166344, 'A_repulsion': 0.45896252879171806, 'gamma': 0.6164171650535648, 'sigma_update': 0.013109526087062062, 'eta_learning': 2.2093080890803, 'sigma_boundary': 0.9295254450512553, 'alpha': 0.022742668589214837}. Best is trial 26 with value: 0.04717816040107002.
[I 2026-03-04 01:37:19,961] Trial 60 finished with value: 2.044929385657987 and parameters: {'sigma_noise': 0.3041559292957896, 'A_repulsion': 0.15463447174776768, 'gamma': 0.6850499031590355, 'sigma_update': 0.022581803887155832, 'eta_learning': 0.7663345147429311, 'sigma_boundary': 8.30531594574202, 'alpha': 0.04032265022124015}. Best is trial 26 with value: 0.04717816040107002.
[I 2026-03-04 01:37:26,852] Trial 56 finished with value: 2.076654636818735 and parameters: {'sigma_noise': 0.3206117645773311, 'A_repulsion': 0.3528645480318365, 'gamma': 0.7486401034060775, 'sigma_update': 0.19455113771143326, 'eta_learning': 0.7575292296876575, 'sigma_boundary': 6.012026942564663, 'alpha': 0.04463813217640544}. Best is trial 26 with value: 0.04717816040107002.
[I 2026-03-04 01:37:27,841] Trial 54 finished with value: 2.0762565621632527 and parameters: {'sigma_noise': 0.3265725714033804, 'A_repulsion': 0.3735979171376687, 'gamma': 0.7182734713693292, 'sigma_update': 0.15722879325167466, 'eta_learning': 1.805773877249544, 'sigma_boundary': 6.11843417467559, 'alpha': 0.0019543682922005257}. Best is trial 26 with value: 0.04717816040107002.
[I 2026-03-04 01:37:32,823] Trial 53 finished with value: 2.076255061037824 and parameters: {'sigma_noise': 0.3284593353649354, 'A_repulsion': 0.4353601433183584, 'gamma': 0.9945018261144347, 'sigma_update': 0.15870201899736144, 'eta_learning': 1.6068085745411713, 'sigma_boundary': 7.3191781014529225, 'alpha': 0.10585434885637718}. Best is trial 26 with value: 0.04717816040107002.
[I 2026-03-04 01:37:39,082] Trial 62 finished with value: 1.7766004531017479 and parameters: {'sigma_noise': 0.37351922466430465, 'A_repulsion': 0.00143561271390244, 'gamma': 0.6507765395710985, 'sigma_update': 0.03228456190822232, 'eta_learning': 0.7502029338740288, 'sigma_boundary': 6.706558705564771, 'alpha': 0.09235894784171533}. Best is trial 26 with value: 0.04717816040107002.
[I 2026-03-04 01:37:43,378] Trial 52 finished with value: 2.076255061037824 and parameters: {'sigma_noise': 0.33933228795399584, 'A_repulsion': 0.4595008983308102, 'gamma': 0.6542622800657169, 'sigma_update': 0.18102842402180983, 'eta_learning': 1.843422085061287, 'sigma_boundary': 6.617976818756954, 'alpha': 0.012507302761549183}. Best is trial 26 with value: 0.04717816040107002.
[I 2026-03-04 01:37:51,560] Trial 55 finished with value: 2.071548601275205 and parameters: {'sigma_noise': 0.3335816748417021, 'A_repulsion': 0.35423314242359294, 'gamma': 0.9908264570739106, 'sigma_update': 0.1720117981270818, 'eta_learning': 0.7394533001295824, 'sigma_boundary': 7.4497308848746995, 'alpha': 0.10571652769523654}. Best is trial 26 with value: 0.04717816040107002.
[I 2026-03-04 01:37:55,245] Trial 57 finished with value: 2.076421801630458 and parameters: {'sigma_noise': 0.3161190536825085, 'A_repulsion': 0.39751308371445304, 'gamma': 0.6731369169104451, 'sigma_update': 0.011269561670247508, 'eta_learning': 0.7285039408751804, 'sigma_boundary': 6.046197990843636, 'alpha': 0.03945966295829623}. Best is trial 26 with value: 0.04717816040107002.
[I 2026-03-04 01:38:03,425] Trial 58 finished with value: 2.0762565621632527 and parameters: {'sigma_noise': 0.32016241779263344, 'A_repulsion': 0.4036674189436067, 'gamma': 0.7837635135858922, 'sigma_update': 0.02757754097246648, 'eta_learning': 0.7404253994438197, 'sigma_boundary': 6.809332984637451, 'alpha': 0.04065553375617126}. Best is trial 26 with value: 0.04717816040107002.
[I 2026-03-04 01:38:04,724] Trial 77 finished with value: 0.1354230464867281 and parameters: {'sigma_noise': 0.18368560202715953, 'A_repulsion': 0.19429955589106068, 'gamma': 0.6394883775660991, 'sigma_update': 0.08048332654522972, 'eta_learning': 0.7072389575168498, 'sigma_boundary': 9.955530376588559, 'alpha': 0.8717227354804838}. Best is trial 26 with value: 0.04717816040107002.
[I 2026-03-04 01:38:10,897] Trial 67 finished with value: 2.0318795714357183 and parameters: {'sigma_noise': 0.27494825725579325, 'A_repulsion': 0.16692486880968793, 'gamma': 0.6375757752564535, 'sigma_update': 0.06324303559899258, 'eta_learning': 0.6192547105539026, 'sigma_boundary': 8.61227229611779, 'alpha': 0.005017576065364543}. Best is trial 26 with value: 0.04717816040107002.
[I 2026-03-04 01:38:13,033] Trial 63 finished with value: 1.9227239182535172 and parameters: {'sigma_noise': 0.2789806098835354, 'A_repulsion': 0.16811456332277233, 'gamma': 0.6591374797517824, 'sigma_update': 0.0707655344008975, 'eta_learning': 0.6709249015755443, 'sigma_boundary': 8.54506615999463, 'alpha': 0.08982106574575643}. Best is trial 26 with value: 0.04717816040107002.
[I 2026-03-04 01:38:27,027] Trial 69 finished with value: 2.0552192633139983 and parameters: {'sigma_noise': 0.3042402755765331, 'A_repulsion': 0.17671397820948412, 'gamma': 0.6206950820326096, 'sigma_update': 0.09929018159434058, 'eta_learning': 0.6774214193184989, 'sigma_boundary': 8.852845169818337, 'alpha': 0.003018835500578909}. Best is trial 26 with value: 0.04717816040107002.
[I 2026-03-04 01:38:46,081] Trial 80 finished with value: 1.063883765639598 and parameters: {'sigma_noise': 0.18124298736185357, 'A_repulsion': 0.0025485244332952364, 'gamma': 0.6511491247707646, 'sigma_update': 0.07320667100463085, 'eta_learning': 2.253230100577544, 'sigma_boundary': 6.214027034722298, 'alpha': 0.0565868939089387}. Best is trial 26 with value: 0.04717816040107002.
[I 2026-03-04 01:42:46,607] Trial 87 finished with value: 0.10421589188034208 and parameters: {'sigma_noise': 0.19229742636070163, 'A_repulsion': 0.10894752858883844, 'gamma': 0.7534282400065292, 'sigma_update': 0.629302931131445, 'eta_learning': 0.04652359530003913, 'sigma_boundary': 6.364918434033414, 'alpha': 0.878538367540795}. Best is trial 26 with value: 0.04717816040107002.
[I 2026-03-04 01:42:49,259] Trial 81 finished with value: 1.811743135814042 and parameters: {'sigma_noise': 0.19089910908252206, 'A_repulsion': 0.1779711578890791, 'gamma': 0.7597526221319348, 'sigma_update': 0.6436975488621361, 'eta_learning': 1.9812540042122089, 'sigma_boundary': 6.4196546670632255, 'alpha': 0.07218316531201924}. Best is trial 26 with value: 0.04717816040107002.
[I 2026-03-04 01:43:00,390] Trial 82 finished with value: 0.09584820196934117 and parameters: {'sigma_noise': 0.17146412566245559, 'A_repulsion': 0.18139988168195592, 'gamma': 0.6028195680968557, 'sigma_update': 0.6316929889911174, 'eta_learning': 2.179824312368932, 'sigma_boundary': 9.908423531385308, 'alpha': 0.897914352236276}. Best is trial 26 with value: 0.04717816040107002.
[I 2026-03-04 01:43:01,930] Trial 86 finished with value: 0.11380602100423523 and parameters: {'sigma_noise': 0.18627549058023052, 'A_repulsion': 0.1200184480207937, 'gamma': 0.7553696555150987, 'sigma_update': 0.6282141377936319, 'eta_learning': 0.07307120266204814, 'sigma_boundary': 6.572303269404825, 'alpha': 0.8561851799802547}. Best is trial 26 with value: 0.04717816040107002.
[I 2026-03-04 01:43:04,847] Trial 83 finished with value: 0.08264908564313142 and parameters: {'sigma_noise': 0.17891302159476324, 'A_repulsion': 0.17464682207522894, 'gamma': 0.606547188904432, 'sigma_update': 0.6433580988230356, 'eta_learning': 2.296812955449571, 'sigma_boundary': 6.35164673541912, 'alpha': 0.8903005961386797}. Best is trial 26 with value: 0.04717816040107002.
[I 2026-03-04 01:43:11,276] Trial 84 finished with value: 0.09792364399736897 and parameters: {'sigma_noise': 0.184331470411986, 'A_repulsion': 0.18129586172080914, 'gamma': 0.5883130623733628, 'sigma_update': 0.6258623756878349, 'eta_learning': 0.07152974632096365, 'sigma_boundary': 6.460029825089052, 'alpha': 0.8872831507556216}. Best is trial 26 with value: 0.04717816040107002.
[I 2026-03-04 01:43:18,357] Trial 85 finished with value: 0.08235335184819953 and parameters: {'sigma_noise': 0.18249564366766485, 'A_repulsion': 0.18756082254244505, 'gamma': 0.5957164432564384, 'sigma_update': 0.6427953099970991, 'eta_learning': 2.246262915140758, 'sigma_boundary': 6.356142257311289, 'alpha': 0.8690622347467839}. Best is trial 26 with value: 0.04717816040107002.
[I 2026-03-04 01:43:28,170] Trial 88 finished with value: 0.10547233867578401 and parameters: {'sigma_noise': 0.18953830705747832, 'A_repulsion': 0.11369818655570642, 'gamma': 0.7358902748689177, 'sigma_update': 0.6320465455604944, 'eta_learning': 0.038810868781030905, 'sigma_boundary': 6.565288127964024, 'alpha': 0.8604284400045288}. Best is trial 26 with value: 0.04717816040107002.
[I 2026-03-04 01:43:38,936] Trial 89 finished with value: 0.11612157885690975 and parameters: {'sigma_noise': 0.18460211321569198, 'A_repulsion': 0.10990109234110207, 'gamma': 0.768210716626623, 'sigma_update': 0.6399780606626259, 'eta_learning': 0.07707094244871351, 'sigma_boundary': 6.781192448311495, 'alpha': 0.8573745780090654}. Best is trial 26 with value: 0.04717816040107002.
[I 2026-03-04 01:43:49,520] Trial 99 finished with value: 0.08900684780227477 and parameters: {'sigma_noise': 0.12086376701899697, 'A_repulsion': 0.029953637633223444, 'gamma': 0.7393840868578816, 'sigma_update': 0.6388081008978508, 'eta_learning': 1.5611800093365829, 'sigma_boundary': 9.427337746487526, 'alpha': 0.7084412979204353}. Best is trial 26 with value: 0.04717816040107002.
[I 2026-03-04 01:44:05,800] Trial 111 finished with value: 0.10521858378559862 and parameters: {'sigma_noise': 0.11715760940299849, 'A_repulsion': 0.03334647794215109, 'gamma': 0.7723321752785539, 'sigma_update': 0.6350385998474117, 'eta_learning': 0.4813063342825434, 'sigma_boundary': 7.729658572542983, 'alpha': 0.8364249363054477}. Best is trial 26 with value: 0.04717816040107002.
[I 2026-03-04 01:44:15,351] Trial 92 finished with value: 0.11710464881728634 and parameters: {'sigma_noise': 0.09394928793540278, 'A_repulsion': 0.18524351898033403, 'gamma': 0.7629364271716866, 'sigma_update': 0.6292793749314188, 'eta_learning': 1.6040063599895726, 'sigma_boundary': 6.833983047160581, 'alpha': 0.6509201526722085}. Best is trial 26 with value: 0.04717816040107002.
[I 2026-03-04 01:44:21,867] Trial 113 finished with value: 0.12183412818199148 and parameters: {'sigma_noise': 0.1237372312670515, 'A_repulsion': 0.03215917781701146, 'gamma': 0.5824305721909556, 'sigma_update': 0.698802478633551, 'eta_learning': 0.4473333678907401, 'sigma_boundary': 0.17917231630172026, 'alpha': 0.8337693248709379}. Best is trial 26 with value: 0.04717816040107002.
[I 2026-03-04 01:44:36,298] Trial 95 finished with value: 0.263245645288864 and parameters: {'sigma_noise': 0.11225429802627852, 'A_repulsion': 0.18859782037187478, 'gamma': 0.7432591021269869, 'sigma_update': 0.6284157631504523, 'eta_learning': 0.04943685122786118, 'sigma_boundary': 0.20901271112324427, 'alpha': 0.6533318606800557}. Best is trial 26 with value: 0.04717816040107002.
[I 2026-03-04 01:44:38,514] Trial 98 finished with value: 0.1522195091496084 and parameters: {'sigma_noise': 0.10171159265786431, 'A_repulsion': 0.17507041376405516, 'gamma': 0.7544860686554757, 'sigma_update': 0.6478292790570853, 'eta_learning': 2.197347846198829, 'sigma_boundary': 0.2857477530489768, 'alpha': 0.8377336679782708}. Best is trial 26 with value: 0.04717816040107002.
[I 2026-03-04 01:44:40,486] Trial 105 finished with value: 0.15535097163847383 and parameters: {'sigma_noise': 0.11989619165381846, 'A_repulsion': 0.13278071290106888, 'gamma': 0.7595632133965227, 'sigma_update': 0.6374183505377836, 'eta_learning': 1.5696927380015067, 'sigma_boundary': 0.05831069308442505, 'alpha': 0.8328715146172603}. Best is trial 26 with value: 0.04717816040107002.
[I 2026-03-04 01:44:40,950] Trial 93 finished with value: 0.20936219853052004 and parameters: {'sigma_noise': 0.11429047981106212, 'A_repulsion': 0.1868785592800273, 'gamma': 0.7490582961458687, 'sigma_update': 0.6356622281262679, 'eta_learning': 0.05496785145787958, 'sigma_boundary': 0.44619061078087663, 'alpha': 0.6444007464740298}. Best is trial 26 with value: 0.04717816040107002.
[I 2026-03-04 01:44:43,603] Trial 104 finished with value: 0.10817339850662873 and parameters: {'sigma_noise': 0.11075185652258271, 'A_repulsion': 0.12911435973014052, 'gamma': 0.7808394076288029, 'sigma_update': 0.6356334947092391, 'eta_learning': 1.5578172327963629, 'sigma_boundary': 9.476269030726906, 'alpha': 0.8228353897921051}. Best is trial 26 with value: 0.04717816040107002.
[I 2026-03-04 01:44:53,821] Trial 115 finished with value: 0.12263824259347789 and parameters: {'sigma_noise': 0.10537950497566102, 'A_repulsion': 0.03265987953023919, 'gamma': 0.8259254664320208, 'sigma_update': 0.6455069928491224, 'eta_learning': 2.2355875936333, 'sigma_boundary': 9.252576619438786, 'alpha': 0.8524453463252314}. Best is trial 26 with value: 0.04717816040107002.
[I 2026-03-04 01:44:57,046] Trial 109 finished with value: 0.1748595958875596 and parameters: {'sigma_noise': 0.0961328238004557, 'A_repulsion': 0.1312570154681776, 'gamma': 0.8410826214399012, 'sigma_update': 0.637731579739976, 'eta_learning': 1.5785439765926808, 'sigma_boundary': 9.417206124191544, 'alpha': 0.9966950364752925}. Best is trial 26 with value: 0.04717816040107002.
[I 2026-03-04 01:44:58,816] Trial 107 finished with value: 0.1388511241095336 and parameters: {'sigma_noise': 0.12268701494013542, 'A_repulsion': 0.12340164628112026, 'gamma': 0.5788765749032352, 'sigma_update': 0.638214504630239, 'eta_learning': 0.43122649101524313, 'sigma_boundary': 0.15768308742299997, 'alpha': 0.8310505294009742}. Best is trial 26 with value: 0.04717816040107002.
[I 2026-03-04 01:45:00,019] Trial 96 finished with value: 0.08324902501133692 and parameters: {'sigma_noise': 0.11788936224171132, 'A_repulsion': 0.1805613981599926, 'gamma': 0.7477085668342818, 'sigma_update': 0.632932674543134, 'eta_learning': 2.2432462181412327, 'sigma_boundary': 0.502350089496767, 'alpha': 0.6541005647029193}. Best is trial 26 with value: 0.04717816040107002.
[I 2026-03-04 01:45:01,934] Trial 114 finished with value: 0.09958766218021356 and parameters: {'sigma_noise': 0.12213695793606225, 'A_repulsion': 0.031924154944293584, 'gamma': 0.5904733338878884, 'sigma_update': 0.6340503473559058, 'eta_learning': 0.4440276057123961, 'sigma_boundary': 9.456543143191505, 'alpha': 0.8270033966126817}. Best is trial 26 with value: 0.04717816040107002.
[I 2026-03-04 01:45:08,384] Trial 100 finished with value: 0.10012607125796863 and parameters: {'sigma_noise': 0.10794885627640866, 'A_repulsion': 0.1870913797054436, 'gamma': 0.7498469305818578, 'sigma_update': 0.6366501088717511, 'eta_learning': 1.5770657197085092, 'sigma_boundary': 9.363008942655672, 'alpha': 0.7021411820009382}. Best is trial 26 with value: 0.04717816040107002.
[I 2026-03-04 01:45:09,161] Trial 108 finished with value: 0.16217686024425415 and parameters: {'sigma_noise': 0.12115916726422726, 'A_repulsion': 0.12732888785224075, 'gamma': 0.8710301856792004, 'sigma_update': 0.6347891305486969, 'eta_learning': 0.3955422056762067, 'sigma_boundary': 0.21578729265690333, 'alpha': 0.992770607358941}. Best is trial 26 with value: 0.04717816040107002.
[I 2026-03-04 01:45:12,299] Trial 94 finished with value: 0.36492881418323414 and parameters: {'sigma_noise': 0.11914381461191448, 'A_repulsion': 0.18319994861792085, 'gamma': 0.777812675025173, 'sigma_update': 0.6401496258912465, 'eta_learning': 0.03994478645102509, 'sigma_boundary': 0.16655677840455452, 'alpha': 0.6376066548218265}. Best is trial 26 with value: 0.04717816040107002.
[I 2026-03-04 01:45:17,175] Trial 106 finished with value: 0.13934465476922017 and parameters: {'sigma_noise': 0.11985453676408198, 'A_repulsion': 0.12695251698552731, 'gamma': 0.7537268630042602, 'sigma_update': 0.6466508139365212, 'eta_learning': 1.5463183219747871, 'sigma_boundary': 0.15295603283041115, 'alpha': 0.8367391271711428}. Best is trial 26 with value: 0.04717816040107002.
[I 2026-03-04 01:45:24,958] Trial 101 finished with value: 0.15081587809784058 and parameters: {'sigma_noise': 0.11748578093975731, 'A_repulsion': 0.18542401149300472, 'gamma': 0.7625622897567348, 'sigma_update': 0.6400223759300336, 'eta_learning': 0.4777237286590629, 'sigma_boundary': 0.26650318722028343, 'alpha': 0.8324398931943218}. Best is trial 26 with value: 0.04717816040107002.
[I 2026-03-04 01:45:31,106] Trial 103 finished with value: 0.09172879567486737 and parameters: {'sigma_noise': 0.11963337913443836, 'A_repulsion': 0.19275366287369328, 'gamma': 0.7563571510863943, 'sigma_update': 0.6367824629317289, 'eta_learning': 1.5382248156429328, 'sigma_boundary': 9.53164147614335, 'alpha': 0.7112245155470411}. Best is trial 26 with value: 0.04717816040107002.
[I 2026-03-04 01:45:32,817] Trial 118 finished with value: 0.11220153147291136 and parameters: {'sigma_noise': 0.11405922576692273, 'A_repulsion': 0.1264577458666028, 'gamma': 0.5856721982136845, 'sigma_update': 0.6986350274375569, 'eta_learning': 0.5081172799303635, 'sigma_boundary': 7.806136497931566, 'alpha': 0.8207433389333043}. Best is trial 26 with value: 0.04717816040107002.
[I 2026-03-04 01:45:34,254] Trial 97 finished with value: 0.09245281343587862 and parameters: {'sigma_noise': 0.11777973982652942, 'A_repulsion': 0.19280477277023478, 'gamma': 0.7455196454578049, 'sigma_update': 0.6331280569350026, 'eta_learning': 1.5435333963026643, 'sigma_boundary': 0.4257536249396949, 'alpha': 0.7273002548851456}. Best is trial 26 with value: 0.04717816040107002.
[I 2026-03-04 01:45:56,569] Trial 90 finished with value: 0.0963741918204119 and parameters: {'sigma_noise': 0.18161641857341004, 'A_repulsion': 0.18923344019340554, 'gamma': 0.5913195045730008, 'sigma_update': 0.6203500374162485, 'eta_learning': 2.2768109283646374, 'sigma_boundary': 0.0602525658078128, 'alpha': 0.8573015356767887}. Best is trial 26 with value: 0.04717816040107002.
