[I 2026-03-04 02:26:40,374] Trial 81 finished with value: 0.13278995148407702 and parameters: {'sigma_noise': 0.28663206003727987, 'A_repulsion': 0.2025059180922017, 'gamma': 0.6695477935231599, 'sigma_update': 0.33018137803842423, 'eta_learning': 2.9605514035736884, 'sigma_boundary': 9.097297434156118, 'alpha': 0.8756713358255588}. Best is trial 37 with value: 0.09735693313540955.
[I 2026-03-04 02:28:17,224] Trial 83 finished with value: 0.14206662118697108 and parameters: {'sigma_noise': 0.29056108272611064, 'A_repulsion': 0.20328909483821855, 'gamma': 0.6480354734681222, 'sigma_update': 0.3259670745996108, 'eta_learning': 2.400647435200972, 'sigma_boundary': 2.1158204960043716, 'alpha': 0.8562411375088858}. Best is trial 37 with value: 0.09735693313540955.
[I 2026-03-04 02:28:26,084] Trial 84 finished with value: 0.2288245740985568 and parameters: {'sigma_noise': 0.29707134607048785, 'A_repulsion': 0.21067314447778307, 'gamma': 0.018064181733193223, 'sigma_update': 0.3295023564251075, 'eta_learning': 2.4551607027720452, 'sigma_boundary': 8.945980313793564, 'alpha': 0.8577609755648857}. Best is trial 37 with value: 0.09735693313540955.
[I 2026-03-04 02:28:53,346] Trial 85 finished with value: 0.1272346095184738 and parameters: {'sigma_noise': 0.29821029780974007, 'A_repulsion': 0.21719387040205523, 'gamma': 0.7813426516555211, 'sigma_update': 0.35632306318629936, 'eta_learning': 2.961941048156596, 'sigma_boundary': 8.992887069881437, 'alpha': 0.8683780668903871}. Best is trial 37 with value: 0.09735693313540955.
[I 2026-03-04 02:29:03,384] Trial 86 finished with value: 0.12211855137811319 and parameters: {'sigma_noise': 0.30249409554250395, 'A_repulsion': 0.2095133552484602, 'gamma': 0.7649405716873934, 'sigma_update': 0.3372652275944475, 'eta_learning': 2.9903830236624995, 'sigma_boundary': 9.147340316738896, 'alpha': 0.8311128846287051}. Best is trial 37 with value: 0.09735693313540955.
[I 2026-03-04 02:29:24,049] Trial 94 finished with value: 0.09969429178374897 and parameters: {'sigma_noise': 0.2883483835501921, 'A_repulsion': 0.0028022936862503265, 'gamma': 0.7732519087268819, 'sigma_update': 0.3517515851938254, 'eta_learning': 0.840279313498093, 'sigma_boundary': 6.849930898711703, 'alpha': 0.8823723619940852}. Best is trial 37 with value: 0.09735693313540955.
[I 2026-03-04 02:29:39,570] Trial 87 finished with value: 0.12517303440635202 and parameters: {'sigma_noise': 0.2738047042007463, 'A_repulsion': 0.20952591759019729, 'gamma': 0.7670992880777823, 'sigma_update': 0.34445046618265823, 'eta_learning': 2.915404577070275, 'sigma_boundary': 0.2479273037604124, 'alpha': 0.8652258553993409}. Best is trial 37 with value: 0.09735693313540955.
[I 2026-03-04 02:29:42,147] Trial 88 finished with value: 0.13093463052010398 and parameters: {'sigma_noise': 0.29049725278125793, 'A_repulsion': 0.19526536295650593, 'gamma': 0.7715611389588387, 'sigma_update': 0.3482272842774391, 'eta_learning': 2.2325863282745777, 'sigma_boundary': 2.180584205224009, 'alpha': 0.9028812351391216}. Best is trial 37 with value: 0.09735693313540955.
[I 2026-03-04 02:29:57,002] Trial 90 finished with value: 0.12285701005624859 and parameters: {'sigma_noise': 0.2831451175649898, 'A_repulsion': 0.19720875093183318, 'gamma': 0.7776213093432782, 'sigma_update': 0.34203006116127627, 'eta_learning': 2.9482320419999613, 'sigma_boundary': 7.042879716442646, 'alpha': 0.8183908951579562}. Best is trial 37 with value: 0.09735693313540955.
[I 2026-03-04 02:29:57,099] Trial 102 finished with value: 0.1292834228169234 and parameters: {'sigma_noise': 0.19086233018972126, 'A_repulsion': 0.08529633719354743, 'gamma': 0.9967135132242841, 'sigma_update': 0.3387555329463654, 'eta_learning': 2.8825803026293526, 'sigma_boundary': 6.793207287516586, 'alpha': 0.8684762623256957}. Best is trial 37 with value: 0.09735693313540955.
[I 2026-03-04 02:29:59,700] Trial 89 finished with value: 0.10974576634463687 and parameters: {'sigma_noise': 0.2884902924653221, 'A_repulsion': 0.2063814840523841, 'gamma': 0.7838667165089279, 'sigma_update': 0.5834240128979727, 'eta_learning': 2.975688797309702, 'sigma_boundary': 0.2703266557434635, 'alpha': 0.8701295393068225}. Best is trial 37 with value: 0.09735693313540955.
[I 2026-03-04 02:30:31,491] Trial 92 finished with value: 0.09771102174817203 and parameters: {'sigma_noise': 0.28204835796681293, 'A_repulsion': 0.20621494338229973, 'gamma': 0.7789717995231946, 'sigma_update': 0.5961196618610706, 'eta_learning': 2.8817289926786187, 'sigma_boundary': 7.007123156289762, 'alpha': 0.8677285691374859}. Best is trial 37 with value: 0.09735693313540955.
[I 2026-03-04 02:30:41,520] Trial 93 finished with value: 0.11723961290024279 and parameters: {'sigma_noise': 0.28079310210831837, 'A_repulsion': 0.19868545332309995, 'gamma': 0.7836070287679872, 'sigma_update': 0.3374140031352506, 'eta_learning': 2.3381612545942576, 'sigma_boundary': 6.818055093670937, 'alpha': 0.8683680732747808}. Best is trial 37 with value: 0.09735693313540955.
[I 2026-03-04 02:30:44,054] Trial 91 finished with value: 0.13763745331261432 and parameters: {'sigma_noise': 0.2839139320978681, 'A_repulsion': 0.21213584067074115, 'gamma': 0.8948188561249188, 'sigma_update': 0.3355888986044683, 'eta_learning': 2.9680476493062264, 'sigma_boundary': 6.908373373782565, 'alpha': 0.8758392000942647}. Best is trial 37 with value: 0.09735693313540955.
[I 2026-03-04 02:30:54,648] Trial 100 finished with value: 0.11456626069883465 and parameters: {'sigma_noise': 0.28043105819487063, 'A_repulsion': 0.09743191928645047, 'gamma': 0.9943548787243307, 'sigma_update': 0.35156756226399144, 'eta_learning': 0.8369507886166913, 'sigma_boundary': 6.871656242973056, 'alpha': 0.8707394416924769}. Best is trial 37 with value: 0.09735693313540955.
[I 2026-03-04 02:31:01,721] Trial 95 finished with value: 0.13544468666111137 and parameters: {'sigma_noise': 0.28396416992936596, 'A_repulsion': 0.20498052213252302, 'gamma': 0.8867532307328095, 'sigma_update': 0.3408214103913084, 'eta_learning': 2.8609367439185576, 'sigma_boundary': 7.267797790444958, 'alpha': 0.8765462573088604}. Best is trial 37 with value: 0.09735693313540955.
[I 2026-03-04 02:31:02,485] Trial 101 finished with value: 0.12391360564074393 and parameters: {'sigma_noise': 0.2936280798822093, 'A_repulsion': 0.08433379261474175, 'gamma': 0.9925082360039414, 'sigma_update': 0.3456387093654609, 'eta_learning': 2.8675800233065085, 'sigma_boundary': 6.930632626484633, 'alpha': 0.8978413377511812}. Best is trial 37 with value: 0.09735693313540955.
[I 2026-03-04 02:31:14,009] Trial 97 finished with value: 0.12040069853084268 and parameters: {'sigma_noise': 0.2807923823247619, 'A_repulsion': 0.1902812914529783, 'gamma': 0.7605322639449918, 'sigma_update': 0.34070384004579113, 'eta_learning': 2.982091267540126, 'sigma_boundary': 6.841549582688238, 'alpha': 0.868088657398502}. Best is trial 37 with value: 0.09735693313540955.
[I 2026-03-04 02:31:16,512] Trial 96 finished with value: 0.13375701622026873 and parameters: {'sigma_noise': 0.2792963292628873, 'A_repulsion': 0.2017040269537093, 'gamma': 0.7746971245784662, 'sigma_update': 0.3405004839251991, 'eta_learning': 0.9031503122485148, 'sigma_boundary': 0.09078998302488595, 'alpha': 0.8667691438408107}. Best is trial 37 with value: 0.09735693313540955.
[I 2026-03-04 02:31:33,046] Trial 99 finished with value: 0.12111453401485309 and parameters: {'sigma_noise': 0.2804660553206281, 'A_repulsion': 0.19927589019332984, 'gamma': 0.751991492245794, 'sigma_update': 0.33369333037613735, 'eta_learning': 2.834641970962551, 'sigma_boundary': 6.984135808367124, 'alpha': 0.8742102550218401}. Best is trial 37 with value: 0.09735693313540955.
[I 2026-03-04 02:31:35,756] Trial 98 finished with value: 0.12771251370902534 and parameters: {'sigma_noise': 0.2933220845111187, 'A_repulsion': 0.20449206594468483, 'gamma': 0.7844100000561325, 'sigma_update': 0.33794459229524154, 'eta_learning': 2.9079862303921806, 'sigma_boundary': 6.854957295274799, 'alpha': 0.8868831502999786}. Best is trial 37 with value: 0.09735693313540955.
[I 2026-03-04 02:31:41,230] Trial 104 finished with value: 0.12098930092034119 and parameters: {'sigma_noise': 0.2690108433344124, 'A_repulsion': 0.2002576937281118, 'gamma': 0.7696006507441654, 'sigma_update': 0.3442818913384743, 'eta_learning': 2.4410465178131027, 'sigma_boundary': 1.2186473006044234, 'alpha': 0.8629462933251817}. Best is trial 37 with value: 0.09735693313540955.
[I 2026-03-04 02:32:00,796] Trial 103 finished with value: 0.11026132761230731 and parameters: {'sigma_noise': 0.26976123655769385, 'A_repulsion': 0.30021197209438316, 'gamma': 0.7649771550720564, 'sigma_update': 0.5986913677625159, 'eta_learning': 2.8585532888473484, 'sigma_boundary': 6.831408910391897, 'alpha': 0.8649258278556097}. Best is trial 37 with value: 0.09735693313540955.
[I 2026-03-04 02:32:06,149] Trial 109 finished with value: 0.1964654959913089 and parameters: {'sigma_noise': 0.2666165192211253, 'A_repulsion': 0.1994329073691307, 'gamma': 0.5022305898242726, 'sigma_update': 0.5871033487954725, 'eta_learning': 2.9511157866962914, 'sigma_boundary': 8.924340954026402, 'alpha': 0.8797092478986421}. Best is trial 37 with value: 0.09735693313540955.
[I 2026-03-04 02:32:08,613] Trial 105 finished with value: 0.10948495961572702 and parameters: {'sigma_noise': 0.2687325951700632, 'A_repulsion': 0.28880398159343695, 'gamma': 0.7716187326516418, 'sigma_update': 0.5914451044005283, 'eta_learning': 2.989903042574941, 'sigma_boundary': 1.1024494863695395, 'alpha': 0.8647436345468459}. Best is trial 37 with value: 0.09735693313540955.
[I 2026-03-04 02:32:11,232] Trial 107 finished with value: 0.11910198110520269 and parameters: {'sigma_noise': 0.2756977450096641, 'A_repulsion': 0.19459150547211818, 'gamma': 0.7744152002209977, 'sigma_update': 0.34339607829310986, 'eta_learning': 2.9545577260831655, 'sigma_boundary': 1.111660219078173, 'alpha': 0.8748719284127019}. Best is trial 37 with value: 0.09735693313540955.
[I 2026-03-04 02:32:21,924] Trial 110 finished with value: 0.10266261337274407 and parameters: {'sigma_noise': 0.27189686046383416, 'A_repulsion': 0.20060138907373784, 'gamma': 0.7821280705499734, 'sigma_update': 0.5938705363948663, 'eta_learning': 2.987198066390806, 'sigma_boundary': 9.07543313100823, 'alpha': 0.8666193075471227}. Best is trial 37 with value: 0.09735693313540955.
[I 2026-03-04 02:32:26,436] Trial 106 finished with value: 0.14538720067932182 and parameters: {'sigma_noise': 0.26920773499224326, 'A_repulsion': 0.3021102255956293, 'gamma': 0.9879494281387596, 'sigma_update': 0.5994327686074193, 'eta_learning': 2.843640745837743, 'sigma_boundary': 1.1239120876291466, 'alpha': 0.8781048067395656}. Best is trial 37 with value: 0.09735693313540955.
[I 2026-03-04 02:32:38,248] Trial 108 finished with value: 0.14146213151247702 and parameters: {'sigma_noise': 0.26916964182066383, 'A_repulsion': 0.3049056436529016, 'gamma': 0.7462895726880372, 'sigma_update': 0.33389588840956447, 'eta_learning': 2.2018249906702607, 'sigma_boundary': 1.0555876388611147, 'alpha': 0.8846597154159075}. Best is trial 37 with value: 0.09735693313540955.
[I 2026-03-04 02:32:55,226] Trial 113 finished with value: 0.1371216566563742 and parameters: {'sigma_noise': 0.2656489776747265, 'A_repulsion': 0.2928934763558921, 'gamma': 0.759208128540952, 'sigma_update': 0.34314049533987895, 'eta_learning': 2.192883960713131, 'sigma_boundary': 8.886194743502944, 'alpha': 0.8861076076569734}. Best is trial 37 with value: 0.09735693313540955.
[I 2026-03-04 02:32:57,245] Trial 112 finished with value: 0.13303881223488856 and parameters: {'sigma_noise': 0.3015376361360648, 'A_repulsion': 0.29273861083239866, 'gamma': 0.7498454177710024, 'sigma_update': 0.35287760221855574, 'eta_learning': 2.9258650315921417, 'sigma_boundary': 9.336950323541203, 'alpha': 0.8772341727817854}. Best is trial 37 with value: 0.09735693313540955.
[I 2026-03-04 02:33:01,722] Trial 111 finished with value: 0.11729734569641492 and parameters: {'sigma_noise': 0.3016925652523542, 'A_repulsion': 0.2849398184080487, 'gamma': 0.7493965454512425, 'sigma_update': 0.5878345991918539, 'eta_learning': 2.963701210773629, 'sigma_boundary': 9.064546073018134, 'alpha': 0.86783187046046}. Best is trial 37 with value: 0.09735693313540955.
[I 2026-03-04 02:33:10,844] Trial 115 finished with value: 0.16063625034900417 and parameters: {'sigma_noise': 0.2618913193848264, 'A_repulsion': 0.2792247195500545, 'gamma': 0.5194002080700275, 'sigma_update': 0.3478362015940596, 'eta_learning': 2.992102383374054, 'sigma_boundary': 1.3708153132441483, 'alpha': 0.8755032239449938}. Best is trial 37 with value: 0.09735693313540955.
[I 2026-03-04 02:33:14,803] Trial 114 finished with value: 0.14161276648161716 and parameters: {'sigma_noise': 0.2621961831297789, 'A_repulsion': 0.2779583275494855, 'gamma': 0.7773331299554302, 'sigma_update': 0.3508671076261019, 'eta_learning': 2.858561729378177, 'sigma_boundary': 1.1040038275328454, 'alpha': 0.857521041807099}. Best is trial 37 with value: 0.09735693313540955.
[I 2026-03-04 02:33:24,543] Trial 117 finished with value: 0.14856583484612484 and parameters: {'sigma_noise': 0.27544541696168023, 'A_repulsion': 0.28243948463630036, 'gamma': 0.7585441803130618, 'sigma_update': 0.2534071826795034, 'eta_learning': 2.5083880235098115, 'sigma_boundary': 1.1474352009070263, 'alpha': 0.8808467821472706}. Best is trial 37 with value: 0.09735693313540955.
[I 2026-03-04 02:33:26,569] Trial 116 finished with value: 0.15542601448791332 and parameters: {'sigma_noise': 0.2591095978191316, 'A_repulsion': 0.2742150867639468, 'gamma': 0.5251628914445516, 'sigma_update': 0.25752637621063124, 'eta_learning': 2.9510296908109237, 'sigma_boundary': 1.3002340327284414, 'alpha': 0.8802163059660431}. Best is trial 37 with value: 0.09735693313540955.
[I 2026-03-04 02:33:36,245] Trial 118 finished with value: 0.13672643084854985 and parameters: {'sigma_noise': 0.26355102275523307, 'A_repulsion': 0.2711382558819524, 'gamma': 0.763998421517814, 'sigma_update': 0.3550052782655517, 'eta_learning': 2.8253074475047675, 'sigma_boundary': 1.1391800365745122, 'alpha': 0.8903024321768226}. Best is trial 37 with value: 0.09735693313540955.
[I 2026-03-04 02:33:45,699] Trial 119 finished with value: 0.14372198837324263 and parameters: {'sigma_noise': 0.26980314188362214, 'A_repulsion': 0.277094384276781, 'gamma': 0.7955664595284546, 'sigma_update': 0.3496208429547187, 'eta_learning': 2.854819258850381, 'sigma_boundary': 1.2036860987597728, 'alpha': 0.8856362120780334}. Best is trial 37 with value: 0.09735693313540955.
[I 2026-03-04 02:36:26,030] Trial 120 finished with value: 0.15613165011793834 and parameters: {'sigma_noise': 0.26378691797298154, 'A_repulsion': 0.2884670030193472, 'gamma': 0.9921085668584225, 'sigma_update': 0.35903635593983124, 'eta_learning': 2.8397566714563296, 'sigma_boundary': 9.180076867802782, 'alpha': 0.8807299401662474}. Best is trial 37 with value: 0.09735693313540955.
[I 2026-03-04 02:36:29,789] Trial 121 finished with value: 0.15485132314447936 and parameters: {'sigma_noise': 0.26518188791654984, 'A_repulsion': 0.2790862933838401, 'gamma': 0.9838338563368038, 'sigma_update': 0.35525304825986015, 'eta_learning': 2.8886950132715277, 'sigma_boundary': 9.25162209184183, 'alpha': 0.8872844203432472}. Best is trial 37 with value: 0.09735693313540955.
[I 2026-03-04 02:37:06,452] Trial 122 finished with value: 0.15015816070651083 and parameters: {'sigma_noise': 0.2657353770390246, 'A_repulsion': 0.28362048576014764, 'gamma': 0.9856836863259296, 'sigma_update': 0.3560562843899437, 'eta_learning': 2.8519529718670937, 'sigma_boundary': 8.975448464654448, 'alpha': 0.8667065657605495}. Best is trial 37 with value: 0.09735693313540955.
[I 2026-03-04 02:37:59,601] Trial 129 finished with value: 0.0964271535589603 and parameters: {'sigma_noise': 0.2619822941133352, 'A_repulsion': 0.0017327314084607214, 'gamma': 0.7670649069655586, 'sigma_update': 0.3565852234223106, 'eta_learning': 2.8656761110570583, 'sigma_boundary': 1.1151978275111434, 'alpha': 0.9042341207100852}. Best is trial 129 with value: 0.0964271535589603.
[I 2026-03-04 02:38:23,705] Trial 123 finished with value: 0.1253157163647798 and parameters: {'sigma_noise': 0.2249565819351444, 'A_repulsion': 0.2830223174576844, 'gamma': 0.7514092555576782, 'sigma_update': 0.3606667438439189, 'eta_learning': 2.8481243366403497, 'sigma_boundary': 1.2049668105635047, 'alpha': 0.8996880157017286}. Best is trial 129 with value: 0.0964271535589603.
[I 2026-03-04 02:38:28,734] Trial 128 finished with value: 0.09954225309796265 and parameters: {'sigma_noise': 0.2673842778966137, 'A_repulsion': 0.002017974112601767, 'gamma': 0.7692654897636342, 'sigma_update': 0.3701192993480261, 'eta_learning': 2.8500397550797936, 'sigma_boundary': 1.0630984698879684, 'alpha': 0.8960646763922971}. Best is trial 129 with value: 0.0964271535589603.
[I 2026-03-04 02:38:33,171] Trial 131 finished with value: 0.09908534369973762 and parameters: {'sigma_noise': 0.2642899476686943, 'A_repulsion': 0.0285063815818661, 'gamma': 0.769714119518898, 'sigma_update': 0.35720736153489235, 'eta_learning': 2.842279555075153, 'sigma_boundary': 7.321191999236895, 'alpha': 0.9037004125346964}. Best is trial 129 with value: 0.0964271535589603.
[I 2026-03-04 02:38:50,452] Trial 124 finished with value: 0.1334000088668596 and parameters: {'sigma_noise': 0.2646537734559012, 'A_repulsion': 0.29166934912474307, 'gamma': 0.7540555782030022, 'sigma_update': 0.3599396435807753, 'eta_learning': 2.851639020335526, 'sigma_boundary': 1.2781993876008961, 'alpha': 0.9020370511579938}. Best is trial 129 with value: 0.0964271535589603.
[I 2026-03-04 02:39:03,896] Trial 133 finished with value: 0.099309705835521 and parameters: {'sigma_noise': 0.25742150117962936, 'A_repulsion': 0.003872523992159987, 'gamma': 0.7576323710787659, 'sigma_update': 0.3700683853814175, 'eta_learning': 2.8337144266790166, 'sigma_boundary': 7.418428191390083, 'alpha': 0.9017820115449807}. Best is trial 129 with value: 0.0964271535589603.
[I 2026-03-04 02:39:20,232] Trial 132 finished with value: 0.11058803239362469 and parameters: {'sigma_noise': 0.23988903934578287, 'A_repulsion': 0.16815620125534736, 'gamma': 0.7725157350142559, 'sigma_update': 0.3622376495336964, 'eta_learning': 2.8375186294842853, 'sigma_boundary': 7.26895809060321, 'alpha': 0.9012731598286077}. Best is trial 129 with value: 0.0964271535589603.
[I 2026-03-04 02:39:48,615] Trial 138 finished with value: 0.09973083802279331 and parameters: {'sigma_noise': 0.26155600836636894, 'A_repulsion': 0.034312724634257864, 'gamma': 0.7372183138985433, 'sigma_update': 0.4133074009614102, 'eta_learning': 2.7934404343941766, 'sigma_boundary': 7.500639602593736, 'alpha': 0.8321639876943224}. Best is trial 129 with value: 0.0964271535589603.
[I 2026-03-04 02:39:49,293] Trial 125 finished with value: 0.15144097244901655 and parameters: {'sigma_noise': 0.2626793081176646, 'A_repulsion': 0.2755644094359707, 'gamma': 0.8798267935191636, 'sigma_update': 0.2520243630057498, 'eta_learning': 2.858407111831867, 'sigma_boundary': 1.1477013392022088, 'alpha': 0.9115588946870274}. Best is trial 129 with value: 0.0964271535589603.
[I 2026-03-04 02:39:52,776] Trial 126 finished with value: 0.1314749304149945 and parameters: {'sigma_noise': 0.25877274910512227, 'A_repulsion': 0.2804429255729443, 'gamma': 0.802354955655107, 'sigma_update': 0.3590318166548027, 'eta_learning': 2.8558057661094143, 'sigma_boundary': 1.2432064742737965, 'alpha': 0.8998380114515299}. Best is trial 129 with value: 0.0964271535589603.
[I 2026-03-04 02:39:54,918] Trial 137 finished with value: 0.09398338428405915 and parameters: {'sigma_noise': 0.262938009362353, 'A_repulsion': 0.03548340159042266, 'gamma': 0.7398210523065942, 'sigma_update': 0.3636243610670663, 'eta_learning': 2.771194987737214, 'sigma_boundary': 7.696180521399951, 'alpha': 0.8284689103689927}. Best is trial 137 with value: 0.09398338428405915.
[I 2026-03-04 02:40:05,813] Trial 142 finished with value: 0.12396889790061304 and parameters: {'sigma_noise': 0.266223574133232, 'A_repulsion': 0.005128324853169704, 'gamma': 0.7420176972212429, 'sigma_update': 0.36826118049808887, 'eta_learning': 2.771544557302449, 'sigma_boundary': 7.803286737172892, 'alpha': 0.837623806547144}. Best is trial 137 with value: 0.09398338428405915.
[I 2026-03-04 02:40:08,110] Trial 139 finished with value: 0.09039042985751361 and parameters: {'sigma_noise': 0.2664156166305812, 'A_repulsion': 0.03191131304872312, 'gamma': 0.8549463449014442, 'sigma_update': 0.36918911046665104, 'eta_learning': 2.77290055244479, 'sigma_boundary': 7.6384681454104815, 'alpha': 0.831665295198443}. Best is trial 139 with value: 0.09039042985751361.
[I 2026-03-04 02:40:18,785] Trial 140 finished with value: 0.10294034530790193 and parameters: {'sigma_noise': 0.2641748713269529, 'A_repulsion': 0.04091826123009036, 'gamma': 0.743895081099841, 'sigma_update': 0.4043901208964476, 'eta_learning': 2.7454661578553625, 'sigma_boundary': 7.694244470288039, 'alpha': 0.8273908421697533}. Best is trial 139 with value: 0.09039042985751361.
[I 2026-03-04 02:40:22,226] Trial 130 finished with value: 0.11422753664952587 and parameters: {'sigma_noise': 0.2639825174630341, 'A_repulsion': 0.1829733676453296, 'gamma': 0.7744645389875319, 'sigma_update': 0.3563849430298214, 'eta_learning': 2.8574811885796723, 'sigma_boundary': 1.0891788518288559, 'alpha': 0.9012724083107699}. Best is trial 139 with value: 0.09039042985751361.
[I 2026-03-04 02:40:22,845] Trial 141 finished with value: 0.09772521843571702 and parameters: {'sigma_noise': 0.26352863561879325, 'A_repulsion': 0.0046046095945936096, 'gamma': 0.7374167359858255, 'sigma_update': 0.36527860713354005, 'eta_learning': 2.77411621898746, 'sigma_boundary': 7.576403462745118, 'alpha': 0.8275725856547484}. Best is trial 139 with value: 0.09039042985751361.
