[I 2026-03-04 02:26:59,383] Trial 169 finished with value: 0.13228503041238882 and parameters: {'sigma_noise': 0.3281869649753421, 'A_repulsion': 0.15844513299725244, 'gamma': 0.889262637256266, 'sigma_update': 0.6406532129307321, 'eta_learning': 1.7166351590497666, 'sigma_boundary': 6.315161174687881, 'alpha': 0.912989247587451}. Best is trial 159 with value: 0.10626611203397139.
[I 2026-03-04 02:27:13,028] Trial 170 finished with value: 0.14376367273831375 and parameters: {'sigma_noise': 0.31499780345503214, 'A_repulsion': 0.15589655545771247, 'gamma': 0.9243230955348498, 'sigma_update': 0.6303097404968704, 'eta_learning': 1.7130766500124537, 'sigma_boundary': 6.434692170590031, 'alpha': 0.9261986534484449}. Best is trial 159 with value: 0.10626611203397139.
[I 2026-03-04 02:27:18,678] Trial 172 finished with value: 0.12282359791084796 and parameters: {'sigma_noise': 0.3171890544691358, 'A_repulsion': 0.09861360150001486, 'gamma': 0.8962457093589369, 'sigma_update': 0.6322031904025462, 'eta_learning': 1.7081703066239005, 'sigma_boundary': 6.451436996467541, 'alpha': 0.9259610466460149}. Best is trial 159 with value: 0.10626611203397139.
[I 2026-03-04 02:27:33,349] Trial 173 finished with value: 0.15481958663413295 and parameters: {'sigma_noise': 0.3153016823070424, 'A_repulsion': 0.1612372927765664, 'gamma': 0.8917211801936948, 'sigma_update': 0.6225365311708386, 'eta_learning': 1.7458463065837324, 'sigma_boundary': 6.357603270061802, 'alpha': 0.9223319083352385}. Best is trial 159 with value: 0.10626611203397139.
[I 2026-03-04 02:27:35,452] Trial 175 finished with value: 0.1348417888074528 and parameters: {'sigma_noise': 0.27598599537540497, 'A_repulsion': 0.15679760245955363, 'gamma': 0.9052720391918285, 'sigma_update': 0.6218670200502254, 'eta_learning': 1.6995111470922717, 'sigma_boundary': 3.656736410589793, 'alpha': 0.9279790440626698}. Best is trial 159 with value: 0.10626611203397139.
[I 2026-03-04 02:27:49,751] Trial 174 finished with value: 0.15659165263275523 and parameters: {'sigma_noise': 0.3181187651890901, 'A_repulsion': 0.16078656648614, 'gamma': 0.8985678540530826, 'sigma_update': 0.6255299421330005, 'eta_learning': 1.7162299157597294, 'sigma_boundary': 3.8250159806303037, 'alpha': 0.9150840449997171}. Best is trial 159 with value: 0.10626611203397139.
[I 2026-03-04 02:28:02,192] Trial 177 finished with value: 0.13211664778551901 and parameters: {'sigma_noise': 0.2762657280807948, 'A_repulsion': 0.1619691184049105, 'gamma': 0.8821579957422563, 'sigma_update': 0.6107124835588269, 'eta_learning': 1.6826854055167753, 'sigma_boundary': 3.5347369123821712, 'alpha': 0.9333197466432455}. Best is trial 159 with value: 0.10626611203397139.
[I 2026-03-04 02:28:14,910] Trial 176 finished with value: 0.15707678516777218 and parameters: {'sigma_noise': 0.31401961340709617, 'A_repulsion': 0.15845456505748734, 'gamma': 0.8911003887656265, 'sigma_update': 0.6220096434923064, 'eta_learning': 1.7592234343552993, 'sigma_boundary': 3.366797123241553, 'alpha': 0.92263175579822}. Best is trial 159 with value: 0.10626611203397139.
[I 2026-03-04 02:28:25,642] Trial 178 finished with value: 0.1619357211081249 and parameters: {'sigma_noise': 0.3152408420613778, 'A_repulsion': 0.15980303512512753, 'gamma': 0.8935250447502393, 'sigma_update': 0.622691607077918, 'eta_learning': 1.76594202182482, 'sigma_boundary': 3.716237812311597, 'alpha': 0.9299749168102138}. Best is trial 159 with value: 0.10626611203397139.
[I 2026-03-04 02:28:41,537] Trial 179 finished with value: 0.16172823205824538 and parameters: {'sigma_noise': 0.31630492294450746, 'A_repulsion': 0.15602090929024273, 'gamma': 0.8839192117027501, 'sigma_update': 0.6196267414974576, 'eta_learning': 1.7746230685707047, 'sigma_boundary': 3.8144049799113926, 'alpha': 0.9400651006166895}. Best is trial 159 with value: 0.10626611203397139.
[I 2026-03-04 02:28:44,460] Trial 181 finished with value: 0.13345481310486718 and parameters: {'sigma_noise': 0.2758523472365877, 'A_repulsion': 0.15519901834301336, 'gamma': 0.9339848830419956, 'sigma_update': 0.6168588925136986, 'eta_learning': 1.8239037071368362, 'sigma_boundary': 3.3412845226169834, 'alpha': 0.9201042382445807}. Best is trial 159 with value: 0.10626611203397139.
[I 2026-03-04 02:28:48,977] Trial 180 finished with value: 0.1590428990110712 and parameters: {'sigma_noise': 0.31915690743246045, 'A_repulsion': 0.16062384868955554, 'gamma': 0.8867768853910643, 'sigma_update': 0.6139691394820235, 'eta_learning': 1.7522937467427884, 'sigma_boundary': 3.6867003478905747, 'alpha': 0.9297868326285504}. Best is trial 159 with value: 0.10626611203397139.
[I 2026-03-04 02:28:53,141] Trial 182 finished with value: 0.17101757208109805 and parameters: {'sigma_noise': 0.31457446136735734, 'A_repulsion': 0.1618694607349631, 'gamma': 0.9225229783276753, 'sigma_update': 0.624318657378676, 'eta_learning': 1.7759122838042738, 'sigma_boundary': 3.379229788919946, 'alpha': 0.9131946993978644}. Best is trial 159 with value: 0.10626611203397139.
[I 2026-03-04 02:28:58,839] Trial 188 finished with value: 0.12310543715590933 and parameters: {'sigma_noise': 0.2749204142203456, 'A_repulsion': 0.10159844487536276, 'gamma': 0.9093076550894094, 'sigma_update': 0.6180874078337447, 'eta_learning': 1.638929531495449, 'sigma_boundary': 4.37840754735385, 'alpha': 0.9390336820512919}. Best is trial 159 with value: 0.10626611203397139.
[I 2026-03-04 02:29:03,878] Trial 183 finished with value: 0.16257928463419996 and parameters: {'sigma_noise': 0.32330341622927855, 'A_repulsion': 0.15807748327881002, 'gamma': 0.8861147004800602, 'sigma_update': 0.6187955023598013, 'eta_learning': 1.8480327738015894, 'sigma_boundary': 4.242922847335512, 'alpha': 0.9439730146028668}. Best is trial 159 with value: 0.10626611203397139.
[I 2026-03-04 02:29:14,974] Trial 184 finished with value: 0.15564318077919947 and parameters: {'sigma_noise': 0.3146066438142297, 'A_repulsion': 0.15589581347971293, 'gamma': 0.8960778332553123, 'sigma_update': 0.621421899578984, 'eta_learning': 1.7333554591963685, 'sigma_boundary': 3.275377956375615, 'alpha': 0.9124691950766086}. Best is trial 159 with value: 0.10626611203397139.
[I 2026-03-04 02:29:15,444] Trial 187 finished with value: 0.1334681433618608 and parameters: {'sigma_noise': 0.2724593906793166, 'A_repulsion': 0.1599133660785427, 'gamma': 0.9259214819639009, 'sigma_update': 0.6181874153904793, 'eta_learning': 1.8377822787587306, 'sigma_boundary': 3.2357458735969153, 'alpha': 0.9429715836203971}. Best is trial 159 with value: 0.10626611203397139.
[I 2026-03-04 02:29:24,946] Trial 185 finished with value: 0.147210433563998 and parameters: {'sigma_noise': 0.330363937818726, 'A_repulsion': 0.16709489155663515, 'gamma': 0.9309043686098629, 'sigma_update': 0.6147256635389207, 'eta_learning': 1.8737634371901866, 'sigma_boundary': 3.3447693904944398, 'alpha': 0.9192683619044671}. Best is trial 159 with value: 0.10626611203397139.
[I 2026-03-04 02:29:25,873] Trial 186 finished with value: 0.14280166196053187 and parameters: {'sigma_noise': 0.3342883150554888, 'A_repulsion': 0.16752149586109563, 'gamma': 0.8864580408247162, 'sigma_update': 0.6177343991667199, 'eta_learning': 1.7758193319082678, 'sigma_boundary': 3.6356968600581805, 'alpha': 0.9216083999215923}. Best is trial 159 with value: 0.10626611203397139.
[I 2026-03-04 02:29:27,571] Trial 189 finished with value: 0.12301303661231852 and parameters: {'sigma_noise': 0.3384095027425352, 'A_repulsion': 0.11798531958841903, 'gamma': 0.9122748935485667, 'sigma_update': 0.6191718150730362, 'eta_learning': 1.8404712882170458, 'sigma_boundary': 3.308895229846998, 'alpha': 0.8194882202068026}. Best is trial 159 with value: 0.10626611203397139.
[I 2026-03-04 02:29:42,168] Trial 190 finished with value: 0.1454613329771007 and parameters: {'sigma_noise': 0.268393521381326, 'A_repulsion': 0.3209457286110351, 'gamma': 0.8783675503141666, 'sigma_update': 0.5711119517878824, 'eta_learning': 1.8518724060446117, 'sigma_boundary': 3.0975245819889707, 'alpha': 0.8157125631564572}. Best is trial 159 with value: 0.10626611203397139.
[I 2026-03-04 02:29:44,949] Trial 191 finished with value: 0.2889656402624557 and parameters: {'sigma_noise': 0.3096632186737445, 'A_repulsion': 0.1638521365694058, 'gamma': 0.949650524854494, 'sigma_update': 0.5710416548077721, 'eta_learning': 1.8357391949680812, 'sigma_boundary': 3.3581050833744004, 'alpha': 0.49179471440389216}. Best is trial 159 with value: 0.10626611203397139.
[I 2026-03-04 02:30:14,184] Trial 194 finished with value: 0.10956927766092758 and parameters: {'sigma_noise': 0.2676947471112157, 'A_repulsion': 0.09930893894576867, 'gamma': 0.9482971398953146, 'sigma_update': 0.57133813825507, 'eta_learning': 1.898726600182877, 'sigma_boundary': 3.545042785286361, 'alpha': 0.8215588089810903}. Best is trial 159 with value: 0.10626611203397139.
[I 2026-03-04 02:30:14,392] Trial 193 finished with value: 0.11641522877864934 and parameters: {'sigma_noise': 0.2678815301248519, 'A_repulsion': 0.11829933166027967, 'gamma': 0.9426559740416374, 'sigma_update': 0.6116285417329944, 'eta_learning': 1.858554390039155, 'sigma_boundary': 3.3202150147026916, 'alpha': 0.8182921209582958}. Best is trial 159 with value: 0.10626611203397139.
[I 2026-03-04 02:30:19,131] Trial 195 finished with value: 0.1391753364846273 and parameters: {'sigma_noise': 0.2757777855173002, 'A_repulsion': 0.10115109405483456, 'gamma': 0.8301115276534227, 'sigma_update': 0.6107486823395468, 'eta_learning': 1.63342954118902, 'sigma_boundary': 3.136590053007352, 'alpha': 0.814589922734653}. Best is trial 159 with value: 0.10626611203397139.
[I 2026-03-04 02:30:26,257] Trial 197 finished with value: 0.3218543493473951 and parameters: {'sigma_noise': 0.27222517047074674, 'A_repulsion': 0.11709628627790124, 'gamma': 0.21560276954628932, 'sigma_update': 0.6130898345789483, 'eta_learning': 1.8220483674269252, 'sigma_boundary': 3.336098483430961, 'alpha': 0.8180814585295995}. Best is trial 159 with value: 0.10626611203397139.
[I 2026-03-04 02:30:26,798] Trial 192 finished with value: 0.3627722382196966 and parameters: {'sigma_noise': 0.34296441673086236, 'A_repulsion': 0.16649129629375303, 'gamma': 0.21099806679743216, 'sigma_update': 0.5704927742754659, 'eta_learning': 1.8626527907943327, 'sigma_boundary': 3.2621658642669207, 'alpha': 0.8163830637507752}. Best is trial 159 with value: 0.10626611203397139.
[I 2026-03-04 02:30:29,137] Trial 196 finished with value: 0.11837026614043811 and parameters: {'sigma_noise': 0.3452589317936303, 'A_repulsion': 0.11691928764673197, 'gamma': 0.8334004513200136, 'sigma_update': 0.6046226445828666, 'eta_learning': 1.6291717225180022, 'sigma_boundary': 3.2469809213329843, 'alpha': 0.8201423059186846}. Best is trial 159 with value: 0.10626611203397139.
[I 2026-03-04 02:30:30,552] Trial 198 finished with value: 0.11894564743676209 and parameters: {'sigma_noise': 0.3475536101303116, 'A_repulsion': 0.11858789658049161, 'gamma': 0.8347963197031338, 'sigma_update': 0.5702939720068951, 'eta_learning': 1.8673884766873052, 'sigma_boundary': 3.4363948535598485, 'alpha': 0.8187338078789935}. Best is trial 159 with value: 0.10626611203397139.
[I 2026-03-04 02:30:31,458] Trial 199 finished with value: 0.11839802844684787 and parameters: {'sigma_noise': 0.3439079038910081, 'A_repulsion': 0.11723262738447145, 'gamma': 0.8333648304869298, 'sigma_update': 0.6064108745349858, 'eta_learning': 1.8287798945515965, 'sigma_boundary': 3.4650875982451326, 'alpha': 0.8134512865116696}. Best is trial 159 with value: 0.10626611203397139.
[I 2026-03-04 02:30:41,518] A new study created in memory with name: no-name-5452b006-4bd6-435c-bda3-53ec23e497bb
[I 2026-03-04 02:34:17,045] Trial 2 finished with value: 0.16776258806850763 and parameters: {'sigma_noise': 0.06707508941776097, 'A_repulsion': 0.15658068652403312, 'gamma': 0.5819496296144755, 'sigma_update': 0.3398315435724316, 'eta_learning': 2.482778927335041, 'sigma_boundary': 9.403812926698695, 'alpha': 0.6763875245278775}. Best is trial 2 with value: 0.16776258806850763.
[I 2026-03-04 02:34:30,259] Trial 23 finished with value: 0.6650040568544077 and parameters: {'sigma_noise': 0.1065074931768487, 'A_repulsion': 0.10520985515945441, 'gamma': 0.08514219939876963, 'sigma_update': 0.551796933171097, 'eta_learning': 1.1052931916362911, 'sigma_boundary': 8.7025108468088, 'alpha': 0.09082200867961343}. Best is trial 2 with value: 0.16776258806850763.
[I 2026-03-04 02:34:42,489] Trial 4 finished with value: 0.17041283055577666 and parameters: {'sigma_noise': 0.05417930706967411, 'A_repulsion': 0.2736594290431452, 'gamma': 0.28531646530949023, 'sigma_update': 0.6700093867150027, 'eta_learning': 1.087119925727228, 'sigma_boundary': 9.503520689537826, 'alpha': 0.9394740453696746}. Best is trial 2 with value: 0.16776258806850763.
[I 2026-03-04 02:34:53,225] Trial 14 finished with value: 0.2354925696025516 and parameters: {'sigma_noise': 0.07247882234884498, 'A_repulsion': 0.23199036250502597, 'gamma': 0.10410711123499136, 'sigma_update': 0.14077801674923093, 'eta_learning': 0.09561931768970156, 'sigma_boundary': 8.922153645126071, 'alpha': 0.8846767587058755}. Best is trial 2 with value: 0.16776258806850763.
[I 2026-03-04 02:34:58,230] Trial 10 finished with value: 0.10494832359935133 and parameters: {'sigma_noise': 0.09708314873299013, 'A_repulsion': 0.24543090332327872, 'gamma': 0.5989742949355629, 'sigma_update': 0.6084991464088003, 'eta_learning': 0.177956321041413, 'sigma_boundary': 7.580211692710364, 'alpha': 0.17235452926741412}. Best is trial 10 with value: 0.10494832359935133.
[I 2026-03-04 02:35:01,244] Trial 16 finished with value: 1.1290323848713073 and parameters: {'sigma_noise': 0.07949484954843898, 'A_repulsion': 0.3391412685308454, 'gamma': 0.031146258781034213, 'sigma_update': 0.5768778197208754, 'eta_learning': 1.2827494551310665, 'sigma_boundary': 7.339765519970588, 'alpha': 0.07176892742246432}. Best is trial 10 with value: 0.10494832359935133.
[I 2026-03-04 02:35:06,249] Trial 17 finished with value: 1.026494953945848 and parameters: {'sigma_noise': 0.24585584882472927, 'A_repulsion': 0.020289895947426972, 'gamma': 0.29798821358493943, 'sigma_update': 0.5002084568732684, 'eta_learning': 2.8612755176715483, 'sigma_boundary': 0.6545622958520163, 'alpha': 0.16560942097140385}. Best is trial 10 with value: 0.10494832359935133.
[I 2026-03-04 02:35:11,233] Trial 0 finished with value: 0.6567125622011435 and parameters: {'sigma_noise': 0.11185095075175516, 'A_repulsion': 0.24271034339340636, 'gamma': 0.08124144465777498, 'sigma_update': 0.4901508182452873, 'eta_learning': 2.71305503151181, 'sigma_boundary': 5.353794099928988, 'alpha': 0.22585549603529997}. Best is trial 10 with value: 0.10494832359935133.
[I 2026-03-04 02:35:34,515] Trial 20 finished with value: 0.10606180611617416 and parameters: {'sigma_noise': 0.18099904279129592, 'A_repulsion': 0.17976580253268404, 'gamma': 0.43458686725946544, 'sigma_update': 0.5374325244817043, 'eta_learning': 1.3693392082566624, 'sigma_boundary': 0.19226543848957894, 'alpha': 0.7423519297417559}. Best is trial 10 with value: 0.10494832359935133.
[I 2026-03-04 02:35:39,600] Trial 21 finished with value: 0.12821609876465123 and parameters: {'sigma_noise': 0.1718650600161286, 'A_repulsion': 0.21690750970366907, 'gamma': 0.022467392074760728, 'sigma_update': 0.19952627688135965, 'eta_learning': 2.2602479625013427, 'sigma_boundary': 7.428231901481421, 'alpha': 0.48225497937637707}. Best is trial 10 with value: 0.10494832359935133.
[I 2026-03-04 02:35:41,390] Trial 1 finished with value: 0.8795256263798619 and parameters: {'sigma_noise': 0.152763614368238, 'A_repulsion': 0.24876821350140038, 'gamma': 0.9108128953435642, 'sigma_update': 0.37512061910607997, 'eta_learning': 0.7901330092998923, 'sigma_boundary': 4.303022446689809, 'alpha': 0.16247119961484613}. Best is trial 10 with value: 0.10494832359935133.
[I 2026-03-04 02:35:57,017] Trial 15 finished with value: 0.09876487157477223 and parameters: {'sigma_noise': 0.19171439446654476, 'A_repulsion': 0.23338580154994254, 'gamma': 0.9327980118304393, 'sigma_update': 0.3457498449415257, 'eta_learning': 0.21149996511143931, 'sigma_boundary': 0.5286374682927927, 'alpha': 0.5109403875476497}. Best is trial 15 with value: 0.09876487157477223.
[I 2026-03-04 02:35:58,496] Trial 19 finished with value: 0.5317334165152079 and parameters: {'sigma_noise': 0.23722607528730466, 'A_repulsion': 0.13989070895916, 'gamma': 0.8207284940900985, 'sigma_update': 0.11015701092513833, 'eta_learning': 0.530752046415824, 'sigma_boundary': 7.728871355966001, 'alpha': 0.24369646615292195}. Best is trial 15 with value: 0.09876487157477223.
[I 2026-03-04 02:35:59,545] Trial 8 finished with value: 0.15253535220737252 and parameters: {'sigma_noise': 0.11781934536473529, 'A_repulsion': 0.4449409309434478, 'gamma': 0.5993130587804724, 'sigma_update': 0.07458178485851742, 'eta_learning': 2.0300386647504767, 'sigma_boundary': 9.993030805746423, 'alpha': 0.5061379586003923}. Best is trial 15 with value: 0.09876487157477223.
[I 2026-03-04 02:36:38,102] Trial 18 finished with value: 0.15371150977301945 and parameters: {'sigma_noise': 0.3278607303537173, 'A_repulsion': 0.19507277314027877, 'gamma': 0.5611411864868024, 'sigma_update': 0.2484008635801142, 'eta_learning': 0.8591323295213016, 'sigma_boundary': 2.955060514956194, 'alpha': 0.45861181744333523}. Best is trial 15 with value: 0.09876487157477223.
[I 2026-03-04 02:36:42,632] Trial 3 finished with value: 0.5527572365505752 and parameters: {'sigma_noise': 0.2129272978342418, 'A_repulsion': 0.3083976402535308, 'gamma': 0.0825943117530933, 'sigma_update': 0.02209190988939359, 'eta_learning': 0.40368393524396584, 'sigma_boundary': 7.417377760798599, 'alpha': 0.4855652766935542}. Best is trial 15 with value: 0.09876487157477223.
[I 2026-03-04 02:36:43,440] Trial 22 finished with value: 0.20194299842185692 and parameters: {'sigma_noise': 0.38934695071181935, 'A_repulsion': 0.07690396985385084, 'gamma': 0.2758624353032604, 'sigma_update': 0.40772377850745894, 'eta_learning': 0.30597024408659773, 'sigma_boundary': 8.884608615319193, 'alpha': 0.4330604244411277}. Best is trial 15 with value: 0.09876487157477223.
[I 2026-03-04 02:36:48,770] Trial 5 finished with value: 0.12470906263777852 and parameters: {'sigma_noise': 0.3897575480830839, 'A_repulsion': 0.13344358547852314, 'gamma': 0.8490651299633157, 'sigma_update': 0.13530568700822962, 'eta_learning': 2.232559971399773, 'sigma_boundary': 6.195681773594033, 'alpha': 0.8081914351312073}. Best is trial 15 with value: 0.09876487157477223.
[I 2026-03-04 02:36:55,051] Trial 6 finished with value: 0.07778748703233206 and parameters: {'sigma_noise': 0.39757662026545, 'A_repulsion': 0.15285438267545193, 'gamma': 0.9038172735380066, 'sigma_update': 0.5613986883681222, 'eta_learning': 2.0789746611786497, 'sigma_boundary': 7.915965534647515, 'alpha': 0.8386210548629028}. Best is trial 6 with value: 0.07778748703233206.
[I 2026-03-04 02:36:55,586] Trial 7 finished with value: 0.8617046018657623 and parameters: {'sigma_noise': 0.36182697051924845, 'A_repulsion': 0.12297987383769249, 'gamma': 0.9132520030323342, 'sigma_update': 0.012712160345959338, 'eta_learning': 0.19661602669957268, 'sigma_boundary': 1.1387377320911694, 'alpha': 0.12819640081417905}. Best is trial 6 with value: 0.07778748703233206.
[I 2026-03-04 02:37:14,537] Trial 11 finished with value: 0.10675051946501882 and parameters: {'sigma_noise': 0.3643501428283601, 'A_repulsion': 0.3106994008086598, 'gamma': 0.7739406184031957, 'sigma_update': 0.5339402270445588, 'eta_learning': 0.24303826013522203, 'sigma_boundary': 9.854305881070818, 'alpha': 0.524820292009454}. Best is trial 6 with value: 0.07778748703233206.
[I 2026-03-04 02:37:22,462] Trial 9 finished with value: 0.1401988321026319 and parameters: {'sigma_noise': 0.40452748389486015, 'A_repulsion': 0.31423133454611407, 'gamma': 0.7476771187180826, 'sigma_update': 0.5865903173754539, 'eta_learning': 2.3823404073359913, 'sigma_boundary': 2.8315943627591764, 'alpha': 0.570107015838788}. Best is trial 6 with value: 0.07778748703233206.
[I 2026-03-04 02:37:27,911] Trial 12 finished with value: 0.11916381020694947 and parameters: {'sigma_noise': 0.32239935072925513, 'A_repulsion': 0.4806752189248429, 'gamma': 0.698407783946081, 'sigma_update': 0.3058024923684102, 'eta_learning': 2.5881005475713854, 'sigma_boundary': 8.96157027347046, 'alpha': 0.762651360323019}. Best is trial 6 with value: 0.07778748703233206.
[I 2026-03-04 02:37:30,468] Trial 13 finished with value: 0.7967870966699252 and parameters: {'sigma_noise': 0.3721360419043902, 'A_repulsion': 0.398681329587542, 'gamma': 0.8901420731985471, 'sigma_update': 0.20073886748221384, 'eta_learning': 1.819243515007892, 'sigma_boundary': 9.420648872932208, 'alpha': 0.3990069329616752}. Best is trial 6 with value: 0.07778748703233206.
[I 2026-03-04 02:39:17,876] Trial 24 finished with value: 0.17925652860310384 and parameters: {'sigma_noise': 0.17349566025479982, 'A_repulsion': 0.13843737026153208, 'gamma': 0.2476052540339686, 'sigma_update': 0.10081659517018111, 'eta_learning': 0.4975725013848281, 'sigma_boundary': 8.201685520306418, 'alpha': 0.9648906212992256}. Best is trial 6 with value: 0.07778748703233206.
[I 2026-03-04 02:39:53,601] Trial 30 finished with value: 0.10732386900976534 and parameters: {'sigma_noise': 0.1504550664842122, 'A_repulsion': 0.15185979397055416, 'gamma': 0.5603153807194208, 'sigma_update': 0.3516903832724011, 'eta_learning': 1.0661967921684263, 'sigma_boundary': 6.190729875040065, 'alpha': 0.8082044924222034}. Best is trial 6 with value: 0.07778748703233206.
