[I 2026-03-04 03:06:07,207] Trial 139 finished with value: 0.129010298688434 and parameters: {'sigma_noise': 0.26318945334738547, 'A_repulsion': 0.26488968981008915, 'gamma': 0.8992950375055991, 'sigma_update': 0.48515273875635634, 'eta_learning': 0.11113214378945796, 'sigma_boundary': 0.9701484127191627, 'alpha': 0.9262160787276779}. Best is trial 6 with value: 0.07778748703233206.
[I 2026-03-04 03:06:22,189] Trial 141 finished with value: 0.08520779781327621 and parameters: {'sigma_noise': 0.25728429031179606, 'A_repulsion': 0.25777599670350354, 'gamma': 0.5592515173573739, 'sigma_update': 0.4950097240884411, 'eta_learning': 0.017484410594182154, 'sigma_boundary': 1.0398322253767662, 'alpha': 0.8190365763661978}. Best is trial 6 with value: 0.07778748703233206.
[I 2026-03-04 03:07:23,397] Trial 144 finished with value: 0.09221418148617927 and parameters: {'sigma_noise': 0.25819555865640287, 'A_repulsion': 0.16265859071913902, 'gamma': 0.4739062228486425, 'sigma_update': 0.48267979352202894, 'eta_learning': 0.10865105286003905, 'sigma_boundary': 1.0030904973662682, 'alpha': 0.9213750621291534}. Best is trial 6 with value: 0.07778748703233206.
[I 2026-03-04 03:07:25,888] Trial 143 finished with value: 0.09335488438316608 and parameters: {'sigma_noise': 0.25589464980343285, 'A_repulsion': 0.2954322241466128, 'gamma': 0.4708121794893223, 'sigma_update': 0.4903933158255477, 'eta_learning': 0.12432702052681405, 'sigma_boundary': 0.8384377123636373, 'alpha': 0.82863617787039}. Best is trial 6 with value: 0.07778748703233206.
[I 2026-03-04 03:07:27,646] Trial 142 finished with value: 0.10798231834189331 and parameters: {'sigma_noise': 0.26494162845808095, 'A_repulsion': 0.290692849894631, 'gamma': 0.5572223440225705, 'sigma_update': 0.4764175274081662, 'eta_learning': 0.11553828539098321, 'sigma_boundary': 0.9908222738055629, 'alpha': 0.6958222441901343}. Best is trial 6 with value: 0.07778748703233206.
[I 2026-03-04 03:07:57,514] Trial 147 finished with value: 0.09670944808863716 and parameters: {'sigma_noise': 0.21633982784835315, 'A_repulsion': 0.12974619724801073, 'gamma': 0.3636424041293259, 'sigma_update': 0.4157051706513507, 'eta_learning': 0.1142772274120291, 'sigma_boundary': 0.9772571361120715, 'alpha': 0.6838572249924236}. Best is trial 6 with value: 0.07778748703233206.
[I 2026-03-04 03:08:10,736] Trial 145 finished with value: 0.07364941719785592 and parameters: {'sigma_noise': 0.24265476189259405, 'A_repulsion': 0.16600199378224986, 'gamma': 0.478517903645948, 'sigma_update': 0.478305957914348, 'eta_learning': 0.02274128476560966, 'sigma_boundary': 0.9864134019836773, 'alpha': 0.6983936967509343}. Best is trial 145 with value: 0.07364941719785592.
[I 2026-03-04 03:08:36,116] Trial 146 finished with value: 0.11685550198794804 and parameters: {'sigma_noise': 0.2610200350203963, 'A_repulsion': 0.30161381083727357, 'gamma': 0.474808629908763, 'sigma_update': 0.5833344711816049, 'eta_learning': 0.02791286545834687, 'sigma_boundary': 0.9527559196373331, 'alpha': 0.9360318157901271}. Best is trial 145 with value: 0.07364941719785592.
[I 2026-03-04 03:09:23,208] Trial 148 finished with value: 0.08948925449417354 and parameters: {'sigma_noise': 0.25506816422785383, 'A_repulsion': 0.1353998039812126, 'gamma': 0.5637183933377181, 'sigma_update': 0.6325117107172455, 'eta_learning': 0.10881447143551277, 'sigma_boundary': 1.0186707434964546, 'alpha': 0.8219920275508898}. Best is trial 145 with value: 0.07364941719785592.
[I 2026-03-04 03:09:45,739] Trial 151 finished with value: 0.09788551117804767 and parameters: {'sigma_noise': 0.2573485913047666, 'A_repulsion': 0.12416013886993787, 'gamma': 0.49301828369908374, 'sigma_update': 0.6333168559723118, 'eta_learning': 0.014036316850652868, 'sigma_boundary': 8.323479471033886, 'alpha': 0.9282838535501573}. Best is trial 145 with value: 0.07364941719785592.
[I 2026-03-04 03:09:54,666] Trial 152 finished with value: 0.08061847259675621 and parameters: {'sigma_noise': 0.26004765497125165, 'A_repulsion': 0.11604958062154536, 'gamma': 0.5636986970286515, 'sigma_update': 0.6415369262798397, 'eta_learning': 0.010544932057973043, 'sigma_boundary': 8.440833365491336, 'alpha': 0.9225923238770529}. Best is trial 145 with value: 0.07364941719785592.
[I 2026-03-04 03:10:04,018] Trial 154 finished with value: 0.07568830287539574 and parameters: {'sigma_noise': 0.25728621720677236, 'A_repulsion': 0.12734126835397477, 'gamma': 0.4831223984351156, 'sigma_update': 0.6452435412501175, 'eta_learning': 0.019806878368407582, 'sigma_boundary': 8.74824874817129, 'alpha': 0.6987268244128025}. Best is trial 145 with value: 0.07364941719785592.
[I 2026-03-04 03:10:05,785] Trial 155 finished with value: 0.06675342975755512 and parameters: {'sigma_noise': 0.24164201642140234, 'A_repulsion': 0.11796432427237424, 'gamma': 0.5623615333772993, 'sigma_update': 0.6456605313822806, 'eta_learning': 0.08422911103439645, 'sigma_boundary': 8.323141492852093, 'alpha': 0.6931816309827754}. Best is trial 155 with value: 0.06675342975755512.
[I 2026-03-04 03:10:08,565] Trial 149 finished with value: 0.10949939150869722 and parameters: {'sigma_noise': 0.21627932190833007, 'A_repulsion': 0.29576853038578205, 'gamma': 0.5630889989229786, 'sigma_update': 0.5822065522240104, 'eta_learning': 0.06001970562585066, 'sigma_boundary': 0.9571406963723585, 'alpha': 0.9315197945865054}. Best is trial 155 with value: 0.06675342975755512.
[I 2026-03-04 03:10:11,030] Trial 153 finished with value: 0.08434669330991669 and parameters: {'sigma_noise': 0.2587770661383966, 'A_repulsion': 0.1295754150015681, 'gamma': 0.7624159189063386, 'sigma_update': 0.6292511650437551, 'eta_learning': 0.030189996734320018, 'sigma_boundary': 7.880504786132008, 'alpha': 0.9281923343983595}. Best is trial 155 with value: 0.06675342975755512.
[I 2026-03-04 03:10:34,741] Trial 156 finished with value: 0.11466207858059492 and parameters: {'sigma_noise': 0.26801337480257614, 'A_repulsion': 0.10252007537149038, 'gamma': 0.47859397940109444, 'sigma_update': 0.6405742150398303, 'eta_learning': 0.07105384263353566, 'sigma_boundary': 7.150431053461579, 'alpha': 0.9322631549341255}. Best is trial 155 with value: 0.06675342975755512.
[I 2026-03-04 03:10:37,521] Trial 160 finished with value: 0.09415512948182553 and parameters: {'sigma_noise': 0.25469224260419754, 'A_repulsion': 0.09693443017637848, 'gamma': 0.467299084191039, 'sigma_update': 0.6700064963104565, 'eta_learning': 0.04407010124997668, 'sigma_boundary': 7.579050020890569, 'alpha': 0.8493524284450248}. Best is trial 155 with value: 0.06675342975755512.
[I 2026-03-04 03:10:42,298] Trial 159 finished with value: 0.08179362309518463 and parameters: {'sigma_noise': 0.25940735163049095, 'A_repulsion': 0.11411801503063246, 'gamma': 0.5639301590878518, 'sigma_update': 0.6426069055130083, 'eta_learning': 0.07826348931516258, 'sigma_boundary': 8.341263394071767, 'alpha': 0.8289262908709197}. Best is trial 155 with value: 0.06675342975755512.
[I 2026-03-04 03:10:50,003] Trial 158 finished with value: 0.1119749367693125 and parameters: {'sigma_noise': 0.24127460798207964, 'A_repulsion': 0.12700901458450903, 'gamma': 0.48517495382368614, 'sigma_update': 0.6407312346629529, 'eta_learning': 0.8738748803799258, 'sigma_boundary': 8.476184756447223, 'alpha': 0.9225985926091043}. Best is trial 155 with value: 0.06675342975755512.
[I 2026-03-04 03:10:52,541] Trial 161 finished with value: 0.17805064721252029 and parameters: {'sigma_noise': 0.26258748213897387, 'A_repulsion': 0.11482459366643882, 'gamma': 0.3323723349596616, 'sigma_update': 0.582001778713556, 'eta_learning': 2.631308348861932, 'sigma_boundary': 1.7340677849885997, 'alpha': 0.8356894449868937}. Best is trial 155 with value: 0.06675342975755512.
[I 2026-03-04 03:10:54,614] Trial 157 finished with value: 0.12038902220356254 and parameters: {'sigma_noise': 0.25590639226365186, 'A_repulsion': 0.12051629590547705, 'gamma': 0.4745130922802009, 'sigma_update': 0.6283068236051087, 'eta_learning': 0.8438126352114554, 'sigma_boundary': 1.692636411039838, 'alpha': 0.9390223165486444}. Best is trial 155 with value: 0.06675342975755512.
[I 2026-03-04 03:10:57,321] Trial 162 finished with value: 0.07913389871171454 and parameters: {'sigma_noise': 0.24327239253864485, 'A_repulsion': 0.1011113907651248, 'gamma': 0.6956090137023464, 'sigma_update': 0.6298069500639398, 'eta_learning': 0.06450100044200863, 'sigma_boundary': 8.611975587749606, 'alpha': 0.9828279895964361}. Best is trial 155 with value: 0.06675342975755512.
[I 2026-03-04 03:11:10,261] Trial 150 finished with value: 0.12901826066661184 and parameters: {'sigma_noise': 0.2664499702142772, 'A_repulsion': 0.4707270929988969, 'gamma': 0.5728532426707442, 'sigma_update': 0.635037832760372, 'eta_learning': 0.07428701961113515, 'sigma_boundary': 0.9810542987987101, 'alpha': 0.9307844969051287}. Best is trial 155 with value: 0.06675342975755512.
[I 2026-03-04 03:11:21,170] Trial 163 finished with value: 0.15997505306886883 and parameters: {'sigma_noise': 0.24529579426148995, 'A_repulsion': 0.14342662876115564, 'gamma': 0.324199964549812, 'sigma_update': 0.6317598721481701, 'eta_learning': 0.047137143006805576, 'sigma_boundary': 0.6304717942962833, 'alpha': 0.8326282893268724}. Best is trial 155 with value: 0.06675342975755512.
[I 2026-03-04 03:11:40,809] Trial 165 finished with value: 0.08337869348981507 and parameters: {'sigma_noise': 0.24330364120796089, 'A_repulsion': 0.11828190975192235, 'gamma': 0.750528796719809, 'sigma_update': 0.6323174026485221, 'eta_learning': 0.0662200454708034, 'sigma_boundary': 8.643451668226184, 'alpha': 0.835383881813139}. Best is trial 155 with value: 0.06675342975755512.
[I 2026-03-04 03:11:46,052] Trial 164 finished with value: 0.09598537278967231 and parameters: {'sigma_noise': 0.24216631832027774, 'A_repulsion': 0.1370792492691801, 'gamma': 0.564710705202611, 'sigma_update': 0.6315034989449113, 'eta_learning': 2.714188422483014, 'sigma_boundary': 6.995168037034794, 'alpha': 0.8310197950057328}. Best is trial 155 with value: 0.06675342975755512.
[I 2026-03-04 03:12:16,395] Trial 166 finished with value: 0.090916704806839 and parameters: {'sigma_noise': 0.1601593904926446, 'A_repulsion': 0.11747935368866985, 'gamma': 0.562603715588572, 'sigma_update': 0.6265092264757182, 'eta_learning': 0.04788113838683048, 'sigma_boundary': 1.7683419117218326, 'alpha': 0.9818187997699773}. Best is trial 155 with value: 0.06675342975755512.
[I 2026-03-04 03:12:49,568] Trial 167 finished with value: 0.0893642189210714 and parameters: {'sigma_noise': 0.2488174455167559, 'A_repulsion': 0.11584589895921121, 'gamma': 0.5605752172480496, 'sigma_update': 0.5862461455331752, 'eta_learning': 2.5004846190694114, 'sigma_boundary': 1.6415294603499384, 'alpha': 0.834822622379353}. Best is trial 155 with value: 0.06675342975755512.
[I 2026-03-04 03:12:54,135] Trial 169 finished with value: 0.08362914479538136 and parameters: {'sigma_noise': 0.1613041992351848, 'A_repulsion': 0.12062349082872179, 'gamma': 0.5677379998042394, 'sigma_update': 0.587730541952411, 'eta_learning': 0.05343879125766655, 'sigma_boundary': 1.6331153110789516, 'alpha': 0.832820353515215}. Best is trial 155 with value: 0.06675342975755512.
[I 2026-03-04 03:13:06,046] Trial 168 finished with value: 0.07380164203111599 and parameters: {'sigma_noise': 0.2415524456353536, 'A_repulsion': 0.13019856138073646, 'gamma': 0.6503937339148071, 'sigma_update': 0.6774196931806786, 'eta_learning': 2.460124784354553, 'sigma_boundary': 1.8699960919923906, 'alpha': 0.8333491564601992}. Best is trial 155 with value: 0.06675342975755512.
[I 2026-03-04 03:13:33,946] Trial 170 finished with value: 0.10137177435469796 and parameters: {'sigma_noise': 0.244631755096148, 'A_repulsion': 0.11381116860322343, 'gamma': 0.49934987427811434, 'sigma_update': 0.6725399401014543, 'eta_learning': 0.04200432058678144, 'sigma_boundary': 1.6114108980093165, 'alpha': 0.9579981966046026}. Best is trial 155 with value: 0.06675342975755512.
[I 2026-03-04 03:14:11,176] Trial 171 finished with value: 0.10898064039157422 and parameters: {'sigma_noise': 0.24247643062125793, 'A_repulsion': 0.14036622070079105, 'gamma': 0.5002010614338748, 'sigma_update': 0.5864439779695672, 'eta_learning': 2.7603424666586367, 'sigma_boundary': 1.5922082584803232, 'alpha': 0.8352032157440801}. Best is trial 155 with value: 0.06675342975755512.
[I 2026-03-04 03:14:55,672] Trial 172 finished with value: 0.10017672423369908 and parameters: {'sigma_noise': 0.2438060520148932, 'A_repulsion': 0.12559435750200565, 'gamma': 0.573900367960397, 'sigma_update': 0.6285388776098219, 'eta_learning': 2.7418996104166187, 'sigma_boundary': 0.7345488735983599, 'alpha': 0.8380106000922454}. Best is trial 155 with value: 0.06675342975755512.
[I 2026-03-04 03:15:18,904] Trial 174 finished with value: 0.07488030974810951 and parameters: {'sigma_noise': 0.24273426133320017, 'A_repulsion': 0.10530343739828375, 'gamma': 0.5717207926038887, 'sigma_update': 0.6713040966184145, 'eta_learning': 0.05563110120928678, 'sigma_boundary': 1.6342060547235873, 'alpha': 0.8460905104444166}. Best is trial 155 with value: 0.06675342975755512.
[I 2026-03-04 03:15:22,001] Trial 176 finished with value: 0.07063960355126023 and parameters: {'sigma_noise': 0.2440652211317433, 'A_repulsion': 0.10118963280422302, 'gamma': 0.5747978535059814, 'sigma_update': 0.6688118289699874, 'eta_learning': 0.061703231876857174, 'sigma_boundary': 8.769834526214197, 'alpha': 0.8402786615683198}. Best is trial 155 with value: 0.06675342975755512.
[I 2026-03-04 03:15:28,595] Trial 177 finished with value: 0.0686531367870469 and parameters: {'sigma_noise': 0.2461300424160792, 'A_repulsion': 0.11375394804673827, 'gamma': 0.6552837868775413, 'sigma_update': 0.6745220414978886, 'eta_learning': 0.06936338302431141, 'sigma_boundary': 8.681972478345072, 'alpha': 0.8423353882685446}. Best is trial 155 with value: 0.06675342975755512.
[I 2026-03-04 03:15:33,699] Trial 175 finished with value: 0.08841156968581648 and parameters: {'sigma_noise': 0.242481193230699, 'A_repulsion': 0.1081925707860883, 'gamma': 0.5746396799908227, 'sigma_update': 0.6692542753704342, 'eta_learning': 1.445898383814728, 'sigma_boundary': 8.566785733972978, 'alpha': 0.998756189005618}. Best is trial 155 with value: 0.06675342975755512.
[I 2026-03-04 03:15:41,338] Trial 178 finished with value: 0.06371685072792997 and parameters: {'sigma_noise': 0.24519471904958623, 'A_repulsion': 0.10706260388883519, 'gamma': 0.7424119997145135, 'sigma_update': 0.6730576685803014, 'eta_learning': 1.203578172309983, 'sigma_boundary': 8.638564191687212, 'alpha': 0.8462921446828433}. Best is trial 178 with value: 0.06371685072792997.
[I 2026-03-04 03:15:51,062] Trial 179 finished with value: 0.08216233238953091 and parameters: {'sigma_noise': 0.24508957385593055, 'A_repulsion': 0.1040981180792092, 'gamma': 0.7424782545768529, 'sigma_update': 0.6726311706542145, 'eta_learning': 2.4814931197277224, 'sigma_boundary': 8.593598644563077, 'alpha': 0.9783712479987791}. Best is trial 178 with value: 0.06371685072792997.
[I 2026-03-04 03:15:52,019] Trial 183 finished with value: 0.12724316873559602 and parameters: {'sigma_noise': 0.2434663995710076, 'A_repulsion': 0.1142891087892868, 'gamma': 0.6958391525615222, 'sigma_update': 0.676944345250492, 'eta_learning': 1.4175430674573344, 'sigma_boundary': 9.057136457109765, 'alpha': 0.6438068099935131}. Best is trial 178 with value: 0.06371685072792997.
[I 2026-03-04 03:16:01,448] Trial 181 finished with value: 0.08508993740234849 and parameters: {'sigma_noise': 0.2392433315269124, 'A_repulsion': 0.1174388597081984, 'gamma': 0.7501986986059478, 'sigma_update': 0.6548214075663075, 'eta_learning': 2.79047115396249, 'sigma_boundary': 8.640141903750113, 'alpha': 0.9815702801754628}. Best is trial 178 with value: 0.06371685072792997.
[I 2026-03-04 03:16:03,588] Trial 180 finished with value: 0.07973378513375214 and parameters: {'sigma_noise': 0.24216955933024661, 'A_repulsion': 0.11185856885486194, 'gamma': 0.6884854465470898, 'sigma_update': 0.6787951809151278, 'eta_learning': 2.5260703741348327, 'sigma_boundary': 8.519199184290635, 'alpha': 0.9950830087818017}. Best is trial 178 with value: 0.06371685072792997.
[I 2026-03-04 03:16:11,776] Trial 173 finished with value: 0.16938063843185175 and parameters: {'sigma_noise': 0.41895171532657544, 'A_repulsion': 0.09678227788081627, 'gamma': 0.5693159112359722, 'sigma_update': 0.586643109361387, 'eta_learning': 2.6824253360657666, 'sigma_boundary': 1.747649473422292, 'alpha': 0.8471589242488736}. Best is trial 178 with value: 0.06371685072792997.
[I 2026-03-04 03:16:18,621] Trial 185 finished with value: 0.07472573615948522 and parameters: {'sigma_noise': 0.24186272477129142, 'A_repulsion': 0.14005458650154268, 'gamma': 0.6498665576321475, 'sigma_update': 0.6534237697263188, 'eta_learning': 0.010888524604539148, 'sigma_boundary': 9.147815786703696, 'alpha': 0.9917524653065396}. Best is trial 178 with value: 0.06371685072792997.
[I 2026-03-04 03:16:19,858] Trial 184 finished with value: 0.10218122046133268 and parameters: {'sigma_noise': 0.24504652467145036, 'A_repulsion': 0.10786139653773816, 'gamma': 0.5785922330144289, 'sigma_update': 0.6608392929454922, 'eta_learning': 2.147583024443273, 'sigma_boundary': 9.129525879465294, 'alpha': 0.850195984374575}. Best is trial 178 with value: 0.06371685072792997.
[I 2026-03-04 03:16:27,564] Trial 186 finished with value: 0.07665863966674002 and parameters: {'sigma_noise': 0.2439174400215021, 'A_repulsion': 0.09009366216432102, 'gamma': 0.659821820691301, 'sigma_update': 0.6582867791087967, 'eta_learning': 1.4209282048977374, 'sigma_boundary': 8.710554519362555, 'alpha': 0.998378579167957}. Best is trial 178 with value: 0.06371685072792997.
[I 2026-03-04 03:16:28,013] Trial 182 finished with value: 0.06927479007883924 and parameters: {'sigma_noise': 0.29367348247497327, 'A_repulsion': 0.11113187729142082, 'gamma': 0.5748600698878128, 'sigma_update': 0.6556107657874942, 'eta_learning': 0.016000478170169474, 'sigma_boundary': 9.077263894491317, 'alpha': 0.6228595398948965}. Best is trial 178 with value: 0.06371685072792997.
[I 2026-03-04 03:16:43,081] Trial 187 finished with value: 0.07408246351391648 and parameters: {'sigma_noise': 0.2902372964062195, 'A_repulsion': 0.0909381280085227, 'gamma': 0.6619066935069277, 'sigma_update': 0.6585835455818664, 'eta_learning': 2.9551992786547046, 'sigma_boundary': 9.254292745731718, 'alpha': 0.8540519599245481}. Best is trial 178 with value: 0.06371685072792997.
[I 2026-03-04 03:16:49,075] Trial 188 finished with value: 0.06953121345861846 and parameters: {'sigma_noise': 0.27592472257162104, 'A_repulsion': 0.08234795843025958, 'gamma': 0.6517831018289674, 'sigma_update': 0.6806600608493371, 'eta_learning': 2.862813913538313, 'sigma_boundary': 8.975788154010568, 'alpha': 0.9855740287463267}. Best is trial 178 with value: 0.06371685072792997.
[I 2026-03-04 03:16:50,321] Trial 189 finished with value: 0.0750413558819307 and parameters: {'sigma_noise': 0.27650883092667966, 'A_repulsion': 0.08840869150595429, 'gamma': 0.6997494555567864, 'sigma_update': 0.6594309020633323, 'eta_learning': 0.012447313427939533, 'sigma_boundary': 8.455675581530715, 'alpha': 0.9902258934632897}. Best is trial 178 with value: 0.06371685072792997.
[I 2026-03-04 03:17:07,179] Trial 190 finished with value: 0.16302643127240843 and parameters: {'sigma_noise': 0.2783649352495018, 'A_repulsion': 0.08566005118340815, 'gamma': 0.6503552138685353, 'sigma_update': 0.6696703189090862, 'eta_learning': 1.2355214921400308, 'sigma_boundary': 8.780792023235115, 'alpha': 0.620276012840681}. Best is trial 178 with value: 0.06371685072792997.
[I 2026-03-04 03:17:20,929] Trial 191 finished with value: 0.10484997135247796 and parameters: {'sigma_noise': 0.27567728466046465, 'A_repulsion': 0.08644932397772118, 'gamma': 0.6603924539211915, 'sigma_update': 0.676762244123864, 'eta_learning': 0.4423148456203724, 'sigma_boundary': 9.129471001534354, 'alpha': 0.6499146917124751}. Best is trial 178 with value: 0.06371685072792997.
[I 2026-03-04 03:17:25,392] Trial 193 finished with value: 0.0746747559979333 and parameters: {'sigma_noise': 0.2743608285417139, 'A_repulsion': 0.09029755436453418, 'gamma': 0.6730700825467235, 'sigma_update': 0.675445240429407, 'eta_learning': 2.31275795541029, 'sigma_boundary': 9.083014281845063, 'alpha': 0.9694826709512416}. Best is trial 178 with value: 0.06371685072792997.
[I 2026-03-04 03:17:26,356] Trial 192 finished with value: 0.13584163821145318 and parameters: {'sigma_noise': 0.27650362225660163, 'A_repulsion': 0.0971378845441365, 'gamma': 0.6621120972522395, 'sigma_update': 0.661440841321021, 'eta_learning': 2.128538963317809, 'sigma_boundary': 9.272044050863116, 'alpha': 0.6281983511998426}. Best is trial 178 with value: 0.06371685072792997.
[I 2026-03-04 03:17:32,833] Trial 194 finished with value: 0.06467206648460092 and parameters: {'sigma_noise': 0.23757461086818066, 'A_repulsion': 0.10315855503377397, 'gamma': 0.695053263309291, 'sigma_update': 0.6582323508301884, 'eta_learning': 2.1643435369347284, 'sigma_boundary': 9.139783688097282, 'alpha': 0.8532666216720379}. Best is trial 178 with value: 0.06371685072792997.
[I 2026-03-04 03:17:43,490] Trial 195 finished with value: 0.072740876502745 and parameters: {'sigma_noise': 0.2930979133677278, 'A_repulsion': 0.1082185112000049, 'gamma': 0.6994415733924788, 'sigma_update': 0.6590053268287909, 'eta_learning': 1.4270660740604724, 'sigma_boundary': 9.176098861434893, 'alpha': 0.9858947774120754}. Best is trial 178 with value: 0.06371685072792997.
