[I 2026-03-04 02:13:21,951] Trial 110 finished with value: 0.12082344485750249 and parameters: {'sigma_noise': 0.25633182252904635, 'A_repulsion': 0.1267767003892122, 'gamma': 0.8547205007272622, 'sigma_update': 0.6677115783132144, 'eta_learning': 1.3801207308958818, 'sigma_boundary': 4.935271238522714, 'alpha': 0.7396587190043739}. Best is trial 114 with value: 0.10925621631228394.
[I 2026-03-04 02:13:36,599] Trial 111 finished with value: 0.1289045031846869 and parameters: {'sigma_noise': 0.26266099945051113, 'A_repulsion': 0.135939510721975, 'gamma': 0.6765909277422231, 'sigma_update': 0.6604199004167987, 'eta_learning': 1.3287892072374827, 'sigma_boundary': 4.456127568221387, 'alpha': 0.8370885636975874}. Best is trial 114 with value: 0.10925621631228394.
[I 2026-03-04 02:13:48,117] Trial 116 finished with value: 0.1681115342352835 and parameters: {'sigma_noise': 0.26600582634211606, 'A_repulsion': 0.12627694669883682, 'gamma': 0.6890994597789275, 'sigma_update': 0.6764136019978622, 'eta_learning': 1.3675574411813909, 'sigma_boundary': 4.334568454741325, 'alpha': 0.7265008172316436}. Best is trial 114 with value: 0.10925621631228394.
[I 2026-03-04 02:13:51,070] Trial 115 finished with value: 0.1113007537690018 and parameters: {'sigma_noise': 0.26314333823681274, 'A_repulsion': 0.12684491623953148, 'gamma': 0.8248349965318162, 'sigma_update': 0.6973856520110887, 'eta_learning': 1.3582871552623086, 'sigma_boundary': 4.69670327571963, 'alpha': 0.8349341763485514}. Best is trial 114 with value: 0.10925621631228394.
[I 2026-03-04 02:13:51,359] Trial 118 finished with value: 0.2135890847380329 and parameters: {'sigma_noise': 0.2693213329434609, 'A_repulsion': 0.03917782016621714, 'gamma': 0.691589592312542, 'sigma_update': 0.6714791577462809, 'eta_learning': 1.3478957298265468, 'sigma_boundary': 4.716810663575181, 'alpha': 0.6706359485551902}. Best is trial 114 with value: 0.10925621631228394.
[I 2026-03-04 02:13:54,755] Trial 117 finished with value: 0.17679194382732435 and parameters: {'sigma_noise': 0.2472652974358979, 'A_repulsion': 0.13055611348784962, 'gamma': 0.6534007116658122, 'sigma_update': 0.6610836045102572, 'eta_learning': 1.341844182039679, 'sigma_boundary': 4.853359153272836, 'alpha': 0.7280277150240893}. Best is trial 114 with value: 0.10925621631228394.
[I 2026-03-04 02:14:22,798] Trial 119 finished with value: 0.23143750052003664 and parameters: {'sigma_noise': 0.30041426347913674, 'A_repulsion': 0.1227210810453408, 'gamma': 0.6870541386742359, 'sigma_update': 0.6645081991334676, 'eta_learning': 1.4118194464459095, 'sigma_boundary': 4.949386378908234, 'alpha': 0.6714091966104704}. Best is trial 114 with value: 0.10925621631228394.
[I 2026-03-04 02:16:10,023] Trial 120 finished with value: 0.23054803794841047 and parameters: {'sigma_noise': 0.29835898167677427, 'A_repulsion': 0.029936063388206223, 'gamma': 0.6440441797348091, 'sigma_update': 0.6976462681094863, 'eta_learning': 1.3767739739019655, 'sigma_boundary': 4.738821508234296, 'alpha': 0.7184151913428394}. Best is trial 114 with value: 0.10925621631228394.
[I 2026-03-04 02:16:24,733] Trial 121 finished with value: 0.21839738088253005 and parameters: {'sigma_noise': 0.27172208397618547, 'A_repulsion': 0.0264785566957928, 'gamma': 0.6727077168623902, 'sigma_update': 0.6715332379689696, 'eta_learning': 1.3707026486587517, 'sigma_boundary': 4.813209940834393, 'alpha': 0.6812876497791703}. Best is trial 114 with value: 0.10925621631228394.
[I 2026-03-04 02:16:40,712] Trial 122 finished with value: 0.21760885007642347 and parameters: {'sigma_noise': 0.28284037834058134, 'A_repulsion': 0.038294345447430905, 'gamma': 0.692966140600854, 'sigma_update': 0.681663690141081, 'eta_learning': 1.3819558055428858, 'sigma_boundary': 4.534989172881712, 'alpha': 0.6772610329037756}. Best is trial 114 with value: 0.10925621631228394.
[I 2026-03-04 02:16:49,366] Trial 124 finished with value: 0.2336939989435296 and parameters: {'sigma_noise': 0.2908081554192961, 'A_repulsion': 0.03159380853759983, 'gamma': 0.6790526535543782, 'sigma_update': 0.6702505266952674, 'eta_learning': 1.3731785027981627, 'sigma_boundary': 4.739969340529355, 'alpha': 0.6813550641298006}. Best is trial 114 with value: 0.10925621631228394.
[I 2026-03-04 02:16:56,477] Trial 123 finished with value: 0.21386317389625234 and parameters: {'sigma_noise': 0.2959841516457855, 'A_repulsion': 0.03622742224950784, 'gamma': 0.6770393884611153, 'sigma_update': 0.6743684624071379, 'eta_learning': 1.3727985485846121, 'sigma_boundary': 4.6498625553764015, 'alpha': 0.7080977078738258}. Best is trial 114 with value: 0.10925621631228394.
[I 2026-03-04 02:17:16,464] Trial 126 finished with value: 0.22109317512901466 and parameters: {'sigma_noise': 0.3029008456955934, 'A_repulsion': 0.04503949557211531, 'gamma': 0.6954434246688151, 'sigma_update': 0.6874184806568253, 'eta_learning': 1.4251388674415046, 'sigma_boundary': 4.8093716001877285, 'alpha': 0.6985696876083901}. Best is trial 114 with value: 0.10925621631228394.
[I 2026-03-04 02:17:21,042] Trial 127 finished with value: 0.23973247857638855 and parameters: {'sigma_noise': 0.2985753671273794, 'A_repulsion': 0.0271267316279193, 'gamma': 0.6871969480371708, 'sigma_update': 0.6987456922742873, 'eta_learning': 1.375077659580744, 'sigma_boundary': 4.763066659123075, 'alpha': 0.6771868810426244}. Best is trial 114 with value: 0.10925621631228394.
[I 2026-03-04 02:17:23,557] Trial 125 finished with value: 0.15282381088160735 and parameters: {'sigma_noise': 0.27149572656663, 'A_repulsion': 0.04143310016471621, 'gamma': 0.6800830551457174, 'sigma_update': 0.40327810494810684, 'eta_learning': 1.3723957383585044, 'sigma_boundary': 4.673231650334499, 'alpha': 0.6686610902917609}. Best is trial 114 with value: 0.10925621631228394.
[I 2026-03-04 02:17:41,327] Trial 128 finished with value: 0.27541292787980964 and parameters: {'sigma_noise': 0.2915439631941725, 'A_repulsion': 0.10706293332655903, 'gamma': 0.6345944158042602, 'sigma_update': 0.6986196361576952, 'eta_learning': 1.3505242110531173, 'sigma_boundary': 5.963484545195282, 'alpha': 0.686676066102417}. Best is trial 114 with value: 0.10925621631228394.
[I 2026-03-04 02:17:56,483] Trial 129 finished with value: 0.2289499713674142 and parameters: {'sigma_noise': 0.2910230090661352, 'A_repulsion': 0.11116404360312851, 'gamma': 0.6815599759423359, 'sigma_update': 0.690310835517525, 'eta_learning': 1.5484772943730842, 'sigma_boundary': 5.9637349476666905, 'alpha': 0.6794971653803681}. Best is trial 114 with value: 0.10925621631228394.
[I 2026-03-04 02:18:12,170] Trial 132 finished with value: 0.1120890702728722 and parameters: {'sigma_noise': 0.2954926847268539, 'A_repulsion': 0.11045468791931677, 'gamma': 0.8109566355582086, 'sigma_update': 0.6996987649740132, 'eta_learning': 1.5388325430974983, 'sigma_boundary': 4.2305372791353655, 'alpha': 0.8805482197399604}. Best is trial 114 with value: 0.10925621631228394.
[I 2026-03-04 02:18:13,578] Trial 130 finished with value: 0.22324460790534767 and parameters: {'sigma_noise': 0.28814534047741314, 'A_repulsion': 0.11375639194136694, 'gamma': 0.6916427312598368, 'sigma_update': 0.6978899904900966, 'eta_learning': 1.455850380894461, 'sigma_boundary': 5.922441605329955, 'alpha': 0.6812395883525825}. Best is trial 114 with value: 0.10925621631228394.
[I 2026-03-04 02:18:18,871] Trial 133 finished with value: 0.20145222158462062 and parameters: {'sigma_noise': 0.29116176317177506, 'A_repulsion': 0.10469405884826409, 'gamma': 0.805068766842245, 'sigma_update': 0.6965517002204084, 'eta_learning': 1.551531011718533, 'sigma_boundary': 5.94065824732829, 'alpha': 0.677384864997355}. Best is trial 114 with value: 0.10925621631228394.
[I 2026-03-04 02:18:19,500] Trial 131 finished with value: 0.23063570886151688 and parameters: {'sigma_noise': 0.29457196237687266, 'A_repulsion': 0.11027328032534707, 'gamma': 0.6810241638187403, 'sigma_update': 0.6939060038442194, 'eta_learning': 1.531655086749349, 'sigma_boundary': 5.948774019860501, 'alpha': 0.6839438137923872}. Best is trial 114 with value: 0.10925621631228394.
[I 2026-03-04 02:18:36,586] Trial 135 finished with value: 0.12042051643987493 and parameters: {'sigma_noise': 0.30432522132744844, 'A_repulsion': 0.1103049425332263, 'gamma': 0.8168451815785667, 'sigma_update': 0.6987601829631794, 'eta_learning': 1.5626508469313267, 'sigma_boundary': 6.0785221989633325, 'alpha': 0.889809910686843}. Best is trial 114 with value: 0.10925621631228394.
[I 2026-03-04 02:18:39,693] Trial 136 finished with value: 0.12695769709589255 and parameters: {'sigma_noise': 0.2858040770845796, 'A_repulsion': 0.143354651138013, 'gamma': 0.8040563228321301, 'sigma_update': 0.6962104697723211, 'eta_learning': 1.5293082087778276, 'sigma_boundary': 5.91908630006182, 'alpha': 0.8865719494679767}. Best is trial 114 with value: 0.10925621631228394.
[I 2026-03-04 02:18:42,065] Trial 134 finished with value: 0.12051660839769338 and parameters: {'sigma_noise': 0.29166961165537203, 'A_repulsion': 0.1425036044908542, 'gamma': 0.8106606230523711, 'sigma_update': 0.6985945318598272, 'eta_learning': 1.5188347019280084, 'sigma_boundary': 5.938018135049832, 'alpha': 0.8786032025806755}. Best is trial 114 with value: 0.10925621631228394.
[I 2026-03-04 02:18:52,868] Trial 137 finished with value: 0.11676396829493185 and parameters: {'sigma_noise': 0.29590552673518045, 'A_repulsion': 0.14657416603900592, 'gamma': 0.8116860482132572, 'sigma_update': 0.6993882756242389, 'eta_learning': 1.5639965570227856, 'sigma_boundary': 5.9215261220241775, 'alpha': 0.8780046231554847}. Best is trial 114 with value: 0.10925621631228394.
[I 2026-03-04 02:18:54,679] Trial 139 finished with value: 0.1910104795868202 and parameters: {'sigma_noise': 0.3039332214284319, 'A_repulsion': 0.1083485601330891, 'gamma': 0.804933855945916, 'sigma_update': 0.6928032866957196, 'eta_learning': 1.5454438885203114, 'sigma_boundary': 6.033888701576666, 'alpha': 0.6873085935752767}. Best is trial 114 with value: 0.10925621631228394.
[I 2026-03-04 02:18:55,768] Trial 138 finished with value: 0.11486827919250404 and parameters: {'sigma_noise': 0.3001268211744017, 'A_repulsion': 0.11282536814049413, 'gamma': 0.8149405095010818, 'sigma_update': 0.6976079060111656, 'eta_learning': 1.5704878166271536, 'sigma_boundary': 5.907927138930206, 'alpha': 0.8820771539278132}. Best is trial 114 with value: 0.10925621631228394.
[I 2026-03-04 02:19:05,124] Trial 140 finished with value: 0.20561342908586436 and parameters: {'sigma_noise': 0.29070098424661817, 'A_repulsion': 0.11077257300497649, 'gamma': 0.8083059450275638, 'sigma_update': 0.6946079598748941, 'eta_learning': 1.5711752103371315, 'sigma_boundary': 4.2259818708134835, 'alpha': 0.6710598792966137}. Best is trial 114 with value: 0.10925621631228394.
[I 2026-03-04 02:19:18,818] Trial 141 finished with value: 0.11774817712486838 and parameters: {'sigma_noise': 0.29901781428055735, 'A_repulsion': 0.14553294235718392, 'gamma': 0.810924091263658, 'sigma_update': 0.6951924651520222, 'eta_learning': 1.557371673822586, 'sigma_boundary': 5.900022214242118, 'alpha': 0.8762888657197961}. Best is trial 114 with value: 0.10925621631228394.
[I 2026-03-04 02:19:21,862] Trial 142 finished with value: 0.12663132496157922 and parameters: {'sigma_noise': 0.29408213950292594, 'A_repulsion': 0.14574489817911548, 'gamma': 0.8073570513801389, 'sigma_update': 0.6957041520000622, 'eta_learning': 1.560586128600037, 'sigma_boundary': 6.014875914201226, 'alpha': 0.8874351000663178}. Best is trial 114 with value: 0.10925621631228394.
[I 2026-03-04 02:19:48,407] Trial 143 finished with value: 0.12072786232786212 and parameters: {'sigma_noise': 0.28716012505570315, 'A_repulsion': 0.14626900041033786, 'gamma': 0.8074557431442497, 'sigma_update': 0.699148055901894, 'eta_learning': 1.5407562547948188, 'sigma_boundary': 4.039221372397772, 'alpha': 0.8742091103068921}. Best is trial 114 with value: 0.10925621631228394.
[I 2026-03-04 02:21:24,096] Trial 144 finished with value: 0.11346372907147752 and parameters: {'sigma_noise': 0.28195078478099156, 'A_repulsion': 0.10946531076508073, 'gamma': 0.8099502294859691, 'sigma_update': 0.6423375550603776, 'eta_learning': 1.5583193971706075, 'sigma_boundary': 5.863375975859312, 'alpha': 0.8855328682313649}. Best is trial 114 with value: 0.10925621631228394.
[I 2026-03-04 02:21:28,159] Trial 145 finished with value: 0.11677830194164372 and parameters: {'sigma_noise': 0.28234491776886883, 'A_repulsion': 0.11010676627515914, 'gamma': 0.8159328300118082, 'sigma_update': 0.6451232219766256, 'eta_learning': 1.5345988514386681, 'sigma_boundary': 5.872303135218053, 'alpha': 0.8763739915009542}. Best is trial 114 with value: 0.10925621631228394.
[I 2026-03-04 02:21:47,986] Trial 146 finished with value: 0.11564103775945467 and parameters: {'sigma_noise': 0.27844337789057366, 'A_repulsion': 0.10701495192331341, 'gamma': 0.8119148838574698, 'sigma_update': 0.6414613348107183, 'eta_learning': 1.51942991921953, 'sigma_boundary': 5.926797677327482, 'alpha': 0.875750129935697}. Best is trial 114 with value: 0.10925621631228394.
[I 2026-03-04 02:22:01,699] Trial 148 finished with value: 0.11451210726223239 and parameters: {'sigma_noise': 0.27374457800357727, 'A_repulsion': 0.10796482882100361, 'gamma': 0.8013983484162339, 'sigma_update': 0.629273207579345, 'eta_learning': 1.622748457110779, 'sigma_boundary': 5.963800102203396, 'alpha': 0.8680111598174802}. Best is trial 114 with value: 0.10925621631228394.
[I 2026-03-04 02:22:04,222] Trial 147 finished with value: 0.11234604406826301 and parameters: {'sigma_noise': 0.27930328587823977, 'A_repulsion': 0.10811879776153584, 'gamma': 0.8116082682411063, 'sigma_update': 0.637097146493598, 'eta_learning': 1.5122858743459107, 'sigma_boundary': 5.810966636120592, 'alpha': 0.8867394986388981}. Best is trial 114 with value: 0.10925621631228394.
[I 2026-03-04 02:22:11,933] Trial 151 finished with value: 0.11664439615735821 and parameters: {'sigma_noise': 0.2853504594259568, 'A_repulsion': 0.010766984975255713, 'gamma': 0.8107846428134441, 'sigma_update': 0.6415875240618774, 'eta_learning': 1.556089596387841, 'sigma_boundary': 5.983405865986272, 'alpha': 0.8902388943850962}. Best is trial 114 with value: 0.10925621631228394.
[I 2026-03-04 02:22:24,637] Trial 149 finished with value: 0.11311037307998051 and parameters: {'sigma_noise': 0.28072079982426795, 'A_repulsion': 0.10869309706808865, 'gamma': 0.8161097737742109, 'sigma_update': 0.6415808037057208, 'eta_learning': 1.499902864760294, 'sigma_boundary': 4.18223537138735, 'alpha': 0.8803485917821475}. Best is trial 114 with value: 0.10925621631228394.
[I 2026-03-04 02:22:30,029] Trial 150 finished with value: 0.11378262404758321 and parameters: {'sigma_noise': 0.2770286078495099, 'A_repulsion': 0.10787648676661733, 'gamma': 0.8136838502856903, 'sigma_update': 0.6398237698934613, 'eta_learning': 1.5409244122438552, 'sigma_boundary': 4.092749072610811, 'alpha': 0.8794098284381718}. Best is trial 114 with value: 0.10925621631228394.
[I 2026-03-04 02:22:51,046] Trial 152 finished with value: 0.12568106058640066 and parameters: {'sigma_noise': 0.24430076071135715, 'A_repulsion': 0.14677662325811267, 'gamma': 0.8145548105816524, 'sigma_update': 0.6378923384800224, 'eta_learning': 1.516772436880213, 'sigma_boundary': 4.022041667239842, 'alpha': 0.8832105535588685}. Best is trial 114 with value: 0.10925621631228394.
[I 2026-03-04 02:22:54,694] Trial 153 finished with value: 0.11816597482436034 and parameters: {'sigma_noise': 0.24294657330393457, 'A_repulsion': 0.14398614308522048, 'gamma': 0.8878631042706493, 'sigma_update': 0.6372156101156955, 'eta_learning': 1.5351837465478249, 'sigma_boundary': 6.355728205798998, 'alpha': 0.880932778531034}. Best is trial 114 with value: 0.10925621631228394.
[I 2026-03-04 02:23:06,379] Trial 160 finished with value: 0.12715408111411156 and parameters: {'sigma_noise': 0.24246139822228951, 'A_repulsion': 0.006706877004572953, 'gamma': 0.9320610495551276, 'sigma_update': 0.6435004879095251, 'eta_learning': 1.649248678239429, 'sigma_boundary': 4.015494835078865, 'alpha': 0.8152824245985039}. Best is trial 114 with value: 0.10925621631228394.
[I 2026-03-04 02:23:22,870] Trial 154 finished with value: 0.11885085120981928 and parameters: {'sigma_noise': 0.2785831070914992, 'A_repulsion': 0.14359038755614673, 'gamma': 0.8113268776895131, 'sigma_update': 0.6409130648600132, 'eta_learning': 1.5185024271769918, 'sigma_boundary': 3.873223418491093, 'alpha': 0.8807381742824621}. Best is trial 114 with value: 0.10925621631228394.
[I 2026-03-04 02:23:34,131] Trial 156 finished with value: 0.11104166239565247 and parameters: {'sigma_noise': 0.27508536457676097, 'A_repulsion': 0.14941775556143466, 'gamma': 0.8887184085859487, 'sigma_update': 0.6412184746435006, 'eta_learning': 1.6884273736164697, 'sigma_boundary': 3.928224595093363, 'alpha': 0.8805209676598653}. Best is trial 114 with value: 0.10925621631228394.
[I 2026-03-04 02:23:38,910] Trial 158 finished with value: 0.12150152361958197 and parameters: {'sigma_noise': 0.24290511554559244, 'A_repulsion': 0.141086161897028, 'gamma': 0.8903145393493433, 'sigma_update': 0.6406167615169673, 'eta_learning': 1.706936344279785, 'sigma_boundary': 3.664977665682191, 'alpha': 0.8689485799763245}. Best is trial 114 with value: 0.10925621631228394.
[I 2026-03-04 02:23:39,222] Trial 157 finished with value: 0.11070501746565553 and parameters: {'sigma_noise': 0.27752327203115873, 'A_repulsion': 0.14498735233418217, 'gamma': 0.8838890516211952, 'sigma_update': 0.6402231386340127, 'eta_learning': 1.7028933600510945, 'sigma_boundary': 4.048253713133441, 'alpha': 0.8859659689246837}. Best is trial 114 with value: 0.10925621631228394.
[I 2026-03-04 02:23:46,965] Trial 155 finished with value: 0.1357963221515958 and parameters: {'sigma_noise': 0.3095318032027515, 'A_repulsion': 0.1427798223142392, 'gamma': 0.8083798495031482, 'sigma_update': 0.6384067021652128, 'eta_learning': 1.545755330372565, 'sigma_boundary': 3.4923904513943116, 'alpha': 0.8917749725546817}. Best is trial 114 with value: 0.10925621631228394.
[I 2026-03-04 02:24:09,472] Trial 164 finished with value: 0.11171798389998121 and parameters: {'sigma_noise': 0.2780388690919243, 'A_repulsion': 0.1565029708591675, 'gamma': 0.8867134488554544, 'sigma_update': 0.6452108411656899, 'eta_learning': 1.7343783042761256, 'sigma_boundary': 3.663554422504341, 'alpha': 0.8170287316809348}. Best is trial 114 with value: 0.10925621631228394.
[I 2026-03-04 02:24:09,922] Trial 159 finished with value: 0.10626611203397139 and parameters: {'sigma_noise': 0.3143198590196472, 'A_repulsion': 0.14489806588829282, 'gamma': 0.9003620634611459, 'sigma_update': 0.6422747605793, 'eta_learning': 1.2730809269510468, 'sigma_boundary': 3.9229051913186432, 'alpha': 0.8703132999286779}. Best is trial 159 with value: 0.10626611203397139.
[I 2026-03-04 02:24:17,024] Trial 161 finished with value: 0.177079374750041 and parameters: {'sigma_noise': 0.3162133992013311, 'A_repulsion': 0.14969656775185078, 'gamma': 0.938857435387341, 'sigma_update': 0.639945238312696, 'eta_learning': 1.2558804500522383, 'sigma_boundary': 3.935827170600583, 'alpha': 0.9180543618759216}. Best is trial 159 with value: 0.10626611203397139.
[I 2026-03-04 02:24:24,013] Trial 163 finished with value: 0.1534740590910174 and parameters: {'sigma_noise': 0.32108890886958413, 'A_repulsion': 0.15162378510540822, 'gamma': 0.8896597350527758, 'sigma_update': 0.639995022499778, 'eta_learning': 1.7442934121812004, 'sigma_boundary': 4.105915533747336, 'alpha': 0.9248121775558902}. Best is trial 159 with value: 0.10626611203397139.
[I 2026-03-04 02:24:28,242] Trial 162 finished with value: 0.12124466471940941 and parameters: {'sigma_noise': 0.318041551283966, 'A_repulsion': 0.15545421710088825, 'gamma': 0.9221284576192288, 'sigma_update': 0.6394862302467631, 'eta_learning': 1.7983391471958778, 'sigma_boundary': 4.197541227757767, 'alpha': 0.8649096559843465}. Best is trial 159 with value: 0.10626611203397139.
[I 2026-03-04 02:24:34,000] Trial 165 finished with value: 0.12894922607621548 and parameters: {'sigma_noise': 0.27762491700538205, 'A_repulsion': 0.1565721675322209, 'gamma': 0.8932686167222297, 'sigma_update': 0.6414925741022102, 'eta_learning': 1.6796908004168745, 'sigma_boundary': 6.359255676946578, 'alpha': 0.922560572360869}. Best is trial 159 with value: 0.10626611203397139.
[I 2026-03-04 02:24:55,807] Trial 166 finished with value: 0.11044538818854567 and parameters: {'sigma_noise': 0.3301143456867811, 'A_repulsion': 0.15786376688280743, 'gamma': 0.8910943898520914, 'sigma_update': 0.6366710726195396, 'eta_learning': 1.64616114098319, 'sigma_boundary': 4.100136654147871, 'alpha': 0.8194372810085879}. Best is trial 159 with value: 0.10626611203397139.
[I 2026-03-04 02:25:06,585] Trial 167 finished with value: 0.13115941700777053 and parameters: {'sigma_noise': 0.27840203441791694, 'A_repulsion': 0.16104981065340246, 'gamma': 0.8978629846281933, 'sigma_update': 0.6265971895821485, 'eta_learning': 1.7000739931629778, 'sigma_boundary': 6.354904907830935, 'alpha': 0.9207553807063058}. Best is trial 159 with value: 0.10626611203397139.
[I 2026-03-04 02:26:42,947] Trial 171 finished with value: 0.13450898877130307 and parameters: {'sigma_noise': 0.3295549375771161, 'A_repulsion': 0.0020375596566470228, 'gamma': 0.8828878337138109, 'sigma_update': 0.6309237838752044, 'eta_learning': 1.7391812798501856, 'sigma_boundary': 6.392732571872878, 'alpha': 0.9215266040177218}. Best is trial 159 with value: 0.10626611203397139.
[I 2026-03-04 02:26:55,982] Trial 168 finished with value: 0.1443391464464988 and parameters: {'sigma_noise': 0.3291570867115791, 'A_repulsion': 0.15581123872007466, 'gamma': 0.8938584403245277, 'sigma_update': 0.6389064418178315, 'eta_learning': 1.7862298937928018, 'sigma_boundary': 6.4780801778131245, 'alpha': 0.922075101454329}. Best is trial 159 with value: 0.10626611203397139.
