[I 2026-03-04 02:02:15,426] Trial 59 finished with value: 0.12436238615834277 and parameters: {'sigma_noise': 0.21390453245527355, 'A_repulsion': 0.09039682917306624, 'gamma': 0.7504809657704401, 'sigma_update': 0.2849312364210932, 'eta_learning': 1.0523414963602533, 'sigma_boundary': 7.505148032435871, 'alpha': 0.795334536199636}. Best is trial 59 with value: 0.12436238615834277.
[I 2026-03-04 02:02:15,841] Trial 56 finished with value: 0.14318215422718328 and parameters: {'sigma_noise': 0.20774255786496143, 'A_repulsion': 0.16546813047550277, 'gamma': 0.7693440662511751, 'sigma_update': 0.6457799167081207, 'eta_learning': 2.2565898719499633, 'sigma_boundary': 7.296438096513913, 'alpha': 0.971510882494694}. Best is trial 59 with value: 0.12436238615834277.
[I 2026-03-04 02:02:24,088] Trial 64 finished with value: 0.1351493281790459 and parameters: {'sigma_noise': 0.21848645899550367, 'A_repulsion': 0.08783018359349522, 'gamma': 0.757837596555964, 'sigma_update': 0.29041279504300044, 'eta_learning': 1.071536531563286, 'sigma_boundary': 7.458940766923438, 'alpha': 0.7985838273171167}. Best is trial 59 with value: 0.12436238615834277.
[I 2026-03-04 02:02:33,414] Trial 62 finished with value: 0.11447734643850412 and parameters: {'sigma_noise': 0.22582197700363912, 'A_repulsion': 0.0891723398385873, 'gamma': 0.745498909736846, 'sigma_update': 0.638974673608744, 'eta_learning': 1.0368070741366642, 'sigma_boundary': 7.537340957812729, 'alpha': 0.8329080522788983}. Best is trial 62 with value: 0.11447734643850412.
[I 2026-03-04 02:02:42,643] Trial 63 finished with value: 0.12288759491264473 and parameters: {'sigma_noise': 0.22365808860361955, 'A_repulsion': 0.0922392791976045, 'gamma': 0.7634665034102153, 'sigma_update': 0.27770698593713117, 'eta_learning': 1.070072151978412, 'sigma_boundary': 5.351402806757475, 'alpha': 0.8018711260207533}. Best is trial 62 with value: 0.11447734643850412.
[I 2026-03-04 02:02:47,557] Trial 65 finished with value: 0.12349374206787911 and parameters: {'sigma_noise': 0.22515656734522654, 'A_repulsion': 0.09724386031874546, 'gamma': 0.7587874349642318, 'sigma_update': 0.38411928061226824, 'eta_learning': 1.0776503296341726, 'sigma_boundary': 7.270636859966839, 'alpha': 0.8023790692963824}. Best is trial 62 with value: 0.11447734643850412.
[I 2026-03-04 02:02:53,627] Trial 66 finished with value: 0.1322242792258025 and parameters: {'sigma_noise': 0.2310532764907976, 'A_repulsion': 0.09780107279648417, 'gamma': 0.7358831823120978, 'sigma_update': 0.2848542886152545, 'eta_learning': 1.095536744451827, 'sigma_boundary': 0.7137947364129866, 'alpha': 0.7737382425412452}. Best is trial 62 with value: 0.11447734643850412.
[I 2026-03-04 02:03:00,343] Trial 54 finished with value: 0.18576468008197428 and parameters: {'sigma_noise': 0.36501334673093505, 'A_repulsion': 0.1693385227437496, 'gamma': 0.752710571393945, 'sigma_update': 0.48973045825668937, 'eta_learning': 1.0013869864395384, 'sigma_boundary': 7.501957416449854, 'alpha': 0.9715331600758684}. Best is trial 62 with value: 0.11447734643850412.
[I 2026-03-04 02:03:10,697] Trial 67 finished with value: 0.1257340088819211 and parameters: {'sigma_noise': 0.21961240347698585, 'A_repulsion': 0.0901028199427078, 'gamma': 0.7605859573430185, 'sigma_update': 0.378911222008145, 'eta_learning': 1.079575091740613, 'sigma_boundary': 5.687986614458473, 'alpha': 0.7662851341927952}. Best is trial 62 with value: 0.11447734643850412.
[I 2026-03-04 02:03:12,154] Trial 69 finished with value: 0.17266518954499294 and parameters: {'sigma_noise': 0.23219459427901262, 'A_repulsion': 0.09694453394455374, 'gamma': 0.7398919642027555, 'sigma_update': 0.2813136976880611, 'eta_learning': 2.313070119096004, 'sigma_boundary': 0.9674376725154055, 'alpha': 0.7884044082830363}. Best is trial 62 with value: 0.11447734643850412.
[I 2026-03-04 02:03:15,344] Trial 70 finished with value: 0.1327888682974373 and parameters: {'sigma_noise': 0.22434734427820244, 'A_repulsion': 0.08452716683703598, 'gamma': 0.7579162266331301, 'sigma_update': 0.2840594073902667, 'eta_learning': 1.0185614157186944, 'sigma_boundary': 0.701628183313369, 'alpha': 0.793998297305559}. Best is trial 62 with value: 0.11447734643850412.
[I 2026-03-04 02:03:25,441] Trial 68 finished with value: 0.12797539810466857 and parameters: {'sigma_noise': 0.2313875924451968, 'A_repulsion': 0.07152508148366646, 'gamma': 0.7941582975539493, 'sigma_update': 0.29172586761740515, 'eta_learning': 1.0890535491691127, 'sigma_boundary': 6.834846917810974, 'alpha': 0.8008206942964579}. Best is trial 62 with value: 0.11447734643850412.
[I 2026-03-04 02:03:27,789] Trial 55 finished with value: 0.19568524962003989 and parameters: {'sigma_noise': 0.38624298330741225, 'A_repulsion': 0.1538225110162226, 'gamma': 0.7784178281304915, 'sigma_update': 0.48531763971898056, 'eta_learning': 2.1061653960509217, 'sigma_boundary': 7.481165568266728, 'alpha': 0.9892778056396576}. Best is trial 62 with value: 0.11447734643850412.
[I 2026-03-04 02:03:35,766] Trial 60 finished with value: 0.14955634813807034 and parameters: {'sigma_noise': 0.2354026626857035, 'A_repulsion': 0.2822802784191012, 'gamma': 0.7583209608609904, 'sigma_update': 0.37266762270070286, 'eta_learning': 1.0753930431924803, 'sigma_boundary': 7.699751119026564, 'alpha': 0.7711843595219404}. Best is trial 62 with value: 0.11447734643850412.
[I 2026-03-04 02:03:36,163] Trial 71 finished with value: 0.11598197916409025 and parameters: {'sigma_noise': 0.22784760749467606, 'A_repulsion': 0.08734241976180224, 'gamma': 0.7792280430214837, 'sigma_update': 0.6559241686755526, 'eta_learning': 1.1068739628652848, 'sigma_boundary': 5.470864249852452, 'alpha': 0.7872053949447883}. Best is trial 62 with value: 0.11447734643850412.
[I 2026-03-04 02:03:36,612] Trial 61 finished with value: 0.14897538372155206 and parameters: {'sigma_noise': 0.22416029739285198, 'A_repulsion': 0.2911128684286257, 'gamma': 0.767103475135478, 'sigma_update': 0.3667601182711867, 'eta_learning': 1.0771480794915989, 'sigma_boundary': 7.6724124555028546, 'alpha': 0.7782198071547753}. Best is trial 62 with value: 0.11447734643850412.
[I 2026-03-04 02:05:49,461] Trial 72 finished with value: 0.12437748360671252 and parameters: {'sigma_noise': 0.22841097638530472, 'A_repulsion': 0.08369880187720397, 'gamma': 0.7845342071815081, 'sigma_update': 0.3691670772279321, 'eta_learning': 1.0827105168116105, 'sigma_boundary': 0.7977879101001326, 'alpha': 0.771783190752381}. Best is trial 62 with value: 0.11447734643850412.
[I 2026-03-04 02:06:19,082] Trial 73 finished with value: 0.12210993689385716 and parameters: {'sigma_noise': 0.23826500770499756, 'A_repulsion': 0.09027664090447984, 'gamma': 0.7655648297569395, 'sigma_update': 0.37866970277364403, 'eta_learning': 1.1475240648548486, 'sigma_boundary': 0.26294727682850494, 'alpha': 0.7827652458607169}. Best is trial 62 with value: 0.11447734643850412.
[I 2026-03-04 02:06:19,982] Trial 76 finished with value: 0.11389737030968905 and parameters: {'sigma_noise': 0.230838705284093, 'A_repulsion': 0.09373691346770019, 'gamma': 0.7646993282264487, 'sigma_update': 0.6479852634750162, 'eta_learning': 1.0963009714714766, 'sigma_boundary': 5.336551894219987, 'alpha': 0.7846212796210691}. Best is trial 76 with value: 0.11389737030968905.
[I 2026-03-04 02:06:25,600] Trial 75 finished with value: 0.11732903453563712 and parameters: {'sigma_noise': 0.22759844055859305, 'A_repulsion': 0.09306966739607896, 'gamma': 0.7652331399671953, 'sigma_update': 0.6554802829460625, 'eta_learning': 1.1079937692005088, 'sigma_boundary': 5.284662546647035, 'alpha': 0.7675319917895261}. Best is trial 76 with value: 0.11389737030968905.
[I 2026-03-04 02:06:27,664] Trial 74 finished with value: 0.11650329762006725 and parameters: {'sigma_noise': 0.24455867851503035, 'A_repulsion': 0.09968419306726285, 'gamma': 0.7529817814182403, 'sigma_update': 0.391132121791547, 'eta_learning': 1.1061685464885391, 'sigma_boundary': 5.1555292490202245, 'alpha': 0.7864590934558913}. Best is trial 76 with value: 0.11389737030968905.
[I 2026-03-04 02:06:45,691] Trial 77 finished with value: 0.11753968035929727 and parameters: {'sigma_noise': 0.23052736260369042, 'A_repulsion': 0.08795305597904451, 'gamma': 0.766531751373372, 'sigma_update': 0.6574078909779272, 'eta_learning': 1.2016466512724657, 'sigma_boundary': 5.400643167567617, 'alpha': 0.7758037906937177}. Best is trial 76 with value: 0.11389737030968905.
[I 2026-03-04 02:06:56,942] Trial 78 finished with value: 0.11586676319176148 and parameters: {'sigma_noise': 0.23309757950891313, 'A_repulsion': 0.0902199181197662, 'gamma': 0.7680761432658854, 'sigma_update': 0.6599341641478343, 'eta_learning': 1.123861269383872, 'sigma_boundary': 5.328569904941865, 'alpha': 0.7834495903570594}. Best is trial 76 with value: 0.11389737030968905.
[I 2026-03-04 02:07:05,594] Trial 79 finished with value: 0.1774595929733887 and parameters: {'sigma_noise': 0.23829632305310341, 'A_repulsion': 0.08507043371003778, 'gamma': 0.7606643896845117, 'sigma_update': 0.19773068884173495, 'eta_learning': 1.09747299250353, 'sigma_boundary': 0.0133407117029396, 'alpha': 0.783890853117138}. Best is trial 76 with value: 0.11389737030968905.
[I 2026-03-04 02:07:26,335] Trial 80 finished with value: 0.1387528241598603 and parameters: {'sigma_noise': 0.22944378111924982, 'A_repulsion': 0.08161474563374224, 'gamma': 0.761420798942528, 'sigma_update': 0.19495367441867434, 'eta_learning': 1.0715292266222334, 'sigma_boundary': 0.4449016035204414, 'alpha': 0.7722871369432369}. Best is trial 76 with value: 0.11389737030968905.
[I 2026-03-04 02:07:29,268] Trial 81 finished with value: 0.14797770326696813 and parameters: {'sigma_noise': 0.22862635826749295, 'A_repulsion': 0.08307119948145424, 'gamma': 0.7559808624899137, 'sigma_update': 0.19832734273584873, 'eta_learning': 2.7701941465027193, 'sigma_boundary': 6.727087910984902, 'alpha': 0.7908007162722142}. Best is trial 76 with value: 0.11389737030968905.
[I 2026-03-04 02:07:47,119] Trial 82 finished with value: 0.11807202186583468 and parameters: {'sigma_noise': 0.22846865415516365, 'A_repulsion': 0.07268604238000945, 'gamma': 0.7622566649873137, 'sigma_update': 0.37414520260753537, 'eta_learning': 1.1396653585057686, 'sigma_boundary': 5.263623617557411, 'alpha': 0.7785929305714228}. Best is trial 76 with value: 0.11389737030968905.
[I 2026-03-04 02:07:49,260] Trial 83 finished with value: 0.14365789088089476 and parameters: {'sigma_noise': 0.23025209669009566, 'A_repulsion': 0.06848912235337135, 'gamma': 0.7302086093615495, 'sigma_update': 0.3695441870813013, 'eta_learning': 1.1037717338833852, 'sigma_boundary': 6.722677174737651, 'alpha': 0.7630903586150648}. Best is trial 76 with value: 0.11389737030968905.
[I 2026-03-04 02:07:55,508] Trial 86 finished with value: 0.13883287119759968 and parameters: {'sigma_noise': 0.2333004487256848, 'A_repulsion': 0.0680639851673784, 'gamma': 0.7371894252921798, 'sigma_update': 0.3687269768703623, 'eta_learning': 1.1314270534615103, 'sigma_boundary': 6.741434436039372, 'alpha': 0.7826755044274815}. Best is trial 76 with value: 0.11389737030968905.
[I 2026-03-04 02:08:00,857] Trial 85 finished with value: 0.1358120933331159 and parameters: {'sigma_noise': 0.2320047980505488, 'A_repulsion': 0.067738944517366, 'gamma': 0.7412265345372189, 'sigma_update': 0.2140714096449151, 'eta_learning': 1.1103198144271773, 'sigma_boundary': 5.189434249946391, 'alpha': 0.7982784056799401}. Best is trial 76 with value: 0.11389737030968905.
[I 2026-03-04 02:08:02,051] Trial 84 finished with value: 0.1413723225457641 and parameters: {'sigma_noise': 0.23239379367241533, 'A_repulsion': 0.07428041187362058, 'gamma': 0.7492650243319321, 'sigma_update': 0.20012053133347293, 'eta_learning': 1.1218331074888597, 'sigma_boundary': 6.741356960408052, 'alpha': 0.7702488802970519}. Best is trial 76 with value: 0.11389737030968905.
[I 2026-03-04 02:08:16,031] Trial 89 finished with value: 0.12276556970458363 and parameters: {'sigma_noise': 0.2601327044025218, 'A_repulsion': 0.06078186763107436, 'gamma': 0.8624750447993992, 'sigma_update': 0.36925361899061104, 'eta_learning': 1.1581436556141005, 'sigma_boundary': 5.402013254829594, 'alpha': 0.7457373986545347}. Best is trial 76 with value: 0.11389737030968905.
[I 2026-03-04 02:08:17,676] Trial 90 finished with value: 0.14334838714418002 and parameters: {'sigma_noise': 0.2551928515259072, 'A_repulsion': 0.06259691333714149, 'gamma': 0.8593780114864596, 'sigma_update': 0.221519919204676, 'eta_learning': 1.1426191556103322, 'sigma_boundary': 5.289679130228256, 'alpha': 0.7598986218843028}. Best is trial 76 with value: 0.11389737030968905.
[I 2026-03-04 02:08:19,934] Trial 87 finished with value: 0.1452937897975565 and parameters: {'sigma_noise': 0.23325872986947008, 'A_repulsion': 0.07333523312992854, 'gamma': 0.723005958032247, 'sigma_update': 0.20709376627272716, 'eta_learning': 1.1453040377579755, 'sigma_boundary': 5.382221740938922, 'alpha': 0.7674354434776226}. Best is trial 76 with value: 0.11389737030968905.
[I 2026-03-04 02:08:24,166] Trial 88 finished with value: 0.14678679199612077 and parameters: {'sigma_noise': 0.2346906298937641, 'A_repulsion': 0.0602848774520673, 'gamma': 0.7260384217568149, 'sigma_update': 0.37653616122442873, 'eta_learning': 1.1718729885234371, 'sigma_boundary': 5.4625732059668906, 'alpha': 0.7499955890023846}. Best is trial 76 with value: 0.11389737030968905.
[I 2026-03-04 02:08:38,828] Trial 93 finished with value: 0.16130930123183662 and parameters: {'sigma_noise': 0.25130414791908495, 'A_repulsion': 0.05843485861125589, 'gamma': 0.8536574787630733, 'sigma_update': 0.2179159757778525, 'eta_learning': 0.5634581709552171, 'sigma_boundary': 5.300244546256354, 'alpha': 0.8330491226446585}. Best is trial 76 with value: 0.11389737030968905.
[I 2026-03-04 02:08:39,962] Trial 91 finished with value: 0.12287426933372603 and parameters: {'sigma_noise': 0.262121833950271, 'A_repulsion': 0.05941457151926324, 'gamma': 0.8425556716079171, 'sigma_update': 0.3619411986622868, 'eta_learning': 1.1464627975886827, 'sigma_boundary': 5.364511081111123, 'alpha': 0.8318469004507696}. Best is trial 76 with value: 0.11389737030968905.
[I 2026-03-04 02:08:46,415] Trial 94 finished with value: 0.1618232335426129 and parameters: {'sigma_noise': 0.25577246889386956, 'A_repulsion': 0.055903544208922004, 'gamma': 0.8395392619040012, 'sigma_update': 0.2221828079000891, 'eta_learning': 1.1726423525373535, 'sigma_boundary': 5.39059213161384, 'alpha': 0.8402592068976746}. Best is trial 76 with value: 0.11389737030968905.
[I 2026-03-04 02:08:47,403] Trial 92 finished with value: 0.12307679228639197 and parameters: {'sigma_noise': 0.2456328326974247, 'A_repulsion': 0.06346017307057941, 'gamma': 0.8593964972432303, 'sigma_update': 0.3611164640870617, 'eta_learning': 0.6103969917031196, 'sigma_boundary': 5.211288008200527, 'alpha': 0.7432481090360689}. Best is trial 76 with value: 0.11389737030968905.
[I 2026-03-04 02:08:58,656] Trial 95 finished with value: 0.1383457140503683 and parameters: {'sigma_noise': 0.2619390914723403, 'A_repulsion': 0.06480858794814492, 'gamma': 0.8527322110634566, 'sigma_update': 0.18194538811379463, 'eta_learning': 1.169607308819403, 'sigma_boundary': 5.376988832331872, 'alpha': 0.7361127739767432}. Best is trial 76 with value: 0.11389737030968905.
[I 2026-03-04 02:11:07,960] Trial 96 finished with value: 0.15774655886936598 and parameters: {'sigma_noise': 0.2513828590704853, 'A_repulsion': 0.1251416444163943, 'gamma': 0.8569695502585423, 'sigma_update': 0.20118516936318465, 'eta_learning': 1.181860588453305, 'sigma_boundary': 5.45671729164639, 'alpha': 0.7385977874358052}. Best is trial 76 with value: 0.11389737030968905.
[I 2026-03-04 02:11:31,491] Trial 98 finished with value: 0.14231346143467605 and parameters: {'sigma_noise': 0.2550375190130054, 'A_repulsion': 0.12489749637849146, 'gamma': 0.8553790950841632, 'sigma_update': 0.34174767945107043, 'eta_learning': 1.181623213382387, 'sigma_boundary': 5.181962181932413, 'alpha': 0.836121841562563}. Best is trial 76 with value: 0.11389737030968905.
[I 2026-03-04 02:11:39,899] Trial 100 finished with value: 0.14385715900203566 and parameters: {'sigma_noise': 0.2584671107987292, 'A_repulsion': 0.12950174275517257, 'gamma': 0.844943754484714, 'sigma_update': 0.2099149857469244, 'eta_learning': 1.1712688950381978, 'sigma_boundary': 5.2797297126195994, 'alpha': 0.8446574898710418}. Best is trial 76 with value: 0.11389737030968905.
[I 2026-03-04 02:11:41,941] Trial 97 finished with value: 0.140123101494311 and parameters: {'sigma_noise': 0.25925468077446306, 'A_repulsion': 0.12772588561090972, 'gamma': 0.8623184327181168, 'sigma_update': 0.19340494955061804, 'eta_learning': 1.1966113446421405, 'sigma_boundary': 5.591855445884616, 'alpha': 0.7383239071001573}. Best is trial 76 with value: 0.11389737030968905.
[I 2026-03-04 02:11:45,234] Trial 99 finished with value: 0.15357820760358545 and parameters: {'sigma_noise': 0.2574823584434394, 'A_repulsion': 0.12027974967300752, 'gamma': 0.8660087505232854, 'sigma_update': 0.1877775629071797, 'eta_learning': 0.6101911038767329, 'sigma_boundary': 5.244156374456932, 'alpha': 0.838900036405734}. Best is trial 76 with value: 0.11389737030968905.
[I 2026-03-04 02:12:08,423] Trial 101 finished with value: 0.12857531412287154 and parameters: {'sigma_noise': 0.2587477250935902, 'A_repulsion': 0.13221117580564717, 'gamma': 0.8489277277088859, 'sigma_update': 0.669806733528863, 'eta_learning': 1.189556044106957, 'sigma_boundary': 5.2207455470048325, 'alpha': 0.7285671609252848}. Best is trial 76 with value: 0.11389737030968905.
[I 2026-03-04 02:12:17,198] Trial 102 finished with value: 0.12054517444662283 and parameters: {'sigma_noise': 0.2613104393976461, 'A_repulsion': 0.12944608509512898, 'gamma': 0.856877546541941, 'sigma_update': 0.6687079693489627, 'eta_learning': 1.3516328122563168, 'sigma_boundary': 5.006591323784741, 'alpha': 0.7390630661830743}. Best is trial 76 with value: 0.11389737030968905.
[I 2026-03-04 02:12:24,033] Trial 103 finished with value: 0.11696215551953504 and parameters: {'sigma_noise': 0.2586992338081512, 'A_repulsion': 0.12926342787571674, 'gamma': 0.8565453724814065, 'sigma_update': 0.6777396079819826, 'eta_learning': 1.334165527187488, 'sigma_boundary': 5.04190786181868, 'alpha': 0.8391393187182971}. Best is trial 76 with value: 0.11389737030968905.
[I 2026-03-04 02:12:25,763] Trial 106 finished with value: 0.1371792023460652 and parameters: {'sigma_noise': 0.2506503887038125, 'A_repulsion': 0.03888542605813003, 'gamma': 0.8492213593099207, 'sigma_update': 0.6700322664293332, 'eta_learning': 1.3742230488191733, 'sigma_boundary': 4.885113234855906, 'alpha': 0.7305888614054328}. Best is trial 76 with value: 0.11389737030968905.
[I 2026-03-04 02:12:37,521] Trial 104 finished with value: 0.11705553643155477 and parameters: {'sigma_noise': 0.2583232680016099, 'A_repulsion': 0.12924384669274874, 'gamma': 0.8665486295010938, 'sigma_update': 0.6707639989035681, 'eta_learning': 1.358647805575194, 'sigma_boundary': 5.402669512770988, 'alpha': 0.7368512676911122}. Best is trial 76 with value: 0.11389737030968905.
[I 2026-03-04 02:12:56,932] Trial 105 finished with value: 0.1119087674101703 and parameters: {'sigma_noise': 0.2623193611779474, 'A_repulsion': 0.1276935130656437, 'gamma': 0.8391853883516122, 'sigma_update': 0.6677541895090788, 'eta_learning': 1.2024616437474343, 'sigma_boundary': 5.144885024998326, 'alpha': 0.8368783087310835}. Best is trial 105 with value: 0.1119087674101703.
[I 2026-03-04 02:12:59,802] Trial 112 finished with value: 0.13221784519138502 and parameters: {'sigma_noise': 0.24919103145763452, 'A_repulsion': 0.1283232974623878, 'gamma': 0.6437964836251132, 'sigma_update': 0.6626448491605182, 'eta_learning': 1.3701631798314362, 'sigma_boundary': 4.628152718577997, 'alpha': 0.8503775730586784}. Best is trial 105 with value: 0.1119087674101703.
[I 2026-03-04 02:13:00,502] Trial 107 finished with value: 0.11285016089757557 and parameters: {'sigma_noise': 0.2598254534323793, 'A_repulsion': 0.12880284248114052, 'gamma': 0.8481525284758894, 'sigma_update': 0.6701783812893386, 'eta_learning': 1.3754505052452493, 'sigma_boundary': 4.94794767593158, 'alpha': 0.8402244698537349}. Best is trial 105 with value: 0.1119087674101703.
[I 2026-03-04 02:13:12,951] Trial 108 finished with value: 0.13143483693702374 and parameters: {'sigma_noise': 0.2599103820961939, 'A_repulsion': 0.1267403057698407, 'gamma': 0.8383432166323421, 'sigma_update': 0.6702660040498871, 'eta_learning': 1.3558209780186425, 'sigma_boundary': 4.908503561800511, 'alpha': 0.7216504569964166}. Best is trial 105 with value: 0.1119087674101703.
[I 2026-03-04 02:13:16,384] Trial 109 finished with value: 0.11286564798624366 and parameters: {'sigma_noise': 0.24630214182868698, 'A_repulsion': 0.1291899554079701, 'gamma': 0.8213955998681908, 'sigma_update': 0.6729791509666201, 'eta_learning': 1.335299387597084, 'sigma_boundary': 4.8374876128235575, 'alpha': 0.8408416222741463}. Best is trial 105 with value: 0.1119087674101703.
[I 2026-03-04 02:13:17,893] Trial 113 finished with value: 0.13843373467660064 and parameters: {'sigma_noise': 0.19146398893451985, 'A_repulsion': 0.13197887228981126, 'gamma': 0.6760555381234787, 'sigma_update': 0.6702591145650669, 'eta_learning': 1.3967193911363154, 'sigma_boundary': 4.604338538352755, 'alpha': 0.8400902241761823}. Best is trial 105 with value: 0.1119087674101703.
[I 2026-03-04 02:13:19,127] Trial 114 finished with value: 0.10925621631228394 and parameters: {'sigma_noise': 0.2665567443115581, 'A_repulsion': 0.03894958962363964, 'gamma': 0.8359804126808967, 'sigma_update': 0.6723005262667143, 'eta_learning': 0.6215748218919445, 'sigma_boundary': 4.933589472589329, 'alpha': 0.839106872111664}. Best is trial 114 with value: 0.10925621631228394.
