[I 2026-03-04 02:40:04,528] Trial 31 finished with value: 0.8779638721400097 and parameters: {'sigma_noise': 0.24917525015218178, 'A_repulsion': 0.04326262263416547, 'gamma': 0.7082525636629137, 'sigma_update': 0.48137128521805617, 'eta_learning': 1.3135171652899023, 'sigma_boundary': 6.822268917326446, 'alpha': 0.1736795341067302}. Best is trial 6 with value: 0.07778748703233206.
[I 2026-03-04 02:40:16,796] Trial 25 finished with value: 0.2900351830527952 and parameters: {'sigma_noise': 0.3647546205180773, 'A_repulsion': 0.05090299549079935, 'gamma': 0.49805972489339606, 'sigma_update': 0.6396263775663972, 'eta_learning': 2.25772757891234, 'sigma_boundary': 9.531620286704163, 'alpha': 0.6111904581136065}. Best is trial 6 with value: 0.07778748703233206.
[I 2026-03-04 02:40:41,654] Trial 27 finished with value: 2.0914068413095994 and parameters: {'sigma_noise': 0.25191720593278183, 'A_repulsion': 0.25598865071198856, 'gamma': 0.9792086334986773, 'sigma_update': 0.649218774615141, 'eta_learning': 2.299819529129354, 'sigma_boundary': 9.38749008313495, 'alpha': 0.030084849198982244}. Best is trial 6 with value: 0.07778748703233206.
[I 2026-03-04 02:40:44,071] Trial 28 finished with value: 1.674858485332165 and parameters: {'sigma_noise': 0.249269589808076, 'A_repulsion': 0.2758637720286253, 'gamma': 0.8969249095725396, 'sigma_update': 0.5254831787236303, 'eta_learning': 2.1863317713139283, 'sigma_boundary': 5.159807431655703, 'alpha': 0.21498801987843197}. Best is trial 6 with value: 0.07778748703233206.
[I 2026-03-04 02:40:48,903] Trial 29 finished with value: 0.3627627137344972 and parameters: {'sigma_noise': 0.3722361719157434, 'A_repulsion': 0.07149373874947174, 'gamma': 0.4691335062580283, 'sigma_update': 0.6309240024444295, 'eta_learning': 1.6147621810753798, 'sigma_boundary': 3.4894105662051857, 'alpha': 0.5782749279126275}. Best is trial 6 with value: 0.07778748703233206.
[I 2026-03-04 02:40:50,659] Trial 26 finished with value: 0.12060376570307874 and parameters: {'sigma_noise': 0.2759368222881384, 'A_repulsion': 0.34355711481677526, 'gamma': 0.6549792968921281, 'sigma_update': 0.40159697004928446, 'eta_learning': 1.9620092864083178, 'sigma_boundary': 6.675973435424226, 'alpha': 0.9882842608264482}. Best is trial 6 with value: 0.07778748703233206.
[I 2026-03-04 02:41:48,333] Trial 32 finished with value: 0.26655847622983075 and parameters: {'sigma_noise': 0.4097498186724246, 'A_repulsion': 0.3278402178564454, 'gamma': 0.11878224155110209, 'sigma_update': 0.11261789603724644, 'eta_learning': 0.9866962548970242, 'sigma_boundary': 5.512299943593285, 'alpha': 0.72224195513242}. Best is trial 6 with value: 0.07778748703233206.
[I 2026-03-04 02:42:00,155] Trial 33 finished with value: 0.11078927254092322 and parameters: {'sigma_noise': 0.4044253039462614, 'A_repulsion': 0.43296877894940344, 'gamma': 0.8824508952862296, 'sigma_update': 0.33250298831906183, 'eta_learning': 0.12287004148400618, 'sigma_boundary': 3.5439607769478387, 'alpha': 0.3597284997286522}. Best is trial 6 with value: 0.07778748703233206.
[I 2026-03-04 02:42:05,048] Trial 37 finished with value: 0.10932662657095502 and parameters: {'sigma_noise': 0.3795181838526144, 'A_repulsion': 0.3631393695365395, 'gamma': 0.7345727566458647, 'sigma_update': 0.3107191820366196, 'eta_learning': 0.0542384388316175, 'sigma_boundary': 2.4204670548302527, 'alpha': 0.3975067638277266}. Best is trial 6 with value: 0.07778748703233206.
[I 2026-03-04 02:42:21,176] Trial 34 finished with value: 0.3686333850868158 and parameters: {'sigma_noise': 0.43572085344613753, 'A_repulsion': 0.49669682303887797, 'gamma': 0.6738531740171586, 'sigma_update': 0.6563819301676963, 'eta_learning': 0.03107750611771115, 'sigma_boundary': 0.014215968461619266, 'alpha': 0.4550377851591134}. Best is trial 6 with value: 0.07778748703233206.
[I 2026-03-04 02:42:29,994] Trial 36 finished with value: 0.21573979887887443 and parameters: {'sigma_noise': 0.40908859070038106, 'A_repulsion': 0.49881627683882596, 'gamma': 0.6795236973139767, 'sigma_update': 0.2959958967184116, 'eta_learning': 0.1682796255692595, 'sigma_boundary': 2.496187492625546, 'alpha': 0.4251065869431311}. Best is trial 6 with value: 0.07778748703233206.
[I 2026-03-04 02:42:32,457] Trial 40 finished with value: 0.0855896531502949 and parameters: {'sigma_noise': 0.3049460015492275, 'A_repulsion': 0.3699925262384194, 'gamma': 0.7247202797126833, 'sigma_update': 0.6906806922158948, 'eta_learning': 0.04055358317686275, 'sigma_boundary': 1.6117713149071076, 'alpha': 0.315357429389588}. Best is trial 6 with value: 0.07778748703233206.
[I 2026-03-04 02:42:38,373] Trial 35 finished with value: 0.49962908189954225 and parameters: {'sigma_noise': 0.4060706280104971, 'A_repulsion': 0.4911046428061492, 'gamma': 0.9689557197938503, 'sigma_update': 0.021856857681844866, 'eta_learning': 0.09019216019051246, 'sigma_boundary': 2.849072318675255, 'alpha': 0.4096142657255043}. Best is trial 6 with value: 0.07778748703233206.
[I 2026-03-04 02:42:46,365] Trial 41 finished with value: 0.7319983771715429 and parameters: {'sigma_noise': 0.29980935036594636, 'A_repulsion': 0.3902164821855864, 'gamma': 0.7173245003631078, 'sigma_update': 0.28891194773394213, 'eta_learning': 1.8408155447667531, 'sigma_boundary': 2.047160369855855, 'alpha': 0.3540068362253619}. Best is trial 6 with value: 0.07778748703233206.
[I 2026-03-04 02:42:58,574] Trial 38 finished with value: 0.1384284818671731 and parameters: {'sigma_noise': 0.43401035557678913, 'A_repulsion': 0.34508481323531065, 'gamma': 0.7607171212711333, 'sigma_update': 0.3749269127310022, 'eta_learning': 0.06535737131208838, 'sigma_boundary': 2.182748873683387, 'alpha': 0.3652935775812556}. Best is trial 6 with value: 0.07778748703233206.
[I 2026-03-04 02:43:00,449] Trial 47 finished with value: 0.8061779029241658 and parameters: {'sigma_noise': 0.4497688447367413, 'A_repulsion': 0.05486909824984071, 'gamma': 0.9980836313992563, 'sigma_update': 0.6930901720901419, 'eta_learning': 1.632816644113328, 'sigma_boundary': 5.665534545665647, 'alpha': 0.3170799094541389}. Best is trial 6 with value: 0.07778748703233206.
[I 2026-03-04 02:43:03,228] Trial 42 finished with value: 0.10924800946573836 and parameters: {'sigma_noise': 0.3201372471284617, 'A_repulsion': 0.41973070827332193, 'gamma': 0.735142345915275, 'sigma_update': 0.31137004726216555, 'eta_learning': 1.747832203365161, 'sigma_boundary': 2.0567876548048796, 'alpha': 0.6094696333642539}. Best is trial 6 with value: 0.07778748703233206.
[I 2026-03-04 02:43:20,060] Trial 44 finished with value: 1.2825385809945464 and parameters: {'sigma_noise': 0.3053328907676678, 'A_repulsion': 0.40173519834324023, 'gamma': 0.6975846445818898, 'sigma_update': 0.6682493549412054, 'eta_learning': 1.923085414386067, 'sigma_boundary': 3.186441866529057, 'alpha': 0.32819229652364384}. Best is trial 6 with value: 0.07778748703233206.
[I 2026-03-04 02:43:20,235] Trial 39 finished with value: 1.264204353765199 and parameters: {'sigma_noise': 0.4453087029969206, 'A_repulsion': 0.37788879457495966, 'gamma': 0.7242155377383486, 'sigma_update': 0.38381634483833266, 'eta_learning': 1.7499769305391941, 'sigma_boundary': 2.163543498641004, 'alpha': 0.35371902706720715}. Best is trial 6 with value: 0.07778748703233206.
[I 2026-03-04 02:43:24,361] Trial 43 finished with value: 0.1428740030142818 and parameters: {'sigma_noise': 0.4469346062773085, 'A_repulsion': 0.3780138720667683, 'gamma': 0.7233574653347414, 'sigma_update': 0.2949552119091007, 'eta_learning': 1.704125282329334, 'sigma_boundary': 2.9436646658848913, 'alpha': 0.6147982720909949}. Best is trial 6 with value: 0.07778748703233206.
[I 2026-03-04 02:43:25,536] Trial 45 finished with value: 1.0757091009438313 and parameters: {'sigma_noise': 0.30820189205136483, 'A_repulsion': 0.36164437268153604, 'gamma': 0.9961934585458506, 'sigma_update': 0.6913761179187706, 'eta_learning': 1.8254956164359117, 'sigma_boundary': 5.865135273587103, 'alpha': 0.3257301228628071}. Best is trial 6 with value: 0.07778748703233206.
[I 2026-03-04 02:43:54,265] Trial 46 finished with value: 1.3674572277310808 and parameters: {'sigma_noise': 0.4409474958064782, 'A_repulsion': 0.38560095318417026, 'gamma': 0.9658758349104953, 'sigma_update': 0.6560309101163346, 'eta_learning': 1.701213446194334, 'sigma_boundary': 6.310217919441271, 'alpha': 0.3376441147509727}. Best is trial 6 with value: 0.07778748703233206.
[I 2026-03-04 02:45:12,030] Trial 48 finished with value: 1.0375141572287183 and parameters: {'sigma_noise': 0.4413960892573039, 'A_repulsion': 0.06508259012529571, 'gamma': 0.6686678063275713, 'sigma_update': 0.6852258140063848, 'eta_learning': 1.6576842742111548, 'sigma_boundary': 6.300832561948424, 'alpha': 0.31401918923987093}. Best is trial 6 with value: 0.07778748703233206.
[I 2026-03-04 02:45:20,964] Trial 49 finished with value: 0.5649596377660857 and parameters: {'sigma_noise': 0.29836971452636724, 'A_repulsion': 0.08576088938750887, 'gamma': 0.9949692369194116, 'sigma_update': 0.4391586931186625, 'eta_learning': 1.66164048537221, 'sigma_boundary': 4.2635199500807754, 'alpha': 0.2988408814953792}. Best is trial 6 with value: 0.07778748703233206.
[I 2026-03-04 02:46:07,944] Trial 55 finished with value: 0.09024372072092712 and parameters: {'sigma_noise': 0.1909529285309054, 'A_repulsion': 0.19043014333126945, 'gamma': 0.36797757224851424, 'sigma_update': 0.4423434851496994, 'eta_learning': 0.027850945900111945, 'sigma_boundary': 0.1474239618268154, 'alpha': 0.7023543504795291}. Best is trial 6 with value: 0.07778748703233206.
[I 2026-03-04 02:46:17,024] Trial 50 finished with value: 0.9100182982697751 and parameters: {'sigma_noise': 0.28357985645947487, 'A_repulsion': 0.3665390181721369, 'gamma': 0.9981706672989467, 'sigma_update': 0.6977605947652021, 'eta_learning': 1.6736481371210066, 'sigma_boundary': 4.368634812236575, 'alpha': 0.3392428913698394}. Best is trial 6 with value: 0.07778748703233206.
[I 2026-03-04 02:46:56,496] Trial 51 finished with value: 1.0518843064840524 and parameters: {'sigma_noise': 0.43250798899883874, 'A_repulsion': 0.364641841694467, 'gamma': 0.9971387814858731, 'sigma_update': 0.6932535467529274, 'eta_learning': 1.736220102195234, 'sigma_boundary': 4.277096042867538, 'alpha': 0.3589923915655788}. Best is trial 6 with value: 0.07778748703233206.
[I 2026-03-04 02:46:56,945] Trial 52 finished with value: 0.718174783577604 and parameters: {'sigma_noise': 0.284584781411312, 'A_repulsion': 0.37198180938484726, 'gamma': 0.9573966735163324, 'sigma_update': 0.4441481246497127, 'eta_learning': 1.6942842994160219, 'sigma_boundary': 4.40173721025494, 'alpha': 0.33654854285337865}. Best is trial 6 with value: 0.07778748703233206.
[I 2026-03-04 02:47:01,066] Trial 53 finished with value: 0.668026548412336 and parameters: {'sigma_noise': 0.28516510608334056, 'A_repulsion': 0.3730938248122453, 'gamma': 0.9885392191657935, 'sigma_update': 0.4345546729239571, 'eta_learning': 1.6015144837621123, 'sigma_boundary': 3.6176456444937632, 'alpha': 0.3376094051708448}. Best is trial 6 with value: 0.07778748703233206.
[I 2026-03-04 02:47:15,984] Trial 54 finished with value: 0.8333409032147514 and parameters: {'sigma_noise': 0.4434476629784877, 'A_repulsion': 0.18579617598796866, 'gamma': 0.3832221093614404, 'sigma_update': 0.4480876239982551, 'eta_learning': 0.6723463995640002, 'sigma_boundary': 1.7220042829033084, 'alpha': 0.34005119284657487}. Best is trial 6 with value: 0.07778748703233206.
[I 2026-03-04 02:47:29,771] Trial 58 finished with value: 0.09596951560815802 and parameters: {'sigma_noise': 0.19342086543935655, 'A_repulsion': 0.2003282719908015, 'gamma': 0.4130679009229312, 'sigma_update': 0.4553203399036447, 'eta_learning': 0.6876756825606759, 'sigma_boundary': 0.16412202840804535, 'alpha': 0.6644770788855872}. Best is trial 6 with value: 0.07778748703233206.
[I 2026-03-04 02:47:40,317] Trial 59 finished with value: 0.16595215180793832 and parameters: {'sigma_noise': 0.19844690040929902, 'A_repulsion': 0.17190160760604817, 'gamma': 0.44340238786787867, 'sigma_update': 0.699434699385952, 'eta_learning': 0.7304887812413094, 'sigma_boundary': 1.199768140202924, 'alpha': 0.6647287244760589}. Best is trial 6 with value: 0.07778748703233206.
[I 2026-03-04 02:47:42,843] Trial 60 finished with value: 0.29984319125211206 and parameters: {'sigma_noise': 0.19825918388091082, 'A_repulsion': 0.1875435886643101, 'gamma': 0.39801519292010407, 'sigma_update': 0.44924114245961094, 'eta_learning': 0.6101393687259882, 'sigma_boundary': 1.3792356205407792, 'alpha': 0.32268386412544353}. Best is trial 6 with value: 0.07778748703233206.
[I 2026-03-04 02:48:15,121] Trial 65 finished with value: 0.13223821746737122 and parameters: {'sigma_noise': 0.20616666876315387, 'A_repulsion': 0.18080340970329928, 'gamma': 0.42948551340720525, 'sigma_update': 0.4601421939353804, 'eta_learning': 0.6613506435826242, 'sigma_boundary': 1.4529296283985196, 'alpha': 0.664858351903309}. Best is trial 6 with value: 0.07778748703233206.
[I 2026-03-04 02:48:17,517] Trial 64 finished with value: 0.6580040695511722 and parameters: {'sigma_noise': 0.2050511985429455, 'A_repulsion': 0.1807109818388669, 'gamma': 0.3424081863693381, 'sigma_update': 0.6928723636821013, 'eta_learning': 0.6599098318159504, 'sigma_boundary': 0.5845920661670198, 'alpha': 0.2691365252244484}. Best is trial 6 with value: 0.07778748703233206.
[I 2026-03-04 02:48:26,868] Trial 66 finished with value: 0.12712242584417133 and parameters: {'sigma_noise': 0.2040064877095362, 'A_repulsion': 0.18690073606647162, 'gamma': 0.41966905336001403, 'sigma_update': 0.6023167666628895, 'eta_learning': 0.520847526703992, 'sigma_boundary': 1.4284764445054565, 'alpha': 0.8502524935606858}. Best is trial 6 with value: 0.07778748703233206.
[I 2026-03-04 02:48:31,806] Trial 67 finished with value: 0.11486776424420811 and parameters: {'sigma_noise': 0.20269249388784724, 'A_repulsion': 0.18039005715577439, 'gamma': 0.43003014936488815, 'sigma_update': 0.4501302185659781, 'eta_learning': 0.6201560077482441, 'sigma_boundary': 1.428824685138186, 'alpha': 0.899167139751103}. Best is trial 6 with value: 0.07778748703233206.
[I 2026-03-04 02:48:39,171] Trial 68 finished with value: 0.11666287859674468 and parameters: {'sigma_noise': 0.20074269120755117, 'A_repulsion': 0.18250176887137304, 'gamma': 0.4132857601238392, 'sigma_update': 0.4502066525904345, 'eta_learning': 0.6744432182465009, 'sigma_boundary': 1.3504156706955484, 'alpha': 0.8655335236403816}. Best is trial 6 with value: 0.07778748703233206.
[I 2026-03-04 02:48:41,785] Trial 63 finished with value: 0.5091287556962708 and parameters: {'sigma_noise': 0.20386562452363366, 'A_repulsion': 0.2793924353801465, 'gamma': 0.8010029808750815, 'sigma_update': 0.45332892894756127, 'eta_learning': 0.692367408870735, 'sigma_boundary': 4.526412677533126, 'alpha': 0.2870582793723858}. Best is trial 6 with value: 0.07778748703233206.
[I 2026-03-04 02:48:45,385] Trial 69 finished with value: 0.11646737711147388 and parameters: {'sigma_noise': 0.2034337791816166, 'A_repulsion': 0.1703552437648036, 'gamma': 0.42211923415275143, 'sigma_update': 0.4454567691852873, 'eta_learning': 0.6489356408281648, 'sigma_boundary': 1.352104451182049, 'alpha': 0.9033843886024961}. Best is trial 6 with value: 0.07778748703233206.
[I 2026-03-04 02:48:50,863] Trial 56 finished with value: 0.653890172222597 and parameters: {'sigma_noise': 0.4381453085338446, 'A_repulsion': 0.19589369002723123, 'gamma': 0.39962750977146766, 'sigma_update': 0.4372120321745385, 'eta_learning': 0.7145779885808043, 'sigma_boundary': 1.321283573470288, 'alpha': 0.3561926556962018}. Best is trial 6 with value: 0.07778748703233206.
[I 2026-03-04 02:48:58,836] Trial 70 finished with value: 0.12056214226929343 and parameters: {'sigma_noise': 0.20750871894197429, 'A_repulsion': 0.18342212622409043, 'gamma': 0.40579050518956394, 'sigma_update': 0.4585308279698131, 'eta_learning': 0.6741188975207264, 'sigma_boundary': 1.2602352902199623, 'alpha': 0.8725222002375033}. Best is trial 6 with value: 0.07778748703233206.
[I 2026-03-04 02:49:04,360] Trial 57 finished with value: 0.7637154226653344 and parameters: {'sigma_noise': 0.4474221424305805, 'A_repulsion': 0.19022562814179542, 'gamma': 0.43521687253134467, 'sigma_update': 0.6963281599725889, 'eta_learning': 0.5873904274014967, 'sigma_boundary': 0.014567019847733897, 'alpha': 0.3005650171361999}. Best is trial 6 with value: 0.07778748703233206.
[I 2026-03-04 02:49:09,122] Trial 62 finished with value: 0.5437118777817185 and parameters: {'sigma_noise': 0.3077826946462505, 'A_repulsion': 0.18538471289605707, 'gamma': 0.8034735422471359, 'sigma_update': 0.4463348123007763, 'eta_learning': 0.6690988953572562, 'sigma_boundary': 1.7557412435353785, 'alpha': 0.3103153910953428}. Best is trial 6 with value: 0.07778748703233206.
[I 2026-03-04 02:49:15,940] Trial 61 finished with value: 0.5257877905751803 and parameters: {'sigma_noise': 0.3152790491584017, 'A_repulsion': 0.2797251141223293, 'gamma': 0.9987123794649977, 'sigma_update': 0.46291969342145955, 'eta_learning': 0.7474481095581661, 'sigma_boundary': 1.658429086769162, 'alpha': 0.3308826284164399}. Best is trial 6 with value: 0.07778748703233206.
[I 2026-03-04 02:49:32,002] Trial 71 finished with value: 0.11067759482821836 and parameters: {'sigma_noise': 0.20872471909608276, 'A_repulsion': 0.18198633709881207, 'gamma': 0.42948370608923453, 'sigma_update': 0.4479585706405651, 'eta_learning': 0.7289597681791002, 'sigma_boundary': 1.2408885740475681, 'alpha': 0.8889312480656395}. Best is trial 6 with value: 0.07778748703233206.
[I 2026-03-04 02:50:55,536] Trial 72 finished with value: 0.11600456951170521 and parameters: {'sigma_noise': 0.20198867036471374, 'A_repulsion': 0.19984852724112168, 'gamma': 0.44086135113471836, 'sigma_update': 0.5970868486078621, 'eta_learning': 0.7283266307936537, 'sigma_boundary': 1.2699440637255612, 'alpha': 0.881231358409013}. Best is trial 6 with value: 0.07778748703233206.
[I 2026-03-04 02:50:57,827] Trial 73 finished with value: 0.13027582551277608 and parameters: {'sigma_noise': 0.2038396177693004, 'A_repulsion': 0.18197941227426634, 'gamma': 0.407305812356488, 'sigma_update': 0.5944815541286311, 'eta_learning': 0.6966131823809569, 'sigma_boundary': 1.1329594557724034, 'alpha': 0.8928158675934919}. Best is trial 6 with value: 0.07778748703233206.
[I 2026-03-04 02:51:57,840] Trial 74 finished with value: 0.14721087492230925 and parameters: {'sigma_noise': 0.20903419813340926, 'A_repulsion': 0.18181159216194, 'gamma': 0.4168994349053158, 'sigma_update': 0.5959402570145302, 'eta_learning': 0.6504737634985099, 'sigma_boundary': 1.2638799313162923, 'alpha': 0.877092403814158}. Best is trial 6 with value: 0.07778748703233206.
[I 2026-03-04 02:51:59,295] Trial 75 finished with value: 0.15867316208910673 and parameters: {'sigma_noise': 0.20000043321157984, 'A_repulsion': 0.20335022424649302, 'gamma': 0.43065955879216894, 'sigma_update': 0.6047011228809225, 'eta_learning': 0.6315861725809255, 'sigma_boundary': 1.385651018134034, 'alpha': 0.6926554010508836}. Best is trial 6 with value: 0.07778748703233206.
[I 2026-03-04 02:52:24,147] Trial 77 finished with value: 0.1162733637325365 and parameters: {'sigma_noise': 0.20053834062696882, 'A_repulsion': 0.1822356922508297, 'gamma': 0.4166779971400759, 'sigma_update': 0.607858527713617, 'eta_learning': 0.35624221980903104, 'sigma_boundary': 1.3382915169875211, 'alpha': 0.8718671746851812}. Best is trial 6 with value: 0.07778748703233206.
[I 2026-03-04 02:52:37,738] Trial 76 finished with value: 0.13243573416699228 and parameters: {'sigma_noise': 0.2023805285503461, 'A_repulsion': 0.18287673706005916, 'gamma': 0.40058353484264275, 'sigma_update': 0.6072769852968142, 'eta_learning': 0.6435152391775582, 'sigma_boundary': 1.2116794530797754, 'alpha': 0.8260802576911133}. Best is trial 6 with value: 0.07778748703233206.
[I 2026-03-04 02:52:49,885] Trial 78 finished with value: 0.11936180167665436 and parameters: {'sigma_noise': 0.2074923915180724, 'A_repulsion': 0.18462159227053931, 'gamma': 0.44321655673566235, 'sigma_update': 0.6168539765471404, 'eta_learning': 0.6160773969279305, 'sigma_boundary': 1.2907053954432568, 'alpha': 0.8725883533085261}. Best is trial 6 with value: 0.07778748703233206.
[I 2026-03-04 02:52:58,942] Trial 81 finished with value: 0.13026516070663344 and parameters: {'sigma_noise': 0.13994653683538666, 'A_repulsion': 0.20907748267880713, 'gamma': 0.8149086269717567, 'sigma_update': 0.605319541903512, 'eta_learning': 0.33140979104818963, 'sigma_boundary': 0.6911113514441651, 'alpha': 0.8882136785155773}. Best is trial 6 with value: 0.07778748703233206.
[I 2026-03-04 02:53:03,589] Trial 82 finished with value: 0.13023761129681277 and parameters: {'sigma_noise': 0.14818585606296192, 'A_repulsion': 0.21684059275687334, 'gamma': 0.8195517587121961, 'sigma_update': 0.6077196811737882, 'eta_learning': 0.35192090953949573, 'sigma_boundary': 0.5514382599943415, 'alpha': 0.8790334919601719}. Best is trial 6 with value: 0.07778748703233206.
[I 2026-03-04 02:53:04,243] Trial 80 finished with value: 0.09478321917399161 and parameters: {'sigma_noise': 0.2013373208253852, 'A_repulsion': 0.21375575327603247, 'gamma': 0.8356409491931123, 'sigma_update': 0.6103823655403767, 'eta_learning': 0.3248601688991906, 'sigma_boundary': 0.8070395774697511, 'alpha': 0.8614389304972072}. Best is trial 6 with value: 0.07778748703233206.
[I 2026-03-04 02:53:09,348] Trial 79 finished with value: 0.08385110613351343 and parameters: {'sigma_noise': 0.20892705435053258, 'A_repulsion': 0.17949784290650617, 'gamma': 0.8128895508482762, 'sigma_update': 0.5923256139705724, 'eta_learning': 0.3802577420394413, 'sigma_boundary': 0.9473375110293325, 'alpha': 0.8496298896242924}. Best is trial 6 with value: 0.07778748703233206.
