[I 2026-03-04 03:17:48,752] Trial 196 finished with value: 0.10454607794157648 and parameters: {'sigma_noise': 0.28221656104839626, 'A_repulsion': 0.09393865422450921, 'gamma': 0.656653635142035, 'sigma_update': 0.6468617308959397, 'eta_learning': 0.4051145433654063, 'sigma_boundary': 9.125938745721815, 'alpha': 0.6360386618692415}. Best is trial 178 with value: 0.06371685072792997.
[I 2026-03-04 03:17:51,895] Trial 198 finished with value: 0.07224862830154573 and parameters: {'sigma_noise': 0.2779964748391486, 'A_repulsion': 0.07783869793487203, 'gamma': 0.6537154414134402, 'sigma_update': 0.6613523839791405, 'eta_learning': 0.08060403777332295, 'sigma_boundary': 9.111469393694945, 'alpha': 0.9999395239079136}. Best is trial 178 with value: 0.06371685072792997.
[I 2026-03-04 03:17:52,452] Trial 197 finished with value: 0.07111034537424532 and parameters: {'sigma_noise': 0.27794971144851105, 'A_repulsion': 0.09865184483160044, 'gamma': 0.6744637292751298, 'sigma_update': 0.6581901053873956, 'eta_learning': 2.8901847894081687, 'sigma_boundary': 9.040891030396054, 'alpha': 0.853308842415633}. Best is trial 178 with value: 0.06371685072792997.
[I 2026-03-04 03:17:53,440] Trial 199 finished with value: 0.07742798024489683 and parameters: {'sigma_noise': 0.27556575100364517, 'A_repulsion': 0.0942882310428865, 'gamma': 0.6608743644338008, 'sigma_update': 0.6583549538963851, 'eta_learning': 1.1911311513590326, 'sigma_boundary': 9.042301959893543, 'alpha': 0.8568040696547978}. Best is trial 178 with value: 0.06371685072792997.
