[I 2026-03-04 02:53:15,373] Trial 83 finished with value: 0.1304184497077846 and parameters: {'sigma_noise': 0.13167880642480256, 'A_repulsion': 0.22263653439794726, 'gamma': 0.8333375157653531, 'sigma_update': 0.6170771085702064, 'eta_learning': 0.31817229240163236, 'sigma_boundary': 0.7408914093888983, 'alpha': 0.8347491539987728}. Best is trial 6 with value: 0.07778748703233206.
[I 2026-03-04 02:53:42,784] Trial 85 finished with value: 0.1609907940107056 and parameters: {'sigma_noise': 0.13288545293290377, 'A_repulsion': 0.21551204143131594, 'gamma': 0.8135419477122874, 'sigma_update': 0.6034904324589431, 'eta_learning': 0.33288884172826144, 'sigma_boundary': 0.06873346346771779, 'alpha': 0.7436874456303193}. Best is trial 6 with value: 0.07778748703233206.
[I 2026-03-04 02:53:47,860] Trial 88 finished with value: 0.11784682241922431 and parameters: {'sigma_noise': 0.13687006404249705, 'A_repulsion': 0.21000605823336785, 'gamma': 0.6137024903354861, 'sigma_update': 0.6133002981583645, 'eta_learning': 0.3519237490278583, 'sigma_boundary': 0.06339287168698715, 'alpha': 0.7443393993347788}. Best is trial 6 with value: 0.07778748703233206.
[I 2026-03-04 02:53:56,078] Trial 87 finished with value: 0.1038377507794844 and parameters: {'sigma_noise': 0.15525605407735227, 'A_repulsion': 0.20944650352514307, 'gamma': 0.6211438085736514, 'sigma_update': 0.5527076794047943, 'eta_learning': 0.3595333451695084, 'sigma_boundary': 0.10742866660259173, 'alpha': 0.7265793223490635}. Best is trial 6 with value: 0.07778748703233206.
[I 2026-03-04 02:53:56,546] Trial 92 finished with value: 0.10824845493455437 and parameters: {'sigma_noise': 0.13674362320204536, 'A_repulsion': 0.21883791397792743, 'gamma': 0.6314789772696309, 'sigma_update': 0.5572489609628336, 'eta_learning': 0.3494853049612805, 'sigma_boundary': 0.7924255037304282, 'alpha': 0.7256695584818865}. Best is trial 6 with value: 0.07778748703233206.
[I 2026-03-04 02:54:05,813] Trial 89 finished with value: 0.10782172013379354 and parameters: {'sigma_noise': 0.14900821659474678, 'A_repulsion': 0.2155394062860001, 'gamma': 0.5991609355070329, 'sigma_update': 0.5679985626689927, 'eta_learning': 0.40331301780291057, 'sigma_boundary': 0.028142273016317887, 'alpha': 0.7284766952363235}. Best is trial 6 with value: 0.07778748703233206.
[I 2026-03-04 02:54:13,142] Trial 91 finished with value: 0.11146924747251942 and parameters: {'sigma_noise': 0.1408537001919036, 'A_repulsion': 0.21817413506679997, 'gamma': 0.5938015847816709, 'sigma_update': 0.5635218112591434, 'eta_learning': 0.31840878465852374, 'sigma_boundary': 0.014715228352188636, 'alpha': 0.7410539466365615}. Best is trial 6 with value: 0.07778748703233206.
[I 2026-03-04 02:54:18,830] Trial 84 finished with value: 0.07815642780143663 and parameters: {'sigma_noise': 0.22597729415206758, 'A_repulsion': 0.21282958917414396, 'gamma': 0.6092326668983002, 'sigma_update': 0.6043953564235015, 'eta_learning': 0.3616803681002136, 'sigma_boundary': 0.06881066448496775, 'alpha': 0.8564097984900956}. Best is trial 6 with value: 0.07778748703233206.
[I 2026-03-04 02:54:20,241] Trial 93 finished with value: 0.10905396667492669 and parameters: {'sigma_noise': 0.1326460031471826, 'A_repulsion': 0.21802264740160637, 'gamma': 0.6138574485050625, 'sigma_update': 0.5537842236374032, 'eta_learning': 0.40172874339165054, 'sigma_boundary': 0.7216177476857384, 'alpha': 0.752186461373922}. Best is trial 6 with value: 0.07778748703233206.
[I 2026-03-04 02:54:33,803] Trial 86 finished with value: 0.1175114834990315 and parameters: {'sigma_noise': 0.22812852345130363, 'A_repulsion': 0.20583976433690418, 'gamma': 0.8318442287189919, 'sigma_update': 0.6122865039200942, 'eta_learning': 0.28311091046483305, 'sigma_boundary': 0.08627616262737298, 'alpha': 0.7418146769414479}. Best is trial 6 with value: 0.07778748703233206.
[I 2026-03-04 02:54:39,774] Trial 90 finished with value: 0.07977692778320267 and parameters: {'sigma_noise': 0.22754189531779995, 'A_repulsion': 0.21115977324088236, 'gamma': 0.6198984895418117, 'sigma_update': 0.6093398610214094, 'eta_learning': 0.4045672433508455, 'sigma_boundary': 0.039224390944939916, 'alpha': 0.7479490858055555}. Best is trial 6 with value: 0.07778748703233206.
[I 2026-03-04 02:55:42,434] Trial 94 finished with value: 0.14179987375775308 and parameters: {'sigma_noise': 0.35082077085540303, 'A_repulsion': 0.22552998291020904, 'gamma': 0.5922526729236034, 'sigma_update': 0.5258939223804701, 'eta_learning': 0.3301031889528214, 'sigma_boundary': 0.7436341494078391, 'alpha': 0.7286019105257246}. Best is trial 6 with value: 0.07778748703233206.
[I 2026-03-04 02:55:55,243] Trial 95 finished with value: 0.14353467410587414 and parameters: {'sigma_noise': 0.34631601848756494, 'A_repulsion': 0.22864239722817944, 'gamma': 0.6308632309246193, 'sigma_update': 0.5240070657691263, 'eta_learning': 0.3112019615321516, 'sigma_boundary': 0.7260590360866654, 'alpha': 0.5139262627263941}. Best is trial 6 with value: 0.07778748703233206.
[I 2026-03-04 02:56:12,590] Trial 96 finished with value: 0.11552989049086454 and parameters: {'sigma_noise': 0.1337902135785967, 'A_repulsion': 0.22145787743512388, 'gamma': 0.533117463743702, 'sigma_update': 0.5436463733568528, 'eta_learning': 0.2940436022199661, 'sigma_boundary': 0.7342738709990616, 'alpha': 0.5210870964410248}. Best is trial 6 with value: 0.07778748703233206.
[I 2026-03-04 02:57:12,262] Trial 99 finished with value: 0.10500302877390273 and parameters: {'sigma_noise': 0.1394489576792629, 'A_repulsion': 0.24427143474986796, 'gamma': 0.5989023659829752, 'sigma_update': 0.5387630458687052, 'eta_learning': 0.3167501925583271, 'sigma_boundary': 0.40136170131682997, 'alpha': 0.535549445405996}. Best is trial 6 with value: 0.07778748703233206.
[I 2026-03-04 02:57:13,925] Trial 98 finished with value: 0.1065404284503063 and parameters: {'sigma_noise': 0.13956849864286244, 'A_repulsion': 0.23128335030556774, 'gamma': 0.6215711966176805, 'sigma_update': 0.5308849847033446, 'eta_learning': 0.30085219456607154, 'sigma_boundary': 0.4423507590441932, 'alpha': 0.5182897626425347}. Best is trial 6 with value: 0.07778748703233206.
[I 2026-03-04 02:57:25,334] Trial 97 finished with value: 0.14091289107425453 and parameters: {'sigma_noise': 0.34311321510769716, 'A_repulsion': 0.23632129236324945, 'gamma': 0.6071789281464105, 'sigma_update': 0.5324537006057489, 'eta_learning': 0.3008667536395254, 'sigma_boundary': 0.4062666259700042, 'alpha': 0.5252228653839911}. Best is trial 6 with value: 0.07778748703233206.
[I 2026-03-04 02:58:35,804] Trial 106 finished with value: 0.10425298527305872 and parameters: {'sigma_noise': 0.22882583085900762, 'A_repulsion': 0.23348662836136108, 'gamma': 0.8554264752710667, 'sigma_update': 0.559207252011893, 'eta_learning': 0.2643693202449837, 'sigma_boundary': 0.3447664981495112, 'alpha': 0.7801681194819143}. Best is trial 6 with value: 0.07778748703233206.
[I 2026-03-04 02:58:38,929] Trial 105 finished with value: 0.08466607693211492 and parameters: {'sigma_noise': 0.22629375758706374, 'A_repulsion': 0.23839252486128898, 'gamma': 0.6159779810094683, 'sigma_update': 0.5591489816401597, 'eta_learning': 0.19865037581871195, 'sigma_boundary': 0.3039904203312644, 'alpha': 0.7667648531907862}. Best is trial 6 with value: 0.07778748703233206.
[I 2026-03-04 02:58:48,709] Trial 107 finished with value: 0.12018141635936574 and parameters: {'sigma_noise': 0.2251112713224288, 'A_repulsion': 0.24046443496744785, 'gamma': 0.9272023795883387, 'sigma_update': 0.5667910992123465, 'eta_learning': 0.22527179805818934, 'sigma_boundary': 0.37472366190175865, 'alpha': 0.7701259150142886}. Best is trial 6 with value: 0.07778748703233206.
[I 2026-03-04 02:58:51,970] Trial 100 finished with value: 0.08396067160934725 and parameters: {'sigma_noise': 0.3476788875974077, 'A_repulsion': 0.24277921359806084, 'gamma': 0.8590140083384201, 'sigma_update': 0.5549367384547051, 'eta_learning': 0.26519286349367194, 'sigma_boundary': 0.57264105674633, 'alpha': 0.7737799433540381}. Best is trial 6 with value: 0.07778748703233206.
[I 2026-03-04 02:59:06,556] Trial 102 finished with value: 0.13978944866459073 and parameters: {'sigma_noise': 0.33780135126916305, 'A_repulsion': 0.2287512386028417, 'gamma': 0.5193962460027951, 'sigma_update': 0.56331348948454, 'eta_learning': 0.24664116568252561, 'sigma_boundary': 0.36399874640153174, 'alpha': 0.5222053994678553}. Best is trial 6 with value: 0.07778748703233206.
[I 2026-03-04 02:59:06,697] Trial 109 finished with value: 0.11927477053826169 and parameters: {'sigma_noise': 0.17606437005000605, 'A_repulsion': 0.24666958126879213, 'gamma': 0.8654018402135046, 'sigma_update': 0.5565637176956452, 'eta_learning': 0.45042491585037175, 'sigma_boundary': 0.3346134647529758, 'alpha': 0.788534029725103}. Best is trial 6 with value: 0.07778748703233206.
[I 2026-03-04 02:59:09,342] Trial 101 finished with value: 0.1377671659270211 and parameters: {'sigma_noise': 0.3451042130776572, 'A_repulsion': 0.2319703963678249, 'gamma': 0.5249781458617645, 'sigma_update': 0.5582078636443066, 'eta_learning': 0.3092215942320834, 'sigma_boundary': 0.4852941929833058, 'alpha': 0.7627167316057599}. Best is trial 6 with value: 0.07778748703233206.
[I 2026-03-04 02:59:22,959] Trial 104 finished with value: 0.11769200555874135 and parameters: {'sigma_noise': 0.3482843150599262, 'A_repulsion': 0.1527761137367988, 'gamma': 0.6259579810139877, 'sigma_update': 0.5477334349586708, 'eta_learning': 0.2552833149943893, 'sigma_boundary': 8.07667358118121, 'alpha': 0.7643481084489436}. Best is trial 6 with value: 0.07778748703233206.
[I 2026-03-04 02:59:30,160] Trial 103 finished with value: 0.10891756373617295 and parameters: {'sigma_noise': 0.34967005560152636, 'A_repulsion': 0.22935408750338182, 'gamma': 0.6272712642090341, 'sigma_update': 0.5481624869621723, 'eta_learning': 0.2382528602557626, 'sigma_boundary': 0.37645841786318157, 'alpha': 0.5217733365295217}. Best is trial 6 with value: 0.07778748703233206.
[I 2026-03-04 02:59:33,819] Trial 108 finished with value: 0.10563377353312627 and parameters: {'sigma_noise': 0.22954279589790205, 'A_repulsion': 0.24489183558965621, 'gamma': 0.8642679968436896, 'sigma_update': 0.5740085240456604, 'eta_learning': 0.2203883149582868, 'sigma_boundary': 0.3456610924227134, 'alpha': 0.7604496208911785}. Best is trial 6 with value: 0.07778748703233206.
[I 2026-03-04 02:59:38,249] Trial 110 finished with value: 0.10817677793320124 and parameters: {'sigma_noise': 0.2215006590836231, 'A_repulsion': 0.24002511696258935, 'gamma': 0.8711866978924631, 'sigma_update': 0.5648530964056072, 'eta_learning': 0.24626748216927324, 'sigma_boundary': 0.3255433486887235, 'alpha': 0.7755252561241052}. Best is trial 6 with value: 0.07778748703233206.
[I 2026-03-04 02:59:43,258] Trial 111 finished with value: 0.09924943603788217 and parameters: {'sigma_noise': 0.2270809930230979, 'A_repulsion': 0.23428476729560344, 'gamma': 0.9301274841312751, 'sigma_update': 0.5129080770366495, 'eta_learning': 0.46267013855444744, 'sigma_boundary': 0.3969968967755615, 'alpha': 0.7789135525866289}. Best is trial 6 with value: 0.07778748703233206.
[I 2026-03-04 02:59:51,929] Trial 113 finished with value: 0.11396367095877323 and parameters: {'sigma_noise': 0.22291425740332022, 'A_repulsion': 0.2473297370265357, 'gamma': 0.8638008934679373, 'sigma_update': 0.5220730038487968, 'eta_learning': 0.23538969807392318, 'sigma_boundary': 0.39311040670186437, 'alpha': 0.7787802519702358}. Best is trial 6 with value: 0.07778748703233206.
[I 2026-03-04 02:59:52,992] Trial 116 finished with value: 0.08937014317920397 and parameters: {'sigma_noise': 0.17809868571896637, 'A_repulsion': 0.23634119225212608, 'gamma': 0.5490551814241255, 'sigma_update': 0.506184536435014, 'eta_learning': 0.20870210954540366, 'sigma_boundary': 0.35327367299422185, 'alpha': 0.7833612848636907}. Best is trial 6 with value: 0.07778748703233206.
[I 2026-03-04 03:00:00,658] Trial 112 finished with value: 0.1326615259094836 and parameters: {'sigma_noise': 0.22550144346037143, 'A_repulsion': 0.2562008690388756, 'gamma': 0.933069131075736, 'sigma_update': 0.5097141635090395, 'eta_learning': 0.20422744018280775, 'sigma_boundary': 0.3424232193519844, 'alpha': 0.7807514068041377}. Best is trial 6 with value: 0.07778748703233206.
[I 2026-03-04 03:00:03,113] Trial 117 finished with value: 0.13895245742465398 and parameters: {'sigma_noise': 0.1823876259224417, 'A_repulsion': 0.23713577598512203, 'gamma': 0.9329889238727753, 'sigma_update': 0.5131598966652077, 'eta_learning': 0.1709668807579149, 'sigma_boundary': 0.3612131484102128, 'alpha': 0.7824169869079779}. Best is trial 6 with value: 0.07778748703233206.
[I 2026-03-04 03:00:12,836] Trial 114 finished with value: 0.11401311154228844 and parameters: {'sigma_noise': 0.23489031190520696, 'A_repulsion': 0.24556270757134396, 'gamma': 0.865710335122579, 'sigma_update': 0.519381194584648, 'eta_learning': 0.2217658941406025, 'sigma_boundary': 0.37047475697162163, 'alpha': 0.7825444283134076}. Best is trial 6 with value: 0.07778748703233206.
[I 2026-03-04 03:00:20,150] Trial 115 finished with value: 0.09767151410483206 and parameters: {'sigma_noise': 0.23278905558010787, 'A_repulsion': 0.2471613774521018, 'gamma': 0.5389240248457696, 'sigma_update': 0.5052314691875015, 'eta_learning': 0.20826539974329122, 'sigma_boundary': 0.35385927318992927, 'alpha': 0.7796379777021689}. Best is trial 6 with value: 0.07778748703233206.
[I 2026-03-04 03:01:14,683] Trial 119 finished with value: 0.11148613778123166 and parameters: {'sigma_noise': 0.1864409572356444, 'A_repulsion': 0.15202189104701866, 'gamma': 0.9174805799067619, 'sigma_update': 0.5010929028264413, 'eta_learning': 0.18571204224530702, 'sigma_boundary': 0.42767940626995926, 'alpha': 0.7794573533304638}. Best is trial 6 with value: 0.07778748703233206.
[I 2026-03-04 03:01:17,823] Trial 118 finished with value: 0.11377858119043996 and parameters: {'sigma_noise': 0.18502953447258957, 'A_repulsion': 0.2542993307977698, 'gamma': 0.5346038333027059, 'sigma_update': 0.5083579894657123, 'eta_learning': 0.20897718516247332, 'sigma_boundary': 0.35307538812900063, 'alpha': 0.7883478898544392}. Best is trial 6 with value: 0.07778748703233206.
[I 2026-03-04 03:01:43,474] Trial 120 finished with value: 0.1437432801728106 and parameters: {'sigma_noise': 0.18044705715775122, 'A_repulsion': 0.2566583762326123, 'gamma': 0.8746603963128337, 'sigma_update': 0.5029112960805991, 'eta_learning': 0.18158369946441924, 'sigma_boundary': 0.3498439844606857, 'alpha': 0.7779269496138107}. Best is trial 6 with value: 0.07778748703233206.
[I 2026-03-04 03:02:31,575] Trial 123 finished with value: 0.10951750217608971 and parameters: {'sigma_noise': 0.16774882574998679, 'A_repulsion': 0.1513907649783872, 'gamma': 0.867722217861978, 'sigma_update': 0.4908181299334923, 'eta_learning': 0.20781187045498717, 'sigma_boundary': 0.9485879198772292, 'alpha': 0.7764663487955419}. Best is trial 6 with value: 0.07778748703233206.
[I 2026-03-04 03:02:31,799] Trial 122 finished with value: 0.12166729609384755 and parameters: {'sigma_noise': 0.18597006979949302, 'A_repulsion': 0.1574788123663785, 'gamma': 0.866641974751758, 'sigma_update': 0.5071398002767538, 'eta_learning': 0.19834165983025065, 'sigma_boundary': 0.2881842076041081, 'alpha': 0.7985062761038013}. Best is trial 6 with value: 0.07778748703233206.
[I 2026-03-04 03:02:49,628] Trial 121 finished with value: 0.14942485407447031 and parameters: {'sigma_noise': 0.18500531224534056, 'A_repulsion': 0.26254833693476043, 'gamma': 0.9331619068034769, 'sigma_update': 0.5016430280027946, 'eta_learning': 0.2069940419528884, 'sigma_boundary': 0.28072770537992625, 'alpha': 0.7791045392190499}. Best is trial 6 with value: 0.07778748703233206.
[I 2026-03-04 03:03:51,321] Trial 124 finished with value: 0.08531313543136679 and parameters: {'sigma_noise': 0.1850162056554226, 'A_repulsion': 0.1497898168984775, 'gamma': 0.8602230649552081, 'sigma_update': 0.5800600308857411, 'eta_learning': 0.20344692623746763, 'sigma_boundary': 1.0061951353209149, 'alpha': 0.7760495135673764}. Best is trial 6 with value: 0.07778748703233206.
[I 2026-03-04 03:04:04,780] Trial 126 finished with value: 0.10925597463024525 and parameters: {'sigma_noise': 0.1695350835855537, 'A_repulsion': 0.25766461420247877, 'gamma': 0.7813613525845785, 'sigma_update': 0.49578997867104807, 'eta_learning': 0.13584529980294058, 'sigma_boundary': 0.9360810951203422, 'alpha': 0.7962470351298641}. Best is trial 6 with value: 0.07778748703233206.
[I 2026-03-04 03:04:19,746] Trial 129 finished with value: 0.09573655068209655 and parameters: {'sigma_noise': 0.18838497491703918, 'A_repulsion': 0.15143605255605602, 'gamma': 0.7753886757411895, 'sigma_update': 0.6353221116765534, 'eta_learning': 0.15684476284230875, 'sigma_boundary': 8.121147436973015, 'alpha': 0.9248443038318692}. Best is trial 6 with value: 0.07778748703233206.
[I 2026-03-04 03:04:21,647] Trial 125 finished with value: 0.1277435137497955 and parameters: {'sigma_noise': 0.18338248952932265, 'A_repulsion': 0.26049810355316416, 'gamma': 0.9321560278339129, 'sigma_update': 0.5065124849108851, 'eta_learning': 0.19180199477454787, 'sigma_boundary': 1.0123846277358037, 'alpha': 0.7848339179062456}. Best is trial 6 with value: 0.07778748703233206.
[I 2026-03-04 03:04:24,393] Trial 127 finished with value: 0.11157459049363264 and parameters: {'sigma_noise': 0.18832694942419753, 'A_repulsion': 0.2585691547577201, 'gamma': 0.7795302238682584, 'sigma_update': 0.5066627217511249, 'eta_learning': 0.148430210391616, 'sigma_boundary': 0.9759968765619929, 'alpha': 0.7931904082407301}. Best is trial 6 with value: 0.07778748703233206.
[I 2026-03-04 03:04:38,324] Trial 132 finished with value: 0.08628793060004505 and parameters: {'sigma_noise': 0.18900625249417757, 'A_repulsion': 0.11896326449476902, 'gamma': 0.7745514585470409, 'sigma_update': 0.6303419381224685, 'eta_learning': 0.8614275368838911, 'sigma_boundary': 0.9960894220637334, 'alpha': 0.9197335256722766}. Best is trial 6 with value: 0.07778748703233206.
[I 2026-03-04 03:04:42,905] Trial 128 finished with value: 0.12569790122250057 and parameters: {'sigma_noise': 0.18748412790259736, 'A_repulsion': 0.2568263796153777, 'gamma': 0.8749413868220494, 'sigma_update': 0.5049180818201752, 'eta_learning': 0.15137908813887735, 'sigma_boundary': 0.9879069442992643, 'alpha': 0.7968462672555429}. Best is trial 6 with value: 0.07778748703233206.
[I 2026-03-04 03:04:45,540] Trial 130 finished with value: 0.12006251800947261 and parameters: {'sigma_noise': 0.18645904212504205, 'A_repulsion': 0.26132196753546383, 'gamma': 0.7783766952238401, 'sigma_update': 0.4953739506753605, 'eta_learning': 0.011846250020915883, 'sigma_boundary': 7.9894546066603676, 'alpha': 0.9315060629093004}. Best is trial 6 with value: 0.07778748703233206.
[I 2026-03-04 03:05:09,682] Trial 137 finished with value: 0.1023590264368356 and parameters: {'sigma_noise': 0.18571049527126848, 'A_repulsion': 0.27212697400817204, 'gamma': 0.7769878905952798, 'sigma_update': 0.48417557603564204, 'eta_learning': 0.1445553250240324, 'sigma_boundary': 0.9224101955587387, 'alpha': 0.6947838858434034}. Best is trial 6 with value: 0.07778748703233206.
[I 2026-03-04 03:05:18,422] Trial 136 finished with value: 0.12220611758777604 and parameters: {'sigma_noise': 0.18617087489831055, 'A_repulsion': 0.2648876386298258, 'gamma': 0.9307363869035215, 'sigma_update': 0.5083896981096078, 'eta_learning': 0.16013140109621304, 'sigma_boundary': 0.979716746232898, 'alpha': 0.6954950590559772}. Best is trial 6 with value: 0.07778748703233206.
[I 2026-03-04 03:05:20,655] Trial 134 finished with value: 0.10832106539821007 and parameters: {'sigma_noise': 0.18997686333111805, 'A_repulsion': 0.2944080840459091, 'gamma': 0.7759577230713133, 'sigma_update': 0.5068916329902529, 'eta_learning': 0.13446632479036041, 'sigma_boundary': 0.971100627240357, 'alpha': 0.6903495836498524}. Best is trial 6 with value: 0.07778748703233206.
[I 2026-03-04 03:05:24,045] Trial 135 finished with value: 0.13987777583442493 and parameters: {'sigma_noise': 0.18871629359796754, 'A_repulsion': 0.2660940517227093, 'gamma': 0.9074603356968826, 'sigma_update': 0.5067366596227446, 'eta_learning': 0.8643202857696332, 'sigma_boundary': 0.9792822532581777, 'alpha': 0.9508885908719558}. Best is trial 6 with value: 0.07778748703233206.
[I 2026-03-04 03:05:24,861] Trial 133 finished with value: 0.09923080250687408 and parameters: {'sigma_noise': 0.2185749018445639, 'A_repulsion': 0.2619023429948588, 'gamma': 0.7817014230885874, 'sigma_update': 0.6418423819897433, 'eta_learning': 0.14238841722100593, 'sigma_boundary': 0.9615772082939613, 'alpha': 0.8069910597522814}. Best is trial 6 with value: 0.07778748703233206.
[I 2026-03-04 03:05:28,784] Trial 138 finished with value: 0.10465058000190655 and parameters: {'sigma_noise': 0.1893289737275475, 'A_repulsion': 0.26713738003932597, 'gamma': 0.4781412738606199, 'sigma_update': 0.485283393668067, 'eta_learning': 0.14924654067557352, 'sigma_boundary': 0.9773680073313736, 'alpha': 0.9248354372471794}. Best is trial 6 with value: 0.07778748703233206.
[I 2026-03-04 03:05:44,940] Trial 131 finished with value: 0.10002309734073177 and parameters: {'sigma_noise': 0.2591455051562924, 'A_repulsion': 0.2621803505436695, 'gamma': 0.7741868111218518, 'sigma_update': 0.49981768031252743, 'eta_learning': 0.17275799840370593, 'sigma_boundary': 1.0302403149743329, 'alpha': 0.8049711278952429}. Best is trial 6 with value: 0.07778748703233206.
[I 2026-03-04 03:05:49,191] Trial 140 finished with value: 0.10672830882553949 and parameters: {'sigma_noise': 0.2667353766738957, 'A_repulsion': 0.1642551442603955, 'gamma': 0.4802161427730199, 'sigma_update': 0.48911025255565455, 'eta_learning': 0.1298818462604345, 'sigma_boundary': 0.9636087113482422, 'alpha': 0.6949965659495265}. Best is trial 6 with value: 0.07778748703233206.
