/nfs/nhome/live/apourdehghan/Hybrid_hpc_utils.py:56: DtypeWarning: Columns (16) have mixed types. Specify dtype option on import or set low_memory=False.
  data = pd.read_csv(data_path)
[I 2026-03-04 01:18:54,161] A new study created in memory with name: no-name-c3dadc3d-7022-4547-ba21-258b400771bf
[I 2026-03-04 01:24:16,835] Trial 6 finished with value: 0.11230866076288097 and parameters: {'sigma_noise': 0.11579055831807593, 'A_repulsion': 0.004769615728593468, 'gamma': 0.23167073011696862, 'sigma_update': 0.14421496214757834, 'eta_learning': 0.43509657989567346, 'sigma_boundary': 4.528157110988511, 'alpha': 0.38523042010646746}. Best is trial 6 with value: 0.11230866076288097.
[I 2026-03-04 01:24:22,777] Trial 27 finished with value: 0.16145210424695527 and parameters: {'sigma_noise': 0.05714553431426794, 'A_repulsion': 0.22261383427719295, 'gamma': 0.028284421914152875, 'sigma_update': 0.512987143968134, 'eta_learning': 0.21142596753567608, 'sigma_boundary': 3.5084289632004126, 'alpha': 0.5930222598182185}. Best is trial 6 with value: 0.11230866076288097.
[I 2026-03-04 01:24:32,641] Trial 38 finished with value: 0.15184028025518412 and parameters: {'sigma_noise': 0.10865960504160373, 'A_repulsion': 0.08178350387130118, 'gamma': 0.4985010250972968, 'sigma_update': 0.4269057062832201, 'eta_learning': 2.638445771935332, 'sigma_boundary': 6.189881280701075, 'alpha': 0.4837631331160427}. Best is trial 6 with value: 0.11230866076288097.
[I 2026-03-04 01:24:56,178] Trial 8 finished with value: 0.6280546343140898 and parameters: {'sigma_noise': 0.16386758981583693, 'A_repulsion': 0.05740393657658377, 'gamma': 0.3652231897173876, 'sigma_update': 0.44430627895468605, 'eta_learning': 0.12734851723419485, 'sigma_boundary': 0.02621527565117799, 'alpha': 0.32569424130279934}. Best is trial 6 with value: 0.11230866076288097.
[I 2026-03-04 01:24:56,423] Trial 37 finished with value: 0.06382249387283502 and parameters: {'sigma_noise': 0.08875263770915076, 'A_repulsion': 0.1900378933214777, 'gamma': 0.5503877494739621, 'sigma_update': 0.15894690855670446, 'eta_learning': 0.24987040241305736, 'sigma_boundary': 2.297435438870011, 'alpha': 0.1500392591161589}. Best is trial 37 with value: 0.06382249387283502.
[I 2026-03-04 01:24:56,511] Trial 33 finished with value: 0.16724355430571713 and parameters: {'sigma_noise': 0.14603906828751, 'A_repulsion': 0.05369837403542971, 'gamma': 0.914575700452351, 'sigma_update': 0.5734254424974999, 'eta_learning': 1.2651755908328814, 'sigma_boundary': 9.370678077410231, 'alpha': 0.9347327448556427}. Best is trial 37 with value: 0.06382249387283502.
[I 2026-03-04 01:24:59,730] Trial 31 finished with value: 0.08813312861955123 and parameters: {'sigma_noise': 0.12601333408103266, 'A_repulsion': 0.11905263425729617, 'gamma': 0.8493590530890123, 'sigma_update': 0.6963988149317961, 'eta_learning': 1.8292432833895833, 'sigma_boundary': 7.790073523936452, 'alpha': 0.7626825662500071}. Best is trial 37 with value: 0.06382249387283502.
[I 2026-03-04 01:25:02,566] Trial 4 finished with value: 0.0812565285928527 and parameters: {'sigma_noise': 0.13530994633601515, 'A_repulsion': 0.11006915999108613, 'gamma': 0.6822103902703526, 'sigma_update': 0.6938309558340832, 'eta_learning': 1.104971665362022, 'sigma_boundary': 9.50338821269564, 'alpha': 0.763262667229363}. Best is trial 37 with value: 0.06382249387283502.
[I 2026-03-04 01:25:39,777] Trial 16 finished with value: 0.2829097646698442 and parameters: {'sigma_noise': 0.22007201625216993, 'A_repulsion': 0.04955906812381, 'gamma': 0.909652657964837, 'sigma_update': 0.35858080478318277, 'eta_learning': 0.6190605958190171, 'sigma_boundary': 2.9971954232821583, 'alpha': 0.257041767777462}. Best is trial 37 with value: 0.06382249387283502.
[I 2026-03-04 01:25:40,666] Trial 1 finished with value: 0.8193466507464308 and parameters: {'sigma_noise': 0.2009730956297615, 'A_repulsion': 0.05862942487852413, 'gamma': 0.78818831630046, 'sigma_update': 0.6054479561595789, 'eta_learning': 2.9138247683592993, 'sigma_boundary': 9.625127857202443, 'alpha': 0.262108378038045}. Best is trial 37 with value: 0.06382249387283502.
[I 2026-03-04 01:25:40,828] Trial 26 finished with value: 0.04717816040107002 and parameters: {'sigma_noise': 0.24414588996764153, 'A_repulsion': 0.019963173125791156, 'gamma': 0.9854582602603545, 'sigma_update': 0.6476572906976316, 'eta_learning': 0.4075477318830384, 'sigma_boundary': 7.665421243972083, 'alpha': 0.7652478421979896}. Best is trial 26 with value: 0.04717816040107002.
[I 2026-03-04 01:25:57,022] Trial 24 finished with value: 0.2863142681990186 and parameters: {'sigma_noise': 0.1451990517790675, 'A_repulsion': 0.21420963082802547, 'gamma': 0.5452771455067652, 'sigma_update': 0.5029678609083467, 'eta_learning': 0.932666825129405, 'sigma_boundary': 1.311620834700498, 'alpha': 0.327846154427786}. Best is trial 26 with value: 0.04717816040107002.
[I 2026-03-04 01:26:12,632] Trial 13 finished with value: 0.44199655727787573 and parameters: {'sigma_noise': 0.1390460762364386, 'A_repulsion': 0.2610804987866216, 'gamma': 0.28886663195706164, 'sigma_update': 0.555947496361887, 'eta_learning': 2.9167053220504693, 'sigma_boundary': 4.299531940783744, 'alpha': 0.3912515337706981}. Best is trial 26 with value: 0.04717816040107002.
[I 2026-03-04 01:26:20,876] Trial 7 finished with value: 0.13261817220452285 and parameters: {'sigma_noise': 0.2309130195567936, 'A_repulsion': 0.1336084361203408, 'gamma': 0.5300905963565996, 'sigma_update': 0.6748417556742524, 'eta_learning': 0.3531042891126726, 'sigma_boundary': 0.7854605422618832, 'alpha': 0.4395229942802803}. Best is trial 26 with value: 0.04717816040107002.
[I 2026-03-04 01:26:27,625] Trial 11 finished with value: 0.15753478074300153 and parameters: {'sigma_noise': 0.08991768483964863, 'A_repulsion': 0.46137543854069984, 'gamma': 0.5321063429308395, 'sigma_update': 0.6108211772581854, 'eta_learning': 1.2005799260608927, 'sigma_boundary': 2.2345853477903592, 'alpha': 0.7846089314511766}. Best is trial 26 with value: 0.04717816040107002.
[I 2026-03-04 01:26:31,358] Trial 32 finished with value: 0.09419154692037356 and parameters: {'sigma_noise': 0.21470988784774214, 'A_repulsion': 0.17062614056203457, 'gamma': 0.21550172760172992, 'sigma_update': 0.5349654244399569, 'eta_learning': 2.26904721198311, 'sigma_boundary': 4.116908309399872, 'alpha': 0.9544019379499471}. Best is trial 26 with value: 0.04717816040107002.
[I 2026-03-04 01:26:34,080] Trial 30 finished with value: 0.11279623452278484 and parameters: {'sigma_noise': 0.14780320987206402, 'A_repulsion': 0.3050757406013895, 'gamma': 0.9673798598948339, 'sigma_update': 0.38634268763122837, 'eta_learning': 1.8577699001303238, 'sigma_boundary': 2.484985380714157, 'alpha': 0.635957847124849}. Best is trial 26 with value: 0.04717816040107002.
[I 2026-03-04 01:26:41,114] Trial 28 finished with value: 0.16754460067031762 and parameters: {'sigma_noise': 0.13982380475550626, 'A_repulsion': 0.32780065510153994, 'gamma': 0.08309836130204322, 'sigma_update': 0.2773439004809128, 'eta_learning': 1.0777150073698942, 'sigma_boundary': 7.409516090019267, 'alpha': 0.5322909780511441}. Best is trial 26 with value: 0.04717816040107002.
[I 2026-03-04 01:26:41,882] Trial 21 finished with value: 1.3276076673202049 and parameters: {'sigma_noise': 0.19792548677778687, 'A_repulsion': 0.2184361438859319, 'gamma': 0.3554322681826173, 'sigma_update': 0.6895067264482061, 'eta_learning': 1.7023297205594723, 'sigma_boundary': 5.550857922999111, 'alpha': 0.2614284592798395}. Best is trial 26 with value: 0.04717816040107002.
[I 2026-03-04 01:26:47,045] Trial 5 finished with value: 0.12328650672169336 and parameters: {'sigma_noise': 0.13233071412557562, 'A_repulsion': 0.39190668197301753, 'gamma': 0.25474734043017994, 'sigma_update': 0.17835266663041535, 'eta_learning': 1.4601214369836104, 'sigma_boundary': 9.781916944408135, 'alpha': 0.4058905104968732}. Best is trial 26 with value: 0.04717816040107002.
[I 2026-03-04 01:27:12,723] Trial 17 finished with value: 0.1271373845105686 and parameters: {'sigma_noise': 0.14747293594128147, 'A_repulsion': 0.4314385030609239, 'gamma': 0.7146477931661942, 'sigma_update': 0.20533184336611324, 'eta_learning': 2.3657167104714034, 'sigma_boundary': 1.4254852443957482, 'alpha': 0.7656856967669504}. Best is trial 26 with value: 0.04717816040107002.
[I 2026-03-04 01:27:43,725] Trial 14 finished with value: 0.16089805674730623 and parameters: {'sigma_noise': 0.2762189579038878, 'A_repulsion': 0.2255861691137857, 'gamma': 0.8646437106081656, 'sigma_update': 0.6639498027510707, 'eta_learning': 0.2551374019543135, 'sigma_boundary': 4.0887309579070115, 'alpha': 0.3501071688022267}. Best is trial 26 with value: 0.04717816040107002.
[I 2026-03-04 01:27:53,116] Trial 15 finished with value: 0.1700060049462117 and parameters: {'sigma_noise': 0.2233377901072564, 'A_repulsion': 0.32232695797590977, 'gamma': 0.24271237878194285, 'sigma_update': 0.2839542366650899, 'eta_learning': 0.18836776740015487, 'sigma_boundary': 8.090823704598339, 'alpha': 0.9690497023738182}. Best is trial 26 with value: 0.04717816040107002.
[I 2026-03-04 01:27:54,756] Trial 19 finished with value: 1.1148357942812046 and parameters: {'sigma_noise': 0.36316513665413785, 'A_repulsion': 0.11790305993610811, 'gamma': 0.2642968148107483, 'sigma_update': 0.5217911778028442, 'eta_learning': 0.8374515717160053, 'sigma_boundary': 1.7126536458175476, 'alpha': 0.2862282474669362}. Best is trial 26 with value: 0.04717816040107002.
[I 2026-03-04 01:27:55,180] Trial 20 finished with value: 0.22003345598910065 and parameters: {'sigma_noise': 0.4357420911385863, 'A_repulsion': 0.06699606823694804, 'gamma': 0.42191336178644073, 'sigma_update': 0.14048606269252528, 'eta_learning': 1.7056100989404694, 'sigma_boundary': 3.61387751723925, 'alpha': 0.7958153483156669}. Best is trial 26 with value: 0.04717816040107002.
[I 2026-03-04 01:27:59,575] Trial 9 finished with value: 0.12262636435749295 and parameters: {'sigma_noise': 0.23508514544544284, 'A_repulsion': 0.31302206432689444, 'gamma': 0.1958540666200256, 'sigma_update': 0.4935772868708873, 'eta_learning': 1.3630832628985283, 'sigma_boundary': 7.262531190588642, 'alpha': 0.8308946132040862}. Best is trial 26 with value: 0.04717816040107002.
[I 2026-03-04 01:28:03,876] Trial 23 finished with value: 1.4181901837008348 and parameters: {'sigma_noise': 0.38447535699203955, 'A_repulsion': 0.08563334641626086, 'gamma': 0.4477171328298255, 'sigma_update': 0.266402957532781, 'eta_learning': 1.43568402527882, 'sigma_boundary': 1.1254450351756826, 'alpha': 0.22432957378591067}. Best is trial 26 with value: 0.04717816040107002.
[I 2026-03-04 01:28:09,499] Trial 12 finished with value: 0.12512963123640566 and parameters: {'sigma_noise': 0.43379545850777035, 'A_repulsion': 0.08708875933815885, 'gamma': 0.6933229294292985, 'sigma_update': 0.29447284465115475, 'eta_learning': 1.542176655266227, 'sigma_boundary': 0.44338928864675825, 'alpha': 0.811557436182654}. Best is trial 26 with value: 0.04717816040107002.
[I 2026-03-04 01:28:13,565] Trial 18 finished with value: 1.99608004843087 and parameters: {'sigma_noise': 0.40310322342493315, 'A_repulsion': 0.11167326386046589, 'gamma': 0.8223543587982456, 'sigma_update': 0.3843638200394282, 'eta_learning': 2.894224892109598, 'sigma_boundary': 1.7536358124960627, 'alpha': 0.16851461539388546}. Best is trial 26 with value: 0.04717816040107002.
[I 2026-03-04 01:28:18,349] Trial 3 finished with value: 0.22205950580679956 and parameters: {'sigma_noise': 0.405534315338593, 'A_repulsion': 0.1458593129127181, 'gamma': 0.3830277539450509, 'sigma_update': 0.6152575978811393, 'eta_learning': 2.562607313532997, 'sigma_boundary': 0.8357911217376153, 'alpha': 0.6965744079300308}. Best is trial 26 with value: 0.04717816040107002.
[I 2026-03-04 01:28:19,306] Trial 25 finished with value: 0.19162870904807358 and parameters: {'sigma_noise': 0.22094635380913014, 'A_repulsion': 0.4278113347900002, 'gamma': 0.3297075407840833, 'sigma_update': 0.1894315229449545, 'eta_learning': 0.3063411931628047, 'sigma_boundary': 0.9208457657387947, 'alpha': 0.9457183164022988}. Best is trial 26 with value: 0.04717816040107002.
[I 2026-03-04 01:28:24,704] Trial 22 finished with value: 1.4669330764999549 and parameters: {'sigma_noise': 0.3332088083688959, 'A_repulsion': 0.17641165200748338, 'gamma': 0.9978445478025203, 'sigma_update': 0.549198972711093, 'eta_learning': 2.4542394591868595, 'sigma_boundary': 3.7793648837909766, 'alpha': 0.2439786570749347}. Best is trial 26 with value: 0.04717816040107002.
[I 2026-03-04 01:28:28,873] Trial 36 finished with value: 0.20904562474895683 and parameters: {'sigma_noise': 0.41687913724247366, 'A_repulsion': 0.1562077223383594, 'gamma': 0.08885331643562136, 'sigma_update': 0.4087023767784286, 'eta_learning': 0.9685408978684416, 'sigma_boundary': 7.296173686392649, 'alpha': 0.5618463522613062}. Best is trial 26 with value: 0.04717816040107002.
[I 2026-03-04 01:28:33,133] Trial 10 finished with value: 0.14438026460853357 and parameters: {'sigma_noise': 0.3306977112838524, 'A_repulsion': 0.27954206956905525, 'gamma': 0.2224727982617289, 'sigma_update': 0.4687563203637316, 'eta_learning': 0.9288554743435041, 'sigma_boundary': 5.309355980905089, 'alpha': 0.6952836318123794}. Best is trial 26 with value: 0.04717816040107002.
[I 2026-03-04 01:28:49,859] Trial 34 finished with value: 0.3159999633248199 and parameters: {'sigma_noise': 0.3971415631896271, 'A_repulsion': 0.2788803225678717, 'gamma': 0.8157678757119714, 'sigma_update': 0.675446817419494, 'eta_learning': 2.9751394372784863, 'sigma_boundary': 1.1192923288843588, 'alpha': 0.45438002076970385}. Best is trial 26 with value: 0.04717816040107002.
[I 2026-03-04 01:28:57,502] Trial 29 finished with value: 0.9800341540823465 and parameters: {'sigma_noise': 0.3056715416093291, 'A_repulsion': 0.48679461187205353, 'gamma': 0.5020180891033111, 'sigma_update': 0.5899333947372399, 'eta_learning': 0.44351690398547233, 'sigma_boundary': 8.918420451549029, 'alpha': 0.3668683920534307}. Best is trial 26 with value: 0.04717816040107002.
[I 2026-03-04 01:29:02,515] Trial 39 finished with value: 1.8263159536093998 and parameters: {'sigma_noise': 0.36868557767640336, 'A_repulsion': 0.35730947666943474, 'gamma': 0.2085866679709648, 'sigma_update': 0.6714215895702088, 'eta_learning': 1.178237352820594, 'sigma_boundary': 5.36338219396544, 'alpha': 0.3106489336739663}. Best is trial 26 with value: 0.04717816040107002.
[I 2026-03-04 01:29:15,931] Trial 35 finished with value: 0.22304389447414238 and parameters: {'sigma_noise': 0.34671528561614745, 'A_repulsion': 0.4665847485142875, 'gamma': 0.15196356644560038, 'sigma_update': 0.19315550942998044, 'eta_learning': 2.02784206129603, 'sigma_boundary': 7.829557057370244, 'alpha': 0.7406093564992319}. Best is trial 26 with value: 0.04717816040107002.
[I 2026-03-04 01:29:21,723] Trial 0 finished with value: 0.41205724150306755 and parameters: {'sigma_noise': 0.4249855458072803, 'A_repulsion': 0.3697473497275171, 'gamma': 0.5641740233565585, 'sigma_update': 0.05998752224638209, 'eta_learning': 1.663079566772613, 'sigma_boundary': 2.830026342126596, 'alpha': 0.4890204225437498}. Best is trial 26 with value: 0.04717816040107002.
[I 2026-03-04 01:29:36,192] Trial 2 finished with value: 0.3952915341511316 and parameters: {'sigma_noise': 0.4199104423124888, 'A_repulsion': 0.45860075013250756, 'gamma': 0.6470815485127993, 'sigma_update': 0.04985302148939849, 'eta_learning': 0.6775760350625805, 'sigma_boundary': 7.0909292548492, 'alpha': 0.66700993331839}. Best is trial 26 with value: 0.04717816040107002.
[I 2026-03-04 01:30:53,875] Trial 40 finished with value: 0.17272512311119215 and parameters: {'sigma_noise': 0.06977549746805592, 'A_repulsion': 0.04792525010126247, 'gamma': 0.927106620379347, 'sigma_update': 0.5378126212912728, 'eta_learning': 0.29421215063227935, 'sigma_boundary': 4.614288379673302, 'alpha': 0.7076173414807408}. Best is trial 26 with value: 0.04717816040107002.
[I 2026-03-04 01:33:29,267] Trial 73 finished with value: 0.15059231328461406 and parameters: {'sigma_noise': 0.06140096958287908, 'A_repulsion': 0.006905010086259017, 'gamma': 0.6493655732066742, 'sigma_update': 0.07064349696348722, 'eta_learning': 0.6407375980854235, 'sigma_boundary': 8.814189360011872, 'alpha': 0.8756272066164855}. Best is trial 26 with value: 0.04717816040107002.
[I 2026-03-04 01:33:45,052] Trial 74 finished with value: 0.18961939178584264 and parameters: {'sigma_noise': 0.0585172938890806, 'A_repulsion': 0.007239002506784498, 'gamma': 0.6828302677998325, 'sigma_update': 0.07483264334032991, 'eta_learning': 0.6328524998606211, 'sigma_boundary': 8.985207985259107, 'alpha': 0.03712817111275546}. Best is trial 26 with value: 0.04717816040107002.
[I 2026-03-04 01:33:46,172] Trial 45 finished with value: 0.6059779166914208 and parameters: {'sigma_noise': 0.21526441057145246, 'A_repulsion': 0.21701814109932466, 'gamma': 0.16675758830170787, 'sigma_update': 0.573858621924342, 'eta_learning': 1.977865428214141, 'sigma_boundary': 3.0045440632323985, 'alpha': 0.37558665778471056}. Best is trial 26 with value: 0.04717816040107002.
[I 2026-03-04 01:33:56,540] Trial 75 finished with value: 0.1588465661318731 and parameters: {'sigma_noise': 0.05436421566935651, 'A_repulsion': 0.019123396711579463, 'gamma': 0.6506260777067361, 'sigma_update': 0.6412080592917154, 'eta_learning': 0.6478110324844222, 'sigma_boundary': 9.991842115540361, 'alpha': 0.08581463226516739}. Best is trial 26 with value: 0.04717816040107002.
[I 2026-03-04 01:33:57,759] Trial 42 finished with value: 0.16309988791660782 and parameters: {'sigma_noise': 0.15924997248293277, 'A_repulsion': 0.4737650436023536, 'gamma': 0.4105947250676928, 'sigma_update': 0.17586183413629547, 'eta_learning': 0.6242658463667504, 'sigma_boundary': 5.8137004322660895, 'alpha': 0.7637611873189267}. Best is trial 26 with value: 0.04717816040107002.
[I 2026-03-04 01:34:18,785] Trial 43 finished with value: 0.0727566311731223 and parameters: {'sigma_noise': 0.389669599426901, 'A_repulsion': 0.0695126269493671, 'gamma': 0.8396237832929082, 'sigma_update': 0.1870588388254788, 'eta_learning': 1.7183863404191688, 'sigma_boundary': 0.7399200497245746, 'alpha': 0.6617990262009636}. Best is trial 26 with value: 0.04717816040107002.
[I 2026-03-04 01:34:22,367] Trial 41 finished with value: 0.7115986189387915 and parameters: {'sigma_noise': 0.2853922062042941, 'A_repulsion': 0.3349098786432571, 'gamma': 0.6845510666637715, 'sigma_update': 0.33005230711044137, 'eta_learning': 1.4105223801484905, 'sigma_boundary': 0.9580062821695396, 'alpha': 0.3210920492037177}. Best is trial 26 with value: 0.04717816040107002.
[I 2026-03-04 01:34:37,644] Trial 44 finished with value: 0.7571119859452436 and parameters: {'sigma_noise': 0.2632914263169898, 'A_repulsion': 0.2744786287898841, 'gamma': 0.23136064606831153, 'sigma_update': 0.393199350327918, 'eta_learning': 2.8313500450198457, 'sigma_boundary': 1.591009774103475, 'alpha': 0.3175617162269344}. Best is trial 26 with value: 0.04717816040107002.
[I 2026-03-04 01:35:00,564] Trial 47 finished with value: 0.9468857230608314 and parameters: {'sigma_noise': 0.4442659359240642, 'A_repulsion': 0.1549678521914999, 'gamma': 0.1363439476515353, 'sigma_update': 0.4719337460689538, 'eta_learning': 0.7918592459906463, 'sigma_boundary': 6.219300640589052, 'alpha': 0.3345279835044699}. Best is trial 26 with value: 0.04717816040107002.
[I 2026-03-04 01:35:42,751] Trial 66 finished with value: 1.3388553687703681 and parameters: {'sigma_noise': 0.274236145858853, 'A_repulsion': 0.0013016077050198582, 'gamma': 0.639373753316336, 'sigma_update': 0.10481239473982831, 'eta_learning': 0.6377212520607265, 'sigma_boundary': 8.737990614518745, 'alpha': 0.031089373510758092}. Best is trial 26 with value: 0.04717816040107002.
[I 2026-03-04 01:35:52,895] Trial 64 finished with value: 1.4743540089902445 and parameters: {'sigma_noise': 0.29560969674182574, 'A_repulsion': 0.011012866786862377, 'gamma': 0.6348760805523148, 'sigma_update': 0.024992050524605403, 'eta_learning': 0.6968214306261602, 'sigma_boundary': 8.54427996106606, 'alpha': 0.09772186677766648}. Best is trial 26 with value: 0.04717816040107002.
[I 2026-03-04 01:35:53,018] Trial 76 finished with value: 0.10487219329737957 and parameters: {'sigma_noise': 0.1857235782234391, 'A_repulsion': 0.0006367850879309377, 'gamma': 0.6432089048314724, 'sigma_update': 0.07474898208757208, 'eta_learning': 2.0898986567127715, 'sigma_boundary': 8.338693680937222, 'alpha': 0.8678934240370518}. Best is trial 26 with value: 0.04717816040107002.
[I 2026-03-04 01:36:15,549] Trial 65 finished with value: 1.2783088855566556 and parameters: {'sigma_noise': 0.2836569998278128, 'A_repulsion': 0.004557511824382021, 'gamma': 0.6564007948101621, 'sigma_update': 0.012781693588218096, 'eta_learning': 0.6388084226296805, 'sigma_boundary': 6.454694813170546, 'alpha': 0.10421810150579548}. Best is trial 26 with value: 0.04717816040107002.
[I 2026-03-04 01:36:19,983] Trial 46 finished with value: 1.9739654105834044 and parameters: {'sigma_noise': 0.4032431917365053, 'A_repulsion': 0.3997419256228571, 'gamma': 0.6591932101089257, 'sigma_update': 0.040495730255710016, 'eta_learning': 2.4463859335731852, 'sigma_boundary': 1.3758069615286355, 'alpha': 0.3204500091538057}. Best is trial 26 with value: 0.04717816040107002.
[I 2026-03-04 01:36:28,352] Trial 70 finished with value: 1.2088701605191703 and parameters: {'sigma_noise': 0.2760302236248646, 'A_repulsion': 0.002743245343001216, 'gamma': 0.6377050746119215, 'sigma_update': 0.0468739668015877, 'eta_learning': 0.6520631614435713, 'sigma_boundary': 8.89052366401088, 'alpha': 0.08117961994921719}. Best is trial 26 with value: 0.04717816040107002.
