[I 2026-03-04 01:45:57,124] Trial 120 finished with value: 0.1134781294613727 and parameters: {'sigma_noise': 0.11978659731023712, 'A_repulsion': 0.03150645670821782, 'gamma': 0.5691947650700556, 'sigma_update': 0.23483974864055984, 'eta_learning': 0.12066533924409706, 'sigma_boundary': 9.44163908757591, 'alpha': 0.9992342302150263}. Best is trial 26 with value: 0.04717816040107002.
[I 2026-03-04 01:45:58,263] Trial 91 finished with value: 0.14097916169414748 and parameters: {'sigma_noise': 0.18867389045286795, 'A_repulsion': 0.1864696900979701, 'gamma': 0.7674374664996703, 'sigma_update': 0.6157270284014227, 'eta_learning': 0.06333879027854963, 'sigma_boundary': 0.38666761390832294, 'alpha': 0.8446694132979975}. Best is trial 26 with value: 0.04717816040107002.
[I 2026-03-04 01:46:56,931] Trial 110 finished with value: 0.0624247811523515 and parameters: {'sigma_noise': 0.23970444950938122, 'A_repulsion': 0.1213099434680221, 'gamma': 0.5873226815660526, 'sigma_update': 0.6429720972383233, 'eta_learning': 0.4306188475336336, 'sigma_boundary': 7.789947901188041, 'alpha': 0.8311642901779978}. Best is trial 26 with value: 0.04717816040107002.
[I 2026-03-04 01:47:02,175] Trial 112 finished with value: 0.062323858606740765 and parameters: {'sigma_noise': 0.2429885665903087, 'A_repulsion': 0.12678369260261596, 'gamma': 0.58946605672487, 'sigma_update': 0.638589278129282, 'eta_learning': 0.4409507733743048, 'sigma_boundary': 9.297168120436261, 'alpha': 0.8298030064967659}. Best is trial 26 with value: 0.04717816040107002.
[I 2026-03-04 01:47:06,024] Trial 102 finished with value: 0.04342260586857779 and parameters: {'sigma_noise': 0.2437826400746571, 'A_repulsion': 0.17868011603148676, 'gamma': 0.7433447913516468, 'sigma_update': 0.6340156675862231, 'eta_learning': 1.5693189083121855, 'sigma_boundary': 9.491162235245197, 'alpha': 0.7177846200812942}. Best is trial 102 with value: 0.04342260586857779.
[I 2026-03-04 01:47:26,695] Trial 117 finished with value: 0.06841904970584259 and parameters: {'sigma_noise': 0.2420528795949148, 'A_repulsion': 0.12622251649561556, 'gamma': 0.5613854659482911, 'sigma_update': 0.6428610601759424, 'eta_learning': 2.1744224829710546, 'sigma_boundary': 0.093711224117635, 'alpha': 0.9949819481050375}. Best is trial 102 with value: 0.04342260586857779.
[I 2026-03-04 01:47:30,361] Trial 116 finished with value: 0.07952679545343466 and parameters: {'sigma_noise': 0.24423764518872904, 'A_repulsion': 0.1306184401767589, 'gamma': 0.5882807932200759, 'sigma_update': 0.6312508313786616, 'eta_learning': 0.48801716487435687, 'sigma_boundary': 0.0456292863595823, 'alpha': 0.8320972253729662}. Best is trial 102 with value: 0.04342260586857779.
[I 2026-03-04 01:47:39,514] Trial 119 finished with value: 0.07104579695282229 and parameters: {'sigma_noise': 0.24015351549912267, 'A_repulsion': 0.1276835991602276, 'gamma': 0.5725042466607149, 'sigma_update': 0.6988851390951062, 'eta_learning': 0.018755666020599554, 'sigma_boundary': 9.37181138620222, 'alpha': 0.8283235138517532}. Best is trial 102 with value: 0.04342260586857779.
[I 2026-03-04 01:50:23,284] Trial 128 finished with value: 0.10255240925632454 and parameters: {'sigma_noise': 0.11730406268135082, 'A_repulsion': 0.033782109301324734, 'gamma': 0.47243851397042175, 'sigma_update': 0.6971480892457231, 'eta_learning': 0.4807045352767034, 'sigma_boundary': 7.787721883465203, 'alpha': 0.9974283527820992}. Best is trial 102 with value: 0.04342260586857779.
[I 2026-03-04 01:50:33,607] Trial 124 finished with value: 0.17839149017623684 and parameters: {'sigma_noise': 0.1231164164849186, 'A_repulsion': 0.09654691380936542, 'gamma': 0.8426915663402531, 'sigma_update': 0.6949285327806185, 'eta_learning': 0.4080534086340792, 'sigma_boundary': 9.262953091911148, 'alpha': 0.9992806029980188}. Best is trial 102 with value: 0.04342260586857779.
[I 2026-03-04 01:50:47,067] Trial 130 finished with value: 0.13291812429079836 and parameters: {'sigma_noise': 0.11957004376014915, 'A_repulsion': 0.032336074247266006, 'gamma': 0.858079141066042, 'sigma_update': 0.22899570229154678, 'eta_learning': 0.4379744000628, 'sigma_boundary': 9.278505916008006, 'alpha': 0.9855878249311495}. Best is trial 102 with value: 0.04342260586857779.
[I 2026-03-04 01:50:48,554] Trial 125 finished with value: 0.1470009166822962 and parameters: {'sigma_noise': 0.10743087287899913, 'A_repulsion': 0.13838066375637648, 'gamma': 0.5702360705241518, 'sigma_update': 0.6949103170515776, 'eta_learning': 0.4673224680368938, 'sigma_boundary': 9.384953068838666, 'alpha': 0.9848932085137476}. Best is trial 102 with value: 0.04342260586857779.
[I 2026-03-04 01:51:19,490] Trial 150 finished with value: 0.1090591714840373 and parameters: {'sigma_noise': 0.08214573174292891, 'A_repulsion': 0.07200961832368274, 'gamma': 0.46120853016339036, 'sigma_update': 0.5983340965753895, 'eta_learning': 1.3584970585060656, 'sigma_boundary': 1.8743943026016432, 'alpha': 0.7400601660603711}. Best is trial 102 with value: 0.04342260586857779.
[I 2026-03-04 01:51:20,558] Trial 129 finished with value: 0.11681116887478304 and parameters: {'sigma_noise': 0.1260535124897274, 'A_repulsion': 0.13016681119282708, 'gamma': 0.5667013992521209, 'sigma_update': 0.6899642286606027, 'eta_learning': 0.45528882993903064, 'sigma_boundary': 0.2547850037174202, 'alpha': 0.8162016333320625}. Best is trial 102 with value: 0.04342260586857779.
[I 2026-03-04 01:51:25,995] Trial 151 finished with value: 0.1126421107628702 and parameters: {'sigma_noise': 0.08085403585574841, 'A_repulsion': 0.09519860767065448, 'gamma': 0.4813985923566279, 'sigma_update': 0.6021513075949655, 'eta_learning': 1.3376245933252848, 'sigma_boundary': 0.622270601837705, 'alpha': 0.727737841757439}. Best is trial 102 with value: 0.04342260586857779.
[I 2026-03-04 01:51:45,571] Trial 127 finished with value: 0.20734867529718004 and parameters: {'sigma_noise': 0.11906075805106116, 'A_repulsion': 0.241612042098852, 'gamma': 0.8733502321447969, 'sigma_update': 0.6914433383958515, 'eta_learning': 0.41925385742065335, 'sigma_boundary': 9.365470056359069, 'alpha': 0.9934035318982866}. Best is trial 102 with value: 0.04342260586857779.
[I 2026-03-04 01:51:56,790] Trial 126 finished with value: 0.07789418923091207 and parameters: {'sigma_noise': 0.2423671722454865, 'A_repulsion': 0.0341332732701326, 'gamma': 0.8779236563583346, 'sigma_update': 0.2470071934938258, 'eta_learning': 0.39785680936939066, 'sigma_boundary': 9.582703380503133, 'alpha': 0.9855843686336428}. Best is trial 102 with value: 0.04342260586857779.
[I 2026-03-04 01:51:57,351] Trial 121 finished with value: 0.11663732943848193 and parameters: {'sigma_noise': 0.24283206180489048, 'A_repulsion': 0.12083218901121667, 'gamma': 0.8560264705963587, 'sigma_update': 0.636843131047828, 'eta_learning': 0.013927177586849915, 'sigma_boundary': 9.328228375131356, 'alpha': 0.8239181245658208}. Best is trial 102 with value: 0.04342260586857779.
[I 2026-03-04 01:52:04,604] Trial 122 finished with value: 0.10330658208229271 and parameters: {'sigma_noise': 0.24052676067990697, 'A_repulsion': 0.1266658447430225, 'gamma': 0.5809034302953722, 'sigma_update': 0.2278853580751724, 'eta_learning': 0.043001326931604744, 'sigma_boundary': 9.311047459926057, 'alpha': 0.9959955323500357}. Best is trial 102 with value: 0.04342260586857779.
[I 2026-03-04 01:52:15,789] Trial 123 finished with value: 0.079146377582965 and parameters: {'sigma_noise': 0.23519511682882, 'A_repulsion': 0.11979787266736094, 'gamma': 0.5848105008634668, 'sigma_update': 0.6935914598405157, 'eta_learning': 0.011488715239013736, 'sigma_boundary': 9.426507212727623, 'alpha': 0.9995384212001829}. Best is trial 102 with value: 0.04342260586857779.
[I 2026-03-04 01:52:33,906] Trial 135 finished with value: 0.11078843799179092 and parameters: {'sigma_noise': 0.2041203150526519, 'A_repulsion': 0.06489357612556329, 'gamma': 0.8173164591719544, 'sigma_update': 0.5936874000878095, 'eta_learning': 0.19402051310109814, 'sigma_boundary': 9.525508023378789, 'alpha': 0.9990015250245555}. Best is trial 102 with value: 0.04342260586857779.
[I 2026-03-04 01:52:34,588] Trial 131 finished with value: 0.08253900922825005 and parameters: {'sigma_noise': 0.20871223042318202, 'A_repulsion': 0.07059019467685584, 'gamma': 0.5736362624219838, 'sigma_update': 0.6893119876254163, 'eta_learning': 2.642263121157361, 'sigma_boundary': 9.330301071296532, 'alpha': 0.9918685027019581}. Best is trial 102 with value: 0.04342260586857779.
[I 2026-03-04 01:52:36,821] Trial 153 finished with value: 0.1416261319099919 and parameters: {'sigma_noise': 0.07691051144405389, 'A_repulsion': 0.2327840037718417, 'gamma': 0.5478432305514012, 'sigma_update': 0.5996518190298576, 'eta_learning': 1.6795709864839128, 'sigma_boundary': 4.984081443002944, 'alpha': 0.7341303597069135}. Best is trial 102 with value: 0.04342260586857779.
[I 2026-03-04 01:52:44,875] Trial 154 finished with value: 0.14143372078380478 and parameters: {'sigma_noise': 0.07962131372810066, 'A_repulsion': 0.24076731256995362, 'gamma': 0.5273542235536024, 'sigma_update': 0.5969694872963918, 'eta_learning': 1.3585481542732076, 'sigma_boundary': 4.854754469294291, 'alpha': 0.7526279805256925}. Best is trial 102 with value: 0.04342260586857779.
[I 2026-03-04 01:52:57,538] Trial 137 finished with value: 0.1213599168485639 and parameters: {'sigma_noise': 0.203340158803908, 'A_repulsion': 0.07280911263116523, 'gamma': 0.8825419833108862, 'sigma_update': 0.6037496275028582, 'eta_learning': 0.1697704924486561, 'sigma_boundary': 4.959714099196271, 'alpha': 0.9783326906934473}. Best is trial 102 with value: 0.04342260586857779.
[I 2026-03-04 01:53:03,658] Trial 152 finished with value: 0.15247649202076172 and parameters: {'sigma_noise': 0.07622570606655399, 'A_repulsion': 0.23602455240264206, 'gamma': 0.5318093067448381, 'sigma_update': 0.2291472990629529, 'eta_learning': 1.3625880784019024, 'sigma_boundary': 0.6040857029094504, 'alpha': 0.7517320815178097}. Best is trial 102 with value: 0.04342260586857779.
[I 2026-03-04 01:53:19,081] Trial 145 finished with value: 0.08008454949284387 and parameters: {'sigma_noise': 0.24044524010279233, 'A_repulsion': 0.07183187529996819, 'gamma': 0.5341461247583074, 'sigma_update': 0.5963174068847008, 'eta_learning': 2.3517797716211315, 'sigma_boundary': 2.057101036449583, 'alpha': 0.7407392561535058}. Best is trial 102 with value: 0.04342260586857779.
[I 2026-03-04 01:53:20,866] Trial 142 finished with value: 0.05097672468742526 and parameters: {'sigma_noise': 0.20924404844210634, 'A_repulsion': 0.09246849606373216, 'gamma': 0.8764725101358903, 'sigma_update': 0.595050336013401, 'eta_learning': 2.320895108502146, 'sigma_boundary': 4.683171178131245, 'alpha': 0.7178968388576046}. Best is trial 102 with value: 0.04342260586857779.
[I 2026-03-04 01:53:22,124] Trial 139 finished with value: 0.08652343423231149 and parameters: {'sigma_noise': 0.24509135263664866, 'A_repulsion': 0.06596427644120673, 'gamma': 0.5472608272152777, 'sigma_update': 0.6025459822901539, 'eta_learning': 2.56728095903632, 'sigma_boundary': 1.9536812778440769, 'alpha': 0.7227865955167948}. Best is trial 102 with value: 0.04342260586857779.
[I 2026-03-04 01:53:32,934] Trial 148 finished with value: 0.0839704674279667 and parameters: {'sigma_noise': 0.20866582271448839, 'A_repulsion': 0.07422001471786728, 'gamma': 0.5472824801070362, 'sigma_update': 0.6097250582912939, 'eta_learning': 2.346224788835158, 'sigma_boundary': 2.1599623128360497, 'alpha': 0.7252897984793324}. Best is trial 102 with value: 0.04342260586857779.
[I 2026-03-04 01:53:37,369] Trial 138 finished with value: 0.057492558582451656 and parameters: {'sigma_noise': 0.20883414329392613, 'A_repulsion': 0.09549752298813646, 'gamma': 0.8633626163818878, 'sigma_update': 0.218727259449388, 'eta_learning': 2.574146694013443, 'sigma_boundary': 2.124634468927777, 'alpha': 0.6880497035079078}. Best is trial 102 with value: 0.04342260586857779.
[I 2026-03-04 01:53:43,355] Trial 146 finished with value: 0.08075399195865907 and parameters: {'sigma_noise': 0.23463386648640863, 'A_repulsion': 0.07360599396610397, 'gamma': 0.5415367720373238, 'sigma_update': 0.6014697970235114, 'eta_learning': 2.5183173844553264, 'sigma_boundary': 1.9933183220092654, 'alpha': 0.7326779344412897}. Best is trial 102 with value: 0.04342260586857779.
[I 2026-03-04 01:53:48,630] Trial 134 finished with value: 0.08536995460023837 and parameters: {'sigma_noise': 0.24347114107690174, 'A_repulsion': 0.09662494388251452, 'gamma': 0.8148647145805145, 'sigma_update': 0.5973965752608619, 'eta_learning': 1.3069504612592693, 'sigma_boundary': 9.540759372832317, 'alpha': 0.9784300034085799}. Best is trial 102 with value: 0.04342260586857779.
[I 2026-03-04 01:53:50,989] Trial 133 finished with value: 0.051704742867046016 and parameters: {'sigma_noise': 0.20766286736257453, 'A_repulsion': 0.13520767083694502, 'gamma': 0.8693388831858606, 'sigma_update': 0.6003424010243406, 'eta_learning': 1.5185354049822457, 'sigma_boundary': 9.51839125545522, 'alpha': 0.7099106137856408}. Best is trial 102 with value: 0.04342260586857779.
[I 2026-03-04 01:53:54,318] Trial 136 finished with value: 0.1036220071691725 and parameters: {'sigma_noise': 0.20655796364065968, 'A_repulsion': 0.20491701129294132, 'gamma': 0.8855020690118118, 'sigma_update': 0.6051660815372879, 'eta_learning': 0.17581256879214685, 'sigma_boundary': 9.328503948051681, 'alpha': 0.7166261376121821}. Best is trial 102 with value: 0.04342260586857779.
[I 2026-03-04 01:53:56,641] Trial 143 finished with value: 0.10426317634174884 and parameters: {'sigma_noise': 0.24345082112231076, 'A_repulsion': 0.09036788920279336, 'gamma': 0.5470388062663226, 'sigma_update': 0.6022651232324188, 'eta_learning': 2.3152422288110595, 'sigma_boundary': 5.125862390604935, 'alpha': 0.7147983875942125}. Best is trial 102 with value: 0.04342260586857779.
[I 2026-03-04 01:54:02,708] Trial 149 finished with value: 0.08802904511467603 and parameters: {'sigma_noise': 0.23744645780572196, 'A_repulsion': 0.06889922821656078, 'gamma': 0.5448434361524804, 'sigma_update': 0.6033199977101912, 'eta_learning': 1.3571089537215264, 'sigma_boundary': 9.699478237630622, 'alpha': 0.7319386911005002}. Best is trial 102 with value: 0.04342260586857779.
[I 2026-03-04 01:54:17,600] Trial 140 finished with value: 0.10826580312942703 and parameters: {'sigma_noise': 0.20792551552891947, 'A_repulsion': 0.20568915914440647, 'gamma': 0.882234134153655, 'sigma_update': 0.599545649948178, 'eta_learning': 2.401321567399417, 'sigma_boundary': 9.681293536905915, 'alpha': 0.9070521039182404}. Best is trial 102 with value: 0.04342260586857779.
[I 2026-03-04 01:54:23,798] Trial 141 finished with value: 0.10841511233736104 and parameters: {'sigma_noise': 0.21040203474516356, 'A_repulsion': 0.20948500497217754, 'gamma': 0.5294333748820631, 'sigma_update': 0.6051408566154559, 'eta_learning': 2.3783358013038205, 'sigma_boundary': 2.027664302745011, 'alpha': 0.7156792525763694}. Best is trial 102 with value: 0.04342260586857779.
[I 2026-03-04 01:54:36,619] Trial 147 finished with value: 0.1013573857542937 and parameters: {'sigma_noise': 0.20981676856141307, 'A_repulsion': 0.2388216910579456, 'gamma': 0.5512908296348701, 'sigma_update': 0.6043810923502316, 'eta_learning': 2.559757807253282, 'sigma_boundary': 4.526845891885555, 'alpha': 0.7234918478923187}. Best is trial 102 with value: 0.04342260586857779.
[I 2026-03-04 01:54:40,250] Trial 132 finished with value: 0.1366635976626923 and parameters: {'sigma_noise': 0.2473263273214184, 'A_repulsion': 0.2406599447988794, 'gamma': 0.8547923978206207, 'sigma_update': 0.6930622157563741, 'eta_learning': 2.3382814035766866, 'sigma_boundary': 2.2903425100393884, 'alpha': 0.9891938480886293}. Best is trial 102 with value: 0.04342260586857779.
[I 2026-03-04 01:55:02,019] Trial 144 finished with value: 0.04677834261874994 and parameters: {'sigma_noise': 0.24595788017628326, 'A_repulsion': 0.24670554141866047, 'gamma': 0.8830532998157679, 'sigma_update': 0.6010653346129627, 'eta_learning': 2.3444446011484965, 'sigma_boundary': 2.046166480537722, 'alpha': 0.7382121007665141}. Best is trial 102 with value: 0.04342260586857779.
[I 2026-03-04 01:55:29,526] Trial 158 finished with value: 0.06121910817936138 and parameters: {'sigma_noise': 0.23575327218621772, 'A_repulsion': 0.07097844568146494, 'gamma': 0.5431122358994371, 'sigma_update': 0.5927070728867717, 'eta_learning': 0.25810131244124257, 'sigma_boundary': 4.906436880065463, 'alpha': 0.792516479926754}. Best is trial 102 with value: 0.04342260586857779.
[I 2026-03-04 01:55:37,720] Trial 156 finished with value: 0.06681378900921961 and parameters: {'sigma_noise': 0.23812943659676766, 'A_repulsion': 0.09730794080572402, 'gamma': 0.545582223836996, 'sigma_update': 0.5988104341445468, 'eta_learning': 0.1976079615442765, 'sigma_boundary': 1.9636428352747228, 'alpha': 0.7892149152578913}. Best is trial 102 with value: 0.04342260586857779.
[I 2026-03-04 01:55:38,365] Trial 157 finished with value: 0.06299241649560326 and parameters: {'sigma_noise': 0.24321372370054425, 'A_repulsion': 0.0961729916219648, 'gamma': 0.548894015539034, 'sigma_update': 0.5961741406672555, 'eta_learning': 0.2156724881023131, 'sigma_boundary': 9.703148468820352, 'alpha': 0.7975315078144325}. Best is trial 102 with value: 0.04342260586857779.
[I 2026-03-04 01:56:15,394] Trial 160 finished with value: 0.05764325525648534 and parameters: {'sigma_noise': 0.24822721020821373, 'A_repulsion': 0.09313619584266461, 'gamma': 0.540044784050863, 'sigma_update': 0.5995892310695415, 'eta_learning': 0.2342136405557191, 'sigma_boundary': 9.121622835559618, 'alpha': 0.7945664749316969}. Best is trial 102 with value: 0.04342260586857779.
[I 2026-03-04 01:56:26,502] Trial 155 finished with value: 0.077474778729203 and parameters: {'sigma_noise': 0.2335240598565703, 'A_repulsion': 0.24116831489861484, 'gamma': 0.5192114320247949, 'sigma_update': 0.5848303998809902, 'eta_learning': 1.3494706146932294, 'sigma_boundary': 2.0908692136569433, 'alpha': 0.79176920499364}. Best is trial 102 with value: 0.04342260586857779.
[I 2026-03-04 01:57:03,477] Trial 159 finished with value: 0.07882475141350698 and parameters: {'sigma_noise': 0.24714426367227388, 'A_repulsion': 0.237450473801729, 'gamma': 0.5207577130978609, 'sigma_update': 0.5921578703828254, 'eta_learning': 0.23049875505243772, 'sigma_boundary': 0.5752959876183485, 'alpha': 0.7920764555935063}. Best is trial 102 with value: 0.04342260586857779.
[I 2026-03-04 01:58:58,102] Trial 164 finished with value: 0.05395449644724746 and parameters: {'sigma_noise': 0.24405300725419934, 'A_repulsion': 0.07169830746749303, 'gamma': 0.5322714806520352, 'sigma_update': 0.599879378572159, 'eta_learning': 0.28637406333652504, 'sigma_boundary': 0.6648251598791463, 'alpha': 0.7903547603923277}. Best is trial 102 with value: 0.04342260586857779.
[I 2026-03-04 01:59:12,417] Trial 162 finished with value: 0.0683422697449573 and parameters: {'sigma_noise': 0.2439698188339608, 'A_repulsion': 0.14730421536104865, 'gamma': 0.5120964962802955, 'sigma_update': 0.6033523732927657, 'eta_learning': 0.21444652166491793, 'sigma_boundary': 9.706066864497926, 'alpha': 0.9162204429024172}. Best is trial 102 with value: 0.04342260586857779.
[I 2026-03-04 01:59:20,205] Trial 163 finished with value: 0.06815655811563909 and parameters: {'sigma_noise': 0.23936620251962928, 'A_repulsion': 0.1432264895595247, 'gamma': 0.5177744061074971, 'sigma_update': 0.5963503312053456, 'eta_learning': 0.2364566826886817, 'sigma_boundary': 9.735808102095351, 'alpha': 0.7860638577124962}. Best is trial 102 with value: 0.04342260586857779.
[I 2026-03-04 01:59:31,655] Trial 161 finished with value: 0.077509339074625 and parameters: {'sigma_noise': 0.24153637451319676, 'A_repulsion': 0.23651302945336908, 'gamma': 0.5352044820458406, 'sigma_update': 0.5901322058365503, 'eta_learning': 0.20061097956707216, 'sigma_boundary': 0.668302481505455, 'alpha': 0.7875662300284252}. Best is trial 102 with value: 0.04342260586857779.
[I 2026-03-04 01:59:44,371] Trial 165 finished with value: 0.06620576066264616 and parameters: {'sigma_noise': 0.24540144409137826, 'A_repulsion': 0.1447976182952384, 'gamma': 0.538210430857212, 'sigma_update': 0.6648937349280271, 'eta_learning': 0.2340464252882965, 'sigma_boundary': 4.82859056594553, 'alpha': 0.7884727587520304}. Best is trial 102 with value: 0.04342260586857779.
[I 2026-03-04 01:59:48,753] Trial 166 finished with value: 0.0806454178077291 and parameters: {'sigma_noise': 0.23620176888676386, 'A_repulsion': 0.14595728067180275, 'gamma': 0.5244203306274697, 'sigma_update': 0.6650472572255234, 'eta_learning': 2.572142132971649, 'sigma_boundary': 0.7043010316871654, 'alpha': 0.781043118910234}. Best is trial 102 with value: 0.04342260586857779.
[I 2026-03-04 02:00:16,780] Trial 169 finished with value: 0.07078055421636248 and parameters: {'sigma_noise': 0.2422370997933171, 'A_repulsion': 0.14195382165333414, 'gamma': 0.5255644025451387, 'sigma_update': 0.6651199263210434, 'eta_learning': 0.23846512704845704, 'sigma_boundary': 4.923060805701326, 'alpha': 0.9069496634566845}. Best is trial 102 with value: 0.04342260586857779.
[I 2026-03-04 02:00:20,860] Trial 170 finished with value: 0.059552531917823684 and parameters: {'sigma_noise': 0.25983353508308843, 'A_repulsion': 0.1461661224451585, 'gamma': 0.5312264463784167, 'sigma_update': 0.6636550333854759, 'eta_learning': 0.1986577874361312, 'sigma_boundary': 9.770915525179152, 'alpha': 0.9218185986904067}. Best is trial 102 with value: 0.04342260586857779.
