/nfs/nhome/live/apourdehghan/Hybrid_hpc_utils.py:56: DtypeWarning: Columns (16) have mixed types. Specify dtype option on import or set low_memory=False.
  data = pd.read_csv(data_path)
[I 2026-03-04 01:46:50,238] A new study created in memory with name: no-name-55fd676e-cc2c-4971-a352-22eb3bcdc54b
[I 2026-03-04 01:49:41,033] Trial 5 finished with value: 0.26521487960957046 and parameters: {'sigma_noise': 0.0690317514353712, 'A_repulsion': 0.0022302127023718366, 'gamma': 0.1278278172440635, 'sigma_update': 0.6602724191400398, 'eta_learning': 2.9447983148036854, 'sigma_boundary': 1.777699993301585, 'alpha': 0.616392538787182}. Best is trial 5 with value: 0.26521487960957046.
[I 2026-03-04 01:49:48,791] Trial 11 finished with value: 0.2851687198716057 and parameters: {'sigma_noise': 0.06808595995502507, 'A_repulsion': 0.012651124453139151, 'gamma': 0.5303600214090995, 'sigma_update': 0.04488260856105516, 'eta_learning': 0.18678910260876574, 'sigma_boundary': 4.667388014341439, 'alpha': 0.810982744054272}. Best is trial 5 with value: 0.26521487960957046.
[I 2026-03-04 01:50:05,431] Trial 19 finished with value: 0.23421904695861995 and parameters: {'sigma_noise': 0.06597040337305647, 'A_repulsion': 0.08569082763354996, 'gamma': 0.8096580242395516, 'sigma_update': 0.41317814634071165, 'eta_learning': 0.8699261711770345, 'sigma_boundary': 6.139334842208149, 'alpha': 0.38827669067539705}. Best is trial 19 with value: 0.23421904695861995.
[I 2026-03-04 01:50:26,716] Trial 14 finished with value: 0.19463553488998375 and parameters: {'sigma_noise': 0.1429614649924898, 'A_repulsion': 0.044409977583630966, 'gamma': 0.07975756312774611, 'sigma_update': 0.5344530722155401, 'eta_learning': 0.019549016655510676, 'sigma_boundary': 8.66507401535942, 'alpha': 0.08915783129163979}. Best is trial 14 with value: 0.19463553488998375.
[I 2026-03-04 01:51:05,036] Trial 9 finished with value: 0.20767651552364091 and parameters: {'sigma_noise': 0.05781094319690281, 'A_repulsion': 0.47680742883566424, 'gamma': 0.5366995666397835, 'sigma_update': 0.6665472080016507, 'eta_learning': 0.10572298126268617, 'sigma_boundary': 6.258096161074393, 'alpha': 0.5900710813028075}. Best is trial 14 with value: 0.19463553488998375.
[I 2026-03-04 01:51:11,525] Trial 0 finished with value: 0.2616254567294135 and parameters: {'sigma_noise': 0.07114360730220698, 'A_repulsion': 0.44338636993518515, 'gamma': 0.6045047648662175, 'sigma_update': 0.03004242941460892, 'eta_learning': 1.3855228757840672, 'sigma_boundary': 6.238256607640577, 'alpha': 0.4281727821370902}. Best is trial 14 with value: 0.19463553488998375.
[I 2026-03-04 01:51:13,007] Trial 15 finished with value: 0.13678396980603943 and parameters: {'sigma_noise': 0.18768371614103835, 'A_repulsion': 0.15226485780766064, 'gamma': 0.6419452980937345, 'sigma_update': 0.5922117489401298, 'eta_learning': 1.2801548904490905, 'sigma_boundary': 7.556669855266958, 'alpha': 0.884220119562605}. Best is trial 15 with value: 0.13678396980603943.
[I 2026-03-04 01:51:31,147] Trial 6 finished with value: 0.36353272516365825 and parameters: {'sigma_noise': 0.14707525299318014, 'A_repulsion': 0.3545816813606054, 'gamma': 0.8495595167070982, 'sigma_update': 0.1577568814225804, 'eta_learning': 1.874375059941513, 'sigma_boundary': 4.991017677585211, 'alpha': 0.3565440715857241}. Best is trial 15 with value: 0.13678396980603943.
[I 2026-03-04 01:51:37,397] Trial 2 finished with value: 2.2102720751565146 and parameters: {'sigma_noise': 0.1612451410496322, 'A_repulsion': 0.3082086132034383, 'gamma': 0.08814284251715199, 'sigma_update': 0.33420327333480965, 'eta_learning': 2.566843415744735, 'sigma_boundary': 5.75052641980163, 'alpha': 0.08278790298153671}. Best is trial 15 with value: 0.13678396980603943.
[I 2026-03-04 01:51:38,650] Trial 21 finished with value: 0.2699005681087292 and parameters: {'sigma_noise': 0.25739840969848404, 'A_repulsion': 0.11180905196301821, 'gamma': 0.602783993103458, 'sigma_update': 0.05405305415912299, 'eta_learning': 1.2572618125916855, 'sigma_boundary': 0.13640058887649165, 'alpha': 0.7124245630888016}. Best is trial 15 with value: 0.13678396980603943.
[I 2026-03-04 01:51:43,861] Trial 12 finished with value: 0.5199217583638609 and parameters: {'sigma_noise': 0.3212769230560925, 'A_repulsion': 0.05310172292008991, 'gamma': 0.6995048312651059, 'sigma_update': 0.5090302213346757, 'eta_learning': 0.3241016872046429, 'sigma_boundary': 6.611023572331363, 'alpha': 0.25800329275026856}. Best is trial 15 with value: 0.13678396980603943.
[I 2026-03-04 01:51:47,408] Trial 1 finished with value: 0.48771732945059687 and parameters: {'sigma_noise': 0.21852198613413287, 'A_repulsion': 0.2251945818212212, 'gamma': 0.13453104282531428, 'sigma_update': 0.3461770226569483, 'eta_learning': 1.2885483322104943, 'sigma_boundary': 8.805224317830644, 'alpha': 0.34349366896150424}. Best is trial 15 with value: 0.13678396980603943.
[I 2026-03-04 01:51:51,656] Trial 4 finished with value: 0.7061219798897475 and parameters: {'sigma_noise': 0.271517109704871, 'A_repulsion': 0.13616960106491477, 'gamma': 0.46621903350244914, 'sigma_update': 0.4526128909887652, 'eta_learning': 1.6754834310380984, 'sigma_boundary': 4.508547906423942, 'alpha': 0.3783661760188026}. Best is trial 15 with value: 0.13678396980603943.
[I 2026-03-04 01:51:57,567] Trial 17 finished with value: 0.15522794351014368 and parameters: {'sigma_noise': 0.24656603037950142, 'A_repulsion': 0.18499483952530194, 'gamma': 0.7805904016054118, 'sigma_update': 0.5356854568598107, 'eta_learning': 0.7617796957460612, 'sigma_boundary': 9.061053367100781, 'alpha': 0.647611705639607}. Best is trial 15 with value: 0.13678396980603943.
[I 2026-03-04 01:52:03,448] Trial 13 finished with value: 0.19466328612385436 and parameters: {'sigma_noise': 0.2921779322463157, 'A_repulsion': 0.12865533281002633, 'gamma': 0.5662714852447137, 'sigma_update': 0.5510843393490584, 'eta_learning': 0.4349242937288111, 'sigma_boundary': 9.43903325426738, 'alpha': 0.8665599942416404}. Best is trial 15 with value: 0.13678396980603943.
[I 2026-03-04 01:52:04,805] Trial 10 finished with value: 0.19590665072850774 and parameters: {'sigma_noise': 0.12992728150081045, 'A_repulsion': 0.4903708737109969, 'gamma': 0.7009698651137015, 'sigma_update': 0.31157475337218427, 'eta_learning': 0.5094273194296576, 'sigma_boundary': 3.0472067376571528, 'alpha': 0.6991849027421335}. Best is trial 15 with value: 0.13678396980603943.
[I 2026-03-04 01:52:13,582] Trial 16 finished with value: 0.6312528823603623 and parameters: {'sigma_noise': 0.27447245764686373, 'A_repulsion': 0.18723375103524925, 'gamma': 0.18429434449636742, 'sigma_update': 0.6929915180242747, 'eta_learning': 1.4555705142559678, 'sigma_boundary': 8.486346106966762, 'alpha': 0.6040269499615557}. Best is trial 15 with value: 0.13678396980603943.
[I 2026-03-04 01:52:24,747] Trial 7 finished with value: 0.2657902313035342 and parameters: {'sigma_noise': 0.1702474425272852, 'A_repulsion': 0.456996607257235, 'gamma': 0.15525110566651296, 'sigma_update': 0.5931599341249061, 'eta_learning': 0.8538124514786859, 'sigma_boundary': 4.003329713220224, 'alpha': 0.6901904212994961}. Best is trial 15 with value: 0.13678396980603943.
[I 2026-03-04 01:52:30,780] Trial 8 finished with value: 0.6231408255599296 and parameters: {'sigma_noise': 0.3251930833710629, 'A_repulsion': 0.23145053166845875, 'gamma': 0.28778361456287416, 'sigma_update': 0.13576395770862784, 'eta_learning': 2.040725892984974, 'sigma_boundary': 8.573116287465664, 'alpha': 0.36458383104579506}. Best is trial 15 with value: 0.13678396980603943.
[I 2026-03-04 01:52:35,518] Trial 18 finished with value: 0.2893289469655491 and parameters: {'sigma_noise': 0.23714084835401184, 'A_repulsion': 0.43389827648414386, 'gamma': 0.17615150701668697, 'sigma_update': 0.5280972691166032, 'eta_learning': 1.4483583503485735, 'sigma_boundary': 9.53410367606855, 'alpha': 0.6606516469356732}. Best is trial 15 with value: 0.13678396980603943.
[I 2026-03-04 01:52:44,777] Trial 20 finished with value: 2.346202736311244 and parameters: {'sigma_noise': 0.2746249668893725, 'A_repulsion': 0.4073294997377011, 'gamma': 0.16132155511666318, 'sigma_update': 0.6003751638415904, 'eta_learning': 2.9913493817697456, 'sigma_boundary': 8.362252514411283, 'alpha': 0.16491843305068876}. Best is trial 15 with value: 0.13678396980603943.
[I 2026-03-04 01:52:49,410] Trial 23 finished with value: 0.459474506666831 and parameters: {'sigma_noise': 0.3475638782109958, 'A_repulsion': 0.3037897746791805, 'gamma': 0.10085995494601949, 'sigma_update': 0.6183443127316807, 'eta_learning': 1.2815603161981084, 'sigma_boundary': 8.034060812944965, 'alpha': 0.7108137089349025}. Best is trial 15 with value: 0.13678396980603943.
[I 2026-03-04 01:52:59,835] Trial 22 finished with value: 0.3208090936928222 and parameters: {'sigma_noise': 0.4349054477373399, 'A_repulsion': 0.239089416464198, 'gamma': 0.6751104418300008, 'sigma_update': 0.3372268009986047, 'eta_learning': 1.2550899227743864, 'sigma_boundary': 9.522765474373692, 'alpha': 0.5943495314166931}. Best is trial 15 with value: 0.13678396980603943.
[I 2026-03-04 01:53:09,386] Trial 3 finished with value: 2.339647058760362 and parameters: {'sigma_noise': 0.4378432863137735, 'A_repulsion': 0.33770788855660905, 'gamma': 0.0998043193591931, 'sigma_update': 0.3972708202200728, 'eta_learning': 0.2683655297632207, 'sigma_boundary': 2.8995056579493697, 'alpha': 0.008577957305321293}. Best is trial 15 with value: 0.13678396980603943.
[I 2026-03-04 01:54:54,481] Trial 26 finished with value: 0.19113193223761155 and parameters: {'sigma_noise': 0.33006344482656563, 'A_repulsion': 0.0277113550352715, 'gamma': 0.5753217576648426, 'sigma_update': 0.41869372885629713, 'eta_learning': 1.7631742005085778, 'sigma_boundary': 9.855513088890707, 'alpha': 0.9161965256794791}. Best is trial 15 with value: 0.13678396980603943.
[I 2026-03-04 01:55:12,211] Trial 24 finished with value: 0.8739296121272617 and parameters: {'sigma_noise': 0.1898003685221636, 'A_repulsion': 0.3805039511672477, 'gamma': 0.6637119171783346, 'sigma_update': 0.14721012903110228, 'eta_learning': 0.3078752677118732, 'sigma_boundary': 4.033407345848362, 'alpha': 0.16359317951986163}. Best is trial 15 with value: 0.13678396980603943.
[I 2026-03-04 01:55:24,447] Trial 25 finished with value: 0.2919200928810301 and parameters: {'sigma_noise': 0.2874568200553399, 'A_repulsion': 0.2334999095946625, 'gamma': 0.15228453187167834, 'sigma_update': 0.4539158207781482, 'eta_learning': 0.40615315711158717, 'sigma_boundary': 6.049918222941258, 'alpha': 0.6390691128448555}. Best is trial 15 with value: 0.13678396980603943.
[I 2026-03-04 01:55:28,889] Trial 27 finished with value: 0.1526935240163551 and parameters: {'sigma_noise': 0.2810536280659533, 'A_repulsion': 0.10825617994366366, 'gamma': 0.7115962590674062, 'sigma_update': 0.6824766003353624, 'eta_learning': 2.5414201820032845, 'sigma_boundary': 1.1338109865790085, 'alpha': 0.9064056628718546}. Best is trial 15 with value: 0.13678396980603943.
[I 2026-03-04 01:56:05,686] Trial 28 finished with value: 2.1977366465739347 and parameters: {'sigma_noise': 0.11604799142911829, 'A_repulsion': 0.4632603998470497, 'gamma': 0.4768227408944364, 'sigma_update': 0.5949141634978944, 'eta_learning': 2.4433781771893917, 'sigma_boundary': 2.2778223875934174, 'alpha': 0.10378569517000724}. Best is trial 15 with value: 0.13678396980603943.
[I 2026-03-04 01:56:28,680] Trial 31 finished with value: 0.2536316699626723 and parameters: {'sigma_noise': 0.18081210269324338, 'A_repulsion': 0.33855216925781184, 'gamma': 0.15993925753739832, 'sigma_update': 0.4369095849523297, 'eta_learning': 2.711897933249668, 'sigma_boundary': 6.277734034919553, 'alpha': 0.5643554090257111}. Best is trial 15 with value: 0.13678396980603943.
[I 2026-03-04 01:56:42,217] Trial 29 finished with value: 1.9620556191629415 and parameters: {'sigma_noise': 0.17076088449471316, 'A_repulsion': 0.46310777228368516, 'gamma': 0.9027035406112692, 'sigma_update': 0.0744585649667211, 'eta_learning': 1.6323635720022602, 'sigma_boundary': 3.6244822211887553, 'alpha': 0.24639936233232274}. Best is trial 15 with value: 0.13678396980603943.
[I 2026-03-04 01:57:03,153] Trial 30 finished with value: 0.5243964426904211 and parameters: {'sigma_noise': 0.3794528867251237, 'A_repulsion': 0.2246561764629304, 'gamma': 0.05795013023582286, 'sigma_update': 0.04681239561156746, 'eta_learning': 0.6992925678297255, 'sigma_boundary': 4.369745670421305, 'alpha': 0.42761988599853384}. Best is trial 15 with value: 0.13678396980603943.
[I 2026-03-04 01:57:07,293] Trial 33 finished with value: 0.25308587524170734 and parameters: {'sigma_noise': 0.37697441728941555, 'A_repulsion': 0.19736670655011046, 'gamma': 0.30432912215429836, 'sigma_update': 0.4787436306694936, 'eta_learning': 1.9603669275135172, 'sigma_boundary': 8.95653912532812, 'alpha': 0.975443247359939}. Best is trial 15 with value: 0.13678396980603943.
[I 2026-03-04 01:57:08,624] Trial 35 finished with value: 0.31911083483487696 and parameters: {'sigma_noise': 0.38897648713006194, 'A_repulsion': 0.1541310231984038, 'gamma': 0.3589615211668267, 'sigma_update': 0.5445918306352165, 'eta_learning': 2.0765046637921607, 'sigma_boundary': 9.99193693368875, 'alpha': 0.8821356894161696}. Best is trial 15 with value: 0.13678396980603943.
[I 2026-03-04 01:57:20,158] Trial 34 finished with value: 0.28506076403821906 and parameters: {'sigma_noise': 0.4214132143740007, 'A_repulsion': 0.1747959586497815, 'gamma': 0.29007765216466747, 'sigma_update': 0.5304688147930763, 'eta_learning': 2.032775169228062, 'sigma_boundary': 9.224622047850124, 'alpha': 0.9939786386733356}. Best is trial 15 with value: 0.13678396980603943.
[I 2026-03-04 01:57:26,800] Trial 32 finished with value: 2.2229534813576857 and parameters: {'sigma_noise': 0.31751901796862175, 'A_repulsion': 0.419675395675271, 'gamma': 0.8248642235370726, 'sigma_update': 0.5540438713885174, 'eta_learning': 2.1160352303437255, 'sigma_boundary': 3.1282499106720922, 'alpha': 0.2763363979676974}. Best is trial 15 with value: 0.13678396980603943.
[I 2026-03-04 01:57:31,526] Trial 47 finished with value: 0.19585213007628904 and parameters: {'sigma_noise': 0.20219548141354513, 'A_repulsion': 0.18019472682340548, 'gamma': 0.9597244531147038, 'sigma_update': 0.4763493358562648, 'eta_learning': 0.8608734757435491, 'sigma_boundary': 7.191834394141508, 'alpha': 0.9626622655900811}. Best is trial 15 with value: 0.13678396980603943.
[I 2026-03-04 01:57:31,919] Trial 46 finished with value: 0.17325253025803886 and parameters: {'sigma_noise': 0.19949303025812126, 'A_repulsion': 0.16568703499896253, 'gamma': 0.9902915028775046, 'sigma_update': 0.4544088644778783, 'eta_learning': 0.8046595628010388, 'sigma_boundary': 7.400808979547474, 'alpha': 0.986069882067939}. Best is trial 15 with value: 0.13678396980603943.
[I 2026-03-04 01:57:33,193] Trial 37 finished with value: 0.2046620669920784 and parameters: {'sigma_noise': 0.407045098038762, 'A_repulsion': 0.1880235231449751, 'gamma': 0.9835204113795719, 'sigma_update': 0.582303318690516, 'eta_learning': 0.8413082423229614, 'sigma_boundary': 9.306134304242494, 'alpha': 0.974129321440654}. Best is trial 15 with value: 0.13678396980603943.
[I 2026-03-04 01:57:45,400] Trial 39 finished with value: 0.20089699810756378 and parameters: {'sigma_noise': 0.4084829470360082, 'A_repulsion': 0.20740012162268437, 'gamma': 0.9891528475960367, 'sigma_update': 0.603867530268205, 'eta_learning': 0.8896202383408207, 'sigma_boundary': 7.84777406421271, 'alpha': 0.9804672247727912}. Best is trial 15 with value: 0.13678396980603943.
[I 2026-03-04 01:57:46,640] Trial 36 finished with value: 0.29354418452579534 and parameters: {'sigma_noise': 0.4488977947795028, 'A_repulsion': 0.1983509921031188, 'gamma': 0.3417921967171755, 'sigma_update': 0.5479458626019988, 'eta_learning': 0.7625851612799363, 'sigma_boundary': 9.683399384506973, 'alpha': 0.9891139707206372}. Best is trial 15 with value: 0.13678396980603943.
[I 2026-03-04 01:57:49,023] Trial 38 finished with value: 0.33805706869414687 and parameters: {'sigma_noise': 0.41191990603415163, 'A_repulsion': 0.20352382226021432, 'gamma': 0.350398175595282, 'sigma_update': 0.5834562784551787, 'eta_learning': 0.7259849901784243, 'sigma_boundary': 7.385733461665911, 'alpha': 0.9402851772940071}. Best is trial 15 with value: 0.13678396980603943.
[I 2026-03-04 01:58:01,233] Trial 40 finished with value: 0.20553631147861084 and parameters: {'sigma_noise': 0.40220984139610316, 'A_repulsion': 0.25722685026964487, 'gamma': 0.9807338603095338, 'sigma_update': 0.5862871673729504, 'eta_learning': 2.1422598688826526, 'sigma_boundary': 7.288109284987416, 'alpha': 0.9817812679895088}. Best is trial 15 with value: 0.13678396980603943.
[I 2026-03-04 01:58:11,416] Trial 42 finished with value: 0.19605927912482055 and parameters: {'sigma_noise': 0.41236360425952234, 'A_repulsion': 0.1776121441676074, 'gamma': 0.9812625416795047, 'sigma_update': 0.45769056833315447, 'eta_learning': 0.9149891532875536, 'sigma_boundary': 7.642263580077838, 'alpha': 0.8554320976292098}. Best is trial 15 with value: 0.13678396980603943.
[I 2026-03-04 01:58:22,102] Trial 45 finished with value: 0.1949501737556319 and parameters: {'sigma_noise': 0.39286164237103355, 'A_repulsion': 0.17296343377376894, 'gamma': 0.9865773706040276, 'sigma_update': 0.4512579036445824, 'eta_learning': 0.8278392144367799, 'sigma_boundary': 7.531962762026847, 'alpha': 0.9647980088076936}. Best is trial 15 with value: 0.13678396980603943.
[I 2026-03-04 01:58:22,872] Trial 44 finished with value: 0.2755351711966674 and parameters: {'sigma_noise': 0.3958103352278951, 'A_repulsion': 0.17901094709945628, 'gamma': 0.4023903402464346, 'sigma_update': 0.4583259440482183, 'eta_learning': 0.8539127040507506, 'sigma_boundary': 7.650371945321981, 'alpha': 0.9110560691555598}. Best is trial 15 with value: 0.13678396980603943.
[I 2026-03-04 01:58:23,274] Trial 41 finished with value: 0.203007885018148 and parameters: {'sigma_noise': 0.42393567469684296, 'A_repulsion': 0.27929667371965566, 'gamma': 0.9698206984034448, 'sigma_update': 0.61105879116387, 'eta_learning': 1.9772041246050933, 'sigma_boundary': 7.758849712501043, 'alpha': 0.942512163357784}. Best is trial 15 with value: 0.13678396980603943.
[I 2026-03-04 01:58:33,296] Trial 43 finished with value: 0.192032728070753 and parameters: {'sigma_noise': 0.40109144526019425, 'A_repulsion': 0.29760791357965866, 'gamma': 0.9946095778546312, 'sigma_update': 0.5987468084802827, 'eta_learning': 0.8995639799867458, 'sigma_boundary': 7.542362202815296, 'alpha': 0.9629665557929935}. Best is trial 15 with value: 0.13678396980603943.
[I 2026-03-04 02:00:41,810] Trial 48 finished with value: 0.2252697648445808 and parameters: {'sigma_noise': 0.381886659992804, 'A_repulsion': 0.19569630842245747, 'gamma': 0.4278625616345175, 'sigma_update': 0.2635692111994431, 'eta_learning': 0.8555314440861018, 'sigma_boundary': 7.354965682867003, 'alpha': 0.9899577331182997}. Best is trial 15 with value: 0.13678396980603943.
[I 2026-03-04 02:01:03,119] Trial 49 finished with value: 0.19757956503435797 and parameters: {'sigma_noise': 0.38682289211318793, 'A_repulsion': 0.18870873795512738, 'gamma': 0.9834287709157508, 'sigma_update': 0.2691913727810401, 'eta_learning': 1.000172798526181, 'sigma_boundary': 7.083524175701779, 'alpha': 0.9785018118908821}. Best is trial 15 with value: 0.13678396980603943.
[I 2026-03-04 02:01:11,373] Trial 50 finished with value: 0.18716372176034488 and parameters: {'sigma_noise': 0.37609797147002094, 'A_repulsion': 0.17922741347446333, 'gamma': 0.964202009476288, 'sigma_update': 0.2463890412412824, 'eta_learning': 0.9296919536119146, 'sigma_boundary': 7.424926994516871, 'alpha': 0.9669085655461142}. Best is trial 15 with value: 0.13678396980603943.
[I 2026-03-04 02:01:13,617] Trial 52 finished with value: 0.1716455914882785 and parameters: {'sigma_noise': 0.20227386152624666, 'A_repulsion': 0.17158880287957687, 'gamma': 0.9061320375735431, 'sigma_update': 0.6304992769818184, 'eta_learning': 0.9623830023115392, 'sigma_boundary': 7.363002805106317, 'alpha': 0.947636566157811}. Best is trial 15 with value: 0.13678396980603943.
[I 2026-03-04 02:01:14,136] Trial 51 finished with value: 0.19814671349563173 and parameters: {'sigma_noise': 0.3774814832458892, 'A_repulsion': 0.17754273457946215, 'gamma': 0.9722028336551074, 'sigma_update': 0.6190865137653574, 'eta_learning': 2.2757554149924566, 'sigma_boundary': 7.372512866682843, 'alpha': 0.986076703249887}. Best is trial 15 with value: 0.13678396980603943.
[I 2026-03-04 02:01:31,308] Trial 53 finished with value: 0.17247684530664226 and parameters: {'sigma_noise': 0.2136529459564957, 'A_repulsion': 0.17415318405255548, 'gamma': 0.906075877042011, 'sigma_update': 0.6337696526937426, 'eta_learning': 0.8199734568819216, 'sigma_boundary': 7.338637398496027, 'alpha': 0.9636441737280237}. Best is trial 15 with value: 0.13678396980603943.
[I 2026-03-04 02:01:45,727] Trial 57 finished with value: 0.12834038292603708 and parameters: {'sigma_noise': 0.20885539152324625, 'A_repulsion': 0.06881833128838252, 'gamma': 0.7737186934980974, 'sigma_update': 0.24515296348172383, 'eta_learning': 1.0173242543418048, 'sigma_boundary': 7.519275133015035, 'alpha': 0.9776752176628605}. Best is trial 57 with value: 0.12834038292603708.
[I 2026-03-04 02:02:02,636] Trial 58 finished with value: 0.13284253853293188 and parameters: {'sigma_noise': 0.22246497489891376, 'A_repulsion': 0.08693770981421528, 'gamma': 0.7797270525549029, 'sigma_update': 0.27186081175428256, 'eta_learning': 1.0539859228084052, 'sigma_boundary': 7.609552628701304, 'alpha': 0.78272464342074}. Best is trial 57 with value: 0.12834038292603708.
