[I 2026-03-25 08:45:57,544] Trial 63 finished with value: 0.038357850080654884 and parameters: {'sigma_noise': 0.12849520516395, 'A_repulsion': 0.15652845121497755, 'gamma': 0.5805093551606438, 'sigma_update': 0.27654543752091304, 'eta_learning': 0.41045081147963375, 'sigma_boundary': 6.276862458993653, 'alpha': 0.6593596948022309}. Best is trial 20 with value: 0.021634679990854996.
[I 2026-03-25 08:45:57,945] Trial 57 finished with value: 0.0404526116279554 and parameters: {'sigma_noise': 0.1647964392205393, 'A_repulsion': 0.15293597979684695, 'gamma': 0.33461449921633574, 'sigma_update': 0.30813280967823836, 'eta_learning': 0.7090553624023291, 'sigma_boundary': 4.110439701795338, 'alpha': 0.7699940504154178}. Best is trial 20 with value: 0.021634679990854996.
[I 2026-03-25 08:45:59,892] Trial 53 finished with value: 0.0387073980725341 and parameters: {'sigma_noise': 0.2233573914105897, 'A_repulsion': 0.32747626765426807, 'gamma': 0.8034345452799447, 'sigma_update': 0.2688092244238964, 'eta_learning': 0.5482655807498533, 'sigma_boundary': 4.989395643987847, 'alpha': 0.6200629066053469}. Best is trial 20 with value: 0.021634679990854996.
[I 2026-03-25 08:46:01,735] Trial 55 finished with value: 0.1586548092007061 and parameters: {'sigma_noise': 0.18744228139144997, 'A_repulsion': 0.26774807246013743, 'gamma': 0.5286592641514449, 'sigma_update': 0.6250136743402638, 'eta_learning': 0.7485065832118406, 'sigma_boundary': 5.627088044597662, 'alpha': 0.5286720117787077}. Best is trial 20 with value: 0.021634679990854996.
[I 2026-03-25 08:46:01,791] Trial 61 finished with value: 0.03829523768018105 and parameters: {'sigma_noise': 0.21423479857231292, 'A_repulsion': 0.2150904476496177, 'gamma': 0.48772162663895763, 'sigma_update': 0.2872565449282281, 'eta_learning': 0.19368215342049663, 'sigma_boundary': 8.747190065706778, 'alpha': 0.5507521784680054}. Best is trial 20 with value: 0.021634679990854996.
[I 2026-03-25 08:46:01,826] Trial 54 finished with value: 0.032473469464853515 and parameters: {'sigma_noise': 0.1971984114304163, 'A_repulsion': 0.324022245068857, 'gamma': 0.477895049037046, 'sigma_update': 0.2764613718605957, 'eta_learning': 0.08600141411821308, 'sigma_boundary': 6.339374396590728, 'alpha': 0.3641554391274927}. Best is trial 20 with value: 0.021634679990854996.
[I 2026-03-25 08:46:05,807] Trial 58 finished with value: 0.053827742212279844 and parameters: {'sigma_noise': 0.2929101559331359, 'A_repulsion': 0.13334100162853496, 'gamma': 0.6274788771077906, 'sigma_update': 0.32067939617595387, 'eta_learning': 0.4297084885309811, 'sigma_boundary': 8.873031076206209, 'alpha': 0.741135451392559}. Best is trial 20 with value: 0.021634679990854996.
[I 2026-03-25 08:46:06,020] Trial 66 finished with value: 0.030153463914898048 and parameters: {'sigma_noise': 0.1869074066160203, 'A_repulsion': 0.09276893144520906, 'gamma': 0.2611475581422678, 'sigma_update': 0.13820656413976656, 'eta_learning': 0.344343574216491, 'sigma_boundary': 7.701689053347718, 'alpha': 0.7408863391568137}. Best is trial 20 with value: 0.021634679990854996.
[I 2026-03-25 08:46:09,341] Trial 52 finished with value: 0.13461310896887232 and parameters: {'sigma_noise': 0.31675199809688037, 'A_repulsion': 0.325941977610169, 'gamma': 0.5222329128591006, 'sigma_update': 0.16845163526539353, 'eta_learning': 0.6546391206171384, 'sigma_boundary': 6.421235883617145, 'alpha': 0.43386495157936517}. Best is trial 20 with value: 0.021634679990854996.
[I 2026-03-25 08:46:09,561] Trial 59 finished with value: 0.07291278750543541 and parameters: {'sigma_noise': 0.1948068933223465, 'A_repulsion': 0.3270799585751689, 'gamma': 0.29587577162158757, 'sigma_update': 0.34349994674542605, 'eta_learning': 0.2001871187550366, 'sigma_boundary': 7.7409646965604075, 'alpha': 0.3756846061751232}. Best is trial 20 with value: 0.021634679990854996.
[I 2026-03-25 08:46:18,292] Trial 69 finished with value: 0.045838023659770404 and parameters: {'sigma_noise': 0.12760967848870566, 'A_repulsion': 0.21050170600979193, 'gamma': 0.4296554961386676, 'sigma_update': 0.43658957649643204, 'eta_learning': 0.6372837760464961, 'sigma_boundary': 5.139465852233488, 'alpha': 0.7241584260275732}. Best is trial 20 with value: 0.021634679990854996.
[I 2026-03-25 08:46:21,013] Trial 68 finished with value: 0.09288750083283887 and parameters: {'sigma_noise': 0.2611892486936039, 'A_repulsion': 0.260594803080826, 'gamma': 0.18994745635542393, 'sigma_update': 0.33724394568066013, 'eta_learning': 0.44714563538353275, 'sigma_boundary': 5.502917863451674, 'alpha': 0.5091441849322945}. Best is trial 20 with value: 0.021634679990854996.
[I 2026-03-25 08:46:22,309] Trial 67 finished with value: 0.0570966933907439 and parameters: {'sigma_noise': 0.2176923081446147, 'A_repulsion': 0.15873382520678106, 'gamma': 0.944581102816594, 'sigma_update': 0.28923889475898984, 'eta_learning': 0.4961335884173352, 'sigma_boundary': 5.48313106247037, 'alpha': 0.4730033407202413}. Best is trial 20 with value: 0.021634679990854996.
[I 2026-03-25 08:46:30,217] Trial 70 finished with value: 0.03765312824059766 and parameters: {'sigma_noise': 0.23461646038391204, 'A_repulsion': 0.1897081680946358, 'gamma': 0.43491973727069233, 'sigma_update': 0.25002189196312563, 'eta_learning': 0.5459390806135935, 'sigma_boundary': 7.113598145875408, 'alpha': 0.6786384893098486}. Best is trial 20 with value: 0.021634679990854996.
[I 2026-03-25 08:46:39,562] Trial 64 finished with value: 0.07937099509125846 and parameters: {'sigma_noise': 0.4114843211819573, 'A_repulsion': 0.35723270880712044, 'gamma': 0.4953509267741748, 'sigma_update': 0.3781299124706161, 'eta_learning': 0.5413441419577175, 'sigma_boundary': 6.727481327822529, 'alpha': 0.8806238922028078}. Best is trial 20 with value: 0.021634679990854996.
[I 2026-03-25 08:46:46,783] Trial 72 finished with value: 0.17812641513084185 and parameters: {'sigma_noise': 0.2314671847020859, 'A_repulsion': 0.21187460428524027, 'gamma': 0.5206204941873369, 'sigma_update': 0.3619551707011811, 'eta_learning': 0.5299769634293104, 'sigma_boundary': 7.524885230608564, 'alpha': 0.34848814016378776}. Best is trial 20 with value: 0.021634679990854996.
[I 2026-03-25 08:46:46,975] Trial 71 finished with value: 0.16313544317617557 and parameters: {'sigma_noise': 0.28453885813821006, 'A_repulsion': 0.14430760620615113, 'gamma': 0.4028750713672443, 'sigma_update': 0.66845400018567, 'eta_learning': 0.4228454780722685, 'sigma_boundary': 9.143931165517909, 'alpha': 0.6668507410379958}. Best is trial 20 with value: 0.021634679990854996.
[I 2026-03-25 08:46:51,104] Trial 76 finished with value: 0.06501305102912062 and parameters: {'sigma_noise': 0.2069377735966167, 'A_repulsion': 0.13281953864744717, 'gamma': 0.34675848955786176, 'sigma_update': 0.43490883154070153, 'eta_learning': 0.1308943606183055, 'sigma_boundary': 5.448811677116735, 'alpha': 0.4543134849985049}. Best is trial 20 with value: 0.021634679990854996.
[I 2026-03-25 08:46:53,155] Trial 80 finished with value: 0.041501502985865114 and parameters: {'sigma_noise': 0.06880672526230848, 'A_repulsion': 0.13065064010779096, 'gamma': 0.4195507943599499, 'sigma_update': 0.4874230662447035, 'eta_learning': 0.3663853258222886, 'sigma_boundary': 5.860895518769234, 'alpha': 0.7066793989893394}. Best is trial 20 with value: 0.021634679990854996.
[I 2026-03-25 08:46:54,545] Trial 73 finished with value: 0.0468027934017718 and parameters: {'sigma_noise': 0.2285025444173029, 'A_repulsion': 0.16403249563754968, 'gamma': 0.3936651301348154, 'sigma_update': 0.2621558589338019, 'eta_learning': 0.34685516595244553, 'sigma_boundary': 5.782932156355021, 'alpha': 0.5775144507287263}. Best is trial 20 with value: 0.021634679990854996.
[I 2026-03-25 08:46:56,302] Trial 75 finished with value: 0.04437347416747031 and parameters: {'sigma_noise': 0.19141191887187203, 'A_repulsion': 0.15751692972715592, 'gamma': 0.4861097439921676, 'sigma_update': 0.29279437312712076, 'eta_learning': 0.5264889080355082, 'sigma_boundary': 8.226989133172165, 'alpha': 0.6968518786647675}. Best is trial 20 with value: 0.021634679990854996.
[I 2026-03-25 08:47:02,609] Trial 78 finished with value: 0.08678756899895804 and parameters: {'sigma_noise': 0.18137858270779794, 'A_repulsion': 0.151081742935199, 'gamma': 0.4699821023050586, 'sigma_update': 0.4320484382009728, 'eta_learning': 0.4682073537378995, 'sigma_boundary': 4.860118746961234, 'alpha': 0.5550265679031902}. Best is trial 20 with value: 0.021634679990854996.
[I 2026-03-25 08:47:04,687] Trial 79 finished with value: 0.06822754485541227 and parameters: {'sigma_noise': 0.18763504307412365, 'A_repulsion': 0.2471452889809197, 'gamma': 0.42124652312984845, 'sigma_update': 0.410703074593424, 'eta_learning': 0.5708993067789535, 'sigma_boundary': 8.947653172699926, 'alpha': 0.7108097437350063}. Best is trial 20 with value: 0.021634679990854996.
[I 2026-03-25 08:47:04,957] Trial 87 finished with value: 0.09576636953947716 and parameters: {'sigma_noise': 0.10315481053709516, 'A_repulsion': 0.167278315332219, 'gamma': 0.17831821602587183, 'sigma_update': 0.5030157987746046, 'eta_learning': 0.379062539672057, 'sigma_boundary': 9.00330559593913, 'alpha': 0.29546113589131606}. Best is trial 20 with value: 0.021634679990854996.
[I 2026-03-25 08:47:04,981] Trial 77 finished with value: 0.07987864130266917 and parameters: {'sigma_noise': 0.16538637273047455, 'A_repulsion': 0.25140429221007937, 'gamma': 0.5349441275642611, 'sigma_update': 0.37588366117745964, 'eta_learning': 0.33076533239668965, 'sigma_boundary': 3.402689193590576, 'alpha': 0.4124533340109868}. Best is trial 20 with value: 0.021634679990854996.
[I 2026-03-25 08:47:05,645] Trial 82 finished with value: 0.10622614884252014 and parameters: {'sigma_noise': 0.23468045299582196, 'A_repulsion': 0.1262604697483577, 'gamma': 0.3641510421233697, 'sigma_update': 0.5833899651275489, 'eta_learning': 0.2786794517578602, 'sigma_boundary': 8.132077826231837, 'alpha': 0.6436852158671229}. Best is trial 20 with value: 0.021634679990854996.
[I 2026-03-25 08:47:09,024] Trial 74 finished with value: 0.026285774010597257 and parameters: {'sigma_noise': 0.19127884263700415, 'A_repulsion': 0.38833101701730766, 'gamma': 0.5860365937974181, 'sigma_update': 0.3136292979747983, 'eta_learning': 0.10230269971119467, 'sigma_boundary': 7.26146231649349, 'alpha': 0.8182931127102135}. Best is trial 20 with value: 0.021634679990854996.
[I 2026-03-25 08:47:12,923] Trial 84 finished with value: 0.11696726943511195 and parameters: {'sigma_noise': 0.24997459115832263, 'A_repulsion': 0.12860508562155148, 'gamma': 0.4118098046280071, 'sigma_update': 0.6021094029614095, 'eta_learning': 0.2672786417369105, 'sigma_boundary': 8.09606608433973, 'alpha': 0.6918336887748752}. Best is trial 20 with value: 0.021634679990854996.
[I 2026-03-25 08:47:14,707] Trial 83 finished with value: 0.08206230818950158 and parameters: {'sigma_noise': 0.29148947425070043, 'A_repulsion': 0.1692982830346977, 'gamma': 0.39402758527091675, 'sigma_update': 0.3092194853522952, 'eta_learning': 0.28761421521514935, 'sigma_boundary': 6.6926399058727295, 'alpha': 0.5170250769012293}. Best is trial 20 with value: 0.021634679990854996.
[I 2026-03-25 08:47:15,411] Trial 89 finished with value: 0.038757343497023 and parameters: {'sigma_noise': 0.1499988426494845, 'A_repulsion': 0.2951845132692317, 'gamma': 0.7689267896291748, 'sigma_update': 0.4384685258348272, 'eta_learning': 0.1880987231173108, 'sigma_boundary': 7.3725670025110785, 'alpha': 0.5253224633658717}. Best is trial 20 with value: 0.021634679990854996.
[I 2026-03-25 08:47:15,780] Trial 81 finished with value: 0.0844785464672299 and parameters: {'sigma_noise': 0.363152530528198, 'A_repulsion': 0.032809868733983366, 'gamma': 0.3187528344406646, 'sigma_update': 0.31522977084605697, 'eta_learning': 0.5127392855846692, 'sigma_boundary': 6.312939383100225, 'alpha': 0.6631160285680185}. Best is trial 20 with value: 0.021634679990854996.
[I 2026-03-25 08:47:16,687] Trial 86 finished with value: 0.06536908674816627 and parameters: {'sigma_noise': 0.244779015574967, 'A_repulsion': 0.16396338191519821, 'gamma': 0.6764115915797649, 'sigma_update': 0.3622694516529694, 'eta_learning': 0.368085377537376, 'sigma_boundary': 7.1639705832072265, 'alpha': 0.5396639172660816}. Best is trial 20 with value: 0.021634679990854996.
[I 2026-03-25 08:47:19,047] Trial 85 finished with value: 0.0861184446412441 and parameters: {'sigma_noise': 0.2862110352897542, 'A_repulsion': 0.23879192514758643, 'gamma': 0.5059980011027948, 'sigma_update': 0.4414122239114224, 'eta_learning': 0.4480362820929241, 'sigma_boundary': 1.7787196406088919, 'alpha': 0.6638059077360006}. Best is trial 20 with value: 0.021634679990854996.
[I 2026-03-25 08:47:26,030] Trial 88 finished with value: 0.024962443930677074 and parameters: {'sigma_noise': 0.19596688295851913, 'A_repulsion': 0.21898134711934808, 'gamma': 0.22665515201244815, 'sigma_update': 0.19554507539606414, 'eta_learning': 0.6139131292863635, 'sigma_boundary': 5.4261542699952345, 'alpha': 0.669605235500009}. Best is trial 20 with value: 0.021634679990854996.
[I 2026-03-25 08:47:36,855] Trial 91 finished with value: 0.02441738116375344 and parameters: {'sigma_noise': 0.16544013159411333, 'A_repulsion': 0.3396803085881417, 'gamma': 0.41316292524541015, 'sigma_update': 0.17174483588907735, 'eta_learning': 0.25034138485986884, 'sigma_boundary': 8.063122779654135, 'alpha': 0.8433351883467295}. Best is trial 20 with value: 0.021634679990854996.
[I 2026-03-25 08:47:39,202] Trial 92 finished with value: 0.03122196547213863 and parameters: {'sigma_noise': 0.1953430221742942, 'A_repulsion': 0.2927482781111152, 'gamma': 0.6415011431801453, 'sigma_update': 0.3440312012642194, 'eta_learning': 0.46810246691357177, 'sigma_boundary': 6.9140466390479585, 'alpha': 0.7798123249240329}. Best is trial 20 with value: 0.021634679990854996.
[I 2026-03-25 08:47:41,063] Trial 93 finished with value: 0.026793261223297005 and parameters: {'sigma_noise': 0.21205899615971596, 'A_repulsion': 0.1907783500148783, 'gamma': 0.5786001509649609, 'sigma_update': 0.16677641747582378, 'eta_learning': 0.5878804284526096, 'sigma_boundary': 8.584734197986075, 'alpha': 0.8352200402485284}. Best is trial 20 with value: 0.021634679990854996.
[I 2026-03-25 08:47:46,818] Trial 96 finished with value: 0.03778261364052611 and parameters: {'sigma_noise': 0.06473522617477893, 'A_repulsion': 0.2771417449297222, 'gamma': 0.393630390091728, 'sigma_update': 0.2622947893814754, 'eta_learning': 0.49995660362109573, 'sigma_boundary': 5.665734079490918, 'alpha': 0.8341007763309984}. Best is trial 20 with value: 0.021634679990854996.
[I 2026-03-25 08:47:50,951] Trial 95 finished with value: 0.053790610875077256 and parameters: {'sigma_noise': 0.13237256441838496, 'A_repulsion': 0.0879307632484893, 'gamma': 0.6610958773456366, 'sigma_update': 0.12599292111243532, 'eta_learning': 0.3657081406024981, 'sigma_boundary': 7.445269879620974, 'alpha': 0.7328885382075127}. Best is trial 20 with value: 0.021634679990854996.
[I 2026-03-25 08:47:51,919] Trial 94 finished with value: 0.07150682908288813 and parameters: {'sigma_noise': 0.06533078702164621, 'A_repulsion': 0.29745985305501244, 'gamma': 0.41628499291305937, 'sigma_update': 0.024219586973384995, 'eta_learning': 0.4872176430354109, 'sigma_boundary': 6.354292471306677, 'alpha': 0.7387584339816718}. Best is trial 20 with value: 0.021634679990854996.
[I 2026-03-25 08:47:52,587] Trial 90 finished with value: 0.09903989329178792 and parameters: {'sigma_noise': 0.3833906494485822, 'A_repulsion': 0.17267521295225377, 'gamma': 0.4118799667411784, 'sigma_update': 0.37223303682610315, 'eta_learning': 0.20850706414490125, 'sigma_boundary': 6.720473141462698, 'alpha': 0.8148123692905617}. Best is trial 20 with value: 0.021634679990854996.
[I 2026-03-25 08:47:53,383] Trial 100 finished with value: 0.054055088086841035 and parameters: {'sigma_noise': 0.10889577464740469, 'A_repulsion': 0.2158500732414425, 'gamma': 0.19445592808297038, 'sigma_update': 0.5445196793166989, 'eta_learning': 0.1922042188414708, 'sigma_boundary': 7.698155117384429, 'alpha': 0.6528931138568749}. Best is trial 20 with value: 0.021634679990854996.
[I 2026-03-25 08:47:57,904] Trial 98 finished with value: 0.05234417123355375 and parameters: {'sigma_noise': 0.12084213203121238, 'A_repulsion': 0.19659220392163, 'gamma': 0.31465413824675154, 'sigma_update': 0.4179693516912937, 'eta_learning': 0.2712528248695435, 'sigma_boundary': 7.270106315916658, 'alpha': 0.496353272755498}. Best is trial 20 with value: 0.021634679990854996.
[I 2026-03-25 08:48:04,137] Trial 99 finished with value: 0.14238567054557677 and parameters: {'sigma_noise': 0.17572646721137034, 'A_repulsion': 0.2513317390483363, 'gamma': 0.5446994935768429, 'sigma_update': 0.48730611991779704, 'eta_learning': 0.6665142472006124, 'sigma_boundary': 7.542127542975755, 'alpha': 0.44837051990271337}. Best is trial 20 with value: 0.021634679990854996.
[I 2026-03-25 08:48:06,158] Trial 104 finished with value: 0.0605534852381555 and parameters: {'sigma_noise': 0.0933200267446628, 'A_repulsion': 0.05648841194021295, 'gamma': 0.5689035816591871, 'sigma_update': 0.032786142327803545, 'eta_learning': 0.18204459955506921, 'sigma_boundary': 5.584550358941632, 'alpha': 0.6151851784611753}. Best is trial 20 with value: 0.021634679990854996.
[I 2026-03-25 08:48:06,234] Trial 102 finished with value: 0.032707414328828094 and parameters: {'sigma_noise': 0.11015240771730042, 'A_repulsion': 0.15205017855213376, 'gamma': 0.4841910154216673, 'sigma_update': 0.18831075679999562, 'eta_learning': 0.2524681019806175, 'sigma_boundary': 5.8907047303120805, 'alpha': 0.7733266156731959}. Best is trial 20 with value: 0.021634679990854996.
[I 2026-03-25 08:48:06,755] Trial 97 finished with value: 0.02905504597286799 and parameters: {'sigma_noise': 0.15083808855124053, 'A_repulsion': 0.3632771823866067, 'gamma': 0.7027692606533197, 'sigma_update': 0.2936451802683913, 'eta_learning': 0.2753851353490118, 'sigma_boundary': 8.210256293638428, 'alpha': 0.8610128698112953}. Best is trial 20 with value: 0.021634679990854996.
[I 2026-03-25 08:48:10,318] Trial 109 finished with value: 0.04900509683951971 and parameters: {'sigma_noise': 0.07908651098224778, 'A_repulsion': 0.042787192380901784, 'gamma': 0.6237913734660915, 'sigma_update': 0.17208495595245982, 'eta_learning': 0.3336481580844309, 'sigma_boundary': 5.320972991719019, 'alpha': 0.5951812290798434}. Best is trial 20 with value: 0.021634679990854996.
[I 2026-03-25 08:48:10,470] Trial 106 finished with value: 0.07553104344056397 and parameters: {'sigma_noise': 0.21382614122570048, 'A_repulsion': 0.04987443418469768, 'gamma': 0.43931154188730076, 'sigma_update': 0.48568268375310525, 'eta_learning': 0.4183852484071756, 'sigma_boundary': 8.64814242094973, 'alpha': 0.8252668808666028}. Best is trial 20 with value: 0.021634679990854996.
[I 2026-03-25 08:48:14,255] Trial 101 finished with value: 0.049684178274861435 and parameters: {'sigma_noise': 0.23396900204298457, 'A_repulsion': 0.1894747176554403, 'gamma': 0.27276095230878716, 'sigma_update': 0.31226745422351593, 'eta_learning': 0.3512825611555608, 'sigma_boundary': 7.590377426129579, 'alpha': 0.6914101925375368}. Best is trial 20 with value: 0.021634679990854996.
[I 2026-03-25 08:48:14,504] Trial 105 finished with value: 0.03290376068097834 and parameters: {'sigma_noise': 0.16052853733800515, 'A_repulsion': 0.2263878257839458, 'gamma': 0.36691873079175175, 'sigma_update': 0.12408132644447399, 'eta_learning': 0.24921847309157788, 'sigma_boundary': 4.545073066588091, 'alpha': 0.6567818024429292}. Best is trial 20 with value: 0.021634679990854996.
[I 2026-03-25 08:48:19,530] Trial 107 finished with value: 0.02553239048982963 and parameters: {'sigma_noise': 0.1812587506376202, 'A_repulsion': 0.13495179324731638, 'gamma': 0.20459258329576313, 'sigma_update': 0.240543063906189, 'eta_learning': 0.1190834558440828, 'sigma_boundary': 7.294851997030882, 'alpha': 0.6124385549570088}. Best is trial 20 with value: 0.021634679990854996.
[I 2026-03-25 08:48:21,863] Trial 103 finished with value: 0.039679087616719136 and parameters: {'sigma_noise': 0.2710846321895651, 'A_repulsion': 0.1482597507641384, 'gamma': 0.3310829590269317, 'sigma_update': 0.09620209032614681, 'eta_learning': 0.16240943071225625, 'sigma_boundary': 6.995831645196408, 'alpha': 0.6892784079588973}. Best is trial 20 with value: 0.021634679990854996.
[I 2026-03-25 08:48:23,059] Trial 108 finished with value: 0.03793009346164588 and parameters: {'sigma_noise': 0.1711205283282181, 'A_repulsion': 0.13129968059665503, 'gamma': 0.13564265209418958, 'sigma_update': 0.30454246488804027, 'eta_learning': 0.15421189969488278, 'sigma_boundary': 7.80982386483789, 'alpha': 0.5206855126916451}. Best is trial 20 with value: 0.021634679990854996.
[I 2026-03-25 08:48:26,458] Trial 110 finished with value: 0.04229984207703583 and parameters: {'sigma_noise': 0.21165508674836078, 'A_repulsion': 0.17757236169939591, 'gamma': 0.4825082877120182, 'sigma_update': 0.37673956385116075, 'eta_learning': 0.3328650615584689, 'sigma_boundary': 6.760004327984371, 'alpha': 0.8111620458176418}. Best is trial 20 with value: 0.021634679990854996.
[I 2026-03-25 08:48:27,718] Trial 112 finished with value: 0.03575871774227807 and parameters: {'sigma_noise': 0.23191273418173022, 'A_repulsion': 0.117821622540803, 'gamma': 0.6186752734604553, 'sigma_update': 0.25772377691648335, 'eta_learning': 0.2935125064397383, 'sigma_boundary': 6.272035649673014, 'alpha': 0.639133073137377}. Best is trial 20 with value: 0.021634679990854996.
