[I 2026-03-25 08:51:29,842] Trial 173 finished with value: 0.034548473333962014 and parameters: {'sigma_noise': 0.06732269254322694, 'A_repulsion': 0.35096885839271313, 'gamma': 0.16028569233084497, 'sigma_update': 0.3457518606272105, 'eta_learning': 0.5866734884686541, 'sigma_boundary': 5.443694210158742, 'alpha': 0.7602565082262122}. Best is trial 20 with value: 0.021634679990854996.
[I 2026-03-25 08:51:32,452] Trial 169 finished with value: 0.03959653368704187 and parameters: {'sigma_noise': 0.19929460073819627, 'A_repulsion': 0.31819601381224794, 'gamma': 0.3733964407162437, 'sigma_update': 0.3631642892789234, 'eta_learning': 0.6287838203825447, 'sigma_boundary': 4.112886811110164, 'alpha': 0.7559366301829976}. Best is trial 20 with value: 0.021634679990854996.
[I 2026-03-25 08:51:34,371] Trial 168 finished with value: 0.028740848019419896 and parameters: {'sigma_noise': 0.24266608014600954, 'A_repulsion': 0.3110495199949282, 'gamma': 0.31818484925405244, 'sigma_update': 0.2246342641078815, 'eta_learning': 0.9439598227521847, 'sigma_boundary': 3.844704416125901, 'alpha': 0.8226309181551349}. Best is trial 20 with value: 0.021634679990854996.
[I 2026-03-25 08:51:37,798] Trial 170 finished with value: 0.0175352587488819 and parameters: {'sigma_noise': 0.19504163378881872, 'A_repulsion': 0.3391229211674917, 'gamma': 0.4062278430250218, 'sigma_update': 0.23400361322581303, 'eta_learning': 0.3952098235221563, 'sigma_boundary': 3.6534567341556867, 'alpha': 0.9786134296941081}. Best is trial 170 with value: 0.0175352587488819.
[I 2026-03-25 08:51:38,053] Trial 174 finished with value: 0.03748959044152652 and parameters: {'sigma_noise': 0.18710933998771873, 'A_repulsion': 0.25055997759306575, 'gamma': 0.37485101463905657, 'sigma_update': 0.1305085445440124, 'eta_learning': 0.2801381250763573, 'sigma_boundary': 5.382148786664286, 'alpha': 0.9201646428815798}. Best is trial 170 with value: 0.0175352587488819.
[I 2026-03-25 08:51:39,571] Trial 171 finished with value: 0.027180021166345686 and parameters: {'sigma_noise': 0.2028271056947115, 'A_repulsion': 0.3600543725282178, 'gamma': 0.29258328840704123, 'sigma_update': 0.15093646983176273, 'eta_learning': 0.6554448417702363, 'sigma_boundary': 2.915574075705484, 'alpha': 0.8897152606461668}. Best is trial 170 with value: 0.0175352587488819.
[I 2026-03-25 08:51:44,335] Trial 172 finished with value: 0.027239232943293733 and parameters: {'sigma_noise': 0.23255936121108797, 'A_repulsion': 0.3050045457380345, 'gamma': 0.4527528720174602, 'sigma_update': 0.29452824695868585, 'eta_learning': 0.20691260182439436, 'sigma_boundary': 2.6759325684702846, 'alpha': 0.7365980269258615}. Best is trial 170 with value: 0.0175352587488819.
[I 2026-03-25 08:51:47,122] Trial 176 finished with value: 0.03406194593693352 and parameters: {'sigma_noise': 0.20432976243399414, 'A_repulsion': 0.3517274826611685, 'gamma': 0.47279130275149694, 'sigma_update': 0.3734415958438667, 'eta_learning': 0.47558874560529707, 'sigma_boundary': 2.894547566190321, 'alpha': 0.8663230753639013}. Best is trial 170 with value: 0.0175352587488819.
[I 2026-03-25 08:51:49,457] Trial 178 finished with value: 0.021640159374999853 and parameters: {'sigma_noise': 0.14161446943446124, 'A_repulsion': 0.3510633450652705, 'gamma': 0.32632815462907805, 'sigma_update': 0.1320625946590771, 'eta_learning': 0.4442449320811561, 'sigma_boundary': 5.862532597450062, 'alpha': 0.7024037569967106}. Best is trial 170 with value: 0.0175352587488819.
[I 2026-03-25 08:51:56,242] Trial 179 finished with value: 0.030755109637249024 and parameters: {'sigma_noise': 0.13288334456139575, 'A_repulsion': 0.447847605362464, 'gamma': 0.2662593597381775, 'sigma_update': 0.3685393816420256, 'eta_learning': 0.802619835365633, 'sigma_boundary': 1.4983446574062147, 'alpha': 0.800295751261224}. Best is trial 170 with value: 0.0175352587488819.
[I 2026-03-25 08:51:57,742] Trial 177 finished with value: 0.03940155392024445 and parameters: {'sigma_noise': 0.30211859672106717, 'A_repulsion': 0.16700471947023204, 'gamma': 0.30910249238663934, 'sigma_update': 0.21087482652987924, 'eta_learning': 0.658446553648529, 'sigma_boundary': 4.727951302744338, 'alpha': 0.8860424679337938}. Best is trial 170 with value: 0.0175352587488819.
[I 2026-03-25 08:51:59,143] Trial 180 finished with value: 0.023741287926384604 and parameters: {'sigma_noise': 0.1603171834362967, 'A_repulsion': 0.37576275239187157, 'gamma': 0.3662323119104242, 'sigma_update': 0.21762401847843538, 'eta_learning': 0.7324394896766628, 'sigma_boundary': 3.7071818620671264, 'alpha': 0.8577616097545409}. Best is trial 170 with value: 0.0175352587488819.
[I 2026-03-25 08:51:59,747] Trial 183 finished with value: 0.03138339794816166 and parameters: {'sigma_noise': 0.14110502780814, 'A_repulsion': 0.348417198949838, 'gamma': 0.31935682065315385, 'sigma_update': 0.38093941925013625, 'eta_learning': 0.41380294508325594, 'sigma_boundary': 5.172440825531681, 'alpha': 0.9043545809590313}. Best is trial 170 with value: 0.0175352587488819.
[I 2026-03-25 08:52:01,076] Trial 175 finished with value: 0.07786065775380709 and parameters: {'sigma_noise': 0.2991352762600385, 'A_repulsion': 0.4152401371452709, 'gamma': 0.3605858052473052, 'sigma_update': 0.5267716881000019, 'eta_learning': 0.6543513778310976, 'sigma_boundary': 5.126835857156893, 'alpha': 0.9754811936585306}. Best is trial 170 with value: 0.0175352587488819.
[I 2026-03-25 08:52:02,431] Trial 181 finished with value: 0.04878103298650964 and parameters: {'sigma_noise': 0.18736770484512985, 'A_repulsion': 0.42061030496412916, 'gamma': 0.4184755527353054, 'sigma_update': 0.41531760283490127, 'eta_learning': 0.4284246306270285, 'sigma_boundary': 5.8684061845536055, 'alpha': 0.6577128009902858}. Best is trial 170 with value: 0.0175352587488819.
[I 2026-03-25 08:52:04,145] Trial 185 finished with value: 0.04298285165613998 and parameters: {'sigma_noise': 0.25593919239430063, 'A_repulsion': 0.17884003460978737, 'gamma': 0.49739356918696476, 'sigma_update': 0.319075106991263, 'eta_learning': 0.579528321227118, 'sigma_boundary': 6.391917150169867, 'alpha': 0.8215131988789114}. Best is trial 170 with value: 0.0175352587488819.
[I 2026-03-25 08:52:04,159] Trial 184 finished with value: 0.05892089351818863 and parameters: {'sigma_noise': 0.24124005033896584, 'A_repulsion': 0.30508624350899194, 'gamma': 0.47359928070734564, 'sigma_update': 0.5172510816285504, 'eta_learning': 0.4831886192476002, 'sigma_boundary': 4.312017499445846, 'alpha': 0.9122958173771725}. Best is trial 170 with value: 0.0175352587488819.
[I 2026-03-25 08:52:05,545] Trial 182 finished with value: 0.08313929599014826 and parameters: {'sigma_noise': 0.16650244961912566, 'A_repulsion': 0.33400522697328583, 'gamma': 0.42958340288909863, 'sigma_update': 0.05020552779438245, 'eta_learning': 0.5503626567758586, 'sigma_boundary': 7.950217435016074, 'alpha': 0.8933869830627847}. Best is trial 170 with value: 0.0175352587488819.
[I 2026-03-25 08:52:11,803] Trial 187 finished with value: 0.11407593764572016 and parameters: {'sigma_noise': 0.0845615115586703, 'A_repulsion': 0.37585681833292633, 'gamma': 0.19384749635304424, 'sigma_update': 0.025245025421003035, 'eta_learning': 0.4792639427811268, 'sigma_boundary': 4.669772749387979, 'alpha': 0.921265044047163}. Best is trial 170 with value: 0.0175352587488819.
[I 2026-03-25 08:52:13,707] Trial 188 finished with value: 0.030041456932143933 and parameters: {'sigma_noise': 0.2051061994929871, 'A_repulsion': 0.36013898565916347, 'gamma': 0.647950745683878, 'sigma_update': 0.303229109508047, 'eta_learning': 0.3674733203180296, 'sigma_boundary': 6.802274281456468, 'alpha': 0.7509947661074764}. Best is trial 170 with value: 0.0175352587488819.
[I 2026-03-25 08:52:14,959] Trial 186 finished with value: 0.032593371483877615 and parameters: {'sigma_noise': 0.2263576426947789, 'A_repulsion': 0.3953449621127027, 'gamma': 0.435582572832539, 'sigma_update': 0.14127756256450305, 'eta_learning': 0.44495868364510865, 'sigma_boundary': 7.301432932457935, 'alpha': 0.7997730798143513}. Best is trial 170 with value: 0.0175352587488819.
[I 2026-03-25 08:52:15,067] Trial 189 finished with value: 0.026104929214419727 and parameters: {'sigma_noise': 0.15218374413718175, 'A_repulsion': 0.3556218197165271, 'gamma': 0.5186607433089175, 'sigma_update': 0.23643245071085783, 'eta_learning': 0.49652259168095036, 'sigma_boundary': 9.25352636627289, 'alpha': 0.6364343806345234}. Best is trial 170 with value: 0.0175352587488819.
[I 2026-03-25 08:52:15,864] Trial 190 finished with value: 0.020145588461609958 and parameters: {'sigma_noise': 0.12404842802215196, 'A_repulsion': 0.42358168166480736, 'gamma': 0.4249528895748373, 'sigma_update': 0.1905253745093164, 'eta_learning': 0.6213544587516402, 'sigma_boundary': 6.604962890082661, 'alpha': 0.9210675786083151}. Best is trial 170 with value: 0.0175352587488819.
[I 2026-03-25 08:52:16,360] Trial 191 finished with value: 0.03698524043131609 and parameters: {'sigma_noise': 0.10768242044425147, 'A_repulsion': 0.3996550875473374, 'gamma': 0.4772464861882069, 'sigma_update': 0.3137799103001659, 'eta_learning': 0.639708886921816, 'sigma_boundary': 7.16304358073735, 'alpha': 0.8049549919487223}. Best is trial 170 with value: 0.0175352587488819.
[I 2026-03-25 08:52:17,964] Trial 192 finished with value: 0.04721715690633046 and parameters: {'sigma_noise': 0.11380778024196649, 'A_repulsion': 0.27831006841736544, 'gamma': 0.45614867740286513, 'sigma_update': 0.43485022381773664, 'eta_learning': 0.5713119268479241, 'sigma_boundary': 8.169652298579587, 'alpha': 0.8757278385508503}. Best is trial 170 with value: 0.0175352587488819.
[I 2026-03-25 08:52:19,436] Trial 194 finished with value: 0.036401110184836785 and parameters: {'sigma_noise': 0.12751979136959118, 'A_repulsion': 0.3004300270431901, 'gamma': 0.2651600238232074, 'sigma_update': 0.21191337668111893, 'eta_learning': 0.40506861481077683, 'sigma_boundary': 5.059757101668716, 'alpha': 0.7006177189832449}. Best is trial 170 with value: 0.0175352587488819.
[I 2026-03-25 08:52:19,843] Trial 193 finished with value: 0.04153966898442754 and parameters: {'sigma_noise': 0.21168875958251146, 'A_repulsion': 0.29203047714777536, 'gamma': 0.5164104538558483, 'sigma_update': 0.19996544376869002, 'eta_learning': 0.6157124491755632, 'sigma_boundary': 4.952196508059361, 'alpha': 0.5908287936049523}. Best is trial 170 with value: 0.0175352587488819.
[I 2026-03-25 08:52:20,411] Trial 195 finished with value: 0.05176508248416229 and parameters: {'sigma_noise': 0.2256030611271961, 'A_repulsion': 0.24165589818125655, 'gamma': 0.5744233861462846, 'sigma_update': 0.36059711236833103, 'eta_learning': 0.5706667369759887, 'sigma_boundary': 8.115105395126744, 'alpha': 0.6415902223218262}. Best is trial 170 with value: 0.0175352587488819.
[I 2026-03-25 08:52:21,558] Trial 197 finished with value: 0.0377630344107072 and parameters: {'sigma_noise': 0.14185061926452122, 'A_repulsion': 0.3358529536734301, 'gamma': 0.5753351377805341, 'sigma_update': 0.3539695723380391, 'eta_learning': 0.3535162187785346, 'sigma_boundary': 6.040066044356029, 'alpha': 0.7181621422509117}. Best is trial 170 with value: 0.0175352587488819.
[I 2026-03-25 08:52:22,200] Trial 196 finished with value: 0.016006857395425372 and parameters: {'sigma_noise': 0.2294067692132686, 'A_repulsion': 0.37681651026140517, 'gamma': 0.6057744792893526, 'sigma_update': 0.34269590103856884, 'eta_learning': 0.326281614819102, 'sigma_boundary': 6.839196077313447, 'alpha': 0.896162445768363}. Best is trial 196 with value: 0.016006857395425372.
[I 2026-03-25 08:52:22,380] Trial 199 finished with value: 0.08548204263710062 and parameters: {'sigma_noise': 0.2572365365179315, 'A_repulsion': 0.25673442737628194, 'gamma': 0.35479348571973524, 'sigma_update': 0.40706665134333486, 'eta_learning': 0.5231991903595028, 'sigma_boundary': 6.44254702798336, 'alpha': 0.6370324912684764}. Best is trial 196 with value: 0.016006857395425372.
[I 2026-03-25 08:52:22,674] Trial 198 finished with value: 0.06750810083837727 and parameters: {'sigma_noise': 0.246566029313812, 'A_repulsion': 0.44308790449553404, 'gamma': 0.45202610029354034, 'sigma_update': 0.5314498091149618, 'eta_learning': 0.33818828388935745, 'sigma_boundary': 7.252000680588241, 'alpha': 0.7515043634828822}. Best is trial 196 with value: 0.016006857395425372.
