[I 2026-03-25 08:48:34,796] Trial 111 finished with value: 0.027171072359702536 and parameters: {'sigma_noise': 0.23834256393590192, 'A_repulsion': 0.24056003544897475, 'gamma': 0.31381905877124816, 'sigma_update': 0.30343746264276356, 'eta_learning': 0.39744451288284205, 'sigma_boundary': 8.507317556898702, 'alpha': 0.9911935247257999}. Best is trial 20 with value: 0.021634679990854996.
[I 2026-03-25 08:48:39,970] Trial 114 finished with value: 0.0449913600797629 and parameters: {'sigma_noise': 0.11524614274471034, 'A_repulsion': 0.26941979841148644, 'gamma': 0.2604847953871759, 'sigma_update': 0.364276574533455, 'eta_learning': 0.45182250092474674, 'sigma_boundary': 3.942924016101385, 'alpha': 0.6897218108509717}. Best is trial 20 with value: 0.021634679990854996.
[I 2026-03-25 08:48:41,089] Trial 113 finished with value: 0.02650582911846158 and parameters: {'sigma_noise': 0.13828129923828458, 'A_repulsion': 0.4115984242293331, 'gamma': 0.48190123442267624, 'sigma_update': 0.1320804114481457, 'eta_learning': 0.45095242128906016, 'sigma_boundary': 5.440069862806122, 'alpha': 0.560124699255668}. Best is trial 20 with value: 0.021634679990854996.
[I 2026-03-25 08:48:43,728] Trial 115 finished with value: 0.04307476827702344 and parameters: {'sigma_noise': 0.1624707892074954, 'A_repulsion': 0.09546345775823675, 'gamma': 0.7280182761724894, 'sigma_update': 0.2904791904425108, 'eta_learning': 0.44046608231175316, 'sigma_boundary': 6.1258060684083855, 'alpha': 0.6513755975833603}. Best is trial 20 with value: 0.021634679990854996.
[I 2026-03-25 08:48:50,030] Trial 120 finished with value: 0.04642635698251974 and parameters: {'sigma_noise': 0.0678047173064665, 'A_repulsion': 0.20937067733944137, 'gamma': 0.40097934807966257, 'sigma_update': 0.4079255165594352, 'eta_learning': 0.24703329450527145, 'sigma_boundary': 6.022973157858232, 'alpha': 0.8179704474949563}. Best is trial 20 with value: 0.021634679990854996.
[I 2026-03-25 08:48:51,479] Trial 116 finished with value: 0.03603705137781903 and parameters: {'sigma_noise': 0.1662748816158593, 'A_repulsion': 0.145757347745663, 'gamma': 0.36572725190945854, 'sigma_update': 0.1750281153555154, 'eta_learning': 0.4040518262270037, 'sigma_boundary': 4.0183996734563685, 'alpha': 0.6081430556159104}. Best is trial 20 with value: 0.021634679990854996.
[I 2026-03-25 08:48:55,232] Trial 117 finished with value: 0.0670293229065825 and parameters: {'sigma_noise': 0.188551955985506, 'A_repulsion': 0.1642473340867796, 'gamma': 0.48283001027506917, 'sigma_update': 0.34039684820913507, 'eta_learning': 0.4022567924053057, 'sigma_boundary': 7.249407223777046, 'alpha': 0.5556831662519341}. Best is trial 20 with value: 0.021634679990854996.
[I 2026-03-25 08:49:01,659] Trial 119 finished with value: 0.023542891208761355 and parameters: {'sigma_noise': 0.15556071899752177, 'A_repulsion': 0.2665357341670778, 'gamma': 0.3914601239273294, 'sigma_update': 0.25739484481497193, 'eta_learning': 0.684106190518049, 'sigma_boundary': 5.840526719113739, 'alpha': 0.932763114948914}. Best is trial 20 with value: 0.021634679990854996.
[I 2026-03-25 08:49:02,362] Trial 118 finished with value: 0.034304481378330066 and parameters: {'sigma_noise': 0.1996320287039196, 'A_repulsion': 0.20641611625564782, 'gamma': 0.22702952380028502, 'sigma_update': 0.1654432877924068, 'eta_learning': 0.3007912058985254, 'sigma_boundary': 6.826366956006788, 'alpha': 0.91686241099817}. Best is trial 20 with value: 0.021634679990854996.
[I 2026-03-25 08:49:16,286] Trial 128 finished with value: 0.026923996638654087 and parameters: {'sigma_noise': 0.1563172784789731, 'A_repulsion': 0.32744916825207315, 'gamma': 0.414296096925823, 'sigma_update': 0.16960033020495818, 'eta_learning': 0.2000663930009207, 'sigma_boundary': 6.260842806868029, 'alpha': 0.6420539088457385}. Best is trial 20 with value: 0.021634679990854996.
[I 2026-03-25 08:49:17,512] Trial 122 finished with value: 0.022604076812690485 and parameters: {'sigma_noise': 0.18819401376907863, 'A_repulsion': 0.3873181951236656, 'gamma': 0.3997762883233314, 'sigma_update': 0.19605662622624595, 'eta_learning': 0.4086400465708661, 'sigma_boundary': 6.065943394820344, 'alpha': 0.8760102011766074}. Best is trial 20 with value: 0.021634679990854996.
[I 2026-03-25 08:49:19,160] Trial 121 finished with value: 0.045005936326006614 and parameters: {'sigma_noise': 0.2815543634792583, 'A_repulsion': 0.3187977595221594, 'gamma': 0.22378195979648494, 'sigma_update': 0.12689271317587933, 'eta_learning': 0.34930977851464956, 'sigma_boundary': 9.595964399711212, 'alpha': 0.9444920377329191}. Best is trial 20 with value: 0.021634679990854996.
[I 2026-03-25 08:49:19,664] Trial 126 finished with value: 0.027470772039192473 and parameters: {'sigma_noise': 0.12727789648413831, 'A_repulsion': 0.36458942786863696, 'gamma': 0.3992451031595359, 'sigma_update': 0.19235078012387063, 'eta_learning': 0.36328356929975913, 'sigma_boundary': 8.805948507581563, 'alpha': 0.9021174327084959}. Best is trial 20 with value: 0.021634679990854996.
[I 2026-03-25 08:49:20,793] Trial 123 finished with value: 0.031126753841136487 and parameters: {'sigma_noise': 0.22649059153149617, 'A_repulsion': 0.288072221410702, 'gamma': 0.6016623884761788, 'sigma_update': 0.08823198159115585, 'eta_learning': 0.3339048290376553, 'sigma_boundary': 7.566050791658633, 'alpha': 0.7830579875225776}. Best is trial 20 with value: 0.021634679990854996.
[I 2026-03-25 08:49:22,106] Trial 124 finished with value: 0.031534892960948406 and parameters: {'sigma_noise': 0.1626639489590117, 'A_repulsion': 0.39385428236089703, 'gamma': 0.47884387780170173, 'sigma_update': 0.30965525363499397, 'eta_learning': 0.5237300891813343, 'sigma_boundary': 7.158978151404961, 'alpha': 0.89185664922123}. Best is trial 20 with value: 0.021634679990854996.
[I 2026-03-25 08:49:24,795] Trial 125 finished with value: 0.02190744944802247 and parameters: {'sigma_noise': 0.19070389045877376, 'A_repulsion': 0.30816765185763473, 'gamma': 0.4081258297589346, 'sigma_update': 0.17412659612659048, 'eta_learning': 0.4265389139936928, 'sigma_boundary': 3.713262515364205, 'alpha': 0.774213533880185}. Best is trial 20 with value: 0.021634679990854996.
[I 2026-03-25 08:49:24,946] Trial 131 finished with value: 0.034333749971199305 and parameters: {'sigma_noise': 0.12173326695036285, 'A_repulsion': 0.21574926238273423, 'gamma': 0.5288977073226947, 'sigma_update': 0.21897274185442164, 'eta_learning': 0.2062207863960052, 'sigma_boundary': 6.4700785219959025, 'alpha': 0.9777796342916664}. Best is trial 20 with value: 0.021634679990854996.
[I 2026-03-25 08:49:28,284] Trial 130 finished with value: 0.03189456599382473 and parameters: {'sigma_noise': 0.2522743008762237, 'A_repulsion': 0.2554694292586813, 'gamma': 0.3826167360116241, 'sigma_update': 0.1832202294070725, 'eta_learning': 0.6832763252024808, 'sigma_boundary': 8.949767023365565, 'alpha': 0.7813489892594616}. Best is trial 20 with value: 0.021634679990854996.
[I 2026-03-25 08:49:30,949] Trial 132 finished with value: 0.045053228745483495 and parameters: {'sigma_noise': 0.2310546966820807, 'A_repulsion': 0.17044829073556222, 'gamma': 0.5817573956679009, 'sigma_update': 0.3594069233457855, 'eta_learning': 0.36630669880060807, 'sigma_boundary': 6.612031941621427, 'alpha': 0.7243492115916517}. Best is trial 20 with value: 0.021634679990854996.
[I 2026-03-25 08:49:33,657] Trial 129 finished with value: 0.02784631225111352 and parameters: {'sigma_noise': 0.23882312071323109, 'A_repulsion': 0.3074355727251699, 'gamma': 0.42103033651763666, 'sigma_update': 0.23325604514341414, 'eta_learning': 0.5970558529675076, 'sigma_boundary': 4.593894478818281, 'alpha': 0.6882717240022983}. Best is trial 20 with value: 0.021634679990854996.
[I 2026-03-25 08:49:34,317] Trial 127 finished with value: 0.052586172798477306 and parameters: {'sigma_noise': 0.2311295879441322, 'A_repulsion': 0.2828223309611847, 'gamma': 0.23977267973943622, 'sigma_update': 0.1266263334358394, 'eta_learning': 0.5128426073766711, 'sigma_boundary': 5.527279359924524, 'alpha': 0.784219168002775}. Best is trial 20 with value: 0.021634679990854996.
[I 2026-03-25 08:49:34,797] Trial 134 finished with value: 0.026750080151160528 and parameters: {'sigma_noise': 0.1905884274436434, 'A_repulsion': 0.22004444406428592, 'gamma': 0.3350509908126823, 'sigma_update': 0.2910257020842598, 'eta_learning': 0.6075084066287638, 'sigma_boundary': 8.39707415653508, 'alpha': 0.895991523794976}. Best is trial 20 with value: 0.021634679990854996.
[I 2026-03-25 08:49:35,535] Trial 133 finished with value: 0.03143436842806539 and parameters: {'sigma_noise': 0.22850875416966696, 'A_repulsion': 0.279555640068457, 'gamma': 0.27678488801830503, 'sigma_update': 0.33002098378109657, 'eta_learning': 0.2715014026510836, 'sigma_boundary': 8.3487172188976, 'alpha': 0.7790767041016983}. Best is trial 20 with value: 0.021634679990854996.
[I 2026-03-25 08:49:43,371] Trial 136 finished with value: 0.030380527097798184 and parameters: {'sigma_noise': 0.13871285063033834, 'A_repulsion': 0.2426428795347895, 'gamma': 0.6452123495012196, 'sigma_update': 0.19212713736304915, 'eta_learning': 0.40848836946781875, 'sigma_boundary': 6.9172236549515365, 'alpha': 0.9382574394730148}. Best is trial 20 with value: 0.021634679990854996.
[I 2026-03-25 08:49:49,549] Trial 135 finished with value: 0.02641490123028719 and parameters: {'sigma_noise': 0.23665729303742858, 'A_repulsion': 0.31760401721018444, 'gamma': 0.6183371361196867, 'sigma_update': 0.13223774114310535, 'eta_learning': 0.410300306740078, 'sigma_boundary': 6.456179024943161, 'alpha': 0.7703355567265078}. Best is trial 20 with value: 0.021634679990854996.
[I 2026-03-25 08:49:54,634] Trial 137 finished with value: 0.025202032571929503 and parameters: {'sigma_noise': 0.13484670081120625, 'A_repulsion': 0.4157953674242952, 'gamma': 0.33227602596216405, 'sigma_update': 0.2074431263327022, 'eta_learning': 0.4407331567595325, 'sigma_boundary': 6.52034043889159, 'alpha': 0.6910711436025082}. Best is trial 20 with value: 0.021634679990854996.
[I 2026-03-25 08:49:57,081] Trial 139 finished with value: 0.024786627508540597 and parameters: {'sigma_noise': 0.21157982740861397, 'A_repulsion': 0.23329122820300588, 'gamma': 0.6012456690196728, 'sigma_update': 0.3422610745200098, 'eta_learning': 0.38033512594488, 'sigma_boundary': 5.093154224610257, 'alpha': 0.9188356887764813}. Best is trial 20 with value: 0.021634679990854996.
[I 2026-03-25 08:49:57,533] Trial 138 finished with value: 0.032035253787620246 and parameters: {'sigma_noise': 0.25527434197695315, 'A_repulsion': 0.28541797533014873, 'gamma': 0.7914724682844189, 'sigma_update': 0.18698344691701463, 'eta_learning': 0.49409214869656465, 'sigma_boundary': 7.9309515342885835, 'alpha': 0.6950845305923704}. Best is trial 20 with value: 0.021634679990854996.
[I 2026-03-25 08:50:02,706] Trial 140 finished with value: 0.061697026020930135 and parameters: {'sigma_noise': 0.30152603159414004, 'A_repulsion': 0.09184201491439367, 'gamma': 0.12582141452521942, 'sigma_update': 0.29062931449966495, 'eta_learning': 0.29804611819691357, 'sigma_boundary': 5.202116803374333, 'alpha': 0.6405783175129143}. Best is trial 20 with value: 0.021634679990854996.
[I 2026-03-25 08:50:10,649] Trial 141 finished with value: 0.05204164759410848 and parameters: {'sigma_noise': 0.23141911318436426, 'A_repulsion': 0.19672290542822135, 'gamma': 0.22127802707402827, 'sigma_update': 0.09772729291273073, 'eta_learning': 0.4617495469912011, 'sigma_boundary': 8.210220003155454, 'alpha': 0.7963494194458153}. Best is trial 20 with value: 0.021634679990854996.
[I 2026-03-25 08:50:11,025] Trial 142 finished with value: 0.025908474392220163 and parameters: {'sigma_noise': 0.26034293411929543, 'A_repulsion': 0.23714042744543384, 'gamma': 0.5638186418783919, 'sigma_update': 0.27922057982118087, 'eta_learning': 0.2327284906464495, 'sigma_boundary': 8.412507265372327, 'alpha': 0.7470992267166137}. Best is trial 20 with value: 0.021634679990854996.
[I 2026-03-25 08:50:15,854] Trial 144 finished with value: 0.05415792937603899 and parameters: {'sigma_noise': 0.21603450236112628, 'A_repulsion': 0.2270502443168374, 'gamma': 0.1622637157984508, 'sigma_update': 0.10871918020407789, 'eta_learning': 0.5267032220686115, 'sigma_boundary': 6.122552150147616, 'alpha': 0.9614126447869301}. Best is trial 20 with value: 0.021634679990854996.
[I 2026-03-25 08:50:21,996] Trial 148 finished with value: 0.05207538078641154 and parameters: {'sigma_noise': 0.061232326393247855, 'A_repulsion': 0.2157823256675066, 'gamma': 0.312816566190916, 'sigma_update': 0.05311987480980557, 'eta_learning': 0.35790135955484353, 'sigma_boundary': 7.744246517151488, 'alpha': 0.9795392850659476}. Best is trial 20 with value: 0.021634679990854996.
[I 2026-03-25 08:50:24,328] Trial 151 finished with value: 0.029153986617637424 and parameters: {'sigma_noise': 0.09592475088274431, 'A_repulsion': 0.3607288117515219, 'gamma': 0.40783335579931174, 'sigma_update': 0.33039687609176704, 'eta_learning': 0.252910580840896, 'sigma_boundary': 6.336223228745341, 'alpha': 0.8780687588269963}. Best is trial 20 with value: 0.021634679990854996.
[I 2026-03-25 08:50:28,210] Trial 145 finished with value: 0.04379053084431302 and parameters: {'sigma_noise': 0.24312897275749518, 'A_repulsion': 0.28431368444645644, 'gamma': 0.16963801064401582, 'sigma_update': 0.292248139585978, 'eta_learning': 0.4559506314471354, 'sigma_boundary': 9.2383166480763, 'alpha': 0.6411741764909784}. Best is trial 20 with value: 0.021634679990854996.
[I 2026-03-25 08:50:28,825] Trial 147 finished with value: 0.023859957026329624 and parameters: {'sigma_noise': 0.1814338479158196, 'A_repulsion': 0.22380752867645926, 'gamma': 0.3507335353212418, 'sigma_update': 0.17509484099568481, 'eta_learning': 0.6517751294360252, 'sigma_boundary': 6.0924814818448745, 'alpha': 0.9871886620313595}. Best is trial 20 with value: 0.021634679990854996.
[I 2026-03-25 08:50:30,107] Trial 146 finished with value: 0.03195095574768338 and parameters: {'sigma_noise': 0.19025756511698375, 'A_repulsion': 0.23489225398256158, 'gamma': 0.26561576910049345, 'sigma_update': 0.27043341071664256, 'eta_learning': 0.5035864381808687, 'sigma_boundary': 6.674718358669135, 'alpha': 0.7047984699731916}. Best is trial 20 with value: 0.021634679990854996.
[I 2026-03-25 08:50:32,666] Trial 143 finished with value: 0.04725554226538308 and parameters: {'sigma_noise': 0.2950674706221277, 'A_repulsion': 0.4433240782674341, 'gamma': 0.5082303596588413, 'sigma_update': 0.32334801960323145, 'eta_learning': 0.2280725244624963, 'sigma_boundary': 6.086213123581924, 'alpha': 0.5543064454385574}. Best is trial 20 with value: 0.021634679990854996.
[I 2026-03-25 08:50:32,711] Trial 158 finished with value: 0.0424735018829302 and parameters: {'sigma_noise': 0.06002967926412412, 'A_repulsion': 0.29557551619154565, 'gamma': 0.4284214120485063, 'sigma_update': 0.33615953956937605, 'eta_learning': 0.11493256060116976, 'sigma_boundary': 6.9395266195245044, 'alpha': 0.72000169864406}. Best is trial 20 with value: 0.021634679990854996.
[I 2026-03-25 08:50:35,060] Trial 152 finished with value: 0.026494165163307794 and parameters: {'sigma_noise': 0.17767971562186202, 'A_repulsion': 0.33438488505500935, 'gamma': 0.4382202674085559, 'sigma_update': 0.2780739869487095, 'eta_learning': 0.4876672243878299, 'sigma_boundary': 7.6115134534934015, 'alpha': 0.7364650523321707}. Best is trial 20 with value: 0.021634679990854996.
[I 2026-03-25 08:50:38,367] Trial 149 finished with value: 0.062169628127759655 and parameters: {'sigma_noise': 0.22320395616634442, 'A_repulsion': 0.2727147860059174, 'gamma': 0.3692281369858861, 'sigma_update': 0.054642856455871566, 'eta_learning': 0.7219735098958578, 'sigma_boundary': 6.221088417230496, 'alpha': 0.5202190220810549}. Best is trial 20 with value: 0.021634679990854996.
[I 2026-03-25 08:50:43,292] Trial 150 finished with value: 0.04868382470568527 and parameters: {'sigma_noise': 0.1880550203298562, 'A_repulsion': 0.4522343258589372, 'gamma': 0.4024605201696021, 'sigma_update': 0.05981132304138265, 'eta_learning': 0.5901703344085755, 'sigma_boundary': 5.887746873052615, 'alpha': 0.7500851678714836}. Best is trial 20 with value: 0.021634679990854996.
[I 2026-03-25 08:50:45,745] Trial 155 finished with value: 0.07576995850497138 and parameters: {'sigma_noise': 0.16557969460936628, 'A_repulsion': 0.25764927100963597, 'gamma': 0.36105132674353074, 'sigma_update': 0.0374227778328536, 'eta_learning': 0.38381829046792404, 'sigma_boundary': 6.909737547707601, 'alpha': 0.749512409369439}. Best is trial 20 with value: 0.021634679990854996.
[I 2026-03-25 08:50:47,482] Trial 154 finished with value: 0.03555302583622071 and parameters: {'sigma_noise': 0.22593971793541331, 'A_repulsion': 0.3180906964295444, 'gamma': 0.43713445614845636, 'sigma_update': 0.4186938324341704, 'eta_learning': 0.3223950923864122, 'sigma_boundary': 4.080565547541175, 'alpha': 0.9160427284583721}. Best is trial 20 with value: 0.021634679990854996.
[I 2026-03-25 08:50:49,205] Trial 156 finished with value: 0.09793068208687025 and parameters: {'sigma_noise': 0.2953081980040574, 'A_repulsion': 0.21441644400265714, 'gamma': 0.5831788642673762, 'sigma_update': 0.46137824175299746, 'eta_learning': 0.49148203502395643, 'sigma_boundary': 6.62249536806863, 'alpha': 0.6154474898199526}. Best is trial 20 with value: 0.021634679990854996.
[I 2026-03-25 08:50:52,476] Trial 153 finished with value: 0.2092860250429244 and parameters: {'sigma_noise': 0.21343672113800932, 'A_repulsion': 0.3234175776509333, 'gamma': 0.06038600212107507, 'sigma_update': 0.013196792278003123, 'eta_learning': 0.23439033724817918, 'sigma_boundary': 6.121974978025036, 'alpha': 0.5287869056494312}. Best is trial 20 with value: 0.021634679990854996.
[I 2026-03-25 08:50:54,196] Trial 157 finished with value: 0.0390676932187497 and parameters: {'sigma_noise': 0.29893073776325657, 'A_repulsion': 0.337160087197094, 'gamma': 0.649047257601373, 'sigma_update': 0.27819371912115226, 'eta_learning': 0.423634799506697, 'sigma_boundary': 4.519070480994078, 'alpha': 0.7878933019974163}. Best is trial 20 with value: 0.021634679990854996.
[I 2026-03-25 08:50:54,816] Trial 161 finished with value: 0.03281038450494926 and parameters: {'sigma_noise': 0.07746496825702051, 'A_repulsion': 0.27835466387550506, 'gamma': 0.26682679981131574, 'sigma_update': 0.08943770920168566, 'eta_learning': 0.5823013441002104, 'sigma_boundary': 3.69821116493324, 'alpha': 0.7464606633345002}. Best is trial 20 with value: 0.021634679990854996.
[I 2026-03-25 08:50:57,201] Trial 159 finished with value: 0.05188924436789608 and parameters: {'sigma_noise': 0.19843679433238307, 'A_repulsion': 0.31820323459376626, 'gamma': 0.35223315239354513, 'sigma_update': 0.0757678582576003, 'eta_learning': 0.4979970115587589, 'sigma_boundary': 1.1605698979533823, 'alpha': 0.6685909079073716}. Best is trial 20 with value: 0.021634679990854996.
[I 2026-03-25 08:51:01,585] Trial 160 finished with value: 0.054751165205014315 and parameters: {'sigma_noise': 0.13636957809556277, 'A_repulsion': 0.3512797672925419, 'gamma': 0.4283549568925852, 'sigma_update': 0.08035806810620447, 'eta_learning': 0.41087992549806773, 'sigma_boundary': 5.4438459231368705, 'alpha': 0.8415181365289557}. Best is trial 20 with value: 0.021634679990854996.
[I 2026-03-25 08:51:06,063] Trial 163 finished with value: 0.04421585109743612 and parameters: {'sigma_noise': 0.140953695533432, 'A_repulsion': 0.2856037458420153, 'gamma': 0.200832831952004, 'sigma_update': 0.36839127523126397, 'eta_learning': 0.48340813580955255, 'sigma_boundary': 6.026957798322226, 'alpha': 0.9025221306385027}. Best is trial 20 with value: 0.021634679990854996.
[I 2026-03-25 08:51:07,620] Trial 162 finished with value: 0.05526817912989469 and parameters: {'sigma_noise': 0.225135489922828, 'A_repulsion': 0.29449570744817904, 'gamma': 0.257411695637553, 'sigma_update': 0.34415514325074353, 'eta_learning': 0.36921125988870973, 'sigma_boundary': 3.9375882822898474, 'alpha': 0.7374261157397841}. Best is trial 20 with value: 0.021634679990854996.
[I 2026-03-25 08:51:11,810] Trial 164 finished with value: 0.028280532126743627 and parameters: {'sigma_noise': 0.14920967861875933, 'A_repulsion': 0.35267600534739435, 'gamma': 0.12392322496364853, 'sigma_update': 0.20366261233234123, 'eta_learning': 0.5779611831699251, 'sigma_boundary': 1.7859093259553072, 'alpha': 0.6529242625988194}. Best is trial 20 with value: 0.021634679990854996.
[I 2026-03-25 08:51:14,254] Trial 165 finished with value: 0.03808011359451042 and parameters: {'sigma_noise': 0.13137122993122952, 'A_repulsion': 0.49985114635417066, 'gamma': 0.1430032514659083, 'sigma_update': 0.15863840065973153, 'eta_learning': 0.6549517672896451, 'sigma_boundary': 4.680325106978596, 'alpha': 0.9420580260015303}. Best is trial 20 with value: 0.021634679990854996.
[I 2026-03-25 08:51:21,203] Trial 166 finished with value: 0.03508201024683173 and parameters: {'sigma_noise': 0.19985669795544542, 'A_repulsion': 0.21830703629047538, 'gamma': 0.40766526556196914, 'sigma_update': 0.08429583720756793, 'eta_learning': 0.3423012527586415, 'sigma_boundary': 2.5541429804437907, 'alpha': 0.7786123815991794}. Best is trial 20 with value: 0.021634679990854996.
[I 2026-03-25 08:51:24,068] Trial 167 finished with value: 0.024371755513748147 and parameters: {'sigma_noise': 0.18160574729826048, 'A_repulsion': 0.2518838155597895, 'gamma': 0.26862057729868866, 'sigma_update': 0.17450556827634184, 'eta_learning': 0.21937336273559593, 'sigma_boundary': 2.850826633293473, 'alpha': 0.8840706864875059}. Best is trial 20 with value: 0.021634679990854996.
