[I 2026-03-25 08:42:34,110] A new study created in memory with name: no-name-86597035-bfc8-4592-9f61-7297d2b11dce
[I 2026-03-25 08:43:25,807] Trial 7 finished with value: 0.0493006837866804 and parameters: {'sigma_noise': 0.025197423836880756, 'A_repulsion': 0.07855254982934717, 'gamma': 0.14564480917317613, 'sigma_update': 0.503247359777158, 'eta_learning': 0.4805335934034675, 'sigma_boundary': 4.508327068098534, 'alpha': 0.7221147863505307}. Best is trial 7 with value: 0.0493006837866804.
[I 2026-03-25 08:43:26,551] Trial 1 finished with value: 0.037423511043209366 and parameters: {'sigma_noise': 0.09207433912039331, 'A_repulsion': 0.05264007202204246, 'gamma': 0.05898876283601093, 'sigma_update': 0.06698404402941811, 'eta_learning': 0.5907794594308642, 'sigma_boundary': 2.1817239198291922, 'alpha': 0.8177140592053497}. Best is trial 1 with value: 0.037423511043209366.
[I 2026-03-25 08:43:27,307] Trial 16 finished with value: 0.12900998359271518 and parameters: {'sigma_noise': 0.12014403588302251, 'A_repulsion': 0.04402994425051121, 'gamma': 0.7023360519633308, 'sigma_update': 0.6194041045088589, 'eta_learning': 0.9305401037760234, 'sigma_boundary': 6.876901664807756, 'alpha': 0.48879793057754994}. Best is trial 1 with value: 0.037423511043209366.
[I 2026-03-25 08:43:27,569] Trial 4 finished with value: 0.043623934755206345 and parameters: {'sigma_noise': 0.0721721891566031, 'A_repulsion': 0.149891747158593, 'gamma': 0.6466484320416327, 'sigma_update': 0.34011567662816306, 'eta_learning': 0.602619180666592, 'sigma_boundary': 0.35101349899795786, 'alpha': 0.43532438549823005}. Best is trial 1 with value: 0.037423511043209366.
[I 2026-03-25 08:43:30,857] Trial 11 finished with value: 0.0380106143799419 and parameters: {'sigma_noise': 0.13169843565416575, 'A_repulsion': 0.08313565776227871, 'gamma': 0.5241190503789706, 'sigma_update': 0.10862515337965556, 'eta_learning': 0.27129873196207593, 'sigma_boundary': 3.192487852174331, 'alpha': 0.375981002095221}. Best is trial 1 with value: 0.037423511043209366.
[I 2026-03-25 08:43:34,172] Trial 3 finished with value: 0.07622235806655255 and parameters: {'sigma_noise': 0.20259991994766902, 'A_repulsion': 0.0445942161753527, 'gamma': 0.9716593202148768, 'sigma_update': 0.3142383548102925, 'eta_learning': 0.5743726177879386, 'sigma_boundary': 3.5834651959167076, 'alpha': 0.428108248725409}. Best is trial 1 with value: 0.037423511043209366.
[I 2026-03-25 08:43:35,043] Trial 22 finished with value: 0.10257823281695769 and parameters: {'sigma_noise': 0.15107844958794667, 'A_repulsion': 0.10927902863947414, 'gamma': 0.6957859589778094, 'sigma_update': 0.35671273481100557, 'eta_learning': 0.4413998123380553, 'sigma_boundary': 5.4097995475696505, 'alpha': 0.349845826008631}. Best is trial 1 with value: 0.037423511043209366.
[I 2026-03-25 08:43:36,060] Trial 6 finished with value: 0.08254687138363706 and parameters: {'sigma_noise': 0.04842177301281283, 'A_repulsion': 0.3192990720789615, 'gamma': 0.5858247198551976, 'sigma_update': 0.10246034749064722, 'eta_learning': 0.8677331298819982, 'sigma_boundary': 4.108168843020797, 'alpha': 0.2793503493096531}. Best is trial 1 with value: 0.037423511043209366.
[I 2026-03-25 08:43:36,288] Trial 13 finished with value: 0.040069724164261356 and parameters: {'sigma_noise': 0.04774379200147471, 'A_repulsion': 0.44755883718771333, 'gamma': 0.034742591592629525, 'sigma_update': 0.48015724390089587, 'eta_learning': 0.14070681677699207, 'sigma_boundary': 3.0861567768303693, 'alpha': 0.26459884850027837}. Best is trial 1 with value: 0.037423511043209366.
[I 2026-03-25 08:43:37,280] Trial 12 finished with value: 0.07863968094797975 and parameters: {'sigma_noise': 0.1281675641405944, 'A_repulsion': 0.15666596365371782, 'gamma': 0.430253387165495, 'sigma_update': 0.5072282406095556, 'eta_learning': 0.465070667137003, 'sigma_boundary': 6.998301824473965, 'alpha': 0.5453318127477085}. Best is trial 1 with value: 0.037423511043209366.
[I 2026-03-25 08:43:39,857] Trial 23 finished with value: 0.18406105921343435 and parameters: {'sigma_noise': 0.13861323386160423, 'A_repulsion': 0.25445274165658777, 'gamma': 0.18196205900427057, 'sigma_update': 0.612726767614019, 'eta_learning': 0.7778558712717816, 'sigma_boundary': 7.140367057192356, 'alpha': 0.4730405010504646}. Best is trial 1 with value: 0.037423511043209366.
[I 2026-03-25 08:43:40,108] Trial 5 finished with value: 0.4606665179353852 and parameters: {'sigma_noise': 0.14757753510555727, 'A_repulsion': 0.22909934722852515, 'gamma': 0.8197657492698975, 'sigma_update': 0.27427707535545504, 'eta_learning': 0.5588575379401376, 'sigma_boundary': 4.681335269043648, 'alpha': 0.0721712522121799}. Best is trial 1 with value: 0.037423511043209366.
[I 2026-03-25 08:43:42,771] Trial 18 finished with value: 0.12228605385953671 and parameters: {'sigma_noise': 0.1361717286021223, 'A_repulsion': 0.22308469589366808, 'gamma': 0.5363407679068316, 'sigma_update': 0.30872301605435615, 'eta_learning': 0.5607235337949826, 'sigma_boundary': 5.62567812114998, 'alpha': 0.304973139259723}. Best is trial 1 with value: 0.037423511043209366.
[I 2026-03-25 08:43:43,049] Trial 15 finished with value: 0.5614697354860527 and parameters: {'sigma_noise': 0.09260832111222299, 'A_repulsion': 0.33960437073026195, 'gamma': 0.9453548321519489, 'sigma_update': 0.3563788481385608, 'eta_learning': 0.8763923060932185, 'sigma_boundary': 6.991709396575527, 'alpha': 0.024161206045481443}. Best is trial 1 with value: 0.037423511043209366.
[I 2026-03-25 08:43:45,647] Trial 0 finished with value: 0.03057228723586731 and parameters: {'sigma_noise': 0.2513868116357463, 'A_repulsion': 0.23530421183381434, 'gamma': 0.702155762392963, 'sigma_update': 0.6483725592081101, 'eta_learning': 0.05260249244457804, 'sigma_boundary': 0.5557116060807566, 'alpha': 0.743715290446498}. Best is trial 0 with value: 0.03057228723586731.
[I 2026-03-25 08:43:48,313] Trial 19 finished with value: 0.04978989709834933 and parameters: {'sigma_noise': 0.09842065873089564, 'A_repulsion': 0.4747062907156535, 'gamma': 0.27952769199053956, 'sigma_update': 0.4312719080580359, 'eta_learning': 0.8280186479028425, 'sigma_boundary': 0.019980135541965056, 'alpha': 0.4998107219998932}. Best is trial 0 with value: 0.03057228723586731.
[I 2026-03-25 08:43:50,566] Trial 20 finished with value: 0.021634679990854996 and parameters: {'sigma_noise': 0.1613076629405445, 'A_repulsion': 0.4863071924752223, 'gamma': 0.136215060247274, 'sigma_update': 0.2620540203253099, 'eta_learning': 0.17689105745833747, 'sigma_boundary': 0.7513643545571301, 'alpha': 0.36673023579524733}. Best is trial 20 with value: 0.021634679990854996.
[I 2026-03-25 08:43:53,366] Trial 14 finished with value: 0.09513218775742628 and parameters: {'sigma_noise': 0.2927561613416112, 'A_repulsion': 0.274951564727687, 'gamma': 0.367486448127631, 'sigma_update': 0.44460110986239254, 'eta_learning': 0.47568427467471114, 'sigma_boundary': 2.849313903581551, 'alpha': 0.7541094371769449}. Best is trial 20 with value: 0.021634679990854996.
[I 2026-03-25 08:43:54,442] Trial 9 finished with value: 0.15191703388283054 and parameters: {'sigma_noise': 0.4238277365513619, 'A_repulsion': 0.06642479348294994, 'gamma': 0.4529065252265034, 'sigma_update': 0.5752365288679115, 'eta_learning': 0.038979950745233014, 'sigma_boundary': 3.52978714548873, 'alpha': 0.9874740702679989}. Best is trial 20 with value: 0.021634679990854996.
[I 2026-03-25 08:43:55,790] Trial 21 finished with value: 0.13018736092925093 and parameters: {'sigma_noise': 0.24494825391768524, 'A_repulsion': 0.29868710783294905, 'gamma': 0.14494101760662567, 'sigma_update': 0.41411811826509687, 'eta_learning': 0.9963214040189955, 'sigma_boundary': 2.410780521402622, 'alpha': 0.4688738935719843}. Best is trial 20 with value: 0.021634679990854996.
[I 2026-03-25 08:43:57,740] Trial 10 finished with value: 0.08580960218299662 and parameters: {'sigma_noise': 0.35838268568108234, 'A_repulsion': 0.16444329666452723, 'gamma': 0.29596708299703683, 'sigma_update': 0.3570504135698792, 'eta_learning': 0.141898028454458, 'sigma_boundary': 9.32430873064489, 'alpha': 0.3944822114562776}. Best is trial 20 with value: 0.021634679990854996.
[I 2026-03-25 08:44:07,569] Trial 17 finished with value: 0.09296028466392747 and parameters: {'sigma_noise': 0.3899786293057154, 'A_repulsion': 0.17785778764447557, 'gamma': 0.6283064902779285, 'sigma_update': 0.12732031553022466, 'eta_learning': 0.9935542621218404, 'sigma_boundary': 0.2893100133522917, 'alpha': 0.9974410040100733}. Best is trial 20 with value: 0.021634679990854996.
[I 2026-03-25 08:44:13,611] Trial 8 finished with value: 0.09430442117560198 and parameters: {'sigma_noise': 0.439775650465563, 'A_repulsion': 0.27631687455142434, 'gamma': 0.8934294779769821, 'sigma_update': 0.2081368067774373, 'eta_learning': 0.17218222179865372, 'sigma_boundary': 1.6183300667693998, 'alpha': 0.4475851313262984}. Best is trial 20 with value: 0.021634679990854996.
[I 2026-03-25 08:44:19,608] Trial 2 finished with value: 0.1141142138997709 and parameters: {'sigma_noise': 0.4328565205835655, 'A_repulsion': 0.31112403785254455, 'gamma': 0.26147031180759284, 'sigma_update': 0.09172645327608109, 'eta_learning': 0.17302103303998834, 'sigma_boundary': 1.8764423225259557, 'alpha': 0.8613834188679559}. Best is trial 20 with value: 0.021634679990854996.
[I 2026-03-25 08:44:38,209] Trial 24 finished with value: 0.14086733936269963 and parameters: {'sigma_noise': 0.2217869606803268, 'A_repulsion': 0.194340365369029, 'gamma': 0.7272529847517356, 'sigma_update': 0.36279873666203, 'eta_learning': 0.5034556773170027, 'sigma_boundary': 5.554943244834428, 'alpha': 0.359978469940623}. Best is trial 20 with value: 0.021634679990854996.
[I 2026-03-25 08:44:40,811] Trial 26 finished with value: 0.07075423813943513 and parameters: {'sigma_noise': 0.24598648364745546, 'A_repulsion': 0.15792977408060369, 'gamma': 0.3388683444448122, 'sigma_update': 0.347501433185372, 'eta_learning': 0.4260516888933252, 'sigma_boundary': 7.493845683802453, 'alpha': 0.7075176153263797}. Best is trial 20 with value: 0.021634679990854996.
[I 2026-03-25 08:44:41,679] Trial 32 finished with value: 0.08045786025306227 and parameters: {'sigma_noise': 0.20252147306512633, 'A_repulsion': 0.1921011705141805, 'gamma': 0.29825356669410025, 'sigma_update': 0.46240882718962417, 'eta_learning': 0.33329635189944573, 'sigma_boundary': 6.078935494936968, 'alpha': 0.654641968141412}. Best is trial 20 with value: 0.021634679990854996.
[I 2026-03-25 08:44:43,021] Trial 31 finished with value: 0.09380879371861836 and parameters: {'sigma_noise': 0.20512218777568436, 'A_repulsion': 0.15897494302579218, 'gamma': 0.6167968846081254, 'sigma_update': 0.562024821804441, 'eta_learning': 0.2381295178272655, 'sigma_boundary': 5.01661022364769, 'alpha': 0.4538339290098883}. Best is trial 20 with value: 0.021634679990854996.
[I 2026-03-25 08:44:47,924] Trial 29 finished with value: 0.11624352005750084 and parameters: {'sigma_noise': 0.16561067505935706, 'A_repulsion': 0.339019724672208, 'gamma': 0.4591110459845926, 'sigma_update': 0.28965065291252495, 'eta_learning': 0.3293048287625842, 'sigma_boundary': 6.445557376759568, 'alpha': 0.27224450678632683}. Best is trial 20 with value: 0.021634679990854996.
[I 2026-03-25 08:44:47,961] Trial 30 finished with value: 0.2522366394922641 and parameters: {'sigma_noise': 0.17435045046934677, 'A_repulsion': 0.262182741496404, 'gamma': 0.786034968312846, 'sigma_update': 0.4605794116551312, 'eta_learning': 0.5674066046463424, 'sigma_boundary': 3.54764411564648, 'alpha': 0.27697002377554686}. Best is trial 20 with value: 0.021634679990854996.
[I 2026-03-25 08:44:49,333] Trial 28 finished with value: 0.10128302987722407 and parameters: {'sigma_noise': 0.2826544929996465, 'A_repulsion': 0.22523356410064824, 'gamma': 0.5888106737081074, 'sigma_update': 0.4146011785488653, 'eta_learning': 0.6099495965565385, 'sigma_boundary': 6.444458460086234, 'alpha': 0.5860519108279841}. Best is trial 20 with value: 0.021634679990854996.
[I 2026-03-25 08:44:52,284] Trial 38 finished with value: 0.044399410690048914 and parameters: {'sigma_noise': 0.15868594932101063, 'A_repulsion': 0.23590847406426085, 'gamma': 0.5406026696996837, 'sigma_update': 0.33855011493922876, 'eta_learning': 0.44893997689230347, 'sigma_boundary': 7.685831317008437, 'alpha': 0.5815478970577772}. Best is trial 20 with value: 0.021634679990854996.
[I 2026-03-25 08:44:52,969] Trial 36 finished with value: 0.07183893232172518 and parameters: {'sigma_noise': 0.2285438191421739, 'A_repulsion': 0.19176388041360323, 'gamma': 0.34222686320974344, 'sigma_update': 0.3450419400529496, 'eta_learning': 0.38353264795441294, 'sigma_boundary': 5.914401792380553, 'alpha': 0.6286284111399911}. Best is trial 20 with value: 0.021634679990854996.
[I 2026-03-25 08:44:55,051] Trial 25 finished with value: 0.5987500028495848 and parameters: {'sigma_noise': 0.29047335399112084, 'A_repulsion': 0.3236660213564523, 'gamma': 0.37897221950676596, 'sigma_update': 0.3582008053664668, 'eta_learning': 0.6388131485883944, 'sigma_boundary': 4.742553196665376, 'alpha': 0.26309925788180333}. Best is trial 20 with value: 0.021634679990854996.
[I 2026-03-25 08:44:57,101] Trial 27 finished with value: 0.18520962168748153 and parameters: {'sigma_noise': 0.3312336593789113, 'A_repulsion': 0.2739403651406558, 'gamma': 0.2563052454541754, 'sigma_update': 0.5761381864781874, 'eta_learning': 0.22810335748347915, 'sigma_boundary': 5.484052755712425, 'alpha': 0.6582766573656573}. Best is trial 20 with value: 0.021634679990854996.
[I 2026-03-25 08:44:57,698] Trial 33 finished with value: 0.05338275373555433 and parameters: {'sigma_noise': 0.31367613206944944, 'A_repulsion': 0.2464895001598551, 'gamma': 0.4938741663234166, 'sigma_update': 0.32001690074140987, 'eta_learning': 0.34276241219236453, 'sigma_boundary': 3.7023256566314577, 'alpha': 0.6758285416029648}. Best is trial 20 with value: 0.021634679990854996.
[I 2026-03-25 08:44:58,582] Trial 37 finished with value: 0.10064777706083912 and parameters: {'sigma_noise': 0.25927435722446257, 'A_repulsion': 0.21132777539154132, 'gamma': 0.5144506666940961, 'sigma_update': 0.5105900377394783, 'eta_learning': 0.4902921040695882, 'sigma_boundary': 3.3734984575126137, 'alpha': 0.693795700185396}. Best is trial 20 with value: 0.021634679990854996.
[I 2026-03-25 08:44:58,677] Trial 34 finished with value: 0.23392093863202174 and parameters: {'sigma_noise': 0.3186616313014796, 'A_repulsion': 0.18367649733211291, 'gamma': 0.2621372166246905, 'sigma_update': 0.2910161928661402, 'eta_learning': 0.23940303651380307, 'sigma_boundary': 2.2863756621207645, 'alpha': 0.21493024877554107}. Best is trial 20 with value: 0.021634679990854996.
[I 2026-03-25 08:44:59,025] Trial 44 finished with value: 0.1709050777422948 and parameters: {'sigma_noise': 0.14076861461951717, 'A_repulsion': 0.1317445158345027, 'gamma': 0.3214153529429731, 'sigma_update': 0.5036341125100778, 'eta_learning': 0.731492053261637, 'sigma_boundary': 5.703030566494908, 'alpha': 0.37329781853446786}. Best is trial 20 with value: 0.021634679990854996.
[I 2026-03-25 08:45:00,185] Trial 39 finished with value: 0.02468129071601262 and parameters: {'sigma_noise': 0.220617179504133, 'A_repulsion': 0.3023710297485997, 'gamma': 0.5643781472365356, 'sigma_update': 0.1395544528961703, 'eta_learning': 0.567621479808735, 'sigma_boundary': 5.6781413984131195, 'alpha': 0.8207160160892015}. Best is trial 20 with value: 0.021634679990854996.
[I 2026-03-25 08:45:03,114] Trial 40 finished with value: 0.18818167737232716 and parameters: {'sigma_noise': 0.23951974141733903, 'A_repulsion': 0.2818565359972528, 'gamma': 0.5984808616960526, 'sigma_update': 0.5465978850376436, 'eta_learning': 0.5612571612663102, 'sigma_boundary': 4.398880449516958, 'alpha': 0.4559591668202945}. Best is trial 20 with value: 0.021634679990854996.
[I 2026-03-25 08:45:07,940] Trial 35 finished with value: 0.11480018216905649 and parameters: {'sigma_noise': 0.3588227022071989, 'A_repulsion': 0.32978585950115624, 'gamma': 0.7852249352529036, 'sigma_update': 0.5023491056458257, 'eta_learning': 0.5448549979224004, 'sigma_boundary': 8.380627401187256, 'alpha': 0.5429771110882785}. Best is trial 20 with value: 0.021634679990854996.
[I 2026-03-25 08:45:08,812] Trial 42 finished with value: 0.19352816848528442 and parameters: {'sigma_noise': 0.2488741153682535, 'A_repulsion': 0.3208998599129514, 'gamma': 0.5387049153164425, 'sigma_update': 0.4531108648282735, 'eta_learning': 0.3608728651891803, 'sigma_boundary': 2.4384227256754354, 'alpha': 0.3529216038375243}. Best is trial 20 with value: 0.021634679990854996.
[I 2026-03-25 08:45:09,390] Trial 43 finished with value: 0.07881802730015788 and parameters: {'sigma_noise': 0.23294337735897952, 'A_repulsion': 0.25385214165153186, 'gamma': 0.3741691101791771, 'sigma_update': 0.12042444444897162, 'eta_learning': 0.7330057510853071, 'sigma_boundary': 1.6966115042317798, 'alpha': 0.3839363409747831}. Best is trial 20 with value: 0.021634679990854996.
[I 2026-03-25 08:45:09,480] Trial 41 finished with value: 0.03196379341656262 and parameters: {'sigma_noise': 0.24286521629127356, 'A_repulsion': 0.22326265094774933, 'gamma': 0.2483024669166915, 'sigma_update': 0.07617534815878244, 'eta_learning': 0.2598687678493193, 'sigma_boundary': 7.024567880699956, 'alpha': 0.3767165135348954}. Best is trial 20 with value: 0.021634679990854996.
[I 2026-03-25 08:45:14,467] Trial 45 finished with value: 0.17834176596083834 and parameters: {'sigma_noise': 0.2682136293555223, 'A_repulsion': 0.1141956419763836, 'gamma': 0.6362512048769202, 'sigma_update': 0.27772831581717466, 'eta_learning': 0.650338459926638, 'sigma_boundary': 5.833190846795745, 'alpha': 0.3300147074279925}. Best is trial 20 with value: 0.021634679990854996.
[I 2026-03-25 08:45:21,949] Trial 47 finished with value: 0.03147730938375413 and parameters: {'sigma_noise': 0.14081041106963324, 'A_repulsion': 0.22806404601058272, 'gamma': 0.3574312056067469, 'sigma_update': 0.17060931534356755, 'eta_learning': 0.742472602521835, 'sigma_boundary': 3.5128744935810197, 'alpha': 0.5532833487637389}. Best is trial 20 with value: 0.021634679990854996.
[I 2026-03-25 08:45:29,655] Trial 46 finished with value: 0.12929631463527724 and parameters: {'sigma_noise': 0.3286767365519599, 'A_repulsion': 0.17036048197872142, 'gamma': 0.46511816921148474, 'sigma_update': 0.4232497908235924, 'eta_learning': 0.8520089492746352, 'sigma_boundary': 4.571325421670695, 'alpha': 0.5783954047334904}. Best is trial 20 with value: 0.021634679990854996.
[I 2026-03-25 08:45:39,661] Trial 48 finished with value: 0.08318722999781387 and parameters: {'sigma_noise': 0.1831800361845802, 'A_repulsion': 0.2265057794382117, 'gamma': 0.47104153752224803, 'sigma_update': 0.45069583938234686, 'eta_learning': 0.2955981921235666, 'sigma_boundary': 3.979441978143147, 'alpha': 0.5597667479659176}. Best is trial 20 with value: 0.021634679990854996.
[I 2026-03-25 08:45:45,755] Trial 49 finished with value: 0.0422532438342883 and parameters: {'sigma_noise': 0.1511725219522868, 'A_repulsion': 0.28298399778173683, 'gamma': 0.5981422470974121, 'sigma_update': 0.20724320609847158, 'eta_learning': 0.3883818839783422, 'sigma_boundary': 4.505136609942657, 'alpha': 0.45417455461856415}. Best is trial 20 with value: 0.021634679990854996.
[I 2026-03-25 08:45:51,338] Trial 56 finished with value: 0.07457238352031348 and parameters: {'sigma_noise': 0.1201860436772579, 'A_repulsion': 0.25519362959932873, 'gamma': 0.7849961757334954, 'sigma_update': 0.4526383342475613, 'eta_learning': 0.45130028649691184, 'sigma_boundary': 6.326177006110126, 'alpha': 0.41178176492299035}. Best is trial 20 with value: 0.021634679990854996.
[I 2026-03-25 08:45:51,753] Trial 50 finished with value: 0.16060926419438 and parameters: {'sigma_noise': 0.21814080968251276, 'A_repulsion': 0.21884499000992008, 'gamma': 0.4283556115427397, 'sigma_update': 0.38644899124785076, 'eta_learning': 0.48340676619191936, 'sigma_boundary': 5.444341249482667, 'alpha': 0.36937689460895223}. Best is trial 20 with value: 0.021634679990854996.
[I 2026-03-25 08:45:52,280] Trial 60 finished with value: 0.04235896736386761 and parameters: {'sigma_noise': 0.11453961488774787, 'A_repulsion': 0.14191364446423424, 'gamma': 0.4984234827827413, 'sigma_update': 0.3324959961832544, 'eta_learning': 0.34767916940629523, 'sigma_boundary': 3.9235004352080907, 'alpha': 0.5664527325381534}. Best is trial 20 with value: 0.021634679990854996.
[I 2026-03-25 08:45:57,055] Trial 51 finished with value: 0.161405586810613 and parameters: {'sigma_noise': 0.22736495852311583, 'A_repulsion': 0.2627583799194788, 'gamma': 0.37373519780805886, 'sigma_update': 0.45640603482311454, 'eta_learning': 0.5173718896812123, 'sigma_boundary': 5.9904070081836975, 'alpha': 0.43606953281496175}. Best is trial 20 with value: 0.021634679990854996.
[I 2026-03-25 08:45:57,444] Trial 65 finished with value: 0.04550646815914215 and parameters: {'sigma_noise': 0.017015787167152706, 'A_repulsion': 0.24770976945604295, 'gamma': 0.35390199975936004, 'sigma_update': 0.37764775461616906, 'eta_learning': 0.6780474963309423, 'sigma_boundary': 6.181804360901047, 'alpha': 0.6347115193509761}. Best is trial 20 with value: 0.021634679990854996.
[I 2026-03-25 08:45:57,488] Trial 62 finished with value: 0.04129303979352474 and parameters: {'sigma_noise': 0.16261033208779355, 'A_repulsion': 0.08468845262851232, 'gamma': 0.26901920322312683, 'sigma_update': 0.30015085793723284, 'eta_learning': 0.4285926948272743, 'sigma_boundary': 5.0158612608173625, 'alpha': 0.7475319811534729}. Best is trial 20 with value: 0.021634679990854996.
